<?xml version="1.0" encoding="UTF-8"?>
<testsuites name="AdminSuiteBootstrap_Payments_TestSuite" time="7545.035" tests="22" failures="0" errors="0">
   <testsuite name="AdminSuiteBootstrap_Payments_TestSuite" tests="22" failures="0" errors="0" time="7545.035" skipped="0" timestamp="2022-03-31 22:59:17" hostname="imtiaz - DESKTOP-B2QI6NS.govolution.com" id="Test Suites/AdminSuiteBootstrap_TestSuite/AdminSuiteBootstrap_Payments_TestSuite">
      <properties>
         <property name="deviceName" value=""/>
         <property name="devicePlatform" value=""/>
         <property name="logFolder" value="E:\\Cloned-Project-Katalon\\VPS-Katalon\\Reports\\20220331_225912\\AdminSuiteBootstrap_TestSuite\\AdminSuiteBootstrap_Payments_TestSuite\\20220331_225912"/>
         <property name="logFiles" value="E:\\Cloned-Project-Katalon\\VPS-Katalon\\Reports\\20220331_225912\\AdminSuiteBootstrap_TestSuite\\AdminSuiteBootstrap_Payments_TestSuite\\20220331_225912\\execution0.log, E:\\Cloned-Project-Katalon\\VPS-Katalon\\Reports\\20220331_225912\\AdminSuiteBootstrap_TestSuite\\AdminSuiteBootstrap_Payments_TestSuite\\20220331_225912\\execution1.log"/>
         <property name="attachments" value=""/>
         <property name="hostName" value="imtiaz - DESKTOP-B2QI6NS.govolution.com"/>
         <property name="os" value="Windows 10 64bit"/>
         <property name="katalonVersion" value="8.2.5.208"/>
         <property name="browser" value="Chrome 99.0.4844.84"/>
         <property name="hostAddress" value="172.31.253.180"/>
         <property name="sessionId" value="96c1648b40493e8b6f12587f02de83d8"/>
         <property name="seleniumVersion" value="3.141.59"/>
         <property name="proxyInformation" value="ProxyInformation { proxyOption=NO_PROXY, proxyServerType=HTTP, username=, password=********, proxyServerAddress=, proxyServerPort=0, executionList=&quot;&quot;, isApplyToDesiredCapabilities=true }"/>
         <property name="platform" value="Windows 10"/>
      </properties>
      <testcase name="Test Cases/Admin Suite Bootstrap/VT_TestCases/SaleKeyboard_TP_DualCF_Generic_Payment_TC" time="425.295" classname="Test Cases/Admin Suite Bootstrap/VT_TestCases/SaleKeyboard_TP_DualCF_Generic_Payment_TC" status="PASSED">
         <system-out><![CDATA[2022-03-31 22:59:17 - [TEST_CASE][PASSED] - Test Cases/Admin Suite Bootstrap/VT_TestCases/SaleKeyboard_TP_DualCF_Generic_Payment_TC: Test Cases/Admin Suite Bootstrap/VT_TestCases/SaleKeyboard_TP_DualCF_Generic_Payment_TC

2022-03-31 22:59:18 - [TEST_STEP][PASSED] - path_Dashboard = "Object Repository/AdminSuiteBootstrap_Pages/Dashboard_Bootstrap/": null

2022-03-31 22:59:18 - [TEST_STEP][PASSED] - path_VT = "Object Repository/AdminSuiteBootstrap_Pages/VT_Bootstrap/IssueTransactions/": null

2022-03-31 22:59:18 - [TEST_STEP][PASSED] - path_SaleKB = "Object Repository/AdminSuiteBootstrap_Pages/VT_Bootstrap/SaleKeyboard/": null

2022-03-31 22:59:18 - [TEST_STEP][PASSED] - path_TestMinus = "Object Repository/Page_TestMinusAndAtSigns/": null

2022-03-31 22:59:18 - [TEST_STEP][PASSED] - li_1 = vpos_Prefix: null

2022-03-31 22:59:18 - [TEST_STEP][PASSED] - li_2 = "/transactions/AuthCapForm/": null

2022-03-31 22:59:18 - [TEST_STEP][PASSED] - executionProfile = getExecutionProfile(): null

2022-03-31 22:59:18 - [TEST_STEP][PASSED] - out.println("executionProfile : " + executionProfile): null

2022-03-31 22:59:18 - [TEST_STEP][PASSED] - appName = <not implemented yet for class: org.codehaus.groovy.ast.expr.EmptyExpression>: null

2022-03-31 22:59:18 - [TEST_STEP][PASSED] - appID = <not implemented yet for class: org.codehaus.groovy.ast.expr.EmptyExpression>: null

2022-03-31 22:59:18 - [TEST_STEP][PASSED] - cardNameV = <not implemented yet for class: org.codehaus.groovy.ast.expr.EmptyExpression>: null

2022-03-31 22:59:18 - [TEST_STEP][PASSED] - al1V = <not implemented yet for class: org.codehaus.groovy.ast.expr.EmptyExpression>: null

2022-03-31 22:59:18 - [TEST_STEP][PASSED] - al2V = <not implemented yet for class: org.codehaus.groovy.ast.expr.EmptyExpression>: null

2022-03-31 22:59:18 - [TEST_STEP][PASSED] - zipV = <not implemented yet for class: org.codehaus.groovy.ast.expr.EmptyExpression>: null

2022-03-31 22:59:18 - [TEST_STEP][PASSED] - cardTypeV = <not implemented yet for class: org.codehaus.groovy.ast.expr.EmptyExpression>: null

2022-03-31 22:59:18 - [TEST_STEP][PASSED] - last4V = <not implemented yet for class: org.codehaus.groovy.ast.expr.EmptyExpression>: null

2022-03-31 22:59:18 - [TEST_STEP][PASSED] - resText = "Fail": null

2022-03-31 22:59:18 - [TEST_STEP][PASSED] - resColumn = "Result": null

2022-03-31 22:59:18 - [TEST_STEP][PASSED] - datCloumn = "Date": null

2022-03-31 22:59:18 - [TEST_STEP][PASSED] - fileLoc = "C:\KatalonData\Bootstrap\VT-Data.xlsx": null

2022-03-31 22:59:18 - [TEST_STEP][PASSED] - numOfRows = <not implemented yet for class: org.codehaus.groovy.ast.expr.EmptyExpression>: null

2022-03-31 22:59:18 - [TEST_STEP][PASSED] - dataFile = <not implemented yet for class: org.codehaus.groovy.ast.expr.EmptyExpression>: null

2022-03-31 22:59:18 - [TEST_STEP][PASSED] - nameSheet = <not implemented yet for class: org.codehaus.groovy.ast.expr.EmptyExpression>: null

2022-03-31 22:59:18 - [TEST_STEP][PASSED] - nameSheet = "VT-Sale-DualCF-Generic": null

2022-03-31 22:59:18 - [TEST_STEP][PASSED] - numOfRows = findTestData("QA/Bootstrap/VT-TestData/VT-SaleData-DualCF-Generic").getRowNumbers(): null

2022-03-31 22:59:19 - [TEST_STEP][PASSED] - println("Number of Records: " + numOfRows): null

2022-03-31 22:59:19 - [TEST_STEP][PASSED] - dataFile = "QA/Bootstrap/VT-TestData/VT-SaleData-DualCF-Generic": null

2022-03-31 22:59:19 - [TEST_STEP][PASSED] - for ([row = 1, row <= numOfRows, (row++)]): Browser is closed

2022-03-31 22:59:19 - [TEST_STEP][PASSED] - ExecuteTC = findTestData(dataFile).getValue("Execute", row): null

2022-03-31 22:59:19 - [TEST_STEP][PASSED] - out.println("Value of Execute is : " + ExecuteTC): null

2022-03-31 22:59:19 - [TEST_STEP][PASSED] - switch (executionProfile): null

2022-03-31 22:59:19 - [TEST_STEP][PASSED] - case "QAProfile":: null

2022-03-31 22:59:19 - [TEST_STEP][PASSED] - appName = findTestData(dataFile).getValue("AppNameQA", row): null

2022-03-31 22:59:20 - [TEST_STEP][PASSED] - appID = findTestData(dataFile).getValue("AppIDQA", row): null

2022-03-31 22:59:20 - [TEST_STEP][PASSED] - break: null

2022-03-31 22:59:20 - [TEST_STEP][PASSED] - hrefAppID = li_1 + appID + li_2: null

2022-03-31 22:59:20 - [TEST_STEP][PASSED] - hrefApp = li_1 + appID + "/": null

2022-03-31 22:59:20 - [TEST_STEP][PASSED] - println("hrefApp : " + hrefApp): null

2022-03-31 22:59:20 - [TEST_STEP][PASSED] - if (ExecuteTC.equalsIgnoreCase("Y")): Browser is closed

2022-03-31 22:59:20 - [TEST_STEP][PASSED] - out.println("Begin Record Number: " + row): null

2022-03-31 22:59:20 - [TEST_STEP][PASSED] - today = new java.util.Date(): null

2022-03-31 22:59:20 - [TEST_STEP][PASSED] - println(today): null

2022-03-31 22:59:20 - [TEST_STEP][PASSED] - datText = today: null

2022-03-31 22:59:20 - [TEST_STEP][PASSED] - adminSuiteBootstrap.loginFunctionality.login_AdminSuite(): adminSuiteBootstrap.loginFunctionality.login_AdminSuite is PASSED

2022-03-31 22:59:20 - [MESSAGE][INFO] - Starting 'Chrome' driver

2022-03-31 22:59:20 - [MESSAGE][INFO] - User set preference: ['acceptInsecureCerts', 'true']

2022-03-31 22:59:20 - [MESSAGE][INFO] - Action delay is set to 0 milliseconds

2022-03-31 22:59:24 - [MESSAGE][PASSED] - Browser is opened with url: 'https://qa.velocitypayment.com/admin/imtiaz'

2022-03-31 22:59:24 - [MESSAGE][PASSED] - Current window maximized

2022-03-31 22:59:25 - [MESSAGE][PASSED] - Object 'Object Repository/Login_Page/Login_Username' is present

2022-03-31 22:59:26 - [MESSAGE][PASSED] - Text 'iahmed' is set on object 'Object Repository/Login_Page/Login_Username'

2022-03-31 22:59:26 - [MESSAGE][PASSED] - Text 'hello2222' is set on object 'Object Repository/Login_Page/Login_Password'

2022-03-31 22:59:29 - [MESSAGE][PASSED] - Object: 'Object Repository/Login_Page/Login_Submit' is clicked on

2022-03-31 22:59:29 - [MESSAGE][PASSED] - adminSuiteBootstrap.loginFunctionality.login_AdminSuite is PASSED

2022-03-31 22:59:29 - [TEST_STEP][PASSED] - click(findTestObject(path_Dashboard + appName)): Object: 'Object Repository/AdminSuiteBootstrap_Pages/Dashboard_Bootstrap/a_Access AutoDualCFtpQA' is clicked on

2022-03-31 22:59:30 - [MESSAGE][PASSED] - Object: 'Object Repository/AdminSuiteBootstrap_Pages/Dashboard_Bootstrap/a_Access AutoDualCFtpQA' is clicked on

2022-03-31 22:59:30 - [TEST_STEP][PASSED] - click(findTestObject(path_VT + "button_Authorization  Capture (Sale)")): Object: 'Object Repository/AdminSuiteBootstrap_Pages/VT_Bootstrap/IssueTransactions/button_Authorization  Capture (Sale)' is clicked on

2022-03-31 22:59:31 - [MESSAGE][PASSED] - Object: 'Object Repository/AdminSuiteBootstrap_Pages/VT_Bootstrap/IssueTransactions/button_Authorization  Capture (Sale)' is clicked on

2022-03-31 22:59:31 - [TEST_STEP][PASSED] - saleKeyboardEntryLink = modifyObjectProperty(findTestObject(path_VT + "a_KeyboardEntry_Sale"), "href", "equals", hrefAppID, true): Modify property of object successfully

2022-03-31 22:59:31 - [MESSAGE][PASSED] - Modify property of object successfully

2022-03-31 22:59:31 - [TEST_STEP][PASSED] - click(saleKeyboardEntryLink): Object: 'Object Repository/AdminSuiteBootstrap_Pages/VT_Bootstrap/IssueTransactions/a_KeyboardEntry_Sale' is clicked on

2022-03-31 22:59:32 - [MESSAGE][PASSED] - Object: 'Object Repository/AdminSuiteBootstrap_Pages/VT_Bootstrap/IssueTransactions/a_KeyboardEntry_Sale' is clicked on

2022-03-31 22:59:32 - [TEST_STEP][PASSED] - adminSuiteBootstrap.virtualTerminalSetData.saleKeyboard_DataDriven(row, dataFile): adminSuiteBootstrap.virtualTerminalSetData.saleKeyboard_DataDriven is PASSED

2022-03-31 22:59:35 - [MESSAGE][PASSED] - Text 'Tulsi Raman' is set on object 'Object Repository/AdminSuiteBootstrap_Pages/VT_Bootstrap/SaleKeyboard/input_cardName'

2022-03-31 22:59:36 - [MESSAGE][PASSED] - All options with value 'RETL' are selected in object 'Object Repository/AdminSuiteBootstrap_Pages/VT_Bootstrap/SaleKeyboard/select_transactionCategory'  using regular expression

2022-03-31 22:59:37 - [MESSAGE][PASSED] - Execute JavaScript 'arguments[0].value ='4012000098765439' ' successfully

2022-03-31 22:59:37 - [MESSAGE][PASSED] - Execute JavaScript 'arguments[0].value ='123' ' successfully

2022-03-31 22:59:38 - [MESSAGE][PASSED] - All options with value '12' are selected in object 'Object Repository/AdminSuiteBootstrap_Pages/VT_Bootstrap/SaleKeyboard/select_MM'  using regular expression

2022-03-31 22:59:39 - [MESSAGE][PASSED] - All options with value '2025' are selected in object 'Object Repository/AdminSuiteBootstrap_Pages/VT_Bootstrap/SaleKeyboard/select_YYYY'  using regular expression

2022-03-31 22:59:40 - [MESSAGE][PASSED] - Text '36 Cornor Road' is set on object 'Object Repository/AdminSuiteBootstrap_Pages/VT_Bootstrap/SaleKeyboard/input__address'

2022-03-31 22:59:41 - [MESSAGE][PASSED] - Text 'Suite 500' is set on object 'Object Repository/AdminSuiteBootstrap_Pages/VT_Bootstrap/SaleKeyboard/input__address2'

2022-03-31 22:59:41 - [MESSAGE][PASSED] - Text '22201' is set on object 'Object Repository/AdminSuiteBootstrap_Pages/VT_Bootstrap/SaleKeyboard/input__zip'

2022-03-31 22:59:42 - [MESSAGE][PASSED] - Text '' is set on object 'Object Repository/AdminSuiteBootstrap_Pages/VT_Bootstrap/SaleKeyboard/input_emailAddress'

2022-03-31 22:59:44 - [MESSAGE][PASSED] - Text '' is set on object 'Object Repository/AdminSuiteBootstrap_Pages/VT_Bootstrap/SaleKeyboard/input_smsNumber'

2022-03-31 22:59:44 - [MESSAGE][PASSED] - Text '10.50' is set on object 'Object Repository/AdminSuiteBootstrap_Pages/VT_Bootstrap/SaleKeyboard/input_amount'

2022-03-31 22:59:45 - [MESSAGE][PASSED] - Text 'Australia' is set on object 'Object Repository/AdminSuiteBootstrap_Pages/VT_Bootstrap/SaleKeyboard/input_userDefined1'

2022-03-31 22:59:46 - [MESSAGE][PASSED] - Text 'Denmark' is set on object 'Object Repository/AdminSuiteBootstrap_Pages/VT_Bootstrap/SaleKeyboard/input_userDefined2'

2022-03-31 22:59:47 - [MESSAGE][PASSED] - Text 'Sweden' is set on object 'Object Repository/AdminSuiteBootstrap_Pages/VT_Bootstrap/SaleKeyboard/input_userDefined3'

2022-03-31 22:59:48 - [MESSAGE][PASSED] - Text 'Austria' is set on object 'Object Repository/AdminSuiteBootstrap_Pages/VT_Bootstrap/SaleKeyboard/input_userDefined4'

2022-03-31 22:59:48 - [MESSAGE][PASSED] - All options with label 'Orange' are selected in object 'Object Repository/AdminSuiteBootstrap_Pages/VT_Bootstrap/SaleKeyboard/select_UDF5_DropDown'  using regular expression

2022-03-31 22:59:49 - [MESSAGE][PASSED] - All options with label 'Yellow' are selected in object 'Object Repository/AdminSuiteBootstrap_Pages/VT_Bootstrap/SaleKeyboard/select_UDF6_DropDown'  using regular expression

2022-03-31 22:59:50 - [MESSAGE][PASSED] - Text 'Norway' is set on object 'Object Repository/AdminSuiteBootstrap_Pages/VT_Bootstrap/SaleKeyboard/input_userDefined7'

2022-03-31 22:59:51 - [MESSAGE][PASSED] - Text 'Netherlands' is set on object 'Object Repository/AdminSuiteBootstrap_Pages/VT_Bootstrap/SaleKeyboard/input_userDefined8'

2022-03-31 22:59:52 - [MESSAGE][PASSED] - Text 'Switzerland' is set on object 'Object Repository/AdminSuiteBootstrap_Pages/VT_Bootstrap/SaleKeyboard/input_userDefined9'

2022-03-31 22:59:52 - [MESSAGE][PASSED] - Text 'France' is set on object 'Object Repository/AdminSuiteBootstrap_Pages/VT_Bootstrap/SaleKeyboard/input_userDefined10'

2022-03-31 22:59:54 - [MESSAGE][PASSED] - Object: 'Object Repository/AdminSuiteBootstrap_Pages/VT_Bootstrap/SaleKeyboard/button_Submit' is clicked on

2022-03-31 22:59:54 - [MESSAGE][PASSED] - adminSuiteBootstrap.virtualTerminalSetData.saleKeyboard_DataDriven is PASSED

2022-03-31 22:59:54 - [TEST_STEP][PASSED] - verifyTextPresent("Transaction Successful", true): Text 'Transaction Successful' is present on page  using regular expression

2022-03-31 22:59:55 - [MESSAGE][PASSED] - Text 'Transaction Successful' is present on page  using regular expression

2022-03-31 22:59:55 - [TEST_STEP][PASSED] - verifyElementVisible(findTestObject("Object Repository/AdminSuiteBootstrap_Pages/VT_Bootstrap/Receipt/button_Continue")): Object 'Object Repository/AdminSuiteBootstrap_Pages/VT_Bootstrap/Receipt/button_Continue' is visible

2022-03-31 22:59:55 - [MESSAGE][PASSED] - Object 'Object Repository/AdminSuiteBootstrap_Pages/VT_Bootstrap/Receipt/button_Continue' is visible

2022-03-31 22:59:55 - [TEST_STEP][PASSED] - verifyElementPresent(findTestObject("Object Repository/AdminSuiteBootstrap_Pages/VT_Bootstrap/Receipt/button_Continue"), 20): Object 'Object Repository/AdminSuiteBootstrap_Pages/VT_Bootstrap/Receipt/button_Continue' is present

2022-03-31 22:59:56 - [MESSAGE][PASSED] - Object 'Object Repository/AdminSuiteBootstrap_Pages/VT_Bootstrap/Receipt/button_Continue' is present

2022-03-31 22:59:56 - [TEST_STEP][PASSED] - verifyElementVisible(findTestObject("Object Repository/AdminSuiteBootstrap_Pages/VT_Bootstrap/Receipt/button_Print")): Object 'Object Repository/AdminSuiteBootstrap_Pages/VT_Bootstrap/Receipt/button_Print' is visible

2022-03-31 22:59:56 - [MESSAGE][PASSED] - Object 'Object Repository/AdminSuiteBootstrap_Pages/VT_Bootstrap/Receipt/button_Print' is visible

2022-03-31 22:59:56 - [TEST_STEP][PASSED] - verifyElementPresent(findTestObject("Object Repository/AdminSuiteBootstrap_Pages/VT_Bootstrap/Receipt/button_Print"), 20): Object 'Object Repository/AdminSuiteBootstrap_Pages/VT_Bootstrap/Receipt/button_Print' is present

2022-03-31 22:59:56 - [MESSAGE][PASSED] - Object 'Object Repository/AdminSuiteBootstrap_Pages/VT_Bootstrap/Receipt/button_Print' is present

2022-03-31 22:59:56 - [TEST_STEP][PASSED] - verifyTextPresent("Remittance ID", true): Text 'Remittance ID' is present on page  using regular expression

2022-03-31 22:59:57 - [MESSAGE][PASSED] - Text 'Remittance ID' is present on page  using regular expression

2022-03-31 22:59:57 - [TEST_STEP][PASSED] - verifyTextPresent("Received", true): Text 'Received' is present on page  using regular expression

2022-03-31 22:59:57 - [MESSAGE][PASSED] - Text 'Received' is present on page  using regular expression

2022-03-31 22:59:57 - [TEST_STEP][PASSED] - verifyTextPresent("UDF1", true): Text 'UDF1' is present on page  using regular expression

2022-03-31 22:59:58 - [MESSAGE][PASSED] - Text 'UDF1' is present on page  using regular expression

2022-03-31 22:59:58 - [TEST_STEP][PASSED] - verifyTextPresent("UDF2", true): Text 'UDF2' is present on page  using regular expression

2022-03-31 22:59:58 - [MESSAGE][PASSED] - Text 'UDF2' is present on page  using regular expression

2022-03-31 22:59:58 - [TEST_STEP][PASSED] - verifyTextPresent("UDF3", true): Text 'UDF3' is present on page  using regular expression

2022-03-31 22:59:58 - [MESSAGE][PASSED] - Text 'UDF3' is present on page  using regular expression

2022-03-31 22:59:58 - [TEST_STEP][PASSED] - verifyTextPresent("UDF4", true): Text 'UDF4' is present on page  using regular expression

2022-03-31 22:59:59 - [MESSAGE][PASSED] - Text 'UDF4' is present on page  using regular expression

2022-03-31 22:59:59 - [TEST_STEP][PASSED] - verifyTextPresent("UDF5", true): Text 'UDF5' is present on page  using regular expression

2022-03-31 22:59:59 - [MESSAGE][PASSED] - Text 'UDF5' is present on page  using regular expression

2022-03-31 22:59:59 - [TEST_STEP][PASSED] - verifyTextPresent("UDF6", true): Text 'UDF6' is present on page  using regular expression

2022-03-31 22:59:59 - [MESSAGE][PASSED] - Text 'UDF6' is present on page  using regular expression

2022-03-31 22:59:59 - [TEST_STEP][PASSED] - verifyTextPresent("UDF7", true): Text 'UDF7' is present on page  using regular expression

2022-03-31 23:00:00 - [MESSAGE][PASSED] - Text 'UDF7' is present on page  using regular expression

2022-03-31 23:00:00 - [TEST_STEP][PASSED] - verifyTextPresent("UDF8", true): Text 'UDF8' is present on page  using regular expression

2022-03-31 23:00:00 - [MESSAGE][PASSED] - Text 'UDF8' is present on page  using regular expression

2022-03-31 23:00:00 - [TEST_STEP][PASSED] - verifyTextPresent("UDF9", true): Text 'UDF9' is present on page  using regular expression

2022-03-31 23:00:00 - [MESSAGE][PASSED] - Text 'UDF9' is present on page  using regular expression

2022-03-31 23:00:00 - [TEST_STEP][PASSED] - verifyTextPresent("UDF 10", true): Text 'UDF 10' is present on page  using regular expression

2022-03-31 23:00:00 - [MESSAGE][PASSED] - Text 'UDF 10' is present on page  using regular expression

2022-03-31 23:00:00 - [TEST_STEP][PASSED] - verifyTextPresent("Australia", true): Text 'Australia' is present on page  using regular expression

2022-03-31 23:00:01 - [MESSAGE][PASSED] - Text 'Australia' is present on page  using regular expression

2022-03-31 23:00:01 - [TEST_STEP][PASSED] - verifyTextPresent("Denmark", true): Text 'Denmark' is present on page  using regular expression

2022-03-31 23:00:01 - [MESSAGE][PASSED] - Text 'Denmark' is present on page  using regular expression

2022-03-31 23:00:01 - [TEST_STEP][PASSED] - verifyTextPresent("Sweden", true): Text 'Sweden' is present on page  using regular expression

2022-03-31 23:00:02 - [MESSAGE][PASSED] - Text 'Sweden' is present on page  using regular expression

2022-03-31 23:00:02 - [TEST_STEP][PASSED] - verifyTextPresent("Austria", true): Text 'Austria' is present on page  using regular expression

2022-03-31 23:00:02 - [MESSAGE][PASSED] - Text 'Austria' is present on page  using regular expression

2022-03-31 23:00:02 - [TEST_STEP][PASSED] - verifyTextPresent("Orange Recorded", true): Text 'Orange Recorded' is present on page  using regular expression

2022-03-31 23:00:02 - [MESSAGE][PASSED] - Text 'Orange Recorded' is present on page  using regular expression

2022-03-31 23:00:02 - [TEST_STEP][PASSED] - verifyTextPresent("Yellow Recorded", true): Text 'Yellow Recorded' is present on page  using regular expression

2022-03-31 23:00:03 - [MESSAGE][PASSED] - Text 'Yellow Recorded' is present on page  using regular expression

2022-03-31 23:00:03 - [TEST_STEP][PASSED] - verifyTextPresent("Norway", true): Text 'Norway' is present on page  using regular expression

2022-03-31 23:00:03 - [MESSAGE][PASSED] - Text 'Norway' is present on page  using regular expression

2022-03-31 23:00:03 - [TEST_STEP][PASSED] - verifyTextPresent("Netherlands", true): Text 'Netherlands' is present on page  using regular expression

2022-03-31 23:00:03 - [MESSAGE][PASSED] - Text 'Netherlands' is present on page  using regular expression

2022-03-31 23:00:03 - [TEST_STEP][PASSED] - verifyTextPresent("Switzerland", true): Text 'Switzerland' is present on page  using regular expression

2022-03-31 23:00:04 - [MESSAGE][PASSED] - Text 'Switzerland' is present on page  using regular expression

2022-03-31 23:00:04 - [TEST_STEP][PASSED] - verifyTextPresent("France", true): Text 'France' is present on page  using regular expression

2022-03-31 23:00:04 - [MESSAGE][PASSED] - Text 'France' is present on page  using regular expression

2022-03-31 23:00:04 - [TEST_STEP][PASSED] - verifyTextPresent("Card Information", true): Text 'Card Information' is present on page  using regular expression

2022-03-31 23:00:04 - [MESSAGE][PASSED] - Text 'Card Information' is present on page  using regular expression

2022-03-31 23:00:04 - [TEST_STEP][PASSED] - verifyTextPresent("Amount", true): Text 'Amount' is present on page  using regular expression

2022-03-31 23:00:05 - [MESSAGE][PASSED] - Text 'Amount' is present on page  using regular expression

2022-03-31 23:00:05 - [TEST_STEP][PASSED] - verifyTextPresent("Service Fee", true): Text 'Service Fee' is present on page  using regular expression

2022-03-31 23:00:05 - [MESSAGE][PASSED] - Text 'Service Fee' is present on page  using regular expression

2022-03-31 23:00:05 - [TEST_STEP][PASSED] - verifyTextPresent("Service Fee Type", true): Text 'Service Fee Type' is present on page  using regular expression

2022-03-31 23:00:05 - [MESSAGE][PASSED] - Text 'Service Fee Type' is present on page  using regular expression

2022-03-31 23:00:05 - [TEST_STEP][PASSED] - verifyTextPresent("Total Amount", true): Text 'Total Amount' is present on page  using regular expression

2022-03-31 23:00:06 - [MESSAGE][PASSED] - Text 'Total Amount' is present on page  using regular expression

2022-03-31 23:00:06 - [TEST_STEP][PASSED] - verifyTextPresent("Transaction Type", true): Text 'Transaction Type' is present on page  using regular expression

2022-03-31 23:00:06 - [MESSAGE][PASSED] - Text 'Transaction Type' is present on page  using regular expression

2022-03-31 23:00:06 - [TEST_STEP][PASSED] - verifyTextPresent("10.50", true): Text '10.50' is present on page  using regular expression

2022-03-31 23:00:06 - [MESSAGE][PASSED] - Text '10.50' is present on page  using regular expression

2022-03-31 23:00:06 - [TEST_STEP][PASSED] - verifyTextPresent("5.00", true): Text '5.00' is present on page  using regular expression

2022-03-31 23:00:07 - [MESSAGE][PASSED] - Text '5.00' is present on page  using regular expression

2022-03-31 23:00:07 - [TEST_STEP][PASSED] - verifyTextPresent("Dual Transaction", true): Text 'Dual Transaction' is present on page  using regular expression

2022-03-31 23:00:07 - [MESSAGE][PASSED] - Text 'Dual Transaction' is present on page  using regular expression

2022-03-31 23:00:07 - [TEST_STEP][PASSED] - verifyTextPresent("15.50", true): Text '15.50' is present on page  using regular expression

2022-03-31 23:00:07 - [MESSAGE][PASSED] - Text '15.50' is present on page  using regular expression

2022-03-31 23:00:07 - [TEST_STEP][PASSED] - verifyTextPresent("Authorization and Capture", true): Text 'Authorization and Capture' is present on page  using regular expression

2022-03-31 23:00:08 - [MESSAGE][PASSED] - Text 'Authorization and Capture' is present on page  using regular expression

2022-03-31 23:00:08 - [TEST_STEP][PASSED] - cardNameV = findTestData(dataFile).getValue("CardNameV", row): null

2022-03-31 23:00:08 - [TEST_STEP][PASSED] - al1V = findTestData(dataFile).getValue("AL1", row): null

2022-03-31 23:00:08 - [TEST_STEP][PASSED] - al2V = findTestData(dataFile).getValue("AL2", row): null

2022-03-31 23:00:08 - [TEST_STEP][PASSED] - zipV = findTestData(dataFile).getValue("ZIP", row): null

2022-03-31 23:00:08 - [TEST_STEP][PASSED] - cardTypeV = findTestData(dataFile).getValue("CardType", row): null

2022-03-31 23:00:08 - [TEST_STEP][PASSED] - last4V = findTestData(dataFile).getValue("Last4", row): null

2022-03-31 23:00:08 - [TEST_STEP][PASSED] - verifyTextPresent(cardNameV, true): Text 'TULSI RAMAN' is present on page  using regular expression

2022-03-31 23:00:09 - [MESSAGE][PASSED] - Text 'TULSI RAMAN' is present on page  using regular expression

2022-03-31 23:00:09 - [TEST_STEP][PASSED] - verifyTextPresent("Address Line 1", true): Text 'Address Line 1' is present on page  using regular expression

2022-03-31 23:00:09 - [MESSAGE][PASSED] - Text 'Address Line 1' is present on page  using regular expression

2022-03-31 23:00:09 - [TEST_STEP][PASSED] - verifyTextPresent("Address Line 2", true): Text 'Address Line 2' is present on page  using regular expression

2022-03-31 23:00:09 - [MESSAGE][PASSED] - Text 'Address Line 2' is present on page  using regular expression

2022-03-31 23:00:09 - [TEST_STEP][PASSED] - verifyTextPresent("Country", true): Text 'Country' is present on page  using regular expression

2022-03-31 23:00:10 - [MESSAGE][PASSED] - Text 'Country' is present on page  using regular expression

2022-03-31 23:00:10 - [TEST_STEP][PASSED] - verifyTextPresent("City", true): Text 'City' is present on page  using regular expression

2022-03-31 23:00:10 - [MESSAGE][PASSED] - Text 'City' is present on page  using regular expression

2022-03-31 23:00:10 - [TEST_STEP][PASSED] - verifyTextPresent("State", true): Text 'State' is present on page  using regular expression

2022-03-31 23:00:11 - [MESSAGE][PASSED] - Text 'State' is present on page  using regular expression

2022-03-31 23:00:11 - [TEST_STEP][PASSED] - verifyTextPresent("ZIP Code", true): Text 'ZIP Code' is present on page  using regular expression

2022-03-31 23:00:11 - [MESSAGE][PASSED] - Text 'ZIP Code' is present on page  using regular expression

2022-03-31 23:00:11 - [TEST_STEP][PASSED] - verifyTextPresent(al1V, true): Text '36 Cornor Road' is present on page  using regular expression

2022-03-31 23:00:11 - [MESSAGE][PASSED] - Text '36 Cornor Road' is present on page  using regular expression

2022-03-31 23:00:11 - [TEST_STEP][PASSED] - verifyTextPresent(al2V, true): Text 'Suite 500' is present on page  using regular expression

2022-03-31 23:00:12 - [MESSAGE][PASSED] - Text 'Suite 500' is present on page  using regular expression

2022-03-31 23:00:12 - [TEST_STEP][PASSED] - verifyTextPresent("United States", true): Text 'United States' is present on page  using regular expression

2022-03-31 23:00:12 - [MESSAGE][PASSED] - Text 'United States' is present on page  using regular expression

2022-03-31 23:00:12 - [TEST_STEP][PASSED] - verifyTextPresent("ARLINGTON", true): Text 'ARLINGTON' is present on page  using regular expression

2022-03-31 23:00:12 - [MESSAGE][PASSED] - Text 'ARLINGTON' is present on page  using regular expression

2022-03-31 23:00:12 - [TEST_STEP][PASSED] - verifyTextPresent("Virginia", true): Text 'Virginia' is present on page  using regular expression

2022-03-31 23:00:13 - [MESSAGE][PASSED] - Text 'Virginia' is present on page  using regular expression

2022-03-31 23:00:13 - [TEST_STEP][PASSED] - verifyTextPresent(zipV, true): Text '22201' is present on page  using regular expression

2022-03-31 23:00:13 - [MESSAGE][PASSED] - Text '22201' is present on page  using regular expression

2022-03-31 23:00:13 - [TEST_STEP][PASSED] - verifyTextPresent(cardTypeV, true): Text 'Visa' is present on page  using regular expression

2022-03-31 23:00:13 - [MESSAGE][PASSED] - Text 'Visa' is present on page  using regular expression

2022-03-31 23:00:13 - [TEST_STEP][PASSED] - verifyTextPresent(last4V, true): Text '5439' is present on page  using regular expression

2022-03-31 23:00:14 - [MESSAGE][PASSED] - Text '5439' is present on page  using regular expression

2022-03-31 23:00:14 - [TEST_STEP][PASSED] - closeBrowser(): Browser is closed

2022-03-31 23:00:14 - [MESSAGE][PASSED] - Browser is closed

2022-03-31 23:00:14 - [TEST_STEP][PASSED] - ExecuteTC = findTestData(dataFile).getValue("Execute", row): null

2022-03-31 23:00:15 - [TEST_STEP][PASSED] - out.println("Value of Execute is : " + ExecuteTC): null

2022-03-31 23:00:15 - [TEST_STEP][PASSED] - switch (executionProfile): null

2022-03-31 23:00:15 - [TEST_STEP][PASSED] - case "QAProfile":: null

2022-03-31 23:00:15 - [TEST_STEP][PASSED] - appName = findTestData(dataFile).getValue("AppNameQA", row): null

2022-03-31 23:00:15 - [TEST_STEP][PASSED] - appID = findTestData(dataFile).getValue("AppIDQA", row): null

2022-03-31 23:00:15 - [TEST_STEP][PASSED] - break: null

2022-03-31 23:00:15 - [TEST_STEP][PASSED] - hrefAppID = li_1 + appID + li_2: null

2022-03-31 23:00:15 - [TEST_STEP][PASSED] - hrefApp = li_1 + appID + "/": null

2022-03-31 23:00:15 - [TEST_STEP][PASSED] - println("hrefApp : " + hrefApp): null

2022-03-31 23:00:15 - [TEST_STEP][PASSED] - if (ExecuteTC.equalsIgnoreCase("Y")): Browser is closed

2022-03-31 23:00:15 - [TEST_STEP][PASSED] - out.println("Begin Record Number: " + row): null

2022-03-31 23:00:15 - [TEST_STEP][PASSED] - today = new java.util.Date(): null

2022-03-31 23:00:15 - [TEST_STEP][PASSED] - println(today): null

2022-03-31 23:00:15 - [TEST_STEP][PASSED] - datText = today: null

2022-03-31 23:00:15 - [TEST_STEP][PASSED] - adminSuiteBootstrap.loginFunctionality.login_AdminSuite(): adminSuiteBootstrap.loginFunctionality.login_AdminSuite is PASSED

2022-03-31 23:00:15 - [MESSAGE][INFO] - Starting 'Chrome' driver

2022-03-31 23:00:15 - [MESSAGE][INFO] - User set preference: ['acceptInsecureCerts', 'true']

2022-03-31 23:00:15 - [MESSAGE][INFO] - Action delay is set to 0 milliseconds

2022-03-31 23:00:18 - [MESSAGE][PASSED] - Browser is opened with url: 'https://qa.velocitypayment.com/admin/imtiaz'

2022-03-31 23:00:18 - [MESSAGE][PASSED] - Current window maximized

2022-03-31 23:00:18 - [MESSAGE][PASSED] - Object 'Object Repository/Login_Page/Login_Username' is present

2022-03-31 23:00:19 - [MESSAGE][PASSED] - Text 'iahmed' is set on object 'Object Repository/Login_Page/Login_Username'

2022-03-31 23:00:20 - [MESSAGE][PASSED] - Text 'hello2222' is set on object 'Object Repository/Login_Page/Login_Password'

2022-03-31 23:00:22 - [MESSAGE][PASSED] - Object: 'Object Repository/Login_Page/Login_Submit' is clicked on

2022-03-31 23:00:22 - [MESSAGE][PASSED] - adminSuiteBootstrap.loginFunctionality.login_AdminSuite is PASSED

2022-03-31 23:00:22 - [TEST_STEP][PASSED] - click(findTestObject(path_Dashboard + appName)): Object: 'Object Repository/AdminSuiteBootstrap_Pages/Dashboard_Bootstrap/a_Access AutoDualCFtpQA' is clicked on

2022-03-31 23:00:23 - [MESSAGE][PASSED] - Object: 'Object Repository/AdminSuiteBootstrap_Pages/Dashboard_Bootstrap/a_Access AutoDualCFtpQA' is clicked on

2022-03-31 23:00:23 - [TEST_STEP][PASSED] - click(findTestObject(path_VT + "button_Authorization  Capture (Sale)")): Object: 'Object Repository/AdminSuiteBootstrap_Pages/VT_Bootstrap/IssueTransactions/button_Authorization  Capture (Sale)' is clicked on

2022-03-31 23:00:24 - [MESSAGE][PASSED] - Object: 'Object Repository/AdminSuiteBootstrap_Pages/VT_Bootstrap/IssueTransactions/button_Authorization  Capture (Sale)' is clicked on

2022-03-31 23:00:24 - [TEST_STEP][PASSED] - saleKeyboardEntryLink = modifyObjectProperty(findTestObject(path_VT + "a_KeyboardEntry_Sale"), "href", "equals", hrefAppID, true): Modify property of object successfully

2022-03-31 23:00:24 - [MESSAGE][PASSED] - Modify property of object successfully

2022-03-31 23:00:24 - [TEST_STEP][PASSED] - click(saleKeyboardEntryLink): Object: 'Object Repository/AdminSuiteBootstrap_Pages/VT_Bootstrap/IssueTransactions/a_KeyboardEntry_Sale' is clicked on

2022-03-31 23:00:25 - [MESSAGE][PASSED] - Object: 'Object Repository/AdminSuiteBootstrap_Pages/VT_Bootstrap/IssueTransactions/a_KeyboardEntry_Sale' is clicked on

2022-03-31 23:00:25 - [TEST_STEP][PASSED] - adminSuiteBootstrap.virtualTerminalSetData.saleKeyboard_DataDriven(row, dataFile): adminSuiteBootstrap.virtualTerminalSetData.saleKeyboard_DataDriven is PASSED

2022-03-31 23:00:28 - [MESSAGE][PASSED] - Text 'Tulsi Raman' is set on object 'Object Repository/AdminSuiteBootstrap_Pages/VT_Bootstrap/SaleKeyboard/input_cardName'

2022-03-31 23:00:29 - [MESSAGE][PASSED] - All options with value 'RETL' are selected in object 'Object Repository/AdminSuiteBootstrap_Pages/VT_Bootstrap/SaleKeyboard/select_transactionCategory'  using regular expression

2022-03-31 23:00:29 - [MESSAGE][PASSED] - Execute JavaScript 'arguments[0].value ='5146312200000035' ' successfully

2022-03-31 23:00:30 - [MESSAGE][PASSED] - Execute JavaScript 'arguments[0].value ='123' ' successfully

2022-03-31 23:00:31 - [MESSAGE][PASSED] - All options with value '12' are selected in object 'Object Repository/AdminSuiteBootstrap_Pages/VT_Bootstrap/SaleKeyboard/select_MM'  using regular expression

2022-03-31 23:00:32 - [MESSAGE][PASSED] - All options with value '2025' are selected in object 'Object Repository/AdminSuiteBootstrap_Pages/VT_Bootstrap/SaleKeyboard/select_YYYY'  using regular expression

2022-03-31 23:00:33 - [MESSAGE][PASSED] - Text '1478 Jhatka Palace' is set on object 'Object Repository/AdminSuiteBootstrap_Pages/VT_Bootstrap/SaleKeyboard/input__address'

2022-03-31 23:00:33 - [MESSAGE][PASSED] - Text 'Suite 500' is set on object 'Object Repository/AdminSuiteBootstrap_Pages/VT_Bootstrap/SaleKeyboard/input__address2'

2022-03-31 23:00:34 - [MESSAGE][PASSED] - Text '22201' is set on object 'Object Repository/AdminSuiteBootstrap_Pages/VT_Bootstrap/SaleKeyboard/input__zip'

2022-03-31 23:00:35 - [MESSAGE][PASSED] - Text '' is set on object 'Object Repository/AdminSuiteBootstrap_Pages/VT_Bootstrap/SaleKeyboard/input_emailAddress'

2022-03-31 23:00:36 - [MESSAGE][PASSED] - Text '' is set on object 'Object Repository/AdminSuiteBootstrap_Pages/VT_Bootstrap/SaleKeyboard/input_smsNumber'

2022-03-31 23:00:37 - [MESSAGE][PASSED] - Text '10.50' is set on object 'Object Repository/AdminSuiteBootstrap_Pages/VT_Bootstrap/SaleKeyboard/input_amount'

2022-03-31 23:00:38 - [MESSAGE][PASSED] - Text 'Australia' is set on object 'Object Repository/AdminSuiteBootstrap_Pages/VT_Bootstrap/SaleKeyboard/input_userDefined1'

2022-03-31 23:00:39 - [MESSAGE][PASSED] - Text 'Denmark' is set on object 'Object Repository/AdminSuiteBootstrap_Pages/VT_Bootstrap/SaleKeyboard/input_userDefined2'

2022-03-31 23:00:39 - [MESSAGE][PASSED] - Text 'Sweden' is set on object 'Object Repository/AdminSuiteBootstrap_Pages/VT_Bootstrap/SaleKeyboard/input_userDefined3'

2022-03-31 23:00:40 - [MESSAGE][PASSED] - Text 'Austria' is set on object 'Object Repository/AdminSuiteBootstrap_Pages/VT_Bootstrap/SaleKeyboard/input_userDefined4'

2022-03-31 23:00:41 - [MESSAGE][PASSED] - All options with label 'Orange' are selected in object 'Object Repository/AdminSuiteBootstrap_Pages/VT_Bootstrap/SaleKeyboard/select_UDF5_DropDown'  using regular expression

2022-03-31 23:00:42 - [MESSAGE][PASSED] - All options with label 'Yellow' are selected in object 'Object Repository/AdminSuiteBootstrap_Pages/VT_Bootstrap/SaleKeyboard/select_UDF6_DropDown'  using regular expression

2022-03-31 23:00:43 - [MESSAGE][PASSED] - Text 'Norway' is set on object 'Object Repository/AdminSuiteBootstrap_Pages/VT_Bootstrap/SaleKeyboard/input_userDefined7'

2022-03-31 23:00:44 - [MESSAGE][PASSED] - Text 'Netherlands' is set on object 'Object Repository/AdminSuiteBootstrap_Pages/VT_Bootstrap/SaleKeyboard/input_userDefined8'

2022-03-31 23:00:44 - [MESSAGE][PASSED] - Text 'Switzerland' is set on object 'Object Repository/AdminSuiteBootstrap_Pages/VT_Bootstrap/SaleKeyboard/input_userDefined9'

2022-03-31 23:00:45 - [MESSAGE][PASSED] - Text 'France' is set on object 'Object Repository/AdminSuiteBootstrap_Pages/VT_Bootstrap/SaleKeyboard/input_userDefined10'

2022-03-31 23:00:47 - [MESSAGE][PASSED] - Object: 'Object Repository/AdminSuiteBootstrap_Pages/VT_Bootstrap/SaleKeyboard/button_Submit' is clicked on

2022-03-31 23:00:47 - [MESSAGE][PASSED] - adminSuiteBootstrap.virtualTerminalSetData.saleKeyboard_DataDriven is PASSED

2022-03-31 23:00:47 - [TEST_STEP][PASSED] - verifyTextPresent("Transaction Successful", true): Text 'Transaction Successful' is present on page  using regular expression

2022-03-31 23:00:48 - [MESSAGE][PASSED] - Text 'Transaction Successful' is present on page  using regular expression

2022-03-31 23:00:48 - [TEST_STEP][PASSED] - verifyElementVisible(findTestObject("Object Repository/AdminSuiteBootstrap_Pages/VT_Bootstrap/Receipt/button_Continue")): Object 'Object Repository/AdminSuiteBootstrap_Pages/VT_Bootstrap/Receipt/button_Continue' is visible

2022-03-31 23:00:48 - [MESSAGE][PASSED] - Object 'Object Repository/AdminSuiteBootstrap_Pages/VT_Bootstrap/Receipt/button_Continue' is visible

2022-03-31 23:00:48 - [TEST_STEP][PASSED] - verifyElementPresent(findTestObject("Object Repository/AdminSuiteBootstrap_Pages/VT_Bootstrap/Receipt/button_Continue"), 20): Object 'Object Repository/AdminSuiteBootstrap_Pages/VT_Bootstrap/Receipt/button_Continue' is present

2022-03-31 23:00:49 - [MESSAGE][PASSED] - Object 'Object Repository/AdminSuiteBootstrap_Pages/VT_Bootstrap/Receipt/button_Continue' is present

2022-03-31 23:00:49 - [TEST_STEP][PASSED] - verifyElementVisible(findTestObject("Object Repository/AdminSuiteBootstrap_Pages/VT_Bootstrap/Receipt/button_Print")): Object 'Object Repository/AdminSuiteBootstrap_Pages/VT_Bootstrap/Receipt/button_Print' is visible

2022-03-31 23:00:49 - [MESSAGE][PASSED] - Object 'Object Repository/AdminSuiteBootstrap_Pages/VT_Bootstrap/Receipt/button_Print' is visible

2022-03-31 23:00:49 - [TEST_STEP][PASSED] - verifyElementPresent(findTestObject("Object Repository/AdminSuiteBootstrap_Pages/VT_Bootstrap/Receipt/button_Print"), 20): Object 'Object Repository/AdminSuiteBootstrap_Pages/VT_Bootstrap/Receipt/button_Print' is present

2022-03-31 23:00:49 - [MESSAGE][PASSED] - Object 'Object Repository/AdminSuiteBootstrap_Pages/VT_Bootstrap/Receipt/button_Print' is present

2022-03-31 23:00:49 - [TEST_STEP][PASSED] - verifyTextPresent("Remittance ID", true): Text 'Remittance ID' is present on page  using regular expression

2022-03-31 23:00:49 - [MESSAGE][PASSED] - Text 'Remittance ID' is present on page  using regular expression

2022-03-31 23:00:49 - [TEST_STEP][PASSED] - verifyTextPresent("Received", true): Text 'Received' is present on page  using regular expression

2022-03-31 23:00:50 - [MESSAGE][PASSED] - Text 'Received' is present on page  using regular expression

2022-03-31 23:00:50 - [TEST_STEP][PASSED] - verifyTextPresent("UDF1", true): Text 'UDF1' is present on page  using regular expression

2022-03-31 23:00:50 - [MESSAGE][PASSED] - Text 'UDF1' is present on page  using regular expression

2022-03-31 23:00:50 - [TEST_STEP][PASSED] - verifyTextPresent("UDF2", true): Text 'UDF2' is present on page  using regular expression

2022-03-31 23:00:51 - [MESSAGE][PASSED] - Text 'UDF2' is present on page  using regular expression

2022-03-31 23:00:51 - [TEST_STEP][PASSED] - verifyTextPresent("UDF3", true): Text 'UDF3' is present on page  using regular expression

2022-03-31 23:00:51 - [MESSAGE][PASSED] - Text 'UDF3' is present on page  using regular expression

2022-03-31 23:00:51 - [TEST_STEP][PASSED] - verifyTextPresent("UDF4", true): Text 'UDF4' is present on page  using regular expression

2022-03-31 23:00:51 - [MESSAGE][PASSED] - Text 'UDF4' is present on page  using regular expression

2022-03-31 23:00:51 - [TEST_STEP][PASSED] - verifyTextPresent("UDF5", true): Text 'UDF5' is present on page  using regular expression

2022-03-31 23:00:52 - [MESSAGE][PASSED] - Text 'UDF5' is present on page  using regular expression

2022-03-31 23:00:52 - [TEST_STEP][PASSED] - verifyTextPresent("UDF6", true): Text 'UDF6' is present on page  using regular expression

2022-03-31 23:00:52 - [MESSAGE][PASSED] - Text 'UDF6' is present on page  using regular expression

2022-03-31 23:00:52 - [TEST_STEP][PASSED] - verifyTextPresent("UDF7", true): Text 'UDF7' is present on page  using regular expression

2022-03-31 23:00:52 - [MESSAGE][PASSED] - Text 'UDF7' is present on page  using regular expression

2022-03-31 23:00:52 - [TEST_STEP][PASSED] - verifyTextPresent("UDF8", true): Text 'UDF8' is present on page  using regular expression

2022-03-31 23:00:53 - [MESSAGE][PASSED] - Text 'UDF8' is present on page  using regular expression

2022-03-31 23:00:53 - [TEST_STEP][PASSED] - verifyTextPresent("UDF9", true): Text 'UDF9' is present on page  using regular expression

2022-03-31 23:00:53 - [MESSAGE][PASSED] - Text 'UDF9' is present on page  using regular expression

2022-03-31 23:00:53 - [TEST_STEP][PASSED] - verifyTextPresent("UDF 10", true): Text 'UDF 10' is present on page  using regular expression

2022-03-31 23:00:53 - [MESSAGE][PASSED] - Text 'UDF 10' is present on page  using regular expression

2022-03-31 23:00:53 - [TEST_STEP][PASSED] - verifyTextPresent("Australia", true): Text 'Australia' is present on page  using regular expression

2022-03-31 23:00:54 - [MESSAGE][PASSED] - Text 'Australia' is present on page  using regular expression

2022-03-31 23:00:54 - [TEST_STEP][PASSED] - verifyTextPresent("Denmark", true): Text 'Denmark' is present on page  using regular expression

2022-03-31 23:00:54 - [MESSAGE][PASSED] - Text 'Denmark' is present on page  using regular expression

2022-03-31 23:00:54 - [TEST_STEP][PASSED] - verifyTextPresent("Sweden", true): Text 'Sweden' is present on page  using regular expression

2022-03-31 23:00:54 - [MESSAGE][PASSED] - Text 'Sweden' is present on page  using regular expression

2022-03-31 23:00:54 - [TEST_STEP][PASSED] - verifyTextPresent("Austria", true): Text 'Austria' is present on page  using regular expression

2022-03-31 23:00:55 - [MESSAGE][PASSED] - Text 'Austria' is present on page  using regular expression

2022-03-31 23:00:55 - [TEST_STEP][PASSED] - verifyTextPresent("Orange Recorded", true): Text 'Orange Recorded' is present on page  using regular expression

2022-03-31 23:00:55 - [MESSAGE][PASSED] - Text 'Orange Recorded' is present on page  using regular expression

2022-03-31 23:00:55 - [TEST_STEP][PASSED] - verifyTextPresent("Yellow Recorded", true): Text 'Yellow Recorded' is present on page  using regular expression

2022-03-31 23:00:55 - [MESSAGE][PASSED] - Text 'Yellow Recorded' is present on page  using regular expression

2022-03-31 23:00:55 - [TEST_STEP][PASSED] - verifyTextPresent("Norway", true): Text 'Norway' is present on page  using regular expression

2022-03-31 23:00:56 - [MESSAGE][PASSED] - Text 'Norway' is present on page  using regular expression

2022-03-31 23:00:56 - [TEST_STEP][PASSED] - verifyTextPresent("Netherlands", true): Text 'Netherlands' is present on page  using regular expression

2022-03-31 23:00:56 - [MESSAGE][PASSED] - Text 'Netherlands' is present on page  using regular expression

2022-03-31 23:00:56 - [TEST_STEP][PASSED] - verifyTextPresent("Switzerland", true): Text 'Switzerland' is present on page  using regular expression

2022-03-31 23:00:56 - [MESSAGE][PASSED] - Text 'Switzerland' is present on page  using regular expression

2022-03-31 23:00:56 - [TEST_STEP][PASSED] - verifyTextPresent("France", true): Text 'France' is present on page  using regular expression

2022-03-31 23:00:57 - [MESSAGE][PASSED] - Text 'France' is present on page  using regular expression

2022-03-31 23:00:57 - [TEST_STEP][PASSED] - verifyTextPresent("Card Information", true): Text 'Card Information' is present on page  using regular expression

2022-03-31 23:00:57 - [MESSAGE][PASSED] - Text 'Card Information' is present on page  using regular expression

2022-03-31 23:00:57 - [TEST_STEP][PASSED] - verifyTextPresent("Amount", true): Text 'Amount' is present on page  using regular expression

2022-03-31 23:00:57 - [MESSAGE][PASSED] - Text 'Amount' is present on page  using regular expression

2022-03-31 23:00:57 - [TEST_STEP][PASSED] - verifyTextPresent("Service Fee", true): Text 'Service Fee' is present on page  using regular expression

2022-03-31 23:00:58 - [MESSAGE][PASSED] - Text 'Service Fee' is present on page  using regular expression

2022-03-31 23:00:58 - [TEST_STEP][PASSED] - verifyTextPresent("Service Fee Type", true): Text 'Service Fee Type' is present on page  using regular expression

2022-03-31 23:00:58 - [MESSAGE][PASSED] - Text 'Service Fee Type' is present on page  using regular expression

2022-03-31 23:00:58 - [TEST_STEP][PASSED] - verifyTextPresent("Total Amount", true): Text 'Total Amount' is present on page  using regular expression

2022-03-31 23:00:58 - [MESSAGE][PASSED] - Text 'Total Amount' is present on page  using regular expression

2022-03-31 23:00:58 - [TEST_STEP][PASSED] - verifyTextPresent("Transaction Type", true): Text 'Transaction Type' is present on page  using regular expression

2022-03-31 23:00:59 - [MESSAGE][PASSED] - Text 'Transaction Type' is present on page  using regular expression

2022-03-31 23:00:59 - [TEST_STEP][PASSED] - verifyTextPresent("10.50", true): Text '10.50' is present on page  using regular expression

2022-03-31 23:00:59 - [MESSAGE][PASSED] - Text '10.50' is present on page  using regular expression

2022-03-31 23:00:59 - [TEST_STEP][PASSED] - verifyTextPresent("5.00", true): Text '5.00' is present on page  using regular expression

2022-03-31 23:00:59 - [MESSAGE][PASSED] - Text '5.00' is present on page  using regular expression

2022-03-31 23:00:59 - [TEST_STEP][PASSED] - verifyTextPresent("Dual Transaction", true): Text 'Dual Transaction' is present on page  using regular expression

2022-03-31 23:01:00 - [MESSAGE][PASSED] - Text 'Dual Transaction' is present on page  using regular expression

2022-03-31 23:01:00 - [TEST_STEP][PASSED] - verifyTextPresent("15.50", true): Text '15.50' is present on page  using regular expression

2022-03-31 23:01:00 - [MESSAGE][PASSED] - Text '15.50' is present on page  using regular expression

2022-03-31 23:01:00 - [TEST_STEP][PASSED] - verifyTextPresent("Authorization and Capture", true): Text 'Authorization and Capture' is present on page  using regular expression

2022-03-31 23:01:00 - [MESSAGE][PASSED] - Text 'Authorization and Capture' is present on page  using regular expression

2022-03-31 23:01:00 - [TEST_STEP][PASSED] - cardNameV = findTestData(dataFile).getValue("CardNameV", row): null

2022-03-31 23:01:00 - [TEST_STEP][PASSED] - al1V = findTestData(dataFile).getValue("AL1", row): null

2022-03-31 23:01:01 - [TEST_STEP][PASSED] - al2V = findTestData(dataFile).getValue("AL2", row): null

2022-03-31 23:01:01 - [TEST_STEP][PASSED] - zipV = findTestData(dataFile).getValue("ZIP", row): null

2022-03-31 23:01:01 - [TEST_STEP][PASSED] - cardTypeV = findTestData(dataFile).getValue("CardType", row): null

2022-03-31 23:01:01 - [TEST_STEP][PASSED] - last4V = findTestData(dataFile).getValue("Last4", row): null

2022-03-31 23:01:01 - [TEST_STEP][PASSED] - verifyTextPresent(cardNameV, true): Text 'TULSI RAMAN' is present on page  using regular expression

2022-03-31 23:01:01 - [MESSAGE][PASSED] - Text 'TULSI RAMAN' is present on page  using regular expression

2022-03-31 23:01:01 - [TEST_STEP][PASSED] - verifyTextPresent("Address Line 1", true): Text 'Address Line 1' is present on page  using regular expression

2022-03-31 23:01:02 - [MESSAGE][PASSED] - Text 'Address Line 1' is present on page  using regular expression

2022-03-31 23:01:02 - [TEST_STEP][PASSED] - verifyTextPresent("Address Line 2", true): Text 'Address Line 2' is present on page  using regular expression

2022-03-31 23:01:02 - [MESSAGE][PASSED] - Text 'Address Line 2' is present on page  using regular expression

2022-03-31 23:01:02 - [TEST_STEP][PASSED] - verifyTextPresent("Country", true): Text 'Country' is present on page  using regular expression

2022-03-31 23:01:02 - [MESSAGE][PASSED] - Text 'Country' is present on page  using regular expression

2022-03-31 23:01:02 - [TEST_STEP][PASSED] - verifyTextPresent("City", true): Text 'City' is present on page  using regular expression

2022-03-31 23:01:03 - [MESSAGE][PASSED] - Text 'City' is present on page  using regular expression

2022-03-31 23:01:03 - [TEST_STEP][PASSED] - verifyTextPresent("State", true): Text 'State' is present on page  using regular expression

2022-03-31 23:01:03 - [MESSAGE][PASSED] - Text 'State' is present on page  using regular expression

2022-03-31 23:01:03 - [TEST_STEP][PASSED] - verifyTextPresent("ZIP Code", true): Text 'ZIP Code' is present on page  using regular expression

2022-03-31 23:01:03 - [MESSAGE][PASSED] - Text 'ZIP Code' is present on page  using regular expression

2022-03-31 23:01:03 - [TEST_STEP][PASSED] - verifyTextPresent(al1V, true): Text '1478 Jhatka Palace' is present on page  using regular expression

2022-03-31 23:01:04 - [MESSAGE][PASSED] - Text '1478 Jhatka Palace' is present on page  using regular expression

2022-03-31 23:01:04 - [TEST_STEP][PASSED] - verifyTextPresent(al2V, true): Text 'Suite 500' is present on page  using regular expression

2022-03-31 23:01:04 - [MESSAGE][PASSED] - Text 'Suite 500' is present on page  using regular expression

2022-03-31 23:01:04 - [TEST_STEP][PASSED] - verifyTextPresent("United States", true): Text 'United States' is present on page  using regular expression

2022-03-31 23:01:04 - [MESSAGE][PASSED] - Text 'United States' is present on page  using regular expression

2022-03-31 23:01:04 - [TEST_STEP][PASSED] - verifyTextPresent("ARLINGTON", true): Text 'ARLINGTON' is present on page  using regular expression

2022-03-31 23:01:05 - [MESSAGE][PASSED] - Text 'ARLINGTON' is present on page  using regular expression

2022-03-31 23:01:05 - [TEST_STEP][PASSED] - verifyTextPresent("Virginia", true): Text 'Virginia' is present on page  using regular expression

2022-03-31 23:01:05 - [MESSAGE][PASSED] - Text 'Virginia' is present on page  using regular expression

2022-03-31 23:01:05 - [TEST_STEP][PASSED] - verifyTextPresent(zipV, true): Text '22201' is present on page  using regular expression

2022-03-31 23:01:05 - [MESSAGE][PASSED] - Text '22201' is present on page  using regular expression

2022-03-31 23:01:05 - [TEST_STEP][PASSED] - verifyTextPresent(cardTypeV, true): Text 'MasterCard' is present on page  using regular expression

2022-03-31 23:01:06 - [MESSAGE][PASSED] - Text 'MasterCard' is present on page  using regular expression

2022-03-31 23:01:06 - [TEST_STEP][PASSED] - verifyTextPresent(last4V, true): Text '0035' is present on page  using regular expression

2022-03-31 23:01:06 - [MESSAGE][PASSED] - Text '0035' is present on page  using regular expression

2022-03-31 23:01:06 - [TEST_STEP][PASSED] - closeBrowser(): Browser is closed

2022-03-31 23:01:07 - [MESSAGE][PASSED] - Browser is closed

2022-03-31 23:01:07 - [TEST_STEP][PASSED] - ExecuteTC = findTestData(dataFile).getValue("Execute", row): null

2022-03-31 23:01:07 - [TEST_STEP][PASSED] - out.println("Value of Execute is : " + ExecuteTC): null

2022-03-31 23:01:07 - [TEST_STEP][PASSED] - switch (executionProfile): null

2022-03-31 23:01:07 - [TEST_STEP][PASSED] - case "QAProfile":: null

2022-03-31 23:01:07 - [TEST_STEP][PASSED] - appName = findTestData(dataFile).getValue("AppNameQA", row): null

2022-03-31 23:01:07 - [TEST_STEP][PASSED] - appID = findTestData(dataFile).getValue("AppIDQA", row): null

2022-03-31 23:01:07 - [TEST_STEP][PASSED] - break: null

2022-03-31 23:01:07 - [TEST_STEP][PASSED] - hrefAppID = li_1 + appID + li_2: null

2022-03-31 23:01:07 - [TEST_STEP][PASSED] - hrefApp = li_1 + appID + "/": null

2022-03-31 23:01:07 - [TEST_STEP][PASSED] - println("hrefApp : " + hrefApp): null

2022-03-31 23:01:07 - [TEST_STEP][PASSED] - if (ExecuteTC.equalsIgnoreCase("Y")): Browser is closed

2022-03-31 23:01:07 - [TEST_STEP][PASSED] - out.println("Begin Record Number: " + row): null

2022-03-31 23:01:07 - [TEST_STEP][PASSED] - today = new java.util.Date(): null

2022-03-31 23:01:07 - [TEST_STEP][PASSED] - println(today): null

2022-03-31 23:01:07 - [TEST_STEP][PASSED] - datText = today: null

2022-03-31 23:01:07 - [TEST_STEP][PASSED] - adminSuiteBootstrap.loginFunctionality.login_AdminSuite(): adminSuiteBootstrap.loginFunctionality.login_AdminSuite is PASSED

2022-03-31 23:01:07 - [MESSAGE][INFO] - Starting 'Chrome' driver

2022-03-31 23:01:07 - [MESSAGE][INFO] - User set preference: ['acceptInsecureCerts', 'true']

2022-03-31 23:01:07 - [MESSAGE][INFO] - Action delay is set to 0 milliseconds

2022-03-31 23:01:10 - [MESSAGE][PASSED] - Browser is opened with url: 'https://qa.velocitypayment.com/admin/imtiaz'

2022-03-31 23:01:10 - [MESSAGE][PASSED] - Current window maximized

2022-03-31 23:01:11 - [MESSAGE][PASSED] - Object 'Object Repository/Login_Page/Login_Username' is present

2022-03-31 23:01:12 - [MESSAGE][PASSED] - Text 'iahmed' is set on object 'Object Repository/Login_Page/Login_Username'

2022-03-31 23:01:12 - [MESSAGE][PASSED] - Text 'hello2222' is set on object 'Object Repository/Login_Page/Login_Password'

2022-03-31 23:01:16 - [MESSAGE][PASSED] - Object: 'Object Repository/Login_Page/Login_Submit' is clicked on

2022-03-31 23:01:16 - [MESSAGE][PASSED] - adminSuiteBootstrap.loginFunctionality.login_AdminSuite is PASSED

2022-03-31 23:01:16 - [TEST_STEP][PASSED] - click(findTestObject(path_Dashboard + appName)): Object: 'Object Repository/AdminSuiteBootstrap_Pages/Dashboard_Bootstrap/a_Access AutoDualCFtpQA' is clicked on

2022-03-31 23:01:17 - [MESSAGE][PASSED] - Object: 'Object Repository/AdminSuiteBootstrap_Pages/Dashboard_Bootstrap/a_Access AutoDualCFtpQA' is clicked on

2022-03-31 23:01:17 - [TEST_STEP][PASSED] - click(findTestObject(path_VT + "button_Authorization  Capture (Sale)")): Object: 'Object Repository/AdminSuiteBootstrap_Pages/VT_Bootstrap/IssueTransactions/button_Authorization  Capture (Sale)' is clicked on

2022-03-31 23:01:17 - [MESSAGE][PASSED] - Object: 'Object Repository/AdminSuiteBootstrap_Pages/VT_Bootstrap/IssueTransactions/button_Authorization  Capture (Sale)' is clicked on

2022-03-31 23:01:17 - [TEST_STEP][PASSED] - saleKeyboardEntryLink = modifyObjectProperty(findTestObject(path_VT + "a_KeyboardEntry_Sale"), "href", "equals", hrefAppID, true): Modify property of object successfully

2022-03-31 23:01:17 - [MESSAGE][PASSED] - Modify property of object successfully

2022-03-31 23:01:17 - [TEST_STEP][PASSED] - click(saleKeyboardEntryLink): Object: 'Object Repository/AdminSuiteBootstrap_Pages/VT_Bootstrap/IssueTransactions/a_KeyboardEntry_Sale' is clicked on

2022-03-31 23:01:18 - [MESSAGE][PASSED] - Object: 'Object Repository/AdminSuiteBootstrap_Pages/VT_Bootstrap/IssueTransactions/a_KeyboardEntry_Sale' is clicked on

2022-03-31 23:01:18 - [TEST_STEP][PASSED] - adminSuiteBootstrap.virtualTerminalSetData.saleKeyboard_DataDriven(row, dataFile): adminSuiteBootstrap.virtualTerminalSetData.saleKeyboard_DataDriven is PASSED

2022-03-31 23:01:21 - [MESSAGE][PASSED] - Text 'Tulsi Raman' is set on object 'Object Repository/AdminSuiteBootstrap_Pages/VT_Bootstrap/SaleKeyboard/input_cardName'

2022-03-31 23:01:22 - [MESSAGE][PASSED] - All options with value 'RETL' are selected in object 'Object Repository/AdminSuiteBootstrap_Pages/VT_Bootstrap/SaleKeyboard/select_transactionCategory'  using regular expression

2022-03-31 23:01:23 - [MESSAGE][PASSED] - Execute JavaScript 'arguments[0].value ='371449635392376' ' successfully

2022-03-31 23:01:23 - [MESSAGE][PASSED] - Execute JavaScript 'arguments[0].value ='123' ' successfully

2022-03-31 23:01:24 - [MESSAGE][PASSED] - All options with value '12' are selected in object 'Object Repository/AdminSuiteBootstrap_Pages/VT_Bootstrap/SaleKeyboard/select_MM'  using regular expression

2022-03-31 23:01:25 - [MESSAGE][PASSED] - All options with value '2025' are selected in object 'Object Repository/AdminSuiteBootstrap_Pages/VT_Bootstrap/SaleKeyboard/select_YYYY'  using regular expression

2022-03-31 23:01:26 - [MESSAGE][PASSED] - Text '550 Swan Lake' is set on object 'Object Repository/AdminSuiteBootstrap_Pages/VT_Bootstrap/SaleKeyboard/input__address'

2022-03-31 23:01:27 - [MESSAGE][PASSED] - Text 'Suite 500' is set on object 'Object Repository/AdminSuiteBootstrap_Pages/VT_Bootstrap/SaleKeyboard/input__address2'

2022-03-31 23:01:28 - [MESSAGE][PASSED] - Text '22201' is set on object 'Object Repository/AdminSuiteBootstrap_Pages/VT_Bootstrap/SaleKeyboard/input__zip'

2022-03-31 23:01:28 - [MESSAGE][PASSED] - Text '' is set on object 'Object Repository/AdminSuiteBootstrap_Pages/VT_Bootstrap/SaleKeyboard/input_emailAddress'

2022-03-31 23:01:30 - [MESSAGE][PASSED] - Text '' is set on object 'Object Repository/AdminSuiteBootstrap_Pages/VT_Bootstrap/SaleKeyboard/input_smsNumber'

2022-03-31 23:01:30 - [MESSAGE][PASSED] - Text '10.50' is set on object 'Object Repository/AdminSuiteBootstrap_Pages/VT_Bootstrap/SaleKeyboard/input_amount'

2022-03-31 23:01:31 - [MESSAGE][PASSED] - Text 'Australia' is set on object 'Object Repository/AdminSuiteBootstrap_Pages/VT_Bootstrap/SaleKeyboard/input_userDefined1'

2022-03-31 23:01:32 - [MESSAGE][PASSED] - Text 'Denmark' is set on object 'Object Repository/AdminSuiteBootstrap_Pages/VT_Bootstrap/SaleKeyboard/input_userDefined2'

2022-03-31 23:01:33 - [MESSAGE][PASSED] - Text 'Sweden' is set on object 'Object Repository/AdminSuiteBootstrap_Pages/VT_Bootstrap/SaleKeyboard/input_userDefined3'

2022-03-31 23:01:34 - [MESSAGE][PASSED] - Text 'Austria' is set on object 'Object Repository/AdminSuiteBootstrap_Pages/VT_Bootstrap/SaleKeyboard/input_userDefined4'

2022-03-31 23:01:35 - [MESSAGE][PASSED] - All options with label 'Orange' are selected in object 'Object Repository/AdminSuiteBootstrap_Pages/VT_Bootstrap/SaleKeyboard/select_UDF5_DropDown'  using regular expression

2022-03-31 23:01:36 - [MESSAGE][PASSED] - All options with label 'Yellow' are selected in object 'Object Repository/AdminSuiteBootstrap_Pages/VT_Bootstrap/SaleKeyboard/select_UDF6_DropDown'  using regular expression

2022-03-31 23:01:36 - [MESSAGE][PASSED] - Text 'Norway' is set on object 'Object Repository/AdminSuiteBootstrap_Pages/VT_Bootstrap/SaleKeyboard/input_userDefined7'

2022-03-31 23:01:37 - [MESSAGE][PASSED] - Text 'Netherlands' is set on object 'Object Repository/AdminSuiteBootstrap_Pages/VT_Bootstrap/SaleKeyboard/input_userDefined8'

2022-03-31 23:01:38 - [MESSAGE][PASSED] - Text 'Switzerland' is set on object 'Object Repository/AdminSuiteBootstrap_Pages/VT_Bootstrap/SaleKeyboard/input_userDefined9'

2022-03-31 23:01:39 - [MESSAGE][PASSED] - Text 'France' is set on object 'Object Repository/AdminSuiteBootstrap_Pages/VT_Bootstrap/SaleKeyboard/input_userDefined10'

2022-03-31 23:01:40 - [MESSAGE][PASSED] - Object: 'Object Repository/AdminSuiteBootstrap_Pages/VT_Bootstrap/SaleKeyboard/button_Submit' is clicked on

2022-03-31 23:01:40 - [MESSAGE][PASSED] - adminSuiteBootstrap.virtualTerminalSetData.saleKeyboard_DataDriven is PASSED

2022-03-31 23:01:40 - [TEST_STEP][PASSED] - verifyTextPresent("Transaction Successful", true): Text 'Transaction Successful' is present on page  using regular expression

2022-03-31 23:01:41 - [MESSAGE][PASSED] - Text 'Transaction Successful' is present on page  using regular expression

2022-03-31 23:01:41 - [TEST_STEP][PASSED] - verifyElementVisible(findTestObject("Object Repository/AdminSuiteBootstrap_Pages/VT_Bootstrap/Receipt/button_Continue")): Object 'Object Repository/AdminSuiteBootstrap_Pages/VT_Bootstrap/Receipt/button_Continue' is visible

2022-03-31 23:01:41 - [MESSAGE][PASSED] - Object 'Object Repository/AdminSuiteBootstrap_Pages/VT_Bootstrap/Receipt/button_Continue' is visible

2022-03-31 23:01:41 - [TEST_STEP][PASSED] - verifyElementPresent(findTestObject("Object Repository/AdminSuiteBootstrap_Pages/VT_Bootstrap/Receipt/button_Continue"), 20): Object 'Object Repository/AdminSuiteBootstrap_Pages/VT_Bootstrap/Receipt/button_Continue' is present

2022-03-31 23:01:42 - [MESSAGE][PASSED] - Object 'Object Repository/AdminSuiteBootstrap_Pages/VT_Bootstrap/Receipt/button_Continue' is present

2022-03-31 23:01:42 - [TEST_STEP][PASSED] - verifyElementVisible(findTestObject("Object Repository/AdminSuiteBootstrap_Pages/VT_Bootstrap/Receipt/button_Print")): Object 'Object Repository/AdminSuiteBootstrap_Pages/VT_Bootstrap/Receipt/button_Print' is visible

2022-03-31 23:01:42 - [MESSAGE][PASSED] - Object 'Object Repository/AdminSuiteBootstrap_Pages/VT_Bootstrap/Receipt/button_Print' is visible

2022-03-31 23:01:42 - [TEST_STEP][PASSED] - verifyElementPresent(findTestObject("Object Repository/AdminSuiteBootstrap_Pages/VT_Bootstrap/Receipt/button_Print"), 20): Object 'Object Repository/AdminSuiteBootstrap_Pages/VT_Bootstrap/Receipt/button_Print' is present

2022-03-31 23:01:42 - [MESSAGE][PASSED] - Object 'Object Repository/AdminSuiteBootstrap_Pages/VT_Bootstrap/Receipt/button_Print' is present

2022-03-31 23:01:42 - [TEST_STEP][PASSED] - verifyTextPresent("Remittance ID", true): Text 'Remittance ID' is present on page  using regular expression

2022-03-31 23:01:43 - [MESSAGE][PASSED] - Text 'Remittance ID' is present on page  using regular expression

2022-03-31 23:01:43 - [TEST_STEP][PASSED] - verifyTextPresent("Received", true): Text 'Received' is present on page  using regular expression

2022-03-31 23:01:43 - [MESSAGE][PASSED] - Text 'Received' is present on page  using regular expression

2022-03-31 23:01:43 - [TEST_STEP][PASSED] - verifyTextPresent("UDF1", true): Text 'UDF1' is present on page  using regular expression

2022-03-31 23:01:43 - [MESSAGE][PASSED] - Text 'UDF1' is present on page  using regular expression

2022-03-31 23:01:43 - [TEST_STEP][PASSED] - verifyTextPresent("UDF2", true): Text 'UDF2' is present on page  using regular expression

2022-03-31 23:01:44 - [MESSAGE][PASSED] - Text 'UDF2' is present on page  using regular expression

2022-03-31 23:01:44 - [TEST_STEP][PASSED] - verifyTextPresent("UDF3", true): Text 'UDF3' is present on page  using regular expression

2022-03-31 23:01:44 - [MESSAGE][PASSED] - Text 'UDF3' is present on page  using regular expression

2022-03-31 23:01:44 - [TEST_STEP][PASSED] - verifyTextPresent("UDF4", true): Text 'UDF4' is present on page  using regular expression

2022-03-31 23:01:44 - [MESSAGE][PASSED] - Text 'UDF4' is present on page  using regular expression

2022-03-31 23:01:44 - [TEST_STEP][PASSED] - verifyTextPresent("UDF5", true): Text 'UDF5' is present on page  using regular expression

2022-03-31 23:01:45 - [MESSAGE][PASSED] - Text 'UDF5' is present on page  using regular expression

2022-03-31 23:01:45 - [TEST_STEP][PASSED] - verifyTextPresent("UDF6", true): Text 'UDF6' is present on page  using regular expression

2022-03-31 23:01:45 - [MESSAGE][PASSED] - Text 'UDF6' is present on page  using regular expression

2022-03-31 23:01:45 - [TEST_STEP][PASSED] - verifyTextPresent("UDF7", true): Text 'UDF7' is present on page  using regular expression

2022-03-31 23:01:45 - [MESSAGE][PASSED] - Text 'UDF7' is present on page  using regular expression

2022-03-31 23:01:45 - [TEST_STEP][PASSED] - verifyTextPresent("UDF8", true): Text 'UDF8' is present on page  using regular expression

2022-03-31 23:01:46 - [MESSAGE][PASSED] - Text 'UDF8' is present on page  using regular expression

2022-03-31 23:01:46 - [TEST_STEP][PASSED] - verifyTextPresent("UDF9", true): Text 'UDF9' is present on page  using regular expression

2022-03-31 23:01:46 - [MESSAGE][PASSED] - Text 'UDF9' is present on page  using regular expression

2022-03-31 23:01:46 - [TEST_STEP][PASSED] - verifyTextPresent("UDF 10", true): Text 'UDF 10' is present on page  using regular expression

2022-03-31 23:01:46 - [MESSAGE][PASSED] - Text 'UDF 10' is present on page  using regular expression

2022-03-31 23:01:46 - [TEST_STEP][PASSED] - verifyTextPresent("Australia", true): Text 'Australia' is present on page  using regular expression

2022-03-31 23:01:47 - [MESSAGE][PASSED] - Text 'Australia' is present on page  using regular expression

2022-03-31 23:01:47 - [TEST_STEP][PASSED] - verifyTextPresent("Denmark", true): Text 'Denmark' is present on page  using regular expression

2022-03-31 23:01:47 - [MESSAGE][PASSED] - Text 'Denmark' is present on page  using regular expression

2022-03-31 23:01:47 - [TEST_STEP][PASSED] - verifyTextPresent("Sweden", true): Text 'Sweden' is present on page  using regular expression

2022-03-31 23:01:47 - [MESSAGE][PASSED] - Text 'Sweden' is present on page  using regular expression

2022-03-31 23:01:47 - [TEST_STEP][PASSED] - verifyTextPresent("Austria", true): Text 'Austria' is present on page  using regular expression

2022-03-31 23:01:48 - [MESSAGE][PASSED] - Text 'Austria' is present on page  using regular expression

2022-03-31 23:01:48 - [TEST_STEP][PASSED] - verifyTextPresent("Orange Recorded", true): Text 'Orange Recorded' is present on page  using regular expression

2022-03-31 23:01:48 - [MESSAGE][PASSED] - Text 'Orange Recorded' is present on page  using regular expression

2022-03-31 23:01:48 - [TEST_STEP][PASSED] - verifyTextPresent("Yellow Recorded", true): Text 'Yellow Recorded' is present on page  using regular expression

2022-03-31 23:01:48 - [MESSAGE][PASSED] - Text 'Yellow Recorded' is present on page  using regular expression

2022-03-31 23:01:48 - [TEST_STEP][PASSED] - verifyTextPresent("Norway", true): Text 'Norway' is present on page  using regular expression

2022-03-31 23:01:49 - [MESSAGE][PASSED] - Text 'Norway' is present on page  using regular expression

2022-03-31 23:01:49 - [TEST_STEP][PASSED] - verifyTextPresent("Netherlands", true): Text 'Netherlands' is present on page  using regular expression

2022-03-31 23:01:49 - [MESSAGE][PASSED] - Text 'Netherlands' is present on page  using regular expression

2022-03-31 23:01:49 - [TEST_STEP][PASSED] - verifyTextPresent("Switzerland", true): Text 'Switzerland' is present on page  using regular expression

2022-03-31 23:01:49 - [MESSAGE][PASSED] - Text 'Switzerland' is present on page  using regular expression

2022-03-31 23:01:49 - [TEST_STEP][PASSED] - verifyTextPresent("France", true): Text 'France' is present on page  using regular expression

2022-03-31 23:01:50 - [MESSAGE][PASSED] - Text 'France' is present on page  using regular expression

2022-03-31 23:01:50 - [TEST_STEP][PASSED] - verifyTextPresent("Card Information", true): Text 'Card Information' is present on page  using regular expression

2022-03-31 23:01:50 - [MESSAGE][PASSED] - Text 'Card Information' is present on page  using regular expression

2022-03-31 23:01:50 - [TEST_STEP][PASSED] - verifyTextPresent("Amount", true): Text 'Amount' is present on page  using regular expression

2022-03-31 23:01:51 - [MESSAGE][PASSED] - Text 'Amount' is present on page  using regular expression

2022-03-31 23:01:51 - [TEST_STEP][PASSED] - verifyTextPresent("Service Fee", true): Text 'Service Fee' is present on page  using regular expression

2022-03-31 23:01:51 - [MESSAGE][PASSED] - Text 'Service Fee' is present on page  using regular expression

2022-03-31 23:01:51 - [TEST_STEP][PASSED] - verifyTextPresent("Service Fee Type", true): Text 'Service Fee Type' is present on page  using regular expression

2022-03-31 23:01:51 - [MESSAGE][PASSED] - Text 'Service Fee Type' is present on page  using regular expression

2022-03-31 23:01:51 - [TEST_STEP][PASSED] - verifyTextPresent("Total Amount", true): Text 'Total Amount' is present on page  using regular expression

2022-03-31 23:01:52 - [MESSAGE][PASSED] - Text 'Total Amount' is present on page  using regular expression

2022-03-31 23:01:52 - [TEST_STEP][PASSED] - verifyTextPresent("Transaction Type", true): Text 'Transaction Type' is present on page  using regular expression

2022-03-31 23:01:52 - [MESSAGE][PASSED] - Text 'Transaction Type' is present on page  using regular expression

2022-03-31 23:01:52 - [TEST_STEP][PASSED] - verifyTextPresent("10.50", true): Text '10.50' is present on page  using regular expression

2022-03-31 23:01:52 - [MESSAGE][PASSED] - Text '10.50' is present on page  using regular expression

2022-03-31 23:01:52 - [TEST_STEP][PASSED] - verifyTextPresent("5.00", true): Text '5.00' is present on page  using regular expression

2022-03-31 23:01:53 - [MESSAGE][PASSED] - Text '5.00' is present on page  using regular expression

2022-03-31 23:01:53 - [TEST_STEP][PASSED] - verifyTextPresent("Dual Transaction", true): Text 'Dual Transaction' is present on page  using regular expression

2022-03-31 23:01:53 - [MESSAGE][PASSED] - Text 'Dual Transaction' is present on page  using regular expression

2022-03-31 23:01:53 - [TEST_STEP][PASSED] - verifyTextPresent("15.50", true): Text '15.50' is present on page  using regular expression

2022-03-31 23:01:53 - [MESSAGE][PASSED] - Text '15.50' is present on page  using regular expression

2022-03-31 23:01:53 - [TEST_STEP][PASSED] - verifyTextPresent("Authorization and Capture", true): Text 'Authorization and Capture' is present on page  using regular expression

2022-03-31 23:01:54 - [MESSAGE][PASSED] - Text 'Authorization and Capture' is present on page  using regular expression

2022-03-31 23:01:54 - [TEST_STEP][PASSED] - cardNameV = findTestData(dataFile).getValue("CardNameV", row): null

2022-03-31 23:01:54 - [TEST_STEP][PASSED] - al1V = findTestData(dataFile).getValue("AL1", row): null

2022-03-31 23:01:54 - [TEST_STEP][PASSED] - al2V = findTestData(dataFile).getValue("AL2", row): null

2022-03-31 23:01:54 - [TEST_STEP][PASSED] - zipV = findTestData(dataFile).getValue("ZIP", row): null

2022-03-31 23:01:54 - [TEST_STEP][PASSED] - cardTypeV = findTestData(dataFile).getValue("CardType", row): null

2022-03-31 23:01:54 - [TEST_STEP][PASSED] - last4V = findTestData(dataFile).getValue("Last4", row): null

2022-03-31 23:01:54 - [TEST_STEP][PASSED] - verifyTextPresent(cardNameV, true): Text 'TULSI RAMAN' is present on page  using regular expression

2022-03-31 23:01:55 - [MESSAGE][PASSED] - Text 'TULSI RAMAN' is present on page  using regular expression

2022-03-31 23:01:55 - [TEST_STEP][PASSED] - verifyTextPresent("Address Line 1", true): Text 'Address Line 1' is present on page  using regular expression

2022-03-31 23:01:55 - [MESSAGE][PASSED] - Text 'Address Line 1' is present on page  using regular expression

2022-03-31 23:01:55 - [TEST_STEP][PASSED] - verifyTextPresent("Address Line 2", true): Text 'Address Line 2' is present on page  using regular expression

2022-03-31 23:01:55 - [MESSAGE][PASSED] - Text 'Address Line 2' is present on page  using regular expression

2022-03-31 23:01:55 - [TEST_STEP][PASSED] - verifyTextPresent("Country", true): Text 'Country' is present on page  using regular expression

2022-03-31 23:01:56 - [MESSAGE][PASSED] - Text 'Country' is present on page  using regular expression

2022-03-31 23:01:56 - [TEST_STEP][PASSED] - verifyTextPresent("City", true): Text 'City' is present on page  using regular expression

2022-03-31 23:01:56 - [MESSAGE][PASSED] - Text 'City' is present on page  using regular expression

2022-03-31 23:01:56 - [TEST_STEP][PASSED] - verifyTextPresent("State", true): Text 'State' is present on page  using regular expression

2022-03-31 23:01:56 - [MESSAGE][PASSED] - Text 'State' is present on page  using regular expression

2022-03-31 23:01:56 - [TEST_STEP][PASSED] - verifyTextPresent("ZIP Code", true): Text 'ZIP Code' is present on page  using regular expression

2022-03-31 23:01:57 - [MESSAGE][PASSED] - Text 'ZIP Code' is present on page  using regular expression

2022-03-31 23:01:57 - [TEST_STEP][PASSED] - verifyTextPresent(al1V, true): Text '550 Swan Lake' is present on page  using regular expression

2022-03-31 23:01:57 - [MESSAGE][PASSED] - Text '550 Swan Lake' is present on page  using regular expression

2022-03-31 23:01:57 - [TEST_STEP][PASSED] - verifyTextPresent(al2V, true): Text 'Suite 500' is present on page  using regular expression

2022-03-31 23:01:57 - [MESSAGE][PASSED] - Text 'Suite 500' is present on page  using regular expression

2022-03-31 23:01:57 - [TEST_STEP][PASSED] - verifyTextPresent("United States", true): Text 'United States' is present on page  using regular expression

2022-03-31 23:01:58 - [MESSAGE][PASSED] - Text 'United States' is present on page  using regular expression

2022-03-31 23:01:58 - [TEST_STEP][PASSED] - verifyTextPresent("ARLINGTON", true): Text 'ARLINGTON' is present on page  using regular expression

2022-03-31 23:01:58 - [MESSAGE][PASSED] - Text 'ARLINGTON' is present on page  using regular expression

2022-03-31 23:01:58 - [TEST_STEP][PASSED] - verifyTextPresent("Virginia", true): Text 'Virginia' is present on page  using regular expression

2022-03-31 23:01:58 - [MESSAGE][PASSED] - Text 'Virginia' is present on page  using regular expression

2022-03-31 23:01:58 - [TEST_STEP][PASSED] - verifyTextPresent(zipV, true): Text '22201' is present on page  using regular expression

2022-03-31 23:01:59 - [MESSAGE][PASSED] - Text '22201' is present on page  using regular expression

2022-03-31 23:01:59 - [TEST_STEP][PASSED] - verifyTextPresent(cardTypeV, true): Text 'American Express' is present on page  using regular expression

2022-03-31 23:01:59 - [MESSAGE][PASSED] - Text 'American Express' is present on page  using regular expression

2022-03-31 23:01:59 - [TEST_STEP][PASSED] - verifyTextPresent(last4V, true): Text '2376' is present on page  using regular expression

2022-03-31 23:01:59 - [MESSAGE][PASSED] - Text '2376' is present on page  using regular expression

2022-03-31 23:01:59 - [TEST_STEP][PASSED] - closeBrowser(): Browser is closed

2022-03-31 23:02:00 - [MESSAGE][PASSED] - Browser is closed

2022-03-31 23:02:00 - [TEST_STEP][PASSED] - ExecuteTC = findTestData(dataFile).getValue("Execute", row): null

2022-03-31 23:02:00 - [TEST_STEP][PASSED] - out.println("Value of Execute is : " + ExecuteTC): null

2022-03-31 23:02:00 - [TEST_STEP][PASSED] - switch (executionProfile): null

2022-03-31 23:02:00 - [TEST_STEP][PASSED] - case "QAProfile":: null

2022-03-31 23:02:00 - [TEST_STEP][PASSED] - appName = findTestData(dataFile).getValue("AppNameQA", row): null

2022-03-31 23:02:00 - [TEST_STEP][PASSED] - appID = findTestData(dataFile).getValue("AppIDQA", row): null

2022-03-31 23:02:01 - [TEST_STEP][PASSED] - break: null

2022-03-31 23:02:01 - [TEST_STEP][PASSED] - hrefAppID = li_1 + appID + li_2: null

2022-03-31 23:02:01 - [TEST_STEP][PASSED] - hrefApp = li_1 + appID + "/": null

2022-03-31 23:02:01 - [TEST_STEP][PASSED] - println("hrefApp : " + hrefApp): null

2022-03-31 23:02:01 - [TEST_STEP][PASSED] - if (ExecuteTC.equalsIgnoreCase("Y")): Browser is closed

2022-03-31 23:02:01 - [TEST_STEP][PASSED] - out.println("Begin Record Number: " + row): null

2022-03-31 23:02:01 - [TEST_STEP][PASSED] - today = new java.util.Date(): null

2022-03-31 23:02:01 - [TEST_STEP][PASSED] - println(today): null

2022-03-31 23:02:01 - [TEST_STEP][PASSED] - datText = today: null

2022-03-31 23:02:01 - [TEST_STEP][PASSED] - adminSuiteBootstrap.loginFunctionality.login_AdminSuite(): adminSuiteBootstrap.loginFunctionality.login_AdminSuite is PASSED

2022-03-31 23:02:01 - [MESSAGE][INFO] - Starting 'Chrome' driver

2022-03-31 23:02:01 - [MESSAGE][INFO] - User set preference: ['acceptInsecureCerts', 'true']

2022-03-31 23:02:01 - [MESSAGE][INFO] - Action delay is set to 0 milliseconds

2022-03-31 23:02:04 - [MESSAGE][PASSED] - Browser is opened with url: 'https://qa.velocitypayment.com/admin/imtiaz'

2022-03-31 23:02:04 - [MESSAGE][PASSED] - Current window maximized

2022-03-31 23:02:04 - [MESSAGE][PASSED] - Object 'Object Repository/Login_Page/Login_Username' is present

2022-03-31 23:02:05 - [MESSAGE][PASSED] - Text 'iahmed' is set on object 'Object Repository/Login_Page/Login_Username'

2022-03-31 23:02:06 - [MESSAGE][PASSED] - Text 'hello2222' is set on object 'Object Repository/Login_Page/Login_Password'

2022-03-31 23:02:09 - [MESSAGE][PASSED] - Object: 'Object Repository/Login_Page/Login_Submit' is clicked on

2022-03-31 23:02:09 - [MESSAGE][PASSED] - adminSuiteBootstrap.loginFunctionality.login_AdminSuite is PASSED

2022-03-31 23:02:09 - [TEST_STEP][PASSED] - click(findTestObject(path_Dashboard + appName)): Object: 'Object Repository/AdminSuiteBootstrap_Pages/Dashboard_Bootstrap/a_Access AutoDualCFtpQA' is clicked on

2022-03-31 23:02:10 - [MESSAGE][PASSED] - Object: 'Object Repository/AdminSuiteBootstrap_Pages/Dashboard_Bootstrap/a_Access AutoDualCFtpQA' is clicked on

2022-03-31 23:02:10 - [TEST_STEP][PASSED] - click(findTestObject(path_VT + "button_Authorization  Capture (Sale)")): Object: 'Object Repository/AdminSuiteBootstrap_Pages/VT_Bootstrap/IssueTransactions/button_Authorization  Capture (Sale)' is clicked on

2022-03-31 23:02:10 - [MESSAGE][PASSED] - Object: 'Object Repository/AdminSuiteBootstrap_Pages/VT_Bootstrap/IssueTransactions/button_Authorization  Capture (Sale)' is clicked on

2022-03-31 23:02:10 - [TEST_STEP][PASSED] - saleKeyboardEntryLink = modifyObjectProperty(findTestObject(path_VT + "a_KeyboardEntry_Sale"), "href", "equals", hrefAppID, true): Modify property of object successfully

2022-03-31 23:02:10 - [MESSAGE][PASSED] - Modify property of object successfully

2022-03-31 23:02:10 - [TEST_STEP][PASSED] - click(saleKeyboardEntryLink): Object: 'Object Repository/AdminSuiteBootstrap_Pages/VT_Bootstrap/IssueTransactions/a_KeyboardEntry_Sale' is clicked on

2022-03-31 23:02:11 - [MESSAGE][PASSED] - Object: 'Object Repository/AdminSuiteBootstrap_Pages/VT_Bootstrap/IssueTransactions/a_KeyboardEntry_Sale' is clicked on

2022-03-31 23:02:11 - [TEST_STEP][PASSED] - adminSuiteBootstrap.virtualTerminalSetData.saleKeyboard_DataDriven(row, dataFile): adminSuiteBootstrap.virtualTerminalSetData.saleKeyboard_DataDriven is PASSED

2022-03-31 23:02:14 - [MESSAGE][PASSED] - Text 'Tulsi Raman' is set on object 'Object Repository/AdminSuiteBootstrap_Pages/VT_Bootstrap/SaleKeyboard/input_cardName'

2022-03-31 23:02:15 - [MESSAGE][PASSED] - All options with value 'RETL' are selected in object 'Object Repository/AdminSuiteBootstrap_Pages/VT_Bootstrap/SaleKeyboard/select_transactionCategory'  using regular expression

2022-03-31 23:02:15 - [MESSAGE][PASSED] - Execute JavaScript 'arguments[0].value ='6011000993026909' ' successfully

2022-03-31 23:02:16 - [MESSAGE][PASSED] - Execute JavaScript 'arguments[0].value ='123' ' successfully

2022-03-31 23:02:17 - [MESSAGE][PASSED] - All options with value '12' are selected in object 'Object Repository/AdminSuiteBootstrap_Pages/VT_Bootstrap/SaleKeyboard/select_MM'  using regular expression

2022-03-31 23:02:18 - [MESSAGE][PASSED] - All options with value '2025' are selected in object 'Object Repository/AdminSuiteBootstrap_Pages/VT_Bootstrap/SaleKeyboard/select_YYYY'  using regular expression

2022-03-31 23:02:19 - [MESSAGE][PASSED] - Text '25987 Hill Top' is set on object 'Object Repository/AdminSuiteBootstrap_Pages/VT_Bootstrap/SaleKeyboard/input__address'

2022-03-31 23:02:20 - [MESSAGE][PASSED] - Text 'Suite 500' is set on object 'Object Repository/AdminSuiteBootstrap_Pages/VT_Bootstrap/SaleKeyboard/input__address2'

2022-03-31 23:02:20 - [MESSAGE][PASSED] - Text '22201' is set on object 'Object Repository/AdminSuiteBootstrap_Pages/VT_Bootstrap/SaleKeyboard/input__zip'

2022-03-31 23:02:21 - [MESSAGE][PASSED] - Text '' is set on object 'Object Repository/AdminSuiteBootstrap_Pages/VT_Bootstrap/SaleKeyboard/input_emailAddress'

2022-03-31 23:02:22 - [MESSAGE][PASSED] - Text '' is set on object 'Object Repository/AdminSuiteBootstrap_Pages/VT_Bootstrap/SaleKeyboard/input_smsNumber'

2022-03-31 23:02:23 - [MESSAGE][PASSED] - Text '10.50' is set on object 'Object Repository/AdminSuiteBootstrap_Pages/VT_Bootstrap/SaleKeyboard/input_amount'

2022-03-31 23:02:25 - [MESSAGE][PASSED] - Text 'Australia' is set on object 'Object Repository/AdminSuiteBootstrap_Pages/VT_Bootstrap/SaleKeyboard/input_userDefined1'

2022-03-31 23:02:25 - [MESSAGE][PASSED] - Text 'Denmark' is set on object 'Object Repository/AdminSuiteBootstrap_Pages/VT_Bootstrap/SaleKeyboard/input_userDefined2'

2022-03-31 23:02:26 - [MESSAGE][PASSED] - Text 'Sweden' is set on object 'Object Repository/AdminSuiteBootstrap_Pages/VT_Bootstrap/SaleKeyboard/input_userDefined3'

2022-03-31 23:02:27 - [MESSAGE][PASSED] - Text 'Austria' is set on object 'Object Repository/AdminSuiteBootstrap_Pages/VT_Bootstrap/SaleKeyboard/input_userDefined4'

2022-03-31 23:02:28 - [MESSAGE][PASSED] - All options with label 'Orange' are selected in object 'Object Repository/AdminSuiteBootstrap_Pages/VT_Bootstrap/SaleKeyboard/select_UDF5_DropDown'  using regular expression

2022-03-31 23:02:29 - [MESSAGE][PASSED] - All options with label 'Yellow' are selected in object 'Object Repository/AdminSuiteBootstrap_Pages/VT_Bootstrap/SaleKeyboard/select_UDF6_DropDown'  using regular expression

2022-03-31 23:02:29 - [MESSAGE][PASSED] - Text 'Norway' is set on object 'Object Repository/AdminSuiteBootstrap_Pages/VT_Bootstrap/SaleKeyboard/input_userDefined7'

2022-03-31 23:02:30 - [MESSAGE][PASSED] - Text 'Netherlands' is set on object 'Object Repository/AdminSuiteBootstrap_Pages/VT_Bootstrap/SaleKeyboard/input_userDefined8'

2022-03-31 23:02:31 - [MESSAGE][PASSED] - Text 'Switzerland' is set on object 'Object Repository/AdminSuiteBootstrap_Pages/VT_Bootstrap/SaleKeyboard/input_userDefined9'

2022-03-31 23:02:32 - [MESSAGE][PASSED] - Text 'France' is set on object 'Object Repository/AdminSuiteBootstrap_Pages/VT_Bootstrap/SaleKeyboard/input_userDefined10'

2022-03-31 23:02:34 - [MESSAGE][PASSED] - Object: 'Object Repository/AdminSuiteBootstrap_Pages/VT_Bootstrap/SaleKeyboard/button_Submit' is clicked on

2022-03-31 23:02:34 - [MESSAGE][PASSED] - adminSuiteBootstrap.virtualTerminalSetData.saleKeyboard_DataDriven is PASSED

2022-03-31 23:02:34 - [TEST_STEP][PASSED] - verifyTextPresent("Transaction Successful", true): Text 'Transaction Successful' is present on page  using regular expression

2022-03-31 23:02:34 - [MESSAGE][PASSED] - Text 'Transaction Successful' is present on page  using regular expression

2022-03-31 23:02:34 - [TEST_STEP][PASSED] - verifyElementVisible(findTestObject("Object Repository/AdminSuiteBootstrap_Pages/VT_Bootstrap/Receipt/button_Continue")): Object 'Object Repository/AdminSuiteBootstrap_Pages/VT_Bootstrap/Receipt/button_Continue' is visible

2022-03-31 23:02:35 - [MESSAGE][PASSED] - Object 'Object Repository/AdminSuiteBootstrap_Pages/VT_Bootstrap/Receipt/button_Continue' is visible

2022-03-31 23:02:35 - [TEST_STEP][PASSED] - verifyElementPresent(findTestObject("Object Repository/AdminSuiteBootstrap_Pages/VT_Bootstrap/Receipt/button_Continue"), 20): Object 'Object Repository/AdminSuiteBootstrap_Pages/VT_Bootstrap/Receipt/button_Continue' is present

2022-03-31 23:02:35 - [MESSAGE][PASSED] - Object 'Object Repository/AdminSuiteBootstrap_Pages/VT_Bootstrap/Receipt/button_Continue' is present

2022-03-31 23:02:35 - [TEST_STEP][PASSED] - verifyElementVisible(findTestObject("Object Repository/AdminSuiteBootstrap_Pages/VT_Bootstrap/Receipt/button_Print")): Object 'Object Repository/AdminSuiteBootstrap_Pages/VT_Bootstrap/Receipt/button_Print' is visible

2022-03-31 23:02:35 - [MESSAGE][PASSED] - Object 'Object Repository/AdminSuiteBootstrap_Pages/VT_Bootstrap/Receipt/button_Print' is visible

2022-03-31 23:02:35 - [TEST_STEP][PASSED] - verifyElementPresent(findTestObject("Object Repository/AdminSuiteBootstrap_Pages/VT_Bootstrap/Receipt/button_Print"), 20): Object 'Object Repository/AdminSuiteBootstrap_Pages/VT_Bootstrap/Receipt/button_Print' is present

2022-03-31 23:02:36 - [MESSAGE][PASSED] - Object 'Object Repository/AdminSuiteBootstrap_Pages/VT_Bootstrap/Receipt/button_Print' is present

2022-03-31 23:02:36 - [TEST_STEP][PASSED] - verifyTextPresent("Remittance ID", true): Text 'Remittance ID' is present on page  using regular expression

2022-03-31 23:02:36 - [MESSAGE][PASSED] - Text 'Remittance ID' is present on page  using regular expression

2022-03-31 23:02:36 - [TEST_STEP][PASSED] - verifyTextPresent("Received", true): Text 'Received' is present on page  using regular expression

2022-03-31 23:02:36 - [MESSAGE][PASSED] - Text 'Received' is present on page  using regular expression

2022-03-31 23:02:36 - [TEST_STEP][PASSED] - verifyTextPresent("UDF1", true): Text 'UDF1' is present on page  using regular expression

2022-03-31 23:02:37 - [MESSAGE][PASSED] - Text 'UDF1' is present on page  using regular expression

2022-03-31 23:02:37 - [TEST_STEP][PASSED] - verifyTextPresent("UDF2", true): Text 'UDF2' is present on page  using regular expression

2022-03-31 23:02:37 - [MESSAGE][PASSED] - Text 'UDF2' is present on page  using regular expression

2022-03-31 23:02:37 - [TEST_STEP][PASSED] - verifyTextPresent("UDF3", true): Text 'UDF3' is present on page  using regular expression

2022-03-31 23:02:37 - [MESSAGE][PASSED] - Text 'UDF3' is present on page  using regular expression

2022-03-31 23:02:37 - [TEST_STEP][PASSED] - verifyTextPresent("UDF4", true): Text 'UDF4' is present on page  using regular expression

2022-03-31 23:02:38 - [MESSAGE][PASSED] - Text 'UDF4' is present on page  using regular expression

2022-03-31 23:02:38 - [TEST_STEP][PASSED] - verifyTextPresent("UDF5", true): Text 'UDF5' is present on page  using regular expression

2022-03-31 23:02:38 - [MESSAGE][PASSED] - Text 'UDF5' is present on page  using regular expression

2022-03-31 23:02:38 - [TEST_STEP][PASSED] - verifyTextPresent("UDF6", true): Text 'UDF6' is present on page  using regular expression

2022-03-31 23:02:38 - [MESSAGE][PASSED] - Text 'UDF6' is present on page  using regular expression

2022-03-31 23:02:38 - [TEST_STEP][PASSED] - verifyTextPresent("UDF7", true): Text 'UDF7' is present on page  using regular expression

2022-03-31 23:02:39 - [MESSAGE][PASSED] - Text 'UDF7' is present on page  using regular expression

2022-03-31 23:02:39 - [TEST_STEP][PASSED] - verifyTextPresent("UDF8", true): Text 'UDF8' is present on page  using regular expression

2022-03-31 23:02:39 - [MESSAGE][PASSED] - Text 'UDF8' is present on page  using regular expression

2022-03-31 23:02:39 - [TEST_STEP][PASSED] - verifyTextPresent("UDF9", true): Text 'UDF9' is present on page  using regular expression

2022-03-31 23:02:39 - [MESSAGE][PASSED] - Text 'UDF9' is present on page  using regular expression

2022-03-31 23:02:39 - [TEST_STEP][PASSED] - verifyTextPresent("UDF 10", true): Text 'UDF 10' is present on page  using regular expression

2022-03-31 23:02:40 - [MESSAGE][PASSED] - Text 'UDF 10' is present on page  using regular expression

2022-03-31 23:02:40 - [TEST_STEP][PASSED] - verifyTextPresent("Australia", true): Text 'Australia' is present on page  using regular expression

2022-03-31 23:02:40 - [MESSAGE][PASSED] - Text 'Australia' is present on page  using regular expression

2022-03-31 23:02:40 - [TEST_STEP][PASSED] - verifyTextPresent("Denmark", true): Text 'Denmark' is present on page  using regular expression

2022-03-31 23:02:40 - [MESSAGE][PASSED] - Text 'Denmark' is present on page  using regular expression

2022-03-31 23:02:40 - [TEST_STEP][PASSED] - verifyTextPresent("Sweden", true): Text 'Sweden' is present on page  using regular expression

2022-03-31 23:02:41 - [MESSAGE][PASSED] - Text 'Sweden' is present on page  using regular expression

2022-03-31 23:02:41 - [TEST_STEP][PASSED] - verifyTextPresent("Austria", true): Text 'Austria' is present on page  using regular expression

2022-03-31 23:02:41 - [MESSAGE][PASSED] - Text 'Austria' is present on page  using regular expression

2022-03-31 23:02:41 - [TEST_STEP][PASSED] - verifyTextPresent("Orange Recorded", true): Text 'Orange Recorded' is present on page  using regular expression

2022-03-31 23:02:41 - [MESSAGE][PASSED] - Text 'Orange Recorded' is present on page  using regular expression

2022-03-31 23:02:41 - [TEST_STEP][PASSED] - verifyTextPresent("Yellow Recorded", true): Text 'Yellow Recorded' is present on page  using regular expression

2022-03-31 23:02:42 - [MESSAGE][PASSED] - Text 'Yellow Recorded' is present on page  using regular expression

2022-03-31 23:02:42 - [TEST_STEP][PASSED] - verifyTextPresent("Norway", true): Text 'Norway' is present on page  using regular expression

2022-03-31 23:02:42 - [MESSAGE][PASSED] - Text 'Norway' is present on page  using regular expression

2022-03-31 23:02:42 - [TEST_STEP][PASSED] - verifyTextPresent("Netherlands", true): Text 'Netherlands' is present on page  using regular expression

2022-03-31 23:02:42 - [MESSAGE][PASSED] - Text 'Netherlands' is present on page  using regular expression

2022-03-31 23:02:42 - [TEST_STEP][PASSED] - verifyTextPresent("Switzerland", true): Text 'Switzerland' is present on page  using regular expression

2022-03-31 23:02:43 - [MESSAGE][PASSED] - Text 'Switzerland' is present on page  using regular expression

2022-03-31 23:02:43 - [TEST_STEP][PASSED] - verifyTextPresent("France", true): Text 'France' is present on page  using regular expression

2022-03-31 23:02:43 - [MESSAGE][PASSED] - Text 'France' is present on page  using regular expression

2022-03-31 23:02:43 - [TEST_STEP][PASSED] - verifyTextPresent("Card Information", true): Text 'Card Information' is present on page  using regular expression

2022-03-31 23:02:43 - [MESSAGE][PASSED] - Text 'Card Information' is present on page  using regular expression

2022-03-31 23:02:43 - [TEST_STEP][PASSED] - verifyTextPresent("Amount", true): Text 'Amount' is present on page  using regular expression

2022-03-31 23:02:44 - [MESSAGE][PASSED] - Text 'Amount' is present on page  using regular expression

2022-03-31 23:02:44 - [TEST_STEP][PASSED] - verifyTextPresent("Service Fee", true): Text 'Service Fee' is present on page  using regular expression

2022-03-31 23:02:44 - [MESSAGE][PASSED] - Text 'Service Fee' is present on page  using regular expression

2022-03-31 23:02:44 - [TEST_STEP][PASSED] - verifyTextPresent("Service Fee Type", true): Text 'Service Fee Type' is present on page  using regular expression

2022-03-31 23:02:44 - [MESSAGE][PASSED] - Text 'Service Fee Type' is present on page  using regular expression

2022-03-31 23:02:44 - [TEST_STEP][PASSED] - verifyTextPresent("Total Amount", true): Text 'Total Amount' is present on page  using regular expression

2022-03-31 23:02:45 - [MESSAGE][PASSED] - Text 'Total Amount' is present on page  using regular expression

2022-03-31 23:02:45 - [TEST_STEP][PASSED] - verifyTextPresent("Transaction Type", true): Text 'Transaction Type' is present on page  using regular expression

2022-03-31 23:02:45 - [MESSAGE][PASSED] - Text 'Transaction Type' is present on page  using regular expression

2022-03-31 23:02:45 - [TEST_STEP][PASSED] - verifyTextPresent("10.50", true): Text '10.50' is present on page  using regular expression

2022-03-31 23:02:45 - [MESSAGE][PASSED] - Text '10.50' is present on page  using regular expression

2022-03-31 23:02:45 - [TEST_STEP][PASSED] - verifyTextPresent("5.00", true): Text '5.00' is present on page  using regular expression

2022-03-31 23:02:46 - [MESSAGE][PASSED] - Text '5.00' is present on page  using regular expression

2022-03-31 23:02:46 - [TEST_STEP][PASSED] - verifyTextPresent("Dual Transaction", true): Text 'Dual Transaction' is present on page  using regular expression

2022-03-31 23:02:46 - [MESSAGE][PASSED] - Text 'Dual Transaction' is present on page  using regular expression

2022-03-31 23:02:46 - [TEST_STEP][PASSED] - verifyTextPresent("15.50", true): Text '15.50' is present on page  using regular expression

2022-03-31 23:02:46 - [MESSAGE][PASSED] - Text '15.50' is present on page  using regular expression

2022-03-31 23:02:46 - [TEST_STEP][PASSED] - verifyTextPresent("Authorization and Capture", true): Text 'Authorization and Capture' is present on page  using regular expression

2022-03-31 23:02:47 - [MESSAGE][PASSED] - Text 'Authorization and Capture' is present on page  using regular expression

2022-03-31 23:02:47 - [TEST_STEP][PASSED] - cardNameV = findTestData(dataFile).getValue("CardNameV", row): null

2022-03-31 23:02:47 - [TEST_STEP][PASSED] - al1V = findTestData(dataFile).getValue("AL1", row): null

2022-03-31 23:02:47 - [TEST_STEP][PASSED] - al2V = findTestData(dataFile).getValue("AL2", row): null

2022-03-31 23:02:47 - [TEST_STEP][PASSED] - zipV = findTestData(dataFile).getValue("ZIP", row): null

2022-03-31 23:02:47 - [TEST_STEP][PASSED] - cardTypeV = findTestData(dataFile).getValue("CardType", row): null

2022-03-31 23:02:47 - [TEST_STEP][PASSED] - last4V = findTestData(dataFile).getValue("Last4", row): null

2022-03-31 23:02:47 - [TEST_STEP][PASSED] - verifyTextPresent(cardNameV, true): Text 'TULSI RAMAN' is present on page  using regular expression

2022-03-31 23:02:48 - [MESSAGE][PASSED] - Text 'TULSI RAMAN' is present on page  using regular expression

2022-03-31 23:02:48 - [TEST_STEP][PASSED] - verifyTextPresent("Address Line 1", true): Text 'Address Line 1' is present on page  using regular expression

2022-03-31 23:02:48 - [MESSAGE][PASSED] - Text 'Address Line 1' is present on page  using regular expression

2022-03-31 23:02:48 - [TEST_STEP][PASSED] - verifyTextPresent("Address Line 2", true): Text 'Address Line 2' is present on page  using regular expression

2022-03-31 23:02:48 - [MESSAGE][PASSED] - Text 'Address Line 2' is present on page  using regular expression

2022-03-31 23:02:48 - [TEST_STEP][PASSED] - verifyTextPresent("Country", true): Text 'Country' is present on page  using regular expression

2022-03-31 23:02:49 - [MESSAGE][PASSED] - Text 'Country' is present on page  using regular expression

2022-03-31 23:02:49 - [TEST_STEP][PASSED] - verifyTextPresent("City", true): Text 'City' is present on page  using regular expression

2022-03-31 23:02:49 - [MESSAGE][PASSED] - Text 'City' is present on page  using regular expression

2022-03-31 23:02:49 - [TEST_STEP][PASSED] - verifyTextPresent("State", true): Text 'State' is present on page  using regular expression

2022-03-31 23:02:49 - [MESSAGE][PASSED] - Text 'State' is present on page  using regular expression

2022-03-31 23:02:49 - [TEST_STEP][PASSED] - verifyTextPresent("ZIP Code", true): Text 'ZIP Code' is present on page  using regular expression

2022-03-31 23:02:50 - [MESSAGE][PASSED] - Text 'ZIP Code' is present on page  using regular expression

2022-03-31 23:02:50 - [TEST_STEP][PASSED] - verifyTextPresent(al1V, true): Text '25987 Hill Top' is present on page  using regular expression

2022-03-31 23:02:50 - [MESSAGE][PASSED] - Text '25987 Hill Top' is present on page  using regular expression

2022-03-31 23:02:50 - [TEST_STEP][PASSED] - verifyTextPresent(al2V, true): Text 'Suite 500' is present on page  using regular expression

2022-03-31 23:02:50 - [MESSAGE][PASSED] - Text 'Suite 500' is present on page  using regular expression

2022-03-31 23:02:50 - [TEST_STEP][PASSED] - verifyTextPresent("United States", true): Text 'United States' is present on page  using regular expression

2022-03-31 23:02:51 - [MESSAGE][PASSED] - Text 'United States' is present on page  using regular expression

2022-03-31 23:02:51 - [TEST_STEP][PASSED] - verifyTextPresent("ARLINGTON", true): Text 'ARLINGTON' is present on page  using regular expression

2022-03-31 23:02:51 - [MESSAGE][PASSED] - Text 'ARLINGTON' is present on page  using regular expression

2022-03-31 23:02:51 - [TEST_STEP][PASSED] - verifyTextPresent("Virginia", true): Text 'Virginia' is present on page  using regular expression

2022-03-31 23:02:51 - [MESSAGE][PASSED] - Text 'Virginia' is present on page  using regular expression

2022-03-31 23:02:51 - [TEST_STEP][PASSED] - verifyTextPresent(zipV, true): Text '22201' is present on page  using regular expression

2022-03-31 23:02:52 - [MESSAGE][PASSED] - Text '22201' is present on page  using regular expression

2022-03-31 23:02:52 - [TEST_STEP][PASSED] - verifyTextPresent(cardTypeV, true): Text 'Discover' is present on page  using regular expression

2022-03-31 23:02:52 - [MESSAGE][PASSED] - Text 'Discover' is present on page  using regular expression

2022-03-31 23:02:52 - [TEST_STEP][PASSED] - verifyTextPresent(last4V, true): Text '6909' is present on page  using regular expression

2022-03-31 23:02:52 - [MESSAGE][PASSED] - Text '6909' is present on page  using regular expression

2022-03-31 23:02:52 - [TEST_STEP][PASSED] - closeBrowser(): Browser is closed

2022-03-31 23:02:53 - [MESSAGE][PASSED] - Browser is closed

2022-03-31 23:02:53 - [TEST_STEP][PASSED] - ExecuteTC = findTestData(dataFile).getValue("Execute", row): null

2022-03-31 23:02:53 - [TEST_STEP][PASSED] - out.println("Value of Execute is : " + ExecuteTC): null

2022-03-31 23:02:53 - [TEST_STEP][PASSED] - switch (executionProfile): null

2022-03-31 23:02:53 - [TEST_STEP][PASSED] - case "QAProfile":: null

2022-03-31 23:02:53 - [TEST_STEP][PASSED] - appName = findTestData(dataFile).getValue("AppNameQA", row): null

2022-03-31 23:02:53 - [TEST_STEP][PASSED] - appID = findTestData(dataFile).getValue("AppIDQA", row): null

2022-03-31 23:02:54 - [TEST_STEP][PASSED] - break: null

2022-03-31 23:02:54 - [TEST_STEP][PASSED] - hrefAppID = li_1 + appID + li_2: null

2022-03-31 23:02:54 - [TEST_STEP][PASSED] - hrefApp = li_1 + appID + "/": null

2022-03-31 23:02:54 - [TEST_STEP][PASSED] - println("hrefApp : " + hrefApp): null

2022-03-31 23:02:54 - [TEST_STEP][PASSED] - if (ExecuteTC.equalsIgnoreCase("Y")): Browser is closed

2022-03-31 23:02:54 - [TEST_STEP][PASSED] - out.println("Begin Record Number: " + row): null

2022-03-31 23:02:54 - [TEST_STEP][PASSED] - today = new java.util.Date(): null

2022-03-31 23:02:54 - [TEST_STEP][PASSED] - println(today): null

2022-03-31 23:02:54 - [TEST_STEP][PASSED] - datText = today: null

2022-03-31 23:02:54 - [TEST_STEP][PASSED] - adminSuiteBootstrap.loginFunctionality.login_AdminSuite(): adminSuiteBootstrap.loginFunctionality.login_AdminSuite is PASSED

2022-03-31 23:02:54 - [MESSAGE][INFO] - Starting 'Chrome' driver

2022-03-31 23:02:54 - [MESSAGE][INFO] - User set preference: ['acceptInsecureCerts', 'true']

2022-03-31 23:02:54 - [MESSAGE][INFO] - Action delay is set to 0 milliseconds

2022-03-31 23:02:56 - [MESSAGE][PASSED] - Browser is opened with url: 'https://qa.velocitypayment.com/admin/imtiaz'

2022-03-31 23:02:56 - [MESSAGE][PASSED] - Current window maximized

2022-03-31 23:02:57 - [MESSAGE][PASSED] - Object 'Object Repository/Login_Page/Login_Username' is present

2022-03-31 23:02:57 - [MESSAGE][PASSED] - Text 'iahmed' is set on object 'Object Repository/Login_Page/Login_Username'

2022-03-31 23:02:58 - [MESSAGE][PASSED] - Text 'hello2222' is set on object 'Object Repository/Login_Page/Login_Password'

2022-03-31 23:03:01 - [MESSAGE][PASSED] - Object: 'Object Repository/Login_Page/Login_Submit' is clicked on

2022-03-31 23:03:01 - [MESSAGE][PASSED] - adminSuiteBootstrap.loginFunctionality.login_AdminSuite is PASSED

2022-03-31 23:03:01 - [TEST_STEP][PASSED] - click(findTestObject(path_Dashboard + appName)): Object: 'Object Repository/AdminSuiteBootstrap_Pages/Dashboard_Bootstrap/a_Access AutoDualCFtpQA' is clicked on

2022-03-31 23:03:02 - [MESSAGE][PASSED] - Object: 'Object Repository/AdminSuiteBootstrap_Pages/Dashboard_Bootstrap/a_Access AutoDualCFtpQA' is clicked on

2022-03-31 23:03:02 - [TEST_STEP][PASSED] - click(findTestObject(path_VT + "button_Authorization  Capture (Sale)")): Object: 'Object Repository/AdminSuiteBootstrap_Pages/VT_Bootstrap/IssueTransactions/button_Authorization  Capture (Sale)' is clicked on

2022-03-31 23:03:03 - [MESSAGE][PASSED] - Object: 'Object Repository/AdminSuiteBootstrap_Pages/VT_Bootstrap/IssueTransactions/button_Authorization  Capture (Sale)' is clicked on

2022-03-31 23:03:03 - [TEST_STEP][PASSED] - saleKeyboardEntryLink = modifyObjectProperty(findTestObject(path_VT + "a_KeyboardEntry_Sale"), "href", "equals", hrefAppID, true): Modify property of object successfully

2022-03-31 23:03:03 - [MESSAGE][PASSED] - Modify property of object successfully

2022-03-31 23:03:03 - [TEST_STEP][PASSED] - click(saleKeyboardEntryLink): Object: 'Object Repository/AdminSuiteBootstrap_Pages/VT_Bootstrap/IssueTransactions/a_KeyboardEntry_Sale' is clicked on

2022-03-31 23:03:03 - [MESSAGE][PASSED] - Object: 'Object Repository/AdminSuiteBootstrap_Pages/VT_Bootstrap/IssueTransactions/a_KeyboardEntry_Sale' is clicked on

2022-03-31 23:03:03 - [TEST_STEP][PASSED] - adminSuiteBootstrap.virtualTerminalSetData.saleKeyboard_DataDriven(row, dataFile): adminSuiteBootstrap.virtualTerminalSetData.saleKeyboard_DataDriven is PASSED

2022-03-31 23:03:06 - [MESSAGE][PASSED] - Text 'Janaki James' is set on object 'Object Repository/AdminSuiteBootstrap_Pages/VT_Bootstrap/SaleKeyboard/input_cardName'

2022-03-31 23:03:07 - [MESSAGE][PASSED] - All options with value 'MOTO' are selected in object 'Object Repository/AdminSuiteBootstrap_Pages/VT_Bootstrap/SaleKeyboard/select_transactionCategory'  using regular expression

2022-03-31 23:03:08 - [MESSAGE][PASSED] - Execute JavaScript 'arguments[0].value ='4012000098765439' ' successfully

2022-03-31 23:03:08 - [MESSAGE][PASSED] - Execute JavaScript 'arguments[0].value ='123' ' successfully

2022-03-31 23:03:09 - [MESSAGE][PASSED] - All options with value '12' are selected in object 'Object Repository/AdminSuiteBootstrap_Pages/VT_Bootstrap/SaleKeyboard/select_MM'  using regular expression

2022-03-31 23:03:10 - [MESSAGE][PASSED] - All options with value '2025' are selected in object 'Object Repository/AdminSuiteBootstrap_Pages/VT_Bootstrap/SaleKeyboard/select_YYYY'  using regular expression

2022-03-31 23:03:11 - [MESSAGE][PASSED] - Text '36 Cornor Road' is set on object 'Object Repository/AdminSuiteBootstrap_Pages/VT_Bootstrap/SaleKeyboard/input__address'

2022-03-31 23:03:12 - [MESSAGE][PASSED] - Text 'Suite 500' is set on object 'Object Repository/AdminSuiteBootstrap_Pages/VT_Bootstrap/SaleKeyboard/input__address2'

2022-03-31 23:03:13 - [MESSAGE][PASSED] - Text '22201' is set on object 'Object Repository/AdminSuiteBootstrap_Pages/VT_Bootstrap/SaleKeyboard/input__zip'

2022-03-31 23:03:13 - [MESSAGE][PASSED] - Text '' is set on object 'Object Repository/AdminSuiteBootstrap_Pages/VT_Bootstrap/SaleKeyboard/input_emailAddress'

2022-03-31 23:03:15 - [MESSAGE][PASSED] - Text '' is set on object 'Object Repository/AdminSuiteBootstrap_Pages/VT_Bootstrap/SaleKeyboard/input_smsNumber'

2022-03-31 23:03:15 - [MESSAGE][PASSED] - Text '10.50' is set on object 'Object Repository/AdminSuiteBootstrap_Pages/VT_Bootstrap/SaleKeyboard/input_amount'

2022-03-31 23:03:17 - [MESSAGE][PASSED] - Text 'Australia' is set on object 'Object Repository/AdminSuiteBootstrap_Pages/VT_Bootstrap/SaleKeyboard/input_userDefined1'

2022-03-31 23:03:17 - [MESSAGE][PASSED] - Text 'Denmark' is set on object 'Object Repository/AdminSuiteBootstrap_Pages/VT_Bootstrap/SaleKeyboard/input_userDefined2'

2022-03-31 23:03:18 - [MESSAGE][PASSED] - Text 'Sweden' is set on object 'Object Repository/AdminSuiteBootstrap_Pages/VT_Bootstrap/SaleKeyboard/input_userDefined3'

2022-03-31 23:03:19 - [MESSAGE][PASSED] - Text 'Austria' is set on object 'Object Repository/AdminSuiteBootstrap_Pages/VT_Bootstrap/SaleKeyboard/input_userDefined4'

2022-03-31 23:03:20 - [MESSAGE][PASSED] - All options with label 'Orange' are selected in object 'Object Repository/AdminSuiteBootstrap_Pages/VT_Bootstrap/SaleKeyboard/select_UDF5_DropDown'  using regular expression

2022-03-31 23:03:21 - [MESSAGE][PASSED] - All options with label 'Yellow' are selected in object 'Object Repository/AdminSuiteBootstrap_Pages/VT_Bootstrap/SaleKeyboard/select_UDF6_DropDown'  using regular expression

2022-03-31 23:03:22 - [MESSAGE][PASSED] - Text 'Norway' is set on object 'Object Repository/AdminSuiteBootstrap_Pages/VT_Bootstrap/SaleKeyboard/input_userDefined7'

2022-03-31 23:03:22 - [MESSAGE][PASSED] - Text 'Netherlands' is set on object 'Object Repository/AdminSuiteBootstrap_Pages/VT_Bootstrap/SaleKeyboard/input_userDefined8'

2022-03-31 23:03:23 - [MESSAGE][PASSED] - Text 'Switzerland' is set on object 'Object Repository/AdminSuiteBootstrap_Pages/VT_Bootstrap/SaleKeyboard/input_userDefined9'

2022-03-31 23:03:24 - [MESSAGE][PASSED] - Text 'France' is set on object 'Object Repository/AdminSuiteBootstrap_Pages/VT_Bootstrap/SaleKeyboard/input_userDefined10'

2022-03-31 23:03:26 - [MESSAGE][PASSED] - Object: 'Object Repository/AdminSuiteBootstrap_Pages/VT_Bootstrap/SaleKeyboard/button_Submit' is clicked on

2022-03-31 23:03:26 - [MESSAGE][PASSED] - adminSuiteBootstrap.virtualTerminalSetData.saleKeyboard_DataDriven is PASSED

2022-03-31 23:03:26 - [TEST_STEP][PASSED] - verifyTextPresent("Transaction Successful", true): Text 'Transaction Successful' is present on page  using regular expression

2022-03-31 23:03:26 - [MESSAGE][PASSED] - Text 'Transaction Successful' is present on page  using regular expression

2022-03-31 23:03:26 - [TEST_STEP][PASSED] - verifyElementVisible(findTestObject("Object Repository/AdminSuiteBootstrap_Pages/VT_Bootstrap/Receipt/button_Continue")): Object 'Object Repository/AdminSuiteBootstrap_Pages/VT_Bootstrap/Receipt/button_Continue' is visible

2022-03-31 23:03:27 - [MESSAGE][PASSED] - Object 'Object Repository/AdminSuiteBootstrap_Pages/VT_Bootstrap/Receipt/button_Continue' is visible

2022-03-31 23:03:27 - [TEST_STEP][PASSED] - verifyElementPresent(findTestObject("Object Repository/AdminSuiteBootstrap_Pages/VT_Bootstrap/Receipt/button_Continue"), 20): Object 'Object Repository/AdminSuiteBootstrap_Pages/VT_Bootstrap/Receipt/button_Continue' is present

2022-03-31 23:03:27 - [MESSAGE][PASSED] - Object 'Object Repository/AdminSuiteBootstrap_Pages/VT_Bootstrap/Receipt/button_Continue' is present

2022-03-31 23:03:27 - [TEST_STEP][PASSED] - verifyElementVisible(findTestObject("Object Repository/AdminSuiteBootstrap_Pages/VT_Bootstrap/Receipt/button_Print")): Object 'Object Repository/AdminSuiteBootstrap_Pages/VT_Bootstrap/Receipt/button_Print' is visible

2022-03-31 23:03:27 - [MESSAGE][PASSED] - Object 'Object Repository/AdminSuiteBootstrap_Pages/VT_Bootstrap/Receipt/button_Print' is visible

2022-03-31 23:03:27 - [TEST_STEP][PASSED] - verifyElementPresent(findTestObject("Object Repository/AdminSuiteBootstrap_Pages/VT_Bootstrap/Receipt/button_Print"), 20): Object 'Object Repository/AdminSuiteBootstrap_Pages/VT_Bootstrap/Receipt/button_Print' is present

2022-03-31 23:03:28 - [MESSAGE][PASSED] - Object 'Object Repository/AdminSuiteBootstrap_Pages/VT_Bootstrap/Receipt/button_Print' is present

2022-03-31 23:03:28 - [TEST_STEP][PASSED] - verifyTextPresent("Remittance ID", true): Text 'Remittance ID' is present on page  using regular expression

2022-03-31 23:03:28 - [MESSAGE][PASSED] - Text 'Remittance ID' is present on page  using regular expression

2022-03-31 23:03:28 - [TEST_STEP][PASSED] - verifyTextPresent("Received", true): Text 'Received' is present on page  using regular expression

2022-03-31 23:03:28 - [MESSAGE][PASSED] - Text 'Received' is present on page  using regular expression

2022-03-31 23:03:28 - [TEST_STEP][PASSED] - verifyTextPresent("UDF1", true): Text 'UDF1' is present on page  using regular expression

2022-03-31 23:03:29 - [MESSAGE][PASSED] - Text 'UDF1' is present on page  using regular expression

2022-03-31 23:03:29 - [TEST_STEP][PASSED] - verifyTextPresent("UDF2", true): Text 'UDF2' is present on page  using regular expression

2022-03-31 23:03:29 - [MESSAGE][PASSED] - Text 'UDF2' is present on page  using regular expression

2022-03-31 23:03:29 - [TEST_STEP][PASSED] - verifyTextPresent("UDF3", true): Text 'UDF3' is present on page  using regular expression

2022-03-31 23:03:29 - [MESSAGE][PASSED] - Text 'UDF3' is present on page  using regular expression

2022-03-31 23:03:29 - [TEST_STEP][PASSED] - verifyTextPresent("UDF4", true): Text 'UDF4' is present on page  using regular expression

2022-03-31 23:03:30 - [MESSAGE][PASSED] - Text 'UDF4' is present on page  using regular expression

2022-03-31 23:03:30 - [TEST_STEP][PASSED] - verifyTextPresent("UDF5", true): Text 'UDF5' is present on page  using regular expression

2022-03-31 23:03:30 - [MESSAGE][PASSED] - Text 'UDF5' is present on page  using regular expression

2022-03-31 23:03:30 - [TEST_STEP][PASSED] - verifyTextPresent("UDF6", true): Text 'UDF6' is present on page  using regular expression

2022-03-31 23:03:30 - [MESSAGE][PASSED] - Text 'UDF6' is present on page  using regular expression

2022-03-31 23:03:30 - [TEST_STEP][PASSED] - verifyTextPresent("UDF7", true): Text 'UDF7' is present on page  using regular expression

2022-03-31 23:03:31 - [MESSAGE][PASSED] - Text 'UDF7' is present on page  using regular expression

2022-03-31 23:03:31 - [TEST_STEP][PASSED] - verifyTextPresent("UDF8", true): Text 'UDF8' is present on page  using regular expression

2022-03-31 23:03:31 - [MESSAGE][PASSED] - Text 'UDF8' is present on page  using regular expression

2022-03-31 23:03:31 - [TEST_STEP][PASSED] - verifyTextPresent("UDF9", true): Text 'UDF9' is present on page  using regular expression

2022-03-31 23:03:31 - [MESSAGE][PASSED] - Text 'UDF9' is present on page  using regular expression

2022-03-31 23:03:31 - [TEST_STEP][PASSED] - verifyTextPresent("UDF 10", true): Text 'UDF 10' is present on page  using regular expression

2022-03-31 23:03:32 - [MESSAGE][PASSED] - Text 'UDF 10' is present on page  using regular expression

2022-03-31 23:03:32 - [TEST_STEP][PASSED] - verifyTextPresent("Australia", true): Text 'Australia' is present on page  using regular expression

2022-03-31 23:03:32 - [MESSAGE][PASSED] - Text 'Australia' is present on page  using regular expression

2022-03-31 23:03:32 - [TEST_STEP][PASSED] - verifyTextPresent("Denmark", true): Text 'Denmark' is present on page  using regular expression

2022-03-31 23:03:32 - [MESSAGE][PASSED] - Text 'Denmark' is present on page  using regular expression

2022-03-31 23:03:32 - [TEST_STEP][PASSED] - verifyTextPresent("Sweden", true): Text 'Sweden' is present on page  using regular expression

2022-03-31 23:03:33 - [MESSAGE][PASSED] - Text 'Sweden' is present on page  using regular expression

2022-03-31 23:03:33 - [TEST_STEP][PASSED] - verifyTextPresent("Austria", true): Text 'Austria' is present on page  using regular expression

2022-03-31 23:03:33 - [MESSAGE][PASSED] - Text 'Austria' is present on page  using regular expression

2022-03-31 23:03:33 - [TEST_STEP][PASSED] - verifyTextPresent("Orange Recorded", true): Text 'Orange Recorded' is present on page  using regular expression

2022-03-31 23:03:33 - [MESSAGE][PASSED] - Text 'Orange Recorded' is present on page  using regular expression

2022-03-31 23:03:33 - [TEST_STEP][PASSED] - verifyTextPresent("Yellow Recorded", true): Text 'Yellow Recorded' is present on page  using regular expression

2022-03-31 23:03:34 - [MESSAGE][PASSED] - Text 'Yellow Recorded' is present on page  using regular expression

2022-03-31 23:03:34 - [TEST_STEP][PASSED] - verifyTextPresent("Norway", true): Text 'Norway' is present on page  using regular expression

2022-03-31 23:03:34 - [MESSAGE][PASSED] - Text 'Norway' is present on page  using regular expression

2022-03-31 23:03:34 - [TEST_STEP][PASSED] - verifyTextPresent("Netherlands", true): Text 'Netherlands' is present on page  using regular expression

2022-03-31 23:03:35 - [MESSAGE][PASSED] - Text 'Netherlands' is present on page  using regular expression

2022-03-31 23:03:35 - [TEST_STEP][PASSED] - verifyTextPresent("Switzerland", true): Text 'Switzerland' is present on page  using regular expression

2022-03-31 23:03:35 - [MESSAGE][PASSED] - Text 'Switzerland' is present on page  using regular expression

2022-03-31 23:03:35 - [TEST_STEP][PASSED] - verifyTextPresent("France", true): Text 'France' is present on page  using regular expression

2022-03-31 23:03:35 - [MESSAGE][PASSED] - Text 'France' is present on page  using regular expression

2022-03-31 23:03:35 - [TEST_STEP][PASSED] - verifyTextPresent("Card Information", true): Text 'Card Information' is present on page  using regular expression

2022-03-31 23:03:36 - [MESSAGE][PASSED] - Text 'Card Information' is present on page  using regular expression

2022-03-31 23:03:36 - [TEST_STEP][PASSED] - verifyTextPresent("Amount", true): Text 'Amount' is present on page  using regular expression

2022-03-31 23:03:36 - [MESSAGE][PASSED] - Text 'Amount' is present on page  using regular expression

2022-03-31 23:03:36 - [TEST_STEP][PASSED] - verifyTextPresent("Service Fee", true): Text 'Service Fee' is present on page  using regular expression

2022-03-31 23:03:36 - [MESSAGE][PASSED] - Text 'Service Fee' is present on page  using regular expression

2022-03-31 23:03:36 - [TEST_STEP][PASSED] - verifyTextPresent("Service Fee Type", true): Text 'Service Fee Type' is present on page  using regular expression

2022-03-31 23:03:37 - [MESSAGE][PASSED] - Text 'Service Fee Type' is present on page  using regular expression

2022-03-31 23:03:37 - [TEST_STEP][PASSED] - verifyTextPresent("Total Amount", true): Text 'Total Amount' is present on page  using regular expression

2022-03-31 23:03:37 - [MESSAGE][PASSED] - Text 'Total Amount' is present on page  using regular expression

2022-03-31 23:03:37 - [TEST_STEP][PASSED] - verifyTextPresent("Transaction Type", true): Text 'Transaction Type' is present on page  using regular expression

2022-03-31 23:03:37 - [MESSAGE][PASSED] - Text 'Transaction Type' is present on page  using regular expression

2022-03-31 23:03:37 - [TEST_STEP][PASSED] - verifyTextPresent("10.50", true): Text '10.50' is present on page  using regular expression

2022-03-31 23:03:38 - [MESSAGE][PASSED] - Text '10.50' is present on page  using regular expression

2022-03-31 23:03:38 - [TEST_STEP][PASSED] - verifyTextPresent("5.00", true): Text '5.00' is present on page  using regular expression

2022-03-31 23:03:38 - [MESSAGE][PASSED] - Text '5.00' is present on page  using regular expression

2022-03-31 23:03:38 - [TEST_STEP][PASSED] - verifyTextPresent("Dual Transaction", true): Text 'Dual Transaction' is present on page  using regular expression

2022-03-31 23:03:38 - [MESSAGE][PASSED] - Text 'Dual Transaction' is present on page  using regular expression

2022-03-31 23:03:38 - [TEST_STEP][PASSED] - verifyTextPresent("15.50", true): Text '15.50' is present on page  using regular expression

2022-03-31 23:03:39 - [MESSAGE][PASSED] - Text '15.50' is present on page  using regular expression

2022-03-31 23:03:39 - [TEST_STEP][PASSED] - verifyTextPresent("Authorization and Capture", true): Text 'Authorization and Capture' is present on page  using regular expression

2022-03-31 23:03:39 - [MESSAGE][PASSED] - Text 'Authorization and Capture' is present on page  using regular expression

2022-03-31 23:03:39 - [TEST_STEP][PASSED] - cardNameV = findTestData(dataFile).getValue("CardNameV", row): null

2022-03-31 23:03:39 - [TEST_STEP][PASSED] - al1V = findTestData(dataFile).getValue("AL1", row): null

2022-03-31 23:03:39 - [TEST_STEP][PASSED] - al2V = findTestData(dataFile).getValue("AL2", row): null

2022-03-31 23:03:39 - [TEST_STEP][PASSED] - zipV = findTestData(dataFile).getValue("ZIP", row): null

2022-03-31 23:03:39 - [TEST_STEP][PASSED] - cardTypeV = findTestData(dataFile).getValue("CardType", row): null

2022-03-31 23:03:39 - [TEST_STEP][PASSED] - last4V = findTestData(dataFile).getValue("Last4", row): null

2022-03-31 23:03:40 - [TEST_STEP][PASSED] - verifyTextPresent(cardNameV, true): Text 'JANAKI JAMES' is present on page  using regular expression

2022-03-31 23:03:40 - [MESSAGE][PASSED] - Text 'JANAKI JAMES' is present on page  using regular expression

2022-03-31 23:03:40 - [TEST_STEP][PASSED] - verifyTextPresent("Address Line 1", true): Text 'Address Line 1' is present on page  using regular expression

2022-03-31 23:03:40 - [MESSAGE][PASSED] - Text 'Address Line 1' is present on page  using regular expression

2022-03-31 23:03:40 - [TEST_STEP][PASSED] - verifyTextPresent("Address Line 2", true): Text 'Address Line 2' is present on page  using regular expression

2022-03-31 23:03:41 - [MESSAGE][PASSED] - Text 'Address Line 2' is present on page  using regular expression

2022-03-31 23:03:41 - [TEST_STEP][PASSED] - verifyTextPresent("Country", true): Text 'Country' is present on page  using regular expression

2022-03-31 23:03:41 - [MESSAGE][PASSED] - Text 'Country' is present on page  using regular expression

2022-03-31 23:03:41 - [TEST_STEP][PASSED] - verifyTextPresent("City", true): Text 'City' is present on page  using regular expression

2022-03-31 23:03:41 - [MESSAGE][PASSED] - Text 'City' is present on page  using regular expression

2022-03-31 23:03:41 - [TEST_STEP][PASSED] - verifyTextPresent("State", true): Text 'State' is present on page  using regular expression

2022-03-31 23:03:42 - [MESSAGE][PASSED] - Text 'State' is present on page  using regular expression

2022-03-31 23:03:42 - [TEST_STEP][PASSED] - verifyTextPresent("ZIP Code", true): Text 'ZIP Code' is present on page  using regular expression

2022-03-31 23:03:42 - [MESSAGE][PASSED] - Text 'ZIP Code' is present on page  using regular expression

2022-03-31 23:03:42 - [TEST_STEP][PASSED] - verifyTextPresent(al1V, true): Text '36 Cornor Road' is present on page  using regular expression

2022-03-31 23:03:42 - [MESSAGE][PASSED] - Text '36 Cornor Road' is present on page  using regular expression

2022-03-31 23:03:42 - [TEST_STEP][PASSED] - verifyTextPresent(al2V, true): Text 'Suite 500' is present on page  using regular expression

2022-03-31 23:03:43 - [MESSAGE][PASSED] - Text 'Suite 500' is present on page  using regular expression

2022-03-31 23:03:43 - [TEST_STEP][PASSED] - verifyTextPresent("United States", true): Text 'United States' is present on page  using regular expression

2022-03-31 23:03:43 - [MESSAGE][PASSED] - Text 'United States' is present on page  using regular expression

2022-03-31 23:03:43 - [TEST_STEP][PASSED] - verifyTextPresent("ARLINGTON", true): Text 'ARLINGTON' is present on page  using regular expression

2022-03-31 23:03:43 - [MESSAGE][PASSED] - Text 'ARLINGTON' is present on page  using regular expression

2022-03-31 23:03:43 - [TEST_STEP][PASSED] - verifyTextPresent("Virginia", true): Text 'Virginia' is present on page  using regular expression

2022-03-31 23:03:44 - [MESSAGE][PASSED] - Text 'Virginia' is present on page  using regular expression

2022-03-31 23:03:44 - [TEST_STEP][PASSED] - verifyTextPresent(zipV, true): Text '22201' is present on page  using regular expression

2022-03-31 23:03:44 - [MESSAGE][PASSED] - Text '22201' is present on page  using regular expression

2022-03-31 23:03:44 - [TEST_STEP][PASSED] - verifyTextPresent(cardTypeV, true): Text 'Visa' is present on page  using regular expression

2022-03-31 23:03:44 - [MESSAGE][PASSED] - Text 'Visa' is present on page  using regular expression

2022-03-31 23:03:44 - [TEST_STEP][PASSED] - verifyTextPresent(last4V, true): Text '5439' is present on page  using regular expression

2022-03-31 23:03:45 - [MESSAGE][PASSED] - Text '5439' is present on page  using regular expression

2022-03-31 23:03:45 - [TEST_STEP][PASSED] - closeBrowser(): Browser is closed

2022-03-31 23:03:45 - [MESSAGE][PASSED] - Browser is closed

2022-03-31 23:03:45 - [TEST_STEP][PASSED] - ExecuteTC = findTestData(dataFile).getValue("Execute", row): null

2022-03-31 23:03:46 - [TEST_STEP][PASSED] - out.println("Value of Execute is : " + ExecuteTC): null

2022-03-31 23:03:46 - [TEST_STEP][PASSED] - switch (executionProfile): null

2022-03-31 23:03:46 - [TEST_STEP][PASSED] - case "QAProfile":: null

2022-03-31 23:03:46 - [TEST_STEP][PASSED] - appName = findTestData(dataFile).getValue("AppNameQA", row): null

2022-03-31 23:03:46 - [TEST_STEP][PASSED] - appID = findTestData(dataFile).getValue("AppIDQA", row): null

2022-03-31 23:03:46 - [TEST_STEP][PASSED] - break: null

2022-03-31 23:03:46 - [TEST_STEP][PASSED] - hrefAppID = li_1 + appID + li_2: null

2022-03-31 23:03:46 - [TEST_STEP][PASSED] - hrefApp = li_1 + appID + "/": null

2022-03-31 23:03:46 - [TEST_STEP][PASSED] - println("hrefApp : " + hrefApp): null

2022-03-31 23:03:46 - [TEST_STEP][PASSED] - if (ExecuteTC.equalsIgnoreCase("Y")): Browser is closed

2022-03-31 23:03:46 - [TEST_STEP][PASSED] - out.println("Begin Record Number: " + row): null

2022-03-31 23:03:46 - [TEST_STEP][PASSED] - today = new java.util.Date(): null

2022-03-31 23:03:46 - [TEST_STEP][PASSED] - println(today): null

2022-03-31 23:03:46 - [TEST_STEP][PASSED] - datText = today: null

2022-03-31 23:03:46 - [TEST_STEP][PASSED] - adminSuiteBootstrap.loginFunctionality.login_AdminSuite(): adminSuiteBootstrap.loginFunctionality.login_AdminSuite is PASSED

2022-03-31 23:03:46 - [MESSAGE][INFO] - Starting 'Chrome' driver

2022-03-31 23:03:46 - [MESSAGE][INFO] - User set preference: ['acceptInsecureCerts', 'true']

2022-03-31 23:03:46 - [MESSAGE][INFO] - Action delay is set to 0 milliseconds

2022-03-31 23:03:48 - [MESSAGE][PASSED] - Browser is opened with url: 'https://qa.velocitypayment.com/admin/imtiaz'

2022-03-31 23:03:49 - [MESSAGE][PASSED] - Current window maximized

2022-03-31 23:03:49 - [MESSAGE][PASSED] - Object 'Object Repository/Login_Page/Login_Username' is present

2022-03-31 23:03:50 - [MESSAGE][PASSED] - Text 'iahmed' is set on object 'Object Repository/Login_Page/Login_Username'

2022-03-31 23:03:50 - [MESSAGE][PASSED] - Text 'hello2222' is set on object 'Object Repository/Login_Page/Login_Password'

2022-03-31 23:03:53 - [MESSAGE][PASSED] - Object: 'Object Repository/Login_Page/Login_Submit' is clicked on

2022-03-31 23:03:53 - [MESSAGE][PASSED] - adminSuiteBootstrap.loginFunctionality.login_AdminSuite is PASSED

2022-03-31 23:03:53 - [TEST_STEP][PASSED] - click(findTestObject(path_Dashboard + appName)): Object: 'Object Repository/AdminSuiteBootstrap_Pages/Dashboard_Bootstrap/a_Access AutoDualCFtpQA' is clicked on

2022-03-31 23:03:54 - [MESSAGE][PASSED] - Object: 'Object Repository/AdminSuiteBootstrap_Pages/Dashboard_Bootstrap/a_Access AutoDualCFtpQA' is clicked on

2022-03-31 23:03:54 - [TEST_STEP][PASSED] - click(findTestObject(path_VT + "button_Authorization  Capture (Sale)")): Object: 'Object Repository/AdminSuiteBootstrap_Pages/VT_Bootstrap/IssueTransactions/button_Authorization  Capture (Sale)' is clicked on

2022-03-31 23:03:54 - [MESSAGE][PASSED] - Object: 'Object Repository/AdminSuiteBootstrap_Pages/VT_Bootstrap/IssueTransactions/button_Authorization  Capture (Sale)' is clicked on

2022-03-31 23:03:54 - [TEST_STEP][PASSED] - saleKeyboardEntryLink = modifyObjectProperty(findTestObject(path_VT + "a_KeyboardEntry_Sale"), "href", "equals", hrefAppID, true): Modify property of object successfully

2022-03-31 23:03:54 - [MESSAGE][PASSED] - Modify property of object successfully

2022-03-31 23:03:54 - [TEST_STEP][PASSED] - click(saleKeyboardEntryLink): Object: 'Object Repository/AdminSuiteBootstrap_Pages/VT_Bootstrap/IssueTransactions/a_KeyboardEntry_Sale' is clicked on

2022-03-31 23:03:55 - [MESSAGE][PASSED] - Object: 'Object Repository/AdminSuiteBootstrap_Pages/VT_Bootstrap/IssueTransactions/a_KeyboardEntry_Sale' is clicked on

2022-03-31 23:03:55 - [TEST_STEP][PASSED] - adminSuiteBootstrap.virtualTerminalSetData.saleKeyboard_DataDriven(row, dataFile): adminSuiteBootstrap.virtualTerminalSetData.saleKeyboard_DataDriven is PASSED

2022-03-31 23:03:58 - [MESSAGE][PASSED] - Text 'Janaki James' is set on object 'Object Repository/AdminSuiteBootstrap_Pages/VT_Bootstrap/SaleKeyboard/input_cardName'

2022-03-31 23:03:59 - [MESSAGE][PASSED] - All options with value 'MOTO' are selected in object 'Object Repository/AdminSuiteBootstrap_Pages/VT_Bootstrap/SaleKeyboard/select_transactionCategory'  using regular expression

2022-03-31 23:04:00 - [MESSAGE][PASSED] - Execute JavaScript 'arguments[0].value ='5146312200000035' ' successfully

2022-03-31 23:04:00 - [MESSAGE][PASSED] - Execute JavaScript 'arguments[0].value ='123' ' successfully

2022-03-31 23:04:01 - [MESSAGE][PASSED] - All options with value '12' are selected in object 'Object Repository/AdminSuiteBootstrap_Pages/VT_Bootstrap/SaleKeyboard/select_MM'  using regular expression

2022-03-31 23:04:02 - [MESSAGE][PASSED] - All options with value '2025' are selected in object 'Object Repository/AdminSuiteBootstrap_Pages/VT_Bootstrap/SaleKeyboard/select_YYYY'  using regular expression

2022-03-31 23:04:03 - [MESSAGE][PASSED] - Text '1478 Jhatka Palace' is set on object 'Object Repository/AdminSuiteBootstrap_Pages/VT_Bootstrap/SaleKeyboard/input__address'

2022-03-31 23:04:04 - [MESSAGE][PASSED] - Text 'Suite 500' is set on object 'Object Repository/AdminSuiteBootstrap_Pages/VT_Bootstrap/SaleKeyboard/input__address2'

2022-03-31 23:04:04 - [MESSAGE][PASSED] - Text '22201' is set on object 'Object Repository/AdminSuiteBootstrap_Pages/VT_Bootstrap/SaleKeyboard/input__zip'

2022-03-31 23:04:05 - [MESSAGE][PASSED] - Text '' is set on object 'Object Repository/AdminSuiteBootstrap_Pages/VT_Bootstrap/SaleKeyboard/input_emailAddress'

2022-03-31 23:04:06 - [MESSAGE][PASSED] - Text '' is set on object 'Object Repository/AdminSuiteBootstrap_Pages/VT_Bootstrap/SaleKeyboard/input_smsNumber'

2022-03-31 23:04:07 - [MESSAGE][PASSED] - Text '10.50' is set on object 'Object Repository/AdminSuiteBootstrap_Pages/VT_Bootstrap/SaleKeyboard/input_amount'

2022-03-31 23:04:08 - [MESSAGE][PASSED] - Text 'Australia' is set on object 'Object Repository/AdminSuiteBootstrap_Pages/VT_Bootstrap/SaleKeyboard/input_userDefined1'

2022-03-31 23:04:09 - [MESSAGE][PASSED] - Text 'Denmark' is set on object 'Object Repository/AdminSuiteBootstrap_Pages/VT_Bootstrap/SaleKeyboard/input_userDefined2'

2022-03-31 23:04:10 - [MESSAGE][PASSED] - Text 'Sweden' is set on object 'Object Repository/AdminSuiteBootstrap_Pages/VT_Bootstrap/SaleKeyboard/input_userDefined3'

2022-03-31 23:04:10 - [MESSAGE][PASSED] - Text 'Austria' is set on object 'Object Repository/AdminSuiteBootstrap_Pages/VT_Bootstrap/SaleKeyboard/input_userDefined4'

2022-03-31 23:04:11 - [MESSAGE][PASSED] - All options with label 'Orange' are selected in object 'Object Repository/AdminSuiteBootstrap_Pages/VT_Bootstrap/SaleKeyboard/select_UDF5_DropDown'  using regular expression

2022-03-31 23:04:12 - [MESSAGE][PASSED] - All options with label 'Yellow' are selected in object 'Object Repository/AdminSuiteBootstrap_Pages/VT_Bootstrap/SaleKeyboard/select_UDF6_DropDown'  using regular expression

2022-03-31 23:04:13 - [MESSAGE][PASSED] - Text 'Norway' is set on object 'Object Repository/AdminSuiteBootstrap_Pages/VT_Bootstrap/SaleKeyboard/input_userDefined7'

2022-03-31 23:04:14 - [MESSAGE][PASSED] - Text 'Netherlands' is set on object 'Object Repository/AdminSuiteBootstrap_Pages/VT_Bootstrap/SaleKeyboard/input_userDefined8'

2022-03-31 23:04:14 - [MESSAGE][PASSED] - Text 'Switzerland' is set on object 'Object Repository/AdminSuiteBootstrap_Pages/VT_Bootstrap/SaleKeyboard/input_userDefined9'

2022-03-31 23:04:15 - [MESSAGE][PASSED] - Text 'France' is set on object 'Object Repository/AdminSuiteBootstrap_Pages/VT_Bootstrap/SaleKeyboard/input_userDefined10'

2022-03-31 23:04:17 - [MESSAGE][PASSED] - Object: 'Object Repository/AdminSuiteBootstrap_Pages/VT_Bootstrap/SaleKeyboard/button_Submit' is clicked on

2022-03-31 23:04:17 - [MESSAGE][PASSED] - adminSuiteBootstrap.virtualTerminalSetData.saleKeyboard_DataDriven is PASSED

2022-03-31 23:04:17 - [TEST_STEP][PASSED] - verifyTextPresent("Transaction Successful", true): Text 'Transaction Successful' is present on page  using regular expression

2022-03-31 23:04:18 - [MESSAGE][PASSED] - Text 'Transaction Successful' is present on page  using regular expression

2022-03-31 23:04:18 - [TEST_STEP][PASSED] - verifyElementVisible(findTestObject("Object Repository/AdminSuiteBootstrap_Pages/VT_Bootstrap/Receipt/button_Continue")): Object 'Object Repository/AdminSuiteBootstrap_Pages/VT_Bootstrap/Receipt/button_Continue' is visible

2022-03-31 23:04:18 - [MESSAGE][PASSED] - Object 'Object Repository/AdminSuiteBootstrap_Pages/VT_Bootstrap/Receipt/button_Continue' is visible

2022-03-31 23:04:18 - [TEST_STEP][PASSED] - verifyElementPresent(findTestObject("Object Repository/AdminSuiteBootstrap_Pages/VT_Bootstrap/Receipt/button_Continue"), 20): Object 'Object Repository/AdminSuiteBootstrap_Pages/VT_Bootstrap/Receipt/button_Continue' is present

2022-03-31 23:04:19 - [MESSAGE][PASSED] - Object 'Object Repository/AdminSuiteBootstrap_Pages/VT_Bootstrap/Receipt/button_Continue' is present

2022-03-31 23:04:19 - [TEST_STEP][PASSED] - verifyElementVisible(findTestObject("Object Repository/AdminSuiteBootstrap_Pages/VT_Bootstrap/Receipt/button_Print")): Object 'Object Repository/AdminSuiteBootstrap_Pages/VT_Bootstrap/Receipt/button_Print' is visible

2022-03-31 23:04:19 - [MESSAGE][PASSED] - Object 'Object Repository/AdminSuiteBootstrap_Pages/VT_Bootstrap/Receipt/button_Print' is visible

2022-03-31 23:04:19 - [TEST_STEP][PASSED] - verifyElementPresent(findTestObject("Object Repository/AdminSuiteBootstrap_Pages/VT_Bootstrap/Receipt/button_Print"), 20): Object 'Object Repository/AdminSuiteBootstrap_Pages/VT_Bootstrap/Receipt/button_Print' is present

2022-03-31 23:04:19 - [MESSAGE][PASSED] - Object 'Object Repository/AdminSuiteBootstrap_Pages/VT_Bootstrap/Receipt/button_Print' is present

2022-03-31 23:04:19 - [TEST_STEP][PASSED] - verifyTextPresent("Remittance ID", true): Text 'Remittance ID' is present on page  using regular expression

2022-03-31 23:04:20 - [MESSAGE][PASSED] - Text 'Remittance ID' is present on page  using regular expression

2022-03-31 23:04:20 - [TEST_STEP][PASSED] - verifyTextPresent("Received", true): Text 'Received' is present on page  using regular expression

2022-03-31 23:04:20 - [MESSAGE][PASSED] - Text 'Received' is present on page  using regular expression

2022-03-31 23:04:20 - [TEST_STEP][PASSED] - verifyTextPresent("UDF1", true): Text 'UDF1' is present on page  using regular expression

2022-03-31 23:04:20 - [MESSAGE][PASSED] - Text 'UDF1' is present on page  using regular expression

2022-03-31 23:04:20 - [TEST_STEP][PASSED] - verifyTextPresent("UDF2", true): Text 'UDF2' is present on page  using regular expression

2022-03-31 23:04:21 - [MESSAGE][PASSED] - Text 'UDF2' is present on page  using regular expression

2022-03-31 23:04:21 - [TEST_STEP][PASSED] - verifyTextPresent("UDF3", true): Text 'UDF3' is present on page  using regular expression

2022-03-31 23:04:21 - [MESSAGE][PASSED] - Text 'UDF3' is present on page  using regular expression

2022-03-31 23:04:21 - [TEST_STEP][PASSED] - verifyTextPresent("UDF4", true): Text 'UDF4' is present on page  using regular expression

2022-03-31 23:04:21 - [MESSAGE][PASSED] - Text 'UDF4' is present on page  using regular expression

2022-03-31 23:04:21 - [TEST_STEP][PASSED] - verifyTextPresent("UDF5", true): Text 'UDF5' is present on page  using regular expression

2022-03-31 23:04:22 - [MESSAGE][PASSED] - Text 'UDF5' is present on page  using regular expression

2022-03-31 23:04:22 - [TEST_STEP][PASSED] - verifyTextPresent("UDF6", true): Text 'UDF6' is present on page  using regular expression

2022-03-31 23:04:22 - [MESSAGE][PASSED] - Text 'UDF6' is present on page  using regular expression

2022-03-31 23:04:22 - [TEST_STEP][PASSED] - verifyTextPresent("UDF7", true): Text 'UDF7' is present on page  using regular expression

2022-03-31 23:04:22 - [MESSAGE][PASSED] - Text 'UDF7' is present on page  using regular expression

2022-03-31 23:04:22 - [TEST_STEP][PASSED] - verifyTextPresent("UDF8", true): Text 'UDF8' is present on page  using regular expression

2022-03-31 23:04:23 - [MESSAGE][PASSED] - Text 'UDF8' is present on page  using regular expression

2022-03-31 23:04:23 - [TEST_STEP][PASSED] - verifyTextPresent("UDF9", true): Text 'UDF9' is present on page  using regular expression

2022-03-31 23:04:23 - [MESSAGE][PASSED] - Text 'UDF9' is present on page  using regular expression

2022-03-31 23:04:23 - [TEST_STEP][PASSED] - verifyTextPresent("UDF 10", true): Text 'UDF 10' is present on page  using regular expression

2022-03-31 23:04:23 - [MESSAGE][PASSED] - Text 'UDF 10' is present on page  using regular expression

2022-03-31 23:04:23 - [TEST_STEP][PASSED] - verifyTextPresent("Australia", true): Text 'Australia' is present on page  using regular expression

2022-03-31 23:04:24 - [MESSAGE][PASSED] - Text 'Australia' is present on page  using regular expression

2022-03-31 23:04:24 - [TEST_STEP][PASSED] - verifyTextPresent("Denmark", true): Text 'Denmark' is present on page  using regular expression

2022-03-31 23:04:24 - [MESSAGE][PASSED] - Text 'Denmark' is present on page  using regular expression

2022-03-31 23:04:24 - [TEST_STEP][PASSED] - verifyTextPresent("Sweden", true): Text 'Sweden' is present on page  using regular expression

2022-03-31 23:04:24 - [MESSAGE][PASSED] - Text 'Sweden' is present on page  using regular expression

2022-03-31 23:04:24 - [TEST_STEP][PASSED] - verifyTextPresent("Austria", true): Text 'Austria' is present on page  using regular expression

2022-03-31 23:04:25 - [MESSAGE][PASSED] - Text 'Austria' is present on page  using regular expression

2022-03-31 23:04:25 - [TEST_STEP][PASSED] - verifyTextPresent("Orange Recorded", true): Text 'Orange Recorded' is present on page  using regular expression

2022-03-31 23:04:25 - [MESSAGE][PASSED] - Text 'Orange Recorded' is present on page  using regular expression

2022-03-31 23:04:25 - [TEST_STEP][PASSED] - verifyTextPresent("Yellow Recorded", true): Text 'Yellow Recorded' is present on page  using regular expression

2022-03-31 23:04:25 - [MESSAGE][PASSED] - Text 'Yellow Recorded' is present on page  using regular expression

2022-03-31 23:04:25 - [TEST_STEP][PASSED] - verifyTextPresent("Norway", true): Text 'Norway' is present on page  using regular expression

2022-03-31 23:04:26 - [MESSAGE][PASSED] - Text 'Norway' is present on page  using regular expression

2022-03-31 23:04:26 - [TEST_STEP][PASSED] - verifyTextPresent("Netherlands", true): Text 'Netherlands' is present on page  using regular expression

2022-03-31 23:04:26 - [MESSAGE][PASSED] - Text 'Netherlands' is present on page  using regular expression

2022-03-31 23:04:26 - [TEST_STEP][PASSED] - verifyTextPresent("Switzerland", true): Text 'Switzerland' is present on page  using regular expression

2022-03-31 23:04:26 - [MESSAGE][PASSED] - Text 'Switzerland' is present on page  using regular expression

2022-03-31 23:04:26 - [TEST_STEP][PASSED] - verifyTextPresent("France", true): Text 'France' is present on page  using regular expression

2022-03-31 23:04:27 - [MESSAGE][PASSED] - Text 'France' is present on page  using regular expression

2022-03-31 23:04:27 - [TEST_STEP][PASSED] - verifyTextPresent("Card Information", true): Text 'Card Information' is present on page  using regular expression

2022-03-31 23:04:27 - [MESSAGE][PASSED] - Text 'Card Information' is present on page  using regular expression

2022-03-31 23:04:27 - [TEST_STEP][PASSED] - verifyTextPresent("Amount", true): Text 'Amount' is present on page  using regular expression

2022-03-31 23:04:27 - [MESSAGE][PASSED] - Text 'Amount' is present on page  using regular expression

2022-03-31 23:04:27 - [TEST_STEP][PASSED] - verifyTextPresent("Service Fee", true): Text 'Service Fee' is present on page  using regular expression

2022-03-31 23:04:28 - [MESSAGE][PASSED] - Text 'Service Fee' is present on page  using regular expression

2022-03-31 23:04:28 - [TEST_STEP][PASSED] - verifyTextPresent("Service Fee Type", true): Text 'Service Fee Type' is present on page  using regular expression

2022-03-31 23:04:28 - [MESSAGE][PASSED] - Text 'Service Fee Type' is present on page  using regular expression

2022-03-31 23:04:28 - [TEST_STEP][PASSED] - verifyTextPresent("Total Amount", true): Text 'Total Amount' is present on page  using regular expression

2022-03-31 23:04:28 - [MESSAGE][PASSED] - Text 'Total Amount' is present on page  using regular expression

2022-03-31 23:04:28 - [TEST_STEP][PASSED] - verifyTextPresent("Transaction Type", true): Text 'Transaction Type' is present on page  using regular expression

2022-03-31 23:04:29 - [MESSAGE][PASSED] - Text 'Transaction Type' is present on page  using regular expression

2022-03-31 23:04:29 - [TEST_STEP][PASSED] - verifyTextPresent("10.50", true): Text '10.50' is present on page  using regular expression

2022-03-31 23:04:29 - [MESSAGE][PASSED] - Text '10.50' is present on page  using regular expression

2022-03-31 23:04:29 - [TEST_STEP][PASSED] - verifyTextPresent("5.00", true): Text '5.00' is present on page  using regular expression

2022-03-31 23:04:29 - [MESSAGE][PASSED] - Text '5.00' is present on page  using regular expression

2022-03-31 23:04:29 - [TEST_STEP][PASSED] - verifyTextPresent("Dual Transaction", true): Text 'Dual Transaction' is present on page  using regular expression

2022-03-31 23:04:30 - [MESSAGE][PASSED] - Text 'Dual Transaction' is present on page  using regular expression

2022-03-31 23:04:30 - [TEST_STEP][PASSED] - verifyTextPresent("15.50", true): Text '15.50' is present on page  using regular expression

2022-03-31 23:04:30 - [MESSAGE][PASSED] - Text '15.50' is present on page  using regular expression

2022-03-31 23:04:30 - [TEST_STEP][PASSED] - verifyTextPresent("Authorization and Capture", true): Text 'Authorization and Capture' is present on page  using regular expression

2022-03-31 23:04:30 - [MESSAGE][PASSED] - Text 'Authorization and Capture' is present on page  using regular expression

2022-03-31 23:04:30 - [TEST_STEP][PASSED] - cardNameV = findTestData(dataFile).getValue("CardNameV", row): null

2022-03-31 23:04:31 - [TEST_STEP][PASSED] - al1V = findTestData(dataFile).getValue("AL1", row): null

2022-03-31 23:04:31 - [TEST_STEP][PASSED] - al2V = findTestData(dataFile).getValue("AL2", row): null

2022-03-31 23:04:31 - [TEST_STEP][PASSED] - zipV = findTestData(dataFile).getValue("ZIP", row): null

2022-03-31 23:04:31 - [TEST_STEP][PASSED] - cardTypeV = findTestData(dataFile).getValue("CardType", row): null

2022-03-31 23:04:31 - [TEST_STEP][PASSED] - last4V = findTestData(dataFile).getValue("Last4", row): null

2022-03-31 23:04:31 - [TEST_STEP][PASSED] - verifyTextPresent(cardNameV, true): Text 'JANAKI JAMES' is present on page  using regular expression

2022-03-31 23:04:31 - [MESSAGE][PASSED] - Text 'JANAKI JAMES' is present on page  using regular expression

2022-03-31 23:04:31 - [TEST_STEP][PASSED] - verifyTextPresent("Address Line 1", true): Text 'Address Line 1' is present on page  using regular expression

2022-03-31 23:04:32 - [MESSAGE][PASSED] - Text 'Address Line 1' is present on page  using regular expression

2022-03-31 23:04:32 - [TEST_STEP][PASSED] - verifyTextPresent("Address Line 2", true): Text 'Address Line 2' is present on page  using regular expression

2022-03-31 23:04:32 - [MESSAGE][PASSED] - Text 'Address Line 2' is present on page  using regular expression

2022-03-31 23:04:32 - [TEST_STEP][PASSED] - verifyTextPresent("Country", true): Text 'Country' is present on page  using regular expression

2022-03-31 23:04:32 - [MESSAGE][PASSED] - Text 'Country' is present on page  using regular expression

2022-03-31 23:04:32 - [TEST_STEP][PASSED] - verifyTextPresent("City", true): Text 'City' is present on page  using regular expression

2022-03-31 23:04:33 - [MESSAGE][PASSED] - Text 'City' is present on page  using regular expression

2022-03-31 23:04:33 - [TEST_STEP][PASSED] - verifyTextPresent("State", true): Text 'State' is present on page  using regular expression

2022-03-31 23:04:33 - [MESSAGE][PASSED] - Text 'State' is present on page  using regular expression

2022-03-31 23:04:33 - [TEST_STEP][PASSED] - verifyTextPresent("ZIP Code", true): Text 'ZIP Code' is present on page  using regular expression

2022-03-31 23:04:33 - [MESSAGE][PASSED] - Text 'ZIP Code' is present on page  using regular expression

2022-03-31 23:04:33 - [TEST_STEP][PASSED] - verifyTextPresent(al1V, true): Text '1478 Jhatka Palace' is present on page  using regular expression

2022-03-31 23:04:34 - [MESSAGE][PASSED] - Text '1478 Jhatka Palace' is present on page  using regular expression

2022-03-31 23:04:34 - [TEST_STEP][PASSED] - verifyTextPresent(al2V, true): Text 'Suite 500' is present on page  using regular expression

2022-03-31 23:04:34 - [MESSAGE][PASSED] - Text 'Suite 500' is present on page  using regular expression

2022-03-31 23:04:34 - [TEST_STEP][PASSED] - verifyTextPresent("United States", true): Text 'United States' is present on page  using regular expression

2022-03-31 23:04:34 - [MESSAGE][PASSED] - Text 'United States' is present on page  using regular expression

2022-03-31 23:04:34 - [TEST_STEP][PASSED] - verifyTextPresent("ARLINGTON", true): Text 'ARLINGTON' is present on page  using regular expression

2022-03-31 23:04:35 - [MESSAGE][PASSED] - Text 'ARLINGTON' is present on page  using regular expression

2022-03-31 23:04:35 - [TEST_STEP][PASSED] - verifyTextPresent("Virginia", true): Text 'Virginia' is present on page  using regular expression

2022-03-31 23:04:35 - [MESSAGE][PASSED] - Text 'Virginia' is present on page  using regular expression

2022-03-31 23:04:35 - [TEST_STEP][PASSED] - verifyTextPresent(zipV, true): Text '22201' is present on page  using regular expression

2022-03-31 23:04:36 - [MESSAGE][PASSED] - Text '22201' is present on page  using regular expression

2022-03-31 23:04:36 - [TEST_STEP][PASSED] - verifyTextPresent(cardTypeV, true): Text 'MasterCard' is present on page  using regular expression

2022-03-31 23:04:36 - [MESSAGE][PASSED] - Text 'MasterCard' is present on page  using regular expression

2022-03-31 23:04:36 - [TEST_STEP][PASSED] - verifyTextPresent(last4V, true): Text '0035' is present on page  using regular expression

2022-03-31 23:04:36 - [MESSAGE][PASSED] - Text '0035' is present on page  using regular expression

2022-03-31 23:04:36 - [TEST_STEP][PASSED] - closeBrowser(): Browser is closed

2022-03-31 23:04:37 - [MESSAGE][PASSED] - Browser is closed

2022-03-31 23:04:37 - [TEST_STEP][PASSED] - ExecuteTC = findTestData(dataFile).getValue("Execute", row): null

2022-03-31 23:04:37 - [TEST_STEP][PASSED] - out.println("Value of Execute is : " + ExecuteTC): null

2022-03-31 23:04:37 - [TEST_STEP][PASSED] - switch (executionProfile): null

2022-03-31 23:04:37 - [TEST_STEP][PASSED] - case "QAProfile":: null

2022-03-31 23:04:37 - [TEST_STEP][PASSED] - appName = findTestData(dataFile).getValue("AppNameQA", row): null

2022-03-31 23:04:37 - [TEST_STEP][PASSED] - appID = findTestData(dataFile).getValue("AppIDQA", row): null

2022-03-31 23:04:37 - [TEST_STEP][PASSED] - break: null

2022-03-31 23:04:37 - [TEST_STEP][PASSED] - hrefAppID = li_1 + appID + li_2: null

2022-03-31 23:04:37 - [TEST_STEP][PASSED] - hrefApp = li_1 + appID + "/": null

2022-03-31 23:04:37 - [TEST_STEP][PASSED] - println("hrefApp : " + hrefApp): null

2022-03-31 23:04:37 - [TEST_STEP][PASSED] - if (ExecuteTC.equalsIgnoreCase("Y")): Browser is closed

2022-03-31 23:04:37 - [TEST_STEP][PASSED] - out.println("Begin Record Number: " + row): null

2022-03-31 23:04:37 - [TEST_STEP][PASSED] - today = new java.util.Date(): null

2022-03-31 23:04:37 - [TEST_STEP][PASSED] - println(today): null

2022-03-31 23:04:37 - [TEST_STEP][PASSED] - datText = today: null

2022-03-31 23:04:37 - [TEST_STEP][PASSED] - adminSuiteBootstrap.loginFunctionality.login_AdminSuite(): adminSuiteBootstrap.loginFunctionality.login_AdminSuite is PASSED

2022-03-31 23:04:37 - [MESSAGE][INFO] - Starting 'Chrome' driver

2022-03-31 23:04:37 - [MESSAGE][INFO] - User set preference: ['acceptInsecureCerts', 'true']

2022-03-31 23:04:37 - [MESSAGE][INFO] - Action delay is set to 0 milliseconds

2022-03-31 23:04:40 - [MESSAGE][PASSED] - Browser is opened with url: 'https://qa.velocitypayment.com/admin/imtiaz'

2022-03-31 23:04:40 - [MESSAGE][PASSED] - Current window maximized

2022-03-31 23:04:41 - [MESSAGE][PASSED] - Object 'Object Repository/Login_Page/Login_Username' is present

2022-03-31 23:04:41 - [MESSAGE][PASSED] - Text 'iahmed' is set on object 'Object Repository/Login_Page/Login_Username'

2022-03-31 23:04:42 - [MESSAGE][PASSED] - Text 'hello2222' is set on object 'Object Repository/Login_Page/Login_Password'

2022-03-31 23:04:46 - [MESSAGE][PASSED] - Object: 'Object Repository/Login_Page/Login_Submit' is clicked on

2022-03-31 23:04:46 - [MESSAGE][PASSED] - adminSuiteBootstrap.loginFunctionality.login_AdminSuite is PASSED

2022-03-31 23:04:46 - [TEST_STEP][PASSED] - click(findTestObject(path_Dashboard + appName)): Object: 'Object Repository/AdminSuiteBootstrap_Pages/Dashboard_Bootstrap/a_Access AutoDualCFtpQA' is clicked on

2022-03-31 23:04:48 - [MESSAGE][PASSED] - Object: 'Object Repository/AdminSuiteBootstrap_Pages/Dashboard_Bootstrap/a_Access AutoDualCFtpQA' is clicked on

2022-03-31 23:04:48 - [TEST_STEP][PASSED] - click(findTestObject(path_VT + "button_Authorization  Capture (Sale)")): Object: 'Object Repository/AdminSuiteBootstrap_Pages/VT_Bootstrap/IssueTransactions/button_Authorization  Capture (Sale)' is clicked on

2022-03-31 23:04:48 - [MESSAGE][PASSED] - Object: 'Object Repository/AdminSuiteBootstrap_Pages/VT_Bootstrap/IssueTransactions/button_Authorization  Capture (Sale)' is clicked on

2022-03-31 23:04:48 - [TEST_STEP][PASSED] - saleKeyboardEntryLink = modifyObjectProperty(findTestObject(path_VT + "a_KeyboardEntry_Sale"), "href", "equals", hrefAppID, true): Modify property of object successfully

2022-03-31 23:04:48 - [MESSAGE][PASSED] - Modify property of object successfully

2022-03-31 23:04:48 - [TEST_STEP][PASSED] - click(saleKeyboardEntryLink): Object: 'Object Repository/AdminSuiteBootstrap_Pages/VT_Bootstrap/IssueTransactions/a_KeyboardEntry_Sale' is clicked on

2022-03-31 23:04:49 - [MESSAGE][PASSED] - Object: 'Object Repository/AdminSuiteBootstrap_Pages/VT_Bootstrap/IssueTransactions/a_KeyboardEntry_Sale' is clicked on

2022-03-31 23:04:49 - [TEST_STEP][PASSED] - adminSuiteBootstrap.virtualTerminalSetData.saleKeyboard_DataDriven(row, dataFile): adminSuiteBootstrap.virtualTerminalSetData.saleKeyboard_DataDriven is PASSED

2022-03-31 23:04:52 - [MESSAGE][PASSED] - Text 'Janaki James' is set on object 'Object Repository/AdminSuiteBootstrap_Pages/VT_Bootstrap/SaleKeyboard/input_cardName'

2022-03-31 23:04:53 - [MESSAGE][PASSED] - All options with value 'MOTO' are selected in object 'Object Repository/AdminSuiteBootstrap_Pages/VT_Bootstrap/SaleKeyboard/select_transactionCategory'  using regular expression

2022-03-31 23:04:54 - [MESSAGE][PASSED] - Execute JavaScript 'arguments[0].value ='371449635392376' ' successfully

2022-03-31 23:04:54 - [MESSAGE][PASSED] - Execute JavaScript 'arguments[0].value ='123' ' successfully

2022-03-31 23:04:55 - [MESSAGE][PASSED] - All options with value '12' are selected in object 'Object Repository/AdminSuiteBootstrap_Pages/VT_Bootstrap/SaleKeyboard/select_MM'  using regular expression

2022-03-31 23:04:56 - [MESSAGE][PASSED] - All options with value '2025' are selected in object 'Object Repository/AdminSuiteBootstrap_Pages/VT_Bootstrap/SaleKeyboard/select_YYYY'  using regular expression

2022-03-31 23:04:57 - [MESSAGE][PASSED] - Text '550 Swan Lake' is set on object 'Object Repository/AdminSuiteBootstrap_Pages/VT_Bootstrap/SaleKeyboard/input__address'

2022-03-31 23:04:58 - [MESSAGE][PASSED] - Text 'Suite 500' is set on object 'Object Repository/AdminSuiteBootstrap_Pages/VT_Bootstrap/SaleKeyboard/input__address2'

2022-03-31 23:04:58 - [MESSAGE][PASSED] - Text '22201' is set on object 'Object Repository/AdminSuiteBootstrap_Pages/VT_Bootstrap/SaleKeyboard/input__zip'

2022-03-31 23:04:59 - [MESSAGE][PASSED] - Text '' is set on object 'Object Repository/AdminSuiteBootstrap_Pages/VT_Bootstrap/SaleKeyboard/input_emailAddress'

2022-03-31 23:05:00 - [MESSAGE][PASSED] - Text '' is set on object 'Object Repository/AdminSuiteBootstrap_Pages/VT_Bootstrap/SaleKeyboard/input_smsNumber'

2022-03-31 23:05:01 - [MESSAGE][PASSED] - Text '10.50' is set on object 'Object Repository/AdminSuiteBootstrap_Pages/VT_Bootstrap/SaleKeyboard/input_amount'

2022-03-31 23:05:02 - [MESSAGE][PASSED] - Text 'Australia' is set on object 'Object Repository/AdminSuiteBootstrap_Pages/VT_Bootstrap/SaleKeyboard/input_userDefined1'

2022-03-31 23:05:03 - [MESSAGE][PASSED] - Text 'Denmark' is set on object 'Object Repository/AdminSuiteBootstrap_Pages/VT_Bootstrap/SaleKeyboard/input_userDefined2'

2022-03-31 23:05:04 - [MESSAGE][PASSED] - Text 'Sweden' is set on object 'Object Repository/AdminSuiteBootstrap_Pages/VT_Bootstrap/SaleKeyboard/input_userDefined3'

2022-03-31 23:05:04 - [MESSAGE][PASSED] - Text 'Austria' is set on object 'Object Repository/AdminSuiteBootstrap_Pages/VT_Bootstrap/SaleKeyboard/input_userDefined4'

2022-03-31 23:05:05 - [MESSAGE][PASSED] - All options with label 'Orange' are selected in object 'Object Repository/AdminSuiteBootstrap_Pages/VT_Bootstrap/SaleKeyboard/select_UDF5_DropDown'  using regular expression

2022-03-31 23:05:06 - [MESSAGE][PASSED] - All options with label 'Yellow' are selected in object 'Object Repository/AdminSuiteBootstrap_Pages/VT_Bootstrap/SaleKeyboard/select_UDF6_DropDown'  using regular expression

2022-03-31 23:05:07 - [MESSAGE][PASSED] - Text 'Norway' is set on object 'Object Repository/AdminSuiteBootstrap_Pages/VT_Bootstrap/SaleKeyboard/input_userDefined7'

2022-03-31 23:05:08 - [MESSAGE][PASSED] - Text 'Netherlands' is set on object 'Object Repository/AdminSuiteBootstrap_Pages/VT_Bootstrap/SaleKeyboard/input_userDefined8'

2022-03-31 23:05:08 - [MESSAGE][PASSED] - Text 'Switzerland' is set on object 'Object Repository/AdminSuiteBootstrap_Pages/VT_Bootstrap/SaleKeyboard/input_userDefined9'

2022-03-31 23:05:09 - [MESSAGE][PASSED] - Text 'France' is set on object 'Object Repository/AdminSuiteBootstrap_Pages/VT_Bootstrap/SaleKeyboard/input_userDefined10'

2022-03-31 23:05:11 - [MESSAGE][PASSED] - Object: 'Object Repository/AdminSuiteBootstrap_Pages/VT_Bootstrap/SaleKeyboard/button_Submit' is clicked on

2022-03-31 23:05:11 - [MESSAGE][PASSED] - adminSuiteBootstrap.virtualTerminalSetData.saleKeyboard_DataDriven is PASSED

2022-03-31 23:05:11 - [TEST_STEP][PASSED] - verifyTextPresent("Transaction Successful", true): Text 'Transaction Successful' is present on page  using regular expression

2022-03-31 23:05:12 - [MESSAGE][PASSED] - Text 'Transaction Successful' is present on page  using regular expression

2022-03-31 23:05:12 - [TEST_STEP][PASSED] - verifyElementVisible(findTestObject("Object Repository/AdminSuiteBootstrap_Pages/VT_Bootstrap/Receipt/button_Continue")): Object 'Object Repository/AdminSuiteBootstrap_Pages/VT_Bootstrap/Receipt/button_Continue' is visible

2022-03-31 23:05:12 - [MESSAGE][PASSED] - Object 'Object Repository/AdminSuiteBootstrap_Pages/VT_Bootstrap/Receipt/button_Continue' is visible

2022-03-31 23:05:12 - [TEST_STEP][PASSED] - verifyElementPresent(findTestObject("Object Repository/AdminSuiteBootstrap_Pages/VT_Bootstrap/Receipt/button_Continue"), 20): Object 'Object Repository/AdminSuiteBootstrap_Pages/VT_Bootstrap/Receipt/button_Continue' is present

2022-03-31 23:05:12 - [MESSAGE][PASSED] - Object 'Object Repository/AdminSuiteBootstrap_Pages/VT_Bootstrap/Receipt/button_Continue' is present

2022-03-31 23:05:12 - [TEST_STEP][PASSED] - verifyElementVisible(findTestObject("Object Repository/AdminSuiteBootstrap_Pages/VT_Bootstrap/Receipt/button_Print")): Object 'Object Repository/AdminSuiteBootstrap_Pages/VT_Bootstrap/Receipt/button_Print' is visible

2022-03-31 23:05:13 - [MESSAGE][PASSED] - Object 'Object Repository/AdminSuiteBootstrap_Pages/VT_Bootstrap/Receipt/button_Print' is visible

2022-03-31 23:05:13 - [TEST_STEP][PASSED] - verifyElementPresent(findTestObject("Object Repository/AdminSuiteBootstrap_Pages/VT_Bootstrap/Receipt/button_Print"), 20): Object 'Object Repository/AdminSuiteBootstrap_Pages/VT_Bootstrap/Receipt/button_Print' is present

2022-03-31 23:05:13 - [MESSAGE][PASSED] - Object 'Object Repository/AdminSuiteBootstrap_Pages/VT_Bootstrap/Receipt/button_Print' is present

2022-03-31 23:05:13 - [TEST_STEP][PASSED] - verifyTextPresent("Remittance ID", true): Text 'Remittance ID' is present on page  using regular expression

2022-03-31 23:05:13 - [MESSAGE][PASSED] - Text 'Remittance ID' is present on page  using regular expression

2022-03-31 23:05:13 - [TEST_STEP][PASSED] - verifyTextPresent("Received", true): Text 'Received' is present on page  using regular expression

2022-03-31 23:05:14 - [MESSAGE][PASSED] - Text 'Received' is present on page  using regular expression

2022-03-31 23:05:14 - [TEST_STEP][PASSED] - verifyTextPresent("UDF1", true): Text 'UDF1' is present on page  using regular expression

2022-03-31 23:05:14 - [MESSAGE][PASSED] - Text 'UDF1' is present on page  using regular expression

2022-03-31 23:05:14 - [TEST_STEP][PASSED] - verifyTextPresent("UDF2", true): Text 'UDF2' is present on page  using regular expression

2022-03-31 23:05:14 - [MESSAGE][PASSED] - Text 'UDF2' is present on page  using regular expression

2022-03-31 23:05:14 - [TEST_STEP][PASSED] - verifyTextPresent("UDF3", true): Text 'UDF3' is present on page  using regular expression

2022-03-31 23:05:15 - [MESSAGE][PASSED] - Text 'UDF3' is present on page  using regular expression

2022-03-31 23:05:15 - [TEST_STEP][PASSED] - verifyTextPresent("UDF4", true): Text 'UDF4' is present on page  using regular expression

2022-03-31 23:05:15 - [MESSAGE][PASSED] - Text 'UDF4' is present on page  using regular expression

2022-03-31 23:05:15 - [TEST_STEP][PASSED] - verifyTextPresent("UDF5", true): Text 'UDF5' is present on page  using regular expression

2022-03-31 23:05:15 - [MESSAGE][PASSED] - Text 'UDF5' is present on page  using regular expression

2022-03-31 23:05:15 - [TEST_STEP][PASSED] - verifyTextPresent("UDF6", true): Text 'UDF6' is present on page  using regular expression

2022-03-31 23:05:16 - [MESSAGE][PASSED] - Text 'UDF6' is present on page  using regular expression

2022-03-31 23:05:16 - [TEST_STEP][PASSED] - verifyTextPresent("UDF7", true): Text 'UDF7' is present on page  using regular expression

2022-03-31 23:05:16 - [MESSAGE][PASSED] - Text 'UDF7' is present on page  using regular expression

2022-03-31 23:05:16 - [TEST_STEP][PASSED] - verifyTextPresent("UDF8", true): Text 'UDF8' is present on page  using regular expression

2022-03-31 23:05:16 - [MESSAGE][PASSED] - Text 'UDF8' is present on page  using regular expression

2022-03-31 23:05:16 - [TEST_STEP][PASSED] - verifyTextPresent("UDF9", true): Text 'UDF9' is present on page  using regular expression

2022-03-31 23:05:17 - [MESSAGE][PASSED] - Text 'UDF9' is present on page  using regular expression

2022-03-31 23:05:17 - [TEST_STEP][PASSED] - verifyTextPresent("UDF 10", true): Text 'UDF 10' is present on page  using regular expression

2022-03-31 23:05:17 - [MESSAGE][PASSED] - Text 'UDF 10' is present on page  using regular expression

2022-03-31 23:05:17 - [TEST_STEP][PASSED] - verifyTextPresent("Australia", true): Text 'Australia' is present on page  using regular expression

2022-03-31 23:05:17 - [MESSAGE][PASSED] - Text 'Australia' is present on page  using regular expression

2022-03-31 23:05:17 - [TEST_STEP][PASSED] - verifyTextPresent("Denmark", true): Text 'Denmark' is present on page  using regular expression

2022-03-31 23:05:18 - [MESSAGE][PASSED] - Text 'Denmark' is present on page  using regular expression

2022-03-31 23:05:18 - [TEST_STEP][PASSED] - verifyTextPresent("Sweden", true): Text 'Sweden' is present on page  using regular expression

2022-03-31 23:05:18 - [MESSAGE][PASSED] - Text 'Sweden' is present on page  using regular expression

2022-03-31 23:05:18 - [TEST_STEP][PASSED] - verifyTextPresent("Austria", true): Text 'Austria' is present on page  using regular expression

2022-03-31 23:05:18 - [MESSAGE][PASSED] - Text 'Austria' is present on page  using regular expression

2022-03-31 23:05:18 - [TEST_STEP][PASSED] - verifyTextPresent("Orange Recorded", true): Text 'Orange Recorded' is present on page  using regular expression

2022-03-31 23:05:19 - [MESSAGE][PASSED] - Text 'Orange Recorded' is present on page  using regular expression

2022-03-31 23:05:19 - [TEST_STEP][PASSED] - verifyTextPresent("Yellow Recorded", true): Text 'Yellow Recorded' is present on page  using regular expression

2022-03-31 23:05:19 - [MESSAGE][PASSED] - Text 'Yellow Recorded' is present on page  using regular expression

2022-03-31 23:05:19 - [TEST_STEP][PASSED] - verifyTextPresent("Norway", true): Text 'Norway' is present on page  using regular expression

2022-03-31 23:05:19 - [MESSAGE][PASSED] - Text 'Norway' is present on page  using regular expression

2022-03-31 23:05:19 - [TEST_STEP][PASSED] - verifyTextPresent("Netherlands", true): Text 'Netherlands' is present on page  using regular expression

2022-03-31 23:05:20 - [MESSAGE][PASSED] - Text 'Netherlands' is present on page  using regular expression

2022-03-31 23:05:20 - [TEST_STEP][PASSED] - verifyTextPresent("Switzerland", true): Text 'Switzerland' is present on page  using regular expression

2022-03-31 23:05:20 - [MESSAGE][PASSED] - Text 'Switzerland' is present on page  using regular expression

2022-03-31 23:05:20 - [TEST_STEP][PASSED] - verifyTextPresent("France", true): Text 'France' is present on page  using regular expression

2022-03-31 23:05:20 - [MESSAGE][PASSED] - Text 'France' is present on page  using regular expression

2022-03-31 23:05:20 - [TEST_STEP][PASSED] - verifyTextPresent("Card Information", true): Text 'Card Information' is present on page  using regular expression

2022-03-31 23:05:21 - [MESSAGE][PASSED] - Text 'Card Information' is present on page  using regular expression

2022-03-31 23:05:21 - [TEST_STEP][PASSED] - verifyTextPresent("Amount", true): Text 'Amount' is present on page  using regular expression

2022-03-31 23:05:21 - [MESSAGE][PASSED] - Text 'Amount' is present on page  using regular expression

2022-03-31 23:05:21 - [TEST_STEP][PASSED] - verifyTextPresent("Service Fee", true): Text 'Service Fee' is present on page  using regular expression

2022-03-31 23:05:21 - [MESSAGE][PASSED] - Text 'Service Fee' is present on page  using regular expression

2022-03-31 23:05:21 - [TEST_STEP][PASSED] - verifyTextPresent("Service Fee Type", true): Text 'Service Fee Type' is present on page  using regular expression

2022-03-31 23:05:22 - [MESSAGE][PASSED] - Text 'Service Fee Type' is present on page  using regular expression

2022-03-31 23:05:22 - [TEST_STEP][PASSED] - verifyTextPresent("Total Amount", true): Text 'Total Amount' is present on page  using regular expression

2022-03-31 23:05:22 - [MESSAGE][PASSED] - Text 'Total Amount' is present on page  using regular expression

2022-03-31 23:05:22 - [TEST_STEP][PASSED] - verifyTextPresent("Transaction Type", true): Text 'Transaction Type' is present on page  using regular expression

2022-03-31 23:05:22 - [MESSAGE][PASSED] - Text 'Transaction Type' is present on page  using regular expression

2022-03-31 23:05:22 - [TEST_STEP][PASSED] - verifyTextPresent("10.50", true): Text '10.50' is present on page  using regular expression

2022-03-31 23:05:23 - [MESSAGE][PASSED] - Text '10.50' is present on page  using regular expression

2022-03-31 23:05:23 - [TEST_STEP][PASSED] - verifyTextPresent("5.00", true): Text '5.00' is present on page  using regular expression

2022-03-31 23:05:23 - [MESSAGE][PASSED] - Text '5.00' is present on page  using regular expression

2022-03-31 23:05:23 - [TEST_STEP][PASSED] - verifyTextPresent("Dual Transaction", true): Text 'Dual Transaction' is present on page  using regular expression

2022-03-31 23:05:23 - [MESSAGE][PASSED] - Text 'Dual Transaction' is present on page  using regular expression

2022-03-31 23:05:23 - [TEST_STEP][PASSED] - verifyTextPresent("15.50", true): Text '15.50' is present on page  using regular expression

2022-03-31 23:05:24 - [MESSAGE][PASSED] - Text '15.50' is present on page  using regular expression

2022-03-31 23:05:24 - [TEST_STEP][PASSED] - verifyTextPresent("Authorization and Capture", true): Text 'Authorization and Capture' is present on page  using regular expression

2022-03-31 23:05:24 - [MESSAGE][PASSED] - Text 'Authorization and Capture' is present on page  using regular expression

2022-03-31 23:05:24 - [TEST_STEP][PASSED] - cardNameV = findTestData(dataFile).getValue("CardNameV", row): null

2022-03-31 23:05:24 - [TEST_STEP][PASSED] - al1V = findTestData(dataFile).getValue("AL1", row): null

2022-03-31 23:05:24 - [TEST_STEP][PASSED] - al2V = findTestData(dataFile).getValue("AL2", row): null

2022-03-31 23:05:24 - [TEST_STEP][PASSED] - zipV = findTestData(dataFile).getValue("ZIP", row): null

2022-03-31 23:05:25 - [TEST_STEP][PASSED] - cardTypeV = findTestData(dataFile).getValue("CardType", row): null

2022-03-31 23:05:25 - [TEST_STEP][PASSED] - last4V = findTestData(dataFile).getValue("Last4", row): null

2022-03-31 23:05:25 - [TEST_STEP][PASSED] - verifyTextPresent(cardNameV, true): Text 'JANAKI JAMES' is present on page  using regular expression

2022-03-31 23:05:25 - [MESSAGE][PASSED] - Text 'JANAKI JAMES' is present on page  using regular expression

2022-03-31 23:05:25 - [TEST_STEP][PASSED] - verifyTextPresent("Address Line 1", true): Text 'Address Line 1' is present on page  using regular expression

2022-03-31 23:05:25 - [MESSAGE][PASSED] - Text 'Address Line 1' is present on page  using regular expression

2022-03-31 23:05:25 - [TEST_STEP][PASSED] - verifyTextPresent("Address Line 2", true): Text 'Address Line 2' is present on page  using regular expression

2022-03-31 23:05:26 - [MESSAGE][PASSED] - Text 'Address Line 2' is present on page  using regular expression

2022-03-31 23:05:26 - [TEST_STEP][PASSED] - verifyTextPresent("Country", true): Text 'Country' is present on page  using regular expression

2022-03-31 23:05:26 - [MESSAGE][PASSED] - Text 'Country' is present on page  using regular expression

2022-03-31 23:05:26 - [TEST_STEP][PASSED] - verifyTextPresent("City", true): Text 'City' is present on page  using regular expression

2022-03-31 23:05:26 - [MESSAGE][PASSED] - Text 'City' is present on page  using regular expression

2022-03-31 23:05:26 - [TEST_STEP][PASSED] - verifyTextPresent("State", true): Text 'State' is present on page  using regular expression

2022-03-31 23:05:27 - [MESSAGE][PASSED] - Text 'State' is present on page  using regular expression

2022-03-31 23:05:27 - [TEST_STEP][PASSED] - verifyTextPresent("ZIP Code", true): Text 'ZIP Code' is present on page  using regular expression

2022-03-31 23:05:27 - [MESSAGE][PASSED] - Text 'ZIP Code' is present on page  using regular expression

2022-03-31 23:05:27 - [TEST_STEP][PASSED] - verifyTextPresent(al1V, true): Text '550 Swan Lake' is present on page  using regular expression

2022-03-31 23:05:27 - [MESSAGE][PASSED] - Text '550 Swan Lake' is present on page  using regular expression

2022-03-31 23:05:27 - [TEST_STEP][PASSED] - verifyTextPresent(al2V, true): Text 'Suite 500' is present on page  using regular expression

2022-03-31 23:05:28 - [MESSAGE][PASSED] - Text 'Suite 500' is present on page  using regular expression

2022-03-31 23:05:28 - [TEST_STEP][PASSED] - verifyTextPresent("United States", true): Text 'United States' is present on page  using regular expression

2022-03-31 23:05:28 - [MESSAGE][PASSED] - Text 'United States' is present on page  using regular expression

2022-03-31 23:05:28 - [TEST_STEP][PASSED] - verifyTextPresent("ARLINGTON", true): Text 'ARLINGTON' is present on page  using regular expression

2022-03-31 23:05:28 - [MESSAGE][PASSED] - Text 'ARLINGTON' is present on page  using regular expression

2022-03-31 23:05:28 - [TEST_STEP][PASSED] - verifyTextPresent("Virginia", true): Text 'Virginia' is present on page  using regular expression

2022-03-31 23:05:29 - [MESSAGE][PASSED] - Text 'Virginia' is present on page  using regular expression

2022-03-31 23:05:29 - [TEST_STEP][PASSED] - verifyTextPresent(zipV, true): Text '22201' is present on page  using regular expression

2022-03-31 23:05:29 - [MESSAGE][PASSED] - Text '22201' is present on page  using regular expression

2022-03-31 23:05:29 - [TEST_STEP][PASSED] - verifyTextPresent(cardTypeV, true): Text 'American Express' is present on page  using regular expression

2022-03-31 23:05:29 - [MESSAGE][PASSED] - Text 'American Express' is present on page  using regular expression

2022-03-31 23:05:29 - [TEST_STEP][PASSED] - verifyTextPresent(last4V, true): Text '2376' is present on page  using regular expression

2022-03-31 23:05:30 - [MESSAGE][PASSED] - Text '2376' is present on page  using regular expression

2022-03-31 23:05:30 - [TEST_STEP][PASSED] - closeBrowser(): Browser is closed

2022-03-31 23:05:31 - [MESSAGE][PASSED] - Browser is closed

2022-03-31 23:05:31 - [TEST_STEP][PASSED] - ExecuteTC = findTestData(dataFile).getValue("Execute", row): null

2022-03-31 23:05:31 - [TEST_STEP][PASSED] - out.println("Value of Execute is : " + ExecuteTC): null

2022-03-31 23:05:31 - [TEST_STEP][PASSED] - switch (executionProfile): null

2022-03-31 23:05:31 - [TEST_STEP][PASSED] - case "QAProfile":: null

2022-03-31 23:05:31 - [TEST_STEP][PASSED] - appName = findTestData(dataFile).getValue("AppNameQA", row): null

2022-03-31 23:05:31 - [TEST_STEP][PASSED] - appID = findTestData(dataFile).getValue("AppIDQA", row): null

2022-03-31 23:05:31 - [TEST_STEP][PASSED] - break: null

2022-03-31 23:05:31 - [TEST_STEP][PASSED] - hrefAppID = li_1 + appID + li_2: null

2022-03-31 23:05:31 - [TEST_STEP][PASSED] - hrefApp = li_1 + appID + "/": null

2022-03-31 23:05:31 - [TEST_STEP][PASSED] - println("hrefApp : " + hrefApp): null

2022-03-31 23:05:31 - [TEST_STEP][PASSED] - if (ExecuteTC.equalsIgnoreCase("Y")): Browser is closed

2022-03-31 23:05:31 - [TEST_STEP][PASSED] - out.println("Begin Record Number: " + row): null

2022-03-31 23:05:31 - [TEST_STEP][PASSED] - today = new java.util.Date(): null

2022-03-31 23:05:31 - [TEST_STEP][PASSED] - println(today): null

2022-03-31 23:05:31 - [TEST_STEP][PASSED] - datText = today: null

2022-03-31 23:05:31 - [TEST_STEP][PASSED] - adminSuiteBootstrap.loginFunctionality.login_AdminSuite(): adminSuiteBootstrap.loginFunctionality.login_AdminSuite is PASSED

2022-03-31 23:05:31 - [MESSAGE][INFO] - Starting 'Chrome' driver

2022-03-31 23:05:31 - [MESSAGE][INFO] - User set preference: ['acceptInsecureCerts', 'true']

2022-03-31 23:05:31 - [MESSAGE][INFO] - Action delay is set to 0 milliseconds

2022-03-31 23:05:34 - [MESSAGE][PASSED] - Browser is opened with url: 'https://qa.velocitypayment.com/admin/imtiaz'

2022-03-31 23:05:34 - [MESSAGE][PASSED] - Current window maximized

2022-03-31 23:05:34 - [MESSAGE][PASSED] - Object 'Object Repository/Login_Page/Login_Username' is present

2022-03-31 23:05:35 - [MESSAGE][PASSED] - Text 'iahmed' is set on object 'Object Repository/Login_Page/Login_Username'

2022-03-31 23:05:36 - [MESSAGE][PASSED] - Text 'hello2222' is set on object 'Object Repository/Login_Page/Login_Password'

2022-03-31 23:05:39 - [MESSAGE][PASSED] - Object: 'Object Repository/Login_Page/Login_Submit' is clicked on

2022-03-31 23:05:39 - [MESSAGE][PASSED] - adminSuiteBootstrap.loginFunctionality.login_AdminSuite is PASSED

2022-03-31 23:05:39 - [TEST_STEP][PASSED] - click(findTestObject(path_Dashboard + appName)): Object: 'Object Repository/AdminSuiteBootstrap_Pages/Dashboard_Bootstrap/a_Access AutoDualCFtpQA' is clicked on

2022-03-31 23:05:40 - [MESSAGE][PASSED] - Object: 'Object Repository/AdminSuiteBootstrap_Pages/Dashboard_Bootstrap/a_Access AutoDualCFtpQA' is clicked on

2022-03-31 23:05:40 - [TEST_STEP][PASSED] - click(findTestObject(path_VT + "button_Authorization  Capture (Sale)")): Object: 'Object Repository/AdminSuiteBootstrap_Pages/VT_Bootstrap/IssueTransactions/button_Authorization  Capture (Sale)' is clicked on

2022-03-31 23:05:40 - [MESSAGE][PASSED] - Object: 'Object Repository/AdminSuiteBootstrap_Pages/VT_Bootstrap/IssueTransactions/button_Authorization  Capture (Sale)' is clicked on

2022-03-31 23:05:40 - [TEST_STEP][PASSED] - saleKeyboardEntryLink = modifyObjectProperty(findTestObject(path_VT + "a_KeyboardEntry_Sale"), "href", "equals", hrefAppID, true): Modify property of object successfully

2022-03-31 23:05:40 - [MESSAGE][PASSED] - Modify property of object successfully

2022-03-31 23:05:40 - [TEST_STEP][PASSED] - click(saleKeyboardEntryLink): Object: 'Object Repository/AdminSuiteBootstrap_Pages/VT_Bootstrap/IssueTransactions/a_KeyboardEntry_Sale' is clicked on

2022-03-31 23:05:41 - [MESSAGE][PASSED] - Object: 'Object Repository/AdminSuiteBootstrap_Pages/VT_Bootstrap/IssueTransactions/a_KeyboardEntry_Sale' is clicked on

2022-03-31 23:05:41 - [TEST_STEP][PASSED] - adminSuiteBootstrap.virtualTerminalSetData.saleKeyboard_DataDriven(row, dataFile): adminSuiteBootstrap.virtualTerminalSetData.saleKeyboard_DataDriven is PASSED

2022-03-31 23:05:44 - [MESSAGE][PASSED] - Text 'Janaki James' is set on object 'Object Repository/AdminSuiteBootstrap_Pages/VT_Bootstrap/SaleKeyboard/input_cardName'

2022-03-31 23:05:45 - [MESSAGE][PASSED] - All options with value 'MOTO' are selected in object 'Object Repository/AdminSuiteBootstrap_Pages/VT_Bootstrap/SaleKeyboard/select_transactionCategory'  using regular expression

2022-03-31 23:05:45 - [MESSAGE][PASSED] - Execute JavaScript 'arguments[0].value ='6011000993026909' ' successfully

2022-03-31 23:05:46 - [MESSAGE][PASSED] - Execute JavaScript 'arguments[0].value ='123' ' successfully

2022-03-31 23:05:47 - [MESSAGE][PASSED] - All options with value '12' are selected in object 'Object Repository/AdminSuiteBootstrap_Pages/VT_Bootstrap/SaleKeyboard/select_MM'  using regular expression

2022-03-31 23:05:48 - [MESSAGE][PASSED] - All options with value '2025' are selected in object 'Object Repository/AdminSuiteBootstrap_Pages/VT_Bootstrap/SaleKeyboard/select_YYYY'  using regular expression

2022-03-31 23:05:49 - [MESSAGE][PASSED] - Text '25987 Hill Top' is set on object 'Object Repository/AdminSuiteBootstrap_Pages/VT_Bootstrap/SaleKeyboard/input__address'

2022-03-31 23:05:49 - [MESSAGE][PASSED] - Text 'Suite 500' is set on object 'Object Repository/AdminSuiteBootstrap_Pages/VT_Bootstrap/SaleKeyboard/input__address2'

2022-03-31 23:05:50 - [MESSAGE][PASSED] - Text '22201' is set on object 'Object Repository/AdminSuiteBootstrap_Pages/VT_Bootstrap/SaleKeyboard/input__zip'

2022-03-31 23:05:51 - [MESSAGE][PASSED] - Text '' is set on object 'Object Repository/AdminSuiteBootstrap_Pages/VT_Bootstrap/SaleKeyboard/input_emailAddress'

2022-03-31 23:05:52 - [MESSAGE][PASSED] - Text '' is set on object 'Object Repository/AdminSuiteBootstrap_Pages/VT_Bootstrap/SaleKeyboard/input_smsNumber'

2022-03-31 23:05:53 - [MESSAGE][PASSED] - Text '10.50' is set on object 'Object Repository/AdminSuiteBootstrap_Pages/VT_Bootstrap/SaleKeyboard/input_amount'

2022-03-31 23:05:54 - [MESSAGE][PASSED] - Text 'Australia' is set on object 'Object Repository/AdminSuiteBootstrap_Pages/VT_Bootstrap/SaleKeyboard/input_userDefined1'

2022-03-31 23:05:55 - [MESSAGE][PASSED] - Text 'Denmark' is set on object 'Object Repository/AdminSuiteBootstrap_Pages/VT_Bootstrap/SaleKeyboard/input_userDefined2'

2022-03-31 23:05:55 - [MESSAGE][PASSED] - Text 'Sweden' is set on object 'Object Repository/AdminSuiteBootstrap_Pages/VT_Bootstrap/SaleKeyboard/input_userDefined3'

2022-03-31 23:05:56 - [MESSAGE][PASSED] - Text 'Austria' is set on object 'Object Repository/AdminSuiteBootstrap_Pages/VT_Bootstrap/SaleKeyboard/input_userDefined4'

2022-03-31 23:05:57 - [MESSAGE][PASSED] - All options with label 'Orange' are selected in object 'Object Repository/AdminSuiteBootstrap_Pages/VT_Bootstrap/SaleKeyboard/select_UDF5_DropDown'  using regular expression

2022-03-31 23:05:58 - [MESSAGE][PASSED] - All options with label 'Yellow' are selected in object 'Object Repository/AdminSuiteBootstrap_Pages/VT_Bootstrap/SaleKeyboard/select_UDF6_DropDown'  using regular expression

2022-03-31 23:05:59 - [MESSAGE][PASSED] - Text 'Norway' is set on object 'Object Repository/AdminSuiteBootstrap_Pages/VT_Bootstrap/SaleKeyboard/input_userDefined7'

2022-03-31 23:05:59 - [MESSAGE][PASSED] - Text 'Netherlands' is set on object 'Object Repository/AdminSuiteBootstrap_Pages/VT_Bootstrap/SaleKeyboard/input_userDefined8'

2022-03-31 23:06:00 - [MESSAGE][PASSED] - Text 'Switzerland' is set on object 'Object Repository/AdminSuiteBootstrap_Pages/VT_Bootstrap/SaleKeyboard/input_userDefined9'

2022-03-31 23:06:01 - [MESSAGE][PASSED] - Text 'France' is set on object 'Object Repository/AdminSuiteBootstrap_Pages/VT_Bootstrap/SaleKeyboard/input_userDefined10'

2022-03-31 23:06:03 - [MESSAGE][PASSED] - Object: 'Object Repository/AdminSuiteBootstrap_Pages/VT_Bootstrap/SaleKeyboard/button_Submit' is clicked on

2022-03-31 23:06:03 - [MESSAGE][PASSED] - adminSuiteBootstrap.virtualTerminalSetData.saleKeyboard_DataDriven is PASSED

2022-03-31 23:06:03 - [TEST_STEP][PASSED] - verifyTextPresent("Transaction Successful", true): Text 'Transaction Successful' is present on page  using regular expression

2022-03-31 23:06:03 - [MESSAGE][PASSED] - Text 'Transaction Successful' is present on page  using regular expression

2022-03-31 23:06:03 - [TEST_STEP][PASSED] - verifyElementVisible(findTestObject("Object Repository/AdminSuiteBootstrap_Pages/VT_Bootstrap/Receipt/button_Continue")): Object 'Object Repository/AdminSuiteBootstrap_Pages/VT_Bootstrap/Receipt/button_Continue' is visible

2022-03-31 23:06:04 - [MESSAGE][PASSED] - Object 'Object Repository/AdminSuiteBootstrap_Pages/VT_Bootstrap/Receipt/button_Continue' is visible

2022-03-31 23:06:04 - [TEST_STEP][PASSED] - verifyElementPresent(findTestObject("Object Repository/AdminSuiteBootstrap_Pages/VT_Bootstrap/Receipt/button_Continue"), 20): Object 'Object Repository/AdminSuiteBootstrap_Pages/VT_Bootstrap/Receipt/button_Continue' is present

2022-03-31 23:06:04 - [MESSAGE][PASSED] - Object 'Object Repository/AdminSuiteBootstrap_Pages/VT_Bootstrap/Receipt/button_Continue' is present

2022-03-31 23:06:04 - [TEST_STEP][PASSED] - verifyElementVisible(findTestObject("Object Repository/AdminSuiteBootstrap_Pages/VT_Bootstrap/Receipt/button_Print")): Object 'Object Repository/AdminSuiteBootstrap_Pages/VT_Bootstrap/Receipt/button_Print' is visible

2022-03-31 23:06:04 - [MESSAGE][PASSED] - Object 'Object Repository/AdminSuiteBootstrap_Pages/VT_Bootstrap/Receipt/button_Print' is visible

2022-03-31 23:06:04 - [TEST_STEP][PASSED] - verifyElementPresent(findTestObject("Object Repository/AdminSuiteBootstrap_Pages/VT_Bootstrap/Receipt/button_Print"), 20): Object 'Object Repository/AdminSuiteBootstrap_Pages/VT_Bootstrap/Receipt/button_Print' is present

2022-03-31 23:06:05 - [MESSAGE][PASSED] - Object 'Object Repository/AdminSuiteBootstrap_Pages/VT_Bootstrap/Receipt/button_Print' is present

2022-03-31 23:06:05 - [TEST_STEP][PASSED] - verifyTextPresent("Remittance ID", true): Text 'Remittance ID' is present on page  using regular expression

2022-03-31 23:06:05 - [MESSAGE][PASSED] - Text 'Remittance ID' is present on page  using regular expression

2022-03-31 23:06:05 - [TEST_STEP][PASSED] - verifyTextPresent("Received", true): Text 'Received' is present on page  using regular expression

2022-03-31 23:06:05 - [MESSAGE][PASSED] - Text 'Received' is present on page  using regular expression

2022-03-31 23:06:05 - [TEST_STEP][PASSED] - verifyTextPresent("UDF1", true): Text 'UDF1' is present on page  using regular expression

2022-03-31 23:06:06 - [MESSAGE][PASSED] - Text 'UDF1' is present on page  using regular expression

2022-03-31 23:06:06 - [TEST_STEP][PASSED] - verifyTextPresent("UDF2", true): Text 'UDF2' is present on page  using regular expression

2022-03-31 23:06:06 - [MESSAGE][PASSED] - Text 'UDF2' is present on page  using regular expression

2022-03-31 23:06:06 - [TEST_STEP][PASSED] - verifyTextPresent("UDF3", true): Text 'UDF3' is present on page  using regular expression

2022-03-31 23:06:06 - [MESSAGE][PASSED] - Text 'UDF3' is present on page  using regular expression

2022-03-31 23:06:06 - [TEST_STEP][PASSED] - verifyTextPresent("UDF4", true): Text 'UDF4' is present on page  using regular expression

2022-03-31 23:06:07 - [MESSAGE][PASSED] - Text 'UDF4' is present on page  using regular expression

2022-03-31 23:06:07 - [TEST_STEP][PASSED] - verifyTextPresent("UDF5", true): Text 'UDF5' is present on page  using regular expression

2022-03-31 23:06:07 - [MESSAGE][PASSED] - Text 'UDF5' is present on page  using regular expression

2022-03-31 23:06:07 - [TEST_STEP][PASSED] - verifyTextPresent("UDF6", true): Text 'UDF6' is present on page  using regular expression

2022-03-31 23:06:07 - [MESSAGE][PASSED] - Text 'UDF6' is present on page  using regular expression

2022-03-31 23:06:07 - [TEST_STEP][PASSED] - verifyTextPresent("UDF7", true): Text 'UDF7' is present on page  using regular expression

2022-03-31 23:06:08 - [MESSAGE][PASSED] - Text 'UDF7' is present on page  using regular expression

2022-03-31 23:06:08 - [TEST_STEP][PASSED] - verifyTextPresent("UDF8", true): Text 'UDF8' is present on page  using regular expression

2022-03-31 23:06:08 - [MESSAGE][PASSED] - Text 'UDF8' is present on page  using regular expression

2022-03-31 23:06:08 - [TEST_STEP][PASSED] - verifyTextPresent("UDF9", true): Text 'UDF9' is present on page  using regular expression

2022-03-31 23:06:08 - [MESSAGE][PASSED] - Text 'UDF9' is present on page  using regular expression

2022-03-31 23:06:08 - [TEST_STEP][PASSED] - verifyTextPresent("UDF 10", true): Text 'UDF 10' is present on page  using regular expression

2022-03-31 23:06:09 - [MESSAGE][PASSED] - Text 'UDF 10' is present on page  using regular expression

2022-03-31 23:06:09 - [TEST_STEP][PASSED] - verifyTextPresent("Australia", true): Text 'Australia' is present on page  using regular expression

2022-03-31 23:06:09 - [MESSAGE][PASSED] - Text 'Australia' is present on page  using regular expression

2022-03-31 23:06:09 - [TEST_STEP][PASSED] - verifyTextPresent("Denmark", true): Text 'Denmark' is present on page  using regular expression

2022-03-31 23:06:09 - [MESSAGE][PASSED] - Text 'Denmark' is present on page  using regular expression

2022-03-31 23:06:09 - [TEST_STEP][PASSED] - verifyTextPresent("Sweden", true): Text 'Sweden' is present on page  using regular expression

2022-03-31 23:06:10 - [MESSAGE][PASSED] - Text 'Sweden' is present on page  using regular expression

2022-03-31 23:06:10 - [TEST_STEP][PASSED] - verifyTextPresent("Austria", true): Text 'Austria' is present on page  using regular expression

2022-03-31 23:06:10 - [MESSAGE][PASSED] - Text 'Austria' is present on page  using regular expression

2022-03-31 23:06:10 - [TEST_STEP][PASSED] - verifyTextPresent("Orange Recorded", true): Text 'Orange Recorded' is present on page  using regular expression

2022-03-31 23:06:11 - [MESSAGE][PASSED] - Text 'Orange Recorded' is present on page  using regular expression

2022-03-31 23:06:11 - [TEST_STEP][PASSED] - verifyTextPresent("Yellow Recorded", true): Text 'Yellow Recorded' is present on page  using regular expression

2022-03-31 23:06:11 - [MESSAGE][PASSED] - Text 'Yellow Recorded' is present on page  using regular expression

2022-03-31 23:06:11 - [TEST_STEP][PASSED] - verifyTextPresent("Norway", true): Text 'Norway' is present on page  using regular expression

2022-03-31 23:06:11 - [MESSAGE][PASSED] - Text 'Norway' is present on page  using regular expression

2022-03-31 23:06:11 - [TEST_STEP][PASSED] - verifyTextPresent("Netherlands", true): Text 'Netherlands' is present on page  using regular expression

2022-03-31 23:06:12 - [MESSAGE][PASSED] - Text 'Netherlands' is present on page  using regular expression

2022-03-31 23:06:12 - [TEST_STEP][PASSED] - verifyTextPresent("Switzerland", true): Text 'Switzerland' is present on page  using regular expression

2022-03-31 23:06:12 - [MESSAGE][PASSED] - Text 'Switzerland' is present on page  using regular expression

2022-03-31 23:06:12 - [TEST_STEP][PASSED] - verifyTextPresent("France", true): Text 'France' is present on page  using regular expression

2022-03-31 23:06:12 - [MESSAGE][PASSED] - Text 'France' is present on page  using regular expression

2022-03-31 23:06:12 - [TEST_STEP][PASSED] - verifyTextPresent("Card Information", true): Text 'Card Information' is present on page  using regular expression

2022-03-31 23:06:13 - [MESSAGE][PASSED] - Text 'Card Information' is present on page  using regular expression

2022-03-31 23:06:13 - [TEST_STEP][PASSED] - verifyTextPresent("Amount", true): Text 'Amount' is present on page  using regular expression

2022-03-31 23:06:13 - [MESSAGE][PASSED] - Text 'Amount' is present on page  using regular expression

2022-03-31 23:06:13 - [TEST_STEP][PASSED] - verifyTextPresent("Service Fee", true): Text 'Service Fee' is present on page  using regular expression

2022-03-31 23:06:13 - [MESSAGE][PASSED] - Text 'Service Fee' is present on page  using regular expression

2022-03-31 23:06:13 - [TEST_STEP][PASSED] - verifyTextPresent("Service Fee Type", true): Text 'Service Fee Type' is present on page  using regular expression

2022-03-31 23:06:13 - [MESSAGE][PASSED] - Text 'Service Fee Type' is present on page  using regular expression

2022-03-31 23:06:13 - [TEST_STEP][PASSED] - verifyTextPresent("Total Amount", true): Text 'Total Amount' is present on page  using regular expression

2022-03-31 23:06:14 - [MESSAGE][PASSED] - Text 'Total Amount' is present on page  using regular expression

2022-03-31 23:06:14 - [TEST_STEP][PASSED] - verifyTextPresent("Transaction Type", true): Text 'Transaction Type' is present on page  using regular expression

2022-03-31 23:06:14 - [MESSAGE][PASSED] - Text 'Transaction Type' is present on page  using regular expression

2022-03-31 23:06:14 - [TEST_STEP][PASSED] - verifyTextPresent("10.50", true): Text '10.50' is present on page  using regular expression

2022-03-31 23:06:15 - [MESSAGE][PASSED] - Text '10.50' is present on page  using regular expression

2022-03-31 23:06:15 - [TEST_STEP][PASSED] - verifyTextPresent("5.00", true): Text '5.00' is present on page  using regular expression

2022-03-31 23:06:15 - [MESSAGE][PASSED] - Text '5.00' is present on page  using regular expression

2022-03-31 23:06:15 - [TEST_STEP][PASSED] - verifyTextPresent("Dual Transaction", true): Text 'Dual Transaction' is present on page  using regular expression

2022-03-31 23:06:15 - [MESSAGE][PASSED] - Text 'Dual Transaction' is present on page  using regular expression

2022-03-31 23:06:15 - [TEST_STEP][PASSED] - verifyTextPresent("15.50", true): Text '15.50' is present on page  using regular expression

2022-03-31 23:06:16 - [MESSAGE][PASSED] - Text '15.50' is present on page  using regular expression

2022-03-31 23:06:16 - [TEST_STEP][PASSED] - verifyTextPresent("Authorization and Capture", true): Text 'Authorization and Capture' is present on page  using regular expression

2022-03-31 23:06:16 - [MESSAGE][PASSED] - Text 'Authorization and Capture' is present on page  using regular expression

2022-03-31 23:06:16 - [TEST_STEP][PASSED] - cardNameV = findTestData(dataFile).getValue("CardNameV", row): null

2022-03-31 23:06:16 - [TEST_STEP][PASSED] - al1V = findTestData(dataFile).getValue("AL1", row): null

2022-03-31 23:06:16 - [TEST_STEP][PASSED] - al2V = findTestData(dataFile).getValue("AL2", row): null

2022-03-31 23:06:16 - [TEST_STEP][PASSED] - zipV = findTestData(dataFile).getValue("ZIP", row): null

2022-03-31 23:06:16 - [TEST_STEP][PASSED] - cardTypeV = findTestData(dataFile).getValue("CardType", row): null

2022-03-31 23:06:16 - [TEST_STEP][PASSED] - last4V = findTestData(dataFile).getValue("Last4", row): null

2022-03-31 23:06:16 - [TEST_STEP][PASSED] - verifyTextPresent(cardNameV, true): Text 'JANAKI JAMES' is present on page  using regular expression

2022-03-31 23:06:17 - [MESSAGE][PASSED] - Text 'JANAKI JAMES' is present on page  using regular expression

2022-03-31 23:06:17 - [TEST_STEP][PASSED] - verifyTextPresent("Address Line 1", true): Text 'Address Line 1' is present on page  using regular expression

2022-03-31 23:06:17 - [MESSAGE][PASSED] - Text 'Address Line 1' is present on page  using regular expression

2022-03-31 23:06:17 - [TEST_STEP][PASSED] - verifyTextPresent("Address Line 2", true): Text 'Address Line 2' is present on page  using regular expression

2022-03-31 23:06:17 - [MESSAGE][PASSED] - Text 'Address Line 2' is present on page  using regular expression

2022-03-31 23:06:17 - [TEST_STEP][PASSED] - verifyTextPresent("Country", true): Text 'Country' is present on page  using regular expression

2022-03-31 23:06:18 - [MESSAGE][PASSED] - Text 'Country' is present on page  using regular expression

2022-03-31 23:06:18 - [TEST_STEP][PASSED] - verifyTextPresent("City", true): Text 'City' is present on page  using regular expression

2022-03-31 23:06:18 - [MESSAGE][PASSED] - Text 'City' is present on page  using regular expression

2022-03-31 23:06:18 - [TEST_STEP][PASSED] - verifyTextPresent("State", true): Text 'State' is present on page  using regular expression

2022-03-31 23:06:18 - [MESSAGE][PASSED] - Text 'State' is present on page  using regular expression

2022-03-31 23:06:18 - [TEST_STEP][PASSED] - verifyTextPresent("ZIP Code", true): Text 'ZIP Code' is present on page  using regular expression

2022-03-31 23:06:19 - [MESSAGE][PASSED] - Text 'ZIP Code' is present on page  using regular expression

2022-03-31 23:06:19 - [TEST_STEP][PASSED] - verifyTextPresent(al1V, true): Text '25987 Hill Top' is present on page  using regular expression

2022-03-31 23:06:19 - [MESSAGE][PASSED] - Text '25987 Hill Top' is present on page  using regular expression

2022-03-31 23:06:19 - [TEST_STEP][PASSED] - verifyTextPresent(al2V, true): Text 'Suite 500' is present on page  using regular expression

2022-03-31 23:06:19 - [MESSAGE][PASSED] - Text 'Suite 500' is present on page  using regular expression

2022-03-31 23:06:19 - [TEST_STEP][PASSED] - verifyTextPresent("United States", true): Text 'United States' is present on page  using regular expression

2022-03-31 23:06:20 - [MESSAGE][PASSED] - Text 'United States' is present on page  using regular expression

2022-03-31 23:06:20 - [TEST_STEP][PASSED] - verifyTextPresent("ARLINGTON", true): Text 'ARLINGTON' is present on page  using regular expression

2022-03-31 23:06:20 - [MESSAGE][PASSED] - Text 'ARLINGTON' is present on page  using regular expression

2022-03-31 23:06:20 - [TEST_STEP][PASSED] - verifyTextPresent("Virginia", true): Text 'Virginia' is present on page  using regular expression

2022-03-31 23:06:20 - [MESSAGE][PASSED] - Text 'Virginia' is present on page  using regular expression

2022-03-31 23:06:20 - [TEST_STEP][PASSED] - verifyTextPresent(zipV, true): Text '22201' is present on page  using regular expression

2022-03-31 23:06:21 - [MESSAGE][PASSED] - Text '22201' is present on page  using regular expression

2022-03-31 23:06:21 - [TEST_STEP][PASSED] - verifyTextPresent(cardTypeV, true): Text 'Discover' is present on page  using regular expression

2022-03-31 23:06:21 - [MESSAGE][PASSED] - Text 'Discover' is present on page  using regular expression

2022-03-31 23:06:21 - [TEST_STEP][PASSED] - verifyTextPresent(last4V, true): Text '6909' is present on page  using regular expression

2022-03-31 23:06:21 - [MESSAGE][PASSED] - Text '6909' is present on page  using regular expression

2022-03-31 23:06:21 - [TEST_STEP][PASSED] - closeBrowser(): Browser is closed

2022-03-31 23:06:22 - [MESSAGE][PASSED] - Browser is closed]]></system-out>
         <system-err><![CDATA[]]></system-err>
      </testcase>
      <testcase name="Test Cases/Admin Suite Bootstrap/VT_TestCases/SaleKeyboard_TP_NoCF_Generic_Payment_TC" time="397.319" classname="Test Cases/Admin Suite Bootstrap/VT_TestCases/SaleKeyboard_TP_NoCF_Generic_Payment_TC" status="PASSED">
         <system-out><![CDATA[2022-03-31 23:06:22 - [TEST_CASE][PASSED] - Test Cases/Admin Suite Bootstrap/VT_TestCases/SaleKeyboard_TP_NoCF_Generic_Payment_TC: Test Cases/Admin Suite Bootstrap/VT_TestCases/SaleKeyboard_TP_NoCF_Generic_Payment_TC

2022-03-31 23:06:23 - [TEST_STEP][PASSED] - path_Dashboard = "Object Repository/AdminSuiteBootstrap_Pages/Dashboard_Bootstrap/": null

2022-03-31 23:06:23 - [TEST_STEP][PASSED] - path_VT = "Object Repository/AdminSuiteBootstrap_Pages/VT_Bootstrap/IssueTransactions/": null

2022-03-31 23:06:23 - [TEST_STEP][PASSED] - path_SaleKB = "Object Repository/AdminSuiteBootstrap_Pages/VT_Bootstrap/SaleKeyboard/": null

2022-03-31 23:06:23 - [TEST_STEP][PASSED] - path_TestMinus = "Object Repository/Page_TestMinusAndAtSigns/": null

2022-03-31 23:06:23 - [TEST_STEP][PASSED] - li_1 = vpos_Prefix: null

2022-03-31 23:06:23 - [TEST_STEP][PASSED] - li_2 = "/transactions/AuthCapForm/": null

2022-03-31 23:06:23 - [TEST_STEP][PASSED] - executionProfile = getExecutionProfile(): null

2022-03-31 23:06:23 - [TEST_STEP][PASSED] - out.println("executionProfile : " + executionProfile): null

2022-03-31 23:06:23 - [TEST_STEP][PASSED] - appName = <not implemented yet for class: org.codehaus.groovy.ast.expr.EmptyExpression>: null

2022-03-31 23:06:23 - [TEST_STEP][PASSED] - appID = <not implemented yet for class: org.codehaus.groovy.ast.expr.EmptyExpression>: null

2022-03-31 23:06:23 - [TEST_STEP][PASSED] - cardNameV = <not implemented yet for class: org.codehaus.groovy.ast.expr.EmptyExpression>: null

2022-03-31 23:06:23 - [TEST_STEP][PASSED] - al1V = <not implemented yet for class: org.codehaus.groovy.ast.expr.EmptyExpression>: null

2022-03-31 23:06:23 - [TEST_STEP][PASSED] - al2V = <not implemented yet for class: org.codehaus.groovy.ast.expr.EmptyExpression>: null

2022-03-31 23:06:23 - [TEST_STEP][PASSED] - zipV = <not implemented yet for class: org.codehaus.groovy.ast.expr.EmptyExpression>: null

2022-03-31 23:06:23 - [TEST_STEP][PASSED] - cardTypeV = <not implemented yet for class: org.codehaus.groovy.ast.expr.EmptyExpression>: null

2022-03-31 23:06:23 - [TEST_STEP][PASSED] - last4V = <not implemented yet for class: org.codehaus.groovy.ast.expr.EmptyExpression>: null

2022-03-31 23:06:23 - [TEST_STEP][PASSED] - resText = "Fail": null

2022-03-31 23:06:23 - [TEST_STEP][PASSED] - resColumn = "Result": null

2022-03-31 23:06:23 - [TEST_STEP][PASSED] - datCloumn = "Date": null

2022-03-31 23:06:23 - [TEST_STEP][PASSED] - fileLoc = "C:\KatalonData\Bootstrap\VT-Data.xlsx": null

2022-03-31 23:06:23 - [TEST_STEP][PASSED] - numOfRows = <not implemented yet for class: org.codehaus.groovy.ast.expr.EmptyExpression>: null

2022-03-31 23:06:23 - [TEST_STEP][PASSED] - dataFile = <not implemented yet for class: org.codehaus.groovy.ast.expr.EmptyExpression>: null

2022-03-31 23:06:23 - [TEST_STEP][PASSED] - nameSheet = <not implemented yet for class: org.codehaus.groovy.ast.expr.EmptyExpression>: null

2022-03-31 23:06:23 - [TEST_STEP][PASSED] - nameSheet = "VT-Sale-NoCF-Generic": null

2022-03-31 23:06:23 - [TEST_STEP][PASSED] - numOfRows = findTestData("QA/Bootstrap/VT-TestData/VT-SaleData-NoCF-Generic").getRowNumbers(): null

2022-03-31 23:06:23 - [TEST_STEP][PASSED] - println("Number of Records: " + numOfRows): null

2022-03-31 23:06:23 - [TEST_STEP][PASSED] - dataFile = "QA/Bootstrap/VT-TestData/VT-SaleData-NoCF-Generic": null

2022-03-31 23:06:23 - [TEST_STEP][PASSED] - for ([row = 1, row <= numOfRows, (row++)]): Browser is closed

2022-03-31 23:06:23 - [TEST_STEP][PASSED] - ExecuteTC = findTestData(dataFile).getValue("Execute", row): null

2022-03-31 23:06:23 - [TEST_STEP][PASSED] - out.println("Value of Execute is : " + ExecuteTC): null

2022-03-31 23:06:23 - [TEST_STEP][PASSED] - switch (executionProfile): null

2022-03-31 23:06:23 - [TEST_STEP][PASSED] - case "QAProfile":: null

2022-03-31 23:06:23 - [TEST_STEP][PASSED] - appName = findTestData(dataFile).getValue("AppNameQA", row): null

2022-03-31 23:06:23 - [TEST_STEP][PASSED] - appID = findTestData(dataFile).getValue("AppIDQA", row): null

2022-03-31 23:06:23 - [TEST_STEP][PASSED] - break: null

2022-03-31 23:06:23 - [TEST_STEP][PASSED] - hrefAppID = li_1 + appID + li_2: null

2022-03-31 23:06:23 - [TEST_STEP][PASSED] - hrefApp = li_1 + appID + "/": null

2022-03-31 23:06:23 - [TEST_STEP][PASSED] - println("hrefApp : " + hrefApp): null

2022-03-31 23:06:23 - [TEST_STEP][PASSED] - if (ExecuteTC.equalsIgnoreCase("Y")): Browser is closed

2022-03-31 23:06:23 - [TEST_STEP][PASSED] - out.println("Begin Record Number: " + row): null

2022-03-31 23:06:23 - [TEST_STEP][PASSED] - today = new java.util.Date(): null

2022-03-31 23:06:23 - [TEST_STEP][PASSED] - println(today): null

2022-03-31 23:06:23 - [TEST_STEP][PASSED] - datText = today: null

2022-03-31 23:06:23 - [TEST_STEP][PASSED] - adminSuiteBootstrap.loginFunctionality.login_AdminSuite(): adminSuiteBootstrap.loginFunctionality.login_AdminSuite is PASSED

2022-03-31 23:06:23 - [MESSAGE][INFO] - Starting 'Chrome' driver

2022-03-31 23:06:23 - [MESSAGE][INFO] - User set preference: ['acceptInsecureCerts', 'true']

2022-03-31 23:06:23 - [MESSAGE][INFO] - Action delay is set to 0 milliseconds

2022-03-31 23:06:26 - [MESSAGE][PASSED] - Browser is opened with url: 'https://qa.velocitypayment.com/admin/imtiaz'

2022-03-31 23:06:26 - [MESSAGE][PASSED] - Current window maximized

2022-03-31 23:06:27 - [MESSAGE][PASSED] - Object 'Object Repository/Login_Page/Login_Username' is present

2022-03-31 23:06:28 - [MESSAGE][PASSED] - Text 'iahmed' is set on object 'Object Repository/Login_Page/Login_Username'

2022-03-31 23:06:28 - [MESSAGE][PASSED] - Text 'hello2222' is set on object 'Object Repository/Login_Page/Login_Password'

2022-03-31 23:06:32 - [MESSAGE][PASSED] - Object: 'Object Repository/Login_Page/Login_Submit' is clicked on

2022-03-31 23:06:32 - [MESSAGE][PASSED] - adminSuiteBootstrap.loginFunctionality.login_AdminSuite is PASSED

2022-03-31 23:06:32 - [TEST_STEP][PASSED] - click(findTestObject(path_Dashboard + appName)): Object: 'Object Repository/AdminSuiteBootstrap_Pages/Dashboard_Bootstrap/a_Access AutoNoCFtp' is clicked on

2022-03-31 23:06:33 - [MESSAGE][PASSED] - Object: 'Object Repository/AdminSuiteBootstrap_Pages/Dashboard_Bootstrap/a_Access AutoNoCFtp' is clicked on

2022-03-31 23:06:33 - [TEST_STEP][PASSED] - click(findTestObject(path_VT + "button_Authorization  Capture (Sale)")): Object: 'Object Repository/AdminSuiteBootstrap_Pages/VT_Bootstrap/IssueTransactions/button_Authorization  Capture (Sale)' is clicked on

2022-03-31 23:06:33 - [MESSAGE][PASSED] - Object: 'Object Repository/AdminSuiteBootstrap_Pages/VT_Bootstrap/IssueTransactions/button_Authorization  Capture (Sale)' is clicked on

2022-03-31 23:06:33 - [TEST_STEP][PASSED] - saleKeyboardEntryLink = modifyObjectProperty(findTestObject(path_VT + "a_KeyboardEntry_Sale"), "href", "equals", hrefAppID, true): Modify property of object successfully

2022-03-31 23:06:34 - [MESSAGE][PASSED] - Modify property of object successfully

2022-03-31 23:06:34 - [TEST_STEP][PASSED] - click(saleKeyboardEntryLink): Object: 'Object Repository/AdminSuiteBootstrap_Pages/VT_Bootstrap/IssueTransactions/a_KeyboardEntry_Sale' is clicked on

2022-03-31 23:06:34 - [MESSAGE][PASSED] - Object: 'Object Repository/AdminSuiteBootstrap_Pages/VT_Bootstrap/IssueTransactions/a_KeyboardEntry_Sale' is clicked on

2022-03-31 23:06:34 - [TEST_STEP][PASSED] - adminSuiteBootstrap.virtualTerminalSetData.saleKeyboard_DataDriven(row, dataFile): adminSuiteBootstrap.virtualTerminalSetData.saleKeyboard_DataDriven is PASSED

2022-03-31 23:06:37 - [MESSAGE][PASSED] - Text 'Tulsi Raman' is set on object 'Object Repository/AdminSuiteBootstrap_Pages/VT_Bootstrap/SaleKeyboard/input_cardName'

2022-03-31 23:06:38 - [MESSAGE][PASSED] - All options with value 'RETL' are selected in object 'Object Repository/AdminSuiteBootstrap_Pages/VT_Bootstrap/SaleKeyboard/select_transactionCategory'  using regular expression

2022-03-31 23:06:39 - [MESSAGE][PASSED] - Execute JavaScript 'arguments[0].value ='4012000098765439' ' successfully

2022-03-31 23:06:39 - [MESSAGE][PASSED] - Execute JavaScript 'arguments[0].value ='123' ' successfully

2022-03-31 23:06:40 - [MESSAGE][PASSED] - All options with value '12' are selected in object 'Object Repository/AdminSuiteBootstrap_Pages/VT_Bootstrap/SaleKeyboard/select_MM'  using regular expression

2022-03-31 23:06:41 - [MESSAGE][PASSED] - All options with value '2025' are selected in object 'Object Repository/AdminSuiteBootstrap_Pages/VT_Bootstrap/SaleKeyboard/select_YYYY'  using regular expression

2022-03-31 23:06:42 - [MESSAGE][PASSED] - Text '36 Cornor Road' is set on object 'Object Repository/AdminSuiteBootstrap_Pages/VT_Bootstrap/SaleKeyboard/input__address'

2022-03-31 23:06:43 - [MESSAGE][PASSED] - Text 'Suite 500' is set on object 'Object Repository/AdminSuiteBootstrap_Pages/VT_Bootstrap/SaleKeyboard/input__address2'

2022-03-31 23:06:43 - [MESSAGE][PASSED] - Text '22201' is set on object 'Object Repository/AdminSuiteBootstrap_Pages/VT_Bootstrap/SaleKeyboard/input__zip'

2022-03-31 23:06:44 - [MESSAGE][PASSED] - Text '' is set on object 'Object Repository/AdminSuiteBootstrap_Pages/VT_Bootstrap/SaleKeyboard/input_emailAddress'

2022-03-31 23:06:46 - [MESSAGE][PASSED] - Text '' is set on object 'Object Repository/AdminSuiteBootstrap_Pages/VT_Bootstrap/SaleKeyboard/input_smsNumber'

2022-03-31 23:06:46 - [MESSAGE][PASSED] - Text '10.50' is set on object 'Object Repository/AdminSuiteBootstrap_Pages/VT_Bootstrap/SaleKeyboard/input_amount'

2022-03-31 23:06:47 - [MESSAGE][PASSED] - Text 'Australia' is set on object 'Object Repository/AdminSuiteBootstrap_Pages/VT_Bootstrap/SaleKeyboard/input_userDefined1'

2022-03-31 23:06:48 - [MESSAGE][PASSED] - Text 'Denmark' is set on object 'Object Repository/AdminSuiteBootstrap_Pages/VT_Bootstrap/SaleKeyboard/input_userDefined2'

2022-03-31 23:06:48 - [MESSAGE][PASSED] - Text 'Sweden' is set on object 'Object Repository/AdminSuiteBootstrap_Pages/VT_Bootstrap/SaleKeyboard/input_userDefined3'

2022-03-31 23:06:49 - [MESSAGE][PASSED] - Text 'Austria' is set on object 'Object Repository/AdminSuiteBootstrap_Pages/VT_Bootstrap/SaleKeyboard/input_userDefined4'

2022-03-31 23:06:50 - [MESSAGE][PASSED] - All options with label 'Orange' are selected in object 'Object Repository/AdminSuiteBootstrap_Pages/VT_Bootstrap/SaleKeyboard/select_UDF5_DropDown'  using regular expression

2022-03-31 23:06:51 - [MESSAGE][PASSED] - All options with label 'Yellow' are selected in object 'Object Repository/AdminSuiteBootstrap_Pages/VT_Bootstrap/SaleKeyboard/select_UDF6_DropDown'  using regular expression

2022-03-31 23:06:52 - [MESSAGE][PASSED] - Text 'Norway' is set on object 'Object Repository/AdminSuiteBootstrap_Pages/VT_Bootstrap/SaleKeyboard/input_userDefined7'

2022-03-31 23:06:52 - [MESSAGE][PASSED] - Text 'Netherlands' is set on object 'Object Repository/AdminSuiteBootstrap_Pages/VT_Bootstrap/SaleKeyboard/input_userDefined8'

2022-03-31 23:06:53 - [MESSAGE][PASSED] - Text 'Switzerland' is set on object 'Object Repository/AdminSuiteBootstrap_Pages/VT_Bootstrap/SaleKeyboard/input_userDefined9'

2022-03-31 23:06:54 - [MESSAGE][PASSED] - Text 'France' is set on object 'Object Repository/AdminSuiteBootstrap_Pages/VT_Bootstrap/SaleKeyboard/input_userDefined10'

2022-03-31 23:06:56 - [MESSAGE][PASSED] - Object: 'Object Repository/AdminSuiteBootstrap_Pages/VT_Bootstrap/SaleKeyboard/button_Submit' is clicked on

2022-03-31 23:06:56 - [MESSAGE][PASSED] - adminSuiteBootstrap.virtualTerminalSetData.saleKeyboard_DataDriven is PASSED

2022-03-31 23:06:56 - [TEST_STEP][PASSED] - verifyTextPresent("Transaction Successful", true): Text 'Transaction Successful' is present on page  using regular expression

2022-03-31 23:06:56 - [MESSAGE][PASSED] - Text 'Transaction Successful' is present on page  using regular expression

2022-03-31 23:06:56 - [TEST_STEP][PASSED] - verifyElementVisible(findTestObject("Object Repository/AdminSuiteBootstrap_Pages/VT_Bootstrap/Receipt/button_Continue")): Object 'Object Repository/AdminSuiteBootstrap_Pages/VT_Bootstrap/Receipt/button_Continue' is visible

2022-03-31 23:06:57 - [MESSAGE][PASSED] - Object 'Object Repository/AdminSuiteBootstrap_Pages/VT_Bootstrap/Receipt/button_Continue' is visible

2022-03-31 23:06:57 - [TEST_STEP][PASSED] - verifyElementPresent(findTestObject("Object Repository/AdminSuiteBootstrap_Pages/VT_Bootstrap/Receipt/button_Continue"), 20): Object 'Object Repository/AdminSuiteBootstrap_Pages/VT_Bootstrap/Receipt/button_Continue' is present

2022-03-31 23:06:57 - [MESSAGE][PASSED] - Object 'Object Repository/AdminSuiteBootstrap_Pages/VT_Bootstrap/Receipt/button_Continue' is present

2022-03-31 23:06:57 - [TEST_STEP][PASSED] - verifyElementVisible(findTestObject("Object Repository/AdminSuiteBootstrap_Pages/VT_Bootstrap/Receipt/button_Print")): Object 'Object Repository/AdminSuiteBootstrap_Pages/VT_Bootstrap/Receipt/button_Print' is visible

2022-03-31 23:06:57 - [MESSAGE][PASSED] - Object 'Object Repository/AdminSuiteBootstrap_Pages/VT_Bootstrap/Receipt/button_Print' is visible

2022-03-31 23:06:57 - [TEST_STEP][PASSED] - verifyElementPresent(findTestObject("Object Repository/AdminSuiteBootstrap_Pages/VT_Bootstrap/Receipt/button_Print"), 20): Object 'Object Repository/AdminSuiteBootstrap_Pages/VT_Bootstrap/Receipt/button_Print' is present

2022-03-31 23:06:58 - [MESSAGE][PASSED] - Object 'Object Repository/AdminSuiteBootstrap_Pages/VT_Bootstrap/Receipt/button_Print' is present

2022-03-31 23:06:58 - [TEST_STEP][PASSED] - verifyTextPresent("Remittance ID", true): Text 'Remittance ID' is present on page  using regular expression

2022-03-31 23:06:58 - [MESSAGE][PASSED] - Text 'Remittance ID' is present on page  using regular expression

2022-03-31 23:06:58 - [TEST_STEP][PASSED] - verifyTextPresent("Received", true): Text 'Received' is present on page  using regular expression

2022-03-31 23:06:58 - [MESSAGE][PASSED] - Text 'Received' is present on page  using regular expression

2022-03-31 23:06:58 - [TEST_STEP][PASSED] - verifyTextPresent("UDF1", true): Text 'UDF1' is present on page  using regular expression

2022-03-31 23:06:59 - [MESSAGE][PASSED] - Text 'UDF1' is present on page  using regular expression

2022-03-31 23:06:59 - [TEST_STEP][PASSED] - verifyTextPresent("UDF2", true): Text 'UDF2' is present on page  using regular expression

2022-03-31 23:06:59 - [MESSAGE][PASSED] - Text 'UDF2' is present on page  using regular expression

2022-03-31 23:06:59 - [TEST_STEP][PASSED] - verifyTextPresent("UDF3", true): Text 'UDF3' is present on page  using regular expression

2022-03-31 23:06:59 - [MESSAGE][PASSED] - Text 'UDF3' is present on page  using regular expression

2022-03-31 23:06:59 - [TEST_STEP][PASSED] - verifyTextPresent("UDF4", true): Text 'UDF4' is present on page  using regular expression

2022-03-31 23:07:00 - [MESSAGE][PASSED] - Text 'UDF4' is present on page  using regular expression

2022-03-31 23:07:00 - [TEST_STEP][PASSED] - verifyTextPresent("UDF5", true): Text 'UDF5' is present on page  using regular expression

2022-03-31 23:07:00 - [MESSAGE][PASSED] - Text 'UDF5' is present on page  using regular expression

2022-03-31 23:07:00 - [TEST_STEP][PASSED] - verifyTextPresent("UDF6", true): Text 'UDF6' is present on page  using regular expression

2022-03-31 23:07:00 - [MESSAGE][PASSED] - Text 'UDF6' is present on page  using regular expression

2022-03-31 23:07:00 - [TEST_STEP][PASSED] - verifyTextPresent("UDF7", true): Text 'UDF7' is present on page  using regular expression

2022-03-31 23:07:01 - [MESSAGE][PASSED] - Text 'UDF7' is present on page  using regular expression

2022-03-31 23:07:01 - [TEST_STEP][PASSED] - verifyTextPresent("UDF8", true): Text 'UDF8' is present on page  using regular expression

2022-03-31 23:07:01 - [MESSAGE][PASSED] - Text 'UDF8' is present on page  using regular expression

2022-03-31 23:07:01 - [TEST_STEP][PASSED] - verifyTextPresent("UDF9", true): Text 'UDF9' is present on page  using regular expression

2022-03-31 23:07:01 - [MESSAGE][PASSED] - Text 'UDF9' is present on page  using regular expression

2022-03-31 23:07:01 - [TEST_STEP][PASSED] - verifyTextPresent("UDF 10", true): Text 'UDF 10' is present on page  using regular expression

2022-03-31 23:07:02 - [MESSAGE][PASSED] - Text 'UDF 10' is present on page  using regular expression

2022-03-31 23:07:02 - [TEST_STEP][PASSED] - verifyTextPresent("Australia", true): Text 'Australia' is present on page  using regular expression

2022-03-31 23:07:02 - [MESSAGE][PASSED] - Text 'Australia' is present on page  using regular expression

2022-03-31 23:07:02 - [TEST_STEP][PASSED] - verifyTextPresent("Denmark", true): Text 'Denmark' is present on page  using regular expression

2022-03-31 23:07:02 - [MESSAGE][PASSED] - Text 'Denmark' is present on page  using regular expression

2022-03-31 23:07:02 - [TEST_STEP][PASSED] - verifyTextPresent("Sweden", true): Text 'Sweden' is present on page  using regular expression

2022-03-31 23:07:02 - [MESSAGE][PASSED] - Text 'Sweden' is present on page  using regular expression

2022-03-31 23:07:02 - [TEST_STEP][PASSED] - verifyTextPresent("Austria", true): Text 'Austria' is present on page  using regular expression

2022-03-31 23:07:03 - [MESSAGE][PASSED] - Text 'Austria' is present on page  using regular expression

2022-03-31 23:07:03 - [TEST_STEP][PASSED] - verifyTextPresent("Orange Recorded", true): Text 'Orange Recorded' is present on page  using regular expression

2022-03-31 23:07:03 - [MESSAGE][PASSED] - Text 'Orange Recorded' is present on page  using regular expression

2022-03-31 23:07:03 - [TEST_STEP][PASSED] - verifyTextPresent("Yellow Recorded", true): Text 'Yellow Recorded' is present on page  using regular expression

2022-03-31 23:07:03 - [MESSAGE][PASSED] - Text 'Yellow Recorded' is present on page  using regular expression

2022-03-31 23:07:03 - [TEST_STEP][PASSED] - verifyTextPresent("Norway", true): Text 'Norway' is present on page  using regular expression

2022-03-31 23:07:04 - [MESSAGE][PASSED] - Text 'Norway' is present on page  using regular expression

2022-03-31 23:07:04 - [TEST_STEP][PASSED] - verifyTextPresent("Netherlands", true): Text 'Netherlands' is present on page  using regular expression

2022-03-31 23:07:04 - [MESSAGE][PASSED] - Text 'Netherlands' is present on page  using regular expression

2022-03-31 23:07:04 - [TEST_STEP][PASSED] - verifyTextPresent("Switzerland", true): Text 'Switzerland' is present on page  using regular expression

2022-03-31 23:07:04 - [MESSAGE][PASSED] - Text 'Switzerland' is present on page  using regular expression

2022-03-31 23:07:04 - [TEST_STEP][PASSED] - verifyTextPresent("France", true): Text 'France' is present on page  using regular expression

2022-03-31 23:07:04 - [MESSAGE][PASSED] - Text 'France' is present on page  using regular expression

2022-03-31 23:07:04 - [TEST_STEP][PASSED] - verifyTextPresent("Amount", true): Text 'Amount' is present on page  using regular expression

2022-03-31 23:07:05 - [MESSAGE][PASSED] - Text 'Amount' is present on page  using regular expression

2022-03-31 23:07:05 - [TEST_STEP][PASSED] - verifyTextPresent("Total Amount", true): Text 'Total Amount' is present on page  using regular expression

2022-03-31 23:07:05 - [MESSAGE][PASSED] - Text 'Total Amount' is present on page  using regular expression

2022-03-31 23:07:05 - [TEST_STEP][PASSED] - verifyTextPresent("Transaction Type", true): Text 'Transaction Type' is present on page  using regular expression

2022-03-31 23:07:05 - [MESSAGE][PASSED] - Text 'Transaction Type' is present on page  using regular expression

2022-03-31 23:07:05 - [TEST_STEP][PASSED] - verifyTextPresent("10.50", true): Text '10.50' is present on page  using regular expression

2022-03-31 23:07:06 - [MESSAGE][PASSED] - Text '10.50' is present on page  using regular expression

2022-03-31 23:07:06 - [TEST_STEP][PASSED] - verifyTextPresent("Authorization and Capture", true): Text 'Authorization and Capture' is present on page  using regular expression

2022-03-31 23:07:06 - [MESSAGE][PASSED] - Text 'Authorization and Capture' is present on page  using regular expression

2022-03-31 23:07:06 - [TEST_STEP][PASSED] - verifyTextPresent("Card Information", true): Text 'Card Information' is present on page  using regular expression

2022-03-31 23:07:06 - [MESSAGE][PASSED] - Text 'Card Information' is present on page  using regular expression

2022-03-31 23:07:06 - [TEST_STEP][PASSED] - cardNameV = findTestData(dataFile).getValue("CardNameV", row): null

2022-03-31 23:07:06 - [TEST_STEP][PASSED] - al1V = findTestData(dataFile).getValue("AL1", row): null

2022-03-31 23:07:07 - [TEST_STEP][PASSED] - al2V = findTestData(dataFile).getValue("AL2", row): null

2022-03-31 23:07:07 - [TEST_STEP][PASSED] - zipV = findTestData(dataFile).getValue("ZIP", row): null

2022-03-31 23:07:07 - [TEST_STEP][PASSED] - cardTypeV = findTestData(dataFile).getValue("CardType", row): null

2022-03-31 23:07:07 - [TEST_STEP][PASSED] - last4V = findTestData(dataFile).getValue("Last4", row): null

2022-03-31 23:07:07 - [TEST_STEP][PASSED] - verifyTextPresent(cardNameV, true): Text 'TULSI RAMAN' is present on page  using regular expression

2022-03-31 23:07:07 - [MESSAGE][PASSED] - Text 'TULSI RAMAN' is present on page  using regular expression

2022-03-31 23:07:07 - [TEST_STEP][PASSED] - verifyTextPresent("Address Line 1", true): Text 'Address Line 1' is present on page  using regular expression

2022-03-31 23:07:08 - [MESSAGE][PASSED] - Text 'Address Line 1' is present on page  using regular expression

2022-03-31 23:07:08 - [TEST_STEP][PASSED] - verifyTextPresent("Address Line 2", true): Text 'Address Line 2' is present on page  using regular expression

2022-03-31 23:07:08 - [MESSAGE][PASSED] - Text 'Address Line 2' is present on page  using regular expression

2022-03-31 23:07:08 - [TEST_STEP][PASSED] - verifyTextPresent("Country", true): Text 'Country' is present on page  using regular expression

2022-03-31 23:07:08 - [MESSAGE][PASSED] - Text 'Country' is present on page  using regular expression

2022-03-31 23:07:08 - [TEST_STEP][PASSED] - verifyTextPresent("City", true): Text 'City' is present on page  using regular expression

2022-03-31 23:07:09 - [MESSAGE][PASSED] - Text 'City' is present on page  using regular expression

2022-03-31 23:07:09 - [TEST_STEP][PASSED] - verifyTextPresent("State", true): Text 'State' is present on page  using regular expression

2022-03-31 23:07:09 - [MESSAGE][PASSED] - Text 'State' is present on page  using regular expression

2022-03-31 23:07:09 - [TEST_STEP][PASSED] - verifyTextPresent("ZIP Code", true): Text 'ZIP Code' is present on page  using regular expression

2022-03-31 23:07:09 - [MESSAGE][PASSED] - Text 'ZIP Code' is present on page  using regular expression

2022-03-31 23:07:09 - [TEST_STEP][PASSED] - verifyTextPresent(al1V, true): Text '36 Cornor Road' is present on page  using regular expression

2022-03-31 23:07:10 - [MESSAGE][PASSED] - Text '36 Cornor Road' is present on page  using regular expression

2022-03-31 23:07:10 - [TEST_STEP][PASSED] - verifyTextPresent(al2V, true): Text 'Suite 500' is present on page  using regular expression

2022-03-31 23:07:10 - [MESSAGE][PASSED] - Text 'Suite 500' is present on page  using regular expression

2022-03-31 23:07:10 - [TEST_STEP][PASSED] - verifyTextPresent("United States", true): Text 'United States' is present on page  using regular expression

2022-03-31 23:07:10 - [MESSAGE][PASSED] - Text 'United States' is present on page  using regular expression

2022-03-31 23:07:10 - [TEST_STEP][PASSED] - verifyTextPresent("ARLINGTON", true): Text 'ARLINGTON' is present on page  using regular expression

2022-03-31 23:07:11 - [MESSAGE][PASSED] - Text 'ARLINGTON' is present on page  using regular expression

2022-03-31 23:07:11 - [TEST_STEP][PASSED] - verifyTextPresent("Virginia", true): Text 'Virginia' is present on page  using regular expression

2022-03-31 23:07:11 - [MESSAGE][PASSED] - Text 'Virginia' is present on page  using regular expression

2022-03-31 23:07:11 - [TEST_STEP][PASSED] - verifyTextPresent(zipV, true): Text '22201' is present on page  using regular expression

2022-03-31 23:07:11 - [MESSAGE][PASSED] - Text '22201' is present on page  using regular expression

2022-03-31 23:07:11 - [TEST_STEP][PASSED] - verifyTextPresent(cardTypeV, true): Text 'Visa' is present on page  using regular expression

2022-03-31 23:07:12 - [MESSAGE][PASSED] - Text 'Visa' is present on page  using regular expression

2022-03-31 23:07:12 - [TEST_STEP][PASSED] - verifyTextPresent(last4V, true): Text '5439' is present on page  using regular expression

2022-03-31 23:07:12 - [MESSAGE][PASSED] - Text '5439' is present on page  using regular expression

2022-03-31 23:07:12 - [TEST_STEP][PASSED] - closeBrowser(): Browser is closed

2022-03-31 23:07:13 - [MESSAGE][PASSED] - Browser is closed

2022-03-31 23:07:13 - [TEST_STEP][PASSED] - ExecuteTC = findTestData(dataFile).getValue("Execute", row): null

2022-03-31 23:07:13 - [TEST_STEP][PASSED] - out.println("Value of Execute is : " + ExecuteTC): null

2022-03-31 23:07:13 - [TEST_STEP][PASSED] - switch (executionProfile): null

2022-03-31 23:07:13 - [TEST_STEP][PASSED] - case "QAProfile":: null

2022-03-31 23:07:13 - [TEST_STEP][PASSED] - appName = findTestData(dataFile).getValue("AppNameQA", row): null

2022-03-31 23:07:13 - [TEST_STEP][PASSED] - appID = findTestData(dataFile).getValue("AppIDQA", row): null

2022-03-31 23:07:13 - [TEST_STEP][PASSED] - break: null

2022-03-31 23:07:13 - [TEST_STEP][PASSED] - hrefAppID = li_1 + appID + li_2: null

2022-03-31 23:07:13 - [TEST_STEP][PASSED] - hrefApp = li_1 + appID + "/": null

2022-03-31 23:07:13 - [TEST_STEP][PASSED] - println("hrefApp : " + hrefApp): null

2022-03-31 23:07:13 - [TEST_STEP][PASSED] - if (ExecuteTC.equalsIgnoreCase("Y")): Browser is closed

2022-03-31 23:07:13 - [TEST_STEP][PASSED] - out.println("Begin Record Number: " + row): null

2022-03-31 23:07:13 - [TEST_STEP][PASSED] - today = new java.util.Date(): null

2022-03-31 23:07:13 - [TEST_STEP][PASSED] - println(today): null

2022-03-31 23:07:13 - [TEST_STEP][PASSED] - datText = today: null

2022-03-31 23:07:13 - [TEST_STEP][PASSED] - adminSuiteBootstrap.loginFunctionality.login_AdminSuite(): adminSuiteBootstrap.loginFunctionality.login_AdminSuite is PASSED

2022-03-31 23:07:13 - [MESSAGE][INFO] - Starting 'Chrome' driver

2022-03-31 23:07:13 - [MESSAGE][INFO] - User set preference: ['acceptInsecureCerts', 'true']

2022-03-31 23:07:13 - [MESSAGE][INFO] - Action delay is set to 0 milliseconds

2022-03-31 23:07:16 - [MESSAGE][PASSED] - Browser is opened with url: 'https://qa.velocitypayment.com/admin/imtiaz'

2022-03-31 23:07:16 - [MESSAGE][PASSED] - Current window maximized

2022-03-31 23:07:17 - [MESSAGE][PASSED] - Object 'Object Repository/Login_Page/Login_Username' is present

2022-03-31 23:07:18 - [MESSAGE][PASSED] - Text 'iahmed' is set on object 'Object Repository/Login_Page/Login_Username'

2022-03-31 23:07:18 - [MESSAGE][PASSED] - Text 'hello2222' is set on object 'Object Repository/Login_Page/Login_Password'

2022-03-31 23:07:21 - [MESSAGE][PASSED] - Object: 'Object Repository/Login_Page/Login_Submit' is clicked on

2022-03-31 23:07:21 - [MESSAGE][PASSED] - adminSuiteBootstrap.loginFunctionality.login_AdminSuite is PASSED

2022-03-31 23:07:21 - [TEST_STEP][PASSED] - click(findTestObject(path_Dashboard + appName)): Object: 'Object Repository/AdminSuiteBootstrap_Pages/Dashboard_Bootstrap/a_Access AutoNoCFtp' is clicked on

2022-03-31 23:07:22 - [MESSAGE][PASSED] - Object: 'Object Repository/AdminSuiteBootstrap_Pages/Dashboard_Bootstrap/a_Access AutoNoCFtp' is clicked on

2022-03-31 23:07:22 - [TEST_STEP][PASSED] - click(findTestObject(path_VT + "button_Authorization  Capture (Sale)")): Object: 'Object Repository/AdminSuiteBootstrap_Pages/VT_Bootstrap/IssueTransactions/button_Authorization  Capture (Sale)' is clicked on

2022-03-31 23:07:23 - [MESSAGE][PASSED] - Object: 'Object Repository/AdminSuiteBootstrap_Pages/VT_Bootstrap/IssueTransactions/button_Authorization  Capture (Sale)' is clicked on

2022-03-31 23:07:23 - [TEST_STEP][PASSED] - saleKeyboardEntryLink = modifyObjectProperty(findTestObject(path_VT + "a_KeyboardEntry_Sale"), "href", "equals", hrefAppID, true): Modify property of object successfully

2022-03-31 23:07:23 - [MESSAGE][PASSED] - Modify property of object successfully

2022-03-31 23:07:23 - [TEST_STEP][PASSED] - click(saleKeyboardEntryLink): Object: 'Object Repository/AdminSuiteBootstrap_Pages/VT_Bootstrap/IssueTransactions/a_KeyboardEntry_Sale' is clicked on

2022-03-31 23:07:23 - [MESSAGE][PASSED] - Object: 'Object Repository/AdminSuiteBootstrap_Pages/VT_Bootstrap/IssueTransactions/a_KeyboardEntry_Sale' is clicked on

2022-03-31 23:07:23 - [TEST_STEP][PASSED] - adminSuiteBootstrap.virtualTerminalSetData.saleKeyboard_DataDriven(row, dataFile): adminSuiteBootstrap.virtualTerminalSetData.saleKeyboard_DataDriven is PASSED

2022-03-31 23:07:26 - [MESSAGE][PASSED] - Text 'Tulsi Raman' is set on object 'Object Repository/AdminSuiteBootstrap_Pages/VT_Bootstrap/SaleKeyboard/input_cardName'

2022-03-31 23:07:27 - [MESSAGE][PASSED] - All options with value 'RETL' are selected in object 'Object Repository/AdminSuiteBootstrap_Pages/VT_Bootstrap/SaleKeyboard/select_transactionCategory'  using regular expression

2022-03-31 23:07:28 - [MESSAGE][PASSED] - Execute JavaScript 'arguments[0].value ='5146312200000035' ' successfully

2022-03-31 23:07:28 - [MESSAGE][PASSED] - Execute JavaScript 'arguments[0].value ='123' ' successfully

2022-03-31 23:07:29 - [MESSAGE][PASSED] - All options with value '12' are selected in object 'Object Repository/AdminSuiteBootstrap_Pages/VT_Bootstrap/SaleKeyboard/select_MM'  using regular expression

2022-03-31 23:07:31 - [MESSAGE][PASSED] - All options with value '2025' are selected in object 'Object Repository/AdminSuiteBootstrap_Pages/VT_Bootstrap/SaleKeyboard/select_YYYY'  using regular expression

2022-03-31 23:07:31 - [MESSAGE][PASSED] - Text '1478 Jhatka Palace' is set on object 'Object Repository/AdminSuiteBootstrap_Pages/VT_Bootstrap/SaleKeyboard/input__address'

2022-03-31 23:07:32 - [MESSAGE][PASSED] - Text 'Suite 500' is set on object 'Object Repository/AdminSuiteBootstrap_Pages/VT_Bootstrap/SaleKeyboard/input__address2'

2022-03-31 23:07:33 - [MESSAGE][PASSED] - Text '22201' is set on object 'Object Repository/AdminSuiteBootstrap_Pages/VT_Bootstrap/SaleKeyboard/input__zip'

2022-03-31 23:07:33 - [MESSAGE][PASSED] - Text '' is set on object 'Object Repository/AdminSuiteBootstrap_Pages/VT_Bootstrap/SaleKeyboard/input_emailAddress'

2022-03-31 23:07:35 - [MESSAGE][PASSED] - Text '' is set on object 'Object Repository/AdminSuiteBootstrap_Pages/VT_Bootstrap/SaleKeyboard/input_smsNumber'

2022-03-31 23:07:35 - [MESSAGE][PASSED] - Text '10.50' is set on object 'Object Repository/AdminSuiteBootstrap_Pages/VT_Bootstrap/SaleKeyboard/input_amount'

2022-03-31 23:07:36 - [MESSAGE][PASSED] - Text 'Australia' is set on object 'Object Repository/AdminSuiteBootstrap_Pages/VT_Bootstrap/SaleKeyboard/input_userDefined1'

2022-03-31 23:07:37 - [MESSAGE][PASSED] - Text 'Denmark' is set on object 'Object Repository/AdminSuiteBootstrap_Pages/VT_Bootstrap/SaleKeyboard/input_userDefined2'

2022-03-31 23:07:37 - [MESSAGE][PASSED] - Text 'Sweden' is set on object 'Object Repository/AdminSuiteBootstrap_Pages/VT_Bootstrap/SaleKeyboard/input_userDefined3'

2022-03-31 23:07:38 - [MESSAGE][PASSED] - Text 'Austria' is set on object 'Object Repository/AdminSuiteBootstrap_Pages/VT_Bootstrap/SaleKeyboard/input_userDefined4'

2022-03-31 23:07:39 - [MESSAGE][PASSED] - All options with label 'Orange' are selected in object 'Object Repository/AdminSuiteBootstrap_Pages/VT_Bootstrap/SaleKeyboard/select_UDF5_DropDown'  using regular expression

2022-03-31 23:07:40 - [MESSAGE][PASSED] - All options with label 'Yellow' are selected in object 'Object Repository/AdminSuiteBootstrap_Pages/VT_Bootstrap/SaleKeyboard/select_UDF6_DropDown'  using regular expression

2022-03-31 23:07:41 - [MESSAGE][PASSED] - Text 'Norway' is set on object 'Object Repository/AdminSuiteBootstrap_Pages/VT_Bootstrap/SaleKeyboard/input_userDefined7'

2022-03-31 23:07:42 - [MESSAGE][PASSED] - Text 'Netherlands' is set on object 'Object Repository/AdminSuiteBootstrap_Pages/VT_Bootstrap/SaleKeyboard/input_userDefined8'

2022-03-31 23:07:42 - [MESSAGE][PASSED] - Text 'Switzerland' is set on object 'Object Repository/AdminSuiteBootstrap_Pages/VT_Bootstrap/SaleKeyboard/input_userDefined9'

2022-03-31 23:07:43 - [MESSAGE][PASSED] - Text 'France' is set on object 'Object Repository/AdminSuiteBootstrap_Pages/VT_Bootstrap/SaleKeyboard/input_userDefined10'

2022-03-31 23:07:45 - [MESSAGE][PASSED] - Object: 'Object Repository/AdminSuiteBootstrap_Pages/VT_Bootstrap/SaleKeyboard/button_Submit' is clicked on

2022-03-31 23:07:45 - [MESSAGE][PASSED] - adminSuiteBootstrap.virtualTerminalSetData.saleKeyboard_DataDriven is PASSED

2022-03-31 23:07:45 - [TEST_STEP][PASSED] - verifyTextPresent("Transaction Successful", true): Text 'Transaction Successful' is present on page  using regular expression

2022-03-31 23:07:45 - [MESSAGE][PASSED] - Text 'Transaction Successful' is present on page  using regular expression

2022-03-31 23:07:45 - [TEST_STEP][PASSED] - verifyElementVisible(findTestObject("Object Repository/AdminSuiteBootstrap_Pages/VT_Bootstrap/Receipt/button_Continue")): Object 'Object Repository/AdminSuiteBootstrap_Pages/VT_Bootstrap/Receipt/button_Continue' is visible

2022-03-31 23:07:46 - [MESSAGE][PASSED] - Object 'Object Repository/AdminSuiteBootstrap_Pages/VT_Bootstrap/Receipt/button_Continue' is visible

2022-03-31 23:07:46 - [TEST_STEP][PASSED] - verifyElementPresent(findTestObject("Object Repository/AdminSuiteBootstrap_Pages/VT_Bootstrap/Receipt/button_Continue"), 20): Object 'Object Repository/AdminSuiteBootstrap_Pages/VT_Bootstrap/Receipt/button_Continue' is present

2022-03-31 23:07:46 - [MESSAGE][PASSED] - Object 'Object Repository/AdminSuiteBootstrap_Pages/VT_Bootstrap/Receipt/button_Continue' is present

2022-03-31 23:07:46 - [TEST_STEP][PASSED] - verifyElementVisible(findTestObject("Object Repository/AdminSuiteBootstrap_Pages/VT_Bootstrap/Receipt/button_Print")): Object 'Object Repository/AdminSuiteBootstrap_Pages/VT_Bootstrap/Receipt/button_Print' is visible

2022-03-31 23:07:46 - [MESSAGE][PASSED] - Object 'Object Repository/AdminSuiteBootstrap_Pages/VT_Bootstrap/Receipt/button_Print' is visible

2022-03-31 23:07:46 - [TEST_STEP][PASSED] - verifyElementPresent(findTestObject("Object Repository/AdminSuiteBootstrap_Pages/VT_Bootstrap/Receipt/button_Print"), 20): Object 'Object Repository/AdminSuiteBootstrap_Pages/VT_Bootstrap/Receipt/button_Print' is present

2022-03-31 23:07:47 - [MESSAGE][PASSED] - Object 'Object Repository/AdminSuiteBootstrap_Pages/VT_Bootstrap/Receipt/button_Print' is present

2022-03-31 23:07:47 - [TEST_STEP][PASSED] - verifyTextPresent("Remittance ID", true): Text 'Remittance ID' is present on page  using regular expression

2022-03-31 23:07:47 - [MESSAGE][PASSED] - Text 'Remittance ID' is present on page  using regular expression

2022-03-31 23:07:47 - [TEST_STEP][PASSED] - verifyTextPresent("Received", true): Text 'Received' is present on page  using regular expression

2022-03-31 23:07:47 - [MESSAGE][PASSED] - Text 'Received' is present on page  using regular expression

2022-03-31 23:07:47 - [TEST_STEP][PASSED] - verifyTextPresent("UDF1", true): Text 'UDF1' is present on page  using regular expression

2022-03-31 23:07:48 - [MESSAGE][PASSED] - Text 'UDF1' is present on page  using regular expression

2022-03-31 23:07:48 - [TEST_STEP][PASSED] - verifyTextPresent("UDF2", true): Text 'UDF2' is present on page  using regular expression

2022-03-31 23:07:48 - [MESSAGE][PASSED] - Text 'UDF2' is present on page  using regular expression

2022-03-31 23:07:48 - [TEST_STEP][PASSED] - verifyTextPresent("UDF3", true): Text 'UDF3' is present on page  using regular expression

2022-03-31 23:07:48 - [MESSAGE][PASSED] - Text 'UDF3' is present on page  using regular expression

2022-03-31 23:07:48 - [TEST_STEP][PASSED] - verifyTextPresent("UDF4", true): Text 'UDF4' is present on page  using regular expression

2022-03-31 23:07:49 - [MESSAGE][PASSED] - Text 'UDF4' is present on page  using regular expression

2022-03-31 23:07:49 - [TEST_STEP][PASSED] - verifyTextPresent("UDF5", true): Text 'UDF5' is present on page  using regular expression

2022-03-31 23:07:49 - [MESSAGE][PASSED] - Text 'UDF5' is present on page  using regular expression

2022-03-31 23:07:49 - [TEST_STEP][PASSED] - verifyTextPresent("UDF6", true): Text 'UDF6' is present on page  using regular expression

2022-03-31 23:07:49 - [MESSAGE][PASSED] - Text 'UDF6' is present on page  using regular expression

2022-03-31 23:07:49 - [TEST_STEP][PASSED] - verifyTextPresent("UDF7", true): Text 'UDF7' is present on page  using regular expression

2022-03-31 23:07:50 - [MESSAGE][PASSED] - Text 'UDF7' is present on page  using regular expression

2022-03-31 23:07:50 - [TEST_STEP][PASSED] - verifyTextPresent("UDF8", true): Text 'UDF8' is present on page  using regular expression

2022-03-31 23:07:50 - [MESSAGE][PASSED] - Text 'UDF8' is present on page  using regular expression

2022-03-31 23:07:50 - [TEST_STEP][PASSED] - verifyTextPresent("UDF9", true): Text 'UDF9' is present on page  using regular expression

2022-03-31 23:07:50 - [MESSAGE][PASSED] - Text 'UDF9' is present on page  using regular expression

2022-03-31 23:07:50 - [TEST_STEP][PASSED] - verifyTextPresent("UDF 10", true): Text 'UDF 10' is present on page  using regular expression

2022-03-31 23:07:51 - [MESSAGE][PASSED] - Text 'UDF 10' is present on page  using regular expression

2022-03-31 23:07:51 - [TEST_STEP][PASSED] - verifyTextPresent("Australia", true): Text 'Australia' is present on page  using regular expression

2022-03-31 23:07:51 - [MESSAGE][PASSED] - Text 'Australia' is present on page  using regular expression

2022-03-31 23:07:51 - [TEST_STEP][PASSED] - verifyTextPresent("Denmark", true): Text 'Denmark' is present on page  using regular expression

2022-03-31 23:07:51 - [MESSAGE][PASSED] - Text 'Denmark' is present on page  using regular expression

2022-03-31 23:07:51 - [TEST_STEP][PASSED] - verifyTextPresent("Sweden", true): Text 'Sweden' is present on page  using regular expression

2022-03-31 23:07:52 - [MESSAGE][PASSED] - Text 'Sweden' is present on page  using regular expression

2022-03-31 23:07:52 - [TEST_STEP][PASSED] - verifyTextPresent("Austria", true): Text 'Austria' is present on page  using regular expression

2022-03-31 23:07:52 - [MESSAGE][PASSED] - Text 'Austria' is present on page  using regular expression

2022-03-31 23:07:52 - [TEST_STEP][PASSED] - verifyTextPresent("Orange Recorded", true): Text 'Orange Recorded' is present on page  using regular expression

2022-03-31 23:07:52 - [MESSAGE][PASSED] - Text 'Orange Recorded' is present on page  using regular expression

2022-03-31 23:07:52 - [TEST_STEP][PASSED] - verifyTextPresent("Yellow Recorded", true): Text 'Yellow Recorded' is present on page  using regular expression

2022-03-31 23:07:53 - [MESSAGE][PASSED] - Text 'Yellow Recorded' is present on page  using regular expression

2022-03-31 23:07:53 - [TEST_STEP][PASSED] - verifyTextPresent("Norway", true): Text 'Norway' is present on page  using regular expression

2022-03-31 23:07:53 - [MESSAGE][PASSED] - Text 'Norway' is present on page  using regular expression

2022-03-31 23:07:53 - [TEST_STEP][PASSED] - verifyTextPresent("Netherlands", true): Text 'Netherlands' is present on page  using regular expression

2022-03-31 23:07:53 - [MESSAGE][PASSED] - Text 'Netherlands' is present on page  using regular expression

2022-03-31 23:07:53 - [TEST_STEP][PASSED] - verifyTextPresent("Switzerland", true): Text 'Switzerland' is present on page  using regular expression

2022-03-31 23:07:54 - [MESSAGE][PASSED] - Text 'Switzerland' is present on page  using regular expression

2022-03-31 23:07:54 - [TEST_STEP][PASSED] - verifyTextPresent("France", true): Text 'France' is present on page  using regular expression

2022-03-31 23:07:54 - [MESSAGE][PASSED] - Text 'France' is present on page  using regular expression

2022-03-31 23:07:54 - [TEST_STEP][PASSED] - verifyTextPresent("Amount", true): Text 'Amount' is present on page  using regular expression

2022-03-31 23:07:54 - [MESSAGE][PASSED] - Text 'Amount' is present on page  using regular expression

2022-03-31 23:07:54 - [TEST_STEP][PASSED] - verifyTextPresent("Total Amount", true): Text 'Total Amount' is present on page  using regular expression

2022-03-31 23:07:55 - [MESSAGE][PASSED] - Text 'Total Amount' is present on page  using regular expression

2022-03-31 23:07:55 - [TEST_STEP][PASSED] - verifyTextPresent("Transaction Type", true): Text 'Transaction Type' is present on page  using regular expression

2022-03-31 23:07:55 - [MESSAGE][PASSED] - Text 'Transaction Type' is present on page  using regular expression

2022-03-31 23:07:55 - [TEST_STEP][PASSED] - verifyTextPresent("10.50", true): Text '10.50' is present on page  using regular expression

2022-03-31 23:07:55 - [MESSAGE][PASSED] - Text '10.50' is present on page  using regular expression

2022-03-31 23:07:55 - [TEST_STEP][PASSED] - verifyTextPresent("Authorization and Capture", true): Text 'Authorization and Capture' is present on page  using regular expression

2022-03-31 23:07:56 - [MESSAGE][PASSED] - Text 'Authorization and Capture' is present on page  using regular expression

2022-03-31 23:07:56 - [TEST_STEP][PASSED] - verifyTextPresent("Card Information", true): Text 'Card Information' is present on page  using regular expression

2022-03-31 23:07:56 - [MESSAGE][PASSED] - Text 'Card Information' is present on page  using regular expression

2022-03-31 23:07:56 - [TEST_STEP][PASSED] - cardNameV = findTestData(dataFile).getValue("CardNameV", row): null

2022-03-31 23:07:56 - [TEST_STEP][PASSED] - al1V = findTestData(dataFile).getValue("AL1", row): null

2022-03-31 23:07:56 - [TEST_STEP][PASSED] - al2V = findTestData(dataFile).getValue("AL2", row): null

2022-03-31 23:07:56 - [TEST_STEP][PASSED] - zipV = findTestData(dataFile).getValue("ZIP", row): null

2022-03-31 23:07:56 - [TEST_STEP][PASSED] - cardTypeV = findTestData(dataFile).getValue("CardType", row): null

2022-03-31 23:07:56 - [TEST_STEP][PASSED] - last4V = findTestData(dataFile).getValue("Last4", row): null

2022-03-31 23:07:56 - [TEST_STEP][PASSED] - verifyTextPresent(cardNameV, true): Text 'TULSI RAMAN' is present on page  using regular expression

2022-03-31 23:07:57 - [MESSAGE][PASSED] - Text 'TULSI RAMAN' is present on page  using regular expression

2022-03-31 23:07:57 - [TEST_STEP][PASSED] - verifyTextPresent("Address Line 1", true): Text 'Address Line 1' is present on page  using regular expression

2022-03-31 23:07:57 - [MESSAGE][PASSED] - Text 'Address Line 1' is present on page  using regular expression

2022-03-31 23:07:57 - [TEST_STEP][PASSED] - verifyTextPresent("Address Line 2", true): Text 'Address Line 2' is present on page  using regular expression

2022-03-31 23:07:57 - [MESSAGE][PASSED] - Text 'Address Line 2' is present on page  using regular expression

2022-03-31 23:07:57 - [TEST_STEP][PASSED] - verifyTextPresent("Country", true): Text 'Country' is present on page  using regular expression

2022-03-31 23:07:58 - [MESSAGE][PASSED] - Text 'Country' is present on page  using regular expression

2022-03-31 23:07:58 - [TEST_STEP][PASSED] - verifyTextPresent("City", true): Text 'City' is present on page  using regular expression

2022-03-31 23:07:58 - [MESSAGE][PASSED] - Text 'City' is present on page  using regular expression

2022-03-31 23:07:58 - [TEST_STEP][PASSED] - verifyTextPresent("State", true): Text 'State' is present on page  using regular expression

2022-03-31 23:07:58 - [MESSAGE][PASSED] - Text 'State' is present on page  using regular expression

2022-03-31 23:07:58 - [TEST_STEP][PASSED] - verifyTextPresent("ZIP Code", true): Text 'ZIP Code' is present on page  using regular expression

2022-03-31 23:07:59 - [MESSAGE][PASSED] - Text 'ZIP Code' is present on page  using regular expression

2022-03-31 23:07:59 - [TEST_STEP][PASSED] - verifyTextPresent(al1V, true): Text '1478 Jhatka Palace' is present on page  using regular expression

2022-03-31 23:07:59 - [MESSAGE][PASSED] - Text '1478 Jhatka Palace' is present on page  using regular expression

2022-03-31 23:07:59 - [TEST_STEP][PASSED] - verifyTextPresent(al2V, true): Text 'Suite 500' is present on page  using regular expression

2022-03-31 23:07:59 - [MESSAGE][PASSED] - Text 'Suite 500' is present on page  using regular expression

2022-03-31 23:07:59 - [TEST_STEP][PASSED] - verifyTextPresent("United States", true): Text 'United States' is present on page  using regular expression

2022-03-31 23:08:00 - [MESSAGE][PASSED] - Text 'United States' is present on page  using regular expression

2022-03-31 23:08:00 - [TEST_STEP][PASSED] - verifyTextPresent("ARLINGTON", true): Text 'ARLINGTON' is present on page  using regular expression

2022-03-31 23:08:00 - [MESSAGE][PASSED] - Text 'ARLINGTON' is present on page  using regular expression

2022-03-31 23:08:00 - [TEST_STEP][PASSED] - verifyTextPresent("Virginia", true): Text 'Virginia' is present on page  using regular expression

2022-03-31 23:08:00 - [MESSAGE][PASSED] - Text 'Virginia' is present on page  using regular expression

2022-03-31 23:08:00 - [TEST_STEP][PASSED] - verifyTextPresent(zipV, true): Text '22201' is present on page  using regular expression

2022-03-31 23:08:01 - [MESSAGE][PASSED] - Text '22201' is present on page  using regular expression

2022-03-31 23:08:01 - [TEST_STEP][PASSED] - verifyTextPresent(cardTypeV, true): Text 'MasterCard' is present on page  using regular expression

2022-03-31 23:08:01 - [MESSAGE][PASSED] - Text 'MasterCard' is present on page  using regular expression

2022-03-31 23:08:01 - [TEST_STEP][PASSED] - verifyTextPresent(last4V, true): Text '0035' is present on page  using regular expression

2022-03-31 23:08:02 - [MESSAGE][PASSED] - Text '0035' is present on page  using regular expression

2022-03-31 23:08:02 - [TEST_STEP][PASSED] - closeBrowser(): Browser is closed

2022-03-31 23:08:02 - [MESSAGE][PASSED] - Browser is closed

2022-03-31 23:08:02 - [TEST_STEP][PASSED] - ExecuteTC = findTestData(dataFile).getValue("Execute", row): null

2022-03-31 23:08:02 - [TEST_STEP][PASSED] - out.println("Value of Execute is : " + ExecuteTC): null

2022-03-31 23:08:02 - [TEST_STEP][PASSED] - switch (executionProfile): null

2022-03-31 23:08:02 - [TEST_STEP][PASSED] - case "QAProfile":: null

2022-03-31 23:08:02 - [TEST_STEP][PASSED] - appName = findTestData(dataFile).getValue("AppNameQA", row): null

2022-03-31 23:08:03 - [TEST_STEP][PASSED] - appID = findTestData(dataFile).getValue("AppIDQA", row): null

2022-03-31 23:08:03 - [TEST_STEP][PASSED] - break: null

2022-03-31 23:08:03 - [TEST_STEP][PASSED] - hrefAppID = li_1 + appID + li_2: null

2022-03-31 23:08:03 - [TEST_STEP][PASSED] - hrefApp = li_1 + appID + "/": null

2022-03-31 23:08:03 - [TEST_STEP][PASSED] - println("hrefApp : " + hrefApp): null

2022-03-31 23:08:03 - [TEST_STEP][PASSED] - if (ExecuteTC.equalsIgnoreCase("Y")): Browser is closed

2022-03-31 23:08:03 - [TEST_STEP][PASSED] - out.println("Begin Record Number: " + row): null

2022-03-31 23:08:03 - [TEST_STEP][PASSED] - today = new java.util.Date(): null

2022-03-31 23:08:03 - [TEST_STEP][PASSED] - println(today): null

2022-03-31 23:08:03 - [TEST_STEP][PASSED] - datText = today: null

2022-03-31 23:08:03 - [TEST_STEP][PASSED] - adminSuiteBootstrap.loginFunctionality.login_AdminSuite(): adminSuiteBootstrap.loginFunctionality.login_AdminSuite is PASSED

2022-03-31 23:08:03 - [MESSAGE][INFO] - Starting 'Chrome' driver

2022-03-31 23:08:03 - [MESSAGE][INFO] - User set preference: ['acceptInsecureCerts', 'true']

2022-03-31 23:08:03 - [MESSAGE][INFO] - Action delay is set to 0 milliseconds

2022-03-31 23:08:05 - [MESSAGE][PASSED] - Browser is opened with url: 'https://qa.velocitypayment.com/admin/imtiaz'

2022-03-31 23:08:05 - [MESSAGE][PASSED] - Current window maximized

2022-03-31 23:08:06 - [MESSAGE][PASSED] - Object 'Object Repository/Login_Page/Login_Username' is present

2022-03-31 23:08:06 - [MESSAGE][PASSED] - Text 'iahmed' is set on object 'Object Repository/Login_Page/Login_Username'

2022-03-31 23:08:07 - [MESSAGE][PASSED] - Text 'hello2222' is set on object 'Object Repository/Login_Page/Login_Password'

2022-03-31 23:08:10 - [MESSAGE][PASSED] - Object: 'Object Repository/Login_Page/Login_Submit' is clicked on

2022-03-31 23:08:10 - [MESSAGE][PASSED] - adminSuiteBootstrap.loginFunctionality.login_AdminSuite is PASSED

2022-03-31 23:08:10 - [TEST_STEP][PASSED] - click(findTestObject(path_Dashboard + appName)): Object: 'Object Repository/AdminSuiteBootstrap_Pages/Dashboard_Bootstrap/a_Access AutoNoCFtp' is clicked on

2022-03-31 23:08:11 - [MESSAGE][PASSED] - Object: 'Object Repository/AdminSuiteBootstrap_Pages/Dashboard_Bootstrap/a_Access AutoNoCFtp' is clicked on

2022-03-31 23:08:11 - [TEST_STEP][PASSED] - click(findTestObject(path_VT + "button_Authorization  Capture (Sale)")): Object: 'Object Repository/AdminSuiteBootstrap_Pages/VT_Bootstrap/IssueTransactions/button_Authorization  Capture (Sale)' is clicked on

2022-03-31 23:08:11 - [MESSAGE][PASSED] - Object: 'Object Repository/AdminSuiteBootstrap_Pages/VT_Bootstrap/IssueTransactions/button_Authorization  Capture (Sale)' is clicked on

2022-03-31 23:08:11 - [TEST_STEP][PASSED] - saleKeyboardEntryLink = modifyObjectProperty(findTestObject(path_VT + "a_KeyboardEntry_Sale"), "href", "equals", hrefAppID, true): Modify property of object successfully

2022-03-31 23:08:11 - [MESSAGE][PASSED] - Modify property of object successfully

2022-03-31 23:08:11 - [TEST_STEP][PASSED] - click(saleKeyboardEntryLink): Object: 'Object Repository/AdminSuiteBootstrap_Pages/VT_Bootstrap/IssueTransactions/a_KeyboardEntry_Sale' is clicked on

2022-03-31 23:08:12 - [MESSAGE][PASSED] - Object: 'Object Repository/AdminSuiteBootstrap_Pages/VT_Bootstrap/IssueTransactions/a_KeyboardEntry_Sale' is clicked on

2022-03-31 23:08:12 - [TEST_STEP][PASSED] - adminSuiteBootstrap.virtualTerminalSetData.saleKeyboard_DataDriven(row, dataFile): adminSuiteBootstrap.virtualTerminalSetData.saleKeyboard_DataDriven is PASSED

2022-03-31 23:08:15 - [MESSAGE][PASSED] - Text 'Tulsi Raman' is set on object 'Object Repository/AdminSuiteBootstrap_Pages/VT_Bootstrap/SaleKeyboard/input_cardName'

2022-03-31 23:08:16 - [MESSAGE][PASSED] - All options with value 'RETL' are selected in object 'Object Repository/AdminSuiteBootstrap_Pages/VT_Bootstrap/SaleKeyboard/select_transactionCategory'  using regular expression

2022-03-31 23:08:16 - [MESSAGE][PASSED] - Execute JavaScript 'arguments[0].value ='371449635392376' ' successfully

2022-03-31 23:08:17 - [MESSAGE][PASSED] - Execute JavaScript 'arguments[0].value ='123' ' successfully

2022-03-31 23:08:18 - [MESSAGE][PASSED] - All options with value '12' are selected in object 'Object Repository/AdminSuiteBootstrap_Pages/VT_Bootstrap/SaleKeyboard/select_MM'  using regular expression

2022-03-31 23:08:19 - [MESSAGE][PASSED] - All options with value '2025' are selected in object 'Object Repository/AdminSuiteBootstrap_Pages/VT_Bootstrap/SaleKeyboard/select_YYYY'  using regular expression

2022-03-31 23:08:20 - [MESSAGE][PASSED] - Text '550 Swan Lake' is set on object 'Object Repository/AdminSuiteBootstrap_Pages/VT_Bootstrap/SaleKeyboard/input__address'

2022-03-31 23:08:20 - [MESSAGE][PASSED] - Text 'Suite 500' is set on object 'Object Repository/AdminSuiteBootstrap_Pages/VT_Bootstrap/SaleKeyboard/input__address2'

2022-03-31 23:08:21 - [MESSAGE][PASSED] - Text '22201' is set on object 'Object Repository/AdminSuiteBootstrap_Pages/VT_Bootstrap/SaleKeyboard/input__zip'

2022-03-31 23:08:22 - [MESSAGE][PASSED] - Text '' is set on object 'Object Repository/AdminSuiteBootstrap_Pages/VT_Bootstrap/SaleKeyboard/input_emailAddress'

2022-03-31 23:08:23 - [MESSAGE][PASSED] - Text '' is set on object 'Object Repository/AdminSuiteBootstrap_Pages/VT_Bootstrap/SaleKeyboard/input_smsNumber'

2022-03-31 23:08:24 - [MESSAGE][PASSED] - Text '10.50' is set on object 'Object Repository/AdminSuiteBootstrap_Pages/VT_Bootstrap/SaleKeyboard/input_amount'

2022-03-31 23:08:25 - [MESSAGE][PASSED] - Text 'Australia' is set on object 'Object Repository/AdminSuiteBootstrap_Pages/VT_Bootstrap/SaleKeyboard/input_userDefined1'

2022-03-31 23:08:25 - [MESSAGE][PASSED] - Text 'Denmark' is set on object 'Object Repository/AdminSuiteBootstrap_Pages/VT_Bootstrap/SaleKeyboard/input_userDefined2'

2022-03-31 23:08:26 - [MESSAGE][PASSED] - Text 'Sweden' is set on object 'Object Repository/AdminSuiteBootstrap_Pages/VT_Bootstrap/SaleKeyboard/input_userDefined3'

2022-03-31 23:08:27 - [MESSAGE][PASSED] - Text 'Austria' is set on object 'Object Repository/AdminSuiteBootstrap_Pages/VT_Bootstrap/SaleKeyboard/input_userDefined4'

2022-03-31 23:08:28 - [MESSAGE][PASSED] - All options with label 'Orange' are selected in object 'Object Repository/AdminSuiteBootstrap_Pages/VT_Bootstrap/SaleKeyboard/select_UDF5_DropDown'  using regular expression

2022-03-31 23:08:29 - [MESSAGE][PASSED] - All options with label 'Yellow' are selected in object 'Object Repository/AdminSuiteBootstrap_Pages/VT_Bootstrap/SaleKeyboard/select_UDF6_DropDown'  using regular expression

2022-03-31 23:08:29 - [MESSAGE][PASSED] - Text 'Norway' is set on object 'Object Repository/AdminSuiteBootstrap_Pages/VT_Bootstrap/SaleKeyboard/input_userDefined7'

2022-03-31 23:08:30 - [MESSAGE][PASSED] - Text 'Netherlands' is set on object 'Object Repository/AdminSuiteBootstrap_Pages/VT_Bootstrap/SaleKeyboard/input_userDefined8'

2022-03-31 23:08:31 - [MESSAGE][PASSED] - Text 'Switzerland' is set on object 'Object Repository/AdminSuiteBootstrap_Pages/VT_Bootstrap/SaleKeyboard/input_userDefined9'

2022-03-31 23:08:31 - [MESSAGE][PASSED] - Text 'France' is set on object 'Object Repository/AdminSuiteBootstrap_Pages/VT_Bootstrap/SaleKeyboard/input_userDefined10'

2022-03-31 23:08:33 - [MESSAGE][PASSED] - Object: 'Object Repository/AdminSuiteBootstrap_Pages/VT_Bootstrap/SaleKeyboard/button_Submit' is clicked on

2022-03-31 23:08:33 - [MESSAGE][PASSED] - adminSuiteBootstrap.virtualTerminalSetData.saleKeyboard_DataDriven is PASSED

2022-03-31 23:08:33 - [TEST_STEP][PASSED] - verifyTextPresent("Transaction Successful", true): Text 'Transaction Successful' is present on page  using regular expression

2022-03-31 23:08:33 - [MESSAGE][PASSED] - Text 'Transaction Successful' is present on page  using regular expression

2022-03-31 23:08:33 - [TEST_STEP][PASSED] - verifyElementVisible(findTestObject("Object Repository/AdminSuiteBootstrap_Pages/VT_Bootstrap/Receipt/button_Continue")): Object 'Object Repository/AdminSuiteBootstrap_Pages/VT_Bootstrap/Receipt/button_Continue' is visible

2022-03-31 23:08:34 - [MESSAGE][PASSED] - Object 'Object Repository/AdminSuiteBootstrap_Pages/VT_Bootstrap/Receipt/button_Continue' is visible

2022-03-31 23:08:34 - [TEST_STEP][PASSED] - verifyElementPresent(findTestObject("Object Repository/AdminSuiteBootstrap_Pages/VT_Bootstrap/Receipt/button_Continue"), 20): Object 'Object Repository/AdminSuiteBootstrap_Pages/VT_Bootstrap/Receipt/button_Continue' is present

2022-03-31 23:08:34 - [MESSAGE][PASSED] - Object 'Object Repository/AdminSuiteBootstrap_Pages/VT_Bootstrap/Receipt/button_Continue' is present

2022-03-31 23:08:34 - [TEST_STEP][PASSED] - verifyElementVisible(findTestObject("Object Repository/AdminSuiteBootstrap_Pages/VT_Bootstrap/Receipt/button_Print")): Object 'Object Repository/AdminSuiteBootstrap_Pages/VT_Bootstrap/Receipt/button_Print' is visible

2022-03-31 23:08:34 - [MESSAGE][PASSED] - Object 'Object Repository/AdminSuiteBootstrap_Pages/VT_Bootstrap/Receipt/button_Print' is visible

2022-03-31 23:08:34 - [TEST_STEP][PASSED] - verifyElementPresent(findTestObject("Object Repository/AdminSuiteBootstrap_Pages/VT_Bootstrap/Receipt/button_Print"), 20): Object 'Object Repository/AdminSuiteBootstrap_Pages/VT_Bootstrap/Receipt/button_Print' is present

2022-03-31 23:08:35 - [MESSAGE][PASSED] - Object 'Object Repository/AdminSuiteBootstrap_Pages/VT_Bootstrap/Receipt/button_Print' is present

2022-03-31 23:08:35 - [TEST_STEP][PASSED] - verifyTextPresent("Remittance ID", true): Text 'Remittance ID' is present on page  using regular expression

2022-03-31 23:08:35 - [MESSAGE][PASSED] - Text 'Remittance ID' is present on page  using regular expression

2022-03-31 23:08:35 - [TEST_STEP][PASSED] - verifyTextPresent("Received", true): Text 'Received' is present on page  using regular expression

2022-03-31 23:08:35 - [MESSAGE][PASSED] - Text 'Received' is present on page  using regular expression

2022-03-31 23:08:35 - [TEST_STEP][PASSED] - verifyTextPresent("UDF1", true): Text 'UDF1' is present on page  using regular expression

2022-03-31 23:08:36 - [MESSAGE][PASSED] - Text 'UDF1' is present on page  using regular expression

2022-03-31 23:08:36 - [TEST_STEP][PASSED] - verifyTextPresent("UDF2", true): Text 'UDF2' is present on page  using regular expression

2022-03-31 23:08:36 - [MESSAGE][PASSED] - Text 'UDF2' is present on page  using regular expression

2022-03-31 23:08:36 - [TEST_STEP][PASSED] - verifyTextPresent("UDF3", true): Text 'UDF3' is present on page  using regular expression

2022-03-31 23:08:36 - [MESSAGE][PASSED] - Text 'UDF3' is present on page  using regular expression

2022-03-31 23:08:36 - [TEST_STEP][PASSED] - verifyTextPresent("UDF4", true): Text 'UDF4' is present on page  using regular expression

2022-03-31 23:08:37 - [MESSAGE][PASSED] - Text 'UDF4' is present on page  using regular expression

2022-03-31 23:08:37 - [TEST_STEP][PASSED] - verifyTextPresent("UDF5", true): Text 'UDF5' is present on page  using regular expression

2022-03-31 23:08:37 - [MESSAGE][PASSED] - Text 'UDF5' is present on page  using regular expression

2022-03-31 23:08:37 - [TEST_STEP][PASSED] - verifyTextPresent("UDF6", true): Text 'UDF6' is present on page  using regular expression

2022-03-31 23:08:37 - [MESSAGE][PASSED] - Text 'UDF6' is present on page  using regular expression

2022-03-31 23:08:37 - [TEST_STEP][PASSED] - verifyTextPresent("UDF7", true): Text 'UDF7' is present on page  using regular expression

2022-03-31 23:08:38 - [MESSAGE][PASSED] - Text 'UDF7' is present on page  using regular expression

2022-03-31 23:08:38 - [TEST_STEP][PASSED] - verifyTextPresent("UDF8", true): Text 'UDF8' is present on page  using regular expression

2022-03-31 23:08:38 - [MESSAGE][PASSED] - Text 'UDF8' is present on page  using regular expression

2022-03-31 23:08:38 - [TEST_STEP][PASSED] - verifyTextPresent("UDF9", true): Text 'UDF9' is present on page  using regular expression

2022-03-31 23:08:38 - [MESSAGE][PASSED] - Text 'UDF9' is present on page  using regular expression

2022-03-31 23:08:38 - [TEST_STEP][PASSED] - verifyTextPresent("UDF 10", true): Text 'UDF 10' is present on page  using regular expression

2022-03-31 23:08:39 - [MESSAGE][PASSED] - Text 'UDF 10' is present on page  using regular expression

2022-03-31 23:08:39 - [TEST_STEP][PASSED] - verifyTextPresent("Australia", true): Text 'Australia' is present on page  using regular expression

2022-03-31 23:08:39 - [MESSAGE][PASSED] - Text 'Australia' is present on page  using regular expression

2022-03-31 23:08:39 - [TEST_STEP][PASSED] - verifyTextPresent("Denmark", true): Text 'Denmark' is present on page  using regular expression

2022-03-31 23:08:39 - [MESSAGE][PASSED] - Text 'Denmark' is present on page  using regular expression

2022-03-31 23:08:39 - [TEST_STEP][PASSED] - verifyTextPresent("Sweden", true): Text 'Sweden' is present on page  using regular expression

2022-03-31 23:08:40 - [MESSAGE][PASSED] - Text 'Sweden' is present on page  using regular expression

2022-03-31 23:08:40 - [TEST_STEP][PASSED] - verifyTextPresent("Austria", true): Text 'Austria' is present on page  using regular expression

2022-03-31 23:08:40 - [MESSAGE][PASSED] - Text 'Austria' is present on page  using regular expression

2022-03-31 23:08:40 - [TEST_STEP][PASSED] - verifyTextPresent("Orange Recorded", true): Text 'Orange Recorded' is present on page  using regular expression

2022-03-31 23:08:40 - [MESSAGE][PASSED] - Text 'Orange Recorded' is present on page  using regular expression

2022-03-31 23:08:40 - [TEST_STEP][PASSED] - verifyTextPresent("Yellow Recorded", true): Text 'Yellow Recorded' is present on page  using regular expression

2022-03-31 23:08:41 - [MESSAGE][PASSED] - Text 'Yellow Recorded' is present on page  using regular expression

2022-03-31 23:08:41 - [TEST_STEP][PASSED] - verifyTextPresent("Norway", true): Text 'Norway' is present on page  using regular expression

2022-03-31 23:08:41 - [MESSAGE][PASSED] - Text 'Norway' is present on page  using regular expression

2022-03-31 23:08:41 - [TEST_STEP][PASSED] - verifyTextPresent("Netherlands", true): Text 'Netherlands' is present on page  using regular expression

2022-03-31 23:08:41 - [MESSAGE][PASSED] - Text 'Netherlands' is present on page  using regular expression

2022-03-31 23:08:41 - [TEST_STEP][PASSED] - verifyTextPresent("Switzerland", true): Text 'Switzerland' is present on page  using regular expression

2022-03-31 23:08:42 - [MESSAGE][PASSED] - Text 'Switzerland' is present on page  using regular expression

2022-03-31 23:08:42 - [TEST_STEP][PASSED] - verifyTextPresent("France", true): Text 'France' is present on page  using regular expression

2022-03-31 23:08:42 - [MESSAGE][PASSED] - Text 'France' is present on page  using regular expression

2022-03-31 23:08:42 - [TEST_STEP][PASSED] - verifyTextPresent("Amount", true): Text 'Amount' is present on page  using regular expression

2022-03-31 23:08:42 - [MESSAGE][PASSED] - Text 'Amount' is present on page  using regular expression

2022-03-31 23:08:42 - [TEST_STEP][PASSED] - verifyTextPresent("Total Amount", true): Text 'Total Amount' is present on page  using regular expression

2022-03-31 23:08:43 - [MESSAGE][PASSED] - Text 'Total Amount' is present on page  using regular expression

2022-03-31 23:08:43 - [TEST_STEP][PASSED] - verifyTextPresent("Transaction Type", true): Text 'Transaction Type' is present on page  using regular expression

2022-03-31 23:08:43 - [MESSAGE][PASSED] - Text 'Transaction Type' is present on page  using regular expression

2022-03-31 23:08:43 - [TEST_STEP][PASSED] - verifyTextPresent("10.50", true): Text '10.50' is present on page  using regular expression

2022-03-31 23:08:43 - [MESSAGE][PASSED] - Text '10.50' is present on page  using regular expression

2022-03-31 23:08:43 - [TEST_STEP][PASSED] - verifyTextPresent("Authorization and Capture", true): Text 'Authorization and Capture' is present on page  using regular expression

2022-03-31 23:08:44 - [MESSAGE][PASSED] - Text 'Authorization and Capture' is present on page  using regular expression

2022-03-31 23:08:44 - [TEST_STEP][PASSED] - verifyTextPresent("Card Information", true): Text 'Card Information' is present on page  using regular expression

2022-03-31 23:08:44 - [MESSAGE][PASSED] - Text 'Card Information' is present on page  using regular expression

2022-03-31 23:08:44 - [TEST_STEP][PASSED] - cardNameV = findTestData(dataFile).getValue("CardNameV", row): null

2022-03-31 23:08:44 - [TEST_STEP][PASSED] - al1V = findTestData(dataFile).getValue("AL1", row): null

2022-03-31 23:08:44 - [TEST_STEP][PASSED] - al2V = findTestData(dataFile).getValue("AL2", row): null

2022-03-31 23:08:44 - [TEST_STEP][PASSED] - zipV = findTestData(dataFile).getValue("ZIP", row): null

2022-03-31 23:08:44 - [TEST_STEP][PASSED] - cardTypeV = findTestData(dataFile).getValue("CardType", row): null

2022-03-31 23:08:44 - [TEST_STEP][PASSED] - last4V = findTestData(dataFile).getValue("Last4", row): null

2022-03-31 23:08:45 - [TEST_STEP][PASSED] - verifyTextPresent(cardNameV, true): Text 'TULSI RAMAN' is present on page  using regular expression

2022-03-31 23:08:45 - [MESSAGE][PASSED] - Text 'TULSI RAMAN' is present on page  using regular expression

2022-03-31 23:08:45 - [TEST_STEP][PASSED] - verifyTextPresent("Address Line 1", true): Text 'Address Line 1' is present on page  using regular expression

2022-03-31 23:08:45 - [MESSAGE][PASSED] - Text 'Address Line 1' is present on page  using regular expression

2022-03-31 23:08:45 - [TEST_STEP][PASSED] - verifyTextPresent("Address Line 2", true): Text 'Address Line 2' is present on page  using regular expression

2022-03-31 23:08:46 - [MESSAGE][PASSED] - Text 'Address Line 2' is present on page  using regular expression

2022-03-31 23:08:46 - [TEST_STEP][PASSED] - verifyTextPresent("Country", true): Text 'Country' is present on page  using regular expression

2022-03-31 23:08:46 - [MESSAGE][PASSED] - Text 'Country' is present on page  using regular expression

2022-03-31 23:08:46 - [TEST_STEP][PASSED] - verifyTextPresent("City", true): Text 'City' is present on page  using regular expression

2022-03-31 23:08:46 - [MESSAGE][PASSED] - Text 'City' is present on page  using regular expression

2022-03-31 23:08:46 - [TEST_STEP][PASSED] - verifyTextPresent("State", true): Text 'State' is present on page  using regular expression

2022-03-31 23:08:47 - [MESSAGE][PASSED] - Text 'State' is present on page  using regular expression

2022-03-31 23:08:47 - [TEST_STEP][PASSED] - verifyTextPresent("ZIP Code", true): Text 'ZIP Code' is present on page  using regular expression

2022-03-31 23:08:47 - [MESSAGE][PASSED] - Text 'ZIP Code' is present on page  using regular expression

2022-03-31 23:08:47 - [TEST_STEP][PASSED] - verifyTextPresent(al1V, true): Text '550 Swan Lake' is present on page  using regular expression

2022-03-31 23:08:47 - [MESSAGE][PASSED] - Text '550 Swan Lake' is present on page  using regular expression

2022-03-31 23:08:47 - [TEST_STEP][PASSED] - verifyTextPresent(al2V, true): Text 'Suite 500' is present on page  using regular expression

2022-03-31 23:08:48 - [MESSAGE][PASSED] - Text 'Suite 500' is present on page  using regular expression

2022-03-31 23:08:48 - [TEST_STEP][PASSED] - verifyTextPresent("United States", true): Text 'United States' is present on page  using regular expression

2022-03-31 23:08:48 - [MESSAGE][PASSED] - Text 'United States' is present on page  using regular expression

2022-03-31 23:08:48 - [TEST_STEP][PASSED] - verifyTextPresent("ARLINGTON", true): Text 'ARLINGTON' is present on page  using regular expression

2022-03-31 23:08:48 - [MESSAGE][PASSED] - Text 'ARLINGTON' is present on page  using regular expression

2022-03-31 23:08:48 - [TEST_STEP][PASSED] - verifyTextPresent("Virginia", true): Text 'Virginia' is present on page  using regular expression

2022-03-31 23:08:49 - [MESSAGE][PASSED] - Text 'Virginia' is present on page  using regular expression

2022-03-31 23:08:49 - [TEST_STEP][PASSED] - verifyTextPresent(zipV, true): Text '22201' is present on page  using regular expression

2022-03-31 23:08:49 - [MESSAGE][PASSED] - Text '22201' is present on page  using regular expression

2022-03-31 23:08:49 - [TEST_STEP][PASSED] - verifyTextPresent(cardTypeV, true): Text 'American Express' is present on page  using regular expression

2022-03-31 23:08:49 - [MESSAGE][PASSED] - Text 'American Express' is present on page  using regular expression

2022-03-31 23:08:49 - [TEST_STEP][PASSED] - verifyTextPresent(last4V, true): Text '2376' is present on page  using regular expression

2022-03-31 23:08:50 - [MESSAGE][PASSED] - Text '2376' is present on page  using regular expression

2022-03-31 23:08:50 - [TEST_STEP][PASSED] - closeBrowser(): Browser is closed

2022-03-31 23:08:50 - [MESSAGE][PASSED] - Browser is closed

2022-03-31 23:08:50 - [TEST_STEP][PASSED] - ExecuteTC = findTestData(dataFile).getValue("Execute", row): null

2022-03-31 23:08:50 - [TEST_STEP][PASSED] - out.println("Value of Execute is : " + ExecuteTC): null

2022-03-31 23:08:50 - [TEST_STEP][PASSED] - switch (executionProfile): null

2022-03-31 23:08:50 - [TEST_STEP][PASSED] - case "QAProfile":: null

2022-03-31 23:08:50 - [TEST_STEP][PASSED] - appName = findTestData(dataFile).getValue("AppNameQA", row): null

2022-03-31 23:08:51 - [TEST_STEP][PASSED] - appID = findTestData(dataFile).getValue("AppIDQA", row): null

2022-03-31 23:08:51 - [TEST_STEP][PASSED] - break: null

2022-03-31 23:08:51 - [TEST_STEP][PASSED] - hrefAppID = li_1 + appID + li_2: null

2022-03-31 23:08:51 - [TEST_STEP][PASSED] - hrefApp = li_1 + appID + "/": null

2022-03-31 23:08:51 - [TEST_STEP][PASSED] - println("hrefApp : " + hrefApp): null

2022-03-31 23:08:51 - [TEST_STEP][PASSED] - if (ExecuteTC.equalsIgnoreCase("Y")): Browser is closed

2022-03-31 23:08:51 - [TEST_STEP][PASSED] - out.println("Begin Record Number: " + row): null

2022-03-31 23:08:51 - [TEST_STEP][PASSED] - today = new java.util.Date(): null

2022-03-31 23:08:51 - [TEST_STEP][PASSED] - println(today): null

2022-03-31 23:08:51 - [TEST_STEP][PASSED] - datText = today: null

2022-03-31 23:08:51 - [TEST_STEP][PASSED] - adminSuiteBootstrap.loginFunctionality.login_AdminSuite(): adminSuiteBootstrap.loginFunctionality.login_AdminSuite is PASSED

2022-03-31 23:08:51 - [MESSAGE][INFO] - Starting 'Chrome' driver

2022-03-31 23:08:51 - [MESSAGE][INFO] - User set preference: ['acceptInsecureCerts', 'true']

2022-03-31 23:08:51 - [MESSAGE][INFO] - Action delay is set to 0 milliseconds

2022-03-31 23:08:53 - [MESSAGE][PASSED] - Browser is opened with url: 'https://qa.velocitypayment.com/admin/imtiaz'

2022-03-31 23:08:53 - [MESSAGE][PASSED] - Current window maximized

2022-03-31 23:08:54 - [MESSAGE][PASSED] - Object 'Object Repository/Login_Page/Login_Username' is present

2022-03-31 23:08:54 - [MESSAGE][PASSED] - Text 'iahmed' is set on object 'Object Repository/Login_Page/Login_Username'

2022-03-31 23:08:55 - [MESSAGE][PASSED] - Text 'hello2222' is set on object 'Object Repository/Login_Page/Login_Password'

2022-03-31 23:08:58 - [MESSAGE][PASSED] - Object: 'Object Repository/Login_Page/Login_Submit' is clicked on

2022-03-31 23:08:58 - [MESSAGE][PASSED] - adminSuiteBootstrap.loginFunctionality.login_AdminSuite is PASSED

2022-03-31 23:08:58 - [TEST_STEP][PASSED] - click(findTestObject(path_Dashboard + appName)): Object: 'Object Repository/AdminSuiteBootstrap_Pages/Dashboard_Bootstrap/a_Access AutoNoCFtp' is clicked on

2022-03-31 23:08:59 - [MESSAGE][PASSED] - Object: 'Object Repository/AdminSuiteBootstrap_Pages/Dashboard_Bootstrap/a_Access AutoNoCFtp' is clicked on

2022-03-31 23:08:59 - [TEST_STEP][PASSED] - click(findTestObject(path_VT + "button_Authorization  Capture (Sale)")): Object: 'Object Repository/AdminSuiteBootstrap_Pages/VT_Bootstrap/IssueTransactions/button_Authorization  Capture (Sale)' is clicked on

2022-03-31 23:08:59 - [MESSAGE][PASSED] - Object: 'Object Repository/AdminSuiteBootstrap_Pages/VT_Bootstrap/IssueTransactions/button_Authorization  Capture (Sale)' is clicked on

2022-03-31 23:08:59 - [TEST_STEP][PASSED] - saleKeyboardEntryLink = modifyObjectProperty(findTestObject(path_VT + "a_KeyboardEntry_Sale"), "href", "equals", hrefAppID, true): Modify property of object successfully

2022-03-31 23:08:59 - [MESSAGE][PASSED] - Modify property of object successfully

2022-03-31 23:08:59 - [TEST_STEP][PASSED] - click(saleKeyboardEntryLink): Object: 'Object Repository/AdminSuiteBootstrap_Pages/VT_Bootstrap/IssueTransactions/a_KeyboardEntry_Sale' is clicked on

2022-03-31 23:09:00 - [MESSAGE][PASSED] - Object: 'Object Repository/AdminSuiteBootstrap_Pages/VT_Bootstrap/IssueTransactions/a_KeyboardEntry_Sale' is clicked on

2022-03-31 23:09:00 - [TEST_STEP][PASSED] - adminSuiteBootstrap.virtualTerminalSetData.saleKeyboard_DataDriven(row, dataFile): adminSuiteBootstrap.virtualTerminalSetData.saleKeyboard_DataDriven is PASSED

2022-03-31 23:09:03 - [MESSAGE][PASSED] - Text 'Tulsi Raman' is set on object 'Object Repository/AdminSuiteBootstrap_Pages/VT_Bootstrap/SaleKeyboard/input_cardName'

2022-03-31 23:09:04 - [MESSAGE][PASSED] - All options with value 'RETL' are selected in object 'Object Repository/AdminSuiteBootstrap_Pages/VT_Bootstrap/SaleKeyboard/select_transactionCategory'  using regular expression

2022-03-31 23:09:05 - [MESSAGE][PASSED] - Execute JavaScript 'arguments[0].value ='6011000993026909' ' successfully

2022-03-31 23:09:05 - [MESSAGE][PASSED] - Execute JavaScript 'arguments[0].value ='123' ' successfully

2022-03-31 23:09:06 - [MESSAGE][PASSED] - All options with value '12' are selected in object 'Object Repository/AdminSuiteBootstrap_Pages/VT_Bootstrap/SaleKeyboard/select_MM'  using regular expression

2022-03-31 23:09:07 - [MESSAGE][PASSED] - All options with value '2025' are selected in object 'Object Repository/AdminSuiteBootstrap_Pages/VT_Bootstrap/SaleKeyboard/select_YYYY'  using regular expression

2022-03-31 23:09:08 - [MESSAGE][PASSED] - Text '25987 Hill Top' is set on object 'Object Repository/AdminSuiteBootstrap_Pages/VT_Bootstrap/SaleKeyboard/input__address'

2022-03-31 23:09:09 - [MESSAGE][PASSED] - Text 'Suite 500' is set on object 'Object Repository/AdminSuiteBootstrap_Pages/VT_Bootstrap/SaleKeyboard/input__address2'

2022-03-31 23:09:10 - [MESSAGE][PASSED] - Text '22201' is set on object 'Object Repository/AdminSuiteBootstrap_Pages/VT_Bootstrap/SaleKeyboard/input__zip'

2022-03-31 23:09:10 - [MESSAGE][PASSED] - Text '' is set on object 'Object Repository/AdminSuiteBootstrap_Pages/VT_Bootstrap/SaleKeyboard/input_emailAddress'

2022-03-31 23:09:12 - [MESSAGE][PASSED] - Text '' is set on object 'Object Repository/AdminSuiteBootstrap_Pages/VT_Bootstrap/SaleKeyboard/input_smsNumber'

2022-03-31 23:09:12 - [MESSAGE][PASSED] - Text '10.50' is set on object 'Object Repository/AdminSuiteBootstrap_Pages/VT_Bootstrap/SaleKeyboard/input_amount'

2022-03-31 23:09:13 - [MESSAGE][PASSED] - Text 'Australia' is set on object 'Object Repository/AdminSuiteBootstrap_Pages/VT_Bootstrap/SaleKeyboard/input_userDefined1'

2022-03-31 23:09:14 - [MESSAGE][PASSED] - Text 'Denmark' is set on object 'Object Repository/AdminSuiteBootstrap_Pages/VT_Bootstrap/SaleKeyboard/input_userDefined2'

2022-03-31 23:09:14 - [MESSAGE][PASSED] - Text 'Sweden' is set on object 'Object Repository/AdminSuiteBootstrap_Pages/VT_Bootstrap/SaleKeyboard/input_userDefined3'

2022-03-31 23:09:15 - [MESSAGE][PASSED] - Text 'Austria' is set on object 'Object Repository/AdminSuiteBootstrap_Pages/VT_Bootstrap/SaleKeyboard/input_userDefined4'

2022-03-31 23:09:16 - [MESSAGE][PASSED] - All options with label 'Orange' are selected in object 'Object Repository/AdminSuiteBootstrap_Pages/VT_Bootstrap/SaleKeyboard/select_UDF5_DropDown'  using regular expression

2022-03-31 23:09:17 - [MESSAGE][PASSED] - All options with label 'Yellow' are selected in object 'Object Repository/AdminSuiteBootstrap_Pages/VT_Bootstrap/SaleKeyboard/select_UDF6_DropDown'  using regular expression

2022-03-31 23:09:18 - [MESSAGE][PASSED] - Text 'Norway' is set on object 'Object Repository/AdminSuiteBootstrap_Pages/VT_Bootstrap/SaleKeyboard/input_userDefined7'

2022-03-31 23:09:19 - [MESSAGE][PASSED] - Text 'Netherlands' is set on object 'Object Repository/AdminSuiteBootstrap_Pages/VT_Bootstrap/SaleKeyboard/input_userDefined8'

2022-03-31 23:09:19 - [MESSAGE][PASSED] - Text 'Switzerland' is set on object 'Object Repository/AdminSuiteBootstrap_Pages/VT_Bootstrap/SaleKeyboard/input_userDefined9'

2022-03-31 23:09:20 - [MESSAGE][PASSED] - Text 'France' is set on object 'Object Repository/AdminSuiteBootstrap_Pages/VT_Bootstrap/SaleKeyboard/input_userDefined10'

2022-03-31 23:09:22 - [MESSAGE][PASSED] - Object: 'Object Repository/AdminSuiteBootstrap_Pages/VT_Bootstrap/SaleKeyboard/button_Submit' is clicked on

2022-03-31 23:09:22 - [MESSAGE][PASSED] - adminSuiteBootstrap.virtualTerminalSetData.saleKeyboard_DataDriven is PASSED

2022-03-31 23:09:22 - [TEST_STEP][PASSED] - verifyTextPresent("Transaction Successful", true): Text 'Transaction Successful' is present on page  using regular expression

2022-03-31 23:09:22 - [MESSAGE][PASSED] - Text 'Transaction Successful' is present on page  using regular expression

2022-03-31 23:09:22 - [TEST_STEP][PASSED] - verifyElementVisible(findTestObject("Object Repository/AdminSuiteBootstrap_Pages/VT_Bootstrap/Receipt/button_Continue")): Object 'Object Repository/AdminSuiteBootstrap_Pages/VT_Bootstrap/Receipt/button_Continue' is visible

2022-03-31 23:09:23 - [MESSAGE][PASSED] - Object 'Object Repository/AdminSuiteBootstrap_Pages/VT_Bootstrap/Receipt/button_Continue' is visible

2022-03-31 23:09:23 - [TEST_STEP][PASSED] - verifyElementPresent(findTestObject("Object Repository/AdminSuiteBootstrap_Pages/VT_Bootstrap/Receipt/button_Continue"), 20): Object 'Object Repository/AdminSuiteBootstrap_Pages/VT_Bootstrap/Receipt/button_Continue' is present

2022-03-31 23:09:23 - [MESSAGE][PASSED] - Object 'Object Repository/AdminSuiteBootstrap_Pages/VT_Bootstrap/Receipt/button_Continue' is present

2022-03-31 23:09:23 - [TEST_STEP][PASSED] - verifyElementVisible(findTestObject("Object Repository/AdminSuiteBootstrap_Pages/VT_Bootstrap/Receipt/button_Print")): Object 'Object Repository/AdminSuiteBootstrap_Pages/VT_Bootstrap/Receipt/button_Print' is visible

2022-03-31 23:09:23 - [MESSAGE][PASSED] - Object 'Object Repository/AdminSuiteBootstrap_Pages/VT_Bootstrap/Receipt/button_Print' is visible

2022-03-31 23:09:23 - [TEST_STEP][PASSED] - verifyElementPresent(findTestObject("Object Repository/AdminSuiteBootstrap_Pages/VT_Bootstrap/Receipt/button_Print"), 20): Object 'Object Repository/AdminSuiteBootstrap_Pages/VT_Bootstrap/Receipt/button_Print' is present

2022-03-31 23:09:24 - [MESSAGE][PASSED] - Object 'Object Repository/AdminSuiteBootstrap_Pages/VT_Bootstrap/Receipt/button_Print' is present

2022-03-31 23:09:24 - [TEST_STEP][PASSED] - verifyTextPresent("Remittance ID", true): Text 'Remittance ID' is present on page  using regular expression

2022-03-31 23:09:24 - [MESSAGE][PASSED] - Text 'Remittance ID' is present on page  using regular expression

2022-03-31 23:09:24 - [TEST_STEP][PASSED] - verifyTextPresent("Received", true): Text 'Received' is present on page  using regular expression

2022-03-31 23:09:24 - [MESSAGE][PASSED] - Text 'Received' is present on page  using regular expression

2022-03-31 23:09:24 - [TEST_STEP][PASSED] - verifyTextPresent("UDF1", true): Text 'UDF1' is present on page  using regular expression

2022-03-31 23:09:25 - [MESSAGE][PASSED] - Text 'UDF1' is present on page  using regular expression

2022-03-31 23:09:25 - [TEST_STEP][PASSED] - verifyTextPresent("UDF2", true): Text 'UDF2' is present on page  using regular expression

2022-03-31 23:09:25 - [MESSAGE][PASSED] - Text 'UDF2' is present on page  using regular expression

2022-03-31 23:09:25 - [TEST_STEP][PASSED] - verifyTextPresent("UDF3", true): Text 'UDF3' is present on page  using regular expression

2022-03-31 23:09:25 - [MESSAGE][PASSED] - Text 'UDF3' is present on page  using regular expression

2022-03-31 23:09:25 - [TEST_STEP][PASSED] - verifyTextPresent("UDF4", true): Text 'UDF4' is present on page  using regular expression

2022-03-31 23:09:26 - [MESSAGE][PASSED] - Text 'UDF4' is present on page  using regular expression

2022-03-31 23:09:26 - [TEST_STEP][PASSED] - verifyTextPresent("UDF5", true): Text 'UDF5' is present on page  using regular expression

2022-03-31 23:09:26 - [MESSAGE][PASSED] - Text 'UDF5' is present on page  using regular expression

2022-03-31 23:09:26 - [TEST_STEP][PASSED] - verifyTextPresent("UDF6", true): Text 'UDF6' is present on page  using regular expression

2022-03-31 23:09:26 - [MESSAGE][PASSED] - Text 'UDF6' is present on page  using regular expression

2022-03-31 23:09:26 - [TEST_STEP][PASSED] - verifyTextPresent("UDF7", true): Text 'UDF7' is present on page  using regular expression

2022-03-31 23:09:27 - [MESSAGE][PASSED] - Text 'UDF7' is present on page  using regular expression

2022-03-31 23:09:27 - [TEST_STEP][PASSED] - verifyTextPresent("UDF8", true): Text 'UDF8' is present on page  using regular expression

2022-03-31 23:09:27 - [MESSAGE][PASSED] - Text 'UDF8' is present on page  using regular expression

2022-03-31 23:09:27 - [TEST_STEP][PASSED] - verifyTextPresent("UDF9", true): Text 'UDF9' is present on page  using regular expression

2022-03-31 23:09:27 - [MESSAGE][PASSED] - Text 'UDF9' is present on page  using regular expression

2022-03-31 23:09:27 - [TEST_STEP][PASSED] - verifyTextPresent("UDF 10", true): Text 'UDF 10' is present on page  using regular expression

2022-03-31 23:09:28 - [MESSAGE][PASSED] - Text 'UDF 10' is present on page  using regular expression

2022-03-31 23:09:28 - [TEST_STEP][PASSED] - verifyTextPresent("Australia", true): Text 'Australia' is present on page  using regular expression

2022-03-31 23:09:28 - [MESSAGE][PASSED] - Text 'Australia' is present on page  using regular expression

2022-03-31 23:09:28 - [TEST_STEP][PASSED] - verifyTextPresent("Denmark", true): Text 'Denmark' is present on page  using regular expression

2022-03-31 23:09:28 - [MESSAGE][PASSED] - Text 'Denmark' is present on page  using regular expression

2022-03-31 23:09:28 - [TEST_STEP][PASSED] - verifyTextPresent("Sweden", true): Text 'Sweden' is present on page  using regular expression

2022-03-31 23:09:29 - [MESSAGE][PASSED] - Text 'Sweden' is present on page  using regular expression

2022-03-31 23:09:29 - [TEST_STEP][PASSED] - verifyTextPresent("Austria", true): Text 'Austria' is present on page  using regular expression

2022-03-31 23:09:29 - [MESSAGE][PASSED] - Text 'Austria' is present on page  using regular expression

2022-03-31 23:09:29 - [TEST_STEP][PASSED] - verifyTextPresent("Orange Recorded", true): Text 'Orange Recorded' is present on page  using regular expression

2022-03-31 23:09:29 - [MESSAGE][PASSED] - Text 'Orange Recorded' is present on page  using regular expression

2022-03-31 23:09:29 - [TEST_STEP][PASSED] - verifyTextPresent("Yellow Recorded", true): Text 'Yellow Recorded' is present on page  using regular expression

2022-03-31 23:09:30 - [MESSAGE][PASSED] - Text 'Yellow Recorded' is present on page  using regular expression

2022-03-31 23:09:30 - [TEST_STEP][PASSED] - verifyTextPresent("Norway", true): Text 'Norway' is present on page  using regular expression

2022-03-31 23:09:30 - [MESSAGE][PASSED] - Text 'Norway' is present on page  using regular expression

2022-03-31 23:09:30 - [TEST_STEP][PASSED] - verifyTextPresent("Netherlands", true): Text 'Netherlands' is present on page  using regular expression

2022-03-31 23:09:30 - [MESSAGE][PASSED] - Text 'Netherlands' is present on page  using regular expression

2022-03-31 23:09:30 - [TEST_STEP][PASSED] - verifyTextPresent("Switzerland", true): Text 'Switzerland' is present on page  using regular expression

2022-03-31 23:09:31 - [MESSAGE][PASSED] - Text 'Switzerland' is present on page  using regular expression

2022-03-31 23:09:31 - [TEST_STEP][PASSED] - verifyTextPresent("France", true): Text 'France' is present on page  using regular expression

2022-03-31 23:09:31 - [MESSAGE][PASSED] - Text 'France' is present on page  using regular expression

2022-03-31 23:09:31 - [TEST_STEP][PASSED] - verifyTextPresent("Amount", true): Text 'Amount' is present on page  using regular expression

2022-03-31 23:09:31 - [MESSAGE][PASSED] - Text 'Amount' is present on page  using regular expression

2022-03-31 23:09:31 - [TEST_STEP][PASSED] - verifyTextPresent("Total Amount", true): Text 'Total Amount' is present on page  using regular expression

2022-03-31 23:09:32 - [MESSAGE][PASSED] - Text 'Total Amount' is present on page  using regular expression

2022-03-31 23:09:32 - [TEST_STEP][PASSED] - verifyTextPresent("Transaction Type", true): Text 'Transaction Type' is present on page  using regular expression

2022-03-31 23:09:32 - [MESSAGE][PASSED] - Text 'Transaction Type' is present on page  using regular expression

2022-03-31 23:09:32 - [TEST_STEP][PASSED] - verifyTextPresent("10.50", true): Text '10.50' is present on page  using regular expression

2022-03-31 23:09:32 - [MESSAGE][PASSED] - Text '10.50' is present on page  using regular expression

2022-03-31 23:09:32 - [TEST_STEP][PASSED] - verifyTextPresent("Authorization and Capture", true): Text 'Authorization and Capture' is present on page  using regular expression

2022-03-31 23:09:33 - [MESSAGE][PASSED] - Text 'Authorization and Capture' is present on page  using regular expression

2022-03-31 23:09:33 - [TEST_STEP][PASSED] - verifyTextPresent("Card Information", true): Text 'Card Information' is present on page  using regular expression

2022-03-31 23:09:33 - [MESSAGE][PASSED] - Text 'Card Information' is present on page  using regular expression

2022-03-31 23:09:33 - [TEST_STEP][PASSED] - cardNameV = findTestData(dataFile).getValue("CardNameV", row): null

2022-03-31 23:09:33 - [TEST_STEP][PASSED] - al1V = findTestData(dataFile).getValue("AL1", row): null

2022-03-31 23:09:33 - [TEST_STEP][PASSED] - al2V = findTestData(dataFile).getValue("AL2", row): null

2022-03-31 23:09:33 - [TEST_STEP][PASSED] - zipV = findTestData(dataFile).getValue("ZIP", row): null

2022-03-31 23:09:33 - [TEST_STEP][PASSED] - cardTypeV = findTestData(dataFile).getValue("CardType", row): null

2022-03-31 23:09:34 - [TEST_STEP][PASSED] - last4V = findTestData(dataFile).getValue("Last4", row): null

2022-03-31 23:09:34 - [TEST_STEP][PASSED] - verifyTextPresent(cardNameV, true): Text 'TULSI RAMAN' is present on page  using regular expression

2022-03-31 23:09:34 - [MESSAGE][PASSED] - Text 'TULSI RAMAN' is present on page  using regular expression

2022-03-31 23:09:34 - [TEST_STEP][PASSED] - verifyTextPresent("Address Line 1", true): Text 'Address Line 1' is present on page  using regular expression

2022-03-31 23:09:34 - [MESSAGE][PASSED] - Text 'Address Line 1' is present on page  using regular expression

2022-03-31 23:09:34 - [TEST_STEP][PASSED] - verifyTextPresent("Address Line 2", true): Text 'Address Line 2' is present on page  using regular expression

2022-03-31 23:09:35 - [MESSAGE][PASSED] - Text 'Address Line 2' is present on page  using regular expression

2022-03-31 23:09:35 - [TEST_STEP][PASSED] - verifyTextPresent("Country", true): Text 'Country' is present on page  using regular expression

2022-03-31 23:09:35 - [MESSAGE][PASSED] - Text 'Country' is present on page  using regular expression

2022-03-31 23:09:35 - [TEST_STEP][PASSED] - verifyTextPresent("City", true): Text 'City' is present on page  using regular expression

2022-03-31 23:09:35 - [MESSAGE][PASSED] - Text 'City' is present on page  using regular expression

2022-03-31 23:09:35 - [TEST_STEP][PASSED] - verifyTextPresent("State", true): Text 'State' is present on page  using regular expression

2022-03-31 23:09:36 - [MESSAGE][PASSED] - Text 'State' is present on page  using regular expression

2022-03-31 23:09:36 - [TEST_STEP][PASSED] - verifyTextPresent("ZIP Code", true): Text 'ZIP Code' is present on page  using regular expression

2022-03-31 23:09:36 - [MESSAGE][PASSED] - Text 'ZIP Code' is present on page  using regular expression

2022-03-31 23:09:36 - [TEST_STEP][PASSED] - verifyTextPresent(al1V, true): Text '25987 Hill Top' is present on page  using regular expression

2022-03-31 23:09:36 - [MESSAGE][PASSED] - Text '25987 Hill Top' is present on page  using regular expression

2022-03-31 23:09:36 - [TEST_STEP][PASSED] - verifyTextPresent(al2V, true): Text 'Suite 500' is present on page  using regular expression

2022-03-31 23:09:37 - [MESSAGE][PASSED] - Text 'Suite 500' is present on page  using regular expression

2022-03-31 23:09:37 - [TEST_STEP][PASSED] - verifyTextPresent("United States", true): Text 'United States' is present on page  using regular expression

2022-03-31 23:09:37 - [MESSAGE][PASSED] - Text 'United States' is present on page  using regular expression

2022-03-31 23:09:37 - [TEST_STEP][PASSED] - verifyTextPresent("ARLINGTON", true): Text 'ARLINGTON' is present on page  using regular expression

2022-03-31 23:09:37 - [MESSAGE][PASSED] - Text 'ARLINGTON' is present on page  using regular expression

2022-03-31 23:09:37 - [TEST_STEP][PASSED] - verifyTextPresent("Virginia", true): Text 'Virginia' is present on page  using regular expression

2022-03-31 23:09:38 - [MESSAGE][PASSED] - Text 'Virginia' is present on page  using regular expression

2022-03-31 23:09:38 - [TEST_STEP][PASSED] - verifyTextPresent(zipV, true): Text '22201' is present on page  using regular expression

2022-03-31 23:09:38 - [MESSAGE][PASSED] - Text '22201' is present on page  using regular expression

2022-03-31 23:09:38 - [TEST_STEP][PASSED] - verifyTextPresent(cardTypeV, true): Text 'Discover' is present on page  using regular expression

2022-03-31 23:09:38 - [MESSAGE][PASSED] - Text 'Discover' is present on page  using regular expression

2022-03-31 23:09:38 - [TEST_STEP][PASSED] - verifyTextPresent(last4V, true): Text '6909' is present on page  using regular expression

2022-03-31 23:09:39 - [MESSAGE][PASSED] - Text '6909' is present on page  using regular expression

2022-03-31 23:09:39 - [TEST_STEP][PASSED] - closeBrowser(): Browser is closed

2022-03-31 23:09:39 - [MESSAGE][PASSED] - Browser is closed

2022-03-31 23:09:39 - [TEST_STEP][PASSED] - ExecuteTC = findTestData(dataFile).getValue("Execute", row): null

2022-03-31 23:09:40 - [TEST_STEP][PASSED] - out.println("Value of Execute is : " + ExecuteTC): null

2022-03-31 23:09:40 - [TEST_STEP][PASSED] - switch (executionProfile): null

2022-03-31 23:09:40 - [TEST_STEP][PASSED] - case "QAProfile":: null

2022-03-31 23:09:40 - [TEST_STEP][PASSED] - appName = findTestData(dataFile).getValue("AppNameQA", row): null

2022-03-31 23:09:40 - [TEST_STEP][PASSED] - appID = findTestData(dataFile).getValue("AppIDQA", row): null

2022-03-31 23:09:40 - [TEST_STEP][PASSED] - break: null

2022-03-31 23:09:40 - [TEST_STEP][PASSED] - hrefAppID = li_1 + appID + li_2: null

2022-03-31 23:09:40 - [TEST_STEP][PASSED] - hrefApp = li_1 + appID + "/": null

2022-03-31 23:09:40 - [TEST_STEP][PASSED] - println("hrefApp : " + hrefApp): null

2022-03-31 23:09:40 - [TEST_STEP][PASSED] - if (ExecuteTC.equalsIgnoreCase("Y")): Browser is closed

2022-03-31 23:09:40 - [TEST_STEP][PASSED] - out.println("Begin Record Number: " + row): null

2022-03-31 23:09:40 - [TEST_STEP][PASSED] - today = new java.util.Date(): null

2022-03-31 23:09:40 - [TEST_STEP][PASSED] - println(today): null

2022-03-31 23:09:40 - [TEST_STEP][PASSED] - datText = today: null

2022-03-31 23:09:40 - [TEST_STEP][PASSED] - adminSuiteBootstrap.loginFunctionality.login_AdminSuite(): adminSuiteBootstrap.loginFunctionality.login_AdminSuite is PASSED

2022-03-31 23:09:40 - [MESSAGE][INFO] - Starting 'Chrome' driver

2022-03-31 23:09:40 - [MESSAGE][INFO] - User set preference: ['acceptInsecureCerts', 'true']

2022-03-31 23:09:40 - [MESSAGE][INFO] - Action delay is set to 0 milliseconds

2022-03-31 23:09:43 - [MESSAGE][PASSED] - Browser is opened with url: 'https://qa.velocitypayment.com/admin/imtiaz'

2022-03-31 23:09:43 - [MESSAGE][PASSED] - Current window maximized

2022-03-31 23:09:43 - [MESSAGE][PASSED] - Object 'Object Repository/Login_Page/Login_Username' is present

2022-03-31 23:09:44 - [MESSAGE][PASSED] - Text 'iahmed' is set on object 'Object Repository/Login_Page/Login_Username'

2022-03-31 23:09:45 - [MESSAGE][PASSED] - Text 'hello2222' is set on object 'Object Repository/Login_Page/Login_Password'

2022-03-31 23:09:50 - [MESSAGE][PASSED] - Object: 'Object Repository/Login_Page/Login_Submit' is clicked on

2022-03-31 23:09:50 - [MESSAGE][PASSED] - adminSuiteBootstrap.loginFunctionality.login_AdminSuite is PASSED

2022-03-31 23:09:50 - [TEST_STEP][PASSED] - click(findTestObject(path_Dashboard + appName)): Object: 'Object Repository/AdminSuiteBootstrap_Pages/Dashboard_Bootstrap/a_Access AutoNoCFtp' is clicked on

2022-03-31 23:09:51 - [MESSAGE][PASSED] - Object: 'Object Repository/AdminSuiteBootstrap_Pages/Dashboard_Bootstrap/a_Access AutoNoCFtp' is clicked on

2022-03-31 23:09:51 - [TEST_STEP][PASSED] - click(findTestObject(path_VT + "button_Authorization  Capture (Sale)")): Object: 'Object Repository/AdminSuiteBootstrap_Pages/VT_Bootstrap/IssueTransactions/button_Authorization  Capture (Sale)' is clicked on

2022-03-31 23:09:52 - [MESSAGE][PASSED] - Object: 'Object Repository/AdminSuiteBootstrap_Pages/VT_Bootstrap/IssueTransactions/button_Authorization  Capture (Sale)' is clicked on

2022-03-31 23:09:52 - [TEST_STEP][PASSED] - saleKeyboardEntryLink = modifyObjectProperty(findTestObject(path_VT + "a_KeyboardEntry_Sale"), "href", "equals", hrefAppID, true): Modify property of object successfully

2022-03-31 23:09:52 - [MESSAGE][PASSED] - Modify property of object successfully

2022-03-31 23:09:52 - [TEST_STEP][PASSED] - click(saleKeyboardEntryLink): Object: 'Object Repository/AdminSuiteBootstrap_Pages/VT_Bootstrap/IssueTransactions/a_KeyboardEntry_Sale' is clicked on

2022-03-31 23:09:52 - [MESSAGE][PASSED] - Object: 'Object Repository/AdminSuiteBootstrap_Pages/VT_Bootstrap/IssueTransactions/a_KeyboardEntry_Sale' is clicked on

2022-03-31 23:09:52 - [TEST_STEP][PASSED] - adminSuiteBootstrap.virtualTerminalSetData.saleKeyboard_DataDriven(row, dataFile): adminSuiteBootstrap.virtualTerminalSetData.saleKeyboard_DataDriven is PASSED

2022-03-31 23:09:55 - [MESSAGE][PASSED] - Text 'Janaki James' is set on object 'Object Repository/AdminSuiteBootstrap_Pages/VT_Bootstrap/SaleKeyboard/input_cardName'

2022-03-31 23:09:56 - [MESSAGE][PASSED] - All options with value 'MOTO' are selected in object 'Object Repository/AdminSuiteBootstrap_Pages/VT_Bootstrap/SaleKeyboard/select_transactionCategory'  using regular expression

2022-03-31 23:09:57 - [MESSAGE][PASSED] - Execute JavaScript 'arguments[0].value ='4012000098765439' ' successfully

2022-03-31 23:09:57 - [MESSAGE][PASSED] - Execute JavaScript 'arguments[0].value ='123' ' successfully

2022-03-31 23:09:58 - [MESSAGE][PASSED] - All options with value '12' are selected in object 'Object Repository/AdminSuiteBootstrap_Pages/VT_Bootstrap/SaleKeyboard/select_MM'  using regular expression

2022-03-31 23:10:00 - [MESSAGE][PASSED] - All options with value '2025' are selected in object 'Object Repository/AdminSuiteBootstrap_Pages/VT_Bootstrap/SaleKeyboard/select_YYYY'  using regular expression

2022-03-31 23:10:00 - [MESSAGE][PASSED] - Text '36 Cornor Road' is set on object 'Object Repository/AdminSuiteBootstrap_Pages/VT_Bootstrap/SaleKeyboard/input__address'

2022-03-31 23:10:01 - [MESSAGE][PASSED] - Text 'Suite 500' is set on object 'Object Repository/AdminSuiteBootstrap_Pages/VT_Bootstrap/SaleKeyboard/input__address2'

2022-03-31 23:10:02 - [MESSAGE][PASSED] - Text '22201' is set on object 'Object Repository/AdminSuiteBootstrap_Pages/VT_Bootstrap/SaleKeyboard/input__zip'

2022-03-31 23:10:02 - [MESSAGE][PASSED] - Text '' is set on object 'Object Repository/AdminSuiteBootstrap_Pages/VT_Bootstrap/SaleKeyboard/input_emailAddress'

2022-03-31 23:10:04 - [MESSAGE][PASSED] - Text '' is set on object 'Object Repository/AdminSuiteBootstrap_Pages/VT_Bootstrap/SaleKeyboard/input_smsNumber'

2022-03-31 23:10:04 - [MESSAGE][PASSED] - Text '10.50' is set on object 'Object Repository/AdminSuiteBootstrap_Pages/VT_Bootstrap/SaleKeyboard/input_amount'

2022-03-31 23:10:05 - [MESSAGE][PASSED] - Text 'Australia' is set on object 'Object Repository/AdminSuiteBootstrap_Pages/VT_Bootstrap/SaleKeyboard/input_userDefined1'

2022-03-31 23:10:06 - [MESSAGE][PASSED] - Text 'Denmark' is set on object 'Object Repository/AdminSuiteBootstrap_Pages/VT_Bootstrap/SaleKeyboard/input_userDefined2'

2022-03-31 23:10:07 - [MESSAGE][PASSED] - Text 'Sweden' is set on object 'Object Repository/AdminSuiteBootstrap_Pages/VT_Bootstrap/SaleKeyboard/input_userDefined3'

2022-03-31 23:10:07 - [MESSAGE][PASSED] - Text 'Austria' is set on object 'Object Repository/AdminSuiteBootstrap_Pages/VT_Bootstrap/SaleKeyboard/input_userDefined4'

2022-03-31 23:10:08 - [MESSAGE][PASSED] - All options with label 'Orange' are selected in object 'Object Repository/AdminSuiteBootstrap_Pages/VT_Bootstrap/SaleKeyboard/select_UDF5_DropDown'  using regular expression

2022-03-31 23:10:09 - [MESSAGE][PASSED] - All options with label 'Yellow' are selected in object 'Object Repository/AdminSuiteBootstrap_Pages/VT_Bootstrap/SaleKeyboard/select_UDF6_DropDown'  using regular expression

2022-03-31 23:10:10 - [MESSAGE][PASSED] - Text 'Norway' is set on object 'Object Repository/AdminSuiteBootstrap_Pages/VT_Bootstrap/SaleKeyboard/input_userDefined7'

2022-03-31 23:10:11 - [MESSAGE][PASSED] - Text 'Netherlands' is set on object 'Object Repository/AdminSuiteBootstrap_Pages/VT_Bootstrap/SaleKeyboard/input_userDefined8'

2022-03-31 23:10:11 - [MESSAGE][PASSED] - Text 'Switzerland' is set on object 'Object Repository/AdminSuiteBootstrap_Pages/VT_Bootstrap/SaleKeyboard/input_userDefined9'

2022-03-31 23:10:12 - [MESSAGE][PASSED] - Text 'France' is set on object 'Object Repository/AdminSuiteBootstrap_Pages/VT_Bootstrap/SaleKeyboard/input_userDefined10'

2022-03-31 23:10:14 - [MESSAGE][PASSED] - Object: 'Object Repository/AdminSuiteBootstrap_Pages/VT_Bootstrap/SaleKeyboard/button_Submit' is clicked on

2022-03-31 23:10:14 - [MESSAGE][PASSED] - adminSuiteBootstrap.virtualTerminalSetData.saleKeyboard_DataDriven is PASSED

2022-03-31 23:10:14 - [TEST_STEP][PASSED] - verifyTextPresent("Transaction Successful", true): Text 'Transaction Successful' is present on page  using regular expression

2022-03-31 23:10:14 - [MESSAGE][PASSED] - Text 'Transaction Successful' is present on page  using regular expression

2022-03-31 23:10:14 - [TEST_STEP][PASSED] - verifyElementVisible(findTestObject("Object Repository/AdminSuiteBootstrap_Pages/VT_Bootstrap/Receipt/button_Continue")): Object 'Object Repository/AdminSuiteBootstrap_Pages/VT_Bootstrap/Receipt/button_Continue' is visible

2022-03-31 23:10:15 - [MESSAGE][PASSED] - Object 'Object Repository/AdminSuiteBootstrap_Pages/VT_Bootstrap/Receipt/button_Continue' is visible

2022-03-31 23:10:15 - [TEST_STEP][PASSED] - verifyElementPresent(findTestObject("Object Repository/AdminSuiteBootstrap_Pages/VT_Bootstrap/Receipt/button_Continue"), 20): Object 'Object Repository/AdminSuiteBootstrap_Pages/VT_Bootstrap/Receipt/button_Continue' is present

2022-03-31 23:10:15 - [MESSAGE][PASSED] - Object 'Object Repository/AdminSuiteBootstrap_Pages/VT_Bootstrap/Receipt/button_Continue' is present

2022-03-31 23:10:15 - [TEST_STEP][PASSED] - verifyElementVisible(findTestObject("Object Repository/AdminSuiteBootstrap_Pages/VT_Bootstrap/Receipt/button_Print")): Object 'Object Repository/AdminSuiteBootstrap_Pages/VT_Bootstrap/Receipt/button_Print' is visible

2022-03-31 23:10:15 - [MESSAGE][PASSED] - Object 'Object Repository/AdminSuiteBootstrap_Pages/VT_Bootstrap/Receipt/button_Print' is visible

2022-03-31 23:10:15 - [TEST_STEP][PASSED] - verifyElementPresent(findTestObject("Object Repository/AdminSuiteBootstrap_Pages/VT_Bootstrap/Receipt/button_Print"), 20): Object 'Object Repository/AdminSuiteBootstrap_Pages/VT_Bootstrap/Receipt/button_Print' is present

2022-03-31 23:10:16 - [MESSAGE][PASSED] - Object 'Object Repository/AdminSuiteBootstrap_Pages/VT_Bootstrap/Receipt/button_Print' is present

2022-03-31 23:10:16 - [TEST_STEP][PASSED] - verifyTextPresent("Remittance ID", true): Text 'Remittance ID' is present on page  using regular expression

2022-03-31 23:10:16 - [MESSAGE][PASSED] - Text 'Remittance ID' is present on page  using regular expression

2022-03-31 23:10:16 - [TEST_STEP][PASSED] - verifyTextPresent("Received", true): Text 'Received' is present on page  using regular expression

2022-03-31 23:10:16 - [MESSAGE][PASSED] - Text 'Received' is present on page  using regular expression

2022-03-31 23:10:16 - [TEST_STEP][PASSED] - verifyTextPresent("UDF1", true): Text 'UDF1' is present on page  using regular expression

2022-03-31 23:10:17 - [MESSAGE][PASSED] - Text 'UDF1' is present on page  using regular expression

2022-03-31 23:10:17 - [TEST_STEP][PASSED] - verifyTextPresent("UDF2", true): Text 'UDF2' is present on page  using regular expression

2022-03-31 23:10:17 - [MESSAGE][PASSED] - Text 'UDF2' is present on page  using regular expression

2022-03-31 23:10:17 - [TEST_STEP][PASSED] - verifyTextPresent("UDF3", true): Text 'UDF3' is present on page  using regular expression

2022-03-31 23:10:17 - [MESSAGE][PASSED] - Text 'UDF3' is present on page  using regular expression

2022-03-31 23:10:17 - [TEST_STEP][PASSED] - verifyTextPresent("UDF4", true): Text 'UDF4' is present on page  using regular expression

2022-03-31 23:10:18 - [MESSAGE][PASSED] - Text 'UDF4' is present on page  using regular expression

2022-03-31 23:10:18 - [TEST_STEP][PASSED] - verifyTextPresent("UDF5", true): Text 'UDF5' is present on page  using regular expression

2022-03-31 23:10:18 - [MESSAGE][PASSED] - Text 'UDF5' is present on page  using regular expression

2022-03-31 23:10:18 - [TEST_STEP][PASSED] - verifyTextPresent("UDF6", true): Text 'UDF6' is present on page  using regular expression

2022-03-31 23:10:18 - [MESSAGE][PASSED] - Text 'UDF6' is present on page  using regular expression

2022-03-31 23:10:18 - [TEST_STEP][PASSED] - verifyTextPresent("UDF7", true): Text 'UDF7' is present on page  using regular expression

2022-03-31 23:10:19 - [MESSAGE][PASSED] - Text 'UDF7' is present on page  using regular expression

2022-03-31 23:10:19 - [TEST_STEP][PASSED] - verifyTextPresent("UDF8", true): Text 'UDF8' is present on page  using regular expression

2022-03-31 23:10:19 - [MESSAGE][PASSED] - Text 'UDF8' is present on page  using regular expression

2022-03-31 23:10:19 - [TEST_STEP][PASSED] - verifyTextPresent("UDF9", true): Text 'UDF9' is present on page  using regular expression

2022-03-31 23:10:19 - [MESSAGE][PASSED] - Text 'UDF9' is present on page  using regular expression

2022-03-31 23:10:19 - [TEST_STEP][PASSED] - verifyTextPresent("UDF 10", true): Text 'UDF 10' is present on page  using regular expression

2022-03-31 23:10:20 - [MESSAGE][PASSED] - Text 'UDF 10' is present on page  using regular expression

2022-03-31 23:10:20 - [TEST_STEP][PASSED] - verifyTextPresent("Australia", true): Text 'Australia' is present on page  using regular expression

2022-03-31 23:10:20 - [MESSAGE][PASSED] - Text 'Australia' is present on page  using regular expression

2022-03-31 23:10:20 - [TEST_STEP][PASSED] - verifyTextPresent("Denmark", true): Text 'Denmark' is present on page  using regular expression

2022-03-31 23:10:20 - [MESSAGE][PASSED] - Text 'Denmark' is present on page  using regular expression

2022-03-31 23:10:20 - [TEST_STEP][PASSED] - verifyTextPresent("Sweden", true): Text 'Sweden' is present on page  using regular expression

2022-03-31 23:10:21 - [MESSAGE][PASSED] - Text 'Sweden' is present on page  using regular expression

2022-03-31 23:10:21 - [TEST_STEP][PASSED] - verifyTextPresent("Austria", true): Text 'Austria' is present on page  using regular expression

2022-03-31 23:10:21 - [MESSAGE][PASSED] - Text 'Austria' is present on page  using regular expression

2022-03-31 23:10:21 - [TEST_STEP][PASSED] - verifyTextPresent("Orange Recorded", true): Text 'Orange Recorded' is present on page  using regular expression

2022-03-31 23:10:21 - [MESSAGE][PASSED] - Text 'Orange Recorded' is present on page  using regular expression

2022-03-31 23:10:21 - [TEST_STEP][PASSED] - verifyTextPresent("Yellow Recorded", true): Text 'Yellow Recorded' is present on page  using regular expression

2022-03-31 23:10:22 - [MESSAGE][PASSED] - Text 'Yellow Recorded' is present on page  using regular expression

2022-03-31 23:10:22 - [TEST_STEP][PASSED] - verifyTextPresent("Norway", true): Text 'Norway' is present on page  using regular expression

2022-03-31 23:10:22 - [MESSAGE][PASSED] - Text 'Norway' is present on page  using regular expression

2022-03-31 23:10:22 - [TEST_STEP][PASSED] - verifyTextPresent("Netherlands", true): Text 'Netherlands' is present on page  using regular expression

2022-03-31 23:10:22 - [MESSAGE][PASSED] - Text 'Netherlands' is present on page  using regular expression

2022-03-31 23:10:22 - [TEST_STEP][PASSED] - verifyTextPresent("Switzerland", true): Text 'Switzerland' is present on page  using regular expression

2022-03-31 23:10:23 - [MESSAGE][PASSED] - Text 'Switzerland' is present on page  using regular expression

2022-03-31 23:10:23 - [TEST_STEP][PASSED] - verifyTextPresent("France", true): Text 'France' is present on page  using regular expression

2022-03-31 23:10:23 - [MESSAGE][PASSED] - Text 'France' is present on page  using regular expression

2022-03-31 23:10:23 - [TEST_STEP][PASSED] - verifyTextPresent("Amount", true): Text 'Amount' is present on page  using regular expression

2022-03-31 23:10:23 - [MESSAGE][PASSED] - Text 'Amount' is present on page  using regular expression

2022-03-31 23:10:23 - [TEST_STEP][PASSED] - verifyTextPresent("Total Amount", true): Text 'Total Amount' is present on page  using regular expression

2022-03-31 23:10:24 - [MESSAGE][PASSED] - Text 'Total Amount' is present on page  using regular expression

2022-03-31 23:10:24 - [TEST_STEP][PASSED] - verifyTextPresent("Transaction Type", true): Text 'Transaction Type' is present on page  using regular expression

2022-03-31 23:10:24 - [MESSAGE][PASSED] - Text 'Transaction Type' is present on page  using regular expression

2022-03-31 23:10:24 - [TEST_STEP][PASSED] - verifyTextPresent("10.50", true): Text '10.50' is present on page  using regular expression

2022-03-31 23:10:24 - [MESSAGE][PASSED] - Text '10.50' is present on page  using regular expression

2022-03-31 23:10:24 - [TEST_STEP][PASSED] - verifyTextPresent("Authorization and Capture", true): Text 'Authorization and Capture' is present on page  using regular expression

2022-03-31 23:10:25 - [MESSAGE][PASSED] - Text 'Authorization and Capture' is present on page  using regular expression

2022-03-31 23:10:25 - [TEST_STEP][PASSED] - verifyTextPresent("Card Information", true): Text 'Card Information' is present on page  using regular expression

2022-03-31 23:10:25 - [MESSAGE][PASSED] - Text 'Card Information' is present on page  using regular expression

2022-03-31 23:10:25 - [TEST_STEP][PASSED] - cardNameV = findTestData(dataFile).getValue("CardNameV", row): null

2022-03-31 23:10:25 - [TEST_STEP][PASSED] - al1V = findTestData(dataFile).getValue("AL1", row): null

2022-03-31 23:10:25 - [TEST_STEP][PASSED] - al2V = findTestData(dataFile).getValue("AL2", row): null

2022-03-31 23:10:25 - [TEST_STEP][PASSED] - zipV = findTestData(dataFile).getValue("ZIP", row): null

2022-03-31 23:10:26 - [TEST_STEP][PASSED] - cardTypeV = findTestData(dataFile).getValue("CardType", row): null

2022-03-31 23:10:26 - [TEST_STEP][PASSED] - last4V = findTestData(dataFile).getValue("Last4", row): null

2022-03-31 23:10:26 - [TEST_STEP][PASSED] - verifyTextPresent(cardNameV, true): Text 'JANAKI JAMES' is present on page  using regular expression

2022-03-31 23:10:26 - [MESSAGE][PASSED] - Text 'JANAKI JAMES' is present on page  using regular expression

2022-03-31 23:10:26 - [TEST_STEP][PASSED] - verifyTextPresent("Address Line 1", true): Text 'Address Line 1' is present on page  using regular expression

2022-03-31 23:10:26 - [MESSAGE][PASSED] - Text 'Address Line 1' is present on page  using regular expression

2022-03-31 23:10:26 - [TEST_STEP][PASSED] - verifyTextPresent("Address Line 2", true): Text 'Address Line 2' is present on page  using regular expression

2022-03-31 23:10:27 - [MESSAGE][PASSED] - Text 'Address Line 2' is present on page  using regular expression

2022-03-31 23:10:27 - [TEST_STEP][PASSED] - verifyTextPresent("Country", true): Text 'Country' is present on page  using regular expression

2022-03-31 23:10:27 - [MESSAGE][PASSED] - Text 'Country' is present on page  using regular expression

2022-03-31 23:10:27 - [TEST_STEP][PASSED] - verifyTextPresent("City", true): Text 'City' is present on page  using regular expression

2022-03-31 23:10:27 - [MESSAGE][PASSED] - Text 'City' is present on page  using regular expression

2022-03-31 23:10:27 - [TEST_STEP][PASSED] - verifyTextPresent("State", true): Text 'State' is present on page  using regular expression

2022-03-31 23:10:28 - [MESSAGE][PASSED] - Text 'State' is present on page  using regular expression

2022-03-31 23:10:28 - [TEST_STEP][PASSED] - verifyTextPresent("ZIP Code", true): Text 'ZIP Code' is present on page  using regular expression

2022-03-31 23:10:28 - [MESSAGE][PASSED] - Text 'ZIP Code' is present on page  using regular expression

2022-03-31 23:10:28 - [TEST_STEP][PASSED] - verifyTextPresent(al1V, true): Text '36 Cornor Road' is present on page  using regular expression

2022-03-31 23:10:28 - [MESSAGE][PASSED] - Text '36 Cornor Road' is present on page  using regular expression

2022-03-31 23:10:28 - [TEST_STEP][PASSED] - verifyTextPresent(al2V, true): Text 'Suite 500' is present on page  using regular expression

2022-03-31 23:10:29 - [MESSAGE][PASSED] - Text 'Suite 500' is present on page  using regular expression

2022-03-31 23:10:29 - [TEST_STEP][PASSED] - verifyTextPresent("United States", true): Text 'United States' is present on page  using regular expression

2022-03-31 23:10:29 - [MESSAGE][PASSED] - Text 'United States' is present on page  using regular expression

2022-03-31 23:10:29 - [TEST_STEP][PASSED] - verifyTextPresent("ARLINGTON", true): Text 'ARLINGTON' is present on page  using regular expression

2022-03-31 23:10:29 - [MESSAGE][PASSED] - Text 'ARLINGTON' is present on page  using regular expression

2022-03-31 23:10:29 - [TEST_STEP][PASSED] - verifyTextPresent("Virginia", true): Text 'Virginia' is present on page  using regular expression

2022-03-31 23:10:30 - [MESSAGE][PASSED] - Text 'Virginia' is present on page  using regular expression

2022-03-31 23:10:30 - [TEST_STEP][PASSED] - verifyTextPresent(zipV, true): Text '22201' is present on page  using regular expression

2022-03-31 23:10:30 - [MESSAGE][PASSED] - Text '22201' is present on page  using regular expression

2022-03-31 23:10:30 - [TEST_STEP][PASSED] - verifyTextPresent(cardTypeV, true): Text 'Visa' is present on page  using regular expression

2022-03-31 23:10:30 - [MESSAGE][PASSED] - Text 'Visa' is present on page  using regular expression

2022-03-31 23:10:30 - [TEST_STEP][PASSED] - verifyTextPresent(last4V, true): Text '5439' is present on page  using regular expression

2022-03-31 23:10:31 - [MESSAGE][PASSED] - Text '5439' is present on page  using regular expression

2022-03-31 23:10:31 - [TEST_STEP][PASSED] - closeBrowser(): Browser is closed

2022-03-31 23:10:32 - [MESSAGE][PASSED] - Browser is closed

2022-03-31 23:10:32 - [TEST_STEP][PASSED] - ExecuteTC = findTestData(dataFile).getValue("Execute", row): null

2022-03-31 23:10:32 - [TEST_STEP][PASSED] - out.println("Value of Execute is : " + ExecuteTC): null

2022-03-31 23:10:32 - [TEST_STEP][PASSED] - switch (executionProfile): null

2022-03-31 23:10:32 - [TEST_STEP][PASSED] - case "QAProfile":: null

2022-03-31 23:10:32 - [TEST_STEP][PASSED] - appName = findTestData(dataFile).getValue("AppNameQA", row): null

2022-03-31 23:10:32 - [TEST_STEP][PASSED] - appID = findTestData(dataFile).getValue("AppIDQA", row): null

2022-03-31 23:10:32 - [TEST_STEP][PASSED] - break: null

2022-03-31 23:10:32 - [TEST_STEP][PASSED] - hrefAppID = li_1 + appID + li_2: null

2022-03-31 23:10:32 - [TEST_STEP][PASSED] - hrefApp = li_1 + appID + "/": null

2022-03-31 23:10:32 - [TEST_STEP][PASSED] - println("hrefApp : " + hrefApp): null

2022-03-31 23:10:32 - [TEST_STEP][PASSED] - if (ExecuteTC.equalsIgnoreCase("Y")): Browser is closed

2022-03-31 23:10:32 - [TEST_STEP][PASSED] - out.println("Begin Record Number: " + row): null

2022-03-31 23:10:32 - [TEST_STEP][PASSED] - today = new java.util.Date(): null

2022-03-31 23:10:32 - [TEST_STEP][PASSED] - println(today): null

2022-03-31 23:10:32 - [TEST_STEP][PASSED] - datText = today: null

2022-03-31 23:10:32 - [TEST_STEP][PASSED] - adminSuiteBootstrap.loginFunctionality.login_AdminSuite(): adminSuiteBootstrap.loginFunctionality.login_AdminSuite is PASSED

2022-03-31 23:10:32 - [MESSAGE][INFO] - Starting 'Chrome' driver

2022-03-31 23:10:32 - [MESSAGE][INFO] - User set preference: ['acceptInsecureCerts', 'true']

2022-03-31 23:10:32 - [MESSAGE][INFO] - Action delay is set to 0 milliseconds

2022-03-31 23:10:35 - [MESSAGE][PASSED] - Browser is opened with url: 'https://qa.velocitypayment.com/admin/imtiaz'

2022-03-31 23:10:35 - [MESSAGE][PASSED] - Current window maximized

2022-03-31 23:10:36 - [MESSAGE][PASSED] - Object 'Object Repository/Login_Page/Login_Username' is present

2022-03-31 23:10:36 - [MESSAGE][PASSED] - Text 'iahmed' is set on object 'Object Repository/Login_Page/Login_Username'

2022-03-31 23:10:37 - [MESSAGE][PASSED] - Text 'hello2222' is set on object 'Object Repository/Login_Page/Login_Password'

2022-03-31 23:10:40 - [MESSAGE][PASSED] - Object: 'Object Repository/Login_Page/Login_Submit' is clicked on

2022-03-31 23:10:40 - [MESSAGE][PASSED] - adminSuiteBootstrap.loginFunctionality.login_AdminSuite is PASSED

2022-03-31 23:10:40 - [TEST_STEP][PASSED] - click(findTestObject(path_Dashboard + appName)): Object: 'Object Repository/AdminSuiteBootstrap_Pages/Dashboard_Bootstrap/a_Access AutoNoCFtp' is clicked on

2022-03-31 23:10:41 - [MESSAGE][PASSED] - Object: 'Object Repository/AdminSuiteBootstrap_Pages/Dashboard_Bootstrap/a_Access AutoNoCFtp' is clicked on

2022-03-31 23:10:41 - [TEST_STEP][PASSED] - click(findTestObject(path_VT + "button_Authorization  Capture (Sale)")): Object: 'Object Repository/AdminSuiteBootstrap_Pages/VT_Bootstrap/IssueTransactions/button_Authorization  Capture (Sale)' is clicked on

2022-03-31 23:10:41 - [MESSAGE][PASSED] - Object: 'Object Repository/AdminSuiteBootstrap_Pages/VT_Bootstrap/IssueTransactions/button_Authorization  Capture (Sale)' is clicked on

2022-03-31 23:10:41 - [TEST_STEP][PASSED] - saleKeyboardEntryLink = modifyObjectProperty(findTestObject(path_VT + "a_KeyboardEntry_Sale"), "href", "equals", hrefAppID, true): Modify property of object successfully

2022-03-31 23:10:41 - [MESSAGE][PASSED] - Modify property of object successfully

2022-03-31 23:10:41 - [TEST_STEP][PASSED] - click(saleKeyboardEntryLink): Object: 'Object Repository/AdminSuiteBootstrap_Pages/VT_Bootstrap/IssueTransactions/a_KeyboardEntry_Sale' is clicked on

2022-03-31 23:10:42 - [MESSAGE][PASSED] - Object: 'Object Repository/AdminSuiteBootstrap_Pages/VT_Bootstrap/IssueTransactions/a_KeyboardEntry_Sale' is clicked on

2022-03-31 23:10:42 - [TEST_STEP][PASSED] - adminSuiteBootstrap.virtualTerminalSetData.saleKeyboard_DataDriven(row, dataFile): adminSuiteBootstrap.virtualTerminalSetData.saleKeyboard_DataDriven is PASSED

2022-03-31 23:10:45 - [MESSAGE][PASSED] - Text 'Janaki James' is set on object 'Object Repository/AdminSuiteBootstrap_Pages/VT_Bootstrap/SaleKeyboard/input_cardName'

2022-03-31 23:10:46 - [MESSAGE][PASSED] - All options with value 'MOTO' are selected in object 'Object Repository/AdminSuiteBootstrap_Pages/VT_Bootstrap/SaleKeyboard/select_transactionCategory'  using regular expression

2022-03-31 23:10:46 - [MESSAGE][PASSED] - Execute JavaScript 'arguments[0].value ='5146312200000035' ' successfully

2022-03-31 23:10:47 - [MESSAGE][PASSED] - Execute JavaScript 'arguments[0].value ='123' ' successfully

2022-03-31 23:10:48 - [MESSAGE][PASSED] - All options with value '12' are selected in object 'Object Repository/AdminSuiteBootstrap_Pages/VT_Bootstrap/SaleKeyboard/select_MM'  using regular expression

2022-03-31 23:10:49 - [MESSAGE][PASSED] - All options with value '2025' are selected in object 'Object Repository/AdminSuiteBootstrap_Pages/VT_Bootstrap/SaleKeyboard/select_YYYY'  using regular expression

2022-03-31 23:10:50 - [MESSAGE][PASSED] - Text '1478 Jhatka Palace' is set on object 'Object Repository/AdminSuiteBootstrap_Pages/VT_Bootstrap/SaleKeyboard/input__address'

2022-03-31 23:10:50 - [MESSAGE][PASSED] - Text 'Suite 500' is set on object 'Object Repository/AdminSuiteBootstrap_Pages/VT_Bootstrap/SaleKeyboard/input__address2'

2022-03-31 23:10:51 - [MESSAGE][PASSED] - Text '22201' is set on object 'Object Repository/AdminSuiteBootstrap_Pages/VT_Bootstrap/SaleKeyboard/input__zip'

2022-03-31 23:10:52 - [MESSAGE][PASSED] - Text '' is set on object 'Object Repository/AdminSuiteBootstrap_Pages/VT_Bootstrap/SaleKeyboard/input_emailAddress'

2022-03-31 23:10:53 - [MESSAGE][PASSED] - Text '' is set on object 'Object Repository/AdminSuiteBootstrap_Pages/VT_Bootstrap/SaleKeyboard/input_smsNumber'

2022-03-31 23:10:54 - [MESSAGE][PASSED] - Text '10.50' is set on object 'Object Repository/AdminSuiteBootstrap_Pages/VT_Bootstrap/SaleKeyboard/input_amount'

2022-03-31 23:10:55 - [MESSAGE][PASSED] - Text 'Australia' is set on object 'Object Repository/AdminSuiteBootstrap_Pages/VT_Bootstrap/SaleKeyboard/input_userDefined1'

2022-03-31 23:10:55 - [MESSAGE][PASSED] - Text 'Denmark' is set on object 'Object Repository/AdminSuiteBootstrap_Pages/VT_Bootstrap/SaleKeyboard/input_userDefined2'

2022-03-31 23:10:56 - [MESSAGE][PASSED] - Text 'Sweden' is set on object 'Object Repository/AdminSuiteBootstrap_Pages/VT_Bootstrap/SaleKeyboard/input_userDefined3'

2022-03-31 23:10:57 - [MESSAGE][PASSED] - Text 'Austria' is set on object 'Object Repository/AdminSuiteBootstrap_Pages/VT_Bootstrap/SaleKeyboard/input_userDefined4'

2022-03-31 23:10:58 - [MESSAGE][PASSED] - All options with label 'Orange' are selected in object 'Object Repository/AdminSuiteBootstrap_Pages/VT_Bootstrap/SaleKeyboard/select_UDF5_DropDown'  using regular expression

2022-03-31 23:10:59 - [MESSAGE][PASSED] - All options with label 'Yellow' are selected in object 'Object Repository/AdminSuiteBootstrap_Pages/VT_Bootstrap/SaleKeyboard/select_UDF6_DropDown'  using regular expression

2022-03-31 23:10:59 - [MESSAGE][PASSED] - Text 'Norway' is set on object 'Object Repository/AdminSuiteBootstrap_Pages/VT_Bootstrap/SaleKeyboard/input_userDefined7'

2022-03-31 23:11:00 - [MESSAGE][PASSED] - Text 'Netherlands' is set on object 'Object Repository/AdminSuiteBootstrap_Pages/VT_Bootstrap/SaleKeyboard/input_userDefined8'

2022-03-31 23:11:01 - [MESSAGE][PASSED] - Text 'Switzerland' is set on object 'Object Repository/AdminSuiteBootstrap_Pages/VT_Bootstrap/SaleKeyboard/input_userDefined9'

2022-03-31 23:11:02 - [MESSAGE][PASSED] - Text 'France' is set on object 'Object Repository/AdminSuiteBootstrap_Pages/VT_Bootstrap/SaleKeyboard/input_userDefined10'

2022-03-31 23:11:03 - [MESSAGE][PASSED] - Object: 'Object Repository/AdminSuiteBootstrap_Pages/VT_Bootstrap/SaleKeyboard/button_Submit' is clicked on

2022-03-31 23:11:03 - [MESSAGE][PASSED] - adminSuiteBootstrap.virtualTerminalSetData.saleKeyboard_DataDriven is PASSED

2022-03-31 23:11:03 - [TEST_STEP][PASSED] - verifyTextPresent("Transaction Successful", true): Text 'Transaction Successful' is present on page  using regular expression

2022-03-31 23:11:04 - [MESSAGE][PASSED] - Text 'Transaction Successful' is present on page  using regular expression

2022-03-31 23:11:04 - [TEST_STEP][PASSED] - verifyElementVisible(findTestObject("Object Repository/AdminSuiteBootstrap_Pages/VT_Bootstrap/Receipt/button_Continue")): Object 'Object Repository/AdminSuiteBootstrap_Pages/VT_Bootstrap/Receipt/button_Continue' is visible

2022-03-31 23:11:04 - [MESSAGE][PASSED] - Object 'Object Repository/AdminSuiteBootstrap_Pages/VT_Bootstrap/Receipt/button_Continue' is visible

2022-03-31 23:11:04 - [TEST_STEP][PASSED] - verifyElementPresent(findTestObject("Object Repository/AdminSuiteBootstrap_Pages/VT_Bootstrap/Receipt/button_Continue"), 20): Object 'Object Repository/AdminSuiteBootstrap_Pages/VT_Bootstrap/Receipt/button_Continue' is present

2022-03-31 23:11:04 - [MESSAGE][PASSED] - Object 'Object Repository/AdminSuiteBootstrap_Pages/VT_Bootstrap/Receipt/button_Continue' is present

2022-03-31 23:11:04 - [TEST_STEP][PASSED] - verifyElementVisible(findTestObject("Object Repository/AdminSuiteBootstrap_Pages/VT_Bootstrap/Receipt/button_Print")): Object 'Object Repository/AdminSuiteBootstrap_Pages/VT_Bootstrap/Receipt/button_Print' is visible

2022-03-31 23:11:05 - [MESSAGE][PASSED] - Object 'Object Repository/AdminSuiteBootstrap_Pages/VT_Bootstrap/Receipt/button_Print' is visible

2022-03-31 23:11:05 - [TEST_STEP][PASSED] - verifyElementPresent(findTestObject("Object Repository/AdminSuiteBootstrap_Pages/VT_Bootstrap/Receipt/button_Print"), 20): Object 'Object Repository/AdminSuiteBootstrap_Pages/VT_Bootstrap/Receipt/button_Print' is present

2022-03-31 23:11:05 - [MESSAGE][PASSED] - Object 'Object Repository/AdminSuiteBootstrap_Pages/VT_Bootstrap/Receipt/button_Print' is present

2022-03-31 23:11:05 - [TEST_STEP][PASSED] - verifyTextPresent("Remittance ID", true): Text 'Remittance ID' is present on page  using regular expression

2022-03-31 23:11:05 - [MESSAGE][PASSED] - Text 'Remittance ID' is present on page  using regular expression

2022-03-31 23:11:05 - [TEST_STEP][PASSED] - verifyTextPresent("Received", true): Text 'Received' is present on page  using regular expression

2022-03-31 23:11:06 - [MESSAGE][PASSED] - Text 'Received' is present on page  using regular expression

2022-03-31 23:11:06 - [TEST_STEP][PASSED] - verifyTextPresent("UDF1", true): Text 'UDF1' is present on page  using regular expression

2022-03-31 23:11:06 - [MESSAGE][PASSED] - Text 'UDF1' is present on page  using regular expression

2022-03-31 23:11:06 - [TEST_STEP][PASSED] - verifyTextPresent("UDF2", true): Text 'UDF2' is present on page  using regular expression

2022-03-31 23:11:06 - [MESSAGE][PASSED] - Text 'UDF2' is present on page  using regular expression

2022-03-31 23:11:06 - [TEST_STEP][PASSED] - verifyTextPresent("UDF3", true): Text 'UDF3' is present on page  using regular expression

2022-03-31 23:11:07 - [MESSAGE][PASSED] - Text 'UDF3' is present on page  using regular expression

2022-03-31 23:11:07 - [TEST_STEP][PASSED] - verifyTextPresent("UDF4", true): Text 'UDF4' is present on page  using regular expression

2022-03-31 23:11:07 - [MESSAGE][PASSED] - Text 'UDF4' is present on page  using regular expression

2022-03-31 23:11:07 - [TEST_STEP][PASSED] - verifyTextPresent("UDF5", true): Text 'UDF5' is present on page  using regular expression

2022-03-31 23:11:07 - [MESSAGE][PASSED] - Text 'UDF5' is present on page  using regular expression

2022-03-31 23:11:07 - [TEST_STEP][PASSED] - verifyTextPresent("UDF6", true): Text 'UDF6' is present on page  using regular expression

2022-03-31 23:11:08 - [MESSAGE][PASSED] - Text 'UDF6' is present on page  using regular expression

2022-03-31 23:11:08 - [TEST_STEP][PASSED] - verifyTextPresent("UDF7", true): Text 'UDF7' is present on page  using regular expression

2022-03-31 23:11:08 - [MESSAGE][PASSED] - Text 'UDF7' is present on page  using regular expression

2022-03-31 23:11:08 - [TEST_STEP][PASSED] - verifyTextPresent("UDF8", true): Text 'UDF8' is present on page  using regular expression

2022-03-31 23:11:08 - [MESSAGE][PASSED] - Text 'UDF8' is present on page  using regular expression

2022-03-31 23:11:08 - [TEST_STEP][PASSED] - verifyTextPresent("UDF9", true): Text 'UDF9' is present on page  using regular expression

2022-03-31 23:11:09 - [MESSAGE][PASSED] - Text 'UDF9' is present on page  using regular expression

2022-03-31 23:11:09 - [TEST_STEP][PASSED] - verifyTextPresent("UDF 10", true): Text 'UDF 10' is present on page  using regular expression

2022-03-31 23:11:09 - [MESSAGE][PASSED] - Text 'UDF 10' is present on page  using regular expression

2022-03-31 23:11:09 - [TEST_STEP][PASSED] - verifyTextPresent("Australia", true): Text 'Australia' is present on page  using regular expression

2022-03-31 23:11:09 - [MESSAGE][PASSED] - Text 'Australia' is present on page  using regular expression

2022-03-31 23:11:09 - [TEST_STEP][PASSED] - verifyTextPresent("Denmark", true): Text 'Denmark' is present on page  using regular expression

2022-03-31 23:11:10 - [MESSAGE][PASSED] - Text 'Denmark' is present on page  using regular expression

2022-03-31 23:11:10 - [TEST_STEP][PASSED] - verifyTextPresent("Sweden", true): Text 'Sweden' is present on page  using regular expression

2022-03-31 23:11:10 - [MESSAGE][PASSED] - Text 'Sweden' is present on page  using regular expression

2022-03-31 23:11:10 - [TEST_STEP][PASSED] - verifyTextPresent("Austria", true): Text 'Austria' is present on page  using regular expression

2022-03-31 23:11:10 - [MESSAGE][PASSED] - Text 'Austria' is present on page  using regular expression

2022-03-31 23:11:10 - [TEST_STEP][PASSED] - verifyTextPresent("Orange Recorded", true): Text 'Orange Recorded' is present on page  using regular expression

2022-03-31 23:11:11 - [MESSAGE][PASSED] - Text 'Orange Recorded' is present on page  using regular expression

2022-03-31 23:11:11 - [TEST_STEP][PASSED] - verifyTextPresent("Yellow Recorded", true): Text 'Yellow Recorded' is present on page  using regular expression

2022-03-31 23:11:11 - [MESSAGE][PASSED] - Text 'Yellow Recorded' is present on page  using regular expression

2022-03-31 23:11:11 - [TEST_STEP][PASSED] - verifyTextPresent("Norway", true): Text 'Norway' is present on page  using regular expression

2022-03-31 23:11:11 - [MESSAGE][PASSED] - Text 'Norway' is present on page  using regular expression

2022-03-31 23:11:11 - [TEST_STEP][PASSED] - verifyTextPresent("Netherlands", true): Text 'Netherlands' is present on page  using regular expression

2022-03-31 23:11:12 - [MESSAGE][PASSED] - Text 'Netherlands' is present on page  using regular expression

2022-03-31 23:11:12 - [TEST_STEP][PASSED] - verifyTextPresent("Switzerland", true): Text 'Switzerland' is present on page  using regular expression

2022-03-31 23:11:12 - [MESSAGE][PASSED] - Text 'Switzerland' is present on page  using regular expression

2022-03-31 23:11:12 - [TEST_STEP][PASSED] - verifyTextPresent("France", true): Text 'France' is present on page  using regular expression

2022-03-31 23:11:12 - [MESSAGE][PASSED] - Text 'France' is present on page  using regular expression

2022-03-31 23:11:12 - [TEST_STEP][PASSED] - verifyTextPresent("Amount", true): Text 'Amount' is present on page  using regular expression

2022-03-31 23:11:13 - [MESSAGE][PASSED] - Text 'Amount' is present on page  using regular expression

2022-03-31 23:11:13 - [TEST_STEP][PASSED] - verifyTextPresent("Total Amount", true): Text 'Total Amount' is present on page  using regular expression

2022-03-31 23:11:13 - [MESSAGE][PASSED] - Text 'Total Amount' is present on page  using regular expression

2022-03-31 23:11:13 - [TEST_STEP][PASSED] - verifyTextPresent("Transaction Type", true): Text 'Transaction Type' is present on page  using regular expression

2022-03-31 23:11:13 - [MESSAGE][PASSED] - Text 'Transaction Type' is present on page  using regular expression

2022-03-31 23:11:13 - [TEST_STEP][PASSED] - verifyTextPresent("10.50", true): Text '10.50' is present on page  using regular expression

2022-03-31 23:11:14 - [MESSAGE][PASSED] - Text '10.50' is present on page  using regular expression

2022-03-31 23:11:14 - [TEST_STEP][PASSED] - verifyTextPresent("Authorization and Capture", true): Text 'Authorization and Capture' is present on page  using regular expression

2022-03-31 23:11:14 - [MESSAGE][PASSED] - Text 'Authorization and Capture' is present on page  using regular expression

2022-03-31 23:11:14 - [TEST_STEP][PASSED] - verifyTextPresent("Card Information", true): Text 'Card Information' is present on page  using regular expression

2022-03-31 23:11:14 - [MESSAGE][PASSED] - Text 'Card Information' is present on page  using regular expression

2022-03-31 23:11:14 - [TEST_STEP][PASSED] - cardNameV = findTestData(dataFile).getValue("CardNameV", row): null

2022-03-31 23:11:14 - [TEST_STEP][PASSED] - al1V = findTestData(dataFile).getValue("AL1", row): null

2022-03-31 23:11:15 - [TEST_STEP][PASSED] - al2V = findTestData(dataFile).getValue("AL2", row): null

2022-03-31 23:11:15 - [TEST_STEP][PASSED] - zipV = findTestData(dataFile).getValue("ZIP", row): null

2022-03-31 23:11:15 - [TEST_STEP][PASSED] - cardTypeV = findTestData(dataFile).getValue("CardType", row): null

2022-03-31 23:11:15 - [TEST_STEP][PASSED] - last4V = findTestData(dataFile).getValue("Last4", row): null

2022-03-31 23:11:15 - [TEST_STEP][PASSED] - verifyTextPresent(cardNameV, true): Text 'JANAKI JAMES' is present on page  using regular expression

2022-03-31 23:11:15 - [MESSAGE][PASSED] - Text 'JANAKI JAMES' is present on page  using regular expression

2022-03-31 23:11:15 - [TEST_STEP][PASSED] - verifyTextPresent("Address Line 1", true): Text 'Address Line 1' is present on page  using regular expression

2022-03-31 23:11:16 - [MESSAGE][PASSED] - Text 'Address Line 1' is present on page  using regular expression

2022-03-31 23:11:16 - [TEST_STEP][PASSED] - verifyTextPresent("Address Line 2", true): Text 'Address Line 2' is present on page  using regular expression

2022-03-31 23:11:16 - [MESSAGE][PASSED] - Text 'Address Line 2' is present on page  using regular expression

2022-03-31 23:11:16 - [TEST_STEP][PASSED] - verifyTextPresent("Country", true): Text 'Country' is present on page  using regular expression

2022-03-31 23:11:16 - [MESSAGE][PASSED] - Text 'Country' is present on page  using regular expression

2022-03-31 23:11:16 - [TEST_STEP][PASSED] - verifyTextPresent("City", true): Text 'City' is present on page  using regular expression

2022-03-31 23:11:17 - [MESSAGE][PASSED] - Text 'City' is present on page  using regular expression

2022-03-31 23:11:17 - [TEST_STEP][PASSED] - verifyTextPresent("State", true): Text 'State' is present on page  using regular expression

2022-03-31 23:11:17 - [MESSAGE][PASSED] - Text 'State' is present on page  using regular expression

2022-03-31 23:11:17 - [TEST_STEP][PASSED] - verifyTextPresent("ZIP Code", true): Text 'ZIP Code' is present on page  using regular expression

2022-03-31 23:11:17 - [MESSAGE][PASSED] - Text 'ZIP Code' is present on page  using regular expression

2022-03-31 23:11:17 - [TEST_STEP][PASSED] - verifyTextPresent(al1V, true): Text '1478 Jhatka Palace' is present on page  using regular expression

2022-03-31 23:11:18 - [MESSAGE][PASSED] - Text '1478 Jhatka Palace' is present on page  using regular expression

2022-03-31 23:11:18 - [TEST_STEP][PASSED] - verifyTextPresent(al2V, true): Text 'Suite 500' is present on page  using regular expression

2022-03-31 23:11:18 - [MESSAGE][PASSED] - Text 'Suite 500' is present on page  using regular expression

2022-03-31 23:11:18 - [TEST_STEP][PASSED] - verifyTextPresent("United States", true): Text 'United States' is present on page  using regular expression

2022-03-31 23:11:18 - [MESSAGE][PASSED] - Text 'United States' is present on page  using regular expression

2022-03-31 23:11:18 - [TEST_STEP][PASSED] - verifyTextPresent("ARLINGTON", true): Text 'ARLINGTON' is present on page  using regular expression

2022-03-31 23:11:19 - [MESSAGE][PASSED] - Text 'ARLINGTON' is present on page  using regular expression

2022-03-31 23:11:19 - [TEST_STEP][PASSED] - verifyTextPresent("Virginia", true): Text 'Virginia' is present on page  using regular expression

2022-03-31 23:11:19 - [MESSAGE][PASSED] - Text 'Virginia' is present on page  using regular expression

2022-03-31 23:11:19 - [TEST_STEP][PASSED] - verifyTextPresent(zipV, true): Text '22201' is present on page  using regular expression

2022-03-31 23:11:19 - [MESSAGE][PASSED] - Text '22201' is present on page  using regular expression

2022-03-31 23:11:19 - [TEST_STEP][PASSED] - verifyTextPresent(cardTypeV, true): Text 'MasterCard' is present on page  using regular expression

2022-03-31 23:11:20 - [MESSAGE][PASSED] - Text 'MasterCard' is present on page  using regular expression

2022-03-31 23:11:20 - [TEST_STEP][PASSED] - verifyTextPresent(last4V, true): Text '0035' is present on page  using regular expression

2022-03-31 23:11:20 - [MESSAGE][PASSED] - Text '0035' is present on page  using regular expression

2022-03-31 23:11:20 - [TEST_STEP][PASSED] - closeBrowser(): Browser is closed

2022-03-31 23:11:21 - [MESSAGE][PASSED] - Browser is closed

2022-03-31 23:11:21 - [TEST_STEP][PASSED] - ExecuteTC = findTestData(dataFile).getValue("Execute", row): null

2022-03-31 23:11:21 - [TEST_STEP][PASSED] - out.println("Value of Execute is : " + ExecuteTC): null

2022-03-31 23:11:21 - [TEST_STEP][PASSED] - switch (executionProfile): null

2022-03-31 23:11:21 - [TEST_STEP][PASSED] - case "QAProfile":: null

2022-03-31 23:11:21 - [TEST_STEP][PASSED] - appName = findTestData(dataFile).getValue("AppNameQA", row): null

2022-03-31 23:11:21 - [TEST_STEP][PASSED] - appID = findTestData(dataFile).getValue("AppIDQA", row): null

2022-03-31 23:11:21 - [TEST_STEP][PASSED] - break: null

2022-03-31 23:11:21 - [TEST_STEP][PASSED] - hrefAppID = li_1 + appID + li_2: null

2022-03-31 23:11:21 - [TEST_STEP][PASSED] - hrefApp = li_1 + appID + "/": null

2022-03-31 23:11:21 - [TEST_STEP][PASSED] - println("hrefApp : " + hrefApp): null

2022-03-31 23:11:21 - [TEST_STEP][PASSED] - if (ExecuteTC.equalsIgnoreCase("Y")): Browser is closed

2022-03-31 23:11:21 - [TEST_STEP][PASSED] - out.println("Begin Record Number: " + row): null

2022-03-31 23:11:21 - [TEST_STEP][PASSED] - today = new java.util.Date(): null

2022-03-31 23:11:21 - [TEST_STEP][PASSED] - println(today): null

2022-03-31 23:11:21 - [TEST_STEP][PASSED] - datText = today: null

2022-03-31 23:11:21 - [TEST_STEP][PASSED] - adminSuiteBootstrap.loginFunctionality.login_AdminSuite(): adminSuiteBootstrap.loginFunctionality.login_AdminSuite is PASSED

2022-03-31 23:11:21 - [MESSAGE][INFO] - Starting 'Chrome' driver

2022-03-31 23:11:21 - [MESSAGE][INFO] - User set preference: ['acceptInsecureCerts', 'true']

2022-03-31 23:11:21 - [MESSAGE][INFO] - Action delay is set to 0 milliseconds

2022-03-31 23:11:24 - [MESSAGE][PASSED] - Browser is opened with url: 'https://qa.velocitypayment.com/admin/imtiaz'

2022-03-31 23:11:24 - [MESSAGE][PASSED] - Current window maximized

2022-03-31 23:11:25 - [MESSAGE][PASSED] - Object 'Object Repository/Login_Page/Login_Username' is present

2022-03-31 23:11:25 - [MESSAGE][PASSED] - Text 'iahmed' is set on object 'Object Repository/Login_Page/Login_Username'

2022-03-31 23:11:26 - [MESSAGE][PASSED] - Text 'hello2222' is set on object 'Object Repository/Login_Page/Login_Password'

2022-03-31 23:11:30 - [MESSAGE][PASSED] - Object: 'Object Repository/Login_Page/Login_Submit' is clicked on

2022-03-31 23:11:30 - [MESSAGE][PASSED] - adminSuiteBootstrap.loginFunctionality.login_AdminSuite is PASSED

2022-03-31 23:11:30 - [TEST_STEP][PASSED] - click(findTestObject(path_Dashboard + appName)): Object: 'Object Repository/AdminSuiteBootstrap_Pages/Dashboard_Bootstrap/a_Access AutoNoCFtp' is clicked on

2022-03-31 23:11:31 - [MESSAGE][PASSED] - Object: 'Object Repository/AdminSuiteBootstrap_Pages/Dashboard_Bootstrap/a_Access AutoNoCFtp' is clicked on

2022-03-31 23:11:31 - [TEST_STEP][PASSED] - click(findTestObject(path_VT + "button_Authorization  Capture (Sale)")): Object: 'Object Repository/AdminSuiteBootstrap_Pages/VT_Bootstrap/IssueTransactions/button_Authorization  Capture (Sale)' is clicked on

2022-03-31 23:11:32 - [MESSAGE][PASSED] - Object: 'Object Repository/AdminSuiteBootstrap_Pages/VT_Bootstrap/IssueTransactions/button_Authorization  Capture (Sale)' is clicked on

2022-03-31 23:11:32 - [TEST_STEP][PASSED] - saleKeyboardEntryLink = modifyObjectProperty(findTestObject(path_VT + "a_KeyboardEntry_Sale"), "href", "equals", hrefAppID, true): Modify property of object successfully

2022-03-31 23:11:32 - [MESSAGE][PASSED] - Modify property of object successfully

2022-03-31 23:11:32 - [TEST_STEP][PASSED] - click(saleKeyboardEntryLink): Object: 'Object Repository/AdminSuiteBootstrap_Pages/VT_Bootstrap/IssueTransactions/a_KeyboardEntry_Sale' is clicked on

2022-03-31 23:11:33 - [MESSAGE][PASSED] - Object: 'Object Repository/AdminSuiteBootstrap_Pages/VT_Bootstrap/IssueTransactions/a_KeyboardEntry_Sale' is clicked on

2022-03-31 23:11:33 - [TEST_STEP][PASSED] - adminSuiteBootstrap.virtualTerminalSetData.saleKeyboard_DataDriven(row, dataFile): adminSuiteBootstrap.virtualTerminalSetData.saleKeyboard_DataDriven is PASSED

2022-03-31 23:11:35 - [MESSAGE][PASSED] - Text 'Janaki James' is set on object 'Object Repository/AdminSuiteBootstrap_Pages/VT_Bootstrap/SaleKeyboard/input_cardName'

2022-03-31 23:11:36 - [MESSAGE][PASSED] - All options with value 'MOTO' are selected in object 'Object Repository/AdminSuiteBootstrap_Pages/VT_Bootstrap/SaleKeyboard/select_transactionCategory'  using regular expression

2022-03-31 23:11:37 - [MESSAGE][PASSED] - Execute JavaScript 'arguments[0].value ='371449635392376' ' successfully

2022-03-31 23:11:37 - [MESSAGE][PASSED] - Execute JavaScript 'arguments[0].value ='123' ' successfully

2022-03-31 23:11:38 - [MESSAGE][PASSED] - All options with value '12' are selected in object 'Object Repository/AdminSuiteBootstrap_Pages/VT_Bootstrap/SaleKeyboard/select_MM'  using regular expression

2022-03-31 23:11:39 - [MESSAGE][PASSED] - All options with value '2025' are selected in object 'Object Repository/AdminSuiteBootstrap_Pages/VT_Bootstrap/SaleKeyboard/select_YYYY'  using regular expression

2022-03-31 23:11:40 - [MESSAGE][PASSED] - Text '550 Swan Lake' is set on object 'Object Repository/AdminSuiteBootstrap_Pages/VT_Bootstrap/SaleKeyboard/input__address'

2022-03-31 23:11:40 - [MESSAGE][PASSED] - Text 'Suite 500' is set on object 'Object Repository/AdminSuiteBootstrap_Pages/VT_Bootstrap/SaleKeyboard/input__address2'

2022-03-31 23:11:41 - [MESSAGE][PASSED] - Text '22201' is set on object 'Object Repository/AdminSuiteBootstrap_Pages/VT_Bootstrap/SaleKeyboard/input__zip'

2022-03-31 23:11:42 - [MESSAGE][PASSED] - Text '' is set on object 'Object Repository/AdminSuiteBootstrap_Pages/VT_Bootstrap/SaleKeyboard/input_emailAddress'

2022-03-31 23:11:43 - [MESSAGE][PASSED] - Text '' is set on object 'Object Repository/AdminSuiteBootstrap_Pages/VT_Bootstrap/SaleKeyboard/input_smsNumber'

2022-03-31 23:11:44 - [MESSAGE][PASSED] - Text '10.50' is set on object 'Object Repository/AdminSuiteBootstrap_Pages/VT_Bootstrap/SaleKeyboard/input_amount'

2022-03-31 23:11:44 - [MESSAGE][PASSED] - Text 'Australia' is set on object 'Object Repository/AdminSuiteBootstrap_Pages/VT_Bootstrap/SaleKeyboard/input_userDefined1'

2022-03-31 23:11:45 - [MESSAGE][PASSED] - Text 'Denmark' is set on object 'Object Repository/AdminSuiteBootstrap_Pages/VT_Bootstrap/SaleKeyboard/input_userDefined2'

2022-03-31 23:11:46 - [MESSAGE][PASSED] - Text 'Sweden' is set on object 'Object Repository/AdminSuiteBootstrap_Pages/VT_Bootstrap/SaleKeyboard/input_userDefined3'

2022-03-31 23:11:46 - [MESSAGE][PASSED] - Text 'Austria' is set on object 'Object Repository/AdminSuiteBootstrap_Pages/VT_Bootstrap/SaleKeyboard/input_userDefined4'

2022-03-31 23:11:47 - [MESSAGE][PASSED] - All options with label 'Orange' are selected in object 'Object Repository/AdminSuiteBootstrap_Pages/VT_Bootstrap/SaleKeyboard/select_UDF5_DropDown'  using regular expression

2022-03-31 23:11:48 - [MESSAGE][PASSED] - All options with label 'Yellow' are selected in object 'Object Repository/AdminSuiteBootstrap_Pages/VT_Bootstrap/SaleKeyboard/select_UDF6_DropDown'  using regular expression

2022-03-31 23:11:49 - [MESSAGE][PASSED] - Text 'Norway' is set on object 'Object Repository/AdminSuiteBootstrap_Pages/VT_Bootstrap/SaleKeyboard/input_userDefined7'

2022-03-31 23:11:50 - [MESSAGE][PASSED] - Text 'Netherlands' is set on object 'Object Repository/AdminSuiteBootstrap_Pages/VT_Bootstrap/SaleKeyboard/input_userDefined8'

2022-03-31 23:11:51 - [MESSAGE][PASSED] - Text 'Switzerland' is set on object 'Object Repository/AdminSuiteBootstrap_Pages/VT_Bootstrap/SaleKeyboard/input_userDefined9'

2022-03-31 23:11:51 - [MESSAGE][PASSED] - Text 'France' is set on object 'Object Repository/AdminSuiteBootstrap_Pages/VT_Bootstrap/SaleKeyboard/input_userDefined10'

2022-03-31 23:11:53 - [MESSAGE][PASSED] - Object: 'Object Repository/AdminSuiteBootstrap_Pages/VT_Bootstrap/SaleKeyboard/button_Submit' is clicked on

2022-03-31 23:11:53 - [MESSAGE][PASSED] - adminSuiteBootstrap.virtualTerminalSetData.saleKeyboard_DataDriven is PASSED

2022-03-31 23:11:53 - [TEST_STEP][PASSED] - verifyTextPresent("Transaction Successful", true): Text 'Transaction Successful' is present on page  using regular expression

2022-03-31 23:11:53 - [MESSAGE][PASSED] - Text 'Transaction Successful' is present on page  using regular expression

2022-03-31 23:11:53 - [TEST_STEP][PASSED] - verifyElementVisible(findTestObject("Object Repository/AdminSuiteBootstrap_Pages/VT_Bootstrap/Receipt/button_Continue")): Object 'Object Repository/AdminSuiteBootstrap_Pages/VT_Bootstrap/Receipt/button_Continue' is visible

2022-03-31 23:11:54 - [MESSAGE][PASSED] - Object 'Object Repository/AdminSuiteBootstrap_Pages/VT_Bootstrap/Receipt/button_Continue' is visible

2022-03-31 23:11:54 - [TEST_STEP][PASSED] - verifyElementPresent(findTestObject("Object Repository/AdminSuiteBootstrap_Pages/VT_Bootstrap/Receipt/button_Continue"), 20): Object 'Object Repository/AdminSuiteBootstrap_Pages/VT_Bootstrap/Receipt/button_Continue' is present

2022-03-31 23:11:54 - [MESSAGE][PASSED] - Object 'Object Repository/AdminSuiteBootstrap_Pages/VT_Bootstrap/Receipt/button_Continue' is present

2022-03-31 23:11:54 - [TEST_STEP][PASSED] - verifyElementVisible(findTestObject("Object Repository/AdminSuiteBootstrap_Pages/VT_Bootstrap/Receipt/button_Print")): Object 'Object Repository/AdminSuiteBootstrap_Pages/VT_Bootstrap/Receipt/button_Print' is visible

2022-03-31 23:11:54 - [MESSAGE][PASSED] - Object 'Object Repository/AdminSuiteBootstrap_Pages/VT_Bootstrap/Receipt/button_Print' is visible

2022-03-31 23:11:54 - [TEST_STEP][PASSED] - verifyElementPresent(findTestObject("Object Repository/AdminSuiteBootstrap_Pages/VT_Bootstrap/Receipt/button_Print"), 20): Object 'Object Repository/AdminSuiteBootstrap_Pages/VT_Bootstrap/Receipt/button_Print' is present

2022-03-31 23:11:55 - [MESSAGE][PASSED] - Object 'Object Repository/AdminSuiteBootstrap_Pages/VT_Bootstrap/Receipt/button_Print' is present

2022-03-31 23:11:55 - [TEST_STEP][PASSED] - verifyTextPresent("Remittance ID", true): Text 'Remittance ID' is present on page  using regular expression

2022-03-31 23:11:55 - [MESSAGE][PASSED] - Text 'Remittance ID' is present on page  using regular expression

2022-03-31 23:11:55 - [TEST_STEP][PASSED] - verifyTextPresent("Received", true): Text 'Received' is present on page  using regular expression

2022-03-31 23:11:55 - [MESSAGE][PASSED] - Text 'Received' is present on page  using regular expression

2022-03-31 23:11:55 - [TEST_STEP][PASSED] - verifyTextPresent("UDF1", true): Text 'UDF1' is present on page  using regular expression

2022-03-31 23:11:56 - [MESSAGE][PASSED] - Text 'UDF1' is present on page  using regular expression

2022-03-31 23:11:56 - [TEST_STEP][PASSED] - verifyTextPresent("UDF2", true): Text 'UDF2' is present on page  using regular expression

2022-03-31 23:11:56 - [MESSAGE][PASSED] - Text 'UDF2' is present on page  using regular expression

2022-03-31 23:11:56 - [TEST_STEP][PASSED] - verifyTextPresent("UDF3", true): Text 'UDF3' is present on page  using regular expression

2022-03-31 23:11:56 - [MESSAGE][PASSED] - Text 'UDF3' is present on page  using regular expression

2022-03-31 23:11:56 - [TEST_STEP][PASSED] - verifyTextPresent("UDF4", true): Text 'UDF4' is present on page  using regular expression

2022-03-31 23:11:57 - [MESSAGE][PASSED] - Text 'UDF4' is present on page  using regular expression

2022-03-31 23:11:57 - [TEST_STEP][PASSED] - verifyTextPresent("UDF5", true): Text 'UDF5' is present on page  using regular expression

2022-03-31 23:11:57 - [MESSAGE][PASSED] - Text 'UDF5' is present on page  using regular expression

2022-03-31 23:11:57 - [TEST_STEP][PASSED] - verifyTextPresent("UDF6", true): Text 'UDF6' is present on page  using regular expression

2022-03-31 23:11:57 - [MESSAGE][PASSED] - Text 'UDF6' is present on page  using regular expression

2022-03-31 23:11:57 - [TEST_STEP][PASSED] - verifyTextPresent("UDF7", true): Text 'UDF7' is present on page  using regular expression

2022-03-31 23:11:58 - [MESSAGE][PASSED] - Text 'UDF7' is present on page  using regular expression

2022-03-31 23:11:58 - [TEST_STEP][PASSED] - verifyTextPresent("UDF8", true): Text 'UDF8' is present on page  using regular expression

2022-03-31 23:11:58 - [MESSAGE][PASSED] - Text 'UDF8' is present on page  using regular expression

2022-03-31 23:11:58 - [TEST_STEP][PASSED] - verifyTextPresent("UDF9", true): Text 'UDF9' is present on page  using regular expression

2022-03-31 23:11:58 - [MESSAGE][PASSED] - Text 'UDF9' is present on page  using regular expression

2022-03-31 23:11:58 - [TEST_STEP][PASSED] - verifyTextPresent("UDF 10", true): Text 'UDF 10' is present on page  using regular expression

2022-03-31 23:11:59 - [MESSAGE][PASSED] - Text 'UDF 10' is present on page  using regular expression

2022-03-31 23:11:59 - [TEST_STEP][PASSED] - verifyTextPresent("Australia", true): Text 'Australia' is present on page  using regular expression

2022-03-31 23:11:59 - [MESSAGE][PASSED] - Text 'Australia' is present on page  using regular expression

2022-03-31 23:11:59 - [TEST_STEP][PASSED] - verifyTextPresent("Denmark", true): Text 'Denmark' is present on page  using regular expression

2022-03-31 23:11:59 - [MESSAGE][PASSED] - Text 'Denmark' is present on page  using regular expression

2022-03-31 23:11:59 - [TEST_STEP][PASSED] - verifyTextPresent("Sweden", true): Text 'Sweden' is present on page  using regular expression

2022-03-31 23:12:00 - [MESSAGE][PASSED] - Text 'Sweden' is present on page  using regular expression

2022-03-31 23:12:00 - [TEST_STEP][PASSED] - verifyTextPresent("Austria", true): Text 'Austria' is present on page  using regular expression

2022-03-31 23:12:00 - [MESSAGE][PASSED] - Text 'Austria' is present on page  using regular expression

2022-03-31 23:12:00 - [TEST_STEP][PASSED] - verifyTextPresent("Orange Recorded", true): Text 'Orange Recorded' is present on page  using regular expression

2022-03-31 23:12:00 - [MESSAGE][PASSED] - Text 'Orange Recorded' is present on page  using regular expression

2022-03-31 23:12:00 - [TEST_STEP][PASSED] - verifyTextPresent("Yellow Recorded", true): Text 'Yellow Recorded' is present on page  using regular expression

2022-03-31 23:12:01 - [MESSAGE][PASSED] - Text 'Yellow Recorded' is present on page  using regular expression

2022-03-31 23:12:01 - [TEST_STEP][PASSED] - verifyTextPresent("Norway", true): Text 'Norway' is present on page  using regular expression

2022-03-31 23:12:01 - [MESSAGE][PASSED] - Text 'Norway' is present on page  using regular expression

2022-03-31 23:12:01 - [TEST_STEP][PASSED] - verifyTextPresent("Netherlands", true): Text 'Netherlands' is present on page  using regular expression

2022-03-31 23:12:01 - [MESSAGE][PASSED] - Text 'Netherlands' is present on page  using regular expression

2022-03-31 23:12:01 - [TEST_STEP][PASSED] - verifyTextPresent("Switzerland", true): Text 'Switzerland' is present on page  using regular expression

2022-03-31 23:12:02 - [MESSAGE][PASSED] - Text 'Switzerland' is present on page  using regular expression

2022-03-31 23:12:02 - [TEST_STEP][PASSED] - verifyTextPresent("France", true): Text 'France' is present on page  using regular expression

2022-03-31 23:12:02 - [MESSAGE][PASSED] - Text 'France' is present on page  using regular expression

2022-03-31 23:12:02 - [TEST_STEP][PASSED] - verifyTextPresent("Amount", true): Text 'Amount' is present on page  using regular expression

2022-03-31 23:12:02 - [MESSAGE][PASSED] - Text 'Amount' is present on page  using regular expression

2022-03-31 23:12:02 - [TEST_STEP][PASSED] - verifyTextPresent("Total Amount", true): Text 'Total Amount' is present on page  using regular expression

2022-03-31 23:12:03 - [MESSAGE][PASSED] - Text 'Total Amount' is present on page  using regular expression

2022-03-31 23:12:03 - [TEST_STEP][PASSED] - verifyTextPresent("Transaction Type", true): Text 'Transaction Type' is present on page  using regular expression

2022-03-31 23:12:03 - [MESSAGE][PASSED] - Text 'Transaction Type' is present on page  using regular expression

2022-03-31 23:12:03 - [TEST_STEP][PASSED] - verifyTextPresent("10.50", true): Text '10.50' is present on page  using regular expression

2022-03-31 23:12:03 - [MESSAGE][PASSED] - Text '10.50' is present on page  using regular expression

2022-03-31 23:12:03 - [TEST_STEP][PASSED] - verifyTextPresent("Authorization and Capture", true): Text 'Authorization and Capture' is present on page  using regular expression

2022-03-31 23:12:04 - [MESSAGE][PASSED] - Text 'Authorization and Capture' is present on page  using regular expression

2022-03-31 23:12:04 - [TEST_STEP][PASSED] - verifyTextPresent("Card Information", true): Text 'Card Information' is present on page  using regular expression

2022-03-31 23:12:04 - [MESSAGE][PASSED] - Text 'Card Information' is present on page  using regular expression

2022-03-31 23:12:04 - [TEST_STEP][PASSED] - cardNameV = findTestData(dataFile).getValue("CardNameV", row): null

2022-03-31 23:12:04 - [TEST_STEP][PASSED] - al1V = findTestData(dataFile).getValue("AL1", row): null

2022-03-31 23:12:04 - [TEST_STEP][PASSED] - al2V = findTestData(dataFile).getValue("AL2", row): null

2022-03-31 23:12:04 - [TEST_STEP][PASSED] - zipV = findTestData(dataFile).getValue("ZIP", row): null

2022-03-31 23:12:04 - [TEST_STEP][PASSED] - cardTypeV = findTestData(dataFile).getValue("CardType", row): null

2022-03-31 23:12:05 - [TEST_STEP][PASSED] - last4V = findTestData(dataFile).getValue("Last4", row): null

2022-03-31 23:12:05 - [TEST_STEP][PASSED] - verifyTextPresent(cardNameV, true): Text 'JANAKI JAMES' is present on page  using regular expression

2022-03-31 23:12:05 - [MESSAGE][PASSED] - Text 'JANAKI JAMES' is present on page  using regular expression

2022-03-31 23:12:05 - [TEST_STEP][PASSED] - verifyTextPresent("Address Line 1", true): Text 'Address Line 1' is present on page  using regular expression

2022-03-31 23:12:05 - [MESSAGE][PASSED] - Text 'Address Line 1' is present on page  using regular expression

2022-03-31 23:12:05 - [TEST_STEP][PASSED] - verifyTextPresent("Address Line 2", true): Text 'Address Line 2' is present on page  using regular expression

2022-03-31 23:12:06 - [MESSAGE][PASSED] - Text 'Address Line 2' is present on page  using regular expression

2022-03-31 23:12:06 - [TEST_STEP][PASSED] - verifyTextPresent("Country", true): Text 'Country' is present on page  using regular expression

2022-03-31 23:12:06 - [MESSAGE][PASSED] - Text 'Country' is present on page  using regular expression

2022-03-31 23:12:06 - [TEST_STEP][PASSED] - verifyTextPresent("City", true): Text 'City' is present on page  using regular expression

2022-03-31 23:12:06 - [MESSAGE][PASSED] - Text 'City' is present on page  using regular expression

2022-03-31 23:12:06 - [TEST_STEP][PASSED] - verifyTextPresent("State", true): Text 'State' is present on page  using regular expression

2022-03-31 23:12:07 - [MESSAGE][PASSED] - Text 'State' is present on page  using regular expression

2022-03-31 23:12:07 - [TEST_STEP][PASSED] - verifyTextPresent("ZIP Code", true): Text 'ZIP Code' is present on page  using regular expression

2022-03-31 23:12:07 - [MESSAGE][PASSED] - Text 'ZIP Code' is present on page  using regular expression

2022-03-31 23:12:07 - [TEST_STEP][PASSED] - verifyTextPresent(al1V, true): Text '550 Swan Lake' is present on page  using regular expression

2022-03-31 23:12:07 - [MESSAGE][PASSED] - Text '550 Swan Lake' is present on page  using regular expression

2022-03-31 23:12:07 - [TEST_STEP][PASSED] - verifyTextPresent(al2V, true): Text 'Suite 500' is present on page  using regular expression

2022-03-31 23:12:08 - [MESSAGE][PASSED] - Text 'Suite 500' is present on page  using regular expression

2022-03-31 23:12:08 - [TEST_STEP][PASSED] - verifyTextPresent("United States", true): Text 'United States' is present on page  using regular expression

2022-03-31 23:12:08 - [MESSAGE][PASSED] - Text 'United States' is present on page  using regular expression

2022-03-31 23:12:08 - [TEST_STEP][PASSED] - verifyTextPresent("ARLINGTON", true): Text 'ARLINGTON' is present on page  using regular expression

2022-03-31 23:12:08 - [MESSAGE][PASSED] - Text 'ARLINGTON' is present on page  using regular expression

2022-03-31 23:12:08 - [TEST_STEP][PASSED] - verifyTextPresent("Virginia", true): Text 'Virginia' is present on page  using regular expression

2022-03-31 23:12:09 - [MESSAGE][PASSED] - Text 'Virginia' is present on page  using regular expression

2022-03-31 23:12:09 - [TEST_STEP][PASSED] - verifyTextPresent(zipV, true): Text '22201' is present on page  using regular expression

2022-03-31 23:12:09 - [MESSAGE][PASSED] - Text '22201' is present on page  using regular expression

2022-03-31 23:12:09 - [TEST_STEP][PASSED] - verifyTextPresent(cardTypeV, true): Text 'American Express' is present on page  using regular expression

2022-03-31 23:12:09 - [MESSAGE][PASSED] - Text 'American Express' is present on page  using regular expression

2022-03-31 23:12:09 - [TEST_STEP][PASSED] - verifyTextPresent(last4V, true): Text '2376' is present on page  using regular expression

2022-03-31 23:12:10 - [MESSAGE][PASSED] - Text '2376' is present on page  using regular expression

2022-03-31 23:12:10 - [TEST_STEP][PASSED] - closeBrowser(): Browser is closed

2022-03-31 23:12:10 - [MESSAGE][PASSED] - Browser is closed

2022-03-31 23:12:10 - [TEST_STEP][PASSED] - ExecuteTC = findTestData(dataFile).getValue("Execute", row): null

2022-03-31 23:12:11 - [TEST_STEP][PASSED] - out.println("Value of Execute is : " + ExecuteTC): null

2022-03-31 23:12:11 - [TEST_STEP][PASSED] - switch (executionProfile): null

2022-03-31 23:12:11 - [TEST_STEP][PASSED] - case "QAProfile":: null

2022-03-31 23:12:11 - [TEST_STEP][PASSED] - appName = findTestData(dataFile).getValue("AppNameQA", row): null

2022-03-31 23:12:11 - [TEST_STEP][PASSED] - appID = findTestData(dataFile).getValue("AppIDQA", row): null

2022-03-31 23:12:11 - [TEST_STEP][PASSED] - break: null

2022-03-31 23:12:11 - [TEST_STEP][PASSED] - hrefAppID = li_1 + appID + li_2: null

2022-03-31 23:12:11 - [TEST_STEP][PASSED] - hrefApp = li_1 + appID + "/": null

2022-03-31 23:12:11 - [TEST_STEP][PASSED] - println("hrefApp : " + hrefApp): null

2022-03-31 23:12:11 - [TEST_STEP][PASSED] - if (ExecuteTC.equalsIgnoreCase("Y")): Browser is closed

2022-03-31 23:12:11 - [TEST_STEP][PASSED] - out.println("Begin Record Number: " + row): null

2022-03-31 23:12:11 - [TEST_STEP][PASSED] - today = new java.util.Date(): null

2022-03-31 23:12:11 - [TEST_STEP][PASSED] - println(today): null

2022-03-31 23:12:11 - [TEST_STEP][PASSED] - datText = today: null

2022-03-31 23:12:11 - [TEST_STEP][PASSED] - adminSuiteBootstrap.loginFunctionality.login_AdminSuite(): adminSuiteBootstrap.loginFunctionality.login_AdminSuite is PASSED

2022-03-31 23:12:11 - [MESSAGE][INFO] - Starting 'Chrome' driver

2022-03-31 23:12:11 - [MESSAGE][INFO] - User set preference: ['acceptInsecureCerts', 'true']

2022-03-31 23:12:11 - [MESSAGE][INFO] - Action delay is set to 0 milliseconds

2022-03-31 23:12:14 - [MESSAGE][PASSED] - Browser is opened with url: 'https://qa.velocitypayment.com/admin/imtiaz'

2022-03-31 23:12:14 - [MESSAGE][PASSED] - Current window maximized

2022-03-31 23:12:14 - [MESSAGE][PASSED] - Object 'Object Repository/Login_Page/Login_Username' is present

2022-03-31 23:12:15 - [MESSAGE][PASSED] - Text 'iahmed' is set on object 'Object Repository/Login_Page/Login_Username'

2022-03-31 23:12:16 - [MESSAGE][PASSED] - Text 'hello2222' is set on object 'Object Repository/Login_Page/Login_Password'

2022-03-31 23:12:18 - [MESSAGE][PASSED] - Object: 'Object Repository/Login_Page/Login_Submit' is clicked on

2022-03-31 23:12:18 - [MESSAGE][PASSED] - adminSuiteBootstrap.loginFunctionality.login_AdminSuite is PASSED

2022-03-31 23:12:18 - [TEST_STEP][PASSED] - click(findTestObject(path_Dashboard + appName)): Object: 'Object Repository/AdminSuiteBootstrap_Pages/Dashboard_Bootstrap/a_Access AutoNoCFtp' is clicked on

2022-03-31 23:12:19 - [MESSAGE][PASSED] - Object: 'Object Repository/AdminSuiteBootstrap_Pages/Dashboard_Bootstrap/a_Access AutoNoCFtp' is clicked on

2022-03-31 23:12:19 - [TEST_STEP][PASSED] - click(findTestObject(path_VT + "button_Authorization  Capture (Sale)")): Object: 'Object Repository/AdminSuiteBootstrap_Pages/VT_Bootstrap/IssueTransactions/button_Authorization  Capture (Sale)' is clicked on

2022-03-31 23:12:20 - [MESSAGE][PASSED] - Object: 'Object Repository/AdminSuiteBootstrap_Pages/VT_Bootstrap/IssueTransactions/button_Authorization  Capture (Sale)' is clicked on

2022-03-31 23:12:20 - [TEST_STEP][PASSED] - saleKeyboardEntryLink = modifyObjectProperty(findTestObject(path_VT + "a_KeyboardEntry_Sale"), "href", "equals", hrefAppID, true): Modify property of object successfully

2022-03-31 23:12:20 - [MESSAGE][PASSED] - Modify property of object successfully

2022-03-31 23:12:20 - [TEST_STEP][PASSED] - click(saleKeyboardEntryLink): Object: 'Object Repository/AdminSuiteBootstrap_Pages/VT_Bootstrap/IssueTransactions/a_KeyboardEntry_Sale' is clicked on

2022-03-31 23:12:20 - [MESSAGE][PASSED] - Object: 'Object Repository/AdminSuiteBootstrap_Pages/VT_Bootstrap/IssueTransactions/a_KeyboardEntry_Sale' is clicked on

2022-03-31 23:12:20 - [TEST_STEP][PASSED] - adminSuiteBootstrap.virtualTerminalSetData.saleKeyboard_DataDriven(row, dataFile): adminSuiteBootstrap.virtualTerminalSetData.saleKeyboard_DataDriven is PASSED

2022-03-31 23:12:23 - [MESSAGE][PASSED] - Text 'Janaki James' is set on object 'Object Repository/AdminSuiteBootstrap_Pages/VT_Bootstrap/SaleKeyboard/input_cardName'

2022-03-31 23:12:24 - [MESSAGE][PASSED] - All options with value 'MOTO' are selected in object 'Object Repository/AdminSuiteBootstrap_Pages/VT_Bootstrap/SaleKeyboard/select_transactionCategory'  using regular expression

2022-03-31 23:12:25 - [MESSAGE][PASSED] - Execute JavaScript 'arguments[0].value ='6011000993026909' ' successfully

2022-03-31 23:12:25 - [MESSAGE][PASSED] - Execute JavaScript 'arguments[0].value ='123' ' successfully

2022-03-31 23:12:26 - [MESSAGE][PASSED] - All options with value '12' are selected in object 'Object Repository/AdminSuiteBootstrap_Pages/VT_Bootstrap/SaleKeyboard/select_MM'  using regular expression

2022-03-31 23:12:28 - [MESSAGE][PASSED] - All options with value '2025' are selected in object 'Object Repository/AdminSuiteBootstrap_Pages/VT_Bootstrap/SaleKeyboard/select_YYYY'  using regular expression

2022-03-31 23:12:28 - [MESSAGE][PASSED] - Text '25987 Hill Top' is set on object 'Object Repository/AdminSuiteBootstrap_Pages/VT_Bootstrap/SaleKeyboard/input__address'

2022-03-31 23:12:29 - [MESSAGE][PASSED] - Text 'Suite 500' is set on object 'Object Repository/AdminSuiteBootstrap_Pages/VT_Bootstrap/SaleKeyboard/input__address2'

2022-03-31 23:12:30 - [MESSAGE][PASSED] - Text '22201' is set on object 'Object Repository/AdminSuiteBootstrap_Pages/VT_Bootstrap/SaleKeyboard/input__zip'

2022-03-31 23:12:30 - [MESSAGE][PASSED] - Text '' is set on object 'Object Repository/AdminSuiteBootstrap_Pages/VT_Bootstrap/SaleKeyboard/input_emailAddress'

2022-03-31 23:12:32 - [MESSAGE][PASSED] - Text '' is set on object 'Object Repository/AdminSuiteBootstrap_Pages/VT_Bootstrap/SaleKeyboard/input_smsNumber'

2022-03-31 23:12:32 - [MESSAGE][PASSED] - Text '10.50' is set on object 'Object Repository/AdminSuiteBootstrap_Pages/VT_Bootstrap/SaleKeyboard/input_amount'

2022-03-31 23:12:33 - [MESSAGE][PASSED] - Text 'Australia' is set on object 'Object Repository/AdminSuiteBootstrap_Pages/VT_Bootstrap/SaleKeyboard/input_userDefined1'

2022-03-31 23:12:34 - [MESSAGE][PASSED] - Text 'Denmark' is set on object 'Object Repository/AdminSuiteBootstrap_Pages/VT_Bootstrap/SaleKeyboard/input_userDefined2'

2022-03-31 23:12:35 - [MESSAGE][PASSED] - Text 'Sweden' is set on object 'Object Repository/AdminSuiteBootstrap_Pages/VT_Bootstrap/SaleKeyboard/input_userDefined3'

2022-03-31 23:12:35 - [MESSAGE][PASSED] - Text 'Austria' is set on object 'Object Repository/AdminSuiteBootstrap_Pages/VT_Bootstrap/SaleKeyboard/input_userDefined4'

2022-03-31 23:12:36 - [MESSAGE][PASSED] - All options with label 'Orange' are selected in object 'Object Repository/AdminSuiteBootstrap_Pages/VT_Bootstrap/SaleKeyboard/select_UDF5_DropDown'  using regular expression

2022-03-31 23:12:37 - [MESSAGE][PASSED] - All options with label 'Yellow' are selected in object 'Object Repository/AdminSuiteBootstrap_Pages/VT_Bootstrap/SaleKeyboard/select_UDF6_DropDown'  using regular expression

2022-03-31 23:12:38 - [MESSAGE][PASSED] - Text 'Norway' is set on object 'Object Repository/AdminSuiteBootstrap_Pages/VT_Bootstrap/SaleKeyboard/input_userDefined7'

2022-03-31 23:12:39 - [MESSAGE][PASSED] - Text 'Netherlands' is set on object 'Object Repository/AdminSuiteBootstrap_Pages/VT_Bootstrap/SaleKeyboard/input_userDefined8'

2022-03-31 23:12:39 - [MESSAGE][PASSED] - Text 'Switzerland' is set on object 'Object Repository/AdminSuiteBootstrap_Pages/VT_Bootstrap/SaleKeyboard/input_userDefined9'

2022-03-31 23:12:40 - [MESSAGE][PASSED] - Text 'France' is set on object 'Object Repository/AdminSuiteBootstrap_Pages/VT_Bootstrap/SaleKeyboard/input_userDefined10'

2022-03-31 23:12:42 - [MESSAGE][PASSED] - Object: 'Object Repository/AdminSuiteBootstrap_Pages/VT_Bootstrap/SaleKeyboard/button_Submit' is clicked on

2022-03-31 23:12:42 - [MESSAGE][PASSED] - adminSuiteBootstrap.virtualTerminalSetData.saleKeyboard_DataDriven is PASSED

2022-03-31 23:12:42 - [TEST_STEP][PASSED] - verifyTextPresent("Transaction Successful", true): Text 'Transaction Successful' is present on page  using regular expression

2022-03-31 23:12:42 - [MESSAGE][PASSED] - Text 'Transaction Successful' is present on page  using regular expression

2022-03-31 23:12:42 - [TEST_STEP][PASSED] - verifyElementVisible(findTestObject("Object Repository/AdminSuiteBootstrap_Pages/VT_Bootstrap/Receipt/button_Continue")): Object 'Object Repository/AdminSuiteBootstrap_Pages/VT_Bootstrap/Receipt/button_Continue' is visible

2022-03-31 23:12:43 - [MESSAGE][PASSED] - Object 'Object Repository/AdminSuiteBootstrap_Pages/VT_Bootstrap/Receipt/button_Continue' is visible

2022-03-31 23:12:43 - [TEST_STEP][PASSED] - verifyElementPresent(findTestObject("Object Repository/AdminSuiteBootstrap_Pages/VT_Bootstrap/Receipt/button_Continue"), 20): Object 'Object Repository/AdminSuiteBootstrap_Pages/VT_Bootstrap/Receipt/button_Continue' is present

2022-03-31 23:12:43 - [MESSAGE][PASSED] - Object 'Object Repository/AdminSuiteBootstrap_Pages/VT_Bootstrap/Receipt/button_Continue' is present

2022-03-31 23:12:43 - [TEST_STEP][PASSED] - verifyElementVisible(findTestObject("Object Repository/AdminSuiteBootstrap_Pages/VT_Bootstrap/Receipt/button_Print")): Object 'Object Repository/AdminSuiteBootstrap_Pages/VT_Bootstrap/Receipt/button_Print' is visible

2022-03-31 23:12:43 - [MESSAGE][PASSED] - Object 'Object Repository/AdminSuiteBootstrap_Pages/VT_Bootstrap/Receipt/button_Print' is visible

2022-03-31 23:12:43 - [TEST_STEP][PASSED] - verifyElementPresent(findTestObject("Object Repository/AdminSuiteBootstrap_Pages/VT_Bootstrap/Receipt/button_Print"), 20): Object 'Object Repository/AdminSuiteBootstrap_Pages/VT_Bootstrap/Receipt/button_Print' is present

2022-03-31 23:12:44 - [MESSAGE][PASSED] - Object 'Object Repository/AdminSuiteBootstrap_Pages/VT_Bootstrap/Receipt/button_Print' is present

2022-03-31 23:12:44 - [TEST_STEP][PASSED] - verifyTextPresent("Remittance ID", true): Text 'Remittance ID' is present on page  using regular expression

2022-03-31 23:12:44 - [MESSAGE][PASSED] - Text 'Remittance ID' is present on page  using regular expression

2022-03-31 23:12:44 - [TEST_STEP][PASSED] - verifyTextPresent("Received", true): Text 'Received' is present on page  using regular expression

2022-03-31 23:12:44 - [MESSAGE][PASSED] - Text 'Received' is present on page  using regular expression

2022-03-31 23:12:44 - [TEST_STEP][PASSED] - verifyTextPresent("UDF1", true): Text 'UDF1' is present on page  using regular expression

2022-03-31 23:12:45 - [MESSAGE][PASSED] - Text 'UDF1' is present on page  using regular expression

2022-03-31 23:12:45 - [TEST_STEP][PASSED] - verifyTextPresent("UDF2", true): Text 'UDF2' is present on page  using regular expression

2022-03-31 23:12:45 - [MESSAGE][PASSED] - Text 'UDF2' is present on page  using regular expression

2022-03-31 23:12:45 - [TEST_STEP][PASSED] - verifyTextPresent("UDF3", true): Text 'UDF3' is present on page  using regular expression

2022-03-31 23:12:45 - [MESSAGE][PASSED] - Text 'UDF3' is present on page  using regular expression

2022-03-31 23:12:45 - [TEST_STEP][PASSED] - verifyTextPresent("UDF4", true): Text 'UDF4' is present on page  using regular expression

2022-03-31 23:12:46 - [MESSAGE][PASSED] - Text 'UDF4' is present on page  using regular expression

2022-03-31 23:12:46 - [TEST_STEP][PASSED] - verifyTextPresent("UDF5", true): Text 'UDF5' is present on page  using regular expression

2022-03-31 23:12:46 - [MESSAGE][PASSED] - Text 'UDF5' is present on page  using regular expression

2022-03-31 23:12:46 - [TEST_STEP][PASSED] - verifyTextPresent("UDF6", true): Text 'UDF6' is present on page  using regular expression

2022-03-31 23:12:46 - [MESSAGE][PASSED] - Text 'UDF6' is present on page  using regular expression

2022-03-31 23:12:46 - [TEST_STEP][PASSED] - verifyTextPresent("UDF7", true): Text 'UDF7' is present on page  using regular expression

2022-03-31 23:12:47 - [MESSAGE][PASSED] - Text 'UDF7' is present on page  using regular expression

2022-03-31 23:12:47 - [TEST_STEP][PASSED] - verifyTextPresent("UDF8", true): Text 'UDF8' is present on page  using regular expression

2022-03-31 23:12:47 - [MESSAGE][PASSED] - Text 'UDF8' is present on page  using regular expression

2022-03-31 23:12:47 - [TEST_STEP][PASSED] - verifyTextPresent("UDF9", true): Text 'UDF9' is present on page  using regular expression

2022-03-31 23:12:47 - [MESSAGE][PASSED] - Text 'UDF9' is present on page  using regular expression

2022-03-31 23:12:47 - [TEST_STEP][PASSED] - verifyTextPresent("UDF 10", true): Text 'UDF 10' is present on page  using regular expression

2022-03-31 23:12:48 - [MESSAGE][PASSED] - Text 'UDF 10' is present on page  using regular expression

2022-03-31 23:12:48 - [TEST_STEP][PASSED] - verifyTextPresent("Australia", true): Text 'Australia' is present on page  using regular expression

2022-03-31 23:12:48 - [MESSAGE][PASSED] - Text 'Australia' is present on page  using regular expression

2022-03-31 23:12:48 - [TEST_STEP][PASSED] - verifyTextPresent("Denmark", true): Text 'Denmark' is present on page  using regular expression

2022-03-31 23:12:48 - [MESSAGE][PASSED] - Text 'Denmark' is present on page  using regular expression

2022-03-31 23:12:48 - [TEST_STEP][PASSED] - verifyTextPresent("Sweden", true): Text 'Sweden' is present on page  using regular expression

2022-03-31 23:12:49 - [MESSAGE][PASSED] - Text 'Sweden' is present on page  using regular expression

2022-03-31 23:12:49 - [TEST_STEP][PASSED] - verifyTextPresent("Austria", true): Text 'Austria' is present on page  using regular expression

2022-03-31 23:12:49 - [MESSAGE][PASSED] - Text 'Austria' is present on page  using regular expression

2022-03-31 23:12:49 - [TEST_STEP][PASSED] - verifyTextPresent("Orange Recorded", true): Text 'Orange Recorded' is present on page  using regular expression

2022-03-31 23:12:49 - [MESSAGE][PASSED] - Text 'Orange Recorded' is present on page  using regular expression

2022-03-31 23:12:49 - [TEST_STEP][PASSED] - verifyTextPresent("Yellow Recorded", true): Text 'Yellow Recorded' is present on page  using regular expression

2022-03-31 23:12:50 - [MESSAGE][PASSED] - Text 'Yellow Recorded' is present on page  using regular expression

2022-03-31 23:12:50 - [TEST_STEP][PASSED] - verifyTextPresent("Norway", true): Text 'Norway' is present on page  using regular expression

2022-03-31 23:12:50 - [MESSAGE][PASSED] - Text 'Norway' is present on page  using regular expression

2022-03-31 23:12:50 - [TEST_STEP][PASSED] - verifyTextPresent("Netherlands", true): Text 'Netherlands' is present on page  using regular expression

2022-03-31 23:12:50 - [MESSAGE][PASSED] - Text 'Netherlands' is present on page  using regular expression

2022-03-31 23:12:50 - [TEST_STEP][PASSED] - verifyTextPresent("Switzerland", true): Text 'Switzerland' is present on page  using regular expression

2022-03-31 23:12:51 - [MESSAGE][PASSED] - Text 'Switzerland' is present on page  using regular expression

2022-03-31 23:12:51 - [TEST_STEP][PASSED] - verifyTextPresent("France", true): Text 'France' is present on page  using regular expression

2022-03-31 23:12:51 - [MESSAGE][PASSED] - Text 'France' is present on page  using regular expression

2022-03-31 23:12:51 - [TEST_STEP][PASSED] - verifyTextPresent("Amount", true): Text 'Amount' is present on page  using regular expression

2022-03-31 23:12:52 - [MESSAGE][PASSED] - Text 'Amount' is present on page  using regular expression

2022-03-31 23:12:52 - [TEST_STEP][PASSED] - verifyTextPresent("Total Amount", true): Text 'Total Amount' is present on page  using regular expression

2022-03-31 23:12:52 - [MESSAGE][PASSED] - Text 'Total Amount' is present on page  using regular expression

2022-03-31 23:12:52 - [TEST_STEP][PASSED] - verifyTextPresent("Transaction Type", true): Text 'Transaction Type' is present on page  using regular expression

2022-03-31 23:12:52 - [MESSAGE][PASSED] - Text 'Transaction Type' is present on page  using regular expression

2022-03-31 23:12:52 - [TEST_STEP][PASSED] - verifyTextPresent("10.50", true): Text '10.50' is present on page  using regular expression

2022-03-31 23:12:53 - [MESSAGE][PASSED] - Text '10.50' is present on page  using regular expression

2022-03-31 23:12:53 - [TEST_STEP][PASSED] - verifyTextPresent("Authorization and Capture", true): Text 'Authorization and Capture' is present on page  using regular expression

2022-03-31 23:12:53 - [MESSAGE][PASSED] - Text 'Authorization and Capture' is present on page  using regular expression

2022-03-31 23:12:53 - [TEST_STEP][PASSED] - verifyTextPresent("Card Information", true): Text 'Card Information' is present on page  using regular expression

2022-03-31 23:12:53 - [MESSAGE][PASSED] - Text 'Card Information' is present on page  using regular expression

2022-03-31 23:12:53 - [TEST_STEP][PASSED] - cardNameV = findTestData(dataFile).getValue("CardNameV", row): null

2022-03-31 23:12:53 - [TEST_STEP][PASSED] - al1V = findTestData(dataFile).getValue("AL1", row): null

2022-03-31 23:12:53 - [TEST_STEP][PASSED] - al2V = findTestData(dataFile).getValue("AL2", row): null

2022-03-31 23:12:54 - [TEST_STEP][PASSED] - zipV = findTestData(dataFile).getValue("ZIP", row): null

2022-03-31 23:12:54 - [TEST_STEP][PASSED] - cardTypeV = findTestData(dataFile).getValue("CardType", row): null

2022-03-31 23:12:54 - [TEST_STEP][PASSED] - last4V = findTestData(dataFile).getValue("Last4", row): null

2022-03-31 23:12:54 - [TEST_STEP][PASSED] - verifyTextPresent(cardNameV, true): Text 'JANAKI JAMES' is present on page  using regular expression

2022-03-31 23:12:54 - [MESSAGE][PASSED] - Text 'JANAKI JAMES' is present on page  using regular expression

2022-03-31 23:12:54 - [TEST_STEP][PASSED] - verifyTextPresent("Address Line 1", true): Text 'Address Line 1' is present on page  using regular expression

2022-03-31 23:12:54 - [MESSAGE][PASSED] - Text 'Address Line 1' is present on page  using regular expression

2022-03-31 23:12:54 - [TEST_STEP][PASSED] - verifyTextPresent("Address Line 2", true): Text 'Address Line 2' is present on page  using regular expression

2022-03-31 23:12:55 - [MESSAGE][PASSED] - Text 'Address Line 2' is present on page  using regular expression

2022-03-31 23:12:55 - [TEST_STEP][PASSED] - verifyTextPresent("Country", true): Text 'Country' is present on page  using regular expression

2022-03-31 23:12:55 - [MESSAGE][PASSED] - Text 'Country' is present on page  using regular expression

2022-03-31 23:12:55 - [TEST_STEP][PASSED] - verifyTextPresent("City", true): Text 'City' is present on page  using regular expression

2022-03-31 23:12:55 - [MESSAGE][PASSED] - Text 'City' is present on page  using regular expression

2022-03-31 23:12:55 - [TEST_STEP][PASSED] - verifyTextPresent("State", true): Text 'State' is present on page  using regular expression

2022-03-31 23:12:56 - [MESSAGE][PASSED] - Text 'State' is present on page  using regular expression

2022-03-31 23:12:56 - [TEST_STEP][PASSED] - verifyTextPresent("ZIP Code", true): Text 'ZIP Code' is present on page  using regular expression

2022-03-31 23:12:56 - [MESSAGE][PASSED] - Text 'ZIP Code' is present on page  using regular expression

2022-03-31 23:12:56 - [TEST_STEP][PASSED] - verifyTextPresent(al1V, true): Text '25987 Hill Top' is present on page  using regular expression

2022-03-31 23:12:56 - [MESSAGE][PASSED] - Text '25987 Hill Top' is present on page  using regular expression

2022-03-31 23:12:56 - [TEST_STEP][PASSED] - verifyTextPresent(al2V, true): Text 'Suite 500' is present on page  using regular expression

2022-03-31 23:12:57 - [MESSAGE][PASSED] - Text 'Suite 500' is present on page  using regular expression

2022-03-31 23:12:57 - [TEST_STEP][PASSED] - verifyTextPresent("United States", true): Text 'United States' is present on page  using regular expression

2022-03-31 23:12:57 - [MESSAGE][PASSED] - Text 'United States' is present on page  using regular expression

2022-03-31 23:12:57 - [TEST_STEP][PASSED] - verifyTextPresent("ARLINGTON", true): Text 'ARLINGTON' is present on page  using regular expression

2022-03-31 23:12:57 - [MESSAGE][PASSED] - Text 'ARLINGTON' is present on page  using regular expression

2022-03-31 23:12:57 - [TEST_STEP][PASSED] - verifyTextPresent("Virginia", true): Text 'Virginia' is present on page  using regular expression

2022-03-31 23:12:58 - [MESSAGE][PASSED] - Text 'Virginia' is present on page  using regular expression

2022-03-31 23:12:58 - [TEST_STEP][PASSED] - verifyTextPresent(zipV, true): Text '22201' is present on page  using regular expression

2022-03-31 23:12:58 - [MESSAGE][PASSED] - Text '22201' is present on page  using regular expression

2022-03-31 23:12:58 - [TEST_STEP][PASSED] - verifyTextPresent(cardTypeV, true): Text 'Discover' is present on page  using regular expression

2022-03-31 23:12:58 - [MESSAGE][PASSED] - Text 'Discover' is present on page  using regular expression

2022-03-31 23:12:58 - [TEST_STEP][PASSED] - verifyTextPresent(last4V, true): Text '6909' is present on page  using regular expression

2022-03-31 23:12:59 - [MESSAGE][PASSED] - Text '6909' is present on page  using regular expression

2022-03-31 23:12:59 - [TEST_STEP][PASSED] - closeBrowser(): Browser is closed

2022-03-31 23:13:00 - [MESSAGE][PASSED] - Browser is closed]]></system-out>
         <system-err><![CDATA[]]></system-err>
      </testcase>
      <testcase name="Test Cases/Admin Suite Bootstrap/VT_TestCases/SaleKeyboard_TP_SingleCF_Generic_Payment_TC" time="414.973" classname="Test Cases/Admin Suite Bootstrap/VT_TestCases/SaleKeyboard_TP_SingleCF_Generic_Payment_TC" status="PASSED">
         <system-out><![CDATA[2022-03-31 23:13:00 - [TEST_CASE][PASSED] - Test Cases/Admin Suite Bootstrap/VT_TestCases/SaleKeyboard_TP_SingleCF_Generic_Payment_TC: Test Cases/Admin Suite Bootstrap/VT_TestCases/SaleKeyboard_TP_SingleCF_Generic_Payment_TC

2022-03-31 23:13:00 - [TEST_STEP][PASSED] - path_Dashboard = "Object Repository/AdminSuiteBootstrap_Pages/Dashboard_Bootstrap/": null

2022-03-31 23:13:00 - [TEST_STEP][PASSED] - path_VT = "Object Repository/AdminSuiteBootstrap_Pages/VT_Bootstrap/IssueTransactions/": null

2022-03-31 23:13:00 - [TEST_STEP][PASSED] - path_SaleKB = "Object Repository/AdminSuiteBootstrap_Pages/VT_Bootstrap/SaleKeyboard/": null

2022-03-31 23:13:00 - [TEST_STEP][PASSED] - path_TestMinus = "Object Repository/Page_TestMinusAndAtSigns/": null

2022-03-31 23:13:00 - [TEST_STEP][PASSED] - li_1 = vpos_Prefix: null

2022-03-31 23:13:00 - [TEST_STEP][PASSED] - li_2 = "/transactions/AuthCapForm/": null

2022-03-31 23:13:00 - [TEST_STEP][PASSED] - executionProfile = getExecutionProfile(): null

2022-03-31 23:13:00 - [TEST_STEP][PASSED] - out.println("executionProfile : " + executionProfile): null

2022-03-31 23:13:00 - [TEST_STEP][PASSED] - appName = <not implemented yet for class: org.codehaus.groovy.ast.expr.EmptyExpression>: null

2022-03-31 23:13:00 - [TEST_STEP][PASSED] - appID = <not implemented yet for class: org.codehaus.groovy.ast.expr.EmptyExpression>: null

2022-03-31 23:13:00 - [TEST_STEP][PASSED] - cardNameV = <not implemented yet for class: org.codehaus.groovy.ast.expr.EmptyExpression>: null

2022-03-31 23:13:00 - [TEST_STEP][PASSED] - al1V = <not implemented yet for class: org.codehaus.groovy.ast.expr.EmptyExpression>: null

2022-03-31 23:13:00 - [TEST_STEP][PASSED] - al2V = <not implemented yet for class: org.codehaus.groovy.ast.expr.EmptyExpression>: null

2022-03-31 23:13:00 - [TEST_STEP][PASSED] - zipV = <not implemented yet for class: org.codehaus.groovy.ast.expr.EmptyExpression>: null

2022-03-31 23:13:00 - [TEST_STEP][PASSED] - cardTypeV = <not implemented yet for class: org.codehaus.groovy.ast.expr.EmptyExpression>: null

2022-03-31 23:13:00 - [TEST_STEP][PASSED] - last4V = <not implemented yet for class: org.codehaus.groovy.ast.expr.EmptyExpression>: null

2022-03-31 23:13:00 - [TEST_STEP][PASSED] - resText = "Fail": null

2022-03-31 23:13:00 - [TEST_STEP][PASSED] - resColumn = "Result": null

2022-03-31 23:13:00 - [TEST_STEP][PASSED] - datCloumn = "Date": null

2022-03-31 23:13:00 - [TEST_STEP][PASSED] - fileLoc = "C:\KatalonData\Bootstrap\VT-Data.xlsx": null

2022-03-31 23:13:00 - [TEST_STEP][PASSED] - numOfRows = <not implemented yet for class: org.codehaus.groovy.ast.expr.EmptyExpression>: null

2022-03-31 23:13:00 - [TEST_STEP][PASSED] - dataFile = <not implemented yet for class: org.codehaus.groovy.ast.expr.EmptyExpression>: null

2022-03-31 23:13:00 - [TEST_STEP][PASSED] - nameSheet = <not implemented yet for class: org.codehaus.groovy.ast.expr.EmptyExpression>: null

2022-03-31 23:13:00 - [TEST_STEP][PASSED] - nameSheet = "VT-Sale-SingleCF-Generic": null

2022-03-31 23:13:00 - [TEST_STEP][PASSED] - numOfRows = findTestData("QA/Bootstrap/VT-TestData/VT-SaleData-SingleCF-Generic").getRowNumbers(): null

2022-03-31 23:13:00 - [TEST_STEP][PASSED] - println("Number of Records: " + numOfRows): null

2022-03-31 23:13:00 - [TEST_STEP][PASSED] - dataFile = "QA/Bootstrap/VT-TestData/VT-SaleData-SingleCF-Generic": null

2022-03-31 23:13:00 - [TEST_STEP][PASSED] - for ([row = 1, row <= numOfRows, (row++)]): Browser is closed

2022-03-31 23:13:00 - [TEST_STEP][PASSED] - ExecuteTC = findTestData(dataFile).getValue("Execute", row): null

2022-03-31 23:13:00 - [TEST_STEP][PASSED] - out.println("Value of Execute is : " + ExecuteTC): null

2022-03-31 23:13:00 - [TEST_STEP][PASSED] - switch (executionProfile): null

2022-03-31 23:13:00 - [TEST_STEP][PASSED] - case "QAProfile":: null

2022-03-31 23:13:00 - [TEST_STEP][PASSED] - appName = findTestData(dataFile).getValue("AppNameQA", row): null

2022-03-31 23:13:00 - [TEST_STEP][PASSED] - appID = findTestData(dataFile).getValue("AppIDQA", row): null

2022-03-31 23:13:01 - [TEST_STEP][PASSED] - break: null

2022-03-31 23:13:01 - [TEST_STEP][PASSED] - hrefAppID = li_1 + appID + li_2: null

2022-03-31 23:13:01 - [TEST_STEP][PASSED] - hrefApp = li_1 + appID + "/": null

2022-03-31 23:13:01 - [TEST_STEP][PASSED] - println("hrefApp : " + hrefApp): null

2022-03-31 23:13:01 - [TEST_STEP][PASSED] - if (ExecuteTC.equalsIgnoreCase("Y")): Browser is closed

2022-03-31 23:13:01 - [TEST_STEP][PASSED] - out.println("Begin Record Number: " + row): null

2022-03-31 23:13:01 - [TEST_STEP][PASSED] - today = new java.util.Date(): null

2022-03-31 23:13:01 - [TEST_STEP][PASSED] - println(today): null

2022-03-31 23:13:01 - [TEST_STEP][PASSED] - datText = today: null

2022-03-31 23:13:01 - [TEST_STEP][PASSED] - adminSuiteBootstrap.loginFunctionality.login_AdminSuite(): adminSuiteBootstrap.loginFunctionality.login_AdminSuite is PASSED

2022-03-31 23:13:01 - [MESSAGE][INFO] - Starting 'Chrome' driver

2022-03-31 23:13:01 - [MESSAGE][INFO] - User set preference: ['acceptInsecureCerts', 'true']

2022-03-31 23:13:01 - [MESSAGE][INFO] - Action delay is set to 0 milliseconds

2022-03-31 23:13:03 - [MESSAGE][PASSED] - Browser is opened with url: 'https://qa.velocitypayment.com/admin/imtiaz'

2022-03-31 23:13:03 - [MESSAGE][PASSED] - Current window maximized

2022-03-31 23:13:03 - [MESSAGE][PASSED] - Object 'Object Repository/Login_Page/Login_Username' is present

2022-03-31 23:13:04 - [MESSAGE][PASSED] - Text 'iahmed' is set on object 'Object Repository/Login_Page/Login_Username'

2022-03-31 23:13:05 - [MESSAGE][PASSED] - Text 'hello2222' is set on object 'Object Repository/Login_Page/Login_Password'

2022-03-31 23:13:08 - [MESSAGE][PASSED] - Object: 'Object Repository/Login_Page/Login_Submit' is clicked on

2022-03-31 23:13:08 - [MESSAGE][PASSED] - adminSuiteBootstrap.loginFunctionality.login_AdminSuite is PASSED

2022-03-31 23:13:08 - [TEST_STEP][PASSED] - click(findTestObject(path_Dashboard + appName)): Object: 'Object Repository/AdminSuiteBootstrap_Pages/Dashboard_Bootstrap/a_Access AutoSingleCFtpQA' is clicked on

2022-03-31 23:13:09 - [MESSAGE][PASSED] - Object: 'Object Repository/AdminSuiteBootstrap_Pages/Dashboard_Bootstrap/a_Access AutoSingleCFtpQA' is clicked on

2022-03-31 23:13:09 - [TEST_STEP][PASSED] - click(findTestObject(path_VT + "button_Authorization  Capture (Sale)")): Object: 'Object Repository/AdminSuiteBootstrap_Pages/VT_Bootstrap/IssueTransactions/button_Authorization  Capture (Sale)' is clicked on

2022-03-31 23:13:09 - [MESSAGE][PASSED] - Object: 'Object Repository/AdminSuiteBootstrap_Pages/VT_Bootstrap/IssueTransactions/button_Authorization  Capture (Sale)' is clicked on

2022-03-31 23:13:09 - [TEST_STEP][PASSED] - saleKeyboardEntryLink = modifyObjectProperty(findTestObject(path_VT + "a_KeyboardEntry_Sale"), "href", "equals", hrefAppID, true): Modify property of object successfully

2022-03-31 23:13:09 - [MESSAGE][PASSED] - Modify property of object successfully

2022-03-31 23:13:09 - [TEST_STEP][PASSED] - click(saleKeyboardEntryLink): Object: 'Object Repository/AdminSuiteBootstrap_Pages/VT_Bootstrap/IssueTransactions/a_KeyboardEntry_Sale' is clicked on

2022-03-31 23:13:10 - [MESSAGE][PASSED] - Object: 'Object Repository/AdminSuiteBootstrap_Pages/VT_Bootstrap/IssueTransactions/a_KeyboardEntry_Sale' is clicked on

2022-03-31 23:13:10 - [TEST_STEP][PASSED] - adminSuiteBootstrap.virtualTerminalSetData.saleKeyboard_DataDriven(row, dataFile): adminSuiteBootstrap.virtualTerminalSetData.saleKeyboard_DataDriven is PASSED

2022-03-31 23:13:13 - [MESSAGE][PASSED] - Text 'Tulsi Raman' is set on object 'Object Repository/AdminSuiteBootstrap_Pages/VT_Bootstrap/SaleKeyboard/input_cardName'

2022-03-31 23:13:14 - [MESSAGE][PASSED] - All options with value 'RETL' are selected in object 'Object Repository/AdminSuiteBootstrap_Pages/VT_Bootstrap/SaleKeyboard/select_transactionCategory'  using regular expression

2022-03-31 23:13:15 - [MESSAGE][PASSED] - Execute JavaScript 'arguments[0].value ='4012000098765439' ' successfully

2022-03-31 23:13:15 - [MESSAGE][PASSED] - Execute JavaScript 'arguments[0].value ='123' ' successfully

2022-03-31 23:13:16 - [MESSAGE][PASSED] - All options with value '12' are selected in object 'Object Repository/AdminSuiteBootstrap_Pages/VT_Bootstrap/SaleKeyboard/select_MM'  using regular expression

2022-03-31 23:13:17 - [MESSAGE][PASSED] - All options with value '2025' are selected in object 'Object Repository/AdminSuiteBootstrap_Pages/VT_Bootstrap/SaleKeyboard/select_YYYY'  using regular expression

2022-03-31 23:13:18 - [MESSAGE][PASSED] - Text '36 Cornor Road' is set on object 'Object Repository/AdminSuiteBootstrap_Pages/VT_Bootstrap/SaleKeyboard/input__address'

2022-03-31 23:13:19 - [MESSAGE][PASSED] - Text 'Suite 500' is set on object 'Object Repository/AdminSuiteBootstrap_Pages/VT_Bootstrap/SaleKeyboard/input__address2'

2022-03-31 23:13:20 - [MESSAGE][PASSED] - Text '22201' is set on object 'Object Repository/AdminSuiteBootstrap_Pages/VT_Bootstrap/SaleKeyboard/input__zip'

2022-03-31 23:13:20 - [MESSAGE][PASSED] - Text '' is set on object 'Object Repository/AdminSuiteBootstrap_Pages/VT_Bootstrap/SaleKeyboard/input_emailAddress'

2022-03-31 23:13:22 - [MESSAGE][PASSED] - Text '' is set on object 'Object Repository/AdminSuiteBootstrap_Pages/VT_Bootstrap/SaleKeyboard/input_smsNumber'

2022-03-31 23:13:22 - [MESSAGE][PASSED] - Text '10.50' is set on object 'Object Repository/AdminSuiteBootstrap_Pages/VT_Bootstrap/SaleKeyboard/input_amount'

2022-03-31 23:13:23 - [MESSAGE][PASSED] - Text 'Australia' is set on object 'Object Repository/AdminSuiteBootstrap_Pages/VT_Bootstrap/SaleKeyboard/input_userDefined1'

2022-03-31 23:13:24 - [MESSAGE][PASSED] - Text 'Denmark' is set on object 'Object Repository/AdminSuiteBootstrap_Pages/VT_Bootstrap/SaleKeyboard/input_userDefined2'

2022-03-31 23:13:25 - [MESSAGE][PASSED] - Text 'Sweden' is set on object 'Object Repository/AdminSuiteBootstrap_Pages/VT_Bootstrap/SaleKeyboard/input_userDefined3'

2022-03-31 23:13:26 - [MESSAGE][PASSED] - Text 'Austria' is set on object 'Object Repository/AdminSuiteBootstrap_Pages/VT_Bootstrap/SaleKeyboard/input_userDefined4'

2022-03-31 23:13:27 - [MESSAGE][PASSED] - All options with label 'Orange' are selected in object 'Object Repository/AdminSuiteBootstrap_Pages/VT_Bootstrap/SaleKeyboard/select_UDF5_DropDown'  using regular expression

2022-03-31 23:13:28 - [MESSAGE][PASSED] - All options with label 'Yellow' are selected in object 'Object Repository/AdminSuiteBootstrap_Pages/VT_Bootstrap/SaleKeyboard/select_UDF6_DropDown'  using regular expression

2022-03-31 23:13:28 - [MESSAGE][PASSED] - Text 'Norway' is set on object 'Object Repository/AdminSuiteBootstrap_Pages/VT_Bootstrap/SaleKeyboard/input_userDefined7'

2022-03-31 23:13:29 - [MESSAGE][PASSED] - Text 'Netherlands' is set on object 'Object Repository/AdminSuiteBootstrap_Pages/VT_Bootstrap/SaleKeyboard/input_userDefined8'

2022-03-31 23:13:30 - [MESSAGE][PASSED] - Text 'Switzerland' is set on object 'Object Repository/AdminSuiteBootstrap_Pages/VT_Bootstrap/SaleKeyboard/input_userDefined9'

2022-03-31 23:13:31 - [MESSAGE][PASSED] - Text 'France' is set on object 'Object Repository/AdminSuiteBootstrap_Pages/VT_Bootstrap/SaleKeyboard/input_userDefined10'

2022-03-31 23:13:32 - [MESSAGE][PASSED] - Object: 'Object Repository/AdminSuiteBootstrap_Pages/VT_Bootstrap/SaleKeyboard/button_Submit' is clicked on

2022-03-31 23:13:32 - [MESSAGE][PASSED] - adminSuiteBootstrap.virtualTerminalSetData.saleKeyboard_DataDriven is PASSED

2022-03-31 23:13:32 - [TEST_STEP][PASSED] - verifyTextPresent("Transaction Successful", true): Text 'Transaction Successful' is present on page  using regular expression

2022-03-31 23:13:33 - [MESSAGE][PASSED] - Text 'Transaction Successful' is present on page  using regular expression

2022-03-31 23:13:33 - [TEST_STEP][PASSED] - verifyElementVisible(findTestObject("Object Repository/AdminSuiteBootstrap_Pages/VT_Bootstrap/Receipt/button_Continue")): Object 'Object Repository/AdminSuiteBootstrap_Pages/VT_Bootstrap/Receipt/button_Continue' is visible

2022-03-31 23:13:33 - [MESSAGE][PASSED] - Object 'Object Repository/AdminSuiteBootstrap_Pages/VT_Bootstrap/Receipt/button_Continue' is visible

2022-03-31 23:13:33 - [TEST_STEP][PASSED] - verifyElementPresent(findTestObject("Object Repository/AdminSuiteBootstrap_Pages/VT_Bootstrap/Receipt/button_Continue"), 20): Object 'Object Repository/AdminSuiteBootstrap_Pages/VT_Bootstrap/Receipt/button_Continue' is present

2022-03-31 23:13:33 - [MESSAGE][PASSED] - Object 'Object Repository/AdminSuiteBootstrap_Pages/VT_Bootstrap/Receipt/button_Continue' is present

2022-03-31 23:13:33 - [TEST_STEP][PASSED] - verifyElementVisible(findTestObject("Object Repository/AdminSuiteBootstrap_Pages/VT_Bootstrap/Receipt/button_Print")): Object 'Object Repository/AdminSuiteBootstrap_Pages/VT_Bootstrap/Receipt/button_Print' is visible

2022-03-31 23:13:34 - [MESSAGE][PASSED] - Object 'Object Repository/AdminSuiteBootstrap_Pages/VT_Bootstrap/Receipt/button_Print' is visible

2022-03-31 23:13:34 - [TEST_STEP][PASSED] - verifyElementPresent(findTestObject("Object Repository/AdminSuiteBootstrap_Pages/VT_Bootstrap/Receipt/button_Print"), 20): Object 'Object Repository/AdminSuiteBootstrap_Pages/VT_Bootstrap/Receipt/button_Print' is present

2022-03-31 23:13:34 - [MESSAGE][PASSED] - Object 'Object Repository/AdminSuiteBootstrap_Pages/VT_Bootstrap/Receipt/button_Print' is present

2022-03-31 23:13:34 - [TEST_STEP][PASSED] - verifyTextPresent("Remittance ID", true): Text 'Remittance ID' is present on page  using regular expression

2022-03-31 23:13:34 - [MESSAGE][PASSED] - Text 'Remittance ID' is present on page  using regular expression

2022-03-31 23:13:34 - [TEST_STEP][PASSED] - verifyTextPresent("Received", true): Text 'Received' is present on page  using regular expression

2022-03-31 23:13:35 - [MESSAGE][PASSED] - Text 'Received' is present on page  using regular expression

2022-03-31 23:13:35 - [TEST_STEP][PASSED] - verifyTextPresent("UDF1", true): Text 'UDF1' is present on page  using regular expression

2022-03-31 23:13:35 - [MESSAGE][PASSED] - Text 'UDF1' is present on page  using regular expression

2022-03-31 23:13:35 - [TEST_STEP][PASSED] - verifyTextPresent("UDF2", true): Text 'UDF2' is present on page  using regular expression

2022-03-31 23:13:35 - [MESSAGE][PASSED] - Text 'UDF2' is present on page  using regular expression

2022-03-31 23:13:35 - [TEST_STEP][PASSED] - verifyTextPresent("UDF3", true): Text 'UDF3' is present on page  using regular expression

2022-03-31 23:13:36 - [MESSAGE][PASSED] - Text 'UDF3' is present on page  using regular expression

2022-03-31 23:13:36 - [TEST_STEP][PASSED] - verifyTextPresent("UDF4", true): Text 'UDF4' is present on page  using regular expression

2022-03-31 23:13:36 - [MESSAGE][PASSED] - Text 'UDF4' is present on page  using regular expression

2022-03-31 23:13:36 - [TEST_STEP][PASSED] - verifyTextPresent("UDF5", true): Text 'UDF5' is present on page  using regular expression

2022-03-31 23:13:36 - [MESSAGE][PASSED] - Text 'UDF5' is present on page  using regular expression

2022-03-31 23:13:36 - [TEST_STEP][PASSED] - verifyTextPresent("UDF6", true): Text 'UDF6' is present on page  using regular expression

2022-03-31 23:13:37 - [MESSAGE][PASSED] - Text 'UDF6' is present on page  using regular expression

2022-03-31 23:13:37 - [TEST_STEP][PASSED] - verifyTextPresent("UDF7", true): Text 'UDF7' is present on page  using regular expression

2022-03-31 23:13:37 - [MESSAGE][PASSED] - Text 'UDF7' is present on page  using regular expression

2022-03-31 23:13:37 - [TEST_STEP][PASSED] - verifyTextPresent("UDF8", true): Text 'UDF8' is present on page  using regular expression

2022-03-31 23:13:37 - [MESSAGE][PASSED] - Text 'UDF8' is present on page  using regular expression

2022-03-31 23:13:37 - [TEST_STEP][PASSED] - verifyTextPresent("UDF9", true): Text 'UDF9' is present on page  using regular expression

2022-03-31 23:13:38 - [MESSAGE][PASSED] - Text 'UDF9' is present on page  using regular expression

2022-03-31 23:13:38 - [TEST_STEP][PASSED] - verifyTextPresent("UDF 10", true): Text 'UDF 10' is present on page  using regular expression

2022-03-31 23:13:38 - [MESSAGE][PASSED] - Text 'UDF 10' is present on page  using regular expression

2022-03-31 23:13:38 - [TEST_STEP][PASSED] - verifyTextPresent("Australia", true): Text 'Australia' is present on page  using regular expression

2022-03-31 23:13:38 - [MESSAGE][PASSED] - Text 'Australia' is present on page  using regular expression

2022-03-31 23:13:38 - [TEST_STEP][PASSED] - verifyTextPresent("Denmark", true): Text 'Denmark' is present on page  using regular expression

2022-03-31 23:13:39 - [MESSAGE][PASSED] - Text 'Denmark' is present on page  using regular expression

2022-03-31 23:13:39 - [TEST_STEP][PASSED] - verifyTextPresent("Sweden", true): Text 'Sweden' is present on page  using regular expression

2022-03-31 23:13:39 - [MESSAGE][PASSED] - Text 'Sweden' is present on page  using regular expression

2022-03-31 23:13:39 - [TEST_STEP][PASSED] - verifyTextPresent("Austria", true): Text 'Austria' is present on page  using regular expression

2022-03-31 23:13:39 - [MESSAGE][PASSED] - Text 'Austria' is present on page  using regular expression

2022-03-31 23:13:39 - [TEST_STEP][PASSED] - verifyTextPresent("Orange Recorded", true): Text 'Orange Recorded' is present on page  using regular expression

2022-03-31 23:13:40 - [MESSAGE][PASSED] - Text 'Orange Recorded' is present on page  using regular expression

2022-03-31 23:13:40 - [TEST_STEP][PASSED] - verifyTextPresent("Yellow Recorded", true): Text 'Yellow Recorded' is present on page  using regular expression

2022-03-31 23:13:40 - [MESSAGE][PASSED] - Text 'Yellow Recorded' is present on page  using regular expression

2022-03-31 23:13:40 - [TEST_STEP][PASSED] - verifyTextPresent("Norway", true): Text 'Norway' is present on page  using regular expression

2022-03-31 23:13:40 - [MESSAGE][PASSED] - Text 'Norway' is present on page  using regular expression

2022-03-31 23:13:40 - [TEST_STEP][PASSED] - verifyTextPresent("Netherlands", true): Text 'Netherlands' is present on page  using regular expression

2022-03-31 23:13:41 - [MESSAGE][PASSED] - Text 'Netherlands' is present on page  using regular expression

2022-03-31 23:13:41 - [TEST_STEP][PASSED] - verifyTextPresent("Switzerland", true): Text 'Switzerland' is present on page  using regular expression

2022-03-31 23:13:41 - [MESSAGE][PASSED] - Text 'Switzerland' is present on page  using regular expression

2022-03-31 23:13:41 - [TEST_STEP][PASSED] - verifyTextPresent("France", true): Text 'France' is present on page  using regular expression

2022-03-31 23:13:41 - [MESSAGE][PASSED] - Text 'France' is present on page  using regular expression

2022-03-31 23:13:41 - [TEST_STEP][PASSED] - verifyTextPresent("Card Information", true): Text 'Card Information' is present on page  using regular expression

2022-03-31 23:13:42 - [MESSAGE][PASSED] - Text 'Card Information' is present on page  using regular expression

2022-03-31 23:13:42 - [TEST_STEP][PASSED] - verifyTextPresent("Amount", true): Text 'Amount' is present on page  using regular expression

2022-03-31 23:13:42 - [MESSAGE][PASSED] - Text 'Amount' is present on page  using regular expression

2022-03-31 23:13:42 - [TEST_STEP][PASSED] - verifyTextPresent("Service Fee", true): Text 'Service Fee' is present on page  using regular expression

2022-03-31 23:13:42 - [MESSAGE][PASSED] - Text 'Service Fee' is present on page  using regular expression

2022-03-31 23:13:42 - [TEST_STEP][PASSED] - verifyTextPresent("Service Fee Type", true): Text 'Service Fee Type' is present on page  using regular expression

2022-03-31 23:13:43 - [MESSAGE][PASSED] - Text 'Service Fee Type' is present on page  using regular expression

2022-03-31 23:13:43 - [TEST_STEP][PASSED] - verifyTextPresent("Total Amount", true): Text 'Total Amount' is present on page  using regular expression

2022-03-31 23:13:43 - [MESSAGE][PASSED] - Text 'Total Amount' is present on page  using regular expression

2022-03-31 23:13:43 - [TEST_STEP][PASSED] - verifyTextPresent("Transaction Type", true): Text 'Transaction Type' is present on page  using regular expression

2022-03-31 23:13:43 - [MESSAGE][PASSED] - Text 'Transaction Type' is present on page  using regular expression

2022-03-31 23:13:43 - [TEST_STEP][PASSED] - verifyTextPresent("10.50", true): Text '10.50' is present on page  using regular expression

2022-03-31 23:13:44 - [MESSAGE][PASSED] - Text '10.50' is present on page  using regular expression

2022-03-31 23:13:44 - [TEST_STEP][PASSED] - verifyTextPresent("5.00", true): Text '5.00' is present on page  using regular expression

2022-03-31 23:13:44 - [MESSAGE][PASSED] - Text '5.00' is present on page  using regular expression

2022-03-31 23:13:44 - [TEST_STEP][PASSED] - verifyTextPresent("Single Transaction", true): Text 'Single Transaction' is present on page  using regular expression

2022-03-31 23:13:45 - [MESSAGE][PASSED] - Text 'Single Transaction' is present on page  using regular expression

2022-03-31 23:13:45 - [TEST_STEP][PASSED] - verifyTextPresent("15.50", true): Text '15.50' is present on page  using regular expression

2022-03-31 23:13:45 - [MESSAGE][PASSED] - Text '15.50' is present on page  using regular expression

2022-03-31 23:13:45 - [TEST_STEP][PASSED] - verifyTextPresent("Authorization and Capture", true): Text 'Authorization and Capture' is present on page  using regular expression

2022-03-31 23:13:45 - [MESSAGE][PASSED] - Text 'Authorization and Capture' is present on page  using regular expression

2022-03-31 23:13:45 - [TEST_STEP][PASSED] - cardNameV = findTestData(dataFile).getValue("CardNameV", row): null

2022-03-31 23:13:45 - [TEST_STEP][PASSED] - al1V = findTestData(dataFile).getValue("AL1", row): null

2022-03-31 23:13:45 - [TEST_STEP][PASSED] - al2V = findTestData(dataFile).getValue("AL2", row): null

2022-03-31 23:13:45 - [TEST_STEP][PASSED] - zipV = findTestData(dataFile).getValue("ZIP", row): null

2022-03-31 23:13:46 - [TEST_STEP][PASSED] - cardTypeV = findTestData(dataFile).getValue("CardType", row): null

2022-03-31 23:13:46 - [TEST_STEP][PASSED] - last4V = findTestData(dataFile).getValue("Last4", row): null

2022-03-31 23:13:46 - [TEST_STEP][PASSED] - verifyTextPresent(cardNameV, true): Text 'TULSI RAMAN' is present on page  using regular expression

2022-03-31 23:13:46 - [MESSAGE][PASSED] - Text 'TULSI RAMAN' is present on page  using regular expression

2022-03-31 23:13:46 - [TEST_STEP][PASSED] - verifyTextPresent("Address Line 1", true): Text 'Address Line 1' is present on page  using regular expression

2022-03-31 23:13:46 - [MESSAGE][PASSED] - Text 'Address Line 1' is present on page  using regular expression

2022-03-31 23:13:46 - [TEST_STEP][PASSED] - verifyTextPresent("Address Line 2", true): Text 'Address Line 2' is present on page  using regular expression

2022-03-31 23:13:47 - [MESSAGE][PASSED] - Text 'Address Line 2' is present on page  using regular expression

2022-03-31 23:13:47 - [TEST_STEP][PASSED] - verifyTextPresent("Country", true): Text 'Country' is present on page  using regular expression

2022-03-31 23:13:47 - [MESSAGE][PASSED] - Text 'Country' is present on page  using regular expression

2022-03-31 23:13:47 - [TEST_STEP][PASSED] - verifyTextPresent("City", true): Text 'City' is present on page  using regular expression

2022-03-31 23:13:48 - [MESSAGE][PASSED] - Text 'City' is present on page  using regular expression

2022-03-31 23:13:48 - [TEST_STEP][PASSED] - verifyTextPresent("State", true): Text 'State' is present on page  using regular expression

2022-03-31 23:13:48 - [MESSAGE][PASSED] - Text 'State' is present on page  using regular expression

2022-03-31 23:13:48 - [TEST_STEP][PASSED] - verifyTextPresent("ZIP Code", true): Text 'ZIP Code' is present on page  using regular expression

2022-03-31 23:13:48 - [MESSAGE][PASSED] - Text 'ZIP Code' is present on page  using regular expression

2022-03-31 23:13:48 - [TEST_STEP][PASSED] - verifyTextPresent(al1V, true): Text '36 Cornor Road' is present on page  using regular expression

2022-03-31 23:13:49 - [MESSAGE][PASSED] - Text '36 Cornor Road' is present on page  using regular expression

2022-03-31 23:13:49 - [TEST_STEP][PASSED] - verifyTextPresent(al2V, true): Text 'Suite 500' is present on page  using regular expression

2022-03-31 23:13:49 - [MESSAGE][PASSED] - Text 'Suite 500' is present on page  using regular expression

2022-03-31 23:13:49 - [TEST_STEP][PASSED] - verifyTextPresent("United States", true): Text 'United States' is present on page  using regular expression

2022-03-31 23:13:49 - [MESSAGE][PASSED] - Text 'United States' is present on page  using regular expression

2022-03-31 23:13:49 - [TEST_STEP][PASSED] - verifyTextPresent("ARLINGTON", true): Text 'ARLINGTON' is present on page  using regular expression

2022-03-31 23:13:50 - [MESSAGE][PASSED] - Text 'ARLINGTON' is present on page  using regular expression

2022-03-31 23:13:50 - [TEST_STEP][PASSED] - verifyTextPresent("Virginia", true): Text 'Virginia' is present on page  using regular expression

2022-03-31 23:13:50 - [MESSAGE][PASSED] - Text 'Virginia' is present on page  using regular expression

2022-03-31 23:13:50 - [TEST_STEP][PASSED] - verifyTextPresent(zipV, true): Text '22201' is present on page  using regular expression

2022-03-31 23:13:50 - [MESSAGE][PASSED] - Text '22201' is present on page  using regular expression

2022-03-31 23:13:50 - [TEST_STEP][PASSED] - verifyTextPresent(cardTypeV, true): Text 'Visa' is present on page  using regular expression

2022-03-31 23:13:51 - [MESSAGE][PASSED] - Text 'Visa' is present on page  using regular expression

2022-03-31 23:13:51 - [TEST_STEP][PASSED] - verifyTextPresent(last4V, true): Text '5439' is present on page  using regular expression

2022-03-31 23:13:51 - [MESSAGE][PASSED] - Text '5439' is present on page  using regular expression

2022-03-31 23:13:51 - [TEST_STEP][PASSED] - closeBrowser(): Browser is closed

2022-03-31 23:13:52 - [MESSAGE][PASSED] - Browser is closed

2022-03-31 23:13:52 - [TEST_STEP][PASSED] - ExecuteTC = findTestData(dataFile).getValue("Execute", row): null

2022-03-31 23:13:52 - [TEST_STEP][PASSED] - out.println("Value of Execute is : " + ExecuteTC): null

2022-03-31 23:13:52 - [TEST_STEP][PASSED] - switch (executionProfile): null

2022-03-31 23:13:52 - [TEST_STEP][PASSED] - case "QAProfile":: null

2022-03-31 23:13:52 - [TEST_STEP][PASSED] - appName = findTestData(dataFile).getValue("AppNameQA", row): null

2022-03-31 23:13:52 - [TEST_STEP][PASSED] - appID = findTestData(dataFile).getValue("AppIDQA", row): null

2022-03-31 23:13:52 - [TEST_STEP][PASSED] - break: null

2022-03-31 23:13:52 - [TEST_STEP][PASSED] - hrefAppID = li_1 + appID + li_2: null

2022-03-31 23:13:52 - [TEST_STEP][PASSED] - hrefApp = li_1 + appID + "/": null

2022-03-31 23:13:52 - [TEST_STEP][PASSED] - println("hrefApp : " + hrefApp): null

2022-03-31 23:13:52 - [TEST_STEP][PASSED] - if (ExecuteTC.equalsIgnoreCase("Y")): Browser is closed

2022-03-31 23:13:52 - [TEST_STEP][PASSED] - out.println("Begin Record Number: " + row): null

2022-03-31 23:13:52 - [TEST_STEP][PASSED] - today = new java.util.Date(): null

2022-03-31 23:13:52 - [TEST_STEP][PASSED] - println(today): null

2022-03-31 23:13:52 - [TEST_STEP][PASSED] - datText = today: null

2022-03-31 23:13:52 - [TEST_STEP][PASSED] - adminSuiteBootstrap.loginFunctionality.login_AdminSuite(): adminSuiteBootstrap.loginFunctionality.login_AdminSuite is PASSED

2022-03-31 23:13:52 - [MESSAGE][INFO] - Starting 'Chrome' driver

2022-03-31 23:13:52 - [MESSAGE][INFO] - User set preference: ['acceptInsecureCerts', 'true']

2022-03-31 23:13:52 - [MESSAGE][INFO] - Action delay is set to 0 milliseconds

2022-03-31 23:13:55 - [MESSAGE][PASSED] - Browser is opened with url: 'https://qa.velocitypayment.com/admin/imtiaz'

2022-03-31 23:13:55 - [MESSAGE][PASSED] - Current window maximized

2022-03-31 23:13:56 - [MESSAGE][PASSED] - Object 'Object Repository/Login_Page/Login_Username' is present

2022-03-31 23:13:57 - [MESSAGE][PASSED] - Text 'iahmed' is set on object 'Object Repository/Login_Page/Login_Username'

2022-03-31 23:13:57 - [MESSAGE][PASSED] - Text 'hello2222' is set on object 'Object Repository/Login_Page/Login_Password'

2022-03-31 23:14:01 - [MESSAGE][PASSED] - Object: 'Object Repository/Login_Page/Login_Submit' is clicked on

2022-03-31 23:14:01 - [MESSAGE][PASSED] - adminSuiteBootstrap.loginFunctionality.login_AdminSuite is PASSED

2022-03-31 23:14:01 - [TEST_STEP][PASSED] - click(findTestObject(path_Dashboard + appName)): Object: 'Object Repository/AdminSuiteBootstrap_Pages/Dashboard_Bootstrap/a_Access AutoSingleCFtpQA' is clicked on

2022-03-31 23:14:01 - [MESSAGE][PASSED] - Object: 'Object Repository/AdminSuiteBootstrap_Pages/Dashboard_Bootstrap/a_Access AutoSingleCFtpQA' is clicked on

2022-03-31 23:14:01 - [TEST_STEP][PASSED] - click(findTestObject(path_VT + "button_Authorization  Capture (Sale)")): Object: 'Object Repository/AdminSuiteBootstrap_Pages/VT_Bootstrap/IssueTransactions/button_Authorization  Capture (Sale)' is clicked on

2022-03-31 23:14:02 - [MESSAGE][PASSED] - Object: 'Object Repository/AdminSuiteBootstrap_Pages/VT_Bootstrap/IssueTransactions/button_Authorization  Capture (Sale)' is clicked on

2022-03-31 23:14:02 - [TEST_STEP][PASSED] - saleKeyboardEntryLink = modifyObjectProperty(findTestObject(path_VT + "a_KeyboardEntry_Sale"), "href", "equals", hrefAppID, true): Modify property of object successfully

2022-03-31 23:14:02 - [MESSAGE][PASSED] - Modify property of object successfully

2022-03-31 23:14:02 - [TEST_STEP][PASSED] - click(saleKeyboardEntryLink): Object: 'Object Repository/AdminSuiteBootstrap_Pages/VT_Bootstrap/IssueTransactions/a_KeyboardEntry_Sale' is clicked on

2022-03-31 23:14:03 - [MESSAGE][PASSED] - Object: 'Object Repository/AdminSuiteBootstrap_Pages/VT_Bootstrap/IssueTransactions/a_KeyboardEntry_Sale' is clicked on

2022-03-31 23:14:03 - [TEST_STEP][PASSED] - adminSuiteBootstrap.virtualTerminalSetData.saleKeyboard_DataDriven(row, dataFile): adminSuiteBootstrap.virtualTerminalSetData.saleKeyboard_DataDriven is PASSED

2022-03-31 23:14:06 - [MESSAGE][PASSED] - Text 'Tulsi Raman' is set on object 'Object Repository/AdminSuiteBootstrap_Pages/VT_Bootstrap/SaleKeyboard/input_cardName'

2022-03-31 23:14:07 - [MESSAGE][PASSED] - All options with value 'RETL' are selected in object 'Object Repository/AdminSuiteBootstrap_Pages/VT_Bootstrap/SaleKeyboard/select_transactionCategory'  using regular expression

2022-03-31 23:14:07 - [MESSAGE][PASSED] - Execute JavaScript 'arguments[0].value ='5146312200000035' ' successfully

2022-03-31 23:14:08 - [MESSAGE][PASSED] - Execute JavaScript 'arguments[0].value ='123' ' successfully

2022-03-31 23:14:09 - [MESSAGE][PASSED] - All options with value '12' are selected in object 'Object Repository/AdminSuiteBootstrap_Pages/VT_Bootstrap/SaleKeyboard/select_MM'  using regular expression

2022-03-31 23:14:10 - [MESSAGE][PASSED] - All options with value '2025' are selected in object 'Object Repository/AdminSuiteBootstrap_Pages/VT_Bootstrap/SaleKeyboard/select_YYYY'  using regular expression

2022-03-31 23:14:11 - [MESSAGE][PASSED] - Text '1478 Jhatka Palace' is set on object 'Object Repository/AdminSuiteBootstrap_Pages/VT_Bootstrap/SaleKeyboard/input__address'

2022-03-31 23:14:11 - [MESSAGE][PASSED] - Text 'Suite 500' is set on object 'Object Repository/AdminSuiteBootstrap_Pages/VT_Bootstrap/SaleKeyboard/input__address2'

2022-03-31 23:14:12 - [MESSAGE][PASSED] - Text '22201' is set on object 'Object Repository/AdminSuiteBootstrap_Pages/VT_Bootstrap/SaleKeyboard/input__zip'

2022-03-31 23:14:13 - [MESSAGE][PASSED] - Text '' is set on object 'Object Repository/AdminSuiteBootstrap_Pages/VT_Bootstrap/SaleKeyboard/input_emailAddress'

2022-03-31 23:14:14 - [MESSAGE][PASSED] - Text '' is set on object 'Object Repository/AdminSuiteBootstrap_Pages/VT_Bootstrap/SaleKeyboard/input_smsNumber'

2022-03-31 23:14:15 - [MESSAGE][PASSED] - Text '10.50' is set on object 'Object Repository/AdminSuiteBootstrap_Pages/VT_Bootstrap/SaleKeyboard/input_amount'

2022-03-31 23:14:16 - [MESSAGE][PASSED] - Text 'Australia' is set on object 'Object Repository/AdminSuiteBootstrap_Pages/VT_Bootstrap/SaleKeyboard/input_userDefined1'

2022-03-31 23:14:17 - [MESSAGE][PASSED] - Text 'Denmark' is set on object 'Object Repository/AdminSuiteBootstrap_Pages/VT_Bootstrap/SaleKeyboard/input_userDefined2'

2022-03-31 23:14:17 - [MESSAGE][PASSED] - Text 'Sweden' is set on object 'Object Repository/AdminSuiteBootstrap_Pages/VT_Bootstrap/SaleKeyboard/input_userDefined3'

2022-03-31 23:14:18 - [MESSAGE][PASSED] - Text 'Austria' is set on object 'Object Repository/AdminSuiteBootstrap_Pages/VT_Bootstrap/SaleKeyboard/input_userDefined4'

2022-03-31 23:14:19 - [MESSAGE][PASSED] - All options with label 'Orange' are selected in object 'Object Repository/AdminSuiteBootstrap_Pages/VT_Bootstrap/SaleKeyboard/select_UDF5_DropDown'  using regular expression

2022-03-31 23:14:20 - [MESSAGE][PASSED] - All options with label 'Yellow' are selected in object 'Object Repository/AdminSuiteBootstrap_Pages/VT_Bootstrap/SaleKeyboard/select_UDF6_DropDown'  using regular expression

2022-03-31 23:14:21 - [MESSAGE][PASSED] - Text 'Norway' is set on object 'Object Repository/AdminSuiteBootstrap_Pages/VT_Bootstrap/SaleKeyboard/input_userDefined7'

2022-03-31 23:14:22 - [MESSAGE][PASSED] - Text 'Netherlands' is set on object 'Object Repository/AdminSuiteBootstrap_Pages/VT_Bootstrap/SaleKeyboard/input_userDefined8'

2022-03-31 23:14:22 - [MESSAGE][PASSED] - Text 'Switzerland' is set on object 'Object Repository/AdminSuiteBootstrap_Pages/VT_Bootstrap/SaleKeyboard/input_userDefined9'

2022-03-31 23:14:23 - [MESSAGE][PASSED] - Text 'France' is set on object 'Object Repository/AdminSuiteBootstrap_Pages/VT_Bootstrap/SaleKeyboard/input_userDefined10'

2022-03-31 23:14:25 - [MESSAGE][PASSED] - Object: 'Object Repository/AdminSuiteBootstrap_Pages/VT_Bootstrap/SaleKeyboard/button_Submit' is clicked on

2022-03-31 23:14:25 - [MESSAGE][PASSED] - adminSuiteBootstrap.virtualTerminalSetData.saleKeyboard_DataDriven is PASSED

2022-03-31 23:14:25 - [TEST_STEP][PASSED] - verifyTextPresent("Transaction Successful", true): Text 'Transaction Successful' is present on page  using regular expression

2022-03-31 23:14:25 - [MESSAGE][PASSED] - Text 'Transaction Successful' is present on page  using regular expression

2022-03-31 23:14:25 - [TEST_STEP][PASSED] - verifyElementVisible(findTestObject("Object Repository/AdminSuiteBootstrap_Pages/VT_Bootstrap/Receipt/button_Continue")): Object 'Object Repository/AdminSuiteBootstrap_Pages/VT_Bootstrap/Receipt/button_Continue' is visible

2022-03-31 23:14:26 - [MESSAGE][PASSED] - Object 'Object Repository/AdminSuiteBootstrap_Pages/VT_Bootstrap/Receipt/button_Continue' is visible

2022-03-31 23:14:26 - [TEST_STEP][PASSED] - verifyElementPresent(findTestObject("Object Repository/AdminSuiteBootstrap_Pages/VT_Bootstrap/Receipt/button_Continue"), 20): Object 'Object Repository/AdminSuiteBootstrap_Pages/VT_Bootstrap/Receipt/button_Continue' is present

2022-03-31 23:14:26 - [MESSAGE][PASSED] - Object 'Object Repository/AdminSuiteBootstrap_Pages/VT_Bootstrap/Receipt/button_Continue' is present

2022-03-31 23:14:26 - [TEST_STEP][PASSED] - verifyElementVisible(findTestObject("Object Repository/AdminSuiteBootstrap_Pages/VT_Bootstrap/Receipt/button_Print")): Object 'Object Repository/AdminSuiteBootstrap_Pages/VT_Bootstrap/Receipt/button_Print' is visible

2022-03-31 23:14:26 - [MESSAGE][PASSED] - Object 'Object Repository/AdminSuiteBootstrap_Pages/VT_Bootstrap/Receipt/button_Print' is visible

2022-03-31 23:14:26 - [TEST_STEP][PASSED] - verifyElementPresent(findTestObject("Object Repository/AdminSuiteBootstrap_Pages/VT_Bootstrap/Receipt/button_Print"), 20): Object 'Object Repository/AdminSuiteBootstrap_Pages/VT_Bootstrap/Receipt/button_Print' is present

2022-03-31 23:14:27 - [MESSAGE][PASSED] - Object 'Object Repository/AdminSuiteBootstrap_Pages/VT_Bootstrap/Receipt/button_Print' is present

2022-03-31 23:14:27 - [TEST_STEP][PASSED] - verifyTextPresent("Remittance ID", true): Text 'Remittance ID' is present on page  using regular expression

2022-03-31 23:14:27 - [MESSAGE][PASSED] - Text 'Remittance ID' is present on page  using regular expression

2022-03-31 23:14:27 - [TEST_STEP][PASSED] - verifyTextPresent("Received", true): Text 'Received' is present on page  using regular expression

2022-03-31 23:14:27 - [MESSAGE][PASSED] - Text 'Received' is present on page  using regular expression

2022-03-31 23:14:27 - [TEST_STEP][PASSED] - verifyTextPresent("UDF1", true): Text 'UDF1' is present on page  using regular expression

2022-03-31 23:14:28 - [MESSAGE][PASSED] - Text 'UDF1' is present on page  using regular expression

2022-03-31 23:14:28 - [TEST_STEP][PASSED] - verifyTextPresent("UDF2", true): Text 'UDF2' is present on page  using regular expression

2022-03-31 23:14:28 - [MESSAGE][PASSED] - Text 'UDF2' is present on page  using regular expression

2022-03-31 23:14:28 - [TEST_STEP][PASSED] - verifyTextPresent("UDF3", true): Text 'UDF3' is present on page  using regular expression

2022-03-31 23:14:28 - [MESSAGE][PASSED] - Text 'UDF3' is present on page  using regular expression

2022-03-31 23:14:28 - [TEST_STEP][PASSED] - verifyTextPresent("UDF4", true): Text 'UDF4' is present on page  using regular expression

2022-03-31 23:14:29 - [MESSAGE][PASSED] - Text 'UDF4' is present on page  using regular expression

2022-03-31 23:14:29 - [TEST_STEP][PASSED] - verifyTextPresent("UDF5", true): Text 'UDF5' is present on page  using regular expression

2022-03-31 23:14:29 - [MESSAGE][PASSED] - Text 'UDF5' is present on page  using regular expression

2022-03-31 23:14:29 - [TEST_STEP][PASSED] - verifyTextPresent("UDF6", true): Text 'UDF6' is present on page  using regular expression

2022-03-31 23:14:29 - [MESSAGE][PASSED] - Text 'UDF6' is present on page  using regular expression

2022-03-31 23:14:29 - [TEST_STEP][PASSED] - verifyTextPresent("UDF7", true): Text 'UDF7' is present on page  using regular expression

2022-03-31 23:14:30 - [MESSAGE][PASSED] - Text 'UDF7' is present on page  using regular expression

2022-03-31 23:14:30 - [TEST_STEP][PASSED] - verifyTextPresent("UDF8", true): Text 'UDF8' is present on page  using regular expression

2022-03-31 23:14:30 - [MESSAGE][PASSED] - Text 'UDF8' is present on page  using regular expression

2022-03-31 23:14:30 - [TEST_STEP][PASSED] - verifyTextPresent("UDF9", true): Text 'UDF9' is present on page  using regular expression

2022-03-31 23:14:30 - [MESSAGE][PASSED] - Text 'UDF9' is present on page  using regular expression

2022-03-31 23:14:30 - [TEST_STEP][PASSED] - verifyTextPresent("UDF 10", true): Text 'UDF 10' is present on page  using regular expression

2022-03-31 23:14:31 - [MESSAGE][PASSED] - Text 'UDF 10' is present on page  using regular expression

2022-03-31 23:14:31 - [TEST_STEP][PASSED] - verifyTextPresent("Australia", true): Text 'Australia' is present on page  using regular expression

2022-03-31 23:14:31 - [MESSAGE][PASSED] - Text 'Australia' is present on page  using regular expression

2022-03-31 23:14:31 - [TEST_STEP][PASSED] - verifyTextPresent("Denmark", true): Text 'Denmark' is present on page  using regular expression

2022-03-31 23:14:31 - [MESSAGE][PASSED] - Text 'Denmark' is present on page  using regular expression

2022-03-31 23:14:31 - [TEST_STEP][PASSED] - verifyTextPresent("Sweden", true): Text 'Sweden' is present on page  using regular expression

2022-03-31 23:14:32 - [MESSAGE][PASSED] - Text 'Sweden' is present on page  using regular expression

2022-03-31 23:14:32 - [TEST_STEP][PASSED] - verifyTextPresent("Austria", true): Text 'Austria' is present on page  using regular expression

2022-03-31 23:14:32 - [MESSAGE][PASSED] - Text 'Austria' is present on page  using regular expression

2022-03-31 23:14:32 - [TEST_STEP][PASSED] - verifyTextPresent("Orange Recorded", true): Text 'Orange Recorded' is present on page  using regular expression

2022-03-31 23:14:32 - [MESSAGE][PASSED] - Text 'Orange Recorded' is present on page  using regular expression

2022-03-31 23:14:32 - [TEST_STEP][PASSED] - verifyTextPresent("Yellow Recorded", true): Text 'Yellow Recorded' is present on page  using regular expression

2022-03-31 23:14:33 - [MESSAGE][PASSED] - Text 'Yellow Recorded' is present on page  using regular expression

2022-03-31 23:14:33 - [TEST_STEP][PASSED] - verifyTextPresent("Norway", true): Text 'Norway' is present on page  using regular expression

2022-03-31 23:14:33 - [MESSAGE][PASSED] - Text 'Norway' is present on page  using regular expression

2022-03-31 23:14:33 - [TEST_STEP][PASSED] - verifyTextPresent("Netherlands", true): Text 'Netherlands' is present on page  using regular expression

2022-03-31 23:14:33 - [MESSAGE][PASSED] - Text 'Netherlands' is present on page  using regular expression

2022-03-31 23:14:33 - [TEST_STEP][PASSED] - verifyTextPresent("Switzerland", true): Text 'Switzerland' is present on page  using regular expression

2022-03-31 23:14:34 - [MESSAGE][PASSED] - Text 'Switzerland' is present on page  using regular expression

2022-03-31 23:14:34 - [TEST_STEP][PASSED] - verifyTextPresent("France", true): Text 'France' is present on page  using regular expression

2022-03-31 23:14:34 - [MESSAGE][PASSED] - Text 'France' is present on page  using regular expression

2022-03-31 23:14:34 - [TEST_STEP][PASSED] - verifyTextPresent("Card Information", true): Text 'Card Information' is present on page  using regular expression

2022-03-31 23:14:34 - [MESSAGE][PASSED] - Text 'Card Information' is present on page  using regular expression

2022-03-31 23:14:34 - [TEST_STEP][PASSED] - verifyTextPresent("Amount", true): Text 'Amount' is present on page  using regular expression

2022-03-31 23:14:35 - [MESSAGE][PASSED] - Text 'Amount' is present on page  using regular expression

2022-03-31 23:14:35 - [TEST_STEP][PASSED] - verifyTextPresent("Service Fee", true): Text 'Service Fee' is present on page  using regular expression

2022-03-31 23:14:35 - [MESSAGE][PASSED] - Text 'Service Fee' is present on page  using regular expression

2022-03-31 23:14:35 - [TEST_STEP][PASSED] - verifyTextPresent("Service Fee Type", true): Text 'Service Fee Type' is present on page  using regular expression

2022-03-31 23:14:35 - [MESSAGE][PASSED] - Text 'Service Fee Type' is present on page  using regular expression

2022-03-31 23:14:35 - [TEST_STEP][PASSED] - verifyTextPresent("Total Amount", true): Text 'Total Amount' is present on page  using regular expression

2022-03-31 23:14:36 - [MESSAGE][PASSED] - Text 'Total Amount' is present on page  using regular expression

2022-03-31 23:14:36 - [TEST_STEP][PASSED] - verifyTextPresent("Transaction Type", true): Text 'Transaction Type' is present on page  using regular expression

2022-03-31 23:14:36 - [MESSAGE][PASSED] - Text 'Transaction Type' is present on page  using regular expression

2022-03-31 23:14:36 - [TEST_STEP][PASSED] - verifyTextPresent("10.50", true): Text '10.50' is present on page  using regular expression

2022-03-31 23:14:36 - [MESSAGE][PASSED] - Text '10.50' is present on page  using regular expression

2022-03-31 23:14:36 - [TEST_STEP][PASSED] - verifyTextPresent("5.00", true): Text '5.00' is present on page  using regular expression

2022-03-31 23:14:37 - [MESSAGE][PASSED] - Text '5.00' is present on page  using regular expression

2022-03-31 23:14:37 - [TEST_STEP][PASSED] - verifyTextPresent("Single Transaction", true): Text 'Single Transaction' is present on page  using regular expression

2022-03-31 23:14:37 - [MESSAGE][PASSED] - Text 'Single Transaction' is present on page  using regular expression

2022-03-31 23:14:37 - [TEST_STEP][PASSED] - verifyTextPresent("15.50", true): Text '15.50' is present on page  using regular expression

2022-03-31 23:14:37 - [MESSAGE][PASSED] - Text '15.50' is present on page  using regular expression

2022-03-31 23:14:37 - [TEST_STEP][PASSED] - verifyTextPresent("Authorization and Capture", true): Text 'Authorization and Capture' is present on page  using regular expression

2022-03-31 23:14:38 - [MESSAGE][PASSED] - Text 'Authorization and Capture' is present on page  using regular expression

2022-03-31 23:14:38 - [TEST_STEP][PASSED] - cardNameV = findTestData(dataFile).getValue("CardNameV", row): null

2022-03-31 23:14:38 - [TEST_STEP][PASSED] - al1V = findTestData(dataFile).getValue("AL1", row): null

2022-03-31 23:14:38 - [TEST_STEP][PASSED] - al2V = findTestData(dataFile).getValue("AL2", row): null

2022-03-31 23:14:38 - [TEST_STEP][PASSED] - zipV = findTestData(dataFile).getValue("ZIP", row): null

2022-03-31 23:14:38 - [TEST_STEP][PASSED] - cardTypeV = findTestData(dataFile).getValue("CardType", row): null

2022-03-31 23:14:38 - [TEST_STEP][PASSED] - last4V = findTestData(dataFile).getValue("Last4", row): null

2022-03-31 23:14:38 - [TEST_STEP][PASSED] - verifyTextPresent(cardNameV, true): Text 'TULSI RAMAN' is present on page  using regular expression

2022-03-31 23:14:39 - [MESSAGE][PASSED] - Text 'TULSI RAMAN' is present on page  using regular expression

2022-03-31 23:14:39 - [TEST_STEP][PASSED] - verifyTextPresent("Address Line 1", true): Text 'Address Line 1' is present on page  using regular expression

2022-03-31 23:14:39 - [MESSAGE][PASSED] - Text 'Address Line 1' is present on page  using regular expression

2022-03-31 23:14:39 - [TEST_STEP][PASSED] - verifyTextPresent("Address Line 2", true): Text 'Address Line 2' is present on page  using regular expression

2022-03-31 23:14:39 - [MESSAGE][PASSED] - Text 'Address Line 2' is present on page  using regular expression

2022-03-31 23:14:39 - [TEST_STEP][PASSED] - verifyTextPresent("Country", true): Text 'Country' is present on page  using regular expression

2022-03-31 23:14:40 - [MESSAGE][PASSED] - Text 'Country' is present on page  using regular expression

2022-03-31 23:14:40 - [TEST_STEP][PASSED] - verifyTextPresent("City", true): Text 'City' is present on page  using regular expression

2022-03-31 23:14:40 - [MESSAGE][PASSED] - Text 'City' is present on page  using regular expression

2022-03-31 23:14:40 - [TEST_STEP][PASSED] - verifyTextPresent("State", true): Text 'State' is present on page  using regular expression

2022-03-31 23:14:40 - [MESSAGE][PASSED] - Text 'State' is present on page  using regular expression

2022-03-31 23:14:40 - [TEST_STEP][PASSED] - verifyTextPresent("ZIP Code", true): Text 'ZIP Code' is present on page  using regular expression

2022-03-31 23:14:41 - [MESSAGE][PASSED] - Text 'ZIP Code' is present on page  using regular expression

2022-03-31 23:14:41 - [TEST_STEP][PASSED] - verifyTextPresent(al1V, true): Text '1478 Jhatka Palace' is present on page  using regular expression

2022-03-31 23:14:41 - [MESSAGE][PASSED] - Text '1478 Jhatka Palace' is present on page  using regular expression

2022-03-31 23:14:41 - [TEST_STEP][PASSED] - verifyTextPresent(al2V, true): Text 'Suite 500' is present on page  using regular expression

2022-03-31 23:14:41 - [MESSAGE][PASSED] - Text 'Suite 500' is present on page  using regular expression

2022-03-31 23:14:41 - [TEST_STEP][PASSED] - verifyTextPresent("United States", true): Text 'United States' is present on page  using regular expression

2022-03-31 23:14:42 - [MESSAGE][PASSED] - Text 'United States' is present on page  using regular expression

2022-03-31 23:14:42 - [TEST_STEP][PASSED] - verifyTextPresent("ARLINGTON", true): Text 'ARLINGTON' is present on page  using regular expression

2022-03-31 23:14:42 - [MESSAGE][PASSED] - Text 'ARLINGTON' is present on page  using regular expression

2022-03-31 23:14:42 - [TEST_STEP][PASSED] - verifyTextPresent("Virginia", true): Text 'Virginia' is present on page  using regular expression

2022-03-31 23:14:42 - [MESSAGE][PASSED] - Text 'Virginia' is present on page  using regular expression

2022-03-31 23:14:42 - [TEST_STEP][PASSED] - verifyTextPresent(zipV, true): Text '22201' is present on page  using regular expression

2022-03-31 23:14:43 - [MESSAGE][PASSED] - Text '22201' is present on page  using regular expression

2022-03-31 23:14:43 - [TEST_STEP][PASSED] - verifyTextPresent(cardTypeV, true): Text 'MasterCard' is present on page  using regular expression

2022-03-31 23:14:43 - [MESSAGE][PASSED] - Text 'MasterCard' is present on page  using regular expression

2022-03-31 23:14:43 - [TEST_STEP][PASSED] - verifyTextPresent(last4V, true): Text '0035' is present on page  using regular expression

2022-03-31 23:14:43 - [MESSAGE][PASSED] - Text '0035' is present on page  using regular expression

2022-03-31 23:14:43 - [TEST_STEP][PASSED] - closeBrowser(): Browser is closed

2022-03-31 23:14:44 - [MESSAGE][PASSED] - Browser is closed

2022-03-31 23:14:44 - [TEST_STEP][PASSED] - ExecuteTC = findTestData(dataFile).getValue("Execute", row): null

2022-03-31 23:14:44 - [TEST_STEP][PASSED] - out.println("Value of Execute is : " + ExecuteTC): null

2022-03-31 23:14:44 - [TEST_STEP][PASSED] - switch (executionProfile): null

2022-03-31 23:14:44 - [TEST_STEP][PASSED] - case "QAProfile":: null

2022-03-31 23:14:44 - [TEST_STEP][PASSED] - appName = findTestData(dataFile).getValue("AppNameQA", row): null

2022-03-31 23:14:45 - [TEST_STEP][PASSED] - appID = findTestData(dataFile).getValue("AppIDQA", row): null

2022-03-31 23:14:45 - [TEST_STEP][PASSED] - break: null

2022-03-31 23:14:45 - [TEST_STEP][PASSED] - hrefAppID = li_1 + appID + li_2: null

2022-03-31 23:14:45 - [TEST_STEP][PASSED] - hrefApp = li_1 + appID + "/": null

2022-03-31 23:14:45 - [TEST_STEP][PASSED] - println("hrefApp : " + hrefApp): null

2022-03-31 23:14:45 - [TEST_STEP][PASSED] - if (ExecuteTC.equalsIgnoreCase("Y")): Browser is closed

2022-03-31 23:14:45 - [TEST_STEP][PASSED] - out.println("Begin Record Number: " + row): null

2022-03-31 23:14:45 - [TEST_STEP][PASSED] - today = new java.util.Date(): null

2022-03-31 23:14:45 - [TEST_STEP][PASSED] - println(today): null

2022-03-31 23:14:45 - [TEST_STEP][PASSED] - datText = today: null

2022-03-31 23:14:45 - [TEST_STEP][PASSED] - adminSuiteBootstrap.loginFunctionality.login_AdminSuite(): adminSuiteBootstrap.loginFunctionality.login_AdminSuite is PASSED

2022-03-31 23:14:45 - [MESSAGE][INFO] - Starting 'Chrome' driver

2022-03-31 23:14:45 - [MESSAGE][INFO] - User set preference: ['acceptInsecureCerts', 'true']

2022-03-31 23:14:45 - [MESSAGE][INFO] - Action delay is set to 0 milliseconds

2022-03-31 23:14:48 - [MESSAGE][PASSED] - Browser is opened with url: 'https://qa.velocitypayment.com/admin/imtiaz'

2022-03-31 23:14:48 - [MESSAGE][PASSED] - Current window maximized

2022-03-31 23:14:48 - [MESSAGE][PASSED] - Object 'Object Repository/Login_Page/Login_Username' is present

2022-03-31 23:14:49 - [MESSAGE][PASSED] - Text 'iahmed' is set on object 'Object Repository/Login_Page/Login_Username'

2022-03-31 23:14:50 - [MESSAGE][PASSED] - Text 'hello2222' is set on object 'Object Repository/Login_Page/Login_Password'

2022-03-31 23:14:53 - [MESSAGE][PASSED] - Object: 'Object Repository/Login_Page/Login_Submit' is clicked on

2022-03-31 23:14:53 - [MESSAGE][PASSED] - adminSuiteBootstrap.loginFunctionality.login_AdminSuite is PASSED

2022-03-31 23:14:53 - [TEST_STEP][PASSED] - click(findTestObject(path_Dashboard + appName)): Object: 'Object Repository/AdminSuiteBootstrap_Pages/Dashboard_Bootstrap/a_Access AutoSingleCFtpQA' is clicked on

2022-03-31 23:14:54 - [MESSAGE][PASSED] - Object: 'Object Repository/AdminSuiteBootstrap_Pages/Dashboard_Bootstrap/a_Access AutoSingleCFtpQA' is clicked on

2022-03-31 23:14:54 - [TEST_STEP][PASSED] - click(findTestObject(path_VT + "button_Authorization  Capture (Sale)")): Object: 'Object Repository/AdminSuiteBootstrap_Pages/VT_Bootstrap/IssueTransactions/button_Authorization  Capture (Sale)' is clicked on

2022-03-31 23:14:55 - [MESSAGE][PASSED] - Object: 'Object Repository/AdminSuiteBootstrap_Pages/VT_Bootstrap/IssueTransactions/button_Authorization  Capture (Sale)' is clicked on

2022-03-31 23:14:55 - [TEST_STEP][PASSED] - saleKeyboardEntryLink = modifyObjectProperty(findTestObject(path_VT + "a_KeyboardEntry_Sale"), "href", "equals", hrefAppID, true): Modify property of object successfully

2022-03-31 23:14:55 - [MESSAGE][PASSED] - Modify property of object successfully

2022-03-31 23:14:55 - [TEST_STEP][PASSED] - click(saleKeyboardEntryLink): Object: 'Object Repository/AdminSuiteBootstrap_Pages/VT_Bootstrap/IssueTransactions/a_KeyboardEntry_Sale' is clicked on

2022-03-31 23:14:56 - [MESSAGE][PASSED] - Object: 'Object Repository/AdminSuiteBootstrap_Pages/VT_Bootstrap/IssueTransactions/a_KeyboardEntry_Sale' is clicked on

2022-03-31 23:14:56 - [TEST_STEP][PASSED] - adminSuiteBootstrap.virtualTerminalSetData.saleKeyboard_DataDriven(row, dataFile): adminSuiteBootstrap.virtualTerminalSetData.saleKeyboard_DataDriven is PASSED

2022-03-31 23:14:59 - [MESSAGE][PASSED] - Text 'Tulsi Raman' is set on object 'Object Repository/AdminSuiteBootstrap_Pages/VT_Bootstrap/SaleKeyboard/input_cardName'

2022-03-31 23:15:00 - [MESSAGE][PASSED] - All options with value 'RETL' are selected in object 'Object Repository/AdminSuiteBootstrap_Pages/VT_Bootstrap/SaleKeyboard/select_transactionCategory'  using regular expression

2022-03-31 23:15:00 - [MESSAGE][PASSED] - Execute JavaScript 'arguments[0].value ='371449635392376' ' successfully

2022-03-31 23:15:00 - [MESSAGE][PASSED] - Execute JavaScript 'arguments[0].value ='123' ' successfully

2022-03-31 23:15:02 - [MESSAGE][PASSED] - All options with value '12' are selected in object 'Object Repository/AdminSuiteBootstrap_Pages/VT_Bootstrap/SaleKeyboard/select_MM'  using regular expression

2022-03-31 23:15:03 - [MESSAGE][PASSED] - All options with value '2025' are selected in object 'Object Repository/AdminSuiteBootstrap_Pages/VT_Bootstrap/SaleKeyboard/select_YYYY'  using regular expression

2022-03-31 23:15:03 - [MESSAGE][PASSED] - Text '550 Swan Lake' is set on object 'Object Repository/AdminSuiteBootstrap_Pages/VT_Bootstrap/SaleKeyboard/input__address'

2022-03-31 23:15:04 - [MESSAGE][PASSED] - Text 'Suite 500' is set on object 'Object Repository/AdminSuiteBootstrap_Pages/VT_Bootstrap/SaleKeyboard/input__address2'

2022-03-31 23:15:05 - [MESSAGE][PASSED] - Text '22201' is set on object 'Object Repository/AdminSuiteBootstrap_Pages/VT_Bootstrap/SaleKeyboard/input__zip'

2022-03-31 23:15:05 - [MESSAGE][PASSED] - Text '' is set on object 'Object Repository/AdminSuiteBootstrap_Pages/VT_Bootstrap/SaleKeyboard/input_emailAddress'

2022-03-31 23:15:07 - [MESSAGE][PASSED] - Text '' is set on object 'Object Repository/AdminSuiteBootstrap_Pages/VT_Bootstrap/SaleKeyboard/input_smsNumber'

2022-03-31 23:15:07 - [MESSAGE][PASSED] - Text '10.50' is set on object 'Object Repository/AdminSuiteBootstrap_Pages/VT_Bootstrap/SaleKeyboard/input_amount'

2022-03-31 23:15:08 - [MESSAGE][PASSED] - Text 'Australia' is set on object 'Object Repository/AdminSuiteBootstrap_Pages/VT_Bootstrap/SaleKeyboard/input_userDefined1'

2022-03-31 23:15:09 - [MESSAGE][PASSED] - Text 'Denmark' is set on object 'Object Repository/AdminSuiteBootstrap_Pages/VT_Bootstrap/SaleKeyboard/input_userDefined2'

2022-03-31 23:15:10 - [MESSAGE][PASSED] - Text 'Sweden' is set on object 'Object Repository/AdminSuiteBootstrap_Pages/VT_Bootstrap/SaleKeyboard/input_userDefined3'

2022-03-31 23:15:11 - [MESSAGE][PASSED] - Text 'Austria' is set on object 'Object Repository/AdminSuiteBootstrap_Pages/VT_Bootstrap/SaleKeyboard/input_userDefined4'

2022-03-31 23:15:12 - [MESSAGE][PASSED] - All options with label 'Orange' are selected in object 'Object Repository/AdminSuiteBootstrap_Pages/VT_Bootstrap/SaleKeyboard/select_UDF5_DropDown'  using regular expression

2022-03-31 23:15:13 - [MESSAGE][PASSED] - All options with label 'Yellow' are selected in object 'Object Repository/AdminSuiteBootstrap_Pages/VT_Bootstrap/SaleKeyboard/select_UDF6_DropDown'  using regular expression

2022-03-31 23:15:13 - [MESSAGE][PASSED] - Text 'Norway' is set on object 'Object Repository/AdminSuiteBootstrap_Pages/VT_Bootstrap/SaleKeyboard/input_userDefined7'

2022-03-31 23:15:14 - [MESSAGE][PASSED] - Text 'Netherlands' is set on object 'Object Repository/AdminSuiteBootstrap_Pages/VT_Bootstrap/SaleKeyboard/input_userDefined8'

2022-03-31 23:15:15 - [MESSAGE][PASSED] - Text 'Switzerland' is set on object 'Object Repository/AdminSuiteBootstrap_Pages/VT_Bootstrap/SaleKeyboard/input_userDefined9'

2022-03-31 23:15:15 - [MESSAGE][PASSED] - Text 'France' is set on object 'Object Repository/AdminSuiteBootstrap_Pages/VT_Bootstrap/SaleKeyboard/input_userDefined10'

2022-03-31 23:15:17 - [MESSAGE][PASSED] - Object: 'Object Repository/AdminSuiteBootstrap_Pages/VT_Bootstrap/SaleKeyboard/button_Submit' is clicked on

2022-03-31 23:15:17 - [MESSAGE][PASSED] - adminSuiteBootstrap.virtualTerminalSetData.saleKeyboard_DataDriven is PASSED

2022-03-31 23:15:17 - [TEST_STEP][PASSED] - verifyTextPresent("Transaction Successful", true): Text 'Transaction Successful' is present on page  using regular expression

2022-03-31 23:15:18 - [MESSAGE][PASSED] - Text 'Transaction Successful' is present on page  using regular expression

2022-03-31 23:15:18 - [TEST_STEP][PASSED] - verifyElementVisible(findTestObject("Object Repository/AdminSuiteBootstrap_Pages/VT_Bootstrap/Receipt/button_Continue")): Object 'Object Repository/AdminSuiteBootstrap_Pages/VT_Bootstrap/Receipt/button_Continue' is visible

2022-03-31 23:15:18 - [MESSAGE][PASSED] - Object 'Object Repository/AdminSuiteBootstrap_Pages/VT_Bootstrap/Receipt/button_Continue' is visible

2022-03-31 23:15:18 - [TEST_STEP][PASSED] - verifyElementPresent(findTestObject("Object Repository/AdminSuiteBootstrap_Pages/VT_Bootstrap/Receipt/button_Continue"), 20): Object 'Object Repository/AdminSuiteBootstrap_Pages/VT_Bootstrap/Receipt/button_Continue' is present

2022-03-31 23:15:18 - [MESSAGE][PASSED] - Object 'Object Repository/AdminSuiteBootstrap_Pages/VT_Bootstrap/Receipt/button_Continue' is present

2022-03-31 23:15:18 - [TEST_STEP][PASSED] - verifyElementVisible(findTestObject("Object Repository/AdminSuiteBootstrap_Pages/VT_Bootstrap/Receipt/button_Print")): Object 'Object Repository/AdminSuiteBootstrap_Pages/VT_Bootstrap/Receipt/button_Print' is visible

2022-03-31 23:15:19 - [MESSAGE][PASSED] - Object 'Object Repository/AdminSuiteBootstrap_Pages/VT_Bootstrap/Receipt/button_Print' is visible

2022-03-31 23:15:19 - [TEST_STEP][PASSED] - verifyElementPresent(findTestObject("Object Repository/AdminSuiteBootstrap_Pages/VT_Bootstrap/Receipt/button_Print"), 20): Object 'Object Repository/AdminSuiteBootstrap_Pages/VT_Bootstrap/Receipt/button_Print' is present

2022-03-31 23:15:19 - [MESSAGE][PASSED] - Object 'Object Repository/AdminSuiteBootstrap_Pages/VT_Bootstrap/Receipt/button_Print' is present

2022-03-31 23:15:19 - [TEST_STEP][PASSED] - verifyTextPresent("Remittance ID", true): Text 'Remittance ID' is present on page  using regular expression

2022-03-31 23:15:19 - [MESSAGE][PASSED] - Text 'Remittance ID' is present on page  using regular expression

2022-03-31 23:15:19 - [TEST_STEP][PASSED] - verifyTextPresent("Received", true): Text 'Received' is present on page  using regular expression

2022-03-31 23:15:20 - [MESSAGE][PASSED] - Text 'Received' is present on page  using regular expression

2022-03-31 23:15:20 - [TEST_STEP][PASSED] - verifyTextPresent("UDF1", true): Text 'UDF1' is present on page  using regular expression

2022-03-31 23:15:20 - [MESSAGE][PASSED] - Text 'UDF1' is present on page  using regular expression

2022-03-31 23:15:20 - [TEST_STEP][PASSED] - verifyTextPresent("UDF2", true): Text 'UDF2' is present on page  using regular expression

2022-03-31 23:15:20 - [MESSAGE][PASSED] - Text 'UDF2' is present on page  using regular expression

2022-03-31 23:15:20 - [TEST_STEP][PASSED] - verifyTextPresent("UDF3", true): Text 'UDF3' is present on page  using regular expression

2022-03-31 23:15:21 - [MESSAGE][PASSED] - Text 'UDF3' is present on page  using regular expression

2022-03-31 23:15:21 - [TEST_STEP][PASSED] - verifyTextPresent("UDF4", true): Text 'UDF4' is present on page  using regular expression

2022-03-31 23:15:21 - [MESSAGE][PASSED] - Text 'UDF4' is present on page  using regular expression

2022-03-31 23:15:21 - [TEST_STEP][PASSED] - verifyTextPresent("UDF5", true): Text 'UDF5' is present on page  using regular expression

2022-03-31 23:15:21 - [MESSAGE][PASSED] - Text 'UDF5' is present on page  using regular expression

2022-03-31 23:15:21 - [TEST_STEP][PASSED] - verifyTextPresent("UDF6", true): Text 'UDF6' is present on page  using regular expression

2022-03-31 23:15:22 - [MESSAGE][PASSED] - Text 'UDF6' is present on page  using regular expression

2022-03-31 23:15:22 - [TEST_STEP][PASSED] - verifyTextPresent("UDF7", true): Text 'UDF7' is present on page  using regular expression

2022-03-31 23:15:22 - [MESSAGE][PASSED] - Text 'UDF7' is present on page  using regular expression

2022-03-31 23:15:22 - [TEST_STEP][PASSED] - verifyTextPresent("UDF8", true): Text 'UDF8' is present on page  using regular expression

2022-03-31 23:15:22 - [MESSAGE][PASSED] - Text 'UDF8' is present on page  using regular expression

2022-03-31 23:15:22 - [TEST_STEP][PASSED] - verifyTextPresent("UDF9", true): Text 'UDF9' is present on page  using regular expression

2022-03-31 23:15:23 - [MESSAGE][PASSED] - Text 'UDF9' is present on page  using regular expression

2022-03-31 23:15:23 - [TEST_STEP][PASSED] - verifyTextPresent("UDF 10", true): Text 'UDF 10' is present on page  using regular expression

2022-03-31 23:15:23 - [MESSAGE][PASSED] - Text 'UDF 10' is present on page  using regular expression

2022-03-31 23:15:23 - [TEST_STEP][PASSED] - verifyTextPresent("Australia", true): Text 'Australia' is present on page  using regular expression

2022-03-31 23:15:23 - [MESSAGE][PASSED] - Text 'Australia' is present on page  using regular expression

2022-03-31 23:15:23 - [TEST_STEP][PASSED] - verifyTextPresent("Denmark", true): Text 'Denmark' is present on page  using regular expression

2022-03-31 23:15:24 - [MESSAGE][PASSED] - Text 'Denmark' is present on page  using regular expression

2022-03-31 23:15:24 - [TEST_STEP][PASSED] - verifyTextPresent("Sweden", true): Text 'Sweden' is present on page  using regular expression

2022-03-31 23:15:24 - [MESSAGE][PASSED] - Text 'Sweden' is present on page  using regular expression

2022-03-31 23:15:24 - [TEST_STEP][PASSED] - verifyTextPresent("Austria", true): Text 'Austria' is present on page  using regular expression

2022-03-31 23:15:24 - [MESSAGE][PASSED] - Text 'Austria' is present on page  using regular expression

2022-03-31 23:15:24 - [TEST_STEP][PASSED] - verifyTextPresent("Orange Recorded", true): Text 'Orange Recorded' is present on page  using regular expression

2022-03-31 23:15:25 - [MESSAGE][PASSED] - Text 'Orange Recorded' is present on page  using regular expression

2022-03-31 23:15:25 - [TEST_STEP][PASSED] - verifyTextPresent("Yellow Recorded", true): Text 'Yellow Recorded' is present on page  using regular expression

2022-03-31 23:15:25 - [MESSAGE][PASSED] - Text 'Yellow Recorded' is present on page  using regular expression

2022-03-31 23:15:25 - [TEST_STEP][PASSED] - verifyTextPresent("Norway", true): Text 'Norway' is present on page  using regular expression

2022-03-31 23:15:25 - [MESSAGE][PASSED] - Text 'Norway' is present on page  using regular expression

2022-03-31 23:15:25 - [TEST_STEP][PASSED] - verifyTextPresent("Netherlands", true): Text 'Netherlands' is present on page  using regular expression

2022-03-31 23:15:26 - [MESSAGE][PASSED] - Text 'Netherlands' is present on page  using regular expression

2022-03-31 23:15:26 - [TEST_STEP][PASSED] - verifyTextPresent("Switzerland", true): Text 'Switzerland' is present on page  using regular expression

2022-03-31 23:15:26 - [MESSAGE][PASSED] - Text 'Switzerland' is present on page  using regular expression

2022-03-31 23:15:26 - [TEST_STEP][PASSED] - verifyTextPresent("France", true): Text 'France' is present on page  using regular expression

2022-03-31 23:15:26 - [MESSAGE][PASSED] - Text 'France' is present on page  using regular expression

2022-03-31 23:15:26 - [TEST_STEP][PASSED] - verifyTextPresent("Card Information", true): Text 'Card Information' is present on page  using regular expression

2022-03-31 23:15:27 - [MESSAGE][PASSED] - Text 'Card Information' is present on page  using regular expression

2022-03-31 23:15:27 - [TEST_STEP][PASSED] - verifyTextPresent("Amount", true): Text 'Amount' is present on page  using regular expression

2022-03-31 23:15:27 - [MESSAGE][PASSED] - Text 'Amount' is present on page  using regular expression

2022-03-31 23:15:27 - [TEST_STEP][PASSED] - verifyTextPresent("Service Fee", true): Text 'Service Fee' is present on page  using regular expression

2022-03-31 23:15:27 - [MESSAGE][PASSED] - Text 'Service Fee' is present on page  using regular expression

2022-03-31 23:15:27 - [TEST_STEP][PASSED] - verifyTextPresent("Service Fee Type", true): Text 'Service Fee Type' is present on page  using regular expression

2022-03-31 23:15:28 - [MESSAGE][PASSED] - Text 'Service Fee Type' is present on page  using regular expression

2022-03-31 23:15:28 - [TEST_STEP][PASSED] - verifyTextPresent("Total Amount", true): Text 'Total Amount' is present on page  using regular expression

2022-03-31 23:15:28 - [MESSAGE][PASSED] - Text 'Total Amount' is present on page  using regular expression

2022-03-31 23:15:28 - [TEST_STEP][PASSED] - verifyTextPresent("Transaction Type", true): Text 'Transaction Type' is present on page  using regular expression

2022-03-31 23:15:29 - [MESSAGE][PASSED] - Text 'Transaction Type' is present on page  using regular expression

2022-03-31 23:15:29 - [TEST_STEP][PASSED] - verifyTextPresent("10.50", true): Text '10.50' is present on page  using regular expression

2022-03-31 23:15:29 - [MESSAGE][PASSED] - Text '10.50' is present on page  using regular expression

2022-03-31 23:15:29 - [TEST_STEP][PASSED] - verifyTextPresent("5.00", true): Text '5.00' is present on page  using regular expression

2022-03-31 23:15:29 - [MESSAGE][PASSED] - Text '5.00' is present on page  using regular expression

2022-03-31 23:15:29 - [TEST_STEP][PASSED] - verifyTextPresent("Single Transaction", true): Text 'Single Transaction' is present on page  using regular expression

2022-03-31 23:15:30 - [MESSAGE][PASSED] - Text 'Single Transaction' is present on page  using regular expression

2022-03-31 23:15:30 - [TEST_STEP][PASSED] - verifyTextPresent("15.50", true): Text '15.50' is present on page  using regular expression

2022-03-31 23:15:30 - [MESSAGE][PASSED] - Text '15.50' is present on page  using regular expression

2022-03-31 23:15:30 - [TEST_STEP][PASSED] - verifyTextPresent("Authorization and Capture", true): Text 'Authorization and Capture' is present on page  using regular expression

2022-03-31 23:15:30 - [MESSAGE][PASSED] - Text 'Authorization and Capture' is present on page  using regular expression

2022-03-31 23:15:30 - [TEST_STEP][PASSED] - cardNameV = findTestData(dataFile).getValue("CardNameV", row): null

2022-03-31 23:15:30 - [TEST_STEP][PASSED] - al1V = findTestData(dataFile).getValue("AL1", row): null

2022-03-31 23:15:30 - [TEST_STEP][PASSED] - al2V = findTestData(dataFile).getValue("AL2", row): null

2022-03-31 23:15:30 - [TEST_STEP][PASSED] - zipV = findTestData(dataFile).getValue("ZIP", row): null

2022-03-31 23:15:31 - [TEST_STEP][PASSED] - cardTypeV = findTestData(dataFile).getValue("CardType", row): null

2022-03-31 23:15:31 - [TEST_STEP][PASSED] - last4V = findTestData(dataFile).getValue("Last4", row): null

2022-03-31 23:15:31 - [TEST_STEP][PASSED] - verifyTextPresent(cardNameV, true): Text 'TULSI RAMAN' is present on page  using regular expression

2022-03-31 23:15:31 - [MESSAGE][PASSED] - Text 'TULSI RAMAN' is present on page  using regular expression

2022-03-31 23:15:31 - [TEST_STEP][PASSED] - verifyTextPresent("Address Line 1", true): Text 'Address Line 1' is present on page  using regular expression

2022-03-31 23:15:31 - [MESSAGE][PASSED] - Text 'Address Line 1' is present on page  using regular expression

2022-03-31 23:15:31 - [TEST_STEP][PASSED] - verifyTextPresent("Address Line 2", true): Text 'Address Line 2' is present on page  using regular expression

2022-03-31 23:15:32 - [MESSAGE][PASSED] - Text 'Address Line 2' is present on page  using regular expression

2022-03-31 23:15:32 - [TEST_STEP][PASSED] - verifyTextPresent("Country", true): Text 'Country' is present on page  using regular expression

2022-03-31 23:15:32 - [MESSAGE][PASSED] - Text 'Country' is present on page  using regular expression

2022-03-31 23:15:32 - [TEST_STEP][PASSED] - verifyTextPresent("City", true): Text 'City' is present on page  using regular expression

2022-03-31 23:15:32 - [MESSAGE][PASSED] - Text 'City' is present on page  using regular expression

2022-03-31 23:15:32 - [TEST_STEP][PASSED] - verifyTextPresent("State", true): Text 'State' is present on page  using regular expression

2022-03-31 23:15:33 - [MESSAGE][PASSED] - Text 'State' is present on page  using regular expression

2022-03-31 23:15:33 - [TEST_STEP][PASSED] - verifyTextPresent("ZIP Code", true): Text 'ZIP Code' is present on page  using regular expression

2022-03-31 23:15:33 - [MESSAGE][PASSED] - Text 'ZIP Code' is present on page  using regular expression

2022-03-31 23:15:33 - [TEST_STEP][PASSED] - verifyTextPresent(al1V, true): Text '550 Swan Lake' is present on page  using regular expression

2022-03-31 23:15:33 - [MESSAGE][PASSED] - Text '550 Swan Lake' is present on page  using regular expression

2022-03-31 23:15:33 - [TEST_STEP][PASSED] - verifyTextPresent(al2V, true): Text 'Suite 500' is present on page  using regular expression

2022-03-31 23:15:34 - [MESSAGE][PASSED] - Text 'Suite 500' is present on page  using regular expression

2022-03-31 23:15:34 - [TEST_STEP][PASSED] - verifyTextPresent("United States", true): Text 'United States' is present on page  using regular expression

2022-03-31 23:15:34 - [MESSAGE][PASSED] - Text 'United States' is present on page  using regular expression

2022-03-31 23:15:34 - [TEST_STEP][PASSED] - verifyTextPresent("ARLINGTON", true): Text 'ARLINGTON' is present on page  using regular expression

2022-03-31 23:15:34 - [MESSAGE][PASSED] - Text 'ARLINGTON' is present on page  using regular expression

2022-03-31 23:15:34 - [TEST_STEP][PASSED] - verifyTextPresent("Virginia", true): Text 'Virginia' is present on page  using regular expression

2022-03-31 23:15:35 - [MESSAGE][PASSED] - Text 'Virginia' is present on page  using regular expression

2022-03-31 23:15:35 - [TEST_STEP][PASSED] - verifyTextPresent(zipV, true): Text '22201' is present on page  using regular expression

2022-03-31 23:15:35 - [MESSAGE][PASSED] - Text '22201' is present on page  using regular expression

2022-03-31 23:15:35 - [TEST_STEP][PASSED] - verifyTextPresent(cardTypeV, true): Text 'American Express' is present on page  using regular expression

2022-03-31 23:15:35 - [MESSAGE][PASSED] - Text 'American Express' is present on page  using regular expression

2022-03-31 23:15:35 - [TEST_STEP][PASSED] - verifyTextPresent(last4V, true): Text '2376' is present on page  using regular expression

2022-03-31 23:15:36 - [MESSAGE][PASSED] - Text '2376' is present on page  using regular expression

2022-03-31 23:15:36 - [TEST_STEP][PASSED] - closeBrowser(): Browser is closed

2022-03-31 23:15:37 - [MESSAGE][PASSED] - Browser is closed

2022-03-31 23:15:37 - [TEST_STEP][PASSED] - ExecuteTC = findTestData(dataFile).getValue("Execute", row): null

2022-03-31 23:15:37 - [TEST_STEP][PASSED] - out.println("Value of Execute is : " + ExecuteTC): null

2022-03-31 23:15:37 - [TEST_STEP][PASSED] - switch (executionProfile): null

2022-03-31 23:15:37 - [TEST_STEP][PASSED] - case "QAProfile":: null

2022-03-31 23:15:37 - [TEST_STEP][PASSED] - appName = findTestData(dataFile).getValue("AppNameQA", row): null

2022-03-31 23:15:37 - [TEST_STEP][PASSED] - appID = findTestData(dataFile).getValue("AppIDQA", row): null

2022-03-31 23:15:37 - [TEST_STEP][PASSED] - break: null

2022-03-31 23:15:37 - [TEST_STEP][PASSED] - hrefAppID = li_1 + appID + li_2: null

2022-03-31 23:15:37 - [TEST_STEP][PASSED] - hrefApp = li_1 + appID + "/": null

2022-03-31 23:15:37 - [TEST_STEP][PASSED] - println("hrefApp : " + hrefApp): null

2022-03-31 23:15:37 - [TEST_STEP][PASSED] - if (ExecuteTC.equalsIgnoreCase("Y")): Browser is closed

2022-03-31 23:15:37 - [TEST_STEP][PASSED] - out.println("Begin Record Number: " + row): null

2022-03-31 23:15:37 - [TEST_STEP][PASSED] - today = new java.util.Date(): null

2022-03-31 23:15:37 - [TEST_STEP][PASSED] - println(today): null

2022-03-31 23:15:37 - [TEST_STEP][PASSED] - datText = today: null

2022-03-31 23:15:37 - [TEST_STEP][PASSED] - adminSuiteBootstrap.loginFunctionality.login_AdminSuite(): adminSuiteBootstrap.loginFunctionality.login_AdminSuite is PASSED

2022-03-31 23:15:37 - [MESSAGE][INFO] - Starting 'Chrome' driver

2022-03-31 23:15:37 - [MESSAGE][INFO] - User set preference: ['acceptInsecureCerts', 'true']

2022-03-31 23:15:37 - [MESSAGE][INFO] - Action delay is set to 0 milliseconds

2022-03-31 23:15:40 - [MESSAGE][PASSED] - Browser is opened with url: 'https://qa.velocitypayment.com/admin/imtiaz'

2022-03-31 23:15:40 - [MESSAGE][PASSED] - Current window maximized

2022-03-31 23:15:40 - [MESSAGE][PASSED] - Object 'Object Repository/Login_Page/Login_Username' is present

2022-03-31 23:15:41 - [MESSAGE][PASSED] - Text 'iahmed' is set on object 'Object Repository/Login_Page/Login_Username'

2022-03-31 23:15:42 - [MESSAGE][PASSED] - Text 'hello2222' is set on object 'Object Repository/Login_Page/Login_Password'

2022-03-31 23:15:46 - [MESSAGE][PASSED] - Object: 'Object Repository/Login_Page/Login_Submit' is clicked on

2022-03-31 23:15:46 - [MESSAGE][PASSED] - adminSuiteBootstrap.loginFunctionality.login_AdminSuite is PASSED

2022-03-31 23:15:46 - [TEST_STEP][PASSED] - click(findTestObject(path_Dashboard + appName)): Object: 'Object Repository/AdminSuiteBootstrap_Pages/Dashboard_Bootstrap/a_Access AutoSingleCFtpQA' is clicked on

2022-03-31 23:15:47 - [MESSAGE][PASSED] - Object: 'Object Repository/AdminSuiteBootstrap_Pages/Dashboard_Bootstrap/a_Access AutoSingleCFtpQA' is clicked on

2022-03-31 23:15:47 - [TEST_STEP][PASSED] - click(findTestObject(path_VT + "button_Authorization  Capture (Sale)")): Object: 'Object Repository/AdminSuiteBootstrap_Pages/VT_Bootstrap/IssueTransactions/button_Authorization  Capture (Sale)' is clicked on

2022-03-31 23:15:47 - [MESSAGE][PASSED] - Object: 'Object Repository/AdminSuiteBootstrap_Pages/VT_Bootstrap/IssueTransactions/button_Authorization  Capture (Sale)' is clicked on

2022-03-31 23:15:47 - [TEST_STEP][PASSED] - saleKeyboardEntryLink = modifyObjectProperty(findTestObject(path_VT + "a_KeyboardEntry_Sale"), "href", "equals", hrefAppID, true): Modify property of object successfully

2022-03-31 23:15:47 - [MESSAGE][PASSED] - Modify property of object successfully

2022-03-31 23:15:47 - [TEST_STEP][PASSED] - click(saleKeyboardEntryLink): Object: 'Object Repository/AdminSuiteBootstrap_Pages/VT_Bootstrap/IssueTransactions/a_KeyboardEntry_Sale' is clicked on

2022-03-31 23:15:48 - [MESSAGE][PASSED] - Object: 'Object Repository/AdminSuiteBootstrap_Pages/VT_Bootstrap/IssueTransactions/a_KeyboardEntry_Sale' is clicked on

2022-03-31 23:15:48 - [TEST_STEP][PASSED] - adminSuiteBootstrap.virtualTerminalSetData.saleKeyboard_DataDriven(row, dataFile): adminSuiteBootstrap.virtualTerminalSetData.saleKeyboard_DataDriven is PASSED

2022-03-31 23:15:51 - [MESSAGE][PASSED] - Text 'Tulsi Raman' is set on object 'Object Repository/AdminSuiteBootstrap_Pages/VT_Bootstrap/SaleKeyboard/input_cardName'

2022-03-31 23:15:52 - [MESSAGE][PASSED] - All options with value 'RETL' are selected in object 'Object Repository/AdminSuiteBootstrap_Pages/VT_Bootstrap/SaleKeyboard/select_transactionCategory'  using regular expression

2022-03-31 23:15:52 - [MESSAGE][PASSED] - Execute JavaScript 'arguments[0].value ='6011000993026909' ' successfully

2022-03-31 23:15:53 - [MESSAGE][PASSED] - Execute JavaScript 'arguments[0].value ='123' ' successfully

2022-03-31 23:15:54 - [MESSAGE][PASSED] - All options with value '12' are selected in object 'Object Repository/AdminSuiteBootstrap_Pages/VT_Bootstrap/SaleKeyboard/select_MM'  using regular expression

2022-03-31 23:15:55 - [MESSAGE][PASSED] - All options with value '2025' are selected in object 'Object Repository/AdminSuiteBootstrap_Pages/VT_Bootstrap/SaleKeyboard/select_YYYY'  using regular expression

2022-03-31 23:15:56 - [MESSAGE][PASSED] - Text '25987 Hill Top' is set on object 'Object Repository/AdminSuiteBootstrap_Pages/VT_Bootstrap/SaleKeyboard/input__address'

2022-03-31 23:15:56 - [MESSAGE][PASSED] - Text 'Suite 500' is set on object 'Object Repository/AdminSuiteBootstrap_Pages/VT_Bootstrap/SaleKeyboard/input__address2'

2022-03-31 23:15:57 - [MESSAGE][PASSED] - Text '22201' is set on object 'Object Repository/AdminSuiteBootstrap_Pages/VT_Bootstrap/SaleKeyboard/input__zip'

2022-03-31 23:15:58 - [MESSAGE][PASSED] - Text '' is set on object 'Object Repository/AdminSuiteBootstrap_Pages/VT_Bootstrap/SaleKeyboard/input_emailAddress'

2022-03-31 23:15:59 - [MESSAGE][PASSED] - Text '' is set on object 'Object Repository/AdminSuiteBootstrap_Pages/VT_Bootstrap/SaleKeyboard/input_smsNumber'

2022-03-31 23:16:00 - [MESSAGE][PASSED] - Text '10.50' is set on object 'Object Repository/AdminSuiteBootstrap_Pages/VT_Bootstrap/SaleKeyboard/input_amount'

2022-03-31 23:16:01 - [MESSAGE][PASSED] - Text 'Australia' is set on object 'Object Repository/AdminSuiteBootstrap_Pages/VT_Bootstrap/SaleKeyboard/input_userDefined1'

2022-03-31 23:16:02 - [MESSAGE][PASSED] - Text 'Denmark' is set on object 'Object Repository/AdminSuiteBootstrap_Pages/VT_Bootstrap/SaleKeyboard/input_userDefined2'

2022-03-31 23:16:02 - [MESSAGE][PASSED] - Text 'Sweden' is set on object 'Object Repository/AdminSuiteBootstrap_Pages/VT_Bootstrap/SaleKeyboard/input_userDefined3'

2022-03-31 23:16:03 - [MESSAGE][PASSED] - Text 'Austria' is set on object 'Object Repository/AdminSuiteBootstrap_Pages/VT_Bootstrap/SaleKeyboard/input_userDefined4'

2022-03-31 23:16:04 - [MESSAGE][PASSED] - All options with label 'Orange' are selected in object 'Object Repository/AdminSuiteBootstrap_Pages/VT_Bootstrap/SaleKeyboard/select_UDF5_DropDown'  using regular expression

2022-03-31 23:16:05 - [MESSAGE][PASSED] - All options with label 'Yellow' are selected in object 'Object Repository/AdminSuiteBootstrap_Pages/VT_Bootstrap/SaleKeyboard/select_UDF6_DropDown'  using regular expression

2022-03-31 23:16:06 - [MESSAGE][PASSED] - Text 'Norway' is set on object 'Object Repository/AdminSuiteBootstrap_Pages/VT_Bootstrap/SaleKeyboard/input_userDefined7'

2022-03-31 23:16:07 - [MESSAGE][PASSED] - Text 'Netherlands' is set on object 'Object Repository/AdminSuiteBootstrap_Pages/VT_Bootstrap/SaleKeyboard/input_userDefined8'

2022-03-31 23:16:07 - [MESSAGE][PASSED] - Text 'Switzerland' is set on object 'Object Repository/AdminSuiteBootstrap_Pages/VT_Bootstrap/SaleKeyboard/input_userDefined9'

2022-03-31 23:16:08 - [MESSAGE][PASSED] - Text 'France' is set on object 'Object Repository/AdminSuiteBootstrap_Pages/VT_Bootstrap/SaleKeyboard/input_userDefined10'

2022-03-31 23:16:09 - [MESSAGE][PASSED] - Object: 'Object Repository/AdminSuiteBootstrap_Pages/VT_Bootstrap/SaleKeyboard/button_Submit' is clicked on

2022-03-31 23:16:09 - [MESSAGE][PASSED] - adminSuiteBootstrap.virtualTerminalSetData.saleKeyboard_DataDriven is PASSED

2022-03-31 23:16:09 - [TEST_STEP][PASSED] - verifyTextPresent("Transaction Successful", true): Text 'Transaction Successful' is present on page  using regular expression

2022-03-31 23:16:10 - [MESSAGE][PASSED] - Text 'Transaction Successful' is present on page  using regular expression

2022-03-31 23:16:10 - [TEST_STEP][PASSED] - verifyElementVisible(findTestObject("Object Repository/AdminSuiteBootstrap_Pages/VT_Bootstrap/Receipt/button_Continue")): Object 'Object Repository/AdminSuiteBootstrap_Pages/VT_Bootstrap/Receipt/button_Continue' is visible

2022-03-31 23:16:10 - [MESSAGE][PASSED] - Object 'Object Repository/AdminSuiteBootstrap_Pages/VT_Bootstrap/Receipt/button_Continue' is visible

2022-03-31 23:16:10 - [TEST_STEP][PASSED] - verifyElementPresent(findTestObject("Object Repository/AdminSuiteBootstrap_Pages/VT_Bootstrap/Receipt/button_Continue"), 20): Object 'Object Repository/AdminSuiteBootstrap_Pages/VT_Bootstrap/Receipt/button_Continue' is present

2022-03-31 23:16:11 - [MESSAGE][PASSED] - Object 'Object Repository/AdminSuiteBootstrap_Pages/VT_Bootstrap/Receipt/button_Continue' is present

2022-03-31 23:16:11 - [TEST_STEP][PASSED] - verifyElementVisible(findTestObject("Object Repository/AdminSuiteBootstrap_Pages/VT_Bootstrap/Receipt/button_Print")): Object 'Object Repository/AdminSuiteBootstrap_Pages/VT_Bootstrap/Receipt/button_Print' is visible

2022-03-31 23:16:11 - [MESSAGE][PASSED] - Object 'Object Repository/AdminSuiteBootstrap_Pages/VT_Bootstrap/Receipt/button_Print' is visible

2022-03-31 23:16:11 - [TEST_STEP][PASSED] - verifyElementPresent(findTestObject("Object Repository/AdminSuiteBootstrap_Pages/VT_Bootstrap/Receipt/button_Print"), 20): Object 'Object Repository/AdminSuiteBootstrap_Pages/VT_Bootstrap/Receipt/button_Print' is present

2022-03-31 23:16:11 - [MESSAGE][PASSED] - Object 'Object Repository/AdminSuiteBootstrap_Pages/VT_Bootstrap/Receipt/button_Print' is present

2022-03-31 23:16:11 - [TEST_STEP][PASSED] - verifyTextPresent("Remittance ID", true): Text 'Remittance ID' is present on page  using regular expression

2022-03-31 23:16:12 - [MESSAGE][PASSED] - Text 'Remittance ID' is present on page  using regular expression

2022-03-31 23:16:12 - [TEST_STEP][PASSED] - verifyTextPresent("Received", true): Text 'Received' is present on page  using regular expression

2022-03-31 23:16:12 - [MESSAGE][PASSED] - Text 'Received' is present on page  using regular expression

2022-03-31 23:16:12 - [TEST_STEP][PASSED] - verifyTextPresent("UDF1", true): Text 'UDF1' is present on page  using regular expression

2022-03-31 23:16:12 - [MESSAGE][PASSED] - Text 'UDF1' is present on page  using regular expression

2022-03-31 23:16:12 - [TEST_STEP][PASSED] - verifyTextPresent("UDF2", true): Text 'UDF2' is present on page  using regular expression

2022-03-31 23:16:13 - [MESSAGE][PASSED] - Text 'UDF2' is present on page  using regular expression

2022-03-31 23:16:13 - [TEST_STEP][PASSED] - verifyTextPresent("UDF3", true): Text 'UDF3' is present on page  using regular expression

2022-03-31 23:16:13 - [MESSAGE][PASSED] - Text 'UDF3' is present on page  using regular expression

2022-03-31 23:16:13 - [TEST_STEP][PASSED] - verifyTextPresent("UDF4", true): Text 'UDF4' is present on page  using regular expression

2022-03-31 23:16:13 - [MESSAGE][PASSED] - Text 'UDF4' is present on page  using regular expression

2022-03-31 23:16:13 - [TEST_STEP][PASSED] - verifyTextPresent("UDF5", true): Text 'UDF5' is present on page  using regular expression

2022-03-31 23:16:14 - [MESSAGE][PASSED] - Text 'UDF5' is present on page  using regular expression

2022-03-31 23:16:14 - [TEST_STEP][PASSED] - verifyTextPresent("UDF6", true): Text 'UDF6' is present on page  using regular expression

2022-03-31 23:16:14 - [MESSAGE][PASSED] - Text 'UDF6' is present on page  using regular expression

2022-03-31 23:16:14 - [TEST_STEP][PASSED] - verifyTextPresent("UDF7", true): Text 'UDF7' is present on page  using regular expression

2022-03-31 23:16:15 - [MESSAGE][PASSED] - Text 'UDF7' is present on page  using regular expression

2022-03-31 23:16:15 - [TEST_STEP][PASSED] - verifyTextPresent("UDF8", true): Text 'UDF8' is present on page  using regular expression

2022-03-31 23:16:15 - [MESSAGE][PASSED] - Text 'UDF8' is present on page  using regular expression

2022-03-31 23:16:15 - [TEST_STEP][PASSED] - verifyTextPresent("UDF9", true): Text 'UDF9' is present on page  using regular expression

2022-03-31 23:16:15 - [MESSAGE][PASSED] - Text 'UDF9' is present on page  using regular expression

2022-03-31 23:16:15 - [TEST_STEP][PASSED] - verifyTextPresent("UDF 10", true): Text 'UDF 10' is present on page  using regular expression

2022-03-31 23:16:16 - [MESSAGE][PASSED] - Text 'UDF 10' is present on page  using regular expression

2022-03-31 23:16:16 - [TEST_STEP][PASSED] - verifyTextPresent("Australia", true): Text 'Australia' is present on page  using regular expression

2022-03-31 23:16:16 - [MESSAGE][PASSED] - Text 'Australia' is present on page  using regular expression

2022-03-31 23:16:16 - [TEST_STEP][PASSED] - verifyTextPresent("Denmark", true): Text 'Denmark' is present on page  using regular expression

2022-03-31 23:16:16 - [MESSAGE][PASSED] - Text 'Denmark' is present on page  using regular expression

2022-03-31 23:16:16 - [TEST_STEP][PASSED] - verifyTextPresent("Sweden", true): Text 'Sweden' is present on page  using regular expression

2022-03-31 23:16:17 - [MESSAGE][PASSED] - Text 'Sweden' is present on page  using regular expression

2022-03-31 23:16:17 - [TEST_STEP][PASSED] - verifyTextPresent("Austria", true): Text 'Austria' is present on page  using regular expression

2022-03-31 23:16:17 - [MESSAGE][PASSED] - Text 'Austria' is present on page  using regular expression

2022-03-31 23:16:17 - [TEST_STEP][PASSED] - verifyTextPresent("Orange Recorded", true): Text 'Orange Recorded' is present on page  using regular expression

2022-03-31 23:16:17 - [MESSAGE][PASSED] - Text 'Orange Recorded' is present on page  using regular expression

2022-03-31 23:16:17 - [TEST_STEP][PASSED] - verifyTextPresent("Yellow Recorded", true): Text 'Yellow Recorded' is present on page  using regular expression

2022-03-31 23:16:18 - [MESSAGE][PASSED] - Text 'Yellow Recorded' is present on page  using regular expression

2022-03-31 23:16:18 - [TEST_STEP][PASSED] - verifyTextPresent("Norway", true): Text 'Norway' is present on page  using regular expression

2022-03-31 23:16:18 - [MESSAGE][PASSED] - Text 'Norway' is present on page  using regular expression

2022-03-31 23:16:18 - [TEST_STEP][PASSED] - verifyTextPresent("Netherlands", true): Text 'Netherlands' is present on page  using regular expression

2022-03-31 23:16:18 - [MESSAGE][PASSED] - Text 'Netherlands' is present on page  using regular expression

2022-03-31 23:16:18 - [TEST_STEP][PASSED] - verifyTextPresent("Switzerland", true): Text 'Switzerland' is present on page  using regular expression

2022-03-31 23:16:19 - [MESSAGE][PASSED] - Text 'Switzerland' is present on page  using regular expression

2022-03-31 23:16:19 - [TEST_STEP][PASSED] - verifyTextPresent("France", true): Text 'France' is present on page  using regular expression

2022-03-31 23:16:19 - [MESSAGE][PASSED] - Text 'France' is present on page  using regular expression

2022-03-31 23:16:19 - [TEST_STEP][PASSED] - verifyTextPresent("Card Information", true): Text 'Card Information' is present on page  using regular expression

2022-03-31 23:16:19 - [MESSAGE][PASSED] - Text 'Card Information' is present on page  using regular expression

2022-03-31 23:16:19 - [TEST_STEP][PASSED] - verifyTextPresent("Amount", true): Text 'Amount' is present on page  using regular expression

2022-03-31 23:16:20 - [MESSAGE][PASSED] - Text 'Amount' is present on page  using regular expression

2022-03-31 23:16:20 - [TEST_STEP][PASSED] - verifyTextPresent("Service Fee", true): Text 'Service Fee' is present on page  using regular expression

2022-03-31 23:16:20 - [MESSAGE][PASSED] - Text 'Service Fee' is present on page  using regular expression

2022-03-31 23:16:20 - [TEST_STEP][PASSED] - verifyTextPresent("Service Fee Type", true): Text 'Service Fee Type' is present on page  using regular expression

2022-03-31 23:16:20 - [MESSAGE][PASSED] - Text 'Service Fee Type' is present on page  using regular expression

2022-03-31 23:16:20 - [TEST_STEP][PASSED] - verifyTextPresent("Total Amount", true): Text 'Total Amount' is present on page  using regular expression

2022-03-31 23:16:21 - [MESSAGE][PASSED] - Text 'Total Amount' is present on page  using regular expression

2022-03-31 23:16:21 - [TEST_STEP][PASSED] - verifyTextPresent("Transaction Type", true): Text 'Transaction Type' is present on page  using regular expression

2022-03-31 23:16:21 - [MESSAGE][PASSED] - Text 'Transaction Type' is present on page  using regular expression

2022-03-31 23:16:21 - [TEST_STEP][PASSED] - verifyTextPresent("10.50", true): Text '10.50' is present on page  using regular expression

2022-03-31 23:16:21 - [MESSAGE][PASSED] - Text '10.50' is present on page  using regular expression

2022-03-31 23:16:21 - [TEST_STEP][PASSED] - verifyTextPresent("5.00", true): Text '5.00' is present on page  using regular expression

2022-03-31 23:16:22 - [MESSAGE][PASSED] - Text '5.00' is present on page  using regular expression

2022-03-31 23:16:22 - [TEST_STEP][PASSED] - verifyTextPresent("Single Transaction", true): Text 'Single Transaction' is present on page  using regular expression

2022-03-31 23:16:22 - [MESSAGE][PASSED] - Text 'Single Transaction' is present on page  using regular expression

2022-03-31 23:16:22 - [TEST_STEP][PASSED] - verifyTextPresent("15.50", true): Text '15.50' is present on page  using regular expression

2022-03-31 23:16:22 - [MESSAGE][PASSED] - Text '15.50' is present on page  using regular expression

2022-03-31 23:16:22 - [TEST_STEP][PASSED] - verifyTextPresent("Authorization and Capture", true): Text 'Authorization and Capture' is present on page  using regular expression

2022-03-31 23:16:23 - [MESSAGE][PASSED] - Text 'Authorization and Capture' is present on page  using regular expression

2022-03-31 23:16:23 - [TEST_STEP][PASSED] - cardNameV = findTestData(dataFile).getValue("CardNameV", row): null

2022-03-31 23:16:23 - [TEST_STEP][PASSED] - al1V = findTestData(dataFile).getValue("AL1", row): null

2022-03-31 23:16:23 - [TEST_STEP][PASSED] - al2V = findTestData(dataFile).getValue("AL2", row): null

2022-03-31 23:16:23 - [TEST_STEP][PASSED] - zipV = findTestData(dataFile).getValue("ZIP", row): null

2022-03-31 23:16:23 - [TEST_STEP][PASSED] - cardTypeV = findTestData(dataFile).getValue("CardType", row): null

2022-03-31 23:16:23 - [TEST_STEP][PASSED] - last4V = findTestData(dataFile).getValue("Last4", row): null

2022-03-31 23:16:23 - [TEST_STEP][PASSED] - verifyTextPresent(cardNameV, true): Text 'TULSI RAMAN' is present on page  using regular expression

2022-03-31 23:16:24 - [MESSAGE][PASSED] - Text 'TULSI RAMAN' is present on page  using regular expression

2022-03-31 23:16:24 - [TEST_STEP][PASSED] - verifyTextPresent("Address Line 1", true): Text 'Address Line 1' is present on page  using regular expression

2022-03-31 23:16:24 - [MESSAGE][PASSED] - Text 'Address Line 1' is present on page  using regular expression

2022-03-31 23:16:24 - [TEST_STEP][PASSED] - verifyTextPresent("Address Line 2", true): Text 'Address Line 2' is present on page  using regular expression

2022-03-31 23:16:24 - [MESSAGE][PASSED] - Text 'Address Line 2' is present on page  using regular expression

2022-03-31 23:16:24 - [TEST_STEP][PASSED] - verifyTextPresent("Country", true): Text 'Country' is present on page  using regular expression

2022-03-31 23:16:25 - [MESSAGE][PASSED] - Text 'Country' is present on page  using regular expression

2022-03-31 23:16:25 - [TEST_STEP][PASSED] - verifyTextPresent("City", true): Text 'City' is present on page  using regular expression

2022-03-31 23:16:25 - [MESSAGE][PASSED] - Text 'City' is present on page  using regular expression

2022-03-31 23:16:25 - [TEST_STEP][PASSED] - verifyTextPresent("State", true): Text 'State' is present on page  using regular expression

2022-03-31 23:16:25 - [MESSAGE][PASSED] - Text 'State' is present on page  using regular expression

2022-03-31 23:16:25 - [TEST_STEP][PASSED] - verifyTextPresent("ZIP Code", true): Text 'ZIP Code' is present on page  using regular expression

2022-03-31 23:16:26 - [MESSAGE][PASSED] - Text 'ZIP Code' is present on page  using regular expression

2022-03-31 23:16:26 - [TEST_STEP][PASSED] - verifyTextPresent(al1V, true): Text '25987 Hill Top' is present on page  using regular expression

2022-03-31 23:16:26 - [MESSAGE][PASSED] - Text '25987 Hill Top' is present on page  using regular expression

2022-03-31 23:16:26 - [TEST_STEP][PASSED] - verifyTextPresent(al2V, true): Text 'Suite 500' is present on page  using regular expression

2022-03-31 23:16:26 - [MESSAGE][PASSED] - Text 'Suite 500' is present on page  using regular expression

2022-03-31 23:16:26 - [TEST_STEP][PASSED] - verifyTextPresent("United States", true): Text 'United States' is present on page  using regular expression

2022-03-31 23:16:27 - [MESSAGE][PASSED] - Text 'United States' is present on page  using regular expression

2022-03-31 23:16:27 - [TEST_STEP][PASSED] - verifyTextPresent("ARLINGTON", true): Text 'ARLINGTON' is present on page  using regular expression

2022-03-31 23:16:27 - [MESSAGE][PASSED] - Text 'ARLINGTON' is present on page  using regular expression

2022-03-31 23:16:27 - [TEST_STEP][PASSED] - verifyTextPresent("Virginia", true): Text 'Virginia' is present on page  using regular expression

2022-03-31 23:16:27 - [MESSAGE][PASSED] - Text 'Virginia' is present on page  using regular expression

2022-03-31 23:16:27 - [TEST_STEP][PASSED] - verifyTextPresent(zipV, true): Text '22201' is present on page  using regular expression

2022-03-31 23:16:28 - [MESSAGE][PASSED] - Text '22201' is present on page  using regular expression

2022-03-31 23:16:28 - [TEST_STEP][PASSED] - verifyTextPresent(cardTypeV, true): Text 'Discover' is present on page  using regular expression

2022-03-31 23:16:28 - [MESSAGE][PASSED] - Text 'Discover' is present on page  using regular expression

2022-03-31 23:16:28 - [TEST_STEP][PASSED] - verifyTextPresent(last4V, true): Text '6909' is present on page  using regular expression

2022-03-31 23:16:28 - [MESSAGE][PASSED] - Text '6909' is present on page  using regular expression

2022-03-31 23:16:28 - [TEST_STEP][PASSED] - closeBrowser(): Browser is closed

2022-03-31 23:16:29 - [MESSAGE][PASSED] - Browser is closed

2022-03-31 23:16:29 - [TEST_STEP][PASSED] - ExecuteTC = findTestData(dataFile).getValue("Execute", row): null

2022-03-31 23:16:29 - [TEST_STEP][PASSED] - out.println("Value of Execute is : " + ExecuteTC): null

2022-03-31 23:16:29 - [TEST_STEP][PASSED] - switch (executionProfile): null

2022-03-31 23:16:29 - [TEST_STEP][PASSED] - case "QAProfile":: null

2022-03-31 23:16:29 - [TEST_STEP][PASSED] - appName = findTestData(dataFile).getValue("AppNameQA", row): null

2022-03-31 23:16:29 - [TEST_STEP][PASSED] - appID = findTestData(dataFile).getValue("AppIDQA", row): null

2022-03-31 23:16:30 - [TEST_STEP][PASSED] - break: null

2022-03-31 23:16:30 - [TEST_STEP][PASSED] - hrefAppID = li_1 + appID + li_2: null

2022-03-31 23:16:30 - [TEST_STEP][PASSED] - hrefApp = li_1 + appID + "/": null

2022-03-31 23:16:30 - [TEST_STEP][PASSED] - println("hrefApp : " + hrefApp): null

2022-03-31 23:16:30 - [TEST_STEP][PASSED] - if (ExecuteTC.equalsIgnoreCase("Y")): Browser is closed

2022-03-31 23:16:30 - [TEST_STEP][PASSED] - out.println("Begin Record Number: " + row): null

2022-03-31 23:16:30 - [TEST_STEP][PASSED] - today = new java.util.Date(): null

2022-03-31 23:16:30 - [TEST_STEP][PASSED] - println(today): null

2022-03-31 23:16:30 - [TEST_STEP][PASSED] - datText = today: null

2022-03-31 23:16:30 - [TEST_STEP][PASSED] - adminSuiteBootstrap.loginFunctionality.login_AdminSuite(): adminSuiteBootstrap.loginFunctionality.login_AdminSuite is PASSED

2022-03-31 23:16:30 - [MESSAGE][INFO] - Starting 'Chrome' driver

2022-03-31 23:16:30 - [MESSAGE][INFO] - User set preference: ['acceptInsecureCerts', 'true']

2022-03-31 23:16:30 - [MESSAGE][INFO] - Action delay is set to 0 milliseconds

2022-03-31 23:16:32 - [MESSAGE][PASSED] - Browser is opened with url: 'https://qa.velocitypayment.com/admin/imtiaz'

2022-03-31 23:16:33 - [MESSAGE][PASSED] - Current window maximized

2022-03-31 23:16:33 - [MESSAGE][PASSED] - Object 'Object Repository/Login_Page/Login_Username' is present

2022-03-31 23:16:34 - [MESSAGE][PASSED] - Text 'iahmed' is set on object 'Object Repository/Login_Page/Login_Username'

2022-03-31 23:16:34 - [MESSAGE][PASSED] - Text 'hello2222' is set on object 'Object Repository/Login_Page/Login_Password'

2022-03-31 23:16:37 - [MESSAGE][PASSED] - Object: 'Object Repository/Login_Page/Login_Submit' is clicked on

2022-03-31 23:16:37 - [MESSAGE][PASSED] - adminSuiteBootstrap.loginFunctionality.login_AdminSuite is PASSED

2022-03-31 23:16:37 - [TEST_STEP][PASSED] - click(findTestObject(path_Dashboard + appName)): Object: 'Object Repository/AdminSuiteBootstrap_Pages/Dashboard_Bootstrap/a_Access AutoSingleCFtpQA' is clicked on

2022-03-31 23:16:38 - [MESSAGE][PASSED] - Object: 'Object Repository/AdminSuiteBootstrap_Pages/Dashboard_Bootstrap/a_Access AutoSingleCFtpQA' is clicked on

2022-03-31 23:16:38 - [TEST_STEP][PASSED] - click(findTestObject(path_VT + "button_Authorization  Capture (Sale)")): Object: 'Object Repository/AdminSuiteBootstrap_Pages/VT_Bootstrap/IssueTransactions/button_Authorization  Capture (Sale)' is clicked on

2022-03-31 23:16:39 - [MESSAGE][PASSED] - Object: 'Object Repository/AdminSuiteBootstrap_Pages/VT_Bootstrap/IssueTransactions/button_Authorization  Capture (Sale)' is clicked on

2022-03-31 23:16:39 - [TEST_STEP][PASSED] - saleKeyboardEntryLink = modifyObjectProperty(findTestObject(path_VT + "a_KeyboardEntry_Sale"), "href", "equals", hrefAppID, true): Modify property of object successfully

2022-03-31 23:16:39 - [MESSAGE][PASSED] - Modify property of object successfully

2022-03-31 23:16:39 - [TEST_STEP][PASSED] - click(saleKeyboardEntryLink): Object: 'Object Repository/AdminSuiteBootstrap_Pages/VT_Bootstrap/IssueTransactions/a_KeyboardEntry_Sale' is clicked on

2022-03-31 23:16:39 - [MESSAGE][PASSED] - Object: 'Object Repository/AdminSuiteBootstrap_Pages/VT_Bootstrap/IssueTransactions/a_KeyboardEntry_Sale' is clicked on

2022-03-31 23:16:39 - [TEST_STEP][PASSED] - adminSuiteBootstrap.virtualTerminalSetData.saleKeyboard_DataDriven(row, dataFile): adminSuiteBootstrap.virtualTerminalSetData.saleKeyboard_DataDriven is PASSED

2022-03-31 23:16:42 - [MESSAGE][PASSED] - Text 'Janaki James' is set on object 'Object Repository/AdminSuiteBootstrap_Pages/VT_Bootstrap/SaleKeyboard/input_cardName'

2022-03-31 23:16:43 - [MESSAGE][PASSED] - All options with value 'MOTO' are selected in object 'Object Repository/AdminSuiteBootstrap_Pages/VT_Bootstrap/SaleKeyboard/select_transactionCategory'  using regular expression

2022-03-31 23:16:44 - [MESSAGE][PASSED] - Execute JavaScript 'arguments[0].value ='4012000098765439' ' successfully

2022-03-31 23:16:44 - [MESSAGE][PASSED] - Execute JavaScript 'arguments[0].value ='123' ' successfully

2022-03-31 23:16:45 - [MESSAGE][PASSED] - All options with value '12' are selected in object 'Object Repository/AdminSuiteBootstrap_Pages/VT_Bootstrap/SaleKeyboard/select_MM'  using regular expression

2022-03-31 23:16:47 - [MESSAGE][PASSED] - All options with value '2025' are selected in object 'Object Repository/AdminSuiteBootstrap_Pages/VT_Bootstrap/SaleKeyboard/select_YYYY'  using regular expression

2022-03-31 23:16:47 - [MESSAGE][PASSED] - Text '36 Cornor Road' is set on object 'Object Repository/AdminSuiteBootstrap_Pages/VT_Bootstrap/SaleKeyboard/input__address'

2022-03-31 23:16:48 - [MESSAGE][PASSED] - Text 'Suite 500' is set on object 'Object Repository/AdminSuiteBootstrap_Pages/VT_Bootstrap/SaleKeyboard/input__address2'

2022-03-31 23:16:49 - [MESSAGE][PASSED] - Text '22201' is set on object 'Object Repository/AdminSuiteBootstrap_Pages/VT_Bootstrap/SaleKeyboard/input__zip'

2022-03-31 23:16:49 - [MESSAGE][PASSED] - Text '' is set on object 'Object Repository/AdminSuiteBootstrap_Pages/VT_Bootstrap/SaleKeyboard/input_emailAddress'

2022-03-31 23:16:51 - [MESSAGE][PASSED] - Text '' is set on object 'Object Repository/AdminSuiteBootstrap_Pages/VT_Bootstrap/SaleKeyboard/input_smsNumber'

2022-03-31 23:16:51 - [MESSAGE][PASSED] - Text '10.50' is set on object 'Object Repository/AdminSuiteBootstrap_Pages/VT_Bootstrap/SaleKeyboard/input_amount'

2022-03-31 23:16:53 - [MESSAGE][PASSED] - Text 'Australia' is set on object 'Object Repository/AdminSuiteBootstrap_Pages/VT_Bootstrap/SaleKeyboard/input_userDefined1'

2022-03-31 23:16:53 - [MESSAGE][PASSED] - Text 'Denmark' is set on object 'Object Repository/AdminSuiteBootstrap_Pages/VT_Bootstrap/SaleKeyboard/input_userDefined2'

2022-03-31 23:16:54 - [MESSAGE][PASSED] - Text 'Sweden' is set on object 'Object Repository/AdminSuiteBootstrap_Pages/VT_Bootstrap/SaleKeyboard/input_userDefined3'

2022-03-31 23:16:55 - [MESSAGE][PASSED] - Text 'Austria' is set on object 'Object Repository/AdminSuiteBootstrap_Pages/VT_Bootstrap/SaleKeyboard/input_userDefined4'

2022-03-31 23:16:56 - [MESSAGE][PASSED] - All options with label 'Orange' are selected in object 'Object Repository/AdminSuiteBootstrap_Pages/VT_Bootstrap/SaleKeyboard/select_UDF5_DropDown'  using regular expression

2022-03-31 23:16:57 - [MESSAGE][PASSED] - All options with label 'Yellow' are selected in object 'Object Repository/AdminSuiteBootstrap_Pages/VT_Bootstrap/SaleKeyboard/select_UDF6_DropDown'  using regular expression

2022-03-31 23:16:57 - [MESSAGE][PASSED] - Text 'Norway' is set on object 'Object Repository/AdminSuiteBootstrap_Pages/VT_Bootstrap/SaleKeyboard/input_userDefined7'

2022-03-31 23:16:58 - [MESSAGE][PASSED] - Text 'Netherlands' is set on object 'Object Repository/AdminSuiteBootstrap_Pages/VT_Bootstrap/SaleKeyboard/input_userDefined8'

2022-03-31 23:16:59 - [MESSAGE][PASSED] - Text 'Switzerland' is set on object 'Object Repository/AdminSuiteBootstrap_Pages/VT_Bootstrap/SaleKeyboard/input_userDefined9'

2022-03-31 23:17:00 - [MESSAGE][PASSED] - Text 'France' is set on object 'Object Repository/AdminSuiteBootstrap_Pages/VT_Bootstrap/SaleKeyboard/input_userDefined10'

2022-03-31 23:17:01 - [MESSAGE][PASSED] - Object: 'Object Repository/AdminSuiteBootstrap_Pages/VT_Bootstrap/SaleKeyboard/button_Submit' is clicked on

2022-03-31 23:17:01 - [MESSAGE][PASSED] - adminSuiteBootstrap.virtualTerminalSetData.saleKeyboard_DataDriven is PASSED

2022-03-31 23:17:01 - [TEST_STEP][PASSED] - verifyTextPresent("Transaction Successful", true): Text 'Transaction Successful' is present on page  using regular expression

2022-03-31 23:17:02 - [MESSAGE][PASSED] - Text 'Transaction Successful' is present on page  using regular expression

2022-03-31 23:17:02 - [TEST_STEP][PASSED] - verifyElementVisible(findTestObject("Object Repository/AdminSuiteBootstrap_Pages/VT_Bootstrap/Receipt/button_Continue")): Object 'Object Repository/AdminSuiteBootstrap_Pages/VT_Bootstrap/Receipt/button_Continue' is visible

2022-03-31 23:17:02 - [MESSAGE][PASSED] - Object 'Object Repository/AdminSuiteBootstrap_Pages/VT_Bootstrap/Receipt/button_Continue' is visible

2022-03-31 23:17:02 - [TEST_STEP][PASSED] - verifyElementPresent(findTestObject("Object Repository/AdminSuiteBootstrap_Pages/VT_Bootstrap/Receipt/button_Continue"), 20): Object 'Object Repository/AdminSuiteBootstrap_Pages/VT_Bootstrap/Receipt/button_Continue' is present

2022-03-31 23:17:02 - [MESSAGE][PASSED] - Object 'Object Repository/AdminSuiteBootstrap_Pages/VT_Bootstrap/Receipt/button_Continue' is present

2022-03-31 23:17:02 - [TEST_STEP][PASSED] - verifyElementVisible(findTestObject("Object Repository/AdminSuiteBootstrap_Pages/VT_Bootstrap/Receipt/button_Print")): Object 'Object Repository/AdminSuiteBootstrap_Pages/VT_Bootstrap/Receipt/button_Print' is visible

2022-03-31 23:17:03 - [MESSAGE][PASSED] - Object 'Object Repository/AdminSuiteBootstrap_Pages/VT_Bootstrap/Receipt/button_Print' is visible

2022-03-31 23:17:03 - [TEST_STEP][PASSED] - verifyElementPresent(findTestObject("Object Repository/AdminSuiteBootstrap_Pages/VT_Bootstrap/Receipt/button_Print"), 20): Object 'Object Repository/AdminSuiteBootstrap_Pages/VT_Bootstrap/Receipt/button_Print' is present

2022-03-31 23:17:03 - [MESSAGE][PASSED] - Object 'Object Repository/AdminSuiteBootstrap_Pages/VT_Bootstrap/Receipt/button_Print' is present

2022-03-31 23:17:03 - [TEST_STEP][PASSED] - verifyTextPresent("Remittance ID", true): Text 'Remittance ID' is present on page  using regular expression

2022-03-31 23:17:03 - [MESSAGE][PASSED] - Text 'Remittance ID' is present on page  using regular expression

2022-03-31 23:17:03 - [TEST_STEP][PASSED] - verifyTextPresent("Received", true): Text 'Received' is present on page  using regular expression

2022-03-31 23:17:04 - [MESSAGE][PASSED] - Text 'Received' is present on page  using regular expression

2022-03-31 23:17:04 - [TEST_STEP][PASSED] - verifyTextPresent("UDF1", true): Text 'UDF1' is present on page  using regular expression

2022-03-31 23:17:04 - [MESSAGE][PASSED] - Text 'UDF1' is present on page  using regular expression

2022-03-31 23:17:04 - [TEST_STEP][PASSED] - verifyTextPresent("UDF2", true): Text 'UDF2' is present on page  using regular expression

2022-03-31 23:17:04 - [MESSAGE][PASSED] - Text 'UDF2' is present on page  using regular expression

2022-03-31 23:17:04 - [TEST_STEP][PASSED] - verifyTextPresent("UDF3", true): Text 'UDF3' is present on page  using regular expression

2022-03-31 23:17:05 - [MESSAGE][PASSED] - Text 'UDF3' is present on page  using regular expression

2022-03-31 23:17:05 - [TEST_STEP][PASSED] - verifyTextPresent("UDF4", true): Text 'UDF4' is present on page  using regular expression

2022-03-31 23:17:05 - [MESSAGE][PASSED] - Text 'UDF4' is present on page  using regular expression

2022-03-31 23:17:05 - [TEST_STEP][PASSED] - verifyTextPresent("UDF5", true): Text 'UDF5' is present on page  using regular expression

2022-03-31 23:17:05 - [MESSAGE][PASSED] - Text 'UDF5' is present on page  using regular expression

2022-03-31 23:17:05 - [TEST_STEP][PASSED] - verifyTextPresent("UDF6", true): Text 'UDF6' is present on page  using regular expression

2022-03-31 23:17:06 - [MESSAGE][PASSED] - Text 'UDF6' is present on page  using regular expression

2022-03-31 23:17:06 - [TEST_STEP][PASSED] - verifyTextPresent("UDF7", true): Text 'UDF7' is present on page  using regular expression

2022-03-31 23:17:06 - [MESSAGE][PASSED] - Text 'UDF7' is present on page  using regular expression

2022-03-31 23:17:06 - [TEST_STEP][PASSED] - verifyTextPresent("UDF8", true): Text 'UDF8' is present on page  using regular expression

2022-03-31 23:17:06 - [MESSAGE][PASSED] - Text 'UDF8' is present on page  using regular expression

2022-03-31 23:17:06 - [TEST_STEP][PASSED] - verifyTextPresent("UDF9", true): Text 'UDF9' is present on page  using regular expression

2022-03-31 23:17:07 - [MESSAGE][PASSED] - Text 'UDF9' is present on page  using regular expression

2022-03-31 23:17:07 - [TEST_STEP][PASSED] - verifyTextPresent("UDF 10", true): Text 'UDF 10' is present on page  using regular expression

2022-03-31 23:17:07 - [MESSAGE][PASSED] - Text 'UDF 10' is present on page  using regular expression

2022-03-31 23:17:07 - [TEST_STEP][PASSED] - verifyTextPresent("Australia", true): Text 'Australia' is present on page  using regular expression

2022-03-31 23:17:07 - [MESSAGE][PASSED] - Text 'Australia' is present on page  using regular expression

2022-03-31 23:17:07 - [TEST_STEP][PASSED] - verifyTextPresent("Denmark", true): Text 'Denmark' is present on page  using regular expression

2022-03-31 23:17:08 - [MESSAGE][PASSED] - Text 'Denmark' is present on page  using regular expression

2022-03-31 23:17:08 - [TEST_STEP][PASSED] - verifyTextPresent("Sweden", true): Text 'Sweden' is present on page  using regular expression

2022-03-31 23:17:08 - [MESSAGE][PASSED] - Text 'Sweden' is present on page  using regular expression

2022-03-31 23:17:08 - [TEST_STEP][PASSED] - verifyTextPresent("Austria", true): Text 'Austria' is present on page  using regular expression

2022-03-31 23:17:08 - [MESSAGE][PASSED] - Text 'Austria' is present on page  using regular expression

2022-03-31 23:17:08 - [TEST_STEP][PASSED] - verifyTextPresent("Orange Recorded", true): Text 'Orange Recorded' is present on page  using regular expression

2022-03-31 23:17:09 - [MESSAGE][PASSED] - Text 'Orange Recorded' is present on page  using regular expression

2022-03-31 23:17:09 - [TEST_STEP][PASSED] - verifyTextPresent("Yellow Recorded", true): Text 'Yellow Recorded' is present on page  using regular expression

2022-03-31 23:17:09 - [MESSAGE][PASSED] - Text 'Yellow Recorded' is present on page  using regular expression

2022-03-31 23:17:09 - [TEST_STEP][PASSED] - verifyTextPresent("Norway", true): Text 'Norway' is present on page  using regular expression

2022-03-31 23:17:10 - [MESSAGE][PASSED] - Text 'Norway' is present on page  using regular expression

2022-03-31 23:17:10 - [TEST_STEP][PASSED] - verifyTextPresent("Netherlands", true): Text 'Netherlands' is present on page  using regular expression

2022-03-31 23:17:10 - [MESSAGE][PASSED] - Text 'Netherlands' is present on page  using regular expression

2022-03-31 23:17:10 - [TEST_STEP][PASSED] - verifyTextPresent("Switzerland", true): Text 'Switzerland' is present on page  using regular expression

2022-03-31 23:17:10 - [MESSAGE][PASSED] - Text 'Switzerland' is present on page  using regular expression

2022-03-31 23:17:10 - [TEST_STEP][PASSED] - verifyTextPresent("France", true): Text 'France' is present on page  using regular expression

2022-03-31 23:17:11 - [MESSAGE][PASSED] - Text 'France' is present on page  using regular expression

2022-03-31 23:17:11 - [TEST_STEP][PASSED] - verifyTextPresent("Card Information", true): Text 'Card Information' is present on page  using regular expression

2022-03-31 23:17:11 - [MESSAGE][PASSED] - Text 'Card Information' is present on page  using regular expression

2022-03-31 23:17:11 - [TEST_STEP][PASSED] - verifyTextPresent("Amount", true): Text 'Amount' is present on page  using regular expression

2022-03-31 23:17:11 - [MESSAGE][PASSED] - Text 'Amount' is present on page  using regular expression

2022-03-31 23:17:11 - [TEST_STEP][PASSED] - verifyTextPresent("Service Fee", true): Text 'Service Fee' is present on page  using regular expression

2022-03-31 23:17:11 - [MESSAGE][PASSED] - Text 'Service Fee' is present on page  using regular expression

2022-03-31 23:17:11 - [TEST_STEP][PASSED] - verifyTextPresent("Service Fee Type", true): Text 'Service Fee Type' is present on page  using regular expression

2022-03-31 23:17:12 - [MESSAGE][PASSED] - Text 'Service Fee Type' is present on page  using regular expression

2022-03-31 23:17:12 - [TEST_STEP][PASSED] - verifyTextPresent("Total Amount", true): Text 'Total Amount' is present on page  using regular expression

2022-03-31 23:17:12 - [MESSAGE][PASSED] - Text 'Total Amount' is present on page  using regular expression

2022-03-31 23:17:12 - [TEST_STEP][PASSED] - verifyTextPresent("Transaction Type", true): Text 'Transaction Type' is present on page  using regular expression

2022-03-31 23:17:13 - [MESSAGE][PASSED] - Text 'Transaction Type' is present on page  using regular expression

2022-03-31 23:17:13 - [TEST_STEP][PASSED] - verifyTextPresent("10.50", true): Text '10.50' is present on page  using regular expression

2022-03-31 23:17:13 - [MESSAGE][PASSED] - Text '10.50' is present on page  using regular expression

2022-03-31 23:17:13 - [TEST_STEP][PASSED] - verifyTextPresent("5.00", true): Text '5.00' is present on page  using regular expression

2022-03-31 23:17:13 - [MESSAGE][PASSED] - Text '5.00' is present on page  using regular expression

2022-03-31 23:17:13 - [TEST_STEP][PASSED] - verifyTextPresent("Single Transaction", true): Text 'Single Transaction' is present on page  using regular expression

2022-03-31 23:17:14 - [MESSAGE][PASSED] - Text 'Single Transaction' is present on page  using regular expression

2022-03-31 23:17:14 - [TEST_STEP][PASSED] - verifyTextPresent("15.50", true): Text '15.50' is present on page  using regular expression

2022-03-31 23:17:14 - [MESSAGE][PASSED] - Text '15.50' is present on page  using regular expression

2022-03-31 23:17:14 - [TEST_STEP][PASSED] - verifyTextPresent("Authorization and Capture", true): Text 'Authorization and Capture' is present on page  using regular expression

2022-03-31 23:17:14 - [MESSAGE][PASSED] - Text 'Authorization and Capture' is present on page  using regular expression

2022-03-31 23:17:14 - [TEST_STEP][PASSED] - cardNameV = findTestData(dataFile).getValue("CardNameV", row): null

2022-03-31 23:17:14 - [TEST_STEP][PASSED] - al1V = findTestData(dataFile).getValue("AL1", row): null

2022-03-31 23:17:14 - [TEST_STEP][PASSED] - al2V = findTestData(dataFile).getValue("AL2", row): null

2022-03-31 23:17:14 - [TEST_STEP][PASSED] - zipV = findTestData(dataFile).getValue("ZIP", row): null

2022-03-31 23:17:15 - [TEST_STEP][PASSED] - cardTypeV = findTestData(dataFile).getValue("CardType", row): null

2022-03-31 23:17:15 - [TEST_STEP][PASSED] - last4V = findTestData(dataFile).getValue("Last4", row): null

2022-03-31 23:17:15 - [TEST_STEP][PASSED] - verifyTextPresent(cardNameV, true): Text 'JANAKI JAMES' is present on page  using regular expression

2022-03-31 23:17:15 - [MESSAGE][PASSED] - Text 'JANAKI JAMES' is present on page  using regular expression

2022-03-31 23:17:15 - [TEST_STEP][PASSED] - verifyTextPresent("Address Line 1", true): Text 'Address Line 1' is present on page  using regular expression

2022-03-31 23:17:15 - [MESSAGE][PASSED] - Text 'Address Line 1' is present on page  using regular expression

2022-03-31 23:17:15 - [TEST_STEP][PASSED] - verifyTextPresent("Address Line 2", true): Text 'Address Line 2' is present on page  using regular expression

2022-03-31 23:17:16 - [MESSAGE][PASSED] - Text 'Address Line 2' is present on page  using regular expression

2022-03-31 23:17:16 - [TEST_STEP][PASSED] - verifyTextPresent("Country", true): Text 'Country' is present on page  using regular expression

2022-03-31 23:17:16 - [MESSAGE][PASSED] - Text 'Country' is present on page  using regular expression

2022-03-31 23:17:16 - [TEST_STEP][PASSED] - verifyTextPresent("City", true): Text 'City' is present on page  using regular expression

2022-03-31 23:17:16 - [MESSAGE][PASSED] - Text 'City' is present on page  using regular expression

2022-03-31 23:17:16 - [TEST_STEP][PASSED] - verifyTextPresent("State", true): Text 'State' is present on page  using regular expression

2022-03-31 23:17:17 - [MESSAGE][PASSED] - Text 'State' is present on page  using regular expression

2022-03-31 23:17:17 - [TEST_STEP][PASSED] - verifyTextPresent("ZIP Code", true): Text 'ZIP Code' is present on page  using regular expression

2022-03-31 23:17:17 - [MESSAGE][PASSED] - Text 'ZIP Code' is present on page  using regular expression

2022-03-31 23:17:17 - [TEST_STEP][PASSED] - verifyTextPresent(al1V, true): Text '36 Cornor Road' is present on page  using regular expression

2022-03-31 23:17:17 - [MESSAGE][PASSED] - Text '36 Cornor Road' is present on page  using regular expression

2022-03-31 23:17:17 - [TEST_STEP][PASSED] - verifyTextPresent(al2V, true): Text 'Suite 500' is present on page  using regular expression

2022-03-31 23:17:18 - [MESSAGE][PASSED] - Text 'Suite 500' is present on page  using regular expression

2022-03-31 23:17:18 - [TEST_STEP][PASSED] - verifyTextPresent("United States", true): Text 'United States' is present on page  using regular expression

2022-03-31 23:17:18 - [MESSAGE][PASSED] - Text 'United States' is present on page  using regular expression

2022-03-31 23:17:18 - [TEST_STEP][PASSED] - verifyTextPresent("ARLINGTON", true): Text 'ARLINGTON' is present on page  using regular expression

2022-03-31 23:17:18 - [MESSAGE][PASSED] - Text 'ARLINGTON' is present on page  using regular expression

2022-03-31 23:17:18 - [TEST_STEP][PASSED] - verifyTextPresent("Virginia", true): Text 'Virginia' is present on page  using regular expression

2022-03-31 23:17:19 - [MESSAGE][PASSED] - Text 'Virginia' is present on page  using regular expression

2022-03-31 23:17:19 - [TEST_STEP][PASSED] - verifyTextPresent(zipV, true): Text '22201' is present on page  using regular expression

2022-03-31 23:17:19 - [MESSAGE][PASSED] - Text '22201' is present on page  using regular expression

2022-03-31 23:17:19 - [TEST_STEP][PASSED] - verifyTextPresent(cardTypeV, true): Text 'Visa' is present on page  using regular expression

2022-03-31 23:17:19 - [MESSAGE][PASSED] - Text 'Visa' is present on page  using regular expression

2022-03-31 23:17:19 - [TEST_STEP][PASSED] - verifyTextPresent(last4V, true): Text '5439' is present on page  using regular expression

2022-03-31 23:17:20 - [MESSAGE][PASSED] - Text '5439' is present on page  using regular expression

2022-03-31 23:17:20 - [TEST_STEP][PASSED] - closeBrowser(): Browser is closed

2022-03-31 23:17:21 - [MESSAGE][PASSED] - Browser is closed

2022-03-31 23:17:21 - [TEST_STEP][PASSED] - ExecuteTC = findTestData(dataFile).getValue("Execute", row): null

2022-03-31 23:17:21 - [TEST_STEP][PASSED] - out.println("Value of Execute is : " + ExecuteTC): null

2022-03-31 23:17:21 - [TEST_STEP][PASSED] - switch (executionProfile): null

2022-03-31 23:17:21 - [TEST_STEP][PASSED] - case "QAProfile":: null

2022-03-31 23:17:21 - [TEST_STEP][PASSED] - appName = findTestData(dataFile).getValue("AppNameQA", row): null

2022-03-31 23:17:21 - [TEST_STEP][PASSED] - appID = findTestData(dataFile).getValue("AppIDQA", row): null

2022-03-31 23:17:21 - [TEST_STEP][PASSED] - break: null

2022-03-31 23:17:21 - [TEST_STEP][PASSED] - hrefAppID = li_1 + appID + li_2: null

2022-03-31 23:17:21 - [TEST_STEP][PASSED] - hrefApp = li_1 + appID + "/": null

2022-03-31 23:17:21 - [TEST_STEP][PASSED] - println("hrefApp : " + hrefApp): null

2022-03-31 23:17:21 - [TEST_STEP][PASSED] - if (ExecuteTC.equalsIgnoreCase("Y")): Browser is closed

2022-03-31 23:17:21 - [TEST_STEP][PASSED] - out.println("Begin Record Number: " + row): null

2022-03-31 23:17:21 - [TEST_STEP][PASSED] - today = new java.util.Date(): null

2022-03-31 23:17:21 - [TEST_STEP][PASSED] - println(today): null

2022-03-31 23:17:21 - [TEST_STEP][PASSED] - datText = today: null

2022-03-31 23:17:21 - [TEST_STEP][PASSED] - adminSuiteBootstrap.loginFunctionality.login_AdminSuite(): adminSuiteBootstrap.loginFunctionality.login_AdminSuite is PASSED

2022-03-31 23:17:21 - [MESSAGE][INFO] - Starting 'Chrome' driver

2022-03-31 23:17:21 - [MESSAGE][INFO] - User set preference: ['acceptInsecureCerts', 'true']

2022-03-31 23:17:21 - [MESSAGE][INFO] - Action delay is set to 0 milliseconds

2022-03-31 23:17:24 - [MESSAGE][PASSED] - Browser is opened with url: 'https://qa.velocitypayment.com/admin/imtiaz'

2022-03-31 23:17:24 - [MESSAGE][PASSED] - Current window maximized

2022-03-31 23:17:24 - [MESSAGE][PASSED] - Object 'Object Repository/Login_Page/Login_Username' is present

2022-03-31 23:17:25 - [MESSAGE][PASSED] - Text 'iahmed' is set on object 'Object Repository/Login_Page/Login_Username'

2022-03-31 23:17:26 - [MESSAGE][PASSED] - Text 'hello2222' is set on object 'Object Repository/Login_Page/Login_Password'

2022-03-31 23:17:29 - [MESSAGE][PASSED] - Object: 'Object Repository/Login_Page/Login_Submit' is clicked on

2022-03-31 23:17:29 - [MESSAGE][PASSED] - adminSuiteBootstrap.loginFunctionality.login_AdminSuite is PASSED

2022-03-31 23:17:29 - [TEST_STEP][PASSED] - click(findTestObject(path_Dashboard + appName)): Object: 'Object Repository/AdminSuiteBootstrap_Pages/Dashboard_Bootstrap/a_Access AutoSingleCFtpQA' is clicked on

2022-03-31 23:17:30 - [MESSAGE][PASSED] - Object: 'Object Repository/AdminSuiteBootstrap_Pages/Dashboard_Bootstrap/a_Access AutoSingleCFtpQA' is clicked on

2022-03-31 23:17:30 - [TEST_STEP][PASSED] - click(findTestObject(path_VT + "button_Authorization  Capture (Sale)")): Object: 'Object Repository/AdminSuiteBootstrap_Pages/VT_Bootstrap/IssueTransactions/button_Authorization  Capture (Sale)' is clicked on

2022-03-31 23:17:30 - [MESSAGE][PASSED] - Object: 'Object Repository/AdminSuiteBootstrap_Pages/VT_Bootstrap/IssueTransactions/button_Authorization  Capture (Sale)' is clicked on

2022-03-31 23:17:30 - [TEST_STEP][PASSED] - saleKeyboardEntryLink = modifyObjectProperty(findTestObject(path_VT + "a_KeyboardEntry_Sale"), "href", "equals", hrefAppID, true): Modify property of object successfully

2022-03-31 23:17:30 - [MESSAGE][PASSED] - Modify property of object successfully

2022-03-31 23:17:30 - [TEST_STEP][PASSED] - click(saleKeyboardEntryLink): Object: 'Object Repository/AdminSuiteBootstrap_Pages/VT_Bootstrap/IssueTransactions/a_KeyboardEntry_Sale' is clicked on

2022-03-31 23:17:31 - [MESSAGE][PASSED] - Object: 'Object Repository/AdminSuiteBootstrap_Pages/VT_Bootstrap/IssueTransactions/a_KeyboardEntry_Sale' is clicked on

2022-03-31 23:17:31 - [TEST_STEP][PASSED] - adminSuiteBootstrap.virtualTerminalSetData.saleKeyboard_DataDriven(row, dataFile): adminSuiteBootstrap.virtualTerminalSetData.saleKeyboard_DataDriven is PASSED

2022-03-31 23:17:34 - [MESSAGE][PASSED] - Text 'Janaki James' is set on object 'Object Repository/AdminSuiteBootstrap_Pages/VT_Bootstrap/SaleKeyboard/input_cardName'

2022-03-31 23:17:35 - [MESSAGE][PASSED] - All options with value 'MOTO' are selected in object 'Object Repository/AdminSuiteBootstrap_Pages/VT_Bootstrap/SaleKeyboard/select_transactionCategory'  using regular expression

2022-03-31 23:17:35 - [MESSAGE][PASSED] - Execute JavaScript 'arguments[0].value ='5146312200000035' ' successfully

2022-03-31 23:17:36 - [MESSAGE][PASSED] - Execute JavaScript 'arguments[0].value ='123' ' successfully

2022-03-31 23:17:37 - [MESSAGE][PASSED] - All options with value '12' are selected in object 'Object Repository/AdminSuiteBootstrap_Pages/VT_Bootstrap/SaleKeyboard/select_MM'  using regular expression

2022-03-31 23:17:38 - [MESSAGE][PASSED] - All options with value '2025' are selected in object 'Object Repository/AdminSuiteBootstrap_Pages/VT_Bootstrap/SaleKeyboard/select_YYYY'  using regular expression

2022-03-31 23:17:39 - [MESSAGE][PASSED] - Text '1478 Jhatka Palace' is set on object 'Object Repository/AdminSuiteBootstrap_Pages/VT_Bootstrap/SaleKeyboard/input__address'

2022-03-31 23:17:39 - [MESSAGE][PASSED] - Text 'Suite 500' is set on object 'Object Repository/AdminSuiteBootstrap_Pages/VT_Bootstrap/SaleKeyboard/input__address2'

2022-03-31 23:17:40 - [MESSAGE][PASSED] - Text '22201' is set on object 'Object Repository/AdminSuiteBootstrap_Pages/VT_Bootstrap/SaleKeyboard/input__zip'

2022-03-31 23:17:41 - [MESSAGE][PASSED] - Text '' is set on object 'Object Repository/AdminSuiteBootstrap_Pages/VT_Bootstrap/SaleKeyboard/input_emailAddress'

2022-03-31 23:17:42 - [MESSAGE][PASSED] - Text '' is set on object 'Object Repository/AdminSuiteBootstrap_Pages/VT_Bootstrap/SaleKeyboard/input_smsNumber'

2022-03-31 23:17:43 - [MESSAGE][PASSED] - Text '10.50' is set on object 'Object Repository/AdminSuiteBootstrap_Pages/VT_Bootstrap/SaleKeyboard/input_amount'

2022-03-31 23:17:44 - [MESSAGE][PASSED] - Text 'Australia' is set on object 'Object Repository/AdminSuiteBootstrap_Pages/VT_Bootstrap/SaleKeyboard/input_userDefined1'

2022-03-31 23:17:45 - [MESSAGE][PASSED] - Text 'Denmark' is set on object 'Object Repository/AdminSuiteBootstrap_Pages/VT_Bootstrap/SaleKeyboard/input_userDefined2'

2022-03-31 23:17:45 - [MESSAGE][PASSED] - Text 'Sweden' is set on object 'Object Repository/AdminSuiteBootstrap_Pages/VT_Bootstrap/SaleKeyboard/input_userDefined3'

2022-03-31 23:17:46 - [MESSAGE][PASSED] - Text 'Austria' is set on object 'Object Repository/AdminSuiteBootstrap_Pages/VT_Bootstrap/SaleKeyboard/input_userDefined4'

2022-03-31 23:17:47 - [MESSAGE][PASSED] - All options with label 'Orange' are selected in object 'Object Repository/AdminSuiteBootstrap_Pages/VT_Bootstrap/SaleKeyboard/select_UDF5_DropDown'  using regular expression

2022-03-31 23:17:48 - [MESSAGE][PASSED] - All options with label 'Yellow' are selected in object 'Object Repository/AdminSuiteBootstrap_Pages/VT_Bootstrap/SaleKeyboard/select_UDF6_DropDown'  using regular expression

2022-03-31 23:17:49 - [MESSAGE][PASSED] - Text 'Norway' is set on object 'Object Repository/AdminSuiteBootstrap_Pages/VT_Bootstrap/SaleKeyboard/input_userDefined7'

2022-03-31 23:17:50 - [MESSAGE][PASSED] - Text 'Netherlands' is set on object 'Object Repository/AdminSuiteBootstrap_Pages/VT_Bootstrap/SaleKeyboard/input_userDefined8'

2022-03-31 23:17:50 - [MESSAGE][PASSED] - Text 'Switzerland' is set on object 'Object Repository/AdminSuiteBootstrap_Pages/VT_Bootstrap/SaleKeyboard/input_userDefined9'

2022-03-31 23:17:51 - [MESSAGE][PASSED] - Text 'France' is set on object 'Object Repository/AdminSuiteBootstrap_Pages/VT_Bootstrap/SaleKeyboard/input_userDefined10'

2022-03-31 23:17:53 - [MESSAGE][PASSED] - Object: 'Object Repository/AdminSuiteBootstrap_Pages/VT_Bootstrap/SaleKeyboard/button_Submit' is clicked on

2022-03-31 23:17:53 - [MESSAGE][PASSED] - adminSuiteBootstrap.virtualTerminalSetData.saleKeyboard_DataDriven is PASSED

2022-03-31 23:17:53 - [TEST_STEP][PASSED] - verifyTextPresent("Transaction Successful", true): Text 'Transaction Successful' is present on page  using regular expression

2022-03-31 23:17:53 - [MESSAGE][PASSED] - Text 'Transaction Successful' is present on page  using regular expression

2022-03-31 23:17:53 - [TEST_STEP][PASSED] - verifyElementVisible(findTestObject("Object Repository/AdminSuiteBootstrap_Pages/VT_Bootstrap/Receipt/button_Continue")): Object 'Object Repository/AdminSuiteBootstrap_Pages/VT_Bootstrap/Receipt/button_Continue' is visible

2022-03-31 23:17:53 - [MESSAGE][PASSED] - Object 'Object Repository/AdminSuiteBootstrap_Pages/VT_Bootstrap/Receipt/button_Continue' is visible

2022-03-31 23:17:53 - [TEST_STEP][PASSED] - verifyElementPresent(findTestObject("Object Repository/AdminSuiteBootstrap_Pages/VT_Bootstrap/Receipt/button_Continue"), 20): Object 'Object Repository/AdminSuiteBootstrap_Pages/VT_Bootstrap/Receipt/button_Continue' is present

2022-03-31 23:17:54 - [MESSAGE][PASSED] - Object 'Object Repository/AdminSuiteBootstrap_Pages/VT_Bootstrap/Receipt/button_Continue' is present

2022-03-31 23:17:54 - [TEST_STEP][PASSED] - verifyElementVisible(findTestObject("Object Repository/AdminSuiteBootstrap_Pages/VT_Bootstrap/Receipt/button_Print")): Object 'Object Repository/AdminSuiteBootstrap_Pages/VT_Bootstrap/Receipt/button_Print' is visible

2022-03-31 23:17:54 - [MESSAGE][PASSED] - Object 'Object Repository/AdminSuiteBootstrap_Pages/VT_Bootstrap/Receipt/button_Print' is visible

2022-03-31 23:17:54 - [TEST_STEP][PASSED] - verifyElementPresent(findTestObject("Object Repository/AdminSuiteBootstrap_Pages/VT_Bootstrap/Receipt/button_Print"), 20): Object 'Object Repository/AdminSuiteBootstrap_Pages/VT_Bootstrap/Receipt/button_Print' is present

2022-03-31 23:17:54 - [MESSAGE][PASSED] - Object 'Object Repository/AdminSuiteBootstrap_Pages/VT_Bootstrap/Receipt/button_Print' is present

2022-03-31 23:17:54 - [TEST_STEP][PASSED] - verifyTextPresent("Remittance ID", true): Text 'Remittance ID' is present on page  using regular expression

2022-03-31 23:17:55 - [MESSAGE][PASSED] - Text 'Remittance ID' is present on page  using regular expression

2022-03-31 23:17:55 - [TEST_STEP][PASSED] - verifyTextPresent("Received", true): Text 'Received' is present on page  using regular expression

2022-03-31 23:17:55 - [MESSAGE][PASSED] - Text 'Received' is present on page  using regular expression

2022-03-31 23:17:55 - [TEST_STEP][PASSED] - verifyTextPresent("UDF1", true): Text 'UDF1' is present on page  using regular expression

2022-03-31 23:17:55 - [MESSAGE][PASSED] - Text 'UDF1' is present on page  using regular expression

2022-03-31 23:17:55 - [TEST_STEP][PASSED] - verifyTextPresent("UDF2", true): Text 'UDF2' is present on page  using regular expression

2022-03-31 23:17:56 - [MESSAGE][PASSED] - Text 'UDF2' is present on page  using regular expression

2022-03-31 23:17:56 - [TEST_STEP][PASSED] - verifyTextPresent("UDF3", true): Text 'UDF3' is present on page  using regular expression

2022-03-31 23:17:56 - [MESSAGE][PASSED] - Text 'UDF3' is present on page  using regular expression

2022-03-31 23:17:56 - [TEST_STEP][PASSED] - verifyTextPresent("UDF4", true): Text 'UDF4' is present on page  using regular expression

2022-03-31 23:17:56 - [MESSAGE][PASSED] - Text 'UDF4' is present on page  using regular expression

2022-03-31 23:17:56 - [TEST_STEP][PASSED] - verifyTextPresent("UDF5", true): Text 'UDF5' is present on page  using regular expression

2022-03-31 23:17:57 - [MESSAGE][PASSED] - Text 'UDF5' is present on page  using regular expression

2022-03-31 23:17:57 - [TEST_STEP][PASSED] - verifyTextPresent("UDF6", true): Text 'UDF6' is present on page  using regular expression

2022-03-31 23:17:57 - [MESSAGE][PASSED] - Text 'UDF6' is present on page  using regular expression

2022-03-31 23:17:57 - [TEST_STEP][PASSED] - verifyTextPresent("UDF7", true): Text 'UDF7' is present on page  using regular expression

2022-03-31 23:17:58 - [MESSAGE][PASSED] - Text 'UDF7' is present on page  using regular expression

2022-03-31 23:17:58 - [TEST_STEP][PASSED] - verifyTextPresent("UDF8", true): Text 'UDF8' is present on page  using regular expression

2022-03-31 23:17:58 - [MESSAGE][PASSED] - Text 'UDF8' is present on page  using regular expression

2022-03-31 23:17:58 - [TEST_STEP][PASSED] - verifyTextPresent("UDF9", true): Text 'UDF9' is present on page  using regular expression

2022-03-31 23:17:58 - [MESSAGE][PASSED] - Text 'UDF9' is present on page  using regular expression

2022-03-31 23:17:58 - [TEST_STEP][PASSED] - verifyTextPresent("UDF 10", true): Text 'UDF 10' is present on page  using regular expression

2022-03-31 23:17:59 - [MESSAGE][PASSED] - Text 'UDF 10' is present on page  using regular expression

2022-03-31 23:17:59 - [TEST_STEP][PASSED] - verifyTextPresent("Australia", true): Text 'Australia' is present on page  using regular expression

2022-03-31 23:17:59 - [MESSAGE][PASSED] - Text 'Australia' is present on page  using regular expression

2022-03-31 23:17:59 - [TEST_STEP][PASSED] - verifyTextPresent("Denmark", true): Text 'Denmark' is present on page  using regular expression

2022-03-31 23:17:59 - [MESSAGE][PASSED] - Text 'Denmark' is present on page  using regular expression

2022-03-31 23:17:59 - [TEST_STEP][PASSED] - verifyTextPresent("Sweden", true): Text 'Sweden' is present on page  using regular expression

2022-03-31 23:18:00 - [MESSAGE][PASSED] - Text 'Sweden' is present on page  using regular expression

2022-03-31 23:18:00 - [TEST_STEP][PASSED] - verifyTextPresent("Austria", true): Text 'Austria' is present on page  using regular expression

2022-03-31 23:18:00 - [MESSAGE][PASSED] - Text 'Austria' is present on page  using regular expression

2022-03-31 23:18:00 - [TEST_STEP][PASSED] - verifyTextPresent("Orange Recorded", true): Text 'Orange Recorded' is present on page  using regular expression

2022-03-31 23:18:00 - [MESSAGE][PASSED] - Text 'Orange Recorded' is present on page  using regular expression

2022-03-31 23:18:00 - [TEST_STEP][PASSED] - verifyTextPresent("Yellow Recorded", true): Text 'Yellow Recorded' is present on page  using regular expression

2022-03-31 23:18:01 - [MESSAGE][PASSED] - Text 'Yellow Recorded' is present on page  using regular expression

2022-03-31 23:18:01 - [TEST_STEP][PASSED] - verifyTextPresent("Norway", true): Text 'Norway' is present on page  using regular expression

2022-03-31 23:18:01 - [MESSAGE][PASSED] - Text 'Norway' is present on page  using regular expression

2022-03-31 23:18:01 - [TEST_STEP][PASSED] - verifyTextPresent("Netherlands", true): Text 'Netherlands' is present on page  using regular expression

2022-03-31 23:18:01 - [MESSAGE][PASSED] - Text 'Netherlands' is present on page  using regular expression

2022-03-31 23:18:01 - [TEST_STEP][PASSED] - verifyTextPresent("Switzerland", true): Text 'Switzerland' is present on page  using regular expression

2022-03-31 23:18:02 - [MESSAGE][PASSED] - Text 'Switzerland' is present on page  using regular expression

2022-03-31 23:18:02 - [TEST_STEP][PASSED] - verifyTextPresent("France", true): Text 'France' is present on page  using regular expression

2022-03-31 23:18:02 - [MESSAGE][PASSED] - Text 'France' is present on page  using regular expression

2022-03-31 23:18:02 - [TEST_STEP][PASSED] - verifyTextPresent("Card Information", true): Text 'Card Information' is present on page  using regular expression

2022-03-31 23:18:02 - [MESSAGE][PASSED] - Text 'Card Information' is present on page  using regular expression

2022-03-31 23:18:02 - [TEST_STEP][PASSED] - verifyTextPresent("Amount", true): Text 'Amount' is present on page  using regular expression

2022-03-31 23:18:03 - [MESSAGE][PASSED] - Text 'Amount' is present on page  using regular expression

2022-03-31 23:18:03 - [TEST_STEP][PASSED] - verifyTextPresent("Service Fee", true): Text 'Service Fee' is present on page  using regular expression

2022-03-31 23:18:03 - [MESSAGE][PASSED] - Text 'Service Fee' is present on page  using regular expression

2022-03-31 23:18:03 - [TEST_STEP][PASSED] - verifyTextPresent("Service Fee Type", true): Text 'Service Fee Type' is present on page  using regular expression

2022-03-31 23:18:03 - [MESSAGE][PASSED] - Text 'Service Fee Type' is present on page  using regular expression

2022-03-31 23:18:03 - [TEST_STEP][PASSED] - verifyTextPresent("Total Amount", true): Text 'Total Amount' is present on page  using regular expression

2022-03-31 23:18:04 - [MESSAGE][PASSED] - Text 'Total Amount' is present on page  using regular expression

2022-03-31 23:18:04 - [TEST_STEP][PASSED] - verifyTextPresent("Transaction Type", true): Text 'Transaction Type' is present on page  using regular expression

2022-03-31 23:18:04 - [MESSAGE][PASSED] - Text 'Transaction Type' is present on page  using regular expression

2022-03-31 23:18:04 - [TEST_STEP][PASSED] - verifyTextPresent("10.50", true): Text '10.50' is present on page  using regular expression

2022-03-31 23:18:04 - [MESSAGE][PASSED] - Text '10.50' is present on page  using regular expression

2022-03-31 23:18:04 - [TEST_STEP][PASSED] - verifyTextPresent("5.00", true): Text '5.00' is present on page  using regular expression

2022-03-31 23:18:05 - [MESSAGE][PASSED] - Text '5.00' is present on page  using regular expression

2022-03-31 23:18:05 - [TEST_STEP][PASSED] - verifyTextPresent("Single Transaction", true): Text 'Single Transaction' is present on page  using regular expression

2022-03-31 23:18:05 - [MESSAGE][PASSED] - Text 'Single Transaction' is present on page  using regular expression

2022-03-31 23:18:05 - [TEST_STEP][PASSED] - verifyTextPresent("15.50", true): Text '15.50' is present on page  using regular expression

2022-03-31 23:18:05 - [MESSAGE][PASSED] - Text '15.50' is present on page  using regular expression

2022-03-31 23:18:05 - [TEST_STEP][PASSED] - verifyTextPresent("Authorization and Capture", true): Text 'Authorization and Capture' is present on page  using regular expression

2022-03-31 23:18:06 - [MESSAGE][PASSED] - Text 'Authorization and Capture' is present on page  using regular expression

2022-03-31 23:18:06 - [TEST_STEP][PASSED] - cardNameV = findTestData(dataFile).getValue("CardNameV", row): null

2022-03-31 23:18:06 - [TEST_STEP][PASSED] - al1V = findTestData(dataFile).getValue("AL1", row): null

2022-03-31 23:18:06 - [TEST_STEP][PASSED] - al2V = findTestData(dataFile).getValue("AL2", row): null

2022-03-31 23:18:06 - [TEST_STEP][PASSED] - zipV = findTestData(dataFile).getValue("ZIP", row): null

2022-03-31 23:18:06 - [TEST_STEP][PASSED] - cardTypeV = findTestData(dataFile).getValue("CardType", row): null

2022-03-31 23:18:06 - [TEST_STEP][PASSED] - last4V = findTestData(dataFile).getValue("Last4", row): null

2022-03-31 23:18:06 - [TEST_STEP][PASSED] - verifyTextPresent(cardNameV, true): Text 'JANAKI JAMES' is present on page  using regular expression

2022-03-31 23:18:07 - [MESSAGE][PASSED] - Text 'JANAKI JAMES' is present on page  using regular expression

2022-03-31 23:18:07 - [TEST_STEP][PASSED] - verifyTextPresent("Address Line 1", true): Text 'Address Line 1' is present on page  using regular expression

2022-03-31 23:18:07 - [MESSAGE][PASSED] - Text 'Address Line 1' is present on page  using regular expression

2022-03-31 23:18:07 - [TEST_STEP][PASSED] - verifyTextPresent("Address Line 2", true): Text 'Address Line 2' is present on page  using regular expression

2022-03-31 23:18:07 - [MESSAGE][PASSED] - Text 'Address Line 2' is present on page  using regular expression

2022-03-31 23:18:07 - [TEST_STEP][PASSED] - verifyTextPresent("Country", true): Text 'Country' is present on page  using regular expression

2022-03-31 23:18:08 - [MESSAGE][PASSED] - Text 'Country' is present on page  using regular expression

2022-03-31 23:18:08 - [TEST_STEP][PASSED] - verifyTextPresent("City", true): Text 'City' is present on page  using regular expression

2022-03-31 23:18:08 - [MESSAGE][PASSED] - Text 'City' is present on page  using regular expression

2022-03-31 23:18:08 - [TEST_STEP][PASSED] - verifyTextPresent("State", true): Text 'State' is present on page  using regular expression

2022-03-31 23:18:08 - [MESSAGE][PASSED] - Text 'State' is present on page  using regular expression

2022-03-31 23:18:08 - [TEST_STEP][PASSED] - verifyTextPresent("ZIP Code", true): Text 'ZIP Code' is present on page  using regular expression

2022-03-31 23:18:09 - [MESSAGE][PASSED] - Text 'ZIP Code' is present on page  using regular expression

2022-03-31 23:18:09 - [TEST_STEP][PASSED] - verifyTextPresent(al1V, true): Text '1478 Jhatka Palace' is present on page  using regular expression

2022-03-31 23:18:09 - [MESSAGE][PASSED] - Text '1478 Jhatka Palace' is present on page  using regular expression

2022-03-31 23:18:09 - [TEST_STEP][PASSED] - verifyTextPresent(al2V, true): Text 'Suite 500' is present on page  using regular expression

2022-03-31 23:18:09 - [MESSAGE][PASSED] - Text 'Suite 500' is present on page  using regular expression

2022-03-31 23:18:09 - [TEST_STEP][PASSED] - verifyTextPresent("United States", true): Text 'United States' is present on page  using regular expression

2022-03-31 23:18:10 - [MESSAGE][PASSED] - Text 'United States' is present on page  using regular expression

2022-03-31 23:18:10 - [TEST_STEP][PASSED] - verifyTextPresent("ARLINGTON", true): Text 'ARLINGTON' is present on page  using regular expression

2022-03-31 23:18:10 - [MESSAGE][PASSED] - Text 'ARLINGTON' is present on page  using regular expression

2022-03-31 23:18:10 - [TEST_STEP][PASSED] - verifyTextPresent("Virginia", true): Text 'Virginia' is present on page  using regular expression

2022-03-31 23:18:10 - [MESSAGE][PASSED] - Text 'Virginia' is present on page  using regular expression

2022-03-31 23:18:10 - [TEST_STEP][PASSED] - verifyTextPresent(zipV, true): Text '22201' is present on page  using regular expression

2022-03-31 23:18:11 - [MESSAGE][PASSED] - Text '22201' is present on page  using regular expression

2022-03-31 23:18:11 - [TEST_STEP][PASSED] - verifyTextPresent(cardTypeV, true): Text 'MasterCard' is present on page  using regular expression

2022-03-31 23:18:11 - [MESSAGE][PASSED] - Text 'MasterCard' is present on page  using regular expression

2022-03-31 23:18:11 - [TEST_STEP][PASSED] - verifyTextPresent(last4V, true): Text '0035' is present on page  using regular expression

2022-03-31 23:18:11 - [MESSAGE][PASSED] - Text '0035' is present on page  using regular expression

2022-03-31 23:18:11 - [TEST_STEP][PASSED] - closeBrowser(): Browser is closed

2022-03-31 23:18:12 - [MESSAGE][PASSED] - Browser is closed

2022-03-31 23:18:12 - [TEST_STEP][PASSED] - ExecuteTC = findTestData(dataFile).getValue("Execute", row): null

2022-03-31 23:18:12 - [TEST_STEP][PASSED] - out.println("Value of Execute is : " + ExecuteTC): null

2022-03-31 23:18:12 - [TEST_STEP][PASSED] - switch (executionProfile): null

2022-03-31 23:18:12 - [TEST_STEP][PASSED] - case "QAProfile":: null

2022-03-31 23:18:12 - [TEST_STEP][PASSED] - appName = findTestData(dataFile).getValue("AppNameQA", row): null

2022-03-31 23:18:12 - [TEST_STEP][PASSED] - appID = findTestData(dataFile).getValue("AppIDQA", row): null

2022-03-31 23:18:12 - [TEST_STEP][PASSED] - break: null

2022-03-31 23:18:12 - [TEST_STEP][PASSED] - hrefAppID = li_1 + appID + li_2: null

2022-03-31 23:18:12 - [TEST_STEP][PASSED] - hrefApp = li_1 + appID + "/": null

2022-03-31 23:18:12 - [TEST_STEP][PASSED] - println("hrefApp : " + hrefApp): null

2022-03-31 23:18:12 - [TEST_STEP][PASSED] - if (ExecuteTC.equalsIgnoreCase("Y")): Browser is closed

2022-03-31 23:18:12 - [TEST_STEP][PASSED] - out.println("Begin Record Number: " + row): null

2022-03-31 23:18:12 - [TEST_STEP][PASSED] - today = new java.util.Date(): null

2022-03-31 23:18:12 - [TEST_STEP][PASSED] - println(today): null

2022-03-31 23:18:12 - [TEST_STEP][PASSED] - datText = today: null

2022-03-31 23:18:12 - [TEST_STEP][PASSED] - adminSuiteBootstrap.loginFunctionality.login_AdminSuite(): adminSuiteBootstrap.loginFunctionality.login_AdminSuite is PASSED

2022-03-31 23:18:12 - [MESSAGE][INFO] - Starting 'Chrome' driver

2022-03-31 23:18:12 - [MESSAGE][INFO] - User set preference: ['acceptInsecureCerts', 'true']

2022-03-31 23:18:12 - [MESSAGE][INFO] - Action delay is set to 0 milliseconds

2022-03-31 23:18:15 - [MESSAGE][PASSED] - Browser is opened with url: 'https://qa.velocitypayment.com/admin/imtiaz'

2022-03-31 23:18:15 - [MESSAGE][PASSED] - Current window maximized

2022-03-31 23:18:16 - [MESSAGE][PASSED] - Object 'Object Repository/Login_Page/Login_Username' is present

2022-03-31 23:18:17 - [MESSAGE][PASSED] - Text 'iahmed' is set on object 'Object Repository/Login_Page/Login_Username'

2022-03-31 23:18:17 - [MESSAGE][PASSED] - Text 'hello2222' is set on object 'Object Repository/Login_Page/Login_Password'

2022-03-31 23:18:20 - [MESSAGE][PASSED] - Object: 'Object Repository/Login_Page/Login_Submit' is clicked on

2022-03-31 23:18:20 - [MESSAGE][PASSED] - adminSuiteBootstrap.loginFunctionality.login_AdminSuite is PASSED

2022-03-31 23:18:20 - [TEST_STEP][PASSED] - click(findTestObject(path_Dashboard + appName)): Object: 'Object Repository/AdminSuiteBootstrap_Pages/Dashboard_Bootstrap/a_Access AutoSingleCFtpQA' is clicked on

2022-03-31 23:18:21 - [MESSAGE][PASSED] - Object: 'Object Repository/AdminSuiteBootstrap_Pages/Dashboard_Bootstrap/a_Access AutoSingleCFtpQA' is clicked on

2022-03-31 23:18:21 - [TEST_STEP][PASSED] - click(findTestObject(path_VT + "button_Authorization  Capture (Sale)")): Object: 'Object Repository/AdminSuiteBootstrap_Pages/VT_Bootstrap/IssueTransactions/button_Authorization  Capture (Sale)' is clicked on

2022-03-31 23:18:21 - [MESSAGE][PASSED] - Object: 'Object Repository/AdminSuiteBootstrap_Pages/VT_Bootstrap/IssueTransactions/button_Authorization  Capture (Sale)' is clicked on

2022-03-31 23:18:21 - [TEST_STEP][PASSED] - saleKeyboardEntryLink = modifyObjectProperty(findTestObject(path_VT + "a_KeyboardEntry_Sale"), "href", "equals", hrefAppID, true): Modify property of object successfully

2022-03-31 23:18:22 - [MESSAGE][PASSED] - Modify property of object successfully

2022-03-31 23:18:22 - [TEST_STEP][PASSED] - click(saleKeyboardEntryLink): Object: 'Object Repository/AdminSuiteBootstrap_Pages/VT_Bootstrap/IssueTransactions/a_KeyboardEntry_Sale' is clicked on

2022-03-31 23:18:22 - [MESSAGE][PASSED] - Object: 'Object Repository/AdminSuiteBootstrap_Pages/VT_Bootstrap/IssueTransactions/a_KeyboardEntry_Sale' is clicked on

2022-03-31 23:18:22 - [TEST_STEP][PASSED] - adminSuiteBootstrap.virtualTerminalSetData.saleKeyboard_DataDriven(row, dataFile): adminSuiteBootstrap.virtualTerminalSetData.saleKeyboard_DataDriven is PASSED

2022-03-31 23:18:25 - [MESSAGE][PASSED] - Text 'Janaki James' is set on object 'Object Repository/AdminSuiteBootstrap_Pages/VT_Bootstrap/SaleKeyboard/input_cardName'

2022-03-31 23:18:26 - [MESSAGE][PASSED] - All options with value 'MOTO' are selected in object 'Object Repository/AdminSuiteBootstrap_Pages/VT_Bootstrap/SaleKeyboard/select_transactionCategory'  using regular expression

2022-03-31 23:18:27 - [MESSAGE][PASSED] - Execute JavaScript 'arguments[0].value ='371449635392376' ' successfully

2022-03-31 23:18:27 - [MESSAGE][PASSED] - Execute JavaScript 'arguments[0].value ='123' ' successfully

2022-03-31 23:18:28 - [MESSAGE][PASSED] - All options with value '12' are selected in object 'Object Repository/AdminSuiteBootstrap_Pages/VT_Bootstrap/SaleKeyboard/select_MM'  using regular expression

2022-03-31 23:18:29 - [MESSAGE][PASSED] - All options with value '2025' are selected in object 'Object Repository/AdminSuiteBootstrap_Pages/VT_Bootstrap/SaleKeyboard/select_YYYY'  using regular expression

2022-03-31 23:18:30 - [MESSAGE][PASSED] - Text '550 Swan Lake' is set on object 'Object Repository/AdminSuiteBootstrap_Pages/VT_Bootstrap/SaleKeyboard/input__address'

2022-03-31 23:18:31 - [MESSAGE][PASSED] - Text 'Suite 500' is set on object 'Object Repository/AdminSuiteBootstrap_Pages/VT_Bootstrap/SaleKeyboard/input__address2'

2022-03-31 23:18:32 - [MESSAGE][PASSED] - Text '22201' is set on object 'Object Repository/AdminSuiteBootstrap_Pages/VT_Bootstrap/SaleKeyboard/input__zip'

2022-03-31 23:18:32 - [MESSAGE][PASSED] - Text '' is set on object 'Object Repository/AdminSuiteBootstrap_Pages/VT_Bootstrap/SaleKeyboard/input_emailAddress'

2022-03-31 23:18:34 - [MESSAGE][PASSED] - Text '' is set on object 'Object Repository/AdminSuiteBootstrap_Pages/VT_Bootstrap/SaleKeyboard/input_smsNumber'

2022-03-31 23:18:34 - [MESSAGE][PASSED] - Text '10.50' is set on object 'Object Repository/AdminSuiteBootstrap_Pages/VT_Bootstrap/SaleKeyboard/input_amount'

2022-03-31 23:18:35 - [MESSAGE][PASSED] - Text 'Australia' is set on object 'Object Repository/AdminSuiteBootstrap_Pages/VT_Bootstrap/SaleKeyboard/input_userDefined1'

2022-03-31 23:18:36 - [MESSAGE][PASSED] - Text 'Denmark' is set on object 'Object Repository/AdminSuiteBootstrap_Pages/VT_Bootstrap/SaleKeyboard/input_userDefined2'

2022-03-31 23:18:37 - [MESSAGE][PASSED] - Text 'Sweden' is set on object 'Object Repository/AdminSuiteBootstrap_Pages/VT_Bootstrap/SaleKeyboard/input_userDefined3'

2022-03-31 23:18:37 - [MESSAGE][PASSED] - Text 'Austria' is set on object 'Object Repository/AdminSuiteBootstrap_Pages/VT_Bootstrap/SaleKeyboard/input_userDefined4'

2022-03-31 23:18:38 - [MESSAGE][PASSED] - All options with label 'Orange' are selected in object 'Object Repository/AdminSuiteBootstrap_Pages/VT_Bootstrap/SaleKeyboard/select_UDF5_DropDown'  using regular expression

2022-03-31 23:18:39 - [MESSAGE][PASSED] - All options with label 'Yellow' are selected in object 'Object Repository/AdminSuiteBootstrap_Pages/VT_Bootstrap/SaleKeyboard/select_UDF6_DropDown'  using regular expression

2022-03-31 23:18:40 - [MESSAGE][PASSED] - Text 'Norway' is set on object 'Object Repository/AdminSuiteBootstrap_Pages/VT_Bootstrap/SaleKeyboard/input_userDefined7'

2022-03-31 23:18:41 - [MESSAGE][PASSED] - Text 'Netherlands' is set on object 'Object Repository/AdminSuiteBootstrap_Pages/VT_Bootstrap/SaleKeyboard/input_userDefined8'

2022-03-31 23:18:42 - [MESSAGE][PASSED] - Text 'Switzerland' is set on object 'Object Repository/AdminSuiteBootstrap_Pages/VT_Bootstrap/SaleKeyboard/input_userDefined9'

2022-03-31 23:18:42 - [MESSAGE][PASSED] - Text 'France' is set on object 'Object Repository/AdminSuiteBootstrap_Pages/VT_Bootstrap/SaleKeyboard/input_userDefined10'

2022-03-31 23:18:44 - [MESSAGE][PASSED] - Object: 'Object Repository/AdminSuiteBootstrap_Pages/VT_Bootstrap/SaleKeyboard/button_Submit' is clicked on

2022-03-31 23:18:44 - [MESSAGE][PASSED] - adminSuiteBootstrap.virtualTerminalSetData.saleKeyboard_DataDriven is PASSED

2022-03-31 23:18:44 - [TEST_STEP][PASSED] - verifyTextPresent("Transaction Successful", true): Text 'Transaction Successful' is present on page  using regular expression

2022-03-31 23:18:44 - [MESSAGE][PASSED] - Text 'Transaction Successful' is present on page  using regular expression

2022-03-31 23:18:44 - [TEST_STEP][PASSED] - verifyElementVisible(findTestObject("Object Repository/AdminSuiteBootstrap_Pages/VT_Bootstrap/Receipt/button_Continue")): Object 'Object Repository/AdminSuiteBootstrap_Pages/VT_Bootstrap/Receipt/button_Continue' is visible

2022-03-31 23:18:45 - [MESSAGE][PASSED] - Object 'Object Repository/AdminSuiteBootstrap_Pages/VT_Bootstrap/Receipt/button_Continue' is visible

2022-03-31 23:18:45 - [TEST_STEP][PASSED] - verifyElementPresent(findTestObject("Object Repository/AdminSuiteBootstrap_Pages/VT_Bootstrap/Receipt/button_Continue"), 20): Object 'Object Repository/AdminSuiteBootstrap_Pages/VT_Bootstrap/Receipt/button_Continue' is present

2022-03-31 23:18:45 - [MESSAGE][PASSED] - Object 'Object Repository/AdminSuiteBootstrap_Pages/VT_Bootstrap/Receipt/button_Continue' is present

2022-03-31 23:18:45 - [TEST_STEP][PASSED] - verifyElementVisible(findTestObject("Object Repository/AdminSuiteBootstrap_Pages/VT_Bootstrap/Receipt/button_Print")): Object 'Object Repository/AdminSuiteBootstrap_Pages/VT_Bootstrap/Receipt/button_Print' is visible

2022-03-31 23:18:45 - [MESSAGE][PASSED] - Object 'Object Repository/AdminSuiteBootstrap_Pages/VT_Bootstrap/Receipt/button_Print' is visible

2022-03-31 23:18:45 - [TEST_STEP][PASSED] - verifyElementPresent(findTestObject("Object Repository/AdminSuiteBootstrap_Pages/VT_Bootstrap/Receipt/button_Print"), 20): Object 'Object Repository/AdminSuiteBootstrap_Pages/VT_Bootstrap/Receipt/button_Print' is present

2022-03-31 23:18:46 - [MESSAGE][PASSED] - Object 'Object Repository/AdminSuiteBootstrap_Pages/VT_Bootstrap/Receipt/button_Print' is present

2022-03-31 23:18:46 - [TEST_STEP][PASSED] - verifyTextPresent("Remittance ID", true): Text 'Remittance ID' is present on page  using regular expression

2022-03-31 23:18:46 - [MESSAGE][PASSED] - Text 'Remittance ID' is present on page  using regular expression

2022-03-31 23:18:46 - [TEST_STEP][PASSED] - verifyTextPresent("Received", true): Text 'Received' is present on page  using regular expression

2022-03-31 23:18:46 - [MESSAGE][PASSED] - Text 'Received' is present on page  using regular expression

2022-03-31 23:18:46 - [TEST_STEP][PASSED] - verifyTextPresent("UDF1", true): Text 'UDF1' is present on page  using regular expression

2022-03-31 23:18:47 - [MESSAGE][PASSED] - Text 'UDF1' is present on page  using regular expression

2022-03-31 23:18:47 - [TEST_STEP][PASSED] - verifyTextPresent("UDF2", true): Text 'UDF2' is present on page  using regular expression

2022-03-31 23:18:47 - [MESSAGE][PASSED] - Text 'UDF2' is present on page  using regular expression

2022-03-31 23:18:47 - [TEST_STEP][PASSED] - verifyTextPresent("UDF3", true): Text 'UDF3' is present on page  using regular expression

2022-03-31 23:18:47 - [MESSAGE][PASSED] - Text 'UDF3' is present on page  using regular expression

2022-03-31 23:18:47 - [TEST_STEP][PASSED] - verifyTextPresent("UDF4", true): Text 'UDF4' is present on page  using regular expression

2022-03-31 23:18:48 - [MESSAGE][PASSED] - Text 'UDF4' is present on page  using regular expression

2022-03-31 23:18:48 - [TEST_STEP][PASSED] - verifyTextPresent("UDF5", true): Text 'UDF5' is present on page  using regular expression

2022-03-31 23:18:48 - [MESSAGE][PASSED] - Text 'UDF5' is present on page  using regular expression

2022-03-31 23:18:48 - [TEST_STEP][PASSED] - verifyTextPresent("UDF6", true): Text 'UDF6' is present on page  using regular expression

2022-03-31 23:18:48 - [MESSAGE][PASSED] - Text 'UDF6' is present on page  using regular expression

2022-03-31 23:18:48 - [TEST_STEP][PASSED] - verifyTextPresent("UDF7", true): Text 'UDF7' is present on page  using regular expression

2022-03-31 23:18:49 - [MESSAGE][PASSED] - Text 'UDF7' is present on page  using regular expression

2022-03-31 23:18:49 - [TEST_STEP][PASSED] - verifyTextPresent("UDF8", true): Text 'UDF8' is present on page  using regular expression

2022-03-31 23:18:49 - [MESSAGE][PASSED] - Text 'UDF8' is present on page  using regular expression

2022-03-31 23:18:49 - [TEST_STEP][PASSED] - verifyTextPresent("UDF9", true): Text 'UDF9' is present on page  using regular expression

2022-03-31 23:18:49 - [MESSAGE][PASSED] - Text 'UDF9' is present on page  using regular expression

2022-03-31 23:18:49 - [TEST_STEP][PASSED] - verifyTextPresent("UDF 10", true): Text 'UDF 10' is present on page  using regular expression

2022-03-31 23:18:50 - [MESSAGE][PASSED] - Text 'UDF 10' is present on page  using regular expression

2022-03-31 23:18:50 - [TEST_STEP][PASSED] - verifyTextPresent("Australia", true): Text 'Australia' is present on page  using regular expression

2022-03-31 23:18:50 - [MESSAGE][PASSED] - Text 'Australia' is present on page  using regular expression

2022-03-31 23:18:50 - [TEST_STEP][PASSED] - verifyTextPresent("Denmark", true): Text 'Denmark' is present on page  using regular expression

2022-03-31 23:18:50 - [MESSAGE][PASSED] - Text 'Denmark' is present on page  using regular expression

2022-03-31 23:18:50 - [TEST_STEP][PASSED] - verifyTextPresent("Sweden", true): Text 'Sweden' is present on page  using regular expression

2022-03-31 23:18:51 - [MESSAGE][PASSED] - Text 'Sweden' is present on page  using regular expression

2022-03-31 23:18:51 - [TEST_STEP][PASSED] - verifyTextPresent("Austria", true): Text 'Austria' is present on page  using regular expression

2022-03-31 23:18:51 - [MESSAGE][PASSED] - Text 'Austria' is present on page  using regular expression

2022-03-31 23:18:51 - [TEST_STEP][PASSED] - verifyTextPresent("Orange Recorded", true): Text 'Orange Recorded' is present on page  using regular expression

2022-03-31 23:18:51 - [MESSAGE][PASSED] - Text 'Orange Recorded' is present on page  using regular expression

2022-03-31 23:18:51 - [TEST_STEP][PASSED] - verifyTextPresent("Yellow Recorded", true): Text 'Yellow Recorded' is present on page  using regular expression

2022-03-31 23:18:52 - [MESSAGE][PASSED] - Text 'Yellow Recorded' is present on page  using regular expression

2022-03-31 23:18:52 - [TEST_STEP][PASSED] - verifyTextPresent("Norway", true): Text 'Norway' is present on page  using regular expression

2022-03-31 23:18:52 - [MESSAGE][PASSED] - Text 'Norway' is present on page  using regular expression

2022-03-31 23:18:52 - [TEST_STEP][PASSED] - verifyTextPresent("Netherlands", true): Text 'Netherlands' is present on page  using regular expression

2022-03-31 23:18:52 - [MESSAGE][PASSED] - Text 'Netherlands' is present on page  using regular expression

2022-03-31 23:18:52 - [TEST_STEP][PASSED] - verifyTextPresent("Switzerland", true): Text 'Switzerland' is present on page  using regular expression

2022-03-31 23:18:53 - [MESSAGE][PASSED] - Text 'Switzerland' is present on page  using regular expression

2022-03-31 23:18:53 - [TEST_STEP][PASSED] - verifyTextPresent("France", true): Text 'France' is present on page  using regular expression

2022-03-31 23:18:53 - [MESSAGE][PASSED] - Text 'France' is present on page  using regular expression

2022-03-31 23:18:53 - [TEST_STEP][PASSED] - verifyTextPresent("Card Information", true): Text 'Card Information' is present on page  using regular expression

2022-03-31 23:18:53 - [MESSAGE][PASSED] - Text 'Card Information' is present on page  using regular expression

2022-03-31 23:18:53 - [TEST_STEP][PASSED] - verifyTextPresent("Amount", true): Text 'Amount' is present on page  using regular expression

2022-03-31 23:18:54 - [MESSAGE][PASSED] - Text 'Amount' is present on page  using regular expression

2022-03-31 23:18:54 - [TEST_STEP][PASSED] - verifyTextPresent("Service Fee", true): Text 'Service Fee' is present on page  using regular expression

2022-03-31 23:18:54 - [MESSAGE][PASSED] - Text 'Service Fee' is present on page  using regular expression

2022-03-31 23:18:54 - [TEST_STEP][PASSED] - verifyTextPresent("Service Fee Type", true): Text 'Service Fee Type' is present on page  using regular expression

2022-03-31 23:18:54 - [MESSAGE][PASSED] - Text 'Service Fee Type' is present on page  using regular expression

2022-03-31 23:18:54 - [TEST_STEP][PASSED] - verifyTextPresent("Total Amount", true): Text 'Total Amount' is present on page  using regular expression

2022-03-31 23:18:55 - [MESSAGE][PASSED] - Text 'Total Amount' is present on page  using regular expression

2022-03-31 23:18:55 - [TEST_STEP][PASSED] - verifyTextPresent("Transaction Type", true): Text 'Transaction Type' is present on page  using regular expression

2022-03-31 23:18:55 - [MESSAGE][PASSED] - Text 'Transaction Type' is present on page  using regular expression

2022-03-31 23:18:55 - [TEST_STEP][PASSED] - verifyTextPresent("10.50", true): Text '10.50' is present on page  using regular expression

2022-03-31 23:18:55 - [MESSAGE][PASSED] - Text '10.50' is present on page  using regular expression

2022-03-31 23:18:55 - [TEST_STEP][PASSED] - verifyTextPresent("5.00", true): Text '5.00' is present on page  using regular expression

2022-03-31 23:18:56 - [MESSAGE][PASSED] - Text '5.00' is present on page  using regular expression

2022-03-31 23:18:56 - [TEST_STEP][PASSED] - verifyTextPresent("Single Transaction", true): Text 'Single Transaction' is present on page  using regular expression

2022-03-31 23:18:56 - [MESSAGE][PASSED] - Text 'Single Transaction' is present on page  using regular expression

2022-03-31 23:18:56 - [TEST_STEP][PASSED] - verifyTextPresent("15.50", true): Text '15.50' is present on page  using regular expression

2022-03-31 23:18:56 - [MESSAGE][PASSED] - Text '15.50' is present on page  using regular expression

2022-03-31 23:18:56 - [TEST_STEP][PASSED] - verifyTextPresent("Authorization and Capture", true): Text 'Authorization and Capture' is present on page  using regular expression

2022-03-31 23:18:57 - [MESSAGE][PASSED] - Text 'Authorization and Capture' is present on page  using regular expression

2022-03-31 23:18:57 - [TEST_STEP][PASSED] - cardNameV = findTestData(dataFile).getValue("CardNameV", row): null

2022-03-31 23:18:57 - [TEST_STEP][PASSED] - al1V = findTestData(dataFile).getValue("AL1", row): null

2022-03-31 23:18:57 - [TEST_STEP][PASSED] - al2V = findTestData(dataFile).getValue("AL2", row): null

2022-03-31 23:18:57 - [TEST_STEP][PASSED] - zipV = findTestData(dataFile).getValue("ZIP", row): null

2022-03-31 23:18:57 - [TEST_STEP][PASSED] - cardTypeV = findTestData(dataFile).getValue("CardType", row): null

2022-03-31 23:18:57 - [TEST_STEP][PASSED] - last4V = findTestData(dataFile).getValue("Last4", row): null

2022-03-31 23:18:57 - [TEST_STEP][PASSED] - verifyTextPresent(cardNameV, true): Text 'JANAKI JAMES' is present on page  using regular expression

2022-03-31 23:18:58 - [MESSAGE][PASSED] - Text 'JANAKI JAMES' is present on page  using regular expression

2022-03-31 23:18:58 - [TEST_STEP][PASSED] - verifyTextPresent("Address Line 1", true): Text 'Address Line 1' is present on page  using regular expression

2022-03-31 23:18:58 - [MESSAGE][PASSED] - Text 'Address Line 1' is present on page  using regular expression

2022-03-31 23:18:58 - [TEST_STEP][PASSED] - verifyTextPresent("Address Line 2", true): Text 'Address Line 2' is present on page  using regular expression

2022-03-31 23:18:58 - [MESSAGE][PASSED] - Text 'Address Line 2' is present on page  using regular expression

2022-03-31 23:18:58 - [TEST_STEP][PASSED] - verifyTextPresent("Country", true): Text 'Country' is present on page  using regular expression

2022-03-31 23:18:59 - [MESSAGE][PASSED] - Text 'Country' is present on page  using regular expression

2022-03-31 23:18:59 - [TEST_STEP][PASSED] - verifyTextPresent("City", true): Text 'City' is present on page  using regular expression

2022-03-31 23:18:59 - [MESSAGE][PASSED] - Text 'City' is present on page  using regular expression

2022-03-31 23:18:59 - [TEST_STEP][PASSED] - verifyTextPresent("State", true): Text 'State' is present on page  using regular expression

2022-03-31 23:18:59 - [MESSAGE][PASSED] - Text 'State' is present on page  using regular expression

2022-03-31 23:18:59 - [TEST_STEP][PASSED] - verifyTextPresent("ZIP Code", true): Text 'ZIP Code' is present on page  using regular expression

2022-03-31 23:19:00 - [MESSAGE][PASSED] - Text 'ZIP Code' is present on page  using regular expression

2022-03-31 23:19:00 - [TEST_STEP][PASSED] - verifyTextPresent(al1V, true): Text '550 Swan Lake' is present on page  using regular expression

2022-03-31 23:19:00 - [MESSAGE][PASSED] - Text '550 Swan Lake' is present on page  using regular expression

2022-03-31 23:19:00 - [TEST_STEP][PASSED] - verifyTextPresent(al2V, true): Text 'Suite 500' is present on page  using regular expression

2022-03-31 23:19:00 - [MESSAGE][PASSED] - Text 'Suite 500' is present on page  using regular expression

2022-03-31 23:19:00 - [TEST_STEP][PASSED] - verifyTextPresent("United States", true): Text 'United States' is present on page  using regular expression

2022-03-31 23:19:01 - [MESSAGE][PASSED] - Text 'United States' is present on page  using regular expression

2022-03-31 23:19:01 - [TEST_STEP][PASSED] - verifyTextPresent("ARLINGTON", true): Text 'ARLINGTON' is present on page  using regular expression

2022-03-31 23:19:01 - [MESSAGE][PASSED] - Text 'ARLINGTON' is present on page  using regular expression

2022-03-31 23:19:01 - [TEST_STEP][PASSED] - verifyTextPresent("Virginia", true): Text 'Virginia' is present on page  using regular expression

2022-03-31 23:19:01 - [MESSAGE][PASSED] - Text 'Virginia' is present on page  using regular expression

2022-03-31 23:19:01 - [TEST_STEP][PASSED] - verifyTextPresent(zipV, true): Text '22201' is present on page  using regular expression

2022-03-31 23:19:02 - [MESSAGE][PASSED] - Text '22201' is present on page  using regular expression

2022-03-31 23:19:02 - [TEST_STEP][PASSED] - verifyTextPresent(cardTypeV, true): Text 'American Express' is present on page  using regular expression

2022-03-31 23:19:02 - [MESSAGE][PASSED] - Text 'American Express' is present on page  using regular expression

2022-03-31 23:19:02 - [TEST_STEP][PASSED] - verifyTextPresent(last4V, true): Text '2376' is present on page  using regular expression

2022-03-31 23:19:02 - [MESSAGE][PASSED] - Text '2376' is present on page  using regular expression

2022-03-31 23:19:02 - [TEST_STEP][PASSED] - closeBrowser(): Browser is closed

2022-03-31 23:19:03 - [MESSAGE][PASSED] - Browser is closed

2022-03-31 23:19:03 - [TEST_STEP][PASSED] - ExecuteTC = findTestData(dataFile).getValue("Execute", row): null

2022-03-31 23:19:03 - [TEST_STEP][PASSED] - out.println("Value of Execute is : " + ExecuteTC): null

2022-03-31 23:19:03 - [TEST_STEP][PASSED] - switch (executionProfile): null

2022-03-31 23:19:03 - [TEST_STEP][PASSED] - case "QAProfile":: null

2022-03-31 23:19:03 - [TEST_STEP][PASSED] - appName = findTestData(dataFile).getValue("AppNameQA", row): null

2022-03-31 23:19:03 - [TEST_STEP][PASSED] - appID = findTestData(dataFile).getValue("AppIDQA", row): null

2022-03-31 23:19:04 - [TEST_STEP][PASSED] - break: null

2022-03-31 23:19:04 - [TEST_STEP][PASSED] - hrefAppID = li_1 + appID + li_2: null

2022-03-31 23:19:04 - [TEST_STEP][PASSED] - hrefApp = li_1 + appID + "/": null

2022-03-31 23:19:04 - [TEST_STEP][PASSED] - println("hrefApp : " + hrefApp): null

2022-03-31 23:19:04 - [TEST_STEP][PASSED] - if (ExecuteTC.equalsIgnoreCase("Y")): Browser is closed

2022-03-31 23:19:04 - [TEST_STEP][PASSED] - out.println("Begin Record Number: " + row): null

2022-03-31 23:19:04 - [TEST_STEP][PASSED] - today = new java.util.Date(): null

2022-03-31 23:19:04 - [TEST_STEP][PASSED] - println(today): null

2022-03-31 23:19:04 - [TEST_STEP][PASSED] - datText = today: null

2022-03-31 23:19:04 - [TEST_STEP][PASSED] - adminSuiteBootstrap.loginFunctionality.login_AdminSuite(): adminSuiteBootstrap.loginFunctionality.login_AdminSuite is PASSED

2022-03-31 23:19:04 - [MESSAGE][INFO] - Starting 'Chrome' driver

2022-03-31 23:19:04 - [MESSAGE][INFO] - User set preference: ['acceptInsecureCerts', 'true']

2022-03-31 23:19:04 - [MESSAGE][INFO] - Action delay is set to 0 milliseconds

2022-03-31 23:19:07 - [MESSAGE][PASSED] - Browser is opened with url: 'https://qa.velocitypayment.com/admin/imtiaz'

2022-03-31 23:19:07 - [MESSAGE][PASSED] - Current window maximized

2022-03-31 23:19:07 - [MESSAGE][PASSED] - Object 'Object Repository/Login_Page/Login_Username' is present

2022-03-31 23:19:08 - [MESSAGE][PASSED] - Text 'iahmed' is set on object 'Object Repository/Login_Page/Login_Username'

2022-03-31 23:19:09 - [MESSAGE][PASSED] - Text 'hello2222' is set on object 'Object Repository/Login_Page/Login_Password'

2022-03-31 23:19:11 - [MESSAGE][PASSED] - Object: 'Object Repository/Login_Page/Login_Submit' is clicked on

2022-03-31 23:19:11 - [MESSAGE][PASSED] - adminSuiteBootstrap.loginFunctionality.login_AdminSuite is PASSED

2022-03-31 23:19:11 - [TEST_STEP][PASSED] - click(findTestObject(path_Dashboard + appName)): Object: 'Object Repository/AdminSuiteBootstrap_Pages/Dashboard_Bootstrap/a_Access AutoSingleCFtpQA' is clicked on

2022-03-31 23:19:12 - [MESSAGE][PASSED] - Object: 'Object Repository/AdminSuiteBootstrap_Pages/Dashboard_Bootstrap/a_Access AutoSingleCFtpQA' is clicked on

2022-03-31 23:19:12 - [TEST_STEP][PASSED] - click(findTestObject(path_VT + "button_Authorization  Capture (Sale)")): Object: 'Object Repository/AdminSuiteBootstrap_Pages/VT_Bootstrap/IssueTransactions/button_Authorization  Capture (Sale)' is clicked on

2022-03-31 23:19:13 - [MESSAGE][PASSED] - Object: 'Object Repository/AdminSuiteBootstrap_Pages/VT_Bootstrap/IssueTransactions/button_Authorization  Capture (Sale)' is clicked on

2022-03-31 23:19:13 - [TEST_STEP][PASSED] - saleKeyboardEntryLink = modifyObjectProperty(findTestObject(path_VT + "a_KeyboardEntry_Sale"), "href", "equals", hrefAppID, true): Modify property of object successfully

2022-03-31 23:19:13 - [MESSAGE][PASSED] - Modify property of object successfully

2022-03-31 23:19:13 - [TEST_STEP][PASSED] - click(saleKeyboardEntryLink): Object: 'Object Repository/AdminSuiteBootstrap_Pages/VT_Bootstrap/IssueTransactions/a_KeyboardEntry_Sale' is clicked on

2022-03-31 23:19:14 - [MESSAGE][PASSED] - Object: 'Object Repository/AdminSuiteBootstrap_Pages/VT_Bootstrap/IssueTransactions/a_KeyboardEntry_Sale' is clicked on

2022-03-31 23:19:14 - [TEST_STEP][PASSED] - adminSuiteBootstrap.virtualTerminalSetData.saleKeyboard_DataDriven(row, dataFile): adminSuiteBootstrap.virtualTerminalSetData.saleKeyboard_DataDriven is PASSED

2022-03-31 23:19:17 - [MESSAGE][PASSED] - Text 'Janaki James' is set on object 'Object Repository/AdminSuiteBootstrap_Pages/VT_Bootstrap/SaleKeyboard/input_cardName'

2022-03-31 23:19:18 - [MESSAGE][PASSED] - All options with value 'MOTO' are selected in object 'Object Repository/AdminSuiteBootstrap_Pages/VT_Bootstrap/SaleKeyboard/select_transactionCategory'  using regular expression

2022-03-31 23:19:18 - [MESSAGE][PASSED] - Execute JavaScript 'arguments[0].value ='6011000993026909' ' successfully

2022-03-31 23:19:18 - [MESSAGE][PASSED] - Execute JavaScript 'arguments[0].value ='123' ' successfully

2022-03-31 23:19:20 - [MESSAGE][PASSED] - All options with value '12' are selected in object 'Object Repository/AdminSuiteBootstrap_Pages/VT_Bootstrap/SaleKeyboard/select_MM'  using regular expression

2022-03-31 23:19:21 - [MESSAGE][PASSED] - All options with value '2025' are selected in object 'Object Repository/AdminSuiteBootstrap_Pages/VT_Bootstrap/SaleKeyboard/select_YYYY'  using regular expression

2022-03-31 23:19:21 - [MESSAGE][PASSED] - Text '25987 Hill Top' is set on object 'Object Repository/AdminSuiteBootstrap_Pages/VT_Bootstrap/SaleKeyboard/input__address'

2022-03-31 23:19:22 - [MESSAGE][PASSED] - Text 'Suite 500' is set on object 'Object Repository/AdminSuiteBootstrap_Pages/VT_Bootstrap/SaleKeyboard/input__address2'

2022-03-31 23:19:23 - [MESSAGE][PASSED] - Text '22201' is set on object 'Object Repository/AdminSuiteBootstrap_Pages/VT_Bootstrap/SaleKeyboard/input__zip'

2022-03-31 23:19:24 - [MESSAGE][PASSED] - Text '' is set on object 'Object Repository/AdminSuiteBootstrap_Pages/VT_Bootstrap/SaleKeyboard/input_emailAddress'

2022-03-31 23:19:25 - [MESSAGE][PASSED] - Text '' is set on object 'Object Repository/AdminSuiteBootstrap_Pages/VT_Bootstrap/SaleKeyboard/input_smsNumber'

2022-03-31 23:19:26 - [MESSAGE][PASSED] - Text '10.50' is set on object 'Object Repository/AdminSuiteBootstrap_Pages/VT_Bootstrap/SaleKeyboard/input_amount'

2022-03-31 23:19:27 - [MESSAGE][PASSED] - Text 'Australia' is set on object 'Object Repository/AdminSuiteBootstrap_Pages/VT_Bootstrap/SaleKeyboard/input_userDefined1'

2022-03-31 23:19:27 - [MESSAGE][PASSED] - Text 'Denmark' is set on object 'Object Repository/AdminSuiteBootstrap_Pages/VT_Bootstrap/SaleKeyboard/input_userDefined2'

2022-03-31 23:19:28 - [MESSAGE][PASSED] - Text 'Sweden' is set on object 'Object Repository/AdminSuiteBootstrap_Pages/VT_Bootstrap/SaleKeyboard/input_userDefined3'

2022-03-31 23:19:29 - [MESSAGE][PASSED] - Text 'Austria' is set on object 'Object Repository/AdminSuiteBootstrap_Pages/VT_Bootstrap/SaleKeyboard/input_userDefined4'

2022-03-31 23:19:30 - [MESSAGE][PASSED] - All options with label 'Orange' are selected in object 'Object Repository/AdminSuiteBootstrap_Pages/VT_Bootstrap/SaleKeyboard/select_UDF5_DropDown'  using regular expression

2022-03-31 23:19:31 - [MESSAGE][PASSED] - All options with label 'Yellow' are selected in object 'Object Repository/AdminSuiteBootstrap_Pages/VT_Bootstrap/SaleKeyboard/select_UDF6_DropDown'  using regular expression

2022-03-31 23:19:32 - [MESSAGE][PASSED] - Text 'Norway' is set on object 'Object Repository/AdminSuiteBootstrap_Pages/VT_Bootstrap/SaleKeyboard/input_userDefined7'

2022-03-31 23:19:32 - [MESSAGE][PASSED] - Text 'Netherlands' is set on object 'Object Repository/AdminSuiteBootstrap_Pages/VT_Bootstrap/SaleKeyboard/input_userDefined8'

2022-03-31 23:19:33 - [MESSAGE][PASSED] - Text 'Switzerland' is set on object 'Object Repository/AdminSuiteBootstrap_Pages/VT_Bootstrap/SaleKeyboard/input_userDefined9'

2022-03-31 23:19:34 - [MESSAGE][PASSED] - Text 'France' is set on object 'Object Repository/AdminSuiteBootstrap_Pages/VT_Bootstrap/SaleKeyboard/input_userDefined10'

2022-03-31 23:19:35 - [MESSAGE][PASSED] - Object: 'Object Repository/AdminSuiteBootstrap_Pages/VT_Bootstrap/SaleKeyboard/button_Submit' is clicked on

2022-03-31 23:19:35 - [MESSAGE][PASSED] - adminSuiteBootstrap.virtualTerminalSetData.saleKeyboard_DataDriven is PASSED

2022-03-31 23:19:35 - [TEST_STEP][PASSED] - verifyTextPresent("Transaction Successful", true): Text 'Transaction Successful' is present on page  using regular expression

2022-03-31 23:19:36 - [MESSAGE][PASSED] - Text 'Transaction Successful' is present on page  using regular expression

2022-03-31 23:19:36 - [TEST_STEP][PASSED] - verifyElementVisible(findTestObject("Object Repository/AdminSuiteBootstrap_Pages/VT_Bootstrap/Receipt/button_Continue")): Object 'Object Repository/AdminSuiteBootstrap_Pages/VT_Bootstrap/Receipt/button_Continue' is visible

2022-03-31 23:19:36 - [MESSAGE][PASSED] - Object 'Object Repository/AdminSuiteBootstrap_Pages/VT_Bootstrap/Receipt/button_Continue' is visible

2022-03-31 23:19:36 - [TEST_STEP][PASSED] - verifyElementPresent(findTestObject("Object Repository/AdminSuiteBootstrap_Pages/VT_Bootstrap/Receipt/button_Continue"), 20): Object 'Object Repository/AdminSuiteBootstrap_Pages/VT_Bootstrap/Receipt/button_Continue' is present

2022-03-31 23:19:36 - [MESSAGE][PASSED] - Object 'Object Repository/AdminSuiteBootstrap_Pages/VT_Bootstrap/Receipt/button_Continue' is present

2022-03-31 23:19:36 - [TEST_STEP][PASSED] - verifyElementVisible(findTestObject("Object Repository/AdminSuiteBootstrap_Pages/VT_Bootstrap/Receipt/button_Print")): Object 'Object Repository/AdminSuiteBootstrap_Pages/VT_Bootstrap/Receipt/button_Print' is visible

2022-03-31 23:19:37 - [MESSAGE][PASSED] - Object 'Object Repository/AdminSuiteBootstrap_Pages/VT_Bootstrap/Receipt/button_Print' is visible

2022-03-31 23:19:37 - [TEST_STEP][PASSED] - verifyElementPresent(findTestObject("Object Repository/AdminSuiteBootstrap_Pages/VT_Bootstrap/Receipt/button_Print"), 20): Object 'Object Repository/AdminSuiteBootstrap_Pages/VT_Bootstrap/Receipt/button_Print' is present

2022-03-31 23:19:37 - [MESSAGE][PASSED] - Object 'Object Repository/AdminSuiteBootstrap_Pages/VT_Bootstrap/Receipt/button_Print' is present

2022-03-31 23:19:37 - [TEST_STEP][PASSED] - verifyTextPresent("Remittance ID", true): Text 'Remittance ID' is present on page  using regular expression

2022-03-31 23:19:37 - [MESSAGE][PASSED] - Text 'Remittance ID' is present on page  using regular expression

2022-03-31 23:19:37 - [TEST_STEP][PASSED] - verifyTextPresent("Received", true): Text 'Received' is present on page  using regular expression

2022-03-31 23:19:38 - [MESSAGE][PASSED] - Text 'Received' is present on page  using regular expression

2022-03-31 23:19:38 - [TEST_STEP][PASSED] - verifyTextPresent("UDF1", true): Text 'UDF1' is present on page  using regular expression

2022-03-31 23:19:38 - [MESSAGE][PASSED] - Text 'UDF1' is present on page  using regular expression

2022-03-31 23:19:38 - [TEST_STEP][PASSED] - verifyTextPresent("UDF2", true): Text 'UDF2' is present on page  using regular expression

2022-03-31 23:19:38 - [MESSAGE][PASSED] - Text 'UDF2' is present on page  using regular expression

2022-03-31 23:19:38 - [TEST_STEP][PASSED] - verifyTextPresent("UDF3", true): Text 'UDF3' is present on page  using regular expression

2022-03-31 23:19:39 - [MESSAGE][PASSED] - Text 'UDF3' is present on page  using regular expression

2022-03-31 23:19:39 - [TEST_STEP][PASSED] - verifyTextPresent("UDF4", true): Text 'UDF4' is present on page  using regular expression

2022-03-31 23:19:39 - [MESSAGE][PASSED] - Text 'UDF4' is present on page  using regular expression

2022-03-31 23:19:39 - [TEST_STEP][PASSED] - verifyTextPresent("UDF5", true): Text 'UDF5' is present on page  using regular expression

2022-03-31 23:19:39 - [MESSAGE][PASSED] - Text 'UDF5' is present on page  using regular expression

2022-03-31 23:19:39 - [TEST_STEP][PASSED] - verifyTextPresent("UDF6", true): Text 'UDF6' is present on page  using regular expression

2022-03-31 23:19:40 - [MESSAGE][PASSED] - Text 'UDF6' is present on page  using regular expression

2022-03-31 23:19:40 - [TEST_STEP][PASSED] - verifyTextPresent("UDF7", true): Text 'UDF7' is present on page  using regular expression

2022-03-31 23:19:40 - [MESSAGE][PASSED] - Text 'UDF7' is present on page  using regular expression

2022-03-31 23:19:40 - [TEST_STEP][PASSED] - verifyTextPresent("UDF8", true): Text 'UDF8' is present on page  using regular expression

2022-03-31 23:19:40 - [MESSAGE][PASSED] - Text 'UDF8' is present on page  using regular expression

2022-03-31 23:19:40 - [TEST_STEP][PASSED] - verifyTextPresent("UDF9", true): Text 'UDF9' is present on page  using regular expression

2022-03-31 23:19:41 - [MESSAGE][PASSED] - Text 'UDF9' is present on page  using regular expression

2022-03-31 23:19:41 - [TEST_STEP][PASSED] - verifyTextPresent("UDF 10", true): Text 'UDF 10' is present on page  using regular expression

2022-03-31 23:19:41 - [MESSAGE][PASSED] - Text 'UDF 10' is present on page  using regular expression

2022-03-31 23:19:41 - [TEST_STEP][PASSED] - verifyTextPresent("Australia", true): Text 'Australia' is present on page  using regular expression

2022-03-31 23:19:41 - [MESSAGE][PASSED] - Text 'Australia' is present on page  using regular expression

2022-03-31 23:19:41 - [TEST_STEP][PASSED] - verifyTextPresent("Denmark", true): Text 'Denmark' is present on page  using regular expression

2022-03-31 23:19:42 - [MESSAGE][PASSED] - Text 'Denmark' is present on page  using regular expression

2022-03-31 23:19:42 - [TEST_STEP][PASSED] - verifyTextPresent("Sweden", true): Text 'Sweden' is present on page  using regular expression

2022-03-31 23:19:42 - [MESSAGE][PASSED] - Text 'Sweden' is present on page  using regular expression

2022-03-31 23:19:42 - [TEST_STEP][PASSED] - verifyTextPresent("Austria", true): Text 'Austria' is present on page  using regular expression

2022-03-31 23:19:42 - [MESSAGE][PASSED] - Text 'Austria' is present on page  using regular expression

2022-03-31 23:19:42 - [TEST_STEP][PASSED] - verifyTextPresent("Orange Recorded", true): Text 'Orange Recorded' is present on page  using regular expression

2022-03-31 23:19:43 - [MESSAGE][PASSED] - Text 'Orange Recorded' is present on page  using regular expression

2022-03-31 23:19:43 - [TEST_STEP][PASSED] - verifyTextPresent("Yellow Recorded", true): Text 'Yellow Recorded' is present on page  using regular expression

2022-03-31 23:19:43 - [MESSAGE][PASSED] - Text 'Yellow Recorded' is present on page  using regular expression

2022-03-31 23:19:43 - [TEST_STEP][PASSED] - verifyTextPresent("Norway", true): Text 'Norway' is present on page  using regular expression

2022-03-31 23:19:43 - [MESSAGE][PASSED] - Text 'Norway' is present on page  using regular expression

2022-03-31 23:19:43 - [TEST_STEP][PASSED] - verifyTextPresent("Netherlands", true): Text 'Netherlands' is present on page  using regular expression

2022-03-31 23:19:44 - [MESSAGE][PASSED] - Text 'Netherlands' is present on page  using regular expression

2022-03-31 23:19:44 - [TEST_STEP][PASSED] - verifyTextPresent("Switzerland", true): Text 'Switzerland' is present on page  using regular expression

2022-03-31 23:19:44 - [MESSAGE][PASSED] - Text 'Switzerland' is present on page  using regular expression

2022-03-31 23:19:44 - [TEST_STEP][PASSED] - verifyTextPresent("France", true): Text 'France' is present on page  using regular expression

2022-03-31 23:19:44 - [MESSAGE][PASSED] - Text 'France' is present on page  using regular expression

2022-03-31 23:19:44 - [TEST_STEP][PASSED] - verifyTextPresent("Card Information", true): Text 'Card Information' is present on page  using regular expression

2022-03-31 23:19:45 - [MESSAGE][PASSED] - Text 'Card Information' is present on page  using regular expression

2022-03-31 23:19:45 - [TEST_STEP][PASSED] - verifyTextPresent("Amount", true): Text 'Amount' is present on page  using regular expression

2022-03-31 23:19:45 - [MESSAGE][PASSED] - Text 'Amount' is present on page  using regular expression

2022-03-31 23:19:45 - [TEST_STEP][PASSED] - verifyTextPresent("Service Fee", true): Text 'Service Fee' is present on page  using regular expression

2022-03-31 23:19:45 - [MESSAGE][PASSED] - Text 'Service Fee' is present on page  using regular expression

2022-03-31 23:19:45 - [TEST_STEP][PASSED] - verifyTextPresent("Service Fee Type", true): Text 'Service Fee Type' is present on page  using regular expression

2022-03-31 23:19:46 - [MESSAGE][PASSED] - Text 'Service Fee Type' is present on page  using regular expression

2022-03-31 23:19:46 - [TEST_STEP][PASSED] - verifyTextPresent("Total Amount", true): Text 'Total Amount' is present on page  using regular expression

2022-03-31 23:19:46 - [MESSAGE][PASSED] - Text 'Total Amount' is present on page  using regular expression

2022-03-31 23:19:46 - [TEST_STEP][PASSED] - verifyTextPresent("Transaction Type", true): Text 'Transaction Type' is present on page  using regular expression

2022-03-31 23:19:46 - [MESSAGE][PASSED] - Text 'Transaction Type' is present on page  using regular expression

2022-03-31 23:19:46 - [TEST_STEP][PASSED] - verifyTextPresent("10.50", true): Text '10.50' is present on page  using regular expression

2022-03-31 23:19:47 - [MESSAGE][PASSED] - Text '10.50' is present on page  using regular expression

2022-03-31 23:19:47 - [TEST_STEP][PASSED] - verifyTextPresent("5.00", true): Text '5.00' is present on page  using regular expression

2022-03-31 23:19:47 - [MESSAGE][PASSED] - Text '5.00' is present on page  using regular expression

2022-03-31 23:19:47 - [TEST_STEP][PASSED] - verifyTextPresent("Single Transaction", true): Text 'Single Transaction' is present on page  using regular expression

2022-03-31 23:19:48 - [MESSAGE][PASSED] - Text 'Single Transaction' is present on page  using regular expression

2022-03-31 23:19:48 - [TEST_STEP][PASSED] - verifyTextPresent("15.50", true): Text '15.50' is present on page  using regular expression

2022-03-31 23:19:48 - [MESSAGE][PASSED] - Text '15.50' is present on page  using regular expression

2022-03-31 23:19:48 - [TEST_STEP][PASSED] - verifyTextPresent("Authorization and Capture", true): Text 'Authorization and Capture' is present on page  using regular expression

2022-03-31 23:19:48 - [MESSAGE][PASSED] - Text 'Authorization and Capture' is present on page  using regular expression

2022-03-31 23:19:48 - [TEST_STEP][PASSED] - cardNameV = findTestData(dataFile).getValue("CardNameV", row): null

2022-03-31 23:19:48 - [TEST_STEP][PASSED] - al1V = findTestData(dataFile).getValue("AL1", row): null

2022-03-31 23:19:48 - [TEST_STEP][PASSED] - al2V = findTestData(dataFile).getValue("AL2", row): null

2022-03-31 23:19:49 - [TEST_STEP][PASSED] - zipV = findTestData(dataFile).getValue("ZIP", row): null

2022-03-31 23:19:49 - [TEST_STEP][PASSED] - cardTypeV = findTestData(dataFile).getValue("CardType", row): null

2022-03-31 23:19:49 - [TEST_STEP][PASSED] - last4V = findTestData(dataFile).getValue("Last4", row): null

2022-03-31 23:19:49 - [TEST_STEP][PASSED] - verifyTextPresent(cardNameV, true): Text 'JANAKI JAMES' is present on page  using regular expression

2022-03-31 23:19:49 - [MESSAGE][PASSED] - Text 'JANAKI JAMES' is present on page  using regular expression

2022-03-31 23:19:49 - [TEST_STEP][PASSED] - verifyTextPresent("Address Line 1", true): Text 'Address Line 1' is present on page  using regular expression

2022-03-31 23:19:49 - [MESSAGE][PASSED] - Text 'Address Line 1' is present on page  using regular expression

2022-03-31 23:19:49 - [TEST_STEP][PASSED] - verifyTextPresent("Address Line 2", true): Text 'Address Line 2' is present on page  using regular expression

2022-03-31 23:19:50 - [MESSAGE][PASSED] - Text 'Address Line 2' is present on page  using regular expression

2022-03-31 23:19:50 - [TEST_STEP][PASSED] - verifyTextPresent("Country", true): Text 'Country' is present on page  using regular expression

2022-03-31 23:19:50 - [MESSAGE][PASSED] - Text 'Country' is present on page  using regular expression

2022-03-31 23:19:50 - [TEST_STEP][PASSED] - verifyTextPresent("City", true): Text 'City' is present on page  using regular expression

2022-03-31 23:19:50 - [MESSAGE][PASSED] - Text 'City' is present on page  using regular expression

2022-03-31 23:19:50 - [TEST_STEP][PASSED] - verifyTextPresent("State", true): Text 'State' is present on page  using regular expression

2022-03-31 23:19:51 - [MESSAGE][PASSED] - Text 'State' is present on page  using regular expression

2022-03-31 23:19:51 - [TEST_STEP][PASSED] - verifyTextPresent("ZIP Code", true): Text 'ZIP Code' is present on page  using regular expression

2022-03-31 23:19:51 - [MESSAGE][PASSED] - Text 'ZIP Code' is present on page  using regular expression

2022-03-31 23:19:51 - [TEST_STEP][PASSED] - verifyTextPresent(al1V, true): Text '25987 Hill Top' is present on page  using regular expression

2022-03-31 23:19:51 - [MESSAGE][PASSED] - Text '25987 Hill Top' is present on page  using regular expression

2022-03-31 23:19:51 - [TEST_STEP][PASSED] - verifyTextPresent(al2V, true): Text 'Suite 500' is present on page  using regular expression

2022-03-31 23:19:52 - [MESSAGE][PASSED] - Text 'Suite 500' is present on page  using regular expression

2022-03-31 23:19:52 - [TEST_STEP][PASSED] - verifyTextPresent("United States", true): Text 'United States' is present on page  using regular expression

2022-03-31 23:19:52 - [MESSAGE][PASSED] - Text 'United States' is present on page  using regular expression

2022-03-31 23:19:52 - [TEST_STEP][PASSED] - verifyTextPresent("ARLINGTON", true): Text 'ARLINGTON' is present on page  using regular expression

2022-03-31 23:19:52 - [MESSAGE][PASSED] - Text 'ARLINGTON' is present on page  using regular expression

2022-03-31 23:19:52 - [TEST_STEP][PASSED] - verifyTextPresent("Virginia", true): Text 'Virginia' is present on page  using regular expression

2022-03-31 23:19:53 - [MESSAGE][PASSED] - Text 'Virginia' is present on page  using regular expression

2022-03-31 23:19:53 - [TEST_STEP][PASSED] - verifyTextPresent(zipV, true): Text '22201' is present on page  using regular expression

2022-03-31 23:19:53 - [MESSAGE][PASSED] - Text '22201' is present on page  using regular expression

2022-03-31 23:19:53 - [TEST_STEP][PASSED] - verifyTextPresent(cardTypeV, true): Text 'Discover' is present on page  using regular expression

2022-03-31 23:19:53 - [MESSAGE][PASSED] - Text 'Discover' is present on page  using regular expression

2022-03-31 23:19:53 - [TEST_STEP][PASSED] - verifyTextPresent(last4V, true): Text '6909' is present on page  using regular expression

2022-03-31 23:19:54 - [MESSAGE][PASSED] - Text '6909' is present on page  using regular expression

2022-03-31 23:19:54 - [TEST_STEP][PASSED] - closeBrowser(): Browser is closed

2022-03-31 23:19:55 - [MESSAGE][PASSED] - Browser is closed]]></system-out>
         <system-err><![CDATA[]]></system-err>
      </testcase>
      <testcase name="Test Cases/Admin Suite Bootstrap/VT_TestCases/AuthKeyboard_TP_DualCF_Generic_Payment_TC" time="423.238" classname="Test Cases/Admin Suite Bootstrap/VT_TestCases/AuthKeyboard_TP_DualCF_Generic_Payment_TC" status="PASSED">
         <system-out><![CDATA[2022-03-31 23:19:55 - [TEST_CASE][PASSED] - Test Cases/Admin Suite Bootstrap/VT_TestCases/AuthKeyboard_TP_DualCF_Generic_Payment_TC: Test Cases/Admin Suite Bootstrap/VT_TestCases/AuthKeyboard_TP_DualCF_Generic_Payment_TC

2022-03-31 23:19:55 - [TEST_STEP][PASSED] - path_Dashboard = "Object Repository/AdminSuiteBootstrap_Pages/Dashboard_Bootstrap/": null

2022-03-31 23:19:55 - [TEST_STEP][PASSED] - path_VT = "Object Repository/AdminSuiteBootstrap_Pages/VT_Bootstrap/IssueTransactions/": null

2022-03-31 23:19:55 - [TEST_STEP][PASSED] - path_SaleKB = "Object Repository/AdminSuiteBootstrap_Pages/VT_Bootstrap/SaleKeyboard/": null

2022-03-31 23:19:55 - [TEST_STEP][PASSED] - path_TestMinus = "Object Repository/Page_TestMinusAndAtSigns/": null

2022-03-31 23:19:55 - [TEST_STEP][PASSED] - li_1 = vpos_Prefix: null

2022-03-31 23:19:55 - [TEST_STEP][PASSED] - li_2 = "/transactions/AuthOnlyForm/": null

2022-03-31 23:19:55 - [TEST_STEP][PASSED] - executionProfile = getExecutionProfile(): null

2022-03-31 23:19:55 - [TEST_STEP][PASSED] - out.println("executionProfile : " + executionProfile): null

2022-03-31 23:19:55 - [TEST_STEP][PASSED] - appName = <not implemented yet for class: org.codehaus.groovy.ast.expr.EmptyExpression>: null

2022-03-31 23:19:55 - [TEST_STEP][PASSED] - appID = <not implemented yet for class: org.codehaus.groovy.ast.expr.EmptyExpression>: null

2022-03-31 23:19:55 - [TEST_STEP][PASSED] - cardNameV = <not implemented yet for class: org.codehaus.groovy.ast.expr.EmptyExpression>: null

2022-03-31 23:19:55 - [TEST_STEP][PASSED] - al1V = <not implemented yet for class: org.codehaus.groovy.ast.expr.EmptyExpression>: null

2022-03-31 23:19:55 - [TEST_STEP][PASSED] - al2V = <not implemented yet for class: org.codehaus.groovy.ast.expr.EmptyExpression>: null

2022-03-31 23:19:55 - [TEST_STEP][PASSED] - zipV = <not implemented yet for class: org.codehaus.groovy.ast.expr.EmptyExpression>: null

2022-03-31 23:19:55 - [TEST_STEP][PASSED] - cardTypeV = <not implemented yet for class: org.codehaus.groovy.ast.expr.EmptyExpression>: null

2022-03-31 23:19:55 - [TEST_STEP][PASSED] - last4V = <not implemented yet for class: org.codehaus.groovy.ast.expr.EmptyExpression>: null

2022-03-31 23:19:55 - [TEST_STEP][PASSED] - resText = "Fail": null

2022-03-31 23:19:55 - [TEST_STEP][PASSED] - resColumn = "Result": null

2022-03-31 23:19:55 - [TEST_STEP][PASSED] - datCloumn = "Date": null

2022-03-31 23:19:55 - [TEST_STEP][PASSED] - fileLoc = "C:\KatalonData\Bootstrap\VT-Data.xlsx": null

2022-03-31 23:19:55 - [TEST_STEP][PASSED] - numOfRows = <not implemented yet for class: org.codehaus.groovy.ast.expr.EmptyExpression>: null

2022-03-31 23:19:55 - [TEST_STEP][PASSED] - dataFile = <not implemented yet for class: org.codehaus.groovy.ast.expr.EmptyExpression>: null

2022-03-31 23:19:55 - [TEST_STEP][PASSED] - nameSheet = <not implemented yet for class: org.codehaus.groovy.ast.expr.EmptyExpression>: null

2022-03-31 23:19:55 - [TEST_STEP][PASSED] - nameSheet = "VT-Auth-DualCF-Generic": null

2022-03-31 23:19:55 - [TEST_STEP][PASSED] - numOfRows = findTestData("QA/Bootstrap/VT-TestData/VT-AuthData-DualCF-Generic").getRowNumbers(): null

2022-03-31 23:19:55 - [TEST_STEP][PASSED] - println("Number of Records: " + numOfRows): null

2022-03-31 23:19:55 - [TEST_STEP][PASSED] - dataFile = "QA/Bootstrap/VT-TestData/VT-AuthData-DualCF-Generic": null

2022-03-31 23:19:55 - [TEST_STEP][PASSED] - for ([row = 1, row <= numOfRows, (row++)]): Browser is closed

2022-03-31 23:19:55 - [TEST_STEP][PASSED] - ExecuteTC = findTestData(dataFile).getValue("Execute", row): null

2022-03-31 23:19:55 - [TEST_STEP][PASSED] - out.println("Value of Execute is : " + ExecuteTC): null

2022-03-31 23:19:55 - [TEST_STEP][PASSED] - switch (executionProfile): null

2022-03-31 23:19:55 - [TEST_STEP][PASSED] - case "QAProfile":: null

2022-03-31 23:19:55 - [TEST_STEP][PASSED] - appName = findTestData(dataFile).getValue("AppNameQA", row): null

2022-03-31 23:19:55 - [TEST_STEP][PASSED] - appID = findTestData(dataFile).getValue("AppIDQA", row): null

2022-03-31 23:19:56 - [TEST_STEP][PASSED] - break: null

2022-03-31 23:19:56 - [TEST_STEP][PASSED] - hrefAppID = li_1 + appID + li_2: null

2022-03-31 23:19:56 - [TEST_STEP][PASSED] - hrefApp = li_1 + appID + "/": null

2022-03-31 23:19:56 - [TEST_STEP][PASSED] - println("hrefApp : " + hrefApp): null

2022-03-31 23:19:56 - [TEST_STEP][PASSED] - if (ExecuteTC.equalsIgnoreCase("Y")): Browser is closed

2022-03-31 23:19:56 - [TEST_STEP][PASSED] - out.println("Begin Record Number: " + row): null

2022-03-31 23:19:56 - [TEST_STEP][PASSED] - today = new java.util.Date(): null

2022-03-31 23:19:56 - [TEST_STEP][PASSED] - println(today): null

2022-03-31 23:19:56 - [TEST_STEP][PASSED] - datText = today: null

2022-03-31 23:19:56 - [TEST_STEP][PASSED] - adminSuiteBootstrap.loginFunctionality.login_AdminSuite(): adminSuiteBootstrap.loginFunctionality.login_AdminSuite is PASSED

2022-03-31 23:19:56 - [MESSAGE][INFO] - Starting 'Chrome' driver

2022-03-31 23:19:56 - [MESSAGE][INFO] - User set preference: ['acceptInsecureCerts', 'true']

2022-03-31 23:19:56 - [MESSAGE][INFO] - Action delay is set to 0 milliseconds

2022-03-31 23:19:58 - [MESSAGE][PASSED] - Browser is opened with url: 'https://qa.velocitypayment.com/admin/imtiaz'

2022-03-31 23:19:58 - [MESSAGE][PASSED] - Current window maximized

2022-03-31 23:19:58 - [MESSAGE][PASSED] - Object 'Object Repository/Login_Page/Login_Username' is present

2022-03-31 23:19:59 - [MESSAGE][PASSED] - Text 'iahmed' is set on object 'Object Repository/Login_Page/Login_Username'

2022-03-31 23:20:00 - [MESSAGE][PASSED] - Text 'hello2222' is set on object 'Object Repository/Login_Page/Login_Password'

2022-03-31 23:20:03 - [MESSAGE][PASSED] - Object: 'Object Repository/Login_Page/Login_Submit' is clicked on

2022-03-31 23:20:03 - [MESSAGE][PASSED] - adminSuiteBootstrap.loginFunctionality.login_AdminSuite is PASSED

2022-03-31 23:20:03 - [TEST_STEP][PASSED] - click(findTestObject(path_Dashboard + appName)): Object: 'Object Repository/AdminSuiteBootstrap_Pages/Dashboard_Bootstrap/a_Access AutoDualCFtpQA' is clicked on

2022-03-31 23:20:04 - [MESSAGE][PASSED] - Object: 'Object Repository/AdminSuiteBootstrap_Pages/Dashboard_Bootstrap/a_Access AutoDualCFtpQA' is clicked on

2022-03-31 23:20:04 - [TEST_STEP][PASSED] - click(findTestObject(path_VT + "button_Authorization Only")): Object: 'Object Repository/AdminSuiteBootstrap_Pages/VT_Bootstrap/IssueTransactions/button_Authorization Only' is clicked on

2022-03-31 23:20:05 - [MESSAGE][PASSED] - Object: 'Object Repository/AdminSuiteBootstrap_Pages/VT_Bootstrap/IssueTransactions/button_Authorization Only' is clicked on

2022-03-31 23:20:05 - [TEST_STEP][PASSED] - authOnlyKeyboardEntryLink = modifyObjectProperty(findTestObject(path_VT + "a_KeyboardEntry_Sale"), "href", "equals", hrefAppID, true): Modify property of object successfully

2022-03-31 23:20:05 - [MESSAGE][PASSED] - Modify property of object successfully

2022-03-31 23:20:05 - [TEST_STEP][PASSED] - click(authOnlyKeyboardEntryLink): Object: 'Object Repository/AdminSuiteBootstrap_Pages/VT_Bootstrap/IssueTransactions/a_KeyboardEntry_Sale' is clicked on

2022-03-31 23:20:06 - [MESSAGE][PASSED] - Object: 'Object Repository/AdminSuiteBootstrap_Pages/VT_Bootstrap/IssueTransactions/a_KeyboardEntry_Sale' is clicked on

2022-03-31 23:20:06 - [TEST_STEP][PASSED] - adminSuiteBootstrap.virtualTerminalSetData.saleKeyboard_DataDriven(row, dataFile): adminSuiteBootstrap.virtualTerminalSetData.saleKeyboard_DataDriven is PASSED

2022-03-31 23:20:09 - [MESSAGE][PASSED] - Text 'Tulsi Raman' is set on object 'Object Repository/AdminSuiteBootstrap_Pages/VT_Bootstrap/SaleKeyboard/input_cardName'

2022-03-31 23:20:10 - [MESSAGE][PASSED] - All options with value 'RETL' are selected in object 'Object Repository/AdminSuiteBootstrap_Pages/VT_Bootstrap/SaleKeyboard/select_transactionCategory'  using regular expression

2022-03-31 23:20:11 - [MESSAGE][PASSED] - Execute JavaScript 'arguments[0].value ='4012000098765439' ' successfully

2022-03-31 23:20:11 - [MESSAGE][PASSED] - Execute JavaScript 'arguments[0].value ='123' ' successfully

2022-03-31 23:20:12 - [MESSAGE][PASSED] - All options with value '12' are selected in object 'Object Repository/AdminSuiteBootstrap_Pages/VT_Bootstrap/SaleKeyboard/select_MM'  using regular expression

2022-03-31 23:20:14 - [MESSAGE][PASSED] - All options with value '2025' are selected in object 'Object Repository/AdminSuiteBootstrap_Pages/VT_Bootstrap/SaleKeyboard/select_YYYY'  using regular expression

2022-03-31 23:20:14 - [MESSAGE][PASSED] - Text '36 Cornor Road' is set on object 'Object Repository/AdminSuiteBootstrap_Pages/VT_Bootstrap/SaleKeyboard/input__address'

2022-03-31 23:20:15 - [MESSAGE][PASSED] - Text 'Suite 500' is set on object 'Object Repository/AdminSuiteBootstrap_Pages/VT_Bootstrap/SaleKeyboard/input__address2'

2022-03-31 23:20:16 - [MESSAGE][PASSED] - Text '22201' is set on object 'Object Repository/AdminSuiteBootstrap_Pages/VT_Bootstrap/SaleKeyboard/input__zip'

2022-03-31 23:20:16 - [MESSAGE][PASSED] - Text '' is set on object 'Object Repository/AdminSuiteBootstrap_Pages/VT_Bootstrap/SaleKeyboard/input_emailAddress'

2022-03-31 23:20:18 - [MESSAGE][PASSED] - Text '' is set on object 'Object Repository/AdminSuiteBootstrap_Pages/VT_Bootstrap/SaleKeyboard/input_smsNumber'

2022-03-31 23:20:18 - [MESSAGE][PASSED] - Text '10.50' is set on object 'Object Repository/AdminSuiteBootstrap_Pages/VT_Bootstrap/SaleKeyboard/input_amount'

2022-03-31 23:20:20 - [MESSAGE][PASSED] - Text 'Australia' is set on object 'Object Repository/AdminSuiteBootstrap_Pages/VT_Bootstrap/SaleKeyboard/input_userDefined1'

2022-03-31 23:20:20 - [MESSAGE][PASSED] - Text 'Denmark' is set on object 'Object Repository/AdminSuiteBootstrap_Pages/VT_Bootstrap/SaleKeyboard/input_userDefined2'

2022-03-31 23:20:21 - [MESSAGE][PASSED] - Text 'Sweden' is set on object 'Object Repository/AdminSuiteBootstrap_Pages/VT_Bootstrap/SaleKeyboard/input_userDefined3'

2022-03-31 23:20:22 - [MESSAGE][PASSED] - Text 'Austria' is set on object 'Object Repository/AdminSuiteBootstrap_Pages/VT_Bootstrap/SaleKeyboard/input_userDefined4'

2022-03-31 23:20:23 - [MESSAGE][PASSED] - All options with label 'Orange' are selected in object 'Object Repository/AdminSuiteBootstrap_Pages/VT_Bootstrap/SaleKeyboard/select_UDF5_DropDown'  using regular expression

2022-03-31 23:20:24 - [MESSAGE][PASSED] - All options with label 'Yellow' are selected in object 'Object Repository/AdminSuiteBootstrap_Pages/VT_Bootstrap/SaleKeyboard/select_UDF6_DropDown'  using regular expression

2022-03-31 23:20:24 - [MESSAGE][PASSED] - Text 'Norway' is set on object 'Object Repository/AdminSuiteBootstrap_Pages/VT_Bootstrap/SaleKeyboard/input_userDefined7'

2022-03-31 23:20:25 - [MESSAGE][PASSED] - Text 'Netherlands' is set on object 'Object Repository/AdminSuiteBootstrap_Pages/VT_Bootstrap/SaleKeyboard/input_userDefined8'

2022-03-31 23:20:26 - [MESSAGE][PASSED] - Text 'Switzerland' is set on object 'Object Repository/AdminSuiteBootstrap_Pages/VT_Bootstrap/SaleKeyboard/input_userDefined9'

2022-03-31 23:20:27 - [MESSAGE][PASSED] - Text 'France' is set on object 'Object Repository/AdminSuiteBootstrap_Pages/VT_Bootstrap/SaleKeyboard/input_userDefined10'

2022-03-31 23:20:29 - [MESSAGE][PASSED] - Object: 'Object Repository/AdminSuiteBootstrap_Pages/VT_Bootstrap/SaleKeyboard/button_Submit' is clicked on

2022-03-31 23:20:29 - [MESSAGE][PASSED] - adminSuiteBootstrap.virtualTerminalSetData.saleKeyboard_DataDriven is PASSED

2022-03-31 23:20:29 - [TEST_STEP][PASSED] - verifyTextPresent("Transaction Successful", true): Text 'Transaction Successful' is present on page  using regular expression

2022-03-31 23:20:29 - [MESSAGE][PASSED] - Text 'Transaction Successful' is present on page  using regular expression

2022-03-31 23:20:29 - [TEST_STEP][PASSED] - verifyElementVisible(findTestObject("Object Repository/AdminSuiteBootstrap_Pages/VT_Bootstrap/Receipt/button_Continue")): Object 'Object Repository/AdminSuiteBootstrap_Pages/VT_Bootstrap/Receipt/button_Continue' is visible

2022-03-31 23:20:29 - [MESSAGE][PASSED] - Object 'Object Repository/AdminSuiteBootstrap_Pages/VT_Bootstrap/Receipt/button_Continue' is visible

2022-03-31 23:20:29 - [TEST_STEP][PASSED] - verifyElementPresent(findTestObject("Object Repository/AdminSuiteBootstrap_Pages/VT_Bootstrap/Receipt/button_Continue"), 20): Object 'Object Repository/AdminSuiteBootstrap_Pages/VT_Bootstrap/Receipt/button_Continue' is present

2022-03-31 23:20:30 - [MESSAGE][PASSED] - Object 'Object Repository/AdminSuiteBootstrap_Pages/VT_Bootstrap/Receipt/button_Continue' is present

2022-03-31 23:20:30 - [TEST_STEP][PASSED] - verifyElementVisible(findTestObject("Object Repository/AdminSuiteBootstrap_Pages/VT_Bootstrap/Receipt/button_Print")): Object 'Object Repository/AdminSuiteBootstrap_Pages/VT_Bootstrap/Receipt/button_Print' is visible

2022-03-31 23:20:30 - [MESSAGE][PASSED] - Object 'Object Repository/AdminSuiteBootstrap_Pages/VT_Bootstrap/Receipt/button_Print' is visible

2022-03-31 23:20:30 - [TEST_STEP][PASSED] - verifyElementPresent(findTestObject("Object Repository/AdminSuiteBootstrap_Pages/VT_Bootstrap/Receipt/button_Print"), 20): Object 'Object Repository/AdminSuiteBootstrap_Pages/VT_Bootstrap/Receipt/button_Print' is present

2022-03-31 23:20:31 - [MESSAGE][PASSED] - Object 'Object Repository/AdminSuiteBootstrap_Pages/VT_Bootstrap/Receipt/button_Print' is present

2022-03-31 23:20:31 - [TEST_STEP][PASSED] - verifyTextPresent("Remittance ID", true): Text 'Remittance ID' is present on page  using regular expression

2022-03-31 23:20:31 - [MESSAGE][PASSED] - Text 'Remittance ID' is present on page  using regular expression

2022-03-31 23:20:31 - [TEST_STEP][PASSED] - verifyTextPresent("Received", true): Text 'Received' is present on page  using regular expression

2022-03-31 23:20:31 - [MESSAGE][PASSED] - Text 'Received' is present on page  using regular expression

2022-03-31 23:20:31 - [TEST_STEP][PASSED] - verifyTextPresent("UDF1", true): Text 'UDF1' is present on page  using regular expression

2022-03-31 23:20:32 - [MESSAGE][PASSED] - Text 'UDF1' is present on page  using regular expression

2022-03-31 23:20:32 - [TEST_STEP][PASSED] - verifyTextPresent("UDF2", true): Text 'UDF2' is present on page  using regular expression

2022-03-31 23:20:32 - [MESSAGE][PASSED] - Text 'UDF2' is present on page  using regular expression

2022-03-31 23:20:32 - [TEST_STEP][PASSED] - verifyTextPresent("UDF3", true): Text 'UDF3' is present on page  using regular expression

2022-03-31 23:20:32 - [MESSAGE][PASSED] - Text 'UDF3' is present on page  using regular expression

2022-03-31 23:20:32 - [TEST_STEP][PASSED] - verifyTextPresent("UDF4", true): Text 'UDF4' is present on page  using regular expression

2022-03-31 23:20:33 - [MESSAGE][PASSED] - Text 'UDF4' is present on page  using regular expression

2022-03-31 23:20:33 - [TEST_STEP][PASSED] - verifyTextPresent("UDF5", true): Text 'UDF5' is present on page  using regular expression

2022-03-31 23:20:33 - [MESSAGE][PASSED] - Text 'UDF5' is present on page  using regular expression

2022-03-31 23:20:33 - [TEST_STEP][PASSED] - verifyTextPresent("UDF6", true): Text 'UDF6' is present on page  using regular expression

2022-03-31 23:20:33 - [MESSAGE][PASSED] - Text 'UDF6' is present on page  using regular expression

2022-03-31 23:20:33 - [TEST_STEP][PASSED] - verifyTextPresent("UDF7", true): Text 'UDF7' is present on page  using regular expression

2022-03-31 23:20:34 - [MESSAGE][PASSED] - Text 'UDF7' is present on page  using regular expression

2022-03-31 23:20:34 - [TEST_STEP][PASSED] - verifyTextPresent("UDF8", true): Text 'UDF8' is present on page  using regular expression

2022-03-31 23:20:34 - [MESSAGE][PASSED] - Text 'UDF8' is present on page  using regular expression

2022-03-31 23:20:34 - [TEST_STEP][PASSED] - verifyTextPresent("UDF9", true): Text 'UDF9' is present on page  using regular expression

2022-03-31 23:20:34 - [MESSAGE][PASSED] - Text 'UDF9' is present on page  using regular expression

2022-03-31 23:20:34 - [TEST_STEP][PASSED] - verifyTextPresent("UDF 10", true): Text 'UDF 10' is present on page  using regular expression

2022-03-31 23:20:35 - [MESSAGE][PASSED] - Text 'UDF 10' is present on page  using regular expression

2022-03-31 23:20:35 - [TEST_STEP][PASSED] - verifyTextPresent("Australia", true): Text 'Australia' is present on page  using regular expression

2022-03-31 23:20:35 - [MESSAGE][PASSED] - Text 'Australia' is present on page  using regular expression

2022-03-31 23:20:35 - [TEST_STEP][PASSED] - verifyTextPresent("Denmark", true): Text 'Denmark' is present on page  using regular expression

2022-03-31 23:20:35 - [MESSAGE][PASSED] - Text 'Denmark' is present on page  using regular expression

2022-03-31 23:20:35 - [TEST_STEP][PASSED] - verifyTextPresent("Sweden", true): Text 'Sweden' is present on page  using regular expression

2022-03-31 23:20:36 - [MESSAGE][PASSED] - Text 'Sweden' is present on page  using regular expression

2022-03-31 23:20:36 - [TEST_STEP][PASSED] - verifyTextPresent("Austria", true): Text 'Austria' is present on page  using regular expression

2022-03-31 23:20:36 - [MESSAGE][PASSED] - Text 'Austria' is present on page  using regular expression

2022-03-31 23:20:36 - [TEST_STEP][PASSED] - verifyTextPresent("Orange Recorded", true): Text 'Orange Recorded' is present on page  using regular expression

2022-03-31 23:20:36 - [MESSAGE][PASSED] - Text 'Orange Recorded' is present on page  using regular expression

2022-03-31 23:20:36 - [TEST_STEP][PASSED] - verifyTextPresent("Yellow Recorded", true): Text 'Yellow Recorded' is present on page  using regular expression

2022-03-31 23:20:37 - [MESSAGE][PASSED] - Text 'Yellow Recorded' is present on page  using regular expression

2022-03-31 23:20:37 - [TEST_STEP][PASSED] - verifyTextPresent("Norway", true): Text 'Norway' is present on page  using regular expression

2022-03-31 23:20:37 - [MESSAGE][PASSED] - Text 'Norway' is present on page  using regular expression

2022-03-31 23:20:37 - [TEST_STEP][PASSED] - verifyTextPresent("Netherlands", true): Text 'Netherlands' is present on page  using regular expression

2022-03-31 23:20:37 - [MESSAGE][PASSED] - Text 'Netherlands' is present on page  using regular expression

2022-03-31 23:20:37 - [TEST_STEP][PASSED] - verifyTextPresent("Switzerland", true): Text 'Switzerland' is present on page  using regular expression

2022-03-31 23:20:38 - [MESSAGE][PASSED] - Text 'Switzerland' is present on page  using regular expression

2022-03-31 23:20:38 - [TEST_STEP][PASSED] - verifyTextPresent("France", true): Text 'France' is present on page  using regular expression

2022-03-31 23:20:38 - [MESSAGE][PASSED] - Text 'France' is present on page  using regular expression

2022-03-31 23:20:38 - [TEST_STEP][PASSED] - verifyTextPresent("Amount", true): Text 'Amount' is present on page  using regular expression

2022-03-31 23:20:38 - [MESSAGE][PASSED] - Text 'Amount' is present on page  using regular expression

2022-03-31 23:20:38 - [TEST_STEP][PASSED] - verifyTextPresent("Service Fee", true): Text 'Service Fee' is present on page  using regular expression

2022-03-31 23:20:39 - [MESSAGE][PASSED] - Text 'Service Fee' is present on page  using regular expression

2022-03-31 23:20:39 - [TEST_STEP][PASSED] - verifyTextPresent("Service Fee Type", true): Text 'Service Fee Type' is present on page  using regular expression

2022-03-31 23:20:39 - [MESSAGE][PASSED] - Text 'Service Fee Type' is present on page  using regular expression

2022-03-31 23:20:39 - [TEST_STEP][PASSED] - verifyTextPresent("Total Amount", true): Text 'Total Amount' is present on page  using regular expression

2022-03-31 23:20:39 - [MESSAGE][PASSED] - Text 'Total Amount' is present on page  using regular expression

2022-03-31 23:20:39 - [TEST_STEP][PASSED] - verifyTextPresent("Transaction Type", true): Text 'Transaction Type' is present on page  using regular expression

2022-03-31 23:20:40 - [MESSAGE][PASSED] - Text 'Transaction Type' is present on page  using regular expression

2022-03-31 23:20:40 - [TEST_STEP][PASSED] - verifyTextPresent("10.50", true): Text '10.50' is present on page  using regular expression

2022-03-31 23:20:40 - [MESSAGE][PASSED] - Text '10.50' is present on page  using regular expression

2022-03-31 23:20:40 - [TEST_STEP][PASSED] - verifyTextPresent("5.00", true): Text '5.00' is present on page  using regular expression

2022-03-31 23:20:40 - [MESSAGE][PASSED] - Text '5.00' is present on page  using regular expression

2022-03-31 23:20:40 - [TEST_STEP][PASSED] - verifyTextPresent("Dual Transaction", true): Text 'Dual Transaction' is present on page  using regular expression

2022-03-31 23:20:41 - [MESSAGE][PASSED] - Text 'Dual Transaction' is present on page  using regular expression

2022-03-31 23:20:41 - [TEST_STEP][PASSED] - verifyTextPresent("15.50", true): Text '15.50' is present on page  using regular expression

2022-03-31 23:20:41 - [MESSAGE][PASSED] - Text '15.50' is present on page  using regular expression

2022-03-31 23:20:41 - [TEST_STEP][PASSED] - verifyTextPresent("Authorization", true): Text 'Authorization' is present on page  using regular expression

2022-03-31 23:20:41 - [MESSAGE][PASSED] - Text 'Authorization' is present on page  using regular expression

2022-03-31 23:20:41 - [TEST_STEP][PASSED] - verifyTextPresent("Card Information", true): Text 'Card Information' is present on page  using regular expression

2022-03-31 23:20:42 - [MESSAGE][PASSED] - Text 'Card Information' is present on page  using regular expression

2022-03-31 23:20:42 - [TEST_STEP][PASSED] - cardNameV = findTestData(dataFile).getValue("CardNameV", row): null

2022-03-31 23:20:42 - [TEST_STEP][PASSED] - al1V = findTestData(dataFile).getValue("AL1", row): null

2022-03-31 23:20:42 - [TEST_STEP][PASSED] - al2V = findTestData(dataFile).getValue("AL2", row): null

2022-03-31 23:20:42 - [TEST_STEP][PASSED] - zipV = findTestData(dataFile).getValue("ZIP", row): null

2022-03-31 23:20:42 - [TEST_STEP][PASSED] - cardTypeV = findTestData(dataFile).getValue("CardType", row): null

2022-03-31 23:20:42 - [TEST_STEP][PASSED] - last4V = findTestData(dataFile).getValue("Last4", row): null

2022-03-31 23:20:42 - [TEST_STEP][PASSED] - verifyTextPresent(cardNameV, true): Text 'TULSI RAMAN' is present on page  using regular expression

2022-03-31 23:20:43 - [MESSAGE][PASSED] - Text 'TULSI RAMAN' is present on page  using regular expression

2022-03-31 23:20:43 - [TEST_STEP][PASSED] - verifyTextPresent("Address Line 1", true): Text 'Address Line 1' is present on page  using regular expression

2022-03-31 23:20:43 - [MESSAGE][PASSED] - Text 'Address Line 1' is present on page  using regular expression

2022-03-31 23:20:43 - [TEST_STEP][PASSED] - verifyTextPresent("Address Line 2", true): Text 'Address Line 2' is present on page  using regular expression

2022-03-31 23:20:43 - [MESSAGE][PASSED] - Text 'Address Line 2' is present on page  using regular expression

2022-03-31 23:20:43 - [TEST_STEP][PASSED] - verifyTextPresent("Country", true): Text 'Country' is present on page  using regular expression

2022-03-31 23:20:44 - [MESSAGE][PASSED] - Text 'Country' is present on page  using regular expression

2022-03-31 23:20:44 - [TEST_STEP][PASSED] - verifyTextPresent("City", true): Text 'City' is present on page  using regular expression

2022-03-31 23:20:44 - [MESSAGE][PASSED] - Text 'City' is present on page  using regular expression

2022-03-31 23:20:44 - [TEST_STEP][PASSED] - verifyTextPresent("State", true): Text 'State' is present on page  using regular expression

2022-03-31 23:20:44 - [MESSAGE][PASSED] - Text 'State' is present on page  using regular expression

2022-03-31 23:20:44 - [TEST_STEP][PASSED] - verifyTextPresent("ZIP Code", true): Text 'ZIP Code' is present on page  using regular expression

2022-03-31 23:20:45 - [MESSAGE][PASSED] - Text 'ZIP Code' is present on page  using regular expression

2022-03-31 23:20:45 - [TEST_STEP][PASSED] - verifyTextPresent(al1V, true): Text '36 Cornor Road' is present on page  using regular expression

2022-03-31 23:20:45 - [MESSAGE][PASSED] - Text '36 Cornor Road' is present on page  using regular expression

2022-03-31 23:20:45 - [TEST_STEP][PASSED] - verifyTextPresent(al2V, true): Text 'Suite 500' is present on page  using regular expression

2022-03-31 23:20:45 - [MESSAGE][PASSED] - Text 'Suite 500' is present on page  using regular expression

2022-03-31 23:20:45 - [TEST_STEP][PASSED] - verifyTextPresent("United States", true): Text 'United States' is present on page  using regular expression

2022-03-31 23:20:46 - [MESSAGE][PASSED] - Text 'United States' is present on page  using regular expression

2022-03-31 23:20:46 - [TEST_STEP][PASSED] - verifyTextPresent("ARLINGTON", true): Text 'ARLINGTON' is present on page  using regular expression

2022-03-31 23:20:46 - [MESSAGE][PASSED] - Text 'ARLINGTON' is present on page  using regular expression

2022-03-31 23:20:46 - [TEST_STEP][PASSED] - verifyTextPresent("Virginia", true): Text 'Virginia' is present on page  using regular expression

2022-03-31 23:20:46 - [MESSAGE][PASSED] - Text 'Virginia' is present on page  using regular expression

2022-03-31 23:20:46 - [TEST_STEP][PASSED] - verifyTextPresent(zipV, true): Text '22201' is present on page  using regular expression

2022-03-31 23:20:47 - [MESSAGE][PASSED] - Text '22201' is present on page  using regular expression

2022-03-31 23:20:47 - [TEST_STEP][PASSED] - verifyTextPresent(cardTypeV, true): Text 'Visa' is present on page  using regular expression

2022-03-31 23:20:47 - [MESSAGE][PASSED] - Text 'Visa' is present on page  using regular expression

2022-03-31 23:20:47 - [TEST_STEP][PASSED] - verifyTextPresent(last4V, true): Text '5439' is present on page  using regular expression

2022-03-31 23:20:47 - [MESSAGE][PASSED] - Text '5439' is present on page  using regular expression

2022-03-31 23:20:47 - [TEST_STEP][PASSED] - closeBrowser(): Browser is closed

2022-03-31 23:20:48 - [MESSAGE][PASSED] - Browser is closed

2022-03-31 23:20:48 - [TEST_STEP][PASSED] - ExecuteTC = findTestData(dataFile).getValue("Execute", row): null

2022-03-31 23:20:48 - [TEST_STEP][PASSED] - out.println("Value of Execute is : " + ExecuteTC): null

2022-03-31 23:20:48 - [TEST_STEP][PASSED] - switch (executionProfile): null

2022-03-31 23:20:48 - [TEST_STEP][PASSED] - case "QAProfile":: null

2022-03-31 23:20:48 - [TEST_STEP][PASSED] - appName = findTestData(dataFile).getValue("AppNameQA", row): null

2022-03-31 23:20:48 - [TEST_STEP][PASSED] - appID = findTestData(dataFile).getValue("AppIDQA", row): null

2022-03-31 23:20:48 - [TEST_STEP][PASSED] - break: null

2022-03-31 23:20:48 - [TEST_STEP][PASSED] - hrefAppID = li_1 + appID + li_2: null

2022-03-31 23:20:48 - [TEST_STEP][PASSED] - hrefApp = li_1 + appID + "/": null

2022-03-31 23:20:48 - [TEST_STEP][PASSED] - println("hrefApp : " + hrefApp): null

2022-03-31 23:20:48 - [TEST_STEP][PASSED] - if (ExecuteTC.equalsIgnoreCase("Y")): Browser is closed

2022-03-31 23:20:48 - [TEST_STEP][PASSED] - out.println("Begin Record Number: " + row): null

2022-03-31 23:20:48 - [TEST_STEP][PASSED] - today = new java.util.Date(): null

2022-03-31 23:20:48 - [TEST_STEP][PASSED] - println(today): null

2022-03-31 23:20:48 - [TEST_STEP][PASSED] - datText = today: null

2022-03-31 23:20:48 - [TEST_STEP][PASSED] - adminSuiteBootstrap.loginFunctionality.login_AdminSuite(): adminSuiteBootstrap.loginFunctionality.login_AdminSuite is PASSED

2022-03-31 23:20:48 - [MESSAGE][INFO] - Starting 'Chrome' driver

2022-03-31 23:20:48 - [MESSAGE][INFO] - User set preference: ['acceptInsecureCerts', 'true']

2022-03-31 23:20:48 - [MESSAGE][INFO] - Action delay is set to 0 milliseconds

2022-03-31 23:20:51 - [MESSAGE][PASSED] - Browser is opened with url: 'https://qa.velocitypayment.com/admin/imtiaz'

2022-03-31 23:20:52 - [MESSAGE][PASSED] - Current window maximized

2022-03-31 23:20:52 - [MESSAGE][PASSED] - Object 'Object Repository/Login_Page/Login_Username' is present

2022-03-31 23:20:53 - [MESSAGE][PASSED] - Text 'iahmed' is set on object 'Object Repository/Login_Page/Login_Username'

2022-03-31 23:20:54 - [MESSAGE][PASSED] - Text 'hello2222' is set on object 'Object Repository/Login_Page/Login_Password'

2022-03-31 23:20:56 - [MESSAGE][PASSED] - Object: 'Object Repository/Login_Page/Login_Submit' is clicked on

2022-03-31 23:20:56 - [MESSAGE][PASSED] - adminSuiteBootstrap.loginFunctionality.login_AdminSuite is PASSED

2022-03-31 23:20:56 - [TEST_STEP][PASSED] - click(findTestObject(path_Dashboard + appName)): Object: 'Object Repository/AdminSuiteBootstrap_Pages/Dashboard_Bootstrap/a_Access AutoDualCFtpQA' is clicked on

2022-03-31 23:20:57 - [MESSAGE][PASSED] - Object: 'Object Repository/AdminSuiteBootstrap_Pages/Dashboard_Bootstrap/a_Access AutoDualCFtpQA' is clicked on

2022-03-31 23:20:57 - [TEST_STEP][PASSED] - click(findTestObject(path_VT + "button_Authorization Only")): Object: 'Object Repository/AdminSuiteBootstrap_Pages/VT_Bootstrap/IssueTransactions/button_Authorization Only' is clicked on

2022-03-31 23:20:58 - [MESSAGE][PASSED] - Object: 'Object Repository/AdminSuiteBootstrap_Pages/VT_Bootstrap/IssueTransactions/button_Authorization Only' is clicked on

2022-03-31 23:20:58 - [TEST_STEP][PASSED] - authOnlyKeyboardEntryLink = modifyObjectProperty(findTestObject(path_VT + "a_KeyboardEntry_Sale"), "href", "equals", hrefAppID, true): Modify property of object successfully

2022-03-31 23:20:58 - [MESSAGE][PASSED] - Modify property of object successfully

2022-03-31 23:20:58 - [TEST_STEP][PASSED] - click(authOnlyKeyboardEntryLink): Object: 'Object Repository/AdminSuiteBootstrap_Pages/VT_Bootstrap/IssueTransactions/a_KeyboardEntry_Sale' is clicked on

2022-03-31 23:20:58 - [MESSAGE][PASSED] - Object: 'Object Repository/AdminSuiteBootstrap_Pages/VT_Bootstrap/IssueTransactions/a_KeyboardEntry_Sale' is clicked on

2022-03-31 23:20:58 - [TEST_STEP][PASSED] - adminSuiteBootstrap.virtualTerminalSetData.saleKeyboard_DataDriven(row, dataFile): adminSuiteBootstrap.virtualTerminalSetData.saleKeyboard_DataDriven is PASSED

2022-03-31 23:21:01 - [MESSAGE][PASSED] - Text 'Tulsi Raman' is set on object 'Object Repository/AdminSuiteBootstrap_Pages/VT_Bootstrap/SaleKeyboard/input_cardName'

2022-03-31 23:21:02 - [MESSAGE][PASSED] - All options with value 'RETL' are selected in object 'Object Repository/AdminSuiteBootstrap_Pages/VT_Bootstrap/SaleKeyboard/select_transactionCategory'  using regular expression

2022-03-31 23:21:03 - [MESSAGE][PASSED] - Execute JavaScript 'arguments[0].value ='5146312200000035' ' successfully

2022-03-31 23:21:03 - [MESSAGE][PASSED] - Execute JavaScript 'arguments[0].value ='123' ' successfully

2022-03-31 23:21:04 - [MESSAGE][PASSED] - All options with value '12' are selected in object 'Object Repository/AdminSuiteBootstrap_Pages/VT_Bootstrap/SaleKeyboard/select_MM'  using regular expression

2022-03-31 23:21:06 - [MESSAGE][PASSED] - All options with value '2025' are selected in object 'Object Repository/AdminSuiteBootstrap_Pages/VT_Bootstrap/SaleKeyboard/select_YYYY'  using regular expression

2022-03-31 23:21:06 - [MESSAGE][PASSED] - Text '1478 Jhatka Palace' is set on object 'Object Repository/AdminSuiteBootstrap_Pages/VT_Bootstrap/SaleKeyboard/input__address'

2022-03-31 23:21:07 - [MESSAGE][PASSED] - Text 'Suite 500' is set on object 'Object Repository/AdminSuiteBootstrap_Pages/VT_Bootstrap/SaleKeyboard/input__address2'

2022-03-31 23:21:08 - [MESSAGE][PASSED] - Text '22201' is set on object 'Object Repository/AdminSuiteBootstrap_Pages/VT_Bootstrap/SaleKeyboard/input__zip'

2022-03-31 23:21:08 - [MESSAGE][PASSED] - Text '' is set on object 'Object Repository/AdminSuiteBootstrap_Pages/VT_Bootstrap/SaleKeyboard/input_emailAddress'

2022-03-31 23:21:09 - [MESSAGE][PASSED] - Text '' is set on object 'Object Repository/AdminSuiteBootstrap_Pages/VT_Bootstrap/SaleKeyboard/input_smsNumber'

2022-03-31 23:21:10 - [MESSAGE][PASSED] - Text '10.50' is set on object 'Object Repository/AdminSuiteBootstrap_Pages/VT_Bootstrap/SaleKeyboard/input_amount'

2022-03-31 23:21:11 - [MESSAGE][PASSED] - Text 'Australia' is set on object 'Object Repository/AdminSuiteBootstrap_Pages/VT_Bootstrap/SaleKeyboard/input_userDefined1'

2022-03-31 23:21:12 - [MESSAGE][PASSED] - Text 'Denmark' is set on object 'Object Repository/AdminSuiteBootstrap_Pages/VT_Bootstrap/SaleKeyboard/input_userDefined2'

2022-03-31 23:21:13 - [MESSAGE][PASSED] - Text 'Sweden' is set on object 'Object Repository/AdminSuiteBootstrap_Pages/VT_Bootstrap/SaleKeyboard/input_userDefined3'

2022-03-31 23:21:14 - [MESSAGE][PASSED] - Text 'Austria' is set on object 'Object Repository/AdminSuiteBootstrap_Pages/VT_Bootstrap/SaleKeyboard/input_userDefined4'

2022-03-31 23:21:15 - [MESSAGE][PASSED] - All options with label 'Orange' are selected in object 'Object Repository/AdminSuiteBootstrap_Pages/VT_Bootstrap/SaleKeyboard/select_UDF5_DropDown'  using regular expression

2022-03-31 23:21:16 - [MESSAGE][PASSED] - All options with label 'Yellow' are selected in object 'Object Repository/AdminSuiteBootstrap_Pages/VT_Bootstrap/SaleKeyboard/select_UDF6_DropDown'  using regular expression

2022-03-31 23:21:16 - [MESSAGE][PASSED] - Text 'Norway' is set on object 'Object Repository/AdminSuiteBootstrap_Pages/VT_Bootstrap/SaleKeyboard/input_userDefined7'

2022-03-31 23:21:17 - [MESSAGE][PASSED] - Text 'Netherlands' is set on object 'Object Repository/AdminSuiteBootstrap_Pages/VT_Bootstrap/SaleKeyboard/input_userDefined8'

2022-03-31 23:21:18 - [MESSAGE][PASSED] - Text 'Switzerland' is set on object 'Object Repository/AdminSuiteBootstrap_Pages/VT_Bootstrap/SaleKeyboard/input_userDefined9'

2022-03-31 23:21:18 - [MESSAGE][PASSED] - Text 'France' is set on object 'Object Repository/AdminSuiteBootstrap_Pages/VT_Bootstrap/SaleKeyboard/input_userDefined10'

2022-03-31 23:21:20 - [MESSAGE][PASSED] - Object: 'Object Repository/AdminSuiteBootstrap_Pages/VT_Bootstrap/SaleKeyboard/button_Submit' is clicked on

2022-03-31 23:21:20 - [MESSAGE][PASSED] - adminSuiteBootstrap.virtualTerminalSetData.saleKeyboard_DataDriven is PASSED

2022-03-31 23:21:20 - [TEST_STEP][PASSED] - verifyTextPresent("Transaction Successful", true): Text 'Transaction Successful' is present on page  using regular expression

2022-03-31 23:21:21 - [MESSAGE][PASSED] - Text 'Transaction Successful' is present on page  using regular expression

2022-03-31 23:21:21 - [TEST_STEP][PASSED] - verifyElementVisible(findTestObject("Object Repository/AdminSuiteBootstrap_Pages/VT_Bootstrap/Receipt/button_Continue")): Object 'Object Repository/AdminSuiteBootstrap_Pages/VT_Bootstrap/Receipt/button_Continue' is visible

2022-03-31 23:21:21 - [MESSAGE][PASSED] - Object 'Object Repository/AdminSuiteBootstrap_Pages/VT_Bootstrap/Receipt/button_Continue' is visible

2022-03-31 23:21:21 - [TEST_STEP][PASSED] - verifyElementPresent(findTestObject("Object Repository/AdminSuiteBootstrap_Pages/VT_Bootstrap/Receipt/button_Continue"), 20): Object 'Object Repository/AdminSuiteBootstrap_Pages/VT_Bootstrap/Receipt/button_Continue' is present

2022-03-31 23:21:22 - [MESSAGE][PASSED] - Object 'Object Repository/AdminSuiteBootstrap_Pages/VT_Bootstrap/Receipt/button_Continue' is present

2022-03-31 23:21:22 - [TEST_STEP][PASSED] - verifyElementVisible(findTestObject("Object Repository/AdminSuiteBootstrap_Pages/VT_Bootstrap/Receipt/button_Print")): Object 'Object Repository/AdminSuiteBootstrap_Pages/VT_Bootstrap/Receipt/button_Print' is visible

2022-03-31 23:21:22 - [MESSAGE][PASSED] - Object 'Object Repository/AdminSuiteBootstrap_Pages/VT_Bootstrap/Receipt/button_Print' is visible

2022-03-31 23:21:22 - [TEST_STEP][PASSED] - verifyElementPresent(findTestObject("Object Repository/AdminSuiteBootstrap_Pages/VT_Bootstrap/Receipt/button_Print"), 20): Object 'Object Repository/AdminSuiteBootstrap_Pages/VT_Bootstrap/Receipt/button_Print' is present

2022-03-31 23:21:22 - [MESSAGE][PASSED] - Object 'Object Repository/AdminSuiteBootstrap_Pages/VT_Bootstrap/Receipt/button_Print' is present

2022-03-31 23:21:22 - [TEST_STEP][PASSED] - verifyTextPresent("Remittance ID", true): Text 'Remittance ID' is present on page  using regular expression

2022-03-31 23:21:23 - [MESSAGE][PASSED] - Text 'Remittance ID' is present on page  using regular expression

2022-03-31 23:21:23 - [TEST_STEP][PASSED] - verifyTextPresent("Received", true): Text 'Received' is present on page  using regular expression

2022-03-31 23:21:23 - [MESSAGE][PASSED] - Text 'Received' is present on page  using regular expression

2022-03-31 23:21:23 - [TEST_STEP][PASSED] - verifyTextPresent("UDF1", true): Text 'UDF1' is present on page  using regular expression

2022-03-31 23:21:23 - [MESSAGE][PASSED] - Text 'UDF1' is present on page  using regular expression

2022-03-31 23:21:23 - [TEST_STEP][PASSED] - verifyTextPresent("UDF2", true): Text 'UDF2' is present on page  using regular expression

2022-03-31 23:21:24 - [MESSAGE][PASSED] - Text 'UDF2' is present on page  using regular expression

2022-03-31 23:21:24 - [TEST_STEP][PASSED] - verifyTextPresent("UDF3", true): Text 'UDF3' is present on page  using regular expression

2022-03-31 23:21:24 - [MESSAGE][PASSED] - Text 'UDF3' is present on page  using regular expression

2022-03-31 23:21:24 - [TEST_STEP][PASSED] - verifyTextPresent("UDF4", true): Text 'UDF4' is present on page  using regular expression

2022-03-31 23:21:24 - [MESSAGE][PASSED] - Text 'UDF4' is present on page  using regular expression

2022-03-31 23:21:24 - [TEST_STEP][PASSED] - verifyTextPresent("UDF5", true): Text 'UDF5' is present on page  using regular expression

2022-03-31 23:21:25 - [MESSAGE][PASSED] - Text 'UDF5' is present on page  using regular expression

2022-03-31 23:21:25 - [TEST_STEP][PASSED] - verifyTextPresent("UDF6", true): Text 'UDF6' is present on page  using regular expression

2022-03-31 23:21:25 - [MESSAGE][PASSED] - Text 'UDF6' is present on page  using regular expression

2022-03-31 23:21:25 - [TEST_STEP][PASSED] - verifyTextPresent("UDF7", true): Text 'UDF7' is present on page  using regular expression

2022-03-31 23:21:25 - [MESSAGE][PASSED] - Text 'UDF7' is present on page  using regular expression

2022-03-31 23:21:25 - [TEST_STEP][PASSED] - verifyTextPresent("UDF8", true): Text 'UDF8' is present on page  using regular expression

2022-03-31 23:21:26 - [MESSAGE][PASSED] - Text 'UDF8' is present on page  using regular expression

2022-03-31 23:21:26 - [TEST_STEP][PASSED] - verifyTextPresent("UDF9", true): Text 'UDF9' is present on page  using regular expression

2022-03-31 23:21:26 - [MESSAGE][PASSED] - Text 'UDF9' is present on page  using regular expression

2022-03-31 23:21:26 - [TEST_STEP][PASSED] - verifyTextPresent("UDF 10", true): Text 'UDF 10' is present on page  using regular expression

2022-03-31 23:21:26 - [MESSAGE][PASSED] - Text 'UDF 10' is present on page  using regular expression

2022-03-31 23:21:26 - [TEST_STEP][PASSED] - verifyTextPresent("Australia", true): Text 'Australia' is present on page  using regular expression

2022-03-31 23:21:27 - [MESSAGE][PASSED] - Text 'Australia' is present on page  using regular expression

2022-03-31 23:21:27 - [TEST_STEP][PASSED] - verifyTextPresent("Denmark", true): Text 'Denmark' is present on page  using regular expression

2022-03-31 23:21:27 - [MESSAGE][PASSED] - Text 'Denmark' is present on page  using regular expression

2022-03-31 23:21:27 - [TEST_STEP][PASSED] - verifyTextPresent("Sweden", true): Text 'Sweden' is present on page  using regular expression

2022-03-31 23:21:27 - [MESSAGE][PASSED] - Text 'Sweden' is present on page  using regular expression

2022-03-31 23:21:27 - [TEST_STEP][PASSED] - verifyTextPresent("Austria", true): Text 'Austria' is present on page  using regular expression

2022-03-31 23:21:28 - [MESSAGE][PASSED] - Text 'Austria' is present on page  using regular expression

2022-03-31 23:21:28 - [TEST_STEP][PASSED] - verifyTextPresent("Orange Recorded", true): Text 'Orange Recorded' is present on page  using regular expression

2022-03-31 23:21:28 - [MESSAGE][PASSED] - Text 'Orange Recorded' is present on page  using regular expression

2022-03-31 23:21:28 - [TEST_STEP][PASSED] - verifyTextPresent("Yellow Recorded", true): Text 'Yellow Recorded' is present on page  using regular expression

2022-03-31 23:21:28 - [MESSAGE][PASSED] - Text 'Yellow Recorded' is present on page  using regular expression

2022-03-31 23:21:28 - [TEST_STEP][PASSED] - verifyTextPresent("Norway", true): Text 'Norway' is present on page  using regular expression

2022-03-31 23:21:29 - [MESSAGE][PASSED] - Text 'Norway' is present on page  using regular expression

2022-03-31 23:21:29 - [TEST_STEP][PASSED] - verifyTextPresent("Netherlands", true): Text 'Netherlands' is present on page  using regular expression

2022-03-31 23:21:29 - [MESSAGE][PASSED] - Text 'Netherlands' is present on page  using regular expression

2022-03-31 23:21:29 - [TEST_STEP][PASSED] - verifyTextPresent("Switzerland", true): Text 'Switzerland' is present on page  using regular expression

2022-03-31 23:21:29 - [MESSAGE][PASSED] - Text 'Switzerland' is present on page  using regular expression

2022-03-31 23:21:29 - [TEST_STEP][PASSED] - verifyTextPresent("France", true): Text 'France' is present on page  using regular expression

2022-03-31 23:21:30 - [MESSAGE][PASSED] - Text 'France' is present on page  using regular expression

2022-03-31 23:21:30 - [TEST_STEP][PASSED] - verifyTextPresent("Amount", true): Text 'Amount' is present on page  using regular expression

2022-03-31 23:21:30 - [MESSAGE][PASSED] - Text 'Amount' is present on page  using regular expression

2022-03-31 23:21:30 - [TEST_STEP][PASSED] - verifyTextPresent("Service Fee", true): Text 'Service Fee' is present on page  using regular expression

2022-03-31 23:21:30 - [MESSAGE][PASSED] - Text 'Service Fee' is present on page  using regular expression

2022-03-31 23:21:30 - [TEST_STEP][PASSED] - verifyTextPresent("Service Fee Type", true): Text 'Service Fee Type' is present on page  using regular expression

2022-03-31 23:21:31 - [MESSAGE][PASSED] - Text 'Service Fee Type' is present on page  using regular expression

2022-03-31 23:21:31 - [TEST_STEP][PASSED] - verifyTextPresent("Total Amount", true): Text 'Total Amount' is present on page  using regular expression

2022-03-31 23:21:31 - [MESSAGE][PASSED] - Text 'Total Amount' is present on page  using regular expression

2022-03-31 23:21:31 - [TEST_STEP][PASSED] - verifyTextPresent("Transaction Type", true): Text 'Transaction Type' is present on page  using regular expression

2022-03-31 23:21:31 - [MESSAGE][PASSED] - Text 'Transaction Type' is present on page  using regular expression

2022-03-31 23:21:31 - [TEST_STEP][PASSED] - verifyTextPresent("10.50", true): Text '10.50' is present on page  using regular expression

2022-03-31 23:21:32 - [MESSAGE][PASSED] - Text '10.50' is present on page  using regular expression

2022-03-31 23:21:32 - [TEST_STEP][PASSED] - verifyTextPresent("5.00", true): Text '5.00' is present on page  using regular expression

2022-03-31 23:21:32 - [MESSAGE][PASSED] - Text '5.00' is present on page  using regular expression

2022-03-31 23:21:32 - [TEST_STEP][PASSED] - verifyTextPresent("Dual Transaction", true): Text 'Dual Transaction' is present on page  using regular expression

2022-03-31 23:21:32 - [MESSAGE][PASSED] - Text 'Dual Transaction' is present on page  using regular expression

2022-03-31 23:21:32 - [TEST_STEP][PASSED] - verifyTextPresent("15.50", true): Text '15.50' is present on page  using regular expression

2022-03-31 23:21:33 - [MESSAGE][PASSED] - Text '15.50' is present on page  using regular expression

2022-03-31 23:21:33 - [TEST_STEP][PASSED] - verifyTextPresent("Authorization", true): Text 'Authorization' is present on page  using regular expression

2022-03-31 23:21:33 - [MESSAGE][PASSED] - Text 'Authorization' is present on page  using regular expression

2022-03-31 23:21:33 - [TEST_STEP][PASSED] - verifyTextPresent("Card Information", true): Text 'Card Information' is present on page  using regular expression

2022-03-31 23:21:33 - [MESSAGE][PASSED] - Text 'Card Information' is present on page  using regular expression

2022-03-31 23:21:33 - [TEST_STEP][PASSED] - cardNameV = findTestData(dataFile).getValue("CardNameV", row): null

2022-03-31 23:21:34 - [TEST_STEP][PASSED] - al1V = findTestData(dataFile).getValue("AL1", row): null

2022-03-31 23:21:34 - [TEST_STEP][PASSED] - al2V = findTestData(dataFile).getValue("AL2", row): null

2022-03-31 23:21:34 - [TEST_STEP][PASSED] - zipV = findTestData(dataFile).getValue("ZIP", row): null

2022-03-31 23:21:34 - [TEST_STEP][PASSED] - cardTypeV = findTestData(dataFile).getValue("CardType", row): null

2022-03-31 23:21:34 - [TEST_STEP][PASSED] - last4V = findTestData(dataFile).getValue("Last4", row): null

2022-03-31 23:21:34 - [TEST_STEP][PASSED] - verifyTextPresent(cardNameV, true): Text 'TULSI RAMAN' is present on page  using regular expression

2022-03-31 23:21:34 - [MESSAGE][PASSED] - Text 'TULSI RAMAN' is present on page  using regular expression

2022-03-31 23:21:34 - [TEST_STEP][PASSED] - verifyTextPresent("Address Line 1", true): Text 'Address Line 1' is present on page  using regular expression

2022-03-31 23:21:35 - [MESSAGE][PASSED] - Text 'Address Line 1' is present on page  using regular expression

2022-03-31 23:21:35 - [TEST_STEP][PASSED] - verifyTextPresent("Address Line 2", true): Text 'Address Line 2' is present on page  using regular expression

2022-03-31 23:21:35 - [MESSAGE][PASSED] - Text 'Address Line 2' is present on page  using regular expression

2022-03-31 23:21:35 - [TEST_STEP][PASSED] - verifyTextPresent("Country", true): Text 'Country' is present on page  using regular expression

2022-03-31 23:21:35 - [MESSAGE][PASSED] - Text 'Country' is present on page  using regular expression

2022-03-31 23:21:35 - [TEST_STEP][PASSED] - verifyTextPresent("City", true): Text 'City' is present on page  using regular expression

2022-03-31 23:21:36 - [MESSAGE][PASSED] - Text 'City' is present on page  using regular expression

2022-03-31 23:21:36 - [TEST_STEP][PASSED] - verifyTextPresent("State", true): Text 'State' is present on page  using regular expression

2022-03-31 23:21:36 - [MESSAGE][PASSED] - Text 'State' is present on page  using regular expression

2022-03-31 23:21:36 - [TEST_STEP][PASSED] - verifyTextPresent("ZIP Code", true): Text 'ZIP Code' is present on page  using regular expression

2022-03-31 23:21:36 - [MESSAGE][PASSED] - Text 'ZIP Code' is present on page  using regular expression

2022-03-31 23:21:36 - [TEST_STEP][PASSED] - verifyTextPresent(al1V, true): Text '1478 Jhatka Palace' is present on page  using regular expression

2022-03-31 23:21:37 - [MESSAGE][PASSED] - Text '1478 Jhatka Palace' is present on page  using regular expression

2022-03-31 23:21:37 - [TEST_STEP][PASSED] - verifyTextPresent(al2V, true): Text 'Suite 500' is present on page  using regular expression

2022-03-31 23:21:37 - [MESSAGE][PASSED] - Text 'Suite 500' is present on page  using regular expression

2022-03-31 23:21:37 - [TEST_STEP][PASSED] - verifyTextPresent("United States", true): Text 'United States' is present on page  using regular expression

2022-03-31 23:21:38 - [MESSAGE][PASSED] - Text 'United States' is present on page  using regular expression

2022-03-31 23:21:38 - [TEST_STEP][PASSED] - verifyTextPresent("ARLINGTON", true): Text 'ARLINGTON' is present on page  using regular expression

2022-03-31 23:21:38 - [MESSAGE][PASSED] - Text 'ARLINGTON' is present on page  using regular expression

2022-03-31 23:21:38 - [TEST_STEP][PASSED] - verifyTextPresent("Virginia", true): Text 'Virginia' is present on page  using regular expression

2022-03-31 23:21:38 - [MESSAGE][PASSED] - Text 'Virginia' is present on page  using regular expression

2022-03-31 23:21:38 - [TEST_STEP][PASSED] - verifyTextPresent(zipV, true): Text '22201' is present on page  using regular expression

2022-03-31 23:21:39 - [MESSAGE][PASSED] - Text '22201' is present on page  using regular expression

2022-03-31 23:21:39 - [TEST_STEP][PASSED] - verifyTextPresent(cardTypeV, true): Text 'MasterCard' is present on page  using regular expression

2022-03-31 23:21:39 - [MESSAGE][PASSED] - Text 'MasterCard' is present on page  using regular expression

2022-03-31 23:21:39 - [TEST_STEP][PASSED] - verifyTextPresent(last4V, true): Text '0035' is present on page  using regular expression

2022-03-31 23:21:39 - [MESSAGE][PASSED] - Text '0035' is present on page  using regular expression

2022-03-31 23:21:39 - [TEST_STEP][PASSED] - closeBrowser(): Browser is closed

2022-03-31 23:21:40 - [MESSAGE][PASSED] - Browser is closed

2022-03-31 23:21:40 - [TEST_STEP][PASSED] - ExecuteTC = findTestData(dataFile).getValue("Execute", row): null

2022-03-31 23:21:40 - [TEST_STEP][PASSED] - out.println("Value of Execute is : " + ExecuteTC): null

2022-03-31 23:21:40 - [TEST_STEP][PASSED] - switch (executionProfile): null

2022-03-31 23:21:40 - [TEST_STEP][PASSED] - case "QAProfile":: null

2022-03-31 23:21:40 - [TEST_STEP][PASSED] - appName = findTestData(dataFile).getValue("AppNameQA", row): null

2022-03-31 23:21:40 - [TEST_STEP][PASSED] - appID = findTestData(dataFile).getValue("AppIDQA", row): null

2022-03-31 23:21:40 - [TEST_STEP][PASSED] - break: null

2022-03-31 23:21:40 - [TEST_STEP][PASSED] - hrefAppID = li_1 + appID + li_2: null

2022-03-31 23:21:40 - [TEST_STEP][PASSED] - hrefApp = li_1 + appID + "/": null

2022-03-31 23:21:40 - [TEST_STEP][PASSED] - println("hrefApp : " + hrefApp): null

2022-03-31 23:21:40 - [TEST_STEP][PASSED] - if (ExecuteTC.equalsIgnoreCase("Y")): Browser is closed

2022-03-31 23:21:40 - [TEST_STEP][PASSED] - out.println("Begin Record Number: " + row): null

2022-03-31 23:21:40 - [TEST_STEP][PASSED] - today = new java.util.Date(): null

2022-03-31 23:21:40 - [TEST_STEP][PASSED] - println(today): null

2022-03-31 23:21:40 - [TEST_STEP][PASSED] - datText = today: null

2022-03-31 23:21:40 - [TEST_STEP][PASSED] - adminSuiteBootstrap.loginFunctionality.login_AdminSuite(): adminSuiteBootstrap.loginFunctionality.login_AdminSuite is PASSED

2022-03-31 23:21:40 - [MESSAGE][INFO] - Starting 'Chrome' driver

2022-03-31 23:21:40 - [MESSAGE][INFO] - User set preference: ['acceptInsecureCerts', 'true']

2022-03-31 23:21:40 - [MESSAGE][INFO] - Action delay is set to 0 milliseconds

2022-03-31 23:21:43 - [MESSAGE][PASSED] - Browser is opened with url: 'https://qa.velocitypayment.com/admin/imtiaz'

2022-03-31 23:21:43 - [MESSAGE][PASSED] - Current window maximized

2022-03-31 23:21:44 - [MESSAGE][PASSED] - Object 'Object Repository/Login_Page/Login_Username' is present

2022-03-31 23:21:45 - [MESSAGE][PASSED] - Text 'iahmed' is set on object 'Object Repository/Login_Page/Login_Username'

2022-03-31 23:21:45 - [MESSAGE][PASSED] - Text 'hello2222' is set on object 'Object Repository/Login_Page/Login_Password'

2022-03-31 23:21:49 - [MESSAGE][PASSED] - Object: 'Object Repository/Login_Page/Login_Submit' is clicked on

2022-03-31 23:21:49 - [MESSAGE][PASSED] - adminSuiteBootstrap.loginFunctionality.login_AdminSuite is PASSED

2022-03-31 23:21:49 - [TEST_STEP][PASSED] - click(findTestObject(path_Dashboard + appName)): Object: 'Object Repository/AdminSuiteBootstrap_Pages/Dashboard_Bootstrap/a_Access AutoDualCFtpQA' is clicked on

2022-03-31 23:21:50 - [MESSAGE][PASSED] - Object: 'Object Repository/AdminSuiteBootstrap_Pages/Dashboard_Bootstrap/a_Access AutoDualCFtpQA' is clicked on

2022-03-31 23:21:50 - [TEST_STEP][PASSED] - click(findTestObject(path_VT + "button_Authorization Only")): Object: 'Object Repository/AdminSuiteBootstrap_Pages/VT_Bootstrap/IssueTransactions/button_Authorization Only' is clicked on

2022-03-31 23:21:50 - [MESSAGE][PASSED] - Object: 'Object Repository/AdminSuiteBootstrap_Pages/VT_Bootstrap/IssueTransactions/button_Authorization Only' is clicked on

2022-03-31 23:21:50 - [TEST_STEP][PASSED] - authOnlyKeyboardEntryLink = modifyObjectProperty(findTestObject(path_VT + "a_KeyboardEntry_Sale"), "href", "equals", hrefAppID, true): Modify property of object successfully

2022-03-31 23:21:50 - [MESSAGE][PASSED] - Modify property of object successfully

2022-03-31 23:21:50 - [TEST_STEP][PASSED] - click(authOnlyKeyboardEntryLink): Object: 'Object Repository/AdminSuiteBootstrap_Pages/VT_Bootstrap/IssueTransactions/a_KeyboardEntry_Sale' is clicked on

2022-03-31 23:21:51 - [MESSAGE][PASSED] - Object: 'Object Repository/AdminSuiteBootstrap_Pages/VT_Bootstrap/IssueTransactions/a_KeyboardEntry_Sale' is clicked on

2022-03-31 23:21:51 - [TEST_STEP][PASSED] - adminSuiteBootstrap.virtualTerminalSetData.saleKeyboard_DataDriven(row, dataFile): adminSuiteBootstrap.virtualTerminalSetData.saleKeyboard_DataDriven is PASSED

2022-03-31 23:21:54 - [MESSAGE][PASSED] - Text 'Tulsi Raman' is set on object 'Object Repository/AdminSuiteBootstrap_Pages/VT_Bootstrap/SaleKeyboard/input_cardName'

2022-03-31 23:21:55 - [MESSAGE][PASSED] - All options with value 'RETL' are selected in object 'Object Repository/AdminSuiteBootstrap_Pages/VT_Bootstrap/SaleKeyboard/select_transactionCategory'  using regular expression

2022-03-31 23:21:56 - [MESSAGE][PASSED] - Execute JavaScript 'arguments[0].value ='371449635392376' ' successfully

2022-03-31 23:21:56 - [MESSAGE][PASSED] - Execute JavaScript 'arguments[0].value ='123' ' successfully

2022-03-31 23:21:57 - [MESSAGE][PASSED] - All options with value '12' are selected in object 'Object Repository/AdminSuiteBootstrap_Pages/VT_Bootstrap/SaleKeyboard/select_MM'  using regular expression

2022-03-31 23:21:58 - [MESSAGE][PASSED] - All options with value '2025' are selected in object 'Object Repository/AdminSuiteBootstrap_Pages/VT_Bootstrap/SaleKeyboard/select_YYYY'  using regular expression

2022-03-31 23:21:59 - [MESSAGE][PASSED] - Text '550 Swan Lake' is set on object 'Object Repository/AdminSuiteBootstrap_Pages/VT_Bootstrap/SaleKeyboard/input__address'

2022-03-31 23:22:00 - [MESSAGE][PASSED] - Text 'Suite 500' is set on object 'Object Repository/AdminSuiteBootstrap_Pages/VT_Bootstrap/SaleKeyboard/input__address2'

2022-03-31 23:22:01 - [MESSAGE][PASSED] - Text '22201' is set on object 'Object Repository/AdminSuiteBootstrap_Pages/VT_Bootstrap/SaleKeyboard/input__zip'

2022-03-31 23:22:01 - [MESSAGE][PASSED] - Text '' is set on object 'Object Repository/AdminSuiteBootstrap_Pages/VT_Bootstrap/SaleKeyboard/input_emailAddress'

2022-03-31 23:22:03 - [MESSAGE][PASSED] - Text '' is set on object 'Object Repository/AdminSuiteBootstrap_Pages/VT_Bootstrap/SaleKeyboard/input_smsNumber'

2022-03-31 23:22:03 - [MESSAGE][PASSED] - Text '10.50' is set on object 'Object Repository/AdminSuiteBootstrap_Pages/VT_Bootstrap/SaleKeyboard/input_amount'

2022-03-31 23:22:05 - [MESSAGE][PASSED] - Text 'Australia' is set on object 'Object Repository/AdminSuiteBootstrap_Pages/VT_Bootstrap/SaleKeyboard/input_userDefined1'

2022-03-31 23:22:05 - [MESSAGE][PASSED] - Text 'Denmark' is set on object 'Object Repository/AdminSuiteBootstrap_Pages/VT_Bootstrap/SaleKeyboard/input_userDefined2'

2022-03-31 23:22:06 - [MESSAGE][PASSED] - Text 'Sweden' is set on object 'Object Repository/AdminSuiteBootstrap_Pages/VT_Bootstrap/SaleKeyboard/input_userDefined3'

2022-03-31 23:22:07 - [MESSAGE][PASSED] - Text 'Austria' is set on object 'Object Repository/AdminSuiteBootstrap_Pages/VT_Bootstrap/SaleKeyboard/input_userDefined4'

2022-03-31 23:22:08 - [MESSAGE][PASSED] - All options with label 'Orange' are selected in object 'Object Repository/AdminSuiteBootstrap_Pages/VT_Bootstrap/SaleKeyboard/select_UDF5_DropDown'  using regular expression

2022-03-31 23:22:09 - [MESSAGE][PASSED] - All options with label 'Yellow' are selected in object 'Object Repository/AdminSuiteBootstrap_Pages/VT_Bootstrap/SaleKeyboard/select_UDF6_DropDown'  using regular expression

2022-03-31 23:22:09 - [MESSAGE][PASSED] - Text 'Norway' is set on object 'Object Repository/AdminSuiteBootstrap_Pages/VT_Bootstrap/SaleKeyboard/input_userDefined7'

2022-03-31 23:22:10 - [MESSAGE][PASSED] - Text 'Netherlands' is set on object 'Object Repository/AdminSuiteBootstrap_Pages/VT_Bootstrap/SaleKeyboard/input_userDefined8'

2022-03-31 23:22:11 - [MESSAGE][PASSED] - Text 'Switzerland' is set on object 'Object Repository/AdminSuiteBootstrap_Pages/VT_Bootstrap/SaleKeyboard/input_userDefined9'

2022-03-31 23:22:12 - [MESSAGE][PASSED] - Text 'France' is set on object 'Object Repository/AdminSuiteBootstrap_Pages/VT_Bootstrap/SaleKeyboard/input_userDefined10'

2022-03-31 23:22:14 - [MESSAGE][PASSED] - Object: 'Object Repository/AdminSuiteBootstrap_Pages/VT_Bootstrap/SaleKeyboard/button_Submit' is clicked on

2022-03-31 23:22:14 - [MESSAGE][PASSED] - adminSuiteBootstrap.virtualTerminalSetData.saleKeyboard_DataDriven is PASSED

2022-03-31 23:22:14 - [TEST_STEP][PASSED] - verifyTextPresent("Transaction Successful", true): Text 'Transaction Successful' is present on page  using regular expression

2022-03-31 23:22:14 - [MESSAGE][PASSED] - Text 'Transaction Successful' is present on page  using regular expression

2022-03-31 23:22:14 - [TEST_STEP][PASSED] - verifyElementVisible(findTestObject("Object Repository/AdminSuiteBootstrap_Pages/VT_Bootstrap/Receipt/button_Continue")): Object 'Object Repository/AdminSuiteBootstrap_Pages/VT_Bootstrap/Receipt/button_Continue' is visible

2022-03-31 23:22:15 - [MESSAGE][PASSED] - Object 'Object Repository/AdminSuiteBootstrap_Pages/VT_Bootstrap/Receipt/button_Continue' is visible

2022-03-31 23:22:15 - [TEST_STEP][PASSED] - verifyElementPresent(findTestObject("Object Repository/AdminSuiteBootstrap_Pages/VT_Bootstrap/Receipt/button_Continue"), 20): Object 'Object Repository/AdminSuiteBootstrap_Pages/VT_Bootstrap/Receipt/button_Continue' is present

2022-03-31 23:22:15 - [MESSAGE][PASSED] - Object 'Object Repository/AdminSuiteBootstrap_Pages/VT_Bootstrap/Receipt/button_Continue' is present

2022-03-31 23:22:15 - [TEST_STEP][PASSED] - verifyElementVisible(findTestObject("Object Repository/AdminSuiteBootstrap_Pages/VT_Bootstrap/Receipt/button_Print")): Object 'Object Repository/AdminSuiteBootstrap_Pages/VT_Bootstrap/Receipt/button_Print' is visible

2022-03-31 23:22:15 - [MESSAGE][PASSED] - Object 'Object Repository/AdminSuiteBootstrap_Pages/VT_Bootstrap/Receipt/button_Print' is visible

2022-03-31 23:22:15 - [TEST_STEP][PASSED] - verifyElementPresent(findTestObject("Object Repository/AdminSuiteBootstrap_Pages/VT_Bootstrap/Receipt/button_Print"), 20): Object 'Object Repository/AdminSuiteBootstrap_Pages/VT_Bootstrap/Receipt/button_Print' is present

2022-03-31 23:22:16 - [MESSAGE][PASSED] - Object 'Object Repository/AdminSuiteBootstrap_Pages/VT_Bootstrap/Receipt/button_Print' is present

2022-03-31 23:22:16 - [TEST_STEP][PASSED] - verifyTextPresent("Remittance ID", true): Text 'Remittance ID' is present on page  using regular expression

2022-03-31 23:22:16 - [MESSAGE][PASSED] - Text 'Remittance ID' is present on page  using regular expression

2022-03-31 23:22:16 - [TEST_STEP][PASSED] - verifyTextPresent("Received", true): Text 'Received' is present on page  using regular expression

2022-03-31 23:22:16 - [MESSAGE][PASSED] - Text 'Received' is present on page  using regular expression

2022-03-31 23:22:16 - [TEST_STEP][PASSED] - verifyTextPresent("UDF1", true): Text 'UDF1' is present on page  using regular expression

2022-03-31 23:22:17 - [MESSAGE][PASSED] - Text 'UDF1' is present on page  using regular expression

2022-03-31 23:22:17 - [TEST_STEP][PASSED] - verifyTextPresent("UDF2", true): Text 'UDF2' is present on page  using regular expression

2022-03-31 23:22:17 - [MESSAGE][PASSED] - Text 'UDF2' is present on page  using regular expression

2022-03-31 23:22:17 - [TEST_STEP][PASSED] - verifyTextPresent("UDF3", true): Text 'UDF3' is present on page  using regular expression

2022-03-31 23:22:17 - [MESSAGE][PASSED] - Text 'UDF3' is present on page  using regular expression

2022-03-31 23:22:17 - [TEST_STEP][PASSED] - verifyTextPresent("UDF4", true): Text 'UDF4' is present on page  using regular expression

2022-03-31 23:22:18 - [MESSAGE][PASSED] - Text 'UDF4' is present on page  using regular expression

2022-03-31 23:22:18 - [TEST_STEP][PASSED] - verifyTextPresent("UDF5", true): Text 'UDF5' is present on page  using regular expression

2022-03-31 23:22:18 - [MESSAGE][PASSED] - Text 'UDF5' is present on page  using regular expression

2022-03-31 23:22:18 - [TEST_STEP][PASSED] - verifyTextPresent("UDF6", true): Text 'UDF6' is present on page  using regular expression

2022-03-31 23:22:18 - [MESSAGE][PASSED] - Text 'UDF6' is present on page  using regular expression

2022-03-31 23:22:18 - [TEST_STEP][PASSED] - verifyTextPresent("UDF7", true): Text 'UDF7' is present on page  using regular expression

2022-03-31 23:22:19 - [MESSAGE][PASSED] - Text 'UDF7' is present on page  using regular expression

2022-03-31 23:22:19 - [TEST_STEP][PASSED] - verifyTextPresent("UDF8", true): Text 'UDF8' is present on page  using regular expression

2022-03-31 23:22:19 - [MESSAGE][PASSED] - Text 'UDF8' is present on page  using regular expression

2022-03-31 23:22:19 - [TEST_STEP][PASSED] - verifyTextPresent("UDF9", true): Text 'UDF9' is present on page  using regular expression

2022-03-31 23:22:19 - [MESSAGE][PASSED] - Text 'UDF9' is present on page  using regular expression

2022-03-31 23:22:19 - [TEST_STEP][PASSED] - verifyTextPresent("UDF 10", true): Text 'UDF 10' is present on page  using regular expression

2022-03-31 23:22:20 - [MESSAGE][PASSED] - Text 'UDF 10' is present on page  using regular expression

2022-03-31 23:22:20 - [TEST_STEP][PASSED] - verifyTextPresent("Australia", true): Text 'Australia' is present on page  using regular expression

2022-03-31 23:22:20 - [MESSAGE][PASSED] - Text 'Australia' is present on page  using regular expression

2022-03-31 23:22:20 - [TEST_STEP][PASSED] - verifyTextPresent("Denmark", true): Text 'Denmark' is present on page  using regular expression

2022-03-31 23:22:20 - [MESSAGE][PASSED] - Text 'Denmark' is present on page  using regular expression

2022-03-31 23:22:20 - [TEST_STEP][PASSED] - verifyTextPresent("Sweden", true): Text 'Sweden' is present on page  using regular expression

2022-03-31 23:22:21 - [MESSAGE][PASSED] - Text 'Sweden' is present on page  using regular expression

2022-03-31 23:22:21 - [TEST_STEP][PASSED] - verifyTextPresent("Austria", true): Text 'Austria' is present on page  using regular expression

2022-03-31 23:22:21 - [MESSAGE][PASSED] - Text 'Austria' is present on page  using regular expression

2022-03-31 23:22:21 - [TEST_STEP][PASSED] - verifyTextPresent("Orange Recorded", true): Text 'Orange Recorded' is present on page  using regular expression

2022-03-31 23:22:21 - [MESSAGE][PASSED] - Text 'Orange Recorded' is present on page  using regular expression

2022-03-31 23:22:21 - [TEST_STEP][PASSED] - verifyTextPresent("Yellow Recorded", true): Text 'Yellow Recorded' is present on page  using regular expression

2022-03-31 23:22:22 - [MESSAGE][PASSED] - Text 'Yellow Recorded' is present on page  using regular expression

2022-03-31 23:22:22 - [TEST_STEP][PASSED] - verifyTextPresent("Norway", true): Text 'Norway' is present on page  using regular expression

2022-03-31 23:22:22 - [MESSAGE][PASSED] - Text 'Norway' is present on page  using regular expression

2022-03-31 23:22:22 - [TEST_STEP][PASSED] - verifyTextPresent("Netherlands", true): Text 'Netherlands' is present on page  using regular expression

2022-03-31 23:22:22 - [MESSAGE][PASSED] - Text 'Netherlands' is present on page  using regular expression

2022-03-31 23:22:22 - [TEST_STEP][PASSED] - verifyTextPresent("Switzerland", true): Text 'Switzerland' is present on page  using regular expression

2022-03-31 23:22:23 - [MESSAGE][PASSED] - Text 'Switzerland' is present on page  using regular expression

2022-03-31 23:22:23 - [TEST_STEP][PASSED] - verifyTextPresent("France", true): Text 'France' is present on page  using regular expression

2022-03-31 23:22:23 - [MESSAGE][PASSED] - Text 'France' is present on page  using regular expression

2022-03-31 23:22:23 - [TEST_STEP][PASSED] - verifyTextPresent("Amount", true): Text 'Amount' is present on page  using regular expression

2022-03-31 23:22:23 - [MESSAGE][PASSED] - Text 'Amount' is present on page  using regular expression

2022-03-31 23:22:23 - [TEST_STEP][PASSED] - verifyTextPresent("Service Fee", true): Text 'Service Fee' is present on page  using regular expression

2022-03-31 23:22:24 - [MESSAGE][PASSED] - Text 'Service Fee' is present on page  using regular expression

2022-03-31 23:22:24 - [TEST_STEP][PASSED] - verifyTextPresent("Service Fee Type", true): Text 'Service Fee Type' is present on page  using regular expression

2022-03-31 23:22:24 - [MESSAGE][PASSED] - Text 'Service Fee Type' is present on page  using regular expression

2022-03-31 23:22:24 - [TEST_STEP][PASSED] - verifyTextPresent("Total Amount", true): Text 'Total Amount' is present on page  using regular expression

2022-03-31 23:22:24 - [MESSAGE][PASSED] - Text 'Total Amount' is present on page  using regular expression

2022-03-31 23:22:24 - [TEST_STEP][PASSED] - verifyTextPresent("Transaction Type", true): Text 'Transaction Type' is present on page  using regular expression

2022-03-31 23:22:25 - [MESSAGE][PASSED] - Text 'Transaction Type' is present on page  using regular expression

2022-03-31 23:22:25 - [TEST_STEP][PASSED] - verifyTextPresent("10.50", true): Text '10.50' is present on page  using regular expression

2022-03-31 23:22:25 - [MESSAGE][PASSED] - Text '10.50' is present on page  using regular expression

2022-03-31 23:22:25 - [TEST_STEP][PASSED] - verifyTextPresent("5.00", true): Text '5.00' is present on page  using regular expression

2022-03-31 23:22:25 - [MESSAGE][PASSED] - Text '5.00' is present on page  using regular expression

2022-03-31 23:22:25 - [TEST_STEP][PASSED] - verifyTextPresent("Dual Transaction", true): Text 'Dual Transaction' is present on page  using regular expression

2022-03-31 23:22:26 - [MESSAGE][PASSED] - Text 'Dual Transaction' is present on page  using regular expression

2022-03-31 23:22:26 - [TEST_STEP][PASSED] - verifyTextPresent("15.50", true): Text '15.50' is present on page  using regular expression

2022-03-31 23:22:26 - [MESSAGE][PASSED] - Text '15.50' is present on page  using regular expression

2022-03-31 23:22:26 - [TEST_STEP][PASSED] - verifyTextPresent("Authorization", true): Text 'Authorization' is present on page  using regular expression

2022-03-31 23:22:26 - [MESSAGE][PASSED] - Text 'Authorization' is present on page  using regular expression

2022-03-31 23:22:26 - [TEST_STEP][PASSED] - verifyTextPresent("Card Information", true): Text 'Card Information' is present on page  using regular expression

2022-03-31 23:22:27 - [MESSAGE][PASSED] - Text 'Card Information' is present on page  using regular expression

2022-03-31 23:22:27 - [TEST_STEP][PASSED] - cardNameV = findTestData(dataFile).getValue("CardNameV", row): null

2022-03-31 23:22:27 - [TEST_STEP][PASSED] - al1V = findTestData(dataFile).getValue("AL1", row): null

2022-03-31 23:22:27 - [TEST_STEP][PASSED] - al2V = findTestData(dataFile).getValue("AL2", row): null

2022-03-31 23:22:27 - [TEST_STEP][PASSED] - zipV = findTestData(dataFile).getValue("ZIP", row): null

2022-03-31 23:22:27 - [TEST_STEP][PASSED] - cardTypeV = findTestData(dataFile).getValue("CardType", row): null

2022-03-31 23:22:27 - [TEST_STEP][PASSED] - last4V = findTestData(dataFile).getValue("Last4", row): null

2022-03-31 23:22:27 - [TEST_STEP][PASSED] - verifyTextPresent(cardNameV, true): Text 'TULSI RAMAN' is present on page  using regular expression

2022-03-31 23:22:28 - [MESSAGE][PASSED] - Text 'TULSI RAMAN' is present on page  using regular expression

2022-03-31 23:22:28 - [TEST_STEP][PASSED] - verifyTextPresent("Address Line 1", true): Text 'Address Line 1' is present on page  using regular expression

2022-03-31 23:22:28 - [MESSAGE][PASSED] - Text 'Address Line 1' is present on page  using regular expression

2022-03-31 23:22:28 - [TEST_STEP][PASSED] - verifyTextPresent("Address Line 2", true): Text 'Address Line 2' is present on page  using regular expression

2022-03-31 23:22:28 - [MESSAGE][PASSED] - Text 'Address Line 2' is present on page  using regular expression

2022-03-31 23:22:28 - [TEST_STEP][PASSED] - verifyTextPresent("Country", true): Text 'Country' is present on page  using regular expression

2022-03-31 23:22:29 - [MESSAGE][PASSED] - Text 'Country' is present on page  using regular expression

2022-03-31 23:22:29 - [TEST_STEP][PASSED] - verifyTextPresent("City", true): Text 'City' is present on page  using regular expression

2022-03-31 23:22:29 - [MESSAGE][PASSED] - Text 'City' is present on page  using regular expression

2022-03-31 23:22:29 - [TEST_STEP][PASSED] - verifyTextPresent("State", true): Text 'State' is present on page  using regular expression

2022-03-31 23:22:29 - [MESSAGE][PASSED] - Text 'State' is present on page  using regular expression

2022-03-31 23:22:29 - [TEST_STEP][PASSED] - verifyTextPresent("ZIP Code", true): Text 'ZIP Code' is present on page  using regular expression

2022-03-31 23:22:30 - [MESSAGE][PASSED] - Text 'ZIP Code' is present on page  using regular expression

2022-03-31 23:22:30 - [TEST_STEP][PASSED] - verifyTextPresent(al1V, true): Text '550 Swan Lake' is present on page  using regular expression

2022-03-31 23:22:30 - [MESSAGE][PASSED] - Text '550 Swan Lake' is present on page  using regular expression

2022-03-31 23:22:30 - [TEST_STEP][PASSED] - verifyTextPresent(al2V, true): Text 'Suite 500' is present on page  using regular expression

2022-03-31 23:22:30 - [MESSAGE][PASSED] - Text 'Suite 500' is present on page  using regular expression

2022-03-31 23:22:30 - [TEST_STEP][PASSED] - verifyTextPresent("United States", true): Text 'United States' is present on page  using regular expression

2022-03-31 23:22:31 - [MESSAGE][PASSED] - Text 'United States' is present on page  using regular expression

2022-03-31 23:22:31 - [TEST_STEP][PASSED] - verifyTextPresent("ARLINGTON", true): Text 'ARLINGTON' is present on page  using regular expression

2022-03-31 23:22:31 - [MESSAGE][PASSED] - Text 'ARLINGTON' is present on page  using regular expression

2022-03-31 23:22:31 - [TEST_STEP][PASSED] - verifyTextPresent("Virginia", true): Text 'Virginia' is present on page  using regular expression

2022-03-31 23:22:31 - [MESSAGE][PASSED] - Text 'Virginia' is present on page  using regular expression

2022-03-31 23:22:31 - [TEST_STEP][PASSED] - verifyTextPresent(zipV, true): Text '22201' is present on page  using regular expression

2022-03-31 23:22:32 - [MESSAGE][PASSED] - Text '22201' is present on page  using regular expression

2022-03-31 23:22:32 - [TEST_STEP][PASSED] - verifyTextPresent(cardTypeV, true): Text 'American Express' is present on page  using regular expression

2022-03-31 23:22:32 - [MESSAGE][PASSED] - Text 'American Express' is present on page  using regular expression

2022-03-31 23:22:32 - [TEST_STEP][PASSED] - verifyTextPresent(last4V, true): Text '2376' is present on page  using regular expression

2022-03-31 23:22:32 - [MESSAGE][PASSED] - Text '2376' is present on page  using regular expression

2022-03-31 23:22:32 - [TEST_STEP][PASSED] - closeBrowser(): Browser is closed

2022-03-31 23:22:33 - [MESSAGE][PASSED] - Browser is closed

2022-03-31 23:22:33 - [TEST_STEP][PASSED] - ExecuteTC = findTestData(dataFile).getValue("Execute", row): null

2022-03-31 23:22:33 - [TEST_STEP][PASSED] - out.println("Value of Execute is : " + ExecuteTC): null

2022-03-31 23:22:33 - [TEST_STEP][PASSED] - switch (executionProfile): null

2022-03-31 23:22:33 - [TEST_STEP][PASSED] - case "QAProfile":: null

2022-03-31 23:22:33 - [TEST_STEP][PASSED] - appName = findTestData(dataFile).getValue("AppNameQA", row): null

2022-03-31 23:22:34 - [TEST_STEP][PASSED] - appID = findTestData(dataFile).getValue("AppIDQA", row): null

2022-03-31 23:22:34 - [TEST_STEP][PASSED] - break: null

2022-03-31 23:22:34 - [TEST_STEP][PASSED] - hrefAppID = li_1 + appID + li_2: null

2022-03-31 23:22:34 - [TEST_STEP][PASSED] - hrefApp = li_1 + appID + "/": null

2022-03-31 23:22:34 - [TEST_STEP][PASSED] - println("hrefApp : " + hrefApp): null

2022-03-31 23:22:34 - [TEST_STEP][PASSED] - if (ExecuteTC.equalsIgnoreCase("Y")): Browser is closed

2022-03-31 23:22:34 - [TEST_STEP][PASSED] - out.println("Begin Record Number: " + row): null

2022-03-31 23:22:34 - [TEST_STEP][PASSED] - today = new java.util.Date(): null

2022-03-31 23:22:34 - [TEST_STEP][PASSED] - println(today): null

2022-03-31 23:22:34 - [TEST_STEP][PASSED] - datText = today: null

2022-03-31 23:22:34 - [TEST_STEP][PASSED] - adminSuiteBootstrap.loginFunctionality.login_AdminSuite(): adminSuiteBootstrap.loginFunctionality.login_AdminSuite is PASSED

2022-03-31 23:22:34 - [MESSAGE][INFO] - Starting 'Chrome' driver

2022-03-31 23:22:34 - [MESSAGE][INFO] - User set preference: ['acceptInsecureCerts', 'true']

2022-03-31 23:22:34 - [MESSAGE][INFO] - Action delay is set to 0 milliseconds

2022-03-31 23:22:37 - [MESSAGE][PASSED] - Browser is opened with url: 'https://qa.velocitypayment.com/admin/imtiaz'

2022-03-31 23:22:37 - [MESSAGE][PASSED] - Current window maximized

2022-03-31 23:22:37 - [MESSAGE][PASSED] - Object 'Object Repository/Login_Page/Login_Username' is present

2022-03-31 23:22:38 - [MESSAGE][PASSED] - Text 'iahmed' is set on object 'Object Repository/Login_Page/Login_Username'

2022-03-31 23:22:39 - [MESSAGE][PASSED] - Text 'hello2222' is set on object 'Object Repository/Login_Page/Login_Password'

2022-03-31 23:22:42 - [MESSAGE][PASSED] - Object: 'Object Repository/Login_Page/Login_Submit' is clicked on

2022-03-31 23:22:42 - [MESSAGE][PASSED] - adminSuiteBootstrap.loginFunctionality.login_AdminSuite is PASSED

2022-03-31 23:22:42 - [TEST_STEP][PASSED] - click(findTestObject(path_Dashboard + appName)): Object: 'Object Repository/AdminSuiteBootstrap_Pages/Dashboard_Bootstrap/a_Access AutoDualCFtpQA' is clicked on

2022-03-31 23:22:43 - [MESSAGE][PASSED] - Object: 'Object Repository/AdminSuiteBootstrap_Pages/Dashboard_Bootstrap/a_Access AutoDualCFtpQA' is clicked on

2022-03-31 23:22:43 - [TEST_STEP][PASSED] - click(findTestObject(path_VT + "button_Authorization Only")): Object: 'Object Repository/AdminSuiteBootstrap_Pages/VT_Bootstrap/IssueTransactions/button_Authorization Only' is clicked on

2022-03-31 23:22:44 - [MESSAGE][PASSED] - Object: 'Object Repository/AdminSuiteBootstrap_Pages/VT_Bootstrap/IssueTransactions/button_Authorization Only' is clicked on

2022-03-31 23:22:44 - [TEST_STEP][PASSED] - authOnlyKeyboardEntryLink = modifyObjectProperty(findTestObject(path_VT + "a_KeyboardEntry_Sale"), "href", "equals", hrefAppID, true): Modify property of object successfully

2022-03-31 23:22:44 - [MESSAGE][PASSED] - Modify property of object successfully

2022-03-31 23:22:44 - [TEST_STEP][PASSED] - click(authOnlyKeyboardEntryLink): Object: 'Object Repository/AdminSuiteBootstrap_Pages/VT_Bootstrap/IssueTransactions/a_KeyboardEntry_Sale' is clicked on

2022-03-31 23:22:45 - [MESSAGE][PASSED] - Object: 'Object Repository/AdminSuiteBootstrap_Pages/VT_Bootstrap/IssueTransactions/a_KeyboardEntry_Sale' is clicked on

2022-03-31 23:22:45 - [TEST_STEP][PASSED] - adminSuiteBootstrap.virtualTerminalSetData.saleKeyboard_DataDriven(row, dataFile): adminSuiteBootstrap.virtualTerminalSetData.saleKeyboard_DataDriven is PASSED

2022-03-31 23:22:48 - [MESSAGE][PASSED] - Text 'Tulsi Raman' is set on object 'Object Repository/AdminSuiteBootstrap_Pages/VT_Bootstrap/SaleKeyboard/input_cardName'

2022-03-31 23:22:49 - [MESSAGE][PASSED] - All options with value 'RETL' are selected in object 'Object Repository/AdminSuiteBootstrap_Pages/VT_Bootstrap/SaleKeyboard/select_transactionCategory'  using regular expression

2022-03-31 23:22:49 - [MESSAGE][PASSED] - Execute JavaScript 'arguments[0].value ='6011000993026909' ' successfully

2022-03-31 23:22:50 - [MESSAGE][PASSED] - Execute JavaScript 'arguments[0].value ='123' ' successfully

2022-03-31 23:22:51 - [MESSAGE][PASSED] - All options with value '12' are selected in object 'Object Repository/AdminSuiteBootstrap_Pages/VT_Bootstrap/SaleKeyboard/select_MM'  using regular expression

2022-03-31 23:22:52 - [MESSAGE][PASSED] - All options with value '2025' are selected in object 'Object Repository/AdminSuiteBootstrap_Pages/VT_Bootstrap/SaleKeyboard/select_YYYY'  using regular expression

2022-03-31 23:22:53 - [MESSAGE][PASSED] - Text '25987 Hill Top' is set on object 'Object Repository/AdminSuiteBootstrap_Pages/VT_Bootstrap/SaleKeyboard/input__address'

2022-03-31 23:22:53 - [MESSAGE][PASSED] - Text 'Suite 500' is set on object 'Object Repository/AdminSuiteBootstrap_Pages/VT_Bootstrap/SaleKeyboard/input__address2'

2022-03-31 23:22:54 - [MESSAGE][PASSED] - Text '22201' is set on object 'Object Repository/AdminSuiteBootstrap_Pages/VT_Bootstrap/SaleKeyboard/input__zip'

2022-03-31 23:22:55 - [MESSAGE][PASSED] - Text '' is set on object 'Object Repository/AdminSuiteBootstrap_Pages/VT_Bootstrap/SaleKeyboard/input_emailAddress'

2022-03-31 23:22:56 - [MESSAGE][PASSED] - Text '' is set on object 'Object Repository/AdminSuiteBootstrap_Pages/VT_Bootstrap/SaleKeyboard/input_smsNumber'

2022-03-31 23:22:57 - [MESSAGE][PASSED] - Text '10.50' is set on object 'Object Repository/AdminSuiteBootstrap_Pages/VT_Bootstrap/SaleKeyboard/input_amount'

2022-03-31 23:22:58 - [MESSAGE][PASSED] - Text 'Australia' is set on object 'Object Repository/AdminSuiteBootstrap_Pages/VT_Bootstrap/SaleKeyboard/input_userDefined1'

2022-03-31 23:22:59 - [MESSAGE][PASSED] - Text 'Denmark' is set on object 'Object Repository/AdminSuiteBootstrap_Pages/VT_Bootstrap/SaleKeyboard/input_userDefined2'

2022-03-31 23:22:59 - [MESSAGE][PASSED] - Text 'Sweden' is set on object 'Object Repository/AdminSuiteBootstrap_Pages/VT_Bootstrap/SaleKeyboard/input_userDefined3'

2022-03-31 23:23:00 - [MESSAGE][PASSED] - Text 'Austria' is set on object 'Object Repository/AdminSuiteBootstrap_Pages/VT_Bootstrap/SaleKeyboard/input_userDefined4'

2022-03-31 23:23:01 - [MESSAGE][PASSED] - All options with label 'Orange' are selected in object 'Object Repository/AdminSuiteBootstrap_Pages/VT_Bootstrap/SaleKeyboard/select_UDF5_DropDown'  using regular expression

2022-03-31 23:23:02 - [MESSAGE][PASSED] - All options with label 'Yellow' are selected in object 'Object Repository/AdminSuiteBootstrap_Pages/VT_Bootstrap/SaleKeyboard/select_UDF6_DropDown'  using regular expression

2022-03-31 23:23:03 - [MESSAGE][PASSED] - Text 'Norway' is set on object 'Object Repository/AdminSuiteBootstrap_Pages/VT_Bootstrap/SaleKeyboard/input_userDefined7'

2022-03-31 23:23:04 - [MESSAGE][PASSED] - Text 'Netherlands' is set on object 'Object Repository/AdminSuiteBootstrap_Pages/VT_Bootstrap/SaleKeyboard/input_userDefined8'

2022-03-31 23:23:04 - [MESSAGE][PASSED] - Text 'Switzerland' is set on object 'Object Repository/AdminSuiteBootstrap_Pages/VT_Bootstrap/SaleKeyboard/input_userDefined9'

2022-03-31 23:23:05 - [MESSAGE][PASSED] - Text 'France' is set on object 'Object Repository/AdminSuiteBootstrap_Pages/VT_Bootstrap/SaleKeyboard/input_userDefined10'

2022-03-31 23:23:07 - [MESSAGE][PASSED] - Object: 'Object Repository/AdminSuiteBootstrap_Pages/VT_Bootstrap/SaleKeyboard/button_Submit' is clicked on

2022-03-31 23:23:07 - [MESSAGE][PASSED] - adminSuiteBootstrap.virtualTerminalSetData.saleKeyboard_DataDriven is PASSED

2022-03-31 23:23:07 - [TEST_STEP][PASSED] - verifyTextPresent("Transaction Successful", true): Text 'Transaction Successful' is present on page  using regular expression

2022-03-31 23:23:08 - [MESSAGE][PASSED] - Text 'Transaction Successful' is present on page  using regular expression

2022-03-31 23:23:08 - [TEST_STEP][PASSED] - verifyElementVisible(findTestObject("Object Repository/AdminSuiteBootstrap_Pages/VT_Bootstrap/Receipt/button_Continue")): Object 'Object Repository/AdminSuiteBootstrap_Pages/VT_Bootstrap/Receipt/button_Continue' is visible

2022-03-31 23:23:08 - [MESSAGE][PASSED] - Object 'Object Repository/AdminSuiteBootstrap_Pages/VT_Bootstrap/Receipt/button_Continue' is visible

2022-03-31 23:23:08 - [TEST_STEP][PASSED] - verifyElementPresent(findTestObject("Object Repository/AdminSuiteBootstrap_Pages/VT_Bootstrap/Receipt/button_Continue"), 20): Object 'Object Repository/AdminSuiteBootstrap_Pages/VT_Bootstrap/Receipt/button_Continue' is present

2022-03-31 23:23:08 - [MESSAGE][PASSED] - Object 'Object Repository/AdminSuiteBootstrap_Pages/VT_Bootstrap/Receipt/button_Continue' is present

2022-03-31 23:23:08 - [TEST_STEP][PASSED] - verifyElementVisible(findTestObject("Object Repository/AdminSuiteBootstrap_Pages/VT_Bootstrap/Receipt/button_Print")): Object 'Object Repository/AdminSuiteBootstrap_Pages/VT_Bootstrap/Receipt/button_Print' is visible

2022-03-31 23:23:09 - [MESSAGE][PASSED] - Object 'Object Repository/AdminSuiteBootstrap_Pages/VT_Bootstrap/Receipt/button_Print' is visible

2022-03-31 23:23:09 - [TEST_STEP][PASSED] - verifyElementPresent(findTestObject("Object Repository/AdminSuiteBootstrap_Pages/VT_Bootstrap/Receipt/button_Print"), 20): Object 'Object Repository/AdminSuiteBootstrap_Pages/VT_Bootstrap/Receipt/button_Print' is present

2022-03-31 23:23:09 - [MESSAGE][PASSED] - Object 'Object Repository/AdminSuiteBootstrap_Pages/VT_Bootstrap/Receipt/button_Print' is present

2022-03-31 23:23:09 - [TEST_STEP][PASSED] - verifyTextPresent("Remittance ID", true): Text 'Remittance ID' is present on page  using regular expression

2022-03-31 23:23:09 - [MESSAGE][PASSED] - Text 'Remittance ID' is present on page  using regular expression

2022-03-31 23:23:09 - [TEST_STEP][PASSED] - verifyTextPresent("Received", true): Text 'Received' is present on page  using regular expression

2022-03-31 23:23:10 - [MESSAGE][PASSED] - Text 'Received' is present on page  using regular expression

2022-03-31 23:23:10 - [TEST_STEP][PASSED] - verifyTextPresent("UDF1", true): Text 'UDF1' is present on page  using regular expression

2022-03-31 23:23:10 - [MESSAGE][PASSED] - Text 'UDF1' is present on page  using regular expression

2022-03-31 23:23:10 - [TEST_STEP][PASSED] - verifyTextPresent("UDF2", true): Text 'UDF2' is present on page  using regular expression

2022-03-31 23:23:10 - [MESSAGE][PASSED] - Text 'UDF2' is present on page  using regular expression

2022-03-31 23:23:10 - [TEST_STEP][PASSED] - verifyTextPresent("UDF3", true): Text 'UDF3' is present on page  using regular expression

2022-03-31 23:23:11 - [MESSAGE][PASSED] - Text 'UDF3' is present on page  using regular expression

2022-03-31 23:23:11 - [TEST_STEP][PASSED] - verifyTextPresent("UDF4", true): Text 'UDF4' is present on page  using regular expression

2022-03-31 23:23:11 - [MESSAGE][PASSED] - Text 'UDF4' is present on page  using regular expression

2022-03-31 23:23:11 - [TEST_STEP][PASSED] - verifyTextPresent("UDF5", true): Text 'UDF5' is present on page  using regular expression

2022-03-31 23:23:11 - [MESSAGE][PASSED] - Text 'UDF5' is present on page  using regular expression

2022-03-31 23:23:11 - [TEST_STEP][PASSED] - verifyTextPresent("UDF6", true): Text 'UDF6' is present on page  using regular expression

2022-03-31 23:23:12 - [MESSAGE][PASSED] - Text 'UDF6' is present on page  using regular expression

2022-03-31 23:23:12 - [TEST_STEP][PASSED] - verifyTextPresent("UDF7", true): Text 'UDF7' is present on page  using regular expression

2022-03-31 23:23:12 - [MESSAGE][PASSED] - Text 'UDF7' is present on page  using regular expression

2022-03-31 23:23:12 - [TEST_STEP][PASSED] - verifyTextPresent("UDF8", true): Text 'UDF8' is present on page  using regular expression

2022-03-31 23:23:12 - [MESSAGE][PASSED] - Text 'UDF8' is present on page  using regular expression

2022-03-31 23:23:12 - [TEST_STEP][PASSED] - verifyTextPresent("UDF9", true): Text 'UDF9' is present on page  using regular expression

2022-03-31 23:23:13 - [MESSAGE][PASSED] - Text 'UDF9' is present on page  using regular expression

2022-03-31 23:23:13 - [TEST_STEP][PASSED] - verifyTextPresent("UDF 10", true): Text 'UDF 10' is present on page  using regular expression

2022-03-31 23:23:13 - [MESSAGE][PASSED] - Text 'UDF 10' is present on page  using regular expression

2022-03-31 23:23:13 - [TEST_STEP][PASSED] - verifyTextPresent("Australia", true): Text 'Australia' is present on page  using regular expression

2022-03-31 23:23:14 - [MESSAGE][PASSED] - Text 'Australia' is present on page  using regular expression

2022-03-31 23:23:14 - [TEST_STEP][PASSED] - verifyTextPresent("Denmark", true): Text 'Denmark' is present on page  using regular expression

2022-03-31 23:23:14 - [MESSAGE][PASSED] - Text 'Denmark' is present on page  using regular expression

2022-03-31 23:23:14 - [TEST_STEP][PASSED] - verifyTextPresent("Sweden", true): Text 'Sweden' is present on page  using regular expression

2022-03-31 23:23:14 - [MESSAGE][PASSED] - Text 'Sweden' is present on page  using regular expression

2022-03-31 23:23:14 - [TEST_STEP][PASSED] - verifyTextPresent("Austria", true): Text 'Austria' is present on page  using regular expression

2022-03-31 23:23:15 - [MESSAGE][PASSED] - Text 'Austria' is present on page  using regular expression

2022-03-31 23:23:15 - [TEST_STEP][PASSED] - verifyTextPresent("Orange Recorded", true): Text 'Orange Recorded' is present on page  using regular expression

2022-03-31 23:23:15 - [MESSAGE][PASSED] - Text 'Orange Recorded' is present on page  using regular expression

2022-03-31 23:23:15 - [TEST_STEP][PASSED] - verifyTextPresent("Yellow Recorded", true): Text 'Yellow Recorded' is present on page  using regular expression

2022-03-31 23:23:15 - [MESSAGE][PASSED] - Text 'Yellow Recorded' is present on page  using regular expression

2022-03-31 23:23:15 - [TEST_STEP][PASSED] - verifyTextPresent("Norway", true): Text 'Norway' is present on page  using regular expression

2022-03-31 23:23:16 - [MESSAGE][PASSED] - Text 'Norway' is present on page  using regular expression

2022-03-31 23:23:16 - [TEST_STEP][PASSED] - verifyTextPresent("Netherlands", true): Text 'Netherlands' is present on page  using regular expression

2022-03-31 23:23:16 - [MESSAGE][PASSED] - Text 'Netherlands' is present on page  using regular expression

2022-03-31 23:23:16 - [TEST_STEP][PASSED] - verifyTextPresent("Switzerland", true): Text 'Switzerland' is present on page  using regular expression

2022-03-31 23:23:16 - [MESSAGE][PASSED] - Text 'Switzerland' is present on page  using regular expression

2022-03-31 23:23:16 - [TEST_STEP][PASSED] - verifyTextPresent("France", true): Text 'France' is present on page  using regular expression

2022-03-31 23:23:17 - [MESSAGE][PASSED] - Text 'France' is present on page  using regular expression

2022-03-31 23:23:17 - [TEST_STEP][PASSED] - verifyTextPresent("Amount", true): Text 'Amount' is present on page  using regular expression

2022-03-31 23:23:17 - [MESSAGE][PASSED] - Text 'Amount' is present on page  using regular expression

2022-03-31 23:23:17 - [TEST_STEP][PASSED] - verifyTextPresent("Service Fee", true): Text 'Service Fee' is present on page  using regular expression

2022-03-31 23:23:17 - [MESSAGE][PASSED] - Text 'Service Fee' is present on page  using regular expression

2022-03-31 23:23:17 - [TEST_STEP][PASSED] - verifyTextPresent("Service Fee Type", true): Text 'Service Fee Type' is present on page  using regular expression

2022-03-31 23:23:18 - [MESSAGE][PASSED] - Text 'Service Fee Type' is present on page  using regular expression

2022-03-31 23:23:18 - [TEST_STEP][PASSED] - verifyTextPresent("Total Amount", true): Text 'Total Amount' is present on page  using regular expression

2022-03-31 23:23:18 - [MESSAGE][PASSED] - Text 'Total Amount' is present on page  using regular expression

2022-03-31 23:23:18 - [TEST_STEP][PASSED] - verifyTextPresent("Transaction Type", true): Text 'Transaction Type' is present on page  using regular expression

2022-03-31 23:23:18 - [MESSAGE][PASSED] - Text 'Transaction Type' is present on page  using regular expression

2022-03-31 23:23:18 - [TEST_STEP][PASSED] - verifyTextPresent("10.50", true): Text '10.50' is present on page  using regular expression

2022-03-31 23:23:19 - [MESSAGE][PASSED] - Text '10.50' is present on page  using regular expression

2022-03-31 23:23:19 - [TEST_STEP][PASSED] - verifyTextPresent("5.00", true): Text '5.00' is present on page  using regular expression

2022-03-31 23:23:19 - [MESSAGE][PASSED] - Text '5.00' is present on page  using regular expression

2022-03-31 23:23:19 - [TEST_STEP][PASSED] - verifyTextPresent("Dual Transaction", true): Text 'Dual Transaction' is present on page  using regular expression

2022-03-31 23:23:19 - [MESSAGE][PASSED] - Text 'Dual Transaction' is present on page  using regular expression

2022-03-31 23:23:19 - [TEST_STEP][PASSED] - verifyTextPresent("15.50", true): Text '15.50' is present on page  using regular expression

2022-03-31 23:23:20 - [MESSAGE][PASSED] - Text '15.50' is present on page  using regular expression

2022-03-31 23:23:20 - [TEST_STEP][PASSED] - verifyTextPresent("Authorization", true): Text 'Authorization' is present on page  using regular expression

2022-03-31 23:23:20 - [MESSAGE][PASSED] - Text 'Authorization' is present on page  using regular expression

2022-03-31 23:23:20 - [TEST_STEP][PASSED] - verifyTextPresent("Card Information", true): Text 'Card Information' is present on page  using regular expression

2022-03-31 23:23:20 - [MESSAGE][PASSED] - Text 'Card Information' is present on page  using regular expression

2022-03-31 23:23:20 - [TEST_STEP][PASSED] - cardNameV = findTestData(dataFile).getValue("CardNameV", row): null

2022-03-31 23:23:21 - [TEST_STEP][PASSED] - al1V = findTestData(dataFile).getValue("AL1", row): null

2022-03-31 23:23:21 - [TEST_STEP][PASSED] - al2V = findTestData(dataFile).getValue("AL2", row): null

2022-03-31 23:23:21 - [TEST_STEP][PASSED] - zipV = findTestData(dataFile).getValue("ZIP", row): null

2022-03-31 23:23:21 - [TEST_STEP][PASSED] - cardTypeV = findTestData(dataFile).getValue("CardType", row): null

2022-03-31 23:23:21 - [TEST_STEP][PASSED] - last4V = findTestData(dataFile).getValue("Last4", row): null

2022-03-31 23:23:21 - [TEST_STEP][PASSED] - verifyTextPresent(cardNameV, true): Text 'TULSI RAMAN' is present on page  using regular expression

2022-03-31 23:23:21 - [MESSAGE][PASSED] - Text 'TULSI RAMAN' is present on page  using regular expression

2022-03-31 23:23:21 - [TEST_STEP][PASSED] - verifyTextPresent("Address Line 1", true): Text 'Address Line 1' is present on page  using regular expression

2022-03-31 23:23:22 - [MESSAGE][PASSED] - Text 'Address Line 1' is present on page  using regular expression

2022-03-31 23:23:22 - [TEST_STEP][PASSED] - verifyTextPresent("Address Line 2", true): Text 'Address Line 2' is present on page  using regular expression

2022-03-31 23:23:22 - [MESSAGE][PASSED] - Text 'Address Line 2' is present on page  using regular expression

2022-03-31 23:23:22 - [TEST_STEP][PASSED] - verifyTextPresent("Country", true): Text 'Country' is present on page  using regular expression

2022-03-31 23:23:22 - [MESSAGE][PASSED] - Text 'Country' is present on page  using regular expression

2022-03-31 23:23:22 - [TEST_STEP][PASSED] - verifyTextPresent("City", true): Text 'City' is present on page  using regular expression

2022-03-31 23:23:23 - [MESSAGE][PASSED] - Text 'City' is present on page  using regular expression

2022-03-31 23:23:23 - [TEST_STEP][PASSED] - verifyTextPresent("State", true): Text 'State' is present on page  using regular expression

2022-03-31 23:23:23 - [MESSAGE][PASSED] - Text 'State' is present on page  using regular expression

2022-03-31 23:23:23 - [TEST_STEP][PASSED] - verifyTextPresent("ZIP Code", true): Text 'ZIP Code' is present on page  using regular expression

2022-03-31 23:23:23 - [MESSAGE][PASSED] - Text 'ZIP Code' is present on page  using regular expression

2022-03-31 23:23:23 - [TEST_STEP][PASSED] - verifyTextPresent(al1V, true): Text '25987 Hill Top' is present on page  using regular expression

2022-03-31 23:23:24 - [MESSAGE][PASSED] - Text '25987 Hill Top' is present on page  using regular expression

2022-03-31 23:23:24 - [TEST_STEP][PASSED] - verifyTextPresent(al2V, true): Text 'Suite 500' is present on page  using regular expression

2022-03-31 23:23:24 - [MESSAGE][PASSED] - Text 'Suite 500' is present on page  using regular expression

2022-03-31 23:23:24 - [TEST_STEP][PASSED] - verifyTextPresent("United States", true): Text 'United States' is present on page  using regular expression

2022-03-31 23:23:24 - [MESSAGE][PASSED] - Text 'United States' is present on page  using regular expression

2022-03-31 23:23:24 - [TEST_STEP][PASSED] - verifyTextPresent("ARLINGTON", true): Text 'ARLINGTON' is present on page  using regular expression

2022-03-31 23:23:25 - [MESSAGE][PASSED] - Text 'ARLINGTON' is present on page  using regular expression

2022-03-31 23:23:25 - [TEST_STEP][PASSED] - verifyTextPresent("Virginia", true): Text 'Virginia' is present on page  using regular expression

2022-03-31 23:23:25 - [MESSAGE][PASSED] - Text 'Virginia' is present on page  using regular expression

2022-03-31 23:23:25 - [TEST_STEP][PASSED] - verifyTextPresent(zipV, true): Text '22201' is present on page  using regular expression

2022-03-31 23:23:25 - [MESSAGE][PASSED] - Text '22201' is present on page  using regular expression

2022-03-31 23:23:25 - [TEST_STEP][PASSED] - verifyTextPresent(cardTypeV, true): Text 'Discover' is present on page  using regular expression

2022-03-31 23:23:26 - [MESSAGE][PASSED] - Text 'Discover' is present on page  using regular expression

2022-03-31 23:23:26 - [TEST_STEP][PASSED] - verifyTextPresent(last4V, true): Text '6909' is present on page  using regular expression

2022-03-31 23:23:26 - [MESSAGE][PASSED] - Text '6909' is present on page  using regular expression

2022-03-31 23:23:26 - [TEST_STEP][PASSED] - closeBrowser(): Browser is closed

2022-03-31 23:23:27 - [MESSAGE][PASSED] - Browser is closed

2022-03-31 23:23:27 - [TEST_STEP][PASSED] - ExecuteTC = findTestData(dataFile).getValue("Execute", row): null

2022-03-31 23:23:27 - [TEST_STEP][PASSED] - out.println("Value of Execute is : " + ExecuteTC): null

2022-03-31 23:23:27 - [TEST_STEP][PASSED] - switch (executionProfile): null

2022-03-31 23:23:27 - [TEST_STEP][PASSED] - case "QAProfile":: null

2022-03-31 23:23:27 - [TEST_STEP][PASSED] - appName = findTestData(dataFile).getValue("AppNameQA", row): null

2022-03-31 23:23:27 - [TEST_STEP][PASSED] - appID = findTestData(dataFile).getValue("AppIDQA", row): null

2022-03-31 23:23:27 - [TEST_STEP][PASSED] - break: null

2022-03-31 23:23:27 - [TEST_STEP][PASSED] - hrefAppID = li_1 + appID + li_2: null

2022-03-31 23:23:27 - [TEST_STEP][PASSED] - hrefApp = li_1 + appID + "/": null

2022-03-31 23:23:27 - [TEST_STEP][PASSED] - println("hrefApp : " + hrefApp): null

2022-03-31 23:23:27 - [TEST_STEP][PASSED] - if (ExecuteTC.equalsIgnoreCase("Y")): Browser is closed

2022-03-31 23:23:27 - [TEST_STEP][PASSED] - out.println("Begin Record Number: " + row): null

2022-03-31 23:23:27 - [TEST_STEP][PASSED] - today = new java.util.Date(): null

2022-03-31 23:23:27 - [TEST_STEP][PASSED] - println(today): null

2022-03-31 23:23:27 - [TEST_STEP][PASSED] - datText = today: null

2022-03-31 23:23:27 - [TEST_STEP][PASSED] - adminSuiteBootstrap.loginFunctionality.login_AdminSuite(): adminSuiteBootstrap.loginFunctionality.login_AdminSuite is PASSED

2022-03-31 23:23:27 - [MESSAGE][INFO] - Starting 'Chrome' driver

2022-03-31 23:23:27 - [MESSAGE][INFO] - User set preference: ['acceptInsecureCerts', 'true']

2022-03-31 23:23:27 - [MESSAGE][INFO] - Action delay is set to 0 milliseconds

2022-03-31 23:23:30 - [MESSAGE][PASSED] - Browser is opened with url: 'https://qa.velocitypayment.com/admin/imtiaz'

2022-03-31 23:23:30 - [MESSAGE][PASSED] - Current window maximized

2022-03-31 23:23:30 - [MESSAGE][PASSED] - Object 'Object Repository/Login_Page/Login_Username' is present

2022-03-31 23:23:31 - [MESSAGE][PASSED] - Text 'iahmed' is set on object 'Object Repository/Login_Page/Login_Username'

2022-03-31 23:23:32 - [MESSAGE][PASSED] - Text 'hello2222' is set on object 'Object Repository/Login_Page/Login_Password'

2022-03-31 23:23:34 - [MESSAGE][PASSED] - Object: 'Object Repository/Login_Page/Login_Submit' is clicked on

2022-03-31 23:23:34 - [MESSAGE][PASSED] - adminSuiteBootstrap.loginFunctionality.login_AdminSuite is PASSED

2022-03-31 23:23:34 - [TEST_STEP][PASSED] - click(findTestObject(path_Dashboard + appName)): Object: 'Object Repository/AdminSuiteBootstrap_Pages/Dashboard_Bootstrap/a_Access AutoDualCFtpQA' is clicked on

2022-03-31 23:23:35 - [MESSAGE][PASSED] - Object: 'Object Repository/AdminSuiteBootstrap_Pages/Dashboard_Bootstrap/a_Access AutoDualCFtpQA' is clicked on

2022-03-31 23:23:35 - [TEST_STEP][PASSED] - click(findTestObject(path_VT + "button_Authorization Only")): Object: 'Object Repository/AdminSuiteBootstrap_Pages/VT_Bootstrap/IssueTransactions/button_Authorization Only' is clicked on

2022-03-31 23:23:36 - [MESSAGE][PASSED] - Object: 'Object Repository/AdminSuiteBootstrap_Pages/VT_Bootstrap/IssueTransactions/button_Authorization Only' is clicked on

2022-03-31 23:23:36 - [TEST_STEP][PASSED] - authOnlyKeyboardEntryLink = modifyObjectProperty(findTestObject(path_VT + "a_KeyboardEntry_Sale"), "href", "equals", hrefAppID, true): Modify property of object successfully

2022-03-31 23:23:36 - [MESSAGE][PASSED] - Modify property of object successfully

2022-03-31 23:23:36 - [TEST_STEP][PASSED] - click(authOnlyKeyboardEntryLink): Object: 'Object Repository/AdminSuiteBootstrap_Pages/VT_Bootstrap/IssueTransactions/a_KeyboardEntry_Sale' is clicked on

2022-03-31 23:23:36 - [MESSAGE][PASSED] - Object: 'Object Repository/AdminSuiteBootstrap_Pages/VT_Bootstrap/IssueTransactions/a_KeyboardEntry_Sale' is clicked on

2022-03-31 23:23:36 - [TEST_STEP][PASSED] - adminSuiteBootstrap.virtualTerminalSetData.saleKeyboard_DataDriven(row, dataFile): adminSuiteBootstrap.virtualTerminalSetData.saleKeyboard_DataDriven is PASSED

2022-03-31 23:23:39 - [MESSAGE][PASSED] - Text 'Janaki James' is set on object 'Object Repository/AdminSuiteBootstrap_Pages/VT_Bootstrap/SaleKeyboard/input_cardName'

2022-03-31 23:23:40 - [MESSAGE][PASSED] - All options with value 'MOTO' are selected in object 'Object Repository/AdminSuiteBootstrap_Pages/VT_Bootstrap/SaleKeyboard/select_transactionCategory'  using regular expression

2022-03-31 23:23:41 - [MESSAGE][PASSED] - Execute JavaScript 'arguments[0].value ='4012000098765439' ' successfully

2022-03-31 23:23:41 - [MESSAGE][PASSED] - Execute JavaScript 'arguments[0].value ='123' ' successfully

2022-03-31 23:23:42 - [MESSAGE][PASSED] - All options with value '12' are selected in object 'Object Repository/AdminSuiteBootstrap_Pages/VT_Bootstrap/SaleKeyboard/select_MM'  using regular expression

2022-03-31 23:23:44 - [MESSAGE][PASSED] - All options with value '2025' are selected in object 'Object Repository/AdminSuiteBootstrap_Pages/VT_Bootstrap/SaleKeyboard/select_YYYY'  using regular expression

2022-03-31 23:23:44 - [MESSAGE][PASSED] - Text '36 Cornor Road' is set on object 'Object Repository/AdminSuiteBootstrap_Pages/VT_Bootstrap/SaleKeyboard/input__address'

2022-03-31 23:23:45 - [MESSAGE][PASSED] - Text 'Suite 500' is set on object 'Object Repository/AdminSuiteBootstrap_Pages/VT_Bootstrap/SaleKeyboard/input__address2'

2022-03-31 23:23:46 - [MESSAGE][PASSED] - Text '22201' is set on object 'Object Repository/AdminSuiteBootstrap_Pages/VT_Bootstrap/SaleKeyboard/input__zip'

2022-03-31 23:23:46 - [MESSAGE][PASSED] - Text '' is set on object 'Object Repository/AdminSuiteBootstrap_Pages/VT_Bootstrap/SaleKeyboard/input_emailAddress'

2022-03-31 23:23:48 - [MESSAGE][PASSED] - Text '' is set on object 'Object Repository/AdminSuiteBootstrap_Pages/VT_Bootstrap/SaleKeyboard/input_smsNumber'

2022-03-31 23:23:48 - [MESSAGE][PASSED] - Text '10.50' is set on object 'Object Repository/AdminSuiteBootstrap_Pages/VT_Bootstrap/SaleKeyboard/input_amount'

2022-03-31 23:23:50 - [MESSAGE][PASSED] - Text 'Australia' is set on object 'Object Repository/AdminSuiteBootstrap_Pages/VT_Bootstrap/SaleKeyboard/input_userDefined1'

2022-03-31 23:23:50 - [MESSAGE][PASSED] - Text 'Denmark' is set on object 'Object Repository/AdminSuiteBootstrap_Pages/VT_Bootstrap/SaleKeyboard/input_userDefined2'

2022-03-31 23:23:51 - [MESSAGE][PASSED] - Text 'Sweden' is set on object 'Object Repository/AdminSuiteBootstrap_Pages/VT_Bootstrap/SaleKeyboard/input_userDefined3'

2022-03-31 23:23:52 - [MESSAGE][PASSED] - Text 'Austria' is set on object 'Object Repository/AdminSuiteBootstrap_Pages/VT_Bootstrap/SaleKeyboard/input_userDefined4'

2022-03-31 23:23:53 - [MESSAGE][PASSED] - All options with label 'Orange' are selected in object 'Object Repository/AdminSuiteBootstrap_Pages/VT_Bootstrap/SaleKeyboard/select_UDF5_DropDown'  using regular expression

2022-03-31 23:23:54 - [MESSAGE][PASSED] - All options with label 'Yellow' are selected in object 'Object Repository/AdminSuiteBootstrap_Pages/VT_Bootstrap/SaleKeyboard/select_UDF6_DropDown'  using regular expression

2022-03-31 23:23:55 - [MESSAGE][PASSED] - Text 'Norway' is set on object 'Object Repository/AdminSuiteBootstrap_Pages/VT_Bootstrap/SaleKeyboard/input_userDefined7'

2022-03-31 23:23:55 - [MESSAGE][PASSED] - Text 'Netherlands' is set on object 'Object Repository/AdminSuiteBootstrap_Pages/VT_Bootstrap/SaleKeyboard/input_userDefined8'

2022-03-31 23:23:56 - [MESSAGE][PASSED] - Text 'Switzerland' is set on object 'Object Repository/AdminSuiteBootstrap_Pages/VT_Bootstrap/SaleKeyboard/input_userDefined9'

2022-03-31 23:23:57 - [MESSAGE][PASSED] - Text 'France' is set on object 'Object Repository/AdminSuiteBootstrap_Pages/VT_Bootstrap/SaleKeyboard/input_userDefined10'

2022-03-31 23:23:59 - [MESSAGE][PASSED] - Object: 'Object Repository/AdminSuiteBootstrap_Pages/VT_Bootstrap/SaleKeyboard/button_Submit' is clicked on

2022-03-31 23:23:59 - [MESSAGE][PASSED] - adminSuiteBootstrap.virtualTerminalSetData.saleKeyboard_DataDriven is PASSED

2022-03-31 23:23:59 - [TEST_STEP][PASSED] - verifyTextPresent("Transaction Successful", true): Text 'Transaction Successful' is present on page  using regular expression

2022-03-31 23:23:59 - [MESSAGE][PASSED] - Text 'Transaction Successful' is present on page  using regular expression

2022-03-31 23:23:59 - [TEST_STEP][PASSED] - verifyElementVisible(findTestObject("Object Repository/AdminSuiteBootstrap_Pages/VT_Bootstrap/Receipt/button_Continue")): Object 'Object Repository/AdminSuiteBootstrap_Pages/VT_Bootstrap/Receipt/button_Continue' is visible

2022-03-31 23:24:00 - [MESSAGE][PASSED] - Object 'Object Repository/AdminSuiteBootstrap_Pages/VT_Bootstrap/Receipt/button_Continue' is visible

2022-03-31 23:24:00 - [TEST_STEP][PASSED] - verifyElementPresent(findTestObject("Object Repository/AdminSuiteBootstrap_Pages/VT_Bootstrap/Receipt/button_Continue"), 20): Object 'Object Repository/AdminSuiteBootstrap_Pages/VT_Bootstrap/Receipt/button_Continue' is present

2022-03-31 23:24:00 - [MESSAGE][PASSED] - Object 'Object Repository/AdminSuiteBootstrap_Pages/VT_Bootstrap/Receipt/button_Continue' is present

2022-03-31 23:24:00 - [TEST_STEP][PASSED] - verifyElementVisible(findTestObject("Object Repository/AdminSuiteBootstrap_Pages/VT_Bootstrap/Receipt/button_Print")): Object 'Object Repository/AdminSuiteBootstrap_Pages/VT_Bootstrap/Receipt/button_Print' is visible

2022-03-31 23:24:00 - [MESSAGE][PASSED] - Object 'Object Repository/AdminSuiteBootstrap_Pages/VT_Bootstrap/Receipt/button_Print' is visible

2022-03-31 23:24:00 - [TEST_STEP][PASSED] - verifyElementPresent(findTestObject("Object Repository/AdminSuiteBootstrap_Pages/VT_Bootstrap/Receipt/button_Print"), 20): Object 'Object Repository/AdminSuiteBootstrap_Pages/VT_Bootstrap/Receipt/button_Print' is present

2022-03-31 23:24:01 - [MESSAGE][PASSED] - Object 'Object Repository/AdminSuiteBootstrap_Pages/VT_Bootstrap/Receipt/button_Print' is present

2022-03-31 23:24:01 - [TEST_STEP][PASSED] - verifyTextPresent("Remittance ID", true): Text 'Remittance ID' is present on page  using regular expression

2022-03-31 23:24:01 - [MESSAGE][PASSED] - Text 'Remittance ID' is present on page  using regular expression

2022-03-31 23:24:01 - [TEST_STEP][PASSED] - verifyTextPresent("Received", true): Text 'Received' is present on page  using regular expression

2022-03-31 23:24:01 - [MESSAGE][PASSED] - Text 'Received' is present on page  using regular expression

2022-03-31 23:24:01 - [TEST_STEP][PASSED] - verifyTextPresent("UDF1", true): Text 'UDF1' is present on page  using regular expression

2022-03-31 23:24:02 - [MESSAGE][PASSED] - Text 'UDF1' is present on page  using regular expression

2022-03-31 23:24:02 - [TEST_STEP][PASSED] - verifyTextPresent("UDF2", true): Text 'UDF2' is present on page  using regular expression

2022-03-31 23:24:02 - [MESSAGE][PASSED] - Text 'UDF2' is present on page  using regular expression

2022-03-31 23:24:02 - [TEST_STEP][PASSED] - verifyTextPresent("UDF3", true): Text 'UDF3' is present on page  using regular expression

2022-03-31 23:24:02 - [MESSAGE][PASSED] - Text 'UDF3' is present on page  using regular expression

2022-03-31 23:24:02 - [TEST_STEP][PASSED] - verifyTextPresent("UDF4", true): Text 'UDF4' is present on page  using regular expression

2022-03-31 23:24:03 - [MESSAGE][PASSED] - Text 'UDF4' is present on page  using regular expression

2022-03-31 23:24:03 - [TEST_STEP][PASSED] - verifyTextPresent("UDF5", true): Text 'UDF5' is present on page  using regular expression

2022-03-31 23:24:03 - [MESSAGE][PASSED] - Text 'UDF5' is present on page  using regular expression

2022-03-31 23:24:03 - [TEST_STEP][PASSED] - verifyTextPresent("UDF6", true): Text 'UDF6' is present on page  using regular expression

2022-03-31 23:24:03 - [MESSAGE][PASSED] - Text 'UDF6' is present on page  using regular expression

2022-03-31 23:24:03 - [TEST_STEP][PASSED] - verifyTextPresent("UDF7", true): Text 'UDF7' is present on page  using regular expression

2022-03-31 23:24:04 - [MESSAGE][PASSED] - Text 'UDF7' is present on page  using regular expression

2022-03-31 23:24:04 - [TEST_STEP][PASSED] - verifyTextPresent("UDF8", true): Text 'UDF8' is present on page  using regular expression

2022-03-31 23:24:04 - [MESSAGE][PASSED] - Text 'UDF8' is present on page  using regular expression

2022-03-31 23:24:04 - [TEST_STEP][PASSED] - verifyTextPresent("UDF9", true): Text 'UDF9' is present on page  using regular expression

2022-03-31 23:24:04 - [MESSAGE][PASSED] - Text 'UDF9' is present on page  using regular expression

2022-03-31 23:24:04 - [TEST_STEP][PASSED] - verifyTextPresent("UDF 10", true): Text 'UDF 10' is present on page  using regular expression

2022-03-31 23:24:05 - [MESSAGE][PASSED] - Text 'UDF 10' is present on page  using regular expression

2022-03-31 23:24:05 - [TEST_STEP][PASSED] - verifyTextPresent("Australia", true): Text 'Australia' is present on page  using regular expression

2022-03-31 23:24:05 - [MESSAGE][PASSED] - Text 'Australia' is present on page  using regular expression

2022-03-31 23:24:05 - [TEST_STEP][PASSED] - verifyTextPresent("Denmark", true): Text 'Denmark' is present on page  using regular expression

2022-03-31 23:24:05 - [MESSAGE][PASSED] - Text 'Denmark' is present on page  using regular expression

2022-03-31 23:24:05 - [TEST_STEP][PASSED] - verifyTextPresent("Sweden", true): Text 'Sweden' is present on page  using regular expression

2022-03-31 23:24:06 - [MESSAGE][PASSED] - Text 'Sweden' is present on page  using regular expression

2022-03-31 23:24:06 - [TEST_STEP][PASSED] - verifyTextPresent("Austria", true): Text 'Austria' is present on page  using regular expression

2022-03-31 23:24:06 - [MESSAGE][PASSED] - Text 'Austria' is present on page  using regular expression

2022-03-31 23:24:06 - [TEST_STEP][PASSED] - verifyTextPresent("Orange Recorded", true): Text 'Orange Recorded' is present on page  using regular expression

2022-03-31 23:24:06 - [MESSAGE][PASSED] - Text 'Orange Recorded' is present on page  using regular expression

2022-03-31 23:24:06 - [TEST_STEP][PASSED] - verifyTextPresent("Yellow Recorded", true): Text 'Yellow Recorded' is present on page  using regular expression

2022-03-31 23:24:07 - [MESSAGE][PASSED] - Text 'Yellow Recorded' is present on page  using regular expression

2022-03-31 23:24:07 - [TEST_STEP][PASSED] - verifyTextPresent("Norway", true): Text 'Norway' is present on page  using regular expression

2022-03-31 23:24:07 - [MESSAGE][PASSED] - Text 'Norway' is present on page  using regular expression

2022-03-31 23:24:07 - [TEST_STEP][PASSED] - verifyTextPresent("Netherlands", true): Text 'Netherlands' is present on page  using regular expression

2022-03-31 23:24:07 - [MESSAGE][PASSED] - Text 'Netherlands' is present on page  using regular expression

2022-03-31 23:24:07 - [TEST_STEP][PASSED] - verifyTextPresent("Switzerland", true): Text 'Switzerland' is present on page  using regular expression

2022-03-31 23:24:08 - [MESSAGE][PASSED] - Text 'Switzerland' is present on page  using regular expression

2022-03-31 23:24:08 - [TEST_STEP][PASSED] - verifyTextPresent("France", true): Text 'France' is present on page  using regular expression

2022-03-31 23:24:08 - [MESSAGE][PASSED] - Text 'France' is present on page  using regular expression

2022-03-31 23:24:08 - [TEST_STEP][PASSED] - verifyTextPresent("Amount", true): Text 'Amount' is present on page  using regular expression

2022-03-31 23:24:09 - [MESSAGE][PASSED] - Text 'Amount' is present on page  using regular expression

2022-03-31 23:24:09 - [TEST_STEP][PASSED] - verifyTextPresent("Service Fee", true): Text 'Service Fee' is present on page  using regular expression

2022-03-31 23:24:09 - [MESSAGE][PASSED] - Text 'Service Fee' is present on page  using regular expression

2022-03-31 23:24:09 - [TEST_STEP][PASSED] - verifyTextPresent("Service Fee Type", true): Text 'Service Fee Type' is present on page  using regular expression

2022-03-31 23:24:09 - [MESSAGE][PASSED] - Text 'Service Fee Type' is present on page  using regular expression

2022-03-31 23:24:09 - [TEST_STEP][PASSED] - verifyTextPresent("Total Amount", true): Text 'Total Amount' is present on page  using regular expression

2022-03-31 23:24:10 - [MESSAGE][PASSED] - Text 'Total Amount' is present on page  using regular expression

2022-03-31 23:24:10 - [TEST_STEP][PASSED] - verifyTextPresent("Transaction Type", true): Text 'Transaction Type' is present on page  using regular expression

2022-03-31 23:24:10 - [MESSAGE][PASSED] - Text 'Transaction Type' is present on page  using regular expression

2022-03-31 23:24:10 - [TEST_STEP][PASSED] - verifyTextPresent("10.50", true): Text '10.50' is present on page  using regular expression

2022-03-31 23:24:10 - [MESSAGE][PASSED] - Text '10.50' is present on page  using regular expression

2022-03-31 23:24:10 - [TEST_STEP][PASSED] - verifyTextPresent("5.00", true): Text '5.00' is present on page  using regular expression

2022-03-31 23:24:10 - [MESSAGE][PASSED] - Text '5.00' is present on page  using regular expression

2022-03-31 23:24:10 - [TEST_STEP][PASSED] - verifyTextPresent("Dual Transaction", true): Text 'Dual Transaction' is present on page  using regular expression

2022-03-31 23:24:11 - [MESSAGE][PASSED] - Text 'Dual Transaction' is present on page  using regular expression

2022-03-31 23:24:11 - [TEST_STEP][PASSED] - verifyTextPresent("15.50", true): Text '15.50' is present on page  using regular expression

2022-03-31 23:24:11 - [MESSAGE][PASSED] - Text '15.50' is present on page  using regular expression

2022-03-31 23:24:11 - [TEST_STEP][PASSED] - verifyTextPresent("Authorization", true): Text 'Authorization' is present on page  using regular expression

2022-03-31 23:24:12 - [MESSAGE][PASSED] - Text 'Authorization' is present on page  using regular expression

2022-03-31 23:24:12 - [TEST_STEP][PASSED] - verifyTextPresent("Card Information", true): Text 'Card Information' is present on page  using regular expression

2022-03-31 23:24:12 - [MESSAGE][PASSED] - Text 'Card Information' is present on page  using regular expression

2022-03-31 23:24:12 - [TEST_STEP][PASSED] - cardNameV = findTestData(dataFile).getValue("CardNameV", row): null

2022-03-31 23:24:12 - [TEST_STEP][PASSED] - al1V = findTestData(dataFile).getValue("AL1", row): null

2022-03-31 23:24:12 - [TEST_STEP][PASSED] - al2V = findTestData(dataFile).getValue("AL2", row): null

2022-03-31 23:24:12 - [TEST_STEP][PASSED] - zipV = findTestData(dataFile).getValue("ZIP", row): null

2022-03-31 23:24:12 - [TEST_STEP][PASSED] - cardTypeV = findTestData(dataFile).getValue("CardType", row): null

2022-03-31 23:24:12 - [TEST_STEP][PASSED] - last4V = findTestData(dataFile).getValue("Last4", row): null

2022-03-31 23:24:12 - [TEST_STEP][PASSED] - verifyTextPresent(cardNameV, true): Text 'JANAKI JAMES' is present on page  using regular expression

2022-03-31 23:24:13 - [MESSAGE][PASSED] - Text 'JANAKI JAMES' is present on page  using regular expression

2022-03-31 23:24:13 - [TEST_STEP][PASSED] - verifyTextPresent("Address Line 1", true): Text 'Address Line 1' is present on page  using regular expression

2022-03-31 23:24:13 - [MESSAGE][PASSED] - Text 'Address Line 1' is present on page  using regular expression

2022-03-31 23:24:13 - [TEST_STEP][PASSED] - verifyTextPresent("Address Line 2", true): Text 'Address Line 2' is present on page  using regular expression

2022-03-31 23:24:13 - [MESSAGE][PASSED] - Text 'Address Line 2' is present on page  using regular expression

2022-03-31 23:24:13 - [TEST_STEP][PASSED] - verifyTextPresent("Country", true): Text 'Country' is present on page  using regular expression

2022-03-31 23:24:14 - [MESSAGE][PASSED] - Text 'Country' is present on page  using regular expression

2022-03-31 23:24:14 - [TEST_STEP][PASSED] - verifyTextPresent("City", true): Text 'City' is present on page  using regular expression

2022-03-31 23:24:14 - [MESSAGE][PASSED] - Text 'City' is present on page  using regular expression

2022-03-31 23:24:14 - [TEST_STEP][PASSED] - verifyTextPresent("State", true): Text 'State' is present on page  using regular expression

2022-03-31 23:24:14 - [MESSAGE][PASSED] - Text 'State' is present on page  using regular expression

2022-03-31 23:24:14 - [TEST_STEP][PASSED] - verifyTextPresent("ZIP Code", true): Text 'ZIP Code' is present on page  using regular expression

2022-03-31 23:24:15 - [MESSAGE][PASSED] - Text 'ZIP Code' is present on page  using regular expression

2022-03-31 23:24:15 - [TEST_STEP][PASSED] - verifyTextPresent(al1V, true): Text '36 Cornor Road' is present on page  using regular expression

2022-03-31 23:24:15 - [MESSAGE][PASSED] - Text '36 Cornor Road' is present on page  using regular expression

2022-03-31 23:24:15 - [TEST_STEP][PASSED] - verifyTextPresent(al2V, true): Text 'Suite 500' is present on page  using regular expression

2022-03-31 23:24:15 - [MESSAGE][PASSED] - Text 'Suite 500' is present on page  using regular expression

2022-03-31 23:24:15 - [TEST_STEP][PASSED] - verifyTextPresent("United States", true): Text 'United States' is present on page  using regular expression

2022-03-31 23:24:16 - [MESSAGE][PASSED] - Text 'United States' is present on page  using regular expression

2022-03-31 23:24:16 - [TEST_STEP][PASSED] - verifyTextPresent("ARLINGTON", true): Text 'ARLINGTON' is present on page  using regular expression

2022-03-31 23:24:16 - [MESSAGE][PASSED] - Text 'ARLINGTON' is present on page  using regular expression

2022-03-31 23:24:16 - [TEST_STEP][PASSED] - verifyTextPresent("Virginia", true): Text 'Virginia' is present on page  using regular expression

2022-03-31 23:24:17 - [MESSAGE][PASSED] - Text 'Virginia' is present on page  using regular expression

2022-03-31 23:24:17 - [TEST_STEP][PASSED] - verifyTextPresent(zipV, true): Text '22201' is present on page  using regular expression

2022-03-31 23:24:17 - [MESSAGE][PASSED] - Text '22201' is present on page  using regular expression

2022-03-31 23:24:17 - [TEST_STEP][PASSED] - verifyTextPresent(cardTypeV, true): Text 'Visa' is present on page  using regular expression

2022-03-31 23:24:17 - [MESSAGE][PASSED] - Text 'Visa' is present on page  using regular expression

2022-03-31 23:24:17 - [TEST_STEP][PASSED] - verifyTextPresent(last4V, true): Text '5439' is present on page  using regular expression

2022-03-31 23:24:18 - [MESSAGE][PASSED] - Text '5439' is present on page  using regular expression

2022-03-31 23:24:18 - [TEST_STEP][PASSED] - closeBrowser(): Browser is closed

2022-03-31 23:24:18 - [MESSAGE][PASSED] - Browser is closed

2022-03-31 23:24:18 - [TEST_STEP][PASSED] - ExecuteTC = findTestData(dataFile).getValue("Execute", row): null

2022-03-31 23:24:19 - [TEST_STEP][PASSED] - out.println("Value of Execute is : " + ExecuteTC): null

2022-03-31 23:24:19 - [TEST_STEP][PASSED] - switch (executionProfile): null

2022-03-31 23:24:19 - [TEST_STEP][PASSED] - case "QAProfile":: null

2022-03-31 23:24:19 - [TEST_STEP][PASSED] - appName = findTestData(dataFile).getValue("AppNameQA", row): null

2022-03-31 23:24:19 - [TEST_STEP][PASSED] - appID = findTestData(dataFile).getValue("AppIDQA", row): null

2022-03-31 23:24:19 - [TEST_STEP][PASSED] - break: null

2022-03-31 23:24:19 - [TEST_STEP][PASSED] - hrefAppID = li_1 + appID + li_2: null

2022-03-31 23:24:19 - [TEST_STEP][PASSED] - hrefApp = li_1 + appID + "/": null

2022-03-31 23:24:19 - [TEST_STEP][PASSED] - println("hrefApp : " + hrefApp): null

2022-03-31 23:24:19 - [TEST_STEP][PASSED] - if (ExecuteTC.equalsIgnoreCase("Y")): Browser is closed

2022-03-31 23:24:19 - [TEST_STEP][PASSED] - out.println("Begin Record Number: " + row): null

2022-03-31 23:24:19 - [TEST_STEP][PASSED] - today = new java.util.Date(): null

2022-03-31 23:24:19 - [TEST_STEP][PASSED] - println(today): null

2022-03-31 23:24:19 - [TEST_STEP][PASSED] - datText = today: null

2022-03-31 23:24:19 - [TEST_STEP][PASSED] - adminSuiteBootstrap.loginFunctionality.login_AdminSuite(): adminSuiteBootstrap.loginFunctionality.login_AdminSuite is PASSED

2022-03-31 23:24:19 - [MESSAGE][INFO] - Starting 'Chrome' driver

2022-03-31 23:24:19 - [MESSAGE][INFO] - User set preference: ['acceptInsecureCerts', 'true']

2022-03-31 23:24:19 - [MESSAGE][INFO] - Action delay is set to 0 milliseconds

2022-03-31 23:24:22 - [MESSAGE][PASSED] - Browser is opened with url: 'https://qa.velocitypayment.com/admin/imtiaz'

2022-03-31 23:24:22 - [MESSAGE][PASSED] - Current window maximized

2022-03-31 23:24:22 - [MESSAGE][PASSED] - Object 'Object Repository/Login_Page/Login_Username' is present

2022-03-31 23:24:23 - [MESSAGE][PASSED] - Text 'iahmed' is set on object 'Object Repository/Login_Page/Login_Username'

2022-03-31 23:24:24 - [MESSAGE][PASSED] - Text 'hello2222' is set on object 'Object Repository/Login_Page/Login_Password'

2022-03-31 23:24:28 - [MESSAGE][PASSED] - Object: 'Object Repository/Login_Page/Login_Submit' is clicked on

2022-03-31 23:24:28 - [MESSAGE][PASSED] - adminSuiteBootstrap.loginFunctionality.login_AdminSuite is PASSED

2022-03-31 23:24:28 - [TEST_STEP][PASSED] - click(findTestObject(path_Dashboard + appName)): Object: 'Object Repository/AdminSuiteBootstrap_Pages/Dashboard_Bootstrap/a_Access AutoDualCFtpQA' is clicked on

2022-03-31 23:24:29 - [MESSAGE][PASSED] - Object: 'Object Repository/AdminSuiteBootstrap_Pages/Dashboard_Bootstrap/a_Access AutoDualCFtpQA' is clicked on

2022-03-31 23:24:29 - [TEST_STEP][PASSED] - click(findTestObject(path_VT + "button_Authorization Only")): Object: 'Object Repository/AdminSuiteBootstrap_Pages/VT_Bootstrap/IssueTransactions/button_Authorization Only' is clicked on

2022-03-31 23:24:29 - [MESSAGE][PASSED] - Object: 'Object Repository/AdminSuiteBootstrap_Pages/VT_Bootstrap/IssueTransactions/button_Authorization Only' is clicked on

2022-03-31 23:24:29 - [TEST_STEP][PASSED] - authOnlyKeyboardEntryLink = modifyObjectProperty(findTestObject(path_VT + "a_KeyboardEntry_Sale"), "href", "equals", hrefAppID, true): Modify property of object successfully

2022-03-31 23:24:29 - [MESSAGE][PASSED] - Modify property of object successfully

2022-03-31 23:24:29 - [TEST_STEP][PASSED] - click(authOnlyKeyboardEntryLink): Object: 'Object Repository/AdminSuiteBootstrap_Pages/VT_Bootstrap/IssueTransactions/a_KeyboardEntry_Sale' is clicked on

2022-03-31 23:24:30 - [MESSAGE][PASSED] - Object: 'Object Repository/AdminSuiteBootstrap_Pages/VT_Bootstrap/IssueTransactions/a_KeyboardEntry_Sale' is clicked on

2022-03-31 23:24:30 - [TEST_STEP][PASSED] - adminSuiteBootstrap.virtualTerminalSetData.saleKeyboard_DataDriven(row, dataFile): adminSuiteBootstrap.virtualTerminalSetData.saleKeyboard_DataDriven is PASSED

2022-03-31 23:24:33 - [MESSAGE][PASSED] - Text 'Janaki James' is set on object 'Object Repository/AdminSuiteBootstrap_Pages/VT_Bootstrap/SaleKeyboard/input_cardName'

2022-03-31 23:24:34 - [MESSAGE][PASSED] - All options with value 'MOTO' are selected in object 'Object Repository/AdminSuiteBootstrap_Pages/VT_Bootstrap/SaleKeyboard/select_transactionCategory'  using regular expression

2022-03-31 23:24:34 - [MESSAGE][PASSED] - Execute JavaScript 'arguments[0].value ='5146312200000035' ' successfully

2022-03-31 23:24:35 - [MESSAGE][PASSED] - Execute JavaScript 'arguments[0].value ='123' ' successfully

2022-03-31 23:24:36 - [MESSAGE][PASSED] - All options with value '12' are selected in object 'Object Repository/AdminSuiteBootstrap_Pages/VT_Bootstrap/SaleKeyboard/select_MM'  using regular expression

2022-03-31 23:24:37 - [MESSAGE][PASSED] - All options with value '2025' are selected in object 'Object Repository/AdminSuiteBootstrap_Pages/VT_Bootstrap/SaleKeyboard/select_YYYY'  using regular expression

2022-03-31 23:24:38 - [MESSAGE][PASSED] - Text '1478 Jhatka Palace' is set on object 'Object Repository/AdminSuiteBootstrap_Pages/VT_Bootstrap/SaleKeyboard/input__address'

2022-03-31 23:24:38 - [MESSAGE][PASSED] - Text 'Suite 500' is set on object 'Object Repository/AdminSuiteBootstrap_Pages/VT_Bootstrap/SaleKeyboard/input__address2'

2022-03-31 23:24:39 - [MESSAGE][PASSED] - Text '22201' is set on object 'Object Repository/AdminSuiteBootstrap_Pages/VT_Bootstrap/SaleKeyboard/input__zip'

2022-03-31 23:24:40 - [MESSAGE][PASSED] - Text '' is set on object 'Object Repository/AdminSuiteBootstrap_Pages/VT_Bootstrap/SaleKeyboard/input_emailAddress'

2022-03-31 23:24:41 - [MESSAGE][PASSED] - Text '' is set on object 'Object Repository/AdminSuiteBootstrap_Pages/VT_Bootstrap/SaleKeyboard/input_smsNumber'

2022-03-31 23:24:42 - [MESSAGE][PASSED] - Text '10.50' is set on object 'Object Repository/AdminSuiteBootstrap_Pages/VT_Bootstrap/SaleKeyboard/input_amount'

2022-03-31 23:24:43 - [MESSAGE][PASSED] - Text 'Australia' is set on object 'Object Repository/AdminSuiteBootstrap_Pages/VT_Bootstrap/SaleKeyboard/input_userDefined1'

2022-03-31 23:24:44 - [MESSAGE][PASSED] - Text 'Denmark' is set on object 'Object Repository/AdminSuiteBootstrap_Pages/VT_Bootstrap/SaleKeyboard/input_userDefined2'

2022-03-31 23:24:44 - [MESSAGE][PASSED] - Text 'Sweden' is set on object 'Object Repository/AdminSuiteBootstrap_Pages/VT_Bootstrap/SaleKeyboard/input_userDefined3'

2022-03-31 23:24:45 - [MESSAGE][PASSED] - Text 'Austria' is set on object 'Object Repository/AdminSuiteBootstrap_Pages/VT_Bootstrap/SaleKeyboard/input_userDefined4'

2022-03-31 23:24:46 - [MESSAGE][PASSED] - All options with label 'Orange' are selected in object 'Object Repository/AdminSuiteBootstrap_Pages/VT_Bootstrap/SaleKeyboard/select_UDF5_DropDown'  using regular expression

2022-03-31 23:24:47 - [MESSAGE][PASSED] - All options with label 'Yellow' are selected in object 'Object Repository/AdminSuiteBootstrap_Pages/VT_Bootstrap/SaleKeyboard/select_UDF6_DropDown'  using regular expression

2022-03-31 23:24:48 - [MESSAGE][PASSED] - Text 'Norway' is set on object 'Object Repository/AdminSuiteBootstrap_Pages/VT_Bootstrap/SaleKeyboard/input_userDefined7'

2022-03-31 23:24:49 - [MESSAGE][PASSED] - Text 'Netherlands' is set on object 'Object Repository/AdminSuiteBootstrap_Pages/VT_Bootstrap/SaleKeyboard/input_userDefined8'

2022-03-31 23:24:49 - [MESSAGE][PASSED] - Text 'Switzerland' is set on object 'Object Repository/AdminSuiteBootstrap_Pages/VT_Bootstrap/SaleKeyboard/input_userDefined9'

2022-03-31 23:24:50 - [MESSAGE][PASSED] - Text 'France' is set on object 'Object Repository/AdminSuiteBootstrap_Pages/VT_Bootstrap/SaleKeyboard/input_userDefined10'

2022-03-31 23:24:53 - [MESSAGE][PASSED] - Object: 'Object Repository/AdminSuiteBootstrap_Pages/VT_Bootstrap/SaleKeyboard/button_Submit' is clicked on

2022-03-31 23:24:53 - [MESSAGE][PASSED] - adminSuiteBootstrap.virtualTerminalSetData.saleKeyboard_DataDriven is PASSED

2022-03-31 23:24:53 - [TEST_STEP][PASSED] - verifyTextPresent("Transaction Successful", true): Text 'Transaction Successful' is present on page  using regular expression

2022-03-31 23:24:54 - [MESSAGE][PASSED] - Text 'Transaction Successful' is present on page  using regular expression

2022-03-31 23:24:54 - [TEST_STEP][PASSED] - verifyElementVisible(findTestObject("Object Repository/AdminSuiteBootstrap_Pages/VT_Bootstrap/Receipt/button_Continue")): Object 'Object Repository/AdminSuiteBootstrap_Pages/VT_Bootstrap/Receipt/button_Continue' is visible

2022-03-31 23:24:54 - [MESSAGE][PASSED] - Object 'Object Repository/AdminSuiteBootstrap_Pages/VT_Bootstrap/Receipt/button_Continue' is visible

2022-03-31 23:24:54 - [TEST_STEP][PASSED] - verifyElementPresent(findTestObject("Object Repository/AdminSuiteBootstrap_Pages/VT_Bootstrap/Receipt/button_Continue"), 20): Object 'Object Repository/AdminSuiteBootstrap_Pages/VT_Bootstrap/Receipt/button_Continue' is present

2022-03-31 23:24:55 - [MESSAGE][PASSED] - Object 'Object Repository/AdminSuiteBootstrap_Pages/VT_Bootstrap/Receipt/button_Continue' is present

2022-03-31 23:24:55 - [TEST_STEP][PASSED] - verifyElementVisible(findTestObject("Object Repository/AdminSuiteBootstrap_Pages/VT_Bootstrap/Receipt/button_Print")): Object 'Object Repository/AdminSuiteBootstrap_Pages/VT_Bootstrap/Receipt/button_Print' is visible

2022-03-31 23:24:55 - [MESSAGE][PASSED] - Object 'Object Repository/AdminSuiteBootstrap_Pages/VT_Bootstrap/Receipt/button_Print' is visible

2022-03-31 23:24:55 - [TEST_STEP][PASSED] - verifyElementPresent(findTestObject("Object Repository/AdminSuiteBootstrap_Pages/VT_Bootstrap/Receipt/button_Print"), 20): Object 'Object Repository/AdminSuiteBootstrap_Pages/VT_Bootstrap/Receipt/button_Print' is present

2022-03-31 23:24:55 - [MESSAGE][PASSED] - Object 'Object Repository/AdminSuiteBootstrap_Pages/VT_Bootstrap/Receipt/button_Print' is present

2022-03-31 23:24:55 - [TEST_STEP][PASSED] - verifyTextPresent("Remittance ID", true): Text 'Remittance ID' is present on page  using regular expression

2022-03-31 23:24:56 - [MESSAGE][PASSED] - Text 'Remittance ID' is present on page  using regular expression

2022-03-31 23:24:56 - [TEST_STEP][PASSED] - verifyTextPresent("Received", true): Text 'Received' is present on page  using regular expression

2022-03-31 23:24:56 - [MESSAGE][PASSED] - Text 'Received' is present on page  using regular expression

2022-03-31 23:24:56 - [TEST_STEP][PASSED] - verifyTextPresent("UDF1", true): Text 'UDF1' is present on page  using regular expression

2022-03-31 23:24:56 - [MESSAGE][PASSED] - Text 'UDF1' is present on page  using regular expression

2022-03-31 23:24:56 - [TEST_STEP][PASSED] - verifyTextPresent("UDF2", true): Text 'UDF2' is present on page  using regular expression

2022-03-31 23:24:57 - [MESSAGE][PASSED] - Text 'UDF2' is present on page  using regular expression

2022-03-31 23:24:57 - [TEST_STEP][PASSED] - verifyTextPresent("UDF3", true): Text 'UDF3' is present on page  using regular expression

2022-03-31 23:24:57 - [MESSAGE][PASSED] - Text 'UDF3' is present on page  using regular expression

2022-03-31 23:24:57 - [TEST_STEP][PASSED] - verifyTextPresent("UDF4", true): Text 'UDF4' is present on page  using regular expression

2022-03-31 23:24:57 - [MESSAGE][PASSED] - Text 'UDF4' is present on page  using regular expression

2022-03-31 23:24:57 - [TEST_STEP][PASSED] - verifyTextPresent("UDF5", true): Text 'UDF5' is present on page  using regular expression

2022-03-31 23:24:58 - [MESSAGE][PASSED] - Text 'UDF5' is present on page  using regular expression

2022-03-31 23:24:58 - [TEST_STEP][PASSED] - verifyTextPresent("UDF6", true): Text 'UDF6' is present on page  using regular expression

2022-03-31 23:24:58 - [MESSAGE][PASSED] - Text 'UDF6' is present on page  using regular expression

2022-03-31 23:24:58 - [TEST_STEP][PASSED] - verifyTextPresent("UDF7", true): Text 'UDF7' is present on page  using regular expression

2022-03-31 23:24:58 - [MESSAGE][PASSED] - Text 'UDF7' is present on page  using regular expression

2022-03-31 23:24:58 - [TEST_STEP][PASSED] - verifyTextPresent("UDF8", true): Text 'UDF8' is present on page  using regular expression

2022-03-31 23:24:59 - [MESSAGE][PASSED] - Text 'UDF8' is present on page  using regular expression

2022-03-31 23:24:59 - [TEST_STEP][PASSED] - verifyTextPresent("UDF9", true): Text 'UDF9' is present on page  using regular expression

2022-03-31 23:24:59 - [MESSAGE][PASSED] - Text 'UDF9' is present on page  using regular expression

2022-03-31 23:24:59 - [TEST_STEP][PASSED] - verifyTextPresent("UDF 10", true): Text 'UDF 10' is present on page  using regular expression

2022-03-31 23:24:59 - [MESSAGE][PASSED] - Text 'UDF 10' is present on page  using regular expression

2022-03-31 23:24:59 - [TEST_STEP][PASSED] - verifyTextPresent("Australia", true): Text 'Australia' is present on page  using regular expression

2022-03-31 23:25:00 - [MESSAGE][PASSED] - Text 'Australia' is present on page  using regular expression

2022-03-31 23:25:00 - [TEST_STEP][PASSED] - verifyTextPresent("Denmark", true): Text 'Denmark' is present on page  using regular expression

2022-03-31 23:25:00 - [MESSAGE][PASSED] - Text 'Denmark' is present on page  using regular expression

2022-03-31 23:25:00 - [TEST_STEP][PASSED] - verifyTextPresent("Sweden", true): Text 'Sweden' is present on page  using regular expression

2022-03-31 23:25:00 - [MESSAGE][PASSED] - Text 'Sweden' is present on page  using regular expression

2022-03-31 23:25:00 - [TEST_STEP][PASSED] - verifyTextPresent("Austria", true): Text 'Austria' is present on page  using regular expression

2022-03-31 23:25:01 - [MESSAGE][PASSED] - Text 'Austria' is present on page  using regular expression

2022-03-31 23:25:01 - [TEST_STEP][PASSED] - verifyTextPresent("Orange Recorded", true): Text 'Orange Recorded' is present on page  using regular expression

2022-03-31 23:25:01 - [MESSAGE][PASSED] - Text 'Orange Recorded' is present on page  using regular expression

2022-03-31 23:25:01 - [TEST_STEP][PASSED] - verifyTextPresent("Yellow Recorded", true): Text 'Yellow Recorded' is present on page  using regular expression

2022-03-31 23:25:01 - [MESSAGE][PASSED] - Text 'Yellow Recorded' is present on page  using regular expression

2022-03-31 23:25:01 - [TEST_STEP][PASSED] - verifyTextPresent("Norway", true): Text 'Norway' is present on page  using regular expression

2022-03-31 23:25:02 - [MESSAGE][PASSED] - Text 'Norway' is present on page  using regular expression

2022-03-31 23:25:02 - [TEST_STEP][PASSED] - verifyTextPresent("Netherlands", true): Text 'Netherlands' is present on page  using regular expression

2022-03-31 23:25:02 - [MESSAGE][PASSED] - Text 'Netherlands' is present on page  using regular expression

2022-03-31 23:25:02 - [TEST_STEP][PASSED] - verifyTextPresent("Switzerland", true): Text 'Switzerland' is present on page  using regular expression

2022-03-31 23:25:02 - [MESSAGE][PASSED] - Text 'Switzerland' is present on page  using regular expression

2022-03-31 23:25:02 - [TEST_STEP][PASSED] - verifyTextPresent("France", true): Text 'France' is present on page  using regular expression

2022-03-31 23:25:03 - [MESSAGE][PASSED] - Text 'France' is present on page  using regular expression

2022-03-31 23:25:03 - [TEST_STEP][PASSED] - verifyTextPresent("Amount", true): Text 'Amount' is present on page  using regular expression

2022-03-31 23:25:03 - [MESSAGE][PASSED] - Text 'Amount' is present on page  using regular expression

2022-03-31 23:25:03 - [TEST_STEP][PASSED] - verifyTextPresent("Service Fee", true): Text 'Service Fee' is present on page  using regular expression

2022-03-31 23:25:03 - [MESSAGE][PASSED] - Text 'Service Fee' is present on page  using regular expression

2022-03-31 23:25:03 - [TEST_STEP][PASSED] - verifyTextPresent("Service Fee Type", true): Text 'Service Fee Type' is present on page  using regular expression

2022-03-31 23:25:04 - [MESSAGE][PASSED] - Text 'Service Fee Type' is present on page  using regular expression

2022-03-31 23:25:04 - [TEST_STEP][PASSED] - verifyTextPresent("Total Amount", true): Text 'Total Amount' is present on page  using regular expression

2022-03-31 23:25:04 - [MESSAGE][PASSED] - Text 'Total Amount' is present on page  using regular expression

2022-03-31 23:25:04 - [TEST_STEP][PASSED] - verifyTextPresent("Transaction Type", true): Text 'Transaction Type' is present on page  using regular expression

2022-03-31 23:25:04 - [MESSAGE][PASSED] - Text 'Transaction Type' is present on page  using regular expression

2022-03-31 23:25:04 - [TEST_STEP][PASSED] - verifyTextPresent("10.50", true): Text '10.50' is present on page  using regular expression

2022-03-31 23:25:05 - [MESSAGE][PASSED] - Text '10.50' is present on page  using regular expression

2022-03-31 23:25:05 - [TEST_STEP][PASSED] - verifyTextPresent("5.00", true): Text '5.00' is present on page  using regular expression

2022-03-31 23:25:05 - [MESSAGE][PASSED] - Text '5.00' is present on page  using regular expression

2022-03-31 23:25:05 - [TEST_STEP][PASSED] - verifyTextPresent("Dual Transaction", true): Text 'Dual Transaction' is present on page  using regular expression

2022-03-31 23:25:06 - [MESSAGE][PASSED] - Text 'Dual Transaction' is present on page  using regular expression

2022-03-31 23:25:06 - [TEST_STEP][PASSED] - verifyTextPresent("15.50", true): Text '15.50' is present on page  using regular expression

2022-03-31 23:25:06 - [MESSAGE][PASSED] - Text '15.50' is present on page  using regular expression

2022-03-31 23:25:06 - [TEST_STEP][PASSED] - verifyTextPresent("Authorization", true): Text 'Authorization' is present on page  using regular expression

2022-03-31 23:25:06 - [MESSAGE][PASSED] - Text 'Authorization' is present on page  using regular expression

2022-03-31 23:25:06 - [TEST_STEP][PASSED] - verifyTextPresent("Card Information", true): Text 'Card Information' is present on page  using regular expression

2022-03-31 23:25:07 - [MESSAGE][PASSED] - Text 'Card Information' is present on page  using regular expression

2022-03-31 23:25:07 - [TEST_STEP][PASSED] - cardNameV = findTestData(dataFile).getValue("CardNameV", row): null

2022-03-31 23:25:07 - [TEST_STEP][PASSED] - al1V = findTestData(dataFile).getValue("AL1", row): null

2022-03-31 23:25:07 - [TEST_STEP][PASSED] - al2V = findTestData(dataFile).getValue("AL2", row): null

2022-03-31 23:25:07 - [TEST_STEP][PASSED] - zipV = findTestData(dataFile).getValue("ZIP", row): null

2022-03-31 23:25:07 - [TEST_STEP][PASSED] - cardTypeV = findTestData(dataFile).getValue("CardType", row): null

2022-03-31 23:25:07 - [TEST_STEP][PASSED] - last4V = findTestData(dataFile).getValue("Last4", row): null

2022-03-31 23:25:07 - [TEST_STEP][PASSED] - verifyTextPresent(cardNameV, true): Text 'JANAKI JAMES' is present on page  using regular expression

2022-03-31 23:25:07 - [MESSAGE][PASSED] - Text 'JANAKI JAMES' is present on page  using regular expression

2022-03-31 23:25:07 - [TEST_STEP][PASSED] - verifyTextPresent("Address Line 1", true): Text 'Address Line 1' is present on page  using regular expression

2022-03-31 23:25:08 - [MESSAGE][PASSED] - Text 'Address Line 1' is present on page  using regular expression

2022-03-31 23:25:08 - [TEST_STEP][PASSED] - verifyTextPresent("Address Line 2", true): Text 'Address Line 2' is present on page  using regular expression

2022-03-31 23:25:08 - [MESSAGE][PASSED] - Text 'Address Line 2' is present on page  using regular expression

2022-03-31 23:25:08 - [TEST_STEP][PASSED] - verifyTextPresent("Country", true): Text 'Country' is present on page  using regular expression

2022-03-31 23:25:08 - [MESSAGE][PASSED] - Text 'Country' is present on page  using regular expression

2022-03-31 23:25:09 - [TEST_STEP][PASSED] - verifyTextPresent("City", true): Text 'City' is present on page  using regular expression

2022-03-31 23:25:09 - [MESSAGE][PASSED] - Text 'City' is present on page  using regular expression

2022-03-31 23:25:09 - [TEST_STEP][PASSED] - verifyTextPresent("State", true): Text 'State' is present on page  using regular expression

2022-03-31 23:25:09 - [MESSAGE][PASSED] - Text 'State' is present on page  using regular expression

2022-03-31 23:25:09 - [TEST_STEP][PASSED] - verifyTextPresent("ZIP Code", true): Text 'ZIP Code' is present on page  using regular expression

2022-03-31 23:25:10 - [MESSAGE][PASSED] - Text 'ZIP Code' is present on page  using regular expression

2022-03-31 23:25:10 - [TEST_STEP][PASSED] - verifyTextPresent(al1V, true): Text '1478 Jhatka Palace' is present on page  using regular expression

2022-03-31 23:25:10 - [MESSAGE][PASSED] - Text '1478 Jhatka Palace' is present on page  using regular expression

2022-03-31 23:25:10 - [TEST_STEP][PASSED] - verifyTextPresent(al2V, true): Text 'Suite 500' is present on page  using regular expression

2022-03-31 23:25:10 - [MESSAGE][PASSED] - Text 'Suite 500' is present on page  using regular expression

2022-03-31 23:25:10 - [TEST_STEP][PASSED] - verifyTextPresent("United States", true): Text 'United States' is present on page  using regular expression

2022-03-31 23:25:11 - [MESSAGE][PASSED] - Text 'United States' is present on page  using regular expression

2022-03-31 23:25:11 - [TEST_STEP][PASSED] - verifyTextPresent("ARLINGTON", true): Text 'ARLINGTON' is present on page  using regular expression

2022-03-31 23:25:11 - [MESSAGE][PASSED] - Text 'ARLINGTON' is present on page  using regular expression

2022-03-31 23:25:11 - [TEST_STEP][PASSED] - verifyTextPresent("Virginia", true): Text 'Virginia' is present on page  using regular expression

2022-03-31 23:25:11 - [MESSAGE][PASSED] - Text 'Virginia' is present on page  using regular expression

2022-03-31 23:25:11 - [TEST_STEP][PASSED] - verifyTextPresent(zipV, true): Text '22201' is present on page  using regular expression

2022-03-31 23:25:12 - [MESSAGE][PASSED] - Text '22201' is present on page  using regular expression

2022-03-31 23:25:12 - [TEST_STEP][PASSED] - verifyTextPresent(cardTypeV, true): Text 'MasterCard' is present on page  using regular expression

2022-03-31 23:25:12 - [MESSAGE][PASSED] - Text 'MasterCard' is present on page  using regular expression

2022-03-31 23:25:12 - [TEST_STEP][PASSED] - verifyTextPresent(last4V, true): Text '0035' is present on page  using regular expression

2022-03-31 23:25:12 - [MESSAGE][PASSED] - Text '0035' is present on page  using regular expression

2022-03-31 23:25:12 - [TEST_STEP][PASSED] - closeBrowser(): Browser is closed

2022-03-31 23:25:13 - [MESSAGE][PASSED] - Browser is closed

2022-03-31 23:25:13 - [TEST_STEP][PASSED] - ExecuteTC = findTestData(dataFile).getValue("Execute", row): null

2022-03-31 23:25:13 - [TEST_STEP][PASSED] - out.println("Value of Execute is : " + ExecuteTC): null

2022-03-31 23:25:13 - [TEST_STEP][PASSED] - switch (executionProfile): null

2022-03-31 23:25:13 - [TEST_STEP][PASSED] - case "QAProfile":: null

2022-03-31 23:25:13 - [TEST_STEP][PASSED] - appName = findTestData(dataFile).getValue("AppNameQA", row): null

2022-03-31 23:25:13 - [TEST_STEP][PASSED] - appID = findTestData(dataFile).getValue("AppIDQA", row): null

2022-03-31 23:25:13 - [TEST_STEP][PASSED] - break: null

2022-03-31 23:25:13 - [TEST_STEP][PASSED] - hrefAppID = li_1 + appID + li_2: null

2022-03-31 23:25:13 - [TEST_STEP][PASSED] - hrefApp = li_1 + appID + "/": null

2022-03-31 23:25:13 - [TEST_STEP][PASSED] - println("hrefApp : " + hrefApp): null

2022-03-31 23:25:13 - [TEST_STEP][PASSED] - if (ExecuteTC.equalsIgnoreCase("Y")): Browser is closed

2022-03-31 23:25:13 - [TEST_STEP][PASSED] - out.println("Begin Record Number: " + row): null

2022-03-31 23:25:13 - [TEST_STEP][PASSED] - today = new java.util.Date(): null

2022-03-31 23:25:13 - [TEST_STEP][PASSED] - println(today): null

2022-03-31 23:25:13 - [TEST_STEP][PASSED] - datText = today: null

2022-03-31 23:25:13 - [TEST_STEP][PASSED] - adminSuiteBootstrap.loginFunctionality.login_AdminSuite(): adminSuiteBootstrap.loginFunctionality.login_AdminSuite is PASSED

2022-03-31 23:25:13 - [MESSAGE][INFO] - Starting 'Chrome' driver

2022-03-31 23:25:13 - [MESSAGE][INFO] - User set preference: ['acceptInsecureCerts', 'true']

2022-03-31 23:25:13 - [MESSAGE][INFO] - Action delay is set to 0 milliseconds

2022-03-31 23:25:16 - [MESSAGE][PASSED] - Browser is opened with url: 'https://qa.velocitypayment.com/admin/imtiaz'

2022-03-31 23:25:16 - [MESSAGE][PASSED] - Current window maximized

2022-03-31 23:25:17 - [MESSAGE][PASSED] - Object 'Object Repository/Login_Page/Login_Username' is present

2022-03-31 23:25:18 - [MESSAGE][PASSED] - Text 'iahmed' is set on object 'Object Repository/Login_Page/Login_Username'

2022-03-31 23:25:18 - [MESSAGE][PASSED] - Text 'hello2222' is set on object 'Object Repository/Login_Page/Login_Password'

2022-03-31 23:25:22 - [MESSAGE][PASSED] - Object: 'Object Repository/Login_Page/Login_Submit' is clicked on

2022-03-31 23:25:22 - [MESSAGE][PASSED] - adminSuiteBootstrap.loginFunctionality.login_AdminSuite is PASSED

2022-03-31 23:25:22 - [TEST_STEP][PASSED] - click(findTestObject(path_Dashboard + appName)): Object: 'Object Repository/AdminSuiteBootstrap_Pages/Dashboard_Bootstrap/a_Access AutoDualCFtpQA' is clicked on

2022-03-31 23:25:23 - [MESSAGE][PASSED] - Object: 'Object Repository/AdminSuiteBootstrap_Pages/Dashboard_Bootstrap/a_Access AutoDualCFtpQA' is clicked on

2022-03-31 23:25:23 - [TEST_STEP][PASSED] - click(findTestObject(path_VT + "button_Authorization Only")): Object: 'Object Repository/AdminSuiteBootstrap_Pages/VT_Bootstrap/IssueTransactions/button_Authorization Only' is clicked on

2022-03-31 23:25:23 - [MESSAGE][PASSED] - Object: 'Object Repository/AdminSuiteBootstrap_Pages/VT_Bootstrap/IssueTransactions/button_Authorization Only' is clicked on

2022-03-31 23:25:23 - [TEST_STEP][PASSED] - authOnlyKeyboardEntryLink = modifyObjectProperty(findTestObject(path_VT + "a_KeyboardEntry_Sale"), "href", "equals", hrefAppID, true): Modify property of object successfully

2022-03-31 23:25:23 - [MESSAGE][PASSED] - Modify property of object successfully

2022-03-31 23:25:23 - [TEST_STEP][PASSED] - click(authOnlyKeyboardEntryLink): Object: 'Object Repository/AdminSuiteBootstrap_Pages/VT_Bootstrap/IssueTransactions/a_KeyboardEntry_Sale' is clicked on

2022-03-31 23:25:24 - [MESSAGE][PASSED] - Object: 'Object Repository/AdminSuiteBootstrap_Pages/VT_Bootstrap/IssueTransactions/a_KeyboardEntry_Sale' is clicked on

2022-03-31 23:25:24 - [TEST_STEP][PASSED] - adminSuiteBootstrap.virtualTerminalSetData.saleKeyboard_DataDriven(row, dataFile): adminSuiteBootstrap.virtualTerminalSetData.saleKeyboard_DataDriven is PASSED

2022-03-31 23:25:27 - [MESSAGE][PASSED] - Text 'Janaki James' is set on object 'Object Repository/AdminSuiteBootstrap_Pages/VT_Bootstrap/SaleKeyboard/input_cardName'

2022-03-31 23:25:28 - [MESSAGE][PASSED] - All options with value 'MOTO' are selected in object 'Object Repository/AdminSuiteBootstrap_Pages/VT_Bootstrap/SaleKeyboard/select_transactionCategory'  using regular expression

2022-03-31 23:25:28 - [MESSAGE][PASSED] - Execute JavaScript 'arguments[0].value ='371449635392376' ' successfully

2022-03-31 23:25:29 - [MESSAGE][PASSED] - Execute JavaScript 'arguments[0].value ='123' ' successfully

2022-03-31 23:25:30 - [MESSAGE][PASSED] - All options with value '12' are selected in object 'Object Repository/AdminSuiteBootstrap_Pages/VT_Bootstrap/SaleKeyboard/select_MM'  using regular expression

2022-03-31 23:25:31 - [MESSAGE][PASSED] - All options with value '2025' are selected in object 'Object Repository/AdminSuiteBootstrap_Pages/VT_Bootstrap/SaleKeyboard/select_YYYY'  using regular expression

2022-03-31 23:25:32 - [MESSAGE][PASSED] - Text '550 Swan Lake' is set on object 'Object Repository/AdminSuiteBootstrap_Pages/VT_Bootstrap/SaleKeyboard/input__address'

2022-03-31 23:25:32 - [MESSAGE][PASSED] - Text 'Suite 500' is set on object 'Object Repository/AdminSuiteBootstrap_Pages/VT_Bootstrap/SaleKeyboard/input__address2'

2022-03-31 23:25:33 - [MESSAGE][PASSED] - Text '22201' is set on object 'Object Repository/AdminSuiteBootstrap_Pages/VT_Bootstrap/SaleKeyboard/input__zip'

2022-03-31 23:25:34 - [MESSAGE][PASSED] - Text '' is set on object 'Object Repository/AdminSuiteBootstrap_Pages/VT_Bootstrap/SaleKeyboard/input_emailAddress'

2022-03-31 23:25:35 - [MESSAGE][PASSED] - Text '' is set on object 'Object Repository/AdminSuiteBootstrap_Pages/VT_Bootstrap/SaleKeyboard/input_smsNumber'

2022-03-31 23:25:36 - [MESSAGE][PASSED] - Text '10.50' is set on object 'Object Repository/AdminSuiteBootstrap_Pages/VT_Bootstrap/SaleKeyboard/input_amount'

2022-03-31 23:25:37 - [MESSAGE][PASSED] - Text 'Australia' is set on object 'Object Repository/AdminSuiteBootstrap_Pages/VT_Bootstrap/SaleKeyboard/input_userDefined1'

2022-03-31 23:25:38 - [MESSAGE][PASSED] - Text 'Denmark' is set on object 'Object Repository/AdminSuiteBootstrap_Pages/VT_Bootstrap/SaleKeyboard/input_userDefined2'

2022-03-31 23:25:38 - [MESSAGE][PASSED] - Text 'Sweden' is set on object 'Object Repository/AdminSuiteBootstrap_Pages/VT_Bootstrap/SaleKeyboard/input_userDefined3'

2022-03-31 23:25:39 - [MESSAGE][PASSED] - Text 'Austria' is set on object 'Object Repository/AdminSuiteBootstrap_Pages/VT_Bootstrap/SaleKeyboard/input_userDefined4'

2022-03-31 23:25:40 - [MESSAGE][PASSED] - All options with label 'Orange' are selected in object 'Object Repository/AdminSuiteBootstrap_Pages/VT_Bootstrap/SaleKeyboard/select_UDF5_DropDown'  using regular expression

2022-03-31 23:25:41 - [MESSAGE][PASSED] - All options with label 'Yellow' are selected in object 'Object Repository/AdminSuiteBootstrap_Pages/VT_Bootstrap/SaleKeyboard/select_UDF6_DropDown'  using regular expression

2022-03-31 23:25:42 - [MESSAGE][PASSED] - Text 'Norway' is set on object 'Object Repository/AdminSuiteBootstrap_Pages/VT_Bootstrap/SaleKeyboard/input_userDefined7'

2022-03-31 23:25:42 - [MESSAGE][PASSED] - Text 'Netherlands' is set on object 'Object Repository/AdminSuiteBootstrap_Pages/VT_Bootstrap/SaleKeyboard/input_userDefined8'

2022-03-31 23:25:43 - [MESSAGE][PASSED] - Text 'Switzerland' is set on object 'Object Repository/AdminSuiteBootstrap_Pages/VT_Bootstrap/SaleKeyboard/input_userDefined9'

2022-03-31 23:25:44 - [MESSAGE][PASSED] - Text 'France' is set on object 'Object Repository/AdminSuiteBootstrap_Pages/VT_Bootstrap/SaleKeyboard/input_userDefined10'

2022-03-31 23:25:46 - [MESSAGE][PASSED] - Object: 'Object Repository/AdminSuiteBootstrap_Pages/VT_Bootstrap/SaleKeyboard/button_Submit' is clicked on

2022-03-31 23:25:46 - [MESSAGE][PASSED] - adminSuiteBootstrap.virtualTerminalSetData.saleKeyboard_DataDriven is PASSED

2022-03-31 23:25:46 - [TEST_STEP][PASSED] - verifyTextPresent("Transaction Successful", true): Text 'Transaction Successful' is present on page  using regular expression

2022-03-31 23:25:46 - [MESSAGE][PASSED] - Text 'Transaction Successful' is present on page  using regular expression

2022-03-31 23:25:46 - [TEST_STEP][PASSED] - verifyElementVisible(findTestObject("Object Repository/AdminSuiteBootstrap_Pages/VT_Bootstrap/Receipt/button_Continue")): Object 'Object Repository/AdminSuiteBootstrap_Pages/VT_Bootstrap/Receipt/button_Continue' is visible

2022-03-31 23:25:47 - [MESSAGE][PASSED] - Object 'Object Repository/AdminSuiteBootstrap_Pages/VT_Bootstrap/Receipt/button_Continue' is visible

2022-03-31 23:25:47 - [TEST_STEP][PASSED] - verifyElementPresent(findTestObject("Object Repository/AdminSuiteBootstrap_Pages/VT_Bootstrap/Receipt/button_Continue"), 20): Object 'Object Repository/AdminSuiteBootstrap_Pages/VT_Bootstrap/Receipt/button_Continue' is present

2022-03-31 23:25:47 - [MESSAGE][PASSED] - Object 'Object Repository/AdminSuiteBootstrap_Pages/VT_Bootstrap/Receipt/button_Continue' is present

2022-03-31 23:25:47 - [TEST_STEP][PASSED] - verifyElementVisible(findTestObject("Object Repository/AdminSuiteBootstrap_Pages/VT_Bootstrap/Receipt/button_Print")): Object 'Object Repository/AdminSuiteBootstrap_Pages/VT_Bootstrap/Receipt/button_Print' is visible

2022-03-31 23:25:47 - [MESSAGE][PASSED] - Object 'Object Repository/AdminSuiteBootstrap_Pages/VT_Bootstrap/Receipt/button_Print' is visible

2022-03-31 23:25:47 - [TEST_STEP][PASSED] - verifyElementPresent(findTestObject("Object Repository/AdminSuiteBootstrap_Pages/VT_Bootstrap/Receipt/button_Print"), 20): Object 'Object Repository/AdminSuiteBootstrap_Pages/VT_Bootstrap/Receipt/button_Print' is present

2022-03-31 23:25:48 - [MESSAGE][PASSED] - Object 'Object Repository/AdminSuiteBootstrap_Pages/VT_Bootstrap/Receipt/button_Print' is present

2022-03-31 23:25:48 - [TEST_STEP][PASSED] - verifyTextPresent("Remittance ID", true): Text 'Remittance ID' is present on page  using regular expression

2022-03-31 23:25:48 - [MESSAGE][PASSED] - Text 'Remittance ID' is present on page  using regular expression

2022-03-31 23:25:48 - [TEST_STEP][PASSED] - verifyTextPresent("Received", true): Text 'Received' is present on page  using regular expression

2022-03-31 23:25:49 - [MESSAGE][PASSED] - Text 'Received' is present on page  using regular expression

2022-03-31 23:25:49 - [TEST_STEP][PASSED] - verifyTextPresent("UDF1", true): Text 'UDF1' is present on page  using regular expression

2022-03-31 23:25:49 - [MESSAGE][PASSED] - Text 'UDF1' is present on page  using regular expression

2022-03-31 23:25:49 - [TEST_STEP][PASSED] - verifyTextPresent("UDF2", true): Text 'UDF2' is present on page  using regular expression

2022-03-31 23:25:49 - [MESSAGE][PASSED] - Text 'UDF2' is present on page  using regular expression

2022-03-31 23:25:49 - [TEST_STEP][PASSED] - verifyTextPresent("UDF3", true): Text 'UDF3' is present on page  using regular expression

2022-03-31 23:25:50 - [MESSAGE][PASSED] - Text 'UDF3' is present on page  using regular expression

2022-03-31 23:25:50 - [TEST_STEP][PASSED] - verifyTextPresent("UDF4", true): Text 'UDF4' is present on page  using regular expression

2022-03-31 23:25:50 - [MESSAGE][PASSED] - Text 'UDF4' is present on page  using regular expression

2022-03-31 23:25:50 - [TEST_STEP][PASSED] - verifyTextPresent("UDF5", true): Text 'UDF5' is present on page  using regular expression

2022-03-31 23:25:50 - [MESSAGE][PASSED] - Text 'UDF5' is present on page  using regular expression

2022-03-31 23:25:50 - [TEST_STEP][PASSED] - verifyTextPresent("UDF6", true): Text 'UDF6' is present on page  using regular expression

2022-03-31 23:25:51 - [MESSAGE][PASSED] - Text 'UDF6' is present on page  using regular expression

2022-03-31 23:25:51 - [TEST_STEP][PASSED] - verifyTextPresent("UDF7", true): Text 'UDF7' is present on page  using regular expression

2022-03-31 23:25:51 - [MESSAGE][PASSED] - Text 'UDF7' is present on page  using regular expression

2022-03-31 23:25:51 - [TEST_STEP][PASSED] - verifyTextPresent("UDF8", true): Text 'UDF8' is present on page  using regular expression

2022-03-31 23:25:51 - [MESSAGE][PASSED] - Text 'UDF8' is present on page  using regular expression

2022-03-31 23:25:51 - [TEST_STEP][PASSED] - verifyTextPresent("UDF9", true): Text 'UDF9' is present on page  using regular expression

2022-03-31 23:25:52 - [MESSAGE][PASSED] - Text 'UDF9' is present on page  using regular expression

2022-03-31 23:25:52 - [TEST_STEP][PASSED] - verifyTextPresent("UDF 10", true): Text 'UDF 10' is present on page  using regular expression

2022-03-31 23:25:52 - [MESSAGE][PASSED] - Text 'UDF 10' is present on page  using regular expression

2022-03-31 23:25:52 - [TEST_STEP][PASSED] - verifyTextPresent("Australia", true): Text 'Australia' is present on page  using regular expression

2022-03-31 23:25:52 - [MESSAGE][PASSED] - Text 'Australia' is present on page  using regular expression

2022-03-31 23:25:52 - [TEST_STEP][PASSED] - verifyTextPresent("Denmark", true): Text 'Denmark' is present on page  using regular expression

2022-03-31 23:25:53 - [MESSAGE][PASSED] - Text 'Denmark' is present on page  using regular expression

2022-03-31 23:25:53 - [TEST_STEP][PASSED] - verifyTextPresent("Sweden", true): Text 'Sweden' is present on page  using regular expression

2022-03-31 23:25:53 - [MESSAGE][PASSED] - Text 'Sweden' is present on page  using regular expression

2022-03-31 23:25:53 - [TEST_STEP][PASSED] - verifyTextPresent("Austria", true): Text 'Austria' is present on page  using regular expression

2022-03-31 23:25:53 - [MESSAGE][PASSED] - Text 'Austria' is present on page  using regular expression

2022-03-31 23:25:53 - [TEST_STEP][PASSED] - verifyTextPresent("Orange Recorded", true): Text 'Orange Recorded' is present on page  using regular expression

2022-03-31 23:25:54 - [MESSAGE][PASSED] - Text 'Orange Recorded' is present on page  using regular expression

2022-03-31 23:25:54 - [TEST_STEP][PASSED] - verifyTextPresent("Yellow Recorded", true): Text 'Yellow Recorded' is present on page  using regular expression

2022-03-31 23:25:54 - [MESSAGE][PASSED] - Text 'Yellow Recorded' is present on page  using regular expression

2022-03-31 23:25:54 - [TEST_STEP][PASSED] - verifyTextPresent("Norway", true): Text 'Norway' is present on page  using regular expression

2022-03-31 23:25:54 - [MESSAGE][PASSED] - Text 'Norway' is present on page  using regular expression

2022-03-31 23:25:54 - [TEST_STEP][PASSED] - verifyTextPresent("Netherlands", true): Text 'Netherlands' is present on page  using regular expression

2022-03-31 23:25:55 - [MESSAGE][PASSED] - Text 'Netherlands' is present on page  using regular expression

2022-03-31 23:25:55 - [TEST_STEP][PASSED] - verifyTextPresent("Switzerland", true): Text 'Switzerland' is present on page  using regular expression

2022-03-31 23:25:55 - [MESSAGE][PASSED] - Text 'Switzerland' is present on page  using regular expression

2022-03-31 23:25:55 - [TEST_STEP][PASSED] - verifyTextPresent("France", true): Text 'France' is present on page  using regular expression

2022-03-31 23:25:55 - [MESSAGE][PASSED] - Text 'France' is present on page  using regular expression

2022-03-31 23:25:55 - [TEST_STEP][PASSED] - verifyTextPresent("Amount", true): Text 'Amount' is present on page  using regular expression

2022-03-31 23:25:56 - [MESSAGE][PASSED] - Text 'Amount' is present on page  using regular expression

2022-03-31 23:25:56 - [TEST_STEP][PASSED] - verifyTextPresent("Service Fee", true): Text 'Service Fee' is present on page  using regular expression

2022-03-31 23:25:56 - [MESSAGE][PASSED] - Text 'Service Fee' is present on page  using regular expression

2022-03-31 23:25:56 - [TEST_STEP][PASSED] - verifyTextPresent("Service Fee Type", true): Text 'Service Fee Type' is present on page  using regular expression

2022-03-31 23:25:56 - [MESSAGE][PASSED] - Text 'Service Fee Type' is present on page  using regular expression

2022-03-31 23:25:56 - [TEST_STEP][PASSED] - verifyTextPresent("Total Amount", true): Text 'Total Amount' is present on page  using regular expression

2022-03-31 23:25:57 - [MESSAGE][PASSED] - Text 'Total Amount' is present on page  using regular expression

2022-03-31 23:25:57 - [TEST_STEP][PASSED] - verifyTextPresent("Transaction Type", true): Text 'Transaction Type' is present on page  using regular expression

2022-03-31 23:25:57 - [MESSAGE][PASSED] - Text 'Transaction Type' is present on page  using regular expression

2022-03-31 23:25:57 - [TEST_STEP][PASSED] - verifyTextPresent("10.50", true): Text '10.50' is present on page  using regular expression

2022-03-31 23:25:57 - [MESSAGE][PASSED] - Text '10.50' is present on page  using regular expression

2022-03-31 23:25:57 - [TEST_STEP][PASSED] - verifyTextPresent("5.00", true): Text '5.00' is present on page  using regular expression

2022-03-31 23:25:58 - [MESSAGE][PASSED] - Text '5.00' is present on page  using regular expression

2022-03-31 23:25:58 - [TEST_STEP][PASSED] - verifyTextPresent("Dual Transaction", true): Text 'Dual Transaction' is present on page  using regular expression

2022-03-31 23:25:58 - [MESSAGE][PASSED] - Text 'Dual Transaction' is present on page  using regular expression

2022-03-31 23:25:58 - [TEST_STEP][PASSED] - verifyTextPresent("15.50", true): Text '15.50' is present on page  using regular expression

2022-03-31 23:25:58 - [MESSAGE][PASSED] - Text '15.50' is present on page  using regular expression

2022-03-31 23:25:58 - [TEST_STEP][PASSED] - verifyTextPresent("Authorization", true): Text 'Authorization' is present on page  using regular expression

2022-03-31 23:25:59 - [MESSAGE][PASSED] - Text 'Authorization' is present on page  using regular expression

2022-03-31 23:25:59 - [TEST_STEP][PASSED] - verifyTextPresent("Card Information", true): Text 'Card Information' is present on page  using regular expression

2022-03-31 23:25:59 - [MESSAGE][PASSED] - Text 'Card Information' is present on page  using regular expression

2022-03-31 23:25:59 - [TEST_STEP][PASSED] - cardNameV = findTestData(dataFile).getValue("CardNameV", row): null

2022-03-31 23:25:59 - [TEST_STEP][PASSED] - al1V = findTestData(dataFile).getValue("AL1", row): null

2022-03-31 23:25:59 - [TEST_STEP][PASSED] - al2V = findTestData(dataFile).getValue("AL2", row): null

2022-03-31 23:25:59 - [TEST_STEP][PASSED] - zipV = findTestData(dataFile).getValue("ZIP", row): null

2022-03-31 23:25:59 - [TEST_STEP][PASSED] - cardTypeV = findTestData(dataFile).getValue("CardType", row): null

2022-03-31 23:26:00 - [TEST_STEP][PASSED] - last4V = findTestData(dataFile).getValue("Last4", row): null

2022-03-31 23:26:00 - [TEST_STEP][PASSED] - verifyTextPresent(cardNameV, true): Text 'JANAKI JAMES' is present on page  using regular expression

2022-03-31 23:26:00 - [MESSAGE][PASSED] - Text 'JANAKI JAMES' is present on page  using regular expression

2022-03-31 23:26:00 - [TEST_STEP][PASSED] - verifyTextPresent("Address Line 1", true): Text 'Address Line 1' is present on page  using regular expression

2022-03-31 23:26:01 - [MESSAGE][PASSED] - Text 'Address Line 1' is present on page  using regular expression

2022-03-31 23:26:01 - [TEST_STEP][PASSED] - verifyTextPresent("Address Line 2", true): Text 'Address Line 2' is present on page  using regular expression

2022-03-31 23:26:01 - [MESSAGE][PASSED] - Text 'Address Line 2' is present on page  using regular expression

2022-03-31 23:26:01 - [TEST_STEP][PASSED] - verifyTextPresent("Country", true): Text 'Country' is present on page  using regular expression

2022-03-31 23:26:01 - [MESSAGE][PASSED] - Text 'Country' is present on page  using regular expression

2022-03-31 23:26:01 - [TEST_STEP][PASSED] - verifyTextPresent("City", true): Text 'City' is present on page  using regular expression

2022-03-31 23:26:02 - [MESSAGE][PASSED] - Text 'City' is present on page  using regular expression

2022-03-31 23:26:02 - [TEST_STEP][PASSED] - verifyTextPresent("State", true): Text 'State' is present on page  using regular expression

2022-03-31 23:26:02 - [MESSAGE][PASSED] - Text 'State' is present on page  using regular expression

2022-03-31 23:26:02 - [TEST_STEP][PASSED] - verifyTextPresent("ZIP Code", true): Text 'ZIP Code' is present on page  using regular expression

2022-03-31 23:26:02 - [MESSAGE][PASSED] - Text 'ZIP Code' is present on page  using regular expression

2022-03-31 23:26:02 - [TEST_STEP][PASSED] - verifyTextPresent(al1V, true): Text '550 Swan Lake' is present on page  using regular expression

2022-03-31 23:26:02 - [MESSAGE][PASSED] - Text '550 Swan Lake' is present on page  using regular expression

2022-03-31 23:26:02 - [TEST_STEP][PASSED] - verifyTextPresent(al2V, true): Text 'Suite 500' is present on page  using regular expression

2022-03-31 23:26:03 - [MESSAGE][PASSED] - Text 'Suite 500' is present on page  using regular expression

2022-03-31 23:26:03 - [TEST_STEP][PASSED] - verifyTextPresent("United States", true): Text 'United States' is present on page  using regular expression

2022-03-31 23:26:03 - [MESSAGE][PASSED] - Text 'United States' is present on page  using regular expression

2022-03-31 23:26:03 - [TEST_STEP][PASSED] - verifyTextPresent("ARLINGTON", true): Text 'ARLINGTON' is present on page  using regular expression

2022-03-31 23:26:03 - [MESSAGE][PASSED] - Text 'ARLINGTON' is present on page  using regular expression

2022-03-31 23:26:03 - [TEST_STEP][PASSED] - verifyTextPresent("Virginia", true): Text 'Virginia' is present on page  using regular expression

2022-03-31 23:26:04 - [MESSAGE][PASSED] - Text 'Virginia' is present on page  using regular expression

2022-03-31 23:26:04 - [TEST_STEP][PASSED] - verifyTextPresent(zipV, true): Text '22201' is present on page  using regular expression

2022-03-31 23:26:04 - [MESSAGE][PASSED] - Text '22201' is present on page  using regular expression

2022-03-31 23:26:04 - [TEST_STEP][PASSED] - verifyTextPresent(cardTypeV, true): Text 'American Express' is present on page  using regular expression

2022-03-31 23:26:04 - [MESSAGE][PASSED] - Text 'American Express' is present on page  using regular expression

2022-03-31 23:26:04 - [TEST_STEP][PASSED] - verifyTextPresent(last4V, true): Text '2376' is present on page  using regular expression

2022-03-31 23:26:05 - [MESSAGE][PASSED] - Text '2376' is present on page  using regular expression

2022-03-31 23:26:05 - [TEST_STEP][PASSED] - closeBrowser(): Browser is closed

2022-03-31 23:26:06 - [MESSAGE][PASSED] - Browser is closed

2022-03-31 23:26:06 - [TEST_STEP][PASSED] - ExecuteTC = findTestData(dataFile).getValue("Execute", row): null

2022-03-31 23:26:06 - [TEST_STEP][PASSED] - out.println("Value of Execute is : " + ExecuteTC): null

2022-03-31 23:26:06 - [TEST_STEP][PASSED] - switch (executionProfile): null

2022-03-31 23:26:06 - [TEST_STEP][PASSED] - case "QAProfile":: null

2022-03-31 23:26:06 - [TEST_STEP][PASSED] - appName = findTestData(dataFile).getValue("AppNameQA", row): null

2022-03-31 23:26:06 - [TEST_STEP][PASSED] - appID = findTestData(dataFile).getValue("AppIDQA", row): null

2022-03-31 23:26:06 - [TEST_STEP][PASSED] - break: null

2022-03-31 23:26:06 - [TEST_STEP][PASSED] - hrefAppID = li_1 + appID + li_2: null

2022-03-31 23:26:06 - [TEST_STEP][PASSED] - hrefApp = li_1 + appID + "/": null

2022-03-31 23:26:06 - [TEST_STEP][PASSED] - println("hrefApp : " + hrefApp): null

2022-03-31 23:26:06 - [TEST_STEP][PASSED] - if (ExecuteTC.equalsIgnoreCase("Y")): Browser is closed

2022-03-31 23:26:06 - [TEST_STEP][PASSED] - out.println("Begin Record Number: " + row): null

2022-03-31 23:26:06 - [TEST_STEP][PASSED] - today = new java.util.Date(): null

2022-03-31 23:26:06 - [TEST_STEP][PASSED] - println(today): null

2022-03-31 23:26:06 - [TEST_STEP][PASSED] - datText = today: null

2022-03-31 23:26:06 - [TEST_STEP][PASSED] - adminSuiteBootstrap.loginFunctionality.login_AdminSuite(): adminSuiteBootstrap.loginFunctionality.login_AdminSuite is PASSED

2022-03-31 23:26:06 - [MESSAGE][INFO] - Starting 'Chrome' driver

2022-03-31 23:26:06 - [MESSAGE][INFO] - User set preference: ['acceptInsecureCerts', 'true']

2022-03-31 23:26:06 - [MESSAGE][INFO] - Action delay is set to 0 milliseconds

2022-03-31 23:26:09 - [MESSAGE][PASSED] - Browser is opened with url: 'https://qa.velocitypayment.com/admin/imtiaz'

2022-03-31 23:26:09 - [MESSAGE][PASSED] - Current window maximized

2022-03-31 23:26:09 - [MESSAGE][PASSED] - Object 'Object Repository/Login_Page/Login_Username' is present

2022-03-31 23:26:10 - [MESSAGE][PASSED] - Text 'iahmed' is set on object 'Object Repository/Login_Page/Login_Username'

2022-03-31 23:26:11 - [MESSAGE][PASSED] - Text 'hello2222' is set on object 'Object Repository/Login_Page/Login_Password'

2022-03-31 23:26:14 - [MESSAGE][PASSED] - Object: 'Object Repository/Login_Page/Login_Submit' is clicked on

2022-03-31 23:26:14 - [MESSAGE][PASSED] - adminSuiteBootstrap.loginFunctionality.login_AdminSuite is PASSED

2022-03-31 23:26:14 - [TEST_STEP][PASSED] - click(findTestObject(path_Dashboard + appName)): Object: 'Object Repository/AdminSuiteBootstrap_Pages/Dashboard_Bootstrap/a_Access AutoDualCFtpQA' is clicked on

2022-03-31 23:26:14 - [MESSAGE][PASSED] - Object: 'Object Repository/AdminSuiteBootstrap_Pages/Dashboard_Bootstrap/a_Access AutoDualCFtpQA' is clicked on

2022-03-31 23:26:14 - [TEST_STEP][PASSED] - click(findTestObject(path_VT + "button_Authorization Only")): Object: 'Object Repository/AdminSuiteBootstrap_Pages/VT_Bootstrap/IssueTransactions/button_Authorization Only' is clicked on

2022-03-31 23:26:15 - [MESSAGE][PASSED] - Object: 'Object Repository/AdminSuiteBootstrap_Pages/VT_Bootstrap/IssueTransactions/button_Authorization Only' is clicked on

2022-03-31 23:26:15 - [TEST_STEP][PASSED] - authOnlyKeyboardEntryLink = modifyObjectProperty(findTestObject(path_VT + "a_KeyboardEntry_Sale"), "href", "equals", hrefAppID, true): Modify property of object successfully

2022-03-31 23:26:15 - [MESSAGE][PASSED] - Modify property of object successfully

2022-03-31 23:26:15 - [TEST_STEP][PASSED] - click(authOnlyKeyboardEntryLink): Object: 'Object Repository/AdminSuiteBootstrap_Pages/VT_Bootstrap/IssueTransactions/a_KeyboardEntry_Sale' is clicked on

2022-03-31 23:26:16 - [MESSAGE][PASSED] - Object: 'Object Repository/AdminSuiteBootstrap_Pages/VT_Bootstrap/IssueTransactions/a_KeyboardEntry_Sale' is clicked on

2022-03-31 23:26:16 - [TEST_STEP][PASSED] - adminSuiteBootstrap.virtualTerminalSetData.saleKeyboard_DataDriven(row, dataFile): adminSuiteBootstrap.virtualTerminalSetData.saleKeyboard_DataDriven is PASSED

2022-03-31 23:26:19 - [MESSAGE][PASSED] - Text 'Janaki James' is set on object 'Object Repository/AdminSuiteBootstrap_Pages/VT_Bootstrap/SaleKeyboard/input_cardName'

2022-03-31 23:26:20 - [MESSAGE][PASSED] - All options with value 'MOTO' are selected in object 'Object Repository/AdminSuiteBootstrap_Pages/VT_Bootstrap/SaleKeyboard/select_transactionCategory'  using regular expression

2022-03-31 23:26:20 - [MESSAGE][PASSED] - Execute JavaScript 'arguments[0].value ='6011000993026909' ' successfully

2022-03-31 23:26:21 - [MESSAGE][PASSED] - Execute JavaScript 'arguments[0].value ='123' ' successfully

2022-03-31 23:26:22 - [MESSAGE][PASSED] - All options with value '12' are selected in object 'Object Repository/AdminSuiteBootstrap_Pages/VT_Bootstrap/SaleKeyboard/select_MM'  using regular expression

2022-03-31 23:26:23 - [MESSAGE][PASSED] - All options with value '2025' are selected in object 'Object Repository/AdminSuiteBootstrap_Pages/VT_Bootstrap/SaleKeyboard/select_YYYY'  using regular expression

2022-03-31 23:26:24 - [MESSAGE][PASSED] - Text '25987 Hill Top' is set on object 'Object Repository/AdminSuiteBootstrap_Pages/VT_Bootstrap/SaleKeyboard/input__address'

2022-03-31 23:26:24 - [MESSAGE][PASSED] - Text 'Suite 500' is set on object 'Object Repository/AdminSuiteBootstrap_Pages/VT_Bootstrap/SaleKeyboard/input__address2'

2022-03-31 23:26:25 - [MESSAGE][PASSED] - Text '22201' is set on object 'Object Repository/AdminSuiteBootstrap_Pages/VT_Bootstrap/SaleKeyboard/input__zip'

2022-03-31 23:26:26 - [MESSAGE][PASSED] - Text '' is set on object 'Object Repository/AdminSuiteBootstrap_Pages/VT_Bootstrap/SaleKeyboard/input_emailAddress'

2022-03-31 23:26:27 - [MESSAGE][PASSED] - Text '' is set on object 'Object Repository/AdminSuiteBootstrap_Pages/VT_Bootstrap/SaleKeyboard/input_smsNumber'

2022-03-31 23:26:28 - [MESSAGE][PASSED] - Text '10.50' is set on object 'Object Repository/AdminSuiteBootstrap_Pages/VT_Bootstrap/SaleKeyboard/input_amount'

2022-03-31 23:26:29 - [MESSAGE][PASSED] - Text 'Australia' is set on object 'Object Repository/AdminSuiteBootstrap_Pages/VT_Bootstrap/SaleKeyboard/input_userDefined1'

2022-03-31 23:26:30 - [MESSAGE][PASSED] - Text 'Denmark' is set on object 'Object Repository/AdminSuiteBootstrap_Pages/VT_Bootstrap/SaleKeyboard/input_userDefined2'

2022-03-31 23:26:31 - [MESSAGE][PASSED] - Text 'Sweden' is set on object 'Object Repository/AdminSuiteBootstrap_Pages/VT_Bootstrap/SaleKeyboard/input_userDefined3'

2022-03-31 23:26:31 - [MESSAGE][PASSED] - Text 'Austria' is set on object 'Object Repository/AdminSuiteBootstrap_Pages/VT_Bootstrap/SaleKeyboard/input_userDefined4'

2022-03-31 23:26:32 - [MESSAGE][PASSED] - All options with label 'Orange' are selected in object 'Object Repository/AdminSuiteBootstrap_Pages/VT_Bootstrap/SaleKeyboard/select_UDF5_DropDown'  using regular expression

2022-03-31 23:26:33 - [MESSAGE][PASSED] - All options with label 'Yellow' are selected in object 'Object Repository/AdminSuiteBootstrap_Pages/VT_Bootstrap/SaleKeyboard/select_UDF6_DropDown'  using regular expression

2022-03-31 23:26:34 - [MESSAGE][PASSED] - Text 'Norway' is set on object 'Object Repository/AdminSuiteBootstrap_Pages/VT_Bootstrap/SaleKeyboard/input_userDefined7'

2022-03-31 23:26:35 - [MESSAGE][PASSED] - Text 'Netherlands' is set on object 'Object Repository/AdminSuiteBootstrap_Pages/VT_Bootstrap/SaleKeyboard/input_userDefined8'

2022-03-31 23:26:35 - [MESSAGE][PASSED] - Text 'Switzerland' is set on object 'Object Repository/AdminSuiteBootstrap_Pages/VT_Bootstrap/SaleKeyboard/input_userDefined9'

2022-03-31 23:26:36 - [MESSAGE][PASSED] - Text 'France' is set on object 'Object Repository/AdminSuiteBootstrap_Pages/VT_Bootstrap/SaleKeyboard/input_userDefined10'

2022-03-31 23:26:38 - [MESSAGE][PASSED] - Object: 'Object Repository/AdminSuiteBootstrap_Pages/VT_Bootstrap/SaleKeyboard/button_Submit' is clicked on

2022-03-31 23:26:38 - [MESSAGE][PASSED] - adminSuiteBootstrap.virtualTerminalSetData.saleKeyboard_DataDriven is PASSED

2022-03-31 23:26:38 - [TEST_STEP][PASSED] - verifyTextPresent("Transaction Successful", true): Text 'Transaction Successful' is present on page  using regular expression

2022-03-31 23:26:39 - [MESSAGE][PASSED] - Text 'Transaction Successful' is present on page  using regular expression

2022-03-31 23:26:39 - [TEST_STEP][PASSED] - verifyElementVisible(findTestObject("Object Repository/AdminSuiteBootstrap_Pages/VT_Bootstrap/Receipt/button_Continue")): Object 'Object Repository/AdminSuiteBootstrap_Pages/VT_Bootstrap/Receipt/button_Continue' is visible

2022-03-31 23:26:39 - [MESSAGE][PASSED] - Object 'Object Repository/AdminSuiteBootstrap_Pages/VT_Bootstrap/Receipt/button_Continue' is visible

2022-03-31 23:26:39 - [TEST_STEP][PASSED] - verifyElementPresent(findTestObject("Object Repository/AdminSuiteBootstrap_Pages/VT_Bootstrap/Receipt/button_Continue"), 20): Object 'Object Repository/AdminSuiteBootstrap_Pages/VT_Bootstrap/Receipt/button_Continue' is present

2022-03-31 23:26:39 - [MESSAGE][PASSED] - Object 'Object Repository/AdminSuiteBootstrap_Pages/VT_Bootstrap/Receipt/button_Continue' is present

2022-03-31 23:26:39 - [TEST_STEP][PASSED] - verifyElementVisible(findTestObject("Object Repository/AdminSuiteBootstrap_Pages/VT_Bootstrap/Receipt/button_Print")): Object 'Object Repository/AdminSuiteBootstrap_Pages/VT_Bootstrap/Receipt/button_Print' is visible

2022-03-31 23:26:40 - [MESSAGE][PASSED] - Object 'Object Repository/AdminSuiteBootstrap_Pages/VT_Bootstrap/Receipt/button_Print' is visible

2022-03-31 23:26:40 - [TEST_STEP][PASSED] - verifyElementPresent(findTestObject("Object Repository/AdminSuiteBootstrap_Pages/VT_Bootstrap/Receipt/button_Print"), 20): Object 'Object Repository/AdminSuiteBootstrap_Pages/VT_Bootstrap/Receipt/button_Print' is present

2022-03-31 23:26:40 - [MESSAGE][PASSED] - Object 'Object Repository/AdminSuiteBootstrap_Pages/VT_Bootstrap/Receipt/button_Print' is present

2022-03-31 23:26:40 - [TEST_STEP][PASSED] - verifyTextPresent("Remittance ID", true): Text 'Remittance ID' is present on page  using regular expression

2022-03-31 23:26:41 - [MESSAGE][PASSED] - Text 'Remittance ID' is present on page  using regular expression

2022-03-31 23:26:41 - [TEST_STEP][PASSED] - verifyTextPresent("Received", true): Text 'Received' is present on page  using regular expression

2022-03-31 23:26:41 - [MESSAGE][PASSED] - Text 'Received' is present on page  using regular expression

2022-03-31 23:26:41 - [TEST_STEP][PASSED] - verifyTextPresent("UDF1", true): Text 'UDF1' is present on page  using regular expression

2022-03-31 23:26:41 - [MESSAGE][PASSED] - Text 'UDF1' is present on page  using regular expression

2022-03-31 23:26:41 - [TEST_STEP][PASSED] - verifyTextPresent("UDF2", true): Text 'UDF2' is present on page  using regular expression

2022-03-31 23:26:42 - [MESSAGE][PASSED] - Text 'UDF2' is present on page  using regular expression

2022-03-31 23:26:42 - [TEST_STEP][PASSED] - verifyTextPresent("UDF3", true): Text 'UDF3' is present on page  using regular expression

2022-03-31 23:26:42 - [MESSAGE][PASSED] - Text 'UDF3' is present on page  using regular expression

2022-03-31 23:26:42 - [TEST_STEP][PASSED] - verifyTextPresent("UDF4", true): Text 'UDF4' is present on page  using regular expression

2022-03-31 23:26:42 - [MESSAGE][PASSED] - Text 'UDF4' is present on page  using regular expression

2022-03-31 23:26:42 - [TEST_STEP][PASSED] - verifyTextPresent("UDF5", true): Text 'UDF5' is present on page  using regular expression

2022-03-31 23:26:43 - [MESSAGE][PASSED] - Text 'UDF5' is present on page  using regular expression

2022-03-31 23:26:43 - [TEST_STEP][PASSED] - verifyTextPresent("UDF6", true): Text 'UDF6' is present on page  using regular expression

2022-03-31 23:26:43 - [MESSAGE][PASSED] - Text 'UDF6' is present on page  using regular expression

2022-03-31 23:26:43 - [TEST_STEP][PASSED] - verifyTextPresent("UDF7", true): Text 'UDF7' is present on page  using regular expression

2022-03-31 23:26:43 - [MESSAGE][PASSED] - Text 'UDF7' is present on page  using regular expression

2022-03-31 23:26:43 - [TEST_STEP][PASSED] - verifyTextPresent("UDF8", true): Text 'UDF8' is present on page  using regular expression

2022-03-31 23:26:44 - [MESSAGE][PASSED] - Text 'UDF8' is present on page  using regular expression

2022-03-31 23:26:44 - [TEST_STEP][PASSED] - verifyTextPresent("UDF9", true): Text 'UDF9' is present on page  using regular expression

2022-03-31 23:26:44 - [MESSAGE][PASSED] - Text 'UDF9' is present on page  using regular expression

2022-03-31 23:26:44 - [TEST_STEP][PASSED] - verifyTextPresent("UDF 10", true): Text 'UDF 10' is present on page  using regular expression

2022-03-31 23:26:44 - [MESSAGE][PASSED] - Text 'UDF 10' is present on page  using regular expression

2022-03-31 23:26:44 - [TEST_STEP][PASSED] - verifyTextPresent("Australia", true): Text 'Australia' is present on page  using regular expression

2022-03-31 23:26:45 - [MESSAGE][PASSED] - Text 'Australia' is present on page  using regular expression

2022-03-31 23:26:45 - [TEST_STEP][PASSED] - verifyTextPresent("Denmark", true): Text 'Denmark' is present on page  using regular expression

2022-03-31 23:26:45 - [MESSAGE][PASSED] - Text 'Denmark' is present on page  using regular expression

2022-03-31 23:26:45 - [TEST_STEP][PASSED] - verifyTextPresent("Sweden", true): Text 'Sweden' is present on page  using regular expression

2022-03-31 23:26:45 - [MESSAGE][PASSED] - Text 'Sweden' is present on page  using regular expression

2022-03-31 23:26:45 - [TEST_STEP][PASSED] - verifyTextPresent("Austria", true): Text 'Austria' is present on page  using regular expression

2022-03-31 23:26:46 - [MESSAGE][PASSED] - Text 'Austria' is present on page  using regular expression

2022-03-31 23:26:46 - [TEST_STEP][PASSED] - verifyTextPresent("Orange Recorded", true): Text 'Orange Recorded' is present on page  using regular expression

2022-03-31 23:26:46 - [MESSAGE][PASSED] - Text 'Orange Recorded' is present on page  using regular expression

2022-03-31 23:26:46 - [TEST_STEP][PASSED] - verifyTextPresent("Yellow Recorded", true): Text 'Yellow Recorded' is present on page  using regular expression

2022-03-31 23:26:46 - [MESSAGE][PASSED] - Text 'Yellow Recorded' is present on page  using regular expression

2022-03-31 23:26:46 - [TEST_STEP][PASSED] - verifyTextPresent("Norway", true): Text 'Norway' is present on page  using regular expression

2022-03-31 23:26:47 - [MESSAGE][PASSED] - Text 'Norway' is present on page  using regular expression

2022-03-31 23:26:47 - [TEST_STEP][PASSED] - verifyTextPresent("Netherlands", true): Text 'Netherlands' is present on page  using regular expression

2022-03-31 23:26:47 - [MESSAGE][PASSED] - Text 'Netherlands' is present on page  using regular expression

2022-03-31 23:26:47 - [TEST_STEP][PASSED] - verifyTextPresent("Switzerland", true): Text 'Switzerland' is present on page  using regular expression

2022-03-31 23:26:47 - [MESSAGE][PASSED] - Text 'Switzerland' is present on page  using regular expression

2022-03-31 23:26:47 - [TEST_STEP][PASSED] - verifyTextPresent("France", true): Text 'France' is present on page  using regular expression

2022-03-31 23:26:48 - [MESSAGE][PASSED] - Text 'France' is present on page  using regular expression

2022-03-31 23:26:48 - [TEST_STEP][PASSED] - verifyTextPresent("Amount", true): Text 'Amount' is present on page  using regular expression

2022-03-31 23:26:48 - [MESSAGE][PASSED] - Text 'Amount' is present on page  using regular expression

2022-03-31 23:26:48 - [TEST_STEP][PASSED] - verifyTextPresent("Service Fee", true): Text 'Service Fee' is present on page  using regular expression

2022-03-31 23:26:48 - [MESSAGE][PASSED] - Text 'Service Fee' is present on page  using regular expression

2022-03-31 23:26:48 - [TEST_STEP][PASSED] - verifyTextPresent("Service Fee Type", true): Text 'Service Fee Type' is present on page  using regular expression

2022-03-31 23:26:49 - [MESSAGE][PASSED] - Text 'Service Fee Type' is present on page  using regular expression

2022-03-31 23:26:49 - [TEST_STEP][PASSED] - verifyTextPresent("Total Amount", true): Text 'Total Amount' is present on page  using regular expression

2022-03-31 23:26:49 - [MESSAGE][PASSED] - Text 'Total Amount' is present on page  using regular expression

2022-03-31 23:26:49 - [TEST_STEP][PASSED] - verifyTextPresent("Transaction Type", true): Text 'Transaction Type' is present on page  using regular expression

2022-03-31 23:26:49 - [MESSAGE][PASSED] - Text 'Transaction Type' is present on page  using regular expression

2022-03-31 23:26:49 - [TEST_STEP][PASSED] - verifyTextPresent("10.50", true): Text '10.50' is present on page  using regular expression

2022-03-31 23:26:50 - [MESSAGE][PASSED] - Text '10.50' is present on page  using regular expression

2022-03-31 23:26:50 - [TEST_STEP][PASSED] - verifyTextPresent("5.00", true): Text '5.00' is present on page  using regular expression

2022-03-31 23:26:50 - [MESSAGE][PASSED] - Text '5.00' is present on page  using regular expression

2022-03-31 23:26:50 - [TEST_STEP][PASSED] - verifyTextPresent("Dual Transaction", true): Text 'Dual Transaction' is present on page  using regular expression

2022-03-31 23:26:50 - [MESSAGE][PASSED] - Text 'Dual Transaction' is present on page  using regular expression

2022-03-31 23:26:50 - [TEST_STEP][PASSED] - verifyTextPresent("15.50", true): Text '15.50' is present on page  using regular expression

2022-03-31 23:26:51 - [MESSAGE][PASSED] - Text '15.50' is present on page  using regular expression

2022-03-31 23:26:51 - [TEST_STEP][PASSED] - verifyTextPresent("Authorization", true): Text 'Authorization' is present on page  using regular expression

2022-03-31 23:26:51 - [MESSAGE][PASSED] - Text 'Authorization' is present on page  using regular expression

2022-03-31 23:26:51 - [TEST_STEP][PASSED] - verifyTextPresent("Card Information", true): Text 'Card Information' is present on page  using regular expression

2022-03-31 23:26:51 - [MESSAGE][PASSED] - Text 'Card Information' is present on page  using regular expression

2022-03-31 23:26:51 - [TEST_STEP][PASSED] - cardNameV = findTestData(dataFile).getValue("CardNameV", row): null

2022-03-31 23:26:51 - [TEST_STEP][PASSED] - al1V = findTestData(dataFile).getValue("AL1", row): null

2022-03-31 23:26:52 - [TEST_STEP][PASSED] - al2V = findTestData(dataFile).getValue("AL2", row): null

2022-03-31 23:26:52 - [TEST_STEP][PASSED] - zipV = findTestData(dataFile).getValue("ZIP", row): null

2022-03-31 23:26:52 - [TEST_STEP][PASSED] - cardTypeV = findTestData(dataFile).getValue("CardType", row): null

2022-03-31 23:26:52 - [TEST_STEP][PASSED] - last4V = findTestData(dataFile).getValue("Last4", row): null

2022-03-31 23:26:52 - [TEST_STEP][PASSED] - verifyTextPresent(cardNameV, true): Text 'JANAKI JAMES' is present on page  using regular expression

2022-03-31 23:26:52 - [MESSAGE][PASSED] - Text 'JANAKI JAMES' is present on page  using regular expression

2022-03-31 23:26:52 - [TEST_STEP][PASSED] - verifyTextPresent("Address Line 1", true): Text 'Address Line 1' is present on page  using regular expression

2022-03-31 23:26:53 - [MESSAGE][PASSED] - Text 'Address Line 1' is present on page  using regular expression

2022-03-31 23:26:53 - [TEST_STEP][PASSED] - verifyTextPresent("Address Line 2", true): Text 'Address Line 2' is present on page  using regular expression

2022-03-31 23:26:53 - [MESSAGE][PASSED] - Text 'Address Line 2' is present on page  using regular expression

2022-03-31 23:26:53 - [TEST_STEP][PASSED] - verifyTextPresent("Country", true): Text 'Country' is present on page  using regular expression

2022-03-31 23:26:53 - [MESSAGE][PASSED] - Text 'Country' is present on page  using regular expression

2022-03-31 23:26:53 - [TEST_STEP][PASSED] - verifyTextPresent("City", true): Text 'City' is present on page  using regular expression

2022-03-31 23:26:54 - [MESSAGE][PASSED] - Text 'City' is present on page  using regular expression

2022-03-31 23:26:54 - [TEST_STEP][PASSED] - verifyTextPresent("State", true): Text 'State' is present on page  using regular expression

2022-03-31 23:26:54 - [MESSAGE][PASSED] - Text 'State' is present on page  using regular expression

2022-03-31 23:26:54 - [TEST_STEP][PASSED] - verifyTextPresent("ZIP Code", true): Text 'ZIP Code' is present on page  using regular expression

2022-03-31 23:26:54 - [MESSAGE][PASSED] - Text 'ZIP Code' is present on page  using regular expression

2022-03-31 23:26:54 - [TEST_STEP][PASSED] - verifyTextPresent(al1V, true): Text '25987 Hill Top' is present on page  using regular expression

2022-03-31 23:26:55 - [MESSAGE][PASSED] - Text '25987 Hill Top' is present on page  using regular expression

2022-03-31 23:26:55 - [TEST_STEP][PASSED] - verifyTextPresent(al2V, true): Text 'Suite 500' is present on page  using regular expression

2022-03-31 23:26:55 - [MESSAGE][PASSED] - Text 'Suite 500' is present on page  using regular expression

2022-03-31 23:26:55 - [TEST_STEP][PASSED] - verifyTextPresent("United States", true): Text 'United States' is present on page  using regular expression

2022-03-31 23:26:55 - [MESSAGE][PASSED] - Text 'United States' is present on page  using regular expression

2022-03-31 23:26:55 - [TEST_STEP][PASSED] - verifyTextPresent("ARLINGTON", true): Text 'ARLINGTON' is present on page  using regular expression

2022-03-31 23:26:56 - [MESSAGE][PASSED] - Text 'ARLINGTON' is present on page  using regular expression

2022-03-31 23:26:56 - [TEST_STEP][PASSED] - verifyTextPresent("Virginia", true): Text 'Virginia' is present on page  using regular expression

2022-03-31 23:26:56 - [MESSAGE][PASSED] - Text 'Virginia' is present on page  using regular expression

2022-03-31 23:26:56 - [TEST_STEP][PASSED] - verifyTextPresent(zipV, true): Text '22201' is present on page  using regular expression

2022-03-31 23:26:56 - [MESSAGE][PASSED] - Text '22201' is present on page  using regular expression

2022-03-31 23:26:56 - [TEST_STEP][PASSED] - verifyTextPresent(cardTypeV, true): Text 'Discover' is present on page  using regular expression

2022-03-31 23:26:57 - [MESSAGE][PASSED] - Text 'Discover' is present on page  using regular expression

2022-03-31 23:26:57 - [TEST_STEP][PASSED] - verifyTextPresent(last4V, true): Text '6909' is present on page  using regular expression

2022-03-31 23:26:57 - [MESSAGE][PASSED] - Text '6909' is present on page  using regular expression

2022-03-31 23:26:57 - [TEST_STEP][PASSED] - closeBrowser(): Browser is closed

2022-03-31 23:26:58 - [MESSAGE][PASSED] - Browser is closed]]></system-out>
         <system-err><![CDATA[]]></system-err>
      </testcase>
      <testcase name="Test Cases/Admin Suite Bootstrap/VT_TestCases/AuthKeyboard_TP_NoCF_Generic_Payment_TC" time="395.868" classname="Test Cases/Admin Suite Bootstrap/VT_TestCases/AuthKeyboard_TP_NoCF_Generic_Payment_TC" status="PASSED">
         <system-out><![CDATA[2022-03-31 23:26:58 - [TEST_CASE][PASSED] - Test Cases/Admin Suite Bootstrap/VT_TestCases/AuthKeyboard_TP_NoCF_Generic_Payment_TC: Test Cases/Admin Suite Bootstrap/VT_TestCases/AuthKeyboard_TP_NoCF_Generic_Payment_TC

2022-03-31 23:26:58 - [TEST_STEP][PASSED] - path_Dashboard = "Object Repository/AdminSuiteBootstrap_Pages/Dashboard_Bootstrap/": null

2022-03-31 23:26:58 - [TEST_STEP][PASSED] - path_VT = "Object Repository/AdminSuiteBootstrap_Pages/VT_Bootstrap/IssueTransactions/": null

2022-03-31 23:26:58 - [TEST_STEP][PASSED] - path_SaleKB = "Object Repository/AdminSuiteBootstrap_Pages/VT_Bootstrap/SaleKeyboard/": null

2022-03-31 23:26:58 - [TEST_STEP][PASSED] - path_TestMinus = "Object Repository/Page_TestMinusAndAtSigns/": null

2022-03-31 23:26:58 - [TEST_STEP][PASSED] - li_1 = vpos_Prefix: null

2022-03-31 23:26:58 - [TEST_STEP][PASSED] - li_2 = "/transactions/AuthOnlyForm/": null

2022-03-31 23:26:58 - [TEST_STEP][PASSED] - executionProfile = getExecutionProfile(): null

2022-03-31 23:26:58 - [TEST_STEP][PASSED] - out.println("executionProfile : " + executionProfile): null

2022-03-31 23:26:58 - [TEST_STEP][PASSED] - appName = <not implemented yet for class: org.codehaus.groovy.ast.expr.EmptyExpression>: null

2022-03-31 23:26:58 - [TEST_STEP][PASSED] - appID = <not implemented yet for class: org.codehaus.groovy.ast.expr.EmptyExpression>: null

2022-03-31 23:26:58 - [TEST_STEP][PASSED] - cardNameV = <not implemented yet for class: org.codehaus.groovy.ast.expr.EmptyExpression>: null

2022-03-31 23:26:58 - [TEST_STEP][PASSED] - al1V = <not implemented yet for class: org.codehaus.groovy.ast.expr.EmptyExpression>: null

2022-03-31 23:26:58 - [TEST_STEP][PASSED] - al2V = <not implemented yet for class: org.codehaus.groovy.ast.expr.EmptyExpression>: null

2022-03-31 23:26:58 - [TEST_STEP][PASSED] - zipV = <not implemented yet for class: org.codehaus.groovy.ast.expr.EmptyExpression>: null

2022-03-31 23:26:58 - [TEST_STEP][PASSED] - cardTypeV = <not implemented yet for class: org.codehaus.groovy.ast.expr.EmptyExpression>: null

2022-03-31 23:26:58 - [TEST_STEP][PASSED] - last4V = <not implemented yet for class: org.codehaus.groovy.ast.expr.EmptyExpression>: null

2022-03-31 23:26:58 - [TEST_STEP][PASSED] - resText = "Fail": null

2022-03-31 23:26:58 - [TEST_STEP][PASSED] - resColumn = "Result": null

2022-03-31 23:26:58 - [TEST_STEP][PASSED] - datCloumn = "Date": null

2022-03-31 23:26:58 - [TEST_STEP][PASSED] - fileLoc = "C:\KatalonData\Bootstrap\VT-Data.xlsx": null

2022-03-31 23:26:58 - [TEST_STEP][PASSED] - numOfRows = <not implemented yet for class: org.codehaus.groovy.ast.expr.EmptyExpression>: null

2022-03-31 23:26:58 - [TEST_STEP][PASSED] - dataFile = <not implemented yet for class: org.codehaus.groovy.ast.expr.EmptyExpression>: null

2022-03-31 23:26:58 - [TEST_STEP][PASSED] - nameSheet = <not implemented yet for class: org.codehaus.groovy.ast.expr.EmptyExpression>: null

2022-03-31 23:26:58 - [TEST_STEP][PASSED] - nameSheet = "VT-Auth-NoCF-Generic": null

2022-03-31 23:26:58 - [TEST_STEP][PASSED] - numOfRows = findTestData("QA/Bootstrap/VT-TestData/VT-AuthData-NoCF-Generic").getRowNumbers(): null

2022-03-31 23:26:58 - [TEST_STEP][PASSED] - println("Number of Records: " + numOfRows): null

2022-03-31 23:26:58 - [TEST_STEP][PASSED] - dataFile = "QA/Bootstrap/VT-TestData/VT-AuthData-NoCF-Generic": null

2022-03-31 23:26:58 - [TEST_STEP][PASSED] - for ([row = 1, row <= numOfRows, (row++)]): Browser is closed

2022-03-31 23:26:58 - [TEST_STEP][PASSED] - ExecuteTC = findTestData(dataFile).getValue("Execute", row): null

2022-03-31 23:26:59 - [TEST_STEP][PASSED] - out.println("Value of Execute is : " + ExecuteTC): null

2022-03-31 23:26:59 - [TEST_STEP][PASSED] - switch (executionProfile): null

2022-03-31 23:26:59 - [TEST_STEP][PASSED] - case "QAProfile":: null

2022-03-31 23:26:59 - [TEST_STEP][PASSED] - appName = findTestData(dataFile).getValue("AppNameQA", row): null

2022-03-31 23:26:59 - [TEST_STEP][PASSED] - appID = findTestData(dataFile).getValue("AppIDQA", row): null

2022-03-31 23:26:59 - [TEST_STEP][PASSED] - break: null

2022-03-31 23:26:59 - [TEST_STEP][PASSED] - hrefAppID = li_1 + appID + li_2: null

2022-03-31 23:26:59 - [TEST_STEP][PASSED] - hrefApp = li_1 + appID + "/": null

2022-03-31 23:26:59 - [TEST_STEP][PASSED] - println("hrefApp : " + hrefApp): null

2022-03-31 23:26:59 - [TEST_STEP][PASSED] - if (ExecuteTC.equalsIgnoreCase("Y")): Browser is closed

2022-03-31 23:26:59 - [TEST_STEP][PASSED] - out.println("Begin Record Number: " + row): null

2022-03-31 23:26:59 - [TEST_STEP][PASSED] - today = new java.util.Date(): null

2022-03-31 23:26:59 - [TEST_STEP][PASSED] - println(today): null

2022-03-31 23:26:59 - [TEST_STEP][PASSED] - datText = today: null

2022-03-31 23:26:59 - [TEST_STEP][PASSED] - adminSuiteBootstrap.loginFunctionality.login_AdminSuite(): adminSuiteBootstrap.loginFunctionality.login_AdminSuite is PASSED

2022-03-31 23:26:59 - [MESSAGE][INFO] - Starting 'Chrome' driver

2022-03-31 23:26:59 - [MESSAGE][INFO] - User set preference: ['acceptInsecureCerts', 'true']

2022-03-31 23:26:59 - [MESSAGE][INFO] - Action delay is set to 0 milliseconds

2022-03-31 23:27:02 - [MESSAGE][PASSED] - Browser is opened with url: 'https://qa.velocitypayment.com/admin/imtiaz'

2022-03-31 23:27:02 - [MESSAGE][PASSED] - Current window maximized

2022-03-31 23:27:02 - [MESSAGE][PASSED] - Object 'Object Repository/Login_Page/Login_Username' is present

2022-03-31 23:27:03 - [MESSAGE][PASSED] - Text 'iahmed' is set on object 'Object Repository/Login_Page/Login_Username'

2022-03-31 23:27:04 - [MESSAGE][PASSED] - Text 'hello2222' is set on object 'Object Repository/Login_Page/Login_Password'

2022-03-31 23:27:07 - [MESSAGE][PASSED] - Object: 'Object Repository/Login_Page/Login_Submit' is clicked on

2022-03-31 23:27:07 - [MESSAGE][PASSED] - adminSuiteBootstrap.loginFunctionality.login_AdminSuite is PASSED

2022-03-31 23:27:07 - [TEST_STEP][PASSED] - click(findTestObject(path_Dashboard + appName)): Object: 'Object Repository/AdminSuiteBootstrap_Pages/Dashboard_Bootstrap/a_Access AutoNoCFtp' is clicked on

2022-03-31 23:27:08 - [MESSAGE][PASSED] - Object: 'Object Repository/AdminSuiteBootstrap_Pages/Dashboard_Bootstrap/a_Access AutoNoCFtp' is clicked on

2022-03-31 23:27:08 - [TEST_STEP][PASSED] - click(findTestObject(path_VT + "button_Authorization Only")): Object: 'Object Repository/AdminSuiteBootstrap_Pages/VT_Bootstrap/IssueTransactions/button_Authorization Only' is clicked on

2022-03-31 23:27:08 - [MESSAGE][PASSED] - Object: 'Object Repository/AdminSuiteBootstrap_Pages/VT_Bootstrap/IssueTransactions/button_Authorization Only' is clicked on

2022-03-31 23:27:08 - [TEST_STEP][PASSED] - authOnlyKeyboardEntryLink = modifyObjectProperty(findTestObject(path_VT + "a_KeyboardEntry_Sale"), "href", "equals", hrefAppID, true): Modify property of object successfully

2022-03-31 23:27:08 - [MESSAGE][PASSED] - Modify property of object successfully

2022-03-31 23:27:08 - [TEST_STEP][PASSED] - click(authOnlyKeyboardEntryLink): Object: 'Object Repository/AdminSuiteBootstrap_Pages/VT_Bootstrap/IssueTransactions/a_KeyboardEntry_Sale' is clicked on

2022-03-31 23:27:09 - [MESSAGE][PASSED] - Object: 'Object Repository/AdminSuiteBootstrap_Pages/VT_Bootstrap/IssueTransactions/a_KeyboardEntry_Sale' is clicked on

2022-03-31 23:27:09 - [TEST_STEP][PASSED] - adminSuiteBootstrap.virtualTerminalSetData.saleKeyboard_DataDriven(row, dataFile): adminSuiteBootstrap.virtualTerminalSetData.saleKeyboard_DataDriven is PASSED

2022-03-31 23:27:12 - [MESSAGE][PASSED] - Text 'Tulsi Raman' is set on object 'Object Repository/AdminSuiteBootstrap_Pages/VT_Bootstrap/SaleKeyboard/input_cardName'

2022-03-31 23:27:13 - [MESSAGE][PASSED] - All options with value 'RETL' are selected in object 'Object Repository/AdminSuiteBootstrap_Pages/VT_Bootstrap/SaleKeyboard/select_transactionCategory'  using regular expression

2022-03-31 23:27:14 - [MESSAGE][PASSED] - Execute JavaScript 'arguments[0].value ='4012000098765439' ' successfully

2022-03-31 23:27:14 - [MESSAGE][PASSED] - Execute JavaScript 'arguments[0].value ='123' ' successfully

2022-03-31 23:27:15 - [MESSAGE][PASSED] - All options with value '12' are selected in object 'Object Repository/AdminSuiteBootstrap_Pages/VT_Bootstrap/SaleKeyboard/select_MM'  using regular expression

2022-03-31 23:27:16 - [MESSAGE][PASSED] - All options with value '2025' are selected in object 'Object Repository/AdminSuiteBootstrap_Pages/VT_Bootstrap/SaleKeyboard/select_YYYY'  using regular expression

2022-03-31 23:27:17 - [MESSAGE][PASSED] - Text '36 Cornor Road' is set on object 'Object Repository/AdminSuiteBootstrap_Pages/VT_Bootstrap/SaleKeyboard/input__address'

2022-03-31 23:27:18 - [MESSAGE][PASSED] - Text 'Suite 500' is set on object 'Object Repository/AdminSuiteBootstrap_Pages/VT_Bootstrap/SaleKeyboard/input__address2'

2022-03-31 23:27:18 - [MESSAGE][PASSED] - Text '22201' is set on object 'Object Repository/AdminSuiteBootstrap_Pages/VT_Bootstrap/SaleKeyboard/input__zip'

2022-03-31 23:27:19 - [MESSAGE][PASSED] - Text '' is set on object 'Object Repository/AdminSuiteBootstrap_Pages/VT_Bootstrap/SaleKeyboard/input_emailAddress'

2022-03-31 23:27:20 - [MESSAGE][PASSED] - Text '' is set on object 'Object Repository/AdminSuiteBootstrap_Pages/VT_Bootstrap/SaleKeyboard/input_smsNumber'

2022-03-31 23:27:21 - [MESSAGE][PASSED] - Text '10.50' is set on object 'Object Repository/AdminSuiteBootstrap_Pages/VT_Bootstrap/SaleKeyboard/input_amount'

2022-03-31 23:27:22 - [MESSAGE][PASSED] - Text 'Australia' is set on object 'Object Repository/AdminSuiteBootstrap_Pages/VT_Bootstrap/SaleKeyboard/input_userDefined1'

2022-03-31 23:27:22 - [MESSAGE][PASSED] - Text 'Denmark' is set on object 'Object Repository/AdminSuiteBootstrap_Pages/VT_Bootstrap/SaleKeyboard/input_userDefined2'

2022-03-31 23:27:23 - [MESSAGE][PASSED] - Text 'Sweden' is set on object 'Object Repository/AdminSuiteBootstrap_Pages/VT_Bootstrap/SaleKeyboard/input_userDefined3'

2022-03-31 23:27:24 - [MESSAGE][PASSED] - Text 'Austria' is set on object 'Object Repository/AdminSuiteBootstrap_Pages/VT_Bootstrap/SaleKeyboard/input_userDefined4'

2022-03-31 23:27:25 - [MESSAGE][PASSED] - All options with label 'Orange' are selected in object 'Object Repository/AdminSuiteBootstrap_Pages/VT_Bootstrap/SaleKeyboard/select_UDF5_DropDown'  using regular expression

2022-03-31 23:27:26 - [MESSAGE][PASSED] - All options with label 'Yellow' are selected in object 'Object Repository/AdminSuiteBootstrap_Pages/VT_Bootstrap/SaleKeyboard/select_UDF6_DropDown'  using regular expression

2022-03-31 23:27:27 - [MESSAGE][PASSED] - Text 'Norway' is set on object 'Object Repository/AdminSuiteBootstrap_Pages/VT_Bootstrap/SaleKeyboard/input_userDefined7'

2022-03-31 23:27:27 - [MESSAGE][PASSED] - Text 'Netherlands' is set on object 'Object Repository/AdminSuiteBootstrap_Pages/VT_Bootstrap/SaleKeyboard/input_userDefined8'

2022-03-31 23:27:28 - [MESSAGE][PASSED] - Text 'Switzerland' is set on object 'Object Repository/AdminSuiteBootstrap_Pages/VT_Bootstrap/SaleKeyboard/input_userDefined9'

2022-03-31 23:27:29 - [MESSAGE][PASSED] - Text 'France' is set on object 'Object Repository/AdminSuiteBootstrap_Pages/VT_Bootstrap/SaleKeyboard/input_userDefined10'

2022-03-31 23:27:30 - [MESSAGE][PASSED] - Object: 'Object Repository/AdminSuiteBootstrap_Pages/VT_Bootstrap/SaleKeyboard/button_Submit' is clicked on

2022-03-31 23:27:30 - [MESSAGE][PASSED] - adminSuiteBootstrap.virtualTerminalSetData.saleKeyboard_DataDriven is PASSED

2022-03-31 23:27:30 - [TEST_STEP][PASSED] - verifyTextPresent("Transaction Successful", true): Text 'Transaction Successful' is present on page  using regular expression

2022-03-31 23:27:31 - [MESSAGE][PASSED] - Text 'Transaction Successful' is present on page  using regular expression

2022-03-31 23:27:31 - [TEST_STEP][PASSED] - verifyElementVisible(findTestObject("Object Repository/AdminSuiteBootstrap_Pages/VT_Bootstrap/Receipt/button_Continue")): Object 'Object Repository/AdminSuiteBootstrap_Pages/VT_Bootstrap/Receipt/button_Continue' is visible

2022-03-31 23:27:31 - [MESSAGE][PASSED] - Object 'Object Repository/AdminSuiteBootstrap_Pages/VT_Bootstrap/Receipt/button_Continue' is visible

2022-03-31 23:27:31 - [TEST_STEP][PASSED] - verifyElementPresent(findTestObject("Object Repository/AdminSuiteBootstrap_Pages/VT_Bootstrap/Receipt/button_Continue"), 20): Object 'Object Repository/AdminSuiteBootstrap_Pages/VT_Bootstrap/Receipt/button_Continue' is present

2022-03-31 23:27:31 - [MESSAGE][PASSED] - Object 'Object Repository/AdminSuiteBootstrap_Pages/VT_Bootstrap/Receipt/button_Continue' is present

2022-03-31 23:27:31 - [TEST_STEP][PASSED] - verifyElementVisible(findTestObject("Object Repository/AdminSuiteBootstrap_Pages/VT_Bootstrap/Receipt/button_Print")): Object 'Object Repository/AdminSuiteBootstrap_Pages/VT_Bootstrap/Receipt/button_Print' is visible

2022-03-31 23:27:32 - [MESSAGE][PASSED] - Object 'Object Repository/AdminSuiteBootstrap_Pages/VT_Bootstrap/Receipt/button_Print' is visible

2022-03-31 23:27:32 - [TEST_STEP][PASSED] - verifyElementPresent(findTestObject("Object Repository/AdminSuiteBootstrap_Pages/VT_Bootstrap/Receipt/button_Print"), 20): Object 'Object Repository/AdminSuiteBootstrap_Pages/VT_Bootstrap/Receipt/button_Print' is present

2022-03-31 23:27:32 - [MESSAGE][PASSED] - Object 'Object Repository/AdminSuiteBootstrap_Pages/VT_Bootstrap/Receipt/button_Print' is present

2022-03-31 23:27:32 - [TEST_STEP][PASSED] - verifyTextPresent("Remittance ID", true): Text 'Remittance ID' is present on page  using regular expression

2022-03-31 23:27:32 - [MESSAGE][PASSED] - Text 'Remittance ID' is present on page  using regular expression

2022-03-31 23:27:32 - [TEST_STEP][PASSED] - verifyTextPresent("Received", true): Text 'Received' is present on page  using regular expression

2022-03-31 23:27:33 - [MESSAGE][PASSED] - Text 'Received' is present on page  using regular expression

2022-03-31 23:27:33 - [TEST_STEP][PASSED] - verifyTextPresent("UDF1", true): Text 'UDF1' is present on page  using regular expression

2022-03-31 23:27:33 - [MESSAGE][PASSED] - Text 'UDF1' is present on page  using regular expression

2022-03-31 23:27:33 - [TEST_STEP][PASSED] - verifyTextPresent("UDF2", true): Text 'UDF2' is present on page  using regular expression

2022-03-31 23:27:33 - [MESSAGE][PASSED] - Text 'UDF2' is present on page  using regular expression

2022-03-31 23:27:33 - [TEST_STEP][PASSED] - verifyTextPresent("UDF3", true): Text 'UDF3' is present on page  using regular expression

2022-03-31 23:27:34 - [MESSAGE][PASSED] - Text 'UDF3' is present on page  using regular expression

2022-03-31 23:27:34 - [TEST_STEP][PASSED] - verifyTextPresent("UDF4", true): Text 'UDF4' is present on page  using regular expression

2022-03-31 23:27:34 - [MESSAGE][PASSED] - Text 'UDF4' is present on page  using regular expression

2022-03-31 23:27:34 - [TEST_STEP][PASSED] - verifyTextPresent("UDF5", true): Text 'UDF5' is present on page  using regular expression

2022-03-31 23:27:34 - [MESSAGE][PASSED] - Text 'UDF5' is present on page  using regular expression

2022-03-31 23:27:34 - [TEST_STEP][PASSED] - verifyTextPresent("UDF6", true): Text 'UDF6' is present on page  using regular expression

2022-03-31 23:27:35 - [MESSAGE][PASSED] - Text 'UDF6' is present on page  using regular expression

2022-03-31 23:27:35 - [TEST_STEP][PASSED] - verifyTextPresent("UDF7", true): Text 'UDF7' is present on page  using regular expression

2022-03-31 23:27:35 - [MESSAGE][PASSED] - Text 'UDF7' is present on page  using regular expression

2022-03-31 23:27:35 - [TEST_STEP][PASSED] - verifyTextPresent("UDF8", true): Text 'UDF8' is present on page  using regular expression

2022-03-31 23:27:35 - [MESSAGE][PASSED] - Text 'UDF8' is present on page  using regular expression

2022-03-31 23:27:35 - [TEST_STEP][PASSED] - verifyTextPresent("UDF9", true): Text 'UDF9' is present on page  using regular expression

2022-03-31 23:27:36 - [MESSAGE][PASSED] - Text 'UDF9' is present on page  using regular expression

2022-03-31 23:27:36 - [TEST_STEP][PASSED] - verifyTextPresent("UDF 10", true): Text 'UDF 10' is present on page  using regular expression

2022-03-31 23:27:36 - [MESSAGE][PASSED] - Text 'UDF 10' is present on page  using regular expression

2022-03-31 23:27:36 - [TEST_STEP][PASSED] - verifyTextPresent("Australia", true): Text 'Australia' is present on page  using regular expression

2022-03-31 23:27:36 - [MESSAGE][PASSED] - Text 'Australia' is present on page  using regular expression

2022-03-31 23:27:36 - [TEST_STEP][PASSED] - verifyTextPresent("Denmark", true): Text 'Denmark' is present on page  using regular expression

2022-03-31 23:27:37 - [MESSAGE][PASSED] - Text 'Denmark' is present on page  using regular expression

2022-03-31 23:27:37 - [TEST_STEP][PASSED] - verifyTextPresent("Sweden", true): Text 'Sweden' is present on page  using regular expression

2022-03-31 23:27:37 - [MESSAGE][PASSED] - Text 'Sweden' is present on page  using regular expression

2022-03-31 23:27:37 - [TEST_STEP][PASSED] - verifyTextPresent("Austria", true): Text 'Austria' is present on page  using regular expression

2022-03-31 23:27:37 - [MESSAGE][PASSED] - Text 'Austria' is present on page  using regular expression

2022-03-31 23:27:37 - [TEST_STEP][PASSED] - verifyTextPresent("Orange Recorded", true): Text 'Orange Recorded' is present on page  using regular expression

2022-03-31 23:27:38 - [MESSAGE][PASSED] - Text 'Orange Recorded' is present on page  using regular expression

2022-03-31 23:27:38 - [TEST_STEP][PASSED] - verifyTextPresent("Yellow Recorded", true): Text 'Yellow Recorded' is present on page  using regular expression

2022-03-31 23:27:38 - [MESSAGE][PASSED] - Text 'Yellow Recorded' is present on page  using regular expression

2022-03-31 23:27:38 - [TEST_STEP][PASSED] - verifyTextPresent("Norway", true): Text 'Norway' is present on page  using regular expression

2022-03-31 23:27:38 - [MESSAGE][PASSED] - Text 'Norway' is present on page  using regular expression

2022-03-31 23:27:38 - [TEST_STEP][PASSED] - verifyTextPresent("Netherlands", true): Text 'Netherlands' is present on page  using regular expression

2022-03-31 23:27:39 - [MESSAGE][PASSED] - Text 'Netherlands' is present on page  using regular expression

2022-03-31 23:27:39 - [TEST_STEP][PASSED] - verifyTextPresent("Switzerland", true): Text 'Switzerland' is present on page  using regular expression

2022-03-31 23:27:39 - [MESSAGE][PASSED] - Text 'Switzerland' is present on page  using regular expression

2022-03-31 23:27:39 - [TEST_STEP][PASSED] - verifyTextPresent("France", true): Text 'France' is present on page  using regular expression

2022-03-31 23:27:39 - [MESSAGE][PASSED] - Text 'France' is present on page  using regular expression

2022-03-31 23:27:39 - [TEST_STEP][PASSED] - verifyTextPresent("Amount", true): Text 'Amount' is present on page  using regular expression

2022-03-31 23:27:40 - [MESSAGE][PASSED] - Text 'Amount' is present on page  using regular expression

2022-03-31 23:27:40 - [TEST_STEP][PASSED] - verifyTextPresent("Total Amount", true): Text 'Total Amount' is present on page  using regular expression

2022-03-31 23:27:40 - [MESSAGE][PASSED] - Text 'Total Amount' is present on page  using regular expression

2022-03-31 23:27:40 - [TEST_STEP][PASSED] - verifyTextPresent("Transaction Type", true): Text 'Transaction Type' is present on page  using regular expression

2022-03-31 23:27:40 - [MESSAGE][PASSED] - Text 'Transaction Type' is present on page  using regular expression

2022-03-31 23:27:40 - [TEST_STEP][PASSED] - verifyTextPresent("10.50", true): Text '10.50' is present on page  using regular expression

2022-03-31 23:27:41 - [MESSAGE][PASSED] - Text '10.50' is present on page  using regular expression

2022-03-31 23:27:41 - [TEST_STEP][PASSED] - verifyTextPresent("Authorization", true): Text 'Authorization' is present on page  using regular expression

2022-03-31 23:27:41 - [MESSAGE][PASSED] - Text 'Authorization' is present on page  using regular expression

2022-03-31 23:27:41 - [TEST_STEP][PASSED] - verifyTextPresent("Card Information", true): Text 'Card Information' is present on page  using regular expression

2022-03-31 23:27:41 - [MESSAGE][PASSED] - Text 'Card Information' is present on page  using regular expression

2022-03-31 23:27:41 - [TEST_STEP][PASSED] - cardNameV = findTestData(dataFile).getValue("CardNameV", row): null

2022-03-31 23:27:41 - [TEST_STEP][PASSED] - al1V = findTestData(dataFile).getValue("AL1", row): null

2022-03-31 23:27:42 - [TEST_STEP][PASSED] - al2V = findTestData(dataFile).getValue("AL2", row): null

2022-03-31 23:27:42 - [TEST_STEP][PASSED] - zipV = findTestData(dataFile).getValue("ZIP", row): null

2022-03-31 23:27:42 - [TEST_STEP][PASSED] - cardTypeV = findTestData(dataFile).getValue("CardType", row): null

2022-03-31 23:27:42 - [TEST_STEP][PASSED] - last4V = findTestData(dataFile).getValue("Last4", row): null

2022-03-31 23:27:42 - [TEST_STEP][PASSED] - verifyTextPresent(cardNameV, true): Text 'TULSI RAMAN' is present on page  using regular expression

2022-03-31 23:27:42 - [MESSAGE][PASSED] - Text 'TULSI RAMAN' is present on page  using regular expression

2022-03-31 23:27:42 - [TEST_STEP][PASSED] - verifyTextPresent("Address Line 1", true): Text 'Address Line 1' is present on page  using regular expression

2022-03-31 23:27:43 - [MESSAGE][PASSED] - Text 'Address Line 1' is present on page  using regular expression

2022-03-31 23:27:43 - [TEST_STEP][PASSED] - verifyTextPresent("Address Line 2", true): Text 'Address Line 2' is present on page  using regular expression

2022-03-31 23:27:43 - [MESSAGE][PASSED] - Text 'Address Line 2' is present on page  using regular expression

2022-03-31 23:27:43 - [TEST_STEP][PASSED] - verifyTextPresent("Country", true): Text 'Country' is present on page  using regular expression

2022-03-31 23:27:43 - [MESSAGE][PASSED] - Text 'Country' is present on page  using regular expression

2022-03-31 23:27:43 - [TEST_STEP][PASSED] - verifyTextPresent("City", true): Text 'City' is present on page  using regular expression

2022-03-31 23:27:44 - [MESSAGE][PASSED] - Text 'City' is present on page  using regular expression

2022-03-31 23:27:44 - [TEST_STEP][PASSED] - verifyTextPresent("State", true): Text 'State' is present on page  using regular expression

2022-03-31 23:27:44 - [MESSAGE][PASSED] - Text 'State' is present on page  using regular expression

2022-03-31 23:27:44 - [TEST_STEP][PASSED] - verifyTextPresent("ZIP Code", true): Text 'ZIP Code' is present on page  using regular expression

2022-03-31 23:27:44 - [MESSAGE][PASSED] - Text 'ZIP Code' is present on page  using regular expression

2022-03-31 23:27:44 - [TEST_STEP][PASSED] - verifyTextPresent(al1V, true): Text '36 Cornor Road' is present on page  using regular expression

2022-03-31 23:27:45 - [MESSAGE][PASSED] - Text '36 Cornor Road' is present on page  using regular expression

2022-03-31 23:27:45 - [TEST_STEP][PASSED] - verifyTextPresent(al2V, true): Text 'Suite 500' is present on page  using regular expression

2022-03-31 23:27:45 - [MESSAGE][PASSED] - Text 'Suite 500' is present on page  using regular expression

2022-03-31 23:27:45 - [TEST_STEP][PASSED] - verifyTextPresent("United States", true): Text 'United States' is present on page  using regular expression

2022-03-31 23:27:45 - [MESSAGE][PASSED] - Text 'United States' is present on page  using regular expression

2022-03-31 23:27:45 - [TEST_STEP][PASSED] - verifyTextPresent("ARLINGTON", true): Text 'ARLINGTON' is present on page  using regular expression

2022-03-31 23:27:46 - [MESSAGE][PASSED] - Text 'ARLINGTON' is present on page  using regular expression

2022-03-31 23:27:46 - [TEST_STEP][PASSED] - verifyTextPresent("Virginia", true): Text 'Virginia' is present on page  using regular expression

2022-03-31 23:27:46 - [MESSAGE][PASSED] - Text 'Virginia' is present on page  using regular expression

2022-03-31 23:27:46 - [TEST_STEP][PASSED] - verifyTextPresent(zipV, true): Text '22201' is present on page  using regular expression

2022-03-31 23:27:46 - [MESSAGE][PASSED] - Text '22201' is present on page  using regular expression

2022-03-31 23:27:46 - [TEST_STEP][PASSED] - verifyTextPresent(cardTypeV, true): Text 'Visa' is present on page  using regular expression

2022-03-31 23:27:47 - [MESSAGE][PASSED] - Text 'Visa' is present on page  using regular expression

2022-03-31 23:27:47 - [TEST_STEP][PASSED] - verifyTextPresent(last4V, true): Text '5439' is present on page  using regular expression

2022-03-31 23:27:47 - [MESSAGE][PASSED] - Text '5439' is present on page  using regular expression

2022-03-31 23:27:47 - [TEST_STEP][PASSED] - closeBrowser(): Browser is closed

2022-03-31 23:27:48 - [MESSAGE][PASSED] - Browser is closed

2022-03-31 23:27:48 - [TEST_STEP][PASSED] - ExecuteTC = findTestData(dataFile).getValue("Execute", row): null

2022-03-31 23:27:48 - [TEST_STEP][PASSED] - out.println("Value of Execute is : " + ExecuteTC): null

2022-03-31 23:27:48 - [TEST_STEP][PASSED] - switch (executionProfile): null

2022-03-31 23:27:48 - [TEST_STEP][PASSED] - case "QAProfile":: null

2022-03-31 23:27:48 - [TEST_STEP][PASSED] - appName = findTestData(dataFile).getValue("AppNameQA", row): null

2022-03-31 23:27:48 - [TEST_STEP][PASSED] - appID = findTestData(dataFile).getValue("AppIDQA", row): null

2022-03-31 23:27:48 - [TEST_STEP][PASSED] - break: null

2022-03-31 23:27:48 - [TEST_STEP][PASSED] - hrefAppID = li_1 + appID + li_2: null

2022-03-31 23:27:48 - [TEST_STEP][PASSED] - hrefApp = li_1 + appID + "/": null

2022-03-31 23:27:48 - [TEST_STEP][PASSED] - println("hrefApp : " + hrefApp): null

2022-03-31 23:27:48 - [TEST_STEP][PASSED] - if (ExecuteTC.equalsIgnoreCase("Y")): Browser is closed

2022-03-31 23:27:48 - [TEST_STEP][PASSED] - out.println("Begin Record Number: " + row): null

2022-03-31 23:27:48 - [TEST_STEP][PASSED] - today = new java.util.Date(): null

2022-03-31 23:27:48 - [TEST_STEP][PASSED] - println(today): null

2022-03-31 23:27:48 - [TEST_STEP][PASSED] - datText = today: null

2022-03-31 23:27:48 - [TEST_STEP][PASSED] - adminSuiteBootstrap.loginFunctionality.login_AdminSuite(): adminSuiteBootstrap.loginFunctionality.login_AdminSuite is PASSED

2022-03-31 23:27:48 - [MESSAGE][INFO] - Starting 'Chrome' driver

2022-03-31 23:27:48 - [MESSAGE][INFO] - User set preference: ['acceptInsecureCerts', 'true']

2022-03-31 23:27:48 - [MESSAGE][INFO] - Action delay is set to 0 milliseconds

2022-03-31 23:27:51 - [MESSAGE][PASSED] - Browser is opened with url: 'https://qa.velocitypayment.com/admin/imtiaz'

2022-03-31 23:27:51 - [MESSAGE][PASSED] - Current window maximized

2022-03-31 23:27:52 - [MESSAGE][PASSED] - Object 'Object Repository/Login_Page/Login_Username' is present

2022-03-31 23:27:52 - [MESSAGE][PASSED] - Text 'iahmed' is set on object 'Object Repository/Login_Page/Login_Username'

2022-03-31 23:27:53 - [MESSAGE][PASSED] - Text 'hello2222' is set on object 'Object Repository/Login_Page/Login_Password'

2022-03-31 23:27:56 - [MESSAGE][PASSED] - Object: 'Object Repository/Login_Page/Login_Submit' is clicked on

2022-03-31 23:27:56 - [MESSAGE][PASSED] - adminSuiteBootstrap.loginFunctionality.login_AdminSuite is PASSED

2022-03-31 23:27:56 - [TEST_STEP][PASSED] - click(findTestObject(path_Dashboard + appName)): Object: 'Object Repository/AdminSuiteBootstrap_Pages/Dashboard_Bootstrap/a_Access AutoNoCFtp' is clicked on

2022-03-31 23:27:57 - [MESSAGE][PASSED] - Object: 'Object Repository/AdminSuiteBootstrap_Pages/Dashboard_Bootstrap/a_Access AutoNoCFtp' is clicked on

2022-03-31 23:27:57 - [TEST_STEP][PASSED] - click(findTestObject(path_VT + "button_Authorization Only")): Object: 'Object Repository/AdminSuiteBootstrap_Pages/VT_Bootstrap/IssueTransactions/button_Authorization Only' is clicked on

2022-03-31 23:27:57 - [MESSAGE][PASSED] - Object: 'Object Repository/AdminSuiteBootstrap_Pages/VT_Bootstrap/IssueTransactions/button_Authorization Only' is clicked on

2022-03-31 23:27:57 - [TEST_STEP][PASSED] - authOnlyKeyboardEntryLink = modifyObjectProperty(findTestObject(path_VT + "a_KeyboardEntry_Sale"), "href", "equals", hrefAppID, true): Modify property of object successfully

2022-03-31 23:27:57 - [MESSAGE][PASSED] - Modify property of object successfully

2022-03-31 23:27:57 - [TEST_STEP][PASSED] - click(authOnlyKeyboardEntryLink): Object: 'Object Repository/AdminSuiteBootstrap_Pages/VT_Bootstrap/IssueTransactions/a_KeyboardEntry_Sale' is clicked on

2022-03-31 23:27:58 - [MESSAGE][PASSED] - Object: 'Object Repository/AdminSuiteBootstrap_Pages/VT_Bootstrap/IssueTransactions/a_KeyboardEntry_Sale' is clicked on

2022-03-31 23:27:58 - [TEST_STEP][PASSED] - adminSuiteBootstrap.virtualTerminalSetData.saleKeyboard_DataDriven(row, dataFile): adminSuiteBootstrap.virtualTerminalSetData.saleKeyboard_DataDriven is PASSED

2022-03-31 23:28:01 - [MESSAGE][PASSED] - Text 'Tulsi Raman' is set on object 'Object Repository/AdminSuiteBootstrap_Pages/VT_Bootstrap/SaleKeyboard/input_cardName'

2022-03-31 23:28:02 - [MESSAGE][PASSED] - All options with value 'RETL' are selected in object 'Object Repository/AdminSuiteBootstrap_Pages/VT_Bootstrap/SaleKeyboard/select_transactionCategory'  using regular expression

2022-03-31 23:28:02 - [MESSAGE][PASSED] - Execute JavaScript 'arguments[0].value ='5146312200000035' ' successfully

2022-03-31 23:28:03 - [MESSAGE][PASSED] - Execute JavaScript 'arguments[0].value ='123' ' successfully

2022-03-31 23:28:04 - [MESSAGE][PASSED] - All options with value '12' are selected in object 'Object Repository/AdminSuiteBootstrap_Pages/VT_Bootstrap/SaleKeyboard/select_MM'  using regular expression

2022-03-31 23:28:05 - [MESSAGE][PASSED] - All options with value '2025' are selected in object 'Object Repository/AdminSuiteBootstrap_Pages/VT_Bootstrap/SaleKeyboard/select_YYYY'  using regular expression

2022-03-31 23:28:05 - [MESSAGE][PASSED] - Text '1478 Jhatka Palace' is set on object 'Object Repository/AdminSuiteBootstrap_Pages/VT_Bootstrap/SaleKeyboard/input__address'

2022-03-31 23:28:06 - [MESSAGE][PASSED] - Text 'Suite 500' is set on object 'Object Repository/AdminSuiteBootstrap_Pages/VT_Bootstrap/SaleKeyboard/input__address2'

2022-03-31 23:28:07 - [MESSAGE][PASSED] - Text '22201' is set on object 'Object Repository/AdminSuiteBootstrap_Pages/VT_Bootstrap/SaleKeyboard/input__zip'

2022-03-31 23:28:07 - [MESSAGE][PASSED] - Text '' is set on object 'Object Repository/AdminSuiteBootstrap_Pages/VT_Bootstrap/SaleKeyboard/input_emailAddress'

2022-03-31 23:28:09 - [MESSAGE][PASSED] - Text '' is set on object 'Object Repository/AdminSuiteBootstrap_Pages/VT_Bootstrap/SaleKeyboard/input_smsNumber'

2022-03-31 23:28:09 - [MESSAGE][PASSED] - Text '10.50' is set on object 'Object Repository/AdminSuiteBootstrap_Pages/VT_Bootstrap/SaleKeyboard/input_amount'

2022-03-31 23:28:10 - [MESSAGE][PASSED] - Text 'Australia' is set on object 'Object Repository/AdminSuiteBootstrap_Pages/VT_Bootstrap/SaleKeyboard/input_userDefined1'

2022-03-31 23:28:11 - [MESSAGE][PASSED] - Text 'Denmark' is set on object 'Object Repository/AdminSuiteBootstrap_Pages/VT_Bootstrap/SaleKeyboard/input_userDefined2'

2022-03-31 23:28:11 - [MESSAGE][PASSED] - Text 'Sweden' is set on object 'Object Repository/AdminSuiteBootstrap_Pages/VT_Bootstrap/SaleKeyboard/input_userDefined3'

2022-03-31 23:28:12 - [MESSAGE][PASSED] - Text 'Austria' is set on object 'Object Repository/AdminSuiteBootstrap_Pages/VT_Bootstrap/SaleKeyboard/input_userDefined4'

2022-03-31 23:28:13 - [MESSAGE][PASSED] - All options with label 'Orange' are selected in object 'Object Repository/AdminSuiteBootstrap_Pages/VT_Bootstrap/SaleKeyboard/select_UDF5_DropDown'  using regular expression

2022-03-31 23:28:14 - [MESSAGE][PASSED] - All options with label 'Yellow' are selected in object 'Object Repository/AdminSuiteBootstrap_Pages/VT_Bootstrap/SaleKeyboard/select_UDF6_DropDown'  using regular expression

2022-03-31 23:28:15 - [MESSAGE][PASSED] - Text 'Norway' is set on object 'Object Repository/AdminSuiteBootstrap_Pages/VT_Bootstrap/SaleKeyboard/input_userDefined7'

2022-03-31 23:28:16 - [MESSAGE][PASSED] - Text 'Netherlands' is set on object 'Object Repository/AdminSuiteBootstrap_Pages/VT_Bootstrap/SaleKeyboard/input_userDefined8'

2022-03-31 23:28:16 - [MESSAGE][PASSED] - Text 'Switzerland' is set on object 'Object Repository/AdminSuiteBootstrap_Pages/VT_Bootstrap/SaleKeyboard/input_userDefined9'

2022-03-31 23:28:17 - [MESSAGE][PASSED] - Text 'France' is set on object 'Object Repository/AdminSuiteBootstrap_Pages/VT_Bootstrap/SaleKeyboard/input_userDefined10'

2022-03-31 23:28:19 - [MESSAGE][PASSED] - Object: 'Object Repository/AdminSuiteBootstrap_Pages/VT_Bootstrap/SaleKeyboard/button_Submit' is clicked on

2022-03-31 23:28:19 - [MESSAGE][PASSED] - adminSuiteBootstrap.virtualTerminalSetData.saleKeyboard_DataDriven is PASSED

2022-03-31 23:28:19 - [TEST_STEP][PASSED] - verifyTextPresent("Transaction Successful", true): Text 'Transaction Successful' is present on page  using regular expression

2022-03-31 23:28:19 - [MESSAGE][PASSED] - Text 'Transaction Successful' is present on page  using regular expression

2022-03-31 23:28:19 - [TEST_STEP][PASSED] - verifyElementVisible(findTestObject("Object Repository/AdminSuiteBootstrap_Pages/VT_Bootstrap/Receipt/button_Continue")): Object 'Object Repository/AdminSuiteBootstrap_Pages/VT_Bootstrap/Receipt/button_Continue' is visible

2022-03-31 23:28:19 - [MESSAGE][PASSED] - Object 'Object Repository/AdminSuiteBootstrap_Pages/VT_Bootstrap/Receipt/button_Continue' is visible

2022-03-31 23:28:19 - [TEST_STEP][PASSED] - verifyElementPresent(findTestObject("Object Repository/AdminSuiteBootstrap_Pages/VT_Bootstrap/Receipt/button_Continue"), 20): Object 'Object Repository/AdminSuiteBootstrap_Pages/VT_Bootstrap/Receipt/button_Continue' is present

2022-03-31 23:28:20 - [MESSAGE][PASSED] - Object 'Object Repository/AdminSuiteBootstrap_Pages/VT_Bootstrap/Receipt/button_Continue' is present

2022-03-31 23:28:20 - [TEST_STEP][PASSED] - verifyElementVisible(findTestObject("Object Repository/AdminSuiteBootstrap_Pages/VT_Bootstrap/Receipt/button_Print")): Object 'Object Repository/AdminSuiteBootstrap_Pages/VT_Bootstrap/Receipt/button_Print' is visible

2022-03-31 23:28:20 - [MESSAGE][PASSED] - Object 'Object Repository/AdminSuiteBootstrap_Pages/VT_Bootstrap/Receipt/button_Print' is visible

2022-03-31 23:28:20 - [TEST_STEP][PASSED] - verifyElementPresent(findTestObject("Object Repository/AdminSuiteBootstrap_Pages/VT_Bootstrap/Receipt/button_Print"), 20): Object 'Object Repository/AdminSuiteBootstrap_Pages/VT_Bootstrap/Receipt/button_Print' is present

2022-03-31 23:28:20 - [MESSAGE][PASSED] - Object 'Object Repository/AdminSuiteBootstrap_Pages/VT_Bootstrap/Receipt/button_Print' is present

2022-03-31 23:28:20 - [TEST_STEP][PASSED] - verifyTextPresent("Remittance ID", true): Text 'Remittance ID' is present on page  using regular expression

2022-03-31 23:28:21 - [MESSAGE][PASSED] - Text 'Remittance ID' is present on page  using regular expression

2022-03-31 23:28:21 - [TEST_STEP][PASSED] - verifyTextPresent("Received", true): Text 'Received' is present on page  using regular expression

2022-03-31 23:28:21 - [MESSAGE][PASSED] - Text 'Received' is present on page  using regular expression

2022-03-31 23:28:21 - [TEST_STEP][PASSED] - verifyTextPresent("UDF1", true): Text 'UDF1' is present on page  using regular expression

2022-03-31 23:28:21 - [MESSAGE][PASSED] - Text 'UDF1' is present on page  using regular expression

2022-03-31 23:28:21 - [TEST_STEP][PASSED] - verifyTextPresent("UDF2", true): Text 'UDF2' is present on page  using regular expression

2022-03-31 23:28:22 - [MESSAGE][PASSED] - Text 'UDF2' is present on page  using regular expression

2022-03-31 23:28:22 - [TEST_STEP][PASSED] - verifyTextPresent("UDF3", true): Text 'UDF3' is present on page  using regular expression

2022-03-31 23:28:22 - [MESSAGE][PASSED] - Text 'UDF3' is present on page  using regular expression

2022-03-31 23:28:22 - [TEST_STEP][PASSED] - verifyTextPresent("UDF4", true): Text 'UDF4' is present on page  using regular expression

2022-03-31 23:28:22 - [MESSAGE][PASSED] - Text 'UDF4' is present on page  using regular expression

2022-03-31 23:28:22 - [TEST_STEP][PASSED] - verifyTextPresent("UDF5", true): Text 'UDF5' is present on page  using regular expression

2022-03-31 23:28:23 - [MESSAGE][PASSED] - Text 'UDF5' is present on page  using regular expression

2022-03-31 23:28:23 - [TEST_STEP][PASSED] - verifyTextPresent("UDF6", true): Text 'UDF6' is present on page  using regular expression

2022-03-31 23:28:23 - [MESSAGE][PASSED] - Text 'UDF6' is present on page  using regular expression

2022-03-31 23:28:23 - [TEST_STEP][PASSED] - verifyTextPresent("UDF7", true): Text 'UDF7' is present on page  using regular expression

2022-03-31 23:28:23 - [MESSAGE][PASSED] - Text 'UDF7' is present on page  using regular expression

2022-03-31 23:28:23 - [TEST_STEP][PASSED] - verifyTextPresent("UDF8", true): Text 'UDF8' is present on page  using regular expression

2022-03-31 23:28:24 - [MESSAGE][PASSED] - Text 'UDF8' is present on page  using regular expression

2022-03-31 23:28:24 - [TEST_STEP][PASSED] - verifyTextPresent("UDF9", true): Text 'UDF9' is present on page  using regular expression

2022-03-31 23:28:24 - [MESSAGE][PASSED] - Text 'UDF9' is present on page  using regular expression

2022-03-31 23:28:24 - [TEST_STEP][PASSED] - verifyTextPresent("UDF 10", true): Text 'UDF 10' is present on page  using regular expression

2022-03-31 23:28:24 - [MESSAGE][PASSED] - Text 'UDF 10' is present on page  using regular expression

2022-03-31 23:28:24 - [TEST_STEP][PASSED] - verifyTextPresent("Australia", true): Text 'Australia' is present on page  using regular expression

2022-03-31 23:28:25 - [MESSAGE][PASSED] - Text 'Australia' is present on page  using regular expression

2022-03-31 23:28:25 - [TEST_STEP][PASSED] - verifyTextPresent("Denmark", true): Text 'Denmark' is present on page  using regular expression

2022-03-31 23:28:25 - [MESSAGE][PASSED] - Text 'Denmark' is present on page  using regular expression

2022-03-31 23:28:25 - [TEST_STEP][PASSED] - verifyTextPresent("Sweden", true): Text 'Sweden' is present on page  using regular expression

2022-03-31 23:28:25 - [MESSAGE][PASSED] - Text 'Sweden' is present on page  using regular expression

2022-03-31 23:28:25 - [TEST_STEP][PASSED] - verifyTextPresent("Austria", true): Text 'Austria' is present on page  using regular expression

2022-03-31 23:28:26 - [MESSAGE][PASSED] - Text 'Austria' is present on page  using regular expression

2022-03-31 23:28:26 - [TEST_STEP][PASSED] - verifyTextPresent("Orange Recorded", true): Text 'Orange Recorded' is present on page  using regular expression

2022-03-31 23:28:26 - [MESSAGE][PASSED] - Text 'Orange Recorded' is present on page  using regular expression

2022-03-31 23:28:26 - [TEST_STEP][PASSED] - verifyTextPresent("Yellow Recorded", true): Text 'Yellow Recorded' is present on page  using regular expression

2022-03-31 23:28:26 - [MESSAGE][PASSED] - Text 'Yellow Recorded' is present on page  using regular expression

2022-03-31 23:28:26 - [TEST_STEP][PASSED] - verifyTextPresent("Norway", true): Text 'Norway' is present on page  using regular expression

2022-03-31 23:28:27 - [MESSAGE][PASSED] - Text 'Norway' is present on page  using regular expression

2022-03-31 23:28:27 - [TEST_STEP][PASSED] - verifyTextPresent("Netherlands", true): Text 'Netherlands' is present on page  using regular expression

2022-03-31 23:28:27 - [MESSAGE][PASSED] - Text 'Netherlands' is present on page  using regular expression

2022-03-31 23:28:27 - [TEST_STEP][PASSED] - verifyTextPresent("Switzerland", true): Text 'Switzerland' is present on page  using regular expression

2022-03-31 23:28:27 - [MESSAGE][PASSED] - Text 'Switzerland' is present on page  using regular expression

2022-03-31 23:28:27 - [TEST_STEP][PASSED] - verifyTextPresent("France", true): Text 'France' is present on page  using regular expression

2022-03-31 23:28:28 - [MESSAGE][PASSED] - Text 'France' is present on page  using regular expression

2022-03-31 23:28:28 - [TEST_STEP][PASSED] - verifyTextPresent("Amount", true): Text 'Amount' is present on page  using regular expression

2022-03-31 23:28:28 - [MESSAGE][PASSED] - Text 'Amount' is present on page  using regular expression

2022-03-31 23:28:28 - [TEST_STEP][PASSED] - verifyTextPresent("Total Amount", true): Text 'Total Amount' is present on page  using regular expression

2022-03-31 23:28:28 - [MESSAGE][PASSED] - Text 'Total Amount' is present on page  using regular expression

2022-03-31 23:28:28 - [TEST_STEP][PASSED] - verifyTextPresent("Transaction Type", true): Text 'Transaction Type' is present on page  using regular expression

2022-03-31 23:28:29 - [MESSAGE][PASSED] - Text 'Transaction Type' is present on page  using regular expression

2022-03-31 23:28:29 - [TEST_STEP][PASSED] - verifyTextPresent("10.50", true): Text '10.50' is present on page  using regular expression

2022-03-31 23:28:29 - [MESSAGE][PASSED] - Text '10.50' is present on page  using regular expression

2022-03-31 23:28:29 - [TEST_STEP][PASSED] - verifyTextPresent("Authorization", true): Text 'Authorization' is present on page  using regular expression

2022-03-31 23:28:29 - [MESSAGE][PASSED] - Text 'Authorization' is present on page  using regular expression

2022-03-31 23:28:29 - [TEST_STEP][PASSED] - verifyTextPresent("Card Information", true): Text 'Card Information' is present on page  using regular expression

2022-03-31 23:28:30 - [MESSAGE][PASSED] - Text 'Card Information' is present on page  using regular expression

2022-03-31 23:28:30 - [TEST_STEP][PASSED] - cardNameV = findTestData(dataFile).getValue("CardNameV", row): null

2022-03-31 23:28:30 - [TEST_STEP][PASSED] - al1V = findTestData(dataFile).getValue("AL1", row): null

2022-03-31 23:28:30 - [TEST_STEP][PASSED] - al2V = findTestData(dataFile).getValue("AL2", row): null

2022-03-31 23:28:30 - [TEST_STEP][PASSED] - zipV = findTestData(dataFile).getValue("ZIP", row): null

2022-03-31 23:28:30 - [TEST_STEP][PASSED] - cardTypeV = findTestData(dataFile).getValue("CardType", row): null

2022-03-31 23:28:30 - [TEST_STEP][PASSED] - last4V = findTestData(dataFile).getValue("Last4", row): null

2022-03-31 23:28:30 - [TEST_STEP][PASSED] - verifyTextPresent(cardNameV, true): Text 'TULSI RAMAN' is present on page  using regular expression

2022-03-31 23:28:31 - [MESSAGE][PASSED] - Text 'TULSI RAMAN' is present on page  using regular expression

2022-03-31 23:28:31 - [TEST_STEP][PASSED] - verifyTextPresent("Address Line 1", true): Text 'Address Line 1' is present on page  using regular expression

2022-03-31 23:28:31 - [MESSAGE][PASSED] - Text 'Address Line 1' is present on page  using regular expression

2022-03-31 23:28:31 - [TEST_STEP][PASSED] - verifyTextPresent("Address Line 2", true): Text 'Address Line 2' is present on page  using regular expression

2022-03-31 23:28:31 - [MESSAGE][PASSED] - Text 'Address Line 2' is present on page  using regular expression

2022-03-31 23:28:31 - [TEST_STEP][PASSED] - verifyTextPresent("Country", true): Text 'Country' is present on page  using regular expression

2022-03-31 23:28:32 - [MESSAGE][PASSED] - Text 'Country' is present on page  using regular expression

2022-03-31 23:28:32 - [TEST_STEP][PASSED] - verifyTextPresent("City", true): Text 'City' is present on page  using regular expression

2022-03-31 23:28:32 - [MESSAGE][PASSED] - Text 'City' is present on page  using regular expression

2022-03-31 23:28:32 - [TEST_STEP][PASSED] - verifyTextPresent("State", true): Text 'State' is present on page  using regular expression

2022-03-31 23:28:32 - [MESSAGE][PASSED] - Text 'State' is present on page  using regular expression

2022-03-31 23:28:32 - [TEST_STEP][PASSED] - verifyTextPresent("ZIP Code", true): Text 'ZIP Code' is present on page  using regular expression

2022-03-31 23:28:33 - [MESSAGE][PASSED] - Text 'ZIP Code' is present on page  using regular expression

2022-03-31 23:28:33 - [TEST_STEP][PASSED] - verifyTextPresent(al1V, true): Text '1478 Jhatka Palace' is present on page  using regular expression

2022-03-31 23:28:33 - [MESSAGE][PASSED] - Text '1478 Jhatka Palace' is present on page  using regular expression

2022-03-31 23:28:33 - [TEST_STEP][PASSED] - verifyTextPresent(al2V, true): Text 'Suite 500' is present on page  using regular expression

2022-03-31 23:28:33 - [MESSAGE][PASSED] - Text 'Suite 500' is present on page  using regular expression

2022-03-31 23:28:33 - [TEST_STEP][PASSED] - verifyTextPresent("United States", true): Text 'United States' is present on page  using regular expression

2022-03-31 23:28:34 - [MESSAGE][PASSED] - Text 'United States' is present on page  using regular expression

2022-03-31 23:28:34 - [TEST_STEP][PASSED] - verifyTextPresent("ARLINGTON", true): Text 'ARLINGTON' is present on page  using regular expression

2022-03-31 23:28:34 - [MESSAGE][PASSED] - Text 'ARLINGTON' is present on page  using regular expression

2022-03-31 23:28:34 - [TEST_STEP][PASSED] - verifyTextPresent("Virginia", true): Text 'Virginia' is present on page  using regular expression

2022-03-31 23:28:34 - [MESSAGE][PASSED] - Text 'Virginia' is present on page  using regular expression

2022-03-31 23:28:34 - [TEST_STEP][PASSED] - verifyTextPresent(zipV, true): Text '22201' is present on page  using regular expression

2022-03-31 23:28:35 - [MESSAGE][PASSED] - Text '22201' is present on page  using regular expression

2022-03-31 23:28:35 - [TEST_STEP][PASSED] - verifyTextPresent(cardTypeV, true): Text 'MasterCard' is present on page  using regular expression

2022-03-31 23:28:35 - [MESSAGE][PASSED] - Text 'MasterCard' is present on page  using regular expression

2022-03-31 23:28:35 - [TEST_STEP][PASSED] - verifyTextPresent(last4V, true): Text '0035' is present on page  using regular expression

2022-03-31 23:28:35 - [MESSAGE][PASSED] - Text '0035' is present on page  using regular expression

2022-03-31 23:28:35 - [TEST_STEP][PASSED] - closeBrowser(): Browser is closed

2022-03-31 23:28:36 - [MESSAGE][PASSED] - Browser is closed

2022-03-31 23:28:36 - [TEST_STEP][PASSED] - ExecuteTC = findTestData(dataFile).getValue("Execute", row): null

2022-03-31 23:28:36 - [TEST_STEP][PASSED] - out.println("Value of Execute is : " + ExecuteTC): null

2022-03-31 23:28:36 - [TEST_STEP][PASSED] - switch (executionProfile): null

2022-03-31 23:28:36 - [TEST_STEP][PASSED] - case "QAProfile":: null

2022-03-31 23:28:36 - [TEST_STEP][PASSED] - appName = findTestData(dataFile).getValue("AppNameQA", row): null

2022-03-31 23:28:36 - [TEST_STEP][PASSED] - appID = findTestData(dataFile).getValue("AppIDQA", row): null

2022-03-31 23:28:36 - [TEST_STEP][PASSED] - break: null

2022-03-31 23:28:36 - [TEST_STEP][PASSED] - hrefAppID = li_1 + appID + li_2: null

2022-03-31 23:28:36 - [TEST_STEP][PASSED] - hrefApp = li_1 + appID + "/": null

2022-03-31 23:28:36 - [TEST_STEP][PASSED] - println("hrefApp : " + hrefApp): null

2022-03-31 23:28:36 - [TEST_STEP][PASSED] - if (ExecuteTC.equalsIgnoreCase("Y")): Browser is closed

2022-03-31 23:28:36 - [TEST_STEP][PASSED] - out.println("Begin Record Number: " + row): null

2022-03-31 23:28:36 - [TEST_STEP][PASSED] - today = new java.util.Date(): null

2022-03-31 23:28:36 - [TEST_STEP][PASSED] - println(today): null

2022-03-31 23:28:36 - [TEST_STEP][PASSED] - datText = today: null

2022-03-31 23:28:36 - [TEST_STEP][PASSED] - adminSuiteBootstrap.loginFunctionality.login_AdminSuite(): adminSuiteBootstrap.loginFunctionality.login_AdminSuite is PASSED

2022-03-31 23:28:36 - [MESSAGE][INFO] - Starting 'Chrome' driver

2022-03-31 23:28:36 - [MESSAGE][INFO] - User set preference: ['acceptInsecureCerts', 'true']

2022-03-31 23:28:36 - [MESSAGE][INFO] - Action delay is set to 0 milliseconds

2022-03-31 23:28:39 - [MESSAGE][PASSED] - Browser is opened with url: 'https://qa.velocitypayment.com/admin/imtiaz'

2022-03-31 23:28:40 - [MESSAGE][PASSED] - Current window maximized

2022-03-31 23:28:40 - [MESSAGE][PASSED] - Object 'Object Repository/Login_Page/Login_Username' is present

2022-03-31 23:28:41 - [MESSAGE][PASSED] - Text 'iahmed' is set on object 'Object Repository/Login_Page/Login_Username'

2022-03-31 23:28:41 - [MESSAGE][PASSED] - Text 'hello2222' is set on object 'Object Repository/Login_Page/Login_Password'

2022-03-31 23:28:45 - [MESSAGE][PASSED] - Object: 'Object Repository/Login_Page/Login_Submit' is clicked on

2022-03-31 23:28:45 - [MESSAGE][PASSED] - adminSuiteBootstrap.loginFunctionality.login_AdminSuite is PASSED

2022-03-31 23:28:45 - [TEST_STEP][PASSED] - click(findTestObject(path_Dashboard + appName)): Object: 'Object Repository/AdminSuiteBootstrap_Pages/Dashboard_Bootstrap/a_Access AutoNoCFtp' is clicked on

2022-03-31 23:28:46 - [MESSAGE][PASSED] - Object: 'Object Repository/AdminSuiteBootstrap_Pages/Dashboard_Bootstrap/a_Access AutoNoCFtp' is clicked on

2022-03-31 23:28:46 - [TEST_STEP][PASSED] - click(findTestObject(path_VT + "button_Authorization Only")): Object: 'Object Repository/AdminSuiteBootstrap_Pages/VT_Bootstrap/IssueTransactions/button_Authorization Only' is clicked on

2022-03-31 23:28:46 - [MESSAGE][PASSED] - Object: 'Object Repository/AdminSuiteBootstrap_Pages/VT_Bootstrap/IssueTransactions/button_Authorization Only' is clicked on

2022-03-31 23:28:46 - [TEST_STEP][PASSED] - authOnlyKeyboardEntryLink = modifyObjectProperty(findTestObject(path_VT + "a_KeyboardEntry_Sale"), "href", "equals", hrefAppID, true): Modify property of object successfully

2022-03-31 23:28:46 - [MESSAGE][PASSED] - Modify property of object successfully

2022-03-31 23:28:46 - [TEST_STEP][PASSED] - click(authOnlyKeyboardEntryLink): Object: 'Object Repository/AdminSuiteBootstrap_Pages/VT_Bootstrap/IssueTransactions/a_KeyboardEntry_Sale' is clicked on

2022-03-31 23:28:47 - [MESSAGE][PASSED] - Object: 'Object Repository/AdminSuiteBootstrap_Pages/VT_Bootstrap/IssueTransactions/a_KeyboardEntry_Sale' is clicked on

2022-03-31 23:28:47 - [TEST_STEP][PASSED] - adminSuiteBootstrap.virtualTerminalSetData.saleKeyboard_DataDriven(row, dataFile): adminSuiteBootstrap.virtualTerminalSetData.saleKeyboard_DataDriven is PASSED

2022-03-31 23:28:50 - [MESSAGE][PASSED] - Text 'Tulsi Raman' is set on object 'Object Repository/AdminSuiteBootstrap_Pages/VT_Bootstrap/SaleKeyboard/input_cardName'

2022-03-31 23:28:51 - [MESSAGE][PASSED] - All options with value 'RETL' are selected in object 'Object Repository/AdminSuiteBootstrap_Pages/VT_Bootstrap/SaleKeyboard/select_transactionCategory'  using regular expression

2022-03-31 23:28:52 - [MESSAGE][PASSED] - Execute JavaScript 'arguments[0].value ='371449635392376' ' successfully

2022-03-31 23:28:52 - [MESSAGE][PASSED] - Execute JavaScript 'arguments[0].value ='123' ' successfully

2022-03-31 23:28:53 - [MESSAGE][PASSED] - All options with value '12' are selected in object 'Object Repository/AdminSuiteBootstrap_Pages/VT_Bootstrap/SaleKeyboard/select_MM'  using regular expression

2022-03-31 23:28:55 - [MESSAGE][PASSED] - All options with value '2025' are selected in object 'Object Repository/AdminSuiteBootstrap_Pages/VT_Bootstrap/SaleKeyboard/select_YYYY'  using regular expression

2022-03-31 23:28:55 - [MESSAGE][PASSED] - Text '550 Swan Lake' is set on object 'Object Repository/AdminSuiteBootstrap_Pages/VT_Bootstrap/SaleKeyboard/input__address'

2022-03-31 23:28:56 - [MESSAGE][PASSED] - Text 'Suite 500' is set on object 'Object Repository/AdminSuiteBootstrap_Pages/VT_Bootstrap/SaleKeyboard/input__address2'

2022-03-31 23:28:57 - [MESSAGE][PASSED] - Text '22201' is set on object 'Object Repository/AdminSuiteBootstrap_Pages/VT_Bootstrap/SaleKeyboard/input__zip'

2022-03-31 23:28:57 - [MESSAGE][PASSED] - Text '' is set on object 'Object Repository/AdminSuiteBootstrap_Pages/VT_Bootstrap/SaleKeyboard/input_emailAddress'

2022-03-31 23:28:59 - [MESSAGE][PASSED] - Text '' is set on object 'Object Repository/AdminSuiteBootstrap_Pages/VT_Bootstrap/SaleKeyboard/input_smsNumber'

2022-03-31 23:29:00 - [MESSAGE][PASSED] - Text '10.50' is set on object 'Object Repository/AdminSuiteBootstrap_Pages/VT_Bootstrap/SaleKeyboard/input_amount'

2022-03-31 23:29:00 - [MESSAGE][PASSED] - Text 'Australia' is set on object 'Object Repository/AdminSuiteBootstrap_Pages/VT_Bootstrap/SaleKeyboard/input_userDefined1'

2022-03-31 23:29:01 - [MESSAGE][PASSED] - Text 'Denmark' is set on object 'Object Repository/AdminSuiteBootstrap_Pages/VT_Bootstrap/SaleKeyboard/input_userDefined2'

2022-03-31 23:29:02 - [MESSAGE][PASSED] - Text 'Sweden' is set on object 'Object Repository/AdminSuiteBootstrap_Pages/VT_Bootstrap/SaleKeyboard/input_userDefined3'

2022-03-31 23:29:02 - [MESSAGE][PASSED] - Text 'Austria' is set on object 'Object Repository/AdminSuiteBootstrap_Pages/VT_Bootstrap/SaleKeyboard/input_userDefined4'

2022-03-31 23:29:03 - [MESSAGE][PASSED] - All options with label 'Orange' are selected in object 'Object Repository/AdminSuiteBootstrap_Pages/VT_Bootstrap/SaleKeyboard/select_UDF5_DropDown'  using regular expression

2022-03-31 23:29:04 - [MESSAGE][PASSED] - All options with label 'Yellow' are selected in object 'Object Repository/AdminSuiteBootstrap_Pages/VT_Bootstrap/SaleKeyboard/select_UDF6_DropDown'  using regular expression

2022-03-31 23:29:05 - [MESSAGE][PASSED] - Text 'Norway' is set on object 'Object Repository/AdminSuiteBootstrap_Pages/VT_Bootstrap/SaleKeyboard/input_userDefined7'

2022-03-31 23:29:06 - [MESSAGE][PASSED] - Text 'Netherlands' is set on object 'Object Repository/AdminSuiteBootstrap_Pages/VT_Bootstrap/SaleKeyboard/input_userDefined8'

2022-03-31 23:29:07 - [MESSAGE][PASSED] - Text 'Switzerland' is set on object 'Object Repository/AdminSuiteBootstrap_Pages/VT_Bootstrap/SaleKeyboard/input_userDefined9'

2022-03-31 23:29:07 - [MESSAGE][PASSED] - Text 'France' is set on object 'Object Repository/AdminSuiteBootstrap_Pages/VT_Bootstrap/SaleKeyboard/input_userDefined10'

2022-03-31 23:29:09 - [MESSAGE][PASSED] - Object: 'Object Repository/AdminSuiteBootstrap_Pages/VT_Bootstrap/SaleKeyboard/button_Submit' is clicked on

2022-03-31 23:29:09 - [MESSAGE][PASSED] - adminSuiteBootstrap.virtualTerminalSetData.saleKeyboard_DataDriven is PASSED

2022-03-31 23:29:09 - [TEST_STEP][PASSED] - verifyTextPresent("Transaction Successful", true): Text 'Transaction Successful' is present on page  using regular expression

2022-03-31 23:29:09 - [MESSAGE][PASSED] - Text 'Transaction Successful' is present on page  using regular expression

2022-03-31 23:29:09 - [TEST_STEP][PASSED] - verifyElementVisible(findTestObject("Object Repository/AdminSuiteBootstrap_Pages/VT_Bootstrap/Receipt/button_Continue")): Object 'Object Repository/AdminSuiteBootstrap_Pages/VT_Bootstrap/Receipt/button_Continue' is visible

2022-03-31 23:29:10 - [MESSAGE][PASSED] - Object 'Object Repository/AdminSuiteBootstrap_Pages/VT_Bootstrap/Receipt/button_Continue' is visible

2022-03-31 23:29:10 - [TEST_STEP][PASSED] - verifyElementPresent(findTestObject("Object Repository/AdminSuiteBootstrap_Pages/VT_Bootstrap/Receipt/button_Continue"), 20): Object 'Object Repository/AdminSuiteBootstrap_Pages/VT_Bootstrap/Receipt/button_Continue' is present

2022-03-31 23:29:10 - [MESSAGE][PASSED] - Object 'Object Repository/AdminSuiteBootstrap_Pages/VT_Bootstrap/Receipt/button_Continue' is present

2022-03-31 23:29:10 - [TEST_STEP][PASSED] - verifyElementVisible(findTestObject("Object Repository/AdminSuiteBootstrap_Pages/VT_Bootstrap/Receipt/button_Print")): Object 'Object Repository/AdminSuiteBootstrap_Pages/VT_Bootstrap/Receipt/button_Print' is visible

2022-03-31 23:29:11 - [MESSAGE][PASSED] - Object 'Object Repository/AdminSuiteBootstrap_Pages/VT_Bootstrap/Receipt/button_Print' is visible

2022-03-31 23:29:11 - [TEST_STEP][PASSED] - verifyElementPresent(findTestObject("Object Repository/AdminSuiteBootstrap_Pages/VT_Bootstrap/Receipt/button_Print"), 20): Object 'Object Repository/AdminSuiteBootstrap_Pages/VT_Bootstrap/Receipt/button_Print' is present

2022-03-31 23:29:11 - [MESSAGE][PASSED] - Object 'Object Repository/AdminSuiteBootstrap_Pages/VT_Bootstrap/Receipt/button_Print' is present

2022-03-31 23:29:11 - [TEST_STEP][PASSED] - verifyTextPresent("Remittance ID", true): Text 'Remittance ID' is present on page  using regular expression

2022-03-31 23:29:11 - [MESSAGE][PASSED] - Text 'Remittance ID' is present on page  using regular expression

2022-03-31 23:29:11 - [TEST_STEP][PASSED] - verifyTextPresent("Received", true): Text 'Received' is present on page  using regular expression

2022-03-31 23:29:12 - [MESSAGE][PASSED] - Text 'Received' is present on page  using regular expression

2022-03-31 23:29:12 - [TEST_STEP][PASSED] - verifyTextPresent("UDF1", true): Text 'UDF1' is present on page  using regular expression

2022-03-31 23:29:12 - [MESSAGE][PASSED] - Text 'UDF1' is present on page  using regular expression

2022-03-31 23:29:12 - [TEST_STEP][PASSED] - verifyTextPresent("UDF2", true): Text 'UDF2' is present on page  using regular expression

2022-03-31 23:29:12 - [MESSAGE][PASSED] - Text 'UDF2' is present on page  using regular expression

2022-03-31 23:29:12 - [TEST_STEP][PASSED] - verifyTextPresent("UDF3", true): Text 'UDF3' is present on page  using regular expression

2022-03-31 23:29:13 - [MESSAGE][PASSED] - Text 'UDF3' is present on page  using regular expression

2022-03-31 23:29:13 - [TEST_STEP][PASSED] - verifyTextPresent("UDF4", true): Text 'UDF4' is present on page  using regular expression

2022-03-31 23:29:13 - [MESSAGE][PASSED] - Text 'UDF4' is present on page  using regular expression

2022-03-31 23:29:13 - [TEST_STEP][PASSED] - verifyTextPresent("UDF5", true): Text 'UDF5' is present on page  using regular expression

2022-03-31 23:29:13 - [MESSAGE][PASSED] - Text 'UDF5' is present on page  using regular expression

2022-03-31 23:29:13 - [TEST_STEP][PASSED] - verifyTextPresent("UDF6", true): Text 'UDF6' is present on page  using regular expression

2022-03-31 23:29:14 - [MESSAGE][PASSED] - Text 'UDF6' is present on page  using regular expression

2022-03-31 23:29:14 - [TEST_STEP][PASSED] - verifyTextPresent("UDF7", true): Text 'UDF7' is present on page  using regular expression

2022-03-31 23:29:14 - [MESSAGE][PASSED] - Text 'UDF7' is present on page  using regular expression

2022-03-31 23:29:14 - [TEST_STEP][PASSED] - verifyTextPresent("UDF8", true): Text 'UDF8' is present on page  using regular expression

2022-03-31 23:29:14 - [MESSAGE][PASSED] - Text 'UDF8' is present on page  using regular expression

2022-03-31 23:29:14 - [TEST_STEP][PASSED] - verifyTextPresent("UDF9", true): Text 'UDF9' is present on page  using regular expression

2022-03-31 23:29:15 - [MESSAGE][PASSED] - Text 'UDF9' is present on page  using regular expression

2022-03-31 23:29:15 - [TEST_STEP][PASSED] - verifyTextPresent("UDF 10", true): Text 'UDF 10' is present on page  using regular expression

2022-03-31 23:29:15 - [MESSAGE][PASSED] - Text 'UDF 10' is present on page  using regular expression

2022-03-31 23:29:15 - [TEST_STEP][PASSED] - verifyTextPresent("Australia", true): Text 'Australia' is present on page  using regular expression

2022-03-31 23:29:15 - [MESSAGE][PASSED] - Text 'Australia' is present on page  using regular expression

2022-03-31 23:29:15 - [TEST_STEP][PASSED] - verifyTextPresent("Denmark", true): Text 'Denmark' is present on page  using regular expression

2022-03-31 23:29:16 - [MESSAGE][PASSED] - Text 'Denmark' is present on page  using regular expression

2022-03-31 23:29:16 - [TEST_STEP][PASSED] - verifyTextPresent("Sweden", true): Text 'Sweden' is present on page  using regular expression

2022-03-31 23:29:16 - [MESSAGE][PASSED] - Text 'Sweden' is present on page  using regular expression

2022-03-31 23:29:16 - [TEST_STEP][PASSED] - verifyTextPresent("Austria", true): Text 'Austria' is present on page  using regular expression

2022-03-31 23:29:16 - [MESSAGE][PASSED] - Text 'Austria' is present on page  using regular expression

2022-03-31 23:29:16 - [TEST_STEP][PASSED] - verifyTextPresent("Orange Recorded", true): Text 'Orange Recorded' is present on page  using regular expression

2022-03-31 23:29:17 - [MESSAGE][PASSED] - Text 'Orange Recorded' is present on page  using regular expression

2022-03-31 23:29:17 - [TEST_STEP][PASSED] - verifyTextPresent("Yellow Recorded", true): Text 'Yellow Recorded' is present on page  using regular expression

2022-03-31 23:29:17 - [MESSAGE][PASSED] - Text 'Yellow Recorded' is present on page  using regular expression

2022-03-31 23:29:17 - [TEST_STEP][PASSED] - verifyTextPresent("Norway", true): Text 'Norway' is present on page  using regular expression

2022-03-31 23:29:17 - [MESSAGE][PASSED] - Text 'Norway' is present on page  using regular expression

2022-03-31 23:29:17 - [TEST_STEP][PASSED] - verifyTextPresent("Netherlands", true): Text 'Netherlands' is present on page  using regular expression

2022-03-31 23:29:18 - [MESSAGE][PASSED] - Text 'Netherlands' is present on page  using regular expression

2022-03-31 23:29:18 - [TEST_STEP][PASSED] - verifyTextPresent("Switzerland", true): Text 'Switzerland' is present on page  using regular expression

2022-03-31 23:29:18 - [MESSAGE][PASSED] - Text 'Switzerland' is present on page  using regular expression

2022-03-31 23:29:18 - [TEST_STEP][PASSED] - verifyTextPresent("France", true): Text 'France' is present on page  using regular expression

2022-03-31 23:29:18 - [MESSAGE][PASSED] - Text 'France' is present on page  using regular expression

2022-03-31 23:29:18 - [TEST_STEP][PASSED] - verifyTextPresent("Amount", true): Text 'Amount' is present on page  using regular expression

2022-03-31 23:29:19 - [MESSAGE][PASSED] - Text 'Amount' is present on page  using regular expression

2022-03-31 23:29:19 - [TEST_STEP][PASSED] - verifyTextPresent("Total Amount", true): Text 'Total Amount' is present on page  using regular expression

2022-03-31 23:29:19 - [MESSAGE][PASSED] - Text 'Total Amount' is present on page  using regular expression

2022-03-31 23:29:19 - [TEST_STEP][PASSED] - verifyTextPresent("Transaction Type", true): Text 'Transaction Type' is present on page  using regular expression

2022-03-31 23:29:19 - [MESSAGE][PASSED] - Text 'Transaction Type' is present on page  using regular expression

2022-03-31 23:29:19 - [TEST_STEP][PASSED] - verifyTextPresent("10.50", true): Text '10.50' is present on page  using regular expression

2022-03-31 23:29:20 - [MESSAGE][PASSED] - Text '10.50' is present on page  using regular expression

2022-03-31 23:29:20 - [TEST_STEP][PASSED] - verifyTextPresent("Authorization", true): Text 'Authorization' is present on page  using regular expression

2022-03-31 23:29:20 - [MESSAGE][PASSED] - Text 'Authorization' is present on page  using regular expression

2022-03-31 23:29:20 - [TEST_STEP][PASSED] - verifyTextPresent("Card Information", true): Text 'Card Information' is present on page  using regular expression

2022-03-31 23:29:20 - [MESSAGE][PASSED] - Text 'Card Information' is present on page  using regular expression

2022-03-31 23:29:20 - [TEST_STEP][PASSED] - cardNameV = findTestData(dataFile).getValue("CardNameV", row): null

2022-03-31 23:29:20 - [TEST_STEP][PASSED] - al1V = findTestData(dataFile).getValue("AL1", row): null

2022-03-31 23:29:20 - [TEST_STEP][PASSED] - al2V = findTestData(dataFile).getValue("AL2", row): null

2022-03-31 23:29:21 - [TEST_STEP][PASSED] - zipV = findTestData(dataFile).getValue("ZIP", row): null

2022-03-31 23:29:21 - [TEST_STEP][PASSED] - cardTypeV = findTestData(dataFile).getValue("CardType", row): null

2022-03-31 23:29:21 - [TEST_STEP][PASSED] - last4V = findTestData(dataFile).getValue("Last4", row): null

2022-03-31 23:29:21 - [TEST_STEP][PASSED] - verifyTextPresent(cardNameV, true): Text 'TULSI RAMAN' is present on page  using regular expression

2022-03-31 23:29:21 - [MESSAGE][PASSED] - Text 'TULSI RAMAN' is present on page  using regular expression

2022-03-31 23:29:21 - [TEST_STEP][PASSED] - verifyTextPresent("Address Line 1", true): Text 'Address Line 1' is present on page  using regular expression

2022-03-31 23:29:22 - [MESSAGE][PASSED] - Text 'Address Line 1' is present on page  using regular expression

2022-03-31 23:29:22 - [TEST_STEP][PASSED] - verifyTextPresent("Address Line 2", true): Text 'Address Line 2' is present on page  using regular expression

2022-03-31 23:29:22 - [MESSAGE][PASSED] - Text 'Address Line 2' is present on page  using regular expression

2022-03-31 23:29:22 - [TEST_STEP][PASSED] - verifyTextPresent("Country", true): Text 'Country' is present on page  using regular expression

2022-03-31 23:29:22 - [MESSAGE][PASSED] - Text 'Country' is present on page  using regular expression

2022-03-31 23:29:22 - [TEST_STEP][PASSED] - verifyTextPresent("City", true): Text 'City' is present on page  using regular expression

2022-03-31 23:29:23 - [MESSAGE][PASSED] - Text 'City' is present on page  using regular expression

2022-03-31 23:29:23 - [TEST_STEP][PASSED] - verifyTextPresent("State", true): Text 'State' is present on page  using regular expression

2022-03-31 23:29:23 - [MESSAGE][PASSED] - Text 'State' is present on page  using regular expression

2022-03-31 23:29:23 - [TEST_STEP][PASSED] - verifyTextPresent("ZIP Code", true): Text 'ZIP Code' is present on page  using regular expression

2022-03-31 23:29:23 - [MESSAGE][PASSED] - Text 'ZIP Code' is present on page  using regular expression

2022-03-31 23:29:23 - [TEST_STEP][PASSED] - verifyTextPresent(al1V, true): Text '550 Swan Lake' is present on page  using regular expression

2022-03-31 23:29:24 - [MESSAGE][PASSED] - Text '550 Swan Lake' is present on page  using regular expression

2022-03-31 23:29:24 - [TEST_STEP][PASSED] - verifyTextPresent(al2V, true): Text 'Suite 500' is present on page  using regular expression

2022-03-31 23:29:24 - [MESSAGE][PASSED] - Text 'Suite 500' is present on page  using regular expression

2022-03-31 23:29:24 - [TEST_STEP][PASSED] - verifyTextPresent("United States", true): Text 'United States' is present on page  using regular expression

2022-03-31 23:29:24 - [MESSAGE][PASSED] - Text 'United States' is present on page  using regular expression

2022-03-31 23:29:24 - [TEST_STEP][PASSED] - verifyTextPresent("ARLINGTON", true): Text 'ARLINGTON' is present on page  using regular expression

2022-03-31 23:29:25 - [MESSAGE][PASSED] - Text 'ARLINGTON' is present on page  using regular expression

2022-03-31 23:29:25 - [TEST_STEP][PASSED] - verifyTextPresent("Virginia", true): Text 'Virginia' is present on page  using regular expression

2022-03-31 23:29:25 - [MESSAGE][PASSED] - Text 'Virginia' is present on page  using regular expression

2022-03-31 23:29:25 - [TEST_STEP][PASSED] - verifyTextPresent(zipV, true): Text '22201' is present on page  using regular expression

2022-03-31 23:29:25 - [MESSAGE][PASSED] - Text '22201' is present on page  using regular expression

2022-03-31 23:29:25 - [TEST_STEP][PASSED] - verifyTextPresent(cardTypeV, true): Text 'American Express' is present on page  using regular expression

2022-03-31 23:29:26 - [MESSAGE][PASSED] - Text 'American Express' is present on page  using regular expression

2022-03-31 23:29:26 - [TEST_STEP][PASSED] - verifyTextPresent(last4V, true): Text '2376' is present on page  using regular expression

2022-03-31 23:29:26 - [MESSAGE][PASSED] - Text '2376' is present on page  using regular expression

2022-03-31 23:29:26 - [TEST_STEP][PASSED] - closeBrowser(): Browser is closed

2022-03-31 23:29:27 - [MESSAGE][PASSED] - Browser is closed

2022-03-31 23:29:27 - [TEST_STEP][PASSED] - ExecuteTC = findTestData(dataFile).getValue("Execute", row): null

2022-03-31 23:29:27 - [TEST_STEP][PASSED] - out.println("Value of Execute is : " + ExecuteTC): null

2022-03-31 23:29:27 - [TEST_STEP][PASSED] - switch (executionProfile): null

2022-03-31 23:29:27 - [TEST_STEP][PASSED] - case "QAProfile":: null

2022-03-31 23:29:27 - [TEST_STEP][PASSED] - appName = findTestData(dataFile).getValue("AppNameQA", row): null

2022-03-31 23:29:27 - [TEST_STEP][PASSED] - appID = findTestData(dataFile).getValue("AppIDQA", row): null

2022-03-31 23:29:27 - [TEST_STEP][PASSED] - break: null

2022-03-31 23:29:27 - [TEST_STEP][PASSED] - hrefAppID = li_1 + appID + li_2: null

2022-03-31 23:29:27 - [TEST_STEP][PASSED] - hrefApp = li_1 + appID + "/": null

2022-03-31 23:29:27 - [TEST_STEP][PASSED] - println("hrefApp : " + hrefApp): null

2022-03-31 23:29:27 - [TEST_STEP][PASSED] - if (ExecuteTC.equalsIgnoreCase("Y")): Browser is closed

2022-03-31 23:29:27 - [TEST_STEP][PASSED] - out.println("Begin Record Number: " + row): null

2022-03-31 23:29:27 - [TEST_STEP][PASSED] - today = new java.util.Date(): null

2022-03-31 23:29:27 - [TEST_STEP][PASSED] - println(today): null

2022-03-31 23:29:27 - [TEST_STEP][PASSED] - datText = today: null

2022-03-31 23:29:27 - [TEST_STEP][PASSED] - adminSuiteBootstrap.loginFunctionality.login_AdminSuite(): adminSuiteBootstrap.loginFunctionality.login_AdminSuite is PASSED

2022-03-31 23:29:27 - [MESSAGE][INFO] - Starting 'Chrome' driver

2022-03-31 23:29:27 - [MESSAGE][INFO] - User set preference: ['acceptInsecureCerts', 'true']

2022-03-31 23:29:27 - [MESSAGE][INFO] - Action delay is set to 0 milliseconds

2022-03-31 23:29:30 - [MESSAGE][PASSED] - Browser is opened with url: 'https://qa.velocitypayment.com/admin/imtiaz'

2022-03-31 23:29:30 - [MESSAGE][PASSED] - Current window maximized

2022-03-31 23:29:31 - [MESSAGE][PASSED] - Object 'Object Repository/Login_Page/Login_Username' is present

2022-03-31 23:29:31 - [MESSAGE][PASSED] - Text 'iahmed' is set on object 'Object Repository/Login_Page/Login_Username'

2022-03-31 23:29:32 - [MESSAGE][PASSED] - Text 'hello2222' is set on object 'Object Repository/Login_Page/Login_Password'

2022-03-31 23:29:35 - [MESSAGE][PASSED] - Object: 'Object Repository/Login_Page/Login_Submit' is clicked on

2022-03-31 23:29:35 - [MESSAGE][PASSED] - adminSuiteBootstrap.loginFunctionality.login_AdminSuite is PASSED

2022-03-31 23:29:35 - [TEST_STEP][PASSED] - click(findTestObject(path_Dashboard + appName)): Object: 'Object Repository/AdminSuiteBootstrap_Pages/Dashboard_Bootstrap/a_Access AutoNoCFtp' is clicked on

2022-03-31 23:29:36 - [MESSAGE][PASSED] - Object: 'Object Repository/AdminSuiteBootstrap_Pages/Dashboard_Bootstrap/a_Access AutoNoCFtp' is clicked on

2022-03-31 23:29:36 - [TEST_STEP][PASSED] - click(findTestObject(path_VT + "button_Authorization Only")): Object: 'Object Repository/AdminSuiteBootstrap_Pages/VT_Bootstrap/IssueTransactions/button_Authorization Only' is clicked on

2022-03-31 23:29:36 - [MESSAGE][PASSED] - Object: 'Object Repository/AdminSuiteBootstrap_Pages/VT_Bootstrap/IssueTransactions/button_Authorization Only' is clicked on

2022-03-31 23:29:36 - [TEST_STEP][PASSED] - authOnlyKeyboardEntryLink = modifyObjectProperty(findTestObject(path_VT + "a_KeyboardEntry_Sale"), "href", "equals", hrefAppID, true): Modify property of object successfully

2022-03-31 23:29:36 - [MESSAGE][PASSED] - Modify property of object successfully

2022-03-31 23:29:36 - [TEST_STEP][PASSED] - click(authOnlyKeyboardEntryLink): Object: 'Object Repository/AdminSuiteBootstrap_Pages/VT_Bootstrap/IssueTransactions/a_KeyboardEntry_Sale' is clicked on

2022-03-31 23:29:37 - [MESSAGE][PASSED] - Object: 'Object Repository/AdminSuiteBootstrap_Pages/VT_Bootstrap/IssueTransactions/a_KeyboardEntry_Sale' is clicked on

2022-03-31 23:29:37 - [TEST_STEP][PASSED] - adminSuiteBootstrap.virtualTerminalSetData.saleKeyboard_DataDriven(row, dataFile): adminSuiteBootstrap.virtualTerminalSetData.saleKeyboard_DataDriven is PASSED

2022-03-31 23:29:40 - [MESSAGE][PASSED] - Text 'Tulsi Raman' is set on object 'Object Repository/AdminSuiteBootstrap_Pages/VT_Bootstrap/SaleKeyboard/input_cardName'

2022-03-31 23:29:41 - [MESSAGE][PASSED] - All options with value 'RETL' are selected in object 'Object Repository/AdminSuiteBootstrap_Pages/VT_Bootstrap/SaleKeyboard/select_transactionCategory'  using regular expression

2022-03-31 23:29:41 - [MESSAGE][PASSED] - Execute JavaScript 'arguments[0].value ='6011000993026909' ' successfully

2022-03-31 23:29:42 - [MESSAGE][PASSED] - Execute JavaScript 'arguments[0].value ='123' ' successfully

2022-03-31 23:29:43 - [MESSAGE][PASSED] - All options with value '12' are selected in object 'Object Repository/AdminSuiteBootstrap_Pages/VT_Bootstrap/SaleKeyboard/select_MM'  using regular expression

2022-03-31 23:29:44 - [MESSAGE][PASSED] - All options with value '2025' are selected in object 'Object Repository/AdminSuiteBootstrap_Pages/VT_Bootstrap/SaleKeyboard/select_YYYY'  using regular expression

2022-03-31 23:29:45 - [MESSAGE][PASSED] - Text '25987 Hill Top' is set on object 'Object Repository/AdminSuiteBootstrap_Pages/VT_Bootstrap/SaleKeyboard/input__address'

2022-03-31 23:29:46 - [MESSAGE][PASSED] - Text 'Suite 500' is set on object 'Object Repository/AdminSuiteBootstrap_Pages/VT_Bootstrap/SaleKeyboard/input__address2'

2022-03-31 23:29:46 - [MESSAGE][PASSED] - Text '22201' is set on object 'Object Repository/AdminSuiteBootstrap_Pages/VT_Bootstrap/SaleKeyboard/input__zip'

2022-03-31 23:29:47 - [MESSAGE][PASSED] - Text '' is set on object 'Object Repository/AdminSuiteBootstrap_Pages/VT_Bootstrap/SaleKeyboard/input_emailAddress'

2022-03-31 23:29:49 - [MESSAGE][PASSED] - Text '' is set on object 'Object Repository/AdminSuiteBootstrap_Pages/VT_Bootstrap/SaleKeyboard/input_smsNumber'

2022-03-31 23:29:49 - [MESSAGE][PASSED] - Text '10.50' is set on object 'Object Repository/AdminSuiteBootstrap_Pages/VT_Bootstrap/SaleKeyboard/input_amount'

2022-03-31 23:29:50 - [MESSAGE][PASSED] - Text 'Australia' is set on object 'Object Repository/AdminSuiteBootstrap_Pages/VT_Bootstrap/SaleKeyboard/input_userDefined1'

2022-03-31 23:29:51 - [MESSAGE][PASSED] - Text 'Denmark' is set on object 'Object Repository/AdminSuiteBootstrap_Pages/VT_Bootstrap/SaleKeyboard/input_userDefined2'

2022-03-31 23:29:51 - [MESSAGE][PASSED] - Text 'Sweden' is set on object 'Object Repository/AdminSuiteBootstrap_Pages/VT_Bootstrap/SaleKeyboard/input_userDefined3'

2022-03-31 23:29:52 - [MESSAGE][PASSED] - Text 'Austria' is set on object 'Object Repository/AdminSuiteBootstrap_Pages/VT_Bootstrap/SaleKeyboard/input_userDefined4'

2022-03-31 23:29:53 - [MESSAGE][PASSED] - All options with label 'Orange' are selected in object 'Object Repository/AdminSuiteBootstrap_Pages/VT_Bootstrap/SaleKeyboard/select_UDF5_DropDown'  using regular expression

2022-03-31 23:29:54 - [MESSAGE][PASSED] - All options with label 'Yellow' are selected in object 'Object Repository/AdminSuiteBootstrap_Pages/VT_Bootstrap/SaleKeyboard/select_UDF6_DropDown'  using regular expression

2022-03-31 23:29:55 - [MESSAGE][PASSED] - Text 'Norway' is set on object 'Object Repository/AdminSuiteBootstrap_Pages/VT_Bootstrap/SaleKeyboard/input_userDefined7'

2022-03-31 23:29:56 - [MESSAGE][PASSED] - Text 'Netherlands' is set on object 'Object Repository/AdminSuiteBootstrap_Pages/VT_Bootstrap/SaleKeyboard/input_userDefined8'

2022-03-31 23:29:57 - [MESSAGE][PASSED] - Text 'Switzerland' is set on object 'Object Repository/AdminSuiteBootstrap_Pages/VT_Bootstrap/SaleKeyboard/input_userDefined9'

2022-03-31 23:29:57 - [MESSAGE][PASSED] - Text 'France' is set on object 'Object Repository/AdminSuiteBootstrap_Pages/VT_Bootstrap/SaleKeyboard/input_userDefined10'

2022-03-31 23:29:59 - [MESSAGE][PASSED] - Object: 'Object Repository/AdminSuiteBootstrap_Pages/VT_Bootstrap/SaleKeyboard/button_Submit' is clicked on

2022-03-31 23:29:59 - [MESSAGE][PASSED] - adminSuiteBootstrap.virtualTerminalSetData.saleKeyboard_DataDriven is PASSED

2022-03-31 23:29:59 - [TEST_STEP][PASSED] - verifyTextPresent("Transaction Successful", true): Text 'Transaction Successful' is present on page  using regular expression

2022-03-31 23:29:59 - [MESSAGE][PASSED] - Text 'Transaction Successful' is present on page  using regular expression

2022-03-31 23:29:59 - [TEST_STEP][PASSED] - verifyElementVisible(findTestObject("Object Repository/AdminSuiteBootstrap_Pages/VT_Bootstrap/Receipt/button_Continue")): Object 'Object Repository/AdminSuiteBootstrap_Pages/VT_Bootstrap/Receipt/button_Continue' is visible

2022-03-31 23:30:00 - [MESSAGE][PASSED] - Object 'Object Repository/AdminSuiteBootstrap_Pages/VT_Bootstrap/Receipt/button_Continue' is visible

2022-03-31 23:30:00 - [TEST_STEP][PASSED] - verifyElementPresent(findTestObject("Object Repository/AdminSuiteBootstrap_Pages/VT_Bootstrap/Receipt/button_Continue"), 20): Object 'Object Repository/AdminSuiteBootstrap_Pages/VT_Bootstrap/Receipt/button_Continue' is present

2022-03-31 23:30:00 - [MESSAGE][PASSED] - Object 'Object Repository/AdminSuiteBootstrap_Pages/VT_Bootstrap/Receipt/button_Continue' is present

2022-03-31 23:30:00 - [TEST_STEP][PASSED] - verifyElementVisible(findTestObject("Object Repository/AdminSuiteBootstrap_Pages/VT_Bootstrap/Receipt/button_Print")): Object 'Object Repository/AdminSuiteBootstrap_Pages/VT_Bootstrap/Receipt/button_Print' is visible

2022-03-31 23:30:00 - [MESSAGE][PASSED] - Object 'Object Repository/AdminSuiteBootstrap_Pages/VT_Bootstrap/Receipt/button_Print' is visible

2022-03-31 23:30:00 - [TEST_STEP][PASSED] - verifyElementPresent(findTestObject("Object Repository/AdminSuiteBootstrap_Pages/VT_Bootstrap/Receipt/button_Print"), 20): Object 'Object Repository/AdminSuiteBootstrap_Pages/VT_Bootstrap/Receipt/button_Print' is present

2022-03-31 23:30:01 - [MESSAGE][PASSED] - Object 'Object Repository/AdminSuiteBootstrap_Pages/VT_Bootstrap/Receipt/button_Print' is present

2022-03-31 23:30:01 - [TEST_STEP][PASSED] - verifyTextPresent("Remittance ID", true): Text 'Remittance ID' is present on page  using regular expression

2022-03-31 23:30:01 - [MESSAGE][PASSED] - Text 'Remittance ID' is present on page  using regular expression

2022-03-31 23:30:01 - [TEST_STEP][PASSED] - verifyTextPresent("Received", true): Text 'Received' is present on page  using regular expression

2022-03-31 23:30:01 - [MESSAGE][PASSED] - Text 'Received' is present on page  using regular expression

2022-03-31 23:30:01 - [TEST_STEP][PASSED] - verifyTextPresent("UDF1", true): Text 'UDF1' is present on page  using regular expression

2022-03-31 23:30:02 - [MESSAGE][PASSED] - Text 'UDF1' is present on page  using regular expression

2022-03-31 23:30:02 - [TEST_STEP][PASSED] - verifyTextPresent("UDF2", true): Text 'UDF2' is present on page  using regular expression

2022-03-31 23:30:02 - [MESSAGE][PASSED] - Text 'UDF2' is present on page  using regular expression

2022-03-31 23:30:02 - [TEST_STEP][PASSED] - verifyTextPresent("UDF3", true): Text 'UDF3' is present on page  using regular expression

2022-03-31 23:30:02 - [MESSAGE][PASSED] - Text 'UDF3' is present on page  using regular expression

2022-03-31 23:30:02 - [TEST_STEP][PASSED] - verifyTextPresent("UDF4", true): Text 'UDF4' is present on page  using regular expression

2022-03-31 23:30:03 - [MESSAGE][PASSED] - Text 'UDF4' is present on page  using regular expression

2022-03-31 23:30:03 - [TEST_STEP][PASSED] - verifyTextPresent("UDF5", true): Text 'UDF5' is present on page  using regular expression

2022-03-31 23:30:03 - [MESSAGE][PASSED] - Text 'UDF5' is present on page  using regular expression

2022-03-31 23:30:03 - [TEST_STEP][PASSED] - verifyTextPresent("UDF6", true): Text 'UDF6' is present on page  using regular expression

2022-03-31 23:30:03 - [MESSAGE][PASSED] - Text 'UDF6' is present on page  using regular expression

2022-03-31 23:30:03 - [TEST_STEP][PASSED] - verifyTextPresent("UDF7", true): Text 'UDF7' is present on page  using regular expression

2022-03-31 23:30:04 - [MESSAGE][PASSED] - Text 'UDF7' is present on page  using regular expression

2022-03-31 23:30:04 - [TEST_STEP][PASSED] - verifyTextPresent("UDF8", true): Text 'UDF8' is present on page  using regular expression

2022-03-31 23:30:04 - [MESSAGE][PASSED] - Text 'UDF8' is present on page  using regular expression

2022-03-31 23:30:04 - [TEST_STEP][PASSED] - verifyTextPresent("UDF9", true): Text 'UDF9' is present on page  using regular expression

2022-03-31 23:30:04 - [MESSAGE][PASSED] - Text 'UDF9' is present on page  using regular expression

2022-03-31 23:30:04 - [TEST_STEP][PASSED] - verifyTextPresent("UDF 10", true): Text 'UDF 10' is present on page  using regular expression

2022-03-31 23:30:05 - [MESSAGE][PASSED] - Text 'UDF 10' is present on page  using regular expression

2022-03-31 23:30:05 - [TEST_STEP][PASSED] - verifyTextPresent("Australia", true): Text 'Australia' is present on page  using regular expression

2022-03-31 23:30:05 - [MESSAGE][PASSED] - Text 'Australia' is present on page  using regular expression

2022-03-31 23:30:05 - [TEST_STEP][PASSED] - verifyTextPresent("Denmark", true): Text 'Denmark' is present on page  using regular expression

2022-03-31 23:30:05 - [MESSAGE][PASSED] - Text 'Denmark' is present on page  using regular expression

2022-03-31 23:30:05 - [TEST_STEP][PASSED] - verifyTextPresent("Sweden", true): Text 'Sweden' is present on page  using regular expression

2022-03-31 23:30:06 - [MESSAGE][PASSED] - Text 'Sweden' is present on page  using regular expression

2022-03-31 23:30:06 - [TEST_STEP][PASSED] - verifyTextPresent("Austria", true): Text 'Austria' is present on page  using regular expression

2022-03-31 23:30:06 - [MESSAGE][PASSED] - Text 'Austria' is present on page  using regular expression

2022-03-31 23:30:06 - [TEST_STEP][PASSED] - verifyTextPresent("Orange Recorded", true): Text 'Orange Recorded' is present on page  using regular expression

2022-03-31 23:30:06 - [MESSAGE][PASSED] - Text 'Orange Recorded' is present on page  using regular expression

2022-03-31 23:30:06 - [TEST_STEP][PASSED] - verifyTextPresent("Yellow Recorded", true): Text 'Yellow Recorded' is present on page  using regular expression

2022-03-31 23:30:07 - [MESSAGE][PASSED] - Text 'Yellow Recorded' is present on page  using regular expression

2022-03-31 23:30:07 - [TEST_STEP][PASSED] - verifyTextPresent("Norway", true): Text 'Norway' is present on page  using regular expression

2022-03-31 23:30:07 - [MESSAGE][PASSED] - Text 'Norway' is present on page  using regular expression

2022-03-31 23:30:07 - [TEST_STEP][PASSED] - verifyTextPresent("Netherlands", true): Text 'Netherlands' is present on page  using regular expression

2022-03-31 23:30:07 - [MESSAGE][PASSED] - Text 'Netherlands' is present on page  using regular expression

2022-03-31 23:30:07 - [TEST_STEP][PASSED] - verifyTextPresent("Switzerland", true): Text 'Switzerland' is present on page  using regular expression

2022-03-31 23:30:08 - [MESSAGE][PASSED] - Text 'Switzerland' is present on page  using regular expression

2022-03-31 23:30:08 - [TEST_STEP][PASSED] - verifyTextPresent("France", true): Text 'France' is present on page  using regular expression

2022-03-31 23:30:08 - [MESSAGE][PASSED] - Text 'France' is present on page  using regular expression

2022-03-31 23:30:08 - [TEST_STEP][PASSED] - verifyTextPresent("Amount", true): Text 'Amount' is present on page  using regular expression

2022-03-31 23:30:08 - [MESSAGE][PASSED] - Text 'Amount' is present on page  using regular expression

2022-03-31 23:30:08 - [TEST_STEP][PASSED] - verifyTextPresent("Total Amount", true): Text 'Total Amount' is present on page  using regular expression

2022-03-31 23:30:09 - [MESSAGE][PASSED] - Text 'Total Amount' is present on page  using regular expression

2022-03-31 23:30:09 - [TEST_STEP][PASSED] - verifyTextPresent("Transaction Type", true): Text 'Transaction Type' is present on page  using regular expression

2022-03-31 23:30:09 - [MESSAGE][PASSED] - Text 'Transaction Type' is present on page  using regular expression

2022-03-31 23:30:09 - [TEST_STEP][PASSED] - verifyTextPresent("10.50", true): Text '10.50' is present on page  using regular expression

2022-03-31 23:30:09 - [MESSAGE][PASSED] - Text '10.50' is present on page  using regular expression

2022-03-31 23:30:09 - [TEST_STEP][PASSED] - verifyTextPresent("Authorization", true): Text 'Authorization' is present on page  using regular expression

2022-03-31 23:30:10 - [MESSAGE][PASSED] - Text 'Authorization' is present on page  using regular expression

2022-03-31 23:30:10 - [TEST_STEP][PASSED] - verifyTextPresent("Card Information", true): Text 'Card Information' is present on page  using regular expression

2022-03-31 23:30:10 - [MESSAGE][PASSED] - Text 'Card Information' is present on page  using regular expression

2022-03-31 23:30:10 - [TEST_STEP][PASSED] - cardNameV = findTestData(dataFile).getValue("CardNameV", row): null

2022-03-31 23:30:10 - [TEST_STEP][PASSED] - al1V = findTestData(dataFile).getValue("AL1", row): null

2022-03-31 23:30:10 - [TEST_STEP][PASSED] - al2V = findTestData(dataFile).getValue("AL2", row): null

2022-03-31 23:30:10 - [TEST_STEP][PASSED] - zipV = findTestData(dataFile).getValue("ZIP", row): null

2022-03-31 23:30:10 - [TEST_STEP][PASSED] - cardTypeV = findTestData(dataFile).getValue("CardType", row): null

2022-03-31 23:30:10 - [TEST_STEP][PASSED] - last4V = findTestData(dataFile).getValue("Last4", row): null

2022-03-31 23:30:10 - [TEST_STEP][PASSED] - verifyTextPresent(cardNameV, true): Text 'TULSI RAMAN' is present on page  using regular expression

2022-03-31 23:30:11 - [MESSAGE][PASSED] - Text 'TULSI RAMAN' is present on page  using regular expression

2022-03-31 23:30:11 - [TEST_STEP][PASSED] - verifyTextPresent("Address Line 1", true): Text 'Address Line 1' is present on page  using regular expression

2022-03-31 23:30:11 - [MESSAGE][PASSED] - Text 'Address Line 1' is present on page  using regular expression

2022-03-31 23:30:11 - [TEST_STEP][PASSED] - verifyTextPresent("Address Line 2", true): Text 'Address Line 2' is present on page  using regular expression

2022-03-31 23:30:11 - [MESSAGE][PASSED] - Text 'Address Line 2' is present on page  using regular expression

2022-03-31 23:30:11 - [TEST_STEP][PASSED] - verifyTextPresent("Country", true): Text 'Country' is present on page  using regular expression

2022-03-31 23:30:12 - [MESSAGE][PASSED] - Text 'Country' is present on page  using regular expression

2022-03-31 23:30:12 - [TEST_STEP][PASSED] - verifyTextPresent("City", true): Text 'City' is present on page  using regular expression

2022-03-31 23:30:12 - [MESSAGE][PASSED] - Text 'City' is present on page  using regular expression

2022-03-31 23:30:12 - [TEST_STEP][PASSED] - verifyTextPresent("State", true): Text 'State' is present on page  using regular expression

2022-03-31 23:30:12 - [MESSAGE][PASSED] - Text 'State' is present on page  using regular expression

2022-03-31 23:30:12 - [TEST_STEP][PASSED] - verifyTextPresent("ZIP Code", true): Text 'ZIP Code' is present on page  using regular expression

2022-03-31 23:30:13 - [MESSAGE][PASSED] - Text 'ZIP Code' is present on page  using regular expression

2022-03-31 23:30:13 - [TEST_STEP][PASSED] - verifyTextPresent(al1V, true): Text '25987 Hill Top' is present on page  using regular expression

2022-03-31 23:30:13 - [MESSAGE][PASSED] - Text '25987 Hill Top' is present on page  using regular expression

2022-03-31 23:30:13 - [TEST_STEP][PASSED] - verifyTextPresent(al2V, true): Text 'Suite 500' is present on page  using regular expression

2022-03-31 23:30:13 - [MESSAGE][PASSED] - Text 'Suite 500' is present on page  using regular expression

2022-03-31 23:30:13 - [TEST_STEP][PASSED] - verifyTextPresent("United States", true): Text 'United States' is present on page  using regular expression

2022-03-31 23:30:14 - [MESSAGE][PASSED] - Text 'United States' is present on page  using regular expression

2022-03-31 23:30:14 - [TEST_STEP][PASSED] - verifyTextPresent("ARLINGTON", true): Text 'ARLINGTON' is present on page  using regular expression

2022-03-31 23:30:14 - [MESSAGE][PASSED] - Text 'ARLINGTON' is present on page  using regular expression

2022-03-31 23:30:14 - [TEST_STEP][PASSED] - verifyTextPresent("Virginia", true): Text 'Virginia' is present on page  using regular expression

2022-03-31 23:30:14 - [MESSAGE][PASSED] - Text 'Virginia' is present on page  using regular expression

2022-03-31 23:30:14 - [TEST_STEP][PASSED] - verifyTextPresent(zipV, true): Text '22201' is present on page  using regular expression

2022-03-31 23:30:15 - [MESSAGE][PASSED] - Text '22201' is present on page  using regular expression

2022-03-31 23:30:15 - [TEST_STEP][PASSED] - verifyTextPresent(cardTypeV, true): Text 'Discover' is present on page  using regular expression

2022-03-31 23:30:15 - [MESSAGE][PASSED] - Text 'Discover' is present on page  using regular expression

2022-03-31 23:30:15 - [TEST_STEP][PASSED] - verifyTextPresent(last4V, true): Text '6909' is present on page  using regular expression

2022-03-31 23:30:15 - [MESSAGE][PASSED] - Text '6909' is present on page  using regular expression

2022-03-31 23:30:15 - [TEST_STEP][PASSED] - closeBrowser(): Browser is closed

2022-03-31 23:30:16 - [MESSAGE][PASSED] - Browser is closed

2022-03-31 23:30:16 - [TEST_STEP][PASSED] - ExecuteTC = findTestData(dataFile).getValue("Execute", row): null

2022-03-31 23:30:16 - [TEST_STEP][PASSED] - out.println("Value of Execute is : " + ExecuteTC): null

2022-03-31 23:30:16 - [TEST_STEP][PASSED] - switch (executionProfile): null

2022-03-31 23:30:16 - [TEST_STEP][PASSED] - case "QAProfile":: null

2022-03-31 23:30:16 - [TEST_STEP][PASSED] - appName = findTestData(dataFile).getValue("AppNameQA", row): null

2022-03-31 23:30:16 - [TEST_STEP][PASSED] - appID = findTestData(dataFile).getValue("AppIDQA", row): null

2022-03-31 23:30:17 - [TEST_STEP][PASSED] - break: null

2022-03-31 23:30:17 - [TEST_STEP][PASSED] - hrefAppID = li_1 + appID + li_2: null

2022-03-31 23:30:17 - [TEST_STEP][PASSED] - hrefApp = li_1 + appID + "/": null

2022-03-31 23:30:17 - [TEST_STEP][PASSED] - println("hrefApp : " + hrefApp): null

2022-03-31 23:30:17 - [TEST_STEP][PASSED] - if (ExecuteTC.equalsIgnoreCase("Y")): Browser is closed

2022-03-31 23:30:17 - [TEST_STEP][PASSED] - out.println("Begin Record Number: " + row): null

2022-03-31 23:30:17 - [TEST_STEP][PASSED] - today = new java.util.Date(): null

2022-03-31 23:30:17 - [TEST_STEP][PASSED] - println(today): null

2022-03-31 23:30:17 - [TEST_STEP][PASSED] - datText = today: null

2022-03-31 23:30:17 - [TEST_STEP][PASSED] - adminSuiteBootstrap.loginFunctionality.login_AdminSuite(): adminSuiteBootstrap.loginFunctionality.login_AdminSuite is PASSED

2022-03-31 23:30:17 - [MESSAGE][INFO] - Starting 'Chrome' driver

2022-03-31 23:30:17 - [MESSAGE][INFO] - User set preference: ['acceptInsecureCerts', 'true']

2022-03-31 23:30:17 - [MESSAGE][INFO] - Action delay is set to 0 milliseconds

2022-03-31 23:30:19 - [MESSAGE][PASSED] - Browser is opened with url: 'https://qa.velocitypayment.com/admin/imtiaz'

2022-03-31 23:30:19 - [MESSAGE][PASSED] - Current window maximized

2022-03-31 23:30:20 - [MESSAGE][PASSED] - Object 'Object Repository/Login_Page/Login_Username' is present

2022-03-31 23:30:20 - [MESSAGE][PASSED] - Text 'iahmed' is set on object 'Object Repository/Login_Page/Login_Username'

2022-03-31 23:30:21 - [MESSAGE][PASSED] - Text 'hello2222' is set on object 'Object Repository/Login_Page/Login_Password'

2022-03-31 23:30:25 - [MESSAGE][PASSED] - Object: 'Object Repository/Login_Page/Login_Submit' is clicked on

2022-03-31 23:30:25 - [MESSAGE][PASSED] - adminSuiteBootstrap.loginFunctionality.login_AdminSuite is PASSED

2022-03-31 23:30:25 - [TEST_STEP][PASSED] - click(findTestObject(path_Dashboard + appName)): Object: 'Object Repository/AdminSuiteBootstrap_Pages/Dashboard_Bootstrap/a_Access AutoNoCFtp' is clicked on

2022-03-31 23:30:26 - [MESSAGE][PASSED] - Object: 'Object Repository/AdminSuiteBootstrap_Pages/Dashboard_Bootstrap/a_Access AutoNoCFtp' is clicked on

2022-03-31 23:30:26 - [TEST_STEP][PASSED] - click(findTestObject(path_VT + "button_Authorization Only")): Object: 'Object Repository/AdminSuiteBootstrap_Pages/VT_Bootstrap/IssueTransactions/button_Authorization Only' is clicked on

2022-03-31 23:30:26 - [MESSAGE][PASSED] - Object: 'Object Repository/AdminSuiteBootstrap_Pages/VT_Bootstrap/IssueTransactions/button_Authorization Only' is clicked on

2022-03-31 23:30:26 - [TEST_STEP][PASSED] - authOnlyKeyboardEntryLink = modifyObjectProperty(findTestObject(path_VT + "a_KeyboardEntry_Sale"), "href", "equals", hrefAppID, true): Modify property of object successfully

2022-03-31 23:30:26 - [MESSAGE][PASSED] - Modify property of object successfully

2022-03-31 23:30:26 - [TEST_STEP][PASSED] - click(authOnlyKeyboardEntryLink): Object: 'Object Repository/AdminSuiteBootstrap_Pages/VT_Bootstrap/IssueTransactions/a_KeyboardEntry_Sale' is clicked on

2022-03-31 23:30:27 - [MESSAGE][PASSED] - Object: 'Object Repository/AdminSuiteBootstrap_Pages/VT_Bootstrap/IssueTransactions/a_KeyboardEntry_Sale' is clicked on

2022-03-31 23:30:27 - [TEST_STEP][PASSED] - adminSuiteBootstrap.virtualTerminalSetData.saleKeyboard_DataDriven(row, dataFile): adminSuiteBootstrap.virtualTerminalSetData.saleKeyboard_DataDriven is PASSED

2022-03-31 23:30:30 - [MESSAGE][PASSED] - Text 'Janaki James' is set on object 'Object Repository/AdminSuiteBootstrap_Pages/VT_Bootstrap/SaleKeyboard/input_cardName'

2022-03-31 23:30:31 - [MESSAGE][PASSED] - All options with value 'MOTO' are selected in object 'Object Repository/AdminSuiteBootstrap_Pages/VT_Bootstrap/SaleKeyboard/select_transactionCategory'  using regular expression

2022-03-31 23:30:32 - [MESSAGE][PASSED] - Execute JavaScript 'arguments[0].value ='4012000098765439' ' successfully

2022-03-31 23:30:32 - [MESSAGE][PASSED] - Execute JavaScript 'arguments[0].value ='123' ' successfully

2022-03-31 23:30:33 - [MESSAGE][PASSED] - All options with value '12' are selected in object 'Object Repository/AdminSuiteBootstrap_Pages/VT_Bootstrap/SaleKeyboard/select_MM'  using regular expression

2022-03-31 23:30:34 - [MESSAGE][PASSED] - All options with value '2025' are selected in object 'Object Repository/AdminSuiteBootstrap_Pages/VT_Bootstrap/SaleKeyboard/select_YYYY'  using regular expression

2022-03-31 23:30:35 - [MESSAGE][PASSED] - Text '36 Cornor Road' is set on object 'Object Repository/AdminSuiteBootstrap_Pages/VT_Bootstrap/SaleKeyboard/input__address'

2022-03-31 23:30:36 - [MESSAGE][PASSED] - Text 'Suite 500' is set on object 'Object Repository/AdminSuiteBootstrap_Pages/VT_Bootstrap/SaleKeyboard/input__address2'

2022-03-31 23:30:36 - [MESSAGE][PASSED] - Text '22201' is set on object 'Object Repository/AdminSuiteBootstrap_Pages/VT_Bootstrap/SaleKeyboard/input__zip'

2022-03-31 23:30:37 - [MESSAGE][PASSED] - Text '' is set on object 'Object Repository/AdminSuiteBootstrap_Pages/VT_Bootstrap/SaleKeyboard/input_emailAddress'

2022-03-31 23:30:38 - [MESSAGE][PASSED] - Text '' is set on object 'Object Repository/AdminSuiteBootstrap_Pages/VT_Bootstrap/SaleKeyboard/input_smsNumber'

2022-03-31 23:30:39 - [MESSAGE][PASSED] - Text '10.50' is set on object 'Object Repository/AdminSuiteBootstrap_Pages/VT_Bootstrap/SaleKeyboard/input_amount'

2022-03-31 23:30:40 - [MESSAGE][PASSED] - Text 'Australia' is set on object 'Object Repository/AdminSuiteBootstrap_Pages/VT_Bootstrap/SaleKeyboard/input_userDefined1'

2022-03-31 23:30:41 - [MESSAGE][PASSED] - Text 'Denmark' is set on object 'Object Repository/AdminSuiteBootstrap_Pages/VT_Bootstrap/SaleKeyboard/input_userDefined2'

2022-03-31 23:30:41 - [MESSAGE][PASSED] - Text 'Sweden' is set on object 'Object Repository/AdminSuiteBootstrap_Pages/VT_Bootstrap/SaleKeyboard/input_userDefined3'

2022-03-31 23:30:42 - [MESSAGE][PASSED] - Text 'Austria' is set on object 'Object Repository/AdminSuiteBootstrap_Pages/VT_Bootstrap/SaleKeyboard/input_userDefined4'

2022-03-31 23:30:43 - [MESSAGE][PASSED] - All options with label 'Orange' are selected in object 'Object Repository/AdminSuiteBootstrap_Pages/VT_Bootstrap/SaleKeyboard/select_UDF5_DropDown'  using regular expression

2022-03-31 23:30:44 - [MESSAGE][PASSED] - All options with label 'Yellow' are selected in object 'Object Repository/AdminSuiteBootstrap_Pages/VT_Bootstrap/SaleKeyboard/select_UDF6_DropDown'  using regular expression

2022-03-31 23:30:45 - [MESSAGE][PASSED] - Text 'Norway' is set on object 'Object Repository/AdminSuiteBootstrap_Pages/VT_Bootstrap/SaleKeyboard/input_userDefined7'

2022-03-31 23:30:45 - [MESSAGE][PASSED] - Text 'Netherlands' is set on object 'Object Repository/AdminSuiteBootstrap_Pages/VT_Bootstrap/SaleKeyboard/input_userDefined8'

2022-03-31 23:30:46 - [MESSAGE][PASSED] - Text 'Switzerland' is set on object 'Object Repository/AdminSuiteBootstrap_Pages/VT_Bootstrap/SaleKeyboard/input_userDefined9'

2022-03-31 23:30:47 - [MESSAGE][PASSED] - Text 'France' is set on object 'Object Repository/AdminSuiteBootstrap_Pages/VT_Bootstrap/SaleKeyboard/input_userDefined10'

2022-03-31 23:30:48 - [MESSAGE][PASSED] - Object: 'Object Repository/AdminSuiteBootstrap_Pages/VT_Bootstrap/SaleKeyboard/button_Submit' is clicked on

2022-03-31 23:30:48 - [MESSAGE][PASSED] - adminSuiteBootstrap.virtualTerminalSetData.saleKeyboard_DataDriven is PASSED

2022-03-31 23:30:48 - [TEST_STEP][PASSED] - verifyTextPresent("Transaction Successful", true): Text 'Transaction Successful' is present on page  using regular expression

2022-03-31 23:30:49 - [MESSAGE][PASSED] - Text 'Transaction Successful' is present on page  using regular expression

2022-03-31 23:30:49 - [TEST_STEP][PASSED] - verifyElementVisible(findTestObject("Object Repository/AdminSuiteBootstrap_Pages/VT_Bootstrap/Receipt/button_Continue")): Object 'Object Repository/AdminSuiteBootstrap_Pages/VT_Bootstrap/Receipt/button_Continue' is visible

2022-03-31 23:30:49 - [MESSAGE][PASSED] - Object 'Object Repository/AdminSuiteBootstrap_Pages/VT_Bootstrap/Receipt/button_Continue' is visible

2022-03-31 23:30:49 - [TEST_STEP][PASSED] - verifyElementPresent(findTestObject("Object Repository/AdminSuiteBootstrap_Pages/VT_Bootstrap/Receipt/button_Continue"), 20): Object 'Object Repository/AdminSuiteBootstrap_Pages/VT_Bootstrap/Receipt/button_Continue' is present

2022-03-31 23:30:50 - [MESSAGE][PASSED] - Object 'Object Repository/AdminSuiteBootstrap_Pages/VT_Bootstrap/Receipt/button_Continue' is present

2022-03-31 23:30:50 - [TEST_STEP][PASSED] - verifyElementVisible(findTestObject("Object Repository/AdminSuiteBootstrap_Pages/VT_Bootstrap/Receipt/button_Print")): Object 'Object Repository/AdminSuiteBootstrap_Pages/VT_Bootstrap/Receipt/button_Print' is visible

2022-03-31 23:30:50 - [MESSAGE][PASSED] - Object 'Object Repository/AdminSuiteBootstrap_Pages/VT_Bootstrap/Receipt/button_Print' is visible

2022-03-31 23:30:50 - [TEST_STEP][PASSED] - verifyElementPresent(findTestObject("Object Repository/AdminSuiteBootstrap_Pages/VT_Bootstrap/Receipt/button_Print"), 20): Object 'Object Repository/AdminSuiteBootstrap_Pages/VT_Bootstrap/Receipt/button_Print' is present

2022-03-31 23:30:50 - [MESSAGE][PASSED] - Object 'Object Repository/AdminSuiteBootstrap_Pages/VT_Bootstrap/Receipt/button_Print' is present

2022-03-31 23:30:50 - [TEST_STEP][PASSED] - verifyTextPresent("Remittance ID", true): Text 'Remittance ID' is present on page  using regular expression

2022-03-31 23:30:51 - [MESSAGE][PASSED] - Text 'Remittance ID' is present on page  using regular expression

2022-03-31 23:30:51 - [TEST_STEP][PASSED] - verifyTextPresent("Received", true): Text 'Received' is present on page  using regular expression

2022-03-31 23:30:51 - [MESSAGE][PASSED] - Text 'Received' is present on page  using regular expression

2022-03-31 23:30:51 - [TEST_STEP][PASSED] - verifyTextPresent("UDF1", true): Text 'UDF1' is present on page  using regular expression

2022-03-31 23:30:51 - [MESSAGE][PASSED] - Text 'UDF1' is present on page  using regular expression

2022-03-31 23:30:51 - [TEST_STEP][PASSED] - verifyTextPresent("UDF2", true): Text 'UDF2' is present on page  using regular expression

2022-03-31 23:30:52 - [MESSAGE][PASSED] - Text 'UDF2' is present on page  using regular expression

2022-03-31 23:30:52 - [TEST_STEP][PASSED] - verifyTextPresent("UDF3", true): Text 'UDF3' is present on page  using regular expression

2022-03-31 23:30:52 - [MESSAGE][PASSED] - Text 'UDF3' is present on page  using regular expression

2022-03-31 23:30:52 - [TEST_STEP][PASSED] - verifyTextPresent("UDF4", true): Text 'UDF4' is present on page  using regular expression

2022-03-31 23:30:52 - [MESSAGE][PASSED] - Text 'UDF4' is present on page  using regular expression

2022-03-31 23:30:52 - [TEST_STEP][PASSED] - verifyTextPresent("UDF5", true): Text 'UDF5' is present on page  using regular expression

2022-03-31 23:30:53 - [MESSAGE][PASSED] - Text 'UDF5' is present on page  using regular expression

2022-03-31 23:30:53 - [TEST_STEP][PASSED] - verifyTextPresent("UDF6", true): Text 'UDF6' is present on page  using regular expression

2022-03-31 23:30:53 - [MESSAGE][PASSED] - Text 'UDF6' is present on page  using regular expression

2022-03-31 23:30:53 - [TEST_STEP][PASSED] - verifyTextPresent("UDF7", true): Text 'UDF7' is present on page  using regular expression

2022-03-31 23:30:53 - [MESSAGE][PASSED] - Text 'UDF7' is present on page  using regular expression

2022-03-31 23:30:53 - [TEST_STEP][PASSED] - verifyTextPresent("UDF8", true): Text 'UDF8' is present on page  using regular expression

2022-03-31 23:30:54 - [MESSAGE][PASSED] - Text 'UDF8' is present on page  using regular expression

2022-03-31 23:30:54 - [TEST_STEP][PASSED] - verifyTextPresent("UDF9", true): Text 'UDF9' is present on page  using regular expression

2022-03-31 23:30:54 - [MESSAGE][PASSED] - Text 'UDF9' is present on page  using regular expression

2022-03-31 23:30:54 - [TEST_STEP][PASSED] - verifyTextPresent("UDF 10", true): Text 'UDF 10' is present on page  using regular expression

2022-03-31 23:30:54 - [MESSAGE][PASSED] - Text 'UDF 10' is present on page  using regular expression

2022-03-31 23:30:54 - [TEST_STEP][PASSED] - verifyTextPresent("Australia", true): Text 'Australia' is present on page  using regular expression

2022-03-31 23:30:55 - [MESSAGE][PASSED] - Text 'Australia' is present on page  using regular expression

2022-03-31 23:30:55 - [TEST_STEP][PASSED] - verifyTextPresent("Denmark", true): Text 'Denmark' is present on page  using regular expression

2022-03-31 23:30:55 - [MESSAGE][PASSED] - Text 'Denmark' is present on page  using regular expression

2022-03-31 23:30:55 - [TEST_STEP][PASSED] - verifyTextPresent("Sweden", true): Text 'Sweden' is present on page  using regular expression

2022-03-31 23:30:55 - [MESSAGE][PASSED] - Text 'Sweden' is present on page  using regular expression

2022-03-31 23:30:55 - [TEST_STEP][PASSED] - verifyTextPresent("Austria", true): Text 'Austria' is present on page  using regular expression

2022-03-31 23:30:56 - [MESSAGE][PASSED] - Text 'Austria' is present on page  using regular expression

2022-03-31 23:30:56 - [TEST_STEP][PASSED] - verifyTextPresent("Orange Recorded", true): Text 'Orange Recorded' is present on page  using regular expression

2022-03-31 23:30:56 - [MESSAGE][PASSED] - Text 'Orange Recorded' is present on page  using regular expression

2022-03-31 23:30:56 - [TEST_STEP][PASSED] - verifyTextPresent("Yellow Recorded", true): Text 'Yellow Recorded' is present on page  using regular expression

2022-03-31 23:30:56 - [MESSAGE][PASSED] - Text 'Yellow Recorded' is present on page  using regular expression

2022-03-31 23:30:56 - [TEST_STEP][PASSED] - verifyTextPresent("Norway", true): Text 'Norway' is present on page  using regular expression

2022-03-31 23:30:57 - [MESSAGE][PASSED] - Text 'Norway' is present on page  using regular expression

2022-03-31 23:30:57 - [TEST_STEP][PASSED] - verifyTextPresent("Netherlands", true): Text 'Netherlands' is present on page  using regular expression

2022-03-31 23:30:57 - [MESSAGE][PASSED] - Text 'Netherlands' is present on page  using regular expression

2022-03-31 23:30:57 - [TEST_STEP][PASSED] - verifyTextPresent("Switzerland", true): Text 'Switzerland' is present on page  using regular expression

2022-03-31 23:30:57 - [MESSAGE][PASSED] - Text 'Switzerland' is present on page  using regular expression

2022-03-31 23:30:57 - [TEST_STEP][PASSED] - verifyTextPresent("France", true): Text 'France' is present on page  using regular expression

2022-03-31 23:30:58 - [MESSAGE][PASSED] - Text 'France' is present on page  using regular expression

2022-03-31 23:30:58 - [TEST_STEP][PASSED] - verifyTextPresent("Amount", true): Text 'Amount' is present on page  using regular expression

2022-03-31 23:30:58 - [MESSAGE][PASSED] - Text 'Amount' is present on page  using regular expression

2022-03-31 23:30:58 - [TEST_STEP][PASSED] - verifyTextPresent("Total Amount", true): Text 'Total Amount' is present on page  using regular expression

2022-03-31 23:30:58 - [MESSAGE][PASSED] - Text 'Total Amount' is present on page  using regular expression

2022-03-31 23:30:58 - [TEST_STEP][PASSED] - verifyTextPresent("Transaction Type", true): Text 'Transaction Type' is present on page  using regular expression

2022-03-31 23:30:59 - [MESSAGE][PASSED] - Text 'Transaction Type' is present on page  using regular expression

2022-03-31 23:30:59 - [TEST_STEP][PASSED] - verifyTextPresent("10.50", true): Text '10.50' is present on page  using regular expression

2022-03-31 23:30:59 - [MESSAGE][PASSED] - Text '10.50' is present on page  using regular expression

2022-03-31 23:30:59 - [TEST_STEP][PASSED] - verifyTextPresent("Authorization", true): Text 'Authorization' is present on page  using regular expression

2022-03-31 23:30:59 - [MESSAGE][PASSED] - Text 'Authorization' is present on page  using regular expression

2022-03-31 23:30:59 - [TEST_STEP][PASSED] - verifyTextPresent("Card Information", true): Text 'Card Information' is present on page  using regular expression

2022-03-31 23:31:00 - [MESSAGE][PASSED] - Text 'Card Information' is present on page  using regular expression

2022-03-31 23:31:00 - [TEST_STEP][PASSED] - cardNameV = findTestData(dataFile).getValue("CardNameV", row): null

2022-03-31 23:31:00 - [TEST_STEP][PASSED] - al1V = findTestData(dataFile).getValue("AL1", row): null

2022-03-31 23:31:00 - [TEST_STEP][PASSED] - al2V = findTestData(dataFile).getValue("AL2", row): null

2022-03-31 23:31:00 - [TEST_STEP][PASSED] - zipV = findTestData(dataFile).getValue("ZIP", row): null

2022-03-31 23:31:00 - [TEST_STEP][PASSED] - cardTypeV = findTestData(dataFile).getValue("CardType", row): null

2022-03-31 23:31:00 - [TEST_STEP][PASSED] - last4V = findTestData(dataFile).getValue("Last4", row): null

2022-03-31 23:31:00 - [TEST_STEP][PASSED] - verifyTextPresent(cardNameV, true): Text 'JANAKI JAMES' is present on page  using regular expression

2022-03-31 23:31:01 - [MESSAGE][PASSED] - Text 'JANAKI JAMES' is present on page  using regular expression

2022-03-31 23:31:01 - [TEST_STEP][PASSED] - verifyTextPresent("Address Line 1", true): Text 'Address Line 1' is present on page  using regular expression

2022-03-31 23:31:01 - [MESSAGE][PASSED] - Text 'Address Line 1' is present on page  using regular expression

2022-03-31 23:31:01 - [TEST_STEP][PASSED] - verifyTextPresent("Address Line 2", true): Text 'Address Line 2' is present on page  using regular expression

2022-03-31 23:31:01 - [MESSAGE][PASSED] - Text 'Address Line 2' is present on page  using regular expression

2022-03-31 23:31:01 - [TEST_STEP][PASSED] - verifyTextPresent("Country", true): Text 'Country' is present on page  using regular expression

2022-03-31 23:31:02 - [MESSAGE][PASSED] - Text 'Country' is present on page  using regular expression

2022-03-31 23:31:02 - [TEST_STEP][PASSED] - verifyTextPresent("City", true): Text 'City' is present on page  using regular expression

2022-03-31 23:31:02 - [MESSAGE][PASSED] - Text 'City' is present on page  using regular expression

2022-03-31 23:31:02 - [TEST_STEP][PASSED] - verifyTextPresent("State", true): Text 'State' is present on page  using regular expression

2022-03-31 23:31:02 - [MESSAGE][PASSED] - Text 'State' is present on page  using regular expression

2022-03-31 23:31:02 - [TEST_STEP][PASSED] - verifyTextPresent("ZIP Code", true): Text 'ZIP Code' is present on page  using regular expression

2022-03-31 23:31:03 - [MESSAGE][PASSED] - Text 'ZIP Code' is present on page  using regular expression

2022-03-31 23:31:03 - [TEST_STEP][PASSED] - verifyTextPresent(al1V, true): Text '36 Cornor Road' is present on page  using regular expression

2022-03-31 23:31:03 - [MESSAGE][PASSED] - Text '36 Cornor Road' is present on page  using regular expression

2022-03-31 23:31:03 - [TEST_STEP][PASSED] - verifyTextPresent(al2V, true): Text 'Suite 500' is present on page  using regular expression

2022-03-31 23:31:03 - [MESSAGE][PASSED] - Text 'Suite 500' is present on page  using regular expression

2022-03-31 23:31:03 - [TEST_STEP][PASSED] - verifyTextPresent("United States", true): Text 'United States' is present on page  using regular expression

2022-03-31 23:31:04 - [MESSAGE][PASSED] - Text 'United States' is present on page  using regular expression

2022-03-31 23:31:04 - [TEST_STEP][PASSED] - verifyTextPresent("ARLINGTON", true): Text 'ARLINGTON' is present on page  using regular expression

2022-03-31 23:31:04 - [MESSAGE][PASSED] - Text 'ARLINGTON' is present on page  using regular expression

2022-03-31 23:31:04 - [TEST_STEP][PASSED] - verifyTextPresent("Virginia", true): Text 'Virginia' is present on page  using regular expression

2022-03-31 23:31:04 - [MESSAGE][PASSED] - Text 'Virginia' is present on page  using regular expression

2022-03-31 23:31:04 - [TEST_STEP][PASSED] - verifyTextPresent(zipV, true): Text '22201' is present on page  using regular expression

2022-03-31 23:31:05 - [MESSAGE][PASSED] - Text '22201' is present on page  using regular expression

2022-03-31 23:31:05 - [TEST_STEP][PASSED] - verifyTextPresent(cardTypeV, true): Text 'Visa' is present on page  using regular expression

2022-03-31 23:31:05 - [MESSAGE][PASSED] - Text 'Visa' is present on page  using regular expression

2022-03-31 23:31:05 - [TEST_STEP][PASSED] - verifyTextPresent(last4V, true): Text '5439' is present on page  using regular expression

2022-03-31 23:31:05 - [MESSAGE][PASSED] - Text '5439' is present on page  using regular expression

2022-03-31 23:31:05 - [TEST_STEP][PASSED] - closeBrowser(): Browser is closed

2022-03-31 23:31:06 - [MESSAGE][PASSED] - Browser is closed

2022-03-31 23:31:06 - [TEST_STEP][PASSED] - ExecuteTC = findTestData(dataFile).getValue("Execute", row): null

2022-03-31 23:31:06 - [TEST_STEP][PASSED] - out.println("Value of Execute is : " + ExecuteTC): null

2022-03-31 23:31:06 - [TEST_STEP][PASSED] - switch (executionProfile): null

2022-03-31 23:31:06 - [TEST_STEP][PASSED] - case "QAProfile":: null

2022-03-31 23:31:06 - [TEST_STEP][PASSED] - appName = findTestData(dataFile).getValue("AppNameQA", row): null

2022-03-31 23:31:07 - [TEST_STEP][PASSED] - appID = findTestData(dataFile).getValue("AppIDQA", row): null

2022-03-31 23:31:07 - [TEST_STEP][PASSED] - break: null

2022-03-31 23:31:07 - [TEST_STEP][PASSED] - hrefAppID = li_1 + appID + li_2: null

2022-03-31 23:31:07 - [TEST_STEP][PASSED] - hrefApp = li_1 + appID + "/": null

2022-03-31 23:31:07 - [TEST_STEP][PASSED] - println("hrefApp : " + hrefApp): null

2022-03-31 23:31:07 - [TEST_STEP][PASSED] - if (ExecuteTC.equalsIgnoreCase("Y")): Browser is closed

2022-03-31 23:31:07 - [TEST_STEP][PASSED] - out.println("Begin Record Number: " + row): null

2022-03-31 23:31:07 - [TEST_STEP][PASSED] - today = new java.util.Date(): null

2022-03-31 23:31:07 - [TEST_STEP][PASSED] - println(today): null

2022-03-31 23:31:07 - [TEST_STEP][PASSED] - datText = today: null

2022-03-31 23:31:07 - [TEST_STEP][PASSED] - adminSuiteBootstrap.loginFunctionality.login_AdminSuite(): adminSuiteBootstrap.loginFunctionality.login_AdminSuite is PASSED

2022-03-31 23:31:07 - [MESSAGE][INFO] - Starting 'Chrome' driver

2022-03-31 23:31:07 - [MESSAGE][INFO] - User set preference: ['acceptInsecureCerts', 'true']

2022-03-31 23:31:07 - [MESSAGE][INFO] - Action delay is set to 0 milliseconds

2022-03-31 23:31:10 - [MESSAGE][PASSED] - Browser is opened with url: 'https://qa.velocitypayment.com/admin/imtiaz'

2022-03-31 23:31:10 - [MESSAGE][PASSED] - Current window maximized

2022-03-31 23:31:10 - [MESSAGE][PASSED] - Object 'Object Repository/Login_Page/Login_Username' is present

2022-03-31 23:31:11 - [MESSAGE][PASSED] - Text 'iahmed' is set on object 'Object Repository/Login_Page/Login_Username'

2022-03-31 23:31:11 - [MESSAGE][PASSED] - Text 'hello2222' is set on object 'Object Repository/Login_Page/Login_Password'

2022-03-31 23:31:14 - [MESSAGE][PASSED] - Object: 'Object Repository/Login_Page/Login_Submit' is clicked on

2022-03-31 23:31:14 - [MESSAGE][PASSED] - adminSuiteBootstrap.loginFunctionality.login_AdminSuite is PASSED

2022-03-31 23:31:14 - [TEST_STEP][PASSED] - click(findTestObject(path_Dashboard + appName)): Object: 'Object Repository/AdminSuiteBootstrap_Pages/Dashboard_Bootstrap/a_Access AutoNoCFtp' is clicked on

2022-03-31 23:31:15 - [MESSAGE][PASSED] - Object: 'Object Repository/AdminSuiteBootstrap_Pages/Dashboard_Bootstrap/a_Access AutoNoCFtp' is clicked on

2022-03-31 23:31:15 - [TEST_STEP][PASSED] - click(findTestObject(path_VT + "button_Authorization Only")): Object: 'Object Repository/AdminSuiteBootstrap_Pages/VT_Bootstrap/IssueTransactions/button_Authorization Only' is clicked on

2022-03-31 23:31:15 - [MESSAGE][PASSED] - Object: 'Object Repository/AdminSuiteBootstrap_Pages/VT_Bootstrap/IssueTransactions/button_Authorization Only' is clicked on

2022-03-31 23:31:15 - [TEST_STEP][PASSED] - authOnlyKeyboardEntryLink = modifyObjectProperty(findTestObject(path_VT + "a_KeyboardEntry_Sale"), "href", "equals", hrefAppID, true): Modify property of object successfully

2022-03-31 23:31:16 - [MESSAGE][PASSED] - Modify property of object successfully

2022-03-31 23:31:16 - [TEST_STEP][PASSED] - click(authOnlyKeyboardEntryLink): Object: 'Object Repository/AdminSuiteBootstrap_Pages/VT_Bootstrap/IssueTransactions/a_KeyboardEntry_Sale' is clicked on

2022-03-31 23:31:16 - [MESSAGE][PASSED] - Object: 'Object Repository/AdminSuiteBootstrap_Pages/VT_Bootstrap/IssueTransactions/a_KeyboardEntry_Sale' is clicked on

2022-03-31 23:31:16 - [TEST_STEP][PASSED] - adminSuiteBootstrap.virtualTerminalSetData.saleKeyboard_DataDriven(row, dataFile): adminSuiteBootstrap.virtualTerminalSetData.saleKeyboard_DataDriven is PASSED

2022-03-31 23:31:19 - [MESSAGE][PASSED] - Text 'Janaki James' is set on object 'Object Repository/AdminSuiteBootstrap_Pages/VT_Bootstrap/SaleKeyboard/input_cardName'

2022-03-31 23:31:20 - [MESSAGE][PASSED] - All options with value 'MOTO' are selected in object 'Object Repository/AdminSuiteBootstrap_Pages/VT_Bootstrap/SaleKeyboard/select_transactionCategory'  using regular expression

2022-03-31 23:31:21 - [MESSAGE][PASSED] - Execute JavaScript 'arguments[0].value ='5146312200000035' ' successfully

2022-03-31 23:31:21 - [MESSAGE][PASSED] - Execute JavaScript 'arguments[0].value ='123' ' successfully

2022-03-31 23:31:22 - [MESSAGE][PASSED] - All options with value '12' are selected in object 'Object Repository/AdminSuiteBootstrap_Pages/VT_Bootstrap/SaleKeyboard/select_MM'  using regular expression

2022-03-31 23:31:23 - [MESSAGE][PASSED] - All options with value '2025' are selected in object 'Object Repository/AdminSuiteBootstrap_Pages/VT_Bootstrap/SaleKeyboard/select_YYYY'  using regular expression

2022-03-31 23:31:24 - [MESSAGE][PASSED] - Text '1478 Jhatka Palace' is set on object 'Object Repository/AdminSuiteBootstrap_Pages/VT_Bootstrap/SaleKeyboard/input__address'

2022-03-31 23:31:25 - [MESSAGE][PASSED] - Text 'Suite 500' is set on object 'Object Repository/AdminSuiteBootstrap_Pages/VT_Bootstrap/SaleKeyboard/input__address2'

2022-03-31 23:31:26 - [MESSAGE][PASSED] - Text '22201' is set on object 'Object Repository/AdminSuiteBootstrap_Pages/VT_Bootstrap/SaleKeyboard/input__zip'

2022-03-31 23:31:26 - [MESSAGE][PASSED] - Text '' is set on object 'Object Repository/AdminSuiteBootstrap_Pages/VT_Bootstrap/SaleKeyboard/input_emailAddress'

2022-03-31 23:31:28 - [MESSAGE][PASSED] - Text '' is set on object 'Object Repository/AdminSuiteBootstrap_Pages/VT_Bootstrap/SaleKeyboard/input_smsNumber'

2022-03-31 23:31:28 - [MESSAGE][PASSED] - Text '10.50' is set on object 'Object Repository/AdminSuiteBootstrap_Pages/VT_Bootstrap/SaleKeyboard/input_amount'

2022-03-31 23:31:29 - [MESSAGE][PASSED] - Text 'Australia' is set on object 'Object Repository/AdminSuiteBootstrap_Pages/VT_Bootstrap/SaleKeyboard/input_userDefined1'

2022-03-31 23:31:30 - [MESSAGE][PASSED] - Text 'Denmark' is set on object 'Object Repository/AdminSuiteBootstrap_Pages/VT_Bootstrap/SaleKeyboard/input_userDefined2'

2022-03-31 23:31:30 - [MESSAGE][PASSED] - Text 'Sweden' is set on object 'Object Repository/AdminSuiteBootstrap_Pages/VT_Bootstrap/SaleKeyboard/input_userDefined3'

2022-03-31 23:31:31 - [MESSAGE][PASSED] - Text 'Austria' is set on object 'Object Repository/AdminSuiteBootstrap_Pages/VT_Bootstrap/SaleKeyboard/input_userDefined4'

2022-03-31 23:31:32 - [MESSAGE][PASSED] - All options with label 'Orange' are selected in object 'Object Repository/AdminSuiteBootstrap_Pages/VT_Bootstrap/SaleKeyboard/select_UDF5_DropDown'  using regular expression

2022-03-31 23:31:33 - [MESSAGE][PASSED] - All options with label 'Yellow' are selected in object 'Object Repository/AdminSuiteBootstrap_Pages/VT_Bootstrap/SaleKeyboard/select_UDF6_DropDown'  using regular expression

2022-03-31 23:31:34 - [MESSAGE][PASSED] - Text 'Norway' is set on object 'Object Repository/AdminSuiteBootstrap_Pages/VT_Bootstrap/SaleKeyboard/input_userDefined7'

2022-03-31 23:31:35 - [MESSAGE][PASSED] - Text 'Netherlands' is set on object 'Object Repository/AdminSuiteBootstrap_Pages/VT_Bootstrap/SaleKeyboard/input_userDefined8'

2022-03-31 23:31:35 - [MESSAGE][PASSED] - Text 'Switzerland' is set on object 'Object Repository/AdminSuiteBootstrap_Pages/VT_Bootstrap/SaleKeyboard/input_userDefined9'

2022-03-31 23:31:36 - [MESSAGE][PASSED] - Text 'France' is set on object 'Object Repository/AdminSuiteBootstrap_Pages/VT_Bootstrap/SaleKeyboard/input_userDefined10'

2022-03-31 23:31:37 - [MESSAGE][PASSED] - Object: 'Object Repository/AdminSuiteBootstrap_Pages/VT_Bootstrap/SaleKeyboard/button_Submit' is clicked on

2022-03-31 23:31:37 - [MESSAGE][PASSED] - adminSuiteBootstrap.virtualTerminalSetData.saleKeyboard_DataDriven is PASSED

2022-03-31 23:31:37 - [TEST_STEP][PASSED] - verifyTextPresent("Transaction Successful", true): Text 'Transaction Successful' is present on page  using regular expression

2022-03-31 23:31:38 - [MESSAGE][PASSED] - Text 'Transaction Successful' is present on page  using regular expression

2022-03-31 23:31:38 - [TEST_STEP][PASSED] - verifyElementVisible(findTestObject("Object Repository/AdminSuiteBootstrap_Pages/VT_Bootstrap/Receipt/button_Continue")): Object 'Object Repository/AdminSuiteBootstrap_Pages/VT_Bootstrap/Receipt/button_Continue' is visible

2022-03-31 23:31:38 - [MESSAGE][PASSED] - Object 'Object Repository/AdminSuiteBootstrap_Pages/VT_Bootstrap/Receipt/button_Continue' is visible

2022-03-31 23:31:38 - [TEST_STEP][PASSED] - verifyElementPresent(findTestObject("Object Repository/AdminSuiteBootstrap_Pages/VT_Bootstrap/Receipt/button_Continue"), 20): Object 'Object Repository/AdminSuiteBootstrap_Pages/VT_Bootstrap/Receipt/button_Continue' is present

2022-03-31 23:31:39 - [MESSAGE][PASSED] - Object 'Object Repository/AdminSuiteBootstrap_Pages/VT_Bootstrap/Receipt/button_Continue' is present

2022-03-31 23:31:39 - [TEST_STEP][PASSED] - verifyElementVisible(findTestObject("Object Repository/AdminSuiteBootstrap_Pages/VT_Bootstrap/Receipt/button_Print")): Object 'Object Repository/AdminSuiteBootstrap_Pages/VT_Bootstrap/Receipt/button_Print' is visible

2022-03-31 23:31:39 - [MESSAGE][PASSED] - Object 'Object Repository/AdminSuiteBootstrap_Pages/VT_Bootstrap/Receipt/button_Print' is visible

2022-03-31 23:31:39 - [TEST_STEP][PASSED] - verifyElementPresent(findTestObject("Object Repository/AdminSuiteBootstrap_Pages/VT_Bootstrap/Receipt/button_Print"), 20): Object 'Object Repository/AdminSuiteBootstrap_Pages/VT_Bootstrap/Receipt/button_Print' is present

2022-03-31 23:31:39 - [MESSAGE][PASSED] - Object 'Object Repository/AdminSuiteBootstrap_Pages/VT_Bootstrap/Receipt/button_Print' is present

2022-03-31 23:31:39 - [TEST_STEP][PASSED] - verifyTextPresent("Remittance ID", true): Text 'Remittance ID' is present on page  using regular expression

2022-03-31 23:31:40 - [MESSAGE][PASSED] - Text 'Remittance ID' is present on page  using regular expression

2022-03-31 23:31:40 - [TEST_STEP][PASSED] - verifyTextPresent("Received", true): Text 'Received' is present on page  using regular expression

2022-03-31 23:31:40 - [MESSAGE][PASSED] - Text 'Received' is present on page  using regular expression

2022-03-31 23:31:40 - [TEST_STEP][PASSED] - verifyTextPresent("UDF1", true): Text 'UDF1' is present on page  using regular expression

2022-03-31 23:31:40 - [MESSAGE][PASSED] - Text 'UDF1' is present on page  using regular expression

2022-03-31 23:31:40 - [TEST_STEP][PASSED] - verifyTextPresent("UDF2", true): Text 'UDF2' is present on page  using regular expression

2022-03-31 23:31:41 - [MESSAGE][PASSED] - Text 'UDF2' is present on page  using regular expression

2022-03-31 23:31:41 - [TEST_STEP][PASSED] - verifyTextPresent("UDF3", true): Text 'UDF3' is present on page  using regular expression

2022-03-31 23:31:41 - [MESSAGE][PASSED] - Text 'UDF3' is present on page  using regular expression

2022-03-31 23:31:41 - [TEST_STEP][PASSED] - verifyTextPresent("UDF4", true): Text 'UDF4' is present on page  using regular expression

2022-03-31 23:31:41 - [MESSAGE][PASSED] - Text 'UDF4' is present on page  using regular expression

2022-03-31 23:31:41 - [TEST_STEP][PASSED] - verifyTextPresent("UDF5", true): Text 'UDF5' is present on page  using regular expression

2022-03-31 23:31:42 - [MESSAGE][PASSED] - Text 'UDF5' is present on page  using regular expression

2022-03-31 23:31:42 - [TEST_STEP][PASSED] - verifyTextPresent("UDF6", true): Text 'UDF6' is present on page  using regular expression

2022-03-31 23:31:42 - [MESSAGE][PASSED] - Text 'UDF6' is present on page  using regular expression

2022-03-31 23:31:42 - [TEST_STEP][PASSED] - verifyTextPresent("UDF7", true): Text 'UDF7' is present on page  using regular expression

2022-03-31 23:31:42 - [MESSAGE][PASSED] - Text 'UDF7' is present on page  using regular expression

2022-03-31 23:31:42 - [TEST_STEP][PASSED] - verifyTextPresent("UDF8", true): Text 'UDF8' is present on page  using regular expression

2022-03-31 23:31:43 - [MESSAGE][PASSED] - Text 'UDF8' is present on page  using regular expression

2022-03-31 23:31:43 - [TEST_STEP][PASSED] - verifyTextPresent("UDF9", true): Text 'UDF9' is present on page  using regular expression

2022-03-31 23:31:43 - [MESSAGE][PASSED] - Text 'UDF9' is present on page  using regular expression

2022-03-31 23:31:43 - [TEST_STEP][PASSED] - verifyTextPresent("UDF 10", true): Text 'UDF 10' is present on page  using regular expression

2022-03-31 23:31:43 - [MESSAGE][PASSED] - Text 'UDF 10' is present on page  using regular expression

2022-03-31 23:31:43 - [TEST_STEP][PASSED] - verifyTextPresent("Australia", true): Text 'Australia' is present on page  using regular expression

2022-03-31 23:31:44 - [MESSAGE][PASSED] - Text 'Australia' is present on page  using regular expression

2022-03-31 23:31:44 - [TEST_STEP][PASSED] - verifyTextPresent("Denmark", true): Text 'Denmark' is present on page  using regular expression

2022-03-31 23:31:44 - [MESSAGE][PASSED] - Text 'Denmark' is present on page  using regular expression

2022-03-31 23:31:44 - [TEST_STEP][PASSED] - verifyTextPresent("Sweden", true): Text 'Sweden' is present on page  using regular expression

2022-03-31 23:31:44 - [MESSAGE][PASSED] - Text 'Sweden' is present on page  using regular expression

2022-03-31 23:31:44 - [TEST_STEP][PASSED] - verifyTextPresent("Austria", true): Text 'Austria' is present on page  using regular expression

2022-03-31 23:31:45 - [MESSAGE][PASSED] - Text 'Austria' is present on page  using regular expression

2022-03-31 23:31:45 - [TEST_STEP][PASSED] - verifyTextPresent("Orange Recorded", true): Text 'Orange Recorded' is present on page  using regular expression

2022-03-31 23:31:45 - [MESSAGE][PASSED] - Text 'Orange Recorded' is present on page  using regular expression

2022-03-31 23:31:45 - [TEST_STEP][PASSED] - verifyTextPresent("Yellow Recorded", true): Text 'Yellow Recorded' is present on page  using regular expression

2022-03-31 23:31:45 - [MESSAGE][PASSED] - Text 'Yellow Recorded' is present on page  using regular expression

2022-03-31 23:31:45 - [TEST_STEP][PASSED] - verifyTextPresent("Norway", true): Text 'Norway' is present on page  using regular expression

2022-03-31 23:31:46 - [MESSAGE][PASSED] - Text 'Norway' is present on page  using regular expression

2022-03-31 23:31:46 - [TEST_STEP][PASSED] - verifyTextPresent("Netherlands", true): Text 'Netherlands' is present on page  using regular expression

2022-03-31 23:31:46 - [MESSAGE][PASSED] - Text 'Netherlands' is present on page  using regular expression

2022-03-31 23:31:46 - [TEST_STEP][PASSED] - verifyTextPresent("Switzerland", true): Text 'Switzerland' is present on page  using regular expression

2022-03-31 23:31:46 - [MESSAGE][PASSED] - Text 'Switzerland' is present on page  using regular expression

2022-03-31 23:31:46 - [TEST_STEP][PASSED] - verifyTextPresent("France", true): Text 'France' is present on page  using regular expression

2022-03-31 23:31:47 - [MESSAGE][PASSED] - Text 'France' is present on page  using regular expression

2022-03-31 23:31:47 - [TEST_STEP][PASSED] - verifyTextPresent("Amount", true): Text 'Amount' is present on page  using regular expression

2022-03-31 23:31:47 - [MESSAGE][PASSED] - Text 'Amount' is present on page  using regular expression

2022-03-31 23:31:47 - [TEST_STEP][PASSED] - verifyTextPresent("Total Amount", true): Text 'Total Amount' is present on page  using regular expression

2022-03-31 23:31:47 - [MESSAGE][PASSED] - Text 'Total Amount' is present on page  using regular expression

2022-03-31 23:31:47 - [TEST_STEP][PASSED] - verifyTextPresent("Transaction Type", true): Text 'Transaction Type' is present on page  using regular expression

2022-03-31 23:31:48 - [MESSAGE][PASSED] - Text 'Transaction Type' is present on page  using regular expression

2022-03-31 23:31:48 - [TEST_STEP][PASSED] - verifyTextPresent("10.50", true): Text '10.50' is present on page  using regular expression

2022-03-31 23:31:48 - [MESSAGE][PASSED] - Text '10.50' is present on page  using regular expression

2022-03-31 23:31:48 - [TEST_STEP][PASSED] - verifyTextPresent("Authorization", true): Text 'Authorization' is present on page  using regular expression

2022-03-31 23:31:48 - [MESSAGE][PASSED] - Text 'Authorization' is present on page  using regular expression

2022-03-31 23:31:48 - [TEST_STEP][PASSED] - verifyTextPresent("Card Information", true): Text 'Card Information' is present on page  using regular expression

2022-03-31 23:31:49 - [MESSAGE][PASSED] - Text 'Card Information' is present on page  using regular expression

2022-03-31 23:31:49 - [TEST_STEP][PASSED] - cardNameV = findTestData(dataFile).getValue("CardNameV", row): null

2022-03-31 23:31:49 - [TEST_STEP][PASSED] - al1V = findTestData(dataFile).getValue("AL1", row): null

2022-03-31 23:31:49 - [TEST_STEP][PASSED] - al2V = findTestData(dataFile).getValue("AL2", row): null

2022-03-31 23:31:49 - [TEST_STEP][PASSED] - zipV = findTestData(dataFile).getValue("ZIP", row): null

2022-03-31 23:31:49 - [TEST_STEP][PASSED] - cardTypeV = findTestData(dataFile).getValue("CardType", row): null

2022-03-31 23:31:49 - [TEST_STEP][PASSED] - last4V = findTestData(dataFile).getValue("Last4", row): null

2022-03-31 23:31:49 - [TEST_STEP][PASSED] - verifyTextPresent(cardNameV, true): Text 'JANAKI JAMES' is present on page  using regular expression

2022-03-31 23:31:50 - [MESSAGE][PASSED] - Text 'JANAKI JAMES' is present on page  using regular expression

2022-03-31 23:31:50 - [TEST_STEP][PASSED] - verifyTextPresent("Address Line 1", true): Text 'Address Line 1' is present on page  using regular expression

2022-03-31 23:31:50 - [MESSAGE][PASSED] - Text 'Address Line 1' is present on page  using regular expression

2022-03-31 23:31:50 - [TEST_STEP][PASSED] - verifyTextPresent("Address Line 2", true): Text 'Address Line 2' is present on page  using regular expression

2022-03-31 23:31:50 - [MESSAGE][PASSED] - Text 'Address Line 2' is present on page  using regular expression

2022-03-31 23:31:50 - [TEST_STEP][PASSED] - verifyTextPresent("Country", true): Text 'Country' is present on page  using regular expression

2022-03-31 23:31:51 - [MESSAGE][PASSED] - Text 'Country' is present on page  using regular expression

2022-03-31 23:31:51 - [TEST_STEP][PASSED] - verifyTextPresent("City", true): Text 'City' is present on page  using regular expression

2022-03-31 23:31:51 - [MESSAGE][PASSED] - Text 'City' is present on page  using regular expression

2022-03-31 23:31:51 - [TEST_STEP][PASSED] - verifyTextPresent("State", true): Text 'State' is present on page  using regular expression

2022-03-31 23:31:51 - [MESSAGE][PASSED] - Text 'State' is present on page  using regular expression

2022-03-31 23:31:51 - [TEST_STEP][PASSED] - verifyTextPresent("ZIP Code", true): Text 'ZIP Code' is present on page  using regular expression

2022-03-31 23:31:52 - [MESSAGE][PASSED] - Text 'ZIP Code' is present on page  using regular expression

2022-03-31 23:31:52 - [TEST_STEP][PASSED] - verifyTextPresent(al1V, true): Text '1478 Jhatka Palace' is present on page  using regular expression

2022-03-31 23:31:52 - [MESSAGE][PASSED] - Text '1478 Jhatka Palace' is present on page  using regular expression

2022-03-31 23:31:52 - [TEST_STEP][PASSED] - verifyTextPresent(al2V, true): Text 'Suite 500' is present on page  using regular expression

2022-03-31 23:31:52 - [MESSAGE][PASSED] - Text 'Suite 500' is present on page  using regular expression

2022-03-31 23:31:52 - [TEST_STEP][PASSED] - verifyTextPresent("United States", true): Text 'United States' is present on page  using regular expression

2022-03-31 23:31:53 - [MESSAGE][PASSED] - Text 'United States' is present on page  using regular expression

2022-03-31 23:31:53 - [TEST_STEP][PASSED] - verifyTextPresent("ARLINGTON", true): Text 'ARLINGTON' is present on page  using regular expression

2022-03-31 23:31:53 - [MESSAGE][PASSED] - Text 'ARLINGTON' is present on page  using regular expression

2022-03-31 23:31:53 - [TEST_STEP][PASSED] - verifyTextPresent("Virginia", true): Text 'Virginia' is present on page  using regular expression

2022-03-31 23:31:53 - [MESSAGE][PASSED] - Text 'Virginia' is present on page  using regular expression

2022-03-31 23:31:53 - [TEST_STEP][PASSED] - verifyTextPresent(zipV, true): Text '22201' is present on page  using regular expression

2022-03-31 23:31:54 - [MESSAGE][PASSED] - Text '22201' is present on page  using regular expression

2022-03-31 23:31:54 - [TEST_STEP][PASSED] - verifyTextPresent(cardTypeV, true): Text 'MasterCard' is present on page  using regular expression

2022-03-31 23:31:54 - [MESSAGE][PASSED] - Text 'MasterCard' is present on page  using regular expression

2022-03-31 23:31:54 - [TEST_STEP][PASSED] - verifyTextPresent(last4V, true): Text '0035' is present on page  using regular expression

2022-03-31 23:31:55 - [MESSAGE][PASSED] - Text '0035' is present on page  using regular expression

2022-03-31 23:31:55 - [TEST_STEP][PASSED] - closeBrowser(): Browser is closed

2022-03-31 23:31:55 - [MESSAGE][PASSED] - Browser is closed

2022-03-31 23:31:55 - [TEST_STEP][PASSED] - ExecuteTC = findTestData(dataFile).getValue("Execute", row): null

2022-03-31 23:31:55 - [TEST_STEP][PASSED] - out.println("Value of Execute is : " + ExecuteTC): null

2022-03-31 23:31:55 - [TEST_STEP][PASSED] - switch (executionProfile): null

2022-03-31 23:31:55 - [TEST_STEP][PASSED] - case "QAProfile":: null

2022-03-31 23:31:55 - [TEST_STEP][PASSED] - appName = findTestData(dataFile).getValue("AppNameQA", row): null

2022-03-31 23:31:56 - [TEST_STEP][PASSED] - appID = findTestData(dataFile).getValue("AppIDQA", row): null

2022-03-31 23:31:56 - [TEST_STEP][PASSED] - break: null

2022-03-31 23:31:56 - [TEST_STEP][PASSED] - hrefAppID = li_1 + appID + li_2: null

2022-03-31 23:31:56 - [TEST_STEP][PASSED] - hrefApp = li_1 + appID + "/": null

2022-03-31 23:31:56 - [TEST_STEP][PASSED] - println("hrefApp : " + hrefApp): null

2022-03-31 23:31:56 - [TEST_STEP][PASSED] - if (ExecuteTC.equalsIgnoreCase("Y")): Browser is closed

2022-03-31 23:31:56 - [TEST_STEP][PASSED] - out.println("Begin Record Number: " + row): null

2022-03-31 23:31:56 - [TEST_STEP][PASSED] - today = new java.util.Date(): null

2022-03-31 23:31:56 - [TEST_STEP][PASSED] - println(today): null

2022-03-31 23:31:56 - [TEST_STEP][PASSED] - datText = today: null

2022-03-31 23:31:56 - [TEST_STEP][PASSED] - adminSuiteBootstrap.loginFunctionality.login_AdminSuite(): adminSuiteBootstrap.loginFunctionality.login_AdminSuite is PASSED

2022-03-31 23:31:56 - [MESSAGE][INFO] - Starting 'Chrome' driver

2022-03-31 23:31:56 - [MESSAGE][INFO] - User set preference: ['acceptInsecureCerts', 'true']

2022-03-31 23:31:56 - [MESSAGE][INFO] - Action delay is set to 0 milliseconds

2022-03-31 23:31:59 - [MESSAGE][PASSED] - Browser is opened with url: 'https://qa.velocitypayment.com/admin/imtiaz'

2022-03-31 23:31:59 - [MESSAGE][PASSED] - Current window maximized

2022-03-31 23:31:59 - [MESSAGE][PASSED] - Object 'Object Repository/Login_Page/Login_Username' is present

2022-03-31 23:32:00 - [MESSAGE][PASSED] - Text 'iahmed' is set on object 'Object Repository/Login_Page/Login_Username'

2022-03-31 23:32:00 - [MESSAGE][PASSED] - Text 'hello2222' is set on object 'Object Repository/Login_Page/Login_Password'

2022-03-31 23:32:03 - [MESSAGE][PASSED] - Object: 'Object Repository/Login_Page/Login_Submit' is clicked on

2022-03-31 23:32:03 - [MESSAGE][PASSED] - adminSuiteBootstrap.loginFunctionality.login_AdminSuite is PASSED

2022-03-31 23:32:03 - [TEST_STEP][PASSED] - click(findTestObject(path_Dashboard + appName)): Object: 'Object Repository/AdminSuiteBootstrap_Pages/Dashboard_Bootstrap/a_Access AutoNoCFtp' is clicked on

2022-03-31 23:32:04 - [MESSAGE][PASSED] - Object: 'Object Repository/AdminSuiteBootstrap_Pages/Dashboard_Bootstrap/a_Access AutoNoCFtp' is clicked on

2022-03-31 23:32:04 - [TEST_STEP][PASSED] - click(findTestObject(path_VT + "button_Authorization Only")): Object: 'Object Repository/AdminSuiteBootstrap_Pages/VT_Bootstrap/IssueTransactions/button_Authorization Only' is clicked on

2022-03-31 23:32:05 - [MESSAGE][PASSED] - Object: 'Object Repository/AdminSuiteBootstrap_Pages/VT_Bootstrap/IssueTransactions/button_Authorization Only' is clicked on

2022-03-31 23:32:05 - [TEST_STEP][PASSED] - authOnlyKeyboardEntryLink = modifyObjectProperty(findTestObject(path_VT + "a_KeyboardEntry_Sale"), "href", "equals", hrefAppID, true): Modify property of object successfully

2022-03-31 23:32:05 - [MESSAGE][PASSED] - Modify property of object successfully

2022-03-31 23:32:05 - [TEST_STEP][PASSED] - click(authOnlyKeyboardEntryLink): Object: 'Object Repository/AdminSuiteBootstrap_Pages/VT_Bootstrap/IssueTransactions/a_KeyboardEntry_Sale' is clicked on

2022-03-31 23:32:06 - [MESSAGE][PASSED] - Object: 'Object Repository/AdminSuiteBootstrap_Pages/VT_Bootstrap/IssueTransactions/a_KeyboardEntry_Sale' is clicked on

2022-03-31 23:32:06 - [TEST_STEP][PASSED] - adminSuiteBootstrap.virtualTerminalSetData.saleKeyboard_DataDriven(row, dataFile): adminSuiteBootstrap.virtualTerminalSetData.saleKeyboard_DataDriven is PASSED

2022-03-31 23:32:08 - [MESSAGE][PASSED] - Text 'Janaki James' is set on object 'Object Repository/AdminSuiteBootstrap_Pages/VT_Bootstrap/SaleKeyboard/input_cardName'

2022-03-31 23:32:09 - [MESSAGE][PASSED] - All options with value 'MOTO' are selected in object 'Object Repository/AdminSuiteBootstrap_Pages/VT_Bootstrap/SaleKeyboard/select_transactionCategory'  using regular expression

2022-03-31 23:32:10 - [MESSAGE][PASSED] - Execute JavaScript 'arguments[0].value ='371449635392376' ' successfully

2022-03-31 23:32:10 - [MESSAGE][PASSED] - Execute JavaScript 'arguments[0].value ='123' ' successfully

2022-03-31 23:32:11 - [MESSAGE][PASSED] - All options with value '12' are selected in object 'Object Repository/AdminSuiteBootstrap_Pages/VT_Bootstrap/SaleKeyboard/select_MM'  using regular expression

2022-03-31 23:32:13 - [MESSAGE][PASSED] - All options with value '2025' are selected in object 'Object Repository/AdminSuiteBootstrap_Pages/VT_Bootstrap/SaleKeyboard/select_YYYY'  using regular expression

2022-03-31 23:32:13 - [MESSAGE][PASSED] - Text '550 Swan Lake' is set on object 'Object Repository/AdminSuiteBootstrap_Pages/VT_Bootstrap/SaleKeyboard/input__address'

2022-03-31 23:32:14 - [MESSAGE][PASSED] - Text 'Suite 500' is set on object 'Object Repository/AdminSuiteBootstrap_Pages/VT_Bootstrap/SaleKeyboard/input__address2'

2022-03-31 23:32:15 - [MESSAGE][PASSED] - Text '22201' is set on object 'Object Repository/AdminSuiteBootstrap_Pages/VT_Bootstrap/SaleKeyboard/input__zip'

2022-03-31 23:32:15 - [MESSAGE][PASSED] - Text '' is set on object 'Object Repository/AdminSuiteBootstrap_Pages/VT_Bootstrap/SaleKeyboard/input_emailAddress'

2022-03-31 23:32:17 - [MESSAGE][PASSED] - Text '' is set on object 'Object Repository/AdminSuiteBootstrap_Pages/VT_Bootstrap/SaleKeyboard/input_smsNumber'

2022-03-31 23:32:17 - [MESSAGE][PASSED] - Text '10.50' is set on object 'Object Repository/AdminSuiteBootstrap_Pages/VT_Bootstrap/SaleKeyboard/input_amount'

2022-03-31 23:32:18 - [MESSAGE][PASSED] - Text 'Australia' is set on object 'Object Repository/AdminSuiteBootstrap_Pages/VT_Bootstrap/SaleKeyboard/input_userDefined1'

2022-03-31 23:32:19 - [MESSAGE][PASSED] - Text 'Denmark' is set on object 'Object Repository/AdminSuiteBootstrap_Pages/VT_Bootstrap/SaleKeyboard/input_userDefined2'

2022-03-31 23:32:19 - [MESSAGE][PASSED] - Text 'Sweden' is set on object 'Object Repository/AdminSuiteBootstrap_Pages/VT_Bootstrap/SaleKeyboard/input_userDefined3'

2022-03-31 23:32:20 - [MESSAGE][PASSED] - Text 'Austria' is set on object 'Object Repository/AdminSuiteBootstrap_Pages/VT_Bootstrap/SaleKeyboard/input_userDefined4'

2022-03-31 23:32:21 - [MESSAGE][PASSED] - All options with label 'Orange' are selected in object 'Object Repository/AdminSuiteBootstrap_Pages/VT_Bootstrap/SaleKeyboard/select_UDF5_DropDown'  using regular expression

2022-03-31 23:32:22 - [MESSAGE][PASSED] - All options with label 'Yellow' are selected in object 'Object Repository/AdminSuiteBootstrap_Pages/VT_Bootstrap/SaleKeyboard/select_UDF6_DropDown'  using regular expression

2022-03-31 23:32:23 - [MESSAGE][PASSED] - Text 'Norway' is set on object 'Object Repository/AdminSuiteBootstrap_Pages/VT_Bootstrap/SaleKeyboard/input_userDefined7'

2022-03-31 23:32:24 - [MESSAGE][PASSED] - Text 'Netherlands' is set on object 'Object Repository/AdminSuiteBootstrap_Pages/VT_Bootstrap/SaleKeyboard/input_userDefined8'

2022-03-31 23:32:24 - [MESSAGE][PASSED] - Text 'Switzerland' is set on object 'Object Repository/AdminSuiteBootstrap_Pages/VT_Bootstrap/SaleKeyboard/input_userDefined9'

2022-03-31 23:32:25 - [MESSAGE][PASSED] - Text 'France' is set on object 'Object Repository/AdminSuiteBootstrap_Pages/VT_Bootstrap/SaleKeyboard/input_userDefined10'

2022-03-31 23:32:26 - [MESSAGE][PASSED] - Object: 'Object Repository/AdminSuiteBootstrap_Pages/VT_Bootstrap/SaleKeyboard/button_Submit' is clicked on

2022-03-31 23:32:26 - [MESSAGE][PASSED] - adminSuiteBootstrap.virtualTerminalSetData.saleKeyboard_DataDriven is PASSED

2022-03-31 23:32:26 - [TEST_STEP][PASSED] - verifyTextPresent("Transaction Successful", true): Text 'Transaction Successful' is present on page  using regular expression

2022-03-31 23:32:27 - [MESSAGE][PASSED] - Text 'Transaction Successful' is present on page  using regular expression

2022-03-31 23:32:27 - [TEST_STEP][PASSED] - verifyElementVisible(findTestObject("Object Repository/AdminSuiteBootstrap_Pages/VT_Bootstrap/Receipt/button_Continue")): Object 'Object Repository/AdminSuiteBootstrap_Pages/VT_Bootstrap/Receipt/button_Continue' is visible

2022-03-31 23:32:27 - [MESSAGE][PASSED] - Object 'Object Repository/AdminSuiteBootstrap_Pages/VT_Bootstrap/Receipt/button_Continue' is visible

2022-03-31 23:32:27 - [TEST_STEP][PASSED] - verifyElementPresent(findTestObject("Object Repository/AdminSuiteBootstrap_Pages/VT_Bootstrap/Receipt/button_Continue"), 20): Object 'Object Repository/AdminSuiteBootstrap_Pages/VT_Bootstrap/Receipt/button_Continue' is present

2022-03-31 23:32:28 - [MESSAGE][PASSED] - Object 'Object Repository/AdminSuiteBootstrap_Pages/VT_Bootstrap/Receipt/button_Continue' is present

2022-03-31 23:32:28 - [TEST_STEP][PASSED] - verifyElementVisible(findTestObject("Object Repository/AdminSuiteBootstrap_Pages/VT_Bootstrap/Receipt/button_Print")): Object 'Object Repository/AdminSuiteBootstrap_Pages/VT_Bootstrap/Receipt/button_Print' is visible

2022-03-31 23:32:28 - [MESSAGE][PASSED] - Object 'Object Repository/AdminSuiteBootstrap_Pages/VT_Bootstrap/Receipt/button_Print' is visible

2022-03-31 23:32:28 - [TEST_STEP][PASSED] - verifyElementPresent(findTestObject("Object Repository/AdminSuiteBootstrap_Pages/VT_Bootstrap/Receipt/button_Print"), 20): Object 'Object Repository/AdminSuiteBootstrap_Pages/VT_Bootstrap/Receipt/button_Print' is present

2022-03-31 23:32:28 - [MESSAGE][PASSED] - Object 'Object Repository/AdminSuiteBootstrap_Pages/VT_Bootstrap/Receipt/button_Print' is present

2022-03-31 23:32:28 - [TEST_STEP][PASSED] - verifyTextPresent("Remittance ID", true): Text 'Remittance ID' is present on page  using regular expression

2022-03-31 23:32:29 - [MESSAGE][PASSED] - Text 'Remittance ID' is present on page  using regular expression

2022-03-31 23:32:29 - [TEST_STEP][PASSED] - verifyTextPresent("Received", true): Text 'Received' is present on page  using regular expression

2022-03-31 23:32:29 - [MESSAGE][PASSED] - Text 'Received' is present on page  using regular expression

2022-03-31 23:32:29 - [TEST_STEP][PASSED] - verifyTextPresent("UDF1", true): Text 'UDF1' is present on page  using regular expression

2022-03-31 23:32:29 - [MESSAGE][PASSED] - Text 'UDF1' is present on page  using regular expression

2022-03-31 23:32:29 - [TEST_STEP][PASSED] - verifyTextPresent("UDF2", true): Text 'UDF2' is present on page  using regular expression

2022-03-31 23:32:30 - [MESSAGE][PASSED] - Text 'UDF2' is present on page  using regular expression

2022-03-31 23:32:30 - [TEST_STEP][PASSED] - verifyTextPresent("UDF3", true): Text 'UDF3' is present on page  using regular expression

2022-03-31 23:32:30 - [MESSAGE][PASSED] - Text 'UDF3' is present on page  using regular expression

2022-03-31 23:32:30 - [TEST_STEP][PASSED] - verifyTextPresent("UDF4", true): Text 'UDF4' is present on page  using regular expression

2022-03-31 23:32:30 - [MESSAGE][PASSED] - Text 'UDF4' is present on page  using regular expression

2022-03-31 23:32:30 - [TEST_STEP][PASSED] - verifyTextPresent("UDF5", true): Text 'UDF5' is present on page  using regular expression

2022-03-31 23:32:31 - [MESSAGE][PASSED] - Text 'UDF5' is present on page  using regular expression

2022-03-31 23:32:31 - [TEST_STEP][PASSED] - verifyTextPresent("UDF6", true): Text 'UDF6' is present on page  using regular expression

2022-03-31 23:32:31 - [MESSAGE][PASSED] - Text 'UDF6' is present on page  using regular expression

2022-03-31 23:32:31 - [TEST_STEP][PASSED] - verifyTextPresent("UDF7", true): Text 'UDF7' is present on page  using regular expression

2022-03-31 23:32:31 - [MESSAGE][PASSED] - Text 'UDF7' is present on page  using regular expression

2022-03-31 23:32:31 - [TEST_STEP][PASSED] - verifyTextPresent("UDF8", true): Text 'UDF8' is present on page  using regular expression

2022-03-31 23:32:32 - [MESSAGE][PASSED] - Text 'UDF8' is present on page  using regular expression

2022-03-31 23:32:32 - [TEST_STEP][PASSED] - verifyTextPresent("UDF9", true): Text 'UDF9' is present on page  using regular expression

2022-03-31 23:32:32 - [MESSAGE][PASSED] - Text 'UDF9' is present on page  using regular expression

2022-03-31 23:32:32 - [TEST_STEP][PASSED] - verifyTextPresent("UDF 10", true): Text 'UDF 10' is present on page  using regular expression

2022-03-31 23:32:32 - [MESSAGE][PASSED] - Text 'UDF 10' is present on page  using regular expression

2022-03-31 23:32:32 - [TEST_STEP][PASSED] - verifyTextPresent("Australia", true): Text 'Australia' is present on page  using regular expression

2022-03-31 23:32:33 - [MESSAGE][PASSED] - Text 'Australia' is present on page  using regular expression

2022-03-31 23:32:33 - [TEST_STEP][PASSED] - verifyTextPresent("Denmark", true): Text 'Denmark' is present on page  using regular expression

2022-03-31 23:32:33 - [MESSAGE][PASSED] - Text 'Denmark' is present on page  using regular expression

2022-03-31 23:32:33 - [TEST_STEP][PASSED] - verifyTextPresent("Sweden", true): Text 'Sweden' is present on page  using regular expression

2022-03-31 23:32:33 - [MESSAGE][PASSED] - Text 'Sweden' is present on page  using regular expression

2022-03-31 23:32:33 - [TEST_STEP][PASSED] - verifyTextPresent("Austria", true): Text 'Austria' is present on page  using regular expression

2022-03-31 23:32:34 - [MESSAGE][PASSED] - Text 'Austria' is present on page  using regular expression

2022-03-31 23:32:34 - [TEST_STEP][PASSED] - verifyTextPresent("Orange Recorded", true): Text 'Orange Recorded' is present on page  using regular expression

2022-03-31 23:32:34 - [MESSAGE][PASSED] - Text 'Orange Recorded' is present on page  using regular expression

2022-03-31 23:32:34 - [TEST_STEP][PASSED] - verifyTextPresent("Yellow Recorded", true): Text 'Yellow Recorded' is present on page  using regular expression

2022-03-31 23:32:34 - [MESSAGE][PASSED] - Text 'Yellow Recorded' is present on page  using regular expression

2022-03-31 23:32:34 - [TEST_STEP][PASSED] - verifyTextPresent("Norway", true): Text 'Norway' is present on page  using regular expression

2022-03-31 23:32:35 - [MESSAGE][PASSED] - Text 'Norway' is present on page  using regular expression

2022-03-31 23:32:35 - [TEST_STEP][PASSED] - verifyTextPresent("Netherlands", true): Text 'Netherlands' is present on page  using regular expression

2022-03-31 23:32:35 - [MESSAGE][PASSED] - Text 'Netherlands' is present on page  using regular expression

2022-03-31 23:32:35 - [TEST_STEP][PASSED] - verifyTextPresent("Switzerland", true): Text 'Switzerland' is present on page  using regular expression

2022-03-31 23:32:35 - [MESSAGE][PASSED] - Text 'Switzerland' is present on page  using regular expression

2022-03-31 23:32:35 - [TEST_STEP][PASSED] - verifyTextPresent("France", true): Text 'France' is present on page  using regular expression

2022-03-31 23:32:36 - [MESSAGE][PASSED] - Text 'France' is present on page  using regular expression

2022-03-31 23:32:36 - [TEST_STEP][PASSED] - verifyTextPresent("Amount", true): Text 'Amount' is present on page  using regular expression

2022-03-31 23:32:36 - [MESSAGE][PASSED] - Text 'Amount' is present on page  using regular expression

2022-03-31 23:32:36 - [TEST_STEP][PASSED] - verifyTextPresent("Total Amount", true): Text 'Total Amount' is present on page  using regular expression

2022-03-31 23:32:36 - [MESSAGE][PASSED] - Text 'Total Amount' is present on page  using regular expression

2022-03-31 23:32:36 - [TEST_STEP][PASSED] - verifyTextPresent("Transaction Type", true): Text 'Transaction Type' is present on page  using regular expression

2022-03-31 23:32:37 - [MESSAGE][PASSED] - Text 'Transaction Type' is present on page  using regular expression

2022-03-31 23:32:37 - [TEST_STEP][PASSED] - verifyTextPresent("10.50", true): Text '10.50' is present on page  using regular expression

2022-03-31 23:32:37 - [MESSAGE][PASSED] - Text '10.50' is present on page  using regular expression

2022-03-31 23:32:37 - [TEST_STEP][PASSED] - verifyTextPresent("Authorization", true): Text 'Authorization' is present on page  using regular expression

2022-03-31 23:32:37 - [MESSAGE][PASSED] - Text 'Authorization' is present on page  using regular expression

2022-03-31 23:32:37 - [TEST_STEP][PASSED] - verifyTextPresent("Card Information", true): Text 'Card Information' is present on page  using regular expression

2022-03-31 23:32:38 - [MESSAGE][PASSED] - Text 'Card Information' is present on page  using regular expression

2022-03-31 23:32:38 - [TEST_STEP][PASSED] - cardNameV = findTestData(dataFile).getValue("CardNameV", row): null

2022-03-31 23:32:38 - [TEST_STEP][PASSED] - al1V = findTestData(dataFile).getValue("AL1", row): null

2022-03-31 23:32:38 - [TEST_STEP][PASSED] - al2V = findTestData(dataFile).getValue("AL2", row): null

2022-03-31 23:32:38 - [TEST_STEP][PASSED] - zipV = findTestData(dataFile).getValue("ZIP", row): null

2022-03-31 23:32:38 - [TEST_STEP][PASSED] - cardTypeV = findTestData(dataFile).getValue("CardType", row): null

2022-03-31 23:32:38 - [TEST_STEP][PASSED] - last4V = findTestData(dataFile).getValue("Last4", row): null

2022-03-31 23:32:38 - [TEST_STEP][PASSED] - verifyTextPresent(cardNameV, true): Text 'JANAKI JAMES' is present on page  using regular expression

2022-03-31 23:32:39 - [MESSAGE][PASSED] - Text 'JANAKI JAMES' is present on page  using regular expression

2022-03-31 23:32:39 - [TEST_STEP][PASSED] - verifyTextPresent("Address Line 1", true): Text 'Address Line 1' is present on page  using regular expression

2022-03-31 23:32:39 - [MESSAGE][PASSED] - Text 'Address Line 1' is present on page  using regular expression

2022-03-31 23:32:39 - [TEST_STEP][PASSED] - verifyTextPresent("Address Line 2", true): Text 'Address Line 2' is present on page  using regular expression

2022-03-31 23:32:39 - [MESSAGE][PASSED] - Text 'Address Line 2' is present on page  using regular expression

2022-03-31 23:32:39 - [TEST_STEP][PASSED] - verifyTextPresent("Country", true): Text 'Country' is present on page  using regular expression

2022-03-31 23:32:40 - [MESSAGE][PASSED] - Text 'Country' is present on page  using regular expression

2022-03-31 23:32:40 - [TEST_STEP][PASSED] - verifyTextPresent("City", true): Text 'City' is present on page  using regular expression

2022-03-31 23:32:40 - [MESSAGE][PASSED] - Text 'City' is present on page  using regular expression

2022-03-31 23:32:40 - [TEST_STEP][PASSED] - verifyTextPresent("State", true): Text 'State' is present on page  using regular expression

2022-03-31 23:32:40 - [MESSAGE][PASSED] - Text 'State' is present on page  using regular expression

2022-03-31 23:32:40 - [TEST_STEP][PASSED] - verifyTextPresent("ZIP Code", true): Text 'ZIP Code' is present on page  using regular expression

2022-03-31 23:32:41 - [MESSAGE][PASSED] - Text 'ZIP Code' is present on page  using regular expression

2022-03-31 23:32:41 - [TEST_STEP][PASSED] - verifyTextPresent(al1V, true): Text '550 Swan Lake' is present on page  using regular expression

2022-03-31 23:32:41 - [MESSAGE][PASSED] - Text '550 Swan Lake' is present on page  using regular expression

2022-03-31 23:32:41 - [TEST_STEP][PASSED] - verifyTextPresent(al2V, true): Text 'Suite 500' is present on page  using regular expression

2022-03-31 23:32:41 - [MESSAGE][PASSED] - Text 'Suite 500' is present on page  using regular expression

2022-03-31 23:32:41 - [TEST_STEP][PASSED] - verifyTextPresent("United States", true): Text 'United States' is present on page  using regular expression

2022-03-31 23:32:42 - [MESSAGE][PASSED] - Text 'United States' is present on page  using regular expression

2022-03-31 23:32:42 - [TEST_STEP][PASSED] - verifyTextPresent("ARLINGTON", true): Text 'ARLINGTON' is present on page  using regular expression

2022-03-31 23:32:42 - [MESSAGE][PASSED] - Text 'ARLINGTON' is present on page  using regular expression

2022-03-31 23:32:42 - [TEST_STEP][PASSED] - verifyTextPresent("Virginia", true): Text 'Virginia' is present on page  using regular expression

2022-03-31 23:32:42 - [MESSAGE][PASSED] - Text 'Virginia' is present on page  using regular expression

2022-03-31 23:32:42 - [TEST_STEP][PASSED] - verifyTextPresent(zipV, true): Text '22201' is present on page  using regular expression

2022-03-31 23:32:43 - [MESSAGE][PASSED] - Text '22201' is present on page  using regular expression

2022-03-31 23:32:43 - [TEST_STEP][PASSED] - verifyTextPresent(cardTypeV, true): Text 'American Express' is present on page  using regular expression

2022-03-31 23:32:43 - [MESSAGE][PASSED] - Text 'American Express' is present on page  using regular expression

2022-03-31 23:32:43 - [TEST_STEP][PASSED] - verifyTextPresent(last4V, true): Text '2376' is present on page  using regular expression

2022-03-31 23:32:43 - [MESSAGE][PASSED] - Text '2376' is present on page  using regular expression

2022-03-31 23:32:43 - [TEST_STEP][PASSED] - closeBrowser(): Browser is closed

2022-03-31 23:32:44 - [MESSAGE][PASSED] - Browser is closed

2022-03-31 23:32:44 - [TEST_STEP][PASSED] - ExecuteTC = findTestData(dataFile).getValue("Execute", row): null

2022-03-31 23:32:44 - [TEST_STEP][PASSED] - out.println("Value of Execute is : " + ExecuteTC): null

2022-03-31 23:32:44 - [TEST_STEP][PASSED] - switch (executionProfile): null

2022-03-31 23:32:44 - [TEST_STEP][PASSED] - case "QAProfile":: null

2022-03-31 23:32:44 - [TEST_STEP][PASSED] - appName = findTestData(dataFile).getValue("AppNameQA", row): null

2022-03-31 23:32:44 - [TEST_STEP][PASSED] - appID = findTestData(dataFile).getValue("AppIDQA", row): null

2022-03-31 23:32:44 - [TEST_STEP][PASSED] - break: null

2022-03-31 23:32:44 - [TEST_STEP][PASSED] - hrefAppID = li_1 + appID + li_2: null

2022-03-31 23:32:44 - [TEST_STEP][PASSED] - hrefApp = li_1 + appID + "/": null

2022-03-31 23:32:44 - [TEST_STEP][PASSED] - println("hrefApp : " + hrefApp): null

2022-03-31 23:32:44 - [TEST_STEP][PASSED] - if (ExecuteTC.equalsIgnoreCase("Y")): Browser is closed

2022-03-31 23:32:44 - [TEST_STEP][PASSED] - out.println("Begin Record Number: " + row): null

2022-03-31 23:32:44 - [TEST_STEP][PASSED] - today = new java.util.Date(): null

2022-03-31 23:32:44 - [TEST_STEP][PASSED] - println(today): null

2022-03-31 23:32:44 - [TEST_STEP][PASSED] - datText = today: null

2022-03-31 23:32:44 - [TEST_STEP][PASSED] - adminSuiteBootstrap.loginFunctionality.login_AdminSuite(): adminSuiteBootstrap.loginFunctionality.login_AdminSuite is PASSED

2022-03-31 23:32:44 - [MESSAGE][INFO] - Starting 'Chrome' driver

2022-03-31 23:32:44 - [MESSAGE][INFO] - User set preference: ['acceptInsecureCerts', 'true']

2022-03-31 23:32:44 - [MESSAGE][INFO] - Action delay is set to 0 milliseconds

2022-03-31 23:32:47 - [MESSAGE][PASSED] - Browser is opened with url: 'https://qa.velocitypayment.com/admin/imtiaz'

2022-03-31 23:32:48 - [MESSAGE][PASSED] - Current window maximized

2022-03-31 23:32:48 - [MESSAGE][PASSED] - Object 'Object Repository/Login_Page/Login_Username' is present

2022-03-31 23:32:49 - [MESSAGE][PASSED] - Text 'iahmed' is set on object 'Object Repository/Login_Page/Login_Username'

2022-03-31 23:32:49 - [MESSAGE][PASSED] - Text 'hello2222' is set on object 'Object Repository/Login_Page/Login_Password'

2022-03-31 23:32:52 - [MESSAGE][PASSED] - Object: 'Object Repository/Login_Page/Login_Submit' is clicked on

2022-03-31 23:32:52 - [MESSAGE][PASSED] - adminSuiteBootstrap.loginFunctionality.login_AdminSuite is PASSED

2022-03-31 23:32:52 - [TEST_STEP][PASSED] - click(findTestObject(path_Dashboard + appName)): Object: 'Object Repository/AdminSuiteBootstrap_Pages/Dashboard_Bootstrap/a_Access AutoNoCFtp' is clicked on

2022-03-31 23:32:53 - [MESSAGE][PASSED] - Object: 'Object Repository/AdminSuiteBootstrap_Pages/Dashboard_Bootstrap/a_Access AutoNoCFtp' is clicked on

2022-03-31 23:32:53 - [TEST_STEP][PASSED] - click(findTestObject(path_VT + "button_Authorization Only")): Object: 'Object Repository/AdminSuiteBootstrap_Pages/VT_Bootstrap/IssueTransactions/button_Authorization Only' is clicked on

2022-03-31 23:32:53 - [MESSAGE][PASSED] - Object: 'Object Repository/AdminSuiteBootstrap_Pages/VT_Bootstrap/IssueTransactions/button_Authorization Only' is clicked on

2022-03-31 23:32:53 - [TEST_STEP][PASSED] - authOnlyKeyboardEntryLink = modifyObjectProperty(findTestObject(path_VT + "a_KeyboardEntry_Sale"), "href", "equals", hrefAppID, true): Modify property of object successfully

2022-03-31 23:32:53 - [MESSAGE][PASSED] - Modify property of object successfully

2022-03-31 23:32:53 - [TEST_STEP][PASSED] - click(authOnlyKeyboardEntryLink): Object: 'Object Repository/AdminSuiteBootstrap_Pages/VT_Bootstrap/IssueTransactions/a_KeyboardEntry_Sale' is clicked on

2022-03-31 23:32:54 - [MESSAGE][PASSED] - Object: 'Object Repository/AdminSuiteBootstrap_Pages/VT_Bootstrap/IssueTransactions/a_KeyboardEntry_Sale' is clicked on

2022-03-31 23:32:54 - [TEST_STEP][PASSED] - adminSuiteBootstrap.virtualTerminalSetData.saleKeyboard_DataDriven(row, dataFile): adminSuiteBootstrap.virtualTerminalSetData.saleKeyboard_DataDriven is PASSED

2022-03-31 23:32:57 - [MESSAGE][PASSED] - Text 'Janaki James' is set on object 'Object Repository/AdminSuiteBootstrap_Pages/VT_Bootstrap/SaleKeyboard/input_cardName'

2022-03-31 23:32:58 - [MESSAGE][PASSED] - All options with value 'MOTO' are selected in object 'Object Repository/AdminSuiteBootstrap_Pages/VT_Bootstrap/SaleKeyboard/select_transactionCategory'  using regular expression

2022-03-31 23:32:59 - [MESSAGE][PASSED] - Execute JavaScript 'arguments[0].value ='6011000993026909' ' successfully

2022-03-31 23:32:59 - [MESSAGE][PASSED] - Execute JavaScript 'arguments[0].value ='123' ' successfully

2022-03-31 23:33:00 - [MESSAGE][PASSED] - All options with value '12' are selected in object 'Object Repository/AdminSuiteBootstrap_Pages/VT_Bootstrap/SaleKeyboard/select_MM'  using regular expression

2022-03-31 23:33:01 - [MESSAGE][PASSED] - All options with value '2025' are selected in object 'Object Repository/AdminSuiteBootstrap_Pages/VT_Bootstrap/SaleKeyboard/select_YYYY'  using regular expression

2022-03-31 23:33:02 - [MESSAGE][PASSED] - Text '25987 Hill Top' is set on object 'Object Repository/AdminSuiteBootstrap_Pages/VT_Bootstrap/SaleKeyboard/input__address'

2022-03-31 23:33:03 - [MESSAGE][PASSED] - Text 'Suite 500' is set on object 'Object Repository/AdminSuiteBootstrap_Pages/VT_Bootstrap/SaleKeyboard/input__address2'

2022-03-31 23:33:03 - [MESSAGE][PASSED] - Text '22201' is set on object 'Object Repository/AdminSuiteBootstrap_Pages/VT_Bootstrap/SaleKeyboard/input__zip'

2022-03-31 23:33:04 - [MESSAGE][PASSED] - Text '' is set on object 'Object Repository/AdminSuiteBootstrap_Pages/VT_Bootstrap/SaleKeyboard/input_emailAddress'

2022-03-31 23:33:05 - [MESSAGE][PASSED] - Text '' is set on object 'Object Repository/AdminSuiteBootstrap_Pages/VT_Bootstrap/SaleKeyboard/input_smsNumber'

2022-03-31 23:33:06 - [MESSAGE][PASSED] - Text '10.50' is set on object 'Object Repository/AdminSuiteBootstrap_Pages/VT_Bootstrap/SaleKeyboard/input_amount'

2022-03-31 23:33:07 - [MESSAGE][PASSED] - Text 'Australia' is set on object 'Object Repository/AdminSuiteBootstrap_Pages/VT_Bootstrap/SaleKeyboard/input_userDefined1'

2022-03-31 23:33:08 - [MESSAGE][PASSED] - Text 'Denmark' is set on object 'Object Repository/AdminSuiteBootstrap_Pages/VT_Bootstrap/SaleKeyboard/input_userDefined2'

2022-03-31 23:33:08 - [MESSAGE][PASSED] - Text 'Sweden' is set on object 'Object Repository/AdminSuiteBootstrap_Pages/VT_Bootstrap/SaleKeyboard/input_userDefined3'

2022-03-31 23:33:09 - [MESSAGE][PASSED] - Text 'Austria' is set on object 'Object Repository/AdminSuiteBootstrap_Pages/VT_Bootstrap/SaleKeyboard/input_userDefined4'

2022-03-31 23:33:10 - [MESSAGE][PASSED] - All options with label 'Orange' are selected in object 'Object Repository/AdminSuiteBootstrap_Pages/VT_Bootstrap/SaleKeyboard/select_UDF5_DropDown'  using regular expression

2022-03-31 23:33:11 - [MESSAGE][PASSED] - All options with label 'Yellow' are selected in object 'Object Repository/AdminSuiteBootstrap_Pages/VT_Bootstrap/SaleKeyboard/select_UDF6_DropDown'  using regular expression

2022-03-31 23:33:12 - [MESSAGE][PASSED] - Text 'Norway' is set on object 'Object Repository/AdminSuiteBootstrap_Pages/VT_Bootstrap/SaleKeyboard/input_userDefined7'

2022-03-31 23:33:12 - [MESSAGE][PASSED] - Text 'Netherlands' is set on object 'Object Repository/AdminSuiteBootstrap_Pages/VT_Bootstrap/SaleKeyboard/input_userDefined8'

2022-03-31 23:33:13 - [MESSAGE][PASSED] - Text 'Switzerland' is set on object 'Object Repository/AdminSuiteBootstrap_Pages/VT_Bootstrap/SaleKeyboard/input_userDefined9'

2022-03-31 23:33:14 - [MESSAGE][PASSED] - Text 'France' is set on object 'Object Repository/AdminSuiteBootstrap_Pages/VT_Bootstrap/SaleKeyboard/input_userDefined10'

2022-03-31 23:33:16 - [MESSAGE][PASSED] - Object: 'Object Repository/AdminSuiteBootstrap_Pages/VT_Bootstrap/SaleKeyboard/button_Submit' is clicked on

2022-03-31 23:33:16 - [MESSAGE][PASSED] - adminSuiteBootstrap.virtualTerminalSetData.saleKeyboard_DataDriven is PASSED

2022-03-31 23:33:16 - [TEST_STEP][PASSED] - verifyTextPresent("Transaction Successful", true): Text 'Transaction Successful' is present on page  using regular expression

2022-03-31 23:33:16 - [MESSAGE][PASSED] - Text 'Transaction Successful' is present on page  using regular expression

2022-03-31 23:33:16 - [TEST_STEP][PASSED] - verifyElementVisible(findTestObject("Object Repository/AdminSuiteBootstrap_Pages/VT_Bootstrap/Receipt/button_Continue")): Object 'Object Repository/AdminSuiteBootstrap_Pages/VT_Bootstrap/Receipt/button_Continue' is visible

2022-03-31 23:33:17 - [MESSAGE][PASSED] - Object 'Object Repository/AdminSuiteBootstrap_Pages/VT_Bootstrap/Receipt/button_Continue' is visible

2022-03-31 23:33:17 - [TEST_STEP][PASSED] - verifyElementPresent(findTestObject("Object Repository/AdminSuiteBootstrap_Pages/VT_Bootstrap/Receipt/button_Continue"), 20): Object 'Object Repository/AdminSuiteBootstrap_Pages/VT_Bootstrap/Receipt/button_Continue' is present

2022-03-31 23:33:17 - [MESSAGE][PASSED] - Object 'Object Repository/AdminSuiteBootstrap_Pages/VT_Bootstrap/Receipt/button_Continue' is present

2022-03-31 23:33:17 - [TEST_STEP][PASSED] - verifyElementVisible(findTestObject("Object Repository/AdminSuiteBootstrap_Pages/VT_Bootstrap/Receipt/button_Print")): Object 'Object Repository/AdminSuiteBootstrap_Pages/VT_Bootstrap/Receipt/button_Print' is visible

2022-03-31 23:33:18 - [MESSAGE][PASSED] - Object 'Object Repository/AdminSuiteBootstrap_Pages/VT_Bootstrap/Receipt/button_Print' is visible

2022-03-31 23:33:18 - [TEST_STEP][PASSED] - verifyElementPresent(findTestObject("Object Repository/AdminSuiteBootstrap_Pages/VT_Bootstrap/Receipt/button_Print"), 20): Object 'Object Repository/AdminSuiteBootstrap_Pages/VT_Bootstrap/Receipt/button_Print' is present

2022-03-31 23:33:18 - [MESSAGE][PASSED] - Object 'Object Repository/AdminSuiteBootstrap_Pages/VT_Bootstrap/Receipt/button_Print' is present

2022-03-31 23:33:18 - [TEST_STEP][PASSED] - verifyTextPresent("Remittance ID", true): Text 'Remittance ID' is present on page  using regular expression

2022-03-31 23:33:18 - [MESSAGE][PASSED] - Text 'Remittance ID' is present on page  using regular expression

2022-03-31 23:33:18 - [TEST_STEP][PASSED] - verifyTextPresent("Received", true): Text 'Received' is present on page  using regular expression

2022-03-31 23:33:19 - [MESSAGE][PASSED] - Text 'Received' is present on page  using regular expression

2022-03-31 23:33:19 - [TEST_STEP][PASSED] - verifyTextPresent("UDF1", true): Text 'UDF1' is present on page  using regular expression

2022-03-31 23:33:19 - [MESSAGE][PASSED] - Text 'UDF1' is present on page  using regular expression

2022-03-31 23:33:19 - [TEST_STEP][PASSED] - verifyTextPresent("UDF2", true): Text 'UDF2' is present on page  using regular expression

2022-03-31 23:33:19 - [MESSAGE][PASSED] - Text 'UDF2' is present on page  using regular expression

2022-03-31 23:33:19 - [TEST_STEP][PASSED] - verifyTextPresent("UDF3", true): Text 'UDF3' is present on page  using regular expression

2022-03-31 23:33:20 - [MESSAGE][PASSED] - Text 'UDF3' is present on page  using regular expression

2022-03-31 23:33:20 - [TEST_STEP][PASSED] - verifyTextPresent("UDF4", true): Text 'UDF4' is present on page  using regular expression

2022-03-31 23:33:20 - [MESSAGE][PASSED] - Text 'UDF4' is present on page  using regular expression

2022-03-31 23:33:20 - [TEST_STEP][PASSED] - verifyTextPresent("UDF5", true): Text 'UDF5' is present on page  using regular expression

2022-03-31 23:33:20 - [MESSAGE][PASSED] - Text 'UDF5' is present on page  using regular expression

2022-03-31 23:33:20 - [TEST_STEP][PASSED] - verifyTextPresent("UDF6", true): Text 'UDF6' is present on page  using regular expression

2022-03-31 23:33:21 - [MESSAGE][PASSED] - Text 'UDF6' is present on page  using regular expression

2022-03-31 23:33:21 - [TEST_STEP][PASSED] - verifyTextPresent("UDF7", true): Text 'UDF7' is present on page  using regular expression

2022-03-31 23:33:21 - [MESSAGE][PASSED] - Text 'UDF7' is present on page  using regular expression

2022-03-31 23:33:21 - [TEST_STEP][PASSED] - verifyTextPresent("UDF8", true): Text 'UDF8' is present on page  using regular expression

2022-03-31 23:33:21 - [MESSAGE][PASSED] - Text 'UDF8' is present on page  using regular expression

2022-03-31 23:33:21 - [TEST_STEP][PASSED] - verifyTextPresent("UDF9", true): Text 'UDF9' is present on page  using regular expression

2022-03-31 23:33:22 - [MESSAGE][PASSED] - Text 'UDF9' is present on page  using regular expression

2022-03-31 23:33:22 - [TEST_STEP][PASSED] - verifyTextPresent("UDF 10", true): Text 'UDF 10' is present on page  using regular expression

2022-03-31 23:33:22 - [MESSAGE][PASSED] - Text 'UDF 10' is present on page  using regular expression

2022-03-31 23:33:22 - [TEST_STEP][PASSED] - verifyTextPresent("Australia", true): Text 'Australia' is present on page  using regular expression

2022-03-31 23:33:22 - [MESSAGE][PASSED] - Text 'Australia' is present on page  using regular expression

2022-03-31 23:33:22 - [TEST_STEP][PASSED] - verifyTextPresent("Denmark", true): Text 'Denmark' is present on page  using regular expression

2022-03-31 23:33:23 - [MESSAGE][PASSED] - Text 'Denmark' is present on page  using regular expression

2022-03-31 23:33:23 - [TEST_STEP][PASSED] - verifyTextPresent("Sweden", true): Text 'Sweden' is present on page  using regular expression

2022-03-31 23:33:23 - [MESSAGE][PASSED] - Text 'Sweden' is present on page  using regular expression

2022-03-31 23:33:23 - [TEST_STEP][PASSED] - verifyTextPresent("Austria", true): Text 'Austria' is present on page  using regular expression

2022-03-31 23:33:23 - [MESSAGE][PASSED] - Text 'Austria' is present on page  using regular expression

2022-03-31 23:33:23 - [TEST_STEP][PASSED] - verifyTextPresent("Orange Recorded", true): Text 'Orange Recorded' is present on page  using regular expression

2022-03-31 23:33:24 - [MESSAGE][PASSED] - Text 'Orange Recorded' is present on page  using regular expression

2022-03-31 23:33:24 - [TEST_STEP][PASSED] - verifyTextPresent("Yellow Recorded", true): Text 'Yellow Recorded' is present on page  using regular expression

2022-03-31 23:33:24 - [MESSAGE][PASSED] - Text 'Yellow Recorded' is present on page  using regular expression

2022-03-31 23:33:24 - [TEST_STEP][PASSED] - verifyTextPresent("Norway", true): Text 'Norway' is present on page  using regular expression

2022-03-31 23:33:24 - [MESSAGE][PASSED] - Text 'Norway' is present on page  using regular expression

2022-03-31 23:33:24 - [TEST_STEP][PASSED] - verifyTextPresent("Netherlands", true): Text 'Netherlands' is present on page  using regular expression

2022-03-31 23:33:25 - [MESSAGE][PASSED] - Text 'Netherlands' is present on page  using regular expression

2022-03-31 23:33:25 - [TEST_STEP][PASSED] - verifyTextPresent("Switzerland", true): Text 'Switzerland' is present on page  using regular expression

2022-03-31 23:33:25 - [MESSAGE][PASSED] - Text 'Switzerland' is present on page  using regular expression

2022-03-31 23:33:25 - [TEST_STEP][PASSED] - verifyTextPresent("France", true): Text 'France' is present on page  using regular expression

2022-03-31 23:33:25 - [MESSAGE][PASSED] - Text 'France' is present on page  using regular expression

2022-03-31 23:33:25 - [TEST_STEP][PASSED] - verifyTextPresent("Amount", true): Text 'Amount' is present on page  using regular expression

2022-03-31 23:33:26 - [MESSAGE][PASSED] - Text 'Amount' is present on page  using regular expression

2022-03-31 23:33:26 - [TEST_STEP][PASSED] - verifyTextPresent("Total Amount", true): Text 'Total Amount' is present on page  using regular expression

2022-03-31 23:33:26 - [MESSAGE][PASSED] - Text 'Total Amount' is present on page  using regular expression

2022-03-31 23:33:26 - [TEST_STEP][PASSED] - verifyTextPresent("Transaction Type", true): Text 'Transaction Type' is present on page  using regular expression

2022-03-31 23:33:26 - [MESSAGE][PASSED] - Text 'Transaction Type' is present on page  using regular expression

2022-03-31 23:33:26 - [TEST_STEP][PASSED] - verifyTextPresent("10.50", true): Text '10.50' is present on page  using regular expression

2022-03-31 23:33:27 - [MESSAGE][PASSED] - Text '10.50' is present on page  using regular expression

2022-03-31 23:33:27 - [TEST_STEP][PASSED] - verifyTextPresent("Authorization", true): Text 'Authorization' is present on page  using regular expression

2022-03-31 23:33:27 - [MESSAGE][PASSED] - Text 'Authorization' is present on page  using regular expression

2022-03-31 23:33:27 - [TEST_STEP][PASSED] - verifyTextPresent("Card Information", true): Text 'Card Information' is present on page  using regular expression

2022-03-31 23:33:27 - [MESSAGE][PASSED] - Text 'Card Information' is present on page  using regular expression

2022-03-31 23:33:27 - [TEST_STEP][PASSED] - cardNameV = findTestData(dataFile).getValue("CardNameV", row): null

2022-03-31 23:33:27 - [TEST_STEP][PASSED] - al1V = findTestData(dataFile).getValue("AL1", row): null

2022-03-31 23:33:28 - [TEST_STEP][PASSED] - al2V = findTestData(dataFile).getValue("AL2", row): null

2022-03-31 23:33:28 - [TEST_STEP][PASSED] - zipV = findTestData(dataFile).getValue("ZIP", row): null

2022-03-31 23:33:28 - [TEST_STEP][PASSED] - cardTypeV = findTestData(dataFile).getValue("CardType", row): null

2022-03-31 23:33:28 - [TEST_STEP][PASSED] - last4V = findTestData(dataFile).getValue("Last4", row): null

2022-03-31 23:33:28 - [TEST_STEP][PASSED] - verifyTextPresent(cardNameV, true): Text 'JANAKI JAMES' is present on page  using regular expression

2022-03-31 23:33:28 - [MESSAGE][PASSED] - Text 'JANAKI JAMES' is present on page  using regular expression

2022-03-31 23:33:28 - [TEST_STEP][PASSED] - verifyTextPresent("Address Line 1", true): Text 'Address Line 1' is present on page  using regular expression

2022-03-31 23:33:29 - [MESSAGE][PASSED] - Text 'Address Line 1' is present on page  using regular expression

2022-03-31 23:33:29 - [TEST_STEP][PASSED] - verifyTextPresent("Address Line 2", true): Text 'Address Line 2' is present on page  using regular expression

2022-03-31 23:33:29 - [MESSAGE][PASSED] - Text 'Address Line 2' is present on page  using regular expression

2022-03-31 23:33:29 - [TEST_STEP][PASSED] - verifyTextPresent("Country", true): Text 'Country' is present on page  using regular expression

2022-03-31 23:33:29 - [MESSAGE][PASSED] - Text 'Country' is present on page  using regular expression

2022-03-31 23:33:29 - [TEST_STEP][PASSED] - verifyTextPresent("City", true): Text 'City' is present on page  using regular expression

2022-03-31 23:33:30 - [MESSAGE][PASSED] - Text 'City' is present on page  using regular expression

2022-03-31 23:33:30 - [TEST_STEP][PASSED] - verifyTextPresent("State", true): Text 'State' is present on page  using regular expression

2022-03-31 23:33:30 - [MESSAGE][PASSED] - Text 'State' is present on page  using regular expression

2022-03-31 23:33:30 - [TEST_STEP][PASSED] - verifyTextPresent("ZIP Code", true): Text 'ZIP Code' is present on page  using regular expression

2022-03-31 23:33:30 - [MESSAGE][PASSED] - Text 'ZIP Code' is present on page  using regular expression

2022-03-31 23:33:30 - [TEST_STEP][PASSED] - verifyTextPresent(al1V, true): Text '25987 Hill Top' is present on page  using regular expression

2022-03-31 23:33:31 - [MESSAGE][PASSED] - Text '25987 Hill Top' is present on page  using regular expression

2022-03-31 23:33:31 - [TEST_STEP][PASSED] - verifyTextPresent(al2V, true): Text 'Suite 500' is present on page  using regular expression

2022-03-31 23:33:31 - [MESSAGE][PASSED] - Text 'Suite 500' is present on page  using regular expression

2022-03-31 23:33:31 - [TEST_STEP][PASSED] - verifyTextPresent("United States", true): Text 'United States' is present on page  using regular expression

2022-03-31 23:33:31 - [MESSAGE][PASSED] - Text 'United States' is present on page  using regular expression

2022-03-31 23:33:31 - [TEST_STEP][PASSED] - verifyTextPresent("ARLINGTON", true): Text 'ARLINGTON' is present on page  using regular expression

2022-03-31 23:33:32 - [MESSAGE][PASSED] - Text 'ARLINGTON' is present on page  using regular expression

2022-03-31 23:33:32 - [TEST_STEP][PASSED] - verifyTextPresent("Virginia", true): Text 'Virginia' is present on page  using regular expression

2022-03-31 23:33:32 - [MESSAGE][PASSED] - Text 'Virginia' is present on page  using regular expression

2022-03-31 23:33:32 - [TEST_STEP][PASSED] - verifyTextPresent(zipV, true): Text '22201' is present on page  using regular expression

2022-03-31 23:33:32 - [MESSAGE][PASSED] - Text '22201' is present on page  using regular expression

2022-03-31 23:33:32 - [TEST_STEP][PASSED] - verifyTextPresent(cardTypeV, true): Text 'Discover' is present on page  using regular expression

2022-03-31 23:33:33 - [MESSAGE][PASSED] - Text 'Discover' is present on page  using regular expression

2022-03-31 23:33:33 - [TEST_STEP][PASSED] - verifyTextPresent(last4V, true): Text '6909' is present on page  using regular expression

2022-03-31 23:33:33 - [MESSAGE][PASSED] - Text '6909' is present on page  using regular expression

2022-03-31 23:33:33 - [TEST_STEP][PASSED] - closeBrowser(): Browser is closed

2022-03-31 23:33:34 - [MESSAGE][PASSED] - Browser is closed]]></system-out>
         <system-err><![CDATA[]]></system-err>
      </testcase>
      <testcase name="Test Cases/Admin Suite Bootstrap/VT_TestCases/AuthKeyboard_TP_SingleCF_Generic_Payment_TC" time="412.424" classname="Test Cases/Admin Suite Bootstrap/VT_TestCases/AuthKeyboard_TP_SingleCF_Generic_Payment_TC" status="PASSED">
         <system-out><![CDATA[2022-03-31 23:33:34 - [TEST_CASE][PASSED] - Test Cases/Admin Suite Bootstrap/VT_TestCases/AuthKeyboard_TP_SingleCF_Generic_Payment_TC: Test Cases/Admin Suite Bootstrap/VT_TestCases/AuthKeyboard_TP_SingleCF_Generic_Payment_TC

2022-03-31 23:33:34 - [TEST_STEP][PASSED] - path_Dashboard = "Object Repository/AdminSuiteBootstrap_Pages/Dashboard_Bootstrap/": null

2022-03-31 23:33:34 - [TEST_STEP][PASSED] - path_VT = "Object Repository/AdminSuiteBootstrap_Pages/VT_Bootstrap/IssueTransactions/": null

2022-03-31 23:33:34 - [TEST_STEP][PASSED] - path_SaleKB = "Object Repository/AdminSuiteBootstrap_Pages/VT_Bootstrap/SaleKeyboard/": null

2022-03-31 23:33:34 - [TEST_STEP][PASSED] - path_TestMinus = "Object Repository/Page_TestMinusAndAtSigns/": null

2022-03-31 23:33:34 - [TEST_STEP][PASSED] - li_1 = vpos_Prefix: null

2022-03-31 23:33:34 - [TEST_STEP][PASSED] - li_2 = "/transactions/AuthOnlyForm/": null

2022-03-31 23:33:34 - [TEST_STEP][PASSED] - executionProfile = getExecutionProfile(): null

2022-03-31 23:33:34 - [TEST_STEP][PASSED] - out.println("executionProfile : " + executionProfile): null

2022-03-31 23:33:34 - [TEST_STEP][PASSED] - appName = <not implemented yet for class: org.codehaus.groovy.ast.expr.EmptyExpression>: null

2022-03-31 23:33:34 - [TEST_STEP][PASSED] - appID = <not implemented yet for class: org.codehaus.groovy.ast.expr.EmptyExpression>: null

2022-03-31 23:33:34 - [TEST_STEP][PASSED] - cardNameV = <not implemented yet for class: org.codehaus.groovy.ast.expr.EmptyExpression>: null

2022-03-31 23:33:34 - [TEST_STEP][PASSED] - al1V = <not implemented yet for class: org.codehaus.groovy.ast.expr.EmptyExpression>: null

2022-03-31 23:33:34 - [TEST_STEP][PASSED] - al2V = <not implemented yet for class: org.codehaus.groovy.ast.expr.EmptyExpression>: null

2022-03-31 23:33:34 - [TEST_STEP][PASSED] - zipV = <not implemented yet for class: org.codehaus.groovy.ast.expr.EmptyExpression>: null

2022-03-31 23:33:34 - [TEST_STEP][PASSED] - cardTypeV = <not implemented yet for class: org.codehaus.groovy.ast.expr.EmptyExpression>: null

2022-03-31 23:33:34 - [TEST_STEP][PASSED] - last4V = <not implemented yet for class: org.codehaus.groovy.ast.expr.EmptyExpression>: null

2022-03-31 23:33:34 - [TEST_STEP][PASSED] - resText = "Fail": null

2022-03-31 23:33:34 - [TEST_STEP][PASSED] - resColumn = "Result": null

2022-03-31 23:33:34 - [TEST_STEP][PASSED] - datCloumn = "Date": null

2022-03-31 23:33:34 - [TEST_STEP][PASSED] - fileLoc = "C:\KatalonData\Bootstrap\VT-Data.xlsx": null

2022-03-31 23:33:34 - [TEST_STEP][PASSED] - numOfRows = <not implemented yet for class: org.codehaus.groovy.ast.expr.EmptyExpression>: null

2022-03-31 23:33:34 - [TEST_STEP][PASSED] - dataFile = <not implemented yet for class: org.codehaus.groovy.ast.expr.EmptyExpression>: null

2022-03-31 23:33:34 - [TEST_STEP][PASSED] - nameSheet = <not implemented yet for class: org.codehaus.groovy.ast.expr.EmptyExpression>: null

2022-03-31 23:33:34 - [TEST_STEP][PASSED] - nameSheet = "VT-Auth-SingleCF-Generic": null

2022-03-31 23:33:34 - [TEST_STEP][PASSED] - numOfRows = findTestData("QA/Bootstrap/VT-TestData/VT-AuthData-SingleCF-Generic").getRowNumbers(): null

2022-03-31 23:33:34 - [TEST_STEP][PASSED] - println("Number of Records: " + numOfRows): null

2022-03-31 23:33:34 - [TEST_STEP][PASSED] - dataFile = "QA/Bootstrap/VT-TestData/VT-AuthData-SingleCF-Generic": null

2022-03-31 23:33:34 - [TEST_STEP][PASSED] - for ([row = 1, row <= numOfRows, (row++)]): Browser is closed

2022-03-31 23:33:34 - [TEST_STEP][PASSED] - ExecuteTC = findTestData(dataFile).getValue("Execute", row): null

2022-03-31 23:33:34 - [TEST_STEP][PASSED] - out.println("Value of Execute is : " + ExecuteTC): null

2022-03-31 23:33:34 - [TEST_STEP][PASSED] - switch (executionProfile): null

2022-03-31 23:33:34 - [TEST_STEP][PASSED] - case "QAProfile":: null

2022-03-31 23:33:34 - [TEST_STEP][PASSED] - appName = findTestData(dataFile).getValue("AppNameQA", row): null

2022-03-31 23:33:35 - [TEST_STEP][PASSED] - appID = findTestData(dataFile).getValue("AppIDQA", row): null

2022-03-31 23:33:35 - [TEST_STEP][PASSED] - break: null

2022-03-31 23:33:35 - [TEST_STEP][PASSED] - hrefAppID = li_1 + appID + li_2: null

2022-03-31 23:33:35 - [TEST_STEP][PASSED] - hrefApp = li_1 + appID + "/": null

2022-03-31 23:33:35 - [TEST_STEP][PASSED] - println("hrefApp : " + hrefApp): null

2022-03-31 23:33:35 - [TEST_STEP][PASSED] - if (ExecuteTC.equalsIgnoreCase("Y")): Browser is closed

2022-03-31 23:33:35 - [TEST_STEP][PASSED] - out.println("Begin Record Number: " + row): null

2022-03-31 23:33:35 - [TEST_STEP][PASSED] - today = new java.util.Date(): null

2022-03-31 23:33:35 - [TEST_STEP][PASSED] - println(today): null

2022-03-31 23:33:35 - [TEST_STEP][PASSED] - datText = today: null

2022-03-31 23:33:35 - [TEST_STEP][PASSED] - adminSuiteBootstrap.loginFunctionality.login_AdminSuite(): adminSuiteBootstrap.loginFunctionality.login_AdminSuite is PASSED

2022-03-31 23:33:35 - [MESSAGE][INFO] - Starting 'Chrome' driver

2022-03-31 23:33:35 - [MESSAGE][INFO] - User set preference: ['acceptInsecureCerts', 'true']

2022-03-31 23:33:35 - [MESSAGE][INFO] - Action delay is set to 0 milliseconds

2022-03-31 23:33:38 - [MESSAGE][PASSED] - Browser is opened with url: 'https://qa.velocitypayment.com/admin/imtiaz'

2022-03-31 23:33:38 - [MESSAGE][PASSED] - Current window maximized

2022-03-31 23:33:38 - [MESSAGE][PASSED] - Object 'Object Repository/Login_Page/Login_Username' is present

2022-03-31 23:33:39 - [MESSAGE][PASSED] - Text 'iahmed' is set on object 'Object Repository/Login_Page/Login_Username'

2022-03-31 23:33:40 - [MESSAGE][PASSED] - Text 'hello2222' is set on object 'Object Repository/Login_Page/Login_Password'

2022-03-31 23:33:43 - [MESSAGE][PASSED] - Object: 'Object Repository/Login_Page/Login_Submit' is clicked on

2022-03-31 23:33:43 - [MESSAGE][PASSED] - adminSuiteBootstrap.loginFunctionality.login_AdminSuite is PASSED

2022-03-31 23:33:43 - [TEST_STEP][PASSED] - click(findTestObject(path_Dashboard + appName)): Object: 'Object Repository/AdminSuiteBootstrap_Pages/Dashboard_Bootstrap/a_Access AutoSingleCFtpQA' is clicked on

2022-03-31 23:33:44 - [MESSAGE][PASSED] - Object: 'Object Repository/AdminSuiteBootstrap_Pages/Dashboard_Bootstrap/a_Access AutoSingleCFtpQA' is clicked on

2022-03-31 23:33:44 - [TEST_STEP][PASSED] - click(findTestObject(path_VT + "button_Authorization Only")): Object: 'Object Repository/AdminSuiteBootstrap_Pages/VT_Bootstrap/IssueTransactions/button_Authorization Only' is clicked on

2022-03-31 23:33:44 - [MESSAGE][PASSED] - Object: 'Object Repository/AdminSuiteBootstrap_Pages/VT_Bootstrap/IssueTransactions/button_Authorization Only' is clicked on

2022-03-31 23:33:44 - [TEST_STEP][PASSED] - authOnlyKeyboardEntryLink = modifyObjectProperty(findTestObject(path_VT + "a_KeyboardEntry_Sale"), "href", "equals", hrefAppID, true): Modify property of object successfully

2022-03-31 23:33:44 - [MESSAGE][PASSED] - Modify property of object successfully

2022-03-31 23:33:44 - [TEST_STEP][PASSED] - click(authOnlyKeyboardEntryLink): Object: 'Object Repository/AdminSuiteBootstrap_Pages/VT_Bootstrap/IssueTransactions/a_KeyboardEntry_Sale' is clicked on

2022-03-31 23:33:45 - [MESSAGE][PASSED] - Object: 'Object Repository/AdminSuiteBootstrap_Pages/VT_Bootstrap/IssueTransactions/a_KeyboardEntry_Sale' is clicked on

2022-03-31 23:33:45 - [TEST_STEP][PASSED] - adminSuiteBootstrap.virtualTerminalSetData.saleKeyboard_DataDriven(row, dataFile): adminSuiteBootstrap.virtualTerminalSetData.saleKeyboard_DataDriven is PASSED

2022-03-31 23:33:48 - [MESSAGE][PASSED] - Text 'Tulsi Raman' is set on object 'Object Repository/AdminSuiteBootstrap_Pages/VT_Bootstrap/SaleKeyboard/input_cardName'

2022-03-31 23:33:49 - [MESSAGE][PASSED] - All options with value 'RETL' are selected in object 'Object Repository/AdminSuiteBootstrap_Pages/VT_Bootstrap/SaleKeyboard/select_transactionCategory'  using regular expression

2022-03-31 23:33:49 - [MESSAGE][PASSED] - Execute JavaScript 'arguments[0].value ='4012000098765439' ' successfully

2022-03-31 23:33:50 - [MESSAGE][PASSED] - Execute JavaScript 'arguments[0].value ='123' ' successfully

2022-03-31 23:33:51 - [MESSAGE][PASSED] - All options with value '12' are selected in object 'Object Repository/AdminSuiteBootstrap_Pages/VT_Bootstrap/SaleKeyboard/select_MM'  using regular expression

2022-03-31 23:33:52 - [MESSAGE][PASSED] - All options with value '2025' are selected in object 'Object Repository/AdminSuiteBootstrap_Pages/VT_Bootstrap/SaleKeyboard/select_YYYY'  using regular expression

2022-03-31 23:33:53 - [MESSAGE][PASSED] - Text '36 Cornor Road' is set on object 'Object Repository/AdminSuiteBootstrap_Pages/VT_Bootstrap/SaleKeyboard/input__address'

2022-03-31 23:33:54 - [MESSAGE][PASSED] - Text 'Suite 500' is set on object 'Object Repository/AdminSuiteBootstrap_Pages/VT_Bootstrap/SaleKeyboard/input__address2'

2022-03-31 23:33:54 - [MESSAGE][PASSED] - Text '22201' is set on object 'Object Repository/AdminSuiteBootstrap_Pages/VT_Bootstrap/SaleKeyboard/input__zip'

2022-03-31 23:33:55 - [MESSAGE][PASSED] - Text '' is set on object 'Object Repository/AdminSuiteBootstrap_Pages/VT_Bootstrap/SaleKeyboard/input_emailAddress'

2022-03-31 23:33:56 - [MESSAGE][PASSED] - Text '' is set on object 'Object Repository/AdminSuiteBootstrap_Pages/VT_Bootstrap/SaleKeyboard/input_smsNumber'

2022-03-31 23:33:57 - [MESSAGE][PASSED] - Text '10.50' is set on object 'Object Repository/AdminSuiteBootstrap_Pages/VT_Bootstrap/SaleKeyboard/input_amount'

2022-03-31 23:33:58 - [MESSAGE][PASSED] - Text 'Australia' is set on object 'Object Repository/AdminSuiteBootstrap_Pages/VT_Bootstrap/SaleKeyboard/input_userDefined1'

2022-03-31 23:33:59 - [MESSAGE][PASSED] - Text 'Denmark' is set on object 'Object Repository/AdminSuiteBootstrap_Pages/VT_Bootstrap/SaleKeyboard/input_userDefined2'

2022-03-31 23:34:00 - [MESSAGE][PASSED] - Text 'Sweden' is set on object 'Object Repository/AdminSuiteBootstrap_Pages/VT_Bootstrap/SaleKeyboard/input_userDefined3'

2022-03-31 23:34:00 - [MESSAGE][PASSED] - Text 'Austria' is set on object 'Object Repository/AdminSuiteBootstrap_Pages/VT_Bootstrap/SaleKeyboard/input_userDefined4'

2022-03-31 23:34:01 - [MESSAGE][PASSED] - All options with label 'Orange' are selected in object 'Object Repository/AdminSuiteBootstrap_Pages/VT_Bootstrap/SaleKeyboard/select_UDF5_DropDown'  using regular expression

2022-03-31 23:34:02 - [MESSAGE][PASSED] - All options with label 'Yellow' are selected in object 'Object Repository/AdminSuiteBootstrap_Pages/VT_Bootstrap/SaleKeyboard/select_UDF6_DropDown'  using regular expression

2022-03-31 23:34:03 - [MESSAGE][PASSED] - Text 'Norway' is set on object 'Object Repository/AdminSuiteBootstrap_Pages/VT_Bootstrap/SaleKeyboard/input_userDefined7'

2022-03-31 23:34:04 - [MESSAGE][PASSED] - Text 'Netherlands' is set on object 'Object Repository/AdminSuiteBootstrap_Pages/VT_Bootstrap/SaleKeyboard/input_userDefined8'

2022-03-31 23:34:04 - [MESSAGE][PASSED] - Text 'Switzerland' is set on object 'Object Repository/AdminSuiteBootstrap_Pages/VT_Bootstrap/SaleKeyboard/input_userDefined9'

2022-03-31 23:34:05 - [MESSAGE][PASSED] - Text 'France' is set on object 'Object Repository/AdminSuiteBootstrap_Pages/VT_Bootstrap/SaleKeyboard/input_userDefined10'

2022-03-31 23:34:07 - [MESSAGE][PASSED] - Object: 'Object Repository/AdminSuiteBootstrap_Pages/VT_Bootstrap/SaleKeyboard/button_Submit' is clicked on

2022-03-31 23:34:07 - [MESSAGE][PASSED] - adminSuiteBootstrap.virtualTerminalSetData.saleKeyboard_DataDriven is PASSED

2022-03-31 23:34:07 - [TEST_STEP][PASSED] - verifyTextPresent("Transaction Successful", true): Text 'Transaction Successful' is present on page  using regular expression

2022-03-31 23:34:07 - [MESSAGE][PASSED] - Text 'Transaction Successful' is present on page  using regular expression

2022-03-31 23:34:07 - [TEST_STEP][PASSED] - verifyElementVisible(findTestObject("Object Repository/AdminSuiteBootstrap_Pages/VT_Bootstrap/Receipt/button_Continue")): Object 'Object Repository/AdminSuiteBootstrap_Pages/VT_Bootstrap/Receipt/button_Continue' is visible

2022-03-31 23:34:08 - [MESSAGE][PASSED] - Object 'Object Repository/AdminSuiteBootstrap_Pages/VT_Bootstrap/Receipt/button_Continue' is visible

2022-03-31 23:34:08 - [TEST_STEP][PASSED] - verifyElementPresent(findTestObject("Object Repository/AdminSuiteBootstrap_Pages/VT_Bootstrap/Receipt/button_Continue"), 20): Object 'Object Repository/AdminSuiteBootstrap_Pages/VT_Bootstrap/Receipt/button_Continue' is present

2022-03-31 23:34:08 - [MESSAGE][PASSED] - Object 'Object Repository/AdminSuiteBootstrap_Pages/VT_Bootstrap/Receipt/button_Continue' is present

2022-03-31 23:34:08 - [TEST_STEP][PASSED] - verifyElementVisible(findTestObject("Object Repository/AdminSuiteBootstrap_Pages/VT_Bootstrap/Receipt/button_Print")): Object 'Object Repository/AdminSuiteBootstrap_Pages/VT_Bootstrap/Receipt/button_Print' is visible

2022-03-31 23:34:08 - [MESSAGE][PASSED] - Object 'Object Repository/AdminSuiteBootstrap_Pages/VT_Bootstrap/Receipt/button_Print' is visible

2022-03-31 23:34:08 - [TEST_STEP][PASSED] - verifyElementPresent(findTestObject("Object Repository/AdminSuiteBootstrap_Pages/VT_Bootstrap/Receipt/button_Print"), 20): Object 'Object Repository/AdminSuiteBootstrap_Pages/VT_Bootstrap/Receipt/button_Print' is present

2022-03-31 23:34:09 - [MESSAGE][PASSED] - Object 'Object Repository/AdminSuiteBootstrap_Pages/VT_Bootstrap/Receipt/button_Print' is present

2022-03-31 23:34:09 - [TEST_STEP][PASSED] - verifyTextPresent("Remittance ID", true): Text 'Remittance ID' is present on page  using regular expression

2022-03-31 23:34:09 - [MESSAGE][PASSED] - Text 'Remittance ID' is present on page  using regular expression

2022-03-31 23:34:09 - [TEST_STEP][PASSED] - verifyTextPresent("Received", true): Text 'Received' is present on page  using regular expression

2022-03-31 23:34:09 - [MESSAGE][PASSED] - Text 'Received' is present on page  using regular expression

2022-03-31 23:34:09 - [TEST_STEP][PASSED] - verifyTextPresent("UDF1", true): Text 'UDF1' is present on page  using regular expression

2022-03-31 23:34:10 - [MESSAGE][PASSED] - Text 'UDF1' is present on page  using regular expression

2022-03-31 23:34:10 - [TEST_STEP][PASSED] - verifyTextPresent("UDF2", true): Text 'UDF2' is present on page  using regular expression

2022-03-31 23:34:10 - [MESSAGE][PASSED] - Text 'UDF2' is present on page  using regular expression

2022-03-31 23:34:10 - [TEST_STEP][PASSED] - verifyTextPresent("UDF3", true): Text 'UDF3' is present on page  using regular expression

2022-03-31 23:34:10 - [MESSAGE][PASSED] - Text 'UDF3' is present on page  using regular expression

2022-03-31 23:34:10 - [TEST_STEP][PASSED] - verifyTextPresent("UDF4", true): Text 'UDF4' is present on page  using regular expression

2022-03-31 23:34:11 - [MESSAGE][PASSED] - Text 'UDF4' is present on page  using regular expression

2022-03-31 23:34:11 - [TEST_STEP][PASSED] - verifyTextPresent("UDF5", true): Text 'UDF5' is present on page  using regular expression

2022-03-31 23:34:11 - [MESSAGE][PASSED] - Text 'UDF5' is present on page  using regular expression

2022-03-31 23:34:11 - [TEST_STEP][PASSED] - verifyTextPresent("UDF6", true): Text 'UDF6' is present on page  using regular expression

2022-03-31 23:34:11 - [MESSAGE][PASSED] - Text 'UDF6' is present on page  using regular expression

2022-03-31 23:34:11 - [TEST_STEP][PASSED] - verifyTextPresent("UDF7", true): Text 'UDF7' is present on page  using regular expression

2022-03-31 23:34:12 - [MESSAGE][PASSED] - Text 'UDF7' is present on page  using regular expression

2022-03-31 23:34:12 - [TEST_STEP][PASSED] - verifyTextPresent("UDF8", true): Text 'UDF8' is present on page  using regular expression

2022-03-31 23:34:12 - [MESSAGE][PASSED] - Text 'UDF8' is present on page  using regular expression

2022-03-31 23:34:12 - [TEST_STEP][PASSED] - verifyTextPresent("UDF9", true): Text 'UDF9' is present on page  using regular expression

2022-03-31 23:34:12 - [MESSAGE][PASSED] - Text 'UDF9' is present on page  using regular expression

2022-03-31 23:34:12 - [TEST_STEP][PASSED] - verifyTextPresent("UDF 10", true): Text 'UDF 10' is present on page  using regular expression

2022-03-31 23:34:13 - [MESSAGE][PASSED] - Text 'UDF 10' is present on page  using regular expression

2022-03-31 23:34:13 - [TEST_STEP][PASSED] - verifyTextPresent("Australia", true): Text 'Australia' is present on page  using regular expression

2022-03-31 23:34:13 - [MESSAGE][PASSED] - Text 'Australia' is present on page  using regular expression

2022-03-31 23:34:13 - [TEST_STEP][PASSED] - verifyTextPresent("Denmark", true): Text 'Denmark' is present on page  using regular expression

2022-03-31 23:34:13 - [MESSAGE][PASSED] - Text 'Denmark' is present on page  using regular expression

2022-03-31 23:34:13 - [TEST_STEP][PASSED] - verifyTextPresent("Sweden", true): Text 'Sweden' is present on page  using regular expression

2022-03-31 23:34:14 - [MESSAGE][PASSED] - Text 'Sweden' is present on page  using regular expression

2022-03-31 23:34:14 - [TEST_STEP][PASSED] - verifyTextPresent("Austria", true): Text 'Austria' is present on page  using regular expression

2022-03-31 23:34:14 - [MESSAGE][PASSED] - Text 'Austria' is present on page  using regular expression

2022-03-31 23:34:14 - [TEST_STEP][PASSED] - verifyTextPresent("Orange Recorded", true): Text 'Orange Recorded' is present on page  using regular expression

2022-03-31 23:34:14 - [MESSAGE][PASSED] - Text 'Orange Recorded' is present on page  using regular expression

2022-03-31 23:34:14 - [TEST_STEP][PASSED] - verifyTextPresent("Yellow Recorded", true): Text 'Yellow Recorded' is present on page  using regular expression

2022-03-31 23:34:15 - [MESSAGE][PASSED] - Text 'Yellow Recorded' is present on page  using regular expression

2022-03-31 23:34:15 - [TEST_STEP][PASSED] - verifyTextPresent("Norway", true): Text 'Norway' is present on page  using regular expression

2022-03-31 23:34:15 - [MESSAGE][PASSED] - Text 'Norway' is present on page  using regular expression

2022-03-31 23:34:15 - [TEST_STEP][PASSED] - verifyTextPresent("Netherlands", true): Text 'Netherlands' is present on page  using regular expression

2022-03-31 23:34:15 - [MESSAGE][PASSED] - Text 'Netherlands' is present on page  using regular expression

2022-03-31 23:34:15 - [TEST_STEP][PASSED] - verifyTextPresent("Switzerland", true): Text 'Switzerland' is present on page  using regular expression

2022-03-31 23:34:16 - [MESSAGE][PASSED] - Text 'Switzerland' is present on page  using regular expression

2022-03-31 23:34:16 - [TEST_STEP][PASSED] - verifyTextPresent("France", true): Text 'France' is present on page  using regular expression

2022-03-31 23:34:16 - [MESSAGE][PASSED] - Text 'France' is present on page  using regular expression

2022-03-31 23:34:16 - [TEST_STEP][PASSED] - verifyTextPresent("Amount", true): Text 'Amount' is present on page  using regular expression

2022-03-31 23:34:16 - [MESSAGE][PASSED] - Text 'Amount' is present on page  using regular expression

2022-03-31 23:34:16 - [TEST_STEP][PASSED] - verifyTextPresent("Service Fee", true): Text 'Service Fee' is present on page  using regular expression

2022-03-31 23:34:17 - [MESSAGE][PASSED] - Text 'Service Fee' is present on page  using regular expression

2022-03-31 23:34:17 - [TEST_STEP][PASSED] - verifyTextPresent("Service Fee Type", true): Text 'Service Fee Type' is present on page  using regular expression

2022-03-31 23:34:17 - [MESSAGE][PASSED] - Text 'Service Fee Type' is present on page  using regular expression

2022-03-31 23:34:17 - [TEST_STEP][PASSED] - verifyTextPresent("Total Amount", true): Text 'Total Amount' is present on page  using regular expression

2022-03-31 23:34:17 - [MESSAGE][PASSED] - Text 'Total Amount' is present on page  using regular expression

2022-03-31 23:34:17 - [TEST_STEP][PASSED] - verifyTextPresent("Transaction Type", true): Text 'Transaction Type' is present on page  using regular expression

2022-03-31 23:34:18 - [MESSAGE][PASSED] - Text 'Transaction Type' is present on page  using regular expression

2022-03-31 23:34:18 - [TEST_STEP][PASSED] - verifyTextPresent("10.50", true): Text '10.50' is present on page  using regular expression

2022-03-31 23:34:18 - [MESSAGE][PASSED] - Text '10.50' is present on page  using regular expression

2022-03-31 23:34:18 - [TEST_STEP][PASSED] - verifyTextPresent("5.00", true): Text '5.00' is present on page  using regular expression

2022-03-31 23:34:18 - [MESSAGE][PASSED] - Text '5.00' is present on page  using regular expression

2022-03-31 23:34:18 - [TEST_STEP][PASSED] - verifyTextPresent("Single Transaction", true): Text 'Single Transaction' is present on page  using regular expression

2022-03-31 23:34:19 - [MESSAGE][PASSED] - Text 'Single Transaction' is present on page  using regular expression

2022-03-31 23:34:19 - [TEST_STEP][PASSED] - verifyTextPresent("15.50", true): Text '15.50' is present on page  using regular expression

2022-03-31 23:34:19 - [MESSAGE][PASSED] - Text '15.50' is present on page  using regular expression

2022-03-31 23:34:19 - [TEST_STEP][PASSED] - verifyTextPresent("Authorization", true): Text 'Authorization' is present on page  using regular expression

2022-03-31 23:34:19 - [MESSAGE][PASSED] - Text 'Authorization' is present on page  using regular expression

2022-03-31 23:34:19 - [TEST_STEP][PASSED] - verifyTextPresent("Card Information", true): Text 'Card Information' is present on page  using regular expression

2022-03-31 23:34:20 - [MESSAGE][PASSED] - Text 'Card Information' is present on page  using regular expression

2022-03-31 23:34:20 - [TEST_STEP][PASSED] - cardNameV = findTestData(dataFile).getValue("CardNameV", row): null

2022-03-31 23:34:20 - [TEST_STEP][PASSED] - al1V = findTestData(dataFile).getValue("AL1", row): null

2022-03-31 23:34:20 - [TEST_STEP][PASSED] - al2V = findTestData(dataFile).getValue("AL2", row): null

2022-03-31 23:34:20 - [TEST_STEP][PASSED] - zipV = findTestData(dataFile).getValue("ZIP", row): null

2022-03-31 23:34:20 - [TEST_STEP][PASSED] - cardTypeV = findTestData(dataFile).getValue("CardType", row): null

2022-03-31 23:34:20 - [TEST_STEP][PASSED] - last4V = findTestData(dataFile).getValue("Last4", row): null

2022-03-31 23:34:20 - [TEST_STEP][PASSED] - verifyTextPresent(cardNameV, true): Text 'TULSI RAMAN' is present on page  using regular expression

2022-03-31 23:34:21 - [MESSAGE][PASSED] - Text 'TULSI RAMAN' is present on page  using regular expression

2022-03-31 23:34:21 - [TEST_STEP][PASSED] - verifyTextPresent("Address Line 1", true): Text 'Address Line 1' is present on page  using regular expression

2022-03-31 23:34:21 - [MESSAGE][PASSED] - Text 'Address Line 1' is present on page  using regular expression

2022-03-31 23:34:21 - [TEST_STEP][PASSED] - verifyTextPresent("Address Line 2", true): Text 'Address Line 2' is present on page  using regular expression

2022-03-31 23:34:21 - [MESSAGE][PASSED] - Text 'Address Line 2' is present on page  using regular expression

2022-03-31 23:34:21 - [TEST_STEP][PASSED] - verifyTextPresent("Country", true): Text 'Country' is present on page  using regular expression

2022-03-31 23:34:22 - [MESSAGE][PASSED] - Text 'Country' is present on page  using regular expression

2022-03-31 23:34:22 - [TEST_STEP][PASSED] - verifyTextPresent("City", true): Text 'City' is present on page  using regular expression

2022-03-31 23:34:22 - [MESSAGE][PASSED] - Text 'City' is present on page  using regular expression

2022-03-31 23:34:22 - [TEST_STEP][PASSED] - verifyTextPresent("State", true): Text 'State' is present on page  using regular expression

2022-03-31 23:34:22 - [MESSAGE][PASSED] - Text 'State' is present on page  using regular expression

2022-03-31 23:34:22 - [TEST_STEP][PASSED] - verifyTextPresent("ZIP Code", true): Text 'ZIP Code' is present on page  using regular expression

2022-03-31 23:34:23 - [MESSAGE][PASSED] - Text 'ZIP Code' is present on page  using regular expression

2022-03-31 23:34:23 - [TEST_STEP][PASSED] - verifyTextPresent(al1V, true): Text '36 Cornor Road' is present on page  using regular expression

2022-03-31 23:34:23 - [MESSAGE][PASSED] - Text '36 Cornor Road' is present on page  using regular expression

2022-03-31 23:34:23 - [TEST_STEP][PASSED] - verifyTextPresent(al2V, true): Text 'Suite 500' is present on page  using regular expression

2022-03-31 23:34:23 - [MESSAGE][PASSED] - Text 'Suite 500' is present on page  using regular expression

2022-03-31 23:34:23 - [TEST_STEP][PASSED] - verifyTextPresent("United States", true): Text 'United States' is present on page  using regular expression

2022-03-31 23:34:24 - [MESSAGE][PASSED] - Text 'United States' is present on page  using regular expression

2022-03-31 23:34:24 - [TEST_STEP][PASSED] - verifyTextPresent("ARLINGTON", true): Text 'ARLINGTON' is present on page  using regular expression

2022-03-31 23:34:24 - [MESSAGE][PASSED] - Text 'ARLINGTON' is present on page  using regular expression

2022-03-31 23:34:24 - [TEST_STEP][PASSED] - verifyTextPresent("Virginia", true): Text 'Virginia' is present on page  using regular expression

2022-03-31 23:34:24 - [MESSAGE][PASSED] - Text 'Virginia' is present on page  using regular expression

2022-03-31 23:34:24 - [TEST_STEP][PASSED] - verifyTextPresent(zipV, true): Text '22201' is present on page  using regular expression

2022-03-31 23:34:25 - [MESSAGE][PASSED] - Text '22201' is present on page  using regular expression

2022-03-31 23:34:25 - [TEST_STEP][PASSED] - verifyTextPresent(cardTypeV, true): Text 'Visa' is present on page  using regular expression

2022-03-31 23:34:25 - [MESSAGE][PASSED] - Text 'Visa' is present on page  using regular expression

2022-03-31 23:34:25 - [TEST_STEP][PASSED] - verifyTextPresent(last4V, true): Text '5439' is present on page  using regular expression

2022-03-31 23:34:25 - [MESSAGE][PASSED] - Text '5439' is present on page  using regular expression

2022-03-31 23:34:25 - [TEST_STEP][PASSED] - closeBrowser(): Browser is closed

2022-03-31 23:34:26 - [MESSAGE][PASSED] - Browser is closed

2022-03-31 23:34:26 - [TEST_STEP][PASSED] - ExecuteTC = findTestData(dataFile).getValue("Execute", row): null

2022-03-31 23:34:26 - [TEST_STEP][PASSED] - out.println("Value of Execute is : " + ExecuteTC): null

2022-03-31 23:34:26 - [TEST_STEP][PASSED] - switch (executionProfile): null

2022-03-31 23:34:26 - [TEST_STEP][PASSED] - case "QAProfile":: null

2022-03-31 23:34:26 - [TEST_STEP][PASSED] - appName = findTestData(dataFile).getValue("AppNameQA", row): null

2022-03-31 23:34:27 - [TEST_STEP][PASSED] - appID = findTestData(dataFile).getValue("AppIDQA", row): null

2022-03-31 23:34:27 - [TEST_STEP][PASSED] - break: null

2022-03-31 23:34:27 - [TEST_STEP][PASSED] - hrefAppID = li_1 + appID + li_2: null

2022-03-31 23:34:27 - [TEST_STEP][PASSED] - hrefApp = li_1 + appID + "/": null

2022-03-31 23:34:27 - [TEST_STEP][PASSED] - println("hrefApp : " + hrefApp): null

2022-03-31 23:34:27 - [TEST_STEP][PASSED] - if (ExecuteTC.equalsIgnoreCase("Y")): Browser is closed

2022-03-31 23:34:27 - [TEST_STEP][PASSED] - out.println("Begin Record Number: " + row): null

2022-03-31 23:34:27 - [TEST_STEP][PASSED] - today = new java.util.Date(): null

2022-03-31 23:34:27 - [TEST_STEP][PASSED] - println(today): null

2022-03-31 23:34:27 - [TEST_STEP][PASSED] - datText = today: null

2022-03-31 23:34:27 - [TEST_STEP][PASSED] - adminSuiteBootstrap.loginFunctionality.login_AdminSuite(): adminSuiteBootstrap.loginFunctionality.login_AdminSuite is PASSED

2022-03-31 23:34:27 - [MESSAGE][INFO] - Starting 'Chrome' driver

2022-03-31 23:34:27 - [MESSAGE][INFO] - User set preference: ['acceptInsecureCerts', 'true']

2022-03-31 23:34:27 - [MESSAGE][INFO] - Action delay is set to 0 milliseconds

2022-03-31 23:34:30 - [MESSAGE][PASSED] - Browser is opened with url: 'https://qa.velocitypayment.com/admin/imtiaz'

2022-03-31 23:34:30 - [MESSAGE][PASSED] - Current window maximized

2022-03-31 23:34:30 - [MESSAGE][PASSED] - Object 'Object Repository/Login_Page/Login_Username' is present

2022-03-31 23:34:31 - [MESSAGE][PASSED] - Text 'iahmed' is set on object 'Object Repository/Login_Page/Login_Username'

2022-03-31 23:34:32 - [MESSAGE][PASSED] - Text 'hello2222' is set on object 'Object Repository/Login_Page/Login_Password'

2022-03-31 23:34:35 - [MESSAGE][PASSED] - Object: 'Object Repository/Login_Page/Login_Submit' is clicked on

2022-03-31 23:34:35 - [MESSAGE][PASSED] - adminSuiteBootstrap.loginFunctionality.login_AdminSuite is PASSED

2022-03-31 23:34:35 - [TEST_STEP][PASSED] - click(findTestObject(path_Dashboard + appName)): Object: 'Object Repository/AdminSuiteBootstrap_Pages/Dashboard_Bootstrap/a_Access AutoSingleCFtpQA' is clicked on

2022-03-31 23:34:36 - [MESSAGE][PASSED] - Object: 'Object Repository/AdminSuiteBootstrap_Pages/Dashboard_Bootstrap/a_Access AutoSingleCFtpQA' is clicked on

2022-03-31 23:34:36 - [TEST_STEP][PASSED] - click(findTestObject(path_VT + "button_Authorization Only")): Object: 'Object Repository/AdminSuiteBootstrap_Pages/VT_Bootstrap/IssueTransactions/button_Authorization Only' is clicked on

2022-03-31 23:34:36 - [MESSAGE][PASSED] - Object: 'Object Repository/AdminSuiteBootstrap_Pages/VT_Bootstrap/IssueTransactions/button_Authorization Only' is clicked on

2022-03-31 23:34:36 - [TEST_STEP][PASSED] - authOnlyKeyboardEntryLink = modifyObjectProperty(findTestObject(path_VT + "a_KeyboardEntry_Sale"), "href", "equals", hrefAppID, true): Modify property of object successfully

2022-03-31 23:34:36 - [MESSAGE][PASSED] - Modify property of object successfully

2022-03-31 23:34:36 - [TEST_STEP][PASSED] - click(authOnlyKeyboardEntryLink): Object: 'Object Repository/AdminSuiteBootstrap_Pages/VT_Bootstrap/IssueTransactions/a_KeyboardEntry_Sale' is clicked on

2022-03-31 23:34:37 - [MESSAGE][PASSED] - Object: 'Object Repository/AdminSuiteBootstrap_Pages/VT_Bootstrap/IssueTransactions/a_KeyboardEntry_Sale' is clicked on

2022-03-31 23:34:37 - [TEST_STEP][PASSED] - adminSuiteBootstrap.virtualTerminalSetData.saleKeyboard_DataDriven(row, dataFile): adminSuiteBootstrap.virtualTerminalSetData.saleKeyboard_DataDriven is PASSED

2022-03-31 23:34:40 - [MESSAGE][PASSED] - Text 'Tulsi Raman' is set on object 'Object Repository/AdminSuiteBootstrap_Pages/VT_Bootstrap/SaleKeyboard/input_cardName'

2022-03-31 23:34:41 - [MESSAGE][PASSED] - All options with value 'RETL' are selected in object 'Object Repository/AdminSuiteBootstrap_Pages/VT_Bootstrap/SaleKeyboard/select_transactionCategory'  using regular expression

2022-03-31 23:34:41 - [MESSAGE][PASSED] - Execute JavaScript 'arguments[0].value ='5146312200000035' ' successfully

2022-03-31 23:34:42 - [MESSAGE][PASSED] - Execute JavaScript 'arguments[0].value ='123' ' successfully

2022-03-31 23:34:43 - [MESSAGE][PASSED] - All options with value '12' are selected in object 'Object Repository/AdminSuiteBootstrap_Pages/VT_Bootstrap/SaleKeyboard/select_MM'  using regular expression

2022-03-31 23:34:44 - [MESSAGE][PASSED] - All options with value '2025' are selected in object 'Object Repository/AdminSuiteBootstrap_Pages/VT_Bootstrap/SaleKeyboard/select_YYYY'  using regular expression

2022-03-31 23:34:45 - [MESSAGE][PASSED] - Text '1478 Jhatka Palace' is set on object 'Object Repository/AdminSuiteBootstrap_Pages/VT_Bootstrap/SaleKeyboard/input__address'

2022-03-31 23:34:46 - [MESSAGE][PASSED] - Text 'Suite 500' is set on object 'Object Repository/AdminSuiteBootstrap_Pages/VT_Bootstrap/SaleKeyboard/input__address2'

2022-03-31 23:34:46 - [MESSAGE][PASSED] - Text '22201' is set on object 'Object Repository/AdminSuiteBootstrap_Pages/VT_Bootstrap/SaleKeyboard/input__zip'

2022-03-31 23:34:47 - [MESSAGE][PASSED] - Text '' is set on object 'Object Repository/AdminSuiteBootstrap_Pages/VT_Bootstrap/SaleKeyboard/input_emailAddress'

2022-03-31 23:34:48 - [MESSAGE][PASSED] - Text '' is set on object 'Object Repository/AdminSuiteBootstrap_Pages/VT_Bootstrap/SaleKeyboard/input_smsNumber'

2022-03-31 23:34:49 - [MESSAGE][PASSED] - Text '10.50' is set on object 'Object Repository/AdminSuiteBootstrap_Pages/VT_Bootstrap/SaleKeyboard/input_amount'

2022-03-31 23:34:51 - [MESSAGE][PASSED] - Text 'Australia' is set on object 'Object Repository/AdminSuiteBootstrap_Pages/VT_Bootstrap/SaleKeyboard/input_userDefined1'

2022-03-31 23:34:51 - [MESSAGE][PASSED] - Text 'Denmark' is set on object 'Object Repository/AdminSuiteBootstrap_Pages/VT_Bootstrap/SaleKeyboard/input_userDefined2'

2022-03-31 23:34:52 - [MESSAGE][PASSED] - Text 'Sweden' is set on object 'Object Repository/AdminSuiteBootstrap_Pages/VT_Bootstrap/SaleKeyboard/input_userDefined3'

2022-03-31 23:34:53 - [MESSAGE][PASSED] - Text 'Austria' is set on object 'Object Repository/AdminSuiteBootstrap_Pages/VT_Bootstrap/SaleKeyboard/input_userDefined4'

2022-03-31 23:34:54 - [MESSAGE][PASSED] - All options with label 'Orange' are selected in object 'Object Repository/AdminSuiteBootstrap_Pages/VT_Bootstrap/SaleKeyboard/select_UDF5_DropDown'  using regular expression

2022-03-31 23:34:55 - [MESSAGE][PASSED] - All options with label 'Yellow' are selected in object 'Object Repository/AdminSuiteBootstrap_Pages/VT_Bootstrap/SaleKeyboard/select_UDF6_DropDown'  using regular expression

2022-03-31 23:34:55 - [MESSAGE][PASSED] - Text 'Norway' is set on object 'Object Repository/AdminSuiteBootstrap_Pages/VT_Bootstrap/SaleKeyboard/input_userDefined7'

2022-03-31 23:34:56 - [MESSAGE][PASSED] - Text 'Netherlands' is set on object 'Object Repository/AdminSuiteBootstrap_Pages/VT_Bootstrap/SaleKeyboard/input_userDefined8'

2022-03-31 23:34:57 - [MESSAGE][PASSED] - Text 'Switzerland' is set on object 'Object Repository/AdminSuiteBootstrap_Pages/VT_Bootstrap/SaleKeyboard/input_userDefined9'

2022-03-31 23:34:58 - [MESSAGE][PASSED] - Text 'France' is set on object 'Object Repository/AdminSuiteBootstrap_Pages/VT_Bootstrap/SaleKeyboard/input_userDefined10'

2022-03-31 23:34:59 - [MESSAGE][PASSED] - Object: 'Object Repository/AdminSuiteBootstrap_Pages/VT_Bootstrap/SaleKeyboard/button_Submit' is clicked on

2022-03-31 23:34:59 - [MESSAGE][PASSED] - adminSuiteBootstrap.virtualTerminalSetData.saleKeyboard_DataDriven is PASSED

2022-03-31 23:34:59 - [TEST_STEP][PASSED] - verifyTextPresent("Transaction Successful", true): Text 'Transaction Successful' is present on page  using regular expression

2022-03-31 23:35:00 - [MESSAGE][PASSED] - Text 'Transaction Successful' is present on page  using regular expression

2022-03-31 23:35:00 - [TEST_STEP][PASSED] - verifyElementVisible(findTestObject("Object Repository/AdminSuiteBootstrap_Pages/VT_Bootstrap/Receipt/button_Continue")): Object 'Object Repository/AdminSuiteBootstrap_Pages/VT_Bootstrap/Receipt/button_Continue' is visible

2022-03-31 23:35:00 - [MESSAGE][PASSED] - Object 'Object Repository/AdminSuiteBootstrap_Pages/VT_Bootstrap/Receipt/button_Continue' is visible

2022-03-31 23:35:00 - [TEST_STEP][PASSED] - verifyElementPresent(findTestObject("Object Repository/AdminSuiteBootstrap_Pages/VT_Bootstrap/Receipt/button_Continue"), 20): Object 'Object Repository/AdminSuiteBootstrap_Pages/VT_Bootstrap/Receipt/button_Continue' is present

2022-03-31 23:35:00 - [MESSAGE][PASSED] - Object 'Object Repository/AdminSuiteBootstrap_Pages/VT_Bootstrap/Receipt/button_Continue' is present

2022-03-31 23:35:00 - [TEST_STEP][PASSED] - verifyElementVisible(findTestObject("Object Repository/AdminSuiteBootstrap_Pages/VT_Bootstrap/Receipt/button_Print")): Object 'Object Repository/AdminSuiteBootstrap_Pages/VT_Bootstrap/Receipt/button_Print' is visible

2022-03-31 23:35:01 - [MESSAGE][PASSED] - Object 'Object Repository/AdminSuiteBootstrap_Pages/VT_Bootstrap/Receipt/button_Print' is visible

2022-03-31 23:35:01 - [TEST_STEP][PASSED] - verifyElementPresent(findTestObject("Object Repository/AdminSuiteBootstrap_Pages/VT_Bootstrap/Receipt/button_Print"), 20): Object 'Object Repository/AdminSuiteBootstrap_Pages/VT_Bootstrap/Receipt/button_Print' is present

2022-03-31 23:35:01 - [MESSAGE][PASSED] - Object 'Object Repository/AdminSuiteBootstrap_Pages/VT_Bootstrap/Receipt/button_Print' is present

2022-03-31 23:35:01 - [TEST_STEP][PASSED] - verifyTextPresent("Remittance ID", true): Text 'Remittance ID' is present on page  using regular expression

2022-03-31 23:35:01 - [MESSAGE][PASSED] - Text 'Remittance ID' is present on page  using regular expression

2022-03-31 23:35:01 - [TEST_STEP][PASSED] - verifyTextPresent("Received", true): Text 'Received' is present on page  using regular expression

2022-03-31 23:35:02 - [MESSAGE][PASSED] - Text 'Received' is present on page  using regular expression

2022-03-31 23:35:02 - [TEST_STEP][PASSED] - verifyTextPresent("UDF1", true): Text 'UDF1' is present on page  using regular expression

2022-03-31 23:35:02 - [MESSAGE][PASSED] - Text 'UDF1' is present on page  using regular expression

2022-03-31 23:35:02 - [TEST_STEP][PASSED] - verifyTextPresent("UDF2", true): Text 'UDF2' is present on page  using regular expression

2022-03-31 23:35:02 - [MESSAGE][PASSED] - Text 'UDF2' is present on page  using regular expression

2022-03-31 23:35:02 - [TEST_STEP][PASSED] - verifyTextPresent("UDF3", true): Text 'UDF3' is present on page  using regular expression

2022-03-31 23:35:03 - [MESSAGE][PASSED] - Text 'UDF3' is present on page  using regular expression

2022-03-31 23:35:03 - [TEST_STEP][PASSED] - verifyTextPresent("UDF4", true): Text 'UDF4' is present on page  using regular expression

2022-03-31 23:35:03 - [MESSAGE][PASSED] - Text 'UDF4' is present on page  using regular expression

2022-03-31 23:35:03 - [TEST_STEP][PASSED] - verifyTextPresent("UDF5", true): Text 'UDF5' is present on page  using regular expression

2022-03-31 23:35:03 - [MESSAGE][PASSED] - Text 'UDF5' is present on page  using regular expression

2022-03-31 23:35:03 - [TEST_STEP][PASSED] - verifyTextPresent("UDF6", true): Text 'UDF6' is present on page  using regular expression

2022-03-31 23:35:04 - [MESSAGE][PASSED] - Text 'UDF6' is present on page  using regular expression

2022-03-31 23:35:04 - [TEST_STEP][PASSED] - verifyTextPresent("UDF7", true): Text 'UDF7' is present on page  using regular expression

2022-03-31 23:35:04 - [MESSAGE][PASSED] - Text 'UDF7' is present on page  using regular expression

2022-03-31 23:35:04 - [TEST_STEP][PASSED] - verifyTextPresent("UDF8", true): Text 'UDF8' is present on page  using regular expression

2022-03-31 23:35:04 - [MESSAGE][PASSED] - Text 'UDF8' is present on page  using regular expression

2022-03-31 23:35:04 - [TEST_STEP][PASSED] - verifyTextPresent("UDF9", true): Text 'UDF9' is present on page  using regular expression

2022-03-31 23:35:05 - [MESSAGE][PASSED] - Text 'UDF9' is present on page  using regular expression

2022-03-31 23:35:05 - [TEST_STEP][PASSED] - verifyTextPresent("UDF 10", true): Text 'UDF 10' is present on page  using regular expression

2022-03-31 23:35:05 - [MESSAGE][PASSED] - Text 'UDF 10' is present on page  using regular expression

2022-03-31 23:35:05 - [TEST_STEP][PASSED] - verifyTextPresent("Australia", true): Text 'Australia' is present on page  using regular expression

2022-03-31 23:35:05 - [MESSAGE][PASSED] - Text 'Australia' is present on page  using regular expression

2022-03-31 23:35:05 - [TEST_STEP][PASSED] - verifyTextPresent("Denmark", true): Text 'Denmark' is present on page  using regular expression

2022-03-31 23:35:06 - [MESSAGE][PASSED] - Text 'Denmark' is present on page  using regular expression

2022-03-31 23:35:06 - [TEST_STEP][PASSED] - verifyTextPresent("Sweden", true): Text 'Sweden' is present on page  using regular expression

2022-03-31 23:35:06 - [MESSAGE][PASSED] - Text 'Sweden' is present on page  using regular expression

2022-03-31 23:35:06 - [TEST_STEP][PASSED] - verifyTextPresent("Austria", true): Text 'Austria' is present on page  using regular expression

2022-03-31 23:35:06 - [MESSAGE][PASSED] - Text 'Austria' is present on page  using regular expression

2022-03-31 23:35:06 - [TEST_STEP][PASSED] - verifyTextPresent("Orange Recorded", true): Text 'Orange Recorded' is present on page  using regular expression

2022-03-31 23:35:07 - [MESSAGE][PASSED] - Text 'Orange Recorded' is present on page  using regular expression

2022-03-31 23:35:07 - [TEST_STEP][PASSED] - verifyTextPresent("Yellow Recorded", true): Text 'Yellow Recorded' is present on page  using regular expression

2022-03-31 23:35:07 - [MESSAGE][PASSED] - Text 'Yellow Recorded' is present on page  using regular expression

2022-03-31 23:35:07 - [TEST_STEP][PASSED] - verifyTextPresent("Norway", true): Text 'Norway' is present on page  using regular expression

2022-03-31 23:35:07 - [MESSAGE][PASSED] - Text 'Norway' is present on page  using regular expression

2022-03-31 23:35:07 - [TEST_STEP][PASSED] - verifyTextPresent("Netherlands", true): Text 'Netherlands' is present on page  using regular expression

2022-03-31 23:35:08 - [MESSAGE][PASSED] - Text 'Netherlands' is present on page  using regular expression

2022-03-31 23:35:08 - [TEST_STEP][PASSED] - verifyTextPresent("Switzerland", true): Text 'Switzerland' is present on page  using regular expression

2022-03-31 23:35:08 - [MESSAGE][PASSED] - Text 'Switzerland' is present on page  using regular expression

2022-03-31 23:35:08 - [TEST_STEP][PASSED] - verifyTextPresent("France", true): Text 'France' is present on page  using regular expression

2022-03-31 23:35:08 - [MESSAGE][PASSED] - Text 'France' is present on page  using regular expression

2022-03-31 23:35:08 - [TEST_STEP][PASSED] - verifyTextPresent("Amount", true): Text 'Amount' is present on page  using regular expression

2022-03-31 23:35:09 - [MESSAGE][PASSED] - Text 'Amount' is present on page  using regular expression

2022-03-31 23:35:09 - [TEST_STEP][PASSED] - verifyTextPresent("Service Fee", true): Text 'Service Fee' is present on page  using regular expression

2022-03-31 23:35:09 - [MESSAGE][PASSED] - Text 'Service Fee' is present on page  using regular expression

2022-03-31 23:35:09 - [TEST_STEP][PASSED] - verifyTextPresent("Service Fee Type", true): Text 'Service Fee Type' is present on page  using regular expression

2022-03-31 23:35:09 - [MESSAGE][PASSED] - Text 'Service Fee Type' is present on page  using regular expression

2022-03-31 23:35:09 - [TEST_STEP][PASSED] - verifyTextPresent("Total Amount", true): Text 'Total Amount' is present on page  using regular expression

2022-03-31 23:35:10 - [MESSAGE][PASSED] - Text 'Total Amount' is present on page  using regular expression

2022-03-31 23:35:10 - [TEST_STEP][PASSED] - verifyTextPresent("Transaction Type", true): Text 'Transaction Type' is present on page  using regular expression

2022-03-31 23:35:10 - [MESSAGE][PASSED] - Text 'Transaction Type' is present on page  using regular expression

2022-03-31 23:35:10 - [TEST_STEP][PASSED] - verifyTextPresent("10.50", true): Text '10.50' is present on page  using regular expression

2022-03-31 23:35:10 - [MESSAGE][PASSED] - Text '10.50' is present on page  using regular expression

2022-03-31 23:35:10 - [TEST_STEP][PASSED] - verifyTextPresent("5.00", true): Text '5.00' is present on page  using regular expression

2022-03-31 23:35:11 - [MESSAGE][PASSED] - Text '5.00' is present on page  using regular expression

2022-03-31 23:35:11 - [TEST_STEP][PASSED] - verifyTextPresent("Single Transaction", true): Text 'Single Transaction' is present on page  using regular expression

2022-03-31 23:35:11 - [MESSAGE][PASSED] - Text 'Single Transaction' is present on page  using regular expression

2022-03-31 23:35:11 - [TEST_STEP][PASSED] - verifyTextPresent("15.50", true): Text '15.50' is present on page  using regular expression

2022-03-31 23:35:11 - [MESSAGE][PASSED] - Text '15.50' is present on page  using regular expression

2022-03-31 23:35:11 - [TEST_STEP][PASSED] - verifyTextPresent("Authorization", true): Text 'Authorization' is present on page  using regular expression

2022-03-31 23:35:12 - [MESSAGE][PASSED] - Text 'Authorization' is present on page  using regular expression

2022-03-31 23:35:12 - [TEST_STEP][PASSED] - verifyTextPresent("Card Information", true): Text 'Card Information' is present on page  using regular expression

2022-03-31 23:35:12 - [MESSAGE][PASSED] - Text 'Card Information' is present on page  using regular expression

2022-03-31 23:35:12 - [TEST_STEP][PASSED] - cardNameV = findTestData(dataFile).getValue("CardNameV", row): null

2022-03-31 23:35:12 - [TEST_STEP][PASSED] - al1V = findTestData(dataFile).getValue("AL1", row): null

2022-03-31 23:35:12 - [TEST_STEP][PASSED] - al2V = findTestData(dataFile).getValue("AL2", row): null

2022-03-31 23:35:12 - [TEST_STEP][PASSED] - zipV = findTestData(dataFile).getValue("ZIP", row): null

2022-03-31 23:35:13 - [TEST_STEP][PASSED] - cardTypeV = findTestData(dataFile).getValue("CardType", row): null

2022-03-31 23:35:13 - [TEST_STEP][PASSED] - last4V = findTestData(dataFile).getValue("Last4", row): null

2022-03-31 23:35:13 - [TEST_STEP][PASSED] - verifyTextPresent(cardNameV, true): Text 'TULSI RAMAN' is present on page  using regular expression

2022-03-31 23:35:13 - [MESSAGE][PASSED] - Text 'TULSI RAMAN' is present on page  using regular expression

2022-03-31 23:35:13 - [TEST_STEP][PASSED] - verifyTextPresent("Address Line 1", true): Text 'Address Line 1' is present on page  using regular expression

2022-03-31 23:35:13 - [MESSAGE][PASSED] - Text 'Address Line 1' is present on page  using regular expression

2022-03-31 23:35:13 - [TEST_STEP][PASSED] - verifyTextPresent("Address Line 2", true): Text 'Address Line 2' is present on page  using regular expression

2022-03-31 23:35:14 - [MESSAGE][PASSED] - Text 'Address Line 2' is present on page  using regular expression

2022-03-31 23:35:14 - [TEST_STEP][PASSED] - verifyTextPresent("Country", true): Text 'Country' is present on page  using regular expression

2022-03-31 23:35:14 - [MESSAGE][PASSED] - Text 'Country' is present on page  using regular expression

2022-03-31 23:35:14 - [TEST_STEP][PASSED] - verifyTextPresent("City", true): Text 'City' is present on page  using regular expression

2022-03-31 23:35:14 - [MESSAGE][PASSED] - Text 'City' is present on page  using regular expression

2022-03-31 23:35:14 - [TEST_STEP][PASSED] - verifyTextPresent("State", true): Text 'State' is present on page  using regular expression

2022-03-31 23:35:15 - [MESSAGE][PASSED] - Text 'State' is present on page  using regular expression

2022-03-31 23:35:15 - [TEST_STEP][PASSED] - verifyTextPresent("ZIP Code", true): Text 'ZIP Code' is present on page  using regular expression

2022-03-31 23:35:15 - [MESSAGE][PASSED] - Text 'ZIP Code' is present on page  using regular expression

2022-03-31 23:35:15 - [TEST_STEP][PASSED] - verifyTextPresent(al1V, true): Text '1478 Jhatka Palace' is present on page  using regular expression

2022-03-31 23:35:15 - [MESSAGE][PASSED] - Text '1478 Jhatka Palace' is present on page  using regular expression

2022-03-31 23:35:15 - [TEST_STEP][PASSED] - verifyTextPresent(al2V, true): Text 'Suite 500' is present on page  using regular expression

2022-03-31 23:35:16 - [MESSAGE][PASSED] - Text 'Suite 500' is present on page  using regular expression

2022-03-31 23:35:16 - [TEST_STEP][PASSED] - verifyTextPresent("United States", true): Text 'United States' is present on page  using regular expression

2022-03-31 23:35:16 - [MESSAGE][PASSED] - Text 'United States' is present on page  using regular expression

2022-03-31 23:35:16 - [TEST_STEP][PASSED] - verifyTextPresent("ARLINGTON", true): Text 'ARLINGTON' is present on page  using regular expression

2022-03-31 23:35:16 - [MESSAGE][PASSED] - Text 'ARLINGTON' is present on page  using regular expression

2022-03-31 23:35:16 - [TEST_STEP][PASSED] - verifyTextPresent("Virginia", true): Text 'Virginia' is present on page  using regular expression

2022-03-31 23:35:17 - [MESSAGE][PASSED] - Text 'Virginia' is present on page  using regular expression

2022-03-31 23:35:17 - [TEST_STEP][PASSED] - verifyTextPresent(zipV, true): Text '22201' is present on page  using regular expression

2022-03-31 23:35:17 - [MESSAGE][PASSED] - Text '22201' is present on page  using regular expression

2022-03-31 23:35:17 - [TEST_STEP][PASSED] - verifyTextPresent(cardTypeV, true): Text 'MasterCard' is present on page  using regular expression

2022-03-31 23:35:17 - [MESSAGE][PASSED] - Text 'MasterCard' is present on page  using regular expression

2022-03-31 23:35:17 - [TEST_STEP][PASSED] - verifyTextPresent(last4V, true): Text '0035' is present on page  using regular expression

2022-03-31 23:35:18 - [MESSAGE][PASSED] - Text '0035' is present on page  using regular expression

2022-03-31 23:35:18 - [TEST_STEP][PASSED] - closeBrowser(): Browser is closed

2022-03-31 23:35:19 - [MESSAGE][PASSED] - Browser is closed

2022-03-31 23:35:19 - [TEST_STEP][PASSED] - ExecuteTC = findTestData(dataFile).getValue("Execute", row): null

2022-03-31 23:35:19 - [TEST_STEP][PASSED] - out.println("Value of Execute is : " + ExecuteTC): null

2022-03-31 23:35:19 - [TEST_STEP][PASSED] - switch (executionProfile): null

2022-03-31 23:35:19 - [TEST_STEP][PASSED] - case "QAProfile":: null

2022-03-31 23:35:19 - [TEST_STEP][PASSED] - appName = findTestData(dataFile).getValue("AppNameQA", row): null

2022-03-31 23:35:19 - [TEST_STEP][PASSED] - appID = findTestData(dataFile).getValue("AppIDQA", row): null

2022-03-31 23:35:19 - [TEST_STEP][PASSED] - break: null

2022-03-31 23:35:19 - [TEST_STEP][PASSED] - hrefAppID = li_1 + appID + li_2: null

2022-03-31 23:35:19 - [TEST_STEP][PASSED] - hrefApp = li_1 + appID + "/": null

2022-03-31 23:35:19 - [TEST_STEP][PASSED] - println("hrefApp : " + hrefApp): null

2022-03-31 23:35:19 - [TEST_STEP][PASSED] - if (ExecuteTC.equalsIgnoreCase("Y")): Browser is closed

2022-03-31 23:35:19 - [TEST_STEP][PASSED] - out.println("Begin Record Number: " + row): null

2022-03-31 23:35:19 - [TEST_STEP][PASSED] - today = new java.util.Date(): null

2022-03-31 23:35:19 - [TEST_STEP][PASSED] - println(today): null

2022-03-31 23:35:19 - [TEST_STEP][PASSED] - datText = today: null

2022-03-31 23:35:19 - [TEST_STEP][PASSED] - adminSuiteBootstrap.loginFunctionality.login_AdminSuite(): adminSuiteBootstrap.loginFunctionality.login_AdminSuite is PASSED

2022-03-31 23:35:19 - [MESSAGE][INFO] - Starting 'Chrome' driver

2022-03-31 23:35:19 - [MESSAGE][INFO] - User set preference: ['acceptInsecureCerts', 'true']

2022-03-31 23:35:19 - [MESSAGE][INFO] - Action delay is set to 0 milliseconds

2022-03-31 23:35:21 - [MESSAGE][PASSED] - Browser is opened with url: 'https://qa.velocitypayment.com/admin/imtiaz'

2022-03-31 23:35:21 - [MESSAGE][PASSED] - Current window maximized

2022-03-31 23:35:22 - [MESSAGE][PASSED] - Object 'Object Repository/Login_Page/Login_Username' is present

2022-03-31 23:35:22 - [MESSAGE][PASSED] - Text 'iahmed' is set on object 'Object Repository/Login_Page/Login_Username'

2022-03-31 23:35:23 - [MESSAGE][PASSED] - Text 'hello2222' is set on object 'Object Repository/Login_Page/Login_Password'

2022-03-31 23:35:26 - [MESSAGE][PASSED] - Object: 'Object Repository/Login_Page/Login_Submit' is clicked on

2022-03-31 23:35:26 - [MESSAGE][PASSED] - adminSuiteBootstrap.loginFunctionality.login_AdminSuite is PASSED

2022-03-31 23:35:26 - [TEST_STEP][PASSED] - click(findTestObject(path_Dashboard + appName)): Object: 'Object Repository/AdminSuiteBootstrap_Pages/Dashboard_Bootstrap/a_Access AutoSingleCFtpQA' is clicked on

2022-03-31 23:35:27 - [MESSAGE][PASSED] - Object: 'Object Repository/AdminSuiteBootstrap_Pages/Dashboard_Bootstrap/a_Access AutoSingleCFtpQA' is clicked on

2022-03-31 23:35:27 - [TEST_STEP][PASSED] - click(findTestObject(path_VT + "button_Authorization Only")): Object: 'Object Repository/AdminSuiteBootstrap_Pages/VT_Bootstrap/IssueTransactions/button_Authorization Only' is clicked on

2022-03-31 23:35:27 - [MESSAGE][PASSED] - Object: 'Object Repository/AdminSuiteBootstrap_Pages/VT_Bootstrap/IssueTransactions/button_Authorization Only' is clicked on

2022-03-31 23:35:27 - [TEST_STEP][PASSED] - authOnlyKeyboardEntryLink = modifyObjectProperty(findTestObject(path_VT + "a_KeyboardEntry_Sale"), "href", "equals", hrefAppID, true): Modify property of object successfully

2022-03-31 23:35:27 - [MESSAGE][PASSED] - Modify property of object successfully

2022-03-31 23:35:27 - [TEST_STEP][PASSED] - click(authOnlyKeyboardEntryLink): Object: 'Object Repository/AdminSuiteBootstrap_Pages/VT_Bootstrap/IssueTransactions/a_KeyboardEntry_Sale' is clicked on

2022-03-31 23:35:28 - [MESSAGE][PASSED] - Object: 'Object Repository/AdminSuiteBootstrap_Pages/VT_Bootstrap/IssueTransactions/a_KeyboardEntry_Sale' is clicked on

2022-03-31 23:35:28 - [TEST_STEP][PASSED] - adminSuiteBootstrap.virtualTerminalSetData.saleKeyboard_DataDriven(row, dataFile): adminSuiteBootstrap.virtualTerminalSetData.saleKeyboard_DataDriven is PASSED

2022-03-31 23:35:31 - [MESSAGE][PASSED] - Text 'Tulsi Raman' is set on object 'Object Repository/AdminSuiteBootstrap_Pages/VT_Bootstrap/SaleKeyboard/input_cardName'

2022-03-31 23:35:32 - [MESSAGE][PASSED] - All options with value 'RETL' are selected in object 'Object Repository/AdminSuiteBootstrap_Pages/VT_Bootstrap/SaleKeyboard/select_transactionCategory'  using regular expression

2022-03-31 23:35:32 - [MESSAGE][PASSED] - Execute JavaScript 'arguments[0].value ='371449635392376' ' successfully

2022-03-31 23:35:33 - [MESSAGE][PASSED] - Execute JavaScript 'arguments[0].value ='123' ' successfully

2022-03-31 23:35:34 - [MESSAGE][PASSED] - All options with value '12' are selected in object 'Object Repository/AdminSuiteBootstrap_Pages/VT_Bootstrap/SaleKeyboard/select_MM'  using regular expression

2022-03-31 23:35:35 - [MESSAGE][PASSED] - All options with value '2025' are selected in object 'Object Repository/AdminSuiteBootstrap_Pages/VT_Bootstrap/SaleKeyboard/select_YYYY'  using regular expression

2022-03-31 23:35:36 - [MESSAGE][PASSED] - Text '550 Swan Lake' is set on object 'Object Repository/AdminSuiteBootstrap_Pages/VT_Bootstrap/SaleKeyboard/input__address'

2022-03-31 23:35:36 - [MESSAGE][PASSED] - Text 'Suite 500' is set on object 'Object Repository/AdminSuiteBootstrap_Pages/VT_Bootstrap/SaleKeyboard/input__address2'

2022-03-31 23:35:37 - [MESSAGE][PASSED] - Text '22201' is set on object 'Object Repository/AdminSuiteBootstrap_Pages/VT_Bootstrap/SaleKeyboard/input__zip'

2022-03-31 23:35:38 - [MESSAGE][PASSED] - Text '' is set on object 'Object Repository/AdminSuiteBootstrap_Pages/VT_Bootstrap/SaleKeyboard/input_emailAddress'

2022-03-31 23:35:39 - [MESSAGE][PASSED] - Text '' is set on object 'Object Repository/AdminSuiteBootstrap_Pages/VT_Bootstrap/SaleKeyboard/input_smsNumber'

2022-03-31 23:35:40 - [MESSAGE][PASSED] - Text '10.50' is set on object 'Object Repository/AdminSuiteBootstrap_Pages/VT_Bootstrap/SaleKeyboard/input_amount'

2022-03-31 23:35:41 - [MESSAGE][PASSED] - Text 'Australia' is set on object 'Object Repository/AdminSuiteBootstrap_Pages/VT_Bootstrap/SaleKeyboard/input_userDefined1'

2022-03-31 23:35:42 - [MESSAGE][PASSED] - Text 'Denmark' is set on object 'Object Repository/AdminSuiteBootstrap_Pages/VT_Bootstrap/SaleKeyboard/input_userDefined2'

2022-03-31 23:35:42 - [MESSAGE][PASSED] - Text 'Sweden' is set on object 'Object Repository/AdminSuiteBootstrap_Pages/VT_Bootstrap/SaleKeyboard/input_userDefined3'

2022-03-31 23:35:43 - [MESSAGE][PASSED] - Text 'Austria' is set on object 'Object Repository/AdminSuiteBootstrap_Pages/VT_Bootstrap/SaleKeyboard/input_userDefined4'

2022-03-31 23:35:44 - [MESSAGE][PASSED] - All options with label 'Orange' are selected in object 'Object Repository/AdminSuiteBootstrap_Pages/VT_Bootstrap/SaleKeyboard/select_UDF5_DropDown'  using regular expression

2022-03-31 23:35:45 - [MESSAGE][PASSED] - All options with label 'Yellow' are selected in object 'Object Repository/AdminSuiteBootstrap_Pages/VT_Bootstrap/SaleKeyboard/select_UDF6_DropDown'  using regular expression

2022-03-31 23:35:46 - [MESSAGE][PASSED] - Text 'Norway' is set on object 'Object Repository/AdminSuiteBootstrap_Pages/VT_Bootstrap/SaleKeyboard/input_userDefined7'

2022-03-31 23:35:46 - [MESSAGE][PASSED] - Text 'Netherlands' is set on object 'Object Repository/AdminSuiteBootstrap_Pages/VT_Bootstrap/SaleKeyboard/input_userDefined8'

2022-03-31 23:35:47 - [MESSAGE][PASSED] - Text 'Switzerland' is set on object 'Object Repository/AdminSuiteBootstrap_Pages/VT_Bootstrap/SaleKeyboard/input_userDefined9'

2022-03-31 23:35:48 - [MESSAGE][PASSED] - Text 'France' is set on object 'Object Repository/AdminSuiteBootstrap_Pages/VT_Bootstrap/SaleKeyboard/input_userDefined10'

2022-03-31 23:35:49 - [MESSAGE][PASSED] - Object: 'Object Repository/AdminSuiteBootstrap_Pages/VT_Bootstrap/SaleKeyboard/button_Submit' is clicked on

2022-03-31 23:35:49 - [MESSAGE][PASSED] - adminSuiteBootstrap.virtualTerminalSetData.saleKeyboard_DataDriven is PASSED

2022-03-31 23:35:49 - [TEST_STEP][PASSED] - verifyTextPresent("Transaction Successful", true): Text 'Transaction Successful' is present on page  using regular expression

2022-03-31 23:35:50 - [MESSAGE][PASSED] - Text 'Transaction Successful' is present on page  using regular expression

2022-03-31 23:35:50 - [TEST_STEP][PASSED] - verifyElementVisible(findTestObject("Object Repository/AdminSuiteBootstrap_Pages/VT_Bootstrap/Receipt/button_Continue")): Object 'Object Repository/AdminSuiteBootstrap_Pages/VT_Bootstrap/Receipt/button_Continue' is visible

2022-03-31 23:35:50 - [MESSAGE][PASSED] - Object 'Object Repository/AdminSuiteBootstrap_Pages/VT_Bootstrap/Receipt/button_Continue' is visible

2022-03-31 23:35:50 - [TEST_STEP][PASSED] - verifyElementPresent(findTestObject("Object Repository/AdminSuiteBootstrap_Pages/VT_Bootstrap/Receipt/button_Continue"), 20): Object 'Object Repository/AdminSuiteBootstrap_Pages/VT_Bootstrap/Receipt/button_Continue' is present

2022-03-31 23:35:51 - [MESSAGE][PASSED] - Object 'Object Repository/AdminSuiteBootstrap_Pages/VT_Bootstrap/Receipt/button_Continue' is present

2022-03-31 23:35:51 - [TEST_STEP][PASSED] - verifyElementVisible(findTestObject("Object Repository/AdminSuiteBootstrap_Pages/VT_Bootstrap/Receipt/button_Print")): Object 'Object Repository/AdminSuiteBootstrap_Pages/VT_Bootstrap/Receipt/button_Print' is visible

2022-03-31 23:35:51 - [MESSAGE][PASSED] - Object 'Object Repository/AdminSuiteBootstrap_Pages/VT_Bootstrap/Receipt/button_Print' is visible

2022-03-31 23:35:51 - [TEST_STEP][PASSED] - verifyElementPresent(findTestObject("Object Repository/AdminSuiteBootstrap_Pages/VT_Bootstrap/Receipt/button_Print"), 20): Object 'Object Repository/AdminSuiteBootstrap_Pages/VT_Bootstrap/Receipt/button_Print' is present

2022-03-31 23:35:51 - [MESSAGE][PASSED] - Object 'Object Repository/AdminSuiteBootstrap_Pages/VT_Bootstrap/Receipt/button_Print' is present

2022-03-31 23:35:51 - [TEST_STEP][PASSED] - verifyTextPresent("Remittance ID", true): Text 'Remittance ID' is present on page  using regular expression

2022-03-31 23:35:52 - [MESSAGE][PASSED] - Text 'Remittance ID' is present on page  using regular expression

2022-03-31 23:35:52 - [TEST_STEP][PASSED] - verifyTextPresent("Received", true): Text 'Received' is present on page  using regular expression

2022-03-31 23:35:52 - [MESSAGE][PASSED] - Text 'Received' is present on page  using regular expression

2022-03-31 23:35:52 - [TEST_STEP][PASSED] - verifyTextPresent("UDF1", true): Text 'UDF1' is present on page  using regular expression

2022-03-31 23:35:52 - [MESSAGE][PASSED] - Text 'UDF1' is present on page  using regular expression

2022-03-31 23:35:52 - [TEST_STEP][PASSED] - verifyTextPresent("UDF2", true): Text 'UDF2' is present on page  using regular expression

2022-03-31 23:35:53 - [MESSAGE][PASSED] - Text 'UDF2' is present on page  using regular expression

2022-03-31 23:35:53 - [TEST_STEP][PASSED] - verifyTextPresent("UDF3", true): Text 'UDF3' is present on page  using regular expression

2022-03-31 23:35:53 - [MESSAGE][PASSED] - Text 'UDF3' is present on page  using regular expression

2022-03-31 23:35:53 - [TEST_STEP][PASSED] - verifyTextPresent("UDF4", true): Text 'UDF4' is present on page  using regular expression

2022-03-31 23:35:53 - [MESSAGE][PASSED] - Text 'UDF4' is present on page  using regular expression

2022-03-31 23:35:53 - [TEST_STEP][PASSED] - verifyTextPresent("UDF5", true): Text 'UDF5' is present on page  using regular expression

2022-03-31 23:35:54 - [MESSAGE][PASSED] - Text 'UDF5' is present on page  using regular expression

2022-03-31 23:35:54 - [TEST_STEP][PASSED] - verifyTextPresent("UDF6", true): Text 'UDF6' is present on page  using regular expression

2022-03-31 23:35:54 - [MESSAGE][PASSED] - Text 'UDF6' is present on page  using regular expression

2022-03-31 23:35:54 - [TEST_STEP][PASSED] - verifyTextPresent("UDF7", true): Text 'UDF7' is present on page  using regular expression

2022-03-31 23:35:54 - [MESSAGE][PASSED] - Text 'UDF7' is present on page  using regular expression

2022-03-31 23:35:54 - [TEST_STEP][PASSED] - verifyTextPresent("UDF8", true): Text 'UDF8' is present on page  using regular expression

2022-03-31 23:35:55 - [MESSAGE][PASSED] - Text 'UDF8' is present on page  using regular expression

2022-03-31 23:35:55 - [TEST_STEP][PASSED] - verifyTextPresent("UDF9", true): Text 'UDF9' is present on page  using regular expression

2022-03-31 23:35:55 - [MESSAGE][PASSED] - Text 'UDF9' is present on page  using regular expression

2022-03-31 23:35:55 - [TEST_STEP][PASSED] - verifyTextPresent("UDF 10", true): Text 'UDF 10' is present on page  using regular expression

2022-03-31 23:35:55 - [MESSAGE][PASSED] - Text 'UDF 10' is present on page  using regular expression

2022-03-31 23:35:55 - [TEST_STEP][PASSED] - verifyTextPresent("Australia", true): Text 'Australia' is present on page  using regular expression

2022-03-31 23:35:56 - [MESSAGE][PASSED] - Text 'Australia' is present on page  using regular expression

2022-03-31 23:35:56 - [TEST_STEP][PASSED] - verifyTextPresent("Denmark", true): Text 'Denmark' is present on page  using regular expression

2022-03-31 23:35:56 - [MESSAGE][PASSED] - Text 'Denmark' is present on page  using regular expression

2022-03-31 23:35:56 - [TEST_STEP][PASSED] - verifyTextPresent("Sweden", true): Text 'Sweden' is present on page  using regular expression

2022-03-31 23:35:56 - [MESSAGE][PASSED] - Text 'Sweden' is present on page  using regular expression

2022-03-31 23:35:56 - [TEST_STEP][PASSED] - verifyTextPresent("Austria", true): Text 'Austria' is present on page  using regular expression

2022-03-31 23:35:57 - [MESSAGE][PASSED] - Text 'Austria' is present on page  using regular expression

2022-03-31 23:35:57 - [TEST_STEP][PASSED] - verifyTextPresent("Orange Recorded", true): Text 'Orange Recorded' is present on page  using regular expression

2022-03-31 23:35:57 - [MESSAGE][PASSED] - Text 'Orange Recorded' is present on page  using regular expression

2022-03-31 23:35:57 - [TEST_STEP][PASSED] - verifyTextPresent("Yellow Recorded", true): Text 'Yellow Recorded' is present on page  using regular expression

2022-03-31 23:35:57 - [MESSAGE][PASSED] - Text 'Yellow Recorded' is present on page  using regular expression

2022-03-31 23:35:57 - [TEST_STEP][PASSED] - verifyTextPresent("Norway", true): Text 'Norway' is present on page  using regular expression

2022-03-31 23:35:58 - [MESSAGE][PASSED] - Text 'Norway' is present on page  using regular expression

2022-03-31 23:35:58 - [TEST_STEP][PASSED] - verifyTextPresent("Netherlands", true): Text 'Netherlands' is present on page  using regular expression

2022-03-31 23:35:58 - [MESSAGE][PASSED] - Text 'Netherlands' is present on page  using regular expression

2022-03-31 23:35:58 - [TEST_STEP][PASSED] - verifyTextPresent("Switzerland", true): Text 'Switzerland' is present on page  using regular expression

2022-03-31 23:35:58 - [MESSAGE][PASSED] - Text 'Switzerland' is present on page  using regular expression

2022-03-31 23:35:58 - [TEST_STEP][PASSED] - verifyTextPresent("France", true): Text 'France' is present on page  using regular expression

2022-03-31 23:35:59 - [MESSAGE][PASSED] - Text 'France' is present on page  using regular expression

2022-03-31 23:35:59 - [TEST_STEP][PASSED] - verifyTextPresent("Amount", true): Text 'Amount' is present on page  using regular expression

2022-03-31 23:35:59 - [MESSAGE][PASSED] - Text 'Amount' is present on page  using regular expression

2022-03-31 23:35:59 - [TEST_STEP][PASSED] - verifyTextPresent("Service Fee", true): Text 'Service Fee' is present on page  using regular expression

2022-03-31 23:35:59 - [MESSAGE][PASSED] - Text 'Service Fee' is present on page  using regular expression

2022-03-31 23:35:59 - [TEST_STEP][PASSED] - verifyTextPresent("Service Fee Type", true): Text 'Service Fee Type' is present on page  using regular expression

2022-03-31 23:36:00 - [MESSAGE][PASSED] - Text 'Service Fee Type' is present on page  using regular expression

2022-03-31 23:36:00 - [TEST_STEP][PASSED] - verifyTextPresent("Total Amount", true): Text 'Total Amount' is present on page  using regular expression

2022-03-31 23:36:00 - [MESSAGE][PASSED] - Text 'Total Amount' is present on page  using regular expression

2022-03-31 23:36:00 - [TEST_STEP][PASSED] - verifyTextPresent("Transaction Type", true): Text 'Transaction Type' is present on page  using regular expression

2022-03-31 23:36:00 - [MESSAGE][PASSED] - Text 'Transaction Type' is present on page  using regular expression

2022-03-31 23:36:00 - [TEST_STEP][PASSED] - verifyTextPresent("10.50", true): Text '10.50' is present on page  using regular expression

2022-03-31 23:36:01 - [MESSAGE][PASSED] - Text '10.50' is present on page  using regular expression

2022-03-31 23:36:01 - [TEST_STEP][PASSED] - verifyTextPresent("5.00", true): Text '5.00' is present on page  using regular expression

2022-03-31 23:36:01 - [MESSAGE][PASSED] - Text '5.00' is present on page  using regular expression

2022-03-31 23:36:01 - [TEST_STEP][PASSED] - verifyTextPresent("Single Transaction", true): Text 'Single Transaction' is present on page  using regular expression

2022-03-31 23:36:01 - [MESSAGE][PASSED] - Text 'Single Transaction' is present on page  using regular expression

2022-03-31 23:36:01 - [TEST_STEP][PASSED] - verifyTextPresent("15.50", true): Text '15.50' is present on page  using regular expression

2022-03-31 23:36:02 - [MESSAGE][PASSED] - Text '15.50' is present on page  using regular expression

2022-03-31 23:36:02 - [TEST_STEP][PASSED] - verifyTextPresent("Authorization", true): Text 'Authorization' is present on page  using regular expression

2022-03-31 23:36:02 - [MESSAGE][PASSED] - Text 'Authorization' is present on page  using regular expression

2022-03-31 23:36:02 - [TEST_STEP][PASSED] - verifyTextPresent("Card Information", true): Text 'Card Information' is present on page  using regular expression

2022-03-31 23:36:02 - [MESSAGE][PASSED] - Text 'Card Information' is present on page  using regular expression

2022-03-31 23:36:02 - [TEST_STEP][PASSED] - cardNameV = findTestData(dataFile).getValue("CardNameV", row): null

2022-03-31 23:36:02 - [TEST_STEP][PASSED] - al1V = findTestData(dataFile).getValue("AL1", row): null

2022-03-31 23:36:03 - [TEST_STEP][PASSED] - al2V = findTestData(dataFile).getValue("AL2", row): null

2022-03-31 23:36:03 - [TEST_STEP][PASSED] - zipV = findTestData(dataFile).getValue("ZIP", row): null

2022-03-31 23:36:03 - [TEST_STEP][PASSED] - cardTypeV = findTestData(dataFile).getValue("CardType", row): null

2022-03-31 23:36:03 - [TEST_STEP][PASSED] - last4V = findTestData(dataFile).getValue("Last4", row): null

2022-03-31 23:36:03 - [TEST_STEP][PASSED] - verifyTextPresent(cardNameV, true): Text 'TULSI RAMAN' is present on page  using regular expression

2022-03-31 23:36:03 - [MESSAGE][PASSED] - Text 'TULSI RAMAN' is present on page  using regular expression

2022-03-31 23:36:03 - [TEST_STEP][PASSED] - verifyTextPresent("Address Line 1", true): Text 'Address Line 1' is present on page  using regular expression

2022-03-31 23:36:04 - [MESSAGE][PASSED] - Text 'Address Line 1' is present on page  using regular expression

2022-03-31 23:36:04 - [TEST_STEP][PASSED] - verifyTextPresent("Address Line 2", true): Text 'Address Line 2' is present on page  using regular expression

2022-03-31 23:36:04 - [MESSAGE][PASSED] - Text 'Address Line 2' is present on page  using regular expression

2022-03-31 23:36:04 - [TEST_STEP][PASSED] - verifyTextPresent("Country", true): Text 'Country' is present on page  using regular expression

2022-03-31 23:36:04 - [MESSAGE][PASSED] - Text 'Country' is present on page  using regular expression

2022-03-31 23:36:04 - [TEST_STEP][PASSED] - verifyTextPresent("City", true): Text 'City' is present on page  using regular expression

2022-03-31 23:36:05 - [MESSAGE][PASSED] - Text 'City' is present on page  using regular expression

2022-03-31 23:36:05 - [TEST_STEP][PASSED] - verifyTextPresent("State", true): Text 'State' is present on page  using regular expression

2022-03-31 23:36:05 - [MESSAGE][PASSED] - Text 'State' is present on page  using regular expression

2022-03-31 23:36:05 - [TEST_STEP][PASSED] - verifyTextPresent("ZIP Code", true): Text 'ZIP Code' is present on page  using regular expression

2022-03-31 23:36:05 - [MESSAGE][PASSED] - Text 'ZIP Code' is present on page  using regular expression

2022-03-31 23:36:05 - [TEST_STEP][PASSED] - verifyTextPresent(al1V, true): Text '550 Swan Lake' is present on page  using regular expression

2022-03-31 23:36:06 - [MESSAGE][PASSED] - Text '550 Swan Lake' is present on page  using regular expression

2022-03-31 23:36:06 - [TEST_STEP][PASSED] - verifyTextPresent(al2V, true): Text 'Suite 500' is present on page  using regular expression

2022-03-31 23:36:06 - [MESSAGE][PASSED] - Text 'Suite 500' is present on page  using regular expression

2022-03-31 23:36:06 - [TEST_STEP][PASSED] - verifyTextPresent("United States", true): Text 'United States' is present on page  using regular expression

2022-03-31 23:36:06 - [MESSAGE][PASSED] - Text 'United States' is present on page  using regular expression

2022-03-31 23:36:06 - [TEST_STEP][PASSED] - verifyTextPresent("ARLINGTON", true): Text 'ARLINGTON' is present on page  using regular expression

2022-03-31 23:36:07 - [MESSAGE][PASSED] - Text 'ARLINGTON' is present on page  using regular expression

2022-03-31 23:36:07 - [TEST_STEP][PASSED] - verifyTextPresent("Virginia", true): Text 'Virginia' is present on page  using regular expression

2022-03-31 23:36:07 - [MESSAGE][PASSED] - Text 'Virginia' is present on page  using regular expression

2022-03-31 23:36:07 - [TEST_STEP][PASSED] - verifyTextPresent(zipV, true): Text '22201' is present on page  using regular expression

2022-03-31 23:36:07 - [MESSAGE][PASSED] - Text '22201' is present on page  using regular expression

2022-03-31 23:36:07 - [TEST_STEP][PASSED] - verifyTextPresent(cardTypeV, true): Text 'American Express' is present on page  using regular expression

2022-03-31 23:36:08 - [MESSAGE][PASSED] - Text 'American Express' is present on page  using regular expression

2022-03-31 23:36:08 - [TEST_STEP][PASSED] - verifyTextPresent(last4V, true): Text '2376' is present on page  using regular expression

2022-03-31 23:36:08 - [MESSAGE][PASSED] - Text '2376' is present on page  using regular expression

2022-03-31 23:36:08 - [TEST_STEP][PASSED] - closeBrowser(): Browser is closed

2022-03-31 23:36:09 - [MESSAGE][PASSED] - Browser is closed

2022-03-31 23:36:09 - [TEST_STEP][PASSED] - ExecuteTC = findTestData(dataFile).getValue("Execute", row): null

2022-03-31 23:36:09 - [TEST_STEP][PASSED] - out.println("Value of Execute is : " + ExecuteTC): null

2022-03-31 23:36:09 - [TEST_STEP][PASSED] - switch (executionProfile): null

2022-03-31 23:36:09 - [TEST_STEP][PASSED] - case "QAProfile":: null

2022-03-31 23:36:09 - [TEST_STEP][PASSED] - appName = findTestData(dataFile).getValue("AppNameQA", row): null

2022-03-31 23:36:09 - [TEST_STEP][PASSED] - appID = findTestData(dataFile).getValue("AppIDQA", row): null

2022-03-31 23:36:09 - [TEST_STEP][PASSED] - break: null

2022-03-31 23:36:09 - [TEST_STEP][PASSED] - hrefAppID = li_1 + appID + li_2: null

2022-03-31 23:36:09 - [TEST_STEP][PASSED] - hrefApp = li_1 + appID + "/": null

2022-03-31 23:36:09 - [TEST_STEP][PASSED] - println("hrefApp : " + hrefApp): null

2022-03-31 23:36:09 - [TEST_STEP][PASSED] - if (ExecuteTC.equalsIgnoreCase("Y")): Browser is closed

2022-03-31 23:36:09 - [TEST_STEP][PASSED] - out.println("Begin Record Number: " + row): null

2022-03-31 23:36:09 - [TEST_STEP][PASSED] - today = new java.util.Date(): null

2022-03-31 23:36:09 - [TEST_STEP][PASSED] - println(today): null

2022-03-31 23:36:09 - [TEST_STEP][PASSED] - datText = today: null

2022-03-31 23:36:09 - [TEST_STEP][PASSED] - adminSuiteBootstrap.loginFunctionality.login_AdminSuite(): adminSuiteBootstrap.loginFunctionality.login_AdminSuite is PASSED

2022-03-31 23:36:09 - [MESSAGE][INFO] - Starting 'Chrome' driver

2022-03-31 23:36:09 - [MESSAGE][INFO] - User set preference: ['acceptInsecureCerts', 'true']

2022-03-31 23:36:09 - [MESSAGE][INFO] - Action delay is set to 0 milliseconds

2022-03-31 23:36:11 - [MESSAGE][PASSED] - Browser is opened with url: 'https://qa.velocitypayment.com/admin/imtiaz'

2022-03-31 23:36:12 - [MESSAGE][PASSED] - Current window maximized

2022-03-31 23:36:12 - [MESSAGE][PASSED] - Object 'Object Repository/Login_Page/Login_Username' is present

2022-03-31 23:36:13 - [MESSAGE][PASSED] - Text 'iahmed' is set on object 'Object Repository/Login_Page/Login_Username'

2022-03-31 23:36:13 - [MESSAGE][PASSED] - Text 'hello2222' is set on object 'Object Repository/Login_Page/Login_Password'

2022-03-31 23:36:16 - [MESSAGE][PASSED] - Object: 'Object Repository/Login_Page/Login_Submit' is clicked on

2022-03-31 23:36:16 - [MESSAGE][PASSED] - adminSuiteBootstrap.loginFunctionality.login_AdminSuite is PASSED

2022-03-31 23:36:16 - [TEST_STEP][PASSED] - click(findTestObject(path_Dashboard + appName)): Object: 'Object Repository/AdminSuiteBootstrap_Pages/Dashboard_Bootstrap/a_Access AutoSingleCFtpQA' is clicked on

2022-03-31 23:36:17 - [MESSAGE][PASSED] - Object: 'Object Repository/AdminSuiteBootstrap_Pages/Dashboard_Bootstrap/a_Access AutoSingleCFtpQA' is clicked on

2022-03-31 23:36:17 - [TEST_STEP][PASSED] - click(findTestObject(path_VT + "button_Authorization Only")): Object: 'Object Repository/AdminSuiteBootstrap_Pages/VT_Bootstrap/IssueTransactions/button_Authorization Only' is clicked on

2022-03-31 23:36:18 - [MESSAGE][PASSED] - Object: 'Object Repository/AdminSuiteBootstrap_Pages/VT_Bootstrap/IssueTransactions/button_Authorization Only' is clicked on

2022-03-31 23:36:18 - [TEST_STEP][PASSED] - authOnlyKeyboardEntryLink = modifyObjectProperty(findTestObject(path_VT + "a_KeyboardEntry_Sale"), "href", "equals", hrefAppID, true): Modify property of object successfully

2022-03-31 23:36:18 - [MESSAGE][PASSED] - Modify property of object successfully

2022-03-31 23:36:18 - [TEST_STEP][PASSED] - click(authOnlyKeyboardEntryLink): Object: 'Object Repository/AdminSuiteBootstrap_Pages/VT_Bootstrap/IssueTransactions/a_KeyboardEntry_Sale' is clicked on

2022-03-31 23:36:19 - [MESSAGE][PASSED] - Object: 'Object Repository/AdminSuiteBootstrap_Pages/VT_Bootstrap/IssueTransactions/a_KeyboardEntry_Sale' is clicked on

2022-03-31 23:36:19 - [TEST_STEP][PASSED] - adminSuiteBootstrap.virtualTerminalSetData.saleKeyboard_DataDriven(row, dataFile): adminSuiteBootstrap.virtualTerminalSetData.saleKeyboard_DataDriven is PASSED

2022-03-31 23:36:22 - [MESSAGE][PASSED] - Text 'Tulsi Raman' is set on object 'Object Repository/AdminSuiteBootstrap_Pages/VT_Bootstrap/SaleKeyboard/input_cardName'

2022-03-31 23:36:23 - [MESSAGE][PASSED] - All options with value 'RETL' are selected in object 'Object Repository/AdminSuiteBootstrap_Pages/VT_Bootstrap/SaleKeyboard/select_transactionCategory'  using regular expression

2022-03-31 23:36:23 - [MESSAGE][PASSED] - Execute JavaScript 'arguments[0].value ='6011000993026909' ' successfully

2022-03-31 23:36:23 - [MESSAGE][PASSED] - Execute JavaScript 'arguments[0].value ='123' ' successfully

2022-03-31 23:36:25 - [MESSAGE][PASSED] - All options with value '12' are selected in object 'Object Repository/AdminSuiteBootstrap_Pages/VT_Bootstrap/SaleKeyboard/select_MM'  using regular expression

2022-03-31 23:36:26 - [MESSAGE][PASSED] - All options with value '2025' are selected in object 'Object Repository/AdminSuiteBootstrap_Pages/VT_Bootstrap/SaleKeyboard/select_YYYY'  using regular expression

2022-03-31 23:36:26 - [MESSAGE][PASSED] - Text '25987 Hill Top' is set on object 'Object Repository/AdminSuiteBootstrap_Pages/VT_Bootstrap/SaleKeyboard/input__address'

2022-03-31 23:36:27 - [MESSAGE][PASSED] - Text 'Suite 500' is set on object 'Object Repository/AdminSuiteBootstrap_Pages/VT_Bootstrap/SaleKeyboard/input__address2'

2022-03-31 23:36:28 - [MESSAGE][PASSED] - Text '22201' is set on object 'Object Repository/AdminSuiteBootstrap_Pages/VT_Bootstrap/SaleKeyboard/input__zip'

2022-03-31 23:36:29 - [MESSAGE][PASSED] - Text '' is set on object 'Object Repository/AdminSuiteBootstrap_Pages/VT_Bootstrap/SaleKeyboard/input_emailAddress'

2022-03-31 23:36:30 - [MESSAGE][PASSED] - Text '' is set on object 'Object Repository/AdminSuiteBootstrap_Pages/VT_Bootstrap/SaleKeyboard/input_smsNumber'

2022-03-31 23:36:31 - [MESSAGE][PASSED] - Text '10.50' is set on object 'Object Repository/AdminSuiteBootstrap_Pages/VT_Bootstrap/SaleKeyboard/input_amount'

2022-03-31 23:36:32 - [MESSAGE][PASSED] - Text 'Australia' is set on object 'Object Repository/AdminSuiteBootstrap_Pages/VT_Bootstrap/SaleKeyboard/input_userDefined1'

2022-03-31 23:36:32 - [MESSAGE][PASSED] - Text 'Denmark' is set on object 'Object Repository/AdminSuiteBootstrap_Pages/VT_Bootstrap/SaleKeyboard/input_userDefined2'

2022-03-31 23:36:33 - [MESSAGE][PASSED] - Text 'Sweden' is set on object 'Object Repository/AdminSuiteBootstrap_Pages/VT_Bootstrap/SaleKeyboard/input_userDefined3'

2022-03-31 23:36:34 - [MESSAGE][PASSED] - Text 'Austria' is set on object 'Object Repository/AdminSuiteBootstrap_Pages/VT_Bootstrap/SaleKeyboard/input_userDefined4'

2022-03-31 23:36:35 - [MESSAGE][PASSED] - All options with label 'Orange' are selected in object 'Object Repository/AdminSuiteBootstrap_Pages/VT_Bootstrap/SaleKeyboard/select_UDF5_DropDown'  using regular expression

2022-03-31 23:36:36 - [MESSAGE][PASSED] - All options with label 'Yellow' are selected in object 'Object Repository/AdminSuiteBootstrap_Pages/VT_Bootstrap/SaleKeyboard/select_UDF6_DropDown'  using regular expression

2022-03-31 23:36:37 - [MESSAGE][PASSED] - Text 'Norway' is set on object 'Object Repository/AdminSuiteBootstrap_Pages/VT_Bootstrap/SaleKeyboard/input_userDefined7'

2022-03-31 23:36:37 - [MESSAGE][PASSED] - Text 'Netherlands' is set on object 'Object Repository/AdminSuiteBootstrap_Pages/VT_Bootstrap/SaleKeyboard/input_userDefined8'

2022-03-31 23:36:38 - [MESSAGE][PASSED] - Text 'Switzerland' is set on object 'Object Repository/AdminSuiteBootstrap_Pages/VT_Bootstrap/SaleKeyboard/input_userDefined9'

2022-03-31 23:36:39 - [MESSAGE][PASSED] - Text 'France' is set on object 'Object Repository/AdminSuiteBootstrap_Pages/VT_Bootstrap/SaleKeyboard/input_userDefined10'

2022-03-31 23:36:40 - [MESSAGE][PASSED] - Object: 'Object Repository/AdminSuiteBootstrap_Pages/VT_Bootstrap/SaleKeyboard/button_Submit' is clicked on

2022-03-31 23:36:40 - [MESSAGE][PASSED] - adminSuiteBootstrap.virtualTerminalSetData.saleKeyboard_DataDriven is PASSED

2022-03-31 23:36:40 - [TEST_STEP][PASSED] - verifyTextPresent("Transaction Successful", true): Text 'Transaction Successful' is present on page  using regular expression

2022-03-31 23:36:41 - [MESSAGE][PASSED] - Text 'Transaction Successful' is present on page  using regular expression

2022-03-31 23:36:41 - [TEST_STEP][PASSED] - verifyElementVisible(findTestObject("Object Repository/AdminSuiteBootstrap_Pages/VT_Bootstrap/Receipt/button_Continue")): Object 'Object Repository/AdminSuiteBootstrap_Pages/VT_Bootstrap/Receipt/button_Continue' is visible

2022-03-31 23:36:41 - [MESSAGE][PASSED] - Object 'Object Repository/AdminSuiteBootstrap_Pages/VT_Bootstrap/Receipt/button_Continue' is visible

2022-03-31 23:36:41 - [TEST_STEP][PASSED] - verifyElementPresent(findTestObject("Object Repository/AdminSuiteBootstrap_Pages/VT_Bootstrap/Receipt/button_Continue"), 20): Object 'Object Repository/AdminSuiteBootstrap_Pages/VT_Bootstrap/Receipt/button_Continue' is present

2022-03-31 23:36:41 - [MESSAGE][PASSED] - Object 'Object Repository/AdminSuiteBootstrap_Pages/VT_Bootstrap/Receipt/button_Continue' is present

2022-03-31 23:36:41 - [TEST_STEP][PASSED] - verifyElementVisible(findTestObject("Object Repository/AdminSuiteBootstrap_Pages/VT_Bootstrap/Receipt/button_Print")): Object 'Object Repository/AdminSuiteBootstrap_Pages/VT_Bootstrap/Receipt/button_Print' is visible

2022-03-31 23:36:42 - [MESSAGE][PASSED] - Object 'Object Repository/AdminSuiteBootstrap_Pages/VT_Bootstrap/Receipt/button_Print' is visible

2022-03-31 23:36:42 - [TEST_STEP][PASSED] - verifyElementPresent(findTestObject("Object Repository/AdminSuiteBootstrap_Pages/VT_Bootstrap/Receipt/button_Print"), 20): Object 'Object Repository/AdminSuiteBootstrap_Pages/VT_Bootstrap/Receipt/button_Print' is present

2022-03-31 23:36:42 - [MESSAGE][PASSED] - Object 'Object Repository/AdminSuiteBootstrap_Pages/VT_Bootstrap/Receipt/button_Print' is present

2022-03-31 23:36:42 - [TEST_STEP][PASSED] - verifyTextPresent("Remittance ID", true): Text 'Remittance ID' is present on page  using regular expression

2022-03-31 23:36:43 - [MESSAGE][PASSED] - Text 'Remittance ID' is present on page  using regular expression

2022-03-31 23:36:43 - [TEST_STEP][PASSED] - verifyTextPresent("Received", true): Text 'Received' is present on page  using regular expression

2022-03-31 23:36:43 - [MESSAGE][PASSED] - Text 'Received' is present on page  using regular expression

2022-03-31 23:36:43 - [TEST_STEP][PASSED] - verifyTextPresent("UDF1", true): Text 'UDF1' is present on page  using regular expression

2022-03-31 23:36:43 - [MESSAGE][PASSED] - Text 'UDF1' is present on page  using regular expression

2022-03-31 23:36:43 - [TEST_STEP][PASSED] - verifyTextPresent("UDF2", true): Text 'UDF2' is present on page  using regular expression

2022-03-31 23:36:44 - [MESSAGE][PASSED] - Text 'UDF2' is present on page  using regular expression

2022-03-31 23:36:44 - [TEST_STEP][PASSED] - verifyTextPresent("UDF3", true): Text 'UDF3' is present on page  using regular expression

2022-03-31 23:36:44 - [MESSAGE][PASSED] - Text 'UDF3' is present on page  using regular expression

2022-03-31 23:36:44 - [TEST_STEP][PASSED] - verifyTextPresent("UDF4", true): Text 'UDF4' is present on page  using regular expression

2022-03-31 23:36:44 - [MESSAGE][PASSED] - Text 'UDF4' is present on page  using regular expression

2022-03-31 23:36:44 - [TEST_STEP][PASSED] - verifyTextPresent("UDF5", true): Text 'UDF5' is present on page  using regular expression

2022-03-31 23:36:45 - [MESSAGE][PASSED] - Text 'UDF5' is present on page  using regular expression

2022-03-31 23:36:45 - [TEST_STEP][PASSED] - verifyTextPresent("UDF6", true): Text 'UDF6' is present on page  using regular expression

2022-03-31 23:36:45 - [MESSAGE][PASSED] - Text 'UDF6' is present on page  using regular expression

2022-03-31 23:36:45 - [TEST_STEP][PASSED] - verifyTextPresent("UDF7", true): Text 'UDF7' is present on page  using regular expression

2022-03-31 23:36:45 - [MESSAGE][PASSED] - Text 'UDF7' is present on page  using regular expression

2022-03-31 23:36:45 - [TEST_STEP][PASSED] - verifyTextPresent("UDF8", true): Text 'UDF8' is present on page  using regular expression

2022-03-31 23:36:46 - [MESSAGE][PASSED] - Text 'UDF8' is present on page  using regular expression

2022-03-31 23:36:46 - [TEST_STEP][PASSED] - verifyTextPresent("UDF9", true): Text 'UDF9' is present on page  using regular expression

2022-03-31 23:36:46 - [MESSAGE][PASSED] - Text 'UDF9' is present on page  using regular expression

2022-03-31 23:36:46 - [TEST_STEP][PASSED] - verifyTextPresent("UDF 10", true): Text 'UDF 10' is present on page  using regular expression

2022-03-31 23:36:46 - [MESSAGE][PASSED] - Text 'UDF 10' is present on page  using regular expression

2022-03-31 23:36:46 - [TEST_STEP][PASSED] - verifyTextPresent("Australia", true): Text 'Australia' is present on page  using regular expression

2022-03-31 23:36:47 - [MESSAGE][PASSED] - Text 'Australia' is present on page  using regular expression

2022-03-31 23:36:47 - [TEST_STEP][PASSED] - verifyTextPresent("Denmark", true): Text 'Denmark' is present on page  using regular expression

2022-03-31 23:36:47 - [MESSAGE][PASSED] - Text 'Denmark' is present on page  using regular expression

2022-03-31 23:36:47 - [TEST_STEP][PASSED] - verifyTextPresent("Sweden", true): Text 'Sweden' is present on page  using regular expression

2022-03-31 23:36:47 - [MESSAGE][PASSED] - Text 'Sweden' is present on page  using regular expression

2022-03-31 23:36:47 - [TEST_STEP][PASSED] - verifyTextPresent("Austria", true): Text 'Austria' is present on page  using regular expression

2022-03-31 23:36:48 - [MESSAGE][PASSED] - Text 'Austria' is present on page  using regular expression

2022-03-31 23:36:48 - [TEST_STEP][PASSED] - verifyTextPresent("Orange Recorded", true): Text 'Orange Recorded' is present on page  using regular expression

2022-03-31 23:36:48 - [MESSAGE][PASSED] - Text 'Orange Recorded' is present on page  using regular expression

2022-03-31 23:36:48 - [TEST_STEP][PASSED] - verifyTextPresent("Yellow Recorded", true): Text 'Yellow Recorded' is present on page  using regular expression

2022-03-31 23:36:48 - [MESSAGE][PASSED] - Text 'Yellow Recorded' is present on page  using regular expression

2022-03-31 23:36:48 - [TEST_STEP][PASSED] - verifyTextPresent("Norway", true): Text 'Norway' is present on page  using regular expression

2022-03-31 23:36:49 - [MESSAGE][PASSED] - Text 'Norway' is present on page  using regular expression

2022-03-31 23:36:49 - [TEST_STEP][PASSED] - verifyTextPresent("Netherlands", true): Text 'Netherlands' is present on page  using regular expression

2022-03-31 23:36:49 - [MESSAGE][PASSED] - Text 'Netherlands' is present on page  using regular expression

2022-03-31 23:36:49 - [TEST_STEP][PASSED] - verifyTextPresent("Switzerland", true): Text 'Switzerland' is present on page  using regular expression

2022-03-31 23:36:49 - [MESSAGE][PASSED] - Text 'Switzerland' is present on page  using regular expression

2022-03-31 23:36:49 - [TEST_STEP][PASSED] - verifyTextPresent("France", true): Text 'France' is present on page  using regular expression

2022-03-31 23:36:50 - [MESSAGE][PASSED] - Text 'France' is present on page  using regular expression

2022-03-31 23:36:50 - [TEST_STEP][PASSED] - verifyTextPresent("Amount", true): Text 'Amount' is present on page  using regular expression

2022-03-31 23:36:50 - [MESSAGE][PASSED] - Text 'Amount' is present on page  using regular expression

2022-03-31 23:36:50 - [TEST_STEP][PASSED] - verifyTextPresent("Service Fee", true): Text 'Service Fee' is present on page  using regular expression

2022-03-31 23:36:50 - [MESSAGE][PASSED] - Text 'Service Fee' is present on page  using regular expression

2022-03-31 23:36:50 - [TEST_STEP][PASSED] - verifyTextPresent("Service Fee Type", true): Text 'Service Fee Type' is present on page  using regular expression

2022-03-31 23:36:51 - [MESSAGE][PASSED] - Text 'Service Fee Type' is present on page  using regular expression

2022-03-31 23:36:51 - [TEST_STEP][PASSED] - verifyTextPresent("Total Amount", true): Text 'Total Amount' is present on page  using regular expression

2022-03-31 23:36:51 - [MESSAGE][PASSED] - Text 'Total Amount' is present on page  using regular expression

2022-03-31 23:36:51 - [TEST_STEP][PASSED] - verifyTextPresent("Transaction Type", true): Text 'Transaction Type' is present on page  using regular expression

2022-03-31 23:36:51 - [MESSAGE][PASSED] - Text 'Transaction Type' is present on page  using regular expression

2022-03-31 23:36:51 - [TEST_STEP][PASSED] - verifyTextPresent("10.50", true): Text '10.50' is present on page  using regular expression

2022-03-31 23:36:52 - [MESSAGE][PASSED] - Text '10.50' is present on page  using regular expression

2022-03-31 23:36:52 - [TEST_STEP][PASSED] - verifyTextPresent("5.00", true): Text '5.00' is present on page  using regular expression

2022-03-31 23:36:52 - [MESSAGE][PASSED] - Text '5.00' is present on page  using regular expression

2022-03-31 23:36:52 - [TEST_STEP][PASSED] - verifyTextPresent("Single Transaction", true): Text 'Single Transaction' is present on page  using regular expression

2022-03-31 23:36:52 - [MESSAGE][PASSED] - Text 'Single Transaction' is present on page  using regular expression

2022-03-31 23:36:52 - [TEST_STEP][PASSED] - verifyTextPresent("15.50", true): Text '15.50' is present on page  using regular expression

2022-03-31 23:36:53 - [MESSAGE][PASSED] - Text '15.50' is present on page  using regular expression

2022-03-31 23:36:53 - [TEST_STEP][PASSED] - verifyTextPresent("Authorization", true): Text 'Authorization' is present on page  using regular expression

2022-03-31 23:36:53 - [MESSAGE][PASSED] - Text 'Authorization' is present on page  using regular expression

2022-03-31 23:36:53 - [TEST_STEP][PASSED] - verifyTextPresent("Card Information", true): Text 'Card Information' is present on page  using regular expression

2022-03-31 23:36:53 - [MESSAGE][PASSED] - Text 'Card Information' is present on page  using regular expression

2022-03-31 23:36:53 - [TEST_STEP][PASSED] - cardNameV = findTestData(dataFile).getValue("CardNameV", row): null

2022-03-31 23:36:53 - [TEST_STEP][PASSED] - al1V = findTestData(dataFile).getValue("AL1", row): null

2022-03-31 23:36:54 - [TEST_STEP][PASSED] - al2V = findTestData(dataFile).getValue("AL2", row): null

2022-03-31 23:36:54 - [TEST_STEP][PASSED] - zipV = findTestData(dataFile).getValue("ZIP", row): null

2022-03-31 23:36:54 - [TEST_STEP][PASSED] - cardTypeV = findTestData(dataFile).getValue("CardType", row): null

2022-03-31 23:36:54 - [TEST_STEP][PASSED] - last4V = findTestData(dataFile).getValue("Last4", row): null

2022-03-31 23:36:54 - [TEST_STEP][PASSED] - verifyTextPresent(cardNameV, true): Text 'TULSI RAMAN' is present on page  using regular expression

2022-03-31 23:36:54 - [MESSAGE][PASSED] - Text 'TULSI RAMAN' is present on page  using regular expression

2022-03-31 23:36:54 - [TEST_STEP][PASSED] - verifyTextPresent("Address Line 1", true): Text 'Address Line 1' is present on page  using regular expression

2022-03-31 23:36:55 - [MESSAGE][PASSED] - Text 'Address Line 1' is present on page  using regular expression

2022-03-31 23:36:55 - [TEST_STEP][PASSED] - verifyTextPresent("Address Line 2", true): Text 'Address Line 2' is present on page  using regular expression

2022-03-31 23:36:55 - [MESSAGE][PASSED] - Text 'Address Line 2' is present on page  using regular expression

2022-03-31 23:36:55 - [TEST_STEP][PASSED] - verifyTextPresent("Country", true): Text 'Country' is present on page  using regular expression

2022-03-31 23:36:55 - [MESSAGE][PASSED] - Text 'Country' is present on page  using regular expression

2022-03-31 23:36:55 - [TEST_STEP][PASSED] - verifyTextPresent("City", true): Text 'City' is present on page  using regular expression

2022-03-31 23:36:56 - [MESSAGE][PASSED] - Text 'City' is present on page  using regular expression

2022-03-31 23:36:56 - [TEST_STEP][PASSED] - verifyTextPresent("State", true): Text 'State' is present on page  using regular expression

2022-03-31 23:36:56 - [MESSAGE][PASSED] - Text 'State' is present on page  using regular expression

2022-03-31 23:36:56 - [TEST_STEP][PASSED] - verifyTextPresent("ZIP Code", true): Text 'ZIP Code' is present on page  using regular expression

2022-03-31 23:36:56 - [MESSAGE][PASSED] - Text 'ZIP Code' is present on page  using regular expression

2022-03-31 23:36:56 - [TEST_STEP][PASSED] - verifyTextPresent(al1V, true): Text '25987 Hill Top' is present on page  using regular expression

2022-03-31 23:36:57 - [MESSAGE][PASSED] - Text '25987 Hill Top' is present on page  using regular expression

2022-03-31 23:36:57 - [TEST_STEP][PASSED] - verifyTextPresent(al2V, true): Text 'Suite 500' is present on page  using regular expression

2022-03-31 23:36:57 - [MESSAGE][PASSED] - Text 'Suite 500' is present on page  using regular expression

2022-03-31 23:36:57 - [TEST_STEP][PASSED] - verifyTextPresent("United States", true): Text 'United States' is present on page  using regular expression

2022-03-31 23:36:57 - [MESSAGE][PASSED] - Text 'United States' is present on page  using regular expression

2022-03-31 23:36:57 - [TEST_STEP][PASSED] - verifyTextPresent("ARLINGTON", true): Text 'ARLINGTON' is present on page  using regular expression

2022-03-31 23:36:58 - [MESSAGE][PASSED] - Text 'ARLINGTON' is present on page  using regular expression

2022-03-31 23:36:58 - [TEST_STEP][PASSED] - verifyTextPresent("Virginia", true): Text 'Virginia' is present on page  using regular expression

2022-03-31 23:36:58 - [MESSAGE][PASSED] - Text 'Virginia' is present on page  using regular expression

2022-03-31 23:36:58 - [TEST_STEP][PASSED] - verifyTextPresent(zipV, true): Text '22201' is present on page  using regular expression

2022-03-31 23:36:58 - [MESSAGE][PASSED] - Text '22201' is present on page  using regular expression

2022-03-31 23:36:58 - [TEST_STEP][PASSED] - verifyTextPresent(cardTypeV, true): Text 'Discover' is present on page  using regular expression

2022-03-31 23:36:59 - [MESSAGE][PASSED] - Text 'Discover' is present on page  using regular expression

2022-03-31 23:36:59 - [TEST_STEP][PASSED] - verifyTextPresent(last4V, true): Text '6909' is present on page  using regular expression

2022-03-31 23:36:59 - [MESSAGE][PASSED] - Text '6909' is present on page  using regular expression

2022-03-31 23:36:59 - [TEST_STEP][PASSED] - closeBrowser(): Browser is closed

2022-03-31 23:37:00 - [MESSAGE][PASSED] - Browser is closed

2022-03-31 23:37:00 - [TEST_STEP][PASSED] - ExecuteTC = findTestData(dataFile).getValue("Execute", row): null

2022-03-31 23:37:00 - [TEST_STEP][PASSED] - out.println("Value of Execute is : " + ExecuteTC): null

2022-03-31 23:37:00 - [TEST_STEP][PASSED] - switch (executionProfile): null

2022-03-31 23:37:00 - [TEST_STEP][PASSED] - case "QAProfile":: null

2022-03-31 23:37:00 - [TEST_STEP][PASSED] - appName = findTestData(dataFile).getValue("AppNameQA", row): null

2022-03-31 23:37:00 - [TEST_STEP][PASSED] - appID = findTestData(dataFile).getValue("AppIDQA", row): null

2022-03-31 23:37:00 - [TEST_STEP][PASSED] - break: null

2022-03-31 23:37:00 - [TEST_STEP][PASSED] - hrefAppID = li_1 + appID + li_2: null

2022-03-31 23:37:00 - [TEST_STEP][PASSED] - hrefApp = li_1 + appID + "/": null

2022-03-31 23:37:00 - [TEST_STEP][PASSED] - println("hrefApp : " + hrefApp): null

2022-03-31 23:37:00 - [TEST_STEP][PASSED] - if (ExecuteTC.equalsIgnoreCase("Y")): Browser is closed

2022-03-31 23:37:00 - [TEST_STEP][PASSED] - out.println("Begin Record Number: " + row): null

2022-03-31 23:37:00 - [TEST_STEP][PASSED] - today = new java.util.Date(): null

2022-03-31 23:37:00 - [TEST_STEP][PASSED] - println(today): null

2022-03-31 23:37:00 - [TEST_STEP][PASSED] - datText = today: null

2022-03-31 23:37:00 - [TEST_STEP][PASSED] - adminSuiteBootstrap.loginFunctionality.login_AdminSuite(): adminSuiteBootstrap.loginFunctionality.login_AdminSuite is PASSED

2022-03-31 23:37:00 - [MESSAGE][INFO] - Starting 'Chrome' driver

2022-03-31 23:37:00 - [MESSAGE][INFO] - User set preference: ['acceptInsecureCerts', 'true']

2022-03-31 23:37:00 - [MESSAGE][INFO] - Action delay is set to 0 milliseconds

2022-03-31 23:37:03 - [MESSAGE][PASSED] - Browser is opened with url: 'https://qa.velocitypayment.com/admin/imtiaz'

2022-03-31 23:37:03 - [MESSAGE][PASSED] - Current window maximized

2022-03-31 23:37:04 - [MESSAGE][PASSED] - Object 'Object Repository/Login_Page/Login_Username' is present

2022-03-31 23:37:04 - [MESSAGE][PASSED] - Text 'iahmed' is set on object 'Object Repository/Login_Page/Login_Username'

2022-03-31 23:37:05 - [MESSAGE][PASSED] - Text 'hello2222' is set on object 'Object Repository/Login_Page/Login_Password'

2022-03-31 23:37:08 - [MESSAGE][PASSED] - Object: 'Object Repository/Login_Page/Login_Submit' is clicked on

2022-03-31 23:37:08 - [MESSAGE][PASSED] - adminSuiteBootstrap.loginFunctionality.login_AdminSuite is PASSED

2022-03-31 23:37:08 - [TEST_STEP][PASSED] - click(findTestObject(path_Dashboard + appName)): Object: 'Object Repository/AdminSuiteBootstrap_Pages/Dashboard_Bootstrap/a_Access AutoSingleCFtpQA' is clicked on

2022-03-31 23:37:08 - [MESSAGE][PASSED] - Object: 'Object Repository/AdminSuiteBootstrap_Pages/Dashboard_Bootstrap/a_Access AutoSingleCFtpQA' is clicked on

2022-03-31 23:37:08 - [TEST_STEP][PASSED] - click(findTestObject(path_VT + "button_Authorization Only")): Object: 'Object Repository/AdminSuiteBootstrap_Pages/VT_Bootstrap/IssueTransactions/button_Authorization Only' is clicked on

2022-03-31 23:37:09 - [MESSAGE][PASSED] - Object: 'Object Repository/AdminSuiteBootstrap_Pages/VT_Bootstrap/IssueTransactions/button_Authorization Only' is clicked on

2022-03-31 23:37:09 - [TEST_STEP][PASSED] - authOnlyKeyboardEntryLink = modifyObjectProperty(findTestObject(path_VT + "a_KeyboardEntry_Sale"), "href", "equals", hrefAppID, true): Modify property of object successfully

2022-03-31 23:37:09 - [MESSAGE][PASSED] - Modify property of object successfully

2022-03-31 23:37:09 - [TEST_STEP][PASSED] - click(authOnlyKeyboardEntryLink): Object: 'Object Repository/AdminSuiteBootstrap_Pages/VT_Bootstrap/IssueTransactions/a_KeyboardEntry_Sale' is clicked on

2022-03-31 23:37:10 - [MESSAGE][PASSED] - Object: 'Object Repository/AdminSuiteBootstrap_Pages/VT_Bootstrap/IssueTransactions/a_KeyboardEntry_Sale' is clicked on

2022-03-31 23:37:10 - [TEST_STEP][PASSED] - adminSuiteBootstrap.virtualTerminalSetData.saleKeyboard_DataDriven(row, dataFile): adminSuiteBootstrap.virtualTerminalSetData.saleKeyboard_DataDriven is PASSED

2022-03-31 23:37:13 - [MESSAGE][PASSED] - Text 'Janaki James' is set on object 'Object Repository/AdminSuiteBootstrap_Pages/VT_Bootstrap/SaleKeyboard/input_cardName'

2022-03-31 23:37:14 - [MESSAGE][PASSED] - All options with value 'MOTO' are selected in object 'Object Repository/AdminSuiteBootstrap_Pages/VT_Bootstrap/SaleKeyboard/select_transactionCategory'  using regular expression

2022-03-31 23:37:14 - [MESSAGE][PASSED] - Execute JavaScript 'arguments[0].value ='4012000098765439' ' successfully

2022-03-31 23:37:15 - [MESSAGE][PASSED] - Execute JavaScript 'arguments[0].value ='123' ' successfully

2022-03-31 23:37:16 - [MESSAGE][PASSED] - All options with value '12' are selected in object 'Object Repository/AdminSuiteBootstrap_Pages/VT_Bootstrap/SaleKeyboard/select_MM'  using regular expression

2022-03-31 23:37:17 - [MESSAGE][PASSED] - All options with value '2025' are selected in object 'Object Repository/AdminSuiteBootstrap_Pages/VT_Bootstrap/SaleKeyboard/select_YYYY'  using regular expression

2022-03-31 23:37:18 - [MESSAGE][PASSED] - Text '36 Cornor Road' is set on object 'Object Repository/AdminSuiteBootstrap_Pages/VT_Bootstrap/SaleKeyboard/input__address'

2022-03-31 23:37:18 - [MESSAGE][PASSED] - Text 'Suite 500' is set on object 'Object Repository/AdminSuiteBootstrap_Pages/VT_Bootstrap/SaleKeyboard/input__address2'

2022-03-31 23:37:19 - [MESSAGE][PASSED] - Text '22201' is set on object 'Object Repository/AdminSuiteBootstrap_Pages/VT_Bootstrap/SaleKeyboard/input__zip'

2022-03-31 23:37:20 - [MESSAGE][PASSED] - Text '' is set on object 'Object Repository/AdminSuiteBootstrap_Pages/VT_Bootstrap/SaleKeyboard/input_emailAddress'

2022-03-31 23:37:21 - [MESSAGE][PASSED] - Text '' is set on object 'Object Repository/AdminSuiteBootstrap_Pages/VT_Bootstrap/SaleKeyboard/input_smsNumber'

2022-03-31 23:37:22 - [MESSAGE][PASSED] - Text '10.50' is set on object 'Object Repository/AdminSuiteBootstrap_Pages/VT_Bootstrap/SaleKeyboard/input_amount'

2022-03-31 23:37:23 - [MESSAGE][PASSED] - Text 'Australia' is set on object 'Object Repository/AdminSuiteBootstrap_Pages/VT_Bootstrap/SaleKeyboard/input_userDefined1'

2022-03-31 23:37:24 - [MESSAGE][PASSED] - Text 'Denmark' is set on object 'Object Repository/AdminSuiteBootstrap_Pages/VT_Bootstrap/SaleKeyboard/input_userDefined2'

2022-03-31 23:37:24 - [MESSAGE][PASSED] - Text 'Sweden' is set on object 'Object Repository/AdminSuiteBootstrap_Pages/VT_Bootstrap/SaleKeyboard/input_userDefined3'

2022-03-31 23:37:25 - [MESSAGE][PASSED] - Text 'Austria' is set on object 'Object Repository/AdminSuiteBootstrap_Pages/VT_Bootstrap/SaleKeyboard/input_userDefined4'

2022-03-31 23:37:26 - [MESSAGE][PASSED] - All options with label 'Orange' are selected in object 'Object Repository/AdminSuiteBootstrap_Pages/VT_Bootstrap/SaleKeyboard/select_UDF5_DropDown'  using regular expression

2022-03-31 23:37:27 - [MESSAGE][PASSED] - All options with label 'Yellow' are selected in object 'Object Repository/AdminSuiteBootstrap_Pages/VT_Bootstrap/SaleKeyboard/select_UDF6_DropDown'  using regular expression

2022-03-31 23:37:28 - [MESSAGE][PASSED] - Text 'Norway' is set on object 'Object Repository/AdminSuiteBootstrap_Pages/VT_Bootstrap/SaleKeyboard/input_userDefined7'

2022-03-31 23:37:28 - [MESSAGE][PASSED] - Text 'Netherlands' is set on object 'Object Repository/AdminSuiteBootstrap_Pages/VT_Bootstrap/SaleKeyboard/input_userDefined8'

2022-03-31 23:37:29 - [MESSAGE][PASSED] - Text 'Switzerland' is set on object 'Object Repository/AdminSuiteBootstrap_Pages/VT_Bootstrap/SaleKeyboard/input_userDefined9'

2022-03-31 23:37:30 - [MESSAGE][PASSED] - Text 'France' is set on object 'Object Repository/AdminSuiteBootstrap_Pages/VT_Bootstrap/SaleKeyboard/input_userDefined10'

2022-03-31 23:37:31 - [MESSAGE][PASSED] - Object: 'Object Repository/AdminSuiteBootstrap_Pages/VT_Bootstrap/SaleKeyboard/button_Submit' is clicked on

2022-03-31 23:37:31 - [MESSAGE][PASSED] - adminSuiteBootstrap.virtualTerminalSetData.saleKeyboard_DataDriven is PASSED

2022-03-31 23:37:31 - [TEST_STEP][PASSED] - verifyTextPresent("Transaction Successful", true): Text 'Transaction Successful' is present on page  using regular expression

2022-03-31 23:37:32 - [MESSAGE][PASSED] - Text 'Transaction Successful' is present on page  using regular expression

2022-03-31 23:37:32 - [TEST_STEP][PASSED] - verifyElementVisible(findTestObject("Object Repository/AdminSuiteBootstrap_Pages/VT_Bootstrap/Receipt/button_Continue")): Object 'Object Repository/AdminSuiteBootstrap_Pages/VT_Bootstrap/Receipt/button_Continue' is visible

2022-03-31 23:37:32 - [MESSAGE][PASSED] - Object 'Object Repository/AdminSuiteBootstrap_Pages/VT_Bootstrap/Receipt/button_Continue' is visible

2022-03-31 23:37:32 - [TEST_STEP][PASSED] - verifyElementPresent(findTestObject("Object Repository/AdminSuiteBootstrap_Pages/VT_Bootstrap/Receipt/button_Continue"), 20): Object 'Object Repository/AdminSuiteBootstrap_Pages/VT_Bootstrap/Receipt/button_Continue' is present

2022-03-31 23:37:33 - [MESSAGE][PASSED] - Object 'Object Repository/AdminSuiteBootstrap_Pages/VT_Bootstrap/Receipt/button_Continue' is present

2022-03-31 23:37:33 - [TEST_STEP][PASSED] - verifyElementVisible(findTestObject("Object Repository/AdminSuiteBootstrap_Pages/VT_Bootstrap/Receipt/button_Print")): Object 'Object Repository/AdminSuiteBootstrap_Pages/VT_Bootstrap/Receipt/button_Print' is visible

2022-03-31 23:37:33 - [MESSAGE][PASSED] - Object 'Object Repository/AdminSuiteBootstrap_Pages/VT_Bootstrap/Receipt/button_Print' is visible

2022-03-31 23:37:33 - [TEST_STEP][PASSED] - verifyElementPresent(findTestObject("Object Repository/AdminSuiteBootstrap_Pages/VT_Bootstrap/Receipt/button_Print"), 20): Object 'Object Repository/AdminSuiteBootstrap_Pages/VT_Bootstrap/Receipt/button_Print' is present

2022-03-31 23:37:33 - [MESSAGE][PASSED] - Object 'Object Repository/AdminSuiteBootstrap_Pages/VT_Bootstrap/Receipt/button_Print' is present

2022-03-31 23:37:33 - [TEST_STEP][PASSED] - verifyTextPresent("Remittance ID", true): Text 'Remittance ID' is present on page  using regular expression

2022-03-31 23:37:34 - [MESSAGE][PASSED] - Text 'Remittance ID' is present on page  using regular expression

2022-03-31 23:37:34 - [TEST_STEP][PASSED] - verifyTextPresent("Received", true): Text 'Received' is present on page  using regular expression

2022-03-31 23:37:34 - [MESSAGE][PASSED] - Text 'Received' is present on page  using regular expression

2022-03-31 23:37:34 - [TEST_STEP][PASSED] - verifyTextPresent("UDF1", true): Text 'UDF1' is present on page  using regular expression

2022-03-31 23:37:34 - [MESSAGE][PASSED] - Text 'UDF1' is present on page  using regular expression

2022-03-31 23:37:34 - [TEST_STEP][PASSED] - verifyTextPresent("UDF2", true): Text 'UDF2' is present on page  using regular expression

2022-03-31 23:37:35 - [MESSAGE][PASSED] - Text 'UDF2' is present on page  using regular expression

2022-03-31 23:37:35 - [TEST_STEP][PASSED] - verifyTextPresent("UDF3", true): Text 'UDF3' is present on page  using regular expression

2022-03-31 23:37:35 - [MESSAGE][PASSED] - Text 'UDF3' is present on page  using regular expression

2022-03-31 23:37:35 - [TEST_STEP][PASSED] - verifyTextPresent("UDF4", true): Text 'UDF4' is present on page  using regular expression

2022-03-31 23:37:35 - [MESSAGE][PASSED] - Text 'UDF4' is present on page  using regular expression

2022-03-31 23:37:35 - [TEST_STEP][PASSED] - verifyTextPresent("UDF5", true): Text 'UDF5' is present on page  using regular expression

2022-03-31 23:37:36 - [MESSAGE][PASSED] - Text 'UDF5' is present on page  using regular expression

2022-03-31 23:37:36 - [TEST_STEP][PASSED] - verifyTextPresent("UDF6", true): Text 'UDF6' is present on page  using regular expression

2022-03-31 23:37:36 - [MESSAGE][PASSED] - Text 'UDF6' is present on page  using regular expression

2022-03-31 23:37:36 - [TEST_STEP][PASSED] - verifyTextPresent("UDF7", true): Text 'UDF7' is present on page  using regular expression

2022-03-31 23:37:36 - [MESSAGE][PASSED] - Text 'UDF7' is present on page  using regular expression

2022-03-31 23:37:36 - [TEST_STEP][PASSED] - verifyTextPresent("UDF8", true): Text 'UDF8' is present on page  using regular expression

2022-03-31 23:37:37 - [MESSAGE][PASSED] - Text 'UDF8' is present on page  using regular expression

2022-03-31 23:37:37 - [TEST_STEP][PASSED] - verifyTextPresent("UDF9", true): Text 'UDF9' is present on page  using regular expression

2022-03-31 23:37:37 - [MESSAGE][PASSED] - Text 'UDF9' is present on page  using regular expression

2022-03-31 23:37:37 - [TEST_STEP][PASSED] - verifyTextPresent("UDF 10", true): Text 'UDF 10' is present on page  using regular expression

2022-03-31 23:37:37 - [MESSAGE][PASSED] - Text 'UDF 10' is present on page  using regular expression

2022-03-31 23:37:37 - [TEST_STEP][PASSED] - verifyTextPresent("Australia", true): Text 'Australia' is present on page  using regular expression

2022-03-31 23:37:38 - [MESSAGE][PASSED] - Text 'Australia' is present on page  using regular expression

2022-03-31 23:37:38 - [TEST_STEP][PASSED] - verifyTextPresent("Denmark", true): Text 'Denmark' is present on page  using regular expression

2022-03-31 23:37:38 - [MESSAGE][PASSED] - Text 'Denmark' is present on page  using regular expression

2022-03-31 23:37:38 - [TEST_STEP][PASSED] - verifyTextPresent("Sweden", true): Text 'Sweden' is present on page  using regular expression

2022-03-31 23:37:38 - [MESSAGE][PASSED] - Text 'Sweden' is present on page  using regular expression

2022-03-31 23:37:38 - [TEST_STEP][PASSED] - verifyTextPresent("Austria", true): Text 'Austria' is present on page  using regular expression

2022-03-31 23:37:39 - [MESSAGE][PASSED] - Text 'Austria' is present on page  using regular expression

2022-03-31 23:37:39 - [TEST_STEP][PASSED] - verifyTextPresent("Orange Recorded", true): Text 'Orange Recorded' is present on page  using regular expression

2022-03-31 23:37:39 - [MESSAGE][PASSED] - Text 'Orange Recorded' is present on page  using regular expression

2022-03-31 23:37:39 - [TEST_STEP][PASSED] - verifyTextPresent("Yellow Recorded", true): Text 'Yellow Recorded' is present on page  using regular expression

2022-03-31 23:37:39 - [MESSAGE][PASSED] - Text 'Yellow Recorded' is present on page  using regular expression

2022-03-31 23:37:39 - [TEST_STEP][PASSED] - verifyTextPresent("Norway", true): Text 'Norway' is present on page  using regular expression

2022-03-31 23:37:40 - [MESSAGE][PASSED] - Text 'Norway' is present on page  using regular expression

2022-03-31 23:37:40 - [TEST_STEP][PASSED] - verifyTextPresent("Netherlands", true): Text 'Netherlands' is present on page  using regular expression

2022-03-31 23:37:40 - [MESSAGE][PASSED] - Text 'Netherlands' is present on page  using regular expression

2022-03-31 23:37:40 - [TEST_STEP][PASSED] - verifyTextPresent("Switzerland", true): Text 'Switzerland' is present on page  using regular expression

2022-03-31 23:37:40 - [MESSAGE][PASSED] - Text 'Switzerland' is present on page  using regular expression

2022-03-31 23:37:40 - [TEST_STEP][PASSED] - verifyTextPresent("France", true): Text 'France' is present on page  using regular expression

2022-03-31 23:37:41 - [MESSAGE][PASSED] - Text 'France' is present on page  using regular expression

2022-03-31 23:37:41 - [TEST_STEP][PASSED] - verifyTextPresent("Amount", true): Text 'Amount' is present on page  using regular expression

2022-03-31 23:37:41 - [MESSAGE][PASSED] - Text 'Amount' is present on page  using regular expression

2022-03-31 23:37:41 - [TEST_STEP][PASSED] - verifyTextPresent("Service Fee", true): Text 'Service Fee' is present on page  using regular expression

2022-03-31 23:37:41 - [MESSAGE][PASSED] - Text 'Service Fee' is present on page  using regular expression

2022-03-31 23:37:41 - [TEST_STEP][PASSED] - verifyTextPresent("Service Fee Type", true): Text 'Service Fee Type' is present on page  using regular expression

2022-03-31 23:37:42 - [MESSAGE][PASSED] - Text 'Service Fee Type' is present on page  using regular expression

2022-03-31 23:37:42 - [TEST_STEP][PASSED] - verifyTextPresent("Total Amount", true): Text 'Total Amount' is present on page  using regular expression

2022-03-31 23:37:42 - [MESSAGE][PASSED] - Text 'Total Amount' is present on page  using regular expression

2022-03-31 23:37:42 - [TEST_STEP][PASSED] - verifyTextPresent("Transaction Type", true): Text 'Transaction Type' is present on page  using regular expression

2022-03-31 23:37:42 - [MESSAGE][PASSED] - Text 'Transaction Type' is present on page  using regular expression

2022-03-31 23:37:42 - [TEST_STEP][PASSED] - verifyTextPresent("10.50", true): Text '10.50' is present on page  using regular expression

2022-03-31 23:37:43 - [MESSAGE][PASSED] - Text '10.50' is present on page  using regular expression

2022-03-31 23:37:43 - [TEST_STEP][PASSED] - verifyTextPresent("5.00", true): Text '5.00' is present on page  using regular expression

2022-03-31 23:37:43 - [MESSAGE][PASSED] - Text '5.00' is present on page  using regular expression

2022-03-31 23:37:43 - [TEST_STEP][PASSED] - verifyTextPresent("Single Transaction", true): Text 'Single Transaction' is present on page  using regular expression

2022-03-31 23:37:43 - [MESSAGE][PASSED] - Text 'Single Transaction' is present on page  using regular expression

2022-03-31 23:37:43 - [TEST_STEP][PASSED] - verifyTextPresent("15.50", true): Text '15.50' is present on page  using regular expression

2022-03-31 23:37:44 - [MESSAGE][PASSED] - Text '15.50' is present on page  using regular expression

2022-03-31 23:37:44 - [TEST_STEP][PASSED] - verifyTextPresent("Authorization", true): Text 'Authorization' is present on page  using regular expression

2022-03-31 23:37:44 - [MESSAGE][PASSED] - Text 'Authorization' is present on page  using regular expression

2022-03-31 23:37:44 - [TEST_STEP][PASSED] - verifyTextPresent("Card Information", true): Text 'Card Information' is present on page  using regular expression

2022-03-31 23:37:44 - [MESSAGE][PASSED] - Text 'Card Information' is present on page  using regular expression

2022-03-31 23:37:44 - [TEST_STEP][PASSED] - cardNameV = findTestData(dataFile).getValue("CardNameV", row): null

2022-03-31 23:37:45 - [TEST_STEP][PASSED] - al1V = findTestData(dataFile).getValue("AL1", row): null

2022-03-31 23:37:45 - [TEST_STEP][PASSED] - al2V = findTestData(dataFile).getValue("AL2", row): null

2022-03-31 23:37:45 - [TEST_STEP][PASSED] - zipV = findTestData(dataFile).getValue("ZIP", row): null

2022-03-31 23:37:45 - [TEST_STEP][PASSED] - cardTypeV = findTestData(dataFile).getValue("CardType", row): null

2022-03-31 23:37:45 - [TEST_STEP][PASSED] - last4V = findTestData(dataFile).getValue("Last4", row): null

2022-03-31 23:37:45 - [TEST_STEP][PASSED] - verifyTextPresent(cardNameV, true): Text 'JANAKI JAMES' is present on page  using regular expression

2022-03-31 23:37:45 - [MESSAGE][PASSED] - Text 'JANAKI JAMES' is present on page  using regular expression

2022-03-31 23:37:45 - [TEST_STEP][PASSED] - verifyTextPresent("Address Line 1", true): Text 'Address Line 1' is present on page  using regular expression

2022-03-31 23:37:46 - [MESSAGE][PASSED] - Text 'Address Line 1' is present on page  using regular expression

2022-03-31 23:37:46 - [TEST_STEP][PASSED] - verifyTextPresent("Address Line 2", true): Text 'Address Line 2' is present on page  using regular expression

2022-03-31 23:37:46 - [MESSAGE][PASSED] - Text 'Address Line 2' is present on page  using regular expression

2022-03-31 23:37:46 - [TEST_STEP][PASSED] - verifyTextPresent("Country", true): Text 'Country' is present on page  using regular expression

2022-03-31 23:37:46 - [MESSAGE][PASSED] - Text 'Country' is present on page  using regular expression

2022-03-31 23:37:46 - [TEST_STEP][PASSED] - verifyTextPresent("City", true): Text 'City' is present on page  using regular expression

2022-03-31 23:37:47 - [MESSAGE][PASSED] - Text 'City' is present on page  using regular expression

2022-03-31 23:37:47 - [TEST_STEP][PASSED] - verifyTextPresent("State", true): Text 'State' is present on page  using regular expression

2022-03-31 23:37:47 - [MESSAGE][PASSED] - Text 'State' is present on page  using regular expression

2022-03-31 23:37:47 - [TEST_STEP][PASSED] - verifyTextPresent("ZIP Code", true): Text 'ZIP Code' is present on page  using regular expression

2022-03-31 23:37:47 - [MESSAGE][PASSED] - Text 'ZIP Code' is present on page  using regular expression

2022-03-31 23:37:47 - [TEST_STEP][PASSED] - verifyTextPresent(al1V, true): Text '36 Cornor Road' is present on page  using regular expression

2022-03-31 23:37:48 - [MESSAGE][PASSED] - Text '36 Cornor Road' is present on page  using regular expression

2022-03-31 23:37:48 - [TEST_STEP][PASSED] - verifyTextPresent(al2V, true): Text 'Suite 500' is present on page  using regular expression

2022-03-31 23:37:48 - [MESSAGE][PASSED] - Text 'Suite 500' is present on page  using regular expression

2022-03-31 23:37:48 - [TEST_STEP][PASSED] - verifyTextPresent("United States", true): Text 'United States' is present on page  using regular expression

2022-03-31 23:37:48 - [MESSAGE][PASSED] - Text 'United States' is present on page  using regular expression

2022-03-31 23:37:48 - [TEST_STEP][PASSED] - verifyTextPresent("ARLINGTON", true): Text 'ARLINGTON' is present on page  using regular expression

2022-03-31 23:37:49 - [MESSAGE][PASSED] - Text 'ARLINGTON' is present on page  using regular expression

2022-03-31 23:37:49 - [TEST_STEP][PASSED] - verifyTextPresent("Virginia", true): Text 'Virginia' is present on page  using regular expression

2022-03-31 23:37:49 - [MESSAGE][PASSED] - Text 'Virginia' is present on page  using regular expression

2022-03-31 23:37:49 - [TEST_STEP][PASSED] - verifyTextPresent(zipV, true): Text '22201' is present on page  using regular expression

2022-03-31 23:37:49 - [MESSAGE][PASSED] - Text '22201' is present on page  using regular expression

2022-03-31 23:37:49 - [TEST_STEP][PASSED] - verifyTextPresent(cardTypeV, true): Text 'Visa' is present on page  using regular expression

2022-03-31 23:37:50 - [MESSAGE][PASSED] - Text 'Visa' is present on page  using regular expression

2022-03-31 23:37:50 - [TEST_STEP][PASSED] - verifyTextPresent(last4V, true): Text '5439' is present on page  using regular expression

2022-03-31 23:37:50 - [MESSAGE][PASSED] - Text '5439' is present on page  using regular expression

2022-03-31 23:37:50 - [TEST_STEP][PASSED] - closeBrowser(): Browser is closed

2022-03-31 23:37:51 - [MESSAGE][PASSED] - Browser is closed

2022-03-31 23:37:51 - [TEST_STEP][PASSED] - ExecuteTC = findTestData(dataFile).getValue("Execute", row): null

2022-03-31 23:37:51 - [TEST_STEP][PASSED] - out.println("Value of Execute is : " + ExecuteTC): null

2022-03-31 23:37:51 - [TEST_STEP][PASSED] - switch (executionProfile): null

2022-03-31 23:37:51 - [TEST_STEP][PASSED] - case "QAProfile":: null

2022-03-31 23:37:51 - [TEST_STEP][PASSED] - appName = findTestData(dataFile).getValue("AppNameQA", row): null

2022-03-31 23:37:51 - [TEST_STEP][PASSED] - appID = findTestData(dataFile).getValue("AppIDQA", row): null

2022-03-31 23:37:51 - [TEST_STEP][PASSED] - break: null

2022-03-31 23:37:51 - [TEST_STEP][PASSED] - hrefAppID = li_1 + appID + li_2: null

2022-03-31 23:37:51 - [TEST_STEP][PASSED] - hrefApp = li_1 + appID + "/": null

2022-03-31 23:37:51 - [TEST_STEP][PASSED] - println("hrefApp : " + hrefApp): null

2022-03-31 23:37:51 - [TEST_STEP][PASSED] - if (ExecuteTC.equalsIgnoreCase("Y")): Browser is closed

2022-03-31 23:37:51 - [TEST_STEP][PASSED] - out.println("Begin Record Number: " + row): null

2022-03-31 23:37:51 - [TEST_STEP][PASSED] - today = new java.util.Date(): null

2022-03-31 23:37:51 - [TEST_STEP][PASSED] - println(today): null

2022-03-31 23:37:51 - [TEST_STEP][PASSED] - datText = today: null

2022-03-31 23:37:51 - [TEST_STEP][PASSED] - adminSuiteBootstrap.loginFunctionality.login_AdminSuite(): adminSuiteBootstrap.loginFunctionality.login_AdminSuite is PASSED

2022-03-31 23:37:51 - [MESSAGE][INFO] - Starting 'Chrome' driver

2022-03-31 23:37:51 - [MESSAGE][INFO] - User set preference: ['acceptInsecureCerts', 'true']

2022-03-31 23:37:51 - [MESSAGE][INFO] - Action delay is set to 0 milliseconds

2022-03-31 23:37:54 - [MESSAGE][PASSED] - Browser is opened with url: 'https://qa.velocitypayment.com/admin/imtiaz'

2022-03-31 23:37:54 - [MESSAGE][PASSED] - Current window maximized

2022-03-31 23:37:55 - [MESSAGE][PASSED] - Object 'Object Repository/Login_Page/Login_Username' is present

2022-03-31 23:37:55 - [MESSAGE][PASSED] - Text 'iahmed' is set on object 'Object Repository/Login_Page/Login_Username'

2022-03-31 23:37:56 - [MESSAGE][PASSED] - Text 'hello2222' is set on object 'Object Repository/Login_Page/Login_Password'

2022-03-31 23:38:00 - [MESSAGE][PASSED] - Object: 'Object Repository/Login_Page/Login_Submit' is clicked on

2022-03-31 23:38:00 - [MESSAGE][PASSED] - adminSuiteBootstrap.loginFunctionality.login_AdminSuite is PASSED

2022-03-31 23:38:00 - [TEST_STEP][PASSED] - click(findTestObject(path_Dashboard + appName)): Object: 'Object Repository/AdminSuiteBootstrap_Pages/Dashboard_Bootstrap/a_Access AutoSingleCFtpQA' is clicked on

2022-03-31 23:38:01 - [MESSAGE][PASSED] - Object: 'Object Repository/AdminSuiteBootstrap_Pages/Dashboard_Bootstrap/a_Access AutoSingleCFtpQA' is clicked on

2022-03-31 23:38:01 - [TEST_STEP][PASSED] - click(findTestObject(path_VT + "button_Authorization Only")): Object: 'Object Repository/AdminSuiteBootstrap_Pages/VT_Bootstrap/IssueTransactions/button_Authorization Only' is clicked on

2022-03-31 23:38:02 - [MESSAGE][PASSED] - Object: 'Object Repository/AdminSuiteBootstrap_Pages/VT_Bootstrap/IssueTransactions/button_Authorization Only' is clicked on

2022-03-31 23:38:02 - [TEST_STEP][PASSED] - authOnlyKeyboardEntryLink = modifyObjectProperty(findTestObject(path_VT + "a_KeyboardEntry_Sale"), "href", "equals", hrefAppID, true): Modify property of object successfully

2022-03-31 23:38:02 - [MESSAGE][PASSED] - Modify property of object successfully

2022-03-31 23:38:02 - [TEST_STEP][PASSED] - click(authOnlyKeyboardEntryLink): Object: 'Object Repository/AdminSuiteBootstrap_Pages/VT_Bootstrap/IssueTransactions/a_KeyboardEntry_Sale' is clicked on

2022-03-31 23:38:03 - [MESSAGE][PASSED] - Object: 'Object Repository/AdminSuiteBootstrap_Pages/VT_Bootstrap/IssueTransactions/a_KeyboardEntry_Sale' is clicked on

2022-03-31 23:38:03 - [TEST_STEP][PASSED] - adminSuiteBootstrap.virtualTerminalSetData.saleKeyboard_DataDriven(row, dataFile): adminSuiteBootstrap.virtualTerminalSetData.saleKeyboard_DataDriven is PASSED

2022-03-31 23:38:05 - [MESSAGE][PASSED] - Text 'Janaki James' is set on object 'Object Repository/AdminSuiteBootstrap_Pages/VT_Bootstrap/SaleKeyboard/input_cardName'

2022-03-31 23:38:06 - [MESSAGE][PASSED] - All options with value 'MOTO' are selected in object 'Object Repository/AdminSuiteBootstrap_Pages/VT_Bootstrap/SaleKeyboard/select_transactionCategory'  using regular expression

2022-03-31 23:38:07 - [MESSAGE][PASSED] - Execute JavaScript 'arguments[0].value ='5146312200000035' ' successfully

2022-03-31 23:38:07 - [MESSAGE][PASSED] - Execute JavaScript 'arguments[0].value ='123' ' successfully

2022-03-31 23:38:08 - [MESSAGE][PASSED] - All options with value '12' are selected in object 'Object Repository/AdminSuiteBootstrap_Pages/VT_Bootstrap/SaleKeyboard/select_MM'  using regular expression

2022-03-31 23:38:09 - [MESSAGE][PASSED] - All options with value '2025' are selected in object 'Object Repository/AdminSuiteBootstrap_Pages/VT_Bootstrap/SaleKeyboard/select_YYYY'  using regular expression

2022-03-31 23:38:10 - [MESSAGE][PASSED] - Text '1478 Jhatka Palace' is set on object 'Object Repository/AdminSuiteBootstrap_Pages/VT_Bootstrap/SaleKeyboard/input__address'

2022-03-31 23:38:10 - [MESSAGE][PASSED] - Text 'Suite 500' is set on object 'Object Repository/AdminSuiteBootstrap_Pages/VT_Bootstrap/SaleKeyboard/input__address2'

2022-03-31 23:38:11 - [MESSAGE][PASSED] - Text '22201' is set on object 'Object Repository/AdminSuiteBootstrap_Pages/VT_Bootstrap/SaleKeyboard/input__zip'

2022-03-31 23:38:12 - [MESSAGE][PASSED] - Text '' is set on object 'Object Repository/AdminSuiteBootstrap_Pages/VT_Bootstrap/SaleKeyboard/input_emailAddress'

2022-03-31 23:38:13 - [MESSAGE][PASSED] - Text '' is set on object 'Object Repository/AdminSuiteBootstrap_Pages/VT_Bootstrap/SaleKeyboard/input_smsNumber'

2022-03-31 23:38:14 - [MESSAGE][PASSED] - Text '10.50' is set on object 'Object Repository/AdminSuiteBootstrap_Pages/VT_Bootstrap/SaleKeyboard/input_amount'

2022-03-31 23:38:15 - [MESSAGE][PASSED] - Text 'Australia' is set on object 'Object Repository/AdminSuiteBootstrap_Pages/VT_Bootstrap/SaleKeyboard/input_userDefined1'

2022-03-31 23:38:16 - [MESSAGE][PASSED] - Text 'Denmark' is set on object 'Object Repository/AdminSuiteBootstrap_Pages/VT_Bootstrap/SaleKeyboard/input_userDefined2'

2022-03-31 23:38:16 - [MESSAGE][PASSED] - Text 'Sweden' is set on object 'Object Repository/AdminSuiteBootstrap_Pages/VT_Bootstrap/SaleKeyboard/input_userDefined3'

2022-03-31 23:38:17 - [MESSAGE][PASSED] - Text 'Austria' is set on object 'Object Repository/AdminSuiteBootstrap_Pages/VT_Bootstrap/SaleKeyboard/input_userDefined4'

2022-03-31 23:38:18 - [MESSAGE][PASSED] - All options with label 'Orange' are selected in object 'Object Repository/AdminSuiteBootstrap_Pages/VT_Bootstrap/SaleKeyboard/select_UDF5_DropDown'  using regular expression

2022-03-31 23:38:19 - [MESSAGE][PASSED] - All options with label 'Yellow' are selected in object 'Object Repository/AdminSuiteBootstrap_Pages/VT_Bootstrap/SaleKeyboard/select_UDF6_DropDown'  using regular expression

2022-03-31 23:38:20 - [MESSAGE][PASSED] - Text 'Norway' is set on object 'Object Repository/AdminSuiteBootstrap_Pages/VT_Bootstrap/SaleKeyboard/input_userDefined7'

2022-03-31 23:38:21 - [MESSAGE][PASSED] - Text 'Netherlands' is set on object 'Object Repository/AdminSuiteBootstrap_Pages/VT_Bootstrap/SaleKeyboard/input_userDefined8'

2022-03-31 23:38:21 - [MESSAGE][PASSED] - Text 'Switzerland' is set on object 'Object Repository/AdminSuiteBootstrap_Pages/VT_Bootstrap/SaleKeyboard/input_userDefined9'

2022-03-31 23:38:22 - [MESSAGE][PASSED] - Text 'France' is set on object 'Object Repository/AdminSuiteBootstrap_Pages/VT_Bootstrap/SaleKeyboard/input_userDefined10'

2022-03-31 23:38:24 - [MESSAGE][PASSED] - Object: 'Object Repository/AdminSuiteBootstrap_Pages/VT_Bootstrap/SaleKeyboard/button_Submit' is clicked on

2022-03-31 23:38:24 - [MESSAGE][PASSED] - adminSuiteBootstrap.virtualTerminalSetData.saleKeyboard_DataDriven is PASSED

2022-03-31 23:38:24 - [TEST_STEP][PASSED] - verifyTextPresent("Transaction Successful", true): Text 'Transaction Successful' is present on page  using regular expression

2022-03-31 23:38:24 - [MESSAGE][PASSED] - Text 'Transaction Successful' is present on page  using regular expression

2022-03-31 23:38:24 - [TEST_STEP][PASSED] - verifyElementVisible(findTestObject("Object Repository/AdminSuiteBootstrap_Pages/VT_Bootstrap/Receipt/button_Continue")): Object 'Object Repository/AdminSuiteBootstrap_Pages/VT_Bootstrap/Receipt/button_Continue' is visible

2022-03-31 23:38:24 - [MESSAGE][PASSED] - Object 'Object Repository/AdminSuiteBootstrap_Pages/VT_Bootstrap/Receipt/button_Continue' is visible

2022-03-31 23:38:24 - [TEST_STEP][PASSED] - verifyElementPresent(findTestObject("Object Repository/AdminSuiteBootstrap_Pages/VT_Bootstrap/Receipt/button_Continue"), 20): Object 'Object Repository/AdminSuiteBootstrap_Pages/VT_Bootstrap/Receipt/button_Continue' is present

2022-03-31 23:38:25 - [MESSAGE][PASSED] - Object 'Object Repository/AdminSuiteBootstrap_Pages/VT_Bootstrap/Receipt/button_Continue' is present

2022-03-31 23:38:25 - [TEST_STEP][PASSED] - verifyElementVisible(findTestObject("Object Repository/AdminSuiteBootstrap_Pages/VT_Bootstrap/Receipt/button_Print")): Object 'Object Repository/AdminSuiteBootstrap_Pages/VT_Bootstrap/Receipt/button_Print' is visible

2022-03-31 23:38:25 - [MESSAGE][PASSED] - Object 'Object Repository/AdminSuiteBootstrap_Pages/VT_Bootstrap/Receipt/button_Print' is visible

2022-03-31 23:38:25 - [TEST_STEP][PASSED] - verifyElementPresent(findTestObject("Object Repository/AdminSuiteBootstrap_Pages/VT_Bootstrap/Receipt/button_Print"), 20): Object 'Object Repository/AdminSuiteBootstrap_Pages/VT_Bootstrap/Receipt/button_Print' is present

2022-03-31 23:38:25 - [MESSAGE][PASSED] - Object 'Object Repository/AdminSuiteBootstrap_Pages/VT_Bootstrap/Receipt/button_Print' is present

2022-03-31 23:38:25 - [TEST_STEP][PASSED] - verifyTextPresent("Remittance ID", true): Text 'Remittance ID' is present on page  using regular expression

2022-03-31 23:38:26 - [MESSAGE][PASSED] - Text 'Remittance ID' is present on page  using regular expression

2022-03-31 23:38:26 - [TEST_STEP][PASSED] - verifyTextPresent("Received", true): Text 'Received' is present on page  using regular expression

2022-03-31 23:38:26 - [MESSAGE][PASSED] - Text 'Received' is present on page  using regular expression

2022-03-31 23:38:26 - [TEST_STEP][PASSED] - verifyTextPresent("UDF1", true): Text 'UDF1' is present on page  using regular expression

2022-03-31 23:38:26 - [MESSAGE][PASSED] - Text 'UDF1' is present on page  using regular expression

2022-03-31 23:38:26 - [TEST_STEP][PASSED] - verifyTextPresent("UDF2", true): Text 'UDF2' is present on page  using regular expression

2022-03-31 23:38:27 - [MESSAGE][PASSED] - Text 'UDF2' is present on page  using regular expression

2022-03-31 23:38:27 - [TEST_STEP][PASSED] - verifyTextPresent("UDF3", true): Text 'UDF3' is present on page  using regular expression

2022-03-31 23:38:27 - [MESSAGE][PASSED] - Text 'UDF3' is present on page  using regular expression

2022-03-31 23:38:27 - [TEST_STEP][PASSED] - verifyTextPresent("UDF4", true): Text 'UDF4' is present on page  using regular expression

2022-03-31 23:38:27 - [MESSAGE][PASSED] - Text 'UDF4' is present on page  using regular expression

2022-03-31 23:38:27 - [TEST_STEP][PASSED] - verifyTextPresent("UDF5", true): Text 'UDF5' is present on page  using regular expression

2022-03-31 23:38:28 - [MESSAGE][PASSED] - Text 'UDF5' is present on page  using regular expression

2022-03-31 23:38:28 - [TEST_STEP][PASSED] - verifyTextPresent("UDF6", true): Text 'UDF6' is present on page  using regular expression

2022-03-31 23:38:28 - [MESSAGE][PASSED] - Text 'UDF6' is present on page  using regular expression

2022-03-31 23:38:28 - [TEST_STEP][PASSED] - verifyTextPresent("UDF7", true): Text 'UDF7' is present on page  using regular expression

2022-03-31 23:38:28 - [MESSAGE][PASSED] - Text 'UDF7' is present on page  using regular expression

2022-03-31 23:38:28 - [TEST_STEP][PASSED] - verifyTextPresent("UDF8", true): Text 'UDF8' is present on page  using regular expression

2022-03-31 23:38:29 - [MESSAGE][PASSED] - Text 'UDF8' is present on page  using regular expression

2022-03-31 23:38:29 - [TEST_STEP][PASSED] - verifyTextPresent("UDF9", true): Text 'UDF9' is present on page  using regular expression

2022-03-31 23:38:29 - [MESSAGE][PASSED] - Text 'UDF9' is present on page  using regular expression

2022-03-31 23:38:29 - [TEST_STEP][PASSED] - verifyTextPresent("UDF 10", true): Text 'UDF 10' is present on page  using regular expression

2022-03-31 23:38:29 - [MESSAGE][PASSED] - Text 'UDF 10' is present on page  using regular expression

2022-03-31 23:38:29 - [TEST_STEP][PASSED] - verifyTextPresent("Australia", true): Text 'Australia' is present on page  using regular expression

2022-03-31 23:38:30 - [MESSAGE][PASSED] - Text 'Australia' is present on page  using regular expression

2022-03-31 23:38:30 - [TEST_STEP][PASSED] - verifyTextPresent("Denmark", true): Text 'Denmark' is present on page  using regular expression

2022-03-31 23:38:30 - [MESSAGE][PASSED] - Text 'Denmark' is present on page  using regular expression

2022-03-31 23:38:30 - [TEST_STEP][PASSED] - verifyTextPresent("Sweden", true): Text 'Sweden' is present on page  using regular expression

2022-03-31 23:38:30 - [MESSAGE][PASSED] - Text 'Sweden' is present on page  using regular expression

2022-03-31 23:38:30 - [TEST_STEP][PASSED] - verifyTextPresent("Austria", true): Text 'Austria' is present on page  using regular expression

2022-03-31 23:38:31 - [MESSAGE][PASSED] - Text 'Austria' is present on page  using regular expression

2022-03-31 23:38:31 - [TEST_STEP][PASSED] - verifyTextPresent("Orange Recorded", true): Text 'Orange Recorded' is present on page  using regular expression

2022-03-31 23:38:31 - [MESSAGE][PASSED] - Text 'Orange Recorded' is present on page  using regular expression

2022-03-31 23:38:31 - [TEST_STEP][PASSED] - verifyTextPresent("Yellow Recorded", true): Text 'Yellow Recorded' is present on page  using regular expression

2022-03-31 23:38:31 - [MESSAGE][PASSED] - Text 'Yellow Recorded' is present on page  using regular expression

2022-03-31 23:38:31 - [TEST_STEP][PASSED] - verifyTextPresent("Norway", true): Text 'Norway' is present on page  using regular expression

2022-03-31 23:38:32 - [MESSAGE][PASSED] - Text 'Norway' is present on page  using regular expression

2022-03-31 23:38:32 - [TEST_STEP][PASSED] - verifyTextPresent("Netherlands", true): Text 'Netherlands' is present on page  using regular expression

2022-03-31 23:38:32 - [MESSAGE][PASSED] - Text 'Netherlands' is present on page  using regular expression

2022-03-31 23:38:32 - [TEST_STEP][PASSED] - verifyTextPresent("Switzerland", true): Text 'Switzerland' is present on page  using regular expression

2022-03-31 23:38:32 - [MESSAGE][PASSED] - Text 'Switzerland' is present on page  using regular expression

2022-03-31 23:38:32 - [TEST_STEP][PASSED] - verifyTextPresent("France", true): Text 'France' is present on page  using regular expression

2022-03-31 23:38:33 - [MESSAGE][PASSED] - Text 'France' is present on page  using regular expression

2022-03-31 23:38:33 - [TEST_STEP][PASSED] - verifyTextPresent("Amount", true): Text 'Amount' is present on page  using regular expression

2022-03-31 23:38:33 - [MESSAGE][PASSED] - Text 'Amount' is present on page  using regular expression

2022-03-31 23:38:33 - [TEST_STEP][PASSED] - verifyTextPresent("Service Fee", true): Text 'Service Fee' is present on page  using regular expression

2022-03-31 23:38:33 - [MESSAGE][PASSED] - Text 'Service Fee' is present on page  using regular expression

2022-03-31 23:38:33 - [TEST_STEP][PASSED] - verifyTextPresent("Service Fee Type", true): Text 'Service Fee Type' is present on page  using regular expression

2022-03-31 23:38:34 - [MESSAGE][PASSED] - Text 'Service Fee Type' is present on page  using regular expression

2022-03-31 23:38:34 - [TEST_STEP][PASSED] - verifyTextPresent("Total Amount", true): Text 'Total Amount' is present on page  using regular expression

2022-03-31 23:38:34 - [MESSAGE][PASSED] - Text 'Total Amount' is present on page  using regular expression

2022-03-31 23:38:34 - [TEST_STEP][PASSED] - verifyTextPresent("Transaction Type", true): Text 'Transaction Type' is present on page  using regular expression

2022-03-31 23:38:34 - [MESSAGE][PASSED] - Text 'Transaction Type' is present on page  using regular expression

2022-03-31 23:38:34 - [TEST_STEP][PASSED] - verifyTextPresent("10.50", true): Text '10.50' is present on page  using regular expression

2022-03-31 23:38:35 - [MESSAGE][PASSED] - Text '10.50' is present on page  using regular expression

2022-03-31 23:38:35 - [TEST_STEP][PASSED] - verifyTextPresent("5.00", true): Text '5.00' is present on page  using regular expression

2022-03-31 23:38:35 - [MESSAGE][PASSED] - Text '5.00' is present on page  using regular expression

2022-03-31 23:38:35 - [TEST_STEP][PASSED] - verifyTextPresent("Single Transaction", true): Text 'Single Transaction' is present on page  using regular expression

2022-03-31 23:38:35 - [MESSAGE][PASSED] - Text 'Single Transaction' is present on page  using regular expression

2022-03-31 23:38:35 - [TEST_STEP][PASSED] - verifyTextPresent("15.50", true): Text '15.50' is present on page  using regular expression

2022-03-31 23:38:36 - [MESSAGE][PASSED] - Text '15.50' is present on page  using regular expression

2022-03-31 23:38:36 - [TEST_STEP][PASSED] - verifyTextPresent("Authorization", true): Text 'Authorization' is present on page  using regular expression

2022-03-31 23:38:36 - [MESSAGE][PASSED] - Text 'Authorization' is present on page  using regular expression

2022-03-31 23:38:36 - [TEST_STEP][PASSED] - verifyTextPresent("Card Information", true): Text 'Card Information' is present on page  using regular expression

2022-03-31 23:38:36 - [MESSAGE][PASSED] - Text 'Card Information' is present on page  using regular expression

2022-03-31 23:38:36 - [TEST_STEP][PASSED] - cardNameV = findTestData(dataFile).getValue("CardNameV", row): null

2022-03-31 23:38:37 - [TEST_STEP][PASSED] - al1V = findTestData(dataFile).getValue("AL1", row): null

2022-03-31 23:38:37 - [TEST_STEP][PASSED] - al2V = findTestData(dataFile).getValue("AL2", row): null

2022-03-31 23:38:37 - [TEST_STEP][PASSED] - zipV = findTestData(dataFile).getValue("ZIP", row): null

2022-03-31 23:38:37 - [TEST_STEP][PASSED] - cardTypeV = findTestData(dataFile).getValue("CardType", row): null

2022-03-31 23:38:37 - [TEST_STEP][PASSED] - last4V = findTestData(dataFile).getValue("Last4", row): null

2022-03-31 23:38:37 - [TEST_STEP][PASSED] - verifyTextPresent(cardNameV, true): Text 'JANAKI JAMES' is present on page  using regular expression

2022-03-31 23:38:37 - [MESSAGE][PASSED] - Text 'JANAKI JAMES' is present on page  using regular expression

2022-03-31 23:38:37 - [TEST_STEP][PASSED] - verifyTextPresent("Address Line 1", true): Text 'Address Line 1' is present on page  using regular expression

2022-03-31 23:38:38 - [MESSAGE][PASSED] - Text 'Address Line 1' is present on page  using regular expression

2022-03-31 23:38:38 - [TEST_STEP][PASSED] - verifyTextPresent("Address Line 2", true): Text 'Address Line 2' is present on page  using regular expression

2022-03-31 23:38:38 - [MESSAGE][PASSED] - Text 'Address Line 2' is present on page  using regular expression

2022-03-31 23:38:38 - [TEST_STEP][PASSED] - verifyTextPresent("Country", true): Text 'Country' is present on page  using regular expression

2022-03-31 23:38:38 - [MESSAGE][PASSED] - Text 'Country' is present on page  using regular expression

2022-03-31 23:38:38 - [TEST_STEP][PASSED] - verifyTextPresent("City", true): Text 'City' is present on page  using regular expression

2022-03-31 23:38:39 - [MESSAGE][PASSED] - Text 'City' is present on page  using regular expression

2022-03-31 23:38:39 - [TEST_STEP][PASSED] - verifyTextPresent("State", true): Text 'State' is present on page  using regular expression

2022-03-31 23:38:39 - [MESSAGE][PASSED] - Text 'State' is present on page  using regular expression

2022-03-31 23:38:39 - [TEST_STEP][PASSED] - verifyTextPresent("ZIP Code", true): Text 'ZIP Code' is present on page  using regular expression

2022-03-31 23:38:39 - [MESSAGE][PASSED] - Text 'ZIP Code' is present on page  using regular expression

2022-03-31 23:38:39 - [TEST_STEP][PASSED] - verifyTextPresent(al1V, true): Text '1478 Jhatka Palace' is present on page  using regular expression

2022-03-31 23:38:40 - [MESSAGE][PASSED] - Text '1478 Jhatka Palace' is present on page  using regular expression

2022-03-31 23:38:40 - [TEST_STEP][PASSED] - verifyTextPresent(al2V, true): Text 'Suite 500' is present on page  using regular expression

2022-03-31 23:38:40 - [MESSAGE][PASSED] - Text 'Suite 500' is present on page  using regular expression

2022-03-31 23:38:40 - [TEST_STEP][PASSED] - verifyTextPresent("United States", true): Text 'United States' is present on page  using regular expression

2022-03-31 23:38:40 - [MESSAGE][PASSED] - Text 'United States' is present on page  using regular expression

2022-03-31 23:38:40 - [TEST_STEP][PASSED] - verifyTextPresent("ARLINGTON", true): Text 'ARLINGTON' is present on page  using regular expression

2022-03-31 23:38:41 - [MESSAGE][PASSED] - Text 'ARLINGTON' is present on page  using regular expression

2022-03-31 23:38:41 - [TEST_STEP][PASSED] - verifyTextPresent("Virginia", true): Text 'Virginia' is present on page  using regular expression

2022-03-31 23:38:41 - [MESSAGE][PASSED] - Text 'Virginia' is present on page  using regular expression

2022-03-31 23:38:41 - [TEST_STEP][PASSED] - verifyTextPresent(zipV, true): Text '22201' is present on page  using regular expression

2022-03-31 23:38:41 - [MESSAGE][PASSED] - Text '22201' is present on page  using regular expression

2022-03-31 23:38:41 - [TEST_STEP][PASSED] - verifyTextPresent(cardTypeV, true): Text 'MasterCard' is present on page  using regular expression

2022-03-31 23:38:42 - [MESSAGE][PASSED] - Text 'MasterCard' is present on page  using regular expression

2022-03-31 23:38:42 - [TEST_STEP][PASSED] - verifyTextPresent(last4V, true): Text '0035' is present on page  using regular expression

2022-03-31 23:38:42 - [MESSAGE][PASSED] - Text '0035' is present on page  using regular expression

2022-03-31 23:38:42 - [TEST_STEP][PASSED] - closeBrowser(): Browser is closed

2022-03-31 23:38:43 - [MESSAGE][PASSED] - Browser is closed

2022-03-31 23:38:43 - [TEST_STEP][PASSED] - ExecuteTC = findTestData(dataFile).getValue("Execute", row): null

2022-03-31 23:38:43 - [TEST_STEP][PASSED] - out.println("Value of Execute is : " + ExecuteTC): null

2022-03-31 23:38:43 - [TEST_STEP][PASSED] - switch (executionProfile): null

2022-03-31 23:38:43 - [TEST_STEP][PASSED] - case "QAProfile":: null

2022-03-31 23:38:43 - [TEST_STEP][PASSED] - appName = findTestData(dataFile).getValue("AppNameQA", row): null

2022-03-31 23:38:43 - [TEST_STEP][PASSED] - appID = findTestData(dataFile).getValue("AppIDQA", row): null

2022-03-31 23:38:43 - [TEST_STEP][PASSED] - break: null

2022-03-31 23:38:43 - [TEST_STEP][PASSED] - hrefAppID = li_1 + appID + li_2: null

2022-03-31 23:38:43 - [TEST_STEP][PASSED] - hrefApp = li_1 + appID + "/": null

2022-03-31 23:38:43 - [TEST_STEP][PASSED] - println("hrefApp : " + hrefApp): null

2022-03-31 23:38:43 - [TEST_STEP][PASSED] - if (ExecuteTC.equalsIgnoreCase("Y")): Browser is closed

2022-03-31 23:38:43 - [TEST_STEP][PASSED] - out.println("Begin Record Number: " + row): null

2022-03-31 23:38:43 - [TEST_STEP][PASSED] - today = new java.util.Date(): null

2022-03-31 23:38:43 - [TEST_STEP][PASSED] - println(today): null

2022-03-31 23:38:43 - [TEST_STEP][PASSED] - datText = today: null

2022-03-31 23:38:43 - [TEST_STEP][PASSED] - adminSuiteBootstrap.loginFunctionality.login_AdminSuite(): adminSuiteBootstrap.loginFunctionality.login_AdminSuite is PASSED

2022-03-31 23:38:43 - [MESSAGE][INFO] - Starting 'Chrome' driver

2022-03-31 23:38:43 - [MESSAGE][INFO] - User set preference: ['acceptInsecureCerts', 'true']

2022-03-31 23:38:43 - [MESSAGE][INFO] - Action delay is set to 0 milliseconds

2022-03-31 23:38:46 - [MESSAGE][PASSED] - Browser is opened with url: 'https://qa.velocitypayment.com/admin/imtiaz'

2022-03-31 23:38:46 - [MESSAGE][PASSED] - Current window maximized

2022-03-31 23:38:47 - [MESSAGE][PASSED] - Object 'Object Repository/Login_Page/Login_Username' is present

2022-03-31 23:38:48 - [MESSAGE][PASSED] - Text 'iahmed' is set on object 'Object Repository/Login_Page/Login_Username'

2022-03-31 23:38:49 - [MESSAGE][PASSED] - Text 'hello2222' is set on object 'Object Repository/Login_Page/Login_Password'

2022-03-31 23:38:52 - [MESSAGE][PASSED] - Object: 'Object Repository/Login_Page/Login_Submit' is clicked on

2022-03-31 23:38:52 - [MESSAGE][PASSED] - adminSuiteBootstrap.loginFunctionality.login_AdminSuite is PASSED

2022-03-31 23:38:52 - [TEST_STEP][PASSED] - click(findTestObject(path_Dashboard + appName)): Object: 'Object Repository/AdminSuiteBootstrap_Pages/Dashboard_Bootstrap/a_Access AutoSingleCFtpQA' is clicked on

2022-03-31 23:38:53 - [MESSAGE][PASSED] - Object: 'Object Repository/AdminSuiteBootstrap_Pages/Dashboard_Bootstrap/a_Access AutoSingleCFtpQA' is clicked on

2022-03-31 23:38:53 - [TEST_STEP][PASSED] - click(findTestObject(path_VT + "button_Authorization Only")): Object: 'Object Repository/AdminSuiteBootstrap_Pages/VT_Bootstrap/IssueTransactions/button_Authorization Only' is clicked on

2022-03-31 23:38:53 - [MESSAGE][PASSED] - Object: 'Object Repository/AdminSuiteBootstrap_Pages/VT_Bootstrap/IssueTransactions/button_Authorization Only' is clicked on

2022-03-31 23:38:53 - [TEST_STEP][PASSED] - authOnlyKeyboardEntryLink = modifyObjectProperty(findTestObject(path_VT + "a_KeyboardEntry_Sale"), "href", "equals", hrefAppID, true): Modify property of object successfully

2022-03-31 23:38:53 - [MESSAGE][PASSED] - Modify property of object successfully

2022-03-31 23:38:53 - [TEST_STEP][PASSED] - click(authOnlyKeyboardEntryLink): Object: 'Object Repository/AdminSuiteBootstrap_Pages/VT_Bootstrap/IssueTransactions/a_KeyboardEntry_Sale' is clicked on

2022-03-31 23:38:54 - [MESSAGE][PASSED] - Object: 'Object Repository/AdminSuiteBootstrap_Pages/VT_Bootstrap/IssueTransactions/a_KeyboardEntry_Sale' is clicked on

2022-03-31 23:38:54 - [TEST_STEP][PASSED] - adminSuiteBootstrap.virtualTerminalSetData.saleKeyboard_DataDriven(row, dataFile): adminSuiteBootstrap.virtualTerminalSetData.saleKeyboard_DataDriven is PASSED

2022-03-31 23:38:57 - [MESSAGE][PASSED] - Text 'Janaki James' is set on object 'Object Repository/AdminSuiteBootstrap_Pages/VT_Bootstrap/SaleKeyboard/input_cardName'

2022-03-31 23:38:58 - [MESSAGE][PASSED] - All options with value 'MOTO' are selected in object 'Object Repository/AdminSuiteBootstrap_Pages/VT_Bootstrap/SaleKeyboard/select_transactionCategory'  using regular expression

2022-03-31 23:38:58 - [MESSAGE][PASSED] - Execute JavaScript 'arguments[0].value ='371449635392376' ' successfully

2022-03-31 23:38:58 - [MESSAGE][PASSED] - Execute JavaScript 'arguments[0].value ='123' ' successfully

2022-03-31 23:39:00 - [MESSAGE][PASSED] - All options with value '12' are selected in object 'Object Repository/AdminSuiteBootstrap_Pages/VT_Bootstrap/SaleKeyboard/select_MM'  using regular expression

2022-03-31 23:39:01 - [MESSAGE][PASSED] - All options with value '2025' are selected in object 'Object Repository/AdminSuiteBootstrap_Pages/VT_Bootstrap/SaleKeyboard/select_YYYY'  using regular expression

2022-03-31 23:39:01 - [MESSAGE][PASSED] - Text '550 Swan Lake' is set on object 'Object Repository/AdminSuiteBootstrap_Pages/VT_Bootstrap/SaleKeyboard/input__address'

2022-03-31 23:39:02 - [MESSAGE][PASSED] - Text 'Suite 500' is set on object 'Object Repository/AdminSuiteBootstrap_Pages/VT_Bootstrap/SaleKeyboard/input__address2'

2022-03-31 23:39:03 - [MESSAGE][PASSED] - Text '22201' is set on object 'Object Repository/AdminSuiteBootstrap_Pages/VT_Bootstrap/SaleKeyboard/input__zip'

2022-03-31 23:39:03 - [MESSAGE][PASSED] - Text '' is set on object 'Object Repository/AdminSuiteBootstrap_Pages/VT_Bootstrap/SaleKeyboard/input_emailAddress'

2022-03-31 23:39:05 - [MESSAGE][PASSED] - Text '' is set on object 'Object Repository/AdminSuiteBootstrap_Pages/VT_Bootstrap/SaleKeyboard/input_smsNumber'

2022-03-31 23:39:05 - [MESSAGE][PASSED] - Text '10.50' is set on object 'Object Repository/AdminSuiteBootstrap_Pages/VT_Bootstrap/SaleKeyboard/input_amount'

2022-03-31 23:39:06 - [MESSAGE][PASSED] - Text 'Australia' is set on object 'Object Repository/AdminSuiteBootstrap_Pages/VT_Bootstrap/SaleKeyboard/input_userDefined1'

2022-03-31 23:39:07 - [MESSAGE][PASSED] - Text 'Denmark' is set on object 'Object Repository/AdminSuiteBootstrap_Pages/VT_Bootstrap/SaleKeyboard/input_userDefined2'

2022-03-31 23:39:08 - [MESSAGE][PASSED] - Text 'Sweden' is set on object 'Object Repository/AdminSuiteBootstrap_Pages/VT_Bootstrap/SaleKeyboard/input_userDefined3'

2022-03-31 23:39:08 - [MESSAGE][PASSED] - Text 'Austria' is set on object 'Object Repository/AdminSuiteBootstrap_Pages/VT_Bootstrap/SaleKeyboard/input_userDefined4'

2022-03-31 23:39:09 - [MESSAGE][PASSED] - All options with label 'Orange' are selected in object 'Object Repository/AdminSuiteBootstrap_Pages/VT_Bootstrap/SaleKeyboard/select_UDF5_DropDown'  using regular expression

2022-03-31 23:39:10 - [MESSAGE][PASSED] - All options with label 'Yellow' are selected in object 'Object Repository/AdminSuiteBootstrap_Pages/VT_Bootstrap/SaleKeyboard/select_UDF6_DropDown'  using regular expression

2022-03-31 23:39:11 - [MESSAGE][PASSED] - Text 'Norway' is set on object 'Object Repository/AdminSuiteBootstrap_Pages/VT_Bootstrap/SaleKeyboard/input_userDefined7'

2022-03-31 23:39:12 - [MESSAGE][PASSED] - Text 'Netherlands' is set on object 'Object Repository/AdminSuiteBootstrap_Pages/VT_Bootstrap/SaleKeyboard/input_userDefined8'

2022-03-31 23:39:12 - [MESSAGE][PASSED] - Text 'Switzerland' is set on object 'Object Repository/AdminSuiteBootstrap_Pages/VT_Bootstrap/SaleKeyboard/input_userDefined9'

2022-03-31 23:39:13 - [MESSAGE][PASSED] - Text 'France' is set on object 'Object Repository/AdminSuiteBootstrap_Pages/VT_Bootstrap/SaleKeyboard/input_userDefined10'

2022-03-31 23:39:15 - [MESSAGE][PASSED] - Object: 'Object Repository/AdminSuiteBootstrap_Pages/VT_Bootstrap/SaleKeyboard/button_Submit' is clicked on

2022-03-31 23:39:15 - [MESSAGE][PASSED] - adminSuiteBootstrap.virtualTerminalSetData.saleKeyboard_DataDriven is PASSED

2022-03-31 23:39:15 - [TEST_STEP][PASSED] - verifyTextPresent("Transaction Successful", true): Text 'Transaction Successful' is present on page  using regular expression

2022-03-31 23:39:15 - [MESSAGE][PASSED] - Text 'Transaction Successful' is present on page  using regular expression

2022-03-31 23:39:15 - [TEST_STEP][PASSED] - verifyElementVisible(findTestObject("Object Repository/AdminSuiteBootstrap_Pages/VT_Bootstrap/Receipt/button_Continue")): Object 'Object Repository/AdminSuiteBootstrap_Pages/VT_Bootstrap/Receipt/button_Continue' is visible

2022-03-31 23:39:15 - [MESSAGE][PASSED] - Object 'Object Repository/AdminSuiteBootstrap_Pages/VT_Bootstrap/Receipt/button_Continue' is visible

2022-03-31 23:39:15 - [TEST_STEP][PASSED] - verifyElementPresent(findTestObject("Object Repository/AdminSuiteBootstrap_Pages/VT_Bootstrap/Receipt/button_Continue"), 20): Object 'Object Repository/AdminSuiteBootstrap_Pages/VT_Bootstrap/Receipt/button_Continue' is present

2022-03-31 23:39:16 - [MESSAGE][PASSED] - Object 'Object Repository/AdminSuiteBootstrap_Pages/VT_Bootstrap/Receipt/button_Continue' is present

2022-03-31 23:39:16 - [TEST_STEP][PASSED] - verifyElementVisible(findTestObject("Object Repository/AdminSuiteBootstrap_Pages/VT_Bootstrap/Receipt/button_Print")): Object 'Object Repository/AdminSuiteBootstrap_Pages/VT_Bootstrap/Receipt/button_Print' is visible

2022-03-31 23:39:16 - [MESSAGE][PASSED] - Object 'Object Repository/AdminSuiteBootstrap_Pages/VT_Bootstrap/Receipt/button_Print' is visible

2022-03-31 23:39:16 - [TEST_STEP][PASSED] - verifyElementPresent(findTestObject("Object Repository/AdminSuiteBootstrap_Pages/VT_Bootstrap/Receipt/button_Print"), 20): Object 'Object Repository/AdminSuiteBootstrap_Pages/VT_Bootstrap/Receipt/button_Print' is present

2022-03-31 23:39:17 - [MESSAGE][PASSED] - Object 'Object Repository/AdminSuiteBootstrap_Pages/VT_Bootstrap/Receipt/button_Print' is present

2022-03-31 23:39:17 - [TEST_STEP][PASSED] - verifyTextPresent("Remittance ID", true): Text 'Remittance ID' is present on page  using regular expression

2022-03-31 23:39:17 - [MESSAGE][PASSED] - Text 'Remittance ID' is present on page  using regular expression

2022-03-31 23:39:17 - [TEST_STEP][PASSED] - verifyTextPresent("Received", true): Text 'Received' is present on page  using regular expression

2022-03-31 23:39:17 - [MESSAGE][PASSED] - Text 'Received' is present on page  using regular expression

2022-03-31 23:39:17 - [TEST_STEP][PASSED] - verifyTextPresent("UDF1", true): Text 'UDF1' is present on page  using regular expression

2022-03-31 23:39:18 - [MESSAGE][PASSED] - Text 'UDF1' is present on page  using regular expression

2022-03-31 23:39:18 - [TEST_STEP][PASSED] - verifyTextPresent("UDF2", true): Text 'UDF2' is present on page  using regular expression

2022-03-31 23:39:18 - [MESSAGE][PASSED] - Text 'UDF2' is present on page  using regular expression

2022-03-31 23:39:18 - [TEST_STEP][PASSED] - verifyTextPresent("UDF3", true): Text 'UDF3' is present on page  using regular expression

2022-03-31 23:39:18 - [MESSAGE][PASSED] - Text 'UDF3' is present on page  using regular expression

2022-03-31 23:39:18 - [TEST_STEP][PASSED] - verifyTextPresent("UDF4", true): Text 'UDF4' is present on page  using regular expression

2022-03-31 23:39:19 - [MESSAGE][PASSED] - Text 'UDF4' is present on page  using regular expression

2022-03-31 23:39:19 - [TEST_STEP][PASSED] - verifyTextPresent("UDF5", true): Text 'UDF5' is present on page  using regular expression

2022-03-31 23:39:19 - [MESSAGE][PASSED] - Text 'UDF5' is present on page  using regular expression

2022-03-31 23:39:19 - [TEST_STEP][PASSED] - verifyTextPresent("UDF6", true): Text 'UDF6' is present on page  using regular expression

2022-03-31 23:39:19 - [MESSAGE][PASSED] - Text 'UDF6' is present on page  using regular expression

2022-03-31 23:39:19 - [TEST_STEP][PASSED] - verifyTextPresent("UDF7", true): Text 'UDF7' is present on page  using regular expression

2022-03-31 23:39:20 - [MESSAGE][PASSED] - Text 'UDF7' is present on page  using regular expression

2022-03-31 23:39:20 - [TEST_STEP][PASSED] - verifyTextPresent("UDF8", true): Text 'UDF8' is present on page  using regular expression

2022-03-31 23:39:20 - [MESSAGE][PASSED] - Text 'UDF8' is present on page  using regular expression

2022-03-31 23:39:20 - [TEST_STEP][PASSED] - verifyTextPresent("UDF9", true): Text 'UDF9' is present on page  using regular expression

2022-03-31 23:39:20 - [MESSAGE][PASSED] - Text 'UDF9' is present on page  using regular expression

2022-03-31 23:39:20 - [TEST_STEP][PASSED] - verifyTextPresent("UDF 10", true): Text 'UDF 10' is present on page  using regular expression

2022-03-31 23:39:21 - [MESSAGE][PASSED] - Text 'UDF 10' is present on page  using regular expression

2022-03-31 23:39:21 - [TEST_STEP][PASSED] - verifyTextPresent("Australia", true): Text 'Australia' is present on page  using regular expression

2022-03-31 23:39:21 - [MESSAGE][PASSED] - Text 'Australia' is present on page  using regular expression

2022-03-31 23:39:21 - [TEST_STEP][PASSED] - verifyTextPresent("Denmark", true): Text 'Denmark' is present on page  using regular expression

2022-03-31 23:39:21 - [MESSAGE][PASSED] - Text 'Denmark' is present on page  using regular expression

2022-03-31 23:39:21 - [TEST_STEP][PASSED] - verifyTextPresent("Sweden", true): Text 'Sweden' is present on page  using regular expression

2022-03-31 23:39:22 - [MESSAGE][PASSED] - Text 'Sweden' is present on page  using regular expression

2022-03-31 23:39:22 - [TEST_STEP][PASSED] - verifyTextPresent("Austria", true): Text 'Austria' is present on page  using regular expression

2022-03-31 23:39:22 - [MESSAGE][PASSED] - Text 'Austria' is present on page  using regular expression

2022-03-31 23:39:22 - [TEST_STEP][PASSED] - verifyTextPresent("Orange Recorded", true): Text 'Orange Recorded' is present on page  using regular expression

2022-03-31 23:39:22 - [MESSAGE][PASSED] - Text 'Orange Recorded' is present on page  using regular expression

2022-03-31 23:39:22 - [TEST_STEP][PASSED] - verifyTextPresent("Yellow Recorded", true): Text 'Yellow Recorded' is present on page  using regular expression

2022-03-31 23:39:23 - [MESSAGE][PASSED] - Text 'Yellow Recorded' is present on page  using regular expression

2022-03-31 23:39:23 - [TEST_STEP][PASSED] - verifyTextPresent("Norway", true): Text 'Norway' is present on page  using regular expression

2022-03-31 23:39:23 - [MESSAGE][PASSED] - Text 'Norway' is present on page  using regular expression

2022-03-31 23:39:23 - [TEST_STEP][PASSED] - verifyTextPresent("Netherlands", true): Text 'Netherlands' is present on page  using regular expression

2022-03-31 23:39:23 - [MESSAGE][PASSED] - Text 'Netherlands' is present on page  using regular expression

2022-03-31 23:39:23 - [TEST_STEP][PASSED] - verifyTextPresent("Switzerland", true): Text 'Switzerland' is present on page  using regular expression

2022-03-31 23:39:24 - [MESSAGE][PASSED] - Text 'Switzerland' is present on page  using regular expression

2022-03-31 23:39:24 - [TEST_STEP][PASSED] - verifyTextPresent("France", true): Text 'France' is present on page  using regular expression

2022-03-31 23:39:24 - [MESSAGE][PASSED] - Text 'France' is present on page  using regular expression

2022-03-31 23:39:24 - [TEST_STEP][PASSED] - verifyTextPresent("Amount", true): Text 'Amount' is present on page  using regular expression

2022-03-31 23:39:24 - [MESSAGE][PASSED] - Text 'Amount' is present on page  using regular expression

2022-03-31 23:39:24 - [TEST_STEP][PASSED] - verifyTextPresent("Service Fee", true): Text 'Service Fee' is present on page  using regular expression

2022-03-31 23:39:25 - [MESSAGE][PASSED] - Text 'Service Fee' is present on page  using regular expression

2022-03-31 23:39:25 - [TEST_STEP][PASSED] - verifyTextPresent("Service Fee Type", true): Text 'Service Fee Type' is present on page  using regular expression

2022-03-31 23:39:25 - [MESSAGE][PASSED] - Text 'Service Fee Type' is present on page  using regular expression

2022-03-31 23:39:25 - [TEST_STEP][PASSED] - verifyTextPresent("Total Amount", true): Text 'Total Amount' is present on page  using regular expression

2022-03-31 23:39:25 - [MESSAGE][PASSED] - Text 'Total Amount' is present on page  using regular expression

2022-03-31 23:39:25 - [TEST_STEP][PASSED] - verifyTextPresent("Transaction Type", true): Text 'Transaction Type' is present on page  using regular expression

2022-03-31 23:39:26 - [MESSAGE][PASSED] - Text 'Transaction Type' is present on page  using regular expression

2022-03-31 23:39:26 - [TEST_STEP][PASSED] - verifyTextPresent("10.50", true): Text '10.50' is present on page  using regular expression

2022-03-31 23:39:26 - [MESSAGE][PASSED] - Text '10.50' is present on page  using regular expression

2022-03-31 23:39:26 - [TEST_STEP][PASSED] - verifyTextPresent("5.00", true): Text '5.00' is present on page  using regular expression

2022-03-31 23:39:26 - [MESSAGE][PASSED] - Text '5.00' is present on page  using regular expression

2022-03-31 23:39:26 - [TEST_STEP][PASSED] - verifyTextPresent("Single Transaction", true): Text 'Single Transaction' is present on page  using regular expression

2022-03-31 23:39:27 - [MESSAGE][PASSED] - Text 'Single Transaction' is present on page  using regular expression

2022-03-31 23:39:27 - [TEST_STEP][PASSED] - verifyTextPresent("15.50", true): Text '15.50' is present on page  using regular expression

2022-03-31 23:39:27 - [MESSAGE][PASSED] - Text '15.50' is present on page  using regular expression

2022-03-31 23:39:27 - [TEST_STEP][PASSED] - verifyTextPresent("Authorization", true): Text 'Authorization' is present on page  using regular expression

2022-03-31 23:39:27 - [MESSAGE][PASSED] - Text 'Authorization' is present on page  using regular expression

2022-03-31 23:39:27 - [TEST_STEP][PASSED] - verifyTextPresent("Card Information", true): Text 'Card Information' is present on page  using regular expression

2022-03-31 23:39:28 - [MESSAGE][PASSED] - Text 'Card Information' is present on page  using regular expression

2022-03-31 23:39:28 - [TEST_STEP][PASSED] - cardNameV = findTestData(dataFile).getValue("CardNameV", row): null

2022-03-31 23:39:28 - [TEST_STEP][PASSED] - al1V = findTestData(dataFile).getValue("AL1", row): null

2022-03-31 23:39:28 - [TEST_STEP][PASSED] - al2V = findTestData(dataFile).getValue("AL2", row): null

2022-03-31 23:39:28 - [TEST_STEP][PASSED] - zipV = findTestData(dataFile).getValue("ZIP", row): null

2022-03-31 23:39:28 - [TEST_STEP][PASSED] - cardTypeV = findTestData(dataFile).getValue("CardType", row): null

2022-03-31 23:39:28 - [TEST_STEP][PASSED] - last4V = findTestData(dataFile).getValue("Last4", row): null

2022-03-31 23:39:28 - [TEST_STEP][PASSED] - verifyTextPresent(cardNameV, true): Text 'JANAKI JAMES' is present on page  using regular expression

2022-03-31 23:39:29 - [MESSAGE][PASSED] - Text 'JANAKI JAMES' is present on page  using regular expression

2022-03-31 23:39:29 - [TEST_STEP][PASSED] - verifyTextPresent("Address Line 1", true): Text 'Address Line 1' is present on page  using regular expression

2022-03-31 23:39:29 - [MESSAGE][PASSED] - Text 'Address Line 1' is present on page  using regular expression

2022-03-31 23:39:29 - [TEST_STEP][PASSED] - verifyTextPresent("Address Line 2", true): Text 'Address Line 2' is present on page  using regular expression

2022-03-31 23:39:29 - [MESSAGE][PASSED] - Text 'Address Line 2' is present on page  using regular expression

2022-03-31 23:39:29 - [TEST_STEP][PASSED] - verifyTextPresent("Country", true): Text 'Country' is present on page  using regular expression

2022-03-31 23:39:29 - [MESSAGE][PASSED] - Text 'Country' is present on page  using regular expression

2022-03-31 23:39:29 - [TEST_STEP][PASSED] - verifyTextPresent("City", true): Text 'City' is present on page  using regular expression

2022-03-31 23:39:30 - [MESSAGE][PASSED] - Text 'City' is present on page  using regular expression

2022-03-31 23:39:30 - [TEST_STEP][PASSED] - verifyTextPresent("State", true): Text 'State' is present on page  using regular expression

2022-03-31 23:39:30 - [MESSAGE][PASSED] - Text 'State' is present on page  using regular expression

2022-03-31 23:39:30 - [TEST_STEP][PASSED] - verifyTextPresent("ZIP Code", true): Text 'ZIP Code' is present on page  using regular expression

2022-03-31 23:39:30 - [MESSAGE][PASSED] - Text 'ZIP Code' is present on page  using regular expression

2022-03-31 23:39:30 - [TEST_STEP][PASSED] - verifyTextPresent(al1V, true): Text '550 Swan Lake' is present on page  using regular expression

2022-03-31 23:39:31 - [MESSAGE][PASSED] - Text '550 Swan Lake' is present on page  using regular expression

2022-03-31 23:39:31 - [TEST_STEP][PASSED] - verifyTextPresent(al2V, true): Text 'Suite 500' is present on page  using regular expression

2022-03-31 23:39:31 - [MESSAGE][PASSED] - Text 'Suite 500' is present on page  using regular expression

2022-03-31 23:39:31 - [TEST_STEP][PASSED] - verifyTextPresent("United States", true): Text 'United States' is present on page  using regular expression

2022-03-31 23:39:31 - [MESSAGE][PASSED] - Text 'United States' is present on page  using regular expression

2022-03-31 23:39:31 - [TEST_STEP][PASSED] - verifyTextPresent("ARLINGTON", true): Text 'ARLINGTON' is present on page  using regular expression

2022-03-31 23:39:32 - [MESSAGE][PASSED] - Text 'ARLINGTON' is present on page  using regular expression

2022-03-31 23:39:32 - [TEST_STEP][PASSED] - verifyTextPresent("Virginia", true): Text 'Virginia' is present on page  using regular expression

2022-03-31 23:39:32 - [MESSAGE][PASSED] - Text 'Virginia' is present on page  using regular expression

2022-03-31 23:39:32 - [TEST_STEP][PASSED] - verifyTextPresent(zipV, true): Text '22201' is present on page  using regular expression

2022-03-31 23:39:33 - [MESSAGE][PASSED] - Text '22201' is present on page  using regular expression

2022-03-31 23:39:33 - [TEST_STEP][PASSED] - verifyTextPresent(cardTypeV, true): Text 'American Express' is present on page  using regular expression

2022-03-31 23:39:33 - [MESSAGE][PASSED] - Text 'American Express' is present on page  using regular expression

2022-03-31 23:39:33 - [TEST_STEP][PASSED] - verifyTextPresent(last4V, true): Text '2376' is present on page  using regular expression

2022-03-31 23:39:33 - [MESSAGE][PASSED] - Text '2376' is present on page  using regular expression

2022-03-31 23:39:33 - [TEST_STEP][PASSED] - closeBrowser(): Browser is closed

2022-03-31 23:39:34 - [MESSAGE][PASSED] - Browser is closed

2022-03-31 23:39:34 - [TEST_STEP][PASSED] - ExecuteTC = findTestData(dataFile).getValue("Execute", row): null

2022-03-31 23:39:34 - [TEST_STEP][PASSED] - out.println("Value of Execute is : " + ExecuteTC): null

2022-03-31 23:39:34 - [TEST_STEP][PASSED] - switch (executionProfile): null

2022-03-31 23:39:34 - [TEST_STEP][PASSED] - case "QAProfile":: null

2022-03-31 23:39:34 - [TEST_STEP][PASSED] - appName = findTestData(dataFile).getValue("AppNameQA", row): null

2022-03-31 23:39:34 - [TEST_STEP][PASSED] - appID = findTestData(dataFile).getValue("AppIDQA", row): null

2022-03-31 23:39:34 - [TEST_STEP][PASSED] - break: null

2022-03-31 23:39:34 - [TEST_STEP][PASSED] - hrefAppID = li_1 + appID + li_2: null

2022-03-31 23:39:34 - [TEST_STEP][PASSED] - hrefApp = li_1 + appID + "/": null

2022-03-31 23:39:34 - [TEST_STEP][PASSED] - println("hrefApp : " + hrefApp): null

2022-03-31 23:39:34 - [TEST_STEP][PASSED] - if (ExecuteTC.equalsIgnoreCase("Y")): Browser is closed

2022-03-31 23:39:34 - [TEST_STEP][PASSED] - out.println("Begin Record Number: " + row): null

2022-03-31 23:39:34 - [TEST_STEP][PASSED] - today = new java.util.Date(): null

2022-03-31 23:39:34 - [TEST_STEP][PASSED] - println(today): null

2022-03-31 23:39:34 - [TEST_STEP][PASSED] - datText = today: null

2022-03-31 23:39:34 - [TEST_STEP][PASSED] - adminSuiteBootstrap.loginFunctionality.login_AdminSuite(): adminSuiteBootstrap.loginFunctionality.login_AdminSuite is PASSED

2022-03-31 23:39:34 - [MESSAGE][INFO] - Starting 'Chrome' driver

2022-03-31 23:39:34 - [MESSAGE][INFO] - User set preference: ['acceptInsecureCerts', 'true']

2022-03-31 23:39:34 - [MESSAGE][INFO] - Action delay is set to 0 milliseconds

2022-03-31 23:39:37 - [MESSAGE][PASSED] - Browser is opened with url: 'https://qa.velocitypayment.com/admin/imtiaz'

2022-03-31 23:39:38 - [MESSAGE][PASSED] - Current window maximized

2022-03-31 23:39:38 - [MESSAGE][PASSED] - Object 'Object Repository/Login_Page/Login_Username' is present

2022-03-31 23:39:39 - [MESSAGE][PASSED] - Text 'iahmed' is set on object 'Object Repository/Login_Page/Login_Username'

2022-03-31 23:39:39 - [MESSAGE][PASSED] - Text 'hello2222' is set on object 'Object Repository/Login_Page/Login_Password'

2022-03-31 23:39:43 - [MESSAGE][PASSED] - Object: 'Object Repository/Login_Page/Login_Submit' is clicked on

2022-03-31 23:39:43 - [MESSAGE][PASSED] - adminSuiteBootstrap.loginFunctionality.login_AdminSuite is PASSED

2022-03-31 23:39:43 - [TEST_STEP][PASSED] - click(findTestObject(path_Dashboard + appName)): Object: 'Object Repository/AdminSuiteBootstrap_Pages/Dashboard_Bootstrap/a_Access AutoSingleCFtpQA' is clicked on

2022-03-31 23:39:44 - [MESSAGE][PASSED] - Object: 'Object Repository/AdminSuiteBootstrap_Pages/Dashboard_Bootstrap/a_Access AutoSingleCFtpQA' is clicked on

2022-03-31 23:39:44 - [TEST_STEP][PASSED] - click(findTestObject(path_VT + "button_Authorization Only")): Object: 'Object Repository/AdminSuiteBootstrap_Pages/VT_Bootstrap/IssueTransactions/button_Authorization Only' is clicked on

2022-03-31 23:39:44 - [MESSAGE][PASSED] - Object: 'Object Repository/AdminSuiteBootstrap_Pages/VT_Bootstrap/IssueTransactions/button_Authorization Only' is clicked on

2022-03-31 23:39:44 - [TEST_STEP][PASSED] - authOnlyKeyboardEntryLink = modifyObjectProperty(findTestObject(path_VT + "a_KeyboardEntry_Sale"), "href", "equals", hrefAppID, true): Modify property of object successfully

2022-03-31 23:39:44 - [MESSAGE][PASSED] - Modify property of object successfully

2022-03-31 23:39:44 - [TEST_STEP][PASSED] - click(authOnlyKeyboardEntryLink): Object: 'Object Repository/AdminSuiteBootstrap_Pages/VT_Bootstrap/IssueTransactions/a_KeyboardEntry_Sale' is clicked on

2022-03-31 23:39:45 - [MESSAGE][PASSED] - Object: 'Object Repository/AdminSuiteBootstrap_Pages/VT_Bootstrap/IssueTransactions/a_KeyboardEntry_Sale' is clicked on

2022-03-31 23:39:45 - [TEST_STEP][PASSED] - adminSuiteBootstrap.virtualTerminalSetData.saleKeyboard_DataDriven(row, dataFile): adminSuiteBootstrap.virtualTerminalSetData.saleKeyboard_DataDriven is PASSED

2022-03-31 23:39:48 - [MESSAGE][PASSED] - Text 'Janaki James' is set on object 'Object Repository/AdminSuiteBootstrap_Pages/VT_Bootstrap/SaleKeyboard/input_cardName'

2022-03-31 23:39:49 - [MESSAGE][PASSED] - All options with value 'MOTO' are selected in object 'Object Repository/AdminSuiteBootstrap_Pages/VT_Bootstrap/SaleKeyboard/select_transactionCategory'  using regular expression

2022-03-31 23:39:50 - [MESSAGE][PASSED] - Execute JavaScript 'arguments[0].value ='6011000993026909' ' successfully

2022-03-31 23:39:50 - [MESSAGE][PASSED] - Execute JavaScript 'arguments[0].value ='123' ' successfully

2022-03-31 23:39:51 - [MESSAGE][PASSED] - All options with value '12' are selected in object 'Object Repository/AdminSuiteBootstrap_Pages/VT_Bootstrap/SaleKeyboard/select_MM'  using regular expression

2022-03-31 23:39:52 - [MESSAGE][PASSED] - All options with value '2025' are selected in object 'Object Repository/AdminSuiteBootstrap_Pages/VT_Bootstrap/SaleKeyboard/select_YYYY'  using regular expression

2022-03-31 23:39:53 - [MESSAGE][PASSED] - Text '25987 Hill Top' is set on object 'Object Repository/AdminSuiteBootstrap_Pages/VT_Bootstrap/SaleKeyboard/input__address'

2022-03-31 23:39:54 - [MESSAGE][PASSED] - Text 'Suite 500' is set on object 'Object Repository/AdminSuiteBootstrap_Pages/VT_Bootstrap/SaleKeyboard/input__address2'

2022-03-31 23:39:54 - [MESSAGE][PASSED] - Text '22201' is set on object 'Object Repository/AdminSuiteBootstrap_Pages/VT_Bootstrap/SaleKeyboard/input__zip'

2022-03-31 23:39:55 - [MESSAGE][PASSED] - Text '' is set on object 'Object Repository/AdminSuiteBootstrap_Pages/VT_Bootstrap/SaleKeyboard/input_emailAddress'

2022-03-31 23:39:56 - [MESSAGE][PASSED] - Text '' is set on object 'Object Repository/AdminSuiteBootstrap_Pages/VT_Bootstrap/SaleKeyboard/input_smsNumber'

2022-03-31 23:39:57 - [MESSAGE][PASSED] - Text '10.50' is set on object 'Object Repository/AdminSuiteBootstrap_Pages/VT_Bootstrap/SaleKeyboard/input_amount'

2022-03-31 23:39:58 - [MESSAGE][PASSED] - Text 'Australia' is set on object 'Object Repository/AdminSuiteBootstrap_Pages/VT_Bootstrap/SaleKeyboard/input_userDefined1'

2022-03-31 23:39:59 - [MESSAGE][PASSED] - Text 'Denmark' is set on object 'Object Repository/AdminSuiteBootstrap_Pages/VT_Bootstrap/SaleKeyboard/input_userDefined2'

2022-03-31 23:40:00 - [MESSAGE][PASSED] - Text 'Sweden' is set on object 'Object Repository/AdminSuiteBootstrap_Pages/VT_Bootstrap/SaleKeyboard/input_userDefined3'

2022-03-31 23:40:00 - [MESSAGE][PASSED] - Text 'Austria' is set on object 'Object Repository/AdminSuiteBootstrap_Pages/VT_Bootstrap/SaleKeyboard/input_userDefined4'

2022-03-31 23:40:01 - [MESSAGE][PASSED] - All options with label 'Orange' are selected in object 'Object Repository/AdminSuiteBootstrap_Pages/VT_Bootstrap/SaleKeyboard/select_UDF5_DropDown'  using regular expression

2022-03-31 23:40:02 - [MESSAGE][PASSED] - All options with label 'Yellow' are selected in object 'Object Repository/AdminSuiteBootstrap_Pages/VT_Bootstrap/SaleKeyboard/select_UDF6_DropDown'  using regular expression

2022-03-31 23:40:03 - [MESSAGE][PASSED] - Text 'Norway' is set on object 'Object Repository/AdminSuiteBootstrap_Pages/VT_Bootstrap/SaleKeyboard/input_userDefined7'

2022-03-31 23:40:04 - [MESSAGE][PASSED] - Text 'Netherlands' is set on object 'Object Repository/AdminSuiteBootstrap_Pages/VT_Bootstrap/SaleKeyboard/input_userDefined8'

2022-03-31 23:40:04 - [MESSAGE][PASSED] - Text 'Switzerland' is set on object 'Object Repository/AdminSuiteBootstrap_Pages/VT_Bootstrap/SaleKeyboard/input_userDefined9'

2022-03-31 23:40:05 - [MESSAGE][PASSED] - Text 'France' is set on object 'Object Repository/AdminSuiteBootstrap_Pages/VT_Bootstrap/SaleKeyboard/input_userDefined10'

2022-03-31 23:40:07 - [MESSAGE][PASSED] - Object: 'Object Repository/AdminSuiteBootstrap_Pages/VT_Bootstrap/SaleKeyboard/button_Submit' is clicked on

2022-03-31 23:40:07 - [MESSAGE][PASSED] - adminSuiteBootstrap.virtualTerminalSetData.saleKeyboard_DataDriven is PASSED

2022-03-31 23:40:07 - [TEST_STEP][PASSED] - verifyTextPresent("Transaction Successful", true): Text 'Transaction Successful' is present on page  using regular expression

2022-03-31 23:40:07 - [MESSAGE][PASSED] - Text 'Transaction Successful' is present on page  using regular expression

2022-03-31 23:40:07 - [TEST_STEP][PASSED] - verifyElementVisible(findTestObject("Object Repository/AdminSuiteBootstrap_Pages/VT_Bootstrap/Receipt/button_Continue")): Object 'Object Repository/AdminSuiteBootstrap_Pages/VT_Bootstrap/Receipt/button_Continue' is visible

2022-03-31 23:40:08 - [MESSAGE][PASSED] - Object 'Object Repository/AdminSuiteBootstrap_Pages/VT_Bootstrap/Receipt/button_Continue' is visible

2022-03-31 23:40:08 - [TEST_STEP][PASSED] - verifyElementPresent(findTestObject("Object Repository/AdminSuiteBootstrap_Pages/VT_Bootstrap/Receipt/button_Continue"), 20): Object 'Object Repository/AdminSuiteBootstrap_Pages/VT_Bootstrap/Receipt/button_Continue' is present

2022-03-31 23:40:08 - [MESSAGE][PASSED] - Object 'Object Repository/AdminSuiteBootstrap_Pages/VT_Bootstrap/Receipt/button_Continue' is present

2022-03-31 23:40:08 - [TEST_STEP][PASSED] - verifyElementVisible(findTestObject("Object Repository/AdminSuiteBootstrap_Pages/VT_Bootstrap/Receipt/button_Print")): Object 'Object Repository/AdminSuiteBootstrap_Pages/VT_Bootstrap/Receipt/button_Print' is visible

2022-03-31 23:40:08 - [MESSAGE][PASSED] - Object 'Object Repository/AdminSuiteBootstrap_Pages/VT_Bootstrap/Receipt/button_Print' is visible

2022-03-31 23:40:08 - [TEST_STEP][PASSED] - verifyElementPresent(findTestObject("Object Repository/AdminSuiteBootstrap_Pages/VT_Bootstrap/Receipt/button_Print"), 20): Object 'Object Repository/AdminSuiteBootstrap_Pages/VT_Bootstrap/Receipt/button_Print' is present

2022-03-31 23:40:09 - [MESSAGE][PASSED] - Object 'Object Repository/AdminSuiteBootstrap_Pages/VT_Bootstrap/Receipt/button_Print' is present

2022-03-31 23:40:09 - [TEST_STEP][PASSED] - verifyTextPresent("Remittance ID", true): Text 'Remittance ID' is present on page  using regular expression

2022-03-31 23:40:09 - [MESSAGE][PASSED] - Text 'Remittance ID' is present on page  using regular expression

2022-03-31 23:40:09 - [TEST_STEP][PASSED] - verifyTextPresent("Received", true): Text 'Received' is present on page  using regular expression

2022-03-31 23:40:09 - [MESSAGE][PASSED] - Text 'Received' is present on page  using regular expression

2022-03-31 23:40:09 - [TEST_STEP][PASSED] - verifyTextPresent("UDF1", true): Text 'UDF1' is present on page  using regular expression

2022-03-31 23:40:10 - [MESSAGE][PASSED] - Text 'UDF1' is present on page  using regular expression

2022-03-31 23:40:10 - [TEST_STEP][PASSED] - verifyTextPresent("UDF2", true): Text 'UDF2' is present on page  using regular expression

2022-03-31 23:40:10 - [MESSAGE][PASSED] - Text 'UDF2' is present on page  using regular expression

2022-03-31 23:40:10 - [TEST_STEP][PASSED] - verifyTextPresent("UDF3", true): Text 'UDF3' is present on page  using regular expression

2022-03-31 23:40:10 - [MESSAGE][PASSED] - Text 'UDF3' is present on page  using regular expression

2022-03-31 23:40:10 - [TEST_STEP][PASSED] - verifyTextPresent("UDF4", true): Text 'UDF4' is present on page  using regular expression

2022-03-31 23:40:11 - [MESSAGE][PASSED] - Text 'UDF4' is present on page  using regular expression

2022-03-31 23:40:11 - [TEST_STEP][PASSED] - verifyTextPresent("UDF5", true): Text 'UDF5' is present on page  using regular expression

2022-03-31 23:40:11 - [MESSAGE][PASSED] - Text 'UDF5' is present on page  using regular expression

2022-03-31 23:40:11 - [TEST_STEP][PASSED] - verifyTextPresent("UDF6", true): Text 'UDF6' is present on page  using regular expression

2022-03-31 23:40:11 - [MESSAGE][PASSED] - Text 'UDF6' is present on page  using regular expression

2022-03-31 23:40:11 - [TEST_STEP][PASSED] - verifyTextPresent("UDF7", true): Text 'UDF7' is present on page  using regular expression

2022-03-31 23:40:12 - [MESSAGE][PASSED] - Text 'UDF7' is present on page  using regular expression

2022-03-31 23:40:12 - [TEST_STEP][PASSED] - verifyTextPresent("UDF8", true): Text 'UDF8' is present on page  using regular expression

2022-03-31 23:40:12 - [MESSAGE][PASSED] - Text 'UDF8' is present on page  using regular expression

2022-03-31 23:40:12 - [TEST_STEP][PASSED] - verifyTextPresent("UDF9", true): Text 'UDF9' is present on page  using regular expression

2022-03-31 23:40:12 - [MESSAGE][PASSED] - Text 'UDF9' is present on page  using regular expression

2022-03-31 23:40:12 - [TEST_STEP][PASSED] - verifyTextPresent("UDF 10", true): Text 'UDF 10' is present on page  using regular expression

2022-03-31 23:40:13 - [MESSAGE][PASSED] - Text 'UDF 10' is present on page  using regular expression

2022-03-31 23:40:13 - [TEST_STEP][PASSED] - verifyTextPresent("Australia", true): Text 'Australia' is present on page  using regular expression

2022-03-31 23:40:13 - [MESSAGE][PASSED] - Text 'Australia' is present on page  using regular expression

2022-03-31 23:40:13 - [TEST_STEP][PASSED] - verifyTextPresent("Denmark", true): Text 'Denmark' is present on page  using regular expression

2022-03-31 23:40:13 - [MESSAGE][PASSED] - Text 'Denmark' is present on page  using regular expression

2022-03-31 23:40:13 - [TEST_STEP][PASSED] - verifyTextPresent("Sweden", true): Text 'Sweden' is present on page  using regular expression

2022-03-31 23:40:14 - [MESSAGE][PASSED] - Text 'Sweden' is present on page  using regular expression

2022-03-31 23:40:14 - [TEST_STEP][PASSED] - verifyTextPresent("Austria", true): Text 'Austria' is present on page  using regular expression

2022-03-31 23:40:14 - [MESSAGE][PASSED] - Text 'Austria' is present on page  using regular expression

2022-03-31 23:40:14 - [TEST_STEP][PASSED] - verifyTextPresent("Orange Recorded", true): Text 'Orange Recorded' is present on page  using regular expression

2022-03-31 23:40:14 - [MESSAGE][PASSED] - Text 'Orange Recorded' is present on page  using regular expression

2022-03-31 23:40:14 - [TEST_STEP][PASSED] - verifyTextPresent("Yellow Recorded", true): Text 'Yellow Recorded' is present on page  using regular expression

2022-03-31 23:40:15 - [MESSAGE][PASSED] - Text 'Yellow Recorded' is present on page  using regular expression

2022-03-31 23:40:15 - [TEST_STEP][PASSED] - verifyTextPresent("Norway", true): Text 'Norway' is present on page  using regular expression

2022-03-31 23:40:15 - [MESSAGE][PASSED] - Text 'Norway' is present on page  using regular expression

2022-03-31 23:40:15 - [TEST_STEP][PASSED] - verifyTextPresent("Netherlands", true): Text 'Netherlands' is present on page  using regular expression

2022-03-31 23:40:15 - [MESSAGE][PASSED] - Text 'Netherlands' is present on page  using regular expression

2022-03-31 23:40:15 - [TEST_STEP][PASSED] - verifyTextPresent("Switzerland", true): Text 'Switzerland' is present on page  using regular expression

2022-03-31 23:40:16 - [MESSAGE][PASSED] - Text 'Switzerland' is present on page  using regular expression

2022-03-31 23:40:16 - [TEST_STEP][PASSED] - verifyTextPresent("France", true): Text 'France' is present on page  using regular expression

2022-03-31 23:40:16 - [MESSAGE][PASSED] - Text 'France' is present on page  using regular expression

2022-03-31 23:40:16 - [TEST_STEP][PASSED] - verifyTextPresent("Amount", true): Text 'Amount' is present on page  using regular expression

2022-03-31 23:40:16 - [MESSAGE][PASSED] - Text 'Amount' is present on page  using regular expression

2022-03-31 23:40:16 - [TEST_STEP][PASSED] - verifyTextPresent("Service Fee", true): Text 'Service Fee' is present on page  using regular expression

2022-03-31 23:40:17 - [MESSAGE][PASSED] - Text 'Service Fee' is present on page  using regular expression

2022-03-31 23:40:17 - [TEST_STEP][PASSED] - verifyTextPresent("Service Fee Type", true): Text 'Service Fee Type' is present on page  using regular expression

2022-03-31 23:40:17 - [MESSAGE][PASSED] - Text 'Service Fee Type' is present on page  using regular expression

2022-03-31 23:40:17 - [TEST_STEP][PASSED] - verifyTextPresent("Total Amount", true): Text 'Total Amount' is present on page  using regular expression

2022-03-31 23:40:17 - [MESSAGE][PASSED] - Text 'Total Amount' is present on page  using regular expression

2022-03-31 23:40:17 - [TEST_STEP][PASSED] - verifyTextPresent("Transaction Type", true): Text 'Transaction Type' is present on page  using regular expression

2022-03-31 23:40:18 - [MESSAGE][PASSED] - Text 'Transaction Type' is present on page  using regular expression

2022-03-31 23:40:18 - [TEST_STEP][PASSED] - verifyTextPresent("10.50", true): Text '10.50' is present on page  using regular expression

2022-03-31 23:40:18 - [MESSAGE][PASSED] - Text '10.50' is present on page  using regular expression

2022-03-31 23:40:18 - [TEST_STEP][PASSED] - verifyTextPresent("5.00", true): Text '5.00' is present on page  using regular expression

2022-03-31 23:40:18 - [MESSAGE][PASSED] - Text '5.00' is present on page  using regular expression

2022-03-31 23:40:18 - [TEST_STEP][PASSED] - verifyTextPresent("Single Transaction", true): Text 'Single Transaction' is present on page  using regular expression

2022-03-31 23:40:19 - [MESSAGE][PASSED] - Text 'Single Transaction' is present on page  using regular expression

2022-03-31 23:40:19 - [TEST_STEP][PASSED] - verifyTextPresent("15.50", true): Text '15.50' is present on page  using regular expression

2022-03-31 23:40:19 - [MESSAGE][PASSED] - Text '15.50' is present on page  using regular expression

2022-03-31 23:40:19 - [TEST_STEP][PASSED] - verifyTextPresent("Authorization", true): Text 'Authorization' is present on page  using regular expression

2022-03-31 23:40:19 - [MESSAGE][PASSED] - Text 'Authorization' is present on page  using regular expression

2022-03-31 23:40:19 - [TEST_STEP][PASSED] - verifyTextPresent("Card Information", true): Text 'Card Information' is present on page  using regular expression

2022-03-31 23:40:20 - [MESSAGE][PASSED] - Text 'Card Information' is present on page  using regular expression

2022-03-31 23:40:20 - [TEST_STEP][PASSED] - cardNameV = findTestData(dataFile).getValue("CardNameV", row): null

2022-03-31 23:40:20 - [TEST_STEP][PASSED] - al1V = findTestData(dataFile).getValue("AL1", row): null

2022-03-31 23:40:20 - [TEST_STEP][PASSED] - al2V = findTestData(dataFile).getValue("AL2", row): null

2022-03-31 23:40:20 - [TEST_STEP][PASSED] - zipV = findTestData(dataFile).getValue("ZIP", row): null

2022-03-31 23:40:20 - [TEST_STEP][PASSED] - cardTypeV = findTestData(dataFile).getValue("CardType", row): null

2022-03-31 23:40:20 - [TEST_STEP][PASSED] - last4V = findTestData(dataFile).getValue("Last4", row): null

2022-03-31 23:40:20 - [TEST_STEP][PASSED] - verifyTextPresent(cardNameV, true): Text 'JANAKI JAMES' is present on page  using regular expression

2022-03-31 23:40:21 - [MESSAGE][PASSED] - Text 'JANAKI JAMES' is present on page  using regular expression

2022-03-31 23:40:21 - [TEST_STEP][PASSED] - verifyTextPresent("Address Line 1", true): Text 'Address Line 1' is present on page  using regular expression

2022-03-31 23:40:21 - [MESSAGE][PASSED] - Text 'Address Line 1' is present on page  using regular expression

2022-03-31 23:40:21 - [TEST_STEP][PASSED] - verifyTextPresent("Address Line 2", true): Text 'Address Line 2' is present on page  using regular expression

2022-03-31 23:40:21 - [MESSAGE][PASSED] - Text 'Address Line 2' is present on page  using regular expression

2022-03-31 23:40:21 - [TEST_STEP][PASSED] - verifyTextPresent("Country", true): Text 'Country' is present on page  using regular expression

2022-03-31 23:40:22 - [MESSAGE][PASSED] - Text 'Country' is present on page  using regular expression

2022-03-31 23:40:22 - [TEST_STEP][PASSED] - verifyTextPresent("City", true): Text 'City' is present on page  using regular expression

2022-03-31 23:40:22 - [MESSAGE][PASSED] - Text 'City' is present on page  using regular expression

2022-03-31 23:40:22 - [TEST_STEP][PASSED] - verifyTextPresent("State", true): Text 'State' is present on page  using regular expression

2022-03-31 23:40:22 - [MESSAGE][PASSED] - Text 'State' is present on page  using regular expression

2022-03-31 23:40:22 - [TEST_STEP][PASSED] - verifyTextPresent("ZIP Code", true): Text 'ZIP Code' is present on page  using regular expression

2022-03-31 23:40:23 - [MESSAGE][PASSED] - Text 'ZIP Code' is present on page  using regular expression

2022-03-31 23:40:23 - [TEST_STEP][PASSED] - verifyTextPresent(al1V, true): Text '25987 Hill Top' is present on page  using regular expression

2022-03-31 23:40:23 - [MESSAGE][PASSED] - Text '25987 Hill Top' is present on page  using regular expression

2022-03-31 23:40:23 - [TEST_STEP][PASSED] - verifyTextPresent(al2V, true): Text 'Suite 500' is present on page  using regular expression

2022-03-31 23:40:23 - [MESSAGE][PASSED] - Text 'Suite 500' is present on page  using regular expression

2022-03-31 23:40:23 - [TEST_STEP][PASSED] - verifyTextPresent("United States", true): Text 'United States' is present on page  using regular expression

2022-03-31 23:40:24 - [MESSAGE][PASSED] - Text 'United States' is present on page  using regular expression

2022-03-31 23:40:24 - [TEST_STEP][PASSED] - verifyTextPresent("ARLINGTON", true): Text 'ARLINGTON' is present on page  using regular expression

2022-03-31 23:40:24 - [MESSAGE][PASSED] - Text 'ARLINGTON' is present on page  using regular expression

2022-03-31 23:40:24 - [TEST_STEP][PASSED] - verifyTextPresent("Virginia", true): Text 'Virginia' is present on page  using regular expression

2022-03-31 23:40:24 - [MESSAGE][PASSED] - Text 'Virginia' is present on page  using regular expression

2022-03-31 23:40:24 - [TEST_STEP][PASSED] - verifyTextPresent(zipV, true): Text '22201' is present on page  using regular expression

2022-03-31 23:40:25 - [MESSAGE][PASSED] - Text '22201' is present on page  using regular expression

2022-03-31 23:40:25 - [TEST_STEP][PASSED] - verifyTextPresent(cardTypeV, true): Text 'Discover' is present on page  using regular expression

2022-03-31 23:40:25 - [MESSAGE][PASSED] - Text 'Discover' is present on page  using regular expression

2022-03-31 23:40:25 - [TEST_STEP][PASSED] - verifyTextPresent(last4V, true): Text '6909' is present on page  using regular expression

2022-03-31 23:40:25 - [MESSAGE][PASSED] - Text '6909' is present on page  using regular expression

2022-03-31 23:40:25 - [TEST_STEP][PASSED] - closeBrowser(): Browser is closed

2022-03-31 23:40:26 - [MESSAGE][PASSED] - Browser is closed]]></system-out>
         <system-err><![CDATA[]]></system-err>
      </testcase>
      <testcase name="Test Cases/Admin Suite Bootstrap/VT_TestCases/SaleAndVoidKeyboard_TP_DualCF_Generic_Payment_TC" time="376.303" classname="Test Cases/Admin Suite Bootstrap/VT_TestCases/SaleAndVoidKeyboard_TP_DualCF_Generic_Payment_TC" status="PASSED">
         <system-out><![CDATA[2022-03-31 23:40:26 - [TEST_CASE][PASSED] - Test Cases/Admin Suite Bootstrap/VT_TestCases/SaleAndVoidKeyboard_TP_DualCF_Generic_Payment_TC: Test Cases/Admin Suite Bootstrap/VT_TestCases/SaleAndVoidKeyboard_TP_DualCF_Generic_Payment_TC

2022-03-31 23:40:27 - [TEST_STEP][PASSED] - path_Dashboard = "Object Repository/AdminSuiteBootstrap_Pages/Dashboard_Bootstrap/": null

2022-03-31 23:40:27 - [TEST_STEP][PASSED] - path_VT = "Object Repository/AdminSuiteBootstrap_Pages/VT_Bootstrap/IssueTransactions/": null

2022-03-31 23:40:27 - [TEST_STEP][PASSED] - path_SaleKB = "Object Repository/AdminSuiteBootstrap_Pages/VT_Bootstrap/SaleKeyboard/": null

2022-03-31 23:40:27 - [TEST_STEP][PASSED] - path_TestMinus = "Object Repository/Page_TestMinusAndAtSigns/": null

2022-03-31 23:40:27 - [TEST_STEP][PASSED] - path_Receipt = "Object Repository/AdminSuiteBootstrap_Pages/VT_Bootstrap/Receipt/": null

2022-03-31 23:40:27 - [TEST_STEP][PASSED] - path_CCSearch = "Object Repository/AdminSuiteBootstrap_Pages/VT_Bootstrap/CCCreditOrVoidSearch/": null

2022-03-31 23:40:27 - [TEST_STEP][PASSED] - path_SearchResults = "Object Repository/AdminSuiteBootstrap_Pages/VT_Bootstrap/SearchResults/": null

2022-03-31 23:40:27 - [TEST_STEP][PASSED] - path_TranxDetails = "Object Repository/AdminSuiteBootstrap_Pages/VT_Bootstrap/TransactionDetails/": null

2022-03-31 23:40:27 - [TEST_STEP][PASSED] - li_1 = vpos_Prefix: null

2022-03-31 23:40:27 - [TEST_STEP][PASSED] - li_2 = "/transactions/AuthCapForm/": null

2022-03-31 23:40:27 - [TEST_STEP][PASSED] - executionProfile = getExecutionProfile(): null

2022-03-31 23:40:27 - [TEST_STEP][PASSED] - out.println("executionProfile : " + executionProfile): null

2022-03-31 23:40:27 - [TEST_STEP][PASSED] - appName = <not implemented yet for class: org.codehaus.groovy.ast.expr.EmptyExpression>: null

2022-03-31 23:40:27 - [TEST_STEP][PASSED] - appID = <not implemented yet for class: org.codehaus.groovy.ast.expr.EmptyExpression>: null

2022-03-31 23:40:27 - [TEST_STEP][PASSED] - cardNameV = <not implemented yet for class: org.codehaus.groovy.ast.expr.EmptyExpression>: null

2022-03-31 23:40:27 - [TEST_STEP][PASSED] - al1V = <not implemented yet for class: org.codehaus.groovy.ast.expr.EmptyExpression>: null

2022-03-31 23:40:27 - [TEST_STEP][PASSED] - al2V = <not implemented yet for class: org.codehaus.groovy.ast.expr.EmptyExpression>: null

2022-03-31 23:40:27 - [TEST_STEP][PASSED] - zipV = <not implemented yet for class: org.codehaus.groovy.ast.expr.EmptyExpression>: null

2022-03-31 23:40:27 - [TEST_STEP][PASSED] - cardTypeV = <not implemented yet for class: org.codehaus.groovy.ast.expr.EmptyExpression>: null

2022-03-31 23:40:27 - [TEST_STEP][PASSED] - last4V = <not implemented yet for class: org.codehaus.groovy.ast.expr.EmptyExpression>: null

2022-03-31 23:40:27 - [TEST_STEP][PASSED] - resText = "Fail": null

2022-03-31 23:40:27 - [TEST_STEP][PASSED] - resColumn = "Result": null

2022-03-31 23:40:27 - [TEST_STEP][PASSED] - datCloumn = "Date": null

2022-03-31 23:40:27 - [TEST_STEP][PASSED] - fileLoc = "C:\KatalonData\Bootstrap\VT-Data.xlsx": null

2022-03-31 23:40:27 - [TEST_STEP][PASSED] - numOfRows = <not implemented yet for class: org.codehaus.groovy.ast.expr.EmptyExpression>: null

2022-03-31 23:40:27 - [TEST_STEP][PASSED] - dataFile = <not implemented yet for class: org.codehaus.groovy.ast.expr.EmptyExpression>: null

2022-03-31 23:40:27 - [TEST_STEP][PASSED] - nameSheet = <not implemented yet for class: org.codehaus.groovy.ast.expr.EmptyExpression>: null

2022-03-31 23:40:27 - [TEST_STEP][PASSED] - nameSheet = "VT-SaleVoid-DualCF-Generic": null

2022-03-31 23:40:27 - [TEST_STEP][PASSED] - numOfRows = findTestData("QA/Bootstrap/VT-TestData/VT-SaleVoidData-DualCF-Generic").getRowNumbers(): null

2022-03-31 23:40:27 - [TEST_STEP][PASSED] - println("Number of Records: " + numOfRows): null

2022-03-31 23:40:27 - [TEST_STEP][PASSED] - dataFile = "QA/Bootstrap/VT-TestData/VT-SaleVoidData-DualCF-Generic": null

2022-03-31 23:40:27 - [TEST_STEP][PASSED] - for ([row = 1, row <= numOfRows, (row++)]): null

2022-03-31 23:40:27 - [TEST_STEP][PASSED] - ExecuteTC = findTestData(dataFile).getValue("Execute", row): null

2022-03-31 23:40:27 - [TEST_STEP][PASSED] - out.println("Value of Execute is : " + ExecuteTC): null

2022-03-31 23:40:27 - [TEST_STEP][PASSED] - switch (executionProfile): null

2022-03-31 23:40:27 - [TEST_STEP][PASSED] - case "QAProfile":: null

2022-03-31 23:40:27 - [TEST_STEP][PASSED] - appName = findTestData(dataFile).getValue("AppNameQA", row): null

2022-03-31 23:40:27 - [TEST_STEP][PASSED] - appID = findTestData(dataFile).getValue("AppIDQA", row): null

2022-03-31 23:40:27 - [TEST_STEP][PASSED] - break: null

2022-03-31 23:40:27 - [TEST_STEP][PASSED] - hrefAppID = li_1 + appID + li_2: null

2022-03-31 23:40:27 - [TEST_STEP][PASSED] - hrefApp = li_1 + appID + "/": null

2022-03-31 23:40:27 - [TEST_STEP][PASSED] - println("hrefApp : " + hrefApp): null

2022-03-31 23:40:27 - [TEST_STEP][PASSED] - if (ExecuteTC.equalsIgnoreCase("Y")): null

2022-03-31 23:40:27 - [TEST_STEP][PASSED] - out.println("Begin Record Number: " + row): null

2022-03-31 23:40:27 - [TEST_STEP][PASSED] - today = new java.util.Date(): null

2022-03-31 23:40:27 - [TEST_STEP][PASSED] - println(today): null

2022-03-31 23:40:27 - [TEST_STEP][PASSED] - datText = today: null

2022-03-31 23:40:27 - [TEST_STEP][PASSED] - adminSuiteBootstrap.loginFunctionality.login_AdminSuite(): adminSuiteBootstrap.loginFunctionality.login_AdminSuite is PASSED

2022-03-31 23:40:27 - [MESSAGE][INFO] - Starting 'Chrome' driver

2022-03-31 23:40:27 - [MESSAGE][INFO] - User set preference: ['acceptInsecureCerts', 'true']

2022-03-31 23:40:27 - [MESSAGE][INFO] - Action delay is set to 0 milliseconds

2022-03-31 23:40:29 - [MESSAGE][PASSED] - Browser is opened with url: 'https://qa.velocitypayment.com/admin/imtiaz'

2022-03-31 23:40:29 - [MESSAGE][PASSED] - Current window maximized

2022-03-31 23:40:30 - [MESSAGE][PASSED] - Object 'Object Repository/Login_Page/Login_Username' is present

2022-03-31 23:40:31 - [MESSAGE][PASSED] - Text 'iahmed' is set on object 'Object Repository/Login_Page/Login_Username'

2022-03-31 23:40:31 - [MESSAGE][PASSED] - Text 'hello2222' is set on object 'Object Repository/Login_Page/Login_Password'

2022-03-31 23:40:35 - [MESSAGE][PASSED] - Object: 'Object Repository/Login_Page/Login_Submit' is clicked on

2022-03-31 23:40:35 - [MESSAGE][PASSED] - adminSuiteBootstrap.loginFunctionality.login_AdminSuite is PASSED

2022-03-31 23:40:35 - [TEST_STEP][PASSED] - click(findTestObject(path_Dashboard + appName)): Object: 'Object Repository/AdminSuiteBootstrap_Pages/Dashboard_Bootstrap/a_Access AutoDualCFtpQA' is clicked on

2022-03-31 23:40:36 - [MESSAGE][PASSED] - Object: 'Object Repository/AdminSuiteBootstrap_Pages/Dashboard_Bootstrap/a_Access AutoDualCFtpQA' is clicked on

2022-03-31 23:40:36 - [TEST_STEP][PASSED] - click(findTestObject(path_VT + "button_Authorization  Capture (Sale)")): Object: 'Object Repository/AdminSuiteBootstrap_Pages/VT_Bootstrap/IssueTransactions/button_Authorization  Capture (Sale)' is clicked on

2022-03-31 23:40:36 - [MESSAGE][PASSED] - Object: 'Object Repository/AdminSuiteBootstrap_Pages/VT_Bootstrap/IssueTransactions/button_Authorization  Capture (Sale)' is clicked on

2022-03-31 23:40:36 - [TEST_STEP][PASSED] - saleKeyboardEntryLink = modifyObjectProperty(findTestObject(path_VT + "a_KeyboardEntry_Sale"), "href", "equals", hrefAppID, true): Modify property of object successfully

2022-03-31 23:40:37 - [MESSAGE][PASSED] - Modify property of object successfully

2022-03-31 23:40:37 - [TEST_STEP][PASSED] - click(saleKeyboardEntryLink): Object: 'Object Repository/AdminSuiteBootstrap_Pages/VT_Bootstrap/IssueTransactions/a_KeyboardEntry_Sale' is clicked on

2022-03-31 23:40:37 - [MESSAGE][PASSED] - Object: 'Object Repository/AdminSuiteBootstrap_Pages/VT_Bootstrap/IssueTransactions/a_KeyboardEntry_Sale' is clicked on

2022-03-31 23:40:37 - [TEST_STEP][PASSED] - adminSuiteBootstrap.virtualTerminalSetData.saleKeyboard_DataDriven(row, dataFile): adminSuiteBootstrap.virtualTerminalSetData.saleKeyboard_DataDriven is PASSED

2022-03-31 23:40:40 - [MESSAGE][PASSED] - Text 'Tulsi Raman' is set on object 'Object Repository/AdminSuiteBootstrap_Pages/VT_Bootstrap/SaleKeyboard/input_cardName'

2022-03-31 23:40:41 - [MESSAGE][PASSED] - All options with value 'RETL' are selected in object 'Object Repository/AdminSuiteBootstrap_Pages/VT_Bootstrap/SaleKeyboard/select_transactionCategory'  using regular expression

2022-03-31 23:40:42 - [MESSAGE][PASSED] - Execute JavaScript 'arguments[0].value ='4012000098765439' ' successfully

2022-03-31 23:40:42 - [MESSAGE][PASSED] - Execute JavaScript 'arguments[0].value ='123' ' successfully

2022-03-31 23:40:43 - [MESSAGE][PASSED] - All options with value '12' are selected in object 'Object Repository/AdminSuiteBootstrap_Pages/VT_Bootstrap/SaleKeyboard/select_MM'  using regular expression

2022-03-31 23:40:44 - [MESSAGE][PASSED] - All options with value '2025' are selected in object 'Object Repository/AdminSuiteBootstrap_Pages/VT_Bootstrap/SaleKeyboard/select_YYYY'  using regular expression

2022-03-31 23:40:45 - [MESSAGE][PASSED] - Text '36 Cornor Road' is set on object 'Object Repository/AdminSuiteBootstrap_Pages/VT_Bootstrap/SaleKeyboard/input__address'

2022-03-31 23:40:46 - [MESSAGE][PASSED] - Text 'Suite 500' is set on object 'Object Repository/AdminSuiteBootstrap_Pages/VT_Bootstrap/SaleKeyboard/input__address2'

2022-03-31 23:40:47 - [MESSAGE][PASSED] - Text '22201' is set on object 'Object Repository/AdminSuiteBootstrap_Pages/VT_Bootstrap/SaleKeyboard/input__zip'

2022-03-31 23:40:47 - [MESSAGE][PASSED] - Text '' is set on object 'Object Repository/AdminSuiteBootstrap_Pages/VT_Bootstrap/SaleKeyboard/input_emailAddress'

2022-03-31 23:40:49 - [MESSAGE][PASSED] - Text '' is set on object 'Object Repository/AdminSuiteBootstrap_Pages/VT_Bootstrap/SaleKeyboard/input_smsNumber'

2022-03-31 23:40:49 - [MESSAGE][PASSED] - Text '10.50' is set on object 'Object Repository/AdminSuiteBootstrap_Pages/VT_Bootstrap/SaleKeyboard/input_amount'

2022-03-31 23:40:50 - [MESSAGE][PASSED] - Text 'Australia' is set on object 'Object Repository/AdminSuiteBootstrap_Pages/VT_Bootstrap/SaleKeyboard/input_userDefined1'

2022-03-31 23:40:51 - [MESSAGE][PASSED] - Text 'Denmark' is set on object 'Object Repository/AdminSuiteBootstrap_Pages/VT_Bootstrap/SaleKeyboard/input_userDefined2'

2022-03-31 23:40:52 - [MESSAGE][PASSED] - Text 'Sweden' is set on object 'Object Repository/AdminSuiteBootstrap_Pages/VT_Bootstrap/SaleKeyboard/input_userDefined3'

2022-03-31 23:40:53 - [MESSAGE][PASSED] - Text 'Austria' is set on object 'Object Repository/AdminSuiteBootstrap_Pages/VT_Bootstrap/SaleKeyboard/input_userDefined4'

2022-03-31 23:40:54 - [MESSAGE][PASSED] - All options with label 'Orange' are selected in object 'Object Repository/AdminSuiteBootstrap_Pages/VT_Bootstrap/SaleKeyboard/select_UDF5_DropDown'  using regular expression

2022-03-31 23:40:55 - [MESSAGE][PASSED] - All options with label 'Yellow' are selected in object 'Object Repository/AdminSuiteBootstrap_Pages/VT_Bootstrap/SaleKeyboard/select_UDF6_DropDown'  using regular expression

2022-03-31 23:40:55 - [MESSAGE][PASSED] - Text 'Norway' is set on object 'Object Repository/AdminSuiteBootstrap_Pages/VT_Bootstrap/SaleKeyboard/input_userDefined7'

2022-03-31 23:40:56 - [MESSAGE][PASSED] - Text 'Netherlands' is set on object 'Object Repository/AdminSuiteBootstrap_Pages/VT_Bootstrap/SaleKeyboard/input_userDefined8'

2022-03-31 23:40:57 - [MESSAGE][PASSED] - Text 'Switzerland' is set on object 'Object Repository/AdminSuiteBootstrap_Pages/VT_Bootstrap/SaleKeyboard/input_userDefined9'

2022-03-31 23:40:57 - [MESSAGE][PASSED] - Text 'France' is set on object 'Object Repository/AdminSuiteBootstrap_Pages/VT_Bootstrap/SaleKeyboard/input_userDefined10'

2022-03-31 23:40:59 - [MESSAGE][PASSED] - Object: 'Object Repository/AdminSuiteBootstrap_Pages/VT_Bootstrap/SaleKeyboard/button_Submit' is clicked on

2022-03-31 23:40:59 - [MESSAGE][PASSED] - adminSuiteBootstrap.virtualTerminalSetData.saleKeyboard_DataDriven is PASSED

2022-03-31 23:40:59 - [TEST_STEP][PASSED] - if (verifyTextPresent("Transaction Successful", true)): null

2022-03-31 23:41:00 - [MESSAGE][PASSED] - Text 'Transaction Successful' is present on page  using regular expression

2022-03-31 23:41:00 - [TEST_STEP][PASSED] - sdf = getText(findTestObject(path_Receipt + "td_AutoNoC031622113752957Ahm")): Text of object 'Object Repository/AdminSuiteBootstrap_Pages/VT_Bootstrap/Receipt/td_AutoNoC031622113752957Ahm' is: 'AutoDua033122233850113Ahm'

2022-03-31 23:41:00 - [MESSAGE][PASSED] - Text of object 'Object Repository/AdminSuiteBootstrap_Pages/VT_Bootstrap/Receipt/td_AutoNoC031622113752957Ahm' is: 'AutoDua033122233850113Ahm'

2022-03-31 23:41:00 - [TEST_STEP][PASSED] - out.println("sdf: " + sdf): null

2022-03-31 23:41:00 - [TEST_STEP][PASSED] - remID = sdf: null

2022-03-31 23:41:00 - [TEST_STEP][PASSED] - out.println("remID: " + remID): null

2022-03-31 23:41:00 - [TEST_STEP][PASSED] - click(findTestObject(path_Receipt + "button_Continue")): Object: 'Object Repository/AdminSuiteBootstrap_Pages/VT_Bootstrap/Receipt/button_Continue' is clicked on

2022-03-31 23:41:01 - [MESSAGE][PASSED] - Object: 'Object Repository/AdminSuiteBootstrap_Pages/VT_Bootstrap/Receipt/button_Continue' is clicked on

2022-03-31 23:41:01 - [TEST_STEP][PASSED] - click(findTestObject(path_VT + "a_Search Transactions")): Object: 'Object Repository/AdminSuiteBootstrap_Pages/VT_Bootstrap/IssueTransactions/a_Search Transactions' is clicked on

2022-03-31 23:41:02 - [MESSAGE][PASSED] - Object: 'Object Repository/AdminSuiteBootstrap_Pages/VT_Bootstrap/IssueTransactions/a_Search Transactions' is clicked on

2022-03-31 23:41:02 - [TEST_STEP][PASSED] - setText(findTestObject(path_CCSearch + "input_Search By_searchValue"), remID): Text 'AutoDua033122233850113Ahm' is set on object 'Object Repository/AdminSuiteBootstrap_Pages/VT_Bootstrap/CCCreditOrVoidSearch/input_Search By_searchValue'

2022-03-31 23:41:03 - [MESSAGE][PASSED] - Text 'AutoDua033122233850113Ahm' is set on object 'Object Repository/AdminSuiteBootstrap_Pages/VT_Bootstrap/CCCreditOrVoidSearch/input_Search By_searchValue'

2022-03-31 23:41:03 - [TEST_STEP][PASSED] - click(findTestObject(path_CCSearch + "button_Submit")): Object: 'Object Repository/AdminSuiteBootstrap_Pages/VT_Bootstrap/CCCreditOrVoidSearch/button_Submit' is clicked on

2022-03-31 23:41:04 - [MESSAGE][PASSED] - Object: 'Object Repository/AdminSuiteBootstrap_Pages/VT_Bootstrap/CCCreditOrVoidSearch/button_Submit' is clicked on

2022-03-31 23:41:04 - [TEST_STEP][PASSED] - fgr = getText(findTestObject(path_SearchResults + "div_Payment ID")): Text of object 'Object Repository/AdminSuiteBootstrap_Pages/VT_Bootstrap/SearchResults/div_Payment ID' is: 'Payment ID
Payment Type
Transaction Type
Remittance ID
Name
Total Amount
End Date
Status
12114185 Credit Card Authorization and Capture AutoDua033122233850113Ahm Tulsi Raman $10.50 03/31/2022 Success'

2022-03-31 23:41:04 - [MESSAGE][PASSED] - Text of object 'Object Repository/AdminSuiteBootstrap_Pages/VT_Bootstrap/SearchResults/div_Payment ID' is: 'Payment ID
Payment Type
Transaction Type
Remittance ID
Name
Total Amount
End Date
Status
12114185 Credit Card Authorization and Capture AutoDua033122233850113Ahm Tulsi Raman $10.50 03/31/2022 Success'

2022-03-31 23:41:04 - [TEST_STEP][PASSED] - payID = substring(89, 98).trim(): null

2022-03-31 23:41:04 - [TEST_STEP][PASSED] - out.println("payID: " + payID): null

2022-03-31 23:41:04 - [TEST_STEP][PASSED] - click(findTestObject(path_SearchResults + "button_PaymentID")): Object: 'Object Repository/AdminSuiteBootstrap_Pages/VT_Bootstrap/SearchResults/button_PaymentID' is clicked on

2022-03-31 23:41:05 - [MESSAGE][PASSED] - Object: 'Object Repository/AdminSuiteBootstrap_Pages/VT_Bootstrap/SearchResults/button_PaymentID' is clicked on

2022-03-31 23:41:05 - [TEST_STEP][PASSED] - verifyTextPresent("Tender Type", true): Text 'Tender Type' is present on page  using regular expression

2022-03-31 23:41:06 - [MESSAGE][PASSED] - Text 'Tender Type' is present on page  using regular expression

2022-03-31 23:41:06 - [TEST_STEP][PASSED] - verifyTextPresent("Credit Card", true): Text 'Credit Card' is present on page  using regular expression

2022-03-31 23:41:06 - [MESSAGE][PASSED] - Text 'Credit Card' is present on page  using regular expression

2022-03-31 23:41:06 - [TEST_STEP][PASSED] - verifyTextPresent("Transaction Type", true): Text 'Transaction Type' is present on page  using regular expression

2022-03-31 23:41:07 - [MESSAGE][PASSED] - Text 'Transaction Type' is present on page  using regular expression

2022-03-31 23:41:07 - [TEST_STEP][PASSED] - verifyTextPresent("Authorization and Capture", true): Text 'Authorization and Capture' is present on page  using regular expression

2022-03-31 23:41:07 - [MESSAGE][PASSED] - Text 'Authorization and Capture' is present on page  using regular expression

2022-03-31 23:41:07 - [TEST_STEP][PASSED] - verifyTextPresent("Transaction Posted by", true): Text 'Transaction Posted by' is present on page  using regular expression

2022-03-31 23:41:07 - [MESSAGE][PASSED] - Text 'Transaction Posted by' is present on page  using regular expression

2022-03-31 23:41:07 - [TEST_STEP][PASSED] - verifyTextPresent("iahmed", true): Text 'iahmed' is present on page  using regular expression

2022-03-31 23:41:08 - [MESSAGE][PASSED] - Text 'iahmed' is present on page  using regular expression

2022-03-31 23:41:08 - [TEST_STEP][PASSED] - click(findTestObject(path_TranxDetails + "a_Void this transaction")): Object: 'Object Repository/AdminSuiteBootstrap_Pages/VT_Bootstrap/TransactionDetails/a_Void this transaction' is clicked on

2022-03-31 23:41:09 - [MESSAGE][PASSED] - Object: 'Object Repository/AdminSuiteBootstrap_Pages/VT_Bootstrap/TransactionDetails/a_Void this transaction' is clicked on

2022-03-31 23:41:09 - [TEST_STEP][PASSED] - verifyTextPresent("The following transaction will be voided", true): Text 'The following transaction will be voided' is present on page  using regular expression

2022-03-31 23:41:09 - [MESSAGE][PASSED] - Text 'The following transaction will be voided' is present on page  using regular expression

2022-03-31 23:41:09 - [TEST_STEP][PASSED] - verifyTextPresent("Please press submit to continue", true): Text 'Please press submit to continue' is present on page  using regular expression

2022-03-31 23:41:09 - [MESSAGE][PASSED] - Text 'Please press submit to continue' is present on page  using regular expression

2022-03-31 23:41:09 - [TEST_STEP][PASSED] - click(findTestObject(path_TranxDetails + "button_Submit")): Object: 'Object Repository/AdminSuiteBootstrap_Pages/VT_Bootstrap/TransactionDetails/button_Submit' is clicked on

2022-03-31 23:41:11 - [MESSAGE][PASSED] - Object: 'Object Repository/AdminSuiteBootstrap_Pages/VT_Bootstrap/TransactionDetails/button_Submit' is clicked on

2022-03-31 23:41:11 - [TEST_STEP][PASSED] - verifyTextPresent("Transaction Successful", true): Text 'Transaction Successful' is present on page  using regular expression

2022-03-31 23:41:12 - [MESSAGE][PASSED] - Text 'Transaction Successful' is present on page  using regular expression

2022-03-31 23:41:12 - [TEST_STEP][PASSED] - verifyTextPresent("Transaction Type", true): Text 'Transaction Type' is present on page  using regular expression

2022-03-31 23:41:12 - [MESSAGE][PASSED] - Text 'Transaction Type' is present on page  using regular expression

2022-03-31 23:41:12 - [TEST_STEP][PASSED] - verifyTextPresent("Void", true): Text 'Void' is present on page  using regular expression

2022-03-31 23:41:12 - [MESSAGE][PASSED] - Text 'Void' is present on page  using regular expression

2022-03-31 23:41:12 - [TEST_STEP][PASSED] - closeBrowser(): Browser is closed

2022-03-31 23:41:13 - [MESSAGE][PASSED] - Browser is closed

2022-03-31 23:41:13 - [TEST_STEP][PASSED] - ExecuteTC = findTestData(dataFile).getValue("Execute", row): null

2022-03-31 23:41:13 - [TEST_STEP][PASSED] - out.println("Value of Execute is : " + ExecuteTC): null

2022-03-31 23:41:13 - [TEST_STEP][PASSED] - switch (executionProfile): null

2022-03-31 23:41:13 - [TEST_STEP][PASSED] - case "QAProfile":: null

2022-03-31 23:41:13 - [TEST_STEP][PASSED] - appName = findTestData(dataFile).getValue("AppNameQA", row): null

2022-03-31 23:41:13 - [TEST_STEP][PASSED] - appID = findTestData(dataFile).getValue("AppIDQA", row): null

2022-03-31 23:41:14 - [TEST_STEP][PASSED] - break: null

2022-03-31 23:41:14 - [TEST_STEP][PASSED] - hrefAppID = li_1 + appID + li_2: null

2022-03-31 23:41:14 - [TEST_STEP][PASSED] - hrefApp = li_1 + appID + "/": null

2022-03-31 23:41:14 - [TEST_STEP][PASSED] - println("hrefApp : " + hrefApp): null

2022-03-31 23:41:14 - [TEST_STEP][PASSED] - if (ExecuteTC.equalsIgnoreCase("Y")): null

2022-03-31 23:41:14 - [TEST_STEP][PASSED] - out.println("Begin Record Number: " + row): null

2022-03-31 23:41:14 - [TEST_STEP][PASSED] - today = new java.util.Date(): null

2022-03-31 23:41:14 - [TEST_STEP][PASSED] - println(today): null

2022-03-31 23:41:14 - [TEST_STEP][PASSED] - datText = today: null

2022-03-31 23:41:14 - [TEST_STEP][PASSED] - adminSuiteBootstrap.loginFunctionality.login_AdminSuite(): adminSuiteBootstrap.loginFunctionality.login_AdminSuite is PASSED

2022-03-31 23:41:14 - [MESSAGE][INFO] - Starting 'Chrome' driver

2022-03-31 23:41:14 - [MESSAGE][INFO] - User set preference: ['acceptInsecureCerts', 'true']

2022-03-31 23:41:14 - [MESSAGE][INFO] - Action delay is set to 0 milliseconds

2022-03-31 23:41:16 - [MESSAGE][PASSED] - Browser is opened with url: 'https://qa.velocitypayment.com/admin/imtiaz'

2022-03-31 23:41:16 - [MESSAGE][PASSED] - Current window maximized

2022-03-31 23:41:16 - [MESSAGE][PASSED] - Object 'Object Repository/Login_Page/Login_Username' is present

2022-03-31 23:41:17 - [MESSAGE][PASSED] - Text 'iahmed' is set on object 'Object Repository/Login_Page/Login_Username'

2022-03-31 23:41:18 - [MESSAGE][PASSED] - Text 'hello2222' is set on object 'Object Repository/Login_Page/Login_Password'

2022-03-31 23:41:21 - [MESSAGE][PASSED] - Object: 'Object Repository/Login_Page/Login_Submit' is clicked on

2022-03-31 23:41:21 - [MESSAGE][PASSED] - adminSuiteBootstrap.loginFunctionality.login_AdminSuite is PASSED

2022-03-31 23:41:21 - [TEST_STEP][PASSED] - click(findTestObject(path_Dashboard + appName)): Object: 'Object Repository/AdminSuiteBootstrap_Pages/Dashboard_Bootstrap/a_Access AutoDualCFtpQA' is clicked on

2022-03-31 23:41:22 - [MESSAGE][PASSED] - Object: 'Object Repository/AdminSuiteBootstrap_Pages/Dashboard_Bootstrap/a_Access AutoDualCFtpQA' is clicked on

2022-03-31 23:41:22 - [TEST_STEP][PASSED] - click(findTestObject(path_VT + "button_Authorization  Capture (Sale)")): Object: 'Object Repository/AdminSuiteBootstrap_Pages/VT_Bootstrap/IssueTransactions/button_Authorization  Capture (Sale)' is clicked on

2022-03-31 23:41:22 - [MESSAGE][PASSED] - Object: 'Object Repository/AdminSuiteBootstrap_Pages/VT_Bootstrap/IssueTransactions/button_Authorization  Capture (Sale)' is clicked on

2022-03-31 23:41:22 - [TEST_STEP][PASSED] - saleKeyboardEntryLink = modifyObjectProperty(findTestObject(path_VT + "a_KeyboardEntry_Sale"), "href", "equals", hrefAppID, true): Modify property of object successfully

2022-03-31 23:41:22 - [MESSAGE][PASSED] - Modify property of object successfully

2022-03-31 23:41:22 - [TEST_STEP][PASSED] - click(saleKeyboardEntryLink): Object: 'Object Repository/AdminSuiteBootstrap_Pages/VT_Bootstrap/IssueTransactions/a_KeyboardEntry_Sale' is clicked on

2022-03-31 23:41:23 - [MESSAGE][PASSED] - Object: 'Object Repository/AdminSuiteBootstrap_Pages/VT_Bootstrap/IssueTransactions/a_KeyboardEntry_Sale' is clicked on

2022-03-31 23:41:23 - [TEST_STEP][PASSED] - adminSuiteBootstrap.virtualTerminalSetData.saleKeyboard_DataDriven(row, dataFile): adminSuiteBootstrap.virtualTerminalSetData.saleKeyboard_DataDriven is PASSED

2022-03-31 23:41:26 - [MESSAGE][PASSED] - Text 'Tulsi Raman' is set on object 'Object Repository/AdminSuiteBootstrap_Pages/VT_Bootstrap/SaleKeyboard/input_cardName'

2022-03-31 23:41:27 - [MESSAGE][PASSED] - All options with value 'RETL' are selected in object 'Object Repository/AdminSuiteBootstrap_Pages/VT_Bootstrap/SaleKeyboard/select_transactionCategory'  using regular expression

2022-03-31 23:41:27 - [MESSAGE][PASSED] - Execute JavaScript 'arguments[0].value ='5146312200000035' ' successfully

2022-03-31 23:41:28 - [MESSAGE][PASSED] - Execute JavaScript 'arguments[0].value ='123' ' successfully

2022-03-31 23:41:29 - [MESSAGE][PASSED] - All options with value '12' are selected in object 'Object Repository/AdminSuiteBootstrap_Pages/VT_Bootstrap/SaleKeyboard/select_MM'  using regular expression

2022-03-31 23:41:30 - [MESSAGE][PASSED] - All options with value '2025' are selected in object 'Object Repository/AdminSuiteBootstrap_Pages/VT_Bootstrap/SaleKeyboard/select_YYYY'  using regular expression

2022-03-31 23:41:31 - [MESSAGE][PASSED] - Text '1478 Jhatka Palace' is set on object 'Object Repository/AdminSuiteBootstrap_Pages/VT_Bootstrap/SaleKeyboard/input__address'

2022-03-31 23:41:31 - [MESSAGE][PASSED] - Text 'Suite 500' is set on object 'Object Repository/AdminSuiteBootstrap_Pages/VT_Bootstrap/SaleKeyboard/input__address2'

2022-03-31 23:41:32 - [MESSAGE][PASSED] - Text '22201' is set on object 'Object Repository/AdminSuiteBootstrap_Pages/VT_Bootstrap/SaleKeyboard/input__zip'

2022-03-31 23:41:33 - [MESSAGE][PASSED] - Text '' is set on object 'Object Repository/AdminSuiteBootstrap_Pages/VT_Bootstrap/SaleKeyboard/input_emailAddress'

2022-03-31 23:41:34 - [MESSAGE][PASSED] - Text '' is set on object 'Object Repository/AdminSuiteBootstrap_Pages/VT_Bootstrap/SaleKeyboard/input_smsNumber'

2022-03-31 23:41:35 - [MESSAGE][PASSED] - Text '10.50' is set on object 'Object Repository/AdminSuiteBootstrap_Pages/VT_Bootstrap/SaleKeyboard/input_amount'

2022-03-31 23:41:36 - [MESSAGE][PASSED] - Text 'Australia' is set on object 'Object Repository/AdminSuiteBootstrap_Pages/VT_Bootstrap/SaleKeyboard/input_userDefined1'

2022-03-31 23:41:37 - [MESSAGE][PASSED] - Text 'Denmark' is set on object 'Object Repository/AdminSuiteBootstrap_Pages/VT_Bootstrap/SaleKeyboard/input_userDefined2'

2022-03-31 23:41:37 - [MESSAGE][PASSED] - Text 'Sweden' is set on object 'Object Repository/AdminSuiteBootstrap_Pages/VT_Bootstrap/SaleKeyboard/input_userDefined3'

2022-03-31 23:41:38 - [MESSAGE][PASSED] - Text 'Austria' is set on object 'Object Repository/AdminSuiteBootstrap_Pages/VT_Bootstrap/SaleKeyboard/input_userDefined4'

2022-03-31 23:41:39 - [MESSAGE][PASSED] - All options with label 'Orange' are selected in object 'Object Repository/AdminSuiteBootstrap_Pages/VT_Bootstrap/SaleKeyboard/select_UDF5_DropDown'  using regular expression

2022-03-31 23:41:40 - [MESSAGE][PASSED] - All options with label 'Yellow' are selected in object 'Object Repository/AdminSuiteBootstrap_Pages/VT_Bootstrap/SaleKeyboard/select_UDF6_DropDown'  using regular expression

2022-03-31 23:41:41 - [MESSAGE][PASSED] - Text 'Norway' is set on object 'Object Repository/AdminSuiteBootstrap_Pages/VT_Bootstrap/SaleKeyboard/input_userDefined7'

2022-03-31 23:41:42 - [MESSAGE][PASSED] - Text 'Netherlands' is set on object 'Object Repository/AdminSuiteBootstrap_Pages/VT_Bootstrap/SaleKeyboard/input_userDefined8'

2022-03-31 23:41:42 - [MESSAGE][PASSED] - Text 'Switzerland' is set on object 'Object Repository/AdminSuiteBootstrap_Pages/VT_Bootstrap/SaleKeyboard/input_userDefined9'

2022-03-31 23:41:43 - [MESSAGE][PASSED] - Text 'France' is set on object 'Object Repository/AdminSuiteBootstrap_Pages/VT_Bootstrap/SaleKeyboard/input_userDefined10'

2022-03-31 23:41:45 - [MESSAGE][PASSED] - Object: 'Object Repository/AdminSuiteBootstrap_Pages/VT_Bootstrap/SaleKeyboard/button_Submit' is clicked on

2022-03-31 23:41:45 - [MESSAGE][PASSED] - adminSuiteBootstrap.virtualTerminalSetData.saleKeyboard_DataDriven is PASSED

2022-03-31 23:41:45 - [TEST_STEP][PASSED] - if (verifyTextPresent("Transaction Successful", true)): null

2022-03-31 23:41:46 - [MESSAGE][PASSED] - Text 'Transaction Successful' is present on page  using regular expression

2022-03-31 23:41:46 - [TEST_STEP][PASSED] - sdf = getText(findTestObject(path_Receipt + "td_AutoNoC031622113752957Ahm")): Text of object 'Object Repository/AdminSuiteBootstrap_Pages/VT_Bootstrap/Receipt/td_AutoNoC031622113752957Ahm' is: 'AutoDua033122233935646Ahm'

2022-03-31 23:41:46 - [MESSAGE][PASSED] - Text of object 'Object Repository/AdminSuiteBootstrap_Pages/VT_Bootstrap/Receipt/td_AutoNoC031622113752957Ahm' is: 'AutoDua033122233935646Ahm'

2022-03-31 23:41:46 - [TEST_STEP][PASSED] - out.println("sdf: " + sdf): null

2022-03-31 23:41:46 - [TEST_STEP][PASSED] - remID = sdf: null

2022-03-31 23:41:46 - [TEST_STEP][PASSED] - out.println("remID: " + remID): null

2022-03-31 23:41:46 - [TEST_STEP][PASSED] - click(findTestObject(path_Receipt + "button_Continue")): Object: 'Object Repository/AdminSuiteBootstrap_Pages/VT_Bootstrap/Receipt/button_Continue' is clicked on

2022-03-31 23:41:47 - [MESSAGE][PASSED] - Object: 'Object Repository/AdminSuiteBootstrap_Pages/VT_Bootstrap/Receipt/button_Continue' is clicked on

2022-03-31 23:41:47 - [TEST_STEP][PASSED] - click(findTestObject(path_VT + "a_Search Transactions")): Object: 'Object Repository/AdminSuiteBootstrap_Pages/VT_Bootstrap/IssueTransactions/a_Search Transactions' is clicked on

2022-03-31 23:41:48 - [MESSAGE][PASSED] - Object: 'Object Repository/AdminSuiteBootstrap_Pages/VT_Bootstrap/IssueTransactions/a_Search Transactions' is clicked on

2022-03-31 23:41:48 - [TEST_STEP][PASSED] - setText(findTestObject(path_CCSearch + "input_Search By_searchValue"), remID): Text 'AutoDua033122233935646Ahm' is set on object 'Object Repository/AdminSuiteBootstrap_Pages/VT_Bootstrap/CCCreditOrVoidSearch/input_Search By_searchValue'

2022-03-31 23:41:49 - [MESSAGE][PASSED] - Text 'AutoDua033122233935646Ahm' is set on object 'Object Repository/AdminSuiteBootstrap_Pages/VT_Bootstrap/CCCreditOrVoidSearch/input_Search By_searchValue'

2022-03-31 23:41:49 - [TEST_STEP][PASSED] - click(findTestObject(path_CCSearch + "button_Submit")): Object: 'Object Repository/AdminSuiteBootstrap_Pages/VT_Bootstrap/CCCreditOrVoidSearch/button_Submit' is clicked on

2022-03-31 23:41:50 - [MESSAGE][PASSED] - Object: 'Object Repository/AdminSuiteBootstrap_Pages/VT_Bootstrap/CCCreditOrVoidSearch/button_Submit' is clicked on

2022-03-31 23:41:50 - [TEST_STEP][PASSED] - fgr = getText(findTestObject(path_SearchResults + "div_Payment ID")): Text of object 'Object Repository/AdminSuiteBootstrap_Pages/VT_Bootstrap/SearchResults/div_Payment ID' is: 'Payment ID
Payment Type
Transaction Type
Remittance ID
Name
Total Amount
End Date
Status
12114188 Credit Card Authorization and Capture AutoDua033122233935646Ahm Tulsi Raman $10.50 03/31/2022 Success'

2022-03-31 23:41:50 - [MESSAGE][PASSED] - Text of object 'Object Repository/AdminSuiteBootstrap_Pages/VT_Bootstrap/SearchResults/div_Payment ID' is: 'Payment ID
Payment Type
Transaction Type
Remittance ID
Name
Total Amount
End Date
Status
12114188 Credit Card Authorization and Capture AutoDua033122233935646Ahm Tulsi Raman $10.50 03/31/2022 Success'

2022-03-31 23:41:50 - [TEST_STEP][PASSED] - payID = substring(89, 98).trim(): null

2022-03-31 23:41:50 - [TEST_STEP][PASSED] - out.println("payID: " + payID): null

2022-03-31 23:41:50 - [TEST_STEP][PASSED] - click(findTestObject(path_SearchResults + "button_PaymentID")): Object: 'Object Repository/AdminSuiteBootstrap_Pages/VT_Bootstrap/SearchResults/button_PaymentID' is clicked on

2022-03-31 23:41:51 - [MESSAGE][PASSED] - Object: 'Object Repository/AdminSuiteBootstrap_Pages/VT_Bootstrap/SearchResults/button_PaymentID' is clicked on

2022-03-31 23:41:51 - [TEST_STEP][PASSED] - verifyTextPresent("Tender Type", true): Text 'Tender Type' is present on page  using regular expression

2022-03-31 23:41:52 - [MESSAGE][PASSED] - Text 'Tender Type' is present on page  using regular expression

2022-03-31 23:41:52 - [TEST_STEP][PASSED] - verifyTextPresent("Credit Card", true): Text 'Credit Card' is present on page  using regular expression

2022-03-31 23:41:52 - [MESSAGE][PASSED] - Text 'Credit Card' is present on page  using regular expression

2022-03-31 23:41:52 - [TEST_STEP][PASSED] - verifyTextPresent("Transaction Type", true): Text 'Transaction Type' is present on page  using regular expression

2022-03-31 23:41:52 - [MESSAGE][PASSED] - Text 'Transaction Type' is present on page  using regular expression

2022-03-31 23:41:52 - [TEST_STEP][PASSED] - verifyTextPresent("Authorization and Capture", true): Text 'Authorization and Capture' is present on page  using regular expression

2022-03-31 23:41:53 - [MESSAGE][PASSED] - Text 'Authorization and Capture' is present on page  using regular expression

2022-03-31 23:41:53 - [TEST_STEP][PASSED] - verifyTextPresent("Transaction Posted by", true): Text 'Transaction Posted by' is present on page  using regular expression

2022-03-31 23:41:53 - [MESSAGE][PASSED] - Text 'Transaction Posted by' is present on page  using regular expression

2022-03-31 23:41:53 - [TEST_STEP][PASSED] - verifyTextPresent("iahmed", true): Text 'iahmed' is present on page  using regular expression

2022-03-31 23:41:53 - [MESSAGE][PASSED] - Text 'iahmed' is present on page  using regular expression

2022-03-31 23:41:53 - [TEST_STEP][PASSED] - click(findTestObject(path_TranxDetails + "a_Void this transaction")): Object: 'Object Repository/AdminSuiteBootstrap_Pages/VT_Bootstrap/TransactionDetails/a_Void this transaction' is clicked on

2022-03-31 23:41:54 - [MESSAGE][PASSED] - Object: 'Object Repository/AdminSuiteBootstrap_Pages/VT_Bootstrap/TransactionDetails/a_Void this transaction' is clicked on

2022-03-31 23:41:54 - [TEST_STEP][PASSED] - verifyTextPresent("The following transaction will be voided", true): Text 'The following transaction will be voided' is present on page  using regular expression

2022-03-31 23:41:55 - [MESSAGE][PASSED] - Text 'The following transaction will be voided' is present on page  using regular expression

2022-03-31 23:41:55 - [TEST_STEP][PASSED] - verifyTextPresent("Please press submit to continue", true): Text 'Please press submit to continue' is present on page  using regular expression

2022-03-31 23:41:55 - [MESSAGE][PASSED] - Text 'Please press submit to continue' is present on page  using regular expression

2022-03-31 23:41:55 - [TEST_STEP][PASSED] - click(findTestObject(path_TranxDetails + "button_Submit")): Object: 'Object Repository/AdminSuiteBootstrap_Pages/VT_Bootstrap/TransactionDetails/button_Submit' is clicked on

2022-03-31 23:41:57 - [MESSAGE][PASSED] - Object: 'Object Repository/AdminSuiteBootstrap_Pages/VT_Bootstrap/TransactionDetails/button_Submit' is clicked on

2022-03-31 23:41:57 - [TEST_STEP][PASSED] - verifyTextPresent("Transaction Successful", true): Text 'Transaction Successful' is present on page  using regular expression

2022-03-31 23:41:57 - [MESSAGE][PASSED] - Text 'Transaction Successful' is present on page  using regular expression

2022-03-31 23:41:57 - [TEST_STEP][PASSED] - verifyTextPresent("Transaction Type", true): Text 'Transaction Type' is present on page  using regular expression

2022-03-31 23:41:58 - [MESSAGE][PASSED] - Text 'Transaction Type' is present on page  using regular expression

2022-03-31 23:41:58 - [TEST_STEP][PASSED] - verifyTextPresent("Void", true): Text 'Void' is present on page  using regular expression

2022-03-31 23:41:58 - [MESSAGE][PASSED] - Text 'Void' is present on page  using regular expression

2022-03-31 23:41:58 - [TEST_STEP][PASSED] - closeBrowser(): Browser is closed

2022-03-31 23:41:59 - [MESSAGE][PASSED] - Browser is closed

2022-03-31 23:41:59 - [TEST_STEP][PASSED] - ExecuteTC = findTestData(dataFile).getValue("Execute", row): null

2022-03-31 23:41:59 - [TEST_STEP][PASSED] - out.println("Value of Execute is : " + ExecuteTC): null

2022-03-31 23:41:59 - [TEST_STEP][PASSED] - switch (executionProfile): null

2022-03-31 23:41:59 - [TEST_STEP][PASSED] - case "QAProfile":: null

2022-03-31 23:41:59 - [TEST_STEP][PASSED] - appName = findTestData(dataFile).getValue("AppNameQA", row): null

2022-03-31 23:41:59 - [TEST_STEP][PASSED] - appID = findTestData(dataFile).getValue("AppIDQA", row): null

2022-03-31 23:41:59 - [TEST_STEP][PASSED] - break: null

2022-03-31 23:41:59 - [TEST_STEP][PASSED] - hrefAppID = li_1 + appID + li_2: null

2022-03-31 23:41:59 - [TEST_STEP][PASSED] - hrefApp = li_1 + appID + "/": null

2022-03-31 23:41:59 - [TEST_STEP][PASSED] - println("hrefApp : " + hrefApp): null

2022-03-31 23:41:59 - [TEST_STEP][PASSED] - if (ExecuteTC.equalsIgnoreCase("Y")): null

2022-03-31 23:41:59 - [TEST_STEP][PASSED] - out.println("Begin Record Number: " + row): null

2022-03-31 23:41:59 - [TEST_STEP][PASSED] - today = new java.util.Date(): null

2022-03-31 23:41:59 - [TEST_STEP][PASSED] - println(today): null

2022-03-31 23:41:59 - [TEST_STEP][PASSED] - datText = today: null

2022-03-31 23:41:59 - [TEST_STEP][PASSED] - adminSuiteBootstrap.loginFunctionality.login_AdminSuite(): adminSuiteBootstrap.loginFunctionality.login_AdminSuite is PASSED

2022-03-31 23:41:59 - [MESSAGE][INFO] - Starting 'Chrome' driver

2022-03-31 23:41:59 - [MESSAGE][INFO] - User set preference: ['acceptInsecureCerts', 'true']

2022-03-31 23:41:59 - [MESSAGE][INFO] - Action delay is set to 0 milliseconds

2022-03-31 23:42:02 - [MESSAGE][PASSED] - Browser is opened with url: 'https://qa.velocitypayment.com/admin/imtiaz'

2022-03-31 23:42:02 - [MESSAGE][PASSED] - Current window maximized

2022-03-31 23:42:02 - [MESSAGE][PASSED] - Object 'Object Repository/Login_Page/Login_Username' is present

2022-03-31 23:42:03 - [MESSAGE][PASSED] - Text 'iahmed' is set on object 'Object Repository/Login_Page/Login_Username'

2022-03-31 23:42:03 - [MESSAGE][PASSED] - Text 'hello2222' is set on object 'Object Repository/Login_Page/Login_Password'

2022-03-31 23:42:06 - [MESSAGE][PASSED] - Object: 'Object Repository/Login_Page/Login_Submit' is clicked on

2022-03-31 23:42:06 - [MESSAGE][PASSED] - adminSuiteBootstrap.loginFunctionality.login_AdminSuite is PASSED

2022-03-31 23:42:06 - [TEST_STEP][PASSED] - click(findTestObject(path_Dashboard + appName)): Object: 'Object Repository/AdminSuiteBootstrap_Pages/Dashboard_Bootstrap/a_Access AutoDualCFtpQA' is clicked on

2022-03-31 23:42:07 - [MESSAGE][PASSED] - Object: 'Object Repository/AdminSuiteBootstrap_Pages/Dashboard_Bootstrap/a_Access AutoDualCFtpQA' is clicked on

2022-03-31 23:42:07 - [TEST_STEP][PASSED] - click(findTestObject(path_VT + "button_Authorization  Capture (Sale)")): Object: 'Object Repository/AdminSuiteBootstrap_Pages/VT_Bootstrap/IssueTransactions/button_Authorization  Capture (Sale)' is clicked on

2022-03-31 23:42:07 - [MESSAGE][PASSED] - Object: 'Object Repository/AdminSuiteBootstrap_Pages/VT_Bootstrap/IssueTransactions/button_Authorization  Capture (Sale)' is clicked on

2022-03-31 23:42:07 - [TEST_STEP][PASSED] - saleKeyboardEntryLink = modifyObjectProperty(findTestObject(path_VT + "a_KeyboardEntry_Sale"), "href", "equals", hrefAppID, true): Modify property of object successfully

2022-03-31 23:42:08 - [MESSAGE][PASSED] - Modify property of object successfully

2022-03-31 23:42:08 - [TEST_STEP][PASSED] - click(saleKeyboardEntryLink): Object: 'Object Repository/AdminSuiteBootstrap_Pages/VT_Bootstrap/IssueTransactions/a_KeyboardEntry_Sale' is clicked on

2022-03-31 23:42:08 - [MESSAGE][PASSED] - Object: 'Object Repository/AdminSuiteBootstrap_Pages/VT_Bootstrap/IssueTransactions/a_KeyboardEntry_Sale' is clicked on

2022-03-31 23:42:08 - [TEST_STEP][PASSED] - adminSuiteBootstrap.virtualTerminalSetData.saleKeyboard_DataDriven(row, dataFile): adminSuiteBootstrap.virtualTerminalSetData.saleKeyboard_DataDriven is PASSED

2022-03-31 23:42:11 - [MESSAGE][PASSED] - Text 'Tulsi Raman' is set on object 'Object Repository/AdminSuiteBootstrap_Pages/VT_Bootstrap/SaleKeyboard/input_cardName'

2022-03-31 23:42:12 - [MESSAGE][PASSED] - All options with value 'RETL' are selected in object 'Object Repository/AdminSuiteBootstrap_Pages/VT_Bootstrap/SaleKeyboard/select_transactionCategory'  using regular expression

2022-03-31 23:42:13 - [MESSAGE][PASSED] - Execute JavaScript 'arguments[0].value ='371449635392376' ' successfully

2022-03-31 23:42:13 - [MESSAGE][PASSED] - Execute JavaScript 'arguments[0].value ='123' ' successfully

2022-03-31 23:42:14 - [MESSAGE][PASSED] - All options with value '12' are selected in object 'Object Repository/AdminSuiteBootstrap_Pages/VT_Bootstrap/SaleKeyboard/select_MM'  using regular expression

2022-03-31 23:42:15 - [MESSAGE][PASSED] - All options with value '2025' are selected in object 'Object Repository/AdminSuiteBootstrap_Pages/VT_Bootstrap/SaleKeyboard/select_YYYY'  using regular expression

2022-03-31 23:42:16 - [MESSAGE][PASSED] - Text '550 Swan Lake' is set on object 'Object Repository/AdminSuiteBootstrap_Pages/VT_Bootstrap/SaleKeyboard/input__address'

2022-03-31 23:42:17 - [MESSAGE][PASSED] - Text 'Suite 500' is set on object 'Object Repository/AdminSuiteBootstrap_Pages/VT_Bootstrap/SaleKeyboard/input__address2'

2022-03-31 23:42:18 - [MESSAGE][PASSED] - Text '22201' is set on object 'Object Repository/AdminSuiteBootstrap_Pages/VT_Bootstrap/SaleKeyboard/input__zip'

2022-03-31 23:42:18 - [MESSAGE][PASSED] - Text '' is set on object 'Object Repository/AdminSuiteBootstrap_Pages/VT_Bootstrap/SaleKeyboard/input_emailAddress'

2022-03-31 23:42:19 - [MESSAGE][PASSED] - Text '' is set on object 'Object Repository/AdminSuiteBootstrap_Pages/VT_Bootstrap/SaleKeyboard/input_smsNumber'

2022-03-31 23:42:20 - [MESSAGE][PASSED] - Text '10.50' is set on object 'Object Repository/AdminSuiteBootstrap_Pages/VT_Bootstrap/SaleKeyboard/input_amount'

2022-03-31 23:42:21 - [MESSAGE][PASSED] - Text 'Australia' is set on object 'Object Repository/AdminSuiteBootstrap_Pages/VT_Bootstrap/SaleKeyboard/input_userDefined1'

2022-03-31 23:42:22 - [MESSAGE][PASSED] - Text 'Denmark' is set on object 'Object Repository/AdminSuiteBootstrap_Pages/VT_Bootstrap/SaleKeyboard/input_userDefined2'

2022-03-31 23:42:23 - [MESSAGE][PASSED] - Text 'Sweden' is set on object 'Object Repository/AdminSuiteBootstrap_Pages/VT_Bootstrap/SaleKeyboard/input_userDefined3'

2022-03-31 23:42:23 - [MESSAGE][PASSED] - Text 'Austria' is set on object 'Object Repository/AdminSuiteBootstrap_Pages/VT_Bootstrap/SaleKeyboard/input_userDefined4'

2022-03-31 23:42:24 - [MESSAGE][PASSED] - All options with label 'Orange' are selected in object 'Object Repository/AdminSuiteBootstrap_Pages/VT_Bootstrap/SaleKeyboard/select_UDF5_DropDown'  using regular expression

2022-03-31 23:42:25 - [MESSAGE][PASSED] - All options with label 'Yellow' are selected in object 'Object Repository/AdminSuiteBootstrap_Pages/VT_Bootstrap/SaleKeyboard/select_UDF6_DropDown'  using regular expression

2022-03-31 23:42:26 - [MESSAGE][PASSED] - Text 'Norway' is set on object 'Object Repository/AdminSuiteBootstrap_Pages/VT_Bootstrap/SaleKeyboard/input_userDefined7'

2022-03-31 23:42:27 - [MESSAGE][PASSED] - Text 'Netherlands' is set on object 'Object Repository/AdminSuiteBootstrap_Pages/VT_Bootstrap/SaleKeyboard/input_userDefined8'

2022-03-31 23:42:28 - [MESSAGE][PASSED] - Text 'Switzerland' is set on object 'Object Repository/AdminSuiteBootstrap_Pages/VT_Bootstrap/SaleKeyboard/input_userDefined9'

2022-03-31 23:42:28 - [MESSAGE][PASSED] - Text 'France' is set on object 'Object Repository/AdminSuiteBootstrap_Pages/VT_Bootstrap/SaleKeyboard/input_userDefined10'

2022-03-31 23:42:30 - [MESSAGE][PASSED] - Object: 'Object Repository/AdminSuiteBootstrap_Pages/VT_Bootstrap/SaleKeyboard/button_Submit' is clicked on

2022-03-31 23:42:30 - [MESSAGE][PASSED] - adminSuiteBootstrap.virtualTerminalSetData.saleKeyboard_DataDriven is PASSED

2022-03-31 23:42:30 - [TEST_STEP][PASSED] - if (verifyTextPresent("Transaction Successful", true)): null

2022-03-31 23:42:31 - [MESSAGE][PASSED] - Text 'Transaction Successful' is present on page  using regular expression

2022-03-31 23:42:31 - [TEST_STEP][PASSED] - sdf = getText(findTestObject(path_Receipt + "td_AutoNoC031622113752957Ahm")): Text of object 'Object Repository/AdminSuiteBootstrap_Pages/VT_Bootstrap/Receipt/td_AutoNoC031622113752957Ahm' is: 'AutoDua033122234021124Ahm'

2022-03-31 23:42:31 - [MESSAGE][PASSED] - Text of object 'Object Repository/AdminSuiteBootstrap_Pages/VT_Bootstrap/Receipt/td_AutoNoC031622113752957Ahm' is: 'AutoDua033122234021124Ahm'

2022-03-31 23:42:31 - [TEST_STEP][PASSED] - out.println("sdf: " + sdf): null

2022-03-31 23:42:31 - [TEST_STEP][PASSED] - remID = sdf: null

2022-03-31 23:42:31 - [TEST_STEP][PASSED] - out.println("remID: " + remID): null

2022-03-31 23:42:31 - [TEST_STEP][PASSED] - click(findTestObject(path_Receipt + "button_Continue")): Object: 'Object Repository/AdminSuiteBootstrap_Pages/VT_Bootstrap/Receipt/button_Continue' is clicked on

2022-03-31 23:42:32 - [MESSAGE][PASSED] - Object: 'Object Repository/AdminSuiteBootstrap_Pages/VT_Bootstrap/Receipt/button_Continue' is clicked on

2022-03-31 23:42:32 - [TEST_STEP][PASSED] - click(findTestObject(path_VT + "a_Search Transactions")): Object: 'Object Repository/AdminSuiteBootstrap_Pages/VT_Bootstrap/IssueTransactions/a_Search Transactions' is clicked on

2022-03-31 23:42:33 - [MESSAGE][PASSED] - Object: 'Object Repository/AdminSuiteBootstrap_Pages/VT_Bootstrap/IssueTransactions/a_Search Transactions' is clicked on

2022-03-31 23:42:33 - [TEST_STEP][PASSED] - setText(findTestObject(path_CCSearch + "input_Search By_searchValue"), remID): Text 'AutoDua033122234021124Ahm' is set on object 'Object Repository/AdminSuiteBootstrap_Pages/VT_Bootstrap/CCCreditOrVoidSearch/input_Search By_searchValue'

2022-03-31 23:42:34 - [MESSAGE][PASSED] - Text 'AutoDua033122234021124Ahm' is set on object 'Object Repository/AdminSuiteBootstrap_Pages/VT_Bootstrap/CCCreditOrVoidSearch/input_Search By_searchValue'

2022-03-31 23:42:34 - [TEST_STEP][PASSED] - click(findTestObject(path_CCSearch + "button_Submit")): Object: 'Object Repository/AdminSuiteBootstrap_Pages/VT_Bootstrap/CCCreditOrVoidSearch/button_Submit' is clicked on

2022-03-31 23:42:35 - [MESSAGE][PASSED] - Object: 'Object Repository/AdminSuiteBootstrap_Pages/VT_Bootstrap/CCCreditOrVoidSearch/button_Submit' is clicked on

2022-03-31 23:42:35 - [TEST_STEP][PASSED] - fgr = getText(findTestObject(path_SearchResults + "div_Payment ID")): Text of object 'Object Repository/AdminSuiteBootstrap_Pages/VT_Bootstrap/SearchResults/div_Payment ID' is: 'Payment ID
Payment Type
Transaction Type
Remittance ID
Name
Total Amount
End Date
Status
12114191 Credit Card Authorization and Capture AutoDua033122234021124Ahm Tulsi Raman $10.50 03/31/2022 Success'

2022-03-31 23:42:35 - [MESSAGE][PASSED] - Text of object 'Object Repository/AdminSuiteBootstrap_Pages/VT_Bootstrap/SearchResults/div_Payment ID' is: 'Payment ID
Payment Type
Transaction Type
Remittance ID
Name
Total Amount
End Date
Status
12114191 Credit Card Authorization and Capture AutoDua033122234021124Ahm Tulsi Raman $10.50 03/31/2022 Success'

2022-03-31 23:42:35 - [TEST_STEP][PASSED] - payID = substring(89, 98).trim(): null

2022-03-31 23:42:35 - [TEST_STEP][PASSED] - out.println("payID: " + payID): null

2022-03-31 23:42:35 - [TEST_STEP][PASSED] - click(findTestObject(path_SearchResults + "button_PaymentID")): Object: 'Object Repository/AdminSuiteBootstrap_Pages/VT_Bootstrap/SearchResults/button_PaymentID' is clicked on

2022-03-31 23:42:36 - [MESSAGE][PASSED] - Object: 'Object Repository/AdminSuiteBootstrap_Pages/VT_Bootstrap/SearchResults/button_PaymentID' is clicked on

2022-03-31 23:42:36 - [TEST_STEP][PASSED] - verifyTextPresent("Tender Type", true): Text 'Tender Type' is present on page  using regular expression

2022-03-31 23:42:37 - [MESSAGE][PASSED] - Text 'Tender Type' is present on page  using regular expression

2022-03-31 23:42:37 - [TEST_STEP][PASSED] - verifyTextPresent("Credit Card", true): Text 'Credit Card' is present on page  using regular expression

2022-03-31 23:42:37 - [MESSAGE][PASSED] - Text 'Credit Card' is present on page  using regular expression

2022-03-31 23:42:37 - [TEST_STEP][PASSED] - verifyTextPresent("Transaction Type", true): Text 'Transaction Type' is present on page  using regular expression

2022-03-31 23:42:37 - [MESSAGE][PASSED] - Text 'Transaction Type' is present on page  using regular expression

2022-03-31 23:42:37 - [TEST_STEP][PASSED] - verifyTextPresent("Authorization and Capture", true): Text 'Authorization and Capture' is present on page  using regular expression

2022-03-31 23:42:38 - [MESSAGE][PASSED] - Text 'Authorization and Capture' is present on page  using regular expression

2022-03-31 23:42:38 - [TEST_STEP][PASSED] - verifyTextPresent("Transaction Posted by", true): Text 'Transaction Posted by' is present on page  using regular expression

2022-03-31 23:42:38 - [MESSAGE][PASSED] - Text 'Transaction Posted by' is present on page  using regular expression

2022-03-31 23:42:38 - [TEST_STEP][PASSED] - verifyTextPresent("iahmed", true): Text 'iahmed' is present on page  using regular expression

2022-03-31 23:42:38 - [MESSAGE][PASSED] - Text 'iahmed' is present on page  using regular expression

2022-03-31 23:42:38 - [TEST_STEP][PASSED] - click(findTestObject(path_TranxDetails + "a_Void this transaction")): Object: 'Object Repository/AdminSuiteBootstrap_Pages/VT_Bootstrap/TransactionDetails/a_Void this transaction' is clicked on

2022-03-31 23:42:39 - [MESSAGE][PASSED] - Object: 'Object Repository/AdminSuiteBootstrap_Pages/VT_Bootstrap/TransactionDetails/a_Void this transaction' is clicked on

2022-03-31 23:42:39 - [TEST_STEP][PASSED] - verifyTextPresent("The following transaction will be voided", true): Text 'The following transaction will be voided' is present on page  using regular expression

2022-03-31 23:42:40 - [MESSAGE][PASSED] - Text 'The following transaction will be voided' is present on page  using regular expression

2022-03-31 23:42:40 - [TEST_STEP][PASSED] - verifyTextPresent("Please press submit to continue", true): Text 'Please press submit to continue' is present on page  using regular expression

2022-03-31 23:42:40 - [MESSAGE][PASSED] - Text 'Please press submit to continue' is present on page  using regular expression

2022-03-31 23:42:40 - [TEST_STEP][PASSED] - click(findTestObject(path_TranxDetails + "button_Submit")): Object: 'Object Repository/AdminSuiteBootstrap_Pages/VT_Bootstrap/TransactionDetails/button_Submit' is clicked on

2022-03-31 23:42:42 - [MESSAGE][PASSED] - Object: 'Object Repository/AdminSuiteBootstrap_Pages/VT_Bootstrap/TransactionDetails/button_Submit' is clicked on

2022-03-31 23:42:42 - [TEST_STEP][PASSED] - verifyTextPresent("Transaction Successful", true): Text 'Transaction Successful' is present on page  using regular expression

2022-03-31 23:42:42 - [MESSAGE][PASSED] - Text 'Transaction Successful' is present on page  using regular expression

2022-03-31 23:42:42 - [TEST_STEP][PASSED] - verifyTextPresent("Transaction Type", true): Text 'Transaction Type' is present on page  using regular expression

2022-03-31 23:42:43 - [MESSAGE][PASSED] - Text 'Transaction Type' is present on page  using regular expression

2022-03-31 23:42:43 - [TEST_STEP][PASSED] - verifyTextPresent("Void", true): Text 'Void' is present on page  using regular expression

2022-03-31 23:42:43 - [MESSAGE][PASSED] - Text 'Void' is present on page  using regular expression

2022-03-31 23:42:43 - [TEST_STEP][PASSED] - closeBrowser(): Browser is closed

2022-03-31 23:42:44 - [MESSAGE][PASSED] - Browser is closed

2022-03-31 23:42:44 - [TEST_STEP][PASSED] - ExecuteTC = findTestData(dataFile).getValue("Execute", row): null

2022-03-31 23:42:44 - [TEST_STEP][PASSED] - out.println("Value of Execute is : " + ExecuteTC): null

2022-03-31 23:42:44 - [TEST_STEP][PASSED] - switch (executionProfile): null

2022-03-31 23:42:44 - [TEST_STEP][PASSED] - case "QAProfile":: null

2022-03-31 23:42:44 - [TEST_STEP][PASSED] - appName = findTestData(dataFile).getValue("AppNameQA", row): null

2022-03-31 23:42:44 - [TEST_STEP][PASSED] - appID = findTestData(dataFile).getValue("AppIDQA", row): null

2022-03-31 23:42:44 - [TEST_STEP][PASSED] - break: null

2022-03-31 23:42:44 - [TEST_STEP][PASSED] - hrefAppID = li_1 + appID + li_2: null

2022-03-31 23:42:44 - [TEST_STEP][PASSED] - hrefApp = li_1 + appID + "/": null

2022-03-31 23:42:44 - [TEST_STEP][PASSED] - println("hrefApp : " + hrefApp): null

2022-03-31 23:42:44 - [TEST_STEP][PASSED] - if (ExecuteTC.equalsIgnoreCase("Y")): null

2022-03-31 23:42:44 - [TEST_STEP][PASSED] - out.println("Begin Record Number: " + row): null

2022-03-31 23:42:44 - [TEST_STEP][PASSED] - today = new java.util.Date(): null

2022-03-31 23:42:44 - [TEST_STEP][PASSED] - println(today): null

2022-03-31 23:42:44 - [TEST_STEP][PASSED] - datText = today: null

2022-03-31 23:42:44 - [TEST_STEP][PASSED] - adminSuiteBootstrap.loginFunctionality.login_AdminSuite(): adminSuiteBootstrap.loginFunctionality.login_AdminSuite is PASSED

2022-03-31 23:42:44 - [MESSAGE][INFO] - Starting 'Chrome' driver

2022-03-31 23:42:44 - [MESSAGE][INFO] - User set preference: ['acceptInsecureCerts', 'true']

2022-03-31 23:42:44 - [MESSAGE][INFO] - Action delay is set to 0 milliseconds

2022-03-31 23:42:47 - [MESSAGE][PASSED] - Browser is opened with url: 'https://qa.velocitypayment.com/admin/imtiaz'

2022-03-31 23:42:47 - [MESSAGE][PASSED] - Current window maximized

2022-03-31 23:42:47 - [MESSAGE][PASSED] - Object 'Object Repository/Login_Page/Login_Username' is present

2022-03-31 23:42:48 - [MESSAGE][PASSED] - Text 'iahmed' is set on object 'Object Repository/Login_Page/Login_Username'

2022-03-31 23:42:48 - [MESSAGE][PASSED] - Text 'hello2222' is set on object 'Object Repository/Login_Page/Login_Password'

2022-03-31 23:42:51 - [MESSAGE][PASSED] - Object: 'Object Repository/Login_Page/Login_Submit' is clicked on

2022-03-31 23:42:51 - [MESSAGE][PASSED] - adminSuiteBootstrap.loginFunctionality.login_AdminSuite is PASSED

2022-03-31 23:42:51 - [TEST_STEP][PASSED] - click(findTestObject(path_Dashboard + appName)): Object: 'Object Repository/AdminSuiteBootstrap_Pages/Dashboard_Bootstrap/a_Access AutoDualCFtpQA' is clicked on

2022-03-31 23:42:52 - [MESSAGE][PASSED] - Object: 'Object Repository/AdminSuiteBootstrap_Pages/Dashboard_Bootstrap/a_Access AutoDualCFtpQA' is clicked on

2022-03-31 23:42:52 - [TEST_STEP][PASSED] - click(findTestObject(path_VT + "button_Authorization  Capture (Sale)")): Object: 'Object Repository/AdminSuiteBootstrap_Pages/VT_Bootstrap/IssueTransactions/button_Authorization  Capture (Sale)' is clicked on

2022-03-31 23:42:53 - [MESSAGE][PASSED] - Object: 'Object Repository/AdminSuiteBootstrap_Pages/VT_Bootstrap/IssueTransactions/button_Authorization  Capture (Sale)' is clicked on

2022-03-31 23:42:53 - [TEST_STEP][PASSED] - saleKeyboardEntryLink = modifyObjectProperty(findTestObject(path_VT + "a_KeyboardEntry_Sale"), "href", "equals", hrefAppID, true): Modify property of object successfully

2022-03-31 23:42:53 - [MESSAGE][PASSED] - Modify property of object successfully

2022-03-31 23:42:53 - [TEST_STEP][PASSED] - click(saleKeyboardEntryLink): Object: 'Object Repository/AdminSuiteBootstrap_Pages/VT_Bootstrap/IssueTransactions/a_KeyboardEntry_Sale' is clicked on

2022-03-31 23:42:54 - [MESSAGE][PASSED] - Object: 'Object Repository/AdminSuiteBootstrap_Pages/VT_Bootstrap/IssueTransactions/a_KeyboardEntry_Sale' is clicked on

2022-03-31 23:42:54 - [TEST_STEP][PASSED] - adminSuiteBootstrap.virtualTerminalSetData.saleKeyboard_DataDriven(row, dataFile): adminSuiteBootstrap.virtualTerminalSetData.saleKeyboard_DataDriven is PASSED

2022-03-31 23:42:57 - [MESSAGE][PASSED] - Text 'Tulsi Raman' is set on object 'Object Repository/AdminSuiteBootstrap_Pages/VT_Bootstrap/SaleKeyboard/input_cardName'

2022-03-31 23:42:58 - [MESSAGE][PASSED] - All options with value 'RETL' are selected in object 'Object Repository/AdminSuiteBootstrap_Pages/VT_Bootstrap/SaleKeyboard/select_transactionCategory'  using regular expression

2022-03-31 23:42:58 - [MESSAGE][PASSED] - Execute JavaScript 'arguments[0].value ='6011000993026909' ' successfully

2022-03-31 23:42:58 - [MESSAGE][PASSED] - Execute JavaScript 'arguments[0].value ='123' ' successfully

2022-03-31 23:43:00 - [MESSAGE][PASSED] - All options with value '12' are selected in object 'Object Repository/AdminSuiteBootstrap_Pages/VT_Bootstrap/SaleKeyboard/select_MM'  using regular expression

2022-03-31 23:43:01 - [MESSAGE][PASSED] - All options with value '2025' are selected in object 'Object Repository/AdminSuiteBootstrap_Pages/VT_Bootstrap/SaleKeyboard/select_YYYY'  using regular expression

2022-03-31 23:43:01 - [MESSAGE][PASSED] - Text '25987 Hill Top' is set on object 'Object Repository/AdminSuiteBootstrap_Pages/VT_Bootstrap/SaleKeyboard/input__address'

2022-03-31 23:43:02 - [MESSAGE][PASSED] - Text 'Suite 500' is set on object 'Object Repository/AdminSuiteBootstrap_Pages/VT_Bootstrap/SaleKeyboard/input__address2'

2022-03-31 23:43:03 - [MESSAGE][PASSED] - Text '22201' is set on object 'Object Repository/AdminSuiteBootstrap_Pages/VT_Bootstrap/SaleKeyboard/input__zip'

2022-03-31 23:43:04 - [MESSAGE][PASSED] - Text '' is set on object 'Object Repository/AdminSuiteBootstrap_Pages/VT_Bootstrap/SaleKeyboard/input_emailAddress'

2022-03-31 23:43:05 - [MESSAGE][PASSED] - Text '' is set on object 'Object Repository/AdminSuiteBootstrap_Pages/VT_Bootstrap/SaleKeyboard/input_smsNumber'

2022-03-31 23:43:06 - [MESSAGE][PASSED] - Text '10.50' is set on object 'Object Repository/AdminSuiteBootstrap_Pages/VT_Bootstrap/SaleKeyboard/input_amount'

2022-03-31 23:43:07 - [MESSAGE][PASSED] - Text 'Australia' is set on object 'Object Repository/AdminSuiteBootstrap_Pages/VT_Bootstrap/SaleKeyboard/input_userDefined1'

2022-03-31 23:43:07 - [MESSAGE][PASSED] - Text 'Denmark' is set on object 'Object Repository/AdminSuiteBootstrap_Pages/VT_Bootstrap/SaleKeyboard/input_userDefined2'

2022-03-31 23:43:08 - [MESSAGE][PASSED] - Text 'Sweden' is set on object 'Object Repository/AdminSuiteBootstrap_Pages/VT_Bootstrap/SaleKeyboard/input_userDefined3'

2022-03-31 23:43:09 - [MESSAGE][PASSED] - Text 'Austria' is set on object 'Object Repository/AdminSuiteBootstrap_Pages/VT_Bootstrap/SaleKeyboard/input_userDefined4'

2022-03-31 23:43:10 - [MESSAGE][PASSED] - All options with label 'Orange' are selected in object 'Object Repository/AdminSuiteBootstrap_Pages/VT_Bootstrap/SaleKeyboard/select_UDF5_DropDown'  using regular expression

2022-03-31 23:43:11 - [MESSAGE][PASSED] - All options with label 'Yellow' are selected in object 'Object Repository/AdminSuiteBootstrap_Pages/VT_Bootstrap/SaleKeyboard/select_UDF6_DropDown'  using regular expression

2022-03-31 23:43:12 - [MESSAGE][PASSED] - Text 'Norway' is set on object 'Object Repository/AdminSuiteBootstrap_Pages/VT_Bootstrap/SaleKeyboard/input_userDefined7'

2022-03-31 23:43:12 - [MESSAGE][PASSED] - Text 'Netherlands' is set on object 'Object Repository/AdminSuiteBootstrap_Pages/VT_Bootstrap/SaleKeyboard/input_userDefined8'

2022-03-31 23:43:13 - [MESSAGE][PASSED] - Text 'Switzerland' is set on object 'Object Repository/AdminSuiteBootstrap_Pages/VT_Bootstrap/SaleKeyboard/input_userDefined9'

2022-03-31 23:43:14 - [MESSAGE][PASSED] - Text 'France' is set on object 'Object Repository/AdminSuiteBootstrap_Pages/VT_Bootstrap/SaleKeyboard/input_userDefined10'

2022-03-31 23:43:16 - [MESSAGE][PASSED] - Object: 'Object Repository/AdminSuiteBootstrap_Pages/VT_Bootstrap/SaleKeyboard/button_Submit' is clicked on

2022-03-31 23:43:16 - [MESSAGE][PASSED] - adminSuiteBootstrap.virtualTerminalSetData.saleKeyboard_DataDriven is PASSED

2022-03-31 23:43:16 - [TEST_STEP][PASSED] - if (verifyTextPresent("Transaction Successful", true)): null

2022-03-31 23:43:16 - [MESSAGE][PASSED] - Text 'Transaction Successful' is present on page  using regular expression

2022-03-31 23:43:16 - [TEST_STEP][PASSED] - sdf = getText(findTestObject(path_Receipt + "td_AutoNoC031622113752957Ahm")): Text of object 'Object Repository/AdminSuiteBootstrap_Pages/VT_Bootstrap/Receipt/td_AutoNoC031622113752957Ahm' is: 'AutoDua033122234106349Ahm'

2022-03-31 23:43:17 - [MESSAGE][PASSED] - Text of object 'Object Repository/AdminSuiteBootstrap_Pages/VT_Bootstrap/Receipt/td_AutoNoC031622113752957Ahm' is: 'AutoDua033122234106349Ahm'

2022-03-31 23:43:17 - [TEST_STEP][PASSED] - out.println("sdf: " + sdf): null

2022-03-31 23:43:17 - [TEST_STEP][PASSED] - remID = sdf: null

2022-03-31 23:43:17 - [TEST_STEP][PASSED] - out.println("remID: " + remID): null

2022-03-31 23:43:17 - [TEST_STEP][PASSED] - click(findTestObject(path_Receipt + "button_Continue")): Object: 'Object Repository/AdminSuiteBootstrap_Pages/VT_Bootstrap/Receipt/button_Continue' is clicked on

2022-03-31 23:43:17 - [MESSAGE][PASSED] - Object: 'Object Repository/AdminSuiteBootstrap_Pages/VT_Bootstrap/Receipt/button_Continue' is clicked on

2022-03-31 23:43:17 - [TEST_STEP][PASSED] - click(findTestObject(path_VT + "a_Search Transactions")): Object: 'Object Repository/AdminSuiteBootstrap_Pages/VT_Bootstrap/IssueTransactions/a_Search Transactions' is clicked on

2022-03-31 23:43:19 - [MESSAGE][PASSED] - Object: 'Object Repository/AdminSuiteBootstrap_Pages/VT_Bootstrap/IssueTransactions/a_Search Transactions' is clicked on

2022-03-31 23:43:19 - [TEST_STEP][PASSED] - setText(findTestObject(path_CCSearch + "input_Search By_searchValue"), remID): Text 'AutoDua033122234106349Ahm' is set on object 'Object Repository/AdminSuiteBootstrap_Pages/VT_Bootstrap/CCCreditOrVoidSearch/input_Search By_searchValue'

2022-03-31 23:43:19 - [MESSAGE][PASSED] - Text 'AutoDua033122234106349Ahm' is set on object 'Object Repository/AdminSuiteBootstrap_Pages/VT_Bootstrap/CCCreditOrVoidSearch/input_Search By_searchValue'

2022-03-31 23:43:19 - [TEST_STEP][PASSED] - click(findTestObject(path_CCSearch + "button_Submit")): Object: 'Object Repository/AdminSuiteBootstrap_Pages/VT_Bootstrap/CCCreditOrVoidSearch/button_Submit' is clicked on

2022-03-31 23:43:20 - [MESSAGE][PASSED] - Object: 'Object Repository/AdminSuiteBootstrap_Pages/VT_Bootstrap/CCCreditOrVoidSearch/button_Submit' is clicked on

2022-03-31 23:43:20 - [TEST_STEP][PASSED] - fgr = getText(findTestObject(path_SearchResults + "div_Payment ID")): Text of object 'Object Repository/AdminSuiteBootstrap_Pages/VT_Bootstrap/SearchResults/div_Payment ID' is: 'Payment ID
Payment Type
Transaction Type
Remittance ID
Name
Total Amount
End Date
Status
12114194 Credit Card Authorization and Capture AutoDua033122234106349Ahm Tulsi Raman $10.50 03/31/2022 Success'

2022-03-31 23:43:21 - [MESSAGE][PASSED] - Text of object 'Object Repository/AdminSuiteBootstrap_Pages/VT_Bootstrap/SearchResults/div_Payment ID' is: 'Payment ID
Payment Type
Transaction Type
Remittance ID
Name
Total Amount
End Date
Status
12114194 Credit Card Authorization and Capture AutoDua033122234106349Ahm Tulsi Raman $10.50 03/31/2022 Success'

2022-03-31 23:43:21 - [TEST_STEP][PASSED] - payID = substring(89, 98).trim(): null

2022-03-31 23:43:21 - [TEST_STEP][PASSED] - out.println("payID: " + payID): null

2022-03-31 23:43:21 - [TEST_STEP][PASSED] - click(findTestObject(path_SearchResults + "button_PaymentID")): Object: 'Object Repository/AdminSuiteBootstrap_Pages/VT_Bootstrap/SearchResults/button_PaymentID' is clicked on

2022-03-31 23:43:22 - [MESSAGE][PASSED] - Object: 'Object Repository/AdminSuiteBootstrap_Pages/VT_Bootstrap/SearchResults/button_PaymentID' is clicked on

2022-03-31 23:43:22 - [TEST_STEP][PASSED] - verifyTextPresent("Tender Type", true): Text 'Tender Type' is present on page  using regular expression

2022-03-31 23:43:22 - [MESSAGE][PASSED] - Text 'Tender Type' is present on page  using regular expression

2022-03-31 23:43:22 - [TEST_STEP][PASSED] - verifyTextPresent("Credit Card", true): Text 'Credit Card' is present on page  using regular expression

2022-03-31 23:43:22 - [MESSAGE][PASSED] - Text 'Credit Card' is present on page  using regular expression

2022-03-31 23:43:22 - [TEST_STEP][PASSED] - verifyTextPresent("Transaction Type", true): Text 'Transaction Type' is present on page  using regular expression

2022-03-31 23:43:23 - [MESSAGE][PASSED] - Text 'Transaction Type' is present on page  using regular expression

2022-03-31 23:43:23 - [TEST_STEP][PASSED] - verifyTextPresent("Authorization and Capture", true): Text 'Authorization and Capture' is present on page  using regular expression

2022-03-31 23:43:23 - [MESSAGE][PASSED] - Text 'Authorization and Capture' is present on page  using regular expression

2022-03-31 23:43:23 - [TEST_STEP][PASSED] - verifyTextPresent("Transaction Posted by", true): Text 'Transaction Posted by' is present on page  using regular expression

2022-03-31 23:43:24 - [MESSAGE][PASSED] - Text 'Transaction Posted by' is present on page  using regular expression

2022-03-31 23:43:24 - [TEST_STEP][PASSED] - verifyTextPresent("iahmed", true): Text 'iahmed' is present on page  using regular expression

2022-03-31 23:43:24 - [MESSAGE][PASSED] - Text 'iahmed' is present on page  using regular expression

2022-03-31 23:43:24 - [TEST_STEP][PASSED] - click(findTestObject(path_TranxDetails + "a_Void this transaction")): Object: 'Object Repository/AdminSuiteBootstrap_Pages/VT_Bootstrap/TransactionDetails/a_Void this transaction' is clicked on

2022-03-31 23:43:25 - [MESSAGE][PASSED] - Object: 'Object Repository/AdminSuiteBootstrap_Pages/VT_Bootstrap/TransactionDetails/a_Void this transaction' is clicked on

2022-03-31 23:43:25 - [TEST_STEP][PASSED] - verifyTextPresent("The following transaction will be voided", true): Text 'The following transaction will be voided' is present on page  using regular expression

2022-03-31 23:43:25 - [MESSAGE][PASSED] - Text 'The following transaction will be voided' is present on page  using regular expression

2022-03-31 23:43:25 - [TEST_STEP][PASSED] - verifyTextPresent("Please press submit to continue", true): Text 'Please press submit to continue' is present on page  using regular expression

2022-03-31 23:43:26 - [MESSAGE][PASSED] - Text 'Please press submit to continue' is present on page  using regular expression

2022-03-31 23:43:26 - [TEST_STEP][PASSED] - click(findTestObject(path_TranxDetails + "button_Submit")): Object: 'Object Repository/AdminSuiteBootstrap_Pages/VT_Bootstrap/TransactionDetails/button_Submit' is clicked on

2022-03-31 23:43:27 - [MESSAGE][PASSED] - Object: 'Object Repository/AdminSuiteBootstrap_Pages/VT_Bootstrap/TransactionDetails/button_Submit' is clicked on

2022-03-31 23:43:27 - [TEST_STEP][PASSED] - verifyTextPresent("Transaction Successful", true): Text 'Transaction Successful' is present on page  using regular expression

2022-03-31 23:43:28 - [MESSAGE][PASSED] - Text 'Transaction Successful' is present on page  using regular expression

2022-03-31 23:43:28 - [TEST_STEP][PASSED] - verifyTextPresent("Transaction Type", true): Text 'Transaction Type' is present on page  using regular expression

2022-03-31 23:43:28 - [MESSAGE][PASSED] - Text 'Transaction Type' is present on page  using regular expression

2022-03-31 23:43:28 - [TEST_STEP][PASSED] - verifyTextPresent("Void", true): Text 'Void' is present on page  using regular expression

2022-03-31 23:43:29 - [MESSAGE][PASSED] - Text 'Void' is present on page  using regular expression

2022-03-31 23:43:29 - [TEST_STEP][PASSED] - closeBrowser(): Browser is closed

2022-03-31 23:43:29 - [MESSAGE][PASSED] - Browser is closed

2022-03-31 23:43:29 - [TEST_STEP][PASSED] - ExecuteTC = findTestData(dataFile).getValue("Execute", row): null

2022-03-31 23:43:30 - [TEST_STEP][PASSED] - out.println("Value of Execute is : " + ExecuteTC): null

2022-03-31 23:43:30 - [TEST_STEP][PASSED] - switch (executionProfile): null

2022-03-31 23:43:30 - [TEST_STEP][PASSED] - case "QAProfile":: null

2022-03-31 23:43:30 - [TEST_STEP][PASSED] - appName = findTestData(dataFile).getValue("AppNameQA", row): null

2022-03-31 23:43:30 - [TEST_STEP][PASSED] - appID = findTestData(dataFile).getValue("AppIDQA", row): null

2022-03-31 23:43:30 - [TEST_STEP][PASSED] - break: null

2022-03-31 23:43:30 - [TEST_STEP][PASSED] - hrefAppID = li_1 + appID + li_2: null

2022-03-31 23:43:30 - [TEST_STEP][PASSED] - hrefApp = li_1 + appID + "/": null

2022-03-31 23:43:30 - [TEST_STEP][PASSED] - println("hrefApp : " + hrefApp): null

2022-03-31 23:43:30 - [TEST_STEP][PASSED] - if (ExecuteTC.equalsIgnoreCase("Y")): null

2022-03-31 23:43:30 - [TEST_STEP][PASSED] - out.println("Begin Record Number: " + row): null

2022-03-31 23:43:30 - [TEST_STEP][PASSED] - today = new java.util.Date(): null

2022-03-31 23:43:30 - [TEST_STEP][PASSED] - println(today): null

2022-03-31 23:43:30 - [TEST_STEP][PASSED] - datText = today: null

2022-03-31 23:43:30 - [TEST_STEP][PASSED] - adminSuiteBootstrap.loginFunctionality.login_AdminSuite(): adminSuiteBootstrap.loginFunctionality.login_AdminSuite is PASSED

2022-03-31 23:43:30 - [MESSAGE][INFO] - Starting 'Chrome' driver

2022-03-31 23:43:30 - [MESSAGE][INFO] - User set preference: ['acceptInsecureCerts', 'true']

2022-03-31 23:43:30 - [MESSAGE][INFO] - Action delay is set to 0 milliseconds

2022-03-31 23:43:32 - [MESSAGE][PASSED] - Browser is opened with url: 'https://qa.velocitypayment.com/admin/imtiaz'

2022-03-31 23:43:32 - [MESSAGE][PASSED] - Current window maximized

2022-03-31 23:43:33 - [MESSAGE][PASSED] - Object 'Object Repository/Login_Page/Login_Username' is present

2022-03-31 23:43:33 - [MESSAGE][PASSED] - Text 'iahmed' is set on object 'Object Repository/Login_Page/Login_Username'

2022-03-31 23:43:34 - [MESSAGE][PASSED] - Text 'hello2222' is set on object 'Object Repository/Login_Page/Login_Password'

2022-03-31 23:43:37 - [MESSAGE][PASSED] - Object: 'Object Repository/Login_Page/Login_Submit' is clicked on

2022-03-31 23:43:37 - [MESSAGE][PASSED] - adminSuiteBootstrap.loginFunctionality.login_AdminSuite is PASSED

2022-03-31 23:43:37 - [TEST_STEP][PASSED] - click(findTestObject(path_Dashboard + appName)): Object: 'Object Repository/AdminSuiteBootstrap_Pages/Dashboard_Bootstrap/a_Access AutoDualCFtpQA' is clicked on

2022-03-31 23:43:38 - [MESSAGE][PASSED] - Object: 'Object Repository/AdminSuiteBootstrap_Pages/Dashboard_Bootstrap/a_Access AutoDualCFtpQA' is clicked on

2022-03-31 23:43:38 - [TEST_STEP][PASSED] - click(findTestObject(path_VT + "button_Authorization  Capture (Sale)")): Object: 'Object Repository/AdminSuiteBootstrap_Pages/VT_Bootstrap/IssueTransactions/button_Authorization  Capture (Sale)' is clicked on

2022-03-31 23:43:38 - [MESSAGE][PASSED] - Object: 'Object Repository/AdminSuiteBootstrap_Pages/VT_Bootstrap/IssueTransactions/button_Authorization  Capture (Sale)' is clicked on

2022-03-31 23:43:38 - [TEST_STEP][PASSED] - saleKeyboardEntryLink = modifyObjectProperty(findTestObject(path_VT + "a_KeyboardEntry_Sale"), "href", "equals", hrefAppID, true): Modify property of object successfully

2022-03-31 23:43:38 - [MESSAGE][PASSED] - Modify property of object successfully

2022-03-31 23:43:38 - [TEST_STEP][PASSED] - click(saleKeyboardEntryLink): Object: 'Object Repository/AdminSuiteBootstrap_Pages/VT_Bootstrap/IssueTransactions/a_KeyboardEntry_Sale' is clicked on

2022-03-31 23:43:39 - [MESSAGE][PASSED] - Object: 'Object Repository/AdminSuiteBootstrap_Pages/VT_Bootstrap/IssueTransactions/a_KeyboardEntry_Sale' is clicked on

2022-03-31 23:43:39 - [TEST_STEP][PASSED] - adminSuiteBootstrap.virtualTerminalSetData.saleKeyboard_DataDriven(row, dataFile): adminSuiteBootstrap.virtualTerminalSetData.saleKeyboard_DataDriven is PASSED

2022-03-31 23:43:42 - [MESSAGE][PASSED] - Text 'Janaki James' is set on object 'Object Repository/AdminSuiteBootstrap_Pages/VT_Bootstrap/SaleKeyboard/input_cardName'

2022-03-31 23:43:43 - [MESSAGE][PASSED] - All options with value 'MOTO' are selected in object 'Object Repository/AdminSuiteBootstrap_Pages/VT_Bootstrap/SaleKeyboard/select_transactionCategory'  using regular expression

2022-03-31 23:43:43 - [MESSAGE][PASSED] - Execute JavaScript 'arguments[0].value ='4012000098765439' ' successfully

2022-03-31 23:43:44 - [MESSAGE][PASSED] - Execute JavaScript 'arguments[0].value ='123' ' successfully

2022-03-31 23:43:45 - [MESSAGE][PASSED] - All options with value '12' are selected in object 'Object Repository/AdminSuiteBootstrap_Pages/VT_Bootstrap/SaleKeyboard/select_MM'  using regular expression

2022-03-31 23:43:46 - [MESSAGE][PASSED] - All options with value '2025' are selected in object 'Object Repository/AdminSuiteBootstrap_Pages/VT_Bootstrap/SaleKeyboard/select_YYYY'  using regular expression

2022-03-31 23:43:47 - [MESSAGE][PASSED] - Text '36 Cornor Road' is set on object 'Object Repository/AdminSuiteBootstrap_Pages/VT_Bootstrap/SaleKeyboard/input__address'

2022-03-31 23:43:48 - [MESSAGE][PASSED] - Text 'Suite 500' is set on object 'Object Repository/AdminSuiteBootstrap_Pages/VT_Bootstrap/SaleKeyboard/input__address2'

2022-03-31 23:43:48 - [MESSAGE][PASSED] - Text '22201' is set on object 'Object Repository/AdminSuiteBootstrap_Pages/VT_Bootstrap/SaleKeyboard/input__zip'

2022-03-31 23:43:49 - [MESSAGE][PASSED] - Text '' is set on object 'Object Repository/AdminSuiteBootstrap_Pages/VT_Bootstrap/SaleKeyboard/input_emailAddress'

2022-03-31 23:43:50 - [MESSAGE][PASSED] - Text '' is set on object 'Object Repository/AdminSuiteBootstrap_Pages/VT_Bootstrap/SaleKeyboard/input_smsNumber'

2022-03-31 23:43:51 - [MESSAGE][PASSED] - Text '10.50' is set on object 'Object Repository/AdminSuiteBootstrap_Pages/VT_Bootstrap/SaleKeyboard/input_amount'

2022-03-31 23:43:52 - [MESSAGE][PASSED] - Text 'Australia' is set on object 'Object Repository/AdminSuiteBootstrap_Pages/VT_Bootstrap/SaleKeyboard/input_userDefined1'

2022-03-31 23:43:53 - [MESSAGE][PASSED] - Text 'Denmark' is set on object 'Object Repository/AdminSuiteBootstrap_Pages/VT_Bootstrap/SaleKeyboard/input_userDefined2'

2022-03-31 23:43:54 - [MESSAGE][PASSED] - Text 'Sweden' is set on object 'Object Repository/AdminSuiteBootstrap_Pages/VT_Bootstrap/SaleKeyboard/input_userDefined3'

2022-03-31 23:43:54 - [MESSAGE][PASSED] - Text 'Austria' is set on object 'Object Repository/AdminSuiteBootstrap_Pages/VT_Bootstrap/SaleKeyboard/input_userDefined4'

2022-03-31 23:43:55 - [MESSAGE][PASSED] - All options with label 'Orange' are selected in object 'Object Repository/AdminSuiteBootstrap_Pages/VT_Bootstrap/SaleKeyboard/select_UDF5_DropDown'  using regular expression

2022-03-31 23:43:56 - [MESSAGE][PASSED] - All options with label 'Yellow' are selected in object 'Object Repository/AdminSuiteBootstrap_Pages/VT_Bootstrap/SaleKeyboard/select_UDF6_DropDown'  using regular expression

2022-03-31 23:43:57 - [MESSAGE][PASSED] - Text 'Norway' is set on object 'Object Repository/AdminSuiteBootstrap_Pages/VT_Bootstrap/SaleKeyboard/input_userDefined7'

2022-03-31 23:43:58 - [MESSAGE][PASSED] - Text 'Netherlands' is set on object 'Object Repository/AdminSuiteBootstrap_Pages/VT_Bootstrap/SaleKeyboard/input_userDefined8'

2022-03-31 23:43:58 - [MESSAGE][PASSED] - Text 'Switzerland' is set on object 'Object Repository/AdminSuiteBootstrap_Pages/VT_Bootstrap/SaleKeyboard/input_userDefined9'

2022-03-31 23:43:59 - [MESSAGE][PASSED] - Text 'France' is set on object 'Object Repository/AdminSuiteBootstrap_Pages/VT_Bootstrap/SaleKeyboard/input_userDefined10'

2022-03-31 23:44:01 - [MESSAGE][PASSED] - Object: 'Object Repository/AdminSuiteBootstrap_Pages/VT_Bootstrap/SaleKeyboard/button_Submit' is clicked on

2022-03-31 23:44:01 - [MESSAGE][PASSED] - adminSuiteBootstrap.virtualTerminalSetData.saleKeyboard_DataDriven is PASSED

2022-03-31 23:44:01 - [TEST_STEP][PASSED] - if (verifyTextPresent("Transaction Successful", true)): null

2022-03-31 23:44:02 - [MESSAGE][PASSED] - Text 'Transaction Successful' is present on page  using regular expression

2022-03-31 23:44:02 - [TEST_STEP][PASSED] - sdf = getText(findTestObject(path_Receipt + "td_AutoNoC031622113752957Ahm")): Text of object 'Object Repository/AdminSuiteBootstrap_Pages/VT_Bootstrap/Receipt/td_AutoNoC031622113752957Ahm' is: 'AutoDua033122234151828Ahm'

2022-03-31 23:44:02 - [MESSAGE][PASSED] - Text of object 'Object Repository/AdminSuiteBootstrap_Pages/VT_Bootstrap/Receipt/td_AutoNoC031622113752957Ahm' is: 'AutoDua033122234151828Ahm'

2022-03-31 23:44:02 - [TEST_STEP][PASSED] - out.println("sdf: " + sdf): null

2022-03-31 23:44:02 - [TEST_STEP][PASSED] - remID = sdf: null

2022-03-31 23:44:02 - [TEST_STEP][PASSED] - out.println("remID: " + remID): null

2022-03-31 23:44:02 - [TEST_STEP][PASSED] - click(findTestObject(path_Receipt + "button_Continue")): Object: 'Object Repository/AdminSuiteBootstrap_Pages/VT_Bootstrap/Receipt/button_Continue' is clicked on

2022-03-31 23:44:03 - [MESSAGE][PASSED] - Object: 'Object Repository/AdminSuiteBootstrap_Pages/VT_Bootstrap/Receipt/button_Continue' is clicked on

2022-03-31 23:44:03 - [TEST_STEP][PASSED] - click(findTestObject(path_VT + "a_Search Transactions")): Object: 'Object Repository/AdminSuiteBootstrap_Pages/VT_Bootstrap/IssueTransactions/a_Search Transactions' is clicked on

2022-03-31 23:44:04 - [MESSAGE][PASSED] - Object: 'Object Repository/AdminSuiteBootstrap_Pages/VT_Bootstrap/IssueTransactions/a_Search Transactions' is clicked on

2022-03-31 23:44:04 - [TEST_STEP][PASSED] - setText(findTestObject(path_CCSearch + "input_Search By_searchValue"), remID): Text 'AutoDua033122234151828Ahm' is set on object 'Object Repository/AdminSuiteBootstrap_Pages/VT_Bootstrap/CCCreditOrVoidSearch/input_Search By_searchValue'

2022-03-31 23:44:05 - [MESSAGE][PASSED] - Text 'AutoDua033122234151828Ahm' is set on object 'Object Repository/AdminSuiteBootstrap_Pages/VT_Bootstrap/CCCreditOrVoidSearch/input_Search By_searchValue'

2022-03-31 23:44:05 - [TEST_STEP][PASSED] - click(findTestObject(path_CCSearch + "button_Submit")): Object: 'Object Repository/AdminSuiteBootstrap_Pages/VT_Bootstrap/CCCreditOrVoidSearch/button_Submit' is clicked on

2022-03-31 23:44:05 - [MESSAGE][PASSED] - Object: 'Object Repository/AdminSuiteBootstrap_Pages/VT_Bootstrap/CCCreditOrVoidSearch/button_Submit' is clicked on

2022-03-31 23:44:05 - [TEST_STEP][PASSED] - fgr = getText(findTestObject(path_SearchResults + "div_Payment ID")): Text of object 'Object Repository/AdminSuiteBootstrap_Pages/VT_Bootstrap/SearchResults/div_Payment ID' is: 'Payment ID
Payment Type
Transaction Type
Remittance ID
Name
Total Amount
End Date
Status
12114197 Credit Card Authorization and Capture AutoDua033122234151828Ahm Janaki James $10.50 03/31/2022 Success'

2022-03-31 23:44:06 - [MESSAGE][PASSED] - Text of object 'Object Repository/AdminSuiteBootstrap_Pages/VT_Bootstrap/SearchResults/div_Payment ID' is: 'Payment ID
Payment Type
Transaction Type
Remittance ID
Name
Total Amount
End Date
Status
12114197 Credit Card Authorization and Capture AutoDua033122234151828Ahm Janaki James $10.50 03/31/2022 Success'

2022-03-31 23:44:06 - [TEST_STEP][PASSED] - payID = substring(89, 98).trim(): null

2022-03-31 23:44:06 - [TEST_STEP][PASSED] - out.println("payID: " + payID): null

2022-03-31 23:44:06 - [TEST_STEP][PASSED] - click(findTestObject(path_SearchResults + "button_PaymentID")): Object: 'Object Repository/AdminSuiteBootstrap_Pages/VT_Bootstrap/SearchResults/button_PaymentID' is clicked on

2022-03-31 23:44:07 - [MESSAGE][PASSED] - Object: 'Object Repository/AdminSuiteBootstrap_Pages/VT_Bootstrap/SearchResults/button_PaymentID' is clicked on

2022-03-31 23:44:07 - [TEST_STEP][PASSED] - verifyTextPresent("Tender Type", true): Text 'Tender Type' is present on page  using regular expression

2022-03-31 23:44:07 - [MESSAGE][PASSED] - Text 'Tender Type' is present on page  using regular expression

2022-03-31 23:44:07 - [TEST_STEP][PASSED] - verifyTextPresent("Credit Card", true): Text 'Credit Card' is present on page  using regular expression

2022-03-31 23:44:08 - [MESSAGE][PASSED] - Text 'Credit Card' is present on page  using regular expression

2022-03-31 23:44:08 - [TEST_STEP][PASSED] - verifyTextPresent("Transaction Type", true): Text 'Transaction Type' is present on page  using regular expression

2022-03-31 23:44:08 - [MESSAGE][PASSED] - Text 'Transaction Type' is present on page  using regular expression

2022-03-31 23:44:08 - [TEST_STEP][PASSED] - verifyTextPresent("Authorization and Capture", true): Text 'Authorization and Capture' is present on page  using regular expression

2022-03-31 23:44:08 - [MESSAGE][PASSED] - Text 'Authorization and Capture' is present on page  using regular expression

2022-03-31 23:44:08 - [TEST_STEP][PASSED] - verifyTextPresent("Transaction Posted by", true): Text 'Transaction Posted by' is present on page  using regular expression

2022-03-31 23:44:09 - [MESSAGE][PASSED] - Text 'Transaction Posted by' is present on page  using regular expression

2022-03-31 23:44:09 - [TEST_STEP][PASSED] - verifyTextPresent("iahmed", true): Text 'iahmed' is present on page  using regular expression

2022-03-31 23:44:09 - [MESSAGE][PASSED] - Text 'iahmed' is present on page  using regular expression

2022-03-31 23:44:09 - [TEST_STEP][PASSED] - click(findTestObject(path_TranxDetails + "a_Void this transaction")): Object: 'Object Repository/AdminSuiteBootstrap_Pages/VT_Bootstrap/TransactionDetails/a_Void this transaction' is clicked on

2022-03-31 23:44:10 - [MESSAGE][PASSED] - Object: 'Object Repository/AdminSuiteBootstrap_Pages/VT_Bootstrap/TransactionDetails/a_Void this transaction' is clicked on

2022-03-31 23:44:10 - [TEST_STEP][PASSED] - verifyTextPresent("The following transaction will be voided", true): Text 'The following transaction will be voided' is present on page  using regular expression

2022-03-31 23:44:11 - [MESSAGE][PASSED] - Text 'The following transaction will be voided' is present on page  using regular expression

2022-03-31 23:44:11 - [TEST_STEP][PASSED] - verifyTextPresent("Please press submit to continue", true): Text 'Please press submit to continue' is present on page  using regular expression

2022-03-31 23:44:11 - [MESSAGE][PASSED] - Text 'Please press submit to continue' is present on page  using regular expression

2022-03-31 23:44:11 - [TEST_STEP][PASSED] - click(findTestObject(path_TranxDetails + "button_Submit")): Object: 'Object Repository/AdminSuiteBootstrap_Pages/VT_Bootstrap/TransactionDetails/button_Submit' is clicked on

2022-03-31 23:44:13 - [MESSAGE][PASSED] - Object: 'Object Repository/AdminSuiteBootstrap_Pages/VT_Bootstrap/TransactionDetails/button_Submit' is clicked on

2022-03-31 23:44:13 - [TEST_STEP][PASSED] - verifyTextPresent("Transaction Successful", true): Text 'Transaction Successful' is present on page  using regular expression

2022-03-31 23:44:13 - [MESSAGE][PASSED] - Text 'Transaction Successful' is present on page  using regular expression

2022-03-31 23:44:13 - [TEST_STEP][PASSED] - verifyTextPresent("Transaction Type", true): Text 'Transaction Type' is present on page  using regular expression

2022-03-31 23:44:14 - [MESSAGE][PASSED] - Text 'Transaction Type' is present on page  using regular expression

2022-03-31 23:44:14 - [TEST_STEP][PASSED] - verifyTextPresent("Void", true): Text 'Void' is present on page  using regular expression

2022-03-31 23:44:14 - [MESSAGE][PASSED] - Text 'Void' is present on page  using regular expression

2022-03-31 23:44:14 - [TEST_STEP][PASSED] - closeBrowser(): Browser is closed

2022-03-31 23:44:15 - [MESSAGE][PASSED] - Browser is closed

2022-03-31 23:44:15 - [TEST_STEP][PASSED] - ExecuteTC = findTestData(dataFile).getValue("Execute", row): null

2022-03-31 23:44:15 - [TEST_STEP][PASSED] - out.println("Value of Execute is : " + ExecuteTC): null

2022-03-31 23:44:15 - [TEST_STEP][PASSED] - switch (executionProfile): null

2022-03-31 23:44:15 - [TEST_STEP][PASSED] - case "QAProfile":: null

2022-03-31 23:44:15 - [TEST_STEP][PASSED] - appName = findTestData(dataFile).getValue("AppNameQA", row): null

2022-03-31 23:44:15 - [TEST_STEP][PASSED] - appID = findTestData(dataFile).getValue("AppIDQA", row): null

2022-03-31 23:44:15 - [TEST_STEP][PASSED] - break: null

2022-03-31 23:44:15 - [TEST_STEP][PASSED] - hrefAppID = li_1 + appID + li_2: null

2022-03-31 23:44:15 - [TEST_STEP][PASSED] - hrefApp = li_1 + appID + "/": null

2022-03-31 23:44:15 - [TEST_STEP][PASSED] - println("hrefApp : " + hrefApp): null

2022-03-31 23:44:15 - [TEST_STEP][PASSED] - if (ExecuteTC.equalsIgnoreCase("Y")): null

2022-03-31 23:44:15 - [TEST_STEP][PASSED] - out.println("Begin Record Number: " + row): null

2022-03-31 23:44:15 - [TEST_STEP][PASSED] - today = new java.util.Date(): null

2022-03-31 23:44:15 - [TEST_STEP][PASSED] - println(today): null

2022-03-31 23:44:15 - [TEST_STEP][PASSED] - datText = today: null

2022-03-31 23:44:15 - [TEST_STEP][PASSED] - adminSuiteBootstrap.loginFunctionality.login_AdminSuite(): adminSuiteBootstrap.loginFunctionality.login_AdminSuite is PASSED

2022-03-31 23:44:15 - [MESSAGE][INFO] - Starting 'Chrome' driver

2022-03-31 23:44:15 - [MESSAGE][INFO] - User set preference: ['acceptInsecureCerts', 'true']

2022-03-31 23:44:15 - [MESSAGE][INFO] - Action delay is set to 0 milliseconds

2022-03-31 23:44:17 - [MESSAGE][PASSED] - Browser is opened with url: 'https://qa.velocitypayment.com/admin/imtiaz'

2022-03-31 23:44:17 - [MESSAGE][PASSED] - Current window maximized

2022-03-31 23:44:18 - [MESSAGE][PASSED] - Object 'Object Repository/Login_Page/Login_Username' is present

2022-03-31 23:44:18 - [MESSAGE][PASSED] - Text 'iahmed' is set on object 'Object Repository/Login_Page/Login_Username'

2022-03-31 23:44:19 - [MESSAGE][PASSED] - Text 'hello2222' is set on object 'Object Repository/Login_Page/Login_Password'

2022-03-31 23:44:23 - [MESSAGE][PASSED] - Object: 'Object Repository/Login_Page/Login_Submit' is clicked on

2022-03-31 23:44:23 - [MESSAGE][PASSED] - adminSuiteBootstrap.loginFunctionality.login_AdminSuite is PASSED

2022-03-31 23:44:23 - [TEST_STEP][PASSED] - click(findTestObject(path_Dashboard + appName)): Object: 'Object Repository/AdminSuiteBootstrap_Pages/Dashboard_Bootstrap/a_Access AutoDualCFtpQA' is clicked on

2022-03-31 23:44:24 - [MESSAGE][PASSED] - Object: 'Object Repository/AdminSuiteBootstrap_Pages/Dashboard_Bootstrap/a_Access AutoDualCFtpQA' is clicked on

2022-03-31 23:44:24 - [TEST_STEP][PASSED] - click(findTestObject(path_VT + "button_Authorization  Capture (Sale)")): Object: 'Object Repository/AdminSuiteBootstrap_Pages/VT_Bootstrap/IssueTransactions/button_Authorization  Capture (Sale)' is clicked on

2022-03-31 23:44:24 - [MESSAGE][PASSED] - Object: 'Object Repository/AdminSuiteBootstrap_Pages/VT_Bootstrap/IssueTransactions/button_Authorization  Capture (Sale)' is clicked on

2022-03-31 23:44:24 - [TEST_STEP][PASSED] - saleKeyboardEntryLink = modifyObjectProperty(findTestObject(path_VT + "a_KeyboardEntry_Sale"), "href", "equals", hrefAppID, true): Modify property of object successfully

2022-03-31 23:44:25 - [MESSAGE][PASSED] - Modify property of object successfully

2022-03-31 23:44:25 - [TEST_STEP][PASSED] - click(saleKeyboardEntryLink): Object: 'Object Repository/AdminSuiteBootstrap_Pages/VT_Bootstrap/IssueTransactions/a_KeyboardEntry_Sale' is clicked on

2022-03-31 23:44:25 - [MESSAGE][PASSED] - Object: 'Object Repository/AdminSuiteBootstrap_Pages/VT_Bootstrap/IssueTransactions/a_KeyboardEntry_Sale' is clicked on

2022-03-31 23:44:25 - [TEST_STEP][PASSED] - adminSuiteBootstrap.virtualTerminalSetData.saleKeyboard_DataDriven(row, dataFile): adminSuiteBootstrap.virtualTerminalSetData.saleKeyboard_DataDriven is PASSED

2022-03-31 23:44:28 - [MESSAGE][PASSED] - Text 'Janaki James' is set on object 'Object Repository/AdminSuiteBootstrap_Pages/VT_Bootstrap/SaleKeyboard/input_cardName'

2022-03-31 23:44:29 - [MESSAGE][PASSED] - All options with value 'MOTO' are selected in object 'Object Repository/AdminSuiteBootstrap_Pages/VT_Bootstrap/SaleKeyboard/select_transactionCategory'  using regular expression

2022-03-31 23:44:30 - [MESSAGE][PASSED] - Execute JavaScript 'arguments[0].value ='5146312200000035' ' successfully

2022-03-31 23:44:30 - [MESSAGE][PASSED] - Execute JavaScript 'arguments[0].value ='123' ' successfully

2022-03-31 23:44:31 - [MESSAGE][PASSED] - All options with value '12' are selected in object 'Object Repository/AdminSuiteBootstrap_Pages/VT_Bootstrap/SaleKeyboard/select_MM'  using regular expression

2022-03-31 23:44:32 - [MESSAGE][PASSED] - All options with value '2025' are selected in object 'Object Repository/AdminSuiteBootstrap_Pages/VT_Bootstrap/SaleKeyboard/select_YYYY'  using regular expression

2022-03-31 23:44:33 - [MESSAGE][PASSED] - Text '1478 Jhatka Palace' is set on object 'Object Repository/AdminSuiteBootstrap_Pages/VT_Bootstrap/SaleKeyboard/input__address'

2022-03-31 23:44:34 - [MESSAGE][PASSED] - Text 'Suite 500' is set on object 'Object Repository/AdminSuiteBootstrap_Pages/VT_Bootstrap/SaleKeyboard/input__address2'

2022-03-31 23:44:34 - [MESSAGE][PASSED] - Text '22201' is set on object 'Object Repository/AdminSuiteBootstrap_Pages/VT_Bootstrap/SaleKeyboard/input__zip'

2022-03-31 23:44:35 - [MESSAGE][PASSED] - Text '' is set on object 'Object Repository/AdminSuiteBootstrap_Pages/VT_Bootstrap/SaleKeyboard/input_emailAddress'

2022-03-31 23:44:36 - [MESSAGE][PASSED] - Text '' is set on object 'Object Repository/AdminSuiteBootstrap_Pages/VT_Bootstrap/SaleKeyboard/input_smsNumber'

2022-03-31 23:44:37 - [MESSAGE][PASSED] - Text '10.50' is set on object 'Object Repository/AdminSuiteBootstrap_Pages/VT_Bootstrap/SaleKeyboard/input_amount'

2022-03-31 23:44:38 - [MESSAGE][PASSED] - Text 'Australia' is set on object 'Object Repository/AdminSuiteBootstrap_Pages/VT_Bootstrap/SaleKeyboard/input_userDefined1'

2022-03-31 23:44:39 - [MESSAGE][PASSED] - Text 'Denmark' is set on object 'Object Repository/AdminSuiteBootstrap_Pages/VT_Bootstrap/SaleKeyboard/input_userDefined2'

2022-03-31 23:44:40 - [MESSAGE][PASSED] - Text 'Sweden' is set on object 'Object Repository/AdminSuiteBootstrap_Pages/VT_Bootstrap/SaleKeyboard/input_userDefined3'

2022-03-31 23:44:40 - [MESSAGE][PASSED] - Text 'Austria' is set on object 'Object Repository/AdminSuiteBootstrap_Pages/VT_Bootstrap/SaleKeyboard/input_userDefined4'

2022-03-31 23:44:41 - [MESSAGE][PASSED] - All options with label 'Orange' are selected in object 'Object Repository/AdminSuiteBootstrap_Pages/VT_Bootstrap/SaleKeyboard/select_UDF5_DropDown'  using regular expression

2022-03-31 23:44:42 - [MESSAGE][PASSED] - All options with label 'Yellow' are selected in object 'Object Repository/AdminSuiteBootstrap_Pages/VT_Bootstrap/SaleKeyboard/select_UDF6_DropDown'  using regular expression

2022-03-31 23:44:43 - [MESSAGE][PASSED] - Text 'Norway' is set on object 'Object Repository/AdminSuiteBootstrap_Pages/VT_Bootstrap/SaleKeyboard/input_userDefined7'

2022-03-31 23:44:44 - [MESSAGE][PASSED] - Text 'Netherlands' is set on object 'Object Repository/AdminSuiteBootstrap_Pages/VT_Bootstrap/SaleKeyboard/input_userDefined8'

2022-03-31 23:44:44 - [MESSAGE][PASSED] - Text 'Switzerland' is set on object 'Object Repository/AdminSuiteBootstrap_Pages/VT_Bootstrap/SaleKeyboard/input_userDefined9'

2022-03-31 23:44:45 - [MESSAGE][PASSED] - Text 'France' is set on object 'Object Repository/AdminSuiteBootstrap_Pages/VT_Bootstrap/SaleKeyboard/input_userDefined10'

2022-03-31 23:44:49 - [MESSAGE][PASSED] - Object: 'Object Repository/AdminSuiteBootstrap_Pages/VT_Bootstrap/SaleKeyboard/button_Submit' is clicked on

2022-03-31 23:44:49 - [MESSAGE][PASSED] - adminSuiteBootstrap.virtualTerminalSetData.saleKeyboard_DataDriven is PASSED

2022-03-31 23:44:49 - [TEST_STEP][PASSED] - if (verifyTextPresent("Transaction Successful", true)): null

2022-03-31 23:44:49 - [MESSAGE][PASSED] - Text 'Transaction Successful' is present on page  using regular expression

2022-03-31 23:44:49 - [TEST_STEP][PASSED] - sdf = getText(findTestObject(path_Receipt + "td_AutoNoC031622113752957Ahm")): Text of object 'Object Repository/AdminSuiteBootstrap_Pages/VT_Bootstrap/Receipt/td_AutoNoC031622113752957Ahm' is: 'AutoDua033122234238132Ahm'

2022-03-31 23:44:50 - [MESSAGE][PASSED] - Text of object 'Object Repository/AdminSuiteBootstrap_Pages/VT_Bootstrap/Receipt/td_AutoNoC031622113752957Ahm' is: 'AutoDua033122234238132Ahm'

2022-03-31 23:44:50 - [TEST_STEP][PASSED] - out.println("sdf: " + sdf): null

2022-03-31 23:44:50 - [TEST_STEP][PASSED] - remID = sdf: null

2022-03-31 23:44:50 - [TEST_STEP][PASSED] - out.println("remID: " + remID): null

2022-03-31 23:44:50 - [TEST_STEP][PASSED] - click(findTestObject(path_Receipt + "button_Continue")): Object: 'Object Repository/AdminSuiteBootstrap_Pages/VT_Bootstrap/Receipt/button_Continue' is clicked on

2022-03-31 23:44:51 - [MESSAGE][PASSED] - Object: 'Object Repository/AdminSuiteBootstrap_Pages/VT_Bootstrap/Receipt/button_Continue' is clicked on

2022-03-31 23:44:51 - [TEST_STEP][PASSED] - click(findTestObject(path_VT + "a_Search Transactions")): Object: 'Object Repository/AdminSuiteBootstrap_Pages/VT_Bootstrap/IssueTransactions/a_Search Transactions' is clicked on

2022-03-31 23:44:52 - [MESSAGE][PASSED] - Object: 'Object Repository/AdminSuiteBootstrap_Pages/VT_Bootstrap/IssueTransactions/a_Search Transactions' is clicked on

2022-03-31 23:44:52 - [TEST_STEP][PASSED] - setText(findTestObject(path_CCSearch + "input_Search By_searchValue"), remID): Text 'AutoDua033122234238132Ahm' is set on object 'Object Repository/AdminSuiteBootstrap_Pages/VT_Bootstrap/CCCreditOrVoidSearch/input_Search By_searchValue'

2022-03-31 23:44:53 - [MESSAGE][PASSED] - Text 'AutoDua033122234238132Ahm' is set on object 'Object Repository/AdminSuiteBootstrap_Pages/VT_Bootstrap/CCCreditOrVoidSearch/input_Search By_searchValue'

2022-03-31 23:44:53 - [TEST_STEP][PASSED] - click(findTestObject(path_CCSearch + "button_Submit")): Object: 'Object Repository/AdminSuiteBootstrap_Pages/VT_Bootstrap/CCCreditOrVoidSearch/button_Submit' is clicked on

2022-03-31 23:44:54 - [MESSAGE][PASSED] - Object: 'Object Repository/AdminSuiteBootstrap_Pages/VT_Bootstrap/CCCreditOrVoidSearch/button_Submit' is clicked on

2022-03-31 23:44:54 - [TEST_STEP][PASSED] - fgr = getText(findTestObject(path_SearchResults + "div_Payment ID")): Text of object 'Object Repository/AdminSuiteBootstrap_Pages/VT_Bootstrap/SearchResults/div_Payment ID' is: 'Payment ID
Payment Type
Transaction Type
Remittance ID
Name
Total Amount
End Date
Status
12114200 Credit Card Authorization and Capture AutoDua033122234238132Ahm Janaki James $10.50 03/31/2022 Success'

2022-03-31 23:44:54 - [MESSAGE][PASSED] - Text of object 'Object Repository/AdminSuiteBootstrap_Pages/VT_Bootstrap/SearchResults/div_Payment ID' is: 'Payment ID
Payment Type
Transaction Type
Remittance ID
Name
Total Amount
End Date
Status
12114200 Credit Card Authorization and Capture AutoDua033122234238132Ahm Janaki James $10.50 03/31/2022 Success'

2022-03-31 23:44:54 - [TEST_STEP][PASSED] - payID = substring(89, 98).trim(): null

2022-03-31 23:44:54 - [TEST_STEP][PASSED] - out.println("payID: " + payID): null

2022-03-31 23:44:54 - [TEST_STEP][PASSED] - click(findTestObject(path_SearchResults + "button_PaymentID")): Object: 'Object Repository/AdminSuiteBootstrap_Pages/VT_Bootstrap/SearchResults/button_PaymentID' is clicked on

2022-03-31 23:44:55 - [MESSAGE][PASSED] - Object: 'Object Repository/AdminSuiteBootstrap_Pages/VT_Bootstrap/SearchResults/button_PaymentID' is clicked on

2022-03-31 23:44:55 - [TEST_STEP][PASSED] - verifyTextPresent("Tender Type", true): Text 'Tender Type' is present on page  using regular expression

2022-03-31 23:44:56 - [MESSAGE][PASSED] - Text 'Tender Type' is present on page  using regular expression

2022-03-31 23:44:56 - [TEST_STEP][PASSED] - verifyTextPresent("Credit Card", true): Text 'Credit Card' is present on page  using regular expression

2022-03-31 23:44:56 - [MESSAGE][PASSED] - Text 'Credit Card' is present on page  using regular expression

2022-03-31 23:44:56 - [TEST_STEP][PASSED] - verifyTextPresent("Transaction Type", true): Text 'Transaction Type' is present on page  using regular expression

2022-03-31 23:44:56 - [MESSAGE][PASSED] - Text 'Transaction Type' is present on page  using regular expression

2022-03-31 23:44:56 - [TEST_STEP][PASSED] - verifyTextPresent("Authorization and Capture", true): Text 'Authorization and Capture' is present on page  using regular expression

2022-03-31 23:44:57 - [MESSAGE][PASSED] - Text 'Authorization and Capture' is present on page  using regular expression

2022-03-31 23:44:57 - [TEST_STEP][PASSED] - verifyTextPresent("Transaction Posted by", true): Text 'Transaction Posted by' is present on page  using regular expression

2022-03-31 23:44:57 - [MESSAGE][PASSED] - Text 'Transaction Posted by' is present on page  using regular expression

2022-03-31 23:44:57 - [TEST_STEP][PASSED] - verifyTextPresent("iahmed", true): Text 'iahmed' is present on page  using regular expression

2022-03-31 23:44:57 - [MESSAGE][PASSED] - Text 'iahmed' is present on page  using regular expression

2022-03-31 23:44:57 - [TEST_STEP][PASSED] - click(findTestObject(path_TranxDetails + "a_Void this transaction")): Object: 'Object Repository/AdminSuiteBootstrap_Pages/VT_Bootstrap/TransactionDetails/a_Void this transaction' is clicked on

2022-03-31 23:44:59 - [MESSAGE][PASSED] - Object: 'Object Repository/AdminSuiteBootstrap_Pages/VT_Bootstrap/TransactionDetails/a_Void this transaction' is clicked on

2022-03-31 23:44:59 - [TEST_STEP][PASSED] - verifyTextPresent("The following transaction will be voided", true): Text 'The following transaction will be voided' is present on page  using regular expression

2022-03-31 23:45:00 - [MESSAGE][PASSED] - Text 'The following transaction will be voided' is present on page  using regular expression

2022-03-31 23:45:00 - [TEST_STEP][PASSED] - verifyTextPresent("Please press submit to continue", true): Text 'Please press submit to continue' is present on page  using regular expression

2022-03-31 23:45:00 - [MESSAGE][PASSED] - Text 'Please press submit to continue' is present on page  using regular expression

2022-03-31 23:45:00 - [TEST_STEP][PASSED] - click(findTestObject(path_TranxDetails + "button_Submit")): Object: 'Object Repository/AdminSuiteBootstrap_Pages/VT_Bootstrap/TransactionDetails/button_Submit' is clicked on

2022-03-31 23:45:03 - [MESSAGE][PASSED] - Object: 'Object Repository/AdminSuiteBootstrap_Pages/VT_Bootstrap/TransactionDetails/button_Submit' is clicked on

2022-03-31 23:45:03 - [TEST_STEP][PASSED] - verifyTextPresent("Transaction Successful", true): Text 'Transaction Successful' is present on page  using regular expression

2022-03-31 23:45:04 - [MESSAGE][PASSED] - Text 'Transaction Successful' is present on page  using regular expression

2022-03-31 23:45:04 - [TEST_STEP][PASSED] - verifyTextPresent("Transaction Type", true): Text 'Transaction Type' is present on page  using regular expression

2022-03-31 23:45:04 - [MESSAGE][PASSED] - Text 'Transaction Type' is present on page  using regular expression

2022-03-31 23:45:04 - [TEST_STEP][PASSED] - verifyTextPresent("Void", true): Text 'Void' is present on page  using regular expression

2022-03-31 23:45:04 - [MESSAGE][PASSED] - Text 'Void' is present on page  using regular expression

2022-03-31 23:45:04 - [TEST_STEP][PASSED] - closeBrowser(): Browser is closed

2022-03-31 23:45:05 - [MESSAGE][PASSED] - Browser is closed

2022-03-31 23:45:05 - [TEST_STEP][PASSED] - ExecuteTC = findTestData(dataFile).getValue("Execute", row): null

2022-03-31 23:45:05 - [TEST_STEP][PASSED] - out.println("Value of Execute is : " + ExecuteTC): null

2022-03-31 23:45:05 - [TEST_STEP][PASSED] - switch (executionProfile): null

2022-03-31 23:45:05 - [TEST_STEP][PASSED] - case "QAProfile":: null

2022-03-31 23:45:05 - [TEST_STEP][PASSED] - appName = findTestData(dataFile).getValue("AppNameQA", row): null

2022-03-31 23:45:05 - [TEST_STEP][PASSED] - appID = findTestData(dataFile).getValue("AppIDQA", row): null

2022-03-31 23:45:06 - [TEST_STEP][PASSED] - break: null

2022-03-31 23:45:06 - [TEST_STEP][PASSED] - hrefAppID = li_1 + appID + li_2: null

2022-03-31 23:45:06 - [TEST_STEP][PASSED] - hrefApp = li_1 + appID + "/": null

2022-03-31 23:45:06 - [TEST_STEP][PASSED] - println("hrefApp : " + hrefApp): null

2022-03-31 23:45:06 - [TEST_STEP][PASSED] - if (ExecuteTC.equalsIgnoreCase("Y")): null

2022-03-31 23:45:06 - [TEST_STEP][PASSED] - out.println("Begin Record Number: " + row): null

2022-03-31 23:45:06 - [TEST_STEP][PASSED] - today = new java.util.Date(): null

2022-03-31 23:45:06 - [TEST_STEP][PASSED] - println(today): null

2022-03-31 23:45:06 - [TEST_STEP][PASSED] - datText = today: null

2022-03-31 23:45:06 - [TEST_STEP][PASSED] - adminSuiteBootstrap.loginFunctionality.login_AdminSuite(): adminSuiteBootstrap.loginFunctionality.login_AdminSuite is PASSED

2022-03-31 23:45:06 - [MESSAGE][INFO] - Starting 'Chrome' driver

2022-03-31 23:45:06 - [MESSAGE][INFO] - User set preference: ['acceptInsecureCerts', 'true']

2022-03-31 23:45:06 - [MESSAGE][INFO] - Action delay is set to 0 milliseconds

2022-03-31 23:45:09 - [MESSAGE][PASSED] - Browser is opened with url: 'https://qa.velocitypayment.com/admin/imtiaz'

2022-03-31 23:45:09 - [MESSAGE][PASSED] - Current window maximized

2022-03-31 23:45:09 - [MESSAGE][PASSED] - Object 'Object Repository/Login_Page/Login_Username' is present

2022-03-31 23:45:10 - [MESSAGE][PASSED] - Text 'iahmed' is set on object 'Object Repository/Login_Page/Login_Username'

2022-03-31 23:45:11 - [MESSAGE][PASSED] - Text 'hello2222' is set on object 'Object Repository/Login_Page/Login_Password'

2022-03-31 23:45:13 - [MESSAGE][PASSED] - Object: 'Object Repository/Login_Page/Login_Submit' is clicked on

2022-03-31 23:45:13 - [MESSAGE][PASSED] - adminSuiteBootstrap.loginFunctionality.login_AdminSuite is PASSED

2022-03-31 23:45:13 - [TEST_STEP][PASSED] - click(findTestObject(path_Dashboard + appName)): Object: 'Object Repository/AdminSuiteBootstrap_Pages/Dashboard_Bootstrap/a_Access AutoDualCFtpQA' is clicked on

2022-03-31 23:45:14 - [MESSAGE][PASSED] - Object: 'Object Repository/AdminSuiteBootstrap_Pages/Dashboard_Bootstrap/a_Access AutoDualCFtpQA' is clicked on

2022-03-31 23:45:14 - [TEST_STEP][PASSED] - click(findTestObject(path_VT + "button_Authorization  Capture (Sale)")): Object: 'Object Repository/AdminSuiteBootstrap_Pages/VT_Bootstrap/IssueTransactions/button_Authorization  Capture (Sale)' is clicked on

2022-03-31 23:45:15 - [MESSAGE][PASSED] - Object: 'Object Repository/AdminSuiteBootstrap_Pages/VT_Bootstrap/IssueTransactions/button_Authorization  Capture (Sale)' is clicked on

2022-03-31 23:45:15 - [TEST_STEP][PASSED] - saleKeyboardEntryLink = modifyObjectProperty(findTestObject(path_VT + "a_KeyboardEntry_Sale"), "href", "equals", hrefAppID, true): Modify property of object successfully

2022-03-31 23:45:15 - [MESSAGE][PASSED] - Modify property of object successfully

2022-03-31 23:45:15 - [TEST_STEP][PASSED] - click(saleKeyboardEntryLink): Object: 'Object Repository/AdminSuiteBootstrap_Pages/VT_Bootstrap/IssueTransactions/a_KeyboardEntry_Sale' is clicked on

2022-03-31 23:45:16 - [MESSAGE][PASSED] - Object: 'Object Repository/AdminSuiteBootstrap_Pages/VT_Bootstrap/IssueTransactions/a_KeyboardEntry_Sale' is clicked on

2022-03-31 23:45:16 - [TEST_STEP][PASSED] - adminSuiteBootstrap.virtualTerminalSetData.saleKeyboard_DataDriven(row, dataFile): adminSuiteBootstrap.virtualTerminalSetData.saleKeyboard_DataDriven is PASSED

2022-03-31 23:45:19 - [MESSAGE][PASSED] - Text 'Janaki James' is set on object 'Object Repository/AdminSuiteBootstrap_Pages/VT_Bootstrap/SaleKeyboard/input_cardName'

2022-03-31 23:45:20 - [MESSAGE][PASSED] - All options with value 'MOTO' are selected in object 'Object Repository/AdminSuiteBootstrap_Pages/VT_Bootstrap/SaleKeyboard/select_transactionCategory'  using regular expression

2022-03-31 23:45:20 - [MESSAGE][PASSED] - Execute JavaScript 'arguments[0].value ='371449635392376' ' successfully

2022-03-31 23:45:20 - [MESSAGE][PASSED] - Execute JavaScript 'arguments[0].value ='123' ' successfully

2022-03-31 23:45:22 - [MESSAGE][PASSED] - All options with value '12' are selected in object 'Object Repository/AdminSuiteBootstrap_Pages/VT_Bootstrap/SaleKeyboard/select_MM'  using regular expression

2022-03-31 23:45:23 - [MESSAGE][PASSED] - All options with value '2025' are selected in object 'Object Repository/AdminSuiteBootstrap_Pages/VT_Bootstrap/SaleKeyboard/select_YYYY'  using regular expression

2022-03-31 23:45:23 - [MESSAGE][PASSED] - Text '550 Swan Lake' is set on object 'Object Repository/AdminSuiteBootstrap_Pages/VT_Bootstrap/SaleKeyboard/input__address'

2022-03-31 23:45:24 - [MESSAGE][PASSED] - Text 'Suite 500' is set on object 'Object Repository/AdminSuiteBootstrap_Pages/VT_Bootstrap/SaleKeyboard/input__address2'

2022-03-31 23:45:25 - [MESSAGE][PASSED] - Text '22201' is set on object 'Object Repository/AdminSuiteBootstrap_Pages/VT_Bootstrap/SaleKeyboard/input__zip'

2022-03-31 23:45:26 - [MESSAGE][PASSED] - Text '' is set on object 'Object Repository/AdminSuiteBootstrap_Pages/VT_Bootstrap/SaleKeyboard/input_emailAddress'

2022-03-31 23:45:27 - [MESSAGE][PASSED] - Text '' is set on object 'Object Repository/AdminSuiteBootstrap_Pages/VT_Bootstrap/SaleKeyboard/input_smsNumber'

2022-03-31 23:45:28 - [MESSAGE][PASSED] - Text '10.50' is set on object 'Object Repository/AdminSuiteBootstrap_Pages/VT_Bootstrap/SaleKeyboard/input_amount'

2022-03-31 23:45:29 - [MESSAGE][PASSED] - Text 'Australia' is set on object 'Object Repository/AdminSuiteBootstrap_Pages/VT_Bootstrap/SaleKeyboard/input_userDefined1'

2022-03-31 23:45:29 - [MESSAGE][PASSED] - Text 'Denmark' is set on object 'Object Repository/AdminSuiteBootstrap_Pages/VT_Bootstrap/SaleKeyboard/input_userDefined2'

2022-03-31 23:45:30 - [MESSAGE][PASSED] - Text 'Sweden' is set on object 'Object Repository/AdminSuiteBootstrap_Pages/VT_Bootstrap/SaleKeyboard/input_userDefined3'

2022-03-31 23:45:31 - [MESSAGE][PASSED] - Text 'Austria' is set on object 'Object Repository/AdminSuiteBootstrap_Pages/VT_Bootstrap/SaleKeyboard/input_userDefined4'

2022-03-31 23:45:32 - [MESSAGE][PASSED] - All options with label 'Orange' are selected in object 'Object Repository/AdminSuiteBootstrap_Pages/VT_Bootstrap/SaleKeyboard/select_UDF5_DropDown'  using regular expression

2022-03-31 23:45:33 - [MESSAGE][PASSED] - All options with label 'Yellow' are selected in object 'Object Repository/AdminSuiteBootstrap_Pages/VT_Bootstrap/SaleKeyboard/select_UDF6_DropDown'  using regular expression

2022-03-31 23:45:33 - [MESSAGE][PASSED] - Text 'Norway' is set on object 'Object Repository/AdminSuiteBootstrap_Pages/VT_Bootstrap/SaleKeyboard/input_userDefined7'

2022-03-31 23:45:34 - [MESSAGE][PASSED] - Text 'Netherlands' is set on object 'Object Repository/AdminSuiteBootstrap_Pages/VT_Bootstrap/SaleKeyboard/input_userDefined8'

2022-03-31 23:45:35 - [MESSAGE][PASSED] - Text 'Switzerland' is set on object 'Object Repository/AdminSuiteBootstrap_Pages/VT_Bootstrap/SaleKeyboard/input_userDefined9'

2022-03-31 23:45:36 - [MESSAGE][PASSED] - Text 'France' is set on object 'Object Repository/AdminSuiteBootstrap_Pages/VT_Bootstrap/SaleKeyboard/input_userDefined10'

2022-03-31 23:45:39 - [MESSAGE][PASSED] - Object: 'Object Repository/AdminSuiteBootstrap_Pages/VT_Bootstrap/SaleKeyboard/button_Submit' is clicked on

2022-03-31 23:45:39 - [MESSAGE][PASSED] - adminSuiteBootstrap.virtualTerminalSetData.saleKeyboard_DataDriven is PASSED

2022-03-31 23:45:39 - [TEST_STEP][PASSED] - if (verifyTextPresent("Transaction Successful", true)): null

2022-03-31 23:45:40 - [MESSAGE][PASSED] - Text 'Transaction Successful' is present on page  using regular expression

2022-03-31 23:45:40 - [TEST_STEP][PASSED] - sdf = getText(findTestObject(path_Receipt + "td_AutoNoC031622113752957Ahm")): Text of object 'Object Repository/AdminSuiteBootstrap_Pages/VT_Bootstrap/Receipt/td_AutoNoC031622113752957Ahm' is: 'AutoDua033122234328385Ahm'

2022-03-31 23:45:40 - [MESSAGE][PASSED] - Text of object 'Object Repository/AdminSuiteBootstrap_Pages/VT_Bootstrap/Receipt/td_AutoNoC031622113752957Ahm' is: 'AutoDua033122234328385Ahm'

2022-03-31 23:45:40 - [TEST_STEP][PASSED] - out.println("sdf: " + sdf): null

2022-03-31 23:45:40 - [TEST_STEP][PASSED] - remID = sdf: null

2022-03-31 23:45:40 - [TEST_STEP][PASSED] - out.println("remID: " + remID): null

2022-03-31 23:45:40 - [TEST_STEP][PASSED] - click(findTestObject(path_Receipt + "button_Continue")): Object: 'Object Repository/AdminSuiteBootstrap_Pages/VT_Bootstrap/Receipt/button_Continue' is clicked on

2022-03-31 23:45:41 - [MESSAGE][PASSED] - Object: 'Object Repository/AdminSuiteBootstrap_Pages/VT_Bootstrap/Receipt/button_Continue' is clicked on

2022-03-31 23:45:41 - [TEST_STEP][PASSED] - click(findTestObject(path_VT + "a_Search Transactions")): Object: 'Object Repository/AdminSuiteBootstrap_Pages/VT_Bootstrap/IssueTransactions/a_Search Transactions' is clicked on

2022-03-31 23:45:43 - [MESSAGE][PASSED] - Object: 'Object Repository/AdminSuiteBootstrap_Pages/VT_Bootstrap/IssueTransactions/a_Search Transactions' is clicked on

2022-03-31 23:45:43 - [TEST_STEP][PASSED] - setText(findTestObject(path_CCSearch + "input_Search By_searchValue"), remID): Text 'AutoDua033122234328385Ahm' is set on object 'Object Repository/AdminSuiteBootstrap_Pages/VT_Bootstrap/CCCreditOrVoidSearch/input_Search By_searchValue'

2022-03-31 23:45:44 - [MESSAGE][PASSED] - Text 'AutoDua033122234328385Ahm' is set on object 'Object Repository/AdminSuiteBootstrap_Pages/VT_Bootstrap/CCCreditOrVoidSearch/input_Search By_searchValue'

2022-03-31 23:45:44 - [TEST_STEP][PASSED] - click(findTestObject(path_CCSearch + "button_Submit")): Object: 'Object Repository/AdminSuiteBootstrap_Pages/VT_Bootstrap/CCCreditOrVoidSearch/button_Submit' is clicked on

2022-03-31 23:45:45 - [MESSAGE][PASSED] - Object: 'Object Repository/AdminSuiteBootstrap_Pages/VT_Bootstrap/CCCreditOrVoidSearch/button_Submit' is clicked on

2022-03-31 23:45:45 - [TEST_STEP][PASSED] - fgr = getText(findTestObject(path_SearchResults + "div_Payment ID")): Text of object 'Object Repository/AdminSuiteBootstrap_Pages/VT_Bootstrap/SearchResults/div_Payment ID' is: 'Payment ID
Payment Type
Transaction Type
Remittance ID
Name
Total Amount
End Date
Status
12114203 Credit Card Authorization and Capture AutoDua033122234328385Ahm Janaki James $10.50 03/31/2022 Success'

2022-03-31 23:45:46 - [MESSAGE][PASSED] - Text of object 'Object Repository/AdminSuiteBootstrap_Pages/VT_Bootstrap/SearchResults/div_Payment ID' is: 'Payment ID
Payment Type
Transaction Type
Remittance ID
Name
Total Amount
End Date
Status
12114203 Credit Card Authorization and Capture AutoDua033122234328385Ahm Janaki James $10.50 03/31/2022 Success'

2022-03-31 23:45:46 - [TEST_STEP][PASSED] - payID = substring(89, 98).trim(): null

2022-03-31 23:45:46 - [TEST_STEP][PASSED] - out.println("payID: " + payID): null

2022-03-31 23:45:46 - [TEST_STEP][PASSED] - click(findTestObject(path_SearchResults + "button_PaymentID")): Object: 'Object Repository/AdminSuiteBootstrap_Pages/VT_Bootstrap/SearchResults/button_PaymentID' is clicked on

2022-03-31 23:45:47 - [MESSAGE][PASSED] - Object: 'Object Repository/AdminSuiteBootstrap_Pages/VT_Bootstrap/SearchResults/button_PaymentID' is clicked on

2022-03-31 23:45:47 - [TEST_STEP][PASSED] - verifyTextPresent("Tender Type", true): Text 'Tender Type' is present on page  using regular expression

2022-03-31 23:45:48 - [MESSAGE][PASSED] - Text 'Tender Type' is present on page  using regular expression

2022-03-31 23:45:48 - [TEST_STEP][PASSED] - verifyTextPresent("Credit Card", true): Text 'Credit Card' is present on page  using regular expression

2022-03-31 23:45:48 - [MESSAGE][PASSED] - Text 'Credit Card' is present on page  using regular expression

2022-03-31 23:45:48 - [TEST_STEP][PASSED] - verifyTextPresent("Transaction Type", true): Text 'Transaction Type' is present on page  using regular expression

2022-03-31 23:45:49 - [MESSAGE][PASSED] - Text 'Transaction Type' is present on page  using regular expression

2022-03-31 23:45:49 - [TEST_STEP][PASSED] - verifyTextPresent("Authorization and Capture", true): Text 'Authorization and Capture' is present on page  using regular expression

2022-03-31 23:45:49 - [MESSAGE][PASSED] - Text 'Authorization and Capture' is present on page  using regular expression

2022-03-31 23:45:49 - [TEST_STEP][PASSED] - verifyTextPresent("Transaction Posted by", true): Text 'Transaction Posted by' is present on page  using regular expression

2022-03-31 23:45:49 - [MESSAGE][PASSED] - Text 'Transaction Posted by' is present on page  using regular expression

2022-03-31 23:45:49 - [TEST_STEP][PASSED] - verifyTextPresent("iahmed", true): Text 'iahmed' is present on page  using regular expression

2022-03-31 23:45:50 - [MESSAGE][PASSED] - Text 'iahmed' is present on page  using regular expression

2022-03-31 23:45:50 - [TEST_STEP][PASSED] - click(findTestObject(path_TranxDetails + "a_Void this transaction")): Object: 'Object Repository/AdminSuiteBootstrap_Pages/VT_Bootstrap/TransactionDetails/a_Void this transaction' is clicked on

2022-03-31 23:45:51 - [MESSAGE][PASSED] - Object: 'Object Repository/AdminSuiteBootstrap_Pages/VT_Bootstrap/TransactionDetails/a_Void this transaction' is clicked on

2022-03-31 23:45:51 - [TEST_STEP][PASSED] - verifyTextPresent("The following transaction will be voided", true): Text 'The following transaction will be voided' is present on page  using regular expression

2022-03-31 23:45:52 - [MESSAGE][PASSED] - Text 'The following transaction will be voided' is present on page  using regular expression

2022-03-31 23:45:52 - [TEST_STEP][PASSED] - verifyTextPresent("Please press submit to continue", true): Text 'Please press submit to continue' is present on page  using regular expression

2022-03-31 23:45:52 - [MESSAGE][PASSED] - Text 'Please press submit to continue' is present on page  using regular expression

2022-03-31 23:45:52 - [TEST_STEP][PASSED] - click(findTestObject(path_TranxDetails + "button_Submit")): Object: 'Object Repository/AdminSuiteBootstrap_Pages/VT_Bootstrap/TransactionDetails/button_Submit' is clicked on

2022-03-31 23:45:55 - [MESSAGE][PASSED] - Object: 'Object Repository/AdminSuiteBootstrap_Pages/VT_Bootstrap/TransactionDetails/button_Submit' is clicked on

2022-03-31 23:45:55 - [TEST_STEP][PASSED] - verifyTextPresent("Transaction Successful", true): Text 'Transaction Successful' is present on page  using regular expression

2022-03-31 23:45:55 - [MESSAGE][PASSED] - Text 'Transaction Successful' is present on page  using regular expression

2022-03-31 23:45:55 - [TEST_STEP][PASSED] - verifyTextPresent("Transaction Type", true): Text 'Transaction Type' is present on page  using regular expression

2022-03-31 23:45:55 - [MESSAGE][PASSED] - Text 'Transaction Type' is present on page  using regular expression

2022-03-31 23:45:55 - [TEST_STEP][PASSED] - verifyTextPresent("Void", true): Text 'Void' is present on page  using regular expression

2022-03-31 23:45:56 - [MESSAGE][PASSED] - Text 'Void' is present on page  using regular expression

2022-03-31 23:45:56 - [TEST_STEP][PASSED] - closeBrowser(): Browser is closed

2022-03-31 23:45:57 - [MESSAGE][PASSED] - Browser is closed

2022-03-31 23:45:57 - [TEST_STEP][PASSED] - ExecuteTC = findTestData(dataFile).getValue("Execute", row): null

2022-03-31 23:45:57 - [TEST_STEP][PASSED] - out.println("Value of Execute is : " + ExecuteTC): null

2022-03-31 23:45:57 - [TEST_STEP][PASSED] - switch (executionProfile): null

2022-03-31 23:45:57 - [TEST_STEP][PASSED] - case "QAProfile":: null

2022-03-31 23:45:57 - [TEST_STEP][PASSED] - appName = findTestData(dataFile).getValue("AppNameQA", row): null

2022-03-31 23:45:57 - [TEST_STEP][PASSED] - appID = findTestData(dataFile).getValue("AppIDQA", row): null

2022-03-31 23:45:57 - [TEST_STEP][PASSED] - break: null

2022-03-31 23:45:57 - [TEST_STEP][PASSED] - hrefAppID = li_1 + appID + li_2: null

2022-03-31 23:45:57 - [TEST_STEP][PASSED] - hrefApp = li_1 + appID + "/": null

2022-03-31 23:45:57 - [TEST_STEP][PASSED] - println("hrefApp : " + hrefApp): null

2022-03-31 23:45:57 - [TEST_STEP][PASSED] - if (ExecuteTC.equalsIgnoreCase("Y")): null

2022-03-31 23:45:57 - [TEST_STEP][PASSED] - out.println("Begin Record Number: " + row): null

2022-03-31 23:45:57 - [TEST_STEP][PASSED] - today = new java.util.Date(): null

2022-03-31 23:45:57 - [TEST_STEP][PASSED] - println(today): null

2022-03-31 23:45:57 - [TEST_STEP][PASSED] - datText = today: null

2022-03-31 23:45:57 - [TEST_STEP][PASSED] - adminSuiteBootstrap.loginFunctionality.login_AdminSuite(): adminSuiteBootstrap.loginFunctionality.login_AdminSuite is PASSED

2022-03-31 23:45:57 - [MESSAGE][INFO] - Starting 'Chrome' driver

2022-03-31 23:45:57 - [MESSAGE][INFO] - User set preference: ['acceptInsecureCerts', 'true']

2022-03-31 23:45:57 - [MESSAGE][INFO] - Action delay is set to 0 milliseconds

2022-03-31 23:46:00 - [MESSAGE][PASSED] - Browser is opened with url: 'https://qa.velocitypayment.com/admin/imtiaz'

2022-03-31 23:46:00 - [MESSAGE][PASSED] - Current window maximized

2022-03-31 23:46:00 - [MESSAGE][PASSED] - Object 'Object Repository/Login_Page/Login_Username' is present

2022-03-31 23:46:01 - [MESSAGE][PASSED] - Text 'iahmed' is set on object 'Object Repository/Login_Page/Login_Username'

2022-03-31 23:46:02 - [MESSAGE][PASSED] - Text 'hello2222' is set on object 'Object Repository/Login_Page/Login_Password'

2022-03-31 23:46:04 - [MESSAGE][PASSED] - Object: 'Object Repository/Login_Page/Login_Submit' is clicked on

2022-03-31 23:46:04 - [MESSAGE][PASSED] - adminSuiteBootstrap.loginFunctionality.login_AdminSuite is PASSED

2022-03-31 23:46:04 - [TEST_STEP][PASSED] - click(findTestObject(path_Dashboard + appName)): Object: 'Object Repository/AdminSuiteBootstrap_Pages/Dashboard_Bootstrap/a_Access AutoDualCFtpQA' is clicked on

2022-03-31 23:46:05 - [MESSAGE][PASSED] - Object: 'Object Repository/AdminSuiteBootstrap_Pages/Dashboard_Bootstrap/a_Access AutoDualCFtpQA' is clicked on

2022-03-31 23:46:05 - [TEST_STEP][PASSED] - click(findTestObject(path_VT + "button_Authorization  Capture (Sale)")): Object: 'Object Repository/AdminSuiteBootstrap_Pages/VT_Bootstrap/IssueTransactions/button_Authorization  Capture (Sale)' is clicked on

2022-03-31 23:46:06 - [MESSAGE][PASSED] - Object: 'Object Repository/AdminSuiteBootstrap_Pages/VT_Bootstrap/IssueTransactions/button_Authorization  Capture (Sale)' is clicked on

2022-03-31 23:46:06 - [TEST_STEP][PASSED] - saleKeyboardEntryLink = modifyObjectProperty(findTestObject(path_VT + "a_KeyboardEntry_Sale"), "href", "equals", hrefAppID, true): Modify property of object successfully

2022-03-31 23:46:06 - [MESSAGE][PASSED] - Modify property of object successfully

2022-03-31 23:46:06 - [TEST_STEP][PASSED] - click(saleKeyboardEntryLink): Object: 'Object Repository/AdminSuiteBootstrap_Pages/VT_Bootstrap/IssueTransactions/a_KeyboardEntry_Sale' is clicked on

2022-03-31 23:46:07 - [MESSAGE][PASSED] - Object: 'Object Repository/AdminSuiteBootstrap_Pages/VT_Bootstrap/IssueTransactions/a_KeyboardEntry_Sale' is clicked on

2022-03-31 23:46:07 - [TEST_STEP][PASSED] - adminSuiteBootstrap.virtualTerminalSetData.saleKeyboard_DataDriven(row, dataFile): adminSuiteBootstrap.virtualTerminalSetData.saleKeyboard_DataDriven is PASSED

2022-03-31 23:46:10 - [MESSAGE][PASSED] - Text 'Janaki James' is set on object 'Object Repository/AdminSuiteBootstrap_Pages/VT_Bootstrap/SaleKeyboard/input_cardName'

2022-03-31 23:46:11 - [MESSAGE][PASSED] - All options with value 'MOTO' are selected in object 'Object Repository/AdminSuiteBootstrap_Pages/VT_Bootstrap/SaleKeyboard/select_transactionCategory'  using regular expression

2022-03-31 23:46:11 - [MESSAGE][PASSED] - Execute JavaScript 'arguments[0].value ='6011000993026909' ' successfully

2022-03-31 23:46:12 - [MESSAGE][PASSED] - Execute JavaScript 'arguments[0].value ='123' ' successfully

2022-03-31 23:46:13 - [MESSAGE][PASSED] - All options with value '12' are selected in object 'Object Repository/AdminSuiteBootstrap_Pages/VT_Bootstrap/SaleKeyboard/select_MM'  using regular expression

2022-03-31 23:46:14 - [MESSAGE][PASSED] - All options with value '2025' are selected in object 'Object Repository/AdminSuiteBootstrap_Pages/VT_Bootstrap/SaleKeyboard/select_YYYY'  using regular expression

2022-03-31 23:46:15 - [MESSAGE][PASSED] - Text '25987 Hill Top' is set on object 'Object Repository/AdminSuiteBootstrap_Pages/VT_Bootstrap/SaleKeyboard/input__address'

2022-03-31 23:46:15 - [MESSAGE][PASSED] - Text 'Suite 500' is set on object 'Object Repository/AdminSuiteBootstrap_Pages/VT_Bootstrap/SaleKeyboard/input__address2'

2022-03-31 23:46:16 - [MESSAGE][PASSED] - Text '22201' is set on object 'Object Repository/AdminSuiteBootstrap_Pages/VT_Bootstrap/SaleKeyboard/input__zip'

2022-03-31 23:46:17 - [MESSAGE][PASSED] - Text '' is set on object 'Object Repository/AdminSuiteBootstrap_Pages/VT_Bootstrap/SaleKeyboard/input_emailAddress'

2022-03-31 23:46:18 - [MESSAGE][PASSED] - Text '' is set on object 'Object Repository/AdminSuiteBootstrap_Pages/VT_Bootstrap/SaleKeyboard/input_smsNumber'

2022-03-31 23:46:19 - [MESSAGE][PASSED] - Text '10.50' is set on object 'Object Repository/AdminSuiteBootstrap_Pages/VT_Bootstrap/SaleKeyboard/input_amount'

2022-03-31 23:46:20 - [MESSAGE][PASSED] - Text 'Australia' is set on object 'Object Repository/AdminSuiteBootstrap_Pages/VT_Bootstrap/SaleKeyboard/input_userDefined1'

2022-03-31 23:46:20 - [MESSAGE][PASSED] - Text 'Denmark' is set on object 'Object Repository/AdminSuiteBootstrap_Pages/VT_Bootstrap/SaleKeyboard/input_userDefined2'

2022-03-31 23:46:21 - [MESSAGE][PASSED] - Text 'Sweden' is set on object 'Object Repository/AdminSuiteBootstrap_Pages/VT_Bootstrap/SaleKeyboard/input_userDefined3'

2022-03-31 23:46:22 - [MESSAGE][PASSED] - Text 'Austria' is set on object 'Object Repository/AdminSuiteBootstrap_Pages/VT_Bootstrap/SaleKeyboard/input_userDefined4'

2022-03-31 23:46:23 - [MESSAGE][PASSED] - All options with label 'Orange' are selected in object 'Object Repository/AdminSuiteBootstrap_Pages/VT_Bootstrap/SaleKeyboard/select_UDF5_DropDown'  using regular expression

2022-03-31 23:46:24 - [MESSAGE][PASSED] - All options with label 'Yellow' are selected in object 'Object Repository/AdminSuiteBootstrap_Pages/VT_Bootstrap/SaleKeyboard/select_UDF6_DropDown'  using regular expression

2022-03-31 23:46:25 - [MESSAGE][PASSED] - Text 'Norway' is set on object 'Object Repository/AdminSuiteBootstrap_Pages/VT_Bootstrap/SaleKeyboard/input_userDefined7'

2022-03-31 23:46:25 - [MESSAGE][PASSED] - Text 'Netherlands' is set on object 'Object Repository/AdminSuiteBootstrap_Pages/VT_Bootstrap/SaleKeyboard/input_userDefined8'

2022-03-31 23:46:26 - [MESSAGE][PASSED] - Text 'Switzerland' is set on object 'Object Repository/AdminSuiteBootstrap_Pages/VT_Bootstrap/SaleKeyboard/input_userDefined9'

2022-03-31 23:46:27 - [MESSAGE][PASSED] - Text 'France' is set on object 'Object Repository/AdminSuiteBootstrap_Pages/VT_Bootstrap/SaleKeyboard/input_userDefined10'

2022-03-31 23:46:29 - [MESSAGE][PASSED] - Object: 'Object Repository/AdminSuiteBootstrap_Pages/VT_Bootstrap/SaleKeyboard/button_Submit' is clicked on

2022-03-31 23:46:29 - [MESSAGE][PASSED] - adminSuiteBootstrap.virtualTerminalSetData.saleKeyboard_DataDriven is PASSED

2022-03-31 23:46:29 - [TEST_STEP][PASSED] - if (verifyTextPresent("Transaction Successful", true)): null

2022-03-31 23:46:29 - [MESSAGE][PASSED] - Text 'Transaction Successful' is present on page  using regular expression

2022-03-31 23:46:29 - [TEST_STEP][PASSED] - sdf = getText(findTestObject(path_Receipt + "td_AutoNoC031622113752957Ahm")): Text of object 'Object Repository/AdminSuiteBootstrap_Pages/VT_Bootstrap/Receipt/td_AutoNoC031622113752957Ahm' is: 'AutoDua033122234419464Ahm'

2022-03-31 23:46:30 - [MESSAGE][PASSED] - Text of object 'Object Repository/AdminSuiteBootstrap_Pages/VT_Bootstrap/Receipt/td_AutoNoC031622113752957Ahm' is: 'AutoDua033122234419464Ahm'

2022-03-31 23:46:30 - [TEST_STEP][PASSED] - out.println("sdf: " + sdf): null

2022-03-31 23:46:30 - [TEST_STEP][PASSED] - remID = sdf: null

2022-03-31 23:46:30 - [TEST_STEP][PASSED] - out.println("remID: " + remID): null

2022-03-31 23:46:30 - [TEST_STEP][PASSED] - click(findTestObject(path_Receipt + "button_Continue")): Object: 'Object Repository/AdminSuiteBootstrap_Pages/VT_Bootstrap/Receipt/button_Continue' is clicked on

2022-03-31 23:46:31 - [MESSAGE][PASSED] - Object: 'Object Repository/AdminSuiteBootstrap_Pages/VT_Bootstrap/Receipt/button_Continue' is clicked on

2022-03-31 23:46:31 - [TEST_STEP][PASSED] - click(findTestObject(path_VT + "a_Search Transactions")): Object: 'Object Repository/AdminSuiteBootstrap_Pages/VT_Bootstrap/IssueTransactions/a_Search Transactions' is clicked on

2022-03-31 23:46:32 - [MESSAGE][PASSED] - Object: 'Object Repository/AdminSuiteBootstrap_Pages/VT_Bootstrap/IssueTransactions/a_Search Transactions' is clicked on

2022-03-31 23:46:32 - [TEST_STEP][PASSED] - setText(findTestObject(path_CCSearch + "input_Search By_searchValue"), remID): Text 'AutoDua033122234419464Ahm' is set on object 'Object Repository/AdminSuiteBootstrap_Pages/VT_Bootstrap/CCCreditOrVoidSearch/input_Search By_searchValue'

2022-03-31 23:46:32 - [MESSAGE][PASSED] - Text 'AutoDua033122234419464Ahm' is set on object 'Object Repository/AdminSuiteBootstrap_Pages/VT_Bootstrap/CCCreditOrVoidSearch/input_Search By_searchValue'

2022-03-31 23:46:32 - [TEST_STEP][PASSED] - click(findTestObject(path_CCSearch + "button_Submit")): Object: 'Object Repository/AdminSuiteBootstrap_Pages/VT_Bootstrap/CCCreditOrVoidSearch/button_Submit' is clicked on

2022-03-31 23:46:33 - [MESSAGE][PASSED] - Object: 'Object Repository/AdminSuiteBootstrap_Pages/VT_Bootstrap/CCCreditOrVoidSearch/button_Submit' is clicked on

2022-03-31 23:46:33 - [TEST_STEP][PASSED] - fgr = getText(findTestObject(path_SearchResults + "div_Payment ID")): Text of object 'Object Repository/AdminSuiteBootstrap_Pages/VT_Bootstrap/SearchResults/div_Payment ID' is: 'Payment ID
Payment Type
Transaction Type
Remittance ID
Name
Total Amount
End Date
Status
12114206 Credit Card Authorization and Capture AutoDua033122234419464Ahm Janaki James $10.50 03/31/2022 Success'

2022-03-31 23:46:34 - [MESSAGE][PASSED] - Text of object 'Object Repository/AdminSuiteBootstrap_Pages/VT_Bootstrap/SearchResults/div_Payment ID' is: 'Payment ID
Payment Type
Transaction Type
Remittance ID
Name
Total Amount
End Date
Status
12114206 Credit Card Authorization and Capture AutoDua033122234419464Ahm Janaki James $10.50 03/31/2022 Success'

2022-03-31 23:46:34 - [TEST_STEP][PASSED] - payID = substring(89, 98).trim(): null

2022-03-31 23:46:34 - [TEST_STEP][PASSED] - out.println("payID: " + payID): null

2022-03-31 23:46:34 - [TEST_STEP][PASSED] - click(findTestObject(path_SearchResults + "button_PaymentID")): Object: 'Object Repository/AdminSuiteBootstrap_Pages/VT_Bootstrap/SearchResults/button_PaymentID' is clicked on

2022-03-31 23:46:35 - [MESSAGE][PASSED] - Object: 'Object Repository/AdminSuiteBootstrap_Pages/VT_Bootstrap/SearchResults/button_PaymentID' is clicked on

2022-03-31 23:46:35 - [TEST_STEP][PASSED] - verifyTextPresent("Tender Type", true): Text 'Tender Type' is present on page  using regular expression

2022-03-31 23:46:35 - [MESSAGE][PASSED] - Text 'Tender Type' is present on page  using regular expression

2022-03-31 23:46:35 - [TEST_STEP][PASSED] - verifyTextPresent("Credit Card", true): Text 'Credit Card' is present on page  using regular expression

2022-03-31 23:46:36 - [MESSAGE][PASSED] - Text 'Credit Card' is present on page  using regular expression

2022-03-31 23:46:36 - [TEST_STEP][PASSED] - verifyTextPresent("Transaction Type", true): Text 'Transaction Type' is present on page  using regular expression

2022-03-31 23:46:36 - [MESSAGE][PASSED] - Text 'Transaction Type' is present on page  using regular expression

2022-03-31 23:46:36 - [TEST_STEP][PASSED] - verifyTextPresent("Authorization and Capture", true): Text 'Authorization and Capture' is present on page  using regular expression

2022-03-31 23:46:36 - [MESSAGE][PASSED] - Text 'Authorization and Capture' is present on page  using regular expression

2022-03-31 23:46:36 - [TEST_STEP][PASSED] - verifyTextPresent("Transaction Posted by", true): Text 'Transaction Posted by' is present on page  using regular expression

2022-03-31 23:46:36 - [MESSAGE][PASSED] - Text 'Transaction Posted by' is present on page  using regular expression

2022-03-31 23:46:36 - [TEST_STEP][PASSED] - verifyTextPresent("iahmed", true): Text 'iahmed' is present on page  using regular expression

2022-03-31 23:46:37 - [MESSAGE][PASSED] - Text 'iahmed' is present on page  using regular expression

2022-03-31 23:46:37 - [TEST_STEP][PASSED] - click(findTestObject(path_TranxDetails + "a_Void this transaction")): Object: 'Object Repository/AdminSuiteBootstrap_Pages/VT_Bootstrap/TransactionDetails/a_Void this transaction' is clicked on

2022-03-31 23:46:38 - [MESSAGE][PASSED] - Object: 'Object Repository/AdminSuiteBootstrap_Pages/VT_Bootstrap/TransactionDetails/a_Void this transaction' is clicked on

2022-03-31 23:46:38 - [TEST_STEP][PASSED] - verifyTextPresent("The following transaction will be voided", true): Text 'The following transaction will be voided' is present on page  using regular expression

2022-03-31 23:46:38 - [MESSAGE][PASSED] - Text 'The following transaction will be voided' is present on page  using regular expression

2022-03-31 23:46:38 - [TEST_STEP][PASSED] - verifyTextPresent("Please press submit to continue", true): Text 'Please press submit to continue' is present on page  using regular expression

2022-03-31 23:46:39 - [MESSAGE][PASSED] - Text 'Please press submit to continue' is present on page  using regular expression

2022-03-31 23:46:39 - [TEST_STEP][PASSED] - click(findTestObject(path_TranxDetails + "button_Submit")): Object: 'Object Repository/AdminSuiteBootstrap_Pages/VT_Bootstrap/TransactionDetails/button_Submit' is clicked on

2022-03-31 23:46:40 - [MESSAGE][PASSED] - Object: 'Object Repository/AdminSuiteBootstrap_Pages/VT_Bootstrap/TransactionDetails/button_Submit' is clicked on

2022-03-31 23:46:40 - [TEST_STEP][PASSED] - verifyTextPresent("Transaction Successful", true): Text 'Transaction Successful' is present on page  using regular expression

2022-03-31 23:46:41 - [MESSAGE][PASSED] - Text 'Transaction Successful' is present on page  using regular expression

2022-03-31 23:46:41 - [TEST_STEP][PASSED] - verifyTextPresent("Transaction Type", true): Text 'Transaction Type' is present on page  using regular expression

2022-03-31 23:46:41 - [MESSAGE][PASSED] - Text 'Transaction Type' is present on page  using regular expression

2022-03-31 23:46:41 - [TEST_STEP][PASSED] - verifyTextPresent("Void", true): Text 'Void' is present on page  using regular expression

2022-03-31 23:46:42 - [MESSAGE][PASSED] - Text 'Void' is present on page  using regular expression

2022-03-31 23:46:42 - [TEST_STEP][PASSED] - closeBrowser(): Browser is closed

2022-03-31 23:46:42 - [MESSAGE][PASSED] - Browser is closed]]></system-out>
         <system-err><![CDATA[]]></system-err>
      </testcase>
      <testcase name="Test Cases/Admin Suite Bootstrap/VT_TestCases/SaleAndVoidKeyboard_TP_NoCF_Generic_Payment_TC" time="365.251" classname="Test Cases/Admin Suite Bootstrap/VT_TestCases/SaleAndVoidKeyboard_TP_NoCF_Generic_Payment_TC" status="PASSED">
         <system-out><![CDATA[2022-03-31 23:46:43 - [TEST_CASE][PASSED] - Test Cases/Admin Suite Bootstrap/VT_TestCases/SaleAndVoidKeyboard_TP_NoCF_Generic_Payment_TC: Test Cases/Admin Suite Bootstrap/VT_TestCases/SaleAndVoidKeyboard_TP_NoCF_Generic_Payment_TC

2022-03-31 23:46:43 - [TEST_STEP][PASSED] - path_Dashboard = "Object Repository/AdminSuiteBootstrap_Pages/Dashboard_Bootstrap/": null

2022-03-31 23:46:43 - [TEST_STEP][PASSED] - path_VT = "Object Repository/AdminSuiteBootstrap_Pages/VT_Bootstrap/IssueTransactions/": null

2022-03-31 23:46:43 - [TEST_STEP][PASSED] - path_SaleKB = "Object Repository/AdminSuiteBootstrap_Pages/VT_Bootstrap/SaleKeyboard/": null

2022-03-31 23:46:43 - [TEST_STEP][PASSED] - path_TestMinus = "Object Repository/Page_TestMinusAndAtSigns/": null

2022-03-31 23:46:43 - [TEST_STEP][PASSED] - path_Receipt = "Object Repository/AdminSuiteBootstrap_Pages/VT_Bootstrap/Receipt/": null

2022-03-31 23:46:43 - [TEST_STEP][PASSED] - path_CCSearch = "Object Repository/AdminSuiteBootstrap_Pages/VT_Bootstrap/CCCreditOrVoidSearch/": null

2022-03-31 23:46:43 - [TEST_STEP][PASSED] - path_SearchResults = "Object Repository/AdminSuiteBootstrap_Pages/VT_Bootstrap/SearchResults/": null

2022-03-31 23:46:43 - [TEST_STEP][PASSED] - path_TranxDetails = "Object Repository/AdminSuiteBootstrap_Pages/VT_Bootstrap/TransactionDetails/": null

2022-03-31 23:46:43 - [TEST_STEP][PASSED] - li_1 = vpos_Prefix: null

2022-03-31 23:46:43 - [TEST_STEP][PASSED] - li_2 = "/transactions/AuthCapForm/": null

2022-03-31 23:46:43 - [TEST_STEP][PASSED] - executionProfile = getExecutionProfile(): null

2022-03-31 23:46:43 - [TEST_STEP][PASSED] - out.println("executionProfile : " + executionProfile): null

2022-03-31 23:46:43 - [TEST_STEP][PASSED] - appName = <not implemented yet for class: org.codehaus.groovy.ast.expr.EmptyExpression>: null

2022-03-31 23:46:43 - [TEST_STEP][PASSED] - appID = <not implemented yet for class: org.codehaus.groovy.ast.expr.EmptyExpression>: null

2022-03-31 23:46:43 - [TEST_STEP][PASSED] - cardNameV = <not implemented yet for class: org.codehaus.groovy.ast.expr.EmptyExpression>: null

2022-03-31 23:46:43 - [TEST_STEP][PASSED] - al1V = <not implemented yet for class: org.codehaus.groovy.ast.expr.EmptyExpression>: null

2022-03-31 23:46:43 - [TEST_STEP][PASSED] - al2V = <not implemented yet for class: org.codehaus.groovy.ast.expr.EmptyExpression>: null

2022-03-31 23:46:43 - [TEST_STEP][PASSED] - zipV = <not implemented yet for class: org.codehaus.groovy.ast.expr.EmptyExpression>: null

2022-03-31 23:46:43 - [TEST_STEP][PASSED] - cardTypeV = <not implemented yet for class: org.codehaus.groovy.ast.expr.EmptyExpression>: null

2022-03-31 23:46:43 - [TEST_STEP][PASSED] - last4V = <not implemented yet for class: org.codehaus.groovy.ast.expr.EmptyExpression>: null

2022-03-31 23:46:43 - [TEST_STEP][PASSED] - resText = "Fail": null

2022-03-31 23:46:43 - [TEST_STEP][PASSED] - resColumn = "Result": null

2022-03-31 23:46:43 - [TEST_STEP][PASSED] - datCloumn = "Date": null

2022-03-31 23:46:43 - [TEST_STEP][PASSED] - fileLoc = "C:\KatalonData\Bootstrap\VT-Data.xlsx": null

2022-03-31 23:46:43 - [TEST_STEP][PASSED] - numOfRows = <not implemented yet for class: org.codehaus.groovy.ast.expr.EmptyExpression>: null

2022-03-31 23:46:43 - [TEST_STEP][PASSED] - dataFile = <not implemented yet for class: org.codehaus.groovy.ast.expr.EmptyExpression>: null

2022-03-31 23:46:43 - [TEST_STEP][PASSED] - nameSheet = <not implemented yet for class: org.codehaus.groovy.ast.expr.EmptyExpression>: null

2022-03-31 23:46:43 - [TEST_STEP][PASSED] - nameSheet = "VT-SaleVoid-NoCF-Generic": null

2022-03-31 23:46:43 - [TEST_STEP][PASSED] - numOfRows = findTestData("QA/Bootstrap/VT-TestData/VT-SaleVoidData-NoCF-Generic").getRowNumbers(): null

2022-03-31 23:46:43 - [TEST_STEP][PASSED] - println("Number of Records: " + numOfRows): null

2022-03-31 23:46:43 - [TEST_STEP][PASSED] - dataFile = "QA/Bootstrap/VT-TestData/VT-SaleVoidData-NoCF-Generic": null

2022-03-31 23:46:43 - [TEST_STEP][PASSED] - for ([row = 1, row <= numOfRows, (row++)]): null

2022-03-31 23:46:43 - [TEST_STEP][PASSED] - ExecuteTC = findTestData(dataFile).getValue("Execute", row): null

2022-03-31 23:46:43 - [TEST_STEP][PASSED] - out.println("Value of Execute is : " + ExecuteTC): null

2022-03-31 23:46:43 - [TEST_STEP][PASSED] - switch (executionProfile): null

2022-03-31 23:46:43 - [TEST_STEP][PASSED] - case "QAProfile":: null

2022-03-31 23:46:43 - [TEST_STEP][PASSED] - appName = findTestData(dataFile).getValue("AppNameQA", row): null

2022-03-31 23:46:43 - [TEST_STEP][PASSED] - appID = findTestData(dataFile).getValue("AppIDQA", row): null

2022-03-31 23:46:43 - [TEST_STEP][PASSED] - break: null

2022-03-31 23:46:43 - [TEST_STEP][PASSED] - hrefAppID = li_1 + appID + li_2: null

2022-03-31 23:46:43 - [TEST_STEP][PASSED] - hrefApp = li_1 + appID + "/": null

2022-03-31 23:46:43 - [TEST_STEP][PASSED] - println("hrefApp : " + hrefApp): null

2022-03-31 23:46:43 - [TEST_STEP][PASSED] - if (ExecuteTC.equalsIgnoreCase("Y")): null

2022-03-31 23:46:43 - [TEST_STEP][PASSED] - out.println("Begin Record Number: " + row): null

2022-03-31 23:46:43 - [TEST_STEP][PASSED] - today = new java.util.Date(): null

2022-03-31 23:46:43 - [TEST_STEP][PASSED] - println(today): null

2022-03-31 23:46:43 - [TEST_STEP][PASSED] - datText = today: null

2022-03-31 23:46:43 - [TEST_STEP][PASSED] - adminSuiteBootstrap.loginFunctionality.login_AdminSuite(): adminSuiteBootstrap.loginFunctionality.login_AdminSuite is PASSED

2022-03-31 23:46:43 - [MESSAGE][INFO] - Starting 'Chrome' driver

2022-03-31 23:46:43 - [MESSAGE][INFO] - User set preference: ['acceptInsecureCerts', 'true']

2022-03-31 23:46:43 - [MESSAGE][INFO] - Action delay is set to 0 milliseconds

2022-03-31 23:46:46 - [MESSAGE][PASSED] - Browser is opened with url: 'https://qa.velocitypayment.com/admin/imtiaz'

2022-03-31 23:46:46 - [MESSAGE][PASSED] - Current window maximized

2022-03-31 23:46:46 - [MESSAGE][PASSED] - Object 'Object Repository/Login_Page/Login_Username' is present

2022-03-31 23:46:47 - [MESSAGE][PASSED] - Text 'iahmed' is set on object 'Object Repository/Login_Page/Login_Username'

2022-03-31 23:46:48 - [MESSAGE][PASSED] - Text 'hello2222' is set on object 'Object Repository/Login_Page/Login_Password'

2022-03-31 23:46:50 - [MESSAGE][PASSED] - Object: 'Object Repository/Login_Page/Login_Submit' is clicked on

2022-03-31 23:46:50 - [MESSAGE][PASSED] - adminSuiteBootstrap.loginFunctionality.login_AdminSuite is PASSED

2022-03-31 23:46:50 - [TEST_STEP][PASSED] - click(findTestObject(path_Dashboard + appName)): Object: 'Object Repository/AdminSuiteBootstrap_Pages/Dashboard_Bootstrap/a_Access AutoNoCFtp' is clicked on

2022-03-31 23:46:51 - [MESSAGE][PASSED] - Object: 'Object Repository/AdminSuiteBootstrap_Pages/Dashboard_Bootstrap/a_Access AutoNoCFtp' is clicked on

2022-03-31 23:46:51 - [TEST_STEP][PASSED] - click(findTestObject(path_VT + "button_Authorization  Capture (Sale)")): Object: 'Object Repository/AdminSuiteBootstrap_Pages/VT_Bootstrap/IssueTransactions/button_Authorization  Capture (Sale)' is clicked on

2022-03-31 23:46:52 - [MESSAGE][PASSED] - Object: 'Object Repository/AdminSuiteBootstrap_Pages/VT_Bootstrap/IssueTransactions/button_Authorization  Capture (Sale)' is clicked on

2022-03-31 23:46:52 - [TEST_STEP][PASSED] - saleKeyboardEntryLink = modifyObjectProperty(findTestObject(path_VT + "a_KeyboardEntry_Sale"), "href", "equals", hrefAppID, true): Modify property of object successfully

2022-03-31 23:46:52 - [MESSAGE][PASSED] - Modify property of object successfully

2022-03-31 23:46:52 - [TEST_STEP][PASSED] - click(saleKeyboardEntryLink): Object: 'Object Repository/AdminSuiteBootstrap_Pages/VT_Bootstrap/IssueTransactions/a_KeyboardEntry_Sale' is clicked on

2022-03-31 23:46:53 - [MESSAGE][PASSED] - Object: 'Object Repository/AdminSuiteBootstrap_Pages/VT_Bootstrap/IssueTransactions/a_KeyboardEntry_Sale' is clicked on

2022-03-31 23:46:53 - [TEST_STEP][PASSED] - adminSuiteBootstrap.virtualTerminalSetData.saleKeyboard_DataDriven(row, dataFile): adminSuiteBootstrap.virtualTerminalSetData.saleKeyboard_DataDriven is PASSED

2022-03-31 23:46:55 - [MESSAGE][PASSED] - Text 'Tulsi Raman' is set on object 'Object Repository/AdminSuiteBootstrap_Pages/VT_Bootstrap/SaleKeyboard/input_cardName'

2022-03-31 23:46:57 - [MESSAGE][PASSED] - All options with value 'RETL' are selected in object 'Object Repository/AdminSuiteBootstrap_Pages/VT_Bootstrap/SaleKeyboard/select_transactionCategory'  using regular expression

2022-03-31 23:46:57 - [MESSAGE][PASSED] - Execute JavaScript 'arguments[0].value ='4012000098765439' ' successfully

2022-03-31 23:46:57 - [MESSAGE][PASSED] - Execute JavaScript 'arguments[0].value ='123' ' successfully

2022-03-31 23:46:59 - [MESSAGE][PASSED] - All options with value '12' are selected in object 'Object Repository/AdminSuiteBootstrap_Pages/VT_Bootstrap/SaleKeyboard/select_MM'  using regular expression

2022-03-31 23:47:00 - [MESSAGE][PASSED] - All options with value '2025' are selected in object 'Object Repository/AdminSuiteBootstrap_Pages/VT_Bootstrap/SaleKeyboard/select_YYYY'  using regular expression

2022-03-31 23:47:01 - [MESSAGE][PASSED] - Text '36 Cornor Road' is set on object 'Object Repository/AdminSuiteBootstrap_Pages/VT_Bootstrap/SaleKeyboard/input__address'

2022-03-31 23:47:01 - [MESSAGE][PASSED] - Text 'Suite 500' is set on object 'Object Repository/AdminSuiteBootstrap_Pages/VT_Bootstrap/SaleKeyboard/input__address2'

2022-03-31 23:47:02 - [MESSAGE][PASSED] - Text '22201' is set on object 'Object Repository/AdminSuiteBootstrap_Pages/VT_Bootstrap/SaleKeyboard/input__zip'

2022-03-31 23:47:03 - [MESSAGE][PASSED] - Text '' is set on object 'Object Repository/AdminSuiteBootstrap_Pages/VT_Bootstrap/SaleKeyboard/input_emailAddress'

2022-03-31 23:47:04 - [MESSAGE][PASSED] - Text '' is set on object 'Object Repository/AdminSuiteBootstrap_Pages/VT_Bootstrap/SaleKeyboard/input_smsNumber'

2022-03-31 23:47:05 - [MESSAGE][PASSED] - Text '10.50' is set on object 'Object Repository/AdminSuiteBootstrap_Pages/VT_Bootstrap/SaleKeyboard/input_amount'

2022-03-31 23:47:06 - [MESSAGE][PASSED] - Text 'Australia' is set on object 'Object Repository/AdminSuiteBootstrap_Pages/VT_Bootstrap/SaleKeyboard/input_userDefined1'

2022-03-31 23:47:06 - [MESSAGE][PASSED] - Text 'Denmark' is set on object 'Object Repository/AdminSuiteBootstrap_Pages/VT_Bootstrap/SaleKeyboard/input_userDefined2'

2022-03-31 23:47:07 - [MESSAGE][PASSED] - Text 'Sweden' is set on object 'Object Repository/AdminSuiteBootstrap_Pages/VT_Bootstrap/SaleKeyboard/input_userDefined3'

2022-03-31 23:47:08 - [MESSAGE][PASSED] - Text 'Austria' is set on object 'Object Repository/AdminSuiteBootstrap_Pages/VT_Bootstrap/SaleKeyboard/input_userDefined4'

2022-03-31 23:47:09 - [MESSAGE][PASSED] - All options with label 'Orange' are selected in object 'Object Repository/AdminSuiteBootstrap_Pages/VT_Bootstrap/SaleKeyboard/select_UDF5_DropDown'  using regular expression

2022-03-31 23:47:10 - [MESSAGE][PASSED] - All options with label 'Yellow' are selected in object 'Object Repository/AdminSuiteBootstrap_Pages/VT_Bootstrap/SaleKeyboard/select_UDF6_DropDown'  using regular expression

2022-03-31 23:47:11 - [MESSAGE][PASSED] - Text 'Norway' is set on object 'Object Repository/AdminSuiteBootstrap_Pages/VT_Bootstrap/SaleKeyboard/input_userDefined7'

2022-03-31 23:47:11 - [MESSAGE][PASSED] - Text 'Netherlands' is set on object 'Object Repository/AdminSuiteBootstrap_Pages/VT_Bootstrap/SaleKeyboard/input_userDefined8'

2022-03-31 23:47:12 - [MESSAGE][PASSED] - Text 'Switzerland' is set on object 'Object Repository/AdminSuiteBootstrap_Pages/VT_Bootstrap/SaleKeyboard/input_userDefined9'

2022-03-31 23:47:13 - [MESSAGE][PASSED] - Text 'France' is set on object 'Object Repository/AdminSuiteBootstrap_Pages/VT_Bootstrap/SaleKeyboard/input_userDefined10'

2022-03-31 23:47:14 - [MESSAGE][PASSED] - Object: 'Object Repository/AdminSuiteBootstrap_Pages/VT_Bootstrap/SaleKeyboard/button_Submit' is clicked on

2022-03-31 23:47:14 - [MESSAGE][PASSED] - adminSuiteBootstrap.virtualTerminalSetData.saleKeyboard_DataDriven is PASSED

2022-03-31 23:47:14 - [TEST_STEP][PASSED] - if (verifyTextPresent("Transaction Successful", true)): null

2022-03-31 23:47:15 - [MESSAGE][PASSED] - Text 'Transaction Successful' is present on page  using regular expression

2022-03-31 23:47:15 - [TEST_STEP][PASSED] - sdf = getText(findTestObject(path_Receipt + "td_AutoNoC031622113752957Ahm")): Text of object 'Object Repository/AdminSuiteBootstrap_Pages/VT_Bootstrap/Receipt/td_AutoNoC031622113752957Ahm' is: 'AutoNoC033122234505379Ahm'

2022-03-31 23:47:15 - [MESSAGE][PASSED] - Text of object 'Object Repository/AdminSuiteBootstrap_Pages/VT_Bootstrap/Receipt/td_AutoNoC031622113752957Ahm' is: 'AutoNoC033122234505379Ahm'

2022-03-31 23:47:15 - [TEST_STEP][PASSED] - out.println("sdf: " + sdf): null

2022-03-31 23:47:15 - [TEST_STEP][PASSED] - remID = sdf: null

2022-03-31 23:47:15 - [TEST_STEP][PASSED] - out.println("remID: " + remID): null

2022-03-31 23:47:15 - [TEST_STEP][PASSED] - click(findTestObject(path_Receipt + "button_Continue")): Object: 'Object Repository/AdminSuiteBootstrap_Pages/VT_Bootstrap/Receipt/button_Continue' is clicked on

2022-03-31 23:47:16 - [MESSAGE][PASSED] - Object: 'Object Repository/AdminSuiteBootstrap_Pages/VT_Bootstrap/Receipt/button_Continue' is clicked on

2022-03-31 23:47:16 - [TEST_STEP][PASSED] - click(findTestObject(path_VT + "a_Search Transactions")): Object: 'Object Repository/AdminSuiteBootstrap_Pages/VT_Bootstrap/IssueTransactions/a_Search Transactions' is clicked on

2022-03-31 23:47:17 - [MESSAGE][PASSED] - Object: 'Object Repository/AdminSuiteBootstrap_Pages/VT_Bootstrap/IssueTransactions/a_Search Transactions' is clicked on

2022-03-31 23:47:17 - [TEST_STEP][PASSED] - setText(findTestObject(path_CCSearch + "input_Search By_searchValue"), remID): Text 'AutoNoC033122234505379Ahm' is set on object 'Object Repository/AdminSuiteBootstrap_Pages/VT_Bootstrap/CCCreditOrVoidSearch/input_Search By_searchValue'

2022-03-31 23:47:18 - [MESSAGE][PASSED] - Text 'AutoNoC033122234505379Ahm' is set on object 'Object Repository/AdminSuiteBootstrap_Pages/VT_Bootstrap/CCCreditOrVoidSearch/input_Search By_searchValue'

2022-03-31 23:47:18 - [TEST_STEP][PASSED] - click(findTestObject(path_CCSearch + "button_Submit")): Object: 'Object Repository/AdminSuiteBootstrap_Pages/VT_Bootstrap/CCCreditOrVoidSearch/button_Submit' is clicked on

2022-03-31 23:47:18 - [MESSAGE][PASSED] - Object: 'Object Repository/AdminSuiteBootstrap_Pages/VT_Bootstrap/CCCreditOrVoidSearch/button_Submit' is clicked on

2022-03-31 23:47:18 - [TEST_STEP][PASSED] - fgr = getText(findTestObject(path_SearchResults + "div_Payment ID")): Text of object 'Object Repository/AdminSuiteBootstrap_Pages/VT_Bootstrap/SearchResults/div_Payment ID' is: 'Payment ID
Payment Type
Transaction Type
Remittance ID
Name
Total Amount
End Date
Status
12114209 Credit Card Authorization and Capture AutoNoC033122234505379Ahm Tulsi Raman $10.50 03/31/2022 Success'

2022-03-31 23:47:19 - [MESSAGE][PASSED] - Text of object 'Object Repository/AdminSuiteBootstrap_Pages/VT_Bootstrap/SearchResults/div_Payment ID' is: 'Payment ID
Payment Type
Transaction Type
Remittance ID
Name
Total Amount
End Date
Status
12114209 Credit Card Authorization and Capture AutoNoC033122234505379Ahm Tulsi Raman $10.50 03/31/2022 Success'

2022-03-31 23:47:19 - [TEST_STEP][PASSED] - payID = substring(89, 98).trim(): null

2022-03-31 23:47:19 - [TEST_STEP][PASSED] - out.println("payID: " + payID): null

2022-03-31 23:47:19 - [TEST_STEP][PASSED] - click(findTestObject(path_SearchResults + "button_PaymentID")): Object: 'Object Repository/AdminSuiteBootstrap_Pages/VT_Bootstrap/SearchResults/button_PaymentID' is clicked on

2022-03-31 23:47:20 - [MESSAGE][PASSED] - Object: 'Object Repository/AdminSuiteBootstrap_Pages/VT_Bootstrap/SearchResults/button_PaymentID' is clicked on

2022-03-31 23:47:20 - [TEST_STEP][PASSED] - verifyTextPresent("Tender Type", true): Text 'Tender Type' is present on page  using regular expression

2022-03-31 23:47:20 - [MESSAGE][PASSED] - Text 'Tender Type' is present on page  using regular expression

2022-03-31 23:47:20 - [TEST_STEP][PASSED] - verifyTextPresent("Credit Card", true): Text 'Credit Card' is present on page  using regular expression

2022-03-31 23:47:21 - [MESSAGE][PASSED] - Text 'Credit Card' is present on page  using regular expression

2022-03-31 23:47:21 - [TEST_STEP][PASSED] - verifyTextPresent("Transaction Type", true): Text 'Transaction Type' is present on page  using regular expression

2022-03-31 23:47:21 - [MESSAGE][PASSED] - Text 'Transaction Type' is present on page  using regular expression

2022-03-31 23:47:21 - [TEST_STEP][PASSED] - verifyTextPresent("Authorization and Capture", true): Text 'Authorization and Capture' is present on page  using regular expression

2022-03-31 23:47:21 - [MESSAGE][PASSED] - Text 'Authorization and Capture' is present on page  using regular expression

2022-03-31 23:47:21 - [TEST_STEP][PASSED] - verifyTextPresent("Transaction Posted by", true): Text 'Transaction Posted by' is present on page  using regular expression

2022-03-31 23:47:22 - [MESSAGE][PASSED] - Text 'Transaction Posted by' is present on page  using regular expression

2022-03-31 23:47:22 - [TEST_STEP][PASSED] - verifyTextPresent("iahmed", true): Text 'iahmed' is present on page  using regular expression

2022-03-31 23:47:22 - [MESSAGE][PASSED] - Text 'iahmed' is present on page  using regular expression

2022-03-31 23:47:22 - [TEST_STEP][PASSED] - click(findTestObject(path_TranxDetails + "a_Void this transaction")): Object: 'Object Repository/AdminSuiteBootstrap_Pages/VT_Bootstrap/TransactionDetails/a_Void this transaction' is clicked on

2022-03-31 23:47:23 - [MESSAGE][PASSED] - Object: 'Object Repository/AdminSuiteBootstrap_Pages/VT_Bootstrap/TransactionDetails/a_Void this transaction' is clicked on

2022-03-31 23:47:23 - [TEST_STEP][PASSED] - verifyTextPresent("The following transaction will be voided", true): Text 'The following transaction will be voided' is present on page  using regular expression

2022-03-31 23:47:24 - [MESSAGE][PASSED] - Text 'The following transaction will be voided' is present on page  using regular expression

2022-03-31 23:47:24 - [TEST_STEP][PASSED] - verifyTextPresent("Please press submit to continue", true): Text 'Please press submit to continue' is present on page  using regular expression

2022-03-31 23:47:24 - [MESSAGE][PASSED] - Text 'Please press submit to continue' is present on page  using regular expression

2022-03-31 23:47:24 - [TEST_STEP][PASSED] - click(findTestObject(path_TranxDetails + "button_Submit")): Object: 'Object Repository/AdminSuiteBootstrap_Pages/VT_Bootstrap/TransactionDetails/button_Submit' is clicked on

2022-03-31 23:47:26 - [MESSAGE][PASSED] - Object: 'Object Repository/AdminSuiteBootstrap_Pages/VT_Bootstrap/TransactionDetails/button_Submit' is clicked on

2022-03-31 23:47:26 - [TEST_STEP][PASSED] - verifyTextPresent("Transaction Successful", true): Text 'Transaction Successful' is present on page  using regular expression

2022-03-31 23:47:26 - [MESSAGE][PASSED] - Text 'Transaction Successful' is present on page  using regular expression

2022-03-31 23:47:26 - [TEST_STEP][PASSED] - verifyTextPresent("Transaction Type", true): Text 'Transaction Type' is present on page  using regular expression

2022-03-31 23:47:27 - [MESSAGE][PASSED] - Text 'Transaction Type' is present on page  using regular expression

2022-03-31 23:47:27 - [TEST_STEP][PASSED] - verifyTextPresent("Void", true): Text 'Void' is present on page  using regular expression

2022-03-31 23:47:27 - [MESSAGE][PASSED] - Text 'Void' is present on page  using regular expression

2022-03-31 23:47:27 - [TEST_STEP][PASSED] - closeBrowser(): Browser is closed

2022-03-31 23:47:28 - [MESSAGE][PASSED] - Browser is closed

2022-03-31 23:47:28 - [TEST_STEP][PASSED] - ExecuteTC = findTestData(dataFile).getValue("Execute", row): null

2022-03-31 23:47:28 - [TEST_STEP][PASSED] - out.println("Value of Execute is : " + ExecuteTC): null

2022-03-31 23:47:28 - [TEST_STEP][PASSED] - switch (executionProfile): null

2022-03-31 23:47:28 - [TEST_STEP][PASSED] - case "QAProfile":: null

2022-03-31 23:47:28 - [TEST_STEP][PASSED] - appName = findTestData(dataFile).getValue("AppNameQA", row): null

2022-03-31 23:47:28 - [TEST_STEP][PASSED] - appID = findTestData(dataFile).getValue("AppIDQA", row): null

2022-03-31 23:47:28 - [TEST_STEP][PASSED] - break: null

2022-03-31 23:47:28 - [TEST_STEP][PASSED] - hrefAppID = li_1 + appID + li_2: null

2022-03-31 23:47:28 - [TEST_STEP][PASSED] - hrefApp = li_1 + appID + "/": null

2022-03-31 23:47:28 - [TEST_STEP][PASSED] - println("hrefApp : " + hrefApp): null

2022-03-31 23:47:28 - [TEST_STEP][PASSED] - if (ExecuteTC.equalsIgnoreCase("Y")): null

2022-03-31 23:47:28 - [TEST_STEP][PASSED] - out.println("Begin Record Number: " + row): null

2022-03-31 23:47:28 - [TEST_STEP][PASSED] - today = new java.util.Date(): null

2022-03-31 23:47:28 - [TEST_STEP][PASSED] - println(today): null

2022-03-31 23:47:28 - [TEST_STEP][PASSED] - datText = today: null

2022-03-31 23:47:28 - [TEST_STEP][PASSED] - adminSuiteBootstrap.loginFunctionality.login_AdminSuite(): adminSuiteBootstrap.loginFunctionality.login_AdminSuite is PASSED

2022-03-31 23:47:28 - [MESSAGE][INFO] - Starting 'Chrome' driver

2022-03-31 23:47:28 - [MESSAGE][INFO] - User set preference: ['acceptInsecureCerts', 'true']

2022-03-31 23:47:28 - [MESSAGE][INFO] - Action delay is set to 0 milliseconds

2022-03-31 23:47:30 - [MESSAGE][PASSED] - Browser is opened with url: 'https://qa.velocitypayment.com/admin/imtiaz'

2022-03-31 23:47:31 - [MESSAGE][PASSED] - Current window maximized

2022-03-31 23:47:31 - [MESSAGE][PASSED] - Object 'Object Repository/Login_Page/Login_Username' is present

2022-03-31 23:47:32 - [MESSAGE][PASSED] - Text 'iahmed' is set on object 'Object Repository/Login_Page/Login_Username'

2022-03-31 23:47:32 - [MESSAGE][PASSED] - Text 'hello2222' is set on object 'Object Repository/Login_Page/Login_Password'

2022-03-31 23:47:36 - [MESSAGE][PASSED] - Object: 'Object Repository/Login_Page/Login_Submit' is clicked on

2022-03-31 23:47:36 - [MESSAGE][PASSED] - adminSuiteBootstrap.loginFunctionality.login_AdminSuite is PASSED

2022-03-31 23:47:36 - [TEST_STEP][PASSED] - click(findTestObject(path_Dashboard + appName)): Object: 'Object Repository/AdminSuiteBootstrap_Pages/Dashboard_Bootstrap/a_Access AutoNoCFtp' is clicked on

2022-03-31 23:47:37 - [MESSAGE][PASSED] - Object: 'Object Repository/AdminSuiteBootstrap_Pages/Dashboard_Bootstrap/a_Access AutoNoCFtp' is clicked on

2022-03-31 23:47:37 - [TEST_STEP][PASSED] - click(findTestObject(path_VT + "button_Authorization  Capture (Sale)")): Object: 'Object Repository/AdminSuiteBootstrap_Pages/VT_Bootstrap/IssueTransactions/button_Authorization  Capture (Sale)' is clicked on

2022-03-31 23:47:37 - [MESSAGE][PASSED] - Object: 'Object Repository/AdminSuiteBootstrap_Pages/VT_Bootstrap/IssueTransactions/button_Authorization  Capture (Sale)' is clicked on

2022-03-31 23:47:37 - [TEST_STEP][PASSED] - saleKeyboardEntryLink = modifyObjectProperty(findTestObject(path_VT + "a_KeyboardEntry_Sale"), "href", "equals", hrefAppID, true): Modify property of object successfully

2022-03-31 23:47:37 - [MESSAGE][PASSED] - Modify property of object successfully

2022-03-31 23:47:37 - [TEST_STEP][PASSED] - click(saleKeyboardEntryLink): Object: 'Object Repository/AdminSuiteBootstrap_Pages/VT_Bootstrap/IssueTransactions/a_KeyboardEntry_Sale' is clicked on

2022-03-31 23:47:38 - [MESSAGE][PASSED] - Object: 'Object Repository/AdminSuiteBootstrap_Pages/VT_Bootstrap/IssueTransactions/a_KeyboardEntry_Sale' is clicked on

2022-03-31 23:47:38 - [TEST_STEP][PASSED] - adminSuiteBootstrap.virtualTerminalSetData.saleKeyboard_DataDriven(row, dataFile): adminSuiteBootstrap.virtualTerminalSetData.saleKeyboard_DataDriven is PASSED

2022-03-31 23:47:41 - [MESSAGE][PASSED] - Text 'Tulsi Raman' is set on object 'Object Repository/AdminSuiteBootstrap_Pages/VT_Bootstrap/SaleKeyboard/input_cardName'

2022-03-31 23:47:42 - [MESSAGE][PASSED] - All options with value 'RETL' are selected in object 'Object Repository/AdminSuiteBootstrap_Pages/VT_Bootstrap/SaleKeyboard/select_transactionCategory'  using regular expression

2022-03-31 23:47:42 - [MESSAGE][PASSED] - Execute JavaScript 'arguments[0].value ='5146312200000035' ' successfully

2022-03-31 23:47:43 - [MESSAGE][PASSED] - Execute JavaScript 'arguments[0].value ='123' ' successfully

2022-03-31 23:47:44 - [MESSAGE][PASSED] - All options with value '12' are selected in object 'Object Repository/AdminSuiteBootstrap_Pages/VT_Bootstrap/SaleKeyboard/select_MM'  using regular expression

2022-03-31 23:47:45 - [MESSAGE][PASSED] - All options with value '2025' are selected in object 'Object Repository/AdminSuiteBootstrap_Pages/VT_Bootstrap/SaleKeyboard/select_YYYY'  using regular expression

2022-03-31 23:47:46 - [MESSAGE][PASSED] - Text '1478 Jhatka Palace' is set on object 'Object Repository/AdminSuiteBootstrap_Pages/VT_Bootstrap/SaleKeyboard/input__address'

2022-03-31 23:47:46 - [MESSAGE][PASSED] - Text 'Suite 500' is set on object 'Object Repository/AdminSuiteBootstrap_Pages/VT_Bootstrap/SaleKeyboard/input__address2'

2022-03-31 23:47:47 - [MESSAGE][PASSED] - Text '22201' is set on object 'Object Repository/AdminSuiteBootstrap_Pages/VT_Bootstrap/SaleKeyboard/input__zip'

2022-03-31 23:47:48 - [MESSAGE][PASSED] - Text '' is set on object 'Object Repository/AdminSuiteBootstrap_Pages/VT_Bootstrap/SaleKeyboard/input_emailAddress'

2022-03-31 23:47:49 - [MESSAGE][PASSED] - Text '' is set on object 'Object Repository/AdminSuiteBootstrap_Pages/VT_Bootstrap/SaleKeyboard/input_smsNumber'

2022-03-31 23:47:50 - [MESSAGE][PASSED] - Text '10.50' is set on object 'Object Repository/AdminSuiteBootstrap_Pages/VT_Bootstrap/SaleKeyboard/input_amount'

2022-03-31 23:47:51 - [MESSAGE][PASSED] - Text 'Australia' is set on object 'Object Repository/AdminSuiteBootstrap_Pages/VT_Bootstrap/SaleKeyboard/input_userDefined1'

2022-03-31 23:47:51 - [MESSAGE][PASSED] - Text 'Denmark' is set on object 'Object Repository/AdminSuiteBootstrap_Pages/VT_Bootstrap/SaleKeyboard/input_userDefined2'

2022-03-31 23:47:52 - [MESSAGE][PASSED] - Text 'Sweden' is set on object 'Object Repository/AdminSuiteBootstrap_Pages/VT_Bootstrap/SaleKeyboard/input_userDefined3'

2022-03-31 23:47:53 - [MESSAGE][PASSED] - Text 'Austria' is set on object 'Object Repository/AdminSuiteBootstrap_Pages/VT_Bootstrap/SaleKeyboard/input_userDefined4'

2022-03-31 23:47:54 - [MESSAGE][PASSED] - All options with label 'Orange' are selected in object 'Object Repository/AdminSuiteBootstrap_Pages/VT_Bootstrap/SaleKeyboard/select_UDF5_DropDown'  using regular expression

2022-03-31 23:47:55 - [MESSAGE][PASSED] - All options with label 'Yellow' are selected in object 'Object Repository/AdminSuiteBootstrap_Pages/VT_Bootstrap/SaleKeyboard/select_UDF6_DropDown'  using regular expression

2022-03-31 23:47:55 - [MESSAGE][PASSED] - Text 'Norway' is set on object 'Object Repository/AdminSuiteBootstrap_Pages/VT_Bootstrap/SaleKeyboard/input_userDefined7'

2022-03-31 23:47:56 - [MESSAGE][PASSED] - Text 'Netherlands' is set on object 'Object Repository/AdminSuiteBootstrap_Pages/VT_Bootstrap/SaleKeyboard/input_userDefined8'

2022-03-31 23:47:57 - [MESSAGE][PASSED] - Text 'Switzerland' is set on object 'Object Repository/AdminSuiteBootstrap_Pages/VT_Bootstrap/SaleKeyboard/input_userDefined9'

2022-03-31 23:47:58 - [MESSAGE][PASSED] - Text 'France' is set on object 'Object Repository/AdminSuiteBootstrap_Pages/VT_Bootstrap/SaleKeyboard/input_userDefined10'

2022-03-31 23:47:59 - [MESSAGE][PASSED] - Object: 'Object Repository/AdminSuiteBootstrap_Pages/VT_Bootstrap/SaleKeyboard/button_Submit' is clicked on

2022-03-31 23:47:59 - [MESSAGE][PASSED] - adminSuiteBootstrap.virtualTerminalSetData.saleKeyboard_DataDriven is PASSED

2022-03-31 23:47:59 - [TEST_STEP][PASSED] - if (verifyTextPresent("Transaction Successful", true)): null

2022-03-31 23:48:00 - [MESSAGE][PASSED] - Text 'Transaction Successful' is present on page  using regular expression

2022-03-31 23:48:00 - [TEST_STEP][PASSED] - sdf = getText(findTestObject(path_Receipt + "td_AutoNoC031622113752957Ahm")): Text of object 'Object Repository/AdminSuiteBootstrap_Pages/VT_Bootstrap/Receipt/td_AutoNoC031622113752957Ahm' is: 'AutoNoC033122234550674Ahm'

2022-03-31 23:48:00 - [MESSAGE][PASSED] - Text of object 'Object Repository/AdminSuiteBootstrap_Pages/VT_Bootstrap/Receipt/td_AutoNoC031622113752957Ahm' is: 'AutoNoC033122234550674Ahm'

2022-03-31 23:48:00 - [TEST_STEP][PASSED] - out.println("sdf: " + sdf): null

2022-03-31 23:48:00 - [TEST_STEP][PASSED] - remID = sdf: null

2022-03-31 23:48:00 - [TEST_STEP][PASSED] - out.println("remID: " + remID): null

2022-03-31 23:48:00 - [TEST_STEP][PASSED] - click(findTestObject(path_Receipt + "button_Continue")): Object: 'Object Repository/AdminSuiteBootstrap_Pages/VT_Bootstrap/Receipt/button_Continue' is clicked on

2022-03-31 23:48:01 - [MESSAGE][PASSED] - Object: 'Object Repository/AdminSuiteBootstrap_Pages/VT_Bootstrap/Receipt/button_Continue' is clicked on

2022-03-31 23:48:01 - [TEST_STEP][PASSED] - click(findTestObject(path_VT + "a_Search Transactions")): Object: 'Object Repository/AdminSuiteBootstrap_Pages/VT_Bootstrap/IssueTransactions/a_Search Transactions' is clicked on

2022-03-31 23:48:02 - [MESSAGE][PASSED] - Object: 'Object Repository/AdminSuiteBootstrap_Pages/VT_Bootstrap/IssueTransactions/a_Search Transactions' is clicked on

2022-03-31 23:48:02 - [TEST_STEP][PASSED] - setText(findTestObject(path_CCSearch + "input_Search By_searchValue"), remID): Text 'AutoNoC033122234550674Ahm' is set on object 'Object Repository/AdminSuiteBootstrap_Pages/VT_Bootstrap/CCCreditOrVoidSearch/input_Search By_searchValue'

2022-03-31 23:48:02 - [MESSAGE][PASSED] - Text 'AutoNoC033122234550674Ahm' is set on object 'Object Repository/AdminSuiteBootstrap_Pages/VT_Bootstrap/CCCreditOrVoidSearch/input_Search By_searchValue'

2022-03-31 23:48:02 - [TEST_STEP][PASSED] - click(findTestObject(path_CCSearch + "button_Submit")): Object: 'Object Repository/AdminSuiteBootstrap_Pages/VT_Bootstrap/CCCreditOrVoidSearch/button_Submit' is clicked on

2022-03-31 23:48:03 - [MESSAGE][PASSED] - Object: 'Object Repository/AdminSuiteBootstrap_Pages/VT_Bootstrap/CCCreditOrVoidSearch/button_Submit' is clicked on

2022-03-31 23:48:03 - [TEST_STEP][PASSED] - fgr = getText(findTestObject(path_SearchResults + "div_Payment ID")): Text of object 'Object Repository/AdminSuiteBootstrap_Pages/VT_Bootstrap/SearchResults/div_Payment ID' is: 'Payment ID
Payment Type
Transaction Type
Remittance ID
Name
Total Amount
End Date
Status
12114211 Credit Card Authorization and Capture AutoNoC033122234550674Ahm Tulsi Raman $10.50 03/31/2022 Success'

2022-03-31 23:48:04 - [MESSAGE][PASSED] - Text of object 'Object Repository/AdminSuiteBootstrap_Pages/VT_Bootstrap/SearchResults/div_Payment ID' is: 'Payment ID
Payment Type
Transaction Type
Remittance ID
Name
Total Amount
End Date
Status
12114211 Credit Card Authorization and Capture AutoNoC033122234550674Ahm Tulsi Raman $10.50 03/31/2022 Success'

2022-03-31 23:48:04 - [TEST_STEP][PASSED] - payID = substring(89, 98).trim(): null

2022-03-31 23:48:04 - [TEST_STEP][PASSED] - out.println("payID: " + payID): null

2022-03-31 23:48:04 - [TEST_STEP][PASSED] - click(findTestObject(path_SearchResults + "button_PaymentID")): Object: 'Object Repository/AdminSuiteBootstrap_Pages/VT_Bootstrap/SearchResults/button_PaymentID' is clicked on

2022-03-31 23:48:05 - [MESSAGE][PASSED] - Object: 'Object Repository/AdminSuiteBootstrap_Pages/VT_Bootstrap/SearchResults/button_PaymentID' is clicked on

2022-03-31 23:48:05 - [TEST_STEP][PASSED] - verifyTextPresent("Tender Type", true): Text 'Tender Type' is present on page  using regular expression

2022-03-31 23:48:05 - [MESSAGE][PASSED] - Text 'Tender Type' is present on page  using regular expression

2022-03-31 23:48:05 - [TEST_STEP][PASSED] - verifyTextPresent("Credit Card", true): Text 'Credit Card' is present on page  using regular expression

2022-03-31 23:48:06 - [MESSAGE][PASSED] - Text 'Credit Card' is present on page  using regular expression

2022-03-31 23:48:06 - [TEST_STEP][PASSED] - verifyTextPresent("Transaction Type", true): Text 'Transaction Type' is present on page  using regular expression

2022-03-31 23:48:06 - [MESSAGE][PASSED] - Text 'Transaction Type' is present on page  using regular expression

2022-03-31 23:48:06 - [TEST_STEP][PASSED] - verifyTextPresent("Authorization and Capture", true): Text 'Authorization and Capture' is present on page  using regular expression

2022-03-31 23:48:06 - [MESSAGE][PASSED] - Text 'Authorization and Capture' is present on page  using regular expression

2022-03-31 23:48:06 - [TEST_STEP][PASSED] - verifyTextPresent("Transaction Posted by", true): Text 'Transaction Posted by' is present on page  using regular expression

2022-03-31 23:48:07 - [MESSAGE][PASSED] - Text 'Transaction Posted by' is present on page  using regular expression

2022-03-31 23:48:07 - [TEST_STEP][PASSED] - verifyTextPresent("iahmed", true): Text 'iahmed' is present on page  using regular expression

2022-03-31 23:48:07 - [MESSAGE][PASSED] - Text 'iahmed' is present on page  using regular expression

2022-03-31 23:48:07 - [TEST_STEP][PASSED] - click(findTestObject(path_TranxDetails + "a_Void this transaction")): Object: 'Object Repository/AdminSuiteBootstrap_Pages/VT_Bootstrap/TransactionDetails/a_Void this transaction' is clicked on

2022-03-31 23:48:08 - [MESSAGE][PASSED] - Object: 'Object Repository/AdminSuiteBootstrap_Pages/VT_Bootstrap/TransactionDetails/a_Void this transaction' is clicked on

2022-03-31 23:48:08 - [TEST_STEP][PASSED] - verifyTextPresent("The following transaction will be voided", true): Text 'The following transaction will be voided' is present on page  using regular expression

2022-03-31 23:48:09 - [MESSAGE][PASSED] - Text 'The following transaction will be voided' is present on page  using regular expression

2022-03-31 23:48:09 - [TEST_STEP][PASSED] - verifyTextPresent("Please press submit to continue", true): Text 'Please press submit to continue' is present on page  using regular expression

2022-03-31 23:48:09 - [MESSAGE][PASSED] - Text 'Please press submit to continue' is present on page  using regular expression

2022-03-31 23:48:09 - [TEST_STEP][PASSED] - click(findTestObject(path_TranxDetails + "button_Submit")): Object: 'Object Repository/AdminSuiteBootstrap_Pages/VT_Bootstrap/TransactionDetails/button_Submit' is clicked on

2022-03-31 23:48:11 - [MESSAGE][PASSED] - Object: 'Object Repository/AdminSuiteBootstrap_Pages/VT_Bootstrap/TransactionDetails/button_Submit' is clicked on

2022-03-31 23:48:11 - [TEST_STEP][PASSED] - verifyTextPresent("Transaction Successful", true): Text 'Transaction Successful' is present on page  using regular expression

2022-03-31 23:48:11 - [MESSAGE][PASSED] - Text 'Transaction Successful' is present on page  using regular expression

2022-03-31 23:48:11 - [TEST_STEP][PASSED] - verifyTextPresent("Transaction Type", true): Text 'Transaction Type' is present on page  using regular expression

2022-03-31 23:48:11 - [MESSAGE][PASSED] - Text 'Transaction Type' is present on page  using regular expression

2022-03-31 23:48:11 - [TEST_STEP][PASSED] - verifyTextPresent("Void", true): Text 'Void' is present on page  using regular expression

2022-03-31 23:48:12 - [MESSAGE][PASSED] - Text 'Void' is present on page  using regular expression

2022-03-31 23:48:12 - [TEST_STEP][PASSED] - closeBrowser(): Browser is closed

2022-03-31 23:48:13 - [MESSAGE][PASSED] - Browser is closed

2022-03-31 23:48:13 - [TEST_STEP][PASSED] - ExecuteTC = findTestData(dataFile).getValue("Execute", row): null

2022-03-31 23:48:13 - [TEST_STEP][PASSED] - out.println("Value of Execute is : " + ExecuteTC): null

2022-03-31 23:48:13 - [TEST_STEP][PASSED] - switch (executionProfile): null

2022-03-31 23:48:13 - [TEST_STEP][PASSED] - case "QAProfile":: null

2022-03-31 23:48:13 - [TEST_STEP][PASSED] - appName = findTestData(dataFile).getValue("AppNameQA", row): null

2022-03-31 23:48:13 - [TEST_STEP][PASSED] - appID = findTestData(dataFile).getValue("AppIDQA", row): null

2022-03-31 23:48:13 - [TEST_STEP][PASSED] - break: null

2022-03-31 23:48:13 - [TEST_STEP][PASSED] - hrefAppID = li_1 + appID + li_2: null

2022-03-31 23:48:13 - [TEST_STEP][PASSED] - hrefApp = li_1 + appID + "/": null

2022-03-31 23:48:13 - [TEST_STEP][PASSED] - println("hrefApp : " + hrefApp): null

2022-03-31 23:48:13 - [TEST_STEP][PASSED] - if (ExecuteTC.equalsIgnoreCase("Y")): null

2022-03-31 23:48:13 - [TEST_STEP][PASSED] - out.println("Begin Record Number: " + row): null

2022-03-31 23:48:13 - [TEST_STEP][PASSED] - today = new java.util.Date(): null

2022-03-31 23:48:13 - [TEST_STEP][PASSED] - println(today): null

2022-03-31 23:48:13 - [TEST_STEP][PASSED] - datText = today: null

2022-03-31 23:48:13 - [TEST_STEP][PASSED] - adminSuiteBootstrap.loginFunctionality.login_AdminSuite(): adminSuiteBootstrap.loginFunctionality.login_AdminSuite is PASSED

2022-03-31 23:48:13 - [MESSAGE][INFO] - Starting 'Chrome' driver

2022-03-31 23:48:13 - [MESSAGE][INFO] - User set preference: ['acceptInsecureCerts', 'true']

2022-03-31 23:48:13 - [MESSAGE][INFO] - Action delay is set to 0 milliseconds

2022-03-31 23:48:15 - [MESSAGE][PASSED] - Browser is opened with url: 'https://qa.velocitypayment.com/admin/imtiaz'

2022-03-31 23:48:15 - [MESSAGE][PASSED] - Current window maximized

2022-03-31 23:48:16 - [MESSAGE][PASSED] - Object 'Object Repository/Login_Page/Login_Username' is present

2022-03-31 23:48:16 - [MESSAGE][PASSED] - Text 'iahmed' is set on object 'Object Repository/Login_Page/Login_Username'

2022-03-31 23:48:17 - [MESSAGE][PASSED] - Text 'hello2222' is set on object 'Object Repository/Login_Page/Login_Password'

2022-03-31 23:48:20 - [MESSAGE][PASSED] - Object: 'Object Repository/Login_Page/Login_Submit' is clicked on

2022-03-31 23:48:20 - [MESSAGE][PASSED] - adminSuiteBootstrap.loginFunctionality.login_AdminSuite is PASSED

2022-03-31 23:48:20 - [TEST_STEP][PASSED] - click(findTestObject(path_Dashboard + appName)): Object: 'Object Repository/AdminSuiteBootstrap_Pages/Dashboard_Bootstrap/a_Access AutoNoCFtp' is clicked on

2022-03-31 23:48:21 - [MESSAGE][PASSED] - Object: 'Object Repository/AdminSuiteBootstrap_Pages/Dashboard_Bootstrap/a_Access AutoNoCFtp' is clicked on

2022-03-31 23:48:21 - [TEST_STEP][PASSED] - click(findTestObject(path_VT + "button_Authorization  Capture (Sale)")): Object: 'Object Repository/AdminSuiteBootstrap_Pages/VT_Bootstrap/IssueTransactions/button_Authorization  Capture (Sale)' is clicked on

2022-03-31 23:48:21 - [MESSAGE][PASSED] - Object: 'Object Repository/AdminSuiteBootstrap_Pages/VT_Bootstrap/IssueTransactions/button_Authorization  Capture (Sale)' is clicked on

2022-03-31 23:48:21 - [TEST_STEP][PASSED] - saleKeyboardEntryLink = modifyObjectProperty(findTestObject(path_VT + "a_KeyboardEntry_Sale"), "href", "equals", hrefAppID, true): Modify property of object successfully

2022-03-31 23:48:21 - [MESSAGE][PASSED] - Modify property of object successfully

2022-03-31 23:48:21 - [TEST_STEP][PASSED] - click(saleKeyboardEntryLink): Object: 'Object Repository/AdminSuiteBootstrap_Pages/VT_Bootstrap/IssueTransactions/a_KeyboardEntry_Sale' is clicked on

2022-03-31 23:48:22 - [MESSAGE][PASSED] - Object: 'Object Repository/AdminSuiteBootstrap_Pages/VT_Bootstrap/IssueTransactions/a_KeyboardEntry_Sale' is clicked on

2022-03-31 23:48:22 - [TEST_STEP][PASSED] - adminSuiteBootstrap.virtualTerminalSetData.saleKeyboard_DataDriven(row, dataFile): adminSuiteBootstrap.virtualTerminalSetData.saleKeyboard_DataDriven is PASSED

2022-03-31 23:48:25 - [MESSAGE][PASSED] - Text 'Tulsi Raman' is set on object 'Object Repository/AdminSuiteBootstrap_Pages/VT_Bootstrap/SaleKeyboard/input_cardName'

2022-03-31 23:48:26 - [MESSAGE][PASSED] - All options with value 'RETL' are selected in object 'Object Repository/AdminSuiteBootstrap_Pages/VT_Bootstrap/SaleKeyboard/select_transactionCategory'  using regular expression

2022-03-31 23:48:27 - [MESSAGE][PASSED] - Execute JavaScript 'arguments[0].value ='371449635392376' ' successfully

2022-03-31 23:48:27 - [MESSAGE][PASSED] - Execute JavaScript 'arguments[0].value ='123' ' successfully

2022-03-31 23:48:28 - [MESSAGE][PASSED] - All options with value '12' are selected in object 'Object Repository/AdminSuiteBootstrap_Pages/VT_Bootstrap/SaleKeyboard/select_MM'  using regular expression

2022-03-31 23:48:29 - [MESSAGE][PASSED] - All options with value '2025' are selected in object 'Object Repository/AdminSuiteBootstrap_Pages/VT_Bootstrap/SaleKeyboard/select_YYYY'  using regular expression

2022-03-31 23:48:30 - [MESSAGE][PASSED] - Text '550 Swan Lake' is set on object 'Object Repository/AdminSuiteBootstrap_Pages/VT_Bootstrap/SaleKeyboard/input__address'

2022-03-31 23:48:31 - [MESSAGE][PASSED] - Text 'Suite 500' is set on object 'Object Repository/AdminSuiteBootstrap_Pages/VT_Bootstrap/SaleKeyboard/input__address2'

2022-03-31 23:48:32 - [MESSAGE][PASSED] - Text '22201' is set on object 'Object Repository/AdminSuiteBootstrap_Pages/VT_Bootstrap/SaleKeyboard/input__zip'

2022-03-31 23:48:32 - [MESSAGE][PASSED] - Text '' is set on object 'Object Repository/AdminSuiteBootstrap_Pages/VT_Bootstrap/SaleKeyboard/input_emailAddress'

2022-03-31 23:48:34 - [MESSAGE][PASSED] - Text '' is set on object 'Object Repository/AdminSuiteBootstrap_Pages/VT_Bootstrap/SaleKeyboard/input_smsNumber'

2022-03-31 23:48:34 - [MESSAGE][PASSED] - Text '10.50' is set on object 'Object Repository/AdminSuiteBootstrap_Pages/VT_Bootstrap/SaleKeyboard/input_amount'

2022-03-31 23:48:35 - [MESSAGE][PASSED] - Text 'Australia' is set on object 'Object Repository/AdminSuiteBootstrap_Pages/VT_Bootstrap/SaleKeyboard/input_userDefined1'

2022-03-31 23:48:36 - [MESSAGE][PASSED] - Text 'Denmark' is set on object 'Object Repository/AdminSuiteBootstrap_Pages/VT_Bootstrap/SaleKeyboard/input_userDefined2'

2022-03-31 23:48:36 - [MESSAGE][PASSED] - Text 'Sweden' is set on object 'Object Repository/AdminSuiteBootstrap_Pages/VT_Bootstrap/SaleKeyboard/input_userDefined3'

2022-03-31 23:48:37 - [MESSAGE][PASSED] - Text 'Austria' is set on object 'Object Repository/AdminSuiteBootstrap_Pages/VT_Bootstrap/SaleKeyboard/input_userDefined4'

2022-03-31 23:48:38 - [MESSAGE][PASSED] - All options with label 'Orange' are selected in object 'Object Repository/AdminSuiteBootstrap_Pages/VT_Bootstrap/SaleKeyboard/select_UDF5_DropDown'  using regular expression

2022-03-31 23:48:39 - [MESSAGE][PASSED] - All options with label 'Yellow' are selected in object 'Object Repository/AdminSuiteBootstrap_Pages/VT_Bootstrap/SaleKeyboard/select_UDF6_DropDown'  using regular expression

2022-03-31 23:48:40 - [MESSAGE][PASSED] - Text 'Norway' is set on object 'Object Repository/AdminSuiteBootstrap_Pages/VT_Bootstrap/SaleKeyboard/input_userDefined7'

2022-03-31 23:48:41 - [MESSAGE][PASSED] - Text 'Netherlands' is set on object 'Object Repository/AdminSuiteBootstrap_Pages/VT_Bootstrap/SaleKeyboard/input_userDefined8'

2022-03-31 23:48:41 - [MESSAGE][PASSED] - Text 'Switzerland' is set on object 'Object Repository/AdminSuiteBootstrap_Pages/VT_Bootstrap/SaleKeyboard/input_userDefined9'

2022-03-31 23:48:42 - [MESSAGE][PASSED] - Text 'France' is set on object 'Object Repository/AdminSuiteBootstrap_Pages/VT_Bootstrap/SaleKeyboard/input_userDefined10'

2022-03-31 23:48:43 - [MESSAGE][PASSED] - Object: 'Object Repository/AdminSuiteBootstrap_Pages/VT_Bootstrap/SaleKeyboard/button_Submit' is clicked on

2022-03-31 23:48:43 - [MESSAGE][PASSED] - adminSuiteBootstrap.virtualTerminalSetData.saleKeyboard_DataDriven is PASSED

2022-03-31 23:48:43 - [TEST_STEP][PASSED] - if (verifyTextPresent("Transaction Successful", true)): null

2022-03-31 23:48:44 - [MESSAGE][PASSED] - Text 'Transaction Successful' is present on page  using regular expression

2022-03-31 23:48:44 - [TEST_STEP][PASSED] - sdf = getText(findTestObject(path_Receipt + "td_AutoNoC031622113752957Ahm")): Text of object 'Object Repository/AdminSuiteBootstrap_Pages/VT_Bootstrap/Receipt/td_AutoNoC031622113752957Ahm' is: 'AutoNoC033122234635049Ahm'

2022-03-31 23:48:44 - [MESSAGE][PASSED] - Text of object 'Object Repository/AdminSuiteBootstrap_Pages/VT_Bootstrap/Receipt/td_AutoNoC031622113752957Ahm' is: 'AutoNoC033122234635049Ahm'

2022-03-31 23:48:44 - [TEST_STEP][PASSED] - out.println("sdf: " + sdf): null

2022-03-31 23:48:44 - [TEST_STEP][PASSED] - remID = sdf: null

2022-03-31 23:48:44 - [TEST_STEP][PASSED] - out.println("remID: " + remID): null

2022-03-31 23:48:44 - [TEST_STEP][PASSED] - click(findTestObject(path_Receipt + "button_Continue")): Object: 'Object Repository/AdminSuiteBootstrap_Pages/VT_Bootstrap/Receipt/button_Continue' is clicked on

2022-03-31 23:48:45 - [MESSAGE][PASSED] - Object: 'Object Repository/AdminSuiteBootstrap_Pages/VT_Bootstrap/Receipt/button_Continue' is clicked on

2022-03-31 23:48:45 - [TEST_STEP][PASSED] - click(findTestObject(path_VT + "a_Search Transactions")): Object: 'Object Repository/AdminSuiteBootstrap_Pages/VT_Bootstrap/IssueTransactions/a_Search Transactions' is clicked on

2022-03-31 23:48:46 - [MESSAGE][PASSED] - Object: 'Object Repository/AdminSuiteBootstrap_Pages/VT_Bootstrap/IssueTransactions/a_Search Transactions' is clicked on

2022-03-31 23:48:46 - [TEST_STEP][PASSED] - setText(findTestObject(path_CCSearch + "input_Search By_searchValue"), remID): Text 'AutoNoC033122234635049Ahm' is set on object 'Object Repository/AdminSuiteBootstrap_Pages/VT_Bootstrap/CCCreditOrVoidSearch/input_Search By_searchValue'

2022-03-31 23:48:47 - [MESSAGE][PASSED] - Text 'AutoNoC033122234635049Ahm' is set on object 'Object Repository/AdminSuiteBootstrap_Pages/VT_Bootstrap/CCCreditOrVoidSearch/input_Search By_searchValue'

2022-03-31 23:48:47 - [TEST_STEP][PASSED] - click(findTestObject(path_CCSearch + "button_Submit")): Object: 'Object Repository/AdminSuiteBootstrap_Pages/VT_Bootstrap/CCCreditOrVoidSearch/button_Submit' is clicked on

2022-03-31 23:48:48 - [MESSAGE][PASSED] - Object: 'Object Repository/AdminSuiteBootstrap_Pages/VT_Bootstrap/CCCreditOrVoidSearch/button_Submit' is clicked on

2022-03-31 23:48:48 - [TEST_STEP][PASSED] - fgr = getText(findTestObject(path_SearchResults + "div_Payment ID")): Text of object 'Object Repository/AdminSuiteBootstrap_Pages/VT_Bootstrap/SearchResults/div_Payment ID' is: 'Payment ID
Payment Type
Transaction Type
Remittance ID
Name
Total Amount
End Date
Status
12114213 Credit Card Authorization and Capture AutoNoC033122234635049Ahm Tulsi Raman $10.50 03/31/2022 Success'

2022-03-31 23:48:49 - [MESSAGE][PASSED] - Text of object 'Object Repository/AdminSuiteBootstrap_Pages/VT_Bootstrap/SearchResults/div_Payment ID' is: 'Payment ID
Payment Type
Transaction Type
Remittance ID
Name
Total Amount
End Date
Status
12114213 Credit Card Authorization and Capture AutoNoC033122234635049Ahm Tulsi Raman $10.50 03/31/2022 Success'

2022-03-31 23:48:49 - [TEST_STEP][PASSED] - payID = substring(89, 98).trim(): null

2022-03-31 23:48:49 - [TEST_STEP][PASSED] - out.println("payID: " + payID): null

2022-03-31 23:48:49 - [TEST_STEP][PASSED] - click(findTestObject(path_SearchResults + "button_PaymentID")): Object: 'Object Repository/AdminSuiteBootstrap_Pages/VT_Bootstrap/SearchResults/button_PaymentID' is clicked on

2022-03-31 23:48:49 - [MESSAGE][PASSED] - Object: 'Object Repository/AdminSuiteBootstrap_Pages/VT_Bootstrap/SearchResults/button_PaymentID' is clicked on

2022-03-31 23:48:49 - [TEST_STEP][PASSED] - verifyTextPresent("Tender Type", true): Text 'Tender Type' is present on page  using regular expression

2022-03-31 23:48:50 - [MESSAGE][PASSED] - Text 'Tender Type' is present on page  using regular expression

2022-03-31 23:48:50 - [TEST_STEP][PASSED] - verifyTextPresent("Credit Card", true): Text 'Credit Card' is present on page  using regular expression

2022-03-31 23:48:50 - [MESSAGE][PASSED] - Text 'Credit Card' is present on page  using regular expression

2022-03-31 23:48:50 - [TEST_STEP][PASSED] - verifyTextPresent("Transaction Type", true): Text 'Transaction Type' is present on page  using regular expression

2022-03-31 23:48:51 - [MESSAGE][PASSED] - Text 'Transaction Type' is present on page  using regular expression

2022-03-31 23:48:51 - [TEST_STEP][PASSED] - verifyTextPresent("Authorization and Capture", true): Text 'Authorization and Capture' is present on page  using regular expression

2022-03-31 23:48:51 - [MESSAGE][PASSED] - Text 'Authorization and Capture' is present on page  using regular expression

2022-03-31 23:48:51 - [TEST_STEP][PASSED] - verifyTextPresent("Transaction Posted by", true): Text 'Transaction Posted by' is present on page  using regular expression

2022-03-31 23:48:51 - [MESSAGE][PASSED] - Text 'Transaction Posted by' is present on page  using regular expression

2022-03-31 23:48:51 - [TEST_STEP][PASSED] - verifyTextPresent("iahmed", true): Text 'iahmed' is present on page  using regular expression

2022-03-31 23:48:52 - [MESSAGE][PASSED] - Text 'iahmed' is present on page  using regular expression

2022-03-31 23:48:52 - [TEST_STEP][PASSED] - click(findTestObject(path_TranxDetails + "a_Void this transaction")): Object: 'Object Repository/AdminSuiteBootstrap_Pages/VT_Bootstrap/TransactionDetails/a_Void this transaction' is clicked on

2022-03-31 23:48:53 - [MESSAGE][PASSED] - Object: 'Object Repository/AdminSuiteBootstrap_Pages/VT_Bootstrap/TransactionDetails/a_Void this transaction' is clicked on

2022-03-31 23:48:53 - [TEST_STEP][PASSED] - verifyTextPresent("The following transaction will be voided", true): Text 'The following transaction will be voided' is present on page  using regular expression

2022-03-31 23:48:53 - [MESSAGE][PASSED] - Text 'The following transaction will be voided' is present on page  using regular expression

2022-03-31 23:48:53 - [TEST_STEP][PASSED] - verifyTextPresent("Please press submit to continue", true): Text 'Please press submit to continue' is present on page  using regular expression

2022-03-31 23:48:54 - [MESSAGE][PASSED] - Text 'Please press submit to continue' is present on page  using regular expression

2022-03-31 23:48:54 - [TEST_STEP][PASSED] - click(findTestObject(path_TranxDetails + "button_Submit")): Object: 'Object Repository/AdminSuiteBootstrap_Pages/VT_Bootstrap/TransactionDetails/button_Submit' is clicked on

2022-03-31 23:48:55 - [MESSAGE][PASSED] - Object: 'Object Repository/AdminSuiteBootstrap_Pages/VT_Bootstrap/TransactionDetails/button_Submit' is clicked on

2022-03-31 23:48:55 - [TEST_STEP][PASSED] - verifyTextPresent("Transaction Successful", true): Text 'Transaction Successful' is present on page  using regular expression

2022-03-31 23:48:56 - [MESSAGE][PASSED] - Text 'Transaction Successful' is present on page  using regular expression

2022-03-31 23:48:56 - [TEST_STEP][PASSED] - verifyTextPresent("Transaction Type", true): Text 'Transaction Type' is present on page  using regular expression

2022-03-31 23:48:56 - [MESSAGE][PASSED] - Text 'Transaction Type' is present on page  using regular expression

2022-03-31 23:48:56 - [TEST_STEP][PASSED] - verifyTextPresent("Void", true): Text 'Void' is present on page  using regular expression

2022-03-31 23:48:57 - [MESSAGE][PASSED] - Text 'Void' is present on page  using regular expression

2022-03-31 23:48:57 - [TEST_STEP][PASSED] - closeBrowser(): Browser is closed

2022-03-31 23:48:57 - [MESSAGE][PASSED] - Browser is closed

2022-03-31 23:48:57 - [TEST_STEP][PASSED] - ExecuteTC = findTestData(dataFile).getValue("Execute", row): null

2022-03-31 23:48:58 - [TEST_STEP][PASSED] - out.println("Value of Execute is : " + ExecuteTC): null

2022-03-31 23:48:58 - [TEST_STEP][PASSED] - switch (executionProfile): null

2022-03-31 23:48:58 - [TEST_STEP][PASSED] - case "QAProfile":: null

2022-03-31 23:48:58 - [TEST_STEP][PASSED] - appName = findTestData(dataFile).getValue("AppNameQA", row): null

2022-03-31 23:48:58 - [TEST_STEP][PASSED] - appID = findTestData(dataFile).getValue("AppIDQA", row): null

2022-03-31 23:48:58 - [TEST_STEP][PASSED] - break: null

2022-03-31 23:48:58 - [TEST_STEP][PASSED] - hrefAppID = li_1 + appID + li_2: null

2022-03-31 23:48:58 - [TEST_STEP][PASSED] - hrefApp = li_1 + appID + "/": null

2022-03-31 23:48:58 - [TEST_STEP][PASSED] - println("hrefApp : " + hrefApp): null

2022-03-31 23:48:58 - [TEST_STEP][PASSED] - if (ExecuteTC.equalsIgnoreCase("Y")): null

2022-03-31 23:48:58 - [TEST_STEP][PASSED] - out.println("Begin Record Number: " + row): null

2022-03-31 23:48:58 - [TEST_STEP][PASSED] - today = new java.util.Date(): null

2022-03-31 23:48:58 - [TEST_STEP][PASSED] - println(today): null

2022-03-31 23:48:58 - [TEST_STEP][PASSED] - datText = today: null

2022-03-31 23:48:58 - [TEST_STEP][PASSED] - adminSuiteBootstrap.loginFunctionality.login_AdminSuite(): adminSuiteBootstrap.loginFunctionality.login_AdminSuite is PASSED

2022-03-31 23:48:58 - [MESSAGE][INFO] - Starting 'Chrome' driver

2022-03-31 23:48:58 - [MESSAGE][INFO] - User set preference: ['acceptInsecureCerts', 'true']

2022-03-31 23:48:58 - [MESSAGE][INFO] - Action delay is set to 0 milliseconds

2022-03-31 23:49:00 - [MESSAGE][PASSED] - Browser is opened with url: 'https://qa.velocitypayment.com/admin/imtiaz'

2022-03-31 23:49:00 - [MESSAGE][PASSED] - Current window maximized

2022-03-31 23:49:01 - [MESSAGE][PASSED] - Object 'Object Repository/Login_Page/Login_Username' is present

2022-03-31 23:49:01 - [MESSAGE][PASSED] - Text 'iahmed' is set on object 'Object Repository/Login_Page/Login_Username'

2022-03-31 23:49:02 - [MESSAGE][PASSED] - Text 'hello2222' is set on object 'Object Repository/Login_Page/Login_Password'

2022-03-31 23:49:05 - [MESSAGE][PASSED] - Object: 'Object Repository/Login_Page/Login_Submit' is clicked on

2022-03-31 23:49:05 - [MESSAGE][PASSED] - adminSuiteBootstrap.loginFunctionality.login_AdminSuite is PASSED

2022-03-31 23:49:05 - [TEST_STEP][PASSED] - click(findTestObject(path_Dashboard + appName)): Object: 'Object Repository/AdminSuiteBootstrap_Pages/Dashboard_Bootstrap/a_Access AutoNoCFtp' is clicked on

2022-03-31 23:49:06 - [MESSAGE][PASSED] - Object: 'Object Repository/AdminSuiteBootstrap_Pages/Dashboard_Bootstrap/a_Access AutoNoCFtp' is clicked on

2022-03-31 23:49:06 - [TEST_STEP][PASSED] - click(findTestObject(path_VT + "button_Authorization  Capture (Sale)")): Object: 'Object Repository/AdminSuiteBootstrap_Pages/VT_Bootstrap/IssueTransactions/button_Authorization  Capture (Sale)' is clicked on

2022-03-31 23:49:06 - [MESSAGE][PASSED] - Object: 'Object Repository/AdminSuiteBootstrap_Pages/VT_Bootstrap/IssueTransactions/button_Authorization  Capture (Sale)' is clicked on

2022-03-31 23:49:06 - [TEST_STEP][PASSED] - saleKeyboardEntryLink = modifyObjectProperty(findTestObject(path_VT + "a_KeyboardEntry_Sale"), "href", "equals", hrefAppID, true): Modify property of object successfully

2022-03-31 23:49:06 - [MESSAGE][PASSED] - Modify property of object successfully

2022-03-31 23:49:06 - [TEST_STEP][PASSED] - click(saleKeyboardEntryLink): Object: 'Object Repository/AdminSuiteBootstrap_Pages/VT_Bootstrap/IssueTransactions/a_KeyboardEntry_Sale' is clicked on

2022-03-31 23:49:07 - [MESSAGE][PASSED] - Object: 'Object Repository/AdminSuiteBootstrap_Pages/VT_Bootstrap/IssueTransactions/a_KeyboardEntry_Sale' is clicked on

2022-03-31 23:49:07 - [TEST_STEP][PASSED] - adminSuiteBootstrap.virtualTerminalSetData.saleKeyboard_DataDriven(row, dataFile): adminSuiteBootstrap.virtualTerminalSetData.saleKeyboard_DataDriven is PASSED

2022-03-31 23:49:10 - [MESSAGE][PASSED] - Text 'Tulsi Raman' is set on object 'Object Repository/AdminSuiteBootstrap_Pages/VT_Bootstrap/SaleKeyboard/input_cardName'

2022-03-31 23:49:11 - [MESSAGE][PASSED] - All options with value 'RETL' are selected in object 'Object Repository/AdminSuiteBootstrap_Pages/VT_Bootstrap/SaleKeyboard/select_transactionCategory'  using regular expression

2022-03-31 23:49:11 - [MESSAGE][PASSED] - Execute JavaScript 'arguments[0].value ='6011000993026909' ' successfully

2022-03-31 23:49:12 - [MESSAGE][PASSED] - Execute JavaScript 'arguments[0].value ='123' ' successfully

2022-03-31 23:49:13 - [MESSAGE][PASSED] - All options with value '12' are selected in object 'Object Repository/AdminSuiteBootstrap_Pages/VT_Bootstrap/SaleKeyboard/select_MM'  using regular expression

2022-03-31 23:49:14 - [MESSAGE][PASSED] - All options with value '2025' are selected in object 'Object Repository/AdminSuiteBootstrap_Pages/VT_Bootstrap/SaleKeyboard/select_YYYY'  using regular expression

2022-03-31 23:49:15 - [MESSAGE][PASSED] - Text '25987 Hill Top' is set on object 'Object Repository/AdminSuiteBootstrap_Pages/VT_Bootstrap/SaleKeyboard/input__address'

2022-03-31 23:49:15 - [MESSAGE][PASSED] - Text 'Suite 500' is set on object 'Object Repository/AdminSuiteBootstrap_Pages/VT_Bootstrap/SaleKeyboard/input__address2'

2022-03-31 23:49:16 - [MESSAGE][PASSED] - Text '22201' is set on object 'Object Repository/AdminSuiteBootstrap_Pages/VT_Bootstrap/SaleKeyboard/input__zip'

2022-03-31 23:49:17 - [MESSAGE][PASSED] - Text '' is set on object 'Object Repository/AdminSuiteBootstrap_Pages/VT_Bootstrap/SaleKeyboard/input_emailAddress'

2022-03-31 23:49:18 - [MESSAGE][PASSED] - Text '' is set on object 'Object Repository/AdminSuiteBootstrap_Pages/VT_Bootstrap/SaleKeyboard/input_smsNumber'

2022-03-31 23:49:19 - [MESSAGE][PASSED] - Text '10.50' is set on object 'Object Repository/AdminSuiteBootstrap_Pages/VT_Bootstrap/SaleKeyboard/input_amount'

2022-03-31 23:49:19 - [MESSAGE][PASSED] - Text 'Australia' is set on object 'Object Repository/AdminSuiteBootstrap_Pages/VT_Bootstrap/SaleKeyboard/input_userDefined1'

2022-03-31 23:49:20 - [MESSAGE][PASSED] - Text 'Denmark' is set on object 'Object Repository/AdminSuiteBootstrap_Pages/VT_Bootstrap/SaleKeyboard/input_userDefined2'

2022-03-31 23:49:21 - [MESSAGE][PASSED] - Text 'Sweden' is set on object 'Object Repository/AdminSuiteBootstrap_Pages/VT_Bootstrap/SaleKeyboard/input_userDefined3'

2022-03-31 23:49:22 - [MESSAGE][PASSED] - Text 'Austria' is set on object 'Object Repository/AdminSuiteBootstrap_Pages/VT_Bootstrap/SaleKeyboard/input_userDefined4'

2022-03-31 23:49:23 - [MESSAGE][PASSED] - All options with label 'Orange' are selected in object 'Object Repository/AdminSuiteBootstrap_Pages/VT_Bootstrap/SaleKeyboard/select_UDF5_DropDown'  using regular expression

2022-03-31 23:49:24 - [MESSAGE][PASSED] - All options with label 'Yellow' are selected in object 'Object Repository/AdminSuiteBootstrap_Pages/VT_Bootstrap/SaleKeyboard/select_UDF6_DropDown'  using regular expression

2022-03-31 23:49:24 - [MESSAGE][PASSED] - Text 'Norway' is set on object 'Object Repository/AdminSuiteBootstrap_Pages/VT_Bootstrap/SaleKeyboard/input_userDefined7'

2022-03-31 23:49:25 - [MESSAGE][PASSED] - Text 'Netherlands' is set on object 'Object Repository/AdminSuiteBootstrap_Pages/VT_Bootstrap/SaleKeyboard/input_userDefined8'

2022-03-31 23:49:26 - [MESSAGE][PASSED] - Text 'Switzerland' is set on object 'Object Repository/AdminSuiteBootstrap_Pages/VT_Bootstrap/SaleKeyboard/input_userDefined9'

2022-03-31 23:49:26 - [MESSAGE][PASSED] - Text 'France' is set on object 'Object Repository/AdminSuiteBootstrap_Pages/VT_Bootstrap/SaleKeyboard/input_userDefined10'

2022-03-31 23:49:28 - [MESSAGE][PASSED] - Object: 'Object Repository/AdminSuiteBootstrap_Pages/VT_Bootstrap/SaleKeyboard/button_Submit' is clicked on

2022-03-31 23:49:28 - [MESSAGE][PASSED] - adminSuiteBootstrap.virtualTerminalSetData.saleKeyboard_DataDriven is PASSED

2022-03-31 23:49:28 - [TEST_STEP][PASSED] - if (verifyTextPresent("Transaction Successful", true)): null

2022-03-31 23:49:28 - [MESSAGE][PASSED] - Text 'Transaction Successful' is present on page  using regular expression

2022-03-31 23:49:28 - [TEST_STEP][PASSED] - sdf = getText(findTestObject(path_Receipt + "td_AutoNoC031622113752957Ahm")): Text of object 'Object Repository/AdminSuiteBootstrap_Pages/VT_Bootstrap/Receipt/td_AutoNoC031622113752957Ahm' is: 'AutoNoC033122234719624Ahm'

2022-03-31 23:49:29 - [MESSAGE][PASSED] - Text of object 'Object Repository/AdminSuiteBootstrap_Pages/VT_Bootstrap/Receipt/td_AutoNoC031622113752957Ahm' is: 'AutoNoC033122234719624Ahm'

2022-03-31 23:49:29 - [TEST_STEP][PASSED] - out.println("sdf: " + sdf): null

2022-03-31 23:49:29 - [TEST_STEP][PASSED] - remID = sdf: null

2022-03-31 23:49:29 - [TEST_STEP][PASSED] - out.println("remID: " + remID): null

2022-03-31 23:49:29 - [TEST_STEP][PASSED] - click(findTestObject(path_Receipt + "button_Continue")): Object: 'Object Repository/AdminSuiteBootstrap_Pages/VT_Bootstrap/Receipt/button_Continue' is clicked on

2022-03-31 23:49:30 - [MESSAGE][PASSED] - Object: 'Object Repository/AdminSuiteBootstrap_Pages/VT_Bootstrap/Receipt/button_Continue' is clicked on

2022-03-31 23:49:30 - [TEST_STEP][PASSED] - click(findTestObject(path_VT + "a_Search Transactions")): Object: 'Object Repository/AdminSuiteBootstrap_Pages/VT_Bootstrap/IssueTransactions/a_Search Transactions' is clicked on

2022-03-31 23:49:31 - [MESSAGE][PASSED] - Object: 'Object Repository/AdminSuiteBootstrap_Pages/VT_Bootstrap/IssueTransactions/a_Search Transactions' is clicked on

2022-03-31 23:49:31 - [TEST_STEP][PASSED] - setText(findTestObject(path_CCSearch + "input_Search By_searchValue"), remID): Text 'AutoNoC033122234719624Ahm' is set on object 'Object Repository/AdminSuiteBootstrap_Pages/VT_Bootstrap/CCCreditOrVoidSearch/input_Search By_searchValue'

2022-03-31 23:49:32 - [MESSAGE][PASSED] - Text 'AutoNoC033122234719624Ahm' is set on object 'Object Repository/AdminSuiteBootstrap_Pages/VT_Bootstrap/CCCreditOrVoidSearch/input_Search By_searchValue'

2022-03-31 23:49:32 - [TEST_STEP][PASSED] - click(findTestObject(path_CCSearch + "button_Submit")): Object: 'Object Repository/AdminSuiteBootstrap_Pages/VT_Bootstrap/CCCreditOrVoidSearch/button_Submit' is clicked on

2022-03-31 23:49:32 - [MESSAGE][PASSED] - Object: 'Object Repository/AdminSuiteBootstrap_Pages/VT_Bootstrap/CCCreditOrVoidSearch/button_Submit' is clicked on

2022-03-31 23:49:32 - [TEST_STEP][PASSED] - fgr = getText(findTestObject(path_SearchResults + "div_Payment ID")): Text of object 'Object Repository/AdminSuiteBootstrap_Pages/VT_Bootstrap/SearchResults/div_Payment ID' is: 'Payment ID
Payment Type
Transaction Type
Remittance ID
Name
Total Amount
End Date
Status
12114215 Credit Card Authorization and Capture AutoNoC033122234719624Ahm Tulsi Raman $10.50 03/31/2022 Success'

2022-03-31 23:49:33 - [MESSAGE][PASSED] - Text of object 'Object Repository/AdminSuiteBootstrap_Pages/VT_Bootstrap/SearchResults/div_Payment ID' is: 'Payment ID
Payment Type
Transaction Type
Remittance ID
Name
Total Amount
End Date
Status
12114215 Credit Card Authorization and Capture AutoNoC033122234719624Ahm Tulsi Raman $10.50 03/31/2022 Success'

2022-03-31 23:49:33 - [TEST_STEP][PASSED] - payID = substring(89, 98).trim(): null

2022-03-31 23:49:33 - [TEST_STEP][PASSED] - out.println("payID: " + payID): null

2022-03-31 23:49:33 - [TEST_STEP][PASSED] - click(findTestObject(path_SearchResults + "button_PaymentID")): Object: 'Object Repository/AdminSuiteBootstrap_Pages/VT_Bootstrap/SearchResults/button_PaymentID' is clicked on

2022-03-31 23:49:34 - [MESSAGE][PASSED] - Object: 'Object Repository/AdminSuiteBootstrap_Pages/VT_Bootstrap/SearchResults/button_PaymentID' is clicked on

2022-03-31 23:49:34 - [TEST_STEP][PASSED] - verifyTextPresent("Tender Type", true): Text 'Tender Type' is present on page  using regular expression

2022-03-31 23:49:34 - [MESSAGE][PASSED] - Text 'Tender Type' is present on page  using regular expression

2022-03-31 23:49:34 - [TEST_STEP][PASSED] - verifyTextPresent("Credit Card", true): Text 'Credit Card' is present on page  using regular expression

2022-03-31 23:49:35 - [MESSAGE][PASSED] - Text 'Credit Card' is present on page  using regular expression

2022-03-31 23:49:35 - [TEST_STEP][PASSED] - verifyTextPresent("Transaction Type", true): Text 'Transaction Type' is present on page  using regular expression

2022-03-31 23:49:35 - [MESSAGE][PASSED] - Text 'Transaction Type' is present on page  using regular expression

2022-03-31 23:49:35 - [TEST_STEP][PASSED] - verifyTextPresent("Authorization and Capture", true): Text 'Authorization and Capture' is present on page  using regular expression

2022-03-31 23:49:35 - [MESSAGE][PASSED] - Text 'Authorization and Capture' is present on page  using regular expression

2022-03-31 23:49:35 - [TEST_STEP][PASSED] - verifyTextPresent("Transaction Posted by", true): Text 'Transaction Posted by' is present on page  using regular expression

2022-03-31 23:49:36 - [MESSAGE][PASSED] - Text 'Transaction Posted by' is present on page  using regular expression

2022-03-31 23:49:36 - [TEST_STEP][PASSED] - verifyTextPresent("iahmed", true): Text 'iahmed' is present on page  using regular expression

2022-03-31 23:49:36 - [MESSAGE][PASSED] - Text 'iahmed' is present on page  using regular expression

2022-03-31 23:49:36 - [TEST_STEP][PASSED] - click(findTestObject(path_TranxDetails + "a_Void this transaction")): Object: 'Object Repository/AdminSuiteBootstrap_Pages/VT_Bootstrap/TransactionDetails/a_Void this transaction' is clicked on

2022-03-31 23:49:37 - [MESSAGE][PASSED] - Object: 'Object Repository/AdminSuiteBootstrap_Pages/VT_Bootstrap/TransactionDetails/a_Void this transaction' is clicked on

2022-03-31 23:49:37 - [TEST_STEP][PASSED] - verifyTextPresent("The following transaction will be voided", true): Text 'The following transaction will be voided' is present on page  using regular expression

2022-03-31 23:49:38 - [MESSAGE][PASSED] - Text 'The following transaction will be voided' is present on page  using regular expression

2022-03-31 23:49:38 - [TEST_STEP][PASSED] - verifyTextPresent("Please press submit to continue", true): Text 'Please press submit to continue' is present on page  using regular expression

2022-03-31 23:49:38 - [MESSAGE][PASSED] - Text 'Please press submit to continue' is present on page  using regular expression

2022-03-31 23:49:38 - [TEST_STEP][PASSED] - click(findTestObject(path_TranxDetails + "button_Submit")): Object: 'Object Repository/AdminSuiteBootstrap_Pages/VT_Bootstrap/TransactionDetails/button_Submit' is clicked on

2022-03-31 23:49:40 - [MESSAGE][PASSED] - Object: 'Object Repository/AdminSuiteBootstrap_Pages/VT_Bootstrap/TransactionDetails/button_Submit' is clicked on

2022-03-31 23:49:40 - [TEST_STEP][PASSED] - verifyTextPresent("Transaction Successful", true): Text 'Transaction Successful' is present on page  using regular expression

2022-03-31 23:49:40 - [MESSAGE][PASSED] - Text 'Transaction Successful' is present on page  using regular expression

2022-03-31 23:49:40 - [TEST_STEP][PASSED] - verifyTextPresent("Transaction Type", true): Text 'Transaction Type' is present on page  using regular expression

2022-03-31 23:49:41 - [MESSAGE][PASSED] - Text 'Transaction Type' is present on page  using regular expression

2022-03-31 23:49:41 - [TEST_STEP][PASSED] - verifyTextPresent("Void", true): Text 'Void' is present on page  using regular expression

2022-03-31 23:49:41 - [MESSAGE][PASSED] - Text 'Void' is present on page  using regular expression

2022-03-31 23:49:41 - [TEST_STEP][PASSED] - closeBrowser(): Browser is closed

2022-03-31 23:49:42 - [MESSAGE][PASSED] - Browser is closed

2022-03-31 23:49:42 - [TEST_STEP][PASSED] - ExecuteTC = findTestData(dataFile).getValue("Execute", row): null

2022-03-31 23:49:42 - [TEST_STEP][PASSED] - out.println("Value of Execute is : " + ExecuteTC): null

2022-03-31 23:49:42 - [TEST_STEP][PASSED] - switch (executionProfile): null

2022-03-31 23:49:42 - [TEST_STEP][PASSED] - case "QAProfile":: null

2022-03-31 23:49:42 - [TEST_STEP][PASSED] - appName = findTestData(dataFile).getValue("AppNameQA", row): null

2022-03-31 23:49:42 - [TEST_STEP][PASSED] - appID = findTestData(dataFile).getValue("AppIDQA", row): null

2022-03-31 23:49:42 - [TEST_STEP][PASSED] - break: null

2022-03-31 23:49:42 - [TEST_STEP][PASSED] - hrefAppID = li_1 + appID + li_2: null

2022-03-31 23:49:42 - [TEST_STEP][PASSED] - hrefApp = li_1 + appID + "/": null

2022-03-31 23:49:42 - [TEST_STEP][PASSED] - println("hrefApp : " + hrefApp): null

2022-03-31 23:49:42 - [TEST_STEP][PASSED] - if (ExecuteTC.equalsIgnoreCase("Y")): null

2022-03-31 23:49:42 - [TEST_STEP][PASSED] - out.println("Begin Record Number: " + row): null

2022-03-31 23:49:42 - [TEST_STEP][PASSED] - today = new java.util.Date(): null

2022-03-31 23:49:42 - [TEST_STEP][PASSED] - println(today): null

2022-03-31 23:49:42 - [TEST_STEP][PASSED] - datText = today: null

2022-03-31 23:49:42 - [TEST_STEP][PASSED] - adminSuiteBootstrap.loginFunctionality.login_AdminSuite(): adminSuiteBootstrap.loginFunctionality.login_AdminSuite is PASSED

2022-03-31 23:49:42 - [MESSAGE][INFO] - Starting 'Chrome' driver

2022-03-31 23:49:42 - [MESSAGE][INFO] - User set preference: ['acceptInsecureCerts', 'true']

2022-03-31 23:49:42 - [MESSAGE][INFO] - Action delay is set to 0 milliseconds

2022-03-31 23:49:45 - [MESSAGE][PASSED] - Browser is opened with url: 'https://qa.velocitypayment.com/admin/imtiaz'

2022-03-31 23:49:45 - [MESSAGE][PASSED] - Current window maximized

2022-03-31 23:49:45 - [MESSAGE][PASSED] - Object 'Object Repository/Login_Page/Login_Username' is present

2022-03-31 23:49:46 - [MESSAGE][PASSED] - Text 'iahmed' is set on object 'Object Repository/Login_Page/Login_Username'

2022-03-31 23:49:47 - [MESSAGE][PASSED] - Text 'hello2222' is set on object 'Object Repository/Login_Page/Login_Password'

2022-03-31 23:49:51 - [MESSAGE][PASSED] - Object: 'Object Repository/Login_Page/Login_Submit' is clicked on

2022-03-31 23:49:51 - [MESSAGE][PASSED] - adminSuiteBootstrap.loginFunctionality.login_AdminSuite is PASSED

2022-03-31 23:49:51 - [TEST_STEP][PASSED] - click(findTestObject(path_Dashboard + appName)): Object: 'Object Repository/AdminSuiteBootstrap_Pages/Dashboard_Bootstrap/a_Access AutoNoCFtp' is clicked on

2022-03-31 23:49:52 - [MESSAGE][PASSED] - Object: 'Object Repository/AdminSuiteBootstrap_Pages/Dashboard_Bootstrap/a_Access AutoNoCFtp' is clicked on

2022-03-31 23:49:52 - [TEST_STEP][PASSED] - click(findTestObject(path_VT + "button_Authorization  Capture (Sale)")): Object: 'Object Repository/AdminSuiteBootstrap_Pages/VT_Bootstrap/IssueTransactions/button_Authorization  Capture (Sale)' is clicked on

2022-03-31 23:49:53 - [MESSAGE][PASSED] - Object: 'Object Repository/AdminSuiteBootstrap_Pages/VT_Bootstrap/IssueTransactions/button_Authorization  Capture (Sale)' is clicked on

2022-03-31 23:49:53 - [TEST_STEP][PASSED] - saleKeyboardEntryLink = modifyObjectProperty(findTestObject(path_VT + "a_KeyboardEntry_Sale"), "href", "equals", hrefAppID, true): Modify property of object successfully

2022-03-31 23:49:53 - [MESSAGE][PASSED] - Modify property of object successfully

2022-03-31 23:49:53 - [TEST_STEP][PASSED] - click(saleKeyboardEntryLink): Object: 'Object Repository/AdminSuiteBootstrap_Pages/VT_Bootstrap/IssueTransactions/a_KeyboardEntry_Sale' is clicked on

2022-03-31 23:49:54 - [MESSAGE][PASSED] - Object: 'Object Repository/AdminSuiteBootstrap_Pages/VT_Bootstrap/IssueTransactions/a_KeyboardEntry_Sale' is clicked on

2022-03-31 23:49:54 - [TEST_STEP][PASSED] - adminSuiteBootstrap.virtualTerminalSetData.saleKeyboard_DataDriven(row, dataFile): adminSuiteBootstrap.virtualTerminalSetData.saleKeyboard_DataDriven is PASSED

2022-03-31 23:49:56 - [MESSAGE][PASSED] - Text 'Janaki James' is set on object 'Object Repository/AdminSuiteBootstrap_Pages/VT_Bootstrap/SaleKeyboard/input_cardName'

2022-03-31 23:49:57 - [MESSAGE][PASSED] - All options with value 'MOTO' are selected in object 'Object Repository/AdminSuiteBootstrap_Pages/VT_Bootstrap/SaleKeyboard/select_transactionCategory'  using regular expression

2022-03-31 23:49:58 - [MESSAGE][PASSED] - Execute JavaScript 'arguments[0].value ='4012000098765439' ' successfully

2022-03-31 23:49:58 - [MESSAGE][PASSED] - Execute JavaScript 'arguments[0].value ='123' ' successfully

2022-03-31 23:49:59 - [MESSAGE][PASSED] - All options with value '12' are selected in object 'Object Repository/AdminSuiteBootstrap_Pages/VT_Bootstrap/SaleKeyboard/select_MM'  using regular expression

2022-03-31 23:50:01 - [MESSAGE][PASSED] - All options with value '2025' are selected in object 'Object Repository/AdminSuiteBootstrap_Pages/VT_Bootstrap/SaleKeyboard/select_YYYY'  using regular expression

2022-03-31 23:50:01 - [MESSAGE][PASSED] - Text '36 Cornor Road' is set on object 'Object Repository/AdminSuiteBootstrap_Pages/VT_Bootstrap/SaleKeyboard/input__address'

2022-03-31 23:50:02 - [MESSAGE][PASSED] - Text 'Suite 500' is set on object 'Object Repository/AdminSuiteBootstrap_Pages/VT_Bootstrap/SaleKeyboard/input__address2'

2022-03-31 23:50:03 - [MESSAGE][PASSED] - Text '22201' is set on object 'Object Repository/AdminSuiteBootstrap_Pages/VT_Bootstrap/SaleKeyboard/input__zip'

2022-03-31 23:50:03 - [MESSAGE][PASSED] - Text '' is set on object 'Object Repository/AdminSuiteBootstrap_Pages/VT_Bootstrap/SaleKeyboard/input_emailAddress'

2022-03-31 23:50:05 - [MESSAGE][PASSED] - Text '' is set on object 'Object Repository/AdminSuiteBootstrap_Pages/VT_Bootstrap/SaleKeyboard/input_smsNumber'

2022-03-31 23:50:05 - [MESSAGE][PASSED] - Text '10.50' is set on object 'Object Repository/AdminSuiteBootstrap_Pages/VT_Bootstrap/SaleKeyboard/input_amount'

2022-03-31 23:50:06 - [MESSAGE][PASSED] - Text 'Australia' is set on object 'Object Repository/AdminSuiteBootstrap_Pages/VT_Bootstrap/SaleKeyboard/input_userDefined1'

2022-03-31 23:50:07 - [MESSAGE][PASSED] - Text 'Denmark' is set on object 'Object Repository/AdminSuiteBootstrap_Pages/VT_Bootstrap/SaleKeyboard/input_userDefined2'

2022-03-31 23:50:07 - [MESSAGE][PASSED] - Text 'Sweden' is set on object 'Object Repository/AdminSuiteBootstrap_Pages/VT_Bootstrap/SaleKeyboard/input_userDefined3'

2022-03-31 23:50:08 - [MESSAGE][PASSED] - Text 'Austria' is set on object 'Object Repository/AdminSuiteBootstrap_Pages/VT_Bootstrap/SaleKeyboard/input_userDefined4'

2022-03-31 23:50:09 - [MESSAGE][PASSED] - All options with label 'Orange' are selected in object 'Object Repository/AdminSuiteBootstrap_Pages/VT_Bootstrap/SaleKeyboard/select_UDF5_DropDown'  using regular expression

2022-03-31 23:50:10 - [MESSAGE][PASSED] - All options with label 'Yellow' are selected in object 'Object Repository/AdminSuiteBootstrap_Pages/VT_Bootstrap/SaleKeyboard/select_UDF6_DropDown'  using regular expression

2022-03-31 23:50:11 - [MESSAGE][PASSED] - Text 'Norway' is set on object 'Object Repository/AdminSuiteBootstrap_Pages/VT_Bootstrap/SaleKeyboard/input_userDefined7'

2022-03-31 23:50:12 - [MESSAGE][PASSED] - Text 'Netherlands' is set on object 'Object Repository/AdminSuiteBootstrap_Pages/VT_Bootstrap/SaleKeyboard/input_userDefined8'

2022-03-31 23:50:12 - [MESSAGE][PASSED] - Text 'Switzerland' is set on object 'Object Repository/AdminSuiteBootstrap_Pages/VT_Bootstrap/SaleKeyboard/input_userDefined9'

2022-03-31 23:50:13 - [MESSAGE][PASSED] - Text 'France' is set on object 'Object Repository/AdminSuiteBootstrap_Pages/VT_Bootstrap/SaleKeyboard/input_userDefined10'

2022-03-31 23:50:15 - [MESSAGE][PASSED] - Object: 'Object Repository/AdminSuiteBootstrap_Pages/VT_Bootstrap/SaleKeyboard/button_Submit' is clicked on

2022-03-31 23:50:15 - [MESSAGE][PASSED] - adminSuiteBootstrap.virtualTerminalSetData.saleKeyboard_DataDriven is PASSED

2022-03-31 23:50:15 - [TEST_STEP][PASSED] - if (verifyTextPresent("Transaction Successful", true)): null

2022-03-31 23:50:15 - [MESSAGE][PASSED] - Text 'Transaction Successful' is present on page  using regular expression

2022-03-31 23:50:15 - [TEST_STEP][PASSED] - sdf = getText(findTestObject(path_Receipt + "td_AutoNoC031622113752957Ahm")): Text of object 'Object Repository/AdminSuiteBootstrap_Pages/VT_Bootstrap/Receipt/td_AutoNoC031622113752957Ahm' is: 'AutoNoC033122234806407Ahm'

2022-03-31 23:50:15 - [MESSAGE][PASSED] - Text of object 'Object Repository/AdminSuiteBootstrap_Pages/VT_Bootstrap/Receipt/td_AutoNoC031622113752957Ahm' is: 'AutoNoC033122234806407Ahm'

2022-03-31 23:50:15 - [TEST_STEP][PASSED] - out.println("sdf: " + sdf): null

2022-03-31 23:50:15 - [TEST_STEP][PASSED] - remID = sdf: null

2022-03-31 23:50:15 - [TEST_STEP][PASSED] - out.println("remID: " + remID): null

2022-03-31 23:50:15 - [TEST_STEP][PASSED] - click(findTestObject(path_Receipt + "button_Continue")): Object: 'Object Repository/AdminSuiteBootstrap_Pages/VT_Bootstrap/Receipt/button_Continue' is clicked on

2022-03-31 23:50:16 - [MESSAGE][PASSED] - Object: 'Object Repository/AdminSuiteBootstrap_Pages/VT_Bootstrap/Receipt/button_Continue' is clicked on

2022-03-31 23:50:16 - [TEST_STEP][PASSED] - click(findTestObject(path_VT + "a_Search Transactions")): Object: 'Object Repository/AdminSuiteBootstrap_Pages/VT_Bootstrap/IssueTransactions/a_Search Transactions' is clicked on

2022-03-31 23:50:17 - [MESSAGE][PASSED] - Object: 'Object Repository/AdminSuiteBootstrap_Pages/VT_Bootstrap/IssueTransactions/a_Search Transactions' is clicked on

2022-03-31 23:50:17 - [TEST_STEP][PASSED] - setText(findTestObject(path_CCSearch + "input_Search By_searchValue"), remID): Text 'AutoNoC033122234806407Ahm' is set on object 'Object Repository/AdminSuiteBootstrap_Pages/VT_Bootstrap/CCCreditOrVoidSearch/input_Search By_searchValue'

2022-03-31 23:50:18 - [MESSAGE][PASSED] - Text 'AutoNoC033122234806407Ahm' is set on object 'Object Repository/AdminSuiteBootstrap_Pages/VT_Bootstrap/CCCreditOrVoidSearch/input_Search By_searchValue'

2022-03-31 23:50:18 - [TEST_STEP][PASSED] - click(findTestObject(path_CCSearch + "button_Submit")): Object: 'Object Repository/AdminSuiteBootstrap_Pages/VT_Bootstrap/CCCreditOrVoidSearch/button_Submit' is clicked on

2022-03-31 23:50:19 - [MESSAGE][PASSED] - Object: 'Object Repository/AdminSuiteBootstrap_Pages/VT_Bootstrap/CCCreditOrVoidSearch/button_Submit' is clicked on

2022-03-31 23:50:19 - [TEST_STEP][PASSED] - fgr = getText(findTestObject(path_SearchResults + "div_Payment ID")): Text of object 'Object Repository/AdminSuiteBootstrap_Pages/VT_Bootstrap/SearchResults/div_Payment ID' is: 'Payment ID
Payment Type
Transaction Type
Remittance ID
Name
Total Amount
End Date
Status
12114217 Credit Card Authorization and Capture AutoNoC033122234806407Ahm Janaki James $10.50 03/31/2022 Success'

2022-03-31 23:50:20 - [MESSAGE][PASSED] - Text of object 'Object Repository/AdminSuiteBootstrap_Pages/VT_Bootstrap/SearchResults/div_Payment ID' is: 'Payment ID
Payment Type
Transaction Type
Remittance ID
Name
Total Amount
End Date
Status
12114217 Credit Card Authorization and Capture AutoNoC033122234806407Ahm Janaki James $10.50 03/31/2022 Success'

2022-03-31 23:50:20 - [TEST_STEP][PASSED] - payID = substring(89, 98).trim(): null

2022-03-31 23:50:20 - [TEST_STEP][PASSED] - out.println("payID: " + payID): null

2022-03-31 23:50:20 - [TEST_STEP][PASSED] - click(findTestObject(path_SearchResults + "button_PaymentID")): Object: 'Object Repository/AdminSuiteBootstrap_Pages/VT_Bootstrap/SearchResults/button_PaymentID' is clicked on

2022-03-31 23:50:20 - [MESSAGE][PASSED] - Object: 'Object Repository/AdminSuiteBootstrap_Pages/VT_Bootstrap/SearchResults/button_PaymentID' is clicked on

2022-03-31 23:50:20 - [TEST_STEP][PASSED] - verifyTextPresent("Tender Type", true): Text 'Tender Type' is present on page  using regular expression

2022-03-31 23:50:21 - [MESSAGE][PASSED] - Text 'Tender Type' is present on page  using regular expression

2022-03-31 23:50:21 - [TEST_STEP][PASSED] - verifyTextPresent("Credit Card", true): Text 'Credit Card' is present on page  using regular expression

2022-03-31 23:50:21 - [MESSAGE][PASSED] - Text 'Credit Card' is present on page  using regular expression

2022-03-31 23:50:21 - [TEST_STEP][PASSED] - verifyTextPresent("Transaction Type", true): Text 'Transaction Type' is present on page  using regular expression

2022-03-31 23:50:22 - [MESSAGE][PASSED] - Text 'Transaction Type' is present on page  using regular expression

2022-03-31 23:50:22 - [TEST_STEP][PASSED] - verifyTextPresent("Authorization and Capture", true): Text 'Authorization and Capture' is present on page  using regular expression

2022-03-31 23:50:22 - [MESSAGE][PASSED] - Text 'Authorization and Capture' is present on page  using regular expression

2022-03-31 23:50:22 - [TEST_STEP][PASSED] - verifyTextPresent("Transaction Posted by", true): Text 'Transaction Posted by' is present on page  using regular expression

2022-03-31 23:50:22 - [MESSAGE][PASSED] - Text 'Transaction Posted by' is present on page  using regular expression

2022-03-31 23:50:22 - [TEST_STEP][PASSED] - verifyTextPresent("iahmed", true): Text 'iahmed' is present on page  using regular expression

2022-03-31 23:50:23 - [MESSAGE][PASSED] - Text 'iahmed' is present on page  using regular expression

2022-03-31 23:50:23 - [TEST_STEP][PASSED] - click(findTestObject(path_TranxDetails + "a_Void this transaction")): Object: 'Object Repository/AdminSuiteBootstrap_Pages/VT_Bootstrap/TransactionDetails/a_Void this transaction' is clicked on

2022-03-31 23:50:24 - [MESSAGE][PASSED] - Object: 'Object Repository/AdminSuiteBootstrap_Pages/VT_Bootstrap/TransactionDetails/a_Void this transaction' is clicked on

2022-03-31 23:50:24 - [TEST_STEP][PASSED] - verifyTextPresent("The following transaction will be voided", true): Text 'The following transaction will be voided' is present on page  using regular expression

2022-03-31 23:50:24 - [MESSAGE][PASSED] - Text 'The following transaction will be voided' is present on page  using regular expression

2022-03-31 23:50:24 - [TEST_STEP][PASSED] - verifyTextPresent("Please press submit to continue", true): Text 'Please press submit to continue' is present on page  using regular expression

2022-03-31 23:50:25 - [MESSAGE][PASSED] - Text 'Please press submit to continue' is present on page  using regular expression

2022-03-31 23:50:25 - [TEST_STEP][PASSED] - click(findTestObject(path_TranxDetails + "button_Submit")): Object: 'Object Repository/AdminSuiteBootstrap_Pages/VT_Bootstrap/TransactionDetails/button_Submit' is clicked on

2022-03-31 23:50:26 - [MESSAGE][PASSED] - Object: 'Object Repository/AdminSuiteBootstrap_Pages/VT_Bootstrap/TransactionDetails/button_Submit' is clicked on

2022-03-31 23:50:26 - [TEST_STEP][PASSED] - verifyTextPresent("Transaction Successful", true): Text 'Transaction Successful' is present on page  using regular expression

2022-03-31 23:50:27 - [MESSAGE][PASSED] - Text 'Transaction Successful' is present on page  using regular expression

2022-03-31 23:50:27 - [TEST_STEP][PASSED] - verifyTextPresent("Transaction Type", true): Text 'Transaction Type' is present on page  using regular expression

2022-03-31 23:50:27 - [MESSAGE][PASSED] - Text 'Transaction Type' is present on page  using regular expression

2022-03-31 23:50:27 - [TEST_STEP][PASSED] - verifyTextPresent("Void", true): Text 'Void' is present on page  using regular expression

2022-03-31 23:50:27 - [MESSAGE][PASSED] - Text 'Void' is present on page  using regular expression

2022-03-31 23:50:27 - [TEST_STEP][PASSED] - closeBrowser(): Browser is closed

2022-03-31 23:50:28 - [MESSAGE][PASSED] - Browser is closed

2022-03-31 23:50:28 - [TEST_STEP][PASSED] - ExecuteTC = findTestData(dataFile).getValue("Execute", row): null

2022-03-31 23:50:28 - [TEST_STEP][PASSED] - out.println("Value of Execute is : " + ExecuteTC): null

2022-03-31 23:50:28 - [TEST_STEP][PASSED] - switch (executionProfile): null

2022-03-31 23:50:28 - [TEST_STEP][PASSED] - case "QAProfile":: null

2022-03-31 23:50:28 - [TEST_STEP][PASSED] - appName = findTestData(dataFile).getValue("AppNameQA", row): null

2022-03-31 23:50:29 - [TEST_STEP][PASSED] - appID = findTestData(dataFile).getValue("AppIDQA", row): null

2022-03-31 23:50:29 - [TEST_STEP][PASSED] - break: null

2022-03-31 23:50:29 - [TEST_STEP][PASSED] - hrefAppID = li_1 + appID + li_2: null

2022-03-31 23:50:29 - [TEST_STEP][PASSED] - hrefApp = li_1 + appID + "/": null

2022-03-31 23:50:29 - [TEST_STEP][PASSED] - println("hrefApp : " + hrefApp): null

2022-03-31 23:50:29 - [TEST_STEP][PASSED] - if (ExecuteTC.equalsIgnoreCase("Y")): null

2022-03-31 23:50:29 - [TEST_STEP][PASSED] - out.println("Begin Record Number: " + row): null

2022-03-31 23:50:29 - [TEST_STEP][PASSED] - today = new java.util.Date(): null

2022-03-31 23:50:29 - [TEST_STEP][PASSED] - println(today): null

2022-03-31 23:50:29 - [TEST_STEP][PASSED] - datText = today: null

2022-03-31 23:50:29 - [TEST_STEP][PASSED] - adminSuiteBootstrap.loginFunctionality.login_AdminSuite(): adminSuiteBootstrap.loginFunctionality.login_AdminSuite is PASSED

2022-03-31 23:50:29 - [MESSAGE][INFO] - Starting 'Chrome' driver

2022-03-31 23:50:29 - [MESSAGE][INFO] - User set preference: ['acceptInsecureCerts', 'true']

2022-03-31 23:50:29 - [MESSAGE][INFO] - Action delay is set to 0 milliseconds

2022-03-31 23:50:31 - [MESSAGE][PASSED] - Browser is opened with url: 'https://qa.velocitypayment.com/admin/imtiaz'

2022-03-31 23:50:31 - [MESSAGE][PASSED] - Current window maximized

2022-03-31 23:50:32 - [MESSAGE][PASSED] - Object 'Object Repository/Login_Page/Login_Username' is present

2022-03-31 23:50:32 - [MESSAGE][PASSED] - Text 'iahmed' is set on object 'Object Repository/Login_Page/Login_Username'

2022-03-31 23:50:33 - [MESSAGE][PASSED] - Text 'hello2222' is set on object 'Object Repository/Login_Page/Login_Password'

2022-03-31 23:50:38 - [MESSAGE][PASSED] - Object: 'Object Repository/Login_Page/Login_Submit' is clicked on

2022-03-31 23:50:38 - [MESSAGE][PASSED] - adminSuiteBootstrap.loginFunctionality.login_AdminSuite is PASSED

2022-03-31 23:50:38 - [TEST_STEP][PASSED] - click(findTestObject(path_Dashboard + appName)): Object: 'Object Repository/AdminSuiteBootstrap_Pages/Dashboard_Bootstrap/a_Access AutoNoCFtp' is clicked on

2022-03-31 23:50:38 - [MESSAGE][PASSED] - Object: 'Object Repository/AdminSuiteBootstrap_Pages/Dashboard_Bootstrap/a_Access AutoNoCFtp' is clicked on

2022-03-31 23:50:38 - [TEST_STEP][PASSED] - click(findTestObject(path_VT + "button_Authorization  Capture (Sale)")): Object: 'Object Repository/AdminSuiteBootstrap_Pages/VT_Bootstrap/IssueTransactions/button_Authorization  Capture (Sale)' is clicked on

2022-03-31 23:50:39 - [MESSAGE][PASSED] - Object: 'Object Repository/AdminSuiteBootstrap_Pages/VT_Bootstrap/IssueTransactions/button_Authorization  Capture (Sale)' is clicked on

2022-03-31 23:50:39 - [TEST_STEP][PASSED] - saleKeyboardEntryLink = modifyObjectProperty(findTestObject(path_VT + "a_KeyboardEntry_Sale"), "href", "equals", hrefAppID, true): Modify property of object successfully

2022-03-31 23:50:39 - [MESSAGE][PASSED] - Modify property of object successfully

2022-03-31 23:50:39 - [TEST_STEP][PASSED] - click(saleKeyboardEntryLink): Object: 'Object Repository/AdminSuiteBootstrap_Pages/VT_Bootstrap/IssueTransactions/a_KeyboardEntry_Sale' is clicked on

2022-03-31 23:50:40 - [MESSAGE][PASSED] - Object: 'Object Repository/AdminSuiteBootstrap_Pages/VT_Bootstrap/IssueTransactions/a_KeyboardEntry_Sale' is clicked on

2022-03-31 23:50:40 - [TEST_STEP][PASSED] - adminSuiteBootstrap.virtualTerminalSetData.saleKeyboard_DataDriven(row, dataFile): adminSuiteBootstrap.virtualTerminalSetData.saleKeyboard_DataDriven is PASSED

2022-03-31 23:50:43 - [MESSAGE][PASSED] - Text 'Janaki James' is set on object 'Object Repository/AdminSuiteBootstrap_Pages/VT_Bootstrap/SaleKeyboard/input_cardName'

2022-03-31 23:50:44 - [MESSAGE][PASSED] - All options with value 'MOTO' are selected in object 'Object Repository/AdminSuiteBootstrap_Pages/VT_Bootstrap/SaleKeyboard/select_transactionCategory'  using regular expression

2022-03-31 23:50:44 - [MESSAGE][PASSED] - Execute JavaScript 'arguments[0].value ='5146312200000035' ' successfully

2022-03-31 23:50:44 - [MESSAGE][PASSED] - Execute JavaScript 'arguments[0].value ='123' ' successfully

2022-03-31 23:50:46 - [MESSAGE][PASSED] - All options with value '12' are selected in object 'Object Repository/AdminSuiteBootstrap_Pages/VT_Bootstrap/SaleKeyboard/select_MM'  using regular expression

2022-03-31 23:50:47 - [MESSAGE][PASSED] - All options with value '2025' are selected in object 'Object Repository/AdminSuiteBootstrap_Pages/VT_Bootstrap/SaleKeyboard/select_YYYY'  using regular expression

2022-03-31 23:50:47 - [MESSAGE][PASSED] - Text '1478 Jhatka Palace' is set on object 'Object Repository/AdminSuiteBootstrap_Pages/VT_Bootstrap/SaleKeyboard/input__address'

2022-03-31 23:50:48 - [MESSAGE][PASSED] - Text 'Suite 500' is set on object 'Object Repository/AdminSuiteBootstrap_Pages/VT_Bootstrap/SaleKeyboard/input__address2'

2022-03-31 23:50:49 - [MESSAGE][PASSED] - Text '22201' is set on object 'Object Repository/AdminSuiteBootstrap_Pages/VT_Bootstrap/SaleKeyboard/input__zip'

2022-03-31 23:50:49 - [MESSAGE][PASSED] - Text '' is set on object 'Object Repository/AdminSuiteBootstrap_Pages/VT_Bootstrap/SaleKeyboard/input_emailAddress'

2022-03-31 23:50:51 - [MESSAGE][PASSED] - Text '' is set on object 'Object Repository/AdminSuiteBootstrap_Pages/VT_Bootstrap/SaleKeyboard/input_smsNumber'

2022-03-31 23:50:51 - [MESSAGE][PASSED] - Text '10.50' is set on object 'Object Repository/AdminSuiteBootstrap_Pages/VT_Bootstrap/SaleKeyboard/input_amount'

2022-03-31 23:50:52 - [MESSAGE][PASSED] - Text 'Australia' is set on object 'Object Repository/AdminSuiteBootstrap_Pages/VT_Bootstrap/SaleKeyboard/input_userDefined1'

2022-03-31 23:50:53 - [MESSAGE][PASSED] - Text 'Denmark' is set on object 'Object Repository/AdminSuiteBootstrap_Pages/VT_Bootstrap/SaleKeyboard/input_userDefined2'

2022-03-31 23:50:54 - [MESSAGE][PASSED] - Text 'Sweden' is set on object 'Object Repository/AdminSuiteBootstrap_Pages/VT_Bootstrap/SaleKeyboard/input_userDefined3'

2022-03-31 23:50:54 - [MESSAGE][PASSED] - Text 'Austria' is set on object 'Object Repository/AdminSuiteBootstrap_Pages/VT_Bootstrap/SaleKeyboard/input_userDefined4'

2022-03-31 23:50:55 - [MESSAGE][PASSED] - All options with label 'Orange' are selected in object 'Object Repository/AdminSuiteBootstrap_Pages/VT_Bootstrap/SaleKeyboard/select_UDF5_DropDown'  using regular expression

2022-03-31 23:50:56 - [MESSAGE][PASSED] - All options with label 'Yellow' are selected in object 'Object Repository/AdminSuiteBootstrap_Pages/VT_Bootstrap/SaleKeyboard/select_UDF6_DropDown'  using regular expression

2022-03-31 23:50:57 - [MESSAGE][PASSED] - Text 'Norway' is set on object 'Object Repository/AdminSuiteBootstrap_Pages/VT_Bootstrap/SaleKeyboard/input_userDefined7'

2022-03-31 23:50:58 - [MESSAGE][PASSED] - Text 'Netherlands' is set on object 'Object Repository/AdminSuiteBootstrap_Pages/VT_Bootstrap/SaleKeyboard/input_userDefined8'

2022-03-31 23:50:59 - [MESSAGE][PASSED] - Text 'Switzerland' is set on object 'Object Repository/AdminSuiteBootstrap_Pages/VT_Bootstrap/SaleKeyboard/input_userDefined9'

2022-03-31 23:50:59 - [MESSAGE][PASSED] - Text 'France' is set on object 'Object Repository/AdminSuiteBootstrap_Pages/VT_Bootstrap/SaleKeyboard/input_userDefined10'

2022-03-31 23:51:01 - [MESSAGE][PASSED] - Object: 'Object Repository/AdminSuiteBootstrap_Pages/VT_Bootstrap/SaleKeyboard/button_Submit' is clicked on

2022-03-31 23:51:01 - [MESSAGE][PASSED] - adminSuiteBootstrap.virtualTerminalSetData.saleKeyboard_DataDriven is PASSED

2022-03-31 23:51:01 - [TEST_STEP][PASSED] - if (verifyTextPresent("Transaction Successful", true)): null

2022-03-31 23:51:01 - [MESSAGE][PASSED] - Text 'Transaction Successful' is present on page  using regular expression

2022-03-31 23:51:01 - [TEST_STEP][PASSED] - sdf = getText(findTestObject(path_Receipt + "td_AutoNoC031622113752957Ahm")): Text of object 'Object Repository/AdminSuiteBootstrap_Pages/VT_Bootstrap/Receipt/td_AutoNoC031622113752957Ahm' is: 'AutoNoC033122234852576Ahm'

2022-03-31 23:51:02 - [MESSAGE][PASSED] - Text of object 'Object Repository/AdminSuiteBootstrap_Pages/VT_Bootstrap/Receipt/td_AutoNoC031622113752957Ahm' is: 'AutoNoC033122234852576Ahm'

2022-03-31 23:51:02 - [TEST_STEP][PASSED] - out.println("sdf: " + sdf): null

2022-03-31 23:51:02 - [TEST_STEP][PASSED] - remID = sdf: null

2022-03-31 23:51:02 - [TEST_STEP][PASSED] - out.println("remID: " + remID): null

2022-03-31 23:51:02 - [TEST_STEP][PASSED] - click(findTestObject(path_Receipt + "button_Continue")): Object: 'Object Repository/AdminSuiteBootstrap_Pages/VT_Bootstrap/Receipt/button_Continue' is clicked on

2022-03-31 23:51:03 - [MESSAGE][PASSED] - Object: 'Object Repository/AdminSuiteBootstrap_Pages/VT_Bootstrap/Receipt/button_Continue' is clicked on

2022-03-31 23:51:03 - [TEST_STEP][PASSED] - click(findTestObject(path_VT + "a_Search Transactions")): Object: 'Object Repository/AdminSuiteBootstrap_Pages/VT_Bootstrap/IssueTransactions/a_Search Transactions' is clicked on

2022-03-31 23:51:05 - [MESSAGE][PASSED] - Object: 'Object Repository/AdminSuiteBootstrap_Pages/VT_Bootstrap/IssueTransactions/a_Search Transactions' is clicked on

2022-03-31 23:51:05 - [TEST_STEP][PASSED] - setText(findTestObject(path_CCSearch + "input_Search By_searchValue"), remID): Text 'AutoNoC033122234852576Ahm' is set on object 'Object Repository/AdminSuiteBootstrap_Pages/VT_Bootstrap/CCCreditOrVoidSearch/input_Search By_searchValue'

2022-03-31 23:51:06 - [MESSAGE][PASSED] - Text 'AutoNoC033122234852576Ahm' is set on object 'Object Repository/AdminSuiteBootstrap_Pages/VT_Bootstrap/CCCreditOrVoidSearch/input_Search By_searchValue'

2022-03-31 23:51:06 - [TEST_STEP][PASSED] - click(findTestObject(path_CCSearch + "button_Submit")): Object: 'Object Repository/AdminSuiteBootstrap_Pages/VT_Bootstrap/CCCreditOrVoidSearch/button_Submit' is clicked on

2022-03-31 23:51:07 - [MESSAGE][PASSED] - Object: 'Object Repository/AdminSuiteBootstrap_Pages/VT_Bootstrap/CCCreditOrVoidSearch/button_Submit' is clicked on

2022-03-31 23:51:07 - [TEST_STEP][PASSED] - fgr = getText(findTestObject(path_SearchResults + "div_Payment ID")): Text of object 'Object Repository/AdminSuiteBootstrap_Pages/VT_Bootstrap/SearchResults/div_Payment ID' is: 'Payment ID
Payment Type
Transaction Type
Remittance ID
Name
Total Amount
End Date
Status
12114219 Credit Card Authorization and Capture AutoNoC033122234852576Ahm Janaki James $10.50 03/31/2022 Success'

2022-03-31 23:51:07 - [MESSAGE][PASSED] - Text of object 'Object Repository/AdminSuiteBootstrap_Pages/VT_Bootstrap/SearchResults/div_Payment ID' is: 'Payment ID
Payment Type
Transaction Type
Remittance ID
Name
Total Amount
End Date
Status
12114219 Credit Card Authorization and Capture AutoNoC033122234852576Ahm Janaki James $10.50 03/31/2022 Success'

2022-03-31 23:51:07 - [TEST_STEP][PASSED] - payID = substring(89, 98).trim(): null

2022-03-31 23:51:07 - [TEST_STEP][PASSED] - out.println("payID: " + payID): null

2022-03-31 23:51:07 - [TEST_STEP][PASSED] - click(findTestObject(path_SearchResults + "button_PaymentID")): Object: 'Object Repository/AdminSuiteBootstrap_Pages/VT_Bootstrap/SearchResults/button_PaymentID' is clicked on

2022-03-31 23:51:09 - [MESSAGE][PASSED] - Object: 'Object Repository/AdminSuiteBootstrap_Pages/VT_Bootstrap/SearchResults/button_PaymentID' is clicked on

2022-03-31 23:51:09 - [TEST_STEP][PASSED] - verifyTextPresent("Tender Type", true): Text 'Tender Type' is present on page  using regular expression

2022-03-31 23:51:10 - [MESSAGE][PASSED] - Text 'Tender Type' is present on page  using regular expression

2022-03-31 23:51:10 - [TEST_STEP][PASSED] - verifyTextPresent("Credit Card", true): Text 'Credit Card' is present on page  using regular expression

2022-03-31 23:51:10 - [MESSAGE][PASSED] - Text 'Credit Card' is present on page  using regular expression

2022-03-31 23:51:10 - [TEST_STEP][PASSED] - verifyTextPresent("Transaction Type", true): Text 'Transaction Type' is present on page  using regular expression

2022-03-31 23:51:10 - [MESSAGE][PASSED] - Text 'Transaction Type' is present on page  using regular expression

2022-03-31 23:51:10 - [TEST_STEP][PASSED] - verifyTextPresent("Authorization and Capture", true): Text 'Authorization and Capture' is present on page  using regular expression

2022-03-31 23:51:11 - [MESSAGE][PASSED] - Text 'Authorization and Capture' is present on page  using regular expression

2022-03-31 23:51:11 - [TEST_STEP][PASSED] - verifyTextPresent("Transaction Posted by", true): Text 'Transaction Posted by' is present on page  using regular expression

2022-03-31 23:51:11 - [MESSAGE][PASSED] - Text 'Transaction Posted by' is present on page  using regular expression

2022-03-31 23:51:11 - [TEST_STEP][PASSED] - verifyTextPresent("iahmed", true): Text 'iahmed' is present on page  using regular expression

2022-03-31 23:51:11 - [MESSAGE][PASSED] - Text 'iahmed' is present on page  using regular expression

2022-03-31 23:51:11 - [TEST_STEP][PASSED] - click(findTestObject(path_TranxDetails + "a_Void this transaction")): Object: 'Object Repository/AdminSuiteBootstrap_Pages/VT_Bootstrap/TransactionDetails/a_Void this transaction' is clicked on

2022-03-31 23:51:13 - [MESSAGE][PASSED] - Object: 'Object Repository/AdminSuiteBootstrap_Pages/VT_Bootstrap/TransactionDetails/a_Void this transaction' is clicked on

2022-03-31 23:51:13 - [TEST_STEP][PASSED] - verifyTextPresent("The following transaction will be voided", true): Text 'The following transaction will be voided' is present on page  using regular expression

2022-03-31 23:51:13 - [MESSAGE][PASSED] - Text 'The following transaction will be voided' is present on page  using regular expression

2022-03-31 23:51:13 - [TEST_STEP][PASSED] - verifyTextPresent("Please press submit to continue", true): Text 'Please press submit to continue' is present on page  using regular expression

2022-03-31 23:51:13 - [MESSAGE][PASSED] - Text 'Please press submit to continue' is present on page  using regular expression

2022-03-31 23:51:13 - [TEST_STEP][PASSED] - click(findTestObject(path_TranxDetails + "button_Submit")): Object: 'Object Repository/AdminSuiteBootstrap_Pages/VT_Bootstrap/TransactionDetails/button_Submit' is clicked on

2022-03-31 23:51:16 - [MESSAGE][PASSED] - Object: 'Object Repository/AdminSuiteBootstrap_Pages/VT_Bootstrap/TransactionDetails/button_Submit' is clicked on

2022-03-31 23:51:16 - [TEST_STEP][PASSED] - verifyTextPresent("Transaction Successful", true): Text 'Transaction Successful' is present on page  using regular expression

2022-03-31 23:51:17 - [MESSAGE][PASSED] - Text 'Transaction Successful' is present on page  using regular expression

2022-03-31 23:51:17 - [TEST_STEP][PASSED] - verifyTextPresent("Transaction Type", true): Text 'Transaction Type' is present on page  using regular expression

2022-03-31 23:51:17 - [MESSAGE][PASSED] - Text 'Transaction Type' is present on page  using regular expression

2022-03-31 23:51:17 - [TEST_STEP][PASSED] - verifyTextPresent("Void", true): Text 'Void' is present on page  using regular expression

2022-03-31 23:51:17 - [MESSAGE][PASSED] - Text 'Void' is present on page  using regular expression

2022-03-31 23:51:17 - [TEST_STEP][PASSED] - closeBrowser(): Browser is closed

2022-03-31 23:51:18 - [MESSAGE][PASSED] - Browser is closed

2022-03-31 23:51:18 - [TEST_STEP][PASSED] - ExecuteTC = findTestData(dataFile).getValue("Execute", row): null

2022-03-31 23:51:18 - [TEST_STEP][PASSED] - out.println("Value of Execute is : " + ExecuteTC): null

2022-03-31 23:51:18 - [TEST_STEP][PASSED] - switch (executionProfile): null

2022-03-31 23:51:18 - [TEST_STEP][PASSED] - case "QAProfile":: null

2022-03-31 23:51:18 - [TEST_STEP][PASSED] - appName = findTestData(dataFile).getValue("AppNameQA", row): null

2022-03-31 23:51:19 - [TEST_STEP][PASSED] - appID = findTestData(dataFile).getValue("AppIDQA", row): null

2022-03-31 23:51:19 - [TEST_STEP][PASSED] - break: null

2022-03-31 23:51:19 - [TEST_STEP][PASSED] - hrefAppID = li_1 + appID + li_2: null

2022-03-31 23:51:19 - [TEST_STEP][PASSED] - hrefApp = li_1 + appID + "/": null

2022-03-31 23:51:19 - [TEST_STEP][PASSED] - println("hrefApp : " + hrefApp): null

2022-03-31 23:51:19 - [TEST_STEP][PASSED] - if (ExecuteTC.equalsIgnoreCase("Y")): null

2022-03-31 23:51:19 - [TEST_STEP][PASSED] - out.println("Begin Record Number: " + row): null

2022-03-31 23:51:19 - [TEST_STEP][PASSED] - today = new java.util.Date(): null

2022-03-31 23:51:19 - [TEST_STEP][PASSED] - println(today): null

2022-03-31 23:51:19 - [TEST_STEP][PASSED] - datText = today: null

2022-03-31 23:51:19 - [TEST_STEP][PASSED] - adminSuiteBootstrap.loginFunctionality.login_AdminSuite(): adminSuiteBootstrap.loginFunctionality.login_AdminSuite is PASSED

2022-03-31 23:51:19 - [MESSAGE][INFO] - Starting 'Chrome' driver

2022-03-31 23:51:19 - [MESSAGE][INFO] - User set preference: ['acceptInsecureCerts', 'true']

2022-03-31 23:51:19 - [MESSAGE][INFO] - Action delay is set to 0 milliseconds

2022-03-31 23:51:21 - [MESSAGE][PASSED] - Browser is opened with url: 'https://qa.velocitypayment.com/admin/imtiaz'

2022-03-31 23:51:21 - [MESSAGE][PASSED] - Current window maximized

2022-03-31 23:51:22 - [MESSAGE][PASSED] - Object 'Object Repository/Login_Page/Login_Username' is present

2022-03-31 23:51:22 - [MESSAGE][PASSED] - Text 'iahmed' is set on object 'Object Repository/Login_Page/Login_Username'

2022-03-31 23:51:23 - [MESSAGE][PASSED] - Text 'hello2222' is set on object 'Object Repository/Login_Page/Login_Password'

2022-03-31 23:51:26 - [MESSAGE][PASSED] - Object: 'Object Repository/Login_Page/Login_Submit' is clicked on

2022-03-31 23:51:26 - [MESSAGE][PASSED] - adminSuiteBootstrap.loginFunctionality.login_AdminSuite is PASSED

2022-03-31 23:51:26 - [TEST_STEP][PASSED] - click(findTestObject(path_Dashboard + appName)): Object: 'Object Repository/AdminSuiteBootstrap_Pages/Dashboard_Bootstrap/a_Access AutoNoCFtp' is clicked on

2022-03-31 23:51:27 - [MESSAGE][PASSED] - Object: 'Object Repository/AdminSuiteBootstrap_Pages/Dashboard_Bootstrap/a_Access AutoNoCFtp' is clicked on

2022-03-31 23:51:27 - [TEST_STEP][PASSED] - click(findTestObject(path_VT + "button_Authorization  Capture (Sale)")): Object: 'Object Repository/AdminSuiteBootstrap_Pages/VT_Bootstrap/IssueTransactions/button_Authorization  Capture (Sale)' is clicked on

2022-03-31 23:51:27 - [MESSAGE][PASSED] - Object: 'Object Repository/AdminSuiteBootstrap_Pages/VT_Bootstrap/IssueTransactions/button_Authorization  Capture (Sale)' is clicked on

2022-03-31 23:51:27 - [TEST_STEP][PASSED] - saleKeyboardEntryLink = modifyObjectProperty(findTestObject(path_VT + "a_KeyboardEntry_Sale"), "href", "equals", hrefAppID, true): Modify property of object successfully

2022-03-31 23:51:27 - [MESSAGE][PASSED] - Modify property of object successfully

2022-03-31 23:51:27 - [TEST_STEP][PASSED] - click(saleKeyboardEntryLink): Object: 'Object Repository/AdminSuiteBootstrap_Pages/VT_Bootstrap/IssueTransactions/a_KeyboardEntry_Sale' is clicked on

2022-03-31 23:51:28 - [MESSAGE][PASSED] - Object: 'Object Repository/AdminSuiteBootstrap_Pages/VT_Bootstrap/IssueTransactions/a_KeyboardEntry_Sale' is clicked on

2022-03-31 23:51:28 - [TEST_STEP][PASSED] - adminSuiteBootstrap.virtualTerminalSetData.saleKeyboard_DataDriven(row, dataFile): adminSuiteBootstrap.virtualTerminalSetData.saleKeyboard_DataDriven is PASSED

2022-03-31 23:51:31 - [MESSAGE][PASSED] - Text 'Janaki James' is set on object 'Object Repository/AdminSuiteBootstrap_Pages/VT_Bootstrap/SaleKeyboard/input_cardName'

2022-03-31 23:51:32 - [MESSAGE][PASSED] - All options with value 'MOTO' are selected in object 'Object Repository/AdminSuiteBootstrap_Pages/VT_Bootstrap/SaleKeyboard/select_transactionCategory'  using regular expression

2022-03-31 23:51:32 - [MESSAGE][PASSED] - Execute JavaScript 'arguments[0].value ='371449635392376' ' successfully

2022-03-31 23:51:33 - [MESSAGE][PASSED] - Execute JavaScript 'arguments[0].value ='123' ' successfully

2022-03-31 23:51:34 - [MESSAGE][PASSED] - All options with value '12' are selected in object 'Object Repository/AdminSuiteBootstrap_Pages/VT_Bootstrap/SaleKeyboard/select_MM'  using regular expression

2022-03-31 23:51:35 - [MESSAGE][PASSED] - All options with value '2025' are selected in object 'Object Repository/AdminSuiteBootstrap_Pages/VT_Bootstrap/SaleKeyboard/select_YYYY'  using regular expression

2022-03-31 23:51:36 - [MESSAGE][PASSED] - Text '550 Swan Lake' is set on object 'Object Repository/AdminSuiteBootstrap_Pages/VT_Bootstrap/SaleKeyboard/input__address'

2022-03-31 23:51:36 - [MESSAGE][PASSED] - Text 'Suite 500' is set on object 'Object Repository/AdminSuiteBootstrap_Pages/VT_Bootstrap/SaleKeyboard/input__address2'

2022-03-31 23:51:37 - [MESSAGE][PASSED] - Text '22201' is set on object 'Object Repository/AdminSuiteBootstrap_Pages/VT_Bootstrap/SaleKeyboard/input__zip'

2022-03-31 23:51:38 - [MESSAGE][PASSED] - Text '' is set on object 'Object Repository/AdminSuiteBootstrap_Pages/VT_Bootstrap/SaleKeyboard/input_emailAddress'

2022-03-31 23:51:39 - [MESSAGE][PASSED] - Text '' is set on object 'Object Repository/AdminSuiteBootstrap_Pages/VT_Bootstrap/SaleKeyboard/input_smsNumber'

2022-03-31 23:51:40 - [MESSAGE][PASSED] - Text '10.50' is set on object 'Object Repository/AdminSuiteBootstrap_Pages/VT_Bootstrap/SaleKeyboard/input_amount'

2022-03-31 23:51:41 - [MESSAGE][PASSED] - Text 'Australia' is set on object 'Object Repository/AdminSuiteBootstrap_Pages/VT_Bootstrap/SaleKeyboard/input_userDefined1'

2022-03-31 23:51:41 - [MESSAGE][PASSED] - Text 'Denmark' is set on object 'Object Repository/AdminSuiteBootstrap_Pages/VT_Bootstrap/SaleKeyboard/input_userDefined2'

2022-03-31 23:51:42 - [MESSAGE][PASSED] - Text 'Sweden' is set on object 'Object Repository/AdminSuiteBootstrap_Pages/VT_Bootstrap/SaleKeyboard/input_userDefined3'

2022-03-31 23:51:43 - [MESSAGE][PASSED] - Text 'Austria' is set on object 'Object Repository/AdminSuiteBootstrap_Pages/VT_Bootstrap/SaleKeyboard/input_userDefined4'

2022-03-31 23:51:44 - [MESSAGE][PASSED] - All options with label 'Orange' are selected in object 'Object Repository/AdminSuiteBootstrap_Pages/VT_Bootstrap/SaleKeyboard/select_UDF5_DropDown'  using regular expression

2022-03-31 23:51:45 - [MESSAGE][PASSED] - All options with label 'Yellow' are selected in object 'Object Repository/AdminSuiteBootstrap_Pages/VT_Bootstrap/SaleKeyboard/select_UDF6_DropDown'  using regular expression

2022-03-31 23:51:45 - [MESSAGE][PASSED] - Text 'Norway' is set on object 'Object Repository/AdminSuiteBootstrap_Pages/VT_Bootstrap/SaleKeyboard/input_userDefined7'

2022-03-31 23:51:46 - [MESSAGE][PASSED] - Text 'Netherlands' is set on object 'Object Repository/AdminSuiteBootstrap_Pages/VT_Bootstrap/SaleKeyboard/input_userDefined8'

2022-03-31 23:51:47 - [MESSAGE][PASSED] - Text 'Switzerland' is set on object 'Object Repository/AdminSuiteBootstrap_Pages/VT_Bootstrap/SaleKeyboard/input_userDefined9'

2022-03-31 23:51:48 - [MESSAGE][PASSED] - Text 'France' is set on object 'Object Repository/AdminSuiteBootstrap_Pages/VT_Bootstrap/SaleKeyboard/input_userDefined10'

2022-03-31 23:51:49 - [MESSAGE][PASSED] - Object: 'Object Repository/AdminSuiteBootstrap_Pages/VT_Bootstrap/SaleKeyboard/button_Submit' is clicked on

2022-03-31 23:51:49 - [MESSAGE][PASSED] - adminSuiteBootstrap.virtualTerminalSetData.saleKeyboard_DataDriven is PASSED

2022-03-31 23:51:49 - [TEST_STEP][PASSED] - if (verifyTextPresent("Transaction Successful", true)): null

2022-03-31 23:51:50 - [MESSAGE][PASSED] - Text 'Transaction Successful' is present on page  using regular expression

2022-03-31 23:51:50 - [TEST_STEP][PASSED] - sdf = getText(findTestObject(path_Receipt + "td_AutoNoC031622113752957Ahm")): Text of object 'Object Repository/AdminSuiteBootstrap_Pages/VT_Bootstrap/Receipt/td_AutoNoC031622113752957Ahm' is: 'AutoNoC033122234940760Ahm'

2022-03-31 23:51:50 - [MESSAGE][PASSED] - Text of object 'Object Repository/AdminSuiteBootstrap_Pages/VT_Bootstrap/Receipt/td_AutoNoC031622113752957Ahm' is: 'AutoNoC033122234940760Ahm'

2022-03-31 23:51:50 - [TEST_STEP][PASSED] - out.println("sdf: " + sdf): null

2022-03-31 23:51:50 - [TEST_STEP][PASSED] - remID = sdf: null

2022-03-31 23:51:50 - [TEST_STEP][PASSED] - out.println("remID: " + remID): null

2022-03-31 23:51:50 - [TEST_STEP][PASSED] - click(findTestObject(path_Receipt + "button_Continue")): Object: 'Object Repository/AdminSuiteBootstrap_Pages/VT_Bootstrap/Receipt/button_Continue' is clicked on

2022-03-31 23:51:51 - [MESSAGE][PASSED] - Object: 'Object Repository/AdminSuiteBootstrap_Pages/VT_Bootstrap/Receipt/button_Continue' is clicked on

2022-03-31 23:51:51 - [TEST_STEP][PASSED] - click(findTestObject(path_VT + "a_Search Transactions")): Object: 'Object Repository/AdminSuiteBootstrap_Pages/VT_Bootstrap/IssueTransactions/a_Search Transactions' is clicked on

2022-03-31 23:51:52 - [MESSAGE][PASSED] - Object: 'Object Repository/AdminSuiteBootstrap_Pages/VT_Bootstrap/IssueTransactions/a_Search Transactions' is clicked on

2022-03-31 23:51:52 - [TEST_STEP][PASSED] - setText(findTestObject(path_CCSearch + "input_Search By_searchValue"), remID): Text 'AutoNoC033122234940760Ahm' is set on object 'Object Repository/AdminSuiteBootstrap_Pages/VT_Bootstrap/CCCreditOrVoidSearch/input_Search By_searchValue'

2022-03-31 23:51:53 - [MESSAGE][PASSED] - Text 'AutoNoC033122234940760Ahm' is set on object 'Object Repository/AdminSuiteBootstrap_Pages/VT_Bootstrap/CCCreditOrVoidSearch/input_Search By_searchValue'

2022-03-31 23:51:53 - [TEST_STEP][PASSED] - click(findTestObject(path_CCSearch + "button_Submit")): Object: 'Object Repository/AdminSuiteBootstrap_Pages/VT_Bootstrap/CCCreditOrVoidSearch/button_Submit' is clicked on

2022-03-31 23:51:54 - [MESSAGE][PASSED] - Object: 'Object Repository/AdminSuiteBootstrap_Pages/VT_Bootstrap/CCCreditOrVoidSearch/button_Submit' is clicked on

2022-03-31 23:51:54 - [TEST_STEP][PASSED] - fgr = getText(findTestObject(path_SearchResults + "div_Payment ID")): Text of object 'Object Repository/AdminSuiteBootstrap_Pages/VT_Bootstrap/SearchResults/div_Payment ID' is: 'Payment ID
Payment Type
Transaction Type
Remittance ID
Name
Total Amount
End Date
Status
12114221 Credit Card Authorization and Capture AutoNoC033122234940760Ahm Janaki James $10.50 03/31/2022 Success'

2022-03-31 23:51:54 - [MESSAGE][PASSED] - Text of object 'Object Repository/AdminSuiteBootstrap_Pages/VT_Bootstrap/SearchResults/div_Payment ID' is: 'Payment ID
Payment Type
Transaction Type
Remittance ID
Name
Total Amount
End Date
Status
12114221 Credit Card Authorization and Capture AutoNoC033122234940760Ahm Janaki James $10.50 03/31/2022 Success'

2022-03-31 23:51:54 - [TEST_STEP][PASSED] - payID = substring(89, 98).trim(): null

2022-03-31 23:51:54 - [TEST_STEP][PASSED] - out.println("payID: " + payID): null

2022-03-31 23:51:54 - [TEST_STEP][PASSED] - click(findTestObject(path_SearchResults + "button_PaymentID")): Object: 'Object Repository/AdminSuiteBootstrap_Pages/VT_Bootstrap/SearchResults/button_PaymentID' is clicked on

2022-03-31 23:51:55 - [MESSAGE][PASSED] - Object: 'Object Repository/AdminSuiteBootstrap_Pages/VT_Bootstrap/SearchResults/button_PaymentID' is clicked on

2022-03-31 23:51:55 - [TEST_STEP][PASSED] - verifyTextPresent("Tender Type", true): Text 'Tender Type' is present on page  using regular expression

2022-03-31 23:51:56 - [MESSAGE][PASSED] - Text 'Tender Type' is present on page  using regular expression

2022-03-31 23:51:56 - [TEST_STEP][PASSED] - verifyTextPresent("Credit Card", true): Text 'Credit Card' is present on page  using regular expression

2022-03-31 23:51:56 - [MESSAGE][PASSED] - Text 'Credit Card' is present on page  using regular expression

2022-03-31 23:51:56 - [TEST_STEP][PASSED] - verifyTextPresent("Transaction Type", true): Text 'Transaction Type' is present on page  using regular expression

2022-03-31 23:51:56 - [MESSAGE][PASSED] - Text 'Transaction Type' is present on page  using regular expression

2022-03-31 23:51:56 - [TEST_STEP][PASSED] - verifyTextPresent("Authorization and Capture", true): Text 'Authorization and Capture' is present on page  using regular expression

2022-03-31 23:51:57 - [MESSAGE][PASSED] - Text 'Authorization and Capture' is present on page  using regular expression

2022-03-31 23:51:57 - [TEST_STEP][PASSED] - verifyTextPresent("Transaction Posted by", true): Text 'Transaction Posted by' is present on page  using regular expression

2022-03-31 23:51:57 - [MESSAGE][PASSED] - Text 'Transaction Posted by' is present on page  using regular expression

2022-03-31 23:51:57 - [TEST_STEP][PASSED] - verifyTextPresent("iahmed", true): Text 'iahmed' is present on page  using regular expression

2022-03-31 23:51:58 - [MESSAGE][PASSED] - Text 'iahmed' is present on page  using regular expression

2022-03-31 23:51:58 - [TEST_STEP][PASSED] - click(findTestObject(path_TranxDetails + "a_Void this transaction")): Object: 'Object Repository/AdminSuiteBootstrap_Pages/VT_Bootstrap/TransactionDetails/a_Void this transaction' is clicked on

2022-03-31 23:51:58 - [MESSAGE][PASSED] - Object: 'Object Repository/AdminSuiteBootstrap_Pages/VT_Bootstrap/TransactionDetails/a_Void this transaction' is clicked on

2022-03-31 23:51:58 - [TEST_STEP][PASSED] - verifyTextPresent("The following transaction will be voided", true): Text 'The following transaction will be voided' is present on page  using regular expression

2022-03-31 23:51:59 - [MESSAGE][PASSED] - Text 'The following transaction will be voided' is present on page  using regular expression

2022-03-31 23:51:59 - [TEST_STEP][PASSED] - verifyTextPresent("Please press submit to continue", true): Text 'Please press submit to continue' is present on page  using regular expression

2022-03-31 23:51:59 - [MESSAGE][PASSED] - Text 'Please press submit to continue' is present on page  using regular expression

2022-03-31 23:51:59 - [TEST_STEP][PASSED] - click(findTestObject(path_TranxDetails + "button_Submit")): Object: 'Object Repository/AdminSuiteBootstrap_Pages/VT_Bootstrap/TransactionDetails/button_Submit' is clicked on

2022-03-31 23:52:01 - [MESSAGE][PASSED] - Object: 'Object Repository/AdminSuiteBootstrap_Pages/VT_Bootstrap/TransactionDetails/button_Submit' is clicked on

2022-03-31 23:52:01 - [TEST_STEP][PASSED] - verifyTextPresent("Transaction Successful", true): Text 'Transaction Successful' is present on page  using regular expression

2022-03-31 23:52:02 - [MESSAGE][PASSED] - Text 'Transaction Successful' is present on page  using regular expression

2022-03-31 23:52:02 - [TEST_STEP][PASSED] - verifyTextPresent("Transaction Type", true): Text 'Transaction Type' is present on page  using regular expression

2022-03-31 23:52:02 - [MESSAGE][PASSED] - Text 'Transaction Type' is present on page  using regular expression

2022-03-31 23:52:02 - [TEST_STEP][PASSED] - verifyTextPresent("Void", true): Text 'Void' is present on page  using regular expression

2022-03-31 23:52:02 - [MESSAGE][PASSED] - Text 'Void' is present on page  using regular expression

2022-03-31 23:52:02 - [TEST_STEP][PASSED] - closeBrowser(): Browser is closed

2022-03-31 23:52:03 - [MESSAGE][PASSED] - Browser is closed

2022-03-31 23:52:03 - [TEST_STEP][PASSED] - ExecuteTC = findTestData(dataFile).getValue("Execute", row): null

2022-03-31 23:52:03 - [TEST_STEP][PASSED] - out.println("Value of Execute is : " + ExecuteTC): null

2022-03-31 23:52:03 - [TEST_STEP][PASSED] - switch (executionProfile): null

2022-03-31 23:52:03 - [TEST_STEP][PASSED] - case "QAProfile":: null

2022-03-31 23:52:03 - [TEST_STEP][PASSED] - appName = findTestData(dataFile).getValue("AppNameQA", row): null

2022-03-31 23:52:03 - [TEST_STEP][PASSED] - appID = findTestData(dataFile).getValue("AppIDQA", row): null

2022-03-31 23:52:03 - [TEST_STEP][PASSED] - break: null

2022-03-31 23:52:03 - [TEST_STEP][PASSED] - hrefAppID = li_1 + appID + li_2: null

2022-03-31 23:52:03 - [TEST_STEP][PASSED] - hrefApp = li_1 + appID + "/": null

2022-03-31 23:52:03 - [TEST_STEP][PASSED] - println("hrefApp : " + hrefApp): null

2022-03-31 23:52:03 - [TEST_STEP][PASSED] - if (ExecuteTC.equalsIgnoreCase("Y")): null

2022-03-31 23:52:03 - [TEST_STEP][PASSED] - out.println("Begin Record Number: " + row): null

2022-03-31 23:52:03 - [TEST_STEP][PASSED] - today = new java.util.Date(): null

2022-03-31 23:52:03 - [TEST_STEP][PASSED] - println(today): null

2022-03-31 23:52:03 - [TEST_STEP][PASSED] - datText = today: null

2022-03-31 23:52:03 - [TEST_STEP][PASSED] - adminSuiteBootstrap.loginFunctionality.login_AdminSuite(): adminSuiteBootstrap.loginFunctionality.login_AdminSuite is PASSED

2022-03-31 23:52:03 - [MESSAGE][INFO] - Starting 'Chrome' driver

2022-03-31 23:52:03 - [MESSAGE][INFO] - User set preference: ['acceptInsecureCerts', 'true']

2022-03-31 23:52:03 - [MESSAGE][INFO] - Action delay is set to 0 milliseconds

2022-03-31 23:52:06 - [MESSAGE][PASSED] - Browser is opened with url: 'https://qa.velocitypayment.com/admin/imtiaz'

2022-03-31 23:52:06 - [MESSAGE][PASSED] - Current window maximized

2022-03-31 23:52:06 - [MESSAGE][PASSED] - Object 'Object Repository/Login_Page/Login_Username' is present

2022-03-31 23:52:07 - [MESSAGE][PASSED] - Text 'iahmed' is set on object 'Object Repository/Login_Page/Login_Username'

2022-03-31 23:52:08 - [MESSAGE][PASSED] - Text 'hello2222' is set on object 'Object Repository/Login_Page/Login_Password'

2022-03-31 23:52:11 - [MESSAGE][PASSED] - Object: 'Object Repository/Login_Page/Login_Submit' is clicked on

2022-03-31 23:52:11 - [MESSAGE][PASSED] - adminSuiteBootstrap.loginFunctionality.login_AdminSuite is PASSED

2022-03-31 23:52:11 - [TEST_STEP][PASSED] - click(findTestObject(path_Dashboard + appName)): Object: 'Object Repository/AdminSuiteBootstrap_Pages/Dashboard_Bootstrap/a_Access AutoNoCFtp' is clicked on

2022-03-31 23:52:12 - [MESSAGE][PASSED] - Object: 'Object Repository/AdminSuiteBootstrap_Pages/Dashboard_Bootstrap/a_Access AutoNoCFtp' is clicked on

2022-03-31 23:52:12 - [TEST_STEP][PASSED] - click(findTestObject(path_VT + "button_Authorization  Capture (Sale)")): Object: 'Object Repository/AdminSuiteBootstrap_Pages/VT_Bootstrap/IssueTransactions/button_Authorization  Capture (Sale)' is clicked on

2022-03-31 23:52:12 - [MESSAGE][PASSED] - Object: 'Object Repository/AdminSuiteBootstrap_Pages/VT_Bootstrap/IssueTransactions/button_Authorization  Capture (Sale)' is clicked on

2022-03-31 23:52:12 - [TEST_STEP][PASSED] - saleKeyboardEntryLink = modifyObjectProperty(findTestObject(path_VT + "a_KeyboardEntry_Sale"), "href", "equals", hrefAppID, true): Modify property of object successfully

2022-03-31 23:52:13 - [MESSAGE][PASSED] - Modify property of object successfully

2022-03-31 23:52:13 - [TEST_STEP][PASSED] - click(saleKeyboardEntryLink): Object: 'Object Repository/AdminSuiteBootstrap_Pages/VT_Bootstrap/IssueTransactions/a_KeyboardEntry_Sale' is clicked on

2022-03-31 23:52:13 - [MESSAGE][PASSED] - Object: 'Object Repository/AdminSuiteBootstrap_Pages/VT_Bootstrap/IssueTransactions/a_KeyboardEntry_Sale' is clicked on

2022-03-31 23:52:13 - [TEST_STEP][PASSED] - adminSuiteBootstrap.virtualTerminalSetData.saleKeyboard_DataDriven(row, dataFile): adminSuiteBootstrap.virtualTerminalSetData.saleKeyboard_DataDriven is PASSED

2022-03-31 23:52:16 - [MESSAGE][PASSED] - Text 'Janaki James' is set on object 'Object Repository/AdminSuiteBootstrap_Pages/VT_Bootstrap/SaleKeyboard/input_cardName'

2022-03-31 23:52:17 - [MESSAGE][PASSED] - All options with value 'MOTO' are selected in object 'Object Repository/AdminSuiteBootstrap_Pages/VT_Bootstrap/SaleKeyboard/select_transactionCategory'  using regular expression

2022-03-31 23:52:18 - [MESSAGE][PASSED] - Execute JavaScript 'arguments[0].value ='6011000993026909' ' successfully

2022-03-31 23:52:18 - [MESSAGE][PASSED] - Execute JavaScript 'arguments[0].value ='123' ' successfully

2022-03-31 23:52:19 - [MESSAGE][PASSED] - All options with value '12' are selected in object 'Object Repository/AdminSuiteBootstrap_Pages/VT_Bootstrap/SaleKeyboard/select_MM'  using regular expression

2022-03-31 23:52:20 - [MESSAGE][PASSED] - All options with value '2025' are selected in object 'Object Repository/AdminSuiteBootstrap_Pages/VT_Bootstrap/SaleKeyboard/select_YYYY'  using regular expression

2022-03-31 23:52:21 - [MESSAGE][PASSED] - Text '25987 Hill Top' is set on object 'Object Repository/AdminSuiteBootstrap_Pages/VT_Bootstrap/SaleKeyboard/input__address'

2022-03-31 23:52:22 - [MESSAGE][PASSED] - Text 'Suite 500' is set on object 'Object Repository/AdminSuiteBootstrap_Pages/VT_Bootstrap/SaleKeyboard/input__address2'

2022-03-31 23:52:22 - [MESSAGE][PASSED] - Text '22201' is set on object 'Object Repository/AdminSuiteBootstrap_Pages/VT_Bootstrap/SaleKeyboard/input__zip'

2022-03-31 23:52:23 - [MESSAGE][PASSED] - Text '' is set on object 'Object Repository/AdminSuiteBootstrap_Pages/VT_Bootstrap/SaleKeyboard/input_emailAddress'

2022-03-31 23:52:24 - [MESSAGE][PASSED] - Text '' is set on object 'Object Repository/AdminSuiteBootstrap_Pages/VT_Bootstrap/SaleKeyboard/input_smsNumber'

2022-03-31 23:52:25 - [MESSAGE][PASSED] - Text '10.50' is set on object 'Object Repository/AdminSuiteBootstrap_Pages/VT_Bootstrap/SaleKeyboard/input_amount'

2022-03-31 23:52:26 - [MESSAGE][PASSED] - Text 'Australia' is set on object 'Object Repository/AdminSuiteBootstrap_Pages/VT_Bootstrap/SaleKeyboard/input_userDefined1'

2022-03-31 23:52:26 - [MESSAGE][PASSED] - Text 'Denmark' is set on object 'Object Repository/AdminSuiteBootstrap_Pages/VT_Bootstrap/SaleKeyboard/input_userDefined2'

2022-03-31 23:52:27 - [MESSAGE][PASSED] - Text 'Sweden' is set on object 'Object Repository/AdminSuiteBootstrap_Pages/VT_Bootstrap/SaleKeyboard/input_userDefined3'

2022-03-31 23:52:28 - [MESSAGE][PASSED] - Text 'Austria' is set on object 'Object Repository/AdminSuiteBootstrap_Pages/VT_Bootstrap/SaleKeyboard/input_userDefined4'

2022-03-31 23:52:29 - [MESSAGE][PASSED] - All options with label 'Orange' are selected in object 'Object Repository/AdminSuiteBootstrap_Pages/VT_Bootstrap/SaleKeyboard/select_UDF5_DropDown'  using regular expression

2022-03-31 23:52:30 - [MESSAGE][PASSED] - All options with label 'Yellow' are selected in object 'Object Repository/AdminSuiteBootstrap_Pages/VT_Bootstrap/SaleKeyboard/select_UDF6_DropDown'  using regular expression

2022-03-31 23:52:30 - [MESSAGE][PASSED] - Text 'Norway' is set on object 'Object Repository/AdminSuiteBootstrap_Pages/VT_Bootstrap/SaleKeyboard/input_userDefined7'

2022-03-31 23:52:31 - [MESSAGE][PASSED] - Text 'Netherlands' is set on object 'Object Repository/AdminSuiteBootstrap_Pages/VT_Bootstrap/SaleKeyboard/input_userDefined8'

2022-03-31 23:52:32 - [MESSAGE][PASSED] - Text 'Switzerland' is set on object 'Object Repository/AdminSuiteBootstrap_Pages/VT_Bootstrap/SaleKeyboard/input_userDefined9'

2022-03-31 23:52:33 - [MESSAGE][PASSED] - Text 'France' is set on object 'Object Repository/AdminSuiteBootstrap_Pages/VT_Bootstrap/SaleKeyboard/input_userDefined10'

2022-03-31 23:52:34 - [MESSAGE][PASSED] - Object: 'Object Repository/AdminSuiteBootstrap_Pages/VT_Bootstrap/SaleKeyboard/button_Submit' is clicked on

2022-03-31 23:52:34 - [MESSAGE][PASSED] - adminSuiteBootstrap.virtualTerminalSetData.saleKeyboard_DataDriven is PASSED

2022-03-31 23:52:34 - [TEST_STEP][PASSED] - if (verifyTextPresent("Transaction Successful", true)): null

2022-03-31 23:52:35 - [MESSAGE][PASSED] - Text 'Transaction Successful' is present on page  using regular expression

2022-03-31 23:52:35 - [TEST_STEP][PASSED] - sdf = getText(findTestObject(path_Receipt + "td_AutoNoC031622113752957Ahm")): Text of object 'Object Repository/AdminSuiteBootstrap_Pages/VT_Bootstrap/Receipt/td_AutoNoC031622113752957Ahm' is: 'AutoNoC033122235026148Ahm'

2022-03-31 23:52:35 - [MESSAGE][PASSED] - Text of object 'Object Repository/AdminSuiteBootstrap_Pages/VT_Bootstrap/Receipt/td_AutoNoC031622113752957Ahm' is: 'AutoNoC033122235026148Ahm'

2022-03-31 23:52:35 - [TEST_STEP][PASSED] - out.println("sdf: " + sdf): null

2022-03-31 23:52:35 - [TEST_STEP][PASSED] - remID = sdf: null

2022-03-31 23:52:35 - [TEST_STEP][PASSED] - out.println("remID: " + remID): null

2022-03-31 23:52:35 - [TEST_STEP][PASSED] - click(findTestObject(path_Receipt + "button_Continue")): Object: 'Object Repository/AdminSuiteBootstrap_Pages/VT_Bootstrap/Receipt/button_Continue' is clicked on

2022-03-31 23:52:36 - [MESSAGE][PASSED] - Object: 'Object Repository/AdminSuiteBootstrap_Pages/VT_Bootstrap/Receipt/button_Continue' is clicked on

2022-03-31 23:52:36 - [TEST_STEP][PASSED] - click(findTestObject(path_VT + "a_Search Transactions")): Object: 'Object Repository/AdminSuiteBootstrap_Pages/VT_Bootstrap/IssueTransactions/a_Search Transactions' is clicked on

2022-03-31 23:52:37 - [MESSAGE][PASSED] - Object: 'Object Repository/AdminSuiteBootstrap_Pages/VT_Bootstrap/IssueTransactions/a_Search Transactions' is clicked on

2022-03-31 23:52:37 - [TEST_STEP][PASSED] - setText(findTestObject(path_CCSearch + "input_Search By_searchValue"), remID): Text 'AutoNoC033122235026148Ahm' is set on object 'Object Repository/AdminSuiteBootstrap_Pages/VT_Bootstrap/CCCreditOrVoidSearch/input_Search By_searchValue'

2022-03-31 23:52:38 - [MESSAGE][PASSED] - Text 'AutoNoC033122235026148Ahm' is set on object 'Object Repository/AdminSuiteBootstrap_Pages/VT_Bootstrap/CCCreditOrVoidSearch/input_Search By_searchValue'

2022-03-31 23:52:38 - [TEST_STEP][PASSED] - click(findTestObject(path_CCSearch + "button_Submit")): Object: 'Object Repository/AdminSuiteBootstrap_Pages/VT_Bootstrap/CCCreditOrVoidSearch/button_Submit' is clicked on

2022-03-31 23:52:39 - [MESSAGE][PASSED] - Object: 'Object Repository/AdminSuiteBootstrap_Pages/VT_Bootstrap/CCCreditOrVoidSearch/button_Submit' is clicked on

2022-03-31 23:52:39 - [TEST_STEP][PASSED] - fgr = getText(findTestObject(path_SearchResults + "div_Payment ID")): Text of object 'Object Repository/AdminSuiteBootstrap_Pages/VT_Bootstrap/SearchResults/div_Payment ID' is: 'Payment ID
Payment Type
Transaction Type
Remittance ID
Name
Total Amount
End Date
Status
12114223 Credit Card Authorization and Capture AutoNoC033122235026148Ahm Janaki James $10.50 03/31/2022 Success'

2022-03-31 23:52:39 - [MESSAGE][PASSED] - Text of object 'Object Repository/AdminSuiteBootstrap_Pages/VT_Bootstrap/SearchResults/div_Payment ID' is: 'Payment ID
Payment Type
Transaction Type
Remittance ID
Name
Total Amount
End Date
Status
12114223 Credit Card Authorization and Capture AutoNoC033122235026148Ahm Janaki James $10.50 03/31/2022 Success'

2022-03-31 23:52:39 - [TEST_STEP][PASSED] - payID = substring(89, 98).trim(): null

2022-03-31 23:52:39 - [TEST_STEP][PASSED] - out.println("payID: " + payID): null

2022-03-31 23:52:39 - [TEST_STEP][PASSED] - click(findTestObject(path_SearchResults + "button_PaymentID")): Object: 'Object Repository/AdminSuiteBootstrap_Pages/VT_Bootstrap/SearchResults/button_PaymentID' is clicked on

2022-03-31 23:52:40 - [MESSAGE][PASSED] - Object: 'Object Repository/AdminSuiteBootstrap_Pages/VT_Bootstrap/SearchResults/button_PaymentID' is clicked on

2022-03-31 23:52:40 - [TEST_STEP][PASSED] - verifyTextPresent("Tender Type", true): Text 'Tender Type' is present on page  using regular expression

2022-03-31 23:52:40 - [MESSAGE][PASSED] - Text 'Tender Type' is present on page  using regular expression

2022-03-31 23:52:40 - [TEST_STEP][PASSED] - verifyTextPresent("Credit Card", true): Text 'Credit Card' is present on page  using regular expression

2022-03-31 23:52:41 - [MESSAGE][PASSED] - Text 'Credit Card' is present on page  using regular expression

2022-03-31 23:52:41 - [TEST_STEP][PASSED] - verifyTextPresent("Transaction Type", true): Text 'Transaction Type' is present on page  using regular expression

2022-03-31 23:52:41 - [MESSAGE][PASSED] - Text 'Transaction Type' is present on page  using regular expression

2022-03-31 23:52:41 - [TEST_STEP][PASSED] - verifyTextPresent("Authorization and Capture", true): Text 'Authorization and Capture' is present on page  using regular expression

2022-03-31 23:52:41 - [MESSAGE][PASSED] - Text 'Authorization and Capture' is present on page  using regular expression

2022-03-31 23:52:41 - [TEST_STEP][PASSED] - verifyTextPresent("Transaction Posted by", true): Text 'Transaction Posted by' is present on page  using regular expression

2022-03-31 23:52:42 - [MESSAGE][PASSED] - Text 'Transaction Posted by' is present on page  using regular expression

2022-03-31 23:52:42 - [TEST_STEP][PASSED] - verifyTextPresent("iahmed", true): Text 'iahmed' is present on page  using regular expression

2022-03-31 23:52:42 - [MESSAGE][PASSED] - Text 'iahmed' is present on page  using regular expression

2022-03-31 23:52:42 - [TEST_STEP][PASSED] - click(findTestObject(path_TranxDetails + "a_Void this transaction")): Object: 'Object Repository/AdminSuiteBootstrap_Pages/VT_Bootstrap/TransactionDetails/a_Void this transaction' is clicked on

2022-03-31 23:52:43 - [MESSAGE][PASSED] - Object: 'Object Repository/AdminSuiteBootstrap_Pages/VT_Bootstrap/TransactionDetails/a_Void this transaction' is clicked on

2022-03-31 23:52:43 - [TEST_STEP][PASSED] - verifyTextPresent("The following transaction will be voided", true): Text 'The following transaction will be voided' is present on page  using regular expression

2022-03-31 23:52:44 - [MESSAGE][PASSED] - Text 'The following transaction will be voided' is present on page  using regular expression

2022-03-31 23:52:44 - [TEST_STEP][PASSED] - verifyTextPresent("Please press submit to continue", true): Text 'Please press submit to continue' is present on page  using regular expression

2022-03-31 23:52:44 - [MESSAGE][PASSED] - Text 'Please press submit to continue' is present on page  using regular expression

2022-03-31 23:52:44 - [TEST_STEP][PASSED] - click(findTestObject(path_TranxDetails + "button_Submit")): Object: 'Object Repository/AdminSuiteBootstrap_Pages/VT_Bootstrap/TransactionDetails/button_Submit' is clicked on

2022-03-31 23:52:46 - [MESSAGE][PASSED] - Object: 'Object Repository/AdminSuiteBootstrap_Pages/VT_Bootstrap/TransactionDetails/button_Submit' is clicked on

2022-03-31 23:52:46 - [TEST_STEP][PASSED] - verifyTextPresent("Transaction Successful", true): Text 'Transaction Successful' is present on page  using regular expression

2022-03-31 23:52:46 - [MESSAGE][PASSED] - Text 'Transaction Successful' is present on page  using regular expression

2022-03-31 23:52:46 - [TEST_STEP][PASSED] - verifyTextPresent("Transaction Type", true): Text 'Transaction Type' is present on page  using regular expression

2022-03-31 23:52:47 - [MESSAGE][PASSED] - Text 'Transaction Type' is present on page  using regular expression

2022-03-31 23:52:47 - [TEST_STEP][PASSED] - verifyTextPresent("Void", true): Text 'Void' is present on page  using regular expression

2022-03-31 23:52:47 - [MESSAGE][PASSED] - Text 'Void' is present on page  using regular expression

2022-03-31 23:52:47 - [TEST_STEP][PASSED] - closeBrowser(): Browser is closed

2022-03-31 23:52:48 - [MESSAGE][PASSED] - Browser is closed]]></system-out>
         <system-err><![CDATA[]]></system-err>
      </testcase>
      <testcase name="Test Cases/Admin Suite Bootstrap/VT_TestCases/SaleAndVoidKeyboard_TP_SingleCF_Generic_Payment_TC" time="371.209" classname="Test Cases/Admin Suite Bootstrap/VT_TestCases/SaleAndVoidKeyboard_TP_SingleCF_Generic_Payment_TC" status="PASSED">
         <system-out><![CDATA[2022-03-31 23:52:48 - [TEST_CASE][PASSED] - Test Cases/Admin Suite Bootstrap/VT_TestCases/SaleAndVoidKeyboard_TP_SingleCF_Generic_Payment_TC: Test Cases/Admin Suite Bootstrap/VT_TestCases/SaleAndVoidKeyboard_TP_SingleCF_Generic_Payment_TC

2022-03-31 23:52:48 - [TEST_STEP][PASSED] - path_Dashboard = "Object Repository/AdminSuiteBootstrap_Pages/Dashboard_Bootstrap/": null

2022-03-31 23:52:48 - [TEST_STEP][PASSED] - path_VT = "Object Repository/AdminSuiteBootstrap_Pages/VT_Bootstrap/IssueTransactions/": null

2022-03-31 23:52:48 - [TEST_STEP][PASSED] - path_SaleKB = "Object Repository/AdminSuiteBootstrap_Pages/VT_Bootstrap/SaleKeyboard/": null

2022-03-31 23:52:48 - [TEST_STEP][PASSED] - path_TestMinus = "Object Repository/Page_TestMinusAndAtSigns/": null

2022-03-31 23:52:48 - [TEST_STEP][PASSED] - path_Receipt = "Object Repository/AdminSuiteBootstrap_Pages/VT_Bootstrap/Receipt/": null

2022-03-31 23:52:48 - [TEST_STEP][PASSED] - path_CCSearch = "Object Repository/AdminSuiteBootstrap_Pages/VT_Bootstrap/CCCreditOrVoidSearch/": null

2022-03-31 23:52:48 - [TEST_STEP][PASSED] - path_SearchResults = "Object Repository/AdminSuiteBootstrap_Pages/VT_Bootstrap/SearchResults/": null

2022-03-31 23:52:48 - [TEST_STEP][PASSED] - path_TranxDetails = "Object Repository/AdminSuiteBootstrap_Pages/VT_Bootstrap/TransactionDetails/": null

2022-03-31 23:52:48 - [TEST_STEP][PASSED] - li_1 = vpos_Prefix: null

2022-03-31 23:52:48 - [TEST_STEP][PASSED] - li_2 = "/transactions/AuthCapForm/": null

2022-03-31 23:52:48 - [TEST_STEP][PASSED] - executionProfile = getExecutionProfile(): null

2022-03-31 23:52:48 - [TEST_STEP][PASSED] - out.println("executionProfile : " + executionProfile): null

2022-03-31 23:52:48 - [TEST_STEP][PASSED] - appName = <not implemented yet for class: org.codehaus.groovy.ast.expr.EmptyExpression>: null

2022-03-31 23:52:48 - [TEST_STEP][PASSED] - appID = <not implemented yet for class: org.codehaus.groovy.ast.expr.EmptyExpression>: null

2022-03-31 23:52:48 - [TEST_STEP][PASSED] - cardNameV = <not implemented yet for class: org.codehaus.groovy.ast.expr.EmptyExpression>: null

2022-03-31 23:52:48 - [TEST_STEP][PASSED] - al1V = <not implemented yet for class: org.codehaus.groovy.ast.expr.EmptyExpression>: null

2022-03-31 23:52:48 - [TEST_STEP][PASSED] - al2V = <not implemented yet for class: org.codehaus.groovy.ast.expr.EmptyExpression>: null

2022-03-31 23:52:48 - [TEST_STEP][PASSED] - zipV = <not implemented yet for class: org.codehaus.groovy.ast.expr.EmptyExpression>: null

2022-03-31 23:52:48 - [TEST_STEP][PASSED] - cardTypeV = <not implemented yet for class: org.codehaus.groovy.ast.expr.EmptyExpression>: null

2022-03-31 23:52:48 - [TEST_STEP][PASSED] - last4V = <not implemented yet for class: org.codehaus.groovy.ast.expr.EmptyExpression>: null

2022-03-31 23:52:48 - [TEST_STEP][PASSED] - resText = "Fail": null

2022-03-31 23:52:48 - [TEST_STEP][PASSED] - resColumn = "Result": null

2022-03-31 23:52:48 - [TEST_STEP][PASSED] - datCloumn = "Date": null

2022-03-31 23:52:48 - [TEST_STEP][PASSED] - fileLoc = "C:\KatalonData\Bootstrap\VT-Data.xlsx": null

2022-03-31 23:52:48 - [TEST_STEP][PASSED] - numOfRows = <not implemented yet for class: org.codehaus.groovy.ast.expr.EmptyExpression>: null

2022-03-31 23:52:48 - [TEST_STEP][PASSED] - dataFile = <not implemented yet for class: org.codehaus.groovy.ast.expr.EmptyExpression>: null

2022-03-31 23:52:48 - [TEST_STEP][PASSED] - nameSheet = <not implemented yet for class: org.codehaus.groovy.ast.expr.EmptyExpression>: null

2022-03-31 23:52:48 - [TEST_STEP][PASSED] - nameSheet = "VT-SaleVoid-SingleCF-Generic": null

2022-03-31 23:52:48 - [TEST_STEP][PASSED] - numOfRows = findTestData("QA/Bootstrap/VT-TestData/VT-SaleVoidData-SingleCF-Generic").getRowNumbers(): null

2022-03-31 23:52:48 - [TEST_STEP][PASSED] - println("Number of Records: " + numOfRows): null

2022-03-31 23:52:48 - [TEST_STEP][PASSED] - dataFile = "QA/Bootstrap/VT-TestData/VT-SaleVoidData-SingleCF-Generic": null

2022-03-31 23:52:48 - [TEST_STEP][PASSED] - for ([row = 1, row <= numOfRows, (row++)]): null

2022-03-31 23:52:48 - [TEST_STEP][PASSED] - ExecuteTC = findTestData(dataFile).getValue("Execute", row): null

2022-03-31 23:52:48 - [TEST_STEP][PASSED] - out.println("Value of Execute is : " + ExecuteTC): null

2022-03-31 23:52:48 - [TEST_STEP][PASSED] - switch (executionProfile): null

2022-03-31 23:52:48 - [TEST_STEP][PASSED] - case "QAProfile":: null

2022-03-31 23:52:48 - [TEST_STEP][PASSED] - appName = findTestData(dataFile).getValue("AppNameQA", row): null

2022-03-31 23:52:49 - [TEST_STEP][PASSED] - appID = findTestData(dataFile).getValue("AppIDQA", row): null

2022-03-31 23:52:49 - [TEST_STEP][PASSED] - break: null

2022-03-31 23:52:49 - [TEST_STEP][PASSED] - hrefAppID = li_1 + appID + li_2: null

2022-03-31 23:52:49 - [TEST_STEP][PASSED] - hrefApp = li_1 + appID + "/": null

2022-03-31 23:52:49 - [TEST_STEP][PASSED] - println("hrefApp : " + hrefApp): null

2022-03-31 23:52:49 - [TEST_STEP][PASSED] - if (ExecuteTC.equalsIgnoreCase("Y")): null

2022-03-31 23:52:49 - [TEST_STEP][PASSED] - out.println("Begin Record Number: " + row): null

2022-03-31 23:52:49 - [TEST_STEP][PASSED] - today = new java.util.Date(): null

2022-03-31 23:52:49 - [TEST_STEP][PASSED] - println(today): null

2022-03-31 23:52:49 - [TEST_STEP][PASSED] - datText = today: null

2022-03-31 23:52:49 - [TEST_STEP][PASSED] - adminSuiteBootstrap.loginFunctionality.login_AdminSuite(): adminSuiteBootstrap.loginFunctionality.login_AdminSuite is PASSED

2022-03-31 23:52:49 - [MESSAGE][INFO] - Starting 'Chrome' driver

2022-03-31 23:52:49 - [MESSAGE][INFO] - User set preference: ['acceptInsecureCerts', 'true']

2022-03-31 23:52:49 - [MESSAGE][INFO] - Action delay is set to 0 milliseconds

2022-03-31 23:52:51 - [MESSAGE][PASSED] - Browser is opened with url: 'https://qa.velocitypayment.com/admin/imtiaz'

2022-03-31 23:52:51 - [MESSAGE][PASSED] - Current window maximized

2022-03-31 23:52:51 - [MESSAGE][PASSED] - Object 'Object Repository/Login_Page/Login_Username' is present

2022-03-31 23:52:52 - [MESSAGE][PASSED] - Text 'iahmed' is set on object 'Object Repository/Login_Page/Login_Username'

2022-03-31 23:52:53 - [MESSAGE][PASSED] - Text 'hello2222' is set on object 'Object Repository/Login_Page/Login_Password'

2022-03-31 23:52:56 - [MESSAGE][PASSED] - Object: 'Object Repository/Login_Page/Login_Submit' is clicked on

2022-03-31 23:52:56 - [MESSAGE][PASSED] - adminSuiteBootstrap.loginFunctionality.login_AdminSuite is PASSED

2022-03-31 23:52:56 - [TEST_STEP][PASSED] - click(findTestObject(path_Dashboard + appName)): Object: 'Object Repository/AdminSuiteBootstrap_Pages/Dashboard_Bootstrap/a_Access AutoSingleCFtpQA' is clicked on

2022-03-31 23:52:57 - [MESSAGE][PASSED] - Object: 'Object Repository/AdminSuiteBootstrap_Pages/Dashboard_Bootstrap/a_Access AutoSingleCFtpQA' is clicked on

2022-03-31 23:52:57 - [TEST_STEP][PASSED] - click(findTestObject(path_VT + "button_Authorization  Capture (Sale)")): Object: 'Object Repository/AdminSuiteBootstrap_Pages/VT_Bootstrap/IssueTransactions/button_Authorization  Capture (Sale)' is clicked on

2022-03-31 23:52:57 - [MESSAGE][PASSED] - Object: 'Object Repository/AdminSuiteBootstrap_Pages/VT_Bootstrap/IssueTransactions/button_Authorization  Capture (Sale)' is clicked on

2022-03-31 23:52:57 - [TEST_STEP][PASSED] - saleKeyboardEntryLink = modifyObjectProperty(findTestObject(path_VT + "a_KeyboardEntry_Sale"), "href", "equals", hrefAppID, true): Modify property of object successfully

2022-03-31 23:52:57 - [MESSAGE][PASSED] - Modify property of object successfully

2022-03-31 23:52:57 - [TEST_STEP][PASSED] - click(saleKeyboardEntryLink): Object: 'Object Repository/AdminSuiteBootstrap_Pages/VT_Bootstrap/IssueTransactions/a_KeyboardEntry_Sale' is clicked on

2022-03-31 23:52:58 - [MESSAGE][PASSED] - Object: 'Object Repository/AdminSuiteBootstrap_Pages/VT_Bootstrap/IssueTransactions/a_KeyboardEntry_Sale' is clicked on

2022-03-31 23:52:58 - [TEST_STEP][PASSED] - adminSuiteBootstrap.virtualTerminalSetData.saleKeyboard_DataDriven(row, dataFile): adminSuiteBootstrap.virtualTerminalSetData.saleKeyboard_DataDriven is PASSED

2022-03-31 23:53:01 - [MESSAGE][PASSED] - Text 'Tulsi Raman' is set on object 'Object Repository/AdminSuiteBootstrap_Pages/VT_Bootstrap/SaleKeyboard/input_cardName'

2022-03-31 23:53:02 - [MESSAGE][PASSED] - All options with value 'RETL' are selected in object 'Object Repository/AdminSuiteBootstrap_Pages/VT_Bootstrap/SaleKeyboard/select_transactionCategory'  using regular expression

2022-03-31 23:53:03 - [MESSAGE][PASSED] - Execute JavaScript 'arguments[0].value ='4012000098765439' ' successfully

2022-03-31 23:53:03 - [MESSAGE][PASSED] - Execute JavaScript 'arguments[0].value ='123' ' successfully

2022-03-31 23:53:04 - [MESSAGE][PASSED] - All options with value '12' are selected in object 'Object Repository/AdminSuiteBootstrap_Pages/VT_Bootstrap/SaleKeyboard/select_MM'  using regular expression

2022-03-31 23:53:05 - [MESSAGE][PASSED] - All options with value '2025' are selected in object 'Object Repository/AdminSuiteBootstrap_Pages/VT_Bootstrap/SaleKeyboard/select_YYYY'  using regular expression

2022-03-31 23:53:06 - [MESSAGE][PASSED] - Text '36 Cornor Road' is set on object 'Object Repository/AdminSuiteBootstrap_Pages/VT_Bootstrap/SaleKeyboard/input__address'

2022-03-31 23:53:07 - [MESSAGE][PASSED] - Text 'Suite 500' is set on object 'Object Repository/AdminSuiteBootstrap_Pages/VT_Bootstrap/SaleKeyboard/input__address2'

2022-03-31 23:53:07 - [MESSAGE][PASSED] - Text '22201' is set on object 'Object Repository/AdminSuiteBootstrap_Pages/VT_Bootstrap/SaleKeyboard/input__zip'

2022-03-31 23:53:08 - [MESSAGE][PASSED] - Text '' is set on object 'Object Repository/AdminSuiteBootstrap_Pages/VT_Bootstrap/SaleKeyboard/input_emailAddress'

2022-03-31 23:53:10 - [MESSAGE][PASSED] - Text '' is set on object 'Object Repository/AdminSuiteBootstrap_Pages/VT_Bootstrap/SaleKeyboard/input_smsNumber'

2022-03-31 23:53:10 - [MESSAGE][PASSED] - Text '10.50' is set on object 'Object Repository/AdminSuiteBootstrap_Pages/VT_Bootstrap/SaleKeyboard/input_amount'

2022-03-31 23:53:11 - [MESSAGE][PASSED] - Text 'Australia' is set on object 'Object Repository/AdminSuiteBootstrap_Pages/VT_Bootstrap/SaleKeyboard/input_userDefined1'

2022-03-31 23:53:12 - [MESSAGE][PASSED] - Text 'Denmark' is set on object 'Object Repository/AdminSuiteBootstrap_Pages/VT_Bootstrap/SaleKeyboard/input_userDefined2'

2022-03-31 23:53:13 - [MESSAGE][PASSED] - Text 'Sweden' is set on object 'Object Repository/AdminSuiteBootstrap_Pages/VT_Bootstrap/SaleKeyboard/input_userDefined3'

2022-03-31 23:53:13 - [MESSAGE][PASSED] - Text 'Austria' is set on object 'Object Repository/AdminSuiteBootstrap_Pages/VT_Bootstrap/SaleKeyboard/input_userDefined4'

2022-03-31 23:53:14 - [MESSAGE][PASSED] - All options with label 'Orange' are selected in object 'Object Repository/AdminSuiteBootstrap_Pages/VT_Bootstrap/SaleKeyboard/select_UDF5_DropDown'  using regular expression

2022-03-31 23:53:15 - [MESSAGE][PASSED] - All options with label 'Yellow' are selected in object 'Object Repository/AdminSuiteBootstrap_Pages/VT_Bootstrap/SaleKeyboard/select_UDF6_DropDown'  using regular expression

2022-03-31 23:53:16 - [MESSAGE][PASSED] - Text 'Norway' is set on object 'Object Repository/AdminSuiteBootstrap_Pages/VT_Bootstrap/SaleKeyboard/input_userDefined7'

2022-03-31 23:53:17 - [MESSAGE][PASSED] - Text 'Netherlands' is set on object 'Object Repository/AdminSuiteBootstrap_Pages/VT_Bootstrap/SaleKeyboard/input_userDefined8'

2022-03-31 23:53:18 - [MESSAGE][PASSED] - Text 'Switzerland' is set on object 'Object Repository/AdminSuiteBootstrap_Pages/VT_Bootstrap/SaleKeyboard/input_userDefined9'

2022-03-31 23:53:18 - [MESSAGE][PASSED] - Text 'France' is set on object 'Object Repository/AdminSuiteBootstrap_Pages/VT_Bootstrap/SaleKeyboard/input_userDefined10'

2022-03-31 23:53:20 - [MESSAGE][PASSED] - Object: 'Object Repository/AdminSuiteBootstrap_Pages/VT_Bootstrap/SaleKeyboard/button_Submit' is clicked on

2022-03-31 23:53:20 - [MESSAGE][PASSED] - adminSuiteBootstrap.virtualTerminalSetData.saleKeyboard_DataDriven is PASSED

2022-03-31 23:53:20 - [TEST_STEP][PASSED] - if (verifyTextPresent("Transaction Successful", true)): null

2022-03-31 23:53:20 - [MESSAGE][PASSED] - Text 'Transaction Successful' is present on page  using regular expression

2022-03-31 23:53:20 - [TEST_STEP][PASSED] - sdf = getText(findTestObject(path_Receipt + "td_AutoNoC031622113752957Ahm")): Text of object 'Object Repository/AdminSuiteBootstrap_Pages/VT_Bootstrap/Receipt/td_AutoNoC031622113752957Ahm' is: 'AutoSin033122235111041Ahm'

2022-03-31 23:53:21 - [MESSAGE][PASSED] - Text of object 'Object Repository/AdminSuiteBootstrap_Pages/VT_Bootstrap/Receipt/td_AutoNoC031622113752957Ahm' is: 'AutoSin033122235111041Ahm'

2022-03-31 23:53:21 - [TEST_STEP][PASSED] - out.println("sdf: " + sdf): null

2022-03-31 23:53:21 - [TEST_STEP][PASSED] - remID = sdf: null

2022-03-31 23:53:21 - [TEST_STEP][PASSED] - out.println("remID: " + remID): null

2022-03-31 23:53:21 - [TEST_STEP][PASSED] - click(findTestObject(path_Receipt + "button_Continue")): Object: 'Object Repository/AdminSuiteBootstrap_Pages/VT_Bootstrap/Receipt/button_Continue' is clicked on

2022-03-31 23:53:22 - [MESSAGE][PASSED] - Object: 'Object Repository/AdminSuiteBootstrap_Pages/VT_Bootstrap/Receipt/button_Continue' is clicked on

2022-03-31 23:53:22 - [TEST_STEP][PASSED] - click(findTestObject(path_VT + "a_Search Transactions")): Object: 'Object Repository/AdminSuiteBootstrap_Pages/VT_Bootstrap/IssueTransactions/a_Search Transactions' is clicked on

2022-03-31 23:53:23 - [MESSAGE][PASSED] - Object: 'Object Repository/AdminSuiteBootstrap_Pages/VT_Bootstrap/IssueTransactions/a_Search Transactions' is clicked on

2022-03-31 23:53:23 - [TEST_STEP][PASSED] - setText(findTestObject(path_CCSearch + "input_Search By_searchValue"), remID): Text 'AutoSin033122235111041Ahm' is set on object 'Object Repository/AdminSuiteBootstrap_Pages/VT_Bootstrap/CCCreditOrVoidSearch/input_Search By_searchValue'

2022-03-31 23:53:23 - [MESSAGE][PASSED] - Text 'AutoSin033122235111041Ahm' is set on object 'Object Repository/AdminSuiteBootstrap_Pages/VT_Bootstrap/CCCreditOrVoidSearch/input_Search By_searchValue'

2022-03-31 23:53:23 - [TEST_STEP][PASSED] - click(findTestObject(path_CCSearch + "button_Submit")): Object: 'Object Repository/AdminSuiteBootstrap_Pages/VT_Bootstrap/CCCreditOrVoidSearch/button_Submit' is clicked on

2022-03-31 23:53:24 - [MESSAGE][PASSED] - Object: 'Object Repository/AdminSuiteBootstrap_Pages/VT_Bootstrap/CCCreditOrVoidSearch/button_Submit' is clicked on

2022-03-31 23:53:24 - [TEST_STEP][PASSED] - fgr = getText(findTestObject(path_SearchResults + "div_Payment ID")): Text of object 'Object Repository/AdminSuiteBootstrap_Pages/VT_Bootstrap/SearchResults/div_Payment ID' is: 'Payment ID
Payment Type
Transaction Type
Remittance ID
Name
Total Amount
End Date
Status
12114225 Credit Card Authorization and Capture AutoSin033122235111041Ahm Tulsi Raman $15.50 03/31/2022 Success'

2022-03-31 23:53:25 - [MESSAGE][PASSED] - Text of object 'Object Repository/AdminSuiteBootstrap_Pages/VT_Bootstrap/SearchResults/div_Payment ID' is: 'Payment ID
Payment Type
Transaction Type
Remittance ID
Name
Total Amount
End Date
Status
12114225 Credit Card Authorization and Capture AutoSin033122235111041Ahm Tulsi Raman $15.50 03/31/2022 Success'

2022-03-31 23:53:25 - [TEST_STEP][PASSED] - payID = substring(89, 98).trim(): null

2022-03-31 23:53:25 - [TEST_STEP][PASSED] - out.println("payID: " + payID): null

2022-03-31 23:53:25 - [TEST_STEP][PASSED] - click(findTestObject(path_SearchResults + "button_PaymentID")): Object: 'Object Repository/AdminSuiteBootstrap_Pages/VT_Bootstrap/SearchResults/button_PaymentID' is clicked on

2022-03-31 23:53:26 - [MESSAGE][PASSED] - Object: 'Object Repository/AdminSuiteBootstrap_Pages/VT_Bootstrap/SearchResults/button_PaymentID' is clicked on

2022-03-31 23:53:26 - [TEST_STEP][PASSED] - verifyTextPresent("Tender Type", true): Text 'Tender Type' is present on page  using regular expression

2022-03-31 23:53:26 - [MESSAGE][PASSED] - Text 'Tender Type' is present on page  using regular expression

2022-03-31 23:53:26 - [TEST_STEP][PASSED] - verifyTextPresent("Credit Card", true): Text 'Credit Card' is present on page  using regular expression

2022-03-31 23:53:27 - [MESSAGE][PASSED] - Text 'Credit Card' is present on page  using regular expression

2022-03-31 23:53:27 - [TEST_STEP][PASSED] - verifyTextPresent("Transaction Type", true): Text 'Transaction Type' is present on page  using regular expression

2022-03-31 23:53:27 - [MESSAGE][PASSED] - Text 'Transaction Type' is present on page  using regular expression

2022-03-31 23:53:27 - [TEST_STEP][PASSED] - verifyTextPresent("Authorization and Capture", true): Text 'Authorization and Capture' is present on page  using regular expression

2022-03-31 23:53:27 - [MESSAGE][PASSED] - Text 'Authorization and Capture' is present on page  using regular expression

2022-03-31 23:53:27 - [TEST_STEP][PASSED] - verifyTextPresent("Transaction Posted by", true): Text 'Transaction Posted by' is present on page  using regular expression

2022-03-31 23:53:28 - [MESSAGE][PASSED] - Text 'Transaction Posted by' is present on page  using regular expression

2022-03-31 23:53:28 - [TEST_STEP][PASSED] - verifyTextPresent("iahmed", true): Text 'iahmed' is present on page  using regular expression

2022-03-31 23:53:28 - [MESSAGE][PASSED] - Text 'iahmed' is present on page  using regular expression

2022-03-31 23:53:28 - [TEST_STEP][PASSED] - click(findTestObject(path_TranxDetails + "a_Void this transaction")): Object: 'Object Repository/AdminSuiteBootstrap_Pages/VT_Bootstrap/TransactionDetails/a_Void this transaction' is clicked on

2022-03-31 23:53:29 - [MESSAGE][PASSED] - Object: 'Object Repository/AdminSuiteBootstrap_Pages/VT_Bootstrap/TransactionDetails/a_Void this transaction' is clicked on

2022-03-31 23:53:29 - [TEST_STEP][PASSED] - verifyTextPresent("The following transaction will be voided", true): Text 'The following transaction will be voided' is present on page  using regular expression

2022-03-31 23:53:30 - [MESSAGE][PASSED] - Text 'The following transaction will be voided' is present on page  using regular expression

2022-03-31 23:53:30 - [TEST_STEP][PASSED] - verifyTextPresent("Please press submit to continue", true): Text 'Please press submit to continue' is present on page  using regular expression

2022-03-31 23:53:30 - [MESSAGE][PASSED] - Text 'Please press submit to continue' is present on page  using regular expression

2022-03-31 23:53:30 - [TEST_STEP][PASSED] - click(findTestObject(path_TranxDetails + "button_Submit")): Object: 'Object Repository/AdminSuiteBootstrap_Pages/VT_Bootstrap/TransactionDetails/button_Submit' is clicked on

2022-03-31 23:53:32 - [MESSAGE][PASSED] - Object: 'Object Repository/AdminSuiteBootstrap_Pages/VT_Bootstrap/TransactionDetails/button_Submit' is clicked on

2022-03-31 23:53:32 - [TEST_STEP][PASSED] - verifyTextPresent("Transaction Successful", true): Text 'Transaction Successful' is present on page  using regular expression

2022-03-31 23:53:32 - [MESSAGE][PASSED] - Text 'Transaction Successful' is present on page  using regular expression

2022-03-31 23:53:32 - [TEST_STEP][PASSED] - verifyTextPresent("Transaction Type", true): Text 'Transaction Type' is present on page  using regular expression

2022-03-31 23:53:32 - [MESSAGE][PASSED] - Text 'Transaction Type' is present on page  using regular expression

2022-03-31 23:53:32 - [TEST_STEP][PASSED] - verifyTextPresent("Void", true): Text 'Void' is present on page  using regular expression

2022-03-31 23:53:33 - [MESSAGE][PASSED] - Text 'Void' is present on page  using regular expression

2022-03-31 23:53:33 - [TEST_STEP][PASSED] - closeBrowser(): Browser is closed

2022-03-31 23:53:34 - [MESSAGE][PASSED] - Browser is closed

2022-03-31 23:53:34 - [TEST_STEP][PASSED] - ExecuteTC = findTestData(dataFile).getValue("Execute", row): null

2022-03-31 23:53:34 - [TEST_STEP][PASSED] - out.println("Value of Execute is : " + ExecuteTC): null

2022-03-31 23:53:34 - [TEST_STEP][PASSED] - switch (executionProfile): null

2022-03-31 23:53:34 - [TEST_STEP][PASSED] - case "QAProfile":: null

2022-03-31 23:53:34 - [TEST_STEP][PASSED] - appName = findTestData(dataFile).getValue("AppNameQA", row): null

2022-03-31 23:53:34 - [TEST_STEP][PASSED] - appID = findTestData(dataFile).getValue("AppIDQA", row): null

2022-03-31 23:53:34 - [TEST_STEP][PASSED] - break: null

2022-03-31 23:53:34 - [TEST_STEP][PASSED] - hrefAppID = li_1 + appID + li_2: null

2022-03-31 23:53:34 - [TEST_STEP][PASSED] - hrefApp = li_1 + appID + "/": null

2022-03-31 23:53:34 - [TEST_STEP][PASSED] - println("hrefApp : " + hrefApp): null

2022-03-31 23:53:34 - [TEST_STEP][PASSED] - if (ExecuteTC.equalsIgnoreCase("Y")): null

2022-03-31 23:53:34 - [TEST_STEP][PASSED] - out.println("Begin Record Number: " + row): null

2022-03-31 23:53:34 - [TEST_STEP][PASSED] - today = new java.util.Date(): null

2022-03-31 23:53:34 - [TEST_STEP][PASSED] - println(today): null

2022-03-31 23:53:34 - [TEST_STEP][PASSED] - datText = today: null

2022-03-31 23:53:34 - [TEST_STEP][PASSED] - adminSuiteBootstrap.loginFunctionality.login_AdminSuite(): adminSuiteBootstrap.loginFunctionality.login_AdminSuite is PASSED

2022-03-31 23:53:34 - [MESSAGE][INFO] - Starting 'Chrome' driver

2022-03-31 23:53:34 - [MESSAGE][INFO] - User set preference: ['acceptInsecureCerts', 'true']

2022-03-31 23:53:34 - [MESSAGE][INFO] - Action delay is set to 0 milliseconds

2022-03-31 23:53:36 - [MESSAGE][PASSED] - Browser is opened with url: 'https://qa.velocitypayment.com/admin/imtiaz'

2022-03-31 23:53:36 - [MESSAGE][PASSED] - Current window maximized

2022-03-31 23:53:37 - [MESSAGE][PASSED] - Object 'Object Repository/Login_Page/Login_Username' is present

2022-03-31 23:53:37 - [MESSAGE][PASSED] - Text 'iahmed' is set on object 'Object Repository/Login_Page/Login_Username'

2022-03-31 23:53:38 - [MESSAGE][PASSED] - Text 'hello2222' is set on object 'Object Repository/Login_Page/Login_Password'

2022-03-31 23:53:41 - [MESSAGE][PASSED] - Object: 'Object Repository/Login_Page/Login_Submit' is clicked on

2022-03-31 23:53:41 - [MESSAGE][PASSED] - adminSuiteBootstrap.loginFunctionality.login_AdminSuite is PASSED

2022-03-31 23:53:41 - [TEST_STEP][PASSED] - click(findTestObject(path_Dashboard + appName)): Object: 'Object Repository/AdminSuiteBootstrap_Pages/Dashboard_Bootstrap/a_Access AutoSingleCFtpQA' is clicked on

2022-03-31 23:53:42 - [MESSAGE][PASSED] - Object: 'Object Repository/AdminSuiteBootstrap_Pages/Dashboard_Bootstrap/a_Access AutoSingleCFtpQA' is clicked on

2022-03-31 23:53:42 - [TEST_STEP][PASSED] - click(findTestObject(path_VT + "button_Authorization  Capture (Sale)")): Object: 'Object Repository/AdminSuiteBootstrap_Pages/VT_Bootstrap/IssueTransactions/button_Authorization  Capture (Sale)' is clicked on

2022-03-31 23:53:42 - [MESSAGE][PASSED] - Object: 'Object Repository/AdminSuiteBootstrap_Pages/VT_Bootstrap/IssueTransactions/button_Authorization  Capture (Sale)' is clicked on

2022-03-31 23:53:42 - [TEST_STEP][PASSED] - saleKeyboardEntryLink = modifyObjectProperty(findTestObject(path_VT + "a_KeyboardEntry_Sale"), "href", "equals", hrefAppID, true): Modify property of object successfully

2022-03-31 23:53:42 - [MESSAGE][PASSED] - Modify property of object successfully

2022-03-31 23:53:42 - [TEST_STEP][PASSED] - click(saleKeyboardEntryLink): Object: 'Object Repository/AdminSuiteBootstrap_Pages/VT_Bootstrap/IssueTransactions/a_KeyboardEntry_Sale' is clicked on

2022-03-31 23:53:43 - [MESSAGE][PASSED] - Object: 'Object Repository/AdminSuiteBootstrap_Pages/VT_Bootstrap/IssueTransactions/a_KeyboardEntry_Sale' is clicked on

2022-03-31 23:53:43 - [TEST_STEP][PASSED] - adminSuiteBootstrap.virtualTerminalSetData.saleKeyboard_DataDriven(row, dataFile): adminSuiteBootstrap.virtualTerminalSetData.saleKeyboard_DataDriven is PASSED

2022-03-31 23:53:46 - [MESSAGE][PASSED] - Text 'Tulsi Raman' is set on object 'Object Repository/AdminSuiteBootstrap_Pages/VT_Bootstrap/SaleKeyboard/input_cardName'

2022-03-31 23:53:47 - [MESSAGE][PASSED] - All options with value 'RETL' are selected in object 'Object Repository/AdminSuiteBootstrap_Pages/VT_Bootstrap/SaleKeyboard/select_transactionCategory'  using regular expression

2022-03-31 23:53:48 - [MESSAGE][PASSED] - Execute JavaScript 'arguments[0].value ='5146312200000035' ' successfully

2022-03-31 23:53:48 - [MESSAGE][PASSED] - Execute JavaScript 'arguments[0].value ='123' ' successfully

2022-03-31 23:53:49 - [MESSAGE][PASSED] - All options with value '12' are selected in object 'Object Repository/AdminSuiteBootstrap_Pages/VT_Bootstrap/SaleKeyboard/select_MM'  using regular expression

2022-03-31 23:53:50 - [MESSAGE][PASSED] - All options with value '2025' are selected in object 'Object Repository/AdminSuiteBootstrap_Pages/VT_Bootstrap/SaleKeyboard/select_YYYY'  using regular expression

2022-03-31 23:53:51 - [MESSAGE][PASSED] - Text '1478 Jhatka Palace' is set on object 'Object Repository/AdminSuiteBootstrap_Pages/VT_Bootstrap/SaleKeyboard/input__address'

2022-03-31 23:53:52 - [MESSAGE][PASSED] - Text 'Suite 500' is set on object 'Object Repository/AdminSuiteBootstrap_Pages/VT_Bootstrap/SaleKeyboard/input__address2'

2022-03-31 23:53:52 - [MESSAGE][PASSED] - Text '22201' is set on object 'Object Repository/AdminSuiteBootstrap_Pages/VT_Bootstrap/SaleKeyboard/input__zip'

2022-03-31 23:53:53 - [MESSAGE][PASSED] - Text '' is set on object 'Object Repository/AdminSuiteBootstrap_Pages/VT_Bootstrap/SaleKeyboard/input_emailAddress'

2022-03-31 23:53:54 - [MESSAGE][PASSED] - Text '' is set on object 'Object Repository/AdminSuiteBootstrap_Pages/VT_Bootstrap/SaleKeyboard/input_smsNumber'

2022-03-31 23:53:55 - [MESSAGE][PASSED] - Text '10.50' is set on object 'Object Repository/AdminSuiteBootstrap_Pages/VT_Bootstrap/SaleKeyboard/input_amount'

2022-03-31 23:53:56 - [MESSAGE][PASSED] - Text 'Australia' is set on object 'Object Repository/AdminSuiteBootstrap_Pages/VT_Bootstrap/SaleKeyboard/input_userDefined1'

2022-03-31 23:53:57 - [MESSAGE][PASSED] - Text 'Denmark' is set on object 'Object Repository/AdminSuiteBootstrap_Pages/VT_Bootstrap/SaleKeyboard/input_userDefined2'

2022-03-31 23:53:58 - [MESSAGE][PASSED] - Text 'Sweden' is set on object 'Object Repository/AdminSuiteBootstrap_Pages/VT_Bootstrap/SaleKeyboard/input_userDefined3'

2022-03-31 23:53:58 - [MESSAGE][PASSED] - Text 'Austria' is set on object 'Object Repository/AdminSuiteBootstrap_Pages/VT_Bootstrap/SaleKeyboard/input_userDefined4'

2022-03-31 23:53:59 - [MESSAGE][PASSED] - All options with label 'Orange' are selected in object 'Object Repository/AdminSuiteBootstrap_Pages/VT_Bootstrap/SaleKeyboard/select_UDF5_DropDown'  using regular expression

2022-03-31 23:54:00 - [MESSAGE][PASSED] - All options with label 'Yellow' are selected in object 'Object Repository/AdminSuiteBootstrap_Pages/VT_Bootstrap/SaleKeyboard/select_UDF6_DropDown'  using regular expression

2022-03-31 23:54:01 - [MESSAGE][PASSED] - Text 'Norway' is set on object 'Object Repository/AdminSuiteBootstrap_Pages/VT_Bootstrap/SaleKeyboard/input_userDefined7'

2022-03-31 23:54:02 - [MESSAGE][PASSED] - Text 'Netherlands' is set on object 'Object Repository/AdminSuiteBootstrap_Pages/VT_Bootstrap/SaleKeyboard/input_userDefined8'

2022-03-31 23:54:02 - [MESSAGE][PASSED] - Text 'Switzerland' is set on object 'Object Repository/AdminSuiteBootstrap_Pages/VT_Bootstrap/SaleKeyboard/input_userDefined9'

2022-03-31 23:54:03 - [MESSAGE][PASSED] - Text 'France' is set on object 'Object Repository/AdminSuiteBootstrap_Pages/VT_Bootstrap/SaleKeyboard/input_userDefined10'

2022-03-31 23:54:05 - [MESSAGE][PASSED] - Object: 'Object Repository/AdminSuiteBootstrap_Pages/VT_Bootstrap/SaleKeyboard/button_Submit' is clicked on

2022-03-31 23:54:05 - [MESSAGE][PASSED] - adminSuiteBootstrap.virtualTerminalSetData.saleKeyboard_DataDriven is PASSED

2022-03-31 23:54:05 - [TEST_STEP][PASSED] - if (verifyTextPresent("Transaction Successful", true)): null

2022-03-31 23:54:05 - [MESSAGE][PASSED] - Text 'Transaction Successful' is present on page  using regular expression

2022-03-31 23:54:05 - [TEST_STEP][PASSED] - sdf = getText(findTestObject(path_Receipt + "td_AutoNoC031622113752957Ahm")): Text of object 'Object Repository/AdminSuiteBootstrap_Pages/VT_Bootstrap/Receipt/td_AutoNoC031622113752957Ahm' is: 'AutoSin033122235155965Ahm'

2022-03-31 23:54:06 - [MESSAGE][PASSED] - Text of object 'Object Repository/AdminSuiteBootstrap_Pages/VT_Bootstrap/Receipt/td_AutoNoC031622113752957Ahm' is: 'AutoSin033122235155965Ahm'

2022-03-31 23:54:06 - [TEST_STEP][PASSED] - out.println("sdf: " + sdf): null

2022-03-31 23:54:06 - [TEST_STEP][PASSED] - remID = sdf: null

2022-03-31 23:54:06 - [TEST_STEP][PASSED] - out.println("remID: " + remID): null

2022-03-31 23:54:06 - [TEST_STEP][PASSED] - click(findTestObject(path_Receipt + "button_Continue")): Object: 'Object Repository/AdminSuiteBootstrap_Pages/VT_Bootstrap/Receipt/button_Continue' is clicked on

2022-03-31 23:54:06 - [MESSAGE][PASSED] - Object: 'Object Repository/AdminSuiteBootstrap_Pages/VT_Bootstrap/Receipt/button_Continue' is clicked on

2022-03-31 23:54:06 - [TEST_STEP][PASSED] - click(findTestObject(path_VT + "a_Search Transactions")): Object: 'Object Repository/AdminSuiteBootstrap_Pages/VT_Bootstrap/IssueTransactions/a_Search Transactions' is clicked on

2022-03-31 23:54:07 - [MESSAGE][PASSED] - Object: 'Object Repository/AdminSuiteBootstrap_Pages/VT_Bootstrap/IssueTransactions/a_Search Transactions' is clicked on

2022-03-31 23:54:07 - [TEST_STEP][PASSED] - setText(findTestObject(path_CCSearch + "input_Search By_searchValue"), remID): Text 'AutoSin033122235155965Ahm' is set on object 'Object Repository/AdminSuiteBootstrap_Pages/VT_Bootstrap/CCCreditOrVoidSearch/input_Search By_searchValue'

2022-03-31 23:54:08 - [MESSAGE][PASSED] - Text 'AutoSin033122235155965Ahm' is set on object 'Object Repository/AdminSuiteBootstrap_Pages/VT_Bootstrap/CCCreditOrVoidSearch/input_Search By_searchValue'

2022-03-31 23:54:08 - [TEST_STEP][PASSED] - click(findTestObject(path_CCSearch + "button_Submit")): Object: 'Object Repository/AdminSuiteBootstrap_Pages/VT_Bootstrap/CCCreditOrVoidSearch/button_Submit' is clicked on

2022-03-31 23:54:09 - [MESSAGE][PASSED] - Object: 'Object Repository/AdminSuiteBootstrap_Pages/VT_Bootstrap/CCCreditOrVoidSearch/button_Submit' is clicked on

2022-03-31 23:54:09 - [TEST_STEP][PASSED] - fgr = getText(findTestObject(path_SearchResults + "div_Payment ID")): Text of object 'Object Repository/AdminSuiteBootstrap_Pages/VT_Bootstrap/SearchResults/div_Payment ID' is: 'Payment ID
Payment Type
Transaction Type
Remittance ID
Name
Total Amount
End Date
Status
12114227 Credit Card Authorization and Capture AutoSin033122235155965Ahm Tulsi Raman $15.50 03/31/2022 Success'

2022-03-31 23:54:10 - [MESSAGE][PASSED] - Text of object 'Object Repository/AdminSuiteBootstrap_Pages/VT_Bootstrap/SearchResults/div_Payment ID' is: 'Payment ID
Payment Type
Transaction Type
Remittance ID
Name
Total Amount
End Date
Status
12114227 Credit Card Authorization and Capture AutoSin033122235155965Ahm Tulsi Raman $15.50 03/31/2022 Success'

2022-03-31 23:54:10 - [TEST_STEP][PASSED] - payID = substring(89, 98).trim(): null

2022-03-31 23:54:10 - [TEST_STEP][PASSED] - out.println("payID: " + payID): null

2022-03-31 23:54:10 - [TEST_STEP][PASSED] - click(findTestObject(path_SearchResults + "button_PaymentID")): Object: 'Object Repository/AdminSuiteBootstrap_Pages/VT_Bootstrap/SearchResults/button_PaymentID' is clicked on

2022-03-31 23:54:10 - [MESSAGE][PASSED] - Object: 'Object Repository/AdminSuiteBootstrap_Pages/VT_Bootstrap/SearchResults/button_PaymentID' is clicked on

2022-03-31 23:54:10 - [TEST_STEP][PASSED] - verifyTextPresent("Tender Type", true): Text 'Tender Type' is present on page  using regular expression

2022-03-31 23:54:11 - [MESSAGE][PASSED] - Text 'Tender Type' is present on page  using regular expression

2022-03-31 23:54:11 - [TEST_STEP][PASSED] - verifyTextPresent("Credit Card", true): Text 'Credit Card' is present on page  using regular expression

2022-03-31 23:54:11 - [MESSAGE][PASSED] - Text 'Credit Card' is present on page  using regular expression

2022-03-31 23:54:11 - [TEST_STEP][PASSED] - verifyTextPresent("Transaction Type", true): Text 'Transaction Type' is present on page  using regular expression

2022-03-31 23:54:12 - [MESSAGE][PASSED] - Text 'Transaction Type' is present on page  using regular expression

2022-03-31 23:54:12 - [TEST_STEP][PASSED] - verifyTextPresent("Authorization and Capture", true): Text 'Authorization and Capture' is present on page  using regular expression

2022-03-31 23:54:12 - [MESSAGE][PASSED] - Text 'Authorization and Capture' is present on page  using regular expression

2022-03-31 23:54:12 - [TEST_STEP][PASSED] - verifyTextPresent("Transaction Posted by", true): Text 'Transaction Posted by' is present on page  using regular expression

2022-03-31 23:54:12 - [MESSAGE][PASSED] - Text 'Transaction Posted by' is present on page  using regular expression

2022-03-31 23:54:12 - [TEST_STEP][PASSED] - verifyTextPresent("iahmed", true): Text 'iahmed' is present on page  using regular expression

2022-03-31 23:54:13 - [MESSAGE][PASSED] - Text 'iahmed' is present on page  using regular expression

2022-03-31 23:54:13 - [TEST_STEP][PASSED] - click(findTestObject(path_TranxDetails + "a_Void this transaction")): Object: 'Object Repository/AdminSuiteBootstrap_Pages/VT_Bootstrap/TransactionDetails/a_Void this transaction' is clicked on

2022-03-31 23:54:14 - [MESSAGE][PASSED] - Object: 'Object Repository/AdminSuiteBootstrap_Pages/VT_Bootstrap/TransactionDetails/a_Void this transaction' is clicked on

2022-03-31 23:54:14 - [TEST_STEP][PASSED] - verifyTextPresent("The following transaction will be voided", true): Text 'The following transaction will be voided' is present on page  using regular expression

2022-03-31 23:54:14 - [MESSAGE][PASSED] - Text 'The following transaction will be voided' is present on page  using regular expression

2022-03-31 23:54:14 - [TEST_STEP][PASSED] - verifyTextPresent("Please press submit to continue", true): Text 'Please press submit to continue' is present on page  using regular expression

2022-03-31 23:54:15 - [MESSAGE][PASSED] - Text 'Please press submit to continue' is present on page  using regular expression

2022-03-31 23:54:15 - [TEST_STEP][PASSED] - click(findTestObject(path_TranxDetails + "button_Submit")): Object: 'Object Repository/AdminSuiteBootstrap_Pages/VT_Bootstrap/TransactionDetails/button_Submit' is clicked on

2022-03-31 23:54:16 - [MESSAGE][PASSED] - Object: 'Object Repository/AdminSuiteBootstrap_Pages/VT_Bootstrap/TransactionDetails/button_Submit' is clicked on

2022-03-31 23:54:16 - [TEST_STEP][PASSED] - verifyTextPresent("Transaction Successful", true): Text 'Transaction Successful' is present on page  using regular expression

2022-03-31 23:54:17 - [MESSAGE][PASSED] - Text 'Transaction Successful' is present on page  using regular expression

2022-03-31 23:54:17 - [TEST_STEP][PASSED] - verifyTextPresent("Transaction Type", true): Text 'Transaction Type' is present on page  using regular expression

2022-03-31 23:54:17 - [MESSAGE][PASSED] - Text 'Transaction Type' is present on page  using regular expression

2022-03-31 23:54:17 - [TEST_STEP][PASSED] - verifyTextPresent("Void", true): Text 'Void' is present on page  using regular expression

2022-03-31 23:54:18 - [MESSAGE][PASSED] - Text 'Void' is present on page  using regular expression

2022-03-31 23:54:18 - [TEST_STEP][PASSED] - closeBrowser(): Browser is closed

2022-03-31 23:54:19 - [MESSAGE][PASSED] - Browser is closed

2022-03-31 23:54:19 - [TEST_STEP][PASSED] - ExecuteTC = findTestData(dataFile).getValue("Execute", row): null

2022-03-31 23:54:19 - [TEST_STEP][PASSED] - out.println("Value of Execute is : " + ExecuteTC): null

2022-03-31 23:54:19 - [TEST_STEP][PASSED] - switch (executionProfile): null

2022-03-31 23:54:19 - [TEST_STEP][PASSED] - case "QAProfile":: null

2022-03-31 23:54:19 - [TEST_STEP][PASSED] - appName = findTestData(dataFile).getValue("AppNameQA", row): null

2022-03-31 23:54:19 - [TEST_STEP][PASSED] - appID = findTestData(dataFile).getValue("AppIDQA", row): null

2022-03-31 23:54:19 - [TEST_STEP][PASSED] - break: null

2022-03-31 23:54:19 - [TEST_STEP][PASSED] - hrefAppID = li_1 + appID + li_2: null

2022-03-31 23:54:19 - [TEST_STEP][PASSED] - hrefApp = li_1 + appID + "/": null

2022-03-31 23:54:19 - [TEST_STEP][PASSED] - println("hrefApp : " + hrefApp): null

2022-03-31 23:54:19 - [TEST_STEP][PASSED] - if (ExecuteTC.equalsIgnoreCase("Y")): null

2022-03-31 23:54:19 - [TEST_STEP][PASSED] - out.println("Begin Record Number: " + row): null

2022-03-31 23:54:19 - [TEST_STEP][PASSED] - today = new java.util.Date(): null

2022-03-31 23:54:19 - [TEST_STEP][PASSED] - println(today): null

2022-03-31 23:54:19 - [TEST_STEP][PASSED] - datText = today: null

2022-03-31 23:54:19 - [TEST_STEP][PASSED] - adminSuiteBootstrap.loginFunctionality.login_AdminSuite(): adminSuiteBootstrap.loginFunctionality.login_AdminSuite is PASSED

2022-03-31 23:54:19 - [MESSAGE][INFO] - Starting 'Chrome' driver

2022-03-31 23:54:19 - [MESSAGE][INFO] - User set preference: ['acceptInsecureCerts', 'true']

2022-03-31 23:54:19 - [MESSAGE][INFO] - Action delay is set to 0 milliseconds

2022-03-31 23:54:21 - [MESSAGE][PASSED] - Browser is opened with url: 'https://qa.velocitypayment.com/admin/imtiaz'

2022-03-31 23:54:21 - [MESSAGE][PASSED] - Current window maximized

2022-03-31 23:54:22 - [MESSAGE][PASSED] - Object 'Object Repository/Login_Page/Login_Username' is present

2022-03-31 23:54:22 - [MESSAGE][PASSED] - Text 'iahmed' is set on object 'Object Repository/Login_Page/Login_Username'

2022-03-31 23:54:23 - [MESSAGE][PASSED] - Text 'hello2222' is set on object 'Object Repository/Login_Page/Login_Password'

2022-03-31 23:54:26 - [MESSAGE][PASSED] - Object: 'Object Repository/Login_Page/Login_Submit' is clicked on

2022-03-31 23:54:26 - [MESSAGE][PASSED] - adminSuiteBootstrap.loginFunctionality.login_AdminSuite is PASSED

2022-03-31 23:54:26 - [TEST_STEP][PASSED] - click(findTestObject(path_Dashboard + appName)): Object: 'Object Repository/AdminSuiteBootstrap_Pages/Dashboard_Bootstrap/a_Access AutoSingleCFtpQA' is clicked on

2022-03-31 23:54:27 - [MESSAGE][PASSED] - Object: 'Object Repository/AdminSuiteBootstrap_Pages/Dashboard_Bootstrap/a_Access AutoSingleCFtpQA' is clicked on

2022-03-31 23:54:27 - [TEST_STEP][PASSED] - click(findTestObject(path_VT + "button_Authorization  Capture (Sale)")): Object: 'Object Repository/AdminSuiteBootstrap_Pages/VT_Bootstrap/IssueTransactions/button_Authorization  Capture (Sale)' is clicked on

2022-03-31 23:54:28 - [MESSAGE][PASSED] - Object: 'Object Repository/AdminSuiteBootstrap_Pages/VT_Bootstrap/IssueTransactions/button_Authorization  Capture (Sale)' is clicked on

2022-03-31 23:54:28 - [TEST_STEP][PASSED] - saleKeyboardEntryLink = modifyObjectProperty(findTestObject(path_VT + "a_KeyboardEntry_Sale"), "href", "equals", hrefAppID, true): Modify property of object successfully

2022-03-31 23:54:28 - [MESSAGE][PASSED] - Modify property of object successfully

2022-03-31 23:54:28 - [TEST_STEP][PASSED] - click(saleKeyboardEntryLink): Object: 'Object Repository/AdminSuiteBootstrap_Pages/VT_Bootstrap/IssueTransactions/a_KeyboardEntry_Sale' is clicked on

2022-03-31 23:54:29 - [MESSAGE][PASSED] - Object: 'Object Repository/AdminSuiteBootstrap_Pages/VT_Bootstrap/IssueTransactions/a_KeyboardEntry_Sale' is clicked on

2022-03-31 23:54:29 - [TEST_STEP][PASSED] - adminSuiteBootstrap.virtualTerminalSetData.saleKeyboard_DataDriven(row, dataFile): adminSuiteBootstrap.virtualTerminalSetData.saleKeyboard_DataDriven is PASSED

2022-03-31 23:54:31 - [MESSAGE][PASSED] - Text 'Tulsi Raman' is set on object 'Object Repository/AdminSuiteBootstrap_Pages/VT_Bootstrap/SaleKeyboard/input_cardName'

2022-03-31 23:54:32 - [MESSAGE][PASSED] - All options with value 'RETL' are selected in object 'Object Repository/AdminSuiteBootstrap_Pages/VT_Bootstrap/SaleKeyboard/select_transactionCategory'  using regular expression

2022-03-31 23:54:33 - [MESSAGE][PASSED] - Execute JavaScript 'arguments[0].value ='371449635392376' ' successfully

2022-03-31 23:54:33 - [MESSAGE][PASSED] - Execute JavaScript 'arguments[0].value ='123' ' successfully

2022-03-31 23:54:35 - [MESSAGE][PASSED] - All options with value '12' are selected in object 'Object Repository/AdminSuiteBootstrap_Pages/VT_Bootstrap/SaleKeyboard/select_MM'  using regular expression

2022-03-31 23:54:36 - [MESSAGE][PASSED] - All options with value '2025' are selected in object 'Object Repository/AdminSuiteBootstrap_Pages/VT_Bootstrap/SaleKeyboard/select_YYYY'  using regular expression

2022-03-31 23:54:36 - [MESSAGE][PASSED] - Text '550 Swan Lake' is set on object 'Object Repository/AdminSuiteBootstrap_Pages/VT_Bootstrap/SaleKeyboard/input__address'

2022-03-31 23:54:37 - [MESSAGE][PASSED] - Text 'Suite 500' is set on object 'Object Repository/AdminSuiteBootstrap_Pages/VT_Bootstrap/SaleKeyboard/input__address2'

2022-03-31 23:54:38 - [MESSAGE][PASSED] - Text '22201' is set on object 'Object Repository/AdminSuiteBootstrap_Pages/VT_Bootstrap/SaleKeyboard/input__zip'

2022-03-31 23:54:38 - [MESSAGE][PASSED] - Text '' is set on object 'Object Repository/AdminSuiteBootstrap_Pages/VT_Bootstrap/SaleKeyboard/input_emailAddress'

2022-03-31 23:54:40 - [MESSAGE][PASSED] - Text '' is set on object 'Object Repository/AdminSuiteBootstrap_Pages/VT_Bootstrap/SaleKeyboard/input_smsNumber'

2022-03-31 23:54:40 - [MESSAGE][PASSED] - Text '10.50' is set on object 'Object Repository/AdminSuiteBootstrap_Pages/VT_Bootstrap/SaleKeyboard/input_amount'

2022-03-31 23:54:42 - [MESSAGE][PASSED] - Text 'Australia' is set on object 'Object Repository/AdminSuiteBootstrap_Pages/VT_Bootstrap/SaleKeyboard/input_userDefined1'

2022-03-31 23:54:42 - [MESSAGE][PASSED] - Text 'Denmark' is set on object 'Object Repository/AdminSuiteBootstrap_Pages/VT_Bootstrap/SaleKeyboard/input_userDefined2'

2022-03-31 23:54:43 - [MESSAGE][PASSED] - Text 'Sweden' is set on object 'Object Repository/AdminSuiteBootstrap_Pages/VT_Bootstrap/SaleKeyboard/input_userDefined3'

2022-03-31 23:54:44 - [MESSAGE][PASSED] - Text 'Austria' is set on object 'Object Repository/AdminSuiteBootstrap_Pages/VT_Bootstrap/SaleKeyboard/input_userDefined4'

2022-03-31 23:54:45 - [MESSAGE][PASSED] - All options with label 'Orange' are selected in object 'Object Repository/AdminSuiteBootstrap_Pages/VT_Bootstrap/SaleKeyboard/select_UDF5_DropDown'  using regular expression

2022-03-31 23:54:46 - [MESSAGE][PASSED] - All options with label 'Yellow' are selected in object 'Object Repository/AdminSuiteBootstrap_Pages/VT_Bootstrap/SaleKeyboard/select_UDF6_DropDown'  using regular expression

2022-03-31 23:54:46 - [MESSAGE][PASSED] - Text 'Norway' is set on object 'Object Repository/AdminSuiteBootstrap_Pages/VT_Bootstrap/SaleKeyboard/input_userDefined7'

2022-03-31 23:54:47 - [MESSAGE][PASSED] - Text 'Netherlands' is set on object 'Object Repository/AdminSuiteBootstrap_Pages/VT_Bootstrap/SaleKeyboard/input_userDefined8'

2022-03-31 23:54:48 - [MESSAGE][PASSED] - Text 'Switzerland' is set on object 'Object Repository/AdminSuiteBootstrap_Pages/VT_Bootstrap/SaleKeyboard/input_userDefined9'

2022-03-31 23:54:49 - [MESSAGE][PASSED] - Text 'France' is set on object 'Object Repository/AdminSuiteBootstrap_Pages/VT_Bootstrap/SaleKeyboard/input_userDefined10'

2022-03-31 23:54:51 - [MESSAGE][PASSED] - Object: 'Object Repository/AdminSuiteBootstrap_Pages/VT_Bootstrap/SaleKeyboard/button_Submit' is clicked on

2022-03-31 23:54:51 - [MESSAGE][PASSED] - adminSuiteBootstrap.virtualTerminalSetData.saleKeyboard_DataDriven is PASSED

2022-03-31 23:54:51 - [TEST_STEP][PASSED] - if (verifyTextPresent("Transaction Successful", true)): null

2022-03-31 23:54:51 - [MESSAGE][PASSED] - Text 'Transaction Successful' is present on page  using regular expression

2022-03-31 23:54:51 - [TEST_STEP][PASSED] - sdf = getText(findTestObject(path_Receipt + "td_AutoNoC031622113752957Ahm")): Text of object 'Object Repository/AdminSuiteBootstrap_Pages/VT_Bootstrap/Receipt/td_AutoNoC031622113752957Ahm' is: 'AutoSin033122235241427Ahm'

2022-03-31 23:54:52 - [MESSAGE][PASSED] - Text of object 'Object Repository/AdminSuiteBootstrap_Pages/VT_Bootstrap/Receipt/td_AutoNoC031622113752957Ahm' is: 'AutoSin033122235241427Ahm'

2022-03-31 23:54:52 - [TEST_STEP][PASSED] - out.println("sdf: " + sdf): null

2022-03-31 23:54:52 - [TEST_STEP][PASSED] - remID = sdf: null

2022-03-31 23:54:52 - [TEST_STEP][PASSED] - out.println("remID: " + remID): null

2022-03-31 23:54:52 - [TEST_STEP][PASSED] - click(findTestObject(path_Receipt + "button_Continue")): Object: 'Object Repository/AdminSuiteBootstrap_Pages/VT_Bootstrap/Receipt/button_Continue' is clicked on

2022-03-31 23:54:53 - [MESSAGE][PASSED] - Object: 'Object Repository/AdminSuiteBootstrap_Pages/VT_Bootstrap/Receipt/button_Continue' is clicked on

2022-03-31 23:54:53 - [TEST_STEP][PASSED] - click(findTestObject(path_VT + "a_Search Transactions")): Object: 'Object Repository/AdminSuiteBootstrap_Pages/VT_Bootstrap/IssueTransactions/a_Search Transactions' is clicked on

2022-03-31 23:54:54 - [MESSAGE][PASSED] - Object: 'Object Repository/AdminSuiteBootstrap_Pages/VT_Bootstrap/IssueTransactions/a_Search Transactions' is clicked on

2022-03-31 23:54:54 - [TEST_STEP][PASSED] - setText(findTestObject(path_CCSearch + "input_Search By_searchValue"), remID): Text 'AutoSin033122235241427Ahm' is set on object 'Object Repository/AdminSuiteBootstrap_Pages/VT_Bootstrap/CCCreditOrVoidSearch/input_Search By_searchValue'

2022-03-31 23:54:55 - [MESSAGE][PASSED] - Text 'AutoSin033122235241427Ahm' is set on object 'Object Repository/AdminSuiteBootstrap_Pages/VT_Bootstrap/CCCreditOrVoidSearch/input_Search By_searchValue'

2022-03-31 23:54:55 - [TEST_STEP][PASSED] - click(findTestObject(path_CCSearch + "button_Submit")): Object: 'Object Repository/AdminSuiteBootstrap_Pages/VT_Bootstrap/CCCreditOrVoidSearch/button_Submit' is clicked on

2022-03-31 23:54:56 - [MESSAGE][PASSED] - Object: 'Object Repository/AdminSuiteBootstrap_Pages/VT_Bootstrap/CCCreditOrVoidSearch/button_Submit' is clicked on

2022-03-31 23:54:56 - [TEST_STEP][PASSED] - fgr = getText(findTestObject(path_SearchResults + "div_Payment ID")): Text of object 'Object Repository/AdminSuiteBootstrap_Pages/VT_Bootstrap/SearchResults/div_Payment ID' is: 'Payment ID
Payment Type
Transaction Type
Remittance ID
Name
Total Amount
End Date
Status
12114229 Credit Card Authorization and Capture AutoSin033122235241427Ahm Tulsi Raman $15.50 03/31/2022 Success'

2022-03-31 23:54:56 - [MESSAGE][PASSED] - Text of object 'Object Repository/AdminSuiteBootstrap_Pages/VT_Bootstrap/SearchResults/div_Payment ID' is: 'Payment ID
Payment Type
Transaction Type
Remittance ID
Name
Total Amount
End Date
Status
12114229 Credit Card Authorization and Capture AutoSin033122235241427Ahm Tulsi Raman $15.50 03/31/2022 Success'

2022-03-31 23:54:56 - [TEST_STEP][PASSED] - payID = substring(89, 98).trim(): null

2022-03-31 23:54:56 - [TEST_STEP][PASSED] - out.println("payID: " + payID): null

2022-03-31 23:54:56 - [TEST_STEP][PASSED] - click(findTestObject(path_SearchResults + "button_PaymentID")): Object: 'Object Repository/AdminSuiteBootstrap_Pages/VT_Bootstrap/SearchResults/button_PaymentID' is clicked on

2022-03-31 23:54:57 - [MESSAGE][PASSED] - Object: 'Object Repository/AdminSuiteBootstrap_Pages/VT_Bootstrap/SearchResults/button_PaymentID' is clicked on

2022-03-31 23:54:57 - [TEST_STEP][PASSED] - verifyTextPresent("Tender Type", true): Text 'Tender Type' is present on page  using regular expression

2022-03-31 23:54:58 - [MESSAGE][PASSED] - Text 'Tender Type' is present on page  using regular expression

2022-03-31 23:54:58 - [TEST_STEP][PASSED] - verifyTextPresent("Credit Card", true): Text 'Credit Card' is present on page  using regular expression

2022-03-31 23:54:58 - [MESSAGE][PASSED] - Text 'Credit Card' is present on page  using regular expression

2022-03-31 23:54:58 - [TEST_STEP][PASSED] - verifyTextPresent("Transaction Type", true): Text 'Transaction Type' is present on page  using regular expression

2022-03-31 23:54:59 - [MESSAGE][PASSED] - Text 'Transaction Type' is present on page  using regular expression

2022-03-31 23:54:59 - [TEST_STEP][PASSED] - verifyTextPresent("Authorization and Capture", true): Text 'Authorization and Capture' is present on page  using regular expression

2022-03-31 23:54:59 - [MESSAGE][PASSED] - Text 'Authorization and Capture' is present on page  using regular expression

2022-03-31 23:54:59 - [TEST_STEP][PASSED] - verifyTextPresent("Transaction Posted by", true): Text 'Transaction Posted by' is present on page  using regular expression

2022-03-31 23:54:59 - [MESSAGE][PASSED] - Text 'Transaction Posted by' is present on page  using regular expression

2022-03-31 23:54:59 - [TEST_STEP][PASSED] - verifyTextPresent("iahmed", true): Text 'iahmed' is present on page  using regular expression

2022-03-31 23:55:00 - [MESSAGE][PASSED] - Text 'iahmed' is present on page  using regular expression

2022-03-31 23:55:00 - [TEST_STEP][PASSED] - click(findTestObject(path_TranxDetails + "a_Void this transaction")): Object: 'Object Repository/AdminSuiteBootstrap_Pages/VT_Bootstrap/TransactionDetails/a_Void this transaction' is clicked on

2022-03-31 23:55:01 - [MESSAGE][PASSED] - Object: 'Object Repository/AdminSuiteBootstrap_Pages/VT_Bootstrap/TransactionDetails/a_Void this transaction' is clicked on

2022-03-31 23:55:01 - [TEST_STEP][PASSED] - verifyTextPresent("The following transaction will be voided", true): Text 'The following transaction will be voided' is present on page  using regular expression

2022-03-31 23:55:02 - [MESSAGE][PASSED] - Text 'The following transaction will be voided' is present on page  using regular expression

2022-03-31 23:55:02 - [TEST_STEP][PASSED] - verifyTextPresent("Please press submit to continue", true): Text 'Please press submit to continue' is present on page  using regular expression

2022-03-31 23:55:02 - [MESSAGE][PASSED] - Text 'Please press submit to continue' is present on page  using regular expression

2022-03-31 23:55:02 - [TEST_STEP][PASSED] - click(findTestObject(path_TranxDetails + "button_Submit")): Object: 'Object Repository/AdminSuiteBootstrap_Pages/VT_Bootstrap/TransactionDetails/button_Submit' is clicked on

2022-03-31 23:55:04 - [MESSAGE][PASSED] - Object: 'Object Repository/AdminSuiteBootstrap_Pages/VT_Bootstrap/TransactionDetails/button_Submit' is clicked on

2022-03-31 23:55:04 - [TEST_STEP][PASSED] - verifyTextPresent("Transaction Successful", true): Text 'Transaction Successful' is present on page  using regular expression

2022-03-31 23:55:05 - [MESSAGE][PASSED] - Text 'Transaction Successful' is present on page  using regular expression

2022-03-31 23:55:05 - [TEST_STEP][PASSED] - verifyTextPresent("Transaction Type", true): Text 'Transaction Type' is present on page  using regular expression

2022-03-31 23:55:05 - [MESSAGE][PASSED] - Text 'Transaction Type' is present on page  using regular expression

2022-03-31 23:55:05 - [TEST_STEP][PASSED] - verifyTextPresent("Void", true): Text 'Void' is present on page  using regular expression

2022-03-31 23:55:05 - [MESSAGE][PASSED] - Text 'Void' is present on page  using regular expression

2022-03-31 23:55:05 - [TEST_STEP][PASSED] - closeBrowser(): Browser is closed

2022-03-31 23:55:06 - [MESSAGE][PASSED] - Browser is closed

2022-03-31 23:55:06 - [TEST_STEP][PASSED] - ExecuteTC = findTestData(dataFile).getValue("Execute", row): null

2022-03-31 23:55:06 - [TEST_STEP][PASSED] - out.println("Value of Execute is : " + ExecuteTC): null

2022-03-31 23:55:06 - [TEST_STEP][PASSED] - switch (executionProfile): null

2022-03-31 23:55:06 - [TEST_STEP][PASSED] - case "QAProfile":: null

2022-03-31 23:55:06 - [TEST_STEP][PASSED] - appName = findTestData(dataFile).getValue("AppNameQA", row): null

2022-03-31 23:55:06 - [TEST_STEP][PASSED] - appID = findTestData(dataFile).getValue("AppIDQA", row): null

2022-03-31 23:55:07 - [TEST_STEP][PASSED] - break: null

2022-03-31 23:55:07 - [TEST_STEP][PASSED] - hrefAppID = li_1 + appID + li_2: null

2022-03-31 23:55:07 - [TEST_STEP][PASSED] - hrefApp = li_1 + appID + "/": null

2022-03-31 23:55:07 - [TEST_STEP][PASSED] - println("hrefApp : " + hrefApp): null

2022-03-31 23:55:07 - [TEST_STEP][PASSED] - if (ExecuteTC.equalsIgnoreCase("Y")): null

2022-03-31 23:55:07 - [TEST_STEP][PASSED] - out.println("Begin Record Number: " + row): null

2022-03-31 23:55:07 - [TEST_STEP][PASSED] - today = new java.util.Date(): null

2022-03-31 23:55:07 - [TEST_STEP][PASSED] - println(today): null

2022-03-31 23:55:07 - [TEST_STEP][PASSED] - datText = today: null

2022-03-31 23:55:07 - [TEST_STEP][PASSED] - adminSuiteBootstrap.loginFunctionality.login_AdminSuite(): adminSuiteBootstrap.loginFunctionality.login_AdminSuite is PASSED

2022-03-31 23:55:07 - [MESSAGE][INFO] - Starting 'Chrome' driver

2022-03-31 23:55:07 - [MESSAGE][INFO] - User set preference: ['acceptInsecureCerts', 'true']

2022-03-31 23:55:07 - [MESSAGE][INFO] - Action delay is set to 0 milliseconds

2022-03-31 23:55:09 - [MESSAGE][PASSED] - Browser is opened with url: 'https://qa.velocitypayment.com/admin/imtiaz'

2022-03-31 23:55:09 - [MESSAGE][PASSED] - Current window maximized

2022-03-31 23:55:10 - [MESSAGE][PASSED] - Object 'Object Repository/Login_Page/Login_Username' is present

2022-03-31 23:55:10 - [MESSAGE][PASSED] - Text 'iahmed' is set on object 'Object Repository/Login_Page/Login_Username'

2022-03-31 23:55:11 - [MESSAGE][PASSED] - Text 'hello2222' is set on object 'Object Repository/Login_Page/Login_Password'

2022-03-31 23:55:14 - [MESSAGE][PASSED] - Object: 'Object Repository/Login_Page/Login_Submit' is clicked on

2022-03-31 23:55:14 - [MESSAGE][PASSED] - adminSuiteBootstrap.loginFunctionality.login_AdminSuite is PASSED

2022-03-31 23:55:14 - [TEST_STEP][PASSED] - click(findTestObject(path_Dashboard + appName)): Object: 'Object Repository/AdminSuiteBootstrap_Pages/Dashboard_Bootstrap/a_Access AutoSingleCFtpQA' is clicked on

2022-03-31 23:55:15 - [MESSAGE][PASSED] - Object: 'Object Repository/AdminSuiteBootstrap_Pages/Dashboard_Bootstrap/a_Access AutoSingleCFtpQA' is clicked on

2022-03-31 23:55:15 - [TEST_STEP][PASSED] - click(findTestObject(path_VT + "button_Authorization  Capture (Sale)")): Object: 'Object Repository/AdminSuiteBootstrap_Pages/VT_Bootstrap/IssueTransactions/button_Authorization  Capture (Sale)' is clicked on

2022-03-31 23:55:16 - [MESSAGE][PASSED] - Object: 'Object Repository/AdminSuiteBootstrap_Pages/VT_Bootstrap/IssueTransactions/button_Authorization  Capture (Sale)' is clicked on

2022-03-31 23:55:16 - [TEST_STEP][PASSED] - saleKeyboardEntryLink = modifyObjectProperty(findTestObject(path_VT + "a_KeyboardEntry_Sale"), "href", "equals", hrefAppID, true): Modify property of object successfully

2022-03-31 23:55:16 - [MESSAGE][PASSED] - Modify property of object successfully

2022-03-31 23:55:16 - [TEST_STEP][PASSED] - click(saleKeyboardEntryLink): Object: 'Object Repository/AdminSuiteBootstrap_Pages/VT_Bootstrap/IssueTransactions/a_KeyboardEntry_Sale' is clicked on

2022-03-31 23:55:17 - [MESSAGE][PASSED] - Object: 'Object Repository/AdminSuiteBootstrap_Pages/VT_Bootstrap/IssueTransactions/a_KeyboardEntry_Sale' is clicked on

2022-03-31 23:55:17 - [TEST_STEP][PASSED] - adminSuiteBootstrap.virtualTerminalSetData.saleKeyboard_DataDriven(row, dataFile): adminSuiteBootstrap.virtualTerminalSetData.saleKeyboard_DataDriven is PASSED

2022-03-31 23:55:20 - [MESSAGE][PASSED] - Text 'Tulsi Raman' is set on object 'Object Repository/AdminSuiteBootstrap_Pages/VT_Bootstrap/SaleKeyboard/input_cardName'

2022-03-31 23:55:21 - [MESSAGE][PASSED] - All options with value 'RETL' are selected in object 'Object Repository/AdminSuiteBootstrap_Pages/VT_Bootstrap/SaleKeyboard/select_transactionCategory'  using regular expression

2022-03-31 23:55:21 - [MESSAGE][PASSED] - Execute JavaScript 'arguments[0].value ='6011000993026909' ' successfully

2022-03-31 23:55:21 - [MESSAGE][PASSED] - Execute JavaScript 'arguments[0].value ='123' ' successfully

2022-03-31 23:55:23 - [MESSAGE][PASSED] - All options with value '12' are selected in object 'Object Repository/AdminSuiteBootstrap_Pages/VT_Bootstrap/SaleKeyboard/select_MM'  using regular expression

2022-03-31 23:55:24 - [MESSAGE][PASSED] - All options with value '2025' are selected in object 'Object Repository/AdminSuiteBootstrap_Pages/VT_Bootstrap/SaleKeyboard/select_YYYY'  using regular expression

2022-03-31 23:55:25 - [MESSAGE][PASSED] - Text '25987 Hill Top' is set on object 'Object Repository/AdminSuiteBootstrap_Pages/VT_Bootstrap/SaleKeyboard/input__address'

2022-03-31 23:55:25 - [MESSAGE][PASSED] - Text 'Suite 500' is set on object 'Object Repository/AdminSuiteBootstrap_Pages/VT_Bootstrap/SaleKeyboard/input__address2'

2022-03-31 23:55:26 - [MESSAGE][PASSED] - Text '22201' is set on object 'Object Repository/AdminSuiteBootstrap_Pages/VT_Bootstrap/SaleKeyboard/input__zip'

2022-03-31 23:55:27 - [MESSAGE][PASSED] - Text '' is set on object 'Object Repository/AdminSuiteBootstrap_Pages/VT_Bootstrap/SaleKeyboard/input_emailAddress'

2022-03-31 23:55:28 - [MESSAGE][PASSED] - Text '' is set on object 'Object Repository/AdminSuiteBootstrap_Pages/VT_Bootstrap/SaleKeyboard/input_smsNumber'

2022-03-31 23:55:29 - [MESSAGE][PASSED] - Text '10.50' is set on object 'Object Repository/AdminSuiteBootstrap_Pages/VT_Bootstrap/SaleKeyboard/input_amount'

2022-03-31 23:55:30 - [MESSAGE][PASSED] - Text 'Australia' is set on object 'Object Repository/AdminSuiteBootstrap_Pages/VT_Bootstrap/SaleKeyboard/input_userDefined1'

2022-03-31 23:55:31 - [MESSAGE][PASSED] - Text 'Denmark' is set on object 'Object Repository/AdminSuiteBootstrap_Pages/VT_Bootstrap/SaleKeyboard/input_userDefined2'

2022-03-31 23:55:31 - [MESSAGE][PASSED] - Text 'Sweden' is set on object 'Object Repository/AdminSuiteBootstrap_Pages/VT_Bootstrap/SaleKeyboard/input_userDefined3'

2022-03-31 23:55:32 - [MESSAGE][PASSED] - Text 'Austria' is set on object 'Object Repository/AdminSuiteBootstrap_Pages/VT_Bootstrap/SaleKeyboard/input_userDefined4'

2022-03-31 23:55:33 - [MESSAGE][PASSED] - All options with label 'Orange' are selected in object 'Object Repository/AdminSuiteBootstrap_Pages/VT_Bootstrap/SaleKeyboard/select_UDF5_DropDown'  using regular expression

2022-03-31 23:55:34 - [MESSAGE][PASSED] - All options with label 'Yellow' are selected in object 'Object Repository/AdminSuiteBootstrap_Pages/VT_Bootstrap/SaleKeyboard/select_UDF6_DropDown'  using regular expression

2022-03-31 23:55:35 - [MESSAGE][PASSED] - Text 'Norway' is set on object 'Object Repository/AdminSuiteBootstrap_Pages/VT_Bootstrap/SaleKeyboard/input_userDefined7'

2022-03-31 23:55:35 - [MESSAGE][PASSED] - Text 'Netherlands' is set on object 'Object Repository/AdminSuiteBootstrap_Pages/VT_Bootstrap/SaleKeyboard/input_userDefined8'

2022-03-31 23:55:36 - [MESSAGE][PASSED] - Text 'Switzerland' is set on object 'Object Repository/AdminSuiteBootstrap_Pages/VT_Bootstrap/SaleKeyboard/input_userDefined9'

2022-03-31 23:55:37 - [MESSAGE][PASSED] - Text 'France' is set on object 'Object Repository/AdminSuiteBootstrap_Pages/VT_Bootstrap/SaleKeyboard/input_userDefined10'

2022-03-31 23:55:38 - [MESSAGE][PASSED] - Object: 'Object Repository/AdminSuiteBootstrap_Pages/VT_Bootstrap/SaleKeyboard/button_Submit' is clicked on

2022-03-31 23:55:38 - [MESSAGE][PASSED] - adminSuiteBootstrap.virtualTerminalSetData.saleKeyboard_DataDriven is PASSED

2022-03-31 23:55:38 - [TEST_STEP][PASSED] - if (verifyTextPresent("Transaction Successful", true)): null

2022-03-31 23:55:39 - [MESSAGE][PASSED] - Text 'Transaction Successful' is present on page  using regular expression

2022-03-31 23:55:39 - [TEST_STEP][PASSED] - sdf = getText(findTestObject(path_Receipt + "td_AutoNoC031622113752957Ahm")): Text of object 'Object Repository/AdminSuiteBootstrap_Pages/VT_Bootstrap/Receipt/td_AutoNoC031622113752957Ahm' is: 'AutoSin033122235329480Ahm'

2022-03-31 23:55:39 - [MESSAGE][PASSED] - Text of object 'Object Repository/AdminSuiteBootstrap_Pages/VT_Bootstrap/Receipt/td_AutoNoC031622113752957Ahm' is: 'AutoSin033122235329480Ahm'

2022-03-31 23:55:39 - [TEST_STEP][PASSED] - out.println("sdf: " + sdf): null

2022-03-31 23:55:39 - [TEST_STEP][PASSED] - remID = sdf: null

2022-03-31 23:55:39 - [TEST_STEP][PASSED] - out.println("remID: " + remID): null

2022-03-31 23:55:39 - [TEST_STEP][PASSED] - click(findTestObject(path_Receipt + "button_Continue")): Object: 'Object Repository/AdminSuiteBootstrap_Pages/VT_Bootstrap/Receipt/button_Continue' is clicked on

2022-03-31 23:55:40 - [MESSAGE][PASSED] - Object: 'Object Repository/AdminSuiteBootstrap_Pages/VT_Bootstrap/Receipt/button_Continue' is clicked on

2022-03-31 23:55:40 - [TEST_STEP][PASSED] - click(findTestObject(path_VT + "a_Search Transactions")): Object: 'Object Repository/AdminSuiteBootstrap_Pages/VT_Bootstrap/IssueTransactions/a_Search Transactions' is clicked on

2022-03-31 23:55:41 - [MESSAGE][PASSED] - Object: 'Object Repository/AdminSuiteBootstrap_Pages/VT_Bootstrap/IssueTransactions/a_Search Transactions' is clicked on

2022-03-31 23:55:41 - [TEST_STEP][PASSED] - setText(findTestObject(path_CCSearch + "input_Search By_searchValue"), remID): Text 'AutoSin033122235329480Ahm' is set on object 'Object Repository/AdminSuiteBootstrap_Pages/VT_Bootstrap/CCCreditOrVoidSearch/input_Search By_searchValue'

2022-03-31 23:55:42 - [MESSAGE][PASSED] - Text 'AutoSin033122235329480Ahm' is set on object 'Object Repository/AdminSuiteBootstrap_Pages/VT_Bootstrap/CCCreditOrVoidSearch/input_Search By_searchValue'

2022-03-31 23:55:42 - [TEST_STEP][PASSED] - click(findTestObject(path_CCSearch + "button_Submit")): Object: 'Object Repository/AdminSuiteBootstrap_Pages/VT_Bootstrap/CCCreditOrVoidSearch/button_Submit' is clicked on

2022-03-31 23:55:43 - [MESSAGE][PASSED] - Object: 'Object Repository/AdminSuiteBootstrap_Pages/VT_Bootstrap/CCCreditOrVoidSearch/button_Submit' is clicked on

2022-03-31 23:55:43 - [TEST_STEP][PASSED] - fgr = getText(findTestObject(path_SearchResults + "div_Payment ID")): Text of object 'Object Repository/AdminSuiteBootstrap_Pages/VT_Bootstrap/SearchResults/div_Payment ID' is: 'Payment ID
Payment Type
Transaction Type
Remittance ID
Name
Total Amount
End Date
Status
12114231 Credit Card Authorization and Capture AutoSin033122235329480Ahm Tulsi Raman $15.50 03/31/2022 Success'

2022-03-31 23:55:43 - [MESSAGE][PASSED] - Text of object 'Object Repository/AdminSuiteBootstrap_Pages/VT_Bootstrap/SearchResults/div_Payment ID' is: 'Payment ID
Payment Type
Transaction Type
Remittance ID
Name
Total Amount
End Date
Status
12114231 Credit Card Authorization and Capture AutoSin033122235329480Ahm Tulsi Raman $15.50 03/31/2022 Success'

2022-03-31 23:55:43 - [TEST_STEP][PASSED] - payID = substring(89, 98).trim(): null

2022-03-31 23:55:43 - [TEST_STEP][PASSED] - out.println("payID: " + payID): null

2022-03-31 23:55:43 - [TEST_STEP][PASSED] - click(findTestObject(path_SearchResults + "button_PaymentID")): Object: 'Object Repository/AdminSuiteBootstrap_Pages/VT_Bootstrap/SearchResults/button_PaymentID' is clicked on

2022-03-31 23:55:44 - [MESSAGE][PASSED] - Object: 'Object Repository/AdminSuiteBootstrap_Pages/VT_Bootstrap/SearchResults/button_PaymentID' is clicked on

2022-03-31 23:55:44 - [TEST_STEP][PASSED] - verifyTextPresent("Tender Type", true): Text 'Tender Type' is present on page  using regular expression

2022-03-31 23:55:45 - [MESSAGE][PASSED] - Text 'Tender Type' is present on page  using regular expression

2022-03-31 23:55:45 - [TEST_STEP][PASSED] - verifyTextPresent("Credit Card", true): Text 'Credit Card' is present on page  using regular expression

2022-03-31 23:55:45 - [MESSAGE][PASSED] - Text 'Credit Card' is present on page  using regular expression

2022-03-31 23:55:45 - [TEST_STEP][PASSED] - verifyTextPresent("Transaction Type", true): Text 'Transaction Type' is present on page  using regular expression

2022-03-31 23:55:45 - [MESSAGE][PASSED] - Text 'Transaction Type' is present on page  using regular expression

2022-03-31 23:55:45 - [TEST_STEP][PASSED] - verifyTextPresent("Authorization and Capture", true): Text 'Authorization and Capture' is present on page  using regular expression

2022-03-31 23:55:46 - [MESSAGE][PASSED] - Text 'Authorization and Capture' is present on page  using regular expression

2022-03-31 23:55:46 - [TEST_STEP][PASSED] - verifyTextPresent("Transaction Posted by", true): Text 'Transaction Posted by' is present on page  using regular expression

2022-03-31 23:55:46 - [MESSAGE][PASSED] - Text 'Transaction Posted by' is present on page  using regular expression

2022-03-31 23:55:46 - [TEST_STEP][PASSED] - verifyTextPresent("iahmed", true): Text 'iahmed' is present on page  using regular expression

2022-03-31 23:55:46 - [MESSAGE][PASSED] - Text 'iahmed' is present on page  using regular expression

2022-03-31 23:55:46 - [TEST_STEP][PASSED] - click(findTestObject(path_TranxDetails + "a_Void this transaction")): Object: 'Object Repository/AdminSuiteBootstrap_Pages/VT_Bootstrap/TransactionDetails/a_Void this transaction' is clicked on

2022-03-31 23:55:47 - [MESSAGE][PASSED] - Object: 'Object Repository/AdminSuiteBootstrap_Pages/VT_Bootstrap/TransactionDetails/a_Void this transaction' is clicked on

2022-03-31 23:55:47 - [TEST_STEP][PASSED] - verifyTextPresent("The following transaction will be voided", true): Text 'The following transaction will be voided' is present on page  using regular expression

2022-03-31 23:55:48 - [MESSAGE][PASSED] - Text 'The following transaction will be voided' is present on page  using regular expression

2022-03-31 23:55:48 - [TEST_STEP][PASSED] - verifyTextPresent("Please press submit to continue", true): Text 'Please press submit to continue' is present on page  using regular expression

2022-03-31 23:55:48 - [MESSAGE][PASSED] - Text 'Please press submit to continue' is present on page  using regular expression

2022-03-31 23:55:48 - [TEST_STEP][PASSED] - click(findTestObject(path_TranxDetails + "button_Submit")): Object: 'Object Repository/AdminSuiteBootstrap_Pages/VT_Bootstrap/TransactionDetails/button_Submit' is clicked on

2022-03-31 23:55:50 - [MESSAGE][PASSED] - Object: 'Object Repository/AdminSuiteBootstrap_Pages/VT_Bootstrap/TransactionDetails/button_Submit' is clicked on

2022-03-31 23:55:50 - [TEST_STEP][PASSED] - verifyTextPresent("Transaction Successful", true): Text 'Transaction Successful' is present on page  using regular expression

2022-03-31 23:55:51 - [MESSAGE][PASSED] - Text 'Transaction Successful' is present on page  using regular expression

2022-03-31 23:55:51 - [TEST_STEP][PASSED] - verifyTextPresent("Transaction Type", true): Text 'Transaction Type' is present on page  using regular expression

2022-03-31 23:55:51 - [MESSAGE][PASSED] - Text 'Transaction Type' is present on page  using regular expression

2022-03-31 23:55:51 - [TEST_STEP][PASSED] - verifyTextPresent("Void", true): Text 'Void' is present on page  using regular expression

2022-03-31 23:55:51 - [MESSAGE][PASSED] - Text 'Void' is present on page  using regular expression

2022-03-31 23:55:51 - [TEST_STEP][PASSED] - closeBrowser(): Browser is closed

2022-03-31 23:55:52 - [MESSAGE][PASSED] - Browser is closed

2022-03-31 23:55:52 - [TEST_STEP][PASSED] - ExecuteTC = findTestData(dataFile).getValue("Execute", row): null

2022-03-31 23:55:52 - [TEST_STEP][PASSED] - out.println("Value of Execute is : " + ExecuteTC): null

2022-03-31 23:55:52 - [TEST_STEP][PASSED] - switch (executionProfile): null

2022-03-31 23:55:52 - [TEST_STEP][PASSED] - case "QAProfile":: null

2022-03-31 23:55:52 - [TEST_STEP][PASSED] - appName = findTestData(dataFile).getValue("AppNameQA", row): null

2022-03-31 23:55:52 - [TEST_STEP][PASSED] - appID = findTestData(dataFile).getValue("AppIDQA", row): null

2022-03-31 23:55:52 - [TEST_STEP][PASSED] - break: null

2022-03-31 23:55:52 - [TEST_STEP][PASSED] - hrefAppID = li_1 + appID + li_2: null

2022-03-31 23:55:52 - [TEST_STEP][PASSED] - hrefApp = li_1 + appID + "/": null

2022-03-31 23:55:52 - [TEST_STEP][PASSED] - println("hrefApp : " + hrefApp): null

2022-03-31 23:55:52 - [TEST_STEP][PASSED] - if (ExecuteTC.equalsIgnoreCase("Y")): null

2022-03-31 23:55:52 - [TEST_STEP][PASSED] - out.println("Begin Record Number: " + row): null

2022-03-31 23:55:52 - [TEST_STEP][PASSED] - today = new java.util.Date(): null

2022-03-31 23:55:52 - [TEST_STEP][PASSED] - println(today): null

2022-03-31 23:55:52 - [TEST_STEP][PASSED] - datText = today: null

2022-03-31 23:55:52 - [TEST_STEP][PASSED] - adminSuiteBootstrap.loginFunctionality.login_AdminSuite(): adminSuiteBootstrap.loginFunctionality.login_AdminSuite is PASSED

2022-03-31 23:55:52 - [MESSAGE][INFO] - Starting 'Chrome' driver

2022-03-31 23:55:52 - [MESSAGE][INFO] - User set preference: ['acceptInsecureCerts', 'true']

2022-03-31 23:55:52 - [MESSAGE][INFO] - Action delay is set to 0 milliseconds

2022-03-31 23:55:55 - [MESSAGE][PASSED] - Browser is opened with url: 'https://qa.velocitypayment.com/admin/imtiaz'

2022-03-31 23:55:55 - [MESSAGE][PASSED] - Current window maximized

2022-03-31 23:55:55 - [MESSAGE][PASSED] - Object 'Object Repository/Login_Page/Login_Username' is present

2022-03-31 23:55:56 - [MESSAGE][PASSED] - Text 'iahmed' is set on object 'Object Repository/Login_Page/Login_Username'

2022-03-31 23:55:57 - [MESSAGE][PASSED] - Text 'hello2222' is set on object 'Object Repository/Login_Page/Login_Password'

2022-03-31 23:56:00 - [MESSAGE][PASSED] - Object: 'Object Repository/Login_Page/Login_Submit' is clicked on

2022-03-31 23:56:00 - [MESSAGE][PASSED] - adminSuiteBootstrap.loginFunctionality.login_AdminSuite is PASSED

2022-03-31 23:56:00 - [TEST_STEP][PASSED] - click(findTestObject(path_Dashboard + appName)): Object: 'Object Repository/AdminSuiteBootstrap_Pages/Dashboard_Bootstrap/a_Access AutoSingleCFtpQA' is clicked on

2022-03-31 23:56:01 - [MESSAGE][PASSED] - Object: 'Object Repository/AdminSuiteBootstrap_Pages/Dashboard_Bootstrap/a_Access AutoSingleCFtpQA' is clicked on

2022-03-31 23:56:01 - [TEST_STEP][PASSED] - click(findTestObject(path_VT + "button_Authorization  Capture (Sale)")): Object: 'Object Repository/AdminSuiteBootstrap_Pages/VT_Bootstrap/IssueTransactions/button_Authorization  Capture (Sale)' is clicked on

2022-03-31 23:56:01 - [MESSAGE][PASSED] - Object: 'Object Repository/AdminSuiteBootstrap_Pages/VT_Bootstrap/IssueTransactions/button_Authorization  Capture (Sale)' is clicked on

2022-03-31 23:56:01 - [TEST_STEP][PASSED] - saleKeyboardEntryLink = modifyObjectProperty(findTestObject(path_VT + "a_KeyboardEntry_Sale"), "href", "equals", hrefAppID, true): Modify property of object successfully

2022-03-31 23:56:01 - [MESSAGE][PASSED] - Modify property of object successfully

2022-03-31 23:56:01 - [TEST_STEP][PASSED] - click(saleKeyboardEntryLink): Object: 'Object Repository/AdminSuiteBootstrap_Pages/VT_Bootstrap/IssueTransactions/a_KeyboardEntry_Sale' is clicked on

2022-03-31 23:56:02 - [MESSAGE][PASSED] - Object: 'Object Repository/AdminSuiteBootstrap_Pages/VT_Bootstrap/IssueTransactions/a_KeyboardEntry_Sale' is clicked on

2022-03-31 23:56:02 - [TEST_STEP][PASSED] - adminSuiteBootstrap.virtualTerminalSetData.saleKeyboard_DataDriven(row, dataFile): adminSuiteBootstrap.virtualTerminalSetData.saleKeyboard_DataDriven is PASSED

2022-03-31 23:56:05 - [MESSAGE][PASSED] - Text 'Janaki James' is set on object 'Object Repository/AdminSuiteBootstrap_Pages/VT_Bootstrap/SaleKeyboard/input_cardName'

2022-03-31 23:56:06 - [MESSAGE][PASSED] - All options with value 'MOTO' are selected in object 'Object Repository/AdminSuiteBootstrap_Pages/VT_Bootstrap/SaleKeyboard/select_transactionCategory'  using regular expression

2022-03-31 23:56:07 - [MESSAGE][PASSED] - Execute JavaScript 'arguments[0].value ='4012000098765439' ' successfully

2022-03-31 23:56:07 - [MESSAGE][PASSED] - Execute JavaScript 'arguments[0].value ='123' ' successfully

2022-03-31 23:56:08 - [MESSAGE][PASSED] - All options with value '12' are selected in object 'Object Repository/AdminSuiteBootstrap_Pages/VT_Bootstrap/SaleKeyboard/select_MM'  using regular expression

2022-03-31 23:56:09 - [MESSAGE][PASSED] - All options with value '2025' are selected in object 'Object Repository/AdminSuiteBootstrap_Pages/VT_Bootstrap/SaleKeyboard/select_YYYY'  using regular expression

2022-03-31 23:56:10 - [MESSAGE][PASSED] - Text '36 Cornor Road' is set on object 'Object Repository/AdminSuiteBootstrap_Pages/VT_Bootstrap/SaleKeyboard/input__address'

2022-03-31 23:56:11 - [MESSAGE][PASSED] - Text 'Suite 500' is set on object 'Object Repository/AdminSuiteBootstrap_Pages/VT_Bootstrap/SaleKeyboard/input__address2'

2022-03-31 23:56:11 - [MESSAGE][PASSED] - Text '22201' is set on object 'Object Repository/AdminSuiteBootstrap_Pages/VT_Bootstrap/SaleKeyboard/input__zip'

2022-03-31 23:56:12 - [MESSAGE][PASSED] - Text '' is set on object 'Object Repository/AdminSuiteBootstrap_Pages/VT_Bootstrap/SaleKeyboard/input_emailAddress'

2022-03-31 23:56:13 - [MESSAGE][PASSED] - Text '' is set on object 'Object Repository/AdminSuiteBootstrap_Pages/VT_Bootstrap/SaleKeyboard/input_smsNumber'

2022-03-31 23:56:14 - [MESSAGE][PASSED] - Text '10.50' is set on object 'Object Repository/AdminSuiteBootstrap_Pages/VT_Bootstrap/SaleKeyboard/input_amount'

2022-03-31 23:56:15 - [MESSAGE][PASSED] - Text 'Australia' is set on object 'Object Repository/AdminSuiteBootstrap_Pages/VT_Bootstrap/SaleKeyboard/input_userDefined1'

2022-03-31 23:56:16 - [MESSAGE][PASSED] - Text 'Denmark' is set on object 'Object Repository/AdminSuiteBootstrap_Pages/VT_Bootstrap/SaleKeyboard/input_userDefined2'

2022-03-31 23:56:17 - [MESSAGE][PASSED] - Text 'Sweden' is set on object 'Object Repository/AdminSuiteBootstrap_Pages/VT_Bootstrap/SaleKeyboard/input_userDefined3'

2022-03-31 23:56:17 - [MESSAGE][PASSED] - Text 'Austria' is set on object 'Object Repository/AdminSuiteBootstrap_Pages/VT_Bootstrap/SaleKeyboard/input_userDefined4'

2022-03-31 23:56:18 - [MESSAGE][PASSED] - All options with label 'Orange' are selected in object 'Object Repository/AdminSuiteBootstrap_Pages/VT_Bootstrap/SaleKeyboard/select_UDF5_DropDown'  using regular expression

2022-03-31 23:56:19 - [MESSAGE][PASSED] - All options with label 'Yellow' are selected in object 'Object Repository/AdminSuiteBootstrap_Pages/VT_Bootstrap/SaleKeyboard/select_UDF6_DropDown'  using regular expression

2022-03-31 23:56:20 - [MESSAGE][PASSED] - Text 'Norway' is set on object 'Object Repository/AdminSuiteBootstrap_Pages/VT_Bootstrap/SaleKeyboard/input_userDefined7'

2022-03-31 23:56:21 - [MESSAGE][PASSED] - Text 'Netherlands' is set on object 'Object Repository/AdminSuiteBootstrap_Pages/VT_Bootstrap/SaleKeyboard/input_userDefined8'

2022-03-31 23:56:22 - [MESSAGE][PASSED] - Text 'Switzerland' is set on object 'Object Repository/AdminSuiteBootstrap_Pages/VT_Bootstrap/SaleKeyboard/input_userDefined9'

2022-03-31 23:56:22 - [MESSAGE][PASSED] - Text 'France' is set on object 'Object Repository/AdminSuiteBootstrap_Pages/VT_Bootstrap/SaleKeyboard/input_userDefined10'

2022-03-31 23:56:24 - [MESSAGE][PASSED] - Object: 'Object Repository/AdminSuiteBootstrap_Pages/VT_Bootstrap/SaleKeyboard/button_Submit' is clicked on

2022-03-31 23:56:24 - [MESSAGE][PASSED] - adminSuiteBootstrap.virtualTerminalSetData.saleKeyboard_DataDriven is PASSED

2022-03-31 23:56:24 - [TEST_STEP][PASSED] - if (verifyTextPresent("Transaction Successful", true)): null

2022-03-31 23:56:24 - [MESSAGE][PASSED] - Text 'Transaction Successful' is present on page  using regular expression

2022-03-31 23:56:24 - [TEST_STEP][PASSED] - sdf = getText(findTestObject(path_Receipt + "td_AutoNoC031622113752957Ahm")): Text of object 'Object Repository/AdminSuiteBootstrap_Pages/VT_Bootstrap/Receipt/td_AutoNoC031622113752957Ahm' is: 'AutoSin033122235414955Ahm'

2022-03-31 23:56:25 - [MESSAGE][PASSED] - Text of object 'Object Repository/AdminSuiteBootstrap_Pages/VT_Bootstrap/Receipt/td_AutoNoC031622113752957Ahm' is: 'AutoSin033122235414955Ahm'

2022-03-31 23:56:25 - [TEST_STEP][PASSED] - out.println("sdf: " + sdf): null

2022-03-31 23:56:25 - [TEST_STEP][PASSED] - remID = sdf: null

2022-03-31 23:56:25 - [TEST_STEP][PASSED] - out.println("remID: " + remID): null

2022-03-31 23:56:25 - [TEST_STEP][PASSED] - click(findTestObject(path_Receipt + "button_Continue")): Object: 'Object Repository/AdminSuiteBootstrap_Pages/VT_Bootstrap/Receipt/button_Continue' is clicked on

2022-03-31 23:56:26 - [MESSAGE][PASSED] - Object: 'Object Repository/AdminSuiteBootstrap_Pages/VT_Bootstrap/Receipt/button_Continue' is clicked on

2022-03-31 23:56:26 - [TEST_STEP][PASSED] - click(findTestObject(path_VT + "a_Search Transactions")): Object: 'Object Repository/AdminSuiteBootstrap_Pages/VT_Bootstrap/IssueTransactions/a_Search Transactions' is clicked on

2022-03-31 23:56:28 - [MESSAGE][PASSED] - Object: 'Object Repository/AdminSuiteBootstrap_Pages/VT_Bootstrap/IssueTransactions/a_Search Transactions' is clicked on

2022-03-31 23:56:28 - [TEST_STEP][PASSED] - setText(findTestObject(path_CCSearch + "input_Search By_searchValue"), remID): Text 'AutoSin033122235414955Ahm' is set on object 'Object Repository/AdminSuiteBootstrap_Pages/VT_Bootstrap/CCCreditOrVoidSearch/input_Search By_searchValue'

2022-03-31 23:56:29 - [MESSAGE][PASSED] - Text 'AutoSin033122235414955Ahm' is set on object 'Object Repository/AdminSuiteBootstrap_Pages/VT_Bootstrap/CCCreditOrVoidSearch/input_Search By_searchValue'

2022-03-31 23:56:29 - [TEST_STEP][PASSED] - click(findTestObject(path_CCSearch + "button_Submit")): Object: 'Object Repository/AdminSuiteBootstrap_Pages/VT_Bootstrap/CCCreditOrVoidSearch/button_Submit' is clicked on

2022-03-31 23:56:30 - [MESSAGE][PASSED] - Object: 'Object Repository/AdminSuiteBootstrap_Pages/VT_Bootstrap/CCCreditOrVoidSearch/button_Submit' is clicked on

2022-03-31 23:56:30 - [TEST_STEP][PASSED] - fgr = getText(findTestObject(path_SearchResults + "div_Payment ID")): Text of object 'Object Repository/AdminSuiteBootstrap_Pages/VT_Bootstrap/SearchResults/div_Payment ID' is: 'Payment ID
Payment Type
Transaction Type
Remittance ID
Name
Total Amount
End Date
Status
12114233 Credit Card Authorization and Capture AutoSin033122235414955Ahm Janaki James $15.50 03/31/2022 Success'

2022-03-31 23:56:31 - [MESSAGE][PASSED] - Text of object 'Object Repository/AdminSuiteBootstrap_Pages/VT_Bootstrap/SearchResults/div_Payment ID' is: 'Payment ID
Payment Type
Transaction Type
Remittance ID
Name
Total Amount
End Date
Status
12114233 Credit Card Authorization and Capture AutoSin033122235414955Ahm Janaki James $15.50 03/31/2022 Success'

2022-03-31 23:56:31 - [TEST_STEP][PASSED] - payID = substring(89, 98).trim(): null

2022-03-31 23:56:31 - [TEST_STEP][PASSED] - out.println("payID: " + payID): null

2022-03-31 23:56:31 - [TEST_STEP][PASSED] - click(findTestObject(path_SearchResults + "button_PaymentID")): Object: 'Object Repository/AdminSuiteBootstrap_Pages/VT_Bootstrap/SearchResults/button_PaymentID' is clicked on

2022-03-31 23:56:32 - [MESSAGE][PASSED] - Object: 'Object Repository/AdminSuiteBootstrap_Pages/VT_Bootstrap/SearchResults/button_PaymentID' is clicked on

2022-03-31 23:56:32 - [TEST_STEP][PASSED] - verifyTextPresent("Tender Type", true): Text 'Tender Type' is present on page  using regular expression

2022-03-31 23:56:33 - [MESSAGE][PASSED] - Text 'Tender Type' is present on page  using regular expression

2022-03-31 23:56:33 - [TEST_STEP][PASSED] - verifyTextPresent("Credit Card", true): Text 'Credit Card' is present on page  using regular expression

2022-03-31 23:56:33 - [MESSAGE][PASSED] - Text 'Credit Card' is present on page  using regular expression

2022-03-31 23:56:33 - [TEST_STEP][PASSED] - verifyTextPresent("Transaction Type", true): Text 'Transaction Type' is present on page  using regular expression

2022-03-31 23:56:33 - [MESSAGE][PASSED] - Text 'Transaction Type' is present on page  using regular expression

2022-03-31 23:56:33 - [TEST_STEP][PASSED] - verifyTextPresent("Authorization and Capture", true): Text 'Authorization and Capture' is present on page  using regular expression

2022-03-31 23:56:34 - [MESSAGE][PASSED] - Text 'Authorization and Capture' is present on page  using regular expression

2022-03-31 23:56:34 - [TEST_STEP][PASSED] - verifyTextPresent("Transaction Posted by", true): Text 'Transaction Posted by' is present on page  using regular expression

2022-03-31 23:56:34 - [MESSAGE][PASSED] - Text 'Transaction Posted by' is present on page  using regular expression

2022-03-31 23:56:34 - [TEST_STEP][PASSED] - verifyTextPresent("iahmed", true): Text 'iahmed' is present on page  using regular expression

2022-03-31 23:56:34 - [MESSAGE][PASSED] - Text 'iahmed' is present on page  using regular expression

2022-03-31 23:56:34 - [TEST_STEP][PASSED] - click(findTestObject(path_TranxDetails + "a_Void this transaction")): Object: 'Object Repository/AdminSuiteBootstrap_Pages/VT_Bootstrap/TransactionDetails/a_Void this transaction' is clicked on

2022-03-31 23:56:36 - [MESSAGE][PASSED] - Object: 'Object Repository/AdminSuiteBootstrap_Pages/VT_Bootstrap/TransactionDetails/a_Void this transaction' is clicked on

2022-03-31 23:56:36 - [TEST_STEP][PASSED] - verifyTextPresent("The following transaction will be voided", true): Text 'The following transaction will be voided' is present on page  using regular expression

2022-03-31 23:56:36 - [MESSAGE][PASSED] - Text 'The following transaction will be voided' is present on page  using regular expression

2022-03-31 23:56:36 - [TEST_STEP][PASSED] - verifyTextPresent("Please press submit to continue", true): Text 'Please press submit to continue' is present on page  using regular expression

2022-03-31 23:56:37 - [MESSAGE][PASSED] - Text 'Please press submit to continue' is present on page  using regular expression

2022-03-31 23:56:37 - [TEST_STEP][PASSED] - click(findTestObject(path_TranxDetails + "button_Submit")): Object: 'Object Repository/AdminSuiteBootstrap_Pages/VT_Bootstrap/TransactionDetails/button_Submit' is clicked on

2022-03-31 23:56:39 - [MESSAGE][PASSED] - Object: 'Object Repository/AdminSuiteBootstrap_Pages/VT_Bootstrap/TransactionDetails/button_Submit' is clicked on

2022-03-31 23:56:39 - [TEST_STEP][PASSED] - verifyTextPresent("Transaction Successful", true): Text 'Transaction Successful' is present on page  using regular expression

2022-03-31 23:56:40 - [MESSAGE][PASSED] - Text 'Transaction Successful' is present on page  using regular expression

2022-03-31 23:56:40 - [TEST_STEP][PASSED] - verifyTextPresent("Transaction Type", true): Text 'Transaction Type' is present on page  using regular expression

2022-03-31 23:56:40 - [MESSAGE][PASSED] - Text 'Transaction Type' is present on page  using regular expression

2022-03-31 23:56:40 - [TEST_STEP][PASSED] - verifyTextPresent("Void", true): Text 'Void' is present on page  using regular expression

2022-03-31 23:56:40 - [MESSAGE][PASSED] - Text 'Void' is present on page  using regular expression

2022-03-31 23:56:40 - [TEST_STEP][PASSED] - closeBrowser(): Browser is closed

2022-03-31 23:56:41 - [MESSAGE][PASSED] - Browser is closed

2022-03-31 23:56:41 - [TEST_STEP][PASSED] - ExecuteTC = findTestData(dataFile).getValue("Execute", row): null

2022-03-31 23:56:41 - [TEST_STEP][PASSED] - out.println("Value of Execute is : " + ExecuteTC): null

2022-03-31 23:56:41 - [TEST_STEP][PASSED] - switch (executionProfile): null

2022-03-31 23:56:41 - [TEST_STEP][PASSED] - case "QAProfile":: null

2022-03-31 23:56:41 - [TEST_STEP][PASSED] - appName = findTestData(dataFile).getValue("AppNameQA", row): null

2022-03-31 23:56:42 - [TEST_STEP][PASSED] - appID = findTestData(dataFile).getValue("AppIDQA", row): null

2022-03-31 23:56:42 - [TEST_STEP][PASSED] - break: null

2022-03-31 23:56:42 - [TEST_STEP][PASSED] - hrefAppID = li_1 + appID + li_2: null

2022-03-31 23:56:42 - [TEST_STEP][PASSED] - hrefApp = li_1 + appID + "/": null

2022-03-31 23:56:42 - [TEST_STEP][PASSED] - println("hrefApp : " + hrefApp): null

2022-03-31 23:56:42 - [TEST_STEP][PASSED] - if (ExecuteTC.equalsIgnoreCase("Y")): null

2022-03-31 23:56:42 - [TEST_STEP][PASSED] - out.println("Begin Record Number: " + row): null

2022-03-31 23:56:42 - [TEST_STEP][PASSED] - today = new java.util.Date(): null

2022-03-31 23:56:42 - [TEST_STEP][PASSED] - println(today): null

2022-03-31 23:56:42 - [TEST_STEP][PASSED] - datText = today: null

2022-03-31 23:56:42 - [TEST_STEP][PASSED] - adminSuiteBootstrap.loginFunctionality.login_AdminSuite(): adminSuiteBootstrap.loginFunctionality.login_AdminSuite is PASSED

2022-03-31 23:56:42 - [MESSAGE][INFO] - Starting 'Chrome' driver

2022-03-31 23:56:42 - [MESSAGE][INFO] - User set preference: ['acceptInsecureCerts', 'true']

2022-03-31 23:56:42 - [MESSAGE][INFO] - Action delay is set to 0 milliseconds

2022-03-31 23:56:45 - [MESSAGE][PASSED] - Browser is opened with url: 'https://qa.velocitypayment.com/admin/imtiaz'

2022-03-31 23:56:45 - [MESSAGE][PASSED] - Current window maximized

2022-03-31 23:56:45 - [MESSAGE][PASSED] - Object 'Object Repository/Login_Page/Login_Username' is present

2022-03-31 23:56:46 - [MESSAGE][PASSED] - Text 'iahmed' is set on object 'Object Repository/Login_Page/Login_Username'

2022-03-31 23:56:47 - [MESSAGE][PASSED] - Text 'hello2222' is set on object 'Object Repository/Login_Page/Login_Password'

2022-03-31 23:56:50 - [MESSAGE][PASSED] - Object: 'Object Repository/Login_Page/Login_Submit' is clicked on

2022-03-31 23:56:50 - [MESSAGE][PASSED] - adminSuiteBootstrap.loginFunctionality.login_AdminSuite is PASSED

2022-03-31 23:56:50 - [TEST_STEP][PASSED] - click(findTestObject(path_Dashboard + appName)): Object: 'Object Repository/AdminSuiteBootstrap_Pages/Dashboard_Bootstrap/a_Access AutoSingleCFtpQA' is clicked on

2022-03-31 23:56:51 - [MESSAGE][PASSED] - Object: 'Object Repository/AdminSuiteBootstrap_Pages/Dashboard_Bootstrap/a_Access AutoSingleCFtpQA' is clicked on

2022-03-31 23:56:51 - [TEST_STEP][PASSED] - click(findTestObject(path_VT + "button_Authorization  Capture (Sale)")): Object: 'Object Repository/AdminSuiteBootstrap_Pages/VT_Bootstrap/IssueTransactions/button_Authorization  Capture (Sale)' is clicked on

2022-03-31 23:56:52 - [MESSAGE][PASSED] - Object: 'Object Repository/AdminSuiteBootstrap_Pages/VT_Bootstrap/IssueTransactions/button_Authorization  Capture (Sale)' is clicked on

2022-03-31 23:56:52 - [TEST_STEP][PASSED] - saleKeyboardEntryLink = modifyObjectProperty(findTestObject(path_VT + "a_KeyboardEntry_Sale"), "href", "equals", hrefAppID, true): Modify property of object successfully

2022-03-31 23:56:52 - [MESSAGE][PASSED] - Modify property of object successfully

2022-03-31 23:56:52 - [TEST_STEP][PASSED] - click(saleKeyboardEntryLink): Object: 'Object Repository/AdminSuiteBootstrap_Pages/VT_Bootstrap/IssueTransactions/a_KeyboardEntry_Sale' is clicked on

2022-03-31 23:56:53 - [MESSAGE][PASSED] - Object: 'Object Repository/AdminSuiteBootstrap_Pages/VT_Bootstrap/IssueTransactions/a_KeyboardEntry_Sale' is clicked on

2022-03-31 23:56:53 - [TEST_STEP][PASSED] - adminSuiteBootstrap.virtualTerminalSetData.saleKeyboard_DataDriven(row, dataFile): adminSuiteBootstrap.virtualTerminalSetData.saleKeyboard_DataDriven is PASSED

2022-03-31 23:56:55 - [MESSAGE][PASSED] - Text 'Janaki James' is set on object 'Object Repository/AdminSuiteBootstrap_Pages/VT_Bootstrap/SaleKeyboard/input_cardName'

2022-03-31 23:56:56 - [MESSAGE][PASSED] - All options with value 'MOTO' are selected in object 'Object Repository/AdminSuiteBootstrap_Pages/VT_Bootstrap/SaleKeyboard/select_transactionCategory'  using regular expression

2022-03-31 23:56:57 - [MESSAGE][PASSED] - Execute JavaScript 'arguments[0].value ='5146312200000035' ' successfully

2022-03-31 23:56:57 - [MESSAGE][PASSED] - Execute JavaScript 'arguments[0].value ='123' ' successfully

2022-03-31 23:56:59 - [MESSAGE][PASSED] - All options with value '12' are selected in object 'Object Repository/AdminSuiteBootstrap_Pages/VT_Bootstrap/SaleKeyboard/select_MM'  using regular expression

2022-03-31 23:57:00 - [MESSAGE][PASSED] - All options with value '2025' are selected in object 'Object Repository/AdminSuiteBootstrap_Pages/VT_Bootstrap/SaleKeyboard/select_YYYY'  using regular expression

2022-03-31 23:57:00 - [MESSAGE][PASSED] - Text '1478 Jhatka Palace' is set on object 'Object Repository/AdminSuiteBootstrap_Pages/VT_Bootstrap/SaleKeyboard/input__address'

2022-03-31 23:57:01 - [MESSAGE][PASSED] - Text 'Suite 500' is set on object 'Object Repository/AdminSuiteBootstrap_Pages/VT_Bootstrap/SaleKeyboard/input__address2'

2022-03-31 23:57:02 - [MESSAGE][PASSED] - Text '22201' is set on object 'Object Repository/AdminSuiteBootstrap_Pages/VT_Bootstrap/SaleKeyboard/input__zip'

2022-03-31 23:57:03 - [MESSAGE][PASSED] - Text '' is set on object 'Object Repository/AdminSuiteBootstrap_Pages/VT_Bootstrap/SaleKeyboard/input_emailAddress'

2022-03-31 23:57:04 - [MESSAGE][PASSED] - Text '' is set on object 'Object Repository/AdminSuiteBootstrap_Pages/VT_Bootstrap/SaleKeyboard/input_smsNumber'

2022-03-31 23:57:05 - [MESSAGE][PASSED] - Text '10.50' is set on object 'Object Repository/AdminSuiteBootstrap_Pages/VT_Bootstrap/SaleKeyboard/input_amount'

2022-03-31 23:57:06 - [MESSAGE][PASSED] - Text 'Australia' is set on object 'Object Repository/AdminSuiteBootstrap_Pages/VT_Bootstrap/SaleKeyboard/input_userDefined1'

2022-03-31 23:57:06 - [MESSAGE][PASSED] - Text 'Denmark' is set on object 'Object Repository/AdminSuiteBootstrap_Pages/VT_Bootstrap/SaleKeyboard/input_userDefined2'

2022-03-31 23:57:07 - [MESSAGE][PASSED] - Text 'Sweden' is set on object 'Object Repository/AdminSuiteBootstrap_Pages/VT_Bootstrap/SaleKeyboard/input_userDefined3'

2022-03-31 23:57:08 - [MESSAGE][PASSED] - Text 'Austria' is set on object 'Object Repository/AdminSuiteBootstrap_Pages/VT_Bootstrap/SaleKeyboard/input_userDefined4'

2022-03-31 23:57:09 - [MESSAGE][PASSED] - All options with label 'Orange' are selected in object 'Object Repository/AdminSuiteBootstrap_Pages/VT_Bootstrap/SaleKeyboard/select_UDF5_DropDown'  using regular expression

2022-03-31 23:57:10 - [MESSAGE][PASSED] - All options with label 'Yellow' are selected in object 'Object Repository/AdminSuiteBootstrap_Pages/VT_Bootstrap/SaleKeyboard/select_UDF6_DropDown'  using regular expression

2022-03-31 23:57:11 - [MESSAGE][PASSED] - Text 'Norway' is set on object 'Object Repository/AdminSuiteBootstrap_Pages/VT_Bootstrap/SaleKeyboard/input_userDefined7'

2022-03-31 23:57:11 - [MESSAGE][PASSED] - Text 'Netherlands' is set on object 'Object Repository/AdminSuiteBootstrap_Pages/VT_Bootstrap/SaleKeyboard/input_userDefined8'

2022-03-31 23:57:12 - [MESSAGE][PASSED] - Text 'Switzerland' is set on object 'Object Repository/AdminSuiteBootstrap_Pages/VT_Bootstrap/SaleKeyboard/input_userDefined9'

2022-03-31 23:57:13 - [MESSAGE][PASSED] - Text 'France' is set on object 'Object Repository/AdminSuiteBootstrap_Pages/VT_Bootstrap/SaleKeyboard/input_userDefined10'

2022-03-31 23:57:14 - [MESSAGE][PASSED] - Object: 'Object Repository/AdminSuiteBootstrap_Pages/VT_Bootstrap/SaleKeyboard/button_Submit' is clicked on

2022-03-31 23:57:14 - [MESSAGE][PASSED] - adminSuiteBootstrap.virtualTerminalSetData.saleKeyboard_DataDriven is PASSED

2022-03-31 23:57:14 - [TEST_STEP][PASSED] - if (verifyTextPresent("Transaction Successful", true)): null

2022-03-31 23:57:15 - [MESSAGE][PASSED] - Text 'Transaction Successful' is present on page  using regular expression

2022-03-31 23:57:15 - [TEST_STEP][PASSED] - sdf = getText(findTestObject(path_Receipt + "td_AutoNoC031622113752957Ahm")): Text of object 'Object Repository/AdminSuiteBootstrap_Pages/VT_Bootstrap/Receipt/td_AutoNoC031622113752957Ahm' is: 'AutoSin033122235505420Ahm'

2022-03-31 23:57:15 - [MESSAGE][PASSED] - Text of object 'Object Repository/AdminSuiteBootstrap_Pages/VT_Bootstrap/Receipt/td_AutoNoC031622113752957Ahm' is: 'AutoSin033122235505420Ahm'

2022-03-31 23:57:15 - [TEST_STEP][PASSED] - out.println("sdf: " + sdf): null

2022-03-31 23:57:15 - [TEST_STEP][PASSED] - remID = sdf: null

2022-03-31 23:57:15 - [TEST_STEP][PASSED] - out.println("remID: " + remID): null

2022-03-31 23:57:15 - [TEST_STEP][PASSED] - click(findTestObject(path_Receipt + "button_Continue")): Object: 'Object Repository/AdminSuiteBootstrap_Pages/VT_Bootstrap/Receipt/button_Continue' is clicked on

2022-03-31 23:57:16 - [MESSAGE][PASSED] - Object: 'Object Repository/AdminSuiteBootstrap_Pages/VT_Bootstrap/Receipt/button_Continue' is clicked on

2022-03-31 23:57:16 - [TEST_STEP][PASSED] - click(findTestObject(path_VT + "a_Search Transactions")): Object: 'Object Repository/AdminSuiteBootstrap_Pages/VT_Bootstrap/IssueTransactions/a_Search Transactions' is clicked on

2022-03-31 23:57:17 - [MESSAGE][PASSED] - Object: 'Object Repository/AdminSuiteBootstrap_Pages/VT_Bootstrap/IssueTransactions/a_Search Transactions' is clicked on

2022-03-31 23:57:17 - [TEST_STEP][PASSED] - setText(findTestObject(path_CCSearch + "input_Search By_searchValue"), remID): Text 'AutoSin033122235505420Ahm' is set on object 'Object Repository/AdminSuiteBootstrap_Pages/VT_Bootstrap/CCCreditOrVoidSearch/input_Search By_searchValue'

2022-03-31 23:57:18 - [MESSAGE][PASSED] - Text 'AutoSin033122235505420Ahm' is set on object 'Object Repository/AdminSuiteBootstrap_Pages/VT_Bootstrap/CCCreditOrVoidSearch/input_Search By_searchValue'

2022-03-31 23:57:18 - [TEST_STEP][PASSED] - click(findTestObject(path_CCSearch + "button_Submit")): Object: 'Object Repository/AdminSuiteBootstrap_Pages/VT_Bootstrap/CCCreditOrVoidSearch/button_Submit' is clicked on

2022-03-31 23:57:19 - [MESSAGE][PASSED] - Object: 'Object Repository/AdminSuiteBootstrap_Pages/VT_Bootstrap/CCCreditOrVoidSearch/button_Submit' is clicked on

2022-03-31 23:57:19 - [TEST_STEP][PASSED] - fgr = getText(findTestObject(path_SearchResults + "div_Payment ID")): Text of object 'Object Repository/AdminSuiteBootstrap_Pages/VT_Bootstrap/SearchResults/div_Payment ID' is: 'Payment ID
Payment Type
Transaction Type
Remittance ID
Name
Total Amount
End Date
Status
12114235 Credit Card Authorization and Capture AutoSin033122235505420Ahm Janaki James $15.50 03/31/2022 Success'

2022-03-31 23:57:19 - [MESSAGE][PASSED] - Text of object 'Object Repository/AdminSuiteBootstrap_Pages/VT_Bootstrap/SearchResults/div_Payment ID' is: 'Payment ID
Payment Type
Transaction Type
Remittance ID
Name
Total Amount
End Date
Status
12114235 Credit Card Authorization and Capture AutoSin033122235505420Ahm Janaki James $15.50 03/31/2022 Success'

2022-03-31 23:57:19 - [TEST_STEP][PASSED] - payID = substring(89, 98).trim(): null

2022-03-31 23:57:19 - [TEST_STEP][PASSED] - out.println("payID: " + payID): null

2022-03-31 23:57:19 - [TEST_STEP][PASSED] - click(findTestObject(path_SearchResults + "button_PaymentID")): Object: 'Object Repository/AdminSuiteBootstrap_Pages/VT_Bootstrap/SearchResults/button_PaymentID' is clicked on

2022-03-31 23:57:20 - [MESSAGE][PASSED] - Object: 'Object Repository/AdminSuiteBootstrap_Pages/VT_Bootstrap/SearchResults/button_PaymentID' is clicked on

2022-03-31 23:57:20 - [TEST_STEP][PASSED] - verifyTextPresent("Tender Type", true): Text 'Tender Type' is present on page  using regular expression

2022-03-31 23:57:20 - [MESSAGE][PASSED] - Text 'Tender Type' is present on page  using regular expression

2022-03-31 23:57:20 - [TEST_STEP][PASSED] - verifyTextPresent("Credit Card", true): Text 'Credit Card' is present on page  using regular expression

2022-03-31 23:57:21 - [MESSAGE][PASSED] - Text 'Credit Card' is present on page  using regular expression

2022-03-31 23:57:21 - [TEST_STEP][PASSED] - verifyTextPresent("Transaction Type", true): Text 'Transaction Type' is present on page  using regular expression

2022-03-31 23:57:21 - [MESSAGE][PASSED] - Text 'Transaction Type' is present on page  using regular expression

2022-03-31 23:57:21 - [TEST_STEP][PASSED] - verifyTextPresent("Authorization and Capture", true): Text 'Authorization and Capture' is present on page  using regular expression

2022-03-31 23:57:22 - [MESSAGE][PASSED] - Text 'Authorization and Capture' is present on page  using regular expression

2022-03-31 23:57:22 - [TEST_STEP][PASSED] - verifyTextPresent("Transaction Posted by", true): Text 'Transaction Posted by' is present on page  using regular expression

2022-03-31 23:57:22 - [MESSAGE][PASSED] - Text 'Transaction Posted by' is present on page  using regular expression

2022-03-31 23:57:22 - [TEST_STEP][PASSED] - verifyTextPresent("iahmed", true): Text 'iahmed' is present on page  using regular expression

2022-03-31 23:57:22 - [MESSAGE][PASSED] - Text 'iahmed' is present on page  using regular expression

2022-03-31 23:57:22 - [TEST_STEP][PASSED] - click(findTestObject(path_TranxDetails + "a_Void this transaction")): Object: 'Object Repository/AdminSuiteBootstrap_Pages/VT_Bootstrap/TransactionDetails/a_Void this transaction' is clicked on

2022-03-31 23:57:23 - [MESSAGE][PASSED] - Object: 'Object Repository/AdminSuiteBootstrap_Pages/VT_Bootstrap/TransactionDetails/a_Void this transaction' is clicked on

2022-03-31 23:57:23 - [TEST_STEP][PASSED] - verifyTextPresent("The following transaction will be voided", true): Text 'The following transaction will be voided' is present on page  using regular expression

2022-03-31 23:57:24 - [MESSAGE][PASSED] - Text 'The following transaction will be voided' is present on page  using regular expression

2022-03-31 23:57:24 - [TEST_STEP][PASSED] - verifyTextPresent("Please press submit to continue", true): Text 'Please press submit to continue' is present on page  using regular expression

2022-03-31 23:57:24 - [MESSAGE][PASSED] - Text 'Please press submit to continue' is present on page  using regular expression

2022-03-31 23:57:24 - [TEST_STEP][PASSED] - click(findTestObject(path_TranxDetails + "button_Submit")): Object: 'Object Repository/AdminSuiteBootstrap_Pages/VT_Bootstrap/TransactionDetails/button_Submit' is clicked on

2022-03-31 23:57:26 - [MESSAGE][PASSED] - Object: 'Object Repository/AdminSuiteBootstrap_Pages/VT_Bootstrap/TransactionDetails/button_Submit' is clicked on

2022-03-31 23:57:26 - [TEST_STEP][PASSED] - verifyTextPresent("Transaction Successful", true): Text 'Transaction Successful' is present on page  using regular expression

2022-03-31 23:57:26 - [MESSAGE][PASSED] - Text 'Transaction Successful' is present on page  using regular expression

2022-03-31 23:57:26 - [TEST_STEP][PASSED] - verifyTextPresent("Transaction Type", true): Text 'Transaction Type' is present on page  using regular expression

2022-03-31 23:57:27 - [MESSAGE][PASSED] - Text 'Transaction Type' is present on page  using regular expression

2022-03-31 23:57:27 - [TEST_STEP][PASSED] - verifyTextPresent("Void", true): Text 'Void' is present on page  using regular expression

2022-03-31 23:57:27 - [MESSAGE][PASSED] - Text 'Void' is present on page  using regular expression

2022-03-31 23:57:27 - [TEST_STEP][PASSED] - closeBrowser(): Browser is closed

2022-03-31 23:57:28 - [MESSAGE][PASSED] - Browser is closed

2022-03-31 23:57:28 - [TEST_STEP][PASSED] - ExecuteTC = findTestData(dataFile).getValue("Execute", row): null

2022-03-31 23:57:28 - [TEST_STEP][PASSED] - out.println("Value of Execute is : " + ExecuteTC): null

2022-03-31 23:57:28 - [TEST_STEP][PASSED] - switch (executionProfile): null

2022-03-31 23:57:28 - [TEST_STEP][PASSED] - case "QAProfile":: null

2022-03-31 23:57:28 - [TEST_STEP][PASSED] - appName = findTestData(dataFile).getValue("AppNameQA", row): null

2022-03-31 23:57:28 - [TEST_STEP][PASSED] - appID = findTestData(dataFile).getValue("AppIDQA", row): null

2022-03-31 23:57:28 - [TEST_STEP][PASSED] - break: null

2022-03-31 23:57:28 - [TEST_STEP][PASSED] - hrefAppID = li_1 + appID + li_2: null

2022-03-31 23:57:28 - [TEST_STEP][PASSED] - hrefApp = li_1 + appID + "/": null

2022-03-31 23:57:28 - [TEST_STEP][PASSED] - println("hrefApp : " + hrefApp): null

2022-03-31 23:57:28 - [TEST_STEP][PASSED] - if (ExecuteTC.equalsIgnoreCase("Y")): null

2022-03-31 23:57:28 - [TEST_STEP][PASSED] - out.println("Begin Record Number: " + row): null

2022-03-31 23:57:28 - [TEST_STEP][PASSED] - today = new java.util.Date(): null

2022-03-31 23:57:28 - [TEST_STEP][PASSED] - println(today): null

2022-03-31 23:57:28 - [TEST_STEP][PASSED] - datText = today: null

2022-03-31 23:57:28 - [TEST_STEP][PASSED] - adminSuiteBootstrap.loginFunctionality.login_AdminSuite(): adminSuiteBootstrap.loginFunctionality.login_AdminSuite is PASSED

2022-03-31 23:57:28 - [MESSAGE][INFO] - Starting 'Chrome' driver

2022-03-31 23:57:28 - [MESSAGE][INFO] - User set preference: ['acceptInsecureCerts', 'true']

2022-03-31 23:57:28 - [MESSAGE][INFO] - Action delay is set to 0 milliseconds

2022-03-31 23:57:31 - [MESSAGE][PASSED] - Browser is opened with url: 'https://qa.velocitypayment.com/admin/imtiaz'

2022-03-31 23:57:31 - [MESSAGE][PASSED] - Current window maximized

2022-03-31 23:57:31 - [MESSAGE][PASSED] - Object 'Object Repository/Login_Page/Login_Username' is present

2022-03-31 23:57:32 - [MESSAGE][PASSED] - Text 'iahmed' is set on object 'Object Repository/Login_Page/Login_Username'

2022-03-31 23:57:33 - [MESSAGE][PASSED] - Text 'hello2222' is set on object 'Object Repository/Login_Page/Login_Password'

2022-03-31 23:57:36 - [MESSAGE][PASSED] - Object: 'Object Repository/Login_Page/Login_Submit' is clicked on

2022-03-31 23:57:36 - [MESSAGE][PASSED] - adminSuiteBootstrap.loginFunctionality.login_AdminSuite is PASSED

2022-03-31 23:57:36 - [TEST_STEP][PASSED] - click(findTestObject(path_Dashboard + appName)): Object: 'Object Repository/AdminSuiteBootstrap_Pages/Dashboard_Bootstrap/a_Access AutoSingleCFtpQA' is clicked on

2022-03-31 23:57:37 - [MESSAGE][PASSED] - Object: 'Object Repository/AdminSuiteBootstrap_Pages/Dashboard_Bootstrap/a_Access AutoSingleCFtpQA' is clicked on

2022-03-31 23:57:37 - [TEST_STEP][PASSED] - click(findTestObject(path_VT + "button_Authorization  Capture (Sale)")): Object: 'Object Repository/AdminSuiteBootstrap_Pages/VT_Bootstrap/IssueTransactions/button_Authorization  Capture (Sale)' is clicked on

2022-03-31 23:57:37 - [MESSAGE][PASSED] - Object: 'Object Repository/AdminSuiteBootstrap_Pages/VT_Bootstrap/IssueTransactions/button_Authorization  Capture (Sale)' is clicked on

2022-03-31 23:57:37 - [TEST_STEP][PASSED] - saleKeyboardEntryLink = modifyObjectProperty(findTestObject(path_VT + "a_KeyboardEntry_Sale"), "href", "equals", hrefAppID, true): Modify property of object successfully

2022-03-31 23:57:37 - [MESSAGE][PASSED] - Modify property of object successfully

2022-03-31 23:57:37 - [TEST_STEP][PASSED] - click(saleKeyboardEntryLink): Object: 'Object Repository/AdminSuiteBootstrap_Pages/VT_Bootstrap/IssueTransactions/a_KeyboardEntry_Sale' is clicked on

2022-03-31 23:57:38 - [MESSAGE][PASSED] - Object: 'Object Repository/AdminSuiteBootstrap_Pages/VT_Bootstrap/IssueTransactions/a_KeyboardEntry_Sale' is clicked on

2022-03-31 23:57:38 - [TEST_STEP][PASSED] - adminSuiteBootstrap.virtualTerminalSetData.saleKeyboard_DataDriven(row, dataFile): adminSuiteBootstrap.virtualTerminalSetData.saleKeyboard_DataDriven is PASSED

2022-03-31 23:57:41 - [MESSAGE][PASSED] - Text 'Janaki James' is set on object 'Object Repository/AdminSuiteBootstrap_Pages/VT_Bootstrap/SaleKeyboard/input_cardName'

2022-03-31 23:57:42 - [MESSAGE][PASSED] - All options with value 'MOTO' are selected in object 'Object Repository/AdminSuiteBootstrap_Pages/VT_Bootstrap/SaleKeyboard/select_transactionCategory'  using regular expression

2022-03-31 23:57:42 - [MESSAGE][PASSED] - Execute JavaScript 'arguments[0].value ='371449635392376' ' successfully

2022-03-31 23:57:43 - [MESSAGE][PASSED] - Execute JavaScript 'arguments[0].value ='123' ' successfully

2022-03-31 23:57:44 - [MESSAGE][PASSED] - All options with value '12' are selected in object 'Object Repository/AdminSuiteBootstrap_Pages/VT_Bootstrap/SaleKeyboard/select_MM'  using regular expression

2022-03-31 23:57:45 - [MESSAGE][PASSED] - All options with value '2025' are selected in object 'Object Repository/AdminSuiteBootstrap_Pages/VT_Bootstrap/SaleKeyboard/select_YYYY'  using regular expression

2022-03-31 23:57:46 - [MESSAGE][PASSED] - Text '550 Swan Lake' is set on object 'Object Repository/AdminSuiteBootstrap_Pages/VT_Bootstrap/SaleKeyboard/input__address'

2022-03-31 23:57:46 - [MESSAGE][PASSED] - Text 'Suite 500' is set on object 'Object Repository/AdminSuiteBootstrap_Pages/VT_Bootstrap/SaleKeyboard/input__address2'

2022-03-31 23:57:47 - [MESSAGE][PASSED] - Text '22201' is set on object 'Object Repository/AdminSuiteBootstrap_Pages/VT_Bootstrap/SaleKeyboard/input__zip'

2022-03-31 23:57:48 - [MESSAGE][PASSED] - Text '' is set on object 'Object Repository/AdminSuiteBootstrap_Pages/VT_Bootstrap/SaleKeyboard/input_emailAddress'

2022-03-31 23:57:49 - [MESSAGE][PASSED] - Text '' is set on object 'Object Repository/AdminSuiteBootstrap_Pages/VT_Bootstrap/SaleKeyboard/input_smsNumber'

2022-03-31 23:57:50 - [MESSAGE][PASSED] - Text '10.50' is set on object 'Object Repository/AdminSuiteBootstrap_Pages/VT_Bootstrap/SaleKeyboard/input_amount'

2022-03-31 23:57:51 - [MESSAGE][PASSED] - Text 'Australia' is set on object 'Object Repository/AdminSuiteBootstrap_Pages/VT_Bootstrap/SaleKeyboard/input_userDefined1'

2022-03-31 23:57:52 - [MESSAGE][PASSED] - Text 'Denmark' is set on object 'Object Repository/AdminSuiteBootstrap_Pages/VT_Bootstrap/SaleKeyboard/input_userDefined2'

2022-03-31 23:57:53 - [MESSAGE][PASSED] - Text 'Sweden' is set on object 'Object Repository/AdminSuiteBootstrap_Pages/VT_Bootstrap/SaleKeyboard/input_userDefined3'

2022-03-31 23:57:53 - [MESSAGE][PASSED] - Text 'Austria' is set on object 'Object Repository/AdminSuiteBootstrap_Pages/VT_Bootstrap/SaleKeyboard/input_userDefined4'

2022-03-31 23:57:54 - [MESSAGE][PASSED] - All options with label 'Orange' are selected in object 'Object Repository/AdminSuiteBootstrap_Pages/VT_Bootstrap/SaleKeyboard/select_UDF5_DropDown'  using regular expression

2022-03-31 23:57:55 - [MESSAGE][PASSED] - All options with label 'Yellow' are selected in object 'Object Repository/AdminSuiteBootstrap_Pages/VT_Bootstrap/SaleKeyboard/select_UDF6_DropDown'  using regular expression

2022-03-31 23:57:56 - [MESSAGE][PASSED] - Text 'Norway' is set on object 'Object Repository/AdminSuiteBootstrap_Pages/VT_Bootstrap/SaleKeyboard/input_userDefined7'

2022-03-31 23:57:57 - [MESSAGE][PASSED] - Text 'Netherlands' is set on object 'Object Repository/AdminSuiteBootstrap_Pages/VT_Bootstrap/SaleKeyboard/input_userDefined8'

2022-03-31 23:57:57 - [MESSAGE][PASSED] - Text 'Switzerland' is set on object 'Object Repository/AdminSuiteBootstrap_Pages/VT_Bootstrap/SaleKeyboard/input_userDefined9'

2022-03-31 23:57:58 - [MESSAGE][PASSED] - Text 'France' is set on object 'Object Repository/AdminSuiteBootstrap_Pages/VT_Bootstrap/SaleKeyboard/input_userDefined10'

2022-03-31 23:58:00 - [MESSAGE][PASSED] - Object: 'Object Repository/AdminSuiteBootstrap_Pages/VT_Bootstrap/SaleKeyboard/button_Submit' is clicked on

2022-03-31 23:58:00 - [MESSAGE][PASSED] - adminSuiteBootstrap.virtualTerminalSetData.saleKeyboard_DataDriven is PASSED

2022-03-31 23:58:00 - [TEST_STEP][PASSED] - if (verifyTextPresent("Transaction Successful", true)): null

2022-03-31 23:58:00 - [MESSAGE][PASSED] - Text 'Transaction Successful' is present on page  using regular expression

2022-03-31 23:58:00 - [TEST_STEP][PASSED] - sdf = getText(findTestObject(path_Receipt + "td_AutoNoC031622113752957Ahm")): Text of object 'Object Repository/AdminSuiteBootstrap_Pages/VT_Bootstrap/Receipt/td_AutoNoC031622113752957Ahm' is: 'AutoSin033122235550920Ahm'

2022-03-31 23:58:01 - [MESSAGE][PASSED] - Text of object 'Object Repository/AdminSuiteBootstrap_Pages/VT_Bootstrap/Receipt/td_AutoNoC031622113752957Ahm' is: 'AutoSin033122235550920Ahm'

2022-03-31 23:58:01 - [TEST_STEP][PASSED] - out.println("sdf: " + sdf): null

2022-03-31 23:58:01 - [TEST_STEP][PASSED] - remID = sdf: null

2022-03-31 23:58:01 - [TEST_STEP][PASSED] - out.println("remID: " + remID): null

2022-03-31 23:58:01 - [TEST_STEP][PASSED] - click(findTestObject(path_Receipt + "button_Continue")): Object: 'Object Repository/AdminSuiteBootstrap_Pages/VT_Bootstrap/Receipt/button_Continue' is clicked on

2022-03-31 23:58:01 - [MESSAGE][PASSED] - Object: 'Object Repository/AdminSuiteBootstrap_Pages/VT_Bootstrap/Receipt/button_Continue' is clicked on

2022-03-31 23:58:01 - [TEST_STEP][PASSED] - click(findTestObject(path_VT + "a_Search Transactions")): Object: 'Object Repository/AdminSuiteBootstrap_Pages/VT_Bootstrap/IssueTransactions/a_Search Transactions' is clicked on

2022-03-31 23:58:02 - [MESSAGE][PASSED] - Object: 'Object Repository/AdminSuiteBootstrap_Pages/VT_Bootstrap/IssueTransactions/a_Search Transactions' is clicked on

2022-03-31 23:58:02 - [TEST_STEP][PASSED] - setText(findTestObject(path_CCSearch + "input_Search By_searchValue"), remID): Text 'AutoSin033122235550920Ahm' is set on object 'Object Repository/AdminSuiteBootstrap_Pages/VT_Bootstrap/CCCreditOrVoidSearch/input_Search By_searchValue'

2022-03-31 23:58:03 - [MESSAGE][PASSED] - Text 'AutoSin033122235550920Ahm' is set on object 'Object Repository/AdminSuiteBootstrap_Pages/VT_Bootstrap/CCCreditOrVoidSearch/input_Search By_searchValue'

2022-03-31 23:58:03 - [TEST_STEP][PASSED] - click(findTestObject(path_CCSearch + "button_Submit")): Object: 'Object Repository/AdminSuiteBootstrap_Pages/VT_Bootstrap/CCCreditOrVoidSearch/button_Submit' is clicked on

2022-03-31 23:58:04 - [MESSAGE][PASSED] - Object: 'Object Repository/AdminSuiteBootstrap_Pages/VT_Bootstrap/CCCreditOrVoidSearch/button_Submit' is clicked on

2022-03-31 23:58:04 - [TEST_STEP][PASSED] - fgr = getText(findTestObject(path_SearchResults + "div_Payment ID")): Text of object 'Object Repository/AdminSuiteBootstrap_Pages/VT_Bootstrap/SearchResults/div_Payment ID' is: 'Payment ID
Payment Type
Transaction Type
Remittance ID
Name
Total Amount
End Date
Status
12114237 Credit Card Authorization and Capture AutoSin033122235550920Ahm Janaki James $15.50 03/31/2022 Success'

2022-03-31 23:58:04 - [MESSAGE][PASSED] - Text of object 'Object Repository/AdminSuiteBootstrap_Pages/VT_Bootstrap/SearchResults/div_Payment ID' is: 'Payment ID
Payment Type
Transaction Type
Remittance ID
Name
Total Amount
End Date
Status
12114237 Credit Card Authorization and Capture AutoSin033122235550920Ahm Janaki James $15.50 03/31/2022 Success'

2022-03-31 23:58:04 - [TEST_STEP][PASSED] - payID = substring(89, 98).trim(): null

2022-03-31 23:58:04 - [TEST_STEP][PASSED] - out.println("payID: " + payID): null

2022-03-31 23:58:04 - [TEST_STEP][PASSED] - click(findTestObject(path_SearchResults + "button_PaymentID")): Object: 'Object Repository/AdminSuiteBootstrap_Pages/VT_Bootstrap/SearchResults/button_PaymentID' is clicked on

2022-03-31 23:58:05 - [MESSAGE][PASSED] - Object: 'Object Repository/AdminSuiteBootstrap_Pages/VT_Bootstrap/SearchResults/button_PaymentID' is clicked on

2022-03-31 23:58:05 - [TEST_STEP][PASSED] - verifyTextPresent("Tender Type", true): Text 'Tender Type' is present on page  using regular expression

2022-03-31 23:58:06 - [MESSAGE][PASSED] - Text 'Tender Type' is present on page  using regular expression

2022-03-31 23:58:06 - [TEST_STEP][PASSED] - verifyTextPresent("Credit Card", true): Text 'Credit Card' is present on page  using regular expression

2022-03-31 23:58:06 - [MESSAGE][PASSED] - Text 'Credit Card' is present on page  using regular expression

2022-03-31 23:58:06 - [TEST_STEP][PASSED] - verifyTextPresent("Transaction Type", true): Text 'Transaction Type' is present on page  using regular expression

2022-03-31 23:58:07 - [MESSAGE][PASSED] - Text 'Transaction Type' is present on page  using regular expression

2022-03-31 23:58:07 - [TEST_STEP][PASSED] - verifyTextPresent("Authorization and Capture", true): Text 'Authorization and Capture' is present on page  using regular expression

2022-03-31 23:58:07 - [MESSAGE][PASSED] - Text 'Authorization and Capture' is present on page  using regular expression

2022-03-31 23:58:07 - [TEST_STEP][PASSED] - verifyTextPresent("Transaction Posted by", true): Text 'Transaction Posted by' is present on page  using regular expression

2022-03-31 23:58:07 - [MESSAGE][PASSED] - Text 'Transaction Posted by' is present on page  using regular expression

2022-03-31 23:58:07 - [TEST_STEP][PASSED] - verifyTextPresent("iahmed", true): Text 'iahmed' is present on page  using regular expression

2022-03-31 23:58:08 - [MESSAGE][PASSED] - Text 'iahmed' is present on page  using regular expression

2022-03-31 23:58:08 - [TEST_STEP][PASSED] - click(findTestObject(path_TranxDetails + "a_Void this transaction")): Object: 'Object Repository/AdminSuiteBootstrap_Pages/VT_Bootstrap/TransactionDetails/a_Void this transaction' is clicked on

2022-03-31 23:58:09 - [MESSAGE][PASSED] - Object: 'Object Repository/AdminSuiteBootstrap_Pages/VT_Bootstrap/TransactionDetails/a_Void this transaction' is clicked on

2022-03-31 23:58:09 - [TEST_STEP][PASSED] - verifyTextPresent("The following transaction will be voided", true): Text 'The following transaction will be voided' is present on page  using regular expression

2022-03-31 23:58:09 - [MESSAGE][PASSED] - Text 'The following transaction will be voided' is present on page  using regular expression

2022-03-31 23:58:09 - [TEST_STEP][PASSED] - verifyTextPresent("Please press submit to continue", true): Text 'Please press submit to continue' is present on page  using regular expression

2022-03-31 23:58:09 - [MESSAGE][PASSED] - Text 'Please press submit to continue' is present on page  using regular expression

2022-03-31 23:58:09 - [TEST_STEP][PASSED] - click(findTestObject(path_TranxDetails + "button_Submit")): Object: 'Object Repository/AdminSuiteBootstrap_Pages/VT_Bootstrap/TransactionDetails/button_Submit' is clicked on

2022-03-31 23:58:11 - [MESSAGE][PASSED] - Object: 'Object Repository/AdminSuiteBootstrap_Pages/VT_Bootstrap/TransactionDetails/button_Submit' is clicked on

2022-03-31 23:58:11 - [TEST_STEP][PASSED] - verifyTextPresent("Transaction Successful", true): Text 'Transaction Successful' is present on page  using regular expression

2022-03-31 23:58:12 - [MESSAGE][PASSED] - Text 'Transaction Successful' is present on page  using regular expression

2022-03-31 23:58:12 - [TEST_STEP][PASSED] - verifyTextPresent("Transaction Type", true): Text 'Transaction Type' is present on page  using regular expression

2022-03-31 23:58:12 - [MESSAGE][PASSED] - Text 'Transaction Type' is present on page  using regular expression

2022-03-31 23:58:12 - [TEST_STEP][PASSED] - verifyTextPresent("Void", true): Text 'Void' is present on page  using regular expression

2022-03-31 23:58:13 - [MESSAGE][PASSED] - Text 'Void' is present on page  using regular expression

2022-03-31 23:58:13 - [TEST_STEP][PASSED] - closeBrowser(): Browser is closed

2022-03-31 23:58:13 - [MESSAGE][PASSED] - Browser is closed

2022-03-31 23:58:13 - [TEST_STEP][PASSED] - ExecuteTC = findTestData(dataFile).getValue("Execute", row): null

2022-03-31 23:58:14 - [TEST_STEP][PASSED] - out.println("Value of Execute is : " + ExecuteTC): null

2022-03-31 23:58:14 - [TEST_STEP][PASSED] - switch (executionProfile): null

2022-03-31 23:58:14 - [TEST_STEP][PASSED] - case "QAProfile":: null

2022-03-31 23:58:14 - [TEST_STEP][PASSED] - appName = findTestData(dataFile).getValue("AppNameQA", row): null

2022-03-31 23:58:14 - [TEST_STEP][PASSED] - appID = findTestData(dataFile).getValue("AppIDQA", row): null

2022-03-31 23:58:14 - [TEST_STEP][PASSED] - break: null

2022-03-31 23:58:14 - [TEST_STEP][PASSED] - hrefAppID = li_1 + appID + li_2: null

2022-03-31 23:58:14 - [TEST_STEP][PASSED] - hrefApp = li_1 + appID + "/": null

2022-03-31 23:58:14 - [TEST_STEP][PASSED] - println("hrefApp : " + hrefApp): null

2022-03-31 23:58:14 - [TEST_STEP][PASSED] - if (ExecuteTC.equalsIgnoreCase("Y")): null

2022-03-31 23:58:14 - [TEST_STEP][PASSED] - out.println("Begin Record Number: " + row): null

2022-03-31 23:58:14 - [TEST_STEP][PASSED] - today = new java.util.Date(): null

2022-03-31 23:58:14 - [TEST_STEP][PASSED] - println(today): null

2022-03-31 23:58:14 - [TEST_STEP][PASSED] - datText = today: null

2022-03-31 23:58:14 - [TEST_STEP][PASSED] - adminSuiteBootstrap.loginFunctionality.login_AdminSuite(): adminSuiteBootstrap.loginFunctionality.login_AdminSuite is PASSED

2022-03-31 23:58:14 - [MESSAGE][INFO] - Starting 'Chrome' driver

2022-03-31 23:58:14 - [MESSAGE][INFO] - User set preference: ['acceptInsecureCerts', 'true']

2022-03-31 23:58:14 - [MESSAGE][INFO] - Action delay is set to 0 milliseconds

2022-03-31 23:58:16 - [MESSAGE][PASSED] - Browser is opened with url: 'https://qa.velocitypayment.com/admin/imtiaz'

2022-03-31 23:58:16 - [MESSAGE][PASSED] - Current window maximized

2022-03-31 23:58:17 - [MESSAGE][PASSED] - Object 'Object Repository/Login_Page/Login_Username' is present

2022-03-31 23:58:17 - [MESSAGE][PASSED] - Text 'iahmed' is set on object 'Object Repository/Login_Page/Login_Username'

2022-03-31 23:58:18 - [MESSAGE][PASSED] - Text 'hello2222' is set on object 'Object Repository/Login_Page/Login_Password'

2022-03-31 23:58:21 - [MESSAGE][PASSED] - Object: 'Object Repository/Login_Page/Login_Submit' is clicked on

2022-03-31 23:58:21 - [MESSAGE][PASSED] - adminSuiteBootstrap.loginFunctionality.login_AdminSuite is PASSED

2022-03-31 23:58:21 - [TEST_STEP][PASSED] - click(findTestObject(path_Dashboard + appName)): Object: 'Object Repository/AdminSuiteBootstrap_Pages/Dashboard_Bootstrap/a_Access AutoSingleCFtpQA' is clicked on

2022-03-31 23:58:22 - [MESSAGE][PASSED] - Object: 'Object Repository/AdminSuiteBootstrap_Pages/Dashboard_Bootstrap/a_Access AutoSingleCFtpQA' is clicked on

2022-03-31 23:58:22 - [TEST_STEP][PASSED] - click(findTestObject(path_VT + "button_Authorization  Capture (Sale)")): Object: 'Object Repository/AdminSuiteBootstrap_Pages/VT_Bootstrap/IssueTransactions/button_Authorization  Capture (Sale)' is clicked on

2022-03-31 23:58:22 - [MESSAGE][PASSED] - Object: 'Object Repository/AdminSuiteBootstrap_Pages/VT_Bootstrap/IssueTransactions/button_Authorization  Capture (Sale)' is clicked on

2022-03-31 23:58:22 - [TEST_STEP][PASSED] - saleKeyboardEntryLink = modifyObjectProperty(findTestObject(path_VT + "a_KeyboardEntry_Sale"), "href", "equals", hrefAppID, true): Modify property of object successfully

2022-03-31 23:58:22 - [MESSAGE][PASSED] - Modify property of object successfully

2022-03-31 23:58:22 - [TEST_STEP][PASSED] - click(saleKeyboardEntryLink): Object: 'Object Repository/AdminSuiteBootstrap_Pages/VT_Bootstrap/IssueTransactions/a_KeyboardEntry_Sale' is clicked on

2022-03-31 23:58:23 - [MESSAGE][PASSED] - Object: 'Object Repository/AdminSuiteBootstrap_Pages/VT_Bootstrap/IssueTransactions/a_KeyboardEntry_Sale' is clicked on

2022-03-31 23:58:23 - [TEST_STEP][PASSED] - adminSuiteBootstrap.virtualTerminalSetData.saleKeyboard_DataDriven(row, dataFile): adminSuiteBootstrap.virtualTerminalSetData.saleKeyboard_DataDriven is PASSED

2022-03-31 23:58:26 - [MESSAGE][PASSED] - Text 'Janaki James' is set on object 'Object Repository/AdminSuiteBootstrap_Pages/VT_Bootstrap/SaleKeyboard/input_cardName'

2022-03-31 23:58:27 - [MESSAGE][PASSED] - All options with value 'MOTO' are selected in object 'Object Repository/AdminSuiteBootstrap_Pages/VT_Bootstrap/SaleKeyboard/select_transactionCategory'  using regular expression

2022-03-31 23:58:28 - [MESSAGE][PASSED] - Execute JavaScript 'arguments[0].value ='6011000993026909' ' successfully

2022-03-31 23:58:28 - [MESSAGE][PASSED] - Execute JavaScript 'arguments[0].value ='123' ' successfully

2022-03-31 23:58:29 - [MESSAGE][PASSED] - All options with value '12' are selected in object 'Object Repository/AdminSuiteBootstrap_Pages/VT_Bootstrap/SaleKeyboard/select_MM'  using regular expression

2022-03-31 23:58:30 - [MESSAGE][PASSED] - All options with value '2025' are selected in object 'Object Repository/AdminSuiteBootstrap_Pages/VT_Bootstrap/SaleKeyboard/select_YYYY'  using regular expression

2022-03-31 23:58:31 - [MESSAGE][PASSED] - Text '25987 Hill Top' is set on object 'Object Repository/AdminSuiteBootstrap_Pages/VT_Bootstrap/SaleKeyboard/input__address'

2022-03-31 23:58:32 - [MESSAGE][PASSED] - Text 'Suite 500' is set on object 'Object Repository/AdminSuiteBootstrap_Pages/VT_Bootstrap/SaleKeyboard/input__address2'

2022-03-31 23:58:33 - [MESSAGE][PASSED] - Text '22201' is set on object 'Object Repository/AdminSuiteBootstrap_Pages/VT_Bootstrap/SaleKeyboard/input__zip'

2022-03-31 23:58:33 - [MESSAGE][PASSED] - Text '' is set on object 'Object Repository/AdminSuiteBootstrap_Pages/VT_Bootstrap/SaleKeyboard/input_emailAddress'

2022-03-31 23:58:34 - [MESSAGE][PASSED] - Text '' is set on object 'Object Repository/AdminSuiteBootstrap_Pages/VT_Bootstrap/SaleKeyboard/input_smsNumber'

2022-03-31 23:58:35 - [MESSAGE][PASSED] - Text '10.50' is set on object 'Object Repository/AdminSuiteBootstrap_Pages/VT_Bootstrap/SaleKeyboard/input_amount'

2022-03-31 23:58:36 - [MESSAGE][PASSED] - Text 'Australia' is set on object 'Object Repository/AdminSuiteBootstrap_Pages/VT_Bootstrap/SaleKeyboard/input_userDefined1'

2022-03-31 23:58:37 - [MESSAGE][PASSED] - Text 'Denmark' is set on object 'Object Repository/AdminSuiteBootstrap_Pages/VT_Bootstrap/SaleKeyboard/input_userDefined2'

2022-03-31 23:58:38 - [MESSAGE][PASSED] - Text 'Sweden' is set on object 'Object Repository/AdminSuiteBootstrap_Pages/VT_Bootstrap/SaleKeyboard/input_userDefined3'

2022-03-31 23:58:39 - [MESSAGE][PASSED] - Text 'Austria' is set on object 'Object Repository/AdminSuiteBootstrap_Pages/VT_Bootstrap/SaleKeyboard/input_userDefined4'

2022-03-31 23:58:40 - [MESSAGE][PASSED] - All options with label 'Orange' are selected in object 'Object Repository/AdminSuiteBootstrap_Pages/VT_Bootstrap/SaleKeyboard/select_UDF5_DropDown'  using regular expression

2022-03-31 23:58:41 - [MESSAGE][PASSED] - All options with label 'Yellow' are selected in object 'Object Repository/AdminSuiteBootstrap_Pages/VT_Bootstrap/SaleKeyboard/select_UDF6_DropDown'  using regular expression

2022-03-31 23:58:41 - [MESSAGE][PASSED] - Text 'Norway' is set on object 'Object Repository/AdminSuiteBootstrap_Pages/VT_Bootstrap/SaleKeyboard/input_userDefined7'

2022-03-31 23:58:42 - [MESSAGE][PASSED] - Text 'Netherlands' is set on object 'Object Repository/AdminSuiteBootstrap_Pages/VT_Bootstrap/SaleKeyboard/input_userDefined8'

2022-03-31 23:58:43 - [MESSAGE][PASSED] - Text 'Switzerland' is set on object 'Object Repository/AdminSuiteBootstrap_Pages/VT_Bootstrap/SaleKeyboard/input_userDefined9'

2022-03-31 23:58:44 - [MESSAGE][PASSED] - Text 'France' is set on object 'Object Repository/AdminSuiteBootstrap_Pages/VT_Bootstrap/SaleKeyboard/input_userDefined10'

2022-03-31 23:58:45 - [MESSAGE][PASSED] - Object: 'Object Repository/AdminSuiteBootstrap_Pages/VT_Bootstrap/SaleKeyboard/button_Submit' is clicked on

2022-03-31 23:58:45 - [MESSAGE][PASSED] - adminSuiteBootstrap.virtualTerminalSetData.saleKeyboard_DataDriven is PASSED

2022-03-31 23:58:45 - [TEST_STEP][PASSED] - if (verifyTextPresent("Transaction Successful", true)): null

2022-03-31 23:58:46 - [MESSAGE][PASSED] - Text 'Transaction Successful' is present on page  using regular expression

2022-03-31 23:58:46 - [TEST_STEP][PASSED] - sdf = getText(findTestObject(path_Receipt + "td_AutoNoC031622113752957Ahm")): Text of object 'Object Repository/AdminSuiteBootstrap_Pages/VT_Bootstrap/Receipt/td_AutoNoC031622113752957Ahm' is: 'AutoSin033122235636091Ahm'

2022-03-31 23:58:46 - [MESSAGE][PASSED] - Text of object 'Object Repository/AdminSuiteBootstrap_Pages/VT_Bootstrap/Receipt/td_AutoNoC031622113752957Ahm' is: 'AutoSin033122235636091Ahm'

2022-03-31 23:58:46 - [TEST_STEP][PASSED] - out.println("sdf: " + sdf): null

2022-03-31 23:58:46 - [TEST_STEP][PASSED] - remID = sdf: null

2022-03-31 23:58:46 - [TEST_STEP][PASSED] - out.println("remID: " + remID): null

2022-03-31 23:58:46 - [TEST_STEP][PASSED] - click(findTestObject(path_Receipt + "button_Continue")): Object: 'Object Repository/AdminSuiteBootstrap_Pages/VT_Bootstrap/Receipt/button_Continue' is clicked on

2022-03-31 23:58:47 - [MESSAGE][PASSED] - Object: 'Object Repository/AdminSuiteBootstrap_Pages/VT_Bootstrap/Receipt/button_Continue' is clicked on

2022-03-31 23:58:47 - [TEST_STEP][PASSED] - click(findTestObject(path_VT + "a_Search Transactions")): Object: 'Object Repository/AdminSuiteBootstrap_Pages/VT_Bootstrap/IssueTransactions/a_Search Transactions' is clicked on

2022-03-31 23:58:48 - [MESSAGE][PASSED] - Object: 'Object Repository/AdminSuiteBootstrap_Pages/VT_Bootstrap/IssueTransactions/a_Search Transactions' is clicked on

2022-03-31 23:58:48 - [TEST_STEP][PASSED] - setText(findTestObject(path_CCSearch + "input_Search By_searchValue"), remID): Text 'AutoSin033122235636091Ahm' is set on object 'Object Repository/AdminSuiteBootstrap_Pages/VT_Bootstrap/CCCreditOrVoidSearch/input_Search By_searchValue'

2022-03-31 23:58:49 - [MESSAGE][PASSED] - Text 'AutoSin033122235636091Ahm' is set on object 'Object Repository/AdminSuiteBootstrap_Pages/VT_Bootstrap/CCCreditOrVoidSearch/input_Search By_searchValue'

2022-03-31 23:58:49 - [TEST_STEP][PASSED] - click(findTestObject(path_CCSearch + "button_Submit")): Object: 'Object Repository/AdminSuiteBootstrap_Pages/VT_Bootstrap/CCCreditOrVoidSearch/button_Submit' is clicked on

2022-03-31 23:58:50 - [MESSAGE][PASSED] - Object: 'Object Repository/AdminSuiteBootstrap_Pages/VT_Bootstrap/CCCreditOrVoidSearch/button_Submit' is clicked on

2022-03-31 23:58:50 - [TEST_STEP][PASSED] - fgr = getText(findTestObject(path_SearchResults + "div_Payment ID")): Text of object 'Object Repository/AdminSuiteBootstrap_Pages/VT_Bootstrap/SearchResults/div_Payment ID' is: 'Payment ID
Payment Type
Transaction Type
Remittance ID
Name
Total Amount
End Date
Status
12114239 Credit Card Authorization and Capture AutoSin033122235636091Ahm Janaki James $15.50 03/31/2022 Success'

2022-03-31 23:58:50 - [MESSAGE][PASSED] - Text of object 'Object Repository/AdminSuiteBootstrap_Pages/VT_Bootstrap/SearchResults/div_Payment ID' is: 'Payment ID
Payment Type
Transaction Type
Remittance ID
Name
Total Amount
End Date
Status
12114239 Credit Card Authorization and Capture AutoSin033122235636091Ahm Janaki James $15.50 03/31/2022 Success'

2022-03-31 23:58:50 - [TEST_STEP][PASSED] - payID = substring(89, 98).trim(): null

2022-03-31 23:58:50 - [TEST_STEP][PASSED] - out.println("payID: " + payID): null

2022-03-31 23:58:50 - [TEST_STEP][PASSED] - click(findTestObject(path_SearchResults + "button_PaymentID")): Object: 'Object Repository/AdminSuiteBootstrap_Pages/VT_Bootstrap/SearchResults/button_PaymentID' is clicked on

2022-03-31 23:58:51 - [MESSAGE][PASSED] - Object: 'Object Repository/AdminSuiteBootstrap_Pages/VT_Bootstrap/SearchResults/button_PaymentID' is clicked on

2022-03-31 23:58:51 - [TEST_STEP][PASSED] - verifyTextPresent("Tender Type", true): Text 'Tender Type' is present on page  using regular expression

2022-03-31 23:58:52 - [MESSAGE][PASSED] - Text 'Tender Type' is present on page  using regular expression

2022-03-31 23:58:52 - [TEST_STEP][PASSED] - verifyTextPresent("Credit Card", true): Text 'Credit Card' is present on page  using regular expression

2022-03-31 23:58:52 - [MESSAGE][PASSED] - Text 'Credit Card' is present on page  using regular expression

2022-03-31 23:58:52 - [TEST_STEP][PASSED] - verifyTextPresent("Transaction Type", true): Text 'Transaction Type' is present on page  using regular expression

2022-03-31 23:58:52 - [MESSAGE][PASSED] - Text 'Transaction Type' is present on page  using regular expression

2022-03-31 23:58:52 - [TEST_STEP][PASSED] - verifyTextPresent("Authorization and Capture", true): Text 'Authorization and Capture' is present on page  using regular expression

2022-03-31 23:58:53 - [MESSAGE][PASSED] - Text 'Authorization and Capture' is present on page  using regular expression

2022-03-31 23:58:53 - [TEST_STEP][PASSED] - verifyTextPresent("Transaction Posted by", true): Text 'Transaction Posted by' is present on page  using regular expression

2022-03-31 23:58:53 - [MESSAGE][PASSED] - Text 'Transaction Posted by' is present on page  using regular expression

2022-03-31 23:58:53 - [TEST_STEP][PASSED] - verifyTextPresent("iahmed", true): Text 'iahmed' is present on page  using regular expression

2022-03-31 23:58:53 - [MESSAGE][PASSED] - Text 'iahmed' is present on page  using regular expression

2022-03-31 23:58:53 - [TEST_STEP][PASSED] - click(findTestObject(path_TranxDetails + "a_Void this transaction")): Object: 'Object Repository/AdminSuiteBootstrap_Pages/VT_Bootstrap/TransactionDetails/a_Void this transaction' is clicked on

2022-03-31 23:58:54 - [MESSAGE][PASSED] - Object: 'Object Repository/AdminSuiteBootstrap_Pages/VT_Bootstrap/TransactionDetails/a_Void this transaction' is clicked on

2022-03-31 23:58:54 - [TEST_STEP][PASSED] - verifyTextPresent("The following transaction will be voided", true): Text 'The following transaction will be voided' is present on page  using regular expression

2022-03-31 23:58:55 - [MESSAGE][PASSED] - Text 'The following transaction will be voided' is present on page  using regular expression

2022-03-31 23:58:55 - [TEST_STEP][PASSED] - verifyTextPresent("Please press submit to continue", true): Text 'Please press submit to continue' is present on page  using regular expression

2022-03-31 23:58:55 - [MESSAGE][PASSED] - Text 'Please press submit to continue' is present on page  using regular expression

2022-03-31 23:58:55 - [TEST_STEP][PASSED] - click(findTestObject(path_TranxDetails + "button_Submit")): Object: 'Object Repository/AdminSuiteBootstrap_Pages/VT_Bootstrap/TransactionDetails/button_Submit' is clicked on

2022-03-31 23:58:57 - [MESSAGE][PASSED] - Object: 'Object Repository/AdminSuiteBootstrap_Pages/VT_Bootstrap/TransactionDetails/button_Submit' is clicked on

2022-03-31 23:58:57 - [TEST_STEP][PASSED] - verifyTextPresent("Transaction Successful", true): Text 'Transaction Successful' is present on page  using regular expression

2022-03-31 23:58:57 - [MESSAGE][PASSED] - Text 'Transaction Successful' is present on page  using regular expression

2022-03-31 23:58:57 - [TEST_STEP][PASSED] - verifyTextPresent("Transaction Type", true): Text 'Transaction Type' is present on page  using regular expression

2022-03-31 23:58:58 - [MESSAGE][PASSED] - Text 'Transaction Type' is present on page  using regular expression

2022-03-31 23:58:58 - [TEST_STEP][PASSED] - verifyTextPresent("Void", true): Text 'Void' is present on page  using regular expression

2022-03-31 23:58:58 - [MESSAGE][PASSED] - Text 'Void' is present on page  using regular expression

2022-03-31 23:58:58 - [TEST_STEP][PASSED] - closeBrowser(): Browser is closed

2022-03-31 23:58:59 - [MESSAGE][PASSED] - Browser is closed]]></system-out>
         <system-err><![CDATA[]]></system-err>
      </testcase>
      <testcase name="Test Cases/Admin Suite Bootstrap/VT_TestCases/SaleAndCreditKeyboard_TP_DualCF_Generic_Payment_TC" time="391.841" classname="Test Cases/Admin Suite Bootstrap/VT_TestCases/SaleAndCreditKeyboard_TP_DualCF_Generic_Payment_TC" status="PASSED">
         <system-out><![CDATA[2022-03-31 23:58:59 - [TEST_CASE][PASSED] - Test Cases/Admin Suite Bootstrap/VT_TestCases/SaleAndCreditKeyboard_TP_DualCF_Generic_Payment_TC: Test Cases/Admin Suite Bootstrap/VT_TestCases/SaleAndCreditKeyboard_TP_DualCF_Generic_Payment_TC

2022-03-31 23:58:59 - [TEST_STEP][PASSED] - path_Dashboard = "Object Repository/AdminSuiteBootstrap_Pages/Dashboard_Bootstrap/": null

2022-03-31 23:58:59 - [TEST_STEP][PASSED] - path_VT = "Object Repository/AdminSuiteBootstrap_Pages/VT_Bootstrap/IssueTransactions/": null

2022-03-31 23:58:59 - [TEST_STEP][PASSED] - path_SaleKB = "Object Repository/AdminSuiteBootstrap_Pages/VT_Bootstrap/SaleKeyboard/": null

2022-03-31 23:58:59 - [TEST_STEP][PASSED] - path_TestMinus = "Object Repository/Page_TestMinusAndAtSigns/": null

2022-03-31 23:58:59 - [TEST_STEP][PASSED] - path_Receipt = "Object Repository/AdminSuiteBootstrap_Pages/VT_Bootstrap/Receipt/": null

2022-03-31 23:58:59 - [TEST_STEP][PASSED] - path_CCSearch = "Object Repository/AdminSuiteBootstrap_Pages/VT_Bootstrap/CCCreditOrVoidSearch/": null

2022-03-31 23:58:59 - [TEST_STEP][PASSED] - path_SearchResults = "Object Repository/AdminSuiteBootstrap_Pages/VT_Bootstrap/SearchResults/": null

2022-03-31 23:58:59 - [TEST_STEP][PASSED] - path_TranxDetails = "Object Repository/AdminSuiteBootstrap_Pages/VT_Bootstrap/TransactionDetails/": null

2022-03-31 23:58:59 - [TEST_STEP][PASSED] - li_1 = vpos_Prefix: null

2022-03-31 23:58:59 - [TEST_STEP][PASSED] - li_2 = "/transactions/AuthCapForm/": null

2022-03-31 23:58:59 - [TEST_STEP][PASSED] - executionProfile = getExecutionProfile(): null

2022-03-31 23:58:59 - [TEST_STEP][PASSED] - out.println("executionProfile : " + executionProfile): null

2022-03-31 23:58:59 - [TEST_STEP][PASSED] - appName = <not implemented yet for class: org.codehaus.groovy.ast.expr.EmptyExpression>: null

2022-03-31 23:58:59 - [TEST_STEP][PASSED] - appID = <not implemented yet for class: org.codehaus.groovy.ast.expr.EmptyExpression>: null

2022-03-31 23:58:59 - [TEST_STEP][PASSED] - cardNameV = <not implemented yet for class: org.codehaus.groovy.ast.expr.EmptyExpression>: null

2022-03-31 23:58:59 - [TEST_STEP][PASSED] - al1V = <not implemented yet for class: org.codehaus.groovy.ast.expr.EmptyExpression>: null

2022-03-31 23:58:59 - [TEST_STEP][PASSED] - al2V = <not implemented yet for class: org.codehaus.groovy.ast.expr.EmptyExpression>: null

2022-03-31 23:58:59 - [TEST_STEP][PASSED] - zipV = <not implemented yet for class: org.codehaus.groovy.ast.expr.EmptyExpression>: null

2022-03-31 23:58:59 - [TEST_STEP][PASSED] - cardTypeV = <not implemented yet for class: org.codehaus.groovy.ast.expr.EmptyExpression>: null

2022-03-31 23:58:59 - [TEST_STEP][PASSED] - last4V = <not implemented yet for class: org.codehaus.groovy.ast.expr.EmptyExpression>: null

2022-03-31 23:58:59 - [TEST_STEP][PASSED] - resText = "Fail": null

2022-03-31 23:58:59 - [TEST_STEP][PASSED] - resColumn = "Result": null

2022-03-31 23:58:59 - [TEST_STEP][PASSED] - datCloumn = "Date": null

2022-03-31 23:58:59 - [TEST_STEP][PASSED] - fileLoc = "C:\KatalonData\Bootstrap\VT-Data.xlsx": null

2022-03-31 23:58:59 - [TEST_STEP][PASSED] - numOfRows = <not implemented yet for class: org.codehaus.groovy.ast.expr.EmptyExpression>: null

2022-03-31 23:58:59 - [TEST_STEP][PASSED] - dataFile = <not implemented yet for class: org.codehaus.groovy.ast.expr.EmptyExpression>: null

2022-03-31 23:58:59 - [TEST_STEP][PASSED] - nameSheet = <not implemented yet for class: org.codehaus.groovy.ast.expr.EmptyExpression>: null

2022-03-31 23:58:59 - [TEST_STEP][PASSED] - nameSheet = "VT-SaleCredit-DualCF-Generic": null

2022-03-31 23:58:59 - [TEST_STEP][PASSED] - numOfRows = findTestData("QA/Bootstrap/VT-TestData/VT-SaleCreditData-DualCF-Generic").getRowNumbers(): null

2022-03-31 23:59:00 - [TEST_STEP][PASSED] - println("Number of Records: " + numOfRows): null

2022-03-31 23:59:00 - [TEST_STEP][PASSED] - dataFile = "QA/Bootstrap/VT-TestData/VT-SaleCreditData-DualCF-Generic": null

2022-03-31 23:59:00 - [TEST_STEP][PASSED] - for ([row = 1, row <= numOfRows, (row++)]): null

2022-03-31 23:59:00 - [TEST_STEP][PASSED] - ExecuteTC = findTestData(dataFile).getValue("Execute", row): null

2022-03-31 23:59:00 - [TEST_STEP][PASSED] - out.println("Value of Execute is : " + ExecuteTC): null

2022-03-31 23:59:00 - [TEST_STEP][PASSED] - switch (executionProfile): null

2022-03-31 23:59:00 - [TEST_STEP][PASSED] - case "QAProfile":: null

2022-03-31 23:59:00 - [TEST_STEP][PASSED] - appName = findTestData(dataFile).getValue("AppNameQA", row): null

2022-03-31 23:59:00 - [TEST_STEP][PASSED] - appID = findTestData(dataFile).getValue("AppIDQA", row): null

2022-03-31 23:59:00 - [TEST_STEP][PASSED] - break: null

2022-03-31 23:59:00 - [TEST_STEP][PASSED] - hrefAppID = li_1 + appID + li_2: null

2022-03-31 23:59:00 - [TEST_STEP][PASSED] - hrefApp = li_1 + appID + "/": null

2022-03-31 23:59:00 - [TEST_STEP][PASSED] - println("hrefApp : " + hrefApp): null

2022-03-31 23:59:00 - [TEST_STEP][PASSED] - if (ExecuteTC.equalsIgnoreCase("Y")): null

2022-03-31 23:59:00 - [TEST_STEP][PASSED] - out.println("Begin Record Number: " + row): null

2022-03-31 23:59:00 - [TEST_STEP][PASSED] - today = new java.util.Date(): null

2022-03-31 23:59:00 - [TEST_STEP][PASSED] - println(today): null

2022-03-31 23:59:00 - [TEST_STEP][PASSED] - datText = today: null

2022-03-31 23:59:00 - [TEST_STEP][PASSED] - adminSuiteBootstrap.loginFunctionality.login_AdminSuite(): adminSuiteBootstrap.loginFunctionality.login_AdminSuite is PASSED

2022-03-31 23:59:00 - [MESSAGE][INFO] - Starting 'Chrome' driver

2022-03-31 23:59:00 - [MESSAGE][INFO] - User set preference: ['acceptInsecureCerts', 'true']

2022-03-31 23:59:00 - [MESSAGE][INFO] - Action delay is set to 0 milliseconds

2022-03-31 23:59:02 - [MESSAGE][PASSED] - Browser is opened with url: 'https://qa.velocitypayment.com/admin/imtiaz'

2022-03-31 23:59:02 - [MESSAGE][PASSED] - Current window maximized

2022-03-31 23:59:03 - [MESSAGE][PASSED] - Object 'Object Repository/Login_Page/Login_Username' is present

2022-03-31 23:59:03 - [MESSAGE][PASSED] - Text 'iahmed' is set on object 'Object Repository/Login_Page/Login_Username'

2022-03-31 23:59:04 - [MESSAGE][PASSED] - Text 'hello2222' is set on object 'Object Repository/Login_Page/Login_Password'

2022-03-31 23:59:06 - [MESSAGE][PASSED] - Object: 'Object Repository/Login_Page/Login_Submit' is clicked on

2022-03-31 23:59:06 - [MESSAGE][PASSED] - adminSuiteBootstrap.loginFunctionality.login_AdminSuite is PASSED

2022-03-31 23:59:06 - [TEST_STEP][PASSED] - click(findTestObject(path_Dashboard + appName)): Object: 'Object Repository/AdminSuiteBootstrap_Pages/Dashboard_Bootstrap/a_Access AutoDualCFtpQA' is clicked on

2022-03-31 23:59:07 - [MESSAGE][PASSED] - Object: 'Object Repository/AdminSuiteBootstrap_Pages/Dashboard_Bootstrap/a_Access AutoDualCFtpQA' is clicked on

2022-03-31 23:59:07 - [TEST_STEP][PASSED] - click(findTestObject(path_VT + "button_Authorization  Capture (Sale)")): Object: 'Object Repository/AdminSuiteBootstrap_Pages/VT_Bootstrap/IssueTransactions/button_Authorization  Capture (Sale)' is clicked on

2022-03-31 23:59:08 - [MESSAGE][PASSED] - Object: 'Object Repository/AdminSuiteBootstrap_Pages/VT_Bootstrap/IssueTransactions/button_Authorization  Capture (Sale)' is clicked on

2022-03-31 23:59:08 - [TEST_STEP][PASSED] - saleKeyboardEntryLink = modifyObjectProperty(findTestObject(path_VT + "a_KeyboardEntry_Sale"), "href", "equals", hrefAppID, true): Modify property of object successfully

2022-03-31 23:59:08 - [MESSAGE][PASSED] - Modify property of object successfully

2022-03-31 23:59:08 - [TEST_STEP][PASSED] - click(saleKeyboardEntryLink): Object: 'Object Repository/AdminSuiteBootstrap_Pages/VT_Bootstrap/IssueTransactions/a_KeyboardEntry_Sale' is clicked on

2022-03-31 23:59:09 - [MESSAGE][PASSED] - Object: 'Object Repository/AdminSuiteBootstrap_Pages/VT_Bootstrap/IssueTransactions/a_KeyboardEntry_Sale' is clicked on

2022-03-31 23:59:09 - [TEST_STEP][PASSED] - adminSuiteBootstrap.virtualTerminalSetData.saleKeyboard_DataDriven(row, dataFile): adminSuiteBootstrap.virtualTerminalSetData.saleKeyboard_DataDriven is PASSED

2022-03-31 23:59:12 - [MESSAGE][PASSED] - Text 'Tulsi Raman' is set on object 'Object Repository/AdminSuiteBootstrap_Pages/VT_Bootstrap/SaleKeyboard/input_cardName'

2022-03-31 23:59:13 - [MESSAGE][PASSED] - All options with value 'RETL' are selected in object 'Object Repository/AdminSuiteBootstrap_Pages/VT_Bootstrap/SaleKeyboard/select_transactionCategory'  using regular expression

2022-03-31 23:59:13 - [MESSAGE][PASSED] - Execute JavaScript 'arguments[0].value ='4012000098765439' ' successfully

2022-03-31 23:59:14 - [MESSAGE][PASSED] - Execute JavaScript 'arguments[0].value ='123' ' successfully

2022-03-31 23:59:15 - [MESSAGE][PASSED] - All options with value '12' are selected in object 'Object Repository/AdminSuiteBootstrap_Pages/VT_Bootstrap/SaleKeyboard/select_MM'  using regular expression

2022-03-31 23:59:16 - [MESSAGE][PASSED] - All options with value '2025' are selected in object 'Object Repository/AdminSuiteBootstrap_Pages/VT_Bootstrap/SaleKeyboard/select_YYYY'  using regular expression

2022-03-31 23:59:16 - [MESSAGE][PASSED] - Text '36 Cornor Road' is set on object 'Object Repository/AdminSuiteBootstrap_Pages/VT_Bootstrap/SaleKeyboard/input__address'

2022-03-31 23:59:17 - [MESSAGE][PASSED] - Text 'Suite 500' is set on object 'Object Repository/AdminSuiteBootstrap_Pages/VT_Bootstrap/SaleKeyboard/input__address2'

2022-03-31 23:59:18 - [MESSAGE][PASSED] - Text '22201' is set on object 'Object Repository/AdminSuiteBootstrap_Pages/VT_Bootstrap/SaleKeyboard/input__zip'

2022-03-31 23:59:18 - [MESSAGE][PASSED] - Text '' is set on object 'Object Repository/AdminSuiteBootstrap_Pages/VT_Bootstrap/SaleKeyboard/input_emailAddress'

2022-03-31 23:59:19 - [MESSAGE][PASSED] - Text '' is set on object 'Object Repository/AdminSuiteBootstrap_Pages/VT_Bootstrap/SaleKeyboard/input_smsNumber'

2022-03-31 23:59:20 - [MESSAGE][PASSED] - Text '10.50' is set on object 'Object Repository/AdminSuiteBootstrap_Pages/VT_Bootstrap/SaleKeyboard/input_amount'

2022-03-31 23:59:21 - [MESSAGE][PASSED] - Text 'Australia' is set on object 'Object Repository/AdminSuiteBootstrap_Pages/VT_Bootstrap/SaleKeyboard/input_userDefined1'

2022-03-31 23:59:22 - [MESSAGE][PASSED] - Text 'Denmark' is set on object 'Object Repository/AdminSuiteBootstrap_Pages/VT_Bootstrap/SaleKeyboard/input_userDefined2'

2022-03-31 23:59:22 - [MESSAGE][PASSED] - Text 'Sweden' is set on object 'Object Repository/AdminSuiteBootstrap_Pages/VT_Bootstrap/SaleKeyboard/input_userDefined3'

2022-03-31 23:59:23 - [MESSAGE][PASSED] - Text 'Austria' is set on object 'Object Repository/AdminSuiteBootstrap_Pages/VT_Bootstrap/SaleKeyboard/input_userDefined4'

2022-03-31 23:59:24 - [MESSAGE][PASSED] - All options with label 'Orange' are selected in object 'Object Repository/AdminSuiteBootstrap_Pages/VT_Bootstrap/SaleKeyboard/select_UDF5_DropDown'  using regular expression

2022-03-31 23:59:25 - [MESSAGE][PASSED] - All options with label 'Yellow' are selected in object 'Object Repository/AdminSuiteBootstrap_Pages/VT_Bootstrap/SaleKeyboard/select_UDF6_DropDown'  using regular expression

2022-03-31 23:59:25 - [MESSAGE][PASSED] - Text 'Norway' is set on object 'Object Repository/AdminSuiteBootstrap_Pages/VT_Bootstrap/SaleKeyboard/input_userDefined7'

2022-03-31 23:59:26 - [MESSAGE][PASSED] - Text 'Netherlands' is set on object 'Object Repository/AdminSuiteBootstrap_Pages/VT_Bootstrap/SaleKeyboard/input_userDefined8'

2022-03-31 23:59:27 - [MESSAGE][PASSED] - Text 'Switzerland' is set on object 'Object Repository/AdminSuiteBootstrap_Pages/VT_Bootstrap/SaleKeyboard/input_userDefined9'

2022-03-31 23:59:27 - [MESSAGE][PASSED] - Text 'France' is set on object 'Object Repository/AdminSuiteBootstrap_Pages/VT_Bootstrap/SaleKeyboard/input_userDefined10'

2022-03-31 23:59:29 - [MESSAGE][PASSED] - Object: 'Object Repository/AdminSuiteBootstrap_Pages/VT_Bootstrap/SaleKeyboard/button_Submit' is clicked on

2022-03-31 23:59:29 - [MESSAGE][PASSED] - adminSuiteBootstrap.virtualTerminalSetData.saleKeyboard_DataDriven is PASSED

2022-03-31 23:59:29 - [TEST_STEP][PASSED] - if (verifyTextPresent("Transaction Successful", true)): null

2022-03-31 23:59:30 - [MESSAGE][PASSED] - Text 'Transaction Successful' is present on page  using regular expression

2022-03-31 23:59:30 - [TEST_STEP][PASSED] - sdf = getText(findTestObject(path_Receipt + "td_AutoNoC031622113752957Ahm")): Text of object 'Object Repository/AdminSuiteBootstrap_Pages/VT_Bootstrap/Receipt/td_AutoNoC031622113752957Ahm' is: 'AutoDua033122235721486Ahm'

2022-03-31 23:59:30 - [MESSAGE][PASSED] - Text of object 'Object Repository/AdminSuiteBootstrap_Pages/VT_Bootstrap/Receipt/td_AutoNoC031622113752957Ahm' is: 'AutoDua033122235721486Ahm'

2022-03-31 23:59:30 - [TEST_STEP][PASSED] - out.println("sdf: " + sdf): null

2022-03-31 23:59:30 - [TEST_STEP][PASSED] - remID = sdf: null

2022-03-31 23:59:30 - [TEST_STEP][PASSED] - out.println("remID: " + remID): null

2022-03-31 23:59:30 - [TEST_STEP][PASSED] - click(findTestObject(path_Receipt + "button_Continue")): Object: 'Object Repository/AdminSuiteBootstrap_Pages/VT_Bootstrap/Receipt/button_Continue' is clicked on

2022-03-31 23:59:31 - [MESSAGE][PASSED] - Object: 'Object Repository/AdminSuiteBootstrap_Pages/VT_Bootstrap/Receipt/button_Continue' is clicked on

2022-03-31 23:59:31 - [TEST_STEP][PASSED] - click(findTestObject(path_VT + "a_Search Transactions")): Object: 'Object Repository/AdminSuiteBootstrap_Pages/VT_Bootstrap/IssueTransactions/a_Search Transactions' is clicked on

2022-03-31 23:59:32 - [MESSAGE][PASSED] - Object: 'Object Repository/AdminSuiteBootstrap_Pages/VT_Bootstrap/IssueTransactions/a_Search Transactions' is clicked on

2022-03-31 23:59:32 - [TEST_STEP][PASSED] - setText(findTestObject(path_CCSearch + "input_Search By_searchValue"), remID): Text 'AutoDua033122235721486Ahm' is set on object 'Object Repository/AdminSuiteBootstrap_Pages/VT_Bootstrap/CCCreditOrVoidSearch/input_Search By_searchValue'

2022-03-31 23:59:33 - [MESSAGE][PASSED] - Text 'AutoDua033122235721486Ahm' is set on object 'Object Repository/AdminSuiteBootstrap_Pages/VT_Bootstrap/CCCreditOrVoidSearch/input_Search By_searchValue'

2022-03-31 23:59:33 - [TEST_STEP][PASSED] - click(findTestObject(path_CCSearch + "button_Submit")): Object: 'Object Repository/AdminSuiteBootstrap_Pages/VT_Bootstrap/CCCreditOrVoidSearch/button_Submit' is clicked on

2022-03-31 23:59:34 - [MESSAGE][PASSED] - Object: 'Object Repository/AdminSuiteBootstrap_Pages/VT_Bootstrap/CCCreditOrVoidSearch/button_Submit' is clicked on

2022-03-31 23:59:34 - [TEST_STEP][PASSED] - fgr = getText(findTestObject(path_SearchResults + "div_Payment ID")): Text of object 'Object Repository/AdminSuiteBootstrap_Pages/VT_Bootstrap/SearchResults/div_Payment ID' is: 'Payment ID
Payment Type
Transaction Type
Remittance ID
Name
Total Amount
End Date
Status
12114241 Credit Card Authorization and Capture AutoDua033122235721486Ahm Tulsi Raman $10.50 03/31/2022 Success'

2022-03-31 23:59:34 - [MESSAGE][PASSED] - Text of object 'Object Repository/AdminSuiteBootstrap_Pages/VT_Bootstrap/SearchResults/div_Payment ID' is: 'Payment ID
Payment Type
Transaction Type
Remittance ID
Name
Total Amount
End Date
Status
12114241 Credit Card Authorization and Capture AutoDua033122235721486Ahm Tulsi Raman $10.50 03/31/2022 Success'

2022-03-31 23:59:34 - [TEST_STEP][PASSED] - payID = substring(89, 98).trim(): null

2022-03-31 23:59:34 - [TEST_STEP][PASSED] - out.println("payID: " + payID): null

2022-03-31 23:59:34 - [TEST_STEP][PASSED] - click(findTestObject(path_SearchResults + "button_PaymentID")): Object: 'Object Repository/AdminSuiteBootstrap_Pages/VT_Bootstrap/SearchResults/button_PaymentID' is clicked on

2022-03-31 23:59:35 - [MESSAGE][PASSED] - Object: 'Object Repository/AdminSuiteBootstrap_Pages/VT_Bootstrap/SearchResults/button_PaymentID' is clicked on

2022-03-31 23:59:35 - [TEST_STEP][PASSED] - verifyTextPresent("Tender Type", true): Text 'Tender Type' is present on page  using regular expression

2022-03-31 23:59:35 - [MESSAGE][PASSED] - Text 'Tender Type' is present on page  using regular expression

2022-03-31 23:59:35 - [TEST_STEP][PASSED] - verifyTextPresent("Credit Card", true): Text 'Credit Card' is present on page  using regular expression

2022-03-31 23:59:36 - [MESSAGE][PASSED] - Text 'Credit Card' is present on page  using regular expression

2022-03-31 23:59:36 - [TEST_STEP][PASSED] - verifyTextPresent("Transaction Type", true): Text 'Transaction Type' is present on page  using regular expression

2022-03-31 23:59:36 - [MESSAGE][PASSED] - Text 'Transaction Type' is present on page  using regular expression

2022-03-31 23:59:36 - [TEST_STEP][PASSED] - verifyTextPresent("Authorization and Capture", true): Text 'Authorization and Capture' is present on page  using regular expression

2022-03-31 23:59:36 - [MESSAGE][PASSED] - Text 'Authorization and Capture' is present on page  using regular expression

2022-03-31 23:59:36 - [TEST_STEP][PASSED] - verifyTextPresent("Transaction Posted by", true): Text 'Transaction Posted by' is present on page  using regular expression

2022-03-31 23:59:37 - [MESSAGE][PASSED] - Text 'Transaction Posted by' is present on page  using regular expression

2022-03-31 23:59:37 - [TEST_STEP][PASSED] - verifyTextPresent("iahmed", true): Text 'iahmed' is present on page  using regular expression

2022-03-31 23:59:37 - [MESSAGE][PASSED] - Text 'iahmed' is present on page  using regular expression

2022-03-31 23:59:37 - [TEST_STEP][PASSED] - click(findTestObject(path_TranxDetails + "a_Credit this transaction")): Object: 'Object Repository/AdminSuiteBootstrap_Pages/VT_Bootstrap/TransactionDetails/a_Credit this transaction' is clicked on

2022-03-31 23:59:39 - [MESSAGE][PASSED] - Object: 'Object Repository/AdminSuiteBootstrap_Pages/VT_Bootstrap/TransactionDetails/a_Credit this transaction' is clicked on

2022-03-31 23:59:39 - [TEST_STEP][PASSED] - verifyTextPresent("Credit Card Credit", true): Text 'Credit Card Credit' is present on page  using regular expression

2022-03-31 23:59:40 - [MESSAGE][PASSED] - Text 'Credit Card Credit' is present on page  using regular expression

2022-03-31 23:59:40 - [TEST_STEP][PASSED] - click(findTestObject(path_TranxDetails + "button_Submit")): Object: 'Object Repository/AdminSuiteBootstrap_Pages/VT_Bootstrap/TransactionDetails/button_Submit' is clicked on

2022-03-31 23:59:41 - [MESSAGE][PASSED] - Object: 'Object Repository/AdminSuiteBootstrap_Pages/VT_Bootstrap/TransactionDetails/button_Submit' is clicked on

2022-03-31 23:59:41 - [TEST_STEP][PASSED] - verifyTextPresent("Transaction Successful", true): Text 'Transaction Successful' is present on page  using regular expression

2022-03-31 23:59:42 - [MESSAGE][PASSED] - Text 'Transaction Successful' is present on page  using regular expression

2022-03-31 23:59:42 - [TEST_STEP][PASSED] - verifyTextPresent("Transaction Type", true): Text 'Transaction Type' is present on page  using regular expression

2022-03-31 23:59:42 - [MESSAGE][PASSED] - Text 'Transaction Type' is present on page  using regular expression

2022-03-31 23:59:42 - [TEST_STEP][PASSED] - verifyTextPresent("Credit", true): Text 'Credit' is present on page  using regular expression

2022-03-31 23:59:43 - [MESSAGE][PASSED] - Text 'Credit' is present on page  using regular expression

2022-03-31 23:59:43 - [TEST_STEP][PASSED] - closeBrowser(): Browser is closed

2022-03-31 23:59:43 - [MESSAGE][PASSED] - Browser is closed

2022-03-31 23:59:43 - [TEST_STEP][PASSED] - ExecuteTC = findTestData(dataFile).getValue("Execute", row): null

2022-03-31 23:59:44 - [TEST_STEP][PASSED] - out.println("Value of Execute is : " + ExecuteTC): null

2022-03-31 23:59:44 - [TEST_STEP][PASSED] - switch (executionProfile): null

2022-03-31 23:59:44 - [TEST_STEP][PASSED] - case "QAProfile":: null

2022-03-31 23:59:44 - [TEST_STEP][PASSED] - appName = findTestData(dataFile).getValue("AppNameQA", row): null

2022-03-31 23:59:44 - [TEST_STEP][PASSED] - appID = findTestData(dataFile).getValue("AppIDQA", row): null

2022-03-31 23:59:44 - [TEST_STEP][PASSED] - break: null

2022-03-31 23:59:44 - [TEST_STEP][PASSED] - hrefAppID = li_1 + appID + li_2: null

2022-03-31 23:59:44 - [TEST_STEP][PASSED] - hrefApp = li_1 + appID + "/": null

2022-03-31 23:59:44 - [TEST_STEP][PASSED] - println("hrefApp : " + hrefApp): null

2022-03-31 23:59:44 - [TEST_STEP][PASSED] - if (ExecuteTC.equalsIgnoreCase("Y")): null

2022-03-31 23:59:44 - [TEST_STEP][PASSED] - out.println("Begin Record Number: " + row): null

2022-03-31 23:59:44 - [TEST_STEP][PASSED] - today = new java.util.Date(): null

2022-03-31 23:59:44 - [TEST_STEP][PASSED] - println(today): null

2022-03-31 23:59:44 - [TEST_STEP][PASSED] - datText = today: null

2022-03-31 23:59:44 - [TEST_STEP][PASSED] - adminSuiteBootstrap.loginFunctionality.login_AdminSuite(): adminSuiteBootstrap.loginFunctionality.login_AdminSuite is PASSED

2022-03-31 23:59:44 - [MESSAGE][INFO] - Starting 'Chrome' driver

2022-03-31 23:59:44 - [MESSAGE][INFO] - User set preference: ['acceptInsecureCerts', 'true']

2022-03-31 23:59:44 - [MESSAGE][INFO] - Action delay is set to 0 milliseconds

2022-03-31 23:59:46 - [MESSAGE][PASSED] - Browser is opened with url: 'https://qa.velocitypayment.com/admin/imtiaz'

2022-03-31 23:59:46 - [MESSAGE][PASSED] - Current window maximized

2022-03-31 23:59:46 - [MESSAGE][PASSED] - Object 'Object Repository/Login_Page/Login_Username' is present

2022-03-31 23:59:47 - [MESSAGE][PASSED] - Text 'iahmed' is set on object 'Object Repository/Login_Page/Login_Username'

2022-03-31 23:59:48 - [MESSAGE][PASSED] - Text 'hello2222' is set on object 'Object Repository/Login_Page/Login_Password'

2022-03-31 23:59:53 - [MESSAGE][PASSED] - Object: 'Object Repository/Login_Page/Login_Submit' is clicked on

2022-03-31 23:59:53 - [MESSAGE][PASSED] - adminSuiteBootstrap.loginFunctionality.login_AdminSuite is PASSED

2022-03-31 23:59:53 - [TEST_STEP][PASSED] - click(findTestObject(path_Dashboard + appName)): Object: 'Object Repository/AdminSuiteBootstrap_Pages/Dashboard_Bootstrap/a_Access AutoDualCFtpQA' is clicked on

2022-03-31 23:59:54 - [MESSAGE][PASSED] - Object: 'Object Repository/AdminSuiteBootstrap_Pages/Dashboard_Bootstrap/a_Access AutoDualCFtpQA' is clicked on

2022-03-31 23:59:54 - [TEST_STEP][PASSED] - click(findTestObject(path_VT + "button_Authorization  Capture (Sale)")): Object: 'Object Repository/AdminSuiteBootstrap_Pages/VT_Bootstrap/IssueTransactions/button_Authorization  Capture (Sale)' is clicked on

2022-03-31 23:59:54 - [MESSAGE][PASSED] - Object: 'Object Repository/AdminSuiteBootstrap_Pages/VT_Bootstrap/IssueTransactions/button_Authorization  Capture (Sale)' is clicked on

2022-03-31 23:59:54 - [TEST_STEP][PASSED] - saleKeyboardEntryLink = modifyObjectProperty(findTestObject(path_VT + "a_KeyboardEntry_Sale"), "href", "equals", hrefAppID, true): Modify property of object successfully

2022-03-31 23:59:55 - [MESSAGE][PASSED] - Modify property of object successfully

2022-03-31 23:59:55 - [TEST_STEP][PASSED] - click(saleKeyboardEntryLink): Object: 'Object Repository/AdminSuiteBootstrap_Pages/VT_Bootstrap/IssueTransactions/a_KeyboardEntry_Sale' is clicked on

2022-03-31 23:59:55 - [MESSAGE][PASSED] - Object: 'Object Repository/AdminSuiteBootstrap_Pages/VT_Bootstrap/IssueTransactions/a_KeyboardEntry_Sale' is clicked on

2022-03-31 23:59:55 - [TEST_STEP][PASSED] - adminSuiteBootstrap.virtualTerminalSetData.saleKeyboard_DataDriven(row, dataFile): adminSuiteBootstrap.virtualTerminalSetData.saleKeyboard_DataDriven is PASSED

2022-03-31 23:59:58 - [MESSAGE][PASSED] - Text 'Tulsi Raman' is set on object 'Object Repository/AdminSuiteBootstrap_Pages/VT_Bootstrap/SaleKeyboard/input_cardName'

2022-03-31 23:59:59 - [MESSAGE][PASSED] - All options with value 'RETL' are selected in object 'Object Repository/AdminSuiteBootstrap_Pages/VT_Bootstrap/SaleKeyboard/select_transactionCategory'  using regular expression

2022-04-01 00:00:00 - [MESSAGE][PASSED] - Execute JavaScript 'arguments[0].value ='5146312200000035' ' successfully

2022-04-01 00:00:00 - [MESSAGE][PASSED] - Execute JavaScript 'arguments[0].value ='123' ' successfully

2022-04-01 00:00:01 - [MESSAGE][PASSED] - All options with value '12' are selected in object 'Object Repository/AdminSuiteBootstrap_Pages/VT_Bootstrap/SaleKeyboard/select_MM'  using regular expression

2022-04-01 00:00:02 - [MESSAGE][PASSED] - All options with value '2025' are selected in object 'Object Repository/AdminSuiteBootstrap_Pages/VT_Bootstrap/SaleKeyboard/select_YYYY'  using regular expression

2022-04-01 00:00:03 - [MESSAGE][PASSED] - Text '1478 Jhatka Palace' is set on object 'Object Repository/AdminSuiteBootstrap_Pages/VT_Bootstrap/SaleKeyboard/input__address'

2022-04-01 00:00:04 - [MESSAGE][PASSED] - Text 'Suite 500' is set on object 'Object Repository/AdminSuiteBootstrap_Pages/VT_Bootstrap/SaleKeyboard/input__address2'

2022-04-01 00:00:05 - [MESSAGE][PASSED] - Text '22201' is set on object 'Object Repository/AdminSuiteBootstrap_Pages/VT_Bootstrap/SaleKeyboard/input__zip'

2022-04-01 00:00:05 - [MESSAGE][PASSED] - Text '' is set on object 'Object Repository/AdminSuiteBootstrap_Pages/VT_Bootstrap/SaleKeyboard/input_emailAddress'

2022-04-01 00:00:07 - [MESSAGE][PASSED] - Text '' is set on object 'Object Repository/AdminSuiteBootstrap_Pages/VT_Bootstrap/SaleKeyboard/input_smsNumber'

2022-04-01 00:00:07 - [MESSAGE][PASSED] - Text '10.50' is set on object 'Object Repository/AdminSuiteBootstrap_Pages/VT_Bootstrap/SaleKeyboard/input_amount'

2022-04-01 00:00:08 - [MESSAGE][PASSED] - Text 'Australia' is set on object 'Object Repository/AdminSuiteBootstrap_Pages/VT_Bootstrap/SaleKeyboard/input_userDefined1'

2022-04-01 00:00:09 - [MESSAGE][PASSED] - Text 'Denmark' is set on object 'Object Repository/AdminSuiteBootstrap_Pages/VT_Bootstrap/SaleKeyboard/input_userDefined2'

2022-04-01 00:00:10 - [MESSAGE][PASSED] - Text 'Sweden' is set on object 'Object Repository/AdminSuiteBootstrap_Pages/VT_Bootstrap/SaleKeyboard/input_userDefined3'

2022-04-01 00:00:10 - [MESSAGE][PASSED] - Text 'Austria' is set on object 'Object Repository/AdminSuiteBootstrap_Pages/VT_Bootstrap/SaleKeyboard/input_userDefined4'

2022-04-01 00:00:11 - [MESSAGE][PASSED] - All options with label 'Orange' are selected in object 'Object Repository/AdminSuiteBootstrap_Pages/VT_Bootstrap/SaleKeyboard/select_UDF5_DropDown'  using regular expression

2022-04-01 00:00:12 - [MESSAGE][PASSED] - All options with label 'Yellow' are selected in object 'Object Repository/AdminSuiteBootstrap_Pages/VT_Bootstrap/SaleKeyboard/select_UDF6_DropDown'  using regular expression

2022-04-01 00:00:13 - [MESSAGE][PASSED] - Text 'Norway' is set on object 'Object Repository/AdminSuiteBootstrap_Pages/VT_Bootstrap/SaleKeyboard/input_userDefined7'

2022-04-01 00:00:14 - [MESSAGE][PASSED] - Text 'Netherlands' is set on object 'Object Repository/AdminSuiteBootstrap_Pages/VT_Bootstrap/SaleKeyboard/input_userDefined8'

2022-04-01 00:00:15 - [MESSAGE][PASSED] - Text 'Switzerland' is set on object 'Object Repository/AdminSuiteBootstrap_Pages/VT_Bootstrap/SaleKeyboard/input_userDefined9'

2022-04-01 00:00:15 - [MESSAGE][PASSED] - Text 'France' is set on object 'Object Repository/AdminSuiteBootstrap_Pages/VT_Bootstrap/SaleKeyboard/input_userDefined10'

2022-04-01 00:00:18 - [MESSAGE][PASSED] - Object: 'Object Repository/AdminSuiteBootstrap_Pages/VT_Bootstrap/SaleKeyboard/button_Submit' is clicked on

2022-04-01 00:00:18 - [MESSAGE][PASSED] - adminSuiteBootstrap.virtualTerminalSetData.saleKeyboard_DataDriven is PASSED

2022-04-01 00:00:18 - [TEST_STEP][PASSED] - if (verifyTextPresent("Transaction Successful", true)): null

2022-04-01 00:00:18 - [MESSAGE][PASSED] - Text 'Transaction Successful' is present on page  using regular expression

2022-04-01 00:00:18 - [TEST_STEP][PASSED] - sdf = getText(findTestObject(path_Receipt + "td_AutoNoC031622113752957Ahm")): Text of object 'Object Repository/AdminSuiteBootstrap_Pages/VT_Bootstrap/Receipt/td_AutoNoC031622113752957Ahm' is: 'AutoDua033122235808230Ahm'

2022-04-01 00:00:18 - [MESSAGE][PASSED] - Text of object 'Object Repository/AdminSuiteBootstrap_Pages/VT_Bootstrap/Receipt/td_AutoNoC031622113752957Ahm' is: 'AutoDua033122235808230Ahm'

2022-04-01 00:00:18 - [TEST_STEP][PASSED] - out.println("sdf: " + sdf): null

2022-04-01 00:00:18 - [TEST_STEP][PASSED] - remID = sdf: null

2022-04-01 00:00:18 - [TEST_STEP][PASSED] - out.println("remID: " + remID): null

2022-04-01 00:00:18 - [TEST_STEP][PASSED] - click(findTestObject(path_Receipt + "button_Continue")): Object: 'Object Repository/AdminSuiteBootstrap_Pages/VT_Bootstrap/Receipt/button_Continue' is clicked on

2022-04-01 00:00:19 - [MESSAGE][PASSED] - Object: 'Object Repository/AdminSuiteBootstrap_Pages/VT_Bootstrap/Receipt/button_Continue' is clicked on

2022-04-01 00:00:19 - [TEST_STEP][PASSED] - click(findTestObject(path_VT + "a_Search Transactions")): Object: 'Object Repository/AdminSuiteBootstrap_Pages/VT_Bootstrap/IssueTransactions/a_Search Transactions' is clicked on

2022-04-01 00:00:20 - [MESSAGE][PASSED] - Object: 'Object Repository/AdminSuiteBootstrap_Pages/VT_Bootstrap/IssueTransactions/a_Search Transactions' is clicked on

2022-04-01 00:00:20 - [TEST_STEP][PASSED] - setText(findTestObject(path_CCSearch + "input_Search By_searchValue"), remID): Text 'AutoDua033122235808230Ahm' is set on object 'Object Repository/AdminSuiteBootstrap_Pages/VT_Bootstrap/CCCreditOrVoidSearch/input_Search By_searchValue'

2022-04-01 00:00:21 - [MESSAGE][PASSED] - Text 'AutoDua033122235808230Ahm' is set on object 'Object Repository/AdminSuiteBootstrap_Pages/VT_Bootstrap/CCCreditOrVoidSearch/input_Search By_searchValue'

2022-04-01 00:00:21 - [TEST_STEP][PASSED] - click(findTestObject(path_CCSearch + "button_Submit")): Object: 'Object Repository/AdminSuiteBootstrap_Pages/VT_Bootstrap/CCCreditOrVoidSearch/button_Submit' is clicked on

2022-04-01 00:00:22 - [MESSAGE][PASSED] - Object: 'Object Repository/AdminSuiteBootstrap_Pages/VT_Bootstrap/CCCreditOrVoidSearch/button_Submit' is clicked on

2022-04-01 00:00:22 - [TEST_STEP][PASSED] - fgr = getText(findTestObject(path_SearchResults + "div_Payment ID")): Text of object 'Object Repository/AdminSuiteBootstrap_Pages/VT_Bootstrap/SearchResults/div_Payment ID' is: 'Payment ID
Payment Type
Transaction Type
Remittance ID
Name
Total Amount
End Date
Status
12114244 Credit Card Authorization and Capture AutoDua033122235808230Ahm Tulsi Raman $10.50 03/31/2022 Success'

2022-04-01 00:00:22 - [MESSAGE][PASSED] - Text of object 'Object Repository/AdminSuiteBootstrap_Pages/VT_Bootstrap/SearchResults/div_Payment ID' is: 'Payment ID
Payment Type
Transaction Type
Remittance ID
Name
Total Amount
End Date
Status
12114244 Credit Card Authorization and Capture AutoDua033122235808230Ahm Tulsi Raman $10.50 03/31/2022 Success'

2022-04-01 00:00:22 - [TEST_STEP][PASSED] - payID = substring(89, 98).trim(): null

2022-04-01 00:00:22 - [TEST_STEP][PASSED] - out.println("payID: " + payID): null

2022-04-01 00:00:22 - [TEST_STEP][PASSED] - click(findTestObject(path_SearchResults + "button_PaymentID")): Object: 'Object Repository/AdminSuiteBootstrap_Pages/VT_Bootstrap/SearchResults/button_PaymentID' is clicked on

2022-04-01 00:00:23 - [MESSAGE][PASSED] - Object: 'Object Repository/AdminSuiteBootstrap_Pages/VT_Bootstrap/SearchResults/button_PaymentID' is clicked on

2022-04-01 00:00:23 - [TEST_STEP][PASSED] - verifyTextPresent("Tender Type", true): Text 'Tender Type' is present on page  using regular expression

2022-04-01 00:00:24 - [MESSAGE][PASSED] - Text 'Tender Type' is present on page  using regular expression

2022-04-01 00:00:24 - [TEST_STEP][PASSED] - verifyTextPresent("Credit Card", true): Text 'Credit Card' is present on page  using regular expression

2022-04-01 00:00:24 - [MESSAGE][PASSED] - Text 'Credit Card' is present on page  using regular expression

2022-04-01 00:00:24 - [TEST_STEP][PASSED] - verifyTextPresent("Transaction Type", true): Text 'Transaction Type' is present on page  using regular expression

2022-04-01 00:00:25 - [MESSAGE][PASSED] - Text 'Transaction Type' is present on page  using regular expression

2022-04-01 00:00:25 - [TEST_STEP][PASSED] - verifyTextPresent("Authorization and Capture", true): Text 'Authorization and Capture' is present on page  using regular expression

2022-04-01 00:00:25 - [MESSAGE][PASSED] - Text 'Authorization and Capture' is present on page  using regular expression

2022-04-01 00:00:25 - [TEST_STEP][PASSED] - verifyTextPresent("Transaction Posted by", true): Text 'Transaction Posted by' is present on page  using regular expression

2022-04-01 00:00:25 - [MESSAGE][PASSED] - Text 'Transaction Posted by' is present on page  using regular expression

2022-04-01 00:00:25 - [TEST_STEP][PASSED] - verifyTextPresent("iahmed", true): Text 'iahmed' is present on page  using regular expression

2022-04-01 00:00:26 - [MESSAGE][PASSED] - Text 'iahmed' is present on page  using regular expression

2022-04-01 00:00:26 - [TEST_STEP][PASSED] - click(findTestObject(path_TranxDetails + "a_Credit this transaction")): Object: 'Object Repository/AdminSuiteBootstrap_Pages/VT_Bootstrap/TransactionDetails/a_Credit this transaction' is clicked on

2022-04-01 00:00:27 - [MESSAGE][PASSED] - Object: 'Object Repository/AdminSuiteBootstrap_Pages/VT_Bootstrap/TransactionDetails/a_Credit this transaction' is clicked on

2022-04-01 00:00:27 - [TEST_STEP][PASSED] - verifyTextPresent("Credit Card Credit", true): Text 'Credit Card Credit' is present on page  using regular expression

2022-04-01 00:00:28 - [MESSAGE][PASSED] - Text 'Credit Card Credit' is present on page  using regular expression

2022-04-01 00:00:28 - [TEST_STEP][PASSED] - click(findTestObject(path_TranxDetails + "button_Submit")): Object: 'Object Repository/AdminSuiteBootstrap_Pages/VT_Bootstrap/TransactionDetails/button_Submit' is clicked on

2022-04-01 00:00:29 - [MESSAGE][PASSED] - Object: 'Object Repository/AdminSuiteBootstrap_Pages/VT_Bootstrap/TransactionDetails/button_Submit' is clicked on

2022-04-01 00:00:29 - [TEST_STEP][PASSED] - verifyTextPresent("Transaction Successful", true): Text 'Transaction Successful' is present on page  using regular expression

2022-04-01 00:00:30 - [MESSAGE][PASSED] - Text 'Transaction Successful' is present on page  using regular expression

2022-04-01 00:00:30 - [TEST_STEP][PASSED] - verifyTextPresent("Transaction Type", true): Text 'Transaction Type' is present on page  using regular expression

2022-04-01 00:00:30 - [MESSAGE][PASSED] - Text 'Transaction Type' is present on page  using regular expression

2022-04-01 00:00:30 - [TEST_STEP][PASSED] - verifyTextPresent("Credit", true): Text 'Credit' is present on page  using regular expression

2022-04-01 00:00:30 - [MESSAGE][PASSED] - Text 'Credit' is present on page  using regular expression

2022-04-01 00:00:30 - [TEST_STEP][PASSED] - closeBrowser(): Browser is closed

2022-04-01 00:00:31 - [MESSAGE][PASSED] - Browser is closed

2022-04-01 00:00:31 - [TEST_STEP][PASSED] - ExecuteTC = findTestData(dataFile).getValue("Execute", row): null

2022-04-01 00:00:31 - [TEST_STEP][PASSED] - out.println("Value of Execute is : " + ExecuteTC): null

2022-04-01 00:00:31 - [TEST_STEP][PASSED] - switch (executionProfile): null

2022-04-01 00:00:31 - [TEST_STEP][PASSED] - case "QAProfile":: null

2022-04-01 00:00:31 - [TEST_STEP][PASSED] - appName = findTestData(dataFile).getValue("AppNameQA", row): null

2022-04-01 00:00:32 - [TEST_STEP][PASSED] - appID = findTestData(dataFile).getValue("AppIDQA", row): null

2022-04-01 00:00:32 - [TEST_STEP][PASSED] - break: null

2022-04-01 00:00:32 - [TEST_STEP][PASSED] - hrefAppID = li_1 + appID + li_2: null

2022-04-01 00:00:32 - [TEST_STEP][PASSED] - hrefApp = li_1 + appID + "/": null

2022-04-01 00:00:32 - [TEST_STEP][PASSED] - println("hrefApp : " + hrefApp): null

2022-04-01 00:00:32 - [TEST_STEP][PASSED] - if (ExecuteTC.equalsIgnoreCase("Y")): null

2022-04-01 00:00:32 - [TEST_STEP][PASSED] - out.println("Begin Record Number: " + row): null

2022-04-01 00:00:32 - [TEST_STEP][PASSED] - today = new java.util.Date(): null

2022-04-01 00:00:32 - [TEST_STEP][PASSED] - println(today): null

2022-04-01 00:00:32 - [TEST_STEP][PASSED] - datText = today: null

2022-04-01 00:00:32 - [TEST_STEP][PASSED] - adminSuiteBootstrap.loginFunctionality.login_AdminSuite(): adminSuiteBootstrap.loginFunctionality.login_AdminSuite is PASSED

2022-04-01 00:00:32 - [MESSAGE][INFO] - Starting 'Chrome' driver

2022-04-01 00:00:32 - [MESSAGE][INFO] - User set preference: ['acceptInsecureCerts', 'true']

2022-04-01 00:00:32 - [MESSAGE][INFO] - Action delay is set to 0 milliseconds

2022-04-01 00:00:34 - [MESSAGE][PASSED] - Browser is opened with url: 'https://qa.velocitypayment.com/admin/imtiaz'

2022-04-01 00:00:34 - [MESSAGE][PASSED] - Current window maximized

2022-04-01 00:00:35 - [MESSAGE][PASSED] - Object 'Object Repository/Login_Page/Login_Username' is present

2022-04-01 00:00:35 - [MESSAGE][PASSED] - Text 'iahmed' is set on object 'Object Repository/Login_Page/Login_Username'

2022-04-01 00:00:36 - [MESSAGE][PASSED] - Text 'hello2222' is set on object 'Object Repository/Login_Page/Login_Password'

2022-04-01 00:00:39 - [MESSAGE][PASSED] - Object: 'Object Repository/Login_Page/Login_Submit' is clicked on

2022-04-01 00:00:39 - [MESSAGE][PASSED] - adminSuiteBootstrap.loginFunctionality.login_AdminSuite is PASSED

2022-04-01 00:00:39 - [TEST_STEP][PASSED] - click(findTestObject(path_Dashboard + appName)): Object: 'Object Repository/AdminSuiteBootstrap_Pages/Dashboard_Bootstrap/a_Access AutoDualCFtpQA' is clicked on

2022-04-01 00:00:40 - [MESSAGE][PASSED] - Object: 'Object Repository/AdminSuiteBootstrap_Pages/Dashboard_Bootstrap/a_Access AutoDualCFtpQA' is clicked on

2022-04-01 00:00:40 - [TEST_STEP][PASSED] - click(findTestObject(path_VT + "button_Authorization  Capture (Sale)")): Object: 'Object Repository/AdminSuiteBootstrap_Pages/VT_Bootstrap/IssueTransactions/button_Authorization  Capture (Sale)' is clicked on

2022-04-01 00:00:41 - [MESSAGE][PASSED] - Object: 'Object Repository/AdminSuiteBootstrap_Pages/VT_Bootstrap/IssueTransactions/button_Authorization  Capture (Sale)' is clicked on

2022-04-01 00:00:41 - [TEST_STEP][PASSED] - saleKeyboardEntryLink = modifyObjectProperty(findTestObject(path_VT + "a_KeyboardEntry_Sale"), "href", "equals", hrefAppID, true): Modify property of object successfully

2022-04-01 00:00:41 - [MESSAGE][PASSED] - Modify property of object successfully

2022-04-01 00:00:41 - [TEST_STEP][PASSED] - click(saleKeyboardEntryLink): Object: 'Object Repository/AdminSuiteBootstrap_Pages/VT_Bootstrap/IssueTransactions/a_KeyboardEntry_Sale' is clicked on

2022-04-01 00:00:42 - [MESSAGE][PASSED] - Object: 'Object Repository/AdminSuiteBootstrap_Pages/VT_Bootstrap/IssueTransactions/a_KeyboardEntry_Sale' is clicked on

2022-04-01 00:00:42 - [TEST_STEP][PASSED] - adminSuiteBootstrap.virtualTerminalSetData.saleKeyboard_DataDriven(row, dataFile): adminSuiteBootstrap.virtualTerminalSetData.saleKeyboard_DataDriven is PASSED

2022-04-01 00:00:44 - [MESSAGE][PASSED] - Text 'Tulsi Raman' is set on object 'Object Repository/AdminSuiteBootstrap_Pages/VT_Bootstrap/SaleKeyboard/input_cardName'

2022-04-01 00:00:45 - [MESSAGE][PASSED] - All options with value 'RETL' are selected in object 'Object Repository/AdminSuiteBootstrap_Pages/VT_Bootstrap/SaleKeyboard/select_transactionCategory'  using regular expression

2022-04-01 00:00:46 - [MESSAGE][PASSED] - Execute JavaScript 'arguments[0].value ='371449635392376' ' successfully

2022-04-01 00:00:46 - [MESSAGE][PASSED] - Execute JavaScript 'arguments[0].value ='123' ' successfully

2022-04-01 00:00:47 - [MESSAGE][PASSED] - All options with value '12' are selected in object 'Object Repository/AdminSuiteBootstrap_Pages/VT_Bootstrap/SaleKeyboard/select_MM'  using regular expression

2022-04-01 00:00:49 - [MESSAGE][PASSED] - All options with value '2025' are selected in object 'Object Repository/AdminSuiteBootstrap_Pages/VT_Bootstrap/SaleKeyboard/select_YYYY'  using regular expression

2022-04-01 00:00:49 - [MESSAGE][PASSED] - Text '550 Swan Lake' is set on object 'Object Repository/AdminSuiteBootstrap_Pages/VT_Bootstrap/SaleKeyboard/input__address'

2022-04-01 00:00:50 - [MESSAGE][PASSED] - Text 'Suite 500' is set on object 'Object Repository/AdminSuiteBootstrap_Pages/VT_Bootstrap/SaleKeyboard/input__address2'

2022-04-01 00:00:51 - [MESSAGE][PASSED] - Text '22201' is set on object 'Object Repository/AdminSuiteBootstrap_Pages/VT_Bootstrap/SaleKeyboard/input__zip'

2022-04-01 00:00:51 - [MESSAGE][PASSED] - Text '' is set on object 'Object Repository/AdminSuiteBootstrap_Pages/VT_Bootstrap/SaleKeyboard/input_emailAddress'

2022-04-01 00:00:53 - [MESSAGE][PASSED] - Text '' is set on object 'Object Repository/AdminSuiteBootstrap_Pages/VT_Bootstrap/SaleKeyboard/input_smsNumber'

2022-04-01 00:00:53 - [MESSAGE][PASSED] - Text '10.50' is set on object 'Object Repository/AdminSuiteBootstrap_Pages/VT_Bootstrap/SaleKeyboard/input_amount'

2022-04-01 00:00:54 - [MESSAGE][PASSED] - Text 'Australia' is set on object 'Object Repository/AdminSuiteBootstrap_Pages/VT_Bootstrap/SaleKeyboard/input_userDefined1'

2022-04-01 00:00:55 - [MESSAGE][PASSED] - Text 'Denmark' is set on object 'Object Repository/AdminSuiteBootstrap_Pages/VT_Bootstrap/SaleKeyboard/input_userDefined2'

2022-04-01 00:00:56 - [MESSAGE][PASSED] - Text 'Sweden' is set on object 'Object Repository/AdminSuiteBootstrap_Pages/VT_Bootstrap/SaleKeyboard/input_userDefined3'

2022-04-01 00:00:57 - [MESSAGE][PASSED] - Text 'Austria' is set on object 'Object Repository/AdminSuiteBootstrap_Pages/VT_Bootstrap/SaleKeyboard/input_userDefined4'

2022-04-01 00:00:58 - [MESSAGE][PASSED] - All options with label 'Orange' are selected in object 'Object Repository/AdminSuiteBootstrap_Pages/VT_Bootstrap/SaleKeyboard/select_UDF5_DropDown'  using regular expression

2022-04-01 00:00:59 - [MESSAGE][PASSED] - All options with label 'Yellow' are selected in object 'Object Repository/AdminSuiteBootstrap_Pages/VT_Bootstrap/SaleKeyboard/select_UDF6_DropDown'  using regular expression

2022-04-01 00:00:59 - [MESSAGE][PASSED] - Text 'Norway' is set on object 'Object Repository/AdminSuiteBootstrap_Pages/VT_Bootstrap/SaleKeyboard/input_userDefined7'

2022-04-01 00:01:00 - [MESSAGE][PASSED] - Text 'Netherlands' is set on object 'Object Repository/AdminSuiteBootstrap_Pages/VT_Bootstrap/SaleKeyboard/input_userDefined8'

2022-04-01 00:01:01 - [MESSAGE][PASSED] - Text 'Switzerland' is set on object 'Object Repository/AdminSuiteBootstrap_Pages/VT_Bootstrap/SaleKeyboard/input_userDefined9'

2022-04-01 00:01:02 - [MESSAGE][PASSED] - Text 'France' is set on object 'Object Repository/AdminSuiteBootstrap_Pages/VT_Bootstrap/SaleKeyboard/input_userDefined10'

2022-04-01 00:01:04 - [MESSAGE][PASSED] - Object: 'Object Repository/AdminSuiteBootstrap_Pages/VT_Bootstrap/SaleKeyboard/button_Submit' is clicked on

2022-04-01 00:01:04 - [MESSAGE][PASSED] - adminSuiteBootstrap.virtualTerminalSetData.saleKeyboard_DataDriven is PASSED

2022-04-01 00:01:04 - [TEST_STEP][PASSED] - if (verifyTextPresent("Transaction Successful", true)): null

2022-04-01 00:01:04 - [MESSAGE][PASSED] - Text 'Transaction Successful' is present on page  using regular expression

2022-04-01 00:01:04 - [TEST_STEP][PASSED] - sdf = getText(findTestObject(path_Receipt + "td_AutoNoC031622113752957Ahm")): Text of object 'Object Repository/AdminSuiteBootstrap_Pages/VT_Bootstrap/Receipt/td_AutoNoC031622113752957Ahm' is: 'AutoDua033122235854268Ahm'

2022-04-01 00:01:05 - [MESSAGE][PASSED] - Text of object 'Object Repository/AdminSuiteBootstrap_Pages/VT_Bootstrap/Receipt/td_AutoNoC031622113752957Ahm' is: 'AutoDua033122235854268Ahm'

2022-04-01 00:01:05 - [TEST_STEP][PASSED] - out.println("sdf: " + sdf): null

2022-04-01 00:01:05 - [TEST_STEP][PASSED] - remID = sdf: null

2022-04-01 00:01:05 - [TEST_STEP][PASSED] - out.println("remID: " + remID): null

2022-04-01 00:01:05 - [TEST_STEP][PASSED] - click(findTestObject(path_Receipt + "button_Continue")): Object: 'Object Repository/AdminSuiteBootstrap_Pages/VT_Bootstrap/Receipt/button_Continue' is clicked on

2022-04-01 00:01:05 - [MESSAGE][PASSED] - Object: 'Object Repository/AdminSuiteBootstrap_Pages/VT_Bootstrap/Receipt/button_Continue' is clicked on

2022-04-01 00:01:05 - [TEST_STEP][PASSED] - click(findTestObject(path_VT + "a_Search Transactions")): Object: 'Object Repository/AdminSuiteBootstrap_Pages/VT_Bootstrap/IssueTransactions/a_Search Transactions' is clicked on

2022-04-01 00:01:06 - [MESSAGE][PASSED] - Object: 'Object Repository/AdminSuiteBootstrap_Pages/VT_Bootstrap/IssueTransactions/a_Search Transactions' is clicked on

2022-04-01 00:01:06 - [TEST_STEP][PASSED] - setText(findTestObject(path_CCSearch + "input_Search By_searchValue"), remID): Text 'AutoDua033122235854268Ahm' is set on object 'Object Repository/AdminSuiteBootstrap_Pages/VT_Bootstrap/CCCreditOrVoidSearch/input_Search By_searchValue'

2022-04-01 00:01:07 - [MESSAGE][PASSED] - Text 'AutoDua033122235854268Ahm' is set on object 'Object Repository/AdminSuiteBootstrap_Pages/VT_Bootstrap/CCCreditOrVoidSearch/input_Search By_searchValue'

2022-04-01 00:01:07 - [TEST_STEP][PASSED] - click(findTestObject(path_CCSearch + "button_Submit")): Object: 'Object Repository/AdminSuiteBootstrap_Pages/VT_Bootstrap/CCCreditOrVoidSearch/button_Submit' is clicked on

2022-04-01 00:01:08 - [MESSAGE][PASSED] - Object: 'Object Repository/AdminSuiteBootstrap_Pages/VT_Bootstrap/CCCreditOrVoidSearch/button_Submit' is clicked on

2022-04-01 00:01:08 - [TEST_STEP][PASSED] - fgr = getText(findTestObject(path_SearchResults + "div_Payment ID")): Text of object 'Object Repository/AdminSuiteBootstrap_Pages/VT_Bootstrap/SearchResults/div_Payment ID' is: 'Payment ID
Payment Type
Transaction Type
Remittance ID
Name
Total Amount
End Date
Status
12114247 Credit Card Authorization and Capture AutoDua033122235854268Ahm Tulsi Raman $10.50 03/31/2022 Success'

2022-04-01 00:01:09 - [MESSAGE][PASSED] - Text of object 'Object Repository/AdminSuiteBootstrap_Pages/VT_Bootstrap/SearchResults/div_Payment ID' is: 'Payment ID
Payment Type
Transaction Type
Remittance ID
Name
Total Amount
End Date
Status
12114247 Credit Card Authorization and Capture AutoDua033122235854268Ahm Tulsi Raman $10.50 03/31/2022 Success'

2022-04-01 00:01:09 - [TEST_STEP][PASSED] - payID = substring(89, 98).trim(): null

2022-04-01 00:01:09 - [TEST_STEP][PASSED] - out.println("payID: " + payID): null

2022-04-01 00:01:09 - [TEST_STEP][PASSED] - click(findTestObject(path_SearchResults + "button_PaymentID")): Object: 'Object Repository/AdminSuiteBootstrap_Pages/VT_Bootstrap/SearchResults/button_PaymentID' is clicked on

2022-04-01 00:01:09 - [MESSAGE][PASSED] - Object: 'Object Repository/AdminSuiteBootstrap_Pages/VT_Bootstrap/SearchResults/button_PaymentID' is clicked on

2022-04-01 00:01:09 - [TEST_STEP][PASSED] - verifyTextPresent("Tender Type", true): Text 'Tender Type' is present on page  using regular expression

2022-04-01 00:01:10 - [MESSAGE][PASSED] - Text 'Tender Type' is present on page  using regular expression

2022-04-01 00:01:10 - [TEST_STEP][PASSED] - verifyTextPresent("Credit Card", true): Text 'Credit Card' is present on page  using regular expression

2022-04-01 00:01:10 - [MESSAGE][PASSED] - Text 'Credit Card' is present on page  using regular expression

2022-04-01 00:01:10 - [TEST_STEP][PASSED] - verifyTextPresent("Transaction Type", true): Text 'Transaction Type' is present on page  using regular expression

2022-04-01 00:01:11 - [MESSAGE][PASSED] - Text 'Transaction Type' is present on page  using regular expression

2022-04-01 00:01:11 - [TEST_STEP][PASSED] - verifyTextPresent("Authorization and Capture", true): Text 'Authorization and Capture' is present on page  using regular expression

2022-04-01 00:01:11 - [MESSAGE][PASSED] - Text 'Authorization and Capture' is present on page  using regular expression

2022-04-01 00:01:11 - [TEST_STEP][PASSED] - verifyTextPresent("Transaction Posted by", true): Text 'Transaction Posted by' is present on page  using regular expression

2022-04-01 00:01:11 - [MESSAGE][PASSED] - Text 'Transaction Posted by' is present on page  using regular expression

2022-04-01 00:01:11 - [TEST_STEP][PASSED] - verifyTextPresent("iahmed", true): Text 'iahmed' is present on page  using regular expression

2022-04-01 00:01:12 - [MESSAGE][PASSED] - Text 'iahmed' is present on page  using regular expression

2022-04-01 00:01:12 - [TEST_STEP][PASSED] - click(findTestObject(path_TranxDetails + "a_Credit this transaction")): Object: 'Object Repository/AdminSuiteBootstrap_Pages/VT_Bootstrap/TransactionDetails/a_Credit this transaction' is clicked on

2022-04-01 00:01:13 - [MESSAGE][PASSED] - Object: 'Object Repository/AdminSuiteBootstrap_Pages/VT_Bootstrap/TransactionDetails/a_Credit this transaction' is clicked on

2022-04-01 00:01:13 - [TEST_STEP][PASSED] - verifyTextPresent("Credit Card Credit", true): Text 'Credit Card Credit' is present on page  using regular expression

2022-04-01 00:01:14 - [MESSAGE][PASSED] - Text 'Credit Card Credit' is present on page  using regular expression

2022-04-01 00:01:14 - [TEST_STEP][PASSED] - click(findTestObject(path_TranxDetails + "button_Submit")): Object: 'Object Repository/AdminSuiteBootstrap_Pages/VT_Bootstrap/TransactionDetails/button_Submit' is clicked on

2022-04-01 00:01:15 - [MESSAGE][PASSED] - Object: 'Object Repository/AdminSuiteBootstrap_Pages/VT_Bootstrap/TransactionDetails/button_Submit' is clicked on

2022-04-01 00:01:15 - [TEST_STEP][PASSED] - verifyTextPresent("Transaction Successful", true): Text 'Transaction Successful' is present on page  using regular expression

2022-04-01 00:01:16 - [MESSAGE][PASSED] - Text 'Transaction Successful' is present on page  using regular expression

2022-04-01 00:01:16 - [TEST_STEP][PASSED] - verifyTextPresent("Transaction Type", true): Text 'Transaction Type' is present on page  using regular expression

2022-04-01 00:01:16 - [MESSAGE][PASSED] - Text 'Transaction Type' is present on page  using regular expression

2022-04-01 00:01:16 - [TEST_STEP][PASSED] - verifyTextPresent("Credit", true): Text 'Credit' is present on page  using regular expression

2022-04-01 00:01:17 - [MESSAGE][PASSED] - Text 'Credit' is present on page  using regular expression

2022-04-01 00:01:17 - [TEST_STEP][PASSED] - closeBrowser(): Browser is closed

2022-04-01 00:01:17 - [MESSAGE][PASSED] - Browser is closed

2022-04-01 00:01:17 - [TEST_STEP][PASSED] - ExecuteTC = findTestData(dataFile).getValue("Execute", row): null

2022-04-01 00:01:18 - [TEST_STEP][PASSED] - out.println("Value of Execute is : " + ExecuteTC): null

2022-04-01 00:01:18 - [TEST_STEP][PASSED] - switch (executionProfile): null

2022-04-01 00:01:18 - [TEST_STEP][PASSED] - case "QAProfile":: null

2022-04-01 00:01:18 - [TEST_STEP][PASSED] - appName = findTestData(dataFile).getValue("AppNameQA", row): null

2022-04-01 00:01:18 - [TEST_STEP][PASSED] - appID = findTestData(dataFile).getValue("AppIDQA", row): null

2022-04-01 00:01:18 - [TEST_STEP][PASSED] - break: null

2022-04-01 00:01:18 - [TEST_STEP][PASSED] - hrefAppID = li_1 + appID + li_2: null

2022-04-01 00:01:18 - [TEST_STEP][PASSED] - hrefApp = li_1 + appID + "/": null

2022-04-01 00:01:18 - [TEST_STEP][PASSED] - println("hrefApp : " + hrefApp): null

2022-04-01 00:01:18 - [TEST_STEP][PASSED] - if (ExecuteTC.equalsIgnoreCase("Y")): null

2022-04-01 00:01:18 - [TEST_STEP][PASSED] - out.println("Begin Record Number: " + row): null

2022-04-01 00:01:18 - [TEST_STEP][PASSED] - today = new java.util.Date(): null

2022-04-01 00:01:18 - [TEST_STEP][PASSED] - println(today): null

2022-04-01 00:01:18 - [TEST_STEP][PASSED] - datText = today: null

2022-04-01 00:01:18 - [TEST_STEP][PASSED] - adminSuiteBootstrap.loginFunctionality.login_AdminSuite(): adminSuiteBootstrap.loginFunctionality.login_AdminSuite is PASSED

2022-04-01 00:01:18 - [MESSAGE][INFO] - Starting 'Chrome' driver

2022-04-01 00:01:18 - [MESSAGE][INFO] - User set preference: ['acceptInsecureCerts', 'true']

2022-04-01 00:01:18 - [MESSAGE][INFO] - Action delay is set to 0 milliseconds

2022-04-01 00:01:20 - [MESSAGE][PASSED] - Browser is opened with url: 'https://qa.velocitypayment.com/admin/imtiaz'

2022-04-01 00:01:20 - [MESSAGE][PASSED] - Current window maximized

2022-04-01 00:01:21 - [MESSAGE][PASSED] - Object 'Object Repository/Login_Page/Login_Username' is present

2022-04-01 00:01:22 - [MESSAGE][PASSED] - Text 'iahmed' is set on object 'Object Repository/Login_Page/Login_Username'

2022-04-01 00:01:22 - [MESSAGE][PASSED] - Text 'hello2222' is set on object 'Object Repository/Login_Page/Login_Password'

2022-04-01 00:01:25 - [MESSAGE][PASSED] - Object: 'Object Repository/Login_Page/Login_Submit' is clicked on

2022-04-01 00:01:25 - [MESSAGE][PASSED] - adminSuiteBootstrap.loginFunctionality.login_AdminSuite is PASSED

2022-04-01 00:01:25 - [TEST_STEP][PASSED] - click(findTestObject(path_Dashboard + appName)): Object: 'Object Repository/AdminSuiteBootstrap_Pages/Dashboard_Bootstrap/a_Access AutoDualCFtpQA' is clicked on

2022-04-01 00:01:26 - [MESSAGE][PASSED] - Object: 'Object Repository/AdminSuiteBootstrap_Pages/Dashboard_Bootstrap/a_Access AutoDualCFtpQA' is clicked on

2022-04-01 00:01:26 - [TEST_STEP][PASSED] - click(findTestObject(path_VT + "button_Authorization  Capture (Sale)")): Object: 'Object Repository/AdminSuiteBootstrap_Pages/VT_Bootstrap/IssueTransactions/button_Authorization  Capture (Sale)' is clicked on

2022-04-01 00:01:26 - [MESSAGE][PASSED] - Object: 'Object Repository/AdminSuiteBootstrap_Pages/VT_Bootstrap/IssueTransactions/button_Authorization  Capture (Sale)' is clicked on

2022-04-01 00:01:26 - [TEST_STEP][PASSED] - saleKeyboardEntryLink = modifyObjectProperty(findTestObject(path_VT + "a_KeyboardEntry_Sale"), "href", "equals", hrefAppID, true): Modify property of object successfully

2022-04-01 00:01:26 - [MESSAGE][PASSED] - Modify property of object successfully

2022-04-01 00:01:26 - [TEST_STEP][PASSED] - click(saleKeyboardEntryLink): Object: 'Object Repository/AdminSuiteBootstrap_Pages/VT_Bootstrap/IssueTransactions/a_KeyboardEntry_Sale' is clicked on

2022-04-01 00:01:27 - [MESSAGE][PASSED] - Object: 'Object Repository/AdminSuiteBootstrap_Pages/VT_Bootstrap/IssueTransactions/a_KeyboardEntry_Sale' is clicked on

2022-04-01 00:01:27 - [TEST_STEP][PASSED] - adminSuiteBootstrap.virtualTerminalSetData.saleKeyboard_DataDriven(row, dataFile): adminSuiteBootstrap.virtualTerminalSetData.saleKeyboard_DataDriven is PASSED

2022-04-01 00:01:30 - [MESSAGE][PASSED] - Text 'Tulsi Raman' is set on object 'Object Repository/AdminSuiteBootstrap_Pages/VT_Bootstrap/SaleKeyboard/input_cardName'

2022-04-01 00:01:31 - [MESSAGE][PASSED] - All options with value 'RETL' are selected in object 'Object Repository/AdminSuiteBootstrap_Pages/VT_Bootstrap/SaleKeyboard/select_transactionCategory'  using regular expression

2022-04-01 00:01:32 - [MESSAGE][PASSED] - Execute JavaScript 'arguments[0].value ='6011000993026909' ' successfully

2022-04-01 00:01:32 - [MESSAGE][PASSED] - Execute JavaScript 'arguments[0].value ='123' ' successfully

2022-04-01 00:01:33 - [MESSAGE][PASSED] - All options with value '12' are selected in object 'Object Repository/AdminSuiteBootstrap_Pages/VT_Bootstrap/SaleKeyboard/select_MM'  using regular expression

2022-04-01 00:01:34 - [MESSAGE][PASSED] - All options with value '2025' are selected in object 'Object Repository/AdminSuiteBootstrap_Pages/VT_Bootstrap/SaleKeyboard/select_YYYY'  using regular expression

2022-04-01 00:01:35 - [MESSAGE][PASSED] - Text '25987 Hill Top' is set on object 'Object Repository/AdminSuiteBootstrap_Pages/VT_Bootstrap/SaleKeyboard/input__address'

2022-04-01 00:01:36 - [MESSAGE][PASSED] - Text 'Suite 500' is set on object 'Object Repository/AdminSuiteBootstrap_Pages/VT_Bootstrap/SaleKeyboard/input__address2'

2022-04-01 00:01:36 - [MESSAGE][PASSED] - Text '22201' is set on object 'Object Repository/AdminSuiteBootstrap_Pages/VT_Bootstrap/SaleKeyboard/input__zip'

2022-04-01 00:01:37 - [MESSAGE][PASSED] - Text '' is set on object 'Object Repository/AdminSuiteBootstrap_Pages/VT_Bootstrap/SaleKeyboard/input_emailAddress'

2022-04-01 00:01:38 - [MESSAGE][PASSED] - Text '' is set on object 'Object Repository/AdminSuiteBootstrap_Pages/VT_Bootstrap/SaleKeyboard/input_smsNumber'

2022-04-01 00:01:39 - [MESSAGE][PASSED] - Text '10.50' is set on object 'Object Repository/AdminSuiteBootstrap_Pages/VT_Bootstrap/SaleKeyboard/input_amount'

2022-04-01 00:01:40 - [MESSAGE][PASSED] - Text 'Australia' is set on object 'Object Repository/AdminSuiteBootstrap_Pages/VT_Bootstrap/SaleKeyboard/input_userDefined1'

2022-04-01 00:01:41 - [MESSAGE][PASSED] - Text 'Denmark' is set on object 'Object Repository/AdminSuiteBootstrap_Pages/VT_Bootstrap/SaleKeyboard/input_userDefined2'

2022-04-01 00:01:42 - [MESSAGE][PASSED] - Text 'Sweden' is set on object 'Object Repository/AdminSuiteBootstrap_Pages/VT_Bootstrap/SaleKeyboard/input_userDefined3'

2022-04-01 00:01:42 - [MESSAGE][PASSED] - Text 'Austria' is set on object 'Object Repository/AdminSuiteBootstrap_Pages/VT_Bootstrap/SaleKeyboard/input_userDefined4'

2022-04-01 00:01:43 - [MESSAGE][PASSED] - All options with label 'Orange' are selected in object 'Object Repository/AdminSuiteBootstrap_Pages/VT_Bootstrap/SaleKeyboard/select_UDF5_DropDown'  using regular expression

2022-04-01 00:01:44 - [MESSAGE][PASSED] - All options with label 'Yellow' are selected in object 'Object Repository/AdminSuiteBootstrap_Pages/VT_Bootstrap/SaleKeyboard/select_UDF6_DropDown'  using regular expression

2022-04-01 00:01:45 - [MESSAGE][PASSED] - Text 'Norway' is set on object 'Object Repository/AdminSuiteBootstrap_Pages/VT_Bootstrap/SaleKeyboard/input_userDefined7'

2022-04-01 00:01:46 - [MESSAGE][PASSED] - Text 'Netherlands' is set on object 'Object Repository/AdminSuiteBootstrap_Pages/VT_Bootstrap/SaleKeyboard/input_userDefined8'

2022-04-01 00:01:46 - [MESSAGE][PASSED] - Text 'Switzerland' is set on object 'Object Repository/AdminSuiteBootstrap_Pages/VT_Bootstrap/SaleKeyboard/input_userDefined9'

2022-04-01 00:01:47 - [MESSAGE][PASSED] - Text 'France' is set on object 'Object Repository/AdminSuiteBootstrap_Pages/VT_Bootstrap/SaleKeyboard/input_userDefined10'

2022-04-01 00:01:52 - [MESSAGE][PASSED] - Object: 'Object Repository/AdminSuiteBootstrap_Pages/VT_Bootstrap/SaleKeyboard/button_Submit' is clicked on

2022-04-01 00:01:52 - [MESSAGE][PASSED] - adminSuiteBootstrap.virtualTerminalSetData.saleKeyboard_DataDriven is PASSED

2022-04-01 00:01:52 - [TEST_STEP][PASSED] - if (verifyTextPresent("Transaction Successful", true)): null

2022-04-01 00:01:53 - [MESSAGE][PASSED] - Text 'Transaction Successful' is present on page  using regular expression

2022-04-01 00:01:53 - [TEST_STEP][PASSED] - sdf = getText(findTestObject(path_Receipt + "td_AutoNoC031622113752957Ahm")): Text of object 'Object Repository/AdminSuiteBootstrap_Pages/VT_Bootstrap/Receipt/td_AutoNoC031622113752957Ahm' is: 'AutoDua033122235939966Ahm'

2022-04-01 00:01:53 - [MESSAGE][PASSED] - Text of object 'Object Repository/AdminSuiteBootstrap_Pages/VT_Bootstrap/Receipt/td_AutoNoC031622113752957Ahm' is: 'AutoDua033122235939966Ahm'

2022-04-01 00:01:53 - [TEST_STEP][PASSED] - out.println("sdf: " + sdf): null

2022-04-01 00:01:53 - [TEST_STEP][PASSED] - remID = sdf: null

2022-04-01 00:01:53 - [TEST_STEP][PASSED] - out.println("remID: " + remID): null

2022-04-01 00:01:53 - [TEST_STEP][PASSED] - click(findTestObject(path_Receipt + "button_Continue")): Object: 'Object Repository/AdminSuiteBootstrap_Pages/VT_Bootstrap/Receipt/button_Continue' is clicked on

2022-04-01 00:01:55 - [MESSAGE][PASSED] - Object: 'Object Repository/AdminSuiteBootstrap_Pages/VT_Bootstrap/Receipt/button_Continue' is clicked on

2022-04-01 00:01:55 - [TEST_STEP][PASSED] - click(findTestObject(path_VT + "a_Search Transactions")): Object: 'Object Repository/AdminSuiteBootstrap_Pages/VT_Bootstrap/IssueTransactions/a_Search Transactions' is clicked on

2022-04-01 00:01:57 - [MESSAGE][PASSED] - Object: 'Object Repository/AdminSuiteBootstrap_Pages/VT_Bootstrap/IssueTransactions/a_Search Transactions' is clicked on

2022-04-01 00:01:57 - [TEST_STEP][PASSED] - setText(findTestObject(path_CCSearch + "input_Search By_searchValue"), remID): Text 'AutoDua033122235939966Ahm' is set on object 'Object Repository/AdminSuiteBootstrap_Pages/VT_Bootstrap/CCCreditOrVoidSearch/input_Search By_searchValue'

2022-04-01 00:01:58 - [MESSAGE][PASSED] - Text 'AutoDua033122235939966Ahm' is set on object 'Object Repository/AdminSuiteBootstrap_Pages/VT_Bootstrap/CCCreditOrVoidSearch/input_Search By_searchValue'

2022-04-01 00:01:58 - [TEST_STEP][PASSED] - click(findTestObject(path_CCSearch + "button_Submit")): Object: 'Object Repository/AdminSuiteBootstrap_Pages/VT_Bootstrap/CCCreditOrVoidSearch/button_Submit' is clicked on

2022-04-01 00:01:59 - [MESSAGE][PASSED] - Object: 'Object Repository/AdminSuiteBootstrap_Pages/VT_Bootstrap/CCCreditOrVoidSearch/button_Submit' is clicked on

2022-04-01 00:01:59 - [TEST_STEP][PASSED] - fgr = getText(findTestObject(path_SearchResults + "div_Payment ID")): Text of object 'Object Repository/AdminSuiteBootstrap_Pages/VT_Bootstrap/SearchResults/div_Payment ID' is: 'Payment ID
Payment Type
Transaction Type
Remittance ID
Name
Total Amount
End Date
Status
12114250 Credit Card Authorization and Capture AutoDua033122235939966Ahm Tulsi Raman $10.50 04/01/2022 Success'

2022-04-01 00:02:00 - [MESSAGE][PASSED] - Text of object 'Object Repository/AdminSuiteBootstrap_Pages/VT_Bootstrap/SearchResults/div_Payment ID' is: 'Payment ID
Payment Type
Transaction Type
Remittance ID
Name
Total Amount
End Date
Status
12114250 Credit Card Authorization and Capture AutoDua033122235939966Ahm Tulsi Raman $10.50 04/01/2022 Success'

2022-04-01 00:02:00 - [TEST_STEP][PASSED] - payID = substring(89, 98).trim(): null

2022-04-01 00:02:00 - [TEST_STEP][PASSED] - out.println("payID: " + payID): null

2022-04-01 00:02:00 - [TEST_STEP][PASSED] - click(findTestObject(path_SearchResults + "button_PaymentID")): Object: 'Object Repository/AdminSuiteBootstrap_Pages/VT_Bootstrap/SearchResults/button_PaymentID' is clicked on

2022-04-01 00:02:02 - [MESSAGE][PASSED] - Object: 'Object Repository/AdminSuiteBootstrap_Pages/VT_Bootstrap/SearchResults/button_PaymentID' is clicked on

2022-04-01 00:02:02 - [TEST_STEP][PASSED] - verifyTextPresent("Tender Type", true): Text 'Tender Type' is present on page  using regular expression

2022-04-01 00:02:02 - [MESSAGE][PASSED] - Text 'Tender Type' is present on page  using regular expression

2022-04-01 00:02:02 - [TEST_STEP][PASSED] - verifyTextPresent("Credit Card", true): Text 'Credit Card' is present on page  using regular expression

2022-04-01 00:02:03 - [MESSAGE][PASSED] - Text 'Credit Card' is present on page  using regular expression

2022-04-01 00:02:03 - [TEST_STEP][PASSED] - verifyTextPresent("Transaction Type", true): Text 'Transaction Type' is present on page  using regular expression

2022-04-01 00:02:03 - [MESSAGE][PASSED] - Text 'Transaction Type' is present on page  using regular expression

2022-04-01 00:02:03 - [TEST_STEP][PASSED] - verifyTextPresent("Authorization and Capture", true): Text 'Authorization and Capture' is present on page  using regular expression

2022-04-01 00:02:03 - [MESSAGE][PASSED] - Text 'Authorization and Capture' is present on page  using regular expression

2022-04-01 00:02:03 - [TEST_STEP][PASSED] - verifyTextPresent("Transaction Posted by", true): Text 'Transaction Posted by' is present on page  using regular expression

2022-04-01 00:02:04 - [MESSAGE][PASSED] - Text 'Transaction Posted by' is present on page  using regular expression

2022-04-01 00:02:04 - [TEST_STEP][PASSED] - verifyTextPresent("iahmed", true): Text 'iahmed' is present on page  using regular expression

2022-04-01 00:02:04 - [MESSAGE][PASSED] - Text 'iahmed' is present on page  using regular expression

2022-04-01 00:02:04 - [TEST_STEP][PASSED] - click(findTestObject(path_TranxDetails + "a_Credit this transaction")): Object: 'Object Repository/AdminSuiteBootstrap_Pages/VT_Bootstrap/TransactionDetails/a_Credit this transaction' is clicked on

2022-04-01 00:02:07 - [MESSAGE][PASSED] - Object: 'Object Repository/AdminSuiteBootstrap_Pages/VT_Bootstrap/TransactionDetails/a_Credit this transaction' is clicked on

2022-04-01 00:02:07 - [TEST_STEP][PASSED] - verifyTextPresent("Credit Card Credit", true): Text 'Credit Card Credit' is present on page  using regular expression

2022-04-01 00:02:08 - [MESSAGE][PASSED] - Text 'Credit Card Credit' is present on page  using regular expression

2022-04-01 00:02:08 - [TEST_STEP][PASSED] - click(findTestObject(path_TranxDetails + "button_Submit")): Object: 'Object Repository/AdminSuiteBootstrap_Pages/VT_Bootstrap/TransactionDetails/button_Submit' is clicked on

2022-04-01 00:02:11 - [MESSAGE][PASSED] - Object: 'Object Repository/AdminSuiteBootstrap_Pages/VT_Bootstrap/TransactionDetails/button_Submit' is clicked on

2022-04-01 00:02:11 - [TEST_STEP][PASSED] - verifyTextPresent("Transaction Successful", true): Text 'Transaction Successful' is present on page  using regular expression

2022-04-01 00:02:12 - [MESSAGE][PASSED] - Text 'Transaction Successful' is present on page  using regular expression

2022-04-01 00:02:12 - [TEST_STEP][PASSED] - verifyTextPresent("Transaction Type", true): Text 'Transaction Type' is present on page  using regular expression

2022-04-01 00:02:12 - [MESSAGE][PASSED] - Text 'Transaction Type' is present on page  using regular expression

2022-04-01 00:02:12 - [TEST_STEP][PASSED] - verifyTextPresent("Credit", true): Text 'Credit' is present on page  using regular expression

2022-04-01 00:02:13 - [MESSAGE][PASSED] - Text 'Credit' is present on page  using regular expression

2022-04-01 00:02:13 - [TEST_STEP][PASSED] - closeBrowser(): Browser is closed

2022-04-01 00:02:13 - [MESSAGE][PASSED] - Browser is closed

2022-04-01 00:02:13 - [TEST_STEP][PASSED] - ExecuteTC = findTestData(dataFile).getValue("Execute", row): null

2022-04-01 00:02:14 - [TEST_STEP][PASSED] - out.println("Value of Execute is : " + ExecuteTC): null

2022-04-01 00:02:14 - [TEST_STEP][PASSED] - switch (executionProfile): null

2022-04-01 00:02:14 - [TEST_STEP][PASSED] - case "QAProfile":: null

2022-04-01 00:02:14 - [TEST_STEP][PASSED] - appName = findTestData(dataFile).getValue("AppNameQA", row): null

2022-04-01 00:02:14 - [TEST_STEP][PASSED] - appID = findTestData(dataFile).getValue("AppIDQA", row): null

2022-04-01 00:02:14 - [TEST_STEP][PASSED] - break: null

2022-04-01 00:02:14 - [TEST_STEP][PASSED] - hrefAppID = li_1 + appID + li_2: null

2022-04-01 00:02:14 - [TEST_STEP][PASSED] - hrefApp = li_1 + appID + "/": null

2022-04-01 00:02:14 - [TEST_STEP][PASSED] - println("hrefApp : " + hrefApp): null

2022-04-01 00:02:14 - [TEST_STEP][PASSED] - if (ExecuteTC.equalsIgnoreCase("Y")): null

2022-04-01 00:02:14 - [TEST_STEP][PASSED] - out.println("Begin Record Number: " + row): null

2022-04-01 00:02:14 - [TEST_STEP][PASSED] - today = new java.util.Date(): null

2022-04-01 00:02:14 - [TEST_STEP][PASSED] - println(today): null

2022-04-01 00:02:14 - [TEST_STEP][PASSED] - datText = today: null

2022-04-01 00:02:14 - [TEST_STEP][PASSED] - adminSuiteBootstrap.loginFunctionality.login_AdminSuite(): adminSuiteBootstrap.loginFunctionality.login_AdminSuite is PASSED

2022-04-01 00:02:14 - [MESSAGE][INFO] - Starting 'Chrome' driver

2022-04-01 00:02:14 - [MESSAGE][INFO] - User set preference: ['acceptInsecureCerts', 'true']

2022-04-01 00:02:14 - [MESSAGE][INFO] - Action delay is set to 0 milliseconds

2022-04-01 00:02:17 - [MESSAGE][PASSED] - Browser is opened with url: 'https://qa.velocitypayment.com/admin/imtiaz'

2022-04-01 00:02:17 - [MESSAGE][PASSED] - Current window maximized

2022-04-01 00:02:17 - [MESSAGE][PASSED] - Object 'Object Repository/Login_Page/Login_Username' is present

2022-04-01 00:02:18 - [MESSAGE][PASSED] - Text 'iahmed' is set on object 'Object Repository/Login_Page/Login_Username'

2022-04-01 00:02:19 - [MESSAGE][PASSED] - Text 'hello2222' is set on object 'Object Repository/Login_Page/Login_Password'

2022-04-01 00:02:27 - [MESSAGE][PASSED] - Object: 'Object Repository/Login_Page/Login_Submit' is clicked on

2022-04-01 00:02:27 - [MESSAGE][PASSED] - adminSuiteBootstrap.loginFunctionality.login_AdminSuite is PASSED

2022-04-01 00:02:27 - [TEST_STEP][PASSED] - click(findTestObject(path_Dashboard + appName)): Object: 'Object Repository/AdminSuiteBootstrap_Pages/Dashboard_Bootstrap/a_Access AutoDualCFtpQA' is clicked on

2022-04-01 00:02:28 - [MESSAGE][PASSED] - Object: 'Object Repository/AdminSuiteBootstrap_Pages/Dashboard_Bootstrap/a_Access AutoDualCFtpQA' is clicked on

2022-04-01 00:02:28 - [TEST_STEP][PASSED] - click(findTestObject(path_VT + "button_Authorization  Capture (Sale)")): Object: 'Object Repository/AdminSuiteBootstrap_Pages/VT_Bootstrap/IssueTransactions/button_Authorization  Capture (Sale)' is clicked on

2022-04-01 00:02:29 - [MESSAGE][PASSED] - Object: 'Object Repository/AdminSuiteBootstrap_Pages/VT_Bootstrap/IssueTransactions/button_Authorization  Capture (Sale)' is clicked on

2022-04-01 00:02:29 - [TEST_STEP][PASSED] - saleKeyboardEntryLink = modifyObjectProperty(findTestObject(path_VT + "a_KeyboardEntry_Sale"), "href", "equals", hrefAppID, true): Modify property of object successfully

2022-04-01 00:02:29 - [MESSAGE][PASSED] - Modify property of object successfully

2022-04-01 00:02:29 - [TEST_STEP][PASSED] - click(saleKeyboardEntryLink): Object: 'Object Repository/AdminSuiteBootstrap_Pages/VT_Bootstrap/IssueTransactions/a_KeyboardEntry_Sale' is clicked on

2022-04-01 00:02:31 - [MESSAGE][PASSED] - Object: 'Object Repository/AdminSuiteBootstrap_Pages/VT_Bootstrap/IssueTransactions/a_KeyboardEntry_Sale' is clicked on

2022-04-01 00:02:31 - [TEST_STEP][PASSED] - adminSuiteBootstrap.virtualTerminalSetData.saleKeyboard_DataDriven(row, dataFile): adminSuiteBootstrap.virtualTerminalSetData.saleKeyboard_DataDriven is PASSED

2022-04-01 00:02:34 - [MESSAGE][PASSED] - Text 'Janaki James' is set on object 'Object Repository/AdminSuiteBootstrap_Pages/VT_Bootstrap/SaleKeyboard/input_cardName'

2022-04-01 00:02:35 - [MESSAGE][PASSED] - All options with value 'MOTO' are selected in object 'Object Repository/AdminSuiteBootstrap_Pages/VT_Bootstrap/SaleKeyboard/select_transactionCategory'  using regular expression

2022-04-01 00:02:35 - [MESSAGE][PASSED] - Execute JavaScript 'arguments[0].value ='4012000098765439' ' successfully

2022-04-01 00:02:35 - [MESSAGE][PASSED] - Execute JavaScript 'arguments[0].value ='123' ' successfully

2022-04-01 00:02:37 - [MESSAGE][PASSED] - All options with value '12' are selected in object 'Object Repository/AdminSuiteBootstrap_Pages/VT_Bootstrap/SaleKeyboard/select_MM'  using regular expression

2022-04-01 00:02:38 - [MESSAGE][PASSED] - All options with value '2025' are selected in object 'Object Repository/AdminSuiteBootstrap_Pages/VT_Bootstrap/SaleKeyboard/select_YYYY'  using regular expression

2022-04-01 00:02:38 - [MESSAGE][PASSED] - Text '36 Cornor Road' is set on object 'Object Repository/AdminSuiteBootstrap_Pages/VT_Bootstrap/SaleKeyboard/input__address'

2022-04-01 00:02:39 - [MESSAGE][PASSED] - Text 'Suite 500' is set on object 'Object Repository/AdminSuiteBootstrap_Pages/VT_Bootstrap/SaleKeyboard/input__address2'

2022-04-01 00:02:40 - [MESSAGE][PASSED] - Text '22201' is set on object 'Object Repository/AdminSuiteBootstrap_Pages/VT_Bootstrap/SaleKeyboard/input__zip'

2022-04-01 00:02:41 - [MESSAGE][PASSED] - Text '' is set on object 'Object Repository/AdminSuiteBootstrap_Pages/VT_Bootstrap/SaleKeyboard/input_emailAddress'

2022-04-01 00:02:42 - [MESSAGE][PASSED] - Text '' is set on object 'Object Repository/AdminSuiteBootstrap_Pages/VT_Bootstrap/SaleKeyboard/input_smsNumber'

2022-04-01 00:02:43 - [MESSAGE][PASSED] - Text '10.50' is set on object 'Object Repository/AdminSuiteBootstrap_Pages/VT_Bootstrap/SaleKeyboard/input_amount'

2022-04-01 00:02:44 - [MESSAGE][PASSED] - Text 'Australia' is set on object 'Object Repository/AdminSuiteBootstrap_Pages/VT_Bootstrap/SaleKeyboard/input_userDefined1'

2022-04-01 00:02:45 - [MESSAGE][PASSED] - Text 'Denmark' is set on object 'Object Repository/AdminSuiteBootstrap_Pages/VT_Bootstrap/SaleKeyboard/input_userDefined2'

2022-04-01 00:02:45 - [MESSAGE][PASSED] - Text 'Sweden' is set on object 'Object Repository/AdminSuiteBootstrap_Pages/VT_Bootstrap/SaleKeyboard/input_userDefined3'

2022-04-01 00:02:46 - [MESSAGE][PASSED] - Text 'Austria' is set on object 'Object Repository/AdminSuiteBootstrap_Pages/VT_Bootstrap/SaleKeyboard/input_userDefined4'

2022-04-01 00:02:47 - [MESSAGE][PASSED] - All options with label 'Orange' are selected in object 'Object Repository/AdminSuiteBootstrap_Pages/VT_Bootstrap/SaleKeyboard/select_UDF5_DropDown'  using regular expression

2022-04-01 00:02:48 - [MESSAGE][PASSED] - All options with label 'Yellow' are selected in object 'Object Repository/AdminSuiteBootstrap_Pages/VT_Bootstrap/SaleKeyboard/select_UDF6_DropDown'  using regular expression

2022-04-01 00:02:49 - [MESSAGE][PASSED] - Text 'Norway' is set on object 'Object Repository/AdminSuiteBootstrap_Pages/VT_Bootstrap/SaleKeyboard/input_userDefined7'

2022-04-01 00:02:49 - [MESSAGE][PASSED] - Text 'Netherlands' is set on object 'Object Repository/AdminSuiteBootstrap_Pages/VT_Bootstrap/SaleKeyboard/input_userDefined8'

2022-04-01 00:02:50 - [MESSAGE][PASSED] - Text 'Switzerland' is set on object 'Object Repository/AdminSuiteBootstrap_Pages/VT_Bootstrap/SaleKeyboard/input_userDefined9'

2022-04-01 00:02:51 - [MESSAGE][PASSED] - Text 'France' is set on object 'Object Repository/AdminSuiteBootstrap_Pages/VT_Bootstrap/SaleKeyboard/input_userDefined10'

2022-04-01 00:02:53 - [MESSAGE][PASSED] - Object: 'Object Repository/AdminSuiteBootstrap_Pages/VT_Bootstrap/SaleKeyboard/button_Submit' is clicked on

2022-04-01 00:02:53 - [MESSAGE][PASSED] - adminSuiteBootstrap.virtualTerminalSetData.saleKeyboard_DataDriven is PASSED

2022-04-01 00:02:53 - [TEST_STEP][PASSED] - if (verifyTextPresent("Transaction Successful", true)): null

2022-04-01 00:02:53 - [MESSAGE][PASSED] - Text 'Transaction Successful' is present on page  using regular expression

2022-04-01 00:02:53 - [TEST_STEP][PASSED] - sdf = getText(findTestObject(path_Receipt + "td_AutoNoC031622113752957Ahm")): Text of object 'Object Repository/AdminSuiteBootstrap_Pages/VT_Bootstrap/Receipt/td_AutoNoC031622113752957Ahm' is: 'AutoDua040122000043561Ahm'

2022-04-01 00:02:54 - [MESSAGE][PASSED] - Text of object 'Object Repository/AdminSuiteBootstrap_Pages/VT_Bootstrap/Receipt/td_AutoNoC031622113752957Ahm' is: 'AutoDua040122000043561Ahm'

2022-04-01 00:02:54 - [TEST_STEP][PASSED] - out.println("sdf: " + sdf): null

2022-04-01 00:02:54 - [TEST_STEP][PASSED] - remID = sdf: null

2022-04-01 00:02:54 - [TEST_STEP][PASSED] - out.println("remID: " + remID): null

2022-04-01 00:02:54 - [TEST_STEP][PASSED] - click(findTestObject(path_Receipt + "button_Continue")): Object: 'Object Repository/AdminSuiteBootstrap_Pages/VT_Bootstrap/Receipt/button_Continue' is clicked on

2022-04-01 00:02:55 - [MESSAGE][PASSED] - Object: 'Object Repository/AdminSuiteBootstrap_Pages/VT_Bootstrap/Receipt/button_Continue' is clicked on

2022-04-01 00:02:55 - [TEST_STEP][PASSED] - click(findTestObject(path_VT + "a_Search Transactions")): Object: 'Object Repository/AdminSuiteBootstrap_Pages/VT_Bootstrap/IssueTransactions/a_Search Transactions' is clicked on

2022-04-01 00:02:56 - [MESSAGE][PASSED] - Object: 'Object Repository/AdminSuiteBootstrap_Pages/VT_Bootstrap/IssueTransactions/a_Search Transactions' is clicked on

2022-04-01 00:02:56 - [TEST_STEP][PASSED] - setText(findTestObject(path_CCSearch + "input_Search By_searchValue"), remID): Text 'AutoDua040122000043561Ahm' is set on object 'Object Repository/AdminSuiteBootstrap_Pages/VT_Bootstrap/CCCreditOrVoidSearch/input_Search By_searchValue'

2022-04-01 00:02:57 - [MESSAGE][PASSED] - Text 'AutoDua040122000043561Ahm' is set on object 'Object Repository/AdminSuiteBootstrap_Pages/VT_Bootstrap/CCCreditOrVoidSearch/input_Search By_searchValue'

2022-04-01 00:02:57 - [TEST_STEP][PASSED] - click(findTestObject(path_CCSearch + "button_Submit")): Object: 'Object Repository/AdminSuiteBootstrap_Pages/VT_Bootstrap/CCCreditOrVoidSearch/button_Submit' is clicked on

2022-04-01 00:02:57 - [MESSAGE][PASSED] - Object: 'Object Repository/AdminSuiteBootstrap_Pages/VT_Bootstrap/CCCreditOrVoidSearch/button_Submit' is clicked on

2022-04-01 00:02:57 - [TEST_STEP][PASSED] - fgr = getText(findTestObject(path_SearchResults + "div_Payment ID")): Text of object 'Object Repository/AdminSuiteBootstrap_Pages/VT_Bootstrap/SearchResults/div_Payment ID' is: 'Payment ID
Payment Type
Transaction Type
Remittance ID
Name
Total Amount
End Date
Status
12114253 Credit Card Authorization and Capture AutoDua040122000043561Ahm Janaki James $10.50 04/01/2022 Success'

2022-04-01 00:02:58 - [MESSAGE][PASSED] - Text of object 'Object Repository/AdminSuiteBootstrap_Pages/VT_Bootstrap/SearchResults/div_Payment ID' is: 'Payment ID
Payment Type
Transaction Type
Remittance ID
Name
Total Amount
End Date
Status
12114253 Credit Card Authorization and Capture AutoDua040122000043561Ahm Janaki James $10.50 04/01/2022 Success'

2022-04-01 00:02:58 - [TEST_STEP][PASSED] - payID = substring(89, 98).trim(): null

2022-04-01 00:02:58 - [TEST_STEP][PASSED] - out.println("payID: " + payID): null

2022-04-01 00:02:58 - [TEST_STEP][PASSED] - click(findTestObject(path_SearchResults + "button_PaymentID")): Object: 'Object Repository/AdminSuiteBootstrap_Pages/VT_Bootstrap/SearchResults/button_PaymentID' is clicked on

2022-04-01 00:02:59 - [MESSAGE][PASSED] - Object: 'Object Repository/AdminSuiteBootstrap_Pages/VT_Bootstrap/SearchResults/button_PaymentID' is clicked on

2022-04-01 00:02:59 - [TEST_STEP][PASSED] - verifyTextPresent("Tender Type", true): Text 'Tender Type' is present on page  using regular expression

2022-04-01 00:02:59 - [MESSAGE][PASSED] - Text 'Tender Type' is present on page  using regular expression

2022-04-01 00:02:59 - [TEST_STEP][PASSED] - verifyTextPresent("Credit Card", true): Text 'Credit Card' is present on page  using regular expression

2022-04-01 00:03:00 - [MESSAGE][PASSED] - Text 'Credit Card' is present on page  using regular expression

2022-04-01 00:03:00 - [TEST_STEP][PASSED] - verifyTextPresent("Transaction Type", true): Text 'Transaction Type' is present on page  using regular expression

2022-04-01 00:03:00 - [MESSAGE][PASSED] - Text 'Transaction Type' is present on page  using regular expression

2022-04-01 00:03:00 - [TEST_STEP][PASSED] - verifyTextPresent("Authorization and Capture", true): Text 'Authorization and Capture' is present on page  using regular expression

2022-04-01 00:03:00 - [MESSAGE][PASSED] - Text 'Authorization and Capture' is present on page  using regular expression

2022-04-01 00:03:00 - [TEST_STEP][PASSED] - verifyTextPresent("Transaction Posted by", true): Text 'Transaction Posted by' is present on page  using regular expression

2022-04-01 00:03:01 - [MESSAGE][PASSED] - Text 'Transaction Posted by' is present on page  using regular expression

2022-04-01 00:03:01 - [TEST_STEP][PASSED] - verifyTextPresent("iahmed", true): Text 'iahmed' is present on page  using regular expression

2022-04-01 00:03:01 - [MESSAGE][PASSED] - Text 'iahmed' is present on page  using regular expression

2022-04-01 00:03:01 - [TEST_STEP][PASSED] - click(findTestObject(path_TranxDetails + "a_Credit this transaction")): Object: 'Object Repository/AdminSuiteBootstrap_Pages/VT_Bootstrap/TransactionDetails/a_Credit this transaction' is clicked on

2022-04-01 00:03:02 - [MESSAGE][PASSED] - Object: 'Object Repository/AdminSuiteBootstrap_Pages/VT_Bootstrap/TransactionDetails/a_Credit this transaction' is clicked on

2022-04-01 00:03:02 - [TEST_STEP][PASSED] - verifyTextPresent("Credit Card Credit", true): Text 'Credit Card Credit' is present on page  using regular expression

2022-04-01 00:03:03 - [MESSAGE][PASSED] - Text 'Credit Card Credit' is present on page  using regular expression

2022-04-01 00:03:03 - [TEST_STEP][PASSED] - click(findTestObject(path_TranxDetails + "button_Submit")): Object: 'Object Repository/AdminSuiteBootstrap_Pages/VT_Bootstrap/TransactionDetails/button_Submit' is clicked on

2022-04-01 00:03:05 - [MESSAGE][PASSED] - Object: 'Object Repository/AdminSuiteBootstrap_Pages/VT_Bootstrap/TransactionDetails/button_Submit' is clicked on

2022-04-01 00:03:05 - [TEST_STEP][PASSED] - verifyTextPresent("Transaction Successful", true): Text 'Transaction Successful' is present on page  using regular expression

2022-04-01 00:03:05 - [MESSAGE][PASSED] - Text 'Transaction Successful' is present on page  using regular expression

2022-04-01 00:03:05 - [TEST_STEP][PASSED] - verifyTextPresent("Transaction Type", true): Text 'Transaction Type' is present on page  using regular expression

2022-04-01 00:03:06 - [MESSAGE][PASSED] - Text 'Transaction Type' is present on page  using regular expression

2022-04-01 00:03:06 - [TEST_STEP][PASSED] - verifyTextPresent("Credit", true): Text 'Credit' is present on page  using regular expression

2022-04-01 00:03:06 - [MESSAGE][PASSED] - Text 'Credit' is present on page  using regular expression

2022-04-01 00:03:06 - [TEST_STEP][PASSED] - closeBrowser(): Browser is closed

2022-04-01 00:03:07 - [MESSAGE][PASSED] - Browser is closed

2022-04-01 00:03:07 - [TEST_STEP][PASSED] - ExecuteTC = findTestData(dataFile).getValue("Execute", row): null

2022-04-01 00:03:07 - [TEST_STEP][PASSED] - out.println("Value of Execute is : " + ExecuteTC): null

2022-04-01 00:03:07 - [TEST_STEP][PASSED] - switch (executionProfile): null

2022-04-01 00:03:07 - [TEST_STEP][PASSED] - case "QAProfile":: null

2022-04-01 00:03:07 - [TEST_STEP][PASSED] - appName = findTestData(dataFile).getValue("AppNameQA", row): null

2022-04-01 00:03:07 - [TEST_STEP][PASSED] - appID = findTestData(dataFile).getValue("AppIDQA", row): null

2022-04-01 00:03:07 - [TEST_STEP][PASSED] - break: null

2022-04-01 00:03:07 - [TEST_STEP][PASSED] - hrefAppID = li_1 + appID + li_2: null

2022-04-01 00:03:07 - [TEST_STEP][PASSED] - hrefApp = li_1 + appID + "/": null

2022-04-01 00:03:07 - [TEST_STEP][PASSED] - println("hrefApp : " + hrefApp): null

2022-04-01 00:03:07 - [TEST_STEP][PASSED] - if (ExecuteTC.equalsIgnoreCase("Y")): null

2022-04-01 00:03:07 - [TEST_STEP][PASSED] - out.println("Begin Record Number: " + row): null

2022-04-01 00:03:07 - [TEST_STEP][PASSED] - today = new java.util.Date(): null

2022-04-01 00:03:07 - [TEST_STEP][PASSED] - println(today): null

2022-04-01 00:03:07 - [TEST_STEP][PASSED] - datText = today: null

2022-04-01 00:03:07 - [TEST_STEP][PASSED] - adminSuiteBootstrap.loginFunctionality.login_AdminSuite(): adminSuiteBootstrap.loginFunctionality.login_AdminSuite is PASSED

2022-04-01 00:03:07 - [MESSAGE][INFO] - Starting 'Chrome' driver

2022-04-01 00:03:07 - [MESSAGE][INFO] - User set preference: ['acceptInsecureCerts', 'true']

2022-04-01 00:03:07 - [MESSAGE][INFO] - Action delay is set to 0 milliseconds

2022-04-01 00:03:10 - [MESSAGE][PASSED] - Browser is opened with url: 'https://qa.velocitypayment.com/admin/imtiaz'

2022-04-01 00:03:10 - [MESSAGE][PASSED] - Current window maximized

2022-04-01 00:03:11 - [MESSAGE][PASSED] - Object 'Object Repository/Login_Page/Login_Username' is present

2022-04-01 00:03:11 - [MESSAGE][PASSED] - Text 'iahmed' is set on object 'Object Repository/Login_Page/Login_Username'

2022-04-01 00:03:12 - [MESSAGE][PASSED] - Text 'hello2222' is set on object 'Object Repository/Login_Page/Login_Password'

2022-04-01 00:03:16 - [MESSAGE][PASSED] - Object: 'Object Repository/Login_Page/Login_Submit' is clicked on

2022-04-01 00:03:16 - [MESSAGE][PASSED] - adminSuiteBootstrap.loginFunctionality.login_AdminSuite is PASSED

2022-04-01 00:03:16 - [TEST_STEP][PASSED] - click(findTestObject(path_Dashboard + appName)): Object: 'Object Repository/AdminSuiteBootstrap_Pages/Dashboard_Bootstrap/a_Access AutoDualCFtpQA' is clicked on

2022-04-01 00:03:17 - [MESSAGE][PASSED] - Object: 'Object Repository/AdminSuiteBootstrap_Pages/Dashboard_Bootstrap/a_Access AutoDualCFtpQA' is clicked on

2022-04-01 00:03:17 - [TEST_STEP][PASSED] - click(findTestObject(path_VT + "button_Authorization  Capture (Sale)")): Object: 'Object Repository/AdminSuiteBootstrap_Pages/VT_Bootstrap/IssueTransactions/button_Authorization  Capture (Sale)' is clicked on

2022-04-01 00:03:17 - [MESSAGE][PASSED] - Object: 'Object Repository/AdminSuiteBootstrap_Pages/VT_Bootstrap/IssueTransactions/button_Authorization  Capture (Sale)' is clicked on

2022-04-01 00:03:17 - [TEST_STEP][PASSED] - saleKeyboardEntryLink = modifyObjectProperty(findTestObject(path_VT + "a_KeyboardEntry_Sale"), "href", "equals", hrefAppID, true): Modify property of object successfully

2022-04-01 00:03:17 - [MESSAGE][PASSED] - Modify property of object successfully

2022-04-01 00:03:17 - [TEST_STEP][PASSED] - click(saleKeyboardEntryLink): Object: 'Object Repository/AdminSuiteBootstrap_Pages/VT_Bootstrap/IssueTransactions/a_KeyboardEntry_Sale' is clicked on

2022-04-01 00:03:18 - [MESSAGE][PASSED] - Object: 'Object Repository/AdminSuiteBootstrap_Pages/VT_Bootstrap/IssueTransactions/a_KeyboardEntry_Sale' is clicked on

2022-04-01 00:03:18 - [TEST_STEP][PASSED] - adminSuiteBootstrap.virtualTerminalSetData.saleKeyboard_DataDriven(row, dataFile): adminSuiteBootstrap.virtualTerminalSetData.saleKeyboard_DataDriven is PASSED

2022-04-01 00:03:21 - [MESSAGE][PASSED] - Text 'Janaki James' is set on object 'Object Repository/AdminSuiteBootstrap_Pages/VT_Bootstrap/SaleKeyboard/input_cardName'

2022-04-01 00:03:22 - [MESSAGE][PASSED] - All options with value 'MOTO' are selected in object 'Object Repository/AdminSuiteBootstrap_Pages/VT_Bootstrap/SaleKeyboard/select_transactionCategory'  using regular expression

2022-04-01 00:03:23 - [MESSAGE][PASSED] - Execute JavaScript 'arguments[0].value ='5146312200000035' ' successfully

2022-04-01 00:03:23 - [MESSAGE][PASSED] - Execute JavaScript 'arguments[0].value ='123' ' successfully

2022-04-01 00:03:24 - [MESSAGE][PASSED] - All options with value '12' are selected in object 'Object Repository/AdminSuiteBootstrap_Pages/VT_Bootstrap/SaleKeyboard/select_MM'  using regular expression

2022-04-01 00:03:25 - [MESSAGE][PASSED] - All options with value '2025' are selected in object 'Object Repository/AdminSuiteBootstrap_Pages/VT_Bootstrap/SaleKeyboard/select_YYYY'  using regular expression

2022-04-01 00:03:26 - [MESSAGE][PASSED] - Text '1478 Jhatka Palace' is set on object 'Object Repository/AdminSuiteBootstrap_Pages/VT_Bootstrap/SaleKeyboard/input__address'

2022-04-01 00:03:27 - [MESSAGE][PASSED] - Text 'Suite 500' is set on object 'Object Repository/AdminSuiteBootstrap_Pages/VT_Bootstrap/SaleKeyboard/input__address2'

2022-04-01 00:03:28 - [MESSAGE][PASSED] - Text '22201' is set on object 'Object Repository/AdminSuiteBootstrap_Pages/VT_Bootstrap/SaleKeyboard/input__zip'

2022-04-01 00:03:28 - [MESSAGE][PASSED] - Text '' is set on object 'Object Repository/AdminSuiteBootstrap_Pages/VT_Bootstrap/SaleKeyboard/input_emailAddress'

2022-04-01 00:03:30 - [MESSAGE][PASSED] - Text '' is set on object 'Object Repository/AdminSuiteBootstrap_Pages/VT_Bootstrap/SaleKeyboard/input_smsNumber'

2022-04-01 00:03:30 - [MESSAGE][PASSED] - Text '10.50' is set on object 'Object Repository/AdminSuiteBootstrap_Pages/VT_Bootstrap/SaleKeyboard/input_amount'

2022-04-01 00:03:31 - [MESSAGE][PASSED] - Text 'Australia' is set on object 'Object Repository/AdminSuiteBootstrap_Pages/VT_Bootstrap/SaleKeyboard/input_userDefined1'

2022-04-01 00:03:32 - [MESSAGE][PASSED] - Text 'Denmark' is set on object 'Object Repository/AdminSuiteBootstrap_Pages/VT_Bootstrap/SaleKeyboard/input_userDefined2'

2022-04-01 00:03:33 - [MESSAGE][PASSED] - Text 'Sweden' is set on object 'Object Repository/AdminSuiteBootstrap_Pages/VT_Bootstrap/SaleKeyboard/input_userDefined3'

2022-04-01 00:03:34 - [MESSAGE][PASSED] - Text 'Austria' is set on object 'Object Repository/AdminSuiteBootstrap_Pages/VT_Bootstrap/SaleKeyboard/input_userDefined4'

2022-04-01 00:03:34 - [MESSAGE][PASSED] - All options with label 'Orange' are selected in object 'Object Repository/AdminSuiteBootstrap_Pages/VT_Bootstrap/SaleKeyboard/select_UDF5_DropDown'  using regular expression

2022-04-01 00:03:36 - [MESSAGE][PASSED] - All options with label 'Yellow' are selected in object 'Object Repository/AdminSuiteBootstrap_Pages/VT_Bootstrap/SaleKeyboard/select_UDF6_DropDown'  using regular expression

2022-04-01 00:03:36 - [MESSAGE][PASSED] - Text 'Norway' is set on object 'Object Repository/AdminSuiteBootstrap_Pages/VT_Bootstrap/SaleKeyboard/input_userDefined7'

2022-04-01 00:03:37 - [MESSAGE][PASSED] - Text 'Netherlands' is set on object 'Object Repository/AdminSuiteBootstrap_Pages/VT_Bootstrap/SaleKeyboard/input_userDefined8'

2022-04-01 00:03:38 - [MESSAGE][PASSED] - Text 'Switzerland' is set on object 'Object Repository/AdminSuiteBootstrap_Pages/VT_Bootstrap/SaleKeyboard/input_userDefined9'

2022-04-01 00:03:38 - [MESSAGE][PASSED] - Text 'France' is set on object 'Object Repository/AdminSuiteBootstrap_Pages/VT_Bootstrap/SaleKeyboard/input_userDefined10'

2022-04-01 00:03:40 - [MESSAGE][PASSED] - Object: 'Object Repository/AdminSuiteBootstrap_Pages/VT_Bootstrap/SaleKeyboard/button_Submit' is clicked on

2022-04-01 00:03:40 - [MESSAGE][PASSED] - adminSuiteBootstrap.virtualTerminalSetData.saleKeyboard_DataDriven is PASSED

2022-04-01 00:03:40 - [TEST_STEP][PASSED] - if (verifyTextPresent("Transaction Successful", true)): null

2022-04-01 00:03:41 - [MESSAGE][PASSED] - Text 'Transaction Successful' is present on page  using regular expression

2022-04-01 00:03:41 - [TEST_STEP][PASSED] - sdf = getText(findTestObject(path_Receipt + "td_AutoNoC031622113752957Ahm")): Text of object 'Object Repository/AdminSuiteBootstrap_Pages/VT_Bootstrap/Receipt/td_AutoNoC031622113752957Ahm' is: 'AutoDua040122000131091Ahm'

2022-04-01 00:03:41 - [MESSAGE][PASSED] - Text of object 'Object Repository/AdminSuiteBootstrap_Pages/VT_Bootstrap/Receipt/td_AutoNoC031622113752957Ahm' is: 'AutoDua040122000131091Ahm'

2022-04-01 00:03:41 - [TEST_STEP][PASSED] - out.println("sdf: " + sdf): null

2022-04-01 00:03:41 - [TEST_STEP][PASSED] - remID = sdf: null

2022-04-01 00:03:41 - [TEST_STEP][PASSED] - out.println("remID: " + remID): null

2022-04-01 00:03:41 - [TEST_STEP][PASSED] - click(findTestObject(path_Receipt + "button_Continue")): Object: 'Object Repository/AdminSuiteBootstrap_Pages/VT_Bootstrap/Receipt/button_Continue' is clicked on

2022-04-01 00:03:42 - [MESSAGE][PASSED] - Object: 'Object Repository/AdminSuiteBootstrap_Pages/VT_Bootstrap/Receipt/button_Continue' is clicked on

2022-04-01 00:03:42 - [TEST_STEP][PASSED] - click(findTestObject(path_VT + "a_Search Transactions")): Object: 'Object Repository/AdminSuiteBootstrap_Pages/VT_Bootstrap/IssueTransactions/a_Search Transactions' is clicked on

2022-04-01 00:03:43 - [MESSAGE][PASSED] - Object: 'Object Repository/AdminSuiteBootstrap_Pages/VT_Bootstrap/IssueTransactions/a_Search Transactions' is clicked on

2022-04-01 00:03:43 - [TEST_STEP][PASSED] - setText(findTestObject(path_CCSearch + "input_Search By_searchValue"), remID): Text 'AutoDua040122000131091Ahm' is set on object 'Object Repository/AdminSuiteBootstrap_Pages/VT_Bootstrap/CCCreditOrVoidSearch/input_Search By_searchValue'

2022-04-01 00:03:44 - [MESSAGE][PASSED] - Text 'AutoDua040122000131091Ahm' is set on object 'Object Repository/AdminSuiteBootstrap_Pages/VT_Bootstrap/CCCreditOrVoidSearch/input_Search By_searchValue'

2022-04-01 00:03:44 - [TEST_STEP][PASSED] - click(findTestObject(path_CCSearch + "button_Submit")): Object: 'Object Repository/AdminSuiteBootstrap_Pages/VT_Bootstrap/CCCreditOrVoidSearch/button_Submit' is clicked on

2022-04-01 00:03:45 - [MESSAGE][PASSED] - Object: 'Object Repository/AdminSuiteBootstrap_Pages/VT_Bootstrap/CCCreditOrVoidSearch/button_Submit' is clicked on

2022-04-01 00:03:45 - [TEST_STEP][PASSED] - fgr = getText(findTestObject(path_SearchResults + "div_Payment ID")): Text of object 'Object Repository/AdminSuiteBootstrap_Pages/VT_Bootstrap/SearchResults/div_Payment ID' is: 'Payment ID
Payment Type
Transaction Type
Remittance ID
Name
Total Amount
End Date
Status
12114256 Credit Card Authorization and Capture AutoDua040122000131091Ahm Janaki James $10.50 04/01/2022 Success'

2022-04-01 00:03:45 - [MESSAGE][PASSED] - Text of object 'Object Repository/AdminSuiteBootstrap_Pages/VT_Bootstrap/SearchResults/div_Payment ID' is: 'Payment ID
Payment Type
Transaction Type
Remittance ID
Name
Total Amount
End Date
Status
12114256 Credit Card Authorization and Capture AutoDua040122000131091Ahm Janaki James $10.50 04/01/2022 Success'

2022-04-01 00:03:45 - [TEST_STEP][PASSED] - payID = substring(89, 98).trim(): null

2022-04-01 00:03:45 - [TEST_STEP][PASSED] - out.println("payID: " + payID): null

2022-04-01 00:03:45 - [TEST_STEP][PASSED] - click(findTestObject(path_SearchResults + "button_PaymentID")): Object: 'Object Repository/AdminSuiteBootstrap_Pages/VT_Bootstrap/SearchResults/button_PaymentID' is clicked on

2022-04-01 00:03:46 - [MESSAGE][PASSED] - Object: 'Object Repository/AdminSuiteBootstrap_Pages/VT_Bootstrap/SearchResults/button_PaymentID' is clicked on

2022-04-01 00:03:46 - [TEST_STEP][PASSED] - verifyTextPresent("Tender Type", true): Text 'Tender Type' is present on page  using regular expression

2022-04-01 00:03:47 - [MESSAGE][PASSED] - Text 'Tender Type' is present on page  using regular expression

2022-04-01 00:03:47 - [TEST_STEP][PASSED] - verifyTextPresent("Credit Card", true): Text 'Credit Card' is present on page  using regular expression

2022-04-01 00:03:47 - [MESSAGE][PASSED] - Text 'Credit Card' is present on page  using regular expression

2022-04-01 00:03:47 - [TEST_STEP][PASSED] - verifyTextPresent("Transaction Type", true): Text 'Transaction Type' is present on page  using regular expression

2022-04-01 00:03:47 - [MESSAGE][PASSED] - Text 'Transaction Type' is present on page  using regular expression

2022-04-01 00:03:47 - [TEST_STEP][PASSED] - verifyTextPresent("Authorization and Capture", true): Text 'Authorization and Capture' is present on page  using regular expression

2022-04-01 00:03:48 - [MESSAGE][PASSED] - Text 'Authorization and Capture' is present on page  using regular expression

2022-04-01 00:03:48 - [TEST_STEP][PASSED] - verifyTextPresent("Transaction Posted by", true): Text 'Transaction Posted by' is present on page  using regular expression

2022-04-01 00:03:48 - [MESSAGE][PASSED] - Text 'Transaction Posted by' is present on page  using regular expression

2022-04-01 00:03:48 - [TEST_STEP][PASSED] - verifyTextPresent("iahmed", true): Text 'iahmed' is present on page  using regular expression

2022-04-01 00:03:48 - [MESSAGE][PASSED] - Text 'iahmed' is present on page  using regular expression

2022-04-01 00:03:48 - [TEST_STEP][PASSED] - click(findTestObject(path_TranxDetails + "a_Credit this transaction")): Object: 'Object Repository/AdminSuiteBootstrap_Pages/VT_Bootstrap/TransactionDetails/a_Credit this transaction' is clicked on

2022-04-01 00:03:50 - [MESSAGE][PASSED] - Object: 'Object Repository/AdminSuiteBootstrap_Pages/VT_Bootstrap/TransactionDetails/a_Credit this transaction' is clicked on

2022-04-01 00:03:50 - [TEST_STEP][PASSED] - verifyTextPresent("Credit Card Credit", true): Text 'Credit Card Credit' is present on page  using regular expression

2022-04-01 00:03:50 - [MESSAGE][PASSED] - Text 'Credit Card Credit' is present on page  using regular expression

2022-04-01 00:03:50 - [TEST_STEP][PASSED] - click(findTestObject(path_TranxDetails + "button_Submit")): Object: 'Object Repository/AdminSuiteBootstrap_Pages/VT_Bootstrap/TransactionDetails/button_Submit' is clicked on

2022-04-01 00:03:52 - [MESSAGE][PASSED] - Object: 'Object Repository/AdminSuiteBootstrap_Pages/VT_Bootstrap/TransactionDetails/button_Submit' is clicked on

2022-04-01 00:03:52 - [TEST_STEP][PASSED] - verifyTextPresent("Transaction Successful", true): Text 'Transaction Successful' is present on page  using regular expression

2022-04-01 00:03:53 - [MESSAGE][PASSED] - Text 'Transaction Successful' is present on page  using regular expression

2022-04-01 00:03:53 - [TEST_STEP][PASSED] - verifyTextPresent("Transaction Type", true): Text 'Transaction Type' is present on page  using regular expression

2022-04-01 00:03:53 - [MESSAGE][PASSED] - Text 'Transaction Type' is present on page  using regular expression

2022-04-01 00:03:53 - [TEST_STEP][PASSED] - verifyTextPresent("Credit", true): Text 'Credit' is present on page  using regular expression

2022-04-01 00:03:53 - [MESSAGE][PASSED] - Text 'Credit' is present on page  using regular expression

2022-04-01 00:03:53 - [TEST_STEP][PASSED] - closeBrowser(): Browser is closed

2022-04-01 00:03:54 - [MESSAGE][PASSED] - Browser is closed

2022-04-01 00:03:54 - [TEST_STEP][PASSED] - ExecuteTC = findTestData(dataFile).getValue("Execute", row): null

2022-04-01 00:03:54 - [TEST_STEP][PASSED] - out.println("Value of Execute is : " + ExecuteTC): null

2022-04-01 00:03:54 - [TEST_STEP][PASSED] - switch (executionProfile): null

2022-04-01 00:03:54 - [TEST_STEP][PASSED] - case "QAProfile":: null

2022-04-01 00:03:54 - [TEST_STEP][PASSED] - appName = findTestData(dataFile).getValue("AppNameQA", row): null

2022-04-01 00:03:54 - [TEST_STEP][PASSED] - appID = findTestData(dataFile).getValue("AppIDQA", row): null

2022-04-01 00:03:55 - [TEST_STEP][PASSED] - break: null

2022-04-01 00:03:55 - [TEST_STEP][PASSED] - hrefAppID = li_1 + appID + li_2: null

2022-04-01 00:03:55 - [TEST_STEP][PASSED] - hrefApp = li_1 + appID + "/": null

2022-04-01 00:03:55 - [TEST_STEP][PASSED] - println("hrefApp : " + hrefApp): null

2022-04-01 00:03:55 - [TEST_STEP][PASSED] - if (ExecuteTC.equalsIgnoreCase("Y")): null

2022-04-01 00:03:55 - [TEST_STEP][PASSED] - out.println("Begin Record Number: " + row): null

2022-04-01 00:03:55 - [TEST_STEP][PASSED] - today = new java.util.Date(): null

2022-04-01 00:03:55 - [TEST_STEP][PASSED] - println(today): null

2022-04-01 00:03:55 - [TEST_STEP][PASSED] - datText = today: null

2022-04-01 00:03:55 - [TEST_STEP][PASSED] - adminSuiteBootstrap.loginFunctionality.login_AdminSuite(): adminSuiteBootstrap.loginFunctionality.login_AdminSuite is PASSED

2022-04-01 00:03:55 - [MESSAGE][INFO] - Starting 'Chrome' driver

2022-04-01 00:03:55 - [MESSAGE][INFO] - User set preference: ['acceptInsecureCerts', 'true']

2022-04-01 00:03:55 - [MESSAGE][INFO] - Action delay is set to 0 milliseconds

2022-04-01 00:03:57 - [MESSAGE][PASSED] - Browser is opened with url: 'https://qa.velocitypayment.com/admin/imtiaz'

2022-04-01 00:03:57 - [MESSAGE][PASSED] - Current window maximized

2022-04-01 00:03:58 - [MESSAGE][PASSED] - Object 'Object Repository/Login_Page/Login_Username' is present

2022-04-01 00:03:58 - [MESSAGE][PASSED] - Text 'iahmed' is set on object 'Object Repository/Login_Page/Login_Username'

2022-04-01 00:03:59 - [MESSAGE][PASSED] - Text 'hello2222' is set on object 'Object Repository/Login_Page/Login_Password'

2022-04-01 00:04:02 - [MESSAGE][PASSED] - Object: 'Object Repository/Login_Page/Login_Submit' is clicked on

2022-04-01 00:04:02 - [MESSAGE][PASSED] - adminSuiteBootstrap.loginFunctionality.login_AdminSuite is PASSED

2022-04-01 00:04:02 - [TEST_STEP][PASSED] - click(findTestObject(path_Dashboard + appName)): Object: 'Object Repository/AdminSuiteBootstrap_Pages/Dashboard_Bootstrap/a_Access AutoDualCFtpQA' is clicked on

2022-04-01 00:04:02 - [MESSAGE][PASSED] - Object: 'Object Repository/AdminSuiteBootstrap_Pages/Dashboard_Bootstrap/a_Access AutoDualCFtpQA' is clicked on

2022-04-01 00:04:02 - [TEST_STEP][PASSED] - click(findTestObject(path_VT + "button_Authorization  Capture (Sale)")): Object: 'Object Repository/AdminSuiteBootstrap_Pages/VT_Bootstrap/IssueTransactions/button_Authorization  Capture (Sale)' is clicked on

2022-04-01 00:04:03 - [MESSAGE][PASSED] - Object: 'Object Repository/AdminSuiteBootstrap_Pages/VT_Bootstrap/IssueTransactions/button_Authorization  Capture (Sale)' is clicked on

2022-04-01 00:04:03 - [TEST_STEP][PASSED] - saleKeyboardEntryLink = modifyObjectProperty(findTestObject(path_VT + "a_KeyboardEntry_Sale"), "href", "equals", hrefAppID, true): Modify property of object successfully

2022-04-01 00:04:03 - [MESSAGE][PASSED] - Modify property of object successfully

2022-04-01 00:04:03 - [TEST_STEP][PASSED] - click(saleKeyboardEntryLink): Object: 'Object Repository/AdminSuiteBootstrap_Pages/VT_Bootstrap/IssueTransactions/a_KeyboardEntry_Sale' is clicked on

2022-04-01 00:04:04 - [MESSAGE][PASSED] - Object: 'Object Repository/AdminSuiteBootstrap_Pages/VT_Bootstrap/IssueTransactions/a_KeyboardEntry_Sale' is clicked on

2022-04-01 00:04:04 - [TEST_STEP][PASSED] - adminSuiteBootstrap.virtualTerminalSetData.saleKeyboard_DataDriven(row, dataFile): adminSuiteBootstrap.virtualTerminalSetData.saleKeyboard_DataDriven is PASSED

2022-04-01 00:04:07 - [MESSAGE][PASSED] - Text 'Janaki James' is set on object 'Object Repository/AdminSuiteBootstrap_Pages/VT_Bootstrap/SaleKeyboard/input_cardName'

2022-04-01 00:04:08 - [MESSAGE][PASSED] - All options with value 'MOTO' are selected in object 'Object Repository/AdminSuiteBootstrap_Pages/VT_Bootstrap/SaleKeyboard/select_transactionCategory'  using regular expression

2022-04-01 00:04:08 - [MESSAGE][PASSED] - Execute JavaScript 'arguments[0].value ='371449635392376' ' successfully

2022-04-01 00:04:09 - [MESSAGE][PASSED] - Execute JavaScript 'arguments[0].value ='123' ' successfully

2022-04-01 00:04:10 - [MESSAGE][PASSED] - All options with value '12' are selected in object 'Object Repository/AdminSuiteBootstrap_Pages/VT_Bootstrap/SaleKeyboard/select_MM'  using regular expression

2022-04-01 00:04:11 - [MESSAGE][PASSED] - All options with value '2025' are selected in object 'Object Repository/AdminSuiteBootstrap_Pages/VT_Bootstrap/SaleKeyboard/select_YYYY'  using regular expression

2022-04-01 00:04:12 - [MESSAGE][PASSED] - Text '550 Swan Lake' is set on object 'Object Repository/AdminSuiteBootstrap_Pages/VT_Bootstrap/SaleKeyboard/input__address'

2022-04-01 00:04:12 - [MESSAGE][PASSED] - Text 'Suite 500' is set on object 'Object Repository/AdminSuiteBootstrap_Pages/VT_Bootstrap/SaleKeyboard/input__address2'

2022-04-01 00:04:13 - [MESSAGE][PASSED] - Text '22201' is set on object 'Object Repository/AdminSuiteBootstrap_Pages/VT_Bootstrap/SaleKeyboard/input__zip'

2022-04-01 00:04:14 - [MESSAGE][PASSED] - Text '' is set on object 'Object Repository/AdminSuiteBootstrap_Pages/VT_Bootstrap/SaleKeyboard/input_emailAddress'

2022-04-01 00:04:15 - [MESSAGE][PASSED] - Text '' is set on object 'Object Repository/AdminSuiteBootstrap_Pages/VT_Bootstrap/SaleKeyboard/input_smsNumber'

2022-04-01 00:04:16 - [MESSAGE][PASSED] - Text '10.50' is set on object 'Object Repository/AdminSuiteBootstrap_Pages/VT_Bootstrap/SaleKeyboard/input_amount'

2022-04-01 00:04:17 - [MESSAGE][PASSED] - Text 'Australia' is set on object 'Object Repository/AdminSuiteBootstrap_Pages/VT_Bootstrap/SaleKeyboard/input_userDefined1'

2022-04-01 00:04:18 - [MESSAGE][PASSED] - Text 'Denmark' is set on object 'Object Repository/AdminSuiteBootstrap_Pages/VT_Bootstrap/SaleKeyboard/input_userDefined2'

2022-04-01 00:04:18 - [MESSAGE][PASSED] - Text 'Sweden' is set on object 'Object Repository/AdminSuiteBootstrap_Pages/VT_Bootstrap/SaleKeyboard/input_userDefined3'

2022-04-01 00:04:19 - [MESSAGE][PASSED] - Text 'Austria' is set on object 'Object Repository/AdminSuiteBootstrap_Pages/VT_Bootstrap/SaleKeyboard/input_userDefined4'

2022-04-01 00:04:20 - [MESSAGE][PASSED] - All options with label 'Orange' are selected in object 'Object Repository/AdminSuiteBootstrap_Pages/VT_Bootstrap/SaleKeyboard/select_UDF5_DropDown'  using regular expression

2022-04-01 00:04:21 - [MESSAGE][PASSED] - All options with label 'Yellow' are selected in object 'Object Repository/AdminSuiteBootstrap_Pages/VT_Bootstrap/SaleKeyboard/select_UDF6_DropDown'  using regular expression

2022-04-01 00:04:22 - [MESSAGE][PASSED] - Text 'Norway' is set on object 'Object Repository/AdminSuiteBootstrap_Pages/VT_Bootstrap/SaleKeyboard/input_userDefined7'

2022-04-01 00:04:23 - [MESSAGE][PASSED] - Text 'Netherlands' is set on object 'Object Repository/AdminSuiteBootstrap_Pages/VT_Bootstrap/SaleKeyboard/input_userDefined8'

2022-04-01 00:04:23 - [MESSAGE][PASSED] - Text 'Switzerland' is set on object 'Object Repository/AdminSuiteBootstrap_Pages/VT_Bootstrap/SaleKeyboard/input_userDefined9'

2022-04-01 00:04:24 - [MESSAGE][PASSED] - Text 'France' is set on object 'Object Repository/AdminSuiteBootstrap_Pages/VT_Bootstrap/SaleKeyboard/input_userDefined10'

2022-04-01 00:04:26 - [MESSAGE][PASSED] - Object: 'Object Repository/AdminSuiteBootstrap_Pages/VT_Bootstrap/SaleKeyboard/button_Submit' is clicked on

2022-04-01 00:04:26 - [MESSAGE][PASSED] - adminSuiteBootstrap.virtualTerminalSetData.saleKeyboard_DataDriven is PASSED

2022-04-01 00:04:26 - [TEST_STEP][PASSED] - if (verifyTextPresent("Transaction Successful", true)): null

2022-04-01 00:04:27 - [MESSAGE][PASSED] - Text 'Transaction Successful' is present on page  using regular expression

2022-04-01 00:04:27 - [TEST_STEP][PASSED] - sdf = getText(findTestObject(path_Receipt + "td_AutoNoC031622113752957Ahm")): Text of object 'Object Repository/AdminSuiteBootstrap_Pages/VT_Bootstrap/Receipt/td_AutoNoC031622113752957Ahm' is: 'AutoDua040122000216595Ahm'

2022-04-01 00:04:27 - [MESSAGE][PASSED] - Text of object 'Object Repository/AdminSuiteBootstrap_Pages/VT_Bootstrap/Receipt/td_AutoNoC031622113752957Ahm' is: 'AutoDua040122000216595Ahm'

2022-04-01 00:04:27 - [TEST_STEP][PASSED] - out.println("sdf: " + sdf): null

2022-04-01 00:04:27 - [TEST_STEP][PASSED] - remID = sdf: null

2022-04-01 00:04:27 - [TEST_STEP][PASSED] - out.println("remID: " + remID): null

2022-04-01 00:04:27 - [TEST_STEP][PASSED] - click(findTestObject(path_Receipt + "button_Continue")): Object: 'Object Repository/AdminSuiteBootstrap_Pages/VT_Bootstrap/Receipt/button_Continue' is clicked on

2022-04-01 00:04:28 - [MESSAGE][PASSED] - Object: 'Object Repository/AdminSuiteBootstrap_Pages/VT_Bootstrap/Receipt/button_Continue' is clicked on

2022-04-01 00:04:28 - [TEST_STEP][PASSED] - click(findTestObject(path_VT + "a_Search Transactions")): Object: 'Object Repository/AdminSuiteBootstrap_Pages/VT_Bootstrap/IssueTransactions/a_Search Transactions' is clicked on

2022-04-01 00:04:29 - [MESSAGE][PASSED] - Object: 'Object Repository/AdminSuiteBootstrap_Pages/VT_Bootstrap/IssueTransactions/a_Search Transactions' is clicked on

2022-04-01 00:04:29 - [TEST_STEP][PASSED] - setText(findTestObject(path_CCSearch + "input_Search By_searchValue"), remID): Text 'AutoDua040122000216595Ahm' is set on object 'Object Repository/AdminSuiteBootstrap_Pages/VT_Bootstrap/CCCreditOrVoidSearch/input_Search By_searchValue'

2022-04-01 00:04:30 - [MESSAGE][PASSED] - Text 'AutoDua040122000216595Ahm' is set on object 'Object Repository/AdminSuiteBootstrap_Pages/VT_Bootstrap/CCCreditOrVoidSearch/input_Search By_searchValue'

2022-04-01 00:04:30 - [TEST_STEP][PASSED] - click(findTestObject(path_CCSearch + "button_Submit")): Object: 'Object Repository/AdminSuiteBootstrap_Pages/VT_Bootstrap/CCCreditOrVoidSearch/button_Submit' is clicked on

2022-04-01 00:04:31 - [MESSAGE][PASSED] - Object: 'Object Repository/AdminSuiteBootstrap_Pages/VT_Bootstrap/CCCreditOrVoidSearch/button_Submit' is clicked on

2022-04-01 00:04:31 - [TEST_STEP][PASSED] - fgr = getText(findTestObject(path_SearchResults + "div_Payment ID")): Text of object 'Object Repository/AdminSuiteBootstrap_Pages/VT_Bootstrap/SearchResults/div_Payment ID' is: 'Payment ID
Payment Type
Transaction Type
Remittance ID
Name
Total Amount
End Date
Status
12114259 Credit Card Authorization and Capture AutoDua040122000216595Ahm Janaki James $10.50 04/01/2022 Success'

2022-04-01 00:04:31 - [MESSAGE][PASSED] - Text of object 'Object Repository/AdminSuiteBootstrap_Pages/VT_Bootstrap/SearchResults/div_Payment ID' is: 'Payment ID
Payment Type
Transaction Type
Remittance ID
Name
Total Amount
End Date
Status
12114259 Credit Card Authorization and Capture AutoDua040122000216595Ahm Janaki James $10.50 04/01/2022 Success'

2022-04-01 00:04:31 - [TEST_STEP][PASSED] - payID = substring(89, 98).trim(): null

2022-04-01 00:04:31 - [TEST_STEP][PASSED] - out.println("payID: " + payID): null

2022-04-01 00:04:31 - [TEST_STEP][PASSED] - click(findTestObject(path_SearchResults + "button_PaymentID")): Object: 'Object Repository/AdminSuiteBootstrap_Pages/VT_Bootstrap/SearchResults/button_PaymentID' is clicked on

2022-04-01 00:04:32 - [MESSAGE][PASSED] - Object: 'Object Repository/AdminSuiteBootstrap_Pages/VT_Bootstrap/SearchResults/button_PaymentID' is clicked on

2022-04-01 00:04:32 - [TEST_STEP][PASSED] - verifyTextPresent("Tender Type", true): Text 'Tender Type' is present on page  using regular expression

2022-04-01 00:04:33 - [MESSAGE][PASSED] - Text 'Tender Type' is present on page  using regular expression

2022-04-01 00:04:33 - [TEST_STEP][PASSED] - verifyTextPresent("Credit Card", true): Text 'Credit Card' is present on page  using regular expression

2022-04-01 00:04:33 - [MESSAGE][PASSED] - Text 'Credit Card' is present on page  using regular expression

2022-04-01 00:04:33 - [TEST_STEP][PASSED] - verifyTextPresent("Transaction Type", true): Text 'Transaction Type' is present on page  using regular expression

2022-04-01 00:04:33 - [MESSAGE][PASSED] - Text 'Transaction Type' is present on page  using regular expression

2022-04-01 00:04:33 - [TEST_STEP][PASSED] - verifyTextPresent("Authorization and Capture", true): Text 'Authorization and Capture' is present on page  using regular expression

2022-04-01 00:04:34 - [MESSAGE][PASSED] - Text 'Authorization and Capture' is present on page  using regular expression

2022-04-01 00:04:34 - [TEST_STEP][PASSED] - verifyTextPresent("Transaction Posted by", true): Text 'Transaction Posted by' is present on page  using regular expression

2022-04-01 00:04:34 - [MESSAGE][PASSED] - Text 'Transaction Posted by' is present on page  using regular expression

2022-04-01 00:04:34 - [TEST_STEP][PASSED] - verifyTextPresent("iahmed", true): Text 'iahmed' is present on page  using regular expression

2022-04-01 00:04:34 - [MESSAGE][PASSED] - Text 'iahmed' is present on page  using regular expression

2022-04-01 00:04:34 - [TEST_STEP][PASSED] - click(findTestObject(path_TranxDetails + "a_Credit this transaction")): Object: 'Object Repository/AdminSuiteBootstrap_Pages/VT_Bootstrap/TransactionDetails/a_Credit this transaction' is clicked on

2022-04-01 00:04:35 - [MESSAGE][PASSED] - Object: 'Object Repository/AdminSuiteBootstrap_Pages/VT_Bootstrap/TransactionDetails/a_Credit this transaction' is clicked on

2022-04-01 00:04:35 - [TEST_STEP][PASSED] - verifyTextPresent("Credit Card Credit", true): Text 'Credit Card Credit' is present on page  using regular expression

2022-04-01 00:04:36 - [MESSAGE][PASSED] - Text 'Credit Card Credit' is present on page  using regular expression

2022-04-01 00:04:36 - [TEST_STEP][PASSED] - click(findTestObject(path_TranxDetails + "button_Submit")): Object: 'Object Repository/AdminSuiteBootstrap_Pages/VT_Bootstrap/TransactionDetails/button_Submit' is clicked on

2022-04-01 00:04:38 - [MESSAGE][PASSED] - Object: 'Object Repository/AdminSuiteBootstrap_Pages/VT_Bootstrap/TransactionDetails/button_Submit' is clicked on

2022-04-01 00:04:38 - [TEST_STEP][PASSED] - verifyTextPresent("Transaction Successful", true): Text 'Transaction Successful' is present on page  using regular expression

2022-04-01 00:04:38 - [MESSAGE][PASSED] - Text 'Transaction Successful' is present on page  using regular expression

2022-04-01 00:04:38 - [TEST_STEP][PASSED] - verifyTextPresent("Transaction Type", true): Text 'Transaction Type' is present on page  using regular expression

2022-04-01 00:04:39 - [MESSAGE][PASSED] - Text 'Transaction Type' is present on page  using regular expression

2022-04-01 00:04:39 - [TEST_STEP][PASSED] - verifyTextPresent("Credit", true): Text 'Credit' is present on page  using regular expression

2022-04-01 00:04:39 - [MESSAGE][PASSED] - Text 'Credit' is present on page  using regular expression

2022-04-01 00:04:39 - [TEST_STEP][PASSED] - closeBrowser(): Browser is closed

2022-04-01 00:04:40 - [MESSAGE][PASSED] - Browser is closed

2022-04-01 00:04:40 - [TEST_STEP][PASSED] - ExecuteTC = findTestData(dataFile).getValue("Execute", row): null

2022-04-01 00:04:40 - [TEST_STEP][PASSED] - out.println("Value of Execute is : " + ExecuteTC): null

2022-04-01 00:04:40 - [TEST_STEP][PASSED] - switch (executionProfile): null

2022-04-01 00:04:40 - [TEST_STEP][PASSED] - case "QAProfile":: null

2022-04-01 00:04:40 - [TEST_STEP][PASSED] - appName = findTestData(dataFile).getValue("AppNameQA", row): null

2022-04-01 00:04:40 - [TEST_STEP][PASSED] - appID = findTestData(dataFile).getValue("AppIDQA", row): null

2022-04-01 00:04:40 - [TEST_STEP][PASSED] - break: null

2022-04-01 00:04:40 - [TEST_STEP][PASSED] - hrefAppID = li_1 + appID + li_2: null

2022-04-01 00:04:40 - [TEST_STEP][PASSED] - hrefApp = li_1 + appID + "/": null

2022-04-01 00:04:40 - [TEST_STEP][PASSED] - println("hrefApp : " + hrefApp): null

2022-04-01 00:04:40 - [TEST_STEP][PASSED] - if (ExecuteTC.equalsIgnoreCase("Y")): null

2022-04-01 00:04:40 - [TEST_STEP][PASSED] - out.println("Begin Record Number: " + row): null

2022-04-01 00:04:40 - [TEST_STEP][PASSED] - today = new java.util.Date(): null

2022-04-01 00:04:40 - [TEST_STEP][PASSED] - println(today): null

2022-04-01 00:04:40 - [TEST_STEP][PASSED] - datText = today: null

2022-04-01 00:04:40 - [TEST_STEP][PASSED] - adminSuiteBootstrap.loginFunctionality.login_AdminSuite(): adminSuiteBootstrap.loginFunctionality.login_AdminSuite is PASSED

2022-04-01 00:04:40 - [MESSAGE][INFO] - Starting 'Chrome' driver

2022-04-01 00:04:40 - [MESSAGE][INFO] - User set preference: ['acceptInsecureCerts', 'true']

2022-04-01 00:04:40 - [MESSAGE][INFO] - Action delay is set to 0 milliseconds

2022-04-01 00:04:43 - [MESSAGE][PASSED] - Browser is opened with url: 'https://qa.velocitypayment.com/admin/imtiaz'

2022-04-01 00:04:43 - [MESSAGE][PASSED] - Current window maximized

2022-04-01 00:04:43 - [MESSAGE][PASSED] - Object 'Object Repository/Login_Page/Login_Username' is present

2022-04-01 00:04:44 - [MESSAGE][PASSED] - Text 'iahmed' is set on object 'Object Repository/Login_Page/Login_Username'

2022-04-01 00:04:44 - [MESSAGE][PASSED] - Text 'hello2222' is set on object 'Object Repository/Login_Page/Login_Password'

2022-04-01 00:04:48 - [MESSAGE][PASSED] - Object: 'Object Repository/Login_Page/Login_Submit' is clicked on

2022-04-01 00:04:48 - [MESSAGE][PASSED] - adminSuiteBootstrap.loginFunctionality.login_AdminSuite is PASSED

2022-04-01 00:04:48 - [TEST_STEP][PASSED] - click(findTestObject(path_Dashboard + appName)): Object: 'Object Repository/AdminSuiteBootstrap_Pages/Dashboard_Bootstrap/a_Access AutoDualCFtpQA' is clicked on

2022-04-01 00:04:53 - [MESSAGE][PASSED] - Object: 'Object Repository/AdminSuiteBootstrap_Pages/Dashboard_Bootstrap/a_Access AutoDualCFtpQA' is clicked on

2022-04-01 00:04:53 - [TEST_STEP][PASSED] - click(findTestObject(path_VT + "button_Authorization  Capture (Sale)")): Object: 'Object Repository/AdminSuiteBootstrap_Pages/VT_Bootstrap/IssueTransactions/button_Authorization  Capture (Sale)' is clicked on

2022-04-01 00:04:54 - [MESSAGE][PASSED] - Object: 'Object Repository/AdminSuiteBootstrap_Pages/VT_Bootstrap/IssueTransactions/button_Authorization  Capture (Sale)' is clicked on

2022-04-01 00:04:54 - [TEST_STEP][PASSED] - saleKeyboardEntryLink = modifyObjectProperty(findTestObject(path_VT + "a_KeyboardEntry_Sale"), "href", "equals", hrefAppID, true): Modify property of object successfully

2022-04-01 00:04:54 - [MESSAGE][PASSED] - Modify property of object successfully

2022-04-01 00:04:54 - [TEST_STEP][PASSED] - click(saleKeyboardEntryLink): Object: 'Object Repository/AdminSuiteBootstrap_Pages/VT_Bootstrap/IssueTransactions/a_KeyboardEntry_Sale' is clicked on

2022-04-01 00:04:55 - [MESSAGE][PASSED] - Object: 'Object Repository/AdminSuiteBootstrap_Pages/VT_Bootstrap/IssueTransactions/a_KeyboardEntry_Sale' is clicked on

2022-04-01 00:04:55 - [TEST_STEP][PASSED] - adminSuiteBootstrap.virtualTerminalSetData.saleKeyboard_DataDriven(row, dataFile): adminSuiteBootstrap.virtualTerminalSetData.saleKeyboard_DataDriven is PASSED

2022-04-01 00:04:58 - [MESSAGE][PASSED] - Text 'Janaki James' is set on object 'Object Repository/AdminSuiteBootstrap_Pages/VT_Bootstrap/SaleKeyboard/input_cardName'

2022-04-01 00:04:59 - [MESSAGE][PASSED] - All options with value 'MOTO' are selected in object 'Object Repository/AdminSuiteBootstrap_Pages/VT_Bootstrap/SaleKeyboard/select_transactionCategory'  using regular expression

2022-04-01 00:04:59 - [MESSAGE][PASSED] - Execute JavaScript 'arguments[0].value ='6011000993026909' ' successfully

2022-04-01 00:04:59 - [MESSAGE][PASSED] - Execute JavaScript 'arguments[0].value ='123' ' successfully

2022-04-01 00:05:01 - [MESSAGE][PASSED] - All options with value '12' are selected in object 'Object Repository/AdminSuiteBootstrap_Pages/VT_Bootstrap/SaleKeyboard/select_MM'  using regular expression

2022-04-01 00:05:02 - [MESSAGE][PASSED] - All options with value '2025' are selected in object 'Object Repository/AdminSuiteBootstrap_Pages/VT_Bootstrap/SaleKeyboard/select_YYYY'  using regular expression

2022-04-01 00:05:02 - [MESSAGE][PASSED] - Text '25987 Hill Top' is set on object 'Object Repository/AdminSuiteBootstrap_Pages/VT_Bootstrap/SaleKeyboard/input__address'

2022-04-01 00:05:03 - [MESSAGE][PASSED] - Text 'Suite 500' is set on object 'Object Repository/AdminSuiteBootstrap_Pages/VT_Bootstrap/SaleKeyboard/input__address2'

2022-04-01 00:05:04 - [MESSAGE][PASSED] - Text '22201' is set on object 'Object Repository/AdminSuiteBootstrap_Pages/VT_Bootstrap/SaleKeyboard/input__zip'

2022-04-01 00:05:05 - [MESSAGE][PASSED] - Text '' is set on object 'Object Repository/AdminSuiteBootstrap_Pages/VT_Bootstrap/SaleKeyboard/input_emailAddress'

2022-04-01 00:05:06 - [MESSAGE][PASSED] - Text '' is set on object 'Object Repository/AdminSuiteBootstrap_Pages/VT_Bootstrap/SaleKeyboard/input_smsNumber'

2022-04-01 00:05:06 - [MESSAGE][PASSED] - Text '10.50' is set on object 'Object Repository/AdminSuiteBootstrap_Pages/VT_Bootstrap/SaleKeyboard/input_amount'

2022-04-01 00:05:08 - [MESSAGE][PASSED] - Text 'Australia' is set on object 'Object Repository/AdminSuiteBootstrap_Pages/VT_Bootstrap/SaleKeyboard/input_userDefined1'

2022-04-01 00:05:08 - [MESSAGE][PASSED] - Text 'Denmark' is set on object 'Object Repository/AdminSuiteBootstrap_Pages/VT_Bootstrap/SaleKeyboard/input_userDefined2'

2022-04-01 00:05:09 - [MESSAGE][PASSED] - Text 'Sweden' is set on object 'Object Repository/AdminSuiteBootstrap_Pages/VT_Bootstrap/SaleKeyboard/input_userDefined3'

2022-04-01 00:05:10 - [MESSAGE][PASSED] - Text 'Austria' is set on object 'Object Repository/AdminSuiteBootstrap_Pages/VT_Bootstrap/SaleKeyboard/input_userDefined4'

2022-04-01 00:05:11 - [MESSAGE][PASSED] - All options with label 'Orange' are selected in object 'Object Repository/AdminSuiteBootstrap_Pages/VT_Bootstrap/SaleKeyboard/select_UDF5_DropDown'  using regular expression

2022-04-01 00:05:12 - [MESSAGE][PASSED] - All options with label 'Yellow' are selected in object 'Object Repository/AdminSuiteBootstrap_Pages/VT_Bootstrap/SaleKeyboard/select_UDF6_DropDown'  using regular expression

2022-04-01 00:05:13 - [MESSAGE][PASSED] - Text 'Norway' is set on object 'Object Repository/AdminSuiteBootstrap_Pages/VT_Bootstrap/SaleKeyboard/input_userDefined7'

2022-04-01 00:05:13 - [MESSAGE][PASSED] - Text 'Netherlands' is set on object 'Object Repository/AdminSuiteBootstrap_Pages/VT_Bootstrap/SaleKeyboard/input_userDefined8'

2022-04-01 00:05:14 - [MESSAGE][PASSED] - Text 'Switzerland' is set on object 'Object Repository/AdminSuiteBootstrap_Pages/VT_Bootstrap/SaleKeyboard/input_userDefined9'

2022-04-01 00:05:15 - [MESSAGE][PASSED] - Text 'France' is set on object 'Object Repository/AdminSuiteBootstrap_Pages/VT_Bootstrap/SaleKeyboard/input_userDefined10'

2022-04-01 00:05:17 - [MESSAGE][PASSED] - Object: 'Object Repository/AdminSuiteBootstrap_Pages/VT_Bootstrap/SaleKeyboard/button_Submit' is clicked on

2022-04-01 00:05:17 - [MESSAGE][PASSED] - adminSuiteBootstrap.virtualTerminalSetData.saleKeyboard_DataDriven is PASSED

2022-04-01 00:05:17 - [TEST_STEP][PASSED] - if (verifyTextPresent("Transaction Successful", true)): null

2022-04-01 00:05:17 - [MESSAGE][PASSED] - Text 'Transaction Successful' is present on page  using regular expression

2022-04-01 00:05:17 - [TEST_STEP][PASSED] - sdf = getText(findTestObject(path_Receipt + "td_AutoNoC031622113752957Ahm")): Text of object 'Object Repository/AdminSuiteBootstrap_Pages/VT_Bootstrap/Receipt/td_AutoNoC031622113752957Ahm' is: 'AutoDua040122000307267Ahm'

2022-04-01 00:05:18 - [MESSAGE][PASSED] - Text of object 'Object Repository/AdminSuiteBootstrap_Pages/VT_Bootstrap/Receipt/td_AutoNoC031622113752957Ahm' is: 'AutoDua040122000307267Ahm'

2022-04-01 00:05:18 - [TEST_STEP][PASSED] - out.println("sdf: " + sdf): null

2022-04-01 00:05:18 - [TEST_STEP][PASSED] - remID = sdf: null

2022-04-01 00:05:18 - [TEST_STEP][PASSED] - out.println("remID: " + remID): null

2022-04-01 00:05:18 - [TEST_STEP][PASSED] - click(findTestObject(path_Receipt + "button_Continue")): Object: 'Object Repository/AdminSuiteBootstrap_Pages/VT_Bootstrap/Receipt/button_Continue' is clicked on

2022-04-01 00:05:19 - [MESSAGE][PASSED] - Object: 'Object Repository/AdminSuiteBootstrap_Pages/VT_Bootstrap/Receipt/button_Continue' is clicked on

2022-04-01 00:05:19 - [TEST_STEP][PASSED] - click(findTestObject(path_VT + "a_Search Transactions")): Object: 'Object Repository/AdminSuiteBootstrap_Pages/VT_Bootstrap/IssueTransactions/a_Search Transactions' is clicked on

2022-04-01 00:05:20 - [MESSAGE][PASSED] - Object: 'Object Repository/AdminSuiteBootstrap_Pages/VT_Bootstrap/IssueTransactions/a_Search Transactions' is clicked on

2022-04-01 00:05:20 - [TEST_STEP][PASSED] - setText(findTestObject(path_CCSearch + "input_Search By_searchValue"), remID): Text 'AutoDua040122000307267Ahm' is set on object 'Object Repository/AdminSuiteBootstrap_Pages/VT_Bootstrap/CCCreditOrVoidSearch/input_Search By_searchValue'

2022-04-01 00:05:21 - [MESSAGE][PASSED] - Text 'AutoDua040122000307267Ahm' is set on object 'Object Repository/AdminSuiteBootstrap_Pages/VT_Bootstrap/CCCreditOrVoidSearch/input_Search By_searchValue'

2022-04-01 00:05:21 - [TEST_STEP][PASSED] - click(findTestObject(path_CCSearch + "button_Submit")): Object: 'Object Repository/AdminSuiteBootstrap_Pages/VT_Bootstrap/CCCreditOrVoidSearch/button_Submit' is clicked on

2022-04-01 00:05:21 - [MESSAGE][PASSED] - Object: 'Object Repository/AdminSuiteBootstrap_Pages/VT_Bootstrap/CCCreditOrVoidSearch/button_Submit' is clicked on

2022-04-01 00:05:21 - [TEST_STEP][PASSED] - fgr = getText(findTestObject(path_SearchResults + "div_Payment ID")): Text of object 'Object Repository/AdminSuiteBootstrap_Pages/VT_Bootstrap/SearchResults/div_Payment ID' is: 'Payment ID
Payment Type
Transaction Type
Remittance ID
Name
Total Amount
End Date
Status
12114262 Credit Card Authorization and Capture AutoDua040122000307267Ahm Janaki James $10.50 04/01/2022 Success'

2022-04-01 00:05:22 - [MESSAGE][PASSED] - Text of object 'Object Repository/AdminSuiteBootstrap_Pages/VT_Bootstrap/SearchResults/div_Payment ID' is: 'Payment ID
Payment Type
Transaction Type
Remittance ID
Name
Total Amount
End Date
Status
12114262 Credit Card Authorization and Capture AutoDua040122000307267Ahm Janaki James $10.50 04/01/2022 Success'

2022-04-01 00:05:22 - [TEST_STEP][PASSED] - payID = substring(89, 98).trim(): null

2022-04-01 00:05:22 - [TEST_STEP][PASSED] - out.println("payID: " + payID): null

2022-04-01 00:05:22 - [TEST_STEP][PASSED] - click(findTestObject(path_SearchResults + "button_PaymentID")): Object: 'Object Repository/AdminSuiteBootstrap_Pages/VT_Bootstrap/SearchResults/button_PaymentID' is clicked on

2022-04-01 00:05:23 - [MESSAGE][PASSED] - Object: 'Object Repository/AdminSuiteBootstrap_Pages/VT_Bootstrap/SearchResults/button_PaymentID' is clicked on

2022-04-01 00:05:23 - [TEST_STEP][PASSED] - verifyTextPresent("Tender Type", true): Text 'Tender Type' is present on page  using regular expression

2022-04-01 00:05:23 - [MESSAGE][PASSED] - Text 'Tender Type' is present on page  using regular expression

2022-04-01 00:05:23 - [TEST_STEP][PASSED] - verifyTextPresent("Credit Card", true): Text 'Credit Card' is present on page  using regular expression

2022-04-01 00:05:24 - [MESSAGE][PASSED] - Text 'Credit Card' is present on page  using regular expression

2022-04-01 00:05:24 - [TEST_STEP][PASSED] - verifyTextPresent("Transaction Type", true): Text 'Transaction Type' is present on page  using regular expression

2022-04-01 00:05:24 - [MESSAGE][PASSED] - Text 'Transaction Type' is present on page  using regular expression

2022-04-01 00:05:24 - [TEST_STEP][PASSED] - verifyTextPresent("Authorization and Capture", true): Text 'Authorization and Capture' is present on page  using regular expression

2022-04-01 00:05:24 - [MESSAGE][PASSED] - Text 'Authorization and Capture' is present on page  using regular expression

2022-04-01 00:05:24 - [TEST_STEP][PASSED] - verifyTextPresent("Transaction Posted by", true): Text 'Transaction Posted by' is present on page  using regular expression

2022-04-01 00:05:25 - [MESSAGE][PASSED] - Text 'Transaction Posted by' is present on page  using regular expression

2022-04-01 00:05:25 - [TEST_STEP][PASSED] - verifyTextPresent("iahmed", true): Text 'iahmed' is present on page  using regular expression

2022-04-01 00:05:25 - [MESSAGE][PASSED] - Text 'iahmed' is present on page  using regular expression

2022-04-01 00:05:25 - [TEST_STEP][PASSED] - click(findTestObject(path_TranxDetails + "a_Credit this transaction")): Object: 'Object Repository/AdminSuiteBootstrap_Pages/VT_Bootstrap/TransactionDetails/a_Credit this transaction' is clicked on

2022-04-01 00:05:26 - [MESSAGE][PASSED] - Object: 'Object Repository/AdminSuiteBootstrap_Pages/VT_Bootstrap/TransactionDetails/a_Credit this transaction' is clicked on

2022-04-01 00:05:26 - [TEST_STEP][PASSED] - verifyTextPresent("Credit Card Credit", true): Text 'Credit Card Credit' is present on page  using regular expression

2022-04-01 00:05:27 - [MESSAGE][PASSED] - Text 'Credit Card Credit' is present on page  using regular expression

2022-04-01 00:05:27 - [TEST_STEP][PASSED] - click(findTestObject(path_TranxDetails + "button_Submit")): Object: 'Object Repository/AdminSuiteBootstrap_Pages/VT_Bootstrap/TransactionDetails/button_Submit' is clicked on

2022-04-01 00:05:29 - [MESSAGE][PASSED] - Object: 'Object Repository/AdminSuiteBootstrap_Pages/VT_Bootstrap/TransactionDetails/button_Submit' is clicked on

2022-04-01 00:05:29 - [TEST_STEP][PASSED] - verifyTextPresent("Transaction Successful", true): Text 'Transaction Successful' is present on page  using regular expression

2022-04-01 00:05:29 - [MESSAGE][PASSED] - Text 'Transaction Successful' is present on page  using regular expression

2022-04-01 00:05:29 - [TEST_STEP][PASSED] - verifyTextPresent("Transaction Type", true): Text 'Transaction Type' is present on page  using regular expression

2022-04-01 00:05:30 - [MESSAGE][PASSED] - Text 'Transaction Type' is present on page  using regular expression

2022-04-01 00:05:30 - [TEST_STEP][PASSED] - verifyTextPresent("Credit", true): Text 'Credit' is present on page  using regular expression

2022-04-01 00:05:30 - [MESSAGE][PASSED] - Text 'Credit' is present on page  using regular expression

2022-04-01 00:05:30 - [TEST_STEP][PASSED] - closeBrowser(): Browser is closed

2022-04-01 00:05:31 - [MESSAGE][PASSED] - Browser is closed]]></system-out>
         <system-err><![CDATA[]]></system-err>
      </testcase>
      <testcase name="Test Cases/Admin Suite Bootstrap/VT_TestCases/SaleAndCreditKeyboard_TP_NoCF_Generic_Payment_TC" time="369.74" classname="Test Cases/Admin Suite Bootstrap/VT_TestCases/SaleAndCreditKeyboard_TP_NoCF_Generic_Payment_TC" status="PASSED">
         <system-out><![CDATA[2022-04-01 00:05:31 - [TEST_CASE][PASSED] - Test Cases/Admin Suite Bootstrap/VT_TestCases/SaleAndCreditKeyboard_TP_NoCF_Generic_Payment_TC: Test Cases/Admin Suite Bootstrap/VT_TestCases/SaleAndCreditKeyboard_TP_NoCF_Generic_Payment_TC

2022-04-01 00:05:31 - [TEST_STEP][PASSED] - path_Dashboard = "Object Repository/AdminSuiteBootstrap_Pages/Dashboard_Bootstrap/": null

2022-04-01 00:05:31 - [TEST_STEP][PASSED] - path_VT = "Object Repository/AdminSuiteBootstrap_Pages/VT_Bootstrap/IssueTransactions/": null

2022-04-01 00:05:31 - [TEST_STEP][PASSED] - path_SaleKB = "Object Repository/AdminSuiteBootstrap_Pages/VT_Bootstrap/SaleKeyboard/": null

2022-04-01 00:05:31 - [TEST_STEP][PASSED] - path_TestMinus = "Object Repository/Page_TestMinusAndAtSigns/": null

2022-04-01 00:05:31 - [TEST_STEP][PASSED] - path_Receipt = "Object Repository/AdminSuiteBootstrap_Pages/VT_Bootstrap/Receipt/": null

2022-04-01 00:05:31 - [TEST_STEP][PASSED] - path_CCSearch = "Object Repository/AdminSuiteBootstrap_Pages/VT_Bootstrap/CCCreditOrVoidSearch/": null

2022-04-01 00:05:31 - [TEST_STEP][PASSED] - path_SearchResults = "Object Repository/AdminSuiteBootstrap_Pages/VT_Bootstrap/SearchResults/": null

2022-04-01 00:05:31 - [TEST_STEP][PASSED] - path_TranxDetails = "Object Repository/AdminSuiteBootstrap_Pages/VT_Bootstrap/TransactionDetails/": null

2022-04-01 00:05:31 - [TEST_STEP][PASSED] - li_1 = vpos_Prefix: null

2022-04-01 00:05:31 - [TEST_STEP][PASSED] - li_2 = "/transactions/AuthCapForm/": null

2022-04-01 00:05:31 - [TEST_STEP][PASSED] - executionProfile = getExecutionProfile(): null

2022-04-01 00:05:31 - [TEST_STEP][PASSED] - out.println("executionProfile : " + executionProfile): null

2022-04-01 00:05:31 - [TEST_STEP][PASSED] - appName = <not implemented yet for class: org.codehaus.groovy.ast.expr.EmptyExpression>: null

2022-04-01 00:05:31 - [TEST_STEP][PASSED] - appID = <not implemented yet for class: org.codehaus.groovy.ast.expr.EmptyExpression>: null

2022-04-01 00:05:31 - [TEST_STEP][PASSED] - cardNameV = <not implemented yet for class: org.codehaus.groovy.ast.expr.EmptyExpression>: null

2022-04-01 00:05:31 - [TEST_STEP][PASSED] - al1V = <not implemented yet for class: org.codehaus.groovy.ast.expr.EmptyExpression>: null

2022-04-01 00:05:31 - [TEST_STEP][PASSED] - al2V = <not implemented yet for class: org.codehaus.groovy.ast.expr.EmptyExpression>: null

2022-04-01 00:05:31 - [TEST_STEP][PASSED] - zipV = <not implemented yet for class: org.codehaus.groovy.ast.expr.EmptyExpression>: null

2022-04-01 00:05:31 - [TEST_STEP][PASSED] - cardTypeV = <not implemented yet for class: org.codehaus.groovy.ast.expr.EmptyExpression>: null

2022-04-01 00:05:31 - [TEST_STEP][PASSED] - last4V = <not implemented yet for class: org.codehaus.groovy.ast.expr.EmptyExpression>: null

2022-04-01 00:05:31 - [TEST_STEP][PASSED] - resText = "Fail": null

2022-04-01 00:05:31 - [TEST_STEP][PASSED] - resColumn = "Result": null

2022-04-01 00:05:31 - [TEST_STEP][PASSED] - datCloumn = "Date": null

2022-04-01 00:05:31 - [TEST_STEP][PASSED] - fileLoc = "C:\KatalonData\Bootstrap\VT-Data.xlsx": null

2022-04-01 00:05:31 - [TEST_STEP][PASSED] - numOfRows = <not implemented yet for class: org.codehaus.groovy.ast.expr.EmptyExpression>: null

2022-04-01 00:05:31 - [TEST_STEP][PASSED] - dataFile = <not implemented yet for class: org.codehaus.groovy.ast.expr.EmptyExpression>: null

2022-04-01 00:05:31 - [TEST_STEP][PASSED] - nameSheet = <not implemented yet for class: org.codehaus.groovy.ast.expr.EmptyExpression>: null

2022-04-01 00:05:31 - [TEST_STEP][PASSED] - nameSheet = "VT-SaleCredit-NoCF-Generic": null

2022-04-01 00:05:31 - [TEST_STEP][PASSED] - numOfRows = findTestData("QA/Bootstrap/VT-TestData/VT-SaleCreditData-NoCF-Generic").getRowNumbers(): null

2022-04-01 00:05:31 - [TEST_STEP][PASSED] - println("Number of Records: " + numOfRows): null

2022-04-01 00:05:31 - [TEST_STEP][PASSED] - dataFile = "QA/Bootstrap/VT-TestData/VT-SaleCreditData-NoCF-Generic": null

2022-04-01 00:05:31 - [TEST_STEP][PASSED] - for ([row = 1, row <= numOfRows, (row++)]): null

2022-04-01 00:05:31 - [TEST_STEP][PASSED] - ExecuteTC = findTestData(dataFile).getValue("Execute", row): null

2022-04-01 00:05:31 - [TEST_STEP][PASSED] - out.println("Value of Execute is : " + ExecuteTC): null

2022-04-01 00:05:31 - [TEST_STEP][PASSED] - switch (executionProfile): null

2022-04-01 00:05:31 - [TEST_STEP][PASSED] - case "QAProfile":: null

2022-04-01 00:05:31 - [TEST_STEP][PASSED] - appName = findTestData(dataFile).getValue("AppNameQA", row): null

2022-04-01 00:05:32 - [TEST_STEP][PASSED] - appID = findTestData(dataFile).getValue("AppIDQA", row): null

2022-04-01 00:05:32 - [TEST_STEP][PASSED] - break: null

2022-04-01 00:05:32 - [TEST_STEP][PASSED] - hrefAppID = li_1 + appID + li_2: null

2022-04-01 00:05:32 - [TEST_STEP][PASSED] - hrefApp = li_1 + appID + "/": null

2022-04-01 00:05:32 - [TEST_STEP][PASSED] - println("hrefApp : " + hrefApp): null

2022-04-01 00:05:32 - [TEST_STEP][PASSED] - if (ExecuteTC.equalsIgnoreCase("Y")): null

2022-04-01 00:05:32 - [TEST_STEP][PASSED] - out.println("Begin Record Number: " + row): null

2022-04-01 00:05:32 - [TEST_STEP][PASSED] - today = new java.util.Date(): null

2022-04-01 00:05:32 - [TEST_STEP][PASSED] - println(today): null

2022-04-01 00:05:32 - [TEST_STEP][PASSED] - datText = today: null

2022-04-01 00:05:32 - [TEST_STEP][PASSED] - adminSuiteBootstrap.loginFunctionality.login_AdminSuite(): adminSuiteBootstrap.loginFunctionality.login_AdminSuite is PASSED

2022-04-01 00:05:32 - [MESSAGE][INFO] - Starting 'Chrome' driver

2022-04-01 00:05:32 - [MESSAGE][INFO] - User set preference: ['acceptInsecureCerts', 'true']

2022-04-01 00:05:32 - [MESSAGE][INFO] - Action delay is set to 0 milliseconds

2022-04-01 00:05:35 - [MESSAGE][PASSED] - Browser is opened with url: 'https://qa.velocitypayment.com/admin/imtiaz'

2022-04-01 00:05:35 - [MESSAGE][PASSED] - Current window maximized

2022-04-01 00:05:35 - [MESSAGE][PASSED] - Object 'Object Repository/Login_Page/Login_Username' is present

2022-04-01 00:05:36 - [MESSAGE][PASSED] - Text 'iahmed' is set on object 'Object Repository/Login_Page/Login_Username'

2022-04-01 00:05:37 - [MESSAGE][PASSED] - Text 'hello2222' is set on object 'Object Repository/Login_Page/Login_Password'

2022-04-01 00:05:39 - [MESSAGE][PASSED] - Object: 'Object Repository/Login_Page/Login_Submit' is clicked on

2022-04-01 00:05:39 - [MESSAGE][PASSED] - adminSuiteBootstrap.loginFunctionality.login_AdminSuite is PASSED

2022-04-01 00:05:39 - [TEST_STEP][PASSED] - click(findTestObject(path_Dashboard + appName)): Object: 'Object Repository/AdminSuiteBootstrap_Pages/Dashboard_Bootstrap/a_Access AutoNoCFtp' is clicked on

2022-04-01 00:05:40 - [MESSAGE][PASSED] - Object: 'Object Repository/AdminSuiteBootstrap_Pages/Dashboard_Bootstrap/a_Access AutoNoCFtp' is clicked on

2022-04-01 00:05:40 - [TEST_STEP][PASSED] - click(findTestObject(path_VT + "button_Authorization  Capture (Sale)")): Object: 'Object Repository/AdminSuiteBootstrap_Pages/VT_Bootstrap/IssueTransactions/button_Authorization  Capture (Sale)' is clicked on

2022-04-01 00:05:41 - [MESSAGE][PASSED] - Object: 'Object Repository/AdminSuiteBootstrap_Pages/VT_Bootstrap/IssueTransactions/button_Authorization  Capture (Sale)' is clicked on

2022-04-01 00:05:41 - [TEST_STEP][PASSED] - saleKeyboardEntryLink = modifyObjectProperty(findTestObject(path_VT + "a_KeyboardEntry_Sale"), "href", "equals", hrefAppID, true): Modify property of object successfully

2022-04-01 00:05:41 - [MESSAGE][PASSED] - Modify property of object successfully

2022-04-01 00:05:41 - [TEST_STEP][PASSED] - click(saleKeyboardEntryLink): Object: 'Object Repository/AdminSuiteBootstrap_Pages/VT_Bootstrap/IssueTransactions/a_KeyboardEntry_Sale' is clicked on

2022-04-01 00:05:42 - [MESSAGE][PASSED] - Object: 'Object Repository/AdminSuiteBootstrap_Pages/VT_Bootstrap/IssueTransactions/a_KeyboardEntry_Sale' is clicked on

2022-04-01 00:05:42 - [TEST_STEP][PASSED] - adminSuiteBootstrap.virtualTerminalSetData.saleKeyboard_DataDriven(row, dataFile): adminSuiteBootstrap.virtualTerminalSetData.saleKeyboard_DataDriven is PASSED

2022-04-01 00:05:44 - [MESSAGE][PASSED] - Text 'Tulsi Raman' is set on object 'Object Repository/AdminSuiteBootstrap_Pages/VT_Bootstrap/SaleKeyboard/input_cardName'

2022-04-01 00:05:45 - [MESSAGE][PASSED] - All options with value 'RETL' are selected in object 'Object Repository/AdminSuiteBootstrap_Pages/VT_Bootstrap/SaleKeyboard/select_transactionCategory'  using regular expression

2022-04-01 00:05:46 - [MESSAGE][PASSED] - Execute JavaScript 'arguments[0].value ='4012000098765439' ' successfully

2022-04-01 00:05:46 - [MESSAGE][PASSED] - Execute JavaScript 'arguments[0].value ='123' ' successfully

2022-04-01 00:05:48 - [MESSAGE][PASSED] - All options with value '12' are selected in object 'Object Repository/AdminSuiteBootstrap_Pages/VT_Bootstrap/SaleKeyboard/select_MM'  using regular expression

2022-04-01 00:05:49 - [MESSAGE][PASSED] - All options with value '2025' are selected in object 'Object Repository/AdminSuiteBootstrap_Pages/VT_Bootstrap/SaleKeyboard/select_YYYY'  using regular expression

2022-04-01 00:05:49 - [MESSAGE][PASSED] - Text '36 Cornor Road' is set on object 'Object Repository/AdminSuiteBootstrap_Pages/VT_Bootstrap/SaleKeyboard/input__address'

2022-04-01 00:05:50 - [MESSAGE][PASSED] - Text 'Suite 500' is set on object 'Object Repository/AdminSuiteBootstrap_Pages/VT_Bootstrap/SaleKeyboard/input__address2'

2022-04-01 00:05:51 - [MESSAGE][PASSED] - Text '22201' is set on object 'Object Repository/AdminSuiteBootstrap_Pages/VT_Bootstrap/SaleKeyboard/input__zip'

2022-04-01 00:05:51 - [MESSAGE][PASSED] - Text '' is set on object 'Object Repository/AdminSuiteBootstrap_Pages/VT_Bootstrap/SaleKeyboard/input_emailAddress'

2022-04-01 00:05:53 - [MESSAGE][PASSED] - Text '' is set on object 'Object Repository/AdminSuiteBootstrap_Pages/VT_Bootstrap/SaleKeyboard/input_smsNumber'

2022-04-01 00:05:53 - [MESSAGE][PASSED] - Text '10.50' is set on object 'Object Repository/AdminSuiteBootstrap_Pages/VT_Bootstrap/SaleKeyboard/input_amount'

2022-04-01 00:05:54 - [MESSAGE][PASSED] - Text 'Australia' is set on object 'Object Repository/AdminSuiteBootstrap_Pages/VT_Bootstrap/SaleKeyboard/input_userDefined1'

2022-04-01 00:05:55 - [MESSAGE][PASSED] - Text 'Denmark' is set on object 'Object Repository/AdminSuiteBootstrap_Pages/VT_Bootstrap/SaleKeyboard/input_userDefined2'

2022-04-01 00:05:56 - [MESSAGE][PASSED] - Text 'Sweden' is set on object 'Object Repository/AdminSuiteBootstrap_Pages/VT_Bootstrap/SaleKeyboard/input_userDefined3'

2022-04-01 00:05:56 - [MESSAGE][PASSED] - Text 'Austria' is set on object 'Object Repository/AdminSuiteBootstrap_Pages/VT_Bootstrap/SaleKeyboard/input_userDefined4'

2022-04-01 00:05:57 - [MESSAGE][PASSED] - All options with label 'Orange' are selected in object 'Object Repository/AdminSuiteBootstrap_Pages/VT_Bootstrap/SaleKeyboard/select_UDF5_DropDown'  using regular expression

2022-04-01 00:05:58 - [MESSAGE][PASSED] - All options with label 'Yellow' are selected in object 'Object Repository/AdminSuiteBootstrap_Pages/VT_Bootstrap/SaleKeyboard/select_UDF6_DropDown'  using regular expression

2022-04-01 00:05:59 - [MESSAGE][PASSED] - Text 'Norway' is set on object 'Object Repository/AdminSuiteBootstrap_Pages/VT_Bootstrap/SaleKeyboard/input_userDefined7'

2022-04-01 00:06:00 - [MESSAGE][PASSED] - Text 'Netherlands' is set on object 'Object Repository/AdminSuiteBootstrap_Pages/VT_Bootstrap/SaleKeyboard/input_userDefined8'

2022-04-01 00:06:00 - [MESSAGE][PASSED] - Text 'Switzerland' is set on object 'Object Repository/AdminSuiteBootstrap_Pages/VT_Bootstrap/SaleKeyboard/input_userDefined9'

2022-04-01 00:06:01 - [MESSAGE][PASSED] - Text 'France' is set on object 'Object Repository/AdminSuiteBootstrap_Pages/VT_Bootstrap/SaleKeyboard/input_userDefined10'

2022-04-01 00:06:03 - [MESSAGE][PASSED] - Object: 'Object Repository/AdminSuiteBootstrap_Pages/VT_Bootstrap/SaleKeyboard/button_Submit' is clicked on

2022-04-01 00:06:03 - [MESSAGE][PASSED] - adminSuiteBootstrap.virtualTerminalSetData.saleKeyboard_DataDriven is PASSED

2022-04-01 00:06:03 - [TEST_STEP][PASSED] - if (verifyTextPresent("Transaction Successful", true)): null

2022-04-01 00:06:03 - [MESSAGE][PASSED] - Text 'Transaction Successful' is present on page  using regular expression

2022-04-01 00:06:03 - [TEST_STEP][PASSED] - sdf = getText(findTestObject(path_Receipt + "td_AutoNoC031622113752957Ahm")): Text of object 'Object Repository/AdminSuiteBootstrap_Pages/VT_Bootstrap/Receipt/td_AutoNoC031622113752957Ahm' is: 'AutoNoC040122000354333Ahm'

2022-04-01 00:06:04 - [MESSAGE][PASSED] - Text of object 'Object Repository/AdminSuiteBootstrap_Pages/VT_Bootstrap/Receipt/td_AutoNoC031622113752957Ahm' is: 'AutoNoC040122000354333Ahm'

2022-04-01 00:06:04 - [TEST_STEP][PASSED] - out.println("sdf: " + sdf): null

2022-04-01 00:06:04 - [TEST_STEP][PASSED] - remID = sdf: null

2022-04-01 00:06:04 - [TEST_STEP][PASSED] - out.println("remID: " + remID): null

2022-04-01 00:06:04 - [TEST_STEP][PASSED] - click(findTestObject(path_Receipt + "button_Continue")): Object: 'Object Repository/AdminSuiteBootstrap_Pages/VT_Bootstrap/Receipt/button_Continue' is clicked on

2022-04-01 00:06:04 - [MESSAGE][PASSED] - Object: 'Object Repository/AdminSuiteBootstrap_Pages/VT_Bootstrap/Receipt/button_Continue' is clicked on

2022-04-01 00:06:04 - [TEST_STEP][PASSED] - click(findTestObject(path_VT + "a_Search Transactions")): Object: 'Object Repository/AdminSuiteBootstrap_Pages/VT_Bootstrap/IssueTransactions/a_Search Transactions' is clicked on

2022-04-01 00:06:05 - [MESSAGE][PASSED] - Object: 'Object Repository/AdminSuiteBootstrap_Pages/VT_Bootstrap/IssueTransactions/a_Search Transactions' is clicked on

2022-04-01 00:06:05 - [TEST_STEP][PASSED] - setText(findTestObject(path_CCSearch + "input_Search By_searchValue"), remID): Text 'AutoNoC040122000354333Ahm' is set on object 'Object Repository/AdminSuiteBootstrap_Pages/VT_Bootstrap/CCCreditOrVoidSearch/input_Search By_searchValue'

2022-04-01 00:06:06 - [MESSAGE][PASSED] - Text 'AutoNoC040122000354333Ahm' is set on object 'Object Repository/AdminSuiteBootstrap_Pages/VT_Bootstrap/CCCreditOrVoidSearch/input_Search By_searchValue'

2022-04-01 00:06:06 - [TEST_STEP][PASSED] - click(findTestObject(path_CCSearch + "button_Submit")): Object: 'Object Repository/AdminSuiteBootstrap_Pages/VT_Bootstrap/CCCreditOrVoidSearch/button_Submit' is clicked on

2022-04-01 00:06:07 - [MESSAGE][PASSED] - Object: 'Object Repository/AdminSuiteBootstrap_Pages/VT_Bootstrap/CCCreditOrVoidSearch/button_Submit' is clicked on

2022-04-01 00:06:07 - [TEST_STEP][PASSED] - fgr = getText(findTestObject(path_SearchResults + "div_Payment ID")): Text of object 'Object Repository/AdminSuiteBootstrap_Pages/VT_Bootstrap/SearchResults/div_Payment ID' is: 'Payment ID
Payment Type
Transaction Type
Remittance ID
Name
Total Amount
End Date
Status
12114265 Credit Card Authorization and Capture AutoNoC040122000354333Ahm Tulsi Raman $10.50 04/01/2022 Success'

2022-04-01 00:06:08 - [MESSAGE][PASSED] - Text of object 'Object Repository/AdminSuiteBootstrap_Pages/VT_Bootstrap/SearchResults/div_Payment ID' is: 'Payment ID
Payment Type
Transaction Type
Remittance ID
Name
Total Amount
End Date
Status
12114265 Credit Card Authorization and Capture AutoNoC040122000354333Ahm Tulsi Raman $10.50 04/01/2022 Success'

2022-04-01 00:06:08 - [TEST_STEP][PASSED] - payID = substring(89, 98).trim(): null

2022-04-01 00:06:08 - [TEST_STEP][PASSED] - out.println("payID: " + payID): null

2022-04-01 00:06:08 - [TEST_STEP][PASSED] - click(findTestObject(path_SearchResults + "button_PaymentID")): Object: 'Object Repository/AdminSuiteBootstrap_Pages/VT_Bootstrap/SearchResults/button_PaymentID' is clicked on

2022-04-01 00:06:09 - [MESSAGE][PASSED] - Object: 'Object Repository/AdminSuiteBootstrap_Pages/VT_Bootstrap/SearchResults/button_PaymentID' is clicked on

2022-04-01 00:06:09 - [TEST_STEP][PASSED] - verifyTextPresent("Tender Type", true): Text 'Tender Type' is present on page  using regular expression

2022-04-01 00:06:09 - [MESSAGE][PASSED] - Text 'Tender Type' is present on page  using regular expression

2022-04-01 00:06:09 - [TEST_STEP][PASSED] - verifyTextPresent("Credit Card", true): Text 'Credit Card' is present on page  using regular expression

2022-04-01 00:06:09 - [MESSAGE][PASSED] - Text 'Credit Card' is present on page  using regular expression

2022-04-01 00:06:09 - [TEST_STEP][PASSED] - verifyTextPresent("Transaction Type", true): Text 'Transaction Type' is present on page  using regular expression

2022-04-01 00:06:10 - [MESSAGE][PASSED] - Text 'Transaction Type' is present on page  using regular expression

2022-04-01 00:06:10 - [TEST_STEP][PASSED] - verifyTextPresent("Authorization and Capture", true): Text 'Authorization and Capture' is present on page  using regular expression

2022-04-01 00:06:10 - [MESSAGE][PASSED] - Text 'Authorization and Capture' is present on page  using regular expression

2022-04-01 00:06:10 - [TEST_STEP][PASSED] - verifyTextPresent("Transaction Posted by", true): Text 'Transaction Posted by' is present on page  using regular expression

2022-04-01 00:06:10 - [MESSAGE][PASSED] - Text 'Transaction Posted by' is present on page  using regular expression

2022-04-01 00:06:10 - [TEST_STEP][PASSED] - verifyTextPresent("iahmed", true): Text 'iahmed' is present on page  using regular expression

2022-04-01 00:06:11 - [MESSAGE][PASSED] - Text 'iahmed' is present on page  using regular expression

2022-04-01 00:06:11 - [TEST_STEP][PASSED] - click(findTestObject(path_TranxDetails + "a_Credit this transaction")): Object: 'Object Repository/AdminSuiteBootstrap_Pages/VT_Bootstrap/TransactionDetails/a_Credit this transaction' is clicked on

2022-04-01 00:06:12 - [MESSAGE][PASSED] - Object: 'Object Repository/AdminSuiteBootstrap_Pages/VT_Bootstrap/TransactionDetails/a_Credit this transaction' is clicked on

2022-04-01 00:06:12 - [TEST_STEP][PASSED] - verifyTextPresent("Credit Card Credit", true): Text 'Credit Card Credit' is present on page  using regular expression

2022-04-01 00:06:13 - [MESSAGE][PASSED] - Text 'Credit Card Credit' is present on page  using regular expression

2022-04-01 00:06:13 - [TEST_STEP][PASSED] - click(findTestObject(path_TranxDetails + "button_Submit")): Object: 'Object Repository/AdminSuiteBootstrap_Pages/VT_Bootstrap/TransactionDetails/button_Submit' is clicked on

2022-04-01 00:06:14 - [MESSAGE][PASSED] - Object: 'Object Repository/AdminSuiteBootstrap_Pages/VT_Bootstrap/TransactionDetails/button_Submit' is clicked on

2022-04-01 00:06:14 - [TEST_STEP][PASSED] - verifyTextPresent("Transaction Successful", true): Text 'Transaction Successful' is present on page  using regular expression

2022-04-01 00:06:15 - [MESSAGE][PASSED] - Text 'Transaction Successful' is present on page  using regular expression

2022-04-01 00:06:15 - [TEST_STEP][PASSED] - verifyTextPresent("Transaction Type", true): Text 'Transaction Type' is present on page  using regular expression

2022-04-01 00:06:15 - [MESSAGE][PASSED] - Text 'Transaction Type' is present on page  using regular expression

2022-04-01 00:06:15 - [TEST_STEP][PASSED] - verifyTextPresent("Credit", true): Text 'Credit' is present on page  using regular expression

2022-04-01 00:06:15 - [MESSAGE][PASSED] - Text 'Credit' is present on page  using regular expression

2022-04-01 00:06:15 - [TEST_STEP][PASSED] - closeBrowser(): Browser is closed

2022-04-01 00:06:16 - [MESSAGE][PASSED] - Browser is closed

2022-04-01 00:06:16 - [TEST_STEP][PASSED] - ExecuteTC = findTestData(dataFile).getValue("Execute", row): null

2022-04-01 00:06:16 - [TEST_STEP][PASSED] - out.println("Value of Execute is : " + ExecuteTC): null

2022-04-01 00:06:16 - [TEST_STEP][PASSED] - switch (executionProfile): null

2022-04-01 00:06:16 - [TEST_STEP][PASSED] - case "QAProfile":: null

2022-04-01 00:06:16 - [TEST_STEP][PASSED] - appName = findTestData(dataFile).getValue("AppNameQA", row): null

2022-04-01 00:06:17 - [TEST_STEP][PASSED] - appID = findTestData(dataFile).getValue("AppIDQA", row): null

2022-04-01 00:06:17 - [TEST_STEP][PASSED] - break: null

2022-04-01 00:06:17 - [TEST_STEP][PASSED] - hrefAppID = li_1 + appID + li_2: null

2022-04-01 00:06:17 - [TEST_STEP][PASSED] - hrefApp = li_1 + appID + "/": null

2022-04-01 00:06:17 - [TEST_STEP][PASSED] - println("hrefApp : " + hrefApp): null

2022-04-01 00:06:17 - [TEST_STEP][PASSED] - if (ExecuteTC.equalsIgnoreCase("Y")): null

2022-04-01 00:06:17 - [TEST_STEP][PASSED] - out.println("Begin Record Number: " + row): null

2022-04-01 00:06:17 - [TEST_STEP][PASSED] - today = new java.util.Date(): null

2022-04-01 00:06:17 - [TEST_STEP][PASSED] - println(today): null

2022-04-01 00:06:17 - [TEST_STEP][PASSED] - datText = today: null

2022-04-01 00:06:17 - [TEST_STEP][PASSED] - adminSuiteBootstrap.loginFunctionality.login_AdminSuite(): adminSuiteBootstrap.loginFunctionality.login_AdminSuite is PASSED

2022-04-01 00:06:17 - [MESSAGE][INFO] - Starting 'Chrome' driver

2022-04-01 00:06:17 - [MESSAGE][INFO] - User set preference: ['acceptInsecureCerts', 'true']

2022-04-01 00:06:17 - [MESSAGE][INFO] - Action delay is set to 0 milliseconds

2022-04-01 00:06:19 - [MESSAGE][PASSED] - Browser is opened with url: 'https://qa.velocitypayment.com/admin/imtiaz'

2022-04-01 00:06:19 - [MESSAGE][PASSED] - Current window maximized

2022-04-01 00:06:20 - [MESSAGE][PASSED] - Object 'Object Repository/Login_Page/Login_Username' is present

2022-04-01 00:06:20 - [MESSAGE][PASSED] - Text 'iahmed' is set on object 'Object Repository/Login_Page/Login_Username'

2022-04-01 00:06:21 - [MESSAGE][PASSED] - Text 'hello2222' is set on object 'Object Repository/Login_Page/Login_Password'

2022-04-01 00:06:24 - [MESSAGE][PASSED] - Object: 'Object Repository/Login_Page/Login_Submit' is clicked on

2022-04-01 00:06:24 - [MESSAGE][PASSED] - adminSuiteBootstrap.loginFunctionality.login_AdminSuite is PASSED

2022-04-01 00:06:24 - [TEST_STEP][PASSED] - click(findTestObject(path_Dashboard + appName)): Object: 'Object Repository/AdminSuiteBootstrap_Pages/Dashboard_Bootstrap/a_Access AutoNoCFtp' is clicked on

2022-04-01 00:06:25 - [MESSAGE][PASSED] - Object: 'Object Repository/AdminSuiteBootstrap_Pages/Dashboard_Bootstrap/a_Access AutoNoCFtp' is clicked on

2022-04-01 00:06:25 - [TEST_STEP][PASSED] - click(findTestObject(path_VT + "button_Authorization  Capture (Sale)")): Object: 'Object Repository/AdminSuiteBootstrap_Pages/VT_Bootstrap/IssueTransactions/button_Authorization  Capture (Sale)' is clicked on

2022-04-01 00:06:25 - [MESSAGE][PASSED] - Object: 'Object Repository/AdminSuiteBootstrap_Pages/VT_Bootstrap/IssueTransactions/button_Authorization  Capture (Sale)' is clicked on

2022-04-01 00:06:25 - [TEST_STEP][PASSED] - saleKeyboardEntryLink = modifyObjectProperty(findTestObject(path_VT + "a_KeyboardEntry_Sale"), "href", "equals", hrefAppID, true): Modify property of object successfully

2022-04-01 00:06:25 - [MESSAGE][PASSED] - Modify property of object successfully

2022-04-01 00:06:25 - [TEST_STEP][PASSED] - click(saleKeyboardEntryLink): Object: 'Object Repository/AdminSuiteBootstrap_Pages/VT_Bootstrap/IssueTransactions/a_KeyboardEntry_Sale' is clicked on

2022-04-01 00:06:26 - [MESSAGE][PASSED] - Object: 'Object Repository/AdminSuiteBootstrap_Pages/VT_Bootstrap/IssueTransactions/a_KeyboardEntry_Sale' is clicked on

2022-04-01 00:06:26 - [TEST_STEP][PASSED] - adminSuiteBootstrap.virtualTerminalSetData.saleKeyboard_DataDriven(row, dataFile): adminSuiteBootstrap.virtualTerminalSetData.saleKeyboard_DataDriven is PASSED

2022-04-01 00:06:29 - [MESSAGE][PASSED] - Text 'Tulsi Raman' is set on object 'Object Repository/AdminSuiteBootstrap_Pages/VT_Bootstrap/SaleKeyboard/input_cardName'

2022-04-01 00:06:30 - [MESSAGE][PASSED] - All options with value 'RETL' are selected in object 'Object Repository/AdminSuiteBootstrap_Pages/VT_Bootstrap/SaleKeyboard/select_transactionCategory'  using regular expression

2022-04-01 00:06:30 - [MESSAGE][PASSED] - Execute JavaScript 'arguments[0].value ='5146312200000035' ' successfully

2022-04-01 00:06:31 - [MESSAGE][PASSED] - Execute JavaScript 'arguments[0].value ='123' ' successfully

2022-04-01 00:06:32 - [MESSAGE][PASSED] - All options with value '12' are selected in object 'Object Repository/AdminSuiteBootstrap_Pages/VT_Bootstrap/SaleKeyboard/select_MM'  using regular expression

2022-04-01 00:06:33 - [MESSAGE][PASSED] - All options with value '2025' are selected in object 'Object Repository/AdminSuiteBootstrap_Pages/VT_Bootstrap/SaleKeyboard/select_YYYY'  using regular expression

2022-04-01 00:06:34 - [MESSAGE][PASSED] - Text '1478 Jhatka Palace' is set on object 'Object Repository/AdminSuiteBootstrap_Pages/VT_Bootstrap/SaleKeyboard/input__address'

2022-04-01 00:06:35 - [MESSAGE][PASSED] - Text 'Suite 500' is set on object 'Object Repository/AdminSuiteBootstrap_Pages/VT_Bootstrap/SaleKeyboard/input__address2'

2022-04-01 00:06:35 - [MESSAGE][PASSED] - Text '22201' is set on object 'Object Repository/AdminSuiteBootstrap_Pages/VT_Bootstrap/SaleKeyboard/input__zip'

2022-04-01 00:06:36 - [MESSAGE][PASSED] - Text '' is set on object 'Object Repository/AdminSuiteBootstrap_Pages/VT_Bootstrap/SaleKeyboard/input_emailAddress'

2022-04-01 00:06:37 - [MESSAGE][PASSED] - Text '' is set on object 'Object Repository/AdminSuiteBootstrap_Pages/VT_Bootstrap/SaleKeyboard/input_smsNumber'

2022-04-01 00:06:38 - [MESSAGE][PASSED] - Text '10.50' is set on object 'Object Repository/AdminSuiteBootstrap_Pages/VT_Bootstrap/SaleKeyboard/input_amount'

2022-04-01 00:06:39 - [MESSAGE][PASSED] - Text 'Australia' is set on object 'Object Repository/AdminSuiteBootstrap_Pages/VT_Bootstrap/SaleKeyboard/input_userDefined1'

2022-04-01 00:06:39 - [MESSAGE][PASSED] - Text 'Denmark' is set on object 'Object Repository/AdminSuiteBootstrap_Pages/VT_Bootstrap/SaleKeyboard/input_userDefined2'

2022-04-01 00:06:40 - [MESSAGE][PASSED] - Text 'Sweden' is set on object 'Object Repository/AdminSuiteBootstrap_Pages/VT_Bootstrap/SaleKeyboard/input_userDefined3'

2022-04-01 00:06:41 - [MESSAGE][PASSED] - Text 'Austria' is set on object 'Object Repository/AdminSuiteBootstrap_Pages/VT_Bootstrap/SaleKeyboard/input_userDefined4'

2022-04-01 00:06:42 - [MESSAGE][PASSED] - All options with label 'Orange' are selected in object 'Object Repository/AdminSuiteBootstrap_Pages/VT_Bootstrap/SaleKeyboard/select_UDF5_DropDown'  using regular expression

2022-04-01 00:06:43 - [MESSAGE][PASSED] - All options with label 'Yellow' are selected in object 'Object Repository/AdminSuiteBootstrap_Pages/VT_Bootstrap/SaleKeyboard/select_UDF6_DropDown'  using regular expression

2022-04-01 00:06:44 - [MESSAGE][PASSED] - Text 'Norway' is set on object 'Object Repository/AdminSuiteBootstrap_Pages/VT_Bootstrap/SaleKeyboard/input_userDefined7'

2022-04-01 00:06:44 - [MESSAGE][PASSED] - Text 'Netherlands' is set on object 'Object Repository/AdminSuiteBootstrap_Pages/VT_Bootstrap/SaleKeyboard/input_userDefined8'

2022-04-01 00:06:45 - [MESSAGE][PASSED] - Text 'Switzerland' is set on object 'Object Repository/AdminSuiteBootstrap_Pages/VT_Bootstrap/SaleKeyboard/input_userDefined9'

2022-04-01 00:06:46 - [MESSAGE][PASSED] - Text 'France' is set on object 'Object Repository/AdminSuiteBootstrap_Pages/VT_Bootstrap/SaleKeyboard/input_userDefined10'

2022-04-01 00:06:47 - [MESSAGE][PASSED] - Object: 'Object Repository/AdminSuiteBootstrap_Pages/VT_Bootstrap/SaleKeyboard/button_Submit' is clicked on

2022-04-01 00:06:47 - [MESSAGE][PASSED] - adminSuiteBootstrap.virtualTerminalSetData.saleKeyboard_DataDriven is PASSED

2022-04-01 00:06:47 - [TEST_STEP][PASSED] - if (verifyTextPresent("Transaction Successful", true)): null

2022-04-01 00:06:48 - [MESSAGE][PASSED] - Text 'Transaction Successful' is present on page  using regular expression

2022-04-01 00:06:48 - [TEST_STEP][PASSED] - sdf = getText(findTestObject(path_Receipt + "td_AutoNoC031622113752957Ahm")): Text of object 'Object Repository/AdminSuiteBootstrap_Pages/VT_Bootstrap/Receipt/td_AutoNoC031622113752957Ahm' is: 'AutoNoC040122000438832Ahm'

2022-04-01 00:06:48 - [MESSAGE][PASSED] - Text of object 'Object Repository/AdminSuiteBootstrap_Pages/VT_Bootstrap/Receipt/td_AutoNoC031622113752957Ahm' is: 'AutoNoC040122000438832Ahm'

2022-04-01 00:06:48 - [TEST_STEP][PASSED] - out.println("sdf: " + sdf): null

2022-04-01 00:06:48 - [TEST_STEP][PASSED] - remID = sdf: null

2022-04-01 00:06:48 - [TEST_STEP][PASSED] - out.println("remID: " + remID): null

2022-04-01 00:06:48 - [TEST_STEP][PASSED] - click(findTestObject(path_Receipt + "button_Continue")): Object: 'Object Repository/AdminSuiteBootstrap_Pages/VT_Bootstrap/Receipt/button_Continue' is clicked on

2022-04-01 00:06:49 - [MESSAGE][PASSED] - Object: 'Object Repository/AdminSuiteBootstrap_Pages/VT_Bootstrap/Receipt/button_Continue' is clicked on

2022-04-01 00:06:49 - [TEST_STEP][PASSED] - click(findTestObject(path_VT + "a_Search Transactions")): Object: 'Object Repository/AdminSuiteBootstrap_Pages/VT_Bootstrap/IssueTransactions/a_Search Transactions' is clicked on

2022-04-01 00:06:50 - [MESSAGE][PASSED] - Object: 'Object Repository/AdminSuiteBootstrap_Pages/VT_Bootstrap/IssueTransactions/a_Search Transactions' is clicked on

2022-04-01 00:06:50 - [TEST_STEP][PASSED] - setText(findTestObject(path_CCSearch + "input_Search By_searchValue"), remID): Text 'AutoNoC040122000438832Ahm' is set on object 'Object Repository/AdminSuiteBootstrap_Pages/VT_Bootstrap/CCCreditOrVoidSearch/input_Search By_searchValue'

2022-04-01 00:06:51 - [MESSAGE][PASSED] - Text 'AutoNoC040122000438832Ahm' is set on object 'Object Repository/AdminSuiteBootstrap_Pages/VT_Bootstrap/CCCreditOrVoidSearch/input_Search By_searchValue'

2022-04-01 00:06:51 - [TEST_STEP][PASSED] - click(findTestObject(path_CCSearch + "button_Submit")): Object: 'Object Repository/AdminSuiteBootstrap_Pages/VT_Bootstrap/CCCreditOrVoidSearch/button_Submit' is clicked on

2022-04-01 00:06:52 - [MESSAGE][PASSED] - Object: 'Object Repository/AdminSuiteBootstrap_Pages/VT_Bootstrap/CCCreditOrVoidSearch/button_Submit' is clicked on

2022-04-01 00:06:52 - [TEST_STEP][PASSED] - fgr = getText(findTestObject(path_SearchResults + "div_Payment ID")): Text of object 'Object Repository/AdminSuiteBootstrap_Pages/VT_Bootstrap/SearchResults/div_Payment ID' is: 'Payment ID
Payment Type
Transaction Type
Remittance ID
Name
Total Amount
End Date
Status
12114267 Credit Card Authorization and Capture AutoNoC040122000438832Ahm Tulsi Raman $10.50 04/01/2022 Success'

2022-04-01 00:06:52 - [MESSAGE][PASSED] - Text of object 'Object Repository/AdminSuiteBootstrap_Pages/VT_Bootstrap/SearchResults/div_Payment ID' is: 'Payment ID
Payment Type
Transaction Type
Remittance ID
Name
Total Amount
End Date
Status
12114267 Credit Card Authorization and Capture AutoNoC040122000438832Ahm Tulsi Raman $10.50 04/01/2022 Success'

2022-04-01 00:06:52 - [TEST_STEP][PASSED] - payID = substring(89, 98).trim(): null

2022-04-01 00:06:52 - [TEST_STEP][PASSED] - out.println("payID: " + payID): null

2022-04-01 00:06:52 - [TEST_STEP][PASSED] - click(findTestObject(path_SearchResults + "button_PaymentID")): Object: 'Object Repository/AdminSuiteBootstrap_Pages/VT_Bootstrap/SearchResults/button_PaymentID' is clicked on

2022-04-01 00:06:53 - [MESSAGE][PASSED] - Object: 'Object Repository/AdminSuiteBootstrap_Pages/VT_Bootstrap/SearchResults/button_PaymentID' is clicked on

2022-04-01 00:06:53 - [TEST_STEP][PASSED] - verifyTextPresent("Tender Type", true): Text 'Tender Type' is present on page  using regular expression

2022-04-01 00:06:54 - [MESSAGE][PASSED] - Text 'Tender Type' is present on page  using regular expression

2022-04-01 00:06:54 - [TEST_STEP][PASSED] - verifyTextPresent("Credit Card", true): Text 'Credit Card' is present on page  using regular expression

2022-04-01 00:06:54 - [MESSAGE][PASSED] - Text 'Credit Card' is present on page  using regular expression

2022-04-01 00:06:54 - [TEST_STEP][PASSED] - verifyTextPresent("Transaction Type", true): Text 'Transaction Type' is present on page  using regular expression

2022-04-01 00:06:55 - [MESSAGE][PASSED] - Text 'Transaction Type' is present on page  using regular expression

2022-04-01 00:06:55 - [TEST_STEP][PASSED] - verifyTextPresent("Authorization and Capture", true): Text 'Authorization and Capture' is present on page  using regular expression

2022-04-01 00:06:55 - [MESSAGE][PASSED] - Text 'Authorization and Capture' is present on page  using regular expression

2022-04-01 00:06:55 - [TEST_STEP][PASSED] - verifyTextPresent("Transaction Posted by", true): Text 'Transaction Posted by' is present on page  using regular expression

2022-04-01 00:06:55 - [MESSAGE][PASSED] - Text 'Transaction Posted by' is present on page  using regular expression

2022-04-01 00:06:55 - [TEST_STEP][PASSED] - verifyTextPresent("iahmed", true): Text 'iahmed' is present on page  using regular expression

2022-04-01 00:06:56 - [MESSAGE][PASSED] - Text 'iahmed' is present on page  using regular expression

2022-04-01 00:06:56 - [TEST_STEP][PASSED] - click(findTestObject(path_TranxDetails + "a_Credit this transaction")): Object: 'Object Repository/AdminSuiteBootstrap_Pages/VT_Bootstrap/TransactionDetails/a_Credit this transaction' is clicked on

2022-04-01 00:06:57 - [MESSAGE][PASSED] - Object: 'Object Repository/AdminSuiteBootstrap_Pages/VT_Bootstrap/TransactionDetails/a_Credit this transaction' is clicked on

2022-04-01 00:06:57 - [TEST_STEP][PASSED] - verifyTextPresent("Credit Card Credit", true): Text 'Credit Card Credit' is present on page  using regular expression

2022-04-01 00:06:58 - [MESSAGE][PASSED] - Text 'Credit Card Credit' is present on page  using regular expression

2022-04-01 00:06:58 - [TEST_STEP][PASSED] - click(findTestObject(path_TranxDetails + "button_Submit")): Object: 'Object Repository/AdminSuiteBootstrap_Pages/VT_Bootstrap/TransactionDetails/button_Submit' is clicked on

2022-04-01 00:07:00 - [MESSAGE][PASSED] - Object: 'Object Repository/AdminSuiteBootstrap_Pages/VT_Bootstrap/TransactionDetails/button_Submit' is clicked on

2022-04-01 00:07:00 - [TEST_STEP][PASSED] - verifyTextPresent("Transaction Successful", true): Text 'Transaction Successful' is present on page  using regular expression

2022-04-01 00:07:00 - [MESSAGE][PASSED] - Text 'Transaction Successful' is present on page  using regular expression

2022-04-01 00:07:00 - [TEST_STEP][PASSED] - verifyTextPresent("Transaction Type", true): Text 'Transaction Type' is present on page  using regular expression

2022-04-01 00:07:01 - [MESSAGE][PASSED] - Text 'Transaction Type' is present on page  using regular expression

2022-04-01 00:07:01 - [TEST_STEP][PASSED] - verifyTextPresent("Credit", true): Text 'Credit' is present on page  using regular expression

2022-04-01 00:07:01 - [MESSAGE][PASSED] - Text 'Credit' is present on page  using regular expression

2022-04-01 00:07:01 - [TEST_STEP][PASSED] - closeBrowser(): Browser is closed

2022-04-01 00:07:02 - [MESSAGE][PASSED] - Browser is closed

2022-04-01 00:07:02 - [TEST_STEP][PASSED] - ExecuteTC = findTestData(dataFile).getValue("Execute", row): null

2022-04-01 00:07:02 - [TEST_STEP][PASSED] - out.println("Value of Execute is : " + ExecuteTC): null

2022-04-01 00:07:02 - [TEST_STEP][PASSED] - switch (executionProfile): null

2022-04-01 00:07:02 - [TEST_STEP][PASSED] - case "QAProfile":: null

2022-04-01 00:07:02 - [TEST_STEP][PASSED] - appName = findTestData(dataFile).getValue("AppNameQA", row): null

2022-04-01 00:07:02 - [TEST_STEP][PASSED] - appID = findTestData(dataFile).getValue("AppIDQA", row): null

2022-04-01 00:07:02 - [TEST_STEP][PASSED] - break: null

2022-04-01 00:07:02 - [TEST_STEP][PASSED] - hrefAppID = li_1 + appID + li_2: null

2022-04-01 00:07:02 - [TEST_STEP][PASSED] - hrefApp = li_1 + appID + "/": null

2022-04-01 00:07:02 - [TEST_STEP][PASSED] - println("hrefApp : " + hrefApp): null

2022-04-01 00:07:02 - [TEST_STEP][PASSED] - if (ExecuteTC.equalsIgnoreCase("Y")): null

2022-04-01 00:07:02 - [TEST_STEP][PASSED] - out.println("Begin Record Number: " + row): null

2022-04-01 00:07:02 - [TEST_STEP][PASSED] - today = new java.util.Date(): null

2022-04-01 00:07:02 - [TEST_STEP][PASSED] - println(today): null

2022-04-01 00:07:02 - [TEST_STEP][PASSED] - datText = today: null

2022-04-01 00:07:02 - [TEST_STEP][PASSED] - adminSuiteBootstrap.loginFunctionality.login_AdminSuite(): adminSuiteBootstrap.loginFunctionality.login_AdminSuite is PASSED

2022-04-01 00:07:02 - [MESSAGE][INFO] - Starting 'Chrome' driver

2022-04-01 00:07:02 - [MESSAGE][INFO] - User set preference: ['acceptInsecureCerts', 'true']

2022-04-01 00:07:02 - [MESSAGE][INFO] - Action delay is set to 0 milliseconds

2022-04-01 00:07:04 - [MESSAGE][PASSED] - Browser is opened with url: 'https://qa.velocitypayment.com/admin/imtiaz'

2022-04-01 00:07:05 - [MESSAGE][PASSED] - Current window maximized

2022-04-01 00:07:05 - [MESSAGE][PASSED] - Object 'Object Repository/Login_Page/Login_Username' is present

2022-04-01 00:07:06 - [MESSAGE][PASSED] - Text 'iahmed' is set on object 'Object Repository/Login_Page/Login_Username'

2022-04-01 00:07:06 - [MESSAGE][PASSED] - Text 'hello2222' is set on object 'Object Repository/Login_Page/Login_Password'

2022-04-01 00:07:09 - [MESSAGE][PASSED] - Object: 'Object Repository/Login_Page/Login_Submit' is clicked on

2022-04-01 00:07:09 - [MESSAGE][PASSED] - adminSuiteBootstrap.loginFunctionality.login_AdminSuite is PASSED

2022-04-01 00:07:09 - [TEST_STEP][PASSED] - click(findTestObject(path_Dashboard + appName)): Object: 'Object Repository/AdminSuiteBootstrap_Pages/Dashboard_Bootstrap/a_Access AutoNoCFtp' is clicked on

2022-04-01 00:07:10 - [MESSAGE][PASSED] - Object: 'Object Repository/AdminSuiteBootstrap_Pages/Dashboard_Bootstrap/a_Access AutoNoCFtp' is clicked on

2022-04-01 00:07:10 - [TEST_STEP][PASSED] - click(findTestObject(path_VT + "button_Authorization  Capture (Sale)")): Object: 'Object Repository/AdminSuiteBootstrap_Pages/VT_Bootstrap/IssueTransactions/button_Authorization  Capture (Sale)' is clicked on

2022-04-01 00:07:10 - [MESSAGE][PASSED] - Object: 'Object Repository/AdminSuiteBootstrap_Pages/VT_Bootstrap/IssueTransactions/button_Authorization  Capture (Sale)' is clicked on

2022-04-01 00:07:10 - [TEST_STEP][PASSED] - saleKeyboardEntryLink = modifyObjectProperty(findTestObject(path_VT + "a_KeyboardEntry_Sale"), "href", "equals", hrefAppID, true): Modify property of object successfully

2022-04-01 00:07:10 - [MESSAGE][PASSED] - Modify property of object successfully

2022-04-01 00:07:10 - [TEST_STEP][PASSED] - click(saleKeyboardEntryLink): Object: 'Object Repository/AdminSuiteBootstrap_Pages/VT_Bootstrap/IssueTransactions/a_KeyboardEntry_Sale' is clicked on

2022-04-01 00:07:11 - [MESSAGE][PASSED] - Object: 'Object Repository/AdminSuiteBootstrap_Pages/VT_Bootstrap/IssueTransactions/a_KeyboardEntry_Sale' is clicked on

2022-04-01 00:07:11 - [TEST_STEP][PASSED] - adminSuiteBootstrap.virtualTerminalSetData.saleKeyboard_DataDriven(row, dataFile): adminSuiteBootstrap.virtualTerminalSetData.saleKeyboard_DataDriven is PASSED

2022-04-01 00:07:14 - [MESSAGE][PASSED] - Text 'Tulsi Raman' is set on object 'Object Repository/AdminSuiteBootstrap_Pages/VT_Bootstrap/SaleKeyboard/input_cardName'

2022-04-01 00:07:15 - [MESSAGE][PASSED] - All options with value 'RETL' are selected in object 'Object Repository/AdminSuiteBootstrap_Pages/VT_Bootstrap/SaleKeyboard/select_transactionCategory'  using regular expression

2022-04-01 00:07:16 - [MESSAGE][PASSED] - Execute JavaScript 'arguments[0].value ='371449635392376' ' successfully

2022-04-01 00:07:16 - [MESSAGE][PASSED] - Execute JavaScript 'arguments[0].value ='123' ' successfully

2022-04-01 00:07:17 - [MESSAGE][PASSED] - All options with value '12' are selected in object 'Object Repository/AdminSuiteBootstrap_Pages/VT_Bootstrap/SaleKeyboard/select_MM'  using regular expression

2022-04-01 00:07:18 - [MESSAGE][PASSED] - All options with value '2025' are selected in object 'Object Repository/AdminSuiteBootstrap_Pages/VT_Bootstrap/SaleKeyboard/select_YYYY'  using regular expression

2022-04-01 00:07:19 - [MESSAGE][PASSED] - Text '550 Swan Lake' is set on object 'Object Repository/AdminSuiteBootstrap_Pages/VT_Bootstrap/SaleKeyboard/input__address'

2022-04-01 00:07:20 - [MESSAGE][PASSED] - Text 'Suite 500' is set on object 'Object Repository/AdminSuiteBootstrap_Pages/VT_Bootstrap/SaleKeyboard/input__address2'

2022-04-01 00:07:20 - [MESSAGE][PASSED] - Text '22201' is set on object 'Object Repository/AdminSuiteBootstrap_Pages/VT_Bootstrap/SaleKeyboard/input__zip'

2022-04-01 00:07:21 - [MESSAGE][PASSED] - Text '' is set on object 'Object Repository/AdminSuiteBootstrap_Pages/VT_Bootstrap/SaleKeyboard/input_emailAddress'

2022-04-01 00:07:23 - [MESSAGE][PASSED] - Text '' is set on object 'Object Repository/AdminSuiteBootstrap_Pages/VT_Bootstrap/SaleKeyboard/input_smsNumber'

2022-04-01 00:07:23 - [MESSAGE][PASSED] - Text '10.50' is set on object 'Object Repository/AdminSuiteBootstrap_Pages/VT_Bootstrap/SaleKeyboard/input_amount'

2022-04-01 00:07:24 - [MESSAGE][PASSED] - Text 'Australia' is set on object 'Object Repository/AdminSuiteBootstrap_Pages/VT_Bootstrap/SaleKeyboard/input_userDefined1'

2022-04-01 00:07:25 - [MESSAGE][PASSED] - Text 'Denmark' is set on object 'Object Repository/AdminSuiteBootstrap_Pages/VT_Bootstrap/SaleKeyboard/input_userDefined2'

2022-04-01 00:07:25 - [MESSAGE][PASSED] - Text 'Sweden' is set on object 'Object Repository/AdminSuiteBootstrap_Pages/VT_Bootstrap/SaleKeyboard/input_userDefined3'

2022-04-01 00:07:26 - [MESSAGE][PASSED] - Text 'Austria' is set on object 'Object Repository/AdminSuiteBootstrap_Pages/VT_Bootstrap/SaleKeyboard/input_userDefined4'

2022-04-01 00:07:27 - [MESSAGE][PASSED] - All options with label 'Orange' are selected in object 'Object Repository/AdminSuiteBootstrap_Pages/VT_Bootstrap/SaleKeyboard/select_UDF5_DropDown'  using regular expression

2022-04-01 00:07:28 - [MESSAGE][PASSED] - All options with label 'Yellow' are selected in object 'Object Repository/AdminSuiteBootstrap_Pages/VT_Bootstrap/SaleKeyboard/select_UDF6_DropDown'  using regular expression

2022-04-01 00:07:29 - [MESSAGE][PASSED] - Text 'Norway' is set on object 'Object Repository/AdminSuiteBootstrap_Pages/VT_Bootstrap/SaleKeyboard/input_userDefined7'

2022-04-01 00:07:30 - [MESSAGE][PASSED] - Text 'Netherlands' is set on object 'Object Repository/AdminSuiteBootstrap_Pages/VT_Bootstrap/SaleKeyboard/input_userDefined8'

2022-04-01 00:07:30 - [MESSAGE][PASSED] - Text 'Switzerland' is set on object 'Object Repository/AdminSuiteBootstrap_Pages/VT_Bootstrap/SaleKeyboard/input_userDefined9'

2022-04-01 00:07:31 - [MESSAGE][PASSED] - Text 'France' is set on object 'Object Repository/AdminSuiteBootstrap_Pages/VT_Bootstrap/SaleKeyboard/input_userDefined10'

2022-04-01 00:07:34 - [MESSAGE][PASSED] - Object: 'Object Repository/AdminSuiteBootstrap_Pages/VT_Bootstrap/SaleKeyboard/button_Submit' is clicked on

2022-04-01 00:07:34 - [MESSAGE][PASSED] - adminSuiteBootstrap.virtualTerminalSetData.saleKeyboard_DataDriven is PASSED

2022-04-01 00:07:34 - [TEST_STEP][PASSED] - if (verifyTextPresent("Transaction Successful", true)): null

2022-04-01 00:07:34 - [MESSAGE][PASSED] - Text 'Transaction Successful' is present on page  using regular expression

2022-04-01 00:07:34 - [TEST_STEP][PASSED] - sdf = getText(findTestObject(path_Receipt + "td_AutoNoC031622113752957Ahm")): Text of object 'Object Repository/AdminSuiteBootstrap_Pages/VT_Bootstrap/Receipt/td_AutoNoC031622113752957Ahm' is: 'AutoNoC040122000524005Ahm'

2022-04-01 00:07:35 - [MESSAGE][PASSED] - Text of object 'Object Repository/AdminSuiteBootstrap_Pages/VT_Bootstrap/Receipt/td_AutoNoC031622113752957Ahm' is: 'AutoNoC040122000524005Ahm'

2022-04-01 00:07:35 - [TEST_STEP][PASSED] - out.println("sdf: " + sdf): null

2022-04-01 00:07:35 - [TEST_STEP][PASSED] - remID = sdf: null

2022-04-01 00:07:35 - [TEST_STEP][PASSED] - out.println("remID: " + remID): null

2022-04-01 00:07:35 - [TEST_STEP][PASSED] - click(findTestObject(path_Receipt + "button_Continue")): Object: 'Object Repository/AdminSuiteBootstrap_Pages/VT_Bootstrap/Receipt/button_Continue' is clicked on

2022-04-01 00:07:36 - [MESSAGE][PASSED] - Object: 'Object Repository/AdminSuiteBootstrap_Pages/VT_Bootstrap/Receipt/button_Continue' is clicked on

2022-04-01 00:07:36 - [TEST_STEP][PASSED] - click(findTestObject(path_VT + "a_Search Transactions")): Object: 'Object Repository/AdminSuiteBootstrap_Pages/VT_Bootstrap/IssueTransactions/a_Search Transactions' is clicked on

2022-04-01 00:07:38 - [MESSAGE][PASSED] - Object: 'Object Repository/AdminSuiteBootstrap_Pages/VT_Bootstrap/IssueTransactions/a_Search Transactions' is clicked on

2022-04-01 00:07:38 - [TEST_STEP][PASSED] - setText(findTestObject(path_CCSearch + "input_Search By_searchValue"), remID): Text 'AutoNoC040122000524005Ahm' is set on object 'Object Repository/AdminSuiteBootstrap_Pages/VT_Bootstrap/CCCreditOrVoidSearch/input_Search By_searchValue'

2022-04-01 00:07:39 - [MESSAGE][PASSED] - Text 'AutoNoC040122000524005Ahm' is set on object 'Object Repository/AdminSuiteBootstrap_Pages/VT_Bootstrap/CCCreditOrVoidSearch/input_Search By_searchValue'

2022-04-01 00:07:39 - [TEST_STEP][PASSED] - click(findTestObject(path_CCSearch + "button_Submit")): Object: 'Object Repository/AdminSuiteBootstrap_Pages/VT_Bootstrap/CCCreditOrVoidSearch/button_Submit' is clicked on

2022-04-01 00:07:40 - [MESSAGE][PASSED] - Object: 'Object Repository/AdminSuiteBootstrap_Pages/VT_Bootstrap/CCCreditOrVoidSearch/button_Submit' is clicked on

2022-04-01 00:07:40 - [TEST_STEP][PASSED] - fgr = getText(findTestObject(path_SearchResults + "div_Payment ID")): Text of object 'Object Repository/AdminSuiteBootstrap_Pages/VT_Bootstrap/SearchResults/div_Payment ID' is: 'Payment ID
Payment Type
Transaction Type
Remittance ID
Name
Total Amount
End Date
Status
12114269 Credit Card Authorization and Capture AutoNoC040122000524005Ahm Tulsi Raman $10.50 04/01/2022 Success'

2022-04-01 00:07:41 - [MESSAGE][PASSED] - Text of object 'Object Repository/AdminSuiteBootstrap_Pages/VT_Bootstrap/SearchResults/div_Payment ID' is: 'Payment ID
Payment Type
Transaction Type
Remittance ID
Name
Total Amount
End Date
Status
12114269 Credit Card Authorization and Capture AutoNoC040122000524005Ahm Tulsi Raman $10.50 04/01/2022 Success'

2022-04-01 00:07:41 - [TEST_STEP][PASSED] - payID = substring(89, 98).trim(): null

2022-04-01 00:07:41 - [TEST_STEP][PASSED] - out.println("payID: " + payID): null

2022-04-01 00:07:41 - [TEST_STEP][PASSED] - click(findTestObject(path_SearchResults + "button_PaymentID")): Object: 'Object Repository/AdminSuiteBootstrap_Pages/VT_Bootstrap/SearchResults/button_PaymentID' is clicked on

2022-04-01 00:07:42 - [MESSAGE][PASSED] - Object: 'Object Repository/AdminSuiteBootstrap_Pages/VT_Bootstrap/SearchResults/button_PaymentID' is clicked on

2022-04-01 00:07:42 - [TEST_STEP][PASSED] - verifyTextPresent("Tender Type", true): Text 'Tender Type' is present on page  using regular expression

2022-04-01 00:07:43 - [MESSAGE][PASSED] - Text 'Tender Type' is present on page  using regular expression

2022-04-01 00:07:43 - [TEST_STEP][PASSED] - verifyTextPresent("Credit Card", true): Text 'Credit Card' is present on page  using regular expression

2022-04-01 00:07:43 - [MESSAGE][PASSED] - Text 'Credit Card' is present on page  using regular expression

2022-04-01 00:07:43 - [TEST_STEP][PASSED] - verifyTextPresent("Transaction Type", true): Text 'Transaction Type' is present on page  using regular expression

2022-04-01 00:07:44 - [MESSAGE][PASSED] - Text 'Transaction Type' is present on page  using regular expression

2022-04-01 00:07:44 - [TEST_STEP][PASSED] - verifyTextPresent("Authorization and Capture", true): Text 'Authorization and Capture' is present on page  using regular expression

2022-04-01 00:07:44 - [MESSAGE][PASSED] - Text 'Authorization and Capture' is present on page  using regular expression

2022-04-01 00:07:44 - [TEST_STEP][PASSED] - verifyTextPresent("Transaction Posted by", true): Text 'Transaction Posted by' is present on page  using regular expression

2022-04-01 00:07:44 - [MESSAGE][PASSED] - Text 'Transaction Posted by' is present on page  using regular expression

2022-04-01 00:07:44 - [TEST_STEP][PASSED] - verifyTextPresent("iahmed", true): Text 'iahmed' is present on page  using regular expression

2022-04-01 00:07:45 - [MESSAGE][PASSED] - Text 'iahmed' is present on page  using regular expression

2022-04-01 00:07:45 - [TEST_STEP][PASSED] - click(findTestObject(path_TranxDetails + "a_Credit this transaction")): Object: 'Object Repository/AdminSuiteBootstrap_Pages/VT_Bootstrap/TransactionDetails/a_Credit this transaction' is clicked on

2022-04-01 00:07:48 - [MESSAGE][PASSED] - Object: 'Object Repository/AdminSuiteBootstrap_Pages/VT_Bootstrap/TransactionDetails/a_Credit this transaction' is clicked on

2022-04-01 00:07:48 - [TEST_STEP][PASSED] - verifyTextPresent("Credit Card Credit", true): Text 'Credit Card Credit' is present on page  using regular expression

2022-04-01 00:07:49 - [MESSAGE][PASSED] - Text 'Credit Card Credit' is present on page  using regular expression

2022-04-01 00:07:49 - [TEST_STEP][PASSED] - click(findTestObject(path_TranxDetails + "button_Submit")): Object: 'Object Repository/AdminSuiteBootstrap_Pages/VT_Bootstrap/TransactionDetails/button_Submit' is clicked on

2022-04-01 00:07:51 - [MESSAGE][PASSED] - Object: 'Object Repository/AdminSuiteBootstrap_Pages/VT_Bootstrap/TransactionDetails/button_Submit' is clicked on

2022-04-01 00:07:51 - [TEST_STEP][PASSED] - verifyTextPresent("Transaction Successful", true): Text 'Transaction Successful' is present on page  using regular expression

2022-04-01 00:07:52 - [MESSAGE][PASSED] - Text 'Transaction Successful' is present on page  using regular expression

2022-04-01 00:07:52 - [TEST_STEP][PASSED] - verifyTextPresent("Transaction Type", true): Text 'Transaction Type' is present on page  using regular expression

2022-04-01 00:07:52 - [MESSAGE][PASSED] - Text 'Transaction Type' is present on page  using regular expression

2022-04-01 00:07:52 - [TEST_STEP][PASSED] - verifyTextPresent("Credit", true): Text 'Credit' is present on page  using regular expression

2022-04-01 00:07:53 - [MESSAGE][PASSED] - Text 'Credit' is present on page  using regular expression

2022-04-01 00:07:53 - [TEST_STEP][PASSED] - closeBrowser(): Browser is closed

2022-04-01 00:07:53 - [MESSAGE][PASSED] - Browser is closed

2022-04-01 00:07:53 - [TEST_STEP][PASSED] - ExecuteTC = findTestData(dataFile).getValue("Execute", row): null

2022-04-01 00:07:54 - [TEST_STEP][PASSED] - out.println("Value of Execute is : " + ExecuteTC): null

2022-04-01 00:07:54 - [TEST_STEP][PASSED] - switch (executionProfile): null

2022-04-01 00:07:54 - [TEST_STEP][PASSED] - case "QAProfile":: null

2022-04-01 00:07:54 - [TEST_STEP][PASSED] - appName = findTestData(dataFile).getValue("AppNameQA", row): null

2022-04-01 00:07:54 - [TEST_STEP][PASSED] - appID = findTestData(dataFile).getValue("AppIDQA", row): null

2022-04-01 00:07:54 - [TEST_STEP][PASSED] - break: null

2022-04-01 00:07:54 - [TEST_STEP][PASSED] - hrefAppID = li_1 + appID + li_2: null

2022-04-01 00:07:54 - [TEST_STEP][PASSED] - hrefApp = li_1 + appID + "/": null

2022-04-01 00:07:54 - [TEST_STEP][PASSED] - println("hrefApp : " + hrefApp): null

2022-04-01 00:07:54 - [TEST_STEP][PASSED] - if (ExecuteTC.equalsIgnoreCase("Y")): null

2022-04-01 00:07:54 - [TEST_STEP][PASSED] - out.println("Begin Record Number: " + row): null

2022-04-01 00:07:54 - [TEST_STEP][PASSED] - today = new java.util.Date(): null

2022-04-01 00:07:54 - [TEST_STEP][PASSED] - println(today): null

2022-04-01 00:07:54 - [TEST_STEP][PASSED] - datText = today: null

2022-04-01 00:07:54 - [TEST_STEP][PASSED] - adminSuiteBootstrap.loginFunctionality.login_AdminSuite(): adminSuiteBootstrap.loginFunctionality.login_AdminSuite is PASSED

2022-04-01 00:07:54 - [MESSAGE][INFO] - Starting 'Chrome' driver

2022-04-01 00:07:54 - [MESSAGE][INFO] - User set preference: ['acceptInsecureCerts', 'true']

2022-04-01 00:07:54 - [MESSAGE][INFO] - Action delay is set to 0 milliseconds

2022-04-01 00:07:57 - [MESSAGE][PASSED] - Browser is opened with url: 'https://qa.velocitypayment.com/admin/imtiaz'

2022-04-01 00:07:57 - [MESSAGE][PASSED] - Current window maximized

2022-04-01 00:07:57 - [MESSAGE][PASSED] - Object 'Object Repository/Login_Page/Login_Username' is present

2022-04-01 00:07:58 - [MESSAGE][PASSED] - Text 'iahmed' is set on object 'Object Repository/Login_Page/Login_Username'

2022-04-01 00:07:59 - [MESSAGE][PASSED] - Text 'hello2222' is set on object 'Object Repository/Login_Page/Login_Password'

2022-04-01 00:08:02 - [MESSAGE][PASSED] - Object: 'Object Repository/Login_Page/Login_Submit' is clicked on

2022-04-01 00:08:02 - [MESSAGE][PASSED] - adminSuiteBootstrap.loginFunctionality.login_AdminSuite is PASSED

2022-04-01 00:08:02 - [TEST_STEP][PASSED] - click(findTestObject(path_Dashboard + appName)): Object: 'Object Repository/AdminSuiteBootstrap_Pages/Dashboard_Bootstrap/a_Access AutoNoCFtp' is clicked on

2022-04-01 00:08:02 - [MESSAGE][PASSED] - Object: 'Object Repository/AdminSuiteBootstrap_Pages/Dashboard_Bootstrap/a_Access AutoNoCFtp' is clicked on

2022-04-01 00:08:02 - [TEST_STEP][PASSED] - click(findTestObject(path_VT + "button_Authorization  Capture (Sale)")): Object: 'Object Repository/AdminSuiteBootstrap_Pages/VT_Bootstrap/IssueTransactions/button_Authorization  Capture (Sale)' is clicked on

2022-04-01 00:08:03 - [MESSAGE][PASSED] - Object: 'Object Repository/AdminSuiteBootstrap_Pages/VT_Bootstrap/IssueTransactions/button_Authorization  Capture (Sale)' is clicked on

2022-04-01 00:08:03 - [TEST_STEP][PASSED] - saleKeyboardEntryLink = modifyObjectProperty(findTestObject(path_VT + "a_KeyboardEntry_Sale"), "href", "equals", hrefAppID, true): Modify property of object successfully

2022-04-01 00:08:03 - [MESSAGE][PASSED] - Modify property of object successfully

2022-04-01 00:08:03 - [TEST_STEP][PASSED] - click(saleKeyboardEntryLink): Object: 'Object Repository/AdminSuiteBootstrap_Pages/VT_Bootstrap/IssueTransactions/a_KeyboardEntry_Sale' is clicked on

2022-04-01 00:08:04 - [MESSAGE][PASSED] - Object: 'Object Repository/AdminSuiteBootstrap_Pages/VT_Bootstrap/IssueTransactions/a_KeyboardEntry_Sale' is clicked on

2022-04-01 00:08:04 - [TEST_STEP][PASSED] - adminSuiteBootstrap.virtualTerminalSetData.saleKeyboard_DataDriven(row, dataFile): adminSuiteBootstrap.virtualTerminalSetData.saleKeyboard_DataDriven is PASSED

2022-04-01 00:08:07 - [MESSAGE][PASSED] - Text 'Tulsi Raman' is set on object 'Object Repository/AdminSuiteBootstrap_Pages/VT_Bootstrap/SaleKeyboard/input_cardName'

2022-04-01 00:08:08 - [MESSAGE][PASSED] - All options with value 'RETL' are selected in object 'Object Repository/AdminSuiteBootstrap_Pages/VT_Bootstrap/SaleKeyboard/select_transactionCategory'  using regular expression

2022-04-01 00:08:08 - [MESSAGE][PASSED] - Execute JavaScript 'arguments[0].value ='6011000993026909' ' successfully

2022-04-01 00:08:09 - [MESSAGE][PASSED] - Execute JavaScript 'arguments[0].value ='123' ' successfully

2022-04-01 00:08:10 - [MESSAGE][PASSED] - All options with value '12' are selected in object 'Object Repository/AdminSuiteBootstrap_Pages/VT_Bootstrap/SaleKeyboard/select_MM'  using regular expression

2022-04-01 00:08:11 - [MESSAGE][PASSED] - All options with value '2025' are selected in object 'Object Repository/AdminSuiteBootstrap_Pages/VT_Bootstrap/SaleKeyboard/select_YYYY'  using regular expression

2022-04-01 00:08:12 - [MESSAGE][PASSED] - Text '25987 Hill Top' is set on object 'Object Repository/AdminSuiteBootstrap_Pages/VT_Bootstrap/SaleKeyboard/input__address'

2022-04-01 00:08:12 - [MESSAGE][PASSED] - Text 'Suite 500' is set on object 'Object Repository/AdminSuiteBootstrap_Pages/VT_Bootstrap/SaleKeyboard/input__address2'

2022-04-01 00:08:13 - [MESSAGE][PASSED] - Text '22201' is set on object 'Object Repository/AdminSuiteBootstrap_Pages/VT_Bootstrap/SaleKeyboard/input__zip'

2022-04-01 00:08:14 - [MESSAGE][PASSED] - Text '' is set on object 'Object Repository/AdminSuiteBootstrap_Pages/VT_Bootstrap/SaleKeyboard/input_emailAddress'

2022-04-01 00:08:15 - [MESSAGE][PASSED] - Text '' is set on object 'Object Repository/AdminSuiteBootstrap_Pages/VT_Bootstrap/SaleKeyboard/input_smsNumber'

2022-04-01 00:08:16 - [MESSAGE][PASSED] - Text '10.50' is set on object 'Object Repository/AdminSuiteBootstrap_Pages/VT_Bootstrap/SaleKeyboard/input_amount'

2022-04-01 00:08:16 - [MESSAGE][PASSED] - Text 'Australia' is set on object 'Object Repository/AdminSuiteBootstrap_Pages/VT_Bootstrap/SaleKeyboard/input_userDefined1'

2022-04-01 00:08:17 - [MESSAGE][PASSED] - Text 'Denmark' is set on object 'Object Repository/AdminSuiteBootstrap_Pages/VT_Bootstrap/SaleKeyboard/input_userDefined2'

2022-04-01 00:08:18 - [MESSAGE][PASSED] - Text 'Sweden' is set on object 'Object Repository/AdminSuiteBootstrap_Pages/VT_Bootstrap/SaleKeyboard/input_userDefined3'

2022-04-01 00:08:19 - [MESSAGE][PASSED] - Text 'Austria' is set on object 'Object Repository/AdminSuiteBootstrap_Pages/VT_Bootstrap/SaleKeyboard/input_userDefined4'

2022-04-01 00:08:20 - [MESSAGE][PASSED] - All options with label 'Orange' are selected in object 'Object Repository/AdminSuiteBootstrap_Pages/VT_Bootstrap/SaleKeyboard/select_UDF5_DropDown'  using regular expression

2022-04-01 00:08:21 - [MESSAGE][PASSED] - All options with label 'Yellow' are selected in object 'Object Repository/AdminSuiteBootstrap_Pages/VT_Bootstrap/SaleKeyboard/select_UDF6_DropDown'  using regular expression

2022-04-01 00:08:21 - [MESSAGE][PASSED] - Text 'Norway' is set on object 'Object Repository/AdminSuiteBootstrap_Pages/VT_Bootstrap/SaleKeyboard/input_userDefined7'

2022-04-01 00:08:22 - [MESSAGE][PASSED] - Text 'Netherlands' is set on object 'Object Repository/AdminSuiteBootstrap_Pages/VT_Bootstrap/SaleKeyboard/input_userDefined8'

2022-04-01 00:08:23 - [MESSAGE][PASSED] - Text 'Switzerland' is set on object 'Object Repository/AdminSuiteBootstrap_Pages/VT_Bootstrap/SaleKeyboard/input_userDefined9'

2022-04-01 00:08:23 - [MESSAGE][PASSED] - Text 'France' is set on object 'Object Repository/AdminSuiteBootstrap_Pages/VT_Bootstrap/SaleKeyboard/input_userDefined10'

2022-04-01 00:08:25 - [MESSAGE][PASSED] - Object: 'Object Repository/AdminSuiteBootstrap_Pages/VT_Bootstrap/SaleKeyboard/button_Submit' is clicked on

2022-04-01 00:08:25 - [MESSAGE][PASSED] - adminSuiteBootstrap.virtualTerminalSetData.saleKeyboard_DataDriven is PASSED

2022-04-01 00:08:25 - [TEST_STEP][PASSED] - if (verifyTextPresent("Transaction Successful", true)): null

2022-04-01 00:08:25 - [MESSAGE][PASSED] - Text 'Transaction Successful' is present on page  using regular expression

2022-04-01 00:08:25 - [TEST_STEP][PASSED] - sdf = getText(findTestObject(path_Receipt + "td_AutoNoC031622113752957Ahm")): Text of object 'Object Repository/AdminSuiteBootstrap_Pages/VT_Bootstrap/Receipt/td_AutoNoC031622113752957Ahm' is: 'AutoNoC040122000616533Ahm'

2022-04-01 00:08:26 - [MESSAGE][PASSED] - Text of object 'Object Repository/AdminSuiteBootstrap_Pages/VT_Bootstrap/Receipt/td_AutoNoC031622113752957Ahm' is: 'AutoNoC040122000616533Ahm'

2022-04-01 00:08:26 - [TEST_STEP][PASSED] - out.println("sdf: " + sdf): null

2022-04-01 00:08:26 - [TEST_STEP][PASSED] - remID = sdf: null

2022-04-01 00:08:26 - [TEST_STEP][PASSED] - out.println("remID: " + remID): null

2022-04-01 00:08:26 - [TEST_STEP][PASSED] - click(findTestObject(path_Receipt + "button_Continue")): Object: 'Object Repository/AdminSuiteBootstrap_Pages/VT_Bootstrap/Receipt/button_Continue' is clicked on

2022-04-01 00:08:27 - [MESSAGE][PASSED] - Object: 'Object Repository/AdminSuiteBootstrap_Pages/VT_Bootstrap/Receipt/button_Continue' is clicked on

2022-04-01 00:08:27 - [TEST_STEP][PASSED] - click(findTestObject(path_VT + "a_Search Transactions")): Object: 'Object Repository/AdminSuiteBootstrap_Pages/VT_Bootstrap/IssueTransactions/a_Search Transactions' is clicked on

2022-04-01 00:08:28 - [MESSAGE][PASSED] - Object: 'Object Repository/AdminSuiteBootstrap_Pages/VT_Bootstrap/IssueTransactions/a_Search Transactions' is clicked on

2022-04-01 00:08:28 - [TEST_STEP][PASSED] - setText(findTestObject(path_CCSearch + "input_Search By_searchValue"), remID): Text 'AutoNoC040122000616533Ahm' is set on object 'Object Repository/AdminSuiteBootstrap_Pages/VT_Bootstrap/CCCreditOrVoidSearch/input_Search By_searchValue'

2022-04-01 00:08:29 - [MESSAGE][PASSED] - Text 'AutoNoC040122000616533Ahm' is set on object 'Object Repository/AdminSuiteBootstrap_Pages/VT_Bootstrap/CCCreditOrVoidSearch/input_Search By_searchValue'

2022-04-01 00:08:29 - [TEST_STEP][PASSED] - click(findTestObject(path_CCSearch + "button_Submit")): Object: 'Object Repository/AdminSuiteBootstrap_Pages/VT_Bootstrap/CCCreditOrVoidSearch/button_Submit' is clicked on

2022-04-01 00:08:29 - [MESSAGE][PASSED] - Object: 'Object Repository/AdminSuiteBootstrap_Pages/VT_Bootstrap/CCCreditOrVoidSearch/button_Submit' is clicked on

2022-04-01 00:08:29 - [TEST_STEP][PASSED] - fgr = getText(findTestObject(path_SearchResults + "div_Payment ID")): Text of object 'Object Repository/AdminSuiteBootstrap_Pages/VT_Bootstrap/SearchResults/div_Payment ID' is: 'Payment ID
Payment Type
Transaction Type
Remittance ID
Name
Total Amount
End Date
Status
12114271 Credit Card Authorization and Capture AutoNoC040122000616533Ahm Tulsi Raman $10.50 04/01/2022 Success'

2022-04-01 00:08:30 - [MESSAGE][PASSED] - Text of object 'Object Repository/AdminSuiteBootstrap_Pages/VT_Bootstrap/SearchResults/div_Payment ID' is: 'Payment ID
Payment Type
Transaction Type
Remittance ID
Name
Total Amount
End Date
Status
12114271 Credit Card Authorization and Capture AutoNoC040122000616533Ahm Tulsi Raman $10.50 04/01/2022 Success'

2022-04-01 00:08:30 - [TEST_STEP][PASSED] - payID = substring(89, 98).trim(): null

2022-04-01 00:08:30 - [TEST_STEP][PASSED] - out.println("payID: " + payID): null

2022-04-01 00:08:30 - [TEST_STEP][PASSED] - click(findTestObject(path_SearchResults + "button_PaymentID")): Object: 'Object Repository/AdminSuiteBootstrap_Pages/VT_Bootstrap/SearchResults/button_PaymentID' is clicked on

2022-04-01 00:08:31 - [MESSAGE][PASSED] - Object: 'Object Repository/AdminSuiteBootstrap_Pages/VT_Bootstrap/SearchResults/button_PaymentID' is clicked on

2022-04-01 00:08:31 - [TEST_STEP][PASSED] - verifyTextPresent("Tender Type", true): Text 'Tender Type' is present on page  using regular expression

2022-04-01 00:08:31 - [MESSAGE][PASSED] - Text 'Tender Type' is present on page  using regular expression

2022-04-01 00:08:31 - [TEST_STEP][PASSED] - verifyTextPresent("Credit Card", true): Text 'Credit Card' is present on page  using regular expression

2022-04-01 00:08:32 - [MESSAGE][PASSED] - Text 'Credit Card' is present on page  using regular expression

2022-04-01 00:08:32 - [TEST_STEP][PASSED] - verifyTextPresent("Transaction Type", true): Text 'Transaction Type' is present on page  using regular expression

2022-04-01 00:08:32 - [MESSAGE][PASSED] - Text 'Transaction Type' is present on page  using regular expression

2022-04-01 00:08:32 - [TEST_STEP][PASSED] - verifyTextPresent("Authorization and Capture", true): Text 'Authorization and Capture' is present on page  using regular expression

2022-04-01 00:08:32 - [MESSAGE][PASSED] - Text 'Authorization and Capture' is present on page  using regular expression

2022-04-01 00:08:32 - [TEST_STEP][PASSED] - verifyTextPresent("Transaction Posted by", true): Text 'Transaction Posted by' is present on page  using regular expression

2022-04-01 00:08:33 - [MESSAGE][PASSED] - Text 'Transaction Posted by' is present on page  using regular expression

2022-04-01 00:08:33 - [TEST_STEP][PASSED] - verifyTextPresent("iahmed", true): Text 'iahmed' is present on page  using regular expression

2022-04-01 00:08:33 - [MESSAGE][PASSED] - Text 'iahmed' is present on page  using regular expression

2022-04-01 00:08:33 - [TEST_STEP][PASSED] - click(findTestObject(path_TranxDetails + "a_Credit this transaction")): Object: 'Object Repository/AdminSuiteBootstrap_Pages/VT_Bootstrap/TransactionDetails/a_Credit this transaction' is clicked on

2022-04-01 00:08:34 - [MESSAGE][PASSED] - Object: 'Object Repository/AdminSuiteBootstrap_Pages/VT_Bootstrap/TransactionDetails/a_Credit this transaction' is clicked on

2022-04-01 00:08:34 - [TEST_STEP][PASSED] - verifyTextPresent("Credit Card Credit", true): Text 'Credit Card Credit' is present on page  using regular expression

2022-04-01 00:08:35 - [MESSAGE][PASSED] - Text 'Credit Card Credit' is present on page  using regular expression

2022-04-01 00:08:35 - [TEST_STEP][PASSED] - click(findTestObject(path_TranxDetails + "button_Submit")): Object: 'Object Repository/AdminSuiteBootstrap_Pages/VT_Bootstrap/TransactionDetails/button_Submit' is clicked on

2022-04-01 00:08:37 - [MESSAGE][PASSED] - Object: 'Object Repository/AdminSuiteBootstrap_Pages/VT_Bootstrap/TransactionDetails/button_Submit' is clicked on

2022-04-01 00:08:37 - [TEST_STEP][PASSED] - verifyTextPresent("Transaction Successful", true): Text 'Transaction Successful' is present on page  using regular expression

2022-04-01 00:08:37 - [MESSAGE][PASSED] - Text 'Transaction Successful' is present on page  using regular expression

2022-04-01 00:08:37 - [TEST_STEP][PASSED] - verifyTextPresent("Transaction Type", true): Text 'Transaction Type' is present on page  using regular expression

2022-04-01 00:08:38 - [MESSAGE][PASSED] - Text 'Transaction Type' is present on page  using regular expression

2022-04-01 00:08:38 - [TEST_STEP][PASSED] - verifyTextPresent("Credit", true): Text 'Credit' is present on page  using regular expression

2022-04-01 00:08:38 - [MESSAGE][PASSED] - Text 'Credit' is present on page  using regular expression

2022-04-01 00:08:38 - [TEST_STEP][PASSED] - closeBrowser(): Browser is closed

2022-04-01 00:08:39 - [MESSAGE][PASSED] - Browser is closed

2022-04-01 00:08:39 - [TEST_STEP][PASSED] - ExecuteTC = findTestData(dataFile).getValue("Execute", row): null

2022-04-01 00:08:39 - [TEST_STEP][PASSED] - out.println("Value of Execute is : " + ExecuteTC): null

2022-04-01 00:08:39 - [TEST_STEP][PASSED] - switch (executionProfile): null

2022-04-01 00:08:39 - [TEST_STEP][PASSED] - case "QAProfile":: null

2022-04-01 00:08:39 - [TEST_STEP][PASSED] - appName = findTestData(dataFile).getValue("AppNameQA", row): null

2022-04-01 00:08:39 - [TEST_STEP][PASSED] - appID = findTestData(dataFile).getValue("AppIDQA", row): null

2022-04-01 00:08:39 - [TEST_STEP][PASSED] - break: null

2022-04-01 00:08:39 - [TEST_STEP][PASSED] - hrefAppID = li_1 + appID + li_2: null

2022-04-01 00:08:39 - [TEST_STEP][PASSED] - hrefApp = li_1 + appID + "/": null

2022-04-01 00:08:39 - [TEST_STEP][PASSED] - println("hrefApp : " + hrefApp): null

2022-04-01 00:08:39 - [TEST_STEP][PASSED] - if (ExecuteTC.equalsIgnoreCase("Y")): null

2022-04-01 00:08:39 - [TEST_STEP][PASSED] - out.println("Begin Record Number: " + row): null

2022-04-01 00:08:39 - [TEST_STEP][PASSED] - today = new java.util.Date(): null

2022-04-01 00:08:39 - [TEST_STEP][PASSED] - println(today): null

2022-04-01 00:08:39 - [TEST_STEP][PASSED] - datText = today: null

2022-04-01 00:08:39 - [TEST_STEP][PASSED] - adminSuiteBootstrap.loginFunctionality.login_AdminSuite(): adminSuiteBootstrap.loginFunctionality.login_AdminSuite is PASSED

2022-04-01 00:08:39 - [MESSAGE][INFO] - Starting 'Chrome' driver

2022-04-01 00:08:39 - [MESSAGE][INFO] - User set preference: ['acceptInsecureCerts', 'true']

2022-04-01 00:08:39 - [MESSAGE][INFO] - Action delay is set to 0 milliseconds

2022-04-01 00:08:41 - [MESSAGE][PASSED] - Browser is opened with url: 'https://qa.velocitypayment.com/admin/imtiaz'

2022-04-01 00:08:42 - [MESSAGE][PASSED] - Current window maximized

2022-04-01 00:08:42 - [MESSAGE][PASSED] - Object 'Object Repository/Login_Page/Login_Username' is present

2022-04-01 00:08:43 - [MESSAGE][PASSED] - Text 'iahmed' is set on object 'Object Repository/Login_Page/Login_Username'

2022-04-01 00:08:43 - [MESSAGE][PASSED] - Text 'hello2222' is set on object 'Object Repository/Login_Page/Login_Password'

2022-04-01 00:08:46 - [MESSAGE][PASSED] - Object: 'Object Repository/Login_Page/Login_Submit' is clicked on

2022-04-01 00:08:46 - [MESSAGE][PASSED] - adminSuiteBootstrap.loginFunctionality.login_AdminSuite is PASSED

2022-04-01 00:08:46 - [TEST_STEP][PASSED] - click(findTestObject(path_Dashboard + appName)): Object: 'Object Repository/AdminSuiteBootstrap_Pages/Dashboard_Bootstrap/a_Access AutoNoCFtp' is clicked on

2022-04-01 00:08:47 - [MESSAGE][PASSED] - Object: 'Object Repository/AdminSuiteBootstrap_Pages/Dashboard_Bootstrap/a_Access AutoNoCFtp' is clicked on

2022-04-01 00:08:47 - [TEST_STEP][PASSED] - click(findTestObject(path_VT + "button_Authorization  Capture (Sale)")): Object: 'Object Repository/AdminSuiteBootstrap_Pages/VT_Bootstrap/IssueTransactions/button_Authorization  Capture (Sale)' is clicked on

2022-04-01 00:08:47 - [MESSAGE][PASSED] - Object: 'Object Repository/AdminSuiteBootstrap_Pages/VT_Bootstrap/IssueTransactions/button_Authorization  Capture (Sale)' is clicked on

2022-04-01 00:08:47 - [TEST_STEP][PASSED] - saleKeyboardEntryLink = modifyObjectProperty(findTestObject(path_VT + "a_KeyboardEntry_Sale"), "href", "equals", hrefAppID, true): Modify property of object successfully

2022-04-01 00:08:48 - [MESSAGE][PASSED] - Modify property of object successfully

2022-04-01 00:08:48 - [TEST_STEP][PASSED] - click(saleKeyboardEntryLink): Object: 'Object Repository/AdminSuiteBootstrap_Pages/VT_Bootstrap/IssueTransactions/a_KeyboardEntry_Sale' is clicked on

2022-04-01 00:08:48 - [MESSAGE][PASSED] - Object: 'Object Repository/AdminSuiteBootstrap_Pages/VT_Bootstrap/IssueTransactions/a_KeyboardEntry_Sale' is clicked on

2022-04-01 00:08:48 - [TEST_STEP][PASSED] - adminSuiteBootstrap.virtualTerminalSetData.saleKeyboard_DataDriven(row, dataFile): adminSuiteBootstrap.virtualTerminalSetData.saleKeyboard_DataDriven is PASSED

2022-04-01 00:08:51 - [MESSAGE][PASSED] - Text 'Janaki James' is set on object 'Object Repository/AdminSuiteBootstrap_Pages/VT_Bootstrap/SaleKeyboard/input_cardName'

2022-04-01 00:08:52 - [MESSAGE][PASSED] - All options with value 'MOTO' are selected in object 'Object Repository/AdminSuiteBootstrap_Pages/VT_Bootstrap/SaleKeyboard/select_transactionCategory'  using regular expression

2022-04-01 00:08:53 - [MESSAGE][PASSED] - Execute JavaScript 'arguments[0].value ='4012000098765439' ' successfully

2022-04-01 00:08:53 - [MESSAGE][PASSED] - Execute JavaScript 'arguments[0].value ='123' ' successfully

2022-04-01 00:08:54 - [MESSAGE][PASSED] - All options with value '12' are selected in object 'Object Repository/AdminSuiteBootstrap_Pages/VT_Bootstrap/SaleKeyboard/select_MM'  using regular expression

2022-04-01 00:08:56 - [MESSAGE][PASSED] - All options with value '2025' are selected in object 'Object Repository/AdminSuiteBootstrap_Pages/VT_Bootstrap/SaleKeyboard/select_YYYY'  using regular expression

2022-04-01 00:08:56 - [MESSAGE][PASSED] - Text '36 Cornor Road' is set on object 'Object Repository/AdminSuiteBootstrap_Pages/VT_Bootstrap/SaleKeyboard/input__address'

2022-04-01 00:08:57 - [MESSAGE][PASSED] - Text 'Suite 500' is set on object 'Object Repository/AdminSuiteBootstrap_Pages/VT_Bootstrap/SaleKeyboard/input__address2'

2022-04-01 00:08:58 - [MESSAGE][PASSED] - Text '22201' is set on object 'Object Repository/AdminSuiteBootstrap_Pages/VT_Bootstrap/SaleKeyboard/input__zip'

2022-04-01 00:08:58 - [MESSAGE][PASSED] - Text '' is set on object 'Object Repository/AdminSuiteBootstrap_Pages/VT_Bootstrap/SaleKeyboard/input_emailAddress'

2022-04-01 00:09:00 - [MESSAGE][PASSED] - Text '' is set on object 'Object Repository/AdminSuiteBootstrap_Pages/VT_Bootstrap/SaleKeyboard/input_smsNumber'

2022-04-01 00:09:00 - [MESSAGE][PASSED] - Text '10.50' is set on object 'Object Repository/AdminSuiteBootstrap_Pages/VT_Bootstrap/SaleKeyboard/input_amount'

2022-04-01 00:09:01 - [MESSAGE][PASSED] - Text 'Australia' is set on object 'Object Repository/AdminSuiteBootstrap_Pages/VT_Bootstrap/SaleKeyboard/input_userDefined1'

2022-04-01 00:09:02 - [MESSAGE][PASSED] - Text 'Denmark' is set on object 'Object Repository/AdminSuiteBootstrap_Pages/VT_Bootstrap/SaleKeyboard/input_userDefined2'

2022-04-01 00:09:02 - [MESSAGE][PASSED] - Text 'Sweden' is set on object 'Object Repository/AdminSuiteBootstrap_Pages/VT_Bootstrap/SaleKeyboard/input_userDefined3'

2022-04-01 00:09:03 - [MESSAGE][PASSED] - Text 'Austria' is set on object 'Object Repository/AdminSuiteBootstrap_Pages/VT_Bootstrap/SaleKeyboard/input_userDefined4'

2022-04-01 00:09:04 - [MESSAGE][PASSED] - All options with label 'Orange' are selected in object 'Object Repository/AdminSuiteBootstrap_Pages/VT_Bootstrap/SaleKeyboard/select_UDF5_DropDown'  using regular expression

2022-04-01 00:09:05 - [MESSAGE][PASSED] - All options with label 'Yellow' are selected in object 'Object Repository/AdminSuiteBootstrap_Pages/VT_Bootstrap/SaleKeyboard/select_UDF6_DropDown'  using regular expression

2022-04-01 00:09:06 - [MESSAGE][PASSED] - Text 'Norway' is set on object 'Object Repository/AdminSuiteBootstrap_Pages/VT_Bootstrap/SaleKeyboard/input_userDefined7'

2022-04-01 00:09:07 - [MESSAGE][PASSED] - Text 'Netherlands' is set on object 'Object Repository/AdminSuiteBootstrap_Pages/VT_Bootstrap/SaleKeyboard/input_userDefined8'

2022-04-01 00:09:07 - [MESSAGE][PASSED] - Text 'Switzerland' is set on object 'Object Repository/AdminSuiteBootstrap_Pages/VT_Bootstrap/SaleKeyboard/input_userDefined9'

2022-04-01 00:09:08 - [MESSAGE][PASSED] - Text 'France' is set on object 'Object Repository/AdminSuiteBootstrap_Pages/VT_Bootstrap/SaleKeyboard/input_userDefined10'

2022-04-01 00:09:10 - [MESSAGE][PASSED] - Object: 'Object Repository/AdminSuiteBootstrap_Pages/VT_Bootstrap/SaleKeyboard/button_Submit' is clicked on

2022-04-01 00:09:10 - [MESSAGE][PASSED] - adminSuiteBootstrap.virtualTerminalSetData.saleKeyboard_DataDriven is PASSED

2022-04-01 00:09:10 - [TEST_STEP][PASSED] - if (verifyTextPresent("Transaction Successful", true)): null

2022-04-01 00:09:10 - [MESSAGE][PASSED] - Text 'Transaction Successful' is present on page  using regular expression

2022-04-01 00:09:10 - [TEST_STEP][PASSED] - sdf = getText(findTestObject(path_Receipt + "td_AutoNoC031622113752957Ahm")): Text of object 'Object Repository/AdminSuiteBootstrap_Pages/VT_Bootstrap/Receipt/td_AutoNoC031622113752957Ahm' is: 'AutoNoC040122000701131Ahm'

2022-04-01 00:09:11 - [MESSAGE][PASSED] - Text of object 'Object Repository/AdminSuiteBootstrap_Pages/VT_Bootstrap/Receipt/td_AutoNoC031622113752957Ahm' is: 'AutoNoC040122000701131Ahm'

2022-04-01 00:09:11 - [TEST_STEP][PASSED] - out.println("sdf: " + sdf): null

2022-04-01 00:09:11 - [TEST_STEP][PASSED] - remID = sdf: null

2022-04-01 00:09:11 - [TEST_STEP][PASSED] - out.println("remID: " + remID): null

2022-04-01 00:09:11 - [TEST_STEP][PASSED] - click(findTestObject(path_Receipt + "button_Continue")): Object: 'Object Repository/AdminSuiteBootstrap_Pages/VT_Bootstrap/Receipt/button_Continue' is clicked on

2022-04-01 00:09:12 - [MESSAGE][PASSED] - Object: 'Object Repository/AdminSuiteBootstrap_Pages/VT_Bootstrap/Receipt/button_Continue' is clicked on

2022-04-01 00:09:12 - [TEST_STEP][PASSED] - click(findTestObject(path_VT + "a_Search Transactions")): Object: 'Object Repository/AdminSuiteBootstrap_Pages/VT_Bootstrap/IssueTransactions/a_Search Transactions' is clicked on

2022-04-01 00:09:13 - [MESSAGE][PASSED] - Object: 'Object Repository/AdminSuiteBootstrap_Pages/VT_Bootstrap/IssueTransactions/a_Search Transactions' is clicked on

2022-04-01 00:09:13 - [TEST_STEP][PASSED] - setText(findTestObject(path_CCSearch + "input_Search By_searchValue"), remID): Text 'AutoNoC040122000701131Ahm' is set on object 'Object Repository/AdminSuiteBootstrap_Pages/VT_Bootstrap/CCCreditOrVoidSearch/input_Search By_searchValue'

2022-04-01 00:09:13 - [MESSAGE][PASSED] - Text 'AutoNoC040122000701131Ahm' is set on object 'Object Repository/AdminSuiteBootstrap_Pages/VT_Bootstrap/CCCreditOrVoidSearch/input_Search By_searchValue'

2022-04-01 00:09:13 - [TEST_STEP][PASSED] - click(findTestObject(path_CCSearch + "button_Submit")): Object: 'Object Repository/AdminSuiteBootstrap_Pages/VT_Bootstrap/CCCreditOrVoidSearch/button_Submit' is clicked on

2022-04-01 00:09:14 - [MESSAGE][PASSED] - Object: 'Object Repository/AdminSuiteBootstrap_Pages/VT_Bootstrap/CCCreditOrVoidSearch/button_Submit' is clicked on

2022-04-01 00:09:14 - [TEST_STEP][PASSED] - fgr = getText(findTestObject(path_SearchResults + "div_Payment ID")): Text of object 'Object Repository/AdminSuiteBootstrap_Pages/VT_Bootstrap/SearchResults/div_Payment ID' is: 'Payment ID
Payment Type
Transaction Type
Remittance ID
Name
Total Amount
End Date
Status
12114273 Credit Card Authorization and Capture AutoNoC040122000701131Ahm Janaki James $10.50 04/01/2022 Success'

2022-04-01 00:09:15 - [MESSAGE][PASSED] - Text of object 'Object Repository/AdminSuiteBootstrap_Pages/VT_Bootstrap/SearchResults/div_Payment ID' is: 'Payment ID
Payment Type
Transaction Type
Remittance ID
Name
Total Amount
End Date
Status
12114273 Credit Card Authorization and Capture AutoNoC040122000701131Ahm Janaki James $10.50 04/01/2022 Success'

2022-04-01 00:09:15 - [TEST_STEP][PASSED] - payID = substring(89, 98).trim(): null

2022-04-01 00:09:15 - [TEST_STEP][PASSED] - out.println("payID: " + payID): null

2022-04-01 00:09:15 - [TEST_STEP][PASSED] - click(findTestObject(path_SearchResults + "button_PaymentID")): Object: 'Object Repository/AdminSuiteBootstrap_Pages/VT_Bootstrap/SearchResults/button_PaymentID' is clicked on

2022-04-01 00:09:16 - [MESSAGE][PASSED] - Object: 'Object Repository/AdminSuiteBootstrap_Pages/VT_Bootstrap/SearchResults/button_PaymentID' is clicked on

2022-04-01 00:09:16 - [TEST_STEP][PASSED] - verifyTextPresent("Tender Type", true): Text 'Tender Type' is present on page  using regular expression

2022-04-01 00:09:16 - [MESSAGE][PASSED] - Text 'Tender Type' is present on page  using regular expression

2022-04-01 00:09:16 - [TEST_STEP][PASSED] - verifyTextPresent("Credit Card", true): Text 'Credit Card' is present on page  using regular expression

2022-04-01 00:09:17 - [MESSAGE][PASSED] - Text 'Credit Card' is present on page  using regular expression

2022-04-01 00:09:17 - [TEST_STEP][PASSED] - verifyTextPresent("Transaction Type", true): Text 'Transaction Type' is present on page  using regular expression

2022-04-01 00:09:17 - [MESSAGE][PASSED] - Text 'Transaction Type' is present on page  using regular expression

2022-04-01 00:09:17 - [TEST_STEP][PASSED] - verifyTextPresent("Authorization and Capture", true): Text 'Authorization and Capture' is present on page  using regular expression

2022-04-01 00:09:17 - [MESSAGE][PASSED] - Text 'Authorization and Capture' is present on page  using regular expression

2022-04-01 00:09:17 - [TEST_STEP][PASSED] - verifyTextPresent("Transaction Posted by", true): Text 'Transaction Posted by' is present on page  using regular expression

2022-04-01 00:09:18 - [MESSAGE][PASSED] - Text 'Transaction Posted by' is present on page  using regular expression

2022-04-01 00:09:18 - [TEST_STEP][PASSED] - verifyTextPresent("iahmed", true): Text 'iahmed' is present on page  using regular expression

2022-04-01 00:09:18 - [MESSAGE][PASSED] - Text 'iahmed' is present on page  using regular expression

2022-04-01 00:09:18 - [TEST_STEP][PASSED] - click(findTestObject(path_TranxDetails + "a_Credit this transaction")): Object: 'Object Repository/AdminSuiteBootstrap_Pages/VT_Bootstrap/TransactionDetails/a_Credit this transaction' is clicked on

2022-04-01 00:09:19 - [MESSAGE][PASSED] - Object: 'Object Repository/AdminSuiteBootstrap_Pages/VT_Bootstrap/TransactionDetails/a_Credit this transaction' is clicked on

2022-04-01 00:09:19 - [TEST_STEP][PASSED] - verifyTextPresent("Credit Card Credit", true): Text 'Credit Card Credit' is present on page  using regular expression

2022-04-01 00:09:20 - [MESSAGE][PASSED] - Text 'Credit Card Credit' is present on page  using regular expression

2022-04-01 00:09:20 - [TEST_STEP][PASSED] - click(findTestObject(path_TranxDetails + "button_Submit")): Object: 'Object Repository/AdminSuiteBootstrap_Pages/VT_Bootstrap/TransactionDetails/button_Submit' is clicked on

2022-04-01 00:09:22 - [MESSAGE][PASSED] - Object: 'Object Repository/AdminSuiteBootstrap_Pages/VT_Bootstrap/TransactionDetails/button_Submit' is clicked on

2022-04-01 00:09:22 - [TEST_STEP][PASSED] - verifyTextPresent("Transaction Successful", true): Text 'Transaction Successful' is present on page  using regular expression

2022-04-01 00:09:22 - [MESSAGE][PASSED] - Text 'Transaction Successful' is present on page  using regular expression

2022-04-01 00:09:22 - [TEST_STEP][PASSED] - verifyTextPresent("Transaction Type", true): Text 'Transaction Type' is present on page  using regular expression

2022-04-01 00:09:23 - [MESSAGE][PASSED] - Text 'Transaction Type' is present on page  using regular expression

2022-04-01 00:09:23 - [TEST_STEP][PASSED] - verifyTextPresent("Credit", true): Text 'Credit' is present on page  using regular expression

2022-04-01 00:09:23 - [MESSAGE][PASSED] - Text 'Credit' is present on page  using regular expression

2022-04-01 00:09:23 - [TEST_STEP][PASSED] - closeBrowser(): Browser is closed

2022-04-01 00:09:24 - [MESSAGE][PASSED] - Browser is closed

2022-04-01 00:09:24 - [TEST_STEP][PASSED] - ExecuteTC = findTestData(dataFile).getValue("Execute", row): null

2022-04-01 00:09:24 - [TEST_STEP][PASSED] - out.println("Value of Execute is : " + ExecuteTC): null

2022-04-01 00:09:24 - [TEST_STEP][PASSED] - switch (executionProfile): null

2022-04-01 00:09:24 - [TEST_STEP][PASSED] - case "QAProfile":: null

2022-04-01 00:09:24 - [TEST_STEP][PASSED] - appName = findTestData(dataFile).getValue("AppNameQA", row): null

2022-04-01 00:09:24 - [TEST_STEP][PASSED] - appID = findTestData(dataFile).getValue("AppIDQA", row): null

2022-04-01 00:09:24 - [TEST_STEP][PASSED] - break: null

2022-04-01 00:09:24 - [TEST_STEP][PASSED] - hrefAppID = li_1 + appID + li_2: null

2022-04-01 00:09:24 - [TEST_STEP][PASSED] - hrefApp = li_1 + appID + "/": null

2022-04-01 00:09:24 - [TEST_STEP][PASSED] - println("hrefApp : " + hrefApp): null

2022-04-01 00:09:24 - [TEST_STEP][PASSED] - if (ExecuteTC.equalsIgnoreCase("Y")): null

2022-04-01 00:09:24 - [TEST_STEP][PASSED] - out.println("Begin Record Number: " + row): null

2022-04-01 00:09:24 - [TEST_STEP][PASSED] - today = new java.util.Date(): null

2022-04-01 00:09:24 - [TEST_STEP][PASSED] - println(today): null

2022-04-01 00:09:24 - [TEST_STEP][PASSED] - datText = today: null

2022-04-01 00:09:24 - [TEST_STEP][PASSED] - adminSuiteBootstrap.loginFunctionality.login_AdminSuite(): adminSuiteBootstrap.loginFunctionality.login_AdminSuite is PASSED

2022-04-01 00:09:24 - [MESSAGE][INFO] - Starting 'Chrome' driver

2022-04-01 00:09:24 - [MESSAGE][INFO] - User set preference: ['acceptInsecureCerts', 'true']

2022-04-01 00:09:24 - [MESSAGE][INFO] - Action delay is set to 0 milliseconds

2022-04-01 00:09:27 - [MESSAGE][PASSED] - Browser is opened with url: 'https://qa.velocitypayment.com/admin/imtiaz'

2022-04-01 00:09:27 - [MESSAGE][PASSED] - Current window maximized

2022-04-01 00:09:27 - [MESSAGE][PASSED] - Object 'Object Repository/Login_Page/Login_Username' is present

2022-04-01 00:09:28 - [MESSAGE][PASSED] - Text 'iahmed' is set on object 'Object Repository/Login_Page/Login_Username'

2022-04-01 00:09:29 - [MESSAGE][PASSED] - Text 'hello2222' is set on object 'Object Repository/Login_Page/Login_Password'

2022-04-01 00:09:32 - [MESSAGE][PASSED] - Object: 'Object Repository/Login_Page/Login_Submit' is clicked on

2022-04-01 00:09:32 - [MESSAGE][PASSED] - adminSuiteBootstrap.loginFunctionality.login_AdminSuite is PASSED

2022-04-01 00:09:32 - [TEST_STEP][PASSED] - click(findTestObject(path_Dashboard + appName)): Object: 'Object Repository/AdminSuiteBootstrap_Pages/Dashboard_Bootstrap/a_Access AutoNoCFtp' is clicked on

2022-04-01 00:09:33 - [MESSAGE][PASSED] - Object: 'Object Repository/AdminSuiteBootstrap_Pages/Dashboard_Bootstrap/a_Access AutoNoCFtp' is clicked on

2022-04-01 00:09:33 - [TEST_STEP][PASSED] - click(findTestObject(path_VT + "button_Authorization  Capture (Sale)")): Object: 'Object Repository/AdminSuiteBootstrap_Pages/VT_Bootstrap/IssueTransactions/button_Authorization  Capture (Sale)' is clicked on

2022-04-01 00:09:33 - [MESSAGE][PASSED] - Object: 'Object Repository/AdminSuiteBootstrap_Pages/VT_Bootstrap/IssueTransactions/button_Authorization  Capture (Sale)' is clicked on

2022-04-01 00:09:33 - [TEST_STEP][PASSED] - saleKeyboardEntryLink = modifyObjectProperty(findTestObject(path_VT + "a_KeyboardEntry_Sale"), "href", "equals", hrefAppID, true): Modify property of object successfully

2022-04-01 00:09:34 - [MESSAGE][PASSED] - Modify property of object successfully

2022-04-01 00:09:34 - [TEST_STEP][PASSED] - click(saleKeyboardEntryLink): Object: 'Object Repository/AdminSuiteBootstrap_Pages/VT_Bootstrap/IssueTransactions/a_KeyboardEntry_Sale' is clicked on

2022-04-01 00:09:34 - [MESSAGE][PASSED] - Object: 'Object Repository/AdminSuiteBootstrap_Pages/VT_Bootstrap/IssueTransactions/a_KeyboardEntry_Sale' is clicked on

2022-04-01 00:09:34 - [TEST_STEP][PASSED] - adminSuiteBootstrap.virtualTerminalSetData.saleKeyboard_DataDriven(row, dataFile): adminSuiteBootstrap.virtualTerminalSetData.saleKeyboard_DataDriven is PASSED

2022-04-01 00:09:37 - [MESSAGE][PASSED] - Text 'Janaki James' is set on object 'Object Repository/AdminSuiteBootstrap_Pages/VT_Bootstrap/SaleKeyboard/input_cardName'

2022-04-01 00:09:38 - [MESSAGE][PASSED] - All options with value 'MOTO' are selected in object 'Object Repository/AdminSuiteBootstrap_Pages/VT_Bootstrap/SaleKeyboard/select_transactionCategory'  using regular expression

2022-04-01 00:09:39 - [MESSAGE][PASSED] - Execute JavaScript 'arguments[0].value ='5146312200000035' ' successfully

2022-04-01 00:09:39 - [MESSAGE][PASSED] - Execute JavaScript 'arguments[0].value ='123' ' successfully

2022-04-01 00:09:40 - [MESSAGE][PASSED] - All options with value '12' are selected in object 'Object Repository/AdminSuiteBootstrap_Pages/VT_Bootstrap/SaleKeyboard/select_MM'  using regular expression

2022-04-01 00:09:41 - [MESSAGE][PASSED] - All options with value '2025' are selected in object 'Object Repository/AdminSuiteBootstrap_Pages/VT_Bootstrap/SaleKeyboard/select_YYYY'  using regular expression

2022-04-01 00:09:42 - [MESSAGE][PASSED] - Text '1478 Jhatka Palace' is set on object 'Object Repository/AdminSuiteBootstrap_Pages/VT_Bootstrap/SaleKeyboard/input__address'

2022-04-01 00:09:43 - [MESSAGE][PASSED] - Text 'Suite 500' is set on object 'Object Repository/AdminSuiteBootstrap_Pages/VT_Bootstrap/SaleKeyboard/input__address2'

2022-04-01 00:09:43 - [MESSAGE][PASSED] - Text '22201' is set on object 'Object Repository/AdminSuiteBootstrap_Pages/VT_Bootstrap/SaleKeyboard/input__zip'

2022-04-01 00:09:44 - [MESSAGE][PASSED] - Text '' is set on object 'Object Repository/AdminSuiteBootstrap_Pages/VT_Bootstrap/SaleKeyboard/input_emailAddress'

2022-04-01 00:09:46 - [MESSAGE][PASSED] - Text '' is set on object 'Object Repository/AdminSuiteBootstrap_Pages/VT_Bootstrap/SaleKeyboard/input_smsNumber'

2022-04-01 00:09:46 - [MESSAGE][PASSED] - Text '10.50' is set on object 'Object Repository/AdminSuiteBootstrap_Pages/VT_Bootstrap/SaleKeyboard/input_amount'

2022-04-01 00:09:47 - [MESSAGE][PASSED] - Text 'Australia' is set on object 'Object Repository/AdminSuiteBootstrap_Pages/VT_Bootstrap/SaleKeyboard/input_userDefined1'

2022-04-01 00:09:48 - [MESSAGE][PASSED] - Text 'Denmark' is set on object 'Object Repository/AdminSuiteBootstrap_Pages/VT_Bootstrap/SaleKeyboard/input_userDefined2'

2022-04-01 00:09:49 - [MESSAGE][PASSED] - Text 'Sweden' is set on object 'Object Repository/AdminSuiteBootstrap_Pages/VT_Bootstrap/SaleKeyboard/input_userDefined3'

2022-04-01 00:09:49 - [MESSAGE][PASSED] - Text 'Austria' is set on object 'Object Repository/AdminSuiteBootstrap_Pages/VT_Bootstrap/SaleKeyboard/input_userDefined4'

2022-04-01 00:09:50 - [MESSAGE][PASSED] - All options with label 'Orange' are selected in object 'Object Repository/AdminSuiteBootstrap_Pages/VT_Bootstrap/SaleKeyboard/select_UDF5_DropDown'  using regular expression

2022-04-01 00:09:51 - [MESSAGE][PASSED] - All options with label 'Yellow' are selected in object 'Object Repository/AdminSuiteBootstrap_Pages/VT_Bootstrap/SaleKeyboard/select_UDF6_DropDown'  using regular expression

2022-04-01 00:09:52 - [MESSAGE][PASSED] - Text 'Norway' is set on object 'Object Repository/AdminSuiteBootstrap_Pages/VT_Bootstrap/SaleKeyboard/input_userDefined7'

2022-04-01 00:09:53 - [MESSAGE][PASSED] - Text 'Netherlands' is set on object 'Object Repository/AdminSuiteBootstrap_Pages/VT_Bootstrap/SaleKeyboard/input_userDefined8'

2022-04-01 00:09:53 - [MESSAGE][PASSED] - Text 'Switzerland' is set on object 'Object Repository/AdminSuiteBootstrap_Pages/VT_Bootstrap/SaleKeyboard/input_userDefined9'

2022-04-01 00:09:54 - [MESSAGE][PASSED] - Text 'France' is set on object 'Object Repository/AdminSuiteBootstrap_Pages/VT_Bootstrap/SaleKeyboard/input_userDefined10'

2022-04-01 00:09:57 - [MESSAGE][PASSED] - Object: 'Object Repository/AdminSuiteBootstrap_Pages/VT_Bootstrap/SaleKeyboard/button_Submit' is clicked on

2022-04-01 00:09:57 - [MESSAGE][PASSED] - adminSuiteBootstrap.virtualTerminalSetData.saleKeyboard_DataDriven is PASSED

2022-04-01 00:09:57 - [TEST_STEP][PASSED] - if (verifyTextPresent("Transaction Successful", true)): null

2022-04-01 00:09:58 - [MESSAGE][PASSED] - Text 'Transaction Successful' is present on page  using regular expression

2022-04-01 00:09:58 - [TEST_STEP][PASSED] - sdf = getText(findTestObject(path_Receipt + "td_AutoNoC031622113752957Ahm")): Text of object 'Object Repository/AdminSuiteBootstrap_Pages/VT_Bootstrap/Receipt/td_AutoNoC031622113752957Ahm' is: 'AutoNoC040122000747121Ahm'

2022-04-01 00:09:58 - [MESSAGE][PASSED] - Text of object 'Object Repository/AdminSuiteBootstrap_Pages/VT_Bootstrap/Receipt/td_AutoNoC031622113752957Ahm' is: 'AutoNoC040122000747121Ahm'

2022-04-01 00:09:58 - [TEST_STEP][PASSED] - out.println("sdf: " + sdf): null

2022-04-01 00:09:58 - [TEST_STEP][PASSED] - remID = sdf: null

2022-04-01 00:09:58 - [TEST_STEP][PASSED] - out.println("remID: " + remID): null

2022-04-01 00:09:58 - [TEST_STEP][PASSED] - click(findTestObject(path_Receipt + "button_Continue")): Object: 'Object Repository/AdminSuiteBootstrap_Pages/VT_Bootstrap/Receipt/button_Continue' is clicked on

2022-04-01 00:10:00 - [MESSAGE][PASSED] - Object: 'Object Repository/AdminSuiteBootstrap_Pages/VT_Bootstrap/Receipt/button_Continue' is clicked on

2022-04-01 00:10:00 - [TEST_STEP][PASSED] - click(findTestObject(path_VT + "a_Search Transactions")): Object: 'Object Repository/AdminSuiteBootstrap_Pages/VT_Bootstrap/IssueTransactions/a_Search Transactions' is clicked on

2022-04-01 00:10:01 - [MESSAGE][PASSED] - Object: 'Object Repository/AdminSuiteBootstrap_Pages/VT_Bootstrap/IssueTransactions/a_Search Transactions' is clicked on

2022-04-01 00:10:01 - [TEST_STEP][PASSED] - setText(findTestObject(path_CCSearch + "input_Search By_searchValue"), remID): Text 'AutoNoC040122000747121Ahm' is set on object 'Object Repository/AdminSuiteBootstrap_Pages/VT_Bootstrap/CCCreditOrVoidSearch/input_Search By_searchValue'

2022-04-01 00:10:02 - [MESSAGE][PASSED] - Text 'AutoNoC040122000747121Ahm' is set on object 'Object Repository/AdminSuiteBootstrap_Pages/VT_Bootstrap/CCCreditOrVoidSearch/input_Search By_searchValue'

2022-04-01 00:10:02 - [TEST_STEP][PASSED] - click(findTestObject(path_CCSearch + "button_Submit")): Object: 'Object Repository/AdminSuiteBootstrap_Pages/VT_Bootstrap/CCCreditOrVoidSearch/button_Submit' is clicked on

2022-04-01 00:10:02 - [MESSAGE][PASSED] - Object: 'Object Repository/AdminSuiteBootstrap_Pages/VT_Bootstrap/CCCreditOrVoidSearch/button_Submit' is clicked on

2022-04-01 00:10:02 - [TEST_STEP][PASSED] - fgr = getText(findTestObject(path_SearchResults + "div_Payment ID")): Text of object 'Object Repository/AdminSuiteBootstrap_Pages/VT_Bootstrap/SearchResults/div_Payment ID' is: 'Payment ID
Payment Type
Transaction Type
Remittance ID
Name
Total Amount
End Date
Status
12114275 Credit Card Authorization and Capture AutoNoC040122000747121Ahm Janaki James $10.50 04/01/2022 Success'

2022-04-01 00:10:03 - [MESSAGE][PASSED] - Text of object 'Object Repository/AdminSuiteBootstrap_Pages/VT_Bootstrap/SearchResults/div_Payment ID' is: 'Payment ID
Payment Type
Transaction Type
Remittance ID
Name
Total Amount
End Date
Status
12114275 Credit Card Authorization and Capture AutoNoC040122000747121Ahm Janaki James $10.50 04/01/2022 Success'

2022-04-01 00:10:03 - [TEST_STEP][PASSED] - payID = substring(89, 98).trim(): null

2022-04-01 00:10:03 - [TEST_STEP][PASSED] - out.println("payID: " + payID): null

2022-04-01 00:10:03 - [TEST_STEP][PASSED] - click(findTestObject(path_SearchResults + "button_PaymentID")): Object: 'Object Repository/AdminSuiteBootstrap_Pages/VT_Bootstrap/SearchResults/button_PaymentID' is clicked on

2022-04-01 00:10:04 - [MESSAGE][PASSED] - Object: 'Object Repository/AdminSuiteBootstrap_Pages/VT_Bootstrap/SearchResults/button_PaymentID' is clicked on

2022-04-01 00:10:04 - [TEST_STEP][PASSED] - verifyTextPresent("Tender Type", true): Text 'Tender Type' is present on page  using regular expression

2022-04-01 00:10:04 - [MESSAGE][PASSED] - Text 'Tender Type' is present on page  using regular expression

2022-04-01 00:10:04 - [TEST_STEP][PASSED] - verifyTextPresent("Credit Card", true): Text 'Credit Card' is present on page  using regular expression

2022-04-01 00:10:05 - [MESSAGE][PASSED] - Text 'Credit Card' is present on page  using regular expression

2022-04-01 00:10:05 - [TEST_STEP][PASSED] - verifyTextPresent("Transaction Type", true): Text 'Transaction Type' is present on page  using regular expression

2022-04-01 00:10:05 - [MESSAGE][PASSED] - Text 'Transaction Type' is present on page  using regular expression

2022-04-01 00:10:05 - [TEST_STEP][PASSED] - verifyTextPresent("Authorization and Capture", true): Text 'Authorization and Capture' is present on page  using regular expression

2022-04-01 00:10:05 - [MESSAGE][PASSED] - Text 'Authorization and Capture' is present on page  using regular expression

2022-04-01 00:10:05 - [TEST_STEP][PASSED] - verifyTextPresent("Transaction Posted by", true): Text 'Transaction Posted by' is present on page  using regular expression

2022-04-01 00:10:06 - [MESSAGE][PASSED] - Text 'Transaction Posted by' is present on page  using regular expression

2022-04-01 00:10:06 - [TEST_STEP][PASSED] - verifyTextPresent("iahmed", true): Text 'iahmed' is present on page  using regular expression

2022-04-01 00:10:06 - [MESSAGE][PASSED] - Text 'iahmed' is present on page  using regular expression

2022-04-01 00:10:06 - [TEST_STEP][PASSED] - click(findTestObject(path_TranxDetails + "a_Credit this transaction")): Object: 'Object Repository/AdminSuiteBootstrap_Pages/VT_Bootstrap/TransactionDetails/a_Credit this transaction' is clicked on

2022-04-01 00:10:07 - [MESSAGE][PASSED] - Object: 'Object Repository/AdminSuiteBootstrap_Pages/VT_Bootstrap/TransactionDetails/a_Credit this transaction' is clicked on

2022-04-01 00:10:07 - [TEST_STEP][PASSED] - verifyTextPresent("Credit Card Credit", true): Text 'Credit Card Credit' is present on page  using regular expression

2022-04-01 00:10:08 - [MESSAGE][PASSED] - Text 'Credit Card Credit' is present on page  using regular expression

2022-04-01 00:10:08 - [TEST_STEP][PASSED] - click(findTestObject(path_TranxDetails + "button_Submit")): Object: 'Object Repository/AdminSuiteBootstrap_Pages/VT_Bootstrap/TransactionDetails/button_Submit' is clicked on

2022-04-01 00:10:10 - [MESSAGE][PASSED] - Object: 'Object Repository/AdminSuiteBootstrap_Pages/VT_Bootstrap/TransactionDetails/button_Submit' is clicked on

2022-04-01 00:10:10 - [TEST_STEP][PASSED] - verifyTextPresent("Transaction Successful", true): Text 'Transaction Successful' is present on page  using regular expression

2022-04-01 00:10:10 - [MESSAGE][PASSED] - Text 'Transaction Successful' is present on page  using regular expression

2022-04-01 00:10:10 - [TEST_STEP][PASSED] - verifyTextPresent("Transaction Type", true): Text 'Transaction Type' is present on page  using regular expression

2022-04-01 00:10:10 - [MESSAGE][PASSED] - Text 'Transaction Type' is present on page  using regular expression

2022-04-01 00:10:10 - [TEST_STEP][PASSED] - verifyTextPresent("Credit", true): Text 'Credit' is present on page  using regular expression

2022-04-01 00:10:11 - [MESSAGE][PASSED] - Text 'Credit' is present on page  using regular expression

2022-04-01 00:10:11 - [TEST_STEP][PASSED] - closeBrowser(): Browser is closed

2022-04-01 00:10:12 - [MESSAGE][PASSED] - Browser is closed

2022-04-01 00:10:12 - [TEST_STEP][PASSED] - ExecuteTC = findTestData(dataFile).getValue("Execute", row): null

2022-04-01 00:10:12 - [TEST_STEP][PASSED] - out.println("Value of Execute is : " + ExecuteTC): null

2022-04-01 00:10:12 - [TEST_STEP][PASSED] - switch (executionProfile): null

2022-04-01 00:10:12 - [TEST_STEP][PASSED] - case "QAProfile":: null

2022-04-01 00:10:12 - [TEST_STEP][PASSED] - appName = findTestData(dataFile).getValue("AppNameQA", row): null

2022-04-01 00:10:12 - [TEST_STEP][PASSED] - appID = findTestData(dataFile).getValue("AppIDQA", row): null

2022-04-01 00:10:12 - [TEST_STEP][PASSED] - break: null

2022-04-01 00:10:12 - [TEST_STEP][PASSED] - hrefAppID = li_1 + appID + li_2: null

2022-04-01 00:10:12 - [TEST_STEP][PASSED] - hrefApp = li_1 + appID + "/": null

2022-04-01 00:10:12 - [TEST_STEP][PASSED] - println("hrefApp : " + hrefApp): null

2022-04-01 00:10:12 - [TEST_STEP][PASSED] - if (ExecuteTC.equalsIgnoreCase("Y")): null

2022-04-01 00:10:12 - [TEST_STEP][PASSED] - out.println("Begin Record Number: " + row): null

2022-04-01 00:10:12 - [TEST_STEP][PASSED] - today = new java.util.Date(): null

2022-04-01 00:10:12 - [TEST_STEP][PASSED] - println(today): null

2022-04-01 00:10:12 - [TEST_STEP][PASSED] - datText = today: null

2022-04-01 00:10:12 - [TEST_STEP][PASSED] - adminSuiteBootstrap.loginFunctionality.login_AdminSuite(): adminSuiteBootstrap.loginFunctionality.login_AdminSuite is PASSED

2022-04-01 00:10:12 - [MESSAGE][INFO] - Starting 'Chrome' driver

2022-04-01 00:10:12 - [MESSAGE][INFO] - User set preference: ['acceptInsecureCerts', 'true']

2022-04-01 00:10:12 - [MESSAGE][INFO] - Action delay is set to 0 milliseconds

2022-04-01 00:10:14 - [MESSAGE][PASSED] - Browser is opened with url: 'https://qa.velocitypayment.com/admin/imtiaz'

2022-04-01 00:10:14 - [MESSAGE][PASSED] - Current window maximized

2022-04-01 00:10:15 - [MESSAGE][PASSED] - Object 'Object Repository/Login_Page/Login_Username' is present

2022-04-01 00:10:16 - [MESSAGE][PASSED] - Text 'iahmed' is set on object 'Object Repository/Login_Page/Login_Username'

2022-04-01 00:10:16 - [MESSAGE][PASSED] - Text 'hello2222' is set on object 'Object Repository/Login_Page/Login_Password'

2022-04-01 00:10:19 - [MESSAGE][PASSED] - Object: 'Object Repository/Login_Page/Login_Submit' is clicked on

2022-04-01 00:10:19 - [MESSAGE][PASSED] - adminSuiteBootstrap.loginFunctionality.login_AdminSuite is PASSED

2022-04-01 00:10:19 - [TEST_STEP][PASSED] - click(findTestObject(path_Dashboard + appName)): Object: 'Object Repository/AdminSuiteBootstrap_Pages/Dashboard_Bootstrap/a_Access AutoNoCFtp' is clicked on

2022-04-01 00:10:20 - [MESSAGE][PASSED] - Object: 'Object Repository/AdminSuiteBootstrap_Pages/Dashboard_Bootstrap/a_Access AutoNoCFtp' is clicked on

2022-04-01 00:10:20 - [TEST_STEP][PASSED] - click(findTestObject(path_VT + "button_Authorization  Capture (Sale)")): Object: 'Object Repository/AdminSuiteBootstrap_Pages/VT_Bootstrap/IssueTransactions/button_Authorization  Capture (Sale)' is clicked on

2022-04-01 00:10:20 - [MESSAGE][PASSED] - Object: 'Object Repository/AdminSuiteBootstrap_Pages/VT_Bootstrap/IssueTransactions/button_Authorization  Capture (Sale)' is clicked on

2022-04-01 00:10:20 - [TEST_STEP][PASSED] - saleKeyboardEntryLink = modifyObjectProperty(findTestObject(path_VT + "a_KeyboardEntry_Sale"), "href", "equals", hrefAppID, true): Modify property of object successfully

2022-04-01 00:10:20 - [MESSAGE][PASSED] - Modify property of object successfully

2022-04-01 00:10:20 - [TEST_STEP][PASSED] - click(saleKeyboardEntryLink): Object: 'Object Repository/AdminSuiteBootstrap_Pages/VT_Bootstrap/IssueTransactions/a_KeyboardEntry_Sale' is clicked on

2022-04-01 00:10:21 - [MESSAGE][PASSED] - Object: 'Object Repository/AdminSuiteBootstrap_Pages/VT_Bootstrap/IssueTransactions/a_KeyboardEntry_Sale' is clicked on

2022-04-01 00:10:21 - [TEST_STEP][PASSED] - adminSuiteBootstrap.virtualTerminalSetData.saleKeyboard_DataDriven(row, dataFile): adminSuiteBootstrap.virtualTerminalSetData.saleKeyboard_DataDriven is PASSED

2022-04-01 00:10:24 - [MESSAGE][PASSED] - Text 'Janaki James' is set on object 'Object Repository/AdminSuiteBootstrap_Pages/VT_Bootstrap/SaleKeyboard/input_cardName'

2022-04-01 00:10:25 - [MESSAGE][PASSED] - All options with value 'MOTO' are selected in object 'Object Repository/AdminSuiteBootstrap_Pages/VT_Bootstrap/SaleKeyboard/select_transactionCategory'  using regular expression

2022-04-01 00:10:26 - [MESSAGE][PASSED] - Execute JavaScript 'arguments[0].value ='371449635392376' ' successfully

2022-04-01 00:10:26 - [MESSAGE][PASSED] - Execute JavaScript 'arguments[0].value ='123' ' successfully

2022-04-01 00:10:27 - [MESSAGE][PASSED] - All options with value '12' are selected in object 'Object Repository/AdminSuiteBootstrap_Pages/VT_Bootstrap/SaleKeyboard/select_MM'  using regular expression

2022-04-01 00:10:28 - [MESSAGE][PASSED] - All options with value '2025' are selected in object 'Object Repository/AdminSuiteBootstrap_Pages/VT_Bootstrap/SaleKeyboard/select_YYYY'  using regular expression

2022-04-01 00:10:29 - [MESSAGE][PASSED] - Text '550 Swan Lake' is set on object 'Object Repository/AdminSuiteBootstrap_Pages/VT_Bootstrap/SaleKeyboard/input__address'

2022-04-01 00:10:30 - [MESSAGE][PASSED] - Text 'Suite 500' is set on object 'Object Repository/AdminSuiteBootstrap_Pages/VT_Bootstrap/SaleKeyboard/input__address2'

2022-04-01 00:10:30 - [MESSAGE][PASSED] - Text '22201' is set on object 'Object Repository/AdminSuiteBootstrap_Pages/VT_Bootstrap/SaleKeyboard/input__zip'

2022-04-01 00:10:31 - [MESSAGE][PASSED] - Text '' is set on object 'Object Repository/AdminSuiteBootstrap_Pages/VT_Bootstrap/SaleKeyboard/input_emailAddress'

2022-04-01 00:10:32 - [MESSAGE][PASSED] - Text '' is set on object 'Object Repository/AdminSuiteBootstrap_Pages/VT_Bootstrap/SaleKeyboard/input_smsNumber'

2022-04-01 00:10:33 - [MESSAGE][PASSED] - Text '10.50' is set on object 'Object Repository/AdminSuiteBootstrap_Pages/VT_Bootstrap/SaleKeyboard/input_amount'

2022-04-01 00:10:34 - [MESSAGE][PASSED] - Text 'Australia' is set on object 'Object Repository/AdminSuiteBootstrap_Pages/VT_Bootstrap/SaleKeyboard/input_userDefined1'

2022-04-01 00:10:34 - [MESSAGE][PASSED] - Text 'Denmark' is set on object 'Object Repository/AdminSuiteBootstrap_Pages/VT_Bootstrap/SaleKeyboard/input_userDefined2'

2022-04-01 00:10:35 - [MESSAGE][PASSED] - Text 'Sweden' is set on object 'Object Repository/AdminSuiteBootstrap_Pages/VT_Bootstrap/SaleKeyboard/input_userDefined3'

2022-04-01 00:10:36 - [MESSAGE][PASSED] - Text 'Austria' is set on object 'Object Repository/AdminSuiteBootstrap_Pages/VT_Bootstrap/SaleKeyboard/input_userDefined4'

2022-04-01 00:10:37 - [MESSAGE][PASSED] - All options with label 'Orange' are selected in object 'Object Repository/AdminSuiteBootstrap_Pages/VT_Bootstrap/SaleKeyboard/select_UDF5_DropDown'  using regular expression

2022-04-01 00:10:38 - [MESSAGE][PASSED] - All options with label 'Yellow' are selected in object 'Object Repository/AdminSuiteBootstrap_Pages/VT_Bootstrap/SaleKeyboard/select_UDF6_DropDown'  using regular expression

2022-04-01 00:10:39 - [MESSAGE][PASSED] - Text 'Norway' is set on object 'Object Repository/AdminSuiteBootstrap_Pages/VT_Bootstrap/SaleKeyboard/input_userDefined7'

2022-04-01 00:10:39 - [MESSAGE][PASSED] - Text 'Netherlands' is set on object 'Object Repository/AdminSuiteBootstrap_Pages/VT_Bootstrap/SaleKeyboard/input_userDefined8'

2022-04-01 00:10:40 - [MESSAGE][PASSED] - Text 'Switzerland' is set on object 'Object Repository/AdminSuiteBootstrap_Pages/VT_Bootstrap/SaleKeyboard/input_userDefined9'

2022-04-01 00:10:41 - [MESSAGE][PASSED] - Text 'France' is set on object 'Object Repository/AdminSuiteBootstrap_Pages/VT_Bootstrap/SaleKeyboard/input_userDefined10'

2022-04-01 00:10:42 - [MESSAGE][PASSED] - Object: 'Object Repository/AdminSuiteBootstrap_Pages/VT_Bootstrap/SaleKeyboard/button_Submit' is clicked on

2022-04-01 00:10:42 - [MESSAGE][PASSED] - adminSuiteBootstrap.virtualTerminalSetData.saleKeyboard_DataDriven is PASSED

2022-04-01 00:10:42 - [TEST_STEP][PASSED] - if (verifyTextPresent("Transaction Successful", true)): null

2022-04-01 00:10:43 - [MESSAGE][PASSED] - Text 'Transaction Successful' is present on page  using regular expression

2022-04-01 00:10:43 - [TEST_STEP][PASSED] - sdf = getText(findTestObject(path_Receipt + "td_AutoNoC031622113752957Ahm")): Text of object 'Object Repository/AdminSuiteBootstrap_Pages/VT_Bootstrap/Receipt/td_AutoNoC031622113752957Ahm' is: 'AutoNoC040122000834066Ahm'

2022-04-01 00:10:43 - [MESSAGE][PASSED] - Text of object 'Object Repository/AdminSuiteBootstrap_Pages/VT_Bootstrap/Receipt/td_AutoNoC031622113752957Ahm' is: 'AutoNoC040122000834066Ahm'

2022-04-01 00:10:43 - [TEST_STEP][PASSED] - out.println("sdf: " + sdf): null

2022-04-01 00:10:43 - [TEST_STEP][PASSED] - remID = sdf: null

2022-04-01 00:10:43 - [TEST_STEP][PASSED] - out.println("remID: " + remID): null

2022-04-01 00:10:43 - [TEST_STEP][PASSED] - click(findTestObject(path_Receipt + "button_Continue")): Object: 'Object Repository/AdminSuiteBootstrap_Pages/VT_Bootstrap/Receipt/button_Continue' is clicked on

2022-04-01 00:10:44 - [MESSAGE][PASSED] - Object: 'Object Repository/AdminSuiteBootstrap_Pages/VT_Bootstrap/Receipt/button_Continue' is clicked on

2022-04-01 00:10:44 - [TEST_STEP][PASSED] - click(findTestObject(path_VT + "a_Search Transactions")): Object: 'Object Repository/AdminSuiteBootstrap_Pages/VT_Bootstrap/IssueTransactions/a_Search Transactions' is clicked on

2022-04-01 00:10:45 - [MESSAGE][PASSED] - Object: 'Object Repository/AdminSuiteBootstrap_Pages/VT_Bootstrap/IssueTransactions/a_Search Transactions' is clicked on

2022-04-01 00:10:45 - [TEST_STEP][PASSED] - setText(findTestObject(path_CCSearch + "input_Search By_searchValue"), remID): Text 'AutoNoC040122000834066Ahm' is set on object 'Object Repository/AdminSuiteBootstrap_Pages/VT_Bootstrap/CCCreditOrVoidSearch/input_Search By_searchValue'

2022-04-01 00:10:46 - [MESSAGE][PASSED] - Text 'AutoNoC040122000834066Ahm' is set on object 'Object Repository/AdminSuiteBootstrap_Pages/VT_Bootstrap/CCCreditOrVoidSearch/input_Search By_searchValue'

2022-04-01 00:10:46 - [TEST_STEP][PASSED] - click(findTestObject(path_CCSearch + "button_Submit")): Object: 'Object Repository/AdminSuiteBootstrap_Pages/VT_Bootstrap/CCCreditOrVoidSearch/button_Submit' is clicked on

2022-04-01 00:10:46 - [MESSAGE][PASSED] - Object: 'Object Repository/AdminSuiteBootstrap_Pages/VT_Bootstrap/CCCreditOrVoidSearch/button_Submit' is clicked on

2022-04-01 00:10:46 - [TEST_STEP][PASSED] - fgr = getText(findTestObject(path_SearchResults + "div_Payment ID")): Text of object 'Object Repository/AdminSuiteBootstrap_Pages/VT_Bootstrap/SearchResults/div_Payment ID' is: 'Payment ID
Payment Type
Transaction Type
Remittance ID
Name
Total Amount
End Date
Status
12114277 Credit Card Authorization and Capture AutoNoC040122000834066Ahm Janaki James $10.50 04/01/2022 Success'

2022-04-01 00:10:47 - [MESSAGE][PASSED] - Text of object 'Object Repository/AdminSuiteBootstrap_Pages/VT_Bootstrap/SearchResults/div_Payment ID' is: 'Payment ID
Payment Type
Transaction Type
Remittance ID
Name
Total Amount
End Date
Status
12114277 Credit Card Authorization and Capture AutoNoC040122000834066Ahm Janaki James $10.50 04/01/2022 Success'

2022-04-01 00:10:47 - [TEST_STEP][PASSED] - payID = substring(89, 98).trim(): null

2022-04-01 00:10:47 - [TEST_STEP][PASSED] - out.println("payID: " + payID): null

2022-04-01 00:10:47 - [TEST_STEP][PASSED] - click(findTestObject(path_SearchResults + "button_PaymentID")): Object: 'Object Repository/AdminSuiteBootstrap_Pages/VT_Bootstrap/SearchResults/button_PaymentID' is clicked on

2022-04-01 00:10:48 - [MESSAGE][PASSED] - Object: 'Object Repository/AdminSuiteBootstrap_Pages/VT_Bootstrap/SearchResults/button_PaymentID' is clicked on

2022-04-01 00:10:48 - [TEST_STEP][PASSED] - verifyTextPresent("Tender Type", true): Text 'Tender Type' is present on page  using regular expression

2022-04-01 00:10:48 - [MESSAGE][PASSED] - Text 'Tender Type' is present on page  using regular expression

2022-04-01 00:10:48 - [TEST_STEP][PASSED] - verifyTextPresent("Credit Card", true): Text 'Credit Card' is present on page  using regular expression

2022-04-01 00:10:49 - [MESSAGE][PASSED] - Text 'Credit Card' is present on page  using regular expression

2022-04-01 00:10:49 - [TEST_STEP][PASSED] - verifyTextPresent("Transaction Type", true): Text 'Transaction Type' is present on page  using regular expression

2022-04-01 00:10:49 - [MESSAGE][PASSED] - Text 'Transaction Type' is present on page  using regular expression

2022-04-01 00:10:49 - [TEST_STEP][PASSED] - verifyTextPresent("Authorization and Capture", true): Text 'Authorization and Capture' is present on page  using regular expression

2022-04-01 00:10:49 - [MESSAGE][PASSED] - Text 'Authorization and Capture' is present on page  using regular expression

2022-04-01 00:10:49 - [TEST_STEP][PASSED] - verifyTextPresent("Transaction Posted by", true): Text 'Transaction Posted by' is present on page  using regular expression

2022-04-01 00:10:50 - [MESSAGE][PASSED] - Text 'Transaction Posted by' is present on page  using regular expression

2022-04-01 00:10:50 - [TEST_STEP][PASSED] - verifyTextPresent("iahmed", true): Text 'iahmed' is present on page  using regular expression

2022-04-01 00:10:50 - [MESSAGE][PASSED] - Text 'iahmed' is present on page  using regular expression

2022-04-01 00:10:50 - [TEST_STEP][PASSED] - click(findTestObject(path_TranxDetails + "a_Credit this transaction")): Object: 'Object Repository/AdminSuiteBootstrap_Pages/VT_Bootstrap/TransactionDetails/a_Credit this transaction' is clicked on

2022-04-01 00:10:51 - [MESSAGE][PASSED] - Object: 'Object Repository/AdminSuiteBootstrap_Pages/VT_Bootstrap/TransactionDetails/a_Credit this transaction' is clicked on

2022-04-01 00:10:51 - [TEST_STEP][PASSED] - verifyTextPresent("Credit Card Credit", true): Text 'Credit Card Credit' is present on page  using regular expression

2022-04-01 00:10:52 - [MESSAGE][PASSED] - Text 'Credit Card Credit' is present on page  using regular expression

2022-04-01 00:10:52 - [TEST_STEP][PASSED] - click(findTestObject(path_TranxDetails + "button_Submit")): Object: 'Object Repository/AdminSuiteBootstrap_Pages/VT_Bootstrap/TransactionDetails/button_Submit' is clicked on

2022-04-01 00:10:54 - [MESSAGE][PASSED] - Object: 'Object Repository/AdminSuiteBootstrap_Pages/VT_Bootstrap/TransactionDetails/button_Submit' is clicked on

2022-04-01 00:10:54 - [TEST_STEP][PASSED] - verifyTextPresent("Transaction Successful", true): Text 'Transaction Successful' is present on page  using regular expression

2022-04-01 00:10:54 - [MESSAGE][PASSED] - Text 'Transaction Successful' is present on page  using regular expression

2022-04-01 00:10:54 - [TEST_STEP][PASSED] - verifyTextPresent("Transaction Type", true): Text 'Transaction Type' is present on page  using regular expression

2022-04-01 00:10:55 - [MESSAGE][PASSED] - Text 'Transaction Type' is present on page  using regular expression

2022-04-01 00:10:55 - [TEST_STEP][PASSED] - verifyTextPresent("Credit", true): Text 'Credit' is present on page  using regular expression

2022-04-01 00:10:55 - [MESSAGE][PASSED] - Text 'Credit' is present on page  using regular expression

2022-04-01 00:10:55 - [TEST_STEP][PASSED] - closeBrowser(): Browser is closed

2022-04-01 00:10:56 - [MESSAGE][PASSED] - Browser is closed

2022-04-01 00:10:56 - [TEST_STEP][PASSED] - ExecuteTC = findTestData(dataFile).getValue("Execute", row): null

2022-04-01 00:10:56 - [TEST_STEP][PASSED] - out.println("Value of Execute is : " + ExecuteTC): null

2022-04-01 00:10:56 - [TEST_STEP][PASSED] - switch (executionProfile): null

2022-04-01 00:10:56 - [TEST_STEP][PASSED] - case "QAProfile":: null

2022-04-01 00:10:56 - [TEST_STEP][PASSED] - appName = findTestData(dataFile).getValue("AppNameQA", row): null

2022-04-01 00:10:56 - [TEST_STEP][PASSED] - appID = findTestData(dataFile).getValue("AppIDQA", row): null

2022-04-01 00:10:56 - [TEST_STEP][PASSED] - break: null

2022-04-01 00:10:56 - [TEST_STEP][PASSED] - hrefAppID = li_1 + appID + li_2: null

2022-04-01 00:10:56 - [TEST_STEP][PASSED] - hrefApp = li_1 + appID + "/": null

2022-04-01 00:10:56 - [TEST_STEP][PASSED] - println("hrefApp : " + hrefApp): null

2022-04-01 00:10:56 - [TEST_STEP][PASSED] - if (ExecuteTC.equalsIgnoreCase("Y")): null

2022-04-01 00:10:56 - [TEST_STEP][PASSED] - out.println("Begin Record Number: " + row): null

2022-04-01 00:10:56 - [TEST_STEP][PASSED] - today = new java.util.Date(): null

2022-04-01 00:10:56 - [TEST_STEP][PASSED] - println(today): null

2022-04-01 00:10:56 - [TEST_STEP][PASSED] - datText = today: null

2022-04-01 00:10:56 - [TEST_STEP][PASSED] - adminSuiteBootstrap.loginFunctionality.login_AdminSuite(): adminSuiteBootstrap.loginFunctionality.login_AdminSuite is PASSED

2022-04-01 00:10:56 - [MESSAGE][INFO] - Starting 'Chrome' driver

2022-04-01 00:10:56 - [MESSAGE][INFO] - User set preference: ['acceptInsecureCerts', 'true']

2022-04-01 00:10:56 - [MESSAGE][INFO] - Action delay is set to 0 milliseconds

2022-04-01 00:10:58 - [MESSAGE][PASSED] - Browser is opened with url: 'https://qa.velocitypayment.com/admin/imtiaz'

2022-04-01 00:10:59 - [MESSAGE][PASSED] - Current window maximized

2022-04-01 00:10:59 - [MESSAGE][PASSED] - Object 'Object Repository/Login_Page/Login_Username' is present

2022-04-01 00:11:00 - [MESSAGE][PASSED] - Text 'iahmed' is set on object 'Object Repository/Login_Page/Login_Username'

2022-04-01 00:11:00 - [MESSAGE][PASSED] - Text 'hello2222' is set on object 'Object Repository/Login_Page/Login_Password'

2022-04-01 00:11:03 - [MESSAGE][PASSED] - Object: 'Object Repository/Login_Page/Login_Submit' is clicked on

2022-04-01 00:11:03 - [MESSAGE][PASSED] - adminSuiteBootstrap.loginFunctionality.login_AdminSuite is PASSED

2022-04-01 00:11:03 - [TEST_STEP][PASSED] - click(findTestObject(path_Dashboard + appName)): Object: 'Object Repository/AdminSuiteBootstrap_Pages/Dashboard_Bootstrap/a_Access AutoNoCFtp' is clicked on

2022-04-01 00:11:04 - [MESSAGE][PASSED] - Object: 'Object Repository/AdminSuiteBootstrap_Pages/Dashboard_Bootstrap/a_Access AutoNoCFtp' is clicked on

2022-04-01 00:11:04 - [TEST_STEP][PASSED] - click(findTestObject(path_VT + "button_Authorization  Capture (Sale)")): Object: 'Object Repository/AdminSuiteBootstrap_Pages/VT_Bootstrap/IssueTransactions/button_Authorization  Capture (Sale)' is clicked on

2022-04-01 00:11:05 - [MESSAGE][PASSED] - Object: 'Object Repository/AdminSuiteBootstrap_Pages/VT_Bootstrap/IssueTransactions/button_Authorization  Capture (Sale)' is clicked on

2022-04-01 00:11:05 - [TEST_STEP][PASSED] - saleKeyboardEntryLink = modifyObjectProperty(findTestObject(path_VT + "a_KeyboardEntry_Sale"), "href", "equals", hrefAppID, true): Modify property of object successfully

2022-04-01 00:11:05 - [MESSAGE][PASSED] - Modify property of object successfully

2022-04-01 00:11:05 - [TEST_STEP][PASSED] - click(saleKeyboardEntryLink): Object: 'Object Repository/AdminSuiteBootstrap_Pages/VT_Bootstrap/IssueTransactions/a_KeyboardEntry_Sale' is clicked on

2022-04-01 00:11:05 - [MESSAGE][PASSED] - Object: 'Object Repository/AdminSuiteBootstrap_Pages/VT_Bootstrap/IssueTransactions/a_KeyboardEntry_Sale' is clicked on

2022-04-01 00:11:05 - [TEST_STEP][PASSED] - adminSuiteBootstrap.virtualTerminalSetData.saleKeyboard_DataDriven(row, dataFile): adminSuiteBootstrap.virtualTerminalSetData.saleKeyboard_DataDriven is PASSED

2022-04-01 00:11:08 - [MESSAGE][PASSED] - Text 'Janaki James' is set on object 'Object Repository/AdminSuiteBootstrap_Pages/VT_Bootstrap/SaleKeyboard/input_cardName'

2022-04-01 00:11:09 - [MESSAGE][PASSED] - All options with value 'MOTO' are selected in object 'Object Repository/AdminSuiteBootstrap_Pages/VT_Bootstrap/SaleKeyboard/select_transactionCategory'  using regular expression

2022-04-01 00:11:10 - [MESSAGE][PASSED] - Execute JavaScript 'arguments[0].value ='6011000993026909' ' successfully

2022-04-01 00:11:10 - [MESSAGE][PASSED] - Execute JavaScript 'arguments[0].value ='123' ' successfully

2022-04-01 00:11:11 - [MESSAGE][PASSED] - All options with value '12' are selected in object 'Object Repository/AdminSuiteBootstrap_Pages/VT_Bootstrap/SaleKeyboard/select_MM'  using regular expression

2022-04-01 00:11:13 - [MESSAGE][PASSED] - All options with value '2025' are selected in object 'Object Repository/AdminSuiteBootstrap_Pages/VT_Bootstrap/SaleKeyboard/select_YYYY'  using regular expression

2022-04-01 00:11:13 - [MESSAGE][PASSED] - Text '25987 Hill Top' is set on object 'Object Repository/AdminSuiteBootstrap_Pages/VT_Bootstrap/SaleKeyboard/input__address'

2022-04-01 00:11:14 - [MESSAGE][PASSED] - Text 'Suite 500' is set on object 'Object Repository/AdminSuiteBootstrap_Pages/VT_Bootstrap/SaleKeyboard/input__address2'

2022-04-01 00:11:15 - [MESSAGE][PASSED] - Text '22201' is set on object 'Object Repository/AdminSuiteBootstrap_Pages/VT_Bootstrap/SaleKeyboard/input__zip'

2022-04-01 00:11:15 - [MESSAGE][PASSED] - Text '' is set on object 'Object Repository/AdminSuiteBootstrap_Pages/VT_Bootstrap/SaleKeyboard/input_emailAddress'

2022-04-01 00:11:17 - [MESSAGE][PASSED] - Text '' is set on object 'Object Repository/AdminSuiteBootstrap_Pages/VT_Bootstrap/SaleKeyboard/input_smsNumber'

2022-04-01 00:11:18 - [MESSAGE][PASSED] - Text '10.50' is set on object 'Object Repository/AdminSuiteBootstrap_Pages/VT_Bootstrap/SaleKeyboard/input_amount'

2022-04-01 00:11:18 - [MESSAGE][PASSED] - Text 'Australia' is set on object 'Object Repository/AdminSuiteBootstrap_Pages/VT_Bootstrap/SaleKeyboard/input_userDefined1'

2022-04-01 00:11:19 - [MESSAGE][PASSED] - Text 'Denmark' is set on object 'Object Repository/AdminSuiteBootstrap_Pages/VT_Bootstrap/SaleKeyboard/input_userDefined2'

2022-04-01 00:11:20 - [MESSAGE][PASSED] - Text 'Sweden' is set on object 'Object Repository/AdminSuiteBootstrap_Pages/VT_Bootstrap/SaleKeyboard/input_userDefined3'

2022-04-01 00:11:20 - [MESSAGE][PASSED] - Text 'Austria' is set on object 'Object Repository/AdminSuiteBootstrap_Pages/VT_Bootstrap/SaleKeyboard/input_userDefined4'

2022-04-01 00:11:21 - [MESSAGE][PASSED] - All options with label 'Orange' are selected in object 'Object Repository/AdminSuiteBootstrap_Pages/VT_Bootstrap/SaleKeyboard/select_UDF5_DropDown'  using regular expression

2022-04-01 00:11:22 - [MESSAGE][PASSED] - All options with label 'Yellow' are selected in object 'Object Repository/AdminSuiteBootstrap_Pages/VT_Bootstrap/SaleKeyboard/select_UDF6_DropDown'  using regular expression

2022-04-01 00:11:23 - [MESSAGE][PASSED] - Text 'Norway' is set on object 'Object Repository/AdminSuiteBootstrap_Pages/VT_Bootstrap/SaleKeyboard/input_userDefined7'

2022-04-01 00:11:24 - [MESSAGE][PASSED] - Text 'Netherlands' is set on object 'Object Repository/AdminSuiteBootstrap_Pages/VT_Bootstrap/SaleKeyboard/input_userDefined8'

2022-04-01 00:11:25 - [MESSAGE][PASSED] - Text 'Switzerland' is set on object 'Object Repository/AdminSuiteBootstrap_Pages/VT_Bootstrap/SaleKeyboard/input_userDefined9'

2022-04-01 00:11:25 - [MESSAGE][PASSED] - Text 'France' is set on object 'Object Repository/AdminSuiteBootstrap_Pages/VT_Bootstrap/SaleKeyboard/input_userDefined10'

2022-04-01 00:11:27 - [MESSAGE][PASSED] - Object: 'Object Repository/AdminSuiteBootstrap_Pages/VT_Bootstrap/SaleKeyboard/button_Submit' is clicked on

2022-04-01 00:11:27 - [MESSAGE][PASSED] - adminSuiteBootstrap.virtualTerminalSetData.saleKeyboard_DataDriven is PASSED

2022-04-01 00:11:27 - [TEST_STEP][PASSED] - if (verifyTextPresent("Transaction Successful", true)): null

2022-04-01 00:11:27 - [MESSAGE][PASSED] - Text 'Transaction Successful' is present on page  using regular expression

2022-04-01 00:11:27 - [TEST_STEP][PASSED] - sdf = getText(findTestObject(path_Receipt + "td_AutoNoC031622113752957Ahm")): Text of object 'Object Repository/AdminSuiteBootstrap_Pages/VT_Bootstrap/Receipt/td_AutoNoC031622113752957Ahm' is: 'AutoNoC040122000918247Ahm'

2022-04-01 00:11:28 - [MESSAGE][PASSED] - Text of object 'Object Repository/AdminSuiteBootstrap_Pages/VT_Bootstrap/Receipt/td_AutoNoC031622113752957Ahm' is: 'AutoNoC040122000918247Ahm'

2022-04-01 00:11:28 - [TEST_STEP][PASSED] - out.println("sdf: " + sdf): null

2022-04-01 00:11:28 - [TEST_STEP][PASSED] - remID = sdf: null

2022-04-01 00:11:28 - [TEST_STEP][PASSED] - out.println("remID: " + remID): null

2022-04-01 00:11:28 - [TEST_STEP][PASSED] - click(findTestObject(path_Receipt + "button_Continue")): Object: 'Object Repository/AdminSuiteBootstrap_Pages/VT_Bootstrap/Receipt/button_Continue' is clicked on

2022-04-01 00:11:28 - [MESSAGE][PASSED] - Object: 'Object Repository/AdminSuiteBootstrap_Pages/VT_Bootstrap/Receipt/button_Continue' is clicked on

2022-04-01 00:11:28 - [TEST_STEP][PASSED] - click(findTestObject(path_VT + "a_Search Transactions")): Object: 'Object Repository/AdminSuiteBootstrap_Pages/VT_Bootstrap/IssueTransactions/a_Search Transactions' is clicked on

2022-04-01 00:11:29 - [MESSAGE][PASSED] - Object: 'Object Repository/AdminSuiteBootstrap_Pages/VT_Bootstrap/IssueTransactions/a_Search Transactions' is clicked on

2022-04-01 00:11:29 - [TEST_STEP][PASSED] - setText(findTestObject(path_CCSearch + "input_Search By_searchValue"), remID): Text 'AutoNoC040122000918247Ahm' is set on object 'Object Repository/AdminSuiteBootstrap_Pages/VT_Bootstrap/CCCreditOrVoidSearch/input_Search By_searchValue'

2022-04-01 00:11:30 - [MESSAGE][PASSED] - Text 'AutoNoC040122000918247Ahm' is set on object 'Object Repository/AdminSuiteBootstrap_Pages/VT_Bootstrap/CCCreditOrVoidSearch/input_Search By_searchValue'

2022-04-01 00:11:30 - [TEST_STEP][PASSED] - click(findTestObject(path_CCSearch + "button_Submit")): Object: 'Object Repository/AdminSuiteBootstrap_Pages/VT_Bootstrap/CCCreditOrVoidSearch/button_Submit' is clicked on

2022-04-01 00:11:31 - [MESSAGE][PASSED] - Object: 'Object Repository/AdminSuiteBootstrap_Pages/VT_Bootstrap/CCCreditOrVoidSearch/button_Submit' is clicked on

2022-04-01 00:11:31 - [TEST_STEP][PASSED] - fgr = getText(findTestObject(path_SearchResults + "div_Payment ID")): Text of object 'Object Repository/AdminSuiteBootstrap_Pages/VT_Bootstrap/SearchResults/div_Payment ID' is: 'Payment ID
Payment Type
Transaction Type
Remittance ID
Name
Total Amount
End Date
Status
12114279 Credit Card Authorization and Capture AutoNoC040122000918247Ahm Janaki James $10.50 04/01/2022 Success'

2022-04-01 00:11:32 - [MESSAGE][PASSED] - Text of object 'Object Repository/AdminSuiteBootstrap_Pages/VT_Bootstrap/SearchResults/div_Payment ID' is: 'Payment ID
Payment Type
Transaction Type
Remittance ID
Name
Total Amount
End Date
Status
12114279 Credit Card Authorization and Capture AutoNoC040122000918247Ahm Janaki James $10.50 04/01/2022 Success'

2022-04-01 00:11:32 - [TEST_STEP][PASSED] - payID = substring(89, 98).trim(): null

2022-04-01 00:11:32 - [TEST_STEP][PASSED] - out.println("payID: " + payID): null

2022-04-01 00:11:32 - [TEST_STEP][PASSED] - click(findTestObject(path_SearchResults + "button_PaymentID")): Object: 'Object Repository/AdminSuiteBootstrap_Pages/VT_Bootstrap/SearchResults/button_PaymentID' is clicked on

2022-04-01 00:11:33 - [MESSAGE][PASSED] - Object: 'Object Repository/AdminSuiteBootstrap_Pages/VT_Bootstrap/SearchResults/button_PaymentID' is clicked on

2022-04-01 00:11:33 - [TEST_STEP][PASSED] - verifyTextPresent("Tender Type", true): Text 'Tender Type' is present on page  using regular expression

2022-04-01 00:11:33 - [MESSAGE][PASSED] - Text 'Tender Type' is present on page  using regular expression

2022-04-01 00:11:33 - [TEST_STEP][PASSED] - verifyTextPresent("Credit Card", true): Text 'Credit Card' is present on page  using regular expression

2022-04-01 00:11:33 - [MESSAGE][PASSED] - Text 'Credit Card' is present on page  using regular expression

2022-04-01 00:11:33 - [TEST_STEP][PASSED] - verifyTextPresent("Transaction Type", true): Text 'Transaction Type' is present on page  using regular expression

2022-04-01 00:11:34 - [MESSAGE][PASSED] - Text 'Transaction Type' is present on page  using regular expression

2022-04-01 00:11:34 - [TEST_STEP][PASSED] - verifyTextPresent("Authorization and Capture", true): Text 'Authorization and Capture' is present on page  using regular expression

2022-04-01 00:11:34 - [MESSAGE][PASSED] - Text 'Authorization and Capture' is present on page  using regular expression

2022-04-01 00:11:34 - [TEST_STEP][PASSED] - verifyTextPresent("Transaction Posted by", true): Text 'Transaction Posted by' is present on page  using regular expression

2022-04-01 00:11:35 - [MESSAGE][PASSED] - Text 'Transaction Posted by' is present on page  using regular expression

2022-04-01 00:11:35 - [TEST_STEP][PASSED] - verifyTextPresent("iahmed", true): Text 'iahmed' is present on page  using regular expression

2022-04-01 00:11:35 - [MESSAGE][PASSED] - Text 'iahmed' is present on page  using regular expression

2022-04-01 00:11:35 - [TEST_STEP][PASSED] - click(findTestObject(path_TranxDetails + "a_Credit this transaction")): Object: 'Object Repository/AdminSuiteBootstrap_Pages/VT_Bootstrap/TransactionDetails/a_Credit this transaction' is clicked on

2022-04-01 00:11:36 - [MESSAGE][PASSED] - Object: 'Object Repository/AdminSuiteBootstrap_Pages/VT_Bootstrap/TransactionDetails/a_Credit this transaction' is clicked on

2022-04-01 00:11:36 - [TEST_STEP][PASSED] - verifyTextPresent("Credit Card Credit", true): Text 'Credit Card Credit' is present on page  using regular expression

2022-04-01 00:11:37 - [MESSAGE][PASSED] - Text 'Credit Card Credit' is present on page  using regular expression

2022-04-01 00:11:37 - [TEST_STEP][PASSED] - click(findTestObject(path_TranxDetails + "button_Submit")): Object: 'Object Repository/AdminSuiteBootstrap_Pages/VT_Bootstrap/TransactionDetails/button_Submit' is clicked on

2022-04-01 00:11:38 - [MESSAGE][PASSED] - Object: 'Object Repository/AdminSuiteBootstrap_Pages/VT_Bootstrap/TransactionDetails/button_Submit' is clicked on

2022-04-01 00:11:38 - [TEST_STEP][PASSED] - verifyTextPresent("Transaction Successful", true): Text 'Transaction Successful' is present on page  using regular expression

2022-04-01 00:11:39 - [MESSAGE][PASSED] - Text 'Transaction Successful' is present on page  using regular expression

2022-04-01 00:11:39 - [TEST_STEP][PASSED] - verifyTextPresent("Transaction Type", true): Text 'Transaction Type' is present on page  using regular expression

2022-04-01 00:11:39 - [MESSAGE][PASSED] - Text 'Transaction Type' is present on page  using regular expression

2022-04-01 00:11:39 - [TEST_STEP][PASSED] - verifyTextPresent("Credit", true): Text 'Credit' is present on page  using regular expression

2022-04-01 00:11:40 - [MESSAGE][PASSED] - Text 'Credit' is present on page  using regular expression

2022-04-01 00:11:40 - [TEST_STEP][PASSED] - closeBrowser(): Browser is closed

2022-04-01 00:11:41 - [MESSAGE][PASSED] - Browser is closed]]></system-out>
         <system-err><![CDATA[]]></system-err>
      </testcase>
      <testcase name="Test Cases/Admin Suite Bootstrap/VT_TestCases/SaleAndCreditKeyboard_TP_SingleCF_Generic_Payment_TC" time="379.836" classname="Test Cases/Admin Suite Bootstrap/VT_TestCases/SaleAndCreditKeyboard_TP_SingleCF_Generic_Payment_TC" status="PASSED">
         <system-out><![CDATA[2022-04-01 00:11:41 - [TEST_CASE][PASSED] - Test Cases/Admin Suite Bootstrap/VT_TestCases/SaleAndCreditKeyboard_TP_SingleCF_Generic_Payment_TC: Test Cases/Admin Suite Bootstrap/VT_TestCases/SaleAndCreditKeyboard_TP_SingleCF_Generic_Payment_TC

2022-04-01 00:11:41 - [TEST_STEP][PASSED] - path_Dashboard = "Object Repository/AdminSuiteBootstrap_Pages/Dashboard_Bootstrap/": null

2022-04-01 00:11:41 - [TEST_STEP][PASSED] - path_VT = "Object Repository/AdminSuiteBootstrap_Pages/VT_Bootstrap/IssueTransactions/": null

2022-04-01 00:11:41 - [TEST_STEP][PASSED] - path_SaleKB = "Object Repository/AdminSuiteBootstrap_Pages/VT_Bootstrap/SaleKeyboard/": null

2022-04-01 00:11:41 - [TEST_STEP][PASSED] - path_TestMinus = "Object Repository/Page_TestMinusAndAtSigns/": null

2022-04-01 00:11:41 - [TEST_STEP][PASSED] - path_Receipt = "Object Repository/AdminSuiteBootstrap_Pages/VT_Bootstrap/Receipt/": null

2022-04-01 00:11:41 - [TEST_STEP][PASSED] - path_CCSearch = "Object Repository/AdminSuiteBootstrap_Pages/VT_Bootstrap/CCCreditOrVoidSearch/": null

2022-04-01 00:11:41 - [TEST_STEP][PASSED] - path_SearchResults = "Object Repository/AdminSuiteBootstrap_Pages/VT_Bootstrap/SearchResults/": null

2022-04-01 00:11:41 - [TEST_STEP][PASSED] - path_TranxDetails = "Object Repository/AdminSuiteBootstrap_Pages/VT_Bootstrap/TransactionDetails/": null

2022-04-01 00:11:41 - [TEST_STEP][PASSED] - li_1 = vpos_Prefix: null

2022-04-01 00:11:41 - [TEST_STEP][PASSED] - li_2 = "/transactions/AuthCapForm/": null

2022-04-01 00:11:41 - [TEST_STEP][PASSED] - executionProfile = getExecutionProfile(): null

2022-04-01 00:11:41 - [TEST_STEP][PASSED] - out.println("executionProfile : " + executionProfile): null

2022-04-01 00:11:41 - [TEST_STEP][PASSED] - appName = <not implemented yet for class: org.codehaus.groovy.ast.expr.EmptyExpression>: null

2022-04-01 00:11:41 - [TEST_STEP][PASSED] - appID = <not implemented yet for class: org.codehaus.groovy.ast.expr.EmptyExpression>: null

2022-04-01 00:11:41 - [TEST_STEP][PASSED] - cardNameV = <not implemented yet for class: org.codehaus.groovy.ast.expr.EmptyExpression>: null

2022-04-01 00:11:41 - [TEST_STEP][PASSED] - al1V = <not implemented yet for class: org.codehaus.groovy.ast.expr.EmptyExpression>: null

2022-04-01 00:11:41 - [TEST_STEP][PASSED] - al2V = <not implemented yet for class: org.codehaus.groovy.ast.expr.EmptyExpression>: null

2022-04-01 00:11:41 - [TEST_STEP][PASSED] - zipV = <not implemented yet for class: org.codehaus.groovy.ast.expr.EmptyExpression>: null

2022-04-01 00:11:41 - [TEST_STEP][PASSED] - cardTypeV = <not implemented yet for class: org.codehaus.groovy.ast.expr.EmptyExpression>: null

2022-04-01 00:11:41 - [TEST_STEP][PASSED] - last4V = <not implemented yet for class: org.codehaus.groovy.ast.expr.EmptyExpression>: null

2022-04-01 00:11:41 - [TEST_STEP][PASSED] - resText = "Fail": null

2022-04-01 00:11:41 - [TEST_STEP][PASSED] - resColumn = "Result": null

2022-04-01 00:11:41 - [TEST_STEP][PASSED] - datCloumn = "Date": null

2022-04-01 00:11:41 - [TEST_STEP][PASSED] - fileLoc = "C:\KatalonData\Bootstrap\VT-Data.xlsx": null

2022-04-01 00:11:41 - [TEST_STEP][PASSED] - numOfRows = <not implemented yet for class: org.codehaus.groovy.ast.expr.EmptyExpression>: null

2022-04-01 00:11:41 - [TEST_STEP][PASSED] - dataFile = <not implemented yet for class: org.codehaus.groovy.ast.expr.EmptyExpression>: null

2022-04-01 00:11:41 - [TEST_STEP][PASSED] - nameSheet = <not implemented yet for class: org.codehaus.groovy.ast.expr.EmptyExpression>: null

2022-04-01 00:11:41 - [TEST_STEP][PASSED] - nameSheet = "VT-SaleCredit-SingleCF-Generic": null

2022-04-01 00:11:41 - [TEST_STEP][PASSED] - numOfRows = findTestData("QA/Bootstrap/VT-TestData/VT-SaleCreditData-SingleCF-Generic").getRowNumbers(): null

2022-04-01 00:11:41 - [TEST_STEP][PASSED] - println("Number of Records: " + numOfRows): null

2022-04-01 00:11:41 - [TEST_STEP][PASSED] - dataFile = "QA/Bootstrap/VT-TestData/VT-SaleCreditData-SingleCF-Generic": null

2022-04-01 00:11:41 - [TEST_STEP][PASSED] - for ([row = 1, row <= numOfRows, (row++)]): null

2022-04-01 00:11:41 - [TEST_STEP][PASSED] - ExecuteTC = findTestData(dataFile).getValue("Execute", row): null

2022-04-01 00:11:41 - [TEST_STEP][PASSED] - out.println("Value of Execute is : " + ExecuteTC): null

2022-04-01 00:11:41 - [TEST_STEP][PASSED] - switch (executionProfile): null

2022-04-01 00:11:41 - [TEST_STEP][PASSED] - case "QAProfile":: null

2022-04-01 00:11:41 - [TEST_STEP][PASSED] - appName = findTestData(dataFile).getValue("AppNameQA", row): null

2022-04-01 00:11:41 - [TEST_STEP][PASSED] - appID = findTestData(dataFile).getValue("AppIDQA", row): null

2022-04-01 00:11:41 - [TEST_STEP][PASSED] - break: null

2022-04-01 00:11:41 - [TEST_STEP][PASSED] - hrefAppID = li_1 + appID + li_2: null

2022-04-01 00:11:41 - [TEST_STEP][PASSED] - hrefApp = li_1 + appID + "/": null

2022-04-01 00:11:41 - [TEST_STEP][PASSED] - println("hrefApp : " + hrefApp): null

2022-04-01 00:11:41 - [TEST_STEP][PASSED] - if (ExecuteTC.equalsIgnoreCase("Y")): null

2022-04-01 00:11:41 - [TEST_STEP][PASSED] - out.println("Begin Record Number: " + row): null

2022-04-01 00:11:41 - [TEST_STEP][PASSED] - today = new java.util.Date(): null

2022-04-01 00:11:41 - [TEST_STEP][PASSED] - println(today): null

2022-04-01 00:11:41 - [TEST_STEP][PASSED] - datText = today: null

2022-04-01 00:11:41 - [TEST_STEP][PASSED] - adminSuiteBootstrap.loginFunctionality.login_AdminSuite(): adminSuiteBootstrap.loginFunctionality.login_AdminSuite is PASSED

2022-04-01 00:11:41 - [MESSAGE][INFO] - Starting 'Chrome' driver

2022-04-01 00:11:41 - [MESSAGE][INFO] - User set preference: ['acceptInsecureCerts', 'true']

2022-04-01 00:11:41 - [MESSAGE][INFO] - Action delay is set to 0 milliseconds

2022-04-01 00:11:44 - [MESSAGE][PASSED] - Browser is opened with url: 'https://qa.velocitypayment.com/admin/imtiaz'

2022-04-01 00:11:44 - [MESSAGE][PASSED] - Current window maximized

2022-04-01 00:11:44 - [MESSAGE][PASSED] - Object 'Object Repository/Login_Page/Login_Username' is present

2022-04-01 00:11:45 - [MESSAGE][PASSED] - Text 'iahmed' is set on object 'Object Repository/Login_Page/Login_Username'

2022-04-01 00:11:46 - [MESSAGE][PASSED] - Text 'hello2222' is set on object 'Object Repository/Login_Page/Login_Password'

2022-04-01 00:11:49 - [MESSAGE][PASSED] - Object: 'Object Repository/Login_Page/Login_Submit' is clicked on

2022-04-01 00:11:49 - [MESSAGE][PASSED] - adminSuiteBootstrap.loginFunctionality.login_AdminSuite is PASSED

2022-04-01 00:11:49 - [TEST_STEP][PASSED] - click(findTestObject(path_Dashboard + appName)): Object: 'Object Repository/AdminSuiteBootstrap_Pages/Dashboard_Bootstrap/a_Access AutoSingleCFtpQA' is clicked on

2022-04-01 00:11:50 - [MESSAGE][PASSED] - Object: 'Object Repository/AdminSuiteBootstrap_Pages/Dashboard_Bootstrap/a_Access AutoSingleCFtpQA' is clicked on

2022-04-01 00:11:50 - [TEST_STEP][PASSED] - click(findTestObject(path_VT + "button_Authorization  Capture (Sale)")): Object: 'Object Repository/AdminSuiteBootstrap_Pages/VT_Bootstrap/IssueTransactions/button_Authorization  Capture (Sale)' is clicked on

2022-04-01 00:11:50 - [MESSAGE][PASSED] - Object: 'Object Repository/AdminSuiteBootstrap_Pages/VT_Bootstrap/IssueTransactions/button_Authorization  Capture (Sale)' is clicked on

2022-04-01 00:11:50 - [TEST_STEP][PASSED] - saleKeyboardEntryLink = modifyObjectProperty(findTestObject(path_VT + "a_KeyboardEntry_Sale"), "href", "equals", hrefAppID, true): Modify property of object successfully

2022-04-01 00:11:50 - [MESSAGE][PASSED] - Modify property of object successfully

2022-04-01 00:11:50 - [TEST_STEP][PASSED] - click(saleKeyboardEntryLink): Object: 'Object Repository/AdminSuiteBootstrap_Pages/VT_Bootstrap/IssueTransactions/a_KeyboardEntry_Sale' is clicked on

2022-04-01 00:11:51 - [MESSAGE][PASSED] - Object: 'Object Repository/AdminSuiteBootstrap_Pages/VT_Bootstrap/IssueTransactions/a_KeyboardEntry_Sale' is clicked on

2022-04-01 00:11:51 - [TEST_STEP][PASSED] - adminSuiteBootstrap.virtualTerminalSetData.saleKeyboard_DataDriven(row, dataFile): adminSuiteBootstrap.virtualTerminalSetData.saleKeyboard_DataDriven is PASSED

2022-04-01 00:11:54 - [MESSAGE][PASSED] - Text 'Tulsi Raman' is set on object 'Object Repository/AdminSuiteBootstrap_Pages/VT_Bootstrap/SaleKeyboard/input_cardName'

2022-04-01 00:11:55 - [MESSAGE][PASSED] - All options with value 'RETL' are selected in object 'Object Repository/AdminSuiteBootstrap_Pages/VT_Bootstrap/SaleKeyboard/select_transactionCategory'  using regular expression

2022-04-01 00:11:55 - [MESSAGE][PASSED] - Execute JavaScript 'arguments[0].value ='4012000098765439' ' successfully

2022-04-01 00:11:56 - [MESSAGE][PASSED] - Execute JavaScript 'arguments[0].value ='123' ' successfully

2022-04-01 00:11:57 - [MESSAGE][PASSED] - All options with value '12' are selected in object 'Object Repository/AdminSuiteBootstrap_Pages/VT_Bootstrap/SaleKeyboard/select_MM'  using regular expression

2022-04-01 00:11:58 - [MESSAGE][PASSED] - All options with value '2025' are selected in object 'Object Repository/AdminSuiteBootstrap_Pages/VT_Bootstrap/SaleKeyboard/select_YYYY'  using regular expression

2022-04-01 00:11:59 - [MESSAGE][PASSED] - Text '36 Cornor Road' is set on object 'Object Repository/AdminSuiteBootstrap_Pages/VT_Bootstrap/SaleKeyboard/input__address'

2022-04-01 00:12:00 - [MESSAGE][PASSED] - Text 'Suite 500' is set on object 'Object Repository/AdminSuiteBootstrap_Pages/VT_Bootstrap/SaleKeyboard/input__address2'

2022-04-01 00:12:00 - [MESSAGE][PASSED] - Text '22201' is set on object 'Object Repository/AdminSuiteBootstrap_Pages/VT_Bootstrap/SaleKeyboard/input__zip'

2022-04-01 00:12:01 - [MESSAGE][PASSED] - Text '' is set on object 'Object Repository/AdminSuiteBootstrap_Pages/VT_Bootstrap/SaleKeyboard/input_emailAddress'

2022-04-01 00:12:02 - [MESSAGE][PASSED] - Text '' is set on object 'Object Repository/AdminSuiteBootstrap_Pages/VT_Bootstrap/SaleKeyboard/input_smsNumber'

2022-04-01 00:12:03 - [MESSAGE][PASSED] - Text '10.50' is set on object 'Object Repository/AdminSuiteBootstrap_Pages/VT_Bootstrap/SaleKeyboard/input_amount'

2022-04-01 00:12:04 - [MESSAGE][PASSED] - Text 'Australia' is set on object 'Object Repository/AdminSuiteBootstrap_Pages/VT_Bootstrap/SaleKeyboard/input_userDefined1'

2022-04-01 00:12:05 - [MESSAGE][PASSED] - Text 'Denmark' is set on object 'Object Repository/AdminSuiteBootstrap_Pages/VT_Bootstrap/SaleKeyboard/input_userDefined2'

2022-04-01 00:12:05 - [MESSAGE][PASSED] - Text 'Sweden' is set on object 'Object Repository/AdminSuiteBootstrap_Pages/VT_Bootstrap/SaleKeyboard/input_userDefined3'

2022-04-01 00:12:06 - [MESSAGE][PASSED] - Text 'Austria' is set on object 'Object Repository/AdminSuiteBootstrap_Pages/VT_Bootstrap/SaleKeyboard/input_userDefined4'

2022-04-01 00:12:07 - [MESSAGE][PASSED] - All options with label 'Orange' are selected in object 'Object Repository/AdminSuiteBootstrap_Pages/VT_Bootstrap/SaleKeyboard/select_UDF5_DropDown'  using regular expression

2022-04-01 00:12:08 - [MESSAGE][PASSED] - All options with label 'Yellow' are selected in object 'Object Repository/AdminSuiteBootstrap_Pages/VT_Bootstrap/SaleKeyboard/select_UDF6_DropDown'  using regular expression

2022-04-01 00:12:09 - [MESSAGE][PASSED] - Text 'Norway' is set on object 'Object Repository/AdminSuiteBootstrap_Pages/VT_Bootstrap/SaleKeyboard/input_userDefined7'

2022-04-01 00:12:10 - [MESSAGE][PASSED] - Text 'Netherlands' is set on object 'Object Repository/AdminSuiteBootstrap_Pages/VT_Bootstrap/SaleKeyboard/input_userDefined8'

2022-04-01 00:12:10 - [MESSAGE][PASSED] - Text 'Switzerland' is set on object 'Object Repository/AdminSuiteBootstrap_Pages/VT_Bootstrap/SaleKeyboard/input_userDefined9'

2022-04-01 00:12:11 - [MESSAGE][PASSED] - Text 'France' is set on object 'Object Repository/AdminSuiteBootstrap_Pages/VT_Bootstrap/SaleKeyboard/input_userDefined10'

2022-04-01 00:12:12 - [MESSAGE][PASSED] - Object: 'Object Repository/AdminSuiteBootstrap_Pages/VT_Bootstrap/SaleKeyboard/button_Submit' is clicked on

2022-04-01 00:12:12 - [MESSAGE][PASSED] - adminSuiteBootstrap.virtualTerminalSetData.saleKeyboard_DataDriven is PASSED

2022-04-01 00:12:12 - [TEST_STEP][PASSED] - if (verifyTextPresent("Transaction Successful", true)): null

2022-04-01 00:12:13 - [MESSAGE][PASSED] - Text 'Transaction Successful' is present on page  using regular expression

2022-04-01 00:12:13 - [TEST_STEP][PASSED] - sdf = getText(findTestObject(path_Receipt + "td_AutoNoC031622113752957Ahm")): Text of object 'Object Repository/AdminSuiteBootstrap_Pages/VT_Bootstrap/Receipt/td_AutoNoC031622113752957Ahm' is: 'AutoSin040122001003736Ahm'

2022-04-01 00:12:13 - [MESSAGE][PASSED] - Text of object 'Object Repository/AdminSuiteBootstrap_Pages/VT_Bootstrap/Receipt/td_AutoNoC031622113752957Ahm' is: 'AutoSin040122001003736Ahm'

2022-04-01 00:12:13 - [TEST_STEP][PASSED] - out.println("sdf: " + sdf): null

2022-04-01 00:12:13 - [TEST_STEP][PASSED] - remID = sdf: null

2022-04-01 00:12:13 - [TEST_STEP][PASSED] - out.println("remID: " + remID): null

2022-04-01 00:12:13 - [TEST_STEP][PASSED] - click(findTestObject(path_Receipt + "button_Continue")): Object: 'Object Repository/AdminSuiteBootstrap_Pages/VT_Bootstrap/Receipt/button_Continue' is clicked on

2022-04-01 00:12:14 - [MESSAGE][PASSED] - Object: 'Object Repository/AdminSuiteBootstrap_Pages/VT_Bootstrap/Receipt/button_Continue' is clicked on

2022-04-01 00:12:14 - [TEST_STEP][PASSED] - click(findTestObject(path_VT + "a_Search Transactions")): Object: 'Object Repository/AdminSuiteBootstrap_Pages/VT_Bootstrap/IssueTransactions/a_Search Transactions' is clicked on

2022-04-01 00:12:15 - [MESSAGE][PASSED] - Object: 'Object Repository/AdminSuiteBootstrap_Pages/VT_Bootstrap/IssueTransactions/a_Search Transactions' is clicked on

2022-04-01 00:12:15 - [TEST_STEP][PASSED] - setText(findTestObject(path_CCSearch + "input_Search By_searchValue"), remID): Text 'AutoSin040122001003736Ahm' is set on object 'Object Repository/AdminSuiteBootstrap_Pages/VT_Bootstrap/CCCreditOrVoidSearch/input_Search By_searchValue'

2022-04-01 00:12:16 - [MESSAGE][PASSED] - Text 'AutoSin040122001003736Ahm' is set on object 'Object Repository/AdminSuiteBootstrap_Pages/VT_Bootstrap/CCCreditOrVoidSearch/input_Search By_searchValue'

2022-04-01 00:12:16 - [TEST_STEP][PASSED] - click(findTestObject(path_CCSearch + "button_Submit")): Object: 'Object Repository/AdminSuiteBootstrap_Pages/VT_Bootstrap/CCCreditOrVoidSearch/button_Submit' is clicked on

2022-04-01 00:12:17 - [MESSAGE][PASSED] - Object: 'Object Repository/AdminSuiteBootstrap_Pages/VT_Bootstrap/CCCreditOrVoidSearch/button_Submit' is clicked on

2022-04-01 00:12:17 - [TEST_STEP][PASSED] - fgr = getText(findTestObject(path_SearchResults + "div_Payment ID")): Text of object 'Object Repository/AdminSuiteBootstrap_Pages/VT_Bootstrap/SearchResults/div_Payment ID' is: 'Payment ID
Payment Type
Transaction Type
Remittance ID
Name
Total Amount
End Date
Status
12114281 Credit Card Authorization and Capture AutoSin040122001003736Ahm Tulsi Raman $15.50 04/01/2022 Success'

2022-04-01 00:12:17 - [MESSAGE][PASSED] - Text of object 'Object Repository/AdminSuiteBootstrap_Pages/VT_Bootstrap/SearchResults/div_Payment ID' is: 'Payment ID
Payment Type
Transaction Type
Remittance ID
Name
Total Amount
End Date
Status
12114281 Credit Card Authorization and Capture AutoSin040122001003736Ahm Tulsi Raman $15.50 04/01/2022 Success'

2022-04-01 00:12:17 - [TEST_STEP][PASSED] - payID = substring(89, 98).trim(): null

2022-04-01 00:12:17 - [TEST_STEP][PASSED] - out.println("payID: " + payID): null

2022-04-01 00:12:17 - [TEST_STEP][PASSED] - click(findTestObject(path_SearchResults + "button_PaymentID")): Object: 'Object Repository/AdminSuiteBootstrap_Pages/VT_Bootstrap/SearchResults/button_PaymentID' is clicked on

2022-04-01 00:12:18 - [MESSAGE][PASSED] - Object: 'Object Repository/AdminSuiteBootstrap_Pages/VT_Bootstrap/SearchResults/button_PaymentID' is clicked on

2022-04-01 00:12:18 - [TEST_STEP][PASSED] - verifyTextPresent("Tender Type", true): Text 'Tender Type' is present on page  using regular expression

2022-04-01 00:12:19 - [MESSAGE][PASSED] - Text 'Tender Type' is present on page  using regular expression

2022-04-01 00:12:19 - [TEST_STEP][PASSED] - verifyTextPresent("Credit Card", true): Text 'Credit Card' is present on page  using regular expression

2022-04-01 00:12:19 - [MESSAGE][PASSED] - Text 'Credit Card' is present on page  using regular expression

2022-04-01 00:12:19 - [TEST_STEP][PASSED] - verifyTextPresent("Transaction Type", true): Text 'Transaction Type' is present on page  using regular expression

2022-04-01 00:12:19 - [MESSAGE][PASSED] - Text 'Transaction Type' is present on page  using regular expression

2022-04-01 00:12:19 - [TEST_STEP][PASSED] - verifyTextPresent("Authorization and Capture", true): Text 'Authorization and Capture' is present on page  using regular expression

2022-04-01 00:12:20 - [MESSAGE][PASSED] - Text 'Authorization and Capture' is present on page  using regular expression

2022-04-01 00:12:20 - [TEST_STEP][PASSED] - verifyTextPresent("Transaction Posted by", true): Text 'Transaction Posted by' is present on page  using regular expression

2022-04-01 00:12:20 - [MESSAGE][PASSED] - Text 'Transaction Posted by' is present on page  using regular expression

2022-04-01 00:12:20 - [TEST_STEP][PASSED] - verifyTextPresent("iahmed", true): Text 'iahmed' is present on page  using regular expression

2022-04-01 00:12:20 - [MESSAGE][PASSED] - Text 'iahmed' is present on page  using regular expression

2022-04-01 00:12:20 - [TEST_STEP][PASSED] - click(findTestObject(path_TranxDetails + "a_Credit this transaction")): Object: 'Object Repository/AdminSuiteBootstrap_Pages/VT_Bootstrap/TransactionDetails/a_Credit this transaction' is clicked on

2022-04-01 00:12:22 - [MESSAGE][PASSED] - Object: 'Object Repository/AdminSuiteBootstrap_Pages/VT_Bootstrap/TransactionDetails/a_Credit this transaction' is clicked on

2022-04-01 00:12:22 - [TEST_STEP][PASSED] - verifyTextPresent("Credit Card Credit", true): Text 'Credit Card Credit' is present on page  using regular expression

2022-04-01 00:12:22 - [MESSAGE][PASSED] - Text 'Credit Card Credit' is present on page  using regular expression

2022-04-01 00:12:22 - [TEST_STEP][PASSED] - partialCardNumber = findTestData(dataFile).getValue("AutoCreditNumber", row): null

2022-04-01 00:12:22 - [TEST_STEP][PASSED] - setText(findTestObject(path_TranxDetails + "input_cardMiddle"), partialCardNumber): Text '1200009876' is set on object 'Object Repository/AdminSuiteBootstrap_Pages/VT_Bootstrap/TransactionDetails/input_cardMiddle'

2022-04-01 00:12:23 - [MESSAGE][PASSED] - Text '1200009876' is set on object 'Object Repository/AdminSuiteBootstrap_Pages/VT_Bootstrap/TransactionDetails/input_cardMiddle'

2022-04-01 00:12:23 - [TEST_STEP][PASSED] - click(findTestObject(path_TranxDetails + "button_Submit")): Object: 'Object Repository/AdminSuiteBootstrap_Pages/VT_Bootstrap/TransactionDetails/button_Submit' is clicked on

2022-04-01 00:12:25 - [MESSAGE][PASSED] - Object: 'Object Repository/AdminSuiteBootstrap_Pages/VT_Bootstrap/TransactionDetails/button_Submit' is clicked on

2022-04-01 00:12:25 - [TEST_STEP][PASSED] - verifyTextPresent("Transaction Successful", true): Text 'Transaction Successful' is present on page  using regular expression

2022-04-01 00:12:25 - [MESSAGE][PASSED] - Text 'Transaction Successful' is present on page  using regular expression

2022-04-01 00:12:25 - [TEST_STEP][PASSED] - verifyTextPresent("Transaction Type", true): Text 'Transaction Type' is present on page  using regular expression

2022-04-01 00:12:26 - [MESSAGE][PASSED] - Text 'Transaction Type' is present on page  using regular expression

2022-04-01 00:12:26 - [TEST_STEP][PASSED] - verifyTextPresent("Credit", true): Text 'Credit' is present on page  using regular expression

2022-04-01 00:12:26 - [MESSAGE][PASSED] - Text 'Credit' is present on page  using regular expression

2022-04-01 00:12:26 - [TEST_STEP][PASSED] - closeBrowser(): Browser is closed

2022-04-01 00:12:27 - [MESSAGE][PASSED] - Browser is closed

2022-04-01 00:12:27 - [TEST_STEP][PASSED] - ExecuteTC = findTestData(dataFile).getValue("Execute", row): null

2022-04-01 00:12:27 - [TEST_STEP][PASSED] - out.println("Value of Execute is : " + ExecuteTC): null

2022-04-01 00:12:27 - [TEST_STEP][PASSED] - switch (executionProfile): null

2022-04-01 00:12:27 - [TEST_STEP][PASSED] - case "QAProfile":: null

2022-04-01 00:12:27 - [TEST_STEP][PASSED] - appName = findTestData(dataFile).getValue("AppNameQA", row): null

2022-04-01 00:12:27 - [TEST_STEP][PASSED] - appID = findTestData(dataFile).getValue("AppIDQA", row): null

2022-04-01 00:12:27 - [TEST_STEP][PASSED] - break: null

2022-04-01 00:12:27 - [TEST_STEP][PASSED] - hrefAppID = li_1 + appID + li_2: null

2022-04-01 00:12:27 - [TEST_STEP][PASSED] - hrefApp = li_1 + appID + "/": null

2022-04-01 00:12:27 - [TEST_STEP][PASSED] - println("hrefApp : " + hrefApp): null

2022-04-01 00:12:27 - [TEST_STEP][PASSED] - if (ExecuteTC.equalsIgnoreCase("Y")): null

2022-04-01 00:12:27 - [TEST_STEP][PASSED] - out.println("Begin Record Number: " + row): null

2022-04-01 00:12:27 - [TEST_STEP][PASSED] - today = new java.util.Date(): null

2022-04-01 00:12:27 - [TEST_STEP][PASSED] - println(today): null

2022-04-01 00:12:27 - [TEST_STEP][PASSED] - datText = today: null

2022-04-01 00:12:27 - [TEST_STEP][PASSED] - adminSuiteBootstrap.loginFunctionality.login_AdminSuite(): adminSuiteBootstrap.loginFunctionality.login_AdminSuite is PASSED

2022-04-01 00:12:27 - [MESSAGE][INFO] - Starting 'Chrome' driver

2022-04-01 00:12:27 - [MESSAGE][INFO] - User set preference: ['acceptInsecureCerts', 'true']

2022-04-01 00:12:27 - [MESSAGE][INFO] - Action delay is set to 0 milliseconds

2022-04-01 00:12:29 - [MESSAGE][PASSED] - Browser is opened with url: 'https://qa.velocitypayment.com/admin/imtiaz'

2022-04-01 00:12:30 - [MESSAGE][PASSED] - Current window maximized

2022-04-01 00:12:30 - [MESSAGE][PASSED] - Object 'Object Repository/Login_Page/Login_Username' is present

2022-04-01 00:12:31 - [MESSAGE][PASSED] - Text 'iahmed' is set on object 'Object Repository/Login_Page/Login_Username'

2022-04-01 00:12:31 - [MESSAGE][PASSED] - Text 'hello2222' is set on object 'Object Repository/Login_Page/Login_Password'

2022-04-01 00:12:35 - [MESSAGE][PASSED] - Object: 'Object Repository/Login_Page/Login_Submit' is clicked on

2022-04-01 00:12:35 - [MESSAGE][PASSED] - adminSuiteBootstrap.loginFunctionality.login_AdminSuite is PASSED

2022-04-01 00:12:35 - [TEST_STEP][PASSED] - click(findTestObject(path_Dashboard + appName)): Object: 'Object Repository/AdminSuiteBootstrap_Pages/Dashboard_Bootstrap/a_Access AutoSingleCFtpQA' is clicked on

2022-04-01 00:12:36 - [MESSAGE][PASSED] - Object: 'Object Repository/AdminSuiteBootstrap_Pages/Dashboard_Bootstrap/a_Access AutoSingleCFtpQA' is clicked on

2022-04-01 00:12:36 - [TEST_STEP][PASSED] - click(findTestObject(path_VT + "button_Authorization  Capture (Sale)")): Object: 'Object Repository/AdminSuiteBootstrap_Pages/VT_Bootstrap/IssueTransactions/button_Authorization  Capture (Sale)' is clicked on

2022-04-01 00:12:36 - [MESSAGE][PASSED] - Object: 'Object Repository/AdminSuiteBootstrap_Pages/VT_Bootstrap/IssueTransactions/button_Authorization  Capture (Sale)' is clicked on

2022-04-01 00:12:36 - [TEST_STEP][PASSED] - saleKeyboardEntryLink = modifyObjectProperty(findTestObject(path_VT + "a_KeyboardEntry_Sale"), "href", "equals", hrefAppID, true): Modify property of object successfully

2022-04-01 00:12:36 - [MESSAGE][PASSED] - Modify property of object successfully

2022-04-01 00:12:36 - [TEST_STEP][PASSED] - click(saleKeyboardEntryLink): Object: 'Object Repository/AdminSuiteBootstrap_Pages/VT_Bootstrap/IssueTransactions/a_KeyboardEntry_Sale' is clicked on

2022-04-01 00:12:37 - [MESSAGE][PASSED] - Object: 'Object Repository/AdminSuiteBootstrap_Pages/VT_Bootstrap/IssueTransactions/a_KeyboardEntry_Sale' is clicked on

2022-04-01 00:12:37 - [TEST_STEP][PASSED] - adminSuiteBootstrap.virtualTerminalSetData.saleKeyboard_DataDriven(row, dataFile): adminSuiteBootstrap.virtualTerminalSetData.saleKeyboard_DataDriven is PASSED

2022-04-01 00:12:40 - [MESSAGE][PASSED] - Text 'Tulsi Raman' is set on object 'Object Repository/AdminSuiteBootstrap_Pages/VT_Bootstrap/SaleKeyboard/input_cardName'

2022-04-01 00:12:41 - [MESSAGE][PASSED] - All options with value 'RETL' are selected in object 'Object Repository/AdminSuiteBootstrap_Pages/VT_Bootstrap/SaleKeyboard/select_transactionCategory'  using regular expression

2022-04-01 00:12:41 - [MESSAGE][PASSED] - Execute JavaScript 'arguments[0].value ='5146312200000035' ' successfully

2022-04-01 00:12:42 - [MESSAGE][PASSED] - Execute JavaScript 'arguments[0].value ='123' ' successfully

2022-04-01 00:12:43 - [MESSAGE][PASSED] - All options with value '12' are selected in object 'Object Repository/AdminSuiteBootstrap_Pages/VT_Bootstrap/SaleKeyboard/select_MM'  using regular expression

2022-04-01 00:12:44 - [MESSAGE][PASSED] - All options with value '2025' are selected in object 'Object Repository/AdminSuiteBootstrap_Pages/VT_Bootstrap/SaleKeyboard/select_YYYY'  using regular expression

2022-04-01 00:12:45 - [MESSAGE][PASSED] - Text '1478 Jhatka Palace' is set on object 'Object Repository/AdminSuiteBootstrap_Pages/VT_Bootstrap/SaleKeyboard/input__address'

2022-04-01 00:12:46 - [MESSAGE][PASSED] - Text 'Suite 500' is set on object 'Object Repository/AdminSuiteBootstrap_Pages/VT_Bootstrap/SaleKeyboard/input__address2'

2022-04-01 00:12:46 - [MESSAGE][PASSED] - Text '22201' is set on object 'Object Repository/AdminSuiteBootstrap_Pages/VT_Bootstrap/SaleKeyboard/input__zip'

2022-04-01 00:12:47 - [MESSAGE][PASSED] - Text '' is set on object 'Object Repository/AdminSuiteBootstrap_Pages/VT_Bootstrap/SaleKeyboard/input_emailAddress'

2022-04-01 00:12:48 - [MESSAGE][PASSED] - Text '' is set on object 'Object Repository/AdminSuiteBootstrap_Pages/VT_Bootstrap/SaleKeyboard/input_smsNumber'

2022-04-01 00:12:49 - [MESSAGE][PASSED] - Text '10.50' is set on object 'Object Repository/AdminSuiteBootstrap_Pages/VT_Bootstrap/SaleKeyboard/input_amount'

2022-04-01 00:12:50 - [MESSAGE][PASSED] - Text 'Australia' is set on object 'Object Repository/AdminSuiteBootstrap_Pages/VT_Bootstrap/SaleKeyboard/input_userDefined1'

2022-04-01 00:12:51 - [MESSAGE][PASSED] - Text 'Denmark' is set on object 'Object Repository/AdminSuiteBootstrap_Pages/VT_Bootstrap/SaleKeyboard/input_userDefined2'

2022-04-01 00:12:52 - [MESSAGE][PASSED] - Text 'Sweden' is set on object 'Object Repository/AdminSuiteBootstrap_Pages/VT_Bootstrap/SaleKeyboard/input_userDefined3'

2022-04-01 00:12:52 - [MESSAGE][PASSED] - Text 'Austria' is set on object 'Object Repository/AdminSuiteBootstrap_Pages/VT_Bootstrap/SaleKeyboard/input_userDefined4'

2022-04-01 00:12:53 - [MESSAGE][PASSED] - All options with label 'Orange' are selected in object 'Object Repository/AdminSuiteBootstrap_Pages/VT_Bootstrap/SaleKeyboard/select_UDF5_DropDown'  using regular expression

2022-04-01 00:12:54 - [MESSAGE][PASSED] - All options with label 'Yellow' are selected in object 'Object Repository/AdminSuiteBootstrap_Pages/VT_Bootstrap/SaleKeyboard/select_UDF6_DropDown'  using regular expression

2022-04-01 00:12:55 - [MESSAGE][PASSED] - Text 'Norway' is set on object 'Object Repository/AdminSuiteBootstrap_Pages/VT_Bootstrap/SaleKeyboard/input_userDefined7'

2022-04-01 00:12:56 - [MESSAGE][PASSED] - Text 'Netherlands' is set on object 'Object Repository/AdminSuiteBootstrap_Pages/VT_Bootstrap/SaleKeyboard/input_userDefined8'

2022-04-01 00:12:56 - [MESSAGE][PASSED] - Text 'Switzerland' is set on object 'Object Repository/AdminSuiteBootstrap_Pages/VT_Bootstrap/SaleKeyboard/input_userDefined9'

2022-04-01 00:12:57 - [MESSAGE][PASSED] - Text 'France' is set on object 'Object Repository/AdminSuiteBootstrap_Pages/VT_Bootstrap/SaleKeyboard/input_userDefined10'

2022-04-01 00:12:58 - [MESSAGE][PASSED] - Object: 'Object Repository/AdminSuiteBootstrap_Pages/VT_Bootstrap/SaleKeyboard/button_Submit' is clicked on

2022-04-01 00:12:58 - [MESSAGE][PASSED] - adminSuiteBootstrap.virtualTerminalSetData.saleKeyboard_DataDriven is PASSED

2022-04-01 00:12:58 - [TEST_STEP][PASSED] - if (verifyTextPresent("Transaction Successful", true)): null

2022-04-01 00:12:59 - [MESSAGE][PASSED] - Text 'Transaction Successful' is present on page  using regular expression

2022-04-01 00:12:59 - [TEST_STEP][PASSED] - sdf = getText(findTestObject(path_Receipt + "td_AutoNoC031622113752957Ahm")): Text of object 'Object Repository/AdminSuiteBootstrap_Pages/VT_Bootstrap/Receipt/td_AutoNoC031622113752957Ahm' is: 'AutoSin040122001049766Ahm'

2022-04-01 00:12:59 - [MESSAGE][PASSED] - Text of object 'Object Repository/AdminSuiteBootstrap_Pages/VT_Bootstrap/Receipt/td_AutoNoC031622113752957Ahm' is: 'AutoSin040122001049766Ahm'

2022-04-01 00:12:59 - [TEST_STEP][PASSED] - out.println("sdf: " + sdf): null

2022-04-01 00:12:59 - [TEST_STEP][PASSED] - remID = sdf: null

2022-04-01 00:12:59 - [TEST_STEP][PASSED] - out.println("remID: " + remID): null

2022-04-01 00:12:59 - [TEST_STEP][PASSED] - click(findTestObject(path_Receipt + "button_Continue")): Object: 'Object Repository/AdminSuiteBootstrap_Pages/VT_Bootstrap/Receipt/button_Continue' is clicked on

2022-04-01 00:13:01 - [MESSAGE][PASSED] - Object: 'Object Repository/AdminSuiteBootstrap_Pages/VT_Bootstrap/Receipt/button_Continue' is clicked on

2022-04-01 00:13:01 - [TEST_STEP][PASSED] - click(findTestObject(path_VT + "a_Search Transactions")): Object: 'Object Repository/AdminSuiteBootstrap_Pages/VT_Bootstrap/IssueTransactions/a_Search Transactions' is clicked on

2022-04-01 00:13:03 - [MESSAGE][PASSED] - Object: 'Object Repository/AdminSuiteBootstrap_Pages/VT_Bootstrap/IssueTransactions/a_Search Transactions' is clicked on

2022-04-01 00:13:03 - [TEST_STEP][PASSED] - setText(findTestObject(path_CCSearch + "input_Search By_searchValue"), remID): Text 'AutoSin040122001049766Ahm' is set on object 'Object Repository/AdminSuiteBootstrap_Pages/VT_Bootstrap/CCCreditOrVoidSearch/input_Search By_searchValue'

2022-04-01 00:13:04 - [MESSAGE][PASSED] - Text 'AutoSin040122001049766Ahm' is set on object 'Object Repository/AdminSuiteBootstrap_Pages/VT_Bootstrap/CCCreditOrVoidSearch/input_Search By_searchValue'

2022-04-01 00:13:04 - [TEST_STEP][PASSED] - click(findTestObject(path_CCSearch + "button_Submit")): Object: 'Object Repository/AdminSuiteBootstrap_Pages/VT_Bootstrap/CCCreditOrVoidSearch/button_Submit' is clicked on

2022-04-01 00:13:05 - [MESSAGE][PASSED] - Object: 'Object Repository/AdminSuiteBootstrap_Pages/VT_Bootstrap/CCCreditOrVoidSearch/button_Submit' is clicked on

2022-04-01 00:13:05 - [TEST_STEP][PASSED] - fgr = getText(findTestObject(path_SearchResults + "div_Payment ID")): Text of object 'Object Repository/AdminSuiteBootstrap_Pages/VT_Bootstrap/SearchResults/div_Payment ID' is: 'Payment ID
Payment Type
Transaction Type
Remittance ID
Name
Total Amount
End Date
Status
12114283 Credit Card Authorization and Capture AutoSin040122001049766Ahm Tulsi Raman $15.50 04/01/2022 Success'

2022-04-01 00:13:05 - [MESSAGE][PASSED] - Text of object 'Object Repository/AdminSuiteBootstrap_Pages/VT_Bootstrap/SearchResults/div_Payment ID' is: 'Payment ID
Payment Type
Transaction Type
Remittance ID
Name
Total Amount
End Date
Status
12114283 Credit Card Authorization and Capture AutoSin040122001049766Ahm Tulsi Raman $15.50 04/01/2022 Success'

2022-04-01 00:13:05 - [TEST_STEP][PASSED] - payID = substring(89, 98).trim(): null

2022-04-01 00:13:05 - [TEST_STEP][PASSED] - out.println("payID: " + payID): null

2022-04-01 00:13:05 - [TEST_STEP][PASSED] - click(findTestObject(path_SearchResults + "button_PaymentID")): Object: 'Object Repository/AdminSuiteBootstrap_Pages/VT_Bootstrap/SearchResults/button_PaymentID' is clicked on

2022-04-01 00:13:07 - [MESSAGE][PASSED] - Object: 'Object Repository/AdminSuiteBootstrap_Pages/VT_Bootstrap/SearchResults/button_PaymentID' is clicked on

2022-04-01 00:13:07 - [TEST_STEP][PASSED] - verifyTextPresent("Tender Type", true): Text 'Tender Type' is present on page  using regular expression

2022-04-01 00:13:08 - [MESSAGE][PASSED] - Text 'Tender Type' is present on page  using regular expression

2022-04-01 00:13:08 - [TEST_STEP][PASSED] - verifyTextPresent("Credit Card", true): Text 'Credit Card' is present on page  using regular expression

2022-04-01 00:13:08 - [MESSAGE][PASSED] - Text 'Credit Card' is present on page  using regular expression

2022-04-01 00:13:08 - [TEST_STEP][PASSED] - verifyTextPresent("Transaction Type", true): Text 'Transaction Type' is present on page  using regular expression

2022-04-01 00:13:08 - [MESSAGE][PASSED] - Text 'Transaction Type' is present on page  using regular expression

2022-04-01 00:13:08 - [TEST_STEP][PASSED] - verifyTextPresent("Authorization and Capture", true): Text 'Authorization and Capture' is present on page  using regular expression

2022-04-01 00:13:09 - [MESSAGE][PASSED] - Text 'Authorization and Capture' is present on page  using regular expression

2022-04-01 00:13:09 - [TEST_STEP][PASSED] - verifyTextPresent("Transaction Posted by", true): Text 'Transaction Posted by' is present on page  using regular expression

2022-04-01 00:13:09 - [MESSAGE][PASSED] - Text 'Transaction Posted by' is present on page  using regular expression

2022-04-01 00:13:09 - [TEST_STEP][PASSED] - verifyTextPresent("iahmed", true): Text 'iahmed' is present on page  using regular expression

2022-04-01 00:13:09 - [MESSAGE][PASSED] - Text 'iahmed' is present on page  using regular expression

2022-04-01 00:13:09 - [TEST_STEP][PASSED] - click(findTestObject(path_TranxDetails + "a_Credit this transaction")): Object: 'Object Repository/AdminSuiteBootstrap_Pages/VT_Bootstrap/TransactionDetails/a_Credit this transaction' is clicked on

2022-04-01 00:13:12 - [MESSAGE][PASSED] - Object: 'Object Repository/AdminSuiteBootstrap_Pages/VT_Bootstrap/TransactionDetails/a_Credit this transaction' is clicked on

2022-04-01 00:13:12 - [TEST_STEP][PASSED] - verifyTextPresent("Credit Card Credit", true): Text 'Credit Card Credit' is present on page  using regular expression

2022-04-01 00:13:13 - [MESSAGE][PASSED] - Text 'Credit Card Credit' is present on page  using regular expression

2022-04-01 00:13:13 - [TEST_STEP][PASSED] - partialCardNumber = findTestData(dataFile).getValue("AutoCreditNumber", row): null

2022-04-01 00:13:13 - [TEST_STEP][PASSED] - setText(findTestObject(path_TranxDetails + "input_cardMiddle"), partialCardNumber): Text '4631220000' is set on object 'Object Repository/AdminSuiteBootstrap_Pages/VT_Bootstrap/TransactionDetails/input_cardMiddle'

2022-04-01 00:13:13 - [MESSAGE][PASSED] - Text '4631220000' is set on object 'Object Repository/AdminSuiteBootstrap_Pages/VT_Bootstrap/TransactionDetails/input_cardMiddle'

2022-04-01 00:13:13 - [TEST_STEP][PASSED] - click(findTestObject(path_TranxDetails + "button_Submit")): Object: 'Object Repository/AdminSuiteBootstrap_Pages/VT_Bootstrap/TransactionDetails/button_Submit' is clicked on

2022-04-01 00:13:16 - [MESSAGE][PASSED] - Object: 'Object Repository/AdminSuiteBootstrap_Pages/VT_Bootstrap/TransactionDetails/button_Submit' is clicked on

2022-04-01 00:13:16 - [TEST_STEP][PASSED] - verifyTextPresent("Transaction Successful", true): Text 'Transaction Successful' is present on page  using regular expression

2022-04-01 00:13:17 - [MESSAGE][PASSED] - Text 'Transaction Successful' is present on page  using regular expression

2022-04-01 00:13:17 - [TEST_STEP][PASSED] - verifyTextPresent("Transaction Type", true): Text 'Transaction Type' is present on page  using regular expression

2022-04-01 00:13:17 - [MESSAGE][PASSED] - Text 'Transaction Type' is present on page  using regular expression

2022-04-01 00:13:17 - [TEST_STEP][PASSED] - verifyTextPresent("Credit", true): Text 'Credit' is present on page  using regular expression

2022-04-01 00:13:18 - [MESSAGE][PASSED] - Text 'Credit' is present on page  using regular expression

2022-04-01 00:13:18 - [TEST_STEP][PASSED] - closeBrowser(): Browser is closed

2022-04-01 00:13:18 - [MESSAGE][PASSED] - Browser is closed

2022-04-01 00:13:18 - [TEST_STEP][PASSED] - ExecuteTC = findTestData(dataFile).getValue("Execute", row): null

2022-04-01 00:13:19 - [TEST_STEP][PASSED] - out.println("Value of Execute is : " + ExecuteTC): null

2022-04-01 00:13:19 - [TEST_STEP][PASSED] - switch (executionProfile): null

2022-04-01 00:13:19 - [TEST_STEP][PASSED] - case "QAProfile":: null

2022-04-01 00:13:19 - [TEST_STEP][PASSED] - appName = findTestData(dataFile).getValue("AppNameQA", row): null

2022-04-01 00:13:19 - [TEST_STEP][PASSED] - appID = findTestData(dataFile).getValue("AppIDQA", row): null

2022-04-01 00:13:19 - [TEST_STEP][PASSED] - break: null

2022-04-01 00:13:19 - [TEST_STEP][PASSED] - hrefAppID = li_1 + appID + li_2: null

2022-04-01 00:13:19 - [TEST_STEP][PASSED] - hrefApp = li_1 + appID + "/": null

2022-04-01 00:13:19 - [TEST_STEP][PASSED] - println("hrefApp : " + hrefApp): null

2022-04-01 00:13:19 - [TEST_STEP][PASSED] - if (ExecuteTC.equalsIgnoreCase("Y")): null

2022-04-01 00:13:19 - [TEST_STEP][PASSED] - out.println("Begin Record Number: " + row): null

2022-04-01 00:13:19 - [TEST_STEP][PASSED] - today = new java.util.Date(): null

2022-04-01 00:13:19 - [TEST_STEP][PASSED] - println(today): null

2022-04-01 00:13:19 - [TEST_STEP][PASSED] - datText = today: null

2022-04-01 00:13:19 - [TEST_STEP][PASSED] - adminSuiteBootstrap.loginFunctionality.login_AdminSuite(): adminSuiteBootstrap.loginFunctionality.login_AdminSuite is PASSED

2022-04-01 00:13:19 - [MESSAGE][INFO] - Starting 'Chrome' driver

2022-04-01 00:13:19 - [MESSAGE][INFO] - User set preference: ['acceptInsecureCerts', 'true']

2022-04-01 00:13:19 - [MESSAGE][INFO] - Action delay is set to 0 milliseconds

2022-04-01 00:13:22 - [MESSAGE][PASSED] - Browser is opened with url: 'https://qa.velocitypayment.com/admin/imtiaz'

2022-04-01 00:13:22 - [MESSAGE][PASSED] - Current window maximized

2022-04-01 00:13:22 - [MESSAGE][PASSED] - Object 'Object Repository/Login_Page/Login_Username' is present

2022-04-01 00:13:23 - [MESSAGE][PASSED] - Text 'iahmed' is set on object 'Object Repository/Login_Page/Login_Username'

2022-04-01 00:13:24 - [MESSAGE][PASSED] - Text 'hello2222' is set on object 'Object Repository/Login_Page/Login_Password'

2022-04-01 00:13:26 - [MESSAGE][PASSED] - Object: 'Object Repository/Login_Page/Login_Submit' is clicked on

2022-04-01 00:13:26 - [MESSAGE][PASSED] - adminSuiteBootstrap.loginFunctionality.login_AdminSuite is PASSED

2022-04-01 00:13:26 - [TEST_STEP][PASSED] - click(findTestObject(path_Dashboard + appName)): Object: 'Object Repository/AdminSuiteBootstrap_Pages/Dashboard_Bootstrap/a_Access AutoSingleCFtpQA' is clicked on

2022-04-01 00:13:27 - [MESSAGE][PASSED] - Object: 'Object Repository/AdminSuiteBootstrap_Pages/Dashboard_Bootstrap/a_Access AutoSingleCFtpQA' is clicked on

2022-04-01 00:13:27 - [TEST_STEP][PASSED] - click(findTestObject(path_VT + "button_Authorization  Capture (Sale)")): Object: 'Object Repository/AdminSuiteBootstrap_Pages/VT_Bootstrap/IssueTransactions/button_Authorization  Capture (Sale)' is clicked on

2022-04-01 00:13:28 - [MESSAGE][PASSED] - Object: 'Object Repository/AdminSuiteBootstrap_Pages/VT_Bootstrap/IssueTransactions/button_Authorization  Capture (Sale)' is clicked on

2022-04-01 00:13:28 - [TEST_STEP][PASSED] - saleKeyboardEntryLink = modifyObjectProperty(findTestObject(path_VT + "a_KeyboardEntry_Sale"), "href", "equals", hrefAppID, true): Modify property of object successfully

2022-04-01 00:13:28 - [MESSAGE][PASSED] - Modify property of object successfully

2022-04-01 00:13:28 - [TEST_STEP][PASSED] - click(saleKeyboardEntryLink): Object: 'Object Repository/AdminSuiteBootstrap_Pages/VT_Bootstrap/IssueTransactions/a_KeyboardEntry_Sale' is clicked on

2022-04-01 00:13:29 - [MESSAGE][PASSED] - Object: 'Object Repository/AdminSuiteBootstrap_Pages/VT_Bootstrap/IssueTransactions/a_KeyboardEntry_Sale' is clicked on

2022-04-01 00:13:29 - [TEST_STEP][PASSED] - adminSuiteBootstrap.virtualTerminalSetData.saleKeyboard_DataDriven(row, dataFile): adminSuiteBootstrap.virtualTerminalSetData.saleKeyboard_DataDriven is PASSED

2022-04-01 00:13:32 - [MESSAGE][PASSED] - Text 'Tulsi Raman' is set on object 'Object Repository/AdminSuiteBootstrap_Pages/VT_Bootstrap/SaleKeyboard/input_cardName'

2022-04-01 00:13:33 - [MESSAGE][PASSED] - All options with value 'RETL' are selected in object 'Object Repository/AdminSuiteBootstrap_Pages/VT_Bootstrap/SaleKeyboard/select_transactionCategory'  using regular expression

2022-04-01 00:13:33 - [MESSAGE][PASSED] - Execute JavaScript 'arguments[0].value ='371449635392376' ' successfully

2022-04-01 00:13:34 - [MESSAGE][PASSED] - Execute JavaScript 'arguments[0].value ='123' ' successfully

2022-04-01 00:13:35 - [MESSAGE][PASSED] - All options with value '12' are selected in object 'Object Repository/AdminSuiteBootstrap_Pages/VT_Bootstrap/SaleKeyboard/select_MM'  using regular expression

2022-04-01 00:13:36 - [MESSAGE][PASSED] - All options with value '2025' are selected in object 'Object Repository/AdminSuiteBootstrap_Pages/VT_Bootstrap/SaleKeyboard/select_YYYY'  using regular expression

2022-04-01 00:13:37 - [MESSAGE][PASSED] - Text '550 Swan Lake' is set on object 'Object Repository/AdminSuiteBootstrap_Pages/VT_Bootstrap/SaleKeyboard/input__address'

2022-04-01 00:13:37 - [MESSAGE][PASSED] - Text 'Suite 500' is set on object 'Object Repository/AdminSuiteBootstrap_Pages/VT_Bootstrap/SaleKeyboard/input__address2'

2022-04-01 00:13:38 - [MESSAGE][PASSED] - Text '22201' is set on object 'Object Repository/AdminSuiteBootstrap_Pages/VT_Bootstrap/SaleKeyboard/input__zip'

2022-04-01 00:13:39 - [MESSAGE][PASSED] - Text '' is set on object 'Object Repository/AdminSuiteBootstrap_Pages/VT_Bootstrap/SaleKeyboard/input_emailAddress'

2022-04-01 00:13:40 - [MESSAGE][PASSED] - Text '' is set on object 'Object Repository/AdminSuiteBootstrap_Pages/VT_Bootstrap/SaleKeyboard/input_smsNumber'

2022-04-01 00:13:41 - [MESSAGE][PASSED] - Text '10.50' is set on object 'Object Repository/AdminSuiteBootstrap_Pages/VT_Bootstrap/SaleKeyboard/input_amount'

2022-04-01 00:13:42 - [MESSAGE][PASSED] - Text 'Australia' is set on object 'Object Repository/AdminSuiteBootstrap_Pages/VT_Bootstrap/SaleKeyboard/input_userDefined1'

2022-04-01 00:13:42 - [MESSAGE][PASSED] - Text 'Denmark' is set on object 'Object Repository/AdminSuiteBootstrap_Pages/VT_Bootstrap/SaleKeyboard/input_userDefined2'

2022-04-01 00:13:43 - [MESSAGE][PASSED] - Text 'Sweden' is set on object 'Object Repository/AdminSuiteBootstrap_Pages/VT_Bootstrap/SaleKeyboard/input_userDefined3'

2022-04-01 00:13:44 - [MESSAGE][PASSED] - Text 'Austria' is set on object 'Object Repository/AdminSuiteBootstrap_Pages/VT_Bootstrap/SaleKeyboard/input_userDefined4'

2022-04-01 00:13:45 - [MESSAGE][PASSED] - All options with label 'Orange' are selected in object 'Object Repository/AdminSuiteBootstrap_Pages/VT_Bootstrap/SaleKeyboard/select_UDF5_DropDown'  using regular expression

2022-04-01 00:13:46 - [MESSAGE][PASSED] - All options with label 'Yellow' are selected in object 'Object Repository/AdminSuiteBootstrap_Pages/VT_Bootstrap/SaleKeyboard/select_UDF6_DropDown'  using regular expression

2022-04-01 00:13:47 - [MESSAGE][PASSED] - Text 'Norway' is set on object 'Object Repository/AdminSuiteBootstrap_Pages/VT_Bootstrap/SaleKeyboard/input_userDefined7'

2022-04-01 00:13:47 - [MESSAGE][PASSED] - Text 'Netherlands' is set on object 'Object Repository/AdminSuiteBootstrap_Pages/VT_Bootstrap/SaleKeyboard/input_userDefined8'

2022-04-01 00:13:48 - [MESSAGE][PASSED] - Text 'Switzerland' is set on object 'Object Repository/AdminSuiteBootstrap_Pages/VT_Bootstrap/SaleKeyboard/input_userDefined9'

2022-04-01 00:13:49 - [MESSAGE][PASSED] - Text 'France' is set on object 'Object Repository/AdminSuiteBootstrap_Pages/VT_Bootstrap/SaleKeyboard/input_userDefined10'

2022-04-01 00:13:50 - [MESSAGE][PASSED] - Object: 'Object Repository/AdminSuiteBootstrap_Pages/VT_Bootstrap/SaleKeyboard/button_Submit' is clicked on

2022-04-01 00:13:50 - [MESSAGE][PASSED] - adminSuiteBootstrap.virtualTerminalSetData.saleKeyboard_DataDriven is PASSED

2022-04-01 00:13:50 - [TEST_STEP][PASSED] - if (verifyTextPresent("Transaction Successful", true)): null

2022-04-01 00:13:51 - [MESSAGE][PASSED] - Text 'Transaction Successful' is present on page  using regular expression

2022-04-01 00:13:51 - [TEST_STEP][PASSED] - sdf = getText(findTestObject(path_Receipt + "td_AutoNoC031622113752957Ahm")): Text of object 'Object Repository/AdminSuiteBootstrap_Pages/VT_Bootstrap/Receipt/td_AutoNoC031622113752957Ahm' is: 'AutoSin040122001141416Ahm'

2022-04-01 00:13:51 - [MESSAGE][PASSED] - Text of object 'Object Repository/AdminSuiteBootstrap_Pages/VT_Bootstrap/Receipt/td_AutoNoC031622113752957Ahm' is: 'AutoSin040122001141416Ahm'

2022-04-01 00:13:51 - [TEST_STEP][PASSED] - out.println("sdf: " + sdf): null

2022-04-01 00:13:51 - [TEST_STEP][PASSED] - remID = sdf: null

2022-04-01 00:13:51 - [TEST_STEP][PASSED] - out.println("remID: " + remID): null

2022-04-01 00:13:51 - [TEST_STEP][PASSED] - click(findTestObject(path_Receipt + "button_Continue")): Object: 'Object Repository/AdminSuiteBootstrap_Pages/VT_Bootstrap/Receipt/button_Continue' is clicked on

2022-04-01 00:13:52 - [MESSAGE][PASSED] - Object: 'Object Repository/AdminSuiteBootstrap_Pages/VT_Bootstrap/Receipt/button_Continue' is clicked on

2022-04-01 00:13:52 - [TEST_STEP][PASSED] - click(findTestObject(path_VT + "a_Search Transactions")): Object: 'Object Repository/AdminSuiteBootstrap_Pages/VT_Bootstrap/IssueTransactions/a_Search Transactions' is clicked on

2022-04-01 00:13:53 - [MESSAGE][PASSED] - Object: 'Object Repository/AdminSuiteBootstrap_Pages/VT_Bootstrap/IssueTransactions/a_Search Transactions' is clicked on

2022-04-01 00:13:53 - [TEST_STEP][PASSED] - setText(findTestObject(path_CCSearch + "input_Search By_searchValue"), remID): Text 'AutoSin040122001141416Ahm' is set on object 'Object Repository/AdminSuiteBootstrap_Pages/VT_Bootstrap/CCCreditOrVoidSearch/input_Search By_searchValue'

2022-04-01 00:13:54 - [MESSAGE][PASSED] - Text 'AutoSin040122001141416Ahm' is set on object 'Object Repository/AdminSuiteBootstrap_Pages/VT_Bootstrap/CCCreditOrVoidSearch/input_Search By_searchValue'

2022-04-01 00:13:54 - [TEST_STEP][PASSED] - click(findTestObject(path_CCSearch + "button_Submit")): Object: 'Object Repository/AdminSuiteBootstrap_Pages/VT_Bootstrap/CCCreditOrVoidSearch/button_Submit' is clicked on

2022-04-01 00:13:55 - [MESSAGE][PASSED] - Object: 'Object Repository/AdminSuiteBootstrap_Pages/VT_Bootstrap/CCCreditOrVoidSearch/button_Submit' is clicked on

2022-04-01 00:13:55 - [TEST_STEP][PASSED] - fgr = getText(findTestObject(path_SearchResults + "div_Payment ID")): Text of object 'Object Repository/AdminSuiteBootstrap_Pages/VT_Bootstrap/SearchResults/div_Payment ID' is: 'Payment ID
Payment Type
Transaction Type
Remittance ID
Name
Total Amount
End Date
Status
12114285 Credit Card Authorization and Capture AutoSin040122001141416Ahm Tulsi Raman $15.50 04/01/2022 Success'

2022-04-01 00:13:55 - [MESSAGE][PASSED] - Text of object 'Object Repository/AdminSuiteBootstrap_Pages/VT_Bootstrap/SearchResults/div_Payment ID' is: 'Payment ID
Payment Type
Transaction Type
Remittance ID
Name
Total Amount
End Date
Status
12114285 Credit Card Authorization and Capture AutoSin040122001141416Ahm Tulsi Raman $15.50 04/01/2022 Success'

2022-04-01 00:13:55 - [TEST_STEP][PASSED] - payID = substring(89, 98).trim(): null

2022-04-01 00:13:55 - [TEST_STEP][PASSED] - out.println("payID: " + payID): null

2022-04-01 00:13:55 - [TEST_STEP][PASSED] - click(findTestObject(path_SearchResults + "button_PaymentID")): Object: 'Object Repository/AdminSuiteBootstrap_Pages/VT_Bootstrap/SearchResults/button_PaymentID' is clicked on

2022-04-01 00:13:56 - [MESSAGE][PASSED] - Object: 'Object Repository/AdminSuiteBootstrap_Pages/VT_Bootstrap/SearchResults/button_PaymentID' is clicked on

2022-04-01 00:13:56 - [TEST_STEP][PASSED] - verifyTextPresent("Tender Type", true): Text 'Tender Type' is present on page  using regular expression

2022-04-01 00:13:57 - [MESSAGE][PASSED] - Text 'Tender Type' is present on page  using regular expression

2022-04-01 00:13:57 - [TEST_STEP][PASSED] - verifyTextPresent("Credit Card", true): Text 'Credit Card' is present on page  using regular expression

2022-04-01 00:13:57 - [MESSAGE][PASSED] - Text 'Credit Card' is present on page  using regular expression

2022-04-01 00:13:57 - [TEST_STEP][PASSED] - verifyTextPresent("Transaction Type", true): Text 'Transaction Type' is present on page  using regular expression

2022-04-01 00:13:57 - [MESSAGE][PASSED] - Text 'Transaction Type' is present on page  using regular expression

2022-04-01 00:13:57 - [TEST_STEP][PASSED] - verifyTextPresent("Authorization and Capture", true): Text 'Authorization and Capture' is present on page  using regular expression

2022-04-01 00:13:58 - [MESSAGE][PASSED] - Text 'Authorization and Capture' is present on page  using regular expression

2022-04-01 00:13:58 - [TEST_STEP][PASSED] - verifyTextPresent("Transaction Posted by", true): Text 'Transaction Posted by' is present on page  using regular expression

2022-04-01 00:13:58 - [MESSAGE][PASSED] - Text 'Transaction Posted by' is present on page  using regular expression

2022-04-01 00:13:58 - [TEST_STEP][PASSED] - verifyTextPresent("iahmed", true): Text 'iahmed' is present on page  using regular expression

2022-04-01 00:13:58 - [MESSAGE][PASSED] - Text 'iahmed' is present on page  using regular expression

2022-04-01 00:13:58 - [TEST_STEP][PASSED] - click(findTestObject(path_TranxDetails + "a_Credit this transaction")): Object: 'Object Repository/AdminSuiteBootstrap_Pages/VT_Bootstrap/TransactionDetails/a_Credit this transaction' is clicked on

2022-04-01 00:13:59 - [MESSAGE][PASSED] - Object: 'Object Repository/AdminSuiteBootstrap_Pages/VT_Bootstrap/TransactionDetails/a_Credit this transaction' is clicked on

2022-04-01 00:13:59 - [TEST_STEP][PASSED] - verifyTextPresent("Credit Card Credit", true): Text 'Credit Card Credit' is present on page  using regular expression

2022-04-01 00:14:00 - [MESSAGE][PASSED] - Text 'Credit Card Credit' is present on page  using regular expression

2022-04-01 00:14:00 - [TEST_STEP][PASSED] - partialCardNumber = findTestData(dataFile).getValue("AutoCreditNumber", row): null

2022-04-01 00:14:00 - [TEST_STEP][PASSED] - setText(findTestObject(path_TranxDetails + "input_cardMiddle"), partialCardNumber): Text '144963539' is set on object 'Object Repository/AdminSuiteBootstrap_Pages/VT_Bootstrap/TransactionDetails/input_cardMiddle'

2022-04-01 00:14:01 - [MESSAGE][PASSED] - Text '144963539' is set on object 'Object Repository/AdminSuiteBootstrap_Pages/VT_Bootstrap/TransactionDetails/input_cardMiddle'

2022-04-01 00:14:01 - [TEST_STEP][PASSED] - click(findTestObject(path_TranxDetails + "button_Submit")): Object: 'Object Repository/AdminSuiteBootstrap_Pages/VT_Bootstrap/TransactionDetails/button_Submit' is clicked on

2022-04-01 00:14:03 - [MESSAGE][PASSED] - Object: 'Object Repository/AdminSuiteBootstrap_Pages/VT_Bootstrap/TransactionDetails/button_Submit' is clicked on

2022-04-01 00:14:03 - [TEST_STEP][PASSED] - verifyTextPresent("Transaction Successful", true): Text 'Transaction Successful' is present on page  using regular expression

2022-04-01 00:14:03 - [MESSAGE][PASSED] - Text 'Transaction Successful' is present on page  using regular expression

2022-04-01 00:14:03 - [TEST_STEP][PASSED] - verifyTextPresent("Transaction Type", true): Text 'Transaction Type' is present on page  using regular expression

2022-04-01 00:14:03 - [MESSAGE][PASSED] - Text 'Transaction Type' is present on page  using regular expression

2022-04-01 00:14:03 - [TEST_STEP][PASSED] - verifyTextPresent("Credit", true): Text 'Credit' is present on page  using regular expression

2022-04-01 00:14:04 - [MESSAGE][PASSED] - Text 'Credit' is present on page  using regular expression

2022-04-01 00:14:04 - [TEST_STEP][PASSED] - closeBrowser(): Browser is closed

2022-04-01 00:14:05 - [MESSAGE][PASSED] - Browser is closed

2022-04-01 00:14:05 - [TEST_STEP][PASSED] - ExecuteTC = findTestData(dataFile).getValue("Execute", row): null

2022-04-01 00:14:05 - [TEST_STEP][PASSED] - out.println("Value of Execute is : " + ExecuteTC): null

2022-04-01 00:14:05 - [TEST_STEP][PASSED] - switch (executionProfile): null

2022-04-01 00:14:05 - [TEST_STEP][PASSED] - case "QAProfile":: null

2022-04-01 00:14:05 - [TEST_STEP][PASSED] - appName = findTestData(dataFile).getValue("AppNameQA", row): null

2022-04-01 00:14:05 - [TEST_STEP][PASSED] - appID = findTestData(dataFile).getValue("AppIDQA", row): null

2022-04-01 00:14:05 - [TEST_STEP][PASSED] - break: null

2022-04-01 00:14:05 - [TEST_STEP][PASSED] - hrefAppID = li_1 + appID + li_2: null

2022-04-01 00:14:05 - [TEST_STEP][PASSED] - hrefApp = li_1 + appID + "/": null

2022-04-01 00:14:05 - [TEST_STEP][PASSED] - println("hrefApp : " + hrefApp): null

2022-04-01 00:14:05 - [TEST_STEP][PASSED] - if (ExecuteTC.equalsIgnoreCase("Y")): null

2022-04-01 00:14:05 - [TEST_STEP][PASSED] - out.println("Begin Record Number: " + row): null

2022-04-01 00:14:05 - [TEST_STEP][PASSED] - today = new java.util.Date(): null

2022-04-01 00:14:05 - [TEST_STEP][PASSED] - println(today): null

2022-04-01 00:14:05 - [TEST_STEP][PASSED] - datText = today: null

2022-04-01 00:14:05 - [TEST_STEP][PASSED] - adminSuiteBootstrap.loginFunctionality.login_AdminSuite(): adminSuiteBootstrap.loginFunctionality.login_AdminSuite is PASSED

2022-04-01 00:14:05 - [MESSAGE][INFO] - Starting 'Chrome' driver

2022-04-01 00:14:05 - [MESSAGE][INFO] - User set preference: ['acceptInsecureCerts', 'true']

2022-04-01 00:14:05 - [MESSAGE][INFO] - Action delay is set to 0 milliseconds

2022-04-01 00:14:07 - [MESSAGE][PASSED] - Browser is opened with url: 'https://qa.velocitypayment.com/admin/imtiaz'

2022-04-01 00:14:07 - [MESSAGE][PASSED] - Current window maximized

2022-04-01 00:14:08 - [MESSAGE][PASSED] - Object 'Object Repository/Login_Page/Login_Username' is present

2022-04-01 00:14:09 - [MESSAGE][PASSED] - Text 'iahmed' is set on object 'Object Repository/Login_Page/Login_Username'

2022-04-01 00:14:09 - [MESSAGE][PASSED] - Text 'hello2222' is set on object 'Object Repository/Login_Page/Login_Password'

2022-04-01 00:14:13 - [MESSAGE][PASSED] - Object: 'Object Repository/Login_Page/Login_Submit' is clicked on

2022-04-01 00:14:13 - [MESSAGE][PASSED] - adminSuiteBootstrap.loginFunctionality.login_AdminSuite is PASSED

2022-04-01 00:14:13 - [TEST_STEP][PASSED] - click(findTestObject(path_Dashboard + appName)): Object: 'Object Repository/AdminSuiteBootstrap_Pages/Dashboard_Bootstrap/a_Access AutoSingleCFtpQA' is clicked on

2022-04-01 00:14:14 - [MESSAGE][PASSED] - Object: 'Object Repository/AdminSuiteBootstrap_Pages/Dashboard_Bootstrap/a_Access AutoSingleCFtpQA' is clicked on

2022-04-01 00:14:14 - [TEST_STEP][PASSED] - click(findTestObject(path_VT + "button_Authorization  Capture (Sale)")): Object: 'Object Repository/AdminSuiteBootstrap_Pages/VT_Bootstrap/IssueTransactions/button_Authorization  Capture (Sale)' is clicked on

2022-04-01 00:14:14 - [MESSAGE][PASSED] - Object: 'Object Repository/AdminSuiteBootstrap_Pages/VT_Bootstrap/IssueTransactions/button_Authorization  Capture (Sale)' is clicked on

2022-04-01 00:14:14 - [TEST_STEP][PASSED] - saleKeyboardEntryLink = modifyObjectProperty(findTestObject(path_VT + "a_KeyboardEntry_Sale"), "href", "equals", hrefAppID, true): Modify property of object successfully

2022-04-01 00:14:14 - [MESSAGE][PASSED] - Modify property of object successfully

2022-04-01 00:14:14 - [TEST_STEP][PASSED] - click(saleKeyboardEntryLink): Object: 'Object Repository/AdminSuiteBootstrap_Pages/VT_Bootstrap/IssueTransactions/a_KeyboardEntry_Sale' is clicked on

2022-04-01 00:14:15 - [MESSAGE][PASSED] - Object: 'Object Repository/AdminSuiteBootstrap_Pages/VT_Bootstrap/IssueTransactions/a_KeyboardEntry_Sale' is clicked on

2022-04-01 00:14:15 - [TEST_STEP][PASSED] - adminSuiteBootstrap.virtualTerminalSetData.saleKeyboard_DataDriven(row, dataFile): adminSuiteBootstrap.virtualTerminalSetData.saleKeyboard_DataDriven is PASSED

2022-04-01 00:14:18 - [MESSAGE][PASSED] - Text 'Tulsi Raman' is set on object 'Object Repository/AdminSuiteBootstrap_Pages/VT_Bootstrap/SaleKeyboard/input_cardName'

2022-04-01 00:14:19 - [MESSAGE][PASSED] - All options with value 'RETL' are selected in object 'Object Repository/AdminSuiteBootstrap_Pages/VT_Bootstrap/SaleKeyboard/select_transactionCategory'  using regular expression

2022-04-01 00:14:20 - [MESSAGE][PASSED] - Execute JavaScript 'arguments[0].value ='6011000993026909' ' successfully

2022-04-01 00:14:20 - [MESSAGE][PASSED] - Execute JavaScript 'arguments[0].value ='123' ' successfully

2022-04-01 00:14:21 - [MESSAGE][PASSED] - All options with value '12' are selected in object 'Object Repository/AdminSuiteBootstrap_Pages/VT_Bootstrap/SaleKeyboard/select_MM'  using regular expression

2022-04-01 00:14:22 - [MESSAGE][PASSED] - All options with value '2025' are selected in object 'Object Repository/AdminSuiteBootstrap_Pages/VT_Bootstrap/SaleKeyboard/select_YYYY'  using regular expression

2022-04-01 00:14:23 - [MESSAGE][PASSED] - Text '25987 Hill Top' is set on object 'Object Repository/AdminSuiteBootstrap_Pages/VT_Bootstrap/SaleKeyboard/input__address'

2022-04-01 00:14:24 - [MESSAGE][PASSED] - Text 'Suite 500' is set on object 'Object Repository/AdminSuiteBootstrap_Pages/VT_Bootstrap/SaleKeyboard/input__address2'

2022-04-01 00:14:24 - [MESSAGE][PASSED] - Text '22201' is set on object 'Object Repository/AdminSuiteBootstrap_Pages/VT_Bootstrap/SaleKeyboard/input__zip'

2022-04-01 00:14:25 - [MESSAGE][PASSED] - Text '' is set on object 'Object Repository/AdminSuiteBootstrap_Pages/VT_Bootstrap/SaleKeyboard/input_emailAddress'

2022-04-01 00:14:26 - [MESSAGE][PASSED] - Text '' is set on object 'Object Repository/AdminSuiteBootstrap_Pages/VT_Bootstrap/SaleKeyboard/input_smsNumber'

2022-04-01 00:14:27 - [MESSAGE][PASSED] - Text '10.50' is set on object 'Object Repository/AdminSuiteBootstrap_Pages/VT_Bootstrap/SaleKeyboard/input_amount'

2022-04-01 00:14:28 - [MESSAGE][PASSED] - Text 'Australia' is set on object 'Object Repository/AdminSuiteBootstrap_Pages/VT_Bootstrap/SaleKeyboard/input_userDefined1'

2022-04-01 00:14:29 - [MESSAGE][PASSED] - Text 'Denmark' is set on object 'Object Repository/AdminSuiteBootstrap_Pages/VT_Bootstrap/SaleKeyboard/input_userDefined2'

2022-04-01 00:14:30 - [MESSAGE][PASSED] - Text 'Sweden' is set on object 'Object Repository/AdminSuiteBootstrap_Pages/VT_Bootstrap/SaleKeyboard/input_userDefined3'

2022-04-01 00:14:30 - [MESSAGE][PASSED] - Text 'Austria' is set on object 'Object Repository/AdminSuiteBootstrap_Pages/VT_Bootstrap/SaleKeyboard/input_userDefined4'

2022-04-01 00:14:31 - [MESSAGE][PASSED] - All options with label 'Orange' are selected in object 'Object Repository/AdminSuiteBootstrap_Pages/VT_Bootstrap/SaleKeyboard/select_UDF5_DropDown'  using regular expression

2022-04-01 00:14:32 - [MESSAGE][PASSED] - All options with label 'Yellow' are selected in object 'Object Repository/AdminSuiteBootstrap_Pages/VT_Bootstrap/SaleKeyboard/select_UDF6_DropDown'  using regular expression

2022-04-01 00:14:33 - [MESSAGE][PASSED] - Text 'Norway' is set on object 'Object Repository/AdminSuiteBootstrap_Pages/VT_Bootstrap/SaleKeyboard/input_userDefined7'

2022-04-01 00:14:34 - [MESSAGE][PASSED] - Text 'Netherlands' is set on object 'Object Repository/AdminSuiteBootstrap_Pages/VT_Bootstrap/SaleKeyboard/input_userDefined8'

2022-04-01 00:14:35 - [MESSAGE][PASSED] - Text 'Switzerland' is set on object 'Object Repository/AdminSuiteBootstrap_Pages/VT_Bootstrap/SaleKeyboard/input_userDefined9'

2022-04-01 00:14:35 - [MESSAGE][PASSED] - Text 'France' is set on object 'Object Repository/AdminSuiteBootstrap_Pages/VT_Bootstrap/SaleKeyboard/input_userDefined10'

2022-04-01 00:14:37 - [MESSAGE][PASSED] - Object: 'Object Repository/AdminSuiteBootstrap_Pages/VT_Bootstrap/SaleKeyboard/button_Submit' is clicked on

2022-04-01 00:14:37 - [MESSAGE][PASSED] - adminSuiteBootstrap.virtualTerminalSetData.saleKeyboard_DataDriven is PASSED

2022-04-01 00:14:37 - [TEST_STEP][PASSED] - if (verifyTextPresent("Transaction Successful", true)): null

2022-04-01 00:14:37 - [MESSAGE][PASSED] - Text 'Transaction Successful' is present on page  using regular expression

2022-04-01 00:14:37 - [TEST_STEP][PASSED] - sdf = getText(findTestObject(path_Receipt + "td_AutoNoC031622113752957Ahm")): Text of object 'Object Repository/AdminSuiteBootstrap_Pages/VT_Bootstrap/Receipt/td_AutoNoC031622113752957Ahm' is: 'AutoSin040122001227881Ahm'

2022-04-01 00:14:38 - [MESSAGE][PASSED] - Text of object 'Object Repository/AdminSuiteBootstrap_Pages/VT_Bootstrap/Receipt/td_AutoNoC031622113752957Ahm' is: 'AutoSin040122001227881Ahm'

2022-04-01 00:14:38 - [TEST_STEP][PASSED] - out.println("sdf: " + sdf): null

2022-04-01 00:14:38 - [TEST_STEP][PASSED] - remID = sdf: null

2022-04-01 00:14:38 - [TEST_STEP][PASSED] - out.println("remID: " + remID): null

2022-04-01 00:14:38 - [TEST_STEP][PASSED] - click(findTestObject(path_Receipt + "button_Continue")): Object: 'Object Repository/AdminSuiteBootstrap_Pages/VT_Bootstrap/Receipt/button_Continue' is clicked on

2022-04-01 00:14:39 - [MESSAGE][PASSED] - Object: 'Object Repository/AdminSuiteBootstrap_Pages/VT_Bootstrap/Receipt/button_Continue' is clicked on

2022-04-01 00:14:39 - [TEST_STEP][PASSED] - click(findTestObject(path_VT + "a_Search Transactions")): Object: 'Object Repository/AdminSuiteBootstrap_Pages/VT_Bootstrap/IssueTransactions/a_Search Transactions' is clicked on

2022-04-01 00:14:40 - [MESSAGE][PASSED] - Object: 'Object Repository/AdminSuiteBootstrap_Pages/VT_Bootstrap/IssueTransactions/a_Search Transactions' is clicked on

2022-04-01 00:14:40 - [TEST_STEP][PASSED] - setText(findTestObject(path_CCSearch + "input_Search By_searchValue"), remID): Text 'AutoSin040122001227881Ahm' is set on object 'Object Repository/AdminSuiteBootstrap_Pages/VT_Bootstrap/CCCreditOrVoidSearch/input_Search By_searchValue'

2022-04-01 00:14:40 - [MESSAGE][PASSED] - Text 'AutoSin040122001227881Ahm' is set on object 'Object Repository/AdminSuiteBootstrap_Pages/VT_Bootstrap/CCCreditOrVoidSearch/input_Search By_searchValue'

2022-04-01 00:14:40 - [TEST_STEP][PASSED] - click(findTestObject(path_CCSearch + "button_Submit")): Object: 'Object Repository/AdminSuiteBootstrap_Pages/VT_Bootstrap/CCCreditOrVoidSearch/button_Submit' is clicked on

2022-04-01 00:14:41 - [MESSAGE][PASSED] - Object: 'Object Repository/AdminSuiteBootstrap_Pages/VT_Bootstrap/CCCreditOrVoidSearch/button_Submit' is clicked on

2022-04-01 00:14:41 - [TEST_STEP][PASSED] - fgr = getText(findTestObject(path_SearchResults + "div_Payment ID")): Text of object 'Object Repository/AdminSuiteBootstrap_Pages/VT_Bootstrap/SearchResults/div_Payment ID' is: 'Payment ID
Payment Type
Transaction Type
Remittance ID
Name
Total Amount
End Date
Status
12114287 Credit Card Authorization and Capture AutoSin040122001227881Ahm Tulsi Raman $15.50 04/01/2022 Success'

2022-04-01 00:14:42 - [MESSAGE][PASSED] - Text of object 'Object Repository/AdminSuiteBootstrap_Pages/VT_Bootstrap/SearchResults/div_Payment ID' is: 'Payment ID
Payment Type
Transaction Type
Remittance ID
Name
Total Amount
End Date
Status
12114287 Credit Card Authorization and Capture AutoSin040122001227881Ahm Tulsi Raman $15.50 04/01/2022 Success'

2022-04-01 00:14:42 - [TEST_STEP][PASSED] - payID = substring(89, 98).trim(): null

2022-04-01 00:14:42 - [TEST_STEP][PASSED] - out.println("payID: " + payID): null

2022-04-01 00:14:42 - [TEST_STEP][PASSED] - click(findTestObject(path_SearchResults + "button_PaymentID")): Object: 'Object Repository/AdminSuiteBootstrap_Pages/VT_Bootstrap/SearchResults/button_PaymentID' is clicked on

2022-04-01 00:14:43 - [MESSAGE][PASSED] - Object: 'Object Repository/AdminSuiteBootstrap_Pages/VT_Bootstrap/SearchResults/button_PaymentID' is clicked on

2022-04-01 00:14:43 - [TEST_STEP][PASSED] - verifyTextPresent("Tender Type", true): Text 'Tender Type' is present on page  using regular expression

2022-04-01 00:14:43 - [MESSAGE][PASSED] - Text 'Tender Type' is present on page  using regular expression

2022-04-01 00:14:43 - [TEST_STEP][PASSED] - verifyTextPresent("Credit Card", true): Text 'Credit Card' is present on page  using regular expression

2022-04-01 00:14:44 - [MESSAGE][PASSED] - Text 'Credit Card' is present on page  using regular expression

2022-04-01 00:14:44 - [TEST_STEP][PASSED] - verifyTextPresent("Transaction Type", true): Text 'Transaction Type' is present on page  using regular expression

2022-04-01 00:14:44 - [MESSAGE][PASSED] - Text 'Transaction Type' is present on page  using regular expression

2022-04-01 00:14:44 - [TEST_STEP][PASSED] - verifyTextPresent("Authorization and Capture", true): Text 'Authorization and Capture' is present on page  using regular expression

2022-04-01 00:14:44 - [MESSAGE][PASSED] - Text 'Authorization and Capture' is present on page  using regular expression

2022-04-01 00:14:44 - [TEST_STEP][PASSED] - verifyTextPresent("Transaction Posted by", true): Text 'Transaction Posted by' is present on page  using regular expression

2022-04-01 00:14:45 - [MESSAGE][PASSED] - Text 'Transaction Posted by' is present on page  using regular expression

2022-04-01 00:14:45 - [TEST_STEP][PASSED] - verifyTextPresent("iahmed", true): Text 'iahmed' is present on page  using regular expression

2022-04-01 00:14:45 - [MESSAGE][PASSED] - Text 'iahmed' is present on page  using regular expression

2022-04-01 00:14:45 - [TEST_STEP][PASSED] - click(findTestObject(path_TranxDetails + "a_Credit this transaction")): Object: 'Object Repository/AdminSuiteBootstrap_Pages/VT_Bootstrap/TransactionDetails/a_Credit this transaction' is clicked on

2022-04-01 00:14:46 - [MESSAGE][PASSED] - Object: 'Object Repository/AdminSuiteBootstrap_Pages/VT_Bootstrap/TransactionDetails/a_Credit this transaction' is clicked on

2022-04-01 00:14:46 - [TEST_STEP][PASSED] - verifyTextPresent("Credit Card Credit", true): Text 'Credit Card Credit' is present on page  using regular expression

2022-04-01 00:14:48 - [MESSAGE][PASSED] - Text 'Credit Card Credit' is present on page  using regular expression

2022-04-01 00:14:48 - [TEST_STEP][PASSED] - partialCardNumber = findTestData(dataFile).getValue("AutoCreditNumber", row): null

2022-04-01 00:14:48 - [TEST_STEP][PASSED] - setText(findTestObject(path_TranxDetails + "input_cardMiddle"), partialCardNumber): Text '1100099302' is set on object 'Object Repository/AdminSuiteBootstrap_Pages/VT_Bootstrap/TransactionDetails/input_cardMiddle'

2022-04-01 00:14:49 - [MESSAGE][PASSED] - Text '1100099302' is set on object 'Object Repository/AdminSuiteBootstrap_Pages/VT_Bootstrap/TransactionDetails/input_cardMiddle'

2022-04-01 00:14:49 - [TEST_STEP][PASSED] - click(findTestObject(path_TranxDetails + "button_Submit")): Object: 'Object Repository/AdminSuiteBootstrap_Pages/VT_Bootstrap/TransactionDetails/button_Submit' is clicked on

2022-04-01 00:14:52 - [MESSAGE][PASSED] - Object: 'Object Repository/AdminSuiteBootstrap_Pages/VT_Bootstrap/TransactionDetails/button_Submit' is clicked on

2022-04-01 00:14:52 - [TEST_STEP][PASSED] - verifyTextPresent("Transaction Successful", true): Text 'Transaction Successful' is present on page  using regular expression

2022-04-01 00:14:53 - [MESSAGE][PASSED] - Text 'Transaction Successful' is present on page  using regular expression

2022-04-01 00:14:53 - [TEST_STEP][PASSED] - verifyTextPresent("Transaction Type", true): Text 'Transaction Type' is present on page  using regular expression

2022-04-01 00:14:53 - [MESSAGE][PASSED] - Text 'Transaction Type' is present on page  using regular expression

2022-04-01 00:14:53 - [TEST_STEP][PASSED] - verifyTextPresent("Credit", true): Text 'Credit' is present on page  using regular expression

2022-04-01 00:14:53 - [MESSAGE][PASSED] - Text 'Credit' is present on page  using regular expression

2022-04-01 00:14:53 - [TEST_STEP][PASSED] - closeBrowser(): Browser is closed

2022-04-01 00:14:54 - [MESSAGE][PASSED] - Browser is closed

2022-04-01 00:14:54 - [TEST_STEP][PASSED] - ExecuteTC = findTestData(dataFile).getValue("Execute", row): null

2022-04-01 00:14:54 - [TEST_STEP][PASSED] - out.println("Value of Execute is : " + ExecuteTC): null

2022-04-01 00:14:54 - [TEST_STEP][PASSED] - switch (executionProfile): null

2022-04-01 00:14:54 - [TEST_STEP][PASSED] - case "QAProfile":: null

2022-04-01 00:14:54 - [TEST_STEP][PASSED] - appName = findTestData(dataFile).getValue("AppNameQA", row): null

2022-04-01 00:14:54 - [TEST_STEP][PASSED] - appID = findTestData(dataFile).getValue("AppIDQA", row): null

2022-04-01 00:14:54 - [TEST_STEP][PASSED] - break: null

2022-04-01 00:14:54 - [TEST_STEP][PASSED] - hrefAppID = li_1 + appID + li_2: null

2022-04-01 00:14:54 - [TEST_STEP][PASSED] - hrefApp = li_1 + appID + "/": null

2022-04-01 00:14:54 - [TEST_STEP][PASSED] - println("hrefApp : " + hrefApp): null

2022-04-01 00:14:54 - [TEST_STEP][PASSED] - if (ExecuteTC.equalsIgnoreCase("Y")): null

2022-04-01 00:14:54 - [TEST_STEP][PASSED] - out.println("Begin Record Number: " + row): null

2022-04-01 00:14:54 - [TEST_STEP][PASSED] - today = new java.util.Date(): null

2022-04-01 00:14:54 - [TEST_STEP][PASSED] - println(today): null

2022-04-01 00:14:54 - [TEST_STEP][PASSED] - datText = today: null

2022-04-01 00:14:54 - [TEST_STEP][PASSED] - adminSuiteBootstrap.loginFunctionality.login_AdminSuite(): adminSuiteBootstrap.loginFunctionality.login_AdminSuite is PASSED

2022-04-01 00:14:54 - [MESSAGE][INFO] - Starting 'Chrome' driver

2022-04-01 00:14:54 - [MESSAGE][INFO] - User set preference: ['acceptInsecureCerts', 'true']

2022-04-01 00:14:54 - [MESSAGE][INFO] - Action delay is set to 0 milliseconds

2022-04-01 00:14:58 - [MESSAGE][PASSED] - Browser is opened with url: 'https://qa.velocitypayment.com/admin/imtiaz'

2022-04-01 00:14:58 - [MESSAGE][PASSED] - Current window maximized

2022-04-01 00:14:58 - [MESSAGE][PASSED] - Object 'Object Repository/Login_Page/Login_Username' is present

2022-04-01 00:14:59 - [MESSAGE][PASSED] - Text 'iahmed' is set on object 'Object Repository/Login_Page/Login_Username'

2022-04-01 00:15:00 - [MESSAGE][PASSED] - Text 'hello2222' is set on object 'Object Repository/Login_Page/Login_Password'

2022-04-01 00:15:03 - [MESSAGE][PASSED] - Object: 'Object Repository/Login_Page/Login_Submit' is clicked on

2022-04-01 00:15:03 - [MESSAGE][PASSED] - adminSuiteBootstrap.loginFunctionality.login_AdminSuite is PASSED

2022-04-01 00:15:03 - [TEST_STEP][PASSED] - click(findTestObject(path_Dashboard + appName)): Object: 'Object Repository/AdminSuiteBootstrap_Pages/Dashboard_Bootstrap/a_Access AutoSingleCFtpQA' is clicked on

2022-04-01 00:15:04 - [MESSAGE][PASSED] - Object: 'Object Repository/AdminSuiteBootstrap_Pages/Dashboard_Bootstrap/a_Access AutoSingleCFtpQA' is clicked on

2022-04-01 00:15:04 - [TEST_STEP][PASSED] - click(findTestObject(path_VT + "button_Authorization  Capture (Sale)")): Object: 'Object Repository/AdminSuiteBootstrap_Pages/VT_Bootstrap/IssueTransactions/button_Authorization  Capture (Sale)' is clicked on

2022-04-01 00:15:05 - [MESSAGE][PASSED] - Object: 'Object Repository/AdminSuiteBootstrap_Pages/VT_Bootstrap/IssueTransactions/button_Authorization  Capture (Sale)' is clicked on

2022-04-01 00:15:05 - [TEST_STEP][PASSED] - saleKeyboardEntryLink = modifyObjectProperty(findTestObject(path_VT + "a_KeyboardEntry_Sale"), "href", "equals", hrefAppID, true): Modify property of object successfully

2022-04-01 00:15:05 - [MESSAGE][PASSED] - Modify property of object successfully

2022-04-01 00:15:05 - [TEST_STEP][PASSED] - click(saleKeyboardEntryLink): Object: 'Object Repository/AdminSuiteBootstrap_Pages/VT_Bootstrap/IssueTransactions/a_KeyboardEntry_Sale' is clicked on

2022-04-01 00:15:06 - [MESSAGE][PASSED] - Object: 'Object Repository/AdminSuiteBootstrap_Pages/VT_Bootstrap/IssueTransactions/a_KeyboardEntry_Sale' is clicked on

2022-04-01 00:15:06 - [TEST_STEP][PASSED] - adminSuiteBootstrap.virtualTerminalSetData.saleKeyboard_DataDriven(row, dataFile): adminSuiteBootstrap.virtualTerminalSetData.saleKeyboard_DataDriven is PASSED

2022-04-01 00:15:08 - [MESSAGE][PASSED] - Text 'Janaki James' is set on object 'Object Repository/AdminSuiteBootstrap_Pages/VT_Bootstrap/SaleKeyboard/input_cardName'

2022-04-01 00:15:09 - [MESSAGE][PASSED] - All options with value 'MOTO' are selected in object 'Object Repository/AdminSuiteBootstrap_Pages/VT_Bootstrap/SaleKeyboard/select_transactionCategory'  using regular expression

2022-04-01 00:15:10 - [MESSAGE][PASSED] - Execute JavaScript 'arguments[0].value ='4012000098765439' ' successfully

2022-04-01 00:15:10 - [MESSAGE][PASSED] - Execute JavaScript 'arguments[0].value ='123' ' successfully

2022-04-01 00:15:11 - [MESSAGE][PASSED] - All options with value '12' are selected in object 'Object Repository/AdminSuiteBootstrap_Pages/VT_Bootstrap/SaleKeyboard/select_MM'  using regular expression

2022-04-01 00:15:13 - [MESSAGE][PASSED] - All options with value '2025' are selected in object 'Object Repository/AdminSuiteBootstrap_Pages/VT_Bootstrap/SaleKeyboard/select_YYYY'  using regular expression

2022-04-01 00:15:13 - [MESSAGE][PASSED] - Text '36 Cornor Road' is set on object 'Object Repository/AdminSuiteBootstrap_Pages/VT_Bootstrap/SaleKeyboard/input__address'

2022-04-01 00:15:14 - [MESSAGE][PASSED] - Text 'Suite 500' is set on object 'Object Repository/AdminSuiteBootstrap_Pages/VT_Bootstrap/SaleKeyboard/input__address2'

2022-04-01 00:15:15 - [MESSAGE][PASSED] - Text '22201' is set on object 'Object Repository/AdminSuiteBootstrap_Pages/VT_Bootstrap/SaleKeyboard/input__zip'

2022-04-01 00:15:15 - [MESSAGE][PASSED] - Text '' is set on object 'Object Repository/AdminSuiteBootstrap_Pages/VT_Bootstrap/SaleKeyboard/input_emailAddress'

2022-04-01 00:15:17 - [MESSAGE][PASSED] - Text '' is set on object 'Object Repository/AdminSuiteBootstrap_Pages/VT_Bootstrap/SaleKeyboard/input_smsNumber'

2022-04-01 00:15:17 - [MESSAGE][PASSED] - Text '10.50' is set on object 'Object Repository/AdminSuiteBootstrap_Pages/VT_Bootstrap/SaleKeyboard/input_amount'

2022-04-01 00:15:19 - [MESSAGE][PASSED] - Text 'Australia' is set on object 'Object Repository/AdminSuiteBootstrap_Pages/VT_Bootstrap/SaleKeyboard/input_userDefined1'

2022-04-01 00:15:19 - [MESSAGE][PASSED] - Text 'Denmark' is set on object 'Object Repository/AdminSuiteBootstrap_Pages/VT_Bootstrap/SaleKeyboard/input_userDefined2'

2022-04-01 00:15:20 - [MESSAGE][PASSED] - Text 'Sweden' is set on object 'Object Repository/AdminSuiteBootstrap_Pages/VT_Bootstrap/SaleKeyboard/input_userDefined3'

2022-04-01 00:15:21 - [MESSAGE][PASSED] - Text 'Austria' is set on object 'Object Repository/AdminSuiteBootstrap_Pages/VT_Bootstrap/SaleKeyboard/input_userDefined4'

2022-04-01 00:15:22 - [MESSAGE][PASSED] - All options with label 'Orange' are selected in object 'Object Repository/AdminSuiteBootstrap_Pages/VT_Bootstrap/SaleKeyboard/select_UDF5_DropDown'  using regular expression

2022-04-01 00:15:23 - [MESSAGE][PASSED] - All options with label 'Yellow' are selected in object 'Object Repository/AdminSuiteBootstrap_Pages/VT_Bootstrap/SaleKeyboard/select_UDF6_DropDown'  using regular expression

2022-04-01 00:15:23 - [MESSAGE][PASSED] - Text 'Norway' is set on object 'Object Repository/AdminSuiteBootstrap_Pages/VT_Bootstrap/SaleKeyboard/input_userDefined7'

2022-04-01 00:15:24 - [MESSAGE][PASSED] - Text 'Netherlands' is set on object 'Object Repository/AdminSuiteBootstrap_Pages/VT_Bootstrap/SaleKeyboard/input_userDefined8'

2022-04-01 00:15:25 - [MESSAGE][PASSED] - Text 'Switzerland' is set on object 'Object Repository/AdminSuiteBootstrap_Pages/VT_Bootstrap/SaleKeyboard/input_userDefined9'

2022-04-01 00:15:26 - [MESSAGE][PASSED] - Text 'France' is set on object 'Object Repository/AdminSuiteBootstrap_Pages/VT_Bootstrap/SaleKeyboard/input_userDefined10'

2022-04-01 00:15:27 - [MESSAGE][PASSED] - Object: 'Object Repository/AdminSuiteBootstrap_Pages/VT_Bootstrap/SaleKeyboard/button_Submit' is clicked on

2022-04-01 00:15:27 - [MESSAGE][PASSED] - adminSuiteBootstrap.virtualTerminalSetData.saleKeyboard_DataDriven is PASSED

2022-04-01 00:15:27 - [TEST_STEP][PASSED] - if (verifyTextPresent("Transaction Successful", true)): null

2022-04-01 00:15:28 - [MESSAGE][PASSED] - Text 'Transaction Successful' is present on page  using regular expression

2022-04-01 00:15:28 - [TEST_STEP][PASSED] - sdf = getText(findTestObject(path_Receipt + "td_AutoNoC031622113752957Ahm")): Text of object 'Object Repository/AdminSuiteBootstrap_Pages/VT_Bootstrap/Receipt/td_AutoNoC031622113752957Ahm' is: 'AutoSin040122001318476Ahm'

2022-04-01 00:15:28 - [MESSAGE][PASSED] - Text of object 'Object Repository/AdminSuiteBootstrap_Pages/VT_Bootstrap/Receipt/td_AutoNoC031622113752957Ahm' is: 'AutoSin040122001318476Ahm'

2022-04-01 00:15:28 - [TEST_STEP][PASSED] - out.println("sdf: " + sdf): null

2022-04-01 00:15:28 - [TEST_STEP][PASSED] - remID = sdf: null

2022-04-01 00:15:28 - [TEST_STEP][PASSED] - out.println("remID: " + remID): null

2022-04-01 00:15:28 - [TEST_STEP][PASSED] - click(findTestObject(path_Receipt + "button_Continue")): Object: 'Object Repository/AdminSuiteBootstrap_Pages/VT_Bootstrap/Receipt/button_Continue' is clicked on

2022-04-01 00:15:29 - [MESSAGE][PASSED] - Object: 'Object Repository/AdminSuiteBootstrap_Pages/VT_Bootstrap/Receipt/button_Continue' is clicked on

2022-04-01 00:15:29 - [TEST_STEP][PASSED] - click(findTestObject(path_VT + "a_Search Transactions")): Object: 'Object Repository/AdminSuiteBootstrap_Pages/VT_Bootstrap/IssueTransactions/a_Search Transactions' is clicked on

2022-04-01 00:15:30 - [MESSAGE][PASSED] - Object: 'Object Repository/AdminSuiteBootstrap_Pages/VT_Bootstrap/IssueTransactions/a_Search Transactions' is clicked on

2022-04-01 00:15:30 - [TEST_STEP][PASSED] - setText(findTestObject(path_CCSearch + "input_Search By_searchValue"), remID): Text 'AutoSin040122001318476Ahm' is set on object 'Object Repository/AdminSuiteBootstrap_Pages/VT_Bootstrap/CCCreditOrVoidSearch/input_Search By_searchValue'

2022-04-01 00:15:31 - [MESSAGE][PASSED] - Text 'AutoSin040122001318476Ahm' is set on object 'Object Repository/AdminSuiteBootstrap_Pages/VT_Bootstrap/CCCreditOrVoidSearch/input_Search By_searchValue'

2022-04-01 00:15:31 - [TEST_STEP][PASSED] - click(findTestObject(path_CCSearch + "button_Submit")): Object: 'Object Repository/AdminSuiteBootstrap_Pages/VT_Bootstrap/CCCreditOrVoidSearch/button_Submit' is clicked on

2022-04-01 00:15:32 - [MESSAGE][PASSED] - Object: 'Object Repository/AdminSuiteBootstrap_Pages/VT_Bootstrap/CCCreditOrVoidSearch/button_Submit' is clicked on

2022-04-01 00:15:32 - [TEST_STEP][PASSED] - fgr = getText(findTestObject(path_SearchResults + "div_Payment ID")): Text of object 'Object Repository/AdminSuiteBootstrap_Pages/VT_Bootstrap/SearchResults/div_Payment ID' is: 'Payment ID
Payment Type
Transaction Type
Remittance ID
Name
Total Amount
End Date
Status
12114289 Credit Card Authorization and Capture AutoSin040122001318476Ahm Janaki James $15.50 04/01/2022 Success'

2022-04-01 00:15:32 - [MESSAGE][PASSED] - Text of object 'Object Repository/AdminSuiteBootstrap_Pages/VT_Bootstrap/SearchResults/div_Payment ID' is: 'Payment ID
Payment Type
Transaction Type
Remittance ID
Name
Total Amount
End Date
Status
12114289 Credit Card Authorization and Capture AutoSin040122001318476Ahm Janaki James $15.50 04/01/2022 Success'

2022-04-01 00:15:32 - [TEST_STEP][PASSED] - payID = substring(89, 98).trim(): null

2022-04-01 00:15:32 - [TEST_STEP][PASSED] - out.println("payID: " + payID): null

2022-04-01 00:15:32 - [TEST_STEP][PASSED] - click(findTestObject(path_SearchResults + "button_PaymentID")): Object: 'Object Repository/AdminSuiteBootstrap_Pages/VT_Bootstrap/SearchResults/button_PaymentID' is clicked on

2022-04-01 00:15:33 - [MESSAGE][PASSED] - Object: 'Object Repository/AdminSuiteBootstrap_Pages/VT_Bootstrap/SearchResults/button_PaymentID' is clicked on

2022-04-01 00:15:33 - [TEST_STEP][PASSED] - verifyTextPresent("Tender Type", true): Text 'Tender Type' is present on page  using regular expression

2022-04-01 00:15:34 - [MESSAGE][PASSED] - Text 'Tender Type' is present on page  using regular expression

2022-04-01 00:15:34 - [TEST_STEP][PASSED] - verifyTextPresent("Credit Card", true): Text 'Credit Card' is present on page  using regular expression

2022-04-01 00:15:34 - [MESSAGE][PASSED] - Text 'Credit Card' is present on page  using regular expression

2022-04-01 00:15:34 - [TEST_STEP][PASSED] - verifyTextPresent("Transaction Type", true): Text 'Transaction Type' is present on page  using regular expression

2022-04-01 00:15:34 - [MESSAGE][PASSED] - Text 'Transaction Type' is present on page  using regular expression

2022-04-01 00:15:34 - [TEST_STEP][PASSED] - verifyTextPresent("Authorization and Capture", true): Text 'Authorization and Capture' is present on page  using regular expression

2022-04-01 00:15:35 - [MESSAGE][PASSED] - Text 'Authorization and Capture' is present on page  using regular expression

2022-04-01 00:15:35 - [TEST_STEP][PASSED] - verifyTextPresent("Transaction Posted by", true): Text 'Transaction Posted by' is present on page  using regular expression

2022-04-01 00:15:35 - [MESSAGE][PASSED] - Text 'Transaction Posted by' is present on page  using regular expression

2022-04-01 00:15:35 - [TEST_STEP][PASSED] - verifyTextPresent("iahmed", true): Text 'iahmed' is present on page  using regular expression

2022-04-01 00:15:35 - [MESSAGE][PASSED] - Text 'iahmed' is present on page  using regular expression

2022-04-01 00:15:35 - [TEST_STEP][PASSED] - click(findTestObject(path_TranxDetails + "a_Credit this transaction")): Object: 'Object Repository/AdminSuiteBootstrap_Pages/VT_Bootstrap/TransactionDetails/a_Credit this transaction' is clicked on

2022-04-01 00:15:37 - [MESSAGE][PASSED] - Object: 'Object Repository/AdminSuiteBootstrap_Pages/VT_Bootstrap/TransactionDetails/a_Credit this transaction' is clicked on

2022-04-01 00:15:37 - [TEST_STEP][PASSED] - verifyTextPresent("Credit Card Credit", true): Text 'Credit Card Credit' is present on page  using regular expression

2022-04-01 00:15:38 - [MESSAGE][PASSED] - Text 'Credit Card Credit' is present on page  using regular expression

2022-04-01 00:15:38 - [TEST_STEP][PASSED] - partialCardNumber = findTestData(dataFile).getValue("AutoCreditNumber", row): null

2022-04-01 00:15:38 - [TEST_STEP][PASSED] - setText(findTestObject(path_TranxDetails + "input_cardMiddle"), partialCardNumber): Text '1200009876' is set on object 'Object Repository/AdminSuiteBootstrap_Pages/VT_Bootstrap/TransactionDetails/input_cardMiddle'

2022-04-01 00:15:39 - [MESSAGE][PASSED] - Text '1200009876' is set on object 'Object Repository/AdminSuiteBootstrap_Pages/VT_Bootstrap/TransactionDetails/input_cardMiddle'

2022-04-01 00:15:39 - [TEST_STEP][PASSED] - click(findTestObject(path_TranxDetails + "button_Submit")): Object: 'Object Repository/AdminSuiteBootstrap_Pages/VT_Bootstrap/TransactionDetails/button_Submit' is clicked on

2022-04-01 00:15:40 - [MESSAGE][PASSED] - Object: 'Object Repository/AdminSuiteBootstrap_Pages/VT_Bootstrap/TransactionDetails/button_Submit' is clicked on

2022-04-01 00:15:40 - [TEST_STEP][PASSED] - verifyTextPresent("Transaction Successful", true): Text 'Transaction Successful' is present on page  using regular expression

2022-04-01 00:15:41 - [MESSAGE][PASSED] - Text 'Transaction Successful' is present on page  using regular expression

2022-04-01 00:15:41 - [TEST_STEP][PASSED] - verifyTextPresent("Transaction Type", true): Text 'Transaction Type' is present on page  using regular expression

2022-04-01 00:15:41 - [MESSAGE][PASSED] - Text 'Transaction Type' is present on page  using regular expression

2022-04-01 00:15:41 - [TEST_STEP][PASSED] - verifyTextPresent("Credit", true): Text 'Credit' is present on page  using regular expression

2022-04-01 00:15:42 - [MESSAGE][PASSED] - Text 'Credit' is present on page  using regular expression

2022-04-01 00:15:42 - [TEST_STEP][PASSED] - closeBrowser(): Browser is closed

2022-04-01 00:15:43 - [MESSAGE][PASSED] - Browser is closed

2022-04-01 00:15:43 - [TEST_STEP][PASSED] - ExecuteTC = findTestData(dataFile).getValue("Execute", row): null

2022-04-01 00:15:43 - [TEST_STEP][PASSED] - out.println("Value of Execute is : " + ExecuteTC): null

2022-04-01 00:15:43 - [TEST_STEP][PASSED] - switch (executionProfile): null

2022-04-01 00:15:43 - [TEST_STEP][PASSED] - case "QAProfile":: null

2022-04-01 00:15:43 - [TEST_STEP][PASSED] - appName = findTestData(dataFile).getValue("AppNameQA", row): null

2022-04-01 00:15:43 - [TEST_STEP][PASSED] - appID = findTestData(dataFile).getValue("AppIDQA", row): null

2022-04-01 00:15:43 - [TEST_STEP][PASSED] - break: null

2022-04-01 00:15:43 - [TEST_STEP][PASSED] - hrefAppID = li_1 + appID + li_2: null

2022-04-01 00:15:43 - [TEST_STEP][PASSED] - hrefApp = li_1 + appID + "/": null

2022-04-01 00:15:43 - [TEST_STEP][PASSED] - println("hrefApp : " + hrefApp): null

2022-04-01 00:15:43 - [TEST_STEP][PASSED] - if (ExecuteTC.equalsIgnoreCase("Y")): null

2022-04-01 00:15:43 - [TEST_STEP][PASSED] - out.println("Begin Record Number: " + row): null

2022-04-01 00:15:43 - [TEST_STEP][PASSED] - today = new java.util.Date(): null

2022-04-01 00:15:43 - [TEST_STEP][PASSED] - println(today): null

2022-04-01 00:15:43 - [TEST_STEP][PASSED] - datText = today: null

2022-04-01 00:15:43 - [TEST_STEP][PASSED] - adminSuiteBootstrap.loginFunctionality.login_AdminSuite(): adminSuiteBootstrap.loginFunctionality.login_AdminSuite is PASSED

2022-04-01 00:15:43 - [MESSAGE][INFO] - Starting 'Chrome' driver

2022-04-01 00:15:43 - [MESSAGE][INFO] - User set preference: ['acceptInsecureCerts', 'true']

2022-04-01 00:15:43 - [MESSAGE][INFO] - Action delay is set to 0 milliseconds

2022-04-01 00:15:46 - [MESSAGE][PASSED] - Browser is opened with url: 'https://qa.velocitypayment.com/admin/imtiaz'

2022-04-01 00:15:46 - [MESSAGE][PASSED] - Current window maximized

2022-04-01 00:15:46 - [MESSAGE][PASSED] - Object 'Object Repository/Login_Page/Login_Username' is present

2022-04-01 00:15:47 - [MESSAGE][PASSED] - Text 'iahmed' is set on object 'Object Repository/Login_Page/Login_Username'

2022-04-01 00:15:48 - [MESSAGE][PASSED] - Text 'hello2222' is set on object 'Object Repository/Login_Page/Login_Password'

2022-04-01 00:15:51 - [MESSAGE][PASSED] - Object: 'Object Repository/Login_Page/Login_Submit' is clicked on

2022-04-01 00:15:51 - [MESSAGE][PASSED] - adminSuiteBootstrap.loginFunctionality.login_AdminSuite is PASSED

2022-04-01 00:15:51 - [TEST_STEP][PASSED] - click(findTestObject(path_Dashboard + appName)): Object: 'Object Repository/AdminSuiteBootstrap_Pages/Dashboard_Bootstrap/a_Access AutoSingleCFtpQA' is clicked on

2022-04-01 00:15:52 - [MESSAGE][PASSED] - Object: 'Object Repository/AdminSuiteBootstrap_Pages/Dashboard_Bootstrap/a_Access AutoSingleCFtpQA' is clicked on

2022-04-01 00:15:52 - [TEST_STEP][PASSED] - click(findTestObject(path_VT + "button_Authorization  Capture (Sale)")): Object: 'Object Repository/AdminSuiteBootstrap_Pages/VT_Bootstrap/IssueTransactions/button_Authorization  Capture (Sale)' is clicked on

2022-04-01 00:15:52 - [MESSAGE][PASSED] - Object: 'Object Repository/AdminSuiteBootstrap_Pages/VT_Bootstrap/IssueTransactions/button_Authorization  Capture (Sale)' is clicked on

2022-04-01 00:15:52 - [TEST_STEP][PASSED] - saleKeyboardEntryLink = modifyObjectProperty(findTestObject(path_VT + "a_KeyboardEntry_Sale"), "href", "equals", hrefAppID, true): Modify property of object successfully

2022-04-01 00:15:52 - [MESSAGE][PASSED] - Modify property of object successfully

2022-04-01 00:15:52 - [TEST_STEP][PASSED] - click(saleKeyboardEntryLink): Object: 'Object Repository/AdminSuiteBootstrap_Pages/VT_Bootstrap/IssueTransactions/a_KeyboardEntry_Sale' is clicked on

2022-04-01 00:15:53 - [MESSAGE][PASSED] - Object: 'Object Repository/AdminSuiteBootstrap_Pages/VT_Bootstrap/IssueTransactions/a_KeyboardEntry_Sale' is clicked on

2022-04-01 00:15:53 - [TEST_STEP][PASSED] - adminSuiteBootstrap.virtualTerminalSetData.saleKeyboard_DataDriven(row, dataFile): adminSuiteBootstrap.virtualTerminalSetData.saleKeyboard_DataDriven is PASSED

2022-04-01 00:15:56 - [MESSAGE][PASSED] - Text 'Janaki James' is set on object 'Object Repository/AdminSuiteBootstrap_Pages/VT_Bootstrap/SaleKeyboard/input_cardName'

2022-04-01 00:15:57 - [MESSAGE][PASSED] - All options with value 'MOTO' are selected in object 'Object Repository/AdminSuiteBootstrap_Pages/VT_Bootstrap/SaleKeyboard/select_transactionCategory'  using regular expression

2022-04-01 00:15:57 - [MESSAGE][PASSED] - Execute JavaScript 'arguments[0].value ='5146312200000035' ' successfully

2022-04-01 00:15:58 - [MESSAGE][PASSED] - Execute JavaScript 'arguments[0].value ='123' ' successfully

2022-04-01 00:15:59 - [MESSAGE][PASSED] - All options with value '12' are selected in object 'Object Repository/AdminSuiteBootstrap_Pages/VT_Bootstrap/SaleKeyboard/select_MM'  using regular expression

2022-04-01 00:16:00 - [MESSAGE][PASSED] - All options with value '2025' are selected in object 'Object Repository/AdminSuiteBootstrap_Pages/VT_Bootstrap/SaleKeyboard/select_YYYY'  using regular expression

2022-04-01 00:16:01 - [MESSAGE][PASSED] - Text '1478 Jhatka Palace' is set on object 'Object Repository/AdminSuiteBootstrap_Pages/VT_Bootstrap/SaleKeyboard/input__address'

2022-04-01 00:16:01 - [MESSAGE][PASSED] - Text 'Suite 500' is set on object 'Object Repository/AdminSuiteBootstrap_Pages/VT_Bootstrap/SaleKeyboard/input__address2'

2022-04-01 00:16:02 - [MESSAGE][PASSED] - Text '22201' is set on object 'Object Repository/AdminSuiteBootstrap_Pages/VT_Bootstrap/SaleKeyboard/input__zip'

2022-04-01 00:16:03 - [MESSAGE][PASSED] - Text '' is set on object 'Object Repository/AdminSuiteBootstrap_Pages/VT_Bootstrap/SaleKeyboard/input_emailAddress'

2022-04-01 00:16:04 - [MESSAGE][PASSED] - Text '' is set on object 'Object Repository/AdminSuiteBootstrap_Pages/VT_Bootstrap/SaleKeyboard/input_smsNumber'

2022-04-01 00:16:05 - [MESSAGE][PASSED] - Text '10.50' is set on object 'Object Repository/AdminSuiteBootstrap_Pages/VT_Bootstrap/SaleKeyboard/input_amount'

2022-04-01 00:16:06 - [MESSAGE][PASSED] - Text 'Australia' is set on object 'Object Repository/AdminSuiteBootstrap_Pages/VT_Bootstrap/SaleKeyboard/input_userDefined1'

2022-04-01 00:16:07 - [MESSAGE][PASSED] - Text 'Denmark' is set on object 'Object Repository/AdminSuiteBootstrap_Pages/VT_Bootstrap/SaleKeyboard/input_userDefined2'

2022-04-01 00:16:07 - [MESSAGE][PASSED] - Text 'Sweden' is set on object 'Object Repository/AdminSuiteBootstrap_Pages/VT_Bootstrap/SaleKeyboard/input_userDefined3'

2022-04-01 00:16:08 - [MESSAGE][PASSED] - Text 'Austria' is set on object 'Object Repository/AdminSuiteBootstrap_Pages/VT_Bootstrap/SaleKeyboard/input_userDefined4'

2022-04-01 00:16:09 - [MESSAGE][PASSED] - All options with label 'Orange' are selected in object 'Object Repository/AdminSuiteBootstrap_Pages/VT_Bootstrap/SaleKeyboard/select_UDF5_DropDown'  using regular expression

2022-04-01 00:16:10 - [MESSAGE][PASSED] - All options with label 'Yellow' are selected in object 'Object Repository/AdminSuiteBootstrap_Pages/VT_Bootstrap/SaleKeyboard/select_UDF6_DropDown'  using regular expression

2022-04-01 00:16:11 - [MESSAGE][PASSED] - Text 'Norway' is set on object 'Object Repository/AdminSuiteBootstrap_Pages/VT_Bootstrap/SaleKeyboard/input_userDefined7'

2022-04-01 00:16:12 - [MESSAGE][PASSED] - Text 'Netherlands' is set on object 'Object Repository/AdminSuiteBootstrap_Pages/VT_Bootstrap/SaleKeyboard/input_userDefined8'

2022-04-01 00:16:12 - [MESSAGE][PASSED] - Text 'Switzerland' is set on object 'Object Repository/AdminSuiteBootstrap_Pages/VT_Bootstrap/SaleKeyboard/input_userDefined9'

2022-04-01 00:16:13 - [MESSAGE][PASSED] - Text 'France' is set on object 'Object Repository/AdminSuiteBootstrap_Pages/VT_Bootstrap/SaleKeyboard/input_userDefined10'

2022-04-01 00:16:15 - [MESSAGE][PASSED] - Object: 'Object Repository/AdminSuiteBootstrap_Pages/VT_Bootstrap/SaleKeyboard/button_Submit' is clicked on

2022-04-01 00:16:15 - [MESSAGE][PASSED] - adminSuiteBootstrap.virtualTerminalSetData.saleKeyboard_DataDriven is PASSED

2022-04-01 00:16:15 - [TEST_STEP][PASSED] - if (verifyTextPresent("Transaction Successful", true)): null

2022-04-01 00:16:15 - [MESSAGE][PASSED] - Text 'Transaction Successful' is present on page  using regular expression

2022-04-01 00:16:15 - [TEST_STEP][PASSED] - sdf = getText(findTestObject(path_Receipt + "td_AutoNoC031622113752957Ahm")): Text of object 'Object Repository/AdminSuiteBootstrap_Pages/VT_Bootstrap/Receipt/td_AutoNoC031622113752957Ahm' is: 'AutoSin040122001405697Ahm'

2022-04-01 00:16:16 - [MESSAGE][PASSED] - Text of object 'Object Repository/AdminSuiteBootstrap_Pages/VT_Bootstrap/Receipt/td_AutoNoC031622113752957Ahm' is: 'AutoSin040122001405697Ahm'

2022-04-01 00:16:16 - [TEST_STEP][PASSED] - out.println("sdf: " + sdf): null

2022-04-01 00:16:16 - [TEST_STEP][PASSED] - remID = sdf: null

2022-04-01 00:16:16 - [TEST_STEP][PASSED] - out.println("remID: " + remID): null

2022-04-01 00:16:16 - [TEST_STEP][PASSED] - click(findTestObject(path_Receipt + "button_Continue")): Object: 'Object Repository/AdminSuiteBootstrap_Pages/VT_Bootstrap/Receipt/button_Continue' is clicked on

2022-04-01 00:16:16 - [MESSAGE][PASSED] - Object: 'Object Repository/AdminSuiteBootstrap_Pages/VT_Bootstrap/Receipt/button_Continue' is clicked on

2022-04-01 00:16:16 - [TEST_STEP][PASSED] - click(findTestObject(path_VT + "a_Search Transactions")): Object: 'Object Repository/AdminSuiteBootstrap_Pages/VT_Bootstrap/IssueTransactions/a_Search Transactions' is clicked on

2022-04-01 00:16:18 - [MESSAGE][PASSED] - Object: 'Object Repository/AdminSuiteBootstrap_Pages/VT_Bootstrap/IssueTransactions/a_Search Transactions' is clicked on

2022-04-01 00:16:18 - [TEST_STEP][PASSED] - setText(findTestObject(path_CCSearch + "input_Search By_searchValue"), remID): Text 'AutoSin040122001405697Ahm' is set on object 'Object Repository/AdminSuiteBootstrap_Pages/VT_Bootstrap/CCCreditOrVoidSearch/input_Search By_searchValue'

2022-04-01 00:16:18 - [MESSAGE][PASSED] - Text 'AutoSin040122001405697Ahm' is set on object 'Object Repository/AdminSuiteBootstrap_Pages/VT_Bootstrap/CCCreditOrVoidSearch/input_Search By_searchValue'

2022-04-01 00:16:18 - [TEST_STEP][PASSED] - click(findTestObject(path_CCSearch + "button_Submit")): Object: 'Object Repository/AdminSuiteBootstrap_Pages/VT_Bootstrap/CCCreditOrVoidSearch/button_Submit' is clicked on

2022-04-01 00:16:19 - [MESSAGE][PASSED] - Object: 'Object Repository/AdminSuiteBootstrap_Pages/VT_Bootstrap/CCCreditOrVoidSearch/button_Submit' is clicked on

2022-04-01 00:16:19 - [TEST_STEP][PASSED] - fgr = getText(findTestObject(path_SearchResults + "div_Payment ID")): Text of object 'Object Repository/AdminSuiteBootstrap_Pages/VT_Bootstrap/SearchResults/div_Payment ID' is: 'Payment ID
Payment Type
Transaction Type
Remittance ID
Name
Total Amount
End Date
Status
12114291 Credit Card Authorization and Capture AutoSin040122001405697Ahm Janaki James $15.50 04/01/2022 Success'

2022-04-01 00:16:20 - [MESSAGE][PASSED] - Text of object 'Object Repository/AdminSuiteBootstrap_Pages/VT_Bootstrap/SearchResults/div_Payment ID' is: 'Payment ID
Payment Type
Transaction Type
Remittance ID
Name
Total Amount
End Date
Status
12114291 Credit Card Authorization and Capture AutoSin040122001405697Ahm Janaki James $15.50 04/01/2022 Success'

2022-04-01 00:16:20 - [TEST_STEP][PASSED] - payID = substring(89, 98).trim(): null

2022-04-01 00:16:20 - [TEST_STEP][PASSED] - out.println("payID: " + payID): null

2022-04-01 00:16:20 - [TEST_STEP][PASSED] - click(findTestObject(path_SearchResults + "button_PaymentID")): Object: 'Object Repository/AdminSuiteBootstrap_Pages/VT_Bootstrap/SearchResults/button_PaymentID' is clicked on

2022-04-01 00:16:21 - [MESSAGE][PASSED] - Object: 'Object Repository/AdminSuiteBootstrap_Pages/VT_Bootstrap/SearchResults/button_PaymentID' is clicked on

2022-04-01 00:16:21 - [TEST_STEP][PASSED] - verifyTextPresent("Tender Type", true): Text 'Tender Type' is present on page  using regular expression

2022-04-01 00:16:21 - [MESSAGE][PASSED] - Text 'Tender Type' is present on page  using regular expression

2022-04-01 00:16:21 - [TEST_STEP][PASSED] - verifyTextPresent("Credit Card", true): Text 'Credit Card' is present on page  using regular expression

2022-04-01 00:16:21 - [MESSAGE][PASSED] - Text 'Credit Card' is present on page  using regular expression

2022-04-01 00:16:21 - [TEST_STEP][PASSED] - verifyTextPresent("Transaction Type", true): Text 'Transaction Type' is present on page  using regular expression

2022-04-01 00:16:22 - [MESSAGE][PASSED] - Text 'Transaction Type' is present on page  using regular expression

2022-04-01 00:16:22 - [TEST_STEP][PASSED] - verifyTextPresent("Authorization and Capture", true): Text 'Authorization and Capture' is present on page  using regular expression

2022-04-01 00:16:22 - [MESSAGE][PASSED] - Text 'Authorization and Capture' is present on page  using regular expression

2022-04-01 00:16:22 - [TEST_STEP][PASSED] - verifyTextPresent("Transaction Posted by", true): Text 'Transaction Posted by' is present on page  using regular expression

2022-04-01 00:16:22 - [MESSAGE][PASSED] - Text 'Transaction Posted by' is present on page  using regular expression

2022-04-01 00:16:23 - [TEST_STEP][PASSED] - verifyTextPresent("iahmed", true): Text 'iahmed' is present on page  using regular expression

2022-04-01 00:16:23 - [MESSAGE][PASSED] - Text 'iahmed' is present on page  using regular expression

2022-04-01 00:16:23 - [TEST_STEP][PASSED] - click(findTestObject(path_TranxDetails + "a_Credit this transaction")): Object: 'Object Repository/AdminSuiteBootstrap_Pages/VT_Bootstrap/TransactionDetails/a_Credit this transaction' is clicked on

2022-04-01 00:16:24 - [MESSAGE][PASSED] - Object: 'Object Repository/AdminSuiteBootstrap_Pages/VT_Bootstrap/TransactionDetails/a_Credit this transaction' is clicked on

2022-04-01 00:16:24 - [TEST_STEP][PASSED] - verifyTextPresent("Credit Card Credit", true): Text 'Credit Card Credit' is present on page  using regular expression

2022-04-01 00:16:25 - [MESSAGE][PASSED] - Text 'Credit Card Credit' is present on page  using regular expression

2022-04-01 00:16:25 - [TEST_STEP][PASSED] - partialCardNumber = findTestData(dataFile).getValue("AutoCreditNumber", row): null

2022-04-01 00:16:25 - [TEST_STEP][PASSED] - setText(findTestObject(path_TranxDetails + "input_cardMiddle"), partialCardNumber): Text '4631220000' is set on object 'Object Repository/AdminSuiteBootstrap_Pages/VT_Bootstrap/TransactionDetails/input_cardMiddle'

2022-04-01 00:16:26 - [MESSAGE][PASSED] - Text '4631220000' is set on object 'Object Repository/AdminSuiteBootstrap_Pages/VT_Bootstrap/TransactionDetails/input_cardMiddle'

2022-04-01 00:16:26 - [TEST_STEP][PASSED] - click(findTestObject(path_TranxDetails + "button_Submit")): Object: 'Object Repository/AdminSuiteBootstrap_Pages/VT_Bootstrap/TransactionDetails/button_Submit' is clicked on

2022-04-01 00:16:27 - [MESSAGE][PASSED] - Object: 'Object Repository/AdminSuiteBootstrap_Pages/VT_Bootstrap/TransactionDetails/button_Submit' is clicked on

2022-04-01 00:16:27 - [TEST_STEP][PASSED] - verifyTextPresent("Transaction Successful", true): Text 'Transaction Successful' is present on page  using regular expression

2022-04-01 00:16:28 - [MESSAGE][PASSED] - Text 'Transaction Successful' is present on page  using regular expression

2022-04-01 00:16:28 - [TEST_STEP][PASSED] - verifyTextPresent("Transaction Type", true): Text 'Transaction Type' is present on page  using regular expression

2022-04-01 00:16:28 - [MESSAGE][PASSED] - Text 'Transaction Type' is present on page  using regular expression

2022-04-01 00:16:28 - [TEST_STEP][PASSED] - verifyTextPresent("Credit", true): Text 'Credit' is present on page  using regular expression

2022-04-01 00:16:28 - [MESSAGE][PASSED] - Text 'Credit' is present on page  using regular expression

2022-04-01 00:16:28 - [TEST_STEP][PASSED] - closeBrowser(): Browser is closed

2022-04-01 00:16:29 - [MESSAGE][PASSED] - Browser is closed

2022-04-01 00:16:29 - [TEST_STEP][PASSED] - ExecuteTC = findTestData(dataFile).getValue("Execute", row): null

2022-04-01 00:16:29 - [TEST_STEP][PASSED] - out.println("Value of Execute is : " + ExecuteTC): null

2022-04-01 00:16:29 - [TEST_STEP][PASSED] - switch (executionProfile): null

2022-04-01 00:16:29 - [TEST_STEP][PASSED] - case "QAProfile":: null

2022-04-01 00:16:29 - [TEST_STEP][PASSED] - appName = findTestData(dataFile).getValue("AppNameQA", row): null

2022-04-01 00:16:29 - [TEST_STEP][PASSED] - appID = findTestData(dataFile).getValue("AppIDQA", row): null

2022-04-01 00:16:30 - [TEST_STEP][PASSED] - break: null

2022-04-01 00:16:30 - [TEST_STEP][PASSED] - hrefAppID = li_1 + appID + li_2: null

2022-04-01 00:16:30 - [TEST_STEP][PASSED] - hrefApp = li_1 + appID + "/": null

2022-04-01 00:16:30 - [TEST_STEP][PASSED] - println("hrefApp : " + hrefApp): null

2022-04-01 00:16:30 - [TEST_STEP][PASSED] - if (ExecuteTC.equalsIgnoreCase("Y")): null

2022-04-01 00:16:30 - [TEST_STEP][PASSED] - out.println("Begin Record Number: " + row): null

2022-04-01 00:16:30 - [TEST_STEP][PASSED] - today = new java.util.Date(): null

2022-04-01 00:16:30 - [TEST_STEP][PASSED] - println(today): null

2022-04-01 00:16:30 - [TEST_STEP][PASSED] - datText = today: null

2022-04-01 00:16:30 - [TEST_STEP][PASSED] - adminSuiteBootstrap.loginFunctionality.login_AdminSuite(): adminSuiteBootstrap.loginFunctionality.login_AdminSuite is PASSED

2022-04-01 00:16:30 - [MESSAGE][INFO] - Starting 'Chrome' driver

2022-04-01 00:16:30 - [MESSAGE][INFO] - User set preference: ['acceptInsecureCerts', 'true']

2022-04-01 00:16:30 - [MESSAGE][INFO] - Action delay is set to 0 milliseconds

2022-04-01 00:16:32 - [MESSAGE][PASSED] - Browser is opened with url: 'https://qa.velocitypayment.com/admin/imtiaz'

2022-04-01 00:16:32 - [MESSAGE][PASSED] - Current window maximized

2022-04-01 00:16:32 - [MESSAGE][PASSED] - Object 'Object Repository/Login_Page/Login_Username' is present

2022-04-01 00:16:33 - [MESSAGE][PASSED] - Text 'iahmed' is set on object 'Object Repository/Login_Page/Login_Username'

2022-04-01 00:16:34 - [MESSAGE][PASSED] - Text 'hello2222' is set on object 'Object Repository/Login_Page/Login_Password'

2022-04-01 00:16:37 - [MESSAGE][PASSED] - Object: 'Object Repository/Login_Page/Login_Submit' is clicked on

2022-04-01 00:16:37 - [MESSAGE][PASSED] - adminSuiteBootstrap.loginFunctionality.login_AdminSuite is PASSED

2022-04-01 00:16:37 - [TEST_STEP][PASSED] - click(findTestObject(path_Dashboard + appName)): Object: 'Object Repository/AdminSuiteBootstrap_Pages/Dashboard_Bootstrap/a_Access AutoSingleCFtpQA' is clicked on

2022-04-01 00:16:38 - [MESSAGE][PASSED] - Object: 'Object Repository/AdminSuiteBootstrap_Pages/Dashboard_Bootstrap/a_Access AutoSingleCFtpQA' is clicked on

2022-04-01 00:16:38 - [TEST_STEP][PASSED] - click(findTestObject(path_VT + "button_Authorization  Capture (Sale)")): Object: 'Object Repository/AdminSuiteBootstrap_Pages/VT_Bootstrap/IssueTransactions/button_Authorization  Capture (Sale)' is clicked on

2022-04-01 00:16:38 - [MESSAGE][PASSED] - Object: 'Object Repository/AdminSuiteBootstrap_Pages/VT_Bootstrap/IssueTransactions/button_Authorization  Capture (Sale)' is clicked on

2022-04-01 00:16:38 - [TEST_STEP][PASSED] - saleKeyboardEntryLink = modifyObjectProperty(findTestObject(path_VT + "a_KeyboardEntry_Sale"), "href", "equals", hrefAppID, true): Modify property of object successfully

2022-04-01 00:16:38 - [MESSAGE][PASSED] - Modify property of object successfully

2022-04-01 00:16:38 - [TEST_STEP][PASSED] - click(saleKeyboardEntryLink): Object: 'Object Repository/AdminSuiteBootstrap_Pages/VT_Bootstrap/IssueTransactions/a_KeyboardEntry_Sale' is clicked on

2022-04-01 00:16:39 - [MESSAGE][PASSED] - Object: 'Object Repository/AdminSuiteBootstrap_Pages/VT_Bootstrap/IssueTransactions/a_KeyboardEntry_Sale' is clicked on

2022-04-01 00:16:39 - [TEST_STEP][PASSED] - adminSuiteBootstrap.virtualTerminalSetData.saleKeyboard_DataDriven(row, dataFile): adminSuiteBootstrap.virtualTerminalSetData.saleKeyboard_DataDriven is PASSED

2022-04-01 00:16:42 - [MESSAGE][PASSED] - Text 'Janaki James' is set on object 'Object Repository/AdminSuiteBootstrap_Pages/VT_Bootstrap/SaleKeyboard/input_cardName'

2022-04-01 00:16:43 - [MESSAGE][PASSED] - All options with value 'MOTO' are selected in object 'Object Repository/AdminSuiteBootstrap_Pages/VT_Bootstrap/SaleKeyboard/select_transactionCategory'  using regular expression

2022-04-01 00:16:43 - [MESSAGE][PASSED] - Execute JavaScript 'arguments[0].value ='371449635392376' ' successfully

2022-04-01 00:16:44 - [MESSAGE][PASSED] - Execute JavaScript 'arguments[0].value ='123' ' successfully

2022-04-01 00:16:45 - [MESSAGE][PASSED] - All options with value '12' are selected in object 'Object Repository/AdminSuiteBootstrap_Pages/VT_Bootstrap/SaleKeyboard/select_MM'  using regular expression

2022-04-01 00:16:46 - [MESSAGE][PASSED] - All options with value '2025' are selected in object 'Object Repository/AdminSuiteBootstrap_Pages/VT_Bootstrap/SaleKeyboard/select_YYYY'  using regular expression

2022-04-01 00:16:47 - [MESSAGE][PASSED] - Text '550 Swan Lake' is set on object 'Object Repository/AdminSuiteBootstrap_Pages/VT_Bootstrap/SaleKeyboard/input__address'

2022-04-01 00:16:48 - [MESSAGE][PASSED] - Text 'Suite 500' is set on object 'Object Repository/AdminSuiteBootstrap_Pages/VT_Bootstrap/SaleKeyboard/input__address2'

2022-04-01 00:16:48 - [MESSAGE][PASSED] - Text '22201' is set on object 'Object Repository/AdminSuiteBootstrap_Pages/VT_Bootstrap/SaleKeyboard/input__zip'

2022-04-01 00:16:49 - [MESSAGE][PASSED] - Text '' is set on object 'Object Repository/AdminSuiteBootstrap_Pages/VT_Bootstrap/SaleKeyboard/input_emailAddress'

2022-04-01 00:16:50 - [MESSAGE][PASSED] - Text '' is set on object 'Object Repository/AdminSuiteBootstrap_Pages/VT_Bootstrap/SaleKeyboard/input_smsNumber'

2022-04-01 00:16:51 - [MESSAGE][PASSED] - Text '10.50' is set on object 'Object Repository/AdminSuiteBootstrap_Pages/VT_Bootstrap/SaleKeyboard/input_amount'

2022-04-01 00:16:52 - [MESSAGE][PASSED] - Text 'Australia' is set on object 'Object Repository/AdminSuiteBootstrap_Pages/VT_Bootstrap/SaleKeyboard/input_userDefined1'

2022-04-01 00:16:53 - [MESSAGE][PASSED] - Text 'Denmark' is set on object 'Object Repository/AdminSuiteBootstrap_Pages/VT_Bootstrap/SaleKeyboard/input_userDefined2'

2022-04-01 00:16:54 - [MESSAGE][PASSED] - Text 'Sweden' is set on object 'Object Repository/AdminSuiteBootstrap_Pages/VT_Bootstrap/SaleKeyboard/input_userDefined3'

2022-04-01 00:16:54 - [MESSAGE][PASSED] - Text 'Austria' is set on object 'Object Repository/AdminSuiteBootstrap_Pages/VT_Bootstrap/SaleKeyboard/input_userDefined4'

2022-04-01 00:16:55 - [MESSAGE][PASSED] - All options with label 'Orange' are selected in object 'Object Repository/AdminSuiteBootstrap_Pages/VT_Bootstrap/SaleKeyboard/select_UDF5_DropDown'  using regular expression

2022-04-01 00:16:56 - [MESSAGE][PASSED] - All options with label 'Yellow' are selected in object 'Object Repository/AdminSuiteBootstrap_Pages/VT_Bootstrap/SaleKeyboard/select_UDF6_DropDown'  using regular expression

2022-04-01 00:16:57 - [MESSAGE][PASSED] - Text 'Norway' is set on object 'Object Repository/AdminSuiteBootstrap_Pages/VT_Bootstrap/SaleKeyboard/input_userDefined7'

2022-04-01 00:16:58 - [MESSAGE][PASSED] - Text 'Netherlands' is set on object 'Object Repository/AdminSuiteBootstrap_Pages/VT_Bootstrap/SaleKeyboard/input_userDefined8'

2022-04-01 00:16:58 - [MESSAGE][PASSED] - Text 'Switzerland' is set on object 'Object Repository/AdminSuiteBootstrap_Pages/VT_Bootstrap/SaleKeyboard/input_userDefined9'

2022-04-01 00:16:59 - [MESSAGE][PASSED] - Text 'France' is set on object 'Object Repository/AdminSuiteBootstrap_Pages/VT_Bootstrap/SaleKeyboard/input_userDefined10'

2022-04-01 00:17:01 - [MESSAGE][PASSED] - Object: 'Object Repository/AdminSuiteBootstrap_Pages/VT_Bootstrap/SaleKeyboard/button_Submit' is clicked on

2022-04-01 00:17:01 - [MESSAGE][PASSED] - adminSuiteBootstrap.virtualTerminalSetData.saleKeyboard_DataDriven is PASSED

2022-04-01 00:17:01 - [TEST_STEP][PASSED] - if (verifyTextPresent("Transaction Successful", true)): null

2022-04-01 00:17:01 - [MESSAGE][PASSED] - Text 'Transaction Successful' is present on page  using regular expression

2022-04-01 00:17:01 - [TEST_STEP][PASSED] - sdf = getText(findTestObject(path_Receipt + "td_AutoNoC031622113752957Ahm")): Text of object 'Object Repository/AdminSuiteBootstrap_Pages/VT_Bootstrap/Receipt/td_AutoNoC031622113752957Ahm' is: 'AutoSin040122001451917Ahm'

2022-04-01 00:17:02 - [MESSAGE][PASSED] - Text of object 'Object Repository/AdminSuiteBootstrap_Pages/VT_Bootstrap/Receipt/td_AutoNoC031622113752957Ahm' is: 'AutoSin040122001451917Ahm'

2022-04-01 00:17:02 - [TEST_STEP][PASSED] - out.println("sdf: " + sdf): null

2022-04-01 00:17:02 - [TEST_STEP][PASSED] - remID = sdf: null

2022-04-01 00:17:02 - [TEST_STEP][PASSED] - out.println("remID: " + remID): null

2022-04-01 00:17:02 - [TEST_STEP][PASSED] - click(findTestObject(path_Receipt + "button_Continue")): Object: 'Object Repository/AdminSuiteBootstrap_Pages/VT_Bootstrap/Receipt/button_Continue' is clicked on

2022-04-01 00:17:02 - [MESSAGE][PASSED] - Object: 'Object Repository/AdminSuiteBootstrap_Pages/VT_Bootstrap/Receipt/button_Continue' is clicked on

2022-04-01 00:17:02 - [TEST_STEP][PASSED] - click(findTestObject(path_VT + "a_Search Transactions")): Object: 'Object Repository/AdminSuiteBootstrap_Pages/VT_Bootstrap/IssueTransactions/a_Search Transactions' is clicked on

2022-04-01 00:17:03 - [MESSAGE][PASSED] - Object: 'Object Repository/AdminSuiteBootstrap_Pages/VT_Bootstrap/IssueTransactions/a_Search Transactions' is clicked on

2022-04-01 00:17:03 - [TEST_STEP][PASSED] - setText(findTestObject(path_CCSearch + "input_Search By_searchValue"), remID): Text 'AutoSin040122001451917Ahm' is set on object 'Object Repository/AdminSuiteBootstrap_Pages/VT_Bootstrap/CCCreditOrVoidSearch/input_Search By_searchValue'

2022-04-01 00:17:04 - [MESSAGE][PASSED] - Text 'AutoSin040122001451917Ahm' is set on object 'Object Repository/AdminSuiteBootstrap_Pages/VT_Bootstrap/CCCreditOrVoidSearch/input_Search By_searchValue'

2022-04-01 00:17:04 - [TEST_STEP][PASSED] - click(findTestObject(path_CCSearch + "button_Submit")): Object: 'Object Repository/AdminSuiteBootstrap_Pages/VT_Bootstrap/CCCreditOrVoidSearch/button_Submit' is clicked on

2022-04-01 00:17:05 - [MESSAGE][PASSED] - Object: 'Object Repository/AdminSuiteBootstrap_Pages/VT_Bootstrap/CCCreditOrVoidSearch/button_Submit' is clicked on

2022-04-01 00:17:05 - [TEST_STEP][PASSED] - fgr = getText(findTestObject(path_SearchResults + "div_Payment ID")): Text of object 'Object Repository/AdminSuiteBootstrap_Pages/VT_Bootstrap/SearchResults/div_Payment ID' is: 'Payment ID
Payment Type
Transaction Type
Remittance ID
Name
Total Amount
End Date
Status
12114293 Credit Card Authorization and Capture AutoSin040122001451917Ahm Janaki James $15.50 04/01/2022 Success'

2022-04-01 00:17:06 - [MESSAGE][PASSED] - Text of object 'Object Repository/AdminSuiteBootstrap_Pages/VT_Bootstrap/SearchResults/div_Payment ID' is: 'Payment ID
Payment Type
Transaction Type
Remittance ID
Name
Total Amount
End Date
Status
12114293 Credit Card Authorization and Capture AutoSin040122001451917Ahm Janaki James $15.50 04/01/2022 Success'

2022-04-01 00:17:06 - [TEST_STEP][PASSED] - payID = substring(89, 98).trim(): null

2022-04-01 00:17:06 - [TEST_STEP][PASSED] - out.println("payID: " + payID): null

2022-04-01 00:17:06 - [TEST_STEP][PASSED] - click(findTestObject(path_SearchResults + "button_PaymentID")): Object: 'Object Repository/AdminSuiteBootstrap_Pages/VT_Bootstrap/SearchResults/button_PaymentID' is clicked on

2022-04-01 00:17:06 - [MESSAGE][PASSED] - Object: 'Object Repository/AdminSuiteBootstrap_Pages/VT_Bootstrap/SearchResults/button_PaymentID' is clicked on

2022-04-01 00:17:06 - [TEST_STEP][PASSED] - verifyTextPresent("Tender Type", true): Text 'Tender Type' is present on page  using regular expression

2022-04-01 00:17:07 - [MESSAGE][PASSED] - Text 'Tender Type' is present on page  using regular expression

2022-04-01 00:17:07 - [TEST_STEP][PASSED] - verifyTextPresent("Credit Card", true): Text 'Credit Card' is present on page  using regular expression

2022-04-01 00:17:07 - [MESSAGE][PASSED] - Text 'Credit Card' is present on page  using regular expression

2022-04-01 00:17:07 - [TEST_STEP][PASSED] - verifyTextPresent("Transaction Type", true): Text 'Transaction Type' is present on page  using regular expression

2022-04-01 00:17:08 - [MESSAGE][PASSED] - Text 'Transaction Type' is present on page  using regular expression

2022-04-01 00:17:08 - [TEST_STEP][PASSED] - verifyTextPresent("Authorization and Capture", true): Text 'Authorization and Capture' is present on page  using regular expression

2022-04-01 00:17:08 - [MESSAGE][PASSED] - Text 'Authorization and Capture' is present on page  using regular expression

2022-04-01 00:17:08 - [TEST_STEP][PASSED] - verifyTextPresent("Transaction Posted by", true): Text 'Transaction Posted by' is present on page  using regular expression

2022-04-01 00:17:08 - [MESSAGE][PASSED] - Text 'Transaction Posted by' is present on page  using regular expression

2022-04-01 00:17:08 - [TEST_STEP][PASSED] - verifyTextPresent("iahmed", true): Text 'iahmed' is present on page  using regular expression

2022-04-01 00:17:09 - [MESSAGE][PASSED] - Text 'iahmed' is present on page  using regular expression

2022-04-01 00:17:09 - [TEST_STEP][PASSED] - click(findTestObject(path_TranxDetails + "a_Credit this transaction")): Object: 'Object Repository/AdminSuiteBootstrap_Pages/VT_Bootstrap/TransactionDetails/a_Credit this transaction' is clicked on

2022-04-01 00:17:10 - [MESSAGE][PASSED] - Object: 'Object Repository/AdminSuiteBootstrap_Pages/VT_Bootstrap/TransactionDetails/a_Credit this transaction' is clicked on

2022-04-01 00:17:10 - [TEST_STEP][PASSED] - verifyTextPresent("Credit Card Credit", true): Text 'Credit Card Credit' is present on page  using regular expression

2022-04-01 00:17:11 - [MESSAGE][PASSED] - Text 'Credit Card Credit' is present on page  using regular expression

2022-04-01 00:17:11 - [TEST_STEP][PASSED] - partialCardNumber = findTestData(dataFile).getValue("AutoCreditNumber", row): null

2022-04-01 00:17:11 - [TEST_STEP][PASSED] - setText(findTestObject(path_TranxDetails + "input_cardMiddle"), partialCardNumber): Text '144963539' is set on object 'Object Repository/AdminSuiteBootstrap_Pages/VT_Bootstrap/TransactionDetails/input_cardMiddle'

2022-04-01 00:17:12 - [MESSAGE][PASSED] - Text '144963539' is set on object 'Object Repository/AdminSuiteBootstrap_Pages/VT_Bootstrap/TransactionDetails/input_cardMiddle'

2022-04-01 00:17:12 - [TEST_STEP][PASSED] - click(findTestObject(path_TranxDetails + "button_Submit")): Object: 'Object Repository/AdminSuiteBootstrap_Pages/VT_Bootstrap/TransactionDetails/button_Submit' is clicked on

2022-04-01 00:17:13 - [MESSAGE][PASSED] - Object: 'Object Repository/AdminSuiteBootstrap_Pages/VT_Bootstrap/TransactionDetails/button_Submit' is clicked on

2022-04-01 00:17:13 - [TEST_STEP][PASSED] - verifyTextPresent("Transaction Successful", true): Text 'Transaction Successful' is present on page  using regular expression

2022-04-01 00:17:14 - [MESSAGE][PASSED] - Text 'Transaction Successful' is present on page  using regular expression

2022-04-01 00:17:14 - [TEST_STEP][PASSED] - verifyTextPresent("Transaction Type", true): Text 'Transaction Type' is present on page  using regular expression

2022-04-01 00:17:14 - [MESSAGE][PASSED] - Text 'Transaction Type' is present on page  using regular expression

2022-04-01 00:17:14 - [TEST_STEP][PASSED] - verifyTextPresent("Credit", true): Text 'Credit' is present on page  using regular expression

2022-04-01 00:17:14 - [MESSAGE][PASSED] - Text 'Credit' is present on page  using regular expression

2022-04-01 00:17:14 - [TEST_STEP][PASSED] - closeBrowser(): Browser is closed

2022-04-01 00:17:15 - [MESSAGE][PASSED] - Browser is closed

2022-04-01 00:17:15 - [TEST_STEP][PASSED] - ExecuteTC = findTestData(dataFile).getValue("Execute", row): null

2022-04-01 00:17:15 - [TEST_STEP][PASSED] - out.println("Value of Execute is : " + ExecuteTC): null

2022-04-01 00:17:15 - [TEST_STEP][PASSED] - switch (executionProfile): null

2022-04-01 00:17:15 - [TEST_STEP][PASSED] - case "QAProfile":: null

2022-04-01 00:17:15 - [TEST_STEP][PASSED] - appName = findTestData(dataFile).getValue("AppNameQA", row): null

2022-04-01 00:17:16 - [TEST_STEP][PASSED] - appID = findTestData(dataFile).getValue("AppIDQA", row): null

2022-04-01 00:17:16 - [TEST_STEP][PASSED] - break: null

2022-04-01 00:17:16 - [TEST_STEP][PASSED] - hrefAppID = li_1 + appID + li_2: null

2022-04-01 00:17:16 - [TEST_STEP][PASSED] - hrefApp = li_1 + appID + "/": null

2022-04-01 00:17:16 - [TEST_STEP][PASSED] - println("hrefApp : " + hrefApp): null

2022-04-01 00:17:16 - [TEST_STEP][PASSED] - if (ExecuteTC.equalsIgnoreCase("Y")): null

2022-04-01 00:17:16 - [TEST_STEP][PASSED] - out.println("Begin Record Number: " + row): null

2022-04-01 00:17:16 - [TEST_STEP][PASSED] - today = new java.util.Date(): null

2022-04-01 00:17:16 - [TEST_STEP][PASSED] - println(today): null

2022-04-01 00:17:16 - [TEST_STEP][PASSED] - datText = today: null

2022-04-01 00:17:16 - [TEST_STEP][PASSED] - adminSuiteBootstrap.loginFunctionality.login_AdminSuite(): adminSuiteBootstrap.loginFunctionality.login_AdminSuite is PASSED

2022-04-01 00:17:16 - [MESSAGE][INFO] - Starting 'Chrome' driver

2022-04-01 00:17:16 - [MESSAGE][INFO] - User set preference: ['acceptInsecureCerts', 'true']

2022-04-01 00:17:16 - [MESSAGE][INFO] - Action delay is set to 0 milliseconds

2022-04-01 00:17:18 - [MESSAGE][PASSED] - Browser is opened with url: 'https://qa.velocitypayment.com/admin/imtiaz'

2022-04-01 00:17:18 - [MESSAGE][PASSED] - Current window maximized

2022-04-01 00:17:19 - [MESSAGE][PASSED] - Object 'Object Repository/Login_Page/Login_Username' is present

2022-04-01 00:17:19 - [MESSAGE][PASSED] - Text 'iahmed' is set on object 'Object Repository/Login_Page/Login_Username'

2022-04-01 00:17:20 - [MESSAGE][PASSED] - Text 'hello2222' is set on object 'Object Repository/Login_Page/Login_Password'

2022-04-01 00:17:23 - [MESSAGE][PASSED] - Object: 'Object Repository/Login_Page/Login_Submit' is clicked on

2022-04-01 00:17:23 - [MESSAGE][PASSED] - adminSuiteBootstrap.loginFunctionality.login_AdminSuite is PASSED

2022-04-01 00:17:23 - [TEST_STEP][PASSED] - click(findTestObject(path_Dashboard + appName)): Object: 'Object Repository/AdminSuiteBootstrap_Pages/Dashboard_Bootstrap/a_Access AutoSingleCFtpQA' is clicked on

2022-04-01 00:17:24 - [MESSAGE][PASSED] - Object: 'Object Repository/AdminSuiteBootstrap_Pages/Dashboard_Bootstrap/a_Access AutoSingleCFtpQA' is clicked on

2022-04-01 00:17:24 - [TEST_STEP][PASSED] - click(findTestObject(path_VT + "button_Authorization  Capture (Sale)")): Object: 'Object Repository/AdminSuiteBootstrap_Pages/VT_Bootstrap/IssueTransactions/button_Authorization  Capture (Sale)' is clicked on

2022-04-01 00:17:24 - [MESSAGE][PASSED] - Object: 'Object Repository/AdminSuiteBootstrap_Pages/VT_Bootstrap/IssueTransactions/button_Authorization  Capture (Sale)' is clicked on

2022-04-01 00:17:24 - [TEST_STEP][PASSED] - saleKeyboardEntryLink = modifyObjectProperty(findTestObject(path_VT + "a_KeyboardEntry_Sale"), "href", "equals", hrefAppID, true): Modify property of object successfully

2022-04-01 00:17:24 - [MESSAGE][PASSED] - Modify property of object successfully

2022-04-01 00:17:24 - [TEST_STEP][PASSED] - click(saleKeyboardEntryLink): Object: 'Object Repository/AdminSuiteBootstrap_Pages/VT_Bootstrap/IssueTransactions/a_KeyboardEntry_Sale' is clicked on

2022-04-01 00:17:25 - [MESSAGE][PASSED] - Object: 'Object Repository/AdminSuiteBootstrap_Pages/VT_Bootstrap/IssueTransactions/a_KeyboardEntry_Sale' is clicked on

2022-04-01 00:17:25 - [TEST_STEP][PASSED] - adminSuiteBootstrap.virtualTerminalSetData.saleKeyboard_DataDriven(row, dataFile): adminSuiteBootstrap.virtualTerminalSetData.saleKeyboard_DataDriven is PASSED

2022-04-01 00:17:28 - [MESSAGE][PASSED] - Text 'Janaki James' is set on object 'Object Repository/AdminSuiteBootstrap_Pages/VT_Bootstrap/SaleKeyboard/input_cardName'

2022-04-01 00:17:29 - [MESSAGE][PASSED] - All options with value 'MOTO' are selected in object 'Object Repository/AdminSuiteBootstrap_Pages/VT_Bootstrap/SaleKeyboard/select_transactionCategory'  using regular expression

2022-04-01 00:17:29 - [MESSAGE][PASSED] - Execute JavaScript 'arguments[0].value ='6011000993026909' ' successfully

2022-04-01 00:17:29 - [MESSAGE][PASSED] - Execute JavaScript 'arguments[0].value ='123' ' successfully

2022-04-01 00:17:31 - [MESSAGE][PASSED] - All options with value '12' are selected in object 'Object Repository/AdminSuiteBootstrap_Pages/VT_Bootstrap/SaleKeyboard/select_MM'  using regular expression

2022-04-01 00:17:32 - [MESSAGE][PASSED] - All options with value '2025' are selected in object 'Object Repository/AdminSuiteBootstrap_Pages/VT_Bootstrap/SaleKeyboard/select_YYYY'  using regular expression

2022-04-01 00:17:33 - [MESSAGE][PASSED] - Text '25987 Hill Top' is set on object 'Object Repository/AdminSuiteBootstrap_Pages/VT_Bootstrap/SaleKeyboard/input__address'

2022-04-01 00:17:33 - [MESSAGE][PASSED] - Text 'Suite 500' is set on object 'Object Repository/AdminSuiteBootstrap_Pages/VT_Bootstrap/SaleKeyboard/input__address2'

2022-04-01 00:17:34 - [MESSAGE][PASSED] - Text '22201' is set on object 'Object Repository/AdminSuiteBootstrap_Pages/VT_Bootstrap/SaleKeyboard/input__zip'

2022-04-01 00:17:35 - [MESSAGE][PASSED] - Text '' is set on object 'Object Repository/AdminSuiteBootstrap_Pages/VT_Bootstrap/SaleKeyboard/input_emailAddress'

2022-04-01 00:17:36 - [MESSAGE][PASSED] - Text '' is set on object 'Object Repository/AdminSuiteBootstrap_Pages/VT_Bootstrap/SaleKeyboard/input_smsNumber'

2022-04-01 00:17:37 - [MESSAGE][PASSED] - Text '10.50' is set on object 'Object Repository/AdminSuiteBootstrap_Pages/VT_Bootstrap/SaleKeyboard/input_amount'

2022-04-01 00:17:38 - [MESSAGE][PASSED] - Text 'Australia' is set on object 'Object Repository/AdminSuiteBootstrap_Pages/VT_Bootstrap/SaleKeyboard/input_userDefined1'

2022-04-01 00:17:38 - [MESSAGE][PASSED] - Text 'Denmark' is set on object 'Object Repository/AdminSuiteBootstrap_Pages/VT_Bootstrap/SaleKeyboard/input_userDefined2'

2022-04-01 00:17:39 - [MESSAGE][PASSED] - Text 'Sweden' is set on object 'Object Repository/AdminSuiteBootstrap_Pages/VT_Bootstrap/SaleKeyboard/input_userDefined3'

2022-04-01 00:17:40 - [MESSAGE][PASSED] - Text 'Austria' is set on object 'Object Repository/AdminSuiteBootstrap_Pages/VT_Bootstrap/SaleKeyboard/input_userDefined4'

2022-04-01 00:17:41 - [MESSAGE][PASSED] - All options with label 'Orange' are selected in object 'Object Repository/AdminSuiteBootstrap_Pages/VT_Bootstrap/SaleKeyboard/select_UDF5_DropDown'  using regular expression

2022-04-01 00:17:42 - [MESSAGE][PASSED] - All options with label 'Yellow' are selected in object 'Object Repository/AdminSuiteBootstrap_Pages/VT_Bootstrap/SaleKeyboard/select_UDF6_DropDown'  using regular expression

2022-04-01 00:17:43 - [MESSAGE][PASSED] - Text 'Norway' is set on object 'Object Repository/AdminSuiteBootstrap_Pages/VT_Bootstrap/SaleKeyboard/input_userDefined7'

2022-04-01 00:17:43 - [MESSAGE][PASSED] - Text 'Netherlands' is set on object 'Object Repository/AdminSuiteBootstrap_Pages/VT_Bootstrap/SaleKeyboard/input_userDefined8'

2022-04-01 00:17:44 - [MESSAGE][PASSED] - Text 'Switzerland' is set on object 'Object Repository/AdminSuiteBootstrap_Pages/VT_Bootstrap/SaleKeyboard/input_userDefined9'

2022-04-01 00:17:45 - [MESSAGE][PASSED] - Text 'France' is set on object 'Object Repository/AdminSuiteBootstrap_Pages/VT_Bootstrap/SaleKeyboard/input_userDefined10'

2022-04-01 00:17:46 - [MESSAGE][PASSED] - Object: 'Object Repository/AdminSuiteBootstrap_Pages/VT_Bootstrap/SaleKeyboard/button_Submit' is clicked on

2022-04-01 00:17:46 - [MESSAGE][PASSED] - adminSuiteBootstrap.virtualTerminalSetData.saleKeyboard_DataDriven is PASSED

2022-04-01 00:17:46 - [TEST_STEP][PASSED] - if (verifyTextPresent("Transaction Successful", true)): null

2022-04-01 00:17:47 - [MESSAGE][PASSED] - Text 'Transaction Successful' is present on page  using regular expression

2022-04-01 00:17:47 - [TEST_STEP][PASSED] - sdf = getText(findTestObject(path_Receipt + "td_AutoNoC031622113752957Ahm")): Text of object 'Object Repository/AdminSuiteBootstrap_Pages/VT_Bootstrap/Receipt/td_AutoNoC031622113752957Ahm' is: 'AutoSin040122001537650Ahm'

2022-04-01 00:17:47 - [MESSAGE][PASSED] - Text of object 'Object Repository/AdminSuiteBootstrap_Pages/VT_Bootstrap/Receipt/td_AutoNoC031622113752957Ahm' is: 'AutoSin040122001537650Ahm'

2022-04-01 00:17:47 - [TEST_STEP][PASSED] - out.println("sdf: " + sdf): null

2022-04-01 00:17:47 - [TEST_STEP][PASSED] - remID = sdf: null

2022-04-01 00:17:47 - [TEST_STEP][PASSED] - out.println("remID: " + remID): null

2022-04-01 00:17:47 - [TEST_STEP][PASSED] - click(findTestObject(path_Receipt + "button_Continue")): Object: 'Object Repository/AdminSuiteBootstrap_Pages/VT_Bootstrap/Receipt/button_Continue' is clicked on

2022-04-01 00:17:48 - [MESSAGE][PASSED] - Object: 'Object Repository/AdminSuiteBootstrap_Pages/VT_Bootstrap/Receipt/button_Continue' is clicked on

2022-04-01 00:17:48 - [TEST_STEP][PASSED] - click(findTestObject(path_VT + "a_Search Transactions")): Object: 'Object Repository/AdminSuiteBootstrap_Pages/VT_Bootstrap/IssueTransactions/a_Search Transactions' is clicked on

2022-04-01 00:17:49 - [MESSAGE][PASSED] - Object: 'Object Repository/AdminSuiteBootstrap_Pages/VT_Bootstrap/IssueTransactions/a_Search Transactions' is clicked on

2022-04-01 00:17:49 - [TEST_STEP][PASSED] - setText(findTestObject(path_CCSearch + "input_Search By_searchValue"), remID): Text 'AutoSin040122001537650Ahm' is set on object 'Object Repository/AdminSuiteBootstrap_Pages/VT_Bootstrap/CCCreditOrVoidSearch/input_Search By_searchValue'

2022-04-01 00:17:50 - [MESSAGE][PASSED] - Text 'AutoSin040122001537650Ahm' is set on object 'Object Repository/AdminSuiteBootstrap_Pages/VT_Bootstrap/CCCreditOrVoidSearch/input_Search By_searchValue'

2022-04-01 00:17:50 - [TEST_STEP][PASSED] - click(findTestObject(path_CCSearch + "button_Submit")): Object: 'Object Repository/AdminSuiteBootstrap_Pages/VT_Bootstrap/CCCreditOrVoidSearch/button_Submit' is clicked on

2022-04-01 00:17:51 - [MESSAGE][PASSED] - Object: 'Object Repository/AdminSuiteBootstrap_Pages/VT_Bootstrap/CCCreditOrVoidSearch/button_Submit' is clicked on

2022-04-01 00:17:51 - [TEST_STEP][PASSED] - fgr = getText(findTestObject(path_SearchResults + "div_Payment ID")): Text of object 'Object Repository/AdminSuiteBootstrap_Pages/VT_Bootstrap/SearchResults/div_Payment ID' is: 'Payment ID
Payment Type
Transaction Type
Remittance ID
Name
Total Amount
End Date
Status
12114295 Credit Card Authorization and Capture AutoSin040122001537650Ahm Janaki James $15.50 04/01/2022 Success'

2022-04-01 00:17:51 - [MESSAGE][PASSED] - Text of object 'Object Repository/AdminSuiteBootstrap_Pages/VT_Bootstrap/SearchResults/div_Payment ID' is: 'Payment ID
Payment Type
Transaction Type
Remittance ID
Name
Total Amount
End Date
Status
12114295 Credit Card Authorization and Capture AutoSin040122001537650Ahm Janaki James $15.50 04/01/2022 Success'

2022-04-01 00:17:51 - [TEST_STEP][PASSED] - payID = substring(89, 98).trim(): null

2022-04-01 00:17:51 - [TEST_STEP][PASSED] - out.println("payID: " + payID): null

2022-04-01 00:17:51 - [TEST_STEP][PASSED] - click(findTestObject(path_SearchResults + "button_PaymentID")): Object: 'Object Repository/AdminSuiteBootstrap_Pages/VT_Bootstrap/SearchResults/button_PaymentID' is clicked on

2022-04-01 00:17:52 - [MESSAGE][PASSED] - Object: 'Object Repository/AdminSuiteBootstrap_Pages/VT_Bootstrap/SearchResults/button_PaymentID' is clicked on

2022-04-01 00:17:52 - [TEST_STEP][PASSED] - verifyTextPresent("Tender Type", true): Text 'Tender Type' is present on page  using regular expression

2022-04-01 00:17:52 - [MESSAGE][PASSED] - Text 'Tender Type' is present on page  using regular expression

2022-04-01 00:17:52 - [TEST_STEP][PASSED] - verifyTextPresent("Credit Card", true): Text 'Credit Card' is present on page  using regular expression

2022-04-01 00:17:53 - [MESSAGE][PASSED] - Text 'Credit Card' is present on page  using regular expression

2022-04-01 00:17:53 - [TEST_STEP][PASSED] - verifyTextPresent("Transaction Type", true): Text 'Transaction Type' is present on page  using regular expression

2022-04-01 00:17:53 - [MESSAGE][PASSED] - Text 'Transaction Type' is present on page  using regular expression

2022-04-01 00:17:53 - [TEST_STEP][PASSED] - verifyTextPresent("Authorization and Capture", true): Text 'Authorization and Capture' is present on page  using regular expression

2022-04-01 00:17:53 - [MESSAGE][PASSED] - Text 'Authorization and Capture' is present on page  using regular expression

2022-04-01 00:17:53 - [TEST_STEP][PASSED] - verifyTextPresent("Transaction Posted by", true): Text 'Transaction Posted by' is present on page  using regular expression

2022-04-01 00:17:54 - [MESSAGE][PASSED] - Text 'Transaction Posted by' is present on page  using regular expression

2022-04-01 00:17:54 - [TEST_STEP][PASSED] - verifyTextPresent("iahmed", true): Text 'iahmed' is present on page  using regular expression

2022-04-01 00:17:54 - [MESSAGE][PASSED] - Text 'iahmed' is present on page  using regular expression

2022-04-01 00:17:54 - [TEST_STEP][PASSED] - click(findTestObject(path_TranxDetails + "a_Credit this transaction")): Object: 'Object Repository/AdminSuiteBootstrap_Pages/VT_Bootstrap/TransactionDetails/a_Credit this transaction' is clicked on

2022-04-01 00:17:55 - [MESSAGE][PASSED] - Object: 'Object Repository/AdminSuiteBootstrap_Pages/VT_Bootstrap/TransactionDetails/a_Credit this transaction' is clicked on

2022-04-01 00:17:55 - [TEST_STEP][PASSED] - verifyTextPresent("Credit Card Credit", true): Text 'Credit Card Credit' is present on page  using regular expression

2022-04-01 00:17:56 - [MESSAGE][PASSED] - Text 'Credit Card Credit' is present on page  using regular expression

2022-04-01 00:17:56 - [TEST_STEP][PASSED] - partialCardNumber = findTestData(dataFile).getValue("AutoCreditNumber", row): null

2022-04-01 00:17:56 - [TEST_STEP][PASSED] - setText(findTestObject(path_TranxDetails + "input_cardMiddle"), partialCardNumber): Text '1100099302' is set on object 'Object Repository/AdminSuiteBootstrap_Pages/VT_Bootstrap/TransactionDetails/input_cardMiddle'

2022-04-01 00:17:57 - [MESSAGE][PASSED] - Text '1100099302' is set on object 'Object Repository/AdminSuiteBootstrap_Pages/VT_Bootstrap/TransactionDetails/input_cardMiddle'

2022-04-01 00:17:57 - [TEST_STEP][PASSED] - click(findTestObject(path_TranxDetails + "button_Submit")): Object: 'Object Repository/AdminSuiteBootstrap_Pages/VT_Bootstrap/TransactionDetails/button_Submit' is clicked on

2022-04-01 00:17:58 - [MESSAGE][PASSED] - Object: 'Object Repository/AdminSuiteBootstrap_Pages/VT_Bootstrap/TransactionDetails/button_Submit' is clicked on

2022-04-01 00:17:58 - [TEST_STEP][PASSED] - verifyTextPresent("Transaction Successful", true): Text 'Transaction Successful' is present on page  using regular expression

2022-04-01 00:17:59 - [MESSAGE][PASSED] - Text 'Transaction Successful' is present on page  using regular expression

2022-04-01 00:17:59 - [TEST_STEP][PASSED] - verifyTextPresent("Transaction Type", true): Text 'Transaction Type' is present on page  using regular expression

2022-04-01 00:17:59 - [MESSAGE][PASSED] - Text 'Transaction Type' is present on page  using regular expression

2022-04-01 00:17:59 - [TEST_STEP][PASSED] - verifyTextPresent("Credit", true): Text 'Credit' is present on page  using regular expression

2022-04-01 00:18:00 - [MESSAGE][PASSED] - Text 'Credit' is present on page  using regular expression

2022-04-01 00:18:00 - [TEST_STEP][PASSED] - closeBrowser(): Browser is closed

2022-04-01 00:18:00 - [MESSAGE][PASSED] - Browser is closed]]></system-out>
         <system-err><![CDATA[]]></system-err>
      </testcase>
      <testcase name="Test Cases/Admin Suite Bootstrap/VT_TestCases/SaleKeyboard_TP_EncryptedUDF_App745_Payment_TC" time="95.077" classname="Test Cases/Admin Suite Bootstrap/VT_TestCases/SaleKeyboard_TP_EncryptedUDF_App745_Payment_TC" status="PASSED">
         <system-out><![CDATA[2022-04-01 00:18:00 - [TEST_CASE][PASSED] - Test Cases/Admin Suite Bootstrap/VT_TestCases/SaleKeyboard_TP_EncryptedUDF_App745_Payment_TC: Test Cases/Admin Suite Bootstrap/VT_TestCases/SaleKeyboard_TP_EncryptedUDF_App745_Payment_TC

2022-04-01 00:18:01 - [TEST_STEP][PASSED] - path_Dashboard = "Object Repository/AdminSuiteBootstrap_Pages/Dashboard_Bootstrap/": null

2022-04-01 00:18:01 - [TEST_STEP][PASSED] - path_VT = "Object Repository/AdminSuiteBootstrap_Pages/VT_Bootstrap/IssueTransactions/": null

2022-04-01 00:18:01 - [TEST_STEP][PASSED] - path_SaleKB = "Object Repository/AdminSuiteBootstrap_Pages/VT_Bootstrap/SaleKeyboard/": null

2022-04-01 00:18:01 - [TEST_STEP][PASSED] - path_TestMinus = "Object Repository/Page_TestMinusAndAtSigns/": null

2022-04-01 00:18:01 - [TEST_STEP][PASSED] - li_1 = vpos_Prefix: null

2022-04-01 00:18:01 - [TEST_STEP][PASSED] - li_2 = "/transactions/AuthCapForm/": null

2022-04-01 00:18:01 - [TEST_STEP][PASSED] - executionProfile = getExecutionProfile(): null

2022-04-01 00:18:01 - [TEST_STEP][PASSED] - out.println("executionProfile : " + executionProfile): null

2022-04-01 00:18:01 - [TEST_STEP][PASSED] - appName = <not implemented yet for class: org.codehaus.groovy.ast.expr.EmptyExpression>: null

2022-04-01 00:18:01 - [TEST_STEP][PASSED] - appID = <not implemented yet for class: org.codehaus.groovy.ast.expr.EmptyExpression>: null

2022-04-01 00:18:01 - [TEST_STEP][PASSED] - cardNameV = <not implemented yet for class: org.codehaus.groovy.ast.expr.EmptyExpression>: null

2022-04-01 00:18:01 - [TEST_STEP][PASSED] - al1V = <not implemented yet for class: org.codehaus.groovy.ast.expr.EmptyExpression>: null

2022-04-01 00:18:01 - [TEST_STEP][PASSED] - al2V = <not implemented yet for class: org.codehaus.groovy.ast.expr.EmptyExpression>: null

2022-04-01 00:18:01 - [TEST_STEP][PASSED] - zipV = <not implemented yet for class: org.codehaus.groovy.ast.expr.EmptyExpression>: null

2022-04-01 00:18:01 - [TEST_STEP][PASSED] - cardTypeV = <not implemented yet for class: org.codehaus.groovy.ast.expr.EmptyExpression>: null

2022-04-01 00:18:01 - [TEST_STEP][PASSED] - last4V = <not implemented yet for class: org.codehaus.groovy.ast.expr.EmptyExpression>: null

2022-04-01 00:18:01 - [TEST_STEP][PASSED] - resText = "Fail": null

2022-04-01 00:18:01 - [TEST_STEP][PASSED] - resColumn = "Result": null

2022-04-01 00:18:01 - [TEST_STEP][PASSED] - datCloumn = "Date": null

2022-04-01 00:18:01 - [TEST_STEP][PASSED] - fileLoc = "C:\KatalonData\Bootstrap\VT-Misc-Data.xlsx": null

2022-04-01 00:18:01 - [TEST_STEP][PASSED] - numOfRows = <not implemented yet for class: org.codehaus.groovy.ast.expr.EmptyExpression>: null

2022-04-01 00:18:01 - [TEST_STEP][PASSED] - dataFile = <not implemented yet for class: org.codehaus.groovy.ast.expr.EmptyExpression>: null

2022-04-01 00:18:01 - [TEST_STEP][PASSED] - nameSheet = <not implemented yet for class: org.codehaus.groovy.ast.expr.EmptyExpression>: null

2022-04-01 00:18:01 - [TEST_STEP][PASSED] - nameSheet = "Sale-EncryptedUDF": null

2022-04-01 00:18:01 - [TEST_STEP][PASSED] - numOfRows = findTestData("QA/Bootstrap/VT-TestData/VT-SaleEncryptedData").getRowNumbers(): null

2022-04-01 00:18:01 - [TEST_STEP][PASSED] - println("Number of Records: " + numOfRows): null

2022-04-01 00:18:01 - [TEST_STEP][PASSED] - dataFile = "QA/Bootstrap/VT-TestData/VT-SaleEncryptedData": null

2022-04-01 00:18:01 - [TEST_STEP][PASSED] - for ([row = 1, row <= numOfRows, (row++)]): Browser is closed

2022-04-01 00:18:01 - [TEST_STEP][PASSED] - ExecuteTC = findTestData(dataFile).getValue("Execute", row): null

2022-04-01 00:18:01 - [TEST_STEP][PASSED] - out.println("Value of Execute is : " + ExecuteTC): null

2022-04-01 00:18:01 - [TEST_STEP][PASSED] - appName = findTestData(dataFile).getValue("AppName", row): null

2022-04-01 00:18:01 - [TEST_STEP][PASSED] - appID = findTestData(dataFile).getValue("AppID", row): null

2022-04-01 00:18:01 - [TEST_STEP][PASSED] - hrefAppID = li_1 + appID + li_2: null

2022-04-01 00:18:01 - [TEST_STEP][PASSED] - hrefApp = li_1 + appID + "/": null

2022-04-01 00:18:01 - [TEST_STEP][PASSED] - println("hrefApp : " + hrefApp): null

2022-04-01 00:18:01 - [TEST_STEP][PASSED] - if (ExecuteTC.equalsIgnoreCase("Y")): Browser is closed

2022-04-01 00:18:01 - [TEST_STEP][PASSED] - out.println("Begin Record Number: " + row): null

2022-04-01 00:18:01 - [TEST_STEP][PASSED] - today = new java.util.Date(): null

2022-04-01 00:18:01 - [TEST_STEP][PASSED] - println(today): null

2022-04-01 00:18:01 - [TEST_STEP][PASSED] - datText = today: null

2022-04-01 00:18:01 - [TEST_STEP][PASSED] - adminSuiteBootstrap.loginFunctionality.login_AdminSuite(): adminSuiteBootstrap.loginFunctionality.login_AdminSuite is PASSED

2022-04-01 00:18:01 - [MESSAGE][INFO] - Starting 'Chrome' driver

2022-04-01 00:18:01 - [MESSAGE][INFO] - User set preference: ['acceptInsecureCerts', 'true']

2022-04-01 00:18:01 - [MESSAGE][INFO] - Action delay is set to 0 milliseconds

2022-04-01 00:18:03 - [MESSAGE][PASSED] - Browser is opened with url: 'https://qa.velocitypayment.com/admin/imtiaz'

2022-04-01 00:18:03 - [MESSAGE][PASSED] - Current window maximized

2022-04-01 00:18:04 - [MESSAGE][PASSED] - Object 'Object Repository/Login_Page/Login_Username' is present

2022-04-01 00:18:04 - [MESSAGE][PASSED] - Text 'iahmed' is set on object 'Object Repository/Login_Page/Login_Username'

2022-04-01 00:18:05 - [MESSAGE][PASSED] - Text 'hello2222' is set on object 'Object Repository/Login_Page/Login_Password'

2022-04-01 00:18:08 - [MESSAGE][PASSED] - Object: 'Object Repository/Login_Page/Login_Submit' is clicked on

2022-04-01 00:18:08 - [MESSAGE][PASSED] - adminSuiteBootstrap.loginFunctionality.login_AdminSuite is PASSED

2022-04-01 00:18:08 - [TEST_STEP][PASSED] - click(findTestObject(path_Dashboard + appName)): Object: 'Object Repository/AdminSuiteBootstrap_Pages/Dashboard_Bootstrap/a_Access AutoEncryptedUDF' is clicked on

2022-04-01 00:18:09 - [MESSAGE][PASSED] - Object: 'Object Repository/AdminSuiteBootstrap_Pages/Dashboard_Bootstrap/a_Access AutoEncryptedUDF' is clicked on

2022-04-01 00:18:09 - [TEST_STEP][PASSED] - click(findTestObject(path_VT + "button_Authorization  Capture (Sale)")): Object: 'Object Repository/AdminSuiteBootstrap_Pages/VT_Bootstrap/IssueTransactions/button_Authorization  Capture (Sale)' is clicked on

2022-04-01 00:18:09 - [MESSAGE][PASSED] - Object: 'Object Repository/AdminSuiteBootstrap_Pages/VT_Bootstrap/IssueTransactions/button_Authorization  Capture (Sale)' is clicked on

2022-04-01 00:18:09 - [TEST_STEP][PASSED] - saleKeyboardEntryLink = modifyObjectProperty(findTestObject(path_VT + "a_KeyboardEntry_Sale"), "href", "equals", hrefAppID, true): Modify property of object successfully

2022-04-01 00:18:09 - [MESSAGE][PASSED] - Modify property of object successfully

2022-04-01 00:18:09 - [TEST_STEP][PASSED] - click(saleKeyboardEntryLink): Object: 'Object Repository/AdminSuiteBootstrap_Pages/VT_Bootstrap/IssueTransactions/a_KeyboardEntry_Sale' is clicked on

2022-04-01 00:18:10 - [MESSAGE][PASSED] - Object: 'Object Repository/AdminSuiteBootstrap_Pages/VT_Bootstrap/IssueTransactions/a_KeyboardEntry_Sale' is clicked on

2022-04-01 00:18:10 - [TEST_STEP][PASSED] - canName = findTestData(dataFile).getValue("CAN", row): null

2022-04-01 00:18:10 - [TEST_STEP][PASSED] - setText(findTestObject(path_SaleKB + "input_clientAccountNumber"), canName): Text 'CAN101' is set on object 'Object Repository/AdminSuiteBootstrap_Pages/VT_Bootstrap/SaleKeyboard/input_clientAccountNumber'

2022-04-01 00:18:11 - [MESSAGE][PASSED] - Text 'CAN101' is set on object 'Object Repository/AdminSuiteBootstrap_Pages/VT_Bootstrap/SaleKeyboard/input_clientAccountNumber'

2022-04-01 00:18:11 - [TEST_STEP][PASSED] - adminSuiteBootstrap.virtualTerminalSetData.saleKeyboard_DataDriven(row, dataFile): adminSuiteBootstrap.virtualTerminalSetData.saleKeyboard_DataDriven is PASSED

2022-04-01 00:18:13 - [MESSAGE][PASSED] - Text 'Tulsi Raman' is set on object 'Object Repository/AdminSuiteBootstrap_Pages/VT_Bootstrap/SaleKeyboard/input_cardName'

2022-04-01 00:18:14 - [MESSAGE][PASSED] - All options with value 'RETL' are selected in object 'Object Repository/AdminSuiteBootstrap_Pages/VT_Bootstrap/SaleKeyboard/select_transactionCategory'  using regular expression

2022-04-01 00:18:14 - [MESSAGE][PASSED] - Execute JavaScript 'arguments[0].value ='4012000098765439' ' successfully

2022-04-01 00:18:15 - [MESSAGE][PASSED] - Execute JavaScript 'arguments[0].value ='123' ' successfully

2022-04-01 00:18:16 - [MESSAGE][PASSED] - All options with value '12' are selected in object 'Object Repository/AdminSuiteBootstrap_Pages/VT_Bootstrap/SaleKeyboard/select_MM'  using regular expression

2022-04-01 00:18:17 - [MESSAGE][PASSED] - All options with value '2025' are selected in object 'Object Repository/AdminSuiteBootstrap_Pages/VT_Bootstrap/SaleKeyboard/select_YYYY'  using regular expression

2022-04-01 00:18:18 - [MESSAGE][PASSED] - Text '36 Cornor Road' is set on object 'Object Repository/AdminSuiteBootstrap_Pages/VT_Bootstrap/SaleKeyboard/input__address'

2022-04-01 00:18:18 - [MESSAGE][PASSED] - Text 'Suite 500' is set on object 'Object Repository/AdminSuiteBootstrap_Pages/VT_Bootstrap/SaleKeyboard/input__address2'

2022-04-01 00:18:19 - [MESSAGE][PASSED] - Text '22201' is set on object 'Object Repository/AdminSuiteBootstrap_Pages/VT_Bootstrap/SaleKeyboard/input__zip'

2022-04-01 00:18:20 - [MESSAGE][PASSED] - Text '' is set on object 'Object Repository/AdminSuiteBootstrap_Pages/VT_Bootstrap/SaleKeyboard/input_emailAddress'

2022-04-01 00:18:21 - [MESSAGE][PASSED] - Text '' is set on object 'Object Repository/AdminSuiteBootstrap_Pages/VT_Bootstrap/SaleKeyboard/input_smsNumber'

2022-04-01 00:18:22 - [MESSAGE][PASSED] - Text '10.50' is set on object 'Object Repository/AdminSuiteBootstrap_Pages/VT_Bootstrap/SaleKeyboard/input_amount'

2022-04-01 00:18:23 - [MESSAGE][PASSED] - Text 'Australia' is set on object 'Object Repository/AdminSuiteBootstrap_Pages/VT_Bootstrap/SaleKeyboard/input_userDefined1'

2022-04-01 00:18:23 - [MESSAGE][PASSED] - Text 'Denmark' is set on object 'Object Repository/AdminSuiteBootstrap_Pages/VT_Bootstrap/SaleKeyboard/input_userDefined2'

2022-04-01 00:18:24 - [MESSAGE][PASSED] - Text 'Sweden' is set on object 'Object Repository/AdminSuiteBootstrap_Pages/VT_Bootstrap/SaleKeyboard/input_userDefined3'

2022-04-01 00:18:25 - [MESSAGE][PASSED] - Text 'Austria' is set on object 'Object Repository/AdminSuiteBootstrap_Pages/VT_Bootstrap/SaleKeyboard/input_userDefined4'

2022-04-01 00:18:26 - [MESSAGE][PASSED] - All options with label 'Orange' are selected in object 'Object Repository/AdminSuiteBootstrap_Pages/VT_Bootstrap/SaleKeyboard/select_UDF5_DropDown'  using regular expression

2022-04-01 00:18:27 - [MESSAGE][PASSED] - All options with label 'Yellow' are selected in object 'Object Repository/AdminSuiteBootstrap_Pages/VT_Bootstrap/SaleKeyboard/select_UDF6_DropDown'  using regular expression

2022-04-01 00:18:28 - [MESSAGE][PASSED] - Text 'Norway' is set on object 'Object Repository/AdminSuiteBootstrap_Pages/VT_Bootstrap/SaleKeyboard/input_userDefined7'

2022-04-01 00:18:28 - [MESSAGE][PASSED] - Text 'Netherlands' is set on object 'Object Repository/AdminSuiteBootstrap_Pages/VT_Bootstrap/SaleKeyboard/input_userDefined8'

2022-04-01 00:18:29 - [MESSAGE][PASSED] - Text 'Switzerland' is set on object 'Object Repository/AdminSuiteBootstrap_Pages/VT_Bootstrap/SaleKeyboard/input_userDefined9'

2022-04-01 00:18:30 - [MESSAGE][PASSED] - Text 'France' is set on object 'Object Repository/AdminSuiteBootstrap_Pages/VT_Bootstrap/SaleKeyboard/input_userDefined10'

2022-04-01 00:18:33 - [MESSAGE][PASSED] - Object: 'Object Repository/AdminSuiteBootstrap_Pages/VT_Bootstrap/SaleKeyboard/button_Submit' is clicked on

2022-04-01 00:18:33 - [MESSAGE][PASSED] - adminSuiteBootstrap.virtualTerminalSetData.saleKeyboard_DataDriven is PASSED

2022-04-01 00:18:33 - [TEST_STEP][PASSED] - verifyTextPresent("Transaction Successful", true): Text 'Transaction Successful' is present on page  using regular expression

2022-04-01 00:18:33 - [MESSAGE][PASSED] - Text 'Transaction Successful' is present on page  using regular expression

2022-04-01 00:18:33 - [TEST_STEP][PASSED] - verifyTextPresent("Remittance ID", true): Text 'Remittance ID' is present on page  using regular expression

2022-04-01 00:18:34 - [MESSAGE][PASSED] - Text 'Remittance ID' is present on page  using regular expression

2022-04-01 00:18:34 - [TEST_STEP][PASSED] - verifyTextPresent("Received", true): Text 'Received' is present on page  using regular expression

2022-04-01 00:18:34 - [MESSAGE][PASSED] - Text 'Received' is present on page  using regular expression

2022-04-01 00:18:34 - [TEST_STEP][PASSED] - verifyTextNotPresent("UDF1", true): Text 'UDF1' is not present on page using regular expression

2022-04-01 00:18:34 - [MESSAGE][PASSED] - Text 'UDF1' is not present on page using regular expression

2022-04-01 00:18:34 - [TEST_STEP][PASSED] - verifyTextNotPresent("UDF2", true): Text 'UDF2' is not present on page using regular expression

2022-04-01 00:18:35 - [MESSAGE][PASSED] - Text 'UDF2' is not present on page using regular expression

2022-04-01 00:18:35 - [TEST_STEP][PASSED] - verifyTextPresent("UDF3", true): Text 'UDF3' is present on page  using regular expression

2022-04-01 00:18:35 - [MESSAGE][PASSED] - Text 'UDF3' is present on page  using regular expression

2022-04-01 00:18:35 - [TEST_STEP][PASSED] - verifyTextPresent("UDF4", true): Text 'UDF4' is present on page  using regular expression

2022-04-01 00:18:35 - [MESSAGE][PASSED] - Text 'UDF4' is present on page  using regular expression

2022-04-01 00:18:35 - [TEST_STEP][PASSED] - verifyTextNotPresent("UDF5", true): Text 'UDF5' is not present on page using regular expression

2022-04-01 00:18:36 - [MESSAGE][PASSED] - Text 'UDF5' is not present on page using regular expression

2022-04-01 00:18:36 - [TEST_STEP][PASSED] - verifyTextPresent("UDF6", true): Text 'UDF6' is present on page  using regular expression

2022-04-01 00:18:36 - [MESSAGE][PASSED] - Text 'UDF6' is present on page  using regular expression

2022-04-01 00:18:36 - [TEST_STEP][PASSED] - verifyTextPresent("UDF7", true): Text 'UDF7' is present on page  using regular expression

2022-04-01 00:18:36 - [MESSAGE][PASSED] - Text 'UDF7' is present on page  using regular expression

2022-04-01 00:18:36 - [TEST_STEP][PASSED] - verifyTextPresent("UDF8", true): Text 'UDF8' is present on page  using regular expression

2022-04-01 00:18:37 - [MESSAGE][PASSED] - Text 'UDF8' is present on page  using regular expression

2022-04-01 00:18:37 - [TEST_STEP][PASSED] - verifyTextPresent("UDF9", true): Text 'UDF9' is present on page  using regular expression

2022-04-01 00:18:37 - [MESSAGE][PASSED] - Text 'UDF9' is present on page  using regular expression

2022-04-01 00:18:37 - [TEST_STEP][PASSED] - verifyTextPresent("UDF 10", true): Text 'UDF 10' is present on page  using regular expression

2022-04-01 00:18:37 - [MESSAGE][PASSED] - Text 'UDF 10' is present on page  using regular expression

2022-04-01 00:18:37 - [TEST_STEP][PASSED] - verifyTextNotPresent("Australia", true): Text 'Australia' is not present on page using regular expression

2022-04-01 00:18:38 - [MESSAGE][PASSED] - Text 'Australia' is not present on page using regular expression

2022-04-01 00:18:38 - [TEST_STEP][PASSED] - verifyTextNotPresent("Denmark", true): Text 'Denmark' is not present on page using regular expression

2022-04-01 00:18:38 - [MESSAGE][PASSED] - Text 'Denmark' is not present on page using regular expression

2022-04-01 00:18:38 - [TEST_STEP][PASSED] - verifyTextPresent("Sweden", true): Text 'Sweden' is present on page  using regular expression

2022-04-01 00:18:38 - [MESSAGE][PASSED] - Text 'Sweden' is present on page  using regular expression

2022-04-01 00:18:38 - [TEST_STEP][PASSED] - verifyTextPresent("Austria", true): Text 'Austria' is present on page  using regular expression

2022-04-01 00:18:39 - [MESSAGE][PASSED] - Text 'Austria' is present on page  using regular expression

2022-04-01 00:18:39 - [TEST_STEP][PASSED] - verifyTextNotPresent("Orange Recorded", true): Text 'Orange Recorded' is not present on page using regular expression

2022-04-01 00:18:39 - [MESSAGE][PASSED] - Text 'Orange Recorded' is not present on page using regular expression

2022-04-01 00:18:39 - [TEST_STEP][PASSED] - verifyTextPresent("Yellow Recorded", true): Text 'Yellow Recorded' is present on page  using regular expression

2022-04-01 00:18:39 - [MESSAGE][PASSED] - Text 'Yellow Recorded' is present on page  using regular expression

2022-04-01 00:18:39 - [TEST_STEP][PASSED] - verifyTextPresent("Norway", true): Text 'Norway' is present on page  using regular expression

2022-04-01 00:18:40 - [MESSAGE][PASSED] - Text 'Norway' is present on page  using regular expression

2022-04-01 00:18:40 - [TEST_STEP][PASSED] - verifyTextPresent("Netherlands", true): Text 'Netherlands' is present on page  using regular expression

2022-04-01 00:18:40 - [MESSAGE][PASSED] - Text 'Netherlands' is present on page  using regular expression

2022-04-01 00:18:40 - [TEST_STEP][PASSED] - verifyTextPresent("Switzerland", true): Text 'Switzerland' is present on page  using regular expression

2022-04-01 00:18:40 - [MESSAGE][PASSED] - Text 'Switzerland' is present on page  using regular expression

2022-04-01 00:18:40 - [TEST_STEP][PASSED] - verifyTextPresent("France", true): Text 'France' is present on page  using regular expression

2022-04-01 00:18:41 - [MESSAGE][PASSED] - Text 'France' is present on page  using regular expression

2022-04-01 00:18:41 - [TEST_STEP][PASSED] - verifyTextPresent("Amount", true): Text 'Amount' is present on page  using regular expression

2022-04-01 00:18:41 - [MESSAGE][PASSED] - Text 'Amount' is present on page  using regular expression

2022-04-01 00:18:41 - [TEST_STEP][PASSED] - verifyTextPresent("Total Amount", true): Text 'Total Amount' is present on page  using regular expression

2022-04-01 00:18:41 - [MESSAGE][PASSED] - Text 'Total Amount' is present on page  using regular expression

2022-04-01 00:18:41 - [TEST_STEP][PASSED] - verifyTextPresent("Transaction Type", true): Text 'Transaction Type' is present on page  using regular expression

2022-04-01 00:18:42 - [MESSAGE][PASSED] - Text 'Transaction Type' is present on page  using regular expression

2022-04-01 00:18:42 - [TEST_STEP][PASSED] - verifyTextPresent("10.50", true): Text '10.50' is present on page  using regular expression

2022-04-01 00:18:42 - [MESSAGE][PASSED] - Text '10.50' is present on page  using regular expression

2022-04-01 00:18:42 - [TEST_STEP][PASSED] - verifyTextPresent("Authorization and Capture", true): Text 'Authorization and Capture' is present on page  using regular expression

2022-04-01 00:18:42 - [MESSAGE][PASSED] - Text 'Authorization and Capture' is present on page  using regular expression

2022-04-01 00:18:42 - [TEST_STEP][PASSED] - verifyTextPresent("Card Information", true): Text 'Card Information' is present on page  using regular expression

2022-04-01 00:18:43 - [MESSAGE][PASSED] - Text 'Card Information' is present on page  using regular expression

2022-04-01 00:18:43 - [TEST_STEP][PASSED] - cardNameV = findTestData(dataFile).getValue("CardNameV", row): null

2022-04-01 00:18:43 - [TEST_STEP][PASSED] - al1V = findTestData(dataFile).getValue("AL1", row): null

2022-04-01 00:18:43 - [TEST_STEP][PASSED] - al2V = findTestData(dataFile).getValue("AL2", row): null

2022-04-01 00:18:43 - [TEST_STEP][PASSED] - zipV = findTestData(dataFile).getValue("ZIP", row): null

2022-04-01 00:18:43 - [TEST_STEP][PASSED] - cardTypeV = findTestData(dataFile).getValue("CardType", row): null

2022-04-01 00:18:43 - [TEST_STEP][PASSED] - last4V = findTestData(dataFile).getValue("Last4", row): null

2022-04-01 00:18:43 - [TEST_STEP][PASSED] - verifyTextPresent(cardNameV, true): Text 'TULSI RAMAN' is present on page  using regular expression

2022-04-01 00:18:43 - [MESSAGE][PASSED] - Text 'TULSI RAMAN' is present on page  using regular expression

2022-04-01 00:18:43 - [TEST_STEP][PASSED] - verifyTextPresent("Address Line 1", true): Text 'Address Line 1' is present on page  using regular expression

2022-04-01 00:18:44 - [MESSAGE][PASSED] - Text 'Address Line 1' is present on page  using regular expression

2022-04-01 00:18:44 - [TEST_STEP][PASSED] - verifyTextPresent("Address Line 2", true): Text 'Address Line 2' is present on page  using regular expression

2022-04-01 00:18:44 - [MESSAGE][PASSED] - Text 'Address Line 2' is present on page  using regular expression

2022-04-01 00:18:44 - [TEST_STEP][PASSED] - verifyTextPresent("Country", true): Text 'Country' is present on page  using regular expression

2022-04-01 00:18:44 - [MESSAGE][PASSED] - Text 'Country' is present on page  using regular expression

2022-04-01 00:18:44 - [TEST_STEP][PASSED] - verifyTextPresent("City", true): Text 'City' is present on page  using regular expression

2022-04-01 00:18:45 - [MESSAGE][PASSED] - Text 'City' is present on page  using regular expression

2022-04-01 00:18:45 - [TEST_STEP][PASSED] - verifyTextPresent("State", true): Text 'State' is present on page  using regular expression

2022-04-01 00:18:45 - [MESSAGE][PASSED] - Text 'State' is present on page  using regular expression

2022-04-01 00:18:45 - [TEST_STEP][PASSED] - verifyTextPresent("ZIP Code", true): Text 'ZIP Code' is present on page  using regular expression

2022-04-01 00:18:45 - [MESSAGE][PASSED] - Text 'ZIP Code' is present on page  using regular expression

2022-04-01 00:18:45 - [TEST_STEP][PASSED] - verifyTextPresent(al1V, true): Text '36 Cornor Road' is present on page  using regular expression

2022-04-01 00:18:46 - [MESSAGE][PASSED] - Text '36 Cornor Road' is present on page  using regular expression

2022-04-01 00:18:46 - [TEST_STEP][PASSED] - verifyTextPresent(al2V, true): Text 'Suite 500' is present on page  using regular expression

2022-04-01 00:18:46 - [MESSAGE][PASSED] - Text 'Suite 500' is present on page  using regular expression

2022-04-01 00:18:46 - [TEST_STEP][PASSED] - verifyTextPresent("United States", true): Text 'United States' is present on page  using regular expression

2022-04-01 00:18:46 - [MESSAGE][PASSED] - Text 'United States' is present on page  using regular expression

2022-04-01 00:18:46 - [TEST_STEP][PASSED] - verifyTextPresent("ARLINGTON", true): Text 'ARLINGTON' is present on page  using regular expression

2022-04-01 00:18:47 - [MESSAGE][PASSED] - Text 'ARLINGTON' is present on page  using regular expression

2022-04-01 00:18:47 - [TEST_STEP][PASSED] - verifyTextPresent("Virginia", true): Text 'Virginia' is present on page  using regular expression

2022-04-01 00:18:47 - [MESSAGE][PASSED] - Text 'Virginia' is present on page  using regular expression

2022-04-01 00:18:47 - [TEST_STEP][PASSED] - verifyTextPresent(zipV, true): Text '22201' is present on page  using regular expression

2022-04-01 00:18:47 - [MESSAGE][PASSED] - Text '22201' is present on page  using regular expression

2022-04-01 00:18:47 - [TEST_STEP][PASSED] - verifyTextPresent(cardTypeV, true): Text 'Visa' is present on page  using regular expression

2022-04-01 00:18:48 - [MESSAGE][PASSED] - Text 'Visa' is present on page  using regular expression

2022-04-01 00:18:48 - [TEST_STEP][PASSED] - verifyTextPresent(last4V, true): Text '5439' is present on page  using regular expression

2022-04-01 00:18:48 - [MESSAGE][PASSED] - Text '5439' is present on page  using regular expression

2022-04-01 00:18:48 - [TEST_STEP][PASSED] - closeBrowser(): Browser is closed

2022-04-01 00:18:49 - [MESSAGE][PASSED] - Browser is closed

2022-04-01 00:18:49 - [TEST_STEP][PASSED] - ExecuteTC = findTestData(dataFile).getValue("Execute", row): null

2022-04-01 00:18:49 - [TEST_STEP][PASSED] - out.println("Value of Execute is : " + ExecuteTC): null

2022-04-01 00:18:49 - [TEST_STEP][PASSED] - appName = findTestData(dataFile).getValue("AppName", row): null

2022-04-01 00:18:49 - [TEST_STEP][PASSED] - appID = findTestData(dataFile).getValue("AppID", row): null

2022-04-01 00:18:49 - [TEST_STEP][PASSED] - hrefAppID = li_1 + appID + li_2: null

2022-04-01 00:18:49 - [TEST_STEP][PASSED] - hrefApp = li_1 + appID + "/": null

2022-04-01 00:18:49 - [TEST_STEP][PASSED] - println("hrefApp : " + hrefApp): null

2022-04-01 00:18:49 - [TEST_STEP][PASSED] - if (ExecuteTC.equalsIgnoreCase("Y")): Browser is closed

2022-04-01 00:18:49 - [TEST_STEP][PASSED] - out.println("Begin Record Number: " + row): null

2022-04-01 00:18:49 - [TEST_STEP][PASSED] - today = new java.util.Date(): null

2022-04-01 00:18:49 - [TEST_STEP][PASSED] - println(today): null

2022-04-01 00:18:49 - [TEST_STEP][PASSED] - datText = today: null

2022-04-01 00:18:49 - [TEST_STEP][PASSED] - adminSuiteBootstrap.loginFunctionality.login_AdminSuite(): adminSuiteBootstrap.loginFunctionality.login_AdminSuite is PASSED

2022-04-01 00:18:49 - [MESSAGE][INFO] - Starting 'Chrome' driver

2022-04-01 00:18:49 - [MESSAGE][INFO] - User set preference: ['acceptInsecureCerts', 'true']

2022-04-01 00:18:49 - [MESSAGE][INFO] - Action delay is set to 0 milliseconds

2022-04-01 00:18:52 - [MESSAGE][PASSED] - Browser is opened with url: 'https://qa.velocitypayment.com/admin/imtiaz'

2022-04-01 00:18:52 - [MESSAGE][PASSED] - Current window maximized

2022-04-01 00:18:53 - [MESSAGE][PASSED] - Object 'Object Repository/Login_Page/Login_Username' is present

2022-04-01 00:18:53 - [MESSAGE][PASSED] - Text 'iahmed' is set on object 'Object Repository/Login_Page/Login_Username'

2022-04-01 00:18:54 - [MESSAGE][PASSED] - Text 'hello2222' is set on object 'Object Repository/Login_Page/Login_Password'

2022-04-01 00:18:57 - [MESSAGE][PASSED] - Object: 'Object Repository/Login_Page/Login_Submit' is clicked on

2022-04-01 00:18:57 - [MESSAGE][PASSED] - adminSuiteBootstrap.loginFunctionality.login_AdminSuite is PASSED

2022-04-01 00:18:57 - [TEST_STEP][PASSED] - click(findTestObject(path_Dashboard + appName)): Object: 'Object Repository/AdminSuiteBootstrap_Pages/Dashboard_Bootstrap/a_Access AutoEncryptedUDF' is clicked on

2022-04-01 00:18:58 - [MESSAGE][PASSED] - Object: 'Object Repository/AdminSuiteBootstrap_Pages/Dashboard_Bootstrap/a_Access AutoEncryptedUDF' is clicked on

2022-04-01 00:18:58 - [TEST_STEP][PASSED] - click(findTestObject(path_VT + "button_Authorization  Capture (Sale)")): Object: 'Object Repository/AdminSuiteBootstrap_Pages/VT_Bootstrap/IssueTransactions/button_Authorization  Capture (Sale)' is clicked on

2022-04-01 00:18:58 - [MESSAGE][PASSED] - Object: 'Object Repository/AdminSuiteBootstrap_Pages/VT_Bootstrap/IssueTransactions/button_Authorization  Capture (Sale)' is clicked on

2022-04-01 00:18:58 - [TEST_STEP][PASSED] - saleKeyboardEntryLink = modifyObjectProperty(findTestObject(path_VT + "a_KeyboardEntry_Sale"), "href", "equals", hrefAppID, true): Modify property of object successfully

2022-04-01 00:18:58 - [MESSAGE][PASSED] - Modify property of object successfully

2022-04-01 00:18:58 - [TEST_STEP][PASSED] - click(saleKeyboardEntryLink): Object: 'Object Repository/AdminSuiteBootstrap_Pages/VT_Bootstrap/IssueTransactions/a_KeyboardEntry_Sale' is clicked on

2022-04-01 00:18:59 - [MESSAGE][PASSED] - Object: 'Object Repository/AdminSuiteBootstrap_Pages/VT_Bootstrap/IssueTransactions/a_KeyboardEntry_Sale' is clicked on

2022-04-01 00:18:59 - [TEST_STEP][PASSED] - canName = findTestData(dataFile).getValue("CAN", row): null

2022-04-01 00:18:59 - [TEST_STEP][PASSED] - setText(findTestObject(path_SaleKB + "input_clientAccountNumber"), canName): Text '54896547' is set on object 'Object Repository/AdminSuiteBootstrap_Pages/VT_Bootstrap/SaleKeyboard/input_clientAccountNumber'

2022-04-01 00:19:00 - [MESSAGE][PASSED] - Text '54896547' is set on object 'Object Repository/AdminSuiteBootstrap_Pages/VT_Bootstrap/SaleKeyboard/input_clientAccountNumber'

2022-04-01 00:19:00 - [TEST_STEP][PASSED] - adminSuiteBootstrap.virtualTerminalSetData.saleKeyboard_DataDriven(row, dataFile): adminSuiteBootstrap.virtualTerminalSetData.saleKeyboard_DataDriven is PASSED

2022-04-01 00:19:02 - [MESSAGE][PASSED] - Text 'Janaki James' is set on object 'Object Repository/AdminSuiteBootstrap_Pages/VT_Bootstrap/SaleKeyboard/input_cardName'

2022-04-01 00:19:03 - [MESSAGE][PASSED] - All options with value 'MOTO' are selected in object 'Object Repository/AdminSuiteBootstrap_Pages/VT_Bootstrap/SaleKeyboard/select_transactionCategory'  using regular expression

2022-04-01 00:19:03 - [MESSAGE][PASSED] - Execute JavaScript 'arguments[0].value ='4012000098765439' ' successfully

2022-04-01 00:19:03 - [MESSAGE][PASSED] - Execute JavaScript 'arguments[0].value ='123' ' successfully

2022-04-01 00:19:04 - [MESSAGE][PASSED] - All options with value '12' are selected in object 'Object Repository/AdminSuiteBootstrap_Pages/VT_Bootstrap/SaleKeyboard/select_MM'  using regular expression

2022-04-01 00:19:05 - [MESSAGE][PASSED] - All options with value '2025' are selected in object 'Object Repository/AdminSuiteBootstrap_Pages/VT_Bootstrap/SaleKeyboard/select_YYYY'  using regular expression

2022-04-01 00:19:06 - [MESSAGE][PASSED] - Text '36 Cornor Road' is set on object 'Object Repository/AdminSuiteBootstrap_Pages/VT_Bootstrap/SaleKeyboard/input__address'

2022-04-01 00:19:07 - [MESSAGE][PASSED] - Text 'Suite 500' is set on object 'Object Repository/AdminSuiteBootstrap_Pages/VT_Bootstrap/SaleKeyboard/input__address2'

2022-04-01 00:19:07 - [MESSAGE][PASSED] - Text '22201' is set on object 'Object Repository/AdminSuiteBootstrap_Pages/VT_Bootstrap/SaleKeyboard/input__zip'

2022-04-01 00:19:08 - [MESSAGE][PASSED] - Text '' is set on object 'Object Repository/AdminSuiteBootstrap_Pages/VT_Bootstrap/SaleKeyboard/input_emailAddress'

2022-04-01 00:19:09 - [MESSAGE][PASSED] - Text '' is set on object 'Object Repository/AdminSuiteBootstrap_Pages/VT_Bootstrap/SaleKeyboard/input_smsNumber'

2022-04-01 00:19:10 - [MESSAGE][PASSED] - Text '10.50' is set on object 'Object Repository/AdminSuiteBootstrap_Pages/VT_Bootstrap/SaleKeyboard/input_amount'

2022-04-01 00:19:11 - [MESSAGE][PASSED] - Text 'Australia' is set on object 'Object Repository/AdminSuiteBootstrap_Pages/VT_Bootstrap/SaleKeyboard/input_userDefined1'

2022-04-01 00:19:11 - [MESSAGE][PASSED] - Text 'Denmark' is set on object 'Object Repository/AdminSuiteBootstrap_Pages/VT_Bootstrap/SaleKeyboard/input_userDefined2'

2022-04-01 00:19:12 - [MESSAGE][PASSED] - Text 'Sweden' is set on object 'Object Repository/AdminSuiteBootstrap_Pages/VT_Bootstrap/SaleKeyboard/input_userDefined3'

2022-04-01 00:19:13 - [MESSAGE][PASSED] - Text 'Austria' is set on object 'Object Repository/AdminSuiteBootstrap_Pages/VT_Bootstrap/SaleKeyboard/input_userDefined4'

2022-04-01 00:19:14 - [MESSAGE][PASSED] - All options with label 'Orange' are selected in object 'Object Repository/AdminSuiteBootstrap_Pages/VT_Bootstrap/SaleKeyboard/select_UDF5_DropDown'  using regular expression

2022-04-01 00:19:15 - [MESSAGE][PASSED] - All options with label 'Yellow' are selected in object 'Object Repository/AdminSuiteBootstrap_Pages/VT_Bootstrap/SaleKeyboard/select_UDF6_DropDown'  using regular expression

2022-04-01 00:19:16 - [MESSAGE][PASSED] - Text 'Norway' is set on object 'Object Repository/AdminSuiteBootstrap_Pages/VT_Bootstrap/SaleKeyboard/input_userDefined7'

2022-04-01 00:19:16 - [MESSAGE][PASSED] - Text 'Netherlands' is set on object 'Object Repository/AdminSuiteBootstrap_Pages/VT_Bootstrap/SaleKeyboard/input_userDefined8'

2022-04-01 00:19:17 - [MESSAGE][PASSED] - Text 'Switzerland' is set on object 'Object Repository/AdminSuiteBootstrap_Pages/VT_Bootstrap/SaleKeyboard/input_userDefined9'

2022-04-01 00:19:18 - [MESSAGE][PASSED] - Text 'France' is set on object 'Object Repository/AdminSuiteBootstrap_Pages/VT_Bootstrap/SaleKeyboard/input_userDefined10'

2022-04-01 00:19:19 - [MESSAGE][PASSED] - Object: 'Object Repository/AdminSuiteBootstrap_Pages/VT_Bootstrap/SaleKeyboard/button_Submit' is clicked on

2022-04-01 00:19:19 - [MESSAGE][PASSED] - adminSuiteBootstrap.virtualTerminalSetData.saleKeyboard_DataDriven is PASSED

2022-04-01 00:19:19 - [TEST_STEP][PASSED] - verifyTextPresent("Transaction Successful", true): Text 'Transaction Successful' is present on page  using regular expression

2022-04-01 00:19:20 - [MESSAGE][PASSED] - Text 'Transaction Successful' is present on page  using regular expression

2022-04-01 00:19:20 - [TEST_STEP][PASSED] - verifyTextPresent("Remittance ID", true): Text 'Remittance ID' is present on page  using regular expression

2022-04-01 00:19:20 - [MESSAGE][PASSED] - Text 'Remittance ID' is present on page  using regular expression

2022-04-01 00:19:20 - [TEST_STEP][PASSED] - verifyTextPresent("Received", true): Text 'Received' is present on page  using regular expression

2022-04-01 00:19:21 - [MESSAGE][PASSED] - Text 'Received' is present on page  using regular expression

2022-04-01 00:19:21 - [TEST_STEP][PASSED] - verifyTextNotPresent("UDF1", true): Text 'UDF1' is not present on page using regular expression

2022-04-01 00:19:21 - [MESSAGE][PASSED] - Text 'UDF1' is not present on page using regular expression

2022-04-01 00:19:21 - [TEST_STEP][PASSED] - verifyTextNotPresent("UDF2", true): Text 'UDF2' is not present on page using regular expression

2022-04-01 00:19:21 - [MESSAGE][PASSED] - Text 'UDF2' is not present on page using regular expression

2022-04-01 00:19:21 - [TEST_STEP][PASSED] - verifyTextPresent("UDF3", true): Text 'UDF3' is present on page  using regular expression

2022-04-01 00:19:22 - [MESSAGE][PASSED] - Text 'UDF3' is present on page  using regular expression

2022-04-01 00:19:22 - [TEST_STEP][PASSED] - verifyTextPresent("UDF4", true): Text 'UDF4' is present on page  using regular expression

2022-04-01 00:19:22 - [MESSAGE][PASSED] - Text 'UDF4' is present on page  using regular expression

2022-04-01 00:19:22 - [TEST_STEP][PASSED] - verifyTextNotPresent("UDF5", true): Text 'UDF5' is not present on page using regular expression

2022-04-01 00:19:22 - [MESSAGE][PASSED] - Text 'UDF5' is not present on page using regular expression

2022-04-01 00:19:22 - [TEST_STEP][PASSED] - verifyTextPresent("UDF6", true): Text 'UDF6' is present on page  using regular expression

2022-04-01 00:19:23 - [MESSAGE][PASSED] - Text 'UDF6' is present on page  using regular expression

2022-04-01 00:19:23 - [TEST_STEP][PASSED] - verifyTextPresent("UDF7", true): Text 'UDF7' is present on page  using regular expression

2022-04-01 00:19:23 - [MESSAGE][PASSED] - Text 'UDF7' is present on page  using regular expression

2022-04-01 00:19:23 - [TEST_STEP][PASSED] - verifyTextPresent("UDF8", true): Text 'UDF8' is present on page  using regular expression

2022-04-01 00:19:23 - [MESSAGE][PASSED] - Text 'UDF8' is present on page  using regular expression

2022-04-01 00:19:23 - [TEST_STEP][PASSED] - verifyTextPresent("UDF9", true): Text 'UDF9' is present on page  using regular expression

2022-04-01 00:19:24 - [MESSAGE][PASSED] - Text 'UDF9' is present on page  using regular expression

2022-04-01 00:19:24 - [TEST_STEP][PASSED] - verifyTextPresent("UDF 10", true): Text 'UDF 10' is present on page  using regular expression

2022-04-01 00:19:24 - [MESSAGE][PASSED] - Text 'UDF 10' is present on page  using regular expression

2022-04-01 00:19:24 - [TEST_STEP][PASSED] - verifyTextNotPresent("Australia", true): Text 'Australia' is not present on page using regular expression

2022-04-01 00:19:24 - [MESSAGE][PASSED] - Text 'Australia' is not present on page using regular expression

2022-04-01 00:19:24 - [TEST_STEP][PASSED] - verifyTextNotPresent("Denmark", true): Text 'Denmark' is not present on page using regular expression

2022-04-01 00:19:25 - [MESSAGE][PASSED] - Text 'Denmark' is not present on page using regular expression

2022-04-01 00:19:25 - [TEST_STEP][PASSED] - verifyTextPresent("Sweden", true): Text 'Sweden' is present on page  using regular expression

2022-04-01 00:19:25 - [MESSAGE][PASSED] - Text 'Sweden' is present on page  using regular expression

2022-04-01 00:19:25 - [TEST_STEP][PASSED] - verifyTextPresent("Austria", true): Text 'Austria' is present on page  using regular expression

2022-04-01 00:19:25 - [MESSAGE][PASSED] - Text 'Austria' is present on page  using regular expression

2022-04-01 00:19:25 - [TEST_STEP][PASSED] - verifyTextNotPresent("Orange Recorded", true): Text 'Orange Recorded' is not present on page using regular expression

2022-04-01 00:19:26 - [MESSAGE][PASSED] - Text 'Orange Recorded' is not present on page using regular expression

2022-04-01 00:19:26 - [TEST_STEP][PASSED] - verifyTextPresent("Yellow Recorded", true): Text 'Yellow Recorded' is present on page  using regular expression

2022-04-01 00:19:26 - [MESSAGE][PASSED] - Text 'Yellow Recorded' is present on page  using regular expression

2022-04-01 00:19:26 - [TEST_STEP][PASSED] - verifyTextPresent("Norway", true): Text 'Norway' is present on page  using regular expression

2022-04-01 00:19:26 - [MESSAGE][PASSED] - Text 'Norway' is present on page  using regular expression

2022-04-01 00:19:26 - [TEST_STEP][PASSED] - verifyTextPresent("Netherlands", true): Text 'Netherlands' is present on page  using regular expression

2022-04-01 00:19:27 - [MESSAGE][PASSED] - Text 'Netherlands' is present on page  using regular expression

2022-04-01 00:19:27 - [TEST_STEP][PASSED] - verifyTextPresent("Switzerland", true): Text 'Switzerland' is present on page  using regular expression

2022-04-01 00:19:27 - [MESSAGE][PASSED] - Text 'Switzerland' is present on page  using regular expression

2022-04-01 00:19:27 - [TEST_STEP][PASSED] - verifyTextPresent("France", true): Text 'France' is present on page  using regular expression

2022-04-01 00:19:27 - [MESSAGE][PASSED] - Text 'France' is present on page  using regular expression

2022-04-01 00:19:27 - [TEST_STEP][PASSED] - verifyTextPresent("Amount", true): Text 'Amount' is present on page  using regular expression

2022-04-01 00:19:28 - [MESSAGE][PASSED] - Text 'Amount' is present on page  using regular expression

2022-04-01 00:19:28 - [TEST_STEP][PASSED] - verifyTextPresent("Total Amount", true): Text 'Total Amount' is present on page  using regular expression

2022-04-01 00:19:28 - [MESSAGE][PASSED] - Text 'Total Amount' is present on page  using regular expression

2022-04-01 00:19:28 - [TEST_STEP][PASSED] - verifyTextPresent("Transaction Type", true): Text 'Transaction Type' is present on page  using regular expression

2022-04-01 00:19:28 - [MESSAGE][PASSED] - Text 'Transaction Type' is present on page  using regular expression

2022-04-01 00:19:28 - [TEST_STEP][PASSED] - verifyTextPresent("10.50", true): Text '10.50' is present on page  using regular expression

2022-04-01 00:19:29 - [MESSAGE][PASSED] - Text '10.50' is present on page  using regular expression

2022-04-01 00:19:29 - [TEST_STEP][PASSED] - verifyTextPresent("Authorization and Capture", true): Text 'Authorization and Capture' is present on page  using regular expression

2022-04-01 00:19:29 - [MESSAGE][PASSED] - Text 'Authorization and Capture' is present on page  using regular expression

2022-04-01 00:19:29 - [TEST_STEP][PASSED] - verifyTextPresent("Card Information", true): Text 'Card Information' is present on page  using regular expression

2022-04-01 00:19:29 - [MESSAGE][PASSED] - Text 'Card Information' is present on page  using regular expression

2022-04-01 00:19:29 - [TEST_STEP][PASSED] - cardNameV = findTestData(dataFile).getValue("CardNameV", row): null

2022-04-01 00:19:29 - [TEST_STEP][PASSED] - al1V = findTestData(dataFile).getValue("AL1", row): null

2022-04-01 00:19:29 - [TEST_STEP][PASSED] - al2V = findTestData(dataFile).getValue("AL2", row): null

2022-04-01 00:19:29 - [TEST_STEP][PASSED] - zipV = findTestData(dataFile).getValue("ZIP", row): null

2022-04-01 00:19:29 - [TEST_STEP][PASSED] - cardTypeV = findTestData(dataFile).getValue("CardType", row): null

2022-04-01 00:19:30 - [TEST_STEP][PASSED] - last4V = findTestData(dataFile).getValue("Last4", row): null

2022-04-01 00:19:30 - [TEST_STEP][PASSED] - verifyTextPresent(cardNameV, true): Text 'JANAKI JAMES' is present on page  using regular expression

2022-04-01 00:19:30 - [MESSAGE][PASSED] - Text 'JANAKI JAMES' is present on page  using regular expression

2022-04-01 00:19:30 - [TEST_STEP][PASSED] - verifyTextPresent("Address Line 1", true): Text 'Address Line 1' is present on page  using regular expression

2022-04-01 00:19:30 - [MESSAGE][PASSED] - Text 'Address Line 1' is present on page  using regular expression

2022-04-01 00:19:30 - [TEST_STEP][PASSED] - verifyTextPresent("Address Line 2", true): Text 'Address Line 2' is present on page  using regular expression

2022-04-01 00:19:31 - [MESSAGE][PASSED] - Text 'Address Line 2' is present on page  using regular expression

2022-04-01 00:19:31 - [TEST_STEP][PASSED] - verifyTextPresent("Country", true): Text 'Country' is present on page  using regular expression

2022-04-01 00:19:31 - [MESSAGE][PASSED] - Text 'Country' is present on page  using regular expression

2022-04-01 00:19:31 - [TEST_STEP][PASSED] - verifyTextPresent("City", true): Text 'City' is present on page  using regular expression

2022-04-01 00:19:31 - [MESSAGE][PASSED] - Text 'City' is present on page  using regular expression

2022-04-01 00:19:31 - [TEST_STEP][PASSED] - verifyTextPresent("State", true): Text 'State' is present on page  using regular expression

2022-04-01 00:19:32 - [MESSAGE][PASSED] - Text 'State' is present on page  using regular expression

2022-04-01 00:19:32 - [TEST_STEP][PASSED] - verifyTextPresent("ZIP Code", true): Text 'ZIP Code' is present on page  using regular expression

2022-04-01 00:19:32 - [MESSAGE][PASSED] - Text 'ZIP Code' is present on page  using regular expression

2022-04-01 00:19:32 - [TEST_STEP][PASSED] - verifyTextPresent(al1V, true): Text '36 Cornor Road' is present on page  using regular expression

2022-04-01 00:19:32 - [MESSAGE][PASSED] - Text '36 Cornor Road' is present on page  using regular expression

2022-04-01 00:19:32 - [TEST_STEP][PASSED] - verifyTextPresent(al2V, true): Text 'Suite 500' is present on page  using regular expression

2022-04-01 00:19:33 - [MESSAGE][PASSED] - Text 'Suite 500' is present on page  using regular expression

2022-04-01 00:19:33 - [TEST_STEP][PASSED] - verifyTextPresent("United States", true): Text 'United States' is present on page  using regular expression

2022-04-01 00:19:33 - [MESSAGE][PASSED] - Text 'United States' is present on page  using regular expression

2022-04-01 00:19:33 - [TEST_STEP][PASSED] - verifyTextPresent("ARLINGTON", true): Text 'ARLINGTON' is present on page  using regular expression

2022-04-01 00:19:33 - [MESSAGE][PASSED] - Text 'ARLINGTON' is present on page  using regular expression

2022-04-01 00:19:33 - [TEST_STEP][PASSED] - verifyTextPresent("Virginia", true): Text 'Virginia' is present on page  using regular expression

2022-04-01 00:19:34 - [MESSAGE][PASSED] - Text 'Virginia' is present on page  using regular expression

2022-04-01 00:19:34 - [TEST_STEP][PASSED] - verifyTextPresent(zipV, true): Text '22201' is present on page  using regular expression

2022-04-01 00:19:34 - [MESSAGE][PASSED] - Text '22201' is present on page  using regular expression

2022-04-01 00:19:34 - [TEST_STEP][PASSED] - verifyTextPresent(cardTypeV, true): Text 'Visa' is present on page  using regular expression

2022-04-01 00:19:34 - [MESSAGE][PASSED] - Text 'Visa' is present on page  using regular expression

2022-04-01 00:19:34 - [TEST_STEP][PASSED] - verifyTextPresent(last4V, true): Text '5439' is present on page  using regular expression

2022-04-01 00:19:35 - [MESSAGE][PASSED] - Text '5439' is present on page  using regular expression

2022-04-01 00:19:35 - [TEST_STEP][PASSED] - closeBrowser(): Browser is closed

2022-04-01 00:19:35 - [MESSAGE][PASSED] - Browser is closed]]></system-out>
         <system-err><![CDATA[]]></system-err>
      </testcase>
      <testcase name="Test Cases/Admin Suite Bootstrap/VT_TestCases/AuthCaptureKeyboard_TP_DualCF_Generic_Payment_TC" time="414.58" classname="Test Cases/Admin Suite Bootstrap/VT_TestCases/AuthCaptureKeyboard_TP_DualCF_Generic_Payment_TC" status="PASSED">
         <system-out><![CDATA[2022-04-01 00:19:36 - [TEST_CASE][PASSED] - Test Cases/Admin Suite Bootstrap/VT_TestCases/AuthCaptureKeyboard_TP_DualCF_Generic_Payment_TC: Test Cases/Admin Suite Bootstrap/VT_TestCases/AuthCaptureKeyboard_TP_DualCF_Generic_Payment_TC

2022-04-01 00:19:36 - [TEST_STEP][PASSED] - path_Dashboard = "Object Repository/AdminSuiteBootstrap_Pages/Dashboard_Bootstrap/": null

2022-04-01 00:19:36 - [TEST_STEP][PASSED] - path_VT = "Object Repository/AdminSuiteBootstrap_Pages/VT_Bootstrap/IssueTransactions/": null

2022-04-01 00:19:36 - [TEST_STEP][PASSED] - path_SaleKB = "Object Repository/AdminSuiteBootstrap_Pages/VT_Bootstrap/SaleKeyboard/": null

2022-04-01 00:19:36 - [TEST_STEP][PASSED] - path_TestMinus = "Object Repository/Page_TestMinusAndAtSigns/": null

2022-04-01 00:19:36 - [TEST_STEP][PASSED] - path_Receipt = "Object Repository/AdminSuiteBootstrap_Pages/VT_Bootstrap/Receipt/": null

2022-04-01 00:19:36 - [TEST_STEP][PASSED] - path_CCSearch = "Object Repository/AdminSuiteBootstrap_Pages/VT_Bootstrap/CCCreditOrVoidSearch/": null

2022-04-01 00:19:36 - [TEST_STEP][PASSED] - path_SearchResults = "Object Repository/AdminSuiteBootstrap_Pages/VT_Bootstrap/SearchResults/": null

2022-04-01 00:19:36 - [TEST_STEP][PASSED] - path_TranxDetails = "Object Repository/AdminSuiteBootstrap_Pages/VT_Bootstrap/TransactionDetails/": null

2022-04-01 00:19:36 - [TEST_STEP][PASSED] - li_1 = vpos_Prefix: null

2022-04-01 00:19:36 - [TEST_STEP][PASSED] - li_2 = "/transactions/AuthOnlyForm/": null

2022-04-01 00:19:36 - [TEST_STEP][PASSED] - executionProfile = getExecutionProfile(): null

2022-04-01 00:19:36 - [TEST_STEP][PASSED] - out.println("executionProfile : " + executionProfile): null

2022-04-01 00:19:36 - [TEST_STEP][PASSED] - appName = <not implemented yet for class: org.codehaus.groovy.ast.expr.EmptyExpression>: null

2022-04-01 00:19:36 - [TEST_STEP][PASSED] - appID = <not implemented yet for class: org.codehaus.groovy.ast.expr.EmptyExpression>: null

2022-04-01 00:19:36 - [TEST_STEP][PASSED] - cardNameV = <not implemented yet for class: org.codehaus.groovy.ast.expr.EmptyExpression>: null

2022-04-01 00:19:36 - [TEST_STEP][PASSED] - al1V = <not implemented yet for class: org.codehaus.groovy.ast.expr.EmptyExpression>: null

2022-04-01 00:19:36 - [TEST_STEP][PASSED] - al2V = <not implemented yet for class: org.codehaus.groovy.ast.expr.EmptyExpression>: null

2022-04-01 00:19:36 - [TEST_STEP][PASSED] - zipV = <not implemented yet for class: org.codehaus.groovy.ast.expr.EmptyExpression>: null

2022-04-01 00:19:36 - [TEST_STEP][PASSED] - cardTypeV = <not implemented yet for class: org.codehaus.groovy.ast.expr.EmptyExpression>: null

2022-04-01 00:19:36 - [TEST_STEP][PASSED] - last4V = <not implemented yet for class: org.codehaus.groovy.ast.expr.EmptyExpression>: null

2022-04-01 00:19:36 - [TEST_STEP][PASSED] - resText = "Fail": null

2022-04-01 00:19:36 - [TEST_STEP][PASSED] - resColumn = "Result": null

2022-04-01 00:19:36 - [TEST_STEP][PASSED] - datCloumn = "Date": null

2022-04-01 00:19:36 - [TEST_STEP][PASSED] - fileLoc = "C:\KatalonData\Bootstrap\VT-Data.xlsx": null

2022-04-01 00:19:36 - [TEST_STEP][PASSED] - numOfRows = <not implemented yet for class: org.codehaus.groovy.ast.expr.EmptyExpression>: null

2022-04-01 00:19:36 - [TEST_STEP][PASSED] - dataFile = <not implemented yet for class: org.codehaus.groovy.ast.expr.EmptyExpression>: null

2022-04-01 00:19:36 - [TEST_STEP][PASSED] - nameSheet = <not implemented yet for class: org.codehaus.groovy.ast.expr.EmptyExpression>: null

2022-04-01 00:19:36 - [TEST_STEP][PASSED] - nameSheet = "VT-AuthCapture-DualCF-Generic": null

2022-04-01 00:19:36 - [TEST_STEP][PASSED] - numOfRows = findTestData("QA/Bootstrap/VT-TestData/VT-AuthCaptureData-DualCF-Generic").getRowNumbers(): null

2022-04-01 00:19:36 - [TEST_STEP][PASSED] - println("Number of Records: " + numOfRows): null

2022-04-01 00:19:36 - [TEST_STEP][PASSED] - dataFile = "QA/Bootstrap/VT-TestData/VT-AuthCaptureData-DualCF-Generic": null

2022-04-01 00:19:36 - [TEST_STEP][PASSED] - for ([row = 1, row <= numOfRows, (row++)]): null

2022-04-01 00:19:36 - [TEST_STEP][PASSED] - ExecuteTC = findTestData(dataFile).getValue("Execute", row): null

2022-04-01 00:19:36 - [TEST_STEP][PASSED] - out.println("Value of Execute is : " + ExecuteTC): null

2022-04-01 00:19:36 - [TEST_STEP][PASSED] - switch (executionProfile): null

2022-04-01 00:19:36 - [TEST_STEP][PASSED] - case "QAProfile":: null

2022-04-01 00:19:36 - [TEST_STEP][PASSED] - appName = findTestData(dataFile).getValue("AppNameQA", row): null

2022-04-01 00:19:37 - [TEST_STEP][PASSED] - appID = findTestData(dataFile).getValue("AppIDQA", row): null

2022-04-01 00:19:37 - [TEST_STEP][PASSED] - break: null

2022-04-01 00:19:37 - [TEST_STEP][PASSED] - hrefAppID = li_1 + appID + li_2: null

2022-04-01 00:19:37 - [TEST_STEP][PASSED] - hrefApp = li_1 + appID + "/": null

2022-04-01 00:19:37 - [TEST_STEP][PASSED] - println("hrefApp : " + hrefApp): null

2022-04-01 00:19:37 - [TEST_STEP][PASSED] - if (ExecuteTC.equalsIgnoreCase("Y")): null

2022-04-01 00:19:37 - [TEST_STEP][PASSED] - out.println("Begin Record Number: " + row): null

2022-04-01 00:19:37 - [TEST_STEP][PASSED] - today = new java.util.Date(): null

2022-04-01 00:19:37 - [TEST_STEP][PASSED] - println(today): null

2022-04-01 00:19:37 - [TEST_STEP][PASSED] - datText = today: null

2022-04-01 00:19:37 - [TEST_STEP][PASSED] - adminSuiteBootstrap.loginFunctionality.login_AdminSuite(): adminSuiteBootstrap.loginFunctionality.login_AdminSuite is PASSED

2022-04-01 00:19:37 - [MESSAGE][INFO] - Starting 'Chrome' driver

2022-04-01 00:19:37 - [MESSAGE][INFO] - User set preference: ['acceptInsecureCerts', 'true']

2022-04-01 00:19:37 - [MESSAGE][INFO] - Action delay is set to 0 milliseconds

2022-04-01 00:19:40 - [MESSAGE][PASSED] - Browser is opened with url: 'https://qa.velocitypayment.com/admin/imtiaz'

2022-04-01 00:19:40 - [MESSAGE][PASSED] - Current window maximized

2022-04-01 00:19:40 - [MESSAGE][PASSED] - Object 'Object Repository/Login_Page/Login_Username' is present

2022-04-01 00:19:41 - [MESSAGE][PASSED] - Text 'iahmed' is set on object 'Object Repository/Login_Page/Login_Username'

2022-04-01 00:19:42 - [MESSAGE][PASSED] - Text 'hello2222' is set on object 'Object Repository/Login_Page/Login_Password'

2022-04-01 00:19:44 - [MESSAGE][PASSED] - Object: 'Object Repository/Login_Page/Login_Submit' is clicked on

2022-04-01 00:19:44 - [MESSAGE][PASSED] - adminSuiteBootstrap.loginFunctionality.login_AdminSuite is PASSED

2022-04-01 00:19:44 - [TEST_STEP][PASSED] - click(findTestObject(path_Dashboard + appName)): Object: 'Object Repository/AdminSuiteBootstrap_Pages/Dashboard_Bootstrap/a_Access AutoDualCFtpQA' is clicked on

2022-04-01 00:19:45 - [MESSAGE][PASSED] - Object: 'Object Repository/AdminSuiteBootstrap_Pages/Dashboard_Bootstrap/a_Access AutoDualCFtpQA' is clicked on

2022-04-01 00:19:45 - [TEST_STEP][PASSED] - click(findTestObject(path_VT + "button_Authorization Only")): Object: 'Object Repository/AdminSuiteBootstrap_Pages/VT_Bootstrap/IssueTransactions/button_Authorization Only' is clicked on

2022-04-01 00:19:46 - [MESSAGE][PASSED] - Object: 'Object Repository/AdminSuiteBootstrap_Pages/VT_Bootstrap/IssueTransactions/button_Authorization Only' is clicked on

2022-04-01 00:19:46 - [TEST_STEP][PASSED] - authOnlyKeyboardEntryLink = modifyObjectProperty(findTestObject(path_VT + "a_KeyboardEntry_Sale"), "href", "equals", hrefAppID, true): Modify property of object successfully

2022-04-01 00:19:46 - [MESSAGE][PASSED] - Modify property of object successfully

2022-04-01 00:19:46 - [TEST_STEP][PASSED] - click(authOnlyKeyboardEntryLink): Object: 'Object Repository/AdminSuiteBootstrap_Pages/VT_Bootstrap/IssueTransactions/a_KeyboardEntry_Sale' is clicked on

2022-04-01 00:19:47 - [MESSAGE][PASSED] - Object: 'Object Repository/AdminSuiteBootstrap_Pages/VT_Bootstrap/IssueTransactions/a_KeyboardEntry_Sale' is clicked on

2022-04-01 00:19:47 - [TEST_STEP][PASSED] - adminSuiteBootstrap.virtualTerminalSetData.saleKeyboard_DataDriven(row, dataFile): adminSuiteBootstrap.virtualTerminalSetData.saleKeyboard_DataDriven is PASSED

2022-04-01 00:19:50 - [MESSAGE][PASSED] - Text 'Tulsi Raman' is set on object 'Object Repository/AdminSuiteBootstrap_Pages/VT_Bootstrap/SaleKeyboard/input_cardName'

2022-04-01 00:19:51 - [MESSAGE][PASSED] - All options with value 'RETL' are selected in object 'Object Repository/AdminSuiteBootstrap_Pages/VT_Bootstrap/SaleKeyboard/select_transactionCategory'  using regular expression

2022-04-01 00:19:52 - [MESSAGE][PASSED] - Execute JavaScript 'arguments[0].value ='4012000098765439' ' successfully

2022-04-01 00:19:52 - [MESSAGE][PASSED] - Execute JavaScript 'arguments[0].value ='123' ' successfully

2022-04-01 00:19:53 - [MESSAGE][PASSED] - All options with value '12' are selected in object 'Object Repository/AdminSuiteBootstrap_Pages/VT_Bootstrap/SaleKeyboard/select_MM'  using regular expression

2022-04-01 00:19:54 - [MESSAGE][PASSED] - All options with value '2025' are selected in object 'Object Repository/AdminSuiteBootstrap_Pages/VT_Bootstrap/SaleKeyboard/select_YYYY'  using regular expression

2022-04-01 00:19:55 - [MESSAGE][PASSED] - Text '36 Cornor Road' is set on object 'Object Repository/AdminSuiteBootstrap_Pages/VT_Bootstrap/SaleKeyboard/input__address'

2022-04-01 00:19:56 - [MESSAGE][PASSED] - Text 'Suite 500' is set on object 'Object Repository/AdminSuiteBootstrap_Pages/VT_Bootstrap/SaleKeyboard/input__address2'

2022-04-01 00:19:57 - [MESSAGE][PASSED] - Text '22201' is set on object 'Object Repository/AdminSuiteBootstrap_Pages/VT_Bootstrap/SaleKeyboard/input__zip'

2022-04-01 00:19:57 - [MESSAGE][PASSED] - Text '' is set on object 'Object Repository/AdminSuiteBootstrap_Pages/VT_Bootstrap/SaleKeyboard/input_emailAddress'

2022-04-01 00:20:02 - [MESSAGE][PASSED] - Text '' is set on object 'Object Repository/AdminSuiteBootstrap_Pages/VT_Bootstrap/SaleKeyboard/input_smsNumber'

2022-04-01 00:20:03 - [MESSAGE][PASSED] - Text '10.50' is set on object 'Object Repository/AdminSuiteBootstrap_Pages/VT_Bootstrap/SaleKeyboard/input_amount'

2022-04-01 00:20:04 - [MESSAGE][PASSED] - Text 'Australia' is set on object 'Object Repository/AdminSuiteBootstrap_Pages/VT_Bootstrap/SaleKeyboard/input_userDefined1'

2022-04-01 00:20:05 - [MESSAGE][PASSED] - Text 'Denmark' is set on object 'Object Repository/AdminSuiteBootstrap_Pages/VT_Bootstrap/SaleKeyboard/input_userDefined2'

2022-04-01 00:20:05 - [MESSAGE][PASSED] - Text 'Sweden' is set on object 'Object Repository/AdminSuiteBootstrap_Pages/VT_Bootstrap/SaleKeyboard/input_userDefined3'

2022-04-01 00:20:06 - [MESSAGE][PASSED] - Text 'Austria' is set on object 'Object Repository/AdminSuiteBootstrap_Pages/VT_Bootstrap/SaleKeyboard/input_userDefined4'

2022-04-01 00:20:07 - [MESSAGE][PASSED] - All options with label 'Orange' are selected in object 'Object Repository/AdminSuiteBootstrap_Pages/VT_Bootstrap/SaleKeyboard/select_UDF5_DropDown'  using regular expression

2022-04-01 00:20:08 - [MESSAGE][PASSED] - All options with label 'Yellow' are selected in object 'Object Repository/AdminSuiteBootstrap_Pages/VT_Bootstrap/SaleKeyboard/select_UDF6_DropDown'  using regular expression

2022-04-01 00:20:08 - [MESSAGE][PASSED] - Text 'Norway' is set on object 'Object Repository/AdminSuiteBootstrap_Pages/VT_Bootstrap/SaleKeyboard/input_userDefined7'

2022-04-01 00:20:09 - [MESSAGE][PASSED] - Text 'Netherlands' is set on object 'Object Repository/AdminSuiteBootstrap_Pages/VT_Bootstrap/SaleKeyboard/input_userDefined8'

2022-04-01 00:20:10 - [MESSAGE][PASSED] - Text 'Switzerland' is set on object 'Object Repository/AdminSuiteBootstrap_Pages/VT_Bootstrap/SaleKeyboard/input_userDefined9'

2022-04-01 00:20:10 - [MESSAGE][PASSED] - Text 'France' is set on object 'Object Repository/AdminSuiteBootstrap_Pages/VT_Bootstrap/SaleKeyboard/input_userDefined10'

2022-04-01 00:20:13 - [MESSAGE][PASSED] - Object: 'Object Repository/AdminSuiteBootstrap_Pages/VT_Bootstrap/SaleKeyboard/button_Submit' is clicked on

2022-04-01 00:20:13 - [MESSAGE][PASSED] - adminSuiteBootstrap.virtualTerminalSetData.saleKeyboard_DataDriven is PASSED

2022-04-01 00:20:13 - [TEST_STEP][PASSED] - if (verifyTextPresent("Transaction Successful", true)): null

2022-04-01 00:20:13 - [MESSAGE][PASSED] - Text 'Transaction Successful' is present on page  using regular expression

2022-04-01 00:20:13 - [TEST_STEP][PASSED] - sdf = getText(findTestObject(path_Receipt + "td_AutoNoC031622113752957Ahm")): Text of object 'Object Repository/AdminSuiteBootstrap_Pages/VT_Bootstrap/Receipt/td_AutoNoC031622113752957Ahm' is: 'AutoDua040122001800080Ahm'

2022-04-01 00:20:13 - [MESSAGE][PASSED] - Text of object 'Object Repository/AdminSuiteBootstrap_Pages/VT_Bootstrap/Receipt/td_AutoNoC031622113752957Ahm' is: 'AutoDua040122001800080Ahm'

2022-04-01 00:20:13 - [TEST_STEP][PASSED] - out.println("sdf: " + sdf): null

2022-04-01 00:20:13 - [TEST_STEP][PASSED] - remID = sdf: null

2022-04-01 00:20:13 - [TEST_STEP][PASSED] - out.println("remID: " + remID): null

2022-04-01 00:20:13 - [TEST_STEP][PASSED] - click(findTestObject(path_Receipt + "button_Continue")): Object: 'Object Repository/AdminSuiteBootstrap_Pages/VT_Bootstrap/Receipt/button_Continue' is clicked on

2022-04-01 00:20:14 - [MESSAGE][PASSED] - Object: 'Object Repository/AdminSuiteBootstrap_Pages/VT_Bootstrap/Receipt/button_Continue' is clicked on

2022-04-01 00:20:14 - [TEST_STEP][PASSED] - click(findTestObject(path_VT + "a_Search Transactions")): Object: 'Object Repository/AdminSuiteBootstrap_Pages/VT_Bootstrap/IssueTransactions/a_Search Transactions' is clicked on

2022-04-01 00:20:15 - [MESSAGE][PASSED] - Object: 'Object Repository/AdminSuiteBootstrap_Pages/VT_Bootstrap/IssueTransactions/a_Search Transactions' is clicked on

2022-04-01 00:20:15 - [TEST_STEP][PASSED] - setText(findTestObject(path_CCSearch + "input_Search By_searchValue"), remID): Text 'AutoDua040122001800080Ahm' is set on object 'Object Repository/AdminSuiteBootstrap_Pages/VT_Bootstrap/CCCreditOrVoidSearch/input_Search By_searchValue'

2022-04-01 00:20:16 - [MESSAGE][PASSED] - Text 'AutoDua040122001800080Ahm' is set on object 'Object Repository/AdminSuiteBootstrap_Pages/VT_Bootstrap/CCCreditOrVoidSearch/input_Search By_searchValue'

2022-04-01 00:20:16 - [TEST_STEP][PASSED] - click(findTestObject(path_CCSearch + "option_Authorization")): Object: 'Object Repository/AdminSuiteBootstrap_Pages/VT_Bootstrap/CCCreditOrVoidSearch/option_Authorization' is clicked on

2022-04-01 00:20:17 - [MESSAGE][PASSED] - Object: 'Object Repository/AdminSuiteBootstrap_Pages/VT_Bootstrap/CCCreditOrVoidSearch/option_Authorization' is clicked on

2022-04-01 00:20:17 - [TEST_STEP][PASSED] - click(findTestObject(path_CCSearch + "button_Submit")): Object: 'Object Repository/AdminSuiteBootstrap_Pages/VT_Bootstrap/CCCreditOrVoidSearch/button_Submit' is clicked on

2022-04-01 00:20:17 - [MESSAGE][PASSED] - Object: 'Object Repository/AdminSuiteBootstrap_Pages/VT_Bootstrap/CCCreditOrVoidSearch/button_Submit' is clicked on

2022-04-01 00:20:17 - [TEST_STEP][PASSED] - fgr = getText(findTestObject(path_SearchResults + "div_Payment ID")): Text of object 'Object Repository/AdminSuiteBootstrap_Pages/VT_Bootstrap/SearchResults/div_Payment ID' is: 'Payment ID
Payment Type
Transaction Type
Remittance ID
Name
Total Amount
End Date
Status
12114299 Credit Card Authorization AutoDua040122001800080Ahm Tulsi Raman $10.50 04/01/2022 Success'

2022-04-01 00:20:18 - [MESSAGE][PASSED] - Text of object 'Object Repository/AdminSuiteBootstrap_Pages/VT_Bootstrap/SearchResults/div_Payment ID' is: 'Payment ID
Payment Type
Transaction Type
Remittance ID
Name
Total Amount
End Date
Status
12114299 Credit Card Authorization AutoDua040122001800080Ahm Tulsi Raman $10.50 04/01/2022 Success'

2022-04-01 00:20:18 - [TEST_STEP][PASSED] - payID = substring(89, 98).trim(): null

2022-04-01 00:20:18 - [TEST_STEP][PASSED] - out.println("payID: " + payID): null

2022-04-01 00:20:18 - [TEST_STEP][PASSED] - click(findTestObject(path_SearchResults + "button_PaymentID")): Object: 'Object Repository/AdminSuiteBootstrap_Pages/VT_Bootstrap/SearchResults/button_PaymentID' is clicked on

2022-04-01 00:20:19 - [MESSAGE][PASSED] - Object: 'Object Repository/AdminSuiteBootstrap_Pages/VT_Bootstrap/SearchResults/button_PaymentID' is clicked on

2022-04-01 00:20:19 - [TEST_STEP][PASSED] - verifyTextPresent("Tender Type", true): Text 'Tender Type' is present on page  using regular expression

2022-04-01 00:20:19 - [MESSAGE][PASSED] - Text 'Tender Type' is present on page  using regular expression

2022-04-01 00:20:19 - [TEST_STEP][PASSED] - verifyTextPresent("Credit Card", true): Text 'Credit Card' is present on page  using regular expression

2022-04-01 00:20:20 - [MESSAGE][PASSED] - Text 'Credit Card' is present on page  using regular expression

2022-04-01 00:20:20 - [TEST_STEP][PASSED] - verifyTextPresent("Transaction Type", true): Text 'Transaction Type' is present on page  using regular expression

2022-04-01 00:20:20 - [MESSAGE][PASSED] - Text 'Transaction Type' is present on page  using regular expression

2022-04-01 00:20:20 - [TEST_STEP][PASSED] - verifyTextPresent("Authorization", true): Text 'Authorization' is present on page  using regular expression

2022-04-01 00:20:20 - [MESSAGE][PASSED] - Text 'Authorization' is present on page  using regular expression

2022-04-01 00:20:20 - [TEST_STEP][PASSED] - verifyTextPresent("Transaction Posted by", true): Text 'Transaction Posted by' is present on page  using regular expression

2022-04-01 00:20:21 - [MESSAGE][PASSED] - Text 'Transaction Posted by' is present on page  using regular expression

2022-04-01 00:20:21 - [TEST_STEP][PASSED] - verifyTextPresent("iahmed", true): Text 'iahmed' is present on page  using regular expression

2022-04-01 00:20:21 - [MESSAGE][PASSED] - Text 'iahmed' is present on page  using regular expression

2022-04-01 00:20:21 - [TEST_STEP][PASSED] - click(findTestObject(path_TranxDetails + "a_Capture this transaction")): Object: 'Object Repository/AdminSuiteBootstrap_Pages/VT_Bootstrap/TransactionDetails/a_Capture this transaction' is clicked on

2022-04-01 00:20:23 - [MESSAGE][PASSED] - Object: 'Object Repository/AdminSuiteBootstrap_Pages/VT_Bootstrap/TransactionDetails/a_Capture this transaction' is clicked on

2022-04-01 00:20:23 - [TEST_STEP][PASSED] - verifyTextPresent("Credit Card Capture", true): Text 'Credit Card Capture' is present on page  using regular expression

2022-04-01 00:20:24 - [MESSAGE][PASSED] - Text 'Credit Card Capture' is present on page  using regular expression

2022-04-01 00:20:24 - [TEST_STEP][PASSED] - captureAmount = findTestData(dataFile).getValue("CaptureAmount", row): null

2022-04-01 00:20:24 - [TEST_STEP][PASSED] - setText(findTestObject(path_SaleKB + "input_amountCapture"), captureAmount): Text '10.50' is set on object 'Object Repository/AdminSuiteBootstrap_Pages/VT_Bootstrap/SaleKeyboard/input_amountCapture'

2022-04-01 00:20:24 - [MESSAGE][PASSED] - Text '10.50' is set on object 'Object Repository/AdminSuiteBootstrap_Pages/VT_Bootstrap/SaleKeyboard/input_amountCapture'

2022-04-01 00:20:24 - [TEST_STEP][PASSED] - amountWithCF = findTestData(dataFile).getValue("AmountwithCF", row): null

2022-04-01 00:20:25 - [TEST_STEP][PASSED] - click(findTestObject(path_TranxDetails + "button_Submit")): Object: 'Object Repository/AdminSuiteBootstrap_Pages/VT_Bootstrap/TransactionDetails/button_Submit' is clicked on

2022-04-01 00:20:27 - [MESSAGE][PASSED] - Object: 'Object Repository/AdminSuiteBootstrap_Pages/VT_Bootstrap/TransactionDetails/button_Submit' is clicked on

2022-04-01 00:20:27 - [TEST_STEP][PASSED] - verifyTextPresent("Transaction Successful", true): Text 'Transaction Successful' is present on page  using regular expression

2022-04-01 00:20:28 - [MESSAGE][PASSED] - Text 'Transaction Successful' is present on page  using regular expression

2022-04-01 00:20:28 - [TEST_STEP][PASSED] - verifyTextPresent("Transaction Type", true): Text 'Transaction Type' is present on page  using regular expression

2022-04-01 00:20:28 - [MESSAGE][PASSED] - Text 'Transaction Type' is present on page  using regular expression

2022-04-01 00:20:28 - [TEST_STEP][PASSED] - verifyTextPresent("Capture", true): Text 'Capture' is present on page  using regular expression

2022-04-01 00:20:28 - [MESSAGE][PASSED] - Text 'Capture' is present on page  using regular expression

2022-04-01 00:20:28 - [TEST_STEP][PASSED] - verifyTextPresent("Amount", true): Text 'Amount' is present on page  using regular expression

2022-04-01 00:20:29 - [MESSAGE][PASSED] - Text 'Amount' is present on page  using regular expression

2022-04-01 00:20:29 - [TEST_STEP][PASSED] - verifyTextPresent("Service Fee", true): Text 'Service Fee' is present on page  using regular expression

2022-04-01 00:20:29 - [MESSAGE][PASSED] - Text 'Service Fee' is present on page  using regular expression

2022-04-01 00:20:29 - [TEST_STEP][PASSED] - verifyTextPresent("Service Fee Type", true): Text 'Service Fee Type' is present on page  using regular expression

2022-04-01 00:20:29 - [MESSAGE][PASSED] - Text 'Service Fee Type' is present on page  using regular expression

2022-04-01 00:20:29 - [TEST_STEP][PASSED] - verifyTextPresent("Total Amount", true): Text 'Total Amount' is present on page  using regular expression

2022-04-01 00:20:30 - [MESSAGE][PASSED] - Text 'Total Amount' is present on page  using regular expression

2022-04-01 00:20:30 - [TEST_STEP][PASSED] - verifyTextPresent(captureAmount, true): Text '10.50' is present on page  using regular expression

2022-04-01 00:20:30 - [MESSAGE][PASSED] - Text '10.50' is present on page  using regular expression

2022-04-01 00:20:30 - [TEST_STEP][PASSED] - verifyTextPresent("5.00", true): Text '5.00' is present on page  using regular expression

2022-04-01 00:20:30 - [MESSAGE][PASSED] - Text '5.00' is present on page  using regular expression

2022-04-01 00:20:30 - [TEST_STEP][PASSED] - verifyTextPresent("Dual Transaction", true): Text 'Dual Transaction' is present on page  using regular expression

2022-04-01 00:20:31 - [MESSAGE][PASSED] - Text 'Dual Transaction' is present on page  using regular expression

2022-04-01 00:20:31 - [TEST_STEP][PASSED] - verifyTextPresent(amountWithCF, true): Text '15.50' is present on page  using regular expression

2022-04-01 00:20:31 - [MESSAGE][PASSED] - Text '15.50' is present on page  using regular expression

2022-04-01 00:20:31 - [TEST_STEP][PASSED] - closeBrowser(): Browser is closed

2022-04-01 00:20:32 - [MESSAGE][PASSED] - Browser is closed

2022-04-01 00:20:32 - [TEST_STEP][PASSED] - ExecuteTC = findTestData(dataFile).getValue("Execute", row): null

2022-04-01 00:20:32 - [TEST_STEP][PASSED] - out.println("Value of Execute is : " + ExecuteTC): null

2022-04-01 00:20:32 - [TEST_STEP][PASSED] - switch (executionProfile): null

2022-04-01 00:20:32 - [TEST_STEP][PASSED] - case "QAProfile":: null

2022-04-01 00:20:32 - [TEST_STEP][PASSED] - appName = findTestData(dataFile).getValue("AppNameQA", row): null

2022-04-01 00:20:32 - [TEST_STEP][PASSED] - appID = findTestData(dataFile).getValue("AppIDQA", row): null

2022-04-01 00:20:32 - [TEST_STEP][PASSED] - break: null

2022-04-01 00:20:32 - [TEST_STEP][PASSED] - hrefAppID = li_1 + appID + li_2: null

2022-04-01 00:20:32 - [TEST_STEP][PASSED] - hrefApp = li_1 + appID + "/": null

2022-04-01 00:20:32 - [TEST_STEP][PASSED] - println("hrefApp : " + hrefApp): null

2022-04-01 00:20:32 - [TEST_STEP][PASSED] - if (ExecuteTC.equalsIgnoreCase("Y")): null

2022-04-01 00:20:32 - [TEST_STEP][PASSED] - out.println("Begin Record Number: " + row): null

2022-04-01 00:20:32 - [TEST_STEP][PASSED] - today = new java.util.Date(): null

2022-04-01 00:20:32 - [TEST_STEP][PASSED] - println(today): null

2022-04-01 00:20:32 - [TEST_STEP][PASSED] - datText = today: null

2022-04-01 00:20:32 - [TEST_STEP][PASSED] - adminSuiteBootstrap.loginFunctionality.login_AdminSuite(): adminSuiteBootstrap.loginFunctionality.login_AdminSuite is PASSED

2022-04-01 00:20:32 - [MESSAGE][INFO] - Starting 'Chrome' driver

2022-04-01 00:20:32 - [MESSAGE][INFO] - User set preference: ['acceptInsecureCerts', 'true']

2022-04-01 00:20:32 - [MESSAGE][INFO] - Action delay is set to 0 milliseconds

2022-04-01 00:20:35 - [MESSAGE][PASSED] - Browser is opened with url: 'https://qa.velocitypayment.com/admin/imtiaz'

2022-04-01 00:20:35 - [MESSAGE][PASSED] - Current window maximized

2022-04-01 00:20:36 - [MESSAGE][PASSED] - Object 'Object Repository/Login_Page/Login_Username' is present

2022-04-01 00:20:37 - [MESSAGE][PASSED] - Text 'iahmed' is set on object 'Object Repository/Login_Page/Login_Username'

2022-04-01 00:20:37 - [MESSAGE][PASSED] - Text 'hello2222' is set on object 'Object Repository/Login_Page/Login_Password'

2022-04-01 00:20:40 - [MESSAGE][PASSED] - Object: 'Object Repository/Login_Page/Login_Submit' is clicked on

2022-04-01 00:20:40 - [MESSAGE][PASSED] - adminSuiteBootstrap.loginFunctionality.login_AdminSuite is PASSED

2022-04-01 00:20:40 - [TEST_STEP][PASSED] - click(findTestObject(path_Dashboard + appName)): Object: 'Object Repository/AdminSuiteBootstrap_Pages/Dashboard_Bootstrap/a_Access AutoDualCFtpQA' is clicked on

2022-04-01 00:20:41 - [MESSAGE][PASSED] - Object: 'Object Repository/AdminSuiteBootstrap_Pages/Dashboard_Bootstrap/a_Access AutoDualCFtpQA' is clicked on

2022-04-01 00:20:41 - [TEST_STEP][PASSED] - click(findTestObject(path_VT + "button_Authorization Only")): Object: 'Object Repository/AdminSuiteBootstrap_Pages/VT_Bootstrap/IssueTransactions/button_Authorization Only' is clicked on

2022-04-01 00:20:41 - [MESSAGE][PASSED] - Object: 'Object Repository/AdminSuiteBootstrap_Pages/VT_Bootstrap/IssueTransactions/button_Authorization Only' is clicked on

2022-04-01 00:20:41 - [TEST_STEP][PASSED] - authOnlyKeyboardEntryLink = modifyObjectProperty(findTestObject(path_VT + "a_KeyboardEntry_Sale"), "href", "equals", hrefAppID, true): Modify property of object successfully

2022-04-01 00:20:41 - [MESSAGE][PASSED] - Modify property of object successfully

2022-04-01 00:20:41 - [TEST_STEP][PASSED] - click(authOnlyKeyboardEntryLink): Object: 'Object Repository/AdminSuiteBootstrap_Pages/VT_Bootstrap/IssueTransactions/a_KeyboardEntry_Sale' is clicked on

2022-04-01 00:20:42 - [MESSAGE][PASSED] - Object: 'Object Repository/AdminSuiteBootstrap_Pages/VT_Bootstrap/IssueTransactions/a_KeyboardEntry_Sale' is clicked on

2022-04-01 00:20:42 - [TEST_STEP][PASSED] - adminSuiteBootstrap.virtualTerminalSetData.saleKeyboard_DataDriven(row, dataFile): adminSuiteBootstrap.virtualTerminalSetData.saleKeyboard_DataDriven is PASSED

2022-04-01 00:20:45 - [MESSAGE][PASSED] - Text 'Tulsi Raman' is set on object 'Object Repository/AdminSuiteBootstrap_Pages/VT_Bootstrap/SaleKeyboard/input_cardName'

2022-04-01 00:20:46 - [MESSAGE][PASSED] - All options with value 'RETL' are selected in object 'Object Repository/AdminSuiteBootstrap_Pages/VT_Bootstrap/SaleKeyboard/select_transactionCategory'  using regular expression

2022-04-01 00:20:47 - [MESSAGE][PASSED] - Execute JavaScript 'arguments[0].value ='5146312200000035' ' successfully

2022-04-01 00:20:47 - [MESSAGE][PASSED] - Execute JavaScript 'arguments[0].value ='123' ' successfully

2022-04-01 00:20:48 - [MESSAGE][PASSED] - All options with value '12' are selected in object 'Object Repository/AdminSuiteBootstrap_Pages/VT_Bootstrap/SaleKeyboard/select_MM'  using regular expression

2022-04-01 00:20:49 - [MESSAGE][PASSED] - All options with value '2025' are selected in object 'Object Repository/AdminSuiteBootstrap_Pages/VT_Bootstrap/SaleKeyboard/select_YYYY'  using regular expression

2022-04-01 00:20:50 - [MESSAGE][PASSED] - Text '1478 Jhatka Palace' is set on object 'Object Repository/AdminSuiteBootstrap_Pages/VT_Bootstrap/SaleKeyboard/input__address'

2022-04-01 00:20:51 - [MESSAGE][PASSED] - Text 'Suite 500' is set on object 'Object Repository/AdminSuiteBootstrap_Pages/VT_Bootstrap/SaleKeyboard/input__address2'

2022-04-01 00:20:51 - [MESSAGE][PASSED] - Text '22201' is set on object 'Object Repository/AdminSuiteBootstrap_Pages/VT_Bootstrap/SaleKeyboard/input__zip'

2022-04-01 00:20:52 - [MESSAGE][PASSED] - Text '' is set on object 'Object Repository/AdminSuiteBootstrap_Pages/VT_Bootstrap/SaleKeyboard/input_emailAddress'

2022-04-01 00:20:53 - [MESSAGE][PASSED] - Text '' is set on object 'Object Repository/AdminSuiteBootstrap_Pages/VT_Bootstrap/SaleKeyboard/input_smsNumber'

2022-04-01 00:20:54 - [MESSAGE][PASSED] - Text '10.50' is set on object 'Object Repository/AdminSuiteBootstrap_Pages/VT_Bootstrap/SaleKeyboard/input_amount'

2022-04-01 00:20:55 - [MESSAGE][PASSED] - Text 'Australia' is set on object 'Object Repository/AdminSuiteBootstrap_Pages/VT_Bootstrap/SaleKeyboard/input_userDefined1'

2022-04-01 00:20:56 - [MESSAGE][PASSED] - Text 'Denmark' is set on object 'Object Repository/AdminSuiteBootstrap_Pages/VT_Bootstrap/SaleKeyboard/input_userDefined2'

2022-04-01 00:20:57 - [MESSAGE][PASSED] - Text 'Sweden' is set on object 'Object Repository/AdminSuiteBootstrap_Pages/VT_Bootstrap/SaleKeyboard/input_userDefined3'

2022-04-01 00:20:57 - [MESSAGE][PASSED] - Text 'Austria' is set on object 'Object Repository/AdminSuiteBootstrap_Pages/VT_Bootstrap/SaleKeyboard/input_userDefined4'

2022-04-01 00:20:58 - [MESSAGE][PASSED] - All options with label 'Orange' are selected in object 'Object Repository/AdminSuiteBootstrap_Pages/VT_Bootstrap/SaleKeyboard/select_UDF5_DropDown'  using regular expression

2022-04-01 00:20:59 - [MESSAGE][PASSED] - All options with label 'Yellow' are selected in object 'Object Repository/AdminSuiteBootstrap_Pages/VT_Bootstrap/SaleKeyboard/select_UDF6_DropDown'  using regular expression

2022-04-01 00:21:00 - [MESSAGE][PASSED] - Text 'Norway' is set on object 'Object Repository/AdminSuiteBootstrap_Pages/VT_Bootstrap/SaleKeyboard/input_userDefined7'

2022-04-01 00:21:01 - [MESSAGE][PASSED] - Text 'Netherlands' is set on object 'Object Repository/AdminSuiteBootstrap_Pages/VT_Bootstrap/SaleKeyboard/input_userDefined8'

2022-04-01 00:21:01 - [MESSAGE][PASSED] - Text 'Switzerland' is set on object 'Object Repository/AdminSuiteBootstrap_Pages/VT_Bootstrap/SaleKeyboard/input_userDefined9'

2022-04-01 00:21:02 - [MESSAGE][PASSED] - Text 'France' is set on object 'Object Repository/AdminSuiteBootstrap_Pages/VT_Bootstrap/SaleKeyboard/input_userDefined10'

2022-04-01 00:21:04 - [MESSAGE][PASSED] - Object: 'Object Repository/AdminSuiteBootstrap_Pages/VT_Bootstrap/SaleKeyboard/button_Submit' is clicked on

2022-04-01 00:21:04 - [MESSAGE][PASSED] - adminSuiteBootstrap.virtualTerminalSetData.saleKeyboard_DataDriven is PASSED

2022-04-01 00:21:04 - [TEST_STEP][PASSED] - if (verifyTextPresent("Transaction Successful", true)): null

2022-04-01 00:21:05 - [MESSAGE][PASSED] - Text 'Transaction Successful' is present on page  using regular expression

2022-04-01 00:21:05 - [TEST_STEP][PASSED] - sdf = getText(findTestObject(path_Receipt + "td_AutoNoC031622113752957Ahm")): Text of object 'Object Repository/AdminSuiteBootstrap_Pages/VT_Bootstrap/Receipt/td_AutoNoC031622113752957Ahm' is: 'AutoDua040122001854900Ahm'

2022-04-01 00:21:05 - [MESSAGE][PASSED] - Text of object 'Object Repository/AdminSuiteBootstrap_Pages/VT_Bootstrap/Receipt/td_AutoNoC031622113752957Ahm' is: 'AutoDua040122001854900Ahm'

2022-04-01 00:21:05 - [TEST_STEP][PASSED] - out.println("sdf: " + sdf): null

2022-04-01 00:21:05 - [TEST_STEP][PASSED] - remID = sdf: null

2022-04-01 00:21:05 - [TEST_STEP][PASSED] - out.println("remID: " + remID): null

2022-04-01 00:21:05 - [TEST_STEP][PASSED] - click(findTestObject(path_Receipt + "button_Continue")): Object: 'Object Repository/AdminSuiteBootstrap_Pages/VT_Bootstrap/Receipt/button_Continue' is clicked on

2022-04-01 00:21:06 - [MESSAGE][PASSED] - Object: 'Object Repository/AdminSuiteBootstrap_Pages/VT_Bootstrap/Receipt/button_Continue' is clicked on

2022-04-01 00:21:06 - [TEST_STEP][PASSED] - click(findTestObject(path_VT + "a_Search Transactions")): Object: 'Object Repository/AdminSuiteBootstrap_Pages/VT_Bootstrap/IssueTransactions/a_Search Transactions' is clicked on

2022-04-01 00:21:07 - [MESSAGE][PASSED] - Object: 'Object Repository/AdminSuiteBootstrap_Pages/VT_Bootstrap/IssueTransactions/a_Search Transactions' is clicked on

2022-04-01 00:21:07 - [TEST_STEP][PASSED] - setText(findTestObject(path_CCSearch + "input_Search By_searchValue"), remID): Text 'AutoDua040122001854900Ahm' is set on object 'Object Repository/AdminSuiteBootstrap_Pages/VT_Bootstrap/CCCreditOrVoidSearch/input_Search By_searchValue'

2022-04-01 00:21:08 - [MESSAGE][PASSED] - Text 'AutoDua040122001854900Ahm' is set on object 'Object Repository/AdminSuiteBootstrap_Pages/VT_Bootstrap/CCCreditOrVoidSearch/input_Search By_searchValue'

2022-04-01 00:21:08 - [TEST_STEP][PASSED] - click(findTestObject(path_CCSearch + "option_Authorization")): Object: 'Object Repository/AdminSuiteBootstrap_Pages/VT_Bootstrap/CCCreditOrVoidSearch/option_Authorization' is clicked on

2022-04-01 00:21:08 - [MESSAGE][PASSED] - Object: 'Object Repository/AdminSuiteBootstrap_Pages/VT_Bootstrap/CCCreditOrVoidSearch/option_Authorization' is clicked on

2022-04-01 00:21:08 - [TEST_STEP][PASSED] - click(findTestObject(path_CCSearch + "button_Submit")): Object: 'Object Repository/AdminSuiteBootstrap_Pages/VT_Bootstrap/CCCreditOrVoidSearch/button_Submit' is clicked on

2022-04-01 00:21:09 - [MESSAGE][PASSED] - Object: 'Object Repository/AdminSuiteBootstrap_Pages/VT_Bootstrap/CCCreditOrVoidSearch/button_Submit' is clicked on

2022-04-01 00:21:09 - [TEST_STEP][PASSED] - fgr = getText(findTestObject(path_SearchResults + "div_Payment ID")): Text of object 'Object Repository/AdminSuiteBootstrap_Pages/VT_Bootstrap/SearchResults/div_Payment ID' is: 'Payment ID
Payment Type
Transaction Type
Remittance ID
Name
Total Amount
End Date
Status
12114303 Credit Card Authorization AutoDua040122001854900Ahm Tulsi Raman $10.50 04/01/2022 Success'

2022-04-01 00:21:09 - [MESSAGE][PASSED] - Text of object 'Object Repository/AdminSuiteBootstrap_Pages/VT_Bootstrap/SearchResults/div_Payment ID' is: 'Payment ID
Payment Type
Transaction Type
Remittance ID
Name
Total Amount
End Date
Status
12114303 Credit Card Authorization AutoDua040122001854900Ahm Tulsi Raman $10.50 04/01/2022 Success'

2022-04-01 00:21:09 - [TEST_STEP][PASSED] - payID = substring(89, 98).trim(): null

2022-04-01 00:21:09 - [TEST_STEP][PASSED] - out.println("payID: " + payID): null

2022-04-01 00:21:09 - [TEST_STEP][PASSED] - click(findTestObject(path_SearchResults + "button_PaymentID")): Object: 'Object Repository/AdminSuiteBootstrap_Pages/VT_Bootstrap/SearchResults/button_PaymentID' is clicked on

2022-04-01 00:21:10 - [MESSAGE][PASSED] - Object: 'Object Repository/AdminSuiteBootstrap_Pages/VT_Bootstrap/SearchResults/button_PaymentID' is clicked on

2022-04-01 00:21:10 - [TEST_STEP][PASSED] - verifyTextPresent("Tender Type", true): Text 'Tender Type' is present on page  using regular expression

2022-04-01 00:21:11 - [MESSAGE][PASSED] - Text 'Tender Type' is present on page  using regular expression

2022-04-01 00:21:11 - [TEST_STEP][PASSED] - verifyTextPresent("Credit Card", true): Text 'Credit Card' is present on page  using regular expression

2022-04-01 00:21:11 - [MESSAGE][PASSED] - Text 'Credit Card' is present on page  using regular expression

2022-04-01 00:21:11 - [TEST_STEP][PASSED] - verifyTextPresent("Transaction Type", true): Text 'Transaction Type' is present on page  using regular expression

2022-04-01 00:21:12 - [MESSAGE][PASSED] - Text 'Transaction Type' is present on page  using regular expression

2022-04-01 00:21:12 - [TEST_STEP][PASSED] - verifyTextPresent("Authorization", true): Text 'Authorization' is present on page  using regular expression

2022-04-01 00:21:12 - [MESSAGE][PASSED] - Text 'Authorization' is present on page  using regular expression

2022-04-01 00:21:12 - [TEST_STEP][PASSED] - verifyTextPresent("Transaction Posted by", true): Text 'Transaction Posted by' is present on page  using regular expression

2022-04-01 00:21:12 - [MESSAGE][PASSED] - Text 'Transaction Posted by' is present on page  using regular expression

2022-04-01 00:21:12 - [TEST_STEP][PASSED] - verifyTextPresent("iahmed", true): Text 'iahmed' is present on page  using regular expression

2022-04-01 00:21:13 - [MESSAGE][PASSED] - Text 'iahmed' is present on page  using regular expression

2022-04-01 00:21:13 - [TEST_STEP][PASSED] - click(findTestObject(path_TranxDetails + "a_Capture this transaction")): Object: 'Object Repository/AdminSuiteBootstrap_Pages/VT_Bootstrap/TransactionDetails/a_Capture this transaction' is clicked on

2022-04-01 00:21:14 - [MESSAGE][PASSED] - Object: 'Object Repository/AdminSuiteBootstrap_Pages/VT_Bootstrap/TransactionDetails/a_Capture this transaction' is clicked on

2022-04-01 00:21:14 - [TEST_STEP][PASSED] - verifyTextPresent("Credit Card Capture", true): Text 'Credit Card Capture' is present on page  using regular expression

2022-04-01 00:21:14 - [MESSAGE][PASSED] - Text 'Credit Card Capture' is present on page  using regular expression

2022-04-01 00:21:14 - [TEST_STEP][PASSED] - captureAmount = findTestData(dataFile).getValue("CaptureAmount", row): null

2022-04-01 00:21:14 - [TEST_STEP][PASSED] - setText(findTestObject(path_SaleKB + "input_amountCapture"), captureAmount): Text '8.50' is set on object 'Object Repository/AdminSuiteBootstrap_Pages/VT_Bootstrap/SaleKeyboard/input_amountCapture'

2022-04-01 00:21:15 - [MESSAGE][PASSED] - Text '8.50' is set on object 'Object Repository/AdminSuiteBootstrap_Pages/VT_Bootstrap/SaleKeyboard/input_amountCapture'

2022-04-01 00:21:15 - [TEST_STEP][PASSED] - amountWithCF = findTestData(dataFile).getValue("AmountwithCF", row): null

2022-04-01 00:21:15 - [TEST_STEP][PASSED] - click(findTestObject(path_TranxDetails + "button_Submit")): Object: 'Object Repository/AdminSuiteBootstrap_Pages/VT_Bootstrap/TransactionDetails/button_Submit' is clicked on

2022-04-01 00:21:18 - [MESSAGE][PASSED] - Object: 'Object Repository/AdminSuiteBootstrap_Pages/VT_Bootstrap/TransactionDetails/button_Submit' is clicked on

2022-04-01 00:21:18 - [TEST_STEP][PASSED] - verifyTextPresent("Transaction Successful", true): Text 'Transaction Successful' is present on page  using regular expression

2022-04-01 00:21:18 - [MESSAGE][PASSED] - Text 'Transaction Successful' is present on page  using regular expression

2022-04-01 00:21:18 - [TEST_STEP][PASSED] - verifyTextPresent("Transaction Type", true): Text 'Transaction Type' is present on page  using regular expression

2022-04-01 00:21:19 - [MESSAGE][PASSED] - Text 'Transaction Type' is present on page  using regular expression

2022-04-01 00:21:19 - [TEST_STEP][PASSED] - verifyTextPresent("Capture", true): Text 'Capture' is present on page  using regular expression

2022-04-01 00:21:19 - [MESSAGE][PASSED] - Text 'Capture' is present on page  using regular expression

2022-04-01 00:21:19 - [TEST_STEP][PASSED] - verifyTextPresent("Amount", true): Text 'Amount' is present on page  using regular expression

2022-04-01 00:21:19 - [MESSAGE][PASSED] - Text 'Amount' is present on page  using regular expression

2022-04-01 00:21:19 - [TEST_STEP][PASSED] - verifyTextPresent("Service Fee", true): Text 'Service Fee' is present on page  using regular expression

2022-04-01 00:21:20 - [MESSAGE][PASSED] - Text 'Service Fee' is present on page  using regular expression

2022-04-01 00:21:20 - [TEST_STEP][PASSED] - verifyTextPresent("Service Fee Type", true): Text 'Service Fee Type' is present on page  using regular expression

2022-04-01 00:21:20 - [MESSAGE][PASSED] - Text 'Service Fee Type' is present on page  using regular expression

2022-04-01 00:21:20 - [TEST_STEP][PASSED] - verifyTextPresent("Total Amount", true): Text 'Total Amount' is present on page  using regular expression

2022-04-01 00:21:20 - [MESSAGE][PASSED] - Text 'Total Amount' is present on page  using regular expression

2022-04-01 00:21:20 - [TEST_STEP][PASSED] - verifyTextPresent(captureAmount, true): Text '8.50' is present on page  using regular expression

2022-04-01 00:21:21 - [MESSAGE][PASSED] - Text '8.50' is present on page  using regular expression

2022-04-01 00:21:21 - [TEST_STEP][PASSED] - verifyTextPresent("5.00", true): Text '5.00' is present on page  using regular expression

2022-04-01 00:21:21 - [MESSAGE][PASSED] - Text '5.00' is present on page  using regular expression

2022-04-01 00:21:21 - [TEST_STEP][PASSED] - verifyTextPresent("Dual Transaction", true): Text 'Dual Transaction' is present on page  using regular expression

2022-04-01 00:21:21 - [MESSAGE][PASSED] - Text 'Dual Transaction' is present on page  using regular expression

2022-04-01 00:21:21 - [TEST_STEP][PASSED] - verifyTextPresent(amountWithCF, true): Text '13.50' is present on page  using regular expression

2022-04-01 00:21:22 - [MESSAGE][PASSED] - Text '13.50' is present on page  using regular expression

2022-04-01 00:21:22 - [TEST_STEP][PASSED] - closeBrowser(): Browser is closed

2022-04-01 00:21:23 - [MESSAGE][PASSED] - Browser is closed

2022-04-01 00:21:23 - [TEST_STEP][PASSED] - ExecuteTC = findTestData(dataFile).getValue("Execute", row): null

2022-04-01 00:21:23 - [TEST_STEP][PASSED] - out.println("Value of Execute is : " + ExecuteTC): null

2022-04-01 00:21:23 - [TEST_STEP][PASSED] - switch (executionProfile): null

2022-04-01 00:21:23 - [TEST_STEP][PASSED] - case "QAProfile":: null

2022-04-01 00:21:23 - [TEST_STEP][PASSED] - appName = findTestData(dataFile).getValue("AppNameQA", row): null

2022-04-01 00:21:23 - [TEST_STEP][PASSED] - appID = findTestData(dataFile).getValue("AppIDQA", row): null

2022-04-01 00:21:23 - [TEST_STEP][PASSED] - break: null

2022-04-01 00:21:23 - [TEST_STEP][PASSED] - hrefAppID = li_1 + appID + li_2: null

2022-04-01 00:21:23 - [TEST_STEP][PASSED] - hrefApp = li_1 + appID + "/": null

2022-04-01 00:21:23 - [TEST_STEP][PASSED] - println("hrefApp : " + hrefApp): null

2022-04-01 00:21:23 - [TEST_STEP][PASSED] - if (ExecuteTC.equalsIgnoreCase("Y")): null

2022-04-01 00:21:23 - [TEST_STEP][PASSED] - out.println("Begin Record Number: " + row): null

2022-04-01 00:21:23 - [TEST_STEP][PASSED] - today = new java.util.Date(): null

2022-04-01 00:21:23 - [TEST_STEP][PASSED] - println(today): null

2022-04-01 00:21:23 - [TEST_STEP][PASSED] - datText = today: null

2022-04-01 00:21:23 - [TEST_STEP][PASSED] - adminSuiteBootstrap.loginFunctionality.login_AdminSuite(): adminSuiteBootstrap.loginFunctionality.login_AdminSuite is PASSED

2022-04-01 00:21:23 - [MESSAGE][INFO] - Starting 'Chrome' driver

2022-04-01 00:21:23 - [MESSAGE][INFO] - User set preference: ['acceptInsecureCerts', 'true']

2022-04-01 00:21:23 - [MESSAGE][INFO] - Action delay is set to 0 milliseconds

2022-04-01 00:21:26 - [MESSAGE][PASSED] - Browser is opened with url: 'https://qa.velocitypayment.com/admin/imtiaz'

2022-04-01 00:21:26 - [MESSAGE][PASSED] - Current window maximized

2022-04-01 00:21:26 - [MESSAGE][PASSED] - Object 'Object Repository/Login_Page/Login_Username' is present

2022-04-01 00:21:27 - [MESSAGE][PASSED] - Text 'iahmed' is set on object 'Object Repository/Login_Page/Login_Username'

2022-04-01 00:21:28 - [MESSAGE][PASSED] - Text 'hello2222' is set on object 'Object Repository/Login_Page/Login_Password'

2022-04-01 00:21:31 - [MESSAGE][PASSED] - Object: 'Object Repository/Login_Page/Login_Submit' is clicked on

2022-04-01 00:21:31 - [MESSAGE][PASSED] - adminSuiteBootstrap.loginFunctionality.login_AdminSuite is PASSED

2022-04-01 00:21:31 - [TEST_STEP][PASSED] - click(findTestObject(path_Dashboard + appName)): Object: 'Object Repository/AdminSuiteBootstrap_Pages/Dashboard_Bootstrap/a_Access AutoDualCFtpQA' is clicked on

2022-04-01 00:21:32 - [MESSAGE][PASSED] - Object: 'Object Repository/AdminSuiteBootstrap_Pages/Dashboard_Bootstrap/a_Access AutoDualCFtpQA' is clicked on

2022-04-01 00:21:32 - [TEST_STEP][PASSED] - click(findTestObject(path_VT + "button_Authorization Only")): Object: 'Object Repository/AdminSuiteBootstrap_Pages/VT_Bootstrap/IssueTransactions/button_Authorization Only' is clicked on

2022-04-01 00:21:32 - [MESSAGE][PASSED] - Object: 'Object Repository/AdminSuiteBootstrap_Pages/VT_Bootstrap/IssueTransactions/button_Authorization Only' is clicked on

2022-04-01 00:21:32 - [TEST_STEP][PASSED] - authOnlyKeyboardEntryLink = modifyObjectProperty(findTestObject(path_VT + "a_KeyboardEntry_Sale"), "href", "equals", hrefAppID, true): Modify property of object successfully

2022-04-01 00:21:33 - [MESSAGE][PASSED] - Modify property of object successfully

2022-04-01 00:21:33 - [TEST_STEP][PASSED] - click(authOnlyKeyboardEntryLink): Object: 'Object Repository/AdminSuiteBootstrap_Pages/VT_Bootstrap/IssueTransactions/a_KeyboardEntry_Sale' is clicked on

2022-04-01 00:21:33 - [MESSAGE][PASSED] - Object: 'Object Repository/AdminSuiteBootstrap_Pages/VT_Bootstrap/IssueTransactions/a_KeyboardEntry_Sale' is clicked on

2022-04-01 00:21:33 - [TEST_STEP][PASSED] - adminSuiteBootstrap.virtualTerminalSetData.saleKeyboard_DataDriven(row, dataFile): adminSuiteBootstrap.virtualTerminalSetData.saleKeyboard_DataDriven is PASSED

2022-04-01 00:21:36 - [MESSAGE][PASSED] - Text 'Tulsi Raman' is set on object 'Object Repository/AdminSuiteBootstrap_Pages/VT_Bootstrap/SaleKeyboard/input_cardName'

2022-04-01 00:21:37 - [MESSAGE][PASSED] - All options with value 'RETL' are selected in object 'Object Repository/AdminSuiteBootstrap_Pages/VT_Bootstrap/SaleKeyboard/select_transactionCategory'  using regular expression

2022-04-01 00:21:38 - [MESSAGE][PASSED] - Execute JavaScript 'arguments[0].value ='371449635392376' ' successfully

2022-04-01 00:21:38 - [MESSAGE][PASSED] - Execute JavaScript 'arguments[0].value ='123' ' successfully

2022-04-01 00:21:39 - [MESSAGE][PASSED] - All options with value '12' are selected in object 'Object Repository/AdminSuiteBootstrap_Pages/VT_Bootstrap/SaleKeyboard/select_MM'  using regular expression

2022-04-01 00:21:40 - [MESSAGE][PASSED] - All options with value '2025' are selected in object 'Object Repository/AdminSuiteBootstrap_Pages/VT_Bootstrap/SaleKeyboard/select_YYYY'  using regular expression

2022-04-01 00:21:41 - [MESSAGE][PASSED] - Text '550 Swan Lake' is set on object 'Object Repository/AdminSuiteBootstrap_Pages/VT_Bootstrap/SaleKeyboard/input__address'

2022-04-01 00:21:41 - [MESSAGE][PASSED] - Text 'Suite 500' is set on object 'Object Repository/AdminSuiteBootstrap_Pages/VT_Bootstrap/SaleKeyboard/input__address2'

2022-04-01 00:21:42 - [MESSAGE][PASSED] - Text '22201' is set on object 'Object Repository/AdminSuiteBootstrap_Pages/VT_Bootstrap/SaleKeyboard/input__zip'

2022-04-01 00:21:43 - [MESSAGE][PASSED] - Text '' is set on object 'Object Repository/AdminSuiteBootstrap_Pages/VT_Bootstrap/SaleKeyboard/input_emailAddress'

2022-04-01 00:21:44 - [MESSAGE][PASSED] - Text '' is set on object 'Object Repository/AdminSuiteBootstrap_Pages/VT_Bootstrap/SaleKeyboard/input_smsNumber'

2022-04-01 00:21:45 - [MESSAGE][PASSED] - Text '10.50' is set on object 'Object Repository/AdminSuiteBootstrap_Pages/VT_Bootstrap/SaleKeyboard/input_amount'

2022-04-01 00:21:46 - [MESSAGE][PASSED] - Text 'Australia' is set on object 'Object Repository/AdminSuiteBootstrap_Pages/VT_Bootstrap/SaleKeyboard/input_userDefined1'

2022-04-01 00:21:46 - [MESSAGE][PASSED] - Text 'Denmark' is set on object 'Object Repository/AdminSuiteBootstrap_Pages/VT_Bootstrap/SaleKeyboard/input_userDefined2'

2022-04-01 00:21:47 - [MESSAGE][PASSED] - Text 'Sweden' is set on object 'Object Repository/AdminSuiteBootstrap_Pages/VT_Bootstrap/SaleKeyboard/input_userDefined3'

2022-04-01 00:21:48 - [MESSAGE][PASSED] - Text 'Austria' is set on object 'Object Repository/AdminSuiteBootstrap_Pages/VT_Bootstrap/SaleKeyboard/input_userDefined4'

2022-04-01 00:21:49 - [MESSAGE][PASSED] - All options with label 'Orange' are selected in object 'Object Repository/AdminSuiteBootstrap_Pages/VT_Bootstrap/SaleKeyboard/select_UDF5_DropDown'  using regular expression

2022-04-01 00:21:50 - [MESSAGE][PASSED] - All options with label 'Yellow' are selected in object 'Object Repository/AdminSuiteBootstrap_Pages/VT_Bootstrap/SaleKeyboard/select_UDF6_DropDown'  using regular expression

2022-04-01 00:21:50 - [MESSAGE][PASSED] - Text 'Norway' is set on object 'Object Repository/AdminSuiteBootstrap_Pages/VT_Bootstrap/SaleKeyboard/input_userDefined7'

2022-04-01 00:21:51 - [MESSAGE][PASSED] - Text 'Netherlands' is set on object 'Object Repository/AdminSuiteBootstrap_Pages/VT_Bootstrap/SaleKeyboard/input_userDefined8'

2022-04-01 00:21:52 - [MESSAGE][PASSED] - Text 'Switzerland' is set on object 'Object Repository/AdminSuiteBootstrap_Pages/VT_Bootstrap/SaleKeyboard/input_userDefined9'

2022-04-01 00:21:53 - [MESSAGE][PASSED] - Text 'France' is set on object 'Object Repository/AdminSuiteBootstrap_Pages/VT_Bootstrap/SaleKeyboard/input_userDefined10'

2022-04-01 00:21:55 - [MESSAGE][PASSED] - Object: 'Object Repository/AdminSuiteBootstrap_Pages/VT_Bootstrap/SaleKeyboard/button_Submit' is clicked on

2022-04-01 00:21:55 - [MESSAGE][PASSED] - adminSuiteBootstrap.virtualTerminalSetData.saleKeyboard_DataDriven is PASSED

2022-04-01 00:21:55 - [TEST_STEP][PASSED] - if (verifyTextPresent("Transaction Successful", true)): null

2022-04-01 00:21:55 - [MESSAGE][PASSED] - Text 'Transaction Successful' is present on page  using regular expression

2022-04-01 00:21:55 - [TEST_STEP][PASSED] - sdf = getText(findTestObject(path_Receipt + "td_AutoNoC031622113752957Ahm")): Text of object 'Object Repository/AdminSuiteBootstrap_Pages/VT_Bootstrap/Receipt/td_AutoNoC031622113752957Ahm' is: 'AutoDua040122001946128Ahm'

2022-04-01 00:21:56 - [MESSAGE][PASSED] - Text of object 'Object Repository/AdminSuiteBootstrap_Pages/VT_Bootstrap/Receipt/td_AutoNoC031622113752957Ahm' is: 'AutoDua040122001946128Ahm'

2022-04-01 00:21:56 - [TEST_STEP][PASSED] - out.println("sdf: " + sdf): null

2022-04-01 00:21:56 - [TEST_STEP][PASSED] - remID = sdf: null

2022-04-01 00:21:56 - [TEST_STEP][PASSED] - out.println("remID: " + remID): null

2022-04-01 00:21:56 - [TEST_STEP][PASSED] - click(findTestObject(path_Receipt + "button_Continue")): Object: 'Object Repository/AdminSuiteBootstrap_Pages/VT_Bootstrap/Receipt/button_Continue' is clicked on

2022-04-01 00:21:56 - [MESSAGE][PASSED] - Object: 'Object Repository/AdminSuiteBootstrap_Pages/VT_Bootstrap/Receipt/button_Continue' is clicked on

2022-04-01 00:21:56 - [TEST_STEP][PASSED] - click(findTestObject(path_VT + "a_Search Transactions")): Object: 'Object Repository/AdminSuiteBootstrap_Pages/VT_Bootstrap/IssueTransactions/a_Search Transactions' is clicked on

2022-04-01 00:21:57 - [MESSAGE][PASSED] - Object: 'Object Repository/AdminSuiteBootstrap_Pages/VT_Bootstrap/IssueTransactions/a_Search Transactions' is clicked on

2022-04-01 00:21:57 - [TEST_STEP][PASSED] - setText(findTestObject(path_CCSearch + "input_Search By_searchValue"), remID): Text 'AutoDua040122001946128Ahm' is set on object 'Object Repository/AdminSuiteBootstrap_Pages/VT_Bootstrap/CCCreditOrVoidSearch/input_Search By_searchValue'

2022-04-01 00:21:58 - [MESSAGE][PASSED] - Text 'AutoDua040122001946128Ahm' is set on object 'Object Repository/AdminSuiteBootstrap_Pages/VT_Bootstrap/CCCreditOrVoidSearch/input_Search By_searchValue'

2022-04-01 00:21:58 - [TEST_STEP][PASSED] - click(findTestObject(path_CCSearch + "option_Authorization")): Object: 'Object Repository/AdminSuiteBootstrap_Pages/VT_Bootstrap/CCCreditOrVoidSearch/option_Authorization' is clicked on

2022-04-01 00:21:59 - [MESSAGE][PASSED] - Object: 'Object Repository/AdminSuiteBootstrap_Pages/VT_Bootstrap/CCCreditOrVoidSearch/option_Authorization' is clicked on

2022-04-01 00:21:59 - [TEST_STEP][PASSED] - click(findTestObject(path_CCSearch + "button_Submit")): Object: 'Object Repository/AdminSuiteBootstrap_Pages/VT_Bootstrap/CCCreditOrVoidSearch/button_Submit' is clicked on

2022-04-01 00:22:00 - [MESSAGE][PASSED] - Object: 'Object Repository/AdminSuiteBootstrap_Pages/VT_Bootstrap/CCCreditOrVoidSearch/button_Submit' is clicked on

2022-04-01 00:22:00 - [TEST_STEP][PASSED] - fgr = getText(findTestObject(path_SearchResults + "div_Payment ID")): Text of object 'Object Repository/AdminSuiteBootstrap_Pages/VT_Bootstrap/SearchResults/div_Payment ID' is: 'Payment ID
Payment Type
Transaction Type
Remittance ID
Name
Total Amount
End Date
Status
12114307 Credit Card Authorization AutoDua040122001946128Ahm Tulsi Raman $10.50 04/01/2022 Success'

2022-04-01 00:22:00 - [MESSAGE][PASSED] - Text of object 'Object Repository/AdminSuiteBootstrap_Pages/VT_Bootstrap/SearchResults/div_Payment ID' is: 'Payment ID
Payment Type
Transaction Type
Remittance ID
Name
Total Amount
End Date
Status
12114307 Credit Card Authorization AutoDua040122001946128Ahm Tulsi Raman $10.50 04/01/2022 Success'

2022-04-01 00:22:00 - [TEST_STEP][PASSED] - payID = substring(89, 98).trim(): null

2022-04-01 00:22:00 - [TEST_STEP][PASSED] - out.println("payID: " + payID): null

2022-04-01 00:22:00 - [TEST_STEP][PASSED] - click(findTestObject(path_SearchResults + "button_PaymentID")): Object: 'Object Repository/AdminSuiteBootstrap_Pages/VT_Bootstrap/SearchResults/button_PaymentID' is clicked on

2022-04-01 00:22:01 - [MESSAGE][PASSED] - Object: 'Object Repository/AdminSuiteBootstrap_Pages/VT_Bootstrap/SearchResults/button_PaymentID' is clicked on

2022-04-01 00:22:01 - [TEST_STEP][PASSED] - verifyTextPresent("Tender Type", true): Text 'Tender Type' is present on page  using regular expression

2022-04-01 00:22:01 - [MESSAGE][PASSED] - Text 'Tender Type' is present on page  using regular expression

2022-04-01 00:22:01 - [TEST_STEP][PASSED] - verifyTextPresent("Credit Card", true): Text 'Credit Card' is present on page  using regular expression

2022-04-01 00:22:02 - [MESSAGE][PASSED] - Text 'Credit Card' is present on page  using regular expression

2022-04-01 00:22:02 - [TEST_STEP][PASSED] - verifyTextPresent("Transaction Type", true): Text 'Transaction Type' is present on page  using regular expression

2022-04-01 00:22:02 - [MESSAGE][PASSED] - Text 'Transaction Type' is present on page  using regular expression

2022-04-01 00:22:02 - [TEST_STEP][PASSED] - verifyTextPresent("Authorization", true): Text 'Authorization' is present on page  using regular expression

2022-04-01 00:22:02 - [MESSAGE][PASSED] - Text 'Authorization' is present on page  using regular expression

2022-04-01 00:22:02 - [TEST_STEP][PASSED] - verifyTextPresent("Transaction Posted by", true): Text 'Transaction Posted by' is present on page  using regular expression

2022-04-01 00:22:03 - [MESSAGE][PASSED] - Text 'Transaction Posted by' is present on page  using regular expression

2022-04-01 00:22:03 - [TEST_STEP][PASSED] - verifyTextPresent("iahmed", true): Text 'iahmed' is present on page  using regular expression

2022-04-01 00:22:03 - [MESSAGE][PASSED] - Text 'iahmed' is present on page  using regular expression

2022-04-01 00:22:03 - [TEST_STEP][PASSED] - click(findTestObject(path_TranxDetails + "a_Capture this transaction")): Object: 'Object Repository/AdminSuiteBootstrap_Pages/VT_Bootstrap/TransactionDetails/a_Capture this transaction' is clicked on

2022-04-01 00:22:04 - [MESSAGE][PASSED] - Object: 'Object Repository/AdminSuiteBootstrap_Pages/VT_Bootstrap/TransactionDetails/a_Capture this transaction' is clicked on

2022-04-01 00:22:04 - [TEST_STEP][PASSED] - verifyTextPresent("Credit Card Capture", true): Text 'Credit Card Capture' is present on page  using regular expression

2022-04-01 00:22:05 - [MESSAGE][PASSED] - Text 'Credit Card Capture' is present on page  using regular expression

2022-04-01 00:22:05 - [TEST_STEP][PASSED] - captureAmount = findTestData(dataFile).getValue("CaptureAmount", row): null

2022-04-01 00:22:05 - [TEST_STEP][PASSED] - setText(findTestObject(path_SaleKB + "input_amountCapture"), captureAmount): Text '6.50' is set on object 'Object Repository/AdminSuiteBootstrap_Pages/VT_Bootstrap/SaleKeyboard/input_amountCapture'

2022-04-01 00:22:06 - [MESSAGE][PASSED] - Text '6.50' is set on object 'Object Repository/AdminSuiteBootstrap_Pages/VT_Bootstrap/SaleKeyboard/input_amountCapture'

2022-04-01 00:22:06 - [TEST_STEP][PASSED] - amountWithCF = findTestData(dataFile).getValue("AmountwithCF", row): null

2022-04-01 00:22:06 - [TEST_STEP][PASSED] - click(findTestObject(path_TranxDetails + "button_Submit")): Object: 'Object Repository/AdminSuiteBootstrap_Pages/VT_Bootstrap/TransactionDetails/button_Submit' is clicked on

2022-04-01 00:22:08 - [MESSAGE][PASSED] - Object: 'Object Repository/AdminSuiteBootstrap_Pages/VT_Bootstrap/TransactionDetails/button_Submit' is clicked on

2022-04-01 00:22:08 - [TEST_STEP][PASSED] - verifyTextPresent("Transaction Successful", true): Text 'Transaction Successful' is present on page  using regular expression

2022-04-01 00:22:09 - [MESSAGE][PASSED] - Text 'Transaction Successful' is present on page  using regular expression

2022-04-01 00:22:09 - [TEST_STEP][PASSED] - verifyTextPresent("Transaction Type", true): Text 'Transaction Type' is present on page  using regular expression

2022-04-01 00:22:09 - [MESSAGE][PASSED] - Text 'Transaction Type' is present on page  using regular expression

2022-04-01 00:22:09 - [TEST_STEP][PASSED] - verifyTextPresent("Capture", true): Text 'Capture' is present on page  using regular expression

2022-04-01 00:22:10 - [MESSAGE][PASSED] - Text 'Capture' is present on page  using regular expression

2022-04-01 00:22:10 - [TEST_STEP][PASSED] - verifyTextPresent("Amount", true): Text 'Amount' is present on page  using regular expression

2022-04-01 00:22:10 - [MESSAGE][PASSED] - Text 'Amount' is present on page  using regular expression

2022-04-01 00:22:10 - [TEST_STEP][PASSED] - verifyTextPresent("Service Fee", true): Text 'Service Fee' is present on page  using regular expression

2022-04-01 00:22:10 - [MESSAGE][PASSED] - Text 'Service Fee' is present on page  using regular expression

2022-04-01 00:22:10 - [TEST_STEP][PASSED] - verifyTextPresent("Service Fee Type", true): Text 'Service Fee Type' is present on page  using regular expression

2022-04-01 00:22:11 - [MESSAGE][PASSED] - Text 'Service Fee Type' is present on page  using regular expression

2022-04-01 00:22:11 - [TEST_STEP][PASSED] - verifyTextPresent("Total Amount", true): Text 'Total Amount' is present on page  using regular expression

2022-04-01 00:22:11 - [MESSAGE][PASSED] - Text 'Total Amount' is present on page  using regular expression

2022-04-01 00:22:11 - [TEST_STEP][PASSED] - verifyTextPresent(captureAmount, true): Text '6.50' is present on page  using regular expression

2022-04-01 00:22:11 - [MESSAGE][PASSED] - Text '6.50' is present on page  using regular expression

2022-04-01 00:22:11 - [TEST_STEP][PASSED] - verifyTextPresent("5.00", true): Text '5.00' is present on page  using regular expression

2022-04-01 00:22:12 - [MESSAGE][PASSED] - Text '5.00' is present on page  using regular expression

2022-04-01 00:22:12 - [TEST_STEP][PASSED] - verifyTextPresent("Dual Transaction", true): Text 'Dual Transaction' is present on page  using regular expression

2022-04-01 00:22:12 - [MESSAGE][PASSED] - Text 'Dual Transaction' is present on page  using regular expression

2022-04-01 00:22:12 - [TEST_STEP][PASSED] - verifyTextPresent(amountWithCF, true): Text '11.50' is present on page  using regular expression

2022-04-01 00:22:12 - [MESSAGE][PASSED] - Text '11.50' is present on page  using regular expression

2022-04-01 00:22:12 - [TEST_STEP][PASSED] - closeBrowser(): Browser is closed

2022-04-01 00:22:13 - [MESSAGE][PASSED] - Browser is closed

2022-04-01 00:22:13 - [TEST_STEP][PASSED] - ExecuteTC = findTestData(dataFile).getValue("Execute", row): null

2022-04-01 00:22:13 - [TEST_STEP][PASSED] - out.println("Value of Execute is : " + ExecuteTC): null

2022-04-01 00:22:13 - [TEST_STEP][PASSED] - switch (executionProfile): null

2022-04-01 00:22:13 - [TEST_STEP][PASSED] - case "QAProfile":: null

2022-04-01 00:22:13 - [TEST_STEP][PASSED] - appName = findTestData(dataFile).getValue("AppNameQA", row): null

2022-04-01 00:22:13 - [TEST_STEP][PASSED] - appID = findTestData(dataFile).getValue("AppIDQA", row): null

2022-04-01 00:22:14 - [TEST_STEP][PASSED] - break: null

2022-04-01 00:22:14 - [TEST_STEP][PASSED] - hrefAppID = li_1 + appID + li_2: null

2022-04-01 00:22:14 - [TEST_STEP][PASSED] - hrefApp = li_1 + appID + "/": null

2022-04-01 00:22:14 - [TEST_STEP][PASSED] - println("hrefApp : " + hrefApp): null

2022-04-01 00:22:14 - [TEST_STEP][PASSED] - if (ExecuteTC.equalsIgnoreCase("Y")): null

2022-04-01 00:22:14 - [TEST_STEP][PASSED] - out.println("Begin Record Number: " + row): null

2022-04-01 00:22:14 - [TEST_STEP][PASSED] - today = new java.util.Date(): null

2022-04-01 00:22:14 - [TEST_STEP][PASSED] - println(today): null

2022-04-01 00:22:14 - [TEST_STEP][PASSED] - datText = today: null

2022-04-01 00:22:14 - [TEST_STEP][PASSED] - adminSuiteBootstrap.loginFunctionality.login_AdminSuite(): adminSuiteBootstrap.loginFunctionality.login_AdminSuite is PASSED

2022-04-01 00:22:14 - [MESSAGE][INFO] - Starting 'Chrome' driver

2022-04-01 00:22:14 - [MESSAGE][INFO] - User set preference: ['acceptInsecureCerts', 'true']

2022-04-01 00:22:14 - [MESSAGE][INFO] - Action delay is set to 0 milliseconds

2022-04-01 00:22:17 - [MESSAGE][PASSED] - Browser is opened with url: 'https://qa.velocitypayment.com/admin/imtiaz'

2022-04-01 00:22:17 - [MESSAGE][PASSED] - Current window maximized

2022-04-01 00:22:17 - [MESSAGE][PASSED] - Object 'Object Repository/Login_Page/Login_Username' is present

2022-04-01 00:22:18 - [MESSAGE][PASSED] - Text 'iahmed' is set on object 'Object Repository/Login_Page/Login_Username'

2022-04-01 00:22:18 - [MESSAGE][PASSED] - Text 'hello2222' is set on object 'Object Repository/Login_Page/Login_Password'

2022-04-01 00:22:22 - [MESSAGE][PASSED] - Object: 'Object Repository/Login_Page/Login_Submit' is clicked on

2022-04-01 00:22:22 - [MESSAGE][PASSED] - adminSuiteBootstrap.loginFunctionality.login_AdminSuite is PASSED

2022-04-01 00:22:22 - [TEST_STEP][PASSED] - click(findTestObject(path_Dashboard + appName)): Object: 'Object Repository/AdminSuiteBootstrap_Pages/Dashboard_Bootstrap/a_Access AutoDualCFtpQA' is clicked on

2022-04-01 00:22:22 - [MESSAGE][PASSED] - Object: 'Object Repository/AdminSuiteBootstrap_Pages/Dashboard_Bootstrap/a_Access AutoDualCFtpQA' is clicked on

2022-04-01 00:22:22 - [TEST_STEP][PASSED] - click(findTestObject(path_VT + "button_Authorization Only")): Object: 'Object Repository/AdminSuiteBootstrap_Pages/VT_Bootstrap/IssueTransactions/button_Authorization Only' is clicked on

2022-04-01 00:22:23 - [MESSAGE][PASSED] - Object: 'Object Repository/AdminSuiteBootstrap_Pages/VT_Bootstrap/IssueTransactions/button_Authorization Only' is clicked on

2022-04-01 00:22:23 - [TEST_STEP][PASSED] - authOnlyKeyboardEntryLink = modifyObjectProperty(findTestObject(path_VT + "a_KeyboardEntry_Sale"), "href", "equals", hrefAppID, true): Modify property of object successfully

2022-04-01 00:22:23 - [MESSAGE][PASSED] - Modify property of object successfully

2022-04-01 00:22:23 - [TEST_STEP][PASSED] - click(authOnlyKeyboardEntryLink): Object: 'Object Repository/AdminSuiteBootstrap_Pages/VT_Bootstrap/IssueTransactions/a_KeyboardEntry_Sale' is clicked on

2022-04-01 00:22:24 - [MESSAGE][PASSED] - Object: 'Object Repository/AdminSuiteBootstrap_Pages/VT_Bootstrap/IssueTransactions/a_KeyboardEntry_Sale' is clicked on

2022-04-01 00:22:24 - [TEST_STEP][PASSED] - adminSuiteBootstrap.virtualTerminalSetData.saleKeyboard_DataDriven(row, dataFile): adminSuiteBootstrap.virtualTerminalSetData.saleKeyboard_DataDriven is PASSED

2022-04-01 00:22:27 - [MESSAGE][PASSED] - Text 'Tulsi Raman' is set on object 'Object Repository/AdminSuiteBootstrap_Pages/VT_Bootstrap/SaleKeyboard/input_cardName'

2022-04-01 00:22:28 - [MESSAGE][PASSED] - All options with value 'RETL' are selected in object 'Object Repository/AdminSuiteBootstrap_Pages/VT_Bootstrap/SaleKeyboard/select_transactionCategory'  using regular expression

2022-04-01 00:22:28 - [MESSAGE][PASSED] - Execute JavaScript 'arguments[0].value ='6011000993026909' ' successfully

2022-04-01 00:22:29 - [MESSAGE][PASSED] - Execute JavaScript 'arguments[0].value ='123' ' successfully

2022-04-01 00:22:30 - [MESSAGE][PASSED] - All options with value '12' are selected in object 'Object Repository/AdminSuiteBootstrap_Pages/VT_Bootstrap/SaleKeyboard/select_MM'  using regular expression

2022-04-01 00:22:31 - [MESSAGE][PASSED] - All options with value '2025' are selected in object 'Object Repository/AdminSuiteBootstrap_Pages/VT_Bootstrap/SaleKeyboard/select_YYYY'  using regular expression

2022-04-01 00:22:32 - [MESSAGE][PASSED] - Text '25987 Hill Top' is set on object 'Object Repository/AdminSuiteBootstrap_Pages/VT_Bootstrap/SaleKeyboard/input__address'

2022-04-01 00:22:32 - [MESSAGE][PASSED] - Text 'Suite 500' is set on object 'Object Repository/AdminSuiteBootstrap_Pages/VT_Bootstrap/SaleKeyboard/input__address2'

2022-04-01 00:22:33 - [MESSAGE][PASSED] - Text '22201' is set on object 'Object Repository/AdminSuiteBootstrap_Pages/VT_Bootstrap/SaleKeyboard/input__zip'

2022-04-01 00:22:34 - [MESSAGE][PASSED] - Text '' is set on object 'Object Repository/AdminSuiteBootstrap_Pages/VT_Bootstrap/SaleKeyboard/input_emailAddress'

2022-04-01 00:22:35 - [MESSAGE][PASSED] - Text '' is set on object 'Object Repository/AdminSuiteBootstrap_Pages/VT_Bootstrap/SaleKeyboard/input_smsNumber'

2022-04-01 00:22:36 - [MESSAGE][PASSED] - Text '10.50' is set on object 'Object Repository/AdminSuiteBootstrap_Pages/VT_Bootstrap/SaleKeyboard/input_amount'

2022-04-01 00:22:37 - [MESSAGE][PASSED] - Text 'Australia' is set on object 'Object Repository/AdminSuiteBootstrap_Pages/VT_Bootstrap/SaleKeyboard/input_userDefined1'

2022-04-01 00:22:37 - [MESSAGE][PASSED] - Text 'Denmark' is set on object 'Object Repository/AdminSuiteBootstrap_Pages/VT_Bootstrap/SaleKeyboard/input_userDefined2'

2022-04-01 00:22:38 - [MESSAGE][PASSED] - Text 'Sweden' is set on object 'Object Repository/AdminSuiteBootstrap_Pages/VT_Bootstrap/SaleKeyboard/input_userDefined3'

2022-04-01 00:22:39 - [MESSAGE][PASSED] - Text 'Austria' is set on object 'Object Repository/AdminSuiteBootstrap_Pages/VT_Bootstrap/SaleKeyboard/input_userDefined4'

2022-04-01 00:22:40 - [MESSAGE][PASSED] - All options with label 'Orange' are selected in object 'Object Repository/AdminSuiteBootstrap_Pages/VT_Bootstrap/SaleKeyboard/select_UDF5_DropDown'  using regular expression

2022-04-01 00:22:41 - [MESSAGE][PASSED] - All options with label 'Yellow' are selected in object 'Object Repository/AdminSuiteBootstrap_Pages/VT_Bootstrap/SaleKeyboard/select_UDF6_DropDown'  using regular expression

2022-04-01 00:22:42 - [MESSAGE][PASSED] - Text 'Norway' is set on object 'Object Repository/AdminSuiteBootstrap_Pages/VT_Bootstrap/SaleKeyboard/input_userDefined7'

2022-04-01 00:22:42 - [MESSAGE][PASSED] - Text 'Netherlands' is set on object 'Object Repository/AdminSuiteBootstrap_Pages/VT_Bootstrap/SaleKeyboard/input_userDefined8'

2022-04-01 00:22:43 - [MESSAGE][PASSED] - Text 'Switzerland' is set on object 'Object Repository/AdminSuiteBootstrap_Pages/VT_Bootstrap/SaleKeyboard/input_userDefined9'

2022-04-01 00:22:44 - [MESSAGE][PASSED] - Text 'France' is set on object 'Object Repository/AdminSuiteBootstrap_Pages/VT_Bootstrap/SaleKeyboard/input_userDefined10'

2022-04-01 00:22:46 - [MESSAGE][PASSED] - Object: 'Object Repository/AdminSuiteBootstrap_Pages/VT_Bootstrap/SaleKeyboard/button_Submit' is clicked on

2022-04-01 00:22:46 - [MESSAGE][PASSED] - adminSuiteBootstrap.virtualTerminalSetData.saleKeyboard_DataDriven is PASSED

2022-04-01 00:22:46 - [TEST_STEP][PASSED] - if (verifyTextPresent("Transaction Successful", true)): null

2022-04-01 00:22:46 - [MESSAGE][PASSED] - Text 'Transaction Successful' is present on page  using regular expression

2022-04-01 00:22:46 - [TEST_STEP][PASSED] - sdf = getText(findTestObject(path_Receipt + "td_AutoNoC031622113752957Ahm")): Text of object 'Object Repository/AdminSuiteBootstrap_Pages/VT_Bootstrap/Receipt/td_AutoNoC031622113752957Ahm' is: 'AutoDua040122002036567Ahm'

2022-04-01 00:22:47 - [MESSAGE][PASSED] - Text of object 'Object Repository/AdminSuiteBootstrap_Pages/VT_Bootstrap/Receipt/td_AutoNoC031622113752957Ahm' is: 'AutoDua040122002036567Ahm'

2022-04-01 00:22:47 - [TEST_STEP][PASSED] - out.println("sdf: " + sdf): null

2022-04-01 00:22:47 - [TEST_STEP][PASSED] - remID = sdf: null

2022-04-01 00:22:47 - [TEST_STEP][PASSED] - out.println("remID: " + remID): null

2022-04-01 00:22:47 - [TEST_STEP][PASSED] - click(findTestObject(path_Receipt + "button_Continue")): Object: 'Object Repository/AdminSuiteBootstrap_Pages/VT_Bootstrap/Receipt/button_Continue' is clicked on

2022-04-01 00:22:48 - [MESSAGE][PASSED] - Object: 'Object Repository/AdminSuiteBootstrap_Pages/VT_Bootstrap/Receipt/button_Continue' is clicked on

2022-04-01 00:22:48 - [TEST_STEP][PASSED] - click(findTestObject(path_VT + "a_Search Transactions")): Object: 'Object Repository/AdminSuiteBootstrap_Pages/VT_Bootstrap/IssueTransactions/a_Search Transactions' is clicked on

2022-04-01 00:22:49 - [MESSAGE][PASSED] - Object: 'Object Repository/AdminSuiteBootstrap_Pages/VT_Bootstrap/IssueTransactions/a_Search Transactions' is clicked on

2022-04-01 00:22:49 - [TEST_STEP][PASSED] - setText(findTestObject(path_CCSearch + "input_Search By_searchValue"), remID): Text 'AutoDua040122002036567Ahm' is set on object 'Object Repository/AdminSuiteBootstrap_Pages/VT_Bootstrap/CCCreditOrVoidSearch/input_Search By_searchValue'

2022-04-01 00:22:49 - [MESSAGE][PASSED] - Text 'AutoDua040122002036567Ahm' is set on object 'Object Repository/AdminSuiteBootstrap_Pages/VT_Bootstrap/CCCreditOrVoidSearch/input_Search By_searchValue'

2022-04-01 00:22:49 - [TEST_STEP][PASSED] - click(findTestObject(path_CCSearch + "option_Authorization")): Object: 'Object Repository/AdminSuiteBootstrap_Pages/VT_Bootstrap/CCCreditOrVoidSearch/option_Authorization' is clicked on

2022-04-01 00:22:50 - [MESSAGE][PASSED] - Object: 'Object Repository/AdminSuiteBootstrap_Pages/VT_Bootstrap/CCCreditOrVoidSearch/option_Authorization' is clicked on

2022-04-01 00:22:50 - [TEST_STEP][PASSED] - click(findTestObject(path_CCSearch + "button_Submit")): Object: 'Object Repository/AdminSuiteBootstrap_Pages/VT_Bootstrap/CCCreditOrVoidSearch/button_Submit' is clicked on

2022-04-01 00:22:51 - [MESSAGE][PASSED] - Object: 'Object Repository/AdminSuiteBootstrap_Pages/VT_Bootstrap/CCCreditOrVoidSearch/button_Submit' is clicked on

2022-04-01 00:22:51 - [TEST_STEP][PASSED] - fgr = getText(findTestObject(path_SearchResults + "div_Payment ID")): Text of object 'Object Repository/AdminSuiteBootstrap_Pages/VT_Bootstrap/SearchResults/div_Payment ID' is: 'Payment ID
Payment Type
Transaction Type
Remittance ID
Name
Total Amount
End Date
Status
12114311 Credit Card Authorization AutoDua040122002036567Ahm Tulsi Raman $10.50 04/01/2022 Success'

2022-04-01 00:22:51 - [MESSAGE][PASSED] - Text of object 'Object Repository/AdminSuiteBootstrap_Pages/VT_Bootstrap/SearchResults/div_Payment ID' is: 'Payment ID
Payment Type
Transaction Type
Remittance ID
Name
Total Amount
End Date
Status
12114311 Credit Card Authorization AutoDua040122002036567Ahm Tulsi Raman $10.50 04/01/2022 Success'

2022-04-01 00:22:51 - [TEST_STEP][PASSED] - payID = substring(89, 98).trim(): null

2022-04-01 00:22:51 - [TEST_STEP][PASSED] - out.println("payID: " + payID): null

2022-04-01 00:22:51 - [TEST_STEP][PASSED] - click(findTestObject(path_SearchResults + "button_PaymentID")): Object: 'Object Repository/AdminSuiteBootstrap_Pages/VT_Bootstrap/SearchResults/button_PaymentID' is clicked on

2022-04-01 00:22:52 - [MESSAGE][PASSED] - Object: 'Object Repository/AdminSuiteBootstrap_Pages/VT_Bootstrap/SearchResults/button_PaymentID' is clicked on

2022-04-01 00:22:52 - [TEST_STEP][PASSED] - verifyTextPresent("Tender Type", true): Text 'Tender Type' is present on page  using regular expression

2022-04-01 00:22:53 - [MESSAGE][PASSED] - Text 'Tender Type' is present on page  using regular expression

2022-04-01 00:22:53 - [TEST_STEP][PASSED] - verifyTextPresent("Credit Card", true): Text 'Credit Card' is present on page  using regular expression

2022-04-01 00:22:53 - [MESSAGE][PASSED] - Text 'Credit Card' is present on page  using regular expression

2022-04-01 00:22:53 - [TEST_STEP][PASSED] - verifyTextPresent("Transaction Type", true): Text 'Transaction Type' is present on page  using regular expression

2022-04-01 00:22:53 - [MESSAGE][PASSED] - Text 'Transaction Type' is present on page  using regular expression

2022-04-01 00:22:53 - [TEST_STEP][PASSED] - verifyTextPresent("Authorization", true): Text 'Authorization' is present on page  using regular expression

2022-04-01 00:22:54 - [MESSAGE][PASSED] - Text 'Authorization' is present on page  using regular expression

2022-04-01 00:22:54 - [TEST_STEP][PASSED] - verifyTextPresent("Transaction Posted by", true): Text 'Transaction Posted by' is present on page  using regular expression

2022-04-01 00:22:54 - [MESSAGE][PASSED] - Text 'Transaction Posted by' is present on page  using regular expression

2022-04-01 00:22:54 - [TEST_STEP][PASSED] - verifyTextPresent("iahmed", true): Text 'iahmed' is present on page  using regular expression

2022-04-01 00:22:54 - [MESSAGE][PASSED] - Text 'iahmed' is present on page  using regular expression

2022-04-01 00:22:54 - [TEST_STEP][PASSED] - click(findTestObject(path_TranxDetails + "a_Capture this transaction")): Object: 'Object Repository/AdminSuiteBootstrap_Pages/VT_Bootstrap/TransactionDetails/a_Capture this transaction' is clicked on

2022-04-01 00:22:55 - [MESSAGE][PASSED] - Object: 'Object Repository/AdminSuiteBootstrap_Pages/VT_Bootstrap/TransactionDetails/a_Capture this transaction' is clicked on

2022-04-01 00:22:55 - [TEST_STEP][PASSED] - verifyTextPresent("Credit Card Capture", true): Text 'Credit Card Capture' is present on page  using regular expression

2022-04-01 00:22:56 - [MESSAGE][PASSED] - Text 'Credit Card Capture' is present on page  using regular expression

2022-04-01 00:22:56 - [TEST_STEP][PASSED] - captureAmount = findTestData(dataFile).getValue("CaptureAmount", row): null

2022-04-01 00:22:56 - [TEST_STEP][PASSED] - setText(findTestObject(path_SaleKB + "input_amountCapture"), captureAmount): Text '10.00' is set on object 'Object Repository/AdminSuiteBootstrap_Pages/VT_Bootstrap/SaleKeyboard/input_amountCapture'

2022-04-01 00:22:57 - [MESSAGE][PASSED] - Text '10.00' is set on object 'Object Repository/AdminSuiteBootstrap_Pages/VT_Bootstrap/SaleKeyboard/input_amountCapture'

2022-04-01 00:22:57 - [TEST_STEP][PASSED] - amountWithCF = findTestData(dataFile).getValue("AmountwithCF", row): null

2022-04-01 00:22:57 - [TEST_STEP][PASSED] - click(findTestObject(path_TranxDetails + "button_Submit")): Object: 'Object Repository/AdminSuiteBootstrap_Pages/VT_Bootstrap/TransactionDetails/button_Submit' is clicked on

2022-04-01 00:23:00 - [MESSAGE][PASSED] - Object: 'Object Repository/AdminSuiteBootstrap_Pages/VT_Bootstrap/TransactionDetails/button_Submit' is clicked on

2022-04-01 00:23:00 - [TEST_STEP][PASSED] - verifyTextPresent("Transaction Successful", true): Text 'Transaction Successful' is present on page  using regular expression

2022-04-01 00:23:00 - [MESSAGE][PASSED] - Text 'Transaction Successful' is present on page  using regular expression

2022-04-01 00:23:00 - [TEST_STEP][PASSED] - verifyTextPresent("Transaction Type", true): Text 'Transaction Type' is present on page  using regular expression

2022-04-01 00:23:00 - [MESSAGE][PASSED] - Text 'Transaction Type' is present on page  using regular expression

2022-04-01 00:23:00 - [TEST_STEP][PASSED] - verifyTextPresent("Capture", true): Text 'Capture' is present on page  using regular expression

2022-04-01 00:23:01 - [MESSAGE][PASSED] - Text 'Capture' is present on page  using regular expression

2022-04-01 00:23:01 - [TEST_STEP][PASSED] - verifyTextPresent("Amount", true): Text 'Amount' is present on page  using regular expression

2022-04-01 00:23:01 - [MESSAGE][PASSED] - Text 'Amount' is present on page  using regular expression

2022-04-01 00:23:01 - [TEST_STEP][PASSED] - verifyTextPresent("Service Fee", true): Text 'Service Fee' is present on page  using regular expression

2022-04-01 00:23:01 - [MESSAGE][PASSED] - Text 'Service Fee' is present on page  using regular expression

2022-04-01 00:23:01 - [TEST_STEP][PASSED] - verifyTextPresent("Service Fee Type", true): Text 'Service Fee Type' is present on page  using regular expression

2022-04-01 00:23:02 - [MESSAGE][PASSED] - Text 'Service Fee Type' is present on page  using regular expression

2022-04-01 00:23:02 - [TEST_STEP][PASSED] - verifyTextPresent("Total Amount", true): Text 'Total Amount' is present on page  using regular expression

2022-04-01 00:23:02 - [MESSAGE][PASSED] - Text 'Total Amount' is present on page  using regular expression

2022-04-01 00:23:02 - [TEST_STEP][PASSED] - verifyTextPresent(captureAmount, true): Text '10.00' is present on page  using regular expression

2022-04-01 00:23:02 - [MESSAGE][PASSED] - Text '10.00' is present on page  using regular expression

2022-04-01 00:23:02 - [TEST_STEP][PASSED] - verifyTextPresent("5.00", true): Text '5.00' is present on page  using regular expression

2022-04-01 00:23:03 - [MESSAGE][PASSED] - Text '5.00' is present on page  using regular expression

2022-04-01 00:23:03 - [TEST_STEP][PASSED] - verifyTextPresent("Dual Transaction", true): Text 'Dual Transaction' is present on page  using regular expression

2022-04-01 00:23:03 - [MESSAGE][PASSED] - Text 'Dual Transaction' is present on page  using regular expression

2022-04-01 00:23:03 - [TEST_STEP][PASSED] - verifyTextPresent(amountWithCF, true): Text '15.00' is present on page  using regular expression

2022-04-01 00:23:04 - [MESSAGE][PASSED] - Text '15.00' is present on page  using regular expression

2022-04-01 00:23:04 - [TEST_STEP][PASSED] - closeBrowser(): Browser is closed

2022-04-01 00:23:04 - [MESSAGE][PASSED] - Browser is closed

2022-04-01 00:23:04 - [TEST_STEP][PASSED] - ExecuteTC = findTestData(dataFile).getValue("Execute", row): null

2022-04-01 00:23:04 - [TEST_STEP][PASSED] - out.println("Value of Execute is : " + ExecuteTC): null

2022-04-01 00:23:04 - [TEST_STEP][PASSED] - switch (executionProfile): null

2022-04-01 00:23:04 - [TEST_STEP][PASSED] - case "QAProfile":: null

2022-04-01 00:23:04 - [TEST_STEP][PASSED] - appName = findTestData(dataFile).getValue("AppNameQA", row): null

2022-04-01 00:23:05 - [TEST_STEP][PASSED] - appID = findTestData(dataFile).getValue("AppIDQA", row): null

2022-04-01 00:23:05 - [TEST_STEP][PASSED] - break: null

2022-04-01 00:23:05 - [TEST_STEP][PASSED] - hrefAppID = li_1 + appID + li_2: null

2022-04-01 00:23:05 - [TEST_STEP][PASSED] - hrefApp = li_1 + appID + "/": null

2022-04-01 00:23:05 - [TEST_STEP][PASSED] - println("hrefApp : " + hrefApp): null

2022-04-01 00:23:05 - [TEST_STEP][PASSED] - if (ExecuteTC.equalsIgnoreCase("Y")): null

2022-04-01 00:23:05 - [TEST_STEP][PASSED] - out.println("Begin Record Number: " + row): null

2022-04-01 00:23:05 - [TEST_STEP][PASSED] - today = new java.util.Date(): null

2022-04-01 00:23:05 - [TEST_STEP][PASSED] - println(today): null

2022-04-01 00:23:05 - [TEST_STEP][PASSED] - datText = today: null

2022-04-01 00:23:05 - [TEST_STEP][PASSED] - adminSuiteBootstrap.loginFunctionality.login_AdminSuite(): adminSuiteBootstrap.loginFunctionality.login_AdminSuite is PASSED

2022-04-01 00:23:05 - [MESSAGE][INFO] - Starting 'Chrome' driver

2022-04-01 00:23:05 - [MESSAGE][INFO] - User set preference: ['acceptInsecureCerts', 'true']

2022-04-01 00:23:05 - [MESSAGE][INFO] - Action delay is set to 0 milliseconds

2022-04-01 00:23:08 - [MESSAGE][PASSED] - Browser is opened with url: 'https://qa.velocitypayment.com/admin/imtiaz'

2022-04-01 00:23:08 - [MESSAGE][PASSED] - Current window maximized

2022-04-01 00:23:08 - [MESSAGE][PASSED] - Object 'Object Repository/Login_Page/Login_Username' is present

2022-04-01 00:23:09 - [MESSAGE][PASSED] - Text 'iahmed' is set on object 'Object Repository/Login_Page/Login_Username'

2022-04-01 00:23:10 - [MESSAGE][PASSED] - Text 'hello2222' is set on object 'Object Repository/Login_Page/Login_Password'

2022-04-01 00:23:13 - [MESSAGE][PASSED] - Object: 'Object Repository/Login_Page/Login_Submit' is clicked on

2022-04-01 00:23:13 - [MESSAGE][PASSED] - adminSuiteBootstrap.loginFunctionality.login_AdminSuite is PASSED

2022-04-01 00:23:13 - [TEST_STEP][PASSED] - click(findTestObject(path_Dashboard + appName)): Object: 'Object Repository/AdminSuiteBootstrap_Pages/Dashboard_Bootstrap/a_Access AutoDualCFtpQA' is clicked on

2022-04-01 00:23:13 - [MESSAGE][PASSED] - Object: 'Object Repository/AdminSuiteBootstrap_Pages/Dashboard_Bootstrap/a_Access AutoDualCFtpQA' is clicked on

2022-04-01 00:23:13 - [TEST_STEP][PASSED] - click(findTestObject(path_VT + "button_Authorization Only")): Object: 'Object Repository/AdminSuiteBootstrap_Pages/VT_Bootstrap/IssueTransactions/button_Authorization Only' is clicked on

2022-04-01 00:23:14 - [MESSAGE][PASSED] - Object: 'Object Repository/AdminSuiteBootstrap_Pages/VT_Bootstrap/IssueTransactions/button_Authorization Only' is clicked on

2022-04-01 00:23:14 - [TEST_STEP][PASSED] - authOnlyKeyboardEntryLink = modifyObjectProperty(findTestObject(path_VT + "a_KeyboardEntry_Sale"), "href", "equals", hrefAppID, true): Modify property of object successfully

2022-04-01 00:23:14 - [MESSAGE][PASSED] - Modify property of object successfully

2022-04-01 00:23:14 - [TEST_STEP][PASSED] - click(authOnlyKeyboardEntryLink): Object: 'Object Repository/AdminSuiteBootstrap_Pages/VT_Bootstrap/IssueTransactions/a_KeyboardEntry_Sale' is clicked on

2022-04-01 00:23:15 - [MESSAGE][PASSED] - Object: 'Object Repository/AdminSuiteBootstrap_Pages/VT_Bootstrap/IssueTransactions/a_KeyboardEntry_Sale' is clicked on

2022-04-01 00:23:15 - [TEST_STEP][PASSED] - adminSuiteBootstrap.virtualTerminalSetData.saleKeyboard_DataDriven(row, dataFile): adminSuiteBootstrap.virtualTerminalSetData.saleKeyboard_DataDriven is PASSED

2022-04-01 00:23:18 - [MESSAGE][PASSED] - Text 'Janaki James' is set on object 'Object Repository/AdminSuiteBootstrap_Pages/VT_Bootstrap/SaleKeyboard/input_cardName'

2022-04-01 00:23:19 - [MESSAGE][PASSED] - All options with value 'MOTO' are selected in object 'Object Repository/AdminSuiteBootstrap_Pages/VT_Bootstrap/SaleKeyboard/select_transactionCategory'  using regular expression

2022-04-01 00:23:19 - [MESSAGE][PASSED] - Execute JavaScript 'arguments[0].value ='4012000098765439' ' successfully

2022-04-01 00:23:20 - [MESSAGE][PASSED] - Execute JavaScript 'arguments[0].value ='123' ' successfully

2022-04-01 00:23:21 - [MESSAGE][PASSED] - All options with value '12' are selected in object 'Object Repository/AdminSuiteBootstrap_Pages/VT_Bootstrap/SaleKeyboard/select_MM'  using regular expression

2022-04-01 00:23:22 - [MESSAGE][PASSED] - All options with value '2025' are selected in object 'Object Repository/AdminSuiteBootstrap_Pages/VT_Bootstrap/SaleKeyboard/select_YYYY'  using regular expression

2022-04-01 00:23:22 - [MESSAGE][PASSED] - Text '36 Cornor Road' is set on object 'Object Repository/AdminSuiteBootstrap_Pages/VT_Bootstrap/SaleKeyboard/input__address'

2022-04-01 00:23:23 - [MESSAGE][PASSED] - Text 'Suite 500' is set on object 'Object Repository/AdminSuiteBootstrap_Pages/VT_Bootstrap/SaleKeyboard/input__address2'

2022-04-01 00:23:24 - [MESSAGE][PASSED] - Text '22201' is set on object 'Object Repository/AdminSuiteBootstrap_Pages/VT_Bootstrap/SaleKeyboard/input__zip'

2022-04-01 00:23:24 - [MESSAGE][PASSED] - Text '' is set on object 'Object Repository/AdminSuiteBootstrap_Pages/VT_Bootstrap/SaleKeyboard/input_emailAddress'

2022-04-01 00:23:26 - [MESSAGE][PASSED] - Text '' is set on object 'Object Repository/AdminSuiteBootstrap_Pages/VT_Bootstrap/SaleKeyboard/input_smsNumber'

2022-04-01 00:23:26 - [MESSAGE][PASSED] - Text '10.50' is set on object 'Object Repository/AdminSuiteBootstrap_Pages/VT_Bootstrap/SaleKeyboard/input_amount'

2022-04-01 00:23:27 - [MESSAGE][PASSED] - Text 'Australia' is set on object 'Object Repository/AdminSuiteBootstrap_Pages/VT_Bootstrap/SaleKeyboard/input_userDefined1'

2022-04-01 00:23:28 - [MESSAGE][PASSED] - Text 'Denmark' is set on object 'Object Repository/AdminSuiteBootstrap_Pages/VT_Bootstrap/SaleKeyboard/input_userDefined2'

2022-04-01 00:23:29 - [MESSAGE][PASSED] - Text 'Sweden' is set on object 'Object Repository/AdminSuiteBootstrap_Pages/VT_Bootstrap/SaleKeyboard/input_userDefined3'

2022-04-01 00:23:29 - [MESSAGE][PASSED] - Text 'Austria' is set on object 'Object Repository/AdminSuiteBootstrap_Pages/VT_Bootstrap/SaleKeyboard/input_userDefined4'

2022-04-01 00:23:30 - [MESSAGE][PASSED] - All options with label 'Orange' are selected in object 'Object Repository/AdminSuiteBootstrap_Pages/VT_Bootstrap/SaleKeyboard/select_UDF5_DropDown'  using regular expression

2022-04-01 00:23:31 - [MESSAGE][PASSED] - All options with label 'Yellow' are selected in object 'Object Repository/AdminSuiteBootstrap_Pages/VT_Bootstrap/SaleKeyboard/select_UDF6_DropDown'  using regular expression

2022-04-01 00:23:32 - [MESSAGE][PASSED] - Text 'Norway' is set on object 'Object Repository/AdminSuiteBootstrap_Pages/VT_Bootstrap/SaleKeyboard/input_userDefined7'

2022-04-01 00:23:33 - [MESSAGE][PASSED] - Text 'Netherlands' is set on object 'Object Repository/AdminSuiteBootstrap_Pages/VT_Bootstrap/SaleKeyboard/input_userDefined8'

2022-04-01 00:23:34 - [MESSAGE][PASSED] - Text 'Switzerland' is set on object 'Object Repository/AdminSuiteBootstrap_Pages/VT_Bootstrap/SaleKeyboard/input_userDefined9'

2022-04-01 00:23:34 - [MESSAGE][PASSED] - Text 'France' is set on object 'Object Repository/AdminSuiteBootstrap_Pages/VT_Bootstrap/SaleKeyboard/input_userDefined10'

2022-04-01 00:23:36 - [MESSAGE][PASSED] - Object: 'Object Repository/AdminSuiteBootstrap_Pages/VT_Bootstrap/SaleKeyboard/button_Submit' is clicked on

2022-04-01 00:23:36 - [MESSAGE][PASSED] - adminSuiteBootstrap.virtualTerminalSetData.saleKeyboard_DataDriven is PASSED

2022-04-01 00:23:36 - [TEST_STEP][PASSED] - if (verifyTextPresent("Transaction Successful", true)): null

2022-04-01 00:23:37 - [MESSAGE][PASSED] - Text 'Transaction Successful' is present on page  using regular expression

2022-04-01 00:23:37 - [TEST_STEP][PASSED] - sdf = getText(findTestObject(path_Receipt + "td_AutoNoC031622113752957Ahm")): Text of object 'Object Repository/AdminSuiteBootstrap_Pages/VT_Bootstrap/Receipt/td_AutoNoC031622113752957Ahm' is: 'AutoDua040122002127629Ahm'

2022-04-01 00:23:37 - [MESSAGE][PASSED] - Text of object 'Object Repository/AdminSuiteBootstrap_Pages/VT_Bootstrap/Receipt/td_AutoNoC031622113752957Ahm' is: 'AutoDua040122002127629Ahm'

2022-04-01 00:23:37 - [TEST_STEP][PASSED] - out.println("sdf: " + sdf): null

2022-04-01 00:23:37 - [TEST_STEP][PASSED] - remID = sdf: null

2022-04-01 00:23:37 - [TEST_STEP][PASSED] - out.println("remID: " + remID): null

2022-04-01 00:23:37 - [TEST_STEP][PASSED] - click(findTestObject(path_Receipt + "button_Continue")): Object: 'Object Repository/AdminSuiteBootstrap_Pages/VT_Bootstrap/Receipt/button_Continue' is clicked on

2022-04-01 00:23:38 - [MESSAGE][PASSED] - Object: 'Object Repository/AdminSuiteBootstrap_Pages/VT_Bootstrap/Receipt/button_Continue' is clicked on

2022-04-01 00:23:38 - [TEST_STEP][PASSED] - click(findTestObject(path_VT + "a_Search Transactions")): Object: 'Object Repository/AdminSuiteBootstrap_Pages/VT_Bootstrap/IssueTransactions/a_Search Transactions' is clicked on

2022-04-01 00:23:39 - [MESSAGE][PASSED] - Object: 'Object Repository/AdminSuiteBootstrap_Pages/VT_Bootstrap/IssueTransactions/a_Search Transactions' is clicked on

2022-04-01 00:23:39 - [TEST_STEP][PASSED] - setText(findTestObject(path_CCSearch + "input_Search By_searchValue"), remID): Text 'AutoDua040122002127629Ahm' is set on object 'Object Repository/AdminSuiteBootstrap_Pages/VT_Bootstrap/CCCreditOrVoidSearch/input_Search By_searchValue'

2022-04-01 00:23:40 - [MESSAGE][PASSED] - Text 'AutoDua040122002127629Ahm' is set on object 'Object Repository/AdminSuiteBootstrap_Pages/VT_Bootstrap/CCCreditOrVoidSearch/input_Search By_searchValue'

2022-04-01 00:23:40 - [TEST_STEP][PASSED] - click(findTestObject(path_CCSearch + "option_Authorization")): Object: 'Object Repository/AdminSuiteBootstrap_Pages/VT_Bootstrap/CCCreditOrVoidSearch/option_Authorization' is clicked on

2022-04-01 00:23:40 - [MESSAGE][PASSED] - Object: 'Object Repository/AdminSuiteBootstrap_Pages/VT_Bootstrap/CCCreditOrVoidSearch/option_Authorization' is clicked on

2022-04-01 00:23:40 - [TEST_STEP][PASSED] - click(findTestObject(path_CCSearch + "button_Submit")): Object: 'Object Repository/AdminSuiteBootstrap_Pages/VT_Bootstrap/CCCreditOrVoidSearch/button_Submit' is clicked on

2022-04-01 00:23:41 - [MESSAGE][PASSED] - Object: 'Object Repository/AdminSuiteBootstrap_Pages/VT_Bootstrap/CCCreditOrVoidSearch/button_Submit' is clicked on

2022-04-01 00:23:41 - [TEST_STEP][PASSED] - fgr = getText(findTestObject(path_SearchResults + "div_Payment ID")): Text of object 'Object Repository/AdminSuiteBootstrap_Pages/VT_Bootstrap/SearchResults/div_Payment ID' is: 'Payment ID
Payment Type
Transaction Type
Remittance ID
Name
Total Amount
End Date
Status
12114315 Credit Card Authorization AutoDua040122002127629Ahm Janaki James $10.50 04/01/2022 Success'

2022-04-01 00:23:41 - [MESSAGE][PASSED] - Text of object 'Object Repository/AdminSuiteBootstrap_Pages/VT_Bootstrap/SearchResults/div_Payment ID' is: 'Payment ID
Payment Type
Transaction Type
Remittance ID
Name
Total Amount
End Date
Status
12114315 Credit Card Authorization AutoDua040122002127629Ahm Janaki James $10.50 04/01/2022 Success'

2022-04-01 00:23:41 - [TEST_STEP][PASSED] - payID = substring(89, 98).trim(): null

2022-04-01 00:23:41 - [TEST_STEP][PASSED] - out.println("payID: " + payID): null

2022-04-01 00:23:41 - [TEST_STEP][PASSED] - click(findTestObject(path_SearchResults + "button_PaymentID")): Object: 'Object Repository/AdminSuiteBootstrap_Pages/VT_Bootstrap/SearchResults/button_PaymentID' is clicked on

2022-04-01 00:23:42 - [MESSAGE][PASSED] - Object: 'Object Repository/AdminSuiteBootstrap_Pages/VT_Bootstrap/SearchResults/button_PaymentID' is clicked on

2022-04-01 00:23:42 - [TEST_STEP][PASSED] - verifyTextPresent("Tender Type", true): Text 'Tender Type' is present on page  using regular expression

2022-04-01 00:23:43 - [MESSAGE][PASSED] - Text 'Tender Type' is present on page  using regular expression

2022-04-01 00:23:43 - [TEST_STEP][PASSED] - verifyTextPresent("Credit Card", true): Text 'Credit Card' is present on page  using regular expression

2022-04-01 00:23:43 - [MESSAGE][PASSED] - Text 'Credit Card' is present on page  using regular expression

2022-04-01 00:23:43 - [TEST_STEP][PASSED] - verifyTextPresent("Transaction Type", true): Text 'Transaction Type' is present on page  using regular expression

2022-04-01 00:23:44 - [MESSAGE][PASSED] - Text 'Transaction Type' is present on page  using regular expression

2022-04-01 00:23:44 - [TEST_STEP][PASSED] - verifyTextPresent("Authorization", true): Text 'Authorization' is present on page  using regular expression

2022-04-01 00:23:44 - [MESSAGE][PASSED] - Text 'Authorization' is present on page  using regular expression

2022-04-01 00:23:44 - [TEST_STEP][PASSED] - verifyTextPresent("Transaction Posted by", true): Text 'Transaction Posted by' is present on page  using regular expression

2022-04-01 00:23:44 - [MESSAGE][PASSED] - Text 'Transaction Posted by' is present on page  using regular expression

2022-04-01 00:23:44 - [TEST_STEP][PASSED] - verifyTextPresent("iahmed", true): Text 'iahmed' is present on page  using regular expression

2022-04-01 00:23:45 - [MESSAGE][PASSED] - Text 'iahmed' is present on page  using regular expression

2022-04-01 00:23:45 - [TEST_STEP][PASSED] - click(findTestObject(path_TranxDetails + "a_Capture this transaction")): Object: 'Object Repository/AdminSuiteBootstrap_Pages/VT_Bootstrap/TransactionDetails/a_Capture this transaction' is clicked on

2022-04-01 00:23:46 - [MESSAGE][PASSED] - Object: 'Object Repository/AdminSuiteBootstrap_Pages/VT_Bootstrap/TransactionDetails/a_Capture this transaction' is clicked on

2022-04-01 00:23:46 - [TEST_STEP][PASSED] - verifyTextPresent("Credit Card Capture", true): Text 'Credit Card Capture' is present on page  using regular expression

2022-04-01 00:23:46 - [MESSAGE][PASSED] - Text 'Credit Card Capture' is present on page  using regular expression

2022-04-01 00:23:46 - [TEST_STEP][PASSED] - captureAmount = findTestData(dataFile).getValue("CaptureAmount", row): null

2022-04-01 00:23:47 - [TEST_STEP][PASSED] - setText(findTestObject(path_SaleKB + "input_amountCapture"), captureAmount): Text '10.50' is set on object 'Object Repository/AdminSuiteBootstrap_Pages/VT_Bootstrap/SaleKeyboard/input_amountCapture'

2022-04-01 00:23:47 - [MESSAGE][PASSED] - Text '10.50' is set on object 'Object Repository/AdminSuiteBootstrap_Pages/VT_Bootstrap/SaleKeyboard/input_amountCapture'

2022-04-01 00:23:47 - [TEST_STEP][PASSED] - amountWithCF = findTestData(dataFile).getValue("AmountwithCF", row): null

2022-04-01 00:23:47 - [TEST_STEP][PASSED] - click(findTestObject(path_TranxDetails + "button_Submit")): Object: 'Object Repository/AdminSuiteBootstrap_Pages/VT_Bootstrap/TransactionDetails/button_Submit' is clicked on

2022-04-01 00:23:50 - [MESSAGE][PASSED] - Object: 'Object Repository/AdminSuiteBootstrap_Pages/VT_Bootstrap/TransactionDetails/button_Submit' is clicked on

2022-04-01 00:23:50 - [TEST_STEP][PASSED] - verifyTextPresent("Transaction Successful", true): Text 'Transaction Successful' is present on page  using regular expression

2022-04-01 00:23:51 - [MESSAGE][PASSED] - Text 'Transaction Successful' is present on page  using regular expression

2022-04-01 00:23:51 - [TEST_STEP][PASSED] - verifyTextPresent("Transaction Type", true): Text 'Transaction Type' is present on page  using regular expression

2022-04-01 00:23:51 - [MESSAGE][PASSED] - Text 'Transaction Type' is present on page  using regular expression

2022-04-01 00:23:51 - [TEST_STEP][PASSED] - verifyTextPresent("Capture", true): Text 'Capture' is present on page  using regular expression

2022-04-01 00:23:51 - [MESSAGE][PASSED] - Text 'Capture' is present on page  using regular expression

2022-04-01 00:23:51 - [TEST_STEP][PASSED] - verifyTextPresent("Amount", true): Text 'Amount' is present on page  using regular expression

2022-04-01 00:23:52 - [MESSAGE][PASSED] - Text 'Amount' is present on page  using regular expression

2022-04-01 00:23:52 - [TEST_STEP][PASSED] - verifyTextPresent("Service Fee", true): Text 'Service Fee' is present on page  using regular expression

2022-04-01 00:23:52 - [MESSAGE][PASSED] - Text 'Service Fee' is present on page  using regular expression

2022-04-01 00:23:52 - [TEST_STEP][PASSED] - verifyTextPresent("Service Fee Type", true): Text 'Service Fee Type' is present on page  using regular expression

2022-04-01 00:23:52 - [MESSAGE][PASSED] - Text 'Service Fee Type' is present on page  using regular expression

2022-04-01 00:23:52 - [TEST_STEP][PASSED] - verifyTextPresent("Total Amount", true): Text 'Total Amount' is present on page  using regular expression

2022-04-01 00:23:53 - [MESSAGE][PASSED] - Text 'Total Amount' is present on page  using regular expression

2022-04-01 00:23:53 - [TEST_STEP][PASSED] - verifyTextPresent(captureAmount, true): Text '10.50' is present on page  using regular expression

2022-04-01 00:23:53 - [MESSAGE][PASSED] - Text '10.50' is present on page  using regular expression

2022-04-01 00:23:53 - [TEST_STEP][PASSED] - verifyTextPresent("5.00", true): Text '5.00' is present on page  using regular expression

2022-04-01 00:23:53 - [MESSAGE][PASSED] - Text '5.00' is present on page  using regular expression

2022-04-01 00:23:53 - [TEST_STEP][PASSED] - verifyTextPresent("Dual Transaction", true): Text 'Dual Transaction' is present on page  using regular expression

2022-04-01 00:23:54 - [MESSAGE][PASSED] - Text 'Dual Transaction' is present on page  using regular expression

2022-04-01 00:23:54 - [TEST_STEP][PASSED] - verifyTextPresent(amountWithCF, true): Text '15.50' is present on page  using regular expression

2022-04-01 00:23:54 - [MESSAGE][PASSED] - Text '15.50' is present on page  using regular expression

2022-04-01 00:23:54 - [TEST_STEP][PASSED] - closeBrowser(): Browser is closed

2022-04-01 00:23:55 - [MESSAGE][PASSED] - Browser is closed

2022-04-01 00:23:55 - [TEST_STEP][PASSED] - ExecuteTC = findTestData(dataFile).getValue("Execute", row): null

2022-04-01 00:23:55 - [TEST_STEP][PASSED] - out.println("Value of Execute is : " + ExecuteTC): null

2022-04-01 00:23:55 - [TEST_STEP][PASSED] - switch (executionProfile): null

2022-04-01 00:23:55 - [TEST_STEP][PASSED] - case "QAProfile":: null

2022-04-01 00:23:55 - [TEST_STEP][PASSED] - appName = findTestData(dataFile).getValue("AppNameQA", row): null

2022-04-01 00:23:55 - [TEST_STEP][PASSED] - appID = findTestData(dataFile).getValue("AppIDQA", row): null

2022-04-01 00:23:55 - [TEST_STEP][PASSED] - break: null

2022-04-01 00:23:55 - [TEST_STEP][PASSED] - hrefAppID = li_1 + appID + li_2: null

2022-04-01 00:23:55 - [TEST_STEP][PASSED] - hrefApp = li_1 + appID + "/": null

2022-04-01 00:23:55 - [TEST_STEP][PASSED] - println("hrefApp : " + hrefApp): null

2022-04-01 00:23:55 - [TEST_STEP][PASSED] - if (ExecuteTC.equalsIgnoreCase("Y")): null

2022-04-01 00:23:55 - [TEST_STEP][PASSED] - out.println("Begin Record Number: " + row): null

2022-04-01 00:23:55 - [TEST_STEP][PASSED] - today = new java.util.Date(): null

2022-04-01 00:23:55 - [TEST_STEP][PASSED] - println(today): null

2022-04-01 00:23:55 - [TEST_STEP][PASSED] - datText = today: null

2022-04-01 00:23:55 - [TEST_STEP][PASSED] - adminSuiteBootstrap.loginFunctionality.login_AdminSuite(): adminSuiteBootstrap.loginFunctionality.login_AdminSuite is PASSED

2022-04-01 00:23:55 - [MESSAGE][INFO] - Starting 'Chrome' driver

2022-04-01 00:23:55 - [MESSAGE][INFO] - User set preference: ['acceptInsecureCerts', 'true']

2022-04-01 00:23:55 - [MESSAGE][INFO] - Action delay is set to 0 milliseconds

2022-04-01 00:23:58 - [MESSAGE][PASSED] - Browser is opened with url: 'https://qa.velocitypayment.com/admin/imtiaz'

2022-04-01 00:23:58 - [MESSAGE][PASSED] - Current window maximized

2022-04-01 00:23:59 - [MESSAGE][PASSED] - Object 'Object Repository/Login_Page/Login_Username' is present

2022-04-01 00:23:59 - [MESSAGE][PASSED] - Text 'iahmed' is set on object 'Object Repository/Login_Page/Login_Username'

2022-04-01 00:24:00 - [MESSAGE][PASSED] - Text 'hello2222' is set on object 'Object Repository/Login_Page/Login_Password'

2022-04-01 00:24:03 - [MESSAGE][PASSED] - Object: 'Object Repository/Login_Page/Login_Submit' is clicked on

2022-04-01 00:24:03 - [MESSAGE][PASSED] - adminSuiteBootstrap.loginFunctionality.login_AdminSuite is PASSED

2022-04-01 00:24:03 - [TEST_STEP][PASSED] - click(findTestObject(path_Dashboard + appName)): Object: 'Object Repository/AdminSuiteBootstrap_Pages/Dashboard_Bootstrap/a_Access AutoDualCFtpQA' is clicked on

2022-04-01 00:24:04 - [MESSAGE][PASSED] - Object: 'Object Repository/AdminSuiteBootstrap_Pages/Dashboard_Bootstrap/a_Access AutoDualCFtpQA' is clicked on

2022-04-01 00:24:04 - [TEST_STEP][PASSED] - click(findTestObject(path_VT + "button_Authorization Only")): Object: 'Object Repository/AdminSuiteBootstrap_Pages/VT_Bootstrap/IssueTransactions/button_Authorization Only' is clicked on

2022-04-01 00:24:04 - [MESSAGE][PASSED] - Object: 'Object Repository/AdminSuiteBootstrap_Pages/VT_Bootstrap/IssueTransactions/button_Authorization Only' is clicked on

2022-04-01 00:24:04 - [TEST_STEP][PASSED] - authOnlyKeyboardEntryLink = modifyObjectProperty(findTestObject(path_VT + "a_KeyboardEntry_Sale"), "href", "equals", hrefAppID, true): Modify property of object successfully

2022-04-01 00:24:04 - [MESSAGE][PASSED] - Modify property of object successfully

2022-04-01 00:24:04 - [TEST_STEP][PASSED] - click(authOnlyKeyboardEntryLink): Object: 'Object Repository/AdminSuiteBootstrap_Pages/VT_Bootstrap/IssueTransactions/a_KeyboardEntry_Sale' is clicked on

2022-04-01 00:24:05 - [MESSAGE][PASSED] - Object: 'Object Repository/AdminSuiteBootstrap_Pages/VT_Bootstrap/IssueTransactions/a_KeyboardEntry_Sale' is clicked on

2022-04-01 00:24:05 - [TEST_STEP][PASSED] - adminSuiteBootstrap.virtualTerminalSetData.saleKeyboard_DataDriven(row, dataFile): adminSuiteBootstrap.virtualTerminalSetData.saleKeyboard_DataDriven is PASSED

2022-04-01 00:24:08 - [MESSAGE][PASSED] - Text 'Janaki James' is set on object 'Object Repository/AdminSuiteBootstrap_Pages/VT_Bootstrap/SaleKeyboard/input_cardName'

2022-04-01 00:24:09 - [MESSAGE][PASSED] - All options with value 'MOTO' are selected in object 'Object Repository/AdminSuiteBootstrap_Pages/VT_Bootstrap/SaleKeyboard/select_transactionCategory'  using regular expression

2022-04-01 00:24:10 - [MESSAGE][PASSED] - Execute JavaScript 'arguments[0].value ='5146312200000035' ' successfully

2022-04-01 00:24:10 - [MESSAGE][PASSED] - Execute JavaScript 'arguments[0].value ='123' ' successfully

2022-04-01 00:24:11 - [MESSAGE][PASSED] - All options with value '12' are selected in object 'Object Repository/AdminSuiteBootstrap_Pages/VT_Bootstrap/SaleKeyboard/select_MM'  using regular expression

2022-04-01 00:24:12 - [MESSAGE][PASSED] - All options with value '2025' are selected in object 'Object Repository/AdminSuiteBootstrap_Pages/VT_Bootstrap/SaleKeyboard/select_YYYY'  using regular expression

2022-04-01 00:24:13 - [MESSAGE][PASSED] - Text '1478 Jhatka Palace' is set on object 'Object Repository/AdminSuiteBootstrap_Pages/VT_Bootstrap/SaleKeyboard/input__address'

2022-04-01 00:24:14 - [MESSAGE][PASSED] - Text 'Suite 500' is set on object 'Object Repository/AdminSuiteBootstrap_Pages/VT_Bootstrap/SaleKeyboard/input__address2'

2022-04-01 00:24:14 - [MESSAGE][PASSED] - Text '22201' is set on object 'Object Repository/AdminSuiteBootstrap_Pages/VT_Bootstrap/SaleKeyboard/input__zip'

2022-04-01 00:24:15 - [MESSAGE][PASSED] - Text '' is set on object 'Object Repository/AdminSuiteBootstrap_Pages/VT_Bootstrap/SaleKeyboard/input_emailAddress'

2022-04-01 00:24:16 - [MESSAGE][PASSED] - Text '' is set on object 'Object Repository/AdminSuiteBootstrap_Pages/VT_Bootstrap/SaleKeyboard/input_smsNumber'

2022-04-01 00:24:17 - [MESSAGE][PASSED] - Text '10.50' is set on object 'Object Repository/AdminSuiteBootstrap_Pages/VT_Bootstrap/SaleKeyboard/input_amount'

2022-04-01 00:24:18 - [MESSAGE][PASSED] - Text 'Australia' is set on object 'Object Repository/AdminSuiteBootstrap_Pages/VT_Bootstrap/SaleKeyboard/input_userDefined1'

2022-04-01 00:24:19 - [MESSAGE][PASSED] - Text 'Denmark' is set on object 'Object Repository/AdminSuiteBootstrap_Pages/VT_Bootstrap/SaleKeyboard/input_userDefined2'

2022-04-01 00:24:20 - [MESSAGE][PASSED] - Text 'Sweden' is set on object 'Object Repository/AdminSuiteBootstrap_Pages/VT_Bootstrap/SaleKeyboard/input_userDefined3'

2022-04-01 00:24:20 - [MESSAGE][PASSED] - Text 'Austria' is set on object 'Object Repository/AdminSuiteBootstrap_Pages/VT_Bootstrap/SaleKeyboard/input_userDefined4'

2022-04-01 00:24:21 - [MESSAGE][PASSED] - All options with label 'Orange' are selected in object 'Object Repository/AdminSuiteBootstrap_Pages/VT_Bootstrap/SaleKeyboard/select_UDF5_DropDown'  using regular expression

2022-04-01 00:24:22 - [MESSAGE][PASSED] - All options with label 'Yellow' are selected in object 'Object Repository/AdminSuiteBootstrap_Pages/VT_Bootstrap/SaleKeyboard/select_UDF6_DropDown'  using regular expression

2022-04-01 00:24:23 - [MESSAGE][PASSED] - Text 'Norway' is set on object 'Object Repository/AdminSuiteBootstrap_Pages/VT_Bootstrap/SaleKeyboard/input_userDefined7'

2022-04-01 00:24:24 - [MESSAGE][PASSED] - Text 'Netherlands' is set on object 'Object Repository/AdminSuiteBootstrap_Pages/VT_Bootstrap/SaleKeyboard/input_userDefined8'

2022-04-01 00:24:24 - [MESSAGE][PASSED] - Text 'Switzerland' is set on object 'Object Repository/AdminSuiteBootstrap_Pages/VT_Bootstrap/SaleKeyboard/input_userDefined9'

2022-04-01 00:24:25 - [MESSAGE][PASSED] - Text 'France' is set on object 'Object Repository/AdminSuiteBootstrap_Pages/VT_Bootstrap/SaleKeyboard/input_userDefined10'

2022-04-01 00:24:27 - [MESSAGE][PASSED] - Object: 'Object Repository/AdminSuiteBootstrap_Pages/VT_Bootstrap/SaleKeyboard/button_Submit' is clicked on

2022-04-01 00:24:27 - [MESSAGE][PASSED] - adminSuiteBootstrap.virtualTerminalSetData.saleKeyboard_DataDriven is PASSED

2022-04-01 00:24:27 - [TEST_STEP][PASSED] - if (verifyTextPresent("Transaction Successful", true)): null

2022-04-01 00:24:28 - [MESSAGE][PASSED] - Text 'Transaction Successful' is present on page  using regular expression

2022-04-01 00:24:28 - [TEST_STEP][PASSED] - sdf = getText(findTestObject(path_Receipt + "td_AutoNoC031622113752957Ahm")): Text of object 'Object Repository/AdminSuiteBootstrap_Pages/VT_Bootstrap/Receipt/td_AutoNoC031622113752957Ahm' is: 'AutoDua040122002217945Ahm'

2022-04-01 00:24:28 - [MESSAGE][PASSED] - Text of object 'Object Repository/AdminSuiteBootstrap_Pages/VT_Bootstrap/Receipt/td_AutoNoC031622113752957Ahm' is: 'AutoDua040122002217945Ahm'

2022-04-01 00:24:28 - [TEST_STEP][PASSED] - out.println("sdf: " + sdf): null

2022-04-01 00:24:28 - [TEST_STEP][PASSED] - remID = sdf: null

2022-04-01 00:24:28 - [TEST_STEP][PASSED] - out.println("remID: " + remID): null

2022-04-01 00:24:28 - [TEST_STEP][PASSED] - click(findTestObject(path_Receipt + "button_Continue")): Object: 'Object Repository/AdminSuiteBootstrap_Pages/VT_Bootstrap/Receipt/button_Continue' is clicked on

2022-04-01 00:24:29 - [MESSAGE][PASSED] - Object: 'Object Repository/AdminSuiteBootstrap_Pages/VT_Bootstrap/Receipt/button_Continue' is clicked on

2022-04-01 00:24:29 - [TEST_STEP][PASSED] - click(findTestObject(path_VT + "a_Search Transactions")): Object: 'Object Repository/AdminSuiteBootstrap_Pages/VT_Bootstrap/IssueTransactions/a_Search Transactions' is clicked on

2022-04-01 00:24:30 - [MESSAGE][PASSED] - Object: 'Object Repository/AdminSuiteBootstrap_Pages/VT_Bootstrap/IssueTransactions/a_Search Transactions' is clicked on

2022-04-01 00:24:30 - [TEST_STEP][PASSED] - setText(findTestObject(path_CCSearch + "input_Search By_searchValue"), remID): Text 'AutoDua040122002217945Ahm' is set on object 'Object Repository/AdminSuiteBootstrap_Pages/VT_Bootstrap/CCCreditOrVoidSearch/input_Search By_searchValue'

2022-04-01 00:24:31 - [MESSAGE][PASSED] - Text 'AutoDua040122002217945Ahm' is set on object 'Object Repository/AdminSuiteBootstrap_Pages/VT_Bootstrap/CCCreditOrVoidSearch/input_Search By_searchValue'

2022-04-01 00:24:31 - [TEST_STEP][PASSED] - click(findTestObject(path_CCSearch + "option_Authorization")): Object: 'Object Repository/AdminSuiteBootstrap_Pages/VT_Bootstrap/CCCreditOrVoidSearch/option_Authorization' is clicked on

2022-04-01 00:24:31 - [MESSAGE][PASSED] - Object: 'Object Repository/AdminSuiteBootstrap_Pages/VT_Bootstrap/CCCreditOrVoidSearch/option_Authorization' is clicked on

2022-04-01 00:24:31 - [TEST_STEP][PASSED] - click(findTestObject(path_CCSearch + "button_Submit")): Object: 'Object Repository/AdminSuiteBootstrap_Pages/VT_Bootstrap/CCCreditOrVoidSearch/button_Submit' is clicked on

2022-04-01 00:24:32 - [MESSAGE][PASSED] - Object: 'Object Repository/AdminSuiteBootstrap_Pages/VT_Bootstrap/CCCreditOrVoidSearch/button_Submit' is clicked on

2022-04-01 00:24:32 - [TEST_STEP][PASSED] - fgr = getText(findTestObject(path_SearchResults + "div_Payment ID")): Text of object 'Object Repository/AdminSuiteBootstrap_Pages/VT_Bootstrap/SearchResults/div_Payment ID' is: 'Payment ID
Payment Type
Transaction Type
Remittance ID
Name
Total Amount
End Date
Status
12114319 Credit Card Authorization AutoDua040122002217945Ahm Janaki James $10.50 04/01/2022 Success'

2022-04-01 00:24:32 - [MESSAGE][PASSED] - Text of object 'Object Repository/AdminSuiteBootstrap_Pages/VT_Bootstrap/SearchResults/div_Payment ID' is: 'Payment ID
Payment Type
Transaction Type
Remittance ID
Name
Total Amount
End Date
Status
12114319 Credit Card Authorization AutoDua040122002217945Ahm Janaki James $10.50 04/01/2022 Success'

2022-04-01 00:24:32 - [TEST_STEP][PASSED] - payID = substring(89, 98).trim(): null

2022-04-01 00:24:32 - [TEST_STEP][PASSED] - out.println("payID: " + payID): null

2022-04-01 00:24:32 - [TEST_STEP][PASSED] - click(findTestObject(path_SearchResults + "button_PaymentID")): Object: 'Object Repository/AdminSuiteBootstrap_Pages/VT_Bootstrap/SearchResults/button_PaymentID' is clicked on

2022-04-01 00:24:33 - [MESSAGE][PASSED] - Object: 'Object Repository/AdminSuiteBootstrap_Pages/VT_Bootstrap/SearchResults/button_PaymentID' is clicked on

2022-04-01 00:24:33 - [TEST_STEP][PASSED] - verifyTextPresent("Tender Type", true): Text 'Tender Type' is present on page  using regular expression

2022-04-01 00:24:34 - [MESSAGE][PASSED] - Text 'Tender Type' is present on page  using regular expression

2022-04-01 00:24:34 - [TEST_STEP][PASSED] - verifyTextPresent("Credit Card", true): Text 'Credit Card' is present on page  using regular expression

2022-04-01 00:24:34 - [MESSAGE][PASSED] - Text 'Credit Card' is present on page  using regular expression

2022-04-01 00:24:34 - [TEST_STEP][PASSED] - verifyTextPresent("Transaction Type", true): Text 'Transaction Type' is present on page  using regular expression

2022-04-01 00:24:35 - [MESSAGE][PASSED] - Text 'Transaction Type' is present on page  using regular expression

2022-04-01 00:24:35 - [TEST_STEP][PASSED] - verifyTextPresent("Authorization", true): Text 'Authorization' is present on page  using regular expression

2022-04-01 00:24:35 - [MESSAGE][PASSED] - Text 'Authorization' is present on page  using regular expression

2022-04-01 00:24:35 - [TEST_STEP][PASSED] - verifyTextPresent("Transaction Posted by", true): Text 'Transaction Posted by' is present on page  using regular expression

2022-04-01 00:24:35 - [MESSAGE][PASSED] - Text 'Transaction Posted by' is present on page  using regular expression

2022-04-01 00:24:35 - [TEST_STEP][PASSED] - verifyTextPresent("iahmed", true): Text 'iahmed' is present on page  using regular expression

2022-04-01 00:24:36 - [MESSAGE][PASSED] - Text 'iahmed' is present on page  using regular expression

2022-04-01 00:24:36 - [TEST_STEP][PASSED] - click(findTestObject(path_TranxDetails + "a_Capture this transaction")): Object: 'Object Repository/AdminSuiteBootstrap_Pages/VT_Bootstrap/TransactionDetails/a_Capture this transaction' is clicked on

2022-04-01 00:24:37 - [MESSAGE][PASSED] - Object: 'Object Repository/AdminSuiteBootstrap_Pages/VT_Bootstrap/TransactionDetails/a_Capture this transaction' is clicked on

2022-04-01 00:24:37 - [TEST_STEP][PASSED] - verifyTextPresent("Credit Card Capture", true): Text 'Credit Card Capture' is present on page  using regular expression

2022-04-01 00:24:37 - [MESSAGE][PASSED] - Text 'Credit Card Capture' is present on page  using regular expression

2022-04-01 00:24:37 - [TEST_STEP][PASSED] - captureAmount = findTestData(dataFile).getValue("CaptureAmount", row): null

2022-04-01 00:24:37 - [TEST_STEP][PASSED] - setText(findTestObject(path_SaleKB + "input_amountCapture"), captureAmount): Text '8.50' is set on object 'Object Repository/AdminSuiteBootstrap_Pages/VT_Bootstrap/SaleKeyboard/input_amountCapture'

2022-04-01 00:24:38 - [MESSAGE][PASSED] - Text '8.50' is set on object 'Object Repository/AdminSuiteBootstrap_Pages/VT_Bootstrap/SaleKeyboard/input_amountCapture'

2022-04-01 00:24:38 - [TEST_STEP][PASSED] - amountWithCF = findTestData(dataFile).getValue("AmountwithCF", row): null

2022-04-01 00:24:38 - [TEST_STEP][PASSED] - click(findTestObject(path_TranxDetails + "button_Submit")): Object: 'Object Repository/AdminSuiteBootstrap_Pages/VT_Bootstrap/TransactionDetails/button_Submit' is clicked on

2022-04-01 00:24:41 - [MESSAGE][PASSED] - Object: 'Object Repository/AdminSuiteBootstrap_Pages/VT_Bootstrap/TransactionDetails/button_Submit' is clicked on

2022-04-01 00:24:41 - [TEST_STEP][PASSED] - verifyTextPresent("Transaction Successful", true): Text 'Transaction Successful' is present on page  using regular expression

2022-04-01 00:24:41 - [MESSAGE][PASSED] - Text 'Transaction Successful' is present on page  using regular expression

2022-04-01 00:24:41 - [TEST_STEP][PASSED] - verifyTextPresent("Transaction Type", true): Text 'Transaction Type' is present on page  using regular expression

2022-04-01 00:24:42 - [MESSAGE][PASSED] - Text 'Transaction Type' is present on page  using regular expression

2022-04-01 00:24:42 - [TEST_STEP][PASSED] - verifyTextPresent("Capture", true): Text 'Capture' is present on page  using regular expression

2022-04-01 00:24:42 - [MESSAGE][PASSED] - Text 'Capture' is present on page  using regular expression

2022-04-01 00:24:42 - [TEST_STEP][PASSED] - verifyTextPresent("Amount", true): Text 'Amount' is present on page  using regular expression

2022-04-01 00:24:42 - [MESSAGE][PASSED] - Text 'Amount' is present on page  using regular expression

2022-04-01 00:24:42 - [TEST_STEP][PASSED] - verifyTextPresent("Service Fee", true): Text 'Service Fee' is present on page  using regular expression

2022-04-01 00:24:43 - [MESSAGE][PASSED] - Text 'Service Fee' is present on page  using regular expression

2022-04-01 00:24:43 - [TEST_STEP][PASSED] - verifyTextPresent("Service Fee Type", true): Text 'Service Fee Type' is present on page  using regular expression

2022-04-01 00:24:43 - [MESSAGE][PASSED] - Text 'Service Fee Type' is present on page  using regular expression

2022-04-01 00:24:43 - [TEST_STEP][PASSED] - verifyTextPresent("Total Amount", true): Text 'Total Amount' is present on page  using regular expression

2022-04-01 00:24:43 - [MESSAGE][PASSED] - Text 'Total Amount' is present on page  using regular expression

2022-04-01 00:24:43 - [TEST_STEP][PASSED] - verifyTextPresent(captureAmount, true): Text '8.50' is present on page  using regular expression

2022-04-01 00:24:44 - [MESSAGE][PASSED] - Text '8.50' is present on page  using regular expression

2022-04-01 00:24:44 - [TEST_STEP][PASSED] - verifyTextPresent("5.00", true): Text '5.00' is present on page  using regular expression

2022-04-01 00:24:44 - [MESSAGE][PASSED] - Text '5.00' is present on page  using regular expression

2022-04-01 00:24:44 - [TEST_STEP][PASSED] - verifyTextPresent("Dual Transaction", true): Text 'Dual Transaction' is present on page  using regular expression

2022-04-01 00:24:45 - [MESSAGE][PASSED] - Text 'Dual Transaction' is present on page  using regular expression

2022-04-01 00:24:45 - [TEST_STEP][PASSED] - verifyTextPresent(amountWithCF, true): Text '13.50' is present on page  using regular expression

2022-04-01 00:24:45 - [MESSAGE][PASSED] - Text '13.50' is present on page  using regular expression

2022-04-01 00:24:45 - [TEST_STEP][PASSED] - closeBrowser(): Browser is closed

2022-04-01 00:24:46 - [MESSAGE][PASSED] - Browser is closed

2022-04-01 00:24:46 - [TEST_STEP][PASSED] - ExecuteTC = findTestData(dataFile).getValue("Execute", row): null

2022-04-01 00:24:46 - [TEST_STEP][PASSED] - out.println("Value of Execute is : " + ExecuteTC): null

2022-04-01 00:24:46 - [TEST_STEP][PASSED] - switch (executionProfile): null

2022-04-01 00:24:46 - [TEST_STEP][PASSED] - case "QAProfile":: null

2022-04-01 00:24:46 - [TEST_STEP][PASSED] - appName = findTestData(dataFile).getValue("AppNameQA", row): null

2022-04-01 00:24:46 - [TEST_STEP][PASSED] - appID = findTestData(dataFile).getValue("AppIDQA", row): null

2022-04-01 00:24:46 - [TEST_STEP][PASSED] - break: null

2022-04-01 00:24:46 - [TEST_STEP][PASSED] - hrefAppID = li_1 + appID + li_2: null

2022-04-01 00:24:46 - [TEST_STEP][PASSED] - hrefApp = li_1 + appID + "/": null

2022-04-01 00:24:46 - [TEST_STEP][PASSED] - println("hrefApp : " + hrefApp): null

2022-04-01 00:24:46 - [TEST_STEP][PASSED] - if (ExecuteTC.equalsIgnoreCase("Y")): null

2022-04-01 00:24:46 - [TEST_STEP][PASSED] - out.println("Begin Record Number: " + row): null

2022-04-01 00:24:46 - [TEST_STEP][PASSED] - today = new java.util.Date(): null

2022-04-01 00:24:46 - [TEST_STEP][PASSED] - println(today): null

2022-04-01 00:24:46 - [TEST_STEP][PASSED] - datText = today: null

2022-04-01 00:24:46 - [TEST_STEP][PASSED] - adminSuiteBootstrap.loginFunctionality.login_AdminSuite(): adminSuiteBootstrap.loginFunctionality.login_AdminSuite is PASSED

2022-04-01 00:24:46 - [MESSAGE][INFO] - Starting 'Chrome' driver

2022-04-01 00:24:46 - [MESSAGE][INFO] - User set preference: ['acceptInsecureCerts', 'true']

2022-04-01 00:24:46 - [MESSAGE][INFO] - Action delay is set to 0 milliseconds

2022-04-01 00:24:49 - [MESSAGE][PASSED] - Browser is opened with url: 'https://qa.velocitypayment.com/admin/imtiaz'

2022-04-01 00:24:49 - [MESSAGE][PASSED] - Current window maximized

2022-04-01 00:24:50 - [MESSAGE][PASSED] - Object 'Object Repository/Login_Page/Login_Username' is present

2022-04-01 00:24:50 - [MESSAGE][PASSED] - Text 'iahmed' is set on object 'Object Repository/Login_Page/Login_Username'

2022-04-01 00:24:51 - [MESSAGE][PASSED] - Text 'hello2222' is set on object 'Object Repository/Login_Page/Login_Password'

2022-04-01 00:24:55 - [MESSAGE][PASSED] - Object: 'Object Repository/Login_Page/Login_Submit' is clicked on

2022-04-01 00:24:55 - [MESSAGE][PASSED] - adminSuiteBootstrap.loginFunctionality.login_AdminSuite is PASSED

2022-04-01 00:24:55 - [TEST_STEP][PASSED] - click(findTestObject(path_Dashboard + appName)): Object: 'Object Repository/AdminSuiteBootstrap_Pages/Dashboard_Bootstrap/a_Access AutoDualCFtpQA' is clicked on

2022-04-01 00:24:57 - [MESSAGE][PASSED] - Object: 'Object Repository/AdminSuiteBootstrap_Pages/Dashboard_Bootstrap/a_Access AutoDualCFtpQA' is clicked on

2022-04-01 00:24:57 - [TEST_STEP][PASSED] - click(findTestObject(path_VT + "button_Authorization Only")): Object: 'Object Repository/AdminSuiteBootstrap_Pages/VT_Bootstrap/IssueTransactions/button_Authorization Only' is clicked on

2022-04-01 00:24:57 - [MESSAGE][PASSED] - Object: 'Object Repository/AdminSuiteBootstrap_Pages/VT_Bootstrap/IssueTransactions/button_Authorization Only' is clicked on

2022-04-01 00:24:57 - [TEST_STEP][PASSED] - authOnlyKeyboardEntryLink = modifyObjectProperty(findTestObject(path_VT + "a_KeyboardEntry_Sale"), "href", "equals", hrefAppID, true): Modify property of object successfully

2022-04-01 00:24:57 - [MESSAGE][PASSED] - Modify property of object successfully

2022-04-01 00:24:57 - [TEST_STEP][PASSED] - click(authOnlyKeyboardEntryLink): Object: 'Object Repository/AdminSuiteBootstrap_Pages/VT_Bootstrap/IssueTransactions/a_KeyboardEntry_Sale' is clicked on

2022-04-01 00:24:58 - [MESSAGE][PASSED] - Object: 'Object Repository/AdminSuiteBootstrap_Pages/VT_Bootstrap/IssueTransactions/a_KeyboardEntry_Sale' is clicked on

2022-04-01 00:24:58 - [TEST_STEP][PASSED] - adminSuiteBootstrap.virtualTerminalSetData.saleKeyboard_DataDriven(row, dataFile): adminSuiteBootstrap.virtualTerminalSetData.saleKeyboard_DataDriven is PASSED

2022-04-01 00:25:01 - [MESSAGE][PASSED] - Text 'Janaki James' is set on object 'Object Repository/AdminSuiteBootstrap_Pages/VT_Bootstrap/SaleKeyboard/input_cardName'

2022-04-01 00:25:02 - [MESSAGE][PASSED] - All options with value 'MOTO' are selected in object 'Object Repository/AdminSuiteBootstrap_Pages/VT_Bootstrap/SaleKeyboard/select_transactionCategory'  using regular expression

2022-04-01 00:25:03 - [MESSAGE][PASSED] - Execute JavaScript 'arguments[0].value ='371449635392376' ' successfully

2022-04-01 00:25:03 - [MESSAGE][PASSED] - Execute JavaScript 'arguments[0].value ='123' ' successfully

2022-04-01 00:25:04 - [MESSAGE][PASSED] - All options with value '12' are selected in object 'Object Repository/AdminSuiteBootstrap_Pages/VT_Bootstrap/SaleKeyboard/select_MM'  using regular expression

2022-04-01 00:25:06 - [MESSAGE][PASSED] - All options with value '2025' are selected in object 'Object Repository/AdminSuiteBootstrap_Pages/VT_Bootstrap/SaleKeyboard/select_YYYY'  using regular expression

2022-04-01 00:25:06 - [MESSAGE][PASSED] - Text '550 Swan Lake' is set on object 'Object Repository/AdminSuiteBootstrap_Pages/VT_Bootstrap/SaleKeyboard/input__address'

2022-04-01 00:25:07 - [MESSAGE][PASSED] - Text 'Suite 500' is set on object 'Object Repository/AdminSuiteBootstrap_Pages/VT_Bootstrap/SaleKeyboard/input__address2'

2022-04-01 00:25:08 - [MESSAGE][PASSED] - Text '22201' is set on object 'Object Repository/AdminSuiteBootstrap_Pages/VT_Bootstrap/SaleKeyboard/input__zip'

2022-04-01 00:25:08 - [MESSAGE][PASSED] - Text '' is set on object 'Object Repository/AdminSuiteBootstrap_Pages/VT_Bootstrap/SaleKeyboard/input_emailAddress'

2022-04-01 00:25:10 - [MESSAGE][PASSED] - Text '' is set on object 'Object Repository/AdminSuiteBootstrap_Pages/VT_Bootstrap/SaleKeyboard/input_smsNumber'

2022-04-01 00:25:10 - [MESSAGE][PASSED] - Text '10.50' is set on object 'Object Repository/AdminSuiteBootstrap_Pages/VT_Bootstrap/SaleKeyboard/input_amount'

2022-04-01 00:25:12 - [MESSAGE][PASSED] - Text 'Australia' is set on object 'Object Repository/AdminSuiteBootstrap_Pages/VT_Bootstrap/SaleKeyboard/input_userDefined1'

2022-04-01 00:25:12 - [MESSAGE][PASSED] - Text 'Denmark' is set on object 'Object Repository/AdminSuiteBootstrap_Pages/VT_Bootstrap/SaleKeyboard/input_userDefined2'

2022-04-01 00:25:13 - [MESSAGE][PASSED] - Text 'Sweden' is set on object 'Object Repository/AdminSuiteBootstrap_Pages/VT_Bootstrap/SaleKeyboard/input_userDefined3'

2022-04-01 00:25:14 - [MESSAGE][PASSED] - Text 'Austria' is set on object 'Object Repository/AdminSuiteBootstrap_Pages/VT_Bootstrap/SaleKeyboard/input_userDefined4'

2022-04-01 00:25:15 - [MESSAGE][PASSED] - All options with label 'Orange' are selected in object 'Object Repository/AdminSuiteBootstrap_Pages/VT_Bootstrap/SaleKeyboard/select_UDF5_DropDown'  using regular expression

2022-04-01 00:25:16 - [MESSAGE][PASSED] - All options with label 'Yellow' are selected in object 'Object Repository/AdminSuiteBootstrap_Pages/VT_Bootstrap/SaleKeyboard/select_UDF6_DropDown'  using regular expression

2022-04-01 00:25:16 - [MESSAGE][PASSED] - Text 'Norway' is set on object 'Object Repository/AdminSuiteBootstrap_Pages/VT_Bootstrap/SaleKeyboard/input_userDefined7'

2022-04-01 00:25:17 - [MESSAGE][PASSED] - Text 'Netherlands' is set on object 'Object Repository/AdminSuiteBootstrap_Pages/VT_Bootstrap/SaleKeyboard/input_userDefined8'

2022-04-01 00:25:18 - [MESSAGE][PASSED] - Text 'Switzerland' is set on object 'Object Repository/AdminSuiteBootstrap_Pages/VT_Bootstrap/SaleKeyboard/input_userDefined9'

2022-04-01 00:25:19 - [MESSAGE][PASSED] - Text 'France' is set on object 'Object Repository/AdminSuiteBootstrap_Pages/VT_Bootstrap/SaleKeyboard/input_userDefined10'

2022-04-01 00:25:21 - [MESSAGE][PASSED] - Object: 'Object Repository/AdminSuiteBootstrap_Pages/VT_Bootstrap/SaleKeyboard/button_Submit' is clicked on

2022-04-01 00:25:21 - [MESSAGE][PASSED] - adminSuiteBootstrap.virtualTerminalSetData.saleKeyboard_DataDriven is PASSED

2022-04-01 00:25:21 - [TEST_STEP][PASSED] - if (verifyTextPresent("Transaction Successful", true)): null

2022-04-01 00:25:21 - [MESSAGE][PASSED] - Text 'Transaction Successful' is present on page  using regular expression

2022-04-01 00:25:21 - [TEST_STEP][PASSED] - sdf = getText(findTestObject(path_Receipt + "td_AutoNoC031622113752957Ahm")): Text of object 'Object Repository/AdminSuiteBootstrap_Pages/VT_Bootstrap/Receipt/td_AutoNoC031622113752957Ahm' is: 'AutoDua040122002311165Ahm'

2022-04-01 00:25:22 - [MESSAGE][PASSED] - Text of object 'Object Repository/AdminSuiteBootstrap_Pages/VT_Bootstrap/Receipt/td_AutoNoC031622113752957Ahm' is: 'AutoDua040122002311165Ahm'

2022-04-01 00:25:22 - [TEST_STEP][PASSED] - out.println("sdf: " + sdf): null

2022-04-01 00:25:22 - [TEST_STEP][PASSED] - remID = sdf: null

2022-04-01 00:25:22 - [TEST_STEP][PASSED] - out.println("remID: " + remID): null

2022-04-01 00:25:22 - [TEST_STEP][PASSED] - click(findTestObject(path_Receipt + "button_Continue")): Object: 'Object Repository/AdminSuiteBootstrap_Pages/VT_Bootstrap/Receipt/button_Continue' is clicked on

2022-04-01 00:25:22 - [MESSAGE][PASSED] - Object: 'Object Repository/AdminSuiteBootstrap_Pages/VT_Bootstrap/Receipt/button_Continue' is clicked on

2022-04-01 00:25:22 - [TEST_STEP][PASSED] - click(findTestObject(path_VT + "a_Search Transactions")): Object: 'Object Repository/AdminSuiteBootstrap_Pages/VT_Bootstrap/IssueTransactions/a_Search Transactions' is clicked on

2022-04-01 00:25:23 - [MESSAGE][PASSED] - Object: 'Object Repository/AdminSuiteBootstrap_Pages/VT_Bootstrap/IssueTransactions/a_Search Transactions' is clicked on

2022-04-01 00:25:23 - [TEST_STEP][PASSED] - setText(findTestObject(path_CCSearch + "input_Search By_searchValue"), remID): Text 'AutoDua040122002311165Ahm' is set on object 'Object Repository/AdminSuiteBootstrap_Pages/VT_Bootstrap/CCCreditOrVoidSearch/input_Search By_searchValue'

2022-04-01 00:25:24 - [MESSAGE][PASSED] - Text 'AutoDua040122002311165Ahm' is set on object 'Object Repository/AdminSuiteBootstrap_Pages/VT_Bootstrap/CCCreditOrVoidSearch/input_Search By_searchValue'

2022-04-01 00:25:24 - [TEST_STEP][PASSED] - click(findTestObject(path_CCSearch + "option_Authorization")): Object: 'Object Repository/AdminSuiteBootstrap_Pages/VT_Bootstrap/CCCreditOrVoidSearch/option_Authorization' is clicked on

2022-04-01 00:25:25 - [MESSAGE][PASSED] - Object: 'Object Repository/AdminSuiteBootstrap_Pages/VT_Bootstrap/CCCreditOrVoidSearch/option_Authorization' is clicked on

2022-04-01 00:25:25 - [TEST_STEP][PASSED] - click(findTestObject(path_CCSearch + "button_Submit")): Object: 'Object Repository/AdminSuiteBootstrap_Pages/VT_Bootstrap/CCCreditOrVoidSearch/button_Submit' is clicked on

2022-04-01 00:25:25 - [MESSAGE][PASSED] - Object: 'Object Repository/AdminSuiteBootstrap_Pages/VT_Bootstrap/CCCreditOrVoidSearch/button_Submit' is clicked on

2022-04-01 00:25:25 - [TEST_STEP][PASSED] - fgr = getText(findTestObject(path_SearchResults + "div_Payment ID")): Text of object 'Object Repository/AdminSuiteBootstrap_Pages/VT_Bootstrap/SearchResults/div_Payment ID' is: 'Payment ID
Payment Type
Transaction Type
Remittance ID
Name
Total Amount
End Date
Status
12114323 Credit Card Authorization AutoDua040122002311165Ahm Janaki James $10.50 04/01/2022 Success'

2022-04-01 00:25:26 - [MESSAGE][PASSED] - Text of object 'Object Repository/AdminSuiteBootstrap_Pages/VT_Bootstrap/SearchResults/div_Payment ID' is: 'Payment ID
Payment Type
Transaction Type
Remittance ID
Name
Total Amount
End Date
Status
12114323 Credit Card Authorization AutoDua040122002311165Ahm Janaki James $10.50 04/01/2022 Success'

2022-04-01 00:25:26 - [TEST_STEP][PASSED] - payID = substring(89, 98).trim(): null

2022-04-01 00:25:26 - [TEST_STEP][PASSED] - out.println("payID: " + payID): null

2022-04-01 00:25:26 - [TEST_STEP][PASSED] - click(findTestObject(path_SearchResults + "button_PaymentID")): Object: 'Object Repository/AdminSuiteBootstrap_Pages/VT_Bootstrap/SearchResults/button_PaymentID' is clicked on

2022-04-01 00:25:27 - [MESSAGE][PASSED] - Object: 'Object Repository/AdminSuiteBootstrap_Pages/VT_Bootstrap/SearchResults/button_PaymentID' is clicked on

2022-04-01 00:25:27 - [TEST_STEP][PASSED] - verifyTextPresent("Tender Type", true): Text 'Tender Type' is present on page  using regular expression

2022-04-01 00:25:27 - [MESSAGE][PASSED] - Text 'Tender Type' is present on page  using regular expression

2022-04-01 00:25:27 - [TEST_STEP][PASSED] - verifyTextPresent("Credit Card", true): Text 'Credit Card' is present on page  using regular expression

2022-04-01 00:25:28 - [MESSAGE][PASSED] - Text 'Credit Card' is present on page  using regular expression

2022-04-01 00:25:28 - [TEST_STEP][PASSED] - verifyTextPresent("Transaction Type", true): Text 'Transaction Type' is present on page  using regular expression

2022-04-01 00:25:28 - [MESSAGE][PASSED] - Text 'Transaction Type' is present on page  using regular expression

2022-04-01 00:25:28 - [TEST_STEP][PASSED] - verifyTextPresent("Authorization", true): Text 'Authorization' is present on page  using regular expression

2022-04-01 00:25:28 - [MESSAGE][PASSED] - Text 'Authorization' is present on page  using regular expression

2022-04-01 00:25:28 - [TEST_STEP][PASSED] - verifyTextPresent("Transaction Posted by", true): Text 'Transaction Posted by' is present on page  using regular expression

2022-04-01 00:25:29 - [MESSAGE][PASSED] - Text 'Transaction Posted by' is present on page  using regular expression

2022-04-01 00:25:29 - [TEST_STEP][PASSED] - verifyTextPresent("iahmed", true): Text 'iahmed' is present on page  using regular expression

2022-04-01 00:25:29 - [MESSAGE][PASSED] - Text 'iahmed' is present on page  using regular expression

2022-04-01 00:25:29 - [TEST_STEP][PASSED] - click(findTestObject(path_TranxDetails + "a_Capture this transaction")): Object: 'Object Repository/AdminSuiteBootstrap_Pages/VT_Bootstrap/TransactionDetails/a_Capture this transaction' is clicked on

2022-04-01 00:25:30 - [MESSAGE][PASSED] - Object: 'Object Repository/AdminSuiteBootstrap_Pages/VT_Bootstrap/TransactionDetails/a_Capture this transaction' is clicked on

2022-04-01 00:25:30 - [TEST_STEP][PASSED] - verifyTextPresent("Credit Card Capture", true): Text 'Credit Card Capture' is present on page  using regular expression

2022-04-01 00:25:31 - [MESSAGE][PASSED] - Text 'Credit Card Capture' is present on page  using regular expression

2022-04-01 00:25:31 - [TEST_STEP][PASSED] - captureAmount = findTestData(dataFile).getValue("CaptureAmount", row): null

2022-04-01 00:25:31 - [TEST_STEP][PASSED] - setText(findTestObject(path_SaleKB + "input_amountCapture"), captureAmount): Text '6.50' is set on object 'Object Repository/AdminSuiteBootstrap_Pages/VT_Bootstrap/SaleKeyboard/input_amountCapture'

2022-04-01 00:25:32 - [MESSAGE][PASSED] - Text '6.50' is set on object 'Object Repository/AdminSuiteBootstrap_Pages/VT_Bootstrap/SaleKeyboard/input_amountCapture'

2022-04-01 00:25:32 - [TEST_STEP][PASSED] - amountWithCF = findTestData(dataFile).getValue("AmountwithCF", row): null

2022-04-01 00:25:32 - [TEST_STEP][PASSED] - click(findTestObject(path_TranxDetails + "button_Submit")): Object: 'Object Repository/AdminSuiteBootstrap_Pages/VT_Bootstrap/TransactionDetails/button_Submit' is clicked on

2022-04-01 00:25:34 - [MESSAGE][PASSED] - Object: 'Object Repository/AdminSuiteBootstrap_Pages/VT_Bootstrap/TransactionDetails/button_Submit' is clicked on

2022-04-01 00:25:34 - [TEST_STEP][PASSED] - verifyTextPresent("Transaction Successful", true): Text 'Transaction Successful' is present on page  using regular expression

2022-04-01 00:25:35 - [MESSAGE][PASSED] - Text 'Transaction Successful' is present on page  using regular expression

2022-04-01 00:25:35 - [TEST_STEP][PASSED] - verifyTextPresent("Transaction Type", true): Text 'Transaction Type' is present on page  using regular expression

2022-04-01 00:25:35 - [MESSAGE][PASSED] - Text 'Transaction Type' is present on page  using regular expression

2022-04-01 00:25:35 - [TEST_STEP][PASSED] - verifyTextPresent("Capture", true): Text 'Capture' is present on page  using regular expression

2022-04-01 00:25:35 - [MESSAGE][PASSED] - Text 'Capture' is present on page  using regular expression

2022-04-01 00:25:35 - [TEST_STEP][PASSED] - verifyTextPresent("Amount", true): Text 'Amount' is present on page  using regular expression

2022-04-01 00:25:36 - [MESSAGE][PASSED] - Text 'Amount' is present on page  using regular expression

2022-04-01 00:25:36 - [TEST_STEP][PASSED] - verifyTextPresent("Service Fee", true): Text 'Service Fee' is present on page  using regular expression

2022-04-01 00:25:36 - [MESSAGE][PASSED] - Text 'Service Fee' is present on page  using regular expression

2022-04-01 00:25:36 - [TEST_STEP][PASSED] - verifyTextPresent("Service Fee Type", true): Text 'Service Fee Type' is present on page  using regular expression

2022-04-01 00:25:37 - [MESSAGE][PASSED] - Text 'Service Fee Type' is present on page  using regular expression

2022-04-01 00:25:37 - [TEST_STEP][PASSED] - verifyTextPresent("Total Amount", true): Text 'Total Amount' is present on page  using regular expression

2022-04-01 00:25:37 - [MESSAGE][PASSED] - Text 'Total Amount' is present on page  using regular expression

2022-04-01 00:25:37 - [TEST_STEP][PASSED] - verifyTextPresent(captureAmount, true): Text '6.50' is present on page  using regular expression

2022-04-01 00:25:37 - [MESSAGE][PASSED] - Text '6.50' is present on page  using regular expression

2022-04-01 00:25:37 - [TEST_STEP][PASSED] - verifyTextPresent("5.00", true): Text '5.00' is present on page  using regular expression

2022-04-01 00:25:37 - [MESSAGE][PASSED] - Text '5.00' is present on page  using regular expression

2022-04-01 00:25:37 - [TEST_STEP][PASSED] - verifyTextPresent("Dual Transaction", true): Text 'Dual Transaction' is present on page  using regular expression

2022-04-01 00:25:38 - [MESSAGE][PASSED] - Text 'Dual Transaction' is present on page  using regular expression

2022-04-01 00:25:38 - [TEST_STEP][PASSED] - verifyTextPresent(amountWithCF, true): Text '11.50' is present on page  using regular expression

2022-04-01 00:25:38 - [MESSAGE][PASSED] - Text '11.50' is present on page  using regular expression

2022-04-01 00:25:38 - [TEST_STEP][PASSED] - closeBrowser(): Browser is closed

2022-04-01 00:25:39 - [MESSAGE][PASSED] - Browser is closed

2022-04-01 00:25:39 - [TEST_STEP][PASSED] - ExecuteTC = findTestData(dataFile).getValue("Execute", row): null

2022-04-01 00:25:39 - [TEST_STEP][PASSED] - out.println("Value of Execute is : " + ExecuteTC): null

2022-04-01 00:25:39 - [TEST_STEP][PASSED] - switch (executionProfile): null

2022-04-01 00:25:39 - [TEST_STEP][PASSED] - case "QAProfile":: null

2022-04-01 00:25:39 - [TEST_STEP][PASSED] - appName = findTestData(dataFile).getValue("AppNameQA", row): null

2022-04-01 00:25:39 - [TEST_STEP][PASSED] - appID = findTestData(dataFile).getValue("AppIDQA", row): null

2022-04-01 00:25:39 - [TEST_STEP][PASSED] - break: null

2022-04-01 00:25:39 - [TEST_STEP][PASSED] - hrefAppID = li_1 + appID + li_2: null

2022-04-01 00:25:39 - [TEST_STEP][PASSED] - hrefApp = li_1 + appID + "/": null

2022-04-01 00:25:39 - [TEST_STEP][PASSED] - println("hrefApp : " + hrefApp): null

2022-04-01 00:25:39 - [TEST_STEP][PASSED] - if (ExecuteTC.equalsIgnoreCase("Y")): null

2022-04-01 00:25:39 - [TEST_STEP][PASSED] - out.println("Begin Record Number: " + row): null

2022-04-01 00:25:39 - [TEST_STEP][PASSED] - today = new java.util.Date(): null

2022-04-01 00:25:39 - [TEST_STEP][PASSED] - println(today): null

2022-04-01 00:25:39 - [TEST_STEP][PASSED] - datText = today: null

2022-04-01 00:25:39 - [TEST_STEP][PASSED] - adminSuiteBootstrap.loginFunctionality.login_AdminSuite(): adminSuiteBootstrap.loginFunctionality.login_AdminSuite is PASSED

2022-04-01 00:25:39 - [MESSAGE][INFO] - Starting 'Chrome' driver

2022-04-01 00:25:39 - [MESSAGE][INFO] - User set preference: ['acceptInsecureCerts', 'true']

2022-04-01 00:25:39 - [MESSAGE][INFO] - Action delay is set to 0 milliseconds

2022-04-01 00:25:42 - [MESSAGE][PASSED] - Browser is opened with url: 'https://qa.velocitypayment.com/admin/imtiaz'

2022-04-01 00:25:43 - [MESSAGE][PASSED] - Current window maximized

2022-04-01 00:25:43 - [MESSAGE][PASSED] - Object 'Object Repository/Login_Page/Login_Username' is present

2022-04-01 00:25:44 - [MESSAGE][PASSED] - Text 'iahmed' is set on object 'Object Repository/Login_Page/Login_Username'

2022-04-01 00:25:44 - [MESSAGE][PASSED] - Text 'hello2222' is set on object 'Object Repository/Login_Page/Login_Password'

2022-04-01 00:25:47 - [MESSAGE][PASSED] - Object: 'Object Repository/Login_Page/Login_Submit' is clicked on

2022-04-01 00:25:47 - [MESSAGE][PASSED] - adminSuiteBootstrap.loginFunctionality.login_AdminSuite is PASSED

2022-04-01 00:25:47 - [TEST_STEP][PASSED] - click(findTestObject(path_Dashboard + appName)): Object: 'Object Repository/AdminSuiteBootstrap_Pages/Dashboard_Bootstrap/a_Access AutoDualCFtpQA' is clicked on

2022-04-01 00:25:48 - [MESSAGE][PASSED] - Object: 'Object Repository/AdminSuiteBootstrap_Pages/Dashboard_Bootstrap/a_Access AutoDualCFtpQA' is clicked on

2022-04-01 00:25:48 - [TEST_STEP][PASSED] - click(findTestObject(path_VT + "button_Authorization Only")): Object: 'Object Repository/AdminSuiteBootstrap_Pages/VT_Bootstrap/IssueTransactions/button_Authorization Only' is clicked on

2022-04-01 00:25:49 - [MESSAGE][PASSED] - Object: 'Object Repository/AdminSuiteBootstrap_Pages/VT_Bootstrap/IssueTransactions/button_Authorization Only' is clicked on

2022-04-01 00:25:49 - [TEST_STEP][PASSED] - authOnlyKeyboardEntryLink = modifyObjectProperty(findTestObject(path_VT + "a_KeyboardEntry_Sale"), "href", "equals", hrefAppID, true): Modify property of object successfully

2022-04-01 00:25:49 - [MESSAGE][PASSED] - Modify property of object successfully

2022-04-01 00:25:49 - [TEST_STEP][PASSED] - click(authOnlyKeyboardEntryLink): Object: 'Object Repository/AdminSuiteBootstrap_Pages/VT_Bootstrap/IssueTransactions/a_KeyboardEntry_Sale' is clicked on

2022-04-01 00:25:50 - [MESSAGE][PASSED] - Object: 'Object Repository/AdminSuiteBootstrap_Pages/VT_Bootstrap/IssueTransactions/a_KeyboardEntry_Sale' is clicked on

2022-04-01 00:25:50 - [TEST_STEP][PASSED] - adminSuiteBootstrap.virtualTerminalSetData.saleKeyboard_DataDriven(row, dataFile): adminSuiteBootstrap.virtualTerminalSetData.saleKeyboard_DataDriven is PASSED

2022-04-01 00:25:52 - [MESSAGE][PASSED] - Text 'Janaki James' is set on object 'Object Repository/AdminSuiteBootstrap_Pages/VT_Bootstrap/SaleKeyboard/input_cardName'

2022-04-01 00:25:53 - [MESSAGE][PASSED] - All options with value 'MOTO' are selected in object 'Object Repository/AdminSuiteBootstrap_Pages/VT_Bootstrap/SaleKeyboard/select_transactionCategory'  using regular expression

2022-04-01 00:25:54 - [MESSAGE][PASSED] - Execute JavaScript 'arguments[0].value ='6011000993026909' ' successfully

2022-04-01 00:25:54 - [MESSAGE][PASSED] - Execute JavaScript 'arguments[0].value ='123' ' successfully

2022-04-01 00:25:55 - [MESSAGE][PASSED] - All options with value '12' are selected in object 'Object Repository/AdminSuiteBootstrap_Pages/VT_Bootstrap/SaleKeyboard/select_MM'  using regular expression

2022-04-01 00:25:56 - [MESSAGE][PASSED] - All options with value '2025' are selected in object 'Object Repository/AdminSuiteBootstrap_Pages/VT_Bootstrap/SaleKeyboard/select_YYYY'  using regular expression

2022-04-01 00:25:57 - [MESSAGE][PASSED] - Text '25987 Hill Top' is set on object 'Object Repository/AdminSuiteBootstrap_Pages/VT_Bootstrap/SaleKeyboard/input__address'

2022-04-01 00:25:58 - [MESSAGE][PASSED] - Text 'Suite 500' is set on object 'Object Repository/AdminSuiteBootstrap_Pages/VT_Bootstrap/SaleKeyboard/input__address2'

2022-04-01 00:25:59 - [MESSAGE][PASSED] - Text '22201' is set on object 'Object Repository/AdminSuiteBootstrap_Pages/VT_Bootstrap/SaleKeyboard/input__zip'

2022-04-01 00:25:59 - [MESSAGE][PASSED] - Text '' is set on object 'Object Repository/AdminSuiteBootstrap_Pages/VT_Bootstrap/SaleKeyboard/input_emailAddress'

2022-04-01 00:26:01 - [MESSAGE][PASSED] - Text '' is set on object 'Object Repository/AdminSuiteBootstrap_Pages/VT_Bootstrap/SaleKeyboard/input_smsNumber'

2022-04-01 00:26:01 - [MESSAGE][PASSED] - Text '10.50' is set on object 'Object Repository/AdminSuiteBootstrap_Pages/VT_Bootstrap/SaleKeyboard/input_amount'

2022-04-01 00:26:02 - [MESSAGE][PASSED] - Text 'Australia' is set on object 'Object Repository/AdminSuiteBootstrap_Pages/VT_Bootstrap/SaleKeyboard/input_userDefined1'

2022-04-01 00:26:03 - [MESSAGE][PASSED] - Text 'Denmark' is set on object 'Object Repository/AdminSuiteBootstrap_Pages/VT_Bootstrap/SaleKeyboard/input_userDefined2'

2022-04-01 00:26:04 - [MESSAGE][PASSED] - Text 'Sweden' is set on object 'Object Repository/AdminSuiteBootstrap_Pages/VT_Bootstrap/SaleKeyboard/input_userDefined3'

2022-04-01 00:26:05 - [MESSAGE][PASSED] - Text 'Austria' is set on object 'Object Repository/AdminSuiteBootstrap_Pages/VT_Bootstrap/SaleKeyboard/input_userDefined4'

2022-04-01 00:26:06 - [MESSAGE][PASSED] - All options with label 'Orange' are selected in object 'Object Repository/AdminSuiteBootstrap_Pages/VT_Bootstrap/SaleKeyboard/select_UDF5_DropDown'  using regular expression

2022-04-01 00:26:07 - [MESSAGE][PASSED] - All options with label 'Yellow' are selected in object 'Object Repository/AdminSuiteBootstrap_Pages/VT_Bootstrap/SaleKeyboard/select_UDF6_DropDown'  using regular expression

2022-04-01 00:26:07 - [MESSAGE][PASSED] - Text 'Norway' is set on object 'Object Repository/AdminSuiteBootstrap_Pages/VT_Bootstrap/SaleKeyboard/input_userDefined7'

2022-04-01 00:26:08 - [MESSAGE][PASSED] - Text 'Netherlands' is set on object 'Object Repository/AdminSuiteBootstrap_Pages/VT_Bootstrap/SaleKeyboard/input_userDefined8'

2022-04-01 00:26:09 - [MESSAGE][PASSED] - Text 'Switzerland' is set on object 'Object Repository/AdminSuiteBootstrap_Pages/VT_Bootstrap/SaleKeyboard/input_userDefined9'

2022-04-01 00:26:09 - [MESSAGE][PASSED] - Text 'France' is set on object 'Object Repository/AdminSuiteBootstrap_Pages/VT_Bootstrap/SaleKeyboard/input_userDefined10'

2022-04-01 00:26:11 - [MESSAGE][PASSED] - Object: 'Object Repository/AdminSuiteBootstrap_Pages/VT_Bootstrap/SaleKeyboard/button_Submit' is clicked on

2022-04-01 00:26:11 - [MESSAGE][PASSED] - adminSuiteBootstrap.virtualTerminalSetData.saleKeyboard_DataDriven is PASSED

2022-04-01 00:26:11 - [TEST_STEP][PASSED] - if (verifyTextPresent("Transaction Successful", true)): null

2022-04-01 00:26:12 - [MESSAGE][PASSED] - Text 'Transaction Successful' is present on page  using regular expression

2022-04-01 00:26:12 - [TEST_STEP][PASSED] - sdf = getText(findTestObject(path_Receipt + "td_AutoNoC031622113752957Ahm")): Text of object 'Object Repository/AdminSuiteBootstrap_Pages/VT_Bootstrap/Receipt/td_AutoNoC031622113752957Ahm' is: 'AutoDua040122002402309Ahm'

2022-04-01 00:26:12 - [MESSAGE][PASSED] - Text of object 'Object Repository/AdminSuiteBootstrap_Pages/VT_Bootstrap/Receipt/td_AutoNoC031622113752957Ahm' is: 'AutoDua040122002402309Ahm'

2022-04-01 00:26:12 - [TEST_STEP][PASSED] - out.println("sdf: " + sdf): null

2022-04-01 00:26:12 - [TEST_STEP][PASSED] - remID = sdf: null

2022-04-01 00:26:12 - [TEST_STEP][PASSED] - out.println("remID: " + remID): null

2022-04-01 00:26:12 - [TEST_STEP][PASSED] - click(findTestObject(path_Receipt + "button_Continue")): Object: 'Object Repository/AdminSuiteBootstrap_Pages/VT_Bootstrap/Receipt/button_Continue' is clicked on

2022-04-01 00:26:13 - [MESSAGE][PASSED] - Object: 'Object Repository/AdminSuiteBootstrap_Pages/VT_Bootstrap/Receipt/button_Continue' is clicked on

2022-04-01 00:26:13 - [TEST_STEP][PASSED] - click(findTestObject(path_VT + "a_Search Transactions")): Object: 'Object Repository/AdminSuiteBootstrap_Pages/VT_Bootstrap/IssueTransactions/a_Search Transactions' is clicked on

2022-04-01 00:26:14 - [MESSAGE][PASSED] - Object: 'Object Repository/AdminSuiteBootstrap_Pages/VT_Bootstrap/IssueTransactions/a_Search Transactions' is clicked on

2022-04-01 00:26:14 - [TEST_STEP][PASSED] - setText(findTestObject(path_CCSearch + "input_Search By_searchValue"), remID): Text 'AutoDua040122002402309Ahm' is set on object 'Object Repository/AdminSuiteBootstrap_Pages/VT_Bootstrap/CCCreditOrVoidSearch/input_Search By_searchValue'

2022-04-01 00:26:15 - [MESSAGE][PASSED] - Text 'AutoDua040122002402309Ahm' is set on object 'Object Repository/AdminSuiteBootstrap_Pages/VT_Bootstrap/CCCreditOrVoidSearch/input_Search By_searchValue'

2022-04-01 00:26:15 - [TEST_STEP][PASSED] - click(findTestObject(path_CCSearch + "option_Authorization")): Object: 'Object Repository/AdminSuiteBootstrap_Pages/VT_Bootstrap/CCCreditOrVoidSearch/option_Authorization' is clicked on

2022-04-01 00:26:16 - [MESSAGE][PASSED] - Object: 'Object Repository/AdminSuiteBootstrap_Pages/VT_Bootstrap/CCCreditOrVoidSearch/option_Authorization' is clicked on

2022-04-01 00:26:16 - [TEST_STEP][PASSED] - click(findTestObject(path_CCSearch + "button_Submit")): Object: 'Object Repository/AdminSuiteBootstrap_Pages/VT_Bootstrap/CCCreditOrVoidSearch/button_Submit' is clicked on

2022-04-01 00:26:16 - [MESSAGE][PASSED] - Object: 'Object Repository/AdminSuiteBootstrap_Pages/VT_Bootstrap/CCCreditOrVoidSearch/button_Submit' is clicked on

2022-04-01 00:26:16 - [TEST_STEP][PASSED] - fgr = getText(findTestObject(path_SearchResults + "div_Payment ID")): Text of object 'Object Repository/AdminSuiteBootstrap_Pages/VT_Bootstrap/SearchResults/div_Payment ID' is: 'Payment ID
Payment Type
Transaction Type
Remittance ID
Name
Total Amount
End Date
Status
12114327 Credit Card Authorization AutoDua040122002402309Ahm Janaki James $10.50 04/01/2022 Success'

2022-04-01 00:26:17 - [MESSAGE][PASSED] - Text of object 'Object Repository/AdminSuiteBootstrap_Pages/VT_Bootstrap/SearchResults/div_Payment ID' is: 'Payment ID
Payment Type
Transaction Type
Remittance ID
Name
Total Amount
End Date
Status
12114327 Credit Card Authorization AutoDua040122002402309Ahm Janaki James $10.50 04/01/2022 Success'

2022-04-01 00:26:17 - [TEST_STEP][PASSED] - payID = substring(89, 98).trim(): null

2022-04-01 00:26:17 - [TEST_STEP][PASSED] - out.println("payID: " + payID): null

2022-04-01 00:26:17 - [TEST_STEP][PASSED] - click(findTestObject(path_SearchResults + "button_PaymentID")): Object: 'Object Repository/AdminSuiteBootstrap_Pages/VT_Bootstrap/SearchResults/button_PaymentID' is clicked on

2022-04-01 00:26:18 - [MESSAGE][PASSED] - Object: 'Object Repository/AdminSuiteBootstrap_Pages/VT_Bootstrap/SearchResults/button_PaymentID' is clicked on

2022-04-01 00:26:18 - [TEST_STEP][PASSED] - verifyTextPresent("Tender Type", true): Text 'Tender Type' is present on page  using regular expression

2022-04-01 00:26:18 - [MESSAGE][PASSED] - Text 'Tender Type' is present on page  using regular expression

2022-04-01 00:26:18 - [TEST_STEP][PASSED] - verifyTextPresent("Credit Card", true): Text 'Credit Card' is present on page  using regular expression

2022-04-01 00:26:19 - [MESSAGE][PASSED] - Text 'Credit Card' is present on page  using regular expression

2022-04-01 00:26:19 - [TEST_STEP][PASSED] - verifyTextPresent("Transaction Type", true): Text 'Transaction Type' is present on page  using regular expression

2022-04-01 00:26:19 - [MESSAGE][PASSED] - Text 'Transaction Type' is present on page  using regular expression

2022-04-01 00:26:19 - [TEST_STEP][PASSED] - verifyTextPresent("Authorization", true): Text 'Authorization' is present on page  using regular expression

2022-04-01 00:26:19 - [MESSAGE][PASSED] - Text 'Authorization' is present on page  using regular expression

2022-04-01 00:26:19 - [TEST_STEP][PASSED] - verifyTextPresent("Transaction Posted by", true): Text 'Transaction Posted by' is present on page  using regular expression

2022-04-01 00:26:20 - [MESSAGE][PASSED] - Text 'Transaction Posted by' is present on page  using regular expression

2022-04-01 00:26:20 - [TEST_STEP][PASSED] - verifyTextPresent("iahmed", true): Text 'iahmed' is present on page  using regular expression

2022-04-01 00:26:20 - [MESSAGE][PASSED] - Text 'iahmed' is present on page  using regular expression

2022-04-01 00:26:20 - [TEST_STEP][PASSED] - click(findTestObject(path_TranxDetails + "a_Capture this transaction")): Object: 'Object Repository/AdminSuiteBootstrap_Pages/VT_Bootstrap/TransactionDetails/a_Capture this transaction' is clicked on

2022-04-01 00:26:21 - [MESSAGE][PASSED] - Object: 'Object Repository/AdminSuiteBootstrap_Pages/VT_Bootstrap/TransactionDetails/a_Capture this transaction' is clicked on

2022-04-01 00:26:21 - [TEST_STEP][PASSED] - verifyTextPresent("Credit Card Capture", true): Text 'Credit Card Capture' is present on page  using regular expression

2022-04-01 00:26:22 - [MESSAGE][PASSED] - Text 'Credit Card Capture' is present on page  using regular expression

2022-04-01 00:26:22 - [TEST_STEP][PASSED] - captureAmount = findTestData(dataFile).getValue("CaptureAmount", row): null

2022-04-01 00:26:22 - [TEST_STEP][PASSED] - setText(findTestObject(path_SaleKB + "input_amountCapture"), captureAmount): Text '10.00' is set on object 'Object Repository/AdminSuiteBootstrap_Pages/VT_Bootstrap/SaleKeyboard/input_amountCapture'

2022-04-01 00:26:23 - [MESSAGE][PASSED] - Text '10.00' is set on object 'Object Repository/AdminSuiteBootstrap_Pages/VT_Bootstrap/SaleKeyboard/input_amountCapture'

2022-04-01 00:26:23 - [TEST_STEP][PASSED] - amountWithCF = findTestData(dataFile).getValue("AmountwithCF", row): null

2022-04-01 00:26:23 - [TEST_STEP][PASSED] - click(findTestObject(path_TranxDetails + "button_Submit")): Object: 'Object Repository/AdminSuiteBootstrap_Pages/VT_Bootstrap/TransactionDetails/button_Submit' is clicked on

2022-04-01 00:26:25 - [MESSAGE][PASSED] - Object: 'Object Repository/AdminSuiteBootstrap_Pages/VT_Bootstrap/TransactionDetails/button_Submit' is clicked on

2022-04-01 00:26:25 - [TEST_STEP][PASSED] - verifyTextPresent("Transaction Successful", true): Text 'Transaction Successful' is present on page  using regular expression

2022-04-01 00:26:26 - [MESSAGE][PASSED] - Text 'Transaction Successful' is present on page  using regular expression

2022-04-01 00:26:26 - [TEST_STEP][PASSED] - verifyTextPresent("Transaction Type", true): Text 'Transaction Type' is present on page  using regular expression

2022-04-01 00:26:26 - [MESSAGE][PASSED] - Text 'Transaction Type' is present on page  using regular expression

2022-04-01 00:26:26 - [TEST_STEP][PASSED] - verifyTextPresent("Capture", true): Text 'Capture' is present on page  using regular expression

2022-04-01 00:26:27 - [MESSAGE][PASSED] - Text 'Capture' is present on page  using regular expression

2022-04-01 00:26:27 - [TEST_STEP][PASSED] - verifyTextPresent("Amount", true): Text 'Amount' is present on page  using regular expression

2022-04-01 00:26:27 - [MESSAGE][PASSED] - Text 'Amount' is present on page  using regular expression

2022-04-01 00:26:27 - [TEST_STEP][PASSED] - verifyTextPresent("Service Fee", true): Text 'Service Fee' is present on page  using regular expression

2022-04-01 00:26:27 - [MESSAGE][PASSED] - Text 'Service Fee' is present on page  using regular expression

2022-04-01 00:26:27 - [TEST_STEP][PASSED] - verifyTextPresent("Service Fee Type", true): Text 'Service Fee Type' is present on page  using regular expression

2022-04-01 00:26:28 - [MESSAGE][PASSED] - Text 'Service Fee Type' is present on page  using regular expression

2022-04-01 00:26:28 - [TEST_STEP][PASSED] - verifyTextPresent("Total Amount", true): Text 'Total Amount' is present on page  using regular expression

2022-04-01 00:26:28 - [MESSAGE][PASSED] - Text 'Total Amount' is present on page  using regular expression

2022-04-01 00:26:28 - [TEST_STEP][PASSED] - verifyTextPresent(captureAmount, true): Text '10.00' is present on page  using regular expression

2022-04-01 00:26:28 - [MESSAGE][PASSED] - Text '10.00' is present on page  using regular expression

2022-04-01 00:26:28 - [TEST_STEP][PASSED] - verifyTextPresent("5.00", true): Text '5.00' is present on page  using regular expression

2022-04-01 00:26:29 - [MESSAGE][PASSED] - Text '5.00' is present on page  using regular expression

2022-04-01 00:26:29 - [TEST_STEP][PASSED] - verifyTextPresent("Dual Transaction", true): Text 'Dual Transaction' is present on page  using regular expression

2022-04-01 00:26:29 - [MESSAGE][PASSED] - Text 'Dual Transaction' is present on page  using regular expression

2022-04-01 00:26:29 - [TEST_STEP][PASSED] - verifyTextPresent(amountWithCF, true): Text '15.00' is present on page  using regular expression

2022-04-01 00:26:29 - [MESSAGE][PASSED] - Text '15.00' is present on page  using regular expression

2022-04-01 00:26:29 - [TEST_STEP][PASSED] - closeBrowser(): Browser is closed

2022-04-01 00:26:30 - [MESSAGE][PASSED] - Browser is closed]]></system-out>
         <system-err><![CDATA[]]></system-err>
      </testcase>
      <testcase name="Test Cases/Admin Suite Bootstrap/VT_TestCases/AuthCaptureKeyboard_TP_NoCF_Generic_Payment_TC" time="384.196" classname="Test Cases/Admin Suite Bootstrap/VT_TestCases/AuthCaptureKeyboard_TP_NoCF_Generic_Payment_TC" status="PASSED">
         <system-out><![CDATA[2022-04-01 00:26:30 - [TEST_CASE][PASSED] - Test Cases/Admin Suite Bootstrap/VT_TestCases/AuthCaptureKeyboard_TP_NoCF_Generic_Payment_TC: Test Cases/Admin Suite Bootstrap/VT_TestCases/AuthCaptureKeyboard_TP_NoCF_Generic_Payment_TC

2022-04-01 00:26:31 - [TEST_STEP][PASSED] - path_Dashboard = "Object Repository/AdminSuiteBootstrap_Pages/Dashboard_Bootstrap/": null

2022-04-01 00:26:31 - [TEST_STEP][PASSED] - path_VT = "Object Repository/AdminSuiteBootstrap_Pages/VT_Bootstrap/IssueTransactions/": null

2022-04-01 00:26:31 - [TEST_STEP][PASSED] - path_SaleKB = "Object Repository/AdminSuiteBootstrap_Pages/VT_Bootstrap/SaleKeyboard/": null

2022-04-01 00:26:31 - [TEST_STEP][PASSED] - path_TestMinus = "Object Repository/Page_TestMinusAndAtSigns/": null

2022-04-01 00:26:31 - [TEST_STEP][PASSED] - path_Receipt = "Object Repository/AdminSuiteBootstrap_Pages/VT_Bootstrap/Receipt/": null

2022-04-01 00:26:31 - [TEST_STEP][PASSED] - path_CCSearch = "Object Repository/AdminSuiteBootstrap_Pages/VT_Bootstrap/CCCreditOrVoidSearch/": null

2022-04-01 00:26:31 - [TEST_STEP][PASSED] - path_SearchResults = "Object Repository/AdminSuiteBootstrap_Pages/VT_Bootstrap/SearchResults/": null

2022-04-01 00:26:31 - [TEST_STEP][PASSED] - path_TranxDetails = "Object Repository/AdminSuiteBootstrap_Pages/VT_Bootstrap/TransactionDetails/": null

2022-04-01 00:26:31 - [TEST_STEP][PASSED] - li_1 = vpos_Prefix: null

2022-04-01 00:26:31 - [TEST_STEP][PASSED] - li_2 = "/transactions/AuthOnlyForm/": null

2022-04-01 00:26:31 - [TEST_STEP][PASSED] - executionProfile = getExecutionProfile(): null

2022-04-01 00:26:31 - [TEST_STEP][PASSED] - out.println("executionProfile : " + executionProfile): null

2022-04-01 00:26:31 - [TEST_STEP][PASSED] - appName = <not implemented yet for class: org.codehaus.groovy.ast.expr.EmptyExpression>: null

2022-04-01 00:26:31 - [TEST_STEP][PASSED] - appID = <not implemented yet for class: org.codehaus.groovy.ast.expr.EmptyExpression>: null

2022-04-01 00:26:31 - [TEST_STEP][PASSED] - cardNameV = <not implemented yet for class: org.codehaus.groovy.ast.expr.EmptyExpression>: null

2022-04-01 00:26:31 - [TEST_STEP][PASSED] - al1V = <not implemented yet for class: org.codehaus.groovy.ast.expr.EmptyExpression>: null

2022-04-01 00:26:31 - [TEST_STEP][PASSED] - al2V = <not implemented yet for class: org.codehaus.groovy.ast.expr.EmptyExpression>: null

2022-04-01 00:26:31 - [TEST_STEP][PASSED] - zipV = <not implemented yet for class: org.codehaus.groovy.ast.expr.EmptyExpression>: null

2022-04-01 00:26:31 - [TEST_STEP][PASSED] - cardTypeV = <not implemented yet for class: org.codehaus.groovy.ast.expr.EmptyExpression>: null

2022-04-01 00:26:31 - [TEST_STEP][PASSED] - last4V = <not implemented yet for class: org.codehaus.groovy.ast.expr.EmptyExpression>: null

2022-04-01 00:26:31 - [TEST_STEP][PASSED] - resText = "Fail": null

2022-04-01 00:26:31 - [TEST_STEP][PASSED] - resColumn = "Result": null

2022-04-01 00:26:31 - [TEST_STEP][PASSED] - datCloumn = "Date": null

2022-04-01 00:26:31 - [TEST_STEP][PASSED] - fileLoc = "C:\KatalonData\Bootstrap\VT-Data.xlsx": null

2022-04-01 00:26:31 - [TEST_STEP][PASSED] - numOfRows = <not implemented yet for class: org.codehaus.groovy.ast.expr.EmptyExpression>: null

2022-04-01 00:26:31 - [TEST_STEP][PASSED] - dataFile = <not implemented yet for class: org.codehaus.groovy.ast.expr.EmptyExpression>: null

2022-04-01 00:26:31 - [TEST_STEP][PASSED] - nameSheet = <not implemented yet for class: org.codehaus.groovy.ast.expr.EmptyExpression>: null

2022-04-01 00:26:31 - [TEST_STEP][PASSED] - nameSheet = "VT-AuthCapture-NoCF-Generic": null

2022-04-01 00:26:31 - [TEST_STEP][PASSED] - numOfRows = findTestData("QA/Bootstrap/VT-TestData/VT-AuthCaptureData-NoCF-Generic").getRowNumbers(): null

2022-04-01 00:26:31 - [TEST_STEP][PASSED] - println("Number of Records: " + numOfRows): null

2022-04-01 00:26:31 - [TEST_STEP][PASSED] - dataFile = "QA/Bootstrap/VT-TestData/VT-AuthCaptureData-NoCF-Generic": null

2022-04-01 00:26:31 - [TEST_STEP][PASSED] - for ([row = 1, row <= numOfRows, (row++)]): null

2022-04-01 00:26:31 - [TEST_STEP][PASSED] - ExecuteTC = findTestData(dataFile).getValue("Execute", row): null

2022-04-01 00:26:31 - [TEST_STEP][PASSED] - out.println("Value of Execute is : " + ExecuteTC): null

2022-04-01 00:26:31 - [TEST_STEP][PASSED] - switch (executionProfile): null

2022-04-01 00:26:31 - [TEST_STEP][PASSED] - case "QAProfile":: null

2022-04-01 00:26:31 - [TEST_STEP][PASSED] - appName = findTestData(dataFile).getValue("AppNameQA", row): null

2022-04-01 00:26:31 - [TEST_STEP][PASSED] - appID = findTestData(dataFile).getValue("AppIDQA", row): null

2022-04-01 00:26:31 - [TEST_STEP][PASSED] - break: null

2022-04-01 00:26:31 - [TEST_STEP][PASSED] - hrefAppID = li_1 + appID + li_2: null

2022-04-01 00:26:31 - [TEST_STEP][PASSED] - hrefApp = li_1 + appID + "/": null

2022-04-01 00:26:31 - [TEST_STEP][PASSED] - println("hrefApp : " + hrefApp): null

2022-04-01 00:26:31 - [TEST_STEP][PASSED] - if (ExecuteTC.equalsIgnoreCase("Y")): null

2022-04-01 00:26:31 - [TEST_STEP][PASSED] - out.println("Begin Record Number: " + row): null

2022-04-01 00:26:31 - [TEST_STEP][PASSED] - today = new java.util.Date(): null

2022-04-01 00:26:31 - [TEST_STEP][PASSED] - println(today): null

2022-04-01 00:26:31 - [TEST_STEP][PASSED] - datText = today: null

2022-04-01 00:26:31 - [TEST_STEP][PASSED] - adminSuiteBootstrap.loginFunctionality.login_AdminSuite(): adminSuiteBootstrap.loginFunctionality.login_AdminSuite is PASSED

2022-04-01 00:26:31 - [MESSAGE][INFO] - Starting 'Chrome' driver

2022-04-01 00:26:31 - [MESSAGE][INFO] - User set preference: ['acceptInsecureCerts', 'true']

2022-04-01 00:26:31 - [MESSAGE][INFO] - Action delay is set to 0 milliseconds

2022-04-01 00:26:34 - [MESSAGE][PASSED] - Browser is opened with url: 'https://qa.velocitypayment.com/admin/imtiaz'

2022-04-01 00:26:34 - [MESSAGE][PASSED] - Current window maximized

2022-04-01 00:26:34 - [MESSAGE][PASSED] - Object 'Object Repository/Login_Page/Login_Username' is present

2022-04-01 00:26:35 - [MESSAGE][PASSED] - Text 'iahmed' is set on object 'Object Repository/Login_Page/Login_Username'

2022-04-01 00:26:36 - [MESSAGE][PASSED] - Text 'hello2222' is set on object 'Object Repository/Login_Page/Login_Password'

2022-04-01 00:26:39 - [MESSAGE][PASSED] - Object: 'Object Repository/Login_Page/Login_Submit' is clicked on

2022-04-01 00:26:39 - [MESSAGE][PASSED] - adminSuiteBootstrap.loginFunctionality.login_AdminSuite is PASSED

2022-04-01 00:26:39 - [TEST_STEP][PASSED] - click(findTestObject(path_Dashboard + appName)): Object: 'Object Repository/AdminSuiteBootstrap_Pages/Dashboard_Bootstrap/a_Access AutoNoCFtp' is clicked on

2022-04-01 00:26:39 - [MESSAGE][PASSED] - Object: 'Object Repository/AdminSuiteBootstrap_Pages/Dashboard_Bootstrap/a_Access AutoNoCFtp' is clicked on

2022-04-01 00:26:39 - [TEST_STEP][PASSED] - click(findTestObject(path_VT + "button_Authorization Only")): Object: 'Object Repository/AdminSuiteBootstrap_Pages/VT_Bootstrap/IssueTransactions/button_Authorization Only' is clicked on

2022-04-01 00:26:40 - [MESSAGE][PASSED] - Object: 'Object Repository/AdminSuiteBootstrap_Pages/VT_Bootstrap/IssueTransactions/button_Authorization Only' is clicked on

2022-04-01 00:26:40 - [TEST_STEP][PASSED] - authOnlyKeyboardEntryLink = modifyObjectProperty(findTestObject(path_VT + "a_KeyboardEntry_Sale"), "href", "equals", hrefAppID, true): Modify property of object successfully

2022-04-01 00:26:40 - [MESSAGE][PASSED] - Modify property of object successfully

2022-04-01 00:26:40 - [TEST_STEP][PASSED] - click(authOnlyKeyboardEntryLink): Object: 'Object Repository/AdminSuiteBootstrap_Pages/VT_Bootstrap/IssueTransactions/a_KeyboardEntry_Sale' is clicked on

2022-04-01 00:26:41 - [MESSAGE][PASSED] - Object: 'Object Repository/AdminSuiteBootstrap_Pages/VT_Bootstrap/IssueTransactions/a_KeyboardEntry_Sale' is clicked on

2022-04-01 00:26:41 - [TEST_STEP][PASSED] - adminSuiteBootstrap.virtualTerminalSetData.saleKeyboard_DataDriven(row, dataFile): adminSuiteBootstrap.virtualTerminalSetData.saleKeyboard_DataDriven is PASSED

2022-04-01 00:26:44 - [MESSAGE][PASSED] - Text 'Tulsi Raman' is set on object 'Object Repository/AdminSuiteBootstrap_Pages/VT_Bootstrap/SaleKeyboard/input_cardName'

2022-04-01 00:26:45 - [MESSAGE][PASSED] - All options with value 'RETL' are selected in object 'Object Repository/AdminSuiteBootstrap_Pages/VT_Bootstrap/SaleKeyboard/select_transactionCategory'  using regular expression

2022-04-01 00:26:45 - [MESSAGE][PASSED] - Execute JavaScript 'arguments[0].value ='4012000098765439' ' successfully

2022-04-01 00:26:46 - [MESSAGE][PASSED] - Execute JavaScript 'arguments[0].value ='123' ' successfully

2022-04-01 00:26:47 - [MESSAGE][PASSED] - All options with value '12' are selected in object 'Object Repository/AdminSuiteBootstrap_Pages/VT_Bootstrap/SaleKeyboard/select_MM'  using regular expression

2022-04-01 00:26:48 - [MESSAGE][PASSED] - All options with value '2025' are selected in object 'Object Repository/AdminSuiteBootstrap_Pages/VT_Bootstrap/SaleKeyboard/select_YYYY'  using regular expression

2022-04-01 00:26:49 - [MESSAGE][PASSED] - Text '36 Cornor Road' is set on object 'Object Repository/AdminSuiteBootstrap_Pages/VT_Bootstrap/SaleKeyboard/input__address'

2022-04-01 00:26:49 - [MESSAGE][PASSED] - Text 'Suite 500' is set on object 'Object Repository/AdminSuiteBootstrap_Pages/VT_Bootstrap/SaleKeyboard/input__address2'

2022-04-01 00:26:50 - [MESSAGE][PASSED] - Text '22201' is set on object 'Object Repository/AdminSuiteBootstrap_Pages/VT_Bootstrap/SaleKeyboard/input__zip'

2022-04-01 00:26:51 - [MESSAGE][PASSED] - Text '' is set on object 'Object Repository/AdminSuiteBootstrap_Pages/VT_Bootstrap/SaleKeyboard/input_emailAddress'

2022-04-01 00:26:52 - [MESSAGE][PASSED] - Text '' is set on object 'Object Repository/AdminSuiteBootstrap_Pages/VT_Bootstrap/SaleKeyboard/input_smsNumber'

2022-04-01 00:26:53 - [MESSAGE][PASSED] - Text '10.50' is set on object 'Object Repository/AdminSuiteBootstrap_Pages/VT_Bootstrap/SaleKeyboard/input_amount'

2022-04-01 00:26:53 - [MESSAGE][PASSED] - Text 'Australia' is set on object 'Object Repository/AdminSuiteBootstrap_Pages/VT_Bootstrap/SaleKeyboard/input_userDefined1'

2022-04-01 00:26:54 - [MESSAGE][PASSED] - Text 'Denmark' is set on object 'Object Repository/AdminSuiteBootstrap_Pages/VT_Bootstrap/SaleKeyboard/input_userDefined2'

2022-04-01 00:26:55 - [MESSAGE][PASSED] - Text 'Sweden' is set on object 'Object Repository/AdminSuiteBootstrap_Pages/VT_Bootstrap/SaleKeyboard/input_userDefined3'

2022-04-01 00:26:55 - [MESSAGE][PASSED] - Text 'Austria' is set on object 'Object Repository/AdminSuiteBootstrap_Pages/VT_Bootstrap/SaleKeyboard/input_userDefined4'

2022-04-01 00:26:56 - [MESSAGE][PASSED] - All options with label 'Orange' are selected in object 'Object Repository/AdminSuiteBootstrap_Pages/VT_Bootstrap/SaleKeyboard/select_UDF5_DropDown'  using regular expression

2022-04-01 00:26:58 - [MESSAGE][PASSED] - All options with label 'Yellow' are selected in object 'Object Repository/AdminSuiteBootstrap_Pages/VT_Bootstrap/SaleKeyboard/select_UDF6_DropDown'  using regular expression

2022-04-01 00:26:58 - [MESSAGE][PASSED] - Text 'Norway' is set on object 'Object Repository/AdminSuiteBootstrap_Pages/VT_Bootstrap/SaleKeyboard/input_userDefined7'

2022-04-01 00:26:59 - [MESSAGE][PASSED] - Text 'Netherlands' is set on object 'Object Repository/AdminSuiteBootstrap_Pages/VT_Bootstrap/SaleKeyboard/input_userDefined8'

2022-04-01 00:27:00 - [MESSAGE][PASSED] - Text 'Switzerland' is set on object 'Object Repository/AdminSuiteBootstrap_Pages/VT_Bootstrap/SaleKeyboard/input_userDefined9'

2022-04-01 00:27:00 - [MESSAGE][PASSED] - Text 'France' is set on object 'Object Repository/AdminSuiteBootstrap_Pages/VT_Bootstrap/SaleKeyboard/input_userDefined10'

2022-04-01 00:27:02 - [MESSAGE][PASSED] - Object: 'Object Repository/AdminSuiteBootstrap_Pages/VT_Bootstrap/SaleKeyboard/button_Submit' is clicked on

2022-04-01 00:27:02 - [MESSAGE][PASSED] - adminSuiteBootstrap.virtualTerminalSetData.saleKeyboard_DataDriven is PASSED

2022-04-01 00:27:02 - [TEST_STEP][PASSED] - if (verifyTextPresent("Transaction Successful", true)): null

2022-04-01 00:27:02 - [MESSAGE][PASSED] - Text 'Transaction Successful' is present on page  using regular expression

2022-04-01 00:27:02 - [TEST_STEP][PASSED] - sdf = getText(findTestObject(path_Receipt + "td_AutoNoC031622113752957Ahm")): Text of object 'Object Repository/AdminSuiteBootstrap_Pages/VT_Bootstrap/Receipt/td_AutoNoC031622113752957Ahm' is: 'AutoNoC040122002453560Ahm'

2022-04-01 00:27:03 - [MESSAGE][PASSED] - Text of object 'Object Repository/AdminSuiteBootstrap_Pages/VT_Bootstrap/Receipt/td_AutoNoC031622113752957Ahm' is: 'AutoNoC040122002453560Ahm'

2022-04-01 00:27:03 - [TEST_STEP][PASSED] - out.println("sdf: " + sdf): null

2022-04-01 00:27:03 - [TEST_STEP][PASSED] - remID = sdf: null

2022-04-01 00:27:03 - [TEST_STEP][PASSED] - out.println("remID: " + remID): null

2022-04-01 00:27:03 - [TEST_STEP][PASSED] - click(findTestObject(path_Receipt + "button_Continue")): Object: 'Object Repository/AdminSuiteBootstrap_Pages/VT_Bootstrap/Receipt/button_Continue' is clicked on

2022-04-01 00:27:03 - [MESSAGE][PASSED] - Object: 'Object Repository/AdminSuiteBootstrap_Pages/VT_Bootstrap/Receipt/button_Continue' is clicked on

2022-04-01 00:27:03 - [TEST_STEP][PASSED] - click(findTestObject(path_VT + "a_Search Transactions")): Object: 'Object Repository/AdminSuiteBootstrap_Pages/VT_Bootstrap/IssueTransactions/a_Search Transactions' is clicked on

2022-04-01 00:27:05 - [MESSAGE][PASSED] - Object: 'Object Repository/AdminSuiteBootstrap_Pages/VT_Bootstrap/IssueTransactions/a_Search Transactions' is clicked on

2022-04-01 00:27:05 - [TEST_STEP][PASSED] - setText(findTestObject(path_CCSearch + "input_Search By_searchValue"), remID): Text 'AutoNoC040122002453560Ahm' is set on object 'Object Repository/AdminSuiteBootstrap_Pages/VT_Bootstrap/CCCreditOrVoidSearch/input_Search By_searchValue'

2022-04-01 00:27:05 - [MESSAGE][PASSED] - Text 'AutoNoC040122002453560Ahm' is set on object 'Object Repository/AdminSuiteBootstrap_Pages/VT_Bootstrap/CCCreditOrVoidSearch/input_Search By_searchValue'

2022-04-01 00:27:05 - [TEST_STEP][PASSED] - click(findTestObject(path_CCSearch + "option_Authorization")): Object: 'Object Repository/AdminSuiteBootstrap_Pages/VT_Bootstrap/CCCreditOrVoidSearch/option_Authorization' is clicked on

2022-04-01 00:27:06 - [MESSAGE][PASSED] - Object: 'Object Repository/AdminSuiteBootstrap_Pages/VT_Bootstrap/CCCreditOrVoidSearch/option_Authorization' is clicked on

2022-04-01 00:27:06 - [TEST_STEP][PASSED] - click(findTestObject(path_CCSearch + "button_Submit")): Object: 'Object Repository/AdminSuiteBootstrap_Pages/VT_Bootstrap/CCCreditOrVoidSearch/button_Submit' is clicked on

2022-04-01 00:27:07 - [MESSAGE][PASSED] - Object: 'Object Repository/AdminSuiteBootstrap_Pages/VT_Bootstrap/CCCreditOrVoidSearch/button_Submit' is clicked on

2022-04-01 00:27:07 - [TEST_STEP][PASSED] - fgr = getText(findTestObject(path_SearchResults + "div_Payment ID")): Text of object 'Object Repository/AdminSuiteBootstrap_Pages/VT_Bootstrap/SearchResults/div_Payment ID' is: 'Payment ID
Payment Type
Transaction Type
Remittance ID
Name
Total Amount
End Date
Status
12114331 Credit Card Authorization AutoNoC040122002453560Ahm Tulsi Raman $10.50 04/01/2022 Success'

2022-04-01 00:27:07 - [MESSAGE][PASSED] - Text of object 'Object Repository/AdminSuiteBootstrap_Pages/VT_Bootstrap/SearchResults/div_Payment ID' is: 'Payment ID
Payment Type
Transaction Type
Remittance ID
Name
Total Amount
End Date
Status
12114331 Credit Card Authorization AutoNoC040122002453560Ahm Tulsi Raman $10.50 04/01/2022 Success'

2022-04-01 00:27:07 - [TEST_STEP][PASSED] - payID = substring(89, 98).trim(): null

2022-04-01 00:27:07 - [TEST_STEP][PASSED] - out.println("payID: " + payID): null

2022-04-01 00:27:07 - [TEST_STEP][PASSED] - click(findTestObject(path_SearchResults + "button_PaymentID")): Object: 'Object Repository/AdminSuiteBootstrap_Pages/VT_Bootstrap/SearchResults/button_PaymentID' is clicked on

2022-04-01 00:27:08 - [MESSAGE][PASSED] - Object: 'Object Repository/AdminSuiteBootstrap_Pages/VT_Bootstrap/SearchResults/button_PaymentID' is clicked on

2022-04-01 00:27:08 - [TEST_STEP][PASSED] - verifyTextPresent("Tender Type", true): Text 'Tender Type' is present on page  using regular expression

2022-04-01 00:27:09 - [MESSAGE][PASSED] - Text 'Tender Type' is present on page  using regular expression

2022-04-01 00:27:09 - [TEST_STEP][PASSED] - verifyTextPresent("Credit Card", true): Text 'Credit Card' is present on page  using regular expression

2022-04-01 00:27:09 - [MESSAGE][PASSED] - Text 'Credit Card' is present on page  using regular expression

2022-04-01 00:27:09 - [TEST_STEP][PASSED] - verifyTextPresent("Transaction Type", true): Text 'Transaction Type' is present on page  using regular expression

2022-04-01 00:27:09 - [MESSAGE][PASSED] - Text 'Transaction Type' is present on page  using regular expression

2022-04-01 00:27:09 - [TEST_STEP][PASSED] - verifyTextPresent("Authorization", true): Text 'Authorization' is present on page  using regular expression

2022-04-01 00:27:10 - [MESSAGE][PASSED] - Text 'Authorization' is present on page  using regular expression

2022-04-01 00:27:10 - [TEST_STEP][PASSED] - verifyTextPresent("Transaction Posted by", true): Text 'Transaction Posted by' is present on page  using regular expression

2022-04-01 00:27:10 - [MESSAGE][PASSED] - Text 'Transaction Posted by' is present on page  using regular expression

2022-04-01 00:27:10 - [TEST_STEP][PASSED] - verifyTextPresent("iahmed", true): Text 'iahmed' is present on page  using regular expression

2022-04-01 00:27:10 - [MESSAGE][PASSED] - Text 'iahmed' is present on page  using regular expression

2022-04-01 00:27:10 - [TEST_STEP][PASSED] - click(findTestObject(path_TranxDetails + "a_Capture this transaction")): Object: 'Object Repository/AdminSuiteBootstrap_Pages/VT_Bootstrap/TransactionDetails/a_Capture this transaction' is clicked on

2022-04-01 00:27:11 - [MESSAGE][PASSED] - Object: 'Object Repository/AdminSuiteBootstrap_Pages/VT_Bootstrap/TransactionDetails/a_Capture this transaction' is clicked on

2022-04-01 00:27:11 - [TEST_STEP][PASSED] - verifyTextPresent("Credit Card Capture", true): Text 'Credit Card Capture' is present on page  using regular expression

2022-04-01 00:27:12 - [MESSAGE][PASSED] - Text 'Credit Card Capture' is present on page  using regular expression

2022-04-01 00:27:12 - [TEST_STEP][PASSED] - captureAmount = findTestData(dataFile).getValue("CaptureAmount", row): null

2022-04-01 00:27:12 - [TEST_STEP][PASSED] - setText(findTestObject(path_SaleKB + "input_amountCapture"), captureAmount): Text '10.50' is set on object 'Object Repository/AdminSuiteBootstrap_Pages/VT_Bootstrap/SaleKeyboard/input_amountCapture'

2022-04-01 00:27:13 - [MESSAGE][PASSED] - Text '10.50' is set on object 'Object Repository/AdminSuiteBootstrap_Pages/VT_Bootstrap/SaleKeyboard/input_amountCapture'

2022-04-01 00:27:13 - [TEST_STEP][PASSED] - click(findTestObject(path_TranxDetails + "button_Submit")): Object: 'Object Repository/AdminSuiteBootstrap_Pages/VT_Bootstrap/TransactionDetails/button_Submit' is clicked on

2022-04-01 00:27:15 - [MESSAGE][PASSED] - Object: 'Object Repository/AdminSuiteBootstrap_Pages/VT_Bootstrap/TransactionDetails/button_Submit' is clicked on

2022-04-01 00:27:15 - [TEST_STEP][PASSED] - verifyTextPresent("Transaction Successful", true): Text 'Transaction Successful' is present on page  using regular expression

2022-04-01 00:27:15 - [MESSAGE][PASSED] - Text 'Transaction Successful' is present on page  using regular expression

2022-04-01 00:27:15 - [TEST_STEP][PASSED] - verifyTextPresent("Transaction Type", true): Text 'Transaction Type' is present on page  using regular expression

2022-04-01 00:27:16 - [MESSAGE][PASSED] - Text 'Transaction Type' is present on page  using regular expression

2022-04-01 00:27:16 - [TEST_STEP][PASSED] - verifyTextPresent("Capture", true): Text 'Capture' is present on page  using regular expression

2022-04-01 00:27:16 - [MESSAGE][PASSED] - Text 'Capture' is present on page  using regular expression

2022-04-01 00:27:16 - [TEST_STEP][PASSED] - verifyTextPresent("Amount", true): Text 'Amount' is present on page  using regular expression

2022-04-01 00:27:16 - [MESSAGE][PASSED] - Text 'Amount' is present on page  using regular expression

2022-04-01 00:27:16 - [TEST_STEP][PASSED] - verifyTextPresent(captureAmount, true): Text '10.50' is present on page  using regular expression

2022-04-01 00:27:17 - [MESSAGE][PASSED] - Text '10.50' is present on page  using regular expression

2022-04-01 00:27:17 - [TEST_STEP][PASSED] - closeBrowser(): Browser is closed

2022-04-01 00:27:17 - [MESSAGE][PASSED] - Browser is closed

2022-04-01 00:27:17 - [TEST_STEP][PASSED] - ExecuteTC = findTestData(dataFile).getValue("Execute", row): null

2022-04-01 00:27:18 - [TEST_STEP][PASSED] - out.println("Value of Execute is : " + ExecuteTC): null

2022-04-01 00:27:18 - [TEST_STEP][PASSED] - switch (executionProfile): null

2022-04-01 00:27:18 - [TEST_STEP][PASSED] - case "QAProfile":: null

2022-04-01 00:27:18 - [TEST_STEP][PASSED] - appName = findTestData(dataFile).getValue("AppNameQA", row): null

2022-04-01 00:27:18 - [TEST_STEP][PASSED] - appID = findTestData(dataFile).getValue("AppIDQA", row): null

2022-04-01 00:27:18 - [TEST_STEP][PASSED] - break: null

2022-04-01 00:27:18 - [TEST_STEP][PASSED] - hrefAppID = li_1 + appID + li_2: null

2022-04-01 00:27:18 - [TEST_STEP][PASSED] - hrefApp = li_1 + appID + "/": null

2022-04-01 00:27:18 - [TEST_STEP][PASSED] - println("hrefApp : " + hrefApp): null

2022-04-01 00:27:18 - [TEST_STEP][PASSED] - if (ExecuteTC.equalsIgnoreCase("Y")): null

2022-04-01 00:27:18 - [TEST_STEP][PASSED] - out.println("Begin Record Number: " + row): null

2022-04-01 00:27:18 - [TEST_STEP][PASSED] - today = new java.util.Date(): null

2022-04-01 00:27:18 - [TEST_STEP][PASSED] - println(today): null

2022-04-01 00:27:18 - [TEST_STEP][PASSED] - datText = today: null

2022-04-01 00:27:18 - [TEST_STEP][PASSED] - adminSuiteBootstrap.loginFunctionality.login_AdminSuite(): adminSuiteBootstrap.loginFunctionality.login_AdminSuite is PASSED

2022-04-01 00:27:18 - [MESSAGE][INFO] - Starting 'Chrome' driver

2022-04-01 00:27:18 - [MESSAGE][INFO] - User set preference: ['acceptInsecureCerts', 'true']

2022-04-01 00:27:18 - [MESSAGE][INFO] - Action delay is set to 0 milliseconds

2022-04-01 00:27:20 - [MESSAGE][PASSED] - Browser is opened with url: 'https://qa.velocitypayment.com/admin/imtiaz'

2022-04-01 00:27:20 - [MESSAGE][PASSED] - Current window maximized

2022-04-01 00:27:21 - [MESSAGE][PASSED] - Object 'Object Repository/Login_Page/Login_Username' is present

2022-04-01 00:27:21 - [MESSAGE][PASSED] - Text 'iahmed' is set on object 'Object Repository/Login_Page/Login_Username'

2022-04-01 00:27:22 - [MESSAGE][PASSED] - Text 'hello2222' is set on object 'Object Repository/Login_Page/Login_Password'

2022-04-01 00:27:25 - [MESSAGE][PASSED] - Object: 'Object Repository/Login_Page/Login_Submit' is clicked on

2022-04-01 00:27:25 - [MESSAGE][PASSED] - adminSuiteBootstrap.loginFunctionality.login_AdminSuite is PASSED

2022-04-01 00:27:25 - [TEST_STEP][PASSED] - click(findTestObject(path_Dashboard + appName)): Object: 'Object Repository/AdminSuiteBootstrap_Pages/Dashboard_Bootstrap/a_Access AutoNoCFtp' is clicked on

2022-04-01 00:27:25 - [MESSAGE][PASSED] - Object: 'Object Repository/AdminSuiteBootstrap_Pages/Dashboard_Bootstrap/a_Access AutoNoCFtp' is clicked on

2022-04-01 00:27:25 - [TEST_STEP][PASSED] - click(findTestObject(path_VT + "button_Authorization Only")): Object: 'Object Repository/AdminSuiteBootstrap_Pages/VT_Bootstrap/IssueTransactions/button_Authorization Only' is clicked on

2022-04-01 00:27:26 - [MESSAGE][PASSED] - Object: 'Object Repository/AdminSuiteBootstrap_Pages/VT_Bootstrap/IssueTransactions/button_Authorization Only' is clicked on

2022-04-01 00:27:26 - [TEST_STEP][PASSED] - authOnlyKeyboardEntryLink = modifyObjectProperty(findTestObject(path_VT + "a_KeyboardEntry_Sale"), "href", "equals", hrefAppID, true): Modify property of object successfully

2022-04-01 00:27:26 - [MESSAGE][PASSED] - Modify property of object successfully

2022-04-01 00:27:26 - [TEST_STEP][PASSED] - click(authOnlyKeyboardEntryLink): Object: 'Object Repository/AdminSuiteBootstrap_Pages/VT_Bootstrap/IssueTransactions/a_KeyboardEntry_Sale' is clicked on

2022-04-01 00:27:27 - [MESSAGE][PASSED] - Object: 'Object Repository/AdminSuiteBootstrap_Pages/VT_Bootstrap/IssueTransactions/a_KeyboardEntry_Sale' is clicked on

2022-04-01 00:27:27 - [TEST_STEP][PASSED] - adminSuiteBootstrap.virtualTerminalSetData.saleKeyboard_DataDriven(row, dataFile): adminSuiteBootstrap.virtualTerminalSetData.saleKeyboard_DataDriven is PASSED

2022-04-01 00:27:30 - [MESSAGE][PASSED] - Text 'Tulsi Raman' is set on object 'Object Repository/AdminSuiteBootstrap_Pages/VT_Bootstrap/SaleKeyboard/input_cardName'

2022-04-01 00:27:31 - [MESSAGE][PASSED] - All options with value 'RETL' are selected in object 'Object Repository/AdminSuiteBootstrap_Pages/VT_Bootstrap/SaleKeyboard/select_transactionCategory'  using regular expression

2022-04-01 00:27:31 - [MESSAGE][PASSED] - Execute JavaScript 'arguments[0].value ='5146312200000035' ' successfully

2022-04-01 00:27:31 - [MESSAGE][PASSED] - Execute JavaScript 'arguments[0].value ='123' ' successfully

2022-04-01 00:27:33 - [MESSAGE][PASSED] - All options with value '12' are selected in object 'Object Repository/AdminSuiteBootstrap_Pages/VT_Bootstrap/SaleKeyboard/select_MM'  using regular expression

2022-04-01 00:27:34 - [MESSAGE][PASSED] - All options with value '2025' are selected in object 'Object Repository/AdminSuiteBootstrap_Pages/VT_Bootstrap/SaleKeyboard/select_YYYY'  using regular expression

2022-04-01 00:27:34 - [MESSAGE][PASSED] - Text '1478 Jhatka Palace' is set on object 'Object Repository/AdminSuiteBootstrap_Pages/VT_Bootstrap/SaleKeyboard/input__address'

2022-04-01 00:27:35 - [MESSAGE][PASSED] - Text 'Suite 500' is set on object 'Object Repository/AdminSuiteBootstrap_Pages/VT_Bootstrap/SaleKeyboard/input__address2'

2022-04-01 00:27:36 - [MESSAGE][PASSED] - Text '22201' is set on object 'Object Repository/AdminSuiteBootstrap_Pages/VT_Bootstrap/SaleKeyboard/input__zip'

2022-04-01 00:27:37 - [MESSAGE][PASSED] - Text '' is set on object 'Object Repository/AdminSuiteBootstrap_Pages/VT_Bootstrap/SaleKeyboard/input_emailAddress'

2022-04-01 00:27:38 - [MESSAGE][PASSED] - Text '' is set on object 'Object Repository/AdminSuiteBootstrap_Pages/VT_Bootstrap/SaleKeyboard/input_smsNumber'

2022-04-01 00:27:39 - [MESSAGE][PASSED] - Text '10.50' is set on object 'Object Repository/AdminSuiteBootstrap_Pages/VT_Bootstrap/SaleKeyboard/input_amount'

2022-04-01 00:27:39 - [MESSAGE][PASSED] - Text 'Australia' is set on object 'Object Repository/AdminSuiteBootstrap_Pages/VT_Bootstrap/SaleKeyboard/input_userDefined1'

2022-04-01 00:27:40 - [MESSAGE][PASSED] - Text 'Denmark' is set on object 'Object Repository/AdminSuiteBootstrap_Pages/VT_Bootstrap/SaleKeyboard/input_userDefined2'

2022-04-01 00:27:41 - [MESSAGE][PASSED] - Text 'Sweden' is set on object 'Object Repository/AdminSuiteBootstrap_Pages/VT_Bootstrap/SaleKeyboard/input_userDefined3'

2022-04-01 00:27:41 - [MESSAGE][PASSED] - Text 'Austria' is set on object 'Object Repository/AdminSuiteBootstrap_Pages/VT_Bootstrap/SaleKeyboard/input_userDefined4'

2022-04-01 00:27:43 - [MESSAGE][PASSED] - All options with label 'Orange' are selected in object 'Object Repository/AdminSuiteBootstrap_Pages/VT_Bootstrap/SaleKeyboard/select_UDF5_DropDown'  using regular expression

2022-04-01 00:27:44 - [MESSAGE][PASSED] - All options with label 'Yellow' are selected in object 'Object Repository/AdminSuiteBootstrap_Pages/VT_Bootstrap/SaleKeyboard/select_UDF6_DropDown'  using regular expression

2022-04-01 00:27:44 - [MESSAGE][PASSED] - Text 'Norway' is set on object 'Object Repository/AdminSuiteBootstrap_Pages/VT_Bootstrap/SaleKeyboard/input_userDefined7'

2022-04-01 00:27:45 - [MESSAGE][PASSED] - Text 'Netherlands' is set on object 'Object Repository/AdminSuiteBootstrap_Pages/VT_Bootstrap/SaleKeyboard/input_userDefined8'

2022-04-01 00:27:46 - [MESSAGE][PASSED] - Text 'Switzerland' is set on object 'Object Repository/AdminSuiteBootstrap_Pages/VT_Bootstrap/SaleKeyboard/input_userDefined9'

2022-04-01 00:27:46 - [MESSAGE][PASSED] - Text 'France' is set on object 'Object Repository/AdminSuiteBootstrap_Pages/VT_Bootstrap/SaleKeyboard/input_userDefined10'

2022-04-01 00:27:48 - [MESSAGE][PASSED] - Object: 'Object Repository/AdminSuiteBootstrap_Pages/VT_Bootstrap/SaleKeyboard/button_Submit' is clicked on

2022-04-01 00:27:48 - [MESSAGE][PASSED] - adminSuiteBootstrap.virtualTerminalSetData.saleKeyboard_DataDriven is PASSED

2022-04-01 00:27:48 - [TEST_STEP][PASSED] - if (verifyTextPresent("Transaction Successful", true)): null

2022-04-01 00:27:48 - [MESSAGE][PASSED] - Text 'Transaction Successful' is present on page  using regular expression

2022-04-01 00:27:48 - [TEST_STEP][PASSED] - sdf = getText(findTestObject(path_Receipt + "td_AutoNoC031622113752957Ahm")): Text of object 'Object Repository/AdminSuiteBootstrap_Pages/VT_Bootstrap/Receipt/td_AutoNoC031622113752957Ahm' is: 'AutoNoC040122002539499Ahm'

2022-04-01 00:27:49 - [MESSAGE][PASSED] - Text of object 'Object Repository/AdminSuiteBootstrap_Pages/VT_Bootstrap/Receipt/td_AutoNoC031622113752957Ahm' is: 'AutoNoC040122002539499Ahm'

2022-04-01 00:27:49 - [TEST_STEP][PASSED] - out.println("sdf: " + sdf): null

2022-04-01 00:27:49 - [TEST_STEP][PASSED] - remID = sdf: null

2022-04-01 00:27:49 - [TEST_STEP][PASSED] - out.println("remID: " + remID): null

2022-04-01 00:27:49 - [TEST_STEP][PASSED] - click(findTestObject(path_Receipt + "button_Continue")): Object: 'Object Repository/AdminSuiteBootstrap_Pages/VT_Bootstrap/Receipt/button_Continue' is clicked on

2022-04-01 00:27:50 - [MESSAGE][PASSED] - Object: 'Object Repository/AdminSuiteBootstrap_Pages/VT_Bootstrap/Receipt/button_Continue' is clicked on

2022-04-01 00:27:50 - [TEST_STEP][PASSED] - click(findTestObject(path_VT + "a_Search Transactions")): Object: 'Object Repository/AdminSuiteBootstrap_Pages/VT_Bootstrap/IssueTransactions/a_Search Transactions' is clicked on

2022-04-01 00:27:51 - [MESSAGE][PASSED] - Object: 'Object Repository/AdminSuiteBootstrap_Pages/VT_Bootstrap/IssueTransactions/a_Search Transactions' is clicked on

2022-04-01 00:27:51 - [TEST_STEP][PASSED] - setText(findTestObject(path_CCSearch + "input_Search By_searchValue"), remID): Text 'AutoNoC040122002539499Ahm' is set on object 'Object Repository/AdminSuiteBootstrap_Pages/VT_Bootstrap/CCCreditOrVoidSearch/input_Search By_searchValue'

2022-04-01 00:27:52 - [MESSAGE][PASSED] - Text 'AutoNoC040122002539499Ahm' is set on object 'Object Repository/AdminSuiteBootstrap_Pages/VT_Bootstrap/CCCreditOrVoidSearch/input_Search By_searchValue'

2022-04-01 00:27:52 - [TEST_STEP][PASSED] - click(findTestObject(path_CCSearch + "option_Authorization")): Object: 'Object Repository/AdminSuiteBootstrap_Pages/VT_Bootstrap/CCCreditOrVoidSearch/option_Authorization' is clicked on

2022-04-01 00:27:52 - [MESSAGE][PASSED] - Object: 'Object Repository/AdminSuiteBootstrap_Pages/VT_Bootstrap/CCCreditOrVoidSearch/option_Authorization' is clicked on

2022-04-01 00:27:52 - [TEST_STEP][PASSED] - click(findTestObject(path_CCSearch + "button_Submit")): Object: 'Object Repository/AdminSuiteBootstrap_Pages/VT_Bootstrap/CCCreditOrVoidSearch/button_Submit' is clicked on

2022-04-01 00:27:53 - [MESSAGE][PASSED] - Object: 'Object Repository/AdminSuiteBootstrap_Pages/VT_Bootstrap/CCCreditOrVoidSearch/button_Submit' is clicked on

2022-04-01 00:27:53 - [TEST_STEP][PASSED] - fgr = getText(findTestObject(path_SearchResults + "div_Payment ID")): Text of object 'Object Repository/AdminSuiteBootstrap_Pages/VT_Bootstrap/SearchResults/div_Payment ID' is: 'Payment ID
Payment Type
Transaction Type
Remittance ID
Name
Total Amount
End Date
Status
12114333 Credit Card Authorization AutoNoC040122002539499Ahm Tulsi Raman $10.50 04/01/2022 Success'

2022-04-01 00:27:53 - [MESSAGE][PASSED] - Text of object 'Object Repository/AdminSuiteBootstrap_Pages/VT_Bootstrap/SearchResults/div_Payment ID' is: 'Payment ID
Payment Type
Transaction Type
Remittance ID
Name
Total Amount
End Date
Status
12114333 Credit Card Authorization AutoNoC040122002539499Ahm Tulsi Raman $10.50 04/01/2022 Success'

2022-04-01 00:27:53 - [TEST_STEP][PASSED] - payID = substring(89, 98).trim(): null

2022-04-01 00:27:53 - [TEST_STEP][PASSED] - out.println("payID: " + payID): null

2022-04-01 00:27:53 - [TEST_STEP][PASSED] - click(findTestObject(path_SearchResults + "button_PaymentID")): Object: 'Object Repository/AdminSuiteBootstrap_Pages/VT_Bootstrap/SearchResults/button_PaymentID' is clicked on

2022-04-01 00:27:54 - [MESSAGE][PASSED] - Object: 'Object Repository/AdminSuiteBootstrap_Pages/VT_Bootstrap/SearchResults/button_PaymentID' is clicked on

2022-04-01 00:27:54 - [TEST_STEP][PASSED] - verifyTextPresent("Tender Type", true): Text 'Tender Type' is present on page  using regular expression

2022-04-01 00:27:55 - [MESSAGE][PASSED] - Text 'Tender Type' is present on page  using regular expression

2022-04-01 00:27:55 - [TEST_STEP][PASSED] - verifyTextPresent("Credit Card", true): Text 'Credit Card' is present on page  using regular expression

2022-04-01 00:27:55 - [MESSAGE][PASSED] - Text 'Credit Card' is present on page  using regular expression

2022-04-01 00:27:55 - [TEST_STEP][PASSED] - verifyTextPresent("Transaction Type", true): Text 'Transaction Type' is present on page  using regular expression

2022-04-01 00:27:55 - [MESSAGE][PASSED] - Text 'Transaction Type' is present on page  using regular expression

2022-04-01 00:27:55 - [TEST_STEP][PASSED] - verifyTextPresent("Authorization", true): Text 'Authorization' is present on page  using regular expression

2022-04-01 00:27:56 - [MESSAGE][PASSED] - Text 'Authorization' is present on page  using regular expression

2022-04-01 00:27:56 - [TEST_STEP][PASSED] - verifyTextPresent("Transaction Posted by", true): Text 'Transaction Posted by' is present on page  using regular expression

2022-04-01 00:27:56 - [MESSAGE][PASSED] - Text 'Transaction Posted by' is present on page  using regular expression

2022-04-01 00:27:56 - [TEST_STEP][PASSED] - verifyTextPresent("iahmed", true): Text 'iahmed' is present on page  using regular expression

2022-04-01 00:27:56 - [MESSAGE][PASSED] - Text 'iahmed' is present on page  using regular expression

2022-04-01 00:27:56 - [TEST_STEP][PASSED] - click(findTestObject(path_TranxDetails + "a_Capture this transaction")): Object: 'Object Repository/AdminSuiteBootstrap_Pages/VT_Bootstrap/TransactionDetails/a_Capture this transaction' is clicked on

2022-04-01 00:27:58 - [MESSAGE][PASSED] - Object: 'Object Repository/AdminSuiteBootstrap_Pages/VT_Bootstrap/TransactionDetails/a_Capture this transaction' is clicked on

2022-04-01 00:27:58 - [TEST_STEP][PASSED] - verifyTextPresent("Credit Card Capture", true): Text 'Credit Card Capture' is present on page  using regular expression

2022-04-01 00:27:58 - [MESSAGE][PASSED] - Text 'Credit Card Capture' is present on page  using regular expression

2022-04-01 00:27:58 - [TEST_STEP][PASSED] - captureAmount = findTestData(dataFile).getValue("CaptureAmount", row): null

2022-04-01 00:27:58 - [TEST_STEP][PASSED] - setText(findTestObject(path_SaleKB + "input_amountCapture"), captureAmount): Text '8.50' is set on object 'Object Repository/AdminSuiteBootstrap_Pages/VT_Bootstrap/SaleKeyboard/input_amountCapture'

2022-04-01 00:27:59 - [MESSAGE][PASSED] - Text '8.50' is set on object 'Object Repository/AdminSuiteBootstrap_Pages/VT_Bootstrap/SaleKeyboard/input_amountCapture'

2022-04-01 00:27:59 - [TEST_STEP][PASSED] - click(findTestObject(path_TranxDetails + "button_Submit")): Object: 'Object Repository/AdminSuiteBootstrap_Pages/VT_Bootstrap/TransactionDetails/button_Submit' is clicked on

2022-04-01 00:28:01 - [MESSAGE][PASSED] - Object: 'Object Repository/AdminSuiteBootstrap_Pages/VT_Bootstrap/TransactionDetails/button_Submit' is clicked on

2022-04-01 00:28:01 - [TEST_STEP][PASSED] - verifyTextPresent("Transaction Successful", true): Text 'Transaction Successful' is present on page  using regular expression

2022-04-01 00:28:01 - [MESSAGE][PASSED] - Text 'Transaction Successful' is present on page  using regular expression

2022-04-01 00:28:01 - [TEST_STEP][PASSED] - verifyTextPresent("Transaction Type", true): Text 'Transaction Type' is present on page  using regular expression

2022-04-01 00:28:02 - [MESSAGE][PASSED] - Text 'Transaction Type' is present on page  using regular expression

2022-04-01 00:28:02 - [TEST_STEP][PASSED] - verifyTextPresent("Capture", true): Text 'Capture' is present on page  using regular expression

2022-04-01 00:28:02 - [MESSAGE][PASSED] - Text 'Capture' is present on page  using regular expression

2022-04-01 00:28:02 - [TEST_STEP][PASSED] - verifyTextPresent("Amount", true): Text 'Amount' is present on page  using regular expression

2022-04-01 00:28:02 - [MESSAGE][PASSED] - Text 'Amount' is present on page  using regular expression

2022-04-01 00:28:02 - [TEST_STEP][PASSED] - verifyTextPresent(captureAmount, true): Text '8.50' is present on page  using regular expression

2022-04-01 00:28:03 - [MESSAGE][PASSED] - Text '8.50' is present on page  using regular expression

2022-04-01 00:28:03 - [TEST_STEP][PASSED] - closeBrowser(): Browser is closed

2022-04-01 00:28:04 - [MESSAGE][PASSED] - Browser is closed

2022-04-01 00:28:04 - [TEST_STEP][PASSED] - ExecuteTC = findTestData(dataFile).getValue("Execute", row): null

2022-04-01 00:28:04 - [TEST_STEP][PASSED] - out.println("Value of Execute is : " + ExecuteTC): null

2022-04-01 00:28:04 - [TEST_STEP][PASSED] - switch (executionProfile): null

2022-04-01 00:28:04 - [TEST_STEP][PASSED] - case "QAProfile":: null

2022-04-01 00:28:04 - [TEST_STEP][PASSED] - appName = findTestData(dataFile).getValue("AppNameQA", row): null

2022-04-01 00:28:04 - [TEST_STEP][PASSED] - appID = findTestData(dataFile).getValue("AppIDQA", row): null

2022-04-01 00:28:04 - [TEST_STEP][PASSED] - break: null

2022-04-01 00:28:04 - [TEST_STEP][PASSED] - hrefAppID = li_1 + appID + li_2: null

2022-04-01 00:28:04 - [TEST_STEP][PASSED] - hrefApp = li_1 + appID + "/": null

2022-04-01 00:28:04 - [TEST_STEP][PASSED] - println("hrefApp : " + hrefApp): null

2022-04-01 00:28:04 - [TEST_STEP][PASSED] - if (ExecuteTC.equalsIgnoreCase("Y")): null

2022-04-01 00:28:04 - [TEST_STEP][PASSED] - out.println("Begin Record Number: " + row): null

2022-04-01 00:28:04 - [TEST_STEP][PASSED] - today = new java.util.Date(): null

2022-04-01 00:28:04 - [TEST_STEP][PASSED] - println(today): null

2022-04-01 00:28:04 - [TEST_STEP][PASSED] - datText = today: null

2022-04-01 00:28:04 - [TEST_STEP][PASSED] - adminSuiteBootstrap.loginFunctionality.login_AdminSuite(): adminSuiteBootstrap.loginFunctionality.login_AdminSuite is PASSED

2022-04-01 00:28:04 - [MESSAGE][INFO] - Starting 'Chrome' driver

2022-04-01 00:28:04 - [MESSAGE][INFO] - User set preference: ['acceptInsecureCerts', 'true']

2022-04-01 00:28:04 - [MESSAGE][INFO] - Action delay is set to 0 milliseconds

2022-04-01 00:28:06 - [MESSAGE][PASSED] - Browser is opened with url: 'https://qa.velocitypayment.com/admin/imtiaz'

2022-04-01 00:28:06 - [MESSAGE][PASSED] - Current window maximized

2022-04-01 00:28:07 - [MESSAGE][PASSED] - Object 'Object Repository/Login_Page/Login_Username' is present

2022-04-01 00:28:07 - [MESSAGE][PASSED] - Text 'iahmed' is set on object 'Object Repository/Login_Page/Login_Username'

2022-04-01 00:28:08 - [MESSAGE][PASSED] - Text 'hello2222' is set on object 'Object Repository/Login_Page/Login_Password'

2022-04-01 00:28:11 - [MESSAGE][PASSED] - Object: 'Object Repository/Login_Page/Login_Submit' is clicked on

2022-04-01 00:28:11 - [MESSAGE][PASSED] - adminSuiteBootstrap.loginFunctionality.login_AdminSuite is PASSED

2022-04-01 00:28:11 - [TEST_STEP][PASSED] - click(findTestObject(path_Dashboard + appName)): Object: 'Object Repository/AdminSuiteBootstrap_Pages/Dashboard_Bootstrap/a_Access AutoNoCFtp' is clicked on

2022-04-01 00:28:12 - [MESSAGE][PASSED] - Object: 'Object Repository/AdminSuiteBootstrap_Pages/Dashboard_Bootstrap/a_Access AutoNoCFtp' is clicked on

2022-04-01 00:28:12 - [TEST_STEP][PASSED] - click(findTestObject(path_VT + "button_Authorization Only")): Object: 'Object Repository/AdminSuiteBootstrap_Pages/VT_Bootstrap/IssueTransactions/button_Authorization Only' is clicked on

2022-04-01 00:28:12 - [MESSAGE][PASSED] - Object: 'Object Repository/AdminSuiteBootstrap_Pages/VT_Bootstrap/IssueTransactions/button_Authorization Only' is clicked on

2022-04-01 00:28:12 - [TEST_STEP][PASSED] - authOnlyKeyboardEntryLink = modifyObjectProperty(findTestObject(path_VT + "a_KeyboardEntry_Sale"), "href", "equals", hrefAppID, true): Modify property of object successfully

2022-04-01 00:28:12 - [MESSAGE][PASSED] - Modify property of object successfully

2022-04-01 00:28:12 - [TEST_STEP][PASSED] - click(authOnlyKeyboardEntryLink): Object: 'Object Repository/AdminSuiteBootstrap_Pages/VT_Bootstrap/IssueTransactions/a_KeyboardEntry_Sale' is clicked on

2022-04-01 00:28:13 - [MESSAGE][PASSED] - Object: 'Object Repository/AdminSuiteBootstrap_Pages/VT_Bootstrap/IssueTransactions/a_KeyboardEntry_Sale' is clicked on

2022-04-01 00:28:13 - [TEST_STEP][PASSED] - adminSuiteBootstrap.virtualTerminalSetData.saleKeyboard_DataDriven(row, dataFile): adminSuiteBootstrap.virtualTerminalSetData.saleKeyboard_DataDriven is PASSED

2022-04-01 00:28:16 - [MESSAGE][PASSED] - Text 'Tulsi Raman' is set on object 'Object Repository/AdminSuiteBootstrap_Pages/VT_Bootstrap/SaleKeyboard/input_cardName'

2022-04-01 00:28:17 - [MESSAGE][PASSED] - All options with value 'RETL' are selected in object 'Object Repository/AdminSuiteBootstrap_Pages/VT_Bootstrap/SaleKeyboard/select_transactionCategory'  using regular expression

2022-04-01 00:28:17 - [MESSAGE][PASSED] - Execute JavaScript 'arguments[0].value ='371449635392376' ' successfully

2022-04-01 00:28:18 - [MESSAGE][PASSED] - Execute JavaScript 'arguments[0].value ='123' ' successfully

2022-04-01 00:28:19 - [MESSAGE][PASSED] - All options with value '12' are selected in object 'Object Repository/AdminSuiteBootstrap_Pages/VT_Bootstrap/SaleKeyboard/select_MM'  using regular expression

2022-04-01 00:28:20 - [MESSAGE][PASSED] - All options with value '2025' are selected in object 'Object Repository/AdminSuiteBootstrap_Pages/VT_Bootstrap/SaleKeyboard/select_YYYY'  using regular expression

2022-04-01 00:28:21 - [MESSAGE][PASSED] - Text '550 Swan Lake' is set on object 'Object Repository/AdminSuiteBootstrap_Pages/VT_Bootstrap/SaleKeyboard/input__address'

2022-04-01 00:28:22 - [MESSAGE][PASSED] - Text 'Suite 500' is set on object 'Object Repository/AdminSuiteBootstrap_Pages/VT_Bootstrap/SaleKeyboard/input__address2'

2022-04-01 00:28:22 - [MESSAGE][PASSED] - Text '22201' is set on object 'Object Repository/AdminSuiteBootstrap_Pages/VT_Bootstrap/SaleKeyboard/input__zip'

2022-04-01 00:28:23 - [MESSAGE][PASSED] - Text '' is set on object 'Object Repository/AdminSuiteBootstrap_Pages/VT_Bootstrap/SaleKeyboard/input_emailAddress'

2022-04-01 00:28:24 - [MESSAGE][PASSED] - Text '' is set on object 'Object Repository/AdminSuiteBootstrap_Pages/VT_Bootstrap/SaleKeyboard/input_smsNumber'

2022-04-01 00:28:25 - [MESSAGE][PASSED] - Text '10.50' is set on object 'Object Repository/AdminSuiteBootstrap_Pages/VT_Bootstrap/SaleKeyboard/input_amount'

2022-04-01 00:28:26 - [MESSAGE][PASSED] - Text 'Australia' is set on object 'Object Repository/AdminSuiteBootstrap_Pages/VT_Bootstrap/SaleKeyboard/input_userDefined1'

2022-04-01 00:28:26 - [MESSAGE][PASSED] - Text 'Denmark' is set on object 'Object Repository/AdminSuiteBootstrap_Pages/VT_Bootstrap/SaleKeyboard/input_userDefined2'

2022-04-01 00:28:27 - [MESSAGE][PASSED] - Text 'Sweden' is set on object 'Object Repository/AdminSuiteBootstrap_Pages/VT_Bootstrap/SaleKeyboard/input_userDefined3'

2022-04-01 00:28:28 - [MESSAGE][PASSED] - Text 'Austria' is set on object 'Object Repository/AdminSuiteBootstrap_Pages/VT_Bootstrap/SaleKeyboard/input_userDefined4'

2022-04-01 00:28:29 - [MESSAGE][PASSED] - All options with label 'Orange' are selected in object 'Object Repository/AdminSuiteBootstrap_Pages/VT_Bootstrap/SaleKeyboard/select_UDF5_DropDown'  using regular expression

2022-04-01 00:28:30 - [MESSAGE][PASSED] - All options with label 'Yellow' are selected in object 'Object Repository/AdminSuiteBootstrap_Pages/VT_Bootstrap/SaleKeyboard/select_UDF6_DropDown'  using regular expression

2022-04-01 00:28:31 - [MESSAGE][PASSED] - Text 'Norway' is set on object 'Object Repository/AdminSuiteBootstrap_Pages/VT_Bootstrap/SaleKeyboard/input_userDefined7'

2022-04-01 00:28:31 - [MESSAGE][PASSED] - Text 'Netherlands' is set on object 'Object Repository/AdminSuiteBootstrap_Pages/VT_Bootstrap/SaleKeyboard/input_userDefined8'

2022-04-01 00:28:32 - [MESSAGE][PASSED] - Text 'Switzerland' is set on object 'Object Repository/AdminSuiteBootstrap_Pages/VT_Bootstrap/SaleKeyboard/input_userDefined9'

2022-04-01 00:28:33 - [MESSAGE][PASSED] - Text 'France' is set on object 'Object Repository/AdminSuiteBootstrap_Pages/VT_Bootstrap/SaleKeyboard/input_userDefined10'

2022-04-01 00:28:34 - [MESSAGE][PASSED] - Object: 'Object Repository/AdminSuiteBootstrap_Pages/VT_Bootstrap/SaleKeyboard/button_Submit' is clicked on

2022-04-01 00:28:34 - [MESSAGE][PASSED] - adminSuiteBootstrap.virtualTerminalSetData.saleKeyboard_DataDriven is PASSED

2022-04-01 00:28:34 - [TEST_STEP][PASSED] - if (verifyTextPresent("Transaction Successful", true)): null

2022-04-01 00:28:35 - [MESSAGE][PASSED] - Text 'Transaction Successful' is present on page  using regular expression

2022-04-01 00:28:35 - [TEST_STEP][PASSED] - sdf = getText(findTestObject(path_Receipt + "td_AutoNoC031622113752957Ahm")): Text of object 'Object Repository/AdminSuiteBootstrap_Pages/VT_Bootstrap/Receipt/td_AutoNoC031622113752957Ahm' is: 'AutoNoC040122002625890Ahm'

2022-04-01 00:28:35 - [MESSAGE][PASSED] - Text of object 'Object Repository/AdminSuiteBootstrap_Pages/VT_Bootstrap/Receipt/td_AutoNoC031622113752957Ahm' is: 'AutoNoC040122002625890Ahm'

2022-04-01 00:28:35 - [TEST_STEP][PASSED] - out.println("sdf: " + sdf): null

2022-04-01 00:28:35 - [TEST_STEP][PASSED] - remID = sdf: null

2022-04-01 00:28:35 - [TEST_STEP][PASSED] - out.println("remID: " + remID): null

2022-04-01 00:28:35 - [TEST_STEP][PASSED] - click(findTestObject(path_Receipt + "button_Continue")): Object: 'Object Repository/AdminSuiteBootstrap_Pages/VT_Bootstrap/Receipt/button_Continue' is clicked on

2022-04-01 00:28:36 - [MESSAGE][PASSED] - Object: 'Object Repository/AdminSuiteBootstrap_Pages/VT_Bootstrap/Receipt/button_Continue' is clicked on

2022-04-01 00:28:36 - [TEST_STEP][PASSED] - click(findTestObject(path_VT + "a_Search Transactions")): Object: 'Object Repository/AdminSuiteBootstrap_Pages/VT_Bootstrap/IssueTransactions/a_Search Transactions' is clicked on

2022-04-01 00:28:37 - [MESSAGE][PASSED] - Object: 'Object Repository/AdminSuiteBootstrap_Pages/VT_Bootstrap/IssueTransactions/a_Search Transactions' is clicked on

2022-04-01 00:28:37 - [TEST_STEP][PASSED] - setText(findTestObject(path_CCSearch + "input_Search By_searchValue"), remID): Text 'AutoNoC040122002625890Ahm' is set on object 'Object Repository/AdminSuiteBootstrap_Pages/VT_Bootstrap/CCCreditOrVoidSearch/input_Search By_searchValue'

2022-04-01 00:28:38 - [MESSAGE][PASSED] - Text 'AutoNoC040122002625890Ahm' is set on object 'Object Repository/AdminSuiteBootstrap_Pages/VT_Bootstrap/CCCreditOrVoidSearch/input_Search By_searchValue'

2022-04-01 00:28:38 - [TEST_STEP][PASSED] - click(findTestObject(path_CCSearch + "option_Authorization")): Object: 'Object Repository/AdminSuiteBootstrap_Pages/VT_Bootstrap/CCCreditOrVoidSearch/option_Authorization' is clicked on

2022-04-01 00:28:38 - [MESSAGE][PASSED] - Object: 'Object Repository/AdminSuiteBootstrap_Pages/VT_Bootstrap/CCCreditOrVoidSearch/option_Authorization' is clicked on

2022-04-01 00:28:38 - [TEST_STEP][PASSED] - click(findTestObject(path_CCSearch + "button_Submit")): Object: 'Object Repository/AdminSuiteBootstrap_Pages/VT_Bootstrap/CCCreditOrVoidSearch/button_Submit' is clicked on

2022-04-01 00:28:39 - [MESSAGE][PASSED] - Object: 'Object Repository/AdminSuiteBootstrap_Pages/VT_Bootstrap/CCCreditOrVoidSearch/button_Submit' is clicked on

2022-04-01 00:28:39 - [TEST_STEP][PASSED] - fgr = getText(findTestObject(path_SearchResults + "div_Payment ID")): Text of object 'Object Repository/AdminSuiteBootstrap_Pages/VT_Bootstrap/SearchResults/div_Payment ID' is: 'Payment ID
Payment Type
Transaction Type
Remittance ID
Name
Total Amount
End Date
Status
12114335 Credit Card Authorization AutoNoC040122002625890Ahm Tulsi Raman $10.50 04/01/2022 Success'

2022-04-01 00:28:39 - [MESSAGE][PASSED] - Text of object 'Object Repository/AdminSuiteBootstrap_Pages/VT_Bootstrap/SearchResults/div_Payment ID' is: 'Payment ID
Payment Type
Transaction Type
Remittance ID
Name
Total Amount
End Date
Status
12114335 Credit Card Authorization AutoNoC040122002625890Ahm Tulsi Raman $10.50 04/01/2022 Success'

2022-04-01 00:28:39 - [TEST_STEP][PASSED] - payID = substring(89, 98).trim(): null

2022-04-01 00:28:39 - [TEST_STEP][PASSED] - out.println("payID: " + payID): null

2022-04-01 00:28:39 - [TEST_STEP][PASSED] - click(findTestObject(path_SearchResults + "button_PaymentID")): Object: 'Object Repository/AdminSuiteBootstrap_Pages/VT_Bootstrap/SearchResults/button_PaymentID' is clicked on

2022-04-01 00:28:40 - [MESSAGE][PASSED] - Object: 'Object Repository/AdminSuiteBootstrap_Pages/VT_Bootstrap/SearchResults/button_PaymentID' is clicked on

2022-04-01 00:28:40 - [TEST_STEP][PASSED] - verifyTextPresent("Tender Type", true): Text 'Tender Type' is present on page  using regular expression

2022-04-01 00:28:41 - [MESSAGE][PASSED] - Text 'Tender Type' is present on page  using regular expression

2022-04-01 00:28:41 - [TEST_STEP][PASSED] - verifyTextPresent("Credit Card", true): Text 'Credit Card' is present on page  using regular expression

2022-04-01 00:28:41 - [MESSAGE][PASSED] - Text 'Credit Card' is present on page  using regular expression

2022-04-01 00:28:41 - [TEST_STEP][PASSED] - verifyTextPresent("Transaction Type", true): Text 'Transaction Type' is present on page  using regular expression

2022-04-01 00:28:42 - [MESSAGE][PASSED] - Text 'Transaction Type' is present on page  using regular expression

2022-04-01 00:28:42 - [TEST_STEP][PASSED] - verifyTextPresent("Authorization", true): Text 'Authorization' is present on page  using regular expression

2022-04-01 00:28:42 - [MESSAGE][PASSED] - Text 'Authorization' is present on page  using regular expression

2022-04-01 00:28:42 - [TEST_STEP][PASSED] - verifyTextPresent("Transaction Posted by", true): Text 'Transaction Posted by' is present on page  using regular expression

2022-04-01 00:28:42 - [MESSAGE][PASSED] - Text 'Transaction Posted by' is present on page  using regular expression

2022-04-01 00:28:42 - [TEST_STEP][PASSED] - verifyTextPresent("iahmed", true): Text 'iahmed' is present on page  using regular expression

2022-04-01 00:28:43 - [MESSAGE][PASSED] - Text 'iahmed' is present on page  using regular expression

2022-04-01 00:28:43 - [TEST_STEP][PASSED] - click(findTestObject(path_TranxDetails + "a_Capture this transaction")): Object: 'Object Repository/AdminSuiteBootstrap_Pages/VT_Bootstrap/TransactionDetails/a_Capture this transaction' is clicked on

2022-04-01 00:28:44 - [MESSAGE][PASSED] - Object: 'Object Repository/AdminSuiteBootstrap_Pages/VT_Bootstrap/TransactionDetails/a_Capture this transaction' is clicked on

2022-04-01 00:28:44 - [TEST_STEP][PASSED] - verifyTextPresent("Credit Card Capture", true): Text 'Credit Card Capture' is present on page  using regular expression

2022-04-01 00:28:44 - [MESSAGE][PASSED] - Text 'Credit Card Capture' is present on page  using regular expression

2022-04-01 00:28:44 - [TEST_STEP][PASSED] - captureAmount = findTestData(dataFile).getValue("CaptureAmount", row): null

2022-04-01 00:28:44 - [TEST_STEP][PASSED] - setText(findTestObject(path_SaleKB + "input_amountCapture"), captureAmount): Text '6.50' is set on object 'Object Repository/AdminSuiteBootstrap_Pages/VT_Bootstrap/SaleKeyboard/input_amountCapture'

2022-04-01 00:28:45 - [MESSAGE][PASSED] - Text '6.50' is set on object 'Object Repository/AdminSuiteBootstrap_Pages/VT_Bootstrap/SaleKeyboard/input_amountCapture'

2022-04-01 00:28:45 - [TEST_STEP][PASSED] - click(findTestObject(path_TranxDetails + "button_Submit")): Object: 'Object Repository/AdminSuiteBootstrap_Pages/VT_Bootstrap/TransactionDetails/button_Submit' is clicked on

2022-04-01 00:28:47 - [MESSAGE][PASSED] - Object: 'Object Repository/AdminSuiteBootstrap_Pages/VT_Bootstrap/TransactionDetails/button_Submit' is clicked on

2022-04-01 00:28:47 - [TEST_STEP][PASSED] - verifyTextPresent("Transaction Successful", true): Text 'Transaction Successful' is present on page  using regular expression

2022-04-01 00:28:48 - [MESSAGE][PASSED] - Text 'Transaction Successful' is present on page  using regular expression

2022-04-01 00:28:48 - [TEST_STEP][PASSED] - verifyTextPresent("Transaction Type", true): Text 'Transaction Type' is present on page  using regular expression

2022-04-01 00:28:48 - [MESSAGE][PASSED] - Text 'Transaction Type' is present on page  using regular expression

2022-04-01 00:28:48 - [TEST_STEP][PASSED] - verifyTextPresent("Capture", true): Text 'Capture' is present on page  using regular expression

2022-04-01 00:28:48 - [MESSAGE][PASSED] - Text 'Capture' is present on page  using regular expression

2022-04-01 00:28:48 - [TEST_STEP][PASSED] - verifyTextPresent("Amount", true): Text 'Amount' is present on page  using regular expression

2022-04-01 00:28:48 - [MESSAGE][PASSED] - Text 'Amount' is present on page  using regular expression

2022-04-01 00:28:48 - [TEST_STEP][PASSED] - verifyTextPresent(captureAmount, true): Text '6.50' is present on page  using regular expression

2022-04-01 00:28:49 - [MESSAGE][PASSED] - Text '6.50' is present on page  using regular expression

2022-04-01 00:28:49 - [TEST_STEP][PASSED] - closeBrowser(): Browser is closed

2022-04-01 00:28:50 - [MESSAGE][PASSED] - Browser is closed

2022-04-01 00:28:50 - [TEST_STEP][PASSED] - ExecuteTC = findTestData(dataFile).getValue("Execute", row): null

2022-04-01 00:28:50 - [TEST_STEP][PASSED] - out.println("Value of Execute is : " + ExecuteTC): null

2022-04-01 00:28:50 - [TEST_STEP][PASSED] - switch (executionProfile): null

2022-04-01 00:28:50 - [TEST_STEP][PASSED] - case "QAProfile":: null

2022-04-01 00:28:50 - [TEST_STEP][PASSED] - appName = findTestData(dataFile).getValue("AppNameQA", row): null

2022-04-01 00:28:50 - [TEST_STEP][PASSED] - appID = findTestData(dataFile).getValue("AppIDQA", row): null

2022-04-01 00:28:50 - [TEST_STEP][PASSED] - break: null

2022-04-01 00:28:50 - [TEST_STEP][PASSED] - hrefAppID = li_1 + appID + li_2: null

2022-04-01 00:28:50 - [TEST_STEP][PASSED] - hrefApp = li_1 + appID + "/": null

2022-04-01 00:28:50 - [TEST_STEP][PASSED] - println("hrefApp : " + hrefApp): null

2022-04-01 00:28:50 - [TEST_STEP][PASSED] - if (ExecuteTC.equalsIgnoreCase("Y")): null

2022-04-01 00:28:50 - [TEST_STEP][PASSED] - out.println("Begin Record Number: " + row): null

2022-04-01 00:28:50 - [TEST_STEP][PASSED] - today = new java.util.Date(): null

2022-04-01 00:28:50 - [TEST_STEP][PASSED] - println(today): null

2022-04-01 00:28:50 - [TEST_STEP][PASSED] - datText = today: null

2022-04-01 00:28:50 - [TEST_STEP][PASSED] - adminSuiteBootstrap.loginFunctionality.login_AdminSuite(): adminSuiteBootstrap.loginFunctionality.login_AdminSuite is PASSED

2022-04-01 00:28:50 - [MESSAGE][INFO] - Starting 'Chrome' driver

2022-04-01 00:28:50 - [MESSAGE][INFO] - User set preference: ['acceptInsecureCerts', 'true']

2022-04-01 00:28:50 - [MESSAGE][INFO] - Action delay is set to 0 milliseconds

2022-04-01 00:28:52 - [MESSAGE][PASSED] - Browser is opened with url: 'https://qa.velocitypayment.com/admin/imtiaz'

2022-04-01 00:28:52 - [MESSAGE][PASSED] - Current window maximized

2022-04-01 00:28:53 - [MESSAGE][PASSED] - Object 'Object Repository/Login_Page/Login_Username' is present

2022-04-01 00:28:54 - [MESSAGE][PASSED] - Text 'iahmed' is set on object 'Object Repository/Login_Page/Login_Username'

2022-04-01 00:28:54 - [MESSAGE][PASSED] - Text 'hello2222' is set on object 'Object Repository/Login_Page/Login_Password'

2022-04-01 00:28:57 - [MESSAGE][PASSED] - Object: 'Object Repository/Login_Page/Login_Submit' is clicked on

2022-04-01 00:28:57 - [MESSAGE][PASSED] - adminSuiteBootstrap.loginFunctionality.login_AdminSuite is PASSED

2022-04-01 00:28:57 - [TEST_STEP][PASSED] - click(findTestObject(path_Dashboard + appName)): Object: 'Object Repository/AdminSuiteBootstrap_Pages/Dashboard_Bootstrap/a_Access AutoNoCFtp' is clicked on

2022-04-01 00:28:58 - [MESSAGE][PASSED] - Object: 'Object Repository/AdminSuiteBootstrap_Pages/Dashboard_Bootstrap/a_Access AutoNoCFtp' is clicked on

2022-04-01 00:28:58 - [TEST_STEP][PASSED] - click(findTestObject(path_VT + "button_Authorization Only")): Object: 'Object Repository/AdminSuiteBootstrap_Pages/VT_Bootstrap/IssueTransactions/button_Authorization Only' is clicked on

2022-04-01 00:28:59 - [MESSAGE][PASSED] - Object: 'Object Repository/AdminSuiteBootstrap_Pages/VT_Bootstrap/IssueTransactions/button_Authorization Only' is clicked on

2022-04-01 00:28:59 - [TEST_STEP][PASSED] - authOnlyKeyboardEntryLink = modifyObjectProperty(findTestObject(path_VT + "a_KeyboardEntry_Sale"), "href", "equals", hrefAppID, true): Modify property of object successfully

2022-04-01 00:28:59 - [MESSAGE][PASSED] - Modify property of object successfully

2022-04-01 00:28:59 - [TEST_STEP][PASSED] - click(authOnlyKeyboardEntryLink): Object: 'Object Repository/AdminSuiteBootstrap_Pages/VT_Bootstrap/IssueTransactions/a_KeyboardEntry_Sale' is clicked on

2022-04-01 00:28:59 - [MESSAGE][PASSED] - Object: 'Object Repository/AdminSuiteBootstrap_Pages/VT_Bootstrap/IssueTransactions/a_KeyboardEntry_Sale' is clicked on

2022-04-01 00:28:59 - [TEST_STEP][PASSED] - adminSuiteBootstrap.virtualTerminalSetData.saleKeyboard_DataDriven(row, dataFile): adminSuiteBootstrap.virtualTerminalSetData.saleKeyboard_DataDriven is PASSED

2022-04-01 00:29:02 - [MESSAGE][PASSED] - Text 'Tulsi Raman' is set on object 'Object Repository/AdminSuiteBootstrap_Pages/VT_Bootstrap/SaleKeyboard/input_cardName'

2022-04-01 00:29:03 - [MESSAGE][PASSED] - All options with value 'RETL' are selected in object 'Object Repository/AdminSuiteBootstrap_Pages/VT_Bootstrap/SaleKeyboard/select_transactionCategory'  using regular expression

2022-04-01 00:29:04 - [MESSAGE][PASSED] - Execute JavaScript 'arguments[0].value ='6011000993026909' ' successfully

2022-04-01 00:29:04 - [MESSAGE][PASSED] - Execute JavaScript 'arguments[0].value ='123' ' successfully

2022-04-01 00:29:05 - [MESSAGE][PASSED] - All options with value '12' are selected in object 'Object Repository/AdminSuiteBootstrap_Pages/VT_Bootstrap/SaleKeyboard/select_MM'  using regular expression

2022-04-01 00:29:07 - [MESSAGE][PASSED] - All options with value '2025' are selected in object 'Object Repository/AdminSuiteBootstrap_Pages/VT_Bootstrap/SaleKeyboard/select_YYYY'  using regular expression

2022-04-01 00:29:07 - [MESSAGE][PASSED] - Text '25987 Hill Top' is set on object 'Object Repository/AdminSuiteBootstrap_Pages/VT_Bootstrap/SaleKeyboard/input__address'

2022-04-01 00:29:08 - [MESSAGE][PASSED] - Text 'Suite 500' is set on object 'Object Repository/AdminSuiteBootstrap_Pages/VT_Bootstrap/SaleKeyboard/input__address2'

2022-04-01 00:29:09 - [MESSAGE][PASSED] - Text '22201' is set on object 'Object Repository/AdminSuiteBootstrap_Pages/VT_Bootstrap/SaleKeyboard/input__zip'

2022-04-01 00:29:09 - [MESSAGE][PASSED] - Text '' is set on object 'Object Repository/AdminSuiteBootstrap_Pages/VT_Bootstrap/SaleKeyboard/input_emailAddress'

2022-04-01 00:29:11 - [MESSAGE][PASSED] - Text '' is set on object 'Object Repository/AdminSuiteBootstrap_Pages/VT_Bootstrap/SaleKeyboard/input_smsNumber'

2022-04-01 00:29:12 - [MESSAGE][PASSED] - Text '10.50' is set on object 'Object Repository/AdminSuiteBootstrap_Pages/VT_Bootstrap/SaleKeyboard/input_amount'

2022-04-01 00:29:13 - [MESSAGE][PASSED] - Text 'Australia' is set on object 'Object Repository/AdminSuiteBootstrap_Pages/VT_Bootstrap/SaleKeyboard/input_userDefined1'

2022-04-01 00:29:13 - [MESSAGE][PASSED] - Text 'Denmark' is set on object 'Object Repository/AdminSuiteBootstrap_Pages/VT_Bootstrap/SaleKeyboard/input_userDefined2'

2022-04-01 00:29:14 - [MESSAGE][PASSED] - Text 'Sweden' is set on object 'Object Repository/AdminSuiteBootstrap_Pages/VT_Bootstrap/SaleKeyboard/input_userDefined3'

2022-04-01 00:29:15 - [MESSAGE][PASSED] - Text 'Austria' is set on object 'Object Repository/AdminSuiteBootstrap_Pages/VT_Bootstrap/SaleKeyboard/input_userDefined4'

2022-04-01 00:29:16 - [MESSAGE][PASSED] - All options with label 'Orange' are selected in object 'Object Repository/AdminSuiteBootstrap_Pages/VT_Bootstrap/SaleKeyboard/select_UDF5_DropDown'  using regular expression

2022-04-01 00:29:17 - [MESSAGE][PASSED] - All options with label 'Yellow' are selected in object 'Object Repository/AdminSuiteBootstrap_Pages/VT_Bootstrap/SaleKeyboard/select_UDF6_DropDown'  using regular expression

2022-04-01 00:29:17 - [MESSAGE][PASSED] - Text 'Norway' is set on object 'Object Repository/AdminSuiteBootstrap_Pages/VT_Bootstrap/SaleKeyboard/input_userDefined7'

2022-04-01 00:29:18 - [MESSAGE][PASSED] - Text 'Netherlands' is set on object 'Object Repository/AdminSuiteBootstrap_Pages/VT_Bootstrap/SaleKeyboard/input_userDefined8'

2022-04-01 00:29:19 - [MESSAGE][PASSED] - Text 'Switzerland' is set on object 'Object Repository/AdminSuiteBootstrap_Pages/VT_Bootstrap/SaleKeyboard/input_userDefined9'

2022-04-01 00:29:20 - [MESSAGE][PASSED] - Text 'France' is set on object 'Object Repository/AdminSuiteBootstrap_Pages/VT_Bootstrap/SaleKeyboard/input_userDefined10'

2022-04-01 00:29:22 - [MESSAGE][PASSED] - Object: 'Object Repository/AdminSuiteBootstrap_Pages/VT_Bootstrap/SaleKeyboard/button_Submit' is clicked on

2022-04-01 00:29:22 - [MESSAGE][PASSED] - adminSuiteBootstrap.virtualTerminalSetData.saleKeyboard_DataDriven is PASSED

2022-04-01 00:29:22 - [TEST_STEP][PASSED] - if (verifyTextPresent("Transaction Successful", true)): null

2022-04-01 00:29:23 - [MESSAGE][PASSED] - Text 'Transaction Successful' is present on page  using regular expression

2022-04-01 00:29:23 - [TEST_STEP][PASSED] - sdf = getText(findTestObject(path_Receipt + "td_AutoNoC031622113752957Ahm")): Text of object 'Object Repository/AdminSuiteBootstrap_Pages/VT_Bootstrap/Receipt/td_AutoNoC031622113752957Ahm' is: 'AutoNoC040122002712248Ahm'

2022-04-01 00:29:23 - [MESSAGE][PASSED] - Text of object 'Object Repository/AdminSuiteBootstrap_Pages/VT_Bootstrap/Receipt/td_AutoNoC031622113752957Ahm' is: 'AutoNoC040122002712248Ahm'

2022-04-01 00:29:23 - [TEST_STEP][PASSED] - out.println("sdf: " + sdf): null

2022-04-01 00:29:23 - [TEST_STEP][PASSED] - remID = sdf: null

2022-04-01 00:29:23 - [TEST_STEP][PASSED] - out.println("remID: " + remID): null

2022-04-01 00:29:23 - [TEST_STEP][PASSED] - click(findTestObject(path_Receipt + "button_Continue")): Object: 'Object Repository/AdminSuiteBootstrap_Pages/VT_Bootstrap/Receipt/button_Continue' is clicked on

2022-04-01 00:29:25 - [MESSAGE][PASSED] - Object: 'Object Repository/AdminSuiteBootstrap_Pages/VT_Bootstrap/Receipt/button_Continue' is clicked on

2022-04-01 00:29:25 - [TEST_STEP][PASSED] - click(findTestObject(path_VT + "a_Search Transactions")): Object: 'Object Repository/AdminSuiteBootstrap_Pages/VT_Bootstrap/IssueTransactions/a_Search Transactions' is clicked on

2022-04-01 00:29:26 - [MESSAGE][PASSED] - Object: 'Object Repository/AdminSuiteBootstrap_Pages/VT_Bootstrap/IssueTransactions/a_Search Transactions' is clicked on

2022-04-01 00:29:26 - [TEST_STEP][PASSED] - setText(findTestObject(path_CCSearch + "input_Search By_searchValue"), remID): Text 'AutoNoC040122002712248Ahm' is set on object 'Object Repository/AdminSuiteBootstrap_Pages/VT_Bootstrap/CCCreditOrVoidSearch/input_Search By_searchValue'

2022-04-01 00:29:27 - [MESSAGE][PASSED] - Text 'AutoNoC040122002712248Ahm' is set on object 'Object Repository/AdminSuiteBootstrap_Pages/VT_Bootstrap/CCCreditOrVoidSearch/input_Search By_searchValue'

2022-04-01 00:29:27 - [TEST_STEP][PASSED] - click(findTestObject(path_CCSearch + "option_Authorization")): Object: 'Object Repository/AdminSuiteBootstrap_Pages/VT_Bootstrap/CCCreditOrVoidSearch/option_Authorization' is clicked on

2022-04-01 00:29:28 - [MESSAGE][PASSED] - Object: 'Object Repository/AdminSuiteBootstrap_Pages/VT_Bootstrap/CCCreditOrVoidSearch/option_Authorization' is clicked on

2022-04-01 00:29:28 - [TEST_STEP][PASSED] - click(findTestObject(path_CCSearch + "button_Submit")): Object: 'Object Repository/AdminSuiteBootstrap_Pages/VT_Bootstrap/CCCreditOrVoidSearch/button_Submit' is clicked on

2022-04-01 00:29:29 - [MESSAGE][PASSED] - Object: 'Object Repository/AdminSuiteBootstrap_Pages/VT_Bootstrap/CCCreditOrVoidSearch/button_Submit' is clicked on

2022-04-01 00:29:29 - [TEST_STEP][PASSED] - fgr = getText(findTestObject(path_SearchResults + "div_Payment ID")): Text of object 'Object Repository/AdminSuiteBootstrap_Pages/VT_Bootstrap/SearchResults/div_Payment ID' is: 'Payment ID
Payment Type
Transaction Type
Remittance ID
Name
Total Amount
End Date
Status
12114337 Credit Card Authorization AutoNoC040122002712248Ahm Tulsi Raman $10.50 04/01/2022 Success'

2022-04-01 00:29:29 - [MESSAGE][PASSED] - Text of object 'Object Repository/AdminSuiteBootstrap_Pages/VT_Bootstrap/SearchResults/div_Payment ID' is: 'Payment ID
Payment Type
Transaction Type
Remittance ID
Name
Total Amount
End Date
Status
12114337 Credit Card Authorization AutoNoC040122002712248Ahm Tulsi Raman $10.50 04/01/2022 Success'

2022-04-01 00:29:29 - [TEST_STEP][PASSED] - payID = substring(89, 98).trim(): null

2022-04-01 00:29:29 - [TEST_STEP][PASSED] - out.println("payID: " + payID): null

2022-04-01 00:29:29 - [TEST_STEP][PASSED] - click(findTestObject(path_SearchResults + "button_PaymentID")): Object: 'Object Repository/AdminSuiteBootstrap_Pages/VT_Bootstrap/SearchResults/button_PaymentID' is clicked on

2022-04-01 00:29:31 - [MESSAGE][PASSED] - Object: 'Object Repository/AdminSuiteBootstrap_Pages/VT_Bootstrap/SearchResults/button_PaymentID' is clicked on

2022-04-01 00:29:31 - [TEST_STEP][PASSED] - verifyTextPresent("Tender Type", true): Text 'Tender Type' is present on page  using regular expression

2022-04-01 00:29:32 - [MESSAGE][PASSED] - Text 'Tender Type' is present on page  using regular expression

2022-04-01 00:29:32 - [TEST_STEP][PASSED] - verifyTextPresent("Credit Card", true): Text 'Credit Card' is present on page  using regular expression

2022-04-01 00:29:32 - [MESSAGE][PASSED] - Text 'Credit Card' is present on page  using regular expression

2022-04-01 00:29:32 - [TEST_STEP][PASSED] - verifyTextPresent("Transaction Type", true): Text 'Transaction Type' is present on page  using regular expression

2022-04-01 00:29:32 - [MESSAGE][PASSED] - Text 'Transaction Type' is present on page  using regular expression

2022-04-01 00:29:32 - [TEST_STEP][PASSED] - verifyTextPresent("Authorization", true): Text 'Authorization' is present on page  using regular expression

2022-04-01 00:29:33 - [MESSAGE][PASSED] - Text 'Authorization' is present on page  using regular expression

2022-04-01 00:29:33 - [TEST_STEP][PASSED] - verifyTextPresent("Transaction Posted by", true): Text 'Transaction Posted by' is present on page  using regular expression

2022-04-01 00:29:33 - [MESSAGE][PASSED] - Text 'Transaction Posted by' is present on page  using regular expression

2022-04-01 00:29:33 - [TEST_STEP][PASSED] - verifyTextPresent("iahmed", true): Text 'iahmed' is present on page  using regular expression

2022-04-01 00:29:33 - [MESSAGE][PASSED] - Text 'iahmed' is present on page  using regular expression

2022-04-01 00:29:33 - [TEST_STEP][PASSED] - click(findTestObject(path_TranxDetails + "a_Capture this transaction")): Object: 'Object Repository/AdminSuiteBootstrap_Pages/VT_Bootstrap/TransactionDetails/a_Capture this transaction' is clicked on

2022-04-01 00:29:36 - [MESSAGE][PASSED] - Object: 'Object Repository/AdminSuiteBootstrap_Pages/VT_Bootstrap/TransactionDetails/a_Capture this transaction' is clicked on

2022-04-01 00:29:36 - [TEST_STEP][PASSED] - verifyTextPresent("Credit Card Capture", true): Text 'Credit Card Capture' is present on page  using regular expression

2022-04-01 00:29:36 - [MESSAGE][PASSED] - Text 'Credit Card Capture' is present on page  using regular expression

2022-04-01 00:29:36 - [TEST_STEP][PASSED] - captureAmount = findTestData(dataFile).getValue("CaptureAmount", row): null

2022-04-01 00:29:37 - [TEST_STEP][PASSED] - setText(findTestObject(path_SaleKB + "input_amountCapture"), captureAmount): Text '10.00' is set on object 'Object Repository/AdminSuiteBootstrap_Pages/VT_Bootstrap/SaleKeyboard/input_amountCapture'

2022-04-01 00:29:37 - [MESSAGE][PASSED] - Text '10.00' is set on object 'Object Repository/AdminSuiteBootstrap_Pages/VT_Bootstrap/SaleKeyboard/input_amountCapture'

2022-04-01 00:29:37 - [TEST_STEP][PASSED] - click(findTestObject(path_TranxDetails + "button_Submit")): Object: 'Object Repository/AdminSuiteBootstrap_Pages/VT_Bootstrap/TransactionDetails/button_Submit' is clicked on

2022-04-01 00:29:40 - [MESSAGE][PASSED] - Object: 'Object Repository/AdminSuiteBootstrap_Pages/VT_Bootstrap/TransactionDetails/button_Submit' is clicked on

2022-04-01 00:29:40 - [TEST_STEP][PASSED] - verifyTextPresent("Transaction Successful", true): Text 'Transaction Successful' is present on page  using regular expression

2022-04-01 00:29:41 - [MESSAGE][PASSED] - Text 'Transaction Successful' is present on page  using regular expression

2022-04-01 00:29:41 - [TEST_STEP][PASSED] - verifyTextPresent("Transaction Type", true): Text 'Transaction Type' is present on page  using regular expression

2022-04-01 00:29:41 - [MESSAGE][PASSED] - Text 'Transaction Type' is present on page  using regular expression

2022-04-01 00:29:41 - [TEST_STEP][PASSED] - verifyTextPresent("Capture", true): Text 'Capture' is present on page  using regular expression

2022-04-01 00:29:41 - [MESSAGE][PASSED] - Text 'Capture' is present on page  using regular expression

2022-04-01 00:29:41 - [TEST_STEP][PASSED] - verifyTextPresent("Amount", true): Text 'Amount' is present on page  using regular expression

2022-04-01 00:29:42 - [MESSAGE][PASSED] - Text 'Amount' is present on page  using regular expression

2022-04-01 00:29:42 - [TEST_STEP][PASSED] - verifyTextPresent(captureAmount, true): Text '10.00' is present on page  using regular expression

2022-04-01 00:29:42 - [MESSAGE][PASSED] - Text '10.00' is present on page  using regular expression

2022-04-01 00:29:42 - [TEST_STEP][PASSED] - closeBrowser(): Browser is closed

2022-04-01 00:29:43 - [MESSAGE][PASSED] - Browser is closed

2022-04-01 00:29:43 - [TEST_STEP][PASSED] - ExecuteTC = findTestData(dataFile).getValue("Execute", row): null

2022-04-01 00:29:43 - [TEST_STEP][PASSED] - out.println("Value of Execute is : " + ExecuteTC): null

2022-04-01 00:29:43 - [TEST_STEP][PASSED] - switch (executionProfile): null

2022-04-01 00:29:43 - [TEST_STEP][PASSED] - case "QAProfile":: null

2022-04-01 00:29:43 - [TEST_STEP][PASSED] - appName = findTestData(dataFile).getValue("AppNameQA", row): null

2022-04-01 00:29:43 - [TEST_STEP][PASSED] - appID = findTestData(dataFile).getValue("AppIDQA", row): null

2022-04-01 00:29:43 - [TEST_STEP][PASSED] - break: null

2022-04-01 00:29:43 - [TEST_STEP][PASSED] - hrefAppID = li_1 + appID + li_2: null

2022-04-01 00:29:43 - [TEST_STEP][PASSED] - hrefApp = li_1 + appID + "/": null

2022-04-01 00:29:43 - [TEST_STEP][PASSED] - println("hrefApp : " + hrefApp): null

2022-04-01 00:29:43 - [TEST_STEP][PASSED] - if (ExecuteTC.equalsIgnoreCase("Y")): null

2022-04-01 00:29:43 - [TEST_STEP][PASSED] - out.println("Begin Record Number: " + row): null

2022-04-01 00:29:43 - [TEST_STEP][PASSED] - today = new java.util.Date(): null

2022-04-01 00:29:43 - [TEST_STEP][PASSED] - println(today): null

2022-04-01 00:29:43 - [TEST_STEP][PASSED] - datText = today: null

2022-04-01 00:29:43 - [TEST_STEP][PASSED] - adminSuiteBootstrap.loginFunctionality.login_AdminSuite(): adminSuiteBootstrap.loginFunctionality.login_AdminSuite is PASSED

2022-04-01 00:29:43 - [MESSAGE][INFO] - Starting 'Chrome' driver

2022-04-01 00:29:43 - [MESSAGE][INFO] - User set preference: ['acceptInsecureCerts', 'true']

2022-04-01 00:29:43 - [MESSAGE][INFO] - Action delay is set to 0 milliseconds

2022-04-01 00:29:46 - [MESSAGE][PASSED] - Browser is opened with url: 'https://qa.velocitypayment.com/admin/imtiaz'

2022-04-01 00:29:47 - [MESSAGE][PASSED] - Current window maximized

2022-04-01 00:29:47 - [MESSAGE][PASSED] - Object 'Object Repository/Login_Page/Login_Username' is present

2022-04-01 00:29:48 - [MESSAGE][PASSED] - Text 'iahmed' is set on object 'Object Repository/Login_Page/Login_Username'

2022-04-01 00:29:48 - [MESSAGE][PASSED] - Text 'hello2222' is set on object 'Object Repository/Login_Page/Login_Password'

2022-04-01 00:29:52 - [MESSAGE][PASSED] - Object: 'Object Repository/Login_Page/Login_Submit' is clicked on

2022-04-01 00:29:52 - [MESSAGE][PASSED] - adminSuiteBootstrap.loginFunctionality.login_AdminSuite is PASSED

2022-04-01 00:29:52 - [TEST_STEP][PASSED] - click(findTestObject(path_Dashboard + appName)): Object: 'Object Repository/AdminSuiteBootstrap_Pages/Dashboard_Bootstrap/a_Access AutoNoCFtp' is clicked on

2022-04-01 00:29:53 - [MESSAGE][PASSED] - Object: 'Object Repository/AdminSuiteBootstrap_Pages/Dashboard_Bootstrap/a_Access AutoNoCFtp' is clicked on

2022-04-01 00:29:53 - [TEST_STEP][PASSED] - click(findTestObject(path_VT + "button_Authorization Only")): Object: 'Object Repository/AdminSuiteBootstrap_Pages/VT_Bootstrap/IssueTransactions/button_Authorization Only' is clicked on

2022-04-01 00:29:54 - [MESSAGE][PASSED] - Object: 'Object Repository/AdminSuiteBootstrap_Pages/VT_Bootstrap/IssueTransactions/button_Authorization Only' is clicked on

2022-04-01 00:29:54 - [TEST_STEP][PASSED] - authOnlyKeyboardEntryLink = modifyObjectProperty(findTestObject(path_VT + "a_KeyboardEntry_Sale"), "href", "equals", hrefAppID, true): Modify property of object successfully

2022-04-01 00:29:54 - [MESSAGE][PASSED] - Modify property of object successfully

2022-04-01 00:29:54 - [TEST_STEP][PASSED] - click(authOnlyKeyboardEntryLink): Object: 'Object Repository/AdminSuiteBootstrap_Pages/VT_Bootstrap/IssueTransactions/a_KeyboardEntry_Sale' is clicked on

2022-04-01 00:29:55 - [MESSAGE][PASSED] - Object: 'Object Repository/AdminSuiteBootstrap_Pages/VT_Bootstrap/IssueTransactions/a_KeyboardEntry_Sale' is clicked on

2022-04-01 00:29:55 - [TEST_STEP][PASSED] - adminSuiteBootstrap.virtualTerminalSetData.saleKeyboard_DataDriven(row, dataFile): adminSuiteBootstrap.virtualTerminalSetData.saleKeyboard_DataDriven is PASSED

2022-04-01 00:29:58 - [MESSAGE][PASSED] - Text 'Janaki James' is set on object 'Object Repository/AdminSuiteBootstrap_Pages/VT_Bootstrap/SaleKeyboard/input_cardName'

2022-04-01 00:29:59 - [MESSAGE][PASSED] - All options with value 'MOTO' are selected in object 'Object Repository/AdminSuiteBootstrap_Pages/VT_Bootstrap/SaleKeyboard/select_transactionCategory'  using regular expression

2022-04-01 00:29:59 - [MESSAGE][PASSED] - Execute JavaScript 'arguments[0].value ='4012000098765439' ' successfully

2022-04-01 00:29:59 - [MESSAGE][PASSED] - Execute JavaScript 'arguments[0].value ='123' ' successfully

2022-04-01 00:30:01 - [MESSAGE][PASSED] - All options with value '12' are selected in object 'Object Repository/AdminSuiteBootstrap_Pages/VT_Bootstrap/SaleKeyboard/select_MM'  using regular expression

2022-04-01 00:30:02 - [MESSAGE][PASSED] - All options with value '2025' are selected in object 'Object Repository/AdminSuiteBootstrap_Pages/VT_Bootstrap/SaleKeyboard/select_YYYY'  using regular expression

2022-04-01 00:30:02 - [MESSAGE][PASSED] - Text '36 Cornor Road' is set on object 'Object Repository/AdminSuiteBootstrap_Pages/VT_Bootstrap/SaleKeyboard/input__address'

2022-04-01 00:30:03 - [MESSAGE][PASSED] - Text 'Suite 500' is set on object 'Object Repository/AdminSuiteBootstrap_Pages/VT_Bootstrap/SaleKeyboard/input__address2'

2022-04-01 00:30:04 - [MESSAGE][PASSED] - Text '22201' is set on object 'Object Repository/AdminSuiteBootstrap_Pages/VT_Bootstrap/SaleKeyboard/input__zip'

2022-04-01 00:30:05 - [MESSAGE][PASSED] - Text '' is set on object 'Object Repository/AdminSuiteBootstrap_Pages/VT_Bootstrap/SaleKeyboard/input_emailAddress'

2022-04-01 00:30:06 - [MESSAGE][PASSED] - Text '' is set on object 'Object Repository/AdminSuiteBootstrap_Pages/VT_Bootstrap/SaleKeyboard/input_smsNumber'

2022-04-01 00:30:07 - [MESSAGE][PASSED] - Text '10.50' is set on object 'Object Repository/AdminSuiteBootstrap_Pages/VT_Bootstrap/SaleKeyboard/input_amount'

2022-04-01 00:30:07 - [MESSAGE][PASSED] - Text 'Australia' is set on object 'Object Repository/AdminSuiteBootstrap_Pages/VT_Bootstrap/SaleKeyboard/input_userDefined1'

2022-04-01 00:30:08 - [MESSAGE][PASSED] - Text 'Denmark' is set on object 'Object Repository/AdminSuiteBootstrap_Pages/VT_Bootstrap/SaleKeyboard/input_userDefined2'

2022-04-01 00:30:09 - [MESSAGE][PASSED] - Text 'Sweden' is set on object 'Object Repository/AdminSuiteBootstrap_Pages/VT_Bootstrap/SaleKeyboard/input_userDefined3'

2022-04-01 00:30:10 - [MESSAGE][PASSED] - Text 'Austria' is set on object 'Object Repository/AdminSuiteBootstrap_Pages/VT_Bootstrap/SaleKeyboard/input_userDefined4'

2022-04-01 00:30:11 - [MESSAGE][PASSED] - All options with label 'Orange' are selected in object 'Object Repository/AdminSuiteBootstrap_Pages/VT_Bootstrap/SaleKeyboard/select_UDF5_DropDown'  using regular expression

2022-04-01 00:30:12 - [MESSAGE][PASSED] - All options with label 'Yellow' are selected in object 'Object Repository/AdminSuiteBootstrap_Pages/VT_Bootstrap/SaleKeyboard/select_UDF6_DropDown'  using regular expression

2022-04-01 00:30:12 - [MESSAGE][PASSED] - Text 'Norway' is set on object 'Object Repository/AdminSuiteBootstrap_Pages/VT_Bootstrap/SaleKeyboard/input_userDefined7'

2022-04-01 00:30:13 - [MESSAGE][PASSED] - Text 'Netherlands' is set on object 'Object Repository/AdminSuiteBootstrap_Pages/VT_Bootstrap/SaleKeyboard/input_userDefined8'

2022-04-01 00:30:14 - [MESSAGE][PASSED] - Text 'Switzerland' is set on object 'Object Repository/AdminSuiteBootstrap_Pages/VT_Bootstrap/SaleKeyboard/input_userDefined9'

2022-04-01 00:30:14 - [MESSAGE][PASSED] - Text 'France' is set on object 'Object Repository/AdminSuiteBootstrap_Pages/VT_Bootstrap/SaleKeyboard/input_userDefined10'

2022-04-01 00:30:16 - [MESSAGE][PASSED] - Object: 'Object Repository/AdminSuiteBootstrap_Pages/VT_Bootstrap/SaleKeyboard/button_Submit' is clicked on

2022-04-01 00:30:16 - [MESSAGE][PASSED] - adminSuiteBootstrap.virtualTerminalSetData.saleKeyboard_DataDriven is PASSED

2022-04-01 00:30:16 - [TEST_STEP][PASSED] - if (verifyTextPresent("Transaction Successful", true)): null

2022-04-01 00:30:17 - [MESSAGE][PASSED] - Text 'Transaction Successful' is present on page  using regular expression

2022-04-01 00:30:17 - [TEST_STEP][PASSED] - sdf = getText(findTestObject(path_Receipt + "td_AutoNoC031622113752957Ahm")): Text of object 'Object Repository/AdminSuiteBootstrap_Pages/VT_Bootstrap/Receipt/td_AutoNoC031622113752957Ahm' is: 'AutoNoC040122002807678Ahm'

2022-04-01 00:30:17 - [MESSAGE][PASSED] - Text of object 'Object Repository/AdminSuiteBootstrap_Pages/VT_Bootstrap/Receipt/td_AutoNoC031622113752957Ahm' is: 'AutoNoC040122002807678Ahm'

2022-04-01 00:30:17 - [TEST_STEP][PASSED] - out.println("sdf: " + sdf): null

2022-04-01 00:30:17 - [TEST_STEP][PASSED] - remID = sdf: null

2022-04-01 00:30:17 - [TEST_STEP][PASSED] - out.println("remID: " + remID): null

2022-04-01 00:30:17 - [TEST_STEP][PASSED] - click(findTestObject(path_Receipt + "button_Continue")): Object: 'Object Repository/AdminSuiteBootstrap_Pages/VT_Bootstrap/Receipt/button_Continue' is clicked on

2022-04-01 00:30:18 - [MESSAGE][PASSED] - Object: 'Object Repository/AdminSuiteBootstrap_Pages/VT_Bootstrap/Receipt/button_Continue' is clicked on

2022-04-01 00:30:18 - [TEST_STEP][PASSED] - click(findTestObject(path_VT + "a_Search Transactions")): Object: 'Object Repository/AdminSuiteBootstrap_Pages/VT_Bootstrap/IssueTransactions/a_Search Transactions' is clicked on

2022-04-01 00:30:19 - [MESSAGE][PASSED] - Object: 'Object Repository/AdminSuiteBootstrap_Pages/VT_Bootstrap/IssueTransactions/a_Search Transactions' is clicked on

2022-04-01 00:30:19 - [TEST_STEP][PASSED] - setText(findTestObject(path_CCSearch + "input_Search By_searchValue"), remID): Text 'AutoNoC040122002807678Ahm' is set on object 'Object Repository/AdminSuiteBootstrap_Pages/VT_Bootstrap/CCCreditOrVoidSearch/input_Search By_searchValue'

2022-04-01 00:30:20 - [MESSAGE][PASSED] - Text 'AutoNoC040122002807678Ahm' is set on object 'Object Repository/AdminSuiteBootstrap_Pages/VT_Bootstrap/CCCreditOrVoidSearch/input_Search By_searchValue'

2022-04-01 00:30:20 - [TEST_STEP][PASSED] - click(findTestObject(path_CCSearch + "option_Authorization")): Object: 'Object Repository/AdminSuiteBootstrap_Pages/VT_Bootstrap/CCCreditOrVoidSearch/option_Authorization' is clicked on

2022-04-01 00:30:20 - [MESSAGE][PASSED] - Object: 'Object Repository/AdminSuiteBootstrap_Pages/VT_Bootstrap/CCCreditOrVoidSearch/option_Authorization' is clicked on

2022-04-01 00:30:20 - [TEST_STEP][PASSED] - click(findTestObject(path_CCSearch + "button_Submit")): Object: 'Object Repository/AdminSuiteBootstrap_Pages/VT_Bootstrap/CCCreditOrVoidSearch/button_Submit' is clicked on

2022-04-01 00:30:21 - [MESSAGE][PASSED] - Object: 'Object Repository/AdminSuiteBootstrap_Pages/VT_Bootstrap/CCCreditOrVoidSearch/button_Submit' is clicked on

2022-04-01 00:30:21 - [TEST_STEP][PASSED] - fgr = getText(findTestObject(path_SearchResults + "div_Payment ID")): Text of object 'Object Repository/AdminSuiteBootstrap_Pages/VT_Bootstrap/SearchResults/div_Payment ID' is: 'Payment ID
Payment Type
Transaction Type
Remittance ID
Name
Total Amount
End Date
Status
12114339 Credit Card Authorization AutoNoC040122002807678Ahm Janaki James $10.50 04/01/2022 Success'

2022-04-01 00:30:21 - [MESSAGE][PASSED] - Text of object 'Object Repository/AdminSuiteBootstrap_Pages/VT_Bootstrap/SearchResults/div_Payment ID' is: 'Payment ID
Payment Type
Transaction Type
Remittance ID
Name
Total Amount
End Date
Status
12114339 Credit Card Authorization AutoNoC040122002807678Ahm Janaki James $10.50 04/01/2022 Success'

2022-04-01 00:30:21 - [TEST_STEP][PASSED] - payID = substring(89, 98).trim(): null

2022-04-01 00:30:21 - [TEST_STEP][PASSED] - out.println("payID: " + payID): null

2022-04-01 00:30:21 - [TEST_STEP][PASSED] - click(findTestObject(path_SearchResults + "button_PaymentID")): Object: 'Object Repository/AdminSuiteBootstrap_Pages/VT_Bootstrap/SearchResults/button_PaymentID' is clicked on

2022-04-01 00:30:22 - [MESSAGE][PASSED] - Object: 'Object Repository/AdminSuiteBootstrap_Pages/VT_Bootstrap/SearchResults/button_PaymentID' is clicked on

2022-04-01 00:30:22 - [TEST_STEP][PASSED] - verifyTextPresent("Tender Type", true): Text 'Tender Type' is present on page  using regular expression

2022-04-01 00:30:23 - [MESSAGE][PASSED] - Text 'Tender Type' is present on page  using regular expression

2022-04-01 00:30:23 - [TEST_STEP][PASSED] - verifyTextPresent("Credit Card", true): Text 'Credit Card' is present on page  using regular expression

2022-04-01 00:30:23 - [MESSAGE][PASSED] - Text 'Credit Card' is present on page  using regular expression

2022-04-01 00:30:23 - [TEST_STEP][PASSED] - verifyTextPresent("Transaction Type", true): Text 'Transaction Type' is present on page  using regular expression

2022-04-01 00:30:23 - [MESSAGE][PASSED] - Text 'Transaction Type' is present on page  using regular expression

2022-04-01 00:30:23 - [TEST_STEP][PASSED] - verifyTextPresent("Authorization", true): Text 'Authorization' is present on page  using regular expression

2022-04-01 00:30:24 - [MESSAGE][PASSED] - Text 'Authorization' is present on page  using regular expression

2022-04-01 00:30:24 - [TEST_STEP][PASSED] - verifyTextPresent("Transaction Posted by", true): Text 'Transaction Posted by' is present on page  using regular expression

2022-04-01 00:30:24 - [MESSAGE][PASSED] - Text 'Transaction Posted by' is present on page  using regular expression

2022-04-01 00:30:24 - [TEST_STEP][PASSED] - verifyTextPresent("iahmed", true): Text 'iahmed' is present on page  using regular expression

2022-04-01 00:30:24 - [MESSAGE][PASSED] - Text 'iahmed' is present on page  using regular expression

2022-04-01 00:30:24 - [TEST_STEP][PASSED] - click(findTestObject(path_TranxDetails + "a_Capture this transaction")): Object: 'Object Repository/AdminSuiteBootstrap_Pages/VT_Bootstrap/TransactionDetails/a_Capture this transaction' is clicked on

2022-04-01 00:30:26 - [MESSAGE][PASSED] - Object: 'Object Repository/AdminSuiteBootstrap_Pages/VT_Bootstrap/TransactionDetails/a_Capture this transaction' is clicked on

2022-04-01 00:30:26 - [TEST_STEP][PASSED] - verifyTextPresent("Credit Card Capture", true): Text 'Credit Card Capture' is present on page  using regular expression

2022-04-01 00:30:26 - [MESSAGE][PASSED] - Text 'Credit Card Capture' is present on page  using regular expression

2022-04-01 00:30:26 - [TEST_STEP][PASSED] - captureAmount = findTestData(dataFile).getValue("CaptureAmount", row): null

2022-04-01 00:30:26 - [TEST_STEP][PASSED] - setText(findTestObject(path_SaleKB + "input_amountCapture"), captureAmount): Text '10.50' is set on object 'Object Repository/AdminSuiteBootstrap_Pages/VT_Bootstrap/SaleKeyboard/input_amountCapture'

2022-04-01 00:30:27 - [MESSAGE][PASSED] - Text '10.50' is set on object 'Object Repository/AdminSuiteBootstrap_Pages/VT_Bootstrap/SaleKeyboard/input_amountCapture'

2022-04-01 00:30:27 - [TEST_STEP][PASSED] - click(findTestObject(path_TranxDetails + "button_Submit")): Object: 'Object Repository/AdminSuiteBootstrap_Pages/VT_Bootstrap/TransactionDetails/button_Submit' is clicked on

2022-04-01 00:30:29 - [MESSAGE][PASSED] - Object: 'Object Repository/AdminSuiteBootstrap_Pages/VT_Bootstrap/TransactionDetails/button_Submit' is clicked on

2022-04-01 00:30:29 - [TEST_STEP][PASSED] - verifyTextPresent("Transaction Successful", true): Text 'Transaction Successful' is present on page  using regular expression

2022-04-01 00:30:29 - [MESSAGE][PASSED] - Text 'Transaction Successful' is present on page  using regular expression

2022-04-01 00:30:29 - [TEST_STEP][PASSED] - verifyTextPresent("Transaction Type", true): Text 'Transaction Type' is present on page  using regular expression

2022-04-01 00:30:30 - [MESSAGE][PASSED] - Text 'Transaction Type' is present on page  using regular expression

2022-04-01 00:30:30 - [TEST_STEP][PASSED] - verifyTextPresent("Capture", true): Text 'Capture' is present on page  using regular expression

2022-04-01 00:30:30 - [MESSAGE][PASSED] - Text 'Capture' is present on page  using regular expression

2022-04-01 00:30:30 - [TEST_STEP][PASSED] - verifyTextPresent("Amount", true): Text 'Amount' is present on page  using regular expression

2022-04-01 00:30:30 - [MESSAGE][PASSED] - Text 'Amount' is present on page  using regular expression

2022-04-01 00:30:30 - [TEST_STEP][PASSED] - verifyTextPresent(captureAmount, true): Text '10.50' is present on page  using regular expression

2022-04-01 00:30:31 - [MESSAGE][PASSED] - Text '10.50' is present on page  using regular expression

2022-04-01 00:30:31 - [TEST_STEP][PASSED] - closeBrowser(): Browser is closed

2022-04-01 00:30:32 - [MESSAGE][PASSED] - Browser is closed

2022-04-01 00:30:32 - [TEST_STEP][PASSED] - ExecuteTC = findTestData(dataFile).getValue("Execute", row): null

2022-04-01 00:30:32 - [TEST_STEP][PASSED] - out.println("Value of Execute is : " + ExecuteTC): null

2022-04-01 00:30:32 - [TEST_STEP][PASSED] - switch (executionProfile): null

2022-04-01 00:30:32 - [TEST_STEP][PASSED] - case "QAProfile":: null

2022-04-01 00:30:32 - [TEST_STEP][PASSED] - appName = findTestData(dataFile).getValue("AppNameQA", row): null

2022-04-01 00:30:32 - [TEST_STEP][PASSED] - appID = findTestData(dataFile).getValue("AppIDQA", row): null

2022-04-01 00:30:32 - [TEST_STEP][PASSED] - break: null

2022-04-01 00:30:32 - [TEST_STEP][PASSED] - hrefAppID = li_1 + appID + li_2: null

2022-04-01 00:30:32 - [TEST_STEP][PASSED] - hrefApp = li_1 + appID + "/": null

2022-04-01 00:30:32 - [TEST_STEP][PASSED] - println("hrefApp : " + hrefApp): null

2022-04-01 00:30:32 - [TEST_STEP][PASSED] - if (ExecuteTC.equalsIgnoreCase("Y")): null

2022-04-01 00:30:32 - [TEST_STEP][PASSED] - out.println("Begin Record Number: " + row): null

2022-04-01 00:30:32 - [TEST_STEP][PASSED] - today = new java.util.Date(): null

2022-04-01 00:30:32 - [TEST_STEP][PASSED] - println(today): null

2022-04-01 00:30:32 - [TEST_STEP][PASSED] - datText = today: null

2022-04-01 00:30:32 - [TEST_STEP][PASSED] - adminSuiteBootstrap.loginFunctionality.login_AdminSuite(): adminSuiteBootstrap.loginFunctionality.login_AdminSuite is PASSED

2022-04-01 00:30:32 - [MESSAGE][INFO] - Starting 'Chrome' driver

2022-04-01 00:30:32 - [MESSAGE][INFO] - User set preference: ['acceptInsecureCerts', 'true']

2022-04-01 00:30:32 - [MESSAGE][INFO] - Action delay is set to 0 milliseconds

2022-04-01 00:30:35 - [MESSAGE][PASSED] - Browser is opened with url: 'https://qa.velocitypayment.com/admin/imtiaz'

2022-04-01 00:30:35 - [MESSAGE][PASSED] - Current window maximized

2022-04-01 00:30:35 - [MESSAGE][PASSED] - Object 'Object Repository/Login_Page/Login_Username' is present

2022-04-01 00:30:36 - [MESSAGE][PASSED] - Text 'iahmed' is set on object 'Object Repository/Login_Page/Login_Username'

2022-04-01 00:30:37 - [MESSAGE][PASSED] - Text 'hello2222' is set on object 'Object Repository/Login_Page/Login_Password'

2022-04-01 00:30:40 - [MESSAGE][PASSED] - Object: 'Object Repository/Login_Page/Login_Submit' is clicked on

2022-04-01 00:30:40 - [MESSAGE][PASSED] - adminSuiteBootstrap.loginFunctionality.login_AdminSuite is PASSED

2022-04-01 00:30:40 - [TEST_STEP][PASSED] - click(findTestObject(path_Dashboard + appName)): Object: 'Object Repository/AdminSuiteBootstrap_Pages/Dashboard_Bootstrap/a_Access AutoNoCFtp' is clicked on

2022-04-01 00:30:40 - [MESSAGE][PASSED] - Object: 'Object Repository/AdminSuiteBootstrap_Pages/Dashboard_Bootstrap/a_Access AutoNoCFtp' is clicked on

2022-04-01 00:30:40 - [TEST_STEP][PASSED] - click(findTestObject(path_VT + "button_Authorization Only")): Object: 'Object Repository/AdminSuiteBootstrap_Pages/VT_Bootstrap/IssueTransactions/button_Authorization Only' is clicked on

2022-04-01 00:30:41 - [MESSAGE][PASSED] - Object: 'Object Repository/AdminSuiteBootstrap_Pages/VT_Bootstrap/IssueTransactions/button_Authorization Only' is clicked on

2022-04-01 00:30:41 - [TEST_STEP][PASSED] - authOnlyKeyboardEntryLink = modifyObjectProperty(findTestObject(path_VT + "a_KeyboardEntry_Sale"), "href", "equals", hrefAppID, true): Modify property of object successfully

2022-04-01 00:30:41 - [MESSAGE][PASSED] - Modify property of object successfully

2022-04-01 00:30:41 - [TEST_STEP][PASSED] - click(authOnlyKeyboardEntryLink): Object: 'Object Repository/AdminSuiteBootstrap_Pages/VT_Bootstrap/IssueTransactions/a_KeyboardEntry_Sale' is clicked on

2022-04-01 00:30:42 - [MESSAGE][PASSED] - Object: 'Object Repository/AdminSuiteBootstrap_Pages/VT_Bootstrap/IssueTransactions/a_KeyboardEntry_Sale' is clicked on

2022-04-01 00:30:42 - [TEST_STEP][PASSED] - adminSuiteBootstrap.virtualTerminalSetData.saleKeyboard_DataDriven(row, dataFile): adminSuiteBootstrap.virtualTerminalSetData.saleKeyboard_DataDriven is PASSED

2022-04-01 00:30:45 - [MESSAGE][PASSED] - Text 'Janaki James' is set on object 'Object Repository/AdminSuiteBootstrap_Pages/VT_Bootstrap/SaleKeyboard/input_cardName'

2022-04-01 00:30:46 - [MESSAGE][PASSED] - All options with value 'MOTO' are selected in object 'Object Repository/AdminSuiteBootstrap_Pages/VT_Bootstrap/SaleKeyboard/select_transactionCategory'  using regular expression

2022-04-01 00:30:46 - [MESSAGE][PASSED] - Execute JavaScript 'arguments[0].value ='5146312200000035' ' successfully

2022-04-01 00:30:47 - [MESSAGE][PASSED] - Execute JavaScript 'arguments[0].value ='123' ' successfully

2022-04-01 00:30:48 - [MESSAGE][PASSED] - All options with value '12' are selected in object 'Object Repository/AdminSuiteBootstrap_Pages/VT_Bootstrap/SaleKeyboard/select_MM'  using regular expression

2022-04-01 00:30:49 - [MESSAGE][PASSED] - All options with value '2025' are selected in object 'Object Repository/AdminSuiteBootstrap_Pages/VT_Bootstrap/SaleKeyboard/select_YYYY'  using regular expression

2022-04-01 00:30:50 - [MESSAGE][PASSED] - Text '1478 Jhatka Palace' is set on object 'Object Repository/AdminSuiteBootstrap_Pages/VT_Bootstrap/SaleKeyboard/input__address'

2022-04-01 00:30:50 - [MESSAGE][PASSED] - Text 'Suite 500' is set on object 'Object Repository/AdminSuiteBootstrap_Pages/VT_Bootstrap/SaleKeyboard/input__address2'

2022-04-01 00:30:51 - [MESSAGE][PASSED] - Text '22201' is set on object 'Object Repository/AdminSuiteBootstrap_Pages/VT_Bootstrap/SaleKeyboard/input__zip'

2022-04-01 00:30:52 - [MESSAGE][PASSED] - Text '' is set on object 'Object Repository/AdminSuiteBootstrap_Pages/VT_Bootstrap/SaleKeyboard/input_emailAddress'

2022-04-01 00:30:53 - [MESSAGE][PASSED] - Text '' is set on object 'Object Repository/AdminSuiteBootstrap_Pages/VT_Bootstrap/SaleKeyboard/input_smsNumber'

2022-04-01 00:30:54 - [MESSAGE][PASSED] - Text '10.50' is set on object 'Object Repository/AdminSuiteBootstrap_Pages/VT_Bootstrap/SaleKeyboard/input_amount'

2022-04-01 00:30:55 - [MESSAGE][PASSED] - Text 'Australia' is set on object 'Object Repository/AdminSuiteBootstrap_Pages/VT_Bootstrap/SaleKeyboard/input_userDefined1'

2022-04-01 00:30:55 - [MESSAGE][PASSED] - Text 'Denmark' is set on object 'Object Repository/AdminSuiteBootstrap_Pages/VT_Bootstrap/SaleKeyboard/input_userDefined2'

2022-04-01 00:30:56 - [MESSAGE][PASSED] - Text 'Sweden' is set on object 'Object Repository/AdminSuiteBootstrap_Pages/VT_Bootstrap/SaleKeyboard/input_userDefined3'

2022-04-01 00:30:57 - [MESSAGE][PASSED] - Text 'Austria' is set on object 'Object Repository/AdminSuiteBootstrap_Pages/VT_Bootstrap/SaleKeyboard/input_userDefined4'

2022-04-01 00:30:58 - [MESSAGE][PASSED] - All options with label 'Orange' are selected in object 'Object Repository/AdminSuiteBootstrap_Pages/VT_Bootstrap/SaleKeyboard/select_UDF5_DropDown'  using regular expression

2022-04-01 00:30:59 - [MESSAGE][PASSED] - All options with label 'Yellow' are selected in object 'Object Repository/AdminSuiteBootstrap_Pages/VT_Bootstrap/SaleKeyboard/select_UDF6_DropDown'  using regular expression

2022-04-01 00:30:59 - [MESSAGE][PASSED] - Text 'Norway' is set on object 'Object Repository/AdminSuiteBootstrap_Pages/VT_Bootstrap/SaleKeyboard/input_userDefined7'

2022-04-01 00:31:00 - [MESSAGE][PASSED] - Text 'Netherlands' is set on object 'Object Repository/AdminSuiteBootstrap_Pages/VT_Bootstrap/SaleKeyboard/input_userDefined8'

2022-04-01 00:31:01 - [MESSAGE][PASSED] - Text 'Switzerland' is set on object 'Object Repository/AdminSuiteBootstrap_Pages/VT_Bootstrap/SaleKeyboard/input_userDefined9'

2022-04-01 00:31:02 - [MESSAGE][PASSED] - Text 'France' is set on object 'Object Repository/AdminSuiteBootstrap_Pages/VT_Bootstrap/SaleKeyboard/input_userDefined10'

2022-04-01 00:31:03 - [MESSAGE][PASSED] - Object: 'Object Repository/AdminSuiteBootstrap_Pages/VT_Bootstrap/SaleKeyboard/button_Submit' is clicked on

2022-04-01 00:31:03 - [MESSAGE][PASSED] - adminSuiteBootstrap.virtualTerminalSetData.saleKeyboard_DataDriven is PASSED

2022-04-01 00:31:03 - [TEST_STEP][PASSED] - if (verifyTextPresent("Transaction Successful", true)): null

2022-04-01 00:31:04 - [MESSAGE][PASSED] - Text 'Transaction Successful' is present on page  using regular expression

2022-04-01 00:31:04 - [TEST_STEP][PASSED] - sdf = getText(findTestObject(path_Receipt + "td_AutoNoC031622113752957Ahm")): Text of object 'Object Repository/AdminSuiteBootstrap_Pages/VT_Bootstrap/Receipt/td_AutoNoC031622113752957Ahm' is: 'AutoNoC040122002854628Ahm'

2022-04-01 00:31:04 - [MESSAGE][PASSED] - Text of object 'Object Repository/AdminSuiteBootstrap_Pages/VT_Bootstrap/Receipt/td_AutoNoC031622113752957Ahm' is: 'AutoNoC040122002854628Ahm'

2022-04-01 00:31:04 - [TEST_STEP][PASSED] - out.println("sdf: " + sdf): null

2022-04-01 00:31:04 - [TEST_STEP][PASSED] - remID = sdf: null

2022-04-01 00:31:04 - [TEST_STEP][PASSED] - out.println("remID: " + remID): null

2022-04-01 00:31:04 - [TEST_STEP][PASSED] - click(findTestObject(path_Receipt + "button_Continue")): Object: 'Object Repository/AdminSuiteBootstrap_Pages/VT_Bootstrap/Receipt/button_Continue' is clicked on

2022-04-01 00:31:05 - [MESSAGE][PASSED] - Object: 'Object Repository/AdminSuiteBootstrap_Pages/VT_Bootstrap/Receipt/button_Continue' is clicked on

2022-04-01 00:31:05 - [TEST_STEP][PASSED] - click(findTestObject(path_VT + "a_Search Transactions")): Object: 'Object Repository/AdminSuiteBootstrap_Pages/VT_Bootstrap/IssueTransactions/a_Search Transactions' is clicked on

2022-04-01 00:31:06 - [MESSAGE][PASSED] - Object: 'Object Repository/AdminSuiteBootstrap_Pages/VT_Bootstrap/IssueTransactions/a_Search Transactions' is clicked on

2022-04-01 00:31:06 - [TEST_STEP][PASSED] - setText(findTestObject(path_CCSearch + "input_Search By_searchValue"), remID): Text 'AutoNoC040122002854628Ahm' is set on object 'Object Repository/AdminSuiteBootstrap_Pages/VT_Bootstrap/CCCreditOrVoidSearch/input_Search By_searchValue'

2022-04-01 00:31:06 - [MESSAGE][PASSED] - Text 'AutoNoC040122002854628Ahm' is set on object 'Object Repository/AdminSuiteBootstrap_Pages/VT_Bootstrap/CCCreditOrVoidSearch/input_Search By_searchValue'

2022-04-01 00:31:06 - [TEST_STEP][PASSED] - click(findTestObject(path_CCSearch + "option_Authorization")): Object: 'Object Repository/AdminSuiteBootstrap_Pages/VT_Bootstrap/CCCreditOrVoidSearch/option_Authorization' is clicked on

2022-04-01 00:31:07 - [MESSAGE][PASSED] - Object: 'Object Repository/AdminSuiteBootstrap_Pages/VT_Bootstrap/CCCreditOrVoidSearch/option_Authorization' is clicked on

2022-04-01 00:31:07 - [TEST_STEP][PASSED] - click(findTestObject(path_CCSearch + "button_Submit")): Object: 'Object Repository/AdminSuiteBootstrap_Pages/VT_Bootstrap/CCCreditOrVoidSearch/button_Submit' is clicked on

2022-04-01 00:31:08 - [MESSAGE][PASSED] - Object: 'Object Repository/AdminSuiteBootstrap_Pages/VT_Bootstrap/CCCreditOrVoidSearch/button_Submit' is clicked on

2022-04-01 00:31:08 - [TEST_STEP][PASSED] - fgr = getText(findTestObject(path_SearchResults + "div_Payment ID")): Text of object 'Object Repository/AdminSuiteBootstrap_Pages/VT_Bootstrap/SearchResults/div_Payment ID' is: 'Payment ID
Payment Type
Transaction Type
Remittance ID
Name
Total Amount
End Date
Status
12114341 Credit Card Authorization AutoNoC040122002854628Ahm Janaki James $10.50 04/01/2022 Success'

2022-04-01 00:31:08 - [MESSAGE][PASSED] - Text of object 'Object Repository/AdminSuiteBootstrap_Pages/VT_Bootstrap/SearchResults/div_Payment ID' is: 'Payment ID
Payment Type
Transaction Type
Remittance ID
Name
Total Amount
End Date
Status
12114341 Credit Card Authorization AutoNoC040122002854628Ahm Janaki James $10.50 04/01/2022 Success'

2022-04-01 00:31:08 - [TEST_STEP][PASSED] - payID = substring(89, 98).trim(): null

2022-04-01 00:31:08 - [TEST_STEP][PASSED] - out.println("payID: " + payID): null

2022-04-01 00:31:08 - [TEST_STEP][PASSED] - click(findTestObject(path_SearchResults + "button_PaymentID")): Object: 'Object Repository/AdminSuiteBootstrap_Pages/VT_Bootstrap/SearchResults/button_PaymentID' is clicked on

2022-04-01 00:31:09 - [MESSAGE][PASSED] - Object: 'Object Repository/AdminSuiteBootstrap_Pages/VT_Bootstrap/SearchResults/button_PaymentID' is clicked on

2022-04-01 00:31:09 - [TEST_STEP][PASSED] - verifyTextPresent("Tender Type", true): Text 'Tender Type' is present on page  using regular expression

2022-04-01 00:31:10 - [MESSAGE][PASSED] - Text 'Tender Type' is present on page  using regular expression

2022-04-01 00:31:10 - [TEST_STEP][PASSED] - verifyTextPresent("Credit Card", true): Text 'Credit Card' is present on page  using regular expression

2022-04-01 00:31:10 - [MESSAGE][PASSED] - Text 'Credit Card' is present on page  using regular expression

2022-04-01 00:31:10 - [TEST_STEP][PASSED] - verifyTextPresent("Transaction Type", true): Text 'Transaction Type' is present on page  using regular expression

2022-04-01 00:31:10 - [MESSAGE][PASSED] - Text 'Transaction Type' is present on page  using regular expression

2022-04-01 00:31:10 - [TEST_STEP][PASSED] - verifyTextPresent("Authorization", true): Text 'Authorization' is present on page  using regular expression

2022-04-01 00:31:11 - [MESSAGE][PASSED] - Text 'Authorization' is present on page  using regular expression

2022-04-01 00:31:11 - [TEST_STEP][PASSED] - verifyTextPresent("Transaction Posted by", true): Text 'Transaction Posted by' is present on page  using regular expression

2022-04-01 00:31:11 - [MESSAGE][PASSED] - Text 'Transaction Posted by' is present on page  using regular expression

2022-04-01 00:31:11 - [TEST_STEP][PASSED] - verifyTextPresent("iahmed", true): Text 'iahmed' is present on page  using regular expression

2022-04-01 00:31:11 - [MESSAGE][PASSED] - Text 'iahmed' is present on page  using regular expression

2022-04-01 00:31:11 - [TEST_STEP][PASSED] - click(findTestObject(path_TranxDetails + "a_Capture this transaction")): Object: 'Object Repository/AdminSuiteBootstrap_Pages/VT_Bootstrap/TransactionDetails/a_Capture this transaction' is clicked on

2022-04-01 00:31:12 - [MESSAGE][PASSED] - Object: 'Object Repository/AdminSuiteBootstrap_Pages/VT_Bootstrap/TransactionDetails/a_Capture this transaction' is clicked on

2022-04-01 00:31:12 - [TEST_STEP][PASSED] - verifyTextPresent("Credit Card Capture", true): Text 'Credit Card Capture' is present on page  using regular expression

2022-04-01 00:31:13 - [MESSAGE][PASSED] - Text 'Credit Card Capture' is present on page  using regular expression

2022-04-01 00:31:13 - [TEST_STEP][PASSED] - captureAmount = findTestData(dataFile).getValue("CaptureAmount", row): null

2022-04-01 00:31:13 - [TEST_STEP][PASSED] - setText(findTestObject(path_SaleKB + "input_amountCapture"), captureAmount): Text '8.50' is set on object 'Object Repository/AdminSuiteBootstrap_Pages/VT_Bootstrap/SaleKeyboard/input_amountCapture'

2022-04-01 00:31:14 - [MESSAGE][PASSED] - Text '8.50' is set on object 'Object Repository/AdminSuiteBootstrap_Pages/VT_Bootstrap/SaleKeyboard/input_amountCapture'

2022-04-01 00:31:14 - [TEST_STEP][PASSED] - click(findTestObject(path_TranxDetails + "button_Submit")): Object: 'Object Repository/AdminSuiteBootstrap_Pages/VT_Bootstrap/TransactionDetails/button_Submit' is clicked on

2022-04-01 00:31:16 - [MESSAGE][PASSED] - Object: 'Object Repository/AdminSuiteBootstrap_Pages/VT_Bootstrap/TransactionDetails/button_Submit' is clicked on

2022-04-01 00:31:16 - [TEST_STEP][PASSED] - verifyTextPresent("Transaction Successful", true): Text 'Transaction Successful' is present on page  using regular expression

2022-04-01 00:31:16 - [MESSAGE][PASSED] - Text 'Transaction Successful' is present on page  using regular expression

2022-04-01 00:31:16 - [TEST_STEP][PASSED] - verifyTextPresent("Transaction Type", true): Text 'Transaction Type' is present on page  using regular expression

2022-04-01 00:31:17 - [MESSAGE][PASSED] - Text 'Transaction Type' is present on page  using regular expression

2022-04-01 00:31:17 - [TEST_STEP][PASSED] - verifyTextPresent("Capture", true): Text 'Capture' is present on page  using regular expression

2022-04-01 00:31:17 - [MESSAGE][PASSED] - Text 'Capture' is present on page  using regular expression

2022-04-01 00:31:17 - [TEST_STEP][PASSED] - verifyTextPresent("Amount", true): Text 'Amount' is present on page  using regular expression

2022-04-01 00:31:17 - [MESSAGE][PASSED] - Text 'Amount' is present on page  using regular expression

2022-04-01 00:31:17 - [TEST_STEP][PASSED] - verifyTextPresent(captureAmount, true): Text '8.50' is present on page  using regular expression

2022-04-01 00:31:18 - [MESSAGE][PASSED] - Text '8.50' is present on page  using regular expression

2022-04-01 00:31:18 - [TEST_STEP][PASSED] - closeBrowser(): Browser is closed

2022-04-01 00:31:19 - [MESSAGE][PASSED] - Browser is closed

2022-04-01 00:31:19 - [TEST_STEP][PASSED] - ExecuteTC = findTestData(dataFile).getValue("Execute", row): null

2022-04-01 00:31:19 - [TEST_STEP][PASSED] - out.println("Value of Execute is : " + ExecuteTC): null

2022-04-01 00:31:19 - [TEST_STEP][PASSED] - switch (executionProfile): null

2022-04-01 00:31:19 - [TEST_STEP][PASSED] - case "QAProfile":: null

2022-04-01 00:31:19 - [TEST_STEP][PASSED] - appName = findTestData(dataFile).getValue("AppNameQA", row): null

2022-04-01 00:31:19 - [TEST_STEP][PASSED] - appID = findTestData(dataFile).getValue("AppIDQA", row): null

2022-04-01 00:31:19 - [TEST_STEP][PASSED] - break: null

2022-04-01 00:31:19 - [TEST_STEP][PASSED] - hrefAppID = li_1 + appID + li_2: null

2022-04-01 00:31:19 - [TEST_STEP][PASSED] - hrefApp = li_1 + appID + "/": null

2022-04-01 00:31:19 - [TEST_STEP][PASSED] - println("hrefApp : " + hrefApp): null

2022-04-01 00:31:19 - [TEST_STEP][PASSED] - if (ExecuteTC.equalsIgnoreCase("Y")): null

2022-04-01 00:31:19 - [TEST_STEP][PASSED] - out.println("Begin Record Number: " + row): null

2022-04-01 00:31:19 - [TEST_STEP][PASSED] - today = new java.util.Date(): null

2022-04-01 00:31:19 - [TEST_STEP][PASSED] - println(today): null

2022-04-01 00:31:19 - [TEST_STEP][PASSED] - datText = today: null

2022-04-01 00:31:19 - [TEST_STEP][PASSED] - adminSuiteBootstrap.loginFunctionality.login_AdminSuite(): adminSuiteBootstrap.loginFunctionality.login_AdminSuite is PASSED

2022-04-01 00:31:19 - [MESSAGE][INFO] - Starting 'Chrome' driver

2022-04-01 00:31:19 - [MESSAGE][INFO] - User set preference: ['acceptInsecureCerts', 'true']

2022-04-01 00:31:19 - [MESSAGE][INFO] - Action delay is set to 0 milliseconds

2022-04-01 00:31:21 - [MESSAGE][PASSED] - Browser is opened with url: 'https://qa.velocitypayment.com/admin/imtiaz'

2022-04-01 00:31:21 - [MESSAGE][PASSED] - Current window maximized

2022-04-01 00:31:22 - [MESSAGE][PASSED] - Object 'Object Repository/Login_Page/Login_Username' is present

2022-04-01 00:31:23 - [MESSAGE][PASSED] - Text 'iahmed' is set on object 'Object Repository/Login_Page/Login_Username'

2022-04-01 00:31:23 - [MESSAGE][PASSED] - Text 'hello2222' is set on object 'Object Repository/Login_Page/Login_Password'

2022-04-01 00:31:26 - [MESSAGE][PASSED] - Object: 'Object Repository/Login_Page/Login_Submit' is clicked on

2022-04-01 00:31:26 - [MESSAGE][PASSED] - adminSuiteBootstrap.loginFunctionality.login_AdminSuite is PASSED

2022-04-01 00:31:26 - [TEST_STEP][PASSED] - click(findTestObject(path_Dashboard + appName)): Object: 'Object Repository/AdminSuiteBootstrap_Pages/Dashboard_Bootstrap/a_Access AutoNoCFtp' is clicked on

2022-04-01 00:31:27 - [MESSAGE][PASSED] - Object: 'Object Repository/AdminSuiteBootstrap_Pages/Dashboard_Bootstrap/a_Access AutoNoCFtp' is clicked on

2022-04-01 00:31:27 - [TEST_STEP][PASSED] - click(findTestObject(path_VT + "button_Authorization Only")): Object: 'Object Repository/AdminSuiteBootstrap_Pages/VT_Bootstrap/IssueTransactions/button_Authorization Only' is clicked on

2022-04-01 00:31:27 - [MESSAGE][PASSED] - Object: 'Object Repository/AdminSuiteBootstrap_Pages/VT_Bootstrap/IssueTransactions/button_Authorization Only' is clicked on

2022-04-01 00:31:27 - [TEST_STEP][PASSED] - authOnlyKeyboardEntryLink = modifyObjectProperty(findTestObject(path_VT + "a_KeyboardEntry_Sale"), "href", "equals", hrefAppID, true): Modify property of object successfully

2022-04-01 00:31:27 - [MESSAGE][PASSED] - Modify property of object successfully

2022-04-01 00:31:27 - [TEST_STEP][PASSED] - click(authOnlyKeyboardEntryLink): Object: 'Object Repository/AdminSuiteBootstrap_Pages/VT_Bootstrap/IssueTransactions/a_KeyboardEntry_Sale' is clicked on

2022-04-01 00:31:28 - [MESSAGE][PASSED] - Object: 'Object Repository/AdminSuiteBootstrap_Pages/VT_Bootstrap/IssueTransactions/a_KeyboardEntry_Sale' is clicked on

2022-04-01 00:31:28 - [TEST_STEP][PASSED] - adminSuiteBootstrap.virtualTerminalSetData.saleKeyboard_DataDriven(row, dataFile): adminSuiteBootstrap.virtualTerminalSetData.saleKeyboard_DataDriven is PASSED

2022-04-01 00:31:31 - [MESSAGE][PASSED] - Text 'Janaki James' is set on object 'Object Repository/AdminSuiteBootstrap_Pages/VT_Bootstrap/SaleKeyboard/input_cardName'

2022-04-01 00:31:32 - [MESSAGE][PASSED] - All options with value 'MOTO' are selected in object 'Object Repository/AdminSuiteBootstrap_Pages/VT_Bootstrap/SaleKeyboard/select_transactionCategory'  using regular expression

2022-04-01 00:31:33 - [MESSAGE][PASSED] - Execute JavaScript 'arguments[0].value ='371449635392376' ' successfully

2022-04-01 00:31:33 - [MESSAGE][PASSED] - Execute JavaScript 'arguments[0].value ='123' ' successfully

2022-04-01 00:31:34 - [MESSAGE][PASSED] - All options with value '12' are selected in object 'Object Repository/AdminSuiteBootstrap_Pages/VT_Bootstrap/SaleKeyboard/select_MM'  using regular expression

2022-04-01 00:31:36 - [MESSAGE][PASSED] - All options with value '2025' are selected in object 'Object Repository/AdminSuiteBootstrap_Pages/VT_Bootstrap/SaleKeyboard/select_YYYY'  using regular expression

2022-04-01 00:31:36 - [MESSAGE][PASSED] - Text '550 Swan Lake' is set on object 'Object Repository/AdminSuiteBootstrap_Pages/VT_Bootstrap/SaleKeyboard/input__address'

2022-04-01 00:31:37 - [MESSAGE][PASSED] - Text 'Suite 500' is set on object 'Object Repository/AdminSuiteBootstrap_Pages/VT_Bootstrap/SaleKeyboard/input__address2'

2022-04-01 00:31:38 - [MESSAGE][PASSED] - Text '22201' is set on object 'Object Repository/AdminSuiteBootstrap_Pages/VT_Bootstrap/SaleKeyboard/input__zip'

2022-04-01 00:31:39 - [MESSAGE][PASSED] - Text '' is set on object 'Object Repository/AdminSuiteBootstrap_Pages/VT_Bootstrap/SaleKeyboard/input_emailAddress'

2022-04-01 00:31:40 - [MESSAGE][PASSED] - Text '' is set on object 'Object Repository/AdminSuiteBootstrap_Pages/VT_Bootstrap/SaleKeyboard/input_smsNumber'

2022-04-01 00:31:41 - [MESSAGE][PASSED] - Text '10.50' is set on object 'Object Repository/AdminSuiteBootstrap_Pages/VT_Bootstrap/SaleKeyboard/input_amount'

2022-04-01 00:31:42 - [MESSAGE][PASSED] - Text 'Australia' is set on object 'Object Repository/AdminSuiteBootstrap_Pages/VT_Bootstrap/SaleKeyboard/input_userDefined1'

2022-04-01 00:31:42 - [MESSAGE][PASSED] - Text 'Denmark' is set on object 'Object Repository/AdminSuiteBootstrap_Pages/VT_Bootstrap/SaleKeyboard/input_userDefined2'

2022-04-01 00:31:43 - [MESSAGE][PASSED] - Text 'Sweden' is set on object 'Object Repository/AdminSuiteBootstrap_Pages/VT_Bootstrap/SaleKeyboard/input_userDefined3'

2022-04-01 00:31:44 - [MESSAGE][PASSED] - Text 'Austria' is set on object 'Object Repository/AdminSuiteBootstrap_Pages/VT_Bootstrap/SaleKeyboard/input_userDefined4'

2022-04-01 00:31:45 - [MESSAGE][PASSED] - All options with label 'Orange' are selected in object 'Object Repository/AdminSuiteBootstrap_Pages/VT_Bootstrap/SaleKeyboard/select_UDF5_DropDown'  using regular expression

2022-04-01 00:31:46 - [MESSAGE][PASSED] - All options with label 'Yellow' are selected in object 'Object Repository/AdminSuiteBootstrap_Pages/VT_Bootstrap/SaleKeyboard/select_UDF6_DropDown'  using regular expression

2022-04-01 00:31:47 - [MESSAGE][PASSED] - Text 'Norway' is set on object 'Object Repository/AdminSuiteBootstrap_Pages/VT_Bootstrap/SaleKeyboard/input_userDefined7'

2022-04-01 00:31:48 - [MESSAGE][PASSED] - Text 'Netherlands' is set on object 'Object Repository/AdminSuiteBootstrap_Pages/VT_Bootstrap/SaleKeyboard/input_userDefined8'

2022-04-01 00:31:48 - [MESSAGE][PASSED] - Text 'Switzerland' is set on object 'Object Repository/AdminSuiteBootstrap_Pages/VT_Bootstrap/SaleKeyboard/input_userDefined9'

2022-04-01 00:31:49 - [MESSAGE][PASSED] - Text 'France' is set on object 'Object Repository/AdminSuiteBootstrap_Pages/VT_Bootstrap/SaleKeyboard/input_userDefined10'

2022-04-01 00:31:51 - [MESSAGE][PASSED] - Object: 'Object Repository/AdminSuiteBootstrap_Pages/VT_Bootstrap/SaleKeyboard/button_Submit' is clicked on

2022-04-01 00:31:51 - [MESSAGE][PASSED] - adminSuiteBootstrap.virtualTerminalSetData.saleKeyboard_DataDriven is PASSED

2022-04-01 00:31:51 - [TEST_STEP][PASSED] - if (verifyTextPresent("Transaction Successful", true)): null

2022-04-01 00:31:51 - [MESSAGE][PASSED] - Text 'Transaction Successful' is present on page  using regular expression

2022-04-01 00:31:51 - [TEST_STEP][PASSED] - sdf = getText(findTestObject(path_Receipt + "td_AutoNoC031622113752957Ahm")): Text of object 'Object Repository/AdminSuiteBootstrap_Pages/VT_Bootstrap/Receipt/td_AutoNoC031622113752957Ahm' is: 'AutoNoC040122002941058Ahm'

2022-04-01 00:31:52 - [MESSAGE][PASSED] - Text of object 'Object Repository/AdminSuiteBootstrap_Pages/VT_Bootstrap/Receipt/td_AutoNoC031622113752957Ahm' is: 'AutoNoC040122002941058Ahm'

2022-04-01 00:31:52 - [TEST_STEP][PASSED] - out.println("sdf: " + sdf): null

2022-04-01 00:31:52 - [TEST_STEP][PASSED] - remID = sdf: null

2022-04-01 00:31:52 - [TEST_STEP][PASSED] - out.println("remID: " + remID): null

2022-04-01 00:31:52 - [TEST_STEP][PASSED] - click(findTestObject(path_Receipt + "button_Continue")): Object: 'Object Repository/AdminSuiteBootstrap_Pages/VT_Bootstrap/Receipt/button_Continue' is clicked on

2022-04-01 00:31:53 - [MESSAGE][PASSED] - Object: 'Object Repository/AdminSuiteBootstrap_Pages/VT_Bootstrap/Receipt/button_Continue' is clicked on

2022-04-01 00:31:53 - [TEST_STEP][PASSED] - click(findTestObject(path_VT + "a_Search Transactions")): Object: 'Object Repository/AdminSuiteBootstrap_Pages/VT_Bootstrap/IssueTransactions/a_Search Transactions' is clicked on

2022-04-01 00:31:54 - [MESSAGE][PASSED] - Object: 'Object Repository/AdminSuiteBootstrap_Pages/VT_Bootstrap/IssueTransactions/a_Search Transactions' is clicked on

2022-04-01 00:31:54 - [TEST_STEP][PASSED] - setText(findTestObject(path_CCSearch + "input_Search By_searchValue"), remID): Text 'AutoNoC040122002941058Ahm' is set on object 'Object Repository/AdminSuiteBootstrap_Pages/VT_Bootstrap/CCCreditOrVoidSearch/input_Search By_searchValue'

2022-04-01 00:31:55 - [MESSAGE][PASSED] - Text 'AutoNoC040122002941058Ahm' is set on object 'Object Repository/AdminSuiteBootstrap_Pages/VT_Bootstrap/CCCreditOrVoidSearch/input_Search By_searchValue'

2022-04-01 00:31:55 - [TEST_STEP][PASSED] - click(findTestObject(path_CCSearch + "option_Authorization")): Object: 'Object Repository/AdminSuiteBootstrap_Pages/VT_Bootstrap/CCCreditOrVoidSearch/option_Authorization' is clicked on

2022-04-01 00:31:55 - [MESSAGE][PASSED] - Object: 'Object Repository/AdminSuiteBootstrap_Pages/VT_Bootstrap/CCCreditOrVoidSearch/option_Authorization' is clicked on

2022-04-01 00:31:55 - [TEST_STEP][PASSED] - click(findTestObject(path_CCSearch + "button_Submit")): Object: 'Object Repository/AdminSuiteBootstrap_Pages/VT_Bootstrap/CCCreditOrVoidSearch/button_Submit' is clicked on

2022-04-01 00:31:56 - [MESSAGE][PASSED] - Object: 'Object Repository/AdminSuiteBootstrap_Pages/VT_Bootstrap/CCCreditOrVoidSearch/button_Submit' is clicked on

2022-04-01 00:31:56 - [TEST_STEP][PASSED] - fgr = getText(findTestObject(path_SearchResults + "div_Payment ID")): Text of object 'Object Repository/AdminSuiteBootstrap_Pages/VT_Bootstrap/SearchResults/div_Payment ID' is: 'Payment ID
Payment Type
Transaction Type
Remittance ID
Name
Total Amount
End Date
Status
12114343 Credit Card Authorization AutoNoC040122002941058Ahm Janaki James $10.50 04/01/2022 Success'

2022-04-01 00:31:56 - [MESSAGE][PASSED] - Text of object 'Object Repository/AdminSuiteBootstrap_Pages/VT_Bootstrap/SearchResults/div_Payment ID' is: 'Payment ID
Payment Type
Transaction Type
Remittance ID
Name
Total Amount
End Date
Status
12114343 Credit Card Authorization AutoNoC040122002941058Ahm Janaki James $10.50 04/01/2022 Success'

2022-04-01 00:31:56 - [TEST_STEP][PASSED] - payID = substring(89, 98).trim(): null

2022-04-01 00:31:56 - [TEST_STEP][PASSED] - out.println("payID: " + payID): null

2022-04-01 00:31:56 - [TEST_STEP][PASSED] - click(findTestObject(path_SearchResults + "button_PaymentID")): Object: 'Object Repository/AdminSuiteBootstrap_Pages/VT_Bootstrap/SearchResults/button_PaymentID' is clicked on

2022-04-01 00:31:57 - [MESSAGE][PASSED] - Object: 'Object Repository/AdminSuiteBootstrap_Pages/VT_Bootstrap/SearchResults/button_PaymentID' is clicked on

2022-04-01 00:31:57 - [TEST_STEP][PASSED] - verifyTextPresent("Tender Type", true): Text 'Tender Type' is present on page  using regular expression

2022-04-01 00:31:58 - [MESSAGE][PASSED] - Text 'Tender Type' is present on page  using regular expression

2022-04-01 00:31:58 - [TEST_STEP][PASSED] - verifyTextPresent("Credit Card", true): Text 'Credit Card' is present on page  using regular expression

2022-04-01 00:31:58 - [MESSAGE][PASSED] - Text 'Credit Card' is present on page  using regular expression

2022-04-01 00:31:58 - [TEST_STEP][PASSED] - verifyTextPresent("Transaction Type", true): Text 'Transaction Type' is present on page  using regular expression

2022-04-01 00:31:59 - [MESSAGE][PASSED] - Text 'Transaction Type' is present on page  using regular expression

2022-04-01 00:31:59 - [TEST_STEP][PASSED] - verifyTextPresent("Authorization", true): Text 'Authorization' is present on page  using regular expression

2022-04-01 00:31:59 - [MESSAGE][PASSED] - Text 'Authorization' is present on page  using regular expression

2022-04-01 00:31:59 - [TEST_STEP][PASSED] - verifyTextPresent("Transaction Posted by", true): Text 'Transaction Posted by' is present on page  using regular expression

2022-04-01 00:31:59 - [MESSAGE][PASSED] - Text 'Transaction Posted by' is present on page  using regular expression

2022-04-01 00:31:59 - [TEST_STEP][PASSED] - verifyTextPresent("iahmed", true): Text 'iahmed' is present on page  using regular expression

2022-04-01 00:32:00 - [MESSAGE][PASSED] - Text 'iahmed' is present on page  using regular expression

2022-04-01 00:32:00 - [TEST_STEP][PASSED] - click(findTestObject(path_TranxDetails + "a_Capture this transaction")): Object: 'Object Repository/AdminSuiteBootstrap_Pages/VT_Bootstrap/TransactionDetails/a_Capture this transaction' is clicked on

2022-04-01 00:32:01 - [MESSAGE][PASSED] - Object: 'Object Repository/AdminSuiteBootstrap_Pages/VT_Bootstrap/TransactionDetails/a_Capture this transaction' is clicked on

2022-04-01 00:32:01 - [TEST_STEP][PASSED] - verifyTextPresent("Credit Card Capture", true): Text 'Credit Card Capture' is present on page  using regular expression

2022-04-01 00:32:02 - [MESSAGE][PASSED] - Text 'Credit Card Capture' is present on page  using regular expression

2022-04-01 00:32:02 - [TEST_STEP][PASSED] - captureAmount = findTestData(dataFile).getValue("CaptureAmount", row): null

2022-04-01 00:32:02 - [TEST_STEP][PASSED] - setText(findTestObject(path_SaleKB + "input_amountCapture"), captureAmount): Text '6.50' is set on object 'Object Repository/AdminSuiteBootstrap_Pages/VT_Bootstrap/SaleKeyboard/input_amountCapture'

2022-04-01 00:32:02 - [MESSAGE][PASSED] - Text '6.50' is set on object 'Object Repository/AdminSuiteBootstrap_Pages/VT_Bootstrap/SaleKeyboard/input_amountCapture'

2022-04-01 00:32:02 - [TEST_STEP][PASSED] - click(findTestObject(path_TranxDetails + "button_Submit")): Object: 'Object Repository/AdminSuiteBootstrap_Pages/VT_Bootstrap/TransactionDetails/button_Submit' is clicked on

2022-04-01 00:32:04 - [MESSAGE][PASSED] - Object: 'Object Repository/AdminSuiteBootstrap_Pages/VT_Bootstrap/TransactionDetails/button_Submit' is clicked on

2022-04-01 00:32:04 - [TEST_STEP][PASSED] - verifyTextPresent("Transaction Successful", true): Text 'Transaction Successful' is present on page  using regular expression

2022-04-01 00:32:05 - [MESSAGE][PASSED] - Text 'Transaction Successful' is present on page  using regular expression

2022-04-01 00:32:05 - [TEST_STEP][PASSED] - verifyTextPresent("Transaction Type", true): Text 'Transaction Type' is present on page  using regular expression

2022-04-01 00:32:05 - [MESSAGE][PASSED] - Text 'Transaction Type' is present on page  using regular expression

2022-04-01 00:32:05 - [TEST_STEP][PASSED] - verifyTextPresent("Capture", true): Text 'Capture' is present on page  using regular expression

2022-04-01 00:32:06 - [MESSAGE][PASSED] - Text 'Capture' is present on page  using regular expression

2022-04-01 00:32:06 - [TEST_STEP][PASSED] - verifyTextPresent("Amount", true): Text 'Amount' is present on page  using regular expression

2022-04-01 00:32:06 - [MESSAGE][PASSED] - Text 'Amount' is present on page  using regular expression

2022-04-01 00:32:06 - [TEST_STEP][PASSED] - verifyTextPresent(captureAmount, true): Text '6.50' is present on page  using regular expression

2022-04-01 00:32:06 - [MESSAGE][PASSED] - Text '6.50' is present on page  using regular expression

2022-04-01 00:32:06 - [TEST_STEP][PASSED] - closeBrowser(): Browser is closed

2022-04-01 00:32:07 - [MESSAGE][PASSED] - Browser is closed

2022-04-01 00:32:07 - [TEST_STEP][PASSED] - ExecuteTC = findTestData(dataFile).getValue("Execute", row): null

2022-04-01 00:32:07 - [TEST_STEP][PASSED] - out.println("Value of Execute is : " + ExecuteTC): null

2022-04-01 00:32:07 - [TEST_STEP][PASSED] - switch (executionProfile): null

2022-04-01 00:32:07 - [TEST_STEP][PASSED] - case "QAProfile":: null

2022-04-01 00:32:07 - [TEST_STEP][PASSED] - appName = findTestData(dataFile).getValue("AppNameQA", row): null

2022-04-01 00:32:07 - [TEST_STEP][PASSED] - appID = findTestData(dataFile).getValue("AppIDQA", row): null

2022-04-01 00:32:07 - [TEST_STEP][PASSED] - break: null

2022-04-01 00:32:07 - [TEST_STEP][PASSED] - hrefAppID = li_1 + appID + li_2: null

2022-04-01 00:32:07 - [TEST_STEP][PASSED] - hrefApp = li_1 + appID + "/": null

2022-04-01 00:32:07 - [TEST_STEP][PASSED] - println("hrefApp : " + hrefApp): null

2022-04-01 00:32:07 - [TEST_STEP][PASSED] - if (ExecuteTC.equalsIgnoreCase("Y")): null

2022-04-01 00:32:07 - [TEST_STEP][PASSED] - out.println("Begin Record Number: " + row): null

2022-04-01 00:32:07 - [TEST_STEP][PASSED] - today = new java.util.Date(): null

2022-04-01 00:32:07 - [TEST_STEP][PASSED] - println(today): null

2022-04-01 00:32:07 - [TEST_STEP][PASSED] - datText = today: null

2022-04-01 00:32:07 - [TEST_STEP][PASSED] - adminSuiteBootstrap.loginFunctionality.login_AdminSuite(): adminSuiteBootstrap.loginFunctionality.login_AdminSuite is PASSED

2022-04-01 00:32:07 - [MESSAGE][INFO] - Starting 'Chrome' driver

2022-04-01 00:32:07 - [MESSAGE][INFO] - User set preference: ['acceptInsecureCerts', 'true']

2022-04-01 00:32:07 - [MESSAGE][INFO] - Action delay is set to 0 milliseconds

2022-04-01 00:32:10 - [MESSAGE][PASSED] - Browser is opened with url: 'https://qa.velocitypayment.com/admin/imtiaz'

2022-04-01 00:32:11 - [MESSAGE][PASSED] - Current window maximized

2022-04-01 00:32:11 - [MESSAGE][PASSED] - Object 'Object Repository/Login_Page/Login_Username' is present

2022-04-01 00:32:12 - [MESSAGE][PASSED] - Text 'iahmed' is set on object 'Object Repository/Login_Page/Login_Username'

2022-04-01 00:32:12 - [MESSAGE][PASSED] - Text 'hello2222' is set on object 'Object Repository/Login_Page/Login_Password'

2022-04-01 00:32:15 - [MESSAGE][PASSED] - Object: 'Object Repository/Login_Page/Login_Submit' is clicked on

2022-04-01 00:32:15 - [MESSAGE][PASSED] - adminSuiteBootstrap.loginFunctionality.login_AdminSuite is PASSED

2022-04-01 00:32:15 - [TEST_STEP][PASSED] - click(findTestObject(path_Dashboard + appName)): Object: 'Object Repository/AdminSuiteBootstrap_Pages/Dashboard_Bootstrap/a_Access AutoNoCFtp' is clicked on

2022-04-01 00:32:16 - [MESSAGE][PASSED] - Object: 'Object Repository/AdminSuiteBootstrap_Pages/Dashboard_Bootstrap/a_Access AutoNoCFtp' is clicked on

2022-04-01 00:32:16 - [TEST_STEP][PASSED] - click(findTestObject(path_VT + "button_Authorization Only")): Object: 'Object Repository/AdminSuiteBootstrap_Pages/VT_Bootstrap/IssueTransactions/button_Authorization Only' is clicked on

2022-04-01 00:32:17 - [MESSAGE][PASSED] - Object: 'Object Repository/AdminSuiteBootstrap_Pages/VT_Bootstrap/IssueTransactions/button_Authorization Only' is clicked on

2022-04-01 00:32:17 - [TEST_STEP][PASSED] - authOnlyKeyboardEntryLink = modifyObjectProperty(findTestObject(path_VT + "a_KeyboardEntry_Sale"), "href", "equals", hrefAppID, true): Modify property of object successfully

2022-04-01 00:32:17 - [MESSAGE][PASSED] - Modify property of object successfully

2022-04-01 00:32:17 - [TEST_STEP][PASSED] - click(authOnlyKeyboardEntryLink): Object: 'Object Repository/AdminSuiteBootstrap_Pages/VT_Bootstrap/IssueTransactions/a_KeyboardEntry_Sale' is clicked on

2022-04-01 00:32:18 - [MESSAGE][PASSED] - Object: 'Object Repository/AdminSuiteBootstrap_Pages/VT_Bootstrap/IssueTransactions/a_KeyboardEntry_Sale' is clicked on

2022-04-01 00:32:18 - [TEST_STEP][PASSED] - adminSuiteBootstrap.virtualTerminalSetData.saleKeyboard_DataDriven(row, dataFile): adminSuiteBootstrap.virtualTerminalSetData.saleKeyboard_DataDriven is PASSED

2022-04-01 00:32:20 - [MESSAGE][PASSED] - Text 'Janaki James' is set on object 'Object Repository/AdminSuiteBootstrap_Pages/VT_Bootstrap/SaleKeyboard/input_cardName'

2022-04-01 00:32:21 - [MESSAGE][PASSED] - All options with value 'MOTO' are selected in object 'Object Repository/AdminSuiteBootstrap_Pages/VT_Bootstrap/SaleKeyboard/select_transactionCategory'  using regular expression

2022-04-01 00:32:22 - [MESSAGE][PASSED] - Execute JavaScript 'arguments[0].value ='6011000993026909' ' successfully

2022-04-01 00:32:22 - [MESSAGE][PASSED] - Execute JavaScript 'arguments[0].value ='123' ' successfully

2022-04-01 00:32:23 - [MESSAGE][PASSED] - All options with value '12' are selected in object 'Object Repository/AdminSuiteBootstrap_Pages/VT_Bootstrap/SaleKeyboard/select_MM'  using regular expression

2022-04-01 00:32:24 - [MESSAGE][PASSED] - All options with value '2025' are selected in object 'Object Repository/AdminSuiteBootstrap_Pages/VT_Bootstrap/SaleKeyboard/select_YYYY'  using regular expression

2022-04-01 00:32:25 - [MESSAGE][PASSED] - Text '25987 Hill Top' is set on object 'Object Repository/AdminSuiteBootstrap_Pages/VT_Bootstrap/SaleKeyboard/input__address'

2022-04-01 00:32:26 - [MESSAGE][PASSED] - Text 'Suite 500' is set on object 'Object Repository/AdminSuiteBootstrap_Pages/VT_Bootstrap/SaleKeyboard/input__address2'

2022-04-01 00:32:27 - [MESSAGE][PASSED] - Text '22201' is set on object 'Object Repository/AdminSuiteBootstrap_Pages/VT_Bootstrap/SaleKeyboard/input__zip'

2022-04-01 00:32:27 - [MESSAGE][PASSED] - Text '' is set on object 'Object Repository/AdminSuiteBootstrap_Pages/VT_Bootstrap/SaleKeyboard/input_emailAddress'

2022-04-01 00:32:29 - [MESSAGE][PASSED] - Text '' is set on object 'Object Repository/AdminSuiteBootstrap_Pages/VT_Bootstrap/SaleKeyboard/input_smsNumber'

2022-04-01 00:32:29 - [MESSAGE][PASSED] - Text '10.50' is set on object 'Object Repository/AdminSuiteBootstrap_Pages/VT_Bootstrap/SaleKeyboard/input_amount'

2022-04-01 00:32:30 - [MESSAGE][PASSED] - Text 'Australia' is set on object 'Object Repository/AdminSuiteBootstrap_Pages/VT_Bootstrap/SaleKeyboard/input_userDefined1'

2022-04-01 00:32:31 - [MESSAGE][PASSED] - Text 'Denmark' is set on object 'Object Repository/AdminSuiteBootstrap_Pages/VT_Bootstrap/SaleKeyboard/input_userDefined2'

2022-04-01 00:32:31 - [MESSAGE][PASSED] - Text 'Sweden' is set on object 'Object Repository/AdminSuiteBootstrap_Pages/VT_Bootstrap/SaleKeyboard/input_userDefined3'

2022-04-01 00:32:32 - [MESSAGE][PASSED] - Text 'Austria' is set on object 'Object Repository/AdminSuiteBootstrap_Pages/VT_Bootstrap/SaleKeyboard/input_userDefined4'

2022-04-01 00:32:33 - [MESSAGE][PASSED] - All options with label 'Orange' are selected in object 'Object Repository/AdminSuiteBootstrap_Pages/VT_Bootstrap/SaleKeyboard/select_UDF5_DropDown'  using regular expression

2022-04-01 00:32:34 - [MESSAGE][PASSED] - All options with label 'Yellow' are selected in object 'Object Repository/AdminSuiteBootstrap_Pages/VT_Bootstrap/SaleKeyboard/select_UDF6_DropDown'  using regular expression

2022-04-01 00:32:35 - [MESSAGE][PASSED] - Text 'Norway' is set on object 'Object Repository/AdminSuiteBootstrap_Pages/VT_Bootstrap/SaleKeyboard/input_userDefined7'

2022-04-01 00:32:36 - [MESSAGE][PASSED] - Text 'Netherlands' is set on object 'Object Repository/AdminSuiteBootstrap_Pages/VT_Bootstrap/SaleKeyboard/input_userDefined8'

2022-04-01 00:32:36 - [MESSAGE][PASSED] - Text 'Switzerland' is set on object 'Object Repository/AdminSuiteBootstrap_Pages/VT_Bootstrap/SaleKeyboard/input_userDefined9'

2022-04-01 00:32:37 - [MESSAGE][PASSED] - Text 'France' is set on object 'Object Repository/AdminSuiteBootstrap_Pages/VT_Bootstrap/SaleKeyboard/input_userDefined10'

2022-04-01 00:32:39 - [MESSAGE][PASSED] - Object: 'Object Repository/AdminSuiteBootstrap_Pages/VT_Bootstrap/SaleKeyboard/button_Submit' is clicked on

2022-04-01 00:32:39 - [MESSAGE][PASSED] - adminSuiteBootstrap.virtualTerminalSetData.saleKeyboard_DataDriven is PASSED

2022-04-01 00:32:39 - [TEST_STEP][PASSED] - if (verifyTextPresent("Transaction Successful", true)): null

2022-04-01 00:32:39 - [MESSAGE][PASSED] - Text 'Transaction Successful' is present on page  using regular expression

2022-04-01 00:32:39 - [TEST_STEP][PASSED] - sdf = getText(findTestObject(path_Receipt + "td_AutoNoC031622113752957Ahm")): Text of object 'Object Repository/AdminSuiteBootstrap_Pages/VT_Bootstrap/Receipt/td_AutoNoC031622113752957Ahm' is: 'AutoNoC040122003030317Ahm'

2022-04-01 00:32:40 - [MESSAGE][PASSED] - Text of object 'Object Repository/AdminSuiteBootstrap_Pages/VT_Bootstrap/Receipt/td_AutoNoC031622113752957Ahm' is: 'AutoNoC040122003030317Ahm'

2022-04-01 00:32:40 - [TEST_STEP][PASSED] - out.println("sdf: " + sdf): null

2022-04-01 00:32:40 - [TEST_STEP][PASSED] - remID = sdf: null

2022-04-01 00:32:40 - [TEST_STEP][PASSED] - out.println("remID: " + remID): null

2022-04-01 00:32:40 - [TEST_STEP][PASSED] - click(findTestObject(path_Receipt + "button_Continue")): Object: 'Object Repository/AdminSuiteBootstrap_Pages/VT_Bootstrap/Receipt/button_Continue' is clicked on

2022-04-01 00:32:40 - [MESSAGE][PASSED] - Object: 'Object Repository/AdminSuiteBootstrap_Pages/VT_Bootstrap/Receipt/button_Continue' is clicked on

2022-04-01 00:32:40 - [TEST_STEP][PASSED] - click(findTestObject(path_VT + "a_Search Transactions")): Object: 'Object Repository/AdminSuiteBootstrap_Pages/VT_Bootstrap/IssueTransactions/a_Search Transactions' is clicked on

2022-04-01 00:32:41 - [MESSAGE][PASSED] - Object: 'Object Repository/AdminSuiteBootstrap_Pages/VT_Bootstrap/IssueTransactions/a_Search Transactions' is clicked on

2022-04-01 00:32:41 - [TEST_STEP][PASSED] - setText(findTestObject(path_CCSearch + "input_Search By_searchValue"), remID): Text 'AutoNoC040122003030317Ahm' is set on object 'Object Repository/AdminSuiteBootstrap_Pages/VT_Bootstrap/CCCreditOrVoidSearch/input_Search By_searchValue'

2022-04-01 00:32:42 - [MESSAGE][PASSED] - Text 'AutoNoC040122003030317Ahm' is set on object 'Object Repository/AdminSuiteBootstrap_Pages/VT_Bootstrap/CCCreditOrVoidSearch/input_Search By_searchValue'

2022-04-01 00:32:42 - [TEST_STEP][PASSED] - click(findTestObject(path_CCSearch + "option_Authorization")): Object: 'Object Repository/AdminSuiteBootstrap_Pages/VT_Bootstrap/CCCreditOrVoidSearch/option_Authorization' is clicked on

2022-04-01 00:32:43 - [MESSAGE][PASSED] - Object: 'Object Repository/AdminSuiteBootstrap_Pages/VT_Bootstrap/CCCreditOrVoidSearch/option_Authorization' is clicked on

2022-04-01 00:32:43 - [TEST_STEP][PASSED] - click(findTestObject(path_CCSearch + "button_Submit")): Object: 'Object Repository/AdminSuiteBootstrap_Pages/VT_Bootstrap/CCCreditOrVoidSearch/button_Submit' is clicked on

2022-04-01 00:32:44 - [MESSAGE][PASSED] - Object: 'Object Repository/AdminSuiteBootstrap_Pages/VT_Bootstrap/CCCreditOrVoidSearch/button_Submit' is clicked on

2022-04-01 00:32:44 - [TEST_STEP][PASSED] - fgr = getText(findTestObject(path_SearchResults + "div_Payment ID")): Text of object 'Object Repository/AdminSuiteBootstrap_Pages/VT_Bootstrap/SearchResults/div_Payment ID' is: 'Payment ID
Payment Type
Transaction Type
Remittance ID
Name
Total Amount
End Date
Status
12114345 Credit Card Authorization AutoNoC040122003030317Ahm Janaki James $10.50 04/01/2022 Success'

2022-04-01 00:32:44 - [MESSAGE][PASSED] - Text of object 'Object Repository/AdminSuiteBootstrap_Pages/VT_Bootstrap/SearchResults/div_Payment ID' is: 'Payment ID
Payment Type
Transaction Type
Remittance ID
Name
Total Amount
End Date
Status
12114345 Credit Card Authorization AutoNoC040122003030317Ahm Janaki James $10.50 04/01/2022 Success'

2022-04-01 00:32:44 - [TEST_STEP][PASSED] - payID = substring(89, 98).trim(): null

2022-04-01 00:32:44 - [TEST_STEP][PASSED] - out.println("payID: " + payID): null

2022-04-01 00:32:44 - [TEST_STEP][PASSED] - click(findTestObject(path_SearchResults + "button_PaymentID")): Object: 'Object Repository/AdminSuiteBootstrap_Pages/VT_Bootstrap/SearchResults/button_PaymentID' is clicked on

2022-04-01 00:32:45 - [MESSAGE][PASSED] - Object: 'Object Repository/AdminSuiteBootstrap_Pages/VT_Bootstrap/SearchResults/button_PaymentID' is clicked on

2022-04-01 00:32:45 - [TEST_STEP][PASSED] - verifyTextPresent("Tender Type", true): Text 'Tender Type' is present on page  using regular expression

2022-04-01 00:32:45 - [MESSAGE][PASSED] - Text 'Tender Type' is present on page  using regular expression

2022-04-01 00:32:45 - [TEST_STEP][PASSED] - verifyTextPresent("Credit Card", true): Text 'Credit Card' is present on page  using regular expression

2022-04-01 00:32:46 - [MESSAGE][PASSED] - Text 'Credit Card' is present on page  using regular expression

2022-04-01 00:32:46 - [TEST_STEP][PASSED] - verifyTextPresent("Transaction Type", true): Text 'Transaction Type' is present on page  using regular expression

2022-04-01 00:32:46 - [MESSAGE][PASSED] - Text 'Transaction Type' is present on page  using regular expression

2022-04-01 00:32:46 - [TEST_STEP][PASSED] - verifyTextPresent("Authorization", true): Text 'Authorization' is present on page  using regular expression

2022-04-01 00:32:47 - [MESSAGE][PASSED] - Text 'Authorization' is present on page  using regular expression

2022-04-01 00:32:47 - [TEST_STEP][PASSED] - verifyTextPresent("Transaction Posted by", true): Text 'Transaction Posted by' is present on page  using regular expression

2022-04-01 00:32:47 - [MESSAGE][PASSED] - Text 'Transaction Posted by' is present on page  using regular expression

2022-04-01 00:32:47 - [TEST_STEP][PASSED] - verifyTextPresent("iahmed", true): Text 'iahmed' is present on page  using regular expression

2022-04-01 00:32:47 - [MESSAGE][PASSED] - Text 'iahmed' is present on page  using regular expression

2022-04-01 00:32:47 - [TEST_STEP][PASSED] - click(findTestObject(path_TranxDetails + "a_Capture this transaction")): Object: 'Object Repository/AdminSuiteBootstrap_Pages/VT_Bootstrap/TransactionDetails/a_Capture this transaction' is clicked on

2022-04-01 00:32:48 - [MESSAGE][PASSED] - Object: 'Object Repository/AdminSuiteBootstrap_Pages/VT_Bootstrap/TransactionDetails/a_Capture this transaction' is clicked on

2022-04-01 00:32:48 - [TEST_STEP][PASSED] - verifyTextPresent("Credit Card Capture", true): Text 'Credit Card Capture' is present on page  using regular expression

2022-04-01 00:32:49 - [MESSAGE][PASSED] - Text 'Credit Card Capture' is present on page  using regular expression

2022-04-01 00:32:49 - [TEST_STEP][PASSED] - captureAmount = findTestData(dataFile).getValue("CaptureAmount", row): null

2022-04-01 00:32:49 - [TEST_STEP][PASSED] - setText(findTestObject(path_SaleKB + "input_amountCapture"), captureAmount): Text '10.00' is set on object 'Object Repository/AdminSuiteBootstrap_Pages/VT_Bootstrap/SaleKeyboard/input_amountCapture'

2022-04-01 00:32:50 - [MESSAGE][PASSED] - Text '10.00' is set on object 'Object Repository/AdminSuiteBootstrap_Pages/VT_Bootstrap/SaleKeyboard/input_amountCapture'

2022-04-01 00:32:50 - [TEST_STEP][PASSED] - click(findTestObject(path_TranxDetails + "button_Submit")): Object: 'Object Repository/AdminSuiteBootstrap_Pages/VT_Bootstrap/TransactionDetails/button_Submit' is clicked on

2022-04-01 00:32:52 - [MESSAGE][PASSED] - Object: 'Object Repository/AdminSuiteBootstrap_Pages/VT_Bootstrap/TransactionDetails/button_Submit' is clicked on

2022-04-01 00:32:52 - [TEST_STEP][PASSED] - verifyTextPresent("Transaction Successful", true): Text 'Transaction Successful' is present on page  using regular expression

2022-04-01 00:32:52 - [MESSAGE][PASSED] - Text 'Transaction Successful' is present on page  using regular expression

2022-04-01 00:32:52 - [TEST_STEP][PASSED] - verifyTextPresent("Transaction Type", true): Text 'Transaction Type' is present on page  using regular expression

2022-04-01 00:32:52 - [MESSAGE][PASSED] - Text 'Transaction Type' is present on page  using regular expression

2022-04-01 00:32:52 - [TEST_STEP][PASSED] - verifyTextPresent("Capture", true): Text 'Capture' is present on page  using regular expression

2022-04-01 00:32:53 - [MESSAGE][PASSED] - Text 'Capture' is present on page  using regular expression

2022-04-01 00:32:53 - [TEST_STEP][PASSED] - verifyTextPresent("Amount", true): Text 'Amount' is present on page  using regular expression

2022-04-01 00:32:53 - [MESSAGE][PASSED] - Text 'Amount' is present on page  using regular expression

2022-04-01 00:32:53 - [TEST_STEP][PASSED] - verifyTextPresent(captureAmount, true): Text '10.00' is present on page  using regular expression

2022-04-01 00:32:53 - [MESSAGE][PASSED] - Text '10.00' is present on page  using regular expression

2022-04-01 00:32:53 - [TEST_STEP][PASSED] - closeBrowser(): Browser is closed

2022-04-01 00:32:54 - [MESSAGE][PASSED] - Browser is closed]]></system-out>
         <system-err><![CDATA[]]></system-err>
      </testcase>
      <testcase name="Test Cases/Admin Suite Bootstrap/VT_TestCases/AuthCaptureKeyboard_TP_SingleCF_Generic_Payment_TC" time="407.877" classname="Test Cases/Admin Suite Bootstrap/VT_TestCases/AuthCaptureKeyboard_TP_SingleCF_Generic_Payment_TC" status="PASSED">
         <system-out><![CDATA[2022-04-01 00:32:54 - [TEST_CASE][PASSED] - Test Cases/Admin Suite Bootstrap/VT_TestCases/AuthCaptureKeyboard_TP_SingleCF_Generic_Payment_TC: Test Cases/Admin Suite Bootstrap/VT_TestCases/AuthCaptureKeyboard_TP_SingleCF_Generic_Payment_TC

2022-04-01 00:32:55 - [TEST_STEP][PASSED] - path_Dashboard = "Object Repository/AdminSuiteBootstrap_Pages/Dashboard_Bootstrap/": null

2022-04-01 00:32:55 - [TEST_STEP][PASSED] - path_VT = "Object Repository/AdminSuiteBootstrap_Pages/VT_Bootstrap/IssueTransactions/": null

2022-04-01 00:32:55 - [TEST_STEP][PASSED] - path_SaleKB = "Object Repository/AdminSuiteBootstrap_Pages/VT_Bootstrap/SaleKeyboard/": null

2022-04-01 00:32:55 - [TEST_STEP][PASSED] - path_TestMinus = "Object Repository/Page_TestMinusAndAtSigns/": null

2022-04-01 00:32:55 - [TEST_STEP][PASSED] - path_Receipt = "Object Repository/AdminSuiteBootstrap_Pages/VT_Bootstrap/Receipt/": null

2022-04-01 00:32:55 - [TEST_STEP][PASSED] - path_CCSearch = "Object Repository/AdminSuiteBootstrap_Pages/VT_Bootstrap/CCCreditOrVoidSearch/": null

2022-04-01 00:32:55 - [TEST_STEP][PASSED] - path_SearchResults = "Object Repository/AdminSuiteBootstrap_Pages/VT_Bootstrap/SearchResults/": null

2022-04-01 00:32:55 - [TEST_STEP][PASSED] - path_TranxDetails = "Object Repository/AdminSuiteBootstrap_Pages/VT_Bootstrap/TransactionDetails/": null

2022-04-01 00:32:55 - [TEST_STEP][PASSED] - li_1 = vpos_Prefix: null

2022-04-01 00:32:55 - [TEST_STEP][PASSED] - li_2 = "/transactions/AuthOnlyForm/": null

2022-04-01 00:32:55 - [TEST_STEP][PASSED] - executionProfile = getExecutionProfile(): null

2022-04-01 00:32:55 - [TEST_STEP][PASSED] - out.println("executionProfile : " + executionProfile): null

2022-04-01 00:32:55 - [TEST_STEP][PASSED] - appName = <not implemented yet for class: org.codehaus.groovy.ast.expr.EmptyExpression>: null

2022-04-01 00:32:55 - [TEST_STEP][PASSED] - appID = <not implemented yet for class: org.codehaus.groovy.ast.expr.EmptyExpression>: null

2022-04-01 00:32:55 - [TEST_STEP][PASSED] - cardNameV = <not implemented yet for class: org.codehaus.groovy.ast.expr.EmptyExpression>: null

2022-04-01 00:32:55 - [TEST_STEP][PASSED] - al1V = <not implemented yet for class: org.codehaus.groovy.ast.expr.EmptyExpression>: null

2022-04-01 00:32:55 - [TEST_STEP][PASSED] - al2V = <not implemented yet for class: org.codehaus.groovy.ast.expr.EmptyExpression>: null

2022-04-01 00:32:55 - [TEST_STEP][PASSED] - zipV = <not implemented yet for class: org.codehaus.groovy.ast.expr.EmptyExpression>: null

2022-04-01 00:32:55 - [TEST_STEP][PASSED] - cardTypeV = <not implemented yet for class: org.codehaus.groovy.ast.expr.EmptyExpression>: null

2022-04-01 00:32:55 - [TEST_STEP][PASSED] - last4V = <not implemented yet for class: org.codehaus.groovy.ast.expr.EmptyExpression>: null

2022-04-01 00:32:55 - [TEST_STEP][PASSED] - resText = "Fail": null

2022-04-01 00:32:55 - [TEST_STEP][PASSED] - resColumn = "Result": null

2022-04-01 00:32:55 - [TEST_STEP][PASSED] - datCloumn = "Date": null

2022-04-01 00:32:55 - [TEST_STEP][PASSED] - fileLoc = "C:\KatalonData\Bootstrap\VT-Data.xlsx": null

2022-04-01 00:32:55 - [TEST_STEP][PASSED] - numOfRows = <not implemented yet for class: org.codehaus.groovy.ast.expr.EmptyExpression>: null

2022-04-01 00:32:55 - [TEST_STEP][PASSED] - dataFile = <not implemented yet for class: org.codehaus.groovy.ast.expr.EmptyExpression>: null

2022-04-01 00:32:55 - [TEST_STEP][PASSED] - nameSheet = <not implemented yet for class: org.codehaus.groovy.ast.expr.EmptyExpression>: null

2022-04-01 00:32:55 - [TEST_STEP][PASSED] - nameSheet = "VT-AuthCapture-SingleCF-Generic": null

2022-04-01 00:32:55 - [TEST_STEP][PASSED] - numOfRows = findTestData("QA/Bootstrap/VT-TestData/VT-AuthCaptureData-SingleCF-Generic").getRowNumbers(): null

2022-04-01 00:32:55 - [TEST_STEP][PASSED] - println("Number of Records: " + numOfRows): null

2022-04-01 00:32:55 - [TEST_STEP][PASSED] - dataFile = "QA/Bootstrap/VT-TestData/VT-AuthCaptureData-SingleCF-Generic": null

2022-04-01 00:32:55 - [TEST_STEP][PASSED] - for ([row = 1, row <= numOfRows, (row++)]): null

2022-04-01 00:32:55 - [TEST_STEP][PASSED] - ExecuteTC = findTestData(dataFile).getValue("Execute", row): null

2022-04-01 00:32:55 - [TEST_STEP][PASSED] - out.println("Value of Execute is : " + ExecuteTC): null

2022-04-01 00:32:55 - [TEST_STEP][PASSED] - switch (executionProfile): null

2022-04-01 00:32:55 - [TEST_STEP][PASSED] - case "QAProfile":: null

2022-04-01 00:32:55 - [TEST_STEP][PASSED] - appName = findTestData(dataFile).getValue("AppNameQA", row): null

2022-04-01 00:32:55 - [TEST_STEP][PASSED] - appID = findTestData(dataFile).getValue("AppIDQA", row): null

2022-04-01 00:32:55 - [TEST_STEP][PASSED] - break: null

2022-04-01 00:32:55 - [TEST_STEP][PASSED] - hrefAppID = li_1 + appID + li_2: null

2022-04-01 00:32:55 - [TEST_STEP][PASSED] - hrefApp = li_1 + appID + "/": null

2022-04-01 00:32:55 - [TEST_STEP][PASSED] - println("hrefApp : " + hrefApp): null

2022-04-01 00:32:55 - [TEST_STEP][PASSED] - if (ExecuteTC.equalsIgnoreCase("Y")): null

2022-04-01 00:32:55 - [TEST_STEP][PASSED] - out.println("Begin Record Number: " + row): null

2022-04-01 00:32:55 - [TEST_STEP][PASSED] - today = new java.util.Date(): null

2022-04-01 00:32:55 - [TEST_STEP][PASSED] - println(today): null

2022-04-01 00:32:55 - [TEST_STEP][PASSED] - datText = today: null

2022-04-01 00:32:55 - [TEST_STEP][PASSED] - adminSuiteBootstrap.loginFunctionality.login_AdminSuite(): adminSuiteBootstrap.loginFunctionality.login_AdminSuite is PASSED

2022-04-01 00:32:55 - [MESSAGE][INFO] - Starting 'Chrome' driver

2022-04-01 00:32:55 - [MESSAGE][INFO] - User set preference: ['acceptInsecureCerts', 'true']

2022-04-01 00:32:55 - [MESSAGE][INFO] - Action delay is set to 0 milliseconds

2022-04-01 00:32:58 - [MESSAGE][PASSED] - Browser is opened with url: 'https://qa.velocitypayment.com/admin/imtiaz'

2022-04-01 00:32:58 - [MESSAGE][PASSED] - Current window maximized

2022-04-01 00:32:58 - [MESSAGE][PASSED] - Object 'Object Repository/Login_Page/Login_Username' is present

2022-04-01 00:32:59 - [MESSAGE][PASSED] - Text 'iahmed' is set on object 'Object Repository/Login_Page/Login_Username'

2022-04-01 00:32:59 - [MESSAGE][PASSED] - Text 'hello2222' is set on object 'Object Repository/Login_Page/Login_Password'

2022-04-01 00:33:02 - [MESSAGE][PASSED] - Object: 'Object Repository/Login_Page/Login_Submit' is clicked on

2022-04-01 00:33:02 - [MESSAGE][PASSED] - adminSuiteBootstrap.loginFunctionality.login_AdminSuite is PASSED

2022-04-01 00:33:02 - [TEST_STEP][PASSED] - click(findTestObject(path_Dashboard + appName)): Object: 'Object Repository/AdminSuiteBootstrap_Pages/Dashboard_Bootstrap/a_Access AutoSingleCFtpQA' is clicked on

2022-04-01 00:33:03 - [MESSAGE][PASSED] - Object: 'Object Repository/AdminSuiteBootstrap_Pages/Dashboard_Bootstrap/a_Access AutoSingleCFtpQA' is clicked on

2022-04-01 00:33:03 - [TEST_STEP][PASSED] - click(findTestObject(path_VT + "button_Authorization Only")): Object: 'Object Repository/AdminSuiteBootstrap_Pages/VT_Bootstrap/IssueTransactions/button_Authorization Only' is clicked on

2022-04-01 00:33:04 - [MESSAGE][PASSED] - Object: 'Object Repository/AdminSuiteBootstrap_Pages/VT_Bootstrap/IssueTransactions/button_Authorization Only' is clicked on

2022-04-01 00:33:04 - [TEST_STEP][PASSED] - authOnlyKeyboardEntryLink = modifyObjectProperty(findTestObject(path_VT + "a_KeyboardEntry_Sale"), "href", "equals", hrefAppID, true): Modify property of object successfully

2022-04-01 00:33:04 - [MESSAGE][PASSED] - Modify property of object successfully

2022-04-01 00:33:04 - [TEST_STEP][PASSED] - click(authOnlyKeyboardEntryLink): Object: 'Object Repository/AdminSuiteBootstrap_Pages/VT_Bootstrap/IssueTransactions/a_KeyboardEntry_Sale' is clicked on

2022-04-01 00:33:04 - [MESSAGE][PASSED] - Object: 'Object Repository/AdminSuiteBootstrap_Pages/VT_Bootstrap/IssueTransactions/a_KeyboardEntry_Sale' is clicked on

2022-04-01 00:33:04 - [TEST_STEP][PASSED] - adminSuiteBootstrap.virtualTerminalSetData.saleKeyboard_DataDriven(row, dataFile): adminSuiteBootstrap.virtualTerminalSetData.saleKeyboard_DataDriven is PASSED

2022-04-01 00:33:07 - [MESSAGE][PASSED] - Text 'Tulsi Raman' is set on object 'Object Repository/AdminSuiteBootstrap_Pages/VT_Bootstrap/SaleKeyboard/input_cardName'

2022-04-01 00:33:08 - [MESSAGE][PASSED] - All options with value 'RETL' are selected in object 'Object Repository/AdminSuiteBootstrap_Pages/VT_Bootstrap/SaleKeyboard/select_transactionCategory'  using regular expression

2022-04-01 00:33:09 - [MESSAGE][PASSED] - Execute JavaScript 'arguments[0].value ='4012000098765439' ' successfully

2022-04-01 00:33:09 - [MESSAGE][PASSED] - Execute JavaScript 'arguments[0].value ='123' ' successfully

2022-04-01 00:33:10 - [MESSAGE][PASSED] - All options with value '12' are selected in object 'Object Repository/AdminSuiteBootstrap_Pages/VT_Bootstrap/SaleKeyboard/select_MM'  using regular expression

2022-04-01 00:33:12 - [MESSAGE][PASSED] - All options with value '2025' are selected in object 'Object Repository/AdminSuiteBootstrap_Pages/VT_Bootstrap/SaleKeyboard/select_YYYY'  using regular expression

2022-04-01 00:33:12 - [MESSAGE][PASSED] - Text '36 Cornor Road' is set on object 'Object Repository/AdminSuiteBootstrap_Pages/VT_Bootstrap/SaleKeyboard/input__address'

2022-04-01 00:33:13 - [MESSAGE][PASSED] - Text 'Suite 500' is set on object 'Object Repository/AdminSuiteBootstrap_Pages/VT_Bootstrap/SaleKeyboard/input__address2'

2022-04-01 00:33:14 - [MESSAGE][PASSED] - Text '22201' is set on object 'Object Repository/AdminSuiteBootstrap_Pages/VT_Bootstrap/SaleKeyboard/input__zip'

2022-04-01 00:33:14 - [MESSAGE][PASSED] - Text '' is set on object 'Object Repository/AdminSuiteBootstrap_Pages/VT_Bootstrap/SaleKeyboard/input_emailAddress'

2022-04-01 00:33:16 - [MESSAGE][PASSED] - Text '' is set on object 'Object Repository/AdminSuiteBootstrap_Pages/VT_Bootstrap/SaleKeyboard/input_smsNumber'

2022-04-01 00:33:17 - [MESSAGE][PASSED] - Text '10.50' is set on object 'Object Repository/AdminSuiteBootstrap_Pages/VT_Bootstrap/SaleKeyboard/input_amount'

2022-04-01 00:33:18 - [MESSAGE][PASSED] - Text 'Australia' is set on object 'Object Repository/AdminSuiteBootstrap_Pages/VT_Bootstrap/SaleKeyboard/input_userDefined1'

2022-04-01 00:33:18 - [MESSAGE][PASSED] - Text 'Denmark' is set on object 'Object Repository/AdminSuiteBootstrap_Pages/VT_Bootstrap/SaleKeyboard/input_userDefined2'

2022-04-01 00:33:19 - [MESSAGE][PASSED] - Text 'Sweden' is set on object 'Object Repository/AdminSuiteBootstrap_Pages/VT_Bootstrap/SaleKeyboard/input_userDefined3'

2022-04-01 00:33:20 - [MESSAGE][PASSED] - Text 'Austria' is set on object 'Object Repository/AdminSuiteBootstrap_Pages/VT_Bootstrap/SaleKeyboard/input_userDefined4'

2022-04-01 00:33:21 - [MESSAGE][PASSED] - All options with label 'Orange' are selected in object 'Object Repository/AdminSuiteBootstrap_Pages/VT_Bootstrap/SaleKeyboard/select_UDF5_DropDown'  using regular expression

2022-04-01 00:33:22 - [MESSAGE][PASSED] - All options with label 'Yellow' are selected in object 'Object Repository/AdminSuiteBootstrap_Pages/VT_Bootstrap/SaleKeyboard/select_UDF6_DropDown'  using regular expression

2022-04-01 00:33:23 - [MESSAGE][PASSED] - Text 'Norway' is set on object 'Object Repository/AdminSuiteBootstrap_Pages/VT_Bootstrap/SaleKeyboard/input_userDefined7'

2022-04-01 00:33:23 - [MESSAGE][PASSED] - Text 'Netherlands' is set on object 'Object Repository/AdminSuiteBootstrap_Pages/VT_Bootstrap/SaleKeyboard/input_userDefined8'

2022-04-01 00:33:24 - [MESSAGE][PASSED] - Text 'Switzerland' is set on object 'Object Repository/AdminSuiteBootstrap_Pages/VT_Bootstrap/SaleKeyboard/input_userDefined9'

2022-04-01 00:33:25 - [MESSAGE][PASSED] - Text 'France' is set on object 'Object Repository/AdminSuiteBootstrap_Pages/VT_Bootstrap/SaleKeyboard/input_userDefined10'

2022-04-01 00:33:26 - [MESSAGE][PASSED] - Object: 'Object Repository/AdminSuiteBootstrap_Pages/VT_Bootstrap/SaleKeyboard/button_Submit' is clicked on

2022-04-01 00:33:26 - [MESSAGE][PASSED] - adminSuiteBootstrap.virtualTerminalSetData.saleKeyboard_DataDriven is PASSED

2022-04-01 00:33:26 - [TEST_STEP][PASSED] - if (verifyTextPresent("Transaction Successful", true)): null

2022-04-01 00:33:27 - [MESSAGE][PASSED] - Text 'Transaction Successful' is present on page  using regular expression

2022-04-01 00:33:27 - [TEST_STEP][PASSED] - sdf = getText(findTestObject(path_Receipt + "td_AutoNoC031622113752957Ahm")): Text of object 'Object Repository/AdminSuiteBootstrap_Pages/VT_Bootstrap/Receipt/td_AutoNoC031622113752957Ahm' is: 'AutoSin040122003117266Ahm'

2022-04-01 00:33:27 - [MESSAGE][PASSED] - Text of object 'Object Repository/AdminSuiteBootstrap_Pages/VT_Bootstrap/Receipt/td_AutoNoC031622113752957Ahm' is: 'AutoSin040122003117266Ahm'

2022-04-01 00:33:27 - [TEST_STEP][PASSED] - out.println("sdf: " + sdf): null

2022-04-01 00:33:27 - [TEST_STEP][PASSED] - remID = sdf: null

2022-04-01 00:33:27 - [TEST_STEP][PASSED] - out.println("remID: " + remID): null

2022-04-01 00:33:27 - [TEST_STEP][PASSED] - click(findTestObject(path_Receipt + "button_Continue")): Object: 'Object Repository/AdminSuiteBootstrap_Pages/VT_Bootstrap/Receipt/button_Continue' is clicked on

2022-04-01 00:33:28 - [MESSAGE][PASSED] - Object: 'Object Repository/AdminSuiteBootstrap_Pages/VT_Bootstrap/Receipt/button_Continue' is clicked on

2022-04-01 00:33:28 - [TEST_STEP][PASSED] - click(findTestObject(path_VT + "a_Search Transactions")): Object: 'Object Repository/AdminSuiteBootstrap_Pages/VT_Bootstrap/IssueTransactions/a_Search Transactions' is clicked on

2022-04-01 00:33:29 - [MESSAGE][PASSED] - Object: 'Object Repository/AdminSuiteBootstrap_Pages/VT_Bootstrap/IssueTransactions/a_Search Transactions' is clicked on

2022-04-01 00:33:29 - [TEST_STEP][PASSED] - setText(findTestObject(path_CCSearch + "input_Search By_searchValue"), remID): Text 'AutoSin040122003117266Ahm' is set on object 'Object Repository/AdminSuiteBootstrap_Pages/VT_Bootstrap/CCCreditOrVoidSearch/input_Search By_searchValue'

2022-04-01 00:33:30 - [MESSAGE][PASSED] - Text 'AutoSin040122003117266Ahm' is set on object 'Object Repository/AdminSuiteBootstrap_Pages/VT_Bootstrap/CCCreditOrVoidSearch/input_Search By_searchValue'

2022-04-01 00:33:30 - [TEST_STEP][PASSED] - click(findTestObject(path_CCSearch + "option_Authorization")): Object: 'Object Repository/AdminSuiteBootstrap_Pages/VT_Bootstrap/CCCreditOrVoidSearch/option_Authorization' is clicked on

2022-04-01 00:33:30 - [MESSAGE][PASSED] - Object: 'Object Repository/AdminSuiteBootstrap_Pages/VT_Bootstrap/CCCreditOrVoidSearch/option_Authorization' is clicked on

2022-04-01 00:33:30 - [TEST_STEP][PASSED] - click(findTestObject(path_CCSearch + "button_Submit")): Object: 'Object Repository/AdminSuiteBootstrap_Pages/VT_Bootstrap/CCCreditOrVoidSearch/button_Submit' is clicked on

2022-04-01 00:33:31 - [MESSAGE][PASSED] - Object: 'Object Repository/AdminSuiteBootstrap_Pages/VT_Bootstrap/CCCreditOrVoidSearch/button_Submit' is clicked on

2022-04-01 00:33:31 - [TEST_STEP][PASSED] - fgr = getText(findTestObject(path_SearchResults + "div_Payment ID")): Text of object 'Object Repository/AdminSuiteBootstrap_Pages/VT_Bootstrap/SearchResults/div_Payment ID' is: 'Payment ID
Payment Type
Transaction Type
Remittance ID
Name
Total Amount
End Date
Status
12114347 Credit Card Authorization AutoSin040122003117266Ahm Tulsi Raman $15.50 04/01/2022 Success'

2022-04-01 00:33:31 - [MESSAGE][PASSED] - Text of object 'Object Repository/AdminSuiteBootstrap_Pages/VT_Bootstrap/SearchResults/div_Payment ID' is: 'Payment ID
Payment Type
Transaction Type
Remittance ID
Name
Total Amount
End Date
Status
12114347 Credit Card Authorization AutoSin040122003117266Ahm Tulsi Raman $15.50 04/01/2022 Success'

2022-04-01 00:33:31 - [TEST_STEP][PASSED] - payID = substring(89, 98).trim(): null

2022-04-01 00:33:31 - [TEST_STEP][PASSED] - out.println("payID: " + payID): null

2022-04-01 00:33:31 - [TEST_STEP][PASSED] - click(findTestObject(path_SearchResults + "button_PaymentID")): Object: 'Object Repository/AdminSuiteBootstrap_Pages/VT_Bootstrap/SearchResults/button_PaymentID' is clicked on

2022-04-01 00:33:32 - [MESSAGE][PASSED] - Object: 'Object Repository/AdminSuiteBootstrap_Pages/VT_Bootstrap/SearchResults/button_PaymentID' is clicked on

2022-04-01 00:33:32 - [TEST_STEP][PASSED] - verifyTextPresent("Tender Type", true): Text 'Tender Type' is present on page  using regular expression

2022-04-01 00:33:33 - [MESSAGE][PASSED] - Text 'Tender Type' is present on page  using regular expression

2022-04-01 00:33:33 - [TEST_STEP][PASSED] - verifyTextPresent("Credit Card", true): Text 'Credit Card' is present on page  using regular expression

2022-04-01 00:33:33 - [MESSAGE][PASSED] - Text 'Credit Card' is present on page  using regular expression

2022-04-01 00:33:33 - [TEST_STEP][PASSED] - verifyTextPresent("Transaction Type", true): Text 'Transaction Type' is present on page  using regular expression

2022-04-01 00:33:34 - [MESSAGE][PASSED] - Text 'Transaction Type' is present on page  using regular expression

2022-04-01 00:33:34 - [TEST_STEP][PASSED] - verifyTextPresent("Authorization", true): Text 'Authorization' is present on page  using regular expression

2022-04-01 00:33:34 - [MESSAGE][PASSED] - Text 'Authorization' is present on page  using regular expression

2022-04-01 00:33:34 - [TEST_STEP][PASSED] - verifyTextPresent("Transaction Posted by", true): Text 'Transaction Posted by' is present on page  using regular expression

2022-04-01 00:33:34 - [MESSAGE][PASSED] - Text 'Transaction Posted by' is present on page  using regular expression

2022-04-01 00:33:34 - [TEST_STEP][PASSED] - verifyTextPresent("iahmed", true): Text 'iahmed' is present on page  using regular expression

2022-04-01 00:33:35 - [MESSAGE][PASSED] - Text 'iahmed' is present on page  using regular expression

2022-04-01 00:33:35 - [TEST_STEP][PASSED] - click(findTestObject(path_TranxDetails + "a_Capture this transaction")): Object: 'Object Repository/AdminSuiteBootstrap_Pages/VT_Bootstrap/TransactionDetails/a_Capture this transaction' is clicked on

2022-04-01 00:33:36 - [MESSAGE][PASSED] - Object: 'Object Repository/AdminSuiteBootstrap_Pages/VT_Bootstrap/TransactionDetails/a_Capture this transaction' is clicked on

2022-04-01 00:33:36 - [TEST_STEP][PASSED] - verifyTextPresent("Credit Card Capture", true): Text 'Credit Card Capture' is present on page  using regular expression

2022-04-01 00:33:36 - [MESSAGE][PASSED] - Text 'Credit Card Capture' is present on page  using regular expression

2022-04-01 00:33:36 - [TEST_STEP][PASSED] - captureAmount = findTestData(dataFile).getValue("CaptureAmount", row): null

2022-04-01 00:33:36 - [TEST_STEP][PASSED] - setText(findTestObject(path_SaleKB + "input_amountCapture"), captureAmount): Text '10.50' is set on object 'Object Repository/AdminSuiteBootstrap_Pages/VT_Bootstrap/SaleKeyboard/input_amountCapture'

2022-04-01 00:33:37 - [MESSAGE][PASSED] - Text '10.50' is set on object 'Object Repository/AdminSuiteBootstrap_Pages/VT_Bootstrap/SaleKeyboard/input_amountCapture'

2022-04-01 00:33:37 - [TEST_STEP][PASSED] - amountWithCF = findTestData(dataFile).getValue("AmountwithCF", row): null

2022-04-01 00:33:37 - [TEST_STEP][PASSED] - click(findTestObject(path_TranxDetails + "button_Submit")): Object: 'Object Repository/AdminSuiteBootstrap_Pages/VT_Bootstrap/TransactionDetails/button_Submit' is clicked on

2022-04-01 00:33:39 - [MESSAGE][PASSED] - Object: 'Object Repository/AdminSuiteBootstrap_Pages/VT_Bootstrap/TransactionDetails/button_Submit' is clicked on

2022-04-01 00:33:39 - [TEST_STEP][PASSED] - verifyTextPresent("Transaction Successful", true): Text 'Transaction Successful' is present on page  using regular expression

2022-04-01 00:33:40 - [MESSAGE][PASSED] - Text 'Transaction Successful' is present on page  using regular expression

2022-04-01 00:33:40 - [TEST_STEP][PASSED] - verifyTextPresent("Transaction Type", true): Text 'Transaction Type' is present on page  using regular expression

2022-04-01 00:33:40 - [MESSAGE][PASSED] - Text 'Transaction Type' is present on page  using regular expression

2022-04-01 00:33:40 - [TEST_STEP][PASSED] - verifyTextPresent("Capture", true): Text 'Capture' is present on page  using regular expression

2022-04-01 00:33:41 - [MESSAGE][PASSED] - Text 'Capture' is present on page  using regular expression

2022-04-01 00:33:41 - [TEST_STEP][PASSED] - verifyTextPresent("Amount", true): Text 'Amount' is present on page  using regular expression

2022-04-01 00:33:41 - [MESSAGE][PASSED] - Text 'Amount' is present on page  using regular expression

2022-04-01 00:33:41 - [TEST_STEP][PASSED] - verifyTextPresent("Service Fee", true): Text 'Service Fee' is present on page  using regular expression

2022-04-01 00:33:41 - [MESSAGE][PASSED] - Text 'Service Fee' is present on page  using regular expression

2022-04-01 00:33:41 - [TEST_STEP][PASSED] - verifyTextPresent("Service Fee Type", true): Text 'Service Fee Type' is present on page  using regular expression

2022-04-01 00:33:41 - [MESSAGE][PASSED] - Text 'Service Fee Type' is present on page  using regular expression

2022-04-01 00:33:41 - [TEST_STEP][PASSED] - verifyTextPresent("Total Amount", true): Text 'Total Amount' is present on page  using regular expression

2022-04-01 00:33:42 - [MESSAGE][PASSED] - Text 'Total Amount' is present on page  using regular expression

2022-04-01 00:33:42 - [TEST_STEP][PASSED] - verifyTextPresent(captureAmount, true): Text '10.50' is present on page  using regular expression

2022-04-01 00:33:42 - [MESSAGE][PASSED] - Text '10.50' is present on page  using regular expression

2022-04-01 00:33:42 - [TEST_STEP][PASSED] - verifyTextPresent("5.00", true): Text '5.00' is present on page  using regular expression

2022-04-01 00:33:43 - [MESSAGE][PASSED] - Text '5.00' is present on page  using regular expression

2022-04-01 00:33:43 - [TEST_STEP][PASSED] - verifyTextPresent("Single Transaction", true): Text 'Single Transaction' is present on page  using regular expression

2022-04-01 00:33:43 - [MESSAGE][PASSED] - Text 'Single Transaction' is present on page  using regular expression

2022-04-01 00:33:43 - [TEST_STEP][PASSED] - verifyTextPresent(amountWithCF, true): Text '15.50' is present on page  using regular expression

2022-04-01 00:33:43 - [MESSAGE][PASSED] - Text '15.50' is present on page  using regular expression

2022-04-01 00:33:43 - [TEST_STEP][PASSED] - closeBrowser(): Browser is closed

2022-04-01 00:33:44 - [MESSAGE][PASSED] - Browser is closed

2022-04-01 00:33:44 - [TEST_STEP][PASSED] - ExecuteTC = findTestData(dataFile).getValue("Execute", row): null

2022-04-01 00:33:44 - [TEST_STEP][PASSED] - out.println("Value of Execute is : " + ExecuteTC): null

2022-04-01 00:33:44 - [TEST_STEP][PASSED] - switch (executionProfile): null

2022-04-01 00:33:44 - [TEST_STEP][PASSED] - case "QAProfile":: null

2022-04-01 00:33:44 - [TEST_STEP][PASSED] - appName = findTestData(dataFile).getValue("AppNameQA", row): null

2022-04-01 00:33:44 - [TEST_STEP][PASSED] - appID = findTestData(dataFile).getValue("AppIDQA", row): null

2022-04-01 00:33:44 - [TEST_STEP][PASSED] - break: null

2022-04-01 00:33:44 - [TEST_STEP][PASSED] - hrefAppID = li_1 + appID + li_2: null

2022-04-01 00:33:44 - [TEST_STEP][PASSED] - hrefApp = li_1 + appID + "/": null

2022-04-01 00:33:44 - [TEST_STEP][PASSED] - println("hrefApp : " + hrefApp): null

2022-04-01 00:33:44 - [TEST_STEP][PASSED] - if (ExecuteTC.equalsIgnoreCase("Y")): null

2022-04-01 00:33:44 - [TEST_STEP][PASSED] - out.println("Begin Record Number: " + row): null

2022-04-01 00:33:44 - [TEST_STEP][PASSED] - today = new java.util.Date(): null

2022-04-01 00:33:44 - [TEST_STEP][PASSED] - println(today): null

2022-04-01 00:33:44 - [TEST_STEP][PASSED] - datText = today: null

2022-04-01 00:33:44 - [TEST_STEP][PASSED] - adminSuiteBootstrap.loginFunctionality.login_AdminSuite(): adminSuiteBootstrap.loginFunctionality.login_AdminSuite is PASSED

2022-04-01 00:33:44 - [MESSAGE][INFO] - Starting 'Chrome' driver

2022-04-01 00:33:44 - [MESSAGE][INFO] - User set preference: ['acceptInsecureCerts', 'true']

2022-04-01 00:33:44 - [MESSAGE][INFO] - Action delay is set to 0 milliseconds

2022-04-01 00:33:47 - [MESSAGE][PASSED] - Browser is opened with url: 'https://qa.velocitypayment.com/admin/imtiaz'

2022-04-01 00:33:47 - [MESSAGE][PASSED] - Current window maximized

2022-04-01 00:33:48 - [MESSAGE][PASSED] - Object 'Object Repository/Login_Page/Login_Username' is present

2022-04-01 00:33:49 - [MESSAGE][PASSED] - Text 'iahmed' is set on object 'Object Repository/Login_Page/Login_Username'

2022-04-01 00:33:49 - [MESSAGE][PASSED] - Text 'hello2222' is set on object 'Object Repository/Login_Page/Login_Password'

2022-04-01 00:33:52 - [MESSAGE][PASSED] - Object: 'Object Repository/Login_Page/Login_Submit' is clicked on

2022-04-01 00:33:52 - [MESSAGE][PASSED] - adminSuiteBootstrap.loginFunctionality.login_AdminSuite is PASSED

2022-04-01 00:33:52 - [TEST_STEP][PASSED] - click(findTestObject(path_Dashboard + appName)): Object: 'Object Repository/AdminSuiteBootstrap_Pages/Dashboard_Bootstrap/a_Access AutoSingleCFtpQA' is clicked on

2022-04-01 00:33:53 - [MESSAGE][PASSED] - Object: 'Object Repository/AdminSuiteBootstrap_Pages/Dashboard_Bootstrap/a_Access AutoSingleCFtpQA' is clicked on

2022-04-01 00:33:53 - [TEST_STEP][PASSED] - click(findTestObject(path_VT + "button_Authorization Only")): Object: 'Object Repository/AdminSuiteBootstrap_Pages/VT_Bootstrap/IssueTransactions/button_Authorization Only' is clicked on

2022-04-01 00:33:53 - [MESSAGE][PASSED] - Object: 'Object Repository/AdminSuiteBootstrap_Pages/VT_Bootstrap/IssueTransactions/button_Authorization Only' is clicked on

2022-04-01 00:33:53 - [TEST_STEP][PASSED] - authOnlyKeyboardEntryLink = modifyObjectProperty(findTestObject(path_VT + "a_KeyboardEntry_Sale"), "href", "equals", hrefAppID, true): Modify property of object successfully

2022-04-01 00:33:53 - [MESSAGE][PASSED] - Modify property of object successfully

2022-04-01 00:33:53 - [TEST_STEP][PASSED] - click(authOnlyKeyboardEntryLink): Object: 'Object Repository/AdminSuiteBootstrap_Pages/VT_Bootstrap/IssueTransactions/a_KeyboardEntry_Sale' is clicked on

2022-04-01 00:33:54 - [MESSAGE][PASSED] - Object: 'Object Repository/AdminSuiteBootstrap_Pages/VT_Bootstrap/IssueTransactions/a_KeyboardEntry_Sale' is clicked on

2022-04-01 00:33:54 - [TEST_STEP][PASSED] - adminSuiteBootstrap.virtualTerminalSetData.saleKeyboard_DataDriven(row, dataFile): adminSuiteBootstrap.virtualTerminalSetData.saleKeyboard_DataDriven is PASSED

2022-04-01 00:33:57 - [MESSAGE][PASSED] - Text 'Tulsi Raman' is set on object 'Object Repository/AdminSuiteBootstrap_Pages/VT_Bootstrap/SaleKeyboard/input_cardName'

2022-04-01 00:33:58 - [MESSAGE][PASSED] - All options with value 'RETL' are selected in object 'Object Repository/AdminSuiteBootstrap_Pages/VT_Bootstrap/SaleKeyboard/select_transactionCategory'  using regular expression

2022-04-01 00:33:59 - [MESSAGE][PASSED] - Execute JavaScript 'arguments[0].value ='5146312200000035' ' successfully

2022-04-01 00:33:59 - [MESSAGE][PASSED] - Execute JavaScript 'arguments[0].value ='123' ' successfully

2022-04-01 00:34:00 - [MESSAGE][PASSED] - All options with value '12' are selected in object 'Object Repository/AdminSuiteBootstrap_Pages/VT_Bootstrap/SaleKeyboard/select_MM'  using regular expression

2022-04-01 00:34:01 - [MESSAGE][PASSED] - All options with value '2025' are selected in object 'Object Repository/AdminSuiteBootstrap_Pages/VT_Bootstrap/SaleKeyboard/select_YYYY'  using regular expression

2022-04-01 00:34:02 - [MESSAGE][PASSED] - Text '1478 Jhatka Palace' is set on object 'Object Repository/AdminSuiteBootstrap_Pages/VT_Bootstrap/SaleKeyboard/input__address'

2022-04-01 00:34:03 - [MESSAGE][PASSED] - Text 'Suite 500' is set on object 'Object Repository/AdminSuiteBootstrap_Pages/VT_Bootstrap/SaleKeyboard/input__address2'

2022-04-01 00:34:03 - [MESSAGE][PASSED] - Text '22201' is set on object 'Object Repository/AdminSuiteBootstrap_Pages/VT_Bootstrap/SaleKeyboard/input__zip'

2022-04-01 00:34:04 - [MESSAGE][PASSED] - Text '' is set on object 'Object Repository/AdminSuiteBootstrap_Pages/VT_Bootstrap/SaleKeyboard/input_emailAddress'

2022-04-01 00:34:05 - [MESSAGE][PASSED] - Text '' is set on object 'Object Repository/AdminSuiteBootstrap_Pages/VT_Bootstrap/SaleKeyboard/input_smsNumber'

2022-04-01 00:34:06 - [MESSAGE][PASSED] - Text '10.50' is set on object 'Object Repository/AdminSuiteBootstrap_Pages/VT_Bootstrap/SaleKeyboard/input_amount'

2022-04-01 00:34:07 - [MESSAGE][PASSED] - Text 'Australia' is set on object 'Object Repository/AdminSuiteBootstrap_Pages/VT_Bootstrap/SaleKeyboard/input_userDefined1'

2022-04-01 00:34:08 - [MESSAGE][PASSED] - Text 'Denmark' is set on object 'Object Repository/AdminSuiteBootstrap_Pages/VT_Bootstrap/SaleKeyboard/input_userDefined2'

2022-04-01 00:34:09 - [MESSAGE][PASSED] - Text 'Sweden' is set on object 'Object Repository/AdminSuiteBootstrap_Pages/VT_Bootstrap/SaleKeyboard/input_userDefined3'

2022-04-01 00:34:09 - [MESSAGE][PASSED] - Text 'Austria' is set on object 'Object Repository/AdminSuiteBootstrap_Pages/VT_Bootstrap/SaleKeyboard/input_userDefined4'

2022-04-01 00:34:10 - [MESSAGE][PASSED] - All options with label 'Orange' are selected in object 'Object Repository/AdminSuiteBootstrap_Pages/VT_Bootstrap/SaleKeyboard/select_UDF5_DropDown'  using regular expression

2022-04-01 00:34:11 - [MESSAGE][PASSED] - All options with label 'Yellow' are selected in object 'Object Repository/AdminSuiteBootstrap_Pages/VT_Bootstrap/SaleKeyboard/select_UDF6_DropDown'  using regular expression

2022-04-01 00:34:12 - [MESSAGE][PASSED] - Text 'Norway' is set on object 'Object Repository/AdminSuiteBootstrap_Pages/VT_Bootstrap/SaleKeyboard/input_userDefined7'

2022-04-01 00:34:13 - [MESSAGE][PASSED] - Text 'Netherlands' is set on object 'Object Repository/AdminSuiteBootstrap_Pages/VT_Bootstrap/SaleKeyboard/input_userDefined8'

2022-04-01 00:34:13 - [MESSAGE][PASSED] - Text 'Switzerland' is set on object 'Object Repository/AdminSuiteBootstrap_Pages/VT_Bootstrap/SaleKeyboard/input_userDefined9'

2022-04-01 00:34:14 - [MESSAGE][PASSED] - Text 'France' is set on object 'Object Repository/AdminSuiteBootstrap_Pages/VT_Bootstrap/SaleKeyboard/input_userDefined10'

2022-04-01 00:34:16 - [MESSAGE][PASSED] - Object: 'Object Repository/AdminSuiteBootstrap_Pages/VT_Bootstrap/SaleKeyboard/button_Submit' is clicked on

2022-04-01 00:34:16 - [MESSAGE][PASSED] - adminSuiteBootstrap.virtualTerminalSetData.saleKeyboard_DataDriven is PASSED

2022-04-01 00:34:16 - [TEST_STEP][PASSED] - if (verifyTextPresent("Transaction Successful", true)): null

2022-04-01 00:34:16 - [MESSAGE][PASSED] - Text 'Transaction Successful' is present on page  using regular expression

2022-04-01 00:34:16 - [TEST_STEP][PASSED] - sdf = getText(findTestObject(path_Receipt + "td_AutoNoC031622113752957Ahm")): Text of object 'Object Repository/AdminSuiteBootstrap_Pages/VT_Bootstrap/Receipt/td_AutoNoC031622113752957Ahm' is: 'AutoSin040122003206937Ahm'

2022-04-01 00:34:17 - [MESSAGE][PASSED] - Text of object 'Object Repository/AdminSuiteBootstrap_Pages/VT_Bootstrap/Receipt/td_AutoNoC031622113752957Ahm' is: 'AutoSin040122003206937Ahm'

2022-04-01 00:34:17 - [TEST_STEP][PASSED] - out.println("sdf: " + sdf): null

2022-04-01 00:34:17 - [TEST_STEP][PASSED] - remID = sdf: null

2022-04-01 00:34:17 - [TEST_STEP][PASSED] - out.println("remID: " + remID): null

2022-04-01 00:34:17 - [TEST_STEP][PASSED] - click(findTestObject(path_Receipt + "button_Continue")): Object: 'Object Repository/AdminSuiteBootstrap_Pages/VT_Bootstrap/Receipt/button_Continue' is clicked on

2022-04-01 00:34:18 - [MESSAGE][PASSED] - Object: 'Object Repository/AdminSuiteBootstrap_Pages/VT_Bootstrap/Receipt/button_Continue' is clicked on

2022-04-01 00:34:18 - [TEST_STEP][PASSED] - click(findTestObject(path_VT + "a_Search Transactions")): Object: 'Object Repository/AdminSuiteBootstrap_Pages/VT_Bootstrap/IssueTransactions/a_Search Transactions' is clicked on

2022-04-01 00:34:19 - [MESSAGE][PASSED] - Object: 'Object Repository/AdminSuiteBootstrap_Pages/VT_Bootstrap/IssueTransactions/a_Search Transactions' is clicked on

2022-04-01 00:34:19 - [TEST_STEP][PASSED] - setText(findTestObject(path_CCSearch + "input_Search By_searchValue"), remID): Text 'AutoSin040122003206937Ahm' is set on object 'Object Repository/AdminSuiteBootstrap_Pages/VT_Bootstrap/CCCreditOrVoidSearch/input_Search By_searchValue'

2022-04-01 00:34:19 - [MESSAGE][PASSED] - Text 'AutoSin040122003206937Ahm' is set on object 'Object Repository/AdminSuiteBootstrap_Pages/VT_Bootstrap/CCCreditOrVoidSearch/input_Search By_searchValue'

2022-04-01 00:34:19 - [TEST_STEP][PASSED] - click(findTestObject(path_CCSearch + "option_Authorization")): Object: 'Object Repository/AdminSuiteBootstrap_Pages/VT_Bootstrap/CCCreditOrVoidSearch/option_Authorization' is clicked on

2022-04-01 00:34:20 - [MESSAGE][PASSED] - Object: 'Object Repository/AdminSuiteBootstrap_Pages/VT_Bootstrap/CCCreditOrVoidSearch/option_Authorization' is clicked on

2022-04-01 00:34:20 - [TEST_STEP][PASSED] - click(findTestObject(path_CCSearch + "button_Submit")): Object: 'Object Repository/AdminSuiteBootstrap_Pages/VT_Bootstrap/CCCreditOrVoidSearch/button_Submit' is clicked on

2022-04-01 00:34:21 - [MESSAGE][PASSED] - Object: 'Object Repository/AdminSuiteBootstrap_Pages/VT_Bootstrap/CCCreditOrVoidSearch/button_Submit' is clicked on

2022-04-01 00:34:21 - [TEST_STEP][PASSED] - fgr = getText(findTestObject(path_SearchResults + "div_Payment ID")): Text of object 'Object Repository/AdminSuiteBootstrap_Pages/VT_Bootstrap/SearchResults/div_Payment ID' is: 'Payment ID
Payment Type
Transaction Type
Remittance ID
Name
Total Amount
End Date
Status
12114349 Credit Card Authorization AutoSin040122003206937Ahm Tulsi Raman $15.50 04/01/2022 Success'

2022-04-01 00:34:21 - [MESSAGE][PASSED] - Text of object 'Object Repository/AdminSuiteBootstrap_Pages/VT_Bootstrap/SearchResults/div_Payment ID' is: 'Payment ID
Payment Type
Transaction Type
Remittance ID
Name
Total Amount
End Date
Status
12114349 Credit Card Authorization AutoSin040122003206937Ahm Tulsi Raman $15.50 04/01/2022 Success'

2022-04-01 00:34:21 - [TEST_STEP][PASSED] - payID = substring(89, 98).trim(): null

2022-04-01 00:34:21 - [TEST_STEP][PASSED] - out.println("payID: " + payID): null

2022-04-01 00:34:21 - [TEST_STEP][PASSED] - click(findTestObject(path_SearchResults + "button_PaymentID")): Object: 'Object Repository/AdminSuiteBootstrap_Pages/VT_Bootstrap/SearchResults/button_PaymentID' is clicked on

2022-04-01 00:34:22 - [MESSAGE][PASSED] - Object: 'Object Repository/AdminSuiteBootstrap_Pages/VT_Bootstrap/SearchResults/button_PaymentID' is clicked on

2022-04-01 00:34:22 - [TEST_STEP][PASSED] - verifyTextPresent("Tender Type", true): Text 'Tender Type' is present on page  using regular expression

2022-04-01 00:34:23 - [MESSAGE][PASSED] - Text 'Tender Type' is present on page  using regular expression

2022-04-01 00:34:23 - [TEST_STEP][PASSED] - verifyTextPresent("Credit Card", true): Text 'Credit Card' is present on page  using regular expression

2022-04-01 00:34:23 - [MESSAGE][PASSED] - Text 'Credit Card' is present on page  using regular expression

2022-04-01 00:34:23 - [TEST_STEP][PASSED] - verifyTextPresent("Transaction Type", true): Text 'Transaction Type' is present on page  using regular expression

2022-04-01 00:34:23 - [MESSAGE][PASSED] - Text 'Transaction Type' is present on page  using regular expression

2022-04-01 00:34:23 - [TEST_STEP][PASSED] - verifyTextPresent("Authorization", true): Text 'Authorization' is present on page  using regular expression

2022-04-01 00:34:24 - [MESSAGE][PASSED] - Text 'Authorization' is present on page  using regular expression

2022-04-01 00:34:24 - [TEST_STEP][PASSED] - verifyTextPresent("Transaction Posted by", true): Text 'Transaction Posted by' is present on page  using regular expression

2022-04-01 00:34:24 - [MESSAGE][PASSED] - Text 'Transaction Posted by' is present on page  using regular expression

2022-04-01 00:34:24 - [TEST_STEP][PASSED] - verifyTextPresent("iahmed", true): Text 'iahmed' is present on page  using regular expression

2022-04-01 00:34:24 - [MESSAGE][PASSED] - Text 'iahmed' is present on page  using regular expression

2022-04-01 00:34:24 - [TEST_STEP][PASSED] - click(findTestObject(path_TranxDetails + "a_Capture this transaction")): Object: 'Object Repository/AdminSuiteBootstrap_Pages/VT_Bootstrap/TransactionDetails/a_Capture this transaction' is clicked on

2022-04-01 00:34:25 - [MESSAGE][PASSED] - Object: 'Object Repository/AdminSuiteBootstrap_Pages/VT_Bootstrap/TransactionDetails/a_Capture this transaction' is clicked on

2022-04-01 00:34:25 - [TEST_STEP][PASSED] - verifyTextPresent("Credit Card Capture", true): Text 'Credit Card Capture' is present on page  using regular expression

2022-04-01 00:34:26 - [MESSAGE][PASSED] - Text 'Credit Card Capture' is present on page  using regular expression

2022-04-01 00:34:26 - [TEST_STEP][PASSED] - captureAmount = findTestData(dataFile).getValue("CaptureAmount", row): null

2022-04-01 00:34:26 - [TEST_STEP][PASSED] - setText(findTestObject(path_SaleKB + "input_amountCapture"), captureAmount): Text '8.50' is set on object 'Object Repository/AdminSuiteBootstrap_Pages/VT_Bootstrap/SaleKeyboard/input_amountCapture'

2022-04-01 00:34:27 - [MESSAGE][PASSED] - Text '8.50' is set on object 'Object Repository/AdminSuiteBootstrap_Pages/VT_Bootstrap/SaleKeyboard/input_amountCapture'

2022-04-01 00:34:27 - [TEST_STEP][PASSED] - amountWithCF = findTestData(dataFile).getValue("AmountwithCF", row): null

2022-04-01 00:34:27 - [TEST_STEP][PASSED] - click(findTestObject(path_TranxDetails + "button_Submit")): Object: 'Object Repository/AdminSuiteBootstrap_Pages/VT_Bootstrap/TransactionDetails/button_Submit' is clicked on

2022-04-01 00:34:29 - [MESSAGE][PASSED] - Object: 'Object Repository/AdminSuiteBootstrap_Pages/VT_Bootstrap/TransactionDetails/button_Submit' is clicked on

2022-04-01 00:34:29 - [TEST_STEP][PASSED] - verifyTextPresent("Transaction Successful", true): Text 'Transaction Successful' is present on page  using regular expression

2022-04-01 00:34:30 - [MESSAGE][PASSED] - Text 'Transaction Successful' is present on page  using regular expression

2022-04-01 00:34:30 - [TEST_STEP][PASSED] - verifyTextPresent("Transaction Type", true): Text 'Transaction Type' is present on page  using regular expression

2022-04-01 00:34:30 - [MESSAGE][PASSED] - Text 'Transaction Type' is present on page  using regular expression

2022-04-01 00:34:30 - [TEST_STEP][PASSED] - verifyTextPresent("Capture", true): Text 'Capture' is present on page  using regular expression

2022-04-01 00:34:30 - [MESSAGE][PASSED] - Text 'Capture' is present on page  using regular expression

2022-04-01 00:34:30 - [TEST_STEP][PASSED] - verifyTextPresent("Amount", true): Text 'Amount' is present on page  using regular expression

2022-04-01 00:34:30 - [MESSAGE][PASSED] - Text 'Amount' is present on page  using regular expression

2022-04-01 00:34:30 - [TEST_STEP][PASSED] - verifyTextPresent("Service Fee", true): Text 'Service Fee' is present on page  using regular expression

2022-04-01 00:34:31 - [MESSAGE][PASSED] - Text 'Service Fee' is present on page  using regular expression

2022-04-01 00:34:31 - [TEST_STEP][PASSED] - verifyTextPresent("Service Fee Type", true): Text 'Service Fee Type' is present on page  using regular expression

2022-04-01 00:34:31 - [MESSAGE][PASSED] - Text 'Service Fee Type' is present on page  using regular expression

2022-04-01 00:34:31 - [TEST_STEP][PASSED] - verifyTextPresent("Total Amount", true): Text 'Total Amount' is present on page  using regular expression

2022-04-01 00:34:31 - [MESSAGE][PASSED] - Text 'Total Amount' is present on page  using regular expression

2022-04-01 00:34:31 - [TEST_STEP][PASSED] - verifyTextPresent(captureAmount, true): Text '8.50' is present on page  using regular expression

2022-04-01 00:34:32 - [MESSAGE][PASSED] - Text '8.50' is present on page  using regular expression

2022-04-01 00:34:32 - [TEST_STEP][PASSED] - verifyTextPresent("5.00", true): Text '5.00' is present on page  using regular expression

2022-04-01 00:34:32 - [MESSAGE][PASSED] - Text '5.00' is present on page  using regular expression

2022-04-01 00:34:32 - [TEST_STEP][PASSED] - verifyTextPresent("Single Transaction", true): Text 'Single Transaction' is present on page  using regular expression

2022-04-01 00:34:32 - [MESSAGE][PASSED] - Text 'Single Transaction' is present on page  using regular expression

2022-04-01 00:34:32 - [TEST_STEP][PASSED] - verifyTextPresent(amountWithCF, true): Text '13.50' is present on page  using regular expression

2022-04-01 00:34:33 - [MESSAGE][PASSED] - Text '13.50' is present on page  using regular expression

2022-04-01 00:34:33 - [TEST_STEP][PASSED] - closeBrowser(): Browser is closed

2022-04-01 00:34:34 - [MESSAGE][PASSED] - Browser is closed

2022-04-01 00:34:34 - [TEST_STEP][PASSED] - ExecuteTC = findTestData(dataFile).getValue("Execute", row): null

2022-04-01 00:34:34 - [TEST_STEP][PASSED] - out.println("Value of Execute is : " + ExecuteTC): null

2022-04-01 00:34:34 - [TEST_STEP][PASSED] - switch (executionProfile): null

2022-04-01 00:34:34 - [TEST_STEP][PASSED] - case "QAProfile":: null

2022-04-01 00:34:34 - [TEST_STEP][PASSED] - appName = findTestData(dataFile).getValue("AppNameQA", row): null

2022-04-01 00:34:34 - [TEST_STEP][PASSED] - appID = findTestData(dataFile).getValue("AppIDQA", row): null

2022-04-01 00:34:34 - [TEST_STEP][PASSED] - break: null

2022-04-01 00:34:34 - [TEST_STEP][PASSED] - hrefAppID = li_1 + appID + li_2: null

2022-04-01 00:34:34 - [TEST_STEP][PASSED] - hrefApp = li_1 + appID + "/": null

2022-04-01 00:34:34 - [TEST_STEP][PASSED] - println("hrefApp : " + hrefApp): null

2022-04-01 00:34:34 - [TEST_STEP][PASSED] - if (ExecuteTC.equalsIgnoreCase("Y")): null

2022-04-01 00:34:34 - [TEST_STEP][PASSED] - out.println("Begin Record Number: " + row): null

2022-04-01 00:34:34 - [TEST_STEP][PASSED] - today = new java.util.Date(): null

2022-04-01 00:34:34 - [TEST_STEP][PASSED] - println(today): null

2022-04-01 00:34:34 - [TEST_STEP][PASSED] - datText = today: null

2022-04-01 00:34:34 - [TEST_STEP][PASSED] - adminSuiteBootstrap.loginFunctionality.login_AdminSuite(): adminSuiteBootstrap.loginFunctionality.login_AdminSuite is PASSED

2022-04-01 00:34:34 - [MESSAGE][INFO] - Starting 'Chrome' driver

2022-04-01 00:34:34 - [MESSAGE][INFO] - User set preference: ['acceptInsecureCerts', 'true']

2022-04-01 00:34:34 - [MESSAGE][INFO] - Action delay is set to 0 milliseconds

2022-04-01 00:34:37 - [MESSAGE][PASSED] - Browser is opened with url: 'https://qa.velocitypayment.com/admin/imtiaz'

2022-04-01 00:34:37 - [MESSAGE][PASSED] - Current window maximized

2022-04-01 00:34:38 - [MESSAGE][PASSED] - Object 'Object Repository/Login_Page/Login_Username' is present

2022-04-01 00:34:38 - [MESSAGE][PASSED] - Text 'iahmed' is set on object 'Object Repository/Login_Page/Login_Username'

2022-04-01 00:34:39 - [MESSAGE][PASSED] - Text 'hello2222' is set on object 'Object Repository/Login_Page/Login_Password'

2022-04-01 00:34:42 - [MESSAGE][PASSED] - Object: 'Object Repository/Login_Page/Login_Submit' is clicked on

2022-04-01 00:34:42 - [MESSAGE][PASSED] - adminSuiteBootstrap.loginFunctionality.login_AdminSuite is PASSED

2022-04-01 00:34:42 - [TEST_STEP][PASSED] - click(findTestObject(path_Dashboard + appName)): Object: 'Object Repository/AdminSuiteBootstrap_Pages/Dashboard_Bootstrap/a_Access AutoSingleCFtpQA' is clicked on

2022-04-01 00:34:43 - [MESSAGE][PASSED] - Object: 'Object Repository/AdminSuiteBootstrap_Pages/Dashboard_Bootstrap/a_Access AutoSingleCFtpQA' is clicked on

2022-04-01 00:34:43 - [TEST_STEP][PASSED] - click(findTestObject(path_VT + "button_Authorization Only")): Object: 'Object Repository/AdminSuiteBootstrap_Pages/VT_Bootstrap/IssueTransactions/button_Authorization Only' is clicked on

2022-04-01 00:34:44 - [MESSAGE][PASSED] - Object: 'Object Repository/AdminSuiteBootstrap_Pages/VT_Bootstrap/IssueTransactions/button_Authorization Only' is clicked on

2022-04-01 00:34:44 - [TEST_STEP][PASSED] - authOnlyKeyboardEntryLink = modifyObjectProperty(findTestObject(path_VT + "a_KeyboardEntry_Sale"), "href", "equals", hrefAppID, true): Modify property of object successfully

2022-04-01 00:34:44 - [MESSAGE][PASSED] - Modify property of object successfully

2022-04-01 00:34:44 - [TEST_STEP][PASSED] - click(authOnlyKeyboardEntryLink): Object: 'Object Repository/AdminSuiteBootstrap_Pages/VT_Bootstrap/IssueTransactions/a_KeyboardEntry_Sale' is clicked on

2022-04-01 00:34:45 - [MESSAGE][PASSED] - Object: 'Object Repository/AdminSuiteBootstrap_Pages/VT_Bootstrap/IssueTransactions/a_KeyboardEntry_Sale' is clicked on

2022-04-01 00:34:45 - [TEST_STEP][PASSED] - adminSuiteBootstrap.virtualTerminalSetData.saleKeyboard_DataDriven(row, dataFile): adminSuiteBootstrap.virtualTerminalSetData.saleKeyboard_DataDriven is PASSED

2022-04-01 00:34:48 - [MESSAGE][PASSED] - Text 'Tulsi Raman' is set on object 'Object Repository/AdminSuiteBootstrap_Pages/VT_Bootstrap/SaleKeyboard/input_cardName'

2022-04-01 00:34:49 - [MESSAGE][PASSED] - All options with value 'RETL' are selected in object 'Object Repository/AdminSuiteBootstrap_Pages/VT_Bootstrap/SaleKeyboard/select_transactionCategory'  using regular expression

2022-04-01 00:34:50 - [MESSAGE][PASSED] - Execute JavaScript 'arguments[0].value ='371449635392376' ' successfully

2022-04-01 00:34:50 - [MESSAGE][PASSED] - Execute JavaScript 'arguments[0].value ='123' ' successfully

2022-04-01 00:34:51 - [MESSAGE][PASSED] - All options with value '12' are selected in object 'Object Repository/AdminSuiteBootstrap_Pages/VT_Bootstrap/SaleKeyboard/select_MM'  using regular expression

2022-04-01 00:34:52 - [MESSAGE][PASSED] - All options with value '2025' are selected in object 'Object Repository/AdminSuiteBootstrap_Pages/VT_Bootstrap/SaleKeyboard/select_YYYY'  using regular expression

2022-04-01 00:34:53 - [MESSAGE][PASSED] - Text '550 Swan Lake' is set on object 'Object Repository/AdminSuiteBootstrap_Pages/VT_Bootstrap/SaleKeyboard/input__address'

2022-04-01 00:34:54 - [MESSAGE][PASSED] - Text 'Suite 500' is set on object 'Object Repository/AdminSuiteBootstrap_Pages/VT_Bootstrap/SaleKeyboard/input__address2'

2022-04-01 00:34:54 - [MESSAGE][PASSED] - Text '22201' is set on object 'Object Repository/AdminSuiteBootstrap_Pages/VT_Bootstrap/SaleKeyboard/input__zip'

2022-04-01 00:34:55 - [MESSAGE][PASSED] - Text '' is set on object 'Object Repository/AdminSuiteBootstrap_Pages/VT_Bootstrap/SaleKeyboard/input_emailAddress'

2022-04-01 00:34:57 - [MESSAGE][PASSED] - Text '' is set on object 'Object Repository/AdminSuiteBootstrap_Pages/VT_Bootstrap/SaleKeyboard/input_smsNumber'

2022-04-01 00:34:58 - [MESSAGE][PASSED] - Text '10.50' is set on object 'Object Repository/AdminSuiteBootstrap_Pages/VT_Bootstrap/SaleKeyboard/input_amount'

2022-04-01 00:35:00 - [MESSAGE][PASSED] - Text 'Australia' is set on object 'Object Repository/AdminSuiteBootstrap_Pages/VT_Bootstrap/SaleKeyboard/input_userDefined1'

2022-04-01 00:35:01 - [MESSAGE][PASSED] - Text 'Denmark' is set on object 'Object Repository/AdminSuiteBootstrap_Pages/VT_Bootstrap/SaleKeyboard/input_userDefined2'

2022-04-01 00:35:02 - [MESSAGE][PASSED] - Text 'Sweden' is set on object 'Object Repository/AdminSuiteBootstrap_Pages/VT_Bootstrap/SaleKeyboard/input_userDefined3'

2022-04-01 00:35:02 - [MESSAGE][PASSED] - Text 'Austria' is set on object 'Object Repository/AdminSuiteBootstrap_Pages/VT_Bootstrap/SaleKeyboard/input_userDefined4'

2022-04-01 00:35:03 - [MESSAGE][PASSED] - All options with label 'Orange' are selected in object 'Object Repository/AdminSuiteBootstrap_Pages/VT_Bootstrap/SaleKeyboard/select_UDF5_DropDown'  using regular expression

2022-04-01 00:35:04 - [MESSAGE][PASSED] - All options with label 'Yellow' are selected in object 'Object Repository/AdminSuiteBootstrap_Pages/VT_Bootstrap/SaleKeyboard/select_UDF6_DropDown'  using regular expression

2022-04-01 00:35:05 - [MESSAGE][PASSED] - Text 'Norway' is set on object 'Object Repository/AdminSuiteBootstrap_Pages/VT_Bootstrap/SaleKeyboard/input_userDefined7'

2022-04-01 00:35:06 - [MESSAGE][PASSED] - Text 'Netherlands' is set on object 'Object Repository/AdminSuiteBootstrap_Pages/VT_Bootstrap/SaleKeyboard/input_userDefined8'

2022-04-01 00:35:06 - [MESSAGE][PASSED] - Text 'Switzerland' is set on object 'Object Repository/AdminSuiteBootstrap_Pages/VT_Bootstrap/SaleKeyboard/input_userDefined9'

2022-04-01 00:35:07 - [MESSAGE][PASSED] - Text 'France' is set on object 'Object Repository/AdminSuiteBootstrap_Pages/VT_Bootstrap/SaleKeyboard/input_userDefined10'

2022-04-01 00:35:10 - [MESSAGE][PASSED] - Object: 'Object Repository/AdminSuiteBootstrap_Pages/VT_Bootstrap/SaleKeyboard/button_Submit' is clicked on

2022-04-01 00:35:10 - [MESSAGE][PASSED] - adminSuiteBootstrap.virtualTerminalSetData.saleKeyboard_DataDriven is PASSED

2022-04-01 00:35:10 - [TEST_STEP][PASSED] - if (verifyTextPresent("Transaction Successful", true)): null

2022-04-01 00:35:10 - [MESSAGE][PASSED] - Text 'Transaction Successful' is present on page  using regular expression

2022-04-01 00:35:10 - [TEST_STEP][PASSED] - sdf = getText(findTestObject(path_Receipt + "td_AutoNoC031622113752957Ahm")): Text of object 'Object Repository/AdminSuiteBootstrap_Pages/VT_Bootstrap/Receipt/td_AutoNoC031622113752957Ahm' is: 'AutoSin040122003257857Ahm'

2022-04-01 00:35:11 - [MESSAGE][PASSED] - Text of object 'Object Repository/AdminSuiteBootstrap_Pages/VT_Bootstrap/Receipt/td_AutoNoC031622113752957Ahm' is: 'AutoSin040122003257857Ahm'

2022-04-01 00:35:11 - [TEST_STEP][PASSED] - out.println("sdf: " + sdf): null

2022-04-01 00:35:11 - [TEST_STEP][PASSED] - remID = sdf: null

2022-04-01 00:35:11 - [TEST_STEP][PASSED] - out.println("remID: " + remID): null

2022-04-01 00:35:11 - [TEST_STEP][PASSED] - click(findTestObject(path_Receipt + "button_Continue")): Object: 'Object Repository/AdminSuiteBootstrap_Pages/VT_Bootstrap/Receipt/button_Continue' is clicked on

2022-04-01 00:35:12 - [MESSAGE][PASSED] - Object: 'Object Repository/AdminSuiteBootstrap_Pages/VT_Bootstrap/Receipt/button_Continue' is clicked on

2022-04-01 00:35:12 - [TEST_STEP][PASSED] - click(findTestObject(path_VT + "a_Search Transactions")): Object: 'Object Repository/AdminSuiteBootstrap_Pages/VT_Bootstrap/IssueTransactions/a_Search Transactions' is clicked on

2022-04-01 00:35:14 - [MESSAGE][PASSED] - Object: 'Object Repository/AdminSuiteBootstrap_Pages/VT_Bootstrap/IssueTransactions/a_Search Transactions' is clicked on

2022-04-01 00:35:14 - [TEST_STEP][PASSED] - setText(findTestObject(path_CCSearch + "input_Search By_searchValue"), remID): Text 'AutoSin040122003257857Ahm' is set on object 'Object Repository/AdminSuiteBootstrap_Pages/VT_Bootstrap/CCCreditOrVoidSearch/input_Search By_searchValue'

2022-04-01 00:35:15 - [MESSAGE][PASSED] - Text 'AutoSin040122003257857Ahm' is set on object 'Object Repository/AdminSuiteBootstrap_Pages/VT_Bootstrap/CCCreditOrVoidSearch/input_Search By_searchValue'

2022-04-01 00:35:15 - [TEST_STEP][PASSED] - click(findTestObject(path_CCSearch + "option_Authorization")): Object: 'Object Repository/AdminSuiteBootstrap_Pages/VT_Bootstrap/CCCreditOrVoidSearch/option_Authorization' is clicked on

2022-04-01 00:35:15 - [MESSAGE][PASSED] - Object: 'Object Repository/AdminSuiteBootstrap_Pages/VT_Bootstrap/CCCreditOrVoidSearch/option_Authorization' is clicked on

2022-04-01 00:35:15 - [TEST_STEP][PASSED] - click(findTestObject(path_CCSearch + "button_Submit")): Object: 'Object Repository/AdminSuiteBootstrap_Pages/VT_Bootstrap/CCCreditOrVoidSearch/button_Submit' is clicked on

2022-04-01 00:35:17 - [MESSAGE][PASSED] - Object: 'Object Repository/AdminSuiteBootstrap_Pages/VT_Bootstrap/CCCreditOrVoidSearch/button_Submit' is clicked on

2022-04-01 00:35:17 - [TEST_STEP][PASSED] - fgr = getText(findTestObject(path_SearchResults + "div_Payment ID")): Text of object 'Object Repository/AdminSuiteBootstrap_Pages/VT_Bootstrap/SearchResults/div_Payment ID' is: 'Payment ID
Payment Type
Transaction Type
Remittance ID
Name
Total Amount
End Date
Status
12114351 Credit Card Authorization AutoSin040122003257857Ahm Tulsi Raman $15.50 04/01/2022 Success'

2022-04-01 00:35:17 - [MESSAGE][PASSED] - Text of object 'Object Repository/AdminSuiteBootstrap_Pages/VT_Bootstrap/SearchResults/div_Payment ID' is: 'Payment ID
Payment Type
Transaction Type
Remittance ID
Name
Total Amount
End Date
Status
12114351 Credit Card Authorization AutoSin040122003257857Ahm Tulsi Raman $15.50 04/01/2022 Success'

2022-04-01 00:35:17 - [TEST_STEP][PASSED] - payID = substring(89, 98).trim(): null

2022-04-01 00:35:17 - [TEST_STEP][PASSED] - out.println("payID: " + payID): null

2022-04-01 00:35:17 - [TEST_STEP][PASSED] - click(findTestObject(path_SearchResults + "button_PaymentID")): Object: 'Object Repository/AdminSuiteBootstrap_Pages/VT_Bootstrap/SearchResults/button_PaymentID' is clicked on

2022-04-01 00:35:19 - [MESSAGE][PASSED] - Object: 'Object Repository/AdminSuiteBootstrap_Pages/VT_Bootstrap/SearchResults/button_PaymentID' is clicked on

2022-04-01 00:35:19 - [TEST_STEP][PASSED] - verifyTextPresent("Tender Type", true): Text 'Tender Type' is present on page  using regular expression

2022-04-01 00:35:19 - [MESSAGE][PASSED] - Text 'Tender Type' is present on page  using regular expression

2022-04-01 00:35:19 - [TEST_STEP][PASSED] - verifyTextPresent("Credit Card", true): Text 'Credit Card' is present on page  using regular expression

2022-04-01 00:35:20 - [MESSAGE][PASSED] - Text 'Credit Card' is present on page  using regular expression

2022-04-01 00:35:20 - [TEST_STEP][PASSED] - verifyTextPresent("Transaction Type", true): Text 'Transaction Type' is present on page  using regular expression

2022-04-01 00:35:20 - [MESSAGE][PASSED] - Text 'Transaction Type' is present on page  using regular expression

2022-04-01 00:35:20 - [TEST_STEP][PASSED] - verifyTextPresent("Authorization", true): Text 'Authorization' is present on page  using regular expression

2022-04-01 00:35:20 - [MESSAGE][PASSED] - Text 'Authorization' is present on page  using regular expression

2022-04-01 00:35:20 - [TEST_STEP][PASSED] - verifyTextPresent("Transaction Posted by", true): Text 'Transaction Posted by' is present on page  using regular expression

2022-04-01 00:35:21 - [MESSAGE][PASSED] - Text 'Transaction Posted by' is present on page  using regular expression

2022-04-01 00:35:21 - [TEST_STEP][PASSED] - verifyTextPresent("iahmed", true): Text 'iahmed' is present on page  using regular expression

2022-04-01 00:35:21 - [MESSAGE][PASSED] - Text 'iahmed' is present on page  using regular expression

2022-04-01 00:35:21 - [TEST_STEP][PASSED] - click(findTestObject(path_TranxDetails + "a_Capture this transaction")): Object: 'Object Repository/AdminSuiteBootstrap_Pages/VT_Bootstrap/TransactionDetails/a_Capture this transaction' is clicked on

2022-04-01 00:35:24 - [MESSAGE][PASSED] - Object: 'Object Repository/AdminSuiteBootstrap_Pages/VT_Bootstrap/TransactionDetails/a_Capture this transaction' is clicked on

2022-04-01 00:35:24 - [TEST_STEP][PASSED] - verifyTextPresent("Credit Card Capture", true): Text 'Credit Card Capture' is present on page  using regular expression

2022-04-01 00:35:24 - [MESSAGE][PASSED] - Text 'Credit Card Capture' is present on page  using regular expression

2022-04-01 00:35:24 - [TEST_STEP][PASSED] - captureAmount = findTestData(dataFile).getValue("CaptureAmount", row): null

2022-04-01 00:35:24 - [TEST_STEP][PASSED] - setText(findTestObject(path_SaleKB + "input_amountCapture"), captureAmount): Text '6.50' is set on object 'Object Repository/AdminSuiteBootstrap_Pages/VT_Bootstrap/SaleKeyboard/input_amountCapture'

2022-04-01 00:35:25 - [MESSAGE][PASSED] - Text '6.50' is set on object 'Object Repository/AdminSuiteBootstrap_Pages/VT_Bootstrap/SaleKeyboard/input_amountCapture'

2022-04-01 00:35:25 - [TEST_STEP][PASSED] - amountWithCF = findTestData(dataFile).getValue("AmountwithCF", row): null

2022-04-01 00:35:25 - [TEST_STEP][PASSED] - click(findTestObject(path_TranxDetails + "button_Submit")): Object: 'Object Repository/AdminSuiteBootstrap_Pages/VT_Bootstrap/TransactionDetails/button_Submit' is clicked on

2022-04-01 00:35:28 - [MESSAGE][PASSED] - Object: 'Object Repository/AdminSuiteBootstrap_Pages/VT_Bootstrap/TransactionDetails/button_Submit' is clicked on

2022-04-01 00:35:28 - [TEST_STEP][PASSED] - verifyTextPresent("Transaction Successful", true): Text 'Transaction Successful' is present on page  using regular expression

2022-04-01 00:35:29 - [MESSAGE][PASSED] - Text 'Transaction Successful' is present on page  using regular expression

2022-04-01 00:35:29 - [TEST_STEP][PASSED] - verifyTextPresent("Transaction Type", true): Text 'Transaction Type' is present on page  using regular expression

2022-04-01 00:35:29 - [MESSAGE][PASSED] - Text 'Transaction Type' is present on page  using regular expression

2022-04-01 00:35:29 - [TEST_STEP][PASSED] - verifyTextPresent("Capture", true): Text 'Capture' is present on page  using regular expression

2022-04-01 00:35:30 - [MESSAGE][PASSED] - Text 'Capture' is present on page  using regular expression

2022-04-01 00:35:30 - [TEST_STEP][PASSED] - verifyTextPresent("Amount", true): Text 'Amount' is present on page  using regular expression

2022-04-01 00:35:30 - [MESSAGE][PASSED] - Text 'Amount' is present on page  using regular expression

2022-04-01 00:35:30 - [TEST_STEP][PASSED] - verifyTextPresent("Service Fee", true): Text 'Service Fee' is present on page  using regular expression

2022-04-01 00:35:30 - [MESSAGE][PASSED] - Text 'Service Fee' is present on page  using regular expression

2022-04-01 00:35:30 - [TEST_STEP][PASSED] - verifyTextPresent("Service Fee Type", true): Text 'Service Fee Type' is present on page  using regular expression

2022-04-01 00:35:31 - [MESSAGE][PASSED] - Text 'Service Fee Type' is present on page  using regular expression

2022-04-01 00:35:31 - [TEST_STEP][PASSED] - verifyTextPresent("Total Amount", true): Text 'Total Amount' is present on page  using regular expression

2022-04-01 00:35:31 - [MESSAGE][PASSED] - Text 'Total Amount' is present on page  using regular expression

2022-04-01 00:35:31 - [TEST_STEP][PASSED] - verifyTextPresent(captureAmount, true): Text '6.50' is present on page  using regular expression

2022-04-01 00:35:31 - [MESSAGE][PASSED] - Text '6.50' is present on page  using regular expression

2022-04-01 00:35:31 - [TEST_STEP][PASSED] - verifyTextPresent("5.00", true): Text '5.00' is present on page  using regular expression

2022-04-01 00:35:32 - [MESSAGE][PASSED] - Text '5.00' is present on page  using regular expression

2022-04-01 00:35:32 - [TEST_STEP][PASSED] - verifyTextPresent("Single Transaction", true): Text 'Single Transaction' is present on page  using regular expression

2022-04-01 00:35:32 - [MESSAGE][PASSED] - Text 'Single Transaction' is present on page  using regular expression

2022-04-01 00:35:32 - [TEST_STEP][PASSED] - verifyTextPresent(amountWithCF, true): Text '11.50' is present on page  using regular expression

2022-04-01 00:35:32 - [MESSAGE][PASSED] - Text '11.50' is present on page  using regular expression

2022-04-01 00:35:32 - [TEST_STEP][PASSED] - closeBrowser(): Browser is closed

2022-04-01 00:35:33 - [MESSAGE][PASSED] - Browser is closed

2022-04-01 00:35:33 - [TEST_STEP][PASSED] - ExecuteTC = findTestData(dataFile).getValue("Execute", row): null

2022-04-01 00:35:33 - [TEST_STEP][PASSED] - out.println("Value of Execute is : " + ExecuteTC): null

2022-04-01 00:35:33 - [TEST_STEP][PASSED] - switch (executionProfile): null

2022-04-01 00:35:33 - [TEST_STEP][PASSED] - case "QAProfile":: null

2022-04-01 00:35:33 - [TEST_STEP][PASSED] - appName = findTestData(dataFile).getValue("AppNameQA", row): null

2022-04-01 00:35:33 - [TEST_STEP][PASSED] - appID = findTestData(dataFile).getValue("AppIDQA", row): null

2022-04-01 00:35:33 - [TEST_STEP][PASSED] - break: null

2022-04-01 00:35:33 - [TEST_STEP][PASSED] - hrefAppID = li_1 + appID + li_2: null

2022-04-01 00:35:33 - [TEST_STEP][PASSED] - hrefApp = li_1 + appID + "/": null

2022-04-01 00:35:33 - [TEST_STEP][PASSED] - println("hrefApp : " + hrefApp): null

2022-04-01 00:35:33 - [TEST_STEP][PASSED] - if (ExecuteTC.equalsIgnoreCase("Y")): null

2022-04-01 00:35:33 - [TEST_STEP][PASSED] - out.println("Begin Record Number: " + row): null

2022-04-01 00:35:33 - [TEST_STEP][PASSED] - today = new java.util.Date(): null

2022-04-01 00:35:33 - [TEST_STEP][PASSED] - println(today): null

2022-04-01 00:35:33 - [TEST_STEP][PASSED] - datText = today: null

2022-04-01 00:35:33 - [TEST_STEP][PASSED] - adminSuiteBootstrap.loginFunctionality.login_AdminSuite(): adminSuiteBootstrap.loginFunctionality.login_AdminSuite is PASSED

2022-04-01 00:35:33 - [MESSAGE][INFO] - Starting 'Chrome' driver

2022-04-01 00:35:33 - [MESSAGE][INFO] - User set preference: ['acceptInsecureCerts', 'true']

2022-04-01 00:35:33 - [MESSAGE][INFO] - Action delay is set to 0 milliseconds

2022-04-01 00:35:36 - [MESSAGE][PASSED] - Browser is opened with url: 'https://qa.velocitypayment.com/admin/imtiaz'

2022-04-01 00:35:37 - [MESSAGE][PASSED] - Current window maximized

2022-04-01 00:35:37 - [MESSAGE][PASSED] - Object 'Object Repository/Login_Page/Login_Username' is present

2022-04-01 00:35:38 - [MESSAGE][PASSED] - Text 'iahmed' is set on object 'Object Repository/Login_Page/Login_Username'

2022-04-01 00:35:38 - [MESSAGE][PASSED] - Text 'hello2222' is set on object 'Object Repository/Login_Page/Login_Password'

2022-04-01 00:35:41 - [MESSAGE][PASSED] - Object: 'Object Repository/Login_Page/Login_Submit' is clicked on

2022-04-01 00:35:41 - [MESSAGE][PASSED] - adminSuiteBootstrap.loginFunctionality.login_AdminSuite is PASSED

2022-04-01 00:35:41 - [TEST_STEP][PASSED] - click(findTestObject(path_Dashboard + appName)): Object: 'Object Repository/AdminSuiteBootstrap_Pages/Dashboard_Bootstrap/a_Access AutoSingleCFtpQA' is clicked on

2022-04-01 00:35:42 - [MESSAGE][PASSED] - Object: 'Object Repository/AdminSuiteBootstrap_Pages/Dashboard_Bootstrap/a_Access AutoSingleCFtpQA' is clicked on

2022-04-01 00:35:42 - [TEST_STEP][PASSED] - click(findTestObject(path_VT + "button_Authorization Only")): Object: 'Object Repository/AdminSuiteBootstrap_Pages/VT_Bootstrap/IssueTransactions/button_Authorization Only' is clicked on

2022-04-01 00:35:42 - [MESSAGE][PASSED] - Object: 'Object Repository/AdminSuiteBootstrap_Pages/VT_Bootstrap/IssueTransactions/button_Authorization Only' is clicked on

2022-04-01 00:35:42 - [TEST_STEP][PASSED] - authOnlyKeyboardEntryLink = modifyObjectProperty(findTestObject(path_VT + "a_KeyboardEntry_Sale"), "href", "equals", hrefAppID, true): Modify property of object successfully

2022-04-01 00:35:42 - [MESSAGE][PASSED] - Modify property of object successfully

2022-04-01 00:35:42 - [TEST_STEP][PASSED] - click(authOnlyKeyboardEntryLink): Object: 'Object Repository/AdminSuiteBootstrap_Pages/VT_Bootstrap/IssueTransactions/a_KeyboardEntry_Sale' is clicked on

2022-04-01 00:35:43 - [MESSAGE][PASSED] - Object: 'Object Repository/AdminSuiteBootstrap_Pages/VT_Bootstrap/IssueTransactions/a_KeyboardEntry_Sale' is clicked on

2022-04-01 00:35:43 - [TEST_STEP][PASSED] - adminSuiteBootstrap.virtualTerminalSetData.saleKeyboard_DataDriven(row, dataFile): adminSuiteBootstrap.virtualTerminalSetData.saleKeyboard_DataDriven is PASSED

2022-04-01 00:35:46 - [MESSAGE][PASSED] - Text 'Tulsi Raman' is set on object 'Object Repository/AdminSuiteBootstrap_Pages/VT_Bootstrap/SaleKeyboard/input_cardName'

2022-04-01 00:35:47 - [MESSAGE][PASSED] - All options with value 'RETL' are selected in object 'Object Repository/AdminSuiteBootstrap_Pages/VT_Bootstrap/SaleKeyboard/select_transactionCategory'  using regular expression

2022-04-01 00:35:48 - [MESSAGE][PASSED] - Execute JavaScript 'arguments[0].value ='6011000993026909' ' successfully

2022-04-01 00:35:48 - [MESSAGE][PASSED] - Execute JavaScript 'arguments[0].value ='123' ' successfully

2022-04-01 00:35:49 - [MESSAGE][PASSED] - All options with value '12' are selected in object 'Object Repository/AdminSuiteBootstrap_Pages/VT_Bootstrap/SaleKeyboard/select_MM'  using regular expression

2022-04-01 00:35:51 - [MESSAGE][PASSED] - All options with value '2025' are selected in object 'Object Repository/AdminSuiteBootstrap_Pages/VT_Bootstrap/SaleKeyboard/select_YYYY'  using regular expression

2022-04-01 00:35:51 - [MESSAGE][PASSED] - Text '25987 Hill Top' is set on object 'Object Repository/AdminSuiteBootstrap_Pages/VT_Bootstrap/SaleKeyboard/input__address'

2022-04-01 00:35:52 - [MESSAGE][PASSED] - Text 'Suite 500' is set on object 'Object Repository/AdminSuiteBootstrap_Pages/VT_Bootstrap/SaleKeyboard/input__address2'

2022-04-01 00:35:53 - [MESSAGE][PASSED] - Text '22201' is set on object 'Object Repository/AdminSuiteBootstrap_Pages/VT_Bootstrap/SaleKeyboard/input__zip'

2022-04-01 00:35:53 - [MESSAGE][PASSED] - Text '' is set on object 'Object Repository/AdminSuiteBootstrap_Pages/VT_Bootstrap/SaleKeyboard/input_emailAddress'

2022-04-01 00:35:55 - [MESSAGE][PASSED] - Text '' is set on object 'Object Repository/AdminSuiteBootstrap_Pages/VT_Bootstrap/SaleKeyboard/input_smsNumber'

2022-04-01 00:35:56 - [MESSAGE][PASSED] - Text '10.50' is set on object 'Object Repository/AdminSuiteBootstrap_Pages/VT_Bootstrap/SaleKeyboard/input_amount'

2022-04-01 00:35:57 - [MESSAGE][PASSED] - Text 'Australia' is set on object 'Object Repository/AdminSuiteBootstrap_Pages/VT_Bootstrap/SaleKeyboard/input_userDefined1'

2022-04-01 00:35:57 - [MESSAGE][PASSED] - Text 'Denmark' is set on object 'Object Repository/AdminSuiteBootstrap_Pages/VT_Bootstrap/SaleKeyboard/input_userDefined2'

2022-04-01 00:35:58 - [MESSAGE][PASSED] - Text 'Sweden' is set on object 'Object Repository/AdminSuiteBootstrap_Pages/VT_Bootstrap/SaleKeyboard/input_userDefined3'

2022-04-01 00:35:59 - [MESSAGE][PASSED] - Text 'Austria' is set on object 'Object Repository/AdminSuiteBootstrap_Pages/VT_Bootstrap/SaleKeyboard/input_userDefined4'

2022-04-01 00:36:00 - [MESSAGE][PASSED] - All options with label 'Orange' are selected in object 'Object Repository/AdminSuiteBootstrap_Pages/VT_Bootstrap/SaleKeyboard/select_UDF5_DropDown'  using regular expression

2022-04-01 00:36:01 - [MESSAGE][PASSED] - All options with label 'Yellow' are selected in object 'Object Repository/AdminSuiteBootstrap_Pages/VT_Bootstrap/SaleKeyboard/select_UDF6_DropDown'  using regular expression

2022-04-01 00:36:02 - [MESSAGE][PASSED] - Text 'Norway' is set on object 'Object Repository/AdminSuiteBootstrap_Pages/VT_Bootstrap/SaleKeyboard/input_userDefined7'

2022-04-01 00:36:02 - [MESSAGE][PASSED] - Text 'Netherlands' is set on object 'Object Repository/AdminSuiteBootstrap_Pages/VT_Bootstrap/SaleKeyboard/input_userDefined8'

2022-04-01 00:36:03 - [MESSAGE][PASSED] - Text 'Switzerland' is set on object 'Object Repository/AdminSuiteBootstrap_Pages/VT_Bootstrap/SaleKeyboard/input_userDefined9'

2022-04-01 00:36:04 - [MESSAGE][PASSED] - Text 'France' is set on object 'Object Repository/AdminSuiteBootstrap_Pages/VT_Bootstrap/SaleKeyboard/input_userDefined10'

2022-04-01 00:36:05 - [MESSAGE][PASSED] - Object: 'Object Repository/AdminSuiteBootstrap_Pages/VT_Bootstrap/SaleKeyboard/button_Submit' is clicked on

2022-04-01 00:36:05 - [MESSAGE][PASSED] - adminSuiteBootstrap.virtualTerminalSetData.saleKeyboard_DataDriven is PASSED

2022-04-01 00:36:05 - [TEST_STEP][PASSED] - if (verifyTextPresent("Transaction Successful", true)): null

2022-04-01 00:36:06 - [MESSAGE][PASSED] - Text 'Transaction Successful' is present on page  using regular expression

2022-04-01 00:36:06 - [TEST_STEP][PASSED] - sdf = getText(findTestObject(path_Receipt + "td_AutoNoC031622113752957Ahm")): Text of object 'Object Repository/AdminSuiteBootstrap_Pages/VT_Bootstrap/Receipt/td_AutoNoC031622113752957Ahm' is: 'AutoSin040122003356130Ahm'

2022-04-01 00:36:06 - [MESSAGE][PASSED] - Text of object 'Object Repository/AdminSuiteBootstrap_Pages/VT_Bootstrap/Receipt/td_AutoNoC031622113752957Ahm' is: 'AutoSin040122003356130Ahm'

2022-04-01 00:36:06 - [TEST_STEP][PASSED] - out.println("sdf: " + sdf): null

2022-04-01 00:36:06 - [TEST_STEP][PASSED] - remID = sdf: null

2022-04-01 00:36:06 - [TEST_STEP][PASSED] - out.println("remID: " + remID): null

2022-04-01 00:36:06 - [TEST_STEP][PASSED] - click(findTestObject(path_Receipt + "button_Continue")): Object: 'Object Repository/AdminSuiteBootstrap_Pages/VT_Bootstrap/Receipt/button_Continue' is clicked on

2022-04-01 00:36:07 - [MESSAGE][PASSED] - Object: 'Object Repository/AdminSuiteBootstrap_Pages/VT_Bootstrap/Receipt/button_Continue' is clicked on

2022-04-01 00:36:07 - [TEST_STEP][PASSED] - click(findTestObject(path_VT + "a_Search Transactions")): Object: 'Object Repository/AdminSuiteBootstrap_Pages/VT_Bootstrap/IssueTransactions/a_Search Transactions' is clicked on

2022-04-01 00:36:08 - [MESSAGE][PASSED] - Object: 'Object Repository/AdminSuiteBootstrap_Pages/VT_Bootstrap/IssueTransactions/a_Search Transactions' is clicked on

2022-04-01 00:36:08 - [TEST_STEP][PASSED] - setText(findTestObject(path_CCSearch + "input_Search By_searchValue"), remID): Text 'AutoSin040122003356130Ahm' is set on object 'Object Repository/AdminSuiteBootstrap_Pages/VT_Bootstrap/CCCreditOrVoidSearch/input_Search By_searchValue'

2022-04-01 00:36:09 - [MESSAGE][PASSED] - Text 'AutoSin040122003356130Ahm' is set on object 'Object Repository/AdminSuiteBootstrap_Pages/VT_Bootstrap/CCCreditOrVoidSearch/input_Search By_searchValue'

2022-04-01 00:36:09 - [TEST_STEP][PASSED] - click(findTestObject(path_CCSearch + "option_Authorization")): Object: 'Object Repository/AdminSuiteBootstrap_Pages/VT_Bootstrap/CCCreditOrVoidSearch/option_Authorization' is clicked on

2022-04-01 00:36:09 - [MESSAGE][PASSED] - Object: 'Object Repository/AdminSuiteBootstrap_Pages/VT_Bootstrap/CCCreditOrVoidSearch/option_Authorization' is clicked on

2022-04-01 00:36:09 - [TEST_STEP][PASSED] - click(findTestObject(path_CCSearch + "button_Submit")): Object: 'Object Repository/AdminSuiteBootstrap_Pages/VT_Bootstrap/CCCreditOrVoidSearch/button_Submit' is clicked on

2022-04-01 00:36:10 - [MESSAGE][PASSED] - Object: 'Object Repository/AdminSuiteBootstrap_Pages/VT_Bootstrap/CCCreditOrVoidSearch/button_Submit' is clicked on

2022-04-01 00:36:10 - [TEST_STEP][PASSED] - fgr = getText(findTestObject(path_SearchResults + "div_Payment ID")): Text of object 'Object Repository/AdminSuiteBootstrap_Pages/VT_Bootstrap/SearchResults/div_Payment ID' is: 'Payment ID
Payment Type
Transaction Type
Remittance ID
Name
Total Amount
End Date
Status
12114353 Credit Card Authorization AutoSin040122003356130Ahm Tulsi Raman $15.50 04/01/2022 Success'

2022-04-01 00:36:11 - [MESSAGE][PASSED] - Text of object 'Object Repository/AdminSuiteBootstrap_Pages/VT_Bootstrap/SearchResults/div_Payment ID' is: 'Payment ID
Payment Type
Transaction Type
Remittance ID
Name
Total Amount
End Date
Status
12114353 Credit Card Authorization AutoSin040122003356130Ahm Tulsi Raman $15.50 04/01/2022 Success'

2022-04-01 00:36:11 - [TEST_STEP][PASSED] - payID = substring(89, 98).trim(): null

2022-04-01 00:36:11 - [TEST_STEP][PASSED] - out.println("payID: " + payID): null

2022-04-01 00:36:11 - [TEST_STEP][PASSED] - click(findTestObject(path_SearchResults + "button_PaymentID")): Object: 'Object Repository/AdminSuiteBootstrap_Pages/VT_Bootstrap/SearchResults/button_PaymentID' is clicked on

2022-04-01 00:36:12 - [MESSAGE][PASSED] - Object: 'Object Repository/AdminSuiteBootstrap_Pages/VT_Bootstrap/SearchResults/button_PaymentID' is clicked on

2022-04-01 00:36:12 - [TEST_STEP][PASSED] - verifyTextPresent("Tender Type", true): Text 'Tender Type' is present on page  using regular expression

2022-04-01 00:36:12 - [MESSAGE][PASSED] - Text 'Tender Type' is present on page  using regular expression

2022-04-01 00:36:12 - [TEST_STEP][PASSED] - verifyTextPresent("Credit Card", true): Text 'Credit Card' is present on page  using regular expression

2022-04-01 00:36:13 - [MESSAGE][PASSED] - Text 'Credit Card' is present on page  using regular expression

2022-04-01 00:36:13 - [TEST_STEP][PASSED] - verifyTextPresent("Transaction Type", true): Text 'Transaction Type' is present on page  using regular expression

2022-04-01 00:36:13 - [MESSAGE][PASSED] - Text 'Transaction Type' is present on page  using regular expression

2022-04-01 00:36:13 - [TEST_STEP][PASSED] - verifyTextPresent("Authorization", true): Text 'Authorization' is present on page  using regular expression

2022-04-01 00:36:13 - [MESSAGE][PASSED] - Text 'Authorization' is present on page  using regular expression

2022-04-01 00:36:13 - [TEST_STEP][PASSED] - verifyTextPresent("Transaction Posted by", true): Text 'Transaction Posted by' is present on page  using regular expression

2022-04-01 00:36:14 - [MESSAGE][PASSED] - Text 'Transaction Posted by' is present on page  using regular expression

2022-04-01 00:36:14 - [TEST_STEP][PASSED] - verifyTextPresent("iahmed", true): Text 'iahmed' is present on page  using regular expression

2022-04-01 00:36:14 - [MESSAGE][PASSED] - Text 'iahmed' is present on page  using regular expression

2022-04-01 00:36:14 - [TEST_STEP][PASSED] - click(findTestObject(path_TranxDetails + "a_Capture this transaction")): Object: 'Object Repository/AdminSuiteBootstrap_Pages/VT_Bootstrap/TransactionDetails/a_Capture this transaction' is clicked on

2022-04-01 00:36:15 - [MESSAGE][PASSED] - Object: 'Object Repository/AdminSuiteBootstrap_Pages/VT_Bootstrap/TransactionDetails/a_Capture this transaction' is clicked on

2022-04-01 00:36:15 - [TEST_STEP][PASSED] - verifyTextPresent("Credit Card Capture", true): Text 'Credit Card Capture' is present on page  using regular expression

2022-04-01 00:36:16 - [MESSAGE][PASSED] - Text 'Credit Card Capture' is present on page  using regular expression

2022-04-01 00:36:16 - [TEST_STEP][PASSED] - captureAmount = findTestData(dataFile).getValue("CaptureAmount", row): null

2022-04-01 00:36:16 - [TEST_STEP][PASSED] - setText(findTestObject(path_SaleKB + "input_amountCapture"), captureAmount): Text '10.00' is set on object 'Object Repository/AdminSuiteBootstrap_Pages/VT_Bootstrap/SaleKeyboard/input_amountCapture'

2022-04-01 00:36:17 - [MESSAGE][PASSED] - Text '10.00' is set on object 'Object Repository/AdminSuiteBootstrap_Pages/VT_Bootstrap/SaleKeyboard/input_amountCapture'

2022-04-01 00:36:17 - [TEST_STEP][PASSED] - amountWithCF = findTestData(dataFile).getValue("AmountwithCF", row): null

2022-04-01 00:36:17 - [TEST_STEP][PASSED] - click(findTestObject(path_TranxDetails + "button_Submit")): Object: 'Object Repository/AdminSuiteBootstrap_Pages/VT_Bootstrap/TransactionDetails/button_Submit' is clicked on

2022-04-01 00:36:19 - [MESSAGE][PASSED] - Object: 'Object Repository/AdminSuiteBootstrap_Pages/VT_Bootstrap/TransactionDetails/button_Submit' is clicked on

2022-04-01 00:36:19 - [TEST_STEP][PASSED] - verifyTextPresent("Transaction Successful", true): Text 'Transaction Successful' is present on page  using regular expression

2022-04-01 00:36:20 - [MESSAGE][PASSED] - Text 'Transaction Successful' is present on page  using regular expression

2022-04-01 00:36:20 - [TEST_STEP][PASSED] - verifyTextPresent("Transaction Type", true): Text 'Transaction Type' is present on page  using regular expression

2022-04-01 00:36:20 - [MESSAGE][PASSED] - Text 'Transaction Type' is present on page  using regular expression

2022-04-01 00:36:20 - [TEST_STEP][PASSED] - verifyTextPresent("Capture", true): Text 'Capture' is present on page  using regular expression

2022-04-01 00:36:21 - [MESSAGE][PASSED] - Text 'Capture' is present on page  using regular expression

2022-04-01 00:36:21 - [TEST_STEP][PASSED] - verifyTextPresent("Amount", true): Text 'Amount' is present on page  using regular expression

2022-04-01 00:36:21 - [MESSAGE][PASSED] - Text 'Amount' is present on page  using regular expression

2022-04-01 00:36:21 - [TEST_STEP][PASSED] - verifyTextPresent("Service Fee", true): Text 'Service Fee' is present on page  using regular expression

2022-04-01 00:36:21 - [MESSAGE][PASSED] - Text 'Service Fee' is present on page  using regular expression

2022-04-01 00:36:21 - [TEST_STEP][PASSED] - verifyTextPresent("Service Fee Type", true): Text 'Service Fee Type' is present on page  using regular expression

2022-04-01 00:36:22 - [MESSAGE][PASSED] - Text 'Service Fee Type' is present on page  using regular expression

2022-04-01 00:36:22 - [TEST_STEP][PASSED] - verifyTextPresent("Total Amount", true): Text 'Total Amount' is present on page  using regular expression

2022-04-01 00:36:22 - [MESSAGE][PASSED] - Text 'Total Amount' is present on page  using regular expression

2022-04-01 00:36:22 - [TEST_STEP][PASSED] - verifyTextPresent(captureAmount, true): Text '10.00' is present on page  using regular expression

2022-04-01 00:36:22 - [MESSAGE][PASSED] - Text '10.00' is present on page  using regular expression

2022-04-01 00:36:22 - [TEST_STEP][PASSED] - verifyTextPresent("5.00", true): Text '5.00' is present on page  using regular expression

2022-04-01 00:36:23 - [MESSAGE][PASSED] - Text '5.00' is present on page  using regular expression

2022-04-01 00:36:23 - [TEST_STEP][PASSED] - verifyTextPresent("Single Transaction", true): Text 'Single Transaction' is present on page  using regular expression

2022-04-01 00:36:23 - [MESSAGE][PASSED] - Text 'Single Transaction' is present on page  using regular expression

2022-04-01 00:36:23 - [TEST_STEP][PASSED] - verifyTextPresent(amountWithCF, true): Text '15.00' is present on page  using regular expression

2022-04-01 00:36:23 - [MESSAGE][PASSED] - Text '15.00' is present on page  using regular expression

2022-04-01 00:36:23 - [TEST_STEP][PASSED] - closeBrowser(): Browser is closed

2022-04-01 00:36:24 - [MESSAGE][PASSED] - Browser is closed

2022-04-01 00:36:24 - [TEST_STEP][PASSED] - ExecuteTC = findTestData(dataFile).getValue("Execute", row): null

2022-04-01 00:36:24 - [TEST_STEP][PASSED] - out.println("Value of Execute is : " + ExecuteTC): null

2022-04-01 00:36:24 - [TEST_STEP][PASSED] - switch (executionProfile): null

2022-04-01 00:36:24 - [TEST_STEP][PASSED] - case "QAProfile":: null

2022-04-01 00:36:24 - [TEST_STEP][PASSED] - appName = findTestData(dataFile).getValue("AppNameQA", row): null

2022-04-01 00:36:24 - [TEST_STEP][PASSED] - appID = findTestData(dataFile).getValue("AppIDQA", row): null

2022-04-01 00:36:24 - [TEST_STEP][PASSED] - break: null

2022-04-01 00:36:24 - [TEST_STEP][PASSED] - hrefAppID = li_1 + appID + li_2: null

2022-04-01 00:36:24 - [TEST_STEP][PASSED] - hrefApp = li_1 + appID + "/": null

2022-04-01 00:36:24 - [TEST_STEP][PASSED] - println("hrefApp : " + hrefApp): null

2022-04-01 00:36:24 - [TEST_STEP][PASSED] - if (ExecuteTC.equalsIgnoreCase("Y")): null

2022-04-01 00:36:24 - [TEST_STEP][PASSED] - out.println("Begin Record Number: " + row): null

2022-04-01 00:36:24 - [TEST_STEP][PASSED] - today = new java.util.Date(): null

2022-04-01 00:36:24 - [TEST_STEP][PASSED] - println(today): null

2022-04-01 00:36:24 - [TEST_STEP][PASSED] - datText = today: null

2022-04-01 00:36:24 - [TEST_STEP][PASSED] - adminSuiteBootstrap.loginFunctionality.login_AdminSuite(): adminSuiteBootstrap.loginFunctionality.login_AdminSuite is PASSED

2022-04-01 00:36:24 - [MESSAGE][INFO] - Starting 'Chrome' driver

2022-04-01 00:36:24 - [MESSAGE][INFO] - User set preference: ['acceptInsecureCerts', 'true']

2022-04-01 00:36:24 - [MESSAGE][INFO] - Action delay is set to 0 milliseconds

2022-04-01 00:36:27 - [MESSAGE][PASSED] - Browser is opened with url: 'https://qa.velocitypayment.com/admin/imtiaz'

2022-04-01 00:36:28 - [MESSAGE][PASSED] - Current window maximized

2022-04-01 00:36:28 - [MESSAGE][PASSED] - Object 'Object Repository/Login_Page/Login_Username' is present

2022-04-01 00:36:29 - [MESSAGE][PASSED] - Text 'iahmed' is set on object 'Object Repository/Login_Page/Login_Username'

2022-04-01 00:36:29 - [MESSAGE][PASSED] - Text 'hello2222' is set on object 'Object Repository/Login_Page/Login_Password'

2022-04-01 00:36:32 - [MESSAGE][PASSED] - Object: 'Object Repository/Login_Page/Login_Submit' is clicked on

2022-04-01 00:36:32 - [MESSAGE][PASSED] - adminSuiteBootstrap.loginFunctionality.login_AdminSuite is PASSED

2022-04-01 00:36:32 - [TEST_STEP][PASSED] - click(findTestObject(path_Dashboard + appName)): Object: 'Object Repository/AdminSuiteBootstrap_Pages/Dashboard_Bootstrap/a_Access AutoSingleCFtpQA' is clicked on

2022-04-01 00:36:33 - [MESSAGE][PASSED] - Object: 'Object Repository/AdminSuiteBootstrap_Pages/Dashboard_Bootstrap/a_Access AutoSingleCFtpQA' is clicked on

2022-04-01 00:36:33 - [TEST_STEP][PASSED] - click(findTestObject(path_VT + "button_Authorization Only")): Object: 'Object Repository/AdminSuiteBootstrap_Pages/VT_Bootstrap/IssueTransactions/button_Authorization Only' is clicked on

2022-04-01 00:36:33 - [MESSAGE][PASSED] - Object: 'Object Repository/AdminSuiteBootstrap_Pages/VT_Bootstrap/IssueTransactions/button_Authorization Only' is clicked on

2022-04-01 00:36:33 - [TEST_STEP][PASSED] - authOnlyKeyboardEntryLink = modifyObjectProperty(findTestObject(path_VT + "a_KeyboardEntry_Sale"), "href", "equals", hrefAppID, true): Modify property of object successfully

2022-04-01 00:36:33 - [MESSAGE][PASSED] - Modify property of object successfully

2022-04-01 00:36:33 - [TEST_STEP][PASSED] - click(authOnlyKeyboardEntryLink): Object: 'Object Repository/AdminSuiteBootstrap_Pages/VT_Bootstrap/IssueTransactions/a_KeyboardEntry_Sale' is clicked on

2022-04-01 00:36:34 - [MESSAGE][PASSED] - Object: 'Object Repository/AdminSuiteBootstrap_Pages/VT_Bootstrap/IssueTransactions/a_KeyboardEntry_Sale' is clicked on

2022-04-01 00:36:34 - [TEST_STEP][PASSED] - adminSuiteBootstrap.virtualTerminalSetData.saleKeyboard_DataDriven(row, dataFile): adminSuiteBootstrap.virtualTerminalSetData.saleKeyboard_DataDriven is PASSED

2022-04-01 00:36:37 - [MESSAGE][PASSED] - Text 'Janaki James' is set on object 'Object Repository/AdminSuiteBootstrap_Pages/VT_Bootstrap/SaleKeyboard/input_cardName'

2022-04-01 00:36:38 - [MESSAGE][PASSED] - All options with value 'MOTO' are selected in object 'Object Repository/AdminSuiteBootstrap_Pages/VT_Bootstrap/SaleKeyboard/select_transactionCategory'  using regular expression

2022-04-01 00:36:39 - [MESSAGE][PASSED] - Execute JavaScript 'arguments[0].value ='4012000098765439' ' successfully

2022-04-01 00:36:39 - [MESSAGE][PASSED] - Execute JavaScript 'arguments[0].value ='123' ' successfully

2022-04-01 00:36:40 - [MESSAGE][PASSED] - All options with value '12' are selected in object 'Object Repository/AdminSuiteBootstrap_Pages/VT_Bootstrap/SaleKeyboard/select_MM'  using regular expression

2022-04-01 00:36:41 - [MESSAGE][PASSED] - All options with value '2025' are selected in object 'Object Repository/AdminSuiteBootstrap_Pages/VT_Bootstrap/SaleKeyboard/select_YYYY'  using regular expression

2022-04-01 00:36:42 - [MESSAGE][PASSED] - Text '36 Cornor Road' is set on object 'Object Repository/AdminSuiteBootstrap_Pages/VT_Bootstrap/SaleKeyboard/input__address'

2022-04-01 00:36:43 - [MESSAGE][PASSED] - Text 'Suite 500' is set on object 'Object Repository/AdminSuiteBootstrap_Pages/VT_Bootstrap/SaleKeyboard/input__address2'

2022-04-01 00:36:44 - [MESSAGE][PASSED] - Text '22201' is set on object 'Object Repository/AdminSuiteBootstrap_Pages/VT_Bootstrap/SaleKeyboard/input__zip'

2022-04-01 00:36:44 - [MESSAGE][PASSED] - Text '' is set on object 'Object Repository/AdminSuiteBootstrap_Pages/VT_Bootstrap/SaleKeyboard/input_emailAddress'

2022-04-01 00:36:46 - [MESSAGE][PASSED] - Text '' is set on object 'Object Repository/AdminSuiteBootstrap_Pages/VT_Bootstrap/SaleKeyboard/input_smsNumber'

2022-04-01 00:36:46 - [MESSAGE][PASSED] - Text '10.50' is set on object 'Object Repository/AdminSuiteBootstrap_Pages/VT_Bootstrap/SaleKeyboard/input_amount'

2022-04-01 00:36:47 - [MESSAGE][PASSED] - Text 'Australia' is set on object 'Object Repository/AdminSuiteBootstrap_Pages/VT_Bootstrap/SaleKeyboard/input_userDefined1'

2022-04-01 00:36:48 - [MESSAGE][PASSED] - Text 'Denmark' is set on object 'Object Repository/AdminSuiteBootstrap_Pages/VT_Bootstrap/SaleKeyboard/input_userDefined2'

2022-04-01 00:36:49 - [MESSAGE][PASSED] - Text 'Sweden' is set on object 'Object Repository/AdminSuiteBootstrap_Pages/VT_Bootstrap/SaleKeyboard/input_userDefined3'

2022-04-01 00:36:50 - [MESSAGE][PASSED] - Text 'Austria' is set on object 'Object Repository/AdminSuiteBootstrap_Pages/VT_Bootstrap/SaleKeyboard/input_userDefined4'

2022-04-01 00:36:51 - [MESSAGE][PASSED] - All options with label 'Orange' are selected in object 'Object Repository/AdminSuiteBootstrap_Pages/VT_Bootstrap/SaleKeyboard/select_UDF5_DropDown'  using regular expression

2022-04-01 00:36:52 - [MESSAGE][PASSED] - All options with label 'Yellow' are selected in object 'Object Repository/AdminSuiteBootstrap_Pages/VT_Bootstrap/SaleKeyboard/select_UDF6_DropDown'  using regular expression

2022-04-01 00:36:52 - [MESSAGE][PASSED] - Text 'Norway' is set on object 'Object Repository/AdminSuiteBootstrap_Pages/VT_Bootstrap/SaleKeyboard/input_userDefined7'

2022-04-01 00:36:53 - [MESSAGE][PASSED] - Text 'Netherlands' is set on object 'Object Repository/AdminSuiteBootstrap_Pages/VT_Bootstrap/SaleKeyboard/input_userDefined8'

2022-04-01 00:36:54 - [MESSAGE][PASSED] - Text 'Switzerland' is set on object 'Object Repository/AdminSuiteBootstrap_Pages/VT_Bootstrap/SaleKeyboard/input_userDefined9'

2022-04-01 00:36:54 - [MESSAGE][PASSED] - Text 'France' is set on object 'Object Repository/AdminSuiteBootstrap_Pages/VT_Bootstrap/SaleKeyboard/input_userDefined10'

2022-04-01 00:36:56 - [MESSAGE][PASSED] - Object: 'Object Repository/AdminSuiteBootstrap_Pages/VT_Bootstrap/SaleKeyboard/button_Submit' is clicked on

2022-04-01 00:36:56 - [MESSAGE][PASSED] - adminSuiteBootstrap.virtualTerminalSetData.saleKeyboard_DataDriven is PASSED

2022-04-01 00:36:56 - [TEST_STEP][PASSED] - if (verifyTextPresent("Transaction Successful", true)): null

2022-04-01 00:36:57 - [MESSAGE][PASSED] - Text 'Transaction Successful' is present on page  using regular expression

2022-04-01 00:36:57 - [TEST_STEP][PASSED] - sdf = getText(findTestObject(path_Receipt + "td_AutoNoC031622113752957Ahm")): Text of object 'Object Repository/AdminSuiteBootstrap_Pages/VT_Bootstrap/Receipt/td_AutoNoC031622113752957Ahm' is: 'AutoSin040122003447018Ahm'

2022-04-01 00:36:57 - [MESSAGE][PASSED] - Text of object 'Object Repository/AdminSuiteBootstrap_Pages/VT_Bootstrap/Receipt/td_AutoNoC031622113752957Ahm' is: 'AutoSin040122003447018Ahm'

2022-04-01 00:36:57 - [TEST_STEP][PASSED] - out.println("sdf: " + sdf): null

2022-04-01 00:36:57 - [TEST_STEP][PASSED] - remID = sdf: null

2022-04-01 00:36:57 - [TEST_STEP][PASSED] - out.println("remID: " + remID): null

2022-04-01 00:36:57 - [TEST_STEP][PASSED] - click(findTestObject(path_Receipt + "button_Continue")): Object: 'Object Repository/AdminSuiteBootstrap_Pages/VT_Bootstrap/Receipt/button_Continue' is clicked on

2022-04-01 00:36:58 - [MESSAGE][PASSED] - Object: 'Object Repository/AdminSuiteBootstrap_Pages/VT_Bootstrap/Receipt/button_Continue' is clicked on

2022-04-01 00:36:58 - [TEST_STEP][PASSED] - click(findTestObject(path_VT + "a_Search Transactions")): Object: 'Object Repository/AdminSuiteBootstrap_Pages/VT_Bootstrap/IssueTransactions/a_Search Transactions' is clicked on

2022-04-01 00:36:59 - [MESSAGE][PASSED] - Object: 'Object Repository/AdminSuiteBootstrap_Pages/VT_Bootstrap/IssueTransactions/a_Search Transactions' is clicked on

2022-04-01 00:36:59 - [TEST_STEP][PASSED] - setText(findTestObject(path_CCSearch + "input_Search By_searchValue"), remID): Text 'AutoSin040122003447018Ahm' is set on object 'Object Repository/AdminSuiteBootstrap_Pages/VT_Bootstrap/CCCreditOrVoidSearch/input_Search By_searchValue'

2022-04-01 00:37:00 - [MESSAGE][PASSED] - Text 'AutoSin040122003447018Ahm' is set on object 'Object Repository/AdminSuiteBootstrap_Pages/VT_Bootstrap/CCCreditOrVoidSearch/input_Search By_searchValue'

2022-04-01 00:37:00 - [TEST_STEP][PASSED] - click(findTestObject(path_CCSearch + "option_Authorization")): Object: 'Object Repository/AdminSuiteBootstrap_Pages/VT_Bootstrap/CCCreditOrVoidSearch/option_Authorization' is clicked on

2022-04-01 00:37:00 - [MESSAGE][PASSED] - Object: 'Object Repository/AdminSuiteBootstrap_Pages/VT_Bootstrap/CCCreditOrVoidSearch/option_Authorization' is clicked on

2022-04-01 00:37:00 - [TEST_STEP][PASSED] - click(findTestObject(path_CCSearch + "button_Submit")): Object: 'Object Repository/AdminSuiteBootstrap_Pages/VT_Bootstrap/CCCreditOrVoidSearch/button_Submit' is clicked on

2022-04-01 00:37:01 - [MESSAGE][PASSED] - Object: 'Object Repository/AdminSuiteBootstrap_Pages/VT_Bootstrap/CCCreditOrVoidSearch/button_Submit' is clicked on

2022-04-01 00:37:01 - [TEST_STEP][PASSED] - fgr = getText(findTestObject(path_SearchResults + "div_Payment ID")): Text of object 'Object Repository/AdminSuiteBootstrap_Pages/VT_Bootstrap/SearchResults/div_Payment ID' is: 'Payment ID
Payment Type
Transaction Type
Remittance ID
Name
Total Amount
End Date
Status
12114355 Credit Card Authorization AutoSin040122003447018Ahm Janaki James $15.50 04/01/2022 Success'

2022-04-01 00:37:01 - [MESSAGE][PASSED] - Text of object 'Object Repository/AdminSuiteBootstrap_Pages/VT_Bootstrap/SearchResults/div_Payment ID' is: 'Payment ID
Payment Type
Transaction Type
Remittance ID
Name
Total Amount
End Date
Status
12114355 Credit Card Authorization AutoSin040122003447018Ahm Janaki James $15.50 04/01/2022 Success'

2022-04-01 00:37:01 - [TEST_STEP][PASSED] - payID = substring(89, 98).trim(): null

2022-04-01 00:37:01 - [TEST_STEP][PASSED] - out.println("payID: " + payID): null

2022-04-01 00:37:01 - [TEST_STEP][PASSED] - click(findTestObject(path_SearchResults + "button_PaymentID")): Object: 'Object Repository/AdminSuiteBootstrap_Pages/VT_Bootstrap/SearchResults/button_PaymentID' is clicked on

2022-04-01 00:37:02 - [MESSAGE][PASSED] - Object: 'Object Repository/AdminSuiteBootstrap_Pages/VT_Bootstrap/SearchResults/button_PaymentID' is clicked on

2022-04-01 00:37:02 - [TEST_STEP][PASSED] - verifyTextPresent("Tender Type", true): Text 'Tender Type' is present on page  using regular expression

2022-04-01 00:37:03 - [MESSAGE][PASSED] - Text 'Tender Type' is present on page  using regular expression

2022-04-01 00:37:03 - [TEST_STEP][PASSED] - verifyTextPresent("Credit Card", true): Text 'Credit Card' is present on page  using regular expression

2022-04-01 00:37:03 - [MESSAGE][PASSED] - Text 'Credit Card' is present on page  using regular expression

2022-04-01 00:37:03 - [TEST_STEP][PASSED] - verifyTextPresent("Transaction Type", true): Text 'Transaction Type' is present on page  using regular expression

2022-04-01 00:37:03 - [MESSAGE][PASSED] - Text 'Transaction Type' is present on page  using regular expression

2022-04-01 00:37:03 - [TEST_STEP][PASSED] - verifyTextPresent("Authorization", true): Text 'Authorization' is present on page  using regular expression

2022-04-01 00:37:04 - [MESSAGE][PASSED] - Text 'Authorization' is present on page  using regular expression

2022-04-01 00:37:04 - [TEST_STEP][PASSED] - verifyTextPresent("Transaction Posted by", true): Text 'Transaction Posted by' is present on page  using regular expression

2022-04-01 00:37:04 - [MESSAGE][PASSED] - Text 'Transaction Posted by' is present on page  using regular expression

2022-04-01 00:37:04 - [TEST_STEP][PASSED] - verifyTextPresent("iahmed", true): Text 'iahmed' is present on page  using regular expression

2022-04-01 00:37:04 - [MESSAGE][PASSED] - Text 'iahmed' is present on page  using regular expression

2022-04-01 00:37:04 - [TEST_STEP][PASSED] - click(findTestObject(path_TranxDetails + "a_Capture this transaction")): Object: 'Object Repository/AdminSuiteBootstrap_Pages/VT_Bootstrap/TransactionDetails/a_Capture this transaction' is clicked on

2022-04-01 00:37:06 - [MESSAGE][PASSED] - Object: 'Object Repository/AdminSuiteBootstrap_Pages/VT_Bootstrap/TransactionDetails/a_Capture this transaction' is clicked on

2022-04-01 00:37:06 - [TEST_STEP][PASSED] - verifyTextPresent("Credit Card Capture", true): Text 'Credit Card Capture' is present on page  using regular expression

2022-04-01 00:37:06 - [MESSAGE][PASSED] - Text 'Credit Card Capture' is present on page  using regular expression

2022-04-01 00:37:06 - [TEST_STEP][PASSED] - captureAmount = findTestData(dataFile).getValue("CaptureAmount", row): null

2022-04-01 00:37:06 - [TEST_STEP][PASSED] - setText(findTestObject(path_SaleKB + "input_amountCapture"), captureAmount): Text '10.50' is set on object 'Object Repository/AdminSuiteBootstrap_Pages/VT_Bootstrap/SaleKeyboard/input_amountCapture'

2022-04-01 00:37:07 - [MESSAGE][PASSED] - Text '10.50' is set on object 'Object Repository/AdminSuiteBootstrap_Pages/VT_Bootstrap/SaleKeyboard/input_amountCapture'

2022-04-01 00:37:07 - [TEST_STEP][PASSED] - amountWithCF = findTestData(dataFile).getValue("AmountwithCF", row): null

2022-04-01 00:37:07 - [TEST_STEP][PASSED] - click(findTestObject(path_TranxDetails + "button_Submit")): Object: 'Object Repository/AdminSuiteBootstrap_Pages/VT_Bootstrap/TransactionDetails/button_Submit' is clicked on

2022-04-01 00:37:09 - [MESSAGE][PASSED] - Object: 'Object Repository/AdminSuiteBootstrap_Pages/VT_Bootstrap/TransactionDetails/button_Submit' is clicked on

2022-04-01 00:37:09 - [TEST_STEP][PASSED] - verifyTextPresent("Transaction Successful", true): Text 'Transaction Successful' is present on page  using regular expression

2022-04-01 00:37:10 - [MESSAGE][PASSED] - Text 'Transaction Successful' is present on page  using regular expression

2022-04-01 00:37:10 - [TEST_STEP][PASSED] - verifyTextPresent("Transaction Type", true): Text 'Transaction Type' is present on page  using regular expression

2022-04-01 00:37:10 - [MESSAGE][PASSED] - Text 'Transaction Type' is present on page  using regular expression

2022-04-01 00:37:10 - [TEST_STEP][PASSED] - verifyTextPresent("Capture", true): Text 'Capture' is present on page  using regular expression

2022-04-01 00:37:10 - [MESSAGE][PASSED] - Text 'Capture' is present on page  using regular expression

2022-04-01 00:37:10 - [TEST_STEP][PASSED] - verifyTextPresent("Amount", true): Text 'Amount' is present on page  using regular expression

2022-04-01 00:37:11 - [MESSAGE][PASSED] - Text 'Amount' is present on page  using regular expression

2022-04-01 00:37:11 - [TEST_STEP][PASSED] - verifyTextPresent("Service Fee", true): Text 'Service Fee' is present on page  using regular expression

2022-04-01 00:37:11 - [MESSAGE][PASSED] - Text 'Service Fee' is present on page  using regular expression

2022-04-01 00:37:11 - [TEST_STEP][PASSED] - verifyTextPresent("Service Fee Type", true): Text 'Service Fee Type' is present on page  using regular expression

2022-04-01 00:37:11 - [MESSAGE][PASSED] - Text 'Service Fee Type' is present on page  using regular expression

2022-04-01 00:37:11 - [TEST_STEP][PASSED] - verifyTextPresent("Total Amount", true): Text 'Total Amount' is present on page  using regular expression

2022-04-01 00:37:12 - [MESSAGE][PASSED] - Text 'Total Amount' is present on page  using regular expression

2022-04-01 00:37:12 - [TEST_STEP][PASSED] - verifyTextPresent(captureAmount, true): Text '10.50' is present on page  using regular expression

2022-04-01 00:37:12 - [MESSAGE][PASSED] - Text '10.50' is present on page  using regular expression

2022-04-01 00:37:12 - [TEST_STEP][PASSED] - verifyTextPresent("5.00", true): Text '5.00' is present on page  using regular expression

2022-04-01 00:37:12 - [MESSAGE][PASSED] - Text '5.00' is present on page  using regular expression

2022-04-01 00:37:12 - [TEST_STEP][PASSED] - verifyTextPresent("Single Transaction", true): Text 'Single Transaction' is present on page  using regular expression

2022-04-01 00:37:13 - [MESSAGE][PASSED] - Text 'Single Transaction' is present on page  using regular expression

2022-04-01 00:37:13 - [TEST_STEP][PASSED] - verifyTextPresent(amountWithCF, true): Text '15.50' is present on page  using regular expression

2022-04-01 00:37:13 - [MESSAGE][PASSED] - Text '15.50' is present on page  using regular expression

2022-04-01 00:37:13 - [TEST_STEP][PASSED] - closeBrowser(): Browser is closed

2022-04-01 00:37:14 - [MESSAGE][PASSED] - Browser is closed

2022-04-01 00:37:14 - [TEST_STEP][PASSED] - ExecuteTC = findTestData(dataFile).getValue("Execute", row): null

2022-04-01 00:37:14 - [TEST_STEP][PASSED] - out.println("Value of Execute is : " + ExecuteTC): null

2022-04-01 00:37:14 - [TEST_STEP][PASSED] - switch (executionProfile): null

2022-04-01 00:37:14 - [TEST_STEP][PASSED] - case "QAProfile":: null

2022-04-01 00:37:14 - [TEST_STEP][PASSED] - appName = findTestData(dataFile).getValue("AppNameQA", row): null

2022-04-01 00:37:14 - [TEST_STEP][PASSED] - appID = findTestData(dataFile).getValue("AppIDQA", row): null

2022-04-01 00:37:14 - [TEST_STEP][PASSED] - break: null

2022-04-01 00:37:14 - [TEST_STEP][PASSED] - hrefAppID = li_1 + appID + li_2: null

2022-04-01 00:37:14 - [TEST_STEP][PASSED] - hrefApp = li_1 + appID + "/": null

2022-04-01 00:37:14 - [TEST_STEP][PASSED] - println("hrefApp : " + hrefApp): null

2022-04-01 00:37:14 - [TEST_STEP][PASSED] - if (ExecuteTC.equalsIgnoreCase("Y")): null

2022-04-01 00:37:14 - [TEST_STEP][PASSED] - out.println("Begin Record Number: " + row): null

2022-04-01 00:37:14 - [TEST_STEP][PASSED] - today = new java.util.Date(): null

2022-04-01 00:37:14 - [TEST_STEP][PASSED] - println(today): null

2022-04-01 00:37:14 - [TEST_STEP][PASSED] - datText = today: null

2022-04-01 00:37:14 - [TEST_STEP][PASSED] - adminSuiteBootstrap.loginFunctionality.login_AdminSuite(): adminSuiteBootstrap.loginFunctionality.login_AdminSuite is PASSED

2022-04-01 00:37:14 - [MESSAGE][INFO] - Starting 'Chrome' driver

2022-04-01 00:37:14 - [MESSAGE][INFO] - User set preference: ['acceptInsecureCerts', 'true']

2022-04-01 00:37:14 - [MESSAGE][INFO] - Action delay is set to 0 milliseconds

2022-04-01 00:37:17 - [MESSAGE][PASSED] - Browser is opened with url: 'https://qa.velocitypayment.com/admin/imtiaz'

2022-04-01 00:37:18 - [MESSAGE][PASSED] - Current window maximized

2022-04-01 00:37:18 - [MESSAGE][PASSED] - Object 'Object Repository/Login_Page/Login_Username' is present

2022-04-01 00:37:19 - [MESSAGE][PASSED] - Text 'iahmed' is set on object 'Object Repository/Login_Page/Login_Username'

2022-04-01 00:37:19 - [MESSAGE][PASSED] - Text 'hello2222' is set on object 'Object Repository/Login_Page/Login_Password'

2022-04-01 00:37:22 - [MESSAGE][PASSED] - Object: 'Object Repository/Login_Page/Login_Submit' is clicked on

2022-04-01 00:37:22 - [MESSAGE][PASSED] - adminSuiteBootstrap.loginFunctionality.login_AdminSuite is PASSED

2022-04-01 00:37:22 - [TEST_STEP][PASSED] - click(findTestObject(path_Dashboard + appName)): Object: 'Object Repository/AdminSuiteBootstrap_Pages/Dashboard_Bootstrap/a_Access AutoSingleCFtpQA' is clicked on

2022-04-01 00:37:23 - [MESSAGE][PASSED] - Object: 'Object Repository/AdminSuiteBootstrap_Pages/Dashboard_Bootstrap/a_Access AutoSingleCFtpQA' is clicked on

2022-04-01 00:37:23 - [TEST_STEP][PASSED] - click(findTestObject(path_VT + "button_Authorization Only")): Object: 'Object Repository/AdminSuiteBootstrap_Pages/VT_Bootstrap/IssueTransactions/button_Authorization Only' is clicked on

2022-04-01 00:37:23 - [MESSAGE][PASSED] - Object: 'Object Repository/AdminSuiteBootstrap_Pages/VT_Bootstrap/IssueTransactions/button_Authorization Only' is clicked on

2022-04-01 00:37:23 - [TEST_STEP][PASSED] - authOnlyKeyboardEntryLink = modifyObjectProperty(findTestObject(path_VT + "a_KeyboardEntry_Sale"), "href", "equals", hrefAppID, true): Modify property of object successfully

2022-04-01 00:37:23 - [MESSAGE][PASSED] - Modify property of object successfully

2022-04-01 00:37:23 - [TEST_STEP][PASSED] - click(authOnlyKeyboardEntryLink): Object: 'Object Repository/AdminSuiteBootstrap_Pages/VT_Bootstrap/IssueTransactions/a_KeyboardEntry_Sale' is clicked on

2022-04-01 00:37:24 - [MESSAGE][PASSED] - Object: 'Object Repository/AdminSuiteBootstrap_Pages/VT_Bootstrap/IssueTransactions/a_KeyboardEntry_Sale' is clicked on

2022-04-01 00:37:24 - [TEST_STEP][PASSED] - adminSuiteBootstrap.virtualTerminalSetData.saleKeyboard_DataDriven(row, dataFile): adminSuiteBootstrap.virtualTerminalSetData.saleKeyboard_DataDriven is PASSED

2022-04-01 00:37:27 - [MESSAGE][PASSED] - Text 'Janaki James' is set on object 'Object Repository/AdminSuiteBootstrap_Pages/VT_Bootstrap/SaleKeyboard/input_cardName'

2022-04-01 00:37:28 - [MESSAGE][PASSED] - All options with value 'MOTO' are selected in object 'Object Repository/AdminSuiteBootstrap_Pages/VT_Bootstrap/SaleKeyboard/select_transactionCategory'  using regular expression

2022-04-01 00:37:29 - [MESSAGE][PASSED] - Execute JavaScript 'arguments[0].value ='5146312200000035' ' successfully

2022-04-01 00:37:29 - [MESSAGE][PASSED] - Execute JavaScript 'arguments[0].value ='123' ' successfully

2022-04-01 00:37:30 - [MESSAGE][PASSED] - All options with value '12' are selected in object 'Object Repository/AdminSuiteBootstrap_Pages/VT_Bootstrap/SaleKeyboard/select_MM'  using regular expression

2022-04-01 00:37:31 - [MESSAGE][PASSED] - All options with value '2025' are selected in object 'Object Repository/AdminSuiteBootstrap_Pages/VT_Bootstrap/SaleKeyboard/select_YYYY'  using regular expression

2022-04-01 00:37:32 - [MESSAGE][PASSED] - Text '1478 Jhatka Palace' is set on object 'Object Repository/AdminSuiteBootstrap_Pages/VT_Bootstrap/SaleKeyboard/input__address'

2022-04-01 00:37:33 - [MESSAGE][PASSED] - Text 'Suite 500' is set on object 'Object Repository/AdminSuiteBootstrap_Pages/VT_Bootstrap/SaleKeyboard/input__address2'

2022-04-01 00:37:33 - [MESSAGE][PASSED] - Text '22201' is set on object 'Object Repository/AdminSuiteBootstrap_Pages/VT_Bootstrap/SaleKeyboard/input__zip'

2022-04-01 00:37:34 - [MESSAGE][PASSED] - Text '' is set on object 'Object Repository/AdminSuiteBootstrap_Pages/VT_Bootstrap/SaleKeyboard/input_emailAddress'

2022-04-01 00:37:35 - [MESSAGE][PASSED] - Text '' is set on object 'Object Repository/AdminSuiteBootstrap_Pages/VT_Bootstrap/SaleKeyboard/input_smsNumber'

2022-04-01 00:37:36 - [MESSAGE][PASSED] - Text '10.50' is set on object 'Object Repository/AdminSuiteBootstrap_Pages/VT_Bootstrap/SaleKeyboard/input_amount'

2022-04-01 00:37:37 - [MESSAGE][PASSED] - Text 'Australia' is set on object 'Object Repository/AdminSuiteBootstrap_Pages/VT_Bootstrap/SaleKeyboard/input_userDefined1'

2022-04-01 00:37:38 - [MESSAGE][PASSED] - Text 'Denmark' is set on object 'Object Repository/AdminSuiteBootstrap_Pages/VT_Bootstrap/SaleKeyboard/input_userDefined2'

2022-04-01 00:37:39 - [MESSAGE][PASSED] - Text 'Sweden' is set on object 'Object Repository/AdminSuiteBootstrap_Pages/VT_Bootstrap/SaleKeyboard/input_userDefined3'

2022-04-01 00:37:39 - [MESSAGE][PASSED] - Text 'Austria' is set on object 'Object Repository/AdminSuiteBootstrap_Pages/VT_Bootstrap/SaleKeyboard/input_userDefined4'

2022-04-01 00:37:40 - [MESSAGE][PASSED] - All options with label 'Orange' are selected in object 'Object Repository/AdminSuiteBootstrap_Pages/VT_Bootstrap/SaleKeyboard/select_UDF5_DropDown'  using regular expression

2022-04-01 00:37:41 - [MESSAGE][PASSED] - All options with label 'Yellow' are selected in object 'Object Repository/AdminSuiteBootstrap_Pages/VT_Bootstrap/SaleKeyboard/select_UDF6_DropDown'  using regular expression

2022-04-01 00:37:42 - [MESSAGE][PASSED] - Text 'Norway' is set on object 'Object Repository/AdminSuiteBootstrap_Pages/VT_Bootstrap/SaleKeyboard/input_userDefined7'

2022-04-01 00:37:43 - [MESSAGE][PASSED] - Text 'Netherlands' is set on object 'Object Repository/AdminSuiteBootstrap_Pages/VT_Bootstrap/SaleKeyboard/input_userDefined8'

2022-04-01 00:37:44 - [MESSAGE][PASSED] - Text 'Switzerland' is set on object 'Object Repository/AdminSuiteBootstrap_Pages/VT_Bootstrap/SaleKeyboard/input_userDefined9'

2022-04-01 00:37:44 - [MESSAGE][PASSED] - Text 'France' is set on object 'Object Repository/AdminSuiteBootstrap_Pages/VT_Bootstrap/SaleKeyboard/input_userDefined10'

2022-04-01 00:37:46 - [MESSAGE][PASSED] - Object: 'Object Repository/AdminSuiteBootstrap_Pages/VT_Bootstrap/SaleKeyboard/button_Submit' is clicked on

2022-04-01 00:37:46 - [MESSAGE][PASSED] - adminSuiteBootstrap.virtualTerminalSetData.saleKeyboard_DataDriven is PASSED

2022-04-01 00:37:46 - [TEST_STEP][PASSED] - if (verifyTextPresent("Transaction Successful", true)): null

2022-04-01 00:37:46 - [MESSAGE][PASSED] - Text 'Transaction Successful' is present on page  using regular expression

2022-04-01 00:37:46 - [TEST_STEP][PASSED] - sdf = getText(findTestObject(path_Receipt + "td_AutoNoC031622113752957Ahm")): Text of object 'Object Repository/AdminSuiteBootstrap_Pages/VT_Bootstrap/Receipt/td_AutoNoC031622113752957Ahm' is: 'AutoSin040122003537043Ahm'

2022-04-01 00:37:47 - [MESSAGE][PASSED] - Text of object 'Object Repository/AdminSuiteBootstrap_Pages/VT_Bootstrap/Receipt/td_AutoNoC031622113752957Ahm' is: 'AutoSin040122003537043Ahm'

2022-04-01 00:37:47 - [TEST_STEP][PASSED] - out.println("sdf: " + sdf): null

2022-04-01 00:37:47 - [TEST_STEP][PASSED] - remID = sdf: null

2022-04-01 00:37:47 - [TEST_STEP][PASSED] - out.println("remID: " + remID): null

2022-04-01 00:37:47 - [TEST_STEP][PASSED] - click(findTestObject(path_Receipt + "button_Continue")): Object: 'Object Repository/AdminSuiteBootstrap_Pages/VT_Bootstrap/Receipt/button_Continue' is clicked on

2022-04-01 00:37:48 - [MESSAGE][PASSED] - Object: 'Object Repository/AdminSuiteBootstrap_Pages/VT_Bootstrap/Receipt/button_Continue' is clicked on

2022-04-01 00:37:48 - [TEST_STEP][PASSED] - click(findTestObject(path_VT + "a_Search Transactions")): Object: 'Object Repository/AdminSuiteBootstrap_Pages/VT_Bootstrap/IssueTransactions/a_Search Transactions' is clicked on

2022-04-01 00:37:49 - [MESSAGE][PASSED] - Object: 'Object Repository/AdminSuiteBootstrap_Pages/VT_Bootstrap/IssueTransactions/a_Search Transactions' is clicked on

2022-04-01 00:37:49 - [TEST_STEP][PASSED] - setText(findTestObject(path_CCSearch + "input_Search By_searchValue"), remID): Text 'AutoSin040122003537043Ahm' is set on object 'Object Repository/AdminSuiteBootstrap_Pages/VT_Bootstrap/CCCreditOrVoidSearch/input_Search By_searchValue'

2022-04-01 00:37:49 - [MESSAGE][PASSED] - Text 'AutoSin040122003537043Ahm' is set on object 'Object Repository/AdminSuiteBootstrap_Pages/VT_Bootstrap/CCCreditOrVoidSearch/input_Search By_searchValue'

2022-04-01 00:37:49 - [TEST_STEP][PASSED] - click(findTestObject(path_CCSearch + "option_Authorization")): Object: 'Object Repository/AdminSuiteBootstrap_Pages/VT_Bootstrap/CCCreditOrVoidSearch/option_Authorization' is clicked on

2022-04-01 00:37:50 - [MESSAGE][PASSED] - Object: 'Object Repository/AdminSuiteBootstrap_Pages/VT_Bootstrap/CCCreditOrVoidSearch/option_Authorization' is clicked on

2022-04-01 00:37:50 - [TEST_STEP][PASSED] - click(findTestObject(path_CCSearch + "button_Submit")): Object: 'Object Repository/AdminSuiteBootstrap_Pages/VT_Bootstrap/CCCreditOrVoidSearch/button_Submit' is clicked on

2022-04-01 00:37:51 - [MESSAGE][PASSED] - Object: 'Object Repository/AdminSuiteBootstrap_Pages/VT_Bootstrap/CCCreditOrVoidSearch/button_Submit' is clicked on

2022-04-01 00:37:51 - [TEST_STEP][PASSED] - fgr = getText(findTestObject(path_SearchResults + "div_Payment ID")): Text of object 'Object Repository/AdminSuiteBootstrap_Pages/VT_Bootstrap/SearchResults/div_Payment ID' is: 'Payment ID
Payment Type
Transaction Type
Remittance ID
Name
Total Amount
End Date
Status
12114357 Credit Card Authorization AutoSin040122003537043Ahm Janaki James $15.50 04/01/2022 Success'

2022-04-01 00:37:51 - [MESSAGE][PASSED] - Text of object 'Object Repository/AdminSuiteBootstrap_Pages/VT_Bootstrap/SearchResults/div_Payment ID' is: 'Payment ID
Payment Type
Transaction Type
Remittance ID
Name
Total Amount
End Date
Status
12114357 Credit Card Authorization AutoSin040122003537043Ahm Janaki James $15.50 04/01/2022 Success'

2022-04-01 00:37:51 - [TEST_STEP][PASSED] - payID = substring(89, 98).trim(): null

2022-04-01 00:37:51 - [TEST_STEP][PASSED] - out.println("payID: " + payID): null

2022-04-01 00:37:51 - [TEST_STEP][PASSED] - click(findTestObject(path_SearchResults + "button_PaymentID")): Object: 'Object Repository/AdminSuiteBootstrap_Pages/VT_Bootstrap/SearchResults/button_PaymentID' is clicked on

2022-04-01 00:37:52 - [MESSAGE][PASSED] - Object: 'Object Repository/AdminSuiteBootstrap_Pages/VT_Bootstrap/SearchResults/button_PaymentID' is clicked on

2022-04-01 00:37:52 - [TEST_STEP][PASSED] - verifyTextPresent("Tender Type", true): Text 'Tender Type' is present on page  using regular expression

2022-04-01 00:37:53 - [MESSAGE][PASSED] - Text 'Tender Type' is present on page  using regular expression

2022-04-01 00:37:53 - [TEST_STEP][PASSED] - verifyTextPresent("Credit Card", true): Text 'Credit Card' is present on page  using regular expression

2022-04-01 00:37:53 - [MESSAGE][PASSED] - Text 'Credit Card' is present on page  using regular expression

2022-04-01 00:37:53 - [TEST_STEP][PASSED] - verifyTextPresent("Transaction Type", true): Text 'Transaction Type' is present on page  using regular expression

2022-04-01 00:37:53 - [MESSAGE][PASSED] - Text 'Transaction Type' is present on page  using regular expression

2022-04-01 00:37:53 - [TEST_STEP][PASSED] - verifyTextPresent("Authorization", true): Text 'Authorization' is present on page  using regular expression

2022-04-01 00:37:54 - [MESSAGE][PASSED] - Text 'Authorization' is present on page  using regular expression

2022-04-01 00:37:54 - [TEST_STEP][PASSED] - verifyTextPresent("Transaction Posted by", true): Text 'Transaction Posted by' is present on page  using regular expression

2022-04-01 00:37:54 - [MESSAGE][PASSED] - Text 'Transaction Posted by' is present on page  using regular expression

2022-04-01 00:37:54 - [TEST_STEP][PASSED] - verifyTextPresent("iahmed", true): Text 'iahmed' is present on page  using regular expression

2022-04-01 00:37:54 - [MESSAGE][PASSED] - Text 'iahmed' is present on page  using regular expression

2022-04-01 00:37:54 - [TEST_STEP][PASSED] - click(findTestObject(path_TranxDetails + "a_Capture this transaction")): Object: 'Object Repository/AdminSuiteBootstrap_Pages/VT_Bootstrap/TransactionDetails/a_Capture this transaction' is clicked on

2022-04-01 00:37:55 - [MESSAGE][PASSED] - Object: 'Object Repository/AdminSuiteBootstrap_Pages/VT_Bootstrap/TransactionDetails/a_Capture this transaction' is clicked on

2022-04-01 00:37:55 - [TEST_STEP][PASSED] - verifyTextPresent("Credit Card Capture", true): Text 'Credit Card Capture' is present on page  using regular expression

2022-04-01 00:37:56 - [MESSAGE][PASSED] - Text 'Credit Card Capture' is present on page  using regular expression

2022-04-01 00:37:56 - [TEST_STEP][PASSED] - captureAmount = findTestData(dataFile).getValue("CaptureAmount", row): null

2022-04-01 00:37:56 - [TEST_STEP][PASSED] - setText(findTestObject(path_SaleKB + "input_amountCapture"), captureAmount): Text '8.50' is set on object 'Object Repository/AdminSuiteBootstrap_Pages/VT_Bootstrap/SaleKeyboard/input_amountCapture'

2022-04-01 00:37:57 - [MESSAGE][PASSED] - Text '8.50' is set on object 'Object Repository/AdminSuiteBootstrap_Pages/VT_Bootstrap/SaleKeyboard/input_amountCapture'

2022-04-01 00:37:57 - [TEST_STEP][PASSED] - amountWithCF = findTestData(dataFile).getValue("AmountwithCF", row): null

2022-04-01 00:37:57 - [TEST_STEP][PASSED] - click(findTestObject(path_TranxDetails + "button_Submit")): Object: 'Object Repository/AdminSuiteBootstrap_Pages/VT_Bootstrap/TransactionDetails/button_Submit' is clicked on

2022-04-01 00:37:59 - [MESSAGE][PASSED] - Object: 'Object Repository/AdminSuiteBootstrap_Pages/VT_Bootstrap/TransactionDetails/button_Submit' is clicked on

2022-04-01 00:37:59 - [TEST_STEP][PASSED] - verifyTextPresent("Transaction Successful", true): Text 'Transaction Successful' is present on page  using regular expression

2022-04-01 00:37:59 - [MESSAGE][PASSED] - Text 'Transaction Successful' is present on page  using regular expression

2022-04-01 00:37:59 - [TEST_STEP][PASSED] - verifyTextPresent("Transaction Type", true): Text 'Transaction Type' is present on page  using regular expression

2022-04-01 00:38:00 - [MESSAGE][PASSED] - Text 'Transaction Type' is present on page  using regular expression

2022-04-01 00:38:00 - [TEST_STEP][PASSED] - verifyTextPresent("Capture", true): Text 'Capture' is present on page  using regular expression

2022-04-01 00:38:00 - [MESSAGE][PASSED] - Text 'Capture' is present on page  using regular expression

2022-04-01 00:38:00 - [TEST_STEP][PASSED] - verifyTextPresent("Amount", true): Text 'Amount' is present on page  using regular expression

2022-04-01 00:38:00 - [MESSAGE][PASSED] - Text 'Amount' is present on page  using regular expression

2022-04-01 00:38:00 - [TEST_STEP][PASSED] - verifyTextPresent("Service Fee", true): Text 'Service Fee' is present on page  using regular expression

2022-04-01 00:38:01 - [MESSAGE][PASSED] - Text 'Service Fee' is present on page  using regular expression

2022-04-01 00:38:01 - [TEST_STEP][PASSED] - verifyTextPresent("Service Fee Type", true): Text 'Service Fee Type' is present on page  using regular expression

2022-04-01 00:38:01 - [MESSAGE][PASSED] - Text 'Service Fee Type' is present on page  using regular expression

2022-04-01 00:38:01 - [TEST_STEP][PASSED] - verifyTextPresent("Total Amount", true): Text 'Total Amount' is present on page  using regular expression

2022-04-01 00:38:01 - [MESSAGE][PASSED] - Text 'Total Amount' is present on page  using regular expression

2022-04-01 00:38:01 - [TEST_STEP][PASSED] - verifyTextPresent(captureAmount, true): Text '8.50' is present on page  using regular expression

2022-04-01 00:38:02 - [MESSAGE][PASSED] - Text '8.50' is present on page  using regular expression

2022-04-01 00:38:02 - [TEST_STEP][PASSED] - verifyTextPresent("5.00", true): Text '5.00' is present on page  using regular expression

2022-04-01 00:38:02 - [MESSAGE][PASSED] - Text '5.00' is present on page  using regular expression

2022-04-01 00:38:02 - [TEST_STEP][PASSED] - verifyTextPresent("Single Transaction", true): Text 'Single Transaction' is present on page  using regular expression

2022-04-01 00:38:02 - [MESSAGE][PASSED] - Text 'Single Transaction' is present on page  using regular expression

2022-04-01 00:38:02 - [TEST_STEP][PASSED] - verifyTextPresent(amountWithCF, true): Text '13.50' is present on page  using regular expression

2022-04-01 00:38:03 - [MESSAGE][PASSED] - Text '13.50' is present on page  using regular expression

2022-04-01 00:38:03 - [TEST_STEP][PASSED] - closeBrowser(): Browser is closed

2022-04-01 00:38:04 - [MESSAGE][PASSED] - Browser is closed

2022-04-01 00:38:04 - [TEST_STEP][PASSED] - ExecuteTC = findTestData(dataFile).getValue("Execute", row): null

2022-04-01 00:38:04 - [TEST_STEP][PASSED] - out.println("Value of Execute is : " + ExecuteTC): null

2022-04-01 00:38:04 - [TEST_STEP][PASSED] - switch (executionProfile): null

2022-04-01 00:38:04 - [TEST_STEP][PASSED] - case "QAProfile":: null

2022-04-01 00:38:04 - [TEST_STEP][PASSED] - appName = findTestData(dataFile).getValue("AppNameQA", row): null

2022-04-01 00:38:04 - [TEST_STEP][PASSED] - appID = findTestData(dataFile).getValue("AppIDQA", row): null

2022-04-01 00:38:04 - [TEST_STEP][PASSED] - break: null

2022-04-01 00:38:04 - [TEST_STEP][PASSED] - hrefAppID = li_1 + appID + li_2: null

2022-04-01 00:38:04 - [TEST_STEP][PASSED] - hrefApp = li_1 + appID + "/": null

2022-04-01 00:38:04 - [TEST_STEP][PASSED] - println("hrefApp : " + hrefApp): null

2022-04-01 00:38:04 - [TEST_STEP][PASSED] - if (ExecuteTC.equalsIgnoreCase("Y")): null

2022-04-01 00:38:04 - [TEST_STEP][PASSED] - out.println("Begin Record Number: " + row): null

2022-04-01 00:38:04 - [TEST_STEP][PASSED] - today = new java.util.Date(): null

2022-04-01 00:38:04 - [TEST_STEP][PASSED] - println(today): null

2022-04-01 00:38:04 - [TEST_STEP][PASSED] - datText = today: null

2022-04-01 00:38:04 - [TEST_STEP][PASSED] - adminSuiteBootstrap.loginFunctionality.login_AdminSuite(): adminSuiteBootstrap.loginFunctionality.login_AdminSuite is PASSED

2022-04-01 00:38:04 - [MESSAGE][INFO] - Starting 'Chrome' driver

2022-04-01 00:38:04 - [MESSAGE][INFO] - User set preference: ['acceptInsecureCerts', 'true']

2022-04-01 00:38:04 - [MESSAGE][INFO] - Action delay is set to 0 milliseconds

2022-04-01 00:38:07 - [MESSAGE][PASSED] - Browser is opened with url: 'https://qa.velocitypayment.com/admin/imtiaz'

2022-04-01 00:38:07 - [MESSAGE][PASSED] - Current window maximized

2022-04-01 00:38:08 - [MESSAGE][PASSED] - Object 'Object Repository/Login_Page/Login_Username' is present

2022-04-01 00:38:08 - [MESSAGE][PASSED] - Text 'iahmed' is set on object 'Object Repository/Login_Page/Login_Username'

2022-04-01 00:38:09 - [MESSAGE][PASSED] - Text 'hello2222' is set on object 'Object Repository/Login_Page/Login_Password'

2022-04-01 00:38:12 - [MESSAGE][PASSED] - Object: 'Object Repository/Login_Page/Login_Submit' is clicked on

2022-04-01 00:38:12 - [MESSAGE][PASSED] - adminSuiteBootstrap.loginFunctionality.login_AdminSuite is PASSED

2022-04-01 00:38:12 - [TEST_STEP][PASSED] - click(findTestObject(path_Dashboard + appName)): Object: 'Object Repository/AdminSuiteBootstrap_Pages/Dashboard_Bootstrap/a_Access AutoSingleCFtpQA' is clicked on

2022-04-01 00:38:13 - [MESSAGE][PASSED] - Object: 'Object Repository/AdminSuiteBootstrap_Pages/Dashboard_Bootstrap/a_Access AutoSingleCFtpQA' is clicked on

2022-04-01 00:38:13 - [TEST_STEP][PASSED] - click(findTestObject(path_VT + "button_Authorization Only")): Object: 'Object Repository/AdminSuiteBootstrap_Pages/VT_Bootstrap/IssueTransactions/button_Authorization Only' is clicked on

2022-04-01 00:38:13 - [MESSAGE][PASSED] - Object: 'Object Repository/AdminSuiteBootstrap_Pages/VT_Bootstrap/IssueTransactions/button_Authorization Only' is clicked on

2022-04-01 00:38:13 - [TEST_STEP][PASSED] - authOnlyKeyboardEntryLink = modifyObjectProperty(findTestObject(path_VT + "a_KeyboardEntry_Sale"), "href", "equals", hrefAppID, true): Modify property of object successfully

2022-04-01 00:38:14 - [MESSAGE][PASSED] - Modify property of object successfully

2022-04-01 00:38:14 - [TEST_STEP][PASSED] - click(authOnlyKeyboardEntryLink): Object: 'Object Repository/AdminSuiteBootstrap_Pages/VT_Bootstrap/IssueTransactions/a_KeyboardEntry_Sale' is clicked on

2022-04-01 00:38:14 - [MESSAGE][PASSED] - Object: 'Object Repository/AdminSuiteBootstrap_Pages/VT_Bootstrap/IssueTransactions/a_KeyboardEntry_Sale' is clicked on

2022-04-01 00:38:14 - [TEST_STEP][PASSED] - adminSuiteBootstrap.virtualTerminalSetData.saleKeyboard_DataDriven(row, dataFile): adminSuiteBootstrap.virtualTerminalSetData.saleKeyboard_DataDriven is PASSED

2022-04-01 00:38:17 - [MESSAGE][PASSED] - Text 'Janaki James' is set on object 'Object Repository/AdminSuiteBootstrap_Pages/VT_Bootstrap/SaleKeyboard/input_cardName'

2022-04-01 00:38:18 - [MESSAGE][PASSED] - All options with value 'MOTO' are selected in object 'Object Repository/AdminSuiteBootstrap_Pages/VT_Bootstrap/SaleKeyboard/select_transactionCategory'  using regular expression

2022-04-01 00:38:19 - [MESSAGE][PASSED] - Execute JavaScript 'arguments[0].value ='371449635392376' ' successfully

2022-04-01 00:38:19 - [MESSAGE][PASSED] - Execute JavaScript 'arguments[0].value ='123' ' successfully

2022-04-01 00:38:20 - [MESSAGE][PASSED] - All options with value '12' are selected in object 'Object Repository/AdminSuiteBootstrap_Pages/VT_Bootstrap/SaleKeyboard/select_MM'  using regular expression

2022-04-01 00:38:21 - [MESSAGE][PASSED] - All options with value '2025' are selected in object 'Object Repository/AdminSuiteBootstrap_Pages/VT_Bootstrap/SaleKeyboard/select_YYYY'  using regular expression

2022-04-01 00:38:22 - [MESSAGE][PASSED] - Text '550 Swan Lake' is set on object 'Object Repository/AdminSuiteBootstrap_Pages/VT_Bootstrap/SaleKeyboard/input__address'

2022-04-01 00:38:23 - [MESSAGE][PASSED] - Text 'Suite 500' is set on object 'Object Repository/AdminSuiteBootstrap_Pages/VT_Bootstrap/SaleKeyboard/input__address2'

2022-04-01 00:38:24 - [MESSAGE][PASSED] - Text '22201' is set on object 'Object Repository/AdminSuiteBootstrap_Pages/VT_Bootstrap/SaleKeyboard/input__zip'

2022-04-01 00:38:24 - [MESSAGE][PASSED] - Text '' is set on object 'Object Repository/AdminSuiteBootstrap_Pages/VT_Bootstrap/SaleKeyboard/input_emailAddress'

2022-04-01 00:38:26 - [MESSAGE][PASSED] - Text '' is set on object 'Object Repository/AdminSuiteBootstrap_Pages/VT_Bootstrap/SaleKeyboard/input_smsNumber'

2022-04-01 00:38:26 - [MESSAGE][PASSED] - Text '10.50' is set on object 'Object Repository/AdminSuiteBootstrap_Pages/VT_Bootstrap/SaleKeyboard/input_amount'

2022-04-01 00:38:27 - [MESSAGE][PASSED] - Text 'Australia' is set on object 'Object Repository/AdminSuiteBootstrap_Pages/VT_Bootstrap/SaleKeyboard/input_userDefined1'

2022-04-01 00:38:28 - [MESSAGE][PASSED] - Text 'Denmark' is set on object 'Object Repository/AdminSuiteBootstrap_Pages/VT_Bootstrap/SaleKeyboard/input_userDefined2'

2022-04-01 00:38:29 - [MESSAGE][PASSED] - Text 'Sweden' is set on object 'Object Repository/AdminSuiteBootstrap_Pages/VT_Bootstrap/SaleKeyboard/input_userDefined3'

2022-04-01 00:38:29 - [MESSAGE][PASSED] - Text 'Austria' is set on object 'Object Repository/AdminSuiteBootstrap_Pages/VT_Bootstrap/SaleKeyboard/input_userDefined4'

2022-04-01 00:38:30 - [MESSAGE][PASSED] - All options with label 'Orange' are selected in object 'Object Repository/AdminSuiteBootstrap_Pages/VT_Bootstrap/SaleKeyboard/select_UDF5_DropDown'  using regular expression

2022-04-01 00:38:31 - [MESSAGE][PASSED] - All options with label 'Yellow' are selected in object 'Object Repository/AdminSuiteBootstrap_Pages/VT_Bootstrap/SaleKeyboard/select_UDF6_DropDown'  using regular expression

2022-04-01 00:38:32 - [MESSAGE][PASSED] - Text 'Norway' is set on object 'Object Repository/AdminSuiteBootstrap_Pages/VT_Bootstrap/SaleKeyboard/input_userDefined7'

2022-04-01 00:38:33 - [MESSAGE][PASSED] - Text 'Netherlands' is set on object 'Object Repository/AdminSuiteBootstrap_Pages/VT_Bootstrap/SaleKeyboard/input_userDefined8'

2022-04-01 00:38:34 - [MESSAGE][PASSED] - Text 'Switzerland' is set on object 'Object Repository/AdminSuiteBootstrap_Pages/VT_Bootstrap/SaleKeyboard/input_userDefined9'

2022-04-01 00:38:34 - [MESSAGE][PASSED] - Text 'France' is set on object 'Object Repository/AdminSuiteBootstrap_Pages/VT_Bootstrap/SaleKeyboard/input_userDefined10'

2022-04-01 00:38:36 - [MESSAGE][PASSED] - Object: 'Object Repository/AdminSuiteBootstrap_Pages/VT_Bootstrap/SaleKeyboard/button_Submit' is clicked on

2022-04-01 00:38:36 - [MESSAGE][PASSED] - adminSuiteBootstrap.virtualTerminalSetData.saleKeyboard_DataDriven is PASSED

2022-04-01 00:38:36 - [TEST_STEP][PASSED] - if (verifyTextPresent("Transaction Successful", true)): null

2022-04-01 00:38:36 - [MESSAGE][PASSED] - Text 'Transaction Successful' is present on page  using regular expression

2022-04-01 00:38:36 - [TEST_STEP][PASSED] - sdf = getText(findTestObject(path_Receipt + "td_AutoNoC031622113752957Ahm")): Text of object 'Object Repository/AdminSuiteBootstrap_Pages/VT_Bootstrap/Receipt/td_AutoNoC031622113752957Ahm' is: 'AutoSin040122003627223Ahm'

2022-04-01 00:38:37 - [MESSAGE][PASSED] - Text of object 'Object Repository/AdminSuiteBootstrap_Pages/VT_Bootstrap/Receipt/td_AutoNoC031622113752957Ahm' is: 'AutoSin040122003627223Ahm'

2022-04-01 00:38:37 - [TEST_STEP][PASSED] - out.println("sdf: " + sdf): null

2022-04-01 00:38:37 - [TEST_STEP][PASSED] - remID = sdf: null

2022-04-01 00:38:37 - [TEST_STEP][PASSED] - out.println("remID: " + remID): null

2022-04-01 00:38:37 - [TEST_STEP][PASSED] - click(findTestObject(path_Receipt + "button_Continue")): Object: 'Object Repository/AdminSuiteBootstrap_Pages/VT_Bootstrap/Receipt/button_Continue' is clicked on

2022-04-01 00:38:37 - [MESSAGE][PASSED] - Object: 'Object Repository/AdminSuiteBootstrap_Pages/VT_Bootstrap/Receipt/button_Continue' is clicked on

2022-04-01 00:38:37 - [TEST_STEP][PASSED] - click(findTestObject(path_VT + "a_Search Transactions")): Object: 'Object Repository/AdminSuiteBootstrap_Pages/VT_Bootstrap/IssueTransactions/a_Search Transactions' is clicked on

2022-04-01 00:38:38 - [MESSAGE][PASSED] - Object: 'Object Repository/AdminSuiteBootstrap_Pages/VT_Bootstrap/IssueTransactions/a_Search Transactions' is clicked on

2022-04-01 00:38:38 - [TEST_STEP][PASSED] - setText(findTestObject(path_CCSearch + "input_Search By_searchValue"), remID): Text 'AutoSin040122003627223Ahm' is set on object 'Object Repository/AdminSuiteBootstrap_Pages/VT_Bootstrap/CCCreditOrVoidSearch/input_Search By_searchValue'

2022-04-01 00:38:39 - [MESSAGE][PASSED] - Text 'AutoSin040122003627223Ahm' is set on object 'Object Repository/AdminSuiteBootstrap_Pages/VT_Bootstrap/CCCreditOrVoidSearch/input_Search By_searchValue'

2022-04-01 00:38:39 - [TEST_STEP][PASSED] - click(findTestObject(path_CCSearch + "option_Authorization")): Object: 'Object Repository/AdminSuiteBootstrap_Pages/VT_Bootstrap/CCCreditOrVoidSearch/option_Authorization' is clicked on

2022-04-01 00:38:40 - [MESSAGE][PASSED] - Object: 'Object Repository/AdminSuiteBootstrap_Pages/VT_Bootstrap/CCCreditOrVoidSearch/option_Authorization' is clicked on

2022-04-01 00:38:40 - [TEST_STEP][PASSED] - click(findTestObject(path_CCSearch + "button_Submit")): Object: 'Object Repository/AdminSuiteBootstrap_Pages/VT_Bootstrap/CCCreditOrVoidSearch/button_Submit' is clicked on

2022-04-01 00:38:41 - [MESSAGE][PASSED] - Object: 'Object Repository/AdminSuiteBootstrap_Pages/VT_Bootstrap/CCCreditOrVoidSearch/button_Submit' is clicked on

2022-04-01 00:38:41 - [TEST_STEP][PASSED] - fgr = getText(findTestObject(path_SearchResults + "div_Payment ID")): Text of object 'Object Repository/AdminSuiteBootstrap_Pages/VT_Bootstrap/SearchResults/div_Payment ID' is: 'Payment ID
Payment Type
Transaction Type
Remittance ID
Name
Total Amount
End Date
Status
12114359 Credit Card Authorization AutoSin040122003627223Ahm Janaki James $15.50 04/01/2022 Success'

2022-04-01 00:38:41 - [MESSAGE][PASSED] - Text of object 'Object Repository/AdminSuiteBootstrap_Pages/VT_Bootstrap/SearchResults/div_Payment ID' is: 'Payment ID
Payment Type
Transaction Type
Remittance ID
Name
Total Amount
End Date
Status
12114359 Credit Card Authorization AutoSin040122003627223Ahm Janaki James $15.50 04/01/2022 Success'

2022-04-01 00:38:41 - [TEST_STEP][PASSED] - payID = substring(89, 98).trim(): null

2022-04-01 00:38:41 - [TEST_STEP][PASSED] - out.println("payID: " + payID): null

2022-04-01 00:38:41 - [TEST_STEP][PASSED] - click(findTestObject(path_SearchResults + "button_PaymentID")): Object: 'Object Repository/AdminSuiteBootstrap_Pages/VT_Bootstrap/SearchResults/button_PaymentID' is clicked on

2022-04-01 00:38:42 - [MESSAGE][PASSED] - Object: 'Object Repository/AdminSuiteBootstrap_Pages/VT_Bootstrap/SearchResults/button_PaymentID' is clicked on

2022-04-01 00:38:42 - [TEST_STEP][PASSED] - verifyTextPresent("Tender Type", true): Text 'Tender Type' is present on page  using regular expression

2022-04-01 00:38:42 - [MESSAGE][PASSED] - Text 'Tender Type' is present on page  using regular expression

2022-04-01 00:38:42 - [TEST_STEP][PASSED] - verifyTextPresent("Credit Card", true): Text 'Credit Card' is present on page  using regular expression

2022-04-01 00:38:43 - [MESSAGE][PASSED] - Text 'Credit Card' is present on page  using regular expression

2022-04-01 00:38:43 - [TEST_STEP][PASSED] - verifyTextPresent("Transaction Type", true): Text 'Transaction Type' is present on page  using regular expression

2022-04-01 00:38:43 - [MESSAGE][PASSED] - Text 'Transaction Type' is present on page  using regular expression

2022-04-01 00:38:43 - [TEST_STEP][PASSED] - verifyTextPresent("Authorization", true): Text 'Authorization' is present on page  using regular expression

2022-04-01 00:38:44 - [MESSAGE][PASSED] - Text 'Authorization' is present on page  using regular expression

2022-04-01 00:38:44 - [TEST_STEP][PASSED] - verifyTextPresent("Transaction Posted by", true): Text 'Transaction Posted by' is present on page  using regular expression

2022-04-01 00:38:44 - [MESSAGE][PASSED] - Text 'Transaction Posted by' is present on page  using regular expression

2022-04-01 00:38:44 - [TEST_STEP][PASSED] - verifyTextPresent("iahmed", true): Text 'iahmed' is present on page  using regular expression

2022-04-01 00:38:44 - [MESSAGE][PASSED] - Text 'iahmed' is present on page  using regular expression

2022-04-01 00:38:44 - [TEST_STEP][PASSED] - click(findTestObject(path_TranxDetails + "a_Capture this transaction")): Object: 'Object Repository/AdminSuiteBootstrap_Pages/VT_Bootstrap/TransactionDetails/a_Capture this transaction' is clicked on

2022-04-01 00:38:45 - [MESSAGE][PASSED] - Object: 'Object Repository/AdminSuiteBootstrap_Pages/VT_Bootstrap/TransactionDetails/a_Capture this transaction' is clicked on

2022-04-01 00:38:45 - [TEST_STEP][PASSED] - verifyTextPresent("Credit Card Capture", true): Text 'Credit Card Capture' is present on page  using regular expression

2022-04-01 00:38:46 - [MESSAGE][PASSED] - Text 'Credit Card Capture' is present on page  using regular expression

2022-04-01 00:38:46 - [TEST_STEP][PASSED] - captureAmount = findTestData(dataFile).getValue("CaptureAmount", row): null

2022-04-01 00:38:46 - [TEST_STEP][PASSED] - setText(findTestObject(path_SaleKB + "input_amountCapture"), captureAmount): Text '6.50' is set on object 'Object Repository/AdminSuiteBootstrap_Pages/VT_Bootstrap/SaleKeyboard/input_amountCapture'

2022-04-01 00:38:47 - [MESSAGE][PASSED] - Text '6.50' is set on object 'Object Repository/AdminSuiteBootstrap_Pages/VT_Bootstrap/SaleKeyboard/input_amountCapture'

2022-04-01 00:38:47 - [TEST_STEP][PASSED] - amountWithCF = findTestData(dataFile).getValue("AmountwithCF", row): null

2022-04-01 00:38:47 - [TEST_STEP][PASSED] - click(findTestObject(path_TranxDetails + "button_Submit")): Object: 'Object Repository/AdminSuiteBootstrap_Pages/VT_Bootstrap/TransactionDetails/button_Submit' is clicked on

2022-04-01 00:38:49 - [MESSAGE][PASSED] - Object: 'Object Repository/AdminSuiteBootstrap_Pages/VT_Bootstrap/TransactionDetails/button_Submit' is clicked on

2022-04-01 00:38:49 - [TEST_STEP][PASSED] - verifyTextPresent("Transaction Successful", true): Text 'Transaction Successful' is present on page  using regular expression

2022-04-01 00:38:49 - [MESSAGE][PASSED] - Text 'Transaction Successful' is present on page  using regular expression

2022-04-01 00:38:49 - [TEST_STEP][PASSED] - verifyTextPresent("Transaction Type", true): Text 'Transaction Type' is present on page  using regular expression

2022-04-01 00:38:50 - [MESSAGE][PASSED] - Text 'Transaction Type' is present on page  using regular expression

2022-04-01 00:38:50 - [TEST_STEP][PASSED] - verifyTextPresent("Capture", true): Text 'Capture' is present on page  using regular expression

2022-04-01 00:38:50 - [MESSAGE][PASSED] - Text 'Capture' is present on page  using regular expression

2022-04-01 00:38:50 - [TEST_STEP][PASSED] - verifyTextPresent("Amount", true): Text 'Amount' is present on page  using regular expression

2022-04-01 00:38:50 - [MESSAGE][PASSED] - Text 'Amount' is present on page  using regular expression

2022-04-01 00:38:50 - [TEST_STEP][PASSED] - verifyTextPresent("Service Fee", true): Text 'Service Fee' is present on page  using regular expression

2022-04-01 00:38:51 - [MESSAGE][PASSED] - Text 'Service Fee' is present on page  using regular expression

2022-04-01 00:38:51 - [TEST_STEP][PASSED] - verifyTextPresent("Service Fee Type", true): Text 'Service Fee Type' is present on page  using regular expression

2022-04-01 00:38:51 - [MESSAGE][PASSED] - Text 'Service Fee Type' is present on page  using regular expression

2022-04-01 00:38:51 - [TEST_STEP][PASSED] - verifyTextPresent("Total Amount", true): Text 'Total Amount' is present on page  using regular expression

2022-04-01 00:38:51 - [MESSAGE][PASSED] - Text 'Total Amount' is present on page  using regular expression

2022-04-01 00:38:51 - [TEST_STEP][PASSED] - verifyTextPresent(captureAmount, true): Text '6.50' is present on page  using regular expression

2022-04-01 00:38:52 - [MESSAGE][PASSED] - Text '6.50' is present on page  using regular expression

2022-04-01 00:38:52 - [TEST_STEP][PASSED] - verifyTextPresent("5.00", true): Text '5.00' is present on page  using regular expression

2022-04-01 00:38:52 - [MESSAGE][PASSED] - Text '5.00' is present on page  using regular expression

2022-04-01 00:38:52 - [TEST_STEP][PASSED] - verifyTextPresent("Single Transaction", true): Text 'Single Transaction' is present on page  using regular expression

2022-04-01 00:38:53 - [MESSAGE][PASSED] - Text 'Single Transaction' is present on page  using regular expression

2022-04-01 00:38:53 - [TEST_STEP][PASSED] - verifyTextPresent(amountWithCF, true): Text '11.50' is present on page  using regular expression

2022-04-01 00:38:53 - [MESSAGE][PASSED] - Text '11.50' is present on page  using regular expression

2022-04-01 00:38:53 - [TEST_STEP][PASSED] - closeBrowser(): Browser is closed

2022-04-01 00:38:54 - [MESSAGE][PASSED] - Browser is closed

2022-04-01 00:38:54 - [TEST_STEP][PASSED] - ExecuteTC = findTestData(dataFile).getValue("Execute", row): null

2022-04-01 00:38:54 - [TEST_STEP][PASSED] - out.println("Value of Execute is : " + ExecuteTC): null

2022-04-01 00:38:54 - [TEST_STEP][PASSED] - switch (executionProfile): null

2022-04-01 00:38:54 - [TEST_STEP][PASSED] - case "QAProfile":: null

2022-04-01 00:38:54 - [TEST_STEP][PASSED] - appName = findTestData(dataFile).getValue("AppNameQA", row): null

2022-04-01 00:38:54 - [TEST_STEP][PASSED] - appID = findTestData(dataFile).getValue("AppIDQA", row): null

2022-04-01 00:38:54 - [TEST_STEP][PASSED] - break: null

2022-04-01 00:38:54 - [TEST_STEP][PASSED] - hrefAppID = li_1 + appID + li_2: null

2022-04-01 00:38:54 - [TEST_STEP][PASSED] - hrefApp = li_1 + appID + "/": null

2022-04-01 00:38:54 - [TEST_STEP][PASSED] - println("hrefApp : " + hrefApp): null

2022-04-01 00:38:54 - [TEST_STEP][PASSED] - if (ExecuteTC.equalsIgnoreCase("Y")): null

2022-04-01 00:38:54 - [TEST_STEP][PASSED] - out.println("Begin Record Number: " + row): null

2022-04-01 00:38:54 - [TEST_STEP][PASSED] - today = new java.util.Date(): null

2022-04-01 00:38:54 - [TEST_STEP][PASSED] - println(today): null

2022-04-01 00:38:54 - [TEST_STEP][PASSED] - datText = today: null

2022-04-01 00:38:54 - [TEST_STEP][PASSED] - adminSuiteBootstrap.loginFunctionality.login_AdminSuite(): adminSuiteBootstrap.loginFunctionality.login_AdminSuite is PASSED

2022-04-01 00:38:54 - [MESSAGE][INFO] - Starting 'Chrome' driver

2022-04-01 00:38:54 - [MESSAGE][INFO] - User set preference: ['acceptInsecureCerts', 'true']

2022-04-01 00:38:54 - [MESSAGE][INFO] - Action delay is set to 0 milliseconds

2022-04-01 00:38:57 - [MESSAGE][PASSED] - Browser is opened with url: 'https://qa.velocitypayment.com/admin/imtiaz'

2022-04-01 00:38:57 - [MESSAGE][PASSED] - Current window maximized

2022-04-01 00:38:57 - [MESSAGE][PASSED] - Object 'Object Repository/Login_Page/Login_Username' is present

2022-04-01 00:38:58 - [MESSAGE][PASSED] - Text 'iahmed' is set on object 'Object Repository/Login_Page/Login_Username'

2022-04-01 00:38:59 - [MESSAGE][PASSED] - Text 'hello2222' is set on object 'Object Repository/Login_Page/Login_Password'

2022-04-01 00:39:01 - [MESSAGE][PASSED] - Object: 'Object Repository/Login_Page/Login_Submit' is clicked on

2022-04-01 00:39:01 - [MESSAGE][PASSED] - adminSuiteBootstrap.loginFunctionality.login_AdminSuite is PASSED

2022-04-01 00:39:01 - [TEST_STEP][PASSED] - click(findTestObject(path_Dashboard + appName)): Object: 'Object Repository/AdminSuiteBootstrap_Pages/Dashboard_Bootstrap/a_Access AutoSingleCFtpQA' is clicked on

2022-04-01 00:39:02 - [MESSAGE][PASSED] - Object: 'Object Repository/AdminSuiteBootstrap_Pages/Dashboard_Bootstrap/a_Access AutoSingleCFtpQA' is clicked on

2022-04-01 00:39:02 - [TEST_STEP][PASSED] - click(findTestObject(path_VT + "button_Authorization Only")): Object: 'Object Repository/AdminSuiteBootstrap_Pages/VT_Bootstrap/IssueTransactions/button_Authorization Only' is clicked on

2022-04-01 00:39:03 - [MESSAGE][PASSED] - Object: 'Object Repository/AdminSuiteBootstrap_Pages/VT_Bootstrap/IssueTransactions/button_Authorization Only' is clicked on

2022-04-01 00:39:03 - [TEST_STEP][PASSED] - authOnlyKeyboardEntryLink = modifyObjectProperty(findTestObject(path_VT + "a_KeyboardEntry_Sale"), "href", "equals", hrefAppID, true): Modify property of object successfully

2022-04-01 00:39:03 - [MESSAGE][PASSED] - Modify property of object successfully

2022-04-01 00:39:03 - [TEST_STEP][PASSED] - click(authOnlyKeyboardEntryLink): Object: 'Object Repository/AdminSuiteBootstrap_Pages/VT_Bootstrap/IssueTransactions/a_KeyboardEntry_Sale' is clicked on

2022-04-01 00:39:04 - [MESSAGE][PASSED] - Object: 'Object Repository/AdminSuiteBootstrap_Pages/VT_Bootstrap/IssueTransactions/a_KeyboardEntry_Sale' is clicked on

2022-04-01 00:39:04 - [TEST_STEP][PASSED] - adminSuiteBootstrap.virtualTerminalSetData.saleKeyboard_DataDriven(row, dataFile): adminSuiteBootstrap.virtualTerminalSetData.saleKeyboard_DataDriven is PASSED

2022-04-01 00:39:07 - [MESSAGE][PASSED] - Text 'Janaki James' is set on object 'Object Repository/AdminSuiteBootstrap_Pages/VT_Bootstrap/SaleKeyboard/input_cardName'

2022-04-01 00:39:08 - [MESSAGE][PASSED] - All options with value 'MOTO' are selected in object 'Object Repository/AdminSuiteBootstrap_Pages/VT_Bootstrap/SaleKeyboard/select_transactionCategory'  using regular expression

2022-04-01 00:39:08 - [MESSAGE][PASSED] - Execute JavaScript 'arguments[0].value ='6011000993026909' ' successfully

2022-04-01 00:39:08 - [MESSAGE][PASSED] - Execute JavaScript 'arguments[0].value ='123' ' successfully

2022-04-01 00:39:10 - [MESSAGE][PASSED] - All options with value '12' are selected in object 'Object Repository/AdminSuiteBootstrap_Pages/VT_Bootstrap/SaleKeyboard/select_MM'  using regular expression

2022-04-01 00:39:11 - [MESSAGE][PASSED] - All options with value '2025' are selected in object 'Object Repository/AdminSuiteBootstrap_Pages/VT_Bootstrap/SaleKeyboard/select_YYYY'  using regular expression

2022-04-01 00:39:11 - [MESSAGE][PASSED] - Text '25987 Hill Top' is set on object 'Object Repository/AdminSuiteBootstrap_Pages/VT_Bootstrap/SaleKeyboard/input__address'

2022-04-01 00:39:12 - [MESSAGE][PASSED] - Text 'Suite 500' is set on object 'Object Repository/AdminSuiteBootstrap_Pages/VT_Bootstrap/SaleKeyboard/input__address2'

2022-04-01 00:39:13 - [MESSAGE][PASSED] - Text '22201' is set on object 'Object Repository/AdminSuiteBootstrap_Pages/VT_Bootstrap/SaleKeyboard/input__zip'

2022-04-01 00:39:13 - [MESSAGE][PASSED] - Text '' is set on object 'Object Repository/AdminSuiteBootstrap_Pages/VT_Bootstrap/SaleKeyboard/input_emailAddress'

2022-04-01 00:39:15 - [MESSAGE][PASSED] - Text '' is set on object 'Object Repository/AdminSuiteBootstrap_Pages/VT_Bootstrap/SaleKeyboard/input_smsNumber'

2022-04-01 00:39:15 - [MESSAGE][PASSED] - Text '10.50' is set on object 'Object Repository/AdminSuiteBootstrap_Pages/VT_Bootstrap/SaleKeyboard/input_amount'

2022-04-01 00:39:16 - [MESSAGE][PASSED] - Text 'Australia' is set on object 'Object Repository/AdminSuiteBootstrap_Pages/VT_Bootstrap/SaleKeyboard/input_userDefined1'

2022-04-01 00:39:17 - [MESSAGE][PASSED] - Text 'Denmark' is set on object 'Object Repository/AdminSuiteBootstrap_Pages/VT_Bootstrap/SaleKeyboard/input_userDefined2'

2022-04-01 00:39:18 - [MESSAGE][PASSED] - Text 'Sweden' is set on object 'Object Repository/AdminSuiteBootstrap_Pages/VT_Bootstrap/SaleKeyboard/input_userDefined3'

2022-04-01 00:39:18 - [MESSAGE][PASSED] - Text 'Austria' is set on object 'Object Repository/AdminSuiteBootstrap_Pages/VT_Bootstrap/SaleKeyboard/input_userDefined4'

2022-04-01 00:39:19 - [MESSAGE][PASSED] - All options with label 'Orange' are selected in object 'Object Repository/AdminSuiteBootstrap_Pages/VT_Bootstrap/SaleKeyboard/select_UDF5_DropDown'  using regular expression

2022-04-01 00:39:20 - [MESSAGE][PASSED] - All options with label 'Yellow' are selected in object 'Object Repository/AdminSuiteBootstrap_Pages/VT_Bootstrap/SaleKeyboard/select_UDF6_DropDown'  using regular expression

2022-04-01 00:39:21 - [MESSAGE][PASSED] - Text 'Norway' is set on object 'Object Repository/AdminSuiteBootstrap_Pages/VT_Bootstrap/SaleKeyboard/input_userDefined7'

2022-04-01 00:39:22 - [MESSAGE][PASSED] - Text 'Netherlands' is set on object 'Object Repository/AdminSuiteBootstrap_Pages/VT_Bootstrap/SaleKeyboard/input_userDefined8'

2022-04-01 00:39:22 - [MESSAGE][PASSED] - Text 'Switzerland' is set on object 'Object Repository/AdminSuiteBootstrap_Pages/VT_Bootstrap/SaleKeyboard/input_userDefined9'

2022-04-01 00:39:23 - [MESSAGE][PASSED] - Text 'France' is set on object 'Object Repository/AdminSuiteBootstrap_Pages/VT_Bootstrap/SaleKeyboard/input_userDefined10'

2022-04-01 00:39:24 - [MESSAGE][PASSED] - Object: 'Object Repository/AdminSuiteBootstrap_Pages/VT_Bootstrap/SaleKeyboard/button_Submit' is clicked on

2022-04-01 00:39:24 - [MESSAGE][PASSED] - adminSuiteBootstrap.virtualTerminalSetData.saleKeyboard_DataDriven is PASSED

2022-04-01 00:39:24 - [TEST_STEP][PASSED] - if (verifyTextPresent("Transaction Successful", true)): null

2022-04-01 00:39:25 - [MESSAGE][PASSED] - Text 'Transaction Successful' is present on page  using regular expression

2022-04-01 00:39:25 - [TEST_STEP][PASSED] - sdf = getText(findTestObject(path_Receipt + "td_AutoNoC031622113752957Ahm")): Text of object 'Object Repository/AdminSuiteBootstrap_Pages/VT_Bootstrap/Receipt/td_AutoNoC031622113752957Ahm' is: 'AutoSin040122003716492Ahm'

2022-04-01 00:39:25 - [MESSAGE][PASSED] - Text of object 'Object Repository/AdminSuiteBootstrap_Pages/VT_Bootstrap/Receipt/td_AutoNoC031622113752957Ahm' is: 'AutoSin040122003716492Ahm'

2022-04-01 00:39:25 - [TEST_STEP][PASSED] - out.println("sdf: " + sdf): null

2022-04-01 00:39:25 - [TEST_STEP][PASSED] - remID = sdf: null

2022-04-01 00:39:25 - [TEST_STEP][PASSED] - out.println("remID: " + remID): null

2022-04-01 00:39:25 - [TEST_STEP][PASSED] - click(findTestObject(path_Receipt + "button_Continue")): Object: 'Object Repository/AdminSuiteBootstrap_Pages/VT_Bootstrap/Receipt/button_Continue' is clicked on

2022-04-01 00:39:26 - [MESSAGE][PASSED] - Object: 'Object Repository/AdminSuiteBootstrap_Pages/VT_Bootstrap/Receipt/button_Continue' is clicked on

2022-04-01 00:39:26 - [TEST_STEP][PASSED] - click(findTestObject(path_VT + "a_Search Transactions")): Object: 'Object Repository/AdminSuiteBootstrap_Pages/VT_Bootstrap/IssueTransactions/a_Search Transactions' is clicked on

2022-04-01 00:39:27 - [MESSAGE][PASSED] - Object: 'Object Repository/AdminSuiteBootstrap_Pages/VT_Bootstrap/IssueTransactions/a_Search Transactions' is clicked on

2022-04-01 00:39:27 - [TEST_STEP][PASSED] - setText(findTestObject(path_CCSearch + "input_Search By_searchValue"), remID): Text 'AutoSin040122003716492Ahm' is set on object 'Object Repository/AdminSuiteBootstrap_Pages/VT_Bootstrap/CCCreditOrVoidSearch/input_Search By_searchValue'

2022-04-01 00:39:28 - [MESSAGE][PASSED] - Text 'AutoSin040122003716492Ahm' is set on object 'Object Repository/AdminSuiteBootstrap_Pages/VT_Bootstrap/CCCreditOrVoidSearch/input_Search By_searchValue'

2022-04-01 00:39:28 - [TEST_STEP][PASSED] - click(findTestObject(path_CCSearch + "option_Authorization")): Object: 'Object Repository/AdminSuiteBootstrap_Pages/VT_Bootstrap/CCCreditOrVoidSearch/option_Authorization' is clicked on

2022-04-01 00:39:28 - [MESSAGE][PASSED] - Object: 'Object Repository/AdminSuiteBootstrap_Pages/VT_Bootstrap/CCCreditOrVoidSearch/option_Authorization' is clicked on

2022-04-01 00:39:28 - [TEST_STEP][PASSED] - click(findTestObject(path_CCSearch + "button_Submit")): Object: 'Object Repository/AdminSuiteBootstrap_Pages/VT_Bootstrap/CCCreditOrVoidSearch/button_Submit' is clicked on

2022-04-01 00:39:29 - [MESSAGE][PASSED] - Object: 'Object Repository/AdminSuiteBootstrap_Pages/VT_Bootstrap/CCCreditOrVoidSearch/button_Submit' is clicked on

2022-04-01 00:39:29 - [TEST_STEP][PASSED] - fgr = getText(findTestObject(path_SearchResults + "div_Payment ID")): Text of object 'Object Repository/AdminSuiteBootstrap_Pages/VT_Bootstrap/SearchResults/div_Payment ID' is: 'Payment ID
Payment Type
Transaction Type
Remittance ID
Name
Total Amount
End Date
Status
12114361 Credit Card Authorization AutoSin040122003716492Ahm Janaki James $15.50 04/01/2022 Success'

2022-04-01 00:39:30 - [MESSAGE][PASSED] - Text of object 'Object Repository/AdminSuiteBootstrap_Pages/VT_Bootstrap/SearchResults/div_Payment ID' is: 'Payment ID
Payment Type
Transaction Type
Remittance ID
Name
Total Amount
End Date
Status
12114361 Credit Card Authorization AutoSin040122003716492Ahm Janaki James $15.50 04/01/2022 Success'

2022-04-01 00:39:30 - [TEST_STEP][PASSED] - payID = substring(89, 98).trim(): null

2022-04-01 00:39:30 - [TEST_STEP][PASSED] - out.println("payID: " + payID): null

2022-04-01 00:39:30 - [TEST_STEP][PASSED] - click(findTestObject(path_SearchResults + "button_PaymentID")): Object: 'Object Repository/AdminSuiteBootstrap_Pages/VT_Bootstrap/SearchResults/button_PaymentID' is clicked on

2022-04-01 00:39:30 - [MESSAGE][PASSED] - Object: 'Object Repository/AdminSuiteBootstrap_Pages/VT_Bootstrap/SearchResults/button_PaymentID' is clicked on

2022-04-01 00:39:30 - [TEST_STEP][PASSED] - verifyTextPresent("Tender Type", true): Text 'Tender Type' is present on page  using regular expression

2022-04-01 00:39:31 - [MESSAGE][PASSED] - Text 'Tender Type' is present on page  using regular expression

2022-04-01 00:39:31 - [TEST_STEP][PASSED] - verifyTextPresent("Credit Card", true): Text 'Credit Card' is present on page  using regular expression

2022-04-01 00:39:31 - [MESSAGE][PASSED] - Text 'Credit Card' is present on page  using regular expression

2022-04-01 00:39:31 - [TEST_STEP][PASSED] - verifyTextPresent("Transaction Type", true): Text 'Transaction Type' is present on page  using regular expression

2022-04-01 00:39:32 - [MESSAGE][PASSED] - Text 'Transaction Type' is present on page  using regular expression

2022-04-01 00:39:32 - [TEST_STEP][PASSED] - verifyTextPresent("Authorization", true): Text 'Authorization' is present on page  using regular expression

2022-04-01 00:39:32 - [MESSAGE][PASSED] - Text 'Authorization' is present on page  using regular expression

2022-04-01 00:39:32 - [TEST_STEP][PASSED] - verifyTextPresent("Transaction Posted by", true): Text 'Transaction Posted by' is present on page  using regular expression

2022-04-01 00:39:32 - [MESSAGE][PASSED] - Text 'Transaction Posted by' is present on page  using regular expression

2022-04-01 00:39:32 - [TEST_STEP][PASSED] - verifyTextPresent("iahmed", true): Text 'iahmed' is present on page  using regular expression

2022-04-01 00:39:33 - [MESSAGE][PASSED] - Text 'iahmed' is present on page  using regular expression

2022-04-01 00:39:33 - [TEST_STEP][PASSED] - click(findTestObject(path_TranxDetails + "a_Capture this transaction")): Object: 'Object Repository/AdminSuiteBootstrap_Pages/VT_Bootstrap/TransactionDetails/a_Capture this transaction' is clicked on

2022-04-01 00:39:34 - [MESSAGE][PASSED] - Object: 'Object Repository/AdminSuiteBootstrap_Pages/VT_Bootstrap/TransactionDetails/a_Capture this transaction' is clicked on

2022-04-01 00:39:34 - [TEST_STEP][PASSED] - verifyTextPresent("Credit Card Capture", true): Text 'Credit Card Capture' is present on page  using regular expression

2022-04-01 00:39:34 - [MESSAGE][PASSED] - Text 'Credit Card Capture' is present on page  using regular expression

2022-04-01 00:39:34 - [TEST_STEP][PASSED] - captureAmount = findTestData(dataFile).getValue("CaptureAmount", row): null

2022-04-01 00:39:35 - [TEST_STEP][PASSED] - setText(findTestObject(path_SaleKB + "input_amountCapture"), captureAmount): Text '10.00' is set on object 'Object Repository/AdminSuiteBootstrap_Pages/VT_Bootstrap/SaleKeyboard/input_amountCapture'

2022-04-01 00:39:35 - [MESSAGE][PASSED] - Text '10.00' is set on object 'Object Repository/AdminSuiteBootstrap_Pages/VT_Bootstrap/SaleKeyboard/input_amountCapture'

2022-04-01 00:39:35 - [TEST_STEP][PASSED] - amountWithCF = findTestData(dataFile).getValue("AmountwithCF", row): null

2022-04-01 00:39:35 - [TEST_STEP][PASSED] - click(findTestObject(path_TranxDetails + "button_Submit")): Object: 'Object Repository/AdminSuiteBootstrap_Pages/VT_Bootstrap/TransactionDetails/button_Submit' is clicked on

2022-04-01 00:39:37 - [MESSAGE][PASSED] - Object: 'Object Repository/AdminSuiteBootstrap_Pages/VT_Bootstrap/TransactionDetails/button_Submit' is clicked on

2022-04-01 00:39:37 - [TEST_STEP][PASSED] - verifyTextPresent("Transaction Successful", true): Text 'Transaction Successful' is present on page  using regular expression

2022-04-01 00:39:38 - [MESSAGE][PASSED] - Text 'Transaction Successful' is present on page  using regular expression

2022-04-01 00:39:38 - [TEST_STEP][PASSED] - verifyTextPresent("Transaction Type", true): Text 'Transaction Type' is present on page  using regular expression

2022-04-01 00:39:38 - [MESSAGE][PASSED] - Text 'Transaction Type' is present on page  using regular expression

2022-04-01 00:39:38 - [TEST_STEP][PASSED] - verifyTextPresent("Capture", true): Text 'Capture' is present on page  using regular expression

2022-04-01 00:39:39 - [MESSAGE][PASSED] - Text 'Capture' is present on page  using regular expression

2022-04-01 00:39:39 - [TEST_STEP][PASSED] - verifyTextPresent("Amount", true): Text 'Amount' is present on page  using regular expression

2022-04-01 00:39:39 - [MESSAGE][PASSED] - Text 'Amount' is present on page  using regular expression

2022-04-01 00:39:39 - [TEST_STEP][PASSED] - verifyTextPresent("Service Fee", true): Text 'Service Fee' is present on page  using regular expression

2022-04-01 00:39:39 - [MESSAGE][PASSED] - Text 'Service Fee' is present on page  using regular expression

2022-04-01 00:39:39 - [TEST_STEP][PASSED] - verifyTextPresent("Service Fee Type", true): Text 'Service Fee Type' is present on page  using regular expression

2022-04-01 00:39:40 - [MESSAGE][PASSED] - Text 'Service Fee Type' is present on page  using regular expression

2022-04-01 00:39:40 - [TEST_STEP][PASSED] - verifyTextPresent("Total Amount", true): Text 'Total Amount' is present on page  using regular expression

2022-04-01 00:39:40 - [MESSAGE][PASSED] - Text 'Total Amount' is present on page  using regular expression

2022-04-01 00:39:40 - [TEST_STEP][PASSED] - verifyTextPresent(captureAmount, true): Text '10.00' is present on page  using regular expression

2022-04-01 00:39:40 - [MESSAGE][PASSED] - Text '10.00' is present on page  using regular expression

2022-04-01 00:39:40 - [TEST_STEP][PASSED] - verifyTextPresent("5.00", true): Text '5.00' is present on page  using regular expression

2022-04-01 00:39:41 - [MESSAGE][PASSED] - Text '5.00' is present on page  using regular expression

2022-04-01 00:39:41 - [TEST_STEP][PASSED] - verifyTextPresent("Single Transaction", true): Text 'Single Transaction' is present on page  using regular expression

2022-04-01 00:39:41 - [MESSAGE][PASSED] - Text 'Single Transaction' is present on page  using regular expression

2022-04-01 00:39:41 - [TEST_STEP][PASSED] - verifyTextPresent(amountWithCF, true): Text '15.00' is present on page  using regular expression

2022-04-01 00:39:41 - [MESSAGE][PASSED] - Text '15.00' is present on page  using regular expression

2022-04-01 00:39:41 - [TEST_STEP][PASSED] - closeBrowser(): Browser is closed

2022-04-01 00:39:42 - [MESSAGE][PASSED] - Browser is closed]]></system-out>
         <system-err><![CDATA[]]></system-err>
      </testcase>
      <testcase name="Test Cases/Admin Suite Bootstrap/VT_TestCases/ManualAuthCaptureKeyboard_TP_AllCF_Generic_Payment_TC" time="312.811" classname="Test Cases/Admin Suite Bootstrap/VT_TestCases/ManualAuthCaptureKeyboard_TP_AllCF_Generic_Payment_TC" status="PASSED">
         <system-out><![CDATA[2022-04-01 00:39:42 - [TEST_CASE][PASSED] - Test Cases/Admin Suite Bootstrap/VT_TestCases/ManualAuthCaptureKeyboard_TP_AllCF_Generic_Payment_TC: Test Cases/Admin Suite Bootstrap/VT_TestCases/ManualAuthCaptureKeyboard_TP_AllCF_Generic_Payment_TC

2022-04-01 00:39:43 - [TEST_STEP][PASSED] - path_Dashboard = "Object Repository/AdminSuiteBootstrap_Pages/Dashboard_Bootstrap/": null

2022-04-01 00:39:43 - [TEST_STEP][PASSED] - path_VT = "Object Repository/AdminSuiteBootstrap_Pages/VT_Bootstrap/IssueTransactions/": null

2022-04-01 00:39:43 - [TEST_STEP][PASSED] - path_SaleKB = "Object Repository/AdminSuiteBootstrap_Pages/VT_Bootstrap/SaleKeyboard/": null

2022-04-01 00:39:43 - [TEST_STEP][PASSED] - path_TestMinus = "Object Repository/Page_TestMinusAndAtSigns/": null

2022-04-01 00:39:43 - [TEST_STEP][PASSED] - path_Receipt = "Object Repository/AdminSuiteBootstrap_Pages/VT_Bootstrap/Receipt/": null

2022-04-01 00:39:43 - [TEST_STEP][PASSED] - path_CCSearch = "Object Repository/AdminSuiteBootstrap_Pages/VT_Bootstrap/CCCreditOrVoidSearch/": null

2022-04-01 00:39:43 - [TEST_STEP][PASSED] - path_SearchResults = "Object Repository/AdminSuiteBootstrap_Pages/VT_Bootstrap/SearchResults/": null

2022-04-01 00:39:43 - [TEST_STEP][PASSED] - path_TranxDetails = "Object Repository/AdminSuiteBootstrap_Pages/VT_Bootstrap/TransactionDetails/": null

2022-04-01 00:39:43 - [TEST_STEP][PASSED] - path_ManAuth = "Object Repository/AdminSuiteBootstrap_Pages/VT_Bootstrap/ManualAuthKeyboard/": null

2022-04-01 00:39:43 - [TEST_STEP][PASSED] - li_1 = vpos_Prefix: null

2022-04-01 00:39:43 - [TEST_STEP][PASSED] - li_2 = "/transactions/AuthOnlyForm/": null

2022-04-01 00:39:43 - [TEST_STEP][PASSED] - executionProfile = getExecutionProfile(): null

2022-04-01 00:39:43 - [TEST_STEP][PASSED] - out.println("executionProfile : " + executionProfile): null

2022-04-01 00:39:43 - [TEST_STEP][PASSED] - appName = <not implemented yet for class: org.codehaus.groovy.ast.expr.EmptyExpression>: null

2022-04-01 00:39:43 - [TEST_STEP][PASSED] - appID = <not implemented yet for class: org.codehaus.groovy.ast.expr.EmptyExpression>: null

2022-04-01 00:39:43 - [TEST_STEP][PASSED] - cardNameV = <not implemented yet for class: org.codehaus.groovy.ast.expr.EmptyExpression>: null

2022-04-01 00:39:43 - [TEST_STEP][PASSED] - al1V = <not implemented yet for class: org.codehaus.groovy.ast.expr.EmptyExpression>: null

2022-04-01 00:39:43 - [TEST_STEP][PASSED] - al2V = <not implemented yet for class: org.codehaus.groovy.ast.expr.EmptyExpression>: null

2022-04-01 00:39:43 - [TEST_STEP][PASSED] - zipV = <not implemented yet for class: org.codehaus.groovy.ast.expr.EmptyExpression>: null

2022-04-01 00:39:43 - [TEST_STEP][PASSED] - cardTypeV = <not implemented yet for class: org.codehaus.groovy.ast.expr.EmptyExpression>: null

2022-04-01 00:39:43 - [TEST_STEP][PASSED] - last4V = <not implemented yet for class: org.codehaus.groovy.ast.expr.EmptyExpression>: null

2022-04-01 00:39:43 - [TEST_STEP][PASSED] - resText = "Fail": null

2022-04-01 00:39:43 - [TEST_STEP][PASSED] - resColumn = "Result": null

2022-04-01 00:39:43 - [TEST_STEP][PASSED] - datCloumn = "Date": null

2022-04-01 00:39:43 - [TEST_STEP][PASSED] - fileLoc = "C:\KatalonData\Bootstrap\VT-Data.xlsx": null

2022-04-01 00:39:43 - [TEST_STEP][PASSED] - numOfRows = <not implemented yet for class: org.codehaus.groovy.ast.expr.EmptyExpression>: null

2022-04-01 00:39:43 - [TEST_STEP][PASSED] - dataFile = <not implemented yet for class: org.codehaus.groovy.ast.expr.EmptyExpression>: null

2022-04-01 00:39:43 - [TEST_STEP][PASSED] - nameSheet = <not implemented yet for class: org.codehaus.groovy.ast.expr.EmptyExpression>: null

2022-04-01 00:39:43 - [TEST_STEP][PASSED] - nameSheet = "VT-ManualAuthCapture-Generic": null

2022-04-01 00:39:43 - [TEST_STEP][PASSED] - numOfRows = findTestData("QA/Bootstrap/VT-TestData/VT-ManualAuthCaptureData-AllCF-Generic").getRowNumbers(): null

2022-04-01 00:39:43 - [TEST_STEP][PASSED] - println("Number of Records: " + numOfRows): null

2022-04-01 00:39:43 - [TEST_STEP][PASSED] - dataFile = "QA/Bootstrap/VT-TestData/VT-ManualAuthCaptureData-AllCF-Generic": null

2022-04-01 00:39:43 - [TEST_STEP][PASSED] - for ([row = 1, row <= numOfRows, (row++)]): null

2022-04-01 00:39:43 - [TEST_STEP][PASSED] - ExecuteTC = findTestData(dataFile).getValue("Execute", row): null

2022-04-01 00:39:43 - [TEST_STEP][PASSED] - out.println("Value of Execute is : " + ExecuteTC): null

2022-04-01 00:39:43 - [TEST_STEP][PASSED] - switch (executionProfile): null

2022-04-01 00:39:43 - [TEST_STEP][PASSED] - case "QAProfile":: null

2022-04-01 00:39:43 - [TEST_STEP][PASSED] - appName = findTestData(dataFile).getValue("AppNameQA", row): null

2022-04-01 00:39:43 - [TEST_STEP][PASSED] - appID = findTestData(dataFile).getValue("AppIDQA", row): null

2022-04-01 00:39:43 - [TEST_STEP][PASSED] - break: null

2022-04-01 00:39:43 - [TEST_STEP][PASSED] - hrefAppID = li_1 + appID + li_2: null

2022-04-01 00:39:43 - [TEST_STEP][PASSED] - hrefApp = li_1 + appID + "/": null

2022-04-01 00:39:43 - [TEST_STEP][PASSED] - println("hrefApp : " + hrefApp): null

2022-04-01 00:39:43 - [TEST_STEP][PASSED] - if (ExecuteTC.equalsIgnoreCase("Y")): null

2022-04-01 00:39:43 - [TEST_STEP][PASSED] - out.println("Begin Record Number: " + row): null

2022-04-01 00:39:43 - [TEST_STEP][PASSED] - today = new java.util.Date(): null

2022-04-01 00:39:43 - [TEST_STEP][PASSED] - println(today): null

2022-04-01 00:39:43 - [TEST_STEP][PASSED] - datText = today: null

2022-04-01 00:39:43 - [TEST_STEP][PASSED] - adminSuiteBootstrap.loginFunctionality.login_AdminSuite(): adminSuiteBootstrap.loginFunctionality.login_AdminSuite is PASSED

2022-04-01 00:39:43 - [MESSAGE][INFO] - Starting 'Chrome' driver

2022-04-01 00:39:43 - [MESSAGE][INFO] - User set preference: ['acceptInsecureCerts', 'true']

2022-04-01 00:39:43 - [MESSAGE][INFO] - Action delay is set to 0 milliseconds

2022-04-01 00:39:45 - [MESSAGE][PASSED] - Browser is opened with url: 'https://qa.velocitypayment.com/admin/imtiaz'

2022-04-01 00:39:46 - [MESSAGE][PASSED] - Current window maximized

2022-04-01 00:39:46 - [MESSAGE][PASSED] - Object 'Object Repository/Login_Page/Login_Username' is present

2022-04-01 00:39:47 - [MESSAGE][PASSED] - Text 'iahmed' is set on object 'Object Repository/Login_Page/Login_Username'

2022-04-01 00:39:47 - [MESSAGE][PASSED] - Text 'hello2222' is set on object 'Object Repository/Login_Page/Login_Password'

2022-04-01 00:39:51 - [MESSAGE][PASSED] - Object: 'Object Repository/Login_Page/Login_Submit' is clicked on

2022-04-01 00:39:51 - [MESSAGE][PASSED] - adminSuiteBootstrap.loginFunctionality.login_AdminSuite is PASSED

2022-04-01 00:39:51 - [TEST_STEP][PASSED] - click(findTestObject(path_Dashboard + appName)): Object: 'Object Repository/AdminSuiteBootstrap_Pages/Dashboard_Bootstrap/a_Access AutoNoCFtp' is clicked on

2022-04-01 00:39:52 - [MESSAGE][PASSED] - Object: 'Object Repository/AdminSuiteBootstrap_Pages/Dashboard_Bootstrap/a_Access AutoNoCFtp' is clicked on

2022-04-01 00:39:52 - [TEST_STEP][PASSED] - click(findTestObject(path_VT + "button_Authorization Only")): Object: 'Object Repository/AdminSuiteBootstrap_Pages/VT_Bootstrap/IssueTransactions/button_Authorization Only' is clicked on

2022-04-01 00:39:53 - [MESSAGE][PASSED] - Object: 'Object Repository/AdminSuiteBootstrap_Pages/VT_Bootstrap/IssueTransactions/button_Authorization Only' is clicked on

2022-04-01 00:39:53 - [TEST_STEP][PASSED] - click(findTestObject(path_VT + "button_Manual Authorization")): Object: 'Object Repository/AdminSuiteBootstrap_Pages/VT_Bootstrap/IssueTransactions/button_Manual Authorization' is clicked on

2022-04-01 00:39:55 - [MESSAGE][PASSED] - Object: 'Object Repository/AdminSuiteBootstrap_Pages/VT_Bootstrap/IssueTransactions/button_Manual Authorization' is clicked on

2022-04-01 00:39:55 - [TEST_STEP][PASSED] - adminSuiteBootstrap.virtualTerminalSetData.ManualAuthKeyboard_DataDriven(row, dataFile): adminSuiteBootstrap.virtualTerminalSetData.ManualAuthKeyboard_DataDriven is PASSED

2022-04-01 00:39:58 - [MESSAGE][PASSED] - Text 'hF57m0B2r7ZF' is set on object 'Object Repository/AdminSuiteBootstrap_Pages/VT_Bootstrap/ManualAuthKeyboard/input_RemittanceID'

2022-04-01 00:39:58 - [MESSAGE][PASSED] - Text 'Tulsi Raman' is set on object 'Object Repository/AdminSuiteBootstrap_Pages/VT_Bootstrap/ManualAuthKeyboard/input__cardName'

2022-04-01 00:39:59 - [MESSAGE][PASSED] - Execute JavaScript 'arguments[0].value ='4012000098765439' ' successfully

2022-04-01 00:40:00 - [MESSAGE][PASSED] - All options with value '12' are selected in object 'Object Repository/AdminSuiteBootstrap_Pages/VT_Bootstrap/ManualAuthKeyboard/select_MM'  using regular expression

2022-04-01 00:40:01 - [MESSAGE][PASSED] - All options with value '2025' are selected in object 'Object Repository/AdminSuiteBootstrap_Pages/VT_Bootstrap/ManualAuthKeyboard/select_YYYY'  using regular expression

2022-04-01 00:40:02 - [MESSAGE][PASSED] - All options with value 'RETL' are selected in object 'Object Repository/AdminSuiteBootstrap_Pages/VT_Bootstrap/ManualAuthKeyboard/select_TransactionCategory'  using regular expression

2022-04-01 00:40:03 - [MESSAGE][PASSED] - Text '123456' is set on object 'Object Repository/AdminSuiteBootstrap_Pages/VT_Bootstrap/ManualAuthKeyboard/input_AuthCode'

2022-04-01 00:40:04 - [MESSAGE][PASSED] - Text '36 Cornor Road' is set on object 'Object Repository/AdminSuiteBootstrap_Pages/VT_Bootstrap/ManualAuthKeyboard/input_Authorization Code_address'

2022-04-01 00:40:05 - [MESSAGE][PASSED] - Text 'Suite 500' is set on object 'Object Repository/AdminSuiteBootstrap_Pages/VT_Bootstrap/ManualAuthKeyboard/input__address2'

2022-04-01 00:40:05 - [MESSAGE][PASSED] - Text '22201' is set on object 'Object Repository/AdminSuiteBootstrap_Pages/VT_Bootstrap/ManualAuthKeyboard/input__zip'

2022-04-01 00:40:06 - [MESSAGE][PASSED] - Text '' is set on object 'Object Repository/AdminSuiteBootstrap_Pages/VT_Bootstrap/ManualAuthKeyboard/input_State_emailAddress'

2022-04-01 00:40:07 - [MESSAGE][PASSED] - Text '' is set on object 'Object Repository/AdminSuiteBootstrap_Pages/VT_Bootstrap/ManualAuthKeyboard/input_smsNumber'

2022-04-01 00:40:08 - [MESSAGE][PASSED] - Text '10.50' is set on object 'Object Repository/AdminSuiteBootstrap_Pages/VT_Bootstrap/ManualAuthKeyboard/input_amount'

2022-04-01 00:40:09 - [MESSAGE][PASSED] - Text 'Australia' is set on object 'Object Repository/AdminSuiteBootstrap_Pages/VT_Bootstrap/ManualAuthKeyboard/input__userDefined1'

2022-04-01 00:40:09 - [MESSAGE][PASSED] - Text 'Denmark' is set on object 'Object Repository/AdminSuiteBootstrap_Pages/VT_Bootstrap/ManualAuthKeyboard/input__userDefined2'

2022-04-01 00:40:10 - [MESSAGE][PASSED] - Text 'Sweden' is set on object 'Object Repository/AdminSuiteBootstrap_Pages/VT_Bootstrap/ManualAuthKeyboard/input_userDefined3'

2022-04-01 00:40:11 - [MESSAGE][PASSED] - Text 'Austria' is set on object 'Object Repository/AdminSuiteBootstrap_Pages/VT_Bootstrap/ManualAuthKeyboard/input_userDefined4'

2022-04-01 00:40:12 - [MESSAGE][PASSED] - All options with label 'Orange' are selected in object 'Object Repository/AdminSuiteBootstrap_Pages/VT_Bootstrap/ManualAuthKeyboard/select_UDF5'  using regular expression

2022-04-01 00:40:13 - [MESSAGE][PASSED] - All options with label 'Yellow' are selected in object 'Object Repository/AdminSuiteBootstrap_Pages/VT_Bootstrap/ManualAuthKeyboard/select_UDF6'  using regular expression

2022-04-01 00:40:14 - [MESSAGE][PASSED] - Text 'Norway' is set on object 'Object Repository/AdminSuiteBootstrap_Pages/VT_Bootstrap/ManualAuthKeyboard/input_userDefined7'

2022-04-01 00:40:14 - [MESSAGE][PASSED] - Text 'Netherlands' is set on object 'Object Repository/AdminSuiteBootstrap_Pages/VT_Bootstrap/ManualAuthKeyboard/input_userDefined8'

2022-04-01 00:40:15 - [MESSAGE][PASSED] - Text 'Switzerland' is set on object 'Object Repository/AdminSuiteBootstrap_Pages/VT_Bootstrap/ManualAuthKeyboard/input_userDefined9'

2022-04-01 00:40:16 - [MESSAGE][PASSED] - Text 'France' is set on object 'Object Repository/AdminSuiteBootstrap_Pages/VT_Bootstrap/ManualAuthKeyboard/input_userDefined10'

2022-04-01 00:40:17 - [MESSAGE][PASSED] - Object: 'Object Repository/AdminSuiteBootstrap_Pages/VT_Bootstrap/ManualAuthKeyboard/button_Submit' is clicked on

2022-04-01 00:40:17 - [MESSAGE][PASSED] - adminSuiteBootstrap.virtualTerminalSetData.ManualAuthKeyboard_DataDriven is PASSED

2022-04-01 00:40:17 - [TEST_STEP][PASSED] - if (verifyTextPresent("Transaction Successful", true)): null

2022-04-01 00:40:18 - [MESSAGE][PASSED] - Text 'Transaction Successful' is present on page  using regular expression

2022-04-01 00:40:18 - [TEST_STEP][PASSED] - verifyTextPresent("Manual Authorization", true): Text 'Manual Authorization' is present on page  using regular expression

2022-04-01 00:40:18 - [MESSAGE][PASSED] - Text 'Manual Authorization' is present on page  using regular expression

2022-04-01 00:40:18 - [TEST_STEP][PASSED] - sdf = getText(findTestObject(path_Receipt + "td_AutoNoC031622113752957Ahm")): Text of object 'Object Repository/AdminSuiteBootstrap_Pages/VT_Bootstrap/Receipt/td_AutoNoC031622113752957Ahm' is: 'hF57m0B2r7ZF'

2022-04-01 00:40:18 - [MESSAGE][PASSED] - Text of object 'Object Repository/AdminSuiteBootstrap_Pages/VT_Bootstrap/Receipt/td_AutoNoC031622113752957Ahm' is: 'hF57m0B2r7ZF'

2022-04-01 00:40:18 - [TEST_STEP][PASSED] - out.println("sdf: " + sdf): null

2022-04-01 00:40:18 - [TEST_STEP][PASSED] - remID = sdf: null

2022-04-01 00:40:18 - [TEST_STEP][PASSED] - out.println("remID: " + remID): null

2022-04-01 00:40:18 - [TEST_STEP][PASSED] - click(findTestObject(path_Receipt + "button_Continue")): Object: 'Object Repository/AdminSuiteBootstrap_Pages/VT_Bootstrap/Receipt/button_Continue' is clicked on

2022-04-01 00:40:19 - [MESSAGE][PASSED] - Object: 'Object Repository/AdminSuiteBootstrap_Pages/VT_Bootstrap/Receipt/button_Continue' is clicked on

2022-04-01 00:40:19 - [TEST_STEP][PASSED] - click(findTestObject(path_VT + "a_Search Transactions")): Object: 'Object Repository/AdminSuiteBootstrap_Pages/VT_Bootstrap/IssueTransactions/a_Search Transactions' is clicked on

2022-04-01 00:40:20 - [MESSAGE][PASSED] - Object: 'Object Repository/AdminSuiteBootstrap_Pages/VT_Bootstrap/IssueTransactions/a_Search Transactions' is clicked on

2022-04-01 00:40:20 - [TEST_STEP][PASSED] - setText(findTestObject(path_CCSearch + "input_Search By_searchValue"), remID): Text 'hF57m0B2r7ZF' is set on object 'Object Repository/AdminSuiteBootstrap_Pages/VT_Bootstrap/CCCreditOrVoidSearch/input_Search By_searchValue'

2022-04-01 00:40:21 - [MESSAGE][PASSED] - Text 'hF57m0B2r7ZF' is set on object 'Object Repository/AdminSuiteBootstrap_Pages/VT_Bootstrap/CCCreditOrVoidSearch/input_Search By_searchValue'

2022-04-01 00:40:21 - [TEST_STEP][PASSED] - click(findTestObject(path_CCSearch + "option_Manual Authorization")): Object: 'Object Repository/AdminSuiteBootstrap_Pages/VT_Bootstrap/CCCreditOrVoidSearch/option_Manual Authorization' is clicked on

2022-04-01 00:40:22 - [MESSAGE][PASSED] - Object: 'Object Repository/AdminSuiteBootstrap_Pages/VT_Bootstrap/CCCreditOrVoidSearch/option_Manual Authorization' is clicked on

2022-04-01 00:40:22 - [TEST_STEP][PASSED] - click(findTestObject(path_CCSearch + "button_Submit")): Object: 'Object Repository/AdminSuiteBootstrap_Pages/VT_Bootstrap/CCCreditOrVoidSearch/button_Submit' is clicked on

2022-04-01 00:40:22 - [MESSAGE][PASSED] - Object: 'Object Repository/AdminSuiteBootstrap_Pages/VT_Bootstrap/CCCreditOrVoidSearch/button_Submit' is clicked on

2022-04-01 00:40:22 - [TEST_STEP][PASSED] - fgr = getText(findTestObject(path_SearchResults + "div_Payment ID")): Text of object 'Object Repository/AdminSuiteBootstrap_Pages/VT_Bootstrap/SearchResults/div_Payment ID' is: 'Payment ID
Payment Type
Transaction Type
Remittance ID
Name
Total Amount
End Date
Status
12114363 Credit Card Manual Authorization hF57m0B2r7ZF Tulsi Raman $10.50 04/01/2022 Success'

2022-04-01 00:40:23 - [MESSAGE][PASSED] - Text of object 'Object Repository/AdminSuiteBootstrap_Pages/VT_Bootstrap/SearchResults/div_Payment ID' is: 'Payment ID
Payment Type
Transaction Type
Remittance ID
Name
Total Amount
End Date
Status
12114363 Credit Card Manual Authorization hF57m0B2r7ZF Tulsi Raman $10.50 04/01/2022 Success'

2022-04-01 00:40:23 - [TEST_STEP][PASSED] - payID = substring(89, 98).trim(): null

2022-04-01 00:40:23 - [TEST_STEP][PASSED] - out.println("payID: " + payID): null

2022-04-01 00:40:23 - [TEST_STEP][PASSED] - click(findTestObject(path_SearchResults + "button_PaymentID")): Object: 'Object Repository/AdminSuiteBootstrap_Pages/VT_Bootstrap/SearchResults/button_PaymentID' is clicked on

2022-04-01 00:40:24 - [MESSAGE][PASSED] - Object: 'Object Repository/AdminSuiteBootstrap_Pages/VT_Bootstrap/SearchResults/button_PaymentID' is clicked on

2022-04-01 00:40:24 - [TEST_STEP][PASSED] - verifyTextPresent("Tender Type", true): Text 'Tender Type' is present on page  using regular expression

2022-04-01 00:40:24 - [MESSAGE][PASSED] - Text 'Tender Type' is present on page  using regular expression

2022-04-01 00:40:24 - [TEST_STEP][PASSED] - verifyTextPresent("Credit Card", true): Text 'Credit Card' is present on page  using regular expression

2022-04-01 00:40:25 - [MESSAGE][PASSED] - Text 'Credit Card' is present on page  using regular expression

2022-04-01 00:40:25 - [TEST_STEP][PASSED] - verifyTextPresent("Transaction Type", true): Text 'Transaction Type' is present on page  using regular expression

2022-04-01 00:40:25 - [MESSAGE][PASSED] - Text 'Transaction Type' is present on page  using regular expression

2022-04-01 00:40:25 - [TEST_STEP][PASSED] - verifyTextPresent("Authorization", true): Text 'Authorization' is present on page  using regular expression

2022-04-01 00:40:25 - [MESSAGE][PASSED] - Text 'Authorization' is present on page  using regular expression

2022-04-01 00:40:25 - [TEST_STEP][PASSED] - verifyTextPresent("Transaction Posted by", true): Text 'Transaction Posted by' is present on page  using regular expression

2022-04-01 00:40:26 - [MESSAGE][PASSED] - Text 'Transaction Posted by' is present on page  using regular expression

2022-04-01 00:40:26 - [TEST_STEP][PASSED] - verifyTextPresent("iahmed", true): Text 'iahmed' is present on page  using regular expression

2022-04-01 00:40:26 - [MESSAGE][PASSED] - Text 'iahmed' is present on page  using regular expression

2022-04-01 00:40:26 - [TEST_STEP][PASSED] - click(findTestObject(path_TranxDetails + "a_Capture this transaction")): Object: 'Object Repository/AdminSuiteBootstrap_Pages/VT_Bootstrap/TransactionDetails/a_Capture this transaction' is clicked on

2022-04-01 00:40:27 - [MESSAGE][PASSED] - Object: 'Object Repository/AdminSuiteBootstrap_Pages/VT_Bootstrap/TransactionDetails/a_Capture this transaction' is clicked on

2022-04-01 00:40:27 - [TEST_STEP][PASSED] - verifyTextPresent("Credit Card Capture", true): Text 'Credit Card Capture' is present on page  using regular expression

2022-04-01 00:40:28 - [MESSAGE][PASSED] - Text 'Credit Card Capture' is present on page  using regular expression

2022-04-01 00:40:28 - [TEST_STEP][PASSED] - captureAmount = findTestData(dataFile).getValue("CaptureAmount", row): null

2022-04-01 00:40:28 - [TEST_STEP][PASSED] - setText(findTestObject(path_SaleKB + "input_amountCapture"), captureAmount): Text '10.50' is set on object 'Object Repository/AdminSuiteBootstrap_Pages/VT_Bootstrap/SaleKeyboard/input_amountCapture'

2022-04-01 00:40:29 - [MESSAGE][PASSED] - Text '10.50' is set on object 'Object Repository/AdminSuiteBootstrap_Pages/VT_Bootstrap/SaleKeyboard/input_amountCapture'

2022-04-01 00:40:29 - [TEST_STEP][PASSED] - click(findTestObject(path_TranxDetails + "button_Submit")): Object: 'Object Repository/AdminSuiteBootstrap_Pages/VT_Bootstrap/TransactionDetails/button_Submit' is clicked on

2022-04-01 00:40:30 - [MESSAGE][PASSED] - Object: 'Object Repository/AdminSuiteBootstrap_Pages/VT_Bootstrap/TransactionDetails/button_Submit' is clicked on

2022-04-01 00:40:30 - [TEST_STEP][PASSED] - verifyTextPresent("Transaction Successful", true): Text 'Transaction Successful' is present on page  using regular expression

2022-04-01 00:40:31 - [MESSAGE][PASSED] - Text 'Transaction Successful' is present on page  using regular expression

2022-04-01 00:40:31 - [TEST_STEP][PASSED] - verifyTextPresent("Transaction Type", true): Text 'Transaction Type' is present on page  using regular expression

2022-04-01 00:40:31 - [MESSAGE][PASSED] - Text 'Transaction Type' is present on page  using regular expression

2022-04-01 00:40:31 - [TEST_STEP][PASSED] - verifyTextPresent("Capture", true): Text 'Capture' is present on page  using regular expression

2022-04-01 00:40:32 - [MESSAGE][PASSED] - Text 'Capture' is present on page  using regular expression

2022-04-01 00:40:32 - [TEST_STEP][PASSED] - verifyTextPresent("Amount", true): Text 'Amount' is present on page  using regular expression

2022-04-01 00:40:32 - [MESSAGE][PASSED] - Text 'Amount' is present on page  using regular expression

2022-04-01 00:40:32 - [TEST_STEP][PASSED] - verifyTextPresent(captureAmount, true): Text '10.50' is present on page  using regular expression

2022-04-01 00:40:32 - [MESSAGE][PASSED] - Text '10.50' is present on page  using regular expression

2022-04-01 00:40:32 - [TEST_STEP][PASSED] - closeBrowser(): Browser is closed

2022-04-01 00:40:33 - [MESSAGE][PASSED] - Browser is closed

2022-04-01 00:40:33 - [TEST_STEP][PASSED] - ExecuteTC = findTestData(dataFile).getValue("Execute", row): null

2022-04-01 00:40:33 - [TEST_STEP][PASSED] - out.println("Value of Execute is : " + ExecuteTC): null

2022-04-01 00:40:33 - [TEST_STEP][PASSED] - switch (executionProfile): null

2022-04-01 00:40:33 - [TEST_STEP][PASSED] - case "QAProfile":: null

2022-04-01 00:40:33 - [TEST_STEP][PASSED] - appName = findTestData(dataFile).getValue("AppNameQA", row): null

2022-04-01 00:40:33 - [TEST_STEP][PASSED] - appID = findTestData(dataFile).getValue("AppIDQA", row): null

2022-04-01 00:40:33 - [TEST_STEP][PASSED] - break: null

2022-04-01 00:40:33 - [TEST_STEP][PASSED] - hrefAppID = li_1 + appID + li_2: null

2022-04-01 00:40:33 - [TEST_STEP][PASSED] - hrefApp = li_1 + appID + "/": null

2022-04-01 00:40:33 - [TEST_STEP][PASSED] - println("hrefApp : " + hrefApp): null

2022-04-01 00:40:33 - [TEST_STEP][PASSED] - if (ExecuteTC.equalsIgnoreCase("Y")): null

2022-04-01 00:40:33 - [TEST_STEP][PASSED] - out.println("Begin Record Number: " + row): null

2022-04-01 00:40:33 - [TEST_STEP][PASSED] - today = new java.util.Date(): null

2022-04-01 00:40:33 - [TEST_STEP][PASSED] - println(today): null

2022-04-01 00:40:33 - [TEST_STEP][PASSED] - datText = today: null

2022-04-01 00:40:33 - [TEST_STEP][PASSED] - adminSuiteBootstrap.loginFunctionality.login_AdminSuite(): adminSuiteBootstrap.loginFunctionality.login_AdminSuite is PASSED

2022-04-01 00:40:33 - [MESSAGE][INFO] - Starting 'Chrome' driver

2022-04-01 00:40:33 - [MESSAGE][INFO] - User set preference: ['acceptInsecureCerts', 'true']

2022-04-01 00:40:33 - [MESSAGE][INFO] - Action delay is set to 0 milliseconds

2022-04-01 00:40:36 - [MESSAGE][PASSED] - Browser is opened with url: 'https://qa.velocitypayment.com/admin/imtiaz'

2022-04-01 00:40:37 - [MESSAGE][PASSED] - Current window maximized

2022-04-01 00:40:37 - [MESSAGE][PASSED] - Object 'Object Repository/Login_Page/Login_Username' is present

2022-04-01 00:40:38 - [MESSAGE][PASSED] - Text 'iahmed' is set on object 'Object Repository/Login_Page/Login_Username'

2022-04-01 00:40:38 - [MESSAGE][PASSED] - Text 'hello2222' is set on object 'Object Repository/Login_Page/Login_Password'

2022-04-01 00:40:43 - [MESSAGE][PASSED] - Object: 'Object Repository/Login_Page/Login_Submit' is clicked on

2022-04-01 00:40:43 - [MESSAGE][PASSED] - adminSuiteBootstrap.loginFunctionality.login_AdminSuite is PASSED

2022-04-01 00:40:43 - [TEST_STEP][PASSED] - click(findTestObject(path_Dashboard + appName)): Object: 'Object Repository/AdminSuiteBootstrap_Pages/Dashboard_Bootstrap/a_Access AutoNoCFtp' is clicked on

2022-04-01 00:40:45 - [MESSAGE][PASSED] - Object: 'Object Repository/AdminSuiteBootstrap_Pages/Dashboard_Bootstrap/a_Access AutoNoCFtp' is clicked on

2022-04-01 00:40:45 - [TEST_STEP][PASSED] - click(findTestObject(path_VT + "button_Authorization Only")): Object: 'Object Repository/AdminSuiteBootstrap_Pages/VT_Bootstrap/IssueTransactions/button_Authorization Only' is clicked on

2022-04-01 00:40:45 - [MESSAGE][PASSED] - Object: 'Object Repository/AdminSuiteBootstrap_Pages/VT_Bootstrap/IssueTransactions/button_Authorization Only' is clicked on

2022-04-01 00:40:45 - [TEST_STEP][PASSED] - click(findTestObject(path_VT + "button_Manual Authorization")): Object: 'Object Repository/AdminSuiteBootstrap_Pages/VT_Bootstrap/IssueTransactions/button_Manual Authorization' is clicked on

2022-04-01 00:40:48 - [MESSAGE][PASSED] - Object: 'Object Repository/AdminSuiteBootstrap_Pages/VT_Bootstrap/IssueTransactions/button_Manual Authorization' is clicked on

2022-04-01 00:40:48 - [TEST_STEP][PASSED] - adminSuiteBootstrap.virtualTerminalSetData.ManualAuthKeyboard_DataDriven(row, dataFile): adminSuiteBootstrap.virtualTerminalSetData.ManualAuthKeyboard_DataDriven is PASSED

2022-04-01 00:40:51 - [MESSAGE][PASSED] - Text 'zEyWkIpK93Jk' is set on object 'Object Repository/AdminSuiteBootstrap_Pages/VT_Bootstrap/ManualAuthKeyboard/input_RemittanceID'

2022-04-01 00:40:52 - [MESSAGE][PASSED] - Text 'Janaki James' is set on object 'Object Repository/AdminSuiteBootstrap_Pages/VT_Bootstrap/ManualAuthKeyboard/input__cardName'

2022-04-01 00:40:52 - [MESSAGE][PASSED] - Execute JavaScript 'arguments[0].value ='4012000098765439' ' successfully

2022-04-01 00:40:53 - [MESSAGE][PASSED] - All options with value '12' are selected in object 'Object Repository/AdminSuiteBootstrap_Pages/VT_Bootstrap/ManualAuthKeyboard/select_MM'  using regular expression

2022-04-01 00:40:54 - [MESSAGE][PASSED] - All options with value '2025' are selected in object 'Object Repository/AdminSuiteBootstrap_Pages/VT_Bootstrap/ManualAuthKeyboard/select_YYYY'  using regular expression

2022-04-01 00:40:55 - [MESSAGE][PASSED] - All options with value 'MOTO' are selected in object 'Object Repository/AdminSuiteBootstrap_Pages/VT_Bootstrap/ManualAuthKeyboard/select_TransactionCategory'  using regular expression

2022-04-01 00:40:56 - [MESSAGE][PASSED] - Text '123456' is set on object 'Object Repository/AdminSuiteBootstrap_Pages/VT_Bootstrap/ManualAuthKeyboard/input_AuthCode'

2022-04-01 00:40:57 - [MESSAGE][PASSED] - Text '36 Cornor Road' is set on object 'Object Repository/AdminSuiteBootstrap_Pages/VT_Bootstrap/ManualAuthKeyboard/input_Authorization Code_address'

2022-04-01 00:40:57 - [MESSAGE][PASSED] - Text 'Suite 500' is set on object 'Object Repository/AdminSuiteBootstrap_Pages/VT_Bootstrap/ManualAuthKeyboard/input__address2'

2022-04-01 00:40:58 - [MESSAGE][PASSED] - Text '22201' is set on object 'Object Repository/AdminSuiteBootstrap_Pages/VT_Bootstrap/ManualAuthKeyboard/input__zip'

2022-04-01 00:40:59 - [MESSAGE][PASSED] - Text '' is set on object 'Object Repository/AdminSuiteBootstrap_Pages/VT_Bootstrap/ManualAuthKeyboard/input_State_emailAddress'

2022-04-01 00:41:00 - [MESSAGE][PASSED] - Text '' is set on object 'Object Repository/AdminSuiteBootstrap_Pages/VT_Bootstrap/ManualAuthKeyboard/input_smsNumber'

2022-04-01 00:41:01 - [MESSAGE][PASSED] - Text '10.50' is set on object 'Object Repository/AdminSuiteBootstrap_Pages/VT_Bootstrap/ManualAuthKeyboard/input_amount'

2022-04-01 00:41:02 - [MESSAGE][PASSED] - Text 'Australia' is set on object 'Object Repository/AdminSuiteBootstrap_Pages/VT_Bootstrap/ManualAuthKeyboard/input__userDefined1'

2022-04-01 00:41:03 - [MESSAGE][PASSED] - Text 'Denmark' is set on object 'Object Repository/AdminSuiteBootstrap_Pages/VT_Bootstrap/ManualAuthKeyboard/input__userDefined2'

2022-04-01 00:41:03 - [MESSAGE][PASSED] - Text 'Sweden' is set on object 'Object Repository/AdminSuiteBootstrap_Pages/VT_Bootstrap/ManualAuthKeyboard/input_userDefined3'

2022-04-01 00:41:04 - [MESSAGE][PASSED] - Text 'Austria' is set on object 'Object Repository/AdminSuiteBootstrap_Pages/VT_Bootstrap/ManualAuthKeyboard/input_userDefined4'

2022-04-01 00:41:05 - [MESSAGE][PASSED] - All options with label 'Orange' are selected in object 'Object Repository/AdminSuiteBootstrap_Pages/VT_Bootstrap/ManualAuthKeyboard/select_UDF5'  using regular expression

2022-04-01 00:41:06 - [MESSAGE][PASSED] - All options with label 'Yellow' are selected in object 'Object Repository/AdminSuiteBootstrap_Pages/VT_Bootstrap/ManualAuthKeyboard/select_UDF6'  using regular expression

2022-04-01 00:41:07 - [MESSAGE][PASSED] - Text 'Norway' is set on object 'Object Repository/AdminSuiteBootstrap_Pages/VT_Bootstrap/ManualAuthKeyboard/input_userDefined7'

2022-04-01 00:41:07 - [MESSAGE][PASSED] - Text 'Netherlands' is set on object 'Object Repository/AdminSuiteBootstrap_Pages/VT_Bootstrap/ManualAuthKeyboard/input_userDefined8'

2022-04-01 00:41:08 - [MESSAGE][PASSED] - Text 'Switzerland' is set on object 'Object Repository/AdminSuiteBootstrap_Pages/VT_Bootstrap/ManualAuthKeyboard/input_userDefined9'

2022-04-01 00:41:09 - [MESSAGE][PASSED] - Text 'France' is set on object 'Object Repository/AdminSuiteBootstrap_Pages/VT_Bootstrap/ManualAuthKeyboard/input_userDefined10'

2022-04-01 00:41:11 - [MESSAGE][PASSED] - Object: 'Object Repository/AdminSuiteBootstrap_Pages/VT_Bootstrap/ManualAuthKeyboard/button_Submit' is clicked on

2022-04-01 00:41:11 - [MESSAGE][PASSED] - adminSuiteBootstrap.virtualTerminalSetData.ManualAuthKeyboard_DataDriven is PASSED

2022-04-01 00:41:11 - [TEST_STEP][PASSED] - if (verifyTextPresent("Transaction Successful", true)): null

2022-04-01 00:41:12 - [MESSAGE][PASSED] - Text 'Transaction Successful' is present on page  using regular expression

2022-04-01 00:41:12 - [TEST_STEP][PASSED] - verifyTextPresent("Manual Authorization", true): Text 'Manual Authorization' is present on page  using regular expression

2022-04-01 00:41:12 - [MESSAGE][PASSED] - Text 'Manual Authorization' is present on page  using regular expression

2022-04-01 00:41:12 - [TEST_STEP][PASSED] - sdf = getText(findTestObject(path_Receipt + "td_AutoNoC031622113752957Ahm")): Text of object 'Object Repository/AdminSuiteBootstrap_Pages/VT_Bootstrap/Receipt/td_AutoNoC031622113752957Ahm' is: 'zEyWkIpK93Jk'

2022-04-01 00:41:13 - [MESSAGE][PASSED] - Text of object 'Object Repository/AdminSuiteBootstrap_Pages/VT_Bootstrap/Receipt/td_AutoNoC031622113752957Ahm' is: 'zEyWkIpK93Jk'

2022-04-01 00:41:13 - [TEST_STEP][PASSED] - out.println("sdf: " + sdf): null

2022-04-01 00:41:13 - [TEST_STEP][PASSED] - remID = sdf: null

2022-04-01 00:41:13 - [TEST_STEP][PASSED] - out.println("remID: " + remID): null

2022-04-01 00:41:13 - [TEST_STEP][PASSED] - click(findTestObject(path_Receipt + "button_Continue")): Object: 'Object Repository/AdminSuiteBootstrap_Pages/VT_Bootstrap/Receipt/button_Continue' is clicked on

2022-04-01 00:41:14 - [MESSAGE][PASSED] - Object: 'Object Repository/AdminSuiteBootstrap_Pages/VT_Bootstrap/Receipt/button_Continue' is clicked on

2022-04-01 00:41:14 - [TEST_STEP][PASSED] - click(findTestObject(path_VT + "a_Search Transactions")): Object: 'Object Repository/AdminSuiteBootstrap_Pages/VT_Bootstrap/IssueTransactions/a_Search Transactions' is clicked on

2022-04-01 00:41:16 - [MESSAGE][PASSED] - Object: 'Object Repository/AdminSuiteBootstrap_Pages/VT_Bootstrap/IssueTransactions/a_Search Transactions' is clicked on

2022-04-01 00:41:16 - [TEST_STEP][PASSED] - setText(findTestObject(path_CCSearch + "input_Search By_searchValue"), remID): Text 'zEyWkIpK93Jk' is set on object 'Object Repository/AdminSuiteBootstrap_Pages/VT_Bootstrap/CCCreditOrVoidSearch/input_Search By_searchValue'

2022-04-01 00:41:17 - [MESSAGE][PASSED] - Text 'zEyWkIpK93Jk' is set on object 'Object Repository/AdminSuiteBootstrap_Pages/VT_Bootstrap/CCCreditOrVoidSearch/input_Search By_searchValue'

2022-04-01 00:41:17 - [TEST_STEP][PASSED] - click(findTestObject(path_CCSearch + "option_Manual Authorization")): Object: 'Object Repository/AdminSuiteBootstrap_Pages/VT_Bootstrap/CCCreditOrVoidSearch/option_Manual Authorization' is clicked on

2022-04-01 00:41:17 - [MESSAGE][PASSED] - Object: 'Object Repository/AdminSuiteBootstrap_Pages/VT_Bootstrap/CCCreditOrVoidSearch/option_Manual Authorization' is clicked on

2022-04-01 00:41:17 - [TEST_STEP][PASSED] - click(findTestObject(path_CCSearch + "button_Submit")): Object: 'Object Repository/AdminSuiteBootstrap_Pages/VT_Bootstrap/CCCreditOrVoidSearch/button_Submit' is clicked on

2022-04-01 00:41:19 - [MESSAGE][PASSED] - Object: 'Object Repository/AdminSuiteBootstrap_Pages/VT_Bootstrap/CCCreditOrVoidSearch/button_Submit' is clicked on

2022-04-01 00:41:19 - [TEST_STEP][PASSED] - fgr = getText(findTestObject(path_SearchResults + "div_Payment ID")): Text of object 'Object Repository/AdminSuiteBootstrap_Pages/VT_Bootstrap/SearchResults/div_Payment ID' is: 'Payment ID
Payment Type
Transaction Type
Remittance ID
Name
Total Amount
End Date
Status
12114365 Credit Card Manual Authorization zEyWkIpK93Jk Janaki James $10.50 04/01/2022 Success'

2022-04-01 00:41:19 - [MESSAGE][PASSED] - Text of object 'Object Repository/AdminSuiteBootstrap_Pages/VT_Bootstrap/SearchResults/div_Payment ID' is: 'Payment ID
Payment Type
Transaction Type
Remittance ID
Name
Total Amount
End Date
Status
12114365 Credit Card Manual Authorization zEyWkIpK93Jk Janaki James $10.50 04/01/2022 Success'

2022-04-01 00:41:19 - [TEST_STEP][PASSED] - payID = substring(89, 98).trim(): null

2022-04-01 00:41:19 - [TEST_STEP][PASSED] - out.println("payID: " + payID): null

2022-04-01 00:41:19 - [TEST_STEP][PASSED] - click(findTestObject(path_SearchResults + "button_PaymentID")): Object: 'Object Repository/AdminSuiteBootstrap_Pages/VT_Bootstrap/SearchResults/button_PaymentID' is clicked on

2022-04-01 00:41:21 - [MESSAGE][PASSED] - Object: 'Object Repository/AdminSuiteBootstrap_Pages/VT_Bootstrap/SearchResults/button_PaymentID' is clicked on

2022-04-01 00:41:21 - [TEST_STEP][PASSED] - verifyTextPresent("Tender Type", true): Text 'Tender Type' is present on page  using regular expression

2022-04-01 00:41:21 - [MESSAGE][PASSED] - Text 'Tender Type' is present on page  using regular expression

2022-04-01 00:41:21 - [TEST_STEP][PASSED] - verifyTextPresent("Credit Card", true): Text 'Credit Card' is present on page  using regular expression

2022-04-01 00:41:22 - [MESSAGE][PASSED] - Text 'Credit Card' is present on page  using regular expression

2022-04-01 00:41:22 - [TEST_STEP][PASSED] - verifyTextPresent("Transaction Type", true): Text 'Transaction Type' is present on page  using regular expression

2022-04-01 00:41:22 - [MESSAGE][PASSED] - Text 'Transaction Type' is present on page  using regular expression

2022-04-01 00:41:22 - [TEST_STEP][PASSED] - verifyTextPresent("Authorization", true): Text 'Authorization' is present on page  using regular expression

2022-04-01 00:41:22 - [MESSAGE][PASSED] - Text 'Authorization' is present on page  using regular expression

2022-04-01 00:41:22 - [TEST_STEP][PASSED] - verifyTextPresent("Transaction Posted by", true): Text 'Transaction Posted by' is present on page  using regular expression

2022-04-01 00:41:23 - [MESSAGE][PASSED] - Text 'Transaction Posted by' is present on page  using regular expression

2022-04-01 00:41:23 - [TEST_STEP][PASSED] - verifyTextPresent("iahmed", true): Text 'iahmed' is present on page  using regular expression

2022-04-01 00:41:23 - [MESSAGE][PASSED] - Text 'iahmed' is present on page  using regular expression

2022-04-01 00:41:23 - [TEST_STEP][PASSED] - click(findTestObject(path_TranxDetails + "a_Capture this transaction")): Object: 'Object Repository/AdminSuiteBootstrap_Pages/VT_Bootstrap/TransactionDetails/a_Capture this transaction' is clicked on

2022-04-01 00:41:26 - [MESSAGE][PASSED] - Object: 'Object Repository/AdminSuiteBootstrap_Pages/VT_Bootstrap/TransactionDetails/a_Capture this transaction' is clicked on

2022-04-01 00:41:26 - [TEST_STEP][PASSED] - verifyTextPresent("Credit Card Capture", true): Text 'Credit Card Capture' is present on page  using regular expression

2022-04-01 00:41:26 - [MESSAGE][PASSED] - Text 'Credit Card Capture' is present on page  using regular expression

2022-04-01 00:41:26 - [TEST_STEP][PASSED] - captureAmount = findTestData(dataFile).getValue("CaptureAmount", row): null

2022-04-01 00:41:26 - [TEST_STEP][PASSED] - setText(findTestObject(path_SaleKB + "input_amountCapture"), captureAmount): Text '8.50' is set on object 'Object Repository/AdminSuiteBootstrap_Pages/VT_Bootstrap/SaleKeyboard/input_amountCapture'

2022-04-01 00:41:27 - [MESSAGE][PASSED] - Text '8.50' is set on object 'Object Repository/AdminSuiteBootstrap_Pages/VT_Bootstrap/SaleKeyboard/input_amountCapture'

2022-04-01 00:41:27 - [TEST_STEP][PASSED] - click(findTestObject(path_TranxDetails + "button_Submit")): Object: 'Object Repository/AdminSuiteBootstrap_Pages/VT_Bootstrap/TransactionDetails/button_Submit' is clicked on

2022-04-01 00:41:30 - [MESSAGE][PASSED] - Object: 'Object Repository/AdminSuiteBootstrap_Pages/VT_Bootstrap/TransactionDetails/button_Submit' is clicked on

2022-04-01 00:41:30 - [TEST_STEP][PASSED] - verifyTextPresent("Transaction Successful", true): Text 'Transaction Successful' is present on page  using regular expression

2022-04-01 00:41:30 - [MESSAGE][PASSED] - Text 'Transaction Successful' is present on page  using regular expression

2022-04-01 00:41:30 - [TEST_STEP][PASSED] - verifyTextPresent("Transaction Type", true): Text 'Transaction Type' is present on page  using regular expression

2022-04-01 00:41:31 - [MESSAGE][PASSED] - Text 'Transaction Type' is present on page  using regular expression

2022-04-01 00:41:31 - [TEST_STEP][PASSED] - verifyTextPresent("Capture", true): Text 'Capture' is present on page  using regular expression

2022-04-01 00:41:31 - [MESSAGE][PASSED] - Text 'Capture' is present on page  using regular expression

2022-04-01 00:41:31 - [TEST_STEP][PASSED] - verifyTextPresent("Amount", true): Text 'Amount' is present on page  using regular expression

2022-04-01 00:41:31 - [MESSAGE][PASSED] - Text 'Amount' is present on page  using regular expression

2022-04-01 00:41:31 - [TEST_STEP][PASSED] - verifyTextPresent(captureAmount, true): Text '8.50' is present on page  using regular expression

2022-04-01 00:41:32 - [MESSAGE][PASSED] - Text '8.50' is present on page  using regular expression

2022-04-01 00:41:32 - [TEST_STEP][PASSED] - closeBrowser(): Browser is closed

2022-04-01 00:41:33 - [MESSAGE][PASSED] - Browser is closed

2022-04-01 00:41:33 - [TEST_STEP][PASSED] - ExecuteTC = findTestData(dataFile).getValue("Execute", row): null

2022-04-01 00:41:33 - [TEST_STEP][PASSED] - out.println("Value of Execute is : " + ExecuteTC): null

2022-04-01 00:41:33 - [TEST_STEP][PASSED] - switch (executionProfile): null

2022-04-01 00:41:33 - [TEST_STEP][PASSED] - case "QAProfile":: null

2022-04-01 00:41:33 - [TEST_STEP][PASSED] - appName = findTestData(dataFile).getValue("AppNameQA", row): null

2022-04-01 00:41:33 - [TEST_STEP][PASSED] - appID = findTestData(dataFile).getValue("AppIDQA", row): null

2022-04-01 00:41:33 - [TEST_STEP][PASSED] - break: null

2022-04-01 00:41:33 - [TEST_STEP][PASSED] - hrefAppID = li_1 + appID + li_2: null

2022-04-01 00:41:33 - [TEST_STEP][PASSED] - hrefApp = li_1 + appID + "/": null

2022-04-01 00:41:33 - [TEST_STEP][PASSED] - println("hrefApp : " + hrefApp): null

2022-04-01 00:41:33 - [TEST_STEP][PASSED] - if (ExecuteTC.equalsIgnoreCase("Y")): null

2022-04-01 00:41:33 - [TEST_STEP][PASSED] - out.println("Begin Record Number: " + row): null

2022-04-01 00:41:33 - [TEST_STEP][PASSED] - today = new java.util.Date(): null

2022-04-01 00:41:33 - [TEST_STEP][PASSED] - println(today): null

2022-04-01 00:41:33 - [TEST_STEP][PASSED] - datText = today: null

2022-04-01 00:41:33 - [TEST_STEP][PASSED] - adminSuiteBootstrap.loginFunctionality.login_AdminSuite(): adminSuiteBootstrap.loginFunctionality.login_AdminSuite is PASSED

2022-04-01 00:41:33 - [MESSAGE][INFO] - Starting 'Chrome' driver

2022-04-01 00:41:33 - [MESSAGE][INFO] - User set preference: ['acceptInsecureCerts', 'true']

2022-04-01 00:41:33 - [MESSAGE][INFO] - Action delay is set to 0 milliseconds

2022-04-01 00:41:36 - [MESSAGE][PASSED] - Browser is opened with url: 'https://qa.velocitypayment.com/admin/imtiaz'

2022-04-01 00:41:36 - [MESSAGE][PASSED] - Current window maximized

2022-04-01 00:41:37 - [MESSAGE][PASSED] - Object 'Object Repository/Login_Page/Login_Username' is present

2022-04-01 00:41:37 - [MESSAGE][PASSED] - Text 'iahmed' is set on object 'Object Repository/Login_Page/Login_Username'

2022-04-01 00:41:38 - [MESSAGE][PASSED] - Text 'hello2222' is set on object 'Object Repository/Login_Page/Login_Password'

2022-04-01 00:41:41 - [MESSAGE][PASSED] - Object: 'Object Repository/Login_Page/Login_Submit' is clicked on

2022-04-01 00:41:41 - [MESSAGE][PASSED] - adminSuiteBootstrap.loginFunctionality.login_AdminSuite is PASSED

2022-04-01 00:41:41 - [TEST_STEP][PASSED] - click(findTestObject(path_Dashboard + appName)): Object: 'Object Repository/AdminSuiteBootstrap_Pages/Dashboard_Bootstrap/a_Access AutoSingleCFtpQA' is clicked on

2022-04-01 00:41:42 - [MESSAGE][PASSED] - Object: 'Object Repository/AdminSuiteBootstrap_Pages/Dashboard_Bootstrap/a_Access AutoSingleCFtpQA' is clicked on

2022-04-01 00:41:42 - [TEST_STEP][PASSED] - click(findTestObject(path_VT + "button_Authorization Only")): Object: 'Object Repository/AdminSuiteBootstrap_Pages/VT_Bootstrap/IssueTransactions/button_Authorization Only' is clicked on

2022-04-01 00:41:42 - [MESSAGE][PASSED] - Object: 'Object Repository/AdminSuiteBootstrap_Pages/VT_Bootstrap/IssueTransactions/button_Authorization Only' is clicked on

2022-04-01 00:41:42 - [TEST_STEP][PASSED] - click(findTestObject(path_VT + "button_Manual Authorization")): Object: 'Object Repository/AdminSuiteBootstrap_Pages/VT_Bootstrap/IssueTransactions/button_Manual Authorization' is clicked on

2022-04-01 00:41:43 - [MESSAGE][PASSED] - Object: 'Object Repository/AdminSuiteBootstrap_Pages/VT_Bootstrap/IssueTransactions/button_Manual Authorization' is clicked on

2022-04-01 00:41:43 - [TEST_STEP][PASSED] - adminSuiteBootstrap.virtualTerminalSetData.ManualAuthKeyboard_DataDriven(row, dataFile): adminSuiteBootstrap.virtualTerminalSetData.ManualAuthKeyboard_DataDriven is PASSED

2022-04-01 00:41:46 - [MESSAGE][PASSED] - Text 'VAMEKyWDmUX4' is set on object 'Object Repository/AdminSuiteBootstrap_Pages/VT_Bootstrap/ManualAuthKeyboard/input_RemittanceID'

2022-04-01 00:41:47 - [MESSAGE][PASSED] - Text 'Tulsi Raman' is set on object 'Object Repository/AdminSuiteBootstrap_Pages/VT_Bootstrap/ManualAuthKeyboard/input__cardName'

2022-04-01 00:41:47 - [MESSAGE][PASSED] - Execute JavaScript 'arguments[0].value ='5146312200000035' ' successfully

2022-04-01 00:41:48 - [MESSAGE][PASSED] - All options with value '12' are selected in object 'Object Repository/AdminSuiteBootstrap_Pages/VT_Bootstrap/ManualAuthKeyboard/select_MM'  using regular expression

2022-04-01 00:41:49 - [MESSAGE][PASSED] - All options with value '2025' are selected in object 'Object Repository/AdminSuiteBootstrap_Pages/VT_Bootstrap/ManualAuthKeyboard/select_YYYY'  using regular expression

2022-04-01 00:41:50 - [MESSAGE][PASSED] - All options with value 'RETL' are selected in object 'Object Repository/AdminSuiteBootstrap_Pages/VT_Bootstrap/ManualAuthKeyboard/select_TransactionCategory'  using regular expression

2022-04-01 00:41:51 - [MESSAGE][PASSED] - Text '123456' is set on object 'Object Repository/AdminSuiteBootstrap_Pages/VT_Bootstrap/ManualAuthKeyboard/input_AuthCode'

2022-04-01 00:41:52 - [MESSAGE][PASSED] - Text '1478 Jhatka Palace' is set on object 'Object Repository/AdminSuiteBootstrap_Pages/VT_Bootstrap/ManualAuthKeyboard/input_Authorization Code_address'

2022-04-01 00:41:53 - [MESSAGE][PASSED] - Text 'Suite 500' is set on object 'Object Repository/AdminSuiteBootstrap_Pages/VT_Bootstrap/ManualAuthKeyboard/input__address2'

2022-04-01 00:41:53 - [MESSAGE][PASSED] - Text '22201' is set on object 'Object Repository/AdminSuiteBootstrap_Pages/VT_Bootstrap/ManualAuthKeyboard/input__zip'

2022-04-01 00:41:54 - [MESSAGE][PASSED] - Text '' is set on object 'Object Repository/AdminSuiteBootstrap_Pages/VT_Bootstrap/ManualAuthKeyboard/input_State_emailAddress'

2022-04-01 00:41:55 - [MESSAGE][PASSED] - Text '' is set on object 'Object Repository/AdminSuiteBootstrap_Pages/VT_Bootstrap/ManualAuthKeyboard/input_smsNumber'

2022-04-01 00:41:56 - [MESSAGE][PASSED] - Text '10.50' is set on object 'Object Repository/AdminSuiteBootstrap_Pages/VT_Bootstrap/ManualAuthKeyboard/input_amount'

2022-04-01 00:41:57 - [MESSAGE][PASSED] - Text 'Australia' is set on object 'Object Repository/AdminSuiteBootstrap_Pages/VT_Bootstrap/ManualAuthKeyboard/input__userDefined1'

2022-04-01 00:41:58 - [MESSAGE][PASSED] - Text 'Denmark' is set on object 'Object Repository/AdminSuiteBootstrap_Pages/VT_Bootstrap/ManualAuthKeyboard/input__userDefined2'

2022-04-01 00:41:59 - [MESSAGE][PASSED] - Text 'Sweden' is set on object 'Object Repository/AdminSuiteBootstrap_Pages/VT_Bootstrap/ManualAuthKeyboard/input_userDefined3'

2022-04-01 00:41:59 - [MESSAGE][PASSED] - Text 'Austria' is set on object 'Object Repository/AdminSuiteBootstrap_Pages/VT_Bootstrap/ManualAuthKeyboard/input_userDefined4'

2022-04-01 00:42:00 - [MESSAGE][PASSED] - All options with label 'Orange' are selected in object 'Object Repository/AdminSuiteBootstrap_Pages/VT_Bootstrap/ManualAuthKeyboard/select_UDF5'  using regular expression

2022-04-01 00:42:01 - [MESSAGE][PASSED] - All options with label 'Yellow' are selected in object 'Object Repository/AdminSuiteBootstrap_Pages/VT_Bootstrap/ManualAuthKeyboard/select_UDF6'  using regular expression

2022-04-01 00:42:02 - [MESSAGE][PASSED] - Text 'Norway' is set on object 'Object Repository/AdminSuiteBootstrap_Pages/VT_Bootstrap/ManualAuthKeyboard/input_userDefined7'

2022-04-01 00:42:03 - [MESSAGE][PASSED] - Text 'Netherlands' is set on object 'Object Repository/AdminSuiteBootstrap_Pages/VT_Bootstrap/ManualAuthKeyboard/input_userDefined8'

2022-04-01 00:42:04 - [MESSAGE][PASSED] - Text 'Switzerland' is set on object 'Object Repository/AdminSuiteBootstrap_Pages/VT_Bootstrap/ManualAuthKeyboard/input_userDefined9'

2022-04-01 00:42:04 - [MESSAGE][PASSED] - Text 'France' is set on object 'Object Repository/AdminSuiteBootstrap_Pages/VT_Bootstrap/ManualAuthKeyboard/input_userDefined10'

2022-04-01 00:42:06 - [MESSAGE][PASSED] - Object: 'Object Repository/AdminSuiteBootstrap_Pages/VT_Bootstrap/ManualAuthKeyboard/button_Submit' is clicked on

2022-04-01 00:42:06 - [MESSAGE][PASSED] - adminSuiteBootstrap.virtualTerminalSetData.ManualAuthKeyboard_DataDriven is PASSED

2022-04-01 00:42:06 - [TEST_STEP][PASSED] - if (verifyTextPresent("Transaction Successful", true)): null

2022-04-01 00:42:06 - [MESSAGE][PASSED] - Text 'Transaction Successful' is present on page  using regular expression

2022-04-01 00:42:06 - [TEST_STEP][PASSED] - verifyTextPresent("Manual Authorization", true): Text 'Manual Authorization' is present on page  using regular expression

2022-04-01 00:42:07 - [MESSAGE][PASSED] - Text 'Manual Authorization' is present on page  using regular expression

2022-04-01 00:42:07 - [TEST_STEP][PASSED] - sdf = getText(findTestObject(path_Receipt + "td_AutoNoC031622113752957Ahm")): Text of object 'Object Repository/AdminSuiteBootstrap_Pages/VT_Bootstrap/Receipt/td_AutoNoC031622113752957Ahm' is: 'VAMEKyWDmUX4'

2022-04-01 00:42:07 - [MESSAGE][PASSED] - Text of object 'Object Repository/AdminSuiteBootstrap_Pages/VT_Bootstrap/Receipt/td_AutoNoC031622113752957Ahm' is: 'VAMEKyWDmUX4'

2022-04-01 00:42:07 - [TEST_STEP][PASSED] - out.println("sdf: " + sdf): null

2022-04-01 00:42:07 - [TEST_STEP][PASSED] - remID = sdf: null

2022-04-01 00:42:07 - [TEST_STEP][PASSED] - out.println("remID: " + remID): null

2022-04-01 00:42:07 - [TEST_STEP][PASSED] - click(findTestObject(path_Receipt + "button_Continue")): Object: 'Object Repository/AdminSuiteBootstrap_Pages/VT_Bootstrap/Receipt/button_Continue' is clicked on

2022-04-01 00:42:08 - [MESSAGE][PASSED] - Object: 'Object Repository/AdminSuiteBootstrap_Pages/VT_Bootstrap/Receipt/button_Continue' is clicked on

2022-04-01 00:42:08 - [TEST_STEP][PASSED] - click(findTestObject(path_VT + "a_Search Transactions")): Object: 'Object Repository/AdminSuiteBootstrap_Pages/VT_Bootstrap/IssueTransactions/a_Search Transactions' is clicked on

2022-04-01 00:42:09 - [MESSAGE][PASSED] - Object: 'Object Repository/AdminSuiteBootstrap_Pages/VT_Bootstrap/IssueTransactions/a_Search Transactions' is clicked on

2022-04-01 00:42:09 - [TEST_STEP][PASSED] - setText(findTestObject(path_CCSearch + "input_Search By_searchValue"), remID): Text 'VAMEKyWDmUX4' is set on object 'Object Repository/AdminSuiteBootstrap_Pages/VT_Bootstrap/CCCreditOrVoidSearch/input_Search By_searchValue'

2022-04-01 00:42:10 - [MESSAGE][PASSED] - Text 'VAMEKyWDmUX4' is set on object 'Object Repository/AdminSuiteBootstrap_Pages/VT_Bootstrap/CCCreditOrVoidSearch/input_Search By_searchValue'

2022-04-01 00:42:10 - [TEST_STEP][PASSED] - click(findTestObject(path_CCSearch + "option_Manual Authorization")): Object: 'Object Repository/AdminSuiteBootstrap_Pages/VT_Bootstrap/CCCreditOrVoidSearch/option_Manual Authorization' is clicked on

2022-04-01 00:42:10 - [MESSAGE][PASSED] - Object: 'Object Repository/AdminSuiteBootstrap_Pages/VT_Bootstrap/CCCreditOrVoidSearch/option_Manual Authorization' is clicked on

2022-04-01 00:42:10 - [TEST_STEP][PASSED] - click(findTestObject(path_CCSearch + "button_Submit")): Object: 'Object Repository/AdminSuiteBootstrap_Pages/VT_Bootstrap/CCCreditOrVoidSearch/button_Submit' is clicked on

2022-04-01 00:42:11 - [MESSAGE][PASSED] - Object: 'Object Repository/AdminSuiteBootstrap_Pages/VT_Bootstrap/CCCreditOrVoidSearch/button_Submit' is clicked on

2022-04-01 00:42:11 - [TEST_STEP][PASSED] - fgr = getText(findTestObject(path_SearchResults + "div_Payment ID")): Text of object 'Object Repository/AdminSuiteBootstrap_Pages/VT_Bootstrap/SearchResults/div_Payment ID' is: 'Payment ID
Payment Type
Transaction Type
Remittance ID
Name
Total Amount
End Date
Status
12114367 Credit Card Manual Authorization VAMEKyWDmUX4 Tulsi Raman $15.50 04/01/2022 Success'

2022-04-01 00:42:11 - [MESSAGE][PASSED] - Text of object 'Object Repository/AdminSuiteBootstrap_Pages/VT_Bootstrap/SearchResults/div_Payment ID' is: 'Payment ID
Payment Type
Transaction Type
Remittance ID
Name
Total Amount
End Date
Status
12114367 Credit Card Manual Authorization VAMEKyWDmUX4 Tulsi Raman $15.50 04/01/2022 Success'

2022-04-01 00:42:11 - [TEST_STEP][PASSED] - payID = substring(89, 98).trim(): null

2022-04-01 00:42:11 - [TEST_STEP][PASSED] - out.println("payID: " + payID): null

2022-04-01 00:42:11 - [TEST_STEP][PASSED] - click(findTestObject(path_SearchResults + "button_PaymentID")): Object: 'Object Repository/AdminSuiteBootstrap_Pages/VT_Bootstrap/SearchResults/button_PaymentID' is clicked on

2022-04-01 00:42:12 - [MESSAGE][PASSED] - Object: 'Object Repository/AdminSuiteBootstrap_Pages/VT_Bootstrap/SearchResults/button_PaymentID' is clicked on

2022-04-01 00:42:12 - [TEST_STEP][PASSED] - verifyTextPresent("Tender Type", true): Text 'Tender Type' is present on page  using regular expression

2022-04-01 00:42:13 - [MESSAGE][PASSED] - Text 'Tender Type' is present on page  using regular expression

2022-04-01 00:42:13 - [TEST_STEP][PASSED] - verifyTextPresent("Credit Card", true): Text 'Credit Card' is present on page  using regular expression

2022-04-01 00:42:13 - [MESSAGE][PASSED] - Text 'Credit Card' is present on page  using regular expression

2022-04-01 00:42:13 - [TEST_STEP][PASSED] - verifyTextPresent("Transaction Type", true): Text 'Transaction Type' is present on page  using regular expression

2022-04-01 00:42:14 - [MESSAGE][PASSED] - Text 'Transaction Type' is present on page  using regular expression

2022-04-01 00:42:14 - [TEST_STEP][PASSED] - verifyTextPresent("Authorization", true): Text 'Authorization' is present on page  using regular expression

2022-04-01 00:42:14 - [MESSAGE][PASSED] - Text 'Authorization' is present on page  using regular expression

2022-04-01 00:42:14 - [TEST_STEP][PASSED] - verifyTextPresent("Transaction Posted by", true): Text 'Transaction Posted by' is present on page  using regular expression

2022-04-01 00:42:14 - [MESSAGE][PASSED] - Text 'Transaction Posted by' is present on page  using regular expression

2022-04-01 00:42:14 - [TEST_STEP][PASSED] - verifyTextPresent("iahmed", true): Text 'iahmed' is present on page  using regular expression

2022-04-01 00:42:15 - [MESSAGE][PASSED] - Text 'iahmed' is present on page  using regular expression

2022-04-01 00:42:15 - [TEST_STEP][PASSED] - click(findTestObject(path_TranxDetails + "a_Capture this transaction")): Object: 'Object Repository/AdminSuiteBootstrap_Pages/VT_Bootstrap/TransactionDetails/a_Capture this transaction' is clicked on

2022-04-01 00:42:16 - [MESSAGE][PASSED] - Object: 'Object Repository/AdminSuiteBootstrap_Pages/VT_Bootstrap/TransactionDetails/a_Capture this transaction' is clicked on

2022-04-01 00:42:16 - [TEST_STEP][PASSED] - verifyTextPresent("Credit Card Capture", true): Text 'Credit Card Capture' is present on page  using regular expression

2022-04-01 00:42:16 - [MESSAGE][PASSED] - Text 'Credit Card Capture' is present on page  using regular expression

2022-04-01 00:42:16 - [TEST_STEP][PASSED] - captureAmount = findTestData(dataFile).getValue("CaptureAmount", row): null

2022-04-01 00:42:16 - [TEST_STEP][PASSED] - setText(findTestObject(path_SaleKB + "input_amountCapture"), captureAmount): Text '10.50' is set on object 'Object Repository/AdminSuiteBootstrap_Pages/VT_Bootstrap/SaleKeyboard/input_amountCapture'

2022-04-01 00:42:17 - [MESSAGE][PASSED] - Text '10.50' is set on object 'Object Repository/AdminSuiteBootstrap_Pages/VT_Bootstrap/SaleKeyboard/input_amountCapture'

2022-04-01 00:42:17 - [TEST_STEP][PASSED] - click(findTestObject(path_TranxDetails + "button_Submit")): Object: 'Object Repository/AdminSuiteBootstrap_Pages/VT_Bootstrap/TransactionDetails/button_Submit' is clicked on

2022-04-01 00:42:19 - [MESSAGE][PASSED] - Object: 'Object Repository/AdminSuiteBootstrap_Pages/VT_Bootstrap/TransactionDetails/button_Submit' is clicked on

2022-04-01 00:42:19 - [TEST_STEP][PASSED] - verifyTextPresent("Transaction Successful", true): Text 'Transaction Successful' is present on page  using regular expression

2022-04-01 00:42:20 - [MESSAGE][PASSED] - Text 'Transaction Successful' is present on page  using regular expression

2022-04-01 00:42:20 - [TEST_STEP][PASSED] - verifyTextPresent("Transaction Type", true): Text 'Transaction Type' is present on page  using regular expression

2022-04-01 00:42:20 - [MESSAGE][PASSED] - Text 'Transaction Type' is present on page  using regular expression

2022-04-01 00:42:20 - [TEST_STEP][PASSED] - verifyTextPresent("Capture", true): Text 'Capture' is present on page  using regular expression

2022-04-01 00:42:21 - [MESSAGE][PASSED] - Text 'Capture' is present on page  using regular expression

2022-04-01 00:42:21 - [TEST_STEP][PASSED] - verifyTextPresent("Amount", true): Text 'Amount' is present on page  using regular expression

2022-04-01 00:42:21 - [MESSAGE][PASSED] - Text 'Amount' is present on page  using regular expression

2022-04-01 00:42:21 - [TEST_STEP][PASSED] - verifyTextPresent(captureAmount, true): Text '10.50' is present on page  using regular expression

2022-04-01 00:42:21 - [MESSAGE][PASSED] - Text '10.50' is present on page  using regular expression

2022-04-01 00:42:21 - [TEST_STEP][PASSED] - closeBrowser(): Browser is closed

2022-04-01 00:42:22 - [MESSAGE][PASSED] - Browser is closed

2022-04-01 00:42:22 - [TEST_STEP][PASSED] - ExecuteTC = findTestData(dataFile).getValue("Execute", row): null

2022-04-01 00:42:22 - [TEST_STEP][PASSED] - out.println("Value of Execute is : " + ExecuteTC): null

2022-04-01 00:42:22 - [TEST_STEP][PASSED] - switch (executionProfile): null

2022-04-01 00:42:22 - [TEST_STEP][PASSED] - case "QAProfile":: null

2022-04-01 00:42:22 - [TEST_STEP][PASSED] - appName = findTestData(dataFile).getValue("AppNameQA", row): null

2022-04-01 00:42:22 - [TEST_STEP][PASSED] - appID = findTestData(dataFile).getValue("AppIDQA", row): null

2022-04-01 00:42:22 - [TEST_STEP][PASSED] - break: null

2022-04-01 00:42:22 - [TEST_STEP][PASSED] - hrefAppID = li_1 + appID + li_2: null

2022-04-01 00:42:22 - [TEST_STEP][PASSED] - hrefApp = li_1 + appID + "/": null

2022-04-01 00:42:22 - [TEST_STEP][PASSED] - println("hrefApp : " + hrefApp): null

2022-04-01 00:42:22 - [TEST_STEP][PASSED] - if (ExecuteTC.equalsIgnoreCase("Y")): null

2022-04-01 00:42:22 - [TEST_STEP][PASSED] - out.println("Begin Record Number: " + row): null

2022-04-01 00:42:22 - [TEST_STEP][PASSED] - today = new java.util.Date(): null

2022-04-01 00:42:22 - [TEST_STEP][PASSED] - println(today): null

2022-04-01 00:42:22 - [TEST_STEP][PASSED] - datText = today: null

2022-04-01 00:42:22 - [TEST_STEP][PASSED] - adminSuiteBootstrap.loginFunctionality.login_AdminSuite(): adminSuiteBootstrap.loginFunctionality.login_AdminSuite is PASSED

2022-04-01 00:42:22 - [MESSAGE][INFO] - Starting 'Chrome' driver

2022-04-01 00:42:22 - [MESSAGE][INFO] - User set preference: ['acceptInsecureCerts', 'true']

2022-04-01 00:42:22 - [MESSAGE][INFO] - Action delay is set to 0 milliseconds

2022-04-01 00:42:25 - [MESSAGE][PASSED] - Browser is opened with url: 'https://qa.velocitypayment.com/admin/imtiaz'

2022-04-01 00:42:25 - [MESSAGE][PASSED] - Current window maximized

2022-04-01 00:42:26 - [MESSAGE][PASSED] - Object 'Object Repository/Login_Page/Login_Username' is present

2022-04-01 00:42:27 - [MESSAGE][PASSED] - Text 'iahmed' is set on object 'Object Repository/Login_Page/Login_Username'

2022-04-01 00:42:27 - [MESSAGE][PASSED] - Text 'hello2222' is set on object 'Object Repository/Login_Page/Login_Password'

2022-04-01 00:42:30 - [MESSAGE][PASSED] - Object: 'Object Repository/Login_Page/Login_Submit' is clicked on

2022-04-01 00:42:30 - [MESSAGE][PASSED] - adminSuiteBootstrap.loginFunctionality.login_AdminSuite is PASSED

2022-04-01 00:42:30 - [TEST_STEP][PASSED] - click(findTestObject(path_Dashboard + appName)): Object: 'Object Repository/AdminSuiteBootstrap_Pages/Dashboard_Bootstrap/a_Access AutoSingleCFtpQA' is clicked on

2022-04-01 00:42:31 - [MESSAGE][PASSED] - Object: 'Object Repository/AdminSuiteBootstrap_Pages/Dashboard_Bootstrap/a_Access AutoSingleCFtpQA' is clicked on

2022-04-01 00:42:31 - [TEST_STEP][PASSED] - click(findTestObject(path_VT + "button_Authorization Only")): Object: 'Object Repository/AdminSuiteBootstrap_Pages/VT_Bootstrap/IssueTransactions/button_Authorization Only' is clicked on

2022-04-01 00:42:31 - [MESSAGE][PASSED] - Object: 'Object Repository/AdminSuiteBootstrap_Pages/VT_Bootstrap/IssueTransactions/button_Authorization Only' is clicked on

2022-04-01 00:42:31 - [TEST_STEP][PASSED] - click(findTestObject(path_VT + "button_Manual Authorization")): Object: 'Object Repository/AdminSuiteBootstrap_Pages/VT_Bootstrap/IssueTransactions/button_Manual Authorization' is clicked on

2022-04-01 00:42:32 - [MESSAGE][PASSED] - Object: 'Object Repository/AdminSuiteBootstrap_Pages/VT_Bootstrap/IssueTransactions/button_Manual Authorization' is clicked on

2022-04-01 00:42:32 - [TEST_STEP][PASSED] - adminSuiteBootstrap.virtualTerminalSetData.ManualAuthKeyboard_DataDriven(row, dataFile): adminSuiteBootstrap.virtualTerminalSetData.ManualAuthKeyboard_DataDriven is PASSED

2022-04-01 00:42:35 - [MESSAGE][PASSED] - Text 'p68W4CJa82jg' is set on object 'Object Repository/AdminSuiteBootstrap_Pages/VT_Bootstrap/ManualAuthKeyboard/input_RemittanceID'

2022-04-01 00:42:36 - [MESSAGE][PASSED] - Text 'Janaki James' is set on object 'Object Repository/AdminSuiteBootstrap_Pages/VT_Bootstrap/ManualAuthKeyboard/input__cardName'

2022-04-01 00:42:36 - [MESSAGE][PASSED] - Execute JavaScript 'arguments[0].value ='5146312200000035' ' successfully

2022-04-01 00:42:37 - [MESSAGE][PASSED] - All options with value '12' are selected in object 'Object Repository/AdminSuiteBootstrap_Pages/VT_Bootstrap/ManualAuthKeyboard/select_MM'  using regular expression

2022-04-01 00:42:39 - [MESSAGE][PASSED] - All options with value '2025' are selected in object 'Object Repository/AdminSuiteBootstrap_Pages/VT_Bootstrap/ManualAuthKeyboard/select_YYYY'  using regular expression

2022-04-01 00:42:40 - [MESSAGE][PASSED] - All options with value 'MOTO' are selected in object 'Object Repository/AdminSuiteBootstrap_Pages/VT_Bootstrap/ManualAuthKeyboard/select_TransactionCategory'  using regular expression

2022-04-01 00:42:40 - [MESSAGE][PASSED] - Text '123456' is set on object 'Object Repository/AdminSuiteBootstrap_Pages/VT_Bootstrap/ManualAuthKeyboard/input_AuthCode'

2022-04-01 00:42:41 - [MESSAGE][PASSED] - Text '1478 Jhatka Palace' is set on object 'Object Repository/AdminSuiteBootstrap_Pages/VT_Bootstrap/ManualAuthKeyboard/input_Authorization Code_address'

2022-04-01 00:42:42 - [MESSAGE][PASSED] - Text 'Suite 500' is set on object 'Object Repository/AdminSuiteBootstrap_Pages/VT_Bootstrap/ManualAuthKeyboard/input__address2'

2022-04-01 00:42:43 - [MESSAGE][PASSED] - Text '22201' is set on object 'Object Repository/AdminSuiteBootstrap_Pages/VT_Bootstrap/ManualAuthKeyboard/input__zip'

2022-04-01 00:42:43 - [MESSAGE][PASSED] - Text '' is set on object 'Object Repository/AdminSuiteBootstrap_Pages/VT_Bootstrap/ManualAuthKeyboard/input_State_emailAddress'

2022-04-01 00:42:45 - [MESSAGE][PASSED] - Text '' is set on object 'Object Repository/AdminSuiteBootstrap_Pages/VT_Bootstrap/ManualAuthKeyboard/input_smsNumber'

2022-04-01 00:42:45 - [MESSAGE][PASSED] - Text '10.50' is set on object 'Object Repository/AdminSuiteBootstrap_Pages/VT_Bootstrap/ManualAuthKeyboard/input_amount'

2022-04-01 00:42:46 - [MESSAGE][PASSED] - Text 'Australia' is set on object 'Object Repository/AdminSuiteBootstrap_Pages/VT_Bootstrap/ManualAuthKeyboard/input__userDefined1'

2022-04-01 00:42:47 - [MESSAGE][PASSED] - Text 'Denmark' is set on object 'Object Repository/AdminSuiteBootstrap_Pages/VT_Bootstrap/ManualAuthKeyboard/input__userDefined2'

2022-04-01 00:42:48 - [MESSAGE][PASSED] - Text 'Sweden' is set on object 'Object Repository/AdminSuiteBootstrap_Pages/VT_Bootstrap/ManualAuthKeyboard/input_userDefined3'

2022-04-01 00:42:49 - [MESSAGE][PASSED] - Text 'Austria' is set on object 'Object Repository/AdminSuiteBootstrap_Pages/VT_Bootstrap/ManualAuthKeyboard/input_userDefined4'

2022-04-01 00:42:50 - [MESSAGE][PASSED] - All options with label 'Orange' are selected in object 'Object Repository/AdminSuiteBootstrap_Pages/VT_Bootstrap/ManualAuthKeyboard/select_UDF5'  using regular expression

2022-04-01 00:42:51 - [MESSAGE][PASSED] - All options with label 'Yellow' are selected in object 'Object Repository/AdminSuiteBootstrap_Pages/VT_Bootstrap/ManualAuthKeyboard/select_UDF6'  using regular expression

2022-04-01 00:42:51 - [MESSAGE][PASSED] - Text 'Norway' is set on object 'Object Repository/AdminSuiteBootstrap_Pages/VT_Bootstrap/ManualAuthKeyboard/input_userDefined7'

2022-04-01 00:42:52 - [MESSAGE][PASSED] - Text 'Netherlands' is set on object 'Object Repository/AdminSuiteBootstrap_Pages/VT_Bootstrap/ManualAuthKeyboard/input_userDefined8'

2022-04-01 00:42:53 - [MESSAGE][PASSED] - Text 'Switzerland' is set on object 'Object Repository/AdminSuiteBootstrap_Pages/VT_Bootstrap/ManualAuthKeyboard/input_userDefined9'

2022-04-01 00:42:53 - [MESSAGE][PASSED] - Text 'France' is set on object 'Object Repository/AdminSuiteBootstrap_Pages/VT_Bootstrap/ManualAuthKeyboard/input_userDefined10'

2022-04-01 00:42:55 - [MESSAGE][PASSED] - Object: 'Object Repository/AdminSuiteBootstrap_Pages/VT_Bootstrap/ManualAuthKeyboard/button_Submit' is clicked on

2022-04-01 00:42:55 - [MESSAGE][PASSED] - adminSuiteBootstrap.virtualTerminalSetData.ManualAuthKeyboard_DataDriven is PASSED

2022-04-01 00:42:55 - [TEST_STEP][PASSED] - if (verifyTextPresent("Transaction Successful", true)): null

2022-04-01 00:42:55 - [MESSAGE][PASSED] - Text 'Transaction Successful' is present on page  using regular expression

2022-04-01 00:42:55 - [TEST_STEP][PASSED] - verifyTextPresent("Manual Authorization", true): Text 'Manual Authorization' is present on page  using regular expression

2022-04-01 00:42:56 - [MESSAGE][PASSED] - Text 'Manual Authorization' is present on page  using regular expression

2022-04-01 00:42:56 - [TEST_STEP][PASSED] - sdf = getText(findTestObject(path_Receipt + "td_AutoNoC031622113752957Ahm")): Text of object 'Object Repository/AdminSuiteBootstrap_Pages/VT_Bootstrap/Receipt/td_AutoNoC031622113752957Ahm' is: 'p68W4CJa82jg'

2022-04-01 00:42:56 - [MESSAGE][PASSED] - Text of object 'Object Repository/AdminSuiteBootstrap_Pages/VT_Bootstrap/Receipt/td_AutoNoC031622113752957Ahm' is: 'p68W4CJa82jg'

2022-04-01 00:42:56 - [TEST_STEP][PASSED] - out.println("sdf: " + sdf): null

2022-04-01 00:42:56 - [TEST_STEP][PASSED] - remID = sdf: null

2022-04-01 00:42:56 - [TEST_STEP][PASSED] - out.println("remID: " + remID): null

2022-04-01 00:42:56 - [TEST_STEP][PASSED] - click(findTestObject(path_Receipt + "button_Continue")): Object: 'Object Repository/AdminSuiteBootstrap_Pages/VT_Bootstrap/Receipt/button_Continue' is clicked on

2022-04-01 00:42:57 - [MESSAGE][PASSED] - Object: 'Object Repository/AdminSuiteBootstrap_Pages/VT_Bootstrap/Receipt/button_Continue' is clicked on

2022-04-01 00:42:57 - [TEST_STEP][PASSED] - click(findTestObject(path_VT + "a_Search Transactions")): Object: 'Object Repository/AdminSuiteBootstrap_Pages/VT_Bootstrap/IssueTransactions/a_Search Transactions' is clicked on

2022-04-01 00:42:58 - [MESSAGE][PASSED] - Object: 'Object Repository/AdminSuiteBootstrap_Pages/VT_Bootstrap/IssueTransactions/a_Search Transactions' is clicked on

2022-04-01 00:42:58 - [TEST_STEP][PASSED] - setText(findTestObject(path_CCSearch + "input_Search By_searchValue"), remID): Text 'p68W4CJa82jg' is set on object 'Object Repository/AdminSuiteBootstrap_Pages/VT_Bootstrap/CCCreditOrVoidSearch/input_Search By_searchValue'

2022-04-01 00:42:59 - [MESSAGE][PASSED] - Text 'p68W4CJa82jg' is set on object 'Object Repository/AdminSuiteBootstrap_Pages/VT_Bootstrap/CCCreditOrVoidSearch/input_Search By_searchValue'

2022-04-01 00:42:59 - [TEST_STEP][PASSED] - click(findTestObject(path_CCSearch + "option_Manual Authorization")): Object: 'Object Repository/AdminSuiteBootstrap_Pages/VT_Bootstrap/CCCreditOrVoidSearch/option_Manual Authorization' is clicked on

2022-04-01 00:42:59 - [MESSAGE][PASSED] - Object: 'Object Repository/AdminSuiteBootstrap_Pages/VT_Bootstrap/CCCreditOrVoidSearch/option_Manual Authorization' is clicked on

2022-04-01 00:42:59 - [TEST_STEP][PASSED] - click(findTestObject(path_CCSearch + "button_Submit")): Object: 'Object Repository/AdminSuiteBootstrap_Pages/VT_Bootstrap/CCCreditOrVoidSearch/button_Submit' is clicked on

2022-04-01 00:43:00 - [MESSAGE][PASSED] - Object: 'Object Repository/AdminSuiteBootstrap_Pages/VT_Bootstrap/CCCreditOrVoidSearch/button_Submit' is clicked on

2022-04-01 00:43:00 - [TEST_STEP][PASSED] - fgr = getText(findTestObject(path_SearchResults + "div_Payment ID")): Text of object 'Object Repository/AdminSuiteBootstrap_Pages/VT_Bootstrap/SearchResults/div_Payment ID' is: 'Payment ID
Payment Type
Transaction Type
Remittance ID
Name
Total Amount
End Date
Status
12114369 Credit Card Manual Authorization p68W4CJa82jg Janaki James $15.50 04/01/2022 Success'

2022-04-01 00:43:00 - [MESSAGE][PASSED] - Text of object 'Object Repository/AdminSuiteBootstrap_Pages/VT_Bootstrap/SearchResults/div_Payment ID' is: 'Payment ID
Payment Type
Transaction Type
Remittance ID
Name
Total Amount
End Date
Status
12114369 Credit Card Manual Authorization p68W4CJa82jg Janaki James $15.50 04/01/2022 Success'

2022-04-01 00:43:00 - [TEST_STEP][PASSED] - payID = substring(89, 98).trim(): null

2022-04-01 00:43:00 - [TEST_STEP][PASSED] - out.println("payID: " + payID): null

2022-04-01 00:43:00 - [TEST_STEP][PASSED] - click(findTestObject(path_SearchResults + "button_PaymentID")): Object: 'Object Repository/AdminSuiteBootstrap_Pages/VT_Bootstrap/SearchResults/button_PaymentID' is clicked on

2022-04-01 00:43:01 - [MESSAGE][PASSED] - Object: 'Object Repository/AdminSuiteBootstrap_Pages/VT_Bootstrap/SearchResults/button_PaymentID' is clicked on

2022-04-01 00:43:01 - [TEST_STEP][PASSED] - verifyTextPresent("Tender Type", true): Text 'Tender Type' is present on page  using regular expression

2022-04-01 00:43:02 - [MESSAGE][PASSED] - Text 'Tender Type' is present on page  using regular expression

2022-04-01 00:43:02 - [TEST_STEP][PASSED] - verifyTextPresent("Credit Card", true): Text 'Credit Card' is present on page  using regular expression

2022-04-01 00:43:02 - [MESSAGE][PASSED] - Text 'Credit Card' is present on page  using regular expression

2022-04-01 00:43:02 - [TEST_STEP][PASSED] - verifyTextPresent("Transaction Type", true): Text 'Transaction Type' is present on page  using regular expression

2022-04-01 00:43:02 - [MESSAGE][PASSED] - Text 'Transaction Type' is present on page  using regular expression

2022-04-01 00:43:02 - [TEST_STEP][PASSED] - verifyTextPresent("Authorization", true): Text 'Authorization' is present on page  using regular expression

2022-04-01 00:43:03 - [MESSAGE][PASSED] - Text 'Authorization' is present on page  using regular expression

2022-04-01 00:43:03 - [TEST_STEP][PASSED] - verifyTextPresent("Transaction Posted by", true): Text 'Transaction Posted by' is present on page  using regular expression

2022-04-01 00:43:03 - [MESSAGE][PASSED] - Text 'Transaction Posted by' is present on page  using regular expression

2022-04-01 00:43:03 - [TEST_STEP][PASSED] - verifyTextPresent("iahmed", true): Text 'iahmed' is present on page  using regular expression

2022-04-01 00:43:04 - [MESSAGE][PASSED] - Text 'iahmed' is present on page  using regular expression

2022-04-01 00:43:04 - [TEST_STEP][PASSED] - click(findTestObject(path_TranxDetails + "a_Capture this transaction")): Object: 'Object Repository/AdminSuiteBootstrap_Pages/VT_Bootstrap/TransactionDetails/a_Capture this transaction' is clicked on

2022-04-01 00:43:05 - [MESSAGE][PASSED] - Object: 'Object Repository/AdminSuiteBootstrap_Pages/VT_Bootstrap/TransactionDetails/a_Capture this transaction' is clicked on

2022-04-01 00:43:05 - [TEST_STEP][PASSED] - verifyTextPresent("Credit Card Capture", true): Text 'Credit Card Capture' is present on page  using regular expression

2022-04-01 00:43:05 - [MESSAGE][PASSED] - Text 'Credit Card Capture' is present on page  using regular expression

2022-04-01 00:43:05 - [TEST_STEP][PASSED] - captureAmount = findTestData(dataFile).getValue("CaptureAmount", row): null

2022-04-01 00:43:05 - [TEST_STEP][PASSED] - setText(findTestObject(path_SaleKB + "input_amountCapture"), captureAmount): Text '8.50' is set on object 'Object Repository/AdminSuiteBootstrap_Pages/VT_Bootstrap/SaleKeyboard/input_amountCapture'

2022-04-01 00:43:06 - [MESSAGE][PASSED] - Text '8.50' is set on object 'Object Repository/AdminSuiteBootstrap_Pages/VT_Bootstrap/SaleKeyboard/input_amountCapture'

2022-04-01 00:43:06 - [TEST_STEP][PASSED] - click(findTestObject(path_TranxDetails + "button_Submit")): Object: 'Object Repository/AdminSuiteBootstrap_Pages/VT_Bootstrap/TransactionDetails/button_Submit' is clicked on

2022-04-01 00:43:08 - [MESSAGE][PASSED] - Object: 'Object Repository/AdminSuiteBootstrap_Pages/VT_Bootstrap/TransactionDetails/button_Submit' is clicked on

2022-04-01 00:43:08 - [TEST_STEP][PASSED] - verifyTextPresent("Transaction Successful", true): Text 'Transaction Successful' is present on page  using regular expression

2022-04-01 00:43:08 - [MESSAGE][PASSED] - Text 'Transaction Successful' is present on page  using regular expression

2022-04-01 00:43:08 - [TEST_STEP][PASSED] - verifyTextPresent("Transaction Type", true): Text 'Transaction Type' is present on page  using regular expression

2022-04-01 00:43:09 - [MESSAGE][PASSED] - Text 'Transaction Type' is present on page  using regular expression

2022-04-01 00:43:09 - [TEST_STEP][PASSED] - verifyTextPresent("Capture", true): Text 'Capture' is present on page  using regular expression

2022-04-01 00:43:09 - [MESSAGE][PASSED] - Text 'Capture' is present on page  using regular expression

2022-04-01 00:43:09 - [TEST_STEP][PASSED] - verifyTextPresent("Amount", true): Text 'Amount' is present on page  using regular expression

2022-04-01 00:43:09 - [MESSAGE][PASSED] - Text 'Amount' is present on page  using regular expression

2022-04-01 00:43:09 - [TEST_STEP][PASSED] - verifyTextPresent(captureAmount, true): Text '8.50' is present on page  using regular expression

2022-04-01 00:43:10 - [MESSAGE][PASSED] - Text '8.50' is present on page  using regular expression

2022-04-01 00:43:10 - [TEST_STEP][PASSED] - closeBrowser(): Browser is closed

2022-04-01 00:43:11 - [MESSAGE][PASSED] - Browser is closed

2022-04-01 00:43:11 - [TEST_STEP][PASSED] - ExecuteTC = findTestData(dataFile).getValue("Execute", row): null

2022-04-01 00:43:11 - [TEST_STEP][PASSED] - out.println("Value of Execute is : " + ExecuteTC): null

2022-04-01 00:43:11 - [TEST_STEP][PASSED] - switch (executionProfile): null

2022-04-01 00:43:11 - [TEST_STEP][PASSED] - case "QAProfile":: null

2022-04-01 00:43:11 - [TEST_STEP][PASSED] - appName = findTestData(dataFile).getValue("AppNameQA", row): null

2022-04-01 00:43:11 - [TEST_STEP][PASSED] - appID = findTestData(dataFile).getValue("AppIDQA", row): null

2022-04-01 00:43:11 - [TEST_STEP][PASSED] - break: null

2022-04-01 00:43:11 - [TEST_STEP][PASSED] - hrefAppID = li_1 + appID + li_2: null

2022-04-01 00:43:11 - [TEST_STEP][PASSED] - hrefApp = li_1 + appID + "/": null

2022-04-01 00:43:11 - [TEST_STEP][PASSED] - println("hrefApp : " + hrefApp): null

2022-04-01 00:43:11 - [TEST_STEP][PASSED] - if (ExecuteTC.equalsIgnoreCase("Y")): null

2022-04-01 00:43:11 - [TEST_STEP][PASSED] - out.println("Begin Record Number: " + row): null

2022-04-01 00:43:11 - [TEST_STEP][PASSED] - today = new java.util.Date(): null

2022-04-01 00:43:11 - [TEST_STEP][PASSED] - println(today): null

2022-04-01 00:43:11 - [TEST_STEP][PASSED] - datText = today: null

2022-04-01 00:43:11 - [TEST_STEP][PASSED] - adminSuiteBootstrap.loginFunctionality.login_AdminSuite(): adminSuiteBootstrap.loginFunctionality.login_AdminSuite is PASSED

2022-04-01 00:43:11 - [MESSAGE][INFO] - Starting 'Chrome' driver

2022-04-01 00:43:11 - [MESSAGE][INFO] - User set preference: ['acceptInsecureCerts', 'true']

2022-04-01 00:43:11 - [MESSAGE][INFO] - Action delay is set to 0 milliseconds

2022-04-01 00:43:14 - [MESSAGE][PASSED] - Browser is opened with url: 'https://qa.velocitypayment.com/admin/imtiaz'

2022-04-01 00:43:14 - [MESSAGE][PASSED] - Current window maximized

2022-04-01 00:43:15 - [MESSAGE][PASSED] - Object 'Object Repository/Login_Page/Login_Username' is present

2022-04-01 00:43:15 - [MESSAGE][PASSED] - Text 'iahmed' is set on object 'Object Repository/Login_Page/Login_Username'

2022-04-01 00:43:16 - [MESSAGE][PASSED] - Text 'hello2222' is set on object 'Object Repository/Login_Page/Login_Password'

2022-04-01 00:43:20 - [MESSAGE][PASSED] - Object: 'Object Repository/Login_Page/Login_Submit' is clicked on

2022-04-01 00:43:20 - [MESSAGE][PASSED] - adminSuiteBootstrap.loginFunctionality.login_AdminSuite is PASSED

2022-04-01 00:43:20 - [TEST_STEP][PASSED] - click(findTestObject(path_Dashboard + appName)): Object: 'Object Repository/AdminSuiteBootstrap_Pages/Dashboard_Bootstrap/a_Access AutoDualCFtpQA' is clicked on

2022-04-01 00:43:21 - [MESSAGE][PASSED] - Object: 'Object Repository/AdminSuiteBootstrap_Pages/Dashboard_Bootstrap/a_Access AutoDualCFtpQA' is clicked on

2022-04-01 00:43:21 - [TEST_STEP][PASSED] - click(findTestObject(path_VT + "button_Authorization Only")): Object: 'Object Repository/AdminSuiteBootstrap_Pages/VT_Bootstrap/IssueTransactions/button_Authorization Only' is clicked on

2022-04-01 00:43:21 - [MESSAGE][PASSED] - Object: 'Object Repository/AdminSuiteBootstrap_Pages/VT_Bootstrap/IssueTransactions/button_Authorization Only' is clicked on

2022-04-01 00:43:21 - [TEST_STEP][PASSED] - click(findTestObject(path_VT + "button_Manual Authorization")): Object: 'Object Repository/AdminSuiteBootstrap_Pages/VT_Bootstrap/IssueTransactions/button_Manual Authorization' is clicked on

2022-04-01 00:43:22 - [MESSAGE][PASSED] - Object: 'Object Repository/AdminSuiteBootstrap_Pages/VT_Bootstrap/IssueTransactions/button_Manual Authorization' is clicked on

2022-04-01 00:43:22 - [TEST_STEP][PASSED] - adminSuiteBootstrap.virtualTerminalSetData.ManualAuthKeyboard_DataDriven(row, dataFile): adminSuiteBootstrap.virtualTerminalSetData.ManualAuthKeyboard_DataDriven is PASSED

2022-04-01 00:43:25 - [MESSAGE][PASSED] - Text 'qnQCHjNDZb7o' is set on object 'Object Repository/AdminSuiteBootstrap_Pages/VT_Bootstrap/ManualAuthKeyboard/input_RemittanceID'

2022-04-01 00:43:26 - [MESSAGE][PASSED] - Text 'Tulsi Raman' is set on object 'Object Repository/AdminSuiteBootstrap_Pages/VT_Bootstrap/ManualAuthKeyboard/input__cardName'

2022-04-01 00:43:26 - [MESSAGE][PASSED] - Execute JavaScript 'arguments[0].value ='371449635392376' ' successfully

2022-04-01 00:43:27 - [MESSAGE][PASSED] - All options with value '12' are selected in object 'Object Repository/AdminSuiteBootstrap_Pages/VT_Bootstrap/ManualAuthKeyboard/select_MM'  using regular expression

2022-04-01 00:43:28 - [MESSAGE][PASSED] - All options with value '2025' are selected in object 'Object Repository/AdminSuiteBootstrap_Pages/VT_Bootstrap/ManualAuthKeyboard/select_YYYY'  using regular expression

2022-04-01 00:43:29 - [MESSAGE][PASSED] - All options with value 'RETL' are selected in object 'Object Repository/AdminSuiteBootstrap_Pages/VT_Bootstrap/ManualAuthKeyboard/select_TransactionCategory'  using regular expression

2022-04-01 00:43:30 - [MESSAGE][PASSED] - Text '123456' is set on object 'Object Repository/AdminSuiteBootstrap_Pages/VT_Bootstrap/ManualAuthKeyboard/input_AuthCode'

2022-04-01 00:43:31 - [MESSAGE][PASSED] - Text '550 Swan Lake' is set on object 'Object Repository/AdminSuiteBootstrap_Pages/VT_Bootstrap/ManualAuthKeyboard/input_Authorization Code_address'

2022-04-01 00:43:32 - [MESSAGE][PASSED] - Text 'Suite 500' is set on object 'Object Repository/AdminSuiteBootstrap_Pages/VT_Bootstrap/ManualAuthKeyboard/input__address2'

2022-04-01 00:43:32 - [MESSAGE][PASSED] - Text '22201' is set on object 'Object Repository/AdminSuiteBootstrap_Pages/VT_Bootstrap/ManualAuthKeyboard/input__zip'

2022-04-01 00:43:33 - [MESSAGE][PASSED] - Text '' is set on object 'Object Repository/AdminSuiteBootstrap_Pages/VT_Bootstrap/ManualAuthKeyboard/input_State_emailAddress'

2022-04-01 00:43:34 - [MESSAGE][PASSED] - Text '' is set on object 'Object Repository/AdminSuiteBootstrap_Pages/VT_Bootstrap/ManualAuthKeyboard/input_smsNumber'

2022-04-01 00:43:35 - [MESSAGE][PASSED] - Text '10.50' is set on object 'Object Repository/AdminSuiteBootstrap_Pages/VT_Bootstrap/ManualAuthKeyboard/input_amount'

2022-04-01 00:43:36 - [MESSAGE][PASSED] - Text 'Australia' is set on object 'Object Repository/AdminSuiteBootstrap_Pages/VT_Bootstrap/ManualAuthKeyboard/input__userDefined1'

2022-04-01 00:43:37 - [MESSAGE][PASSED] - Text 'Denmark' is set on object 'Object Repository/AdminSuiteBootstrap_Pages/VT_Bootstrap/ManualAuthKeyboard/input__userDefined2'

2022-04-01 00:43:38 - [MESSAGE][PASSED] - Text 'Sweden' is set on object 'Object Repository/AdminSuiteBootstrap_Pages/VT_Bootstrap/ManualAuthKeyboard/input_userDefined3'

2022-04-01 00:43:38 - [MESSAGE][PASSED] - Text 'Austria' is set on object 'Object Repository/AdminSuiteBootstrap_Pages/VT_Bootstrap/ManualAuthKeyboard/input_userDefined4'

2022-04-01 00:43:39 - [MESSAGE][PASSED] - All options with label 'Orange' are selected in object 'Object Repository/AdminSuiteBootstrap_Pages/VT_Bootstrap/ManualAuthKeyboard/select_UDF5'  using regular expression

2022-04-01 00:43:40 - [MESSAGE][PASSED] - All options with label 'Yellow' are selected in object 'Object Repository/AdminSuiteBootstrap_Pages/VT_Bootstrap/ManualAuthKeyboard/select_UDF6'  using regular expression

2022-04-01 00:43:41 - [MESSAGE][PASSED] - Text 'Norway' is set on object 'Object Repository/AdminSuiteBootstrap_Pages/VT_Bootstrap/ManualAuthKeyboard/input_userDefined7'

2022-04-01 00:43:42 - [MESSAGE][PASSED] - Text 'Netherlands' is set on object 'Object Repository/AdminSuiteBootstrap_Pages/VT_Bootstrap/ManualAuthKeyboard/input_userDefined8'

2022-04-01 00:43:43 - [MESSAGE][PASSED] - Text 'Switzerland' is set on object 'Object Repository/AdminSuiteBootstrap_Pages/VT_Bootstrap/ManualAuthKeyboard/input_userDefined9'

2022-04-01 00:43:43 - [MESSAGE][PASSED] - Text 'France' is set on object 'Object Repository/AdminSuiteBootstrap_Pages/VT_Bootstrap/ManualAuthKeyboard/input_userDefined10'

2022-04-01 00:43:45 - [MESSAGE][PASSED] - Object: 'Object Repository/AdminSuiteBootstrap_Pages/VT_Bootstrap/ManualAuthKeyboard/button_Submit' is clicked on

2022-04-01 00:43:45 - [MESSAGE][PASSED] - adminSuiteBootstrap.virtualTerminalSetData.ManualAuthKeyboard_DataDriven is PASSED

2022-04-01 00:43:45 - [TEST_STEP][PASSED] - if (verifyTextPresent("Transaction Successful", true)): null

2022-04-01 00:43:46 - [MESSAGE][PASSED] - Text 'Transaction Successful' is present on page  using regular expression

2022-04-01 00:43:46 - [TEST_STEP][PASSED] - verifyTextPresent("Manual Authorization", true): Text 'Manual Authorization' is present on page  using regular expression

2022-04-01 00:43:46 - [MESSAGE][PASSED] - Text 'Manual Authorization' is present on page  using regular expression

2022-04-01 00:43:46 - [TEST_STEP][PASSED] - sdf = getText(findTestObject(path_Receipt + "td_AutoNoC031622113752957Ahm")): Text of object 'Object Repository/AdminSuiteBootstrap_Pages/VT_Bootstrap/Receipt/td_AutoNoC031622113752957Ahm' is: 'qnQCHjNDZb7o'

2022-04-01 00:43:47 - [MESSAGE][PASSED] - Text of object 'Object Repository/AdminSuiteBootstrap_Pages/VT_Bootstrap/Receipt/td_AutoNoC031622113752957Ahm' is: 'qnQCHjNDZb7o'

2022-04-01 00:43:47 - [TEST_STEP][PASSED] - out.println("sdf: " + sdf): null

2022-04-01 00:43:47 - [TEST_STEP][PASSED] - remID = sdf: null

2022-04-01 00:43:47 - [TEST_STEP][PASSED] - out.println("remID: " + remID): null

2022-04-01 00:43:47 - [TEST_STEP][PASSED] - click(findTestObject(path_Receipt + "button_Continue")): Object: 'Object Repository/AdminSuiteBootstrap_Pages/VT_Bootstrap/Receipt/button_Continue' is clicked on

2022-04-01 00:43:47 - [MESSAGE][PASSED] - Object: 'Object Repository/AdminSuiteBootstrap_Pages/VT_Bootstrap/Receipt/button_Continue' is clicked on

2022-04-01 00:43:47 - [TEST_STEP][PASSED] - click(findTestObject(path_VT + "a_Search Transactions")): Object: 'Object Repository/AdminSuiteBootstrap_Pages/VT_Bootstrap/IssueTransactions/a_Search Transactions' is clicked on

2022-04-01 00:43:48 - [MESSAGE][PASSED] - Object: 'Object Repository/AdminSuiteBootstrap_Pages/VT_Bootstrap/IssueTransactions/a_Search Transactions' is clicked on

2022-04-01 00:43:48 - [TEST_STEP][PASSED] - setText(findTestObject(path_CCSearch + "input_Search By_searchValue"), remID): Text 'qnQCHjNDZb7o' is set on object 'Object Repository/AdminSuiteBootstrap_Pages/VT_Bootstrap/CCCreditOrVoidSearch/input_Search By_searchValue'

2022-04-01 00:43:49 - [MESSAGE][PASSED] - Text 'qnQCHjNDZb7o' is set on object 'Object Repository/AdminSuiteBootstrap_Pages/VT_Bootstrap/CCCreditOrVoidSearch/input_Search By_searchValue'

2022-04-01 00:43:49 - [TEST_STEP][PASSED] - click(findTestObject(path_CCSearch + "option_Manual Authorization")): Object: 'Object Repository/AdminSuiteBootstrap_Pages/VT_Bootstrap/CCCreditOrVoidSearch/option_Manual Authorization' is clicked on

2022-04-01 00:43:50 - [MESSAGE][PASSED] - Object: 'Object Repository/AdminSuiteBootstrap_Pages/VT_Bootstrap/CCCreditOrVoidSearch/option_Manual Authorization' is clicked on

2022-04-01 00:43:50 - [TEST_STEP][PASSED] - click(findTestObject(path_CCSearch + "button_Submit")): Object: 'Object Repository/AdminSuiteBootstrap_Pages/VT_Bootstrap/CCCreditOrVoidSearch/button_Submit' is clicked on

2022-04-01 00:43:50 - [MESSAGE][PASSED] - Object: 'Object Repository/AdminSuiteBootstrap_Pages/VT_Bootstrap/CCCreditOrVoidSearch/button_Submit' is clicked on

2022-04-01 00:43:50 - [TEST_STEP][PASSED] - fgr = getText(findTestObject(path_SearchResults + "div_Payment ID")): Text of object 'Object Repository/AdminSuiteBootstrap_Pages/VT_Bootstrap/SearchResults/div_Payment ID' is: 'Payment ID
Payment Type
Transaction Type
Remittance ID
Name
Total Amount
End Date
Status
12114371 Credit Card Manual Authorization qnQCHjNDZb7o Tulsi Raman $10.50 04/01/2022 Success'

2022-04-01 00:43:51 - [MESSAGE][PASSED] - Text of object 'Object Repository/AdminSuiteBootstrap_Pages/VT_Bootstrap/SearchResults/div_Payment ID' is: 'Payment ID
Payment Type
Transaction Type
Remittance ID
Name
Total Amount
End Date
Status
12114371 Credit Card Manual Authorization qnQCHjNDZb7o Tulsi Raman $10.50 04/01/2022 Success'

2022-04-01 00:43:51 - [TEST_STEP][PASSED] - payID = substring(89, 98).trim(): null

2022-04-01 00:43:51 - [TEST_STEP][PASSED] - out.println("payID: " + payID): null

2022-04-01 00:43:51 - [TEST_STEP][PASSED] - click(findTestObject(path_SearchResults + "button_PaymentID")): Object: 'Object Repository/AdminSuiteBootstrap_Pages/VT_Bootstrap/SearchResults/button_PaymentID' is clicked on

2022-04-01 00:43:52 - [MESSAGE][PASSED] - Object: 'Object Repository/AdminSuiteBootstrap_Pages/VT_Bootstrap/SearchResults/button_PaymentID' is clicked on

2022-04-01 00:43:52 - [TEST_STEP][PASSED] - verifyTextPresent("Tender Type", true): Text 'Tender Type' is present on page  using regular expression

2022-04-01 00:43:52 - [MESSAGE][PASSED] - Text 'Tender Type' is present on page  using regular expression

2022-04-01 00:43:52 - [TEST_STEP][PASSED] - verifyTextPresent("Credit Card", true): Text 'Credit Card' is present on page  using regular expression

2022-04-01 00:43:53 - [MESSAGE][PASSED] - Text 'Credit Card' is present on page  using regular expression

2022-04-01 00:43:53 - [TEST_STEP][PASSED] - verifyTextPresent("Transaction Type", true): Text 'Transaction Type' is present on page  using regular expression

2022-04-01 00:43:53 - [MESSAGE][PASSED] - Text 'Transaction Type' is present on page  using regular expression

2022-04-01 00:43:53 - [TEST_STEP][PASSED] - verifyTextPresent("Authorization", true): Text 'Authorization' is present on page  using regular expression

2022-04-01 00:43:53 - [MESSAGE][PASSED] - Text 'Authorization' is present on page  using regular expression

2022-04-01 00:43:53 - [TEST_STEP][PASSED] - verifyTextPresent("Transaction Posted by", true): Text 'Transaction Posted by' is present on page  using regular expression

2022-04-01 00:43:54 - [MESSAGE][PASSED] - Text 'Transaction Posted by' is present on page  using regular expression

2022-04-01 00:43:54 - [TEST_STEP][PASSED] - verifyTextPresent("iahmed", true): Text 'iahmed' is present on page  using regular expression

2022-04-01 00:43:54 - [MESSAGE][PASSED] - Text 'iahmed' is present on page  using regular expression

2022-04-01 00:43:54 - [TEST_STEP][PASSED] - click(findTestObject(path_TranxDetails + "a_Capture this transaction")): Object: 'Object Repository/AdminSuiteBootstrap_Pages/VT_Bootstrap/TransactionDetails/a_Capture this transaction' is clicked on

2022-04-01 00:43:55 - [MESSAGE][PASSED] - Object: 'Object Repository/AdminSuiteBootstrap_Pages/VT_Bootstrap/TransactionDetails/a_Capture this transaction' is clicked on

2022-04-01 00:43:55 - [TEST_STEP][PASSED] - verifyTextPresent("Credit Card Capture", true): Text 'Credit Card Capture' is present on page  using regular expression

2022-04-01 00:43:56 - [MESSAGE][PASSED] - Text 'Credit Card Capture' is present on page  using regular expression

2022-04-01 00:43:56 - [TEST_STEP][PASSED] - captureAmount = findTestData(dataFile).getValue("CaptureAmount", row): null

2022-04-01 00:43:56 - [TEST_STEP][PASSED] - setText(findTestObject(path_SaleKB + "input_amountCapture"), captureAmount): Text '10.50' is set on object 'Object Repository/AdminSuiteBootstrap_Pages/VT_Bootstrap/SaleKeyboard/input_amountCapture'

2022-04-01 00:43:56 - [MESSAGE][PASSED] - Text '10.50' is set on object 'Object Repository/AdminSuiteBootstrap_Pages/VT_Bootstrap/SaleKeyboard/input_amountCapture'

2022-04-01 00:43:56 - [TEST_STEP][PASSED] - click(findTestObject(path_TranxDetails + "button_Submit")): Object: 'Object Repository/AdminSuiteBootstrap_Pages/VT_Bootstrap/TransactionDetails/button_Submit' is clicked on

2022-04-01 00:43:59 - [MESSAGE][PASSED] - Object: 'Object Repository/AdminSuiteBootstrap_Pages/VT_Bootstrap/TransactionDetails/button_Submit' is clicked on

2022-04-01 00:43:59 - [TEST_STEP][PASSED] - verifyTextPresent("Transaction Successful", true): Text 'Transaction Successful' is present on page  using regular expression

2022-04-01 00:44:00 - [MESSAGE][PASSED] - Text 'Transaction Successful' is present on page  using regular expression

2022-04-01 00:44:00 - [TEST_STEP][PASSED] - verifyTextPresent("Transaction Type", true): Text 'Transaction Type' is present on page  using regular expression

2022-04-01 00:44:00 - [MESSAGE][PASSED] - Text 'Transaction Type' is present on page  using regular expression

2022-04-01 00:44:00 - [TEST_STEP][PASSED] - verifyTextPresent("Capture", true): Text 'Capture' is present on page  using regular expression

2022-04-01 00:44:00 - [MESSAGE][PASSED] - Text 'Capture' is present on page  using regular expression

2022-04-01 00:44:00 - [TEST_STEP][PASSED] - verifyTextPresent("Amount", true): Text 'Amount' is present on page  using regular expression

2022-04-01 00:44:01 - [MESSAGE][PASSED] - Text 'Amount' is present on page  using regular expression

2022-04-01 00:44:01 - [TEST_STEP][PASSED] - verifyTextPresent(captureAmount, true): Text '10.50' is present on page  using regular expression

2022-04-01 00:44:01 - [MESSAGE][PASSED] - Text '10.50' is present on page  using regular expression

2022-04-01 00:44:01 - [TEST_STEP][PASSED] - closeBrowser(): Browser is closed

2022-04-01 00:44:02 - [MESSAGE][PASSED] - Browser is closed

2022-04-01 00:44:02 - [TEST_STEP][PASSED] - ExecuteTC = findTestData(dataFile).getValue("Execute", row): null

2022-04-01 00:44:02 - [TEST_STEP][PASSED] - out.println("Value of Execute is : " + ExecuteTC): null

2022-04-01 00:44:02 - [TEST_STEP][PASSED] - switch (executionProfile): null

2022-04-01 00:44:02 - [TEST_STEP][PASSED] - case "QAProfile":: null

2022-04-01 00:44:02 - [TEST_STEP][PASSED] - appName = findTestData(dataFile).getValue("AppNameQA", row): null

2022-04-01 00:44:02 - [TEST_STEP][PASSED] - appID = findTestData(dataFile).getValue("AppIDQA", row): null

2022-04-01 00:44:02 - [TEST_STEP][PASSED] - break: null

2022-04-01 00:44:02 - [TEST_STEP][PASSED] - hrefAppID = li_1 + appID + li_2: null

2022-04-01 00:44:02 - [TEST_STEP][PASSED] - hrefApp = li_1 + appID + "/": null

2022-04-01 00:44:02 - [TEST_STEP][PASSED] - println("hrefApp : " + hrefApp): null

2022-04-01 00:44:02 - [TEST_STEP][PASSED] - if (ExecuteTC.equalsIgnoreCase("Y")): null

2022-04-01 00:44:02 - [TEST_STEP][PASSED] - out.println("Begin Record Number: " + row): null

2022-04-01 00:44:02 - [TEST_STEP][PASSED] - today = new java.util.Date(): null

2022-04-01 00:44:02 - [TEST_STEP][PASSED] - println(today): null

2022-04-01 00:44:02 - [TEST_STEP][PASSED] - datText = today: null

2022-04-01 00:44:02 - [TEST_STEP][PASSED] - adminSuiteBootstrap.loginFunctionality.login_AdminSuite(): adminSuiteBootstrap.loginFunctionality.login_AdminSuite is PASSED

2022-04-01 00:44:02 - [MESSAGE][INFO] - Starting 'Chrome' driver

2022-04-01 00:44:02 - [MESSAGE][INFO] - User set preference: ['acceptInsecureCerts', 'true']

2022-04-01 00:44:02 - [MESSAGE][INFO] - Action delay is set to 0 milliseconds

2022-04-01 00:44:05 - [MESSAGE][PASSED] - Browser is opened with url: 'https://qa.velocitypayment.com/admin/imtiaz'

2022-04-01 00:44:05 - [MESSAGE][PASSED] - Current window maximized

2022-04-01 00:44:06 - [MESSAGE][PASSED] - Object 'Object Repository/Login_Page/Login_Username' is present

2022-04-01 00:44:06 - [MESSAGE][PASSED] - Text 'iahmed' is set on object 'Object Repository/Login_Page/Login_Username'

2022-04-01 00:44:07 - [MESSAGE][PASSED] - Text 'hello2222' is set on object 'Object Repository/Login_Page/Login_Password'

2022-04-01 00:44:10 - [MESSAGE][PASSED] - Object: 'Object Repository/Login_Page/Login_Submit' is clicked on

2022-04-01 00:44:10 - [MESSAGE][PASSED] - adminSuiteBootstrap.loginFunctionality.login_AdminSuite is PASSED

2022-04-01 00:44:10 - [TEST_STEP][PASSED] - click(findTestObject(path_Dashboard + appName)): Object: 'Object Repository/AdminSuiteBootstrap_Pages/Dashboard_Bootstrap/a_Access AutoDualCFtpQA' is clicked on

2022-04-01 00:44:11 - [MESSAGE][PASSED] - Object: 'Object Repository/AdminSuiteBootstrap_Pages/Dashboard_Bootstrap/a_Access AutoDualCFtpQA' is clicked on

2022-04-01 00:44:11 - [TEST_STEP][PASSED] - click(findTestObject(path_VT + "button_Authorization Only")): Object: 'Object Repository/AdminSuiteBootstrap_Pages/VT_Bootstrap/IssueTransactions/button_Authorization Only' is clicked on

2022-04-01 00:44:11 - [MESSAGE][PASSED] - Object: 'Object Repository/AdminSuiteBootstrap_Pages/VT_Bootstrap/IssueTransactions/button_Authorization Only' is clicked on

2022-04-01 00:44:11 - [TEST_STEP][PASSED] - click(findTestObject(path_VT + "button_Manual Authorization")): Object: 'Object Repository/AdminSuiteBootstrap_Pages/VT_Bootstrap/IssueTransactions/button_Manual Authorization' is clicked on

2022-04-01 00:44:12 - [MESSAGE][PASSED] - Object: 'Object Repository/AdminSuiteBootstrap_Pages/VT_Bootstrap/IssueTransactions/button_Manual Authorization' is clicked on

2022-04-01 00:44:12 - [TEST_STEP][PASSED] - adminSuiteBootstrap.virtualTerminalSetData.ManualAuthKeyboard_DataDriven(row, dataFile): adminSuiteBootstrap.virtualTerminalSetData.ManualAuthKeyboard_DataDriven is PASSED

2022-04-01 00:44:15 - [MESSAGE][PASSED] - Text 'F3t5mb6TzY4f' is set on object 'Object Repository/AdminSuiteBootstrap_Pages/VT_Bootstrap/ManualAuthKeyboard/input_RemittanceID'

2022-04-01 00:44:16 - [MESSAGE][PASSED] - Text 'Janaki James' is set on object 'Object Repository/AdminSuiteBootstrap_Pages/VT_Bootstrap/ManualAuthKeyboard/input__cardName'

2022-04-01 00:44:16 - [MESSAGE][PASSED] - Execute JavaScript 'arguments[0].value ='371449635392376' ' successfully

2022-04-01 00:44:17 - [MESSAGE][PASSED] - All options with value '12' are selected in object 'Object Repository/AdminSuiteBootstrap_Pages/VT_Bootstrap/ManualAuthKeyboard/select_MM'  using regular expression

2022-04-01 00:44:19 - [MESSAGE][PASSED] - All options with value '2025' are selected in object 'Object Repository/AdminSuiteBootstrap_Pages/VT_Bootstrap/ManualAuthKeyboard/select_YYYY'  using regular expression

2022-04-01 00:44:20 - [MESSAGE][PASSED] - All options with value 'MOTO' are selected in object 'Object Repository/AdminSuiteBootstrap_Pages/VT_Bootstrap/ManualAuthKeyboard/select_TransactionCategory'  using regular expression

2022-04-01 00:44:20 - [MESSAGE][PASSED] - Text '123456' is set on object 'Object Repository/AdminSuiteBootstrap_Pages/VT_Bootstrap/ManualAuthKeyboard/input_AuthCode'

2022-04-01 00:44:21 - [MESSAGE][PASSED] - Text '550 Swan Lake' is set on object 'Object Repository/AdminSuiteBootstrap_Pages/VT_Bootstrap/ManualAuthKeyboard/input_Authorization Code_address'

2022-04-01 00:44:22 - [MESSAGE][PASSED] - Text 'Suite 500' is set on object 'Object Repository/AdminSuiteBootstrap_Pages/VT_Bootstrap/ManualAuthKeyboard/input__address2'

2022-04-01 00:44:22 - [MESSAGE][PASSED] - Text '22201' is set on object 'Object Repository/AdminSuiteBootstrap_Pages/VT_Bootstrap/ManualAuthKeyboard/input__zip'

2022-04-01 00:44:23 - [MESSAGE][PASSED] - Text '' is set on object 'Object Repository/AdminSuiteBootstrap_Pages/VT_Bootstrap/ManualAuthKeyboard/input_State_emailAddress'

2022-04-01 00:44:25 - [MESSAGE][PASSED] - Text '' is set on object 'Object Repository/AdminSuiteBootstrap_Pages/VT_Bootstrap/ManualAuthKeyboard/input_smsNumber'

2022-04-01 00:44:25 - [MESSAGE][PASSED] - Text '10.50' is set on object 'Object Repository/AdminSuiteBootstrap_Pages/VT_Bootstrap/ManualAuthKeyboard/input_amount'

2022-04-01 00:44:26 - [MESSAGE][PASSED] - Text 'Australia' is set on object 'Object Repository/AdminSuiteBootstrap_Pages/VT_Bootstrap/ManualAuthKeyboard/input__userDefined1'

2022-04-01 00:44:27 - [MESSAGE][PASSED] - Text 'Denmark' is set on object 'Object Repository/AdminSuiteBootstrap_Pages/VT_Bootstrap/ManualAuthKeyboard/input__userDefined2'

2022-04-01 00:44:28 - [MESSAGE][PASSED] - Text 'Sweden' is set on object 'Object Repository/AdminSuiteBootstrap_Pages/VT_Bootstrap/ManualAuthKeyboard/input_userDefined3'

2022-04-01 00:44:29 - [MESSAGE][PASSED] - Text 'Austria' is set on object 'Object Repository/AdminSuiteBootstrap_Pages/VT_Bootstrap/ManualAuthKeyboard/input_userDefined4'

2022-04-01 00:44:29 - [MESSAGE][PASSED] - All options with label 'Orange' are selected in object 'Object Repository/AdminSuiteBootstrap_Pages/VT_Bootstrap/ManualAuthKeyboard/select_UDF5'  using regular expression

2022-04-01 00:44:30 - [MESSAGE][PASSED] - All options with label 'Yellow' are selected in object 'Object Repository/AdminSuiteBootstrap_Pages/VT_Bootstrap/ManualAuthKeyboard/select_UDF6'  using regular expression

2022-04-01 00:44:31 - [MESSAGE][PASSED] - Text 'Norway' is set on object 'Object Repository/AdminSuiteBootstrap_Pages/VT_Bootstrap/ManualAuthKeyboard/input_userDefined7'

2022-04-01 00:44:32 - [MESSAGE][PASSED] - Text 'Netherlands' is set on object 'Object Repository/AdminSuiteBootstrap_Pages/VT_Bootstrap/ManualAuthKeyboard/input_userDefined8'

2022-04-01 00:44:33 - [MESSAGE][PASSED] - Text 'Switzerland' is set on object 'Object Repository/AdminSuiteBootstrap_Pages/VT_Bootstrap/ManualAuthKeyboard/input_userDefined9'

2022-04-01 00:44:33 - [MESSAGE][PASSED] - Text 'France' is set on object 'Object Repository/AdminSuiteBootstrap_Pages/VT_Bootstrap/ManualAuthKeyboard/input_userDefined10'

2022-04-01 00:44:35 - [MESSAGE][PASSED] - Object: 'Object Repository/AdminSuiteBootstrap_Pages/VT_Bootstrap/ManualAuthKeyboard/button_Submit' is clicked on

2022-04-01 00:44:35 - [MESSAGE][PASSED] - adminSuiteBootstrap.virtualTerminalSetData.ManualAuthKeyboard_DataDriven is PASSED

2022-04-01 00:44:35 - [TEST_STEP][PASSED] - if (verifyTextPresent("Transaction Successful", true)): null

2022-04-01 00:44:36 - [MESSAGE][PASSED] - Text 'Transaction Successful' is present on page  using regular expression

2022-04-01 00:44:36 - [TEST_STEP][PASSED] - verifyTextPresent("Manual Authorization", true): Text 'Manual Authorization' is present on page  using regular expression

2022-04-01 00:44:36 - [MESSAGE][PASSED] - Text 'Manual Authorization' is present on page  using regular expression

2022-04-01 00:44:36 - [TEST_STEP][PASSED] - sdf = getText(findTestObject(path_Receipt + "td_AutoNoC031622113752957Ahm")): Text of object 'Object Repository/AdminSuiteBootstrap_Pages/VT_Bootstrap/Receipt/td_AutoNoC031622113752957Ahm' is: 'F3t5mb6TzY4f'

2022-04-01 00:44:37 - [MESSAGE][PASSED] - Text of object 'Object Repository/AdminSuiteBootstrap_Pages/VT_Bootstrap/Receipt/td_AutoNoC031622113752957Ahm' is: 'F3t5mb6TzY4f'

2022-04-01 00:44:37 - [TEST_STEP][PASSED] - out.println("sdf: " + sdf): null

2022-04-01 00:44:37 - [TEST_STEP][PASSED] - remID = sdf: null

2022-04-01 00:44:37 - [TEST_STEP][PASSED] - out.println("remID: " + remID): null

2022-04-01 00:44:37 - [TEST_STEP][PASSED] - click(findTestObject(path_Receipt + "button_Continue")): Object: 'Object Repository/AdminSuiteBootstrap_Pages/VT_Bootstrap/Receipt/button_Continue' is clicked on

2022-04-01 00:44:37 - [MESSAGE][PASSED] - Object: 'Object Repository/AdminSuiteBootstrap_Pages/VT_Bootstrap/Receipt/button_Continue' is clicked on

2022-04-01 00:44:37 - [TEST_STEP][PASSED] - click(findTestObject(path_VT + "a_Search Transactions")): Object: 'Object Repository/AdminSuiteBootstrap_Pages/VT_Bootstrap/IssueTransactions/a_Search Transactions' is clicked on

2022-04-01 00:44:38 - [MESSAGE][PASSED] - Object: 'Object Repository/AdminSuiteBootstrap_Pages/VT_Bootstrap/IssueTransactions/a_Search Transactions' is clicked on

2022-04-01 00:44:38 - [TEST_STEP][PASSED] - setText(findTestObject(path_CCSearch + "input_Search By_searchValue"), remID): Text 'F3t5mb6TzY4f' is set on object 'Object Repository/AdminSuiteBootstrap_Pages/VT_Bootstrap/CCCreditOrVoidSearch/input_Search By_searchValue'

2022-04-01 00:44:39 - [MESSAGE][PASSED] - Text 'F3t5mb6TzY4f' is set on object 'Object Repository/AdminSuiteBootstrap_Pages/VT_Bootstrap/CCCreditOrVoidSearch/input_Search By_searchValue'

2022-04-01 00:44:39 - [TEST_STEP][PASSED] - click(findTestObject(path_CCSearch + "option_Manual Authorization")): Object: 'Object Repository/AdminSuiteBootstrap_Pages/VT_Bootstrap/CCCreditOrVoidSearch/option_Manual Authorization' is clicked on

2022-04-01 00:44:40 - [MESSAGE][PASSED] - Object: 'Object Repository/AdminSuiteBootstrap_Pages/VT_Bootstrap/CCCreditOrVoidSearch/option_Manual Authorization' is clicked on

2022-04-01 00:44:40 - [TEST_STEP][PASSED] - click(findTestObject(path_CCSearch + "button_Submit")): Object: 'Object Repository/AdminSuiteBootstrap_Pages/VT_Bootstrap/CCCreditOrVoidSearch/button_Submit' is clicked on

2022-04-01 00:44:40 - [MESSAGE][PASSED] - Object: 'Object Repository/AdminSuiteBootstrap_Pages/VT_Bootstrap/CCCreditOrVoidSearch/button_Submit' is clicked on

2022-04-01 00:44:40 - [TEST_STEP][PASSED] - fgr = getText(findTestObject(path_SearchResults + "div_Payment ID")): Text of object 'Object Repository/AdminSuiteBootstrap_Pages/VT_Bootstrap/SearchResults/div_Payment ID' is: 'Payment ID
Payment Type
Transaction Type
Remittance ID
Name
Total Amount
End Date
Status
12114375 Credit Card Manual Authorization F3t5mb6TzY4f Janaki James $10.50 04/01/2022 Success'

2022-04-01 00:44:41 - [MESSAGE][PASSED] - Text of object 'Object Repository/AdminSuiteBootstrap_Pages/VT_Bootstrap/SearchResults/div_Payment ID' is: 'Payment ID
Payment Type
Transaction Type
Remittance ID
Name
Total Amount
End Date
Status
12114375 Credit Card Manual Authorization F3t5mb6TzY4f Janaki James $10.50 04/01/2022 Success'

2022-04-01 00:44:41 - [TEST_STEP][PASSED] - payID = substring(89, 98).trim(): null

2022-04-01 00:44:41 - [TEST_STEP][PASSED] - out.println("payID: " + payID): null

2022-04-01 00:44:41 - [TEST_STEP][PASSED] - click(findTestObject(path_SearchResults + "button_PaymentID")): Object: 'Object Repository/AdminSuiteBootstrap_Pages/VT_Bootstrap/SearchResults/button_PaymentID' is clicked on

2022-04-01 00:44:42 - [MESSAGE][PASSED] - Object: 'Object Repository/AdminSuiteBootstrap_Pages/VT_Bootstrap/SearchResults/button_PaymentID' is clicked on

2022-04-01 00:44:42 - [TEST_STEP][PASSED] - verifyTextPresent("Tender Type", true): Text 'Tender Type' is present on page  using regular expression

2022-04-01 00:44:42 - [MESSAGE][PASSED] - Text 'Tender Type' is present on page  using regular expression

2022-04-01 00:44:42 - [TEST_STEP][PASSED] - verifyTextPresent("Credit Card", true): Text 'Credit Card' is present on page  using regular expression

2022-04-01 00:44:43 - [MESSAGE][PASSED] - Text 'Credit Card' is present on page  using regular expression

2022-04-01 00:44:43 - [TEST_STEP][PASSED] - verifyTextPresent("Transaction Type", true): Text 'Transaction Type' is present on page  using regular expression

2022-04-01 00:44:43 - [MESSAGE][PASSED] - Text 'Transaction Type' is present on page  using regular expression

2022-04-01 00:44:43 - [TEST_STEP][PASSED] - verifyTextPresent("Authorization", true): Text 'Authorization' is present on page  using regular expression

2022-04-01 00:44:43 - [MESSAGE][PASSED] - Text 'Authorization' is present on page  using regular expression

2022-04-01 00:44:43 - [TEST_STEP][PASSED] - verifyTextPresent("Transaction Posted by", true): Text 'Transaction Posted by' is present on page  using regular expression

2022-04-01 00:44:44 - [MESSAGE][PASSED] - Text 'Transaction Posted by' is present on page  using regular expression

2022-04-01 00:44:44 - [TEST_STEP][PASSED] - verifyTextPresent("iahmed", true): Text 'iahmed' is present on page  using regular expression

2022-04-01 00:44:44 - [MESSAGE][PASSED] - Text 'iahmed' is present on page  using regular expression

2022-04-01 00:44:44 - [TEST_STEP][PASSED] - click(findTestObject(path_TranxDetails + "a_Capture this transaction")): Object: 'Object Repository/AdminSuiteBootstrap_Pages/VT_Bootstrap/TransactionDetails/a_Capture this transaction' is clicked on

2022-04-01 00:44:45 - [MESSAGE][PASSED] - Object: 'Object Repository/AdminSuiteBootstrap_Pages/VT_Bootstrap/TransactionDetails/a_Capture this transaction' is clicked on

2022-04-01 00:44:45 - [TEST_STEP][PASSED] - verifyTextPresent("Credit Card Capture", true): Text 'Credit Card Capture' is present on page  using regular expression

2022-04-01 00:44:46 - [MESSAGE][PASSED] - Text 'Credit Card Capture' is present on page  using regular expression

2022-04-01 00:44:46 - [TEST_STEP][PASSED] - captureAmount = findTestData(dataFile).getValue("CaptureAmount", row): null

2022-04-01 00:44:46 - [TEST_STEP][PASSED] - setText(findTestObject(path_SaleKB + "input_amountCapture"), captureAmount): Text '8.50' is set on object 'Object Repository/AdminSuiteBootstrap_Pages/VT_Bootstrap/SaleKeyboard/input_amountCapture'

2022-04-01 00:44:47 - [MESSAGE][PASSED] - Text '8.50' is set on object 'Object Repository/AdminSuiteBootstrap_Pages/VT_Bootstrap/SaleKeyboard/input_amountCapture'

2022-04-01 00:44:47 - [TEST_STEP][PASSED] - click(findTestObject(path_TranxDetails + "button_Submit")): Object: 'Object Repository/AdminSuiteBootstrap_Pages/VT_Bootstrap/TransactionDetails/button_Submit' is clicked on

2022-04-01 00:44:52 - [MESSAGE][PASSED] - Object: 'Object Repository/AdminSuiteBootstrap_Pages/VT_Bootstrap/TransactionDetails/button_Submit' is clicked on

2022-04-01 00:44:52 - [TEST_STEP][PASSED] - verifyTextPresent("Transaction Successful", true): Text 'Transaction Successful' is present on page  using regular expression

2022-04-01 00:44:53 - [MESSAGE][PASSED] - Text 'Transaction Successful' is present on page  using regular expression

2022-04-01 00:44:53 - [TEST_STEP][PASSED] - verifyTextPresent("Transaction Type", true): Text 'Transaction Type' is present on page  using regular expression

2022-04-01 00:44:53 - [MESSAGE][PASSED] - Text 'Transaction Type' is present on page  using regular expression

2022-04-01 00:44:53 - [TEST_STEP][PASSED] - verifyTextPresent("Capture", true): Text 'Capture' is present on page  using regular expression

2022-04-01 00:44:54 - [MESSAGE][PASSED] - Text 'Capture' is present on page  using regular expression

2022-04-01 00:44:54 - [TEST_STEP][PASSED] - verifyTextPresent("Amount", true): Text 'Amount' is present on page  using regular expression

2022-04-01 00:44:54 - [MESSAGE][PASSED] - Text 'Amount' is present on page  using regular expression

2022-04-01 00:44:54 - [TEST_STEP][PASSED] - verifyTextPresent(captureAmount, true): Text '8.50' is present on page  using regular expression

2022-04-01 00:44:54 - [MESSAGE][PASSED] - Text '8.50' is present on page  using regular expression

2022-04-01 00:44:54 - [TEST_STEP][PASSED] - closeBrowser(): Browser is closed

2022-04-01 00:44:55 - [MESSAGE][PASSED] - Browser is closed]]></system-out>
         <system-err><![CDATA[]]></system-err>
      </testcase>
      <testcase name="Test Cases/Admin Suite Bootstrap/VT_TestCases/AuthCaptureCreditKeyboard_TP_AllCF_Generic_Payment_TC" time="232.895" classname="Test Cases/Admin Suite Bootstrap/VT_TestCases/AuthCaptureCreditKeyboard_TP_AllCF_Generic_Payment_TC" status="PASSED">
         <system-out><![CDATA[2022-04-01 00:44:55 - [TEST_CASE][PASSED] - Test Cases/Admin Suite Bootstrap/VT_TestCases/AuthCaptureCreditKeyboard_TP_AllCF_Generic_Payment_TC: Test Cases/Admin Suite Bootstrap/VT_TestCases/AuthCaptureCreditKeyboard_TP_AllCF_Generic_Payment_TC

2022-04-01 00:44:55 - [TEST_STEP][PASSED] - path_Dashboard = "Object Repository/AdminSuiteBootstrap_Pages/Dashboard_Bootstrap/": null

2022-04-01 00:44:55 - [TEST_STEP][PASSED] - path_VT = "Object Repository/AdminSuiteBootstrap_Pages/VT_Bootstrap/IssueTransactions/": null

2022-04-01 00:44:55 - [TEST_STEP][PASSED] - path_SaleKB = "Object Repository/AdminSuiteBootstrap_Pages/VT_Bootstrap/SaleKeyboard/": null

2022-04-01 00:44:55 - [TEST_STEP][PASSED] - path_TestMinus = "Object Repository/Page_TestMinusAndAtSigns/": null

2022-04-01 00:44:55 - [TEST_STEP][PASSED] - path_Receipt = "Object Repository/AdminSuiteBootstrap_Pages/VT_Bootstrap/Receipt/": null

2022-04-01 00:44:55 - [TEST_STEP][PASSED] - path_CCSearch = "Object Repository/AdminSuiteBootstrap_Pages/VT_Bootstrap/CCCreditOrVoidSearch/": null

2022-04-01 00:44:55 - [TEST_STEP][PASSED] - path_SearchResults = "Object Repository/AdminSuiteBootstrap_Pages/VT_Bootstrap/SearchResults/": null

2022-04-01 00:44:55 - [TEST_STEP][PASSED] - path_TranxDetails = "Object Repository/AdminSuiteBootstrap_Pages/VT_Bootstrap/TransactionDetails/": null

2022-04-01 00:44:55 - [TEST_STEP][PASSED] - li_1 = vpos_Prefix: null

2022-04-01 00:44:55 - [TEST_STEP][PASSED] - li_2 = "/transactions/AuthOnlyForm/": null

2022-04-01 00:44:55 - [TEST_STEP][PASSED] - executionProfile = getExecutionProfile(): null

2022-04-01 00:44:55 - [TEST_STEP][PASSED] - out.println("executionProfile : " + executionProfile): null

2022-04-01 00:44:55 - [TEST_STEP][PASSED] - appName = <not implemented yet for class: org.codehaus.groovy.ast.expr.EmptyExpression>: null

2022-04-01 00:44:55 - [TEST_STEP][PASSED] - appID = <not implemented yet for class: org.codehaus.groovy.ast.expr.EmptyExpression>: null

2022-04-01 00:44:55 - [TEST_STEP][PASSED] - cardNameV = <not implemented yet for class: org.codehaus.groovy.ast.expr.EmptyExpression>: null

2022-04-01 00:44:55 - [TEST_STEP][PASSED] - al1V = <not implemented yet for class: org.codehaus.groovy.ast.expr.EmptyExpression>: null

2022-04-01 00:44:55 - [TEST_STEP][PASSED] - al2V = <not implemented yet for class: org.codehaus.groovy.ast.expr.EmptyExpression>: null

2022-04-01 00:44:55 - [TEST_STEP][PASSED] - zipV = <not implemented yet for class: org.codehaus.groovy.ast.expr.EmptyExpression>: null

2022-04-01 00:44:55 - [TEST_STEP][PASSED] - cardTypeV = <not implemented yet for class: org.codehaus.groovy.ast.expr.EmptyExpression>: null

2022-04-01 00:44:55 - [TEST_STEP][PASSED] - last4V = <not implemented yet for class: org.codehaus.groovy.ast.expr.EmptyExpression>: null

2022-04-01 00:44:55 - [TEST_STEP][PASSED] - resText = "Fail": null

2022-04-01 00:44:55 - [TEST_STEP][PASSED] - resColumn = "Result": null

2022-04-01 00:44:55 - [TEST_STEP][PASSED] - datCloumn = "Date": null

2022-04-01 00:44:55 - [TEST_STEP][PASSED] - fileLoc = "C:\KatalonData\Bootstrap\VT-Data.xlsx": null

2022-04-01 00:44:55 - [TEST_STEP][PASSED] - numOfRows = <not implemented yet for class: org.codehaus.groovy.ast.expr.EmptyExpression>: null

2022-04-01 00:44:55 - [TEST_STEP][PASSED] - dataFile = <not implemented yet for class: org.codehaus.groovy.ast.expr.EmptyExpression>: null

2022-04-01 00:44:55 - [TEST_STEP][PASSED] - nameSheet = <not implemented yet for class: org.codehaus.groovy.ast.expr.EmptyExpression>: null

2022-04-01 00:44:55 - [TEST_STEP][PASSED] - nameSheet = "VT-AuthCapCredit-Generic": null

2022-04-01 00:44:55 - [TEST_STEP][PASSED] - numOfRows = findTestData("QA/Bootstrap/VT-TestData/VT-AuthCapCreditData-AllCF-Generic").getRowNumbers(): null

2022-04-01 00:44:56 - [TEST_STEP][PASSED] - println("Number of Records: " + numOfRows): null

2022-04-01 00:44:56 - [TEST_STEP][PASSED] - dataFile = "QA/Bootstrap/VT-TestData/VT-AuthCapCreditData-AllCF-Generic": null

2022-04-01 00:44:56 - [TEST_STEP][PASSED] - for ([row = 1, row <= numOfRows, (row++)]): Browser is closed

2022-04-01 00:44:56 - [TEST_STEP][PASSED] - ExecuteTC = findTestData(dataFile).getValue("Execute", row): null

2022-04-01 00:44:56 - [TEST_STEP][PASSED] - out.println("Value of Execute is : " + ExecuteTC): null

2022-04-01 00:44:56 - [TEST_STEP][PASSED] - switch (executionProfile): null

2022-04-01 00:44:56 - [TEST_STEP][PASSED] - case "QAProfile":: null

2022-04-01 00:44:56 - [TEST_STEP][PASSED] - appName = findTestData(dataFile).getValue("AppNameQA", row): null

2022-04-01 00:44:56 - [TEST_STEP][PASSED] - appID = findTestData(dataFile).getValue("AppIDQA", row): null

2022-04-01 00:44:56 - [TEST_STEP][PASSED] - break: null

2022-04-01 00:44:56 - [TEST_STEP][PASSED] - hrefAppID = li_1 + appID + li_2: null

2022-04-01 00:44:56 - [TEST_STEP][PASSED] - hrefApp = li_1 + appID + "/": null

2022-04-01 00:44:56 - [TEST_STEP][PASSED] - println("hrefApp : " + hrefApp): null

2022-04-01 00:44:56 - [TEST_STEP][PASSED] - if (ExecuteTC.equalsIgnoreCase("Y")): null

2022-04-01 00:44:56 - [TEST_STEP][PASSED] - out.println("Begin Record Number: " + row): null

2022-04-01 00:44:56 - [TEST_STEP][PASSED] - today = new java.util.Date(): null

2022-04-01 00:44:56 - [TEST_STEP][PASSED] - println(today): null

2022-04-01 00:44:56 - [TEST_STEP][PASSED] - datText = today: null

2022-04-01 00:44:56 - [TEST_STEP][PASSED] - adminSuiteBootstrap.loginFunctionality.login_AdminSuite(): adminSuiteBootstrap.loginFunctionality.login_AdminSuite is PASSED

2022-04-01 00:44:56 - [MESSAGE][INFO] - Starting 'Chrome' driver

2022-04-01 00:44:56 - [MESSAGE][INFO] - User set preference: ['acceptInsecureCerts', 'true']

2022-04-01 00:44:56 - [MESSAGE][INFO] - Action delay is set to 0 milliseconds

2022-04-01 00:44:59 - [MESSAGE][PASSED] - Browser is opened with url: 'https://qa.velocitypayment.com/admin/imtiaz'

2022-04-01 00:44:59 - [MESSAGE][PASSED] - Current window maximized

2022-04-01 00:44:59 - [MESSAGE][PASSED] - Object 'Object Repository/Login_Page/Login_Username' is present

2022-04-01 00:45:00 - [MESSAGE][PASSED] - Text 'iahmed' is set on object 'Object Repository/Login_Page/Login_Username'

2022-04-01 00:45:01 - [MESSAGE][PASSED] - Text 'hello2222' is set on object 'Object Repository/Login_Page/Login_Password'

2022-04-01 00:45:05 - [MESSAGE][PASSED] - Object: 'Object Repository/Login_Page/Login_Submit' is clicked on

2022-04-01 00:45:05 - [MESSAGE][PASSED] - adminSuiteBootstrap.loginFunctionality.login_AdminSuite is PASSED

2022-04-01 00:45:05 - [TEST_STEP][PASSED] - click(findTestObject(path_Dashboard + appName)): Object: 'Object Repository/AdminSuiteBootstrap_Pages/Dashboard_Bootstrap/a_Access AutoNoCFtp' is clicked on

2022-04-01 00:45:06 - [MESSAGE][PASSED] - Object: 'Object Repository/AdminSuiteBootstrap_Pages/Dashboard_Bootstrap/a_Access AutoNoCFtp' is clicked on

2022-04-01 00:45:06 - [TEST_STEP][PASSED] - click(findTestObject(path_VT + "button_Authorization Only")): Object: 'Object Repository/AdminSuiteBootstrap_Pages/VT_Bootstrap/IssueTransactions/button_Authorization Only' is clicked on

2022-04-01 00:45:07 - [MESSAGE][PASSED] - Object: 'Object Repository/AdminSuiteBootstrap_Pages/VT_Bootstrap/IssueTransactions/button_Authorization Only' is clicked on

2022-04-01 00:45:07 - [TEST_STEP][PASSED] - authOnlyKeyboardEntryLink = modifyObjectProperty(findTestObject(path_VT + "a_KeyboardEntry_Sale"), "href", "equals", hrefAppID, true): Modify property of object successfully

2022-04-01 00:45:07 - [MESSAGE][PASSED] - Modify property of object successfully

2022-04-01 00:45:07 - [TEST_STEP][PASSED] - click(authOnlyKeyboardEntryLink): Object: 'Object Repository/AdminSuiteBootstrap_Pages/VT_Bootstrap/IssueTransactions/a_KeyboardEntry_Sale' is clicked on

2022-04-01 00:45:08 - [MESSAGE][PASSED] - Object: 'Object Repository/AdminSuiteBootstrap_Pages/VT_Bootstrap/IssueTransactions/a_KeyboardEntry_Sale' is clicked on

2022-04-01 00:45:08 - [TEST_STEP][PASSED] - adminSuiteBootstrap.virtualTerminalSetData.saleKeyboard_DataDriven(row, dataFile): adminSuiteBootstrap.virtualTerminalSetData.saleKeyboard_DataDriven is PASSED

2022-04-01 00:45:11 - [MESSAGE][PASSED] - Text 'Tulsi Raman' is set on object 'Object Repository/AdminSuiteBootstrap_Pages/VT_Bootstrap/SaleKeyboard/input_cardName'

2022-04-01 00:45:12 - [MESSAGE][PASSED] - All options with value 'RETL' are selected in object 'Object Repository/AdminSuiteBootstrap_Pages/VT_Bootstrap/SaleKeyboard/select_transactionCategory'  using regular expression

2022-04-01 00:45:12 - [MESSAGE][PASSED] - Execute JavaScript 'arguments[0].value ='4012000098765439' ' successfully

2022-04-01 00:45:12 - [MESSAGE][PASSED] - Execute JavaScript 'arguments[0].value ='123' ' successfully

2022-04-01 00:45:13 - [MESSAGE][PASSED] - All options with value '12' are selected in object 'Object Repository/AdminSuiteBootstrap_Pages/VT_Bootstrap/SaleKeyboard/select_MM'  using regular expression

2022-04-01 00:45:14 - [MESSAGE][PASSED] - All options with value '2025' are selected in object 'Object Repository/AdminSuiteBootstrap_Pages/VT_Bootstrap/SaleKeyboard/select_YYYY'  using regular expression

2022-04-01 00:45:15 - [MESSAGE][PASSED] - Text '36 Cornor Road' is set on object 'Object Repository/AdminSuiteBootstrap_Pages/VT_Bootstrap/SaleKeyboard/input__address'

2022-04-01 00:45:16 - [MESSAGE][PASSED] - Text 'Suite 500' is set on object 'Object Repository/AdminSuiteBootstrap_Pages/VT_Bootstrap/SaleKeyboard/input__address2'

2022-04-01 00:45:16 - [MESSAGE][PASSED] - Text '22201' is set on object 'Object Repository/AdminSuiteBootstrap_Pages/VT_Bootstrap/SaleKeyboard/input__zip'

2022-04-01 00:45:17 - [MESSAGE][PASSED] - Text '' is set on object 'Object Repository/AdminSuiteBootstrap_Pages/VT_Bootstrap/SaleKeyboard/input_emailAddress'

2022-04-01 00:45:18 - [MESSAGE][PASSED] - Text '' is set on object 'Object Repository/AdminSuiteBootstrap_Pages/VT_Bootstrap/SaleKeyboard/input_smsNumber'

2022-04-01 00:45:19 - [MESSAGE][PASSED] - Text '10.50' is set on object 'Object Repository/AdminSuiteBootstrap_Pages/VT_Bootstrap/SaleKeyboard/input_amount'

2022-04-01 00:45:20 - [MESSAGE][PASSED] - Text 'Australia' is set on object 'Object Repository/AdminSuiteBootstrap_Pages/VT_Bootstrap/SaleKeyboard/input_userDefined1'

2022-04-01 00:45:20 - [MESSAGE][PASSED] - Text 'Denmark' is set on object 'Object Repository/AdminSuiteBootstrap_Pages/VT_Bootstrap/SaleKeyboard/input_userDefined2'

2022-04-01 00:45:21 - [MESSAGE][PASSED] - Text 'Sweden' is set on object 'Object Repository/AdminSuiteBootstrap_Pages/VT_Bootstrap/SaleKeyboard/input_userDefined3'

2022-04-01 00:45:21 - [MESSAGE][PASSED] - Text 'Austria' is set on object 'Object Repository/AdminSuiteBootstrap_Pages/VT_Bootstrap/SaleKeyboard/input_userDefined4'

2022-04-01 00:45:22 - [MESSAGE][PASSED] - All options with label 'Orange' are selected in object 'Object Repository/AdminSuiteBootstrap_Pages/VT_Bootstrap/SaleKeyboard/select_UDF5_DropDown'  using regular expression

2022-04-01 00:45:23 - [MESSAGE][PASSED] - All options with label 'Yellow' are selected in object 'Object Repository/AdminSuiteBootstrap_Pages/VT_Bootstrap/SaleKeyboard/select_UDF6_DropDown'  using regular expression

2022-04-01 00:45:24 - [MESSAGE][PASSED] - Text 'Norway' is set on object 'Object Repository/AdminSuiteBootstrap_Pages/VT_Bootstrap/SaleKeyboard/input_userDefined7'

2022-04-01 00:45:24 - [MESSAGE][PASSED] - Text 'Netherlands' is set on object 'Object Repository/AdminSuiteBootstrap_Pages/VT_Bootstrap/SaleKeyboard/input_userDefined8'

2022-04-01 00:45:25 - [MESSAGE][PASSED] - Text 'Switzerland' is set on object 'Object Repository/AdminSuiteBootstrap_Pages/VT_Bootstrap/SaleKeyboard/input_userDefined9'

2022-04-01 00:45:26 - [MESSAGE][PASSED] - Text 'France' is set on object 'Object Repository/AdminSuiteBootstrap_Pages/VT_Bootstrap/SaleKeyboard/input_userDefined10'

2022-04-01 00:45:27 - [MESSAGE][PASSED] - Object: 'Object Repository/AdminSuiteBootstrap_Pages/VT_Bootstrap/SaleKeyboard/button_Submit' is clicked on

2022-04-01 00:45:27 - [MESSAGE][PASSED] - adminSuiteBootstrap.virtualTerminalSetData.saleKeyboard_DataDriven is PASSED

2022-04-01 00:45:27 - [TEST_STEP][PASSED] - if (verifyTextPresent("Transaction Successful", true)): null

2022-04-01 00:45:28 - [MESSAGE][PASSED] - Text 'Transaction Successful' is present on page  using regular expression

2022-04-01 00:45:28 - [TEST_STEP][PASSED] - sdf = getText(findTestObject(path_Receipt + "td_AutoNoC031622113752957Ahm")): Text of object 'Object Repository/AdminSuiteBootstrap_Pages/VT_Bootstrap/Receipt/td_AutoNoC031622113752957Ahm' is: 'AutoNoC040122004320518Ahm'

2022-04-01 00:45:28 - [MESSAGE][PASSED] - Text of object 'Object Repository/AdminSuiteBootstrap_Pages/VT_Bootstrap/Receipt/td_AutoNoC031622113752957Ahm' is: 'AutoNoC040122004320518Ahm'

2022-04-01 00:45:28 - [TEST_STEP][PASSED] - out.println("sdf: " + sdf): null

2022-04-01 00:45:28 - [TEST_STEP][PASSED] - remID = sdf: null

2022-04-01 00:45:28 - [TEST_STEP][PASSED] - out.println("remID: " + remID): null

2022-04-01 00:45:28 - [TEST_STEP][PASSED] - click(findTestObject(path_Receipt + "button_Continue")): Object: 'Object Repository/AdminSuiteBootstrap_Pages/VT_Bootstrap/Receipt/button_Continue' is clicked on

2022-04-01 00:45:29 - [MESSAGE][PASSED] - Object: 'Object Repository/AdminSuiteBootstrap_Pages/VT_Bootstrap/Receipt/button_Continue' is clicked on

2022-04-01 00:45:29 - [TEST_STEP][PASSED] - click(findTestObject(path_VT + "a_Search Transactions")): Object: 'Object Repository/AdminSuiteBootstrap_Pages/VT_Bootstrap/IssueTransactions/a_Search Transactions' is clicked on

2022-04-01 00:45:30 - [MESSAGE][PASSED] - Object: 'Object Repository/AdminSuiteBootstrap_Pages/VT_Bootstrap/IssueTransactions/a_Search Transactions' is clicked on

2022-04-01 00:45:30 - [TEST_STEP][PASSED] - setText(findTestObject(path_CCSearch + "input_Search By_searchValue"), remID): Text 'AutoNoC040122004320518Ahm' is set on object 'Object Repository/AdminSuiteBootstrap_Pages/VT_Bootstrap/CCCreditOrVoidSearch/input_Search By_searchValue'

2022-04-01 00:45:31 - [MESSAGE][PASSED] - Text 'AutoNoC040122004320518Ahm' is set on object 'Object Repository/AdminSuiteBootstrap_Pages/VT_Bootstrap/CCCreditOrVoidSearch/input_Search By_searchValue'

2022-04-01 00:45:31 - [TEST_STEP][PASSED] - click(findTestObject(path_CCSearch + "option_Authorization")): Object: 'Object Repository/AdminSuiteBootstrap_Pages/VT_Bootstrap/CCCreditOrVoidSearch/option_Authorization' is clicked on

2022-04-01 00:45:31 - [MESSAGE][PASSED] - Object: 'Object Repository/AdminSuiteBootstrap_Pages/VT_Bootstrap/CCCreditOrVoidSearch/option_Authorization' is clicked on

2022-04-01 00:45:31 - [TEST_STEP][PASSED] - click(findTestObject(path_CCSearch + "button_Submit")): Object: 'Object Repository/AdminSuiteBootstrap_Pages/VT_Bootstrap/CCCreditOrVoidSearch/button_Submit' is clicked on

2022-04-01 00:45:32 - [MESSAGE][PASSED] - Object: 'Object Repository/AdminSuiteBootstrap_Pages/VT_Bootstrap/CCCreditOrVoidSearch/button_Submit' is clicked on

2022-04-01 00:45:32 - [TEST_STEP][PASSED] - fgr = getText(findTestObject(path_SearchResults + "div_Payment ID")): Text of object 'Object Repository/AdminSuiteBootstrap_Pages/VT_Bootstrap/SearchResults/div_Payment ID' is: 'Payment ID
Payment Type
Transaction Type
Remittance ID
Name
Total Amount
End Date
Status
12114379 Credit Card Authorization AutoNoC040122004320518Ahm Tulsi Raman $10.50 04/01/2022 Success'

2022-04-01 00:45:32 - [MESSAGE][PASSED] - Text of object 'Object Repository/AdminSuiteBootstrap_Pages/VT_Bootstrap/SearchResults/div_Payment ID' is: 'Payment ID
Payment Type
Transaction Type
Remittance ID
Name
Total Amount
End Date
Status
12114379 Credit Card Authorization AutoNoC040122004320518Ahm Tulsi Raman $10.50 04/01/2022 Success'

2022-04-01 00:45:32 - [TEST_STEP][PASSED] - payID = substring(89, 98).trim(): null

2022-04-01 00:45:32 - [TEST_STEP][PASSED] - out.println("payID: " + payID): null

2022-04-01 00:45:32 - [TEST_STEP][PASSED] - click(findTestObject(path_SearchResults + "button_PaymentID")): Object: 'Object Repository/AdminSuiteBootstrap_Pages/VT_Bootstrap/SearchResults/button_PaymentID' is clicked on

2022-04-01 00:45:33 - [MESSAGE][PASSED] - Object: 'Object Repository/AdminSuiteBootstrap_Pages/VT_Bootstrap/SearchResults/button_PaymentID' is clicked on

2022-04-01 00:45:33 - [TEST_STEP][PASSED] - verifyTextPresent("Tender Type", true): Text 'Tender Type' is present on page  using regular expression

2022-04-01 00:45:34 - [MESSAGE][PASSED] - Text 'Tender Type' is present on page  using regular expression

2022-04-01 00:45:34 - [TEST_STEP][PASSED] - verifyTextPresent("Credit Card", true): Text 'Credit Card' is present on page  using regular expression

2022-04-01 00:45:34 - [MESSAGE][PASSED] - Text 'Credit Card' is present on page  using regular expression

2022-04-01 00:45:34 - [TEST_STEP][PASSED] - verifyTextPresent("Transaction Type", true): Text 'Transaction Type' is present on page  using regular expression

2022-04-01 00:45:34 - [MESSAGE][PASSED] - Text 'Transaction Type' is present on page  using regular expression

2022-04-01 00:45:34 - [TEST_STEP][PASSED] - verifyTextPresent("Authorization", true): Text 'Authorization' is present on page  using regular expression

2022-04-01 00:45:35 - [MESSAGE][PASSED] - Text 'Authorization' is present on page  using regular expression

2022-04-01 00:45:35 - [TEST_STEP][PASSED] - verifyTextPresent("Transaction Posted by", true): Text 'Transaction Posted by' is present on page  using regular expression

2022-04-01 00:45:35 - [MESSAGE][PASSED] - Text 'Transaction Posted by' is present on page  using regular expression

2022-04-01 00:45:35 - [TEST_STEP][PASSED] - verifyTextPresent("iahmed", true): Text 'iahmed' is present on page  using regular expression

2022-04-01 00:45:35 - [MESSAGE][PASSED] - Text 'iahmed' is present on page  using regular expression

2022-04-01 00:45:35 - [TEST_STEP][PASSED] - click(findTestObject(path_TranxDetails + "a_Capture this transaction")): Object: 'Object Repository/AdminSuiteBootstrap_Pages/VT_Bootstrap/TransactionDetails/a_Capture this transaction' is clicked on

2022-04-01 00:45:36 - [MESSAGE][PASSED] - Object: 'Object Repository/AdminSuiteBootstrap_Pages/VT_Bootstrap/TransactionDetails/a_Capture this transaction' is clicked on

2022-04-01 00:45:36 - [TEST_STEP][PASSED] - verifyTextPresent("Credit Card Capture", true): Text 'Credit Card Capture' is present on page  using regular expression

2022-04-01 00:45:37 - [MESSAGE][PASSED] - Text 'Credit Card Capture' is present on page  using regular expression

2022-04-01 00:45:37 - [TEST_STEP][PASSED] - captureAmount = findTestData(dataFile).getValue("CaptureAmount", row): null

2022-04-01 00:45:37 - [TEST_STEP][PASSED] - setText(findTestObject(path_SaleKB + "input_amountCapture"), captureAmount): Text '10.50' is set on object 'Object Repository/AdminSuiteBootstrap_Pages/VT_Bootstrap/SaleKeyboard/input_amountCapture'

2022-04-01 00:45:38 - [MESSAGE][PASSED] - Text '10.50' is set on object 'Object Repository/AdminSuiteBootstrap_Pages/VT_Bootstrap/SaleKeyboard/input_amountCapture'

2022-04-01 00:45:38 - [TEST_STEP][PASSED] - click(findTestObject(path_TranxDetails + "button_Submit")): Object: 'Object Repository/AdminSuiteBootstrap_Pages/VT_Bootstrap/TransactionDetails/button_Submit' is clicked on

2022-04-01 00:45:39 - [MESSAGE][PASSED] - Object: 'Object Repository/AdminSuiteBootstrap_Pages/VT_Bootstrap/TransactionDetails/button_Submit' is clicked on

2022-04-01 00:45:39 - [TEST_STEP][PASSED] - if (verifyTextPresent("Transaction Successful", true)): null

2022-04-01 00:45:40 - [MESSAGE][PASSED] - Text 'Transaction Successful' is present on page  using regular expression

2022-04-01 00:45:40 - [TEST_STEP][PASSED] - verifyTextPresent("Transaction Type", true): Text 'Transaction Type' is present on page  using regular expression

2022-04-01 00:45:40 - [MESSAGE][PASSED] - Text 'Transaction Type' is present on page  using regular expression

2022-04-01 00:45:40 - [TEST_STEP][PASSED] - verifyTextPresent("Capture", true): Text 'Capture' is present on page  using regular expression

2022-04-01 00:45:41 - [MESSAGE][PASSED] - Text 'Capture' is present on page  using regular expression

2022-04-01 00:45:41 - [TEST_STEP][PASSED] - verifyTextPresent("Amount", true): Text 'Amount' is present on page  using regular expression

2022-04-01 00:45:41 - [MESSAGE][PASSED] - Text 'Amount' is present on page  using regular expression

2022-04-01 00:45:41 - [TEST_STEP][PASSED] - verifyTextPresent(captureAmount, true): Text '10.50' is present on page  using regular expression

2022-04-01 00:45:41 - [MESSAGE][PASSED] - Text '10.50' is present on page  using regular expression

2022-04-01 00:45:41 - [TEST_STEP][PASSED] - sdf = getText(findTestObject(path_Receipt + "td_AutoNoC031622113752957Ahm")): Text of object 'Object Repository/AdminSuiteBootstrap_Pages/VT_Bootstrap/Receipt/td_AutoNoC031622113752957Ahm' is: 'AutoNoC040122004320518Ahm'

2022-04-01 00:45:42 - [MESSAGE][PASSED] - Text of object 'Object Repository/AdminSuiteBootstrap_Pages/VT_Bootstrap/Receipt/td_AutoNoC031622113752957Ahm' is: 'AutoNoC040122004320518Ahm'

2022-04-01 00:45:42 - [TEST_STEP][PASSED] - out.println("sdf: " + sdf): null

2022-04-01 00:45:42 - [TEST_STEP][PASSED] - remID = sdf: null

2022-04-01 00:45:42 - [TEST_STEP][PASSED] - out.println("remID: " + remID): null

2022-04-01 00:45:42 - [TEST_STEP][PASSED] - click(findTestObject(path_Receipt + "button_Continue")): Object: 'Object Repository/AdminSuiteBootstrap_Pages/VT_Bootstrap/Receipt/button_Continue' is clicked on

2022-04-01 00:45:42 - [MESSAGE][PASSED] - Object: 'Object Repository/AdminSuiteBootstrap_Pages/VT_Bootstrap/Receipt/button_Continue' is clicked on

2022-04-01 00:45:42 - [TEST_STEP][PASSED] - click(findTestObject(path_VT + "a_Search Transactions")): Object: 'Object Repository/AdminSuiteBootstrap_Pages/VT_Bootstrap/IssueTransactions/a_Search Transactions' is clicked on

2022-04-01 00:45:43 - [MESSAGE][PASSED] - Object: 'Object Repository/AdminSuiteBootstrap_Pages/VT_Bootstrap/IssueTransactions/a_Search Transactions' is clicked on

2022-04-01 00:45:43 - [TEST_STEP][PASSED] - setText(findTestObject(path_CCSearch + "input_Search By_searchValue"), remID): Text 'AutoNoC040122004320518Ahm' is set on object 'Object Repository/AdminSuiteBootstrap_Pages/VT_Bootstrap/CCCreditOrVoidSearch/input_Search By_searchValue'

2022-04-01 00:45:44 - [MESSAGE][PASSED] - Text 'AutoNoC040122004320518Ahm' is set on object 'Object Repository/AdminSuiteBootstrap_Pages/VT_Bootstrap/CCCreditOrVoidSearch/input_Search By_searchValue'

2022-04-01 00:45:44 - [TEST_STEP][PASSED] - click(findTestObject(path_CCSearch + "option_Capture (Sale)")): Object: 'Object Repository/AdminSuiteBootstrap_Pages/VT_Bootstrap/CCCreditOrVoidSearch/option_Capture (Sale)' is clicked on

2022-04-01 00:45:45 - [MESSAGE][PASSED] - Object: 'Object Repository/AdminSuiteBootstrap_Pages/VT_Bootstrap/CCCreditOrVoidSearch/option_Capture (Sale)' is clicked on

2022-04-01 00:45:45 - [TEST_STEP][PASSED] - click(findTestObject(path_CCSearch + "button_Submit")): Object: 'Object Repository/AdminSuiteBootstrap_Pages/VT_Bootstrap/CCCreditOrVoidSearch/button_Submit' is clicked on

2022-04-01 00:45:45 - [MESSAGE][PASSED] - Object: 'Object Repository/AdminSuiteBootstrap_Pages/VT_Bootstrap/CCCreditOrVoidSearch/button_Submit' is clicked on

2022-04-01 00:45:45 - [TEST_STEP][PASSED] - fgr = getText(findTestObject(path_SearchResults + "div_Payment ID")): Text of object 'Object Repository/AdminSuiteBootstrap_Pages/VT_Bootstrap/SearchResults/div_Payment ID' is: 'Payment ID
Payment Type
Transaction Type
Remittance ID
Name
Total Amount
End Date
Status
12114380 Credit Card Capture AutoNoC040122004320518Ahm Tulsi Raman $10.50 04/01/2022 Success'

2022-04-01 00:45:46 - [MESSAGE][PASSED] - Text of object 'Object Repository/AdminSuiteBootstrap_Pages/VT_Bootstrap/SearchResults/div_Payment ID' is: 'Payment ID
Payment Type
Transaction Type
Remittance ID
Name
Total Amount
End Date
Status
12114380 Credit Card Capture AutoNoC040122004320518Ahm Tulsi Raman $10.50 04/01/2022 Success'

2022-04-01 00:45:46 - [TEST_STEP][PASSED] - payID = substring(89, 98).trim(): null

2022-04-01 00:45:46 - [TEST_STEP][PASSED] - out.println("payID: " + payID): null

2022-04-01 00:45:46 - [TEST_STEP][PASSED] - click(findTestObject(path_SearchResults + "button_PaymentID")): Object: 'Object Repository/AdminSuiteBootstrap_Pages/VT_Bootstrap/SearchResults/button_PaymentID' is clicked on

2022-04-01 00:45:47 - [MESSAGE][PASSED] - Object: 'Object Repository/AdminSuiteBootstrap_Pages/VT_Bootstrap/SearchResults/button_PaymentID' is clicked on

2022-04-01 00:45:47 - [TEST_STEP][PASSED] - click(findTestObject(path_TranxDetails + "a_Credit this transaction")): Object: 'Object Repository/AdminSuiteBootstrap_Pages/VT_Bootstrap/TransactionDetails/a_Credit this transaction' is clicked on

2022-04-01 00:45:48 - [MESSAGE][PASSED] - Object: 'Object Repository/AdminSuiteBootstrap_Pages/VT_Bootstrap/TransactionDetails/a_Credit this transaction' is clicked on

2022-04-01 00:45:48 - [TEST_STEP][PASSED] - verifyTextPresent("Credit Card Credit", true): Text 'Credit Card Credit' is present on page  using regular expression

2022-04-01 00:45:49 - [MESSAGE][PASSED] - Text 'Credit Card Credit' is present on page  using regular expression

2022-04-01 00:45:49 - [TEST_STEP][PASSED] - click(findTestObject(path_TranxDetails + "button_Submit")): Object: 'Object Repository/AdminSuiteBootstrap_Pages/VT_Bootstrap/TransactionDetails/button_Submit' is clicked on

2022-04-01 00:45:51 - [MESSAGE][PASSED] - Object: 'Object Repository/AdminSuiteBootstrap_Pages/VT_Bootstrap/TransactionDetails/button_Submit' is clicked on

2022-04-01 00:45:51 - [TEST_STEP][PASSED] - verifyTextPresent("Transaction Successful", true): Text 'Transaction Successful' is present on page  using regular expression

2022-04-01 00:45:51 - [MESSAGE][PASSED] - Text 'Transaction Successful' is present on page  using regular expression

2022-04-01 00:45:51 - [TEST_STEP][PASSED] - verifyTextPresent("Transaction Type", true): Text 'Transaction Type' is present on page  using regular expression

2022-04-01 00:45:51 - [MESSAGE][PASSED] - Text 'Transaction Type' is present on page  using regular expression

2022-04-01 00:45:51 - [TEST_STEP][PASSED] - verifyTextPresent("Credit", true): Text 'Credit' is present on page  using regular expression

2022-04-01 00:45:52 - [MESSAGE][PASSED] - Text 'Credit' is present on page  using regular expression

2022-04-01 00:45:52 - [TEST_STEP][PASSED] - closeBrowser(): Browser is closed

2022-04-01 00:45:53 - [MESSAGE][PASSED] - Browser is closed

2022-04-01 00:45:53 - [TEST_STEP][PASSED] - ExecuteTC = findTestData(dataFile).getValue("Execute", row): null

2022-04-01 00:45:53 - [TEST_STEP][PASSED] - out.println("Value of Execute is : " + ExecuteTC): null

2022-04-01 00:45:53 - [TEST_STEP][PASSED] - switch (executionProfile): null

2022-04-01 00:45:53 - [TEST_STEP][PASSED] - case "QAProfile":: null

2022-04-01 00:45:53 - [TEST_STEP][PASSED] - appName = findTestData(dataFile).getValue("AppNameQA", row): null

2022-04-01 00:45:53 - [TEST_STEP][PASSED] - appID = findTestData(dataFile).getValue("AppIDQA", row): null

2022-04-01 00:45:53 - [TEST_STEP][PASSED] - break: null

2022-04-01 00:45:53 - [TEST_STEP][PASSED] - hrefAppID = li_1 + appID + li_2: null

2022-04-01 00:45:53 - [TEST_STEP][PASSED] - hrefApp = li_1 + appID + "/": null

2022-04-01 00:45:53 - [TEST_STEP][PASSED] - println("hrefApp : " + hrefApp): null

2022-04-01 00:45:53 - [TEST_STEP][PASSED] - if (ExecuteTC.equalsIgnoreCase("Y")): null

2022-04-01 00:45:53 - [TEST_STEP][PASSED] - out.println("Begin Record Number: " + row): null

2022-04-01 00:45:53 - [TEST_STEP][PASSED] - today = new java.util.Date(): null

2022-04-01 00:45:53 - [TEST_STEP][PASSED] - println(today): null

2022-04-01 00:45:53 - [TEST_STEP][PASSED] - datText = today: null

2022-04-01 00:45:53 - [TEST_STEP][PASSED] - adminSuiteBootstrap.loginFunctionality.login_AdminSuite(): adminSuiteBootstrap.loginFunctionality.login_AdminSuite is PASSED

2022-04-01 00:45:53 - [MESSAGE][INFO] - Starting 'Chrome' driver

2022-04-01 00:45:53 - [MESSAGE][INFO] - User set preference: ['acceptInsecureCerts', 'true']

2022-04-01 00:45:53 - [MESSAGE][INFO] - Action delay is set to 0 milliseconds

2022-04-01 00:45:56 - [MESSAGE][PASSED] - Browser is opened with url: 'https://qa.velocitypayment.com/admin/imtiaz'

2022-04-01 00:45:56 - [MESSAGE][PASSED] - Current window maximized

2022-04-01 00:45:56 - [MESSAGE][PASSED] - Object 'Object Repository/Login_Page/Login_Username' is present

2022-04-01 00:45:57 - [MESSAGE][PASSED] - Text 'iahmed' is set on object 'Object Repository/Login_Page/Login_Username'

2022-04-01 00:45:58 - [MESSAGE][PASSED] - Text 'hello2222' is set on object 'Object Repository/Login_Page/Login_Password'

2022-04-01 00:46:00 - [MESSAGE][PASSED] - Object: 'Object Repository/Login_Page/Login_Submit' is clicked on

2022-04-01 00:46:00 - [MESSAGE][PASSED] - adminSuiteBootstrap.loginFunctionality.login_AdminSuite is PASSED

2022-04-01 00:46:00 - [TEST_STEP][PASSED] - click(findTestObject(path_Dashboard + appName)): Object: 'Object Repository/AdminSuiteBootstrap_Pages/Dashboard_Bootstrap/a_Access AutoNoCFtp' is clicked on

2022-04-01 00:46:01 - [MESSAGE][PASSED] - Object: 'Object Repository/AdminSuiteBootstrap_Pages/Dashboard_Bootstrap/a_Access AutoNoCFtp' is clicked on

2022-04-01 00:46:01 - [TEST_STEP][PASSED] - click(findTestObject(path_VT + "button_Authorization Only")): Object: 'Object Repository/AdminSuiteBootstrap_Pages/VT_Bootstrap/IssueTransactions/button_Authorization Only' is clicked on

2022-04-01 00:46:02 - [MESSAGE][PASSED] - Object: 'Object Repository/AdminSuiteBootstrap_Pages/VT_Bootstrap/IssueTransactions/button_Authorization Only' is clicked on

2022-04-01 00:46:02 - [TEST_STEP][PASSED] - authOnlyKeyboardEntryLink = modifyObjectProperty(findTestObject(path_VT + "a_KeyboardEntry_Sale"), "href", "equals", hrefAppID, true): Modify property of object successfully

2022-04-01 00:46:02 - [MESSAGE][PASSED] - Modify property of object successfully

2022-04-01 00:46:02 - [TEST_STEP][PASSED] - click(authOnlyKeyboardEntryLink): Object: 'Object Repository/AdminSuiteBootstrap_Pages/VT_Bootstrap/IssueTransactions/a_KeyboardEntry_Sale' is clicked on

2022-04-01 00:46:03 - [MESSAGE][PASSED] - Object: 'Object Repository/AdminSuiteBootstrap_Pages/VT_Bootstrap/IssueTransactions/a_KeyboardEntry_Sale' is clicked on

2022-04-01 00:46:03 - [TEST_STEP][PASSED] - adminSuiteBootstrap.virtualTerminalSetData.saleKeyboard_DataDriven(row, dataFile): adminSuiteBootstrap.virtualTerminalSetData.saleKeyboard_DataDriven is PASSED

2022-04-01 00:46:06 - [MESSAGE][PASSED] - Text 'Janaki James' is set on object 'Object Repository/AdminSuiteBootstrap_Pages/VT_Bootstrap/SaleKeyboard/input_cardName'

2022-04-01 00:46:07 - [MESSAGE][PASSED] - All options with value 'MOTO' are selected in object 'Object Repository/AdminSuiteBootstrap_Pages/VT_Bootstrap/SaleKeyboard/select_transactionCategory'  using regular expression

2022-04-01 00:46:07 - [MESSAGE][PASSED] - Execute JavaScript 'arguments[0].value ='4012000098765439' ' successfully

2022-04-01 00:46:07 - [MESSAGE][PASSED] - Execute JavaScript 'arguments[0].value ='123' ' successfully

2022-04-01 00:46:08 - [MESSAGE][PASSED] - All options with value '12' are selected in object 'Object Repository/AdminSuiteBootstrap_Pages/VT_Bootstrap/SaleKeyboard/select_MM'  using regular expression

2022-04-01 00:46:09 - [MESSAGE][PASSED] - All options with value '2025' are selected in object 'Object Repository/AdminSuiteBootstrap_Pages/VT_Bootstrap/SaleKeyboard/select_YYYY'  using regular expression

2022-04-01 00:46:10 - [MESSAGE][PASSED] - Text '36 Cornor Road' is set on object 'Object Repository/AdminSuiteBootstrap_Pages/VT_Bootstrap/SaleKeyboard/input__address'

2022-04-01 00:46:11 - [MESSAGE][PASSED] - Text 'Suite 500' is set on object 'Object Repository/AdminSuiteBootstrap_Pages/VT_Bootstrap/SaleKeyboard/input__address2'

2022-04-01 00:46:11 - [MESSAGE][PASSED] - Text '22201' is set on object 'Object Repository/AdminSuiteBootstrap_Pages/VT_Bootstrap/SaleKeyboard/input__zip'

2022-04-01 00:46:12 - [MESSAGE][PASSED] - Text '' is set on object 'Object Repository/AdminSuiteBootstrap_Pages/VT_Bootstrap/SaleKeyboard/input_emailAddress'

2022-04-01 00:46:13 - [MESSAGE][PASSED] - Text '' is set on object 'Object Repository/AdminSuiteBootstrap_Pages/VT_Bootstrap/SaleKeyboard/input_smsNumber'

2022-04-01 00:46:14 - [MESSAGE][PASSED] - Text '10.50' is set on object 'Object Repository/AdminSuiteBootstrap_Pages/VT_Bootstrap/SaleKeyboard/input_amount'

2022-04-01 00:46:15 - [MESSAGE][PASSED] - Text 'Australia' is set on object 'Object Repository/AdminSuiteBootstrap_Pages/VT_Bootstrap/SaleKeyboard/input_userDefined1'

2022-04-01 00:46:15 - [MESSAGE][PASSED] - Text 'Denmark' is set on object 'Object Repository/AdminSuiteBootstrap_Pages/VT_Bootstrap/SaleKeyboard/input_userDefined2'

2022-04-01 00:46:16 - [MESSAGE][PASSED] - Text 'Sweden' is set on object 'Object Repository/AdminSuiteBootstrap_Pages/VT_Bootstrap/SaleKeyboard/input_userDefined3'

2022-04-01 00:46:16 - [MESSAGE][PASSED] - Text 'Austria' is set on object 'Object Repository/AdminSuiteBootstrap_Pages/VT_Bootstrap/SaleKeyboard/input_userDefined4'

2022-04-01 00:46:17 - [MESSAGE][PASSED] - All options with label 'Orange' are selected in object 'Object Repository/AdminSuiteBootstrap_Pages/VT_Bootstrap/SaleKeyboard/select_UDF5_DropDown'  using regular expression

2022-04-01 00:46:18 - [MESSAGE][PASSED] - All options with label 'Yellow' are selected in object 'Object Repository/AdminSuiteBootstrap_Pages/VT_Bootstrap/SaleKeyboard/select_UDF6_DropDown'  using regular expression

2022-04-01 00:46:19 - [MESSAGE][PASSED] - Text 'Norway' is set on object 'Object Repository/AdminSuiteBootstrap_Pages/VT_Bootstrap/SaleKeyboard/input_userDefined7'

2022-04-01 00:46:20 - [MESSAGE][PASSED] - Text 'Netherlands' is set on object 'Object Repository/AdminSuiteBootstrap_Pages/VT_Bootstrap/SaleKeyboard/input_userDefined8'

2022-04-01 00:46:20 - [MESSAGE][PASSED] - Text 'Switzerland' is set on object 'Object Repository/AdminSuiteBootstrap_Pages/VT_Bootstrap/SaleKeyboard/input_userDefined9'

2022-04-01 00:46:21 - [MESSAGE][PASSED] - Text 'France' is set on object 'Object Repository/AdminSuiteBootstrap_Pages/VT_Bootstrap/SaleKeyboard/input_userDefined10'

2022-04-01 00:46:22 - [MESSAGE][PASSED] - Object: 'Object Repository/AdminSuiteBootstrap_Pages/VT_Bootstrap/SaleKeyboard/button_Submit' is clicked on

2022-04-01 00:46:22 - [MESSAGE][PASSED] - adminSuiteBootstrap.virtualTerminalSetData.saleKeyboard_DataDriven is PASSED

2022-04-01 00:46:22 - [TEST_STEP][PASSED] - if (verifyTextPresent("Transaction Successful", true)): null

2022-04-01 00:46:23 - [MESSAGE][PASSED] - Text 'Transaction Successful' is present on page  using regular expression

2022-04-01 00:46:23 - [TEST_STEP][PASSED] - sdf = getText(findTestObject(path_Receipt + "td_AutoNoC031622113752957Ahm")): Text of object 'Object Repository/AdminSuiteBootstrap_Pages/VT_Bootstrap/Receipt/td_AutoNoC031622113752957Ahm' is: 'AutoNoC040122004415565Ahm'

2022-04-01 00:46:23 - [MESSAGE][PASSED] - Text of object 'Object Repository/AdminSuiteBootstrap_Pages/VT_Bootstrap/Receipt/td_AutoNoC031622113752957Ahm' is: 'AutoNoC040122004415565Ahm'

2022-04-01 00:46:23 - [TEST_STEP][PASSED] - out.println("sdf: " + sdf): null

2022-04-01 00:46:23 - [TEST_STEP][PASSED] - remID = sdf: null

2022-04-01 00:46:23 - [TEST_STEP][PASSED] - out.println("remID: " + remID): null

2022-04-01 00:46:23 - [TEST_STEP][PASSED] - click(findTestObject(path_Receipt + "button_Continue")): Object: 'Object Repository/AdminSuiteBootstrap_Pages/VT_Bootstrap/Receipt/button_Continue' is clicked on

2022-04-01 00:46:24 - [MESSAGE][PASSED] - Object: 'Object Repository/AdminSuiteBootstrap_Pages/VT_Bootstrap/Receipt/button_Continue' is clicked on

2022-04-01 00:46:24 - [TEST_STEP][PASSED] - click(findTestObject(path_VT + "a_Search Transactions")): Object: 'Object Repository/AdminSuiteBootstrap_Pages/VT_Bootstrap/IssueTransactions/a_Search Transactions' is clicked on

2022-04-01 00:46:25 - [MESSAGE][PASSED] - Object: 'Object Repository/AdminSuiteBootstrap_Pages/VT_Bootstrap/IssueTransactions/a_Search Transactions' is clicked on

2022-04-01 00:46:25 - [TEST_STEP][PASSED] - setText(findTestObject(path_CCSearch + "input_Search By_searchValue"), remID): Text 'AutoNoC040122004415565Ahm' is set on object 'Object Repository/AdminSuiteBootstrap_Pages/VT_Bootstrap/CCCreditOrVoidSearch/input_Search By_searchValue'

2022-04-01 00:46:26 - [MESSAGE][PASSED] - Text 'AutoNoC040122004415565Ahm' is set on object 'Object Repository/AdminSuiteBootstrap_Pages/VT_Bootstrap/CCCreditOrVoidSearch/input_Search By_searchValue'

2022-04-01 00:46:26 - [TEST_STEP][PASSED] - click(findTestObject(path_CCSearch + "option_Authorization")): Object: 'Object Repository/AdminSuiteBootstrap_Pages/VT_Bootstrap/CCCreditOrVoidSearch/option_Authorization' is clicked on

2022-04-01 00:46:26 - [MESSAGE][PASSED] - Object: 'Object Repository/AdminSuiteBootstrap_Pages/VT_Bootstrap/CCCreditOrVoidSearch/option_Authorization' is clicked on

2022-04-01 00:46:26 - [TEST_STEP][PASSED] - click(findTestObject(path_CCSearch + "button_Submit")): Object: 'Object Repository/AdminSuiteBootstrap_Pages/VT_Bootstrap/CCCreditOrVoidSearch/button_Submit' is clicked on

2022-04-01 00:46:27 - [MESSAGE][PASSED] - Object: 'Object Repository/AdminSuiteBootstrap_Pages/VT_Bootstrap/CCCreditOrVoidSearch/button_Submit' is clicked on

2022-04-01 00:46:27 - [TEST_STEP][PASSED] - fgr = getText(findTestObject(path_SearchResults + "div_Payment ID")): Text of object 'Object Repository/AdminSuiteBootstrap_Pages/VT_Bootstrap/SearchResults/div_Payment ID' is: 'Payment ID
Payment Type
Transaction Type
Remittance ID
Name
Total Amount
End Date
Status
12114382 Credit Card Authorization AutoNoC040122004415565Ahm Janaki James $10.50 04/01/2022 Success'

2022-04-01 00:46:28 - [MESSAGE][PASSED] - Text of object 'Object Repository/AdminSuiteBootstrap_Pages/VT_Bootstrap/SearchResults/div_Payment ID' is: 'Payment ID
Payment Type
Transaction Type
Remittance ID
Name
Total Amount
End Date
Status
12114382 Credit Card Authorization AutoNoC040122004415565Ahm Janaki James $10.50 04/01/2022 Success'

2022-04-01 00:46:28 - [TEST_STEP][PASSED] - payID = substring(89, 98).trim(): null

2022-04-01 00:46:28 - [TEST_STEP][PASSED] - out.println("payID: " + payID): null

2022-04-01 00:46:28 - [TEST_STEP][PASSED] - click(findTestObject(path_SearchResults + "button_PaymentID")): Object: 'Object Repository/AdminSuiteBootstrap_Pages/VT_Bootstrap/SearchResults/button_PaymentID' is clicked on

2022-04-01 00:46:28 - [MESSAGE][PASSED] - Object: 'Object Repository/AdminSuiteBootstrap_Pages/VT_Bootstrap/SearchResults/button_PaymentID' is clicked on

2022-04-01 00:46:28 - [TEST_STEP][PASSED] - verifyTextPresent("Tender Type", true): Text 'Tender Type' is present on page  using regular expression

2022-04-01 00:46:29 - [MESSAGE][PASSED] - Text 'Tender Type' is present on page  using regular expression

2022-04-01 00:46:29 - [TEST_STEP][PASSED] - verifyTextPresent("Credit Card", true): Text 'Credit Card' is present on page  using regular expression

2022-04-01 00:46:29 - [MESSAGE][PASSED] - Text 'Credit Card' is present on page  using regular expression

2022-04-01 00:46:29 - [TEST_STEP][PASSED] - verifyTextPresent("Transaction Type", true): Text 'Transaction Type' is present on page  using regular expression

2022-04-01 00:46:30 - [MESSAGE][PASSED] - Text 'Transaction Type' is present on page  using regular expression

2022-04-01 00:46:30 - [TEST_STEP][PASSED] - verifyTextPresent("Authorization", true): Text 'Authorization' is present on page  using regular expression

2022-04-01 00:46:30 - [MESSAGE][PASSED] - Text 'Authorization' is present on page  using regular expression

2022-04-01 00:46:30 - [TEST_STEP][PASSED] - verifyTextPresent("Transaction Posted by", true): Text 'Transaction Posted by' is present on page  using regular expression

2022-04-01 00:46:30 - [MESSAGE][PASSED] - Text 'Transaction Posted by' is present on page  using regular expression

2022-04-01 00:46:30 - [TEST_STEP][PASSED] - verifyTextPresent("iahmed", true): Text 'iahmed' is present on page  using regular expression

2022-04-01 00:46:31 - [MESSAGE][PASSED] - Text 'iahmed' is present on page  using regular expression

2022-04-01 00:46:31 - [TEST_STEP][PASSED] - click(findTestObject(path_TranxDetails + "a_Capture this transaction")): Object: 'Object Repository/AdminSuiteBootstrap_Pages/VT_Bootstrap/TransactionDetails/a_Capture this transaction' is clicked on

2022-04-01 00:46:32 - [MESSAGE][PASSED] - Object: 'Object Repository/AdminSuiteBootstrap_Pages/VT_Bootstrap/TransactionDetails/a_Capture this transaction' is clicked on

2022-04-01 00:46:32 - [TEST_STEP][PASSED] - verifyTextPresent("Credit Card Capture", true): Text 'Credit Card Capture' is present on page  using regular expression

2022-04-01 00:46:33 - [MESSAGE][PASSED] - Text 'Credit Card Capture' is present on page  using regular expression

2022-04-01 00:46:33 - [TEST_STEP][PASSED] - captureAmount = findTestData(dataFile).getValue("CaptureAmount", row): null

2022-04-01 00:46:33 - [TEST_STEP][PASSED] - setText(findTestObject(path_SaleKB + "input_amountCapture"), captureAmount): Text '8.50' is set on object 'Object Repository/AdminSuiteBootstrap_Pages/VT_Bootstrap/SaleKeyboard/input_amountCapture'

2022-04-01 00:46:33 - [MESSAGE][PASSED] - Text '8.50' is set on object 'Object Repository/AdminSuiteBootstrap_Pages/VT_Bootstrap/SaleKeyboard/input_amountCapture'

2022-04-01 00:46:33 - [TEST_STEP][PASSED] - click(findTestObject(path_TranxDetails + "button_Submit")): Object: 'Object Repository/AdminSuiteBootstrap_Pages/VT_Bootstrap/TransactionDetails/button_Submit' is clicked on

2022-04-01 00:46:35 - [MESSAGE][PASSED] - Object: 'Object Repository/AdminSuiteBootstrap_Pages/VT_Bootstrap/TransactionDetails/button_Submit' is clicked on

2022-04-01 00:46:35 - [TEST_STEP][PASSED] - if (verifyTextPresent("Transaction Successful", true)): null

2022-04-01 00:46:36 - [MESSAGE][PASSED] - Text 'Transaction Successful' is present on page  using regular expression

2022-04-01 00:46:36 - [TEST_STEP][PASSED] - verifyTextPresent("Transaction Type", true): Text 'Transaction Type' is present on page  using regular expression

2022-04-01 00:46:36 - [MESSAGE][PASSED] - Text 'Transaction Type' is present on page  using regular expression

2022-04-01 00:46:36 - [TEST_STEP][PASSED] - verifyTextPresent("Capture", true): Text 'Capture' is present on page  using regular expression

2022-04-01 00:46:36 - [MESSAGE][PASSED] - Text 'Capture' is present on page  using regular expression

2022-04-01 00:46:36 - [TEST_STEP][PASSED] - verifyTextPresent("Amount", true): Text 'Amount' is present on page  using regular expression

2022-04-01 00:46:37 - [MESSAGE][PASSED] - Text 'Amount' is present on page  using regular expression

2022-04-01 00:46:37 - [TEST_STEP][PASSED] - verifyTextPresent(captureAmount, true): Text '8.50' is present on page  using regular expression

2022-04-01 00:46:37 - [MESSAGE][PASSED] - Text '8.50' is present on page  using regular expression

2022-04-01 00:46:37 - [TEST_STEP][PASSED] - sdf = getText(findTestObject(path_Receipt + "td_AutoNoC031622113752957Ahm")): Text of object 'Object Repository/AdminSuiteBootstrap_Pages/VT_Bootstrap/Receipt/td_AutoNoC031622113752957Ahm' is: 'AutoNoC040122004415565Ahm'

2022-04-01 00:46:37 - [MESSAGE][PASSED] - Text of object 'Object Repository/AdminSuiteBootstrap_Pages/VT_Bootstrap/Receipt/td_AutoNoC031622113752957Ahm' is: 'AutoNoC040122004415565Ahm'

2022-04-01 00:46:37 - [TEST_STEP][PASSED] - out.println("sdf: " + sdf): null

2022-04-01 00:46:37 - [TEST_STEP][PASSED] - remID = sdf: null

2022-04-01 00:46:37 - [TEST_STEP][PASSED] - out.println("remID: " + remID): null

2022-04-01 00:46:37 - [TEST_STEP][PASSED] - click(findTestObject(path_Receipt + "button_Continue")): Object: 'Object Repository/AdminSuiteBootstrap_Pages/VT_Bootstrap/Receipt/button_Continue' is clicked on

2022-04-01 00:46:38 - [MESSAGE][PASSED] - Object: 'Object Repository/AdminSuiteBootstrap_Pages/VT_Bootstrap/Receipt/button_Continue' is clicked on

2022-04-01 00:46:38 - [TEST_STEP][PASSED] - click(findTestObject(path_VT + "a_Search Transactions")): Object: 'Object Repository/AdminSuiteBootstrap_Pages/VT_Bootstrap/IssueTransactions/a_Search Transactions' is clicked on

2022-04-01 00:46:39 - [MESSAGE][PASSED] - Object: 'Object Repository/AdminSuiteBootstrap_Pages/VT_Bootstrap/IssueTransactions/a_Search Transactions' is clicked on

2022-04-01 00:46:39 - [TEST_STEP][PASSED] - setText(findTestObject(path_CCSearch + "input_Search By_searchValue"), remID): Text 'AutoNoC040122004415565Ahm' is set on object 'Object Repository/AdminSuiteBootstrap_Pages/VT_Bootstrap/CCCreditOrVoidSearch/input_Search By_searchValue'

2022-04-01 00:46:40 - [MESSAGE][PASSED] - Text 'AutoNoC040122004415565Ahm' is set on object 'Object Repository/AdminSuiteBootstrap_Pages/VT_Bootstrap/CCCreditOrVoidSearch/input_Search By_searchValue'

2022-04-01 00:46:40 - [TEST_STEP][PASSED] - click(findTestObject(path_CCSearch + "option_Capture (Sale)")): Object: 'Object Repository/AdminSuiteBootstrap_Pages/VT_Bootstrap/CCCreditOrVoidSearch/option_Capture (Sale)' is clicked on

2022-04-01 00:46:41 - [MESSAGE][PASSED] - Object: 'Object Repository/AdminSuiteBootstrap_Pages/VT_Bootstrap/CCCreditOrVoidSearch/option_Capture (Sale)' is clicked on

2022-04-01 00:46:41 - [TEST_STEP][PASSED] - click(findTestObject(path_CCSearch + "button_Submit")): Object: 'Object Repository/AdminSuiteBootstrap_Pages/VT_Bootstrap/CCCreditOrVoidSearch/button_Submit' is clicked on

2022-04-01 00:46:42 - [MESSAGE][PASSED] - Object: 'Object Repository/AdminSuiteBootstrap_Pages/VT_Bootstrap/CCCreditOrVoidSearch/button_Submit' is clicked on

2022-04-01 00:46:42 - [TEST_STEP][PASSED] - fgr = getText(findTestObject(path_SearchResults + "div_Payment ID")): Text of object 'Object Repository/AdminSuiteBootstrap_Pages/VT_Bootstrap/SearchResults/div_Payment ID' is: 'Payment ID
Payment Type
Transaction Type
Remittance ID
Name
Total Amount
End Date
Status
12114383 Credit Card Capture AutoNoC040122004415565Ahm Janaki James $8.50 04/01/2022 Success'

2022-04-01 00:46:42 - [MESSAGE][PASSED] - Text of object 'Object Repository/AdminSuiteBootstrap_Pages/VT_Bootstrap/SearchResults/div_Payment ID' is: 'Payment ID
Payment Type
Transaction Type
Remittance ID
Name
Total Amount
End Date
Status
12114383 Credit Card Capture AutoNoC040122004415565Ahm Janaki James $8.50 04/01/2022 Success'

2022-04-01 00:46:42 - [TEST_STEP][PASSED] - payID = substring(89, 98).trim(): null

2022-04-01 00:46:42 - [TEST_STEP][PASSED] - out.println("payID: " + payID): null

2022-04-01 00:46:42 - [TEST_STEP][PASSED] - click(findTestObject(path_SearchResults + "button_PaymentID")): Object: 'Object Repository/AdminSuiteBootstrap_Pages/VT_Bootstrap/SearchResults/button_PaymentID' is clicked on

2022-04-01 00:46:44 - [MESSAGE][PASSED] - Object: 'Object Repository/AdminSuiteBootstrap_Pages/VT_Bootstrap/SearchResults/button_PaymentID' is clicked on

2022-04-01 00:46:44 - [TEST_STEP][PASSED] - click(findTestObject(path_TranxDetails + "a_Credit this transaction")): Object: 'Object Repository/AdminSuiteBootstrap_Pages/VT_Bootstrap/TransactionDetails/a_Credit this transaction' is clicked on

2022-04-01 00:46:47 - [MESSAGE][PASSED] - Object: 'Object Repository/AdminSuiteBootstrap_Pages/VT_Bootstrap/TransactionDetails/a_Credit this transaction' is clicked on

2022-04-01 00:46:47 - [TEST_STEP][PASSED] - verifyTextPresent("Credit Card Credit", true): Text 'Credit Card Credit' is present on page  using regular expression

2022-04-01 00:46:48 - [MESSAGE][PASSED] - Text 'Credit Card Credit' is present on page  using regular expression

2022-04-01 00:46:48 - [TEST_STEP][PASSED] - click(findTestObject(path_TranxDetails + "button_Submit")): Object: 'Object Repository/AdminSuiteBootstrap_Pages/VT_Bootstrap/TransactionDetails/button_Submit' is clicked on

2022-04-01 00:46:50 - [MESSAGE][PASSED] - Object: 'Object Repository/AdminSuiteBootstrap_Pages/VT_Bootstrap/TransactionDetails/button_Submit' is clicked on

2022-04-01 00:46:50 - [TEST_STEP][PASSED] - verifyTextPresent("Transaction Successful", true): Text 'Transaction Successful' is present on page  using regular expression

2022-04-01 00:46:51 - [MESSAGE][PASSED] - Text 'Transaction Successful' is present on page  using regular expression

2022-04-01 00:46:51 - [TEST_STEP][PASSED] - verifyTextPresent("Transaction Type", true): Text 'Transaction Type' is present on page  using regular expression

2022-04-01 00:46:51 - [MESSAGE][PASSED] - Text 'Transaction Type' is present on page  using regular expression

2022-04-01 00:46:51 - [TEST_STEP][PASSED] - verifyTextPresent("Credit", true): Text 'Credit' is present on page  using regular expression

2022-04-01 00:46:52 - [MESSAGE][PASSED] - Text 'Credit' is present on page  using regular expression

2022-04-01 00:46:52 - [TEST_STEP][PASSED] - closeBrowser(): Browser is closed

2022-04-01 00:46:52 - [MESSAGE][PASSED] - Browser is closed

2022-04-01 00:46:52 - [TEST_STEP][PASSED] - ExecuteTC = findTestData(dataFile).getValue("Execute", row): null

2022-04-01 00:46:53 - [TEST_STEP][PASSED] - out.println("Value of Execute is : " + ExecuteTC): null

2022-04-01 00:46:53 - [TEST_STEP][PASSED] - switch (executionProfile): null

2022-04-01 00:46:53 - [TEST_STEP][PASSED] - case "QAProfile":: null

2022-04-01 00:46:53 - [TEST_STEP][PASSED] - appName = findTestData(dataFile).getValue("AppNameQA", row): null

2022-04-01 00:46:53 - [TEST_STEP][PASSED] - appID = findTestData(dataFile).getValue("AppIDQA", row): null

2022-04-01 00:46:53 - [TEST_STEP][PASSED] - break: null

2022-04-01 00:46:53 - [TEST_STEP][PASSED] - hrefAppID = li_1 + appID + li_2: null

2022-04-01 00:46:53 - [TEST_STEP][PASSED] - hrefApp = li_1 + appID + "/": null

2022-04-01 00:46:53 - [TEST_STEP][PASSED] - println("hrefApp : " + hrefApp): null

2022-04-01 00:46:53 - [TEST_STEP][PASSED] - if (ExecuteTC.equalsIgnoreCase("Y")): null

2022-04-01 00:46:53 - [TEST_STEP][PASSED] - out.println("Begin Record Number: " + row): null

2022-04-01 00:46:53 - [TEST_STEP][PASSED] - today = new java.util.Date(): null

2022-04-01 00:46:53 - [TEST_STEP][PASSED] - println(today): null

2022-04-01 00:46:53 - [TEST_STEP][PASSED] - datText = today: null

2022-04-01 00:46:53 - [TEST_STEP][PASSED] - adminSuiteBootstrap.loginFunctionality.login_AdminSuite(): adminSuiteBootstrap.loginFunctionality.login_AdminSuite is PASSED

2022-04-01 00:46:53 - [MESSAGE][INFO] - Starting 'Chrome' driver

2022-04-01 00:46:53 - [MESSAGE][INFO] - User set preference: ['acceptInsecureCerts', 'true']

2022-04-01 00:46:53 - [MESSAGE][INFO] - Action delay is set to 0 milliseconds

2022-04-01 00:46:56 - [MESSAGE][PASSED] - Browser is opened with url: 'https://qa.velocitypayment.com/admin/imtiaz'

2022-04-01 00:46:56 - [MESSAGE][PASSED] - Current window maximized

2022-04-01 00:46:56 - [MESSAGE][PASSED] - Object 'Object Repository/Login_Page/Login_Username' is present

2022-04-01 00:46:57 - [MESSAGE][PASSED] - Text 'iahmed' is set on object 'Object Repository/Login_Page/Login_Username'

2022-04-01 00:46:58 - [MESSAGE][PASSED] - Text 'hello2222' is set on object 'Object Repository/Login_Page/Login_Password'

2022-04-01 00:47:00 - [MESSAGE][PASSED] - Object: 'Object Repository/Login_Page/Login_Submit' is clicked on

2022-04-01 00:47:00 - [MESSAGE][PASSED] - adminSuiteBootstrap.loginFunctionality.login_AdminSuite is PASSED

2022-04-01 00:47:00 - [TEST_STEP][PASSED] - click(findTestObject(path_Dashboard + appName)): Object: 'Object Repository/AdminSuiteBootstrap_Pages/Dashboard_Bootstrap/a_Access AutoDualCFtpQA' is clicked on

2022-04-01 00:47:01 - [MESSAGE][PASSED] - Object: 'Object Repository/AdminSuiteBootstrap_Pages/Dashboard_Bootstrap/a_Access AutoDualCFtpQA' is clicked on

2022-04-01 00:47:01 - [TEST_STEP][PASSED] - click(findTestObject(path_VT + "button_Authorization Only")): Object: 'Object Repository/AdminSuiteBootstrap_Pages/VT_Bootstrap/IssueTransactions/button_Authorization Only' is clicked on

2022-04-01 00:47:02 - [MESSAGE][PASSED] - Object: 'Object Repository/AdminSuiteBootstrap_Pages/VT_Bootstrap/IssueTransactions/button_Authorization Only' is clicked on

2022-04-01 00:47:02 - [TEST_STEP][PASSED] - authOnlyKeyboardEntryLink = modifyObjectProperty(findTestObject(path_VT + "a_KeyboardEntry_Sale"), "href", "equals", hrefAppID, true): Modify property of object successfully

2022-04-01 00:47:02 - [MESSAGE][PASSED] - Modify property of object successfully

2022-04-01 00:47:02 - [TEST_STEP][PASSED] - click(authOnlyKeyboardEntryLink): Object: 'Object Repository/AdminSuiteBootstrap_Pages/VT_Bootstrap/IssueTransactions/a_KeyboardEntry_Sale' is clicked on

2022-04-01 00:47:03 - [MESSAGE][PASSED] - Object: 'Object Repository/AdminSuiteBootstrap_Pages/VT_Bootstrap/IssueTransactions/a_KeyboardEntry_Sale' is clicked on

2022-04-01 00:47:03 - [TEST_STEP][PASSED] - adminSuiteBootstrap.virtualTerminalSetData.saleKeyboard_DataDriven(row, dataFile): adminSuiteBootstrap.virtualTerminalSetData.saleKeyboard_DataDriven is PASSED

2022-04-01 00:47:06 - [MESSAGE][PASSED] - Text 'Tulsi Raman' is set on object 'Object Repository/AdminSuiteBootstrap_Pages/VT_Bootstrap/SaleKeyboard/input_cardName'

2022-04-01 00:47:07 - [MESSAGE][PASSED] - All options with value 'RETL' are selected in object 'Object Repository/AdminSuiteBootstrap_Pages/VT_Bootstrap/SaleKeyboard/select_transactionCategory'  using regular expression

2022-04-01 00:47:07 - [MESSAGE][PASSED] - Execute JavaScript 'arguments[0].value ='371449635392376' ' successfully

2022-04-01 00:47:08 - [MESSAGE][PASSED] - Execute JavaScript 'arguments[0].value ='123' ' successfully

2022-04-01 00:47:09 - [MESSAGE][PASSED] - All options with value '12' are selected in object 'Object Repository/AdminSuiteBootstrap_Pages/VT_Bootstrap/SaleKeyboard/select_MM'  using regular expression

2022-04-01 00:47:10 - [MESSAGE][PASSED] - All options with value '2025' are selected in object 'Object Repository/AdminSuiteBootstrap_Pages/VT_Bootstrap/SaleKeyboard/select_YYYY'  using regular expression

2022-04-01 00:47:10 - [MESSAGE][PASSED] - Text '550 Swan Lake' is set on object 'Object Repository/AdminSuiteBootstrap_Pages/VT_Bootstrap/SaleKeyboard/input__address'

2022-04-01 00:47:11 - [MESSAGE][PASSED] - Text 'Suite 500' is set on object 'Object Repository/AdminSuiteBootstrap_Pages/VT_Bootstrap/SaleKeyboard/input__address2'

2022-04-01 00:47:12 - [MESSAGE][PASSED] - Text '22201' is set on object 'Object Repository/AdminSuiteBootstrap_Pages/VT_Bootstrap/SaleKeyboard/input__zip'

2022-04-01 00:47:12 - [MESSAGE][PASSED] - Text '' is set on object 'Object Repository/AdminSuiteBootstrap_Pages/VT_Bootstrap/SaleKeyboard/input_emailAddress'

2022-04-01 00:47:13 - [MESSAGE][PASSED] - Text '' is set on object 'Object Repository/AdminSuiteBootstrap_Pages/VT_Bootstrap/SaleKeyboard/input_smsNumber'

2022-04-01 00:47:14 - [MESSAGE][PASSED] - Text '10.50' is set on object 'Object Repository/AdminSuiteBootstrap_Pages/VT_Bootstrap/SaleKeyboard/input_amount'

2022-04-01 00:47:15 - [MESSAGE][PASSED] - Text 'Australia' is set on object 'Object Repository/AdminSuiteBootstrap_Pages/VT_Bootstrap/SaleKeyboard/input_userDefined1'

2022-04-01 00:47:16 - [MESSAGE][PASSED] - Text 'Denmark' is set on object 'Object Repository/AdminSuiteBootstrap_Pages/VT_Bootstrap/SaleKeyboard/input_userDefined2'

2022-04-01 00:47:16 - [MESSAGE][PASSED] - Text 'Sweden' is set on object 'Object Repository/AdminSuiteBootstrap_Pages/VT_Bootstrap/SaleKeyboard/input_userDefined3'

2022-04-01 00:47:17 - [MESSAGE][PASSED] - Text 'Austria' is set on object 'Object Repository/AdminSuiteBootstrap_Pages/VT_Bootstrap/SaleKeyboard/input_userDefined4'

2022-04-01 00:47:18 - [MESSAGE][PASSED] - All options with label 'Orange' are selected in object 'Object Repository/AdminSuiteBootstrap_Pages/VT_Bootstrap/SaleKeyboard/select_UDF5_DropDown'  using regular expression

2022-04-01 00:47:19 - [MESSAGE][PASSED] - All options with label 'Yellow' are selected in object 'Object Repository/AdminSuiteBootstrap_Pages/VT_Bootstrap/SaleKeyboard/select_UDF6_DropDown'  using regular expression

2022-04-01 00:47:19 - [MESSAGE][PASSED] - Text 'Norway' is set on object 'Object Repository/AdminSuiteBootstrap_Pages/VT_Bootstrap/SaleKeyboard/input_userDefined7'

2022-04-01 00:47:20 - [MESSAGE][PASSED] - Text 'Netherlands' is set on object 'Object Repository/AdminSuiteBootstrap_Pages/VT_Bootstrap/SaleKeyboard/input_userDefined8'

2022-04-01 00:47:21 - [MESSAGE][PASSED] - Text 'Switzerland' is set on object 'Object Repository/AdminSuiteBootstrap_Pages/VT_Bootstrap/SaleKeyboard/input_userDefined9'

2022-04-01 00:47:21 - [MESSAGE][PASSED] - Text 'France' is set on object 'Object Repository/AdminSuiteBootstrap_Pages/VT_Bootstrap/SaleKeyboard/input_userDefined10'

2022-04-01 00:47:23 - [MESSAGE][PASSED] - Object: 'Object Repository/AdminSuiteBootstrap_Pages/VT_Bootstrap/SaleKeyboard/button_Submit' is clicked on

2022-04-01 00:47:23 - [MESSAGE][PASSED] - adminSuiteBootstrap.virtualTerminalSetData.saleKeyboard_DataDriven is PASSED

2022-04-01 00:47:23 - [TEST_STEP][PASSED] - if (verifyTextPresent("Transaction Successful", true)): null

2022-04-01 00:47:24 - [MESSAGE][PASSED] - Text 'Transaction Successful' is present on page  using regular expression

2022-04-01 00:47:24 - [TEST_STEP][PASSED] - sdf = getText(findTestObject(path_Receipt + "td_AutoNoC031622113752957Ahm")): Text of object 'Object Repository/AdminSuiteBootstrap_Pages/VT_Bootstrap/Receipt/td_AutoNoC031622113752957Ahm' is: 'AutoDua040122004515445Ahm'

2022-04-01 00:47:24 - [MESSAGE][PASSED] - Text of object 'Object Repository/AdminSuiteBootstrap_Pages/VT_Bootstrap/Receipt/td_AutoNoC031622113752957Ahm' is: 'AutoDua040122004515445Ahm'

2022-04-01 00:47:24 - [TEST_STEP][PASSED] - out.println("sdf: " + sdf): null

2022-04-01 00:47:24 - [TEST_STEP][PASSED] - remID = sdf: null

2022-04-01 00:47:24 - [TEST_STEP][PASSED] - out.println("remID: " + remID): null

2022-04-01 00:47:24 - [TEST_STEP][PASSED] - click(findTestObject(path_Receipt + "button_Continue")): Object: 'Object Repository/AdminSuiteBootstrap_Pages/VT_Bootstrap/Receipt/button_Continue' is clicked on

2022-04-01 00:47:25 - [MESSAGE][PASSED] - Object: 'Object Repository/AdminSuiteBootstrap_Pages/VT_Bootstrap/Receipt/button_Continue' is clicked on

2022-04-01 00:47:25 - [TEST_STEP][PASSED] - click(findTestObject(path_VT + "a_Search Transactions")): Object: 'Object Repository/AdminSuiteBootstrap_Pages/VT_Bootstrap/IssueTransactions/a_Search Transactions' is clicked on

2022-04-01 00:47:26 - [MESSAGE][PASSED] - Object: 'Object Repository/AdminSuiteBootstrap_Pages/VT_Bootstrap/IssueTransactions/a_Search Transactions' is clicked on

2022-04-01 00:47:26 - [TEST_STEP][PASSED] - setText(findTestObject(path_CCSearch + "input_Search By_searchValue"), remID): Text 'AutoDua040122004515445Ahm' is set on object 'Object Repository/AdminSuiteBootstrap_Pages/VT_Bootstrap/CCCreditOrVoidSearch/input_Search By_searchValue'

2022-04-01 00:47:27 - [MESSAGE][PASSED] - Text 'AutoDua040122004515445Ahm' is set on object 'Object Repository/AdminSuiteBootstrap_Pages/VT_Bootstrap/CCCreditOrVoidSearch/input_Search By_searchValue'

2022-04-01 00:47:27 - [TEST_STEP][PASSED] - click(findTestObject(path_CCSearch + "option_Authorization")): Object: 'Object Repository/AdminSuiteBootstrap_Pages/VT_Bootstrap/CCCreditOrVoidSearch/option_Authorization' is clicked on

2022-04-01 00:47:27 - [MESSAGE][PASSED] - Object: 'Object Repository/AdminSuiteBootstrap_Pages/VT_Bootstrap/CCCreditOrVoidSearch/option_Authorization' is clicked on

2022-04-01 00:47:27 - [TEST_STEP][PASSED] - click(findTestObject(path_CCSearch + "button_Submit")): Object: 'Object Repository/AdminSuiteBootstrap_Pages/VT_Bootstrap/CCCreditOrVoidSearch/button_Submit' is clicked on

2022-04-01 00:47:28 - [MESSAGE][PASSED] - Object: 'Object Repository/AdminSuiteBootstrap_Pages/VT_Bootstrap/CCCreditOrVoidSearch/button_Submit' is clicked on

2022-04-01 00:47:28 - [TEST_STEP][PASSED] - fgr = getText(findTestObject(path_SearchResults + "div_Payment ID")): Text of object 'Object Repository/AdminSuiteBootstrap_Pages/VT_Bootstrap/SearchResults/div_Payment ID' is: 'Payment ID
Payment Type
Transaction Type
Remittance ID
Name
Total Amount
End Date
Status
12114385 Credit Card Authorization AutoDua040122004515445Ahm Tulsi Raman $10.50 04/01/2022 Success'

2022-04-01 00:47:28 - [MESSAGE][PASSED] - Text of object 'Object Repository/AdminSuiteBootstrap_Pages/VT_Bootstrap/SearchResults/div_Payment ID' is: 'Payment ID
Payment Type
Transaction Type
Remittance ID
Name
Total Amount
End Date
Status
12114385 Credit Card Authorization AutoDua040122004515445Ahm Tulsi Raman $10.50 04/01/2022 Success'

2022-04-01 00:47:28 - [TEST_STEP][PASSED] - payID = substring(89, 98).trim(): null

2022-04-01 00:47:28 - [TEST_STEP][PASSED] - out.println("payID: " + payID): null

2022-04-01 00:47:28 - [TEST_STEP][PASSED] - click(findTestObject(path_SearchResults + "button_PaymentID")): Object: 'Object Repository/AdminSuiteBootstrap_Pages/VT_Bootstrap/SearchResults/button_PaymentID' is clicked on

2022-04-01 00:47:29 - [MESSAGE][PASSED] - Object: 'Object Repository/AdminSuiteBootstrap_Pages/VT_Bootstrap/SearchResults/button_PaymentID' is clicked on

2022-04-01 00:47:29 - [TEST_STEP][PASSED] - verifyTextPresent("Tender Type", true): Text 'Tender Type' is present on page  using regular expression

2022-04-01 00:47:30 - [MESSAGE][PASSED] - Text 'Tender Type' is present on page  using regular expression

2022-04-01 00:47:30 - [TEST_STEP][PASSED] - verifyTextPresent("Credit Card", true): Text 'Credit Card' is present on page  using regular expression

2022-04-01 00:47:30 - [MESSAGE][PASSED] - Text 'Credit Card' is present on page  using regular expression

2022-04-01 00:47:30 - [TEST_STEP][PASSED] - verifyTextPresent("Transaction Type", true): Text 'Transaction Type' is present on page  using regular expression

2022-04-01 00:47:30 - [MESSAGE][PASSED] - Text 'Transaction Type' is present on page  using regular expression

2022-04-01 00:47:30 - [TEST_STEP][PASSED] - verifyTextPresent("Authorization", true): Text 'Authorization' is present on page  using regular expression

2022-04-01 00:47:31 - [MESSAGE][PASSED] - Text 'Authorization' is present on page  using regular expression

2022-04-01 00:47:31 - [TEST_STEP][PASSED] - verifyTextPresent("Transaction Posted by", true): Text 'Transaction Posted by' is present on page  using regular expression

2022-04-01 00:47:31 - [MESSAGE][PASSED] - Text 'Transaction Posted by' is present on page  using regular expression

2022-04-01 00:47:31 - [TEST_STEP][PASSED] - verifyTextPresent("iahmed", true): Text 'iahmed' is present on page  using regular expression

2022-04-01 00:47:31 - [MESSAGE][PASSED] - Text 'iahmed' is present on page  using regular expression

2022-04-01 00:47:31 - [TEST_STEP][PASSED] - click(findTestObject(path_TranxDetails + "a_Capture this transaction")): Object: 'Object Repository/AdminSuiteBootstrap_Pages/VT_Bootstrap/TransactionDetails/a_Capture this transaction' is clicked on

2022-04-01 00:47:32 - [MESSAGE][PASSED] - Object: 'Object Repository/AdminSuiteBootstrap_Pages/VT_Bootstrap/TransactionDetails/a_Capture this transaction' is clicked on

2022-04-01 00:47:32 - [TEST_STEP][PASSED] - verifyTextPresent("Credit Card Capture", true): Text 'Credit Card Capture' is present on page  using regular expression

2022-04-01 00:47:33 - [MESSAGE][PASSED] - Text 'Credit Card Capture' is present on page  using regular expression

2022-04-01 00:47:33 - [TEST_STEP][PASSED] - captureAmount = findTestData(dataFile).getValue("CaptureAmount", row): null

2022-04-01 00:47:33 - [TEST_STEP][PASSED] - setText(findTestObject(path_SaleKB + "input_amountCapture"), captureAmount): Text '10.50' is set on object 'Object Repository/AdminSuiteBootstrap_Pages/VT_Bootstrap/SaleKeyboard/input_amountCapture'

2022-04-01 00:47:34 - [MESSAGE][PASSED] - Text '10.50' is set on object 'Object Repository/AdminSuiteBootstrap_Pages/VT_Bootstrap/SaleKeyboard/input_amountCapture'

2022-04-01 00:47:34 - [TEST_STEP][PASSED] - click(findTestObject(path_TranxDetails + "button_Submit")): Object: 'Object Repository/AdminSuiteBootstrap_Pages/VT_Bootstrap/TransactionDetails/button_Submit' is clicked on

2022-04-01 00:47:36 - [MESSAGE][PASSED] - Object: 'Object Repository/AdminSuiteBootstrap_Pages/VT_Bootstrap/TransactionDetails/button_Submit' is clicked on

2022-04-01 00:47:36 - [TEST_STEP][PASSED] - if (verifyTextPresent("Transaction Successful", true)): null

2022-04-01 00:47:37 - [MESSAGE][PASSED] - Text 'Transaction Successful' is present on page  using regular expression

2022-04-01 00:47:37 - [TEST_STEP][PASSED] - verifyTextPresent("Transaction Type", true): Text 'Transaction Type' is present on page  using regular expression

2022-04-01 00:47:37 - [MESSAGE][PASSED] - Text 'Transaction Type' is present on page  using regular expression

2022-04-01 00:47:37 - [TEST_STEP][PASSED] - verifyTextPresent("Capture", true): Text 'Capture' is present on page  using regular expression

2022-04-01 00:47:37 - [MESSAGE][PASSED] - Text 'Capture' is present on page  using regular expression

2022-04-01 00:47:37 - [TEST_STEP][PASSED] - verifyTextPresent("Amount", true): Text 'Amount' is present on page  using regular expression

2022-04-01 00:47:38 - [MESSAGE][PASSED] - Text 'Amount' is present on page  using regular expression

2022-04-01 00:47:38 - [TEST_STEP][PASSED] - verifyTextPresent(captureAmount, true): Text '10.50' is present on page  using regular expression

2022-04-01 00:47:38 - [MESSAGE][PASSED] - Text '10.50' is present on page  using regular expression

2022-04-01 00:47:38 - [TEST_STEP][PASSED] - sdf = getText(findTestObject(path_Receipt + "td_AutoNoC031622113752957Ahm")): Text of object 'Object Repository/AdminSuiteBootstrap_Pages/VT_Bootstrap/Receipt/td_AutoNoC031622113752957Ahm' is: 'AutoDua040122004515445Ahm'

2022-04-01 00:47:38 - [MESSAGE][PASSED] - Text of object 'Object Repository/AdminSuiteBootstrap_Pages/VT_Bootstrap/Receipt/td_AutoNoC031622113752957Ahm' is: 'AutoDua040122004515445Ahm'

2022-04-01 00:47:38 - [TEST_STEP][PASSED] - out.println("sdf: " + sdf): null

2022-04-01 00:47:38 - [TEST_STEP][PASSED] - remID = sdf: null

2022-04-01 00:47:38 - [TEST_STEP][PASSED] - out.println("remID: " + remID): null

2022-04-01 00:47:38 - [TEST_STEP][PASSED] - click(findTestObject(path_Receipt + "button_Continue")): Object: 'Object Repository/AdminSuiteBootstrap_Pages/VT_Bootstrap/Receipt/button_Continue' is clicked on

2022-04-01 00:47:39 - [MESSAGE][PASSED] - Object: 'Object Repository/AdminSuiteBootstrap_Pages/VT_Bootstrap/Receipt/button_Continue' is clicked on

2022-04-01 00:47:39 - [TEST_STEP][PASSED] - click(findTestObject(path_VT + "a_Search Transactions")): Object: 'Object Repository/AdminSuiteBootstrap_Pages/VT_Bootstrap/IssueTransactions/a_Search Transactions' is clicked on

2022-04-01 00:47:40 - [MESSAGE][PASSED] - Object: 'Object Repository/AdminSuiteBootstrap_Pages/VT_Bootstrap/IssueTransactions/a_Search Transactions' is clicked on

2022-04-01 00:47:40 - [TEST_STEP][PASSED] - setText(findTestObject(path_CCSearch + "input_Search By_searchValue"), remID): Text 'AutoDua040122004515445Ahm' is set on object 'Object Repository/AdminSuiteBootstrap_Pages/VT_Bootstrap/CCCreditOrVoidSearch/input_Search By_searchValue'

2022-04-01 00:47:41 - [MESSAGE][PASSED] - Text 'AutoDua040122004515445Ahm' is set on object 'Object Repository/AdminSuiteBootstrap_Pages/VT_Bootstrap/CCCreditOrVoidSearch/input_Search By_searchValue'

2022-04-01 00:47:41 - [TEST_STEP][PASSED] - click(findTestObject(path_CCSearch + "option_Capture (Sale)")): Object: 'Object Repository/AdminSuiteBootstrap_Pages/VT_Bootstrap/CCCreditOrVoidSearch/option_Capture (Sale)' is clicked on

2022-04-01 00:47:41 - [MESSAGE][PASSED] - Object: 'Object Repository/AdminSuiteBootstrap_Pages/VT_Bootstrap/CCCreditOrVoidSearch/option_Capture (Sale)' is clicked on

2022-04-01 00:47:41 - [TEST_STEP][PASSED] - click(findTestObject(path_CCSearch + "button_Submit")): Object: 'Object Repository/AdminSuiteBootstrap_Pages/VT_Bootstrap/CCCreditOrVoidSearch/button_Submit' is clicked on

2022-04-01 00:47:42 - [MESSAGE][PASSED] - Object: 'Object Repository/AdminSuiteBootstrap_Pages/VT_Bootstrap/CCCreditOrVoidSearch/button_Submit' is clicked on

2022-04-01 00:47:42 - [TEST_STEP][PASSED] - fgr = getText(findTestObject(path_SearchResults + "div_Payment ID")): Text of object 'Object Repository/AdminSuiteBootstrap_Pages/VT_Bootstrap/SearchResults/div_Payment ID' is: 'Payment ID
Payment Type
Transaction Type
Remittance ID
Name
Total Amount
End Date
Status
12114387 Credit Card Capture AutoDua040122004515445Ahm Tulsi Raman $10.50 04/01/2022 Success'

2022-04-01 00:47:42 - [MESSAGE][PASSED] - Text of object 'Object Repository/AdminSuiteBootstrap_Pages/VT_Bootstrap/SearchResults/div_Payment ID' is: 'Payment ID
Payment Type
Transaction Type
Remittance ID
Name
Total Amount
End Date
Status
12114387 Credit Card Capture AutoDua040122004515445Ahm Tulsi Raman $10.50 04/01/2022 Success'

2022-04-01 00:47:42 - [TEST_STEP][PASSED] - payID = substring(89, 98).trim(): null

2022-04-01 00:47:42 - [TEST_STEP][PASSED] - out.println("payID: " + payID): null

2022-04-01 00:47:42 - [TEST_STEP][PASSED] - click(findTestObject(path_SearchResults + "button_PaymentID")): Object: 'Object Repository/AdminSuiteBootstrap_Pages/VT_Bootstrap/SearchResults/button_PaymentID' is clicked on

2022-04-01 00:47:43 - [MESSAGE][PASSED] - Object: 'Object Repository/AdminSuiteBootstrap_Pages/VT_Bootstrap/SearchResults/button_PaymentID' is clicked on

2022-04-01 00:47:43 - [TEST_STEP][PASSED] - click(findTestObject(path_TranxDetails + "a_Credit this transaction")): Object: 'Object Repository/AdminSuiteBootstrap_Pages/VT_Bootstrap/TransactionDetails/a_Credit this transaction' is clicked on

2022-04-01 00:47:44 - [MESSAGE][PASSED] - Object: 'Object Repository/AdminSuiteBootstrap_Pages/VT_Bootstrap/TransactionDetails/a_Credit this transaction' is clicked on

2022-04-01 00:47:44 - [TEST_STEP][PASSED] - verifyTextPresent("Credit Card Credit", true): Text 'Credit Card Credit' is present on page  using regular expression

2022-04-01 00:47:45 - [MESSAGE][PASSED] - Text 'Credit Card Credit' is present on page  using regular expression

2022-04-01 00:47:45 - [TEST_STEP][PASSED] - click(findTestObject(path_TranxDetails + "button_Submit")): Object: 'Object Repository/AdminSuiteBootstrap_Pages/VT_Bootstrap/TransactionDetails/button_Submit' is clicked on

2022-04-01 00:47:47 - [MESSAGE][PASSED] - Object: 'Object Repository/AdminSuiteBootstrap_Pages/VT_Bootstrap/TransactionDetails/button_Submit' is clicked on

2022-04-01 00:47:47 - [TEST_STEP][PASSED] - verifyTextPresent("Transaction Successful", true): Text 'Transaction Successful' is present on page  using regular expression

2022-04-01 00:47:47 - [MESSAGE][PASSED] - Text 'Transaction Successful' is present on page  using regular expression

2022-04-01 00:47:47 - [TEST_STEP][PASSED] - verifyTextPresent("Transaction Type", true): Text 'Transaction Type' is present on page  using regular expression

2022-04-01 00:47:48 - [MESSAGE][PASSED] - Text 'Transaction Type' is present on page  using regular expression

2022-04-01 00:47:48 - [TEST_STEP][PASSED] - verifyTextPresent("Credit", true): Text 'Credit' is present on page  using regular expression

2022-04-01 00:47:48 - [MESSAGE][PASSED] - Text 'Credit' is present on page  using regular expression

2022-04-01 00:47:48 - [TEST_STEP][PASSED] - closeBrowser(): Browser is closed

2022-04-01 00:47:49 - [MESSAGE][PASSED] - Browser is closed

2022-04-01 00:47:49 - [TEST_STEP][PASSED] - ExecuteTC = findTestData(dataFile).getValue("Execute", row): null

2022-04-01 00:47:49 - [TEST_STEP][PASSED] - out.println("Value of Execute is : " + ExecuteTC): null

2022-04-01 00:47:49 - [TEST_STEP][PASSED] - switch (executionProfile): null

2022-04-01 00:47:49 - [TEST_STEP][PASSED] - case "QAProfile":: null

2022-04-01 00:47:49 - [TEST_STEP][PASSED] - appName = findTestData(dataFile).getValue("AppNameQA", row): null

2022-04-01 00:47:49 - [TEST_STEP][PASSED] - appID = findTestData(dataFile).getValue("AppIDQA", row): null

2022-04-01 00:47:49 - [TEST_STEP][PASSED] - break: null

2022-04-01 00:47:49 - [TEST_STEP][PASSED] - hrefAppID = li_1 + appID + li_2: null

2022-04-01 00:47:49 - [TEST_STEP][PASSED] - hrefApp = li_1 + appID + "/": null

2022-04-01 00:47:49 - [TEST_STEP][PASSED] - println("hrefApp : " + hrefApp): null

2022-04-01 00:47:49 - [TEST_STEP][PASSED] - if (ExecuteTC.equalsIgnoreCase("Y")): null

2022-04-01 00:47:49 - [TEST_STEP][PASSED] - out.println("Begin Record Number: " + row): null

2022-04-01 00:47:49 - [TEST_STEP][PASSED] - today = new java.util.Date(): null

2022-04-01 00:47:49 - [TEST_STEP][PASSED] - println(today): null

2022-04-01 00:47:49 - [TEST_STEP][PASSED] - datText = today: null

2022-04-01 00:47:49 - [TEST_STEP][PASSED] - adminSuiteBootstrap.loginFunctionality.login_AdminSuite(): adminSuiteBootstrap.loginFunctionality.login_AdminSuite is PASSED

2022-04-01 00:47:49 - [MESSAGE][INFO] - Starting 'Chrome' driver

2022-04-01 00:47:49 - [MESSAGE][INFO] - User set preference: ['acceptInsecureCerts', 'true']

2022-04-01 00:47:49 - [MESSAGE][INFO] - Action delay is set to 0 milliseconds

2022-04-01 00:47:52 - [MESSAGE][PASSED] - Browser is opened with url: 'https://qa.velocitypayment.com/admin/imtiaz'

2022-04-01 00:47:52 - [MESSAGE][PASSED] - Current window maximized

2022-04-01 00:47:53 - [MESSAGE][PASSED] - Object 'Object Repository/Login_Page/Login_Username' is present

2022-04-01 00:47:53 - [MESSAGE][PASSED] - Text 'iahmed' is set on object 'Object Repository/Login_Page/Login_Username'

2022-04-01 00:47:54 - [MESSAGE][PASSED] - Text 'hello2222' is set on object 'Object Repository/Login_Page/Login_Password'

2022-04-01 00:47:56 - [MESSAGE][PASSED] - Object: 'Object Repository/Login_Page/Login_Submit' is clicked on

2022-04-01 00:47:56 - [MESSAGE][PASSED] - adminSuiteBootstrap.loginFunctionality.login_AdminSuite is PASSED

2022-04-01 00:47:56 - [TEST_STEP][PASSED] - click(findTestObject(path_Dashboard + appName)): Object: 'Object Repository/AdminSuiteBootstrap_Pages/Dashboard_Bootstrap/a_Access AutoDualCFtpQA' is clicked on

2022-04-01 00:47:57 - [MESSAGE][PASSED] - Object: 'Object Repository/AdminSuiteBootstrap_Pages/Dashboard_Bootstrap/a_Access AutoDualCFtpQA' is clicked on

2022-04-01 00:47:57 - [TEST_STEP][PASSED] - click(findTestObject(path_VT + "button_Authorization Only")): Object: 'Object Repository/AdminSuiteBootstrap_Pages/VT_Bootstrap/IssueTransactions/button_Authorization Only' is clicked on

2022-04-01 00:47:58 - [MESSAGE][PASSED] - Object: 'Object Repository/AdminSuiteBootstrap_Pages/VT_Bootstrap/IssueTransactions/button_Authorization Only' is clicked on

2022-04-01 00:47:58 - [TEST_STEP][PASSED] - authOnlyKeyboardEntryLink = modifyObjectProperty(findTestObject(path_VT + "a_KeyboardEntry_Sale"), "href", "equals", hrefAppID, true): Modify property of object successfully

2022-04-01 00:47:58 - [MESSAGE][PASSED] - Modify property of object successfully

2022-04-01 00:47:58 - [TEST_STEP][PASSED] - click(authOnlyKeyboardEntryLink): Object: 'Object Repository/AdminSuiteBootstrap_Pages/VT_Bootstrap/IssueTransactions/a_KeyboardEntry_Sale' is clicked on

2022-04-01 00:47:59 - [MESSAGE][PASSED] - Object: 'Object Repository/AdminSuiteBootstrap_Pages/VT_Bootstrap/IssueTransactions/a_KeyboardEntry_Sale' is clicked on

2022-04-01 00:47:59 - [TEST_STEP][PASSED] - adminSuiteBootstrap.virtualTerminalSetData.saleKeyboard_DataDriven(row, dataFile): adminSuiteBootstrap.virtualTerminalSetData.saleKeyboard_DataDriven is PASSED

2022-04-01 00:48:02 - [MESSAGE][PASSED] - Text 'Janaki James' is set on object 'Object Repository/AdminSuiteBootstrap_Pages/VT_Bootstrap/SaleKeyboard/input_cardName'

2022-04-01 00:48:03 - [MESSAGE][PASSED] - All options with value 'MOTO' are selected in object 'Object Repository/AdminSuiteBootstrap_Pages/VT_Bootstrap/SaleKeyboard/select_transactionCategory'  using regular expression

2022-04-01 00:48:03 - [MESSAGE][PASSED] - Execute JavaScript 'arguments[0].value ='371449635392376' ' successfully

2022-04-01 00:48:03 - [MESSAGE][PASSED] - Execute JavaScript 'arguments[0].value ='123' ' successfully

2022-04-01 00:48:05 - [MESSAGE][PASSED] - All options with value '12' are selected in object 'Object Repository/AdminSuiteBootstrap_Pages/VT_Bootstrap/SaleKeyboard/select_MM'  using regular expression

2022-04-01 00:48:06 - [MESSAGE][PASSED] - All options with value '2025' are selected in object 'Object Repository/AdminSuiteBootstrap_Pages/VT_Bootstrap/SaleKeyboard/select_YYYY'  using regular expression

2022-04-01 00:48:06 - [MESSAGE][PASSED] - Text '550 Swan Lake' is set on object 'Object Repository/AdminSuiteBootstrap_Pages/VT_Bootstrap/SaleKeyboard/input__address'

2022-04-01 00:48:07 - [MESSAGE][PASSED] - Text 'Suite 500' is set on object 'Object Repository/AdminSuiteBootstrap_Pages/VT_Bootstrap/SaleKeyboard/input__address2'

2022-04-01 00:48:08 - [MESSAGE][PASSED] - Text '22201' is set on object 'Object Repository/AdminSuiteBootstrap_Pages/VT_Bootstrap/SaleKeyboard/input__zip'

2022-04-01 00:48:09 - [MESSAGE][PASSED] - Text '' is set on object 'Object Repository/AdminSuiteBootstrap_Pages/VT_Bootstrap/SaleKeyboard/input_emailAddress'

2022-04-01 00:48:10 - [MESSAGE][PASSED] - Text '' is set on object 'Object Repository/AdminSuiteBootstrap_Pages/VT_Bootstrap/SaleKeyboard/input_smsNumber'

2022-04-01 00:48:11 - [MESSAGE][PASSED] - Text '10.50' is set on object 'Object Repository/AdminSuiteBootstrap_Pages/VT_Bootstrap/SaleKeyboard/input_amount'

2022-04-01 00:48:12 - [MESSAGE][PASSED] - Text 'Australia' is set on object 'Object Repository/AdminSuiteBootstrap_Pages/VT_Bootstrap/SaleKeyboard/input_userDefined1'

2022-04-01 00:48:12 - [MESSAGE][PASSED] - Text 'Denmark' is set on object 'Object Repository/AdminSuiteBootstrap_Pages/VT_Bootstrap/SaleKeyboard/input_userDefined2'

2022-04-01 00:48:13 - [MESSAGE][PASSED] - Text 'Sweden' is set on object 'Object Repository/AdminSuiteBootstrap_Pages/VT_Bootstrap/SaleKeyboard/input_userDefined3'

2022-04-01 00:48:14 - [MESSAGE][PASSED] - Text 'Austria' is set on object 'Object Repository/AdminSuiteBootstrap_Pages/VT_Bootstrap/SaleKeyboard/input_userDefined4'

2022-04-01 00:48:15 - [MESSAGE][PASSED] - All options with label 'Orange' are selected in object 'Object Repository/AdminSuiteBootstrap_Pages/VT_Bootstrap/SaleKeyboard/select_UDF5_DropDown'  using regular expression

2022-04-01 00:48:16 - [MESSAGE][PASSED] - All options with label 'Yellow' are selected in object 'Object Repository/AdminSuiteBootstrap_Pages/VT_Bootstrap/SaleKeyboard/select_UDF6_DropDown'  using regular expression

2022-04-01 00:48:17 - [MESSAGE][PASSED] - Text 'Norway' is set on object 'Object Repository/AdminSuiteBootstrap_Pages/VT_Bootstrap/SaleKeyboard/input_userDefined7'

2022-04-01 00:48:17 - [MESSAGE][PASSED] - Text 'Netherlands' is set on object 'Object Repository/AdminSuiteBootstrap_Pages/VT_Bootstrap/SaleKeyboard/input_userDefined8'

2022-04-01 00:48:18 - [MESSAGE][PASSED] - Text 'Switzerland' is set on object 'Object Repository/AdminSuiteBootstrap_Pages/VT_Bootstrap/SaleKeyboard/input_userDefined9'

2022-04-01 00:48:19 - [MESSAGE][PASSED] - Text 'France' is set on object 'Object Repository/AdminSuiteBootstrap_Pages/VT_Bootstrap/SaleKeyboard/input_userDefined10'

2022-04-01 00:48:21 - [MESSAGE][PASSED] - Object: 'Object Repository/AdminSuiteBootstrap_Pages/VT_Bootstrap/SaleKeyboard/button_Submit' is clicked on

2022-04-01 00:48:21 - [MESSAGE][PASSED] - adminSuiteBootstrap.virtualTerminalSetData.saleKeyboard_DataDriven is PASSED

2022-04-01 00:48:21 - [TEST_STEP][PASSED] - if (verifyTextPresent("Transaction Successful", true)): null

2022-04-01 00:48:22 - [MESSAGE][PASSED] - Text 'Transaction Successful' is present on page  using regular expression

2022-04-01 00:48:22 - [TEST_STEP][PASSED] - sdf = getText(findTestObject(path_Receipt + "td_AutoNoC031622113752957Ahm")): Text of object 'Object Repository/AdminSuiteBootstrap_Pages/VT_Bootstrap/Receipt/td_AutoNoC031622113752957Ahm' is: 'AutoDua040122004611511Ahm'

2022-04-01 00:48:22 - [MESSAGE][PASSED] - Text of object 'Object Repository/AdminSuiteBootstrap_Pages/VT_Bootstrap/Receipt/td_AutoNoC031622113752957Ahm' is: 'AutoDua040122004611511Ahm'

2022-04-01 00:48:22 - [TEST_STEP][PASSED] - out.println("sdf: " + sdf): null

2022-04-01 00:48:22 - [TEST_STEP][PASSED] - remID = sdf: null

2022-04-01 00:48:22 - [TEST_STEP][PASSED] - out.println("remID: " + remID): null

2022-04-01 00:48:22 - [TEST_STEP][PASSED] - click(findTestObject(path_Receipt + "button_Continue")): Object: 'Object Repository/AdminSuiteBootstrap_Pages/VT_Bootstrap/Receipt/button_Continue' is clicked on

2022-04-01 00:48:23 - [MESSAGE][PASSED] - Object: 'Object Repository/AdminSuiteBootstrap_Pages/VT_Bootstrap/Receipt/button_Continue' is clicked on

2022-04-01 00:48:23 - [TEST_STEP][PASSED] - click(findTestObject(path_VT + "a_Search Transactions")): Object: 'Object Repository/AdminSuiteBootstrap_Pages/VT_Bootstrap/IssueTransactions/a_Search Transactions' is clicked on

2022-04-01 00:48:24 - [MESSAGE][PASSED] - Object: 'Object Repository/AdminSuiteBootstrap_Pages/VT_Bootstrap/IssueTransactions/a_Search Transactions' is clicked on

2022-04-01 00:48:24 - [TEST_STEP][PASSED] - setText(findTestObject(path_CCSearch + "input_Search By_searchValue"), remID): Text 'AutoDua040122004611511Ahm' is set on object 'Object Repository/AdminSuiteBootstrap_Pages/VT_Bootstrap/CCCreditOrVoidSearch/input_Search By_searchValue'

2022-04-01 00:48:25 - [MESSAGE][PASSED] - Text 'AutoDua040122004611511Ahm' is set on object 'Object Repository/AdminSuiteBootstrap_Pages/VT_Bootstrap/CCCreditOrVoidSearch/input_Search By_searchValue'

2022-04-01 00:48:25 - [TEST_STEP][PASSED] - click(findTestObject(path_CCSearch + "option_Authorization")): Object: 'Object Repository/AdminSuiteBootstrap_Pages/VT_Bootstrap/CCCreditOrVoidSearch/option_Authorization' is clicked on

2022-04-01 00:48:25 - [MESSAGE][PASSED] - Object: 'Object Repository/AdminSuiteBootstrap_Pages/VT_Bootstrap/CCCreditOrVoidSearch/option_Authorization' is clicked on

2022-04-01 00:48:25 - [TEST_STEP][PASSED] - click(findTestObject(path_CCSearch + "button_Submit")): Object: 'Object Repository/AdminSuiteBootstrap_Pages/VT_Bootstrap/CCCreditOrVoidSearch/button_Submit' is clicked on

2022-04-01 00:48:26 - [MESSAGE][PASSED] - Object: 'Object Repository/AdminSuiteBootstrap_Pages/VT_Bootstrap/CCCreditOrVoidSearch/button_Submit' is clicked on

2022-04-01 00:48:26 - [TEST_STEP][PASSED] - fgr = getText(findTestObject(path_SearchResults + "div_Payment ID")): Text of object 'Object Repository/AdminSuiteBootstrap_Pages/VT_Bootstrap/SearchResults/div_Payment ID' is: 'Payment ID
Payment Type
Transaction Type
Remittance ID
Name
Total Amount
End Date
Status
12114390 Credit Card Authorization AutoDua040122004611511Ahm Janaki James $10.50 04/01/2022 Success'

2022-04-01 00:48:26 - [MESSAGE][PASSED] - Text of object 'Object Repository/AdminSuiteBootstrap_Pages/VT_Bootstrap/SearchResults/div_Payment ID' is: 'Payment ID
Payment Type
Transaction Type
Remittance ID
Name
Total Amount
End Date
Status
12114390 Credit Card Authorization AutoDua040122004611511Ahm Janaki James $10.50 04/01/2022 Success'

2022-04-01 00:48:26 - [TEST_STEP][PASSED] - payID = substring(89, 98).trim(): null

2022-04-01 00:48:26 - [TEST_STEP][PASSED] - out.println("payID: " + payID): null

2022-04-01 00:48:26 - [TEST_STEP][PASSED] - click(findTestObject(path_SearchResults + "button_PaymentID")): Object: 'Object Repository/AdminSuiteBootstrap_Pages/VT_Bootstrap/SearchResults/button_PaymentID' is clicked on

2022-04-01 00:48:27 - [MESSAGE][PASSED] - Object: 'Object Repository/AdminSuiteBootstrap_Pages/VT_Bootstrap/SearchResults/button_PaymentID' is clicked on

2022-04-01 00:48:27 - [TEST_STEP][PASSED] - verifyTextPresent("Tender Type", true): Text 'Tender Type' is present on page  using regular expression

2022-04-01 00:48:28 - [MESSAGE][PASSED] - Text 'Tender Type' is present on page  using regular expression

2022-04-01 00:48:28 - [TEST_STEP][PASSED] - verifyTextPresent("Credit Card", true): Text 'Credit Card' is present on page  using regular expression

2022-04-01 00:48:28 - [MESSAGE][PASSED] - Text 'Credit Card' is present on page  using regular expression

2022-04-01 00:48:28 - [TEST_STEP][PASSED] - verifyTextPresent("Transaction Type", true): Text 'Transaction Type' is present on page  using regular expression

2022-04-01 00:48:29 - [MESSAGE][PASSED] - Text 'Transaction Type' is present on page  using regular expression

2022-04-01 00:48:29 - [TEST_STEP][PASSED] - verifyTextPresent("Authorization", true): Text 'Authorization' is present on page  using regular expression

2022-04-01 00:48:29 - [MESSAGE][PASSED] - Text 'Authorization' is present on page  using regular expression

2022-04-01 00:48:29 - [TEST_STEP][PASSED] - verifyTextPresent("Transaction Posted by", true): Text 'Transaction Posted by' is present on page  using regular expression

2022-04-01 00:48:29 - [MESSAGE][PASSED] - Text 'Transaction Posted by' is present on page  using regular expression

2022-04-01 00:48:29 - [TEST_STEP][PASSED] - verifyTextPresent("iahmed", true): Text 'iahmed' is present on page  using regular expression

2022-04-01 00:48:30 - [MESSAGE][PASSED] - Text 'iahmed' is present on page  using regular expression

2022-04-01 00:48:30 - [TEST_STEP][PASSED] - click(findTestObject(path_TranxDetails + "a_Capture this transaction")): Object: 'Object Repository/AdminSuiteBootstrap_Pages/VT_Bootstrap/TransactionDetails/a_Capture this transaction' is clicked on

2022-04-01 00:48:31 - [MESSAGE][PASSED] - Object: 'Object Repository/AdminSuiteBootstrap_Pages/VT_Bootstrap/TransactionDetails/a_Capture this transaction' is clicked on

2022-04-01 00:48:31 - [TEST_STEP][PASSED] - verifyTextPresent("Credit Card Capture", true): Text 'Credit Card Capture' is present on page  using regular expression

2022-04-01 00:48:31 - [MESSAGE][PASSED] - Text 'Credit Card Capture' is present on page  using regular expression

2022-04-01 00:48:31 - [TEST_STEP][PASSED] - captureAmount = findTestData(dataFile).getValue("CaptureAmount", row): null

2022-04-01 00:48:31 - [TEST_STEP][PASSED] - setText(findTestObject(path_SaleKB + "input_amountCapture"), captureAmount): Text '8.50' is set on object 'Object Repository/AdminSuiteBootstrap_Pages/VT_Bootstrap/SaleKeyboard/input_amountCapture'

2022-04-01 00:48:32 - [MESSAGE][PASSED] - Text '8.50' is set on object 'Object Repository/AdminSuiteBootstrap_Pages/VT_Bootstrap/SaleKeyboard/input_amountCapture'

2022-04-01 00:48:32 - [TEST_STEP][PASSED] - click(findTestObject(path_TranxDetails + "button_Submit")): Object: 'Object Repository/AdminSuiteBootstrap_Pages/VT_Bootstrap/TransactionDetails/button_Submit' is clicked on

2022-04-01 00:48:35 - [MESSAGE][PASSED] - Object: 'Object Repository/AdminSuiteBootstrap_Pages/VT_Bootstrap/TransactionDetails/button_Submit' is clicked on

2022-04-01 00:48:35 - [TEST_STEP][PASSED] - if (verifyTextPresent("Transaction Successful", true)): null

2022-04-01 00:48:35 - [MESSAGE][PASSED] - Text 'Transaction Successful' is present on page  using regular expression

2022-04-01 00:48:35 - [TEST_STEP][PASSED] - verifyTextPresent("Transaction Type", true): Text 'Transaction Type' is present on page  using regular expression

2022-04-01 00:48:36 - [MESSAGE][PASSED] - Text 'Transaction Type' is present on page  using regular expression

2022-04-01 00:48:36 - [TEST_STEP][PASSED] - verifyTextPresent("Capture", true): Text 'Capture' is present on page  using regular expression

2022-04-01 00:48:36 - [MESSAGE][PASSED] - Text 'Capture' is present on page  using regular expression

2022-04-01 00:48:36 - [TEST_STEP][PASSED] - verifyTextPresent("Amount", true): Text 'Amount' is present on page  using regular expression

2022-04-01 00:48:36 - [MESSAGE][PASSED] - Text 'Amount' is present on page  using regular expression

2022-04-01 00:48:36 - [TEST_STEP][PASSED] - verifyTextPresent(captureAmount, true): Text '8.50' is present on page  using regular expression

2022-04-01 00:48:36 - [MESSAGE][PASSED] - Text '8.50' is present on page  using regular expression

2022-04-01 00:48:36 - [TEST_STEP][PASSED] - sdf = getText(findTestObject(path_Receipt + "td_AutoNoC031622113752957Ahm")): Text of object 'Object Repository/AdminSuiteBootstrap_Pages/VT_Bootstrap/Receipt/td_AutoNoC031622113752957Ahm' is: 'AutoDua040122004611511Ahm'

2022-04-01 00:48:37 - [MESSAGE][PASSED] - Text of object 'Object Repository/AdminSuiteBootstrap_Pages/VT_Bootstrap/Receipt/td_AutoNoC031622113752957Ahm' is: 'AutoDua040122004611511Ahm'

2022-04-01 00:48:37 - [TEST_STEP][PASSED] - out.println("sdf: " + sdf): null

2022-04-01 00:48:37 - [TEST_STEP][PASSED] - remID = sdf: null

2022-04-01 00:48:37 - [TEST_STEP][PASSED] - out.println("remID: " + remID): null

2022-04-01 00:48:37 - [TEST_STEP][PASSED] - click(findTestObject(path_Receipt + "button_Continue")): Object: 'Object Repository/AdminSuiteBootstrap_Pages/VT_Bootstrap/Receipt/button_Continue' is clicked on

2022-04-01 00:48:38 - [MESSAGE][PASSED] - Object: 'Object Repository/AdminSuiteBootstrap_Pages/VT_Bootstrap/Receipt/button_Continue' is clicked on

2022-04-01 00:48:38 - [TEST_STEP][PASSED] - click(findTestObject(path_VT + "a_Search Transactions")): Object: 'Object Repository/AdminSuiteBootstrap_Pages/VT_Bootstrap/IssueTransactions/a_Search Transactions' is clicked on

2022-04-01 00:48:39 - [MESSAGE][PASSED] - Object: 'Object Repository/AdminSuiteBootstrap_Pages/VT_Bootstrap/IssueTransactions/a_Search Transactions' is clicked on

2022-04-01 00:48:39 - [TEST_STEP][PASSED] - setText(findTestObject(path_CCSearch + "input_Search By_searchValue"), remID): Text 'AutoDua040122004611511Ahm' is set on object 'Object Repository/AdminSuiteBootstrap_Pages/VT_Bootstrap/CCCreditOrVoidSearch/input_Search By_searchValue'

2022-04-01 00:48:40 - [MESSAGE][PASSED] - Text 'AutoDua040122004611511Ahm' is set on object 'Object Repository/AdminSuiteBootstrap_Pages/VT_Bootstrap/CCCreditOrVoidSearch/input_Search By_searchValue'

2022-04-01 00:48:40 - [TEST_STEP][PASSED] - click(findTestObject(path_CCSearch + "option_Capture (Sale)")): Object: 'Object Repository/AdminSuiteBootstrap_Pages/VT_Bootstrap/CCCreditOrVoidSearch/option_Capture (Sale)' is clicked on

2022-04-01 00:48:40 - [MESSAGE][PASSED] - Object: 'Object Repository/AdminSuiteBootstrap_Pages/VT_Bootstrap/CCCreditOrVoidSearch/option_Capture (Sale)' is clicked on

2022-04-01 00:48:40 - [TEST_STEP][PASSED] - click(findTestObject(path_CCSearch + "button_Submit")): Object: 'Object Repository/AdminSuiteBootstrap_Pages/VT_Bootstrap/CCCreditOrVoidSearch/button_Submit' is clicked on

2022-04-01 00:48:41 - [MESSAGE][PASSED] - Object: 'Object Repository/AdminSuiteBootstrap_Pages/VT_Bootstrap/CCCreditOrVoidSearch/button_Submit' is clicked on

2022-04-01 00:48:41 - [TEST_STEP][PASSED] - fgr = getText(findTestObject(path_SearchResults + "div_Payment ID")): Text of object 'Object Repository/AdminSuiteBootstrap_Pages/VT_Bootstrap/SearchResults/div_Payment ID' is: 'Payment ID
Payment Type
Transaction Type
Remittance ID
Name
Total Amount
End Date
Status
12114392 Credit Card Capture AutoDua040122004611511Ahm Janaki James $8.50 04/01/2022 Success'

2022-04-01 00:48:41 - [MESSAGE][PASSED] - Text of object 'Object Repository/AdminSuiteBootstrap_Pages/VT_Bootstrap/SearchResults/div_Payment ID' is: 'Payment ID
Payment Type
Transaction Type
Remittance ID
Name
Total Amount
End Date
Status
12114392 Credit Card Capture AutoDua040122004611511Ahm Janaki James $8.50 04/01/2022 Success'

2022-04-01 00:48:41 - [TEST_STEP][PASSED] - payID = substring(89, 98).trim(): null

2022-04-01 00:48:41 - [TEST_STEP][PASSED] - out.println("payID: " + payID): null

2022-04-01 00:48:41 - [TEST_STEP][PASSED] - click(findTestObject(path_SearchResults + "button_PaymentID")): Object: 'Object Repository/AdminSuiteBootstrap_Pages/VT_Bootstrap/SearchResults/button_PaymentID' is clicked on

2022-04-01 00:48:42 - [MESSAGE][PASSED] - Object: 'Object Repository/AdminSuiteBootstrap_Pages/VT_Bootstrap/SearchResults/button_PaymentID' is clicked on

2022-04-01 00:48:42 - [TEST_STEP][PASSED] - click(findTestObject(path_TranxDetails + "a_Credit this transaction")): Object: 'Object Repository/AdminSuiteBootstrap_Pages/VT_Bootstrap/TransactionDetails/a_Credit this transaction' is clicked on

2022-04-01 00:48:43 - [MESSAGE][PASSED] - Object: 'Object Repository/AdminSuiteBootstrap_Pages/VT_Bootstrap/TransactionDetails/a_Credit this transaction' is clicked on

2022-04-01 00:48:43 - [TEST_STEP][PASSED] - verifyTextPresent("Credit Card Credit", true): Text 'Credit Card Credit' is present on page  using regular expression

2022-04-01 00:48:44 - [MESSAGE][PASSED] - Text 'Credit Card Credit' is present on page  using regular expression

2022-04-01 00:48:44 - [TEST_STEP][PASSED] - click(findTestObject(path_TranxDetails + "button_Submit")): Object: 'Object Repository/AdminSuiteBootstrap_Pages/VT_Bootstrap/TransactionDetails/button_Submit' is clicked on

2022-04-01 00:48:46 - [MESSAGE][PASSED] - Object: 'Object Repository/AdminSuiteBootstrap_Pages/VT_Bootstrap/TransactionDetails/button_Submit' is clicked on

2022-04-01 00:48:46 - [TEST_STEP][PASSED] - verifyTextPresent("Transaction Successful", true): Text 'Transaction Successful' is present on page  using regular expression

2022-04-01 00:48:46 - [MESSAGE][PASSED] - Text 'Transaction Successful' is present on page  using regular expression

2022-04-01 00:48:46 - [TEST_STEP][PASSED] - verifyTextPresent("Transaction Type", true): Text 'Transaction Type' is present on page  using regular expression

2022-04-01 00:48:47 - [MESSAGE][PASSED] - Text 'Transaction Type' is present on page  using regular expression

2022-04-01 00:48:47 - [TEST_STEP][PASSED] - verifyTextPresent("Credit", true): Text 'Credit' is present on page  using regular expression

2022-04-01 00:48:47 - [MESSAGE][PASSED] - Text 'Credit' is present on page  using regular expression

2022-04-01 00:48:47 - [TEST_STEP][PASSED] - closeBrowser(): Browser is closed

2022-04-01 00:48:48 - [MESSAGE][PASSED] - Browser is closed]]></system-out>
         <system-err><![CDATA[]]></system-err>
      </testcase>
      <testcase name="Test Cases/Admin Suite Bootstrap/VT_TestCases/AuthCaptureVoidKeyboard_TP_AllCF_Generic_Payment_TC" time="370.155" classname="Test Cases/Admin Suite Bootstrap/VT_TestCases/AuthCaptureVoidKeyboard_TP_AllCF_Generic_Payment_TC" status="PASSED">
         <system-out><![CDATA[2022-04-01 00:48:48 - [TEST_CASE][PASSED] - Test Cases/Admin Suite Bootstrap/VT_TestCases/AuthCaptureVoidKeyboard_TP_AllCF_Generic_Payment_TC: Test Cases/Admin Suite Bootstrap/VT_TestCases/AuthCaptureVoidKeyboard_TP_AllCF_Generic_Payment_TC

2022-04-01 00:48:48 - [TEST_STEP][PASSED] - path_Dashboard = "Object Repository/AdminSuiteBootstrap_Pages/Dashboard_Bootstrap/": null

2022-04-01 00:48:48 - [TEST_STEP][PASSED] - path_VT = "Object Repository/AdminSuiteBootstrap_Pages/VT_Bootstrap/IssueTransactions/": null

2022-04-01 00:48:48 - [TEST_STEP][PASSED] - path_SaleKB = "Object Repository/AdminSuiteBootstrap_Pages/VT_Bootstrap/SaleKeyboard/": null

2022-04-01 00:48:48 - [TEST_STEP][PASSED] - path_TestMinus = "Object Repository/Page_TestMinusAndAtSigns/": null

2022-04-01 00:48:48 - [TEST_STEP][PASSED] - path_Receipt = "Object Repository/AdminSuiteBootstrap_Pages/VT_Bootstrap/Receipt/": null

2022-04-01 00:48:48 - [TEST_STEP][PASSED] - path_CCSearch = "Object Repository/AdminSuiteBootstrap_Pages/VT_Bootstrap/CCCreditOrVoidSearch/": null

2022-04-01 00:48:48 - [TEST_STEP][PASSED] - path_SearchResults = "Object Repository/AdminSuiteBootstrap_Pages/VT_Bootstrap/SearchResults/": null

2022-04-01 00:48:48 - [TEST_STEP][PASSED] - path_TranxDetails = "Object Repository/AdminSuiteBootstrap_Pages/VT_Bootstrap/TransactionDetails/": null

2022-04-01 00:48:48 - [TEST_STEP][PASSED] - li_1 = vpos_Prefix: null

2022-04-01 00:48:48 - [TEST_STEP][PASSED] - li_2 = "/transactions/AuthOnlyForm/": null

2022-04-01 00:48:48 - [TEST_STEP][PASSED] - executionProfile = getExecutionProfile(): null

2022-04-01 00:48:48 - [TEST_STEP][PASSED] - out.println("executionProfile : " + executionProfile): null

2022-04-01 00:48:48 - [TEST_STEP][PASSED] - appName = <not implemented yet for class: org.codehaus.groovy.ast.expr.EmptyExpression>: null

2022-04-01 00:48:48 - [TEST_STEP][PASSED] - appID = <not implemented yet for class: org.codehaus.groovy.ast.expr.EmptyExpression>: null

2022-04-01 00:48:48 - [TEST_STEP][PASSED] - cardNameV = <not implemented yet for class: org.codehaus.groovy.ast.expr.EmptyExpression>: null

2022-04-01 00:48:48 - [TEST_STEP][PASSED] - al1V = <not implemented yet for class: org.codehaus.groovy.ast.expr.EmptyExpression>: null

2022-04-01 00:48:48 - [TEST_STEP][PASSED] - al2V = <not implemented yet for class: org.codehaus.groovy.ast.expr.EmptyExpression>: null

2022-04-01 00:48:48 - [TEST_STEP][PASSED] - zipV = <not implemented yet for class: org.codehaus.groovy.ast.expr.EmptyExpression>: null

2022-04-01 00:48:48 - [TEST_STEP][PASSED] - cardTypeV = <not implemented yet for class: org.codehaus.groovy.ast.expr.EmptyExpression>: null

2022-04-01 00:48:48 - [TEST_STEP][PASSED] - last4V = <not implemented yet for class: org.codehaus.groovy.ast.expr.EmptyExpression>: null

2022-04-01 00:48:48 - [TEST_STEP][PASSED] - resText = "Fail": null

2022-04-01 00:48:48 - [TEST_STEP][PASSED] - resColumn = "Result": null

2022-04-01 00:48:48 - [TEST_STEP][PASSED] - datCloumn = "Date": null

2022-04-01 00:48:48 - [TEST_STEP][PASSED] - fileLoc = "C:\KatalonData\Bootstrap\VT-Data.xlsx": null

2022-04-01 00:48:48 - [TEST_STEP][PASSED] - numOfRows = <not implemented yet for class: org.codehaus.groovy.ast.expr.EmptyExpression>: null

2022-04-01 00:48:48 - [TEST_STEP][PASSED] - dataFile = <not implemented yet for class: org.codehaus.groovy.ast.expr.EmptyExpression>: null

2022-04-01 00:48:48 - [TEST_STEP][PASSED] - nameSheet = <not implemented yet for class: org.codehaus.groovy.ast.expr.EmptyExpression>: null

2022-04-01 00:48:48 - [TEST_STEP][PASSED] - nameSheet = "VT-AuthCapVoid-Generic": null

2022-04-01 00:48:48 - [TEST_STEP][PASSED] - numOfRows = findTestData("QA/Bootstrap/VT-TestData/VT-AuthCapVoidData-AllCF-Generic").getRowNumbers(): null

2022-04-01 00:48:48 - [TEST_STEP][PASSED] - println("Number of Records: " + numOfRows): null

2022-04-01 00:48:48 - [TEST_STEP][PASSED] - dataFile = "QA/Bootstrap/VT-TestData/VT-AuthCapVoidData-AllCF-Generic": null

2022-04-01 00:48:48 - [TEST_STEP][PASSED] - for ([row = 1, row <= numOfRows, (row++)]): Browser is closed

2022-04-01 00:48:48 - [TEST_STEP][PASSED] - ExecuteTC = findTestData(dataFile).getValue("Execute", row): null

2022-04-01 00:48:49 - [TEST_STEP][PASSED] - out.println("Value of Execute is : " + ExecuteTC): null

2022-04-01 00:48:49 - [TEST_STEP][PASSED] - switch (executionProfile): null

2022-04-01 00:48:49 - [TEST_STEP][PASSED] - case "QAProfile":: null

2022-04-01 00:48:49 - [TEST_STEP][PASSED] - appName = findTestData(dataFile).getValue("AppNameQA", row): null

2022-04-01 00:48:49 - [TEST_STEP][PASSED] - appID = findTestData(dataFile).getValue("AppIDQA", row): null

2022-04-01 00:48:49 - [TEST_STEP][PASSED] - break: null

2022-04-01 00:48:49 - [TEST_STEP][PASSED] - hrefAppID = li_1 + appID + li_2: null

2022-04-01 00:48:49 - [TEST_STEP][PASSED] - hrefApp = li_1 + appID + "/": null

2022-04-01 00:48:49 - [TEST_STEP][PASSED] - println("hrefApp : " + hrefApp): null

2022-04-01 00:48:49 - [TEST_STEP][PASSED] - if (ExecuteTC.equalsIgnoreCase("Y")): null

2022-04-01 00:48:49 - [TEST_STEP][PASSED] - out.println("Begin Record Number: " + row): null

2022-04-01 00:48:49 - [TEST_STEP][PASSED] - today = new java.util.Date(): null

2022-04-01 00:48:49 - [TEST_STEP][PASSED] - println(today): null

2022-04-01 00:48:49 - [TEST_STEP][PASSED] - datText = today: null

2022-04-01 00:48:49 - [TEST_STEP][PASSED] - adminSuiteBootstrap.loginFunctionality.login_AdminSuite(): adminSuiteBootstrap.loginFunctionality.login_AdminSuite is PASSED

2022-04-01 00:48:49 - [MESSAGE][INFO] - Starting 'Chrome' driver

2022-04-01 00:48:49 - [MESSAGE][INFO] - User set preference: ['acceptInsecureCerts', 'true']

2022-04-01 00:48:49 - [MESSAGE][INFO] - Action delay is set to 0 milliseconds

2022-04-01 00:48:52 - [MESSAGE][PASSED] - Browser is opened with url: 'https://qa.velocitypayment.com/admin/imtiaz'

2022-04-01 00:48:52 - [MESSAGE][PASSED] - Current window maximized

2022-04-01 00:48:52 - [MESSAGE][PASSED] - Object 'Object Repository/Login_Page/Login_Username' is present

2022-04-01 00:48:53 - [MESSAGE][PASSED] - Text 'iahmed' is set on object 'Object Repository/Login_Page/Login_Username'

2022-04-01 00:48:54 - [MESSAGE][PASSED] - Text 'hello2222' is set on object 'Object Repository/Login_Page/Login_Password'

2022-04-01 00:48:58 - [MESSAGE][PASSED] - Object: 'Object Repository/Login_Page/Login_Submit' is clicked on

2022-04-01 00:48:58 - [MESSAGE][PASSED] - adminSuiteBootstrap.loginFunctionality.login_AdminSuite is PASSED

2022-04-01 00:48:58 - [TEST_STEP][PASSED] - click(findTestObject(path_Dashboard + appName)): Object: 'Object Repository/AdminSuiteBootstrap_Pages/Dashboard_Bootstrap/a_Access AutoNoCFtp' is clicked on

2022-04-01 00:48:59 - [MESSAGE][PASSED] - Object: 'Object Repository/AdminSuiteBootstrap_Pages/Dashboard_Bootstrap/a_Access AutoNoCFtp' is clicked on

2022-04-01 00:48:59 - [TEST_STEP][PASSED] - click(findTestObject(path_VT + "button_Authorization Only")): Object: 'Object Repository/AdminSuiteBootstrap_Pages/VT_Bootstrap/IssueTransactions/button_Authorization Only' is clicked on

2022-04-01 00:48:59 - [MESSAGE][PASSED] - Object: 'Object Repository/AdminSuiteBootstrap_Pages/VT_Bootstrap/IssueTransactions/button_Authorization Only' is clicked on

2022-04-01 00:48:59 - [TEST_STEP][PASSED] - authOnlyKeyboardEntryLink = modifyObjectProperty(findTestObject(path_VT + "a_KeyboardEntry_Sale"), "href", "equals", hrefAppID, true): Modify property of object successfully

2022-04-01 00:48:59 - [MESSAGE][PASSED] - Modify property of object successfully

2022-04-01 00:48:59 - [TEST_STEP][PASSED] - click(authOnlyKeyboardEntryLink): Object: 'Object Repository/AdminSuiteBootstrap_Pages/VT_Bootstrap/IssueTransactions/a_KeyboardEntry_Sale' is clicked on

2022-04-01 00:49:00 - [MESSAGE][PASSED] - Object: 'Object Repository/AdminSuiteBootstrap_Pages/VT_Bootstrap/IssueTransactions/a_KeyboardEntry_Sale' is clicked on

2022-04-01 00:49:00 - [TEST_STEP][PASSED] - adminSuiteBootstrap.virtualTerminalSetData.saleKeyboard_DataDriven(row, dataFile): adminSuiteBootstrap.virtualTerminalSetData.saleKeyboard_DataDriven is PASSED

2022-04-01 00:49:03 - [MESSAGE][PASSED] - Text 'Tulsi Raman' is set on object 'Object Repository/AdminSuiteBootstrap_Pages/VT_Bootstrap/SaleKeyboard/input_cardName'

2022-04-01 00:49:04 - [MESSAGE][PASSED] - All options with value 'RETL' are selected in object 'Object Repository/AdminSuiteBootstrap_Pages/VT_Bootstrap/SaleKeyboard/select_transactionCategory'  using regular expression

2022-04-01 00:49:04 - [MESSAGE][PASSED] - Execute JavaScript 'arguments[0].value ='4012000098765439' ' successfully

2022-04-01 00:49:05 - [MESSAGE][PASSED] - Execute JavaScript 'arguments[0].value ='123' ' successfully

2022-04-01 00:49:06 - [MESSAGE][PASSED] - All options with value '12' are selected in object 'Object Repository/AdminSuiteBootstrap_Pages/VT_Bootstrap/SaleKeyboard/select_MM'  using regular expression

2022-04-01 00:49:07 - [MESSAGE][PASSED] - All options with value '2025' are selected in object 'Object Repository/AdminSuiteBootstrap_Pages/VT_Bootstrap/SaleKeyboard/select_YYYY'  using regular expression

2022-04-01 00:49:07 - [MESSAGE][PASSED] - Text '36 Cornor Road' is set on object 'Object Repository/AdminSuiteBootstrap_Pages/VT_Bootstrap/SaleKeyboard/input__address'

2022-04-01 00:49:08 - [MESSAGE][PASSED] - Text 'Suite 500' is set on object 'Object Repository/AdminSuiteBootstrap_Pages/VT_Bootstrap/SaleKeyboard/input__address2'

2022-04-01 00:49:09 - [MESSAGE][PASSED] - Text '22201' is set on object 'Object Repository/AdminSuiteBootstrap_Pages/VT_Bootstrap/SaleKeyboard/input__zip'

2022-04-01 00:49:09 - [MESSAGE][PASSED] - Text '' is set on object 'Object Repository/AdminSuiteBootstrap_Pages/VT_Bootstrap/SaleKeyboard/input_emailAddress'

2022-04-01 00:49:11 - [MESSAGE][PASSED] - Text '' is set on object 'Object Repository/AdminSuiteBootstrap_Pages/VT_Bootstrap/SaleKeyboard/input_smsNumber'

2022-04-01 00:49:11 - [MESSAGE][PASSED] - Text '10.50' is set on object 'Object Repository/AdminSuiteBootstrap_Pages/VT_Bootstrap/SaleKeyboard/input_amount'

2022-04-01 00:49:12 - [MESSAGE][PASSED] - Text 'Australia' is set on object 'Object Repository/AdminSuiteBootstrap_Pages/VT_Bootstrap/SaleKeyboard/input_userDefined1'

2022-04-01 00:49:13 - [MESSAGE][PASSED] - Text 'Denmark' is set on object 'Object Repository/AdminSuiteBootstrap_Pages/VT_Bootstrap/SaleKeyboard/input_userDefined2'

2022-04-01 00:49:13 - [MESSAGE][PASSED] - Text 'Sweden' is set on object 'Object Repository/AdminSuiteBootstrap_Pages/VT_Bootstrap/SaleKeyboard/input_userDefined3'

2022-04-01 00:49:14 - [MESSAGE][PASSED] - Text 'Austria' is set on object 'Object Repository/AdminSuiteBootstrap_Pages/VT_Bootstrap/SaleKeyboard/input_userDefined4'

2022-04-01 00:49:15 - [MESSAGE][PASSED] - All options with label 'Orange' are selected in object 'Object Repository/AdminSuiteBootstrap_Pages/VT_Bootstrap/SaleKeyboard/select_UDF5_DropDown'  using regular expression

2022-04-01 00:49:16 - [MESSAGE][PASSED] - All options with label 'Yellow' are selected in object 'Object Repository/AdminSuiteBootstrap_Pages/VT_Bootstrap/SaleKeyboard/select_UDF6_DropDown'  using regular expression

2022-04-01 00:49:17 - [MESSAGE][PASSED] - Text 'Norway' is set on object 'Object Repository/AdminSuiteBootstrap_Pages/VT_Bootstrap/SaleKeyboard/input_userDefined7'

2022-04-01 00:49:18 - [MESSAGE][PASSED] - Text 'Netherlands' is set on object 'Object Repository/AdminSuiteBootstrap_Pages/VT_Bootstrap/SaleKeyboard/input_userDefined8'

2022-04-01 00:49:18 - [MESSAGE][PASSED] - Text 'Switzerland' is set on object 'Object Repository/AdminSuiteBootstrap_Pages/VT_Bootstrap/SaleKeyboard/input_userDefined9'

2022-04-01 00:49:19 - [MESSAGE][PASSED] - Text 'France' is set on object 'Object Repository/AdminSuiteBootstrap_Pages/VT_Bootstrap/SaleKeyboard/input_userDefined10'

2022-04-01 00:49:20 - [MESSAGE][PASSED] - Object: 'Object Repository/AdminSuiteBootstrap_Pages/VT_Bootstrap/SaleKeyboard/button_Submit' is clicked on

2022-04-01 00:49:20 - [MESSAGE][PASSED] - adminSuiteBootstrap.virtualTerminalSetData.saleKeyboard_DataDriven is PASSED

2022-04-01 00:49:20 - [TEST_STEP][PASSED] - if (verifyTextPresent("Transaction Successful", true)): null

2022-04-01 00:49:21 - [MESSAGE][PASSED] - Text 'Transaction Successful' is present on page  using regular expression

2022-04-01 00:49:21 - [TEST_STEP][PASSED] - sdf = getText(findTestObject(path_Receipt + "td_AutoNoC031622113752957Ahm")): Text of object 'Object Repository/AdminSuiteBootstrap_Pages/VT_Bootstrap/Receipt/td_AutoNoC031622113752957Ahm' is: 'AutoNoC040122004712908Ahm'

2022-04-01 00:49:21 - [MESSAGE][PASSED] - Text of object 'Object Repository/AdminSuiteBootstrap_Pages/VT_Bootstrap/Receipt/td_AutoNoC031622113752957Ahm' is: 'AutoNoC040122004712908Ahm'

2022-04-01 00:49:21 - [TEST_STEP][PASSED] - out.println("sdf: " + sdf): null

2022-04-01 00:49:21 - [TEST_STEP][PASSED] - remID = sdf: null

2022-04-01 00:49:21 - [TEST_STEP][PASSED] - out.println("remID: " + remID): null

2022-04-01 00:49:21 - [TEST_STEP][PASSED] - click(findTestObject(path_Receipt + "button_Continue")): Object: 'Object Repository/AdminSuiteBootstrap_Pages/VT_Bootstrap/Receipt/button_Continue' is clicked on

2022-04-01 00:49:22 - [MESSAGE][PASSED] - Object: 'Object Repository/AdminSuiteBootstrap_Pages/VT_Bootstrap/Receipt/button_Continue' is clicked on

2022-04-01 00:49:22 - [TEST_STEP][PASSED] - click(findTestObject(path_VT + "a_Search Transactions")): Object: 'Object Repository/AdminSuiteBootstrap_Pages/VT_Bootstrap/IssueTransactions/a_Search Transactions' is clicked on

2022-04-01 00:49:23 - [MESSAGE][PASSED] - Object: 'Object Repository/AdminSuiteBootstrap_Pages/VT_Bootstrap/IssueTransactions/a_Search Transactions' is clicked on

2022-04-01 00:49:23 - [TEST_STEP][PASSED] - setText(findTestObject(path_CCSearch + "input_Search By_searchValue"), remID): Text 'AutoNoC040122004712908Ahm' is set on object 'Object Repository/AdminSuiteBootstrap_Pages/VT_Bootstrap/CCCreditOrVoidSearch/input_Search By_searchValue'

2022-04-01 00:49:24 - [MESSAGE][PASSED] - Text 'AutoNoC040122004712908Ahm' is set on object 'Object Repository/AdminSuiteBootstrap_Pages/VT_Bootstrap/CCCreditOrVoidSearch/input_Search By_searchValue'

2022-04-01 00:49:24 - [TEST_STEP][PASSED] - click(findTestObject(path_CCSearch + "option_Authorization")): Object: 'Object Repository/AdminSuiteBootstrap_Pages/VT_Bootstrap/CCCreditOrVoidSearch/option_Authorization' is clicked on

2022-04-01 00:49:24 - [MESSAGE][PASSED] - Object: 'Object Repository/AdminSuiteBootstrap_Pages/VT_Bootstrap/CCCreditOrVoidSearch/option_Authorization' is clicked on

2022-04-01 00:49:24 - [TEST_STEP][PASSED] - click(findTestObject(path_CCSearch + "button_Submit")): Object: 'Object Repository/AdminSuiteBootstrap_Pages/VT_Bootstrap/CCCreditOrVoidSearch/button_Submit' is clicked on

2022-04-01 00:49:25 - [MESSAGE][PASSED] - Object: 'Object Repository/AdminSuiteBootstrap_Pages/VT_Bootstrap/CCCreditOrVoidSearch/button_Submit' is clicked on

2022-04-01 00:49:25 - [TEST_STEP][PASSED] - fgr = getText(findTestObject(path_SearchResults + "div_Payment ID")): Text of object 'Object Repository/AdminSuiteBootstrap_Pages/VT_Bootstrap/SearchResults/div_Payment ID' is: 'Payment ID
Payment Type
Transaction Type
Remittance ID
Name
Total Amount
End Date
Status
12114395 Credit Card Authorization AutoNoC040122004712908Ahm Tulsi Raman $10.50 04/01/2022 Success'

2022-04-01 00:49:26 - [MESSAGE][PASSED] - Text of object 'Object Repository/AdminSuiteBootstrap_Pages/VT_Bootstrap/SearchResults/div_Payment ID' is: 'Payment ID
Payment Type
Transaction Type
Remittance ID
Name
Total Amount
End Date
Status
12114395 Credit Card Authorization AutoNoC040122004712908Ahm Tulsi Raman $10.50 04/01/2022 Success'

2022-04-01 00:49:26 - [TEST_STEP][PASSED] - payID = substring(89, 98).trim(): null

2022-04-01 00:49:26 - [TEST_STEP][PASSED] - out.println("payID: " + payID): null

2022-04-01 00:49:26 - [TEST_STEP][PASSED] - click(findTestObject(path_SearchResults + "button_PaymentID")): Object: 'Object Repository/AdminSuiteBootstrap_Pages/VT_Bootstrap/SearchResults/button_PaymentID' is clicked on

2022-04-01 00:49:27 - [MESSAGE][PASSED] - Object: 'Object Repository/AdminSuiteBootstrap_Pages/VT_Bootstrap/SearchResults/button_PaymentID' is clicked on

2022-04-01 00:49:27 - [TEST_STEP][PASSED] - verifyTextPresent("Tender Type", true): Text 'Tender Type' is present on page  using regular expression

2022-04-01 00:49:27 - [MESSAGE][PASSED] - Text 'Tender Type' is present on page  using regular expression

2022-04-01 00:49:27 - [TEST_STEP][PASSED] - verifyTextPresent("Credit Card", true): Text 'Credit Card' is present on page  using regular expression

2022-04-01 00:49:28 - [MESSAGE][PASSED] - Text 'Credit Card' is present on page  using regular expression

2022-04-01 00:49:28 - [TEST_STEP][PASSED] - verifyTextPresent("Transaction Type", true): Text 'Transaction Type' is present on page  using regular expression

2022-04-01 00:49:28 - [MESSAGE][PASSED] - Text 'Transaction Type' is present on page  using regular expression

2022-04-01 00:49:28 - [TEST_STEP][PASSED] - verifyTextPresent("Authorization", true): Text 'Authorization' is present on page  using regular expression

2022-04-01 00:49:28 - [MESSAGE][PASSED] - Text 'Authorization' is present on page  using regular expression

2022-04-01 00:49:28 - [TEST_STEP][PASSED] - verifyTextPresent("Transaction Posted by", true): Text 'Transaction Posted by' is present on page  using regular expression

2022-04-01 00:49:29 - [MESSAGE][PASSED] - Text 'Transaction Posted by' is present on page  using regular expression

2022-04-01 00:49:29 - [TEST_STEP][PASSED] - verifyTextPresent("iahmed", true): Text 'iahmed' is present on page  using regular expression

2022-04-01 00:49:29 - [MESSAGE][PASSED] - Text 'iahmed' is present on page  using regular expression

2022-04-01 00:49:29 - [TEST_STEP][PASSED] - click(findTestObject(path_TranxDetails + "a_Capture this transaction")): Object: 'Object Repository/AdminSuiteBootstrap_Pages/VT_Bootstrap/TransactionDetails/a_Capture this transaction' is clicked on

2022-04-01 00:49:30 - [MESSAGE][PASSED] - Object: 'Object Repository/AdminSuiteBootstrap_Pages/VT_Bootstrap/TransactionDetails/a_Capture this transaction' is clicked on

2022-04-01 00:49:30 - [TEST_STEP][PASSED] - verifyTextPresent("Credit Card Capture", true): Text 'Credit Card Capture' is present on page  using regular expression

2022-04-01 00:49:31 - [MESSAGE][PASSED] - Text 'Credit Card Capture' is present on page  using regular expression

2022-04-01 00:49:31 - [TEST_STEP][PASSED] - captureAmount = findTestData(dataFile).getValue("CaptureAmount", row): null

2022-04-01 00:49:31 - [TEST_STEP][PASSED] - setText(findTestObject(path_SaleKB + "input_amountCapture"), captureAmount): Text '10.50' is set on object 'Object Repository/AdminSuiteBootstrap_Pages/VT_Bootstrap/SaleKeyboard/input_amountCapture'

2022-04-01 00:49:31 - [MESSAGE][PASSED] - Text '10.50' is set on object 'Object Repository/AdminSuiteBootstrap_Pages/VT_Bootstrap/SaleKeyboard/input_amountCapture'

2022-04-01 00:49:31 - [TEST_STEP][PASSED] - click(findTestObject(path_TranxDetails + "button_Submit")): Object: 'Object Repository/AdminSuiteBootstrap_Pages/VT_Bootstrap/TransactionDetails/button_Submit' is clicked on

2022-04-01 00:49:33 - [MESSAGE][PASSED] - Object: 'Object Repository/AdminSuiteBootstrap_Pages/VT_Bootstrap/TransactionDetails/button_Submit' is clicked on

2022-04-01 00:49:33 - [TEST_STEP][PASSED] - if (verifyTextPresent("Transaction Successful", true)): null

2022-04-01 00:49:34 - [MESSAGE][PASSED] - Text 'Transaction Successful' is present on page  using regular expression

2022-04-01 00:49:34 - [TEST_STEP][PASSED] - verifyTextPresent("Transaction Type", true): Text 'Transaction Type' is present on page  using regular expression

2022-04-01 00:49:34 - [MESSAGE][PASSED] - Text 'Transaction Type' is present on page  using regular expression

2022-04-01 00:49:34 - [TEST_STEP][PASSED] - verifyTextPresent("Capture", true): Text 'Capture' is present on page  using regular expression

2022-04-01 00:49:34 - [MESSAGE][PASSED] - Text 'Capture' is present on page  using regular expression

2022-04-01 00:49:34 - [TEST_STEP][PASSED] - verifyTextPresent("Amount", true): Text 'Amount' is present on page  using regular expression

2022-04-01 00:49:35 - [MESSAGE][PASSED] - Text 'Amount' is present on page  using regular expression

2022-04-01 00:49:35 - [TEST_STEP][PASSED] - verifyTextPresent(captureAmount, true): Text '10.50' is present on page  using regular expression

2022-04-01 00:49:35 - [MESSAGE][PASSED] - Text '10.50' is present on page  using regular expression

2022-04-01 00:49:35 - [TEST_STEP][PASSED] - sdf = getText(findTestObject(path_Receipt + "td_AutoNoC031622113752957Ahm")): Text of object 'Object Repository/AdminSuiteBootstrap_Pages/VT_Bootstrap/Receipt/td_AutoNoC031622113752957Ahm' is: 'AutoNoC040122004712908Ahm'

2022-04-01 00:49:35 - [MESSAGE][PASSED] - Text of object 'Object Repository/AdminSuiteBootstrap_Pages/VT_Bootstrap/Receipt/td_AutoNoC031622113752957Ahm' is: 'AutoNoC040122004712908Ahm'

2022-04-01 00:49:35 - [TEST_STEP][PASSED] - out.println("sdf: " + sdf): null

2022-04-01 00:49:35 - [TEST_STEP][PASSED] - remID = sdf: null

2022-04-01 00:49:35 - [TEST_STEP][PASSED] - out.println("remID: " + remID): null

2022-04-01 00:49:35 - [TEST_STEP][PASSED] - click(findTestObject(path_Receipt + "button_Continue")): Object: 'Object Repository/AdminSuiteBootstrap_Pages/VT_Bootstrap/Receipt/button_Continue' is clicked on

2022-04-01 00:49:36 - [MESSAGE][PASSED] - Object: 'Object Repository/AdminSuiteBootstrap_Pages/VT_Bootstrap/Receipt/button_Continue' is clicked on

2022-04-01 00:49:36 - [TEST_STEP][PASSED] - click(findTestObject(path_VT + "a_Search Transactions")): Object: 'Object Repository/AdminSuiteBootstrap_Pages/VT_Bootstrap/IssueTransactions/a_Search Transactions' is clicked on

2022-04-01 00:49:37 - [MESSAGE][PASSED] - Object: 'Object Repository/AdminSuiteBootstrap_Pages/VT_Bootstrap/IssueTransactions/a_Search Transactions' is clicked on

2022-04-01 00:49:37 - [TEST_STEP][PASSED] - setText(findTestObject(path_CCSearch + "input_Search By_searchValue"), remID): Text 'AutoNoC040122004712908Ahm' is set on object 'Object Repository/AdminSuiteBootstrap_Pages/VT_Bootstrap/CCCreditOrVoidSearch/input_Search By_searchValue'

2022-04-01 00:49:38 - [MESSAGE][PASSED] - Text 'AutoNoC040122004712908Ahm' is set on object 'Object Repository/AdminSuiteBootstrap_Pages/VT_Bootstrap/CCCreditOrVoidSearch/input_Search By_searchValue'

2022-04-01 00:49:38 - [TEST_STEP][PASSED] - click(findTestObject(path_CCSearch + "option_Capture (Sale)")): Object: 'Object Repository/AdminSuiteBootstrap_Pages/VT_Bootstrap/CCCreditOrVoidSearch/option_Capture (Sale)' is clicked on

2022-04-01 00:49:38 - [MESSAGE][PASSED] - Object: 'Object Repository/AdminSuiteBootstrap_Pages/VT_Bootstrap/CCCreditOrVoidSearch/option_Capture (Sale)' is clicked on

2022-04-01 00:49:38 - [TEST_STEP][PASSED] - click(findTestObject(path_CCSearch + "button_Submit")): Object: 'Object Repository/AdminSuiteBootstrap_Pages/VT_Bootstrap/CCCreditOrVoidSearch/button_Submit' is clicked on

2022-04-01 00:49:39 - [MESSAGE][PASSED] - Object: 'Object Repository/AdminSuiteBootstrap_Pages/VT_Bootstrap/CCCreditOrVoidSearch/button_Submit' is clicked on

2022-04-01 00:49:39 - [TEST_STEP][PASSED] - fgr = getText(findTestObject(path_SearchResults + "div_Payment ID")): Text of object 'Object Repository/AdminSuiteBootstrap_Pages/VT_Bootstrap/SearchResults/div_Payment ID' is: 'Payment ID
Payment Type
Transaction Type
Remittance ID
Name
Total Amount
End Date
Status
12114396 Credit Card Capture AutoNoC040122004712908Ahm Tulsi Raman $10.50 04/01/2022 Success'

2022-04-01 00:49:40 - [MESSAGE][PASSED] - Text of object 'Object Repository/AdminSuiteBootstrap_Pages/VT_Bootstrap/SearchResults/div_Payment ID' is: 'Payment ID
Payment Type
Transaction Type
Remittance ID
Name
Total Amount
End Date
Status
12114396 Credit Card Capture AutoNoC040122004712908Ahm Tulsi Raman $10.50 04/01/2022 Success'

2022-04-01 00:49:40 - [TEST_STEP][PASSED] - payID = substring(89, 98).trim(): null

2022-04-01 00:49:40 - [TEST_STEP][PASSED] - out.println("payID: " + payID): null

2022-04-01 00:49:40 - [TEST_STEP][PASSED] - click(findTestObject(path_SearchResults + "button_PaymentID")): Object: 'Object Repository/AdminSuiteBootstrap_Pages/VT_Bootstrap/SearchResults/button_PaymentID' is clicked on

2022-04-01 00:49:40 - [MESSAGE][PASSED] - Object: 'Object Repository/AdminSuiteBootstrap_Pages/VT_Bootstrap/SearchResults/button_PaymentID' is clicked on

2022-04-01 00:49:40 - [TEST_STEP][PASSED] - click(findTestObject(path_TranxDetails + "a_Void this transaction")): Object: 'Object Repository/AdminSuiteBootstrap_Pages/VT_Bootstrap/TransactionDetails/a_Void this transaction' is clicked on

2022-04-01 00:49:42 - [MESSAGE][PASSED] - Object: 'Object Repository/AdminSuiteBootstrap_Pages/VT_Bootstrap/TransactionDetails/a_Void this transaction' is clicked on

2022-04-01 00:49:42 - [TEST_STEP][PASSED] - verifyTextPresent("The following transaction will be voided", true): Text 'The following transaction will be voided' is present on page  using regular expression

2022-04-01 00:49:42 - [MESSAGE][PASSED] - Text 'The following transaction will be voided' is present on page  using regular expression

2022-04-01 00:49:42 - [TEST_STEP][PASSED] - verifyTextPresent("Please press submit to continue", true): Text 'Please press submit to continue' is present on page  using regular expression

2022-04-01 00:49:42 - [MESSAGE][PASSED] - Text 'Please press submit to continue' is present on page  using regular expression

2022-04-01 00:49:42 - [TEST_STEP][PASSED] - click(findTestObject(path_TranxDetails + "button_Submit")): Object: 'Object Repository/AdminSuiteBootstrap_Pages/VT_Bootstrap/TransactionDetails/button_Submit' is clicked on

2022-04-01 00:49:45 - [MESSAGE][PASSED] - Object: 'Object Repository/AdminSuiteBootstrap_Pages/VT_Bootstrap/TransactionDetails/button_Submit' is clicked on

2022-04-01 00:49:45 - [TEST_STEP][PASSED] - verifyTextPresent("Transaction Successful", true): Text 'Transaction Successful' is present on page  using regular expression

2022-04-01 00:49:45 - [MESSAGE][PASSED] - Text 'Transaction Successful' is present on page  using regular expression

2022-04-01 00:49:45 - [TEST_STEP][PASSED] - verifyTextPresent("Transaction Type", true): Text 'Transaction Type' is present on page  using regular expression

2022-04-01 00:49:46 - [MESSAGE][PASSED] - Text 'Transaction Type' is present on page  using regular expression

2022-04-01 00:49:46 - [TEST_STEP][PASSED] - verifyTextPresent("Void", true): Text 'Void' is present on page  using regular expression

2022-04-01 00:49:46 - [MESSAGE][PASSED] - Text 'Void' is present on page  using regular expression

2022-04-01 00:49:46 - [TEST_STEP][PASSED] - closeBrowser(): Browser is closed

2022-04-01 00:49:47 - [MESSAGE][PASSED] - Browser is closed

2022-04-01 00:49:47 - [TEST_STEP][PASSED] - ExecuteTC = findTestData(dataFile).getValue("Execute", row): null

2022-04-01 00:49:47 - [TEST_STEP][PASSED] - out.println("Value of Execute is : " + ExecuteTC): null

2022-04-01 00:49:47 - [TEST_STEP][PASSED] - switch (executionProfile): null

2022-04-01 00:49:47 - [TEST_STEP][PASSED] - case "QAProfile":: null

2022-04-01 00:49:47 - [TEST_STEP][PASSED] - appName = findTestData(dataFile).getValue("AppNameQA", row): null

2022-04-01 00:49:47 - [TEST_STEP][PASSED] - appID = findTestData(dataFile).getValue("AppIDQA", row): null

2022-04-01 00:49:47 - [TEST_STEP][PASSED] - break: null

2022-04-01 00:49:47 - [TEST_STEP][PASSED] - hrefAppID = li_1 + appID + li_2: null

2022-04-01 00:49:47 - [TEST_STEP][PASSED] - hrefApp = li_1 + appID + "/": null

2022-04-01 00:49:47 - [TEST_STEP][PASSED] - println("hrefApp : " + hrefApp): null

2022-04-01 00:49:47 - [TEST_STEP][PASSED] - if (ExecuteTC.equalsIgnoreCase("Y")): null

2022-04-01 00:49:47 - [TEST_STEP][PASSED] - out.println("Begin Record Number: " + row): null

2022-04-01 00:49:47 - [TEST_STEP][PASSED] - today = new java.util.Date(): null

2022-04-01 00:49:47 - [TEST_STEP][PASSED] - println(today): null

2022-04-01 00:49:47 - [TEST_STEP][PASSED] - datText = today: null

2022-04-01 00:49:47 - [TEST_STEP][PASSED] - adminSuiteBootstrap.loginFunctionality.login_AdminSuite(): adminSuiteBootstrap.loginFunctionality.login_AdminSuite is PASSED

2022-04-01 00:49:47 - [MESSAGE][INFO] - Starting 'Chrome' driver

2022-04-01 00:49:47 - [MESSAGE][INFO] - User set preference: ['acceptInsecureCerts', 'true']

2022-04-01 00:49:47 - [MESSAGE][INFO] - Action delay is set to 0 milliseconds

2022-04-01 00:49:50 - [MESSAGE][PASSED] - Browser is opened with url: 'https://qa.velocitypayment.com/admin/imtiaz'

2022-04-01 00:49:50 - [MESSAGE][PASSED] - Current window maximized

2022-04-01 00:49:51 - [MESSAGE][PASSED] - Object 'Object Repository/Login_Page/Login_Username' is present

2022-04-01 00:49:51 - [MESSAGE][PASSED] - Text 'iahmed' is set on object 'Object Repository/Login_Page/Login_Username'

2022-04-01 00:49:52 - [MESSAGE][PASSED] - Text 'hello2222' is set on object 'Object Repository/Login_Page/Login_Password'

2022-04-01 00:49:57 - [MESSAGE][PASSED] - Object: 'Object Repository/Login_Page/Login_Submit' is clicked on

2022-04-01 00:49:57 - [MESSAGE][PASSED] - adminSuiteBootstrap.loginFunctionality.login_AdminSuite is PASSED

2022-04-01 00:49:57 - [TEST_STEP][PASSED] - click(findTestObject(path_Dashboard + appName)): Object: 'Object Repository/AdminSuiteBootstrap_Pages/Dashboard_Bootstrap/a_Access AutoNoCFtp' is clicked on

2022-04-01 00:49:58 - [MESSAGE][PASSED] - Object: 'Object Repository/AdminSuiteBootstrap_Pages/Dashboard_Bootstrap/a_Access AutoNoCFtp' is clicked on

2022-04-01 00:49:58 - [TEST_STEP][PASSED] - click(findTestObject(path_VT + "button_Authorization Only")): Object: 'Object Repository/AdminSuiteBootstrap_Pages/VT_Bootstrap/IssueTransactions/button_Authorization Only' is clicked on

2022-04-01 00:49:58 - [MESSAGE][PASSED] - Object: 'Object Repository/AdminSuiteBootstrap_Pages/VT_Bootstrap/IssueTransactions/button_Authorization Only' is clicked on

2022-04-01 00:49:58 - [TEST_STEP][PASSED] - authOnlyKeyboardEntryLink = modifyObjectProperty(findTestObject(path_VT + "a_KeyboardEntry_Sale"), "href", "equals", hrefAppID, true): Modify property of object successfully

2022-04-01 00:49:58 - [MESSAGE][PASSED] - Modify property of object successfully

2022-04-01 00:49:58 - [TEST_STEP][PASSED] - click(authOnlyKeyboardEntryLink): Object: 'Object Repository/AdminSuiteBootstrap_Pages/VT_Bootstrap/IssueTransactions/a_KeyboardEntry_Sale' is clicked on

2022-04-01 00:49:59 - [MESSAGE][PASSED] - Object: 'Object Repository/AdminSuiteBootstrap_Pages/VT_Bootstrap/IssueTransactions/a_KeyboardEntry_Sale' is clicked on

2022-04-01 00:49:59 - [TEST_STEP][PASSED] - adminSuiteBootstrap.virtualTerminalSetData.saleKeyboard_DataDriven(row, dataFile): adminSuiteBootstrap.virtualTerminalSetData.saleKeyboard_DataDriven is PASSED

2022-04-01 00:50:02 - [MESSAGE][PASSED] - Text 'Janaki James' is set on object 'Object Repository/AdminSuiteBootstrap_Pages/VT_Bootstrap/SaleKeyboard/input_cardName'

2022-04-01 00:50:03 - [MESSAGE][PASSED] - All options with value 'MOTO' are selected in object 'Object Repository/AdminSuiteBootstrap_Pages/VT_Bootstrap/SaleKeyboard/select_transactionCategory'  using regular expression

2022-04-01 00:50:03 - [MESSAGE][PASSED] - Execute JavaScript 'arguments[0].value ='4012000098765439' ' successfully

2022-04-01 00:50:04 - [MESSAGE][PASSED] - Execute JavaScript 'arguments[0].value ='123' ' successfully

2022-04-01 00:50:05 - [MESSAGE][PASSED] - All options with value '12' are selected in object 'Object Repository/AdminSuiteBootstrap_Pages/VT_Bootstrap/SaleKeyboard/select_MM'  using regular expression

2022-04-01 00:50:06 - [MESSAGE][PASSED] - All options with value '2025' are selected in object 'Object Repository/AdminSuiteBootstrap_Pages/VT_Bootstrap/SaleKeyboard/select_YYYY'  using regular expression

2022-04-01 00:50:07 - [MESSAGE][PASSED] - Text '36 Cornor Road' is set on object 'Object Repository/AdminSuiteBootstrap_Pages/VT_Bootstrap/SaleKeyboard/input__address'

2022-04-01 00:50:08 - [MESSAGE][PASSED] - Text 'Suite 500' is set on object 'Object Repository/AdminSuiteBootstrap_Pages/VT_Bootstrap/SaleKeyboard/input__address2'

2022-04-01 00:50:08 - [MESSAGE][PASSED] - Text '22201' is set on object 'Object Repository/AdminSuiteBootstrap_Pages/VT_Bootstrap/SaleKeyboard/input__zip'

2022-04-01 00:50:09 - [MESSAGE][PASSED] - Text '' is set on object 'Object Repository/AdminSuiteBootstrap_Pages/VT_Bootstrap/SaleKeyboard/input_emailAddress'

2022-04-01 00:50:10 - [MESSAGE][PASSED] - Text '' is set on object 'Object Repository/AdminSuiteBootstrap_Pages/VT_Bootstrap/SaleKeyboard/input_smsNumber'

2022-04-01 00:50:11 - [MESSAGE][PASSED] - Text '10.50' is set on object 'Object Repository/AdminSuiteBootstrap_Pages/VT_Bootstrap/SaleKeyboard/input_amount'

2022-04-01 00:50:12 - [MESSAGE][PASSED] - Text 'Australia' is set on object 'Object Repository/AdminSuiteBootstrap_Pages/VT_Bootstrap/SaleKeyboard/input_userDefined1'

2022-04-01 00:50:12 - [MESSAGE][PASSED] - Text 'Denmark' is set on object 'Object Repository/AdminSuiteBootstrap_Pages/VT_Bootstrap/SaleKeyboard/input_userDefined2'

2022-04-01 00:50:13 - [MESSAGE][PASSED] - Text 'Sweden' is set on object 'Object Repository/AdminSuiteBootstrap_Pages/VT_Bootstrap/SaleKeyboard/input_userDefined3'

2022-04-01 00:50:14 - [MESSAGE][PASSED] - Text 'Austria' is set on object 'Object Repository/AdminSuiteBootstrap_Pages/VT_Bootstrap/SaleKeyboard/input_userDefined4'

2022-04-01 00:50:15 - [MESSAGE][PASSED] - All options with label 'Orange' are selected in object 'Object Repository/AdminSuiteBootstrap_Pages/VT_Bootstrap/SaleKeyboard/select_UDF5_DropDown'  using regular expression

2022-04-01 00:50:16 - [MESSAGE][PASSED] - All options with label 'Yellow' are selected in object 'Object Repository/AdminSuiteBootstrap_Pages/VT_Bootstrap/SaleKeyboard/select_UDF6_DropDown'  using regular expression

2022-04-01 00:50:17 - [MESSAGE][PASSED] - Text 'Norway' is set on object 'Object Repository/AdminSuiteBootstrap_Pages/VT_Bootstrap/SaleKeyboard/input_userDefined7'

2022-04-01 00:50:17 - [MESSAGE][PASSED] - Text 'Netherlands' is set on object 'Object Repository/AdminSuiteBootstrap_Pages/VT_Bootstrap/SaleKeyboard/input_userDefined8'

2022-04-01 00:50:18 - [MESSAGE][PASSED] - Text 'Switzerland' is set on object 'Object Repository/AdminSuiteBootstrap_Pages/VT_Bootstrap/SaleKeyboard/input_userDefined9'

2022-04-01 00:50:19 - [MESSAGE][PASSED] - Text 'France' is set on object 'Object Repository/AdminSuiteBootstrap_Pages/VT_Bootstrap/SaleKeyboard/input_userDefined10'

2022-04-01 00:50:20 - [MESSAGE][PASSED] - Object: 'Object Repository/AdminSuiteBootstrap_Pages/VT_Bootstrap/SaleKeyboard/button_Submit' is clicked on

2022-04-01 00:50:20 - [MESSAGE][PASSED] - adminSuiteBootstrap.virtualTerminalSetData.saleKeyboard_DataDriven is PASSED

2022-04-01 00:50:20 - [TEST_STEP][PASSED] - if (verifyTextPresent("Transaction Successful", true)): null

2022-04-01 00:50:21 - [MESSAGE][PASSED] - Text 'Transaction Successful' is present on page  using regular expression

2022-04-01 00:50:21 - [TEST_STEP][PASSED] - sdf = getText(findTestObject(path_Receipt + "td_AutoNoC031622113752957Ahm")): Text of object 'Object Repository/AdminSuiteBootstrap_Pages/VT_Bootstrap/Receipt/td_AutoNoC031622113752957Ahm' is: 'AutoNoC040122004811805Ahm'

2022-04-01 00:50:21 - [MESSAGE][PASSED] - Text of object 'Object Repository/AdminSuiteBootstrap_Pages/VT_Bootstrap/Receipt/td_AutoNoC031622113752957Ahm' is: 'AutoNoC040122004811805Ahm'

2022-04-01 00:50:21 - [TEST_STEP][PASSED] - out.println("sdf: " + sdf): null

2022-04-01 00:50:21 - [TEST_STEP][PASSED] - remID = sdf: null

2022-04-01 00:50:21 - [TEST_STEP][PASSED] - out.println("remID: " + remID): null

2022-04-01 00:50:21 - [TEST_STEP][PASSED] - click(findTestObject(path_Receipt + "button_Continue")): Object: 'Object Repository/AdminSuiteBootstrap_Pages/VT_Bootstrap/Receipt/button_Continue' is clicked on

2022-04-01 00:50:22 - [MESSAGE][PASSED] - Object: 'Object Repository/AdminSuiteBootstrap_Pages/VT_Bootstrap/Receipt/button_Continue' is clicked on

2022-04-01 00:50:22 - [TEST_STEP][PASSED] - click(findTestObject(path_VT + "a_Search Transactions")): Object: 'Object Repository/AdminSuiteBootstrap_Pages/VT_Bootstrap/IssueTransactions/a_Search Transactions' is clicked on

2022-04-01 00:50:23 - [MESSAGE][PASSED] - Object: 'Object Repository/AdminSuiteBootstrap_Pages/VT_Bootstrap/IssueTransactions/a_Search Transactions' is clicked on

2022-04-01 00:50:23 - [TEST_STEP][PASSED] - setText(findTestObject(path_CCSearch + "input_Search By_searchValue"), remID): Text 'AutoNoC040122004811805Ahm' is set on object 'Object Repository/AdminSuiteBootstrap_Pages/VT_Bootstrap/CCCreditOrVoidSearch/input_Search By_searchValue'

2022-04-01 00:50:24 - [MESSAGE][PASSED] - Text 'AutoNoC040122004811805Ahm' is set on object 'Object Repository/AdminSuiteBootstrap_Pages/VT_Bootstrap/CCCreditOrVoidSearch/input_Search By_searchValue'

2022-04-01 00:50:24 - [TEST_STEP][PASSED] - click(findTestObject(path_CCSearch + "option_Authorization")): Object: 'Object Repository/AdminSuiteBootstrap_Pages/VT_Bootstrap/CCCreditOrVoidSearch/option_Authorization' is clicked on

2022-04-01 00:50:24 - [MESSAGE][PASSED] - Object: 'Object Repository/AdminSuiteBootstrap_Pages/VT_Bootstrap/CCCreditOrVoidSearch/option_Authorization' is clicked on

2022-04-01 00:50:24 - [TEST_STEP][PASSED] - click(findTestObject(path_CCSearch + "button_Submit")): Object: 'Object Repository/AdminSuiteBootstrap_Pages/VT_Bootstrap/CCCreditOrVoidSearch/button_Submit' is clicked on

2022-04-01 00:50:25 - [MESSAGE][PASSED] - Object: 'Object Repository/AdminSuiteBootstrap_Pages/VT_Bootstrap/CCCreditOrVoidSearch/button_Submit' is clicked on

2022-04-01 00:50:25 - [TEST_STEP][PASSED] - fgr = getText(findTestObject(path_SearchResults + "div_Payment ID")): Text of object 'Object Repository/AdminSuiteBootstrap_Pages/VT_Bootstrap/SearchResults/div_Payment ID' is: 'Payment ID
Payment Type
Transaction Type
Remittance ID
Name
Total Amount
End Date
Status
12114398 Credit Card Authorization AutoNoC040122004811805Ahm Janaki James $10.50 04/01/2022 Success'

2022-04-01 00:50:26 - [MESSAGE][PASSED] - Text of object 'Object Repository/AdminSuiteBootstrap_Pages/VT_Bootstrap/SearchResults/div_Payment ID' is: 'Payment ID
Payment Type
Transaction Type
Remittance ID
Name
Total Amount
End Date
Status
12114398 Credit Card Authorization AutoNoC040122004811805Ahm Janaki James $10.50 04/01/2022 Success'

2022-04-01 00:50:26 - [TEST_STEP][PASSED] - payID = substring(89, 98).trim(): null

2022-04-01 00:50:26 - [TEST_STEP][PASSED] - out.println("payID: " + payID): null

2022-04-01 00:50:26 - [TEST_STEP][PASSED] - click(findTestObject(path_SearchResults + "button_PaymentID")): Object: 'Object Repository/AdminSuiteBootstrap_Pages/VT_Bootstrap/SearchResults/button_PaymentID' is clicked on

2022-04-01 00:50:26 - [MESSAGE][PASSED] - Object: 'Object Repository/AdminSuiteBootstrap_Pages/VT_Bootstrap/SearchResults/button_PaymentID' is clicked on

2022-04-01 00:50:27 - [TEST_STEP][PASSED] - verifyTextPresent("Tender Type", true): Text 'Tender Type' is present on page  using regular expression

2022-04-01 00:50:27 - [MESSAGE][PASSED] - Text 'Tender Type' is present on page  using regular expression

2022-04-01 00:50:27 - [TEST_STEP][PASSED] - verifyTextPresent("Credit Card", true): Text 'Credit Card' is present on page  using regular expression

2022-04-01 00:50:27 - [MESSAGE][PASSED] - Text 'Credit Card' is present on page  using regular expression

2022-04-01 00:50:27 - [TEST_STEP][PASSED] - verifyTextPresent("Transaction Type", true): Text 'Transaction Type' is present on page  using regular expression

2022-04-01 00:50:28 - [MESSAGE][PASSED] - Text 'Transaction Type' is present on page  using regular expression

2022-04-01 00:50:28 - [TEST_STEP][PASSED] - verifyTextPresent("Authorization", true): Text 'Authorization' is present on page  using regular expression

2022-04-01 00:50:28 - [MESSAGE][PASSED] - Text 'Authorization' is present on page  using regular expression

2022-04-01 00:50:28 - [TEST_STEP][PASSED] - verifyTextPresent("Transaction Posted by", true): Text 'Transaction Posted by' is present on page  using regular expression

2022-04-01 00:50:29 - [MESSAGE][PASSED] - Text 'Transaction Posted by' is present on page  using regular expression

2022-04-01 00:50:29 - [TEST_STEP][PASSED] - verifyTextPresent("iahmed", true): Text 'iahmed' is present on page  using regular expression

2022-04-01 00:50:29 - [MESSAGE][PASSED] - Text 'iahmed' is present on page  using regular expression

2022-04-01 00:50:29 - [TEST_STEP][PASSED] - click(findTestObject(path_TranxDetails + "a_Capture this transaction")): Object: 'Object Repository/AdminSuiteBootstrap_Pages/VT_Bootstrap/TransactionDetails/a_Capture this transaction' is clicked on

2022-04-01 00:50:30 - [MESSAGE][PASSED] - Object: 'Object Repository/AdminSuiteBootstrap_Pages/VT_Bootstrap/TransactionDetails/a_Capture this transaction' is clicked on

2022-04-01 00:50:30 - [TEST_STEP][PASSED] - verifyTextPresent("Credit Card Capture", true): Text 'Credit Card Capture' is present on page  using regular expression

2022-04-01 00:50:31 - [MESSAGE][PASSED] - Text 'Credit Card Capture' is present on page  using regular expression

2022-04-01 00:50:31 - [TEST_STEP][PASSED] - captureAmount = findTestData(dataFile).getValue("CaptureAmount", row): null

2022-04-01 00:50:31 - [TEST_STEP][PASSED] - setText(findTestObject(path_SaleKB + "input_amountCapture"), captureAmount): Text '8.50' is set on object 'Object Repository/AdminSuiteBootstrap_Pages/VT_Bootstrap/SaleKeyboard/input_amountCapture'

2022-04-01 00:50:31 - [MESSAGE][PASSED] - Text '8.50' is set on object 'Object Repository/AdminSuiteBootstrap_Pages/VT_Bootstrap/SaleKeyboard/input_amountCapture'

2022-04-01 00:50:31 - [TEST_STEP][PASSED] - click(findTestObject(path_TranxDetails + "button_Submit")): Object: 'Object Repository/AdminSuiteBootstrap_Pages/VT_Bootstrap/TransactionDetails/button_Submit' is clicked on

2022-04-01 00:50:33 - [MESSAGE][PASSED] - Object: 'Object Repository/AdminSuiteBootstrap_Pages/VT_Bootstrap/TransactionDetails/button_Submit' is clicked on

2022-04-01 00:50:33 - [TEST_STEP][PASSED] - if (verifyTextPresent("Transaction Successful", true)): null

2022-04-01 00:50:34 - [MESSAGE][PASSED] - Text 'Transaction Successful' is present on page  using regular expression

2022-04-01 00:50:34 - [TEST_STEP][PASSED] - verifyTextPresent("Transaction Type", true): Text 'Transaction Type' is present on page  using regular expression

2022-04-01 00:50:34 - [MESSAGE][PASSED] - Text 'Transaction Type' is present on page  using regular expression

2022-04-01 00:50:34 - [TEST_STEP][PASSED] - verifyTextPresent("Capture", true): Text 'Capture' is present on page  using regular expression

2022-04-01 00:50:34 - [MESSAGE][PASSED] - Text 'Capture' is present on page  using regular expression

2022-04-01 00:50:34 - [TEST_STEP][PASSED] - verifyTextPresent("Amount", true): Text 'Amount' is present on page  using regular expression

2022-04-01 00:50:35 - [MESSAGE][PASSED] - Text 'Amount' is present on page  using regular expression

2022-04-01 00:50:35 - [TEST_STEP][PASSED] - verifyTextPresent(captureAmount, true): Text '8.50' is present on page  using regular expression

2022-04-01 00:50:35 - [MESSAGE][PASSED] - Text '8.50' is present on page  using regular expression

2022-04-01 00:50:35 - [TEST_STEP][PASSED] - sdf = getText(findTestObject(path_Receipt + "td_AutoNoC031622113752957Ahm")): Text of object 'Object Repository/AdminSuiteBootstrap_Pages/VT_Bootstrap/Receipt/td_AutoNoC031622113752957Ahm' is: 'AutoNoC040122004811805Ahm'

2022-04-01 00:50:36 - [MESSAGE][PASSED] - Text of object 'Object Repository/AdminSuiteBootstrap_Pages/VT_Bootstrap/Receipt/td_AutoNoC031622113752957Ahm' is: 'AutoNoC040122004811805Ahm'

2022-04-01 00:50:36 - [TEST_STEP][PASSED] - out.println("sdf: " + sdf): null

2022-04-01 00:50:36 - [TEST_STEP][PASSED] - remID = sdf: null

2022-04-01 00:50:36 - [TEST_STEP][PASSED] - out.println("remID: " + remID): null

2022-04-01 00:50:36 - [TEST_STEP][PASSED] - click(findTestObject(path_Receipt + "button_Continue")): Object: 'Object Repository/AdminSuiteBootstrap_Pages/VT_Bootstrap/Receipt/button_Continue' is clicked on

2022-04-01 00:50:36 - [MESSAGE][PASSED] - Object: 'Object Repository/AdminSuiteBootstrap_Pages/VT_Bootstrap/Receipt/button_Continue' is clicked on

2022-04-01 00:50:36 - [TEST_STEP][PASSED] - click(findTestObject(path_VT + "a_Search Transactions")): Object: 'Object Repository/AdminSuiteBootstrap_Pages/VT_Bootstrap/IssueTransactions/a_Search Transactions' is clicked on

2022-04-01 00:50:37 - [MESSAGE][PASSED] - Object: 'Object Repository/AdminSuiteBootstrap_Pages/VT_Bootstrap/IssueTransactions/a_Search Transactions' is clicked on

2022-04-01 00:50:37 - [TEST_STEP][PASSED] - setText(findTestObject(path_CCSearch + "input_Search By_searchValue"), remID): Text 'AutoNoC040122004811805Ahm' is set on object 'Object Repository/AdminSuiteBootstrap_Pages/VT_Bootstrap/CCCreditOrVoidSearch/input_Search By_searchValue'

2022-04-01 00:50:38 - [MESSAGE][PASSED] - Text 'AutoNoC040122004811805Ahm' is set on object 'Object Repository/AdminSuiteBootstrap_Pages/VT_Bootstrap/CCCreditOrVoidSearch/input_Search By_searchValue'

2022-04-01 00:50:38 - [TEST_STEP][PASSED] - click(findTestObject(path_CCSearch + "option_Capture (Sale)")): Object: 'Object Repository/AdminSuiteBootstrap_Pages/VT_Bootstrap/CCCreditOrVoidSearch/option_Capture (Sale)' is clicked on

2022-04-01 00:50:39 - [MESSAGE][PASSED] - Object: 'Object Repository/AdminSuiteBootstrap_Pages/VT_Bootstrap/CCCreditOrVoidSearch/option_Capture (Sale)' is clicked on

2022-04-01 00:50:39 - [TEST_STEP][PASSED] - click(findTestObject(path_CCSearch + "button_Submit")): Object: 'Object Repository/AdminSuiteBootstrap_Pages/VT_Bootstrap/CCCreditOrVoidSearch/button_Submit' is clicked on

2022-04-01 00:50:39 - [MESSAGE][PASSED] - Object: 'Object Repository/AdminSuiteBootstrap_Pages/VT_Bootstrap/CCCreditOrVoidSearch/button_Submit' is clicked on

2022-04-01 00:50:39 - [TEST_STEP][PASSED] - fgr = getText(findTestObject(path_SearchResults + "div_Payment ID")): Text of object 'Object Repository/AdminSuiteBootstrap_Pages/VT_Bootstrap/SearchResults/div_Payment ID' is: 'Payment ID
Payment Type
Transaction Type
Remittance ID
Name
Total Amount
End Date
Status
12114399 Credit Card Capture AutoNoC040122004811805Ahm Janaki James $8.50 04/01/2022 Success'

2022-04-01 00:50:40 - [MESSAGE][PASSED] - Text of object 'Object Repository/AdminSuiteBootstrap_Pages/VT_Bootstrap/SearchResults/div_Payment ID' is: 'Payment ID
Payment Type
Transaction Type
Remittance ID
Name
Total Amount
End Date
Status
12114399 Credit Card Capture AutoNoC040122004811805Ahm Janaki James $8.50 04/01/2022 Success'

2022-04-01 00:50:40 - [TEST_STEP][PASSED] - payID = substring(89, 98).trim(): null

2022-04-01 00:50:40 - [TEST_STEP][PASSED] - out.println("payID: " + payID): null

2022-04-01 00:50:40 - [TEST_STEP][PASSED] - click(findTestObject(path_SearchResults + "button_PaymentID")): Object: 'Object Repository/AdminSuiteBootstrap_Pages/VT_Bootstrap/SearchResults/button_PaymentID' is clicked on

2022-04-01 00:50:41 - [MESSAGE][PASSED] - Object: 'Object Repository/AdminSuiteBootstrap_Pages/VT_Bootstrap/SearchResults/button_PaymentID' is clicked on

2022-04-01 00:50:41 - [TEST_STEP][PASSED] - click(findTestObject(path_TranxDetails + "a_Void this transaction")): Object: 'Object Repository/AdminSuiteBootstrap_Pages/VT_Bootstrap/TransactionDetails/a_Void this transaction' is clicked on

2022-04-01 00:50:42 - [MESSAGE][PASSED] - Object: 'Object Repository/AdminSuiteBootstrap_Pages/VT_Bootstrap/TransactionDetails/a_Void this transaction' is clicked on

2022-04-01 00:50:42 - [TEST_STEP][PASSED] - verifyTextPresent("The following transaction will be voided", true): Text 'The following transaction will be voided' is present on page  using regular expression

2022-04-01 00:50:42 - [MESSAGE][PASSED] - Text 'The following transaction will be voided' is present on page  using regular expression

2022-04-01 00:50:42 - [TEST_STEP][PASSED] - verifyTextPresent("Please press submit to continue", true): Text 'Please press submit to continue' is present on page  using regular expression

2022-04-01 00:50:43 - [MESSAGE][PASSED] - Text 'Please press submit to continue' is present on page  using regular expression

2022-04-01 00:50:43 - [TEST_STEP][PASSED] - click(findTestObject(path_TranxDetails + "button_Submit")): Object: 'Object Repository/AdminSuiteBootstrap_Pages/VT_Bootstrap/TransactionDetails/button_Submit' is clicked on

2022-04-01 00:50:44 - [MESSAGE][PASSED] - Object: 'Object Repository/AdminSuiteBootstrap_Pages/VT_Bootstrap/TransactionDetails/button_Submit' is clicked on

2022-04-01 00:50:44 - [TEST_STEP][PASSED] - verifyTextPresent("Transaction Successful", true): Text 'Transaction Successful' is present on page  using regular expression

2022-04-01 00:50:45 - [MESSAGE][PASSED] - Text 'Transaction Successful' is present on page  using regular expression

2022-04-01 00:50:45 - [TEST_STEP][PASSED] - verifyTextPresent("Transaction Type", true): Text 'Transaction Type' is present on page  using regular expression

2022-04-01 00:50:45 - [MESSAGE][PASSED] - Text 'Transaction Type' is present on page  using regular expression

2022-04-01 00:50:45 - [TEST_STEP][PASSED] - verifyTextPresent("Void", true): Text 'Void' is present on page  using regular expression

2022-04-01 00:50:46 - [MESSAGE][PASSED] - Text 'Void' is present on page  using regular expression

2022-04-01 00:50:46 - [TEST_STEP][PASSED] - closeBrowser(): Browser is closed

2022-04-01 00:50:47 - [MESSAGE][PASSED] - Browser is closed

2022-04-01 00:50:47 - [TEST_STEP][PASSED] - ExecuteTC = findTestData(dataFile).getValue("Execute", row): null

2022-04-01 00:50:47 - [TEST_STEP][PASSED] - out.println("Value of Execute is : " + ExecuteTC): null

2022-04-01 00:50:47 - [TEST_STEP][PASSED] - switch (executionProfile): null

2022-04-01 00:50:47 - [TEST_STEP][PASSED] - case "QAProfile":: null

2022-04-01 00:50:47 - [TEST_STEP][PASSED] - appName = findTestData(dataFile).getValue("AppNameQA", row): null

2022-04-01 00:50:47 - [TEST_STEP][PASSED] - appID = findTestData(dataFile).getValue("AppIDQA", row): null

2022-04-01 00:50:47 - [TEST_STEP][PASSED] - break: null

2022-04-01 00:50:47 - [TEST_STEP][PASSED] - hrefAppID = li_1 + appID + li_2: null

2022-04-01 00:50:47 - [TEST_STEP][PASSED] - hrefApp = li_1 + appID + "/": null

2022-04-01 00:50:47 - [TEST_STEP][PASSED] - println("hrefApp : " + hrefApp): null

2022-04-01 00:50:47 - [TEST_STEP][PASSED] - if (ExecuteTC.equalsIgnoreCase("Y")): null

2022-04-01 00:50:47 - [TEST_STEP][PASSED] - out.println("Begin Record Number: " + row): null

2022-04-01 00:50:47 - [TEST_STEP][PASSED] - today = new java.util.Date(): null

2022-04-01 00:50:47 - [TEST_STEP][PASSED] - println(today): null

2022-04-01 00:50:47 - [TEST_STEP][PASSED] - datText = today: null

2022-04-01 00:50:47 - [TEST_STEP][PASSED] - adminSuiteBootstrap.loginFunctionality.login_AdminSuite(): adminSuiteBootstrap.loginFunctionality.login_AdminSuite is PASSED

2022-04-01 00:50:47 - [MESSAGE][INFO] - Starting 'Chrome' driver

2022-04-01 00:50:47 - [MESSAGE][INFO] - User set preference: ['acceptInsecureCerts', 'true']

2022-04-01 00:50:47 - [MESSAGE][INFO] - Action delay is set to 0 milliseconds

2022-04-01 00:50:50 - [MESSAGE][PASSED] - Browser is opened with url: 'https://qa.velocitypayment.com/admin/imtiaz'

2022-04-01 00:50:50 - [MESSAGE][PASSED] - Current window maximized

2022-04-01 00:50:50 - [MESSAGE][PASSED] - Object 'Object Repository/Login_Page/Login_Username' is present

2022-04-01 00:50:51 - [MESSAGE][PASSED] - Text 'iahmed' is set on object 'Object Repository/Login_Page/Login_Username'

2022-04-01 00:50:52 - [MESSAGE][PASSED] - Text 'hello2222' is set on object 'Object Repository/Login_Page/Login_Password'

2022-04-01 00:50:54 - [MESSAGE][PASSED] - Object: 'Object Repository/Login_Page/Login_Submit' is clicked on

2022-04-01 00:50:54 - [MESSAGE][PASSED] - adminSuiteBootstrap.loginFunctionality.login_AdminSuite is PASSED

2022-04-01 00:50:54 - [TEST_STEP][PASSED] - click(findTestObject(path_Dashboard + appName)): Object: 'Object Repository/AdminSuiteBootstrap_Pages/Dashboard_Bootstrap/a_Access AutoSingleCFtpQA' is clicked on

2022-04-01 00:50:55 - [MESSAGE][PASSED] - Object: 'Object Repository/AdminSuiteBootstrap_Pages/Dashboard_Bootstrap/a_Access AutoSingleCFtpQA' is clicked on

2022-04-01 00:50:55 - [TEST_STEP][PASSED] - click(findTestObject(path_VT + "button_Authorization Only")): Object: 'Object Repository/AdminSuiteBootstrap_Pages/VT_Bootstrap/IssueTransactions/button_Authorization Only' is clicked on

2022-04-01 00:50:56 - [MESSAGE][PASSED] - Object: 'Object Repository/AdminSuiteBootstrap_Pages/VT_Bootstrap/IssueTransactions/button_Authorization Only' is clicked on

2022-04-01 00:50:56 - [TEST_STEP][PASSED] - authOnlyKeyboardEntryLink = modifyObjectProperty(findTestObject(path_VT + "a_KeyboardEntry_Sale"), "href", "equals", hrefAppID, true): Modify property of object successfully

2022-04-01 00:50:56 - [MESSAGE][PASSED] - Modify property of object successfully

2022-04-01 00:50:56 - [TEST_STEP][PASSED] - click(authOnlyKeyboardEntryLink): Object: 'Object Repository/AdminSuiteBootstrap_Pages/VT_Bootstrap/IssueTransactions/a_KeyboardEntry_Sale' is clicked on

2022-04-01 00:50:57 - [MESSAGE][PASSED] - Object: 'Object Repository/AdminSuiteBootstrap_Pages/VT_Bootstrap/IssueTransactions/a_KeyboardEntry_Sale' is clicked on

2022-04-01 00:50:57 - [TEST_STEP][PASSED] - adminSuiteBootstrap.virtualTerminalSetData.saleKeyboard_DataDriven(row, dataFile): adminSuiteBootstrap.virtualTerminalSetData.saleKeyboard_DataDriven is PASSED

2022-04-01 00:51:00 - [MESSAGE][PASSED] - Text 'Tulsi Raman' is set on object 'Object Repository/AdminSuiteBootstrap_Pages/VT_Bootstrap/SaleKeyboard/input_cardName'

2022-04-01 00:51:01 - [MESSAGE][PASSED] - All options with value 'RETL' are selected in object 'Object Repository/AdminSuiteBootstrap_Pages/VT_Bootstrap/SaleKeyboard/select_transactionCategory'  using regular expression

2022-04-01 00:51:01 - [MESSAGE][PASSED] - Execute JavaScript 'arguments[0].value ='5146312200000035' ' successfully

2022-04-01 00:51:02 - [MESSAGE][PASSED] - Execute JavaScript 'arguments[0].value ='123' ' successfully

2022-04-01 00:51:03 - [MESSAGE][PASSED] - All options with value '12' are selected in object 'Object Repository/AdminSuiteBootstrap_Pages/VT_Bootstrap/SaleKeyboard/select_MM'  using regular expression

2022-04-01 00:51:04 - [MESSAGE][PASSED] - All options with value '2025' are selected in object 'Object Repository/AdminSuiteBootstrap_Pages/VT_Bootstrap/SaleKeyboard/select_YYYY'  using regular expression

2022-04-01 00:51:05 - [MESSAGE][PASSED] - Text '1478 Jhatka Palace' is set on object 'Object Repository/AdminSuiteBootstrap_Pages/VT_Bootstrap/SaleKeyboard/input__address'

2022-04-01 00:51:05 - [MESSAGE][PASSED] - Text 'Suite 500' is set on object 'Object Repository/AdminSuiteBootstrap_Pages/VT_Bootstrap/SaleKeyboard/input__address2'

2022-04-01 00:51:06 - [MESSAGE][PASSED] - Text '22201' is set on object 'Object Repository/AdminSuiteBootstrap_Pages/VT_Bootstrap/SaleKeyboard/input__zip'

2022-04-01 00:51:07 - [MESSAGE][PASSED] - Text '' is set on object 'Object Repository/AdminSuiteBootstrap_Pages/VT_Bootstrap/SaleKeyboard/input_emailAddress'

2022-04-01 00:51:08 - [MESSAGE][PASSED] - Text '' is set on object 'Object Repository/AdminSuiteBootstrap_Pages/VT_Bootstrap/SaleKeyboard/input_smsNumber'

2022-04-01 00:51:09 - [MESSAGE][PASSED] - Text '10.50' is set on object 'Object Repository/AdminSuiteBootstrap_Pages/VT_Bootstrap/SaleKeyboard/input_amount'

2022-04-01 00:51:10 - [MESSAGE][PASSED] - Text 'Australia' is set on object 'Object Repository/AdminSuiteBootstrap_Pages/VT_Bootstrap/SaleKeyboard/input_userDefined1'

2022-04-01 00:51:11 - [MESSAGE][PASSED] - Text 'Denmark' is set on object 'Object Repository/AdminSuiteBootstrap_Pages/VT_Bootstrap/SaleKeyboard/input_userDefined2'

2022-04-01 00:51:11 - [MESSAGE][PASSED] - Text 'Sweden' is set on object 'Object Repository/AdminSuiteBootstrap_Pages/VT_Bootstrap/SaleKeyboard/input_userDefined3'

2022-04-01 00:51:12 - [MESSAGE][PASSED] - Text 'Austria' is set on object 'Object Repository/AdminSuiteBootstrap_Pages/VT_Bootstrap/SaleKeyboard/input_userDefined4'

2022-04-01 00:51:13 - [MESSAGE][PASSED] - All options with label 'Orange' are selected in object 'Object Repository/AdminSuiteBootstrap_Pages/VT_Bootstrap/SaleKeyboard/select_UDF5_DropDown'  using regular expression

2022-04-01 00:51:14 - [MESSAGE][PASSED] - All options with label 'Yellow' are selected in object 'Object Repository/AdminSuiteBootstrap_Pages/VT_Bootstrap/SaleKeyboard/select_UDF6_DropDown'  using regular expression

2022-04-01 00:51:15 - [MESSAGE][PASSED] - Text 'Norway' is set on object 'Object Repository/AdminSuiteBootstrap_Pages/VT_Bootstrap/SaleKeyboard/input_userDefined7'

2022-04-01 00:51:16 - [MESSAGE][PASSED] - Text 'Netherlands' is set on object 'Object Repository/AdminSuiteBootstrap_Pages/VT_Bootstrap/SaleKeyboard/input_userDefined8'

2022-04-01 00:51:16 - [MESSAGE][PASSED] - Text 'Switzerland' is set on object 'Object Repository/AdminSuiteBootstrap_Pages/VT_Bootstrap/SaleKeyboard/input_userDefined9'

2022-04-01 00:51:17 - [MESSAGE][PASSED] - Text 'France' is set on object 'Object Repository/AdminSuiteBootstrap_Pages/VT_Bootstrap/SaleKeyboard/input_userDefined10'

2022-04-01 00:51:18 - [MESSAGE][PASSED] - Object: 'Object Repository/AdminSuiteBootstrap_Pages/VT_Bootstrap/SaleKeyboard/button_Submit' is clicked on

2022-04-01 00:51:18 - [MESSAGE][PASSED] - adminSuiteBootstrap.virtualTerminalSetData.saleKeyboard_DataDriven is PASSED

2022-04-01 00:51:18 - [TEST_STEP][PASSED] - if (verifyTextPresent("Transaction Successful", true)): null

2022-04-01 00:51:19 - [MESSAGE][PASSED] - Text 'Transaction Successful' is present on page  using regular expression

2022-04-01 00:51:19 - [TEST_STEP][PASSED] - sdf = getText(findTestObject(path_Receipt + "td_AutoNoC031622113752957Ahm")): Text of object 'Object Repository/AdminSuiteBootstrap_Pages/VT_Bootstrap/Receipt/td_AutoNoC031622113752957Ahm' is: 'AutoSin040122004909514Ahm'

2022-04-01 00:51:19 - [MESSAGE][PASSED] - Text of object 'Object Repository/AdminSuiteBootstrap_Pages/VT_Bootstrap/Receipt/td_AutoNoC031622113752957Ahm' is: 'AutoSin040122004909514Ahm'

2022-04-01 00:51:19 - [TEST_STEP][PASSED] - out.println("sdf: " + sdf): null

2022-04-01 00:51:19 - [TEST_STEP][PASSED] - remID = sdf: null

2022-04-01 00:51:19 - [TEST_STEP][PASSED] - out.println("remID: " + remID): null

2022-04-01 00:51:19 - [TEST_STEP][PASSED] - click(findTestObject(path_Receipt + "button_Continue")): Object: 'Object Repository/AdminSuiteBootstrap_Pages/VT_Bootstrap/Receipt/button_Continue' is clicked on

2022-04-01 00:51:20 - [MESSAGE][PASSED] - Object: 'Object Repository/AdminSuiteBootstrap_Pages/VT_Bootstrap/Receipt/button_Continue' is clicked on

2022-04-01 00:51:20 - [TEST_STEP][PASSED] - click(findTestObject(path_VT + "a_Search Transactions")): Object: 'Object Repository/AdminSuiteBootstrap_Pages/VT_Bootstrap/IssueTransactions/a_Search Transactions' is clicked on

2022-04-01 00:51:21 - [MESSAGE][PASSED] - Object: 'Object Repository/AdminSuiteBootstrap_Pages/VT_Bootstrap/IssueTransactions/a_Search Transactions' is clicked on

2022-04-01 00:51:21 - [TEST_STEP][PASSED] - setText(findTestObject(path_CCSearch + "input_Search By_searchValue"), remID): Text 'AutoSin040122004909514Ahm' is set on object 'Object Repository/AdminSuiteBootstrap_Pages/VT_Bootstrap/CCCreditOrVoidSearch/input_Search By_searchValue'

2022-04-01 00:51:22 - [MESSAGE][PASSED] - Text 'AutoSin040122004909514Ahm' is set on object 'Object Repository/AdminSuiteBootstrap_Pages/VT_Bootstrap/CCCreditOrVoidSearch/input_Search By_searchValue'

2022-04-01 00:51:22 - [TEST_STEP][PASSED] - click(findTestObject(path_CCSearch + "option_Authorization")): Object: 'Object Repository/AdminSuiteBootstrap_Pages/VT_Bootstrap/CCCreditOrVoidSearch/option_Authorization' is clicked on

2022-04-01 00:51:22 - [MESSAGE][PASSED] - Object: 'Object Repository/AdminSuiteBootstrap_Pages/VT_Bootstrap/CCCreditOrVoidSearch/option_Authorization' is clicked on

2022-04-01 00:51:22 - [TEST_STEP][PASSED] - click(findTestObject(path_CCSearch + "button_Submit")): Object: 'Object Repository/AdminSuiteBootstrap_Pages/VT_Bootstrap/CCCreditOrVoidSearch/button_Submit' is clicked on

2022-04-01 00:51:23 - [MESSAGE][PASSED] - Object: 'Object Repository/AdminSuiteBootstrap_Pages/VT_Bootstrap/CCCreditOrVoidSearch/button_Submit' is clicked on

2022-04-01 00:51:23 - [TEST_STEP][PASSED] - fgr = getText(findTestObject(path_SearchResults + "div_Payment ID")): Text of object 'Object Repository/AdminSuiteBootstrap_Pages/VT_Bootstrap/SearchResults/div_Payment ID' is: 'Payment ID
Payment Type
Transaction Type
Remittance ID
Name
Total Amount
End Date
Status
12114401 Credit Card Authorization AutoSin040122004909514Ahm Tulsi Raman $15.50 04/01/2022 Success'

2022-04-01 00:51:24 - [MESSAGE][PASSED] - Text of object 'Object Repository/AdminSuiteBootstrap_Pages/VT_Bootstrap/SearchResults/div_Payment ID' is: 'Payment ID
Payment Type
Transaction Type
Remittance ID
Name
Total Amount
End Date
Status
12114401 Credit Card Authorization AutoSin040122004909514Ahm Tulsi Raman $15.50 04/01/2022 Success'

2022-04-01 00:51:24 - [TEST_STEP][PASSED] - payID = substring(89, 98).trim(): null

2022-04-01 00:51:24 - [TEST_STEP][PASSED] - out.println("payID: " + payID): null

2022-04-01 00:51:24 - [TEST_STEP][PASSED] - click(findTestObject(path_SearchResults + "button_PaymentID")): Object: 'Object Repository/AdminSuiteBootstrap_Pages/VT_Bootstrap/SearchResults/button_PaymentID' is clicked on

2022-04-01 00:51:25 - [MESSAGE][PASSED] - Object: 'Object Repository/AdminSuiteBootstrap_Pages/VT_Bootstrap/SearchResults/button_PaymentID' is clicked on

2022-04-01 00:51:25 - [TEST_STEP][PASSED] - verifyTextPresent("Tender Type", true): Text 'Tender Type' is present on page  using regular expression

2022-04-01 00:51:25 - [MESSAGE][PASSED] - Text 'Tender Type' is present on page  using regular expression

2022-04-01 00:51:25 - [TEST_STEP][PASSED] - verifyTextPresent("Credit Card", true): Text 'Credit Card' is present on page  using regular expression

2022-04-01 00:51:26 - [MESSAGE][PASSED] - Text 'Credit Card' is present on page  using regular expression

2022-04-01 00:51:26 - [TEST_STEP][PASSED] - verifyTextPresent("Transaction Type", true): Text 'Transaction Type' is present on page  using regular expression

2022-04-01 00:51:26 - [MESSAGE][PASSED] - Text 'Transaction Type' is present on page  using regular expression

2022-04-01 00:51:26 - [TEST_STEP][PASSED] - verifyTextPresent("Authorization", true): Text 'Authorization' is present on page  using regular expression

2022-04-01 00:51:26 - [MESSAGE][PASSED] - Text 'Authorization' is present on page  using regular expression

2022-04-01 00:51:26 - [TEST_STEP][PASSED] - verifyTextPresent("Transaction Posted by", true): Text 'Transaction Posted by' is present on page  using regular expression

2022-04-01 00:51:27 - [MESSAGE][PASSED] - Text 'Transaction Posted by' is present on page  using regular expression

2022-04-01 00:51:27 - [TEST_STEP][PASSED] - verifyTextPresent("iahmed", true): Text 'iahmed' is present on page  using regular expression

2022-04-01 00:51:27 - [MESSAGE][PASSED] - Text 'iahmed' is present on page  using regular expression

2022-04-01 00:51:27 - [TEST_STEP][PASSED] - click(findTestObject(path_TranxDetails + "a_Capture this transaction")): Object: 'Object Repository/AdminSuiteBootstrap_Pages/VT_Bootstrap/TransactionDetails/a_Capture this transaction' is clicked on

2022-04-01 00:51:28 - [MESSAGE][PASSED] - Object: 'Object Repository/AdminSuiteBootstrap_Pages/VT_Bootstrap/TransactionDetails/a_Capture this transaction' is clicked on

2022-04-01 00:51:28 - [TEST_STEP][PASSED] - verifyTextPresent("Credit Card Capture", true): Text 'Credit Card Capture' is present on page  using regular expression

2022-04-01 00:51:29 - [MESSAGE][PASSED] - Text 'Credit Card Capture' is present on page  using regular expression

2022-04-01 00:51:29 - [TEST_STEP][PASSED] - captureAmount = findTestData(dataFile).getValue("CaptureAmount", row): null

2022-04-01 00:51:29 - [TEST_STEP][PASSED] - setText(findTestObject(path_SaleKB + "input_amountCapture"), captureAmount): Text '10.50' is set on object 'Object Repository/AdminSuiteBootstrap_Pages/VT_Bootstrap/SaleKeyboard/input_amountCapture'

2022-04-01 00:51:29 - [MESSAGE][PASSED] - Text '10.50' is set on object 'Object Repository/AdminSuiteBootstrap_Pages/VT_Bootstrap/SaleKeyboard/input_amountCapture'

2022-04-01 00:51:29 - [TEST_STEP][PASSED] - click(findTestObject(path_TranxDetails + "button_Submit")): Object: 'Object Repository/AdminSuiteBootstrap_Pages/VT_Bootstrap/TransactionDetails/button_Submit' is clicked on

2022-04-01 00:51:31 - [MESSAGE][PASSED] - Object: 'Object Repository/AdminSuiteBootstrap_Pages/VT_Bootstrap/TransactionDetails/button_Submit' is clicked on

2022-04-01 00:51:31 - [TEST_STEP][PASSED] - if (verifyTextPresent("Transaction Successful", true)): null

2022-04-01 00:51:32 - [MESSAGE][PASSED] - Text 'Transaction Successful' is present on page  using regular expression

2022-04-01 00:51:32 - [TEST_STEP][PASSED] - verifyTextPresent("Transaction Type", true): Text 'Transaction Type' is present on page  using regular expression

2022-04-01 00:51:32 - [MESSAGE][PASSED] - Text 'Transaction Type' is present on page  using regular expression

2022-04-01 00:51:32 - [TEST_STEP][PASSED] - verifyTextPresent("Capture", true): Text 'Capture' is present on page  using regular expression

2022-04-01 00:51:33 - [MESSAGE][PASSED] - Text 'Capture' is present on page  using regular expression

2022-04-01 00:51:33 - [TEST_STEP][PASSED] - verifyTextPresent("Amount", true): Text 'Amount' is present on page  using regular expression

2022-04-01 00:51:33 - [MESSAGE][PASSED] - Text 'Amount' is present on page  using regular expression

2022-04-01 00:51:33 - [TEST_STEP][PASSED] - verifyTextPresent(captureAmount, true): Text '10.50' is present on page  using regular expression

2022-04-01 00:51:33 - [MESSAGE][PASSED] - Text '10.50' is present on page  using regular expression

2022-04-01 00:51:33 - [TEST_STEP][PASSED] - sdf = getText(findTestObject(path_Receipt + "td_AutoNoC031622113752957Ahm")): Text of object 'Object Repository/AdminSuiteBootstrap_Pages/VT_Bootstrap/Receipt/td_AutoNoC031622113752957Ahm' is: 'AutoSin040122004909514Ahm'

2022-04-01 00:51:34 - [MESSAGE][PASSED] - Text of object 'Object Repository/AdminSuiteBootstrap_Pages/VT_Bootstrap/Receipt/td_AutoNoC031622113752957Ahm' is: 'AutoSin040122004909514Ahm'

2022-04-01 00:51:34 - [TEST_STEP][PASSED] - out.println("sdf: " + sdf): null

2022-04-01 00:51:34 - [TEST_STEP][PASSED] - remID = sdf: null

2022-04-01 00:51:34 - [TEST_STEP][PASSED] - out.println("remID: " + remID): null

2022-04-01 00:51:34 - [TEST_STEP][PASSED] - click(findTestObject(path_Receipt + "button_Continue")): Object: 'Object Repository/AdminSuiteBootstrap_Pages/VT_Bootstrap/Receipt/button_Continue' is clicked on

2022-04-01 00:51:34 - [MESSAGE][PASSED] - Object: 'Object Repository/AdminSuiteBootstrap_Pages/VT_Bootstrap/Receipt/button_Continue' is clicked on

2022-04-01 00:51:34 - [TEST_STEP][PASSED] - click(findTestObject(path_VT + "a_Search Transactions")): Object: 'Object Repository/AdminSuiteBootstrap_Pages/VT_Bootstrap/IssueTransactions/a_Search Transactions' is clicked on

2022-04-01 00:51:35 - [MESSAGE][PASSED] - Object: 'Object Repository/AdminSuiteBootstrap_Pages/VT_Bootstrap/IssueTransactions/a_Search Transactions' is clicked on

2022-04-01 00:51:35 - [TEST_STEP][PASSED] - setText(findTestObject(path_CCSearch + "input_Search By_searchValue"), remID): Text 'AutoSin040122004909514Ahm' is set on object 'Object Repository/AdminSuiteBootstrap_Pages/VT_Bootstrap/CCCreditOrVoidSearch/input_Search By_searchValue'

2022-04-01 00:51:36 - [MESSAGE][PASSED] - Text 'AutoSin040122004909514Ahm' is set on object 'Object Repository/AdminSuiteBootstrap_Pages/VT_Bootstrap/CCCreditOrVoidSearch/input_Search By_searchValue'

2022-04-01 00:51:36 - [TEST_STEP][PASSED] - click(findTestObject(path_CCSearch + "option_Capture (Sale)")): Object: 'Object Repository/AdminSuiteBootstrap_Pages/VT_Bootstrap/CCCreditOrVoidSearch/option_Capture (Sale)' is clicked on

2022-04-01 00:51:36 - [MESSAGE][PASSED] - Object: 'Object Repository/AdminSuiteBootstrap_Pages/VT_Bootstrap/CCCreditOrVoidSearch/option_Capture (Sale)' is clicked on

2022-04-01 00:51:36 - [TEST_STEP][PASSED] - click(findTestObject(path_CCSearch + "button_Submit")): Object: 'Object Repository/AdminSuiteBootstrap_Pages/VT_Bootstrap/CCCreditOrVoidSearch/button_Submit' is clicked on

2022-04-01 00:51:37 - [MESSAGE][PASSED] - Object: 'Object Repository/AdminSuiteBootstrap_Pages/VT_Bootstrap/CCCreditOrVoidSearch/button_Submit' is clicked on

2022-04-01 00:51:37 - [TEST_STEP][PASSED] - fgr = getText(findTestObject(path_SearchResults + "div_Payment ID")): Text of object 'Object Repository/AdminSuiteBootstrap_Pages/VT_Bootstrap/SearchResults/div_Payment ID' is: 'Payment ID
Payment Type
Transaction Type
Remittance ID
Name
Total Amount
End Date
Status
12114402 Credit Card Capture AutoSin040122004909514Ahm Tulsi Raman $15.50 04/01/2022 Success'

2022-04-01 00:51:38 - [MESSAGE][PASSED] - Text of object 'Object Repository/AdminSuiteBootstrap_Pages/VT_Bootstrap/SearchResults/div_Payment ID' is: 'Payment ID
Payment Type
Transaction Type
Remittance ID
Name
Total Amount
End Date
Status
12114402 Credit Card Capture AutoSin040122004909514Ahm Tulsi Raman $15.50 04/01/2022 Success'

2022-04-01 00:51:38 - [TEST_STEP][PASSED] - payID = substring(89, 98).trim(): null

2022-04-01 00:51:38 - [TEST_STEP][PASSED] - out.println("payID: " + payID): null

2022-04-01 00:51:38 - [TEST_STEP][PASSED] - click(findTestObject(path_SearchResults + "button_PaymentID")): Object: 'Object Repository/AdminSuiteBootstrap_Pages/VT_Bootstrap/SearchResults/button_PaymentID' is clicked on

2022-04-01 00:51:39 - [MESSAGE][PASSED] - Object: 'Object Repository/AdminSuiteBootstrap_Pages/VT_Bootstrap/SearchResults/button_PaymentID' is clicked on

2022-04-01 00:51:39 - [TEST_STEP][PASSED] - click(findTestObject(path_TranxDetails + "a_Void this transaction")): Object: 'Object Repository/AdminSuiteBootstrap_Pages/VT_Bootstrap/TransactionDetails/a_Void this transaction' is clicked on

2022-04-01 00:51:40 - [MESSAGE][PASSED] - Object: 'Object Repository/AdminSuiteBootstrap_Pages/VT_Bootstrap/TransactionDetails/a_Void this transaction' is clicked on

2022-04-01 00:51:40 - [TEST_STEP][PASSED] - verifyTextPresent("The following transaction will be voided", true): Text 'The following transaction will be voided' is present on page  using regular expression

2022-04-01 00:51:40 - [MESSAGE][PASSED] - Text 'The following transaction will be voided' is present on page  using regular expression

2022-04-01 00:51:40 - [TEST_STEP][PASSED] - verifyTextPresent("Please press submit to continue", true): Text 'Please press submit to continue' is present on page  using regular expression

2022-04-01 00:51:41 - [MESSAGE][PASSED] - Text 'Please press submit to continue' is present on page  using regular expression

2022-04-01 00:51:41 - [TEST_STEP][PASSED] - click(findTestObject(path_TranxDetails + "button_Submit")): Object: 'Object Repository/AdminSuiteBootstrap_Pages/VT_Bootstrap/TransactionDetails/button_Submit' is clicked on

2022-04-01 00:51:42 - [MESSAGE][PASSED] - Object: 'Object Repository/AdminSuiteBootstrap_Pages/VT_Bootstrap/TransactionDetails/button_Submit' is clicked on

2022-04-01 00:51:42 - [TEST_STEP][PASSED] - verifyTextPresent("Transaction Successful", true): Text 'Transaction Successful' is present on page  using regular expression

2022-04-01 00:51:43 - [MESSAGE][PASSED] - Text 'Transaction Successful' is present on page  using regular expression

2022-04-01 00:51:43 - [TEST_STEP][PASSED] - verifyTextPresent("Transaction Type", true): Text 'Transaction Type' is present on page  using regular expression

2022-04-01 00:51:43 - [MESSAGE][PASSED] - Text 'Transaction Type' is present on page  using regular expression

2022-04-01 00:51:43 - [TEST_STEP][PASSED] - verifyTextPresent("Void", true): Text 'Void' is present on page  using regular expression

2022-04-01 00:51:44 - [MESSAGE][PASSED] - Text 'Void' is present on page  using regular expression

2022-04-01 00:51:44 - [TEST_STEP][PASSED] - closeBrowser(): Browser is closed

2022-04-01 00:51:44 - [MESSAGE][PASSED] - Browser is closed

2022-04-01 00:51:44 - [TEST_STEP][PASSED] - ExecuteTC = findTestData(dataFile).getValue("Execute", row): null

2022-04-01 00:51:45 - [TEST_STEP][PASSED] - out.println("Value of Execute is : " + ExecuteTC): null

2022-04-01 00:51:45 - [TEST_STEP][PASSED] - switch (executionProfile): null

2022-04-01 00:51:45 - [TEST_STEP][PASSED] - case "QAProfile":: null

2022-04-01 00:51:45 - [TEST_STEP][PASSED] - appName = findTestData(dataFile).getValue("AppNameQA", row): null

2022-04-01 00:51:45 - [TEST_STEP][PASSED] - appID = findTestData(dataFile).getValue("AppIDQA", row): null

2022-04-01 00:51:45 - [TEST_STEP][PASSED] - break: null

2022-04-01 00:51:45 - [TEST_STEP][PASSED] - hrefAppID = li_1 + appID + li_2: null

2022-04-01 00:51:45 - [TEST_STEP][PASSED] - hrefApp = li_1 + appID + "/": null

2022-04-01 00:51:45 - [TEST_STEP][PASSED] - println("hrefApp : " + hrefApp): null

2022-04-01 00:51:45 - [TEST_STEP][PASSED] - if (ExecuteTC.equalsIgnoreCase("Y")): null

2022-04-01 00:51:45 - [TEST_STEP][PASSED] - out.println("Begin Record Number: " + row): null

2022-04-01 00:51:45 - [TEST_STEP][PASSED] - today = new java.util.Date(): null

2022-04-01 00:51:45 - [TEST_STEP][PASSED] - println(today): null

2022-04-01 00:51:45 - [TEST_STEP][PASSED] - datText = today: null

2022-04-01 00:51:45 - [TEST_STEP][PASSED] - adminSuiteBootstrap.loginFunctionality.login_AdminSuite(): adminSuiteBootstrap.loginFunctionality.login_AdminSuite is PASSED

2022-04-01 00:51:45 - [MESSAGE][INFO] - Starting 'Chrome' driver

2022-04-01 00:51:45 - [MESSAGE][INFO] - User set preference: ['acceptInsecureCerts', 'true']

2022-04-01 00:51:45 - [MESSAGE][INFO] - Action delay is set to 0 milliseconds

2022-04-01 00:51:48 - [MESSAGE][PASSED] - Browser is opened with url: 'https://qa.velocitypayment.com/admin/imtiaz'

2022-04-01 00:51:48 - [MESSAGE][PASSED] - Current window maximized

2022-04-01 00:51:48 - [MESSAGE][PASSED] - Object 'Object Repository/Login_Page/Login_Username' is present

2022-04-01 00:51:49 - [MESSAGE][PASSED] - Text 'iahmed' is set on object 'Object Repository/Login_Page/Login_Username'

2022-04-01 00:51:50 - [MESSAGE][PASSED] - Text 'hello2222' is set on object 'Object Repository/Login_Page/Login_Password'

2022-04-01 00:51:53 - [MESSAGE][PASSED] - Object: 'Object Repository/Login_Page/Login_Submit' is clicked on

2022-04-01 00:51:53 - [MESSAGE][PASSED] - adminSuiteBootstrap.loginFunctionality.login_AdminSuite is PASSED

2022-04-01 00:51:53 - [TEST_STEP][PASSED] - click(findTestObject(path_Dashboard + appName)): Object: 'Object Repository/AdminSuiteBootstrap_Pages/Dashboard_Bootstrap/a_Access AutoSingleCFtpQA' is clicked on

2022-04-01 00:51:54 - [MESSAGE][PASSED] - Object: 'Object Repository/AdminSuiteBootstrap_Pages/Dashboard_Bootstrap/a_Access AutoSingleCFtpQA' is clicked on

2022-04-01 00:51:54 - [TEST_STEP][PASSED] - click(findTestObject(path_VT + "button_Authorization Only")): Object: 'Object Repository/AdminSuiteBootstrap_Pages/VT_Bootstrap/IssueTransactions/button_Authorization Only' is clicked on

2022-04-01 00:51:54 - [MESSAGE][PASSED] - Object: 'Object Repository/AdminSuiteBootstrap_Pages/VT_Bootstrap/IssueTransactions/button_Authorization Only' is clicked on

2022-04-01 00:51:54 - [TEST_STEP][PASSED] - authOnlyKeyboardEntryLink = modifyObjectProperty(findTestObject(path_VT + "a_KeyboardEntry_Sale"), "href", "equals", hrefAppID, true): Modify property of object successfully

2022-04-01 00:51:54 - [MESSAGE][PASSED] - Modify property of object successfully

2022-04-01 00:51:54 - [TEST_STEP][PASSED] - click(authOnlyKeyboardEntryLink): Object: 'Object Repository/AdminSuiteBootstrap_Pages/VT_Bootstrap/IssueTransactions/a_KeyboardEntry_Sale' is clicked on

2022-04-01 00:51:55 - [MESSAGE][PASSED] - Object: 'Object Repository/AdminSuiteBootstrap_Pages/VT_Bootstrap/IssueTransactions/a_KeyboardEntry_Sale' is clicked on

2022-04-01 00:51:55 - [TEST_STEP][PASSED] - adminSuiteBootstrap.virtualTerminalSetData.saleKeyboard_DataDriven(row, dataFile): adminSuiteBootstrap.virtualTerminalSetData.saleKeyboard_DataDriven is PASSED

2022-04-01 00:51:58 - [MESSAGE][PASSED] - Text 'Janaki James' is set on object 'Object Repository/AdminSuiteBootstrap_Pages/VT_Bootstrap/SaleKeyboard/input_cardName'

2022-04-01 00:51:59 - [MESSAGE][PASSED] - All options with value 'MOTO' are selected in object 'Object Repository/AdminSuiteBootstrap_Pages/VT_Bootstrap/SaleKeyboard/select_transactionCategory'  using regular expression

2022-04-01 00:52:00 - [MESSAGE][PASSED] - Execute JavaScript 'arguments[0].value ='5146312200000035' ' successfully

2022-04-01 00:52:00 - [MESSAGE][PASSED] - Execute JavaScript 'arguments[0].value ='123' ' successfully

2022-04-01 00:52:01 - [MESSAGE][PASSED] - All options with value '12' are selected in object 'Object Repository/AdminSuiteBootstrap_Pages/VT_Bootstrap/SaleKeyboard/select_MM'  using regular expression

2022-04-01 00:52:03 - [MESSAGE][PASSED] - All options with value '2025' are selected in object 'Object Repository/AdminSuiteBootstrap_Pages/VT_Bootstrap/SaleKeyboard/select_YYYY'  using regular expression

2022-04-01 00:52:03 - [MESSAGE][PASSED] - Text '1478 Jhatka Palace' is set on object 'Object Repository/AdminSuiteBootstrap_Pages/VT_Bootstrap/SaleKeyboard/input__address'

2022-04-01 00:52:04 - [MESSAGE][PASSED] - Text 'Suite 500' is set on object 'Object Repository/AdminSuiteBootstrap_Pages/VT_Bootstrap/SaleKeyboard/input__address2'

2022-04-01 00:52:05 - [MESSAGE][PASSED] - Text '22201' is set on object 'Object Repository/AdminSuiteBootstrap_Pages/VT_Bootstrap/SaleKeyboard/input__zip'

2022-04-01 00:52:05 - [MESSAGE][PASSED] - Text '' is set on object 'Object Repository/AdminSuiteBootstrap_Pages/VT_Bootstrap/SaleKeyboard/input_emailAddress'

2022-04-01 00:52:07 - [MESSAGE][PASSED] - Text '' is set on object 'Object Repository/AdminSuiteBootstrap_Pages/VT_Bootstrap/SaleKeyboard/input_smsNumber'

2022-04-01 00:52:08 - [MESSAGE][PASSED] - Text '10.50' is set on object 'Object Repository/AdminSuiteBootstrap_Pages/VT_Bootstrap/SaleKeyboard/input_amount'

2022-04-01 00:52:09 - [MESSAGE][PASSED] - Text 'Australia' is set on object 'Object Repository/AdminSuiteBootstrap_Pages/VT_Bootstrap/SaleKeyboard/input_userDefined1'

2022-04-01 00:52:10 - [MESSAGE][PASSED] - Text 'Denmark' is set on object 'Object Repository/AdminSuiteBootstrap_Pages/VT_Bootstrap/SaleKeyboard/input_userDefined2'

2022-04-01 00:52:11 - [MESSAGE][PASSED] - Text 'Sweden' is set on object 'Object Repository/AdminSuiteBootstrap_Pages/VT_Bootstrap/SaleKeyboard/input_userDefined3'

2022-04-01 00:52:11 - [MESSAGE][PASSED] - Text 'Austria' is set on object 'Object Repository/AdminSuiteBootstrap_Pages/VT_Bootstrap/SaleKeyboard/input_userDefined4'

2022-04-01 00:52:12 - [MESSAGE][PASSED] - All options with label 'Orange' are selected in object 'Object Repository/AdminSuiteBootstrap_Pages/VT_Bootstrap/SaleKeyboard/select_UDF5_DropDown'  using regular expression

2022-04-01 00:52:13 - [MESSAGE][PASSED] - All options with label 'Yellow' are selected in object 'Object Repository/AdminSuiteBootstrap_Pages/VT_Bootstrap/SaleKeyboard/select_UDF6_DropDown'  using regular expression

2022-04-01 00:52:14 - [MESSAGE][PASSED] - Text 'Norway' is set on object 'Object Repository/AdminSuiteBootstrap_Pages/VT_Bootstrap/SaleKeyboard/input_userDefined7'

2022-04-01 00:52:15 - [MESSAGE][PASSED] - Text 'Netherlands' is set on object 'Object Repository/AdminSuiteBootstrap_Pages/VT_Bootstrap/SaleKeyboard/input_userDefined8'

2022-04-01 00:52:16 - [MESSAGE][PASSED] - Text 'Switzerland' is set on object 'Object Repository/AdminSuiteBootstrap_Pages/VT_Bootstrap/SaleKeyboard/input_userDefined9'

2022-04-01 00:52:16 - [MESSAGE][PASSED] - Text 'France' is set on object 'Object Repository/AdminSuiteBootstrap_Pages/VT_Bootstrap/SaleKeyboard/input_userDefined10'

2022-04-01 00:52:19 - [MESSAGE][PASSED] - Object: 'Object Repository/AdminSuiteBootstrap_Pages/VT_Bootstrap/SaleKeyboard/button_Submit' is clicked on

2022-04-01 00:52:19 - [MESSAGE][PASSED] - adminSuiteBootstrap.virtualTerminalSetData.saleKeyboard_DataDriven is PASSED

2022-04-01 00:52:19 - [TEST_STEP][PASSED] - if (verifyTextPresent("Transaction Successful", true)): null

2022-04-01 00:52:20 - [MESSAGE][PASSED] - Text 'Transaction Successful' is present on page  using regular expression

2022-04-01 00:52:20 - [TEST_STEP][PASSED] - sdf = getText(findTestObject(path_Receipt + "td_AutoNoC031622113752957Ahm")): Text of object 'Object Repository/AdminSuiteBootstrap_Pages/VT_Bootstrap/Receipt/td_AutoNoC031622113752957Ahm' is: 'AutoSin040122005007962Ahm'

2022-04-01 00:52:20 - [MESSAGE][PASSED] - Text of object 'Object Repository/AdminSuiteBootstrap_Pages/VT_Bootstrap/Receipt/td_AutoNoC031622113752957Ahm' is: 'AutoSin040122005007962Ahm'

2022-04-01 00:52:20 - [TEST_STEP][PASSED] - out.println("sdf: " + sdf): null

2022-04-01 00:52:20 - [TEST_STEP][PASSED] - remID = sdf: null

2022-04-01 00:52:20 - [TEST_STEP][PASSED] - out.println("remID: " + remID): null

2022-04-01 00:52:20 - [TEST_STEP][PASSED] - click(findTestObject(path_Receipt + "button_Continue")): Object: 'Object Repository/AdminSuiteBootstrap_Pages/VT_Bootstrap/Receipt/button_Continue' is clicked on

2022-04-01 00:52:22 - [MESSAGE][PASSED] - Object: 'Object Repository/AdminSuiteBootstrap_Pages/VT_Bootstrap/Receipt/button_Continue' is clicked on

2022-04-01 00:52:22 - [TEST_STEP][PASSED] - click(findTestObject(path_VT + "a_Search Transactions")): Object: 'Object Repository/AdminSuiteBootstrap_Pages/VT_Bootstrap/IssueTransactions/a_Search Transactions' is clicked on

2022-04-01 00:52:23 - [MESSAGE][PASSED] - Object: 'Object Repository/AdminSuiteBootstrap_Pages/VT_Bootstrap/IssueTransactions/a_Search Transactions' is clicked on

2022-04-01 00:52:23 - [TEST_STEP][PASSED] - setText(findTestObject(path_CCSearch + "input_Search By_searchValue"), remID): Text 'AutoSin040122005007962Ahm' is set on object 'Object Repository/AdminSuiteBootstrap_Pages/VT_Bootstrap/CCCreditOrVoidSearch/input_Search By_searchValue'

2022-04-01 00:52:24 - [MESSAGE][PASSED] - Text 'AutoSin040122005007962Ahm' is set on object 'Object Repository/AdminSuiteBootstrap_Pages/VT_Bootstrap/CCCreditOrVoidSearch/input_Search By_searchValue'

2022-04-01 00:52:24 - [TEST_STEP][PASSED] - click(findTestObject(path_CCSearch + "option_Authorization")): Object: 'Object Repository/AdminSuiteBootstrap_Pages/VT_Bootstrap/CCCreditOrVoidSearch/option_Authorization' is clicked on

2022-04-01 00:52:24 - [MESSAGE][PASSED] - Object: 'Object Repository/AdminSuiteBootstrap_Pages/VT_Bootstrap/CCCreditOrVoidSearch/option_Authorization' is clicked on

2022-04-01 00:52:24 - [TEST_STEP][PASSED] - click(findTestObject(path_CCSearch + "button_Submit")): Object: 'Object Repository/AdminSuiteBootstrap_Pages/VT_Bootstrap/CCCreditOrVoidSearch/button_Submit' is clicked on

2022-04-01 00:52:26 - [MESSAGE][PASSED] - Object: 'Object Repository/AdminSuiteBootstrap_Pages/VT_Bootstrap/CCCreditOrVoidSearch/button_Submit' is clicked on

2022-04-01 00:52:26 - [TEST_STEP][PASSED] - fgr = getText(findTestObject(path_SearchResults + "div_Payment ID")): Text of object 'Object Repository/AdminSuiteBootstrap_Pages/VT_Bootstrap/SearchResults/div_Payment ID' is: 'Payment ID
Payment Type
Transaction Type
Remittance ID
Name
Total Amount
End Date
Status
12114404 Credit Card Authorization AutoSin040122005007962Ahm Janaki James $15.50 04/01/2022 Success'

2022-04-01 00:52:26 - [MESSAGE][PASSED] - Text of object 'Object Repository/AdminSuiteBootstrap_Pages/VT_Bootstrap/SearchResults/div_Payment ID' is: 'Payment ID
Payment Type
Transaction Type
Remittance ID
Name
Total Amount
End Date
Status
12114404 Credit Card Authorization AutoSin040122005007962Ahm Janaki James $15.50 04/01/2022 Success'

2022-04-01 00:52:26 - [TEST_STEP][PASSED] - payID = substring(89, 98).trim(): null

2022-04-01 00:52:26 - [TEST_STEP][PASSED] - out.println("payID: " + payID): null

2022-04-01 00:52:26 - [TEST_STEP][PASSED] - click(findTestObject(path_SearchResults + "button_PaymentID")): Object: 'Object Repository/AdminSuiteBootstrap_Pages/VT_Bootstrap/SearchResults/button_PaymentID' is clicked on

2022-04-01 00:52:28 - [MESSAGE][PASSED] - Object: 'Object Repository/AdminSuiteBootstrap_Pages/VT_Bootstrap/SearchResults/button_PaymentID' is clicked on

2022-04-01 00:52:28 - [TEST_STEP][PASSED] - verifyTextPresent("Tender Type", true): Text 'Tender Type' is present on page  using regular expression

2022-04-01 00:52:28 - [MESSAGE][PASSED] - Text 'Tender Type' is present on page  using regular expression

2022-04-01 00:52:28 - [TEST_STEP][PASSED] - verifyTextPresent("Credit Card", true): Text 'Credit Card' is present on page  using regular expression

2022-04-01 00:52:29 - [MESSAGE][PASSED] - Text 'Credit Card' is present on page  using regular expression

2022-04-01 00:52:29 - [TEST_STEP][PASSED] - verifyTextPresent("Transaction Type", true): Text 'Transaction Type' is present on page  using regular expression

2022-04-01 00:52:29 - [MESSAGE][PASSED] - Text 'Transaction Type' is present on page  using regular expression

2022-04-01 00:52:29 - [TEST_STEP][PASSED] - verifyTextPresent("Authorization", true): Text 'Authorization' is present on page  using regular expression

2022-04-01 00:52:29 - [MESSAGE][PASSED] - Text 'Authorization' is present on page  using regular expression

2022-04-01 00:52:29 - [TEST_STEP][PASSED] - verifyTextPresent("Transaction Posted by", true): Text 'Transaction Posted by' is present on page  using regular expression

2022-04-01 00:52:30 - [MESSAGE][PASSED] - Text 'Transaction Posted by' is present on page  using regular expression

2022-04-01 00:52:30 - [TEST_STEP][PASSED] - verifyTextPresent("iahmed", true): Text 'iahmed' is present on page  using regular expression

2022-04-01 00:52:30 - [MESSAGE][PASSED] - Text 'iahmed' is present on page  using regular expression

2022-04-01 00:52:30 - [TEST_STEP][PASSED] - click(findTestObject(path_TranxDetails + "a_Capture this transaction")): Object: 'Object Repository/AdminSuiteBootstrap_Pages/VT_Bootstrap/TransactionDetails/a_Capture this transaction' is clicked on

2022-04-01 00:52:33 - [MESSAGE][PASSED] - Object: 'Object Repository/AdminSuiteBootstrap_Pages/VT_Bootstrap/TransactionDetails/a_Capture this transaction' is clicked on

2022-04-01 00:52:33 - [TEST_STEP][PASSED] - verifyTextPresent("Credit Card Capture", true): Text 'Credit Card Capture' is present on page  using regular expression

2022-04-01 00:52:33 - [MESSAGE][PASSED] - Text 'Credit Card Capture' is present on page  using regular expression

2022-04-01 00:52:33 - [TEST_STEP][PASSED] - captureAmount = findTestData(dataFile).getValue("CaptureAmount", row): null

2022-04-01 00:52:33 - [TEST_STEP][PASSED] - setText(findTestObject(path_SaleKB + "input_amountCapture"), captureAmount): Text '8.50' is set on object 'Object Repository/AdminSuiteBootstrap_Pages/VT_Bootstrap/SaleKeyboard/input_amountCapture'

2022-04-01 00:52:34 - [MESSAGE][PASSED] - Text '8.50' is set on object 'Object Repository/AdminSuiteBootstrap_Pages/VT_Bootstrap/SaleKeyboard/input_amountCapture'

2022-04-01 00:52:34 - [TEST_STEP][PASSED] - click(findTestObject(path_TranxDetails + "button_Submit")): Object: 'Object Repository/AdminSuiteBootstrap_Pages/VT_Bootstrap/TransactionDetails/button_Submit' is clicked on

2022-04-01 00:52:37 - [MESSAGE][PASSED] - Object: 'Object Repository/AdminSuiteBootstrap_Pages/VT_Bootstrap/TransactionDetails/button_Submit' is clicked on

2022-04-01 00:52:37 - [TEST_STEP][PASSED] - if (verifyTextPresent("Transaction Successful", true)): null

2022-04-01 00:52:38 - [MESSAGE][PASSED] - Text 'Transaction Successful' is present on page  using regular expression

2022-04-01 00:52:38 - [TEST_STEP][PASSED] - verifyTextPresent("Transaction Type", true): Text 'Transaction Type' is present on page  using regular expression

2022-04-01 00:52:38 - [MESSAGE][PASSED] - Text 'Transaction Type' is present on page  using regular expression

2022-04-01 00:52:38 - [TEST_STEP][PASSED] - verifyTextPresent("Capture", true): Text 'Capture' is present on page  using regular expression

2022-04-01 00:52:39 - [MESSAGE][PASSED] - Text 'Capture' is present on page  using regular expression

2022-04-01 00:52:39 - [TEST_STEP][PASSED] - verifyTextPresent("Amount", true): Text 'Amount' is present on page  using regular expression

2022-04-01 00:52:39 - [MESSAGE][PASSED] - Text 'Amount' is present on page  using regular expression

2022-04-01 00:52:39 - [TEST_STEP][PASSED] - verifyTextPresent(captureAmount, true): Text '8.50' is present on page  using regular expression

2022-04-01 00:52:39 - [MESSAGE][PASSED] - Text '8.50' is present on page  using regular expression

2022-04-01 00:52:39 - [TEST_STEP][PASSED] - sdf = getText(findTestObject(path_Receipt + "td_AutoNoC031622113752957Ahm")): Text of object 'Object Repository/AdminSuiteBootstrap_Pages/VT_Bootstrap/Receipt/td_AutoNoC031622113752957Ahm' is: 'AutoSin040122005007962Ahm'

2022-04-01 00:52:40 - [MESSAGE][PASSED] - Text of object 'Object Repository/AdminSuiteBootstrap_Pages/VT_Bootstrap/Receipt/td_AutoNoC031622113752957Ahm' is: 'AutoSin040122005007962Ahm'

2022-04-01 00:52:40 - [TEST_STEP][PASSED] - out.println("sdf: " + sdf): null

2022-04-01 00:52:40 - [TEST_STEP][PASSED] - remID = sdf: null

2022-04-01 00:52:40 - [TEST_STEP][PASSED] - out.println("remID: " + remID): null

2022-04-01 00:52:40 - [TEST_STEP][PASSED] - click(findTestObject(path_Receipt + "button_Continue")): Object: 'Object Repository/AdminSuiteBootstrap_Pages/VT_Bootstrap/Receipt/button_Continue' is clicked on

2022-04-01 00:52:41 - [MESSAGE][PASSED] - Object: 'Object Repository/AdminSuiteBootstrap_Pages/VT_Bootstrap/Receipt/button_Continue' is clicked on

2022-04-01 00:52:41 - [TEST_STEP][PASSED] - click(findTestObject(path_VT + "a_Search Transactions")): Object: 'Object Repository/AdminSuiteBootstrap_Pages/VT_Bootstrap/IssueTransactions/a_Search Transactions' is clicked on

2022-04-01 00:52:43 - [MESSAGE][PASSED] - Object: 'Object Repository/AdminSuiteBootstrap_Pages/VT_Bootstrap/IssueTransactions/a_Search Transactions' is clicked on

2022-04-01 00:52:43 - [TEST_STEP][PASSED] - setText(findTestObject(path_CCSearch + "input_Search By_searchValue"), remID): Text 'AutoSin040122005007962Ahm' is set on object 'Object Repository/AdminSuiteBootstrap_Pages/VT_Bootstrap/CCCreditOrVoidSearch/input_Search By_searchValue'

2022-04-01 00:52:44 - [MESSAGE][PASSED] - Text 'AutoSin040122005007962Ahm' is set on object 'Object Repository/AdminSuiteBootstrap_Pages/VT_Bootstrap/CCCreditOrVoidSearch/input_Search By_searchValue'

2022-04-01 00:52:44 - [TEST_STEP][PASSED] - click(findTestObject(path_CCSearch + "option_Capture (Sale)")): Object: 'Object Repository/AdminSuiteBootstrap_Pages/VT_Bootstrap/CCCreditOrVoidSearch/option_Capture (Sale)' is clicked on

2022-04-01 00:52:44 - [MESSAGE][PASSED] - Object: 'Object Repository/AdminSuiteBootstrap_Pages/VT_Bootstrap/CCCreditOrVoidSearch/option_Capture (Sale)' is clicked on

2022-04-01 00:52:44 - [TEST_STEP][PASSED] - click(findTestObject(path_CCSearch + "button_Submit")): Object: 'Object Repository/AdminSuiteBootstrap_Pages/VT_Bootstrap/CCCreditOrVoidSearch/button_Submit' is clicked on

2022-04-01 00:52:45 - [MESSAGE][PASSED] - Object: 'Object Repository/AdminSuiteBootstrap_Pages/VT_Bootstrap/CCCreditOrVoidSearch/button_Submit' is clicked on

2022-04-01 00:52:45 - [TEST_STEP][PASSED] - fgr = getText(findTestObject(path_SearchResults + "div_Payment ID")): Text of object 'Object Repository/AdminSuiteBootstrap_Pages/VT_Bootstrap/SearchResults/div_Payment ID' is: 'Payment ID
Payment Type
Transaction Type
Remittance ID
Name
Total Amount
End Date
Status
12114405 Credit Card Capture AutoSin040122005007962Ahm Janaki James $13.50 04/01/2022 Success'

2022-04-01 00:52:46 - [MESSAGE][PASSED] - Text of object 'Object Repository/AdminSuiteBootstrap_Pages/VT_Bootstrap/SearchResults/div_Payment ID' is: 'Payment ID
Payment Type
Transaction Type
Remittance ID
Name
Total Amount
End Date
Status
12114405 Credit Card Capture AutoSin040122005007962Ahm Janaki James $13.50 04/01/2022 Success'

2022-04-01 00:52:46 - [TEST_STEP][PASSED] - payID = substring(89, 98).trim(): null

2022-04-01 00:52:46 - [TEST_STEP][PASSED] - out.println("payID: " + payID): null

2022-04-01 00:52:46 - [TEST_STEP][PASSED] - click(findTestObject(path_SearchResults + "button_PaymentID")): Object: 'Object Repository/AdminSuiteBootstrap_Pages/VT_Bootstrap/SearchResults/button_PaymentID' is clicked on

2022-04-01 00:52:47 - [MESSAGE][PASSED] - Object: 'Object Repository/AdminSuiteBootstrap_Pages/VT_Bootstrap/SearchResults/button_PaymentID' is clicked on

2022-04-01 00:52:47 - [TEST_STEP][PASSED] - click(findTestObject(path_TranxDetails + "a_Void this transaction")): Object: 'Object Repository/AdminSuiteBootstrap_Pages/VT_Bootstrap/TransactionDetails/a_Void this transaction' is clicked on

2022-04-01 00:52:49 - [MESSAGE][PASSED] - Object: 'Object Repository/AdminSuiteBootstrap_Pages/VT_Bootstrap/TransactionDetails/a_Void this transaction' is clicked on

2022-04-01 00:52:49 - [TEST_STEP][PASSED] - verifyTextPresent("The following transaction will be voided", true): Text 'The following transaction will be voided' is present on page  using regular expression

2022-04-01 00:52:49 - [MESSAGE][PASSED] - Text 'The following transaction will be voided' is present on page  using regular expression

2022-04-01 00:52:49 - [TEST_STEP][PASSED] - verifyTextPresent("Please press submit to continue", true): Text 'Please press submit to continue' is present on page  using regular expression

2022-04-01 00:52:50 - [MESSAGE][PASSED] - Text 'Please press submit to continue' is present on page  using regular expression

2022-04-01 00:52:50 - [TEST_STEP][PASSED] - click(findTestObject(path_TranxDetails + "button_Submit")): Object: 'Object Repository/AdminSuiteBootstrap_Pages/VT_Bootstrap/TransactionDetails/button_Submit' is clicked on

2022-04-01 00:52:52 - [MESSAGE][PASSED] - Object: 'Object Repository/AdminSuiteBootstrap_Pages/VT_Bootstrap/TransactionDetails/button_Submit' is clicked on

2022-04-01 00:52:52 - [TEST_STEP][PASSED] - verifyTextPresent("Transaction Successful", true): Text 'Transaction Successful' is present on page  using regular expression

2022-04-01 00:52:53 - [MESSAGE][PASSED] - Text 'Transaction Successful' is present on page  using regular expression

2022-04-01 00:52:53 - [TEST_STEP][PASSED] - verifyTextPresent("Transaction Type", true): Text 'Transaction Type' is present on page  using regular expression

2022-04-01 00:52:53 - [MESSAGE][PASSED] - Text 'Transaction Type' is present on page  using regular expression

2022-04-01 00:52:53 - [TEST_STEP][PASSED] - verifyTextPresent("Void", true): Text 'Void' is present on page  using regular expression

2022-04-01 00:52:54 - [MESSAGE][PASSED] - Text 'Void' is present on page  using regular expression

2022-04-01 00:52:54 - [TEST_STEP][PASSED] - closeBrowser(): Browser is closed

2022-04-01 00:52:54 - [MESSAGE][PASSED] - Browser is closed

2022-04-01 00:52:54 - [TEST_STEP][PASSED] - ExecuteTC = findTestData(dataFile).getValue("Execute", row): null

2022-04-01 00:52:54 - [TEST_STEP][PASSED] - out.println("Value of Execute is : " + ExecuteTC): null

2022-04-01 00:52:54 - [TEST_STEP][PASSED] - switch (executionProfile): null

2022-04-01 00:52:54 - [TEST_STEP][PASSED] - case "QAProfile":: null

2022-04-01 00:52:54 - [TEST_STEP][PASSED] - appName = findTestData(dataFile).getValue("AppNameQA", row): null

2022-04-01 00:52:55 - [TEST_STEP][PASSED] - appID = findTestData(dataFile).getValue("AppIDQA", row): null

2022-04-01 00:52:55 - [TEST_STEP][PASSED] - break: null

2022-04-01 00:52:55 - [TEST_STEP][PASSED] - hrefAppID = li_1 + appID + li_2: null

2022-04-01 00:52:55 - [TEST_STEP][PASSED] - hrefApp = li_1 + appID + "/": null

2022-04-01 00:52:55 - [TEST_STEP][PASSED] - println("hrefApp : " + hrefApp): null

2022-04-01 00:52:55 - [TEST_STEP][PASSED] - if (ExecuteTC.equalsIgnoreCase("Y")): null

2022-04-01 00:52:55 - [TEST_STEP][PASSED] - out.println("Begin Record Number: " + row): null

2022-04-01 00:52:55 - [TEST_STEP][PASSED] - today = new java.util.Date(): null

2022-04-01 00:52:55 - [TEST_STEP][PASSED] - println(today): null

2022-04-01 00:52:55 - [TEST_STEP][PASSED] - datText = today: null

2022-04-01 00:52:55 - [TEST_STEP][PASSED] - adminSuiteBootstrap.loginFunctionality.login_AdminSuite(): adminSuiteBootstrap.loginFunctionality.login_AdminSuite is PASSED

2022-04-01 00:52:55 - [MESSAGE][INFO] - Starting 'Chrome' driver

2022-04-01 00:52:55 - [MESSAGE][INFO] - User set preference: ['acceptInsecureCerts', 'true']

2022-04-01 00:52:55 - [MESSAGE][INFO] - Action delay is set to 0 milliseconds

2022-04-01 00:52:58 - [MESSAGE][PASSED] - Browser is opened with url: 'https://qa.velocitypayment.com/admin/imtiaz'

2022-04-01 00:52:58 - [MESSAGE][PASSED] - Current window maximized

2022-04-01 00:52:58 - [MESSAGE][PASSED] - Object 'Object Repository/Login_Page/Login_Username' is present

2022-04-01 00:52:59 - [MESSAGE][PASSED] - Text 'iahmed' is set on object 'Object Repository/Login_Page/Login_Username'

2022-04-01 00:53:00 - [MESSAGE][PASSED] - Text 'hello2222' is set on object 'Object Repository/Login_Page/Login_Password'

2022-04-01 00:53:03 - [MESSAGE][PASSED] - Object: 'Object Repository/Login_Page/Login_Submit' is clicked on

2022-04-01 00:53:03 - [MESSAGE][PASSED] - adminSuiteBootstrap.loginFunctionality.login_AdminSuite is PASSED

2022-04-01 00:53:03 - [TEST_STEP][PASSED] - click(findTestObject(path_Dashboard + appName)): Object: 'Object Repository/AdminSuiteBootstrap_Pages/Dashboard_Bootstrap/a_Access AutoDualCFtpQA' is clicked on

2022-04-01 00:53:04 - [MESSAGE][PASSED] - Object: 'Object Repository/AdminSuiteBootstrap_Pages/Dashboard_Bootstrap/a_Access AutoDualCFtpQA' is clicked on

2022-04-01 00:53:04 - [TEST_STEP][PASSED] - click(findTestObject(path_VT + "button_Authorization Only")): Object: 'Object Repository/AdminSuiteBootstrap_Pages/VT_Bootstrap/IssueTransactions/button_Authorization Only' is clicked on

2022-04-01 00:53:04 - [MESSAGE][PASSED] - Object: 'Object Repository/AdminSuiteBootstrap_Pages/VT_Bootstrap/IssueTransactions/button_Authorization Only' is clicked on

2022-04-01 00:53:04 - [TEST_STEP][PASSED] - authOnlyKeyboardEntryLink = modifyObjectProperty(findTestObject(path_VT + "a_KeyboardEntry_Sale"), "href", "equals", hrefAppID, true): Modify property of object successfully

2022-04-01 00:53:04 - [MESSAGE][PASSED] - Modify property of object successfully

2022-04-01 00:53:04 - [TEST_STEP][PASSED] - click(authOnlyKeyboardEntryLink): Object: 'Object Repository/AdminSuiteBootstrap_Pages/VT_Bootstrap/IssueTransactions/a_KeyboardEntry_Sale' is clicked on

2022-04-01 00:53:05 - [MESSAGE][PASSED] - Object: 'Object Repository/AdminSuiteBootstrap_Pages/VT_Bootstrap/IssueTransactions/a_KeyboardEntry_Sale' is clicked on

2022-04-01 00:53:05 - [TEST_STEP][PASSED] - adminSuiteBootstrap.virtualTerminalSetData.saleKeyboard_DataDriven(row, dataFile): adminSuiteBootstrap.virtualTerminalSetData.saleKeyboard_DataDriven is PASSED

2022-04-01 00:53:08 - [MESSAGE][PASSED] - Text 'Tulsi Raman' is set on object 'Object Repository/AdminSuiteBootstrap_Pages/VT_Bootstrap/SaleKeyboard/input_cardName'

2022-04-01 00:53:09 - [MESSAGE][PASSED] - All options with value 'RETL' are selected in object 'Object Repository/AdminSuiteBootstrap_Pages/VT_Bootstrap/SaleKeyboard/select_transactionCategory'  using regular expression

2022-04-01 00:53:09 - [MESSAGE][PASSED] - Execute JavaScript 'arguments[0].value ='371449635392376' ' successfully

2022-04-01 00:53:10 - [MESSAGE][PASSED] - Execute JavaScript 'arguments[0].value ='123' ' successfully

2022-04-01 00:53:11 - [MESSAGE][PASSED] - All options with value '12' are selected in object 'Object Repository/AdminSuiteBootstrap_Pages/VT_Bootstrap/SaleKeyboard/select_MM'  using regular expression

2022-04-01 00:53:12 - [MESSAGE][PASSED] - All options with value '2025' are selected in object 'Object Repository/AdminSuiteBootstrap_Pages/VT_Bootstrap/SaleKeyboard/select_YYYY'  using regular expression

2022-04-01 00:53:13 - [MESSAGE][PASSED] - Text '550 Swan Lake' is set on object 'Object Repository/AdminSuiteBootstrap_Pages/VT_Bootstrap/SaleKeyboard/input__address'

2022-04-01 00:53:14 - [MESSAGE][PASSED] - Text 'Suite 500' is set on object 'Object Repository/AdminSuiteBootstrap_Pages/VT_Bootstrap/SaleKeyboard/input__address2'

2022-04-01 00:53:14 - [MESSAGE][PASSED] - Text '22201' is set on object 'Object Repository/AdminSuiteBootstrap_Pages/VT_Bootstrap/SaleKeyboard/input__zip'

2022-04-01 00:53:15 - [MESSAGE][PASSED] - Text '' is set on object 'Object Repository/AdminSuiteBootstrap_Pages/VT_Bootstrap/SaleKeyboard/input_emailAddress'

2022-04-01 00:53:16 - [MESSAGE][PASSED] - Text '' is set on object 'Object Repository/AdminSuiteBootstrap_Pages/VT_Bootstrap/SaleKeyboard/input_smsNumber'

2022-04-01 00:53:17 - [MESSAGE][PASSED] - Text '10.50' is set on object 'Object Repository/AdminSuiteBootstrap_Pages/VT_Bootstrap/SaleKeyboard/input_amount'

2022-04-01 00:53:18 - [MESSAGE][PASSED] - Text 'Australia' is set on object 'Object Repository/AdminSuiteBootstrap_Pages/VT_Bootstrap/SaleKeyboard/input_userDefined1'

2022-04-01 00:53:19 - [MESSAGE][PASSED] - Text 'Denmark' is set on object 'Object Repository/AdminSuiteBootstrap_Pages/VT_Bootstrap/SaleKeyboard/input_userDefined2'

2022-04-01 00:53:20 - [MESSAGE][PASSED] - Text 'Sweden' is set on object 'Object Repository/AdminSuiteBootstrap_Pages/VT_Bootstrap/SaleKeyboard/input_userDefined3'

2022-04-01 00:53:20 - [MESSAGE][PASSED] - Text 'Austria' is set on object 'Object Repository/AdminSuiteBootstrap_Pages/VT_Bootstrap/SaleKeyboard/input_userDefined4'

2022-04-01 00:53:21 - [MESSAGE][PASSED] - All options with label 'Orange' are selected in object 'Object Repository/AdminSuiteBootstrap_Pages/VT_Bootstrap/SaleKeyboard/select_UDF5_DropDown'  using regular expression

2022-04-01 00:53:22 - [MESSAGE][PASSED] - All options with label 'Yellow' are selected in object 'Object Repository/AdminSuiteBootstrap_Pages/VT_Bootstrap/SaleKeyboard/select_UDF6_DropDown'  using regular expression

2022-04-01 00:53:23 - [MESSAGE][PASSED] - Text 'Norway' is set on object 'Object Repository/AdminSuiteBootstrap_Pages/VT_Bootstrap/SaleKeyboard/input_userDefined7'

2022-04-01 00:53:24 - [MESSAGE][PASSED] - Text 'Netherlands' is set on object 'Object Repository/AdminSuiteBootstrap_Pages/VT_Bootstrap/SaleKeyboard/input_userDefined8'

2022-04-01 00:53:24 - [MESSAGE][PASSED] - Text 'Switzerland' is set on object 'Object Repository/AdminSuiteBootstrap_Pages/VT_Bootstrap/SaleKeyboard/input_userDefined9'

2022-04-01 00:53:25 - [MESSAGE][PASSED] - Text 'France' is set on object 'Object Repository/AdminSuiteBootstrap_Pages/VT_Bootstrap/SaleKeyboard/input_userDefined10'

2022-04-01 00:53:27 - [MESSAGE][PASSED] - Object: 'Object Repository/AdminSuiteBootstrap_Pages/VT_Bootstrap/SaleKeyboard/button_Submit' is clicked on

2022-04-01 00:53:27 - [MESSAGE][PASSED] - adminSuiteBootstrap.virtualTerminalSetData.saleKeyboard_DataDriven is PASSED

2022-04-01 00:53:27 - [TEST_STEP][PASSED] - if (verifyTextPresent("Transaction Successful", true)): null

2022-04-01 00:53:28 - [MESSAGE][PASSED] - Text 'Transaction Successful' is present on page  using regular expression

2022-04-01 00:53:28 - [TEST_STEP][PASSED] - sdf = getText(findTestObject(path_Receipt + "td_AutoNoC031622113752957Ahm")): Text of object 'Object Repository/AdminSuiteBootstrap_Pages/VT_Bootstrap/Receipt/td_AutoNoC031622113752957Ahm' is: 'AutoDua040122005117874Ahm'

2022-04-01 00:53:28 - [MESSAGE][PASSED] - Text of object 'Object Repository/AdminSuiteBootstrap_Pages/VT_Bootstrap/Receipt/td_AutoNoC031622113752957Ahm' is: 'AutoDua040122005117874Ahm'

2022-04-01 00:53:28 - [TEST_STEP][PASSED] - out.println("sdf: " + sdf): null

2022-04-01 00:53:28 - [TEST_STEP][PASSED] - remID = sdf: null

2022-04-01 00:53:28 - [TEST_STEP][PASSED] - out.println("remID: " + remID): null

2022-04-01 00:53:28 - [TEST_STEP][PASSED] - click(findTestObject(path_Receipt + "button_Continue")): Object: 'Object Repository/AdminSuiteBootstrap_Pages/VT_Bootstrap/Receipt/button_Continue' is clicked on

2022-04-01 00:53:29 - [MESSAGE][PASSED] - Object: 'Object Repository/AdminSuiteBootstrap_Pages/VT_Bootstrap/Receipt/button_Continue' is clicked on

2022-04-01 00:53:29 - [TEST_STEP][PASSED] - click(findTestObject(path_VT + "a_Search Transactions")): Object: 'Object Repository/AdminSuiteBootstrap_Pages/VT_Bootstrap/IssueTransactions/a_Search Transactions' is clicked on

2022-04-01 00:53:30 - [MESSAGE][PASSED] - Object: 'Object Repository/AdminSuiteBootstrap_Pages/VT_Bootstrap/IssueTransactions/a_Search Transactions' is clicked on

2022-04-01 00:53:30 - [TEST_STEP][PASSED] - setText(findTestObject(path_CCSearch + "input_Search By_searchValue"), remID): Text 'AutoDua040122005117874Ahm' is set on object 'Object Repository/AdminSuiteBootstrap_Pages/VT_Bootstrap/CCCreditOrVoidSearch/input_Search By_searchValue'

2022-04-01 00:53:31 - [MESSAGE][PASSED] - Text 'AutoDua040122005117874Ahm' is set on object 'Object Repository/AdminSuiteBootstrap_Pages/VT_Bootstrap/CCCreditOrVoidSearch/input_Search By_searchValue'

2022-04-01 00:53:31 - [TEST_STEP][PASSED] - click(findTestObject(path_CCSearch + "option_Authorization")): Object: 'Object Repository/AdminSuiteBootstrap_Pages/VT_Bootstrap/CCCreditOrVoidSearch/option_Authorization' is clicked on

2022-04-01 00:53:31 - [MESSAGE][PASSED] - Object: 'Object Repository/AdminSuiteBootstrap_Pages/VT_Bootstrap/CCCreditOrVoidSearch/option_Authorization' is clicked on

2022-04-01 00:53:31 - [TEST_STEP][PASSED] - click(findTestObject(path_CCSearch + "button_Submit")): Object: 'Object Repository/AdminSuiteBootstrap_Pages/VT_Bootstrap/CCCreditOrVoidSearch/button_Submit' is clicked on

2022-04-01 00:53:32 - [MESSAGE][PASSED] - Object: 'Object Repository/AdminSuiteBootstrap_Pages/VT_Bootstrap/CCCreditOrVoidSearch/button_Submit' is clicked on

2022-04-01 00:53:32 - [TEST_STEP][PASSED] - fgr = getText(findTestObject(path_SearchResults + "div_Payment ID")): Text of object 'Object Repository/AdminSuiteBootstrap_Pages/VT_Bootstrap/SearchResults/div_Payment ID' is: 'Payment ID
Payment Type
Transaction Type
Remittance ID
Name
Total Amount
End Date
Status
12114407 Credit Card Authorization AutoDua040122005117874Ahm Tulsi Raman $10.50 04/01/2022 Success'

2022-04-01 00:53:33 - [MESSAGE][PASSED] - Text of object 'Object Repository/AdminSuiteBootstrap_Pages/VT_Bootstrap/SearchResults/div_Payment ID' is: 'Payment ID
Payment Type
Transaction Type
Remittance ID
Name
Total Amount
End Date
Status
12114407 Credit Card Authorization AutoDua040122005117874Ahm Tulsi Raman $10.50 04/01/2022 Success'

2022-04-01 00:53:33 - [TEST_STEP][PASSED] - payID = substring(89, 98).trim(): null

2022-04-01 00:53:33 - [TEST_STEP][PASSED] - out.println("payID: " + payID): null

2022-04-01 00:53:33 - [TEST_STEP][PASSED] - click(findTestObject(path_SearchResults + "button_PaymentID")): Object: 'Object Repository/AdminSuiteBootstrap_Pages/VT_Bootstrap/SearchResults/button_PaymentID' is clicked on

2022-04-01 00:53:33 - [MESSAGE][PASSED] - Object: 'Object Repository/AdminSuiteBootstrap_Pages/VT_Bootstrap/SearchResults/button_PaymentID' is clicked on

2022-04-01 00:53:33 - [TEST_STEP][PASSED] - verifyTextPresent("Tender Type", true): Text 'Tender Type' is present on page  using regular expression

2022-04-01 00:53:34 - [MESSAGE][PASSED] - Text 'Tender Type' is present on page  using regular expression

2022-04-01 00:53:34 - [TEST_STEP][PASSED] - verifyTextPresent("Credit Card", true): Text 'Credit Card' is present on page  using regular expression

2022-04-01 00:53:34 - [MESSAGE][PASSED] - Text 'Credit Card' is present on page  using regular expression

2022-04-01 00:53:34 - [TEST_STEP][PASSED] - verifyTextPresent("Transaction Type", true): Text 'Transaction Type' is present on page  using regular expression

2022-04-01 00:53:35 - [MESSAGE][PASSED] - Text 'Transaction Type' is present on page  using regular expression

2022-04-01 00:53:35 - [TEST_STEP][PASSED] - verifyTextPresent("Authorization", true): Text 'Authorization' is present on page  using regular expression

2022-04-01 00:53:35 - [MESSAGE][PASSED] - Text 'Authorization' is present on page  using regular expression

2022-04-01 00:53:35 - [TEST_STEP][PASSED] - verifyTextPresent("Transaction Posted by", true): Text 'Transaction Posted by' is present on page  using regular expression

2022-04-01 00:53:35 - [MESSAGE][PASSED] - Text 'Transaction Posted by' is present on page  using regular expression

2022-04-01 00:53:35 - [TEST_STEP][PASSED] - verifyTextPresent("iahmed", true): Text 'iahmed' is present on page  using regular expression

2022-04-01 00:53:36 - [MESSAGE][PASSED] - Text 'iahmed' is present on page  using regular expression

2022-04-01 00:53:36 - [TEST_STEP][PASSED] - click(findTestObject(path_TranxDetails + "a_Capture this transaction")): Object: 'Object Repository/AdminSuiteBootstrap_Pages/VT_Bootstrap/TransactionDetails/a_Capture this transaction' is clicked on

2022-04-01 00:53:37 - [MESSAGE][PASSED] - Object: 'Object Repository/AdminSuiteBootstrap_Pages/VT_Bootstrap/TransactionDetails/a_Capture this transaction' is clicked on

2022-04-01 00:53:37 - [TEST_STEP][PASSED] - verifyTextPresent("Credit Card Capture", true): Text 'Credit Card Capture' is present on page  using regular expression

2022-04-01 00:53:37 - [MESSAGE][PASSED] - Text 'Credit Card Capture' is present on page  using regular expression

2022-04-01 00:53:37 - [TEST_STEP][PASSED] - captureAmount = findTestData(dataFile).getValue("CaptureAmount", row): null

2022-04-01 00:53:37 - [TEST_STEP][PASSED] - setText(findTestObject(path_SaleKB + "input_amountCapture"), captureAmount): Text '10.50' is set on object 'Object Repository/AdminSuiteBootstrap_Pages/VT_Bootstrap/SaleKeyboard/input_amountCapture'

2022-04-01 00:53:38 - [MESSAGE][PASSED] - Text '10.50' is set on object 'Object Repository/AdminSuiteBootstrap_Pages/VT_Bootstrap/SaleKeyboard/input_amountCapture'

2022-04-01 00:53:38 - [TEST_STEP][PASSED] - click(findTestObject(path_TranxDetails + "button_Submit")): Object: 'Object Repository/AdminSuiteBootstrap_Pages/VT_Bootstrap/TransactionDetails/button_Submit' is clicked on

2022-04-01 00:53:41 - [MESSAGE][PASSED] - Object: 'Object Repository/AdminSuiteBootstrap_Pages/VT_Bootstrap/TransactionDetails/button_Submit' is clicked on

2022-04-01 00:53:41 - [TEST_STEP][PASSED] - if (verifyTextPresent("Transaction Successful", true)): null

2022-04-01 00:53:41 - [MESSAGE][PASSED] - Text 'Transaction Successful' is present on page  using regular expression

2022-04-01 00:53:41 - [TEST_STEP][PASSED] - verifyTextPresent("Transaction Type", true): Text 'Transaction Type' is present on page  using regular expression

2022-04-01 00:53:42 - [MESSAGE][PASSED] - Text 'Transaction Type' is present on page  using regular expression

2022-04-01 00:53:42 - [TEST_STEP][PASSED] - verifyTextPresent("Capture", true): Text 'Capture' is present on page  using regular expression

2022-04-01 00:53:42 - [MESSAGE][PASSED] - Text 'Capture' is present on page  using regular expression

2022-04-01 00:53:42 - [TEST_STEP][PASSED] - verifyTextPresent("Amount", true): Text 'Amount' is present on page  using regular expression

2022-04-01 00:53:42 - [MESSAGE][PASSED] - Text 'Amount' is present on page  using regular expression

2022-04-01 00:53:42 - [TEST_STEP][PASSED] - verifyTextPresent(captureAmount, true): Text '10.50' is present on page  using regular expression

2022-04-01 00:53:43 - [MESSAGE][PASSED] - Text '10.50' is present on page  using regular expression

2022-04-01 00:53:43 - [TEST_STEP][PASSED] - sdf = getText(findTestObject(path_Receipt + "td_AutoNoC031622113752957Ahm")): Text of object 'Object Repository/AdminSuiteBootstrap_Pages/VT_Bootstrap/Receipt/td_AutoNoC031622113752957Ahm' is: 'AutoDua040122005117874Ahm'

2022-04-01 00:53:43 - [MESSAGE][PASSED] - Text of object 'Object Repository/AdminSuiteBootstrap_Pages/VT_Bootstrap/Receipt/td_AutoNoC031622113752957Ahm' is: 'AutoDua040122005117874Ahm'

2022-04-01 00:53:43 - [TEST_STEP][PASSED] - out.println("sdf: " + sdf): null

2022-04-01 00:53:43 - [TEST_STEP][PASSED] - remID = sdf: null

2022-04-01 00:53:43 - [TEST_STEP][PASSED] - out.println("remID: " + remID): null

2022-04-01 00:53:43 - [TEST_STEP][PASSED] - click(findTestObject(path_Receipt + "button_Continue")): Object: 'Object Repository/AdminSuiteBootstrap_Pages/VT_Bootstrap/Receipt/button_Continue' is clicked on

2022-04-01 00:53:44 - [MESSAGE][PASSED] - Object: 'Object Repository/AdminSuiteBootstrap_Pages/VT_Bootstrap/Receipt/button_Continue' is clicked on

2022-04-01 00:53:44 - [TEST_STEP][PASSED] - click(findTestObject(path_VT + "a_Search Transactions")): Object: 'Object Repository/AdminSuiteBootstrap_Pages/VT_Bootstrap/IssueTransactions/a_Search Transactions' is clicked on

2022-04-01 00:53:45 - [MESSAGE][PASSED] - Object: 'Object Repository/AdminSuiteBootstrap_Pages/VT_Bootstrap/IssueTransactions/a_Search Transactions' is clicked on

2022-04-01 00:53:45 - [TEST_STEP][PASSED] - setText(findTestObject(path_CCSearch + "input_Search By_searchValue"), remID): Text 'AutoDua040122005117874Ahm' is set on object 'Object Repository/AdminSuiteBootstrap_Pages/VT_Bootstrap/CCCreditOrVoidSearch/input_Search By_searchValue'

2022-04-01 00:53:46 - [MESSAGE][PASSED] - Text 'AutoDua040122005117874Ahm' is set on object 'Object Repository/AdminSuiteBootstrap_Pages/VT_Bootstrap/CCCreditOrVoidSearch/input_Search By_searchValue'

2022-04-01 00:53:46 - [TEST_STEP][PASSED] - click(findTestObject(path_CCSearch + "option_Capture (Sale)")): Object: 'Object Repository/AdminSuiteBootstrap_Pages/VT_Bootstrap/CCCreditOrVoidSearch/option_Capture (Sale)' is clicked on

2022-04-01 00:53:46 - [MESSAGE][PASSED] - Object: 'Object Repository/AdminSuiteBootstrap_Pages/VT_Bootstrap/CCCreditOrVoidSearch/option_Capture (Sale)' is clicked on

2022-04-01 00:53:46 - [TEST_STEP][PASSED] - click(findTestObject(path_CCSearch + "button_Submit")): Object: 'Object Repository/AdminSuiteBootstrap_Pages/VT_Bootstrap/CCCreditOrVoidSearch/button_Submit' is clicked on

2022-04-01 00:53:47 - [MESSAGE][PASSED] - Object: 'Object Repository/AdminSuiteBootstrap_Pages/VT_Bootstrap/CCCreditOrVoidSearch/button_Submit' is clicked on

2022-04-01 00:53:47 - [TEST_STEP][PASSED] - fgr = getText(findTestObject(path_SearchResults + "div_Payment ID")): Text of object 'Object Repository/AdminSuiteBootstrap_Pages/VT_Bootstrap/SearchResults/div_Payment ID' is: 'Payment ID
Payment Type
Transaction Type
Remittance ID
Name
Total Amount
End Date
Status
12114409 Credit Card Capture AutoDua040122005117874Ahm Tulsi Raman $10.50 04/01/2022 Success'

2022-04-01 00:53:47 - [MESSAGE][PASSED] - Text of object 'Object Repository/AdminSuiteBootstrap_Pages/VT_Bootstrap/SearchResults/div_Payment ID' is: 'Payment ID
Payment Type
Transaction Type
Remittance ID
Name
Total Amount
End Date
Status
12114409 Credit Card Capture AutoDua040122005117874Ahm Tulsi Raman $10.50 04/01/2022 Success'

2022-04-01 00:53:47 - [TEST_STEP][PASSED] - payID = substring(89, 98).trim(): null

2022-04-01 00:53:47 - [TEST_STEP][PASSED] - out.println("payID: " + payID): null

2022-04-01 00:53:47 - [TEST_STEP][PASSED] - click(findTestObject(path_SearchResults + "button_PaymentID")): Object: 'Object Repository/AdminSuiteBootstrap_Pages/VT_Bootstrap/SearchResults/button_PaymentID' is clicked on

2022-04-01 00:53:48 - [MESSAGE][PASSED] - Object: 'Object Repository/AdminSuiteBootstrap_Pages/VT_Bootstrap/SearchResults/button_PaymentID' is clicked on

2022-04-01 00:53:48 - [TEST_STEP][PASSED] - click(findTestObject(path_TranxDetails + "a_Void this transaction")): Object: 'Object Repository/AdminSuiteBootstrap_Pages/VT_Bootstrap/TransactionDetails/a_Void this transaction' is clicked on

2022-04-01 00:53:49 - [MESSAGE][PASSED] - Object: 'Object Repository/AdminSuiteBootstrap_Pages/VT_Bootstrap/TransactionDetails/a_Void this transaction' is clicked on

2022-04-01 00:53:49 - [TEST_STEP][PASSED] - verifyTextPresent("The following transaction will be voided", true): Text 'The following transaction will be voided' is present on page  using regular expression

2022-04-01 00:53:50 - [MESSAGE][PASSED] - Text 'The following transaction will be voided' is present on page  using regular expression

2022-04-01 00:53:50 - [TEST_STEP][PASSED] - verifyTextPresent("Please press submit to continue", true): Text 'Please press submit to continue' is present on page  using regular expression

2022-04-01 00:53:50 - [MESSAGE][PASSED] - Text 'Please press submit to continue' is present on page  using regular expression

2022-04-01 00:53:50 - [TEST_STEP][PASSED] - click(findTestObject(path_TranxDetails + "button_Submit")): Object: 'Object Repository/AdminSuiteBootstrap_Pages/VT_Bootstrap/TransactionDetails/button_Submit' is clicked on

2022-04-01 00:53:52 - [MESSAGE][PASSED] - Object: 'Object Repository/AdminSuiteBootstrap_Pages/VT_Bootstrap/TransactionDetails/button_Submit' is clicked on

2022-04-01 00:53:52 - [TEST_STEP][PASSED] - verifyTextPresent("Transaction Successful", true): Text 'Transaction Successful' is present on page  using regular expression

2022-04-01 00:53:53 - [MESSAGE][PASSED] - Text 'Transaction Successful' is present on page  using regular expression

2022-04-01 00:53:53 - [TEST_STEP][PASSED] - verifyTextPresent("Transaction Type", true): Text 'Transaction Type' is present on page  using regular expression

2022-04-01 00:53:53 - [MESSAGE][PASSED] - Text 'Transaction Type' is present on page  using regular expression

2022-04-01 00:53:53 - [TEST_STEP][PASSED] - verifyTextPresent("Void", true): Text 'Void' is present on page  using regular expression

2022-04-01 00:53:53 - [MESSAGE][PASSED] - Text 'Void' is present on page  using regular expression

2022-04-01 00:53:53 - [TEST_STEP][PASSED] - closeBrowser(): Browser is closed

2022-04-01 00:53:54 - [MESSAGE][PASSED] - Browser is closed

2022-04-01 00:53:54 - [TEST_STEP][PASSED] - ExecuteTC = findTestData(dataFile).getValue("Execute", row): null

2022-04-01 00:53:54 - [TEST_STEP][PASSED] - out.println("Value of Execute is : " + ExecuteTC): null

2022-04-01 00:53:54 - [TEST_STEP][PASSED] - switch (executionProfile): null

2022-04-01 00:53:54 - [TEST_STEP][PASSED] - case "QAProfile":: null

2022-04-01 00:53:54 - [TEST_STEP][PASSED] - appName = findTestData(dataFile).getValue("AppNameQA", row): null

2022-04-01 00:53:54 - [TEST_STEP][PASSED] - appID = findTestData(dataFile).getValue("AppIDQA", row): null

2022-04-01 00:53:54 - [TEST_STEP][PASSED] - break: null

2022-04-01 00:53:54 - [TEST_STEP][PASSED] - hrefAppID = li_1 + appID + li_2: null

2022-04-01 00:53:54 - [TEST_STEP][PASSED] - hrefApp = li_1 + appID + "/": null

2022-04-01 00:53:54 - [TEST_STEP][PASSED] - println("hrefApp : " + hrefApp): null

2022-04-01 00:53:54 - [TEST_STEP][PASSED] - if (ExecuteTC.equalsIgnoreCase("Y")): null

2022-04-01 00:53:54 - [TEST_STEP][PASSED] - out.println("Begin Record Number: " + row): null

2022-04-01 00:53:54 - [TEST_STEP][PASSED] - today = new java.util.Date(): null

2022-04-01 00:53:54 - [TEST_STEP][PASSED] - println(today): null

2022-04-01 00:53:54 - [TEST_STEP][PASSED] - datText = today: null

2022-04-01 00:53:54 - [TEST_STEP][PASSED] - adminSuiteBootstrap.loginFunctionality.login_AdminSuite(): adminSuiteBootstrap.loginFunctionality.login_AdminSuite is PASSED

2022-04-01 00:53:54 - [MESSAGE][INFO] - Starting 'Chrome' driver

2022-04-01 00:53:54 - [MESSAGE][INFO] - User set preference: ['acceptInsecureCerts', 'true']

2022-04-01 00:53:54 - [MESSAGE][INFO] - Action delay is set to 0 milliseconds

2022-04-01 00:53:57 - [MESSAGE][PASSED] - Browser is opened with url: 'https://qa.velocitypayment.com/admin/imtiaz'

2022-04-01 00:53:58 - [MESSAGE][PASSED] - Current window maximized

2022-04-01 00:53:58 - [MESSAGE][PASSED] - Object 'Object Repository/Login_Page/Login_Username' is present

2022-04-01 00:53:59 - [MESSAGE][PASSED] - Text 'iahmed' is set on object 'Object Repository/Login_Page/Login_Username'

2022-04-01 00:53:59 - [MESSAGE][PASSED] - Text 'hello2222' is set on object 'Object Repository/Login_Page/Login_Password'

2022-04-01 00:54:04 - [MESSAGE][PASSED] - Object: 'Object Repository/Login_Page/Login_Submit' is clicked on

2022-04-01 00:54:04 - [MESSAGE][PASSED] - adminSuiteBootstrap.loginFunctionality.login_AdminSuite is PASSED

2022-04-01 00:54:04 - [TEST_STEP][PASSED] - click(findTestObject(path_Dashboard + appName)): Object: 'Object Repository/AdminSuiteBootstrap_Pages/Dashboard_Bootstrap/a_Access AutoDualCFtpQA' is clicked on

2022-04-01 00:54:05 - [MESSAGE][PASSED] - Object: 'Object Repository/AdminSuiteBootstrap_Pages/Dashboard_Bootstrap/a_Access AutoDualCFtpQA' is clicked on

2022-04-01 00:54:05 - [TEST_STEP][PASSED] - click(findTestObject(path_VT + "button_Authorization Only")): Object: 'Object Repository/AdminSuiteBootstrap_Pages/VT_Bootstrap/IssueTransactions/button_Authorization Only' is clicked on

2022-04-01 00:54:05 - [MESSAGE][PASSED] - Object: 'Object Repository/AdminSuiteBootstrap_Pages/VT_Bootstrap/IssueTransactions/button_Authorization Only' is clicked on

2022-04-01 00:54:05 - [TEST_STEP][PASSED] - authOnlyKeyboardEntryLink = modifyObjectProperty(findTestObject(path_VT + "a_KeyboardEntry_Sale"), "href", "equals", hrefAppID, true): Modify property of object successfully

2022-04-01 00:54:06 - [MESSAGE][PASSED] - Modify property of object successfully

2022-04-01 00:54:06 - [TEST_STEP][PASSED] - click(authOnlyKeyboardEntryLink): Object: 'Object Repository/AdminSuiteBootstrap_Pages/VT_Bootstrap/IssueTransactions/a_KeyboardEntry_Sale' is clicked on

2022-04-01 00:54:06 - [MESSAGE][PASSED] - Object: 'Object Repository/AdminSuiteBootstrap_Pages/VT_Bootstrap/IssueTransactions/a_KeyboardEntry_Sale' is clicked on

2022-04-01 00:54:06 - [TEST_STEP][PASSED] - adminSuiteBootstrap.virtualTerminalSetData.saleKeyboard_DataDriven(row, dataFile): adminSuiteBootstrap.virtualTerminalSetData.saleKeyboard_DataDriven is PASSED

2022-04-01 00:54:09 - [MESSAGE][PASSED] - Text 'Janaki James' is set on object 'Object Repository/AdminSuiteBootstrap_Pages/VT_Bootstrap/SaleKeyboard/input_cardName'

2022-04-01 00:54:10 - [MESSAGE][PASSED] - All options with value 'MOTO' are selected in object 'Object Repository/AdminSuiteBootstrap_Pages/VT_Bootstrap/SaleKeyboard/select_transactionCategory'  using regular expression

2022-04-01 00:54:11 - [MESSAGE][PASSED] - Execute JavaScript 'arguments[0].value ='371449635392376' ' successfully

2022-04-01 00:54:11 - [MESSAGE][PASSED] - Execute JavaScript 'arguments[0].value ='123' ' successfully

2022-04-01 00:54:12 - [MESSAGE][PASSED] - All options with value '12' are selected in object 'Object Repository/AdminSuiteBootstrap_Pages/VT_Bootstrap/SaleKeyboard/select_MM'  using regular expression

2022-04-01 00:54:13 - [MESSAGE][PASSED] - All options with value '2025' are selected in object 'Object Repository/AdminSuiteBootstrap_Pages/VT_Bootstrap/SaleKeyboard/select_YYYY'  using regular expression

2022-04-01 00:54:14 - [MESSAGE][PASSED] - Text '550 Swan Lake' is set on object 'Object Repository/AdminSuiteBootstrap_Pages/VT_Bootstrap/SaleKeyboard/input__address'

2022-04-01 00:54:15 - [MESSAGE][PASSED] - Text 'Suite 500' is set on object 'Object Repository/AdminSuiteBootstrap_Pages/VT_Bootstrap/SaleKeyboard/input__address2'

2022-04-01 00:54:15 - [MESSAGE][PASSED] - Text '22201' is set on object 'Object Repository/AdminSuiteBootstrap_Pages/VT_Bootstrap/SaleKeyboard/input__zip'

2022-04-01 00:54:16 - [MESSAGE][PASSED] - Text '' is set on object 'Object Repository/AdminSuiteBootstrap_Pages/VT_Bootstrap/SaleKeyboard/input_emailAddress'

2022-04-01 00:54:17 - [MESSAGE][PASSED] - Text '' is set on object 'Object Repository/AdminSuiteBootstrap_Pages/VT_Bootstrap/SaleKeyboard/input_smsNumber'

2022-04-01 00:54:18 - [MESSAGE][PASSED] - Text '10.50' is set on object 'Object Repository/AdminSuiteBootstrap_Pages/VT_Bootstrap/SaleKeyboard/input_amount'

2022-04-01 00:54:19 - [MESSAGE][PASSED] - Text 'Australia' is set on object 'Object Repository/AdminSuiteBootstrap_Pages/VT_Bootstrap/SaleKeyboard/input_userDefined1'

2022-04-01 00:54:20 - [MESSAGE][PASSED] - Text 'Denmark' is set on object 'Object Repository/AdminSuiteBootstrap_Pages/VT_Bootstrap/SaleKeyboard/input_userDefined2'

2022-04-01 00:54:21 - [MESSAGE][PASSED] - Text 'Sweden' is set on object 'Object Repository/AdminSuiteBootstrap_Pages/VT_Bootstrap/SaleKeyboard/input_userDefined3'

2022-04-01 00:54:21 - [MESSAGE][PASSED] - Text 'Austria' is set on object 'Object Repository/AdminSuiteBootstrap_Pages/VT_Bootstrap/SaleKeyboard/input_userDefined4'

2022-04-01 00:54:22 - [MESSAGE][PASSED] - All options with label 'Orange' are selected in object 'Object Repository/AdminSuiteBootstrap_Pages/VT_Bootstrap/SaleKeyboard/select_UDF5_DropDown'  using regular expression

2022-04-01 00:54:23 - [MESSAGE][PASSED] - All options with label 'Yellow' are selected in object 'Object Repository/AdminSuiteBootstrap_Pages/VT_Bootstrap/SaleKeyboard/select_UDF6_DropDown'  using regular expression

2022-04-01 00:54:24 - [MESSAGE][PASSED] - Text 'Norway' is set on object 'Object Repository/AdminSuiteBootstrap_Pages/VT_Bootstrap/SaleKeyboard/input_userDefined7'

2022-04-01 00:54:25 - [MESSAGE][PASSED] - Text 'Netherlands' is set on object 'Object Repository/AdminSuiteBootstrap_Pages/VT_Bootstrap/SaleKeyboard/input_userDefined8'

2022-04-01 00:54:26 - [MESSAGE][PASSED] - Text 'Switzerland' is set on object 'Object Repository/AdminSuiteBootstrap_Pages/VT_Bootstrap/SaleKeyboard/input_userDefined9'

2022-04-01 00:54:26 - [MESSAGE][PASSED] - Text 'France' is set on object 'Object Repository/AdminSuiteBootstrap_Pages/VT_Bootstrap/SaleKeyboard/input_userDefined10'

2022-04-01 00:54:28 - [MESSAGE][PASSED] - Object: 'Object Repository/AdminSuiteBootstrap_Pages/VT_Bootstrap/SaleKeyboard/button_Submit' is clicked on

2022-04-01 00:54:28 - [MESSAGE][PASSED] - adminSuiteBootstrap.virtualTerminalSetData.saleKeyboard_DataDriven is PASSED

2022-04-01 00:54:28 - [TEST_STEP][PASSED] - if (verifyTextPresent("Transaction Successful", true)): null

2022-04-01 00:54:29 - [MESSAGE][PASSED] - Text 'Transaction Successful' is present on page  using regular expression

2022-04-01 00:54:29 - [TEST_STEP][PASSED] - sdf = getText(findTestObject(path_Receipt + "td_AutoNoC031622113752957Ahm")): Text of object 'Object Repository/AdminSuiteBootstrap_Pages/VT_Bootstrap/Receipt/td_AutoNoC031622113752957Ahm' is: 'AutoDua040122005219170Ahm'

2022-04-01 00:54:29 - [MESSAGE][PASSED] - Text of object 'Object Repository/AdminSuiteBootstrap_Pages/VT_Bootstrap/Receipt/td_AutoNoC031622113752957Ahm' is: 'AutoDua040122005219170Ahm'

2022-04-01 00:54:29 - [TEST_STEP][PASSED] - out.println("sdf: " + sdf): null

2022-04-01 00:54:29 - [TEST_STEP][PASSED] - remID = sdf: null

2022-04-01 00:54:29 - [TEST_STEP][PASSED] - out.println("remID: " + remID): null

2022-04-01 00:54:29 - [TEST_STEP][PASSED] - click(findTestObject(path_Receipt + "button_Continue")): Object: 'Object Repository/AdminSuiteBootstrap_Pages/VT_Bootstrap/Receipt/button_Continue' is clicked on

2022-04-01 00:54:30 - [MESSAGE][PASSED] - Object: 'Object Repository/AdminSuiteBootstrap_Pages/VT_Bootstrap/Receipt/button_Continue' is clicked on

2022-04-01 00:54:30 - [TEST_STEP][PASSED] - click(findTestObject(path_VT + "a_Search Transactions")): Object: 'Object Repository/AdminSuiteBootstrap_Pages/VT_Bootstrap/IssueTransactions/a_Search Transactions' is clicked on

2022-04-01 00:54:31 - [MESSAGE][PASSED] - Object: 'Object Repository/AdminSuiteBootstrap_Pages/VT_Bootstrap/IssueTransactions/a_Search Transactions' is clicked on

2022-04-01 00:54:31 - [TEST_STEP][PASSED] - setText(findTestObject(path_CCSearch + "input_Search By_searchValue"), remID): Text 'AutoDua040122005219170Ahm' is set on object 'Object Repository/AdminSuiteBootstrap_Pages/VT_Bootstrap/CCCreditOrVoidSearch/input_Search By_searchValue'

2022-04-01 00:54:32 - [MESSAGE][PASSED] - Text 'AutoDua040122005219170Ahm' is set on object 'Object Repository/AdminSuiteBootstrap_Pages/VT_Bootstrap/CCCreditOrVoidSearch/input_Search By_searchValue'

2022-04-01 00:54:32 - [TEST_STEP][PASSED] - click(findTestObject(path_CCSearch + "option_Authorization")): Object: 'Object Repository/AdminSuiteBootstrap_Pages/VT_Bootstrap/CCCreditOrVoidSearch/option_Authorization' is clicked on

2022-04-01 00:54:32 - [MESSAGE][PASSED] - Object: 'Object Repository/AdminSuiteBootstrap_Pages/VT_Bootstrap/CCCreditOrVoidSearch/option_Authorization' is clicked on

2022-04-01 00:54:32 - [TEST_STEP][PASSED] - click(findTestObject(path_CCSearch + "button_Submit")): Object: 'Object Repository/AdminSuiteBootstrap_Pages/VT_Bootstrap/CCCreditOrVoidSearch/button_Submit' is clicked on

2022-04-01 00:54:33 - [MESSAGE][PASSED] - Object: 'Object Repository/AdminSuiteBootstrap_Pages/VT_Bootstrap/CCCreditOrVoidSearch/button_Submit' is clicked on

2022-04-01 00:54:33 - [TEST_STEP][PASSED] - fgr = getText(findTestObject(path_SearchResults + "div_Payment ID")): Text of object 'Object Repository/AdminSuiteBootstrap_Pages/VT_Bootstrap/SearchResults/div_Payment ID' is: 'Payment ID
Payment Type
Transaction Type
Remittance ID
Name
Total Amount
End Date
Status
12114412 Credit Card Authorization AutoDua040122005219170Ahm Janaki James $10.50 04/01/2022 Success'

2022-04-01 00:54:34 - [MESSAGE][PASSED] - Text of object 'Object Repository/AdminSuiteBootstrap_Pages/VT_Bootstrap/SearchResults/div_Payment ID' is: 'Payment ID
Payment Type
Transaction Type
Remittance ID
Name
Total Amount
End Date
Status
12114412 Credit Card Authorization AutoDua040122005219170Ahm Janaki James $10.50 04/01/2022 Success'

2022-04-01 00:54:34 - [TEST_STEP][PASSED] - payID = substring(89, 98).trim(): null

2022-04-01 00:54:34 - [TEST_STEP][PASSED] - out.println("payID: " + payID): null

2022-04-01 00:54:34 - [TEST_STEP][PASSED] - click(findTestObject(path_SearchResults + "button_PaymentID")): Object: 'Object Repository/AdminSuiteBootstrap_Pages/VT_Bootstrap/SearchResults/button_PaymentID' is clicked on

2022-04-01 00:54:35 - [MESSAGE][PASSED] - Object: 'Object Repository/AdminSuiteBootstrap_Pages/VT_Bootstrap/SearchResults/button_PaymentID' is clicked on

2022-04-01 00:54:35 - [TEST_STEP][PASSED] - verifyTextPresent("Tender Type", true): Text 'Tender Type' is present on page  using regular expression

2022-04-01 00:54:35 - [MESSAGE][PASSED] - Text 'Tender Type' is present on page  using regular expression

2022-04-01 00:54:35 - [TEST_STEP][PASSED] - verifyTextPresent("Credit Card", true): Text 'Credit Card' is present on page  using regular expression

2022-04-01 00:54:35 - [MESSAGE][PASSED] - Text 'Credit Card' is present on page  using regular expression

2022-04-01 00:54:35 - [TEST_STEP][PASSED] - verifyTextPresent("Transaction Type", true): Text 'Transaction Type' is present on page  using regular expression

2022-04-01 00:54:36 - [MESSAGE][PASSED] - Text 'Transaction Type' is present on page  using regular expression

2022-04-01 00:54:36 - [TEST_STEP][PASSED] - verifyTextPresent("Authorization", true): Text 'Authorization' is present on page  using regular expression

2022-04-01 00:54:36 - [MESSAGE][PASSED] - Text 'Authorization' is present on page  using regular expression

2022-04-01 00:54:36 - [TEST_STEP][PASSED] - verifyTextPresent("Transaction Posted by", true): Text 'Transaction Posted by' is present on page  using regular expression

2022-04-01 00:54:36 - [MESSAGE][PASSED] - Text 'Transaction Posted by' is present on page  using regular expression

2022-04-01 00:54:36 - [TEST_STEP][PASSED] - verifyTextPresent("iahmed", true): Text 'iahmed' is present on page  using regular expression

2022-04-01 00:54:37 - [MESSAGE][PASSED] - Text 'iahmed' is present on page  using regular expression

2022-04-01 00:54:37 - [TEST_STEP][PASSED] - click(findTestObject(path_TranxDetails + "a_Capture this transaction")): Object: 'Object Repository/AdminSuiteBootstrap_Pages/VT_Bootstrap/TransactionDetails/a_Capture this transaction' is clicked on

2022-04-01 00:54:38 - [MESSAGE][PASSED] - Object: 'Object Repository/AdminSuiteBootstrap_Pages/VT_Bootstrap/TransactionDetails/a_Capture this transaction' is clicked on

2022-04-01 00:54:38 - [TEST_STEP][PASSED] - verifyTextPresent("Credit Card Capture", true): Text 'Credit Card Capture' is present on page  using regular expression

2022-04-01 00:54:38 - [MESSAGE][PASSED] - Text 'Credit Card Capture' is present on page  using regular expression

2022-04-01 00:54:38 - [TEST_STEP][PASSED] - captureAmount = findTestData(dataFile).getValue("CaptureAmount", row): null

2022-04-01 00:54:39 - [TEST_STEP][PASSED] - setText(findTestObject(path_SaleKB + "input_amountCapture"), captureAmount): Text '8.50' is set on object 'Object Repository/AdminSuiteBootstrap_Pages/VT_Bootstrap/SaleKeyboard/input_amountCapture'

2022-04-01 00:54:39 - [MESSAGE][PASSED] - Text '8.50' is set on object 'Object Repository/AdminSuiteBootstrap_Pages/VT_Bootstrap/SaleKeyboard/input_amountCapture'

2022-04-01 00:54:39 - [TEST_STEP][PASSED] - click(findTestObject(path_TranxDetails + "button_Submit")): Object: 'Object Repository/AdminSuiteBootstrap_Pages/VT_Bootstrap/TransactionDetails/button_Submit' is clicked on

2022-04-01 00:54:42 - [MESSAGE][PASSED] - Object: 'Object Repository/AdminSuiteBootstrap_Pages/VT_Bootstrap/TransactionDetails/button_Submit' is clicked on

2022-04-01 00:54:42 - [TEST_STEP][PASSED] - if (verifyTextPresent("Transaction Successful", true)): null

2022-04-01 00:54:42 - [MESSAGE][PASSED] - Text 'Transaction Successful' is present on page  using regular expression

2022-04-01 00:54:42 - [TEST_STEP][PASSED] - verifyTextPresent("Transaction Type", true): Text 'Transaction Type' is present on page  using regular expression

2022-04-01 00:54:43 - [MESSAGE][PASSED] - Text 'Transaction Type' is present on page  using regular expression

2022-04-01 00:54:43 - [TEST_STEP][PASSED] - verifyTextPresent("Capture", true): Text 'Capture' is present on page  using regular expression

2022-04-01 00:54:43 - [MESSAGE][PASSED] - Text 'Capture' is present on page  using regular expression

2022-04-01 00:54:43 - [TEST_STEP][PASSED] - verifyTextPresent("Amount", true): Text 'Amount' is present on page  using regular expression

2022-04-01 00:54:43 - [MESSAGE][PASSED] - Text 'Amount' is present on page  using regular expression

2022-04-01 00:54:43 - [TEST_STEP][PASSED] - verifyTextPresent(captureAmount, true): Text '8.50' is present on page  using regular expression

2022-04-01 00:54:44 - [MESSAGE][PASSED] - Text '8.50' is present on page  using regular expression

2022-04-01 00:54:44 - [TEST_STEP][PASSED] - sdf = getText(findTestObject(path_Receipt + "td_AutoNoC031622113752957Ahm")): Text of object 'Object Repository/AdminSuiteBootstrap_Pages/VT_Bootstrap/Receipt/td_AutoNoC031622113752957Ahm' is: 'AutoDua040122005219170Ahm'

2022-04-01 00:54:44 - [MESSAGE][PASSED] - Text of object 'Object Repository/AdminSuiteBootstrap_Pages/VT_Bootstrap/Receipt/td_AutoNoC031622113752957Ahm' is: 'AutoDua040122005219170Ahm'

2022-04-01 00:54:44 - [TEST_STEP][PASSED] - out.println("sdf: " + sdf): null

2022-04-01 00:54:44 - [TEST_STEP][PASSED] - remID = sdf: null

2022-04-01 00:54:44 - [TEST_STEP][PASSED] - out.println("remID: " + remID): null

2022-04-01 00:54:44 - [TEST_STEP][PASSED] - click(findTestObject(path_Receipt + "button_Continue")): Object: 'Object Repository/AdminSuiteBootstrap_Pages/VT_Bootstrap/Receipt/button_Continue' is clicked on

2022-04-01 00:54:45 - [MESSAGE][PASSED] - Object: 'Object Repository/AdminSuiteBootstrap_Pages/VT_Bootstrap/Receipt/button_Continue' is clicked on

2022-04-01 00:54:45 - [TEST_STEP][PASSED] - click(findTestObject(path_VT + "a_Search Transactions")): Object: 'Object Repository/AdminSuiteBootstrap_Pages/VT_Bootstrap/IssueTransactions/a_Search Transactions' is clicked on

2022-04-01 00:54:46 - [MESSAGE][PASSED] - Object: 'Object Repository/AdminSuiteBootstrap_Pages/VT_Bootstrap/IssueTransactions/a_Search Transactions' is clicked on

2022-04-01 00:54:46 - [TEST_STEP][PASSED] - setText(findTestObject(path_CCSearch + "input_Search By_searchValue"), remID): Text 'AutoDua040122005219170Ahm' is set on object 'Object Repository/AdminSuiteBootstrap_Pages/VT_Bootstrap/CCCreditOrVoidSearch/input_Search By_searchValue'

2022-04-01 00:54:47 - [MESSAGE][PASSED] - Text 'AutoDua040122005219170Ahm' is set on object 'Object Repository/AdminSuiteBootstrap_Pages/VT_Bootstrap/CCCreditOrVoidSearch/input_Search By_searchValue'

2022-04-01 00:54:47 - [TEST_STEP][PASSED] - click(findTestObject(path_CCSearch + "option_Capture (Sale)")): Object: 'Object Repository/AdminSuiteBootstrap_Pages/VT_Bootstrap/CCCreditOrVoidSearch/option_Capture (Sale)' is clicked on

2022-04-01 00:54:47 - [MESSAGE][PASSED] - Object: 'Object Repository/AdminSuiteBootstrap_Pages/VT_Bootstrap/CCCreditOrVoidSearch/option_Capture (Sale)' is clicked on

2022-04-01 00:54:47 - [TEST_STEP][PASSED] - click(findTestObject(path_CCSearch + "button_Submit")): Object: 'Object Repository/AdminSuiteBootstrap_Pages/VT_Bootstrap/CCCreditOrVoidSearch/button_Submit' is clicked on

2022-04-01 00:54:48 - [MESSAGE][PASSED] - Object: 'Object Repository/AdminSuiteBootstrap_Pages/VT_Bootstrap/CCCreditOrVoidSearch/button_Submit' is clicked on

2022-04-01 00:54:48 - [TEST_STEP][PASSED] - fgr = getText(findTestObject(path_SearchResults + "div_Payment ID")): Text of object 'Object Repository/AdminSuiteBootstrap_Pages/VT_Bootstrap/SearchResults/div_Payment ID' is: 'Payment ID
Payment Type
Transaction Type
Remittance ID
Name
Total Amount
End Date
Status
12114414 Credit Card Capture AutoDua040122005219170Ahm Janaki James $8.50 04/01/2022 Success'

2022-04-01 00:54:49 - [MESSAGE][PASSED] - Text of object 'Object Repository/AdminSuiteBootstrap_Pages/VT_Bootstrap/SearchResults/div_Payment ID' is: 'Payment ID
Payment Type
Transaction Type
Remittance ID
Name
Total Amount
End Date
Status
12114414 Credit Card Capture AutoDua040122005219170Ahm Janaki James $8.50 04/01/2022 Success'

2022-04-01 00:54:49 - [TEST_STEP][PASSED] - payID = substring(89, 98).trim(): null

2022-04-01 00:54:49 - [TEST_STEP][PASSED] - out.println("payID: " + payID): null

2022-04-01 00:54:49 - [TEST_STEP][PASSED] - click(findTestObject(path_SearchResults + "button_PaymentID")): Object: 'Object Repository/AdminSuiteBootstrap_Pages/VT_Bootstrap/SearchResults/button_PaymentID' is clicked on

2022-04-01 00:54:50 - [MESSAGE][PASSED] - Object: 'Object Repository/AdminSuiteBootstrap_Pages/VT_Bootstrap/SearchResults/button_PaymentID' is clicked on

2022-04-01 00:54:50 - [TEST_STEP][PASSED] - click(findTestObject(path_TranxDetails + "a_Void this transaction")): Object: 'Object Repository/AdminSuiteBootstrap_Pages/VT_Bootstrap/TransactionDetails/a_Void this transaction' is clicked on

2022-04-01 00:54:51 - [MESSAGE][PASSED] - Object: 'Object Repository/AdminSuiteBootstrap_Pages/VT_Bootstrap/TransactionDetails/a_Void this transaction' is clicked on

2022-04-01 00:54:51 - [TEST_STEP][PASSED] - verifyTextPresent("The following transaction will be voided", true): Text 'The following transaction will be voided' is present on page  using regular expression

2022-04-01 00:54:52 - [MESSAGE][PASSED] - Text 'The following transaction will be voided' is present on page  using regular expression

2022-04-01 00:54:52 - [TEST_STEP][PASSED] - verifyTextPresent("Please press submit to continue", true): Text 'Please press submit to continue' is present on page  using regular expression

2022-04-01 00:54:52 - [MESSAGE][PASSED] - Text 'Please press submit to continue' is present on page  using regular expression

2022-04-01 00:54:52 - [TEST_STEP][PASSED] - click(findTestObject(path_TranxDetails + "button_Submit")): Object: 'Object Repository/AdminSuiteBootstrap_Pages/VT_Bootstrap/TransactionDetails/button_Submit' is clicked on

2022-04-01 00:54:56 - [MESSAGE][PASSED] - Object: 'Object Repository/AdminSuiteBootstrap_Pages/VT_Bootstrap/TransactionDetails/button_Submit' is clicked on

2022-04-01 00:54:56 - [TEST_STEP][PASSED] - verifyTextPresent("Transaction Successful", true): Text 'Transaction Successful' is present on page  using regular expression

2022-04-01 00:54:57 - [MESSAGE][PASSED] - Text 'Transaction Successful' is present on page  using regular expression

2022-04-01 00:54:57 - [TEST_STEP][PASSED] - verifyTextPresent("Transaction Type", true): Text 'Transaction Type' is present on page  using regular expression

2022-04-01 00:54:57 - [MESSAGE][PASSED] - Text 'Transaction Type' is present on page  using regular expression

2022-04-01 00:54:57 - [TEST_STEP][PASSED] - verifyTextPresent("Void", true): Text 'Void' is present on page  using regular expression

2022-04-01 00:54:57 - [MESSAGE][PASSED] - Text 'Void' is present on page  using regular expression

2022-04-01 00:54:57 - [TEST_STEP][PASSED] - closeBrowser(): Browser is closed

2022-04-01 00:54:58 - [MESSAGE][PASSED] - Browser is closed]]></system-out>
         <system-err><![CDATA[]]></system-err>
      </testcase>
      <testcase name="Test Cases/Admin Suite Bootstrap/VT_ACH_TestCases/DebitPersonal_TP_DualCF_Generic_Payment_TC" time="199.463" classname="Test Cases/Admin Suite Bootstrap/VT_ACH_TestCases/DebitPersonal_TP_DualCF_Generic_Payment_TC" status="PASSED">
         <system-out><![CDATA[2022-04-01 00:54:58 - [TEST_CASE][PASSED] - Test Cases/Admin Suite Bootstrap/VT_ACH_TestCases/DebitPersonal_TP_DualCF_Generic_Payment_TC: Test Cases/Admin Suite Bootstrap/VT_ACH_TestCases/DebitPersonal_TP_DualCF_Generic_Payment_TC

2022-04-01 00:54:59 - [TEST_STEP][PASSED] - path_Dashboard = "Object Repository/AdminSuiteBootstrap_Pages/Dashboard_Bootstrap/": null

2022-04-01 00:54:59 - [TEST_STEP][PASSED] - path_VT = "Object Repository/AdminSuiteBootstrap_Pages/VT_Bootstrap/IssueTransactions/": null

2022-04-01 00:54:59 - [TEST_STEP][PASSED] - li_1 = vpos_Prefix: null

2022-04-01 00:54:59 - [TEST_STEP][PASSED] - li_2 = "/transactions/AuthCapForm/": null

2022-04-01 00:54:59 - [TEST_STEP][PASSED] - executionProfile = getExecutionProfile(): null

2022-04-01 00:54:59 - [TEST_STEP][PASSED] - out.println("executionProfile : " + executionProfile): null

2022-04-01 00:54:59 - [TEST_STEP][PASSED] - appName = <not implemented yet for class: org.codehaus.groovy.ast.expr.EmptyExpression>: null

2022-04-01 00:54:59 - [TEST_STEP][PASSED] - appID = <not implemented yet for class: org.codehaus.groovy.ast.expr.EmptyExpression>: null

2022-04-01 00:54:59 - [TEST_STEP][PASSED] - cardNameV = <not implemented yet for class: org.codehaus.groovy.ast.expr.EmptyExpression>: null

2022-04-01 00:54:59 - [TEST_STEP][PASSED] - al1V = <not implemented yet for class: org.codehaus.groovy.ast.expr.EmptyExpression>: null

2022-04-01 00:54:59 - [TEST_STEP][PASSED] - al2V = <not implemented yet for class: org.codehaus.groovy.ast.expr.EmptyExpression>: null

2022-04-01 00:54:59 - [TEST_STEP][PASSED] - zipV = <not implemented yet for class: org.codehaus.groovy.ast.expr.EmptyExpression>: null

2022-04-01 00:54:59 - [TEST_STEP][PASSED] - accType = <not implemented yet for class: org.codehaus.groovy.ast.expr.EmptyExpression>: null

2022-04-01 00:54:59 - [TEST_STEP][PASSED] - last4V = <not implemented yet for class: org.codehaus.groovy.ast.expr.EmptyExpression>: null

2022-04-01 00:54:59 - [TEST_STEP][PASSED] - resText = "Fail": null

2022-04-01 00:54:59 - [TEST_STEP][PASSED] - resColumn = "Result": null

2022-04-01 00:54:59 - [TEST_STEP][PASSED] - datCloumn = "Date": null

2022-04-01 00:54:59 - [TEST_STEP][PASSED] - fileLoc = "C:\KatalonData\Bootstrap\VT-ACH-Data.xlsx": null

2022-04-01 00:54:59 - [TEST_STEP][PASSED] - numOfRows = <not implemented yet for class: org.codehaus.groovy.ast.expr.EmptyExpression>: null

2022-04-01 00:54:59 - [TEST_STEP][PASSED] - dataFile = <not implemented yet for class: org.codehaus.groovy.ast.expr.EmptyExpression>: null

2022-04-01 00:54:59 - [TEST_STEP][PASSED] - nameSheet = <not implemented yet for class: org.codehaus.groovy.ast.expr.EmptyExpression>: null

2022-04-01 00:54:59 - [TEST_STEP][PASSED] - nameSheet = "VT-ACHPersonal-SingleCF-Generic": null

2022-04-01 00:54:59 - [TEST_STEP][PASSED] - numOfRows = findTestData("QA/Bootstrap/VT-ACH-TestData/VT-DebitData-DualCF-Generic").getRowNumbers(): null

2022-04-01 00:54:59 - [TEST_STEP][PASSED] - println("Number of Records: " + numOfRows): null

2022-04-01 00:54:59 - [TEST_STEP][PASSED] - dataFile = "QA/Bootstrap/VT-ACH-TestData/VT-DebitData-DualCF-Generic": null

2022-04-01 00:54:59 - [TEST_STEP][PASSED] - for ([row = 1, row <= numOfRows, (row++)]): Browser is closed

2022-04-01 00:54:59 - [TEST_STEP][PASSED] - ExecuteTC = findTestData(dataFile).getValue("Execute", row): null

2022-04-01 00:54:59 - [TEST_STEP][PASSED] - out.println("Value of Execute is : " + ExecuteTC): null

2022-04-01 00:54:59 - [TEST_STEP][PASSED] - switch (executionProfile): null

2022-04-01 00:54:59 - [TEST_STEP][PASSED] - case "QAProfile":: null

2022-04-01 00:54:59 - [TEST_STEP][PASSED] - appName = findTestData(dataFile).getValue("AppNameQA", row): null

2022-04-01 00:54:59 - [TEST_STEP][PASSED] - appID = findTestData(dataFile).getValue("AppIDQA", row): null

2022-04-01 00:54:59 - [TEST_STEP][PASSED] - break: null

2022-04-01 00:54:59 - [TEST_STEP][PASSED] - hrefAppID = li_1 + appID + li_2: null

2022-04-01 00:54:59 - [TEST_STEP][PASSED] - hrefApp = li_1 + appID + "/": null

2022-04-01 00:54:59 - [TEST_STEP][PASSED] - println("hrefApp : " + hrefApp): null

2022-04-01 00:54:59 - [TEST_STEP][PASSED] - if (ExecuteTC.equalsIgnoreCase("Y")): Browser is closed

2022-04-01 00:54:59 - [TEST_STEP][PASSED] - out.println("Begin Record Number: " + row): null

2022-04-01 00:54:59 - [TEST_STEP][PASSED] - today = new java.util.Date(): null

2022-04-01 00:54:59 - [TEST_STEP][PASSED] - println(today): null

2022-04-01 00:54:59 - [TEST_STEP][PASSED] - datText = today: null

2022-04-01 00:54:59 - [TEST_STEP][PASSED] - adminSuiteBootstrap.loginFunctionality.login_AdminSuite(): adminSuiteBootstrap.loginFunctionality.login_AdminSuite is PASSED

2022-04-01 00:54:59 - [MESSAGE][INFO] - Starting 'Chrome' driver

2022-04-01 00:54:59 - [MESSAGE][INFO] - User set preference: ['acceptInsecureCerts', 'true']

2022-04-01 00:54:59 - [MESSAGE][INFO] - Action delay is set to 0 milliseconds

2022-04-01 00:55:01 - [MESSAGE][PASSED] - Browser is opened with url: 'https://qa.velocitypayment.com/admin/imtiaz'

2022-04-01 00:55:01 - [MESSAGE][PASSED] - Current window maximized

2022-04-01 00:55:02 - [MESSAGE][PASSED] - Object 'Object Repository/Login_Page/Login_Username' is present

2022-04-01 00:55:02 - [MESSAGE][PASSED] - Text 'iahmed' is set on object 'Object Repository/Login_Page/Login_Username'

2022-04-01 00:55:03 - [MESSAGE][PASSED] - Text 'hello2222' is set on object 'Object Repository/Login_Page/Login_Password'

2022-04-01 00:55:06 - [MESSAGE][PASSED] - Object: 'Object Repository/Login_Page/Login_Submit' is clicked on

2022-04-01 00:55:06 - [MESSAGE][PASSED] - adminSuiteBootstrap.loginFunctionality.login_AdminSuite is PASSED

2022-04-01 00:55:06 - [TEST_STEP][PASSED] - click(findTestObject(path_Dashboard + appName)): Object: 'Object Repository/AdminSuiteBootstrap_Pages/Dashboard_Bootstrap/a_Access AutoDualCFtpQA' is clicked on

2022-04-01 00:55:07 - [MESSAGE][PASSED] - Object: 'Object Repository/AdminSuiteBootstrap_Pages/Dashboard_Bootstrap/a_Access AutoDualCFtpQA' is clicked on

2022-04-01 00:55:07 - [TEST_STEP][PASSED] - click(findTestObject(path_VT + "button_Debit")): Object: 'Object Repository/AdminSuiteBootstrap_Pages/VT_Bootstrap/IssueTransactions/button_Debit' is clicked on

2022-04-01 00:55:07 - [MESSAGE][PASSED] - Object: 'Object Repository/AdminSuiteBootstrap_Pages/VT_Bootstrap/IssueTransactions/button_Debit' is clicked on

2022-04-01 00:55:07 - [TEST_STEP][PASSED] - click(findTestObject(path_VT + "a_Personal")): Object: 'Object Repository/AdminSuiteBootstrap_Pages/VT_Bootstrap/IssueTransactions/a_Personal' is clicked on

2022-04-01 00:55:08 - [MESSAGE][PASSED] - Object: 'Object Repository/AdminSuiteBootstrap_Pages/VT_Bootstrap/IssueTransactions/a_Personal' is clicked on

2022-04-01 00:55:08 - [TEST_STEP][PASSED] - adminSuiteBootstrap.debitPersonalsetData.debitPersonal_DataDriven(row, dataFile): adminSuiteBootstrap.debitPersonalsetData.debitPersonal_DataDriven is PASSED

2022-04-01 00:55:10 - [MESSAGE][PASSED] - Text 'John' is set on object 'Object Repository/AdminSuiteBootstrap_Pages/VT_Bootstrap/ACHPersonal/input_firstName'

2022-04-01 00:55:10 - [MESSAGE][PASSED] - Text 'Gordonas' is set on object 'Object Repository/AdminSuiteBootstrap_Pages/VT_Bootstrap/ACHPersonal/input_lastName'

2022-04-01 00:55:11 - [MESSAGE][PASSED] - Text '133 Meadow Ln' is set on object 'Object Repository/AdminSuiteBootstrap_Pages/VT_Bootstrap/ACHPersonal/input_address'

2022-04-01 00:55:12 - [MESSAGE][PASSED] - Text 'apt #123' is set on object 'Object Repository/AdminSuiteBootstrap_Pages/VT_Bootstrap/ACHPersonal/input_address2'

2022-04-01 00:55:13 - [MESSAGE][PASSED] - Text '22201' is set on object 'Object Repository/AdminSuiteBootstrap_Pages/VT_Bootstrap/ACHPersonal/input_zip'

2022-04-01 00:55:13 - [MESSAGE][PASSED] - Text '' is set on object 'Object Repository/AdminSuiteBootstrap_Pages/VT_Bootstrap/ACHPersonal/input_emailAddress'

2022-04-01 00:55:14 - [MESSAGE][PASSED] - Text '' is set on object 'Object Repository/AdminSuiteBootstrap_Pages/VT_Bootstrap/ACHPersonal/input_smsNumber'

2022-04-01 00:55:15 - [MESSAGE][PASSED] - Text '45671001' is set on object 'Object Repository/AdminSuiteBootstrap_Pages/VT_Bootstrap/ACHPersonal/input_accountNumber'

2022-04-01 00:55:16 - [MESSAGE][PASSED] - Text '256072691' is set on object 'Object Repository/AdminSuiteBootstrap_Pages/VT_Bootstrap/ACHPersonal/input_routingNumber'

2022-04-01 00:55:17 - [MESSAGE][PASSED] - All options with label 'Checking' are selected in object 'Object Repository/AdminSuiteBootstrap_Pages/VT_Bootstrap/ACHPersonal/select_AccountType'  using regular expression

2022-04-01 00:55:18 - [MESSAGE][PASSED] - All options with label 'PPD - Prearranged Payment and Deposit Entry' are selected in object 'Object Repository/AdminSuiteBootstrap_Pages/VT_Bootstrap/ACHPersonal/select_STD'  using regular expression

2022-04-01 00:55:18 - [MESSAGE][PASSED] - Text '11.5' is set on object 'Object Repository/AdminSuiteBootstrap_Pages/VT_Bootstrap/ACHPersonal/input_amount'

2022-04-01 00:55:20 - [MESSAGE][PASSED] - Text 'Denmark' is set on object 'Object Repository/AdminSuiteBootstrap_Pages/VT_Bootstrap/ACHPersonal/input_userDefined1'

2022-04-01 00:55:21 - [MESSAGE][PASSED] - Text 'Australia' is set on object 'Object Repository/AdminSuiteBootstrap_Pages/VT_Bootstrap/ACHPersonal/input_userDefined2'

2022-04-01 00:55:21 - [MESSAGE][PASSED] - Text 'Austria' is set on object 'Object Repository/AdminSuiteBootstrap_Pages/VT_Bootstrap/ACHPersonal/input_userDefined3'

2022-04-01 00:55:22 - [MESSAGE][PASSED] - Text 'Sweden' is set on object 'Object Repository/AdminSuiteBootstrap_Pages/VT_Bootstrap/ACHPersonal/input_userDefined4'

2022-04-01 00:55:23 - [MESSAGE][PASSED] - All options with label 'Yellow' are selected in object 'Object Repository/AdminSuiteBootstrap_Pages/VT_Bootstrap/ACHPersonal/select_UDF5'  using regular expression

2022-04-01 00:55:24 - [MESSAGE][PASSED] - All options with label 'Orange' are selected in object 'Object Repository/AdminSuiteBootstrap_Pages/VT_Bootstrap/ACHPersonal/select_UDF6'  using regular expression

2022-04-01 00:55:25 - [MESSAGE][PASSED] - Text 'Netherlands' is set on object 'Object Repository/AdminSuiteBootstrap_Pages/VT_Bootstrap/ACHPersonal/input_userDefined7'

2022-04-01 00:55:26 - [MESSAGE][PASSED] - Text 'Norway' is set on object 'Object Repository/AdminSuiteBootstrap_Pages/VT_Bootstrap/ACHPersonal/input_userDefined8'

2022-04-01 00:55:26 - [MESSAGE][PASSED] - Text 'France' is set on object 'Object Repository/AdminSuiteBootstrap_Pages/VT_Bootstrap/ACHPersonal/input_userDefined9'

2022-04-01 00:55:27 - [MESSAGE][PASSED] - Text 'Switzerland' is set on object 'Object Repository/AdminSuiteBootstrap_Pages/VT_Bootstrap/ACHPersonal/input_userDefined10'

2022-04-01 00:55:28 - [MESSAGE][PASSED] - Object: 'Object Repository/AdminSuiteBootstrap_Pages/VT_Bootstrap/ACHPersonal/button_Submit' is clicked on

2022-04-01 00:55:28 - [MESSAGE][PASSED] - adminSuiteBootstrap.debitPersonalsetData.debitPersonal_DataDriven is PASSED

2022-04-01 00:55:28 - [TEST_STEP][PASSED] - verifyTextPresent("Transaction Successful", true): Text 'Transaction Successful' is present on page  using regular expression

2022-04-01 00:55:29 - [MESSAGE][PASSED] - Text 'Transaction Successful' is present on page  using regular expression

2022-04-01 00:55:29 - [TEST_STEP][PASSED] - verifyTextPresent("Remittance ID", true): Text 'Remittance ID' is present on page  using regular expression

2022-04-01 00:55:29 - [MESSAGE][PASSED] - Text 'Remittance ID' is present on page  using regular expression

2022-04-01 00:55:29 - [TEST_STEP][PASSED] - verifyTextPresent("Received", true): Text 'Received' is present on page  using regular expression

2022-04-01 00:55:30 - [MESSAGE][PASSED] - Text 'Received' is present on page  using regular expression

2022-04-01 00:55:30 - [TEST_STEP][PASSED] - verifyTextPresent("UDF1", true): Text 'UDF1' is present on page  using regular expression

2022-04-01 00:55:30 - [MESSAGE][PASSED] - Text 'UDF1' is present on page  using regular expression

2022-04-01 00:55:30 - [TEST_STEP][PASSED] - verifyTextPresent("UDF2", true): Text 'UDF2' is present on page  using regular expression

2022-04-01 00:55:30 - [MESSAGE][PASSED] - Text 'UDF2' is present on page  using regular expression

2022-04-01 00:55:30 - [TEST_STEP][PASSED] - verifyTextPresent("UDF3", true): Text 'UDF3' is present on page  using regular expression

2022-04-01 00:55:31 - [MESSAGE][PASSED] - Text 'UDF3' is present on page  using regular expression

2022-04-01 00:55:31 - [TEST_STEP][PASSED] - verifyTextPresent("UDF4", true): Text 'UDF4' is present on page  using regular expression

2022-04-01 00:55:31 - [MESSAGE][PASSED] - Text 'UDF4' is present on page  using regular expression

2022-04-01 00:55:31 - [TEST_STEP][PASSED] - verifyTextPresent("UDF5", true): Text 'UDF5' is present on page  using regular expression

2022-04-01 00:55:31 - [MESSAGE][PASSED] - Text 'UDF5' is present on page  using regular expression

2022-04-01 00:55:31 - [TEST_STEP][PASSED] - verifyTextPresent("UDF6", true): Text 'UDF6' is present on page  using regular expression

2022-04-01 00:55:32 - [MESSAGE][PASSED] - Text 'UDF6' is present on page  using regular expression

2022-04-01 00:55:32 - [TEST_STEP][PASSED] - verifyTextPresent("UDF7", true): Text 'UDF7' is present on page  using regular expression

2022-04-01 00:55:32 - [MESSAGE][PASSED] - Text 'UDF7' is present on page  using regular expression

2022-04-01 00:55:32 - [TEST_STEP][PASSED] - verifyTextPresent("UDF8", true): Text 'UDF8' is present on page  using regular expression

2022-04-01 00:55:32 - [MESSAGE][PASSED] - Text 'UDF8' is present on page  using regular expression

2022-04-01 00:55:32 - [TEST_STEP][PASSED] - verifyTextPresent("UDF9", true): Text 'UDF9' is present on page  using regular expression

2022-04-01 00:55:33 - [MESSAGE][PASSED] - Text 'UDF9' is present on page  using regular expression

2022-04-01 00:55:33 - [TEST_STEP][PASSED] - verifyTextPresent("UDF 10", true): Text 'UDF 10' is present on page  using regular expression

2022-04-01 00:55:33 - [MESSAGE][PASSED] - Text 'UDF 10' is present on page  using regular expression

2022-04-01 00:55:33 - [TEST_STEP][PASSED] - verifyTextPresent("Australia", true): Text 'Australia' is present on page  using regular expression

2022-04-01 00:55:33 - [MESSAGE][PASSED] - Text 'Australia' is present on page  using regular expression

2022-04-01 00:55:33 - [TEST_STEP][PASSED] - verifyTextPresent("Denmark", true): Text 'Denmark' is present on page  using regular expression

2022-04-01 00:55:34 - [MESSAGE][PASSED] - Text 'Denmark' is present on page  using regular expression

2022-04-01 00:55:34 - [TEST_STEP][PASSED] - verifyTextPresent("Sweden", true): Text 'Sweden' is present on page  using regular expression

2022-04-01 00:55:34 - [MESSAGE][PASSED] - Text 'Sweden' is present on page  using regular expression

2022-04-01 00:55:34 - [TEST_STEP][PASSED] - verifyTextPresent("Austria", true): Text 'Austria' is present on page  using regular expression

2022-04-01 00:55:34 - [MESSAGE][PASSED] - Text 'Austria' is present on page  using regular expression

2022-04-01 00:55:34 - [TEST_STEP][PASSED] - verifyTextPresent("Orange Recorded", true): Text 'Orange Recorded' is present on page  using regular expression

2022-04-01 00:55:35 - [MESSAGE][PASSED] - Text 'Orange Recorded' is present on page  using regular expression

2022-04-01 00:55:35 - [TEST_STEP][PASSED] - verifyTextPresent("Yellow Recorded", true): Text 'Yellow Recorded' is present on page  using regular expression

2022-04-01 00:55:35 - [MESSAGE][PASSED] - Text 'Yellow Recorded' is present on page  using regular expression

2022-04-01 00:55:35 - [TEST_STEP][PASSED] - verifyTextPresent("Norway", true): Text 'Norway' is present on page  using regular expression

2022-04-01 00:55:35 - [MESSAGE][PASSED] - Text 'Norway' is present on page  using regular expression

2022-04-01 00:55:35 - [TEST_STEP][PASSED] - verifyTextPresent("Netherlands", true): Text 'Netherlands' is present on page  using regular expression

2022-04-01 00:55:36 - [MESSAGE][PASSED] - Text 'Netherlands' is present on page  using regular expression

2022-04-01 00:55:36 - [TEST_STEP][PASSED] - verifyTextPresent("Switzerland", true): Text 'Switzerland' is present on page  using regular expression

2022-04-01 00:55:36 - [MESSAGE][PASSED] - Text 'Switzerland' is present on page  using regular expression

2022-04-01 00:55:36 - [TEST_STEP][PASSED] - verifyTextPresent("France", true): Text 'France' is present on page  using regular expression

2022-04-01 00:55:36 - [MESSAGE][PASSED] - Text 'France' is present on page  using regular expression

2022-04-01 00:55:36 - [TEST_STEP][PASSED] - verifyTextPresent("Amount", true): Text 'Amount' is present on page  using regular expression

2022-04-01 00:55:37 - [MESSAGE][PASSED] - Text 'Amount' is present on page  using regular expression

2022-04-01 00:55:37 - [TEST_STEP][PASSED] - verifyTextPresent("Service Fee", true): Text 'Service Fee' is present on page  using regular expression

2022-04-01 00:55:37 - [MESSAGE][PASSED] - Text 'Service Fee' is present on page  using regular expression

2022-04-01 00:55:37 - [TEST_STEP][PASSED] - verifyTextPresent("Service Fee Type", true): Text 'Service Fee Type' is present on page  using regular expression

2022-04-01 00:55:37 - [MESSAGE][PASSED] - Text 'Service Fee Type' is present on page  using regular expression

2022-04-01 00:55:37 - [TEST_STEP][PASSED] - verifyTextPresent("Total Amount", true): Text 'Total Amount' is present on page  using regular expression

2022-04-01 00:55:38 - [MESSAGE][PASSED] - Text 'Total Amount' is present on page  using regular expression

2022-04-01 00:55:38 - [TEST_STEP][PASSED] - verifyTextPresent("Transaction Type", true): Text 'Transaction Type' is present on page  using regular expression

2022-04-01 00:55:38 - [MESSAGE][PASSED] - Text 'Transaction Type' is present on page  using regular expression

2022-04-01 00:55:38 - [TEST_STEP][PASSED] - verifyTextPresent("11.50", true): Text '11.50' is present on page  using regular expression

2022-04-01 00:55:38 - [MESSAGE][PASSED] - Text '11.50' is present on page  using regular expression

2022-04-01 00:55:38 - [TEST_STEP][PASSED] - verifyTextPresent("5.00", true): Text '5.00' is present on page  using regular expression

2022-04-01 00:55:39 - [MESSAGE][PASSED] - Text '5.00' is present on page  using regular expression

2022-04-01 00:55:39 - [TEST_STEP][PASSED] - verifyTextPresent("Dual Transaction", true): Text 'Dual Transaction' is present on page  using regular expression

2022-04-01 00:55:39 - [MESSAGE][PASSED] - Text 'Dual Transaction' is present on page  using regular expression

2022-04-01 00:55:39 - [TEST_STEP][PASSED] - verifyTextPresent("16.50", true): Text '16.50' is present on page  using regular expression

2022-04-01 00:55:39 - [MESSAGE][PASSED] - Text '16.50' is present on page  using regular expression

2022-04-01 00:55:39 - [TEST_STEP][PASSED] - verifyTextPresent("Debit", true): Text 'Debit' is present on page  using regular expression

2022-04-01 00:55:40 - [MESSAGE][PASSED] - Text 'Debit' is present on page  using regular expression

2022-04-01 00:55:40 - [TEST_STEP][PASSED] - verifyTextPresent("Check Information", true): Text 'Check Information' is present on page  using regular expression

2022-04-01 00:55:40 - [MESSAGE][PASSED] - Text 'Check Information' is present on page  using regular expression

2022-04-01 00:55:40 - [TEST_STEP][PASSED] - verifyTextPresent("Account Type", true): Text 'Account Type' is present on page  using regular expression

2022-04-01 00:55:40 - [MESSAGE][PASSED] - Text 'Account Type' is present on page  using regular expression

2022-04-01 00:55:41 - [TEST_STEP][PASSED] - verifyTextPresent("Account Number", true): Text 'Account Number' is present on page  using regular expression

2022-04-01 00:55:41 - [MESSAGE][PASSED] - Text 'Account Number' is present on page  using regular expression

2022-04-01 00:55:41 - [TEST_STEP][PASSED] - verifyTextPresent("Routing Number", true): Text 'Routing Number' is present on page  using regular expression

2022-04-01 00:55:41 - [MESSAGE][PASSED] - Text 'Routing Number' is present on page  using regular expression

2022-04-01 00:55:41 - [TEST_STEP][PASSED] - verifyTextPresent("2691", true): Text '2691' is present on page  using regular expression

2022-04-01 00:55:42 - [MESSAGE][PASSED] - Text '2691' is present on page  using regular expression

2022-04-01 00:55:42 - [TEST_STEP][PASSED] - cardNameV = findTestData(dataFile).getValue("NameV", row): null

2022-04-01 00:55:42 - [TEST_STEP][PASSED] - al1V = findTestData(dataFile).getValue("AL1", row): null

2022-04-01 00:55:42 - [TEST_STEP][PASSED] - al2V = findTestData(dataFile).getValue("AL2", row): null

2022-04-01 00:55:42 - [TEST_STEP][PASSED] - last4V = findTestData(dataFile).getValue("Last4", row): null

2022-04-01 00:55:42 - [TEST_STEP][PASSED] - accType = findTestData(dataFile).getValue("AccountType", row): null

2022-04-01 00:55:42 - [TEST_STEP][PASSED] - verifyTextPresent(cardNameV, true): Text 'JOHN GORDONAS' is present on page  using regular expression

2022-04-01 00:55:42 - [MESSAGE][PASSED] - Text 'JOHN GORDONAS' is present on page  using regular expression

2022-04-01 00:55:42 - [TEST_STEP][PASSED] - verifyTextPresent("Address Line 1", true): Text 'Address Line 1' is present on page  using regular expression

2022-04-01 00:55:42 - [MESSAGE][PASSED] - Text 'Address Line 1' is present on page  using regular expression

2022-04-01 00:55:42 - [TEST_STEP][PASSED] - verifyTextPresent("Address Line 2", true): Text 'Address Line 2' is present on page  using regular expression

2022-04-01 00:55:43 - [MESSAGE][PASSED] - Text 'Address Line 2' is present on page  using regular expression

2022-04-01 00:55:43 - [TEST_STEP][PASSED] - verifyTextPresent("Country", true): Text 'Country' is present on page  using regular expression

2022-04-01 00:55:43 - [MESSAGE][PASSED] - Text 'Country' is present on page  using regular expression

2022-04-01 00:55:43 - [TEST_STEP][PASSED] - verifyTextPresent("City", true): Text 'City' is present on page  using regular expression

2022-04-01 00:55:43 - [MESSAGE][PASSED] - Text 'City' is present on page  using regular expression

2022-04-01 00:55:43 - [TEST_STEP][PASSED] - verifyTextPresent("State", true): Text 'State' is present on page  using regular expression

2022-04-01 00:55:44 - [MESSAGE][PASSED] - Text 'State' is present on page  using regular expression

2022-04-01 00:55:44 - [TEST_STEP][PASSED] - verifyTextPresent("ZIP Code", true): Text 'ZIP Code' is present on page  using regular expression

2022-04-01 00:55:44 - [MESSAGE][PASSED] - Text 'ZIP Code' is present on page  using regular expression

2022-04-01 00:55:44 - [TEST_STEP][PASSED] - verifyTextPresent(al1V, true): Text '133 Meadow Ln' is present on page  using regular expression

2022-04-01 00:55:44 - [MESSAGE][PASSED] - Text '133 Meadow Ln' is present on page  using regular expression

2022-04-01 00:55:44 - [TEST_STEP][PASSED] - verifyTextPresent(al2V, true): Text 'apt #123' is present on page  using regular expression

2022-04-01 00:55:45 - [MESSAGE][PASSED] - Text 'apt #123' is present on page  using regular expression

2022-04-01 00:55:45 - [TEST_STEP][PASSED] - verifyTextPresent("United States", true): Text 'United States' is present on page  using regular expression

2022-04-01 00:55:45 - [MESSAGE][PASSED] - Text 'United States' is present on page  using regular expression

2022-04-01 00:55:45 - [TEST_STEP][PASSED] - verifyTextPresent("ARLINGTON", true): Text 'ARLINGTON' is present on page  using regular expression

2022-04-01 00:55:45 - [MESSAGE][PASSED] - Text 'ARLINGTON' is present on page  using regular expression

2022-04-01 00:55:45 - [TEST_STEP][PASSED] - verifyTextPresent("Virginia", true): Text 'Virginia' is present on page  using regular expression

2022-04-01 00:55:46 - [MESSAGE][PASSED] - Text 'Virginia' is present on page  using regular expression

2022-04-01 00:55:46 - [TEST_STEP][PASSED] - verifyTextPresent("22201", true): Text '22201' is present on page  using regular expression

2022-04-01 00:55:46 - [MESSAGE][PASSED] - Text '22201' is present on page  using regular expression

2022-04-01 00:55:46 - [TEST_STEP][PASSED] - verifyTextPresent(accType, true): Text 'Checking' is present on page  using regular expression

2022-04-01 00:55:46 - [MESSAGE][PASSED] - Text 'Checking' is present on page  using regular expression

2022-04-01 00:55:46 - [TEST_STEP][PASSED] - verifyTextPresent(last4V, true): Text '1001' is present on page  using regular expression

2022-04-01 00:55:47 - [MESSAGE][PASSED] - Text '1001' is present on page  using regular expression

2022-04-01 00:55:47 - [TEST_STEP][PASSED] - closeBrowser(): Browser is closed

2022-04-01 00:55:48 - [MESSAGE][PASSED] - Browser is closed

2022-04-01 00:55:48 - [TEST_STEP][PASSED] - ExecuteTC = findTestData(dataFile).getValue("Execute", row): null

2022-04-01 00:55:48 - [TEST_STEP][PASSED] - out.println("Value of Execute is : " + ExecuteTC): null

2022-04-01 00:55:48 - [TEST_STEP][PASSED] - switch (executionProfile): null

2022-04-01 00:55:48 - [TEST_STEP][PASSED] - case "QAProfile":: null

2022-04-01 00:55:48 - [TEST_STEP][PASSED] - appName = findTestData(dataFile).getValue("AppNameQA", row): null

2022-04-01 00:55:48 - [TEST_STEP][PASSED] - appID = findTestData(dataFile).getValue("AppIDQA", row): null

2022-04-01 00:55:48 - [TEST_STEP][PASSED] - break: null

2022-04-01 00:55:48 - [TEST_STEP][PASSED] - hrefAppID = li_1 + appID + li_2: null

2022-04-01 00:55:48 - [TEST_STEP][PASSED] - hrefApp = li_1 + appID + "/": null

2022-04-01 00:55:48 - [TEST_STEP][PASSED] - println("hrefApp : " + hrefApp): null

2022-04-01 00:55:48 - [TEST_STEP][PASSED] - if (ExecuteTC.equalsIgnoreCase("Y")): Browser is closed

2022-04-01 00:55:48 - [TEST_STEP][PASSED] - out.println("Begin Record Number: " + row): null

2022-04-01 00:55:48 - [TEST_STEP][PASSED] - today = new java.util.Date(): null

2022-04-01 00:55:48 - [TEST_STEP][PASSED] - println(today): null

2022-04-01 00:55:48 - [TEST_STEP][PASSED] - datText = today: null

2022-04-01 00:55:48 - [TEST_STEP][PASSED] - adminSuiteBootstrap.loginFunctionality.login_AdminSuite(): adminSuiteBootstrap.loginFunctionality.login_AdminSuite is PASSED

2022-04-01 00:55:48 - [MESSAGE][INFO] - Starting 'Chrome' driver

2022-04-01 00:55:48 - [MESSAGE][INFO] - User set preference: ['acceptInsecureCerts', 'true']

2022-04-01 00:55:48 - [MESSAGE][INFO] - Action delay is set to 0 milliseconds

2022-04-01 00:55:51 - [MESSAGE][PASSED] - Browser is opened with url: 'https://qa.velocitypayment.com/admin/imtiaz'

2022-04-01 00:55:51 - [MESSAGE][PASSED] - Current window maximized

2022-04-01 00:55:51 - [MESSAGE][PASSED] - Object 'Object Repository/Login_Page/Login_Username' is present

2022-04-01 00:55:52 - [MESSAGE][PASSED] - Text 'iahmed' is set on object 'Object Repository/Login_Page/Login_Username'

2022-04-01 00:55:53 - [MESSAGE][PASSED] - Text 'hello2222' is set on object 'Object Repository/Login_Page/Login_Password'

2022-04-01 00:55:56 - [MESSAGE][PASSED] - Object: 'Object Repository/Login_Page/Login_Submit' is clicked on

2022-04-01 00:55:56 - [MESSAGE][PASSED] - adminSuiteBootstrap.loginFunctionality.login_AdminSuite is PASSED

2022-04-01 00:55:56 - [TEST_STEP][PASSED] - click(findTestObject(path_Dashboard + appName)): Object: 'Object Repository/AdminSuiteBootstrap_Pages/Dashboard_Bootstrap/a_Access AutoDualCFtpQA' is clicked on

2022-04-01 00:55:57 - [MESSAGE][PASSED] - Object: 'Object Repository/AdminSuiteBootstrap_Pages/Dashboard_Bootstrap/a_Access AutoDualCFtpQA' is clicked on

2022-04-01 00:55:57 - [TEST_STEP][PASSED] - click(findTestObject(path_VT + "button_Debit")): Object: 'Object Repository/AdminSuiteBootstrap_Pages/VT_Bootstrap/IssueTransactions/button_Debit' is clicked on

2022-04-01 00:55:57 - [MESSAGE][PASSED] - Object: 'Object Repository/AdminSuiteBootstrap_Pages/VT_Bootstrap/IssueTransactions/button_Debit' is clicked on

2022-04-01 00:55:57 - [TEST_STEP][PASSED] - click(findTestObject(path_VT + "a_Personal")): Object: 'Object Repository/AdminSuiteBootstrap_Pages/VT_Bootstrap/IssueTransactions/a_Personal' is clicked on

2022-04-01 00:55:58 - [MESSAGE][PASSED] - Object: 'Object Repository/AdminSuiteBootstrap_Pages/VT_Bootstrap/IssueTransactions/a_Personal' is clicked on

2022-04-01 00:55:58 - [TEST_STEP][PASSED] - adminSuiteBootstrap.debitPersonalsetData.debitPersonal_DataDriven(row, dataFile): adminSuiteBootstrap.debitPersonalsetData.debitPersonal_DataDriven is PASSED

2022-04-01 00:55:59 - [MESSAGE][PASSED] - Text 'Veronika' is set on object 'Object Repository/AdminSuiteBootstrap_Pages/VT_Bootstrap/ACHPersonal/input_firstName'

2022-04-01 00:56:00 - [MESSAGE][PASSED] - Text 'Inouye' is set on object 'Object Repository/AdminSuiteBootstrap_Pages/VT_Bootstrap/ACHPersonal/input_lastName'

2022-04-01 00:56:01 - [MESSAGE][PASSED] - Text '6 Greenleaf Ave' is set on object 'Object Repository/AdminSuiteBootstrap_Pages/VT_Bootstrap/ACHPersonal/input_address'

2022-04-01 00:56:02 - [MESSAGE][PASSED] - Text 'apt #3' is set on object 'Object Repository/AdminSuiteBootstrap_Pages/VT_Bootstrap/ACHPersonal/input_address2'

2022-04-01 00:56:02 - [MESSAGE][PASSED] - Text '22201' is set on object 'Object Repository/AdminSuiteBootstrap_Pages/VT_Bootstrap/ACHPersonal/input_zip'

2022-04-01 00:56:03 - [MESSAGE][PASSED] - Text '' is set on object 'Object Repository/AdminSuiteBootstrap_Pages/VT_Bootstrap/ACHPersonal/input_emailAddress'

2022-04-01 00:56:04 - [MESSAGE][PASSED] - Text '' is set on object 'Object Repository/AdminSuiteBootstrap_Pages/VT_Bootstrap/ACHPersonal/input_smsNumber'

2022-04-01 00:56:05 - [MESSAGE][PASSED] - Text '45671002' is set on object 'Object Repository/AdminSuiteBootstrap_Pages/VT_Bootstrap/ACHPersonal/input_accountNumber'

2022-04-01 00:56:06 - [MESSAGE][PASSED] - Text '256072691' is set on object 'Object Repository/AdminSuiteBootstrap_Pages/VT_Bootstrap/ACHPersonal/input_routingNumber'

2022-04-01 00:56:07 - [MESSAGE][PASSED] - All options with label 'Checking' are selected in object 'Object Repository/AdminSuiteBootstrap_Pages/VT_Bootstrap/ACHPersonal/select_AccountType'  using regular expression

2022-04-01 00:56:08 - [MESSAGE][PASSED] - All options with label 'TEL - Telephone-Initiated Entry' are selected in object 'Object Repository/AdminSuiteBootstrap_Pages/VT_Bootstrap/ACHPersonal/select_STD'  using regular expression

2022-04-01 00:56:09 - [MESSAGE][PASSED] - Text '11.5' is set on object 'Object Repository/AdminSuiteBootstrap_Pages/VT_Bootstrap/ACHPersonal/input_amount'

2022-04-01 00:56:10 - [MESSAGE][PASSED] - Text 'Denmark' is set on object 'Object Repository/AdminSuiteBootstrap_Pages/VT_Bootstrap/ACHPersonal/input_userDefined1'

2022-04-01 00:56:11 - [MESSAGE][PASSED] - Text 'Australia' is set on object 'Object Repository/AdminSuiteBootstrap_Pages/VT_Bootstrap/ACHPersonal/input_userDefined2'

2022-04-01 00:56:11 - [MESSAGE][PASSED] - Text 'Austria' is set on object 'Object Repository/AdminSuiteBootstrap_Pages/VT_Bootstrap/ACHPersonal/input_userDefined3'

2022-04-01 00:56:12 - [MESSAGE][PASSED] - Text 'Sweden' is set on object 'Object Repository/AdminSuiteBootstrap_Pages/VT_Bootstrap/ACHPersonal/input_userDefined4'

2022-04-01 00:56:13 - [MESSAGE][PASSED] - All options with label 'Yellow' are selected in object 'Object Repository/AdminSuiteBootstrap_Pages/VT_Bootstrap/ACHPersonal/select_UDF5'  using regular expression

2022-04-01 00:56:14 - [MESSAGE][PASSED] - All options with label 'Orange' are selected in object 'Object Repository/AdminSuiteBootstrap_Pages/VT_Bootstrap/ACHPersonal/select_UDF6'  using regular expression

2022-04-01 00:56:15 - [MESSAGE][PASSED] - Text 'Netherlands' is set on object 'Object Repository/AdminSuiteBootstrap_Pages/VT_Bootstrap/ACHPersonal/input_userDefined7'

2022-04-01 00:56:15 - [MESSAGE][PASSED] - Text 'Norway' is set on object 'Object Repository/AdminSuiteBootstrap_Pages/VT_Bootstrap/ACHPersonal/input_userDefined8'

2022-04-01 00:56:16 - [MESSAGE][PASSED] - Text 'France' is set on object 'Object Repository/AdminSuiteBootstrap_Pages/VT_Bootstrap/ACHPersonal/input_userDefined9'

2022-04-01 00:56:17 - [MESSAGE][PASSED] - Text 'Switzerland' is set on object 'Object Repository/AdminSuiteBootstrap_Pages/VT_Bootstrap/ACHPersonal/input_userDefined10'

2022-04-01 00:56:18 - [MESSAGE][PASSED] - Object: 'Object Repository/AdminSuiteBootstrap_Pages/VT_Bootstrap/ACHPersonal/button_Submit' is clicked on

2022-04-01 00:56:18 - [MESSAGE][PASSED] - adminSuiteBootstrap.debitPersonalsetData.debitPersonal_DataDriven is PASSED

2022-04-01 00:56:18 - [TEST_STEP][PASSED] - verifyTextPresent("Transaction Successful", true): Text 'Transaction Successful' is present on page  using regular expression

2022-04-01 00:56:19 - [MESSAGE][PASSED] - Text 'Transaction Successful' is present on page  using regular expression

2022-04-01 00:56:19 - [TEST_STEP][PASSED] - verifyTextPresent("Remittance ID", true): Text 'Remittance ID' is present on page  using regular expression

2022-04-01 00:56:19 - [MESSAGE][PASSED] - Text 'Remittance ID' is present on page  using regular expression

2022-04-01 00:56:19 - [TEST_STEP][PASSED] - verifyTextPresent("Received", true): Text 'Received' is present on page  using regular expression

2022-04-01 00:56:20 - [MESSAGE][PASSED] - Text 'Received' is present on page  using regular expression

2022-04-01 00:56:20 - [TEST_STEP][PASSED] - verifyTextPresent("UDF1", true): Text 'UDF1' is present on page  using regular expression

2022-04-01 00:56:20 - [MESSAGE][PASSED] - Text 'UDF1' is present on page  using regular expression

2022-04-01 00:56:20 - [TEST_STEP][PASSED] - verifyTextPresent("UDF2", true): Text 'UDF2' is present on page  using regular expression

2022-04-01 00:56:20 - [MESSAGE][PASSED] - Text 'UDF2' is present on page  using regular expression

2022-04-01 00:56:20 - [TEST_STEP][PASSED] - verifyTextPresent("UDF3", true): Text 'UDF3' is present on page  using regular expression

2022-04-01 00:56:21 - [MESSAGE][PASSED] - Text 'UDF3' is present on page  using regular expression

2022-04-01 00:56:21 - [TEST_STEP][PASSED] - verifyTextPresent("UDF4", true): Text 'UDF4' is present on page  using regular expression

2022-04-01 00:56:21 - [MESSAGE][PASSED] - Text 'UDF4' is present on page  using regular expression

2022-04-01 00:56:21 - [TEST_STEP][PASSED] - verifyTextPresent("UDF5", true): Text 'UDF5' is present on page  using regular expression

2022-04-01 00:56:21 - [MESSAGE][PASSED] - Text 'UDF5' is present on page  using regular expression

2022-04-01 00:56:21 - [TEST_STEP][PASSED] - verifyTextPresent("UDF6", true): Text 'UDF6' is present on page  using regular expression

2022-04-01 00:56:22 - [MESSAGE][PASSED] - Text 'UDF6' is present on page  using regular expression

2022-04-01 00:56:22 - [TEST_STEP][PASSED] - verifyTextPresent("UDF7", true): Text 'UDF7' is present on page  using regular expression

2022-04-01 00:56:22 - [MESSAGE][PASSED] - Text 'UDF7' is present on page  using regular expression

2022-04-01 00:56:22 - [TEST_STEP][PASSED] - verifyTextPresent("UDF8", true): Text 'UDF8' is present on page  using regular expression

2022-04-01 00:56:22 - [MESSAGE][PASSED] - Text 'UDF8' is present on page  using regular expression

2022-04-01 00:56:22 - [TEST_STEP][PASSED] - verifyTextPresent("UDF9", true): Text 'UDF9' is present on page  using regular expression

2022-04-01 00:56:23 - [MESSAGE][PASSED] - Text 'UDF9' is present on page  using regular expression

2022-04-01 00:56:23 - [TEST_STEP][PASSED] - verifyTextPresent("UDF 10", true): Text 'UDF 10' is present on page  using regular expression

2022-04-01 00:56:23 - [MESSAGE][PASSED] - Text 'UDF 10' is present on page  using regular expression

2022-04-01 00:56:23 - [TEST_STEP][PASSED] - verifyTextPresent("Australia", true): Text 'Australia' is present on page  using regular expression

2022-04-01 00:56:23 - [MESSAGE][PASSED] - Text 'Australia' is present on page  using regular expression

2022-04-01 00:56:23 - [TEST_STEP][PASSED] - verifyTextPresent("Denmark", true): Text 'Denmark' is present on page  using regular expression

2022-04-01 00:56:24 - [MESSAGE][PASSED] - Text 'Denmark' is present on page  using regular expression

2022-04-01 00:56:24 - [TEST_STEP][PASSED] - verifyTextPresent("Sweden", true): Text 'Sweden' is present on page  using regular expression

2022-04-01 00:56:24 - [MESSAGE][PASSED] - Text 'Sweden' is present on page  using regular expression

2022-04-01 00:56:24 - [TEST_STEP][PASSED] - verifyTextPresent("Austria", true): Text 'Austria' is present on page  using regular expression

2022-04-01 00:56:24 - [MESSAGE][PASSED] - Text 'Austria' is present on page  using regular expression

2022-04-01 00:56:24 - [TEST_STEP][PASSED] - verifyTextPresent("Orange Recorded", true): Text 'Orange Recorded' is present on page  using regular expression

2022-04-01 00:56:25 - [MESSAGE][PASSED] - Text 'Orange Recorded' is present on page  using regular expression

2022-04-01 00:56:25 - [TEST_STEP][PASSED] - verifyTextPresent("Yellow Recorded", true): Text 'Yellow Recorded' is present on page  using regular expression

2022-04-01 00:56:25 - [MESSAGE][PASSED] - Text 'Yellow Recorded' is present on page  using regular expression

2022-04-01 00:56:25 - [TEST_STEP][PASSED] - verifyTextPresent("Norway", true): Text 'Norway' is present on page  using regular expression

2022-04-01 00:56:25 - [MESSAGE][PASSED] - Text 'Norway' is present on page  using regular expression

2022-04-01 00:56:25 - [TEST_STEP][PASSED] - verifyTextPresent("Netherlands", true): Text 'Netherlands' is present on page  using regular expression

2022-04-01 00:56:26 - [MESSAGE][PASSED] - Text 'Netherlands' is present on page  using regular expression

2022-04-01 00:56:26 - [TEST_STEP][PASSED] - verifyTextPresent("Switzerland", true): Text 'Switzerland' is present on page  using regular expression

2022-04-01 00:56:26 - [MESSAGE][PASSED] - Text 'Switzerland' is present on page  using regular expression

2022-04-01 00:56:26 - [TEST_STEP][PASSED] - verifyTextPresent("France", true): Text 'France' is present on page  using regular expression

2022-04-01 00:56:27 - [MESSAGE][PASSED] - Text 'France' is present on page  using regular expression

2022-04-01 00:56:27 - [TEST_STEP][PASSED] - verifyTextPresent("Amount", true): Text 'Amount' is present on page  using regular expression

2022-04-01 00:56:27 - [MESSAGE][PASSED] - Text 'Amount' is present on page  using regular expression

2022-04-01 00:56:27 - [TEST_STEP][PASSED] - verifyTextPresent("Service Fee", true): Text 'Service Fee' is present on page  using regular expression

2022-04-01 00:56:27 - [MESSAGE][PASSED] - Text 'Service Fee' is present on page  using regular expression

2022-04-01 00:56:27 - [TEST_STEP][PASSED] - verifyTextPresent("Service Fee Type", true): Text 'Service Fee Type' is present on page  using regular expression

2022-04-01 00:56:28 - [MESSAGE][PASSED] - Text 'Service Fee Type' is present on page  using regular expression

2022-04-01 00:56:28 - [TEST_STEP][PASSED] - verifyTextPresent("Total Amount", true): Text 'Total Amount' is present on page  using regular expression

2022-04-01 00:56:28 - [MESSAGE][PASSED] - Text 'Total Amount' is present on page  using regular expression

2022-04-01 00:56:28 - [TEST_STEP][PASSED] - verifyTextPresent("Transaction Type", true): Text 'Transaction Type' is present on page  using regular expression

2022-04-01 00:56:28 - [MESSAGE][PASSED] - Text 'Transaction Type' is present on page  using regular expression

2022-04-01 00:56:28 - [TEST_STEP][PASSED] - verifyTextPresent("11.50", true): Text '11.50' is present on page  using regular expression

2022-04-01 00:56:29 - [MESSAGE][PASSED] - Text '11.50' is present on page  using regular expression

2022-04-01 00:56:29 - [TEST_STEP][PASSED] - verifyTextPresent("5.00", true): Text '5.00' is present on page  using regular expression

2022-04-01 00:56:29 - [MESSAGE][PASSED] - Text '5.00' is present on page  using regular expression

2022-04-01 00:56:29 - [TEST_STEP][PASSED] - verifyTextPresent("Dual Transaction", true): Text 'Dual Transaction' is present on page  using regular expression

2022-04-01 00:56:29 - [MESSAGE][PASSED] - Text 'Dual Transaction' is present on page  using regular expression

2022-04-01 00:56:29 - [TEST_STEP][PASSED] - verifyTextPresent("16.50", true): Text '16.50' is present on page  using regular expression

2022-04-01 00:56:30 - [MESSAGE][PASSED] - Text '16.50' is present on page  using regular expression

2022-04-01 00:56:30 - [TEST_STEP][PASSED] - verifyTextPresent("Debit", true): Text 'Debit' is present on page  using regular expression

2022-04-01 00:56:30 - [MESSAGE][PASSED] - Text 'Debit' is present on page  using regular expression

2022-04-01 00:56:30 - [TEST_STEP][PASSED] - verifyTextPresent("Check Information", true): Text 'Check Information' is present on page  using regular expression

2022-04-01 00:56:30 - [MESSAGE][PASSED] - Text 'Check Information' is present on page  using regular expression

2022-04-01 00:56:30 - [TEST_STEP][PASSED] - verifyTextPresent("Account Type", true): Text 'Account Type' is present on page  using regular expression

2022-04-01 00:56:31 - [MESSAGE][PASSED] - Text 'Account Type' is present on page  using regular expression

2022-04-01 00:56:31 - [TEST_STEP][PASSED] - verifyTextPresent("Account Number", true): Text 'Account Number' is present on page  using regular expression

2022-04-01 00:56:31 - [MESSAGE][PASSED] - Text 'Account Number' is present on page  using regular expression

2022-04-01 00:56:31 - [TEST_STEP][PASSED] - verifyTextPresent("Routing Number", true): Text 'Routing Number' is present on page  using regular expression

2022-04-01 00:56:31 - [MESSAGE][PASSED] - Text 'Routing Number' is present on page  using regular expression

2022-04-01 00:56:31 - [TEST_STEP][PASSED] - verifyTextPresent("2691", true): Text '2691' is present on page  using regular expression

2022-04-01 00:56:32 - [MESSAGE][PASSED] - Text '2691' is present on page  using regular expression

2022-04-01 00:56:32 - [TEST_STEP][PASSED] - cardNameV = findTestData(dataFile).getValue("NameV", row): null

2022-04-01 00:56:32 - [TEST_STEP][PASSED] - al1V = findTestData(dataFile).getValue("AL1", row): null

2022-04-01 00:56:32 - [TEST_STEP][PASSED] - al2V = findTestData(dataFile).getValue("AL2", row): null

2022-04-01 00:56:32 - [TEST_STEP][PASSED] - last4V = findTestData(dataFile).getValue("Last4", row): null

2022-04-01 00:56:32 - [TEST_STEP][PASSED] - accType = findTestData(dataFile).getValue("AccountType", row): null

2022-04-01 00:56:32 - [TEST_STEP][PASSED] - verifyTextPresent(cardNameV, true): Text 'VERONIKA INOUYE' is present on page  using regular expression

2022-04-01 00:56:32 - [MESSAGE][PASSED] - Text 'VERONIKA INOUYE' is present on page  using regular expression

2022-04-01 00:56:32 - [TEST_STEP][PASSED] - verifyTextPresent("Address Line 1", true): Text 'Address Line 1' is present on page  using regular expression

2022-04-01 00:56:33 - [MESSAGE][PASSED] - Text 'Address Line 1' is present on page  using regular expression

2022-04-01 00:56:33 - [TEST_STEP][PASSED] - verifyTextPresent("Address Line 2", true): Text 'Address Line 2' is present on page  using regular expression

2022-04-01 00:56:33 - [MESSAGE][PASSED] - Text 'Address Line 2' is present on page  using regular expression

2022-04-01 00:56:33 - [TEST_STEP][PASSED] - verifyTextPresent("Country", true): Text 'Country' is present on page  using regular expression

2022-04-01 00:56:33 - [MESSAGE][PASSED] - Text 'Country' is present on page  using regular expression

2022-04-01 00:56:33 - [TEST_STEP][PASSED] - verifyTextPresent("City", true): Text 'City' is present on page  using regular expression

2022-04-01 00:56:34 - [MESSAGE][PASSED] - Text 'City' is present on page  using regular expression

2022-04-01 00:56:34 - [TEST_STEP][PASSED] - verifyTextPresent("State", true): Text 'State' is present on page  using regular expression

2022-04-01 00:56:34 - [MESSAGE][PASSED] - Text 'State' is present on page  using regular expression

2022-04-01 00:56:34 - [TEST_STEP][PASSED] - verifyTextPresent("ZIP Code", true): Text 'ZIP Code' is present on page  using regular expression

2022-04-01 00:56:34 - [MESSAGE][PASSED] - Text 'ZIP Code' is present on page  using regular expression

2022-04-01 00:56:34 - [TEST_STEP][PASSED] - verifyTextPresent(al1V, true): Text '6 Greenleaf Ave' is present on page  using regular expression

2022-04-01 00:56:35 - [MESSAGE][PASSED] - Text '6 Greenleaf Ave' is present on page  using regular expression

2022-04-01 00:56:35 - [TEST_STEP][PASSED] - verifyTextPresent(al2V, true): Text 'apt #3' is present on page  using regular expression

2022-04-01 00:56:35 - [MESSAGE][PASSED] - Text 'apt #3' is present on page  using regular expression

2022-04-01 00:56:35 - [TEST_STEP][PASSED] - verifyTextPresent("United States", true): Text 'United States' is present on page  using regular expression

2022-04-01 00:56:35 - [MESSAGE][PASSED] - Text 'United States' is present on page  using regular expression

2022-04-01 00:56:35 - [TEST_STEP][PASSED] - verifyTextPresent("ARLINGTON", true): Text 'ARLINGTON' is present on page  using regular expression

2022-04-01 00:56:36 - [MESSAGE][PASSED] - Text 'ARLINGTON' is present on page  using regular expression

2022-04-01 00:56:36 - [TEST_STEP][PASSED] - verifyTextPresent("Virginia", true): Text 'Virginia' is present on page  using regular expression

2022-04-01 00:56:36 - [MESSAGE][PASSED] - Text 'Virginia' is present on page  using regular expression

2022-04-01 00:56:36 - [TEST_STEP][PASSED] - verifyTextPresent("22201", true): Text '22201' is present on page  using regular expression

2022-04-01 00:56:36 - [MESSAGE][PASSED] - Text '22201' is present on page  using regular expression

2022-04-01 00:56:36 - [TEST_STEP][PASSED] - verifyTextPresent(accType, true): Text 'Checking' is present on page  using regular expression

2022-04-01 00:56:37 - [MESSAGE][PASSED] - Text 'Checking' is present on page  using regular expression

2022-04-01 00:56:37 - [TEST_STEP][PASSED] - verifyTextPresent(last4V, true): Text '1002' is present on page  using regular expression

2022-04-01 00:56:37 - [MESSAGE][PASSED] - Text '1002' is present on page  using regular expression

2022-04-01 00:56:37 - [TEST_STEP][PASSED] - closeBrowser(): Browser is closed

2022-04-01 00:56:38 - [MESSAGE][PASSED] - Browser is closed

2022-04-01 00:56:38 - [TEST_STEP][PASSED] - ExecuteTC = findTestData(dataFile).getValue("Execute", row): null

2022-04-01 00:56:38 - [TEST_STEP][PASSED] - out.println("Value of Execute is : " + ExecuteTC): null

2022-04-01 00:56:38 - [TEST_STEP][PASSED] - switch (executionProfile): null

2022-04-01 00:56:38 - [TEST_STEP][PASSED] - case "QAProfile":: null

2022-04-01 00:56:38 - [TEST_STEP][PASSED] - appName = findTestData(dataFile).getValue("AppNameQA", row): null

2022-04-01 00:56:38 - [TEST_STEP][PASSED] - appID = findTestData(dataFile).getValue("AppIDQA", row): null

2022-04-01 00:56:38 - [TEST_STEP][PASSED] - break: null

2022-04-01 00:56:38 - [TEST_STEP][PASSED] - hrefAppID = li_1 + appID + li_2: null

2022-04-01 00:56:38 - [TEST_STEP][PASSED] - hrefApp = li_1 + appID + "/": null

2022-04-01 00:56:38 - [TEST_STEP][PASSED] - println("hrefApp : " + hrefApp): null

2022-04-01 00:56:38 - [TEST_STEP][PASSED] - if (ExecuteTC.equalsIgnoreCase("Y")): Browser is closed

2022-04-01 00:56:38 - [TEST_STEP][PASSED] - out.println("Begin Record Number: " + row): null

2022-04-01 00:56:38 - [TEST_STEP][PASSED] - today = new java.util.Date(): null

2022-04-01 00:56:38 - [TEST_STEP][PASSED] - println(today): null

2022-04-01 00:56:38 - [TEST_STEP][PASSED] - datText = today: null

2022-04-01 00:56:38 - [TEST_STEP][PASSED] - adminSuiteBootstrap.loginFunctionality.login_AdminSuite(): adminSuiteBootstrap.loginFunctionality.login_AdminSuite is PASSED

2022-04-01 00:56:38 - [MESSAGE][INFO] - Starting 'Chrome' driver

2022-04-01 00:56:38 - [MESSAGE][INFO] - User set preference: ['acceptInsecureCerts', 'true']

2022-04-01 00:56:38 - [MESSAGE][INFO] - Action delay is set to 0 milliseconds

2022-04-01 00:56:41 - [MESSAGE][PASSED] - Browser is opened with url: 'https://qa.velocitypayment.com/admin/imtiaz'

2022-04-01 00:56:41 - [MESSAGE][PASSED] - Current window maximized

2022-04-01 00:56:42 - [MESSAGE][PASSED] - Object 'Object Repository/Login_Page/Login_Username' is present

2022-04-01 00:56:42 - [MESSAGE][PASSED] - Text 'iahmed' is set on object 'Object Repository/Login_Page/Login_Username'

2022-04-01 00:56:43 - [MESSAGE][PASSED] - Text 'hello2222' is set on object 'Object Repository/Login_Page/Login_Password'

2022-04-01 00:56:46 - [MESSAGE][PASSED] - Object: 'Object Repository/Login_Page/Login_Submit' is clicked on

2022-04-01 00:56:46 - [MESSAGE][PASSED] - adminSuiteBootstrap.loginFunctionality.login_AdminSuite is PASSED

2022-04-01 00:56:46 - [TEST_STEP][PASSED] - click(findTestObject(path_Dashboard + appName)): Object: 'Object Repository/AdminSuiteBootstrap_Pages/Dashboard_Bootstrap/a_Access AutoDualCFtpQA' is clicked on

2022-04-01 00:56:47 - [MESSAGE][PASSED] - Object: 'Object Repository/AdminSuiteBootstrap_Pages/Dashboard_Bootstrap/a_Access AutoDualCFtpQA' is clicked on

2022-04-01 00:56:47 - [TEST_STEP][PASSED] - click(findTestObject(path_VT + "button_Debit")): Object: 'Object Repository/AdminSuiteBootstrap_Pages/VT_Bootstrap/IssueTransactions/button_Debit' is clicked on

2022-04-01 00:56:47 - [MESSAGE][PASSED] - Object: 'Object Repository/AdminSuiteBootstrap_Pages/VT_Bootstrap/IssueTransactions/button_Debit' is clicked on

2022-04-01 00:56:47 - [TEST_STEP][PASSED] - click(findTestObject(path_VT + "a_Personal")): Object: 'Object Repository/AdminSuiteBootstrap_Pages/VT_Bootstrap/IssueTransactions/a_Personal' is clicked on

2022-04-01 00:56:48 - [MESSAGE][PASSED] - Object: 'Object Repository/AdminSuiteBootstrap_Pages/VT_Bootstrap/IssueTransactions/a_Personal' is clicked on

2022-04-01 00:56:48 - [TEST_STEP][PASSED] - adminSuiteBootstrap.debitPersonalsetData.debitPersonal_DataDriven(row, dataFile): adminSuiteBootstrap.debitPersonalsetData.debitPersonal_DataDriven is PASSED

2022-04-01 00:56:49 - [MESSAGE][PASSED] - Text 'Bette' is set on object 'Object Repository/AdminSuiteBootstrap_Pages/VT_Bootstrap/ACHPersonal/input_firstName'

2022-04-01 00:56:50 - [MESSAGE][PASSED] - Text 'Nicka' is set on object 'Object Repository/AdminSuiteBootstrap_Pages/VT_Bootstrap/ACHPersonal/input_lastName'

2022-04-01 00:56:51 - [MESSAGE][PASSED] - Text '6 S 33rd St' is set on object 'Object Repository/AdminSuiteBootstrap_Pages/VT_Bootstrap/ACHPersonal/input_address'

2022-04-01 00:56:52 - [MESSAGE][PASSED] - Text 'apt #2' is set on object 'Object Repository/AdminSuiteBootstrap_Pages/VT_Bootstrap/ACHPersonal/input_address2'

2022-04-01 00:56:52 - [MESSAGE][PASSED] - Text '22201' is set on object 'Object Repository/AdminSuiteBootstrap_Pages/VT_Bootstrap/ACHPersonal/input_zip'

2022-04-01 00:56:53 - [MESSAGE][PASSED] - Text '' is set on object 'Object Repository/AdminSuiteBootstrap_Pages/VT_Bootstrap/ACHPersonal/input_emailAddress'

2022-04-01 00:56:54 - [MESSAGE][PASSED] - Text '' is set on object 'Object Repository/AdminSuiteBootstrap_Pages/VT_Bootstrap/ACHPersonal/input_smsNumber'

2022-04-01 00:56:55 - [MESSAGE][PASSED] - Text '45671003' is set on object 'Object Repository/AdminSuiteBootstrap_Pages/VT_Bootstrap/ACHPersonal/input_accountNumber'

2022-04-01 00:56:56 - [MESSAGE][PASSED] - Text '256072691' is set on object 'Object Repository/AdminSuiteBootstrap_Pages/VT_Bootstrap/ACHPersonal/input_routingNumber'

2022-04-01 00:56:57 - [MESSAGE][PASSED] - All options with label 'Savings' are selected in object 'Object Repository/AdminSuiteBootstrap_Pages/VT_Bootstrap/ACHPersonal/select_AccountType'  using regular expression

2022-04-01 00:56:58 - [MESSAGE][PASSED] - All options with label 'PPD - Prearranged Payment and Deposit Entry' are selected in object 'Object Repository/AdminSuiteBootstrap_Pages/VT_Bootstrap/ACHPersonal/select_STD'  using regular expression

2022-04-01 00:56:59 - [MESSAGE][PASSED] - Text '11.5' is set on object 'Object Repository/AdminSuiteBootstrap_Pages/VT_Bootstrap/ACHPersonal/input_amount'

2022-04-01 00:57:00 - [MESSAGE][PASSED] - Text 'Denmark' is set on object 'Object Repository/AdminSuiteBootstrap_Pages/VT_Bootstrap/ACHPersonal/input_userDefined1'

2022-04-01 00:57:00 - [MESSAGE][PASSED] - Text 'Australia' is set on object 'Object Repository/AdminSuiteBootstrap_Pages/VT_Bootstrap/ACHPersonal/input_userDefined2'

2022-04-01 00:57:01 - [MESSAGE][PASSED] - Text 'Austria' is set on object 'Object Repository/AdminSuiteBootstrap_Pages/VT_Bootstrap/ACHPersonal/input_userDefined3'

2022-04-01 00:57:02 - [MESSAGE][PASSED] - Text 'Sweden' is set on object 'Object Repository/AdminSuiteBootstrap_Pages/VT_Bootstrap/ACHPersonal/input_userDefined4'

2022-04-01 00:57:03 - [MESSAGE][PASSED] - All options with label 'Yellow' are selected in object 'Object Repository/AdminSuiteBootstrap_Pages/VT_Bootstrap/ACHPersonal/select_UDF5'  using regular expression

2022-04-01 00:57:04 - [MESSAGE][PASSED] - All options with label 'Orange' are selected in object 'Object Repository/AdminSuiteBootstrap_Pages/VT_Bootstrap/ACHPersonal/select_UDF6'  using regular expression

2022-04-01 00:57:05 - [MESSAGE][PASSED] - Text 'Netherlands' is set on object 'Object Repository/AdminSuiteBootstrap_Pages/VT_Bootstrap/ACHPersonal/input_userDefined7'

2022-04-01 00:57:05 - [MESSAGE][PASSED] - Text 'Norway' is set on object 'Object Repository/AdminSuiteBootstrap_Pages/VT_Bootstrap/ACHPersonal/input_userDefined8'

2022-04-01 00:57:06 - [MESSAGE][PASSED] - Text 'France' is set on object 'Object Repository/AdminSuiteBootstrap_Pages/VT_Bootstrap/ACHPersonal/input_userDefined9'

2022-04-01 00:57:07 - [MESSAGE][PASSED] - Text 'Switzerland' is set on object 'Object Repository/AdminSuiteBootstrap_Pages/VT_Bootstrap/ACHPersonal/input_userDefined10'

2022-04-01 00:57:08 - [MESSAGE][PASSED] - Object: 'Object Repository/AdminSuiteBootstrap_Pages/VT_Bootstrap/ACHPersonal/button_Submit' is clicked on

2022-04-01 00:57:08 - [MESSAGE][PASSED] - adminSuiteBootstrap.debitPersonalsetData.debitPersonal_DataDriven is PASSED

2022-04-01 00:57:08 - [TEST_STEP][PASSED] - verifyTextPresent("Transaction Successful", true): Text 'Transaction Successful' is present on page  using regular expression

2022-04-01 00:57:09 - [MESSAGE][PASSED] - Text 'Transaction Successful' is present on page  using regular expression

2022-04-01 00:57:09 - [TEST_STEP][PASSED] - verifyTextPresent("Remittance ID", true): Text 'Remittance ID' is present on page  using regular expression

2022-04-01 00:57:09 - [MESSAGE][PASSED] - Text 'Remittance ID' is present on page  using regular expression

2022-04-01 00:57:09 - [TEST_STEP][PASSED] - verifyTextPresent("Received", true): Text 'Received' is present on page  using regular expression

2022-04-01 00:57:09 - [MESSAGE][PASSED] - Text 'Received' is present on page  using regular expression

2022-04-01 00:57:09 - [TEST_STEP][PASSED] - verifyTextPresent("UDF1", true): Text 'UDF1' is present on page  using regular expression

2022-04-01 00:57:10 - [MESSAGE][PASSED] - Text 'UDF1' is present on page  using regular expression

2022-04-01 00:57:10 - [TEST_STEP][PASSED] - verifyTextPresent("UDF2", true): Text 'UDF2' is present on page  using regular expression

2022-04-01 00:57:10 - [MESSAGE][PASSED] - Text 'UDF2' is present on page  using regular expression

2022-04-01 00:57:10 - [TEST_STEP][PASSED] - verifyTextPresent("UDF3", true): Text 'UDF3' is present on page  using regular expression

2022-04-01 00:57:10 - [MESSAGE][PASSED] - Text 'UDF3' is present on page  using regular expression

2022-04-01 00:57:10 - [TEST_STEP][PASSED] - verifyTextPresent("UDF4", true): Text 'UDF4' is present on page  using regular expression

2022-04-01 00:57:11 - [MESSAGE][PASSED] - Text 'UDF4' is present on page  using regular expression

2022-04-01 00:57:11 - [TEST_STEP][PASSED] - verifyTextPresent("UDF5", true): Text 'UDF5' is present on page  using regular expression

2022-04-01 00:57:11 - [MESSAGE][PASSED] - Text 'UDF5' is present on page  using regular expression

2022-04-01 00:57:11 - [TEST_STEP][PASSED] - verifyTextPresent("UDF6", true): Text 'UDF6' is present on page  using regular expression

2022-04-01 00:57:11 - [MESSAGE][PASSED] - Text 'UDF6' is present on page  using regular expression

2022-04-01 00:57:11 - [TEST_STEP][PASSED] - verifyTextPresent("UDF7", true): Text 'UDF7' is present on page  using regular expression

2022-04-01 00:57:12 - [MESSAGE][PASSED] - Text 'UDF7' is present on page  using regular expression

2022-04-01 00:57:12 - [TEST_STEP][PASSED] - verifyTextPresent("UDF8", true): Text 'UDF8' is present on page  using regular expression

2022-04-01 00:57:12 - [MESSAGE][PASSED] - Text 'UDF8' is present on page  using regular expression

2022-04-01 00:57:12 - [TEST_STEP][PASSED] - verifyTextPresent("UDF9", true): Text 'UDF9' is present on page  using regular expression

2022-04-01 00:57:12 - [MESSAGE][PASSED] - Text 'UDF9' is present on page  using regular expression

2022-04-01 00:57:12 - [TEST_STEP][PASSED] - verifyTextPresent("UDF 10", true): Text 'UDF 10' is present on page  using regular expression

2022-04-01 00:57:13 - [MESSAGE][PASSED] - Text 'UDF 10' is present on page  using regular expression

2022-04-01 00:57:13 - [TEST_STEP][PASSED] - verifyTextPresent("Australia", true): Text 'Australia' is present on page  using regular expression

2022-04-01 00:57:13 - [MESSAGE][PASSED] - Text 'Australia' is present on page  using regular expression

2022-04-01 00:57:13 - [TEST_STEP][PASSED] - verifyTextPresent("Denmark", true): Text 'Denmark' is present on page  using regular expression

2022-04-01 00:57:13 - [MESSAGE][PASSED] - Text 'Denmark' is present on page  using regular expression

2022-04-01 00:57:13 - [TEST_STEP][PASSED] - verifyTextPresent("Sweden", true): Text 'Sweden' is present on page  using regular expression

2022-04-01 00:57:14 - [MESSAGE][PASSED] - Text 'Sweden' is present on page  using regular expression

2022-04-01 00:57:14 - [TEST_STEP][PASSED] - verifyTextPresent("Austria", true): Text 'Austria' is present on page  using regular expression

2022-04-01 00:57:14 - [MESSAGE][PASSED] - Text 'Austria' is present on page  using regular expression

2022-04-01 00:57:14 - [TEST_STEP][PASSED] - verifyTextPresent("Orange Recorded", true): Text 'Orange Recorded' is present on page  using regular expression

2022-04-01 00:57:15 - [MESSAGE][PASSED] - Text 'Orange Recorded' is present on page  using regular expression

2022-04-01 00:57:15 - [TEST_STEP][PASSED] - verifyTextPresent("Yellow Recorded", true): Text 'Yellow Recorded' is present on page  using regular expression

2022-04-01 00:57:15 - [MESSAGE][PASSED] - Text 'Yellow Recorded' is present on page  using regular expression

2022-04-01 00:57:15 - [TEST_STEP][PASSED] - verifyTextPresent("Norway", true): Text 'Norway' is present on page  using regular expression

2022-04-01 00:57:15 - [MESSAGE][PASSED] - Text 'Norway' is present on page  using regular expression

2022-04-01 00:57:15 - [TEST_STEP][PASSED] - verifyTextPresent("Netherlands", true): Text 'Netherlands' is present on page  using regular expression

2022-04-01 00:57:16 - [MESSAGE][PASSED] - Text 'Netherlands' is present on page  using regular expression

2022-04-01 00:57:16 - [TEST_STEP][PASSED] - verifyTextPresent("Switzerland", true): Text 'Switzerland' is present on page  using regular expression

2022-04-01 00:57:16 - [MESSAGE][PASSED] - Text 'Switzerland' is present on page  using regular expression

2022-04-01 00:57:16 - [TEST_STEP][PASSED] - verifyTextPresent("France", true): Text 'France' is present on page  using regular expression

2022-04-01 00:57:16 - [MESSAGE][PASSED] - Text 'France' is present on page  using regular expression

2022-04-01 00:57:16 - [TEST_STEP][PASSED] - verifyTextPresent("Amount", true): Text 'Amount' is present on page  using regular expression

2022-04-01 00:57:17 - [MESSAGE][PASSED] - Text 'Amount' is present on page  using regular expression

2022-04-01 00:57:17 - [TEST_STEP][PASSED] - verifyTextPresent("Service Fee", true): Text 'Service Fee' is present on page  using regular expression

2022-04-01 00:57:17 - [MESSAGE][PASSED] - Text 'Service Fee' is present on page  using regular expression

2022-04-01 00:57:17 - [TEST_STEP][PASSED] - verifyTextPresent("Service Fee Type", true): Text 'Service Fee Type' is present on page  using regular expression

2022-04-01 00:57:17 - [MESSAGE][PASSED] - Text 'Service Fee Type' is present on page  using regular expression

2022-04-01 00:57:17 - [TEST_STEP][PASSED] - verifyTextPresent("Total Amount", true): Text 'Total Amount' is present on page  using regular expression

2022-04-01 00:57:18 - [MESSAGE][PASSED] - Text 'Total Amount' is present on page  using regular expression

2022-04-01 00:57:18 - [TEST_STEP][PASSED] - verifyTextPresent("Transaction Type", true): Text 'Transaction Type' is present on page  using regular expression

2022-04-01 00:57:18 - [MESSAGE][PASSED] - Text 'Transaction Type' is present on page  using regular expression

2022-04-01 00:57:18 - [TEST_STEP][PASSED] - verifyTextPresent("11.50", true): Text '11.50' is present on page  using regular expression

2022-04-01 00:57:18 - [MESSAGE][PASSED] - Text '11.50' is present on page  using regular expression

2022-04-01 00:57:18 - [TEST_STEP][PASSED] - verifyTextPresent("5.00", true): Text '5.00' is present on page  using regular expression

2022-04-01 00:57:19 - [MESSAGE][PASSED] - Text '5.00' is present on page  using regular expression

2022-04-01 00:57:19 - [TEST_STEP][PASSED] - verifyTextPresent("Dual Transaction", true): Text 'Dual Transaction' is present on page  using regular expression

2022-04-01 00:57:19 - [MESSAGE][PASSED] - Text 'Dual Transaction' is present on page  using regular expression

2022-04-01 00:57:19 - [TEST_STEP][PASSED] - verifyTextPresent("16.50", true): Text '16.50' is present on page  using regular expression

2022-04-01 00:57:19 - [MESSAGE][PASSED] - Text '16.50' is present on page  using regular expression

2022-04-01 00:57:19 - [TEST_STEP][PASSED] - verifyTextPresent("Debit", true): Text 'Debit' is present on page  using regular expression

2022-04-01 00:57:20 - [MESSAGE][PASSED] - Text 'Debit' is present on page  using regular expression

2022-04-01 00:57:20 - [TEST_STEP][PASSED] - verifyTextPresent("Check Information", true): Text 'Check Information' is present on page  using regular expression

2022-04-01 00:57:20 - [MESSAGE][PASSED] - Text 'Check Information' is present on page  using regular expression

2022-04-01 00:57:20 - [TEST_STEP][PASSED] - verifyTextPresent("Account Type", true): Text 'Account Type' is present on page  using regular expression

2022-04-01 00:57:20 - [MESSAGE][PASSED] - Text 'Account Type' is present on page  using regular expression

2022-04-01 00:57:20 - [TEST_STEP][PASSED] - verifyTextPresent("Account Number", true): Text 'Account Number' is present on page  using regular expression

2022-04-01 00:57:21 - [MESSAGE][PASSED] - Text 'Account Number' is present on page  using regular expression

2022-04-01 00:57:21 - [TEST_STEP][PASSED] - verifyTextPresent("Routing Number", true): Text 'Routing Number' is present on page  using regular expression

2022-04-01 00:57:21 - [MESSAGE][PASSED] - Text 'Routing Number' is present on page  using regular expression

2022-04-01 00:57:21 - [TEST_STEP][PASSED] - verifyTextPresent("2691", true): Text '2691' is present on page  using regular expression

2022-04-01 00:57:21 - [MESSAGE][PASSED] - Text '2691' is present on page  using regular expression

2022-04-01 00:57:21 - [TEST_STEP][PASSED] - cardNameV = findTestData(dataFile).getValue("NameV", row): null

2022-04-01 00:57:21 - [TEST_STEP][PASSED] - al1V = findTestData(dataFile).getValue("AL1", row): null

2022-04-01 00:57:21 - [TEST_STEP][PASSED] - al2V = findTestData(dataFile).getValue("AL2", row): null

2022-04-01 00:57:21 - [TEST_STEP][PASSED] - last4V = findTestData(dataFile).getValue("Last4", row): null

2022-04-01 00:57:22 - [TEST_STEP][PASSED] - accType = findTestData(dataFile).getValue("AccountType", row): null

2022-04-01 00:57:22 - [TEST_STEP][PASSED] - verifyTextPresent(cardNameV, true): Text 'BETTE NICKA' is present on page  using regular expression

2022-04-01 00:57:22 - [MESSAGE][PASSED] - Text 'BETTE NICKA' is present on page  using regular expression

2022-04-01 00:57:22 - [TEST_STEP][PASSED] - verifyTextPresent("Address Line 1", true): Text 'Address Line 1' is present on page  using regular expression

2022-04-01 00:57:22 - [MESSAGE][PASSED] - Text 'Address Line 1' is present on page  using regular expression

2022-04-01 00:57:22 - [TEST_STEP][PASSED] - verifyTextPresent("Address Line 2", true): Text 'Address Line 2' is present on page  using regular expression

2022-04-01 00:57:22 - [MESSAGE][PASSED] - Text 'Address Line 2' is present on page  using regular expression

2022-04-01 00:57:22 - [TEST_STEP][PASSED] - verifyTextPresent("Country", true): Text 'Country' is present on page  using regular expression

2022-04-01 00:57:23 - [MESSAGE][PASSED] - Text 'Country' is present on page  using regular expression

2022-04-01 00:57:23 - [TEST_STEP][PASSED] - verifyTextPresent("City", true): Text 'City' is present on page  using regular expression

2022-04-01 00:57:23 - [MESSAGE][PASSED] - Text 'City' is present on page  using regular expression

2022-04-01 00:57:23 - [TEST_STEP][PASSED] - verifyTextPresent("State", true): Text 'State' is present on page  using regular expression

2022-04-01 00:57:23 - [MESSAGE][PASSED] - Text 'State' is present on page  using regular expression

2022-04-01 00:57:23 - [TEST_STEP][PASSED] - verifyTextPresent("ZIP Code", true): Text 'ZIP Code' is present on page  using regular expression

2022-04-01 00:57:24 - [MESSAGE][PASSED] - Text 'ZIP Code' is present on page  using regular expression

2022-04-01 00:57:24 - [TEST_STEP][PASSED] - verifyTextPresent(al1V, true): Text '6 S 33rd St' is present on page  using regular expression

2022-04-01 00:57:24 - [MESSAGE][PASSED] - Text '6 S 33rd St' is present on page  using regular expression

2022-04-01 00:57:24 - [TEST_STEP][PASSED] - verifyTextPresent(al2V, true): Text 'apt #2' is present on page  using regular expression

2022-04-01 00:57:24 - [MESSAGE][PASSED] - Text 'apt #2' is present on page  using regular expression

2022-04-01 00:57:24 - [TEST_STEP][PASSED] - verifyTextPresent("United States", true): Text 'United States' is present on page  using regular expression

2022-04-01 00:57:25 - [MESSAGE][PASSED] - Text 'United States' is present on page  using regular expression

2022-04-01 00:57:25 - [TEST_STEP][PASSED] - verifyTextPresent("ARLINGTON", true): Text 'ARLINGTON' is present on page  using regular expression

2022-04-01 00:57:25 - [MESSAGE][PASSED] - Text 'ARLINGTON' is present on page  using regular expression

2022-04-01 00:57:25 - [TEST_STEP][PASSED] - verifyTextPresent("Virginia", true): Text 'Virginia' is present on page  using regular expression

2022-04-01 00:57:26 - [MESSAGE][PASSED] - Text 'Virginia' is present on page  using regular expression

2022-04-01 00:57:26 - [TEST_STEP][PASSED] - verifyTextPresent("22201", true): Text '22201' is present on page  using regular expression

2022-04-01 00:57:26 - [MESSAGE][PASSED] - Text '22201' is present on page  using regular expression

2022-04-01 00:57:26 - [TEST_STEP][PASSED] - verifyTextPresent(accType, true): Text 'Savings' is present on page  using regular expression

2022-04-01 00:57:26 - [MESSAGE][PASSED] - Text 'Savings' is present on page  using regular expression

2022-04-01 00:57:26 - [TEST_STEP][PASSED] - verifyTextPresent(last4V, true): Text '1003' is present on page  using regular expression

2022-04-01 00:57:27 - [MESSAGE][PASSED] - Text '1003' is present on page  using regular expression

2022-04-01 00:57:27 - [TEST_STEP][PASSED] - closeBrowser(): Browser is closed

2022-04-01 00:57:27 - [MESSAGE][PASSED] - Browser is closed

2022-04-01 00:57:27 - [TEST_STEP][PASSED] - ExecuteTC = findTestData(dataFile).getValue("Execute", row): null

2022-04-01 00:57:27 - [TEST_STEP][PASSED] - out.println("Value of Execute is : " + ExecuteTC): null

2022-04-01 00:57:27 - [TEST_STEP][PASSED] - switch (executionProfile): null

2022-04-01 00:57:27 - [TEST_STEP][PASSED] - case "QAProfile":: null

2022-04-01 00:57:27 - [TEST_STEP][PASSED] - appName = findTestData(dataFile).getValue("AppNameQA", row): null

2022-04-01 00:57:27 - [TEST_STEP][PASSED] - appID = findTestData(dataFile).getValue("AppIDQA", row): null

2022-04-01 00:57:28 - [TEST_STEP][PASSED] - break: null

2022-04-01 00:57:28 - [TEST_STEP][PASSED] - hrefAppID = li_1 + appID + li_2: null

2022-04-01 00:57:28 - [TEST_STEP][PASSED] - hrefApp = li_1 + appID + "/": null

2022-04-01 00:57:28 - [TEST_STEP][PASSED] - println("hrefApp : " + hrefApp): null

2022-04-01 00:57:28 - [TEST_STEP][PASSED] - if (ExecuteTC.equalsIgnoreCase("Y")): Browser is closed

2022-04-01 00:57:28 - [TEST_STEP][PASSED] - out.println("Begin Record Number: " + row): null

2022-04-01 00:57:28 - [TEST_STEP][PASSED] - today = new java.util.Date(): null

2022-04-01 00:57:28 - [TEST_STEP][PASSED] - println(today): null

2022-04-01 00:57:28 - [TEST_STEP][PASSED] - datText = today: null

2022-04-01 00:57:28 - [TEST_STEP][PASSED] - adminSuiteBootstrap.loginFunctionality.login_AdminSuite(): adminSuiteBootstrap.loginFunctionality.login_AdminSuite is PASSED

2022-04-01 00:57:28 - [MESSAGE][INFO] - Starting 'Chrome' driver

2022-04-01 00:57:28 - [MESSAGE][INFO] - User set preference: ['acceptInsecureCerts', 'true']

2022-04-01 00:57:28 - [MESSAGE][INFO] - Action delay is set to 0 milliseconds

2022-04-01 00:57:31 - [MESSAGE][PASSED] - Browser is opened with url: 'https://qa.velocitypayment.com/admin/imtiaz'

2022-04-01 00:57:31 - [MESSAGE][PASSED] - Current window maximized

2022-04-01 00:57:31 - [MESSAGE][PASSED] - Object 'Object Repository/Login_Page/Login_Username' is present

2022-04-01 00:57:32 - [MESSAGE][PASSED] - Text 'iahmed' is set on object 'Object Repository/Login_Page/Login_Username'

2022-04-01 00:57:32 - [MESSAGE][PASSED] - Text 'hello2222' is set on object 'Object Repository/Login_Page/Login_Password'

2022-04-01 00:57:36 - [MESSAGE][PASSED] - Object: 'Object Repository/Login_Page/Login_Submit' is clicked on

2022-04-01 00:57:36 - [MESSAGE][PASSED] - adminSuiteBootstrap.loginFunctionality.login_AdminSuite is PASSED

2022-04-01 00:57:36 - [TEST_STEP][PASSED] - click(findTestObject(path_Dashboard + appName)): Object: 'Object Repository/AdminSuiteBootstrap_Pages/Dashboard_Bootstrap/a_Access AutoDualCFtpQA' is clicked on

2022-04-01 00:57:37 - [MESSAGE][PASSED] - Object: 'Object Repository/AdminSuiteBootstrap_Pages/Dashboard_Bootstrap/a_Access AutoDualCFtpQA' is clicked on

2022-04-01 00:57:37 - [TEST_STEP][PASSED] - click(findTestObject(path_VT + "button_Debit")): Object: 'Object Repository/AdminSuiteBootstrap_Pages/VT_Bootstrap/IssueTransactions/button_Debit' is clicked on

2022-04-01 00:57:37 - [MESSAGE][PASSED] - Object: 'Object Repository/AdminSuiteBootstrap_Pages/VT_Bootstrap/IssueTransactions/button_Debit' is clicked on

2022-04-01 00:57:37 - [TEST_STEP][PASSED] - click(findTestObject(path_VT + "a_Personal")): Object: 'Object Repository/AdminSuiteBootstrap_Pages/VT_Bootstrap/IssueTransactions/a_Personal' is clicked on

2022-04-01 00:57:38 - [MESSAGE][PASSED] - Object: 'Object Repository/AdminSuiteBootstrap_Pages/VT_Bootstrap/IssueTransactions/a_Personal' is clicked on

2022-04-01 00:57:38 - [TEST_STEP][PASSED] - adminSuiteBootstrap.debitPersonalsetData.debitPersonal_DataDriven(row, dataFile): adminSuiteBootstrap.debitPersonalsetData.debitPersonal_DataDriven is PASSED

2022-04-01 00:57:39 - [MESSAGE][PASSED] - Text 'Alisha' is set on object 'Object Repository/AdminSuiteBootstrap_Pages/VT_Bootstrap/ACHPersonal/input_firstName'

2022-04-01 00:57:40 - [MESSAGE][PASSED] - Text 'Slusarski' is set on object 'Object Repository/AdminSuiteBootstrap_Pages/VT_Bootstrap/ACHPersonal/input_lastName'

2022-04-01 00:57:41 - [MESSAGE][PASSED] - Text '3273 State St' is set on object 'Object Repository/AdminSuiteBootstrap_Pages/VT_Bootstrap/ACHPersonal/input_address'

2022-04-01 00:57:41 - [MESSAGE][PASSED] - Text 'apt #4' is set on object 'Object Repository/AdminSuiteBootstrap_Pages/VT_Bootstrap/ACHPersonal/input_address2'

2022-04-01 00:57:42 - [MESSAGE][PASSED] - Text '22201' is set on object 'Object Repository/AdminSuiteBootstrap_Pages/VT_Bootstrap/ACHPersonal/input_zip'

2022-04-01 00:57:43 - [MESSAGE][PASSED] - Text '' is set on object 'Object Repository/AdminSuiteBootstrap_Pages/VT_Bootstrap/ACHPersonal/input_emailAddress'

2022-04-01 00:57:44 - [MESSAGE][PASSED] - Text '' is set on object 'Object Repository/AdminSuiteBootstrap_Pages/VT_Bootstrap/ACHPersonal/input_smsNumber'

2022-04-01 00:57:45 - [MESSAGE][PASSED] - Text '45671004' is set on object 'Object Repository/AdminSuiteBootstrap_Pages/VT_Bootstrap/ACHPersonal/input_accountNumber'

2022-04-01 00:57:46 - [MESSAGE][PASSED] - Text '256072691' is set on object 'Object Repository/AdminSuiteBootstrap_Pages/VT_Bootstrap/ACHPersonal/input_routingNumber'

2022-04-01 00:57:46 - [MESSAGE][PASSED] - All options with label 'Savings' are selected in object 'Object Repository/AdminSuiteBootstrap_Pages/VT_Bootstrap/ACHPersonal/select_AccountType'  using regular expression

2022-04-01 00:57:48 - [MESSAGE][PASSED] - All options with label 'TEL - Telephone-Initiated Entry' are selected in object 'Object Repository/AdminSuiteBootstrap_Pages/VT_Bootstrap/ACHPersonal/select_STD'  using regular expression

2022-04-01 00:57:48 - [MESSAGE][PASSED] - Text '11.5' is set on object 'Object Repository/AdminSuiteBootstrap_Pages/VT_Bootstrap/ACHPersonal/input_amount'

2022-04-01 00:57:50 - [MESSAGE][PASSED] - Text 'Denmark' is set on object 'Object Repository/AdminSuiteBootstrap_Pages/VT_Bootstrap/ACHPersonal/input_userDefined1'

2022-04-01 00:57:50 - [MESSAGE][PASSED] - Text 'Australia' is set on object 'Object Repository/AdminSuiteBootstrap_Pages/VT_Bootstrap/ACHPersonal/input_userDefined2'

2022-04-01 00:57:51 - [MESSAGE][PASSED] - Text 'Austria' is set on object 'Object Repository/AdminSuiteBootstrap_Pages/VT_Bootstrap/ACHPersonal/input_userDefined3'

2022-04-01 00:57:52 - [MESSAGE][PASSED] - Text 'Sweden' is set on object 'Object Repository/AdminSuiteBootstrap_Pages/VT_Bootstrap/ACHPersonal/input_userDefined4'

2022-04-01 00:57:53 - [MESSAGE][PASSED] - All options with label 'Yellow' are selected in object 'Object Repository/AdminSuiteBootstrap_Pages/VT_Bootstrap/ACHPersonal/select_UDF5'  using regular expression

2022-04-01 00:57:54 - [MESSAGE][PASSED] - All options with label 'Orange' are selected in object 'Object Repository/AdminSuiteBootstrap_Pages/VT_Bootstrap/ACHPersonal/select_UDF6'  using regular expression

2022-04-01 00:57:55 - [MESSAGE][PASSED] - Text 'Netherlands' is set on object 'Object Repository/AdminSuiteBootstrap_Pages/VT_Bootstrap/ACHPersonal/input_userDefined7'

2022-04-01 00:57:55 - [MESSAGE][PASSED] - Text 'Norway' is set on object 'Object Repository/AdminSuiteBootstrap_Pages/VT_Bootstrap/ACHPersonal/input_userDefined8'

2022-04-01 00:57:56 - [MESSAGE][PASSED] - Text 'France' is set on object 'Object Repository/AdminSuiteBootstrap_Pages/VT_Bootstrap/ACHPersonal/input_userDefined9'

2022-04-01 00:57:57 - [MESSAGE][PASSED] - Text 'Switzerland' is set on object 'Object Repository/AdminSuiteBootstrap_Pages/VT_Bootstrap/ACHPersonal/input_userDefined10'

2022-04-01 00:57:58 - [MESSAGE][PASSED] - Object: 'Object Repository/AdminSuiteBootstrap_Pages/VT_Bootstrap/ACHPersonal/button_Submit' is clicked on

2022-04-01 00:57:58 - [MESSAGE][PASSED] - adminSuiteBootstrap.debitPersonalsetData.debitPersonal_DataDriven is PASSED

2022-04-01 00:57:58 - [TEST_STEP][PASSED] - verifyTextPresent("Transaction Successful", true): Text 'Transaction Successful' is present on page  using regular expression

2022-04-01 00:57:59 - [MESSAGE][PASSED] - Text 'Transaction Successful' is present on page  using regular expression

2022-04-01 00:57:59 - [TEST_STEP][PASSED] - verifyTextPresent("Remittance ID", true): Text 'Remittance ID' is present on page  using regular expression

2022-04-01 00:57:59 - [MESSAGE][PASSED] - Text 'Remittance ID' is present on page  using regular expression

2022-04-01 00:57:59 - [TEST_STEP][PASSED] - verifyTextPresent("Received", true): Text 'Received' is present on page  using regular expression

2022-04-01 00:57:59 - [MESSAGE][PASSED] - Text 'Received' is present on page  using regular expression

2022-04-01 00:57:59 - [TEST_STEP][PASSED] - verifyTextPresent("UDF1", true): Text 'UDF1' is present on page  using regular expression

2022-04-01 00:58:00 - [MESSAGE][PASSED] - Text 'UDF1' is present on page  using regular expression

2022-04-01 00:58:00 - [TEST_STEP][PASSED] - verifyTextPresent("UDF2", true): Text 'UDF2' is present on page  using regular expression

2022-04-01 00:58:00 - [MESSAGE][PASSED] - Text 'UDF2' is present on page  using regular expression

2022-04-01 00:58:00 - [TEST_STEP][PASSED] - verifyTextPresent("UDF3", true): Text 'UDF3' is present on page  using regular expression

2022-04-01 00:58:00 - [MESSAGE][PASSED] - Text 'UDF3' is present on page  using regular expression

2022-04-01 00:58:00 - [TEST_STEP][PASSED] - verifyTextPresent("UDF4", true): Text 'UDF4' is present on page  using regular expression

2022-04-01 00:58:01 - [MESSAGE][PASSED] - Text 'UDF4' is present on page  using regular expression

2022-04-01 00:58:01 - [TEST_STEP][PASSED] - verifyTextPresent("UDF5", true): Text 'UDF5' is present on page  using regular expression

2022-04-01 00:58:01 - [MESSAGE][PASSED] - Text 'UDF5' is present on page  using regular expression

2022-04-01 00:58:01 - [TEST_STEP][PASSED] - verifyTextPresent("UDF6", true): Text 'UDF6' is present on page  using regular expression

2022-04-01 00:58:01 - [MESSAGE][PASSED] - Text 'UDF6' is present on page  using regular expression

2022-04-01 00:58:01 - [TEST_STEP][PASSED] - verifyTextPresent("UDF7", true): Text 'UDF7' is present on page  using regular expression

2022-04-01 00:58:02 - [MESSAGE][PASSED] - Text 'UDF7' is present on page  using regular expression

2022-04-01 00:58:02 - [TEST_STEP][PASSED] - verifyTextPresent("UDF8", true): Text 'UDF8' is present on page  using regular expression

2022-04-01 00:58:02 - [MESSAGE][PASSED] - Text 'UDF8' is present on page  using regular expression

2022-04-01 00:58:02 - [TEST_STEP][PASSED] - verifyTextPresent("UDF9", true): Text 'UDF9' is present on page  using regular expression

2022-04-01 00:58:02 - [MESSAGE][PASSED] - Text 'UDF9' is present on page  using regular expression

2022-04-01 00:58:02 - [TEST_STEP][PASSED] - verifyTextPresent("UDF 10", true): Text 'UDF 10' is present on page  using regular expression

2022-04-01 00:58:03 - [MESSAGE][PASSED] - Text 'UDF 10' is present on page  using regular expression

2022-04-01 00:58:03 - [TEST_STEP][PASSED] - verifyTextPresent("Australia", true): Text 'Australia' is present on page  using regular expression

2022-04-01 00:58:03 - [MESSAGE][PASSED] - Text 'Australia' is present on page  using regular expression

2022-04-01 00:58:03 - [TEST_STEP][PASSED] - verifyTextPresent("Denmark", true): Text 'Denmark' is present on page  using regular expression

2022-04-01 00:58:03 - [MESSAGE][PASSED] - Text 'Denmark' is present on page  using regular expression

2022-04-01 00:58:03 - [TEST_STEP][PASSED] - verifyTextPresent("Sweden", true): Text 'Sweden' is present on page  using regular expression

2022-04-01 00:58:04 - [MESSAGE][PASSED] - Text 'Sweden' is present on page  using regular expression

2022-04-01 00:58:04 - [TEST_STEP][PASSED] - verifyTextPresent("Austria", true): Text 'Austria' is present on page  using regular expression

2022-04-01 00:58:04 - [MESSAGE][PASSED] - Text 'Austria' is present on page  using regular expression

2022-04-01 00:58:04 - [TEST_STEP][PASSED] - verifyTextPresent("Orange Recorded", true): Text 'Orange Recorded' is present on page  using regular expression

2022-04-01 00:58:05 - [MESSAGE][PASSED] - Text 'Orange Recorded' is present on page  using regular expression

2022-04-01 00:58:05 - [TEST_STEP][PASSED] - verifyTextPresent("Yellow Recorded", true): Text 'Yellow Recorded' is present on page  using regular expression

2022-04-01 00:58:05 - [MESSAGE][PASSED] - Text 'Yellow Recorded' is present on page  using regular expression

2022-04-01 00:58:05 - [TEST_STEP][PASSED] - verifyTextPresent("Norway", true): Text 'Norway' is present on page  using regular expression

2022-04-01 00:58:05 - [MESSAGE][PASSED] - Text 'Norway' is present on page  using regular expression

2022-04-01 00:58:05 - [TEST_STEP][PASSED] - verifyTextPresent("Netherlands", true): Text 'Netherlands' is present on page  using regular expression

2022-04-01 00:58:06 - [MESSAGE][PASSED] - Text 'Netherlands' is present on page  using regular expression

2022-04-01 00:58:06 - [TEST_STEP][PASSED] - verifyTextPresent("Switzerland", true): Text 'Switzerland' is present on page  using regular expression

2022-04-01 00:58:06 - [MESSAGE][PASSED] - Text 'Switzerland' is present on page  using regular expression

2022-04-01 00:58:06 - [TEST_STEP][PASSED] - verifyTextPresent("France", true): Text 'France' is present on page  using regular expression

2022-04-01 00:58:06 - [MESSAGE][PASSED] - Text 'France' is present on page  using regular expression

2022-04-01 00:58:06 - [TEST_STEP][PASSED] - verifyTextPresent("Amount", true): Text 'Amount' is present on page  using regular expression

2022-04-01 00:58:07 - [MESSAGE][PASSED] - Text 'Amount' is present on page  using regular expression

2022-04-01 00:58:07 - [TEST_STEP][PASSED] - verifyTextPresent("Service Fee", true): Text 'Service Fee' is present on page  using regular expression

2022-04-01 00:58:07 - [MESSAGE][PASSED] - Text 'Service Fee' is present on page  using regular expression

2022-04-01 00:58:07 - [TEST_STEP][PASSED] - verifyTextPresent("Service Fee Type", true): Text 'Service Fee Type' is present on page  using regular expression

2022-04-01 00:58:07 - [MESSAGE][PASSED] - Text 'Service Fee Type' is present on page  using regular expression

2022-04-01 00:58:07 - [TEST_STEP][PASSED] - verifyTextPresent("Total Amount", true): Text 'Total Amount' is present on page  using regular expression

2022-04-01 00:58:08 - [MESSAGE][PASSED] - Text 'Total Amount' is present on page  using regular expression

2022-04-01 00:58:08 - [TEST_STEP][PASSED] - verifyTextPresent("Transaction Type", true): Text 'Transaction Type' is present on page  using regular expression

2022-04-01 00:58:08 - [MESSAGE][PASSED] - Text 'Transaction Type' is present on page  using regular expression

2022-04-01 00:58:08 - [TEST_STEP][PASSED] - verifyTextPresent("11.50", true): Text '11.50' is present on page  using regular expression

2022-04-01 00:58:08 - [MESSAGE][PASSED] - Text '11.50' is present on page  using regular expression

2022-04-01 00:58:08 - [TEST_STEP][PASSED] - verifyTextPresent("5.00", true): Text '5.00' is present on page  using regular expression

2022-04-01 00:58:09 - [MESSAGE][PASSED] - Text '5.00' is present on page  using regular expression

2022-04-01 00:58:09 - [TEST_STEP][PASSED] - verifyTextPresent("Dual Transaction", true): Text 'Dual Transaction' is present on page  using regular expression

2022-04-01 00:58:09 - [MESSAGE][PASSED] - Text 'Dual Transaction' is present on page  using regular expression

2022-04-01 00:58:09 - [TEST_STEP][PASSED] - verifyTextPresent("16.50", true): Text '16.50' is present on page  using regular expression

2022-04-01 00:58:09 - [MESSAGE][PASSED] - Text '16.50' is present on page  using regular expression

2022-04-01 00:58:09 - [TEST_STEP][PASSED] - verifyTextPresent("Debit", true): Text 'Debit' is present on page  using regular expression

2022-04-01 00:58:10 - [MESSAGE][PASSED] - Text 'Debit' is present on page  using regular expression

2022-04-01 00:58:10 - [TEST_STEP][PASSED] - verifyTextPresent("Check Information", true): Text 'Check Information' is present on page  using regular expression

2022-04-01 00:58:10 - [MESSAGE][PASSED] - Text 'Check Information' is present on page  using regular expression

2022-04-01 00:58:10 - [TEST_STEP][PASSED] - verifyTextPresent("Account Type", true): Text 'Account Type' is present on page  using regular expression

2022-04-01 00:58:10 - [MESSAGE][PASSED] - Text 'Account Type' is present on page  using regular expression

2022-04-01 00:58:10 - [TEST_STEP][PASSED] - verifyTextPresent("Account Number", true): Text 'Account Number' is present on page  using regular expression

2022-04-01 00:58:11 - [MESSAGE][PASSED] - Text 'Account Number' is present on page  using regular expression

2022-04-01 00:58:11 - [TEST_STEP][PASSED] - verifyTextPresent("Routing Number", true): Text 'Routing Number' is present on page  using regular expression

2022-04-01 00:58:11 - [MESSAGE][PASSED] - Text 'Routing Number' is present on page  using regular expression

2022-04-01 00:58:11 - [TEST_STEP][PASSED] - verifyTextPresent("2691", true): Text '2691' is present on page  using regular expression

2022-04-01 00:58:11 - [MESSAGE][PASSED] - Text '2691' is present on page  using regular expression

2022-04-01 00:58:11 - [TEST_STEP][PASSED] - cardNameV = findTestData(dataFile).getValue("NameV", row): null

2022-04-01 00:58:11 - [TEST_STEP][PASSED] - al1V = findTestData(dataFile).getValue("AL1", row): null

2022-04-01 00:58:11 - [TEST_STEP][PASSED] - al2V = findTestData(dataFile).getValue("AL2", row): null

2022-04-01 00:58:11 - [TEST_STEP][PASSED] - last4V = findTestData(dataFile).getValue("Last4", row): null

2022-04-01 00:58:11 - [TEST_STEP][PASSED] - accType = findTestData(dataFile).getValue("AccountType", row): null

2022-04-01 00:58:11 - [TEST_STEP][PASSED] - verifyTextPresent(cardNameV, true): Text 'ALISHA SLUSARSKI' is present on page  using regular expression

2022-04-01 00:58:12 - [MESSAGE][PASSED] - Text 'ALISHA SLUSARSKI' is present on page  using regular expression

2022-04-01 00:58:12 - [TEST_STEP][PASSED] - verifyTextPresent("Address Line 1", true): Text 'Address Line 1' is present on page  using regular expression

2022-04-01 00:58:12 - [MESSAGE][PASSED] - Text 'Address Line 1' is present on page  using regular expression

2022-04-01 00:58:12 - [TEST_STEP][PASSED] - verifyTextPresent("Address Line 2", true): Text 'Address Line 2' is present on page  using regular expression

2022-04-01 00:58:13 - [MESSAGE][PASSED] - Text 'Address Line 2' is present on page  using regular expression

2022-04-01 00:58:13 - [TEST_STEP][PASSED] - verifyTextPresent("Country", true): Text 'Country' is present on page  using regular expression

2022-04-01 00:58:13 - [MESSAGE][PASSED] - Text 'Country' is present on page  using regular expression

2022-04-01 00:58:13 - [TEST_STEP][PASSED] - verifyTextPresent("City", true): Text 'City' is present on page  using regular expression

2022-04-01 00:58:13 - [MESSAGE][PASSED] - Text 'City' is present on page  using regular expression

2022-04-01 00:58:13 - [TEST_STEP][PASSED] - verifyTextPresent("State", true): Text 'State' is present on page  using regular expression

2022-04-01 00:58:14 - [MESSAGE][PASSED] - Text 'State' is present on page  using regular expression

2022-04-01 00:58:14 - [TEST_STEP][PASSED] - verifyTextPresent("ZIP Code", true): Text 'ZIP Code' is present on page  using regular expression

2022-04-01 00:58:14 - [MESSAGE][PASSED] - Text 'ZIP Code' is present on page  using regular expression

2022-04-01 00:58:14 - [TEST_STEP][PASSED] - verifyTextPresent(al1V, true): Text '3273 State St' is present on page  using regular expression

2022-04-01 00:58:14 - [MESSAGE][PASSED] - Text '3273 State St' is present on page  using regular expression

2022-04-01 00:58:14 - [TEST_STEP][PASSED] - verifyTextPresent(al2V, true): Text 'apt #4' is present on page  using regular expression

2022-04-01 00:58:15 - [MESSAGE][PASSED] - Text 'apt #4' is present on page  using regular expression

2022-04-01 00:58:15 - [TEST_STEP][PASSED] - verifyTextPresent("United States", true): Text 'United States' is present on page  using regular expression

2022-04-01 00:58:15 - [MESSAGE][PASSED] - Text 'United States' is present on page  using regular expression

2022-04-01 00:58:15 - [TEST_STEP][PASSED] - verifyTextPresent("ARLINGTON", true): Text 'ARLINGTON' is present on page  using regular expression

2022-04-01 00:58:15 - [MESSAGE][PASSED] - Text 'ARLINGTON' is present on page  using regular expression

2022-04-01 00:58:15 - [TEST_STEP][PASSED] - verifyTextPresent("Virginia", true): Text 'Virginia' is present on page  using regular expression

2022-04-01 00:58:16 - [MESSAGE][PASSED] - Text 'Virginia' is present on page  using regular expression

2022-04-01 00:58:16 - [TEST_STEP][PASSED] - verifyTextPresent("22201", true): Text '22201' is present on page  using regular expression

2022-04-01 00:58:16 - [MESSAGE][PASSED] - Text '22201' is present on page  using regular expression

2022-04-01 00:58:16 - [TEST_STEP][PASSED] - verifyTextPresent(accType, true): Text 'Savings' is present on page  using regular expression

2022-04-01 00:58:16 - [MESSAGE][PASSED] - Text 'Savings' is present on page  using regular expression

2022-04-01 00:58:16 - [TEST_STEP][PASSED] - verifyTextPresent(last4V, true): Text '1004' is present on page  using regular expression

2022-04-01 00:58:17 - [MESSAGE][PASSED] - Text '1004' is present on page  using regular expression

2022-04-01 00:58:17 - [TEST_STEP][PASSED] - closeBrowser(): Browser is closed

2022-04-01 00:58:18 - [MESSAGE][PASSED] - Browser is closed]]></system-out>
         <system-err><![CDATA[]]></system-err>
      </testcase>
      <testcase name="Test Cases/Admin Suite Bootstrap/VT_ACH_TestCases/DebitPersonal_TP_NoCF_Generic_Payment_TC" time="191.083" classname="Test Cases/Admin Suite Bootstrap/VT_ACH_TestCases/DebitPersonal_TP_NoCF_Generic_Payment_TC" status="PASSED">
         <system-out><![CDATA[2022-04-01 00:58:18 - [TEST_CASE][PASSED] - Test Cases/Admin Suite Bootstrap/VT_ACH_TestCases/DebitPersonal_TP_NoCF_Generic_Payment_TC: Test Cases/Admin Suite Bootstrap/VT_ACH_TestCases/DebitPersonal_TP_NoCF_Generic_Payment_TC

2022-04-01 00:58:18 - [TEST_STEP][PASSED] - path_Dashboard = "Object Repository/AdminSuiteBootstrap_Pages/Dashboard_Bootstrap/": null

2022-04-01 00:58:18 - [TEST_STEP][PASSED] - path_VT = "Object Repository/AdminSuiteBootstrap_Pages/VT_Bootstrap/IssueTransactions/": null

2022-04-01 00:58:18 - [TEST_STEP][PASSED] - li_1 = vpos_Prefix: null

2022-04-01 00:58:18 - [TEST_STEP][PASSED] - li_2 = "/transactions/AuthCapForm/": null

2022-04-01 00:58:18 - [TEST_STEP][PASSED] - executionProfile = getExecutionProfile(): null

2022-04-01 00:58:18 - [TEST_STEP][PASSED] - out.println("executionProfile : " + executionProfile): null

2022-04-01 00:58:18 - [TEST_STEP][PASSED] - appName = <not implemented yet for class: org.codehaus.groovy.ast.expr.EmptyExpression>: null

2022-04-01 00:58:18 - [TEST_STEP][PASSED] - appID = <not implemented yet for class: org.codehaus.groovy.ast.expr.EmptyExpression>: null

2022-04-01 00:58:18 - [TEST_STEP][PASSED] - cardNameV = <not implemented yet for class: org.codehaus.groovy.ast.expr.EmptyExpression>: null

2022-04-01 00:58:18 - [TEST_STEP][PASSED] - al1V = <not implemented yet for class: org.codehaus.groovy.ast.expr.EmptyExpression>: null

2022-04-01 00:58:18 - [TEST_STEP][PASSED] - al2V = <not implemented yet for class: org.codehaus.groovy.ast.expr.EmptyExpression>: null

2022-04-01 00:58:18 - [TEST_STEP][PASSED] - zipV = <not implemented yet for class: org.codehaus.groovy.ast.expr.EmptyExpression>: null

2022-04-01 00:58:18 - [TEST_STEP][PASSED] - accType = <not implemented yet for class: org.codehaus.groovy.ast.expr.EmptyExpression>: null

2022-04-01 00:58:18 - [TEST_STEP][PASSED] - last4V = <not implemented yet for class: org.codehaus.groovy.ast.expr.EmptyExpression>: null

2022-04-01 00:58:18 - [TEST_STEP][PASSED] - resText = "Fail": null

2022-04-01 00:58:18 - [TEST_STEP][PASSED] - resColumn = "Result": null

2022-04-01 00:58:18 - [TEST_STEP][PASSED] - datCloumn = "Date": null

2022-04-01 00:58:18 - [TEST_STEP][PASSED] - fileLoc = "C:\KatalonData\Bootstrap\VT-ACH-Data.xlsx": null

2022-04-01 00:58:18 - [TEST_STEP][PASSED] - numOfRows = <not implemented yet for class: org.codehaus.groovy.ast.expr.EmptyExpression>: null

2022-04-01 00:58:18 - [TEST_STEP][PASSED] - dataFile = <not implemented yet for class: org.codehaus.groovy.ast.expr.EmptyExpression>: null

2022-04-01 00:58:18 - [TEST_STEP][PASSED] - nameSheet = <not implemented yet for class: org.codehaus.groovy.ast.expr.EmptyExpression>: null

2022-04-01 00:58:18 - [TEST_STEP][PASSED] - nameSheet = "VT-ACHPersonal-SingleCF-Generic": null

2022-04-01 00:58:18 - [TEST_STEP][PASSED] - numOfRows = findTestData("QA/Bootstrap/VT-ACH-TestData/VT-DebitData-NoCF-Generic").getRowNumbers(): null

2022-04-01 00:58:18 - [TEST_STEP][PASSED] - println("Number of Records: " + numOfRows): null

2022-04-01 00:58:18 - [TEST_STEP][PASSED] - dataFile = "QA/Bootstrap/VT-ACH-TestData/VT-DebitData-NoCF-Generic": null

2022-04-01 00:58:18 - [TEST_STEP][PASSED] - for ([row = 1, row <= numOfRows, (row++)]): Browser is closed

2022-04-01 00:58:18 - [TEST_STEP][PASSED] - ExecuteTC = findTestData(dataFile).getValue("Execute", row): null

2022-04-01 00:58:18 - [TEST_STEP][PASSED] - out.println("Value of Execute is : " + ExecuteTC): null

2022-04-01 00:58:18 - [TEST_STEP][PASSED] - switch (executionProfile): null

2022-04-01 00:58:18 - [TEST_STEP][PASSED] - case "QAProfile":: null

2022-04-01 00:58:18 - [TEST_STEP][PASSED] - appName = findTestData(dataFile).getValue("AppNameQA", row): null

2022-04-01 00:58:18 - [TEST_STEP][PASSED] - appID = findTestData(dataFile).getValue("AppIDQA", row): null

2022-04-01 00:58:18 - [TEST_STEP][PASSED] - break: null

2022-04-01 00:58:18 - [TEST_STEP][PASSED] - hrefAppID = li_1 + appID + li_2: null

2022-04-01 00:58:18 - [TEST_STEP][PASSED] - hrefApp = li_1 + appID + "/": null

2022-04-01 00:58:18 - [TEST_STEP][PASSED] - println("hrefApp : " + hrefApp): null

2022-04-01 00:58:18 - [TEST_STEP][PASSED] - if (ExecuteTC.equalsIgnoreCase("Y")): Browser is closed

2022-04-01 00:58:18 - [TEST_STEP][PASSED] - out.println("Begin Record Number: " + row): null

2022-04-01 00:58:18 - [TEST_STEP][PASSED] - today = new java.util.Date(): null

2022-04-01 00:58:18 - [TEST_STEP][PASSED] - println(today): null

2022-04-01 00:58:18 - [TEST_STEP][PASSED] - datText = today: null

2022-04-01 00:58:18 - [TEST_STEP][PASSED] - adminSuiteBootstrap.loginFunctionality.login_AdminSuite(): adminSuiteBootstrap.loginFunctionality.login_AdminSuite is PASSED

2022-04-01 00:58:18 - [MESSAGE][INFO] - Starting 'Chrome' driver

2022-04-01 00:58:18 - [MESSAGE][INFO] - User set preference: ['acceptInsecureCerts', 'true']

2022-04-01 00:58:18 - [MESSAGE][INFO] - Action delay is set to 0 milliseconds

2022-04-01 00:58:21 - [MESSAGE][PASSED] - Browser is opened with url: 'https://qa.velocitypayment.com/admin/imtiaz'

2022-04-01 00:58:21 - [MESSAGE][PASSED] - Current window maximized

2022-04-01 00:58:22 - [MESSAGE][PASSED] - Object 'Object Repository/Login_Page/Login_Username' is present

2022-04-01 00:58:22 - [MESSAGE][PASSED] - Text 'iahmed' is set on object 'Object Repository/Login_Page/Login_Username'

2022-04-01 00:58:23 - [MESSAGE][PASSED] - Text 'hello2222' is set on object 'Object Repository/Login_Page/Login_Password'

2022-04-01 00:58:26 - [MESSAGE][PASSED] - Object: 'Object Repository/Login_Page/Login_Submit' is clicked on

2022-04-01 00:58:26 - [MESSAGE][PASSED] - adminSuiteBootstrap.loginFunctionality.login_AdminSuite is PASSED

2022-04-01 00:58:26 - [TEST_STEP][PASSED] - click(findTestObject(path_Dashboard + appName)): Object: 'Object Repository/AdminSuiteBootstrap_Pages/Dashboard_Bootstrap/a_Access AutoNoCFtp' is clicked on

2022-04-01 00:58:27 - [MESSAGE][PASSED] - Object: 'Object Repository/AdminSuiteBootstrap_Pages/Dashboard_Bootstrap/a_Access AutoNoCFtp' is clicked on

2022-04-01 00:58:27 - [TEST_STEP][PASSED] - click(findTestObject(path_VT + "button_Debit")): Object: 'Object Repository/AdminSuiteBootstrap_Pages/VT_Bootstrap/IssueTransactions/button_Debit' is clicked on

2022-04-01 00:58:28 - [MESSAGE][PASSED] - Object: 'Object Repository/AdminSuiteBootstrap_Pages/VT_Bootstrap/IssueTransactions/button_Debit' is clicked on

2022-04-01 00:58:28 - [TEST_STEP][PASSED] - click(findTestObject(path_VT + "a_Personal")): Object: 'Object Repository/AdminSuiteBootstrap_Pages/VT_Bootstrap/IssueTransactions/a_Personal' is clicked on

2022-04-01 00:58:29 - [MESSAGE][PASSED] - Object: 'Object Repository/AdminSuiteBootstrap_Pages/VT_Bootstrap/IssueTransactions/a_Personal' is clicked on

2022-04-01 00:58:29 - [TEST_STEP][PASSED] - adminSuiteBootstrap.debitPersonalsetData.debitPersonal_DataDriven(row, dataFile): adminSuiteBootstrap.debitPersonalsetData.debitPersonal_DataDriven is PASSED

2022-04-01 00:58:30 - [MESSAGE][PASSED] - Text 'John' is set on object 'Object Repository/AdminSuiteBootstrap_Pages/VT_Bootstrap/ACHPersonal/input_firstName'

2022-04-01 00:58:31 - [MESSAGE][PASSED] - Text 'Gordonas' is set on object 'Object Repository/AdminSuiteBootstrap_Pages/VT_Bootstrap/ACHPersonal/input_lastName'

2022-04-01 00:58:31 - [MESSAGE][PASSED] - Text '133 Meadow Ln' is set on object 'Object Repository/AdminSuiteBootstrap_Pages/VT_Bootstrap/ACHPersonal/input_address'

2022-04-01 00:58:32 - [MESSAGE][PASSED] - Text 'apt #123' is set on object 'Object Repository/AdminSuiteBootstrap_Pages/VT_Bootstrap/ACHPersonal/input_address2'

2022-04-01 00:58:33 - [MESSAGE][PASSED] - Text '22201' is set on object 'Object Repository/AdminSuiteBootstrap_Pages/VT_Bootstrap/ACHPersonal/input_zip'

2022-04-01 00:58:34 - [MESSAGE][PASSED] - Text '' is set on object 'Object Repository/AdminSuiteBootstrap_Pages/VT_Bootstrap/ACHPersonal/input_emailAddress'

2022-04-01 00:58:35 - [MESSAGE][PASSED] - Text '' is set on object 'Object Repository/AdminSuiteBootstrap_Pages/VT_Bootstrap/ACHPersonal/input_smsNumber'

2022-04-01 00:58:36 - [MESSAGE][PASSED] - Text '45681001' is set on object 'Object Repository/AdminSuiteBootstrap_Pages/VT_Bootstrap/ACHPersonal/input_accountNumber'

2022-04-01 00:58:36 - [MESSAGE][PASSED] - Text '256072691' is set on object 'Object Repository/AdminSuiteBootstrap_Pages/VT_Bootstrap/ACHPersonal/input_routingNumber'

2022-04-01 00:58:37 - [MESSAGE][PASSED] - All options with label 'Checking' are selected in object 'Object Repository/AdminSuiteBootstrap_Pages/VT_Bootstrap/ACHPersonal/select_AccountType'  using regular expression

2022-04-01 00:58:38 - [MESSAGE][PASSED] - All options with label 'PPD - Prearranged Payment and Deposit Entry' are selected in object 'Object Repository/AdminSuiteBootstrap_Pages/VT_Bootstrap/ACHPersonal/select_STD'  using regular expression

2022-04-01 00:58:39 - [MESSAGE][PASSED] - Text '11.5' is set on object 'Object Repository/AdminSuiteBootstrap_Pages/VT_Bootstrap/ACHPersonal/input_amount'

2022-04-01 00:58:40 - [MESSAGE][PASSED] - Text 'Denmark' is set on object 'Object Repository/AdminSuiteBootstrap_Pages/VT_Bootstrap/ACHPersonal/input_userDefined1'

2022-04-01 00:58:41 - [MESSAGE][PASSED] - Text 'Australia' is set on object 'Object Repository/AdminSuiteBootstrap_Pages/VT_Bootstrap/ACHPersonal/input_userDefined2'

2022-04-01 00:58:41 - [MESSAGE][PASSED] - Text 'Austria' is set on object 'Object Repository/AdminSuiteBootstrap_Pages/VT_Bootstrap/ACHPersonal/input_userDefined3'

2022-04-01 00:58:42 - [MESSAGE][PASSED] - Text 'Sweden' is set on object 'Object Repository/AdminSuiteBootstrap_Pages/VT_Bootstrap/ACHPersonal/input_userDefined4'

2022-04-01 00:58:43 - [MESSAGE][PASSED] - All options with label 'Yellow' are selected in object 'Object Repository/AdminSuiteBootstrap_Pages/VT_Bootstrap/ACHPersonal/select_UDF5'  using regular expression

2022-04-01 00:58:44 - [MESSAGE][PASSED] - All options with label 'Orange' are selected in object 'Object Repository/AdminSuiteBootstrap_Pages/VT_Bootstrap/ACHPersonal/select_UDF6'  using regular expression

2022-04-01 00:58:45 - [MESSAGE][PASSED] - Text 'Netherlands' is set on object 'Object Repository/AdminSuiteBootstrap_Pages/VT_Bootstrap/ACHPersonal/input_userDefined7'

2022-04-01 00:58:45 - [MESSAGE][PASSED] - Text 'Norway' is set on object 'Object Repository/AdminSuiteBootstrap_Pages/VT_Bootstrap/ACHPersonal/input_userDefined8'

2022-04-01 00:58:46 - [MESSAGE][PASSED] - Text 'France' is set on object 'Object Repository/AdminSuiteBootstrap_Pages/VT_Bootstrap/ACHPersonal/input_userDefined9'

2022-04-01 00:58:47 - [MESSAGE][PASSED] - Text 'Switzerland' is set on object 'Object Repository/AdminSuiteBootstrap_Pages/VT_Bootstrap/ACHPersonal/input_userDefined10'

2022-04-01 00:58:48 - [MESSAGE][PASSED] - Object: 'Object Repository/AdminSuiteBootstrap_Pages/VT_Bootstrap/ACHPersonal/button_Submit' is clicked on

2022-04-01 00:58:48 - [MESSAGE][PASSED] - adminSuiteBootstrap.debitPersonalsetData.debitPersonal_DataDriven is PASSED

2022-04-01 00:58:48 - [TEST_STEP][PASSED] - verifyTextPresent("Transaction Successful", true): Text 'Transaction Successful' is present on page  using regular expression

2022-04-01 00:58:49 - [MESSAGE][PASSED] - Text 'Transaction Successful' is present on page  using regular expression

2022-04-01 00:58:49 - [TEST_STEP][PASSED] - verifyTextPresent("Remittance ID", true): Text 'Remittance ID' is present on page  using regular expression

2022-04-01 00:58:49 - [MESSAGE][PASSED] - Text 'Remittance ID' is present on page  using regular expression

2022-04-01 00:58:49 - [TEST_STEP][PASSED] - verifyTextPresent("Received", true): Text 'Received' is present on page  using regular expression

2022-04-01 00:58:49 - [MESSAGE][PASSED] - Text 'Received' is present on page  using regular expression

2022-04-01 00:58:49 - [TEST_STEP][PASSED] - verifyTextPresent("UDF1", true): Text 'UDF1' is present on page  using regular expression

2022-04-01 00:58:50 - [MESSAGE][PASSED] - Text 'UDF1' is present on page  using regular expression

2022-04-01 00:58:50 - [TEST_STEP][PASSED] - verifyTextPresent("UDF2", true): Text 'UDF2' is present on page  using regular expression

2022-04-01 00:58:50 - [MESSAGE][PASSED] - Text 'UDF2' is present on page  using regular expression

2022-04-01 00:58:50 - [TEST_STEP][PASSED] - verifyTextPresent("UDF3", true): Text 'UDF3' is present on page  using regular expression

2022-04-01 00:58:50 - [MESSAGE][PASSED] - Text 'UDF3' is present on page  using regular expression

2022-04-01 00:58:50 - [TEST_STEP][PASSED] - verifyTextPresent("UDF4", true): Text 'UDF4' is present on page  using regular expression

2022-04-01 00:58:51 - [MESSAGE][PASSED] - Text 'UDF4' is present on page  using regular expression

2022-04-01 00:58:51 - [TEST_STEP][PASSED] - verifyTextPresent("UDF5", true): Text 'UDF5' is present on page  using regular expression

2022-04-01 00:58:51 - [MESSAGE][PASSED] - Text 'UDF5' is present on page  using regular expression

2022-04-01 00:58:51 - [TEST_STEP][PASSED] - verifyTextPresent("UDF6", true): Text 'UDF6' is present on page  using regular expression

2022-04-01 00:58:51 - [MESSAGE][PASSED] - Text 'UDF6' is present on page  using regular expression

2022-04-01 00:58:51 - [TEST_STEP][PASSED] - verifyTextPresent("UDF7", true): Text 'UDF7' is present on page  using regular expression

2022-04-01 00:58:52 - [MESSAGE][PASSED] - Text 'UDF7' is present on page  using regular expression

2022-04-01 00:58:52 - [TEST_STEP][PASSED] - verifyTextPresent("UDF8", true): Text 'UDF8' is present on page  using regular expression

2022-04-01 00:58:52 - [MESSAGE][PASSED] - Text 'UDF8' is present on page  using regular expression

2022-04-01 00:58:52 - [TEST_STEP][PASSED] - verifyTextPresent("UDF9", true): Text 'UDF9' is present on page  using regular expression

2022-04-01 00:58:52 - [MESSAGE][PASSED] - Text 'UDF9' is present on page  using regular expression

2022-04-01 00:58:52 - [TEST_STEP][PASSED] - verifyTextPresent("UDF 10", true): Text 'UDF 10' is present on page  using regular expression

2022-04-01 00:58:53 - [MESSAGE][PASSED] - Text 'UDF 10' is present on page  using regular expression

2022-04-01 00:58:53 - [TEST_STEP][PASSED] - verifyTextPresent("Australia", true): Text 'Australia' is present on page  using regular expression

2022-04-01 00:58:53 - [MESSAGE][PASSED] - Text 'Australia' is present on page  using regular expression

2022-04-01 00:58:53 - [TEST_STEP][PASSED] - verifyTextPresent("Denmark", true): Text 'Denmark' is present on page  using regular expression

2022-04-01 00:58:53 - [MESSAGE][PASSED] - Text 'Denmark' is present on page  using regular expression

2022-04-01 00:58:53 - [TEST_STEP][PASSED] - verifyTextPresent("Sweden", true): Text 'Sweden' is present on page  using regular expression

2022-04-01 00:58:54 - [MESSAGE][PASSED] - Text 'Sweden' is present on page  using regular expression

2022-04-01 00:58:54 - [TEST_STEP][PASSED] - verifyTextPresent("Austria", true): Text 'Austria' is present on page  using regular expression

2022-04-01 00:58:54 - [MESSAGE][PASSED] - Text 'Austria' is present on page  using regular expression

2022-04-01 00:58:54 - [TEST_STEP][PASSED] - verifyTextPresent("Orange Recorded", true): Text 'Orange Recorded' is present on page  using regular expression

2022-04-01 00:58:54 - [MESSAGE][PASSED] - Text 'Orange Recorded' is present on page  using regular expression

2022-04-01 00:58:54 - [TEST_STEP][PASSED] - verifyTextPresent("Yellow Recorded", true): Text 'Yellow Recorded' is present on page  using regular expression

2022-04-01 00:58:55 - [MESSAGE][PASSED] - Text 'Yellow Recorded' is present on page  using regular expression

2022-04-01 00:58:55 - [TEST_STEP][PASSED] - verifyTextPresent("Norway", true): Text 'Norway' is present on page  using regular expression

2022-04-01 00:58:55 - [MESSAGE][PASSED] - Text 'Norway' is present on page  using regular expression

2022-04-01 00:58:55 - [TEST_STEP][PASSED] - verifyTextPresent("Netherlands", true): Text 'Netherlands' is present on page  using regular expression

2022-04-01 00:58:55 - [MESSAGE][PASSED] - Text 'Netherlands' is present on page  using regular expression

2022-04-01 00:58:55 - [TEST_STEP][PASSED] - verifyTextPresent("Switzerland", true): Text 'Switzerland' is present on page  using regular expression

2022-04-01 00:58:56 - [MESSAGE][PASSED] - Text 'Switzerland' is present on page  using regular expression

2022-04-01 00:58:56 - [TEST_STEP][PASSED] - verifyTextPresent("France", true): Text 'France' is present on page  using regular expression

2022-04-01 00:58:56 - [MESSAGE][PASSED] - Text 'France' is present on page  using regular expression

2022-04-01 00:58:56 - [TEST_STEP][PASSED] - verifyTextPresent("Amount", true): Text 'Amount' is present on page  using regular expression

2022-04-01 00:58:56 - [MESSAGE][PASSED] - Text 'Amount' is present on page  using regular expression

2022-04-01 00:58:56 - [TEST_STEP][PASSED] - verifyTextPresent("Total Amount", true): Text 'Total Amount' is present on page  using regular expression

2022-04-01 00:58:57 - [MESSAGE][PASSED] - Text 'Total Amount' is present on page  using regular expression

2022-04-01 00:58:57 - [TEST_STEP][PASSED] - verifyTextPresent("Transaction Type", true): Text 'Transaction Type' is present on page  using regular expression

2022-04-01 00:58:57 - [MESSAGE][PASSED] - Text 'Transaction Type' is present on page  using regular expression

2022-04-01 00:58:57 - [TEST_STEP][PASSED] - verifyTextPresent("11.50", true): Text '11.50' is present on page  using regular expression

2022-04-01 00:58:57 - [MESSAGE][PASSED] - Text '11.50' is present on page  using regular expression

2022-04-01 00:58:57 - [TEST_STEP][PASSED] - verifyTextPresent("Debit", true): Text 'Debit' is present on page  using regular expression

2022-04-01 00:58:58 - [MESSAGE][PASSED] - Text 'Debit' is present on page  using regular expression

2022-04-01 00:58:58 - [TEST_STEP][PASSED] - verifyTextPresent("Check Information", true): Text 'Check Information' is present on page  using regular expression

2022-04-01 00:58:58 - [MESSAGE][PASSED] - Text 'Check Information' is present on page  using regular expression

2022-04-01 00:58:58 - [TEST_STEP][PASSED] - verifyTextPresent("Account Type", true): Text 'Account Type' is present on page  using regular expression

2022-04-01 00:58:58 - [MESSAGE][PASSED] - Text 'Account Type' is present on page  using regular expression

2022-04-01 00:58:58 - [TEST_STEP][PASSED] - verifyTextPresent("Account Number", true): Text 'Account Number' is present on page  using regular expression

2022-04-01 00:58:59 - [MESSAGE][PASSED] - Text 'Account Number' is present on page  using regular expression

2022-04-01 00:58:59 - [TEST_STEP][PASSED] - verifyTextPresent("Routing Number", true): Text 'Routing Number' is present on page  using regular expression

2022-04-01 00:58:59 - [MESSAGE][PASSED] - Text 'Routing Number' is present on page  using regular expression

2022-04-01 00:58:59 - [TEST_STEP][PASSED] - verifyTextPresent("2691", true): Text '2691' is present on page  using regular expression

2022-04-01 00:58:59 - [MESSAGE][PASSED] - Text '2691' is present on page  using regular expression

2022-04-01 00:58:59 - [TEST_STEP][PASSED] - cardNameV = findTestData(dataFile).getValue("NameV", row): null

2022-04-01 00:58:59 - [TEST_STEP][PASSED] - al1V = findTestData(dataFile).getValue("AL1", row): null

2022-04-01 00:58:59 - [TEST_STEP][PASSED] - al2V = findTestData(dataFile).getValue("AL2", row): null

2022-04-01 00:58:59 - [TEST_STEP][PASSED] - last4V = findTestData(dataFile).getValue("Last4", row): null

2022-04-01 00:59:00 - [TEST_STEP][PASSED] - accType = findTestData(dataFile).getValue("AccountType", row): null

2022-04-01 00:59:00 - [TEST_STEP][PASSED] - verifyTextPresent(cardNameV, true): Text 'JOHN GORDONAS' is present on page  using regular expression

2022-04-01 00:59:00 - [MESSAGE][PASSED] - Text 'JOHN GORDONAS' is present on page  using regular expression

2022-04-01 00:59:00 - [TEST_STEP][PASSED] - verifyTextPresent("Address Line 1", true): Text 'Address Line 1' is present on page  using regular expression

2022-04-01 00:59:00 - [MESSAGE][PASSED] - Text 'Address Line 1' is present on page  using regular expression

2022-04-01 00:59:00 - [TEST_STEP][PASSED] - verifyTextPresent("Address Line 2", true): Text 'Address Line 2' is present on page  using regular expression

2022-04-01 00:59:01 - [MESSAGE][PASSED] - Text 'Address Line 2' is present on page  using regular expression

2022-04-01 00:59:01 - [TEST_STEP][PASSED] - verifyTextPresent("Country", true): Text 'Country' is present on page  using regular expression

2022-04-01 00:59:01 - [MESSAGE][PASSED] - Text 'Country' is present on page  using regular expression

2022-04-01 00:59:01 - [TEST_STEP][PASSED] - verifyTextPresent("City", true): Text 'City' is present on page  using regular expression

2022-04-01 00:59:01 - [MESSAGE][PASSED] - Text 'City' is present on page  using regular expression

2022-04-01 00:59:01 - [TEST_STEP][PASSED] - verifyTextPresent("State", true): Text 'State' is present on page  using regular expression

2022-04-01 00:59:02 - [MESSAGE][PASSED] - Text 'State' is present on page  using regular expression

2022-04-01 00:59:02 - [TEST_STEP][PASSED] - verifyTextPresent("ZIP Code", true): Text 'ZIP Code' is present on page  using regular expression

2022-04-01 00:59:02 - [MESSAGE][PASSED] - Text 'ZIP Code' is present on page  using regular expression

2022-04-01 00:59:02 - [TEST_STEP][PASSED] - verifyTextPresent(al1V, true): Text '133 Meadow Ln' is present on page  using regular expression

2022-04-01 00:59:02 - [MESSAGE][PASSED] - Text '133 Meadow Ln' is present on page  using regular expression

2022-04-01 00:59:02 - [TEST_STEP][PASSED] - verifyTextPresent(al2V, true): Text 'apt #123' is present on page  using regular expression

2022-04-01 00:59:03 - [MESSAGE][PASSED] - Text 'apt #123' is present on page  using regular expression

2022-04-01 00:59:03 - [TEST_STEP][PASSED] - verifyTextPresent("United States", true): Text 'United States' is present on page  using regular expression

2022-04-01 00:59:03 - [MESSAGE][PASSED] - Text 'United States' is present on page  using regular expression

2022-04-01 00:59:03 - [TEST_STEP][PASSED] - verifyTextPresent("ARLINGTON", true): Text 'ARLINGTON' is present on page  using regular expression

2022-04-01 00:59:03 - [MESSAGE][PASSED] - Text 'ARLINGTON' is present on page  using regular expression

2022-04-01 00:59:03 - [TEST_STEP][PASSED] - verifyTextPresent("Virginia", true): Text 'Virginia' is present on page  using regular expression

2022-04-01 00:59:04 - [MESSAGE][PASSED] - Text 'Virginia' is present on page  using regular expression

2022-04-01 00:59:04 - [TEST_STEP][PASSED] - verifyTextPresent("22201", true): Text '22201' is present on page  using regular expression

2022-04-01 00:59:04 - [MESSAGE][PASSED] - Text '22201' is present on page  using regular expression

2022-04-01 00:59:04 - [TEST_STEP][PASSED] - verifyTextPresent(accType, true): Text 'Checking' is present on page  using regular expression

2022-04-01 00:59:04 - [MESSAGE][PASSED] - Text 'Checking' is present on page  using regular expression

2022-04-01 00:59:04 - [TEST_STEP][PASSED] - verifyTextPresent(last4V, true): Text '1001' is present on page  using regular expression

2022-04-01 00:59:05 - [MESSAGE][PASSED] - Text '1001' is present on page  using regular expression

2022-04-01 00:59:05 - [TEST_STEP][PASSED] - closeBrowser(): Browser is closed

2022-04-01 00:59:05 - [MESSAGE][PASSED] - Browser is closed

2022-04-01 00:59:05 - [TEST_STEP][PASSED] - ExecuteTC = findTestData(dataFile).getValue("Execute", row): null

2022-04-01 00:59:05 - [TEST_STEP][PASSED] - out.println("Value of Execute is : " + ExecuteTC): null

2022-04-01 00:59:05 - [TEST_STEP][PASSED] - switch (executionProfile): null

2022-04-01 00:59:05 - [TEST_STEP][PASSED] - case "QAProfile":: null

2022-04-01 00:59:05 - [TEST_STEP][PASSED] - appName = findTestData(dataFile).getValue("AppNameQA", row): null

2022-04-01 00:59:06 - [TEST_STEP][PASSED] - appID = findTestData(dataFile).getValue("AppIDQA", row): null

2022-04-01 00:59:06 - [TEST_STEP][PASSED] - break: null

2022-04-01 00:59:06 - [TEST_STEP][PASSED] - hrefAppID = li_1 + appID + li_2: null

2022-04-01 00:59:06 - [TEST_STEP][PASSED] - hrefApp = li_1 + appID + "/": null

2022-04-01 00:59:06 - [TEST_STEP][PASSED] - println("hrefApp : " + hrefApp): null

2022-04-01 00:59:06 - [TEST_STEP][PASSED] - if (ExecuteTC.equalsIgnoreCase("Y")): Browser is closed

2022-04-01 00:59:06 - [TEST_STEP][PASSED] - out.println("Begin Record Number: " + row): null

2022-04-01 00:59:06 - [TEST_STEP][PASSED] - today = new java.util.Date(): null

2022-04-01 00:59:06 - [TEST_STEP][PASSED] - println(today): null

2022-04-01 00:59:06 - [TEST_STEP][PASSED] - datText = today: null

2022-04-01 00:59:06 - [TEST_STEP][PASSED] - adminSuiteBootstrap.loginFunctionality.login_AdminSuite(): adminSuiteBootstrap.loginFunctionality.login_AdminSuite is PASSED

2022-04-01 00:59:06 - [MESSAGE][INFO] - Starting 'Chrome' driver

2022-04-01 00:59:06 - [MESSAGE][INFO] - User set preference: ['acceptInsecureCerts', 'true']

2022-04-01 00:59:06 - [MESSAGE][INFO] - Action delay is set to 0 milliseconds

2022-04-01 00:59:09 - [MESSAGE][PASSED] - Browser is opened with url: 'https://qa.velocitypayment.com/admin/imtiaz'

2022-04-01 00:59:09 - [MESSAGE][PASSED] - Current window maximized

2022-04-01 00:59:09 - [MESSAGE][PASSED] - Object 'Object Repository/Login_Page/Login_Username' is present

2022-04-01 00:59:10 - [MESSAGE][PASSED] - Text 'iahmed' is set on object 'Object Repository/Login_Page/Login_Username'

2022-04-01 00:59:11 - [MESSAGE][PASSED] - Text 'hello2222' is set on object 'Object Repository/Login_Page/Login_Password'

2022-04-01 00:59:15 - [MESSAGE][PASSED] - Object: 'Object Repository/Login_Page/Login_Submit' is clicked on

2022-04-01 00:59:15 - [MESSAGE][PASSED] - adminSuiteBootstrap.loginFunctionality.login_AdminSuite is PASSED

2022-04-01 00:59:15 - [TEST_STEP][PASSED] - click(findTestObject(path_Dashboard + appName)): Object: 'Object Repository/AdminSuiteBootstrap_Pages/Dashboard_Bootstrap/a_Access AutoNoCFtp' is clicked on

2022-04-01 00:59:16 - [MESSAGE][PASSED] - Object: 'Object Repository/AdminSuiteBootstrap_Pages/Dashboard_Bootstrap/a_Access AutoNoCFtp' is clicked on

2022-04-01 00:59:16 - [TEST_STEP][PASSED] - click(findTestObject(path_VT + "button_Debit")): Object: 'Object Repository/AdminSuiteBootstrap_Pages/VT_Bootstrap/IssueTransactions/button_Debit' is clicked on

2022-04-01 00:59:17 - [MESSAGE][PASSED] - Object: 'Object Repository/AdminSuiteBootstrap_Pages/VT_Bootstrap/IssueTransactions/button_Debit' is clicked on

2022-04-01 00:59:17 - [TEST_STEP][PASSED] - click(findTestObject(path_VT + "a_Personal")): Object: 'Object Repository/AdminSuiteBootstrap_Pages/VT_Bootstrap/IssueTransactions/a_Personal' is clicked on

2022-04-01 00:59:18 - [MESSAGE][PASSED] - Object: 'Object Repository/AdminSuiteBootstrap_Pages/VT_Bootstrap/IssueTransactions/a_Personal' is clicked on

2022-04-01 00:59:18 - [TEST_STEP][PASSED] - adminSuiteBootstrap.debitPersonalsetData.debitPersonal_DataDriven(row, dataFile): adminSuiteBootstrap.debitPersonalsetData.debitPersonal_DataDriven is PASSED

2022-04-01 00:59:19 - [MESSAGE][PASSED] - Text 'Veronika' is set on object 'Object Repository/AdminSuiteBootstrap_Pages/VT_Bootstrap/ACHPersonal/input_firstName'

2022-04-01 00:59:20 - [MESSAGE][PASSED] - Text 'Inouye' is set on object 'Object Repository/AdminSuiteBootstrap_Pages/VT_Bootstrap/ACHPersonal/input_lastName'

2022-04-01 00:59:21 - [MESSAGE][PASSED] - Text '6 Greenleaf Ave' is set on object 'Object Repository/AdminSuiteBootstrap_Pages/VT_Bootstrap/ACHPersonal/input_address'

2022-04-01 00:59:21 - [MESSAGE][PASSED] - Text 'apt #3' is set on object 'Object Repository/AdminSuiteBootstrap_Pages/VT_Bootstrap/ACHPersonal/input_address2'

2022-04-01 00:59:22 - [MESSAGE][PASSED] - Text '22201' is set on object 'Object Repository/AdminSuiteBootstrap_Pages/VT_Bootstrap/ACHPersonal/input_zip'

2022-04-01 00:59:23 - [MESSAGE][PASSED] - Text '' is set on object 'Object Repository/AdminSuiteBootstrap_Pages/VT_Bootstrap/ACHPersonal/input_emailAddress'

2022-04-01 00:59:24 - [MESSAGE][PASSED] - Text '' is set on object 'Object Repository/AdminSuiteBootstrap_Pages/VT_Bootstrap/ACHPersonal/input_smsNumber'

2022-04-01 00:59:25 - [MESSAGE][PASSED] - Text '45681002' is set on object 'Object Repository/AdminSuiteBootstrap_Pages/VT_Bootstrap/ACHPersonal/input_accountNumber'

2022-04-01 00:59:25 - [MESSAGE][PASSED] - Text '256072691' is set on object 'Object Repository/AdminSuiteBootstrap_Pages/VT_Bootstrap/ACHPersonal/input_routingNumber'

2022-04-01 00:59:26 - [MESSAGE][PASSED] - All options with label 'Checking' are selected in object 'Object Repository/AdminSuiteBootstrap_Pages/VT_Bootstrap/ACHPersonal/select_AccountType'  using regular expression

2022-04-01 00:59:27 - [MESSAGE][PASSED] - All options with label 'TEL - Telephone-Initiated Entry' are selected in object 'Object Repository/AdminSuiteBootstrap_Pages/VT_Bootstrap/ACHPersonal/select_STD'  using regular expression

2022-04-01 00:59:28 - [MESSAGE][PASSED] - Text '11.5' is set on object 'Object Repository/AdminSuiteBootstrap_Pages/VT_Bootstrap/ACHPersonal/input_amount'

2022-04-01 00:59:29 - [MESSAGE][PASSED] - Text 'Denmark' is set on object 'Object Repository/AdminSuiteBootstrap_Pages/VT_Bootstrap/ACHPersonal/input_userDefined1'

2022-04-01 00:59:30 - [MESSAGE][PASSED] - Text 'Australia' is set on object 'Object Repository/AdminSuiteBootstrap_Pages/VT_Bootstrap/ACHPersonal/input_userDefined2'

2022-04-01 00:59:30 - [MESSAGE][PASSED] - Text 'Austria' is set on object 'Object Repository/AdminSuiteBootstrap_Pages/VT_Bootstrap/ACHPersonal/input_userDefined3'

2022-04-01 00:59:31 - [MESSAGE][PASSED] - Text 'Sweden' is set on object 'Object Repository/AdminSuiteBootstrap_Pages/VT_Bootstrap/ACHPersonal/input_userDefined4'

2022-04-01 00:59:32 - [MESSAGE][PASSED] - All options with label 'Yellow' are selected in object 'Object Repository/AdminSuiteBootstrap_Pages/VT_Bootstrap/ACHPersonal/select_UDF5'  using regular expression

2022-04-01 00:59:33 - [MESSAGE][PASSED] - All options with label 'Orange' are selected in object 'Object Repository/AdminSuiteBootstrap_Pages/VT_Bootstrap/ACHPersonal/select_UDF6'  using regular expression

2022-04-01 00:59:34 - [MESSAGE][PASSED] - Text 'Netherlands' is set on object 'Object Repository/AdminSuiteBootstrap_Pages/VT_Bootstrap/ACHPersonal/input_userDefined7'

2022-04-01 00:59:35 - [MESSAGE][PASSED] - Text 'Norway' is set on object 'Object Repository/AdminSuiteBootstrap_Pages/VT_Bootstrap/ACHPersonal/input_userDefined8'

2022-04-01 00:59:35 - [MESSAGE][PASSED] - Text 'France' is set on object 'Object Repository/AdminSuiteBootstrap_Pages/VT_Bootstrap/ACHPersonal/input_userDefined9'

2022-04-01 00:59:36 - [MESSAGE][PASSED] - Text 'Switzerland' is set on object 'Object Repository/AdminSuiteBootstrap_Pages/VT_Bootstrap/ACHPersonal/input_userDefined10'

2022-04-01 00:59:37 - [MESSAGE][PASSED] - Object: 'Object Repository/AdminSuiteBootstrap_Pages/VT_Bootstrap/ACHPersonal/button_Submit' is clicked on

2022-04-01 00:59:37 - [MESSAGE][PASSED] - adminSuiteBootstrap.debitPersonalsetData.debitPersonal_DataDriven is PASSED

2022-04-01 00:59:37 - [TEST_STEP][PASSED] - verifyTextPresent("Transaction Successful", true): Text 'Transaction Successful' is present on page  using regular expression

2022-04-01 00:59:38 - [MESSAGE][PASSED] - Text 'Transaction Successful' is present on page  using regular expression

2022-04-01 00:59:38 - [TEST_STEP][PASSED] - verifyTextPresent("Remittance ID", true): Text 'Remittance ID' is present on page  using regular expression

2022-04-01 00:59:38 - [MESSAGE][PASSED] - Text 'Remittance ID' is present on page  using regular expression

2022-04-01 00:59:38 - [TEST_STEP][PASSED] - verifyTextPresent("Received", true): Text 'Received' is present on page  using regular expression

2022-04-01 00:59:38 - [MESSAGE][PASSED] - Text 'Received' is present on page  using regular expression

2022-04-01 00:59:38 - [TEST_STEP][PASSED] - verifyTextPresent("UDF1", true): Text 'UDF1' is present on page  using regular expression

2022-04-01 00:59:39 - [MESSAGE][PASSED] - Text 'UDF1' is present on page  using regular expression

2022-04-01 00:59:39 - [TEST_STEP][PASSED] - verifyTextPresent("UDF2", true): Text 'UDF2' is present on page  using regular expression

2022-04-01 00:59:39 - [MESSAGE][PASSED] - Text 'UDF2' is present on page  using regular expression

2022-04-01 00:59:39 - [TEST_STEP][PASSED] - verifyTextPresent("UDF3", true): Text 'UDF3' is present on page  using regular expression

2022-04-01 00:59:39 - [MESSAGE][PASSED] - Text 'UDF3' is present on page  using regular expression

2022-04-01 00:59:39 - [TEST_STEP][PASSED] - verifyTextPresent("UDF4", true): Text 'UDF4' is present on page  using regular expression

2022-04-01 00:59:40 - [MESSAGE][PASSED] - Text 'UDF4' is present on page  using regular expression

2022-04-01 00:59:40 - [TEST_STEP][PASSED] - verifyTextPresent("UDF5", true): Text 'UDF5' is present on page  using regular expression

2022-04-01 00:59:40 - [MESSAGE][PASSED] - Text 'UDF5' is present on page  using regular expression

2022-04-01 00:59:40 - [TEST_STEP][PASSED] - verifyTextPresent("UDF6", true): Text 'UDF6' is present on page  using regular expression

2022-04-01 00:59:40 - [MESSAGE][PASSED] - Text 'UDF6' is present on page  using regular expression

2022-04-01 00:59:40 - [TEST_STEP][PASSED] - verifyTextPresent("UDF7", true): Text 'UDF7' is present on page  using regular expression

2022-04-01 00:59:41 - [MESSAGE][PASSED] - Text 'UDF7' is present on page  using regular expression

2022-04-01 00:59:41 - [TEST_STEP][PASSED] - verifyTextPresent("UDF8", true): Text 'UDF8' is present on page  using regular expression

2022-04-01 00:59:41 - [MESSAGE][PASSED] - Text 'UDF8' is present on page  using regular expression

2022-04-01 00:59:41 - [TEST_STEP][PASSED] - verifyTextPresent("UDF9", true): Text 'UDF9' is present on page  using regular expression

2022-04-01 00:59:41 - [MESSAGE][PASSED] - Text 'UDF9' is present on page  using regular expression

2022-04-01 00:59:41 - [TEST_STEP][PASSED] - verifyTextPresent("UDF 10", true): Text 'UDF 10' is present on page  using regular expression

2022-04-01 00:59:42 - [MESSAGE][PASSED] - Text 'UDF 10' is present on page  using regular expression

2022-04-01 00:59:42 - [TEST_STEP][PASSED] - verifyTextPresent("Australia", true): Text 'Australia' is present on page  using regular expression

2022-04-01 00:59:42 - [MESSAGE][PASSED] - Text 'Australia' is present on page  using regular expression

2022-04-01 00:59:42 - [TEST_STEP][PASSED] - verifyTextPresent("Denmark", true): Text 'Denmark' is present on page  using regular expression

2022-04-01 00:59:42 - [MESSAGE][PASSED] - Text 'Denmark' is present on page  using regular expression

2022-04-01 00:59:42 - [TEST_STEP][PASSED] - verifyTextPresent("Sweden", true): Text 'Sweden' is present on page  using regular expression

2022-04-01 00:59:43 - [MESSAGE][PASSED] - Text 'Sweden' is present on page  using regular expression

2022-04-01 00:59:43 - [TEST_STEP][PASSED] - verifyTextPresent("Austria", true): Text 'Austria' is present on page  using regular expression

2022-04-01 00:59:43 - [MESSAGE][PASSED] - Text 'Austria' is present on page  using regular expression

2022-04-01 00:59:43 - [TEST_STEP][PASSED] - verifyTextPresent("Orange Recorded", true): Text 'Orange Recorded' is present on page  using regular expression

2022-04-01 00:59:43 - [MESSAGE][PASSED] - Text 'Orange Recorded' is present on page  using regular expression

2022-04-01 00:59:43 - [TEST_STEP][PASSED] - verifyTextPresent("Yellow Recorded", true): Text 'Yellow Recorded' is present on page  using regular expression

2022-04-01 00:59:44 - [MESSAGE][PASSED] - Text 'Yellow Recorded' is present on page  using regular expression

2022-04-01 00:59:44 - [TEST_STEP][PASSED] - verifyTextPresent("Norway", true): Text 'Norway' is present on page  using regular expression

2022-04-01 00:59:44 - [MESSAGE][PASSED] - Text 'Norway' is present on page  using regular expression

2022-04-01 00:59:44 - [TEST_STEP][PASSED] - verifyTextPresent("Netherlands", true): Text 'Netherlands' is present on page  using regular expression

2022-04-01 00:59:44 - [MESSAGE][PASSED] - Text 'Netherlands' is present on page  using regular expression

2022-04-01 00:59:44 - [TEST_STEP][PASSED] - verifyTextPresent("Switzerland", true): Text 'Switzerland' is present on page  using regular expression

2022-04-01 00:59:45 - [MESSAGE][PASSED] - Text 'Switzerland' is present on page  using regular expression

2022-04-01 00:59:45 - [TEST_STEP][PASSED] - verifyTextPresent("France", true): Text 'France' is present on page  using regular expression

2022-04-01 00:59:45 - [MESSAGE][PASSED] - Text 'France' is present on page  using regular expression

2022-04-01 00:59:45 - [TEST_STEP][PASSED] - verifyTextPresent("Amount", true): Text 'Amount' is present on page  using regular expression

2022-04-01 00:59:45 - [MESSAGE][PASSED] - Text 'Amount' is present on page  using regular expression

2022-04-01 00:59:45 - [TEST_STEP][PASSED] - verifyTextPresent("Total Amount", true): Text 'Total Amount' is present on page  using regular expression

2022-04-01 00:59:46 - [MESSAGE][PASSED] - Text 'Total Amount' is present on page  using regular expression

2022-04-01 00:59:46 - [TEST_STEP][PASSED] - verifyTextPresent("Transaction Type", true): Text 'Transaction Type' is present on page  using regular expression

2022-04-01 00:59:46 - [MESSAGE][PASSED] - Text 'Transaction Type' is present on page  using regular expression

2022-04-01 00:59:46 - [TEST_STEP][PASSED] - verifyTextPresent("11.50", true): Text '11.50' is present on page  using regular expression

2022-04-01 00:59:46 - [MESSAGE][PASSED] - Text '11.50' is present on page  using regular expression

2022-04-01 00:59:46 - [TEST_STEP][PASSED] - verifyTextPresent("Debit", true): Text 'Debit' is present on page  using regular expression

2022-04-01 00:59:47 - [MESSAGE][PASSED] - Text 'Debit' is present on page  using regular expression

2022-04-01 00:59:47 - [TEST_STEP][PASSED] - verifyTextPresent("Check Information", true): Text 'Check Information' is present on page  using regular expression

2022-04-01 00:59:47 - [MESSAGE][PASSED] - Text 'Check Information' is present on page  using regular expression

2022-04-01 00:59:47 - [TEST_STEP][PASSED] - verifyTextPresent("Account Type", true): Text 'Account Type' is present on page  using regular expression

2022-04-01 00:59:47 - [MESSAGE][PASSED] - Text 'Account Type' is present on page  using regular expression

2022-04-01 00:59:47 - [TEST_STEP][PASSED] - verifyTextPresent("Account Number", true): Text 'Account Number' is present on page  using regular expression

2022-04-01 00:59:48 - [MESSAGE][PASSED] - Text 'Account Number' is present on page  using regular expression

2022-04-01 00:59:48 - [TEST_STEP][PASSED] - verifyTextPresent("Routing Number", true): Text 'Routing Number' is present on page  using regular expression

2022-04-01 00:59:48 - [MESSAGE][PASSED] - Text 'Routing Number' is present on page  using regular expression

2022-04-01 00:59:48 - [TEST_STEP][PASSED] - verifyTextPresent("2691", true): Text '2691' is present on page  using regular expression

2022-04-01 00:59:48 - [MESSAGE][PASSED] - Text '2691' is present on page  using regular expression

2022-04-01 00:59:48 - [TEST_STEP][PASSED] - cardNameV = findTestData(dataFile).getValue("NameV", row): null

2022-04-01 00:59:48 - [TEST_STEP][PASSED] - al1V = findTestData(dataFile).getValue("AL1", row): null

2022-04-01 00:59:48 - [TEST_STEP][PASSED] - al2V = findTestData(dataFile).getValue("AL2", row): null

2022-04-01 00:59:49 - [TEST_STEP][PASSED] - last4V = findTestData(dataFile).getValue("Last4", row): null

2022-04-01 00:59:49 - [TEST_STEP][PASSED] - accType = findTestData(dataFile).getValue("AccountType", row): null

2022-04-01 00:59:49 - [TEST_STEP][PASSED] - verifyTextPresent(cardNameV, true): Text 'VERONIKA INOUYE' is present on page  using regular expression

2022-04-01 00:59:49 - [MESSAGE][PASSED] - Text 'VERONIKA INOUYE' is present on page  using regular expression

2022-04-01 00:59:49 - [TEST_STEP][PASSED] - verifyTextPresent("Address Line 1", true): Text 'Address Line 1' is present on page  using regular expression

2022-04-01 00:59:49 - [MESSAGE][PASSED] - Text 'Address Line 1' is present on page  using regular expression

2022-04-01 00:59:49 - [TEST_STEP][PASSED] - verifyTextPresent("Address Line 2", true): Text 'Address Line 2' is present on page  using regular expression

2022-04-01 00:59:50 - [MESSAGE][PASSED] - Text 'Address Line 2' is present on page  using regular expression

2022-04-01 00:59:50 - [TEST_STEP][PASSED] - verifyTextPresent("Country", true): Text 'Country' is present on page  using regular expression

2022-04-01 00:59:50 - [MESSAGE][PASSED] - Text 'Country' is present on page  using regular expression

2022-04-01 00:59:50 - [TEST_STEP][PASSED] - verifyTextPresent("City", true): Text 'City' is present on page  using regular expression

2022-04-01 00:59:50 - [MESSAGE][PASSED] - Text 'City' is present on page  using regular expression

2022-04-01 00:59:50 - [TEST_STEP][PASSED] - verifyTextPresent("State", true): Text 'State' is present on page  using regular expression

2022-04-01 00:59:51 - [MESSAGE][PASSED] - Text 'State' is present on page  using regular expression

2022-04-01 00:59:51 - [TEST_STEP][PASSED] - verifyTextPresent("ZIP Code", true): Text 'ZIP Code' is present on page  using regular expression

2022-04-01 00:59:51 - [MESSAGE][PASSED] - Text 'ZIP Code' is present on page  using regular expression

2022-04-01 00:59:51 - [TEST_STEP][PASSED] - verifyTextPresent(al1V, true): Text '6 Greenleaf Ave' is present on page  using regular expression

2022-04-01 00:59:51 - [MESSAGE][PASSED] - Text '6 Greenleaf Ave' is present on page  using regular expression

2022-04-01 00:59:51 - [TEST_STEP][PASSED] - verifyTextPresent(al2V, true): Text 'apt #3' is present on page  using regular expression

2022-04-01 00:59:52 - [MESSAGE][PASSED] - Text 'apt #3' is present on page  using regular expression

2022-04-01 00:59:52 - [TEST_STEP][PASSED] - verifyTextPresent("United States", true): Text 'United States' is present on page  using regular expression

2022-04-01 00:59:52 - [MESSAGE][PASSED] - Text 'United States' is present on page  using regular expression

2022-04-01 00:59:52 - [TEST_STEP][PASSED] - verifyTextPresent("ARLINGTON", true): Text 'ARLINGTON' is present on page  using regular expression

2022-04-01 00:59:52 - [MESSAGE][PASSED] - Text 'ARLINGTON' is present on page  using regular expression

2022-04-01 00:59:52 - [TEST_STEP][PASSED] - verifyTextPresent("Virginia", true): Text 'Virginia' is present on page  using regular expression

2022-04-01 00:59:53 - [MESSAGE][PASSED] - Text 'Virginia' is present on page  using regular expression

2022-04-01 00:59:53 - [TEST_STEP][PASSED] - verifyTextPresent("22201", true): Text '22201' is present on page  using regular expression

2022-04-01 00:59:53 - [MESSAGE][PASSED] - Text '22201' is present on page  using regular expression

2022-04-01 00:59:53 - [TEST_STEP][PASSED] - verifyTextPresent(accType, true): Text 'Checking' is present on page  using regular expression

2022-04-01 00:59:53 - [MESSAGE][PASSED] - Text 'Checking' is present on page  using regular expression

2022-04-01 00:59:53 - [TEST_STEP][PASSED] - verifyTextPresent(last4V, true): Text '1002' is present on page  using regular expression

2022-04-01 00:59:54 - [MESSAGE][PASSED] - Text '1002' is present on page  using regular expression

2022-04-01 00:59:54 - [TEST_STEP][PASSED] - closeBrowser(): Browser is closed

2022-04-01 00:59:54 - [MESSAGE][PASSED] - Browser is closed

2022-04-01 00:59:54 - [TEST_STEP][PASSED] - ExecuteTC = findTestData(dataFile).getValue("Execute", row): null

2022-04-01 00:59:55 - [TEST_STEP][PASSED] - out.println("Value of Execute is : " + ExecuteTC): null

2022-04-01 00:59:55 - [TEST_STEP][PASSED] - switch (executionProfile): null

2022-04-01 00:59:55 - [TEST_STEP][PASSED] - case "QAProfile":: null

2022-04-01 00:59:55 - [TEST_STEP][PASSED] - appName = findTestData(dataFile).getValue("AppNameQA", row): null

2022-04-01 00:59:55 - [TEST_STEP][PASSED] - appID = findTestData(dataFile).getValue("AppIDQA", row): null

2022-04-01 00:59:55 - [TEST_STEP][PASSED] - break: null

2022-04-01 00:59:55 - [TEST_STEP][PASSED] - hrefAppID = li_1 + appID + li_2: null

2022-04-01 00:59:55 - [TEST_STEP][PASSED] - hrefApp = li_1 + appID + "/": null

2022-04-01 00:59:55 - [TEST_STEP][PASSED] - println("hrefApp : " + hrefApp): null

2022-04-01 00:59:55 - [TEST_STEP][PASSED] - if (ExecuteTC.equalsIgnoreCase("Y")): Browser is closed

2022-04-01 00:59:55 - [TEST_STEP][PASSED] - out.println("Begin Record Number: " + row): null

2022-04-01 00:59:55 - [TEST_STEP][PASSED] - today = new java.util.Date(): null

2022-04-01 00:59:55 - [TEST_STEP][PASSED] - println(today): null

2022-04-01 00:59:55 - [TEST_STEP][PASSED] - datText = today: null

2022-04-01 00:59:55 - [TEST_STEP][PASSED] - adminSuiteBootstrap.loginFunctionality.login_AdminSuite(): adminSuiteBootstrap.loginFunctionality.login_AdminSuite is PASSED

2022-04-01 00:59:55 - [MESSAGE][INFO] - Starting 'Chrome' driver

2022-04-01 00:59:55 - [MESSAGE][INFO] - User set preference: ['acceptInsecureCerts', 'true']

2022-04-01 00:59:55 - [MESSAGE][INFO] - Action delay is set to 0 milliseconds

2022-04-01 00:59:58 - [MESSAGE][PASSED] - Browser is opened with url: 'https://qa.velocitypayment.com/admin/imtiaz'

2022-04-01 00:59:58 - [MESSAGE][PASSED] - Current window maximized

2022-04-01 00:59:58 - [MESSAGE][PASSED] - Object 'Object Repository/Login_Page/Login_Username' is present

2022-04-01 00:59:59 - [MESSAGE][PASSED] - Text 'iahmed' is set on object 'Object Repository/Login_Page/Login_Username'

2022-04-01 00:59:59 - [MESSAGE][PASSED] - Text 'hello2222' is set on object 'Object Repository/Login_Page/Login_Password'

2022-04-01 01:00:02 - [MESSAGE][PASSED] - Object: 'Object Repository/Login_Page/Login_Submit' is clicked on

2022-04-01 01:00:02 - [MESSAGE][PASSED] - adminSuiteBootstrap.loginFunctionality.login_AdminSuite is PASSED

2022-04-01 01:00:02 - [TEST_STEP][PASSED] - click(findTestObject(path_Dashboard + appName)): Object: 'Object Repository/AdminSuiteBootstrap_Pages/Dashboard_Bootstrap/a_Access AutoNoCFtp' is clicked on

2022-04-01 01:00:03 - [MESSAGE][PASSED] - Object: 'Object Repository/AdminSuiteBootstrap_Pages/Dashboard_Bootstrap/a_Access AutoNoCFtp' is clicked on

2022-04-01 01:00:03 - [TEST_STEP][PASSED] - click(findTestObject(path_VT + "button_Debit")): Object: 'Object Repository/AdminSuiteBootstrap_Pages/VT_Bootstrap/IssueTransactions/button_Debit' is clicked on

2022-04-01 01:00:04 - [MESSAGE][PASSED] - Object: 'Object Repository/AdminSuiteBootstrap_Pages/VT_Bootstrap/IssueTransactions/button_Debit' is clicked on

2022-04-01 01:00:04 - [TEST_STEP][PASSED] - click(findTestObject(path_VT + "a_Personal")): Object: 'Object Repository/AdminSuiteBootstrap_Pages/VT_Bootstrap/IssueTransactions/a_Personal' is clicked on

2022-04-01 01:00:05 - [MESSAGE][PASSED] - Object: 'Object Repository/AdminSuiteBootstrap_Pages/VT_Bootstrap/IssueTransactions/a_Personal' is clicked on

2022-04-01 01:00:05 - [TEST_STEP][PASSED] - adminSuiteBootstrap.debitPersonalsetData.debitPersonal_DataDriven(row, dataFile): adminSuiteBootstrap.debitPersonalsetData.debitPersonal_DataDriven is PASSED

2022-04-01 01:00:06 - [MESSAGE][PASSED] - Text 'Bette' is set on object 'Object Repository/AdminSuiteBootstrap_Pages/VT_Bootstrap/ACHPersonal/input_firstName'

2022-04-01 01:00:07 - [MESSAGE][PASSED] - Text 'Nicka' is set on object 'Object Repository/AdminSuiteBootstrap_Pages/VT_Bootstrap/ACHPersonal/input_lastName'

2022-04-01 01:00:08 - [MESSAGE][PASSED] - Text '6 S 33rd St' is set on object 'Object Repository/AdminSuiteBootstrap_Pages/VT_Bootstrap/ACHPersonal/input_address'

2022-04-01 01:00:08 - [MESSAGE][PASSED] - Text 'apt #2' is set on object 'Object Repository/AdminSuiteBootstrap_Pages/VT_Bootstrap/ACHPersonal/input_address2'

2022-04-01 01:00:09 - [MESSAGE][PASSED] - Text '22201' is set on object 'Object Repository/AdminSuiteBootstrap_Pages/VT_Bootstrap/ACHPersonal/input_zip'

2022-04-01 01:00:10 - [MESSAGE][PASSED] - Text '' is set on object 'Object Repository/AdminSuiteBootstrap_Pages/VT_Bootstrap/ACHPersonal/input_emailAddress'

2022-04-01 01:00:11 - [MESSAGE][PASSED] - Text '' is set on object 'Object Repository/AdminSuiteBootstrap_Pages/VT_Bootstrap/ACHPersonal/input_smsNumber'

2022-04-01 01:00:12 - [MESSAGE][PASSED] - Text '45681003' is set on object 'Object Repository/AdminSuiteBootstrap_Pages/VT_Bootstrap/ACHPersonal/input_accountNumber'

2022-04-01 01:00:12 - [MESSAGE][PASSED] - Text '256072691' is set on object 'Object Repository/AdminSuiteBootstrap_Pages/VT_Bootstrap/ACHPersonal/input_routingNumber'

2022-04-01 01:00:13 - [MESSAGE][PASSED] - All options with label 'Savings' are selected in object 'Object Repository/AdminSuiteBootstrap_Pages/VT_Bootstrap/ACHPersonal/select_AccountType'  using regular expression

2022-04-01 01:00:15 - [MESSAGE][PASSED] - All options with label 'PPD - Prearranged Payment and Deposit Entry' are selected in object 'Object Repository/AdminSuiteBootstrap_Pages/VT_Bootstrap/ACHPersonal/select_STD'  using regular expression

2022-04-01 01:00:15 - [MESSAGE][PASSED] - Text '11.5' is set on object 'Object Repository/AdminSuiteBootstrap_Pages/VT_Bootstrap/ACHPersonal/input_amount'

2022-04-01 01:00:16 - [MESSAGE][PASSED] - Text 'Denmark' is set on object 'Object Repository/AdminSuiteBootstrap_Pages/VT_Bootstrap/ACHPersonal/input_userDefined1'

2022-04-01 01:00:17 - [MESSAGE][PASSED] - Text 'Australia' is set on object 'Object Repository/AdminSuiteBootstrap_Pages/VT_Bootstrap/ACHPersonal/input_userDefined2'

2022-04-01 01:00:17 - [MESSAGE][PASSED] - Text 'Austria' is set on object 'Object Repository/AdminSuiteBootstrap_Pages/VT_Bootstrap/ACHPersonal/input_userDefined3'

2022-04-01 01:00:18 - [MESSAGE][PASSED] - Text 'Sweden' is set on object 'Object Repository/AdminSuiteBootstrap_Pages/VT_Bootstrap/ACHPersonal/input_userDefined4'

2022-04-01 01:00:19 - [MESSAGE][PASSED] - All options with label 'Yellow' are selected in object 'Object Repository/AdminSuiteBootstrap_Pages/VT_Bootstrap/ACHPersonal/select_UDF5'  using regular expression

2022-04-01 01:00:20 - [MESSAGE][PASSED] - All options with label 'Orange' are selected in object 'Object Repository/AdminSuiteBootstrap_Pages/VT_Bootstrap/ACHPersonal/select_UDF6'  using regular expression

2022-04-01 01:00:21 - [MESSAGE][PASSED] - Text 'Netherlands' is set on object 'Object Repository/AdminSuiteBootstrap_Pages/VT_Bootstrap/ACHPersonal/input_userDefined7'

2022-04-01 01:00:22 - [MESSAGE][PASSED] - Text 'Norway' is set on object 'Object Repository/AdminSuiteBootstrap_Pages/VT_Bootstrap/ACHPersonal/input_userDefined8'

2022-04-01 01:00:22 - [MESSAGE][PASSED] - Text 'France' is set on object 'Object Repository/AdminSuiteBootstrap_Pages/VT_Bootstrap/ACHPersonal/input_userDefined9'

2022-04-01 01:00:23 - [MESSAGE][PASSED] - Text 'Switzerland' is set on object 'Object Repository/AdminSuiteBootstrap_Pages/VT_Bootstrap/ACHPersonal/input_userDefined10'

2022-04-01 01:00:24 - [MESSAGE][PASSED] - Object: 'Object Repository/AdminSuiteBootstrap_Pages/VT_Bootstrap/ACHPersonal/button_Submit' is clicked on

2022-04-01 01:00:24 - [MESSAGE][PASSED] - adminSuiteBootstrap.debitPersonalsetData.debitPersonal_DataDriven is PASSED

2022-04-01 01:00:24 - [TEST_STEP][PASSED] - verifyTextPresent("Transaction Successful", true): Text 'Transaction Successful' is present on page  using regular expression

2022-04-01 01:00:25 - [MESSAGE][PASSED] - Text 'Transaction Successful' is present on page  using regular expression

2022-04-01 01:00:25 - [TEST_STEP][PASSED] - verifyTextPresent("Remittance ID", true): Text 'Remittance ID' is present on page  using regular expression

2022-04-01 01:00:25 - [MESSAGE][PASSED] - Text 'Remittance ID' is present on page  using regular expression

2022-04-01 01:00:25 - [TEST_STEP][PASSED] - verifyTextPresent("Received", true): Text 'Received' is present on page  using regular expression

2022-04-01 01:00:25 - [MESSAGE][PASSED] - Text 'Received' is present on page  using regular expression

2022-04-01 01:00:25 - [TEST_STEP][PASSED] - verifyTextPresent("UDF1", true): Text 'UDF1' is present on page  using regular expression

2022-04-01 01:00:26 - [MESSAGE][PASSED] - Text 'UDF1' is present on page  using regular expression

2022-04-01 01:00:26 - [TEST_STEP][PASSED] - verifyTextPresent("UDF2", true): Text 'UDF2' is present on page  using regular expression

2022-04-01 01:00:26 - [MESSAGE][PASSED] - Text 'UDF2' is present on page  using regular expression

2022-04-01 01:00:26 - [TEST_STEP][PASSED] - verifyTextPresent("UDF3", true): Text 'UDF3' is present on page  using regular expression

2022-04-01 01:00:26 - [MESSAGE][PASSED] - Text 'UDF3' is present on page  using regular expression

2022-04-01 01:00:26 - [TEST_STEP][PASSED] - verifyTextPresent("UDF4", true): Text 'UDF4' is present on page  using regular expression

2022-04-01 01:00:27 - [MESSAGE][PASSED] - Text 'UDF4' is present on page  using regular expression

2022-04-01 01:00:27 - [TEST_STEP][PASSED] - verifyTextPresent("UDF5", true): Text 'UDF5' is present on page  using regular expression

2022-04-01 01:00:27 - [MESSAGE][PASSED] - Text 'UDF5' is present on page  using regular expression

2022-04-01 01:00:27 - [TEST_STEP][PASSED] - verifyTextPresent("UDF6", true): Text 'UDF6' is present on page  using regular expression

2022-04-01 01:00:27 - [MESSAGE][PASSED] - Text 'UDF6' is present on page  using regular expression

2022-04-01 01:00:27 - [TEST_STEP][PASSED] - verifyTextPresent("UDF7", true): Text 'UDF7' is present on page  using regular expression

2022-04-01 01:00:28 - [MESSAGE][PASSED] - Text 'UDF7' is present on page  using regular expression

2022-04-01 01:00:28 - [TEST_STEP][PASSED] - verifyTextPresent("UDF8", true): Text 'UDF8' is present on page  using regular expression

2022-04-01 01:00:28 - [MESSAGE][PASSED] - Text 'UDF8' is present on page  using regular expression

2022-04-01 01:00:28 - [TEST_STEP][PASSED] - verifyTextPresent("UDF9", true): Text 'UDF9' is present on page  using regular expression

2022-04-01 01:00:28 - [MESSAGE][PASSED] - Text 'UDF9' is present on page  using regular expression

2022-04-01 01:00:28 - [TEST_STEP][PASSED] - verifyTextPresent("UDF 10", true): Text 'UDF 10' is present on page  using regular expression

2022-04-01 01:00:29 - [MESSAGE][PASSED] - Text 'UDF 10' is present on page  using regular expression

2022-04-01 01:00:29 - [TEST_STEP][PASSED] - verifyTextPresent("Australia", true): Text 'Australia' is present on page  using regular expression

2022-04-01 01:00:29 - [MESSAGE][PASSED] - Text 'Australia' is present on page  using regular expression

2022-04-01 01:00:29 - [TEST_STEP][PASSED] - verifyTextPresent("Denmark", true): Text 'Denmark' is present on page  using regular expression

2022-04-01 01:00:29 - [MESSAGE][PASSED] - Text 'Denmark' is present on page  using regular expression

2022-04-01 01:00:29 - [TEST_STEP][PASSED] - verifyTextPresent("Sweden", true): Text 'Sweden' is present on page  using regular expression

2022-04-01 01:00:30 - [MESSAGE][PASSED] - Text 'Sweden' is present on page  using regular expression

2022-04-01 01:00:30 - [TEST_STEP][PASSED] - verifyTextPresent("Austria", true): Text 'Austria' is present on page  using regular expression

2022-04-01 01:00:30 - [MESSAGE][PASSED] - Text 'Austria' is present on page  using regular expression

2022-04-01 01:00:30 - [TEST_STEP][PASSED] - verifyTextPresent("Orange Recorded", true): Text 'Orange Recorded' is present on page  using regular expression

2022-04-01 01:00:30 - [MESSAGE][PASSED] - Text 'Orange Recorded' is present on page  using regular expression

2022-04-01 01:00:30 - [TEST_STEP][PASSED] - verifyTextPresent("Yellow Recorded", true): Text 'Yellow Recorded' is present on page  using regular expression

2022-04-01 01:00:31 - [MESSAGE][PASSED] - Text 'Yellow Recorded' is present on page  using regular expression

2022-04-01 01:00:31 - [TEST_STEP][PASSED] - verifyTextPresent("Norway", true): Text 'Norway' is present on page  using regular expression

2022-04-01 01:00:31 - [MESSAGE][PASSED] - Text 'Norway' is present on page  using regular expression

2022-04-01 01:00:31 - [TEST_STEP][PASSED] - verifyTextPresent("Netherlands", true): Text 'Netherlands' is present on page  using regular expression

2022-04-01 01:00:31 - [MESSAGE][PASSED] - Text 'Netherlands' is present on page  using regular expression

2022-04-01 01:00:31 - [TEST_STEP][PASSED] - verifyTextPresent("Switzerland", true): Text 'Switzerland' is present on page  using regular expression

2022-04-01 01:00:32 - [MESSAGE][PASSED] - Text 'Switzerland' is present on page  using regular expression

2022-04-01 01:00:32 - [TEST_STEP][PASSED] - verifyTextPresent("France", true): Text 'France' is present on page  using regular expression

2022-04-01 01:00:32 - [MESSAGE][PASSED] - Text 'France' is present on page  using regular expression

2022-04-01 01:00:32 - [TEST_STEP][PASSED] - verifyTextPresent("Amount", true): Text 'Amount' is present on page  using regular expression

2022-04-01 01:00:32 - [MESSAGE][PASSED] - Text 'Amount' is present on page  using regular expression

2022-04-01 01:00:32 - [TEST_STEP][PASSED] - verifyTextPresent("Total Amount", true): Text 'Total Amount' is present on page  using regular expression

2022-04-01 01:00:33 - [MESSAGE][PASSED] - Text 'Total Amount' is present on page  using regular expression

2022-04-01 01:00:33 - [TEST_STEP][PASSED] - verifyTextPresent("Transaction Type", true): Text 'Transaction Type' is present on page  using regular expression

2022-04-01 01:00:33 - [MESSAGE][PASSED] - Text 'Transaction Type' is present on page  using regular expression

2022-04-01 01:00:33 - [TEST_STEP][PASSED] - verifyTextPresent("11.50", true): Text '11.50' is present on page  using regular expression

2022-04-01 01:00:33 - [MESSAGE][PASSED] - Text '11.50' is present on page  using regular expression

2022-04-01 01:00:33 - [TEST_STEP][PASSED] - verifyTextPresent("Debit", true): Text 'Debit' is present on page  using regular expression

2022-04-01 01:00:34 - [MESSAGE][PASSED] - Text 'Debit' is present on page  using regular expression

2022-04-01 01:00:34 - [TEST_STEP][PASSED] - verifyTextPresent("Check Information", true): Text 'Check Information' is present on page  using regular expression

2022-04-01 01:00:34 - [MESSAGE][PASSED] - Text 'Check Information' is present on page  using regular expression

2022-04-01 01:00:34 - [TEST_STEP][PASSED] - verifyTextPresent("Account Type", true): Text 'Account Type' is present on page  using regular expression

2022-04-01 01:00:35 - [MESSAGE][PASSED] - Text 'Account Type' is present on page  using regular expression

2022-04-01 01:00:35 - [TEST_STEP][PASSED] - verifyTextPresent("Account Number", true): Text 'Account Number' is present on page  using regular expression

2022-04-01 01:00:35 - [MESSAGE][PASSED] - Text 'Account Number' is present on page  using regular expression

2022-04-01 01:00:35 - [TEST_STEP][PASSED] - verifyTextPresent("Routing Number", true): Text 'Routing Number' is present on page  using regular expression

2022-04-01 01:00:35 - [MESSAGE][PASSED] - Text 'Routing Number' is present on page  using regular expression

2022-04-01 01:00:35 - [TEST_STEP][PASSED] - verifyTextPresent("2691", true): Text '2691' is present on page  using regular expression

2022-04-01 01:00:36 - [MESSAGE][PASSED] - Text '2691' is present on page  using regular expression

2022-04-01 01:00:36 - [TEST_STEP][PASSED] - cardNameV = findTestData(dataFile).getValue("NameV", row): null

2022-04-01 01:00:36 - [TEST_STEP][PASSED] - al1V = findTestData(dataFile).getValue("AL1", row): null

2022-04-01 01:00:36 - [TEST_STEP][PASSED] - al2V = findTestData(dataFile).getValue("AL2", row): null

2022-04-01 01:00:36 - [TEST_STEP][PASSED] - last4V = findTestData(dataFile).getValue("Last4", row): null

2022-04-01 01:00:36 - [TEST_STEP][PASSED] - accType = findTestData(dataFile).getValue("AccountType", row): null

2022-04-01 01:00:36 - [TEST_STEP][PASSED] - verifyTextPresent(cardNameV, true): Text 'BETTE NICKA' is present on page  using regular expression

2022-04-01 01:00:36 - [MESSAGE][PASSED] - Text 'BETTE NICKA' is present on page  using regular expression

2022-04-01 01:00:36 - [TEST_STEP][PASSED] - verifyTextPresent("Address Line 1", true): Text 'Address Line 1' is present on page  using regular expression

2022-04-01 01:00:36 - [MESSAGE][PASSED] - Text 'Address Line 1' is present on page  using regular expression

2022-04-01 01:00:36 - [TEST_STEP][PASSED] - verifyTextPresent("Address Line 2", true): Text 'Address Line 2' is present on page  using regular expression

2022-04-01 01:00:37 - [MESSAGE][PASSED] - Text 'Address Line 2' is present on page  using regular expression

2022-04-01 01:00:37 - [TEST_STEP][PASSED] - verifyTextPresent("Country", true): Text 'Country' is present on page  using regular expression

2022-04-01 01:00:37 - [MESSAGE][PASSED] - Text 'Country' is present on page  using regular expression

2022-04-01 01:00:37 - [TEST_STEP][PASSED] - verifyTextPresent("City", true): Text 'City' is present on page  using regular expression

2022-04-01 01:00:37 - [MESSAGE][PASSED] - Text 'City' is present on page  using regular expression

2022-04-01 01:00:37 - [TEST_STEP][PASSED] - verifyTextPresent("State", true): Text 'State' is present on page  using regular expression

2022-04-01 01:00:38 - [MESSAGE][PASSED] - Text 'State' is present on page  using regular expression

2022-04-01 01:00:38 - [TEST_STEP][PASSED] - verifyTextPresent("ZIP Code", true): Text 'ZIP Code' is present on page  using regular expression

2022-04-01 01:00:38 - [MESSAGE][PASSED] - Text 'ZIP Code' is present on page  using regular expression

2022-04-01 01:00:38 - [TEST_STEP][PASSED] - verifyTextPresent(al1V, true): Text '6 S 33rd St' is present on page  using regular expression

2022-04-01 01:00:38 - [MESSAGE][PASSED] - Text '6 S 33rd St' is present on page  using regular expression

2022-04-01 01:00:38 - [TEST_STEP][PASSED] - verifyTextPresent(al2V, true): Text 'apt #2' is present on page  using regular expression

2022-04-01 01:00:39 - [MESSAGE][PASSED] - Text 'apt #2' is present on page  using regular expression

2022-04-01 01:00:39 - [TEST_STEP][PASSED] - verifyTextPresent("United States", true): Text 'United States' is present on page  using regular expression

2022-04-01 01:00:39 - [MESSAGE][PASSED] - Text 'United States' is present on page  using regular expression

2022-04-01 01:00:39 - [TEST_STEP][PASSED] - verifyTextPresent("ARLINGTON", true): Text 'ARLINGTON' is present on page  using regular expression

2022-04-01 01:00:39 - [MESSAGE][PASSED] - Text 'ARLINGTON' is present on page  using regular expression

2022-04-01 01:00:39 - [TEST_STEP][PASSED] - verifyTextPresent("Virginia", true): Text 'Virginia' is present on page  using regular expression

2022-04-01 01:00:40 - [MESSAGE][PASSED] - Text 'Virginia' is present on page  using regular expression

2022-04-01 01:00:40 - [TEST_STEP][PASSED] - verifyTextPresent("22201", true): Text '22201' is present on page  using regular expression

2022-04-01 01:00:40 - [MESSAGE][PASSED] - Text '22201' is present on page  using regular expression

2022-04-01 01:00:40 - [TEST_STEP][PASSED] - verifyTextPresent(accType, true): Text 'Savings' is present on page  using regular expression

2022-04-01 01:00:40 - [MESSAGE][PASSED] - Text 'Savings' is present on page  using regular expression

2022-04-01 01:00:40 - [TEST_STEP][PASSED] - verifyTextPresent(last4V, true): Text '1003' is present on page  using regular expression

2022-04-01 01:00:41 - [MESSAGE][PASSED] - Text '1003' is present on page  using regular expression

2022-04-01 01:00:41 - [TEST_STEP][PASSED] - closeBrowser(): Browser is closed

2022-04-01 01:00:42 - [MESSAGE][PASSED] - Browser is closed

2022-04-01 01:00:42 - [TEST_STEP][PASSED] - ExecuteTC = findTestData(dataFile).getValue("Execute", row): null

2022-04-01 01:00:42 - [TEST_STEP][PASSED] - out.println("Value of Execute is : " + ExecuteTC): null

2022-04-01 01:00:42 - [TEST_STEP][PASSED] - switch (executionProfile): null

2022-04-01 01:00:42 - [TEST_STEP][PASSED] - case "QAProfile":: null

2022-04-01 01:00:42 - [TEST_STEP][PASSED] - appName = findTestData(dataFile).getValue("AppNameQA", row): null

2022-04-01 01:00:42 - [TEST_STEP][PASSED] - appID = findTestData(dataFile).getValue("AppIDQA", row): null

2022-04-01 01:00:42 - [TEST_STEP][PASSED] - break: null

2022-04-01 01:00:42 - [TEST_STEP][PASSED] - hrefAppID = li_1 + appID + li_2: null

2022-04-01 01:00:42 - [TEST_STEP][PASSED] - hrefApp = li_1 + appID + "/": null

2022-04-01 01:00:42 - [TEST_STEP][PASSED] - println("hrefApp : " + hrefApp): null

2022-04-01 01:00:42 - [TEST_STEP][PASSED] - if (ExecuteTC.equalsIgnoreCase("Y")): Browser is closed

2022-04-01 01:00:42 - [TEST_STEP][PASSED] - out.println("Begin Record Number: " + row): null

2022-04-01 01:00:42 - [TEST_STEP][PASSED] - today = new java.util.Date(): null

2022-04-01 01:00:42 - [TEST_STEP][PASSED] - println(today): null

2022-04-01 01:00:42 - [TEST_STEP][PASSED] - datText = today: null

2022-04-01 01:00:42 - [TEST_STEP][PASSED] - adminSuiteBootstrap.loginFunctionality.login_AdminSuite(): adminSuiteBootstrap.loginFunctionality.login_AdminSuite is PASSED

2022-04-01 01:00:42 - [MESSAGE][INFO] - Starting 'Chrome' driver

2022-04-01 01:00:42 - [MESSAGE][INFO] - User set preference: ['acceptInsecureCerts', 'true']

2022-04-01 01:00:42 - [MESSAGE][INFO] - Action delay is set to 0 milliseconds

2022-04-01 01:00:45 - [MESSAGE][PASSED] - Browser is opened with url: 'https://qa.velocitypayment.com/admin/imtiaz'

2022-04-01 01:00:45 - [MESSAGE][PASSED] - Current window maximized

2022-04-01 01:00:45 - [MESSAGE][PASSED] - Object 'Object Repository/Login_Page/Login_Username' is present

2022-04-01 01:00:46 - [MESSAGE][PASSED] - Text 'iahmed' is set on object 'Object Repository/Login_Page/Login_Username'

2022-04-01 01:00:47 - [MESSAGE][PASSED] - Text 'hello2222' is set on object 'Object Repository/Login_Page/Login_Password'

2022-04-01 01:00:50 - [MESSAGE][PASSED] - Object: 'Object Repository/Login_Page/Login_Submit' is clicked on

2022-04-01 01:00:50 - [MESSAGE][PASSED] - adminSuiteBootstrap.loginFunctionality.login_AdminSuite is PASSED

2022-04-01 01:00:50 - [TEST_STEP][PASSED] - click(findTestObject(path_Dashboard + appName)): Object: 'Object Repository/AdminSuiteBootstrap_Pages/Dashboard_Bootstrap/a_Access AutoNoCFtp' is clicked on

2022-04-01 01:00:50 - [MESSAGE][PASSED] - Object: 'Object Repository/AdminSuiteBootstrap_Pages/Dashboard_Bootstrap/a_Access AutoNoCFtp' is clicked on

2022-04-01 01:00:50 - [TEST_STEP][PASSED] - click(findTestObject(path_VT + "button_Debit")): Object: 'Object Repository/AdminSuiteBootstrap_Pages/VT_Bootstrap/IssueTransactions/button_Debit' is clicked on

2022-04-01 01:00:51 - [MESSAGE][PASSED] - Object: 'Object Repository/AdminSuiteBootstrap_Pages/VT_Bootstrap/IssueTransactions/button_Debit' is clicked on

2022-04-01 01:00:51 - [TEST_STEP][PASSED] - click(findTestObject(path_VT + "a_Personal")): Object: 'Object Repository/AdminSuiteBootstrap_Pages/VT_Bootstrap/IssueTransactions/a_Personal' is clicked on

2022-04-01 01:00:52 - [MESSAGE][PASSED] - Object: 'Object Repository/AdminSuiteBootstrap_Pages/VT_Bootstrap/IssueTransactions/a_Personal' is clicked on

2022-04-01 01:00:52 - [TEST_STEP][PASSED] - adminSuiteBootstrap.debitPersonalsetData.debitPersonal_DataDriven(row, dataFile): adminSuiteBootstrap.debitPersonalsetData.debitPersonal_DataDriven is PASSED

2022-04-01 01:00:53 - [MESSAGE][PASSED] - Text 'Alisha' is set on object 'Object Repository/AdminSuiteBootstrap_Pages/VT_Bootstrap/ACHPersonal/input_firstName'

2022-04-01 01:00:54 - [MESSAGE][PASSED] - Text 'Slusarski' is set on object 'Object Repository/AdminSuiteBootstrap_Pages/VT_Bootstrap/ACHPersonal/input_lastName'

2022-04-01 01:00:55 - [MESSAGE][PASSED] - Text '3273 State St' is set on object 'Object Repository/AdminSuiteBootstrap_Pages/VT_Bootstrap/ACHPersonal/input_address'

2022-04-01 01:00:55 - [MESSAGE][PASSED] - Text 'apt #4' is set on object 'Object Repository/AdminSuiteBootstrap_Pages/VT_Bootstrap/ACHPersonal/input_address2'

2022-04-01 01:00:56 - [MESSAGE][PASSED] - Text '22201' is set on object 'Object Repository/AdminSuiteBootstrap_Pages/VT_Bootstrap/ACHPersonal/input_zip'

2022-04-01 01:00:57 - [MESSAGE][PASSED] - Text '' is set on object 'Object Repository/AdminSuiteBootstrap_Pages/VT_Bootstrap/ACHPersonal/input_emailAddress'

2022-04-01 01:00:58 - [MESSAGE][PASSED] - Text '' is set on object 'Object Repository/AdminSuiteBootstrap_Pages/VT_Bootstrap/ACHPersonal/input_smsNumber'

2022-04-01 01:00:59 - [MESSAGE][PASSED] - Text '45681004' is set on object 'Object Repository/AdminSuiteBootstrap_Pages/VT_Bootstrap/ACHPersonal/input_accountNumber'

2022-04-01 01:00:59 - [MESSAGE][PASSED] - Text '256072691' is set on object 'Object Repository/AdminSuiteBootstrap_Pages/VT_Bootstrap/ACHPersonal/input_routingNumber'

2022-04-01 01:01:00 - [MESSAGE][PASSED] - All options with label 'Savings' are selected in object 'Object Repository/AdminSuiteBootstrap_Pages/VT_Bootstrap/ACHPersonal/select_AccountType'  using regular expression

2022-04-01 01:01:02 - [MESSAGE][PASSED] - All options with label 'TEL - Telephone-Initiated Entry' are selected in object 'Object Repository/AdminSuiteBootstrap_Pages/VT_Bootstrap/ACHPersonal/select_STD'  using regular expression

2022-04-01 01:01:02 - [MESSAGE][PASSED] - Text '11.5' is set on object 'Object Repository/AdminSuiteBootstrap_Pages/VT_Bootstrap/ACHPersonal/input_amount'

2022-04-01 01:01:03 - [MESSAGE][PASSED] - Text 'Denmark' is set on object 'Object Repository/AdminSuiteBootstrap_Pages/VT_Bootstrap/ACHPersonal/input_userDefined1'

2022-04-01 01:01:04 - [MESSAGE][PASSED] - Text 'Australia' is set on object 'Object Repository/AdminSuiteBootstrap_Pages/VT_Bootstrap/ACHPersonal/input_userDefined2'

2022-04-01 01:01:04 - [MESSAGE][PASSED] - Text 'Austria' is set on object 'Object Repository/AdminSuiteBootstrap_Pages/VT_Bootstrap/ACHPersonal/input_userDefined3'

2022-04-01 01:01:05 - [MESSAGE][PASSED] - Text 'Sweden' is set on object 'Object Repository/AdminSuiteBootstrap_Pages/VT_Bootstrap/ACHPersonal/input_userDefined4'

2022-04-01 01:01:06 - [MESSAGE][PASSED] - All options with label 'Yellow' are selected in object 'Object Repository/AdminSuiteBootstrap_Pages/VT_Bootstrap/ACHPersonal/select_UDF5'  using regular expression

2022-04-01 01:01:07 - [MESSAGE][PASSED] - All options with label 'Orange' are selected in object 'Object Repository/AdminSuiteBootstrap_Pages/VT_Bootstrap/ACHPersonal/select_UDF6'  using regular expression

2022-04-01 01:01:08 - [MESSAGE][PASSED] - Text 'Netherlands' is set on object 'Object Repository/AdminSuiteBootstrap_Pages/VT_Bootstrap/ACHPersonal/input_userDefined7'

2022-04-01 01:01:08 - [MESSAGE][PASSED] - Text 'Norway' is set on object 'Object Repository/AdminSuiteBootstrap_Pages/VT_Bootstrap/ACHPersonal/input_userDefined8'

2022-04-01 01:01:09 - [MESSAGE][PASSED] - Text 'France' is set on object 'Object Repository/AdminSuiteBootstrap_Pages/VT_Bootstrap/ACHPersonal/input_userDefined9'

2022-04-01 01:01:10 - [MESSAGE][PASSED] - Text 'Switzerland' is set on object 'Object Repository/AdminSuiteBootstrap_Pages/VT_Bootstrap/ACHPersonal/input_userDefined10'

2022-04-01 01:01:11 - [MESSAGE][PASSED] - Object: 'Object Repository/AdminSuiteBootstrap_Pages/VT_Bootstrap/ACHPersonal/button_Submit' is clicked on

2022-04-01 01:01:11 - [MESSAGE][PASSED] - adminSuiteBootstrap.debitPersonalsetData.debitPersonal_DataDriven is PASSED

2022-04-01 01:01:11 - [TEST_STEP][PASSED] - verifyTextPresent("Transaction Successful", true): Text 'Transaction Successful' is present on page  using regular expression

2022-04-01 01:01:12 - [MESSAGE][PASSED] - Text 'Transaction Successful' is present on page  using regular expression

2022-04-01 01:01:12 - [TEST_STEP][PASSED] - verifyTextPresent("Remittance ID", true): Text 'Remittance ID' is present on page  using regular expression

2022-04-01 01:01:12 - [MESSAGE][PASSED] - Text 'Remittance ID' is present on page  using regular expression

2022-04-01 01:01:12 - [TEST_STEP][PASSED] - verifyTextPresent("Received", true): Text 'Received' is present on page  using regular expression

2022-04-01 01:01:12 - [MESSAGE][PASSED] - Text 'Received' is present on page  using regular expression

2022-04-01 01:01:12 - [TEST_STEP][PASSED] - verifyTextPresent("UDF1", true): Text 'UDF1' is present on page  using regular expression

2022-04-01 01:01:13 - [MESSAGE][PASSED] - Text 'UDF1' is present on page  using regular expression

2022-04-01 01:01:13 - [TEST_STEP][PASSED] - verifyTextPresent("UDF2", true): Text 'UDF2' is present on page  using regular expression

2022-04-01 01:01:13 - [MESSAGE][PASSED] - Text 'UDF2' is present on page  using regular expression

2022-04-01 01:01:13 - [TEST_STEP][PASSED] - verifyTextPresent("UDF3", true): Text 'UDF3' is present on page  using regular expression

2022-04-01 01:01:13 - [MESSAGE][PASSED] - Text 'UDF3' is present on page  using regular expression

2022-04-01 01:01:13 - [TEST_STEP][PASSED] - verifyTextPresent("UDF4", true): Text 'UDF4' is present on page  using regular expression

2022-04-01 01:01:14 - [MESSAGE][PASSED] - Text 'UDF4' is present on page  using regular expression

2022-04-01 01:01:14 - [TEST_STEP][PASSED] - verifyTextPresent("UDF5", true): Text 'UDF5' is present on page  using regular expression

2022-04-01 01:01:14 - [MESSAGE][PASSED] - Text 'UDF5' is present on page  using regular expression

2022-04-01 01:01:14 - [TEST_STEP][PASSED] - verifyTextPresent("UDF6", true): Text 'UDF6' is present on page  using regular expression

2022-04-01 01:01:14 - [MESSAGE][PASSED] - Text 'UDF6' is present on page  using regular expression

2022-04-01 01:01:14 - [TEST_STEP][PASSED] - verifyTextPresent("UDF7", true): Text 'UDF7' is present on page  using regular expression

2022-04-01 01:01:15 - [MESSAGE][PASSED] - Text 'UDF7' is present on page  using regular expression

2022-04-01 01:01:15 - [TEST_STEP][PASSED] - verifyTextPresent("UDF8", true): Text 'UDF8' is present on page  using regular expression

2022-04-01 01:01:15 - [MESSAGE][PASSED] - Text 'UDF8' is present on page  using regular expression

2022-04-01 01:01:15 - [TEST_STEP][PASSED] - verifyTextPresent("UDF9", true): Text 'UDF9' is present on page  using regular expression

2022-04-01 01:01:15 - [MESSAGE][PASSED] - Text 'UDF9' is present on page  using regular expression

2022-04-01 01:01:15 - [TEST_STEP][PASSED] - verifyTextPresent("UDF 10", true): Text 'UDF 10' is present on page  using regular expression

2022-04-01 01:01:16 - [MESSAGE][PASSED] - Text 'UDF 10' is present on page  using regular expression

2022-04-01 01:01:16 - [TEST_STEP][PASSED] - verifyTextPresent("Australia", true): Text 'Australia' is present on page  using regular expression

2022-04-01 01:01:16 - [MESSAGE][PASSED] - Text 'Australia' is present on page  using regular expression

2022-04-01 01:01:16 - [TEST_STEP][PASSED] - verifyTextPresent("Denmark", true): Text 'Denmark' is present on page  using regular expression

2022-04-01 01:01:16 - [MESSAGE][PASSED] - Text 'Denmark' is present on page  using regular expression

2022-04-01 01:01:16 - [TEST_STEP][PASSED] - verifyTextPresent("Sweden", true): Text 'Sweden' is present on page  using regular expression

2022-04-01 01:01:17 - [MESSAGE][PASSED] - Text 'Sweden' is present on page  using regular expression

2022-04-01 01:01:17 - [TEST_STEP][PASSED] - verifyTextPresent("Austria", true): Text 'Austria' is present on page  using regular expression

2022-04-01 01:01:17 - [MESSAGE][PASSED] - Text 'Austria' is present on page  using regular expression

2022-04-01 01:01:17 - [TEST_STEP][PASSED] - verifyTextPresent("Orange Recorded", true): Text 'Orange Recorded' is present on page  using regular expression

2022-04-01 01:01:17 - [MESSAGE][PASSED] - Text 'Orange Recorded' is present on page  using regular expression

2022-04-01 01:01:17 - [TEST_STEP][PASSED] - verifyTextPresent("Yellow Recorded", true): Text 'Yellow Recorded' is present on page  using regular expression

2022-04-01 01:01:18 - [MESSAGE][PASSED] - Text 'Yellow Recorded' is present on page  using regular expression

2022-04-01 01:01:18 - [TEST_STEP][PASSED] - verifyTextPresent("Norway", true): Text 'Norway' is present on page  using regular expression

2022-04-01 01:01:18 - [MESSAGE][PASSED] - Text 'Norway' is present on page  using regular expression

2022-04-01 01:01:18 - [TEST_STEP][PASSED] - verifyTextPresent("Netherlands", true): Text 'Netherlands' is present on page  using regular expression

2022-04-01 01:01:18 - [MESSAGE][PASSED] - Text 'Netherlands' is present on page  using regular expression

2022-04-01 01:01:18 - [TEST_STEP][PASSED] - verifyTextPresent("Switzerland", true): Text 'Switzerland' is present on page  using regular expression

2022-04-01 01:01:19 - [MESSAGE][PASSED] - Text 'Switzerland' is present on page  using regular expression

2022-04-01 01:01:19 - [TEST_STEP][PASSED] - verifyTextPresent("France", true): Text 'France' is present on page  using regular expression

2022-04-01 01:01:19 - [MESSAGE][PASSED] - Text 'France' is present on page  using regular expression

2022-04-01 01:01:19 - [TEST_STEP][PASSED] - verifyTextPresent("Amount", true): Text 'Amount' is present on page  using regular expression

2022-04-01 01:01:19 - [MESSAGE][PASSED] - Text 'Amount' is present on page  using regular expression

2022-04-01 01:01:19 - [TEST_STEP][PASSED] - verifyTextPresent("Total Amount", true): Text 'Total Amount' is present on page  using regular expression

2022-04-01 01:01:20 - [MESSAGE][PASSED] - Text 'Total Amount' is present on page  using regular expression

2022-04-01 01:01:20 - [TEST_STEP][PASSED] - verifyTextPresent("Transaction Type", true): Text 'Transaction Type' is present on page  using regular expression

2022-04-01 01:01:20 - [MESSAGE][PASSED] - Text 'Transaction Type' is present on page  using regular expression

2022-04-01 01:01:20 - [TEST_STEP][PASSED] - verifyTextPresent("11.50", true): Text '11.50' is present on page  using regular expression

2022-04-01 01:01:21 - [MESSAGE][PASSED] - Text '11.50' is present on page  using regular expression

2022-04-01 01:01:21 - [TEST_STEP][PASSED] - verifyTextPresent("Debit", true): Text 'Debit' is present on page  using regular expression

2022-04-01 01:01:21 - [MESSAGE][PASSED] - Text 'Debit' is present on page  using regular expression

2022-04-01 01:01:21 - [TEST_STEP][PASSED] - verifyTextPresent("Check Information", true): Text 'Check Information' is present on page  using regular expression

2022-04-01 01:01:21 - [MESSAGE][PASSED] - Text 'Check Information' is present on page  using regular expression

2022-04-01 01:01:21 - [TEST_STEP][PASSED] - verifyTextPresent("Account Type", true): Text 'Account Type' is present on page  using regular expression

2022-04-01 01:01:22 - [MESSAGE][PASSED] - Text 'Account Type' is present on page  using regular expression

2022-04-01 01:01:22 - [TEST_STEP][PASSED] - verifyTextPresent("Account Number", true): Text 'Account Number' is present on page  using regular expression

2022-04-01 01:01:22 - [MESSAGE][PASSED] - Text 'Account Number' is present on page  using regular expression

2022-04-01 01:01:22 - [TEST_STEP][PASSED] - verifyTextPresent("Routing Number", true): Text 'Routing Number' is present on page  using regular expression

2022-04-01 01:01:22 - [MESSAGE][PASSED] - Text 'Routing Number' is present on page  using regular expression

2022-04-01 01:01:22 - [TEST_STEP][PASSED] - verifyTextPresent("2691", true): Text '2691' is present on page  using regular expression

2022-04-01 01:01:23 - [MESSAGE][PASSED] - Text '2691' is present on page  using regular expression

2022-04-01 01:01:23 - [TEST_STEP][PASSED] - cardNameV = findTestData(dataFile).getValue("NameV", row): null

2022-04-01 01:01:23 - [TEST_STEP][PASSED] - al1V = findTestData(dataFile).getValue("AL1", row): null

2022-04-01 01:01:23 - [TEST_STEP][PASSED] - al2V = findTestData(dataFile).getValue("AL2", row): null

2022-04-01 01:01:23 - [TEST_STEP][PASSED] - last4V = findTestData(dataFile).getValue("Last4", row): null

2022-04-01 01:01:23 - [TEST_STEP][PASSED] - accType = findTestData(dataFile).getValue("AccountType", row): null

2022-04-01 01:01:23 - [TEST_STEP][PASSED] - verifyTextPresent(cardNameV, true): Text 'ALISHA SLUSARSKI' is present on page  using regular expression

2022-04-01 01:01:23 - [MESSAGE][PASSED] - Text 'ALISHA SLUSARSKI' is present on page  using regular expression

2022-04-01 01:01:23 - [TEST_STEP][PASSED] - verifyTextPresent("Address Line 1", true): Text 'Address Line 1' is present on page  using regular expression

2022-04-01 01:01:23 - [MESSAGE][PASSED] - Text 'Address Line 1' is present on page  using regular expression

2022-04-01 01:01:23 - [TEST_STEP][PASSED] - verifyTextPresent("Address Line 2", true): Text 'Address Line 2' is present on page  using regular expression

2022-04-01 01:01:24 - [MESSAGE][PASSED] - Text 'Address Line 2' is present on page  using regular expression

2022-04-01 01:01:24 - [TEST_STEP][PASSED] - verifyTextPresent("Country", true): Text 'Country' is present on page  using regular expression

2022-04-01 01:01:24 - [MESSAGE][PASSED] - Text 'Country' is present on page  using regular expression

2022-04-01 01:01:24 - [TEST_STEP][PASSED] - verifyTextPresent("City", true): Text 'City' is present on page  using regular expression

2022-04-01 01:01:24 - [MESSAGE][PASSED] - Text 'City' is present on page  using regular expression

2022-04-01 01:01:24 - [TEST_STEP][PASSED] - verifyTextPresent("State", true): Text 'State' is present on page  using regular expression

2022-04-01 01:01:25 - [MESSAGE][PASSED] - Text 'State' is present on page  using regular expression

2022-04-01 01:01:25 - [TEST_STEP][PASSED] - verifyTextPresent("ZIP Code", true): Text 'ZIP Code' is present on page  using regular expression

2022-04-01 01:01:25 - [MESSAGE][PASSED] - Text 'ZIP Code' is present on page  using regular expression

2022-04-01 01:01:25 - [TEST_STEP][PASSED] - verifyTextPresent(al1V, true): Text '3273 State St' is present on page  using regular expression

2022-04-01 01:01:25 - [MESSAGE][PASSED] - Text '3273 State St' is present on page  using regular expression

2022-04-01 01:01:25 - [TEST_STEP][PASSED] - verifyTextPresent(al2V, true): Text 'apt #4' is present on page  using regular expression

2022-04-01 01:01:26 - [MESSAGE][PASSED] - Text 'apt #4' is present on page  using regular expression

2022-04-01 01:01:26 - [TEST_STEP][PASSED] - verifyTextPresent("United States", true): Text 'United States' is present on page  using regular expression

2022-04-01 01:01:26 - [MESSAGE][PASSED] - Text 'United States' is present on page  using regular expression

2022-04-01 01:01:26 - [TEST_STEP][PASSED] - verifyTextPresent("ARLINGTON", true): Text 'ARLINGTON' is present on page  using regular expression

2022-04-01 01:01:26 - [MESSAGE][PASSED] - Text 'ARLINGTON' is present on page  using regular expression

2022-04-01 01:01:26 - [TEST_STEP][PASSED] - verifyTextPresent("Virginia", true): Text 'Virginia' is present on page  using regular expression

2022-04-01 01:01:27 - [MESSAGE][PASSED] - Text 'Virginia' is present on page  using regular expression

2022-04-01 01:01:27 - [TEST_STEP][PASSED] - verifyTextPresent("22201", true): Text '22201' is present on page  using regular expression

2022-04-01 01:01:27 - [MESSAGE][PASSED] - Text '22201' is present on page  using regular expression

2022-04-01 01:01:27 - [TEST_STEP][PASSED] - verifyTextPresent(accType, true): Text 'Savings' is present on page  using regular expression

2022-04-01 01:01:27 - [MESSAGE][PASSED] - Text 'Savings' is present on page  using regular expression

2022-04-01 01:01:27 - [TEST_STEP][PASSED] - verifyTextPresent(last4V, true): Text '1004' is present on page  using regular expression

2022-04-01 01:01:28 - [MESSAGE][PASSED] - Text '1004' is present on page  using regular expression

2022-04-01 01:01:28 - [TEST_STEP][PASSED] - closeBrowser(): Browser is closed

2022-04-01 01:01:29 - [MESSAGE][PASSED] - Browser is closed]]></system-out>
         <system-err><![CDATA[]]></system-err>
      </testcase>
      <testcase name="Test Cases/Admin Suite Bootstrap/VT_ACH_TestCases/DebitPersonal_TP_SingleCF_Generic_Payment_TC" time="213.0" classname="Test Cases/Admin Suite Bootstrap/VT_ACH_TestCases/DebitPersonal_TP_SingleCF_Generic_Payment_TC" status="PASSED">
         <system-out><![CDATA[2022-04-01 01:01:29 - [TEST_CASE][PASSED] - Test Cases/Admin Suite Bootstrap/VT_ACH_TestCases/DebitPersonal_TP_SingleCF_Generic_Payment_TC: Test Cases/Admin Suite Bootstrap/VT_ACH_TestCases/DebitPersonal_TP_SingleCF_Generic_Payment_TC

2022-04-01 01:01:29 - [TEST_STEP][PASSED] - path_Dashboard = "Object Repository/AdminSuiteBootstrap_Pages/Dashboard_Bootstrap/": null

2022-04-01 01:01:29 - [TEST_STEP][PASSED] - path_VT = "Object Repository/AdminSuiteBootstrap_Pages/VT_Bootstrap/IssueTransactions/": null

2022-04-01 01:01:29 - [TEST_STEP][PASSED] - li_1 = vpos_Prefix: null

2022-04-01 01:01:29 - [TEST_STEP][PASSED] - li_2 = "/transactions/AuthCapForm/": null

2022-04-01 01:01:29 - [TEST_STEP][PASSED] - executionProfile = getExecutionProfile(): null

2022-04-01 01:01:29 - [TEST_STEP][PASSED] - out.println("executionProfile : " + executionProfile): null

2022-04-01 01:01:29 - [TEST_STEP][PASSED] - appName = <not implemented yet for class: org.codehaus.groovy.ast.expr.EmptyExpression>: null

2022-04-01 01:01:29 - [TEST_STEP][PASSED] - appID = <not implemented yet for class: org.codehaus.groovy.ast.expr.EmptyExpression>: null

2022-04-01 01:01:29 - [TEST_STEP][PASSED] - cardNameV = <not implemented yet for class: org.codehaus.groovy.ast.expr.EmptyExpression>: null

2022-04-01 01:01:29 - [TEST_STEP][PASSED] - al1V = <not implemented yet for class: org.codehaus.groovy.ast.expr.EmptyExpression>: null

2022-04-01 01:01:29 - [TEST_STEP][PASSED] - al2V = <not implemented yet for class: org.codehaus.groovy.ast.expr.EmptyExpression>: null

2022-04-01 01:01:29 - [TEST_STEP][PASSED] - zipV = <not implemented yet for class: org.codehaus.groovy.ast.expr.EmptyExpression>: null

2022-04-01 01:01:29 - [TEST_STEP][PASSED] - accType = <not implemented yet for class: org.codehaus.groovy.ast.expr.EmptyExpression>: null

2022-04-01 01:01:29 - [TEST_STEP][PASSED] - last4V = <not implemented yet for class: org.codehaus.groovy.ast.expr.EmptyExpression>: null

2022-04-01 01:01:29 - [TEST_STEP][PASSED] - resText = "Fail": null

2022-04-01 01:01:29 - [TEST_STEP][PASSED] - resColumn = "Result": null

2022-04-01 01:01:29 - [TEST_STEP][PASSED] - datCloumn = "Date": null

2022-04-01 01:01:29 - [TEST_STEP][PASSED] - fileLoc = "C:\KatalonData\Bootstrap\VT-ACH-Data.xlsx": null

2022-04-01 01:01:29 - [TEST_STEP][PASSED] - numOfRows = <not implemented yet for class: org.codehaus.groovy.ast.expr.EmptyExpression>: null

2022-04-01 01:01:29 - [TEST_STEP][PASSED] - dataFile = <not implemented yet for class: org.codehaus.groovy.ast.expr.EmptyExpression>: null

2022-04-01 01:01:29 - [TEST_STEP][PASSED] - nameSheet = <not implemented yet for class: org.codehaus.groovy.ast.expr.EmptyExpression>: null

2022-04-01 01:01:29 - [TEST_STEP][PASSED] - nameSheet = "VT-ACHPersonal-SingleCF-Generic": null

2022-04-01 01:01:29 - [TEST_STEP][PASSED] - numOfRows = findTestData("QA/Bootstrap/VT-ACH-TestData/VT-DebitData-SingleCF-Generic").getRowNumbers(): null

2022-04-01 01:01:29 - [TEST_STEP][PASSED] - println("Number of Records: " + numOfRows): null

2022-04-01 01:01:29 - [TEST_STEP][PASSED] - dataFile = "QA/Bootstrap/VT-ACH-TestData/VT-DebitData-SingleCF-Generic": null

2022-04-01 01:01:29 - [TEST_STEP][PASSED] - for ([row = 1, row <= numOfRows, (row++)]): Browser is closed

2022-04-01 01:01:29 - [TEST_STEP][PASSED] - ExecuteTC = findTestData(dataFile).getValue("Execute", row): null

2022-04-01 01:01:29 - [TEST_STEP][PASSED] - out.println("Value of Execute is : " + ExecuteTC): null

2022-04-01 01:01:29 - [TEST_STEP][PASSED] - switch (executionProfile): null

2022-04-01 01:01:29 - [TEST_STEP][PASSED] - case "QAProfile":: null

2022-04-01 01:01:29 - [TEST_STEP][PASSED] - appName = findTestData(dataFile).getValue("AppNameQA", row): null

2022-04-01 01:01:29 - [TEST_STEP][PASSED] - appID = findTestData(dataFile).getValue("AppIDQA", row): null

2022-04-01 01:01:29 - [TEST_STEP][PASSED] - break: null

2022-04-01 01:01:29 - [TEST_STEP][PASSED] - hrefAppID = li_1 + appID + li_2: null

2022-04-01 01:01:29 - [TEST_STEP][PASSED] - hrefApp = li_1 + appID + "/": null

2022-04-01 01:01:29 - [TEST_STEP][PASSED] - println("hrefApp : " + hrefApp): null

2022-04-01 01:01:29 - [TEST_STEP][PASSED] - if (ExecuteTC.equalsIgnoreCase("Y")): Browser is closed

2022-04-01 01:01:29 - [TEST_STEP][PASSED] - out.println("Begin Record Number: " + row): null

2022-04-01 01:01:29 - [TEST_STEP][PASSED] - today = new java.util.Date(): null

2022-04-01 01:01:29 - [TEST_STEP][PASSED] - println(today): null

2022-04-01 01:01:29 - [TEST_STEP][PASSED] - datText = today: null

2022-04-01 01:01:29 - [TEST_STEP][PASSED] - adminSuiteBootstrap.loginFunctionality.login_AdminSuite(): adminSuiteBootstrap.loginFunctionality.login_AdminSuite is PASSED

2022-04-01 01:01:29 - [MESSAGE][INFO] - Starting 'Chrome' driver

2022-04-01 01:01:29 - [MESSAGE][INFO] - User set preference: ['acceptInsecureCerts', 'true']

2022-04-01 01:01:29 - [MESSAGE][INFO] - Action delay is set to 0 milliseconds

2022-04-01 01:01:32 - [MESSAGE][PASSED] - Browser is opened with url: 'https://qa.velocitypayment.com/admin/imtiaz'

2022-04-01 01:01:33 - [MESSAGE][PASSED] - Current window maximized

2022-04-01 01:01:33 - [MESSAGE][PASSED] - Object 'Object Repository/Login_Page/Login_Username' is present

2022-04-01 01:01:34 - [MESSAGE][PASSED] - Text 'iahmed' is set on object 'Object Repository/Login_Page/Login_Username'

2022-04-01 01:01:34 - [MESSAGE][PASSED] - Text 'hello2222' is set on object 'Object Repository/Login_Page/Login_Password'

2022-04-01 01:01:37 - [MESSAGE][PASSED] - Object: 'Object Repository/Login_Page/Login_Submit' is clicked on

2022-04-01 01:01:37 - [MESSAGE][PASSED] - adminSuiteBootstrap.loginFunctionality.login_AdminSuite is PASSED

2022-04-01 01:01:37 - [TEST_STEP][PASSED] - click(findTestObject(path_Dashboard + appName)): Object: 'Object Repository/AdminSuiteBootstrap_Pages/Dashboard_Bootstrap/a_Access AutoSingleCFtpQA' is clicked on

2022-04-01 01:01:38 - [MESSAGE][PASSED] - Object: 'Object Repository/AdminSuiteBootstrap_Pages/Dashboard_Bootstrap/a_Access AutoSingleCFtpQA' is clicked on

2022-04-01 01:01:38 - [TEST_STEP][PASSED] - click(findTestObject(path_VT + "button_Debit")): Object: 'Object Repository/AdminSuiteBootstrap_Pages/VT_Bootstrap/IssueTransactions/button_Debit' is clicked on

2022-04-01 01:01:38 - [MESSAGE][PASSED] - Object: 'Object Repository/AdminSuiteBootstrap_Pages/VT_Bootstrap/IssueTransactions/button_Debit' is clicked on

2022-04-01 01:01:38 - [TEST_STEP][PASSED] - click(findTestObject(path_VT + "a_Personal")): Object: 'Object Repository/AdminSuiteBootstrap_Pages/VT_Bootstrap/IssueTransactions/a_Personal' is clicked on

2022-04-01 01:01:39 - [MESSAGE][PASSED] - Object: 'Object Repository/AdminSuiteBootstrap_Pages/VT_Bootstrap/IssueTransactions/a_Personal' is clicked on

2022-04-01 01:01:39 - [TEST_STEP][PASSED] - adminSuiteBootstrap.debitPersonalsetData.debitPersonal_DataDriven(row, dataFile): adminSuiteBootstrap.debitPersonalsetData.debitPersonal_DataDriven is PASSED

2022-04-01 01:01:41 - [MESSAGE][PASSED] - Text 'John' is set on object 'Object Repository/AdminSuiteBootstrap_Pages/VT_Bootstrap/ACHPersonal/input_firstName'

2022-04-01 01:01:41 - [MESSAGE][PASSED] - Text 'Gordonas' is set on object 'Object Repository/AdminSuiteBootstrap_Pages/VT_Bootstrap/ACHPersonal/input_lastName'

2022-04-01 01:01:42 - [MESSAGE][PASSED] - Text '133 Meadow Ln' is set on object 'Object Repository/AdminSuiteBootstrap_Pages/VT_Bootstrap/ACHPersonal/input_address'

2022-04-01 01:01:43 - [MESSAGE][PASSED] - Text 'apt #123' is set on object 'Object Repository/AdminSuiteBootstrap_Pages/VT_Bootstrap/ACHPersonal/input_address2'

2022-04-01 01:01:43 - [MESSAGE][PASSED] - Text '22201' is set on object 'Object Repository/AdminSuiteBootstrap_Pages/VT_Bootstrap/ACHPersonal/input_zip'

2022-04-01 01:01:44 - [MESSAGE][PASSED] - Text '' is set on object 'Object Repository/AdminSuiteBootstrap_Pages/VT_Bootstrap/ACHPersonal/input_emailAddress'

2022-04-01 01:01:45 - [MESSAGE][PASSED] - Text '' is set on object 'Object Repository/AdminSuiteBootstrap_Pages/VT_Bootstrap/ACHPersonal/input_smsNumber'

2022-04-01 01:01:46 - [MESSAGE][PASSED] - Text '45682001' is set on object 'Object Repository/AdminSuiteBootstrap_Pages/VT_Bootstrap/ACHPersonal/input_accountNumber'

2022-04-01 01:01:47 - [MESSAGE][PASSED] - Text '256072691' is set on object 'Object Repository/AdminSuiteBootstrap_Pages/VT_Bootstrap/ACHPersonal/input_routingNumber'

2022-04-01 01:01:48 - [MESSAGE][PASSED] - All options with label 'Checking' are selected in object 'Object Repository/AdminSuiteBootstrap_Pages/VT_Bootstrap/ACHPersonal/select_AccountType'  using regular expression

2022-04-01 01:01:49 - [MESSAGE][PASSED] - All options with label 'PPD - Prearranged Payment and Deposit Entry' are selected in object 'Object Repository/AdminSuiteBootstrap_Pages/VT_Bootstrap/ACHPersonal/select_STD'  using regular expression

2022-04-01 01:01:49 - [MESSAGE][PASSED] - Text '11.5' is set on object 'Object Repository/AdminSuiteBootstrap_Pages/VT_Bootstrap/ACHPersonal/input_amount'

2022-04-01 01:01:51 - [MESSAGE][PASSED] - Text 'Denmark' is set on object 'Object Repository/AdminSuiteBootstrap_Pages/VT_Bootstrap/ACHPersonal/input_userDefined1'

2022-04-01 01:01:52 - [MESSAGE][PASSED] - Text 'Australia' is set on object 'Object Repository/AdminSuiteBootstrap_Pages/VT_Bootstrap/ACHPersonal/input_userDefined2'

2022-04-01 01:01:52 - [MESSAGE][PASSED] - Text 'Austria' is set on object 'Object Repository/AdminSuiteBootstrap_Pages/VT_Bootstrap/ACHPersonal/input_userDefined3'

2022-04-01 01:01:53 - [MESSAGE][PASSED] - Text 'Sweden' is set on object 'Object Repository/AdminSuiteBootstrap_Pages/VT_Bootstrap/ACHPersonal/input_userDefined4'

2022-04-01 01:01:54 - [MESSAGE][PASSED] - All options with label 'Yellow' are selected in object 'Object Repository/AdminSuiteBootstrap_Pages/VT_Bootstrap/ACHPersonal/select_UDF5'  using regular expression

2022-04-01 01:01:55 - [MESSAGE][PASSED] - All options with label 'Orange' are selected in object 'Object Repository/AdminSuiteBootstrap_Pages/VT_Bootstrap/ACHPersonal/select_UDF6'  using regular expression

2022-04-01 01:01:56 - [MESSAGE][PASSED] - Text 'Netherlands' is set on object 'Object Repository/AdminSuiteBootstrap_Pages/VT_Bootstrap/ACHPersonal/input_userDefined7'

2022-04-01 01:01:56 - [MESSAGE][PASSED] - Text 'Norway' is set on object 'Object Repository/AdminSuiteBootstrap_Pages/VT_Bootstrap/ACHPersonal/input_userDefined8'

2022-04-01 01:01:57 - [MESSAGE][PASSED] - Text 'France' is set on object 'Object Repository/AdminSuiteBootstrap_Pages/VT_Bootstrap/ACHPersonal/input_userDefined9'

2022-04-01 01:01:58 - [MESSAGE][PASSED] - Text 'Switzerland' is set on object 'Object Repository/AdminSuiteBootstrap_Pages/VT_Bootstrap/ACHPersonal/input_userDefined10'

2022-04-01 01:01:59 - [MESSAGE][PASSED] - Object: 'Object Repository/AdminSuiteBootstrap_Pages/VT_Bootstrap/ACHPersonal/button_Submit' is clicked on

2022-04-01 01:01:59 - [MESSAGE][PASSED] - adminSuiteBootstrap.debitPersonalsetData.debitPersonal_DataDriven is PASSED

2022-04-01 01:01:59 - [TEST_STEP][PASSED] - verifyTextPresent("Transaction Successful", true): Text 'Transaction Successful' is present on page  using regular expression

2022-04-01 01:02:00 - [MESSAGE][PASSED] - Text 'Transaction Successful' is present on page  using regular expression

2022-04-01 01:02:00 - [TEST_STEP][PASSED] - verifyTextPresent("Remittance ID", true): Text 'Remittance ID' is present on page  using regular expression

2022-04-01 01:02:00 - [MESSAGE][PASSED] - Text 'Remittance ID' is present on page  using regular expression

2022-04-01 01:02:00 - [TEST_STEP][PASSED] - verifyTextPresent("Received", true): Text 'Received' is present on page  using regular expression

2022-04-01 01:02:00 - [MESSAGE][PASSED] - Text 'Received' is present on page  using regular expression

2022-04-01 01:02:00 - [TEST_STEP][PASSED] - verifyTextPresent("UDF1", true): Text 'UDF1' is present on page  using regular expression

2022-04-01 01:02:01 - [MESSAGE][PASSED] - Text 'UDF1' is present on page  using regular expression

2022-04-01 01:02:01 - [TEST_STEP][PASSED] - verifyTextPresent("UDF2", true): Text 'UDF2' is present on page  using regular expression

2022-04-01 01:02:01 - [MESSAGE][PASSED] - Text 'UDF2' is present on page  using regular expression

2022-04-01 01:02:01 - [TEST_STEP][PASSED] - verifyTextPresent("UDF3", true): Text 'UDF3' is present on page  using regular expression

2022-04-01 01:02:01 - [MESSAGE][PASSED] - Text 'UDF3' is present on page  using regular expression

2022-04-01 01:02:01 - [TEST_STEP][PASSED] - verifyTextPresent("UDF4", true): Text 'UDF4' is present on page  using regular expression

2022-04-01 01:02:02 - [MESSAGE][PASSED] - Text 'UDF4' is present on page  using regular expression

2022-04-01 01:02:02 - [TEST_STEP][PASSED] - verifyTextPresent("UDF5", true): Text 'UDF5' is present on page  using regular expression

2022-04-01 01:02:02 - [MESSAGE][PASSED] - Text 'UDF5' is present on page  using regular expression

2022-04-01 01:02:02 - [TEST_STEP][PASSED] - verifyTextPresent("UDF6", true): Text 'UDF6' is present on page  using regular expression

2022-04-01 01:02:02 - [MESSAGE][PASSED] - Text 'UDF6' is present on page  using regular expression

2022-04-01 01:02:02 - [TEST_STEP][PASSED] - verifyTextPresent("UDF7", true): Text 'UDF7' is present on page  using regular expression

2022-04-01 01:02:03 - [MESSAGE][PASSED] - Text 'UDF7' is present on page  using regular expression

2022-04-01 01:02:03 - [TEST_STEP][PASSED] - verifyTextPresent("UDF8", true): Text 'UDF8' is present on page  using regular expression

2022-04-01 01:02:03 - [MESSAGE][PASSED] - Text 'UDF8' is present on page  using regular expression

2022-04-01 01:02:03 - [TEST_STEP][PASSED] - verifyTextPresent("UDF9", true): Text 'UDF9' is present on page  using regular expression

2022-04-01 01:02:03 - [MESSAGE][PASSED] - Text 'UDF9' is present on page  using regular expression

2022-04-01 01:02:03 - [TEST_STEP][PASSED] - verifyTextPresent("UDF 10", true): Text 'UDF 10' is present on page  using regular expression

2022-04-01 01:02:04 - [MESSAGE][PASSED] - Text 'UDF 10' is present on page  using regular expression

2022-04-01 01:02:04 - [TEST_STEP][PASSED] - verifyTextPresent("Australia", true): Text 'Australia' is present on page  using regular expression

2022-04-01 01:02:04 - [MESSAGE][PASSED] - Text 'Australia' is present on page  using regular expression

2022-04-01 01:02:04 - [TEST_STEP][PASSED] - verifyTextPresent("Denmark", true): Text 'Denmark' is present on page  using regular expression

2022-04-01 01:02:05 - [MESSAGE][PASSED] - Text 'Denmark' is present on page  using regular expression

2022-04-01 01:02:05 - [TEST_STEP][PASSED] - verifyTextPresent("Sweden", true): Text 'Sweden' is present on page  using regular expression

2022-04-01 01:02:05 - [MESSAGE][PASSED] - Text 'Sweden' is present on page  using regular expression

2022-04-01 01:02:05 - [TEST_STEP][PASSED] - verifyTextPresent("Austria", true): Text 'Austria' is present on page  using regular expression

2022-04-01 01:02:05 - [MESSAGE][PASSED] - Text 'Austria' is present on page  using regular expression

2022-04-01 01:02:05 - [TEST_STEP][PASSED] - verifyTextPresent("Orange Recorded", true): Text 'Orange Recorded' is present on page  using regular expression

2022-04-01 01:02:06 - [MESSAGE][PASSED] - Text 'Orange Recorded' is present on page  using regular expression

2022-04-01 01:02:06 - [TEST_STEP][PASSED] - verifyTextPresent("Yellow Recorded", true): Text 'Yellow Recorded' is present on page  using regular expression

2022-04-01 01:02:06 - [MESSAGE][PASSED] - Text 'Yellow Recorded' is present on page  using regular expression

2022-04-01 01:02:06 - [TEST_STEP][PASSED] - verifyTextPresent("Norway", true): Text 'Norway' is present on page  using regular expression

2022-04-01 01:02:06 - [MESSAGE][PASSED] - Text 'Norway' is present on page  using regular expression

2022-04-01 01:02:06 - [TEST_STEP][PASSED] - verifyTextPresent("Netherlands", true): Text 'Netherlands' is present on page  using regular expression

2022-04-01 01:02:07 - [MESSAGE][PASSED] - Text 'Netherlands' is present on page  using regular expression

2022-04-01 01:02:07 - [TEST_STEP][PASSED] - verifyTextPresent("Switzerland", true): Text 'Switzerland' is present on page  using regular expression

2022-04-01 01:02:07 - [MESSAGE][PASSED] - Text 'Switzerland' is present on page  using regular expression

2022-04-01 01:02:07 - [TEST_STEP][PASSED] - verifyTextPresent("France", true): Text 'France' is present on page  using regular expression

2022-04-01 01:02:07 - [MESSAGE][PASSED] - Text 'France' is present on page  using regular expression

2022-04-01 01:02:07 - [TEST_STEP][PASSED] - verifyTextPresent("Amount", true): Text 'Amount' is present on page  using regular expression

2022-04-01 01:02:08 - [MESSAGE][PASSED] - Text 'Amount' is present on page  using regular expression

2022-04-01 01:02:08 - [TEST_STEP][PASSED] - verifyTextPresent("Service Fee", true): Text 'Service Fee' is present on page  using regular expression

2022-04-01 01:02:08 - [MESSAGE][PASSED] - Text 'Service Fee' is present on page  using regular expression

2022-04-01 01:02:08 - [TEST_STEP][PASSED] - verifyTextPresent("Service Fee Type", true): Text 'Service Fee Type' is present on page  using regular expression

2022-04-01 01:02:08 - [MESSAGE][PASSED] - Text 'Service Fee Type' is present on page  using regular expression

2022-04-01 01:02:08 - [TEST_STEP][PASSED] - verifyTextPresent("Total Amount", true): Text 'Total Amount' is present on page  using regular expression

2022-04-01 01:02:09 - [MESSAGE][PASSED] - Text 'Total Amount' is present on page  using regular expression

2022-04-01 01:02:09 - [TEST_STEP][PASSED] - verifyTextPresent("Transaction Type", true): Text 'Transaction Type' is present on page  using regular expression

2022-04-01 01:02:09 - [MESSAGE][PASSED] - Text 'Transaction Type' is present on page  using regular expression

2022-04-01 01:02:09 - [TEST_STEP][PASSED] - verifyTextPresent("11.50", true): Text '11.50' is present on page  using regular expression

2022-04-01 01:02:09 - [MESSAGE][PASSED] - Text '11.50' is present on page  using regular expression

2022-04-01 01:02:09 - [TEST_STEP][PASSED] - verifyTextPresent("5.00", true): Text '5.00' is present on page  using regular expression

2022-04-01 01:02:10 - [MESSAGE][PASSED] - Text '5.00' is present on page  using regular expression

2022-04-01 01:02:10 - [TEST_STEP][PASSED] - verifyTextPresent("Single Transaction", true): Text 'Single Transaction' is present on page  using regular expression

2022-04-01 01:02:10 - [MESSAGE][PASSED] - Text 'Single Transaction' is present on page  using regular expression

2022-04-01 01:02:10 - [TEST_STEP][PASSED] - verifyTextPresent("16.50", true): Text '16.50' is present on page  using regular expression

2022-04-01 01:02:10 - [MESSAGE][PASSED] - Text '16.50' is present on page  using regular expression

2022-04-01 01:02:10 - [TEST_STEP][PASSED] - verifyTextPresent("Debit", true): Text 'Debit' is present on page  using regular expression

2022-04-01 01:02:11 - [MESSAGE][PASSED] - Text 'Debit' is present on page  using regular expression

2022-04-01 01:02:11 - [TEST_STEP][PASSED] - verifyTextPresent("Check Information", true): Text 'Check Information' is present on page  using regular expression

2022-04-01 01:02:11 - [MESSAGE][PASSED] - Text 'Check Information' is present on page  using regular expression

2022-04-01 01:02:11 - [TEST_STEP][PASSED] - verifyTextPresent("Account Type", true): Text 'Account Type' is present on page  using regular expression

2022-04-01 01:02:12 - [MESSAGE][PASSED] - Text 'Account Type' is present on page  using regular expression

2022-04-01 01:02:12 - [TEST_STEP][PASSED] - verifyTextPresent("Account Number", true): Text 'Account Number' is present on page  using regular expression

2022-04-01 01:02:12 - [MESSAGE][PASSED] - Text 'Account Number' is present on page  using regular expression

2022-04-01 01:02:12 - [TEST_STEP][PASSED] - verifyTextPresent("Routing Number", true): Text 'Routing Number' is present on page  using regular expression

2022-04-01 01:02:12 - [MESSAGE][PASSED] - Text 'Routing Number' is present on page  using regular expression

2022-04-01 01:02:12 - [TEST_STEP][PASSED] - verifyTextPresent("2691", true): Text '2691' is present on page  using regular expression

2022-04-01 01:02:13 - [MESSAGE][PASSED] - Text '2691' is present on page  using regular expression

2022-04-01 01:02:13 - [TEST_STEP][PASSED] - cardNameV = findTestData(dataFile).getValue("NameV", row): null

2022-04-01 01:02:13 - [TEST_STEP][PASSED] - al1V = findTestData(dataFile).getValue("AL1", row): null

2022-04-01 01:02:13 - [TEST_STEP][PASSED] - al2V = findTestData(dataFile).getValue("AL2", row): null

2022-04-01 01:02:13 - [TEST_STEP][PASSED] - last4V = findTestData(dataFile).getValue("Last4", row): null

2022-04-01 01:02:13 - [TEST_STEP][PASSED] - accType = findTestData(dataFile).getValue("AccountType", row): null

2022-04-01 01:02:13 - [TEST_STEP][PASSED] - verifyTextPresent(cardNameV, true): Text 'JOHN GORDONAS' is present on page  using regular expression

2022-04-01 01:02:13 - [MESSAGE][PASSED] - Text 'JOHN GORDONAS' is present on page  using regular expression

2022-04-01 01:02:13 - [TEST_STEP][PASSED] - verifyTextPresent("Address Line 1", true): Text 'Address Line 1' is present on page  using regular expression

2022-04-01 01:02:13 - [MESSAGE][PASSED] - Text 'Address Line 1' is present on page  using regular expression

2022-04-01 01:02:13 - [TEST_STEP][PASSED] - verifyTextPresent("Address Line 2", true): Text 'Address Line 2' is present on page  using regular expression

2022-04-01 01:02:14 - [MESSAGE][PASSED] - Text 'Address Line 2' is present on page  using regular expression

2022-04-01 01:02:14 - [TEST_STEP][PASSED] - verifyTextPresent("Country", true): Text 'Country' is present on page  using regular expression

2022-04-01 01:02:14 - [MESSAGE][PASSED] - Text 'Country' is present on page  using regular expression

2022-04-01 01:02:14 - [TEST_STEP][PASSED] - verifyTextPresent("City", true): Text 'City' is present on page  using regular expression

2022-04-01 01:02:14 - [MESSAGE][PASSED] - Text 'City' is present on page  using regular expression

2022-04-01 01:02:14 - [TEST_STEP][PASSED] - verifyTextPresent("State", true): Text 'State' is present on page  using regular expression

2022-04-01 01:02:15 - [MESSAGE][PASSED] - Text 'State' is present on page  using regular expression

2022-04-01 01:02:15 - [TEST_STEP][PASSED] - verifyTextPresent("ZIP Code", true): Text 'ZIP Code' is present on page  using regular expression

2022-04-01 01:02:15 - [MESSAGE][PASSED] - Text 'ZIP Code' is present on page  using regular expression

2022-04-01 01:02:15 - [TEST_STEP][PASSED] - verifyTextPresent(al1V, true): Text '133 Meadow Ln' is present on page  using regular expression

2022-04-01 01:02:16 - [MESSAGE][PASSED] - Text '133 Meadow Ln' is present on page  using regular expression

2022-04-01 01:02:16 - [TEST_STEP][PASSED] - verifyTextPresent(al2V, true): Text 'apt #123' is present on page  using regular expression

2022-04-01 01:02:16 - [MESSAGE][PASSED] - Text 'apt #123' is present on page  using regular expression

2022-04-01 01:02:16 - [TEST_STEP][PASSED] - verifyTextPresent("United States", true): Text 'United States' is present on page  using regular expression

2022-04-01 01:02:16 - [MESSAGE][PASSED] - Text 'United States' is present on page  using regular expression

2022-04-01 01:02:16 - [TEST_STEP][PASSED] - verifyTextPresent("ARLINGTON", true): Text 'ARLINGTON' is present on page  using regular expression

2022-04-01 01:02:17 - [MESSAGE][PASSED] - Text 'ARLINGTON' is present on page  using regular expression

2022-04-01 01:02:17 - [TEST_STEP][PASSED] - verifyTextPresent("Virginia", true): Text 'Virginia' is present on page  using regular expression

2022-04-01 01:02:17 - [MESSAGE][PASSED] - Text 'Virginia' is present on page  using regular expression

2022-04-01 01:02:17 - [TEST_STEP][PASSED] - verifyTextPresent("22201", true): Text '22201' is present on page  using regular expression

2022-04-01 01:02:17 - [MESSAGE][PASSED] - Text '22201' is present on page  using regular expression

2022-04-01 01:02:17 - [TEST_STEP][PASSED] - verifyTextPresent(accType, true): Text 'Checking' is present on page  using regular expression

2022-04-01 01:02:18 - [MESSAGE][PASSED] - Text 'Checking' is present on page  using regular expression

2022-04-01 01:02:18 - [TEST_STEP][PASSED] - verifyTextPresent(last4V, true): Text '2001' is present on page  using regular expression

2022-04-01 01:02:18 - [MESSAGE][PASSED] - Text '2001' is present on page  using regular expression

2022-04-01 01:02:18 - [TEST_STEP][PASSED] - closeBrowser(): Browser is closed

2022-04-01 01:02:19 - [MESSAGE][PASSED] - Browser is closed

2022-04-01 01:02:19 - [TEST_STEP][PASSED] - ExecuteTC = findTestData(dataFile).getValue("Execute", row): null

2022-04-01 01:02:19 - [TEST_STEP][PASSED] - out.println("Value of Execute is : " + ExecuteTC): null

2022-04-01 01:02:19 - [TEST_STEP][PASSED] - switch (executionProfile): null

2022-04-01 01:02:19 - [TEST_STEP][PASSED] - case "QAProfile":: null

2022-04-01 01:02:19 - [TEST_STEP][PASSED] - appName = findTestData(dataFile).getValue("AppNameQA", row): null

2022-04-01 01:02:19 - [TEST_STEP][PASSED] - appID = findTestData(dataFile).getValue("AppIDQA", row): null

2022-04-01 01:02:19 - [TEST_STEP][PASSED] - break: null

2022-04-01 01:02:19 - [TEST_STEP][PASSED] - hrefAppID = li_1 + appID + li_2: null

2022-04-01 01:02:19 - [TEST_STEP][PASSED] - hrefApp = li_1 + appID + "/": null

2022-04-01 01:02:19 - [TEST_STEP][PASSED] - println("hrefApp : " + hrefApp): null

2022-04-01 01:02:19 - [TEST_STEP][PASSED] - if (ExecuteTC.equalsIgnoreCase("Y")): Browser is closed

2022-04-01 01:02:19 - [TEST_STEP][PASSED] - out.println("Begin Record Number: " + row): null

2022-04-01 01:02:19 - [TEST_STEP][PASSED] - today = new java.util.Date(): null

2022-04-01 01:02:19 - [TEST_STEP][PASSED] - println(today): null

2022-04-01 01:02:19 - [TEST_STEP][PASSED] - datText = today: null

2022-04-01 01:02:19 - [TEST_STEP][PASSED] - adminSuiteBootstrap.loginFunctionality.login_AdminSuite(): adminSuiteBootstrap.loginFunctionality.login_AdminSuite is PASSED

2022-04-01 01:02:19 - [MESSAGE][INFO] - Starting 'Chrome' driver

2022-04-01 01:02:19 - [MESSAGE][INFO] - User set preference: ['acceptInsecureCerts', 'true']

2022-04-01 01:02:19 - [MESSAGE][INFO] - Action delay is set to 0 milliseconds

2022-04-01 01:02:22 - [MESSAGE][PASSED] - Browser is opened with url: 'https://qa.velocitypayment.com/admin/imtiaz'

2022-04-01 01:02:22 - [MESSAGE][PASSED] - Current window maximized

2022-04-01 01:02:22 - [MESSAGE][PASSED] - Object 'Object Repository/Login_Page/Login_Username' is present

2022-04-01 01:02:23 - [MESSAGE][PASSED] - Text 'iahmed' is set on object 'Object Repository/Login_Page/Login_Username'

2022-04-01 01:02:24 - [MESSAGE][PASSED] - Text 'hello2222' is set on object 'Object Repository/Login_Page/Login_Password'

2022-04-01 01:02:29 - [MESSAGE][PASSED] - Object: 'Object Repository/Login_Page/Login_Submit' is clicked on

2022-04-01 01:02:29 - [MESSAGE][PASSED] - adminSuiteBootstrap.loginFunctionality.login_AdminSuite is PASSED

2022-04-01 01:02:29 - [TEST_STEP][PASSED] - click(findTestObject(path_Dashboard + appName)): Object: 'Object Repository/AdminSuiteBootstrap_Pages/Dashboard_Bootstrap/a_Access AutoSingleCFtpQA' is clicked on

2022-04-01 01:02:31 - [MESSAGE][PASSED] - Object: 'Object Repository/AdminSuiteBootstrap_Pages/Dashboard_Bootstrap/a_Access AutoSingleCFtpQA' is clicked on

2022-04-01 01:02:31 - [TEST_STEP][PASSED] - click(findTestObject(path_VT + "button_Debit")): Object: 'Object Repository/AdminSuiteBootstrap_Pages/VT_Bootstrap/IssueTransactions/button_Debit' is clicked on

2022-04-01 01:02:31 - [MESSAGE][PASSED] - Object: 'Object Repository/AdminSuiteBootstrap_Pages/VT_Bootstrap/IssueTransactions/button_Debit' is clicked on

2022-04-01 01:02:31 - [TEST_STEP][PASSED] - click(findTestObject(path_VT + "a_Personal")): Object: 'Object Repository/AdminSuiteBootstrap_Pages/VT_Bootstrap/IssueTransactions/a_Personal' is clicked on

2022-04-01 01:02:35 - [MESSAGE][PASSED] - Object: 'Object Repository/AdminSuiteBootstrap_Pages/VT_Bootstrap/IssueTransactions/a_Personal' is clicked on

2022-04-01 01:02:35 - [TEST_STEP][PASSED] - adminSuiteBootstrap.debitPersonalsetData.debitPersonal_DataDriven(row, dataFile): adminSuiteBootstrap.debitPersonalsetData.debitPersonal_DataDriven is PASSED

2022-04-01 01:02:37 - [MESSAGE][PASSED] - Text 'Veronika' is set on object 'Object Repository/AdminSuiteBootstrap_Pages/VT_Bootstrap/ACHPersonal/input_firstName'

2022-04-01 01:02:38 - [MESSAGE][PASSED] - Text 'Inouye' is set on object 'Object Repository/AdminSuiteBootstrap_Pages/VT_Bootstrap/ACHPersonal/input_lastName'

2022-04-01 01:02:38 - [MESSAGE][PASSED] - Text '6 Greenleaf Ave' is set on object 'Object Repository/AdminSuiteBootstrap_Pages/VT_Bootstrap/ACHPersonal/input_address'

2022-04-01 01:02:39 - [MESSAGE][PASSED] - Text 'apt #3' is set on object 'Object Repository/AdminSuiteBootstrap_Pages/VT_Bootstrap/ACHPersonal/input_address2'

2022-04-01 01:02:40 - [MESSAGE][PASSED] - Text '22201' is set on object 'Object Repository/AdminSuiteBootstrap_Pages/VT_Bootstrap/ACHPersonal/input_zip'

2022-04-01 01:02:41 - [MESSAGE][PASSED] - Text '' is set on object 'Object Repository/AdminSuiteBootstrap_Pages/VT_Bootstrap/ACHPersonal/input_emailAddress'

2022-04-01 01:02:42 - [MESSAGE][PASSED] - Text '' is set on object 'Object Repository/AdminSuiteBootstrap_Pages/VT_Bootstrap/ACHPersonal/input_smsNumber'

2022-04-01 01:02:43 - [MESSAGE][PASSED] - Text '45682002' is set on object 'Object Repository/AdminSuiteBootstrap_Pages/VT_Bootstrap/ACHPersonal/input_accountNumber'

2022-04-01 01:02:43 - [MESSAGE][PASSED] - Text '256072691' is set on object 'Object Repository/AdminSuiteBootstrap_Pages/VT_Bootstrap/ACHPersonal/input_routingNumber'

2022-04-01 01:02:44 - [MESSAGE][PASSED] - All options with label 'Checking' are selected in object 'Object Repository/AdminSuiteBootstrap_Pages/VT_Bootstrap/ACHPersonal/select_AccountType'  using regular expression

2022-04-01 01:02:45 - [MESSAGE][PASSED] - All options with label 'TEL - Telephone-Initiated Entry' are selected in object 'Object Repository/AdminSuiteBootstrap_Pages/VT_Bootstrap/ACHPersonal/select_STD'  using regular expression

2022-04-01 01:02:46 - [MESSAGE][PASSED] - Text '11.5' is set on object 'Object Repository/AdminSuiteBootstrap_Pages/VT_Bootstrap/ACHPersonal/input_amount'

2022-04-01 01:02:48 - [MESSAGE][PASSED] - Text 'Denmark' is set on object 'Object Repository/AdminSuiteBootstrap_Pages/VT_Bootstrap/ACHPersonal/input_userDefined1'

2022-04-01 01:02:48 - [MESSAGE][PASSED] - Text 'Australia' is set on object 'Object Repository/AdminSuiteBootstrap_Pages/VT_Bootstrap/ACHPersonal/input_userDefined2'

2022-04-01 01:02:49 - [MESSAGE][PASSED] - Text 'Austria' is set on object 'Object Repository/AdminSuiteBootstrap_Pages/VT_Bootstrap/ACHPersonal/input_userDefined3'

2022-04-01 01:02:50 - [MESSAGE][PASSED] - Text 'Sweden' is set on object 'Object Repository/AdminSuiteBootstrap_Pages/VT_Bootstrap/ACHPersonal/input_userDefined4'

2022-04-01 01:02:51 - [MESSAGE][PASSED] - All options with label 'Yellow' are selected in object 'Object Repository/AdminSuiteBootstrap_Pages/VT_Bootstrap/ACHPersonal/select_UDF5'  using regular expression

2022-04-01 01:02:52 - [MESSAGE][PASSED] - All options with label 'Orange' are selected in object 'Object Repository/AdminSuiteBootstrap_Pages/VT_Bootstrap/ACHPersonal/select_UDF6'  using regular expression

2022-04-01 01:02:53 - [MESSAGE][PASSED] - Text 'Netherlands' is set on object 'Object Repository/AdminSuiteBootstrap_Pages/VT_Bootstrap/ACHPersonal/input_userDefined7'

2022-04-01 01:02:53 - [MESSAGE][PASSED] - Text 'Norway' is set on object 'Object Repository/AdminSuiteBootstrap_Pages/VT_Bootstrap/ACHPersonal/input_userDefined8'

2022-04-01 01:02:54 - [MESSAGE][PASSED] - Text 'France' is set on object 'Object Repository/AdminSuiteBootstrap_Pages/VT_Bootstrap/ACHPersonal/input_userDefined9'

2022-04-01 01:02:55 - [MESSAGE][PASSED] - Text 'Switzerland' is set on object 'Object Repository/AdminSuiteBootstrap_Pages/VT_Bootstrap/ACHPersonal/input_userDefined10'

2022-04-01 01:02:56 - [MESSAGE][PASSED] - Object: 'Object Repository/AdminSuiteBootstrap_Pages/VT_Bootstrap/ACHPersonal/button_Submit' is clicked on

2022-04-01 01:02:56 - [MESSAGE][PASSED] - adminSuiteBootstrap.debitPersonalsetData.debitPersonal_DataDriven is PASSED

2022-04-01 01:02:56 - [TEST_STEP][PASSED] - verifyTextPresent("Transaction Successful", true): Text 'Transaction Successful' is present on page  using regular expression

2022-04-01 01:02:56 - [MESSAGE][PASSED] - Text 'Transaction Successful' is present on page  using regular expression

2022-04-01 01:02:56 - [TEST_STEP][PASSED] - verifyTextPresent("Remittance ID", true): Text 'Remittance ID' is present on page  using regular expression

2022-04-01 01:02:57 - [MESSAGE][PASSED] - Text 'Remittance ID' is present on page  using regular expression

2022-04-01 01:02:57 - [TEST_STEP][PASSED] - verifyTextPresent("Received", true): Text 'Received' is present on page  using regular expression

2022-04-01 01:02:57 - [MESSAGE][PASSED] - Text 'Received' is present on page  using regular expression

2022-04-01 01:02:57 - [TEST_STEP][PASSED] - verifyTextPresent("UDF1", true): Text 'UDF1' is present on page  using regular expression

2022-04-01 01:02:57 - [MESSAGE][PASSED] - Text 'UDF1' is present on page  using regular expression

2022-04-01 01:02:57 - [TEST_STEP][PASSED] - verifyTextPresent("UDF2", true): Text 'UDF2' is present on page  using regular expression

2022-04-01 01:02:58 - [MESSAGE][PASSED] - Text 'UDF2' is present on page  using regular expression

2022-04-01 01:02:58 - [TEST_STEP][PASSED] - verifyTextPresent("UDF3", true): Text 'UDF3' is present on page  using regular expression

2022-04-01 01:02:58 - [MESSAGE][PASSED] - Text 'UDF3' is present on page  using regular expression

2022-04-01 01:02:58 - [TEST_STEP][PASSED] - verifyTextPresent("UDF4", true): Text 'UDF4' is present on page  using regular expression

2022-04-01 01:02:58 - [MESSAGE][PASSED] - Text 'UDF4' is present on page  using regular expression

2022-04-01 01:02:58 - [TEST_STEP][PASSED] - verifyTextPresent("UDF5", true): Text 'UDF5' is present on page  using regular expression

2022-04-01 01:02:59 - [MESSAGE][PASSED] - Text 'UDF5' is present on page  using regular expression

2022-04-01 01:02:59 - [TEST_STEP][PASSED] - verifyTextPresent("UDF6", true): Text 'UDF6' is present on page  using regular expression

2022-04-01 01:02:59 - [MESSAGE][PASSED] - Text 'UDF6' is present on page  using regular expression

2022-04-01 01:02:59 - [TEST_STEP][PASSED] - verifyTextPresent("UDF7", true): Text 'UDF7' is present on page  using regular expression

2022-04-01 01:03:00 - [MESSAGE][PASSED] - Text 'UDF7' is present on page  using regular expression

2022-04-01 01:03:00 - [TEST_STEP][PASSED] - verifyTextPresent("UDF8", true): Text 'UDF8' is present on page  using regular expression

2022-04-01 01:03:00 - [MESSAGE][PASSED] - Text 'UDF8' is present on page  using regular expression

2022-04-01 01:03:00 - [TEST_STEP][PASSED] - verifyTextPresent("UDF9", true): Text 'UDF9' is present on page  using regular expression

2022-04-01 01:03:00 - [MESSAGE][PASSED] - Text 'UDF9' is present on page  using regular expression

2022-04-01 01:03:00 - [TEST_STEP][PASSED] - verifyTextPresent("UDF 10", true): Text 'UDF 10' is present on page  using regular expression

2022-04-01 01:03:01 - [MESSAGE][PASSED] - Text 'UDF 10' is present on page  using regular expression

2022-04-01 01:03:01 - [TEST_STEP][PASSED] - verifyTextPresent("Australia", true): Text 'Australia' is present on page  using regular expression

2022-04-01 01:03:01 - [MESSAGE][PASSED] - Text 'Australia' is present on page  using regular expression

2022-04-01 01:03:01 - [TEST_STEP][PASSED] - verifyTextPresent("Denmark", true): Text 'Denmark' is present on page  using regular expression

2022-04-01 01:03:01 - [MESSAGE][PASSED] - Text 'Denmark' is present on page  using regular expression

2022-04-01 01:03:01 - [TEST_STEP][PASSED] - verifyTextPresent("Sweden", true): Text 'Sweden' is present on page  using regular expression

2022-04-01 01:03:02 - [MESSAGE][PASSED] - Text 'Sweden' is present on page  using regular expression

2022-04-01 01:03:02 - [TEST_STEP][PASSED] - verifyTextPresent("Austria", true): Text 'Austria' is present on page  using regular expression

2022-04-01 01:03:02 - [MESSAGE][PASSED] - Text 'Austria' is present on page  using regular expression

2022-04-01 01:03:02 - [TEST_STEP][PASSED] - verifyTextPresent("Orange Recorded", true): Text 'Orange Recorded' is present on page  using regular expression

2022-04-01 01:03:02 - [MESSAGE][PASSED] - Text 'Orange Recorded' is present on page  using regular expression

2022-04-01 01:03:02 - [TEST_STEP][PASSED] - verifyTextPresent("Yellow Recorded", true): Text 'Yellow Recorded' is present on page  using regular expression

2022-04-01 01:03:03 - [MESSAGE][PASSED] - Text 'Yellow Recorded' is present on page  using regular expression

2022-04-01 01:03:03 - [TEST_STEP][PASSED] - verifyTextPresent("Norway", true): Text 'Norway' is present on page  using regular expression

2022-04-01 01:03:03 - [MESSAGE][PASSED] - Text 'Norway' is present on page  using regular expression

2022-04-01 01:03:03 - [TEST_STEP][PASSED] - verifyTextPresent("Netherlands", true): Text 'Netherlands' is present on page  using regular expression

2022-04-01 01:03:03 - [MESSAGE][PASSED] - Text 'Netherlands' is present on page  using regular expression

2022-04-01 01:03:03 - [TEST_STEP][PASSED] - verifyTextPresent("Switzerland", true): Text 'Switzerland' is present on page  using regular expression

2022-04-01 01:03:04 - [MESSAGE][PASSED] - Text 'Switzerland' is present on page  using regular expression

2022-04-01 01:03:04 - [TEST_STEP][PASSED] - verifyTextPresent("France", true): Text 'France' is present on page  using regular expression

2022-04-01 01:03:04 - [MESSAGE][PASSED] - Text 'France' is present on page  using regular expression

2022-04-01 01:03:04 - [TEST_STEP][PASSED] - verifyTextPresent("Amount", true): Text 'Amount' is present on page  using regular expression

2022-04-01 01:03:04 - [MESSAGE][PASSED] - Text 'Amount' is present on page  using regular expression

2022-04-01 01:03:04 - [TEST_STEP][PASSED] - verifyTextPresent("Service Fee", true): Text 'Service Fee' is present on page  using regular expression

2022-04-01 01:03:05 - [MESSAGE][PASSED] - Text 'Service Fee' is present on page  using regular expression

2022-04-01 01:03:05 - [TEST_STEP][PASSED] - verifyTextPresent("Service Fee Type", true): Text 'Service Fee Type' is present on page  using regular expression

2022-04-01 01:03:05 - [MESSAGE][PASSED] - Text 'Service Fee Type' is present on page  using regular expression

2022-04-01 01:03:05 - [TEST_STEP][PASSED] - verifyTextPresent("Total Amount", true): Text 'Total Amount' is present on page  using regular expression

2022-04-01 01:03:05 - [MESSAGE][PASSED] - Text 'Total Amount' is present on page  using regular expression

2022-04-01 01:03:05 - [TEST_STEP][PASSED] - verifyTextPresent("Transaction Type", true): Text 'Transaction Type' is present on page  using regular expression

2022-04-01 01:03:06 - [MESSAGE][PASSED] - Text 'Transaction Type' is present on page  using regular expression

2022-04-01 01:03:06 - [TEST_STEP][PASSED] - verifyTextPresent("11.50", true): Text '11.50' is present on page  using regular expression

2022-04-01 01:03:06 - [MESSAGE][PASSED] - Text '11.50' is present on page  using regular expression

2022-04-01 01:03:06 - [TEST_STEP][PASSED] - verifyTextPresent("5.00", true): Text '5.00' is present on page  using regular expression

2022-04-01 01:03:06 - [MESSAGE][PASSED] - Text '5.00' is present on page  using regular expression

2022-04-01 01:03:06 - [TEST_STEP][PASSED] - verifyTextPresent("Single Transaction", true): Text 'Single Transaction' is present on page  using regular expression

2022-04-01 01:03:07 - [MESSAGE][PASSED] - Text 'Single Transaction' is present on page  using regular expression

2022-04-01 01:03:07 - [TEST_STEP][PASSED] - verifyTextPresent("16.50", true): Text '16.50' is present on page  using regular expression

2022-04-01 01:03:07 - [MESSAGE][PASSED] - Text '16.50' is present on page  using regular expression

2022-04-01 01:03:07 - [TEST_STEP][PASSED] - verifyTextPresent("Debit", true): Text 'Debit' is present on page  using regular expression

2022-04-01 01:03:07 - [MESSAGE][PASSED] - Text 'Debit' is present on page  using regular expression

2022-04-01 01:03:07 - [TEST_STEP][PASSED] - verifyTextPresent("Check Information", true): Text 'Check Information' is present on page  using regular expression

2022-04-01 01:03:08 - [MESSAGE][PASSED] - Text 'Check Information' is present on page  using regular expression

2022-04-01 01:03:08 - [TEST_STEP][PASSED] - verifyTextPresent("Account Type", true): Text 'Account Type' is present on page  using regular expression

2022-04-01 01:03:08 - [MESSAGE][PASSED] - Text 'Account Type' is present on page  using regular expression

2022-04-01 01:03:08 - [TEST_STEP][PASSED] - verifyTextPresent("Account Number", true): Text 'Account Number' is present on page  using regular expression

2022-04-01 01:03:08 - [MESSAGE][PASSED] - Text 'Account Number' is present on page  using regular expression

2022-04-01 01:03:08 - [TEST_STEP][PASSED] - verifyTextPresent("Routing Number", true): Text 'Routing Number' is present on page  using regular expression

2022-04-01 01:03:09 - [MESSAGE][PASSED] - Text 'Routing Number' is present on page  using regular expression

2022-04-01 01:03:09 - [TEST_STEP][PASSED] - verifyTextPresent("2691", true): Text '2691' is present on page  using regular expression

2022-04-01 01:03:09 - [MESSAGE][PASSED] - Text '2691' is present on page  using regular expression

2022-04-01 01:03:09 - [TEST_STEP][PASSED] - cardNameV = findTestData(dataFile).getValue("NameV", row): null

2022-04-01 01:03:09 - [TEST_STEP][PASSED] - al1V = findTestData(dataFile).getValue("AL1", row): null

2022-04-01 01:03:09 - [TEST_STEP][PASSED] - al2V = findTestData(dataFile).getValue("AL2", row): null

2022-04-01 01:03:09 - [TEST_STEP][PASSED] - last4V = findTestData(dataFile).getValue("Last4", row): null

2022-04-01 01:03:09 - [TEST_STEP][PASSED] - accType = findTestData(dataFile).getValue("AccountType", row): null

2022-04-01 01:03:09 - [TEST_STEP][PASSED] - verifyTextPresent(cardNameV, true): Text 'VERONIKA INOUYE' is present on page  using regular expression

2022-04-01 01:03:10 - [MESSAGE][PASSED] - Text 'VERONIKA INOUYE' is present on page  using regular expression

2022-04-01 01:03:10 - [TEST_STEP][PASSED] - verifyTextPresent("Address Line 1", true): Text 'Address Line 1' is present on page  using regular expression

2022-04-01 01:03:10 - [MESSAGE][PASSED] - Text 'Address Line 1' is present on page  using regular expression

2022-04-01 01:03:10 - [TEST_STEP][PASSED] - verifyTextPresent("Address Line 2", true): Text 'Address Line 2' is present on page  using regular expression

2022-04-01 01:03:10 - [MESSAGE][PASSED] - Text 'Address Line 2' is present on page  using regular expression

2022-04-01 01:03:10 - [TEST_STEP][PASSED] - verifyTextPresent("Country", true): Text 'Country' is present on page  using regular expression

2022-04-01 01:03:11 - [MESSAGE][PASSED] - Text 'Country' is present on page  using regular expression

2022-04-01 01:03:11 - [TEST_STEP][PASSED] - verifyTextPresent("City", true): Text 'City' is present on page  using regular expression

2022-04-01 01:03:11 - [MESSAGE][PASSED] - Text 'City' is present on page  using regular expression

2022-04-01 01:03:11 - [TEST_STEP][PASSED] - verifyTextPresent("State", true): Text 'State' is present on page  using regular expression

2022-04-01 01:03:11 - [MESSAGE][PASSED] - Text 'State' is present on page  using regular expression

2022-04-01 01:03:11 - [TEST_STEP][PASSED] - verifyTextPresent("ZIP Code", true): Text 'ZIP Code' is present on page  using regular expression

2022-04-01 01:03:12 - [MESSAGE][PASSED] - Text 'ZIP Code' is present on page  using regular expression

2022-04-01 01:03:12 - [TEST_STEP][PASSED] - verifyTextPresent(al1V, true): Text '6 Greenleaf Ave' is present on page  using regular expression

2022-04-01 01:03:12 - [MESSAGE][PASSED] - Text '6 Greenleaf Ave' is present on page  using regular expression

2022-04-01 01:03:12 - [TEST_STEP][PASSED] - verifyTextPresent(al2V, true): Text 'apt #3' is present on page  using regular expression

2022-04-01 01:03:12 - [MESSAGE][PASSED] - Text 'apt #3' is present on page  using regular expression

2022-04-01 01:03:12 - [TEST_STEP][PASSED] - verifyTextPresent("United States", true): Text 'United States' is present on page  using regular expression

2022-04-01 01:03:13 - [MESSAGE][PASSED] - Text 'United States' is present on page  using regular expression

2022-04-01 01:03:13 - [TEST_STEP][PASSED] - verifyTextPresent("ARLINGTON", true): Text 'ARLINGTON' is present on page  using regular expression

2022-04-01 01:03:13 - [MESSAGE][PASSED] - Text 'ARLINGTON' is present on page  using regular expression

2022-04-01 01:03:13 - [TEST_STEP][PASSED] - verifyTextPresent("Virginia", true): Text 'Virginia' is present on page  using regular expression

2022-04-01 01:03:13 - [MESSAGE][PASSED] - Text 'Virginia' is present on page  using regular expression

2022-04-01 01:03:13 - [TEST_STEP][PASSED] - verifyTextPresent("22201", true): Text '22201' is present on page  using regular expression

2022-04-01 01:03:14 - [MESSAGE][PASSED] - Text '22201' is present on page  using regular expression

2022-04-01 01:03:14 - [TEST_STEP][PASSED] - verifyTextPresent(accType, true): Text 'Checking' is present on page  using regular expression

2022-04-01 01:03:14 - [MESSAGE][PASSED] - Text 'Checking' is present on page  using regular expression

2022-04-01 01:03:14 - [TEST_STEP][PASSED] - verifyTextPresent(last4V, true): Text '2002' is present on page  using regular expression

2022-04-01 01:03:14 - [MESSAGE][PASSED] - Text '2002' is present on page  using regular expression

2022-04-01 01:03:14 - [TEST_STEP][PASSED] - closeBrowser(): Browser is closed

2022-04-01 01:03:15 - [MESSAGE][PASSED] - Browser is closed

2022-04-01 01:03:15 - [TEST_STEP][PASSED] - ExecuteTC = findTestData(dataFile).getValue("Execute", row): null

2022-04-01 01:03:15 - [TEST_STEP][PASSED] - out.println("Value of Execute is : " + ExecuteTC): null

2022-04-01 01:03:15 - [TEST_STEP][PASSED] - switch (executionProfile): null

2022-04-01 01:03:15 - [TEST_STEP][PASSED] - case "QAProfile":: null

2022-04-01 01:03:15 - [TEST_STEP][PASSED] - appName = findTestData(dataFile).getValue("AppNameQA", row): null

2022-04-01 01:03:15 - [TEST_STEP][PASSED] - appID = findTestData(dataFile).getValue("AppIDQA", row): null

2022-04-01 01:03:15 - [TEST_STEP][PASSED] - break: null

2022-04-01 01:03:15 - [TEST_STEP][PASSED] - hrefAppID = li_1 + appID + li_2: null

2022-04-01 01:03:15 - [TEST_STEP][PASSED] - hrefApp = li_1 + appID + "/": null

2022-04-01 01:03:15 - [TEST_STEP][PASSED] - println("hrefApp : " + hrefApp): null

2022-04-01 01:03:15 - [TEST_STEP][PASSED] - if (ExecuteTC.equalsIgnoreCase("Y")): Browser is closed

2022-04-01 01:03:15 - [TEST_STEP][PASSED] - out.println("Begin Record Number: " + row): null

2022-04-01 01:03:15 - [TEST_STEP][PASSED] - today = new java.util.Date(): null

2022-04-01 01:03:15 - [TEST_STEP][PASSED] - println(today): null

2022-04-01 01:03:15 - [TEST_STEP][PASSED] - datText = today: null

2022-04-01 01:03:15 - [TEST_STEP][PASSED] - adminSuiteBootstrap.loginFunctionality.login_AdminSuite(): adminSuiteBootstrap.loginFunctionality.login_AdminSuite is PASSED

2022-04-01 01:03:15 - [MESSAGE][INFO] - Starting 'Chrome' driver

2022-04-01 01:03:15 - [MESSAGE][INFO] - User set preference: ['acceptInsecureCerts', 'true']

2022-04-01 01:03:15 - [MESSAGE][INFO] - Action delay is set to 0 milliseconds

2022-04-01 01:03:19 - [MESSAGE][PASSED] - Browser is opened with url: 'https://qa.velocitypayment.com/admin/imtiaz'

2022-04-01 01:03:19 - [MESSAGE][PASSED] - Current window maximized

2022-04-01 01:03:19 - [MESSAGE][PASSED] - Object 'Object Repository/Login_Page/Login_Username' is present

2022-04-01 01:03:20 - [MESSAGE][PASSED] - Text 'iahmed' is set on object 'Object Repository/Login_Page/Login_Username'

2022-04-01 01:03:21 - [MESSAGE][PASSED] - Text 'hello2222' is set on object 'Object Repository/Login_Page/Login_Password'

2022-04-01 01:03:24 - [MESSAGE][PASSED] - Object: 'Object Repository/Login_Page/Login_Submit' is clicked on

2022-04-01 01:03:24 - [MESSAGE][PASSED] - adminSuiteBootstrap.loginFunctionality.login_AdminSuite is PASSED

2022-04-01 01:03:24 - [TEST_STEP][PASSED] - click(findTestObject(path_Dashboard + appName)): Object: 'Object Repository/AdminSuiteBootstrap_Pages/Dashboard_Bootstrap/a_Access AutoSingleCFtpQA' is clicked on

2022-04-01 01:03:25 - [MESSAGE][PASSED] - Object: 'Object Repository/AdminSuiteBootstrap_Pages/Dashboard_Bootstrap/a_Access AutoSingleCFtpQA' is clicked on

2022-04-01 01:03:25 - [TEST_STEP][PASSED] - click(findTestObject(path_VT + "button_Debit")): Object: 'Object Repository/AdminSuiteBootstrap_Pages/VT_Bootstrap/IssueTransactions/button_Debit' is clicked on

2022-04-01 01:03:26 - [MESSAGE][PASSED] - Object: 'Object Repository/AdminSuiteBootstrap_Pages/VT_Bootstrap/IssueTransactions/button_Debit' is clicked on

2022-04-01 01:03:26 - [TEST_STEP][PASSED] - click(findTestObject(path_VT + "a_Personal")): Object: 'Object Repository/AdminSuiteBootstrap_Pages/VT_Bootstrap/IssueTransactions/a_Personal' is clicked on

2022-04-01 01:03:28 - [MESSAGE][PASSED] - Object: 'Object Repository/AdminSuiteBootstrap_Pages/VT_Bootstrap/IssueTransactions/a_Personal' is clicked on

2022-04-01 01:03:28 - [TEST_STEP][PASSED] - adminSuiteBootstrap.debitPersonalsetData.debitPersonal_DataDriven(row, dataFile): adminSuiteBootstrap.debitPersonalsetData.debitPersonal_DataDriven is PASSED

2022-04-01 01:03:30 - [MESSAGE][PASSED] - Text 'Bette' is set on object 'Object Repository/AdminSuiteBootstrap_Pages/VT_Bootstrap/ACHPersonal/input_firstName'

2022-04-01 01:03:30 - [MESSAGE][PASSED] - Text 'Nicka' is set on object 'Object Repository/AdminSuiteBootstrap_Pages/VT_Bootstrap/ACHPersonal/input_lastName'

2022-04-01 01:03:31 - [MESSAGE][PASSED] - Text '6 S 33rd St' is set on object 'Object Repository/AdminSuiteBootstrap_Pages/VT_Bootstrap/ACHPersonal/input_address'

2022-04-01 01:03:32 - [MESSAGE][PASSED] - Text 'apt #2' is set on object 'Object Repository/AdminSuiteBootstrap_Pages/VT_Bootstrap/ACHPersonal/input_address2'

2022-04-01 01:03:32 - [MESSAGE][PASSED] - Text '22201' is set on object 'Object Repository/AdminSuiteBootstrap_Pages/VT_Bootstrap/ACHPersonal/input_zip'

2022-04-01 01:03:33 - [MESSAGE][PASSED] - Text '' is set on object 'Object Repository/AdminSuiteBootstrap_Pages/VT_Bootstrap/ACHPersonal/input_emailAddress'

2022-04-01 01:03:35 - [MESSAGE][PASSED] - Text '' is set on object 'Object Repository/AdminSuiteBootstrap_Pages/VT_Bootstrap/ACHPersonal/input_smsNumber'

2022-04-01 01:03:35 - [MESSAGE][PASSED] - Text '45682003' is set on object 'Object Repository/AdminSuiteBootstrap_Pages/VT_Bootstrap/ACHPersonal/input_accountNumber'

2022-04-01 01:03:36 - [MESSAGE][PASSED] - Text '256072691' is set on object 'Object Repository/AdminSuiteBootstrap_Pages/VT_Bootstrap/ACHPersonal/input_routingNumber'

2022-04-01 01:03:37 - [MESSAGE][PASSED] - All options with label 'Savings' are selected in object 'Object Repository/AdminSuiteBootstrap_Pages/VT_Bootstrap/ACHPersonal/select_AccountType'  using regular expression

2022-04-01 01:03:39 - [MESSAGE][PASSED] - All options with label 'PPD - Prearranged Payment and Deposit Entry' are selected in object 'Object Repository/AdminSuiteBootstrap_Pages/VT_Bootstrap/ACHPersonal/select_STD'  using regular expression

2022-04-01 01:03:39 - [MESSAGE][PASSED] - Text '11.5' is set on object 'Object Repository/AdminSuiteBootstrap_Pages/VT_Bootstrap/ACHPersonal/input_amount'

2022-04-01 01:03:41 - [MESSAGE][PASSED] - Text 'Denmark' is set on object 'Object Repository/AdminSuiteBootstrap_Pages/VT_Bootstrap/ACHPersonal/input_userDefined1'

2022-04-01 01:03:42 - [MESSAGE][PASSED] - Text 'Australia' is set on object 'Object Repository/AdminSuiteBootstrap_Pages/VT_Bootstrap/ACHPersonal/input_userDefined2'

2022-04-01 01:03:42 - [MESSAGE][PASSED] - Text 'Austria' is set on object 'Object Repository/AdminSuiteBootstrap_Pages/VT_Bootstrap/ACHPersonal/input_userDefined3'

2022-04-01 01:03:43 - [MESSAGE][PASSED] - Text 'Sweden' is set on object 'Object Repository/AdminSuiteBootstrap_Pages/VT_Bootstrap/ACHPersonal/input_userDefined4'

2022-04-01 01:03:44 - [MESSAGE][PASSED] - All options with label 'Yellow' are selected in object 'Object Repository/AdminSuiteBootstrap_Pages/VT_Bootstrap/ACHPersonal/select_UDF5'  using regular expression

2022-04-01 01:03:45 - [MESSAGE][PASSED] - All options with label 'Orange' are selected in object 'Object Repository/AdminSuiteBootstrap_Pages/VT_Bootstrap/ACHPersonal/select_UDF6'  using regular expression

2022-04-01 01:03:46 - [MESSAGE][PASSED] - Text 'Netherlands' is set on object 'Object Repository/AdminSuiteBootstrap_Pages/VT_Bootstrap/ACHPersonal/input_userDefined7'

2022-04-01 01:03:46 - [MESSAGE][PASSED] - Text 'Norway' is set on object 'Object Repository/AdminSuiteBootstrap_Pages/VT_Bootstrap/ACHPersonal/input_userDefined8'

2022-04-01 01:03:47 - [MESSAGE][PASSED] - Text 'France' is set on object 'Object Repository/AdminSuiteBootstrap_Pages/VT_Bootstrap/ACHPersonal/input_userDefined9'

2022-04-01 01:03:48 - [MESSAGE][PASSED] - Text 'Switzerland' is set on object 'Object Repository/AdminSuiteBootstrap_Pages/VT_Bootstrap/ACHPersonal/input_userDefined10'

2022-04-01 01:03:50 - [MESSAGE][PASSED] - Object: 'Object Repository/AdminSuiteBootstrap_Pages/VT_Bootstrap/ACHPersonal/button_Submit' is clicked on

2022-04-01 01:03:50 - [MESSAGE][PASSED] - adminSuiteBootstrap.debitPersonalsetData.debitPersonal_DataDriven is PASSED

2022-04-01 01:03:50 - [TEST_STEP][PASSED] - verifyTextPresent("Transaction Successful", true): Text 'Transaction Successful' is present on page  using regular expression

2022-04-01 01:03:50 - [MESSAGE][PASSED] - Text 'Transaction Successful' is present on page  using regular expression

2022-04-01 01:03:50 - [TEST_STEP][PASSED] - verifyTextPresent("Remittance ID", true): Text 'Remittance ID' is present on page  using regular expression

2022-04-01 01:03:51 - [MESSAGE][PASSED] - Text 'Remittance ID' is present on page  using regular expression

2022-04-01 01:03:51 - [TEST_STEP][PASSED] - verifyTextPresent("Received", true): Text 'Received' is present on page  using regular expression

2022-04-01 01:03:51 - [MESSAGE][PASSED] - Text 'Received' is present on page  using regular expression

2022-04-01 01:03:51 - [TEST_STEP][PASSED] - verifyTextPresent("UDF1", true): Text 'UDF1' is present on page  using regular expression

2022-04-01 01:03:51 - [MESSAGE][PASSED] - Text 'UDF1' is present on page  using regular expression

2022-04-01 01:03:51 - [TEST_STEP][PASSED] - verifyTextPresent("UDF2", true): Text 'UDF2' is present on page  using regular expression

2022-04-01 01:03:52 - [MESSAGE][PASSED] - Text 'UDF2' is present on page  using regular expression

2022-04-01 01:03:52 - [TEST_STEP][PASSED] - verifyTextPresent("UDF3", true): Text 'UDF3' is present on page  using regular expression

2022-04-01 01:03:52 - [MESSAGE][PASSED] - Text 'UDF3' is present on page  using regular expression

2022-04-01 01:03:52 - [TEST_STEP][PASSED] - verifyTextPresent("UDF4", true): Text 'UDF4' is present on page  using regular expression

2022-04-01 01:03:52 - [MESSAGE][PASSED] - Text 'UDF4' is present on page  using regular expression

2022-04-01 01:03:52 - [TEST_STEP][PASSED] - verifyTextPresent("UDF5", true): Text 'UDF5' is present on page  using regular expression

2022-04-01 01:03:53 - [MESSAGE][PASSED] - Text 'UDF5' is present on page  using regular expression

2022-04-01 01:03:53 - [TEST_STEP][PASSED] - verifyTextPresent("UDF6", true): Text 'UDF6' is present on page  using regular expression

2022-04-01 01:03:53 - [MESSAGE][PASSED] - Text 'UDF6' is present on page  using regular expression

2022-04-01 01:03:53 - [TEST_STEP][PASSED] - verifyTextPresent("UDF7", true): Text 'UDF7' is present on page  using regular expression

2022-04-01 01:03:53 - [MESSAGE][PASSED] - Text 'UDF7' is present on page  using regular expression

2022-04-01 01:03:53 - [TEST_STEP][PASSED] - verifyTextPresent("UDF8", true): Text 'UDF8' is present on page  using regular expression

2022-04-01 01:03:54 - [MESSAGE][PASSED] - Text 'UDF8' is present on page  using regular expression

2022-04-01 01:03:54 - [TEST_STEP][PASSED] - verifyTextPresent("UDF9", true): Text 'UDF9' is present on page  using regular expression

2022-04-01 01:03:54 - [MESSAGE][PASSED] - Text 'UDF9' is present on page  using regular expression

2022-04-01 01:03:54 - [TEST_STEP][PASSED] - verifyTextPresent("UDF 10", true): Text 'UDF 10' is present on page  using regular expression

2022-04-01 01:03:55 - [MESSAGE][PASSED] - Text 'UDF 10' is present on page  using regular expression

2022-04-01 01:03:55 - [TEST_STEP][PASSED] - verifyTextPresent("Australia", true): Text 'Australia' is present on page  using regular expression

2022-04-01 01:03:55 - [MESSAGE][PASSED] - Text 'Australia' is present on page  using regular expression

2022-04-01 01:03:55 - [TEST_STEP][PASSED] - verifyTextPresent("Denmark", true): Text 'Denmark' is present on page  using regular expression

2022-04-01 01:03:55 - [MESSAGE][PASSED] - Text 'Denmark' is present on page  using regular expression

2022-04-01 01:03:55 - [TEST_STEP][PASSED] - verifyTextPresent("Sweden", true): Text 'Sweden' is present on page  using regular expression

2022-04-01 01:03:56 - [MESSAGE][PASSED] - Text 'Sweden' is present on page  using regular expression

2022-04-01 01:03:56 - [TEST_STEP][PASSED] - verifyTextPresent("Austria", true): Text 'Austria' is present on page  using regular expression

2022-04-01 01:03:56 - [MESSAGE][PASSED] - Text 'Austria' is present on page  using regular expression

2022-04-01 01:03:56 - [TEST_STEP][PASSED] - verifyTextPresent("Orange Recorded", true): Text 'Orange Recorded' is present on page  using regular expression

2022-04-01 01:03:56 - [MESSAGE][PASSED] - Text 'Orange Recorded' is present on page  using regular expression

2022-04-01 01:03:56 - [TEST_STEP][PASSED] - verifyTextPresent("Yellow Recorded", true): Text 'Yellow Recorded' is present on page  using regular expression

2022-04-01 01:03:57 - [MESSAGE][PASSED] - Text 'Yellow Recorded' is present on page  using regular expression

2022-04-01 01:03:57 - [TEST_STEP][PASSED] - verifyTextPresent("Norway", true): Text 'Norway' is present on page  using regular expression

2022-04-01 01:03:57 - [MESSAGE][PASSED] - Text 'Norway' is present on page  using regular expression

2022-04-01 01:03:57 - [TEST_STEP][PASSED] - verifyTextPresent("Netherlands", true): Text 'Netherlands' is present on page  using regular expression

2022-04-01 01:03:57 - [MESSAGE][PASSED] - Text 'Netherlands' is present on page  using regular expression

2022-04-01 01:03:57 - [TEST_STEP][PASSED] - verifyTextPresent("Switzerland", true): Text 'Switzerland' is present on page  using regular expression

2022-04-01 01:03:58 - [MESSAGE][PASSED] - Text 'Switzerland' is present on page  using regular expression

2022-04-01 01:03:58 - [TEST_STEP][PASSED] - verifyTextPresent("France", true): Text 'France' is present on page  using regular expression

2022-04-01 01:03:58 - [MESSAGE][PASSED] - Text 'France' is present on page  using regular expression

2022-04-01 01:03:58 - [TEST_STEP][PASSED] - verifyTextPresent("Amount", true): Text 'Amount' is present on page  using regular expression

2022-04-01 01:03:58 - [MESSAGE][PASSED] - Text 'Amount' is present on page  using regular expression

2022-04-01 01:03:58 - [TEST_STEP][PASSED] - verifyTextPresent("Service Fee", true): Text 'Service Fee' is present on page  using regular expression

2022-04-01 01:03:59 - [MESSAGE][PASSED] - Text 'Service Fee' is present on page  using regular expression

2022-04-01 01:03:59 - [TEST_STEP][PASSED] - verifyTextPresent("Service Fee Type", true): Text 'Service Fee Type' is present on page  using regular expression

2022-04-01 01:03:59 - [MESSAGE][PASSED] - Text 'Service Fee Type' is present on page  using regular expression

2022-04-01 01:03:59 - [TEST_STEP][PASSED] - verifyTextPresent("Total Amount", true): Text 'Total Amount' is present on page  using regular expression

2022-04-01 01:03:59 - [MESSAGE][PASSED] - Text 'Total Amount' is present on page  using regular expression

2022-04-01 01:03:59 - [TEST_STEP][PASSED] - verifyTextPresent("Transaction Type", true): Text 'Transaction Type' is present on page  using regular expression

2022-04-01 01:04:00 - [MESSAGE][PASSED] - Text 'Transaction Type' is present on page  using regular expression

2022-04-01 01:04:00 - [TEST_STEP][PASSED] - verifyTextPresent("11.50", true): Text '11.50' is present on page  using regular expression

2022-04-01 01:04:00 - [MESSAGE][PASSED] - Text '11.50' is present on page  using regular expression

2022-04-01 01:04:00 - [TEST_STEP][PASSED] - verifyTextPresent("5.00", true): Text '5.00' is present on page  using regular expression

2022-04-01 01:04:00 - [MESSAGE][PASSED] - Text '5.00' is present on page  using regular expression

2022-04-01 01:04:00 - [TEST_STEP][PASSED] - verifyTextPresent("Single Transaction", true): Text 'Single Transaction' is present on page  using regular expression

2022-04-01 01:04:01 - [MESSAGE][PASSED] - Text 'Single Transaction' is present on page  using regular expression

2022-04-01 01:04:01 - [TEST_STEP][PASSED] - verifyTextPresent("16.50", true): Text '16.50' is present on page  using regular expression

2022-04-01 01:04:01 - [MESSAGE][PASSED] - Text '16.50' is present on page  using regular expression

2022-04-01 01:04:01 - [TEST_STEP][PASSED] - verifyTextPresent("Debit", true): Text 'Debit' is present on page  using regular expression

2022-04-01 01:04:01 - [MESSAGE][PASSED] - Text 'Debit' is present on page  using regular expression

2022-04-01 01:04:01 - [TEST_STEP][PASSED] - verifyTextPresent("Check Information", true): Text 'Check Information' is present on page  using regular expression

2022-04-01 01:04:02 - [MESSAGE][PASSED] - Text 'Check Information' is present on page  using regular expression

2022-04-01 01:04:02 - [TEST_STEP][PASSED] - verifyTextPresent("Account Type", true): Text 'Account Type' is present on page  using regular expression

2022-04-01 01:04:02 - [MESSAGE][PASSED] - Text 'Account Type' is present on page  using regular expression

2022-04-01 01:04:02 - [TEST_STEP][PASSED] - verifyTextPresent("Account Number", true): Text 'Account Number' is present on page  using regular expression

2022-04-01 01:04:02 - [MESSAGE][PASSED] - Text 'Account Number' is present on page  using regular expression

2022-04-01 01:04:02 - [TEST_STEP][PASSED] - verifyTextPresent("Routing Number", true): Text 'Routing Number' is present on page  using regular expression

2022-04-01 01:04:03 - [MESSAGE][PASSED] - Text 'Routing Number' is present on page  using regular expression

2022-04-01 01:04:03 - [TEST_STEP][PASSED] - verifyTextPresent("2691", true): Text '2691' is present on page  using regular expression

2022-04-01 01:04:03 - [MESSAGE][PASSED] - Text '2691' is present on page  using regular expression

2022-04-01 01:04:03 - [TEST_STEP][PASSED] - cardNameV = findTestData(dataFile).getValue("NameV", row): null

2022-04-01 01:04:03 - [TEST_STEP][PASSED] - al1V = findTestData(dataFile).getValue("AL1", row): null

2022-04-01 01:04:03 - [TEST_STEP][PASSED] - al2V = findTestData(dataFile).getValue("AL2", row): null

2022-04-01 01:04:03 - [TEST_STEP][PASSED] - last4V = findTestData(dataFile).getValue("Last4", row): null

2022-04-01 01:04:03 - [TEST_STEP][PASSED] - accType = findTestData(dataFile).getValue("AccountType", row): null

2022-04-01 01:04:03 - [TEST_STEP][PASSED] - verifyTextPresent(cardNameV, true): Text 'BETTE NICKA' is present on page  using regular expression

2022-04-01 01:04:04 - [MESSAGE][PASSED] - Text 'BETTE NICKA' is present on page  using regular expression

2022-04-01 01:04:04 - [TEST_STEP][PASSED] - verifyTextPresent("Address Line 1", true): Text 'Address Line 1' is present on page  using regular expression

2022-04-01 01:04:04 - [MESSAGE][PASSED] - Text 'Address Line 1' is present on page  using regular expression

2022-04-01 01:04:04 - [TEST_STEP][PASSED] - verifyTextPresent("Address Line 2", true): Text 'Address Line 2' is present on page  using regular expression

2022-04-01 01:04:04 - [MESSAGE][PASSED] - Text 'Address Line 2' is present on page  using regular expression

2022-04-01 01:04:04 - [TEST_STEP][PASSED] - verifyTextPresent("Country", true): Text 'Country' is present on page  using regular expression

2022-04-01 01:04:05 - [MESSAGE][PASSED] - Text 'Country' is present on page  using regular expression

2022-04-01 01:04:05 - [TEST_STEP][PASSED] - verifyTextPresent("City", true): Text 'City' is present on page  using regular expression

2022-04-01 01:04:05 - [MESSAGE][PASSED] - Text 'City' is present on page  using regular expression

2022-04-01 01:04:05 - [TEST_STEP][PASSED] - verifyTextPresent("State", true): Text 'State' is present on page  using regular expression

2022-04-01 01:04:05 - [MESSAGE][PASSED] - Text 'State' is present on page  using regular expression

2022-04-01 01:04:05 - [TEST_STEP][PASSED] - verifyTextPresent("ZIP Code", true): Text 'ZIP Code' is present on page  using regular expression

2022-04-01 01:04:06 - [MESSAGE][PASSED] - Text 'ZIP Code' is present on page  using regular expression

2022-04-01 01:04:06 - [TEST_STEP][PASSED] - verifyTextPresent(al1V, true): Text '6 S 33rd St' is present on page  using regular expression

2022-04-01 01:04:06 - [MESSAGE][PASSED] - Text '6 S 33rd St' is present on page  using regular expression

2022-04-01 01:04:06 - [TEST_STEP][PASSED] - verifyTextPresent(al2V, true): Text 'apt #2' is present on page  using regular expression

2022-04-01 01:04:06 - [MESSAGE][PASSED] - Text 'apt #2' is present on page  using regular expression

2022-04-01 01:04:06 - [TEST_STEP][PASSED] - verifyTextPresent("United States", true): Text 'United States' is present on page  using regular expression

2022-04-01 01:04:07 - [MESSAGE][PASSED] - Text 'United States' is present on page  using regular expression

2022-04-01 01:04:07 - [TEST_STEP][PASSED] - verifyTextPresent("ARLINGTON", true): Text 'ARLINGTON' is present on page  using regular expression

2022-04-01 01:04:07 - [MESSAGE][PASSED] - Text 'ARLINGTON' is present on page  using regular expression

2022-04-01 01:04:07 - [TEST_STEP][PASSED] - verifyTextPresent("Virginia", true): Text 'Virginia' is present on page  using regular expression

2022-04-01 01:04:07 - [MESSAGE][PASSED] - Text 'Virginia' is present on page  using regular expression

2022-04-01 01:04:07 - [TEST_STEP][PASSED] - verifyTextPresent("22201", true): Text '22201' is present on page  using regular expression

2022-04-01 01:04:08 - [MESSAGE][PASSED] - Text '22201' is present on page  using regular expression

2022-04-01 01:04:08 - [TEST_STEP][PASSED] - verifyTextPresent(accType, true): Text 'Savings' is present on page  using regular expression

2022-04-01 01:04:08 - [MESSAGE][PASSED] - Text 'Savings' is present on page  using regular expression

2022-04-01 01:04:08 - [TEST_STEP][PASSED] - verifyTextPresent(last4V, true): Text '2003' is present on page  using regular expression

2022-04-01 01:04:08 - [MESSAGE][PASSED] - Text '2003' is present on page  using regular expression

2022-04-01 01:04:08 - [TEST_STEP][PASSED] - closeBrowser(): Browser is closed

2022-04-01 01:04:09 - [MESSAGE][PASSED] - Browser is closed

2022-04-01 01:04:09 - [TEST_STEP][PASSED] - ExecuteTC = findTestData(dataFile).getValue("Execute", row): null

2022-04-01 01:04:09 - [TEST_STEP][PASSED] - out.println("Value of Execute is : " + ExecuteTC): null

2022-04-01 01:04:09 - [TEST_STEP][PASSED] - switch (executionProfile): null

2022-04-01 01:04:09 - [TEST_STEP][PASSED] - case "QAProfile":: null

2022-04-01 01:04:09 - [TEST_STEP][PASSED] - appName = findTestData(dataFile).getValue("AppNameQA", row): null

2022-04-01 01:04:09 - [TEST_STEP][PASSED] - appID = findTestData(dataFile).getValue("AppIDQA", row): null

2022-04-01 01:04:09 - [TEST_STEP][PASSED] - break: null

2022-04-01 01:04:09 - [TEST_STEP][PASSED] - hrefAppID = li_1 + appID + li_2: null

2022-04-01 01:04:09 - [TEST_STEP][PASSED] - hrefApp = li_1 + appID + "/": null

2022-04-01 01:04:09 - [TEST_STEP][PASSED] - println("hrefApp : " + hrefApp): null

2022-04-01 01:04:09 - [TEST_STEP][PASSED] - if (ExecuteTC.equalsIgnoreCase("Y")): Browser is closed

2022-04-01 01:04:09 - [TEST_STEP][PASSED] - out.println("Begin Record Number: " + row): null

2022-04-01 01:04:09 - [TEST_STEP][PASSED] - today = new java.util.Date(): null

2022-04-01 01:04:09 - [TEST_STEP][PASSED] - println(today): null

2022-04-01 01:04:09 - [TEST_STEP][PASSED] - datText = today: null

2022-04-01 01:04:09 - [TEST_STEP][PASSED] - adminSuiteBootstrap.loginFunctionality.login_AdminSuite(): adminSuiteBootstrap.loginFunctionality.login_AdminSuite is PASSED

2022-04-01 01:04:09 - [MESSAGE][INFO] - Starting 'Chrome' driver

2022-04-01 01:04:09 - [MESSAGE][INFO] - User set preference: ['acceptInsecureCerts', 'true']

2022-04-01 01:04:09 - [MESSAGE][INFO] - Action delay is set to 0 milliseconds

2022-04-01 01:04:12 - [MESSAGE][PASSED] - Browser is opened with url: 'https://qa.velocitypayment.com/admin/imtiaz'

2022-04-01 01:04:12 - [MESSAGE][PASSED] - Current window maximized

2022-04-01 01:04:13 - [MESSAGE][PASSED] - Object 'Object Repository/Login_Page/Login_Username' is present

2022-04-01 01:04:14 - [MESSAGE][PASSED] - Text 'iahmed' is set on object 'Object Repository/Login_Page/Login_Username'

2022-04-01 01:04:14 - [MESSAGE][PASSED] - Text 'hello2222' is set on object 'Object Repository/Login_Page/Login_Password'

2022-04-01 01:04:20 - [MESSAGE][PASSED] - Object: 'Object Repository/Login_Page/Login_Submit' is clicked on

2022-04-01 01:04:20 - [MESSAGE][PASSED] - adminSuiteBootstrap.loginFunctionality.login_AdminSuite is PASSED

2022-04-01 01:04:20 - [TEST_STEP][PASSED] - click(findTestObject(path_Dashboard + appName)): Object: 'Object Repository/AdminSuiteBootstrap_Pages/Dashboard_Bootstrap/a_Access AutoSingleCFtpQA' is clicked on

2022-04-01 01:04:21 - [MESSAGE][PASSED] - Object: 'Object Repository/AdminSuiteBootstrap_Pages/Dashboard_Bootstrap/a_Access AutoSingleCFtpQA' is clicked on

2022-04-01 01:04:21 - [TEST_STEP][PASSED] - click(findTestObject(path_VT + "button_Debit")): Object: 'Object Repository/AdminSuiteBootstrap_Pages/VT_Bootstrap/IssueTransactions/button_Debit' is clicked on

2022-04-01 01:04:22 - [MESSAGE][PASSED] - Object: 'Object Repository/AdminSuiteBootstrap_Pages/VT_Bootstrap/IssueTransactions/button_Debit' is clicked on

2022-04-01 01:04:22 - [TEST_STEP][PASSED] - click(findTestObject(path_VT + "a_Personal")): Object: 'Object Repository/AdminSuiteBootstrap_Pages/VT_Bootstrap/IssueTransactions/a_Personal' is clicked on

2022-04-01 01:04:23 - [MESSAGE][PASSED] - Object: 'Object Repository/AdminSuiteBootstrap_Pages/VT_Bootstrap/IssueTransactions/a_Personal' is clicked on

2022-04-01 01:04:23 - [TEST_STEP][PASSED] - adminSuiteBootstrap.debitPersonalsetData.debitPersonal_DataDriven(row, dataFile): adminSuiteBootstrap.debitPersonalsetData.debitPersonal_DataDriven is PASSED

2022-04-01 01:04:24 - [MESSAGE][PASSED] - Text 'Alisha' is set on object 'Object Repository/AdminSuiteBootstrap_Pages/VT_Bootstrap/ACHPersonal/input_firstName'

2022-04-01 01:04:25 - [MESSAGE][PASSED] - Text 'Slusarski' is set on object 'Object Repository/AdminSuiteBootstrap_Pages/VT_Bootstrap/ACHPersonal/input_lastName'

2022-04-01 01:04:25 - [MESSAGE][PASSED] - Text '3273 State St' is set on object 'Object Repository/AdminSuiteBootstrap_Pages/VT_Bootstrap/ACHPersonal/input_address'

2022-04-01 01:04:26 - [MESSAGE][PASSED] - Text 'apt #4' is set on object 'Object Repository/AdminSuiteBootstrap_Pages/VT_Bootstrap/ACHPersonal/input_address2'

2022-04-01 01:04:27 - [MESSAGE][PASSED] - Text '22201' is set on object 'Object Repository/AdminSuiteBootstrap_Pages/VT_Bootstrap/ACHPersonal/input_zip'

2022-04-01 01:04:28 - [MESSAGE][PASSED] - Text '' is set on object 'Object Repository/AdminSuiteBootstrap_Pages/VT_Bootstrap/ACHPersonal/input_emailAddress'

2022-04-01 01:04:29 - [MESSAGE][PASSED] - Text '' is set on object 'Object Repository/AdminSuiteBootstrap_Pages/VT_Bootstrap/ACHPersonal/input_smsNumber'

2022-04-01 01:04:30 - [MESSAGE][PASSED] - Text '45682004' is set on object 'Object Repository/AdminSuiteBootstrap_Pages/VT_Bootstrap/ACHPersonal/input_accountNumber'

2022-04-01 01:04:30 - [MESSAGE][PASSED] - Text '256072691' is set on object 'Object Repository/AdminSuiteBootstrap_Pages/VT_Bootstrap/ACHPersonal/input_routingNumber'

2022-04-01 01:04:31 - [MESSAGE][PASSED] - All options with label 'Savings' are selected in object 'Object Repository/AdminSuiteBootstrap_Pages/VT_Bootstrap/ACHPersonal/select_AccountType'  using regular expression

2022-04-01 01:04:33 - [MESSAGE][PASSED] - All options with label 'TEL - Telephone-Initiated Entry' are selected in object 'Object Repository/AdminSuiteBootstrap_Pages/VT_Bootstrap/ACHPersonal/select_STD'  using regular expression

2022-04-01 01:04:33 - [MESSAGE][PASSED] - Text '11.5' is set on object 'Object Repository/AdminSuiteBootstrap_Pages/VT_Bootstrap/ACHPersonal/input_amount'

2022-04-01 01:04:34 - [MESSAGE][PASSED] - Text 'Denmark' is set on object 'Object Repository/AdminSuiteBootstrap_Pages/VT_Bootstrap/ACHPersonal/input_userDefined1'

2022-04-01 01:04:35 - [MESSAGE][PASSED] - Text 'Australia' is set on object 'Object Repository/AdminSuiteBootstrap_Pages/VT_Bootstrap/ACHPersonal/input_userDefined2'

2022-04-01 01:04:36 - [MESSAGE][PASSED] - Text 'Austria' is set on object 'Object Repository/AdminSuiteBootstrap_Pages/VT_Bootstrap/ACHPersonal/input_userDefined3'

2022-04-01 01:04:36 - [MESSAGE][PASSED] - Text 'Sweden' is set on object 'Object Repository/AdminSuiteBootstrap_Pages/VT_Bootstrap/ACHPersonal/input_userDefined4'

2022-04-01 01:04:37 - [MESSAGE][PASSED] - All options with label 'Yellow' are selected in object 'Object Repository/AdminSuiteBootstrap_Pages/VT_Bootstrap/ACHPersonal/select_UDF5'  using regular expression

2022-04-01 01:04:38 - [MESSAGE][PASSED] - All options with label 'Orange' are selected in object 'Object Repository/AdminSuiteBootstrap_Pages/VT_Bootstrap/ACHPersonal/select_UDF6'  using regular expression

2022-04-01 01:04:39 - [MESSAGE][PASSED] - Text 'Netherlands' is set on object 'Object Repository/AdminSuiteBootstrap_Pages/VT_Bootstrap/ACHPersonal/input_userDefined7'

2022-04-01 01:04:40 - [MESSAGE][PASSED] - Text 'Norway' is set on object 'Object Repository/AdminSuiteBootstrap_Pages/VT_Bootstrap/ACHPersonal/input_userDefined8'

2022-04-01 01:04:41 - [MESSAGE][PASSED] - Text 'France' is set on object 'Object Repository/AdminSuiteBootstrap_Pages/VT_Bootstrap/ACHPersonal/input_userDefined9'

2022-04-01 01:04:41 - [MESSAGE][PASSED] - Text 'Switzerland' is set on object 'Object Repository/AdminSuiteBootstrap_Pages/VT_Bootstrap/ACHPersonal/input_userDefined10'

2022-04-01 01:04:42 - [MESSAGE][PASSED] - Object: 'Object Repository/AdminSuiteBootstrap_Pages/VT_Bootstrap/ACHPersonal/button_Submit' is clicked on

2022-04-01 01:04:42 - [MESSAGE][PASSED] - adminSuiteBootstrap.debitPersonalsetData.debitPersonal_DataDriven is PASSED

2022-04-01 01:04:42 - [TEST_STEP][PASSED] - verifyTextPresent("Transaction Successful", true): Text 'Transaction Successful' is present on page  using regular expression

2022-04-01 01:04:43 - [MESSAGE][PASSED] - Text 'Transaction Successful' is present on page  using regular expression

2022-04-01 01:04:43 - [TEST_STEP][PASSED] - verifyTextPresent("Remittance ID", true): Text 'Remittance ID' is present on page  using regular expression

2022-04-01 01:04:43 - [MESSAGE][PASSED] - Text 'Remittance ID' is present on page  using regular expression

2022-04-01 01:04:43 - [TEST_STEP][PASSED] - verifyTextPresent("Received", true): Text 'Received' is present on page  using regular expression

2022-04-01 01:04:44 - [MESSAGE][PASSED] - Text 'Received' is present on page  using regular expression

2022-04-01 01:04:44 - [TEST_STEP][PASSED] - verifyTextPresent("UDF1", true): Text 'UDF1' is present on page  using regular expression

2022-04-01 01:04:44 - [MESSAGE][PASSED] - Text 'UDF1' is present on page  using regular expression

2022-04-01 01:04:44 - [TEST_STEP][PASSED] - verifyTextPresent("UDF2", true): Text 'UDF2' is present on page  using regular expression

2022-04-01 01:04:44 - [MESSAGE][PASSED] - Text 'UDF2' is present on page  using regular expression

2022-04-01 01:04:44 - [TEST_STEP][PASSED] - verifyTextPresent("UDF3", true): Text 'UDF3' is present on page  using regular expression

2022-04-01 01:04:45 - [MESSAGE][PASSED] - Text 'UDF3' is present on page  using regular expression

2022-04-01 01:04:45 - [TEST_STEP][PASSED] - verifyTextPresent("UDF4", true): Text 'UDF4' is present on page  using regular expression

2022-04-01 01:04:45 - [MESSAGE][PASSED] - Text 'UDF4' is present on page  using regular expression

2022-04-01 01:04:45 - [TEST_STEP][PASSED] - verifyTextPresent("UDF5", true): Text 'UDF5' is present on page  using regular expression

2022-04-01 01:04:45 - [MESSAGE][PASSED] - Text 'UDF5' is present on page  using regular expression

2022-04-01 01:04:45 - [TEST_STEP][PASSED] - verifyTextPresent("UDF6", true): Text 'UDF6' is present on page  using regular expression

2022-04-01 01:04:46 - [MESSAGE][PASSED] - Text 'UDF6' is present on page  using regular expression

2022-04-01 01:04:46 - [TEST_STEP][PASSED] - verifyTextPresent("UDF7", true): Text 'UDF7' is present on page  using regular expression

2022-04-01 01:04:46 - [MESSAGE][PASSED] - Text 'UDF7' is present on page  using regular expression

2022-04-01 01:04:46 - [TEST_STEP][PASSED] - verifyTextPresent("UDF8", true): Text 'UDF8' is present on page  using regular expression

2022-04-01 01:04:46 - [MESSAGE][PASSED] - Text 'UDF8' is present on page  using regular expression

2022-04-01 01:04:46 - [TEST_STEP][PASSED] - verifyTextPresent("UDF9", true): Text 'UDF9' is present on page  using regular expression

2022-04-01 01:04:47 - [MESSAGE][PASSED] - Text 'UDF9' is present on page  using regular expression

2022-04-01 01:04:47 - [TEST_STEP][PASSED] - verifyTextPresent("UDF 10", true): Text 'UDF 10' is present on page  using regular expression

2022-04-01 01:04:47 - [MESSAGE][PASSED] - Text 'UDF 10' is present on page  using regular expression

2022-04-01 01:04:47 - [TEST_STEP][PASSED] - verifyTextPresent("Australia", true): Text 'Australia' is present on page  using regular expression

2022-04-01 01:04:47 - [MESSAGE][PASSED] - Text 'Australia' is present on page  using regular expression

2022-04-01 01:04:47 - [TEST_STEP][PASSED] - verifyTextPresent("Denmark", true): Text 'Denmark' is present on page  using regular expression

2022-04-01 01:04:48 - [MESSAGE][PASSED] - Text 'Denmark' is present on page  using regular expression

2022-04-01 01:04:48 - [TEST_STEP][PASSED] - verifyTextPresent("Sweden", true): Text 'Sweden' is present on page  using regular expression

2022-04-01 01:04:48 - [MESSAGE][PASSED] - Text 'Sweden' is present on page  using regular expression

2022-04-01 01:04:48 - [TEST_STEP][PASSED] - verifyTextPresent("Austria", true): Text 'Austria' is present on page  using regular expression

2022-04-01 01:04:48 - [MESSAGE][PASSED] - Text 'Austria' is present on page  using regular expression

2022-04-01 01:04:48 - [TEST_STEP][PASSED] - verifyTextPresent("Orange Recorded", true): Text 'Orange Recorded' is present on page  using regular expression

2022-04-01 01:04:49 - [MESSAGE][PASSED] - Text 'Orange Recorded' is present on page  using regular expression

2022-04-01 01:04:49 - [TEST_STEP][PASSED] - verifyTextPresent("Yellow Recorded", true): Text 'Yellow Recorded' is present on page  using regular expression

2022-04-01 01:04:49 - [MESSAGE][PASSED] - Text 'Yellow Recorded' is present on page  using regular expression

2022-04-01 01:04:49 - [TEST_STEP][PASSED] - verifyTextPresent("Norway", true): Text 'Norway' is present on page  using regular expression

2022-04-01 01:04:49 - [MESSAGE][PASSED] - Text 'Norway' is present on page  using regular expression

2022-04-01 01:04:49 - [TEST_STEP][PASSED] - verifyTextPresent("Netherlands", true): Text 'Netherlands' is present on page  using regular expression

2022-04-01 01:04:50 - [MESSAGE][PASSED] - Text 'Netherlands' is present on page  using regular expression

2022-04-01 01:04:50 - [TEST_STEP][PASSED] - verifyTextPresent("Switzerland", true): Text 'Switzerland' is present on page  using regular expression

2022-04-01 01:04:50 - [MESSAGE][PASSED] - Text 'Switzerland' is present on page  using regular expression

2022-04-01 01:04:50 - [TEST_STEP][PASSED] - verifyTextPresent("France", true): Text 'France' is present on page  using regular expression

2022-04-01 01:04:51 - [MESSAGE][PASSED] - Text 'France' is present on page  using regular expression

2022-04-01 01:04:51 - [TEST_STEP][PASSED] - verifyTextPresent("Amount", true): Text 'Amount' is present on page  using regular expression

2022-04-01 01:04:51 - [MESSAGE][PASSED] - Text 'Amount' is present on page  using regular expression

2022-04-01 01:04:51 - [TEST_STEP][PASSED] - verifyTextPresent("Service Fee", true): Text 'Service Fee' is present on page  using regular expression

2022-04-01 01:04:51 - [MESSAGE][PASSED] - Text 'Service Fee' is present on page  using regular expression

2022-04-01 01:04:51 - [TEST_STEP][PASSED] - verifyTextPresent("Service Fee Type", true): Text 'Service Fee Type' is present on page  using regular expression

2022-04-01 01:04:52 - [MESSAGE][PASSED] - Text 'Service Fee Type' is present on page  using regular expression

2022-04-01 01:04:52 - [TEST_STEP][PASSED] - verifyTextPresent("Total Amount", true): Text 'Total Amount' is present on page  using regular expression

2022-04-01 01:04:52 - [MESSAGE][PASSED] - Text 'Total Amount' is present on page  using regular expression

2022-04-01 01:04:52 - [TEST_STEP][PASSED] - verifyTextPresent("Transaction Type", true): Text 'Transaction Type' is present on page  using regular expression

2022-04-01 01:04:52 - [MESSAGE][PASSED] - Text 'Transaction Type' is present on page  using regular expression

2022-04-01 01:04:52 - [TEST_STEP][PASSED] - verifyTextPresent("11.50", true): Text '11.50' is present on page  using regular expression

2022-04-01 01:04:53 - [MESSAGE][PASSED] - Text '11.50' is present on page  using regular expression

2022-04-01 01:04:53 - [TEST_STEP][PASSED] - verifyTextPresent("5.00", true): Text '5.00' is present on page  using regular expression

2022-04-01 01:04:53 - [MESSAGE][PASSED] - Text '5.00' is present on page  using regular expression

2022-04-01 01:04:53 - [TEST_STEP][PASSED] - verifyTextPresent("Single Transaction", true): Text 'Single Transaction' is present on page  using regular expression

2022-04-01 01:04:53 - [MESSAGE][PASSED] - Text 'Single Transaction' is present on page  using regular expression

2022-04-01 01:04:53 - [TEST_STEP][PASSED] - verifyTextPresent("16.50", true): Text '16.50' is present on page  using regular expression

2022-04-01 01:04:54 - [MESSAGE][PASSED] - Text '16.50' is present on page  using regular expression

2022-04-01 01:04:54 - [TEST_STEP][PASSED] - verifyTextPresent("Debit", true): Text 'Debit' is present on page  using regular expression

2022-04-01 01:04:54 - [MESSAGE][PASSED] - Text 'Debit' is present on page  using regular expression

2022-04-01 01:04:54 - [TEST_STEP][PASSED] - verifyTextPresent("Check Information", true): Text 'Check Information' is present on page  using regular expression

2022-04-01 01:04:54 - [MESSAGE][PASSED] - Text 'Check Information' is present on page  using regular expression

2022-04-01 01:04:54 - [TEST_STEP][PASSED] - verifyTextPresent("Account Type", true): Text 'Account Type' is present on page  using regular expression

2022-04-01 01:04:55 - [MESSAGE][PASSED] - Text 'Account Type' is present on page  using regular expression

2022-04-01 01:04:55 - [TEST_STEP][PASSED] - verifyTextPresent("Account Number", true): Text 'Account Number' is present on page  using regular expression

2022-04-01 01:04:55 - [MESSAGE][PASSED] - Text 'Account Number' is present on page  using regular expression

2022-04-01 01:04:55 - [TEST_STEP][PASSED] - verifyTextPresent("Routing Number", true): Text 'Routing Number' is present on page  using regular expression

2022-04-01 01:04:55 - [MESSAGE][PASSED] - Text 'Routing Number' is present on page  using regular expression

2022-04-01 01:04:55 - [TEST_STEP][PASSED] - verifyTextPresent("2691", true): Text '2691' is present on page  using regular expression

2022-04-01 01:04:56 - [MESSAGE][PASSED] - Text '2691' is present on page  using regular expression

2022-04-01 01:04:56 - [TEST_STEP][PASSED] - cardNameV = findTestData(dataFile).getValue("NameV", row): null

2022-04-01 01:04:56 - [TEST_STEP][PASSED] - al1V = findTestData(dataFile).getValue("AL1", row): null

2022-04-01 01:04:56 - [TEST_STEP][PASSED] - al2V = findTestData(dataFile).getValue("AL2", row): null

2022-04-01 01:04:56 - [TEST_STEP][PASSED] - last4V = findTestData(dataFile).getValue("Last4", row): null

2022-04-01 01:04:56 - [TEST_STEP][PASSED] - accType = findTestData(dataFile).getValue("AccountType", row): null

2022-04-01 01:04:56 - [TEST_STEP][PASSED] - verifyTextPresent(cardNameV, true): Text 'ALISHA SLUSARSKI' is present on page  using regular expression

2022-04-01 01:04:56 - [MESSAGE][PASSED] - Text 'ALISHA SLUSARSKI' is present on page  using regular expression

2022-04-01 01:04:56 - [TEST_STEP][PASSED] - verifyTextPresent("Address Line 1", true): Text 'Address Line 1' is present on page  using regular expression

2022-04-01 01:04:56 - [MESSAGE][PASSED] - Text 'Address Line 1' is present on page  using regular expression

2022-04-01 01:04:56 - [TEST_STEP][PASSED] - verifyTextPresent("Address Line 2", true): Text 'Address Line 2' is present on page  using regular expression

2022-04-01 01:04:57 - [MESSAGE][PASSED] - Text 'Address Line 2' is present on page  using regular expression

2022-04-01 01:04:57 - [TEST_STEP][PASSED] - verifyTextPresent("Country", true): Text 'Country' is present on page  using regular expression

2022-04-01 01:04:57 - [MESSAGE][PASSED] - Text 'Country' is present on page  using regular expression

2022-04-01 01:04:57 - [TEST_STEP][PASSED] - verifyTextPresent("City", true): Text 'City' is present on page  using regular expression

2022-04-01 01:04:57 - [MESSAGE][PASSED] - Text 'City' is present on page  using regular expression

2022-04-01 01:04:57 - [TEST_STEP][PASSED] - verifyTextPresent("State", true): Text 'State' is present on page  using regular expression

2022-04-01 01:04:58 - [MESSAGE][PASSED] - Text 'State' is present on page  using regular expression

2022-04-01 01:04:58 - [TEST_STEP][PASSED] - verifyTextPresent("ZIP Code", true): Text 'ZIP Code' is present on page  using regular expression

2022-04-01 01:04:58 - [MESSAGE][PASSED] - Text 'ZIP Code' is present on page  using regular expression

2022-04-01 01:04:58 - [TEST_STEP][PASSED] - verifyTextPresent(al1V, true): Text '3273 State St' is present on page  using regular expression

2022-04-01 01:04:58 - [MESSAGE][PASSED] - Text '3273 State St' is present on page  using regular expression

2022-04-01 01:04:58 - [TEST_STEP][PASSED] - verifyTextPresent(al2V, true): Text 'apt #4' is present on page  using regular expression

2022-04-01 01:04:59 - [MESSAGE][PASSED] - Text 'apt #4' is present on page  using regular expression

2022-04-01 01:04:59 - [TEST_STEP][PASSED] - verifyTextPresent("United States", true): Text 'United States' is present on page  using regular expression

2022-04-01 01:04:59 - [MESSAGE][PASSED] - Text 'United States' is present on page  using regular expression

2022-04-01 01:04:59 - [TEST_STEP][PASSED] - verifyTextPresent("ARLINGTON", true): Text 'ARLINGTON' is present on page  using regular expression

2022-04-01 01:04:59 - [MESSAGE][PASSED] - Text 'ARLINGTON' is present on page  using regular expression

2022-04-01 01:04:59 - [TEST_STEP][PASSED] - verifyTextPresent("Virginia", true): Text 'Virginia' is present on page  using regular expression

2022-04-01 01:05:00 - [MESSAGE][PASSED] - Text 'Virginia' is present on page  using regular expression

2022-04-01 01:05:00 - [TEST_STEP][PASSED] - verifyTextPresent("22201", true): Text '22201' is present on page  using regular expression

2022-04-01 01:05:00 - [MESSAGE][PASSED] - Text '22201' is present on page  using regular expression

2022-04-01 01:05:00 - [TEST_STEP][PASSED] - verifyTextPresent(accType, true): Text 'Savings' is present on page  using regular expression

2022-04-01 01:05:00 - [MESSAGE][PASSED] - Text 'Savings' is present on page  using regular expression

2022-04-01 01:05:00 - [TEST_STEP][PASSED] - verifyTextPresent(last4V, true): Text '2004' is present on page  using regular expression

2022-04-01 01:05:01 - [MESSAGE][PASSED] - Text '2004' is present on page  using regular expression

2022-04-01 01:05:01 - [TEST_STEP][PASSED] - closeBrowser(): Browser is closed

2022-04-01 01:05:02 - [MESSAGE][PASSED] - Browser is closed]]></system-out>
         <system-err><![CDATA[]]></system-err>
      </testcase>
      <system-out><![CDATA[2022-03-31 22:59:17 - [TEST_SUITE][PASSED] - AdminSuiteBootstrap_Payments_TestSuite: Test Cases/Admin Suite Bootstrap/VT_ACH_TestCases/DebitPersonal_TP_SingleCF_Generic_Payment_TC]]></system-out>
      <system-err><![CDATA[]]></system-err>
   </testsuite>
</testsuites>
