<?xml version="1.0" encoding="UTF-8"?>
<testsuites name="RAD_UI_TestSuite" time="2451.769" tests="19" failures="0" errors="0">
   <testsuite name="RAD_UI_TestSuite" tests="19" failures="0" errors="0" time="2451.769" skipped="0" timestamp="2023-02-08 16:38:07" hostname="imtiaz - DESKTOP-B2QI6NS.govolution.com" id="Test Suites/RAD_TestSuite/RAD_UI_TestSuite">
      <properties>
         <property name="deviceName" value=""/>
         <property name="devicePlatform" value=""/>
         <property name="logFolder" value="E:\\Cloned-Project-Katalon\\VPS-Katalon\\Reports\\20230208_163802\\RAD_TestSuite\\RAD_UI_TestSuite\\20230208_163802"/>
         <property name="logFiles" value="E:\\Cloned-Project-Katalon\\VPS-Katalon\\Reports\\20230208_163802\\RAD_TestSuite\\RAD_UI_TestSuite\\20230208_163802\\execution0.log"/>
         <property name="attachments" value="E:\\Cloned-Project-Katalon\\VPS-Katalon\\Reports\\20230208_163802\\RAD_TestSuite\\RAD_UI_TestSuite\\20230208_163802\\1675893406756.png, E:\\Cloned-Project-Katalon\\VPS-Katalon\\Reports\\20230208_163802\\RAD_TestSuite\\RAD_UI_TestSuite\\20230208_163802\\1675893455850.png, E:\\Cloned-Project-Katalon\\VPS-Katalon\\Reports\\20230208_163802\\RAD_TestSuite\\RAD_UI_TestSuite\\20230208_163802\\1675893506601.png"/>
         <property name="hostName" value="imtiaz - DESKTOP-B2QI6NS.govolution.com"/>
         <property name="os" value="Windows 10 64bit"/>
         <property name="katalonVersion" value="8.2.5.208"/>
         <property name="browser" value="Chrome 109.0.0.0"/>
         <property name="hostAddress" value="172.31.253.135"/>
         <property name="sessionId" value="6327f179449246eb7d9bbedc4eeaabd7"/>
         <property name="seleniumVersion" value="3.141.59"/>
         <property name="proxyInformation" value="ProxyInformation { proxyOption=NO_PROXY, proxyServerType=HTTP, username=, password=********, proxyServerAddress=, proxyServerPort=0, executionList=&quot;&quot;, isApplyToDesiredCapabilities=true }"/>
         <property name="platform" value="Windows 10"/>
      </properties>
      <testcase name="Test Cases/RAD_TestCases/MRF_TestCases/EstimatedTax_MRF_TC" time="17.532" classname="Test Cases/RAD_TestCases/MRF_TestCases/EstimatedTax_MRF_TC" status="PASSED">
         <system-out><![CDATA[2023-02-08 16:38:07 - [TEST_CASE][PASSED] - Test Cases/RAD_TestCases/MRF_TestCases/EstimatedTax_MRF_TC: Test Cases/RAD_TestCases/MRF_TestCases/EstimatedTax_MRF_TC

2023-02-08 16:38:08 - [TEST_STEP][PASSED] - openBrowser(""): Browser is opened with url: ''

2023-02-08 16:38:08 - [MESSAGE][INFO] - Starting 'Chrome' driver

2023-02-08 16:38:08 - [MESSAGE][INFO] - User set preference: ['acceptInsecureCerts', 'true']

2023-02-08 16:38:08 - [MESSAGE][INFO] - Action delay is set to 0 milliseconds

2023-02-08 16:38:11 - [MESSAGE][PASSED] - Browser is opened with url: ''

2023-02-08 16:38:11 - [TEST_STEP][PASSED] - maximizeWindow(): Current window maximized

2023-02-08 16:38:11 - [MESSAGE][PASSED] - Current window maximized

2023-02-08 16:38:11 - [TEST_STEP][PASSED] - navigateToUrl(RADurl): Navigate to 'https://qa.velocitypayment.com/client/rad/index.html' successfully

2023-02-08 16:38:14 - [MESSAGE][PASSED] - Navigate to 'https://qa.velocitypayment.com/client/rad/index.html' successfully

2023-02-08 16:38:14 - [TEST_STEP][PASSED] - executionProfile = getExecutionProfile(): null

2023-02-08 16:38:14 - [TEST_STEP][PASSED] - orPath_Landing = "Object Repository/RAD_Pages/Landing_Page": null

2023-02-08 16:38:14 - [TEST_STEP][PASSED] - orPath_Amount = "Object Repository/RAD_Pages/PaymentAmount_Page": null

2023-02-08 16:38:14 - [TEST_STEP][PASSED] - orPath_FilingStatus = "Object Repository/RAD_Pages/FilingStatus_Page": null

2023-02-08 16:38:14 - [TEST_STEP][PASSED] - orPath_TaxPayer = "Object Repository/RAD_Pages/Taxpayer_Page": null

2023-02-08 16:38:14 - [TEST_STEP][PASSED] - selectOptionByLabel(findTestObject(orPath_Landing + "/dd_TaxType"), "Estimated Tax", false): All options with label 'Estimated Tax' are selected in object 'Object Repository/RAD_Pages/Landing_Page/dd_TaxType' 

2023-02-08 16:38:15 - [MESSAGE][PASSED] - All options with label 'Estimated Tax' are selected in object 'Object Repository/RAD_Pages/Landing_Page/dd_TaxType' 

2023-02-08 16:38:15 - [TEST_STEP][PASSED] - switch (executionProfile): null

2023-02-08 16:38:15 - [TEST_STEP][PASSED] - case "QAProfile":: null

2023-02-08 16:38:15 - [TEST_STEP][PASSED] - setText(findTestObject(orPath_TaxPayer + "/input_lastName"), "Anderson"): Text 'Anderson' is set on object 'Object Repository/RAD_Pages/Taxpayer_Page/input_lastName'

2023-02-08 16:38:16 - [MESSAGE][PASSED] - Text 'Anderson' is set on object 'Object Repository/RAD_Pages/Taxpayer_Page/input_lastName'

2023-02-08 16:38:16 - [TEST_STEP][PASSED] - setText(findTestObject("RAD_RecordAndPlay/input_concatSSN"), "123451234"): Text '123451234' is set on object 'Object Repository/RAD_RecordAndPlay/input_concatSSN'

2023-02-08 16:38:16 - [MESSAGE][PASSED] - Text '123451234' is set on object 'Object Repository/RAD_RecordAndPlay/input_concatSSN'

2023-02-08 16:38:16 - [TEST_STEP][PASSED] - setText(findTestObject("RAD_RecordAndPlay/input_concatReSSN"), "123451234"): Text '123451234' is set on object 'Object Repository/RAD_RecordAndPlay/input_concatReSSN'

2023-02-08 16:38:17 - [MESSAGE][PASSED] - Text '123451234' is set on object 'Object Repository/RAD_RecordAndPlay/input_concatReSSN'

2023-02-08 16:38:17 - [TEST_STEP][PASSED] - setText(findTestObject(orPath_TaxPayer + "/input_firstName"), ""): Text '' is set on object 'Object Repository/RAD_Pages/Taxpayer_Page/input_firstName'

2023-02-08 16:38:18 - [MESSAGE][PASSED] - Text '' is set on object 'Object Repository/RAD_Pages/Taxpayer_Page/input_firstName'

2023-02-08 16:38:18 - [TEST_STEP][PASSED] - break: null

2023-02-08 16:38:18 - [TEST_STEP][PASSED] - scrollToElement(findTestObject(orPath_Landing + "/button_Continue"), 3): Scroll to object 'Object Repository/RAD_Pages/Landing_Page/button_Continue' successfully

2023-02-08 16:38:19 - [MESSAGE][PASSED] - Scroll to object 'Object Repository/RAD_Pages/Landing_Page/button_Continue' successfully

2023-02-08 16:38:19 - [TEST_STEP][PASSED] - waitForElementClickable(findTestObject(orPath_Landing + "/button_Continue"), 5): Object 'Object Repository/RAD_Pages/Landing_Page/button_Continue' is clickable

2023-02-08 16:38:20 - [MESSAGE][PASSED] - Object 'Object Repository/RAD_Pages/Landing_Page/button_Continue' is clickable

2023-02-08 16:38:20 - [TEST_STEP][PASSED] - click(findTestObject(orPath_Landing + "/button_Continue")): Object: 'Object Repository/RAD_Pages/Landing_Page/button_Continue' is clicked on

2023-02-08 16:38:20 - [MESSAGE][PASSED] - Object: 'Object Repository/RAD_Pages/Landing_Page/button_Continue' is clicked on

2023-02-08 16:38:20 - [TEST_STEP][PASSED] - verifyTextPresent("Select a payment type", true): Text 'Select a payment type' is present on page  using regular expression

2023-02-08 16:38:21 - [MESSAGE][PASSED] - Text 'Select a payment type' is present on page  using regular expression

2023-02-08 16:38:21 - [TEST_STEP][PASSED] - verifyTextPresent("Enter first name", true): Text 'Enter first name' is present on page  using regular expression

2023-02-08 16:38:21 - [MESSAGE][PASSED] - Text 'Enter first name' is present on page  using regular expression

2023-02-08 16:38:21 - [TEST_STEP][PASSED] - verifyTextPresent("Enter address", true): Text 'Enter address' is present on page  using regular expression

2023-02-08 16:38:22 - [MESSAGE][PASSED] - Text 'Enter address' is present on page  using regular expression

2023-02-08 16:38:22 - [TEST_STEP][PASSED] - verifyTextPresent("Enter city", true): Text 'Enter city' is present on page  using regular expression

2023-02-08 16:38:22 - [MESSAGE][PASSED] - Text 'Enter city' is present on page  using regular expression

2023-02-08 16:38:22 - [TEST_STEP][PASSED] - verifyTextPresent("Select a state", true): Text 'Select a state' is present on page  using regular expression

2023-02-08 16:38:23 - [MESSAGE][PASSED] - Text 'Select a state' is present on page  using regular expression

2023-02-08 16:38:23 - [TEST_STEP][PASSED] - verifyTextPresent("Enter ZIP code", true): Text 'Enter ZIP code' is present on page  using regular expression

2023-02-08 16:38:23 - [MESSAGE][PASSED] - Text 'Enter ZIP code' is present on page  using regular expression

2023-02-08 16:38:23 - [TEST_STEP][PASSED] - verifyTextPresent("Enter a valid phone number", true): Text 'Enter a valid phone number' is present on page  using regular expression

2023-02-08 16:38:24 - [MESSAGE][PASSED] - Text 'Enter a valid phone number' is present on page  using regular expression

2023-02-08 16:38:24 - [TEST_STEP][PASSED] - verifyTextPresent("Enter Email", true): Text 'Enter Email' is present on page  using regular expression

2023-02-08 16:38:24 - [MESSAGE][PASSED] - Text 'Enter Email' is present on page  using regular expression

2023-02-08 16:38:24 - [TEST_STEP][PASSED] - verifyTextPresent("The Email and Re-enter email do not match", true): Text 'The Email and Re-enter email do not match' is present on page  using regular expression

2023-02-08 16:38:24 - [MESSAGE][PASSED] - Text 'The Email and Re-enter email do not match' is present on page  using regular expression

2023-02-08 16:38:24 - [TEST_STEP][PASSED] - verifyTextPresent("Payment amount must be greater than zero and less than 10,000,000", true): Text 'Payment amount must be greater than zero and less than 10,000,000' is present on page  using regular expression

2023-02-08 16:38:25 - [MESSAGE][PASSED] - Text 'Payment amount must be greater than zero and less than 10,000,000' is present on page  using regular expression]]></system-out>
         <system-err><![CDATA[]]></system-err>
      </testcase>
      <testcase name="Test Cases/RAD_TestCases/MRF_TestCases/PersonalIncomeTax_MRF_TC" time="15.122" classname="Test Cases/RAD_TestCases/MRF_TestCases/PersonalIncomeTax_MRF_TC" status="PASSED">
         <system-out><![CDATA[2023-02-08 16:38:25 - [TEST_CASE][PASSED] - Test Cases/RAD_TestCases/MRF_TestCases/PersonalIncomeTax_MRF_TC: Test Cases/RAD_TestCases/MRF_TestCases/PersonalIncomeTax_MRF_TC

2023-02-08 16:38:25 - [TEST_STEP][PASSED] - openBrowser(""): Browser is opened with url: ''

2023-02-08 16:38:25 - [MESSAGE][WARNING] - A browser is already opened. Closing browser and opening a new one

2023-02-08 16:38:26 - [MESSAGE][INFO] - Starting 'Chrome' driver

2023-02-08 16:38:26 - [MESSAGE][INFO] - User set preference: ['acceptInsecureCerts', 'true']

2023-02-08 16:38:26 - [MESSAGE][INFO] - Action delay is set to 0 milliseconds

2023-02-08 16:38:28 - [MESSAGE][PASSED] - Browser is opened with url: ''

2023-02-08 16:38:28 - [TEST_STEP][PASSED] - maximizeWindow(): Current window maximized

2023-02-08 16:38:28 - [MESSAGE][PASSED] - Current window maximized

2023-02-08 16:38:28 - [TEST_STEP][PASSED] - navigateToUrl(RADurl): Navigate to 'https://qa.velocitypayment.com/client/rad/index.html' successfully

2023-02-08 16:38:30 - [MESSAGE][PASSED] - Navigate to 'https://qa.velocitypayment.com/client/rad/index.html' successfully

2023-02-08 16:38:30 - [TEST_STEP][PASSED] - executionProfile = getExecutionProfile(): null

2023-02-08 16:38:30 - [TEST_STEP][PASSED] - orPath_Landing = "Object Repository/RAD_Pages/Landing_Page": null

2023-02-08 16:38:30 - [TEST_STEP][PASSED] - orPath_Amount = "Object Repository/RAD_Pages/PaymentAmount_Page": null

2023-02-08 16:38:30 - [TEST_STEP][PASSED] - orPath_FilingStatus = "Object Repository/RAD_Pages/FilingStatus_Page": null

2023-02-08 16:38:30 - [TEST_STEP][PASSED] - orPath_TaxPayer = "Object Repository/RAD_Pages/Taxpayer_Page": null

2023-02-08 16:38:30 - [TEST_STEP][PASSED] - selectOptionByLabel(findTestObject(orPath_Landing + "/dd_TaxType"), "Personal Income Tax", false): All options with label 'Personal Income Tax' are selected in object 'Object Repository/RAD_Pages/Landing_Page/dd_TaxType' 

2023-02-08 16:38:31 - [MESSAGE][PASSED] - All options with label 'Personal Income Tax' are selected in object 'Object Repository/RAD_Pages/Landing_Page/dd_TaxType' 

2023-02-08 16:38:31 - [TEST_STEP][PASSED] - switch (executionProfile): null

2023-02-08 16:38:31 - [TEST_STEP][PASSED] - case "QAProfile":: null

2023-02-08 16:38:31 - [TEST_STEP][PASSED] - setText(findTestObject("RAD_RecordAndPlay/input_concatSSN"), "123451234"): Text '123451234' is set on object 'Object Repository/RAD_RecordAndPlay/input_concatSSN'

2023-02-08 16:38:31 - [MESSAGE][PASSED] - Text '123451234' is set on object 'Object Repository/RAD_RecordAndPlay/input_concatSSN'

2023-02-08 16:38:31 - [TEST_STEP][PASSED] - setText(findTestObject("RAD_RecordAndPlay/input_concatReSSN"), "123451234"): Text '123451234' is set on object 'Object Repository/RAD_RecordAndPlay/input_concatReSSN'

2023-02-08 16:38:32 - [MESSAGE][PASSED] - Text '123451234' is set on object 'Object Repository/RAD_RecordAndPlay/input_concatReSSN'

2023-02-08 16:38:32 - [TEST_STEP][PASSED] - setText(findTestObject(orPath_TaxPayer + "/input_lastName"), "Anderson"): Text 'Anderson' is set on object 'Object Repository/RAD_Pages/Taxpayer_Page/input_lastName'

2023-02-08 16:38:33 - [MESSAGE][PASSED] - Text 'Anderson' is set on object 'Object Repository/RAD_Pages/Taxpayer_Page/input_lastName'

2023-02-08 16:38:33 - [TEST_STEP][PASSED] - break: null

2023-02-08 16:38:33 - [TEST_STEP][PASSED] - scrollToElement(findTestObject(orPath_Landing + "/button_Continue"), 3): Scroll to object 'Object Repository/RAD_Pages/Landing_Page/button_Continue' successfully

2023-02-08 16:38:34 - [MESSAGE][PASSED] - Scroll to object 'Object Repository/RAD_Pages/Landing_Page/button_Continue' successfully

2023-02-08 16:38:34 - [TEST_STEP][PASSED] - waitForElementClickable(findTestObject(orPath_Landing + "/button_Continue"), 5): Object 'Object Repository/RAD_Pages/Landing_Page/button_Continue' is clickable

2023-02-08 16:38:35 - [MESSAGE][PASSED] - Object 'Object Repository/RAD_Pages/Landing_Page/button_Continue' is clickable

2023-02-08 16:38:35 - [TEST_STEP][PASSED] - click(findTestObject(orPath_Landing + "/button_Continue")): Object: 'Object Repository/RAD_Pages/Landing_Page/button_Continue' is clicked on

2023-02-08 16:38:35 - [MESSAGE][PASSED] - Object: 'Object Repository/RAD_Pages/Landing_Page/button_Continue' is clicked on

2023-02-08 16:38:35 - [TEST_STEP][PASSED] - verifyTextPresent("Select a filing year", true): Text 'Select a filing year' is present on page  using regular expression

2023-02-08 16:38:36 - [MESSAGE][PASSED] - Text 'Select a filing year' is present on page  using regular expression

2023-02-08 16:38:36 - [TEST_STEP][PASSED] - verifyTextPresent("Enter first name", true): Text 'Enter first name' is present on page  using regular expression

2023-02-08 16:38:36 - [MESSAGE][PASSED] - Text 'Enter first name' is present on page  using regular expression

2023-02-08 16:38:36 - [TEST_STEP][PASSED] - verifyTextPresent("Enter address", true): Text 'Enter address' is present on page  using regular expression

2023-02-08 16:38:37 - [MESSAGE][PASSED] - Text 'Enter address' is present on page  using regular expression

2023-02-08 16:38:37 - [TEST_STEP][PASSED] - verifyTextPresent("Enter city", true): Text 'Enter city' is present on page  using regular expression

2023-02-08 16:38:37 - [MESSAGE][PASSED] - Text 'Enter city' is present on page  using regular expression

2023-02-08 16:38:37 - [TEST_STEP][PASSED] - verifyTextPresent("Select a state", true): Text 'Select a state' is present on page  using regular expression

2023-02-08 16:38:38 - [MESSAGE][PASSED] - Text 'Select a state' is present on page  using regular expression

2023-02-08 16:38:38 - [TEST_STEP][PASSED] - verifyTextPresent("Enter ZIP code", true): Text 'Enter ZIP code' is present on page  using regular expression

2023-02-08 16:38:38 - [MESSAGE][PASSED] - Text 'Enter ZIP code' is present on page  using regular expression

2023-02-08 16:38:38 - [TEST_STEP][PASSED] - verifyTextPresent("Enter a valid phone number", true): Text 'Enter a valid phone number' is present on page  using regular expression

2023-02-08 16:38:39 - [MESSAGE][PASSED] - Text 'Enter a valid phone number' is present on page  using regular expression

2023-02-08 16:38:39 - [TEST_STEP][PASSED] - verifyTextPresent("Enter Email", true): Text 'Enter Email' is present on page  using regular expression

2023-02-08 16:38:39 - [MESSAGE][PASSED] - Text 'Enter Email' is present on page  using regular expression

2023-02-08 16:38:39 - [TEST_STEP][PASSED] - verifyTextPresent("The Email and Re-enter email do not match", true): Text 'The Email and Re-enter email do not match' is present on page  using regular expression

2023-02-08 16:38:40 - [MESSAGE][PASSED] - Text 'The Email and Re-enter email do not match' is present on page  using regular expression

2023-02-08 16:38:40 - [TEST_STEP][PASSED] - verifyTextPresent("Payment amount must be greater than zero and less than 10,000,000", true): Text 'Payment amount must be greater than zero and less than 10,000,000' is present on page  using regular expression

2023-02-08 16:38:40 - [MESSAGE][PASSED] - Text 'Payment amount must be greater than zero and less than 10,000,000' is present on page  using regular expression]]></system-out>
         <system-err><![CDATA[]]></system-err>
      </testcase>
      <testcase name="Test Cases/RAD_TestCases/MRF_TestCases/ExtensionPayments_MRF_TC" time="13.876" classname="Test Cases/RAD_TestCases/MRF_TestCases/ExtensionPayments_MRF_TC" status="PASSED">
         <system-out><![CDATA[2023-02-08 16:38:40 - [TEST_CASE][PASSED] - Test Cases/RAD_TestCases/MRF_TestCases/ExtensionPayments_MRF_TC: Test Cases/RAD_TestCases/MRF_TestCases/ExtensionPayments_MRF_TC

2023-02-08 16:38:41 - [TEST_STEP][PASSED] - openBrowser(""): Browser is opened with url: ''

2023-02-08 16:38:41 - [MESSAGE][WARNING] - A browser is already opened. Closing browser and opening a new one

2023-02-08 16:38:41 - [MESSAGE][INFO] - Starting 'Chrome' driver

2023-02-08 16:38:41 - [MESSAGE][INFO] - User set preference: ['acceptInsecureCerts', 'true']

2023-02-08 16:38:41 - [MESSAGE][INFO] - Action delay is set to 0 milliseconds

2023-02-08 16:38:43 - [MESSAGE][PASSED] - Browser is opened with url: ''

2023-02-08 16:38:43 - [TEST_STEP][PASSED] - maximizeWindow(): Current window maximized

2023-02-08 16:38:43 - [MESSAGE][PASSED] - Current window maximized

2023-02-08 16:38:43 - [TEST_STEP][PASSED] - navigateToUrl(RADurl): Navigate to 'https://qa.velocitypayment.com/client/rad/index.html' successfully

2023-02-08 16:38:45 - [MESSAGE][PASSED] - Navigate to 'https://qa.velocitypayment.com/client/rad/index.html' successfully

2023-02-08 16:38:45 - [TEST_STEP][PASSED] - executionProfile = getExecutionProfile(): null

2023-02-08 16:38:45 - [TEST_STEP][PASSED] - orPath_Landing = "Object Repository/RAD_Pages/Landing_Page": null

2023-02-08 16:38:45 - [TEST_STEP][PASSED] - orPath_Amount = "Object Repository/RAD_Pages/PaymentAmount_Page": null

2023-02-08 16:38:45 - [TEST_STEP][PASSED] - orPath_FilingStatus = "Object Repository/RAD_Pages/FilingStatus_Page": null

2023-02-08 16:38:45 - [TEST_STEP][PASSED] - orPath_TaxPayer = "Object Repository/RAD_Pages/Taxpayer_Page": null

2023-02-08 16:38:45 - [TEST_STEP][PASSED] - selectOptionByLabel(findTestObject(orPath_Landing + "/dd_TaxType"), "Extension Payments", false): All options with label 'Extension Payments' are selected in object 'Object Repository/RAD_Pages/Landing_Page/dd_TaxType' 

2023-02-08 16:38:46 - [MESSAGE][PASSED] - All options with label 'Extension Payments' are selected in object 'Object Repository/RAD_Pages/Landing_Page/dd_TaxType' 

2023-02-08 16:38:46 - [TEST_STEP][PASSED] - switch (executionProfile): null

2023-02-08 16:38:46 - [TEST_STEP][PASSED] - case "QAProfile":: null

2023-02-08 16:38:46 - [TEST_STEP][PASSED] - setText(findTestObject("RAD_RecordAndPlay/input_concatSSN"), "123451234"): Text '123451234' is set on object 'Object Repository/RAD_RecordAndPlay/input_concatSSN'

2023-02-08 16:38:46 - [MESSAGE][PASSED] - Text '123451234' is set on object 'Object Repository/RAD_RecordAndPlay/input_concatSSN'

2023-02-08 16:38:46 - [TEST_STEP][PASSED] - setText(findTestObject("RAD_RecordAndPlay/input_concatReSSN"), "123451234"): Text '123451234' is set on object 'Object Repository/RAD_RecordAndPlay/input_concatReSSN'

2023-02-08 16:38:47 - [MESSAGE][PASSED] - Text '123451234' is set on object 'Object Repository/RAD_RecordAndPlay/input_concatReSSN'

2023-02-08 16:38:47 - [TEST_STEP][PASSED] - setText(findTestObject(orPath_TaxPayer + "/input_lastName"), "Anderson"): Text 'Anderson' is set on object 'Object Repository/RAD_Pages/Taxpayer_Page/input_lastName'

2023-02-08 16:38:48 - [MESSAGE][PASSED] - Text 'Anderson' is set on object 'Object Repository/RAD_Pages/Taxpayer_Page/input_lastName'

2023-02-08 16:38:48 - [TEST_STEP][PASSED] - break: null

2023-02-08 16:38:48 - [TEST_STEP][PASSED] - scrollToElement(findTestObject(orPath_Landing + "/button_Continue"), 3): Scroll to object 'Object Repository/RAD_Pages/Landing_Page/button_Continue' successfully

2023-02-08 16:38:49 - [MESSAGE][PASSED] - Scroll to object 'Object Repository/RAD_Pages/Landing_Page/button_Continue' successfully

2023-02-08 16:38:49 - [TEST_STEP][PASSED] - waitForElementClickable(findTestObject(orPath_Landing + "/button_Continue"), 5): Object 'Object Repository/RAD_Pages/Landing_Page/button_Continue' is clickable

2023-02-08 16:38:49 - [MESSAGE][PASSED] - Object 'Object Repository/RAD_Pages/Landing_Page/button_Continue' is clickable

2023-02-08 16:38:49 - [TEST_STEP][PASSED] - switch (executionProfile): null

2023-02-08 16:38:49 - [TEST_STEP][PASSED] - case "QAProfile":: null

2023-02-08 16:38:49 - [TEST_STEP][PASSED] - click(findTestObject(orPath_Landing + "/button_Continue")): Object: 'Object Repository/RAD_Pages/Landing_Page/button_Continue' is clicked on

2023-02-08 16:38:50 - [MESSAGE][PASSED] - Object: 'Object Repository/RAD_Pages/Landing_Page/button_Continue' is clicked on

2023-02-08 16:38:50 - [TEST_STEP][PASSED] - break: null

2023-02-08 16:38:50 - [TEST_STEP][PASSED] - verifyTextPresent("Select a payment type", true): Text 'Select a payment type' is present on page  using regular expression

2023-02-08 16:38:50 - [MESSAGE][PASSED] - Text 'Select a payment type' is present on page  using regular expression

2023-02-08 16:38:50 - [TEST_STEP][PASSED] - verifyTextPresent("Enter first name", true): Text 'Enter first name' is present on page  using regular expression

2023-02-08 16:38:51 - [MESSAGE][PASSED] - Text 'Enter first name' is present on page  using regular expression

2023-02-08 16:38:51 - [TEST_STEP][PASSED] - verifyTextPresent("Enter address", true): Text 'Enter address' is present on page  using regular expression

2023-02-08 16:38:51 - [MESSAGE][PASSED] - Text 'Enter address' is present on page  using regular expression

2023-02-08 16:38:51 - [TEST_STEP][PASSED] - verifyTextPresent("Enter city", true): Text 'Enter city' is present on page  using regular expression

2023-02-08 16:38:52 - [MESSAGE][PASSED] - Text 'Enter city' is present on page  using regular expression

2023-02-08 16:38:52 - [TEST_STEP][PASSED] - verifyTextPresent("Select a state", true): Text 'Select a state' is present on page  using regular expression

2023-02-08 16:38:52 - [MESSAGE][PASSED] - Text 'Select a state' is present on page  using regular expression

2023-02-08 16:38:52 - [TEST_STEP][PASSED] - verifyTextPresent("Enter ZIP code", true): Text 'Enter ZIP code' is present on page  using regular expression

2023-02-08 16:38:52 - [MESSAGE][PASSED] - Text 'Enter ZIP code' is present on page  using regular expression

2023-02-08 16:38:52 - [TEST_STEP][PASSED] - verifyTextPresent("Enter a valid phone number", true): Text 'Enter a valid phone number' is present on page  using regular expression

2023-02-08 16:38:53 - [MESSAGE][PASSED] - Text 'Enter a valid phone number' is present on page  using regular expression

2023-02-08 16:38:53 - [TEST_STEP][PASSED] - verifyTextPresent("Enter Email", true): Text 'Enter Email' is present on page  using regular expression

2023-02-08 16:38:53 - [MESSAGE][PASSED] - Text 'Enter Email' is present on page  using regular expression

2023-02-08 16:38:53 - [TEST_STEP][PASSED] - verifyTextPresent("The Email and Re-enter email do not match", true): Text 'The Email and Re-enter email do not match' is present on page  using regular expression

2023-02-08 16:38:54 - [MESSAGE][PASSED] - Text 'The Email and Re-enter email do not match' is present on page  using regular expression

2023-02-08 16:38:54 - [TEST_STEP][PASSED] - verifyTextPresent("Payment amount must be greater than zero and less than 10,000,000", true): Text 'Payment amount must be greater than zero and less than 10,000,000' is present on page  using regular expression

2023-02-08 16:38:54 - [MESSAGE][PASSED] - Text 'Payment amount must be greater than zero and less than 10,000,000' is present on page  using regular expression]]></system-out>
         <system-err><![CDATA[]]></system-err>
      </testcase>
      <testcase name="Test Cases/RAD_TestCases/MRF_TestCases/SaleAndUse_MRF_TC" time="14.138" classname="Test Cases/RAD_TestCases/MRF_TestCases/SaleAndUse_MRF_TC" status="PASSED">
         <system-out><![CDATA[2023-02-08 16:38:54 - [TEST_CASE][PASSED] - Test Cases/RAD_TestCases/MRF_TestCases/SaleAndUse_MRF_TC: Test Cases/RAD_TestCases/MRF_TestCases/SaleAndUse_MRF_TC

2023-02-08 16:38:54 - [TEST_STEP][PASSED] - openBrowser(""): Browser is opened with url: ''

2023-02-08 16:38:54 - [MESSAGE][WARNING] - A browser is already opened. Closing browser and opening a new one

2023-02-08 16:38:55 - [MESSAGE][INFO] - Starting 'Chrome' driver

2023-02-08 16:38:55 - [MESSAGE][INFO] - User set preference: ['acceptInsecureCerts', 'true']

2023-02-08 16:38:55 - [MESSAGE][INFO] - Action delay is set to 0 milliseconds

2023-02-08 16:38:57 - [MESSAGE][PASSED] - Browser is opened with url: ''

2023-02-08 16:38:57 - [TEST_STEP][PASSED] - maximizeWindow(): Current window maximized

2023-02-08 16:38:57 - [MESSAGE][PASSED] - Current window maximized

2023-02-08 16:38:57 - [TEST_STEP][PASSED] - navigateToUrl(RADurl): Navigate to 'https://qa.velocitypayment.com/client/rad/index.html' successfully

2023-02-08 16:38:59 - [MESSAGE][PASSED] - Navigate to 'https://qa.velocitypayment.com/client/rad/index.html' successfully

2023-02-08 16:38:59 - [TEST_STEP][PASSED] - orPath_Landing = "Object Repository/RAD_Pages/Landing_Page": null

2023-02-08 16:38:59 - [TEST_STEP][PASSED] - orPath_Amount = "Object Repository/RAD_Pages/PaymentAmount_Page": null

2023-02-08 16:38:59 - [TEST_STEP][PASSED] - orPath_FilingStatus = "Object Repository/RAD_Pages/FilingStatus_Page": null

2023-02-08 16:38:59 - [TEST_STEP][PASSED] - selectOptionByLabel(findTestObject(orPath_Landing + "/dd_TaxType"), "Sales and Use", false): All options with label 'Sales and Use' are selected in object 'Object Repository/RAD_Pages/Landing_Page/dd_TaxType' 

2023-02-08 16:39:00 - [MESSAGE][PASSED] - All options with label 'Sales and Use' are selected in object 'Object Repository/RAD_Pages/Landing_Page/dd_TaxType' 

2023-02-08 16:39:00 - [TEST_STEP][PASSED] - scrollToElement(findTestObject(orPath_Landing + "/button_Continue"), 3): Scroll to object 'Object Repository/RAD_Pages/Landing_Page/button_Continue' successfully

2023-02-08 16:39:00 - [MESSAGE][PASSED] - Scroll to object 'Object Repository/RAD_Pages/Landing_Page/button_Continue' successfully

2023-02-08 16:39:00 - [TEST_STEP][PASSED] - waitForElementClickable(findTestObject(orPath_Landing + "/button_Continue"), 5): Object 'Object Repository/RAD_Pages/Landing_Page/button_Continue' is clickable

2023-02-08 16:39:00 - [MESSAGE][PASSED] - Object 'Object Repository/RAD_Pages/Landing_Page/button_Continue' is clickable

2023-02-08 16:39:00 - [TEST_STEP][PASSED] - click(findTestObject(orPath_Landing + "/button_Continue")): Object: 'Object Repository/RAD_Pages/Landing_Page/button_Continue' is clicked on

2023-02-08 16:39:01 - [MESSAGE][PASSED] - Object: 'Object Repository/RAD_Pages/Landing_Page/button_Continue' is clicked on

2023-02-08 16:39:01 - [TEST_STEP][PASSED] - verifyTextPresent("Select a filing year", true): Text 'Select a filing year' is present on page  using regular expression

2023-02-08 16:39:01 - [MESSAGE][PASSED] - Text 'Select a filing year' is present on page  using regular expression

2023-02-08 16:39:01 - [TEST_STEP][PASSED] - verifyTextPresent("Select a reporting period", true): Text 'Select a reporting period' is present on page  using regular expression

2023-02-08 16:39:02 - [MESSAGE][PASSED] - Text 'Select a reporting period' is present on page  using regular expression

2023-02-08 16:39:02 - [TEST_STEP][PASSED] - verifyTextPresent("Enter business name", true): Text 'Enter business name' is present on page  using regular expression

2023-02-08 16:39:02 - [MESSAGE][PASSED] - Text 'Enter business name' is present on page  using regular expression

2023-02-08 16:39:02 - [TEST_STEP][PASSED] - verifyTextPresent("Enter first name", true): Text 'Enter first name' is present on page  using regular expression

2023-02-08 16:39:03 - [MESSAGE][PASSED] - Text 'Enter first name' is present on page  using regular expression

2023-02-08 16:39:03 - [TEST_STEP][PASSED] - verifyTextPresent("Enter last name", true): Text 'Enter last name' is present on page  using regular expression

2023-02-08 16:39:03 - [MESSAGE][PASSED] - Text 'Enter last name' is present on page  using regular expression

2023-02-08 16:39:03 - [TEST_STEP][PASSED] - verifyTextPresent("Enter address", true): Text 'Enter address' is present on page  using regular expression

2023-02-08 16:39:04 - [MESSAGE][PASSED] - Text 'Enter address' is present on page  using regular expression

2023-02-08 16:39:04 - [TEST_STEP][PASSED] - verifyTextPresent("Enter city", true): Text 'Enter city' is present on page  using regular expression

2023-02-08 16:39:04 - [MESSAGE][PASSED] - Text 'Enter city' is present on page  using regular expression

2023-02-08 16:39:04 - [TEST_STEP][PASSED] - verifyTextPresent("Select a state", true): Text 'Select a state' is present on page  using regular expression

2023-02-08 16:39:05 - [MESSAGE][PASSED] - Text 'Select a state' is present on page  using regular expression

2023-02-08 16:39:05 - [TEST_STEP][PASSED] - verifyTextPresent("Enter ZIP code", true): Text 'Enter ZIP code' is present on page  using regular expression

2023-02-08 16:39:05 - [MESSAGE][PASSED] - Text 'Enter ZIP code' is present on page  using regular expression

2023-02-08 16:39:05 - [TEST_STEP][PASSED] - verifyTextPresent("Enter a valid phone number", true): Text 'Enter a valid phone number' is present on page  using regular expression

2023-02-08 16:39:06 - [MESSAGE][PASSED] - Text 'Enter a valid phone number' is present on page  using regular expression

2023-02-08 16:39:06 - [TEST_STEP][PASSED] - verifyTextPresent("Enter Email", true): Text 'Enter Email' is present on page  using regular expression

2023-02-08 16:39:06 - [MESSAGE][PASSED] - Text 'Enter Email' is present on page  using regular expression

2023-02-08 16:39:06 - [TEST_STEP][PASSED] - verifyTextPresent("The Email and Re-enter email do not match", true): Text 'The Email and Re-enter email do not match' is present on page  using regular expression

2023-02-08 16:39:07 - [MESSAGE][PASSED] - Text 'The Email and Re-enter email do not match' is present on page  using regular expression

2023-02-08 16:39:07 - [TEST_STEP][PASSED] - verifyTextPresent("Enter valid MD Central Registration.", true): Text 'Enter valid MD Central Registration.' is present on page  using regular expression

2023-02-08 16:39:08 - [MESSAGE][PASSED] - Text 'Enter valid MD Central Registration.' is present on page  using regular expression

2023-02-08 16:39:08 - [TEST_STEP][PASSED] - verifyTextPresent("Payment amount must be greater than zero and less than 10,000,000", true): Text 'Payment amount must be greater than zero and less than 10,000,000' is present on page  using regular expression

2023-02-08 16:39:08 - [MESSAGE][PASSED] - Text 'Payment amount must be greater than zero and less than 10,000,000' is present on page  using regular expression]]></system-out>
         <system-err><![CDATA[]]></system-err>
      </testcase>
      <testcase name="Test Cases/RAD_TestCases/MRF_TestCases/WithholdingTax_MRF_TC" time="13.885" classname="Test Cases/RAD_TestCases/MRF_TestCases/WithholdingTax_MRF_TC" status="PASSED">
         <system-out><![CDATA[2023-02-08 16:39:08 - [TEST_CASE][PASSED] - Test Cases/RAD_TestCases/MRF_TestCases/WithholdingTax_MRF_TC: Test Cases/RAD_TestCases/MRF_TestCases/WithholdingTax_MRF_TC

2023-02-08 16:39:09 - [TEST_STEP][PASSED] - openBrowser(""): Browser is opened with url: ''

2023-02-08 16:39:09 - [MESSAGE][WARNING] - A browser is already opened. Closing browser and opening a new one

2023-02-08 16:39:09 - [MESSAGE][INFO] - Starting 'Chrome' driver

2023-02-08 16:39:09 - [MESSAGE][INFO] - User set preference: ['acceptInsecureCerts', 'true']

2023-02-08 16:39:09 - [MESSAGE][INFO] - Action delay is set to 0 milliseconds

2023-02-08 16:39:11 - [MESSAGE][PASSED] - Browser is opened with url: ''

2023-02-08 16:39:11 - [TEST_STEP][PASSED] - maximizeWindow(): Current window maximized

2023-02-08 16:39:11 - [MESSAGE][PASSED] - Current window maximized

2023-02-08 16:39:11 - [TEST_STEP][PASSED] - navigateToUrl(RADurl): Navigate to 'https://qa.velocitypayment.com/client/rad/index.html' successfully

2023-02-08 16:39:13 - [MESSAGE][PASSED] - Navigate to 'https://qa.velocitypayment.com/client/rad/index.html' successfully

2023-02-08 16:39:13 - [TEST_STEP][PASSED] - orPath_Landing = "Object Repository/RAD_Pages/Landing_Page": null

2023-02-08 16:39:13 - [TEST_STEP][PASSED] - orPath_Amount = "Object Repository/RAD_Pages/PaymentAmount_Page": null

2023-02-08 16:39:13 - [TEST_STEP][PASSED] - orPath_FilingStatus = "Object Repository/RAD_Pages/FilingStatus_Page": null

2023-02-08 16:39:13 - [TEST_STEP][PASSED] - selectOptionByLabel(findTestObject(orPath_Landing + "/dd_TaxType"), "Withholding Tax", false): All options with label 'Withholding Tax' are selected in object 'Object Repository/RAD_Pages/Landing_Page/dd_TaxType' 

2023-02-08 16:39:14 - [MESSAGE][PASSED] - All options with label 'Withholding Tax' are selected in object 'Object Repository/RAD_Pages/Landing_Page/dd_TaxType' 

2023-02-08 16:39:14 - [TEST_STEP][PASSED] - scrollToElement(findTestObject(orPath_Landing + "/button_Continue"), 3): Scroll to object 'Object Repository/RAD_Pages/Landing_Page/button_Continue' successfully

2023-02-08 16:39:14 - [MESSAGE][PASSED] - Scroll to object 'Object Repository/RAD_Pages/Landing_Page/button_Continue' successfully

2023-02-08 16:39:14 - [TEST_STEP][PASSED] - waitForElementClickable(findTestObject(orPath_Landing + "/button_Continue"), 5): Object 'Object Repository/RAD_Pages/Landing_Page/button_Continue' is clickable

2023-02-08 16:39:15 - [MESSAGE][PASSED] - Object 'Object Repository/RAD_Pages/Landing_Page/button_Continue' is clickable

2023-02-08 16:39:15 - [TEST_STEP][PASSED] - click(findTestObject(orPath_Landing + "/button_Continue")): Object: 'Object Repository/RAD_Pages/Landing_Page/button_Continue' is clicked on

2023-02-08 16:39:15 - [MESSAGE][PASSED] - Object: 'Object Repository/RAD_Pages/Landing_Page/button_Continue' is clicked on

2023-02-08 16:39:15 - [TEST_STEP][PASSED] - verifyTextPresent("Select a filing year", true): Text 'Select a filing year' is present on page  using regular expression

2023-02-08 16:39:15 - [MESSAGE][PASSED] - Text 'Select a filing year' is present on page  using regular expression

2023-02-08 16:39:15 - [TEST_STEP][PASSED] - verifyTextPresent("Enter business name", true): Text 'Enter business name' is present on page  using regular expression

2023-02-08 16:39:16 - [MESSAGE][PASSED] - Text 'Enter business name' is present on page  using regular expression

2023-02-08 16:39:16 - [TEST_STEP][PASSED] - verifyTextPresent("Enter first name", true): Text 'Enter first name' is present on page  using regular expression

2023-02-08 16:39:16 - [MESSAGE][PASSED] - Text 'Enter first name' is present on page  using regular expression

2023-02-08 16:39:16 - [TEST_STEP][PASSED] - verifyTextPresent("Enter last name", true): Text 'Enter last name' is present on page  using regular expression

2023-02-08 16:39:17 - [MESSAGE][PASSED] - Text 'Enter last name' is present on page  using regular expression

2023-02-08 16:39:17 - [TEST_STEP][PASSED] - verifyTextPresent("Enter address", true): Text 'Enter address' is present on page  using regular expression

2023-02-08 16:39:17 - [MESSAGE][PASSED] - Text 'Enter address' is present on page  using regular expression

2023-02-08 16:39:17 - [TEST_STEP][PASSED] - verifyTextPresent("Enter city", true): Text 'Enter city' is present on page  using regular expression

2023-02-08 16:39:18 - [MESSAGE][PASSED] - Text 'Enter city' is present on page  using regular expression

2023-02-08 16:39:18 - [TEST_STEP][PASSED] - verifyTextPresent("Select a state", true): Text 'Select a state' is present on page  using regular expression

2023-02-08 16:39:18 - [MESSAGE][PASSED] - Text 'Select a state' is present on page  using regular expression

2023-02-08 16:39:18 - [TEST_STEP][PASSED] - verifyTextPresent("Enter ZIP code", true): Text 'Enter ZIP code' is present on page  using regular expression

2023-02-08 16:39:19 - [MESSAGE][PASSED] - Text 'Enter ZIP code' is present on page  using regular expression

2023-02-08 16:39:19 - [TEST_STEP][PASSED] - verifyTextPresent("Enter a valid phone number", true): Text 'Enter a valid phone number' is present on page  using regular expression

2023-02-08 16:39:19 - [MESSAGE][PASSED] - Text 'Enter a valid phone number' is present on page  using regular expression

2023-02-08 16:39:19 - [TEST_STEP][PASSED] - verifyTextPresent("Enter Email", true): Text 'Enter Email' is present on page  using regular expression

2023-02-08 16:39:20 - [MESSAGE][PASSED] - Text 'Enter Email' is present on page  using regular expression

2023-02-08 16:39:20 - [TEST_STEP][PASSED] - verifyTextPresent("The Email and Re-enter email do not match", true): Text 'The Email and Re-enter email do not match' is present on page  using regular expression

2023-02-08 16:39:20 - [MESSAGE][PASSED] - Text 'The Email and Re-enter email do not match' is present on page  using regular expression

2023-02-08 16:39:20 - [TEST_STEP][PASSED] - verifyTextPresent("Enter valid MD Central Registration.", true): Text 'Enter valid MD Central Registration.' is present on page  using regular expression

2023-02-08 16:39:21 - [MESSAGE][PASSED] - Text 'Enter valid MD Central Registration.' is present on page  using regular expression

2023-02-08 16:39:21 - [TEST_STEP][PASSED] - verifyTextPresent("Select reporting period", true): Text 'Select reporting period' is present on page  using regular expression

2023-02-08 16:39:21 - [MESSAGE][PASSED] - Text 'Select reporting period' is present on page  using regular expression

2023-02-08 16:39:21 - [TEST_STEP][PASSED] - verifyTextPresent("Withholding amount must be greater than zero and less than 10,000,000", true): Text 'Withholding amount must be greater than zero and less than 10,000,000' is present on page  using regular expression

2023-02-08 16:39:22 - [MESSAGE][PASSED] - Text 'Withholding amount must be greater than zero and less than 10,000,000' is present on page  using regular expression

2023-02-08 16:39:22 - [TEST_STEP][PASSED] - verifyTextPresent("Payment amount must be greater than zero and less than 10,000,000", true): Text 'Payment amount must be greater than zero and less than 10,000,000' is present on page  using regular expression

2023-02-08 16:39:22 - [MESSAGE][PASSED] - Text 'Payment amount must be greater than zero and less than 10,000,000' is present on page  using regular expression]]></system-out>
         <system-err><![CDATA[]]></system-err>
      </testcase>
      <testcase name="Test Cases/RAD_TestCases/MRF_TestCases/EstimatedTax_Joint_MRF_TC" time="52.759" classname="Test Cases/RAD_TestCases/MRF_TestCases/EstimatedTax_Joint_MRF_TC" status="PASSED">
         <system-out><![CDATA[2023-02-08 16:39:22 - [TEST_CASE][PASSED] - Test Cases/RAD_TestCases/MRF_TestCases/EstimatedTax_Joint_MRF_TC: Test Cases/RAD_TestCases/MRF_TestCases/EstimatedTax_Joint_MRF_TC

2023-02-08 16:39:22 - [TEST_STEP][PASSED] - orPath_Landing = "Object Repository/RAD_Pages/Landing_Page": null

2023-02-08 16:39:22 - [TEST_STEP][PASSED] - orPath_Amount = "Object Repository/RAD_Pages/PaymentAmount_Page": null

2023-02-08 16:39:22 - [TEST_STEP][PASSED] - orPath_FilingStatus = "Object Repository/RAD_Pages/FilingStatus_Page": null

2023-02-08 16:39:22 - [TEST_STEP][PASSED] - orPath_TaxPayer = "Object Repository/RAD_Pages/Taxpayer_Page": null

2023-02-08 16:39:22 - [TEST_STEP][PASSED] - taxTypeDropList = ["Estimated Tax", "Personal Income Tax", "Extension Payments"]: null

2023-02-08 16:39:22 - [TEST_STEP][PASSED] - listSize = taxTypeDropList.size(): null

2023-02-08 16:39:22 - [TEST_STEP][PASSED] - println(listSize): null

2023-02-08 16:39:22 - [TEST_STEP][PASSED] - executionProfile = getExecutionProfile(): null

2023-02-08 16:39:22 - [TEST_STEP][PASSED] - for ([i = 0, i < listSize, (i++)]): Text 'Enter joint payer first name' is present on page  using regular expression

2023-02-08 16:39:22 - [TEST_STEP][PASSED] - openBrowser(""): Browser is opened with url: ''

2023-02-08 16:39:22 - [MESSAGE][WARNING] - A browser is already opened. Closing browser and opening a new one

2023-02-08 16:39:23 - [MESSAGE][INFO] - Starting 'Chrome' driver

2023-02-08 16:39:23 - [MESSAGE][INFO] - User set preference: ['acceptInsecureCerts', 'true']

2023-02-08 16:39:23 - [MESSAGE][INFO] - Action delay is set to 0 milliseconds

2023-02-08 16:39:25 - [MESSAGE][PASSED] - Browser is opened with url: ''

2023-02-08 16:39:25 - [TEST_STEP][PASSED] - maximizeWindow(): Current window maximized

2023-02-08 16:39:25 - [MESSAGE][PASSED] - Current window maximized

2023-02-08 16:39:25 - [TEST_STEP][PASSED] - navigateToUrl(RADurl): Navigate to 'https://qa.velocitypayment.com/client/rad/index.html' successfully

2023-02-08 16:39:27 - [MESSAGE][PASSED] - Navigate to 'https://qa.velocitypayment.com/client/rad/index.html' successfully

2023-02-08 16:39:27 - [TEST_STEP][PASSED] - out.println("Value of taxTypeDropList : " + taxTypeDropList[i]): null

2023-02-08 16:39:27 - [TEST_STEP][PASSED] - selectOptionByLabel(findTestObject(orPath_Landing + "/dd_TaxType"), taxTypeDropList[i], false): All options with label 'Estimated Tax' are selected in object 'Object Repository/RAD_Pages/Landing_Page/dd_TaxType' 

2023-02-08 16:39:28 - [MESSAGE][PASSED] - All options with label 'Estimated Tax' are selected in object 'Object Repository/RAD_Pages/Landing_Page/dd_TaxType' 

2023-02-08 16:39:28 - [TEST_STEP][PASSED] - switch (executionProfile): null

2023-02-08 16:39:28 - [TEST_STEP][PASSED] - case "QAProfile":: null

2023-02-08 16:39:28 - [TEST_STEP][PASSED] - setText(findTestObject(orPath_TaxPayer + "/input_lastName"), "Anderson"): Text 'Anderson' is set on object 'Object Repository/RAD_Pages/Taxpayer_Page/input_lastName'

2023-02-08 16:39:28 - [MESSAGE][PASSED] - Text 'Anderson' is set on object 'Object Repository/RAD_Pages/Taxpayer_Page/input_lastName'

2023-02-08 16:39:28 - [TEST_STEP][PASSED] - setText(findTestObject("RAD_RecordAndPlay/input_concatSSN"), "123441234"): Text '123441234' is set on object 'Object Repository/RAD_RecordAndPlay/input_concatSSN'

2023-02-08 16:39:29 - [MESSAGE][PASSED] - Text '123441234' is set on object 'Object Repository/RAD_RecordAndPlay/input_concatSSN'

2023-02-08 16:39:29 - [TEST_STEP][PASSED] - setText(findTestObject("RAD_RecordAndPlay/input_concatReSSN"), "123441234"): Text '123441234' is set on object 'Object Repository/RAD_RecordAndPlay/input_concatReSSN'

2023-02-08 16:39:30 - [MESSAGE][PASSED] - Text '123441234' is set on object 'Object Repository/RAD_RecordAndPlay/input_concatReSSN'

2023-02-08 16:39:30 - [TEST_STEP][PASSED] - break: null

2023-02-08 16:39:30 - [TEST_STEP][PASSED] - scrollToElement(findTestObject(orPath_Amount + "/input__paymentAmount"), 3): Scroll to object 'Object Repository/RAD_Pages/PaymentAmount_Page/input__paymentAmount' successfully

2023-02-08 16:39:30 - [MESSAGE][PASSED] - Scroll to object 'Object Repository/RAD_Pages/PaymentAmount_Page/input__paymentAmount' successfully

2023-02-08 16:39:30 - [TEST_STEP][PASSED] - waitForElementClickable(findTestObject(orPath_FilingStatus + "/input_userType_Joint"), 5): Object 'Object Repository/RAD_Pages/FilingStatus_Page/input_userType_Joint' is clickable

2023-02-08 16:39:30 - [MESSAGE][PASSED] - Object 'Object Repository/RAD_Pages/FilingStatus_Page/input_userType_Joint' is clickable

2023-02-08 16:39:30 - [TEST_STEP][PASSED] - click(findTestObject(orPath_FilingStatus + "/input_userType_Joint")): Object: 'Object Repository/RAD_Pages/FilingStatus_Page/input_userType_Joint' is clicked on

2023-02-08 16:39:31 - [MESSAGE][PASSED] - Object: 'Object Repository/RAD_Pages/FilingStatus_Page/input_userType_Joint' is clicked on

2023-02-08 16:39:31 - [TEST_STEP][PASSED] - switch (executionProfile): null

2023-02-08 16:39:31 - [TEST_STEP][PASSED] - case "QAProfile":: null

2023-02-08 16:39:31 - [TEST_STEP][PASSED] - setText(findTestObject(orPath_FilingStatus + "/input_jointLastName"), "Stokes"): Text 'Stokes' is set on object 'Object Repository/RAD_Pages/FilingStatus_Page/input_jointLastName'

2023-02-08 16:39:32 - [MESSAGE][PASSED] - Text 'Stokes' is set on object 'Object Repository/RAD_Pages/FilingStatus_Page/input_jointLastName'

2023-02-08 16:39:32 - [TEST_STEP][PASSED] - setText(findTestObject("Object Repository/RAD_RecordAndPlay/input_JointFilerSSN"), "123443210"): Text '123443210' is set on object 'Object Repository/RAD_RecordAndPlay/input_JointFilerSSN'

2023-02-08 16:39:33 - [MESSAGE][PASSED] - Text '123443210' is set on object 'Object Repository/RAD_RecordAndPlay/input_JointFilerSSN'

2023-02-08 16:39:33 - [TEST_STEP][PASSED] - setText(findTestObject("Object Repository/RAD_RecordAndPlay/input_reTypeJointFilerSSN"), "123443210"): Text '123443210' is set on object 'Object Repository/RAD_RecordAndPlay/input_reTypeJointFilerSSN'

2023-02-08 16:39:33 - [MESSAGE][PASSED] - Text '123443210' is set on object 'Object Repository/RAD_RecordAndPlay/input_reTypeJointFilerSSN'

2023-02-08 16:39:33 - [TEST_STEP][PASSED] - break: null

2023-02-08 16:39:33 - [TEST_STEP][PASSED] - delay(2): Delayed 2 second(s)

2023-02-08 16:39:35 - [MESSAGE][PASSED] - Delayed 2 second(s)

2023-02-08 16:39:35 - [TEST_STEP][PASSED] - scrollToElement(findTestObject(orPath_Amount + "/input__paymentAmount"), 3): Scroll to object 'Object Repository/RAD_Pages/PaymentAmount_Page/input__paymentAmount' successfully

2023-02-08 16:39:36 - [MESSAGE][PASSED] - Scroll to object 'Object Repository/RAD_Pages/PaymentAmount_Page/input__paymentAmount' successfully

2023-02-08 16:39:36 - [TEST_STEP][PASSED] - setText(findTestObject(orPath_Amount + "/input__paymentAmount"), ""): Text '' is set on object 'Object Repository/RAD_Pages/PaymentAmount_Page/input__paymentAmount'

2023-02-08 16:39:37 - [MESSAGE][PASSED] - Text '' is set on object 'Object Repository/RAD_Pages/PaymentAmount_Page/input__paymentAmount'

2023-02-08 16:39:37 - [TEST_STEP][PASSED] - delay(2): Delayed 2 second(s)

2023-02-08 16:39:39 - [MESSAGE][PASSED] - Delayed 2 second(s)

2023-02-08 16:39:39 - [TEST_STEP][PASSED] - click(findTestObject(orPath_Landing + "/button_Continue")): Object: 'Object Repository/RAD_Pages/Landing_Page/button_Continue' is clicked on

2023-02-08 16:39:39 - [MESSAGE][PASSED] - Object: 'Object Repository/RAD_Pages/Landing_Page/button_Continue' is clicked on

2023-02-08 16:39:39 - [TEST_STEP][PASSED] - verifyTextPresent("Enter joint payer first name", true): Text 'Enter joint payer first name' is present on page  using regular expression

2023-02-08 16:39:40 - [MESSAGE][PASSED] - Text 'Enter joint payer first name' is present on page  using regular expression

2023-02-08 16:39:40 - [TEST_STEP][PASSED] - openBrowser(""): Browser is opened with url: ''

2023-02-08 16:39:40 - [MESSAGE][WARNING] - A browser is already opened. Closing browser and opening a new one

2023-02-08 16:39:41 - [MESSAGE][INFO] - Starting 'Chrome' driver

2023-02-08 16:39:41 - [MESSAGE][INFO] - User set preference: ['acceptInsecureCerts', 'true']

2023-02-08 16:39:41 - [MESSAGE][INFO] - Action delay is set to 0 milliseconds

2023-02-08 16:39:42 - [MESSAGE][PASSED] - Browser is opened with url: ''

2023-02-08 16:39:42 - [TEST_STEP][PASSED] - maximizeWindow(): Current window maximized

2023-02-08 16:39:42 - [MESSAGE][PASSED] - Current window maximized

2023-02-08 16:39:42 - [TEST_STEP][PASSED] - navigateToUrl(RADurl): Navigate to 'https://qa.velocitypayment.com/client/rad/index.html' successfully

2023-02-08 16:39:44 - [MESSAGE][PASSED] - Navigate to 'https://qa.velocitypayment.com/client/rad/index.html' successfully

2023-02-08 16:39:44 - [TEST_STEP][PASSED] - out.println("Value of taxTypeDropList : " + taxTypeDropList[i]): null

2023-02-08 16:39:44 - [TEST_STEP][PASSED] - selectOptionByLabel(findTestObject(orPath_Landing + "/dd_TaxType"), taxTypeDropList[i], false): All options with label 'Personal Income Tax' are selected in object 'Object Repository/RAD_Pages/Landing_Page/dd_TaxType' 

2023-02-08 16:39:45 - [MESSAGE][PASSED] - All options with label 'Personal Income Tax' are selected in object 'Object Repository/RAD_Pages/Landing_Page/dd_TaxType' 

2023-02-08 16:39:45 - [TEST_STEP][PASSED] - switch (executionProfile): null

2023-02-08 16:39:45 - [TEST_STEP][PASSED] - case "QAProfile":: null

2023-02-08 16:39:45 - [TEST_STEP][PASSED] - setText(findTestObject(orPath_TaxPayer + "/input_lastName"), "Anderson"): Text 'Anderson' is set on object 'Object Repository/RAD_Pages/Taxpayer_Page/input_lastName'

2023-02-08 16:39:46 - [MESSAGE][PASSED] - Text 'Anderson' is set on object 'Object Repository/RAD_Pages/Taxpayer_Page/input_lastName'

2023-02-08 16:39:46 - [TEST_STEP][PASSED] - setText(findTestObject("RAD_RecordAndPlay/input_concatSSN"), "123441234"): Text '123441234' is set on object 'Object Repository/RAD_RecordAndPlay/input_concatSSN'

2023-02-08 16:39:46 - [MESSAGE][PASSED] - Text '123441234' is set on object 'Object Repository/RAD_RecordAndPlay/input_concatSSN'

2023-02-08 16:39:46 - [TEST_STEP][PASSED] - setText(findTestObject("RAD_RecordAndPlay/input_concatReSSN"), "123441234"): Text '123441234' is set on object 'Object Repository/RAD_RecordAndPlay/input_concatReSSN'

2023-02-08 16:39:47 - [MESSAGE][PASSED] - Text '123441234' is set on object 'Object Repository/RAD_RecordAndPlay/input_concatReSSN'

2023-02-08 16:39:47 - [TEST_STEP][PASSED] - break: null

2023-02-08 16:39:47 - [TEST_STEP][PASSED] - scrollToElement(findTestObject(orPath_Amount + "/input__paymentAmount"), 3): Scroll to object 'Object Repository/RAD_Pages/PaymentAmount_Page/input__paymentAmount' successfully

2023-02-08 16:39:47 - [MESSAGE][PASSED] - Scroll to object 'Object Repository/RAD_Pages/PaymentAmount_Page/input__paymentAmount' successfully

2023-02-08 16:39:47 - [TEST_STEP][PASSED] - waitForElementClickable(findTestObject(orPath_FilingStatus + "/input_userType_Joint"), 5): Object 'Object Repository/RAD_Pages/FilingStatus_Page/input_userType_Joint' is clickable

2023-02-08 16:39:48 - [MESSAGE][PASSED] - Object 'Object Repository/RAD_Pages/FilingStatus_Page/input_userType_Joint' is clickable

2023-02-08 16:39:48 - [TEST_STEP][PASSED] - click(findTestObject(orPath_FilingStatus + "/input_userType_Joint")): Object: 'Object Repository/RAD_Pages/FilingStatus_Page/input_userType_Joint' is clicked on

2023-02-08 16:39:48 - [MESSAGE][PASSED] - Object: 'Object Repository/RAD_Pages/FilingStatus_Page/input_userType_Joint' is clicked on

2023-02-08 16:39:48 - [TEST_STEP][PASSED] - switch (executionProfile): null

2023-02-08 16:39:48 - [TEST_STEP][PASSED] - case "QAProfile":: null

2023-02-08 16:39:48 - [TEST_STEP][PASSED] - setText(findTestObject(orPath_FilingStatus + "/input_jointLastName"), "Stokes"): Text 'Stokes' is set on object 'Object Repository/RAD_Pages/FilingStatus_Page/input_jointLastName'

2023-02-08 16:39:49 - [MESSAGE][PASSED] - Text 'Stokes' is set on object 'Object Repository/RAD_Pages/FilingStatus_Page/input_jointLastName'

2023-02-08 16:39:49 - [TEST_STEP][PASSED] - setText(findTestObject("Object Repository/RAD_RecordAndPlay/input_JointFilerSSN"), "123443210"): Text '123443210' is set on object 'Object Repository/RAD_RecordAndPlay/input_JointFilerSSN'

2023-02-08 16:39:50 - [MESSAGE][PASSED] - Text '123443210' is set on object 'Object Repository/RAD_RecordAndPlay/input_JointFilerSSN'

2023-02-08 16:39:50 - [TEST_STEP][PASSED] - setText(findTestObject("Object Repository/RAD_RecordAndPlay/input_reTypeJointFilerSSN"), "123443210"): Text '123443210' is set on object 'Object Repository/RAD_RecordAndPlay/input_reTypeJointFilerSSN'

2023-02-08 16:39:51 - [MESSAGE][PASSED] - Text '123443210' is set on object 'Object Repository/RAD_RecordAndPlay/input_reTypeJointFilerSSN'

2023-02-08 16:39:51 - [TEST_STEP][PASSED] - break: null

2023-02-08 16:39:51 - [TEST_STEP][PASSED] - delay(2): Delayed 2 second(s)

2023-02-08 16:39:53 - [MESSAGE][PASSED] - Delayed 2 second(s)

2023-02-08 16:39:53 - [TEST_STEP][PASSED] - scrollToElement(findTestObject(orPath_Amount + "/input__paymentAmount"), 3): Scroll to object 'Object Repository/RAD_Pages/PaymentAmount_Page/input__paymentAmount' successfully

2023-02-08 16:39:53 - [MESSAGE][PASSED] - Scroll to object 'Object Repository/RAD_Pages/PaymentAmount_Page/input__paymentAmount' successfully

2023-02-08 16:39:53 - [TEST_STEP][PASSED] - setText(findTestObject(orPath_Amount + "/input__paymentAmount"), ""): Text '' is set on object 'Object Repository/RAD_Pages/PaymentAmount_Page/input__paymentAmount'

2023-02-08 16:39:54 - [MESSAGE][PASSED] - Text '' is set on object 'Object Repository/RAD_Pages/PaymentAmount_Page/input__paymentAmount'

2023-02-08 16:39:54 - [TEST_STEP][PASSED] - delay(2): Delayed 2 second(s)

2023-02-08 16:39:56 - [MESSAGE][PASSED] - Delayed 2 second(s)

2023-02-08 16:39:56 - [TEST_STEP][PASSED] - click(findTestObject(orPath_Landing + "/button_Continue")): Object: 'Object Repository/RAD_Pages/Landing_Page/button_Continue' is clicked on

2023-02-08 16:39:56 - [MESSAGE][PASSED] - Object: 'Object Repository/RAD_Pages/Landing_Page/button_Continue' is clicked on

2023-02-08 16:39:56 - [TEST_STEP][PASSED] - verifyTextPresent("Enter joint payer first name", true): Text 'Enter joint payer first name' is present on page  using regular expression

2023-02-08 16:39:57 - [MESSAGE][PASSED] - Text 'Enter joint payer first name' is present on page  using regular expression

2023-02-08 16:39:57 - [TEST_STEP][PASSED] - openBrowser(""): Browser is opened with url: ''

2023-02-08 16:39:57 - [MESSAGE][WARNING] - A browser is already opened. Closing browser and opening a new one

2023-02-08 16:39:58 - [MESSAGE][INFO] - Starting 'Chrome' driver

2023-02-08 16:39:58 - [MESSAGE][INFO] - User set preference: ['acceptInsecureCerts', 'true']

2023-02-08 16:39:58 - [MESSAGE][INFO] - Action delay is set to 0 milliseconds

2023-02-08 16:39:59 - [MESSAGE][PASSED] - Browser is opened with url: ''

2023-02-08 16:39:59 - [TEST_STEP][PASSED] - maximizeWindow(): Current window maximized

2023-02-08 16:39:59 - [MESSAGE][PASSED] - Current window maximized

2023-02-08 16:39:59 - [TEST_STEP][PASSED] - navigateToUrl(RADurl): Navigate to 'https://qa.velocitypayment.com/client/rad/index.html' successfully

2023-02-08 16:40:02 - [MESSAGE][PASSED] - Navigate to 'https://qa.velocitypayment.com/client/rad/index.html' successfully

2023-02-08 16:40:02 - [TEST_STEP][PASSED] - out.println("Value of taxTypeDropList : " + taxTypeDropList[i]): null

2023-02-08 16:40:02 - [TEST_STEP][PASSED] - selectOptionByLabel(findTestObject(orPath_Landing + "/dd_TaxType"), taxTypeDropList[i], false): All options with label 'Extension Payments' are selected in object 'Object Repository/RAD_Pages/Landing_Page/dd_TaxType' 

2023-02-08 16:40:03 - [MESSAGE][PASSED] - All options with label 'Extension Payments' are selected in object 'Object Repository/RAD_Pages/Landing_Page/dd_TaxType' 

2023-02-08 16:40:03 - [TEST_STEP][PASSED] - switch (executionProfile): null

2023-02-08 16:40:03 - [TEST_STEP][PASSED] - case "QAProfile":: null

2023-02-08 16:40:03 - [TEST_STEP][PASSED] - setText(findTestObject(orPath_TaxPayer + "/input_lastName"), "Anderson"): Text 'Anderson' is set on object 'Object Repository/RAD_Pages/Taxpayer_Page/input_lastName'

2023-02-08 16:40:04 - [MESSAGE][PASSED] - Text 'Anderson' is set on object 'Object Repository/RAD_Pages/Taxpayer_Page/input_lastName'

2023-02-08 16:40:04 - [TEST_STEP][PASSED] - setText(findTestObject("RAD_RecordAndPlay/input_concatSSN"), "123441234"): Text '123441234' is set on object 'Object Repository/RAD_RecordAndPlay/input_concatSSN'

2023-02-08 16:40:04 - [MESSAGE][PASSED] - Text '123441234' is set on object 'Object Repository/RAD_RecordAndPlay/input_concatSSN'

2023-02-08 16:40:04 - [TEST_STEP][PASSED] - setText(findTestObject("RAD_RecordAndPlay/input_concatReSSN"), "123441234"): Text '123441234' is set on object 'Object Repository/RAD_RecordAndPlay/input_concatReSSN'

2023-02-08 16:40:05 - [MESSAGE][PASSED] - Text '123441234' is set on object 'Object Repository/RAD_RecordAndPlay/input_concatReSSN'

2023-02-08 16:40:05 - [TEST_STEP][PASSED] - break: null

2023-02-08 16:40:05 - [TEST_STEP][PASSED] - scrollToElement(findTestObject(orPath_Amount + "/input__paymentAmount"), 3): Scroll to object 'Object Repository/RAD_Pages/PaymentAmount_Page/input__paymentAmount' successfully

2023-02-08 16:40:06 - [MESSAGE][PASSED] - Scroll to object 'Object Repository/RAD_Pages/PaymentAmount_Page/input__paymentAmount' successfully

2023-02-08 16:40:06 - [TEST_STEP][PASSED] - waitForElementClickable(findTestObject(orPath_FilingStatus + "/input_userType_Joint"), 5): Object 'Object Repository/RAD_Pages/FilingStatus_Page/input_userType_Joint' is clickable

2023-02-08 16:40:06 - [MESSAGE][PASSED] - Object 'Object Repository/RAD_Pages/FilingStatus_Page/input_userType_Joint' is clickable

2023-02-08 16:40:06 - [TEST_STEP][PASSED] - click(findTestObject(orPath_FilingStatus + "/input_userType_Joint")): Object: 'Object Repository/RAD_Pages/FilingStatus_Page/input_userType_Joint' is clicked on

2023-02-08 16:40:06 - [MESSAGE][PASSED] - Object: 'Object Repository/RAD_Pages/FilingStatus_Page/input_userType_Joint' is clicked on

2023-02-08 16:40:06 - [TEST_STEP][PASSED] - switch (executionProfile): null

2023-02-08 16:40:06 - [TEST_STEP][PASSED] - case "QAProfile":: null

2023-02-08 16:40:06 - [TEST_STEP][PASSED] - setText(findTestObject(orPath_FilingStatus + "/input_jointLastName"), "Stokes"): Text 'Stokes' is set on object 'Object Repository/RAD_Pages/FilingStatus_Page/input_jointLastName'

2023-02-08 16:40:07 - [MESSAGE][PASSED] - Text 'Stokes' is set on object 'Object Repository/RAD_Pages/FilingStatus_Page/input_jointLastName'

2023-02-08 16:40:07 - [TEST_STEP][PASSED] - setText(findTestObject("Object Repository/RAD_RecordAndPlay/input_JointFilerSSN"), "123443210"): Text '123443210' is set on object 'Object Repository/RAD_RecordAndPlay/input_JointFilerSSN'

2023-02-08 16:40:08 - [MESSAGE][PASSED] - Text '123443210' is set on object 'Object Repository/RAD_RecordAndPlay/input_JointFilerSSN'

2023-02-08 16:40:08 - [TEST_STEP][PASSED] - setText(findTestObject("Object Repository/RAD_RecordAndPlay/input_reTypeJointFilerSSN"), "123443210"): Text '123443210' is set on object 'Object Repository/RAD_RecordAndPlay/input_reTypeJointFilerSSN'

2023-02-08 16:40:08 - [MESSAGE][PASSED] - Text '123443210' is set on object 'Object Repository/RAD_RecordAndPlay/input_reTypeJointFilerSSN'

2023-02-08 16:40:09 - [TEST_STEP][PASSED] - break: null

2023-02-08 16:40:09 - [TEST_STEP][PASSED] - delay(2): Delayed 2 second(s)

2023-02-08 16:40:11 - [MESSAGE][PASSED] - Delayed 2 second(s)

2023-02-08 16:40:11 - [TEST_STEP][PASSED] - scrollToElement(findTestObject(orPath_Amount + "/input__paymentAmount"), 3): Scroll to object 'Object Repository/RAD_Pages/PaymentAmount_Page/input__paymentAmount' successfully

2023-02-08 16:40:11 - [MESSAGE][PASSED] - Scroll to object 'Object Repository/RAD_Pages/PaymentAmount_Page/input__paymentAmount' successfully

2023-02-08 16:40:11 - [TEST_STEP][PASSED] - setText(findTestObject(orPath_Amount + "/input__paymentAmount"), ""): Text '' is set on object 'Object Repository/RAD_Pages/PaymentAmount_Page/input__paymentAmount'

2023-02-08 16:40:12 - [MESSAGE][PASSED] - Text '' is set on object 'Object Repository/RAD_Pages/PaymentAmount_Page/input__paymentAmount'

2023-02-08 16:40:12 - [TEST_STEP][PASSED] - delay(2): Delayed 2 second(s)

2023-02-08 16:40:14 - [MESSAGE][PASSED] - Delayed 2 second(s)

2023-02-08 16:40:14 - [TEST_STEP][PASSED] - click(findTestObject(orPath_Landing + "/button_Continue")): Object: 'Object Repository/RAD_Pages/Landing_Page/button_Continue' is clicked on

2023-02-08 16:40:14 - [MESSAGE][PASSED] - Object: 'Object Repository/RAD_Pages/Landing_Page/button_Continue' is clicked on

2023-02-08 16:40:14 - [TEST_STEP][PASSED] - verifyTextPresent("Enter joint payer first name", true): Text 'Enter joint payer first name' is present on page  using regular expression

2023-02-08 16:40:15 - [MESSAGE][PASSED] - Text 'Enter joint payer first name' is present on page  using regular expression]]></system-out>
         <system-err><![CDATA[]]></system-err>
      </testcase>
      <testcase name="Test Cases/RAD_TestCases/Negative_TestCases/EMailNoMatch" time="65.758" classname="Test Cases/RAD_TestCases/Negative_TestCases/EMailNoMatch" status="PASSED">
         <system-out><![CDATA[2023-02-08 16:40:15 - [TEST_CASE][PASSED] - Test Cases/RAD_TestCases/Negative_TestCases/EMailNoMatch: Test Cases/RAD_TestCases/Negative_TestCases/EMailNoMatch

2023-02-08 16:40:16 - [TEST_STEP][PASSED] - resText = "Fail": null

2023-02-08 16:40:16 - [TEST_STEP][PASSED] - resColumn = "Result": null

2023-02-08 16:40:16 - [TEST_STEP][PASSED] - datCloumn = "Date": null

2023-02-08 16:40:16 - [TEST_STEP][PASSED] - fileLoc = "KatalonData/RADTestData/EmailNoMatch.xlsx": null

2023-02-08 16:40:16 - [TEST_STEP][PASSED] - nameSheet = "Sheet1": null

2023-02-08 16:40:16 - [TEST_STEP][PASSED] - dataFile = "RADTestData/EmailNoMatch": null

2023-02-08 16:40:16 - [TEST_STEP][PASSED] - ExecuteTC = <not implemented yet for class: org.codehaus.groovy.ast.expr.EmptyExpression>: null

2023-02-08 16:40:16 - [TEST_STEP][PASSED] - Taxtype = <not implemented yet for class: org.codehaus.groovy.ast.expr.EmptyExpression>: null

2023-02-08 16:40:16 - [TEST_STEP][PASSED] - numOfRows = findTestData(dataFile).getRowNumbers(): null

2023-02-08 16:40:16 - [TEST_STEP][PASSED] - println("Number of Records: " + numOfRows): null

2023-02-08 16:40:16 - [TEST_STEP][PASSED] - for ([row = 1, row <= numOfRows, (row++)]): null

2023-02-08 16:40:16 - [TEST_STEP][PASSED] - ExecuteTC = findTestData(dataFile).getValue("Execute", row): null

2023-02-08 16:40:16 - [TEST_STEP][PASSED] - out.println("Value of Execute is : " + ExecuteTC): null

2023-02-08 16:40:16 - [TEST_STEP][PASSED] - if (ExecuteTC.equalsIgnoreCase("Y")): null

2023-02-08 16:40:16 - [TEST_STEP][PASSED] - out.println("Begin Record Number: " + row): null

2023-02-08 16:40:16 - [TEST_STEP][PASSED] - today = new java.util.Date(): null

2023-02-08 16:40:16 - [TEST_STEP][PASSED] - println(today): null

2023-02-08 16:40:16 - [TEST_STEP][PASSED] - datText = today: null

2023-02-08 16:40:16 - [TEST_STEP][PASSED] - Taxtype = findTestData(dataFile).getValue("TaxType", row): null

2023-02-08 16:40:16 - [TEST_STEP][PASSED] - out.println("Taxtype value is : " + Taxtype): null

2023-02-08 16:40:16 - [TEST_STEP][PASSED] - openBrowser(""): Browser is opened with url: ''

2023-02-08 16:40:16 - [MESSAGE][WARNING] - A browser is already opened. Closing browser and opening a new one

2023-02-08 16:40:17 - [MESSAGE][INFO] - Starting 'Chrome' driver

2023-02-08 16:40:17 - [MESSAGE][INFO] - User set preference: ['acceptInsecureCerts', 'true']

2023-02-08 16:40:17 - [MESSAGE][INFO] - Action delay is set to 0 milliseconds

2023-02-08 16:40:19 - [MESSAGE][PASSED] - Browser is opened with url: ''

2023-02-08 16:40:19 - [TEST_STEP][PASSED] - maximizeWindow(): Current window maximized

2023-02-08 16:40:19 - [MESSAGE][PASSED] - Current window maximized

2023-02-08 16:40:19 - [TEST_STEP][PASSED] - navigateToUrl(RADurl): Navigate to 'https://qa.velocitypayment.com/client/rad/index.html' successfully

2023-02-08 16:40:21 - [MESSAGE][PASSED] - Navigate to 'https://qa.velocitypayment.com/client/rad/index.html' successfully

2023-02-08 16:40:21 - [TEST_STEP][PASSED] - orPath_Landing = "Object Repository/RAD_Pages/Landing_Page": null

2023-02-08 16:40:21 - [TEST_STEP][PASSED] - orPath_TaxTypeFilingYear = "Object Repository/RAD_Pages/TaxTypeFilingYear_Page": null

2023-02-08 16:40:21 - [TEST_STEP][PASSED] - orPath_TaxPayer = "Object Repository/RAD_Pages/Taxpayer_Page": null

2023-02-08 16:40:21 - [TEST_STEP][PASSED] - orPath_AddressContact = "Object Repository/RAD_Pages/AddressAndContactInfo_Page": null

2023-02-08 16:40:21 - [TEST_STEP][PASSED] - orPath_FilingStatus = "Object Repository/RAD_Pages/FilingStatus_Page": null

2023-02-08 16:40:21 - [TEST_STEP][PASSED] - orPath_Amount = "Object Repository/RAD_Pages/PaymentAmount_Page": null

2023-02-08 16:40:21 - [TEST_STEP][PASSED] - selectOptionByLabel(findTestObject(orPath_Landing + "/dd_TaxType"), Taxtype, false): All options with label 'Estimated Tax' are selected in object 'Object Repository/RAD_Pages/Landing_Page/dd_TaxType' 

2023-02-08 16:40:22 - [MESSAGE][PASSED] - All options with label 'Estimated Tax' are selected in object 'Object Repository/RAD_Pages/Landing_Page/dd_TaxType' 

2023-02-08 16:40:22 - [TEST_STEP][PASSED] - scrollToElement(findTestObject(orPath_Amount + "/input__paymentAmount"), 3): Scroll to object 'Object Repository/RAD_Pages/PaymentAmount_Page/input__paymentAmount' successfully

2023-02-08 16:40:22 - [MESSAGE][PASSED] - Scroll to object 'Object Repository/RAD_Pages/PaymentAmount_Page/input__paymentAmount' successfully

2023-02-08 16:40:22 - [TEST_STEP][PASSED] - setText(findTestObject(orPath_AddressContact + "/input_eMailAddress"), "imtiazster@gmail.com"): Text 'imtiazster@gmail.com' is set on object 'Object Repository/RAD_Pages/AddressAndContactInfo_Page/input_eMailAddress'

2023-02-08 16:40:23 - [MESSAGE][PASSED] - Text 'imtiazster@gmail.com' is set on object 'Object Repository/RAD_Pages/AddressAndContactInfo_Page/input_eMailAddress'

2023-02-08 16:40:23 - [TEST_STEP][PASSED] - setText(findTestObject(orPath_AddressContact + "/input_reEnterEMailAddress"), "iahmed@govolution.com"): Text 'iahmed@govolution.com' is set on object 'Object Repository/RAD_Pages/AddressAndContactInfo_Page/input_reEnterEMailAddress'

2023-02-08 16:40:24 - [MESSAGE][PASSED] - Text 'iahmed@govolution.com' is set on object 'Object Repository/RAD_Pages/AddressAndContactInfo_Page/input_reEnterEMailAddress'

2023-02-08 16:40:24 - [TEST_STEP][PASSED] - delay(2): Delayed 2 second(s)

2023-02-08 16:40:26 - [MESSAGE][PASSED] - Delayed 2 second(s)

2023-02-08 16:40:26 - [TEST_STEP][PASSED] - if (verifyTextPresent("The Email and Re-enter email do not match", true)): null

2023-02-08 16:40:26 - [MESSAGE][PASSED] - Text 'The Email and Re-enter email do not match' is present on page  using regular expression

2023-02-08 16:40:26 - [TEST_STEP][PASSED] - println("Emails Dont match text is present"): null

2023-02-08 16:40:26 - [TEST_STEP][PASSED] - out.println("Pass Record Number: " + row): null

2023-02-08 16:40:26 - [TEST_STEP][PASSED] - resText = "Pass": null

2023-02-08 16:40:26 - [TEST_STEP][PASSED] - pages.WriteExcel.demoKey(resText, datText, resColumn, datCloumn, fileLoc, nameSheet, row): pages.WriteExcel.demoKey is PASSED

2023-02-08 16:40:27 - [MESSAGE][PASSED] - pages.WriteExcel.demoKey is PASSED

2023-02-08 16:40:27 - [TEST_STEP][PASSED] - ExecuteTC = findTestData(dataFile).getValue("Execute", row): null

2023-02-08 16:40:27 - [TEST_STEP][PASSED] - out.println("Value of Execute is : " + ExecuteTC): null

2023-02-08 16:40:27 - [TEST_STEP][PASSED] - if (ExecuteTC.equalsIgnoreCase("Y")): null

2023-02-08 16:40:27 - [TEST_STEP][PASSED] - out.println("Begin Record Number: " + row): null

2023-02-08 16:40:27 - [TEST_STEP][PASSED] - today = new java.util.Date(): null

2023-02-08 16:40:27 - [TEST_STEP][PASSED] - println(today): null

2023-02-08 16:40:27 - [TEST_STEP][PASSED] - datText = today: null

2023-02-08 16:40:27 - [TEST_STEP][PASSED] - Taxtype = findTestData(dataFile).getValue("TaxType", row): null

2023-02-08 16:40:27 - [TEST_STEP][PASSED] - out.println("Taxtype value is : " + Taxtype): null

2023-02-08 16:40:27 - [TEST_STEP][PASSED] - openBrowser(""): Browser is opened with url: ''

2023-02-08 16:40:27 - [MESSAGE][WARNING] - A browser is already opened. Closing browser and opening a new one

2023-02-08 16:40:28 - [MESSAGE][INFO] - Starting 'Chrome' driver

2023-02-08 16:40:28 - [MESSAGE][INFO] - User set preference: ['acceptInsecureCerts', 'true']

2023-02-08 16:40:28 - [MESSAGE][INFO] - Action delay is set to 0 milliseconds

2023-02-08 16:40:30 - [MESSAGE][PASSED] - Browser is opened with url: ''

2023-02-08 16:40:30 - [TEST_STEP][PASSED] - maximizeWindow(): Current window maximized

2023-02-08 16:40:30 - [MESSAGE][PASSED] - Current window maximized

2023-02-08 16:40:30 - [TEST_STEP][PASSED] - navigateToUrl(RADurl): Navigate to 'https://qa.velocitypayment.com/client/rad/index.html' successfully

2023-02-08 16:40:32 - [MESSAGE][PASSED] - Navigate to 'https://qa.velocitypayment.com/client/rad/index.html' successfully

2023-02-08 16:40:32 - [TEST_STEP][PASSED] - orPath_Landing = "Object Repository/RAD_Pages/Landing_Page": null

2023-02-08 16:40:32 - [TEST_STEP][PASSED] - orPath_TaxTypeFilingYear = "Object Repository/RAD_Pages/TaxTypeFilingYear_Page": null

2023-02-08 16:40:32 - [TEST_STEP][PASSED] - orPath_TaxPayer = "Object Repository/RAD_Pages/Taxpayer_Page": null

2023-02-08 16:40:32 - [TEST_STEP][PASSED] - orPath_AddressContact = "Object Repository/RAD_Pages/AddressAndContactInfo_Page": null

2023-02-08 16:40:32 - [TEST_STEP][PASSED] - orPath_FilingStatus = "Object Repository/RAD_Pages/FilingStatus_Page": null

2023-02-08 16:40:32 - [TEST_STEP][PASSED] - orPath_Amount = "Object Repository/RAD_Pages/PaymentAmount_Page": null

2023-02-08 16:40:32 - [TEST_STEP][PASSED] - selectOptionByLabel(findTestObject(orPath_Landing + "/dd_TaxType"), Taxtype, false): All options with label 'Personal Income Tax' are selected in object 'Object Repository/RAD_Pages/Landing_Page/dd_TaxType' 

2023-02-08 16:40:32 - [MESSAGE][PASSED] - All options with label 'Personal Income Tax' are selected in object 'Object Repository/RAD_Pages/Landing_Page/dd_TaxType' 

2023-02-08 16:40:32 - [TEST_STEP][PASSED] - scrollToElement(findTestObject(orPath_Amount + "/input__paymentAmount"), 3): Scroll to object 'Object Repository/RAD_Pages/PaymentAmount_Page/input__paymentAmount' successfully

2023-02-08 16:40:33 - [MESSAGE][PASSED] - Scroll to object 'Object Repository/RAD_Pages/PaymentAmount_Page/input__paymentAmount' successfully

2023-02-08 16:40:33 - [TEST_STEP][PASSED] - setText(findTestObject(orPath_AddressContact + "/input_eMailAddress"), "imtiazster@gmail.com"): Text 'imtiazster@gmail.com' is set on object 'Object Repository/RAD_Pages/AddressAndContactInfo_Page/input_eMailAddress'

2023-02-08 16:40:34 - [MESSAGE][PASSED] - Text 'imtiazster@gmail.com' is set on object 'Object Repository/RAD_Pages/AddressAndContactInfo_Page/input_eMailAddress'

2023-02-08 16:40:34 - [TEST_STEP][PASSED] - setText(findTestObject(orPath_AddressContact + "/input_reEnterEMailAddress"), "iahmed@govolution.com"): Text 'iahmed@govolution.com' is set on object 'Object Repository/RAD_Pages/AddressAndContactInfo_Page/input_reEnterEMailAddress'

2023-02-08 16:40:35 - [MESSAGE][PASSED] - Text 'iahmed@govolution.com' is set on object 'Object Repository/RAD_Pages/AddressAndContactInfo_Page/input_reEnterEMailAddress'

2023-02-08 16:40:35 - [TEST_STEP][PASSED] - delay(2): Delayed 2 second(s)

2023-02-08 16:40:37 - [MESSAGE][PASSED] - Delayed 2 second(s)

2023-02-08 16:40:37 - [TEST_STEP][PASSED] - if (verifyTextPresent("The Email and Re-enter email do not match", true)): null

2023-02-08 16:40:38 - [MESSAGE][PASSED] - Text 'The Email and Re-enter email do not match' is present on page  using regular expression

2023-02-08 16:40:38 - [TEST_STEP][PASSED] - println("Emails Dont match text is present"): null

2023-02-08 16:40:38 - [TEST_STEP][PASSED] - out.println("Pass Record Number: " + row): null

2023-02-08 16:40:38 - [TEST_STEP][PASSED] - resText = "Pass": null

2023-02-08 16:40:38 - [TEST_STEP][PASSED] - pages.WriteExcel.demoKey(resText, datText, resColumn, datCloumn, fileLoc, nameSheet, row): pages.WriteExcel.demoKey is PASSED

2023-02-08 16:40:38 - [MESSAGE][PASSED] - pages.WriteExcel.demoKey is PASSED

2023-02-08 16:40:38 - [TEST_STEP][PASSED] - ExecuteTC = findTestData(dataFile).getValue("Execute", row): null

2023-02-08 16:40:38 - [TEST_STEP][PASSED] - out.println("Value of Execute is : " + ExecuteTC): null

2023-02-08 16:40:38 - [TEST_STEP][PASSED] - if (ExecuteTC.equalsIgnoreCase("Y")): null

2023-02-08 16:40:38 - [TEST_STEP][PASSED] - out.println("Begin Record Number: " + row): null

2023-02-08 16:40:38 - [TEST_STEP][PASSED] - today = new java.util.Date(): null

2023-02-08 16:40:38 - [TEST_STEP][PASSED] - println(today): null

2023-02-08 16:40:38 - [TEST_STEP][PASSED] - datText = today: null

2023-02-08 16:40:38 - [TEST_STEP][PASSED] - Taxtype = findTestData(dataFile).getValue("TaxType", row): null

2023-02-08 16:40:38 - [TEST_STEP][PASSED] - out.println("Taxtype value is : " + Taxtype): null

2023-02-08 16:40:38 - [TEST_STEP][PASSED] - openBrowser(""): Browser is opened with url: ''

2023-02-08 16:40:38 - [MESSAGE][WARNING] - A browser is already opened. Closing browser and opening a new one

2023-02-08 16:40:39 - [MESSAGE][INFO] - Starting 'Chrome' driver

2023-02-08 16:40:39 - [MESSAGE][INFO] - User set preference: ['acceptInsecureCerts', 'true']

2023-02-08 16:40:39 - [MESSAGE][INFO] - Action delay is set to 0 milliseconds

2023-02-08 16:40:40 - [MESSAGE][PASSED] - Browser is opened with url: ''

2023-02-08 16:40:40 - [TEST_STEP][PASSED] - maximizeWindow(): Current window maximized

2023-02-08 16:40:40 - [MESSAGE][PASSED] - Current window maximized

2023-02-08 16:40:40 - [TEST_STEP][PASSED] - navigateToUrl(RADurl): Navigate to 'https://qa.velocitypayment.com/client/rad/index.html' successfully

2023-02-08 16:40:42 - [MESSAGE][PASSED] - Navigate to 'https://qa.velocitypayment.com/client/rad/index.html' successfully

2023-02-08 16:40:42 - [TEST_STEP][PASSED] - orPath_Landing = "Object Repository/RAD_Pages/Landing_Page": null

2023-02-08 16:40:42 - [TEST_STEP][PASSED] - orPath_TaxTypeFilingYear = "Object Repository/RAD_Pages/TaxTypeFilingYear_Page": null

2023-02-08 16:40:42 - [TEST_STEP][PASSED] - orPath_TaxPayer = "Object Repository/RAD_Pages/Taxpayer_Page": null

2023-02-08 16:40:42 - [TEST_STEP][PASSED] - orPath_AddressContact = "Object Repository/RAD_Pages/AddressAndContactInfo_Page": null

2023-02-08 16:40:42 - [TEST_STEP][PASSED] - orPath_FilingStatus = "Object Repository/RAD_Pages/FilingStatus_Page": null

2023-02-08 16:40:42 - [TEST_STEP][PASSED] - orPath_Amount = "Object Repository/RAD_Pages/PaymentAmount_Page": null

2023-02-08 16:40:42 - [TEST_STEP][PASSED] - selectOptionByLabel(findTestObject(orPath_Landing + "/dd_TaxType"), Taxtype, false): All options with label 'Extension Payments' are selected in object 'Object Repository/RAD_Pages/Landing_Page/dd_TaxType' 

2023-02-08 16:40:43 - [MESSAGE][PASSED] - All options with label 'Extension Payments' are selected in object 'Object Repository/RAD_Pages/Landing_Page/dd_TaxType' 

2023-02-08 16:40:43 - [TEST_STEP][PASSED] - scrollToElement(findTestObject(orPath_Amount + "/input__paymentAmount"), 3): Scroll to object 'Object Repository/RAD_Pages/PaymentAmount_Page/input__paymentAmount' successfully

2023-02-08 16:40:44 - [MESSAGE][PASSED] - Scroll to object 'Object Repository/RAD_Pages/PaymentAmount_Page/input__paymentAmount' successfully

2023-02-08 16:40:44 - [TEST_STEP][PASSED] - setText(findTestObject(orPath_AddressContact + "/input_eMailAddress"), "imtiazster@gmail.com"): Text 'imtiazster@gmail.com' is set on object 'Object Repository/RAD_Pages/AddressAndContactInfo_Page/input_eMailAddress'

2023-02-08 16:40:45 - [MESSAGE][PASSED] - Text 'imtiazster@gmail.com' is set on object 'Object Repository/RAD_Pages/AddressAndContactInfo_Page/input_eMailAddress'

2023-02-08 16:40:45 - [TEST_STEP][PASSED] - setText(findTestObject(orPath_AddressContact + "/input_reEnterEMailAddress"), "iahmed@govolution.com"): Text 'iahmed@govolution.com' is set on object 'Object Repository/RAD_Pages/AddressAndContactInfo_Page/input_reEnterEMailAddress'

2023-02-08 16:40:46 - [MESSAGE][PASSED] - Text 'iahmed@govolution.com' is set on object 'Object Repository/RAD_Pages/AddressAndContactInfo_Page/input_reEnterEMailAddress'

2023-02-08 16:40:46 - [TEST_STEP][PASSED] - delay(2): Delayed 2 second(s)

2023-02-08 16:40:48 - [MESSAGE][PASSED] - Delayed 2 second(s)

2023-02-08 16:40:48 - [TEST_STEP][PASSED] - if (verifyTextPresent("The Email and Re-enter email do not match", true)): null

2023-02-08 16:40:48 - [MESSAGE][PASSED] - Text 'The Email and Re-enter email do not match' is present on page  using regular expression

2023-02-08 16:40:48 - [TEST_STEP][PASSED] - println("Emails Dont match text is present"): null

2023-02-08 16:40:48 - [TEST_STEP][PASSED] - out.println("Pass Record Number: " + row): null

2023-02-08 16:40:48 - [TEST_STEP][PASSED] - resText = "Pass": null

2023-02-08 16:40:48 - [TEST_STEP][PASSED] - pages.WriteExcel.demoKey(resText, datText, resColumn, datCloumn, fileLoc, nameSheet, row): pages.WriteExcel.demoKey is PASSED

2023-02-08 16:40:48 - [MESSAGE][PASSED] - pages.WriteExcel.demoKey is PASSED

2023-02-08 16:40:48 - [TEST_STEP][PASSED] - ExecuteTC = findTestData(dataFile).getValue("Execute", row): null

2023-02-08 16:40:48 - [TEST_STEP][PASSED] - out.println("Value of Execute is : " + ExecuteTC): null

2023-02-08 16:40:48 - [TEST_STEP][PASSED] - if (ExecuteTC.equalsIgnoreCase("Y")): null

2023-02-08 16:40:48 - [TEST_STEP][PASSED] - out.println("Begin Record Number: " + row): null

2023-02-08 16:40:48 - [TEST_STEP][PASSED] - today = new java.util.Date(): null

2023-02-08 16:40:48 - [TEST_STEP][PASSED] - println(today): null

2023-02-08 16:40:48 - [TEST_STEP][PASSED] - datText = today: null

2023-02-08 16:40:48 - [TEST_STEP][PASSED] - Taxtype = findTestData(dataFile).getValue("TaxType", row): null

2023-02-08 16:40:48 - [TEST_STEP][PASSED] - out.println("Taxtype value is : " + Taxtype): null

2023-02-08 16:40:48 - [TEST_STEP][PASSED] - openBrowser(""): Browser is opened with url: ''

2023-02-08 16:40:48 - [MESSAGE][WARNING] - A browser is already opened. Closing browser and opening a new one

2023-02-08 16:40:49 - [MESSAGE][INFO] - Starting 'Chrome' driver

2023-02-08 16:40:49 - [MESSAGE][INFO] - User set preference: ['acceptInsecureCerts', 'true']

2023-02-08 16:40:49 - [MESSAGE][INFO] - Action delay is set to 0 milliseconds

2023-02-08 16:40:51 - [MESSAGE][PASSED] - Browser is opened with url: ''

2023-02-08 16:40:51 - [TEST_STEP][PASSED] - maximizeWindow(): Current window maximized

2023-02-08 16:40:51 - [MESSAGE][PASSED] - Current window maximized

2023-02-08 16:40:51 - [TEST_STEP][PASSED] - navigateToUrl(RADurl): Navigate to 'https://qa.velocitypayment.com/client/rad/index.html' successfully

2023-02-08 16:40:53 - [MESSAGE][PASSED] - Navigate to 'https://qa.velocitypayment.com/client/rad/index.html' successfully

2023-02-08 16:40:53 - [TEST_STEP][PASSED] - orPath_Landing = "Object Repository/RAD_Pages/Landing_Page": null

2023-02-08 16:40:53 - [TEST_STEP][PASSED] - orPath_TaxTypeFilingYear = "Object Repository/RAD_Pages/TaxTypeFilingYear_Page": null

2023-02-08 16:40:53 - [TEST_STEP][PASSED] - orPath_TaxPayer = "Object Repository/RAD_Pages/Taxpayer_Page": null

2023-02-08 16:40:53 - [TEST_STEP][PASSED] - orPath_AddressContact = "Object Repository/RAD_Pages/AddressAndContactInfo_Page": null

2023-02-08 16:40:53 - [TEST_STEP][PASSED] - orPath_FilingStatus = "Object Repository/RAD_Pages/FilingStatus_Page": null

2023-02-08 16:40:53 - [TEST_STEP][PASSED] - orPath_Amount = "Object Repository/RAD_Pages/PaymentAmount_Page": null

2023-02-08 16:40:53 - [TEST_STEP][PASSED] - selectOptionByLabel(findTestObject(orPath_Landing + "/dd_TaxType"), Taxtype, false): All options with label 'Existing Liability' are selected in object 'Object Repository/RAD_Pages/Landing_Page/dd_TaxType' 

2023-02-08 16:40:54 - [MESSAGE][PASSED] - All options with label 'Existing Liability' are selected in object 'Object Repository/RAD_Pages/Landing_Page/dd_TaxType' 

2023-02-08 16:40:54 - [TEST_STEP][PASSED] - scrollToElement(findTestObject(orPath_Amount + "/input__paymentAmount"), 3): Scroll to object 'Object Repository/RAD_Pages/PaymentAmount_Page/input__paymentAmount' successfully

2023-02-08 16:40:54 - [MESSAGE][PASSED] - Scroll to object 'Object Repository/RAD_Pages/PaymentAmount_Page/input__paymentAmount' successfully

2023-02-08 16:40:54 - [TEST_STEP][PASSED] - setText(findTestObject(orPath_AddressContact + "/input_eMailAddress"), "imtiazster@gmail.com"): Text 'imtiazster@gmail.com' is set on object 'Object Repository/RAD_Pages/AddressAndContactInfo_Page/input_eMailAddress'

2023-02-08 16:40:55 - [MESSAGE][PASSED] - Text 'imtiazster@gmail.com' is set on object 'Object Repository/RAD_Pages/AddressAndContactInfo_Page/input_eMailAddress'

2023-02-08 16:40:55 - [TEST_STEP][PASSED] - setText(findTestObject(orPath_AddressContact + "/input_reEnterEMailAddress"), "iahmed@govolution.com"): Text 'iahmed@govolution.com' is set on object 'Object Repository/RAD_Pages/AddressAndContactInfo_Page/input_reEnterEMailAddress'

2023-02-08 16:40:56 - [MESSAGE][PASSED] - Text 'iahmed@govolution.com' is set on object 'Object Repository/RAD_Pages/AddressAndContactInfo_Page/input_reEnterEMailAddress'

2023-02-08 16:40:56 - [TEST_STEP][PASSED] - delay(2): Delayed 2 second(s)

2023-02-08 16:40:58 - [MESSAGE][PASSED] - Delayed 2 second(s)

2023-02-08 16:40:58 - [TEST_STEP][PASSED] - if (verifyTextPresent("The Email and Re-enter email do not match", true)): null

2023-02-08 16:40:59 - [MESSAGE][PASSED] - Text 'The Email and Re-enter email do not match' is present on page  using regular expression

2023-02-08 16:40:59 - [TEST_STEP][PASSED] - println("Emails Dont match text is present"): null

2023-02-08 16:40:59 - [TEST_STEP][PASSED] - out.println("Pass Record Number: " + row): null

2023-02-08 16:40:59 - [TEST_STEP][PASSED] - resText = "Pass": null

2023-02-08 16:40:59 - [TEST_STEP][PASSED] - pages.WriteExcel.demoKey(resText, datText, resColumn, datCloumn, fileLoc, nameSheet, row): pages.WriteExcel.demoKey is PASSED

2023-02-08 16:40:59 - [MESSAGE][PASSED] - pages.WriteExcel.demoKey is PASSED

2023-02-08 16:40:59 - [TEST_STEP][PASSED] - ExecuteTC = findTestData(dataFile).getValue("Execute", row): null

2023-02-08 16:40:59 - [TEST_STEP][PASSED] - out.println("Value of Execute is : " + ExecuteTC): null

2023-02-08 16:40:59 - [TEST_STEP][PASSED] - if (ExecuteTC.equalsIgnoreCase("Y")): null

2023-02-08 16:40:59 - [TEST_STEP][PASSED] - out.println("Begin Record Number: " + row): null

2023-02-08 16:40:59 - [TEST_STEP][PASSED] - today = new java.util.Date(): null

2023-02-08 16:40:59 - [TEST_STEP][PASSED] - println(today): null

2023-02-08 16:40:59 - [TEST_STEP][PASSED] - datText = today: null

2023-02-08 16:40:59 - [TEST_STEP][PASSED] - Taxtype = findTestData(dataFile).getValue("TaxType", row): null

2023-02-08 16:40:59 - [TEST_STEP][PASSED] - out.println("Taxtype value is : " + Taxtype): null

2023-02-08 16:40:59 - [TEST_STEP][PASSED] - openBrowser(""): Browser is opened with url: ''

2023-02-08 16:40:59 - [MESSAGE][WARNING] - A browser is already opened. Closing browser and opening a new one

2023-02-08 16:41:00 - [MESSAGE][INFO] - Starting 'Chrome' driver

2023-02-08 16:41:00 - [MESSAGE][INFO] - User set preference: ['acceptInsecureCerts', 'true']

2023-02-08 16:41:00 - [MESSAGE][INFO] - Action delay is set to 0 milliseconds

2023-02-08 16:41:01 - [MESSAGE][PASSED] - Browser is opened with url: ''

2023-02-08 16:41:01 - [TEST_STEP][PASSED] - maximizeWindow(): Current window maximized

2023-02-08 16:41:01 - [MESSAGE][PASSED] - Current window maximized

2023-02-08 16:41:01 - [TEST_STEP][PASSED] - navigateToUrl(RADurl): Navigate to 'https://qa.velocitypayment.com/client/rad/index.html' successfully

2023-02-08 16:41:04 - [MESSAGE][PASSED] - Navigate to 'https://qa.velocitypayment.com/client/rad/index.html' successfully

2023-02-08 16:41:04 - [TEST_STEP][PASSED] - orPath_Landing = "Object Repository/RAD_Pages/Landing_Page": null

2023-02-08 16:41:04 - [TEST_STEP][PASSED] - orPath_TaxTypeFilingYear = "Object Repository/RAD_Pages/TaxTypeFilingYear_Page": null

2023-02-08 16:41:04 - [TEST_STEP][PASSED] - orPath_TaxPayer = "Object Repository/RAD_Pages/Taxpayer_Page": null

2023-02-08 16:41:04 - [TEST_STEP][PASSED] - orPath_AddressContact = "Object Repository/RAD_Pages/AddressAndContactInfo_Page": null

2023-02-08 16:41:04 - [TEST_STEP][PASSED] - orPath_FilingStatus = "Object Repository/RAD_Pages/FilingStatus_Page": null

2023-02-08 16:41:04 - [TEST_STEP][PASSED] - orPath_Amount = "Object Repository/RAD_Pages/PaymentAmount_Page": null

2023-02-08 16:41:04 - [TEST_STEP][PASSED] - selectOptionByLabel(findTestObject(orPath_Landing + "/dd_TaxType"), Taxtype, false): All options with label 'Sales and Use' are selected in object 'Object Repository/RAD_Pages/Landing_Page/dd_TaxType' 

2023-02-08 16:41:05 - [MESSAGE][PASSED] - All options with label 'Sales and Use' are selected in object 'Object Repository/RAD_Pages/Landing_Page/dd_TaxType' 

2023-02-08 16:41:05 - [TEST_STEP][PASSED] - scrollToElement(findTestObject(orPath_Amount + "/input__paymentAmount"), 3): Scroll to object 'Object Repository/RAD_Pages/PaymentAmount_Page/input__paymentAmount' successfully

2023-02-08 16:41:06 - [MESSAGE][PASSED] - Scroll to object 'Object Repository/RAD_Pages/PaymentAmount_Page/input__paymentAmount' successfully

2023-02-08 16:41:06 - [TEST_STEP][PASSED] - setText(findTestObject(orPath_AddressContact + "/input_eMailAddress"), "imtiazster@gmail.com"): Text 'imtiazster@gmail.com' is set on object 'Object Repository/RAD_Pages/AddressAndContactInfo_Page/input_eMailAddress'

2023-02-08 16:41:07 - [MESSAGE][PASSED] - Text 'imtiazster@gmail.com' is set on object 'Object Repository/RAD_Pages/AddressAndContactInfo_Page/input_eMailAddress'

2023-02-08 16:41:07 - [TEST_STEP][PASSED] - setText(findTestObject(orPath_AddressContact + "/input_reEnterEMailAddress"), "iahmed@govolution.com"): Text 'iahmed@govolution.com' is set on object 'Object Repository/RAD_Pages/AddressAndContactInfo_Page/input_reEnterEMailAddress'

2023-02-08 16:41:08 - [MESSAGE][PASSED] - Text 'iahmed@govolution.com' is set on object 'Object Repository/RAD_Pages/AddressAndContactInfo_Page/input_reEnterEMailAddress'

2023-02-08 16:41:08 - [TEST_STEP][PASSED] - delay(2): Delayed 2 second(s)

2023-02-08 16:41:10 - [MESSAGE][PASSED] - Delayed 2 second(s)

2023-02-08 16:41:10 - [TEST_STEP][PASSED] - if (verifyTextPresent("The Email and Re-enter email do not match", true)): null

2023-02-08 16:41:10 - [MESSAGE][PASSED] - Text 'The Email and Re-enter email do not match' is present on page  using regular expression

2023-02-08 16:41:10 - [TEST_STEP][PASSED] - println("Emails Dont match text is present"): null

2023-02-08 16:41:10 - [TEST_STEP][PASSED] - out.println("Pass Record Number: " + row): null

2023-02-08 16:41:10 - [TEST_STEP][PASSED] - resText = "Pass": null

2023-02-08 16:41:10 - [TEST_STEP][PASSED] - pages.WriteExcel.demoKey(resText, datText, resColumn, datCloumn, fileLoc, nameSheet, row): pages.WriteExcel.demoKey is PASSED

2023-02-08 16:41:10 - [MESSAGE][PASSED] - pages.WriteExcel.demoKey is PASSED

2023-02-08 16:41:10 - [TEST_STEP][PASSED] - ExecuteTC = findTestData(dataFile).getValue("Execute", row): null

2023-02-08 16:41:11 - [TEST_STEP][PASSED] - out.println("Value of Execute is : " + ExecuteTC): null

2023-02-08 16:41:11 - [TEST_STEP][PASSED] - if (ExecuteTC.equalsIgnoreCase("Y")): null

2023-02-08 16:41:11 - [TEST_STEP][PASSED] - out.println("Begin Record Number: " + row): null

2023-02-08 16:41:11 - [TEST_STEP][PASSED] - today = new java.util.Date(): null

2023-02-08 16:41:11 - [TEST_STEP][PASSED] - println(today): null

2023-02-08 16:41:11 - [TEST_STEP][PASSED] - datText = today: null

2023-02-08 16:41:11 - [TEST_STEP][PASSED] - Taxtype = findTestData(dataFile).getValue("TaxType", row): null

2023-02-08 16:41:11 - [TEST_STEP][PASSED] - out.println("Taxtype value is : " + Taxtype): null

2023-02-08 16:41:11 - [TEST_STEP][PASSED] - openBrowser(""): Browser is opened with url: ''

2023-02-08 16:41:11 - [MESSAGE][WARNING] - A browser is already opened. Closing browser and opening a new one

2023-02-08 16:41:12 - [MESSAGE][INFO] - Starting 'Chrome' driver

2023-02-08 16:41:12 - [MESSAGE][INFO] - User set preference: ['acceptInsecureCerts', 'true']

2023-02-08 16:41:12 - [MESSAGE][INFO] - Action delay is set to 0 milliseconds

2023-02-08 16:41:13 - [MESSAGE][PASSED] - Browser is opened with url: ''

2023-02-08 16:41:13 - [TEST_STEP][PASSED] - maximizeWindow(): Current window maximized

2023-02-08 16:41:13 - [MESSAGE][PASSED] - Current window maximized

2023-02-08 16:41:13 - [TEST_STEP][PASSED] - navigateToUrl(RADurl): Navigate to 'https://qa.velocitypayment.com/client/rad/index.html' successfully

2023-02-08 16:41:15 - [MESSAGE][PASSED] - Navigate to 'https://qa.velocitypayment.com/client/rad/index.html' successfully

2023-02-08 16:41:15 - [TEST_STEP][PASSED] - orPath_Landing = "Object Repository/RAD_Pages/Landing_Page": null

2023-02-08 16:41:15 - [TEST_STEP][PASSED] - orPath_TaxTypeFilingYear = "Object Repository/RAD_Pages/TaxTypeFilingYear_Page": null

2023-02-08 16:41:15 - [TEST_STEP][PASSED] - orPath_TaxPayer = "Object Repository/RAD_Pages/Taxpayer_Page": null

2023-02-08 16:41:15 - [TEST_STEP][PASSED] - orPath_AddressContact = "Object Repository/RAD_Pages/AddressAndContactInfo_Page": null

2023-02-08 16:41:15 - [TEST_STEP][PASSED] - orPath_FilingStatus = "Object Repository/RAD_Pages/FilingStatus_Page": null

2023-02-08 16:41:15 - [TEST_STEP][PASSED] - orPath_Amount = "Object Repository/RAD_Pages/PaymentAmount_Page": null

2023-02-08 16:41:15 - [TEST_STEP][PASSED] - selectOptionByLabel(findTestObject(orPath_Landing + "/dd_TaxType"), Taxtype, false): All options with label 'Withholding Tax' are selected in object 'Object Repository/RAD_Pages/Landing_Page/dd_TaxType' 

2023-02-08 16:41:16 - [MESSAGE][PASSED] - All options with label 'Withholding Tax' are selected in object 'Object Repository/RAD_Pages/Landing_Page/dd_TaxType' 

2023-02-08 16:41:16 - [TEST_STEP][PASSED] - scrollToElement(findTestObject(orPath_Amount + "/input__paymentAmount"), 3): Scroll to object 'Object Repository/RAD_Pages/PaymentAmount_Page/input__paymentAmount' successfully

2023-02-08 16:41:16 - [MESSAGE][PASSED] - Scroll to object 'Object Repository/RAD_Pages/PaymentAmount_Page/input__paymentAmount' successfully

2023-02-08 16:41:16 - [TEST_STEP][PASSED] - setText(findTestObject(orPath_AddressContact + "/input_eMailAddress"), "imtiazster@gmail.com"): Text 'imtiazster@gmail.com' is set on object 'Object Repository/RAD_Pages/AddressAndContactInfo_Page/input_eMailAddress'

2023-02-08 16:41:17 - [MESSAGE][PASSED] - Text 'imtiazster@gmail.com' is set on object 'Object Repository/RAD_Pages/AddressAndContactInfo_Page/input_eMailAddress'

2023-02-08 16:41:17 - [TEST_STEP][PASSED] - setText(findTestObject(orPath_AddressContact + "/input_reEnterEMailAddress"), "iahmed@govolution.com"): Text 'iahmed@govolution.com' is set on object 'Object Repository/RAD_Pages/AddressAndContactInfo_Page/input_reEnterEMailAddress'

2023-02-08 16:41:18 - [MESSAGE][PASSED] - Text 'iahmed@govolution.com' is set on object 'Object Repository/RAD_Pages/AddressAndContactInfo_Page/input_reEnterEMailAddress'

2023-02-08 16:41:18 - [TEST_STEP][PASSED] - delay(2): Delayed 2 second(s)

2023-02-08 16:41:20 - [MESSAGE][PASSED] - Delayed 2 second(s)

2023-02-08 16:41:20 - [TEST_STEP][PASSED] - if (verifyTextPresent("The Email and Re-enter email do not match", true)): null

2023-02-08 16:41:21 - [MESSAGE][PASSED] - Text 'The Email and Re-enter email do not match' is present on page  using regular expression

2023-02-08 16:41:21 - [TEST_STEP][PASSED] - println("Emails Dont match text is present"): null

2023-02-08 16:41:21 - [TEST_STEP][PASSED] - out.println("Pass Record Number: " + row): null

2023-02-08 16:41:21 - [TEST_STEP][PASSED] - resText = "Pass": null

2023-02-08 16:41:21 - [TEST_STEP][PASSED] - pages.WriteExcel.demoKey(resText, datText, resColumn, datCloumn, fileLoc, nameSheet, row): pages.WriteExcel.demoKey is PASSED

2023-02-08 16:41:21 - [MESSAGE][PASSED] - pages.WriteExcel.demoKey is PASSED]]></system-out>
         <system-err><![CDATA[]]></system-err>
      </testcase>
      <testcase name="Test Cases/RAD_TestCases/Negative_TestCases/TaxPayerSSNNoMatch" time="34.49" classname="Test Cases/RAD_TestCases/Negative_TestCases/TaxPayerSSNNoMatch" status="PASSED">
         <system-out><![CDATA[2023-02-08 16:41:21 - [TEST_CASE][PASSED] - Test Cases/RAD_TestCases/Negative_TestCases/TaxPayerSSNNoMatch: Test Cases/RAD_TestCases/Negative_TestCases/TaxPayerSSNNoMatch

2023-02-08 16:41:21 - [TEST_STEP][PASSED] - resText = "Fail": null

2023-02-08 16:41:21 - [TEST_STEP][PASSED] - resColumn = "Result": null

2023-02-08 16:41:21 - [TEST_STEP][PASSED] - datCloumn = "Date": null

2023-02-08 16:41:21 - [TEST_STEP][PASSED] - fileLoc = "KatalonData/RADTestData/TaxPayerSSNNoMatch.xlsx": null

2023-02-08 16:41:21 - [TEST_STEP][PASSED] - nameSheet = "Sheet1": null

2023-02-08 16:41:21 - [TEST_STEP][PASSED] - dataFile = "RADTestData/TaxPayerSSNNoMatch": null

2023-02-08 16:41:21 - [TEST_STEP][PASSED] - ExecuteTC = <not implemented yet for class: org.codehaus.groovy.ast.expr.EmptyExpression>: null

2023-02-08 16:41:21 - [TEST_STEP][PASSED] - Taxtype = <not implemented yet for class: org.codehaus.groovy.ast.expr.EmptyExpression>: null

2023-02-08 16:41:21 - [TEST_STEP][PASSED] - numOfRows = findTestData(dataFile).getRowNumbers(): null

2023-02-08 16:41:21 - [TEST_STEP][PASSED] - println("Number of Records: " + numOfRows): null

2023-02-08 16:41:21 - [TEST_STEP][PASSED] - for ([row = 1, row <= numOfRows, (row++)]): null

2023-02-08 16:41:21 - [TEST_STEP][PASSED] - ExecuteTC = findTestData(dataFile).getValue("Execute", row): null

2023-02-08 16:41:21 - [TEST_STEP][PASSED] - out.println("Value of Execute is : " + ExecuteTC): null

2023-02-08 16:41:21 - [TEST_STEP][PASSED] - if (ExecuteTC.equalsIgnoreCase("Y")): null

2023-02-08 16:41:21 - [TEST_STEP][PASSED] - out.println("Begin Record Number: " + row): null

2023-02-08 16:41:21 - [TEST_STEP][PASSED] - today = new java.util.Date(): null

2023-02-08 16:41:21 - [TEST_STEP][PASSED] - println(today): null

2023-02-08 16:41:21 - [TEST_STEP][PASSED] - datText = today: null

2023-02-08 16:41:21 - [TEST_STEP][PASSED] - Taxtype = findTestData(dataFile).getValue("TaxType", row): null

2023-02-08 16:41:21 - [TEST_STEP][PASSED] - out.println("Taxtype value is : " + Taxtype): null

2023-02-08 16:41:21 - [TEST_STEP][PASSED] - openBrowser(""): Browser is opened with url: ''

2023-02-08 16:41:21 - [MESSAGE][WARNING] - A browser is already opened. Closing browser and opening a new one

2023-02-08 16:41:22 - [MESSAGE][INFO] - Starting 'Chrome' driver

2023-02-08 16:41:22 - [MESSAGE][INFO] - User set preference: ['acceptInsecureCerts', 'true']

2023-02-08 16:41:22 - [MESSAGE][INFO] - Action delay is set to 0 milliseconds

2023-02-08 16:41:24 - [MESSAGE][PASSED] - Browser is opened with url: ''

2023-02-08 16:41:24 - [TEST_STEP][PASSED] - maximizeWindow(): Current window maximized

2023-02-08 16:41:24 - [MESSAGE][PASSED] - Current window maximized

2023-02-08 16:41:24 - [TEST_STEP][PASSED] - navigateToUrl(RADurl): Navigate to 'https://qa.velocitypayment.com/client/rad/index.html' successfully

2023-02-08 16:41:26 - [MESSAGE][PASSED] - Navigate to 'https://qa.velocitypayment.com/client/rad/index.html' successfully

2023-02-08 16:41:26 - [TEST_STEP][PASSED] - orPath_Landing = "Object Repository/RAD_Pages/Landing_Page": null

2023-02-08 16:41:26 - [TEST_STEP][PASSED] - orPath_TaxTypeFilingYear = "Object Repository/RAD_Pages/TaxTypeFilingYear_Page": null

2023-02-08 16:41:26 - [TEST_STEP][PASSED] - orPath_TaxPayer = "Object Repository/RAD_Pages/Taxpayer_Page": null

2023-02-08 16:41:26 - [TEST_STEP][PASSED] - orPath_AddressContact = "Object Repository/RAD_Pages/AddressAndContactInfo_Page": null

2023-02-08 16:41:26 - [TEST_STEP][PASSED] - orPath_FilingStatus = "Object Repository/RAD_Pages/FilingStatus_Page": null

2023-02-08 16:41:26 - [TEST_STEP][PASSED] - orPath_Amount = "Object Repository/RAD_Pages/PaymentAmount_Page": null

2023-02-08 16:41:26 - [TEST_STEP][PASSED] - selectOptionByLabel(findTestObject(orPath_Landing + "/dd_TaxType"), Taxtype, false): All options with label 'Estimated Tax' are selected in object 'Object Repository/RAD_Pages/Landing_Page/dd_TaxType' 

2023-02-08 16:41:27 - [MESSAGE][PASSED] - All options with label 'Estimated Tax' are selected in object 'Object Repository/RAD_Pages/Landing_Page/dd_TaxType' 

2023-02-08 16:41:27 - [TEST_STEP][PASSED] - scrollToElement(findTestObject(orPath_TaxPayer + "/input_firstName"), 3): Scroll to object 'Object Repository/RAD_Pages/Taxpayer_Page/input_firstName' successfully

2023-02-08 16:41:27 - [MESSAGE][PASSED] - Scroll to object 'Object Repository/RAD_Pages/Taxpayer_Page/input_firstName' successfully

2023-02-08 16:41:27 - [TEST_STEP][PASSED] - setText(findTestObject("RAD_RecordAndPlay/input_concatSSN"), "111111111"): Text '111111111' is set on object 'Object Repository/RAD_RecordAndPlay/input_concatSSN'

2023-02-08 16:41:28 - [MESSAGE][PASSED] - Text '111111111' is set on object 'Object Repository/RAD_RecordAndPlay/input_concatSSN'

2023-02-08 16:41:28 - [TEST_STEP][PASSED] - setText(findTestObject("RAD_RecordAndPlay/input_concatReSSN"), "222222222"): Text '222222222' is set on object 'Object Repository/RAD_RecordAndPlay/input_concatReSSN'

2023-02-08 16:41:29 - [MESSAGE][PASSED] - Text '222222222' is set on object 'Object Repository/RAD_RecordAndPlay/input_concatReSSN'

2023-02-08 16:41:29 - [TEST_STEP][PASSED] - setText(findTestObject(orPath_TaxPayer + "/input_lastName"), "Anderson"): Text 'Anderson' is set on object 'Object Repository/RAD_Pages/Taxpayer_Page/input_lastName'

2023-02-08 16:41:30 - [MESSAGE][PASSED] - Text 'Anderson' is set on object 'Object Repository/RAD_Pages/Taxpayer_Page/input_lastName'

2023-02-08 16:41:30 - [TEST_STEP][PASSED] - delay(2): Delayed 2 second(s)

2023-02-08 16:41:32 - [MESSAGE][PASSED] - Delayed 2 second(s)

2023-02-08 16:41:32 - [TEST_STEP][PASSED] - if (verifyTextPresent("The SSN and Re-type SSN do not match", true)): null

2023-02-08 16:41:32 - [MESSAGE][PASSED] - Text 'The SSN and Re-type SSN do not match' is present on page  using regular expression

2023-02-08 16:41:32 - [TEST_STEP][PASSED] - println("Taxpayer SSN Dont match text is present"): null

2023-02-08 16:41:32 - [TEST_STEP][PASSED] - out.println("Pass Record Number: " + row): null

2023-02-08 16:41:32 - [TEST_STEP][PASSED] - resText = "Pass": null

2023-02-08 16:41:32 - [TEST_STEP][PASSED] - pages.WriteExcel.demoKey(resText, datText, resColumn, datCloumn, fileLoc, nameSheet, row): pages.WriteExcel.demoKey is PASSED

2023-02-08 16:41:32 - [MESSAGE][PASSED] - pages.WriteExcel.demoKey is PASSED

2023-02-08 16:41:32 - [TEST_STEP][PASSED] - ExecuteTC = findTestData(dataFile).getValue("Execute", row): null

2023-02-08 16:41:32 - [TEST_STEP][PASSED] - out.println("Value of Execute is : " + ExecuteTC): null

2023-02-08 16:41:32 - [TEST_STEP][PASSED] - if (ExecuteTC.equalsIgnoreCase("Y")): null

2023-02-08 16:41:32 - [TEST_STEP][PASSED] - out.println("Begin Record Number: " + row): null

2023-02-08 16:41:32 - [TEST_STEP][PASSED] - today = new java.util.Date(): null

2023-02-08 16:41:32 - [TEST_STEP][PASSED] - println(today): null

2023-02-08 16:41:32 - [TEST_STEP][PASSED] - datText = today: null

2023-02-08 16:41:32 - [TEST_STEP][PASSED] - Taxtype = findTestData(dataFile).getValue("TaxType", row): null

2023-02-08 16:41:33 - [TEST_STEP][PASSED] - out.println("Taxtype value is : " + Taxtype): null

2023-02-08 16:41:33 - [TEST_STEP][PASSED] - openBrowser(""): Browser is opened with url: ''

2023-02-08 16:41:33 - [MESSAGE][WARNING] - A browser is already opened. Closing browser and opening a new one

2023-02-08 16:41:34 - [MESSAGE][INFO] - Starting 'Chrome' driver

2023-02-08 16:41:34 - [MESSAGE][INFO] - User set preference: ['acceptInsecureCerts', 'true']

2023-02-08 16:41:34 - [MESSAGE][INFO] - Action delay is set to 0 milliseconds

2023-02-08 16:41:35 - [MESSAGE][PASSED] - Browser is opened with url: ''

2023-02-08 16:41:35 - [TEST_STEP][PASSED] - maximizeWindow(): Current window maximized

2023-02-08 16:41:35 - [MESSAGE][PASSED] - Current window maximized

2023-02-08 16:41:35 - [TEST_STEP][PASSED] - navigateToUrl(RADurl): Navigate to 'https://qa.velocitypayment.com/client/rad/index.html' successfully

2023-02-08 16:41:37 - [MESSAGE][PASSED] - Navigate to 'https://qa.velocitypayment.com/client/rad/index.html' successfully

2023-02-08 16:41:37 - [TEST_STEP][PASSED] - orPath_Landing = "Object Repository/RAD_Pages/Landing_Page": null

2023-02-08 16:41:37 - [TEST_STEP][PASSED] - orPath_TaxTypeFilingYear = "Object Repository/RAD_Pages/TaxTypeFilingYear_Page": null

2023-02-08 16:41:37 - [TEST_STEP][PASSED] - orPath_TaxPayer = "Object Repository/RAD_Pages/Taxpayer_Page": null

2023-02-08 16:41:37 - [TEST_STEP][PASSED] - orPath_AddressContact = "Object Repository/RAD_Pages/AddressAndContactInfo_Page": null

2023-02-08 16:41:37 - [TEST_STEP][PASSED] - orPath_FilingStatus = "Object Repository/RAD_Pages/FilingStatus_Page": null

2023-02-08 16:41:37 - [TEST_STEP][PASSED] - orPath_Amount = "Object Repository/RAD_Pages/PaymentAmount_Page": null

2023-02-08 16:41:37 - [TEST_STEP][PASSED] - selectOptionByLabel(findTestObject(orPath_Landing + "/dd_TaxType"), Taxtype, false): All options with label 'Personal Income Tax' are selected in object 'Object Repository/RAD_Pages/Landing_Page/dd_TaxType' 

2023-02-08 16:41:38 - [MESSAGE][PASSED] - All options with label 'Personal Income Tax' are selected in object 'Object Repository/RAD_Pages/Landing_Page/dd_TaxType' 

2023-02-08 16:41:38 - [TEST_STEP][PASSED] - scrollToElement(findTestObject(orPath_TaxPayer + "/input_firstName"), 3): Scroll to object 'Object Repository/RAD_Pages/Taxpayer_Page/input_firstName' successfully

2023-02-08 16:41:38 - [MESSAGE][PASSED] - Scroll to object 'Object Repository/RAD_Pages/Taxpayer_Page/input_firstName' successfully

2023-02-08 16:41:38 - [TEST_STEP][PASSED] - setText(findTestObject("RAD_RecordAndPlay/input_concatSSN"), "111111111"): Text '111111111' is set on object 'Object Repository/RAD_RecordAndPlay/input_concatSSN'

2023-02-08 16:41:39 - [MESSAGE][PASSED] - Text '111111111' is set on object 'Object Repository/RAD_RecordAndPlay/input_concatSSN'

2023-02-08 16:41:39 - [TEST_STEP][PASSED] - setText(findTestObject("RAD_RecordAndPlay/input_concatReSSN"), "222222222"): Text '222222222' is set on object 'Object Repository/RAD_RecordAndPlay/input_concatReSSN'

2023-02-08 16:41:39 - [MESSAGE][PASSED] - Text '222222222' is set on object 'Object Repository/RAD_RecordAndPlay/input_concatReSSN'

2023-02-08 16:41:39 - [TEST_STEP][PASSED] - setText(findTestObject(orPath_TaxPayer + "/input_lastName"), "Anderson"): Text 'Anderson' is set on object 'Object Repository/RAD_Pages/Taxpayer_Page/input_lastName'

2023-02-08 16:41:41 - [MESSAGE][PASSED] - Text 'Anderson' is set on object 'Object Repository/RAD_Pages/Taxpayer_Page/input_lastName'

2023-02-08 16:41:41 - [TEST_STEP][PASSED] - delay(2): Delayed 2 second(s)

2023-02-08 16:41:43 - [MESSAGE][PASSED] - Delayed 2 second(s)

2023-02-08 16:41:43 - [TEST_STEP][PASSED] - if (verifyTextPresent("The SSN and Re-type SSN do not match", true)): null

2023-02-08 16:41:43 - [MESSAGE][PASSED] - Text 'The SSN and Re-type SSN do not match' is present on page  using regular expression

2023-02-08 16:41:43 - [TEST_STEP][PASSED] - println("Taxpayer SSN Dont match text is present"): null

2023-02-08 16:41:43 - [TEST_STEP][PASSED] - out.println("Pass Record Number: " + row): null

2023-02-08 16:41:43 - [TEST_STEP][PASSED] - resText = "Pass": null

2023-02-08 16:41:43 - [TEST_STEP][PASSED] - pages.WriteExcel.demoKey(resText, datText, resColumn, datCloumn, fileLoc, nameSheet, row): pages.WriteExcel.demoKey is PASSED

2023-02-08 16:41:43 - [MESSAGE][PASSED] - pages.WriteExcel.demoKey is PASSED

2023-02-08 16:41:43 - [TEST_STEP][PASSED] - ExecuteTC = findTestData(dataFile).getValue("Execute", row): null

2023-02-08 16:41:44 - [TEST_STEP][PASSED] - out.println("Value of Execute is : " + ExecuteTC): null

2023-02-08 16:41:44 - [TEST_STEP][PASSED] - if (ExecuteTC.equalsIgnoreCase("Y")): null

2023-02-08 16:41:44 - [TEST_STEP][PASSED] - out.println("Begin Record Number: " + row): null

2023-02-08 16:41:44 - [TEST_STEP][PASSED] - today = new java.util.Date(): null

2023-02-08 16:41:44 - [TEST_STEP][PASSED] - println(today): null

2023-02-08 16:41:44 - [TEST_STEP][PASSED] - datText = today: null

2023-02-08 16:41:44 - [TEST_STEP][PASSED] - Taxtype = findTestData(dataFile).getValue("TaxType", row): null

2023-02-08 16:41:44 - [TEST_STEP][PASSED] - out.println("Taxtype value is : " + Taxtype): null

2023-02-08 16:41:44 - [TEST_STEP][PASSED] - openBrowser(""): Browser is opened with url: ''

2023-02-08 16:41:44 - [MESSAGE][WARNING] - A browser is already opened. Closing browser and opening a new one

2023-02-08 16:41:45 - [MESSAGE][INFO] - Starting 'Chrome' driver

2023-02-08 16:41:45 - [MESSAGE][INFO] - User set preference: ['acceptInsecureCerts', 'true']

2023-02-08 16:41:45 - [MESSAGE][INFO] - Action delay is set to 0 milliseconds

2023-02-08 16:41:46 - [MESSAGE][PASSED] - Browser is opened with url: ''

2023-02-08 16:41:46 - [TEST_STEP][PASSED] - maximizeWindow(): Current window maximized

2023-02-08 16:41:46 - [MESSAGE][PASSED] - Current window maximized

2023-02-08 16:41:46 - [TEST_STEP][PASSED] - navigateToUrl(RADurl): Navigate to 'https://qa.velocitypayment.com/client/rad/index.html' successfully

2023-02-08 16:41:48 - [MESSAGE][PASSED] - Navigate to 'https://qa.velocitypayment.com/client/rad/index.html' successfully

2023-02-08 16:41:48 - [TEST_STEP][PASSED] - orPath_Landing = "Object Repository/RAD_Pages/Landing_Page": null

2023-02-08 16:41:48 - [TEST_STEP][PASSED] - orPath_TaxTypeFilingYear = "Object Repository/RAD_Pages/TaxTypeFilingYear_Page": null

2023-02-08 16:41:48 - [TEST_STEP][PASSED] - orPath_TaxPayer = "Object Repository/RAD_Pages/Taxpayer_Page": null

2023-02-08 16:41:48 - [TEST_STEP][PASSED] - orPath_AddressContact = "Object Repository/RAD_Pages/AddressAndContactInfo_Page": null

2023-02-08 16:41:48 - [TEST_STEP][PASSED] - orPath_FilingStatus = "Object Repository/RAD_Pages/FilingStatus_Page": null

2023-02-08 16:41:48 - [TEST_STEP][PASSED] - orPath_Amount = "Object Repository/RAD_Pages/PaymentAmount_Page": null

2023-02-08 16:41:48 - [TEST_STEP][PASSED] - selectOptionByLabel(findTestObject(orPath_Landing + "/dd_TaxType"), Taxtype, false): All options with label 'Extension Payments' are selected in object 'Object Repository/RAD_Pages/Landing_Page/dd_TaxType' 

2023-02-08 16:41:49 - [MESSAGE][PASSED] - All options with label 'Extension Payments' are selected in object 'Object Repository/RAD_Pages/Landing_Page/dd_TaxType' 

2023-02-08 16:41:49 - [TEST_STEP][PASSED] - scrollToElement(findTestObject(orPath_TaxPayer + "/input_firstName"), 3): Scroll to object 'Object Repository/RAD_Pages/Taxpayer_Page/input_firstName' successfully

2023-02-08 16:41:50 - [MESSAGE][PASSED] - Scroll to object 'Object Repository/RAD_Pages/Taxpayer_Page/input_firstName' successfully

2023-02-08 16:41:50 - [TEST_STEP][PASSED] - setText(findTestObject("RAD_RecordAndPlay/input_concatSSN"), "111111111"): Text '111111111' is set on object 'Object Repository/RAD_RecordAndPlay/input_concatSSN'

2023-02-08 16:41:50 - [MESSAGE][PASSED] - Text '111111111' is set on object 'Object Repository/RAD_RecordAndPlay/input_concatSSN'

2023-02-08 16:41:50 - [TEST_STEP][PASSED] - setText(findTestObject("RAD_RecordAndPlay/input_concatReSSN"), "222222222"): Text '222222222' is set on object 'Object Repository/RAD_RecordAndPlay/input_concatReSSN'

2023-02-08 16:41:51 - [MESSAGE][PASSED] - Text '222222222' is set on object 'Object Repository/RAD_RecordAndPlay/input_concatReSSN'

2023-02-08 16:41:51 - [TEST_STEP][PASSED] - setText(findTestObject(orPath_TaxPayer + "/input_lastName"), "Anderson"): Text 'Anderson' is set on object 'Object Repository/RAD_Pages/Taxpayer_Page/input_lastName'

2023-02-08 16:41:53 - [MESSAGE][PASSED] - Text 'Anderson' is set on object 'Object Repository/RAD_Pages/Taxpayer_Page/input_lastName'

2023-02-08 16:41:53 - [TEST_STEP][PASSED] - delay(2): Delayed 2 second(s)

2023-02-08 16:41:55 - [MESSAGE][PASSED] - Delayed 2 second(s)

2023-02-08 16:41:55 - [TEST_STEP][PASSED] - if (verifyTextPresent("The SSN and Re-type SSN do not match", true)): null

2023-02-08 16:41:55 - [MESSAGE][PASSED] - Text 'The SSN and Re-type SSN do not match' is present on page  using regular expression

2023-02-08 16:41:55 - [TEST_STEP][PASSED] - println("Taxpayer SSN Dont match text is present"): null

2023-02-08 16:41:55 - [TEST_STEP][PASSED] - out.println("Pass Record Number: " + row): null

2023-02-08 16:41:55 - [TEST_STEP][PASSED] - resText = "Pass": null

2023-02-08 16:41:55 - [TEST_STEP][PASSED] - pages.WriteExcel.demoKey(resText, datText, resColumn, datCloumn, fileLoc, nameSheet, row): pages.WriteExcel.demoKey is PASSED

2023-02-08 16:41:55 - [MESSAGE][PASSED] - pages.WriteExcel.demoKey is PASSED]]></system-out>
         <system-err><![CDATA[]]></system-err>
      </testcase>
      <testcase name="Test Cases/RAD_TestCases/Negative_TestCases/JointFilerSSNNoMatch" time="45.533" classname="Test Cases/RAD_TestCases/Negative_TestCases/JointFilerSSNNoMatch" status="PASSED">
         <system-out><![CDATA[2023-02-08 16:41:55 - [TEST_CASE][PASSED] - Test Cases/RAD_TestCases/Negative_TestCases/JointFilerSSNNoMatch: Test Cases/RAD_TestCases/Negative_TestCases/JointFilerSSNNoMatch

2023-02-08 16:41:56 - [TEST_STEP][PASSED] - orPath_Landing = "Object Repository/RAD_Pages/Landing_Page": null

2023-02-08 16:41:56 - [TEST_STEP][PASSED] - orPath_Amount = "Object Repository/RAD_Pages/PaymentAmount_Page": null

2023-02-08 16:41:56 - [TEST_STEP][PASSED] - orPath_FilingStatus = "Object Repository/RAD_Pages/FilingStatus_Page": null

2023-02-08 16:41:56 - [TEST_STEP][PASSED] - orPath_TaxPayer = "Object Repository/RAD_Pages/Taxpayer_Page": null

2023-02-08 16:41:56 - [TEST_STEP][PASSED] - taxTypeDropList = ["Estimated Tax", "Personal Income Tax", "Extension Payments"]: null

2023-02-08 16:41:56 - [TEST_STEP][PASSED] - listSize = taxTypeDropList.size(): null

2023-02-08 16:41:56 - [TEST_STEP][PASSED] - println(listSize): null

2023-02-08 16:41:56 - [TEST_STEP][PASSED] - executionProfile = getExecutionProfile(): null

2023-02-08 16:41:56 - [TEST_STEP][PASSED] - for ([i = 0, i < listSize, (i++)]): Text 'The SSN and Re-type SSN do not match.' is present on page  using regular expression

2023-02-08 16:41:56 - [TEST_STEP][PASSED] - openBrowser(""): Browser is opened with url: ''

2023-02-08 16:41:56 - [MESSAGE][WARNING] - A browser is already opened. Closing browser and opening a new one

2023-02-08 16:41:57 - [MESSAGE][INFO] - Starting 'Chrome' driver

2023-02-08 16:41:57 - [MESSAGE][INFO] - User set preference: ['acceptInsecureCerts', 'true']

2023-02-08 16:41:57 - [MESSAGE][INFO] - Action delay is set to 0 milliseconds

2023-02-08 16:41:58 - [MESSAGE][PASSED] - Browser is opened with url: ''

2023-02-08 16:41:58 - [TEST_STEP][PASSED] - maximizeWindow(): Current window maximized

2023-02-08 16:41:58 - [MESSAGE][PASSED] - Current window maximized

2023-02-08 16:41:58 - [TEST_STEP][PASSED] - navigateToUrl(RADurl): Navigate to 'https://qa.velocitypayment.com/client/rad/index.html' successfully

2023-02-08 16:42:01 - [MESSAGE][PASSED] - Navigate to 'https://qa.velocitypayment.com/client/rad/index.html' successfully

2023-02-08 16:42:01 - [TEST_STEP][PASSED] - out.println("Value of taxTypeDropList : " + taxTypeDropList[i]): null

2023-02-08 16:42:01 - [TEST_STEP][PASSED] - selectOptionByLabel(findTestObject(orPath_Landing + "/dd_TaxType"), taxTypeDropList[i], false): All options with label 'Estimated Tax' are selected in object 'Object Repository/RAD_Pages/Landing_Page/dd_TaxType' 

2023-02-08 16:42:02 - [MESSAGE][PASSED] - All options with label 'Estimated Tax' are selected in object 'Object Repository/RAD_Pages/Landing_Page/dd_TaxType' 

2023-02-08 16:42:02 - [TEST_STEP][PASSED] - switch (executionProfile): null

2023-02-08 16:42:02 - [TEST_STEP][PASSED] - case "QAProfile":: null

2023-02-08 16:42:02 - [TEST_STEP][PASSED] - setText(findTestObject(orPath_TaxPayer + "/input_lastName"), "Anderson"): Text 'Anderson' is set on object 'Object Repository/RAD_Pages/Taxpayer_Page/input_lastName'

2023-02-08 16:42:03 - [MESSAGE][PASSED] - Text 'Anderson' is set on object 'Object Repository/RAD_Pages/Taxpayer_Page/input_lastName'

2023-02-08 16:42:03 - [TEST_STEP][PASSED] - setText(findTestObject("RAD_RecordAndPlay/input_concatSSN"), "123441234"): Text '123441234' is set on object 'Object Repository/RAD_RecordAndPlay/input_concatSSN'

2023-02-08 16:42:03 - [MESSAGE][PASSED] - Text '123441234' is set on object 'Object Repository/RAD_RecordAndPlay/input_concatSSN'

2023-02-08 16:42:03 - [TEST_STEP][PASSED] - setText(findTestObject("RAD_RecordAndPlay/input_concatReSSN"), "123441234"): Text '123441234' is set on object 'Object Repository/RAD_RecordAndPlay/input_concatReSSN'

2023-02-08 16:42:04 - [MESSAGE][PASSED] - Text '123441234' is set on object 'Object Repository/RAD_RecordAndPlay/input_concatReSSN'

2023-02-08 16:42:04 - [TEST_STEP][PASSED] - break: null

2023-02-08 16:42:04 - [TEST_STEP][PASSED] - scrollToElement(findTestObject(orPath_Amount + "/input__paymentAmount"), 3): Scroll to object 'Object Repository/RAD_Pages/PaymentAmount_Page/input__paymentAmount' successfully

2023-02-08 16:42:05 - [MESSAGE][PASSED] - Scroll to object 'Object Repository/RAD_Pages/PaymentAmount_Page/input__paymentAmount' successfully

2023-02-08 16:42:05 - [TEST_STEP][PASSED] - waitForElementClickable(findTestObject(orPath_FilingStatus + "/input_userType_Joint"), 5): Object 'Object Repository/RAD_Pages/FilingStatus_Page/input_userType_Joint' is clickable

2023-02-08 16:42:05 - [MESSAGE][PASSED] - Object 'Object Repository/RAD_Pages/FilingStatus_Page/input_userType_Joint' is clickable

2023-02-08 16:42:05 - [TEST_STEP][PASSED] - click(findTestObject(orPath_FilingStatus + "/input_userType_Joint")): Object: 'Object Repository/RAD_Pages/FilingStatus_Page/input_userType_Joint' is clicked on

2023-02-08 16:42:05 - [MESSAGE][PASSED] - Object: 'Object Repository/RAD_Pages/FilingStatus_Page/input_userType_Joint' is clicked on

2023-02-08 16:42:05 - [TEST_STEP][PASSED] - switch (executionProfile): null

2023-02-08 16:42:05 - [TEST_STEP][PASSED] - case "QAProfile":: null

2023-02-08 16:42:05 - [TEST_STEP][PASSED] - setText(findTestObject(orPath_FilingStatus + "/input_jointLastName"), "Broad"): Text 'Broad' is set on object 'Object Repository/RAD_Pages/FilingStatus_Page/input_jointLastName'

2023-02-08 16:42:06 - [MESSAGE][PASSED] - Text 'Broad' is set on object 'Object Repository/RAD_Pages/FilingStatus_Page/input_jointLastName'

2023-02-08 16:42:06 - [TEST_STEP][PASSED] - setText(findTestObject("Object Repository/RAD_RecordAndPlay/input_JointFilerSSN"), "111116523"): Text '111116523' is set on object 'Object Repository/RAD_RecordAndPlay/input_JointFilerSSN'

2023-02-08 16:42:07 - [MESSAGE][PASSED] - Text '111116523' is set on object 'Object Repository/RAD_RecordAndPlay/input_JointFilerSSN'

2023-02-08 16:42:07 - [TEST_STEP][PASSED] - setText(findTestObject("Object Repository/RAD_RecordAndPlay/input_reTypeJointFilerSSN"), "222226523"): Text '222226523' is set on object 'Object Repository/RAD_RecordAndPlay/input_reTypeJointFilerSSN'

2023-02-08 16:42:07 - [MESSAGE][PASSED] - Text '222226523' is set on object 'Object Repository/RAD_RecordAndPlay/input_reTypeJointFilerSSN'

2023-02-08 16:42:07 - [TEST_STEP][PASSED] - break: null

2023-02-08 16:42:07 - [TEST_STEP][PASSED] - setText(findTestObject(orPath_FilingStatus + "/input_jointSuffix"), ""): Text '' is set on object 'Object Repository/RAD_Pages/FilingStatus_Page/input_jointSuffix'

2023-02-08 16:42:08 - [MESSAGE][PASSED] - Text '' is set on object 'Object Repository/RAD_Pages/FilingStatus_Page/input_jointSuffix'

2023-02-08 16:42:08 - [TEST_STEP][PASSED] - delay(2): Delayed 2 second(s)

2023-02-08 16:42:10 - [MESSAGE][PASSED] - Delayed 2 second(s)

2023-02-08 16:42:10 - [TEST_STEP][PASSED] - verifyTextPresent("The SSN and Re-type SSN do not match.", true): Text 'The SSN and Re-type SSN do not match.' is present on page  using regular expression

2023-02-08 16:42:11 - [MESSAGE][PASSED] - Text 'The SSN and Re-type SSN do not match.' is present on page  using regular expression

2023-02-08 16:42:11 - [TEST_STEP][PASSED] - openBrowser(""): Browser is opened with url: ''

2023-02-08 16:42:11 - [MESSAGE][WARNING] - A browser is already opened. Closing browser and opening a new one

2023-02-08 16:42:12 - [MESSAGE][INFO] - Starting 'Chrome' driver

2023-02-08 16:42:12 - [MESSAGE][INFO] - User set preference: ['acceptInsecureCerts', 'true']

2023-02-08 16:42:12 - [MESSAGE][INFO] - Action delay is set to 0 milliseconds

2023-02-08 16:42:13 - [MESSAGE][PASSED] - Browser is opened with url: ''

2023-02-08 16:42:13 - [TEST_STEP][PASSED] - maximizeWindow(): Current window maximized

2023-02-08 16:42:13 - [MESSAGE][PASSED] - Current window maximized

2023-02-08 16:42:13 - [TEST_STEP][PASSED] - navigateToUrl(RADurl): Navigate to 'https://qa.velocitypayment.com/client/rad/index.html' successfully

2023-02-08 16:42:15 - [MESSAGE][PASSED] - Navigate to 'https://qa.velocitypayment.com/client/rad/index.html' successfully

2023-02-08 16:42:15 - [TEST_STEP][PASSED] - out.println("Value of taxTypeDropList : " + taxTypeDropList[i]): null

2023-02-08 16:42:15 - [TEST_STEP][PASSED] - selectOptionByLabel(findTestObject(orPath_Landing + "/dd_TaxType"), taxTypeDropList[i], false): All options with label 'Personal Income Tax' are selected in object 'Object Repository/RAD_Pages/Landing_Page/dd_TaxType' 

2023-02-08 16:42:16 - [MESSAGE][PASSED] - All options with label 'Personal Income Tax' are selected in object 'Object Repository/RAD_Pages/Landing_Page/dd_TaxType' 

2023-02-08 16:42:16 - [TEST_STEP][PASSED] - switch (executionProfile): null

2023-02-08 16:42:16 - [TEST_STEP][PASSED] - case "QAProfile":: null

2023-02-08 16:42:16 - [TEST_STEP][PASSED] - setText(findTestObject(orPath_TaxPayer + "/input_lastName"), "Anderson"): Text 'Anderson' is set on object 'Object Repository/RAD_Pages/Taxpayer_Page/input_lastName'

2023-02-08 16:42:17 - [MESSAGE][PASSED] - Text 'Anderson' is set on object 'Object Repository/RAD_Pages/Taxpayer_Page/input_lastName'

2023-02-08 16:42:17 - [TEST_STEP][PASSED] - setText(findTestObject("RAD_RecordAndPlay/input_concatSSN"), "123441234"): Text '123441234' is set on object 'Object Repository/RAD_RecordAndPlay/input_concatSSN'

2023-02-08 16:42:18 - [MESSAGE][PASSED] - Text '123441234' is set on object 'Object Repository/RAD_RecordAndPlay/input_concatSSN'

2023-02-08 16:42:18 - [TEST_STEP][PASSED] - setText(findTestObject("RAD_RecordAndPlay/input_concatReSSN"), "123441234"): Text '123441234' is set on object 'Object Repository/RAD_RecordAndPlay/input_concatReSSN'

2023-02-08 16:42:19 - [MESSAGE][PASSED] - Text '123441234' is set on object 'Object Repository/RAD_RecordAndPlay/input_concatReSSN'

2023-02-08 16:42:19 - [TEST_STEP][PASSED] - break: null

2023-02-08 16:42:19 - [TEST_STEP][PASSED] - scrollToElement(findTestObject(orPath_Amount + "/input__paymentAmount"), 3): Scroll to object 'Object Repository/RAD_Pages/PaymentAmount_Page/input__paymentAmount' successfully

2023-02-08 16:42:19 - [MESSAGE][PASSED] - Scroll to object 'Object Repository/RAD_Pages/PaymentAmount_Page/input__paymentAmount' successfully

2023-02-08 16:42:19 - [TEST_STEP][PASSED] - waitForElementClickable(findTestObject(orPath_FilingStatus + "/input_userType_Joint"), 5): Object 'Object Repository/RAD_Pages/FilingStatus_Page/input_userType_Joint' is clickable

2023-02-08 16:42:19 - [MESSAGE][PASSED] - Object 'Object Repository/RAD_Pages/FilingStatus_Page/input_userType_Joint' is clickable

2023-02-08 16:42:19 - [TEST_STEP][PASSED] - click(findTestObject(orPath_FilingStatus + "/input_userType_Joint")): Object: 'Object Repository/RAD_Pages/FilingStatus_Page/input_userType_Joint' is clicked on

2023-02-08 16:42:20 - [MESSAGE][PASSED] - Object: 'Object Repository/RAD_Pages/FilingStatus_Page/input_userType_Joint' is clicked on

2023-02-08 16:42:20 - [TEST_STEP][PASSED] - switch (executionProfile): null

2023-02-08 16:42:20 - [TEST_STEP][PASSED] - case "QAProfile":: null

2023-02-08 16:42:20 - [TEST_STEP][PASSED] - setText(findTestObject(orPath_FilingStatus + "/input_jointLastName"), "Broad"): Text 'Broad' is set on object 'Object Repository/RAD_Pages/FilingStatus_Page/input_jointLastName'

2023-02-08 16:42:21 - [MESSAGE][PASSED] - Text 'Broad' is set on object 'Object Repository/RAD_Pages/FilingStatus_Page/input_jointLastName'

2023-02-08 16:42:21 - [TEST_STEP][PASSED] - setText(findTestObject("Object Repository/RAD_RecordAndPlay/input_JointFilerSSN"), "111116523"): Text '111116523' is set on object 'Object Repository/RAD_RecordAndPlay/input_JointFilerSSN'

2023-02-08 16:42:21 - [MESSAGE][PASSED] - Text '111116523' is set on object 'Object Repository/RAD_RecordAndPlay/input_JointFilerSSN'

2023-02-08 16:42:21 - [TEST_STEP][PASSED] - setText(findTestObject("Object Repository/RAD_RecordAndPlay/input_reTypeJointFilerSSN"), "222226523"): Text '222226523' is set on object 'Object Repository/RAD_RecordAndPlay/input_reTypeJointFilerSSN'

2023-02-08 16:42:22 - [MESSAGE][PASSED] - Text '222226523' is set on object 'Object Repository/RAD_RecordAndPlay/input_reTypeJointFilerSSN'

2023-02-08 16:42:22 - [TEST_STEP][PASSED] - break: null

2023-02-08 16:42:22 - [TEST_STEP][PASSED] - setText(findTestObject(orPath_FilingStatus + "/input_jointSuffix"), ""): Text '' is set on object 'Object Repository/RAD_Pages/FilingStatus_Page/input_jointSuffix'

2023-02-08 16:42:23 - [MESSAGE][PASSED] - Text '' is set on object 'Object Repository/RAD_Pages/FilingStatus_Page/input_jointSuffix'

2023-02-08 16:42:23 - [TEST_STEP][PASSED] - delay(2): Delayed 2 second(s)

2023-02-08 16:42:25 - [MESSAGE][PASSED] - Delayed 2 second(s)

2023-02-08 16:42:25 - [TEST_STEP][PASSED] - verifyTextPresent("The SSN and Re-type SSN do not match.", true): Text 'The SSN and Re-type SSN do not match.' is present on page  using regular expression

2023-02-08 16:42:25 - [MESSAGE][PASSED] - Text 'The SSN and Re-type SSN do not match.' is present on page  using regular expression

2023-02-08 16:42:25 - [TEST_STEP][PASSED] - openBrowser(""): Browser is opened with url: ''

2023-02-08 16:42:25 - [MESSAGE][WARNING] - A browser is already opened. Closing browser and opening a new one

2023-02-08 16:42:26 - [MESSAGE][INFO] - Starting 'Chrome' driver

2023-02-08 16:42:26 - [MESSAGE][INFO] - User set preference: ['acceptInsecureCerts', 'true']

2023-02-08 16:42:26 - [MESSAGE][INFO] - Action delay is set to 0 milliseconds

2023-02-08 16:42:28 - [MESSAGE][PASSED] - Browser is opened with url: ''

2023-02-08 16:42:28 - [TEST_STEP][PASSED] - maximizeWindow(): Current window maximized

2023-02-08 16:42:28 - [MESSAGE][PASSED] - Current window maximized

2023-02-08 16:42:28 - [TEST_STEP][PASSED] - navigateToUrl(RADurl): Navigate to 'https://qa.velocitypayment.com/client/rad/index.html' successfully

2023-02-08 16:42:30 - [MESSAGE][PASSED] - Navigate to 'https://qa.velocitypayment.com/client/rad/index.html' successfully

2023-02-08 16:42:30 - [TEST_STEP][PASSED] - out.println("Value of taxTypeDropList : " + taxTypeDropList[i]): null

2023-02-08 16:42:30 - [TEST_STEP][PASSED] - selectOptionByLabel(findTestObject(orPath_Landing + "/dd_TaxType"), taxTypeDropList[i], false): All options with label 'Extension Payments' are selected in object 'Object Repository/RAD_Pages/Landing_Page/dd_TaxType' 

2023-02-08 16:42:31 - [MESSAGE][PASSED] - All options with label 'Extension Payments' are selected in object 'Object Repository/RAD_Pages/Landing_Page/dd_TaxType' 

2023-02-08 16:42:31 - [TEST_STEP][PASSED] - switch (executionProfile): null

2023-02-08 16:42:31 - [TEST_STEP][PASSED] - case "QAProfile":: null

2023-02-08 16:42:31 - [TEST_STEP][PASSED] - setText(findTestObject(orPath_TaxPayer + "/input_lastName"), "Anderson"): Text 'Anderson' is set on object 'Object Repository/RAD_Pages/Taxpayer_Page/input_lastName'

2023-02-08 16:42:32 - [MESSAGE][PASSED] - Text 'Anderson' is set on object 'Object Repository/RAD_Pages/Taxpayer_Page/input_lastName'

2023-02-08 16:42:32 - [TEST_STEP][PASSED] - setText(findTestObject("RAD_RecordAndPlay/input_concatSSN"), "123441234"): Text '123441234' is set on object 'Object Repository/RAD_RecordAndPlay/input_concatSSN'

2023-02-08 16:42:33 - [MESSAGE][PASSED] - Text '123441234' is set on object 'Object Repository/RAD_RecordAndPlay/input_concatSSN'

2023-02-08 16:42:33 - [TEST_STEP][PASSED] - setText(findTestObject("RAD_RecordAndPlay/input_concatReSSN"), "123441234"): Text '123441234' is set on object 'Object Repository/RAD_RecordAndPlay/input_concatReSSN'

2023-02-08 16:42:33 - [MESSAGE][PASSED] - Text '123441234' is set on object 'Object Repository/RAD_RecordAndPlay/input_concatReSSN'

2023-02-08 16:42:33 - [TEST_STEP][PASSED] - break: null

2023-02-08 16:42:33 - [TEST_STEP][PASSED] - scrollToElement(findTestObject(orPath_Amount + "/input__paymentAmount"), 3): Scroll to object 'Object Repository/RAD_Pages/PaymentAmount_Page/input__paymentAmount' successfully

2023-02-08 16:42:34 - [MESSAGE][PASSED] - Scroll to object 'Object Repository/RAD_Pages/PaymentAmount_Page/input__paymentAmount' successfully

2023-02-08 16:42:34 - [TEST_STEP][PASSED] - waitForElementClickable(findTestObject(orPath_FilingStatus + "/input_userType_Joint"), 5): Object 'Object Repository/RAD_Pages/FilingStatus_Page/input_userType_Joint' is clickable

2023-02-08 16:42:34 - [MESSAGE][PASSED] - Object 'Object Repository/RAD_Pages/FilingStatus_Page/input_userType_Joint' is clickable

2023-02-08 16:42:34 - [TEST_STEP][PASSED] - click(findTestObject(orPath_FilingStatus + "/input_userType_Joint")): Object: 'Object Repository/RAD_Pages/FilingStatus_Page/input_userType_Joint' is clicked on

2023-02-08 16:42:35 - [MESSAGE][PASSED] - Object: 'Object Repository/RAD_Pages/FilingStatus_Page/input_userType_Joint' is clicked on

2023-02-08 16:42:35 - [TEST_STEP][PASSED] - switch (executionProfile): null

2023-02-08 16:42:35 - [TEST_STEP][PASSED] - case "QAProfile":: null

2023-02-08 16:42:35 - [TEST_STEP][PASSED] - setText(findTestObject(orPath_FilingStatus + "/input_jointLastName"), "Broad"): Text 'Broad' is set on object 'Object Repository/RAD_Pages/FilingStatus_Page/input_jointLastName'

2023-02-08 16:42:36 - [MESSAGE][PASSED] - Text 'Broad' is set on object 'Object Repository/RAD_Pages/FilingStatus_Page/input_jointLastName'

2023-02-08 16:42:36 - [TEST_STEP][PASSED] - setText(findTestObject("Object Repository/RAD_RecordAndPlay/input_JointFilerSSN"), "111116523"): Text '111116523' is set on object 'Object Repository/RAD_RecordAndPlay/input_JointFilerSSN'

2023-02-08 16:42:36 - [MESSAGE][PASSED] - Text '111116523' is set on object 'Object Repository/RAD_RecordAndPlay/input_JointFilerSSN'

2023-02-08 16:42:36 - [TEST_STEP][PASSED] - setText(findTestObject("Object Repository/RAD_RecordAndPlay/input_reTypeJointFilerSSN"), "222226523"): Text '222226523' is set on object 'Object Repository/RAD_RecordAndPlay/input_reTypeJointFilerSSN'

2023-02-08 16:42:37 - [MESSAGE][PASSED] - Text '222226523' is set on object 'Object Repository/RAD_RecordAndPlay/input_reTypeJointFilerSSN'

2023-02-08 16:42:37 - [TEST_STEP][PASSED] - break: null

2023-02-08 16:42:37 - [TEST_STEP][PASSED] - setText(findTestObject(orPath_FilingStatus + "/input_jointSuffix"), ""): Text '' is set on object 'Object Repository/RAD_Pages/FilingStatus_Page/input_jointSuffix'

2023-02-08 16:42:38 - [MESSAGE][PASSED] - Text '' is set on object 'Object Repository/RAD_Pages/FilingStatus_Page/input_jointSuffix'

2023-02-08 16:42:38 - [TEST_STEP][PASSED] - delay(2): Delayed 2 second(s)

2023-02-08 16:42:40 - [MESSAGE][PASSED] - Delayed 2 second(s)

2023-02-08 16:42:40 - [TEST_STEP][PASSED] - verifyTextPresent("The SSN and Re-type SSN do not match.", true): Text 'The SSN and Re-type SSN do not match.' is present on page  using regular expression

2023-02-08 16:42:41 - [MESSAGE][PASSED] - Text 'The SSN and Re-type SSN do not match.' is present on page  using regular expression]]></system-out>
         <system-err><![CDATA[]]></system-err>
      </testcase>
      <testcase name="Test Cases/RAD_TestCases/Negative_TestCases/SSNjointFilerMoreThan9Error" time="29.792" classname="Test Cases/RAD_TestCases/Negative_TestCases/SSNjointFilerMoreThan9Error" status="PASSED">
         <system-out><![CDATA[2023-02-08 16:42:41 - [TEST_CASE][PASSED] - Test Cases/RAD_TestCases/Negative_TestCases/SSNjointFilerMoreThan9Error: Test Cases/RAD_TestCases/Negative_TestCases/SSNjointFilerMoreThan9Error

2023-02-08 16:42:41 - [TEST_STEP][PASSED] - orPath_Landing = "Object Repository/RAD_Pages/Landing_Page": null

2023-02-08 16:42:41 - [TEST_STEP][PASSED] - orPath_Amount = "Object Repository/RAD_Pages/PaymentAmount_Page": null

2023-02-08 16:42:41 - [TEST_STEP][PASSED] - orPath_FilingStatus = "Object Repository/RAD_Pages/FilingStatus_Page": null

2023-02-08 16:42:41 - [TEST_STEP][PASSED] - orPath_TaxPayer = "Object Repository/RAD_Pages/Taxpayer_Page": null

2023-02-08 16:42:41 - [TEST_STEP][PASSED] - orPath_TaxInfo = "Object Repository/RAD_Pages/TaxInfo_Page": null

2023-02-08 16:42:41 - [TEST_STEP][PASSED] - taxTypeDropList = ["Estimated Tax", "Personal Income Tax", "Extension Payments"]: null

2023-02-08 16:42:41 - [TEST_STEP][PASSED] - listSize = taxTypeDropList.size(): null

2023-02-08 16:42:41 - [TEST_STEP][PASSED] - println(listSize): null

2023-02-08 16:42:41 - [TEST_STEP][PASSED] - for ([i = 0, i < listSize, (i++)]): Browser is closed

2023-02-08 16:42:41 - [TEST_STEP][PASSED] - openBrowser(""): Browser is opened with url: ''

2023-02-08 16:42:41 - [MESSAGE][WARNING] - A browser is already opened. Closing browser and opening a new one

2023-02-08 16:42:42 - [MESSAGE][INFO] - Starting 'Chrome' driver

2023-02-08 16:42:42 - [MESSAGE][INFO] - User set preference: ['acceptInsecureCerts', 'true']

2023-02-08 16:42:42 - [MESSAGE][INFO] - Action delay is set to 0 milliseconds

2023-02-08 16:42:43 - [MESSAGE][PASSED] - Browser is opened with url: ''

2023-02-08 16:42:43 - [TEST_STEP][PASSED] - maximizeWindow(): Current window maximized

2023-02-08 16:42:44 - [MESSAGE][PASSED] - Current window maximized

2023-02-08 16:42:44 - [TEST_STEP][PASSED] - navigateToUrl(RADurl): Navigate to 'https://qa.velocitypayment.com/client/rad/index.html' successfully

2023-02-08 16:42:46 - [MESSAGE][PASSED] - Navigate to 'https://qa.velocitypayment.com/client/rad/index.html' successfully

2023-02-08 16:42:46 - [TEST_STEP][PASSED] - out.println("Value of taxTypeDropList : " + taxTypeDropList[i]): null

2023-02-08 16:42:46 - [TEST_STEP][PASSED] - selectOptionByLabel(findTestObject(orPath_Landing + "/dd_TaxType"), taxTypeDropList[i], false): All options with label 'Estimated Tax' are selected in object 'Object Repository/RAD_Pages/Landing_Page/dd_TaxType' 

2023-02-08 16:42:47 - [MESSAGE][PASSED] - All options with label 'Estimated Tax' are selected in object 'Object Repository/RAD_Pages/Landing_Page/dd_TaxType' 

2023-02-08 16:42:47 - [TEST_STEP][PASSED] - scrollToElement(findTestObject(orPath_Amount + "/input__paymentAmount"), 3): Scroll to object 'Object Repository/RAD_Pages/PaymentAmount_Page/input__paymentAmount' successfully

2023-02-08 16:42:47 - [MESSAGE][PASSED] - Scroll to object 'Object Repository/RAD_Pages/PaymentAmount_Page/input__paymentAmount' successfully

2023-02-08 16:42:47 - [TEST_STEP][PASSED] - waitForElementClickable(findTestObject(orPath_FilingStatus + "/input_userType_Joint"), 5): Object 'Object Repository/RAD_Pages/FilingStatus_Page/input_userType_Joint' is clickable

2023-02-08 16:42:47 - [MESSAGE][PASSED] - Object 'Object Repository/RAD_Pages/FilingStatus_Page/input_userType_Joint' is clickable

2023-02-08 16:42:47 - [TEST_STEP][PASSED] - click(findTestObject(orPath_FilingStatus + "/input_userType_Joint")): Object: 'Object Repository/RAD_Pages/FilingStatus_Page/input_userType_Joint' is clicked on

2023-02-08 16:42:48 - [MESSAGE][PASSED] - Object: 'Object Repository/RAD_Pages/FilingStatus_Page/input_userType_Joint' is clicked on

2023-02-08 16:42:48 - [TEST_STEP][PASSED] - setText(findTestObject(orPath_FilingStatus + "/input_jointLastName"), "Stokes"): Text 'Stokes' is set on object 'Object Repository/RAD_Pages/FilingStatus_Page/input_jointLastName'

2023-02-08 16:42:49 - [MESSAGE][PASSED] - Text 'Stokes' is set on object 'Object Repository/RAD_Pages/FilingStatus_Page/input_jointLastName'

2023-02-08 16:42:49 - [TEST_STEP][PASSED] - setText(findTestObject("Object Repository/RAD_RecordAndPlay/input_JointFilerSSN"), "1234532100"): Text '1234532100' is set on object 'Object Repository/RAD_RecordAndPlay/input_JointFilerSSN'

2023-02-08 16:42:50 - [MESSAGE][PASSED] - Text '1234532100' is set on object 'Object Repository/RAD_RecordAndPlay/input_JointFilerSSN'

2023-02-08 16:42:50 - [TEST_STEP][PASSED] - setText(findTestObject("Object Repository/RAD_RecordAndPlay/input_reTypeJointFilerSSN"), ""): Text '' is set on object 'Object Repository/RAD_RecordAndPlay/input_reTypeJointFilerSSN'

2023-02-08 16:42:50 - [MESSAGE][PASSED] - Text '' is set on object 'Object Repository/RAD_RecordAndPlay/input_reTypeJointFilerSSN'

2023-02-08 16:42:50 - [TEST_STEP][PASSED] - verifyTextPresent("Please enter a valid SSN with 9 digits.", true): Text 'Please enter a valid SSN with 9 digits.' is present on page  using regular expression

2023-02-08 16:42:51 - [MESSAGE][PASSED] - Text 'Please enter a valid SSN with 9 digits.' is present on page  using regular expression

2023-02-08 16:42:51 - [TEST_STEP][PASSED] - closeBrowser(): Browser is closed

2023-02-08 16:42:52 - [MESSAGE][PASSED] - Browser is closed

2023-02-08 16:42:52 - [TEST_STEP][PASSED] - openBrowser(""): Browser is opened with url: ''

2023-02-08 16:42:52 - [MESSAGE][INFO] - Starting 'Chrome' driver

2023-02-08 16:42:52 - [MESSAGE][INFO] - User set preference: ['acceptInsecureCerts', 'true']

2023-02-08 16:42:52 - [MESSAGE][INFO] - Action delay is set to 0 milliseconds

2023-02-08 16:42:53 - [MESSAGE][PASSED] - Browser is opened with url: ''

2023-02-08 16:42:53 - [TEST_STEP][PASSED] - maximizeWindow(): Current window maximized

2023-02-08 16:42:53 - [MESSAGE][PASSED] - Current window maximized

2023-02-08 16:42:53 - [TEST_STEP][PASSED] - navigateToUrl(RADurl): Navigate to 'https://qa.velocitypayment.com/client/rad/index.html' successfully

2023-02-08 16:42:55 - [MESSAGE][PASSED] - Navigate to 'https://qa.velocitypayment.com/client/rad/index.html' successfully

2023-02-08 16:42:55 - [TEST_STEP][PASSED] - out.println("Value of taxTypeDropList : " + taxTypeDropList[i]): null

2023-02-08 16:42:55 - [TEST_STEP][PASSED] - selectOptionByLabel(findTestObject(orPath_Landing + "/dd_TaxType"), taxTypeDropList[i], false): All options with label 'Personal Income Tax' are selected in object 'Object Repository/RAD_Pages/Landing_Page/dd_TaxType' 

2023-02-08 16:42:56 - [MESSAGE][PASSED] - All options with label 'Personal Income Tax' are selected in object 'Object Repository/RAD_Pages/Landing_Page/dd_TaxType' 

2023-02-08 16:42:56 - [TEST_STEP][PASSED] - scrollToElement(findTestObject(orPath_Amount + "/input__paymentAmount"), 3): Scroll to object 'Object Repository/RAD_Pages/PaymentAmount_Page/input__paymentAmount' successfully

2023-02-08 16:42:56 - [MESSAGE][PASSED] - Scroll to object 'Object Repository/RAD_Pages/PaymentAmount_Page/input__paymentAmount' successfully

2023-02-08 16:42:56 - [TEST_STEP][PASSED] - waitForElementClickable(findTestObject(orPath_FilingStatus + "/input_userType_Joint"), 5): Object 'Object Repository/RAD_Pages/FilingStatus_Page/input_userType_Joint' is clickable

2023-02-08 16:42:57 - [MESSAGE][PASSED] - Object 'Object Repository/RAD_Pages/FilingStatus_Page/input_userType_Joint' is clickable

2023-02-08 16:42:57 - [TEST_STEP][PASSED] - click(findTestObject(orPath_FilingStatus + "/input_userType_Joint")): Object: 'Object Repository/RAD_Pages/FilingStatus_Page/input_userType_Joint' is clicked on

2023-02-08 16:42:57 - [MESSAGE][PASSED] - Object: 'Object Repository/RAD_Pages/FilingStatus_Page/input_userType_Joint' is clicked on

2023-02-08 16:42:57 - [TEST_STEP][PASSED] - setText(findTestObject(orPath_FilingStatus + "/input_jointLastName"), "Stokes"): Text 'Stokes' is set on object 'Object Repository/RAD_Pages/FilingStatus_Page/input_jointLastName'

2023-02-08 16:42:58 - [MESSAGE][PASSED] - Text 'Stokes' is set on object 'Object Repository/RAD_Pages/FilingStatus_Page/input_jointLastName'

2023-02-08 16:42:58 - [TEST_STEP][PASSED] - setText(findTestObject("Object Repository/RAD_RecordAndPlay/input_JointFilerSSN"), "1234532100"): Text '1234532100' is set on object 'Object Repository/RAD_RecordAndPlay/input_JointFilerSSN'

2023-02-08 16:42:59 - [MESSAGE][PASSED] - Text '1234532100' is set on object 'Object Repository/RAD_RecordAndPlay/input_JointFilerSSN'

2023-02-08 16:42:59 - [TEST_STEP][PASSED] - setText(findTestObject("Object Repository/RAD_RecordAndPlay/input_reTypeJointFilerSSN"), ""): Text '' is set on object 'Object Repository/RAD_RecordAndPlay/input_reTypeJointFilerSSN'

2023-02-08 16:42:59 - [MESSAGE][PASSED] - Text '' is set on object 'Object Repository/RAD_RecordAndPlay/input_reTypeJointFilerSSN'

2023-02-08 16:43:00 - [TEST_STEP][PASSED] - verifyTextPresent("Please enter a valid SSN with 9 digits.", true): Text 'Please enter a valid SSN with 9 digits.' is present on page  using regular expression

2023-02-08 16:43:00 - [MESSAGE][PASSED] - Text 'Please enter a valid SSN with 9 digits.' is present on page  using regular expression

2023-02-08 16:43:00 - [TEST_STEP][PASSED] - closeBrowser(): Browser is closed

2023-02-08 16:43:01 - [MESSAGE][PASSED] - Browser is closed

2023-02-08 16:43:01 - [TEST_STEP][PASSED] - openBrowser(""): Browser is opened with url: ''

2023-02-08 16:43:01 - [MESSAGE][INFO] - Starting 'Chrome' driver

2023-02-08 16:43:01 - [MESSAGE][INFO] - User set preference: ['acceptInsecureCerts', 'true']

2023-02-08 16:43:01 - [MESSAGE][INFO] - Action delay is set to 0 milliseconds

2023-02-08 16:43:03 - [MESSAGE][PASSED] - Browser is opened with url: ''

2023-02-08 16:43:03 - [TEST_STEP][PASSED] - maximizeWindow(): Current window maximized

2023-02-08 16:43:03 - [MESSAGE][PASSED] - Current window maximized

2023-02-08 16:43:03 - [TEST_STEP][PASSED] - navigateToUrl(RADurl): Navigate to 'https://qa.velocitypayment.com/client/rad/index.html' successfully

2023-02-08 16:43:05 - [MESSAGE][PASSED] - Navigate to 'https://qa.velocitypayment.com/client/rad/index.html' successfully

2023-02-08 16:43:05 - [TEST_STEP][PASSED] - out.println("Value of taxTypeDropList : " + taxTypeDropList[i]): null

2023-02-08 16:43:05 - [TEST_STEP][PASSED] - selectOptionByLabel(findTestObject(orPath_Landing + "/dd_TaxType"), taxTypeDropList[i], false): All options with label 'Extension Payments' are selected in object 'Object Repository/RAD_Pages/Landing_Page/dd_TaxType' 

2023-02-08 16:43:05 - [MESSAGE][PASSED] - All options with label 'Extension Payments' are selected in object 'Object Repository/RAD_Pages/Landing_Page/dd_TaxType' 

2023-02-08 16:43:05 - [TEST_STEP][PASSED] - scrollToElement(findTestObject(orPath_Amount + "/input__paymentAmount"), 3): Scroll to object 'Object Repository/RAD_Pages/PaymentAmount_Page/input__paymentAmount' successfully

2023-02-08 16:43:06 - [MESSAGE][PASSED] - Scroll to object 'Object Repository/RAD_Pages/PaymentAmount_Page/input__paymentAmount' successfully

2023-02-08 16:43:06 - [TEST_STEP][PASSED] - waitForElementClickable(findTestObject(orPath_FilingStatus + "/input_userType_Joint"), 5): Object 'Object Repository/RAD_Pages/FilingStatus_Page/input_userType_Joint' is clickable

2023-02-08 16:43:06 - [MESSAGE][PASSED] - Object 'Object Repository/RAD_Pages/FilingStatus_Page/input_userType_Joint' is clickable

2023-02-08 16:43:06 - [TEST_STEP][PASSED] - click(findTestObject(orPath_FilingStatus + "/input_userType_Joint")): Object: 'Object Repository/RAD_Pages/FilingStatus_Page/input_userType_Joint' is clicked on

2023-02-08 16:43:07 - [MESSAGE][PASSED] - Object: 'Object Repository/RAD_Pages/FilingStatus_Page/input_userType_Joint' is clicked on

2023-02-08 16:43:07 - [TEST_STEP][PASSED] - setText(findTestObject(orPath_FilingStatus + "/input_jointLastName"), "Stokes"): Text 'Stokes' is set on object 'Object Repository/RAD_Pages/FilingStatus_Page/input_jointLastName'

2023-02-08 16:43:08 - [MESSAGE][PASSED] - Text 'Stokes' is set on object 'Object Repository/RAD_Pages/FilingStatus_Page/input_jointLastName'

2023-02-08 16:43:08 - [TEST_STEP][PASSED] - setText(findTestObject("Object Repository/RAD_RecordAndPlay/input_JointFilerSSN"), "1234532100"): Text '1234532100' is set on object 'Object Repository/RAD_RecordAndPlay/input_JointFilerSSN'

2023-02-08 16:43:08 - [MESSAGE][PASSED] - Text '1234532100' is set on object 'Object Repository/RAD_RecordAndPlay/input_JointFilerSSN'

2023-02-08 16:43:08 - [TEST_STEP][PASSED] - setText(findTestObject("Object Repository/RAD_RecordAndPlay/input_reTypeJointFilerSSN"), ""): Text '' is set on object 'Object Repository/RAD_RecordAndPlay/input_reTypeJointFilerSSN'

2023-02-08 16:43:09 - [MESSAGE][PASSED] - Text '' is set on object 'Object Repository/RAD_RecordAndPlay/input_reTypeJointFilerSSN'

2023-02-08 16:43:09 - [TEST_STEP][PASSED] - verifyTextPresent("Please enter a valid SSN with 9 digits.", true): Text 'Please enter a valid SSN with 9 digits.' is present on page  using regular expression

2023-02-08 16:43:10 - [MESSAGE][PASSED] - Text 'Please enter a valid SSN with 9 digits.' is present on page  using regular expression

2023-02-08 16:43:10 - [TEST_STEP][PASSED] - closeBrowser(): Browser is closed

2023-02-08 16:43:10 - [MESSAGE][PASSED] - Browser is closed]]></system-out>
         <system-err><![CDATA[]]></system-err>
      </testcase>
      <testcase name="Test Cases/RAD_TestCases/Negative_TestCases/SSNmoreThan9Error" time="24.398" classname="Test Cases/RAD_TestCases/Negative_TestCases/SSNmoreThan9Error" status="PASSED">
         <system-out><![CDATA[2023-02-08 16:43:10 - [TEST_CASE][PASSED] - Test Cases/RAD_TestCases/Negative_TestCases/SSNmoreThan9Error: Test Cases/RAD_TestCases/Negative_TestCases/SSNmoreThan9Error

2023-02-08 16:43:11 - [TEST_STEP][PASSED] - orPath_Landing = "Object Repository/RAD_Pages/Landing_Page": null

2023-02-08 16:43:11 - [TEST_STEP][PASSED] - orPath_Amount = "Object Repository/RAD_Pages/PaymentAmount_Page": null

2023-02-08 16:43:11 - [TEST_STEP][PASSED] - orPath_FilingStatus = "Object Repository/RAD_Pages/FilingStatus_Page": null

2023-02-08 16:43:11 - [TEST_STEP][PASSED] - orPath_TaxPayer = "Object Repository/RAD_Pages/Taxpayer_Page": null

2023-02-08 16:43:11 - [TEST_STEP][PASSED] - orPath_TaxInfo = "Object Repository/RAD_Pages/TaxInfo_Page": null

2023-02-08 16:43:11 - [TEST_STEP][PASSED] - taxTypeDropList = ["Estimated Tax", "Personal Income Tax", "Extension Payments"]: null

2023-02-08 16:43:11 - [TEST_STEP][PASSED] - listSize = taxTypeDropList.size(): null

2023-02-08 16:43:11 - [TEST_STEP][PASSED] - println(listSize): null

2023-02-08 16:43:11 - [TEST_STEP][PASSED] - for ([i = 0, i < listSize, (i++)]): Browser is closed

2023-02-08 16:43:11 - [TEST_STEP][PASSED] - openBrowser(""): Browser is opened with url: ''

2023-02-08 16:43:11 - [MESSAGE][INFO] - Starting 'Chrome' driver

2023-02-08 16:43:11 - [MESSAGE][INFO] - User set preference: ['acceptInsecureCerts', 'true']

2023-02-08 16:43:11 - [MESSAGE][INFO] - Action delay is set to 0 milliseconds

2023-02-08 16:43:12 - [MESSAGE][PASSED] - Browser is opened with url: ''

2023-02-08 16:43:12 - [TEST_STEP][PASSED] - maximizeWindow(): Current window maximized

2023-02-08 16:43:12 - [MESSAGE][PASSED] - Current window maximized

2023-02-08 16:43:12 - [TEST_STEP][PASSED] - navigateToUrl(RADurl): Navigate to 'https://qa.velocitypayment.com/client/rad/index.html' successfully

2023-02-08 16:43:14 - [MESSAGE][PASSED] - Navigate to 'https://qa.velocitypayment.com/client/rad/index.html' successfully

2023-02-08 16:43:14 - [TEST_STEP][PASSED] - out.println("Value of taxTypeDropList : " + taxTypeDropList[i]): null

2023-02-08 16:43:14 - [TEST_STEP][PASSED] - selectOptionByLabel(findTestObject(orPath_Landing + "/dd_TaxType"), taxTypeDropList[i], false): All options with label 'Estimated Tax' are selected in object 'Object Repository/RAD_Pages/Landing_Page/dd_TaxType' 

2023-02-08 16:43:15 - [MESSAGE][PASSED] - All options with label 'Estimated Tax' are selected in object 'Object Repository/RAD_Pages/Landing_Page/dd_TaxType' 

2023-02-08 16:43:15 - [TEST_STEP][PASSED] - if (taxTypeDropList[i].equalsIgnoreCase("Existing Liability")): null

2023-02-08 16:43:15 - [TEST_STEP][PASSED] - else: Text '' is set on object 'Object Repository/RAD_RecordAndPlay/input_concatReSSN'

2023-02-08 16:43:15 - [TEST_STEP][PASSED] - setText(findTestObject(orPath_TaxPayer + "/input_lastName"), "Anderson"): Text 'Anderson' is set on object 'Object Repository/RAD_Pages/Taxpayer_Page/input_lastName'

2023-02-08 16:43:16 - [MESSAGE][PASSED] - Text 'Anderson' is set on object 'Object Repository/RAD_Pages/Taxpayer_Page/input_lastName'

2023-02-08 16:43:16 - [TEST_STEP][PASSED] - setText(findTestObject("RAD_RecordAndPlay/input_concatSSN"), "12345123400"): Text '12345123400' is set on object 'Object Repository/RAD_RecordAndPlay/input_concatSSN'

2023-02-08 16:43:17 - [MESSAGE][PASSED] - Text '12345123400' is set on object 'Object Repository/RAD_RecordAndPlay/input_concatSSN'

2023-02-08 16:43:17 - [TEST_STEP][PASSED] - setText(findTestObject("RAD_RecordAndPlay/input_concatReSSN"), ""): Text '' is set on object 'Object Repository/RAD_RecordAndPlay/input_concatReSSN'

2023-02-08 16:43:17 - [MESSAGE][PASSED] - Text '' is set on object 'Object Repository/RAD_RecordAndPlay/input_concatReSSN'

2023-02-08 16:43:17 - [TEST_STEP][PASSED] - verifyTextPresent("Please enter a valid SSN with 9 digits.", true): Text 'Please enter a valid SSN with 9 digits.' is present on page  using regular expression

2023-02-08 16:43:18 - [MESSAGE][PASSED] - Text 'Please enter a valid SSN with 9 digits.' is present on page  using regular expression

2023-02-08 16:43:18 - [TEST_STEP][PASSED] - closeBrowser(): Browser is closed

2023-02-08 16:43:19 - [MESSAGE][PASSED] - Browser is closed

2023-02-08 16:43:19 - [TEST_STEP][PASSED] - openBrowser(""): Browser is opened with url: ''

2023-02-08 16:43:19 - [MESSAGE][INFO] - Starting 'Chrome' driver

2023-02-08 16:43:19 - [MESSAGE][INFO] - User set preference: ['acceptInsecureCerts', 'true']

2023-02-08 16:43:19 - [MESSAGE][INFO] - Action delay is set to 0 milliseconds

2023-02-08 16:43:20 - [MESSAGE][PASSED] - Browser is opened with url: ''

2023-02-08 16:43:20 - [TEST_STEP][PASSED] - maximizeWindow(): Current window maximized

2023-02-08 16:43:20 - [MESSAGE][PASSED] - Current window maximized

2023-02-08 16:43:20 - [TEST_STEP][PASSED] - navigateToUrl(RADurl): Navigate to 'https://qa.velocitypayment.com/client/rad/index.html' successfully

2023-02-08 16:43:22 - [MESSAGE][PASSED] - Navigate to 'https://qa.velocitypayment.com/client/rad/index.html' successfully

2023-02-08 16:43:22 - [TEST_STEP][PASSED] - out.println("Value of taxTypeDropList : " + taxTypeDropList[i]): null

2023-02-08 16:43:22 - [TEST_STEP][PASSED] - selectOptionByLabel(findTestObject(orPath_Landing + "/dd_TaxType"), taxTypeDropList[i], false): All options with label 'Personal Income Tax' are selected in object 'Object Repository/RAD_Pages/Landing_Page/dd_TaxType' 

2023-02-08 16:43:23 - [MESSAGE][PASSED] - All options with label 'Personal Income Tax' are selected in object 'Object Repository/RAD_Pages/Landing_Page/dd_TaxType' 

2023-02-08 16:43:23 - [TEST_STEP][PASSED] - if (taxTypeDropList[i].equalsIgnoreCase("Existing Liability")): null

2023-02-08 16:43:23 - [TEST_STEP][PASSED] - else: Text '' is set on object 'Object Repository/RAD_RecordAndPlay/input_concatReSSN'

2023-02-08 16:43:23 - [TEST_STEP][PASSED] - setText(findTestObject(orPath_TaxPayer + "/input_lastName"), "Anderson"): Text 'Anderson' is set on object 'Object Repository/RAD_Pages/Taxpayer_Page/input_lastName'

2023-02-08 16:43:24 - [MESSAGE][PASSED] - Text 'Anderson' is set on object 'Object Repository/RAD_Pages/Taxpayer_Page/input_lastName'

2023-02-08 16:43:24 - [TEST_STEP][PASSED] - setText(findTestObject("RAD_RecordAndPlay/input_concatSSN"), "12345123400"): Text '12345123400' is set on object 'Object Repository/RAD_RecordAndPlay/input_concatSSN'

2023-02-08 16:43:25 - [MESSAGE][PASSED] - Text '12345123400' is set on object 'Object Repository/RAD_RecordAndPlay/input_concatSSN'

2023-02-08 16:43:25 - [TEST_STEP][PASSED] - setText(findTestObject("RAD_RecordAndPlay/input_concatReSSN"), ""): Text '' is set on object 'Object Repository/RAD_RecordAndPlay/input_concatReSSN'

2023-02-08 16:43:25 - [MESSAGE][PASSED] - Text '' is set on object 'Object Repository/RAD_RecordAndPlay/input_concatReSSN'

2023-02-08 16:43:25 - [TEST_STEP][PASSED] - verifyTextPresent("Please enter a valid SSN with 9 digits.", true): Text 'Please enter a valid SSN with 9 digits.' is present on page  using regular expression

2023-02-08 16:43:26 - [MESSAGE][PASSED] - Text 'Please enter a valid SSN with 9 digits.' is present on page  using regular expression

2023-02-08 16:43:26 - [TEST_STEP][PASSED] - closeBrowser(): Browser is closed

2023-02-08 16:43:27 - [MESSAGE][PASSED] - Browser is closed

2023-02-08 16:43:27 - [TEST_STEP][PASSED] - openBrowser(""): Browser is opened with url: ''

2023-02-08 16:43:27 - [MESSAGE][INFO] - Starting 'Chrome' driver

2023-02-08 16:43:27 - [MESSAGE][INFO] - User set preference: ['acceptInsecureCerts', 'true']

2023-02-08 16:43:27 - [MESSAGE][INFO] - Action delay is set to 0 milliseconds

2023-02-08 16:43:28 - [MESSAGE][PASSED] - Browser is opened with url: ''

2023-02-08 16:43:28 - [TEST_STEP][PASSED] - maximizeWindow(): Current window maximized

2023-02-08 16:43:28 - [MESSAGE][PASSED] - Current window maximized

2023-02-08 16:43:28 - [TEST_STEP][PASSED] - navigateToUrl(RADurl): Navigate to 'https://qa.velocitypayment.com/client/rad/index.html' successfully

2023-02-08 16:43:30 - [MESSAGE][PASSED] - Navigate to 'https://qa.velocitypayment.com/client/rad/index.html' successfully

2023-02-08 16:43:30 - [TEST_STEP][PASSED] - out.println("Value of taxTypeDropList : " + taxTypeDropList[i]): null

2023-02-08 16:43:30 - [TEST_STEP][PASSED] - selectOptionByLabel(findTestObject(orPath_Landing + "/dd_TaxType"), taxTypeDropList[i], false): All options with label 'Extension Payments' are selected in object 'Object Repository/RAD_Pages/Landing_Page/dd_TaxType' 

2023-02-08 16:43:31 - [MESSAGE][PASSED] - All options with label 'Extension Payments' are selected in object 'Object Repository/RAD_Pages/Landing_Page/dd_TaxType' 

2023-02-08 16:43:31 - [TEST_STEP][PASSED] - if (taxTypeDropList[i].equalsIgnoreCase("Existing Liability")): null

2023-02-08 16:43:31 - [TEST_STEP][PASSED] - else: Text '' is set on object 'Object Repository/RAD_RecordAndPlay/input_concatReSSN'

2023-02-08 16:43:31 - [TEST_STEP][PASSED] - setText(findTestObject(orPath_TaxPayer + "/input_lastName"), "Anderson"): Text 'Anderson' is set on object 'Object Repository/RAD_Pages/Taxpayer_Page/input_lastName'

2023-02-08 16:43:32 - [MESSAGE][PASSED] - Text 'Anderson' is set on object 'Object Repository/RAD_Pages/Taxpayer_Page/input_lastName'

2023-02-08 16:43:32 - [TEST_STEP][PASSED] - setText(findTestObject("RAD_RecordAndPlay/input_concatSSN"), "12345123400"): Text '12345123400' is set on object 'Object Repository/RAD_RecordAndPlay/input_concatSSN'

2023-02-08 16:43:33 - [MESSAGE][PASSED] - Text '12345123400' is set on object 'Object Repository/RAD_RecordAndPlay/input_concatSSN'

2023-02-08 16:43:33 - [TEST_STEP][PASSED] - setText(findTestObject("RAD_RecordAndPlay/input_concatReSSN"), ""): Text '' is set on object 'Object Repository/RAD_RecordAndPlay/input_concatReSSN'

2023-02-08 16:43:33 - [MESSAGE][PASSED] - Text '' is set on object 'Object Repository/RAD_RecordAndPlay/input_concatReSSN'

2023-02-08 16:43:33 - [TEST_STEP][PASSED] - verifyTextPresent("Please enter a valid SSN with 9 digits.", true): Text 'Please enter a valid SSN with 9 digits.' is present on page  using regular expression

2023-02-08 16:43:34 - [MESSAGE][PASSED] - Text 'Please enter a valid SSN with 9 digits.' is present on page  using regular expression

2023-02-08 16:43:34 - [TEST_STEP][PASSED] - closeBrowser(): Browser is closed

2023-02-08 16:43:35 - [MESSAGE][PASSED] - Browser is closed]]></system-out>
         <system-err><![CDATA[]]></system-err>
      </testcase>
      <testcase name="Test Cases/RAD_TestCases/Negative_TestCases/FEINmoreThan9Error" time="30.232" classname="Test Cases/RAD_TestCases/Negative_TestCases/FEINmoreThan9Error" status="PASSED">
         <system-out><![CDATA[2023-02-08 16:43:35 - [TEST_CASE][PASSED] - Test Cases/RAD_TestCases/Negative_TestCases/FEINmoreThan9Error: Test Cases/RAD_TestCases/Negative_TestCases/FEINmoreThan9Error

2023-02-08 16:43:35 - [TEST_STEP][PASSED] - orPath_Landing = "Object Repository/RAD_Pages/Landing_Page": null

2023-02-08 16:43:35 - [TEST_STEP][PASSED] - orPath_Amount = "Object Repository/RAD_Pages/PaymentAmount_Page": null

2023-02-08 16:43:35 - [TEST_STEP][PASSED] - orPath_FilingStatus = "Object Repository/RAD_Pages/FilingStatus_Page": null

2023-02-08 16:43:35 - [TEST_STEP][PASSED] - orPath_TaxPayer = "Object Repository/RAD_Pages/Taxpayer_Page": null

2023-02-08 16:43:35 - [TEST_STEP][PASSED] - orPath_TaxInfo = "Object Repository/RAD_Pages/TaxInfo_Page": null

2023-02-08 16:43:35 - [TEST_STEP][PASSED] - orPath_TaxTypeFilingYear = "Object Repository/RAD_Pages/TaxTypeFilingYear_Page": null

2023-02-08 16:43:35 - [TEST_STEP][PASSED] - taxTypeDropList = ["Estimated Tax", "Extension Payments", "Sales and Use", "Withholding Tax"]: null

2023-02-08 16:43:35 - [TEST_STEP][PASSED] - listSize = taxTypeDropList.size(): null

2023-02-08 16:43:35 - [TEST_STEP][PASSED] - println(listSize): null

2023-02-08 16:43:35 - [TEST_STEP][PASSED] - for ([i = 0, i < listSize, (i++)]): null

2023-02-08 16:43:35 - [TEST_STEP][PASSED] - openBrowser(""): Browser is opened with url: ''

2023-02-08 16:43:35 - [MESSAGE][INFO] - Starting 'Chrome' driver

2023-02-08 16:43:35 - [MESSAGE][INFO] - User set preference: ['acceptInsecureCerts', 'true']

2023-02-08 16:43:35 - [MESSAGE][INFO] - Action delay is set to 0 milliseconds

2023-02-08 16:43:37 - [MESSAGE][PASSED] - Browser is opened with url: ''

2023-02-08 16:43:37 - [TEST_STEP][PASSED] - maximizeWindow(): Current window maximized

2023-02-08 16:43:37 - [MESSAGE][PASSED] - Current window maximized

2023-02-08 16:43:37 - [TEST_STEP][PASSED] - navigateToUrl(RADurl): Navigate to 'https://qa.velocitypayment.com/client/rad/index.html' successfully

2023-02-08 16:43:39 - [MESSAGE][PASSED] - Navigate to 'https://qa.velocitypayment.com/client/rad/index.html' successfully

2023-02-08 16:43:39 - [TEST_STEP][PASSED] - out.println("Value of taxTypeDropList : " + taxTypeDropList[i]): null

2023-02-08 16:43:39 - [TEST_STEP][PASSED] - selectOptionByLabel(findTestObject(orPath_Landing + "/dd_TaxType"), taxTypeDropList[i], false): All options with label 'Estimated Tax' are selected in object 'Object Repository/RAD_Pages/Landing_Page/dd_TaxType' 

2023-02-08 16:43:39 - [MESSAGE][PASSED] - All options with label 'Estimated Tax' are selected in object 'Object Repository/RAD_Pages/Landing_Page/dd_TaxType' 

2023-02-08 16:43:39 - [TEST_STEP][PASSED] - switch (taxTypeDropList[i]): null

2023-02-08 16:43:39 - [TEST_STEP][PASSED] - case "Estimated Tax":: null

2023-02-08 16:43:39 - [TEST_STEP][PASSED] - selectOptionByLabel(findTestObject(orPath_TaxTypeFilingYear + "/select_PaymentType"), "Corporate", false): All options with label 'Corporate' are selected in object 'Object Repository/RAD_Pages/TaxTypeFilingYear_Page/select_PaymentType' 

2023-02-08 16:43:40 - [MESSAGE][PASSED] - All options with label 'Corporate' are selected in object 'Object Repository/RAD_Pages/TaxTypeFilingYear_Page/select_PaymentType' 

2023-02-08 16:43:40 - [TEST_STEP][PASSED] - setEncryptedText(findTestObject(orPath_TaxInfo + "/input_FederalEIN"), "RigbBhfdqOBDK95asqKeHw=="): Text ****** has been set on object 'Object Repository/RAD_Pages/TaxInfo_Page/input_FederalEIN'

2023-02-08 16:43:41 - [MESSAGE][PASSED] - Text ****** has been set on object 'Object Repository/RAD_Pages/TaxInfo_Page/input_FederalEIN'

2023-02-08 16:43:41 - [TEST_STEP][PASSED] - setEncryptedText(findTestObject(orPath_TaxInfo + "/input_FederalEIN_ReEnter"), ""): Text ****** has been set on object 'Object Repository/RAD_Pages/TaxInfo_Page/input_FederalEIN_ReEnter'

2023-02-08 16:43:41 - [MESSAGE][PASSED] - Text ****** has been set on object 'Object Repository/RAD_Pages/TaxInfo_Page/input_FederalEIN_ReEnter'

2023-02-08 16:43:42 - [TEST_STEP][PASSED] - verifyTextPresent("Please enter a valid FEIN with 9 digits.", true): Text 'Please enter a valid FEIN with 9 digits.' is present on page  using regular expression

2023-02-08 16:43:42 - [MESSAGE][PASSED] - Text 'Please enter a valid FEIN with 9 digits.' is present on page  using regular expression

2023-02-08 16:43:42 - [TEST_STEP][PASSED] - closeBrowser(): Browser is closed

2023-02-08 16:43:43 - [MESSAGE][PASSED] - Browser is closed

2023-02-08 16:43:43 - [TEST_STEP][PASSED] - break: null

2023-02-08 16:43:43 - [TEST_STEP][PASSED] - openBrowser(""): Browser is opened with url: ''

2023-02-08 16:43:43 - [MESSAGE][INFO] - Starting 'Chrome' driver

2023-02-08 16:43:43 - [MESSAGE][INFO] - User set preference: ['acceptInsecureCerts', 'true']

2023-02-08 16:43:43 - [MESSAGE][INFO] - Action delay is set to 0 milliseconds

2023-02-08 16:43:45 - [MESSAGE][PASSED] - Browser is opened with url: ''

2023-02-08 16:43:45 - [TEST_STEP][PASSED] - maximizeWindow(): Current window maximized

2023-02-08 16:43:45 - [MESSAGE][PASSED] - Current window maximized

2023-02-08 16:43:45 - [TEST_STEP][PASSED] - navigateToUrl(RADurl): Navigate to 'https://qa.velocitypayment.com/client/rad/index.html' successfully

2023-02-08 16:43:46 - [MESSAGE][PASSED] - Navigate to 'https://qa.velocitypayment.com/client/rad/index.html' successfully

2023-02-08 16:43:46 - [TEST_STEP][PASSED] - out.println("Value of taxTypeDropList : " + taxTypeDropList[i]): null

2023-02-08 16:43:46 - [TEST_STEP][PASSED] - selectOptionByLabel(findTestObject(orPath_Landing + "/dd_TaxType"), taxTypeDropList[i], false): All options with label 'Extension Payments' are selected in object 'Object Repository/RAD_Pages/Landing_Page/dd_TaxType' 

2023-02-08 16:43:47 - [MESSAGE][PASSED] - All options with label 'Extension Payments' are selected in object 'Object Repository/RAD_Pages/Landing_Page/dd_TaxType' 

2023-02-08 16:43:47 - [TEST_STEP][PASSED] - switch (taxTypeDropList[i]): null

2023-02-08 16:43:47 - [TEST_STEP][PASSED] - case "Extension Payments":: null

2023-02-08 16:43:47 - [TEST_STEP][PASSED] - selectOptionByLabel(findTestObject(orPath_TaxTypeFilingYear + "/select_PaymentType"), "Corporate", false): All options with label 'Corporate' are selected in object 'Object Repository/RAD_Pages/TaxTypeFilingYear_Page/select_PaymentType' 

2023-02-08 16:43:48 - [MESSAGE][PASSED] - All options with label 'Corporate' are selected in object 'Object Repository/RAD_Pages/TaxTypeFilingYear_Page/select_PaymentType' 

2023-02-08 16:43:48 - [TEST_STEP][PASSED] - setEncryptedText(findTestObject(orPath_TaxInfo + "/input_FederalEIN"), "RigbBhfdqOBDK95asqKeHw=="): Text ****** has been set on object 'Object Repository/RAD_Pages/TaxInfo_Page/input_FederalEIN'

2023-02-08 16:43:49 - [MESSAGE][PASSED] - Text ****** has been set on object 'Object Repository/RAD_Pages/TaxInfo_Page/input_FederalEIN'

2023-02-08 16:43:49 - [TEST_STEP][PASSED] - setEncryptedText(findTestObject(orPath_TaxInfo + "/input_FederalEIN_ReEnter"), ""): Text ****** has been set on object 'Object Repository/RAD_Pages/TaxInfo_Page/input_FederalEIN_ReEnter'

2023-02-08 16:43:49 - [MESSAGE][PASSED] - Text ****** has been set on object 'Object Repository/RAD_Pages/TaxInfo_Page/input_FederalEIN_ReEnter'

2023-02-08 16:43:49 - [TEST_STEP][PASSED] - verifyTextPresent("Please enter a valid FEIN with 9 digits.", true): Text 'Please enter a valid FEIN with 9 digits.' is present on page  using regular expression

2023-02-08 16:43:50 - [MESSAGE][PASSED] - Text 'Please enter a valid FEIN with 9 digits.' is present on page  using regular expression

2023-02-08 16:43:50 - [TEST_STEP][PASSED] - closeBrowser(): Browser is closed

2023-02-08 16:43:51 - [MESSAGE][PASSED] - Browser is closed

2023-02-08 16:43:51 - [TEST_STEP][PASSED] - break: null

2023-02-08 16:43:51 - [TEST_STEP][PASSED] - openBrowser(""): Browser is opened with url: ''

2023-02-08 16:43:51 - [MESSAGE][INFO] - Starting 'Chrome' driver

2023-02-08 16:43:51 - [MESSAGE][INFO] - User set preference: ['acceptInsecureCerts', 'true']

2023-02-08 16:43:51 - [MESSAGE][INFO] - Action delay is set to 0 milliseconds

2023-02-08 16:43:52 - [MESSAGE][PASSED] - Browser is opened with url: ''

2023-02-08 16:43:52 - [TEST_STEP][PASSED] - maximizeWindow(): Current window maximized

2023-02-08 16:43:53 - [MESSAGE][PASSED] - Current window maximized

2023-02-08 16:43:53 - [TEST_STEP][PASSED] - navigateToUrl(RADurl): Navigate to 'https://qa.velocitypayment.com/client/rad/index.html' successfully

2023-02-08 16:43:55 - [MESSAGE][PASSED] - Navigate to 'https://qa.velocitypayment.com/client/rad/index.html' successfully

2023-02-08 16:43:55 - [TEST_STEP][PASSED] - out.println("Value of taxTypeDropList : " + taxTypeDropList[i]): null

2023-02-08 16:43:55 - [TEST_STEP][PASSED] - selectOptionByLabel(findTestObject(orPath_Landing + "/dd_TaxType"), taxTypeDropList[i], false): All options with label 'Sales and Use' are selected in object 'Object Repository/RAD_Pages/Landing_Page/dd_TaxType' 

2023-02-08 16:43:56 - [MESSAGE][PASSED] - All options with label 'Sales and Use' are selected in object 'Object Repository/RAD_Pages/Landing_Page/dd_TaxType' 

2023-02-08 16:43:56 - [TEST_STEP][PASSED] - switch (taxTypeDropList[i]): null

2023-02-08 16:43:56 - [TEST_STEP][PASSED] - case "Sales and Use":: null

2023-02-08 16:43:56 - [TEST_STEP][PASSED] - setEncryptedText(findTestObject(orPath_TaxInfo + "/input_FederalEIN"), "RigbBhfdqOBDK95asqKeHw=="): Text ****** has been set on object 'Object Repository/RAD_Pages/TaxInfo_Page/input_FederalEIN'

2023-02-08 16:43:56 - [MESSAGE][PASSED] - Text ****** has been set on object 'Object Repository/RAD_Pages/TaxInfo_Page/input_FederalEIN'

2023-02-08 16:43:56 - [TEST_STEP][PASSED] - setEncryptedText(findTestObject(orPath_TaxInfo + "/input_FederalEIN_ReEnter"), ""): Text ****** has been set on object 'Object Repository/RAD_Pages/TaxInfo_Page/input_FederalEIN_ReEnter'

2023-02-08 16:43:57 - [MESSAGE][PASSED] - Text ****** has been set on object 'Object Repository/RAD_Pages/TaxInfo_Page/input_FederalEIN_ReEnter'

2023-02-08 16:43:57 - [TEST_STEP][PASSED] - verifyTextPresent("Please enter a valid FEIN with 9 digits.", true): Text 'Please enter a valid FEIN with 9 digits.' is present on page  using regular expression

2023-02-08 16:43:58 - [MESSAGE][PASSED] - Text 'Please enter a valid FEIN with 9 digits.' is present on page  using regular expression

2023-02-08 16:43:58 - [TEST_STEP][PASSED] - closeBrowser(): Browser is closed

2023-02-08 16:43:59 - [MESSAGE][PASSED] - Browser is closed

2023-02-08 16:43:59 - [TEST_STEP][PASSED] - break: null

2023-02-08 16:43:59 - [TEST_STEP][PASSED] - openBrowser(""): Browser is opened with url: ''

2023-02-08 16:43:59 - [MESSAGE][INFO] - Starting 'Chrome' driver

2023-02-08 16:43:59 - [MESSAGE][INFO] - User set preference: ['acceptInsecureCerts', 'true']

2023-02-08 16:43:59 - [MESSAGE][INFO] - Action delay is set to 0 milliseconds

2023-02-08 16:44:00 - [MESSAGE][PASSED] - Browser is opened with url: ''

2023-02-08 16:44:00 - [TEST_STEP][PASSED] - maximizeWindow(): Current window maximized

2023-02-08 16:44:00 - [MESSAGE][PASSED] - Current window maximized

2023-02-08 16:44:00 - [TEST_STEP][PASSED] - navigateToUrl(RADurl): Navigate to 'https://qa.velocitypayment.com/client/rad/index.html' successfully

2023-02-08 16:44:02 - [MESSAGE][PASSED] - Navigate to 'https://qa.velocitypayment.com/client/rad/index.html' successfully

2023-02-08 16:44:02 - [TEST_STEP][PASSED] - out.println("Value of taxTypeDropList : " + taxTypeDropList[i]): null

2023-02-08 16:44:02 - [TEST_STEP][PASSED] - selectOptionByLabel(findTestObject(orPath_Landing + "/dd_TaxType"), taxTypeDropList[i], false): All options with label 'Withholding Tax' are selected in object 'Object Repository/RAD_Pages/Landing_Page/dd_TaxType' 

2023-02-08 16:44:02 - [MESSAGE][PASSED] - All options with label 'Withholding Tax' are selected in object 'Object Repository/RAD_Pages/Landing_Page/dd_TaxType' 

2023-02-08 16:44:02 - [TEST_STEP][PASSED] - switch (taxTypeDropList[i]): null

2023-02-08 16:44:02 - [TEST_STEP][PASSED] - case "Withholding Tax":: null

2023-02-08 16:44:02 - [TEST_STEP][PASSED] - setEncryptedText(findTestObject(orPath_TaxInfo + "/input_FederalEIN"), "RigbBhfdqOBDK95asqKeHw=="): Text ****** has been set on object 'Object Repository/RAD_Pages/TaxInfo_Page/input_FederalEIN'

2023-02-08 16:44:03 - [MESSAGE][PASSED] - Text ****** has been set on object 'Object Repository/RAD_Pages/TaxInfo_Page/input_FederalEIN'

2023-02-08 16:44:03 - [TEST_STEP][PASSED] - setEncryptedText(findTestObject(orPath_TaxInfo + "/input_FederalEIN_ReEnter"), ""): Text ****** has been set on object 'Object Repository/RAD_Pages/TaxInfo_Page/input_FederalEIN_ReEnter'

2023-02-08 16:44:04 - [MESSAGE][PASSED] - Text ****** has been set on object 'Object Repository/RAD_Pages/TaxInfo_Page/input_FederalEIN_ReEnter'

2023-02-08 16:44:04 - [TEST_STEP][PASSED] - verifyTextPresent("Please enter a valid FEIN with 9 digits.", true): Text 'Please enter a valid FEIN with 9 digits.' is present on page  using regular expression

2023-02-08 16:44:04 - [MESSAGE][PASSED] - Text 'Please enter a valid FEIN with 9 digits.' is present on page  using regular expression

2023-02-08 16:44:04 - [TEST_STEP][PASSED] - closeBrowser(): Browser is closed

2023-02-08 16:44:05 - [MESSAGE][PASSED] - Browser is closed

2023-02-08 16:44:05 - [TEST_STEP][PASSED] - break: null]]></system-out>
         <system-err><![CDATA[]]></system-err>
      </testcase>
      <testcase name="Test Cases/RAD_TestCases/Negative_TestCases/EL-NumberValidation" time="150.095" classname="Test Cases/RAD_TestCases/Negative_TestCases/EL-NumberValidation" status="PASSED">
         <system-out><![CDATA[2023-02-08 16:44:05 - [TEST_CASE][PASSED] - Test Cases/RAD_TestCases/Negative_TestCases/EL-NumberValidation: Test Cases/RAD_TestCases/Negative_TestCases/EL-NumberValidation

2023-02-08 16:44:05 - [TEST_STEP][PASSED] - resText = "Fail": null

2023-02-08 16:44:05 - [TEST_STEP][PASSED] - resColumn = "Result": null

2023-02-08 16:44:05 - [TEST_STEP][PASSED] - datCloumn = "Date": null

2023-02-08 16:44:05 - [TEST_STEP][PASSED] - fileLoc = "KatalonData/RADTestData/EL-NumberValidation.xlsx": null

2023-02-08 16:44:05 - [TEST_STEP][PASSED] - nameSheet = "NumberError": null

2023-02-08 16:44:05 - [TEST_STEP][PASSED] - dataFile = "RADTestData/EL-NumberValidation": null

2023-02-08 16:44:05 - [TEST_STEP][PASSED] - ExecuteTC = <not implemented yet for class: org.codehaus.groovy.ast.expr.EmptyExpression>: null

2023-02-08 16:44:05 - [TEST_STEP][PASSED] - Taxtype = <not implemented yet for class: org.codehaus.groovy.ast.expr.EmptyExpression>: null

2023-02-08 16:44:05 - [TEST_STEP][PASSED] - TaxTypeEL = <not implemented yet for class: org.codehaus.groovy.ast.expr.EmptyExpression>: null

2023-02-08 16:44:05 - [TEST_STEP][PASSED] - notInvNumber = <not implemented yet for class: org.codehaus.groovy.ast.expr.EmptyExpression>: null

2023-02-08 16:44:05 - [TEST_STEP][PASSED] - errorMsg = <not implemented yet for class: org.codehaus.groovy.ast.expr.EmptyExpression>: null

2023-02-08 16:44:05 - [TEST_STEP][PASSED] - numOfRows = findTestData(dataFile).getRowNumbers(): null

2023-02-08 16:44:06 - [TEST_STEP][PASSED] - println("Number of Records: " + numOfRows): null

2023-02-08 16:44:06 - [TEST_STEP][PASSED] - for ([row = 1, row <= numOfRows, (row++)]): null

2023-02-08 16:44:06 - [TEST_STEP][PASSED] - ExecuteTC = findTestData(dataFile).getValue("Execute", row): null

2023-02-08 16:44:06 - [TEST_STEP][PASSED] - Taxtype = findTestData(dataFile).getValue("TaxType", row): null

2023-02-08 16:44:06 - [TEST_STEP][PASSED] - TaxTypeEL = findTestData(dataFile).getValue("TaxTypeEL", row): null

2023-02-08 16:44:06 - [TEST_STEP][PASSED] - notInvNumber = findTestData(dataFile).getValue("NotiInvoNumber", row): null

2023-02-08 16:44:06 - [TEST_STEP][PASSED] - errorMsg = findTestData(dataFile).getValue("ErrorMessage", row): null

2023-02-08 16:44:06 - [TEST_STEP][PASSED] - out.println("Value of Execute is : " + ExecuteTC): null

2023-02-08 16:44:06 - [TEST_STEP][PASSED] - if (ExecuteTC.equalsIgnoreCase("Y")): null

2023-02-08 16:44:06 - [TEST_STEP][PASSED] - out.println("Begin Record Number: " + row): null

2023-02-08 16:44:06 - [TEST_STEP][PASSED] - today = new java.util.Date(): null

2023-02-08 16:44:06 - [TEST_STEP][PASSED] - println(today): null

2023-02-08 16:44:06 - [TEST_STEP][PASSED] - datText = today: null

2023-02-08 16:44:06 - [TEST_STEP][PASSED] - Taxtype = findTestData(dataFile).getValue("TaxType", row): null

2023-02-08 16:44:06 - [TEST_STEP][PASSED] - out.println("Taxtype value is : " + Taxtype): null

2023-02-08 16:44:06 - [TEST_STEP][PASSED] - openBrowser(""): Browser is opened with url: ''

2023-02-08 16:44:06 - [MESSAGE][INFO] - Starting 'Chrome' driver

2023-02-08 16:44:06 - [MESSAGE][INFO] - User set preference: ['acceptInsecureCerts', 'true']

2023-02-08 16:44:06 - [MESSAGE][INFO] - Action delay is set to 0 milliseconds

2023-02-08 16:44:07 - [MESSAGE][PASSED] - Browser is opened with url: ''

2023-02-08 16:44:07 - [TEST_STEP][PASSED] - maximizeWindow(): Current window maximized

2023-02-08 16:44:07 - [MESSAGE][PASSED] - Current window maximized

2023-02-08 16:44:07 - [TEST_STEP][PASSED] - navigateToUrl(RADurl): Navigate to 'https://qa.velocitypayment.com/client/rad/index.html' successfully

2023-02-08 16:44:09 - [MESSAGE][PASSED] - Navigate to 'https://qa.velocitypayment.com/client/rad/index.html' successfully

2023-02-08 16:44:09 - [TEST_STEP][PASSED] - orPath_Landing = "Object Repository/RAD_Pages/Landing_Page": null

2023-02-08 16:44:09 - [TEST_STEP][PASSED] - orPath_TaxTypeFilingYear = "Object Repository/RAD_Pages/TaxTypeFilingYear_Page": null

2023-02-08 16:44:09 - [TEST_STEP][PASSED] - orPath_TaxPayer = "Object Repository/RAD_Pages/Taxpayer_Page": null

2023-02-08 16:44:09 - [TEST_STEP][PASSED] - orPath_AddressContact = "Object Repository/RAD_Pages/AddressAndContactInfo_Page": null

2023-02-08 16:44:09 - [TEST_STEP][PASSED] - orPath_FilingStatus = "Object Repository/RAD_Pages/FilingStatus_Page": null

2023-02-08 16:44:09 - [TEST_STEP][PASSED] - orPath_Amount = "Object Repository/RAD_Pages/PaymentAmount_Page": null

2023-02-08 16:44:09 - [TEST_STEP][PASSED] - orPath_TaxInfo = "Object Repository/RAD_Pages/TaxInfo_Page": null

2023-02-08 16:44:09 - [TEST_STEP][PASSED] - orPath_Withholding = "Object Repository/RAD_Pages/Withholding_Page": null

2023-02-08 16:44:09 - [TEST_STEP][PASSED] - orPath_Summary = "Object Repository/RAD_Pages/Summary_Page": null

2023-02-08 16:44:09 - [TEST_STEP][PASSED] - orPath_PaymentReady = "Object Repository/RAD_Pages/PaymentReady_Page": null

2023-02-08 16:44:09 - [TEST_STEP][PASSED] - orPath_PaymentEntry = "Object Repository/RAD_Pages/PaymentEntry_Page": null

2023-02-08 16:44:09 - [TEST_STEP][PASSED] - orPath_PaymentConfirmation = "Object Repository/RAD_Pages/PaymentConfirmation_Page": null

2023-02-08 16:44:09 - [TEST_STEP][PASSED] - orPath_ServiceFeesAccept = "Object Repository/RAD_Pages/ServiceFeeAccept_Page": null

2023-02-08 16:44:09 - [TEST_STEP][PASSED] - selectOptionByLabel(findTestObject(orPath_Landing + "/dd_TaxType"), Taxtype, false): All options with label 'Existing Liability' are selected in object 'Object Repository/RAD_Pages/Landing_Page/dd_TaxType' 

2023-02-08 16:44:10 - [MESSAGE][PASSED] - All options with label 'Existing Liability' are selected in object 'Object Repository/RAD_Pages/Landing_Page/dd_TaxType' 

2023-02-08 16:44:10 - [TEST_STEP][PASSED] - delay(1): Delayed 1 second(s)

2023-02-08 16:44:11 - [MESSAGE][PASSED] - Delayed 1 second(s)

2023-02-08 16:44:11 - [TEST_STEP][PASSED] - selectOptionByLabel(findTestObject(orPath_TaxTypeFilingYear + "/select_TaxType_ExistingLiability"), TaxTypeEL, false): All options with label 'Bay Restoration Fund Tax' are selected in object 'Object Repository/RAD_Pages/TaxTypeFilingYear_Page/select_TaxType_ExistingLiability' 

2023-02-08 16:44:12 - [MESSAGE][PASSED] - All options with label 'Bay Restoration Fund Tax' are selected in object 'Object Repository/RAD_Pages/TaxTypeFilingYear_Page/select_TaxType_ExistingLiability' 

2023-02-08 16:44:12 - [TEST_STEP][PASSED] - setText(findTestObject(orPath_TaxInfo + "/input_NoticeInvoiceNumber"), notInvNumber): Text '123456789' is set on object 'Object Repository/RAD_Pages/TaxInfo_Page/input_NoticeInvoiceNumber'

2023-02-08 16:44:13 - [MESSAGE][PASSED] - Text '123456789' is set on object 'Object Repository/RAD_Pages/TaxInfo_Page/input_NoticeInvoiceNumber'

2023-02-08 16:44:13 - [TEST_STEP][PASSED] - setText(findTestObject(orPath_TaxInfo + "/input_reTypeNoticeInvoiceNumber"), notInvNumber): Text '123456789' is set on object 'Object Repository/RAD_Pages/TaxInfo_Page/input_reTypeNoticeInvoiceNumber'

2023-02-08 16:44:14 - [MESSAGE][PASSED] - Text '123456789' is set on object 'Object Repository/RAD_Pages/TaxInfo_Page/input_reTypeNoticeInvoiceNumber'

2023-02-08 16:44:14 - [TEST_STEP][PASSED] - println(notInvNumber): null

2023-02-08 16:44:14 - [TEST_STEP][PASSED] - if (verifyTextPresent(errorMsg, true)): null

2023-02-08 16:44:15 - [MESSAGE][PASSED] - Text 'Notice number length has to be 13 numeric characters' is present on page  using regular expression

2023-02-08 16:44:15 - [TEST_STEP][PASSED] - println("Error Message is present on the page"): null

2023-02-08 16:44:15 - [TEST_STEP][PASSED] - out.println("Pass Record Number: " + row): null

2023-02-08 16:44:15 - [TEST_STEP][PASSED] - resText = "Pass": null

2023-02-08 16:44:15 - [TEST_STEP][PASSED] - pages.WriteExcel.demoKey(resText, datText, resColumn, datCloumn, fileLoc, nameSheet, row): pages.WriteExcel.demoKey is PASSED

2023-02-08 16:44:15 - [MESSAGE][PASSED] - pages.WriteExcel.demoKey is PASSED

2023-02-08 16:44:15 - [TEST_STEP][PASSED] - ExecuteTC = findTestData(dataFile).getValue("Execute", row): null

2023-02-08 16:44:15 - [TEST_STEP][PASSED] - Taxtype = findTestData(dataFile).getValue("TaxType", row): null

2023-02-08 16:44:15 - [TEST_STEP][PASSED] - TaxTypeEL = findTestData(dataFile).getValue("TaxTypeEL", row): null

2023-02-08 16:44:15 - [TEST_STEP][PASSED] - notInvNumber = findTestData(dataFile).getValue("NotiInvoNumber", row): null

2023-02-08 16:44:15 - [TEST_STEP][PASSED] - errorMsg = findTestData(dataFile).getValue("ErrorMessage", row): null

2023-02-08 16:44:15 - [TEST_STEP][PASSED] - out.println("Value of Execute is : " + ExecuteTC): null

2023-02-08 16:44:15 - [TEST_STEP][PASSED] - if (ExecuteTC.equalsIgnoreCase("Y")): null

2023-02-08 16:44:15 - [TEST_STEP][PASSED] - out.println("Begin Record Number: " + row): null

2023-02-08 16:44:15 - [TEST_STEP][PASSED] - today = new java.util.Date(): null

2023-02-08 16:44:15 - [TEST_STEP][PASSED] - println(today): null

2023-02-08 16:44:15 - [TEST_STEP][PASSED] - datText = today: null

2023-02-08 16:44:15 - [TEST_STEP][PASSED] - Taxtype = findTestData(dataFile).getValue("TaxType", row): null

2023-02-08 16:44:15 - [TEST_STEP][PASSED] - out.println("Taxtype value is : " + Taxtype): null

2023-02-08 16:44:15 - [TEST_STEP][PASSED] - openBrowser(""): Browser is opened with url: ''

2023-02-08 16:44:15 - [MESSAGE][WARNING] - A browser is already opened. Closing browser and opening a new one

2023-02-08 16:44:16 - [MESSAGE][INFO] - Starting 'Chrome' driver

2023-02-08 16:44:16 - [MESSAGE][INFO] - User set preference: ['acceptInsecureCerts', 'true']

2023-02-08 16:44:16 - [MESSAGE][INFO] - Action delay is set to 0 milliseconds

2023-02-08 16:44:17 - [MESSAGE][PASSED] - Browser is opened with url: ''

2023-02-08 16:44:17 - [TEST_STEP][PASSED] - maximizeWindow(): Current window maximized

2023-02-08 16:44:17 - [MESSAGE][PASSED] - Current window maximized

2023-02-08 16:44:17 - [TEST_STEP][PASSED] - navigateToUrl(RADurl): Navigate to 'https://qa.velocitypayment.com/client/rad/index.html' successfully

2023-02-08 16:44:20 - [MESSAGE][PASSED] - Navigate to 'https://qa.velocitypayment.com/client/rad/index.html' successfully

2023-02-08 16:44:20 - [TEST_STEP][PASSED] - orPath_Landing = "Object Repository/RAD_Pages/Landing_Page": null

2023-02-08 16:44:20 - [TEST_STEP][PASSED] - orPath_TaxTypeFilingYear = "Object Repository/RAD_Pages/TaxTypeFilingYear_Page": null

2023-02-08 16:44:20 - [TEST_STEP][PASSED] - orPath_TaxPayer = "Object Repository/RAD_Pages/Taxpayer_Page": null

2023-02-08 16:44:20 - [TEST_STEP][PASSED] - orPath_AddressContact = "Object Repository/RAD_Pages/AddressAndContactInfo_Page": null

2023-02-08 16:44:20 - [TEST_STEP][PASSED] - orPath_FilingStatus = "Object Repository/RAD_Pages/FilingStatus_Page": null

2023-02-08 16:44:20 - [TEST_STEP][PASSED] - orPath_Amount = "Object Repository/RAD_Pages/PaymentAmount_Page": null

2023-02-08 16:44:20 - [TEST_STEP][PASSED] - orPath_TaxInfo = "Object Repository/RAD_Pages/TaxInfo_Page": null

2023-02-08 16:44:20 - [TEST_STEP][PASSED] - orPath_Withholding = "Object Repository/RAD_Pages/Withholding_Page": null

2023-02-08 16:44:20 - [TEST_STEP][PASSED] - orPath_Summary = "Object Repository/RAD_Pages/Summary_Page": null

2023-02-08 16:44:20 - [TEST_STEP][PASSED] - orPath_PaymentReady = "Object Repository/RAD_Pages/PaymentReady_Page": null

2023-02-08 16:44:20 - [TEST_STEP][PASSED] - orPath_PaymentEntry = "Object Repository/RAD_Pages/PaymentEntry_Page": null

2023-02-08 16:44:20 - [TEST_STEP][PASSED] - orPath_PaymentConfirmation = "Object Repository/RAD_Pages/PaymentConfirmation_Page": null

2023-02-08 16:44:20 - [TEST_STEP][PASSED] - orPath_ServiceFeesAccept = "Object Repository/RAD_Pages/ServiceFeeAccept_Page": null

2023-02-08 16:44:20 - [TEST_STEP][PASSED] - selectOptionByLabel(findTestObject(orPath_Landing + "/dd_TaxType"), Taxtype, false): All options with label 'Existing Liability' are selected in object 'Object Repository/RAD_Pages/Landing_Page/dd_TaxType' 

2023-02-08 16:44:21 - [MESSAGE][PASSED] - All options with label 'Existing Liability' are selected in object 'Object Repository/RAD_Pages/Landing_Page/dd_TaxType' 

2023-02-08 16:44:21 - [TEST_STEP][PASSED] - delay(1): Delayed 1 second(s)

2023-02-08 16:44:22 - [MESSAGE][PASSED] - Delayed 1 second(s)

2023-02-08 16:44:22 - [TEST_STEP][PASSED] - selectOptionByLabel(findTestObject(orPath_TaxTypeFilingYear + "/select_TaxType_ExistingLiability"), TaxTypeEL, false): All options with label 'CORP Tax' are selected in object 'Object Repository/RAD_Pages/TaxTypeFilingYear_Page/select_TaxType_ExistingLiability' 

2023-02-08 16:44:23 - [MESSAGE][PASSED] - All options with label 'CORP Tax' are selected in object 'Object Repository/RAD_Pages/TaxTypeFilingYear_Page/select_TaxType_ExistingLiability' 

2023-02-08 16:44:23 - [TEST_STEP][PASSED] - setText(findTestObject(orPath_TaxInfo + "/input_NoticeInvoiceNumber"), notInvNumber): Text '123456789' is set on object 'Object Repository/RAD_Pages/TaxInfo_Page/input_NoticeInvoiceNumber'

2023-02-08 16:44:24 - [MESSAGE][PASSED] - Text '123456789' is set on object 'Object Repository/RAD_Pages/TaxInfo_Page/input_NoticeInvoiceNumber'

2023-02-08 16:44:24 - [TEST_STEP][PASSED] - setText(findTestObject(orPath_TaxInfo + "/input_reTypeNoticeInvoiceNumber"), notInvNumber): Text '123456789' is set on object 'Object Repository/RAD_Pages/TaxInfo_Page/input_reTypeNoticeInvoiceNumber'

2023-02-08 16:44:25 - [MESSAGE][PASSED] - Text '123456789' is set on object 'Object Repository/RAD_Pages/TaxInfo_Page/input_reTypeNoticeInvoiceNumber'

2023-02-08 16:44:25 - [TEST_STEP][PASSED] - println(notInvNumber): null

2023-02-08 16:44:25 - [TEST_STEP][PASSED] - if (verifyTextPresent(errorMsg, true)): null

2023-02-08 16:44:25 - [MESSAGE][PASSED] - Text 'Invoice number length has to be 10 or 13 numeric characters' is present on page  using regular expression

2023-02-08 16:44:25 - [TEST_STEP][PASSED] - println("Error Message is present on the page"): null

2023-02-08 16:44:25 - [TEST_STEP][PASSED] - out.println("Pass Record Number: " + row): null

2023-02-08 16:44:25 - [TEST_STEP][PASSED] - resText = "Pass": null

2023-02-08 16:44:25 - [TEST_STEP][PASSED] - pages.WriteExcel.demoKey(resText, datText, resColumn, datCloumn, fileLoc, nameSheet, row): pages.WriteExcel.demoKey is PASSED

2023-02-08 16:44:25 - [MESSAGE][PASSED] - pages.WriteExcel.demoKey is PASSED

2023-02-08 16:44:25 - [TEST_STEP][PASSED] - ExecuteTC = findTestData(dataFile).getValue("Execute", row): null

2023-02-08 16:44:26 - [TEST_STEP][PASSED] - Taxtype = findTestData(dataFile).getValue("TaxType", row): null

2023-02-08 16:44:26 - [TEST_STEP][PASSED] - TaxTypeEL = findTestData(dataFile).getValue("TaxTypeEL", row): null

2023-02-08 16:44:26 - [TEST_STEP][PASSED] - notInvNumber = findTestData(dataFile).getValue("NotiInvoNumber", row): null

2023-02-08 16:44:26 - [TEST_STEP][PASSED] - errorMsg = findTestData(dataFile).getValue("ErrorMessage", row): null

2023-02-08 16:44:26 - [TEST_STEP][PASSED] - out.println("Value of Execute is : " + ExecuteTC): null

2023-02-08 16:44:26 - [TEST_STEP][PASSED] - if (ExecuteTC.equalsIgnoreCase("Y")): null

2023-02-08 16:44:26 - [TEST_STEP][PASSED] - out.println("Begin Record Number: " + row): null

2023-02-08 16:44:26 - [TEST_STEP][PASSED] - today = new java.util.Date(): null

2023-02-08 16:44:26 - [TEST_STEP][PASSED] - println(today): null

2023-02-08 16:44:26 - [TEST_STEP][PASSED] - datText = today: null

2023-02-08 16:44:26 - [TEST_STEP][PASSED] - Taxtype = findTestData(dataFile).getValue("TaxType", row): null

2023-02-08 16:44:26 - [TEST_STEP][PASSED] - out.println("Taxtype value is : " + Taxtype): null

2023-02-08 16:44:26 - [TEST_STEP][PASSED] - openBrowser(""): Browser is opened with url: ''

2023-02-08 16:44:26 - [MESSAGE][WARNING] - A browser is already opened. Closing browser and opening a new one

2023-02-08 16:44:27 - [MESSAGE][INFO] - Starting 'Chrome' driver

2023-02-08 16:44:27 - [MESSAGE][INFO] - User set preference: ['acceptInsecureCerts', 'true']

2023-02-08 16:44:27 - [MESSAGE][INFO] - Action delay is set to 0 milliseconds

2023-02-08 16:44:28 - [MESSAGE][PASSED] - Browser is opened with url: ''

2023-02-08 16:44:28 - [TEST_STEP][PASSED] - maximizeWindow(): Current window maximized

2023-02-08 16:44:28 - [MESSAGE][PASSED] - Current window maximized

2023-02-08 16:44:28 - [TEST_STEP][PASSED] - navigateToUrl(RADurl): Navigate to 'https://qa.velocitypayment.com/client/rad/index.html' successfully

2023-02-08 16:44:30 - [MESSAGE][PASSED] - Navigate to 'https://qa.velocitypayment.com/client/rad/index.html' successfully

2023-02-08 16:44:30 - [TEST_STEP][PASSED] - orPath_Landing = "Object Repository/RAD_Pages/Landing_Page": null

2023-02-08 16:44:30 - [TEST_STEP][PASSED] - orPath_TaxTypeFilingYear = "Object Repository/RAD_Pages/TaxTypeFilingYear_Page": null

2023-02-08 16:44:31 - [TEST_STEP][PASSED] - orPath_TaxPayer = "Object Repository/RAD_Pages/Taxpayer_Page": null

2023-02-08 16:44:31 - [TEST_STEP][PASSED] - orPath_AddressContact = "Object Repository/RAD_Pages/AddressAndContactInfo_Page": null

2023-02-08 16:44:31 - [TEST_STEP][PASSED] - orPath_FilingStatus = "Object Repository/RAD_Pages/FilingStatus_Page": null

2023-02-08 16:44:31 - [TEST_STEP][PASSED] - orPath_Amount = "Object Repository/RAD_Pages/PaymentAmount_Page": null

2023-02-08 16:44:31 - [TEST_STEP][PASSED] - orPath_TaxInfo = "Object Repository/RAD_Pages/TaxInfo_Page": null

2023-02-08 16:44:31 - [TEST_STEP][PASSED] - orPath_Withholding = "Object Repository/RAD_Pages/Withholding_Page": null

2023-02-08 16:44:31 - [TEST_STEP][PASSED] - orPath_Summary = "Object Repository/RAD_Pages/Summary_Page": null

2023-02-08 16:44:31 - [TEST_STEP][PASSED] - orPath_PaymentReady = "Object Repository/RAD_Pages/PaymentReady_Page": null

2023-02-08 16:44:31 - [TEST_STEP][PASSED] - orPath_PaymentEntry = "Object Repository/RAD_Pages/PaymentEntry_Page": null

2023-02-08 16:44:31 - [TEST_STEP][PASSED] - orPath_PaymentConfirmation = "Object Repository/RAD_Pages/PaymentConfirmation_Page": null

2023-02-08 16:44:31 - [TEST_STEP][PASSED] - orPath_ServiceFeesAccept = "Object Repository/RAD_Pages/ServiceFeeAccept_Page": null

2023-02-08 16:44:31 - [TEST_STEP][PASSED] - selectOptionByLabel(findTestObject(orPath_Landing + "/dd_TaxType"), Taxtype, false): All options with label 'Existing Liability' are selected in object 'Object Repository/RAD_Pages/Landing_Page/dd_TaxType' 

2023-02-08 16:44:31 - [MESSAGE][PASSED] - All options with label 'Existing Liability' are selected in object 'Object Repository/RAD_Pages/Landing_Page/dd_TaxType' 

2023-02-08 16:44:31 - [TEST_STEP][PASSED] - delay(1): Delayed 1 second(s)

2023-02-08 16:44:32 - [MESSAGE][PASSED] - Delayed 1 second(s)

2023-02-08 16:44:32 - [TEST_STEP][PASSED] - selectOptionByLabel(findTestObject(orPath_TaxTypeFilingYear + "/select_TaxType_ExistingLiability"), TaxTypeEL, false): All options with label 'CORP Tax' are selected in object 'Object Repository/RAD_Pages/TaxTypeFilingYear_Page/select_TaxType_ExistingLiability' 

2023-02-08 16:44:33 - [MESSAGE][PASSED] - All options with label 'CORP Tax' are selected in object 'Object Repository/RAD_Pages/TaxTypeFilingYear_Page/select_TaxType_ExistingLiability' 

2023-02-08 16:44:33 - [TEST_STEP][PASSED] - setText(findTestObject(orPath_TaxInfo + "/input_NoticeInvoiceNumber"), notInvNumber): Text '12345678901' is set on object 'Object Repository/RAD_Pages/TaxInfo_Page/input_NoticeInvoiceNumber'

2023-02-08 16:44:34 - [MESSAGE][PASSED] - Text '12345678901' is set on object 'Object Repository/RAD_Pages/TaxInfo_Page/input_NoticeInvoiceNumber'

2023-02-08 16:44:34 - [TEST_STEP][PASSED] - setText(findTestObject(orPath_TaxInfo + "/input_reTypeNoticeInvoiceNumber"), notInvNumber): Text '12345678901' is set on object 'Object Repository/RAD_Pages/TaxInfo_Page/input_reTypeNoticeInvoiceNumber'

2023-02-08 16:44:35 - [MESSAGE][PASSED] - Text '12345678901' is set on object 'Object Repository/RAD_Pages/TaxInfo_Page/input_reTypeNoticeInvoiceNumber'

2023-02-08 16:44:35 - [TEST_STEP][PASSED] - println(notInvNumber): null

2023-02-08 16:44:35 - [TEST_STEP][PASSED] - if (verifyTextPresent(errorMsg, true)): null

2023-02-08 16:44:36 - [MESSAGE][PASSED] - Text 'Invoice number length has to be 10 or 13 numeric characters' is present on page  using regular expression

2023-02-08 16:44:36 - [TEST_STEP][PASSED] - println("Error Message is present on the page"): null

2023-02-08 16:44:36 - [TEST_STEP][PASSED] - out.println("Pass Record Number: " + row): null

2023-02-08 16:44:36 - [TEST_STEP][PASSED] - resText = "Pass": null

2023-02-08 16:44:36 - [TEST_STEP][PASSED] - pages.WriteExcel.demoKey(resText, datText, resColumn, datCloumn, fileLoc, nameSheet, row): pages.WriteExcel.demoKey is PASSED

2023-02-08 16:44:36 - [MESSAGE][PASSED] - pages.WriteExcel.demoKey is PASSED

2023-02-08 16:44:36 - [TEST_STEP][PASSED] - ExecuteTC = findTestData(dataFile).getValue("Execute", row): null

2023-02-08 16:44:36 - [TEST_STEP][PASSED] - Taxtype = findTestData(dataFile).getValue("TaxType", row): null

2023-02-08 16:44:36 - [TEST_STEP][PASSED] - TaxTypeEL = findTestData(dataFile).getValue("TaxTypeEL", row): null

2023-02-08 16:44:36 - [TEST_STEP][PASSED] - notInvNumber = findTestData(dataFile).getValue("NotiInvoNumber", row): null

2023-02-08 16:44:36 - [TEST_STEP][PASSED] - errorMsg = findTestData(dataFile).getValue("ErrorMessage", row): null

2023-02-08 16:44:36 - [TEST_STEP][PASSED] - out.println("Value of Execute is : " + ExecuteTC): null

2023-02-08 16:44:36 - [TEST_STEP][PASSED] - if (ExecuteTC.equalsIgnoreCase("Y")): null

2023-02-08 16:44:36 - [TEST_STEP][PASSED] - out.println("Begin Record Number: " + row): null

2023-02-08 16:44:36 - [TEST_STEP][PASSED] - today = new java.util.Date(): null

2023-02-08 16:44:36 - [TEST_STEP][PASSED] - println(today): null

2023-02-08 16:44:36 - [TEST_STEP][PASSED] - datText = today: null

2023-02-08 16:44:36 - [TEST_STEP][PASSED] - Taxtype = findTestData(dataFile).getValue("TaxType", row): null

2023-02-08 16:44:36 - [TEST_STEP][PASSED] - out.println("Taxtype value is : " + Taxtype): null

2023-02-08 16:44:36 - [TEST_STEP][PASSED] - openBrowser(""): Browser is opened with url: ''

2023-02-08 16:44:36 - [MESSAGE][WARNING] - A browser is already opened. Closing browser and opening a new one

2023-02-08 16:44:37 - [MESSAGE][INFO] - Starting 'Chrome' driver

2023-02-08 16:44:37 - [MESSAGE][INFO] - User set preference: ['acceptInsecureCerts', 'true']

2023-02-08 16:44:37 - [MESSAGE][INFO] - Action delay is set to 0 milliseconds

2023-02-08 16:44:38 - [MESSAGE][PASSED] - Browser is opened with url: ''

2023-02-08 16:44:38 - [TEST_STEP][PASSED] - maximizeWindow(): Current window maximized

2023-02-08 16:44:38 - [MESSAGE][PASSED] - Current window maximized

2023-02-08 16:44:38 - [TEST_STEP][PASSED] - navigateToUrl(RADurl): Navigate to 'https://qa.velocitypayment.com/client/rad/index.html' successfully

2023-02-08 16:44:40 - [MESSAGE][PASSED] - Navigate to 'https://qa.velocitypayment.com/client/rad/index.html' successfully

2023-02-08 16:44:40 - [TEST_STEP][PASSED] - orPath_Landing = "Object Repository/RAD_Pages/Landing_Page": null

2023-02-08 16:44:40 - [TEST_STEP][PASSED] - orPath_TaxTypeFilingYear = "Object Repository/RAD_Pages/TaxTypeFilingYear_Page": null

2023-02-08 16:44:40 - [TEST_STEP][PASSED] - orPath_TaxPayer = "Object Repository/RAD_Pages/Taxpayer_Page": null

2023-02-08 16:44:40 - [TEST_STEP][PASSED] - orPath_AddressContact = "Object Repository/RAD_Pages/AddressAndContactInfo_Page": null

2023-02-08 16:44:40 - [TEST_STEP][PASSED] - orPath_FilingStatus = "Object Repository/RAD_Pages/FilingStatus_Page": null

2023-02-08 16:44:40 - [TEST_STEP][PASSED] - orPath_Amount = "Object Repository/RAD_Pages/PaymentAmount_Page": null

2023-02-08 16:44:40 - [TEST_STEP][PASSED] - orPath_TaxInfo = "Object Repository/RAD_Pages/TaxInfo_Page": null

2023-02-08 16:44:40 - [TEST_STEP][PASSED] - orPath_Withholding = "Object Repository/RAD_Pages/Withholding_Page": null

2023-02-08 16:44:40 - [TEST_STEP][PASSED] - orPath_Summary = "Object Repository/RAD_Pages/Summary_Page": null

2023-02-08 16:44:40 - [TEST_STEP][PASSED] - orPath_PaymentReady = "Object Repository/RAD_Pages/PaymentReady_Page": null

2023-02-08 16:44:40 - [TEST_STEP][PASSED] - orPath_PaymentEntry = "Object Repository/RAD_Pages/PaymentEntry_Page": null

2023-02-08 16:44:40 - [TEST_STEP][PASSED] - orPath_PaymentConfirmation = "Object Repository/RAD_Pages/PaymentConfirmation_Page": null

2023-02-08 16:44:40 - [TEST_STEP][PASSED] - orPath_ServiceFeesAccept = "Object Repository/RAD_Pages/ServiceFeeAccept_Page": null

2023-02-08 16:44:40 - [TEST_STEP][PASSED] - selectOptionByLabel(findTestObject(orPath_Landing + "/dd_TaxType"), Taxtype, false): All options with label 'Existing Liability' are selected in object 'Object Repository/RAD_Pages/Landing_Page/dd_TaxType' 

2023-02-08 16:44:41 - [MESSAGE][PASSED] - All options with label 'Existing Liability' are selected in object 'Object Repository/RAD_Pages/Landing_Page/dd_TaxType' 

2023-02-08 16:44:41 - [TEST_STEP][PASSED] - delay(1): Delayed 1 second(s)

2023-02-08 16:44:42 - [MESSAGE][PASSED] - Delayed 1 second(s)

2023-02-08 16:44:42 - [TEST_STEP][PASSED] - selectOptionByLabel(findTestObject(orPath_TaxTypeFilingYear + "/select_TaxType_ExistingLiability"), TaxTypeEL, false): All options with label 'CORP Tax' are selected in object 'Object Repository/RAD_Pages/TaxTypeFilingYear_Page/select_TaxType_ExistingLiability' 

2023-02-08 16:44:43 - [MESSAGE][PASSED] - All options with label 'CORP Tax' are selected in object 'Object Repository/RAD_Pages/TaxTypeFilingYear_Page/select_TaxType_ExistingLiability' 

2023-02-08 16:44:43 - [TEST_STEP][PASSED] - setText(findTestObject(orPath_TaxInfo + "/input_NoticeInvoiceNumber"), notInvNumber): Text '123456789012' is set on object 'Object Repository/RAD_Pages/TaxInfo_Page/input_NoticeInvoiceNumber'

2023-02-08 16:44:44 - [MESSAGE][PASSED] - Text '123456789012' is set on object 'Object Repository/RAD_Pages/TaxInfo_Page/input_NoticeInvoiceNumber'

2023-02-08 16:44:44 - [TEST_STEP][PASSED] - setText(findTestObject(orPath_TaxInfo + "/input_reTypeNoticeInvoiceNumber"), notInvNumber): Text '123456789012' is set on object 'Object Repository/RAD_Pages/TaxInfo_Page/input_reTypeNoticeInvoiceNumber'

2023-02-08 16:44:45 - [MESSAGE][PASSED] - Text '123456789012' is set on object 'Object Repository/RAD_Pages/TaxInfo_Page/input_reTypeNoticeInvoiceNumber'

2023-02-08 16:44:45 - [TEST_STEP][PASSED] - println(notInvNumber): null

2023-02-08 16:44:45 - [TEST_STEP][PASSED] - if (verifyTextPresent(errorMsg, true)): null

2023-02-08 16:44:46 - [MESSAGE][PASSED] - Text 'Invoice number length has to be 10 or 13 numeric characters' is present on page  using regular expression

2023-02-08 16:44:46 - [TEST_STEP][PASSED] - println("Error Message is present on the page"): null

2023-02-08 16:44:46 - [TEST_STEP][PASSED] - out.println("Pass Record Number: " + row): null

2023-02-08 16:44:46 - [TEST_STEP][PASSED] - resText = "Pass": null

2023-02-08 16:44:46 - [TEST_STEP][PASSED] - pages.WriteExcel.demoKey(resText, datText, resColumn, datCloumn, fileLoc, nameSheet, row): pages.WriteExcel.demoKey is PASSED

2023-02-08 16:44:46 - [MESSAGE][PASSED] - pages.WriteExcel.demoKey is PASSED

2023-02-08 16:44:46 - [TEST_STEP][PASSED] - ExecuteTC = findTestData(dataFile).getValue("Execute", row): null

2023-02-08 16:44:46 - [TEST_STEP][PASSED] - Taxtype = findTestData(dataFile).getValue("TaxType", row): null

2023-02-08 16:44:46 - [TEST_STEP][PASSED] - TaxTypeEL = findTestData(dataFile).getValue("TaxTypeEL", row): null

2023-02-08 16:44:46 - [TEST_STEP][PASSED] - notInvNumber = findTestData(dataFile).getValue("NotiInvoNumber", row): null

2023-02-08 16:44:46 - [TEST_STEP][PASSED] - errorMsg = findTestData(dataFile).getValue("ErrorMessage", row): null

2023-02-08 16:44:46 - [TEST_STEP][PASSED] - out.println("Value of Execute is : " + ExecuteTC): null

2023-02-08 16:44:46 - [TEST_STEP][PASSED] - if (ExecuteTC.equalsIgnoreCase("Y")): null

2023-02-08 16:44:46 - [TEST_STEP][PASSED] - out.println("Begin Record Number: " + row): null

2023-02-08 16:44:46 - [TEST_STEP][PASSED] - today = new java.util.Date(): null

2023-02-08 16:44:46 - [TEST_STEP][PASSED] - println(today): null

2023-02-08 16:44:46 - [TEST_STEP][PASSED] - datText = today: null

2023-02-08 16:44:46 - [TEST_STEP][PASSED] - Taxtype = findTestData(dataFile).getValue("TaxType", row): null

2023-02-08 16:44:46 - [TEST_STEP][PASSED] - out.println("Taxtype value is : " + Taxtype): null

2023-02-08 16:44:46 - [TEST_STEP][PASSED] - openBrowser(""): Browser is opened with url: ''

2023-02-08 16:44:46 - [MESSAGE][WARNING] - A browser is already opened. Closing browser and opening a new one

2023-02-08 16:44:47 - [MESSAGE][INFO] - Starting 'Chrome' driver

2023-02-08 16:44:47 - [MESSAGE][INFO] - User set preference: ['acceptInsecureCerts', 'true']

2023-02-08 16:44:47 - [MESSAGE][INFO] - Action delay is set to 0 milliseconds

2023-02-08 16:44:48 - [MESSAGE][PASSED] - Browser is opened with url: ''

2023-02-08 16:44:48 - [TEST_STEP][PASSED] - maximizeWindow(): Current window maximized

2023-02-08 16:44:48 - [MESSAGE][PASSED] - Current window maximized

2023-02-08 16:44:48 - [TEST_STEP][PASSED] - navigateToUrl(RADurl): Navigate to 'https://qa.velocitypayment.com/client/rad/index.html' successfully

2023-02-08 16:44:50 - [MESSAGE][PASSED] - Navigate to 'https://qa.velocitypayment.com/client/rad/index.html' successfully

2023-02-08 16:44:50 - [TEST_STEP][PASSED] - orPath_Landing = "Object Repository/RAD_Pages/Landing_Page": null

2023-02-08 16:44:50 - [TEST_STEP][PASSED] - orPath_TaxTypeFilingYear = "Object Repository/RAD_Pages/TaxTypeFilingYear_Page": null

2023-02-08 16:44:50 - [TEST_STEP][PASSED] - orPath_TaxPayer = "Object Repository/RAD_Pages/Taxpayer_Page": null

2023-02-08 16:44:50 - [TEST_STEP][PASSED] - orPath_AddressContact = "Object Repository/RAD_Pages/AddressAndContactInfo_Page": null

2023-02-08 16:44:50 - [TEST_STEP][PASSED] - orPath_FilingStatus = "Object Repository/RAD_Pages/FilingStatus_Page": null

2023-02-08 16:44:50 - [TEST_STEP][PASSED] - orPath_Amount = "Object Repository/RAD_Pages/PaymentAmount_Page": null

2023-02-08 16:44:50 - [TEST_STEP][PASSED] - orPath_TaxInfo = "Object Repository/RAD_Pages/TaxInfo_Page": null

2023-02-08 16:44:50 - [TEST_STEP][PASSED] - orPath_Withholding = "Object Repository/RAD_Pages/Withholding_Page": null

2023-02-08 16:44:50 - [TEST_STEP][PASSED] - orPath_Summary = "Object Repository/RAD_Pages/Summary_Page": null

2023-02-08 16:44:50 - [TEST_STEP][PASSED] - orPath_PaymentReady = "Object Repository/RAD_Pages/PaymentReady_Page": null

2023-02-08 16:44:50 - [TEST_STEP][PASSED] - orPath_PaymentEntry = "Object Repository/RAD_Pages/PaymentEntry_Page": null

2023-02-08 16:44:50 - [TEST_STEP][PASSED] - orPath_PaymentConfirmation = "Object Repository/RAD_Pages/PaymentConfirmation_Page": null

2023-02-08 16:44:50 - [TEST_STEP][PASSED] - orPath_ServiceFeesAccept = "Object Repository/RAD_Pages/ServiceFeeAccept_Page": null

2023-02-08 16:44:50 - [TEST_STEP][PASSED] - selectOptionByLabel(findTestObject(orPath_Landing + "/dd_TaxType"), Taxtype, false): All options with label 'Existing Liability' are selected in object 'Object Repository/RAD_Pages/Landing_Page/dd_TaxType' 

2023-02-08 16:44:51 - [MESSAGE][PASSED] - All options with label 'Existing Liability' are selected in object 'Object Repository/RAD_Pages/Landing_Page/dd_TaxType' 

2023-02-08 16:44:51 - [TEST_STEP][PASSED] - delay(1): Delayed 1 second(s)

2023-02-08 16:44:52 - [MESSAGE][PASSED] - Delayed 1 second(s)

2023-02-08 16:44:52 - [TEST_STEP][PASSED] - selectOptionByLabel(findTestObject(orPath_TaxTypeFilingYear + "/select_TaxType_ExistingLiability"), TaxTypeEL, false): All options with label 'Fiduciary Tax' are selected in object 'Object Repository/RAD_Pages/TaxTypeFilingYear_Page/select_TaxType_ExistingLiability' 

2023-02-08 16:44:53 - [MESSAGE][PASSED] - All options with label 'Fiduciary Tax' are selected in object 'Object Repository/RAD_Pages/TaxTypeFilingYear_Page/select_TaxType_ExistingLiability' 

2023-02-08 16:44:53 - [TEST_STEP][PASSED] - setText(findTestObject(orPath_TaxInfo + "/input_NoticeInvoiceNumber"), notInvNumber): Text '123456789' is set on object 'Object Repository/RAD_Pages/TaxInfo_Page/input_NoticeInvoiceNumber'

2023-02-08 16:44:54 - [MESSAGE][PASSED] - Text '123456789' is set on object 'Object Repository/RAD_Pages/TaxInfo_Page/input_NoticeInvoiceNumber'

2023-02-08 16:44:54 - [TEST_STEP][PASSED] - setText(findTestObject(orPath_TaxInfo + "/input_reTypeNoticeInvoiceNumber"), notInvNumber): Text '123456789' is set on object 'Object Repository/RAD_Pages/TaxInfo_Page/input_reTypeNoticeInvoiceNumber'

2023-02-08 16:44:55 - [MESSAGE][PASSED] - Text '123456789' is set on object 'Object Repository/RAD_Pages/TaxInfo_Page/input_reTypeNoticeInvoiceNumber'

2023-02-08 16:44:55 - [TEST_STEP][PASSED] - println(notInvNumber): null

2023-02-08 16:44:55 - [TEST_STEP][PASSED] - if (verifyTextPresent(errorMsg, true)): null

2023-02-08 16:44:56 - [MESSAGE][PASSED] - Text 'Notice number length has to be 13 numeric characters' is present on page  using regular expression

2023-02-08 16:44:56 - [TEST_STEP][PASSED] - println("Error Message is present on the page"): null

2023-02-08 16:44:56 - [TEST_STEP][PASSED] - out.println("Pass Record Number: " + row): null

2023-02-08 16:44:56 - [TEST_STEP][PASSED] - resText = "Pass": null

2023-02-08 16:44:56 - [TEST_STEP][PASSED] - pages.WriteExcel.demoKey(resText, datText, resColumn, datCloumn, fileLoc, nameSheet, row): pages.WriteExcel.demoKey is PASSED

2023-02-08 16:44:56 - [MESSAGE][PASSED] - pages.WriteExcel.demoKey is PASSED

2023-02-08 16:44:56 - [TEST_STEP][PASSED] - ExecuteTC = findTestData(dataFile).getValue("Execute", row): null

2023-02-08 16:44:56 - [TEST_STEP][PASSED] - Taxtype = findTestData(dataFile).getValue("TaxType", row): null

2023-02-08 16:44:56 - [TEST_STEP][PASSED] - TaxTypeEL = findTestData(dataFile).getValue("TaxTypeEL", row): null

2023-02-08 16:44:56 - [TEST_STEP][PASSED] - notInvNumber = findTestData(dataFile).getValue("NotiInvoNumber", row): null

2023-02-08 16:44:56 - [TEST_STEP][PASSED] - errorMsg = findTestData(dataFile).getValue("ErrorMessage", row): null

2023-02-08 16:44:56 - [TEST_STEP][PASSED] - out.println("Value of Execute is : " + ExecuteTC): null

2023-02-08 16:44:56 - [TEST_STEP][PASSED] - if (ExecuteTC.equalsIgnoreCase("Y")): null

2023-02-08 16:44:56 - [TEST_STEP][PASSED] - out.println("Begin Record Number: " + row): null

2023-02-08 16:44:56 - [TEST_STEP][PASSED] - today = new java.util.Date(): null

2023-02-08 16:44:56 - [TEST_STEP][PASSED] - println(today): null

2023-02-08 16:44:56 - [TEST_STEP][PASSED] - datText = today: null

2023-02-08 16:44:56 - [TEST_STEP][PASSED] - Taxtype = findTestData(dataFile).getValue("TaxType", row): null

2023-02-08 16:44:56 - [TEST_STEP][PASSED] - out.println("Taxtype value is : " + Taxtype): null

2023-02-08 16:44:56 - [TEST_STEP][PASSED] - openBrowser(""): Browser is opened with url: ''

2023-02-08 16:44:56 - [MESSAGE][WARNING] - A browser is already opened. Closing browser and opening a new one

2023-02-08 16:44:57 - [MESSAGE][INFO] - Starting 'Chrome' driver

2023-02-08 16:44:57 - [MESSAGE][INFO] - User set preference: ['acceptInsecureCerts', 'true']

2023-02-08 16:44:57 - [MESSAGE][INFO] - Action delay is set to 0 milliseconds

2023-02-08 16:44:59 - [MESSAGE][PASSED] - Browser is opened with url: ''

2023-02-08 16:44:59 - [TEST_STEP][PASSED] - maximizeWindow(): Current window maximized

2023-02-08 16:44:59 - [MESSAGE][PASSED] - Current window maximized

2023-02-08 16:44:59 - [TEST_STEP][PASSED] - navigateToUrl(RADurl): Navigate to 'https://qa.velocitypayment.com/client/rad/index.html' successfully

2023-02-08 16:45:01 - [MESSAGE][PASSED] - Navigate to 'https://qa.velocitypayment.com/client/rad/index.html' successfully

2023-02-08 16:45:01 - [TEST_STEP][PASSED] - orPath_Landing = "Object Repository/RAD_Pages/Landing_Page": null

2023-02-08 16:45:01 - [TEST_STEP][PASSED] - orPath_TaxTypeFilingYear = "Object Repository/RAD_Pages/TaxTypeFilingYear_Page": null

2023-02-08 16:45:01 - [TEST_STEP][PASSED] - orPath_TaxPayer = "Object Repository/RAD_Pages/Taxpayer_Page": null

2023-02-08 16:45:01 - [TEST_STEP][PASSED] - orPath_AddressContact = "Object Repository/RAD_Pages/AddressAndContactInfo_Page": null

2023-02-08 16:45:01 - [TEST_STEP][PASSED] - orPath_FilingStatus = "Object Repository/RAD_Pages/FilingStatus_Page": null

2023-02-08 16:45:01 - [TEST_STEP][PASSED] - orPath_Amount = "Object Repository/RAD_Pages/PaymentAmount_Page": null

2023-02-08 16:45:01 - [TEST_STEP][PASSED] - orPath_TaxInfo = "Object Repository/RAD_Pages/TaxInfo_Page": null

2023-02-08 16:45:01 - [TEST_STEP][PASSED] - orPath_Withholding = "Object Repository/RAD_Pages/Withholding_Page": null

2023-02-08 16:45:01 - [TEST_STEP][PASSED] - orPath_Summary = "Object Repository/RAD_Pages/Summary_Page": null

2023-02-08 16:45:01 - [TEST_STEP][PASSED] - orPath_PaymentReady = "Object Repository/RAD_Pages/PaymentReady_Page": null

2023-02-08 16:45:01 - [TEST_STEP][PASSED] - orPath_PaymentEntry = "Object Repository/RAD_Pages/PaymentEntry_Page": null

2023-02-08 16:45:01 - [TEST_STEP][PASSED] - orPath_PaymentConfirmation = "Object Repository/RAD_Pages/PaymentConfirmation_Page": null

2023-02-08 16:45:01 - [TEST_STEP][PASSED] - orPath_ServiceFeesAccept = "Object Repository/RAD_Pages/ServiceFeeAccept_Page": null

2023-02-08 16:45:01 - [TEST_STEP][PASSED] - selectOptionByLabel(findTestObject(orPath_Landing + "/dd_TaxType"), Taxtype, false): All options with label 'Existing Liability' are selected in object 'Object Repository/RAD_Pages/Landing_Page/dd_TaxType' 

2023-02-08 16:45:02 - [MESSAGE][PASSED] - All options with label 'Existing Liability' are selected in object 'Object Repository/RAD_Pages/Landing_Page/dd_TaxType' 

2023-02-08 16:45:02 - [TEST_STEP][PASSED] - delay(1): Delayed 1 second(s)

2023-02-08 16:45:03 - [MESSAGE][PASSED] - Delayed 1 second(s)

2023-02-08 16:45:03 - [TEST_STEP][PASSED] - selectOptionByLabel(findTestObject(orPath_TaxTypeFilingYear + "/select_TaxType_ExistingLiability"), TaxTypeEL, false): All options with label 'Personal Tax' are selected in object 'Object Repository/RAD_Pages/TaxTypeFilingYear_Page/select_TaxType_ExistingLiability' 

2023-02-08 16:45:03 - [MESSAGE][PASSED] - All options with label 'Personal Tax' are selected in object 'Object Repository/RAD_Pages/TaxTypeFilingYear_Page/select_TaxType_ExistingLiability' 

2023-02-08 16:45:03 - [TEST_STEP][PASSED] - setText(findTestObject(orPath_TaxInfo + "/input_NoticeInvoiceNumber"), notInvNumber): Text '123456789' is set on object 'Object Repository/RAD_Pages/TaxInfo_Page/input_NoticeInvoiceNumber'

2023-02-08 16:45:05 - [MESSAGE][PASSED] - Text '123456789' is set on object 'Object Repository/RAD_Pages/TaxInfo_Page/input_NoticeInvoiceNumber'

2023-02-08 16:45:05 - [TEST_STEP][PASSED] - setText(findTestObject(orPath_TaxInfo + "/input_reTypeNoticeInvoiceNumber"), notInvNumber): Text '123456789' is set on object 'Object Repository/RAD_Pages/TaxInfo_Page/input_reTypeNoticeInvoiceNumber'

2023-02-08 16:45:06 - [MESSAGE][PASSED] - Text '123456789' is set on object 'Object Repository/RAD_Pages/TaxInfo_Page/input_reTypeNoticeInvoiceNumber'

2023-02-08 16:45:06 - [TEST_STEP][PASSED] - println(notInvNumber): null

2023-02-08 16:45:06 - [TEST_STEP][PASSED] - if (verifyTextPresent(errorMsg, true)): null

2023-02-08 16:45:06 - [MESSAGE][PASSED] - Text 'Notice number length has to be 13 numeric characters' is present on page  using regular expression

2023-02-08 16:45:06 - [TEST_STEP][PASSED] - println("Error Message is present on the page"): null

2023-02-08 16:45:06 - [TEST_STEP][PASSED] - out.println("Pass Record Number: " + row): null

2023-02-08 16:45:06 - [TEST_STEP][PASSED] - resText = "Pass": null

2023-02-08 16:45:06 - [TEST_STEP][PASSED] - pages.WriteExcel.demoKey(resText, datText, resColumn, datCloumn, fileLoc, nameSheet, row): pages.WriteExcel.demoKey is PASSED

2023-02-08 16:45:06 - [MESSAGE][PASSED] - pages.WriteExcel.demoKey is PASSED

2023-02-08 16:45:06 - [TEST_STEP][PASSED] - ExecuteTC = findTestData(dataFile).getValue("Execute", row): null

2023-02-08 16:45:06 - [TEST_STEP][PASSED] - Taxtype = findTestData(dataFile).getValue("TaxType", row): null

2023-02-08 16:45:06 - [TEST_STEP][PASSED] - TaxTypeEL = findTestData(dataFile).getValue("TaxTypeEL", row): null

2023-02-08 16:45:06 - [TEST_STEP][PASSED] - notInvNumber = findTestData(dataFile).getValue("NotiInvoNumber", row): null

2023-02-08 16:45:06 - [TEST_STEP][PASSED] - errorMsg = findTestData(dataFile).getValue("ErrorMessage", row): null

2023-02-08 16:45:07 - [TEST_STEP][PASSED] - out.println("Value of Execute is : " + ExecuteTC): null

2023-02-08 16:45:07 - [TEST_STEP][PASSED] - if (ExecuteTC.equalsIgnoreCase("Y")): null

2023-02-08 16:45:07 - [TEST_STEP][PASSED] - out.println("Begin Record Number: " + row): null

2023-02-08 16:45:07 - [TEST_STEP][PASSED] - today = new java.util.Date(): null

2023-02-08 16:45:07 - [TEST_STEP][PASSED] - println(today): null

2023-02-08 16:45:07 - [TEST_STEP][PASSED] - datText = today: null

2023-02-08 16:45:07 - [TEST_STEP][PASSED] - Taxtype = findTestData(dataFile).getValue("TaxType", row): null

2023-02-08 16:45:07 - [TEST_STEP][PASSED] - out.println("Taxtype value is : " + Taxtype): null

2023-02-08 16:45:07 - [TEST_STEP][PASSED] - openBrowser(""): Browser is opened with url: ''

2023-02-08 16:45:07 - [MESSAGE][WARNING] - A browser is already opened. Closing browser and opening a new one

2023-02-08 16:45:07 - [MESSAGE][INFO] - Starting 'Chrome' driver

2023-02-08 16:45:07 - [MESSAGE][INFO] - User set preference: ['acceptInsecureCerts', 'true']

2023-02-08 16:45:07 - [MESSAGE][INFO] - Action delay is set to 0 milliseconds

2023-02-08 16:45:09 - [MESSAGE][PASSED] - Browser is opened with url: ''

2023-02-08 16:45:09 - [TEST_STEP][PASSED] - maximizeWindow(): Current window maximized

2023-02-08 16:45:09 - [MESSAGE][PASSED] - Current window maximized

2023-02-08 16:45:09 - [TEST_STEP][PASSED] - navigateToUrl(RADurl): Navigate to 'https://qa.velocitypayment.com/client/rad/index.html' successfully

2023-02-08 16:45:11 - [MESSAGE][PASSED] - Navigate to 'https://qa.velocitypayment.com/client/rad/index.html' successfully

2023-02-08 16:45:11 - [TEST_STEP][PASSED] - orPath_Landing = "Object Repository/RAD_Pages/Landing_Page": null

2023-02-08 16:45:11 - [TEST_STEP][PASSED] - orPath_TaxTypeFilingYear = "Object Repository/RAD_Pages/TaxTypeFilingYear_Page": null

2023-02-08 16:45:11 - [TEST_STEP][PASSED] - orPath_TaxPayer = "Object Repository/RAD_Pages/Taxpayer_Page": null

2023-02-08 16:45:11 - [TEST_STEP][PASSED] - orPath_AddressContact = "Object Repository/RAD_Pages/AddressAndContactInfo_Page": null

2023-02-08 16:45:11 - [TEST_STEP][PASSED] - orPath_FilingStatus = "Object Repository/RAD_Pages/FilingStatus_Page": null

2023-02-08 16:45:11 - [TEST_STEP][PASSED] - orPath_Amount = "Object Repository/RAD_Pages/PaymentAmount_Page": null

2023-02-08 16:45:11 - [TEST_STEP][PASSED] - orPath_TaxInfo = "Object Repository/RAD_Pages/TaxInfo_Page": null

2023-02-08 16:45:11 - [TEST_STEP][PASSED] - orPath_Withholding = "Object Repository/RAD_Pages/Withholding_Page": null

2023-02-08 16:45:11 - [TEST_STEP][PASSED] - orPath_Summary = "Object Repository/RAD_Pages/Summary_Page": null

2023-02-08 16:45:11 - [TEST_STEP][PASSED] - orPath_PaymentReady = "Object Repository/RAD_Pages/PaymentReady_Page": null

2023-02-08 16:45:11 - [TEST_STEP][PASSED] - orPath_PaymentEntry = "Object Repository/RAD_Pages/PaymentEntry_Page": null

2023-02-08 16:45:11 - [TEST_STEP][PASSED] - orPath_PaymentConfirmation = "Object Repository/RAD_Pages/PaymentConfirmation_Page": null

2023-02-08 16:45:11 - [TEST_STEP][PASSED] - orPath_ServiceFeesAccept = "Object Repository/RAD_Pages/ServiceFeeAccept_Page": null

2023-02-08 16:45:11 - [TEST_STEP][PASSED] - selectOptionByLabel(findTestObject(orPath_Landing + "/dd_TaxType"), Taxtype, false): All options with label 'Existing Liability' are selected in object 'Object Repository/RAD_Pages/Landing_Page/dd_TaxType' 

2023-02-08 16:45:12 - [MESSAGE][PASSED] - All options with label 'Existing Liability' are selected in object 'Object Repository/RAD_Pages/Landing_Page/dd_TaxType' 

2023-02-08 16:45:12 - [TEST_STEP][PASSED] - delay(1): Delayed 1 second(s)

2023-02-08 16:45:13 - [MESSAGE][PASSED] - Delayed 1 second(s)

2023-02-08 16:45:13 - [TEST_STEP][PASSED] - selectOptionByLabel(findTestObject(orPath_TaxTypeFilingYear + "/select_TaxType_ExistingLiability"), TaxTypeEL, false): All options with label 'PTE Tax (Partnership)' are selected in object 'Object Repository/RAD_Pages/TaxTypeFilingYear_Page/select_TaxType_ExistingLiability' 

2023-02-08 16:45:13 - [MESSAGE][PASSED] - All options with label 'PTE Tax (Partnership)' are selected in object 'Object Repository/RAD_Pages/TaxTypeFilingYear_Page/select_TaxType_ExistingLiability' 

2023-02-08 16:45:13 - [TEST_STEP][PASSED] - setText(findTestObject(orPath_TaxInfo + "/input_NoticeInvoiceNumber"), notInvNumber): Text '123456789' is set on object 'Object Repository/RAD_Pages/TaxInfo_Page/input_NoticeInvoiceNumber'

2023-02-08 16:45:14 - [MESSAGE][PASSED] - Text '123456789' is set on object 'Object Repository/RAD_Pages/TaxInfo_Page/input_NoticeInvoiceNumber'

2023-02-08 16:45:14 - [TEST_STEP][PASSED] - setText(findTestObject(orPath_TaxInfo + "/input_reTypeNoticeInvoiceNumber"), notInvNumber): Text '123456789' is set on object 'Object Repository/RAD_Pages/TaxInfo_Page/input_reTypeNoticeInvoiceNumber'

2023-02-08 16:45:15 - [MESSAGE][PASSED] - Text '123456789' is set on object 'Object Repository/RAD_Pages/TaxInfo_Page/input_reTypeNoticeInvoiceNumber'

2023-02-08 16:45:15 - [TEST_STEP][PASSED] - println(notInvNumber): null

2023-02-08 16:45:15 - [TEST_STEP][PASSED] - if (verifyTextPresent(errorMsg, true)): null

2023-02-08 16:45:16 - [MESSAGE][PASSED] - Text 'Notice number length has to be 13 numeric characters' is present on page  using regular expression

2023-02-08 16:45:16 - [TEST_STEP][PASSED] - println("Error Message is present on the page"): null

2023-02-08 16:45:16 - [TEST_STEP][PASSED] - out.println("Pass Record Number: " + row): null

2023-02-08 16:45:16 - [TEST_STEP][PASSED] - resText = "Pass": null

2023-02-08 16:45:16 - [TEST_STEP][PASSED] - pages.WriteExcel.demoKey(resText, datText, resColumn, datCloumn, fileLoc, nameSheet, row): pages.WriteExcel.demoKey is PASSED

2023-02-08 16:45:16 - [MESSAGE][PASSED] - pages.WriteExcel.demoKey is PASSED

2023-02-08 16:45:16 - [TEST_STEP][PASSED] - ExecuteTC = findTestData(dataFile).getValue("Execute", row): null

2023-02-08 16:45:16 - [TEST_STEP][PASSED] - Taxtype = findTestData(dataFile).getValue("TaxType", row): null

2023-02-08 16:45:16 - [TEST_STEP][PASSED] - TaxTypeEL = findTestData(dataFile).getValue("TaxTypeEL", row): null

2023-02-08 16:45:16 - [TEST_STEP][PASSED] - notInvNumber = findTestData(dataFile).getValue("NotiInvoNumber", row): null

2023-02-08 16:45:16 - [TEST_STEP][PASSED] - errorMsg = findTestData(dataFile).getValue("ErrorMessage", row): null

2023-02-08 16:45:16 - [TEST_STEP][PASSED] - out.println("Value of Execute is : " + ExecuteTC): null

2023-02-08 16:45:16 - [TEST_STEP][PASSED] - if (ExecuteTC.equalsIgnoreCase("Y")): null

2023-02-08 16:45:16 - [TEST_STEP][PASSED] - out.println("Begin Record Number: " + row): null

2023-02-08 16:45:16 - [TEST_STEP][PASSED] - today = new java.util.Date(): null

2023-02-08 16:45:16 - [TEST_STEP][PASSED] - println(today): null

2023-02-08 16:45:16 - [TEST_STEP][PASSED] - datText = today: null

2023-02-08 16:45:16 - [TEST_STEP][PASSED] - Taxtype = findTestData(dataFile).getValue("TaxType", row): null

2023-02-08 16:45:16 - [TEST_STEP][PASSED] - out.println("Taxtype value is : " + Taxtype): null

2023-02-08 16:45:16 - [TEST_STEP][PASSED] - openBrowser(""): Browser is opened with url: ''

2023-02-08 16:45:16 - [MESSAGE][WARNING] - A browser is already opened. Closing browser and opening a new one

2023-02-08 16:45:17 - [MESSAGE][INFO] - Starting 'Chrome' driver

2023-02-08 16:45:17 - [MESSAGE][INFO] - User set preference: ['acceptInsecureCerts', 'true']

2023-02-08 16:45:17 - [MESSAGE][INFO] - Action delay is set to 0 milliseconds

2023-02-08 16:45:19 - [MESSAGE][PASSED] - Browser is opened with url: ''

2023-02-08 16:45:19 - [TEST_STEP][PASSED] - maximizeWindow(): Current window maximized

2023-02-08 16:45:19 - [MESSAGE][PASSED] - Current window maximized

2023-02-08 16:45:19 - [TEST_STEP][PASSED] - navigateToUrl(RADurl): Navigate to 'https://qa.velocitypayment.com/client/rad/index.html' successfully

2023-02-08 16:45:20 - [MESSAGE][PASSED] - Navigate to 'https://qa.velocitypayment.com/client/rad/index.html' successfully

2023-02-08 16:45:20 - [TEST_STEP][PASSED] - orPath_Landing = "Object Repository/RAD_Pages/Landing_Page": null

2023-02-08 16:45:20 - [TEST_STEP][PASSED] - orPath_TaxTypeFilingYear = "Object Repository/RAD_Pages/TaxTypeFilingYear_Page": null

2023-02-08 16:45:20 - [TEST_STEP][PASSED] - orPath_TaxPayer = "Object Repository/RAD_Pages/Taxpayer_Page": null

2023-02-08 16:45:20 - [TEST_STEP][PASSED] - orPath_AddressContact = "Object Repository/RAD_Pages/AddressAndContactInfo_Page": null

2023-02-08 16:45:20 - [TEST_STEP][PASSED] - orPath_FilingStatus = "Object Repository/RAD_Pages/FilingStatus_Page": null

2023-02-08 16:45:20 - [TEST_STEP][PASSED] - orPath_Amount = "Object Repository/RAD_Pages/PaymentAmount_Page": null

2023-02-08 16:45:20 - [TEST_STEP][PASSED] - orPath_TaxInfo = "Object Repository/RAD_Pages/TaxInfo_Page": null

2023-02-08 16:45:20 - [TEST_STEP][PASSED] - orPath_Withholding = "Object Repository/RAD_Pages/Withholding_Page": null

2023-02-08 16:45:20 - [TEST_STEP][PASSED] - orPath_Summary = "Object Repository/RAD_Pages/Summary_Page": null

2023-02-08 16:45:20 - [TEST_STEP][PASSED] - orPath_PaymentReady = "Object Repository/RAD_Pages/PaymentReady_Page": null

2023-02-08 16:45:20 - [TEST_STEP][PASSED] - orPath_PaymentEntry = "Object Repository/RAD_Pages/PaymentEntry_Page": null

2023-02-08 16:45:20 - [TEST_STEP][PASSED] - orPath_PaymentConfirmation = "Object Repository/RAD_Pages/PaymentConfirmation_Page": null

2023-02-08 16:45:20 - [TEST_STEP][PASSED] - orPath_ServiceFeesAccept = "Object Repository/RAD_Pages/ServiceFeeAccept_Page": null

2023-02-08 16:45:20 - [TEST_STEP][PASSED] - selectOptionByLabel(findTestObject(orPath_Landing + "/dd_TaxType"), Taxtype, false): All options with label 'Existing Liability' are selected in object 'Object Repository/RAD_Pages/Landing_Page/dd_TaxType' 

2023-02-08 16:45:21 - [MESSAGE][PASSED] - All options with label 'Existing Liability' are selected in object 'Object Repository/RAD_Pages/Landing_Page/dd_TaxType' 

2023-02-08 16:45:21 - [TEST_STEP][PASSED] - delay(1): Delayed 1 second(s)

2023-02-08 16:45:22 - [MESSAGE][PASSED] - Delayed 1 second(s)

2023-02-08 16:45:22 - [TEST_STEP][PASSED] - selectOptionByLabel(findTestObject(orPath_TaxTypeFilingYear + "/select_TaxType_ExistingLiability"), TaxTypeEL, false): All options with label 'PTE Tax (LLC)' are selected in object 'Object Repository/RAD_Pages/TaxTypeFilingYear_Page/select_TaxType_ExistingLiability' 

2023-02-08 16:45:23 - [MESSAGE][PASSED] - All options with label 'PTE Tax (LLC)' are selected in object 'Object Repository/RAD_Pages/TaxTypeFilingYear_Page/select_TaxType_ExistingLiability' 

2023-02-08 16:45:23 - [TEST_STEP][PASSED] - setText(findTestObject(orPath_TaxInfo + "/input_NoticeInvoiceNumber"), notInvNumber): Text '123456789' is set on object 'Object Repository/RAD_Pages/TaxInfo_Page/input_NoticeInvoiceNumber'

2023-02-08 16:45:24 - [MESSAGE][PASSED] - Text '123456789' is set on object 'Object Repository/RAD_Pages/TaxInfo_Page/input_NoticeInvoiceNumber'

2023-02-08 16:45:24 - [TEST_STEP][PASSED] - setText(findTestObject(orPath_TaxInfo + "/input_reTypeNoticeInvoiceNumber"), notInvNumber): Text '123456789' is set on object 'Object Repository/RAD_Pages/TaxInfo_Page/input_reTypeNoticeInvoiceNumber'

2023-02-08 16:45:25 - [MESSAGE][PASSED] - Text '123456789' is set on object 'Object Repository/RAD_Pages/TaxInfo_Page/input_reTypeNoticeInvoiceNumber'

2023-02-08 16:45:25 - [TEST_STEP][PASSED] - println(notInvNumber): null

2023-02-08 16:45:25 - [TEST_STEP][PASSED] - if (verifyTextPresent(errorMsg, true)): null

2023-02-08 16:45:26 - [MESSAGE][PASSED] - Text 'Notice number length has to be 13 numeric characters' is present on page  using regular expression

2023-02-08 16:45:26 - [TEST_STEP][PASSED] - println("Error Message is present on the page"): null

2023-02-08 16:45:26 - [TEST_STEP][PASSED] - out.println("Pass Record Number: " + row): null

2023-02-08 16:45:26 - [TEST_STEP][PASSED] - resText = "Pass": null

2023-02-08 16:45:26 - [TEST_STEP][PASSED] - pages.WriteExcel.demoKey(resText, datText, resColumn, datCloumn, fileLoc, nameSheet, row): pages.WriteExcel.demoKey is PASSED

2023-02-08 16:45:26 - [MESSAGE][PASSED] - pages.WriteExcel.demoKey is PASSED

2023-02-08 16:45:26 - [TEST_STEP][PASSED] - ExecuteTC = findTestData(dataFile).getValue("Execute", row): null

2023-02-08 16:45:26 - [TEST_STEP][PASSED] - Taxtype = findTestData(dataFile).getValue("TaxType", row): null

2023-02-08 16:45:26 - [TEST_STEP][PASSED] - TaxTypeEL = findTestData(dataFile).getValue("TaxTypeEL", row): null

2023-02-08 16:45:26 - [TEST_STEP][PASSED] - notInvNumber = findTestData(dataFile).getValue("NotiInvoNumber", row): null

2023-02-08 16:45:26 - [TEST_STEP][PASSED] - errorMsg = findTestData(dataFile).getValue("ErrorMessage", row): null

2023-02-08 16:45:26 - [TEST_STEP][PASSED] - out.println("Value of Execute is : " + ExecuteTC): null

2023-02-08 16:45:26 - [TEST_STEP][PASSED] - if (ExecuteTC.equalsIgnoreCase("Y")): null

2023-02-08 16:45:26 - [TEST_STEP][PASSED] - out.println("Begin Record Number: " + row): null

2023-02-08 16:45:26 - [TEST_STEP][PASSED] - today = new java.util.Date(): null

2023-02-08 16:45:26 - [TEST_STEP][PASSED] - println(today): null

2023-02-08 16:45:26 - [TEST_STEP][PASSED] - datText = today: null

2023-02-08 16:45:26 - [TEST_STEP][PASSED] - Taxtype = findTestData(dataFile).getValue("TaxType", row): null

2023-02-08 16:45:26 - [TEST_STEP][PASSED] - out.println("Taxtype value is : " + Taxtype): null

2023-02-08 16:45:26 - [TEST_STEP][PASSED] - openBrowser(""): Browser is opened with url: ''

2023-02-08 16:45:26 - [MESSAGE][WARNING] - A browser is already opened. Closing browser and opening a new one

2023-02-08 16:45:27 - [MESSAGE][INFO] - Starting 'Chrome' driver

2023-02-08 16:45:27 - [MESSAGE][INFO] - User set preference: ['acceptInsecureCerts', 'true']

2023-02-08 16:45:27 - [MESSAGE][INFO] - Action delay is set to 0 milliseconds

2023-02-08 16:45:29 - [MESSAGE][PASSED] - Browser is opened with url: ''

2023-02-08 16:45:29 - [TEST_STEP][PASSED] - maximizeWindow(): Current window maximized

2023-02-08 16:45:29 - [MESSAGE][PASSED] - Current window maximized

2023-02-08 16:45:29 - [TEST_STEP][PASSED] - navigateToUrl(RADurl): Navigate to 'https://qa.velocitypayment.com/client/rad/index.html' successfully

2023-02-08 16:45:31 - [MESSAGE][PASSED] - Navigate to 'https://qa.velocitypayment.com/client/rad/index.html' successfully

2023-02-08 16:45:31 - [TEST_STEP][PASSED] - orPath_Landing = "Object Repository/RAD_Pages/Landing_Page": null

2023-02-08 16:45:31 - [TEST_STEP][PASSED] - orPath_TaxTypeFilingYear = "Object Repository/RAD_Pages/TaxTypeFilingYear_Page": null

2023-02-08 16:45:31 - [TEST_STEP][PASSED] - orPath_TaxPayer = "Object Repository/RAD_Pages/Taxpayer_Page": null

2023-02-08 16:45:31 - [TEST_STEP][PASSED] - orPath_AddressContact = "Object Repository/RAD_Pages/AddressAndContactInfo_Page": null

2023-02-08 16:45:31 - [TEST_STEP][PASSED] - orPath_FilingStatus = "Object Repository/RAD_Pages/FilingStatus_Page": null

2023-02-08 16:45:31 - [TEST_STEP][PASSED] - orPath_Amount = "Object Repository/RAD_Pages/PaymentAmount_Page": null

2023-02-08 16:45:31 - [TEST_STEP][PASSED] - orPath_TaxInfo = "Object Repository/RAD_Pages/TaxInfo_Page": null

2023-02-08 16:45:31 - [TEST_STEP][PASSED] - orPath_Withholding = "Object Repository/RAD_Pages/Withholding_Page": null

2023-02-08 16:45:31 - [TEST_STEP][PASSED] - orPath_Summary = "Object Repository/RAD_Pages/Summary_Page": null

2023-02-08 16:45:31 - [TEST_STEP][PASSED] - orPath_PaymentReady = "Object Repository/RAD_Pages/PaymentReady_Page": null

2023-02-08 16:45:31 - [TEST_STEP][PASSED] - orPath_PaymentEntry = "Object Repository/RAD_Pages/PaymentEntry_Page": null

2023-02-08 16:45:31 - [TEST_STEP][PASSED] - orPath_PaymentConfirmation = "Object Repository/RAD_Pages/PaymentConfirmation_Page": null

2023-02-08 16:45:31 - [TEST_STEP][PASSED] - orPath_ServiceFeesAccept = "Object Repository/RAD_Pages/ServiceFeeAccept_Page": null

2023-02-08 16:45:31 - [TEST_STEP][PASSED] - selectOptionByLabel(findTestObject(orPath_Landing + "/dd_TaxType"), Taxtype, false): All options with label 'Existing Liability' are selected in object 'Object Repository/RAD_Pages/Landing_Page/dd_TaxType' 

2023-02-08 16:45:31 - [MESSAGE][PASSED] - All options with label 'Existing Liability' are selected in object 'Object Repository/RAD_Pages/Landing_Page/dd_TaxType' 

2023-02-08 16:45:31 - [TEST_STEP][PASSED] - delay(1): Delayed 1 second(s)

2023-02-08 16:45:32 - [MESSAGE][PASSED] - Delayed 1 second(s)

2023-02-08 16:45:32 - [TEST_STEP][PASSED] - selectOptionByLabel(findTestObject(orPath_TaxTypeFilingYear + "/select_TaxType_ExistingLiability"), TaxTypeEL, false): All options with label 'PTE Tax (SCorp)' are selected in object 'Object Repository/RAD_Pages/TaxTypeFilingYear_Page/select_TaxType_ExistingLiability' 

2023-02-08 16:45:33 - [MESSAGE][PASSED] - All options with label 'PTE Tax (SCorp)' are selected in object 'Object Repository/RAD_Pages/TaxTypeFilingYear_Page/select_TaxType_ExistingLiability' 

2023-02-08 16:45:33 - [TEST_STEP][PASSED] - setText(findTestObject(orPath_TaxInfo + "/input_NoticeInvoiceNumber"), notInvNumber): Text '123456789' is set on object 'Object Repository/RAD_Pages/TaxInfo_Page/input_NoticeInvoiceNumber'

2023-02-08 16:45:34 - [MESSAGE][PASSED] - Text '123456789' is set on object 'Object Repository/RAD_Pages/TaxInfo_Page/input_NoticeInvoiceNumber'

2023-02-08 16:45:34 - [TEST_STEP][PASSED] - setText(findTestObject(orPath_TaxInfo + "/input_reTypeNoticeInvoiceNumber"), notInvNumber): Text '123456789' is set on object 'Object Repository/RAD_Pages/TaxInfo_Page/input_reTypeNoticeInvoiceNumber'

2023-02-08 16:45:35 - [MESSAGE][PASSED] - Text '123456789' is set on object 'Object Repository/RAD_Pages/TaxInfo_Page/input_reTypeNoticeInvoiceNumber'

2023-02-08 16:45:35 - [TEST_STEP][PASSED] - println(notInvNumber): null

2023-02-08 16:45:35 - [TEST_STEP][PASSED] - if (verifyTextPresent(errorMsg, true)): null

2023-02-08 16:45:36 - [MESSAGE][PASSED] - Text 'Notice number length has to be 13 numeric characters' is present on page  using regular expression

2023-02-08 16:45:36 - [TEST_STEP][PASSED] - println("Error Message is present on the page"): null

2023-02-08 16:45:36 - [TEST_STEP][PASSED] - out.println("Pass Record Number: " + row): null

2023-02-08 16:45:36 - [TEST_STEP][PASSED] - resText = "Pass": null

2023-02-08 16:45:36 - [TEST_STEP][PASSED] - pages.WriteExcel.demoKey(resText, datText, resColumn, datCloumn, fileLoc, nameSheet, row): pages.WriteExcel.demoKey is PASSED

2023-02-08 16:45:36 - [MESSAGE][PASSED] - pages.WriteExcel.demoKey is PASSED

2023-02-08 16:45:36 - [TEST_STEP][PASSED] - ExecuteTC = findTestData(dataFile).getValue("Execute", row): null

2023-02-08 16:45:36 - [TEST_STEP][PASSED] - Taxtype = findTestData(dataFile).getValue("TaxType", row): null

2023-02-08 16:45:36 - [TEST_STEP][PASSED] - TaxTypeEL = findTestData(dataFile).getValue("TaxTypeEL", row): null

2023-02-08 16:45:36 - [TEST_STEP][PASSED] - notInvNumber = findTestData(dataFile).getValue("NotiInvoNumber", row): null

2023-02-08 16:45:36 - [TEST_STEP][PASSED] - errorMsg = findTestData(dataFile).getValue("ErrorMessage", row): null

2023-02-08 16:45:36 - [TEST_STEP][PASSED] - out.println("Value of Execute is : " + ExecuteTC): null

2023-02-08 16:45:36 - [TEST_STEP][PASSED] - if (ExecuteTC.equalsIgnoreCase("Y")): null

2023-02-08 16:45:36 - [TEST_STEP][PASSED] - out.println("Begin Record Number: " + row): null

2023-02-08 16:45:36 - [TEST_STEP][PASSED] - today = new java.util.Date(): null

2023-02-08 16:45:36 - [TEST_STEP][PASSED] - println(today): null

2023-02-08 16:45:36 - [TEST_STEP][PASSED] - datText = today: null

2023-02-08 16:45:36 - [TEST_STEP][PASSED] - Taxtype = findTestData(dataFile).getValue("TaxType", row): null

2023-02-08 16:45:36 - [TEST_STEP][PASSED] - out.println("Taxtype value is : " + Taxtype): null

2023-02-08 16:45:36 - [TEST_STEP][PASSED] - openBrowser(""): Browser is opened with url: ''

2023-02-08 16:45:36 - [MESSAGE][WARNING] - A browser is already opened. Closing browser and opening a new one

2023-02-08 16:45:37 - [MESSAGE][INFO] - Starting 'Chrome' driver

2023-02-08 16:45:37 - [MESSAGE][INFO] - User set preference: ['acceptInsecureCerts', 'true']

2023-02-08 16:45:37 - [MESSAGE][INFO] - Action delay is set to 0 milliseconds

2023-02-08 16:45:38 - [MESSAGE][PASSED] - Browser is opened with url: ''

2023-02-08 16:45:38 - [TEST_STEP][PASSED] - maximizeWindow(): Current window maximized

2023-02-08 16:45:39 - [MESSAGE][PASSED] - Current window maximized

2023-02-08 16:45:39 - [TEST_STEP][PASSED] - navigateToUrl(RADurl): Navigate to 'https://qa.velocitypayment.com/client/rad/index.html' successfully

2023-02-08 16:45:40 - [MESSAGE][PASSED] - Navigate to 'https://qa.velocitypayment.com/client/rad/index.html' successfully

2023-02-08 16:45:40 - [TEST_STEP][PASSED] - orPath_Landing = "Object Repository/RAD_Pages/Landing_Page": null

2023-02-08 16:45:40 - [TEST_STEP][PASSED] - orPath_TaxTypeFilingYear = "Object Repository/RAD_Pages/TaxTypeFilingYear_Page": null

2023-02-08 16:45:40 - [TEST_STEP][PASSED] - orPath_TaxPayer = "Object Repository/RAD_Pages/Taxpayer_Page": null

2023-02-08 16:45:40 - [TEST_STEP][PASSED] - orPath_AddressContact = "Object Repository/RAD_Pages/AddressAndContactInfo_Page": null

2023-02-08 16:45:40 - [TEST_STEP][PASSED] - orPath_FilingStatus = "Object Repository/RAD_Pages/FilingStatus_Page": null

2023-02-08 16:45:40 - [TEST_STEP][PASSED] - orPath_Amount = "Object Repository/RAD_Pages/PaymentAmount_Page": null

2023-02-08 16:45:40 - [TEST_STEP][PASSED] - orPath_TaxInfo = "Object Repository/RAD_Pages/TaxInfo_Page": null

2023-02-08 16:45:40 - [TEST_STEP][PASSED] - orPath_Withholding = "Object Repository/RAD_Pages/Withholding_Page": null

2023-02-08 16:45:40 - [TEST_STEP][PASSED] - orPath_Summary = "Object Repository/RAD_Pages/Summary_Page": null

2023-02-08 16:45:40 - [TEST_STEP][PASSED] - orPath_PaymentReady = "Object Repository/RAD_Pages/PaymentReady_Page": null

2023-02-08 16:45:40 - [TEST_STEP][PASSED] - orPath_PaymentEntry = "Object Repository/RAD_Pages/PaymentEntry_Page": null

2023-02-08 16:45:40 - [TEST_STEP][PASSED] - orPath_PaymentConfirmation = "Object Repository/RAD_Pages/PaymentConfirmation_Page": null

2023-02-08 16:45:40 - [TEST_STEP][PASSED] - orPath_ServiceFeesAccept = "Object Repository/RAD_Pages/ServiceFeeAccept_Page": null

2023-02-08 16:45:40 - [TEST_STEP][PASSED] - selectOptionByLabel(findTestObject(orPath_Landing + "/dd_TaxType"), Taxtype, false): All options with label 'Existing Liability' are selected in object 'Object Repository/RAD_Pages/Landing_Page/dd_TaxType' 

2023-02-08 16:45:41 - [MESSAGE][PASSED] - All options with label 'Existing Liability' are selected in object 'Object Repository/RAD_Pages/Landing_Page/dd_TaxType' 

2023-02-08 16:45:41 - [TEST_STEP][PASSED] - delay(1): Delayed 1 second(s)

2023-02-08 16:45:42 - [MESSAGE][PASSED] - Delayed 1 second(s)

2023-02-08 16:45:42 - [TEST_STEP][PASSED] - selectOptionByLabel(findTestObject(orPath_TaxTypeFilingYear + "/select_TaxType_ExistingLiability"), TaxTypeEL, false): All options with label 'Sales & Use Tax' are selected in object 'Object Repository/RAD_Pages/TaxTypeFilingYear_Page/select_TaxType_ExistingLiability' 

2023-02-08 16:45:43 - [MESSAGE][PASSED] - All options with label 'Sales & Use Tax' are selected in object 'Object Repository/RAD_Pages/TaxTypeFilingYear_Page/select_TaxType_ExistingLiability' 

2023-02-08 16:45:43 - [TEST_STEP][PASSED] - setText(findTestObject(orPath_TaxInfo + "/input_NoticeInvoiceNumber"), notInvNumber): Text '123456789' is set on object 'Object Repository/RAD_Pages/TaxInfo_Page/input_NoticeInvoiceNumber'

2023-02-08 16:45:44 - [MESSAGE][PASSED] - Text '123456789' is set on object 'Object Repository/RAD_Pages/TaxInfo_Page/input_NoticeInvoiceNumber'

2023-02-08 16:45:44 - [TEST_STEP][PASSED] - setText(findTestObject(orPath_TaxInfo + "/input_reTypeNoticeInvoiceNumber"), notInvNumber): Text '123456789' is set on object 'Object Repository/RAD_Pages/TaxInfo_Page/input_reTypeNoticeInvoiceNumber'

2023-02-08 16:45:45 - [MESSAGE][PASSED] - Text '123456789' is set on object 'Object Repository/RAD_Pages/TaxInfo_Page/input_reTypeNoticeInvoiceNumber'

2023-02-08 16:45:45 - [TEST_STEP][PASSED] - println(notInvNumber): null

2023-02-08 16:45:45 - [TEST_STEP][PASSED] - if (verifyTextPresent(errorMsg, true)): null

2023-02-08 16:45:45 - [MESSAGE][PASSED] - Text 'Notice number length has to be 13 numeric characters' is present on page  using regular expression

2023-02-08 16:45:45 - [TEST_STEP][PASSED] - println("Error Message is present on the page"): null

2023-02-08 16:45:45 - [TEST_STEP][PASSED] - out.println("Pass Record Number: " + row): null

2023-02-08 16:45:45 - [TEST_STEP][PASSED] - resText = "Pass": null

2023-02-08 16:45:45 - [TEST_STEP][PASSED] - pages.WriteExcel.demoKey(resText, datText, resColumn, datCloumn, fileLoc, nameSheet, row): pages.WriteExcel.demoKey is PASSED

2023-02-08 16:45:45 - [MESSAGE][PASSED] - pages.WriteExcel.demoKey is PASSED

2023-02-08 16:45:45 - [TEST_STEP][PASSED] - ExecuteTC = findTestData(dataFile).getValue("Execute", row): null

2023-02-08 16:45:45 - [TEST_STEP][PASSED] - Taxtype = findTestData(dataFile).getValue("TaxType", row): null

2023-02-08 16:45:46 - [TEST_STEP][PASSED] - TaxTypeEL = findTestData(dataFile).getValue("TaxTypeEL", row): null

2023-02-08 16:45:46 - [TEST_STEP][PASSED] - notInvNumber = findTestData(dataFile).getValue("NotiInvoNumber", row): null

2023-02-08 16:45:46 - [TEST_STEP][PASSED] - errorMsg = findTestData(dataFile).getValue("ErrorMessage", row): null

2023-02-08 16:45:46 - [TEST_STEP][PASSED] - out.println("Value of Execute is : " + ExecuteTC): null

2023-02-08 16:45:46 - [TEST_STEP][PASSED] - if (ExecuteTC.equalsIgnoreCase("Y")): null

2023-02-08 16:45:46 - [TEST_STEP][PASSED] - out.println("Begin Record Number: " + row): null

2023-02-08 16:45:46 - [TEST_STEP][PASSED] - today = new java.util.Date(): null

2023-02-08 16:45:46 - [TEST_STEP][PASSED] - println(today): null

2023-02-08 16:45:46 - [TEST_STEP][PASSED] - datText = today: null

2023-02-08 16:45:46 - [TEST_STEP][PASSED] - Taxtype = findTestData(dataFile).getValue("TaxType", row): null

2023-02-08 16:45:46 - [TEST_STEP][PASSED] - out.println("Taxtype value is : " + Taxtype): null

2023-02-08 16:45:46 - [TEST_STEP][PASSED] - openBrowser(""): Browser is opened with url: ''

2023-02-08 16:45:46 - [MESSAGE][WARNING] - A browser is already opened. Closing browser and opening a new one

2023-02-08 16:45:47 - [MESSAGE][INFO] - Starting 'Chrome' driver

2023-02-08 16:45:47 - [MESSAGE][INFO] - User set preference: ['acceptInsecureCerts', 'true']

2023-02-08 16:45:47 - [MESSAGE][INFO] - Action delay is set to 0 milliseconds

2023-02-08 16:45:48 - [MESSAGE][PASSED] - Browser is opened with url: ''

2023-02-08 16:45:48 - [TEST_STEP][PASSED] - maximizeWindow(): Current window maximized

2023-02-08 16:45:48 - [MESSAGE][PASSED] - Current window maximized

2023-02-08 16:45:48 - [TEST_STEP][PASSED] - navigateToUrl(RADurl): Navigate to 'https://qa.velocitypayment.com/client/rad/index.html' successfully

2023-02-08 16:45:50 - [MESSAGE][PASSED] - Navigate to 'https://qa.velocitypayment.com/client/rad/index.html' successfully

2023-02-08 16:45:50 - [TEST_STEP][PASSED] - orPath_Landing = "Object Repository/RAD_Pages/Landing_Page": null

2023-02-08 16:45:50 - [TEST_STEP][PASSED] - orPath_TaxTypeFilingYear = "Object Repository/RAD_Pages/TaxTypeFilingYear_Page": null

2023-02-08 16:45:50 - [TEST_STEP][PASSED] - orPath_TaxPayer = "Object Repository/RAD_Pages/Taxpayer_Page": null

2023-02-08 16:45:50 - [TEST_STEP][PASSED] - orPath_AddressContact = "Object Repository/RAD_Pages/AddressAndContactInfo_Page": null

2023-02-08 16:45:50 - [TEST_STEP][PASSED] - orPath_FilingStatus = "Object Repository/RAD_Pages/FilingStatus_Page": null

2023-02-08 16:45:50 - [TEST_STEP][PASSED] - orPath_Amount = "Object Repository/RAD_Pages/PaymentAmount_Page": null

2023-02-08 16:45:50 - [TEST_STEP][PASSED] - orPath_TaxInfo = "Object Repository/RAD_Pages/TaxInfo_Page": null

2023-02-08 16:45:50 - [TEST_STEP][PASSED] - orPath_Withholding = "Object Repository/RAD_Pages/Withholding_Page": null

2023-02-08 16:45:50 - [TEST_STEP][PASSED] - orPath_Summary = "Object Repository/RAD_Pages/Summary_Page": null

2023-02-08 16:45:50 - [TEST_STEP][PASSED] - orPath_PaymentReady = "Object Repository/RAD_Pages/PaymentReady_Page": null

2023-02-08 16:45:50 - [TEST_STEP][PASSED] - orPath_PaymentEntry = "Object Repository/RAD_Pages/PaymentEntry_Page": null

2023-02-08 16:45:50 - [TEST_STEP][PASSED] - orPath_PaymentConfirmation = "Object Repository/RAD_Pages/PaymentConfirmation_Page": null

2023-02-08 16:45:50 - [TEST_STEP][PASSED] - orPath_ServiceFeesAccept = "Object Repository/RAD_Pages/ServiceFeeAccept_Page": null

2023-02-08 16:45:50 - [TEST_STEP][PASSED] - selectOptionByLabel(findTestObject(orPath_Landing + "/dd_TaxType"), Taxtype, false): All options with label 'Existing Liability' are selected in object 'Object Repository/RAD_Pages/Landing_Page/dd_TaxType' 

2023-02-08 16:45:51 - [MESSAGE][PASSED] - All options with label 'Existing Liability' are selected in object 'Object Repository/RAD_Pages/Landing_Page/dd_TaxType' 

2023-02-08 16:45:51 - [TEST_STEP][PASSED] - delay(1): Delayed 1 second(s)

2023-02-08 16:45:52 - [MESSAGE][PASSED] - Delayed 1 second(s)

2023-02-08 16:45:52 - [TEST_STEP][PASSED] - selectOptionByLabel(findTestObject(orPath_TaxTypeFilingYear + "/select_TaxType_ExistingLiability"), TaxTypeEL, false): All options with label 'Tire Fee Tax' are selected in object 'Object Repository/RAD_Pages/TaxTypeFilingYear_Page/select_TaxType_ExistingLiability' 

2023-02-08 16:45:53 - [MESSAGE][PASSED] - All options with label 'Tire Fee Tax' are selected in object 'Object Repository/RAD_Pages/TaxTypeFilingYear_Page/select_TaxType_ExistingLiability' 

2023-02-08 16:45:53 - [TEST_STEP][PASSED] - setText(findTestObject(orPath_TaxInfo + "/input_NoticeInvoiceNumber"), notInvNumber): Text '123456789' is set on object 'Object Repository/RAD_Pages/TaxInfo_Page/input_NoticeInvoiceNumber'

2023-02-08 16:45:54 - [MESSAGE][PASSED] - Text '123456789' is set on object 'Object Repository/RAD_Pages/TaxInfo_Page/input_NoticeInvoiceNumber'

2023-02-08 16:45:54 - [TEST_STEP][PASSED] - setText(findTestObject(orPath_TaxInfo + "/input_reTypeNoticeInvoiceNumber"), notInvNumber): Text '123456789' is set on object 'Object Repository/RAD_Pages/TaxInfo_Page/input_reTypeNoticeInvoiceNumber'

2023-02-08 16:45:55 - [MESSAGE][PASSED] - Text '123456789' is set on object 'Object Repository/RAD_Pages/TaxInfo_Page/input_reTypeNoticeInvoiceNumber'

2023-02-08 16:45:55 - [TEST_STEP][PASSED] - println(notInvNumber): null

2023-02-08 16:45:55 - [TEST_STEP][PASSED] - if (verifyTextPresent(errorMsg, true)): null

2023-02-08 16:45:56 - [MESSAGE][PASSED] - Text 'Notice number length has to be 13 numeric characters' is present on page  using regular expression

2023-02-08 16:45:56 - [TEST_STEP][PASSED] - println("Error Message is present on the page"): null

2023-02-08 16:45:56 - [TEST_STEP][PASSED] - out.println("Pass Record Number: " + row): null

2023-02-08 16:45:56 - [TEST_STEP][PASSED] - resText = "Pass": null

2023-02-08 16:45:56 - [TEST_STEP][PASSED] - pages.WriteExcel.demoKey(resText, datText, resColumn, datCloumn, fileLoc, nameSheet, row): pages.WriteExcel.demoKey is PASSED

2023-02-08 16:45:56 - [MESSAGE][PASSED] - pages.WriteExcel.demoKey is PASSED

2023-02-08 16:45:56 - [TEST_STEP][PASSED] - ExecuteTC = findTestData(dataFile).getValue("Execute", row): null

2023-02-08 16:45:56 - [TEST_STEP][PASSED] - Taxtype = findTestData(dataFile).getValue("TaxType", row): null

2023-02-08 16:45:56 - [TEST_STEP][PASSED] - TaxTypeEL = findTestData(dataFile).getValue("TaxTypeEL", row): null

2023-02-08 16:45:56 - [TEST_STEP][PASSED] - notInvNumber = findTestData(dataFile).getValue("NotiInvoNumber", row): null

2023-02-08 16:45:56 - [TEST_STEP][PASSED] - errorMsg = findTestData(dataFile).getValue("ErrorMessage", row): null

2023-02-08 16:45:56 - [TEST_STEP][PASSED] - out.println("Value of Execute is : " + ExecuteTC): null

2023-02-08 16:45:56 - [TEST_STEP][PASSED] - if (ExecuteTC.equalsIgnoreCase("Y")): null

2023-02-08 16:45:56 - [TEST_STEP][PASSED] - out.println("Begin Record Number: " + row): null

2023-02-08 16:45:56 - [TEST_STEP][PASSED] - today = new java.util.Date(): null

2023-02-08 16:45:56 - [TEST_STEP][PASSED] - println(today): null

2023-02-08 16:45:56 - [TEST_STEP][PASSED] - datText = today: null

2023-02-08 16:45:56 - [TEST_STEP][PASSED] - Taxtype = findTestData(dataFile).getValue("TaxType", row): null

2023-02-08 16:45:56 - [TEST_STEP][PASSED] - out.println("Taxtype value is : " + Taxtype): null

2023-02-08 16:45:56 - [TEST_STEP][PASSED] - openBrowser(""): Browser is opened with url: ''

2023-02-08 16:45:56 - [MESSAGE][WARNING] - A browser is already opened. Closing browser and opening a new one

2023-02-08 16:45:57 - [MESSAGE][INFO] - Starting 'Chrome' driver

2023-02-08 16:45:57 - [MESSAGE][INFO] - User set preference: ['acceptInsecureCerts', 'true']

2023-02-08 16:45:57 - [MESSAGE][INFO] - Action delay is set to 0 milliseconds

2023-02-08 16:45:58 - [MESSAGE][PASSED] - Browser is opened with url: ''

2023-02-08 16:45:58 - [TEST_STEP][PASSED] - maximizeWindow(): Current window maximized

2023-02-08 16:45:58 - [MESSAGE][PASSED] - Current window maximized

2023-02-08 16:45:58 - [TEST_STEP][PASSED] - navigateToUrl(RADurl): Navigate to 'https://qa.velocitypayment.com/client/rad/index.html' successfully

2023-02-08 16:46:00 - [MESSAGE][PASSED] - Navigate to 'https://qa.velocitypayment.com/client/rad/index.html' successfully

2023-02-08 16:46:00 - [TEST_STEP][PASSED] - orPath_Landing = "Object Repository/RAD_Pages/Landing_Page": null

2023-02-08 16:46:00 - [TEST_STEP][PASSED] - orPath_TaxTypeFilingYear = "Object Repository/RAD_Pages/TaxTypeFilingYear_Page": null

2023-02-08 16:46:00 - [TEST_STEP][PASSED] - orPath_TaxPayer = "Object Repository/RAD_Pages/Taxpayer_Page": null

2023-02-08 16:46:00 - [TEST_STEP][PASSED] - orPath_AddressContact = "Object Repository/RAD_Pages/AddressAndContactInfo_Page": null

2023-02-08 16:46:00 - [TEST_STEP][PASSED] - orPath_FilingStatus = "Object Repository/RAD_Pages/FilingStatus_Page": null

2023-02-08 16:46:00 - [TEST_STEP][PASSED] - orPath_Amount = "Object Repository/RAD_Pages/PaymentAmount_Page": null

2023-02-08 16:46:00 - [TEST_STEP][PASSED] - orPath_TaxInfo = "Object Repository/RAD_Pages/TaxInfo_Page": null

2023-02-08 16:46:00 - [TEST_STEP][PASSED] - orPath_Withholding = "Object Repository/RAD_Pages/Withholding_Page": null

2023-02-08 16:46:00 - [TEST_STEP][PASSED] - orPath_Summary = "Object Repository/RAD_Pages/Summary_Page": null

2023-02-08 16:46:00 - [TEST_STEP][PASSED] - orPath_PaymentReady = "Object Repository/RAD_Pages/PaymentReady_Page": null

2023-02-08 16:46:00 - [TEST_STEP][PASSED] - orPath_PaymentEntry = "Object Repository/RAD_Pages/PaymentEntry_Page": null

2023-02-08 16:46:00 - [TEST_STEP][PASSED] - orPath_PaymentConfirmation = "Object Repository/RAD_Pages/PaymentConfirmation_Page": null

2023-02-08 16:46:00 - [TEST_STEP][PASSED] - orPath_ServiceFeesAccept = "Object Repository/RAD_Pages/ServiceFeeAccept_Page": null

2023-02-08 16:46:00 - [TEST_STEP][PASSED] - selectOptionByLabel(findTestObject(orPath_Landing + "/dd_TaxType"), Taxtype, false): All options with label 'Existing Liability' are selected in object 'Object Repository/RAD_Pages/Landing_Page/dd_TaxType' 

2023-02-08 16:46:01 - [MESSAGE][PASSED] - All options with label 'Existing Liability' are selected in object 'Object Repository/RAD_Pages/Landing_Page/dd_TaxType' 

2023-02-08 16:46:01 - [TEST_STEP][PASSED] - delay(1): Delayed 1 second(s)

2023-02-08 16:46:02 - [MESSAGE][PASSED] - Delayed 1 second(s)

2023-02-08 16:46:02 - [TEST_STEP][PASSED] - selectOptionByLabel(findTestObject(orPath_TaxTypeFilingYear + "/select_TaxType_ExistingLiability"), TaxTypeEL, false): All options with label 'Withholding Tax' are selected in object 'Object Repository/RAD_Pages/TaxTypeFilingYear_Page/select_TaxType_ExistingLiability' 

2023-02-08 16:46:03 - [MESSAGE][PASSED] - All options with label 'Withholding Tax' are selected in object 'Object Repository/RAD_Pages/TaxTypeFilingYear_Page/select_TaxType_ExistingLiability' 

2023-02-08 16:46:03 - [TEST_STEP][PASSED] - setText(findTestObject(orPath_TaxInfo + "/input_NoticeInvoiceNumber"), notInvNumber): Text '123456789' is set on object 'Object Repository/RAD_Pages/TaxInfo_Page/input_NoticeInvoiceNumber'

2023-02-08 16:46:04 - [MESSAGE][PASSED] - Text '123456789' is set on object 'Object Repository/RAD_Pages/TaxInfo_Page/input_NoticeInvoiceNumber'

2023-02-08 16:46:04 - [TEST_STEP][PASSED] - setText(findTestObject(orPath_TaxInfo + "/input_reTypeNoticeInvoiceNumber"), notInvNumber): Text '123456789' is set on object 'Object Repository/RAD_Pages/TaxInfo_Page/input_reTypeNoticeInvoiceNumber'

2023-02-08 16:46:05 - [MESSAGE][PASSED] - Text '123456789' is set on object 'Object Repository/RAD_Pages/TaxInfo_Page/input_reTypeNoticeInvoiceNumber'

2023-02-08 16:46:05 - [TEST_STEP][PASSED] - println(notInvNumber): null

2023-02-08 16:46:05 - [TEST_STEP][PASSED] - if (verifyTextPresent(errorMsg, true)): null

2023-02-08 16:46:05 - [MESSAGE][PASSED] - Text 'Notice number length has to be 13 numeric characters' is present on page  using regular expression

2023-02-08 16:46:05 - [TEST_STEP][PASSED] - println("Error Message is present on the page"): null

2023-02-08 16:46:05 - [TEST_STEP][PASSED] - out.println("Pass Record Number: " + row): null

2023-02-08 16:46:05 - [TEST_STEP][PASSED] - resText = "Pass": null

2023-02-08 16:46:05 - [TEST_STEP][PASSED] - pages.WriteExcel.demoKey(resText, datText, resColumn, datCloumn, fileLoc, nameSheet, row): pages.WriteExcel.demoKey is PASSED

2023-02-08 16:46:05 - [MESSAGE][PASSED] - pages.WriteExcel.demoKey is PASSED

2023-02-08 16:46:05 - [TEST_STEP][PASSED] - ExecuteTC = findTestData(dataFile).getValue("Execute", row): null

2023-02-08 16:46:05 - [TEST_STEP][PASSED] - Taxtype = findTestData(dataFile).getValue("TaxType", row): null

2023-02-08 16:46:05 - [TEST_STEP][PASSED] - TaxTypeEL = findTestData(dataFile).getValue("TaxTypeEL", row): null

2023-02-08 16:46:05 - [TEST_STEP][PASSED] - notInvNumber = findTestData(dataFile).getValue("NotiInvoNumber", row): null

2023-02-08 16:46:05 - [TEST_STEP][PASSED] - errorMsg = findTestData(dataFile).getValue("ErrorMessage", row): null

2023-02-08 16:46:06 - [TEST_STEP][PASSED] - out.println("Value of Execute is : " + ExecuteTC): null

2023-02-08 16:46:06 - [TEST_STEP][PASSED] - if (ExecuteTC.equalsIgnoreCase("Y")): null

2023-02-08 16:46:06 - [TEST_STEP][PASSED] - out.println("Begin Record Number: " + row): null

2023-02-08 16:46:06 - [TEST_STEP][PASSED] - today = new java.util.Date(): null

2023-02-08 16:46:06 - [TEST_STEP][PASSED] - println(today): null

2023-02-08 16:46:06 - [TEST_STEP][PASSED] - datText = today: null

2023-02-08 16:46:06 - [TEST_STEP][PASSED] - Taxtype = findTestData(dataFile).getValue("TaxType", row): null

2023-02-08 16:46:06 - [TEST_STEP][PASSED] - out.println("Taxtype value is : " + Taxtype): null

2023-02-08 16:46:06 - [TEST_STEP][PASSED] - openBrowser(""): Browser is opened with url: ''

2023-02-08 16:46:06 - [MESSAGE][WARNING] - A browser is already opened. Closing browser and opening a new one

2023-02-08 16:46:07 - [MESSAGE][INFO] - Starting 'Chrome' driver

2023-02-08 16:46:07 - [MESSAGE][INFO] - User set preference: ['acceptInsecureCerts', 'true']

2023-02-08 16:46:07 - [MESSAGE][INFO] - Action delay is set to 0 milliseconds

2023-02-08 16:46:08 - [MESSAGE][PASSED] - Browser is opened with url: ''

2023-02-08 16:46:08 - [TEST_STEP][PASSED] - maximizeWindow(): Current window maximized

2023-02-08 16:46:08 - [MESSAGE][PASSED] - Current window maximized

2023-02-08 16:46:08 - [TEST_STEP][PASSED] - navigateToUrl(RADurl): Navigate to 'https://qa.velocitypayment.com/client/rad/index.html' successfully

2023-02-08 16:46:10 - [MESSAGE][PASSED] - Navigate to 'https://qa.velocitypayment.com/client/rad/index.html' successfully

2023-02-08 16:46:10 - [TEST_STEP][PASSED] - orPath_Landing = "Object Repository/RAD_Pages/Landing_Page": null

2023-02-08 16:46:10 - [TEST_STEP][PASSED] - orPath_TaxTypeFilingYear = "Object Repository/RAD_Pages/TaxTypeFilingYear_Page": null

2023-02-08 16:46:10 - [TEST_STEP][PASSED] - orPath_TaxPayer = "Object Repository/RAD_Pages/Taxpayer_Page": null

2023-02-08 16:46:10 - [TEST_STEP][PASSED] - orPath_AddressContact = "Object Repository/RAD_Pages/AddressAndContactInfo_Page": null

2023-02-08 16:46:10 - [TEST_STEP][PASSED] - orPath_FilingStatus = "Object Repository/RAD_Pages/FilingStatus_Page": null

2023-02-08 16:46:10 - [TEST_STEP][PASSED] - orPath_Amount = "Object Repository/RAD_Pages/PaymentAmount_Page": null

2023-02-08 16:46:10 - [TEST_STEP][PASSED] - orPath_TaxInfo = "Object Repository/RAD_Pages/TaxInfo_Page": null

2023-02-08 16:46:10 - [TEST_STEP][PASSED] - orPath_Withholding = "Object Repository/RAD_Pages/Withholding_Page": null

2023-02-08 16:46:10 - [TEST_STEP][PASSED] - orPath_Summary = "Object Repository/RAD_Pages/Summary_Page": null

2023-02-08 16:46:10 - [TEST_STEP][PASSED] - orPath_PaymentReady = "Object Repository/RAD_Pages/PaymentReady_Page": null

2023-02-08 16:46:10 - [TEST_STEP][PASSED] - orPath_PaymentEntry = "Object Repository/RAD_Pages/PaymentEntry_Page": null

2023-02-08 16:46:10 - [TEST_STEP][PASSED] - orPath_PaymentConfirmation = "Object Repository/RAD_Pages/PaymentConfirmation_Page": null

2023-02-08 16:46:10 - [TEST_STEP][PASSED] - orPath_ServiceFeesAccept = "Object Repository/RAD_Pages/ServiceFeeAccept_Page": null

2023-02-08 16:46:10 - [TEST_STEP][PASSED] - selectOptionByLabel(findTestObject(orPath_Landing + "/dd_TaxType"), Taxtype, false): All options with label 'Existing Liability' are selected in object 'Object Repository/RAD_Pages/Landing_Page/dd_TaxType' 

2023-02-08 16:46:11 - [MESSAGE][PASSED] - All options with label 'Existing Liability' are selected in object 'Object Repository/RAD_Pages/Landing_Page/dd_TaxType' 

2023-02-08 16:46:11 - [TEST_STEP][PASSED] - delay(1): Delayed 1 second(s)

2023-02-08 16:46:12 - [MESSAGE][PASSED] - Delayed 1 second(s)

2023-02-08 16:46:12 - [TEST_STEP][PASSED] - selectOptionByLabel(findTestObject(orPath_TaxTypeFilingYear + "/select_TaxType_ExistingLiability"), TaxTypeEL, false): All options with label 'Alcohol Tax' are selected in object 'Object Repository/RAD_Pages/TaxTypeFilingYear_Page/select_TaxType_ExistingLiability' 

2023-02-08 16:46:13 - [MESSAGE][PASSED] - All options with label 'Alcohol Tax' are selected in object 'Object Repository/RAD_Pages/TaxTypeFilingYear_Page/select_TaxType_ExistingLiability' 

2023-02-08 16:46:13 - [TEST_STEP][PASSED] - setText(findTestObject(orPath_TaxInfo + "/input_NoticeInvoiceNumber"), notInvNumber): Text '123456789' is set on object 'Object Repository/RAD_Pages/TaxInfo_Page/input_NoticeInvoiceNumber'

2023-02-08 16:46:14 - [MESSAGE][PASSED] - Text '123456789' is set on object 'Object Repository/RAD_Pages/TaxInfo_Page/input_NoticeInvoiceNumber'

2023-02-08 16:46:14 - [TEST_STEP][PASSED] - setText(findTestObject(orPath_TaxInfo + "/input_reTypeNoticeInvoiceNumber"), notInvNumber): Text '123456789' is set on object 'Object Repository/RAD_Pages/TaxInfo_Page/input_reTypeNoticeInvoiceNumber'

2023-02-08 16:46:15 - [MESSAGE][PASSED] - Text '123456789' is set on object 'Object Repository/RAD_Pages/TaxInfo_Page/input_reTypeNoticeInvoiceNumber'

2023-02-08 16:46:15 - [TEST_STEP][PASSED] - println(notInvNumber): null

2023-02-08 16:46:15 - [TEST_STEP][PASSED] - if (verifyTextPresent(errorMsg, true)): null

2023-02-08 16:46:16 - [MESSAGE][PASSED] - Text 'Invoice number length has to be 10 or 13 numeric characters' is present on page  using regular expression

2023-02-08 16:46:16 - [TEST_STEP][PASSED] - println("Error Message is present on the page"): null

2023-02-08 16:46:16 - [TEST_STEP][PASSED] - out.println("Pass Record Number: " + row): null

2023-02-08 16:46:16 - [TEST_STEP][PASSED] - resText = "Pass": null

2023-02-08 16:46:16 - [TEST_STEP][PASSED] - pages.WriteExcel.demoKey(resText, datText, resColumn, datCloumn, fileLoc, nameSheet, row): pages.WriteExcel.demoKey is PASSED

2023-02-08 16:46:16 - [MESSAGE][PASSED] - pages.WriteExcel.demoKey is PASSED

2023-02-08 16:46:16 - [TEST_STEP][PASSED] - ExecuteTC = findTestData(dataFile).getValue("Execute", row): null

2023-02-08 16:46:16 - [TEST_STEP][PASSED] - Taxtype = findTestData(dataFile).getValue("TaxType", row): null

2023-02-08 16:46:16 - [TEST_STEP][PASSED] - TaxTypeEL = findTestData(dataFile).getValue("TaxTypeEL", row): null

2023-02-08 16:46:16 - [TEST_STEP][PASSED] - notInvNumber = findTestData(dataFile).getValue("NotiInvoNumber", row): null

2023-02-08 16:46:16 - [TEST_STEP][PASSED] - errorMsg = findTestData(dataFile).getValue("ErrorMessage", row): null

2023-02-08 16:46:16 - [TEST_STEP][PASSED] - out.println("Value of Execute is : " + ExecuteTC): null

2023-02-08 16:46:16 - [TEST_STEP][PASSED] - if (ExecuteTC.equalsIgnoreCase("Y")): null

2023-02-08 16:46:16 - [TEST_STEP][PASSED] - out.println("Begin Record Number: " + row): null

2023-02-08 16:46:16 - [TEST_STEP][PASSED] - today = new java.util.Date(): null

2023-02-08 16:46:16 - [TEST_STEP][PASSED] - println(today): null

2023-02-08 16:46:16 - [TEST_STEP][PASSED] - datText = today: null

2023-02-08 16:46:16 - [TEST_STEP][PASSED] - Taxtype = findTestData(dataFile).getValue("TaxType", row): null

2023-02-08 16:46:16 - [TEST_STEP][PASSED] - out.println("Taxtype value is : " + Taxtype): null

2023-02-08 16:46:16 - [TEST_STEP][PASSED] - openBrowser(""): Browser is opened with url: ''

2023-02-08 16:46:16 - [MESSAGE][WARNING] - A browser is already opened. Closing browser and opening a new one

2023-02-08 16:46:17 - [MESSAGE][INFO] - Starting 'Chrome' driver

2023-02-08 16:46:17 - [MESSAGE][INFO] - User set preference: ['acceptInsecureCerts', 'true']

2023-02-08 16:46:17 - [MESSAGE][INFO] - Action delay is set to 0 milliseconds

2023-02-08 16:46:18 - [MESSAGE][PASSED] - Browser is opened with url: ''

2023-02-08 16:46:18 - [TEST_STEP][PASSED] - maximizeWindow(): Current window maximized

2023-02-08 16:46:18 - [MESSAGE][PASSED] - Current window maximized

2023-02-08 16:46:18 - [TEST_STEP][PASSED] - navigateToUrl(RADurl): Navigate to 'https://qa.velocitypayment.com/client/rad/index.html' successfully

2023-02-08 16:46:20 - [MESSAGE][PASSED] - Navigate to 'https://qa.velocitypayment.com/client/rad/index.html' successfully

2023-02-08 16:46:20 - [TEST_STEP][PASSED] - orPath_Landing = "Object Repository/RAD_Pages/Landing_Page": null

2023-02-08 16:46:20 - [TEST_STEP][PASSED] - orPath_TaxTypeFilingYear = "Object Repository/RAD_Pages/TaxTypeFilingYear_Page": null

2023-02-08 16:46:20 - [TEST_STEP][PASSED] - orPath_TaxPayer = "Object Repository/RAD_Pages/Taxpayer_Page": null

2023-02-08 16:46:20 - [TEST_STEP][PASSED] - orPath_AddressContact = "Object Repository/RAD_Pages/AddressAndContactInfo_Page": null

2023-02-08 16:46:20 - [TEST_STEP][PASSED] - orPath_FilingStatus = "Object Repository/RAD_Pages/FilingStatus_Page": null

2023-02-08 16:46:20 - [TEST_STEP][PASSED] - orPath_Amount = "Object Repository/RAD_Pages/PaymentAmount_Page": null

2023-02-08 16:46:20 - [TEST_STEP][PASSED] - orPath_TaxInfo = "Object Repository/RAD_Pages/TaxInfo_Page": null

2023-02-08 16:46:20 - [TEST_STEP][PASSED] - orPath_Withholding = "Object Repository/RAD_Pages/Withholding_Page": null

2023-02-08 16:46:20 - [TEST_STEP][PASSED] - orPath_Summary = "Object Repository/RAD_Pages/Summary_Page": null

2023-02-08 16:46:20 - [TEST_STEP][PASSED] - orPath_PaymentReady = "Object Repository/RAD_Pages/PaymentReady_Page": null

2023-02-08 16:46:20 - [TEST_STEP][PASSED] - orPath_PaymentEntry = "Object Repository/RAD_Pages/PaymentEntry_Page": null

2023-02-08 16:46:20 - [TEST_STEP][PASSED] - orPath_PaymentConfirmation = "Object Repository/RAD_Pages/PaymentConfirmation_Page": null

2023-02-08 16:46:20 - [TEST_STEP][PASSED] - orPath_ServiceFeesAccept = "Object Repository/RAD_Pages/ServiceFeeAccept_Page": null

2023-02-08 16:46:20 - [TEST_STEP][PASSED] - selectOptionByLabel(findTestObject(orPath_Landing + "/dd_TaxType"), Taxtype, false): All options with label 'Existing Liability' are selected in object 'Object Repository/RAD_Pages/Landing_Page/dd_TaxType' 

2023-02-08 16:46:21 - [MESSAGE][PASSED] - All options with label 'Existing Liability' are selected in object 'Object Repository/RAD_Pages/Landing_Page/dd_TaxType' 

2023-02-08 16:46:21 - [TEST_STEP][PASSED] - delay(1): Delayed 1 second(s)

2023-02-08 16:46:22 - [MESSAGE][PASSED] - Delayed 1 second(s)

2023-02-08 16:46:22 - [TEST_STEP][PASSED] - selectOptionByLabel(findTestObject(orPath_TaxTypeFilingYear + "/select_TaxType_ExistingLiability"), TaxTypeEL, false): All options with label 'Alcohol Tax' are selected in object 'Object Repository/RAD_Pages/TaxTypeFilingYear_Page/select_TaxType_ExistingLiability' 

2023-02-08 16:46:23 - [MESSAGE][PASSED] - All options with label 'Alcohol Tax' are selected in object 'Object Repository/RAD_Pages/TaxTypeFilingYear_Page/select_TaxType_ExistingLiability' 

2023-02-08 16:46:23 - [TEST_STEP][PASSED] - setText(findTestObject(orPath_TaxInfo + "/input_NoticeInvoiceNumber"), notInvNumber): Text '12345678901' is set on object 'Object Repository/RAD_Pages/TaxInfo_Page/input_NoticeInvoiceNumber'

2023-02-08 16:46:24 - [MESSAGE][PASSED] - Text '12345678901' is set on object 'Object Repository/RAD_Pages/TaxInfo_Page/input_NoticeInvoiceNumber'

2023-02-08 16:46:24 - [TEST_STEP][PASSED] - setText(findTestObject(orPath_TaxInfo + "/input_reTypeNoticeInvoiceNumber"), notInvNumber): Text '12345678901' is set on object 'Object Repository/RAD_Pages/TaxInfo_Page/input_reTypeNoticeInvoiceNumber'

2023-02-08 16:46:25 - [MESSAGE][PASSED] - Text '12345678901' is set on object 'Object Repository/RAD_Pages/TaxInfo_Page/input_reTypeNoticeInvoiceNumber'

2023-02-08 16:46:25 - [TEST_STEP][PASSED] - println(notInvNumber): null

2023-02-08 16:46:25 - [TEST_STEP][PASSED] - if (verifyTextPresent(errorMsg, true)): null

2023-02-08 16:46:26 - [MESSAGE][PASSED] - Text 'Invoice number length has to be 10 or 13 numeric characters' is present on page  using regular expression

2023-02-08 16:46:26 - [TEST_STEP][PASSED] - println("Error Message is present on the page"): null

2023-02-08 16:46:26 - [TEST_STEP][PASSED] - out.println("Pass Record Number: " + row): null

2023-02-08 16:46:26 - [TEST_STEP][PASSED] - resText = "Pass": null

2023-02-08 16:46:26 - [TEST_STEP][PASSED] - pages.WriteExcel.demoKey(resText, datText, resColumn, datCloumn, fileLoc, nameSheet, row): pages.WriteExcel.demoKey is PASSED

2023-02-08 16:46:26 - [MESSAGE][PASSED] - pages.WriteExcel.demoKey is PASSED

2023-02-08 16:46:26 - [TEST_STEP][PASSED] - ExecuteTC = findTestData(dataFile).getValue("Execute", row): null

2023-02-08 16:46:26 - [TEST_STEP][PASSED] - Taxtype = findTestData(dataFile).getValue("TaxType", row): null

2023-02-08 16:46:26 - [TEST_STEP][PASSED] - TaxTypeEL = findTestData(dataFile).getValue("TaxTypeEL", row): null

2023-02-08 16:46:26 - [TEST_STEP][PASSED] - notInvNumber = findTestData(dataFile).getValue("NotiInvoNumber", row): null

2023-02-08 16:46:26 - [TEST_STEP][PASSED] - errorMsg = findTestData(dataFile).getValue("ErrorMessage", row): null

2023-02-08 16:46:26 - [TEST_STEP][PASSED] - out.println("Value of Execute is : " + ExecuteTC): null

2023-02-08 16:46:26 - [TEST_STEP][PASSED] - if (ExecuteTC.equalsIgnoreCase("Y")): null

2023-02-08 16:46:26 - [TEST_STEP][PASSED] - out.println("Begin Record Number: " + row): null

2023-02-08 16:46:26 - [TEST_STEP][PASSED] - today = new java.util.Date(): null

2023-02-08 16:46:26 - [TEST_STEP][PASSED] - println(today): null

2023-02-08 16:46:26 - [TEST_STEP][PASSED] - datText = today: null

2023-02-08 16:46:26 - [TEST_STEP][PASSED] - Taxtype = findTestData(dataFile).getValue("TaxType", row): null

2023-02-08 16:46:26 - [TEST_STEP][PASSED] - out.println("Taxtype value is : " + Taxtype): null

2023-02-08 16:46:26 - [TEST_STEP][PASSED] - openBrowser(""): Browser is opened with url: ''

2023-02-08 16:46:26 - [MESSAGE][WARNING] - A browser is already opened. Closing browser and opening a new one

2023-02-08 16:46:27 - [MESSAGE][INFO] - Starting 'Chrome' driver

2023-02-08 16:46:27 - [MESSAGE][INFO] - User set preference: ['acceptInsecureCerts', 'true']

2023-02-08 16:46:27 - [MESSAGE][INFO] - Action delay is set to 0 milliseconds

2023-02-08 16:46:28 - [MESSAGE][PASSED] - Browser is opened with url: ''

2023-02-08 16:46:28 - [TEST_STEP][PASSED] - maximizeWindow(): Current window maximized

2023-02-08 16:46:28 - [MESSAGE][PASSED] - Current window maximized

2023-02-08 16:46:28 - [TEST_STEP][PASSED] - navigateToUrl(RADurl): Navigate to 'https://qa.velocitypayment.com/client/rad/index.html' successfully

2023-02-08 16:46:30 - [MESSAGE][PASSED] - Navigate to 'https://qa.velocitypayment.com/client/rad/index.html' successfully

2023-02-08 16:46:30 - [TEST_STEP][PASSED] - orPath_Landing = "Object Repository/RAD_Pages/Landing_Page": null

2023-02-08 16:46:30 - [TEST_STEP][PASSED] - orPath_TaxTypeFilingYear = "Object Repository/RAD_Pages/TaxTypeFilingYear_Page": null

2023-02-08 16:46:30 - [TEST_STEP][PASSED] - orPath_TaxPayer = "Object Repository/RAD_Pages/Taxpayer_Page": null

2023-02-08 16:46:30 - [TEST_STEP][PASSED] - orPath_AddressContact = "Object Repository/RAD_Pages/AddressAndContactInfo_Page": null

2023-02-08 16:46:30 - [TEST_STEP][PASSED] - orPath_FilingStatus = "Object Repository/RAD_Pages/FilingStatus_Page": null

2023-02-08 16:46:30 - [TEST_STEP][PASSED] - orPath_Amount = "Object Repository/RAD_Pages/PaymentAmount_Page": null

2023-02-08 16:46:30 - [TEST_STEP][PASSED] - orPath_TaxInfo = "Object Repository/RAD_Pages/TaxInfo_Page": null

2023-02-08 16:46:30 - [TEST_STEP][PASSED] - orPath_Withholding = "Object Repository/RAD_Pages/Withholding_Page": null

2023-02-08 16:46:30 - [TEST_STEP][PASSED] - orPath_Summary = "Object Repository/RAD_Pages/Summary_Page": null

2023-02-08 16:46:30 - [TEST_STEP][PASSED] - orPath_PaymentReady = "Object Repository/RAD_Pages/PaymentReady_Page": null

2023-02-08 16:46:30 - [TEST_STEP][PASSED] - orPath_PaymentEntry = "Object Repository/RAD_Pages/PaymentEntry_Page": null

2023-02-08 16:46:30 - [TEST_STEP][PASSED] - orPath_PaymentConfirmation = "Object Repository/RAD_Pages/PaymentConfirmation_Page": null

2023-02-08 16:46:30 - [TEST_STEP][PASSED] - orPath_ServiceFeesAccept = "Object Repository/RAD_Pages/ServiceFeeAccept_Page": null

2023-02-08 16:46:30 - [TEST_STEP][PASSED] - selectOptionByLabel(findTestObject(orPath_Landing + "/dd_TaxType"), Taxtype, false): All options with label 'Existing Liability' are selected in object 'Object Repository/RAD_Pages/Landing_Page/dd_TaxType' 

2023-02-08 16:46:31 - [MESSAGE][PASSED] - All options with label 'Existing Liability' are selected in object 'Object Repository/RAD_Pages/Landing_Page/dd_TaxType' 

2023-02-08 16:46:31 - [TEST_STEP][PASSED] - delay(1): Delayed 1 second(s)

2023-02-08 16:46:32 - [MESSAGE][PASSED] - Delayed 1 second(s)

2023-02-08 16:46:32 - [TEST_STEP][PASSED] - selectOptionByLabel(findTestObject(orPath_TaxTypeFilingYear + "/select_TaxType_ExistingLiability"), TaxTypeEL, false): All options with label 'Alcohol Tax' are selected in object 'Object Repository/RAD_Pages/TaxTypeFilingYear_Page/select_TaxType_ExistingLiability' 

2023-02-08 16:46:33 - [MESSAGE][PASSED] - All options with label 'Alcohol Tax' are selected in object 'Object Repository/RAD_Pages/TaxTypeFilingYear_Page/select_TaxType_ExistingLiability' 

2023-02-08 16:46:33 - [TEST_STEP][PASSED] - setText(findTestObject(orPath_TaxInfo + "/input_NoticeInvoiceNumber"), notInvNumber): Text '123456789012' is set on object 'Object Repository/RAD_Pages/TaxInfo_Page/input_NoticeInvoiceNumber'

2023-02-08 16:46:34 - [MESSAGE][PASSED] - Text '123456789012' is set on object 'Object Repository/RAD_Pages/TaxInfo_Page/input_NoticeInvoiceNumber'

2023-02-08 16:46:34 - [TEST_STEP][PASSED] - setText(findTestObject(orPath_TaxInfo + "/input_reTypeNoticeInvoiceNumber"), notInvNumber): Text '123456789012' is set on object 'Object Repository/RAD_Pages/TaxInfo_Page/input_reTypeNoticeInvoiceNumber'

2023-02-08 16:46:34 - [MESSAGE][PASSED] - Text '123456789012' is set on object 'Object Repository/RAD_Pages/TaxInfo_Page/input_reTypeNoticeInvoiceNumber'

2023-02-08 16:46:34 - [TEST_STEP][PASSED] - println(notInvNumber): null

2023-02-08 16:46:34 - [TEST_STEP][PASSED] - if (verifyTextPresent(errorMsg, true)): null

2023-02-08 16:46:35 - [MESSAGE][PASSED] - Text 'Invoice number length has to be 10 or 13 numeric characters' is present on page  using regular expression

2023-02-08 16:46:35 - [TEST_STEP][PASSED] - println("Error Message is present on the page"): null

2023-02-08 16:46:35 - [TEST_STEP][PASSED] - out.println("Pass Record Number: " + row): null

2023-02-08 16:46:35 - [TEST_STEP][PASSED] - resText = "Pass": null

2023-02-08 16:46:35 - [TEST_STEP][PASSED] - pages.WriteExcel.demoKey(resText, datText, resColumn, datCloumn, fileLoc, nameSheet, row): pages.WriteExcel.demoKey is PASSED

2023-02-08 16:46:35 - [MESSAGE][PASSED] - pages.WriteExcel.demoKey is PASSED]]></system-out>
         <system-err><![CDATA[]]></system-err>
      </testcase>
      <testcase name="Test Cases/RAD_TestCases/PaymentsHardCoded/Payments_HC_TC" time="1059.535" classname="Test Cases/RAD_TestCases/PaymentsHardCoded/Payments_HC_TC" status="PASSED">
         <system-out><![CDATA[2023-02-08 16:46:35 - [TEST_CASE][PASSED] - Test Cases/RAD_TestCases/PaymentsHardCoded/Payments_HC_TC: Test Cases/RAD_TestCases/PaymentsHardCoded/Payments_HC_TC

2023-02-08 16:46:36 - [TEST_STEP][PASSED] - resText = "Fail": null

2023-02-08 16:46:36 - [TEST_STEP][PASSED] - resColumn = "Result": null

2023-02-08 16:46:36 - [TEST_STEP][PASSED] - datCloumn = "Date": null

2023-02-08 16:46:36 - [TEST_STEP][PASSED] - fileLoc = "KatalonData/RADTestData/PaymentsHardCoded.xlsx": null

2023-02-08 16:46:36 - [TEST_STEP][PASSED] - nameSheet = "Sheet1": null

2023-02-08 16:46:36 - [TEST_STEP][PASSED] - dataFile = "RADTestData/PaymentsHardCoded": null

2023-02-08 16:46:36 - [TEST_STEP][PASSED] - ExecuteTC = <not implemented yet for class: org.codehaus.groovy.ast.expr.EmptyExpression>: null

2023-02-08 16:46:36 - [TEST_STEP][PASSED] - Taxtype = <not implemented yet for class: org.codehaus.groovy.ast.expr.EmptyExpression>: null

2023-02-08 16:46:36 - [TEST_STEP][PASSED] - PaymentType = <not implemented yet for class: org.codehaus.groovy.ast.expr.EmptyExpression>: null

2023-02-08 16:46:36 - [TEST_STEP][PASSED] - FilingYear = <not implemented yet for class: org.codehaus.groovy.ast.expr.EmptyExpression>: null

2023-02-08 16:46:36 - [TEST_STEP][PASSED] - PeriodEnding = <not implemented yet for class: org.codehaus.groovy.ast.expr.EmptyExpression>: null

2023-02-08 16:46:36 - [TEST_STEP][PASSED] - FName = <not implemented yet for class: org.codehaus.groovy.ast.expr.EmptyExpression>: null

2023-02-08 16:46:36 - [TEST_STEP][PASSED] - LName = <not implemented yet for class: org.codehaus.groovy.ast.expr.EmptyExpression>: null

2023-02-08 16:46:36 - [TEST_STEP][PASSED] - SSN = <not implemented yet for class: org.codehaus.groovy.ast.expr.EmptyExpression>: null

2023-02-08 16:46:36 - [TEST_STEP][PASSED] - AL1 = <not implemented yet for class: org.codehaus.groovy.ast.expr.EmptyExpression>: null

2023-02-08 16:46:36 - [TEST_STEP][PASSED] - City = <not implemented yet for class: org.codehaus.groovy.ast.expr.EmptyExpression>: null

2023-02-08 16:46:36 - [TEST_STEP][PASSED] - ZIP = <not implemented yet for class: org.codehaus.groovy.ast.expr.EmptyExpression>: null

2023-02-08 16:46:36 - [TEST_STEP][PASSED] - FilingType = <not implemented yet for class: org.codehaus.groovy.ast.expr.EmptyExpression>: null

2023-02-08 16:46:36 - [TEST_STEP][PASSED] - Withholding = <not implemented yet for class: org.codehaus.groovy.ast.expr.EmptyExpression>: null

2023-02-08 16:46:36 - [TEST_STEP][PASSED] - Amount = <not implemented yet for class: org.codehaus.groovy.ast.expr.EmptyExpression>: null

2023-02-08 16:46:36 - [TEST_STEP][PASSED] - CCNumber = <not implemented yet for class: org.codehaus.groovy.ast.expr.EmptyExpression>: null

2023-02-08 16:46:36 - [TEST_STEP][PASSED] - CVV = <not implemented yet for class: org.codehaus.groovy.ast.expr.EmptyExpression>: null

2023-02-08 16:46:36 - [TEST_STEP][PASSED] - numOfRows = findTestData(dataFile).getRowNumbers(): null

2023-02-08 16:46:36 - [TEST_STEP][PASSED] - println("Number of Records: " + numOfRows): null

2023-02-08 16:46:36 - [TEST_STEP][PASSED] - for ([row = 1, row <= numOfRows, (row++)]): null

2023-02-08 16:46:36 - [TEST_STEP][PASSED] - ExecuteTC = findTestData(dataFile).getValue("Execute", row): null

2023-02-08 16:46:36 - [TEST_STEP][PASSED] - PaymentType = findTestData(dataFile).getValue("PaymentType", row): null

2023-02-08 16:46:36 - [TEST_STEP][PASSED] - FilingYear = findTestData(dataFile).getValue("FilingYear", row): null

2023-02-08 16:46:36 - [TEST_STEP][PASSED] - PeriodEnding = findTestData(dataFile).getValue("PeriodEnding", row): null

2023-02-08 16:46:36 - [TEST_STEP][PASSED] - FName = findTestData(dataFile).getValue("Fname", row): null

2023-02-08 16:46:36 - [TEST_STEP][PASSED] - LName = findTestData(dataFile).getValue("Lname", row): null

2023-02-08 16:46:36 - [TEST_STEP][PASSED] - SSN = findTestData(dataFile).getValue("SSN", row): null

2023-02-08 16:46:36 - [TEST_STEP][PASSED] - BusName = findTestData(dataFile).getValue("BusName", row): null

2023-02-08 16:46:36 - [TEST_STEP][PASSED] - AL1 = findTestData(dataFile).getValue("AL1", row): null

2023-02-08 16:46:36 - [TEST_STEP][PASSED] - City = findTestData(dataFile).getValue("City", row): null

2023-02-08 16:46:36 - [TEST_STEP][PASSED] - ZIP = findTestData(dataFile).getValue("ZIP", row): null

2023-02-08 16:46:36 - [TEST_STEP][PASSED] - FilingType = findTestData(dataFile).getValue("FilingType", row): null

2023-02-08 16:46:36 - [TEST_STEP][PASSED] - Withholding = findTestData(dataFile).getValue("Withholding", row): null

2023-02-08 16:46:36 - [TEST_STEP][PASSED] - Amount = findTestData(dataFile).getValue("Amount", row): null

2023-02-08 16:46:36 - [TEST_STEP][PASSED] - CCNumber = findTestData(dataFile).getValue("CCNumber", row): null

2023-02-08 16:46:36 - [TEST_STEP][PASSED] - CVV = findTestData(dataFile).getValue("CVV", row): null

2023-02-08 16:46:36 - [TEST_STEP][PASSED] - out.println("Value of Execute is : " + ExecuteTC): null

2023-02-08 16:46:36 - [TEST_STEP][PASSED] - if (ExecuteTC.equalsIgnoreCase("Y")): null

2023-02-08 16:46:36 - [TEST_STEP][PASSED] - out.println("Begin Record Number: " + row): null

2023-02-08 16:46:36 - [TEST_STEP][PASSED] - today = new java.util.Date(): null

2023-02-08 16:46:36 - [TEST_STEP][PASSED] - println(today): null

2023-02-08 16:46:36 - [TEST_STEP][PASSED] - datText = today: null

2023-02-08 16:46:36 - [TEST_STEP][PASSED] - Taxtype = findTestData(dataFile).getValue("TaxType", row): null

2023-02-08 16:46:36 - [TEST_STEP][PASSED] - out.println("Taxtype value is : " + Taxtype): null

2023-02-08 16:46:36 - [TEST_STEP][PASSED] - openBrowser(""): Browser is opened with url: ''

2023-02-08 16:46:36 - [MESSAGE][WARNING] - A browser is already opened. Closing browser and opening a new one

2023-02-08 16:46:37 - [MESSAGE][INFO] - Starting 'Chrome' driver

2023-02-08 16:46:37 - [MESSAGE][INFO] - User set preference: ['acceptInsecureCerts', 'true']

2023-02-08 16:46:37 - [MESSAGE][INFO] - Action delay is set to 0 milliseconds

2023-02-08 16:46:39 - [MESSAGE][PASSED] - Browser is opened with url: ''

2023-02-08 16:46:39 - [TEST_STEP][PASSED] - maximizeWindow(): Current window maximized

2023-02-08 16:46:39 - [MESSAGE][PASSED] - Current window maximized

2023-02-08 16:46:39 - [TEST_STEP][PASSED] - navigateToUrl(RADurl): Navigate to 'https://qa.velocitypayment.com/client/rad/index.html' successfully

2023-02-08 16:46:41 - [MESSAGE][PASSED] - Navigate to 'https://qa.velocitypayment.com/client/rad/index.html' successfully

2023-02-08 16:46:41 - [TEST_STEP][PASSED] - orPath_Landing = "Object Repository/RAD_Pages/Landing_Page": null

2023-02-08 16:46:41 - [TEST_STEP][PASSED] - orPath_TaxTypeFilingYear = "Object Repository/RAD_Pages/TaxTypeFilingYear_Page": null

2023-02-08 16:46:41 - [TEST_STEP][PASSED] - orPath_TaxPayer = "Object Repository/RAD_Pages/Taxpayer_Page": null

2023-02-08 16:46:41 - [TEST_STEP][PASSED] - orPath_AddressContact = "Object Repository/RAD_Pages/AddressAndContactInfo_Page": null

2023-02-08 16:46:41 - [TEST_STEP][PASSED] - orPath_FilingStatus = "Object Repository/RAD_Pages/FilingStatus_Page": null

2023-02-08 16:46:41 - [TEST_STEP][PASSED] - orPath_Amount = "Object Repository/RAD_Pages/PaymentAmount_Page": null

2023-02-08 16:46:41 - [TEST_STEP][PASSED] - orPath_TaxInfo = "Object Repository/RAD_Pages/TaxInfo_Page": null

2023-02-08 16:46:41 - [TEST_STEP][PASSED] - orPath_Withholding = "Object Repository/RAD_Pages/Withholding_Page": null

2023-02-08 16:46:41 - [TEST_STEP][PASSED] - orPath_Summary = "Object Repository/RAD_Pages/Summary_Page": null

2023-02-08 16:46:41 - [TEST_STEP][PASSED] - orPath_PaymentReady = "Object Repository/RAD_Pages/PaymentReady_Page": null

2023-02-08 16:46:41 - [TEST_STEP][PASSED] - orPath_PaymentEntry = "Object Repository/RAD_Pages/PaymentEntry_Page": null

2023-02-08 16:46:41 - [TEST_STEP][PASSED] - orPath_PaymentConfirmation = "Object Repository/RAD_Pages/PaymentConfirmation_Page": null

2023-02-08 16:46:41 - [TEST_STEP][PASSED] - orPath_ServiceFeesAccept = "Object Repository/RAD_Pages/ServiceFeeAccept_Page": null

2023-02-08 16:46:41 - [TEST_STEP][PASSED] - selectOptionByLabel(findTestObject(orPath_Landing + "/dd_TaxType"), Taxtype, false): All options with label 'Estimated Tax' are selected in object 'Object Repository/RAD_Pages/Landing_Page/dd_TaxType' 

2023-02-08 16:46:41 - [MESSAGE][PASSED] - All options with label 'Estimated Tax' are selected in object 'Object Repository/RAD_Pages/Landing_Page/dd_TaxType' 

2023-02-08 16:46:41 - [TEST_STEP][PASSED] - delay(3): Delayed 3 second(s)

2023-02-08 16:46:44 - [MESSAGE][PASSED] - Delayed 3 second(s)

2023-02-08 16:46:44 - [TEST_STEP][PASSED] - switch (Taxtype): null

2023-02-08 16:46:44 - [TEST_STEP][PASSED] - case "Estimated Tax":: null

2023-02-08 16:46:44 - [TEST_STEP][PASSED] - selectOptionByLabel(findTestObject(orPath_TaxTypeFilingYear + "/select_PaymentType"), PaymentType, false): All options with label 'Personal' are selected in object 'Object Repository/RAD_Pages/TaxTypeFilingYear_Page/select_PaymentType' 

2023-02-08 16:46:45 - [MESSAGE][PASSED] - All options with label 'Personal' are selected in object 'Object Repository/RAD_Pages/TaxTypeFilingYear_Page/select_PaymentType' 

2023-02-08 16:46:45 - [TEST_STEP][PASSED] - selectOptionByLabel(findTestObject(orPath_TaxTypeFilingYear + "/select_FilingYear"), FilingYear, false): All options with label '2023' are selected in object 'Object Repository/RAD_Pages/TaxTypeFilingYear_Page/select_FilingYear' 

2023-02-08 16:46:46 - [MESSAGE][PASSED] - All options with label '2023' are selected in object 'Object Repository/RAD_Pages/TaxTypeFilingYear_Page/select_FilingYear' 

2023-02-08 16:46:46 - [TEST_STEP][PASSED] - if (PaymentType.equalsIgnoreCase("Personal")): Object 'Object Repository/RAD_Pages/FilingStatus_Page/input_userType_Individual' is checked

2023-02-08 16:46:46 - [TEST_STEP][PASSED] - if (FilingType.equalsIgnoreCase("Y")): Object 'Object Repository/RAD_Pages/FilingStatus_Page/input_userType_Individual' is checked

2023-02-08 16:46:46 - [TEST_STEP][PASSED] - setText(findTestObject(orPath_TaxPayer + "/input_firstName"), FName): Text 'Jimmie' is set on object 'Object Repository/RAD_Pages/Taxpayer_Page/input_firstName'

2023-02-08 16:46:47 - [MESSAGE][PASSED] - Text 'Jimmie' is set on object 'Object Repository/RAD_Pages/Taxpayer_Page/input_firstName'

2023-02-08 16:46:47 - [TEST_STEP][PASSED] - setText(findTestObject(orPath_TaxPayer + "/input_lastName"), LName): Text 'Anderson' is set on object 'Object Repository/RAD_Pages/Taxpayer_Page/input_lastName'

2023-02-08 16:46:48 - [MESSAGE][PASSED] - Text 'Anderson' is set on object 'Object Repository/RAD_Pages/Taxpayer_Page/input_lastName'

2023-02-08 16:46:48 - [TEST_STEP][PASSED] - setText(findTestObject("RAD_RecordAndPlay/input_concatSSN"), SSN): Text '123451234' is set on object 'Object Repository/RAD_RecordAndPlay/input_concatSSN'

2023-02-08 16:46:48 - [MESSAGE][PASSED] - Text '123451234' is set on object 'Object Repository/RAD_RecordAndPlay/input_concatSSN'

2023-02-08 16:46:48 - [TEST_STEP][PASSED] - setText(findTestObject("RAD_RecordAndPlay/input_concatReSSN"), SSN): Text '123451234' is set on object 'Object Repository/RAD_RecordAndPlay/input_concatReSSN'

2023-02-08 16:46:49 - [MESSAGE][PASSED] - Text '123451234' is set on object 'Object Repository/RAD_RecordAndPlay/input_concatReSSN'

2023-02-08 16:46:49 - [TEST_STEP][PASSED] - check(findTestObject(orPath_FilingStatus + "/input_userType_Individual")): Object 'Object Repository/RAD_Pages/FilingStatus_Page/input_userType_Individual' is checked

2023-02-08 16:46:50 - [MESSAGE][PASSED] - Object 'Object Repository/RAD_Pages/FilingStatus_Page/input_userType_Individual' is checked

2023-02-08 16:46:50 - [TEST_STEP][PASSED] - break: null

2023-02-08 16:46:50 - [TEST_STEP][PASSED] - if (PaymentType.equalsIgnoreCase("Personal")): Text 'Anderson' is set on object 'Object Repository/RAD_Pages/Taxpayer_Page/input_lastName'

2023-02-08 16:46:50 - [TEST_STEP][PASSED] - setText(findTestObject(orPath_TaxPayer + "/input_firstName"), FName): Text 'Jimmie' is set on object 'Object Repository/RAD_Pages/Taxpayer_Page/input_firstName'

2023-02-08 16:46:50 - [MESSAGE][PASSED] - Text 'Jimmie' is set on object 'Object Repository/RAD_Pages/Taxpayer_Page/input_firstName'

2023-02-08 16:46:50 - [TEST_STEP][PASSED] - setText(findTestObject(orPath_TaxPayer + "/input_lastName"), LName): Text 'Anderson' is set on object 'Object Repository/RAD_Pages/Taxpayer_Page/input_lastName'

2023-02-08 16:46:52 - [MESSAGE][PASSED] - Text 'Anderson' is set on object 'Object Repository/RAD_Pages/Taxpayer_Page/input_lastName'

2023-02-08 16:46:52 - [TEST_STEP][PASSED] - selectOptionByLabel(findTestObject(orPath_AddressContact + "/select_Country"), "United States", false): All options with label 'United States' are selected in object 'Object Repository/RAD_Pages/AddressAndContactInfo_Page/select_Country' 

2023-02-08 16:46:52 - [MESSAGE][PASSED] - All options with label 'United States' are selected in object 'Object Repository/RAD_Pages/AddressAndContactInfo_Page/select_Country' 

2023-02-08 16:46:52 - [TEST_STEP][PASSED] - setText(findTestObject(orPath_AddressContact + "/input_streetAddress1"), AL1): Text '15 Main Street' is set on object 'Object Repository/RAD_Pages/AddressAndContactInfo_Page/input_streetAddress1'

2023-02-08 16:46:53 - [MESSAGE][PASSED] - Text '15 Main Street' is set on object 'Object Repository/RAD_Pages/AddressAndContactInfo_Page/input_streetAddress1'

2023-02-08 16:46:53 - [TEST_STEP][PASSED] - setText(findTestObject(orPath_AddressContact + "/input_streetAddress2"), ""): Text '' is set on object 'Object Repository/RAD_Pages/AddressAndContactInfo_Page/input_streetAddress2'

2023-02-08 16:46:54 - [MESSAGE][PASSED] - Text '' is set on object 'Object Repository/RAD_Pages/AddressAndContactInfo_Page/input_streetAddress2'

2023-02-08 16:46:54 - [TEST_STEP][PASSED] - setText(findTestObject(orPath_AddressContact + "/input_city"), City): Text 'Gambrills' is set on object 'Object Repository/RAD_Pages/AddressAndContactInfo_Page/input_city'

2023-02-08 16:46:55 - [MESSAGE][PASSED] - Text 'Gambrills' is set on object 'Object Repository/RAD_Pages/AddressAndContactInfo_Page/input_city'

2023-02-08 16:46:55 - [TEST_STEP][PASSED] - selectOptionByLabel(findTestObject(orPath_AddressContact + "/select_State"), "Maryland", false): All options with label 'Maryland' are selected in object 'Object Repository/RAD_Pages/AddressAndContactInfo_Page/select_State' 

2023-02-08 16:46:56 - [MESSAGE][PASSED] - All options with label 'Maryland' are selected in object 'Object Repository/RAD_Pages/AddressAndContactInfo_Page/select_State' 

2023-02-08 16:46:56 - [TEST_STEP][PASSED] - setText(findTestObject(orPath_AddressContact + "/input_zipCode"), ZIP): Text '21054' is set on object 'Object Repository/RAD_Pages/AddressAndContactInfo_Page/input_zipCode'

2023-02-08 16:46:57 - [MESSAGE][PASSED] - Text '21054' is set on object 'Object Repository/RAD_Pages/AddressAndContactInfo_Page/input_zipCode'

2023-02-08 16:46:57 - [TEST_STEP][PASSED] - setText(findTestObject(orPath_AddressContact + "/input_phoneNumber"), "(703) 894-5000"): Text '(703) 894-5000' is set on object 'Object Repository/RAD_Pages/AddressAndContactInfo_Page/input_phoneNumber'

2023-02-08 16:46:58 - [MESSAGE][PASSED] - Text '(703) 894-5000' is set on object 'Object Repository/RAD_Pages/AddressAndContactInfo_Page/input_phoneNumber'

2023-02-08 16:46:58 - [TEST_STEP][PASSED] - setText(findTestObject(orPath_AddressContact + "/input_eMailAddress"), "iahmed@govolution.com"): Text 'iahmed@govolution.com' is set on object 'Object Repository/RAD_Pages/AddressAndContactInfo_Page/input_eMailAddress'

2023-02-08 16:46:59 - [MESSAGE][PASSED] - Text 'iahmed@govolution.com' is set on object 'Object Repository/RAD_Pages/AddressAndContactInfo_Page/input_eMailAddress'

2023-02-08 16:46:59 - [TEST_STEP][PASSED] - setText(findTestObject(orPath_AddressContact + "/input_reEnterEMailAddress"), "iahmed@govolution.com"): Text 'iahmed@govolution.com' is set on object 'Object Repository/RAD_Pages/AddressAndContactInfo_Page/input_reEnterEMailAddress'

2023-02-08 16:47:00 - [MESSAGE][PASSED] - Text 'iahmed@govolution.com' is set on object 'Object Repository/RAD_Pages/AddressAndContactInfo_Page/input_reEnterEMailAddress'

2023-02-08 16:47:00 - [TEST_STEP][PASSED] - setText(findTestObject(orPath_Amount + "/input__paymentAmount"), Amount): Text '100.00' is set on object 'Object Repository/RAD_Pages/PaymentAmount_Page/input__paymentAmount'

2023-02-08 16:47:01 - [MESSAGE][PASSED] - Text '100.00' is set on object 'Object Repository/RAD_Pages/PaymentAmount_Page/input__paymentAmount'

2023-02-08 16:47:01 - [TEST_STEP][PASSED] - scrollToElement(findTestObject(orPath_Landing + "/button_Continue"), 3): Scroll to object 'Object Repository/RAD_Pages/Landing_Page/button_Continue' successfully

2023-02-08 16:47:01 - [MESSAGE][PASSED] - Scroll to object 'Object Repository/RAD_Pages/Landing_Page/button_Continue' successfully

2023-02-08 16:47:01 - [TEST_STEP][PASSED] - waitForElementClickable(findTestObject(orPath_Landing + "/button_Continue"), 5): Object 'Object Repository/RAD_Pages/Landing_Page/button_Continue' is clickable

2023-02-08 16:47:02 - [MESSAGE][PASSED] - Object 'Object Repository/RAD_Pages/Landing_Page/button_Continue' is clickable

2023-02-08 16:47:02 - [TEST_STEP][PASSED] - click(findTestObject(orPath_Landing + "/button_Continue")): Object: 'Object Repository/RAD_Pages/Landing_Page/button_Continue' is clicked on

2023-02-08 16:47:02 - [MESSAGE][PASSED] - Object: 'Object Repository/RAD_Pages/Landing_Page/button_Continue' is clicked on

2023-02-08 16:47:02 - [TEST_STEP][PASSED] - verifyTextPresent("Review the information below and make any necessary corrections by clicking the", true): Text 'Review the information below and make any necessary corrections by clicking the' is present on page  using regular expression

2023-02-08 16:47:03 - [MESSAGE][PASSED] - Text 'Review the information below and make any necessary corrections by clicking the' is present on page  using regular expression

2023-02-08 16:47:03 - [TEST_STEP][PASSED] - verifyTextPresent("When you are confident that all the information is correct", true): Text 'When you are confident that all the information is correct' is present on page  using regular expression

2023-02-08 16:47:03 - [MESSAGE][PASSED] - Text 'When you are confident that all the information is correct' is present on page  using regular expression

2023-02-08 16:47:03 - [TEST_STEP][PASSED] - delay(1): Delayed 1 second(s)

2023-02-08 16:47:04 - [MESSAGE][PASSED] - Delayed 1 second(s)

2023-02-08 16:47:04 - [TEST_STEP][PASSED] - click(findTestObject(orPath_Summary + "/button_Proceed to Payment")): Object: 'Object Repository/RAD_Pages/Summary_Page/button_Proceed to Payment' is clicked on

2023-02-08 16:47:06 - [MESSAGE][PASSED] - Object: 'Object Repository/RAD_Pages/Summary_Page/button_Proceed to Payment' is clicked on

2023-02-08 16:47:06 - [TEST_STEP][PASSED] - if (PaymentType.equalsIgnoreCase("Corporate")): null

2023-02-08 16:47:06 - [TEST_STEP][PASSED] - setText(findTestObject(orPath_PaymentEntry + "/input__cardNumber"), CCNumber): Text '4012000098765439' is set on object 'Object Repository/RAD_Pages/PaymentEntry_Page/input__cardNumber'

2023-02-08 16:47:07 - [MESSAGE][PASSED] - Text '4012000098765439' is set on object 'Object Repository/RAD_Pages/PaymentEntry_Page/input__cardNumber'

2023-02-08 16:47:07 - [TEST_STEP][PASSED] - setText(findTestObject(orPath_PaymentEntry + "/input__spc"), CVV): Text '123' is set on object 'Object Repository/RAD_Pages/PaymentEntry_Page/input__spc'

2023-02-08 16:47:08 - [MESSAGE][PASSED] - Text '123' is set on object 'Object Repository/RAD_Pages/PaymentEntry_Page/input__spc'

2023-02-08 16:47:08 - [TEST_STEP][PASSED] - selectOptionByLabel(findTestObject(orPath_PaymentEntry + "/select_MM"), "12", false): All options with label '12' are selected in object 'Object Repository/RAD_Pages/PaymentEntry_Page/select_MM' 

2023-02-08 16:47:09 - [MESSAGE][PASSED] - All options with label '12' are selected in object 'Object Repository/RAD_Pages/PaymentEntry_Page/select_MM' 

2023-02-08 16:47:09 - [TEST_STEP][PASSED] - selectOptionByLabel(findTestObject(orPath_PaymentEntry + "/select_YYYY"), "2023", false): All options with label '2023' are selected in object 'Object Repository/RAD_Pages/PaymentEntry_Page/select_YYYY' 

2023-02-08 16:47:10 - [MESSAGE][PASSED] - All options with label '2023' are selected in object 'Object Repository/RAD_Pages/PaymentEntry_Page/select_YYYY' 

2023-02-08 16:47:10 - [TEST_STEP][PASSED] - click(findTestObject(orPath_PaymentEntry + "/input_Field_ccSubmit")): Object: 'Object Repository/RAD_Pages/PaymentEntry_Page/input_Field_ccSubmit' is clicked on

2023-02-08 16:47:11 - [MESSAGE][PASSED] - Object: 'Object Repository/RAD_Pages/PaymentEntry_Page/input_Field_ccSubmit' is clicked on

2023-02-08 16:47:11 - [TEST_STEP][PASSED] - click(findTestObject(orPath_PaymentConfirmation + "/input_N_confirmNotifyAction")): Object: 'Object Repository/RAD_Pages/PaymentConfirmation_Page/input_N_confirmNotifyAction' is clicked on

2023-02-08 16:47:12 - [MESSAGE][PASSED] - Object: 'Object Repository/RAD_Pages/PaymentConfirmation_Page/input_N_confirmNotifyAction' is clicked on

2023-02-08 16:47:12 - [TEST_STEP][PASSED] - click(findTestObject(orPath_ServiceFeesAccept + "/input_convFeeNotifyAction")): Object: 'Object Repository/RAD_Pages/ServiceFeeAccept_Page/input_convFeeNotifyAction' is clicked on

2023-02-08 16:47:14 - [MESSAGE][PASSED] - Object: 'Object Repository/RAD_Pages/ServiceFeeAccept_Page/input_convFeeNotifyAction' is clicked on

2023-02-08 16:47:14 - [TEST_STEP][PASSED] - delay(10): Delayed 10 second(s)

2023-02-08 16:47:24 - [MESSAGE][PASSED] - Delayed 10 second(s)

2023-02-08 16:47:24 - [TEST_STEP][PASSED] - verifyTextPresent("Successful Payment Receipt", true): Text 'Successful Payment Receipt' is present on page  using regular expression

2023-02-08 16:47:24 - [MESSAGE][PASSED] - Text 'Successful Payment Receipt' is present on page  using regular expression

2023-02-08 16:47:24 - [TEST_STEP][PASSED] - if (verifyTextPresent("Successful Payment Receipt", true)): null

2023-02-08 16:47:24 - [MESSAGE][PASSED] - Text 'Successful Payment Receipt' is present on page  using regular expression

2023-02-08 16:47:24 - [TEST_STEP][PASSED] - println("Transaction was Successful"): null

2023-02-08 16:47:24 - [TEST_STEP][PASSED] - out.println("Pass Record Number: " + row): null

2023-02-08 16:47:24 - [TEST_STEP][PASSED] - resText = "Pass": null

2023-02-08 16:47:24 - [TEST_STEP][PASSED] - pages.WriteExcel.demoKey(resText, datText, resColumn, datCloumn, fileLoc, nameSheet, row): pages.WriteExcel.demoKey is PASSED

2023-02-08 16:47:25 - [MESSAGE][PASSED] - pages.WriteExcel.demoKey is PASSED

2023-02-08 16:47:25 - [TEST_STEP][PASSED] - ExecuteTC = findTestData(dataFile).getValue("Execute", row): null

2023-02-08 16:47:25 - [TEST_STEP][PASSED] - PaymentType = findTestData(dataFile).getValue("PaymentType", row): null

2023-02-08 16:47:25 - [TEST_STEP][PASSED] - FilingYear = findTestData(dataFile).getValue("FilingYear", row): null

2023-02-08 16:47:25 - [TEST_STEP][PASSED] - PeriodEnding = findTestData(dataFile).getValue("PeriodEnding", row): null

2023-02-08 16:47:25 - [TEST_STEP][PASSED] - FName = findTestData(dataFile).getValue("Fname", row): null

2023-02-08 16:47:25 - [TEST_STEP][PASSED] - LName = findTestData(dataFile).getValue("Lname", row): null

2023-02-08 16:47:25 - [TEST_STEP][PASSED] - SSN = findTestData(dataFile).getValue("SSN", row): null

2023-02-08 16:47:25 - [TEST_STEP][PASSED] - BusName = findTestData(dataFile).getValue("BusName", row): null

2023-02-08 16:47:25 - [TEST_STEP][PASSED] - AL1 = findTestData(dataFile).getValue("AL1", row): null

2023-02-08 16:47:25 - [TEST_STEP][PASSED] - City = findTestData(dataFile).getValue("City", row): null

2023-02-08 16:47:25 - [TEST_STEP][PASSED] - ZIP = findTestData(dataFile).getValue("ZIP", row): null

2023-02-08 16:47:25 - [TEST_STEP][PASSED] - FilingType = findTestData(dataFile).getValue("FilingType", row): null

2023-02-08 16:47:25 - [TEST_STEP][PASSED] - Withholding = findTestData(dataFile).getValue("Withholding", row): null

2023-02-08 16:47:25 - [TEST_STEP][PASSED] - Amount = findTestData(dataFile).getValue("Amount", row): null

2023-02-08 16:47:25 - [TEST_STEP][PASSED] - CCNumber = findTestData(dataFile).getValue("CCNumber", row): null

2023-02-08 16:47:25 - [TEST_STEP][PASSED] - CVV = findTestData(dataFile).getValue("CVV", row): null

2023-02-08 16:47:25 - [TEST_STEP][PASSED] - out.println("Value of Execute is : " + ExecuteTC): null

2023-02-08 16:47:25 - [TEST_STEP][PASSED] - if (ExecuteTC.equalsIgnoreCase("Y")): null

2023-02-08 16:47:25 - [TEST_STEP][PASSED] - out.println("Begin Record Number: " + row): null

2023-02-08 16:47:25 - [TEST_STEP][PASSED] - today = new java.util.Date(): null

2023-02-08 16:47:25 - [TEST_STEP][PASSED] - println(today): null

2023-02-08 16:47:25 - [TEST_STEP][PASSED] - datText = today: null

2023-02-08 16:47:25 - [TEST_STEP][PASSED] - Taxtype = findTestData(dataFile).getValue("TaxType", row): null

2023-02-08 16:47:25 - [TEST_STEP][PASSED] - out.println("Taxtype value is : " + Taxtype): null

2023-02-08 16:47:25 - [TEST_STEP][PASSED] - openBrowser(""): Browser is opened with url: ''

2023-02-08 16:47:25 - [MESSAGE][WARNING] - A browser is already opened. Closing browser and opening a new one

2023-02-08 16:47:26 - [MESSAGE][INFO] - Starting 'Chrome' driver

2023-02-08 16:47:26 - [MESSAGE][INFO] - User set preference: ['acceptInsecureCerts', 'true']

2023-02-08 16:47:26 - [MESSAGE][INFO] - Action delay is set to 0 milliseconds

2023-02-08 16:47:27 - [MESSAGE][PASSED] - Browser is opened with url: ''

2023-02-08 16:47:27 - [TEST_STEP][PASSED] - maximizeWindow(): Current window maximized

2023-02-08 16:47:28 - [MESSAGE][PASSED] - Current window maximized

2023-02-08 16:47:28 - [TEST_STEP][PASSED] - navigateToUrl(RADurl): Navigate to 'https://qa.velocitypayment.com/client/rad/index.html' successfully

2023-02-08 16:47:29 - [MESSAGE][PASSED] - Navigate to 'https://qa.velocitypayment.com/client/rad/index.html' successfully

2023-02-08 16:47:29 - [TEST_STEP][PASSED] - orPath_Landing = "Object Repository/RAD_Pages/Landing_Page": null

2023-02-08 16:47:29 - [TEST_STEP][PASSED] - orPath_TaxTypeFilingYear = "Object Repository/RAD_Pages/TaxTypeFilingYear_Page": null

2023-02-08 16:47:29 - [TEST_STEP][PASSED] - orPath_TaxPayer = "Object Repository/RAD_Pages/Taxpayer_Page": null

2023-02-08 16:47:29 - [TEST_STEP][PASSED] - orPath_AddressContact = "Object Repository/RAD_Pages/AddressAndContactInfo_Page": null

2023-02-08 16:47:29 - [TEST_STEP][PASSED] - orPath_FilingStatus = "Object Repository/RAD_Pages/FilingStatus_Page": null

2023-02-08 16:47:29 - [TEST_STEP][PASSED] - orPath_Amount = "Object Repository/RAD_Pages/PaymentAmount_Page": null

2023-02-08 16:47:29 - [TEST_STEP][PASSED] - orPath_TaxInfo = "Object Repository/RAD_Pages/TaxInfo_Page": null

2023-02-08 16:47:29 - [TEST_STEP][PASSED] - orPath_Withholding = "Object Repository/RAD_Pages/Withholding_Page": null

2023-02-08 16:47:29 - [TEST_STEP][PASSED] - orPath_Summary = "Object Repository/RAD_Pages/Summary_Page": null

2023-02-08 16:47:29 - [TEST_STEP][PASSED] - orPath_PaymentReady = "Object Repository/RAD_Pages/PaymentReady_Page": null

2023-02-08 16:47:29 - [TEST_STEP][PASSED] - orPath_PaymentEntry = "Object Repository/RAD_Pages/PaymentEntry_Page": null

2023-02-08 16:47:29 - [TEST_STEP][PASSED] - orPath_PaymentConfirmation = "Object Repository/RAD_Pages/PaymentConfirmation_Page": null

2023-02-08 16:47:29 - [TEST_STEP][PASSED] - orPath_ServiceFeesAccept = "Object Repository/RAD_Pages/ServiceFeeAccept_Page": null

2023-02-08 16:47:29 - [TEST_STEP][PASSED] - selectOptionByLabel(findTestObject(orPath_Landing + "/dd_TaxType"), Taxtype, false): All options with label 'Estimated Tax' are selected in object 'Object Repository/RAD_Pages/Landing_Page/dd_TaxType' 

2023-02-08 16:47:30 - [MESSAGE][PASSED] - All options with label 'Estimated Tax' are selected in object 'Object Repository/RAD_Pages/Landing_Page/dd_TaxType' 

2023-02-08 16:47:30 - [TEST_STEP][PASSED] - delay(3): Delayed 3 second(s)

2023-02-08 16:47:33 - [MESSAGE][PASSED] - Delayed 3 second(s)

2023-02-08 16:47:33 - [TEST_STEP][PASSED] - switch (Taxtype): null

2023-02-08 16:47:33 - [TEST_STEP][PASSED] - case "Estimated Tax":: null

2023-02-08 16:47:33 - [TEST_STEP][PASSED] - selectOptionByLabel(findTestObject(orPath_TaxTypeFilingYear + "/select_PaymentType"), PaymentType, false): All options with label 'Personal' are selected in object 'Object Repository/RAD_Pages/TaxTypeFilingYear_Page/select_PaymentType' 

2023-02-08 16:47:34 - [MESSAGE][PASSED] - All options with label 'Personal' are selected in object 'Object Repository/RAD_Pages/TaxTypeFilingYear_Page/select_PaymentType' 

2023-02-08 16:47:34 - [TEST_STEP][PASSED] - selectOptionByLabel(findTestObject(orPath_TaxTypeFilingYear + "/select_FilingYear"), FilingYear, false): All options with label '2023' are selected in object 'Object Repository/RAD_Pages/TaxTypeFilingYear_Page/select_FilingYear' 

2023-02-08 16:47:35 - [MESSAGE][PASSED] - All options with label '2023' are selected in object 'Object Repository/RAD_Pages/TaxTypeFilingYear_Page/select_FilingYear' 

2023-02-08 16:47:35 - [TEST_STEP][PASSED] - if (PaymentType.equalsIgnoreCase("Personal")): Text '123443210' is set on object 'Object Repository/RAD_RecordAndPlay/input_reTypeJointFilerSSN'

2023-02-08 16:47:35 - [TEST_STEP][PASSED] - if (FilingType.equalsIgnoreCase("Y")): null

2023-02-08 16:47:35 - [TEST_STEP][PASSED] - else: Text '123443210' is set on object 'Object Repository/RAD_RecordAndPlay/input_reTypeJointFilerSSN'

2023-02-08 16:47:35 - [TEST_STEP][PASSED] - setText(findTestObject("RAD_RecordAndPlay/input_concatSSN"), SSN): Text '123456523' is set on object 'Object Repository/RAD_RecordAndPlay/input_concatSSN'

2023-02-08 16:47:35 - [MESSAGE][PASSED] - Text '123456523' is set on object 'Object Repository/RAD_RecordAndPlay/input_concatSSN'

2023-02-08 16:47:35 - [TEST_STEP][PASSED] - setText(findTestObject("RAD_RecordAndPlay/input_concatReSSN"), SSN): Text '123456523' is set on object 'Object Repository/RAD_RecordAndPlay/input_concatReSSN'

2023-02-08 16:47:36 - [MESSAGE][PASSED] - Text '123456523' is set on object 'Object Repository/RAD_RecordAndPlay/input_concatReSSN'

2023-02-08 16:47:36 - [TEST_STEP][PASSED] - scrollToElement(findTestObject(orPath_Amount + "/input__paymentAmount"), 3): Scroll to object 'Object Repository/RAD_Pages/PaymentAmount_Page/input__paymentAmount' successfully

2023-02-08 16:47:37 - [MESSAGE][PASSED] - Scroll to object 'Object Repository/RAD_Pages/PaymentAmount_Page/input__paymentAmount' successfully

2023-02-08 16:47:37 - [TEST_STEP][PASSED] - waitForElementClickable(findTestObject(orPath_FilingStatus + "/input_userType_Joint"), 5): Object 'Object Repository/RAD_Pages/FilingStatus_Page/input_userType_Joint' is clickable

2023-02-08 16:47:37 - [MESSAGE][PASSED] - Object 'Object Repository/RAD_Pages/FilingStatus_Page/input_userType_Joint' is clickable

2023-02-08 16:47:37 - [TEST_STEP][PASSED] - check(findTestObject(orPath_FilingStatus + "/input_userType_Joint")): Object 'Object Repository/RAD_Pages/FilingStatus_Page/input_userType_Joint' is checked

2023-02-08 16:47:38 - [MESSAGE][PASSED] - Object 'Object Repository/RAD_Pages/FilingStatus_Page/input_userType_Joint' is checked

2023-02-08 16:47:38 - [TEST_STEP][PASSED] - delay(3): Delayed 3 second(s)

2023-02-08 16:47:41 - [MESSAGE][PASSED] - Delayed 3 second(s)

2023-02-08 16:47:41 - [TEST_STEP][PASSED] - setText(findTestObject(orPath_FilingStatus + "/input_jointFirstName"), "Katrina"): Text 'Katrina' is set on object 'Object Repository/RAD_Pages/FilingStatus_Page/input_jointFirstName'

2023-02-08 16:47:41 - [MESSAGE][PASSED] - Text 'Katrina' is set on object 'Object Repository/RAD_Pages/FilingStatus_Page/input_jointFirstName'

2023-02-08 16:47:41 - [TEST_STEP][PASSED] - setText(findTestObject(orPath_FilingStatus + "/input_jointLastName"), "Stokes"): Text 'Stokes' is set on object 'Object Repository/RAD_Pages/FilingStatus_Page/input_jointLastName'

2023-02-08 16:47:42 - [MESSAGE][PASSED] - Text 'Stokes' is set on object 'Object Repository/RAD_Pages/FilingStatus_Page/input_jointLastName'

2023-02-08 16:47:42 - [TEST_STEP][PASSED] - setText(findTestObject("Object Repository/RAD_RecordAndPlay/input_JointFilerSSN"), "123443210"): Text '123443210' is set on object 'Object Repository/RAD_RecordAndPlay/input_JointFilerSSN'

2023-02-08 16:47:43 - [MESSAGE][PASSED] - Text '123443210' is set on object 'Object Repository/RAD_RecordAndPlay/input_JointFilerSSN'

2023-02-08 16:47:43 - [TEST_STEP][PASSED] - setText(findTestObject("Object Repository/RAD_RecordAndPlay/input_reTypeJointFilerSSN"), "123443210"): Text '123443210' is set on object 'Object Repository/RAD_RecordAndPlay/input_reTypeJointFilerSSN'

2023-02-08 16:47:44 - [MESSAGE][PASSED] - Text '123443210' is set on object 'Object Repository/RAD_RecordAndPlay/input_reTypeJointFilerSSN'

2023-02-08 16:47:44 - [TEST_STEP][PASSED] - break: null

2023-02-08 16:47:44 - [TEST_STEP][PASSED] - if (PaymentType.equalsIgnoreCase("Personal")): Text 'Broad' is set on object 'Object Repository/RAD_Pages/Taxpayer_Page/input_lastName'

2023-02-08 16:47:44 - [TEST_STEP][PASSED] - setText(findTestObject(orPath_TaxPayer + "/input_firstName"), FName): Text 'Stuart' is set on object 'Object Repository/RAD_Pages/Taxpayer_Page/input_firstName'

2023-02-08 16:47:45 - [MESSAGE][PASSED] - Text 'Stuart' is set on object 'Object Repository/RAD_Pages/Taxpayer_Page/input_firstName'

2023-02-08 16:47:45 - [TEST_STEP][PASSED] - setText(findTestObject(orPath_TaxPayer + "/input_lastName"), LName): Text 'Broad' is set on object 'Object Repository/RAD_Pages/Taxpayer_Page/input_lastName'

2023-02-08 16:47:46 - [MESSAGE][PASSED] - Text 'Broad' is set on object 'Object Repository/RAD_Pages/Taxpayer_Page/input_lastName'

2023-02-08 16:47:46 - [TEST_STEP][PASSED] - selectOptionByLabel(findTestObject(orPath_AddressContact + "/select_Country"), "United States", false): All options with label 'United States' are selected in object 'Object Repository/RAD_Pages/AddressAndContactInfo_Page/select_Country' 

2023-02-08 16:47:47 - [MESSAGE][PASSED] - All options with label 'United States' are selected in object 'Object Repository/RAD_Pages/AddressAndContactInfo_Page/select_Country' 

2023-02-08 16:47:47 - [TEST_STEP][PASSED] - setText(findTestObject(orPath_AddressContact + "/input_streetAddress1"), AL1): Text '15 Main Street' is set on object 'Object Repository/RAD_Pages/AddressAndContactInfo_Page/input_streetAddress1'

2023-02-08 16:47:48 - [MESSAGE][PASSED] - Text '15 Main Street' is set on object 'Object Repository/RAD_Pages/AddressAndContactInfo_Page/input_streetAddress1'

2023-02-08 16:47:48 - [TEST_STEP][PASSED] - setText(findTestObject(orPath_AddressContact + "/input_streetAddress2"), ""): Text '' is set on object 'Object Repository/RAD_Pages/AddressAndContactInfo_Page/input_streetAddress2'

2023-02-08 16:47:49 - [MESSAGE][PASSED] - Text '' is set on object 'Object Repository/RAD_Pages/AddressAndContactInfo_Page/input_streetAddress2'

2023-02-08 16:47:49 - [TEST_STEP][PASSED] - setText(findTestObject(orPath_AddressContact + "/input_city"), City): Text 'Gambrills' is set on object 'Object Repository/RAD_Pages/AddressAndContactInfo_Page/input_city'

2023-02-08 16:47:50 - [MESSAGE][PASSED] - Text 'Gambrills' is set on object 'Object Repository/RAD_Pages/AddressAndContactInfo_Page/input_city'

2023-02-08 16:47:50 - [TEST_STEP][PASSED] - selectOptionByLabel(findTestObject(orPath_AddressContact + "/select_State"), "Maryland", false): All options with label 'Maryland' are selected in object 'Object Repository/RAD_Pages/AddressAndContactInfo_Page/select_State' 

2023-02-08 16:47:51 - [MESSAGE][PASSED] - All options with label 'Maryland' are selected in object 'Object Repository/RAD_Pages/AddressAndContactInfo_Page/select_State' 

2023-02-08 16:47:51 - [TEST_STEP][PASSED] - setText(findTestObject(orPath_AddressContact + "/input_zipCode"), ZIP): Text '21054' is set on object 'Object Repository/RAD_Pages/AddressAndContactInfo_Page/input_zipCode'

2023-02-08 16:47:52 - [MESSAGE][PASSED] - Text '21054' is set on object 'Object Repository/RAD_Pages/AddressAndContactInfo_Page/input_zipCode'

2023-02-08 16:47:52 - [TEST_STEP][PASSED] - setText(findTestObject(orPath_AddressContact + "/input_phoneNumber"), "(703) 894-5000"): Text '(703) 894-5000' is set on object 'Object Repository/RAD_Pages/AddressAndContactInfo_Page/input_phoneNumber'

2023-02-08 16:47:52 - [MESSAGE][PASSED] - Text '(703) 894-5000' is set on object 'Object Repository/RAD_Pages/AddressAndContactInfo_Page/input_phoneNumber'

2023-02-08 16:47:52 - [TEST_STEP][PASSED] - setText(findTestObject(orPath_AddressContact + "/input_eMailAddress"), "iahmed@govolution.com"): Text 'iahmed@govolution.com' is set on object 'Object Repository/RAD_Pages/AddressAndContactInfo_Page/input_eMailAddress'

2023-02-08 16:47:53 - [MESSAGE][PASSED] - Text 'iahmed@govolution.com' is set on object 'Object Repository/RAD_Pages/AddressAndContactInfo_Page/input_eMailAddress'

2023-02-08 16:47:53 - [TEST_STEP][PASSED] - setText(findTestObject(orPath_AddressContact + "/input_reEnterEMailAddress"), "iahmed@govolution.com"): Text 'iahmed@govolution.com' is set on object 'Object Repository/RAD_Pages/AddressAndContactInfo_Page/input_reEnterEMailAddress'

2023-02-08 16:47:54 - [MESSAGE][PASSED] - Text 'iahmed@govolution.com' is set on object 'Object Repository/RAD_Pages/AddressAndContactInfo_Page/input_reEnterEMailAddress'

2023-02-08 16:47:54 - [TEST_STEP][PASSED] - setText(findTestObject(orPath_Amount + "/input__paymentAmount"), Amount): Text '100.00' is set on object 'Object Repository/RAD_Pages/PaymentAmount_Page/input__paymentAmount'

2023-02-08 16:47:55 - [MESSAGE][PASSED] - Text '100.00' is set on object 'Object Repository/RAD_Pages/PaymentAmount_Page/input__paymentAmount'

2023-02-08 16:47:55 - [TEST_STEP][PASSED] - scrollToElement(findTestObject(orPath_Landing + "/button_Continue"), 3): Scroll to object 'Object Repository/RAD_Pages/Landing_Page/button_Continue' successfully

2023-02-08 16:47:55 - [MESSAGE][PASSED] - Scroll to object 'Object Repository/RAD_Pages/Landing_Page/button_Continue' successfully

2023-02-08 16:47:55 - [TEST_STEP][PASSED] - waitForElementClickable(findTestObject(orPath_Landing + "/button_Continue"), 5): Object 'Object Repository/RAD_Pages/Landing_Page/button_Continue' is clickable

2023-02-08 16:47:56 - [MESSAGE][PASSED] - Object 'Object Repository/RAD_Pages/Landing_Page/button_Continue' is clickable

2023-02-08 16:47:56 - [TEST_STEP][PASSED] - click(findTestObject(orPath_Landing + "/button_Continue")): Object: 'Object Repository/RAD_Pages/Landing_Page/button_Continue' is clicked on

2023-02-08 16:47:56 - [MESSAGE][PASSED] - Object: 'Object Repository/RAD_Pages/Landing_Page/button_Continue' is clicked on

2023-02-08 16:47:56 - [TEST_STEP][PASSED] - verifyTextPresent("Review the information below and make any necessary corrections by clicking the", true): Text 'Review the information below and make any necessary corrections by clicking the' is present on page  using regular expression

2023-02-08 16:47:57 - [MESSAGE][PASSED] - Text 'Review the information below and make any necessary corrections by clicking the' is present on page  using regular expression

2023-02-08 16:47:57 - [TEST_STEP][PASSED] - verifyTextPresent("When you are confident that all the information is correct", true): Text 'When you are confident that all the information is correct' is present on page  using regular expression

2023-02-08 16:47:57 - [MESSAGE][PASSED] - Text 'When you are confident that all the information is correct' is present on page  using regular expression

2023-02-08 16:47:57 - [TEST_STEP][PASSED] - delay(1): Delayed 1 second(s)

2023-02-08 16:47:58 - [MESSAGE][PASSED] - Delayed 1 second(s)

2023-02-08 16:47:58 - [TEST_STEP][PASSED] - click(findTestObject(orPath_Summary + "/button_Proceed to Payment")): Object: 'Object Repository/RAD_Pages/Summary_Page/button_Proceed to Payment' is clicked on

2023-02-08 16:48:00 - [MESSAGE][PASSED] - Object: 'Object Repository/RAD_Pages/Summary_Page/button_Proceed to Payment' is clicked on

2023-02-08 16:48:00 - [TEST_STEP][PASSED] - if (PaymentType.equalsIgnoreCase("Corporate")): null

2023-02-08 16:48:00 - [TEST_STEP][PASSED] - setText(findTestObject(orPath_PaymentEntry + "/input__cardNumber"), CCNumber): Text '5146312200000035' is set on object 'Object Repository/RAD_Pages/PaymentEntry_Page/input__cardNumber'

2023-02-08 16:48:01 - [MESSAGE][PASSED] - Text '5146312200000035' is set on object 'Object Repository/RAD_Pages/PaymentEntry_Page/input__cardNumber'

2023-02-08 16:48:01 - [TEST_STEP][PASSED] - setText(findTestObject(orPath_PaymentEntry + "/input__spc"), CVV): Text '123' is set on object 'Object Repository/RAD_Pages/PaymentEntry_Page/input__spc'

2023-02-08 16:48:02 - [MESSAGE][PASSED] - Text '123' is set on object 'Object Repository/RAD_Pages/PaymentEntry_Page/input__spc'

2023-02-08 16:48:02 - [TEST_STEP][PASSED] - selectOptionByLabel(findTestObject(orPath_PaymentEntry + "/select_MM"), "12", false): All options with label '12' are selected in object 'Object Repository/RAD_Pages/PaymentEntry_Page/select_MM' 

2023-02-08 16:48:03 - [MESSAGE][PASSED] - All options with label '12' are selected in object 'Object Repository/RAD_Pages/PaymentEntry_Page/select_MM' 

2023-02-08 16:48:03 - [TEST_STEP][PASSED] - selectOptionByLabel(findTestObject(orPath_PaymentEntry + "/select_YYYY"), "2023", false): All options with label '2023' are selected in object 'Object Repository/RAD_Pages/PaymentEntry_Page/select_YYYY' 

2023-02-08 16:48:04 - [MESSAGE][PASSED] - All options with label '2023' are selected in object 'Object Repository/RAD_Pages/PaymentEntry_Page/select_YYYY' 

2023-02-08 16:48:04 - [TEST_STEP][PASSED] - click(findTestObject(orPath_PaymentEntry + "/input_Field_ccSubmit")): Object: 'Object Repository/RAD_Pages/PaymentEntry_Page/input_Field_ccSubmit' is clicked on

2023-02-08 16:48:05 - [MESSAGE][PASSED] - Object: 'Object Repository/RAD_Pages/PaymentEntry_Page/input_Field_ccSubmit' is clicked on

2023-02-08 16:48:05 - [TEST_STEP][PASSED] - click(findTestObject(orPath_PaymentConfirmation + "/input_N_confirmNotifyAction")): Object: 'Object Repository/RAD_Pages/PaymentConfirmation_Page/input_N_confirmNotifyAction' is clicked on

2023-02-08 16:48:06 - [MESSAGE][PASSED] - Object: 'Object Repository/RAD_Pages/PaymentConfirmation_Page/input_N_confirmNotifyAction' is clicked on

2023-02-08 16:48:06 - [TEST_STEP][PASSED] - click(findTestObject(orPath_ServiceFeesAccept + "/input_convFeeNotifyAction")): Object: 'Object Repository/RAD_Pages/ServiceFeeAccept_Page/input_convFeeNotifyAction' is clicked on

2023-02-08 16:48:08 - [MESSAGE][PASSED] - Object: 'Object Repository/RAD_Pages/ServiceFeeAccept_Page/input_convFeeNotifyAction' is clicked on

2023-02-08 16:48:08 - [TEST_STEP][PASSED] - delay(10): Delayed 10 second(s)

2023-02-08 16:48:18 - [MESSAGE][PASSED] - Delayed 10 second(s)

2023-02-08 16:48:18 - [TEST_STEP][PASSED] - verifyTextPresent("Successful Payment Receipt", true): Text 'Successful Payment Receipt' is present on page  using regular expression

2023-02-08 16:48:18 - [MESSAGE][PASSED] - Text 'Successful Payment Receipt' is present on page  using regular expression

2023-02-08 16:48:18 - [TEST_STEP][PASSED] - if (verifyTextPresent("Successful Payment Receipt", true)): null

2023-02-08 16:48:18 - [MESSAGE][PASSED] - Text 'Successful Payment Receipt' is present on page  using regular expression

2023-02-08 16:48:18 - [TEST_STEP][PASSED] - println("Transaction was Successful"): null

2023-02-08 16:48:18 - [TEST_STEP][PASSED] - out.println("Pass Record Number: " + row): null

2023-02-08 16:48:18 - [TEST_STEP][PASSED] - resText = "Pass": null

2023-02-08 16:48:18 - [TEST_STEP][PASSED] - pages.WriteExcel.demoKey(resText, datText, resColumn, datCloumn, fileLoc, nameSheet, row): pages.WriteExcel.demoKey is PASSED

2023-02-08 16:48:18 - [MESSAGE][PASSED] - pages.WriteExcel.demoKey is PASSED

2023-02-08 16:48:18 - [TEST_STEP][PASSED] - ExecuteTC = findTestData(dataFile).getValue("Execute", row): null

2023-02-08 16:48:18 - [TEST_STEP][PASSED] - PaymentType = findTestData(dataFile).getValue("PaymentType", row): null

2023-02-08 16:48:18 - [TEST_STEP][PASSED] - FilingYear = findTestData(dataFile).getValue("FilingYear", row): null

2023-02-08 16:48:18 - [TEST_STEP][PASSED] - PeriodEnding = findTestData(dataFile).getValue("PeriodEnding", row): null

2023-02-08 16:48:18 - [TEST_STEP][PASSED] - FName = findTestData(dataFile).getValue("Fname", row): null

2023-02-08 16:48:19 - [TEST_STEP][PASSED] - LName = findTestData(dataFile).getValue("Lname", row): null

2023-02-08 16:48:19 - [TEST_STEP][PASSED] - SSN = findTestData(dataFile).getValue("SSN", row): null

2023-02-08 16:48:19 - [TEST_STEP][PASSED] - BusName = findTestData(dataFile).getValue("BusName", row): null

2023-02-08 16:48:19 - [TEST_STEP][PASSED] - AL1 = findTestData(dataFile).getValue("AL1", row): null

2023-02-08 16:48:19 - [TEST_STEP][PASSED] - City = findTestData(dataFile).getValue("City", row): null

2023-02-08 16:48:19 - [TEST_STEP][PASSED] - ZIP = findTestData(dataFile).getValue("ZIP", row): null

2023-02-08 16:48:19 - [TEST_STEP][PASSED] - FilingType = findTestData(dataFile).getValue("FilingType", row): null

2023-02-08 16:48:19 - [TEST_STEP][PASSED] - Withholding = findTestData(dataFile).getValue("Withholding", row): null

2023-02-08 16:48:19 - [TEST_STEP][PASSED] - Amount = findTestData(dataFile).getValue("Amount", row): null

2023-02-08 16:48:19 - [TEST_STEP][PASSED] - CCNumber = findTestData(dataFile).getValue("CCNumber", row): null

2023-02-08 16:48:19 - [TEST_STEP][PASSED] - CVV = findTestData(dataFile).getValue("CVV", row): null

2023-02-08 16:48:19 - [TEST_STEP][PASSED] - out.println("Value of Execute is : " + ExecuteTC): null

2023-02-08 16:48:19 - [TEST_STEP][PASSED] - if (ExecuteTC.equalsIgnoreCase("Y")): null

2023-02-08 16:48:19 - [TEST_STEP][PASSED] - out.println("Begin Record Number: " + row): null

2023-02-08 16:48:19 - [TEST_STEP][PASSED] - today = new java.util.Date(): null

2023-02-08 16:48:19 - [TEST_STEP][PASSED] - println(today): null

2023-02-08 16:48:19 - [TEST_STEP][PASSED] - datText = today: null

2023-02-08 16:48:19 - [TEST_STEP][PASSED] - Taxtype = findTestData(dataFile).getValue("TaxType", row): null

2023-02-08 16:48:19 - [TEST_STEP][PASSED] - out.println("Taxtype value is : " + Taxtype): null

2023-02-08 16:48:19 - [TEST_STEP][PASSED] - openBrowser(""): Browser is opened with url: ''

2023-02-08 16:48:19 - [MESSAGE][WARNING] - A browser is already opened. Closing browser and opening a new one

2023-02-08 16:48:20 - [MESSAGE][INFO] - Starting 'Chrome' driver

2023-02-08 16:48:20 - [MESSAGE][INFO] - User set preference: ['acceptInsecureCerts', 'true']

2023-02-08 16:48:20 - [MESSAGE][INFO] - Action delay is set to 0 milliseconds

2023-02-08 16:48:22 - [MESSAGE][PASSED] - Browser is opened with url: ''

2023-02-08 16:48:22 - [TEST_STEP][PASSED] - maximizeWindow(): Current window maximized

2023-02-08 16:48:22 - [MESSAGE][PASSED] - Current window maximized

2023-02-08 16:48:22 - [TEST_STEP][PASSED] - navigateToUrl(RADurl): Navigate to 'https://qa.velocitypayment.com/client/rad/index.html' successfully

2023-02-08 16:48:24 - [MESSAGE][PASSED] - Navigate to 'https://qa.velocitypayment.com/client/rad/index.html' successfully

2023-02-08 16:48:24 - [TEST_STEP][PASSED] - orPath_Landing = "Object Repository/RAD_Pages/Landing_Page": null

2023-02-08 16:48:24 - [TEST_STEP][PASSED] - orPath_TaxTypeFilingYear = "Object Repository/RAD_Pages/TaxTypeFilingYear_Page": null

2023-02-08 16:48:24 - [TEST_STEP][PASSED] - orPath_TaxPayer = "Object Repository/RAD_Pages/Taxpayer_Page": null

2023-02-08 16:48:24 - [TEST_STEP][PASSED] - orPath_AddressContact = "Object Repository/RAD_Pages/AddressAndContactInfo_Page": null

2023-02-08 16:48:24 - [TEST_STEP][PASSED] - orPath_FilingStatus = "Object Repository/RAD_Pages/FilingStatus_Page": null

2023-02-08 16:48:24 - [TEST_STEP][PASSED] - orPath_Amount = "Object Repository/RAD_Pages/PaymentAmount_Page": null

2023-02-08 16:48:24 - [TEST_STEP][PASSED] - orPath_TaxInfo = "Object Repository/RAD_Pages/TaxInfo_Page": null

2023-02-08 16:48:24 - [TEST_STEP][PASSED] - orPath_Withholding = "Object Repository/RAD_Pages/Withholding_Page": null

2023-02-08 16:48:24 - [TEST_STEP][PASSED] - orPath_Summary = "Object Repository/RAD_Pages/Summary_Page": null

2023-02-08 16:48:24 - [TEST_STEP][PASSED] - orPath_PaymentReady = "Object Repository/RAD_Pages/PaymentReady_Page": null

2023-02-08 16:48:24 - [TEST_STEP][PASSED] - orPath_PaymentEntry = "Object Repository/RAD_Pages/PaymentEntry_Page": null

2023-02-08 16:48:24 - [TEST_STEP][PASSED] - orPath_PaymentConfirmation = "Object Repository/RAD_Pages/PaymentConfirmation_Page": null

2023-02-08 16:48:24 - [TEST_STEP][PASSED] - orPath_ServiceFeesAccept = "Object Repository/RAD_Pages/ServiceFeeAccept_Page": null

2023-02-08 16:48:24 - [TEST_STEP][PASSED] - selectOptionByLabel(findTestObject(orPath_Landing + "/dd_TaxType"), Taxtype, false): All options with label 'Estimated Tax' are selected in object 'Object Repository/RAD_Pages/Landing_Page/dd_TaxType' 

2023-02-08 16:48:25 - [MESSAGE][PASSED] - All options with label 'Estimated Tax' are selected in object 'Object Repository/RAD_Pages/Landing_Page/dd_TaxType' 

2023-02-08 16:48:25 - [TEST_STEP][PASSED] - delay(3): Delayed 3 second(s)

2023-02-08 16:48:28 - [MESSAGE][PASSED] - Delayed 3 second(s)

2023-02-08 16:48:28 - [TEST_STEP][PASSED] - switch (Taxtype): null

2023-02-08 16:48:28 - [TEST_STEP][PASSED] - case "Estimated Tax":: null

2023-02-08 16:48:28 - [TEST_STEP][PASSED] - selectOptionByLabel(findTestObject(orPath_TaxTypeFilingYear + "/select_PaymentType"), PaymentType, false): All options with label 'Corporate' are selected in object 'Object Repository/RAD_Pages/TaxTypeFilingYear_Page/select_PaymentType' 

2023-02-08 16:48:28 - [MESSAGE][PASSED] - All options with label 'Corporate' are selected in object 'Object Repository/RAD_Pages/TaxTypeFilingYear_Page/select_PaymentType' 

2023-02-08 16:48:28 - [TEST_STEP][PASSED] - selectOptionByLabel(findTestObject(orPath_TaxTypeFilingYear + "/select_FilingYear"), FilingYear, false): All options with label '2023' are selected in object 'Object Repository/RAD_Pages/TaxTypeFilingYear_Page/select_FilingYear' 

2023-02-08 16:48:29 - [MESSAGE][PASSED] - All options with label '2023' are selected in object 'Object Repository/RAD_Pages/TaxTypeFilingYear_Page/select_FilingYear' 

2023-02-08 16:48:29 - [TEST_STEP][PASSED] - if (PaymentType.equalsIgnoreCase("Personal")): null

2023-02-08 16:48:29 - [TEST_STEP][PASSED] - else if (PaymentType.equalsIgnoreCase("Corporate")): Text ****** has been set on object 'Object Repository/RAD_Pages/TaxInfo_Page/input_FederalEIN_ReEnter'

2023-02-08 16:48:29 - [TEST_STEP][PASSED] - selectOptionByLabel(findTestObject(orPath_TaxTypeFilingYear + "/select_PeriodEnding"), PeriodEnding, false): All options with label 'December' are selected in object 'Object Repository/RAD_Pages/TaxTypeFilingYear_Page/select_PeriodEnding' 

2023-02-08 16:48:30 - [MESSAGE][PASSED] - All options with label 'December' are selected in object 'Object Repository/RAD_Pages/TaxTypeFilingYear_Page/select_PeriodEnding' 

2023-02-08 16:48:30 - [TEST_STEP][PASSED] - setText(findTestObject(orPath_TaxPayer + "/input_businessName"), BusName): Text 'My Glass Company' is set on object 'Object Repository/RAD_Pages/Taxpayer_Page/input_businessName'

2023-02-08 16:48:31 - [MESSAGE][PASSED] - Text 'My Glass Company' is set on object 'Object Repository/RAD_Pages/Taxpayer_Page/input_businessName'

2023-02-08 16:48:31 - [TEST_STEP][PASSED] - setEncryptedText(findTestObject(orPath_TaxInfo + "/input_FederalEIN"), "0fDtEjy4ijeV75Gl5M+mSg=="): Text ****** has been set on object 'Object Repository/RAD_Pages/TaxInfo_Page/input_FederalEIN'

2023-02-08 16:48:32 - [MESSAGE][PASSED] - Text ****** has been set on object 'Object Repository/RAD_Pages/TaxInfo_Page/input_FederalEIN'

2023-02-08 16:48:32 - [TEST_STEP][PASSED] - setEncryptedText(findTestObject(orPath_TaxInfo + "/input_FederalEIN_ReEnter"), "0fDtEjy4ijeV75Gl5M+mSg=="): Text ****** has been set on object 'Object Repository/RAD_Pages/TaxInfo_Page/input_FederalEIN_ReEnter'

2023-02-08 16:48:32 - [MESSAGE][PASSED] - Text ****** has been set on object 'Object Repository/RAD_Pages/TaxInfo_Page/input_FederalEIN_ReEnter'

2023-02-08 16:48:32 - [TEST_STEP][PASSED] - break: null

2023-02-08 16:48:32 - [TEST_STEP][PASSED] - if (PaymentType.equalsIgnoreCase("Personal")): null

2023-02-08 16:48:32 - [TEST_STEP][PASSED] - selectOptionByLabel(findTestObject(orPath_AddressContact + "/select_Country"), "United States", false): All options with label 'United States' are selected in object 'Object Repository/RAD_Pages/AddressAndContactInfo_Page/select_Country' 

2023-02-08 16:48:33 - [MESSAGE][PASSED] - All options with label 'United States' are selected in object 'Object Repository/RAD_Pages/AddressAndContactInfo_Page/select_Country' 

2023-02-08 16:48:33 - [TEST_STEP][PASSED] - setText(findTestObject(orPath_AddressContact + "/input_streetAddress1"), AL1): Text '15 Main Street' is set on object 'Object Repository/RAD_Pages/AddressAndContactInfo_Page/input_streetAddress1'

2023-02-08 16:48:34 - [MESSAGE][PASSED] - Text '15 Main Street' is set on object 'Object Repository/RAD_Pages/AddressAndContactInfo_Page/input_streetAddress1'

2023-02-08 16:48:34 - [TEST_STEP][PASSED] - setText(findTestObject(orPath_AddressContact + "/input_streetAddress2"), ""): Text '' is set on object 'Object Repository/RAD_Pages/AddressAndContactInfo_Page/input_streetAddress2'

2023-02-08 16:48:35 - [MESSAGE][PASSED] - Text '' is set on object 'Object Repository/RAD_Pages/AddressAndContactInfo_Page/input_streetAddress2'

2023-02-08 16:48:35 - [TEST_STEP][PASSED] - setText(findTestObject(orPath_AddressContact + "/input_city"), City): Text 'Gambrills' is set on object 'Object Repository/RAD_Pages/AddressAndContactInfo_Page/input_city'

2023-02-08 16:48:36 - [MESSAGE][PASSED] - Text 'Gambrills' is set on object 'Object Repository/RAD_Pages/AddressAndContactInfo_Page/input_city'

2023-02-08 16:48:36 - [TEST_STEP][PASSED] - selectOptionByLabel(findTestObject(orPath_AddressContact + "/select_State"), "Maryland", false): All options with label 'Maryland' are selected in object 'Object Repository/RAD_Pages/AddressAndContactInfo_Page/select_State' 

2023-02-08 16:48:37 - [MESSAGE][PASSED] - All options with label 'Maryland' are selected in object 'Object Repository/RAD_Pages/AddressAndContactInfo_Page/select_State' 

2023-02-08 16:48:37 - [TEST_STEP][PASSED] - setText(findTestObject(orPath_AddressContact + "/input_zipCode"), ZIP): Text '21054' is set on object 'Object Repository/RAD_Pages/AddressAndContactInfo_Page/input_zipCode'

2023-02-08 16:48:38 - [MESSAGE][PASSED] - Text '21054' is set on object 'Object Repository/RAD_Pages/AddressAndContactInfo_Page/input_zipCode'

2023-02-08 16:48:38 - [TEST_STEP][PASSED] - setText(findTestObject(orPath_AddressContact + "/input_phoneNumber"), "(703) 894-5000"): Text '(703) 894-5000' is set on object 'Object Repository/RAD_Pages/AddressAndContactInfo_Page/input_phoneNumber'

2023-02-08 16:48:39 - [MESSAGE][PASSED] - Text '(703) 894-5000' is set on object 'Object Repository/RAD_Pages/AddressAndContactInfo_Page/input_phoneNumber'

2023-02-08 16:48:39 - [TEST_STEP][PASSED] - setText(findTestObject(orPath_AddressContact + "/input_eMailAddress"), "iahmed@govolution.com"): Text 'iahmed@govolution.com' is set on object 'Object Repository/RAD_Pages/AddressAndContactInfo_Page/input_eMailAddress'

2023-02-08 16:48:40 - [MESSAGE][PASSED] - Text 'iahmed@govolution.com' is set on object 'Object Repository/RAD_Pages/AddressAndContactInfo_Page/input_eMailAddress'

2023-02-08 16:48:40 - [TEST_STEP][PASSED] - setText(findTestObject(orPath_AddressContact + "/input_reEnterEMailAddress"), "iahmed@govolution.com"): Text 'iahmed@govolution.com' is set on object 'Object Repository/RAD_Pages/AddressAndContactInfo_Page/input_reEnterEMailAddress'

2023-02-08 16:48:41 - [MESSAGE][PASSED] - Text 'iahmed@govolution.com' is set on object 'Object Repository/RAD_Pages/AddressAndContactInfo_Page/input_reEnterEMailAddress'

2023-02-08 16:48:41 - [TEST_STEP][PASSED] - setText(findTestObject(orPath_Amount + "/input__paymentAmount"), Amount): Text '100.00' is set on object 'Object Repository/RAD_Pages/PaymentAmount_Page/input__paymentAmount'

2023-02-08 16:48:42 - [MESSAGE][PASSED] - Text '100.00' is set on object 'Object Repository/RAD_Pages/PaymentAmount_Page/input__paymentAmount'

2023-02-08 16:48:42 - [TEST_STEP][PASSED] - scrollToElement(findTestObject(orPath_Landing + "/button_Continue"), 3): Scroll to object 'Object Repository/RAD_Pages/Landing_Page/button_Continue' successfully

2023-02-08 16:48:42 - [MESSAGE][PASSED] - Scroll to object 'Object Repository/RAD_Pages/Landing_Page/button_Continue' successfully

2023-02-08 16:48:42 - [TEST_STEP][PASSED] - waitForElementClickable(findTestObject(orPath_Landing + "/button_Continue"), 5): Object 'Object Repository/RAD_Pages/Landing_Page/button_Continue' is clickable

2023-02-08 16:48:42 - [MESSAGE][PASSED] - Object 'Object Repository/RAD_Pages/Landing_Page/button_Continue' is clickable

2023-02-08 16:48:42 - [TEST_STEP][PASSED] - click(findTestObject(orPath_Landing + "/button_Continue")): Object: 'Object Repository/RAD_Pages/Landing_Page/button_Continue' is clicked on

2023-02-08 16:48:43 - [MESSAGE][PASSED] - Object: 'Object Repository/RAD_Pages/Landing_Page/button_Continue' is clicked on

2023-02-08 16:48:43 - [TEST_STEP][PASSED] - verifyTextPresent("Review the information below and make any necessary corrections by clicking the", true): Text 'Review the information below and make any necessary corrections by clicking the' is present on page  using regular expression

2023-02-08 16:48:43 - [MESSAGE][PASSED] - Text 'Review the information below and make any necessary corrections by clicking the' is present on page  using regular expression

2023-02-08 16:48:43 - [TEST_STEP][PASSED] - verifyTextPresent("When you are confident that all the information is correct", true): Text 'When you are confident that all the information is correct' is present on page  using regular expression

2023-02-08 16:48:44 - [MESSAGE][PASSED] - Text 'When you are confident that all the information is correct' is present on page  using regular expression

2023-02-08 16:48:44 - [TEST_STEP][PASSED] - delay(1): Delayed 1 second(s)

2023-02-08 16:48:45 - [MESSAGE][PASSED] - Delayed 1 second(s)

2023-02-08 16:48:45 - [TEST_STEP][PASSED] - click(findTestObject(orPath_Summary + "/button_Proceed to Payment")): Object: 'Object Repository/RAD_Pages/Summary_Page/button_Proceed to Payment' is clicked on

2023-02-08 16:48:47 - [MESSAGE][PASSED] - Object: 'Object Repository/RAD_Pages/Summary_Page/button_Proceed to Payment' is clicked on

2023-02-08 16:48:47 - [TEST_STEP][PASSED] - if (PaymentType.equalsIgnoreCase("Corporate")): Text 'Anthony Gonzalez' is set on object 'Object Repository/RAD_Pages/PaymentEntry_Page/input__billingName'

2023-02-08 16:48:47 - [TEST_STEP][PASSED] - setText(findTestObject("Object Repository/RAD_Pages/PaymentEntry_Page/input__billingName"), "Anthony Gonzalez"): Text 'Anthony Gonzalez' is set on object 'Object Repository/RAD_Pages/PaymentEntry_Page/input__billingName'

2023-02-08 16:48:48 - [MESSAGE][PASSED] - Text 'Anthony Gonzalez' is set on object 'Object Repository/RAD_Pages/PaymentEntry_Page/input__billingName'

2023-02-08 16:48:48 - [TEST_STEP][PASSED] - setText(findTestObject(orPath_PaymentEntry + "/input__cardNumber"), CCNumber): Text '6011000993026909' is set on object 'Object Repository/RAD_Pages/PaymentEntry_Page/input__cardNumber'

2023-02-08 16:48:48 - [MESSAGE][PASSED] - Text '6011000993026909' is set on object 'Object Repository/RAD_Pages/PaymentEntry_Page/input__cardNumber'

2023-02-08 16:48:48 - [TEST_STEP][PASSED] - setText(findTestObject(orPath_PaymentEntry + "/input__spc"), CVV): Text '123' is set on object 'Object Repository/RAD_Pages/PaymentEntry_Page/input__spc'

2023-02-08 16:48:49 - [MESSAGE][PASSED] - Text '123' is set on object 'Object Repository/RAD_Pages/PaymentEntry_Page/input__spc'

2023-02-08 16:48:49 - [TEST_STEP][PASSED] - selectOptionByLabel(findTestObject(orPath_PaymentEntry + "/select_MM"), "12", false): All options with label '12' are selected in object 'Object Repository/RAD_Pages/PaymentEntry_Page/select_MM' 

2023-02-08 16:48:50 - [MESSAGE][PASSED] - All options with label '12' are selected in object 'Object Repository/RAD_Pages/PaymentEntry_Page/select_MM' 

2023-02-08 16:48:50 - [TEST_STEP][PASSED] - selectOptionByLabel(findTestObject(orPath_PaymentEntry + "/select_YYYY"), "2023", false): All options with label '2023' are selected in object 'Object Repository/RAD_Pages/PaymentEntry_Page/select_YYYY' 

2023-02-08 16:48:51 - [MESSAGE][PASSED] - All options with label '2023' are selected in object 'Object Repository/RAD_Pages/PaymentEntry_Page/select_YYYY' 

2023-02-08 16:48:51 - [TEST_STEP][PASSED] - click(findTestObject(orPath_PaymentEntry + "/input_Field_ccSubmit")): Object: 'Object Repository/RAD_Pages/PaymentEntry_Page/input_Field_ccSubmit' is clicked on

2023-02-08 16:48:52 - [MESSAGE][PASSED] - Object: 'Object Repository/RAD_Pages/PaymentEntry_Page/input_Field_ccSubmit' is clicked on

2023-02-08 16:48:52 - [TEST_STEP][PASSED] - click(findTestObject(orPath_PaymentConfirmation + "/input_N_confirmNotifyAction")): Object: 'Object Repository/RAD_Pages/PaymentConfirmation_Page/input_N_confirmNotifyAction' is clicked on

2023-02-08 16:48:53 - [MESSAGE][PASSED] - Object: 'Object Repository/RAD_Pages/PaymentConfirmation_Page/input_N_confirmNotifyAction' is clicked on

2023-02-08 16:48:53 - [TEST_STEP][PASSED] - click(findTestObject(orPath_ServiceFeesAccept + "/input_convFeeNotifyAction")): Object: 'Object Repository/RAD_Pages/ServiceFeeAccept_Page/input_convFeeNotifyAction' is clicked on

2023-02-08 16:48:54 - [MESSAGE][PASSED] - Object: 'Object Repository/RAD_Pages/ServiceFeeAccept_Page/input_convFeeNotifyAction' is clicked on

2023-02-08 16:48:54 - [TEST_STEP][PASSED] - delay(10): Delayed 10 second(s)

2023-02-08 16:49:04 - [MESSAGE][PASSED] - Delayed 10 second(s)

2023-02-08 16:49:04 - [TEST_STEP][PASSED] - verifyTextPresent("Successful Payment Receipt", true): Text 'Successful Payment Receipt' is present on page  using regular expression

2023-02-08 16:49:05 - [MESSAGE][PASSED] - Text 'Successful Payment Receipt' is present on page  using regular expression

2023-02-08 16:49:05 - [TEST_STEP][PASSED] - if (verifyTextPresent("Successful Payment Receipt", true)): null

2023-02-08 16:49:05 - [MESSAGE][PASSED] - Text 'Successful Payment Receipt' is present on page  using regular expression

2023-02-08 16:49:05 - [TEST_STEP][PASSED] - println("Transaction was Successful"): null

2023-02-08 16:49:05 - [TEST_STEP][PASSED] - out.println("Pass Record Number: " + row): null

2023-02-08 16:49:05 - [TEST_STEP][PASSED] - resText = "Pass": null

2023-02-08 16:49:05 - [TEST_STEP][PASSED] - pages.WriteExcel.demoKey(resText, datText, resColumn, datCloumn, fileLoc, nameSheet, row): pages.WriteExcel.demoKey is PASSED

2023-02-08 16:49:05 - [MESSAGE][PASSED] - pages.WriteExcel.demoKey is PASSED

2023-02-08 16:49:05 - [TEST_STEP][PASSED] - ExecuteTC = findTestData(dataFile).getValue("Execute", row): null

2023-02-08 16:49:05 - [TEST_STEP][PASSED] - PaymentType = findTestData(dataFile).getValue("PaymentType", row): null

2023-02-08 16:49:05 - [TEST_STEP][PASSED] - FilingYear = findTestData(dataFile).getValue("FilingYear", row): null

2023-02-08 16:49:05 - [TEST_STEP][PASSED] - PeriodEnding = findTestData(dataFile).getValue("PeriodEnding", row): null

2023-02-08 16:49:05 - [TEST_STEP][PASSED] - FName = findTestData(dataFile).getValue("Fname", row): null

2023-02-08 16:49:05 - [TEST_STEP][PASSED] - LName = findTestData(dataFile).getValue("Lname", row): null

2023-02-08 16:49:05 - [TEST_STEP][PASSED] - SSN = findTestData(dataFile).getValue("SSN", row): null

2023-02-08 16:49:06 - [TEST_STEP][PASSED] - BusName = findTestData(dataFile).getValue("BusName", row): null

2023-02-08 16:49:06 - [TEST_STEP][PASSED] - AL1 = findTestData(dataFile).getValue("AL1", row): null

2023-02-08 16:49:06 - [TEST_STEP][PASSED] - City = findTestData(dataFile).getValue("City", row): null

2023-02-08 16:49:06 - [TEST_STEP][PASSED] - ZIP = findTestData(dataFile).getValue("ZIP", row): null

2023-02-08 16:49:06 - [TEST_STEP][PASSED] - FilingType = findTestData(dataFile).getValue("FilingType", row): null

2023-02-08 16:49:06 - [TEST_STEP][PASSED] - Withholding = findTestData(dataFile).getValue("Withholding", row): null

2023-02-08 16:49:06 - [TEST_STEP][PASSED] - Amount = findTestData(dataFile).getValue("Amount", row): null

2023-02-08 16:49:06 - [TEST_STEP][PASSED] - CCNumber = findTestData(dataFile).getValue("CCNumber", row): null

2023-02-08 16:49:06 - [TEST_STEP][PASSED] - CVV = findTestData(dataFile).getValue("CVV", row): null

2023-02-08 16:49:06 - [TEST_STEP][PASSED] - out.println("Value of Execute is : " + ExecuteTC): null

2023-02-08 16:49:06 - [TEST_STEP][PASSED] - if (ExecuteTC.equalsIgnoreCase("Y")): null

2023-02-08 16:49:06 - [TEST_STEP][PASSED] - out.println("Begin Record Number: " + row): null

2023-02-08 16:49:06 - [TEST_STEP][PASSED] - today = new java.util.Date(): null

2023-02-08 16:49:06 - [TEST_STEP][PASSED] - println(today): null

2023-02-08 16:49:06 - [TEST_STEP][PASSED] - datText = today: null

2023-02-08 16:49:06 - [TEST_STEP][PASSED] - Taxtype = findTestData(dataFile).getValue("TaxType", row): null

2023-02-08 16:49:06 - [TEST_STEP][PASSED] - out.println("Taxtype value is : " + Taxtype): null

2023-02-08 16:49:06 - [TEST_STEP][PASSED] - openBrowser(""): Browser is opened with url: ''

2023-02-08 16:49:06 - [MESSAGE][WARNING] - A browser is already opened. Closing browser and opening a new one

2023-02-08 16:49:07 - [MESSAGE][INFO] - Starting 'Chrome' driver

2023-02-08 16:49:07 - [MESSAGE][INFO] - User set preference: ['acceptInsecureCerts', 'true']

2023-02-08 16:49:07 - [MESSAGE][INFO] - Action delay is set to 0 milliseconds

2023-02-08 16:49:08 - [MESSAGE][PASSED] - Browser is opened with url: ''

2023-02-08 16:49:08 - [TEST_STEP][PASSED] - maximizeWindow(): Current window maximized

2023-02-08 16:49:08 - [MESSAGE][PASSED] - Current window maximized

2023-02-08 16:49:08 - [TEST_STEP][PASSED] - navigateToUrl(RADurl): Navigate to 'https://qa.velocitypayment.com/client/rad/index.html' successfully

2023-02-08 16:49:10 - [MESSAGE][PASSED] - Navigate to 'https://qa.velocitypayment.com/client/rad/index.html' successfully

2023-02-08 16:49:10 - [TEST_STEP][PASSED] - orPath_Landing = "Object Repository/RAD_Pages/Landing_Page": null

2023-02-08 16:49:10 - [TEST_STEP][PASSED] - orPath_TaxTypeFilingYear = "Object Repository/RAD_Pages/TaxTypeFilingYear_Page": null

2023-02-08 16:49:10 - [TEST_STEP][PASSED] - orPath_TaxPayer = "Object Repository/RAD_Pages/Taxpayer_Page": null

2023-02-08 16:49:10 - [TEST_STEP][PASSED] - orPath_AddressContact = "Object Repository/RAD_Pages/AddressAndContactInfo_Page": null

2023-02-08 16:49:10 - [TEST_STEP][PASSED] - orPath_FilingStatus = "Object Repository/RAD_Pages/FilingStatus_Page": null

2023-02-08 16:49:10 - [TEST_STEP][PASSED] - orPath_Amount = "Object Repository/RAD_Pages/PaymentAmount_Page": null

2023-02-08 16:49:10 - [TEST_STEP][PASSED] - orPath_TaxInfo = "Object Repository/RAD_Pages/TaxInfo_Page": null

2023-02-08 16:49:10 - [TEST_STEP][PASSED] - orPath_Withholding = "Object Repository/RAD_Pages/Withholding_Page": null

2023-02-08 16:49:10 - [TEST_STEP][PASSED] - orPath_Summary = "Object Repository/RAD_Pages/Summary_Page": null

2023-02-08 16:49:10 - [TEST_STEP][PASSED] - orPath_PaymentReady = "Object Repository/RAD_Pages/PaymentReady_Page": null

2023-02-08 16:49:10 - [TEST_STEP][PASSED] - orPath_PaymentEntry = "Object Repository/RAD_Pages/PaymentEntry_Page": null

2023-02-08 16:49:10 - [TEST_STEP][PASSED] - orPath_PaymentConfirmation = "Object Repository/RAD_Pages/PaymentConfirmation_Page": null

2023-02-08 16:49:10 - [TEST_STEP][PASSED] - orPath_ServiceFeesAccept = "Object Repository/RAD_Pages/ServiceFeeAccept_Page": null

2023-02-08 16:49:10 - [TEST_STEP][PASSED] - selectOptionByLabel(findTestObject(orPath_Landing + "/dd_TaxType"), Taxtype, false): All options with label 'Personal Income Tax' are selected in object 'Object Repository/RAD_Pages/Landing_Page/dd_TaxType' 

2023-02-08 16:49:11 - [MESSAGE][PASSED] - All options with label 'Personal Income Tax' are selected in object 'Object Repository/RAD_Pages/Landing_Page/dd_TaxType' 

2023-02-08 16:49:11 - [TEST_STEP][PASSED] - delay(3): Delayed 3 second(s)

2023-02-08 16:49:14 - [MESSAGE][PASSED] - Delayed 3 second(s)

2023-02-08 16:49:14 - [TEST_STEP][PASSED] - switch (Taxtype): null

2023-02-08 16:49:14 - [TEST_STEP][PASSED] - case "Personal Income Tax":: null

2023-02-08 16:49:14 - [TEST_STEP][PASSED] - selectOptionByLabel(findTestObject(orPath_TaxTypeFilingYear + "/select_FilingYear"), FilingYear, false): All options with label '2022' are selected in object 'Object Repository/RAD_Pages/TaxTypeFilingYear_Page/select_FilingYear' 

2023-02-08 16:49:15 - [MESSAGE][PASSED] - All options with label '2022' are selected in object 'Object Repository/RAD_Pages/TaxTypeFilingYear_Page/select_FilingYear' 

2023-02-08 16:49:15 - [TEST_STEP][PASSED] - setText(findTestObject(orPath_TaxPayer + "/input_firstName"), FName): Text 'Andrew' is set on object 'Object Repository/RAD_Pages/Taxpayer_Page/input_firstName'

2023-02-08 16:49:16 - [MESSAGE][PASSED] - Text 'Andrew' is set on object 'Object Repository/RAD_Pages/Taxpayer_Page/input_firstName'

2023-02-08 16:49:16 - [TEST_STEP][PASSED] - setText(findTestObject(orPath_TaxPayer + "/input_lastName"), LName): Text 'Cook' is set on object 'Object Repository/RAD_Pages/Taxpayer_Page/input_lastName'

2023-02-08 16:49:17 - [MESSAGE][PASSED] - Text 'Cook' is set on object 'Object Repository/RAD_Pages/Taxpayer_Page/input_lastName'

2023-02-08 16:49:17 - [TEST_STEP][PASSED] - setText(findTestObject("RAD_RecordAndPlay/input_concatSSN"), SSN): Text '123450145' is set on object 'Object Repository/RAD_RecordAndPlay/input_concatSSN'

2023-02-08 16:49:17 - [MESSAGE][PASSED] - Text '123450145' is set on object 'Object Repository/RAD_RecordAndPlay/input_concatSSN'

2023-02-08 16:49:17 - [TEST_STEP][PASSED] - setText(findTestObject("RAD_RecordAndPlay/input_concatReSSN"), SSN): Text '123450145' is set on object 'Object Repository/RAD_RecordAndPlay/input_concatReSSN'

2023-02-08 16:49:18 - [MESSAGE][PASSED] - Text '123450145' is set on object 'Object Repository/RAD_RecordAndPlay/input_concatReSSN'

2023-02-08 16:49:18 - [TEST_STEP][PASSED] - if (FilingType.equalsIgnoreCase("Y")): Object 'Object Repository/RAD_Pages/FilingStatus_Page/input_userType_Individual' is checked

2023-02-08 16:49:18 - [TEST_STEP][PASSED] - check(findTestObject(orPath_FilingStatus + "/input_userType_Individual")): Object 'Object Repository/RAD_Pages/FilingStatus_Page/input_userType_Individual' is checked

2023-02-08 16:49:18 - [MESSAGE][PASSED] - Object 'Object Repository/RAD_Pages/FilingStatus_Page/input_userType_Individual' is checked

2023-02-08 16:49:18 - [TEST_STEP][PASSED] - break: null

2023-02-08 16:49:18 - [TEST_STEP][PASSED] - if (PaymentType.equalsIgnoreCase("Personal")): null

2023-02-08 16:49:18 - [TEST_STEP][PASSED] - selectOptionByLabel(findTestObject(orPath_AddressContact + "/select_Country"), "United States", false): All options with label 'United States' are selected in object 'Object Repository/RAD_Pages/AddressAndContactInfo_Page/select_Country' 

2023-02-08 16:49:19 - [MESSAGE][PASSED] - All options with label 'United States' are selected in object 'Object Repository/RAD_Pages/AddressAndContactInfo_Page/select_Country' 

2023-02-08 16:49:19 - [TEST_STEP][PASSED] - setText(findTestObject(orPath_AddressContact + "/input_streetAddress1"), AL1): Text '3652 Mandan road' is set on object 'Object Repository/RAD_Pages/AddressAndContactInfo_Page/input_streetAddress1'

2023-02-08 16:49:20 - [MESSAGE][PASSED] - Text '3652 Mandan road' is set on object 'Object Repository/RAD_Pages/AddressAndContactInfo_Page/input_streetAddress1'

2023-02-08 16:49:20 - [TEST_STEP][PASSED] - setText(findTestObject(orPath_AddressContact + "/input_streetAddress2"), ""): Text '' is set on object 'Object Repository/RAD_Pages/AddressAndContactInfo_Page/input_streetAddress2'

2023-02-08 16:49:21 - [MESSAGE][PASSED] - Text '' is set on object 'Object Repository/RAD_Pages/AddressAndContactInfo_Page/input_streetAddress2'

2023-02-08 16:49:21 - [TEST_STEP][PASSED] - setText(findTestObject(orPath_AddressContact + "/input_city"), City): Text 'Crofton' is set on object 'Object Repository/RAD_Pages/AddressAndContactInfo_Page/input_city'

2023-02-08 16:49:22 - [MESSAGE][PASSED] - Text 'Crofton' is set on object 'Object Repository/RAD_Pages/AddressAndContactInfo_Page/input_city'

2023-02-08 16:49:22 - [TEST_STEP][PASSED] - selectOptionByLabel(findTestObject(orPath_AddressContact + "/select_State"), "Maryland", false): All options with label 'Maryland' are selected in object 'Object Repository/RAD_Pages/AddressAndContactInfo_Page/select_State' 

2023-02-08 16:49:23 - [MESSAGE][PASSED] - All options with label 'Maryland' are selected in object 'Object Repository/RAD_Pages/AddressAndContactInfo_Page/select_State' 

2023-02-08 16:49:23 - [TEST_STEP][PASSED] - setText(findTestObject(orPath_AddressContact + "/input_zipCode"), ZIP): Text '21114' is set on object 'Object Repository/RAD_Pages/AddressAndContactInfo_Page/input_zipCode'

2023-02-08 16:49:24 - [MESSAGE][PASSED] - Text '21114' is set on object 'Object Repository/RAD_Pages/AddressAndContactInfo_Page/input_zipCode'

2023-02-08 16:49:24 - [TEST_STEP][PASSED] - setText(findTestObject(orPath_AddressContact + "/input_phoneNumber"), "(703) 894-5000"): Text '(703) 894-5000' is set on object 'Object Repository/RAD_Pages/AddressAndContactInfo_Page/input_phoneNumber'

2023-02-08 16:49:25 - [MESSAGE][PASSED] - Text '(703) 894-5000' is set on object 'Object Repository/RAD_Pages/AddressAndContactInfo_Page/input_phoneNumber'

2023-02-08 16:49:25 - [TEST_STEP][PASSED] - setText(findTestObject(orPath_AddressContact + "/input_eMailAddress"), "iahmed@govolution.com"): Text 'iahmed@govolution.com' is set on object 'Object Repository/RAD_Pages/AddressAndContactInfo_Page/input_eMailAddress'

2023-02-08 16:49:26 - [MESSAGE][PASSED] - Text 'iahmed@govolution.com' is set on object 'Object Repository/RAD_Pages/AddressAndContactInfo_Page/input_eMailAddress'

2023-02-08 16:49:26 - [TEST_STEP][PASSED] - setText(findTestObject(orPath_AddressContact + "/input_reEnterEMailAddress"), "iahmed@govolution.com"): Text 'iahmed@govolution.com' is set on object 'Object Repository/RAD_Pages/AddressAndContactInfo_Page/input_reEnterEMailAddress'

2023-02-08 16:49:27 - [MESSAGE][PASSED] - Text 'iahmed@govolution.com' is set on object 'Object Repository/RAD_Pages/AddressAndContactInfo_Page/input_reEnterEMailAddress'

2023-02-08 16:49:27 - [TEST_STEP][PASSED] - setText(findTestObject(orPath_Amount + "/input__paymentAmount"), Amount): Text '100.00' is set on object 'Object Repository/RAD_Pages/PaymentAmount_Page/input__paymentAmount'

2023-02-08 16:49:28 - [MESSAGE][PASSED] - Text '100.00' is set on object 'Object Repository/RAD_Pages/PaymentAmount_Page/input__paymentAmount'

2023-02-08 16:49:28 - [TEST_STEP][PASSED] - scrollToElement(findTestObject(orPath_Landing + "/button_Continue"), 3): Scroll to object 'Object Repository/RAD_Pages/Landing_Page/button_Continue' successfully

2023-02-08 16:49:28 - [MESSAGE][PASSED] - Scroll to object 'Object Repository/RAD_Pages/Landing_Page/button_Continue' successfully

2023-02-08 16:49:28 - [TEST_STEP][PASSED] - waitForElementClickable(findTestObject(orPath_Landing + "/button_Continue"), 5): Object 'Object Repository/RAD_Pages/Landing_Page/button_Continue' is clickable

2023-02-08 16:49:29 - [MESSAGE][PASSED] - Object 'Object Repository/RAD_Pages/Landing_Page/button_Continue' is clickable

2023-02-08 16:49:29 - [TEST_STEP][PASSED] - click(findTestObject(orPath_Landing + "/button_Continue")): Object: 'Object Repository/RAD_Pages/Landing_Page/button_Continue' is clicked on

2023-02-08 16:49:29 - [MESSAGE][PASSED] - Object: 'Object Repository/RAD_Pages/Landing_Page/button_Continue' is clicked on

2023-02-08 16:49:29 - [TEST_STEP][PASSED] - verifyTextPresent("Review the information below and make any necessary corrections by clicking the", true): Text 'Review the information below and make any necessary corrections by clicking the' is present on page  using regular expression

2023-02-08 16:49:30 - [MESSAGE][PASSED] - Text 'Review the information below and make any necessary corrections by clicking the' is present on page  using regular expression

2023-02-08 16:49:30 - [TEST_STEP][PASSED] - verifyTextPresent("When you are confident that all the information is correct", true): Text 'When you are confident that all the information is correct' is present on page  using regular expression

2023-02-08 16:49:30 - [MESSAGE][PASSED] - Text 'When you are confident that all the information is correct' is present on page  using regular expression

2023-02-08 16:49:30 - [TEST_STEP][PASSED] - delay(1): Delayed 1 second(s)

2023-02-08 16:49:31 - [MESSAGE][PASSED] - Delayed 1 second(s)

2023-02-08 16:49:31 - [TEST_STEP][PASSED] - click(findTestObject(orPath_Summary + "/button_Proceed to Payment")): Object: 'Object Repository/RAD_Pages/Summary_Page/button_Proceed to Payment' is clicked on

2023-02-08 16:49:33 - [MESSAGE][PASSED] - Object: 'Object Repository/RAD_Pages/Summary_Page/button_Proceed to Payment' is clicked on

2023-02-08 16:49:33 - [TEST_STEP][PASSED] - if (PaymentType.equalsIgnoreCase("Corporate")): null

2023-02-08 16:49:33 - [TEST_STEP][PASSED] - setText(findTestObject(orPath_PaymentEntry + "/input__cardNumber"), CCNumber): Text '4012000098765439' is set on object 'Object Repository/RAD_Pages/PaymentEntry_Page/input__cardNumber'

2023-02-08 16:49:34 - [MESSAGE][PASSED] - Text '4012000098765439' is set on object 'Object Repository/RAD_Pages/PaymentEntry_Page/input__cardNumber'

2023-02-08 16:49:34 - [TEST_STEP][PASSED] - setText(findTestObject(orPath_PaymentEntry + "/input__spc"), CVV): Text '123' is set on object 'Object Repository/RAD_Pages/PaymentEntry_Page/input__spc'

2023-02-08 16:49:35 - [MESSAGE][PASSED] - Text '123' is set on object 'Object Repository/RAD_Pages/PaymentEntry_Page/input__spc'

2023-02-08 16:49:35 - [TEST_STEP][PASSED] - selectOptionByLabel(findTestObject(orPath_PaymentEntry + "/select_MM"), "12", false): All options with label '12' are selected in object 'Object Repository/RAD_Pages/PaymentEntry_Page/select_MM' 

2023-02-08 16:49:36 - [MESSAGE][PASSED] - All options with label '12' are selected in object 'Object Repository/RAD_Pages/PaymentEntry_Page/select_MM' 

2023-02-08 16:49:36 - [TEST_STEP][PASSED] - selectOptionByLabel(findTestObject(orPath_PaymentEntry + "/select_YYYY"), "2023", false): All options with label '2023' are selected in object 'Object Repository/RAD_Pages/PaymentEntry_Page/select_YYYY' 

2023-02-08 16:49:36 - [MESSAGE][PASSED] - All options with label '2023' are selected in object 'Object Repository/RAD_Pages/PaymentEntry_Page/select_YYYY' 

2023-02-08 16:49:36 - [TEST_STEP][PASSED] - click(findTestObject(orPath_PaymentEntry + "/input_Field_ccSubmit")): Object: 'Object Repository/RAD_Pages/PaymentEntry_Page/input_Field_ccSubmit' is clicked on

2023-02-08 16:49:37 - [MESSAGE][PASSED] - Object: 'Object Repository/RAD_Pages/PaymentEntry_Page/input_Field_ccSubmit' is clicked on

2023-02-08 16:49:37 - [TEST_STEP][PASSED] - click(findTestObject(orPath_PaymentConfirmation + "/input_N_confirmNotifyAction")): Object: 'Object Repository/RAD_Pages/PaymentConfirmation_Page/input_N_confirmNotifyAction' is clicked on

2023-02-08 16:49:38 - [MESSAGE][PASSED] - Object: 'Object Repository/RAD_Pages/PaymentConfirmation_Page/input_N_confirmNotifyAction' is clicked on

2023-02-08 16:49:38 - [TEST_STEP][PASSED] - click(findTestObject(orPath_ServiceFeesAccept + "/input_convFeeNotifyAction")): Object: 'Object Repository/RAD_Pages/ServiceFeeAccept_Page/input_convFeeNotifyAction' is clicked on

2023-02-08 16:49:40 - [MESSAGE][PASSED] - Object: 'Object Repository/RAD_Pages/ServiceFeeAccept_Page/input_convFeeNotifyAction' is clicked on

2023-02-08 16:49:40 - [TEST_STEP][PASSED] - delay(10): Delayed 10 second(s)

2023-02-08 16:49:50 - [MESSAGE][PASSED] - Delayed 10 second(s)

2023-02-08 16:49:50 - [TEST_STEP][PASSED] - verifyTextPresent("Successful Payment Receipt", true): Text 'Successful Payment Receipt' is present on page  using regular expression

2023-02-08 16:49:50 - [MESSAGE][PASSED] - Text 'Successful Payment Receipt' is present on page  using regular expression

2023-02-08 16:49:50 - [TEST_STEP][PASSED] - if (verifyTextPresent("Successful Payment Receipt", true)): null

2023-02-08 16:49:51 - [MESSAGE][PASSED] - Text 'Successful Payment Receipt' is present on page  using regular expression

2023-02-08 16:49:51 - [TEST_STEP][PASSED] - println("Transaction was Successful"): null

2023-02-08 16:49:51 - [TEST_STEP][PASSED] - out.println("Pass Record Number: " + row): null

2023-02-08 16:49:51 - [TEST_STEP][PASSED] - resText = "Pass": null

2023-02-08 16:49:51 - [TEST_STEP][PASSED] - pages.WriteExcel.demoKey(resText, datText, resColumn, datCloumn, fileLoc, nameSheet, row): pages.WriteExcel.demoKey is PASSED

2023-02-08 16:49:51 - [MESSAGE][PASSED] - pages.WriteExcel.demoKey is PASSED

2023-02-08 16:49:51 - [TEST_STEP][PASSED] - ExecuteTC = findTestData(dataFile).getValue("Execute", row): null

2023-02-08 16:49:51 - [TEST_STEP][PASSED] - PaymentType = findTestData(dataFile).getValue("PaymentType", row): null

2023-02-08 16:49:51 - [TEST_STEP][PASSED] - FilingYear = findTestData(dataFile).getValue("FilingYear", row): null

2023-02-08 16:49:51 - [TEST_STEP][PASSED] - PeriodEnding = findTestData(dataFile).getValue("PeriodEnding", row): null

2023-02-08 16:49:51 - [TEST_STEP][PASSED] - FName = findTestData(dataFile).getValue("Fname", row): null

2023-02-08 16:49:51 - [TEST_STEP][PASSED] - LName = findTestData(dataFile).getValue("Lname", row): null

2023-02-08 16:49:51 - [TEST_STEP][PASSED] - SSN = findTestData(dataFile).getValue("SSN", row): null

2023-02-08 16:49:51 - [TEST_STEP][PASSED] - BusName = findTestData(dataFile).getValue("BusName", row): null

2023-02-08 16:49:51 - [TEST_STEP][PASSED] - AL1 = findTestData(dataFile).getValue("AL1", row): null

2023-02-08 16:49:51 - [TEST_STEP][PASSED] - City = findTestData(dataFile).getValue("City", row): null

2023-02-08 16:49:51 - [TEST_STEP][PASSED] - ZIP = findTestData(dataFile).getValue("ZIP", row): null

2023-02-08 16:49:51 - [TEST_STEP][PASSED] - FilingType = findTestData(dataFile).getValue("FilingType", row): null

2023-02-08 16:49:51 - [TEST_STEP][PASSED] - Withholding = findTestData(dataFile).getValue("Withholding", row): null

2023-02-08 16:49:51 - [TEST_STEP][PASSED] - Amount = findTestData(dataFile).getValue("Amount", row): null

2023-02-08 16:49:51 - [TEST_STEP][PASSED] - CCNumber = findTestData(dataFile).getValue("CCNumber", row): null

2023-02-08 16:49:51 - [TEST_STEP][PASSED] - CVV = findTestData(dataFile).getValue("CVV", row): null

2023-02-08 16:49:51 - [TEST_STEP][PASSED] - out.println("Value of Execute is : " + ExecuteTC): null

2023-02-08 16:49:51 - [TEST_STEP][PASSED] - if (ExecuteTC.equalsIgnoreCase("Y")): null

2023-02-08 16:49:51 - [TEST_STEP][PASSED] - out.println("Begin Record Number: " + row): null

2023-02-08 16:49:51 - [TEST_STEP][PASSED] - today = new java.util.Date(): null

2023-02-08 16:49:51 - [TEST_STEP][PASSED] - println(today): null

2023-02-08 16:49:51 - [TEST_STEP][PASSED] - datText = today: null

2023-02-08 16:49:51 - [TEST_STEP][PASSED] - Taxtype = findTestData(dataFile).getValue("TaxType", row): null

2023-02-08 16:49:51 - [TEST_STEP][PASSED] - out.println("Taxtype value is : " + Taxtype): null

2023-02-08 16:49:51 - [TEST_STEP][PASSED] - openBrowser(""): Browser is opened with url: ''

2023-02-08 16:49:51 - [MESSAGE][WARNING] - A browser is already opened. Closing browser and opening a new one

2023-02-08 16:49:52 - [MESSAGE][INFO] - Starting 'Chrome' driver

2023-02-08 16:49:52 - [MESSAGE][INFO] - User set preference: ['acceptInsecureCerts', 'true']

2023-02-08 16:49:52 - [MESSAGE][INFO] - Action delay is set to 0 milliseconds

2023-02-08 16:49:54 - [MESSAGE][PASSED] - Browser is opened with url: ''

2023-02-08 16:49:54 - [TEST_STEP][PASSED] - maximizeWindow(): Current window maximized

2023-02-08 16:49:54 - [MESSAGE][PASSED] - Current window maximized

2023-02-08 16:49:54 - [TEST_STEP][PASSED] - navigateToUrl(RADurl): Navigate to 'https://qa.velocitypayment.com/client/rad/index.html' successfully

2023-02-08 16:49:56 - [MESSAGE][PASSED] - Navigate to 'https://qa.velocitypayment.com/client/rad/index.html' successfully

2023-02-08 16:49:56 - [TEST_STEP][PASSED] - orPath_Landing = "Object Repository/RAD_Pages/Landing_Page": null

2023-02-08 16:49:56 - [TEST_STEP][PASSED] - orPath_TaxTypeFilingYear = "Object Repository/RAD_Pages/TaxTypeFilingYear_Page": null

2023-02-08 16:49:56 - [TEST_STEP][PASSED] - orPath_TaxPayer = "Object Repository/RAD_Pages/Taxpayer_Page": null

2023-02-08 16:49:56 - [TEST_STEP][PASSED] - orPath_AddressContact = "Object Repository/RAD_Pages/AddressAndContactInfo_Page": null

2023-02-08 16:49:56 - [TEST_STEP][PASSED] - orPath_FilingStatus = "Object Repository/RAD_Pages/FilingStatus_Page": null

2023-02-08 16:49:56 - [TEST_STEP][PASSED] - orPath_Amount = "Object Repository/RAD_Pages/PaymentAmount_Page": null

2023-02-08 16:49:56 - [TEST_STEP][PASSED] - orPath_TaxInfo = "Object Repository/RAD_Pages/TaxInfo_Page": null

2023-02-08 16:49:56 - [TEST_STEP][PASSED] - orPath_Withholding = "Object Repository/RAD_Pages/Withholding_Page": null

2023-02-08 16:49:56 - [TEST_STEP][PASSED] - orPath_Summary = "Object Repository/RAD_Pages/Summary_Page": null

2023-02-08 16:49:56 - [TEST_STEP][PASSED] - orPath_PaymentReady = "Object Repository/RAD_Pages/PaymentReady_Page": null

2023-02-08 16:49:56 - [TEST_STEP][PASSED] - orPath_PaymentEntry = "Object Repository/RAD_Pages/PaymentEntry_Page": null

2023-02-08 16:49:56 - [TEST_STEP][PASSED] - orPath_PaymentConfirmation = "Object Repository/RAD_Pages/PaymentConfirmation_Page": null

2023-02-08 16:49:56 - [TEST_STEP][PASSED] - orPath_ServiceFeesAccept = "Object Repository/RAD_Pages/ServiceFeeAccept_Page": null

2023-02-08 16:49:56 - [TEST_STEP][PASSED] - selectOptionByLabel(findTestObject(orPath_Landing + "/dd_TaxType"), Taxtype, false): All options with label 'Personal Income Tax' are selected in object 'Object Repository/RAD_Pages/Landing_Page/dd_TaxType' 

2023-02-08 16:49:56 - [MESSAGE][PASSED] - All options with label 'Personal Income Tax' are selected in object 'Object Repository/RAD_Pages/Landing_Page/dd_TaxType' 

2023-02-08 16:49:56 - [TEST_STEP][PASSED] - delay(3): Delayed 3 second(s)

2023-02-08 16:49:59 - [MESSAGE][PASSED] - Delayed 3 second(s)

2023-02-08 16:49:59 - [TEST_STEP][PASSED] - switch (Taxtype): null

2023-02-08 16:49:59 - [TEST_STEP][PASSED] - case "Personal Income Tax":: null

2023-02-08 16:49:59 - [TEST_STEP][PASSED] - selectOptionByLabel(findTestObject(orPath_TaxTypeFilingYear + "/select_FilingYear"), FilingYear, false): All options with label '2021' are selected in object 'Object Repository/RAD_Pages/TaxTypeFilingYear_Page/select_FilingYear' 

2023-02-08 16:50:00 - [MESSAGE][PASSED] - All options with label '2021' are selected in object 'Object Repository/RAD_Pages/TaxTypeFilingYear_Page/select_FilingYear' 

2023-02-08 16:50:00 - [TEST_STEP][PASSED] - setText(findTestObject(orPath_TaxPayer + "/input_firstName"), FName): Text 'Larsons' is set on object 'Object Repository/RAD_Pages/Taxpayer_Page/input_firstName'

2023-02-08 16:50:01 - [MESSAGE][PASSED] - Text 'Larsons' is set on object 'Object Repository/RAD_Pages/Taxpayer_Page/input_firstName'

2023-02-08 16:50:01 - [TEST_STEP][PASSED] - setText(findTestObject(orPath_TaxPayer + "/input_lastName"), LName): Text 'Bell' is set on object 'Object Repository/RAD_Pages/Taxpayer_Page/input_lastName'

2023-02-08 16:50:02 - [MESSAGE][PASSED] - Text 'Bell' is set on object 'Object Repository/RAD_Pages/Taxpayer_Page/input_lastName'

2023-02-08 16:50:02 - [TEST_STEP][PASSED] - setText(findTestObject("RAD_RecordAndPlay/input_concatSSN"), SSN): Text '123459630' is set on object 'Object Repository/RAD_RecordAndPlay/input_concatSSN'

2023-02-08 16:50:03 - [MESSAGE][PASSED] - Text '123459630' is set on object 'Object Repository/RAD_RecordAndPlay/input_concatSSN'

2023-02-08 16:50:03 - [TEST_STEP][PASSED] - setText(findTestObject("RAD_RecordAndPlay/input_concatReSSN"), SSN): Text '123459630' is set on object 'Object Repository/RAD_RecordAndPlay/input_concatReSSN'

2023-02-08 16:50:03 - [MESSAGE][PASSED] - Text '123459630' is set on object 'Object Repository/RAD_RecordAndPlay/input_concatReSSN'

2023-02-08 16:50:03 - [TEST_STEP][PASSED] - if (FilingType.equalsIgnoreCase("Y")): Object 'Object Repository/RAD_Pages/FilingStatus_Page/input_userType_Individual' is checked

2023-02-08 16:50:03 - [TEST_STEP][PASSED] - check(findTestObject(orPath_FilingStatus + "/input_userType_Individual")): Object 'Object Repository/RAD_Pages/FilingStatus_Page/input_userType_Individual' is checked

2023-02-08 16:50:04 - [MESSAGE][PASSED] - Object 'Object Repository/RAD_Pages/FilingStatus_Page/input_userType_Individual' is checked

2023-02-08 16:50:04 - [TEST_STEP][PASSED] - break: null

2023-02-08 16:50:04 - [TEST_STEP][PASSED] - if (PaymentType.equalsIgnoreCase("Personal")): null

2023-02-08 16:50:04 - [TEST_STEP][PASSED] - selectOptionByLabel(findTestObject(orPath_AddressContact + "/select_Country"), "United States", false): All options with label 'United States' are selected in object 'Object Repository/RAD_Pages/AddressAndContactInfo_Page/select_Country' 

2023-02-08 16:50:05 - [MESSAGE][PASSED] - All options with label 'United States' are selected in object 'Object Repository/RAD_Pages/AddressAndContactInfo_Page/select_Country' 

2023-02-08 16:50:05 - [TEST_STEP][PASSED] - setText(findTestObject(orPath_AddressContact + "/input_streetAddress1"), AL1): Text '114 Clark Ave' is set on object 'Object Repository/RAD_Pages/AddressAndContactInfo_Page/input_streetAddress1'

2023-02-08 16:50:06 - [MESSAGE][PASSED] - Text '114 Clark Ave' is set on object 'Object Repository/RAD_Pages/AddressAndContactInfo_Page/input_streetAddress1'

2023-02-08 16:50:06 - [TEST_STEP][PASSED] - setText(findTestObject(orPath_AddressContact + "/input_streetAddress2"), ""): Text '' is set on object 'Object Repository/RAD_Pages/AddressAndContactInfo_Page/input_streetAddress2'

2023-02-08 16:50:07 - [MESSAGE][PASSED] - Text '' is set on object 'Object Repository/RAD_Pages/AddressAndContactInfo_Page/input_streetAddress2'

2023-02-08 16:50:07 - [TEST_STEP][PASSED] - setText(findTestObject(orPath_AddressContact + "/input_city"), City): Text 'Severn' is set on object 'Object Repository/RAD_Pages/AddressAndContactInfo_Page/input_city'

2023-02-08 16:50:08 - [MESSAGE][PASSED] - Text 'Severn' is set on object 'Object Repository/RAD_Pages/AddressAndContactInfo_Page/input_city'

2023-02-08 16:50:08 - [TEST_STEP][PASSED] - selectOptionByLabel(findTestObject(orPath_AddressContact + "/select_State"), "Maryland", false): All options with label 'Maryland' are selected in object 'Object Repository/RAD_Pages/AddressAndContactInfo_Page/select_State' 

2023-02-08 16:50:08 - [MESSAGE][PASSED] - All options with label 'Maryland' are selected in object 'Object Repository/RAD_Pages/AddressAndContactInfo_Page/select_State' 

2023-02-08 16:50:08 - [TEST_STEP][PASSED] - setText(findTestObject(orPath_AddressContact + "/input_zipCode"), ZIP): Text '21144' is set on object 'Object Repository/RAD_Pages/AddressAndContactInfo_Page/input_zipCode'

2023-02-08 16:50:09 - [MESSAGE][PASSED] - Text '21144' is set on object 'Object Repository/RAD_Pages/AddressAndContactInfo_Page/input_zipCode'

2023-02-08 16:50:09 - [TEST_STEP][PASSED] - setText(findTestObject(orPath_AddressContact + "/input_phoneNumber"), "(703) 894-5000"): Text '(703) 894-5000' is set on object 'Object Repository/RAD_Pages/AddressAndContactInfo_Page/input_phoneNumber'

2023-02-08 16:50:10 - [MESSAGE][PASSED] - Text '(703) 894-5000' is set on object 'Object Repository/RAD_Pages/AddressAndContactInfo_Page/input_phoneNumber'

2023-02-08 16:50:10 - [TEST_STEP][PASSED] - setText(findTestObject(orPath_AddressContact + "/input_eMailAddress"), "iahmed@govolution.com"): Text 'iahmed@govolution.com' is set on object 'Object Repository/RAD_Pages/AddressAndContactInfo_Page/input_eMailAddress'

2023-02-08 16:50:11 - [MESSAGE][PASSED] - Text 'iahmed@govolution.com' is set on object 'Object Repository/RAD_Pages/AddressAndContactInfo_Page/input_eMailAddress'

2023-02-08 16:50:11 - [TEST_STEP][PASSED] - setText(findTestObject(orPath_AddressContact + "/input_reEnterEMailAddress"), "iahmed@govolution.com"): Text 'iahmed@govolution.com' is set on object 'Object Repository/RAD_Pages/AddressAndContactInfo_Page/input_reEnterEMailAddress'

2023-02-08 16:50:12 - [MESSAGE][PASSED] - Text 'iahmed@govolution.com' is set on object 'Object Repository/RAD_Pages/AddressAndContactInfo_Page/input_reEnterEMailAddress'

2023-02-08 16:50:12 - [TEST_STEP][PASSED] - setText(findTestObject(orPath_Amount + "/input__paymentAmount"), Amount): Text '100.00' is set on object 'Object Repository/RAD_Pages/PaymentAmount_Page/input__paymentAmount'

2023-02-08 16:50:13 - [MESSAGE][PASSED] - Text '100.00' is set on object 'Object Repository/RAD_Pages/PaymentAmount_Page/input__paymentAmount'

2023-02-08 16:50:13 - [TEST_STEP][PASSED] - scrollToElement(findTestObject(orPath_Landing + "/button_Continue"), 3): Scroll to object 'Object Repository/RAD_Pages/Landing_Page/button_Continue' successfully

2023-02-08 16:50:14 - [MESSAGE][PASSED] - Scroll to object 'Object Repository/RAD_Pages/Landing_Page/button_Continue' successfully

2023-02-08 16:50:14 - [TEST_STEP][PASSED] - waitForElementClickable(findTestObject(orPath_Landing + "/button_Continue"), 5): Object 'Object Repository/RAD_Pages/Landing_Page/button_Continue' is clickable

2023-02-08 16:50:14 - [MESSAGE][PASSED] - Object 'Object Repository/RAD_Pages/Landing_Page/button_Continue' is clickable

2023-02-08 16:50:14 - [TEST_STEP][PASSED] - click(findTestObject(orPath_Landing + "/button_Continue")): Object: 'Object Repository/RAD_Pages/Landing_Page/button_Continue' is clicked on

2023-02-08 16:50:14 - [MESSAGE][PASSED] - Object: 'Object Repository/RAD_Pages/Landing_Page/button_Continue' is clicked on

2023-02-08 16:50:14 - [TEST_STEP][PASSED] - verifyTextPresent("Review the information below and make any necessary corrections by clicking the", true): Text 'Review the information below and make any necessary corrections by clicking the' is present on page  using regular expression

2023-02-08 16:50:15 - [MESSAGE][PASSED] - Text 'Review the information below and make any necessary corrections by clicking the' is present on page  using regular expression

2023-02-08 16:50:15 - [TEST_STEP][PASSED] - verifyTextPresent("When you are confident that all the information is correct", true): Text 'When you are confident that all the information is correct' is present on page  using regular expression

2023-02-08 16:50:16 - [MESSAGE][PASSED] - Text 'When you are confident that all the information is correct' is present on page  using regular expression

2023-02-08 16:50:16 - [TEST_STEP][PASSED] - delay(1): Delayed 1 second(s)

2023-02-08 16:50:17 - [MESSAGE][PASSED] - Delayed 1 second(s)

2023-02-08 16:50:17 - [TEST_STEP][PASSED] - click(findTestObject(orPath_Summary + "/button_Proceed to Payment")): Object: 'Object Repository/RAD_Pages/Summary_Page/button_Proceed to Payment' is clicked on

2023-02-08 16:50:18 - [MESSAGE][PASSED] - Object: 'Object Repository/RAD_Pages/Summary_Page/button_Proceed to Payment' is clicked on

2023-02-08 16:50:18 - [TEST_STEP][PASSED] - if (PaymentType.equalsIgnoreCase("Corporate")): null

2023-02-08 16:50:18 - [TEST_STEP][PASSED] - setText(findTestObject(orPath_PaymentEntry + "/input__cardNumber"), CCNumber): Text '5146312200000035' is set on object 'Object Repository/RAD_Pages/PaymentEntry_Page/input__cardNumber'

2023-02-08 16:50:20 - [MESSAGE][PASSED] - Text '5146312200000035' is set on object 'Object Repository/RAD_Pages/PaymentEntry_Page/input__cardNumber'

2023-02-08 16:50:20 - [TEST_STEP][PASSED] - setText(findTestObject(orPath_PaymentEntry + "/input__spc"), CVV): Text '123' is set on object 'Object Repository/RAD_Pages/PaymentEntry_Page/input__spc'

2023-02-08 16:50:20 - [MESSAGE][PASSED] - Text '123' is set on object 'Object Repository/RAD_Pages/PaymentEntry_Page/input__spc'

2023-02-08 16:50:20 - [TEST_STEP][PASSED] - selectOptionByLabel(findTestObject(orPath_PaymentEntry + "/select_MM"), "12", false): All options with label '12' are selected in object 'Object Repository/RAD_Pages/PaymentEntry_Page/select_MM' 

2023-02-08 16:50:21 - [MESSAGE][PASSED] - All options with label '12' are selected in object 'Object Repository/RAD_Pages/PaymentEntry_Page/select_MM' 

2023-02-08 16:50:21 - [TEST_STEP][PASSED] - selectOptionByLabel(findTestObject(orPath_PaymentEntry + "/select_YYYY"), "2023", false): All options with label '2023' are selected in object 'Object Repository/RAD_Pages/PaymentEntry_Page/select_YYYY' 

2023-02-08 16:50:22 - [MESSAGE][PASSED] - All options with label '2023' are selected in object 'Object Repository/RAD_Pages/PaymentEntry_Page/select_YYYY' 

2023-02-08 16:50:22 - [TEST_STEP][PASSED] - click(findTestObject(orPath_PaymentEntry + "/input_Field_ccSubmit")): Object: 'Object Repository/RAD_Pages/PaymentEntry_Page/input_Field_ccSubmit' is clicked on

2023-02-08 16:50:23 - [MESSAGE][PASSED] - Object: 'Object Repository/RAD_Pages/PaymentEntry_Page/input_Field_ccSubmit' is clicked on

2023-02-08 16:50:23 - [TEST_STEP][PASSED] - click(findTestObject(orPath_PaymentConfirmation + "/input_N_confirmNotifyAction")): Object: 'Object Repository/RAD_Pages/PaymentConfirmation_Page/input_N_confirmNotifyAction' is clicked on

2023-02-08 16:50:24 - [MESSAGE][PASSED] - Object: 'Object Repository/RAD_Pages/PaymentConfirmation_Page/input_N_confirmNotifyAction' is clicked on

2023-02-08 16:50:24 - [TEST_STEP][PASSED] - click(findTestObject(orPath_ServiceFeesAccept + "/input_convFeeNotifyAction")): Object: 'Object Repository/RAD_Pages/ServiceFeeAccept_Page/input_convFeeNotifyAction' is clicked on

2023-02-08 16:50:25 - [MESSAGE][PASSED] - Object: 'Object Repository/RAD_Pages/ServiceFeeAccept_Page/input_convFeeNotifyAction' is clicked on

2023-02-08 16:50:25 - [TEST_STEP][PASSED] - delay(10): Delayed 10 second(s)

2023-02-08 16:50:35 - [MESSAGE][PASSED] - Delayed 10 second(s)

2023-02-08 16:50:35 - [TEST_STEP][PASSED] - verifyTextPresent("Successful Payment Receipt", true): Text 'Successful Payment Receipt' is present on page  using regular expression

2023-02-08 16:50:36 - [MESSAGE][PASSED] - Text 'Successful Payment Receipt' is present on page  using regular expression

2023-02-08 16:50:36 - [TEST_STEP][PASSED] - if (verifyTextPresent("Successful Payment Receipt", true)): null

2023-02-08 16:50:36 - [MESSAGE][PASSED] - Text 'Successful Payment Receipt' is present on page  using regular expression

2023-02-08 16:50:36 - [TEST_STEP][PASSED] - println("Transaction was Successful"): null

2023-02-08 16:50:36 - [TEST_STEP][PASSED] - out.println("Pass Record Number: " + row): null

2023-02-08 16:50:36 - [TEST_STEP][PASSED] - resText = "Pass": null

2023-02-08 16:50:36 - [TEST_STEP][PASSED] - pages.WriteExcel.demoKey(resText, datText, resColumn, datCloumn, fileLoc, nameSheet, row): pages.WriteExcel.demoKey is PASSED

2023-02-08 16:50:36 - [MESSAGE][PASSED] - pages.WriteExcel.demoKey is PASSED

2023-02-08 16:50:36 - [TEST_STEP][PASSED] - ExecuteTC = findTestData(dataFile).getValue("Execute", row): null

2023-02-08 16:50:36 - [TEST_STEP][PASSED] - PaymentType = findTestData(dataFile).getValue("PaymentType", row): null

2023-02-08 16:50:36 - [TEST_STEP][PASSED] - FilingYear = findTestData(dataFile).getValue("FilingYear", row): null

2023-02-08 16:50:36 - [TEST_STEP][PASSED] - PeriodEnding = findTestData(dataFile).getValue("PeriodEnding", row): null

2023-02-08 16:50:36 - [TEST_STEP][PASSED] - FName = findTestData(dataFile).getValue("Fname", row): null

2023-02-08 16:50:37 - [TEST_STEP][PASSED] - LName = findTestData(dataFile).getValue("Lname", row): null

2023-02-08 16:50:37 - [TEST_STEP][PASSED] - SSN = findTestData(dataFile).getValue("SSN", row): null

2023-02-08 16:50:37 - [TEST_STEP][PASSED] - BusName = findTestData(dataFile).getValue("BusName", row): null

2023-02-08 16:50:37 - [TEST_STEP][PASSED] - AL1 = findTestData(dataFile).getValue("AL1", row): null

2023-02-08 16:50:37 - [TEST_STEP][PASSED] - City = findTestData(dataFile).getValue("City", row): null

2023-02-08 16:50:37 - [TEST_STEP][PASSED] - ZIP = findTestData(dataFile).getValue("ZIP", row): null

2023-02-08 16:50:37 - [TEST_STEP][PASSED] - FilingType = findTestData(dataFile).getValue("FilingType", row): null

2023-02-08 16:50:37 - [TEST_STEP][PASSED] - Withholding = findTestData(dataFile).getValue("Withholding", row): null

2023-02-08 16:50:37 - [TEST_STEP][PASSED] - Amount = findTestData(dataFile).getValue("Amount", row): null

2023-02-08 16:50:37 - [TEST_STEP][PASSED] - CCNumber = findTestData(dataFile).getValue("CCNumber", row): null

2023-02-08 16:50:37 - [TEST_STEP][PASSED] - CVV = findTestData(dataFile).getValue("CVV", row): null

2023-02-08 16:50:37 - [TEST_STEP][PASSED] - out.println("Value of Execute is : " + ExecuteTC): null

2023-02-08 16:50:37 - [TEST_STEP][PASSED] - if (ExecuteTC.equalsIgnoreCase("Y")): null

2023-02-08 16:50:37 - [TEST_STEP][PASSED] - out.println("Begin Record Number: " + row): null

2023-02-08 16:50:37 - [TEST_STEP][PASSED] - today = new java.util.Date(): null

2023-02-08 16:50:37 - [TEST_STEP][PASSED] - println(today): null

2023-02-08 16:50:37 - [TEST_STEP][PASSED] - datText = today: null

2023-02-08 16:50:37 - [TEST_STEP][PASSED] - Taxtype = findTestData(dataFile).getValue("TaxType", row): null

2023-02-08 16:50:37 - [TEST_STEP][PASSED] - out.println("Taxtype value is : " + Taxtype): null

2023-02-08 16:50:37 - [TEST_STEP][PASSED] - openBrowser(""): Browser is opened with url: ''

2023-02-08 16:50:37 - [MESSAGE][WARNING] - A browser is already opened. Closing browser and opening a new one

2023-02-08 16:50:38 - [MESSAGE][INFO] - Starting 'Chrome' driver

2023-02-08 16:50:38 - [MESSAGE][INFO] - User set preference: ['acceptInsecureCerts', 'true']

2023-02-08 16:50:38 - [MESSAGE][INFO] - Action delay is set to 0 milliseconds

2023-02-08 16:50:39 - [MESSAGE][PASSED] - Browser is opened with url: ''

2023-02-08 16:50:39 - [TEST_STEP][PASSED] - maximizeWindow(): Current window maximized

2023-02-08 16:50:39 - [MESSAGE][PASSED] - Current window maximized

2023-02-08 16:50:39 - [TEST_STEP][PASSED] - navigateToUrl(RADurl): Navigate to 'https://qa.velocitypayment.com/client/rad/index.html' successfully

2023-02-08 16:50:41 - [MESSAGE][PASSED] - Navigate to 'https://qa.velocitypayment.com/client/rad/index.html' successfully

2023-02-08 16:50:41 - [TEST_STEP][PASSED] - orPath_Landing = "Object Repository/RAD_Pages/Landing_Page": null

2023-02-08 16:50:41 - [TEST_STEP][PASSED] - orPath_TaxTypeFilingYear = "Object Repository/RAD_Pages/TaxTypeFilingYear_Page": null

2023-02-08 16:50:41 - [TEST_STEP][PASSED] - orPath_TaxPayer = "Object Repository/RAD_Pages/Taxpayer_Page": null

2023-02-08 16:50:41 - [TEST_STEP][PASSED] - orPath_AddressContact = "Object Repository/RAD_Pages/AddressAndContactInfo_Page": null

2023-02-08 16:50:41 - [TEST_STEP][PASSED] - orPath_FilingStatus = "Object Repository/RAD_Pages/FilingStatus_Page": null

2023-02-08 16:50:41 - [TEST_STEP][PASSED] - orPath_Amount = "Object Repository/RAD_Pages/PaymentAmount_Page": null

2023-02-08 16:50:41 - [TEST_STEP][PASSED] - orPath_TaxInfo = "Object Repository/RAD_Pages/TaxInfo_Page": null

2023-02-08 16:50:41 - [TEST_STEP][PASSED] - orPath_Withholding = "Object Repository/RAD_Pages/Withholding_Page": null

2023-02-08 16:50:41 - [TEST_STEP][PASSED] - orPath_Summary = "Object Repository/RAD_Pages/Summary_Page": null

2023-02-08 16:50:41 - [TEST_STEP][PASSED] - orPath_PaymentReady = "Object Repository/RAD_Pages/PaymentReady_Page": null

2023-02-08 16:50:41 - [TEST_STEP][PASSED] - orPath_PaymentEntry = "Object Repository/RAD_Pages/PaymentEntry_Page": null

2023-02-08 16:50:41 - [TEST_STEP][PASSED] - orPath_PaymentConfirmation = "Object Repository/RAD_Pages/PaymentConfirmation_Page": null

2023-02-08 16:50:41 - [TEST_STEP][PASSED] - orPath_ServiceFeesAccept = "Object Repository/RAD_Pages/ServiceFeeAccept_Page": null

2023-02-08 16:50:41 - [TEST_STEP][PASSED] - selectOptionByLabel(findTestObject(orPath_Landing + "/dd_TaxType"), Taxtype, false): All options with label 'Personal Income Tax' are selected in object 'Object Repository/RAD_Pages/Landing_Page/dd_TaxType' 

2023-02-08 16:50:42 - [MESSAGE][PASSED] - All options with label 'Personal Income Tax' are selected in object 'Object Repository/RAD_Pages/Landing_Page/dd_TaxType' 

2023-02-08 16:50:42 - [TEST_STEP][PASSED] - delay(3): Delayed 3 second(s)

2023-02-08 16:50:45 - [MESSAGE][PASSED] - Delayed 3 second(s)

2023-02-08 16:50:45 - [TEST_STEP][PASSED] - switch (Taxtype): null

2023-02-08 16:50:45 - [TEST_STEP][PASSED] - case "Personal Income Tax":: null

2023-02-08 16:50:45 - [TEST_STEP][PASSED] - selectOptionByLabel(findTestObject(orPath_TaxTypeFilingYear + "/select_FilingYear"), FilingYear, false): All options with label '2020' are selected in object 'Object Repository/RAD_Pages/TaxTypeFilingYear_Page/select_FilingYear' 

2023-02-08 16:50:46 - [MESSAGE][PASSED] - All options with label '2020' are selected in object 'Object Repository/RAD_Pages/TaxTypeFilingYear_Page/select_FilingYear' 

2023-02-08 16:50:46 - [TEST_STEP][PASSED] - setText(findTestObject(orPath_TaxPayer + "/input_firstName"), FName): Text 'Michael' is set on object 'Object Repository/RAD_Pages/Taxpayer_Page/input_firstName'

2023-02-08 16:50:47 - [MESSAGE][PASSED] - Text 'Michael' is set on object 'Object Repository/RAD_Pages/Taxpayer_Page/input_firstName'

2023-02-08 16:50:47 - [TEST_STEP][PASSED] - setText(findTestObject(orPath_TaxPayer + "/input_lastName"), LName): Text 'Vaughn' is set on object 'Object Repository/RAD_Pages/Taxpayer_Page/input_lastName'

2023-02-08 16:50:48 - [MESSAGE][PASSED] - Text 'Vaughn' is set on object 'Object Repository/RAD_Pages/Taxpayer_Page/input_lastName'

2023-02-08 16:50:48 - [TEST_STEP][PASSED] - setText(findTestObject("RAD_RecordAndPlay/input_concatSSN"), SSN): Text '123452514' is set on object 'Object Repository/RAD_RecordAndPlay/input_concatSSN'

2023-02-08 16:50:49 - [MESSAGE][PASSED] - Text '123452514' is set on object 'Object Repository/RAD_RecordAndPlay/input_concatSSN'

2023-02-08 16:50:49 - [TEST_STEP][PASSED] - setText(findTestObject("RAD_RecordAndPlay/input_concatReSSN"), SSN): Text '123452514' is set on object 'Object Repository/RAD_RecordAndPlay/input_concatReSSN'

2023-02-08 16:50:49 - [MESSAGE][PASSED] - Text '123452514' is set on object 'Object Repository/RAD_RecordAndPlay/input_concatReSSN'

2023-02-08 16:50:49 - [TEST_STEP][PASSED] - if (FilingType.equalsIgnoreCase("Y")): Object 'Object Repository/RAD_Pages/FilingStatus_Page/input_userType_Individual' is checked

2023-02-08 16:50:49 - [TEST_STEP][PASSED] - check(findTestObject(orPath_FilingStatus + "/input_userType_Individual")): Object 'Object Repository/RAD_Pages/FilingStatus_Page/input_userType_Individual' is checked

2023-02-08 16:50:50 - [MESSAGE][PASSED] - Object 'Object Repository/RAD_Pages/FilingStatus_Page/input_userType_Individual' is checked

2023-02-08 16:50:50 - [TEST_STEP][PASSED] - break: null

2023-02-08 16:50:50 - [TEST_STEP][PASSED] - if (PaymentType.equalsIgnoreCase("Personal")): null

2023-02-08 16:50:50 - [TEST_STEP][PASSED] - selectOptionByLabel(findTestObject(orPath_AddressContact + "/select_Country"), "United States", false): All options with label 'United States' are selected in object 'Object Repository/RAD_Pages/AddressAndContactInfo_Page/select_Country' 

2023-02-08 16:50:50 - [MESSAGE][PASSED] - All options with label 'United States' are selected in object 'Object Repository/RAD_Pages/AddressAndContactInfo_Page/select_Country' 

2023-02-08 16:50:50 - [TEST_STEP][PASSED] - setText(findTestObject(orPath_AddressContact + "/input_streetAddress1"), AL1): Text '2000 14th street' is set on object 'Object Repository/RAD_Pages/AddressAndContactInfo_Page/input_streetAddress1'

2023-02-08 16:50:51 - [MESSAGE][PASSED] - Text '2000 14th street' is set on object 'Object Repository/RAD_Pages/AddressAndContactInfo_Page/input_streetAddress1'

2023-02-08 16:50:51 - [TEST_STEP][PASSED] - setText(findTestObject(orPath_AddressContact + "/input_streetAddress2"), ""): Text '' is set on object 'Object Repository/RAD_Pages/AddressAndContactInfo_Page/input_streetAddress2'

2023-02-08 16:50:52 - [MESSAGE][PASSED] - Text '' is set on object 'Object Repository/RAD_Pages/AddressAndContactInfo_Page/input_streetAddress2'

2023-02-08 16:50:52 - [TEST_STEP][PASSED] - setText(findTestObject(orPath_AddressContact + "/input_city"), City): Text 'Columbia' is set on object 'Object Repository/RAD_Pages/AddressAndContactInfo_Page/input_city'

2023-02-08 16:50:53 - [MESSAGE][PASSED] - Text 'Columbia' is set on object 'Object Repository/RAD_Pages/AddressAndContactInfo_Page/input_city'

2023-02-08 16:50:53 - [TEST_STEP][PASSED] - selectOptionByLabel(findTestObject(orPath_AddressContact + "/select_State"), "Maryland", false): All options with label 'Maryland' are selected in object 'Object Repository/RAD_Pages/AddressAndContactInfo_Page/select_State' 

2023-02-08 16:50:54 - [MESSAGE][PASSED] - All options with label 'Maryland' are selected in object 'Object Repository/RAD_Pages/AddressAndContactInfo_Page/select_State' 

2023-02-08 16:50:54 - [TEST_STEP][PASSED] - setText(findTestObject(orPath_AddressContact + "/input_zipCode"), ZIP): Text '21093' is set on object 'Object Repository/RAD_Pages/AddressAndContactInfo_Page/input_zipCode'

2023-02-08 16:50:55 - [MESSAGE][PASSED] - Text '21093' is set on object 'Object Repository/RAD_Pages/AddressAndContactInfo_Page/input_zipCode'

2023-02-08 16:50:55 - [TEST_STEP][PASSED] - setText(findTestObject(orPath_AddressContact + "/input_phoneNumber"), "(703) 894-5000"): Text '(703) 894-5000' is set on object 'Object Repository/RAD_Pages/AddressAndContactInfo_Page/input_phoneNumber'

2023-02-08 16:50:56 - [MESSAGE][PASSED] - Text '(703) 894-5000' is set on object 'Object Repository/RAD_Pages/AddressAndContactInfo_Page/input_phoneNumber'

2023-02-08 16:50:56 - [TEST_STEP][PASSED] - setText(findTestObject(orPath_AddressContact + "/input_eMailAddress"), "iahmed@govolution.com"): Text 'iahmed@govolution.com' is set on object 'Object Repository/RAD_Pages/AddressAndContactInfo_Page/input_eMailAddress'

2023-02-08 16:50:57 - [MESSAGE][PASSED] - Text 'iahmed@govolution.com' is set on object 'Object Repository/RAD_Pages/AddressAndContactInfo_Page/input_eMailAddress'

2023-02-08 16:50:57 - [TEST_STEP][PASSED] - setText(findTestObject(orPath_AddressContact + "/input_reEnterEMailAddress"), "iahmed@govolution.com"): Text 'iahmed@govolution.com' is set on object 'Object Repository/RAD_Pages/AddressAndContactInfo_Page/input_reEnterEMailAddress'

2023-02-08 16:50:58 - [MESSAGE][PASSED] - Text 'iahmed@govolution.com' is set on object 'Object Repository/RAD_Pages/AddressAndContactInfo_Page/input_reEnterEMailAddress'

2023-02-08 16:50:58 - [TEST_STEP][PASSED] - setText(findTestObject(orPath_Amount + "/input__paymentAmount"), Amount): Text '100.00' is set on object 'Object Repository/RAD_Pages/PaymentAmount_Page/input__paymentAmount'

2023-02-08 16:50:59 - [MESSAGE][PASSED] - Text '100.00' is set on object 'Object Repository/RAD_Pages/PaymentAmount_Page/input__paymentAmount'

2023-02-08 16:50:59 - [TEST_STEP][PASSED] - scrollToElement(findTestObject(orPath_Landing + "/button_Continue"), 3): Scroll to object 'Object Repository/RAD_Pages/Landing_Page/button_Continue' successfully

2023-02-08 16:50:59 - [MESSAGE][PASSED] - Scroll to object 'Object Repository/RAD_Pages/Landing_Page/button_Continue' successfully

2023-02-08 16:50:59 - [TEST_STEP][PASSED] - waitForElementClickable(findTestObject(orPath_Landing + "/button_Continue"), 5): Object 'Object Repository/RAD_Pages/Landing_Page/button_Continue' is clickable

2023-02-08 16:51:00 - [MESSAGE][PASSED] - Object 'Object Repository/RAD_Pages/Landing_Page/button_Continue' is clickable

2023-02-08 16:51:00 - [TEST_STEP][PASSED] - click(findTestObject(orPath_Landing + "/button_Continue")): Object: 'Object Repository/RAD_Pages/Landing_Page/button_Continue' is clicked on

2023-02-08 16:51:00 - [MESSAGE][PASSED] - Object: 'Object Repository/RAD_Pages/Landing_Page/button_Continue' is clicked on

2023-02-08 16:51:00 - [TEST_STEP][PASSED] - verifyTextPresent("Review the information below and make any necessary corrections by clicking the", true): Text 'Review the information below and make any necessary corrections by clicking the' is present on page  using regular expression

2023-02-08 16:51:01 - [MESSAGE][PASSED] - Text 'Review the information below and make any necessary corrections by clicking the' is present on page  using regular expression

2023-02-08 16:51:01 - [TEST_STEP][PASSED] - verifyTextPresent("When you are confident that all the information is correct", true): Text 'When you are confident that all the information is correct' is present on page  using regular expression

2023-02-08 16:51:02 - [MESSAGE][PASSED] - Text 'When you are confident that all the information is correct' is present on page  using regular expression

2023-02-08 16:51:02 - [TEST_STEP][PASSED] - delay(1): Delayed 1 second(s)

2023-02-08 16:51:03 - [MESSAGE][PASSED] - Delayed 1 second(s)

2023-02-08 16:51:03 - [TEST_STEP][PASSED] - click(findTestObject(orPath_Summary + "/button_Proceed to Payment")): Object: 'Object Repository/RAD_Pages/Summary_Page/button_Proceed to Payment' is clicked on

2023-02-08 16:51:04 - [MESSAGE][PASSED] - Object: 'Object Repository/RAD_Pages/Summary_Page/button_Proceed to Payment' is clicked on

2023-02-08 16:51:04 - [TEST_STEP][PASSED] - if (PaymentType.equalsIgnoreCase("Corporate")): null

2023-02-08 16:51:04 - [TEST_STEP][PASSED] - setText(findTestObject(orPath_PaymentEntry + "/input__cardNumber"), CCNumber): Text '6011000993026909' is set on object 'Object Repository/RAD_Pages/PaymentEntry_Page/input__cardNumber'

2023-02-08 16:51:05 - [MESSAGE][PASSED] - Text '6011000993026909' is set on object 'Object Repository/RAD_Pages/PaymentEntry_Page/input__cardNumber'

2023-02-08 16:51:05 - [TEST_STEP][PASSED] - setText(findTestObject(orPath_PaymentEntry + "/input__spc"), CVV): Text '123' is set on object 'Object Repository/RAD_Pages/PaymentEntry_Page/input__spc'

2023-02-08 16:51:06 - [MESSAGE][PASSED] - Text '123' is set on object 'Object Repository/RAD_Pages/PaymentEntry_Page/input__spc'

2023-02-08 16:51:06 - [TEST_STEP][PASSED] - selectOptionByLabel(findTestObject(orPath_PaymentEntry + "/select_MM"), "12", false): All options with label '12' are selected in object 'Object Repository/RAD_Pages/PaymentEntry_Page/select_MM' 

2023-02-08 16:51:07 - [MESSAGE][PASSED] - All options with label '12' are selected in object 'Object Repository/RAD_Pages/PaymentEntry_Page/select_MM' 

2023-02-08 16:51:07 - [TEST_STEP][PASSED] - selectOptionByLabel(findTestObject(orPath_PaymentEntry + "/select_YYYY"), "2023", false): All options with label '2023' are selected in object 'Object Repository/RAD_Pages/PaymentEntry_Page/select_YYYY' 

2023-02-08 16:51:08 - [MESSAGE][PASSED] - All options with label '2023' are selected in object 'Object Repository/RAD_Pages/PaymentEntry_Page/select_YYYY' 

2023-02-08 16:51:08 - [TEST_STEP][PASSED] - click(findTestObject(orPath_PaymentEntry + "/input_Field_ccSubmit")): Object: 'Object Repository/RAD_Pages/PaymentEntry_Page/input_Field_ccSubmit' is clicked on

2023-02-08 16:51:09 - [MESSAGE][PASSED] - Object: 'Object Repository/RAD_Pages/PaymentEntry_Page/input_Field_ccSubmit' is clicked on

2023-02-08 16:51:09 - [TEST_STEP][PASSED] - click(findTestObject(orPath_PaymentConfirmation + "/input_N_confirmNotifyAction")): Object: 'Object Repository/RAD_Pages/PaymentConfirmation_Page/input_N_confirmNotifyAction' is clicked on

2023-02-08 16:51:10 - [MESSAGE][PASSED] - Object: 'Object Repository/RAD_Pages/PaymentConfirmation_Page/input_N_confirmNotifyAction' is clicked on

2023-02-08 16:51:10 - [TEST_STEP][PASSED] - click(findTestObject(orPath_ServiceFeesAccept + "/input_convFeeNotifyAction")): Object: 'Object Repository/RAD_Pages/ServiceFeeAccept_Page/input_convFeeNotifyAction' is clicked on

2023-02-08 16:51:11 - [MESSAGE][PASSED] - Object: 'Object Repository/RAD_Pages/ServiceFeeAccept_Page/input_convFeeNotifyAction' is clicked on

2023-02-08 16:51:11 - [TEST_STEP][PASSED] - delay(10): Delayed 10 second(s)

2023-02-08 16:51:21 - [MESSAGE][PASSED] - Delayed 10 second(s)

2023-02-08 16:51:21 - [TEST_STEP][PASSED] - verifyTextPresent("Successful Payment Receipt", true): Text 'Successful Payment Receipt' is present on page  using regular expression

2023-02-08 16:51:22 - [MESSAGE][PASSED] - Text 'Successful Payment Receipt' is present on page  using regular expression

2023-02-08 16:51:22 - [TEST_STEP][PASSED] - if (verifyTextPresent("Successful Payment Receipt", true)): null

2023-02-08 16:51:22 - [MESSAGE][PASSED] - Text 'Successful Payment Receipt' is present on page  using regular expression

2023-02-08 16:51:22 - [TEST_STEP][PASSED] - println("Transaction was Successful"): null

2023-02-08 16:51:22 - [TEST_STEP][PASSED] - out.println("Pass Record Number: " + row): null

2023-02-08 16:51:22 - [TEST_STEP][PASSED] - resText = "Pass": null

2023-02-08 16:51:22 - [TEST_STEP][PASSED] - pages.WriteExcel.demoKey(resText, datText, resColumn, datCloumn, fileLoc, nameSheet, row): pages.WriteExcel.demoKey is PASSED

2023-02-08 16:51:22 - [MESSAGE][PASSED] - pages.WriteExcel.demoKey is PASSED

2023-02-08 16:51:22 - [TEST_STEP][PASSED] - ExecuteTC = findTestData(dataFile).getValue("Execute", row): null

2023-02-08 16:51:22 - [TEST_STEP][PASSED] - PaymentType = findTestData(dataFile).getValue("PaymentType", row): null

2023-02-08 16:51:22 - [TEST_STEP][PASSED] - FilingYear = findTestData(dataFile).getValue("FilingYear", row): null

2023-02-08 16:51:22 - [TEST_STEP][PASSED] - PeriodEnding = findTestData(dataFile).getValue("PeriodEnding", row): null

2023-02-08 16:51:22 - [TEST_STEP][PASSED] - FName = findTestData(dataFile).getValue("Fname", row): null

2023-02-08 16:51:22 - [TEST_STEP][PASSED] - LName = findTestData(dataFile).getValue("Lname", row): null

2023-02-08 16:51:22 - [TEST_STEP][PASSED] - SSN = findTestData(dataFile).getValue("SSN", row): null

2023-02-08 16:51:22 - [TEST_STEP][PASSED] - BusName = findTestData(dataFile).getValue("BusName", row): null

2023-02-08 16:51:22 - [TEST_STEP][PASSED] - AL1 = findTestData(dataFile).getValue("AL1", row): null

2023-02-08 16:51:22 - [TEST_STEP][PASSED] - City = findTestData(dataFile).getValue("City", row): null

2023-02-08 16:51:22 - [TEST_STEP][PASSED] - ZIP = findTestData(dataFile).getValue("ZIP", row): null

2023-02-08 16:51:23 - [TEST_STEP][PASSED] - FilingType = findTestData(dataFile).getValue("FilingType", row): null

2023-02-08 16:51:23 - [TEST_STEP][PASSED] - Withholding = findTestData(dataFile).getValue("Withholding", row): null

2023-02-08 16:51:23 - [TEST_STEP][PASSED] - Amount = findTestData(dataFile).getValue("Amount", row): null

2023-02-08 16:51:23 - [TEST_STEP][PASSED] - CCNumber = findTestData(dataFile).getValue("CCNumber", row): null

2023-02-08 16:51:23 - [TEST_STEP][PASSED] - CVV = findTestData(dataFile).getValue("CVV", row): null

2023-02-08 16:51:23 - [TEST_STEP][PASSED] - out.println("Value of Execute is : " + ExecuteTC): null

2023-02-08 16:51:23 - [TEST_STEP][PASSED] - if (ExecuteTC.equalsIgnoreCase("Y")): null

2023-02-08 16:51:23 - [TEST_STEP][PASSED] - out.println("Begin Record Number: " + row): null

2023-02-08 16:51:23 - [TEST_STEP][PASSED] - today = new java.util.Date(): null

2023-02-08 16:51:23 - [TEST_STEP][PASSED] - println(today): null

2023-02-08 16:51:23 - [TEST_STEP][PASSED] - datText = today: null

2023-02-08 16:51:23 - [TEST_STEP][PASSED] - Taxtype = findTestData(dataFile).getValue("TaxType", row): null

2023-02-08 16:51:23 - [TEST_STEP][PASSED] - out.println("Taxtype value is : " + Taxtype): null

2023-02-08 16:51:23 - [TEST_STEP][PASSED] - openBrowser(""): Browser is opened with url: ''

2023-02-08 16:51:23 - [MESSAGE][WARNING] - A browser is already opened. Closing browser and opening a new one

2023-02-08 16:51:24 - [MESSAGE][INFO] - Starting 'Chrome' driver

2023-02-08 16:51:24 - [MESSAGE][INFO] - User set preference: ['acceptInsecureCerts', 'true']

2023-02-08 16:51:24 - [MESSAGE][INFO] - Action delay is set to 0 milliseconds

2023-02-08 16:51:25 - [MESSAGE][PASSED] - Browser is opened with url: ''

2023-02-08 16:51:25 - [TEST_STEP][PASSED] - maximizeWindow(): Current window maximized

2023-02-08 16:51:26 - [MESSAGE][PASSED] - Current window maximized

2023-02-08 16:51:26 - [TEST_STEP][PASSED] - navigateToUrl(RADurl): Navigate to 'https://qa.velocitypayment.com/client/rad/index.html' successfully

2023-02-08 16:51:27 - [MESSAGE][PASSED] - Navigate to 'https://qa.velocitypayment.com/client/rad/index.html' successfully

2023-02-08 16:51:27 - [TEST_STEP][PASSED] - orPath_Landing = "Object Repository/RAD_Pages/Landing_Page": null

2023-02-08 16:51:27 - [TEST_STEP][PASSED] - orPath_TaxTypeFilingYear = "Object Repository/RAD_Pages/TaxTypeFilingYear_Page": null

2023-02-08 16:51:27 - [TEST_STEP][PASSED] - orPath_TaxPayer = "Object Repository/RAD_Pages/Taxpayer_Page": null

2023-02-08 16:51:27 - [TEST_STEP][PASSED] - orPath_AddressContact = "Object Repository/RAD_Pages/AddressAndContactInfo_Page": null

2023-02-08 16:51:27 - [TEST_STEP][PASSED] - orPath_FilingStatus = "Object Repository/RAD_Pages/FilingStatus_Page": null

2023-02-08 16:51:27 - [TEST_STEP][PASSED] - orPath_Amount = "Object Repository/RAD_Pages/PaymentAmount_Page": null

2023-02-08 16:51:27 - [TEST_STEP][PASSED] - orPath_TaxInfo = "Object Repository/RAD_Pages/TaxInfo_Page": null

2023-02-08 16:51:27 - [TEST_STEP][PASSED] - orPath_Withholding = "Object Repository/RAD_Pages/Withholding_Page": null

2023-02-08 16:51:27 - [TEST_STEP][PASSED] - orPath_Summary = "Object Repository/RAD_Pages/Summary_Page": null

2023-02-08 16:51:27 - [TEST_STEP][PASSED] - orPath_PaymentReady = "Object Repository/RAD_Pages/PaymentReady_Page": null

2023-02-08 16:51:27 - [TEST_STEP][PASSED] - orPath_PaymentEntry = "Object Repository/RAD_Pages/PaymentEntry_Page": null

2023-02-08 16:51:27 - [TEST_STEP][PASSED] - orPath_PaymentConfirmation = "Object Repository/RAD_Pages/PaymentConfirmation_Page": null

2023-02-08 16:51:27 - [TEST_STEP][PASSED] - orPath_ServiceFeesAccept = "Object Repository/RAD_Pages/ServiceFeeAccept_Page": null

2023-02-08 16:51:27 - [TEST_STEP][PASSED] - selectOptionByLabel(findTestObject(orPath_Landing + "/dd_TaxType"), Taxtype, false): All options with label 'Personal Income Tax' are selected in object 'Object Repository/RAD_Pages/Landing_Page/dd_TaxType' 

2023-02-08 16:51:28 - [MESSAGE][PASSED] - All options with label 'Personal Income Tax' are selected in object 'Object Repository/RAD_Pages/Landing_Page/dd_TaxType' 

2023-02-08 16:51:28 - [TEST_STEP][PASSED] - delay(3): Delayed 3 second(s)

2023-02-08 16:51:31 - [MESSAGE][PASSED] - Delayed 3 second(s)

2023-02-08 16:51:31 - [TEST_STEP][PASSED] - switch (Taxtype): null

2023-02-08 16:51:31 - [TEST_STEP][PASSED] - case "Personal Income Tax":: null

2023-02-08 16:51:31 - [TEST_STEP][PASSED] - selectOptionByLabel(findTestObject(orPath_TaxTypeFilingYear + "/select_FilingYear"), FilingYear, false): All options with label '2022' are selected in object 'Object Repository/RAD_Pages/TaxTypeFilingYear_Page/select_FilingYear' 

2023-02-08 16:51:32 - [MESSAGE][PASSED] - All options with label '2022' are selected in object 'Object Repository/RAD_Pages/TaxTypeFilingYear_Page/select_FilingYear' 

2023-02-08 16:51:32 - [TEST_STEP][PASSED] - setText(findTestObject(orPath_TaxPayer + "/input_firstName"), FName): Text 'Andrew' is set on object 'Object Repository/RAD_Pages/Taxpayer_Page/input_firstName'

2023-02-08 16:51:33 - [MESSAGE][PASSED] - Text 'Andrew' is set on object 'Object Repository/RAD_Pages/Taxpayer_Page/input_firstName'

2023-02-08 16:51:33 - [TEST_STEP][PASSED] - setText(findTestObject(orPath_TaxPayer + "/input_lastName"), LName): Text 'Cook' is set on object 'Object Repository/RAD_Pages/Taxpayer_Page/input_lastName'

2023-02-08 16:51:34 - [MESSAGE][PASSED] - Text 'Cook' is set on object 'Object Repository/RAD_Pages/Taxpayer_Page/input_lastName'

2023-02-08 16:51:34 - [TEST_STEP][PASSED] - setText(findTestObject("RAD_RecordAndPlay/input_concatSSN"), SSN): Text '123450145' is set on object 'Object Repository/RAD_RecordAndPlay/input_concatSSN'

2023-02-08 16:51:35 - [MESSAGE][PASSED] - Text '123450145' is set on object 'Object Repository/RAD_RecordAndPlay/input_concatSSN'

2023-02-08 16:51:35 - [TEST_STEP][PASSED] - setText(findTestObject("RAD_RecordAndPlay/input_concatReSSN"), SSN): Text '123450145' is set on object 'Object Repository/RAD_RecordAndPlay/input_concatReSSN'

2023-02-08 16:51:35 - [MESSAGE][PASSED] - Text '123450145' is set on object 'Object Repository/RAD_RecordAndPlay/input_concatReSSN'

2023-02-08 16:51:35 - [TEST_STEP][PASSED] - if (FilingType.equalsIgnoreCase("Y")): null

2023-02-08 16:51:35 - [TEST_STEP][PASSED] - else: Text '123453210' is set on object 'Object Repository/RAD_RecordAndPlay/input_reTypeJointFilerSSN'

2023-02-08 16:51:35 - [TEST_STEP][PASSED] - scrollToElement(findTestObject(orPath_Amount + "/input__paymentAmount"), 3): Scroll to object 'Object Repository/RAD_Pages/PaymentAmount_Page/input__paymentAmount' successfully

2023-02-08 16:51:36 - [MESSAGE][PASSED] - Scroll to object 'Object Repository/RAD_Pages/PaymentAmount_Page/input__paymentAmount' successfully

2023-02-08 16:51:36 - [TEST_STEP][PASSED] - waitForElementClickable(findTestObject(orPath_FilingStatus + "/input_userType_Joint"), 5): Object 'Object Repository/RAD_Pages/FilingStatus_Page/input_userType_Joint' is clickable

2023-02-08 16:51:36 - [MESSAGE][PASSED] - Object 'Object Repository/RAD_Pages/FilingStatus_Page/input_userType_Joint' is clickable

2023-02-08 16:51:36 - [TEST_STEP][PASSED] - check(findTestObject(orPath_FilingStatus + "/input_userType_Joint")): Object 'Object Repository/RAD_Pages/FilingStatus_Page/input_userType_Joint' is checked

2023-02-08 16:51:37 - [MESSAGE][PASSED] - Object 'Object Repository/RAD_Pages/FilingStatus_Page/input_userType_Joint' is checked

2023-02-08 16:51:37 - [TEST_STEP][PASSED] - delay(3): Delayed 3 second(s)

2023-02-08 16:51:40 - [MESSAGE][PASSED] - Delayed 3 second(s)

2023-02-08 16:51:40 - [TEST_STEP][PASSED] - setText(findTestObject(orPath_FilingStatus + "/input_jointFirstName"), "Sam"): Text 'Sam' is set on object 'Object Repository/RAD_Pages/FilingStatus_Page/input_jointFirstName'

2023-02-08 16:51:41 - [MESSAGE][PASSED] - Text 'Sam' is set on object 'Object Repository/RAD_Pages/FilingStatus_Page/input_jointFirstName'

2023-02-08 16:51:41 - [TEST_STEP][PASSED] - setText(findTestObject(orPath_FilingStatus + "/input_jointLastName"), "Stokes"): Text 'Stokes' is set on object 'Object Repository/RAD_Pages/FilingStatus_Page/input_jointLastName'

2023-02-08 16:51:42 - [MESSAGE][PASSED] - Text 'Stokes' is set on object 'Object Repository/RAD_Pages/FilingStatus_Page/input_jointLastName'

2023-02-08 16:51:42 - [TEST_STEP][PASSED] - setText(findTestObject("Object Repository/RAD_RecordAndPlay/input_JointFilerSSN"), "123453210"): Text '123453210' is set on object 'Object Repository/RAD_RecordAndPlay/input_JointFilerSSN'

2023-02-08 16:51:43 - [MESSAGE][PASSED] - Text '123453210' is set on object 'Object Repository/RAD_RecordAndPlay/input_JointFilerSSN'

2023-02-08 16:51:43 - [TEST_STEP][PASSED] - setText(findTestObject("Object Repository/RAD_RecordAndPlay/input_reTypeJointFilerSSN"), "123453210"): Text '123453210' is set on object 'Object Repository/RAD_RecordAndPlay/input_reTypeJointFilerSSN'

2023-02-08 16:51:43 - [MESSAGE][PASSED] - Text '123453210' is set on object 'Object Repository/RAD_RecordAndPlay/input_reTypeJointFilerSSN'

2023-02-08 16:51:43 - [TEST_STEP][PASSED] - break: null

2023-02-08 16:51:43 - [TEST_STEP][PASSED] - if (PaymentType.equalsIgnoreCase("Personal")): null

2023-02-08 16:51:43 - [TEST_STEP][PASSED] - selectOptionByLabel(findTestObject(orPath_AddressContact + "/select_Country"), "United States", false): All options with label 'United States' are selected in object 'Object Repository/RAD_Pages/AddressAndContactInfo_Page/select_Country' 

2023-02-08 16:51:44 - [MESSAGE][PASSED] - All options with label 'United States' are selected in object 'Object Repository/RAD_Pages/AddressAndContactInfo_Page/select_Country' 

2023-02-08 16:51:44 - [TEST_STEP][PASSED] - setText(findTestObject(orPath_AddressContact + "/input_streetAddress1"), AL1): Text '3652 Mandan road' is set on object 'Object Repository/RAD_Pages/AddressAndContactInfo_Page/input_streetAddress1'

2023-02-08 16:51:45 - [MESSAGE][PASSED] - Text '3652 Mandan road' is set on object 'Object Repository/RAD_Pages/AddressAndContactInfo_Page/input_streetAddress1'

2023-02-08 16:51:45 - [TEST_STEP][PASSED] - setText(findTestObject(orPath_AddressContact + "/input_streetAddress2"), ""): Text '' is set on object 'Object Repository/RAD_Pages/AddressAndContactInfo_Page/input_streetAddress2'

2023-02-08 16:51:46 - [MESSAGE][PASSED] - Text '' is set on object 'Object Repository/RAD_Pages/AddressAndContactInfo_Page/input_streetAddress2'

2023-02-08 16:51:46 - [TEST_STEP][PASSED] - setText(findTestObject(orPath_AddressContact + "/input_city"), City): Text 'Crofton' is set on object 'Object Repository/RAD_Pages/AddressAndContactInfo_Page/input_city'

2023-02-08 16:51:47 - [MESSAGE][PASSED] - Text 'Crofton' is set on object 'Object Repository/RAD_Pages/AddressAndContactInfo_Page/input_city'

2023-02-08 16:51:47 - [TEST_STEP][PASSED] - selectOptionByLabel(findTestObject(orPath_AddressContact + "/select_State"), "Maryland", false): All options with label 'Maryland' are selected in object 'Object Repository/RAD_Pages/AddressAndContactInfo_Page/select_State' 

2023-02-08 16:51:48 - [MESSAGE][PASSED] - All options with label 'Maryland' are selected in object 'Object Repository/RAD_Pages/AddressAndContactInfo_Page/select_State' 

2023-02-08 16:51:48 - [TEST_STEP][PASSED] - setText(findTestObject(orPath_AddressContact + "/input_zipCode"), ZIP): Text '21114' is set on object 'Object Repository/RAD_Pages/AddressAndContactInfo_Page/input_zipCode'

2023-02-08 16:51:48 - [MESSAGE][PASSED] - Text '21114' is set on object 'Object Repository/RAD_Pages/AddressAndContactInfo_Page/input_zipCode'

2023-02-08 16:51:48 - [TEST_STEP][PASSED] - setText(findTestObject(orPath_AddressContact + "/input_phoneNumber"), "(703) 894-5000"): Text '(703) 894-5000' is set on object 'Object Repository/RAD_Pages/AddressAndContactInfo_Page/input_phoneNumber'

2023-02-08 16:51:49 - [MESSAGE][PASSED] - Text '(703) 894-5000' is set on object 'Object Repository/RAD_Pages/AddressAndContactInfo_Page/input_phoneNumber'

2023-02-08 16:51:49 - [TEST_STEP][PASSED] - setText(findTestObject(orPath_AddressContact + "/input_eMailAddress"), "iahmed@govolution.com"): Text 'iahmed@govolution.com' is set on object 'Object Repository/RAD_Pages/AddressAndContactInfo_Page/input_eMailAddress'

2023-02-08 16:51:50 - [MESSAGE][PASSED] - Text 'iahmed@govolution.com' is set on object 'Object Repository/RAD_Pages/AddressAndContactInfo_Page/input_eMailAddress'

2023-02-08 16:51:50 - [TEST_STEP][PASSED] - setText(findTestObject(orPath_AddressContact + "/input_reEnterEMailAddress"), "iahmed@govolution.com"): Text 'iahmed@govolution.com' is set on object 'Object Repository/RAD_Pages/AddressAndContactInfo_Page/input_reEnterEMailAddress'

2023-02-08 16:51:51 - [MESSAGE][PASSED] - Text 'iahmed@govolution.com' is set on object 'Object Repository/RAD_Pages/AddressAndContactInfo_Page/input_reEnterEMailAddress'

2023-02-08 16:51:51 - [TEST_STEP][PASSED] - setText(findTestObject(orPath_Amount + "/input__paymentAmount"), Amount): Text '100.00' is set on object 'Object Repository/RAD_Pages/PaymentAmount_Page/input__paymentAmount'

2023-02-08 16:51:52 - [MESSAGE][PASSED] - Text '100.00' is set on object 'Object Repository/RAD_Pages/PaymentAmount_Page/input__paymentAmount'

2023-02-08 16:51:52 - [TEST_STEP][PASSED] - scrollToElement(findTestObject(orPath_Landing + "/button_Continue"), 3): Scroll to object 'Object Repository/RAD_Pages/Landing_Page/button_Continue' successfully

2023-02-08 16:51:53 - [MESSAGE][PASSED] - Scroll to object 'Object Repository/RAD_Pages/Landing_Page/button_Continue' successfully

2023-02-08 16:51:53 - [TEST_STEP][PASSED] - waitForElementClickable(findTestObject(orPath_Landing + "/button_Continue"), 5): Object 'Object Repository/RAD_Pages/Landing_Page/button_Continue' is clickable

2023-02-08 16:51:53 - [MESSAGE][PASSED] - Object 'Object Repository/RAD_Pages/Landing_Page/button_Continue' is clickable

2023-02-08 16:51:53 - [TEST_STEP][PASSED] - click(findTestObject(orPath_Landing + "/button_Continue")): Object: 'Object Repository/RAD_Pages/Landing_Page/button_Continue' is clicked on

2023-02-08 16:51:54 - [MESSAGE][PASSED] - Object: 'Object Repository/RAD_Pages/Landing_Page/button_Continue' is clicked on

2023-02-08 16:51:54 - [TEST_STEP][PASSED] - verifyTextPresent("Review the information below and make any necessary corrections by clicking the", true): Text 'Review the information below and make any necessary corrections by clicking the' is present on page  using regular expression

2023-02-08 16:51:54 - [MESSAGE][PASSED] - Text 'Review the information below and make any necessary corrections by clicking the' is present on page  using regular expression

2023-02-08 16:51:54 - [TEST_STEP][PASSED] - verifyTextPresent("When you are confident that all the information is correct", true): Text 'When you are confident that all the information is correct' is present on page  using regular expression

2023-02-08 16:51:55 - [MESSAGE][PASSED] - Text 'When you are confident that all the information is correct' is present on page  using regular expression

2023-02-08 16:51:55 - [TEST_STEP][PASSED] - delay(1): Delayed 1 second(s)

2023-02-08 16:51:56 - [MESSAGE][PASSED] - Delayed 1 second(s)

2023-02-08 16:51:56 - [TEST_STEP][PASSED] - click(findTestObject(orPath_Summary + "/button_Proceed to Payment")): Object: 'Object Repository/RAD_Pages/Summary_Page/button_Proceed to Payment' is clicked on

2023-02-08 16:51:57 - [MESSAGE][PASSED] - Object: 'Object Repository/RAD_Pages/Summary_Page/button_Proceed to Payment' is clicked on

2023-02-08 16:51:57 - [TEST_STEP][PASSED] - if (PaymentType.equalsIgnoreCase("Corporate")): null

2023-02-08 16:51:57 - [TEST_STEP][PASSED] - setText(findTestObject(orPath_PaymentEntry + "/input__cardNumber"), CCNumber): Text '4012000098765439' is set on object 'Object Repository/RAD_Pages/PaymentEntry_Page/input__cardNumber'

2023-02-08 16:51:58 - [MESSAGE][PASSED] - Text '4012000098765439' is set on object 'Object Repository/RAD_Pages/PaymentEntry_Page/input__cardNumber'

2023-02-08 16:51:58 - [TEST_STEP][PASSED] - setText(findTestObject(orPath_PaymentEntry + "/input__spc"), CVV): Text '123' is set on object 'Object Repository/RAD_Pages/PaymentEntry_Page/input__spc'

2023-02-08 16:51:59 - [MESSAGE][PASSED] - Text '123' is set on object 'Object Repository/RAD_Pages/PaymentEntry_Page/input__spc'

2023-02-08 16:51:59 - [TEST_STEP][PASSED] - selectOptionByLabel(findTestObject(orPath_PaymentEntry + "/select_MM"), "12", false): All options with label '12' are selected in object 'Object Repository/RAD_Pages/PaymentEntry_Page/select_MM' 

2023-02-08 16:52:00 - [MESSAGE][PASSED] - All options with label '12' are selected in object 'Object Repository/RAD_Pages/PaymentEntry_Page/select_MM' 

2023-02-08 16:52:00 - [TEST_STEP][PASSED] - selectOptionByLabel(findTestObject(orPath_PaymentEntry + "/select_YYYY"), "2023", false): All options with label '2023' are selected in object 'Object Repository/RAD_Pages/PaymentEntry_Page/select_YYYY' 

2023-02-08 16:52:01 - [MESSAGE][PASSED] - All options with label '2023' are selected in object 'Object Repository/RAD_Pages/PaymentEntry_Page/select_YYYY' 

2023-02-08 16:52:01 - [TEST_STEP][PASSED] - click(findTestObject(orPath_PaymentEntry + "/input_Field_ccSubmit")): Object: 'Object Repository/RAD_Pages/PaymentEntry_Page/input_Field_ccSubmit' is clicked on

2023-02-08 16:52:02 - [MESSAGE][PASSED] - Object: 'Object Repository/RAD_Pages/PaymentEntry_Page/input_Field_ccSubmit' is clicked on

2023-02-08 16:52:02 - [TEST_STEP][PASSED] - click(findTestObject(orPath_PaymentConfirmation + "/input_N_confirmNotifyAction")): Object: 'Object Repository/RAD_Pages/PaymentConfirmation_Page/input_N_confirmNotifyAction' is clicked on

2023-02-08 16:52:03 - [MESSAGE][PASSED] - Object: 'Object Repository/RAD_Pages/PaymentConfirmation_Page/input_N_confirmNotifyAction' is clicked on

2023-02-08 16:52:03 - [TEST_STEP][PASSED] - click(findTestObject(orPath_ServiceFeesAccept + "/input_convFeeNotifyAction")): Object: 'Object Repository/RAD_Pages/ServiceFeeAccept_Page/input_convFeeNotifyAction' is clicked on

2023-02-08 16:52:04 - [MESSAGE][PASSED] - Object: 'Object Repository/RAD_Pages/ServiceFeeAccept_Page/input_convFeeNotifyAction' is clicked on

2023-02-08 16:52:04 - [TEST_STEP][PASSED] - delay(10): Delayed 10 second(s)

2023-02-08 16:52:14 - [MESSAGE][PASSED] - Delayed 10 second(s)

2023-02-08 16:52:14 - [TEST_STEP][PASSED] - verifyTextPresent("Successful Payment Receipt", true): Text 'Successful Payment Receipt' is present on page  using regular expression

2023-02-08 16:52:15 - [MESSAGE][PASSED] - Text 'Successful Payment Receipt' is present on page  using regular expression

2023-02-08 16:52:15 - [TEST_STEP][PASSED] - if (verifyTextPresent("Successful Payment Receipt", true)): null

2023-02-08 16:52:15 - [MESSAGE][PASSED] - Text 'Successful Payment Receipt' is present on page  using regular expression

2023-02-08 16:52:15 - [TEST_STEP][PASSED] - println("Transaction was Successful"): null

2023-02-08 16:52:15 - [TEST_STEP][PASSED] - out.println("Pass Record Number: " + row): null

2023-02-08 16:52:15 - [TEST_STEP][PASSED] - resText = "Pass": null

2023-02-08 16:52:15 - [TEST_STEP][PASSED] - pages.WriteExcel.demoKey(resText, datText, resColumn, datCloumn, fileLoc, nameSheet, row): pages.WriteExcel.demoKey is PASSED

2023-02-08 16:52:15 - [MESSAGE][PASSED] - pages.WriteExcel.demoKey is PASSED

2023-02-08 16:52:15 - [TEST_STEP][PASSED] - ExecuteTC = findTestData(dataFile).getValue("Execute", row): null

2023-02-08 16:52:15 - [TEST_STEP][PASSED] - PaymentType = findTestData(dataFile).getValue("PaymentType", row): null

2023-02-08 16:52:15 - [TEST_STEP][PASSED] - FilingYear = findTestData(dataFile).getValue("FilingYear", row): null

2023-02-08 16:52:15 - [TEST_STEP][PASSED] - PeriodEnding = findTestData(dataFile).getValue("PeriodEnding", row): null

2023-02-08 16:52:15 - [TEST_STEP][PASSED] - FName = findTestData(dataFile).getValue("Fname", row): null

2023-02-08 16:52:15 - [TEST_STEP][PASSED] - LName = findTestData(dataFile).getValue("Lname", row): null

2023-02-08 16:52:15 - [TEST_STEP][PASSED] - SSN = findTestData(dataFile).getValue("SSN", row): null

2023-02-08 16:52:15 - [TEST_STEP][PASSED] - BusName = findTestData(dataFile).getValue("BusName", row): null

2023-02-08 16:52:15 - [TEST_STEP][PASSED] - AL1 = findTestData(dataFile).getValue("AL1", row): null

2023-02-08 16:52:15 - [TEST_STEP][PASSED] - City = findTestData(dataFile).getValue("City", row): null

2023-02-08 16:52:15 - [TEST_STEP][PASSED] - ZIP = findTestData(dataFile).getValue("ZIP", row): null

2023-02-08 16:52:15 - [TEST_STEP][PASSED] - FilingType = findTestData(dataFile).getValue("FilingType", row): null

2023-02-08 16:52:16 - [TEST_STEP][PASSED] - Withholding = findTestData(dataFile).getValue("Withholding", row): null

2023-02-08 16:52:16 - [TEST_STEP][PASSED] - Amount = findTestData(dataFile).getValue("Amount", row): null

2023-02-08 16:52:16 - [TEST_STEP][PASSED] - CCNumber = findTestData(dataFile).getValue("CCNumber", row): null

2023-02-08 16:52:16 - [TEST_STEP][PASSED] - CVV = findTestData(dataFile).getValue("CVV", row): null

2023-02-08 16:52:16 - [TEST_STEP][PASSED] - out.println("Value of Execute is : " + ExecuteTC): null

2023-02-08 16:52:16 - [TEST_STEP][PASSED] - if (ExecuteTC.equalsIgnoreCase("Y")): null

2023-02-08 16:52:16 - [TEST_STEP][PASSED] - out.println("Begin Record Number: " + row): null

2023-02-08 16:52:16 - [TEST_STEP][PASSED] - today = new java.util.Date(): null

2023-02-08 16:52:16 - [TEST_STEP][PASSED] - println(today): null

2023-02-08 16:52:16 - [TEST_STEP][PASSED] - datText = today: null

2023-02-08 16:52:16 - [TEST_STEP][PASSED] - Taxtype = findTestData(dataFile).getValue("TaxType", row): null

2023-02-08 16:52:16 - [TEST_STEP][PASSED] - out.println("Taxtype value is : " + Taxtype): null

2023-02-08 16:52:16 - [TEST_STEP][PASSED] - openBrowser(""): Browser is opened with url: ''

2023-02-08 16:52:16 - [MESSAGE][WARNING] - A browser is already opened. Closing browser and opening a new one

2023-02-08 16:52:17 - [MESSAGE][INFO] - Starting 'Chrome' driver

2023-02-08 16:52:17 - [MESSAGE][INFO] - User set preference: ['acceptInsecureCerts', 'true']

2023-02-08 16:52:17 - [MESSAGE][INFO] - Action delay is set to 0 milliseconds

2023-02-08 16:52:18 - [MESSAGE][PASSED] - Browser is opened with url: ''

2023-02-08 16:52:18 - [TEST_STEP][PASSED] - maximizeWindow(): Current window maximized

2023-02-08 16:52:18 - [MESSAGE][PASSED] - Current window maximized

2023-02-08 16:52:18 - [TEST_STEP][PASSED] - navigateToUrl(RADurl): Navigate to 'https://qa.velocitypayment.com/client/rad/index.html' successfully

2023-02-08 16:52:20 - [MESSAGE][PASSED] - Navigate to 'https://qa.velocitypayment.com/client/rad/index.html' successfully

2023-02-08 16:52:20 - [TEST_STEP][PASSED] - orPath_Landing = "Object Repository/RAD_Pages/Landing_Page": null

2023-02-08 16:52:20 - [TEST_STEP][PASSED] - orPath_TaxTypeFilingYear = "Object Repository/RAD_Pages/TaxTypeFilingYear_Page": null

2023-02-08 16:52:20 - [TEST_STEP][PASSED] - orPath_TaxPayer = "Object Repository/RAD_Pages/Taxpayer_Page": null

2023-02-08 16:52:20 - [TEST_STEP][PASSED] - orPath_AddressContact = "Object Repository/RAD_Pages/AddressAndContactInfo_Page": null

2023-02-08 16:52:20 - [TEST_STEP][PASSED] - orPath_FilingStatus = "Object Repository/RAD_Pages/FilingStatus_Page": null

2023-02-08 16:52:20 - [TEST_STEP][PASSED] - orPath_Amount = "Object Repository/RAD_Pages/PaymentAmount_Page": null

2023-02-08 16:52:20 - [TEST_STEP][PASSED] - orPath_TaxInfo = "Object Repository/RAD_Pages/TaxInfo_Page": null

2023-02-08 16:52:20 - [TEST_STEP][PASSED] - orPath_Withholding = "Object Repository/RAD_Pages/Withholding_Page": null

2023-02-08 16:52:20 - [TEST_STEP][PASSED] - orPath_Summary = "Object Repository/RAD_Pages/Summary_Page": null

2023-02-08 16:52:20 - [TEST_STEP][PASSED] - orPath_PaymentReady = "Object Repository/RAD_Pages/PaymentReady_Page": null

2023-02-08 16:52:20 - [TEST_STEP][PASSED] - orPath_PaymentEntry = "Object Repository/RAD_Pages/PaymentEntry_Page": null

2023-02-08 16:52:20 - [TEST_STEP][PASSED] - orPath_PaymentConfirmation = "Object Repository/RAD_Pages/PaymentConfirmation_Page": null

2023-02-08 16:52:20 - [TEST_STEP][PASSED] - orPath_ServiceFeesAccept = "Object Repository/RAD_Pages/ServiceFeeAccept_Page": null

2023-02-08 16:52:20 - [TEST_STEP][PASSED] - selectOptionByLabel(findTestObject(orPath_Landing + "/dd_TaxType"), Taxtype, false): All options with label 'Personal Income Tax' are selected in object 'Object Repository/RAD_Pages/Landing_Page/dd_TaxType' 

2023-02-08 16:52:21 - [MESSAGE][PASSED] - All options with label 'Personal Income Tax' are selected in object 'Object Repository/RAD_Pages/Landing_Page/dd_TaxType' 

2023-02-08 16:52:21 - [TEST_STEP][PASSED] - delay(3): Delayed 3 second(s)

2023-02-08 16:52:24 - [MESSAGE][PASSED] - Delayed 3 second(s)

2023-02-08 16:52:24 - [TEST_STEP][PASSED] - switch (Taxtype): null

2023-02-08 16:52:24 - [TEST_STEP][PASSED] - case "Personal Income Tax":: null

2023-02-08 16:52:24 - [TEST_STEP][PASSED] - selectOptionByLabel(findTestObject(orPath_TaxTypeFilingYear + "/select_FilingYear"), FilingYear, false): All options with label '2021' are selected in object 'Object Repository/RAD_Pages/TaxTypeFilingYear_Page/select_FilingYear' 

2023-02-08 16:52:24 - [MESSAGE][PASSED] - All options with label '2021' are selected in object 'Object Repository/RAD_Pages/TaxTypeFilingYear_Page/select_FilingYear' 

2023-02-08 16:52:24 - [TEST_STEP][PASSED] - setText(findTestObject(orPath_TaxPayer + "/input_firstName"), FName): Text 'Larsons' is set on object 'Object Repository/RAD_Pages/Taxpayer_Page/input_firstName'

2023-02-08 16:52:25 - [MESSAGE][PASSED] - Text 'Larsons' is set on object 'Object Repository/RAD_Pages/Taxpayer_Page/input_firstName'

2023-02-08 16:52:25 - [TEST_STEP][PASSED] - setText(findTestObject(orPath_TaxPayer + "/input_lastName"), LName): Text 'Bell' is set on object 'Object Repository/RAD_Pages/Taxpayer_Page/input_lastName'

2023-02-08 16:52:26 - [MESSAGE][PASSED] - Text 'Bell' is set on object 'Object Repository/RAD_Pages/Taxpayer_Page/input_lastName'

2023-02-08 16:52:26 - [TEST_STEP][PASSED] - setText(findTestObject("RAD_RecordAndPlay/input_concatSSN"), SSN): Text '123459630' is set on object 'Object Repository/RAD_RecordAndPlay/input_concatSSN'

2023-02-08 16:52:27 - [MESSAGE][PASSED] - Text '123459630' is set on object 'Object Repository/RAD_RecordAndPlay/input_concatSSN'

2023-02-08 16:52:27 - [TEST_STEP][PASSED] - setText(findTestObject("RAD_RecordAndPlay/input_concatReSSN"), SSN): Text '123459630' is set on object 'Object Repository/RAD_RecordAndPlay/input_concatReSSN'

2023-02-08 16:52:28 - [MESSAGE][PASSED] - Text '123459630' is set on object 'Object Repository/RAD_RecordAndPlay/input_concatReSSN'

2023-02-08 16:52:28 - [TEST_STEP][PASSED] - if (FilingType.equalsIgnoreCase("Y")): null

2023-02-08 16:52:28 - [TEST_STEP][PASSED] - else: Text '123453210' is set on object 'Object Repository/RAD_RecordAndPlay/input_reTypeJointFilerSSN'

2023-02-08 16:52:28 - [TEST_STEP][PASSED] - scrollToElement(findTestObject(orPath_Amount + "/input__paymentAmount"), 3): Scroll to object 'Object Repository/RAD_Pages/PaymentAmount_Page/input__paymentAmount' successfully

2023-02-08 16:52:28 - [MESSAGE][PASSED] - Scroll to object 'Object Repository/RAD_Pages/PaymentAmount_Page/input__paymentAmount' successfully

2023-02-08 16:52:28 - [TEST_STEP][PASSED] - waitForElementClickable(findTestObject(orPath_FilingStatus + "/input_userType_Joint"), 5): Object 'Object Repository/RAD_Pages/FilingStatus_Page/input_userType_Joint' is clickable

2023-02-08 16:52:29 - [MESSAGE][PASSED] - Object 'Object Repository/RAD_Pages/FilingStatus_Page/input_userType_Joint' is clickable

2023-02-08 16:52:29 - [TEST_STEP][PASSED] - check(findTestObject(orPath_FilingStatus + "/input_userType_Joint")): Object 'Object Repository/RAD_Pages/FilingStatus_Page/input_userType_Joint' is checked

2023-02-08 16:52:29 - [MESSAGE][PASSED] - Object 'Object Repository/RAD_Pages/FilingStatus_Page/input_userType_Joint' is checked

2023-02-08 16:52:29 - [TEST_STEP][PASSED] - delay(3): Delayed 3 second(s)

2023-02-08 16:52:32 - [MESSAGE][PASSED] - Delayed 3 second(s)

2023-02-08 16:52:32 - [TEST_STEP][PASSED] - setText(findTestObject(orPath_FilingStatus + "/input_jointFirstName"), "Sam"): Text 'Sam' is set on object 'Object Repository/RAD_Pages/FilingStatus_Page/input_jointFirstName'

2023-02-08 16:52:33 - [MESSAGE][PASSED] - Text 'Sam' is set on object 'Object Repository/RAD_Pages/FilingStatus_Page/input_jointFirstName'

2023-02-08 16:52:33 - [TEST_STEP][PASSED] - setText(findTestObject(orPath_FilingStatus + "/input_jointLastName"), "Stokes"): Text 'Stokes' is set on object 'Object Repository/RAD_Pages/FilingStatus_Page/input_jointLastName'

2023-02-08 16:52:34 - [MESSAGE][PASSED] - Text 'Stokes' is set on object 'Object Repository/RAD_Pages/FilingStatus_Page/input_jointLastName'

2023-02-08 16:52:34 - [TEST_STEP][PASSED] - setText(findTestObject("Object Repository/RAD_RecordAndPlay/input_JointFilerSSN"), "123453210"): Text '123453210' is set on object 'Object Repository/RAD_RecordAndPlay/input_JointFilerSSN'

2023-02-08 16:52:35 - [MESSAGE][PASSED] - Text '123453210' is set on object 'Object Repository/RAD_RecordAndPlay/input_JointFilerSSN'

2023-02-08 16:52:35 - [TEST_STEP][PASSED] - setText(findTestObject("Object Repository/RAD_RecordAndPlay/input_reTypeJointFilerSSN"), "123453210"): Text '123453210' is set on object 'Object Repository/RAD_RecordAndPlay/input_reTypeJointFilerSSN'

2023-02-08 16:52:36 - [MESSAGE][PASSED] - Text '123453210' is set on object 'Object Repository/RAD_RecordAndPlay/input_reTypeJointFilerSSN'

2023-02-08 16:52:36 - [TEST_STEP][PASSED] - break: null

2023-02-08 16:52:36 - [TEST_STEP][PASSED] - if (PaymentType.equalsIgnoreCase("Personal")): null

2023-02-08 16:52:36 - [TEST_STEP][PASSED] - selectOptionByLabel(findTestObject(orPath_AddressContact + "/select_Country"), "United States", false): All options with label 'United States' are selected in object 'Object Repository/RAD_Pages/AddressAndContactInfo_Page/select_Country' 

2023-02-08 16:52:36 - [MESSAGE][PASSED] - All options with label 'United States' are selected in object 'Object Repository/RAD_Pages/AddressAndContactInfo_Page/select_Country' 

2023-02-08 16:52:36 - [TEST_STEP][PASSED] - setText(findTestObject(orPath_AddressContact + "/input_streetAddress1"), AL1): Text '114 Clark Ave' is set on object 'Object Repository/RAD_Pages/AddressAndContactInfo_Page/input_streetAddress1'

2023-02-08 16:52:37 - [MESSAGE][PASSED] - Text '114 Clark Ave' is set on object 'Object Repository/RAD_Pages/AddressAndContactInfo_Page/input_streetAddress1'

2023-02-08 16:52:37 - [TEST_STEP][PASSED] - setText(findTestObject(orPath_AddressContact + "/input_streetAddress2"), ""): Text '' is set on object 'Object Repository/RAD_Pages/AddressAndContactInfo_Page/input_streetAddress2'

2023-02-08 16:52:38 - [MESSAGE][PASSED] - Text '' is set on object 'Object Repository/RAD_Pages/AddressAndContactInfo_Page/input_streetAddress2'

2023-02-08 16:52:38 - [TEST_STEP][PASSED] - setText(findTestObject(orPath_AddressContact + "/input_city"), City): Text 'Severn' is set on object 'Object Repository/RAD_Pages/AddressAndContactInfo_Page/input_city'

2023-02-08 16:52:39 - [MESSAGE][PASSED] - Text 'Severn' is set on object 'Object Repository/RAD_Pages/AddressAndContactInfo_Page/input_city'

2023-02-08 16:52:39 - [TEST_STEP][PASSED] - selectOptionByLabel(findTestObject(orPath_AddressContact + "/select_State"), "Maryland", false): All options with label 'Maryland' are selected in object 'Object Repository/RAD_Pages/AddressAndContactInfo_Page/select_State' 

2023-02-08 16:52:40 - [MESSAGE][PASSED] - All options with label 'Maryland' are selected in object 'Object Repository/RAD_Pages/AddressAndContactInfo_Page/select_State' 

2023-02-08 16:52:40 - [TEST_STEP][PASSED] - setText(findTestObject(orPath_AddressContact + "/input_zipCode"), ZIP): Text '21144' is set on object 'Object Repository/RAD_Pages/AddressAndContactInfo_Page/input_zipCode'

2023-02-08 16:52:40 - [MESSAGE][PASSED] - Text '21144' is set on object 'Object Repository/RAD_Pages/AddressAndContactInfo_Page/input_zipCode'

2023-02-08 16:52:40 - [TEST_STEP][PASSED] - setText(findTestObject(orPath_AddressContact + "/input_phoneNumber"), "(703) 894-5000"): Text '(703) 894-5000' is set on object 'Object Repository/RAD_Pages/AddressAndContactInfo_Page/input_phoneNumber'

2023-02-08 16:52:41 - [MESSAGE][PASSED] - Text '(703) 894-5000' is set on object 'Object Repository/RAD_Pages/AddressAndContactInfo_Page/input_phoneNumber'

2023-02-08 16:52:41 - [TEST_STEP][PASSED] - setText(findTestObject(orPath_AddressContact + "/input_eMailAddress"), "iahmed@govolution.com"): Text 'iahmed@govolution.com' is set on object 'Object Repository/RAD_Pages/AddressAndContactInfo_Page/input_eMailAddress'

2023-02-08 16:52:42 - [MESSAGE][PASSED] - Text 'iahmed@govolution.com' is set on object 'Object Repository/RAD_Pages/AddressAndContactInfo_Page/input_eMailAddress'

2023-02-08 16:52:42 - [TEST_STEP][PASSED] - setText(findTestObject(orPath_AddressContact + "/input_reEnterEMailAddress"), "iahmed@govolution.com"): Text 'iahmed@govolution.com' is set on object 'Object Repository/RAD_Pages/AddressAndContactInfo_Page/input_reEnterEMailAddress'

2023-02-08 16:52:43 - [MESSAGE][PASSED] - Text 'iahmed@govolution.com' is set on object 'Object Repository/RAD_Pages/AddressAndContactInfo_Page/input_reEnterEMailAddress'

2023-02-08 16:52:43 - [TEST_STEP][PASSED] - setText(findTestObject(orPath_Amount + "/input__paymentAmount"), Amount): Text '100.00' is set on object 'Object Repository/RAD_Pages/PaymentAmount_Page/input__paymentAmount'

2023-02-08 16:52:44 - [MESSAGE][PASSED] - Text '100.00' is set on object 'Object Repository/RAD_Pages/PaymentAmount_Page/input__paymentAmount'

2023-02-08 16:52:44 - [TEST_STEP][PASSED] - scrollToElement(findTestObject(orPath_Landing + "/button_Continue"), 3): Scroll to object 'Object Repository/RAD_Pages/Landing_Page/button_Continue' successfully

2023-02-08 16:52:45 - [MESSAGE][PASSED] - Scroll to object 'Object Repository/RAD_Pages/Landing_Page/button_Continue' successfully

2023-02-08 16:52:45 - [TEST_STEP][PASSED] - waitForElementClickable(findTestObject(orPath_Landing + "/button_Continue"), 5): Object 'Object Repository/RAD_Pages/Landing_Page/button_Continue' is clickable

2023-02-08 16:52:45 - [MESSAGE][PASSED] - Object 'Object Repository/RAD_Pages/Landing_Page/button_Continue' is clickable

2023-02-08 16:52:45 - [TEST_STEP][PASSED] - click(findTestObject(orPath_Landing + "/button_Continue")): Object: 'Object Repository/RAD_Pages/Landing_Page/button_Continue' is clicked on

2023-02-08 16:52:46 - [MESSAGE][PASSED] - Object: 'Object Repository/RAD_Pages/Landing_Page/button_Continue' is clicked on

2023-02-08 16:52:46 - [TEST_STEP][PASSED] - verifyTextPresent("Review the information below and make any necessary corrections by clicking the", true): Text 'Review the information below and make any necessary corrections by clicking the' is present on page  using regular expression

2023-02-08 16:52:46 - [MESSAGE][PASSED] - Text 'Review the information below and make any necessary corrections by clicking the' is present on page  using regular expression

2023-02-08 16:52:46 - [TEST_STEP][PASSED] - verifyTextPresent("When you are confident that all the information is correct", true): Text 'When you are confident that all the information is correct' is present on page  using regular expression

2023-02-08 16:52:47 - [MESSAGE][PASSED] - Text 'When you are confident that all the information is correct' is present on page  using regular expression

2023-02-08 16:52:47 - [TEST_STEP][PASSED] - delay(1): Delayed 1 second(s)

2023-02-08 16:52:48 - [MESSAGE][PASSED] - Delayed 1 second(s)

2023-02-08 16:52:48 - [TEST_STEP][PASSED] - click(findTestObject(orPath_Summary + "/button_Proceed to Payment")): Object: 'Object Repository/RAD_Pages/Summary_Page/button_Proceed to Payment' is clicked on

2023-02-08 16:52:50 - [MESSAGE][PASSED] - Object: 'Object Repository/RAD_Pages/Summary_Page/button_Proceed to Payment' is clicked on

2023-02-08 16:52:50 - [TEST_STEP][PASSED] - if (PaymentType.equalsIgnoreCase("Corporate")): null

2023-02-08 16:52:50 - [TEST_STEP][PASSED] - setText(findTestObject(orPath_PaymentEntry + "/input__cardNumber"), CCNumber): Text '5146312200000035' is set on object 'Object Repository/RAD_Pages/PaymentEntry_Page/input__cardNumber'

2023-02-08 16:52:51 - [MESSAGE][PASSED] - Text '5146312200000035' is set on object 'Object Repository/RAD_Pages/PaymentEntry_Page/input__cardNumber'

2023-02-08 16:52:51 - [TEST_STEP][PASSED] - setText(findTestObject(orPath_PaymentEntry + "/input__spc"), CVV): Text '123' is set on object 'Object Repository/RAD_Pages/PaymentEntry_Page/input__spc'

2023-02-08 16:52:51 - [MESSAGE][PASSED] - Text '123' is set on object 'Object Repository/RAD_Pages/PaymentEntry_Page/input__spc'

2023-02-08 16:52:51 - [TEST_STEP][PASSED] - selectOptionByLabel(findTestObject(orPath_PaymentEntry + "/select_MM"), "12", false): All options with label '12' are selected in object 'Object Repository/RAD_Pages/PaymentEntry_Page/select_MM' 

2023-02-08 16:52:52 - [MESSAGE][PASSED] - All options with label '12' are selected in object 'Object Repository/RAD_Pages/PaymentEntry_Page/select_MM' 

2023-02-08 16:52:52 - [TEST_STEP][PASSED] - selectOptionByLabel(findTestObject(orPath_PaymentEntry + "/select_YYYY"), "2023", false): All options with label '2023' are selected in object 'Object Repository/RAD_Pages/PaymentEntry_Page/select_YYYY' 

2023-02-08 16:52:53 - [MESSAGE][PASSED] - All options with label '2023' are selected in object 'Object Repository/RAD_Pages/PaymentEntry_Page/select_YYYY' 

2023-02-08 16:52:53 - [TEST_STEP][PASSED] - click(findTestObject(orPath_PaymentEntry + "/input_Field_ccSubmit")): Object: 'Object Repository/RAD_Pages/PaymentEntry_Page/input_Field_ccSubmit' is clicked on

2023-02-08 16:52:54 - [MESSAGE][PASSED] - Object: 'Object Repository/RAD_Pages/PaymentEntry_Page/input_Field_ccSubmit' is clicked on

2023-02-08 16:52:54 - [TEST_STEP][PASSED] - click(findTestObject(orPath_PaymentConfirmation + "/input_N_confirmNotifyAction")): Object: 'Object Repository/RAD_Pages/PaymentConfirmation_Page/input_N_confirmNotifyAction' is clicked on

2023-02-08 16:52:55 - [MESSAGE][PASSED] - Object: 'Object Repository/RAD_Pages/PaymentConfirmation_Page/input_N_confirmNotifyAction' is clicked on

2023-02-08 16:52:55 - [TEST_STEP][PASSED] - click(findTestObject(orPath_ServiceFeesAccept + "/input_convFeeNotifyAction")): Object: 'Object Repository/RAD_Pages/ServiceFeeAccept_Page/input_convFeeNotifyAction' is clicked on

2023-02-08 16:52:57 - [MESSAGE][PASSED] - Object: 'Object Repository/RAD_Pages/ServiceFeeAccept_Page/input_convFeeNotifyAction' is clicked on

2023-02-08 16:52:57 - [TEST_STEP][PASSED] - delay(10): Delayed 10 second(s)

2023-02-08 16:53:07 - [MESSAGE][PASSED] - Delayed 10 second(s)

2023-02-08 16:53:07 - [TEST_STEP][PASSED] - verifyTextPresent("Successful Payment Receipt", true): Text 'Successful Payment Receipt' is present on page  using regular expression

2023-02-08 16:53:07 - [MESSAGE][PASSED] - Text 'Successful Payment Receipt' is present on page  using regular expression

2023-02-08 16:53:07 - [TEST_STEP][PASSED] - if (verifyTextPresent("Successful Payment Receipt", true)): null

2023-02-08 16:53:07 - [MESSAGE][PASSED] - Text 'Successful Payment Receipt' is present on page  using regular expression

2023-02-08 16:53:07 - [TEST_STEP][PASSED] - println("Transaction was Successful"): null

2023-02-08 16:53:07 - [TEST_STEP][PASSED] - out.println("Pass Record Number: " + row): null

2023-02-08 16:53:07 - [TEST_STEP][PASSED] - resText = "Pass": null

2023-02-08 16:53:07 - [TEST_STEP][PASSED] - pages.WriteExcel.demoKey(resText, datText, resColumn, datCloumn, fileLoc, nameSheet, row): pages.WriteExcel.demoKey is PASSED

2023-02-08 16:53:08 - [MESSAGE][PASSED] - pages.WriteExcel.demoKey is PASSED

2023-02-08 16:53:08 - [TEST_STEP][PASSED] - ExecuteTC = findTestData(dataFile).getValue("Execute", row): null

2023-02-08 16:53:08 - [TEST_STEP][PASSED] - PaymentType = findTestData(dataFile).getValue("PaymentType", row): null

2023-02-08 16:53:08 - [TEST_STEP][PASSED] - FilingYear = findTestData(dataFile).getValue("FilingYear", row): null

2023-02-08 16:53:08 - [TEST_STEP][PASSED] - PeriodEnding = findTestData(dataFile).getValue("PeriodEnding", row): null

2023-02-08 16:53:08 - [TEST_STEP][PASSED] - FName = findTestData(dataFile).getValue("Fname", row): null

2023-02-08 16:53:08 - [TEST_STEP][PASSED] - LName = findTestData(dataFile).getValue("Lname", row): null

2023-02-08 16:53:08 - [TEST_STEP][PASSED] - SSN = findTestData(dataFile).getValue("SSN", row): null

2023-02-08 16:53:08 - [TEST_STEP][PASSED] - BusName = findTestData(dataFile).getValue("BusName", row): null

2023-02-08 16:53:08 - [TEST_STEP][PASSED] - AL1 = findTestData(dataFile).getValue("AL1", row): null

2023-02-08 16:53:08 - [TEST_STEP][PASSED] - City = findTestData(dataFile).getValue("City", row): null

2023-02-08 16:53:08 - [TEST_STEP][PASSED] - ZIP = findTestData(dataFile).getValue("ZIP", row): null

2023-02-08 16:53:08 - [TEST_STEP][PASSED] - FilingType = findTestData(dataFile).getValue("FilingType", row): null

2023-02-08 16:53:08 - [TEST_STEP][PASSED] - Withholding = findTestData(dataFile).getValue("Withholding", row): null

2023-02-08 16:53:08 - [TEST_STEP][PASSED] - Amount = findTestData(dataFile).getValue("Amount", row): null

2023-02-08 16:53:08 - [TEST_STEP][PASSED] - CCNumber = findTestData(dataFile).getValue("CCNumber", row): null

2023-02-08 16:53:08 - [TEST_STEP][PASSED] - CVV = findTestData(dataFile).getValue("CVV", row): null

2023-02-08 16:53:08 - [TEST_STEP][PASSED] - out.println("Value of Execute is : " + ExecuteTC): null

2023-02-08 16:53:08 - [TEST_STEP][PASSED] - if (ExecuteTC.equalsIgnoreCase("Y")): null

2023-02-08 16:53:08 - [TEST_STEP][PASSED] - out.println("Begin Record Number: " + row): null

2023-02-08 16:53:08 - [TEST_STEP][PASSED] - today = new java.util.Date(): null

2023-02-08 16:53:08 - [TEST_STEP][PASSED] - println(today): null

2023-02-08 16:53:08 - [TEST_STEP][PASSED] - datText = today: null

2023-02-08 16:53:08 - [TEST_STEP][PASSED] - Taxtype = findTestData(dataFile).getValue("TaxType", row): null

2023-02-08 16:53:08 - [TEST_STEP][PASSED] - out.println("Taxtype value is : " + Taxtype): null

2023-02-08 16:53:08 - [TEST_STEP][PASSED] - openBrowser(""): Browser is opened with url: ''

2023-02-08 16:53:08 - [MESSAGE][WARNING] - A browser is already opened. Closing browser and opening a new one

2023-02-08 16:53:09 - [MESSAGE][INFO] - Starting 'Chrome' driver

2023-02-08 16:53:09 - [MESSAGE][INFO] - User set preference: ['acceptInsecureCerts', 'true']

2023-02-08 16:53:09 - [MESSAGE][INFO] - Action delay is set to 0 milliseconds

2023-02-08 16:53:10 - [MESSAGE][PASSED] - Browser is opened with url: ''

2023-02-08 16:53:10 - [TEST_STEP][PASSED] - maximizeWindow(): Current window maximized

2023-02-08 16:53:11 - [MESSAGE][PASSED] - Current window maximized

2023-02-08 16:53:11 - [TEST_STEP][PASSED] - navigateToUrl(RADurl): Navigate to 'https://qa.velocitypayment.com/client/rad/index.html' successfully

2023-02-08 16:53:12 - [MESSAGE][PASSED] - Navigate to 'https://qa.velocitypayment.com/client/rad/index.html' successfully

2023-02-08 16:53:12 - [TEST_STEP][PASSED] - orPath_Landing = "Object Repository/RAD_Pages/Landing_Page": null

2023-02-08 16:53:12 - [TEST_STEP][PASSED] - orPath_TaxTypeFilingYear = "Object Repository/RAD_Pages/TaxTypeFilingYear_Page": null

2023-02-08 16:53:12 - [TEST_STEP][PASSED] - orPath_TaxPayer = "Object Repository/RAD_Pages/Taxpayer_Page": null

2023-02-08 16:53:12 - [TEST_STEP][PASSED] - orPath_AddressContact = "Object Repository/RAD_Pages/AddressAndContactInfo_Page": null

2023-02-08 16:53:12 - [TEST_STEP][PASSED] - orPath_FilingStatus = "Object Repository/RAD_Pages/FilingStatus_Page": null

2023-02-08 16:53:12 - [TEST_STEP][PASSED] - orPath_Amount = "Object Repository/RAD_Pages/PaymentAmount_Page": null

2023-02-08 16:53:12 - [TEST_STEP][PASSED] - orPath_TaxInfo = "Object Repository/RAD_Pages/TaxInfo_Page": null

2023-02-08 16:53:12 - [TEST_STEP][PASSED] - orPath_Withholding = "Object Repository/RAD_Pages/Withholding_Page": null

2023-02-08 16:53:12 - [TEST_STEP][PASSED] - orPath_Summary = "Object Repository/RAD_Pages/Summary_Page": null

2023-02-08 16:53:12 - [TEST_STEP][PASSED] - orPath_PaymentReady = "Object Repository/RAD_Pages/PaymentReady_Page": null

2023-02-08 16:53:12 - [TEST_STEP][PASSED] - orPath_PaymentEntry = "Object Repository/RAD_Pages/PaymentEntry_Page": null

2023-02-08 16:53:12 - [TEST_STEP][PASSED] - orPath_PaymentConfirmation = "Object Repository/RAD_Pages/PaymentConfirmation_Page": null

2023-02-08 16:53:12 - [TEST_STEP][PASSED] - orPath_ServiceFeesAccept = "Object Repository/RAD_Pages/ServiceFeeAccept_Page": null

2023-02-08 16:53:12 - [TEST_STEP][PASSED] - selectOptionByLabel(findTestObject(orPath_Landing + "/dd_TaxType"), Taxtype, false): All options with label 'Personal Income Tax' are selected in object 'Object Repository/RAD_Pages/Landing_Page/dd_TaxType' 

2023-02-08 16:53:13 - [MESSAGE][PASSED] - All options with label 'Personal Income Tax' are selected in object 'Object Repository/RAD_Pages/Landing_Page/dd_TaxType' 

2023-02-08 16:53:13 - [TEST_STEP][PASSED] - delay(3): Delayed 3 second(s)

2023-02-08 16:53:16 - [MESSAGE][PASSED] - Delayed 3 second(s)

2023-02-08 16:53:16 - [TEST_STEP][PASSED] - switch (Taxtype): null

2023-02-08 16:53:16 - [TEST_STEP][PASSED] - case "Personal Income Tax":: null

2023-02-08 16:53:16 - [TEST_STEP][PASSED] - selectOptionByLabel(findTestObject(orPath_TaxTypeFilingYear + "/select_FilingYear"), FilingYear, false): All options with label '2020' are selected in object 'Object Repository/RAD_Pages/TaxTypeFilingYear_Page/select_FilingYear' 

2023-02-08 16:53:17 - [MESSAGE][PASSED] - All options with label '2020' are selected in object 'Object Repository/RAD_Pages/TaxTypeFilingYear_Page/select_FilingYear' 

2023-02-08 16:53:17 - [TEST_STEP][PASSED] - setText(findTestObject(orPath_TaxPayer + "/input_firstName"), FName): Text 'Michael' is set on object 'Object Repository/RAD_Pages/Taxpayer_Page/input_firstName'

2023-02-08 16:53:18 - [MESSAGE][PASSED] - Text 'Michael' is set on object 'Object Repository/RAD_Pages/Taxpayer_Page/input_firstName'

2023-02-08 16:53:18 - [TEST_STEP][PASSED] - setText(findTestObject(orPath_TaxPayer + "/input_lastName"), LName): Text 'Vaughn' is set on object 'Object Repository/RAD_Pages/Taxpayer_Page/input_lastName'

2023-02-08 16:53:19 - [MESSAGE][PASSED] - Text 'Vaughn' is set on object 'Object Repository/RAD_Pages/Taxpayer_Page/input_lastName'

2023-02-08 16:53:19 - [TEST_STEP][PASSED] - setText(findTestObject("RAD_RecordAndPlay/input_concatSSN"), SSN): Text '123452514' is set on object 'Object Repository/RAD_RecordAndPlay/input_concatSSN'

2023-02-08 16:53:19 - [MESSAGE][PASSED] - Text '123452514' is set on object 'Object Repository/RAD_RecordAndPlay/input_concatSSN'

2023-02-08 16:53:19 - [TEST_STEP][PASSED] - setText(findTestObject("RAD_RecordAndPlay/input_concatReSSN"), SSN): Text '123452514' is set on object 'Object Repository/RAD_RecordAndPlay/input_concatReSSN'

2023-02-08 16:53:20 - [MESSAGE][PASSED] - Text '123452514' is set on object 'Object Repository/RAD_RecordAndPlay/input_concatReSSN'

2023-02-08 16:53:20 - [TEST_STEP][PASSED] - if (FilingType.equalsIgnoreCase("Y")): null

2023-02-08 16:53:20 - [TEST_STEP][PASSED] - else: Text '123453210' is set on object 'Object Repository/RAD_RecordAndPlay/input_reTypeJointFilerSSN'

2023-02-08 16:53:20 - [TEST_STEP][PASSED] - scrollToElement(findTestObject(orPath_Amount + "/input__paymentAmount"), 3): Scroll to object 'Object Repository/RAD_Pages/PaymentAmount_Page/input__paymentAmount' successfully

2023-02-08 16:53:20 - [MESSAGE][PASSED] - Scroll to object 'Object Repository/RAD_Pages/PaymentAmount_Page/input__paymentAmount' successfully

2023-02-08 16:53:20 - [TEST_STEP][PASSED] - waitForElementClickable(findTestObject(orPath_FilingStatus + "/input_userType_Joint"), 5): Object 'Object Repository/RAD_Pages/FilingStatus_Page/input_userType_Joint' is clickable

2023-02-08 16:53:21 - [MESSAGE][PASSED] - Object 'Object Repository/RAD_Pages/FilingStatus_Page/input_userType_Joint' is clickable

2023-02-08 16:53:21 - [TEST_STEP][PASSED] - check(findTestObject(orPath_FilingStatus + "/input_userType_Joint")): Object 'Object Repository/RAD_Pages/FilingStatus_Page/input_userType_Joint' is checked

2023-02-08 16:53:21 - [MESSAGE][PASSED] - Object 'Object Repository/RAD_Pages/FilingStatus_Page/input_userType_Joint' is checked

2023-02-08 16:53:21 - [TEST_STEP][PASSED] - delay(3): Delayed 3 second(s)

2023-02-08 16:53:24 - [MESSAGE][PASSED] - Delayed 3 second(s)

2023-02-08 16:53:24 - [TEST_STEP][PASSED] - setText(findTestObject(orPath_FilingStatus + "/input_jointFirstName"), "Sam"): Text 'Sam' is set on object 'Object Repository/RAD_Pages/FilingStatus_Page/input_jointFirstName'

2023-02-08 16:53:25 - [MESSAGE][PASSED] - Text 'Sam' is set on object 'Object Repository/RAD_Pages/FilingStatus_Page/input_jointFirstName'

2023-02-08 16:53:25 - [TEST_STEP][PASSED] - setText(findTestObject(orPath_FilingStatus + "/input_jointLastName"), "Stokes"): Text 'Stokes' is set on object 'Object Repository/RAD_Pages/FilingStatus_Page/input_jointLastName'

2023-02-08 16:53:26 - [MESSAGE][PASSED] - Text 'Stokes' is set on object 'Object Repository/RAD_Pages/FilingStatus_Page/input_jointLastName'

2023-02-08 16:53:26 - [TEST_STEP][PASSED] - setText(findTestObject("Object Repository/RAD_RecordAndPlay/input_JointFilerSSN"), "123453210"): Text '123453210' is set on object 'Object Repository/RAD_RecordAndPlay/input_JointFilerSSN'

2023-02-08 16:53:27 - [MESSAGE][PASSED] - Text '123453210' is set on object 'Object Repository/RAD_RecordAndPlay/input_JointFilerSSN'

2023-02-08 16:53:27 - [TEST_STEP][PASSED] - setText(findTestObject("Object Repository/RAD_RecordAndPlay/input_reTypeJointFilerSSN"), "123453210"): Text '123453210' is set on object 'Object Repository/RAD_RecordAndPlay/input_reTypeJointFilerSSN'

2023-02-08 16:53:27 - [MESSAGE][PASSED] - Text '123453210' is set on object 'Object Repository/RAD_RecordAndPlay/input_reTypeJointFilerSSN'

2023-02-08 16:53:27 - [TEST_STEP][PASSED] - break: null

2023-02-08 16:53:27 - [TEST_STEP][PASSED] - if (PaymentType.equalsIgnoreCase("Personal")): null

2023-02-08 16:53:27 - [TEST_STEP][PASSED] - selectOptionByLabel(findTestObject(orPath_AddressContact + "/select_Country"), "United States", false): All options with label 'United States' are selected in object 'Object Repository/RAD_Pages/AddressAndContactInfo_Page/select_Country' 

2023-02-08 16:53:28 - [MESSAGE][PASSED] - All options with label 'United States' are selected in object 'Object Repository/RAD_Pages/AddressAndContactInfo_Page/select_Country' 

2023-02-08 16:53:28 - [TEST_STEP][PASSED] - setText(findTestObject(orPath_AddressContact + "/input_streetAddress1"), AL1): Text '2000 14th street' is set on object 'Object Repository/RAD_Pages/AddressAndContactInfo_Page/input_streetAddress1'

2023-02-08 16:53:29 - [MESSAGE][PASSED] - Text '2000 14th street' is set on object 'Object Repository/RAD_Pages/AddressAndContactInfo_Page/input_streetAddress1'

2023-02-08 16:53:29 - [TEST_STEP][PASSED] - setText(findTestObject(orPath_AddressContact + "/input_streetAddress2"), ""): Text '' is set on object 'Object Repository/RAD_Pages/AddressAndContactInfo_Page/input_streetAddress2'

2023-02-08 16:53:30 - [MESSAGE][PASSED] - Text '' is set on object 'Object Repository/RAD_Pages/AddressAndContactInfo_Page/input_streetAddress2'

2023-02-08 16:53:30 - [TEST_STEP][PASSED] - setText(findTestObject(orPath_AddressContact + "/input_city"), City): Text 'Columbia' is set on object 'Object Repository/RAD_Pages/AddressAndContactInfo_Page/input_city'

2023-02-08 16:53:31 - [MESSAGE][PASSED] - Text 'Columbia' is set on object 'Object Repository/RAD_Pages/AddressAndContactInfo_Page/input_city'

2023-02-08 16:53:31 - [TEST_STEP][PASSED] - selectOptionByLabel(findTestObject(orPath_AddressContact + "/select_State"), "Maryland", false): All options with label 'Maryland' are selected in object 'Object Repository/RAD_Pages/AddressAndContactInfo_Page/select_State' 

2023-02-08 16:53:32 - [MESSAGE][PASSED] - All options with label 'Maryland' are selected in object 'Object Repository/RAD_Pages/AddressAndContactInfo_Page/select_State' 

2023-02-08 16:53:32 - [TEST_STEP][PASSED] - setText(findTestObject(orPath_AddressContact + "/input_zipCode"), ZIP): Text '21093' is set on object 'Object Repository/RAD_Pages/AddressAndContactInfo_Page/input_zipCode'

2023-02-08 16:53:33 - [MESSAGE][PASSED] - Text '21093' is set on object 'Object Repository/RAD_Pages/AddressAndContactInfo_Page/input_zipCode'

2023-02-08 16:53:33 - [TEST_STEP][PASSED] - setText(findTestObject(orPath_AddressContact + "/input_phoneNumber"), "(703) 894-5000"): Text '(703) 894-5000' is set on object 'Object Repository/RAD_Pages/AddressAndContactInfo_Page/input_phoneNumber'

2023-02-08 16:53:34 - [MESSAGE][PASSED] - Text '(703) 894-5000' is set on object 'Object Repository/RAD_Pages/AddressAndContactInfo_Page/input_phoneNumber'

2023-02-08 16:53:34 - [TEST_STEP][PASSED] - setText(findTestObject(orPath_AddressContact + "/input_eMailAddress"), "iahmed@govolution.com"): Text 'iahmed@govolution.com' is set on object 'Object Repository/RAD_Pages/AddressAndContactInfo_Page/input_eMailAddress'

2023-02-08 16:53:34 - [MESSAGE][PASSED] - Text 'iahmed@govolution.com' is set on object 'Object Repository/RAD_Pages/AddressAndContactInfo_Page/input_eMailAddress'

2023-02-08 16:53:34 - [TEST_STEP][PASSED] - setText(findTestObject(orPath_AddressContact + "/input_reEnterEMailAddress"), "iahmed@govolution.com"): Text 'iahmed@govolution.com' is set on object 'Object Repository/RAD_Pages/AddressAndContactInfo_Page/input_reEnterEMailAddress'

2023-02-08 16:53:35 - [MESSAGE][PASSED] - Text 'iahmed@govolution.com' is set on object 'Object Repository/RAD_Pages/AddressAndContactInfo_Page/input_reEnterEMailAddress'

2023-02-08 16:53:35 - [TEST_STEP][PASSED] - setText(findTestObject(orPath_Amount + "/input__paymentAmount"), Amount): Text '100.00' is set on object 'Object Repository/RAD_Pages/PaymentAmount_Page/input__paymentAmount'

2023-02-08 16:53:36 - [MESSAGE][PASSED] - Text '100.00' is set on object 'Object Repository/RAD_Pages/PaymentAmount_Page/input__paymentAmount'

2023-02-08 16:53:36 - [TEST_STEP][PASSED] - scrollToElement(findTestObject(orPath_Landing + "/button_Continue"), 3): Scroll to object 'Object Repository/RAD_Pages/Landing_Page/button_Continue' successfully

2023-02-08 16:53:37 - [MESSAGE][PASSED] - Scroll to object 'Object Repository/RAD_Pages/Landing_Page/button_Continue' successfully

2023-02-08 16:53:37 - [TEST_STEP][PASSED] - waitForElementClickable(findTestObject(orPath_Landing + "/button_Continue"), 5): Object 'Object Repository/RAD_Pages/Landing_Page/button_Continue' is clickable

2023-02-08 16:53:37 - [MESSAGE][PASSED] - Object 'Object Repository/RAD_Pages/Landing_Page/button_Continue' is clickable

2023-02-08 16:53:37 - [TEST_STEP][PASSED] - click(findTestObject(orPath_Landing + "/button_Continue")): Object: 'Object Repository/RAD_Pages/Landing_Page/button_Continue' is clicked on

2023-02-08 16:53:38 - [MESSAGE][PASSED] - Object: 'Object Repository/RAD_Pages/Landing_Page/button_Continue' is clicked on

2023-02-08 16:53:38 - [TEST_STEP][PASSED] - verifyTextPresent("Review the information below and make any necessary corrections by clicking the", true): Text 'Review the information below and make any necessary corrections by clicking the' is present on page  using regular expression

2023-02-08 16:53:38 - [MESSAGE][PASSED] - Text 'Review the information below and make any necessary corrections by clicking the' is present on page  using regular expression

2023-02-08 16:53:38 - [TEST_STEP][PASSED] - verifyTextPresent("When you are confident that all the information is correct", true): Text 'When you are confident that all the information is correct' is present on page  using regular expression

2023-02-08 16:53:39 - [MESSAGE][PASSED] - Text 'When you are confident that all the information is correct' is present on page  using regular expression

2023-02-08 16:53:39 - [TEST_STEP][PASSED] - delay(1): Delayed 1 second(s)

2023-02-08 16:53:40 - [MESSAGE][PASSED] - Delayed 1 second(s)

2023-02-08 16:53:40 - [TEST_STEP][PASSED] - click(findTestObject(orPath_Summary + "/button_Proceed to Payment")): Object: 'Object Repository/RAD_Pages/Summary_Page/button_Proceed to Payment' is clicked on

2023-02-08 16:53:42 - [MESSAGE][PASSED] - Object: 'Object Repository/RAD_Pages/Summary_Page/button_Proceed to Payment' is clicked on

2023-02-08 16:53:42 - [TEST_STEP][PASSED] - if (PaymentType.equalsIgnoreCase("Corporate")): null

2023-02-08 16:53:42 - [TEST_STEP][PASSED] - setText(findTestObject(orPath_PaymentEntry + "/input__cardNumber"), CCNumber): Text '6011000993026909' is set on object 'Object Repository/RAD_Pages/PaymentEntry_Page/input__cardNumber'

2023-02-08 16:53:43 - [MESSAGE][PASSED] - Text '6011000993026909' is set on object 'Object Repository/RAD_Pages/PaymentEntry_Page/input__cardNumber'

2023-02-08 16:53:43 - [TEST_STEP][PASSED] - setText(findTestObject(orPath_PaymentEntry + "/input__spc"), CVV): Text '123' is set on object 'Object Repository/RAD_Pages/PaymentEntry_Page/input__spc'

2023-02-08 16:53:43 - [MESSAGE][PASSED] - Text '123' is set on object 'Object Repository/RAD_Pages/PaymentEntry_Page/input__spc'

2023-02-08 16:53:43 - [TEST_STEP][PASSED] - selectOptionByLabel(findTestObject(orPath_PaymentEntry + "/select_MM"), "12", false): All options with label '12' are selected in object 'Object Repository/RAD_Pages/PaymentEntry_Page/select_MM' 

2023-02-08 16:53:44 - [MESSAGE][PASSED] - All options with label '12' are selected in object 'Object Repository/RAD_Pages/PaymentEntry_Page/select_MM' 

2023-02-08 16:53:44 - [TEST_STEP][PASSED] - selectOptionByLabel(findTestObject(orPath_PaymentEntry + "/select_YYYY"), "2023", false): All options with label '2023' are selected in object 'Object Repository/RAD_Pages/PaymentEntry_Page/select_YYYY' 

2023-02-08 16:53:45 - [MESSAGE][PASSED] - All options with label '2023' are selected in object 'Object Repository/RAD_Pages/PaymentEntry_Page/select_YYYY' 

2023-02-08 16:53:45 - [TEST_STEP][PASSED] - click(findTestObject(orPath_PaymentEntry + "/input_Field_ccSubmit")): Object: 'Object Repository/RAD_Pages/PaymentEntry_Page/input_Field_ccSubmit' is clicked on

2023-02-08 16:53:46 - [MESSAGE][PASSED] - Object: 'Object Repository/RAD_Pages/PaymentEntry_Page/input_Field_ccSubmit' is clicked on

2023-02-08 16:53:46 - [TEST_STEP][PASSED] - click(findTestObject(orPath_PaymentConfirmation + "/input_N_confirmNotifyAction")): Object: 'Object Repository/RAD_Pages/PaymentConfirmation_Page/input_N_confirmNotifyAction' is clicked on

2023-02-08 16:53:47 - [MESSAGE][PASSED] - Object: 'Object Repository/RAD_Pages/PaymentConfirmation_Page/input_N_confirmNotifyAction' is clicked on

2023-02-08 16:53:47 - [TEST_STEP][PASSED] - click(findTestObject(orPath_ServiceFeesAccept + "/input_convFeeNotifyAction")): Object: 'Object Repository/RAD_Pages/ServiceFeeAccept_Page/input_convFeeNotifyAction' is clicked on

2023-02-08 16:53:49 - [MESSAGE][PASSED] - Object: 'Object Repository/RAD_Pages/ServiceFeeAccept_Page/input_convFeeNotifyAction' is clicked on

2023-02-08 16:53:49 - [TEST_STEP][PASSED] - delay(10): Delayed 10 second(s)

2023-02-08 16:53:59 - [MESSAGE][PASSED] - Delayed 10 second(s)

2023-02-08 16:53:59 - [TEST_STEP][PASSED] - verifyTextPresent("Successful Payment Receipt", true): Text 'Successful Payment Receipt' is present on page  using regular expression

2023-02-08 16:53:59 - [MESSAGE][PASSED] - Text 'Successful Payment Receipt' is present on page  using regular expression

2023-02-08 16:53:59 - [TEST_STEP][PASSED] - if (verifyTextPresent("Successful Payment Receipt", true)): null

2023-02-08 16:53:59 - [MESSAGE][PASSED] - Text 'Successful Payment Receipt' is present on page  using regular expression

2023-02-08 16:53:59 - [TEST_STEP][PASSED] - println("Transaction was Successful"): null

2023-02-08 16:53:59 - [TEST_STEP][PASSED] - out.println("Pass Record Number: " + row): null

2023-02-08 16:53:59 - [TEST_STEP][PASSED] - resText = "Pass": null

2023-02-08 16:53:59 - [TEST_STEP][PASSED] - pages.WriteExcel.demoKey(resText, datText, resColumn, datCloumn, fileLoc, nameSheet, row): pages.WriteExcel.demoKey is PASSED

2023-02-08 16:53:59 - [MESSAGE][PASSED] - pages.WriteExcel.demoKey is PASSED

2023-02-08 16:53:59 - [TEST_STEP][PASSED] - ExecuteTC = findTestData(dataFile).getValue("Execute", row): null

2023-02-08 16:53:59 - [TEST_STEP][PASSED] - PaymentType = findTestData(dataFile).getValue("PaymentType", row): null

2023-02-08 16:53:59 - [TEST_STEP][PASSED] - FilingYear = findTestData(dataFile).getValue("FilingYear", row): null

2023-02-08 16:53:59 - [TEST_STEP][PASSED] - PeriodEnding = findTestData(dataFile).getValue("PeriodEnding", row): null

2023-02-08 16:53:59 - [TEST_STEP][PASSED] - FName = findTestData(dataFile).getValue("Fname", row): null

2023-02-08 16:53:59 - [TEST_STEP][PASSED] - LName = findTestData(dataFile).getValue("Lname", row): null

2023-02-08 16:53:59 - [TEST_STEP][PASSED] - SSN = findTestData(dataFile).getValue("SSN", row): null

2023-02-08 16:53:59 - [TEST_STEP][PASSED] - BusName = findTestData(dataFile).getValue("BusName", row): null

2023-02-08 16:54:00 - [TEST_STEP][PASSED] - AL1 = findTestData(dataFile).getValue("AL1", row): null

2023-02-08 16:54:00 - [TEST_STEP][PASSED] - City = findTestData(dataFile).getValue("City", row): null

2023-02-08 16:54:00 - [TEST_STEP][PASSED] - ZIP = findTestData(dataFile).getValue("ZIP", row): null

2023-02-08 16:54:00 - [TEST_STEP][PASSED] - FilingType = findTestData(dataFile).getValue("FilingType", row): null

2023-02-08 16:54:00 - [TEST_STEP][PASSED] - Withholding = findTestData(dataFile).getValue("Withholding", row): null

2023-02-08 16:54:00 - [TEST_STEP][PASSED] - Amount = findTestData(dataFile).getValue("Amount", row): null

2023-02-08 16:54:00 - [TEST_STEP][PASSED] - CCNumber = findTestData(dataFile).getValue("CCNumber", row): null

2023-02-08 16:54:00 - [TEST_STEP][PASSED] - CVV = findTestData(dataFile).getValue("CVV", row): null

2023-02-08 16:54:00 - [TEST_STEP][PASSED] - out.println("Value of Execute is : " + ExecuteTC): null

2023-02-08 16:54:00 - [TEST_STEP][PASSED] - if (ExecuteTC.equalsIgnoreCase("Y")): null

2023-02-08 16:54:00 - [TEST_STEP][PASSED] - out.println("Begin Record Number: " + row): null

2023-02-08 16:54:00 - [TEST_STEP][PASSED] - today = new java.util.Date(): null

2023-02-08 16:54:00 - [TEST_STEP][PASSED] - println(today): null

2023-02-08 16:54:00 - [TEST_STEP][PASSED] - datText = today: null

2023-02-08 16:54:00 - [TEST_STEP][PASSED] - Taxtype = findTestData(dataFile).getValue("TaxType", row): null

2023-02-08 16:54:00 - [TEST_STEP][PASSED] - out.println("Taxtype value is : " + Taxtype): null

2023-02-08 16:54:00 - [TEST_STEP][PASSED] - openBrowser(""): Browser is opened with url: ''

2023-02-08 16:54:00 - [MESSAGE][WARNING] - A browser is already opened. Closing browser and opening a new one

2023-02-08 16:54:01 - [MESSAGE][INFO] - Starting 'Chrome' driver

2023-02-08 16:54:01 - [MESSAGE][INFO] - User set preference: ['acceptInsecureCerts', 'true']

2023-02-08 16:54:01 - [MESSAGE][INFO] - Action delay is set to 0 milliseconds

2023-02-08 16:54:02 - [MESSAGE][PASSED] - Browser is opened with url: ''

2023-02-08 16:54:02 - [TEST_STEP][PASSED] - maximizeWindow(): Current window maximized

2023-02-08 16:54:02 - [MESSAGE][PASSED] - Current window maximized

2023-02-08 16:54:02 - [TEST_STEP][PASSED] - navigateToUrl(RADurl): Navigate to 'https://qa.velocitypayment.com/client/rad/index.html' successfully

2023-02-08 16:54:04 - [MESSAGE][PASSED] - Navigate to 'https://qa.velocitypayment.com/client/rad/index.html' successfully

2023-02-08 16:54:04 - [TEST_STEP][PASSED] - orPath_Landing = "Object Repository/RAD_Pages/Landing_Page": null

2023-02-08 16:54:04 - [TEST_STEP][PASSED] - orPath_TaxTypeFilingYear = "Object Repository/RAD_Pages/TaxTypeFilingYear_Page": null

2023-02-08 16:54:04 - [TEST_STEP][PASSED] - orPath_TaxPayer = "Object Repository/RAD_Pages/Taxpayer_Page": null

2023-02-08 16:54:04 - [TEST_STEP][PASSED] - orPath_AddressContact = "Object Repository/RAD_Pages/AddressAndContactInfo_Page": null

2023-02-08 16:54:04 - [TEST_STEP][PASSED] - orPath_FilingStatus = "Object Repository/RAD_Pages/FilingStatus_Page": null

2023-02-08 16:54:04 - [TEST_STEP][PASSED] - orPath_Amount = "Object Repository/RAD_Pages/PaymentAmount_Page": null

2023-02-08 16:54:04 - [TEST_STEP][PASSED] - orPath_TaxInfo = "Object Repository/RAD_Pages/TaxInfo_Page": null

2023-02-08 16:54:04 - [TEST_STEP][PASSED] - orPath_Withholding = "Object Repository/RAD_Pages/Withholding_Page": null

2023-02-08 16:54:04 - [TEST_STEP][PASSED] - orPath_Summary = "Object Repository/RAD_Pages/Summary_Page": null

2023-02-08 16:54:04 - [TEST_STEP][PASSED] - orPath_PaymentReady = "Object Repository/RAD_Pages/PaymentReady_Page": null

2023-02-08 16:54:04 - [TEST_STEP][PASSED] - orPath_PaymentEntry = "Object Repository/RAD_Pages/PaymentEntry_Page": null

2023-02-08 16:54:04 - [TEST_STEP][PASSED] - orPath_PaymentConfirmation = "Object Repository/RAD_Pages/PaymentConfirmation_Page": null

2023-02-08 16:54:04 - [TEST_STEP][PASSED] - orPath_ServiceFeesAccept = "Object Repository/RAD_Pages/ServiceFeeAccept_Page": null

2023-02-08 16:54:04 - [TEST_STEP][PASSED] - selectOptionByLabel(findTestObject(orPath_Landing + "/dd_TaxType"), Taxtype, false): All options with label 'Extension Payments' are selected in object 'Object Repository/RAD_Pages/Landing_Page/dd_TaxType' 

2023-02-08 16:54:05 - [MESSAGE][PASSED] - All options with label 'Extension Payments' are selected in object 'Object Repository/RAD_Pages/Landing_Page/dd_TaxType' 

2023-02-08 16:54:05 - [TEST_STEP][PASSED] - delay(3): Delayed 3 second(s)

2023-02-08 16:54:08 - [MESSAGE][PASSED] - Delayed 3 second(s)

2023-02-08 16:54:08 - [TEST_STEP][PASSED] - switch (Taxtype): null

2023-02-08 16:54:08 - [TEST_STEP][PASSED] - case "Extension Payments":: null

2023-02-08 16:54:08 - [TEST_STEP][PASSED] - selectOptionByLabel(findTestObject(orPath_TaxTypeFilingYear + "/select_PaymentType"), PaymentType, false): All options with label 'Personal' are selected in object 'Object Repository/RAD_Pages/TaxTypeFilingYear_Page/select_PaymentType' 

2023-02-08 16:54:08 - [MESSAGE][PASSED] - All options with label 'Personal' are selected in object 'Object Repository/RAD_Pages/TaxTypeFilingYear_Page/select_PaymentType' 

2023-02-08 16:54:08 - [TEST_STEP][PASSED] - selectOptionByLabel(findTestObject(orPath_TaxTypeFilingYear + "/select_FilingYear"), FilingYear, false): All options with label '2022' are selected in object 'Object Repository/RAD_Pages/TaxTypeFilingYear_Page/select_FilingYear' 

2023-02-08 16:54:09 - [MESSAGE][PASSED] - All options with label '2022' are selected in object 'Object Repository/RAD_Pages/TaxTypeFilingYear_Page/select_FilingYear' 

2023-02-08 16:54:09 - [TEST_STEP][PASSED] - if (PaymentType.equalsIgnoreCase("Personal")): Object 'Object Repository/RAD_Pages/FilingStatus_Page/input_userType_Individual' is checked

2023-02-08 16:54:09 - [TEST_STEP][PASSED] - if (FilingType.equalsIgnoreCase("Y")): Object 'Object Repository/RAD_Pages/FilingStatus_Page/input_userType_Individual' is checked

2023-02-08 16:54:09 - [TEST_STEP][PASSED] - setText(findTestObject(orPath_TaxPayer + "/input_firstName"), FName): Text 'Jimmie' is set on object 'Object Repository/RAD_Pages/Taxpayer_Page/input_firstName'

2023-02-08 16:54:10 - [MESSAGE][PASSED] - Text 'Jimmie' is set on object 'Object Repository/RAD_Pages/Taxpayer_Page/input_firstName'

2023-02-08 16:54:10 - [TEST_STEP][PASSED] - setText(findTestObject(orPath_TaxPayer + "/input_lastName"), LName): Text 'Anderson' is set on object 'Object Repository/RAD_Pages/Taxpayer_Page/input_lastName'

2023-02-08 16:54:11 - [MESSAGE][PASSED] - Text 'Anderson' is set on object 'Object Repository/RAD_Pages/Taxpayer_Page/input_lastName'

2023-02-08 16:54:11 - [TEST_STEP][PASSED] - setText(findTestObject("RAD_RecordAndPlay/input_concatSSN"), SSN): Text '123451234' is set on object 'Object Repository/RAD_RecordAndPlay/input_concatSSN'

2023-02-08 16:54:12 - [MESSAGE][PASSED] - Text '123451234' is set on object 'Object Repository/RAD_RecordAndPlay/input_concatSSN'

2023-02-08 16:54:12 - [TEST_STEP][PASSED] - setText(findTestObject("RAD_RecordAndPlay/input_concatReSSN"), SSN): Text '123451234' is set on object 'Object Repository/RAD_RecordAndPlay/input_concatReSSN'

2023-02-08 16:54:12 - [MESSAGE][PASSED] - Text '123451234' is set on object 'Object Repository/RAD_RecordAndPlay/input_concatReSSN'

2023-02-08 16:54:12 - [TEST_STEP][PASSED] - check(findTestObject(orPath_FilingStatus + "/input_userType_Individual")): Object 'Object Repository/RAD_Pages/FilingStatus_Page/input_userType_Individual' is checked

2023-02-08 16:54:13 - [MESSAGE][PASSED] - Object 'Object Repository/RAD_Pages/FilingStatus_Page/input_userType_Individual' is checked

2023-02-08 16:54:13 - [TEST_STEP][PASSED] - break: null

2023-02-08 16:54:13 - [TEST_STEP][PASSED] - if (PaymentType.equalsIgnoreCase("Personal")): Text 'Anderson' is set on object 'Object Repository/RAD_Pages/Taxpayer_Page/input_lastName'

2023-02-08 16:54:13 - [TEST_STEP][PASSED] - setText(findTestObject(orPath_TaxPayer + "/input_firstName"), FName): Text 'Jimmie' is set on object 'Object Repository/RAD_Pages/Taxpayer_Page/input_firstName'

2023-02-08 16:54:14 - [MESSAGE][PASSED] - Text 'Jimmie' is set on object 'Object Repository/RAD_Pages/Taxpayer_Page/input_firstName'

2023-02-08 16:54:14 - [TEST_STEP][PASSED] - setText(findTestObject(orPath_TaxPayer + "/input_lastName"), LName): Text 'Anderson' is set on object 'Object Repository/RAD_Pages/Taxpayer_Page/input_lastName'

2023-02-08 16:54:15 - [MESSAGE][PASSED] - Text 'Anderson' is set on object 'Object Repository/RAD_Pages/Taxpayer_Page/input_lastName'

2023-02-08 16:54:15 - [TEST_STEP][PASSED] - selectOptionByLabel(findTestObject(orPath_AddressContact + "/select_Country"), "United States", false): All options with label 'United States' are selected in object 'Object Repository/RAD_Pages/AddressAndContactInfo_Page/select_Country' 

2023-02-08 16:54:16 - [MESSAGE][PASSED] - All options with label 'United States' are selected in object 'Object Repository/RAD_Pages/AddressAndContactInfo_Page/select_Country' 

2023-02-08 16:54:16 - [TEST_STEP][PASSED] - setText(findTestObject(orPath_AddressContact + "/input_streetAddress1"), AL1): Text '15 Main Street' is set on object 'Object Repository/RAD_Pages/AddressAndContactInfo_Page/input_streetAddress1'

2023-02-08 16:54:16 - [MESSAGE][PASSED] - Text '15 Main Street' is set on object 'Object Repository/RAD_Pages/AddressAndContactInfo_Page/input_streetAddress1'

2023-02-08 16:54:16 - [TEST_STEP][PASSED] - setText(findTestObject(orPath_AddressContact + "/input_streetAddress2"), ""): Text '' is set on object 'Object Repository/RAD_Pages/AddressAndContactInfo_Page/input_streetAddress2'

2023-02-08 16:54:17 - [MESSAGE][PASSED] - Text '' is set on object 'Object Repository/RAD_Pages/AddressAndContactInfo_Page/input_streetAddress2'

2023-02-08 16:54:17 - [TEST_STEP][PASSED] - setText(findTestObject(orPath_AddressContact + "/input_city"), City): Text 'Gambrills' is set on object 'Object Repository/RAD_Pages/AddressAndContactInfo_Page/input_city'

2023-02-08 16:54:18 - [MESSAGE][PASSED] - Text 'Gambrills' is set on object 'Object Repository/RAD_Pages/AddressAndContactInfo_Page/input_city'

2023-02-08 16:54:18 - [TEST_STEP][PASSED] - selectOptionByLabel(findTestObject(orPath_AddressContact + "/select_State"), "Maryland", false): All options with label 'Maryland' are selected in object 'Object Repository/RAD_Pages/AddressAndContactInfo_Page/select_State' 

2023-02-08 16:54:19 - [MESSAGE][PASSED] - All options with label 'Maryland' are selected in object 'Object Repository/RAD_Pages/AddressAndContactInfo_Page/select_State' 

2023-02-08 16:54:19 - [TEST_STEP][PASSED] - setText(findTestObject(orPath_AddressContact + "/input_zipCode"), ZIP): Text '21054' is set on object 'Object Repository/RAD_Pages/AddressAndContactInfo_Page/input_zipCode'

2023-02-08 16:54:20 - [MESSAGE][PASSED] - Text '21054' is set on object 'Object Repository/RAD_Pages/AddressAndContactInfo_Page/input_zipCode'

2023-02-08 16:54:20 - [TEST_STEP][PASSED] - setText(findTestObject(orPath_AddressContact + "/input_phoneNumber"), "(703) 894-5000"): Text '(703) 894-5000' is set on object 'Object Repository/RAD_Pages/AddressAndContactInfo_Page/input_phoneNumber'

2023-02-08 16:54:21 - [MESSAGE][PASSED] - Text '(703) 894-5000' is set on object 'Object Repository/RAD_Pages/AddressAndContactInfo_Page/input_phoneNumber'

2023-02-08 16:54:21 - [TEST_STEP][PASSED] - setText(findTestObject(orPath_AddressContact + "/input_eMailAddress"), "iahmed@govolution.com"): Text 'iahmed@govolution.com' is set on object 'Object Repository/RAD_Pages/AddressAndContactInfo_Page/input_eMailAddress'

2023-02-08 16:54:22 - [MESSAGE][PASSED] - Text 'iahmed@govolution.com' is set on object 'Object Repository/RAD_Pages/AddressAndContactInfo_Page/input_eMailAddress'

2023-02-08 16:54:22 - [TEST_STEP][PASSED] - setText(findTestObject(orPath_AddressContact + "/input_reEnterEMailAddress"), "iahmed@govolution.com"): Text 'iahmed@govolution.com' is set on object 'Object Repository/RAD_Pages/AddressAndContactInfo_Page/input_reEnterEMailAddress'

2023-02-08 16:54:23 - [MESSAGE][PASSED] - Text 'iahmed@govolution.com' is set on object 'Object Repository/RAD_Pages/AddressAndContactInfo_Page/input_reEnterEMailAddress'

2023-02-08 16:54:23 - [TEST_STEP][PASSED] - setText(findTestObject(orPath_Amount + "/input__paymentAmount"), Amount): Text '100.00' is set on object 'Object Repository/RAD_Pages/PaymentAmount_Page/input__paymentAmount'

2023-02-08 16:54:24 - [MESSAGE][PASSED] - Text '100.00' is set on object 'Object Repository/RAD_Pages/PaymentAmount_Page/input__paymentAmount'

2023-02-08 16:54:24 - [TEST_STEP][PASSED] - scrollToElement(findTestObject(orPath_Landing + "/button_Continue"), 3): Scroll to object 'Object Repository/RAD_Pages/Landing_Page/button_Continue' successfully

2023-02-08 16:54:25 - [MESSAGE][PASSED] - Scroll to object 'Object Repository/RAD_Pages/Landing_Page/button_Continue' successfully

2023-02-08 16:54:25 - [TEST_STEP][PASSED] - waitForElementClickable(findTestObject(orPath_Landing + "/button_Continue"), 5): Object 'Object Repository/RAD_Pages/Landing_Page/button_Continue' is clickable

2023-02-08 16:54:25 - [MESSAGE][PASSED] - Object 'Object Repository/RAD_Pages/Landing_Page/button_Continue' is clickable

2023-02-08 16:54:25 - [TEST_STEP][PASSED] - click(findTestObject(orPath_Landing + "/button_Continue")): Object: 'Object Repository/RAD_Pages/Landing_Page/button_Continue' is clicked on

2023-02-08 16:54:26 - [MESSAGE][PASSED] - Object: 'Object Repository/RAD_Pages/Landing_Page/button_Continue' is clicked on

2023-02-08 16:54:26 - [TEST_STEP][PASSED] - verifyTextPresent("Review the information below and make any necessary corrections by clicking the", true): Text 'Review the information below and make any necessary corrections by clicking the' is present on page  using regular expression

2023-02-08 16:54:26 - [MESSAGE][PASSED] - Text 'Review the information below and make any necessary corrections by clicking the' is present on page  using regular expression

2023-02-08 16:54:26 - [TEST_STEP][PASSED] - verifyTextPresent("When you are confident that all the information is correct", true): Text 'When you are confident that all the information is correct' is present on page  using regular expression

2023-02-08 16:54:27 - [MESSAGE][PASSED] - Text 'When you are confident that all the information is correct' is present on page  using regular expression

2023-02-08 16:54:27 - [TEST_STEP][PASSED] - delay(1): Delayed 1 second(s)

2023-02-08 16:54:28 - [MESSAGE][PASSED] - Delayed 1 second(s)

2023-02-08 16:54:28 - [TEST_STEP][PASSED] - click(findTestObject(orPath_Summary + "/button_Proceed to Payment")): Object: 'Object Repository/RAD_Pages/Summary_Page/button_Proceed to Payment' is clicked on

2023-02-08 16:54:30 - [MESSAGE][PASSED] - Object: 'Object Repository/RAD_Pages/Summary_Page/button_Proceed to Payment' is clicked on

2023-02-08 16:54:30 - [TEST_STEP][PASSED] - if (PaymentType.equalsIgnoreCase("Corporate")): null

2023-02-08 16:54:30 - [TEST_STEP][PASSED] - setText(findTestObject(orPath_PaymentEntry + "/input__cardNumber"), CCNumber): Text '4012000098765439' is set on object 'Object Repository/RAD_Pages/PaymentEntry_Page/input__cardNumber'

2023-02-08 16:54:31 - [MESSAGE][PASSED] - Text '4012000098765439' is set on object 'Object Repository/RAD_Pages/PaymentEntry_Page/input__cardNumber'

2023-02-08 16:54:31 - [TEST_STEP][PASSED] - setText(findTestObject(orPath_PaymentEntry + "/input__spc"), CVV): Text '123' is set on object 'Object Repository/RAD_Pages/PaymentEntry_Page/input__spc'

2023-02-08 16:54:32 - [MESSAGE][PASSED] - Text '123' is set on object 'Object Repository/RAD_Pages/PaymentEntry_Page/input__spc'

2023-02-08 16:54:32 - [TEST_STEP][PASSED] - selectOptionByLabel(findTestObject(orPath_PaymentEntry + "/select_MM"), "12", false): All options with label '12' are selected in object 'Object Repository/RAD_Pages/PaymentEntry_Page/select_MM' 

2023-02-08 16:54:33 - [MESSAGE][PASSED] - All options with label '12' are selected in object 'Object Repository/RAD_Pages/PaymentEntry_Page/select_MM' 

2023-02-08 16:54:33 - [TEST_STEP][PASSED] - selectOptionByLabel(findTestObject(orPath_PaymentEntry + "/select_YYYY"), "2023", false): All options with label '2023' are selected in object 'Object Repository/RAD_Pages/PaymentEntry_Page/select_YYYY' 

2023-02-08 16:54:33 - [MESSAGE][PASSED] - All options with label '2023' are selected in object 'Object Repository/RAD_Pages/PaymentEntry_Page/select_YYYY' 

2023-02-08 16:54:33 - [TEST_STEP][PASSED] - click(findTestObject(orPath_PaymentEntry + "/input_Field_ccSubmit")): Object: 'Object Repository/RAD_Pages/PaymentEntry_Page/input_Field_ccSubmit' is clicked on

2023-02-08 16:54:34 - [MESSAGE][PASSED] - Object: 'Object Repository/RAD_Pages/PaymentEntry_Page/input_Field_ccSubmit' is clicked on

2023-02-08 16:54:34 - [TEST_STEP][PASSED] - click(findTestObject(orPath_PaymentConfirmation + "/input_N_confirmNotifyAction")): Object: 'Object Repository/RAD_Pages/PaymentConfirmation_Page/input_N_confirmNotifyAction' is clicked on

2023-02-08 16:54:36 - [MESSAGE][PASSED] - Object: 'Object Repository/RAD_Pages/PaymentConfirmation_Page/input_N_confirmNotifyAction' is clicked on

2023-02-08 16:54:36 - [TEST_STEP][PASSED] - click(findTestObject(orPath_ServiceFeesAccept + "/input_convFeeNotifyAction")): Object: 'Object Repository/RAD_Pages/ServiceFeeAccept_Page/input_convFeeNotifyAction' is clicked on

2023-02-08 16:54:37 - [MESSAGE][PASSED] - Object: 'Object Repository/RAD_Pages/ServiceFeeAccept_Page/input_convFeeNotifyAction' is clicked on

2023-02-08 16:54:37 - [TEST_STEP][PASSED] - delay(10): Delayed 10 second(s)

2023-02-08 16:54:47 - [MESSAGE][PASSED] - Delayed 10 second(s)

2023-02-08 16:54:47 - [TEST_STEP][PASSED] - verifyTextPresent("Successful Payment Receipt", true): Text 'Successful Payment Receipt' is present on page  using regular expression

2023-02-08 16:54:48 - [MESSAGE][PASSED] - Text 'Successful Payment Receipt' is present on page  using regular expression

2023-02-08 16:54:48 - [TEST_STEP][PASSED] - if (verifyTextPresent("Successful Payment Receipt", true)): null

2023-02-08 16:54:48 - [MESSAGE][PASSED] - Text 'Successful Payment Receipt' is present on page  using regular expression

2023-02-08 16:54:48 - [TEST_STEP][PASSED] - println("Transaction was Successful"): null

2023-02-08 16:54:48 - [TEST_STEP][PASSED] - out.println("Pass Record Number: " + row): null

2023-02-08 16:54:48 - [TEST_STEP][PASSED] - resText = "Pass": null

2023-02-08 16:54:48 - [TEST_STEP][PASSED] - pages.WriteExcel.demoKey(resText, datText, resColumn, datCloumn, fileLoc, nameSheet, row): pages.WriteExcel.demoKey is PASSED

2023-02-08 16:54:48 - [MESSAGE][PASSED] - pages.WriteExcel.demoKey is PASSED

2023-02-08 16:54:48 - [TEST_STEP][PASSED] - ExecuteTC = findTestData(dataFile).getValue("Execute", row): null

2023-02-08 16:54:48 - [TEST_STEP][PASSED] - PaymentType = findTestData(dataFile).getValue("PaymentType", row): null

2023-02-08 16:54:48 - [TEST_STEP][PASSED] - FilingYear = findTestData(dataFile).getValue("FilingYear", row): null

2023-02-08 16:54:48 - [TEST_STEP][PASSED] - PeriodEnding = findTestData(dataFile).getValue("PeriodEnding", row): null

2023-02-08 16:54:48 - [TEST_STEP][PASSED] - FName = findTestData(dataFile).getValue("Fname", row): null

2023-02-08 16:54:48 - [TEST_STEP][PASSED] - LName = findTestData(dataFile).getValue("Lname", row): null

2023-02-08 16:54:48 - [TEST_STEP][PASSED] - SSN = findTestData(dataFile).getValue("SSN", row): null

2023-02-08 16:54:48 - [TEST_STEP][PASSED] - BusName = findTestData(dataFile).getValue("BusName", row): null

2023-02-08 16:54:48 - [TEST_STEP][PASSED] - AL1 = findTestData(dataFile).getValue("AL1", row): null

2023-02-08 16:54:48 - [TEST_STEP][PASSED] - City = findTestData(dataFile).getValue("City", row): null

2023-02-08 16:54:48 - [TEST_STEP][PASSED] - ZIP = findTestData(dataFile).getValue("ZIP", row): null

2023-02-08 16:54:48 - [TEST_STEP][PASSED] - FilingType = findTestData(dataFile).getValue("FilingType", row): null

2023-02-08 16:54:48 - [TEST_STEP][PASSED] - Withholding = findTestData(dataFile).getValue("Withholding", row): null

2023-02-08 16:54:48 - [TEST_STEP][PASSED] - Amount = findTestData(dataFile).getValue("Amount", row): null

2023-02-08 16:54:48 - [TEST_STEP][PASSED] - CCNumber = findTestData(dataFile).getValue("CCNumber", row): null

2023-02-08 16:54:48 - [TEST_STEP][PASSED] - CVV = findTestData(dataFile).getValue("CVV", row): null

2023-02-08 16:54:49 - [TEST_STEP][PASSED] - out.println("Value of Execute is : " + ExecuteTC): null

2023-02-08 16:54:49 - [TEST_STEP][PASSED] - if (ExecuteTC.equalsIgnoreCase("Y")): null

2023-02-08 16:54:49 - [TEST_STEP][PASSED] - out.println("Begin Record Number: " + row): null

2023-02-08 16:54:49 - [TEST_STEP][PASSED] - today = new java.util.Date(): null

2023-02-08 16:54:49 - [TEST_STEP][PASSED] - println(today): null

2023-02-08 16:54:49 - [TEST_STEP][PASSED] - datText = today: null

2023-02-08 16:54:49 - [TEST_STEP][PASSED] - Taxtype = findTestData(dataFile).getValue("TaxType", row): null

2023-02-08 16:54:49 - [TEST_STEP][PASSED] - out.println("Taxtype value is : " + Taxtype): null

2023-02-08 16:54:49 - [TEST_STEP][PASSED] - openBrowser(""): Browser is opened with url: ''

2023-02-08 16:54:49 - [MESSAGE][WARNING] - A browser is already opened. Closing browser and opening a new one

2023-02-08 16:54:50 - [MESSAGE][INFO] - Starting 'Chrome' driver

2023-02-08 16:54:50 - [MESSAGE][INFO] - User set preference: ['acceptInsecureCerts', 'true']

2023-02-08 16:54:50 - [MESSAGE][INFO] - Action delay is set to 0 milliseconds

2023-02-08 16:54:51 - [MESSAGE][PASSED] - Browser is opened with url: ''

2023-02-08 16:54:51 - [TEST_STEP][PASSED] - maximizeWindow(): Current window maximized

2023-02-08 16:54:51 - [MESSAGE][PASSED] - Current window maximized

2023-02-08 16:54:51 - [TEST_STEP][PASSED] - navigateToUrl(RADurl): Navigate to 'https://qa.velocitypayment.com/client/rad/index.html' successfully

2023-02-08 16:54:54 - [MESSAGE][PASSED] - Navigate to 'https://qa.velocitypayment.com/client/rad/index.html' successfully

2023-02-08 16:54:54 - [TEST_STEP][PASSED] - orPath_Landing = "Object Repository/RAD_Pages/Landing_Page": null

2023-02-08 16:54:54 - [TEST_STEP][PASSED] - orPath_TaxTypeFilingYear = "Object Repository/RAD_Pages/TaxTypeFilingYear_Page": null

2023-02-08 16:54:54 - [TEST_STEP][PASSED] - orPath_TaxPayer = "Object Repository/RAD_Pages/Taxpayer_Page": null

2023-02-08 16:54:54 - [TEST_STEP][PASSED] - orPath_AddressContact = "Object Repository/RAD_Pages/AddressAndContactInfo_Page": null

2023-02-08 16:54:54 - [TEST_STEP][PASSED] - orPath_FilingStatus = "Object Repository/RAD_Pages/FilingStatus_Page": null

2023-02-08 16:54:54 - [TEST_STEP][PASSED] - orPath_Amount = "Object Repository/RAD_Pages/PaymentAmount_Page": null

2023-02-08 16:54:54 - [TEST_STEP][PASSED] - orPath_TaxInfo = "Object Repository/RAD_Pages/TaxInfo_Page": null

2023-02-08 16:54:54 - [TEST_STEP][PASSED] - orPath_Withholding = "Object Repository/RAD_Pages/Withholding_Page": null

2023-02-08 16:54:54 - [TEST_STEP][PASSED] - orPath_Summary = "Object Repository/RAD_Pages/Summary_Page": null

2023-02-08 16:54:54 - [TEST_STEP][PASSED] - orPath_PaymentReady = "Object Repository/RAD_Pages/PaymentReady_Page": null

2023-02-08 16:54:54 - [TEST_STEP][PASSED] - orPath_PaymentEntry = "Object Repository/RAD_Pages/PaymentEntry_Page": null

2023-02-08 16:54:54 - [TEST_STEP][PASSED] - orPath_PaymentConfirmation = "Object Repository/RAD_Pages/PaymentConfirmation_Page": null

2023-02-08 16:54:54 - [TEST_STEP][PASSED] - orPath_ServiceFeesAccept = "Object Repository/RAD_Pages/ServiceFeeAccept_Page": null

2023-02-08 16:54:54 - [TEST_STEP][PASSED] - selectOptionByLabel(findTestObject(orPath_Landing + "/dd_TaxType"), Taxtype, false): All options with label 'Extension Payments' are selected in object 'Object Repository/RAD_Pages/Landing_Page/dd_TaxType' 

2023-02-08 16:54:55 - [MESSAGE][PASSED] - All options with label 'Extension Payments' are selected in object 'Object Repository/RAD_Pages/Landing_Page/dd_TaxType' 

2023-02-08 16:54:55 - [TEST_STEP][PASSED] - delay(3): Delayed 3 second(s)

2023-02-08 16:54:58 - [MESSAGE][PASSED] - Delayed 3 second(s)

2023-02-08 16:54:58 - [TEST_STEP][PASSED] - switch (Taxtype): null

2023-02-08 16:54:58 - [TEST_STEP][PASSED] - case "Extension Payments":: null

2023-02-08 16:54:58 - [TEST_STEP][PASSED] - selectOptionByLabel(findTestObject(orPath_TaxTypeFilingYear + "/select_PaymentType"), PaymentType, false): All options with label 'Personal' are selected in object 'Object Repository/RAD_Pages/TaxTypeFilingYear_Page/select_PaymentType' 

2023-02-08 16:54:59 - [MESSAGE][PASSED] - All options with label 'Personal' are selected in object 'Object Repository/RAD_Pages/TaxTypeFilingYear_Page/select_PaymentType' 

2023-02-08 16:54:59 - [TEST_STEP][PASSED] - selectOptionByLabel(findTestObject(orPath_TaxTypeFilingYear + "/select_FilingYear"), FilingYear, false): All options with label '2022' are selected in object 'Object Repository/RAD_Pages/TaxTypeFilingYear_Page/select_FilingYear' 

2023-02-08 16:55:00 - [MESSAGE][PASSED] - All options with label '2022' are selected in object 'Object Repository/RAD_Pages/TaxTypeFilingYear_Page/select_FilingYear' 

2023-02-08 16:55:00 - [TEST_STEP][PASSED] - if (PaymentType.equalsIgnoreCase("Personal")): Text '123443210' is set on object 'Object Repository/RAD_RecordAndPlay/input_reTypeJointFilerSSN'

2023-02-08 16:55:00 - [TEST_STEP][PASSED] - if (FilingType.equalsIgnoreCase("Y")): null

2023-02-08 16:55:00 - [TEST_STEP][PASSED] - else: Text '123443210' is set on object 'Object Repository/RAD_RecordAndPlay/input_reTypeJointFilerSSN'

2023-02-08 16:55:00 - [TEST_STEP][PASSED] - setText(findTestObject("RAD_RecordAndPlay/input_concatSSN"), SSN): Text '123456523' is set on object 'Object Repository/RAD_RecordAndPlay/input_concatSSN'

2023-02-08 16:55:00 - [MESSAGE][PASSED] - Text '123456523' is set on object 'Object Repository/RAD_RecordAndPlay/input_concatSSN'

2023-02-08 16:55:00 - [TEST_STEP][PASSED] - setText(findTestObject("RAD_RecordAndPlay/input_concatReSSN"), SSN): Text '123456523' is set on object 'Object Repository/RAD_RecordAndPlay/input_concatReSSN'

2023-02-08 16:55:01 - [MESSAGE][PASSED] - Text '123456523' is set on object 'Object Repository/RAD_RecordAndPlay/input_concatReSSN'

2023-02-08 16:55:01 - [TEST_STEP][PASSED] - scrollToElement(findTestObject(orPath_Amount + "/input__paymentAmount"), 3): Scroll to object 'Object Repository/RAD_Pages/PaymentAmount_Page/input__paymentAmount' successfully

2023-02-08 16:55:02 - [MESSAGE][PASSED] - Scroll to object 'Object Repository/RAD_Pages/PaymentAmount_Page/input__paymentAmount' successfully

2023-02-08 16:55:02 - [TEST_STEP][PASSED] - waitForElementClickable(findTestObject(orPath_FilingStatus + "/input_userType_Joint"), 5): Object 'Object Repository/RAD_Pages/FilingStatus_Page/input_userType_Joint' is clickable

2023-02-08 16:55:02 - [MESSAGE][PASSED] - Object 'Object Repository/RAD_Pages/FilingStatus_Page/input_userType_Joint' is clickable

2023-02-08 16:55:02 - [TEST_STEP][PASSED] - check(findTestObject(orPath_FilingStatus + "/input_userType_Joint")): Object 'Object Repository/RAD_Pages/FilingStatus_Page/input_userType_Joint' is checked

2023-02-08 16:55:03 - [MESSAGE][PASSED] - Object 'Object Repository/RAD_Pages/FilingStatus_Page/input_userType_Joint' is checked

2023-02-08 16:55:03 - [TEST_STEP][PASSED] - delay(3): Delayed 3 second(s)

2023-02-08 16:55:06 - [MESSAGE][PASSED] - Delayed 3 second(s)

2023-02-08 16:55:06 - [TEST_STEP][PASSED] - setText(findTestObject(orPath_FilingStatus + "/input_jointFirstName"), "Sam"): Text 'Sam' is set on object 'Object Repository/RAD_Pages/FilingStatus_Page/input_jointFirstName'

2023-02-08 16:55:07 - [MESSAGE][PASSED] - Text 'Sam' is set on object 'Object Repository/RAD_Pages/FilingStatus_Page/input_jointFirstName'

2023-02-08 16:55:07 - [TEST_STEP][PASSED] - setText(findTestObject(orPath_FilingStatus + "/input_jointLastName"), "Stokes"): Text 'Stokes' is set on object 'Object Repository/RAD_Pages/FilingStatus_Page/input_jointLastName'

2023-02-08 16:55:08 - [MESSAGE][PASSED] - Text 'Stokes' is set on object 'Object Repository/RAD_Pages/FilingStatus_Page/input_jointLastName'

2023-02-08 16:55:08 - [TEST_STEP][PASSED] - setText(findTestObject("Object Repository/RAD_RecordAndPlay/input_JointFilerSSN"), "123443210"): Text '123443210' is set on object 'Object Repository/RAD_RecordAndPlay/input_JointFilerSSN'

2023-02-08 16:55:08 - [MESSAGE][PASSED] - Text '123443210' is set on object 'Object Repository/RAD_RecordAndPlay/input_JointFilerSSN'

2023-02-08 16:55:08 - [TEST_STEP][PASSED] - setText(findTestObject("Object Repository/RAD_RecordAndPlay/input_reTypeJointFilerSSN"), "123443210"): Text '123443210' is set on object 'Object Repository/RAD_RecordAndPlay/input_reTypeJointFilerSSN'

2023-02-08 16:55:09 - [MESSAGE][PASSED] - Text '123443210' is set on object 'Object Repository/RAD_RecordAndPlay/input_reTypeJointFilerSSN'

2023-02-08 16:55:09 - [TEST_STEP][PASSED] - break: null

2023-02-08 16:55:09 - [TEST_STEP][PASSED] - if (PaymentType.equalsIgnoreCase("Personal")): Text 'Broad' is set on object 'Object Repository/RAD_Pages/Taxpayer_Page/input_lastName'

2023-02-08 16:55:09 - [TEST_STEP][PASSED] - setText(findTestObject(orPath_TaxPayer + "/input_firstName"), FName): Text 'Stuart' is set on object 'Object Repository/RAD_Pages/Taxpayer_Page/input_firstName'

2023-02-08 16:55:10 - [MESSAGE][PASSED] - Text 'Stuart' is set on object 'Object Repository/RAD_Pages/Taxpayer_Page/input_firstName'

2023-02-08 16:55:10 - [TEST_STEP][PASSED] - setText(findTestObject(orPath_TaxPayer + "/input_lastName"), LName): Text 'Broad' is set on object 'Object Repository/RAD_Pages/Taxpayer_Page/input_lastName'

2023-02-08 16:55:11 - [MESSAGE][PASSED] - Text 'Broad' is set on object 'Object Repository/RAD_Pages/Taxpayer_Page/input_lastName'

2023-02-08 16:55:11 - [TEST_STEP][PASSED] - selectOptionByLabel(findTestObject(orPath_AddressContact + "/select_Country"), "United States", false): All options with label 'United States' are selected in object 'Object Repository/RAD_Pages/AddressAndContactInfo_Page/select_Country' 

2023-02-08 16:55:12 - [MESSAGE][PASSED] - All options with label 'United States' are selected in object 'Object Repository/RAD_Pages/AddressAndContactInfo_Page/select_Country' 

2023-02-08 16:55:12 - [TEST_STEP][PASSED] - setText(findTestObject(orPath_AddressContact + "/input_streetAddress1"), AL1): Text '15 Main Street' is set on object 'Object Repository/RAD_Pages/AddressAndContactInfo_Page/input_streetAddress1'

2023-02-08 16:55:12 - [MESSAGE][PASSED] - Text '15 Main Street' is set on object 'Object Repository/RAD_Pages/AddressAndContactInfo_Page/input_streetAddress1'

2023-02-08 16:55:12 - [TEST_STEP][PASSED] - setText(findTestObject(orPath_AddressContact + "/input_streetAddress2"), ""): Text '' is set on object 'Object Repository/RAD_Pages/AddressAndContactInfo_Page/input_streetAddress2'

2023-02-08 16:55:13 - [MESSAGE][PASSED] - Text '' is set on object 'Object Repository/RAD_Pages/AddressAndContactInfo_Page/input_streetAddress2'

2023-02-08 16:55:13 - [TEST_STEP][PASSED] - setText(findTestObject(orPath_AddressContact + "/input_city"), City): Text 'Gambrills' is set on object 'Object Repository/RAD_Pages/AddressAndContactInfo_Page/input_city'

2023-02-08 16:55:14 - [MESSAGE][PASSED] - Text 'Gambrills' is set on object 'Object Repository/RAD_Pages/AddressAndContactInfo_Page/input_city'

2023-02-08 16:55:14 - [TEST_STEP][PASSED] - selectOptionByLabel(findTestObject(orPath_AddressContact + "/select_State"), "Maryland", false): All options with label 'Maryland' are selected in object 'Object Repository/RAD_Pages/AddressAndContactInfo_Page/select_State' 

2023-02-08 16:55:15 - [MESSAGE][PASSED] - All options with label 'Maryland' are selected in object 'Object Repository/RAD_Pages/AddressAndContactInfo_Page/select_State' 

2023-02-08 16:55:15 - [TEST_STEP][PASSED] - setText(findTestObject(orPath_AddressContact + "/input_zipCode"), ZIP): Text '21054' is set on object 'Object Repository/RAD_Pages/AddressAndContactInfo_Page/input_zipCode'

2023-02-08 16:55:16 - [MESSAGE][PASSED] - Text '21054' is set on object 'Object Repository/RAD_Pages/AddressAndContactInfo_Page/input_zipCode'

2023-02-08 16:55:16 - [TEST_STEP][PASSED] - setText(findTestObject(orPath_AddressContact + "/input_phoneNumber"), "(703) 894-5000"): Text '(703) 894-5000' is set on object 'Object Repository/RAD_Pages/AddressAndContactInfo_Page/input_phoneNumber'

2023-02-08 16:55:17 - [MESSAGE][PASSED] - Text '(703) 894-5000' is set on object 'Object Repository/RAD_Pages/AddressAndContactInfo_Page/input_phoneNumber'

2023-02-08 16:55:17 - [TEST_STEP][PASSED] - setText(findTestObject(orPath_AddressContact + "/input_eMailAddress"), "iahmed@govolution.com"): Text 'iahmed@govolution.com' is set on object 'Object Repository/RAD_Pages/AddressAndContactInfo_Page/input_eMailAddress'

2023-02-08 16:55:18 - [MESSAGE][PASSED] - Text 'iahmed@govolution.com' is set on object 'Object Repository/RAD_Pages/AddressAndContactInfo_Page/input_eMailAddress'

2023-02-08 16:55:18 - [TEST_STEP][PASSED] - setText(findTestObject(orPath_AddressContact + "/input_reEnterEMailAddress"), "iahmed@govolution.com"): Text 'iahmed@govolution.com' is set on object 'Object Repository/RAD_Pages/AddressAndContactInfo_Page/input_reEnterEMailAddress'

2023-02-08 16:55:19 - [MESSAGE][PASSED] - Text 'iahmed@govolution.com' is set on object 'Object Repository/RAD_Pages/AddressAndContactInfo_Page/input_reEnterEMailAddress'

2023-02-08 16:55:19 - [TEST_STEP][PASSED] - setText(findTestObject(orPath_Amount + "/input__paymentAmount"), Amount): Text '100.00' is set on object 'Object Repository/RAD_Pages/PaymentAmount_Page/input__paymentAmount'

2023-02-08 16:55:19 - [MESSAGE][PASSED] - Text '100.00' is set on object 'Object Repository/RAD_Pages/PaymentAmount_Page/input__paymentAmount'

2023-02-08 16:55:19 - [TEST_STEP][PASSED] - scrollToElement(findTestObject(orPath_Landing + "/button_Continue"), 3): Scroll to object 'Object Repository/RAD_Pages/Landing_Page/button_Continue' successfully

2023-02-08 16:55:20 - [MESSAGE][PASSED] - Scroll to object 'Object Repository/RAD_Pages/Landing_Page/button_Continue' successfully

2023-02-08 16:55:20 - [TEST_STEP][PASSED] - waitForElementClickable(findTestObject(orPath_Landing + "/button_Continue"), 5): Object 'Object Repository/RAD_Pages/Landing_Page/button_Continue' is clickable

2023-02-08 16:55:20 - [MESSAGE][PASSED] - Object 'Object Repository/RAD_Pages/Landing_Page/button_Continue' is clickable

2023-02-08 16:55:20 - [TEST_STEP][PASSED] - click(findTestObject(orPath_Landing + "/button_Continue")): Object: 'Object Repository/RAD_Pages/Landing_Page/button_Continue' is clicked on

2023-02-08 16:55:21 - [MESSAGE][PASSED] - Object: 'Object Repository/RAD_Pages/Landing_Page/button_Continue' is clicked on

2023-02-08 16:55:21 - [TEST_STEP][PASSED] - verifyTextPresent("Review the information below and make any necessary corrections by clicking the", true): Text 'Review the information below and make any necessary corrections by clicking the' is present on page  using regular expression

2023-02-08 16:55:21 - [MESSAGE][PASSED] - Text 'Review the information below and make any necessary corrections by clicking the' is present on page  using regular expression

2023-02-08 16:55:21 - [TEST_STEP][PASSED] - verifyTextPresent("When you are confident that all the information is correct", true): Text 'When you are confident that all the information is correct' is present on page  using regular expression

2023-02-08 16:55:22 - [MESSAGE][PASSED] - Text 'When you are confident that all the information is correct' is present on page  using regular expression

2023-02-08 16:55:22 - [TEST_STEP][PASSED] - delay(1): Delayed 1 second(s)

2023-02-08 16:55:23 - [MESSAGE][PASSED] - Delayed 1 second(s)

2023-02-08 16:55:23 - [TEST_STEP][PASSED] - click(findTestObject(orPath_Summary + "/button_Proceed to Payment")): Object: 'Object Repository/RAD_Pages/Summary_Page/button_Proceed to Payment' is clicked on

2023-02-08 16:55:24 - [MESSAGE][PASSED] - Object: 'Object Repository/RAD_Pages/Summary_Page/button_Proceed to Payment' is clicked on

2023-02-08 16:55:24 - [TEST_STEP][PASSED] - if (PaymentType.equalsIgnoreCase("Corporate")): null

2023-02-08 16:55:24 - [TEST_STEP][PASSED] - setText(findTestObject(orPath_PaymentEntry + "/input__cardNumber"), CCNumber): Text '5146312200000035' is set on object 'Object Repository/RAD_Pages/PaymentEntry_Page/input__cardNumber'

2023-02-08 16:55:25 - [MESSAGE][PASSED] - Text '5146312200000035' is set on object 'Object Repository/RAD_Pages/PaymentEntry_Page/input__cardNumber'

2023-02-08 16:55:25 - [TEST_STEP][PASSED] - setText(findTestObject(orPath_PaymentEntry + "/input__spc"), CVV): Text '123' is set on object 'Object Repository/RAD_Pages/PaymentEntry_Page/input__spc'

2023-02-08 16:55:26 - [MESSAGE][PASSED] - Text '123' is set on object 'Object Repository/RAD_Pages/PaymentEntry_Page/input__spc'

2023-02-08 16:55:26 - [TEST_STEP][PASSED] - selectOptionByLabel(findTestObject(orPath_PaymentEntry + "/select_MM"), "12", false): All options with label '12' are selected in object 'Object Repository/RAD_Pages/PaymentEntry_Page/select_MM' 

2023-02-08 16:55:27 - [MESSAGE][PASSED] - All options with label '12' are selected in object 'Object Repository/RAD_Pages/PaymentEntry_Page/select_MM' 

2023-02-08 16:55:27 - [TEST_STEP][PASSED] - selectOptionByLabel(findTestObject(orPath_PaymentEntry + "/select_YYYY"), "2023", false): All options with label '2023' are selected in object 'Object Repository/RAD_Pages/PaymentEntry_Page/select_YYYY' 

2023-02-08 16:55:28 - [MESSAGE][PASSED] - All options with label '2023' are selected in object 'Object Repository/RAD_Pages/PaymentEntry_Page/select_YYYY' 

2023-02-08 16:55:28 - [TEST_STEP][PASSED] - click(findTestObject(orPath_PaymentEntry + "/input_Field_ccSubmit")): Object: 'Object Repository/RAD_Pages/PaymentEntry_Page/input_Field_ccSubmit' is clicked on

2023-02-08 16:55:29 - [MESSAGE][PASSED] - Object: 'Object Repository/RAD_Pages/PaymentEntry_Page/input_Field_ccSubmit' is clicked on

2023-02-08 16:55:29 - [TEST_STEP][PASSED] - click(findTestObject(orPath_PaymentConfirmation + "/input_N_confirmNotifyAction")): Object: 'Object Repository/RAD_Pages/PaymentConfirmation_Page/input_N_confirmNotifyAction' is clicked on

2023-02-08 16:55:30 - [MESSAGE][PASSED] - Object: 'Object Repository/RAD_Pages/PaymentConfirmation_Page/input_N_confirmNotifyAction' is clicked on

2023-02-08 16:55:30 - [TEST_STEP][PASSED] - click(findTestObject(orPath_ServiceFeesAccept + "/input_convFeeNotifyAction")): Object: 'Object Repository/RAD_Pages/ServiceFeeAccept_Page/input_convFeeNotifyAction' is clicked on

2023-02-08 16:55:31 - [MESSAGE][PASSED] - Object: 'Object Repository/RAD_Pages/ServiceFeeAccept_Page/input_convFeeNotifyAction' is clicked on

2023-02-08 16:55:31 - [TEST_STEP][PASSED] - delay(10): Delayed 10 second(s)

2023-02-08 16:55:41 - [MESSAGE][PASSED] - Delayed 10 second(s)

2023-02-08 16:55:41 - [TEST_STEP][PASSED] - verifyTextPresent("Successful Payment Receipt", true): Text 'Successful Payment Receipt' is present on page  using regular expression

2023-02-08 16:55:42 - [MESSAGE][PASSED] - Text 'Successful Payment Receipt' is present on page  using regular expression

2023-02-08 16:55:42 - [TEST_STEP][PASSED] - if (verifyTextPresent("Successful Payment Receipt", true)): null

2023-02-08 16:55:42 - [MESSAGE][PASSED] - Text 'Successful Payment Receipt' is present on page  using regular expression

2023-02-08 16:55:42 - [TEST_STEP][PASSED] - println("Transaction was Successful"): null

2023-02-08 16:55:42 - [TEST_STEP][PASSED] - out.println("Pass Record Number: " + row): null

2023-02-08 16:55:42 - [TEST_STEP][PASSED] - resText = "Pass": null

2023-02-08 16:55:42 - [TEST_STEP][PASSED] - pages.WriteExcel.demoKey(resText, datText, resColumn, datCloumn, fileLoc, nameSheet, row): pages.WriteExcel.demoKey is PASSED

2023-02-08 16:55:42 - [MESSAGE][PASSED] - pages.WriteExcel.demoKey is PASSED

2023-02-08 16:55:42 - [TEST_STEP][PASSED] - ExecuteTC = findTestData(dataFile).getValue("Execute", row): null

2023-02-08 16:55:42 - [TEST_STEP][PASSED] - PaymentType = findTestData(dataFile).getValue("PaymentType", row): null

2023-02-08 16:55:42 - [TEST_STEP][PASSED] - FilingYear = findTestData(dataFile).getValue("FilingYear", row): null

2023-02-08 16:55:42 - [TEST_STEP][PASSED] - PeriodEnding = findTestData(dataFile).getValue("PeriodEnding", row): null

2023-02-08 16:55:42 - [TEST_STEP][PASSED] - FName = findTestData(dataFile).getValue("Fname", row): null

2023-02-08 16:55:42 - [TEST_STEP][PASSED] - LName = findTestData(dataFile).getValue("Lname", row): null

2023-02-08 16:55:42 - [TEST_STEP][PASSED] - SSN = findTestData(dataFile).getValue("SSN", row): null

2023-02-08 16:55:42 - [TEST_STEP][PASSED] - BusName = findTestData(dataFile).getValue("BusName", row): null

2023-02-08 16:55:42 - [TEST_STEP][PASSED] - AL1 = findTestData(dataFile).getValue("AL1", row): null

2023-02-08 16:55:42 - [TEST_STEP][PASSED] - City = findTestData(dataFile).getValue("City", row): null

2023-02-08 16:55:43 - [TEST_STEP][PASSED] - ZIP = findTestData(dataFile).getValue("ZIP", row): null

2023-02-08 16:55:43 - [TEST_STEP][PASSED] - FilingType = findTestData(dataFile).getValue("FilingType", row): null

2023-02-08 16:55:43 - [TEST_STEP][PASSED] - Withholding = findTestData(dataFile).getValue("Withholding", row): null

2023-02-08 16:55:43 - [TEST_STEP][PASSED] - Amount = findTestData(dataFile).getValue("Amount", row): null

2023-02-08 16:55:43 - [TEST_STEP][PASSED] - CCNumber = findTestData(dataFile).getValue("CCNumber", row): null

2023-02-08 16:55:43 - [TEST_STEP][PASSED] - CVV = findTestData(dataFile).getValue("CVV", row): null

2023-02-08 16:55:43 - [TEST_STEP][PASSED] - out.println("Value of Execute is : " + ExecuteTC): null

2023-02-08 16:55:43 - [TEST_STEP][PASSED] - if (ExecuteTC.equalsIgnoreCase("Y")): null

2023-02-08 16:55:43 - [TEST_STEP][PASSED] - out.println("Begin Record Number: " + row): null

2023-02-08 16:55:43 - [TEST_STEP][PASSED] - today = new java.util.Date(): null

2023-02-08 16:55:43 - [TEST_STEP][PASSED] - println(today): null

2023-02-08 16:55:43 - [TEST_STEP][PASSED] - datText = today: null

2023-02-08 16:55:43 - [TEST_STEP][PASSED] - Taxtype = findTestData(dataFile).getValue("TaxType", row): null

2023-02-08 16:55:43 - [TEST_STEP][PASSED] - out.println("Taxtype value is : " + Taxtype): null

2023-02-08 16:55:43 - [TEST_STEP][PASSED] - openBrowser(""): Browser is opened with url: ''

2023-02-08 16:55:43 - [MESSAGE][WARNING] - A browser is already opened. Closing browser and opening a new one

2023-02-08 16:55:44 - [MESSAGE][INFO] - Starting 'Chrome' driver

2023-02-08 16:55:44 - [MESSAGE][INFO] - User set preference: ['acceptInsecureCerts', 'true']

2023-02-08 16:55:44 - [MESSAGE][INFO] - Action delay is set to 0 milliseconds

2023-02-08 16:55:45 - [MESSAGE][PASSED] - Browser is opened with url: ''

2023-02-08 16:55:45 - [TEST_STEP][PASSED] - maximizeWindow(): Current window maximized

2023-02-08 16:55:45 - [MESSAGE][PASSED] - Current window maximized

2023-02-08 16:55:45 - [TEST_STEP][PASSED] - navigateToUrl(RADurl): Navigate to 'https://qa.velocitypayment.com/client/rad/index.html' successfully

2023-02-08 16:55:47 - [MESSAGE][PASSED] - Navigate to 'https://qa.velocitypayment.com/client/rad/index.html' successfully

2023-02-08 16:55:47 - [TEST_STEP][PASSED] - orPath_Landing = "Object Repository/RAD_Pages/Landing_Page": null

2023-02-08 16:55:47 - [TEST_STEP][PASSED] - orPath_TaxTypeFilingYear = "Object Repository/RAD_Pages/TaxTypeFilingYear_Page": null

2023-02-08 16:55:47 - [TEST_STEP][PASSED] - orPath_TaxPayer = "Object Repository/RAD_Pages/Taxpayer_Page": null

2023-02-08 16:55:47 - [TEST_STEP][PASSED] - orPath_AddressContact = "Object Repository/RAD_Pages/AddressAndContactInfo_Page": null

2023-02-08 16:55:47 - [TEST_STEP][PASSED] - orPath_FilingStatus = "Object Repository/RAD_Pages/FilingStatus_Page": null

2023-02-08 16:55:47 - [TEST_STEP][PASSED] - orPath_Amount = "Object Repository/RAD_Pages/PaymentAmount_Page": null

2023-02-08 16:55:47 - [TEST_STEP][PASSED] - orPath_TaxInfo = "Object Repository/RAD_Pages/TaxInfo_Page": null

2023-02-08 16:55:47 - [TEST_STEP][PASSED] - orPath_Withholding = "Object Repository/RAD_Pages/Withholding_Page": null

2023-02-08 16:55:47 - [TEST_STEP][PASSED] - orPath_Summary = "Object Repository/RAD_Pages/Summary_Page": null

2023-02-08 16:55:47 - [TEST_STEP][PASSED] - orPath_PaymentReady = "Object Repository/RAD_Pages/PaymentReady_Page": null

2023-02-08 16:55:47 - [TEST_STEP][PASSED] - orPath_PaymentEntry = "Object Repository/RAD_Pages/PaymentEntry_Page": null

2023-02-08 16:55:47 - [TEST_STEP][PASSED] - orPath_PaymentConfirmation = "Object Repository/RAD_Pages/PaymentConfirmation_Page": null

2023-02-08 16:55:47 - [TEST_STEP][PASSED] - orPath_ServiceFeesAccept = "Object Repository/RAD_Pages/ServiceFeeAccept_Page": null

2023-02-08 16:55:47 - [TEST_STEP][PASSED] - selectOptionByLabel(findTestObject(orPath_Landing + "/dd_TaxType"), Taxtype, false): All options with label 'Extension Payments' are selected in object 'Object Repository/RAD_Pages/Landing_Page/dd_TaxType' 

2023-02-08 16:55:48 - [MESSAGE][PASSED] - All options with label 'Extension Payments' are selected in object 'Object Repository/RAD_Pages/Landing_Page/dd_TaxType' 

2023-02-08 16:55:48 - [TEST_STEP][PASSED] - delay(3): Delayed 3 second(s)

2023-02-08 16:55:51 - [MESSAGE][PASSED] - Delayed 3 second(s)

2023-02-08 16:55:51 - [TEST_STEP][PASSED] - switch (Taxtype): null

2023-02-08 16:55:51 - [TEST_STEP][PASSED] - case "Extension Payments":: null

2023-02-08 16:55:51 - [TEST_STEP][PASSED] - selectOptionByLabel(findTestObject(orPath_TaxTypeFilingYear + "/select_PaymentType"), PaymentType, false): All options with label 'Corporate' are selected in object 'Object Repository/RAD_Pages/TaxTypeFilingYear_Page/select_PaymentType' 

2023-02-08 16:55:52 - [MESSAGE][PASSED] - All options with label 'Corporate' are selected in object 'Object Repository/RAD_Pages/TaxTypeFilingYear_Page/select_PaymentType' 

2023-02-08 16:55:52 - [TEST_STEP][PASSED] - selectOptionByLabel(findTestObject(orPath_TaxTypeFilingYear + "/select_FilingYear"), FilingYear, false): All options with label '2022' are selected in object 'Object Repository/RAD_Pages/TaxTypeFilingYear_Page/select_FilingYear' 

2023-02-08 16:55:52 - [MESSAGE][PASSED] - All options with label '2022' are selected in object 'Object Repository/RAD_Pages/TaxTypeFilingYear_Page/select_FilingYear' 

2023-02-08 16:55:52 - [TEST_STEP][PASSED] - if (PaymentType.equalsIgnoreCase("Personal")): null

2023-02-08 16:55:52 - [TEST_STEP][PASSED] - else if (PaymentType.equalsIgnoreCase("Corporate")): Text ****** has been set on object 'Object Repository/RAD_Pages/TaxInfo_Page/input_FederalEIN_ReEnter'

2023-02-08 16:55:52 - [TEST_STEP][PASSED] - selectOptionByLabel(findTestObject(orPath_TaxTypeFilingYear + "/select_PeriodEnding"), PeriodEnding, false): All options with label 'December' are selected in object 'Object Repository/RAD_Pages/TaxTypeFilingYear_Page/select_PeriodEnding' 

2023-02-08 16:55:53 - [MESSAGE][PASSED] - All options with label 'December' are selected in object 'Object Repository/RAD_Pages/TaxTypeFilingYear_Page/select_PeriodEnding' 

2023-02-08 16:55:53 - [TEST_STEP][PASSED] - setText(findTestObject(orPath_TaxPayer + "/input_businessName"), BusName): Text 'My Glass Company' is set on object 'Object Repository/RAD_Pages/Taxpayer_Page/input_businessName'

2023-02-08 16:55:54 - [MESSAGE][PASSED] - Text 'My Glass Company' is set on object 'Object Repository/RAD_Pages/Taxpayer_Page/input_businessName'

2023-02-08 16:55:54 - [TEST_STEP][PASSED] - setEncryptedText(findTestObject(orPath_TaxInfo + "/input_FederalEIN"), "0fDtEjy4ijeV75Gl5M+mSg=="): Text ****** has been set on object 'Object Repository/RAD_Pages/TaxInfo_Page/input_FederalEIN'

2023-02-08 16:55:55 - [MESSAGE][PASSED] - Text ****** has been set on object 'Object Repository/RAD_Pages/TaxInfo_Page/input_FederalEIN'

2023-02-08 16:55:55 - [TEST_STEP][PASSED] - setEncryptedText(findTestObject(orPath_TaxInfo + "/input_FederalEIN_ReEnter"), "0fDtEjy4ijeV75Gl5M+mSg=="): Text ****** has been set on object 'Object Repository/RAD_Pages/TaxInfo_Page/input_FederalEIN_ReEnter'

2023-02-08 16:55:56 - [MESSAGE][PASSED] - Text ****** has been set on object 'Object Repository/RAD_Pages/TaxInfo_Page/input_FederalEIN_ReEnter'

2023-02-08 16:55:56 - [TEST_STEP][PASSED] - break: null

2023-02-08 16:55:56 - [TEST_STEP][PASSED] - if (PaymentType.equalsIgnoreCase("Personal")): null

2023-02-08 16:55:56 - [TEST_STEP][PASSED] - selectOptionByLabel(findTestObject(orPath_AddressContact + "/select_Country"), "United States", false): All options with label 'United States' are selected in object 'Object Repository/RAD_Pages/AddressAndContactInfo_Page/select_Country' 

2023-02-08 16:55:56 - [MESSAGE][PASSED] - All options with label 'United States' are selected in object 'Object Repository/RAD_Pages/AddressAndContactInfo_Page/select_Country' 

2023-02-08 16:55:56 - [TEST_STEP][PASSED] - setText(findTestObject(orPath_AddressContact + "/input_streetAddress1"), AL1): Text '3652 Mandan road' is set on object 'Object Repository/RAD_Pages/AddressAndContactInfo_Page/input_streetAddress1'

2023-02-08 16:55:57 - [MESSAGE][PASSED] - Text '3652 Mandan road' is set on object 'Object Repository/RAD_Pages/AddressAndContactInfo_Page/input_streetAddress1'

2023-02-08 16:55:57 - [TEST_STEP][PASSED] - setText(findTestObject(orPath_AddressContact + "/input_streetAddress2"), ""): Text '' is set on object 'Object Repository/RAD_Pages/AddressAndContactInfo_Page/input_streetAddress2'

2023-02-08 16:55:58 - [MESSAGE][PASSED] - Text '' is set on object 'Object Repository/RAD_Pages/AddressAndContactInfo_Page/input_streetAddress2'

2023-02-08 16:55:58 - [TEST_STEP][PASSED] - setText(findTestObject(orPath_AddressContact + "/input_city"), City): Text 'Crofton' is set on object 'Object Repository/RAD_Pages/AddressAndContactInfo_Page/input_city'

2023-02-08 16:55:59 - [MESSAGE][PASSED] - Text 'Crofton' is set on object 'Object Repository/RAD_Pages/AddressAndContactInfo_Page/input_city'

2023-02-08 16:55:59 - [TEST_STEP][PASSED] - selectOptionByLabel(findTestObject(orPath_AddressContact + "/select_State"), "Maryland", false): All options with label 'Maryland' are selected in object 'Object Repository/RAD_Pages/AddressAndContactInfo_Page/select_State' 

2023-02-08 16:56:00 - [MESSAGE][PASSED] - All options with label 'Maryland' are selected in object 'Object Repository/RAD_Pages/AddressAndContactInfo_Page/select_State' 

2023-02-08 16:56:00 - [TEST_STEP][PASSED] - setText(findTestObject(orPath_AddressContact + "/input_zipCode"), ZIP): Text '21114' is set on object 'Object Repository/RAD_Pages/AddressAndContactInfo_Page/input_zipCode'

2023-02-08 16:56:01 - [MESSAGE][PASSED] - Text '21114' is set on object 'Object Repository/RAD_Pages/AddressAndContactInfo_Page/input_zipCode'

2023-02-08 16:56:01 - [TEST_STEP][PASSED] - setText(findTestObject(orPath_AddressContact + "/input_phoneNumber"), "(703) 894-5000"): Text '(703) 894-5000' is set on object 'Object Repository/RAD_Pages/AddressAndContactInfo_Page/input_phoneNumber'

2023-02-08 16:56:02 - [MESSAGE][PASSED] - Text '(703) 894-5000' is set on object 'Object Repository/RAD_Pages/AddressAndContactInfo_Page/input_phoneNumber'

2023-02-08 16:56:02 - [TEST_STEP][PASSED] - setText(findTestObject(orPath_AddressContact + "/input_eMailAddress"), "iahmed@govolution.com"): Text 'iahmed@govolution.com' is set on object 'Object Repository/RAD_Pages/AddressAndContactInfo_Page/input_eMailAddress'

2023-02-08 16:56:03 - [MESSAGE][PASSED] - Text 'iahmed@govolution.com' is set on object 'Object Repository/RAD_Pages/AddressAndContactInfo_Page/input_eMailAddress'

2023-02-08 16:56:03 - [TEST_STEP][PASSED] - setText(findTestObject(orPath_AddressContact + "/input_reEnterEMailAddress"), "iahmed@govolution.com"): Text 'iahmed@govolution.com' is set on object 'Object Repository/RAD_Pages/AddressAndContactInfo_Page/input_reEnterEMailAddress'

2023-02-08 16:56:04 - [MESSAGE][PASSED] - Text 'iahmed@govolution.com' is set on object 'Object Repository/RAD_Pages/AddressAndContactInfo_Page/input_reEnterEMailAddress'

2023-02-08 16:56:04 - [TEST_STEP][PASSED] - setText(findTestObject(orPath_Amount + "/input__paymentAmount"), Amount): Text '100.00' is set on object 'Object Repository/RAD_Pages/PaymentAmount_Page/input__paymentAmount'

2023-02-08 16:56:05 - [MESSAGE][PASSED] - Text '100.00' is set on object 'Object Repository/RAD_Pages/PaymentAmount_Page/input__paymentAmount'

2023-02-08 16:56:05 - [TEST_STEP][PASSED] - scrollToElement(findTestObject(orPath_Landing + "/button_Continue"), 3): Scroll to object 'Object Repository/RAD_Pages/Landing_Page/button_Continue' successfully

2023-02-08 16:56:05 - [MESSAGE][PASSED] - Scroll to object 'Object Repository/RAD_Pages/Landing_Page/button_Continue' successfully

2023-02-08 16:56:05 - [TEST_STEP][PASSED] - waitForElementClickable(findTestObject(orPath_Landing + "/button_Continue"), 5): Object 'Object Repository/RAD_Pages/Landing_Page/button_Continue' is clickable

2023-02-08 16:56:05 - [MESSAGE][PASSED] - Object 'Object Repository/RAD_Pages/Landing_Page/button_Continue' is clickable

2023-02-08 16:56:05 - [TEST_STEP][PASSED] - click(findTestObject(orPath_Landing + "/button_Continue")): Object: 'Object Repository/RAD_Pages/Landing_Page/button_Continue' is clicked on

2023-02-08 16:56:06 - [MESSAGE][PASSED] - Object: 'Object Repository/RAD_Pages/Landing_Page/button_Continue' is clicked on

2023-02-08 16:56:06 - [TEST_STEP][PASSED] - verifyTextPresent("Review the information below and make any necessary corrections by clicking the", true): Text 'Review the information below and make any necessary corrections by clicking the' is present on page  using regular expression

2023-02-08 16:56:07 - [MESSAGE][PASSED] - Text 'Review the information below and make any necessary corrections by clicking the' is present on page  using regular expression

2023-02-08 16:56:07 - [TEST_STEP][PASSED] - verifyTextPresent("When you are confident that all the information is correct", true): Text 'When you are confident that all the information is correct' is present on page  using regular expression

2023-02-08 16:56:07 - [MESSAGE][PASSED] - Text 'When you are confident that all the information is correct' is present on page  using regular expression

2023-02-08 16:56:07 - [TEST_STEP][PASSED] - delay(1): Delayed 1 second(s)

2023-02-08 16:56:08 - [MESSAGE][PASSED] - Delayed 1 second(s)

2023-02-08 16:56:08 - [TEST_STEP][PASSED] - click(findTestObject(orPath_Summary + "/button_Proceed to Payment")): Object: 'Object Repository/RAD_Pages/Summary_Page/button_Proceed to Payment' is clicked on

2023-02-08 16:56:10 - [MESSAGE][PASSED] - Object: 'Object Repository/RAD_Pages/Summary_Page/button_Proceed to Payment' is clicked on

2023-02-08 16:56:10 - [TEST_STEP][PASSED] - if (PaymentType.equalsIgnoreCase("Corporate")): Text 'Anthony Gonzalez' is set on object 'Object Repository/RAD_Pages/PaymentEntry_Page/input__billingName'

2023-02-08 16:56:10 - [TEST_STEP][PASSED] - setText(findTestObject("Object Repository/RAD_Pages/PaymentEntry_Page/input__billingName"), "Anthony Gonzalez"): Text 'Anthony Gonzalez' is set on object 'Object Repository/RAD_Pages/PaymentEntry_Page/input__billingName'

2023-02-08 16:56:11 - [MESSAGE][PASSED] - Text 'Anthony Gonzalez' is set on object 'Object Repository/RAD_Pages/PaymentEntry_Page/input__billingName'

2023-02-08 16:56:11 - [TEST_STEP][PASSED] - setText(findTestObject(orPath_PaymentEntry + "/input__cardNumber"), CCNumber): Text '4012000098765439' is set on object 'Object Repository/RAD_Pages/PaymentEntry_Page/input__cardNumber'

2023-02-08 16:56:12 - [MESSAGE][PASSED] - Text '4012000098765439' is set on object 'Object Repository/RAD_Pages/PaymentEntry_Page/input__cardNumber'

2023-02-08 16:56:12 - [TEST_STEP][PASSED] - setText(findTestObject(orPath_PaymentEntry + "/input__spc"), CVV): Text '123' is set on object 'Object Repository/RAD_Pages/PaymentEntry_Page/input__spc'

2023-02-08 16:56:13 - [MESSAGE][PASSED] - Text '123' is set on object 'Object Repository/RAD_Pages/PaymentEntry_Page/input__spc'

2023-02-08 16:56:13 - [TEST_STEP][PASSED] - selectOptionByLabel(findTestObject(orPath_PaymentEntry + "/select_MM"), "12", false): All options with label '12' are selected in object 'Object Repository/RAD_Pages/PaymentEntry_Page/select_MM' 

2023-02-08 16:56:13 - [MESSAGE][PASSED] - All options with label '12' are selected in object 'Object Repository/RAD_Pages/PaymentEntry_Page/select_MM' 

2023-02-08 16:56:13 - [TEST_STEP][PASSED] - selectOptionByLabel(findTestObject(orPath_PaymentEntry + "/select_YYYY"), "2023", false): All options with label '2023' are selected in object 'Object Repository/RAD_Pages/PaymentEntry_Page/select_YYYY' 

2023-02-08 16:56:14 - [MESSAGE][PASSED] - All options with label '2023' are selected in object 'Object Repository/RAD_Pages/PaymentEntry_Page/select_YYYY' 

2023-02-08 16:56:14 - [TEST_STEP][PASSED] - click(findTestObject(orPath_PaymentEntry + "/input_Field_ccSubmit")): Object: 'Object Repository/RAD_Pages/PaymentEntry_Page/input_Field_ccSubmit' is clicked on

2023-02-08 16:56:15 - [MESSAGE][PASSED] - Object: 'Object Repository/RAD_Pages/PaymentEntry_Page/input_Field_ccSubmit' is clicked on

2023-02-08 16:56:15 - [TEST_STEP][PASSED] - click(findTestObject(orPath_PaymentConfirmation + "/input_N_confirmNotifyAction")): Object: 'Object Repository/RAD_Pages/PaymentConfirmation_Page/input_N_confirmNotifyAction' is clicked on

2023-02-08 16:56:16 - [MESSAGE][PASSED] - Object: 'Object Repository/RAD_Pages/PaymentConfirmation_Page/input_N_confirmNotifyAction' is clicked on

2023-02-08 16:56:16 - [TEST_STEP][PASSED] - click(findTestObject(orPath_ServiceFeesAccept + "/input_convFeeNotifyAction")): Object: 'Object Repository/RAD_Pages/ServiceFeeAccept_Page/input_convFeeNotifyAction' is clicked on

2023-02-08 16:56:18 - [MESSAGE][PASSED] - Object: 'Object Repository/RAD_Pages/ServiceFeeAccept_Page/input_convFeeNotifyAction' is clicked on

2023-02-08 16:56:18 - [TEST_STEP][PASSED] - delay(10): Delayed 10 second(s)

2023-02-08 16:56:28 - [MESSAGE][PASSED] - Delayed 10 second(s)

2023-02-08 16:56:28 - [TEST_STEP][PASSED] - verifyTextPresent("Successful Payment Receipt", true): Text 'Successful Payment Receipt' is present on page  using regular expression

2023-02-08 16:56:28 - [MESSAGE][PASSED] - Text 'Successful Payment Receipt' is present on page  using regular expression

2023-02-08 16:56:28 - [TEST_STEP][PASSED] - if (verifyTextPresent("Successful Payment Receipt", true)): null

2023-02-08 16:56:29 - [MESSAGE][PASSED] - Text 'Successful Payment Receipt' is present on page  using regular expression

2023-02-08 16:56:29 - [TEST_STEP][PASSED] - println("Transaction was Successful"): null

2023-02-08 16:56:29 - [TEST_STEP][PASSED] - out.println("Pass Record Number: " + row): null

2023-02-08 16:56:29 - [TEST_STEP][PASSED] - resText = "Pass": null

2023-02-08 16:56:29 - [TEST_STEP][PASSED] - pages.WriteExcel.demoKey(resText, datText, resColumn, datCloumn, fileLoc, nameSheet, row): pages.WriteExcel.demoKey is PASSED

2023-02-08 16:56:29 - [MESSAGE][PASSED] - pages.WriteExcel.demoKey is PASSED

2023-02-08 16:56:29 - [TEST_STEP][PASSED] - ExecuteTC = findTestData(dataFile).getValue("Execute", row): null

2023-02-08 16:56:29 - [TEST_STEP][PASSED] - PaymentType = findTestData(dataFile).getValue("PaymentType", row): null

2023-02-08 16:56:29 - [TEST_STEP][PASSED] - FilingYear = findTestData(dataFile).getValue("FilingYear", row): null

2023-02-08 16:56:29 - [TEST_STEP][PASSED] - PeriodEnding = findTestData(dataFile).getValue("PeriodEnding", row): null

2023-02-08 16:56:29 - [TEST_STEP][PASSED] - FName = findTestData(dataFile).getValue("Fname", row): null

2023-02-08 16:56:29 - [TEST_STEP][PASSED] - LName = findTestData(dataFile).getValue("Lname", row): null

2023-02-08 16:56:29 - [TEST_STEP][PASSED] - SSN = findTestData(dataFile).getValue("SSN", row): null

2023-02-08 16:56:29 - [TEST_STEP][PASSED] - BusName = findTestData(dataFile).getValue("BusName", row): null

2023-02-08 16:56:29 - [TEST_STEP][PASSED] - AL1 = findTestData(dataFile).getValue("AL1", row): null

2023-02-08 16:56:29 - [TEST_STEP][PASSED] - City = findTestData(dataFile).getValue("City", row): null

2023-02-08 16:56:29 - [TEST_STEP][PASSED] - ZIP = findTestData(dataFile).getValue("ZIP", row): null

2023-02-08 16:56:29 - [TEST_STEP][PASSED] - FilingType = findTestData(dataFile).getValue("FilingType", row): null

2023-02-08 16:56:29 - [TEST_STEP][PASSED] - Withholding = findTestData(dataFile).getValue("Withholding", row): null

2023-02-08 16:56:29 - [TEST_STEP][PASSED] - Amount = findTestData(dataFile).getValue("Amount", row): null

2023-02-08 16:56:29 - [TEST_STEP][PASSED] - CCNumber = findTestData(dataFile).getValue("CCNumber", row): null

2023-02-08 16:56:29 - [TEST_STEP][PASSED] - CVV = findTestData(dataFile).getValue("CVV", row): null

2023-02-08 16:56:29 - [TEST_STEP][PASSED] - out.println("Value of Execute is : " + ExecuteTC): null

2023-02-08 16:56:29 - [TEST_STEP][PASSED] - if (ExecuteTC.equalsIgnoreCase("Y")): null

2023-02-08 16:56:29 - [TEST_STEP][PASSED] - out.println("Begin Record Number: " + row): null

2023-02-08 16:56:29 - [TEST_STEP][PASSED] - today = new java.util.Date(): null

2023-02-08 16:56:29 - [TEST_STEP][PASSED] - println(today): null

2023-02-08 16:56:29 - [TEST_STEP][PASSED] - datText = today: null

2023-02-08 16:56:29 - [TEST_STEP][PASSED] - Taxtype = findTestData(dataFile).getValue("TaxType", row): null

2023-02-08 16:56:29 - [TEST_STEP][PASSED] - out.println("Taxtype value is : " + Taxtype): null

2023-02-08 16:56:29 - [TEST_STEP][PASSED] - openBrowser(""): Browser is opened with url: ''

2023-02-08 16:56:29 - [MESSAGE][WARNING] - A browser is already opened. Closing browser and opening a new one

2023-02-08 16:56:30 - [MESSAGE][INFO] - Starting 'Chrome' driver

2023-02-08 16:56:30 - [MESSAGE][INFO] - User set preference: ['acceptInsecureCerts', 'true']

2023-02-08 16:56:30 - [MESSAGE][INFO] - Action delay is set to 0 milliseconds

2023-02-08 16:56:32 - [MESSAGE][PASSED] - Browser is opened with url: ''

2023-02-08 16:56:32 - [TEST_STEP][PASSED] - maximizeWindow(): Current window maximized

2023-02-08 16:56:32 - [MESSAGE][PASSED] - Current window maximized

2023-02-08 16:56:32 - [TEST_STEP][PASSED] - navigateToUrl(RADurl): Navigate to 'https://qa.velocitypayment.com/client/rad/index.html' successfully

2023-02-08 16:56:33 - [MESSAGE][PASSED] - Navigate to 'https://qa.velocitypayment.com/client/rad/index.html' successfully

2023-02-08 16:56:33 - [TEST_STEP][PASSED] - orPath_Landing = "Object Repository/RAD_Pages/Landing_Page": null

2023-02-08 16:56:33 - [TEST_STEP][PASSED] - orPath_TaxTypeFilingYear = "Object Repository/RAD_Pages/TaxTypeFilingYear_Page": null

2023-02-08 16:56:33 - [TEST_STEP][PASSED] - orPath_TaxPayer = "Object Repository/RAD_Pages/Taxpayer_Page": null

2023-02-08 16:56:33 - [TEST_STEP][PASSED] - orPath_AddressContact = "Object Repository/RAD_Pages/AddressAndContactInfo_Page": null

2023-02-08 16:56:33 - [TEST_STEP][PASSED] - orPath_FilingStatus = "Object Repository/RAD_Pages/FilingStatus_Page": null

2023-02-08 16:56:33 - [TEST_STEP][PASSED] - orPath_Amount = "Object Repository/RAD_Pages/PaymentAmount_Page": null

2023-02-08 16:56:33 - [TEST_STEP][PASSED] - orPath_TaxInfo = "Object Repository/RAD_Pages/TaxInfo_Page": null

2023-02-08 16:56:33 - [TEST_STEP][PASSED] - orPath_Withholding = "Object Repository/RAD_Pages/Withholding_Page": null

2023-02-08 16:56:33 - [TEST_STEP][PASSED] - orPath_Summary = "Object Repository/RAD_Pages/Summary_Page": null

2023-02-08 16:56:33 - [TEST_STEP][PASSED] - orPath_PaymentReady = "Object Repository/RAD_Pages/PaymentReady_Page": null

2023-02-08 16:56:33 - [TEST_STEP][PASSED] - orPath_PaymentEntry = "Object Repository/RAD_Pages/PaymentEntry_Page": null

2023-02-08 16:56:34 - [TEST_STEP][PASSED] - orPath_PaymentConfirmation = "Object Repository/RAD_Pages/PaymentConfirmation_Page": null

2023-02-08 16:56:34 - [TEST_STEP][PASSED] - orPath_ServiceFeesAccept = "Object Repository/RAD_Pages/ServiceFeeAccept_Page": null

2023-02-08 16:56:34 - [TEST_STEP][PASSED] - selectOptionByLabel(findTestObject(orPath_Landing + "/dd_TaxType"), Taxtype, false): All options with label 'Sales and Use' are selected in object 'Object Repository/RAD_Pages/Landing_Page/dd_TaxType' 

2023-02-08 16:56:34 - [MESSAGE][PASSED] - All options with label 'Sales and Use' are selected in object 'Object Repository/RAD_Pages/Landing_Page/dd_TaxType' 

2023-02-08 16:56:34 - [TEST_STEP][PASSED] - delay(3): Delayed 3 second(s)

2023-02-08 16:56:37 - [MESSAGE][PASSED] - Delayed 3 second(s)

2023-02-08 16:56:37 - [TEST_STEP][PASSED] - switch (Taxtype): null

2023-02-08 16:56:37 - [TEST_STEP][PASSED] - case "Sales and Use":: null

2023-02-08 16:56:37 - [TEST_STEP][PASSED] - selectOptionByLabel(findTestObject(orPath_TaxTypeFilingYear + "/select_FilingYear"), FilingYear, false): All options with label '2023' are selected in object 'Object Repository/RAD_Pages/TaxTypeFilingYear_Page/select_FilingYear' 

2023-02-08 16:56:38 - [MESSAGE][PASSED] - All options with label '2023' are selected in object 'Object Repository/RAD_Pages/TaxTypeFilingYear_Page/select_FilingYear' 

2023-02-08 16:56:38 - [TEST_STEP][PASSED] - selectOptionByLabel(findTestObject(orPath_TaxTypeFilingYear + "/select_PeriodEnding"), PeriodEnding, false): All options with label 'January' are selected in object 'Object Repository/RAD_Pages/TaxTypeFilingYear_Page/select_PeriodEnding' 

2023-02-08 16:56:39 - [MESSAGE][PASSED] - All options with label 'January' are selected in object 'Object Repository/RAD_Pages/TaxTypeFilingYear_Page/select_PeriodEnding' 

2023-02-08 16:56:39 - [TEST_STEP][PASSED] - setText(findTestObject(orPath_TaxPayer + "/input_businessName"), BusName): Text 'My Glass Company' is set on object 'Object Repository/RAD_Pages/Taxpayer_Page/input_businessName'

2023-02-08 16:56:40 - [MESSAGE][PASSED] - Text 'My Glass Company' is set on object 'Object Repository/RAD_Pages/Taxpayer_Page/input_businessName'

2023-02-08 16:56:40 - [TEST_STEP][PASSED] - setText(findTestObject(orPath_TaxPayer + "/input_firstName"), FName): Text 'Michael' is set on object 'Object Repository/RAD_Pages/Taxpayer_Page/input_firstName'

2023-02-08 16:56:41 - [MESSAGE][PASSED] - Text 'Michael' is set on object 'Object Repository/RAD_Pages/Taxpayer_Page/input_firstName'

2023-02-08 16:56:41 - [TEST_STEP][PASSED] - setText(findTestObject(orPath_TaxPayer + "/input_lastName"), LName): Text 'Vaughn' is set on object 'Object Repository/RAD_Pages/Taxpayer_Page/input_lastName'

2023-02-08 16:56:42 - [MESSAGE][PASSED] - Text 'Vaughn' is set on object 'Object Repository/RAD_Pages/Taxpayer_Page/input_lastName'

2023-02-08 16:56:42 - [TEST_STEP][PASSED] - setEncryptedText(findTestObject(orPath_TaxInfo + "/input_FederalEIN"), "0fDtEjy4ijeV75Gl5M+mSg=="): Text ****** has been set on object 'Object Repository/RAD_Pages/TaxInfo_Page/input_FederalEIN'

2023-02-08 16:56:43 - [MESSAGE][PASSED] - Text ****** has been set on object 'Object Repository/RAD_Pages/TaxInfo_Page/input_FederalEIN'

2023-02-08 16:56:43 - [TEST_STEP][PASSED] - setEncryptedText(findTestObject(orPath_TaxInfo + "/input_FederalEIN_ReEnter"), "0fDtEjy4ijeV75Gl5M+mSg=="): Text ****** has been set on object 'Object Repository/RAD_Pages/TaxInfo_Page/input_FederalEIN_ReEnter'

2023-02-08 16:56:43 - [MESSAGE][PASSED] - Text ****** has been set on object 'Object Repository/RAD_Pages/TaxInfo_Page/input_FederalEIN_ReEnter'

2023-02-08 16:56:43 - [TEST_STEP][PASSED] - setText(findTestObject(orPath_TaxInfo + "/input_MDCRegistration"), "07640126"): Text '07640126' is set on object 'Object Repository/RAD_Pages/TaxInfo_Page/input_MDCRegistration'

2023-02-08 16:56:44 - [MESSAGE][PASSED] - Text '07640126' is set on object 'Object Repository/RAD_Pages/TaxInfo_Page/input_MDCRegistration'

2023-02-08 16:56:44 - [TEST_STEP][PASSED] - if (verifyElementVisible(findTestObject("Object Repository/RAD_Pages/SAU_MDForm202_BeforeJuly2021_Page/input__GrossSales1"), OPTIONAL)): null

2023-02-08 16:56:45 - [MESSAGE][PASSED] - Object 'Object Repository/RAD_Pages/SAU_MDForm202_BeforeJuly2021_Page/input__GrossSales1' is visible

2023-02-08 16:56:45 - [TEST_STEP][PASSED] - scrollToElement(findTestObject("Object Repository/RAD_Pages/SAU_MDForm202_BeforeJuly2021_Page/input__GrossSales1"), 3): Scroll to object 'Object Repository/RAD_Pages/SAU_MDForm202_BeforeJuly2021_Page/input__GrossSales1' successfully

2023-02-08 16:56:45 - [MESSAGE][PASSED] - Scroll to object 'Object Repository/RAD_Pages/SAU_MDForm202_BeforeJuly2021_Page/input__GrossSales1' successfully

2023-02-08 16:56:45 - [TEST_STEP][PASSED] - setText(findTestObject("Object Repository/RAD_Pages/SAU_MDForm202_BeforeJuly2021_Page/input__GrossSales1"), "100.00"): Text '100.00' is set on object 'Object Repository/RAD_Pages/SAU_MDForm202_BeforeJuly2021_Page/input__GrossSales1'

2023-02-08 16:56:46 - [MESSAGE][PASSED] - Text '100.00' is set on object 'Object Repository/RAD_Pages/SAU_MDForm202_BeforeJuly2021_Page/input__GrossSales1'

2023-02-08 16:56:46 - [TEST_STEP][PASSED] - if (verifyElementVisible(findTestObject("Object Repository/RAD_Pages/SAU_MDForm202_Page/input__GrossSales2"), OPTIONAL)): Object 'Object Repository/RAD_Pages/SAU_MDForm202_Page/input__GrossSales2' is NOT visible (Root cause: com.kms.katalon.core.exception.StepFailedException: Object 'Object Repository/RAD_Pages/SAU_MDForm202_Page/input__GrossSales2' is NOT visible
	at com.kms.katalon.core.webui.keyword.internal.WebUIKeywordMain.stepFailed(WebUIKeywordMain.groovy:64)
	at com.kms.katalon.core.webui.keyword.builtin.VerifyElementVisibleKeyword$_verifyElementVisible_closure1.doCall(VerifyElementVisibleKeyword.groovy:83)
	at com.kms.katalon.core.webui.keyword.builtin.VerifyElementVisibleKeyword$_verifyElementVisible_closure1.call(VerifyElementVisibleKeyword.groovy)
	at com.kms.katalon.core.webui.keyword.internal.WebUIKeywordMain.runKeyword(WebUIKeywordMain.groovy:20)
	at com.kms.katalon.core.webui.keyword.builtin.VerifyElementVisibleKeyword.verifyElementVisible(VerifyElementVisibleKeyword.groovy:97)
	at com.kms.katalon.core.webui.keyword.builtin.VerifyElementVisibleKeyword.execute(VerifyElementVisibleKeyword.groovy:67)
	at com.kms.katalon.core.keyword.internal.KeywordExecutor.executeKeywordForPlatform(KeywordExecutor.groovy:74)
	at com.kms.katalon.core.webui.keyword.WebUiBuiltInKeywords.verifyElementVisible(WebUiBuiltInKeywords.groovy:362)
	at com.kms.katalon.core.webui.keyword.WebUiBuiltInKeywords$verifyElementVisible$11.call(Unknown Source)
	at Payments_HC_TC.run(Payments_HC_TC:247)
	at com.kms.katalon.core.main.ScriptEngine.run(ScriptEngine.java:194)
	at com.kms.katalon.core.main.ScriptEngine.runScriptAsRawText(ScriptEngine.java:119)
	at com.kms.katalon.core.main.TestCaseExecutor.runScript(TestCaseExecutor.java:442)
	at com.kms.katalon.core.main.TestCaseExecutor.doExecute(TestCaseExecutor.java:433)
	at com.kms.katalon.core.main.TestCaseExecutor.processExecutionPhase(TestCaseExecutor.java:412)
	at com.kms.katalon.core.main.TestCaseExecutor.accessMainPhase(TestCaseExecutor.java:404)
	at com.kms.katalon.core.main.TestCaseExecutor.execute(TestCaseExecutor.java:281)
	at com.kms.katalon.core.main.TestSuiteExecutor.accessTestCaseMainPhase(TestSuiteExecutor.java:202)
	at com.kms.katalon.core.main.TestSuiteExecutor.accessTestSuiteMainPhase(TestSuiteExecutor.java:164)
	at com.kms.katalon.core.main.TestSuiteExecutor.execute(TestSuiteExecutor.java:105)
	at com.kms.katalon.core.main.TestCaseMain.startTestSuite(TestCaseMain.java:185)
	at com.kms.katalon.core.main.TestCaseMain$startTestSuite$0.call(Unknown Source)
	at TempTestSuite1675892282217.run(TempTestSuite1675892282217.groovy:36)
)

2023-02-08 16:56:47 - [MESSAGE][WARNING] - Object 'Object Repository/RAD_Pages/SAU_MDForm202_Page/input__GrossSales2' is NOT visible (Root cause: com.kms.katalon.core.exception.StepFailedException: Object 'Object Repository/RAD_Pages/SAU_MDForm202_Page/input__GrossSales2' is NOT visible
	at com.kms.katalon.core.webui.keyword.internal.WebUIKeywordMain.stepFailed(WebUIKeywordMain.groovy:64)
	at com.kms.katalon.core.webui.keyword.builtin.VerifyElementVisibleKeyword$_verifyElementVisible_closure1.doCall(VerifyElementVisibleKeyword.groovy:83)
	at com.kms.katalon.core.webui.keyword.builtin.VerifyElementVisibleKeyword$_verifyElementVisible_closure1.call(VerifyElementVisibleKeyword.groovy)
	at com.kms.katalon.core.webui.keyword.internal.WebUIKeywordMain.runKeyword(WebUIKeywordMain.groovy:20)
	at com.kms.katalon.core.webui.keyword.builtin.VerifyElementVisibleKeyword.verifyElementVisible(VerifyElementVisibleKeyword.groovy:97)
	at com.kms.katalon.core.webui.keyword.builtin.VerifyElementVisibleKeyword.execute(VerifyElementVisibleKeyword.groovy:67)
	at com.kms.katalon.core.keyword.internal.KeywordExecutor.executeKeywordForPlatform(KeywordExecutor.groovy:74)
	at com.kms.katalon.core.webui.keyword.WebUiBuiltInKeywords.verifyElementVisible(WebUiBuiltInKeywords.groovy:362)
	at com.kms.katalon.core.webui.keyword.WebUiBuiltInKeywords$verifyElementVisible$11.call(Unknown Source)
	at Payments_HC_TC.run(Payments_HC_TC:247)
	at com.kms.katalon.core.main.ScriptEngine.run(ScriptEngine.java:194)
	at com.kms.katalon.core.main.ScriptEngine.runScriptAsRawText(ScriptEngine.java:119)
	at com.kms.katalon.core.main.TestCaseExecutor.runScript(TestCaseExecutor.java:442)
	at com.kms.katalon.core.main.TestCaseExecutor.doExecute(TestCaseExecutor.java:433)
	at com.kms.katalon.core.main.TestCaseExecutor.processExecutionPhase(TestCaseExecutor.java:412)
	at com.kms.katalon.core.main.TestCaseExecutor.accessMainPhase(TestCaseExecutor.java:404)
	at com.kms.katalon.core.main.TestCaseExecutor.execute(TestCaseExecutor.java:281)
	at com.kms.katalon.core.main.TestSuiteExecutor.accessTestCaseMainPhase(TestSuiteExecutor.java:202)
	at com.kms.katalon.core.main.TestSuiteExecutor.accessTestSuiteMainPhase(TestSuiteExecutor.java:164)
	at com.kms.katalon.core.main.TestSuiteExecutor.execute(TestSuiteExecutor.java:105)
	at com.kms.katalon.core.main.TestCaseMain.startTestSuite(TestCaseMain.java:185)
	at com.kms.katalon.core.main.TestCaseMain$startTestSuite$0.call(Unknown Source)
	at TempTestSuite1675892282217.run(TempTestSuite1675892282217.groovy:36)
)
[[ATTACHMENT|E:\\Cloned-Project-Katalon\\VPS-Katalon\\Reports\\20230208_163802\\RAD_TestSuite\\RAD_UI_TestSuite\\20230208_163802\\1675893406756.png]]

2023-02-08 16:56:47 - [TEST_STEP][PASSED] - break: null

2023-02-08 16:56:47 - [TEST_STEP][PASSED] - if (PaymentType.equalsIgnoreCase("Personal")): null

2023-02-08 16:56:47 - [TEST_STEP][PASSED] - selectOptionByLabel(findTestObject(orPath_AddressContact + "/select_Country"), "United States", false): All options with label 'United States' are selected in object 'Object Repository/RAD_Pages/AddressAndContactInfo_Page/select_Country' 

2023-02-08 16:56:47 - [MESSAGE][PASSED] - All options with label 'United States' are selected in object 'Object Repository/RAD_Pages/AddressAndContactInfo_Page/select_Country' 

2023-02-08 16:56:47 - [TEST_STEP][PASSED] - setText(findTestObject(orPath_AddressContact + "/input_streetAddress1"), AL1): Text '2000 14th street' is set on object 'Object Repository/RAD_Pages/AddressAndContactInfo_Page/input_streetAddress1'

2023-02-08 16:56:48 - [MESSAGE][PASSED] - Text '2000 14th street' is set on object 'Object Repository/RAD_Pages/AddressAndContactInfo_Page/input_streetAddress1'

2023-02-08 16:56:48 - [TEST_STEP][PASSED] - setText(findTestObject(orPath_AddressContact + "/input_streetAddress2"), ""): Text '' is set on object 'Object Repository/RAD_Pages/AddressAndContactInfo_Page/input_streetAddress2'

2023-02-08 16:56:49 - [MESSAGE][PASSED] - Text '' is set on object 'Object Repository/RAD_Pages/AddressAndContactInfo_Page/input_streetAddress2'

2023-02-08 16:56:49 - [TEST_STEP][PASSED] - setText(findTestObject(orPath_AddressContact + "/input_city"), City): Text 'Columbia' is set on object 'Object Repository/RAD_Pages/AddressAndContactInfo_Page/input_city'

2023-02-08 16:56:50 - [MESSAGE][PASSED] - Text 'Columbia' is set on object 'Object Repository/RAD_Pages/AddressAndContactInfo_Page/input_city'

2023-02-08 16:56:50 - [TEST_STEP][PASSED] - selectOptionByLabel(findTestObject(orPath_AddressContact + "/select_State"), "Maryland", false): All options with label 'Maryland' are selected in object 'Object Repository/RAD_Pages/AddressAndContactInfo_Page/select_State' 

2023-02-08 16:56:51 - [MESSAGE][PASSED] - All options with label 'Maryland' are selected in object 'Object Repository/RAD_Pages/AddressAndContactInfo_Page/select_State' 

2023-02-08 16:56:51 - [TEST_STEP][PASSED] - setText(findTestObject(orPath_AddressContact + "/input_zipCode"), ZIP): Text '21093' is set on object 'Object Repository/RAD_Pages/AddressAndContactInfo_Page/input_zipCode'

2023-02-08 16:56:52 - [MESSAGE][PASSED] - Text '21093' is set on object 'Object Repository/RAD_Pages/AddressAndContactInfo_Page/input_zipCode'

2023-02-08 16:56:52 - [TEST_STEP][PASSED] - setText(findTestObject(orPath_AddressContact + "/input_phoneNumber"), "(703) 894-5000"): Text '(703) 894-5000' is set on object 'Object Repository/RAD_Pages/AddressAndContactInfo_Page/input_phoneNumber'

2023-02-08 16:56:53 - [MESSAGE][PASSED] - Text '(703) 894-5000' is set on object 'Object Repository/RAD_Pages/AddressAndContactInfo_Page/input_phoneNumber'

2023-02-08 16:56:53 - [TEST_STEP][PASSED] - setText(findTestObject(orPath_AddressContact + "/input_eMailAddress"), "iahmed@govolution.com"): Text 'iahmed@govolution.com' is set on object 'Object Repository/RAD_Pages/AddressAndContactInfo_Page/input_eMailAddress'

2023-02-08 16:56:54 - [MESSAGE][PASSED] - Text 'iahmed@govolution.com' is set on object 'Object Repository/RAD_Pages/AddressAndContactInfo_Page/input_eMailAddress'

2023-02-08 16:56:54 - [TEST_STEP][PASSED] - setText(findTestObject(orPath_AddressContact + "/input_reEnterEMailAddress"), "iahmed@govolution.com"): Text 'iahmed@govolution.com' is set on object 'Object Repository/RAD_Pages/AddressAndContactInfo_Page/input_reEnterEMailAddress'

2023-02-08 16:56:55 - [MESSAGE][PASSED] - Text 'iahmed@govolution.com' is set on object 'Object Repository/RAD_Pages/AddressAndContactInfo_Page/input_reEnterEMailAddress'

2023-02-08 16:56:55 - [TEST_STEP][PASSED] - setText(findTestObject(orPath_Amount + "/input__paymentAmount"), Amount): Text '100.00' is set on object 'Object Repository/RAD_Pages/PaymentAmount_Page/input__paymentAmount'

2023-02-08 16:56:56 - [MESSAGE][PASSED] - Text '100.00' is set on object 'Object Repository/RAD_Pages/PaymentAmount_Page/input__paymentAmount'

2023-02-08 16:56:56 - [TEST_STEP][PASSED] - scrollToElement(findTestObject(orPath_Landing + "/button_Continue"), 3): Scroll to object 'Object Repository/RAD_Pages/Landing_Page/button_Continue' successfully

2023-02-08 16:56:56 - [MESSAGE][PASSED] - Scroll to object 'Object Repository/RAD_Pages/Landing_Page/button_Continue' successfully

2023-02-08 16:56:56 - [TEST_STEP][PASSED] - waitForElementClickable(findTestObject(orPath_Landing + "/button_Continue"), 5): Object 'Object Repository/RAD_Pages/Landing_Page/button_Continue' is clickable

2023-02-08 16:56:56 - [MESSAGE][PASSED] - Object 'Object Repository/RAD_Pages/Landing_Page/button_Continue' is clickable

2023-02-08 16:56:56 - [TEST_STEP][PASSED] - click(findTestObject(orPath_Landing + "/button_Continue")): Object: 'Object Repository/RAD_Pages/Landing_Page/button_Continue' is clicked on

2023-02-08 16:56:57 - [MESSAGE][PASSED] - Object: 'Object Repository/RAD_Pages/Landing_Page/button_Continue' is clicked on

2023-02-08 16:56:57 - [TEST_STEP][PASSED] - verifyTextPresent("Review the information below and make any necessary corrections by clicking the", true): Text 'Review the information below and make any necessary corrections by clicking the' is present on page  using regular expression

2023-02-08 16:56:58 - [MESSAGE][PASSED] - Text 'Review the information below and make any necessary corrections by clicking the' is present on page  using regular expression

2023-02-08 16:56:58 - [TEST_STEP][PASSED] - verifyTextPresent("When you are confident that all the information is correct", true): Text 'When you are confident that all the information is correct' is present on page  using regular expression

2023-02-08 16:56:58 - [MESSAGE][PASSED] - Text 'When you are confident that all the information is correct' is present on page  using regular expression

2023-02-08 16:56:58 - [TEST_STEP][PASSED] - delay(1): Delayed 1 second(s)

2023-02-08 16:56:59 - [MESSAGE][PASSED] - Delayed 1 second(s)

2023-02-08 16:56:59 - [TEST_STEP][PASSED] - click(findTestObject(orPath_Summary + "/button_Proceed to Payment")): Object: 'Object Repository/RAD_Pages/Summary_Page/button_Proceed to Payment' is clicked on

2023-02-08 16:57:01 - [MESSAGE][PASSED] - Object: 'Object Repository/RAD_Pages/Summary_Page/button_Proceed to Payment' is clicked on

2023-02-08 16:57:01 - [TEST_STEP][PASSED] - if (PaymentType.equalsIgnoreCase("Corporate")): null

2023-02-08 16:57:01 - [TEST_STEP][PASSED] - setText(findTestObject(orPath_PaymentEntry + "/input__cardNumber"), CCNumber): Text '6011000993026909' is set on object 'Object Repository/RAD_Pages/PaymentEntry_Page/input__cardNumber'

2023-02-08 16:57:02 - [MESSAGE][PASSED] - Text '6011000993026909' is set on object 'Object Repository/RAD_Pages/PaymentEntry_Page/input__cardNumber'

2023-02-08 16:57:02 - [TEST_STEP][PASSED] - setText(findTestObject(orPath_PaymentEntry + "/input__spc"), CVV): Text '123' is set on object 'Object Repository/RAD_Pages/PaymentEntry_Page/input__spc'

2023-02-08 16:57:03 - [MESSAGE][PASSED] - Text '123' is set on object 'Object Repository/RAD_Pages/PaymentEntry_Page/input__spc'

2023-02-08 16:57:03 - [TEST_STEP][PASSED] - selectOptionByLabel(findTestObject(orPath_PaymentEntry + "/select_MM"), "12", false): All options with label '12' are selected in object 'Object Repository/RAD_Pages/PaymentEntry_Page/select_MM' 

2023-02-08 16:57:04 - [MESSAGE][PASSED] - All options with label '12' are selected in object 'Object Repository/RAD_Pages/PaymentEntry_Page/select_MM' 

2023-02-08 16:57:04 - [TEST_STEP][PASSED] - selectOptionByLabel(findTestObject(orPath_PaymentEntry + "/select_YYYY"), "2023", false): All options with label '2023' are selected in object 'Object Repository/RAD_Pages/PaymentEntry_Page/select_YYYY' 

2023-02-08 16:57:05 - [MESSAGE][PASSED] - All options with label '2023' are selected in object 'Object Repository/RAD_Pages/PaymentEntry_Page/select_YYYY' 

2023-02-08 16:57:05 - [TEST_STEP][PASSED] - click(findTestObject(orPath_PaymentEntry + "/input_Field_ccSubmit")): Object: 'Object Repository/RAD_Pages/PaymentEntry_Page/input_Field_ccSubmit' is clicked on

2023-02-08 16:57:06 - [MESSAGE][PASSED] - Object: 'Object Repository/RAD_Pages/PaymentEntry_Page/input_Field_ccSubmit' is clicked on

2023-02-08 16:57:06 - [TEST_STEP][PASSED] - click(findTestObject(orPath_PaymentConfirmation + "/input_N_confirmNotifyAction")): Object: 'Object Repository/RAD_Pages/PaymentConfirmation_Page/input_N_confirmNotifyAction' is clicked on

2023-02-08 16:57:07 - [MESSAGE][PASSED] - Object: 'Object Repository/RAD_Pages/PaymentConfirmation_Page/input_N_confirmNotifyAction' is clicked on

2023-02-08 16:57:07 - [TEST_STEP][PASSED] - click(findTestObject(orPath_ServiceFeesAccept + "/input_convFeeNotifyAction")): Object: 'Object Repository/RAD_Pages/ServiceFeeAccept_Page/input_convFeeNotifyAction' is clicked on

2023-02-08 16:57:08 - [MESSAGE][PASSED] - Object: 'Object Repository/RAD_Pages/ServiceFeeAccept_Page/input_convFeeNotifyAction' is clicked on

2023-02-08 16:57:08 - [TEST_STEP][PASSED] - delay(10): Delayed 10 second(s)

2023-02-08 16:57:18 - [MESSAGE][PASSED] - Delayed 10 second(s)

2023-02-08 16:57:18 - [TEST_STEP][PASSED] - verifyTextPresent("Successful Payment Receipt", true): Text 'Successful Payment Receipt' is present on page  using regular expression

2023-02-08 16:57:19 - [MESSAGE][PASSED] - Text 'Successful Payment Receipt' is present on page  using regular expression

2023-02-08 16:57:19 - [TEST_STEP][PASSED] - if (verifyTextPresent("Successful Payment Receipt", true)): null

2023-02-08 16:57:19 - [MESSAGE][PASSED] - Text 'Successful Payment Receipt' is present on page  using regular expression

2023-02-08 16:57:19 - [TEST_STEP][PASSED] - println("Transaction was Successful"): null

2023-02-08 16:57:19 - [TEST_STEP][PASSED] - out.println("Pass Record Number: " + row): null

2023-02-08 16:57:19 - [TEST_STEP][PASSED] - resText = "Pass": null

2023-02-08 16:57:19 - [TEST_STEP][PASSED] - pages.WriteExcel.demoKey(resText, datText, resColumn, datCloumn, fileLoc, nameSheet, row): pages.WriteExcel.demoKey is PASSED

2023-02-08 16:57:19 - [MESSAGE][PASSED] - pages.WriteExcel.demoKey is PASSED

2023-02-08 16:57:19 - [TEST_STEP][PASSED] - ExecuteTC = findTestData(dataFile).getValue("Execute", row): null

2023-02-08 16:57:19 - [TEST_STEP][PASSED] - PaymentType = findTestData(dataFile).getValue("PaymentType", row): null

2023-02-08 16:57:19 - [TEST_STEP][PASSED] - FilingYear = findTestData(dataFile).getValue("FilingYear", row): null

2023-02-08 16:57:19 - [TEST_STEP][PASSED] - PeriodEnding = findTestData(dataFile).getValue("PeriodEnding", row): null

2023-02-08 16:57:19 - [TEST_STEP][PASSED] - FName = findTestData(dataFile).getValue("Fname", row): null

2023-02-08 16:57:19 - [TEST_STEP][PASSED] - LName = findTestData(dataFile).getValue("Lname", row): null

2023-02-08 16:57:19 - [TEST_STEP][PASSED] - SSN = findTestData(dataFile).getValue("SSN", row): null

2023-02-08 16:57:19 - [TEST_STEP][PASSED] - BusName = findTestData(dataFile).getValue("BusName", row): null

2023-02-08 16:57:19 - [TEST_STEP][PASSED] - AL1 = findTestData(dataFile).getValue("AL1", row): null

2023-02-08 16:57:19 - [TEST_STEP][PASSED] - City = findTestData(dataFile).getValue("City", row): null

2023-02-08 16:57:20 - [TEST_STEP][PASSED] - ZIP = findTestData(dataFile).getValue("ZIP", row): null

2023-02-08 16:57:20 - [TEST_STEP][PASSED] - FilingType = findTestData(dataFile).getValue("FilingType", row): null

2023-02-08 16:57:20 - [TEST_STEP][PASSED] - Withholding = findTestData(dataFile).getValue("Withholding", row): null

2023-02-08 16:57:20 - [TEST_STEP][PASSED] - Amount = findTestData(dataFile).getValue("Amount", row): null

2023-02-08 16:57:20 - [TEST_STEP][PASSED] - CCNumber = findTestData(dataFile).getValue("CCNumber", row): null

2023-02-08 16:57:20 - [TEST_STEP][PASSED] - CVV = findTestData(dataFile).getValue("CVV", row): null

2023-02-08 16:57:20 - [TEST_STEP][PASSED] - out.println("Value of Execute is : " + ExecuteTC): null

2023-02-08 16:57:20 - [TEST_STEP][PASSED] - if (ExecuteTC.equalsIgnoreCase("Y")): null

2023-02-08 16:57:20 - [TEST_STEP][PASSED] - out.println("Begin Record Number: " + row): null

2023-02-08 16:57:20 - [TEST_STEP][PASSED] - today = new java.util.Date(): null

2023-02-08 16:57:20 - [TEST_STEP][PASSED] - println(today): null

2023-02-08 16:57:20 - [TEST_STEP][PASSED] - datText = today: null

2023-02-08 16:57:20 - [TEST_STEP][PASSED] - Taxtype = findTestData(dataFile).getValue("TaxType", row): null

2023-02-08 16:57:20 - [TEST_STEP][PASSED] - out.println("Taxtype value is : " + Taxtype): null

2023-02-08 16:57:20 - [TEST_STEP][PASSED] - openBrowser(""): Browser is opened with url: ''

2023-02-08 16:57:20 - [MESSAGE][WARNING] - A browser is already opened. Closing browser and opening a new one

2023-02-08 16:57:21 - [MESSAGE][INFO] - Starting 'Chrome' driver

2023-02-08 16:57:21 - [MESSAGE][INFO] - User set preference: ['acceptInsecureCerts', 'true']

2023-02-08 16:57:21 - [MESSAGE][INFO] - Action delay is set to 0 milliseconds

2023-02-08 16:57:22 - [MESSAGE][PASSED] - Browser is opened with url: ''

2023-02-08 16:57:22 - [TEST_STEP][PASSED] - maximizeWindow(): Current window maximized

2023-02-08 16:57:22 - [MESSAGE][PASSED] - Current window maximized

2023-02-08 16:57:22 - [TEST_STEP][PASSED] - navigateToUrl(RADurl): Navigate to 'https://qa.velocitypayment.com/client/rad/index.html' successfully

2023-02-08 16:57:25 - [MESSAGE][PASSED] - Navigate to 'https://qa.velocitypayment.com/client/rad/index.html' successfully

2023-02-08 16:57:25 - [TEST_STEP][PASSED] - orPath_Landing = "Object Repository/RAD_Pages/Landing_Page": null

2023-02-08 16:57:25 - [TEST_STEP][PASSED] - orPath_TaxTypeFilingYear = "Object Repository/RAD_Pages/TaxTypeFilingYear_Page": null

2023-02-08 16:57:25 - [TEST_STEP][PASSED] - orPath_TaxPayer = "Object Repository/RAD_Pages/Taxpayer_Page": null

2023-02-08 16:57:25 - [TEST_STEP][PASSED] - orPath_AddressContact = "Object Repository/RAD_Pages/AddressAndContactInfo_Page": null

2023-02-08 16:57:25 - [TEST_STEP][PASSED] - orPath_FilingStatus = "Object Repository/RAD_Pages/FilingStatus_Page": null

2023-02-08 16:57:25 - [TEST_STEP][PASSED] - orPath_Amount = "Object Repository/RAD_Pages/PaymentAmount_Page": null

2023-02-08 16:57:25 - [TEST_STEP][PASSED] - orPath_TaxInfo = "Object Repository/RAD_Pages/TaxInfo_Page": null

2023-02-08 16:57:25 - [TEST_STEP][PASSED] - orPath_Withholding = "Object Repository/RAD_Pages/Withholding_Page": null

2023-02-08 16:57:25 - [TEST_STEP][PASSED] - orPath_Summary = "Object Repository/RAD_Pages/Summary_Page": null

2023-02-08 16:57:25 - [TEST_STEP][PASSED] - orPath_PaymentReady = "Object Repository/RAD_Pages/PaymentReady_Page": null

2023-02-08 16:57:25 - [TEST_STEP][PASSED] - orPath_PaymentEntry = "Object Repository/RAD_Pages/PaymentEntry_Page": null

2023-02-08 16:57:25 - [TEST_STEP][PASSED] - orPath_PaymentConfirmation = "Object Repository/RAD_Pages/PaymentConfirmation_Page": null

2023-02-08 16:57:25 - [TEST_STEP][PASSED] - orPath_ServiceFeesAccept = "Object Repository/RAD_Pages/ServiceFeeAccept_Page": null

2023-02-08 16:57:25 - [TEST_STEP][PASSED] - selectOptionByLabel(findTestObject(orPath_Landing + "/dd_TaxType"), Taxtype, false): All options with label 'Sales and Use' are selected in object 'Object Repository/RAD_Pages/Landing_Page/dd_TaxType' 

2023-02-08 16:57:25 - [MESSAGE][PASSED] - All options with label 'Sales and Use' are selected in object 'Object Repository/RAD_Pages/Landing_Page/dd_TaxType' 

2023-02-08 16:57:25 - [TEST_STEP][PASSED] - delay(3): Delayed 3 second(s)

2023-02-08 16:57:28 - [MESSAGE][PASSED] - Delayed 3 second(s)

2023-02-08 16:57:28 - [TEST_STEP][PASSED] - switch (Taxtype): null

2023-02-08 16:57:28 - [TEST_STEP][PASSED] - case "Sales and Use":: null

2023-02-08 16:57:28 - [TEST_STEP][PASSED] - selectOptionByLabel(findTestObject(orPath_TaxTypeFilingYear + "/select_FilingYear"), FilingYear, false): All options with label '2022' are selected in object 'Object Repository/RAD_Pages/TaxTypeFilingYear_Page/select_FilingYear' 

2023-02-08 16:57:29 - [MESSAGE][PASSED] - All options with label '2022' are selected in object 'Object Repository/RAD_Pages/TaxTypeFilingYear_Page/select_FilingYear' 

2023-02-08 16:57:29 - [TEST_STEP][PASSED] - selectOptionByLabel(findTestObject(orPath_TaxTypeFilingYear + "/select_PeriodEnding"), PeriodEnding, false): All options with label 'July' are selected in object 'Object Repository/RAD_Pages/TaxTypeFilingYear_Page/select_PeriodEnding' 

2023-02-08 16:57:30 - [MESSAGE][PASSED] - All options with label 'July' are selected in object 'Object Repository/RAD_Pages/TaxTypeFilingYear_Page/select_PeriodEnding' 

2023-02-08 16:57:30 - [TEST_STEP][PASSED] - setText(findTestObject(orPath_TaxPayer + "/input_businessName"), BusName): Text 'Superior, Painters' is set on object 'Object Repository/RAD_Pages/Taxpayer_Page/input_businessName'

2023-02-08 16:57:31 - [MESSAGE][PASSED] - Text 'Superior, Painters' is set on object 'Object Repository/RAD_Pages/Taxpayer_Page/input_businessName'

2023-02-08 16:57:31 - [TEST_STEP][PASSED] - setText(findTestObject(orPath_TaxPayer + "/input_firstName"), FName): Text 'Andrew' is set on object 'Object Repository/RAD_Pages/Taxpayer_Page/input_firstName'

2023-02-08 16:57:32 - [MESSAGE][PASSED] - Text 'Andrew' is set on object 'Object Repository/RAD_Pages/Taxpayer_Page/input_firstName'

2023-02-08 16:57:32 - [TEST_STEP][PASSED] - setText(findTestObject(orPath_TaxPayer + "/input_lastName"), LName): Text 'Cook' is set on object 'Object Repository/RAD_Pages/Taxpayer_Page/input_lastName'

2023-02-08 16:57:33 - [MESSAGE][PASSED] - Text 'Cook' is set on object 'Object Repository/RAD_Pages/Taxpayer_Page/input_lastName'

2023-02-08 16:57:33 - [TEST_STEP][PASSED] - setEncryptedText(findTestObject(orPath_TaxInfo + "/input_FederalEIN"), "0fDtEjy4ijeV75Gl5M+mSg=="): Text ****** has been set on object 'Object Repository/RAD_Pages/TaxInfo_Page/input_FederalEIN'

2023-02-08 16:57:34 - [MESSAGE][PASSED] - Text ****** has been set on object 'Object Repository/RAD_Pages/TaxInfo_Page/input_FederalEIN'

2023-02-08 16:57:34 - [TEST_STEP][PASSED] - setEncryptedText(findTestObject(orPath_TaxInfo + "/input_FederalEIN_ReEnter"), "0fDtEjy4ijeV75Gl5M+mSg=="): Text ****** has been set on object 'Object Repository/RAD_Pages/TaxInfo_Page/input_FederalEIN_ReEnter'

2023-02-08 16:57:34 - [MESSAGE][PASSED] - Text ****** has been set on object 'Object Repository/RAD_Pages/TaxInfo_Page/input_FederalEIN_ReEnter'

2023-02-08 16:57:34 - [TEST_STEP][PASSED] - setText(findTestObject(orPath_TaxInfo + "/input_MDCRegistration"), "07640126"): Text '07640126' is set on object 'Object Repository/RAD_Pages/TaxInfo_Page/input_MDCRegistration'

2023-02-08 16:57:35 - [MESSAGE][PASSED] - Text '07640126' is set on object 'Object Repository/RAD_Pages/TaxInfo_Page/input_MDCRegistration'

2023-02-08 16:57:35 - [TEST_STEP][PASSED] - if (verifyElementVisible(findTestObject("Object Repository/RAD_Pages/SAU_MDForm202_BeforeJuly2021_Page/input__GrossSales1"), OPTIONAL)): Object 'Object Repository/RAD_Pages/SAU_MDForm202_BeforeJuly2021_Page/input__GrossSales1' is NOT visible (Root cause: com.kms.katalon.core.exception.StepFailedException: Object 'Object Repository/RAD_Pages/SAU_MDForm202_BeforeJuly2021_Page/input__GrossSales1' is NOT visible
	at com.kms.katalon.core.webui.keyword.internal.WebUIKeywordMain.stepFailed(WebUIKeywordMain.groovy:64)
	at com.kms.katalon.core.webui.keyword.builtin.VerifyElementVisibleKeyword$_verifyElementVisible_closure1.doCall(VerifyElementVisibleKeyword.groovy:83)
	at com.kms.katalon.core.webui.keyword.builtin.VerifyElementVisibleKeyword$_verifyElementVisible_closure1.call(VerifyElementVisibleKeyword.groovy)
	at com.kms.katalon.core.webui.keyword.internal.WebUIKeywordMain.runKeyword(WebUIKeywordMain.groovy:20)
	at com.kms.katalon.core.webui.keyword.builtin.VerifyElementVisibleKeyword.verifyElementVisible(VerifyElementVisibleKeyword.groovy:97)
	at com.kms.katalon.core.webui.keyword.builtin.VerifyElementVisibleKeyword.execute(VerifyElementVisibleKeyword.groovy:67)
	at com.kms.katalon.core.keyword.internal.KeywordExecutor.executeKeywordForPlatform(KeywordExecutor.groovy:74)
	at com.kms.katalon.core.webui.keyword.WebUiBuiltInKeywords.verifyElementVisible(WebUiBuiltInKeywords.groovy:362)
	at com.kms.katalon.core.webui.keyword.WebUiBuiltInKeywords$verifyElementVisible$11.call(Unknown Source)
	at Payments_HC_TC.run(Payments_HC_TC:241)
	at com.kms.katalon.core.main.ScriptEngine.run(ScriptEngine.java:194)
	at com.kms.katalon.core.main.ScriptEngine.runScriptAsRawText(ScriptEngine.java:119)
	at com.kms.katalon.core.main.TestCaseExecutor.runScript(TestCaseExecutor.java:442)
	at com.kms.katalon.core.main.TestCaseExecutor.doExecute(TestCaseExecutor.java:433)
	at com.kms.katalon.core.main.TestCaseExecutor.processExecutionPhase(TestCaseExecutor.java:412)
	at com.kms.katalon.core.main.TestCaseExecutor.accessMainPhase(TestCaseExecutor.java:404)
	at com.kms.katalon.core.main.TestCaseExecutor.execute(TestCaseExecutor.java:281)
	at com.kms.katalon.core.main.TestSuiteExecutor.accessTestCaseMainPhase(TestSuiteExecutor.java:202)
	at com.kms.katalon.core.main.TestSuiteExecutor.accessTestSuiteMainPhase(TestSuiteExecutor.java:164)
	at com.kms.katalon.core.main.TestSuiteExecutor.execute(TestSuiteExecutor.java:105)
	at com.kms.katalon.core.main.TestCaseMain.startTestSuite(TestCaseMain.java:185)
	at com.kms.katalon.core.main.TestCaseMain$startTestSuite$0.call(Unknown Source)
	at TempTestSuite1675892282217.run(TempTestSuite1675892282217.groovy:36)
)

2023-02-08 16:57:36 - [MESSAGE][WARNING] - Object 'Object Repository/RAD_Pages/SAU_MDForm202_BeforeJuly2021_Page/input__GrossSales1' is NOT visible (Root cause: com.kms.katalon.core.exception.StepFailedException: Object 'Object Repository/RAD_Pages/SAU_MDForm202_BeforeJuly2021_Page/input__GrossSales1' is NOT visible
	at com.kms.katalon.core.webui.keyword.internal.WebUIKeywordMain.stepFailed(WebUIKeywordMain.groovy:64)
	at com.kms.katalon.core.webui.keyword.builtin.VerifyElementVisibleKeyword$_verifyElementVisible_closure1.doCall(VerifyElementVisibleKeyword.groovy:83)
	at com.kms.katalon.core.webui.keyword.builtin.VerifyElementVisibleKeyword$_verifyElementVisible_closure1.call(VerifyElementVisibleKeyword.groovy)
	at com.kms.katalon.core.webui.keyword.internal.WebUIKeywordMain.runKeyword(WebUIKeywordMain.groovy:20)
	at com.kms.katalon.core.webui.keyword.builtin.VerifyElementVisibleKeyword.verifyElementVisible(VerifyElementVisibleKeyword.groovy:97)
	at com.kms.katalon.core.webui.keyword.builtin.VerifyElementVisibleKeyword.execute(VerifyElementVisibleKeyword.groovy:67)
	at com.kms.katalon.core.keyword.internal.KeywordExecutor.executeKeywordForPlatform(KeywordExecutor.groovy:74)
	at com.kms.katalon.core.webui.keyword.WebUiBuiltInKeywords.verifyElementVisible(WebUiBuiltInKeywords.groovy:362)
	at com.kms.katalon.core.webui.keyword.WebUiBuiltInKeywords$verifyElementVisible$11.call(Unknown Source)
	at Payments_HC_TC.run(Payments_HC_TC:241)
	at com.kms.katalon.core.main.ScriptEngine.run(ScriptEngine.java:194)
	at com.kms.katalon.core.main.ScriptEngine.runScriptAsRawText(ScriptEngine.java:119)
	at com.kms.katalon.core.main.TestCaseExecutor.runScript(TestCaseExecutor.java:442)
	at com.kms.katalon.core.main.TestCaseExecutor.doExecute(TestCaseExecutor.java:433)
	at com.kms.katalon.core.main.TestCaseExecutor.processExecutionPhase(TestCaseExecutor.java:412)
	at com.kms.katalon.core.main.TestCaseExecutor.accessMainPhase(TestCaseExecutor.java:404)
	at com.kms.katalon.core.main.TestCaseExecutor.execute(TestCaseExecutor.java:281)
	at com.kms.katalon.core.main.TestSuiteExecutor.accessTestCaseMainPhase(TestSuiteExecutor.java:202)
	at com.kms.katalon.core.main.TestSuiteExecutor.accessTestSuiteMainPhase(TestSuiteExecutor.java:164)
	at com.kms.katalon.core.main.TestSuiteExecutor.execute(TestSuiteExecutor.java:105)
	at com.kms.katalon.core.main.TestCaseMain.startTestSuite(TestCaseMain.java:185)
	at com.kms.katalon.core.main.TestCaseMain$startTestSuite$0.call(Unknown Source)
	at TempTestSuite1675892282217.run(TempTestSuite1675892282217.groovy:36)
)
[[ATTACHMENT|E:\\Cloned-Project-Katalon\\VPS-Katalon\\Reports\\20230208_163802\\RAD_TestSuite\\RAD_UI_TestSuite\\20230208_163802\\1675893455850.png]]

2023-02-08 16:57:36 - [TEST_STEP][PASSED] - if (verifyElementVisible(findTestObject("Object Repository/RAD_Pages/SAU_MDForm202_Page/input__GrossSales2"), OPTIONAL)): null

2023-02-08 16:57:36 - [MESSAGE][PASSED] - Object 'Object Repository/RAD_Pages/SAU_MDForm202_Page/input__GrossSales2' is visible

2023-02-08 16:57:36 - [TEST_STEP][PASSED] - scrollToElement(findTestObject("Object Repository/RAD_Pages/SAU_MDForm202_Page/input__GrossSales2"), 3): Scroll to object 'Object Repository/RAD_Pages/SAU_MDForm202_Page/input__GrossSales2' successfully

2023-02-08 16:57:36 - [MESSAGE][PASSED] - Scroll to object 'Object Repository/RAD_Pages/SAU_MDForm202_Page/input__GrossSales2' successfully

2023-02-08 16:57:36 - [TEST_STEP][PASSED] - setText(findTestObject("Object Repository/RAD_Pages/SAU_MDForm202_Page/input__GrossSales2"), "100.00"): Text '100.00' is set on object 'Object Repository/RAD_Pages/SAU_MDForm202_Page/input__GrossSales2'

2023-02-08 16:57:37 - [MESSAGE][PASSED] - Text '100.00' is set on object 'Object Repository/RAD_Pages/SAU_MDForm202_Page/input__GrossSales2'

2023-02-08 16:57:37 - [TEST_STEP][PASSED] - break: null

2023-02-08 16:57:37 - [TEST_STEP][PASSED] - if (PaymentType.equalsIgnoreCase("Personal")): null

2023-02-08 16:57:37 - [TEST_STEP][PASSED] - selectOptionByLabel(findTestObject(orPath_AddressContact + "/select_Country"), "United States", false): All options with label 'United States' are selected in object 'Object Repository/RAD_Pages/AddressAndContactInfo_Page/select_Country' 

2023-02-08 16:57:38 - [MESSAGE][PASSED] - All options with label 'United States' are selected in object 'Object Repository/RAD_Pages/AddressAndContactInfo_Page/select_Country' 

2023-02-08 16:57:38 - [TEST_STEP][PASSED] - setText(findTestObject(orPath_AddressContact + "/input_streetAddress1"), AL1): Text '3652 Mandan road' is set on object 'Object Repository/RAD_Pages/AddressAndContactInfo_Page/input_streetAddress1'

2023-02-08 16:57:39 - [MESSAGE][PASSED] - Text '3652 Mandan road' is set on object 'Object Repository/RAD_Pages/AddressAndContactInfo_Page/input_streetAddress1'

2023-02-08 16:57:39 - [TEST_STEP][PASSED] - setText(findTestObject(orPath_AddressContact + "/input_streetAddress2"), ""): Text '' is set on object 'Object Repository/RAD_Pages/AddressAndContactInfo_Page/input_streetAddress2'

2023-02-08 16:57:40 - [MESSAGE][PASSED] - Text '' is set on object 'Object Repository/RAD_Pages/AddressAndContactInfo_Page/input_streetAddress2'

2023-02-08 16:57:40 - [TEST_STEP][PASSED] - setText(findTestObject(orPath_AddressContact + "/input_city"), City): Text 'Crofton' is set on object 'Object Repository/RAD_Pages/AddressAndContactInfo_Page/input_city'

2023-02-08 16:57:41 - [MESSAGE][PASSED] - Text 'Crofton' is set on object 'Object Repository/RAD_Pages/AddressAndContactInfo_Page/input_city'

2023-02-08 16:57:41 - [TEST_STEP][PASSED] - selectOptionByLabel(findTestObject(orPath_AddressContact + "/select_State"), "Maryland", false): All options with label 'Maryland' are selected in object 'Object Repository/RAD_Pages/AddressAndContactInfo_Page/select_State' 

2023-02-08 16:57:42 - [MESSAGE][PASSED] - All options with label 'Maryland' are selected in object 'Object Repository/RAD_Pages/AddressAndContactInfo_Page/select_State' 

2023-02-08 16:57:42 - [TEST_STEP][PASSED] - setText(findTestObject(orPath_AddressContact + "/input_zipCode"), ZIP): Text '21114' is set on object 'Object Repository/RAD_Pages/AddressAndContactInfo_Page/input_zipCode'

2023-02-08 16:57:43 - [MESSAGE][PASSED] - Text '21114' is set on object 'Object Repository/RAD_Pages/AddressAndContactInfo_Page/input_zipCode'

2023-02-08 16:57:43 - [TEST_STEP][PASSED] - setText(findTestObject(orPath_AddressContact + "/input_phoneNumber"), "(703) 894-5000"): Text '(703) 894-5000' is set on object 'Object Repository/RAD_Pages/AddressAndContactInfo_Page/input_phoneNumber'

2023-02-08 16:57:44 - [MESSAGE][PASSED] - Text '(703) 894-5000' is set on object 'Object Repository/RAD_Pages/AddressAndContactInfo_Page/input_phoneNumber'

2023-02-08 16:57:44 - [TEST_STEP][PASSED] - setText(findTestObject(orPath_AddressContact + "/input_eMailAddress"), "iahmed@govolution.com"): Text 'iahmed@govolution.com' is set on object 'Object Repository/RAD_Pages/AddressAndContactInfo_Page/input_eMailAddress'

2023-02-08 16:57:45 - [MESSAGE][PASSED] - Text 'iahmed@govolution.com' is set on object 'Object Repository/RAD_Pages/AddressAndContactInfo_Page/input_eMailAddress'

2023-02-08 16:57:45 - [TEST_STEP][PASSED] - setText(findTestObject(orPath_AddressContact + "/input_reEnterEMailAddress"), "iahmed@govolution.com"): Text 'iahmed@govolution.com' is set on object 'Object Repository/RAD_Pages/AddressAndContactInfo_Page/input_reEnterEMailAddress'

2023-02-08 16:57:46 - [MESSAGE][PASSED] - Text 'iahmed@govolution.com' is set on object 'Object Repository/RAD_Pages/AddressAndContactInfo_Page/input_reEnterEMailAddress'

2023-02-08 16:57:46 - [TEST_STEP][PASSED] - setText(findTestObject(orPath_Amount + "/input__paymentAmount"), Amount): Text '100.00' is set on object 'Object Repository/RAD_Pages/PaymentAmount_Page/input__paymentAmount'

2023-02-08 16:57:46 - [MESSAGE][PASSED] - Text '100.00' is set on object 'Object Repository/RAD_Pages/PaymentAmount_Page/input__paymentAmount'

2023-02-08 16:57:46 - [TEST_STEP][PASSED] - scrollToElement(findTestObject(orPath_Landing + "/button_Continue"), 3): Scroll to object 'Object Repository/RAD_Pages/Landing_Page/button_Continue' successfully

2023-02-08 16:57:47 - [MESSAGE][PASSED] - Scroll to object 'Object Repository/RAD_Pages/Landing_Page/button_Continue' successfully

2023-02-08 16:57:47 - [TEST_STEP][PASSED] - waitForElementClickable(findTestObject(orPath_Landing + "/button_Continue"), 5): Object 'Object Repository/RAD_Pages/Landing_Page/button_Continue' is clickable

2023-02-08 16:57:47 - [MESSAGE][PASSED] - Object 'Object Repository/RAD_Pages/Landing_Page/button_Continue' is clickable

2023-02-08 16:57:47 - [TEST_STEP][PASSED] - click(findTestObject(orPath_Landing + "/button_Continue")): Object: 'Object Repository/RAD_Pages/Landing_Page/button_Continue' is clicked on

2023-02-08 16:57:48 - [MESSAGE][PASSED] - Object: 'Object Repository/RAD_Pages/Landing_Page/button_Continue' is clicked on

2023-02-08 16:57:48 - [TEST_STEP][PASSED] - verifyTextPresent("Review the information below and make any necessary corrections by clicking the", true): Text 'Review the information below and make any necessary corrections by clicking the' is present on page  using regular expression

2023-02-08 16:57:48 - [MESSAGE][PASSED] - Text 'Review the information below and make any necessary corrections by clicking the' is present on page  using regular expression

2023-02-08 16:57:48 - [TEST_STEP][PASSED] - verifyTextPresent("When you are confident that all the information is correct", true): Text 'When you are confident that all the information is correct' is present on page  using regular expression

2023-02-08 16:57:49 - [MESSAGE][PASSED] - Text 'When you are confident that all the information is correct' is present on page  using regular expression

2023-02-08 16:57:49 - [TEST_STEP][PASSED] - delay(1): Delayed 1 second(s)

2023-02-08 16:57:50 - [MESSAGE][PASSED] - Delayed 1 second(s)

2023-02-08 16:57:50 - [TEST_STEP][PASSED] - click(findTestObject(orPath_Summary + "/button_Proceed to Payment")): Object: 'Object Repository/RAD_Pages/Summary_Page/button_Proceed to Payment' is clicked on

2023-02-08 16:57:52 - [MESSAGE][PASSED] - Object: 'Object Repository/RAD_Pages/Summary_Page/button_Proceed to Payment' is clicked on

2023-02-08 16:57:52 - [TEST_STEP][PASSED] - if (PaymentType.equalsIgnoreCase("Corporate")): null

2023-02-08 16:57:52 - [TEST_STEP][PASSED] - setText(findTestObject(orPath_PaymentEntry + "/input__cardNumber"), CCNumber): Text '4012000098765439' is set on object 'Object Repository/RAD_Pages/PaymentEntry_Page/input__cardNumber'

2023-02-08 16:57:53 - [MESSAGE][PASSED] - Text '4012000098765439' is set on object 'Object Repository/RAD_Pages/PaymentEntry_Page/input__cardNumber'

2023-02-08 16:57:53 - [TEST_STEP][PASSED] - setText(findTestObject(orPath_PaymentEntry + "/input__spc"), CVV): Text '123' is set on object 'Object Repository/RAD_Pages/PaymentEntry_Page/input__spc'

2023-02-08 16:57:54 - [MESSAGE][PASSED] - Text '123' is set on object 'Object Repository/RAD_Pages/PaymentEntry_Page/input__spc'

2023-02-08 16:57:54 - [TEST_STEP][PASSED] - selectOptionByLabel(findTestObject(orPath_PaymentEntry + "/select_MM"), "12", false): All options with label '12' are selected in object 'Object Repository/RAD_Pages/PaymentEntry_Page/select_MM' 

2023-02-08 16:57:55 - [MESSAGE][PASSED] - All options with label '12' are selected in object 'Object Repository/RAD_Pages/PaymentEntry_Page/select_MM' 

2023-02-08 16:57:55 - [TEST_STEP][PASSED] - selectOptionByLabel(findTestObject(orPath_PaymentEntry + "/select_YYYY"), "2023", false): All options with label '2023' are selected in object 'Object Repository/RAD_Pages/PaymentEntry_Page/select_YYYY' 

2023-02-08 16:57:56 - [MESSAGE][PASSED] - All options with label '2023' are selected in object 'Object Repository/RAD_Pages/PaymentEntry_Page/select_YYYY' 

2023-02-08 16:57:56 - [TEST_STEP][PASSED] - click(findTestObject(orPath_PaymentEntry + "/input_Field_ccSubmit")): Object: 'Object Repository/RAD_Pages/PaymentEntry_Page/input_Field_ccSubmit' is clicked on

2023-02-08 16:57:56 - [MESSAGE][PASSED] - Object: 'Object Repository/RAD_Pages/PaymentEntry_Page/input_Field_ccSubmit' is clicked on

2023-02-08 16:57:56 - [TEST_STEP][PASSED] - click(findTestObject(orPath_PaymentConfirmation + "/input_N_confirmNotifyAction")): Object: 'Object Repository/RAD_Pages/PaymentConfirmation_Page/input_N_confirmNotifyAction' is clicked on

2023-02-08 16:57:58 - [MESSAGE][PASSED] - Object: 'Object Repository/RAD_Pages/PaymentConfirmation_Page/input_N_confirmNotifyAction' is clicked on

2023-02-08 16:57:58 - [TEST_STEP][PASSED] - click(findTestObject(orPath_ServiceFeesAccept + "/input_convFeeNotifyAction")): Object: 'Object Repository/RAD_Pages/ServiceFeeAccept_Page/input_convFeeNotifyAction' is clicked on

2023-02-08 16:57:59 - [MESSAGE][PASSED] - Object: 'Object Repository/RAD_Pages/ServiceFeeAccept_Page/input_convFeeNotifyAction' is clicked on

2023-02-08 16:57:59 - [TEST_STEP][PASSED] - delay(10): Delayed 10 second(s)

2023-02-08 16:58:09 - [MESSAGE][PASSED] - Delayed 10 second(s)

2023-02-08 16:58:09 - [TEST_STEP][PASSED] - verifyTextPresent("Successful Payment Receipt", true): Text 'Successful Payment Receipt' is present on page  using regular expression

2023-02-08 16:58:10 - [MESSAGE][PASSED] - Text 'Successful Payment Receipt' is present on page  using regular expression

2023-02-08 16:58:10 - [TEST_STEP][PASSED] - if (verifyTextPresent("Successful Payment Receipt", true)): null

2023-02-08 16:58:10 - [MESSAGE][PASSED] - Text 'Successful Payment Receipt' is present on page  using regular expression

2023-02-08 16:58:10 - [TEST_STEP][PASSED] - println("Transaction was Successful"): null

2023-02-08 16:58:10 - [TEST_STEP][PASSED] - out.println("Pass Record Number: " + row): null

2023-02-08 16:58:10 - [TEST_STEP][PASSED] - resText = "Pass": null

2023-02-08 16:58:10 - [TEST_STEP][PASSED] - pages.WriteExcel.demoKey(resText, datText, resColumn, datCloumn, fileLoc, nameSheet, row): pages.WriteExcel.demoKey is PASSED

2023-02-08 16:58:10 - [MESSAGE][PASSED] - pages.WriteExcel.demoKey is PASSED

2023-02-08 16:58:10 - [TEST_STEP][PASSED] - ExecuteTC = findTestData(dataFile).getValue("Execute", row): null

2023-02-08 16:58:10 - [TEST_STEP][PASSED] - PaymentType = findTestData(dataFile).getValue("PaymentType", row): null

2023-02-08 16:58:10 - [TEST_STEP][PASSED] - FilingYear = findTestData(dataFile).getValue("FilingYear", row): null

2023-02-08 16:58:10 - [TEST_STEP][PASSED] - PeriodEnding = findTestData(dataFile).getValue("PeriodEnding", row): null

2023-02-08 16:58:10 - [TEST_STEP][PASSED] - FName = findTestData(dataFile).getValue("Fname", row): null

2023-02-08 16:58:10 - [TEST_STEP][PASSED] - LName = findTestData(dataFile).getValue("Lname", row): null

2023-02-08 16:58:10 - [TEST_STEP][PASSED] - SSN = findTestData(dataFile).getValue("SSN", row): null

2023-02-08 16:58:10 - [TEST_STEP][PASSED] - BusName = findTestData(dataFile).getValue("BusName", row): null

2023-02-08 16:58:10 - [TEST_STEP][PASSED] - AL1 = findTestData(dataFile).getValue("AL1", row): null

2023-02-08 16:58:10 - [TEST_STEP][PASSED] - City = findTestData(dataFile).getValue("City", row): null

2023-02-08 16:58:10 - [TEST_STEP][PASSED] - ZIP = findTestData(dataFile).getValue("ZIP", row): null

2023-02-08 16:58:10 - [TEST_STEP][PASSED] - FilingType = findTestData(dataFile).getValue("FilingType", row): null

2023-02-08 16:58:10 - [TEST_STEP][PASSED] - Withholding = findTestData(dataFile).getValue("Withholding", row): null

2023-02-08 16:58:10 - [TEST_STEP][PASSED] - Amount = findTestData(dataFile).getValue("Amount", row): null

2023-02-08 16:58:10 - [TEST_STEP][PASSED] - CCNumber = findTestData(dataFile).getValue("CCNumber", row): null

2023-02-08 16:58:10 - [TEST_STEP][PASSED] - CVV = findTestData(dataFile).getValue("CVV", row): null

2023-02-08 16:58:10 - [TEST_STEP][PASSED] - out.println("Value of Execute is : " + ExecuteTC): null

2023-02-08 16:58:10 - [TEST_STEP][PASSED] - if (ExecuteTC.equalsIgnoreCase("Y")): null

2023-02-08 16:58:10 - [TEST_STEP][PASSED] - out.println("Begin Record Number: " + row): null

2023-02-08 16:58:10 - [TEST_STEP][PASSED] - today = new java.util.Date(): null

2023-02-08 16:58:10 - [TEST_STEP][PASSED] - println(today): null

2023-02-08 16:58:10 - [TEST_STEP][PASSED] - datText = today: null

2023-02-08 16:58:10 - [TEST_STEP][PASSED] - Taxtype = findTestData(dataFile).getValue("TaxType", row): null

2023-02-08 16:58:11 - [TEST_STEP][PASSED] - out.println("Taxtype value is : " + Taxtype): null

2023-02-08 16:58:11 - [TEST_STEP][PASSED] - openBrowser(""): Browser is opened with url: ''

2023-02-08 16:58:11 - [MESSAGE][WARNING] - A browser is already opened. Closing browser and opening a new one

2023-02-08 16:58:11 - [MESSAGE][INFO] - Starting 'Chrome' driver

2023-02-08 16:58:11 - [MESSAGE][INFO] - User set preference: ['acceptInsecureCerts', 'true']

2023-02-08 16:58:11 - [MESSAGE][INFO] - Action delay is set to 0 milliseconds

2023-02-08 16:58:13 - [MESSAGE][PASSED] - Browser is opened with url: ''

2023-02-08 16:58:13 - [TEST_STEP][PASSED] - maximizeWindow(): Current window maximized

2023-02-08 16:58:13 - [MESSAGE][PASSED] - Current window maximized

2023-02-08 16:58:13 - [TEST_STEP][PASSED] - navigateToUrl(RADurl): Navigate to 'https://qa.velocitypayment.com/client/rad/index.html' successfully

2023-02-08 16:58:15 - [MESSAGE][PASSED] - Navigate to 'https://qa.velocitypayment.com/client/rad/index.html' successfully

2023-02-08 16:58:15 - [TEST_STEP][PASSED] - orPath_Landing = "Object Repository/RAD_Pages/Landing_Page": null

2023-02-08 16:58:15 - [TEST_STEP][PASSED] - orPath_TaxTypeFilingYear = "Object Repository/RAD_Pages/TaxTypeFilingYear_Page": null

2023-02-08 16:58:15 - [TEST_STEP][PASSED] - orPath_TaxPayer = "Object Repository/RAD_Pages/Taxpayer_Page": null

2023-02-08 16:58:15 - [TEST_STEP][PASSED] - orPath_AddressContact = "Object Repository/RAD_Pages/AddressAndContactInfo_Page": null

2023-02-08 16:58:15 - [TEST_STEP][PASSED] - orPath_FilingStatus = "Object Repository/RAD_Pages/FilingStatus_Page": null

2023-02-08 16:58:15 - [TEST_STEP][PASSED] - orPath_Amount = "Object Repository/RAD_Pages/PaymentAmount_Page": null

2023-02-08 16:58:15 - [TEST_STEP][PASSED] - orPath_TaxInfo = "Object Repository/RAD_Pages/TaxInfo_Page": null

2023-02-08 16:58:15 - [TEST_STEP][PASSED] - orPath_Withholding = "Object Repository/RAD_Pages/Withholding_Page": null

2023-02-08 16:58:15 - [TEST_STEP][PASSED] - orPath_Summary = "Object Repository/RAD_Pages/Summary_Page": null

2023-02-08 16:58:15 - [TEST_STEP][PASSED] - orPath_PaymentReady = "Object Repository/RAD_Pages/PaymentReady_Page": null

2023-02-08 16:58:15 - [TEST_STEP][PASSED] - orPath_PaymentEntry = "Object Repository/RAD_Pages/PaymentEntry_Page": null

2023-02-08 16:58:15 - [TEST_STEP][PASSED] - orPath_PaymentConfirmation = "Object Repository/RAD_Pages/PaymentConfirmation_Page": null

2023-02-08 16:58:15 - [TEST_STEP][PASSED] - orPath_ServiceFeesAccept = "Object Repository/RAD_Pages/ServiceFeeAccept_Page": null

2023-02-08 16:58:15 - [TEST_STEP][PASSED] - selectOptionByLabel(findTestObject(orPath_Landing + "/dd_TaxType"), Taxtype, false): All options with label 'Sales and Use' are selected in object 'Object Repository/RAD_Pages/Landing_Page/dd_TaxType' 

2023-02-08 16:58:16 - [MESSAGE][PASSED] - All options with label 'Sales and Use' are selected in object 'Object Repository/RAD_Pages/Landing_Page/dd_TaxType' 

2023-02-08 16:58:16 - [TEST_STEP][PASSED] - delay(3): Delayed 3 second(s)

2023-02-08 16:58:19 - [MESSAGE][PASSED] - Delayed 3 second(s)

2023-02-08 16:58:19 - [TEST_STEP][PASSED] - switch (Taxtype): null

2023-02-08 16:58:19 - [TEST_STEP][PASSED] - case "Sales and Use":: null

2023-02-08 16:58:19 - [TEST_STEP][PASSED] - selectOptionByLabel(findTestObject(orPath_TaxTypeFilingYear + "/select_FilingYear"), FilingYear, false): All options with label '2021' are selected in object 'Object Repository/RAD_Pages/TaxTypeFilingYear_Page/select_FilingYear' 

2023-02-08 16:58:20 - [MESSAGE][PASSED] - All options with label '2021' are selected in object 'Object Repository/RAD_Pages/TaxTypeFilingYear_Page/select_FilingYear' 

2023-02-08 16:58:20 - [TEST_STEP][PASSED] - selectOptionByLabel(findTestObject(orPath_TaxTypeFilingYear + "/select_PeriodEnding"), PeriodEnding, false): All options with label 'December' are selected in object 'Object Repository/RAD_Pages/TaxTypeFilingYear_Page/select_PeriodEnding' 

2023-02-08 16:58:21 - [MESSAGE][PASSED] - All options with label 'December' are selected in object 'Object Repository/RAD_Pages/TaxTypeFilingYear_Page/select_PeriodEnding' 

2023-02-08 16:58:21 - [TEST_STEP][PASSED] - setText(findTestObject(orPath_TaxPayer + "/input_businessName"), BusName): Text 'Light Car Wash' is set on object 'Object Repository/RAD_Pages/Taxpayer_Page/input_businessName'

2023-02-08 16:58:22 - [MESSAGE][PASSED] - Text 'Light Car Wash' is set on object 'Object Repository/RAD_Pages/Taxpayer_Page/input_businessName'

2023-02-08 16:58:22 - [TEST_STEP][PASSED] - setText(findTestObject(orPath_TaxPayer + "/input_firstName"), FName): Text 'Larsons' is set on object 'Object Repository/RAD_Pages/Taxpayer_Page/input_firstName'

2023-02-08 16:58:22 - [MESSAGE][PASSED] - Text 'Larsons' is set on object 'Object Repository/RAD_Pages/Taxpayer_Page/input_firstName'

2023-02-08 16:58:22 - [TEST_STEP][PASSED] - setText(findTestObject(orPath_TaxPayer + "/input_lastName"), LName): Text 'Bell' is set on object 'Object Repository/RAD_Pages/Taxpayer_Page/input_lastName'

2023-02-08 16:58:23 - [MESSAGE][PASSED] - Text 'Bell' is set on object 'Object Repository/RAD_Pages/Taxpayer_Page/input_lastName'

2023-02-08 16:58:23 - [TEST_STEP][PASSED] - setEncryptedText(findTestObject(orPath_TaxInfo + "/input_FederalEIN"), "0fDtEjy4ijeV75Gl5M+mSg=="): Text ****** has been set on object 'Object Repository/RAD_Pages/TaxInfo_Page/input_FederalEIN'

2023-02-08 16:58:24 - [MESSAGE][PASSED] - Text ****** has been set on object 'Object Repository/RAD_Pages/TaxInfo_Page/input_FederalEIN'

2023-02-08 16:58:24 - [TEST_STEP][PASSED] - setEncryptedText(findTestObject(orPath_TaxInfo + "/input_FederalEIN_ReEnter"), "0fDtEjy4ijeV75Gl5M+mSg=="): Text ****** has been set on object 'Object Repository/RAD_Pages/TaxInfo_Page/input_FederalEIN_ReEnter'

2023-02-08 16:58:25 - [MESSAGE][PASSED] - Text ****** has been set on object 'Object Repository/RAD_Pages/TaxInfo_Page/input_FederalEIN_ReEnter'

2023-02-08 16:58:25 - [TEST_STEP][PASSED] - setText(findTestObject(orPath_TaxInfo + "/input_MDCRegistration"), "07640126"): Text '07640126' is set on object 'Object Repository/RAD_Pages/TaxInfo_Page/input_MDCRegistration'

2023-02-08 16:58:26 - [MESSAGE][PASSED] - Text '07640126' is set on object 'Object Repository/RAD_Pages/TaxInfo_Page/input_MDCRegistration'

2023-02-08 16:58:26 - [TEST_STEP][PASSED] - if (verifyElementVisible(findTestObject("Object Repository/RAD_Pages/SAU_MDForm202_BeforeJuly2021_Page/input__GrossSales1"), OPTIONAL)): Object 'Object Repository/RAD_Pages/SAU_MDForm202_BeforeJuly2021_Page/input__GrossSales1' is NOT visible (Root cause: com.kms.katalon.core.exception.StepFailedException: Object 'Object Repository/RAD_Pages/SAU_MDForm202_BeforeJuly2021_Page/input__GrossSales1' is NOT visible
	at com.kms.katalon.core.webui.keyword.internal.WebUIKeywordMain.stepFailed(WebUIKeywordMain.groovy:64)
	at com.kms.katalon.core.webui.keyword.builtin.VerifyElementVisibleKeyword$_verifyElementVisible_closure1.doCall(VerifyElementVisibleKeyword.groovy:83)
	at com.kms.katalon.core.webui.keyword.builtin.VerifyElementVisibleKeyword$_verifyElementVisible_closure1.call(VerifyElementVisibleKeyword.groovy)
	at com.kms.katalon.core.webui.keyword.internal.WebUIKeywordMain.runKeyword(WebUIKeywordMain.groovy:20)
	at com.kms.katalon.core.webui.keyword.builtin.VerifyElementVisibleKeyword.verifyElementVisible(VerifyElementVisibleKeyword.groovy:97)
	at com.kms.katalon.core.webui.keyword.builtin.VerifyElementVisibleKeyword.execute(VerifyElementVisibleKeyword.groovy:67)
	at com.kms.katalon.core.keyword.internal.KeywordExecutor.executeKeywordForPlatform(KeywordExecutor.groovy:74)
	at com.kms.katalon.core.webui.keyword.WebUiBuiltInKeywords.verifyElementVisible(WebUiBuiltInKeywords.groovy:362)
	at com.kms.katalon.core.webui.keyword.WebUiBuiltInKeywords$verifyElementVisible$11.call(Unknown Source)
	at Payments_HC_TC.run(Payments_HC_TC:241)
	at com.kms.katalon.core.main.ScriptEngine.run(ScriptEngine.java:194)
	at com.kms.katalon.core.main.ScriptEngine.runScriptAsRawText(ScriptEngine.java:119)
	at com.kms.katalon.core.main.TestCaseExecutor.runScript(TestCaseExecutor.java:442)
	at com.kms.katalon.core.main.TestCaseExecutor.doExecute(TestCaseExecutor.java:433)
	at com.kms.katalon.core.main.TestCaseExecutor.processExecutionPhase(TestCaseExecutor.java:412)
	at com.kms.katalon.core.main.TestCaseExecutor.accessMainPhase(TestCaseExecutor.java:404)
	at com.kms.katalon.core.main.TestCaseExecutor.execute(TestCaseExecutor.java:281)
	at com.kms.katalon.core.main.TestSuiteExecutor.accessTestCaseMainPhase(TestSuiteExecutor.java:202)
	at com.kms.katalon.core.main.TestSuiteExecutor.accessTestSuiteMainPhase(TestSuiteExecutor.java:164)
	at com.kms.katalon.core.main.TestSuiteExecutor.execute(TestSuiteExecutor.java:105)
	at com.kms.katalon.core.main.TestCaseMain.startTestSuite(TestCaseMain.java:185)
	at com.kms.katalon.core.main.TestCaseMain$startTestSuite$0.call(Unknown Source)
	at TempTestSuite1675892282217.run(TempTestSuite1675892282217.groovy:36)
)

2023-02-08 16:58:26 - [MESSAGE][WARNING] - Object 'Object Repository/RAD_Pages/SAU_MDForm202_BeforeJuly2021_Page/input__GrossSales1' is NOT visible (Root cause: com.kms.katalon.core.exception.StepFailedException: Object 'Object Repository/RAD_Pages/SAU_MDForm202_BeforeJuly2021_Page/input__GrossSales1' is NOT visible
	at com.kms.katalon.core.webui.keyword.internal.WebUIKeywordMain.stepFailed(WebUIKeywordMain.groovy:64)
	at com.kms.katalon.core.webui.keyword.builtin.VerifyElementVisibleKeyword$_verifyElementVisible_closure1.doCall(VerifyElementVisibleKeyword.groovy:83)
	at com.kms.katalon.core.webui.keyword.builtin.VerifyElementVisibleKeyword$_verifyElementVisible_closure1.call(VerifyElementVisibleKeyword.groovy)
	at com.kms.katalon.core.webui.keyword.internal.WebUIKeywordMain.runKeyword(WebUIKeywordMain.groovy:20)
	at com.kms.katalon.core.webui.keyword.builtin.VerifyElementVisibleKeyword.verifyElementVisible(VerifyElementVisibleKeyword.groovy:97)
	at com.kms.katalon.core.webui.keyword.builtin.VerifyElementVisibleKeyword.execute(VerifyElementVisibleKeyword.groovy:67)
	at com.kms.katalon.core.keyword.internal.KeywordExecutor.executeKeywordForPlatform(KeywordExecutor.groovy:74)
	at com.kms.katalon.core.webui.keyword.WebUiBuiltInKeywords.verifyElementVisible(WebUiBuiltInKeywords.groovy:362)
	at com.kms.katalon.core.webui.keyword.WebUiBuiltInKeywords$verifyElementVisible$11.call(Unknown Source)
	at Payments_HC_TC.run(Payments_HC_TC:241)
	at com.kms.katalon.core.main.ScriptEngine.run(ScriptEngine.java:194)
	at com.kms.katalon.core.main.ScriptEngine.runScriptAsRawText(ScriptEngine.java:119)
	at com.kms.katalon.core.main.TestCaseExecutor.runScript(TestCaseExecutor.java:442)
	at com.kms.katalon.core.main.TestCaseExecutor.doExecute(TestCaseExecutor.java:433)
	at com.kms.katalon.core.main.TestCaseExecutor.processExecutionPhase(TestCaseExecutor.java:412)
	at com.kms.katalon.core.main.TestCaseExecutor.accessMainPhase(TestCaseExecutor.java:404)
	at com.kms.katalon.core.main.TestCaseExecutor.execute(TestCaseExecutor.java:281)
	at com.kms.katalon.core.main.TestSuiteExecutor.accessTestCaseMainPhase(TestSuiteExecutor.java:202)
	at com.kms.katalon.core.main.TestSuiteExecutor.accessTestSuiteMainPhase(TestSuiteExecutor.java:164)
	at com.kms.katalon.core.main.TestSuiteExecutor.execute(TestSuiteExecutor.java:105)
	at com.kms.katalon.core.main.TestCaseMain.startTestSuite(TestCaseMain.java:185)
	at com.kms.katalon.core.main.TestCaseMain$startTestSuite$0.call(Unknown Source)
	at TempTestSuite1675892282217.run(TempTestSuite1675892282217.groovy:36)
)
[[ATTACHMENT|E:\\Cloned-Project-Katalon\\VPS-Katalon\\Reports\\20230208_163802\\RAD_TestSuite\\RAD_UI_TestSuite\\20230208_163802\\1675893506601.png]]

2023-02-08 16:58:26 - [TEST_STEP][PASSED] - if (verifyElementVisible(findTestObject("Object Repository/RAD_Pages/SAU_MDForm202_Page/input__GrossSales2"), OPTIONAL)): null

2023-02-08 16:58:27 - [MESSAGE][PASSED] - Object 'Object Repository/RAD_Pages/SAU_MDForm202_Page/input__GrossSales2' is visible

2023-02-08 16:58:27 - [TEST_STEP][PASSED] - scrollToElement(findTestObject("Object Repository/RAD_Pages/SAU_MDForm202_Page/input__GrossSales2"), 3): Scroll to object 'Object Repository/RAD_Pages/SAU_MDForm202_Page/input__GrossSales2' successfully

2023-02-08 16:58:27 - [MESSAGE][PASSED] - Scroll to object 'Object Repository/RAD_Pages/SAU_MDForm202_Page/input__GrossSales2' successfully

2023-02-08 16:58:27 - [TEST_STEP][PASSED] - setText(findTestObject("Object Repository/RAD_Pages/SAU_MDForm202_Page/input__GrossSales2"), "100.00"): Text '100.00' is set on object 'Object Repository/RAD_Pages/SAU_MDForm202_Page/input__GrossSales2'

2023-02-08 16:58:28 - [MESSAGE][PASSED] - Text '100.00' is set on object 'Object Repository/RAD_Pages/SAU_MDForm202_Page/input__GrossSales2'

2023-02-08 16:58:28 - [TEST_STEP][PASSED] - break: null

2023-02-08 16:58:28 - [TEST_STEP][PASSED] - if (PaymentType.equalsIgnoreCase("Personal")): null

2023-02-08 16:58:28 - [TEST_STEP][PASSED] - selectOptionByLabel(findTestObject(orPath_AddressContact + "/select_Country"), "United States", false): All options with label 'United States' are selected in object 'Object Repository/RAD_Pages/AddressAndContactInfo_Page/select_Country' 

2023-02-08 16:58:29 - [MESSAGE][PASSED] - All options with label 'United States' are selected in object 'Object Repository/RAD_Pages/AddressAndContactInfo_Page/select_Country' 

2023-02-08 16:58:29 - [TEST_STEP][PASSED] - setText(findTestObject(orPath_AddressContact + "/input_streetAddress1"), AL1): Text '114 Clark Ave' is set on object 'Object Repository/RAD_Pages/AddressAndContactInfo_Page/input_streetAddress1'

2023-02-08 16:58:30 - [MESSAGE][PASSED] - Text '114 Clark Ave' is set on object 'Object Repository/RAD_Pages/AddressAndContactInfo_Page/input_streetAddress1'

2023-02-08 16:58:30 - [TEST_STEP][PASSED] - setText(findTestObject(orPath_AddressContact + "/input_streetAddress2"), ""): Text '' is set on object 'Object Repository/RAD_Pages/AddressAndContactInfo_Page/input_streetAddress2'

2023-02-08 16:58:31 - [MESSAGE][PASSED] - Text '' is set on object 'Object Repository/RAD_Pages/AddressAndContactInfo_Page/input_streetAddress2'

2023-02-08 16:58:31 - [TEST_STEP][PASSED] - setText(findTestObject(orPath_AddressContact + "/input_city"), City): Text 'Severn' is set on object 'Object Repository/RAD_Pages/AddressAndContactInfo_Page/input_city'

2023-02-08 16:58:31 - [MESSAGE][PASSED] - Text 'Severn' is set on object 'Object Repository/RAD_Pages/AddressAndContactInfo_Page/input_city'

2023-02-08 16:58:31 - [TEST_STEP][PASSED] - selectOptionByLabel(findTestObject(orPath_AddressContact + "/select_State"), "Maryland", false): All options with label 'Maryland' are selected in object 'Object Repository/RAD_Pages/AddressAndContactInfo_Page/select_State' 

2023-02-08 16:58:32 - [MESSAGE][PASSED] - All options with label 'Maryland' are selected in object 'Object Repository/RAD_Pages/AddressAndContactInfo_Page/select_State' 

2023-02-08 16:58:32 - [TEST_STEP][PASSED] - setText(findTestObject(orPath_AddressContact + "/input_zipCode"), ZIP): Text '21144' is set on object 'Object Repository/RAD_Pages/AddressAndContactInfo_Page/input_zipCode'

2023-02-08 16:58:33 - [MESSAGE][PASSED] - Text '21144' is set on object 'Object Repository/RAD_Pages/AddressAndContactInfo_Page/input_zipCode'

2023-02-08 16:58:33 - [TEST_STEP][PASSED] - setText(findTestObject(orPath_AddressContact + "/input_phoneNumber"), "(703) 894-5000"): Text '(703) 894-5000' is set on object 'Object Repository/RAD_Pages/AddressAndContactInfo_Page/input_phoneNumber'

2023-02-08 16:58:34 - [MESSAGE][PASSED] - Text '(703) 894-5000' is set on object 'Object Repository/RAD_Pages/AddressAndContactInfo_Page/input_phoneNumber'

2023-02-08 16:58:34 - [TEST_STEP][PASSED] - setText(findTestObject(orPath_AddressContact + "/input_eMailAddress"), "iahmed@govolution.com"): Text 'iahmed@govolution.com' is set on object 'Object Repository/RAD_Pages/AddressAndContactInfo_Page/input_eMailAddress'

2023-02-08 16:58:35 - [MESSAGE][PASSED] - Text 'iahmed@govolution.com' is set on object 'Object Repository/RAD_Pages/AddressAndContactInfo_Page/input_eMailAddress'

2023-02-08 16:58:35 - [TEST_STEP][PASSED] - setText(findTestObject(orPath_AddressContact + "/input_reEnterEMailAddress"), "iahmed@govolution.com"): Text 'iahmed@govolution.com' is set on object 'Object Repository/RAD_Pages/AddressAndContactInfo_Page/input_reEnterEMailAddress'

2023-02-08 16:58:36 - [MESSAGE][PASSED] - Text 'iahmed@govolution.com' is set on object 'Object Repository/RAD_Pages/AddressAndContactInfo_Page/input_reEnterEMailAddress'

2023-02-08 16:58:36 - [TEST_STEP][PASSED] - setText(findTestObject(orPath_Amount + "/input__paymentAmount"), Amount): Text '100.00' is set on object 'Object Repository/RAD_Pages/PaymentAmount_Page/input__paymentAmount'

2023-02-08 16:58:37 - [MESSAGE][PASSED] - Text '100.00' is set on object 'Object Repository/RAD_Pages/PaymentAmount_Page/input__paymentAmount'

2023-02-08 16:58:37 - [TEST_STEP][PASSED] - scrollToElement(findTestObject(orPath_Landing + "/button_Continue"), 3): Scroll to object 'Object Repository/RAD_Pages/Landing_Page/button_Continue' successfully

2023-02-08 16:58:37 - [MESSAGE][PASSED] - Scroll to object 'Object Repository/RAD_Pages/Landing_Page/button_Continue' successfully

2023-02-08 16:58:37 - [TEST_STEP][PASSED] - waitForElementClickable(findTestObject(orPath_Landing + "/button_Continue"), 5): Object 'Object Repository/RAD_Pages/Landing_Page/button_Continue' is clickable

2023-02-08 16:58:38 - [MESSAGE][PASSED] - Object 'Object Repository/RAD_Pages/Landing_Page/button_Continue' is clickable

2023-02-08 16:58:38 - [TEST_STEP][PASSED] - click(findTestObject(orPath_Landing + "/button_Continue")): Object: 'Object Repository/RAD_Pages/Landing_Page/button_Continue' is clicked on

2023-02-08 16:58:38 - [MESSAGE][PASSED] - Object: 'Object Repository/RAD_Pages/Landing_Page/button_Continue' is clicked on

2023-02-08 16:58:38 - [TEST_STEP][PASSED] - verifyTextPresent("Review the information below and make any necessary corrections by clicking the", true): Text 'Review the information below and make any necessary corrections by clicking the' is present on page  using regular expression

2023-02-08 16:58:39 - [MESSAGE][PASSED] - Text 'Review the information below and make any necessary corrections by clicking the' is present on page  using regular expression

2023-02-08 16:58:39 - [TEST_STEP][PASSED] - verifyTextPresent("When you are confident that all the information is correct", true): Text 'When you are confident that all the information is correct' is present on page  using regular expression

2023-02-08 16:58:39 - [MESSAGE][PASSED] - Text 'When you are confident that all the information is correct' is present on page  using regular expression

2023-02-08 16:58:39 - [TEST_STEP][PASSED] - delay(1): Delayed 1 second(s)

2023-02-08 16:58:40 - [MESSAGE][PASSED] - Delayed 1 second(s)

2023-02-08 16:58:40 - [TEST_STEP][PASSED] - click(findTestObject(orPath_Summary + "/button_Proceed to Payment")): Object: 'Object Repository/RAD_Pages/Summary_Page/button_Proceed to Payment' is clicked on

2023-02-08 16:58:42 - [MESSAGE][PASSED] - Object: 'Object Repository/RAD_Pages/Summary_Page/button_Proceed to Payment' is clicked on

2023-02-08 16:58:42 - [TEST_STEP][PASSED] - if (PaymentType.equalsIgnoreCase("Corporate")): null

2023-02-08 16:58:42 - [TEST_STEP][PASSED] - setText(findTestObject(orPath_PaymentEntry + "/input__cardNumber"), CCNumber): Text '5146312200000035' is set on object 'Object Repository/RAD_Pages/PaymentEntry_Page/input__cardNumber'

2023-02-08 16:58:43 - [MESSAGE][PASSED] - Text '5146312200000035' is set on object 'Object Repository/RAD_Pages/PaymentEntry_Page/input__cardNumber'

2023-02-08 16:58:43 - [TEST_STEP][PASSED] - setText(findTestObject(orPath_PaymentEntry + "/input__spc"), CVV): Text '123' is set on object 'Object Repository/RAD_Pages/PaymentEntry_Page/input__spc'

2023-02-08 16:58:44 - [MESSAGE][PASSED] - Text '123' is set on object 'Object Repository/RAD_Pages/PaymentEntry_Page/input__spc'

2023-02-08 16:58:44 - [TEST_STEP][PASSED] - selectOptionByLabel(findTestObject(orPath_PaymentEntry + "/select_MM"), "12", false): All options with label '12' are selected in object 'Object Repository/RAD_Pages/PaymentEntry_Page/select_MM' 

2023-02-08 16:58:45 - [MESSAGE][PASSED] - All options with label '12' are selected in object 'Object Repository/RAD_Pages/PaymentEntry_Page/select_MM' 

2023-02-08 16:58:45 - [TEST_STEP][PASSED] - selectOptionByLabel(findTestObject(orPath_PaymentEntry + "/select_YYYY"), "2023", false): All options with label '2023' are selected in object 'Object Repository/RAD_Pages/PaymentEntry_Page/select_YYYY' 

2023-02-08 16:58:45 - [MESSAGE][PASSED] - All options with label '2023' are selected in object 'Object Repository/RAD_Pages/PaymentEntry_Page/select_YYYY' 

2023-02-08 16:58:45 - [TEST_STEP][PASSED] - click(findTestObject(orPath_PaymentEntry + "/input_Field_ccSubmit")): Object: 'Object Repository/RAD_Pages/PaymentEntry_Page/input_Field_ccSubmit' is clicked on

2023-02-08 16:58:46 - [MESSAGE][PASSED] - Object: 'Object Repository/RAD_Pages/PaymentEntry_Page/input_Field_ccSubmit' is clicked on

2023-02-08 16:58:46 - [TEST_STEP][PASSED] - click(findTestObject(orPath_PaymentConfirmation + "/input_N_confirmNotifyAction")): Object: 'Object Repository/RAD_Pages/PaymentConfirmation_Page/input_N_confirmNotifyAction' is clicked on

2023-02-08 16:58:47 - [MESSAGE][PASSED] - Object: 'Object Repository/RAD_Pages/PaymentConfirmation_Page/input_N_confirmNotifyAction' is clicked on

2023-02-08 16:58:47 - [TEST_STEP][PASSED] - click(findTestObject(orPath_ServiceFeesAccept + "/input_convFeeNotifyAction")): Object: 'Object Repository/RAD_Pages/ServiceFeeAccept_Page/input_convFeeNotifyAction' is clicked on

2023-02-08 16:58:49 - [MESSAGE][PASSED] - Object: 'Object Repository/RAD_Pages/ServiceFeeAccept_Page/input_convFeeNotifyAction' is clicked on

2023-02-08 16:58:49 - [TEST_STEP][PASSED] - delay(10): Delayed 10 second(s)

2023-02-08 16:58:59 - [MESSAGE][PASSED] - Delayed 10 second(s)

2023-02-08 16:58:59 - [TEST_STEP][PASSED] - verifyTextPresent("Successful Payment Receipt", true): Text 'Successful Payment Receipt' is present on page  using regular expression

2023-02-08 16:58:59 - [MESSAGE][PASSED] - Text 'Successful Payment Receipt' is present on page  using regular expression

2023-02-08 16:58:59 - [TEST_STEP][PASSED] - if (verifyTextPresent("Successful Payment Receipt", true)): null

2023-02-08 16:59:00 - [MESSAGE][PASSED] - Text 'Successful Payment Receipt' is present on page  using regular expression

2023-02-08 16:59:00 - [TEST_STEP][PASSED] - println("Transaction was Successful"): null

2023-02-08 16:59:00 - [TEST_STEP][PASSED] - out.println("Pass Record Number: " + row): null

2023-02-08 16:59:00 - [TEST_STEP][PASSED] - resText = "Pass": null

2023-02-08 16:59:00 - [TEST_STEP][PASSED] - pages.WriteExcel.demoKey(resText, datText, resColumn, datCloumn, fileLoc, nameSheet, row): pages.WriteExcel.demoKey is PASSED

2023-02-08 16:59:00 - [MESSAGE][PASSED] - pages.WriteExcel.demoKey is PASSED

2023-02-08 16:59:00 - [TEST_STEP][PASSED] - ExecuteTC = findTestData(dataFile).getValue("Execute", row): null

2023-02-08 16:59:00 - [TEST_STEP][PASSED] - PaymentType = findTestData(dataFile).getValue("PaymentType", row): null

2023-02-08 16:59:00 - [TEST_STEP][PASSED] - FilingYear = findTestData(dataFile).getValue("FilingYear", row): null

2023-02-08 16:59:00 - [TEST_STEP][PASSED] - PeriodEnding = findTestData(dataFile).getValue("PeriodEnding", row): null

2023-02-08 16:59:00 - [TEST_STEP][PASSED] - FName = findTestData(dataFile).getValue("Fname", row): null

2023-02-08 16:59:00 - [TEST_STEP][PASSED] - LName = findTestData(dataFile).getValue("Lname", row): null

2023-02-08 16:59:00 - [TEST_STEP][PASSED] - SSN = findTestData(dataFile).getValue("SSN", row): null

2023-02-08 16:59:00 - [TEST_STEP][PASSED] - BusName = findTestData(dataFile).getValue("BusName", row): null

2023-02-08 16:59:00 - [TEST_STEP][PASSED] - AL1 = findTestData(dataFile).getValue("AL1", row): null

2023-02-08 16:59:00 - [TEST_STEP][PASSED] - City = findTestData(dataFile).getValue("City", row): null

2023-02-08 16:59:00 - [TEST_STEP][PASSED] - ZIP = findTestData(dataFile).getValue("ZIP", row): null

2023-02-08 16:59:00 - [TEST_STEP][PASSED] - FilingType = findTestData(dataFile).getValue("FilingType", row): null

2023-02-08 16:59:00 - [TEST_STEP][PASSED] - Withholding = findTestData(dataFile).getValue("Withholding", row): null

2023-02-08 16:59:00 - [TEST_STEP][PASSED] - Amount = findTestData(dataFile).getValue("Amount", row): null

2023-02-08 16:59:00 - [TEST_STEP][PASSED] - CCNumber = findTestData(dataFile).getValue("CCNumber", row): null

2023-02-08 16:59:00 - [TEST_STEP][PASSED] - CVV = findTestData(dataFile).getValue("CVV", row): null

2023-02-08 16:59:00 - [TEST_STEP][PASSED] - out.println("Value of Execute is : " + ExecuteTC): null

2023-02-08 16:59:00 - [TEST_STEP][PASSED] - if (ExecuteTC.equalsIgnoreCase("Y")): null

2023-02-08 16:59:00 - [TEST_STEP][PASSED] - out.println("Begin Record Number: " + row): null

2023-02-08 16:59:00 - [TEST_STEP][PASSED] - today = new java.util.Date(): null

2023-02-08 16:59:00 - [TEST_STEP][PASSED] - println(today): null

2023-02-08 16:59:00 - [TEST_STEP][PASSED] - datText = today: null

2023-02-08 16:59:00 - [TEST_STEP][PASSED] - Taxtype = findTestData(dataFile).getValue("TaxType", row): null

2023-02-08 16:59:00 - [TEST_STEP][PASSED] - out.println("Taxtype value is : " + Taxtype): null

2023-02-08 16:59:00 - [TEST_STEP][PASSED] - openBrowser(""): Browser is opened with url: ''

2023-02-08 16:59:00 - [MESSAGE][WARNING] - A browser is already opened. Closing browser and opening a new one

2023-02-08 16:59:01 - [MESSAGE][INFO] - Starting 'Chrome' driver

2023-02-08 16:59:01 - [MESSAGE][INFO] - User set preference: ['acceptInsecureCerts', 'true']

2023-02-08 16:59:01 - [MESSAGE][INFO] - Action delay is set to 0 milliseconds

2023-02-08 16:59:03 - [MESSAGE][PASSED] - Browser is opened with url: ''

2023-02-08 16:59:03 - [TEST_STEP][PASSED] - maximizeWindow(): Current window maximized

2023-02-08 16:59:03 - [MESSAGE][PASSED] - Current window maximized

2023-02-08 16:59:03 - [TEST_STEP][PASSED] - navigateToUrl(RADurl): Navigate to 'https://qa.velocitypayment.com/client/rad/index.html' successfully

2023-02-08 16:59:05 - [MESSAGE][PASSED] - Navigate to 'https://qa.velocitypayment.com/client/rad/index.html' successfully

2023-02-08 16:59:05 - [TEST_STEP][PASSED] - orPath_Landing = "Object Repository/RAD_Pages/Landing_Page": null

2023-02-08 16:59:05 - [TEST_STEP][PASSED] - orPath_TaxTypeFilingYear = "Object Repository/RAD_Pages/TaxTypeFilingYear_Page": null

2023-02-08 16:59:05 - [TEST_STEP][PASSED] - orPath_TaxPayer = "Object Repository/RAD_Pages/Taxpayer_Page": null

2023-02-08 16:59:05 - [TEST_STEP][PASSED] - orPath_AddressContact = "Object Repository/RAD_Pages/AddressAndContactInfo_Page": null

2023-02-08 16:59:05 - [TEST_STEP][PASSED] - orPath_FilingStatus = "Object Repository/RAD_Pages/FilingStatus_Page": null

2023-02-08 16:59:05 - [TEST_STEP][PASSED] - orPath_Amount = "Object Repository/RAD_Pages/PaymentAmount_Page": null

2023-02-08 16:59:05 - [TEST_STEP][PASSED] - orPath_TaxInfo = "Object Repository/RAD_Pages/TaxInfo_Page": null

2023-02-08 16:59:05 - [TEST_STEP][PASSED] - orPath_Withholding = "Object Repository/RAD_Pages/Withholding_Page": null

2023-02-08 16:59:05 - [TEST_STEP][PASSED] - orPath_Summary = "Object Repository/RAD_Pages/Summary_Page": null

2023-02-08 16:59:05 - [TEST_STEP][PASSED] - orPath_PaymentReady = "Object Repository/RAD_Pages/PaymentReady_Page": null

2023-02-08 16:59:05 - [TEST_STEP][PASSED] - orPath_PaymentEntry = "Object Repository/RAD_Pages/PaymentEntry_Page": null

2023-02-08 16:59:05 - [TEST_STEP][PASSED] - orPath_PaymentConfirmation = "Object Repository/RAD_Pages/PaymentConfirmation_Page": null

2023-02-08 16:59:05 - [TEST_STEP][PASSED] - orPath_ServiceFeesAccept = "Object Repository/RAD_Pages/ServiceFeeAccept_Page": null

2023-02-08 16:59:05 - [TEST_STEP][PASSED] - selectOptionByLabel(findTestObject(orPath_Landing + "/dd_TaxType"), Taxtype, false): All options with label 'Withholding Tax' are selected in object 'Object Repository/RAD_Pages/Landing_Page/dd_TaxType' 

2023-02-08 16:59:06 - [MESSAGE][PASSED] - All options with label 'Withholding Tax' are selected in object 'Object Repository/RAD_Pages/Landing_Page/dd_TaxType' 

2023-02-08 16:59:06 - [TEST_STEP][PASSED] - delay(3): Delayed 3 second(s)

2023-02-08 16:59:09 - [MESSAGE][PASSED] - Delayed 3 second(s)

2023-02-08 16:59:09 - [TEST_STEP][PASSED] - switch (Taxtype): null

2023-02-08 16:59:09 - [TEST_STEP][PASSED] - case "Withholding Tax":: null

2023-02-08 16:59:09 - [TEST_STEP][PASSED] - selectOptionByLabel(findTestObject(orPath_TaxTypeFilingYear + "/select_FilingYear"), FilingYear, false): All options with label '2023' are selected in object 'Object Repository/RAD_Pages/TaxTypeFilingYear_Page/select_FilingYear' 

2023-02-08 16:59:09 - [MESSAGE][PASSED] - All options with label '2023' are selected in object 'Object Repository/RAD_Pages/TaxTypeFilingYear_Page/select_FilingYear' 

2023-02-08 16:59:09 - [TEST_STEP][PASSED] - setText(findTestObject(orPath_TaxPayer + "/input_businessName"), BusName): Text 'Lux & Sons Corporation' is set on object 'Object Repository/RAD_Pages/Taxpayer_Page/input_businessName'

2023-02-08 16:59:10 - [MESSAGE][PASSED] - Text 'Lux & Sons Corporation' is set on object 'Object Repository/RAD_Pages/Taxpayer_Page/input_businessName'

2023-02-08 16:59:10 - [TEST_STEP][PASSED] - setText(findTestObject(orPath_TaxPayer + "/input_firstName"), FName): Text 'Jimmie' is set on object 'Object Repository/RAD_Pages/Taxpayer_Page/input_firstName'

2023-02-08 16:59:11 - [MESSAGE][PASSED] - Text 'Jimmie' is set on object 'Object Repository/RAD_Pages/Taxpayer_Page/input_firstName'

2023-02-08 16:59:11 - [TEST_STEP][PASSED] - setText(findTestObject(orPath_TaxPayer + "/input_lastName"), LName): Text 'Anderson' is set on object 'Object Repository/RAD_Pages/Taxpayer_Page/input_lastName'

2023-02-08 16:59:12 - [MESSAGE][PASSED] - Text 'Anderson' is set on object 'Object Repository/RAD_Pages/Taxpayer_Page/input_lastName'

2023-02-08 16:59:12 - [TEST_STEP][PASSED] - setEncryptedText(findTestObject(orPath_TaxInfo + "/input_FederalEIN"), "xLVb905G4/sGR8qgNWNzNQ=="): Text ****** has been set on object 'Object Repository/RAD_Pages/TaxInfo_Page/input_FederalEIN'

2023-02-08 16:59:13 - [MESSAGE][PASSED] - Text ****** has been set on object 'Object Repository/RAD_Pages/TaxInfo_Page/input_FederalEIN'

2023-02-08 16:59:13 - [TEST_STEP][PASSED] - setEncryptedText(findTestObject(orPath_TaxInfo + "/input_FederalEIN_ReEnter"), "xLVb905G4/sGR8qgNWNzNQ=="): Text ****** has been set on object 'Object Repository/RAD_Pages/TaxInfo_Page/input_FederalEIN_ReEnter'

2023-02-08 16:59:13 - [MESSAGE][PASSED] - Text ****** has been set on object 'Object Repository/RAD_Pages/TaxInfo_Page/input_FederalEIN_ReEnter'

2023-02-08 16:59:13 - [TEST_STEP][PASSED] - setText(findTestObject(orPath_TaxInfo + "/input_MDCRegistration"), "07640126"): Text '07640126' is set on object 'Object Repository/RAD_Pages/TaxInfo_Page/input_MDCRegistration'

2023-02-08 16:59:14 - [MESSAGE][PASSED] - Text '07640126' is set on object 'Object Repository/RAD_Pages/TaxInfo_Page/input_MDCRegistration'

2023-02-08 16:59:14 - [TEST_STEP][PASSED] - if (Withholding.equalsIgnoreCase("Y")): Text '10.50' is set on object 'Object Repository/RAD_Pages/Withholding_Page/input__WithholdingTaxReported'

2023-02-08 16:59:14 - [TEST_STEP][PASSED] - scrollToElement(findTestObject(orPath_Landing + "/button_Continue"), 3): Scroll to object 'Object Repository/RAD_Pages/Landing_Page/button_Continue' successfully

2023-02-08 16:59:15 - [MESSAGE][PASSED] - Scroll to object 'Object Repository/RAD_Pages/Landing_Page/button_Continue' successfully

2023-02-08 16:59:15 - [TEST_STEP][PASSED] - check(findTestObject(orPath_Withholding + "/input_acceleratedBasis_Yes")): Object 'Object Repository/RAD_Pages/Withholding_Page/input_acceleratedBasis_Yes' is checked

2023-02-08 16:59:15 - [MESSAGE][PASSED] - Object 'Object Repository/RAD_Pages/Withholding_Page/input_acceleratedBasis_Yes' is checked

2023-02-08 16:59:15 - [TEST_STEP][PASSED] - delay(3): Delayed 3 second(s)

2023-02-08 16:59:18 - [MESSAGE][PASSED] - Delayed 3 second(s)

2023-02-08 16:59:18 - [TEST_STEP][PASSED] - nowDate = Date().format("MM/dd/yyyy"): null

2023-02-08 16:59:18 - [TEST_STEP][PASSED] - executeJavaScript("document.getElementById('payDate').removeAttribute('readonly')", null): Execute JavaScript 'document.getElementById('payDate').removeAttribute('readonly')' successfully

2023-02-08 16:59:18 - [MESSAGE][PASSED] - Execute JavaScript 'document.getElementById('payDate').removeAttribute('readonly')' successfully

2023-02-08 16:59:18 - [TEST_STEP][PASSED] - setText(findTestObject(orPath_Withholding + "/input_PayDate"), nowDate): Text '02/08/2023' is set on object 'Object Repository/RAD_Pages/Withholding_Page/input_PayDate'

2023-02-08 16:59:19 - [MESSAGE][PASSED] - Text '02/08/2023' is set on object 'Object Repository/RAD_Pages/Withholding_Page/input_PayDate'

2023-02-08 16:59:19 - [TEST_STEP][PASSED] - setText(findTestObject(orPath_Withholding + "/input__WithholdingTaxReported"), "10.50"): Text '10.50' is set on object 'Object Repository/RAD_Pages/Withholding_Page/input__WithholdingTaxReported'

2023-02-08 16:59:20 - [MESSAGE][PASSED] - Text '10.50' is set on object 'Object Repository/RAD_Pages/Withholding_Page/input__WithholdingTaxReported'

2023-02-08 16:59:20 - [TEST_STEP][PASSED] - break: null

2023-02-08 16:59:20 - [TEST_STEP][PASSED] - if (PaymentType.equalsIgnoreCase("Personal")): null

2023-02-08 16:59:20 - [TEST_STEP][PASSED] - selectOptionByLabel(findTestObject(orPath_AddressContact + "/select_Country"), "United States", false): All options with label 'United States' are selected in object 'Object Repository/RAD_Pages/AddressAndContactInfo_Page/select_Country' 

2023-02-08 16:59:21 - [MESSAGE][PASSED] - All options with label 'United States' are selected in object 'Object Repository/RAD_Pages/AddressAndContactInfo_Page/select_Country' 

2023-02-08 16:59:21 - [TEST_STEP][PASSED] - setText(findTestObject(orPath_AddressContact + "/input_streetAddress1"), AL1): Text '15 Main Street' is set on object 'Object Repository/RAD_Pages/AddressAndContactInfo_Page/input_streetAddress1'

2023-02-08 16:59:22 - [MESSAGE][PASSED] - Text '15 Main Street' is set on object 'Object Repository/RAD_Pages/AddressAndContactInfo_Page/input_streetAddress1'

2023-02-08 16:59:22 - [TEST_STEP][PASSED] - setText(findTestObject(orPath_AddressContact + "/input_streetAddress2"), ""): Text '' is set on object 'Object Repository/RAD_Pages/AddressAndContactInfo_Page/input_streetAddress2'

2023-02-08 16:59:23 - [MESSAGE][PASSED] - Text '' is set on object 'Object Repository/RAD_Pages/AddressAndContactInfo_Page/input_streetAddress2'

2023-02-08 16:59:23 - [TEST_STEP][PASSED] - setText(findTestObject(orPath_AddressContact + "/input_city"), City): Text 'Gambrills' is set on object 'Object Repository/RAD_Pages/AddressAndContactInfo_Page/input_city'

2023-02-08 16:59:24 - [MESSAGE][PASSED] - Text 'Gambrills' is set on object 'Object Repository/RAD_Pages/AddressAndContactInfo_Page/input_city'

2023-02-08 16:59:24 - [TEST_STEP][PASSED] - selectOptionByLabel(findTestObject(orPath_AddressContact + "/select_State"), "Maryland", false): All options with label 'Maryland' are selected in object 'Object Repository/RAD_Pages/AddressAndContactInfo_Page/select_State' 

2023-02-08 16:59:24 - [MESSAGE][PASSED] - All options with label 'Maryland' are selected in object 'Object Repository/RAD_Pages/AddressAndContactInfo_Page/select_State' 

2023-02-08 16:59:24 - [TEST_STEP][PASSED] - setText(findTestObject(orPath_AddressContact + "/input_zipCode"), ZIP): Text '21054' is set on object 'Object Repository/RAD_Pages/AddressAndContactInfo_Page/input_zipCode'

2023-02-08 16:59:25 - [MESSAGE][PASSED] - Text '21054' is set on object 'Object Repository/RAD_Pages/AddressAndContactInfo_Page/input_zipCode'

2023-02-08 16:59:25 - [TEST_STEP][PASSED] - setText(findTestObject(orPath_AddressContact + "/input_phoneNumber"), "(703) 894-5000"): Text '(703) 894-5000' is set on object 'Object Repository/RAD_Pages/AddressAndContactInfo_Page/input_phoneNumber'

2023-02-08 16:59:26 - [MESSAGE][PASSED] - Text '(703) 894-5000' is set on object 'Object Repository/RAD_Pages/AddressAndContactInfo_Page/input_phoneNumber'

2023-02-08 16:59:26 - [TEST_STEP][PASSED] - setText(findTestObject(orPath_AddressContact + "/input_eMailAddress"), "iahmed@govolution.com"): Text 'iahmed@govolution.com' is set on object 'Object Repository/RAD_Pages/AddressAndContactInfo_Page/input_eMailAddress'

2023-02-08 16:59:27 - [MESSAGE][PASSED] - Text 'iahmed@govolution.com' is set on object 'Object Repository/RAD_Pages/AddressAndContactInfo_Page/input_eMailAddress'

2023-02-08 16:59:27 - [TEST_STEP][PASSED] - setText(findTestObject(orPath_AddressContact + "/input_reEnterEMailAddress"), "iahmed@govolution.com"): Text 'iahmed@govolution.com' is set on object 'Object Repository/RAD_Pages/AddressAndContactInfo_Page/input_reEnterEMailAddress'

2023-02-08 16:59:28 - [MESSAGE][PASSED] - Text 'iahmed@govolution.com' is set on object 'Object Repository/RAD_Pages/AddressAndContactInfo_Page/input_reEnterEMailAddress'

2023-02-08 16:59:28 - [TEST_STEP][PASSED] - setText(findTestObject(orPath_Amount + "/input__paymentAmount"), Amount): Text '100.00' is set on object 'Object Repository/RAD_Pages/PaymentAmount_Page/input__paymentAmount'

2023-02-08 16:59:29 - [MESSAGE][PASSED] - Text '100.00' is set on object 'Object Repository/RAD_Pages/PaymentAmount_Page/input__paymentAmount'

2023-02-08 16:59:29 - [TEST_STEP][PASSED] - scrollToElement(findTestObject(orPath_Landing + "/button_Continue"), 3): Scroll to object 'Object Repository/RAD_Pages/Landing_Page/button_Continue' successfully

2023-02-08 16:59:29 - [MESSAGE][PASSED] - Scroll to object 'Object Repository/RAD_Pages/Landing_Page/button_Continue' successfully

2023-02-08 16:59:29 - [TEST_STEP][PASSED] - waitForElementClickable(findTestObject(orPath_Landing + "/button_Continue"), 5): Object 'Object Repository/RAD_Pages/Landing_Page/button_Continue' is clickable

2023-02-08 16:59:30 - [MESSAGE][PASSED] - Object 'Object Repository/RAD_Pages/Landing_Page/button_Continue' is clickable

2023-02-08 16:59:30 - [TEST_STEP][PASSED] - click(findTestObject(orPath_Landing + "/button_Continue")): Object: 'Object Repository/RAD_Pages/Landing_Page/button_Continue' is clicked on

2023-02-08 16:59:30 - [MESSAGE][PASSED] - Object: 'Object Repository/RAD_Pages/Landing_Page/button_Continue' is clicked on

2023-02-08 16:59:30 - [TEST_STEP][PASSED] - verifyTextPresent("Review the information below and make any necessary corrections by clicking the", true): Text 'Review the information below and make any necessary corrections by clicking the' is present on page  using regular expression

2023-02-08 16:59:31 - [MESSAGE][PASSED] - Text 'Review the information below and make any necessary corrections by clicking the' is present on page  using regular expression

2023-02-08 16:59:31 - [TEST_STEP][PASSED] - verifyTextPresent("When you are confident that all the information is correct", true): Text 'When you are confident that all the information is correct' is present on page  using regular expression

2023-02-08 16:59:31 - [MESSAGE][PASSED] - Text 'When you are confident that all the information is correct' is present on page  using regular expression

2023-02-08 16:59:31 - [TEST_STEP][PASSED] - delay(1): Delayed 1 second(s)

2023-02-08 16:59:32 - [MESSAGE][PASSED] - Delayed 1 second(s)

2023-02-08 16:59:32 - [TEST_STEP][PASSED] - click(findTestObject(orPath_Summary + "/button_Proceed to Payment")): Object: 'Object Repository/RAD_Pages/Summary_Page/button_Proceed to Payment' is clicked on

2023-02-08 16:59:34 - [MESSAGE][PASSED] - Object: 'Object Repository/RAD_Pages/Summary_Page/button_Proceed to Payment' is clicked on

2023-02-08 16:59:34 - [TEST_STEP][PASSED] - if (PaymentType.equalsIgnoreCase("Corporate")): null

2023-02-08 16:59:34 - [TEST_STEP][PASSED] - setText(findTestObject(orPath_PaymentEntry + "/input__cardNumber"), CCNumber): Text '6011000993026909' is set on object 'Object Repository/RAD_Pages/PaymentEntry_Page/input__cardNumber'

2023-02-08 16:59:35 - [MESSAGE][PASSED] - Text '6011000993026909' is set on object 'Object Repository/RAD_Pages/PaymentEntry_Page/input__cardNumber'

2023-02-08 16:59:35 - [TEST_STEP][PASSED] - setText(findTestObject(orPath_PaymentEntry + "/input__spc"), CVV): Text '123' is set on object 'Object Repository/RAD_Pages/PaymentEntry_Page/input__spc'

2023-02-08 16:59:36 - [MESSAGE][PASSED] - Text '123' is set on object 'Object Repository/RAD_Pages/PaymentEntry_Page/input__spc'

2023-02-08 16:59:36 - [TEST_STEP][PASSED] - selectOptionByLabel(findTestObject(orPath_PaymentEntry + "/select_MM"), "12", false): All options with label '12' are selected in object 'Object Repository/RAD_Pages/PaymentEntry_Page/select_MM' 

2023-02-08 16:59:37 - [MESSAGE][PASSED] - All options with label '12' are selected in object 'Object Repository/RAD_Pages/PaymentEntry_Page/select_MM' 

2023-02-08 16:59:37 - [TEST_STEP][PASSED] - selectOptionByLabel(findTestObject(orPath_PaymentEntry + "/select_YYYY"), "2023", false): All options with label '2023' are selected in object 'Object Repository/RAD_Pages/PaymentEntry_Page/select_YYYY' 

2023-02-08 16:59:37 - [MESSAGE][PASSED] - All options with label '2023' are selected in object 'Object Repository/RAD_Pages/PaymentEntry_Page/select_YYYY' 

2023-02-08 16:59:37 - [TEST_STEP][PASSED] - click(findTestObject(orPath_PaymentEntry + "/input_Field_ccSubmit")): Object: 'Object Repository/RAD_Pages/PaymentEntry_Page/input_Field_ccSubmit' is clicked on

2023-02-08 16:59:38 - [MESSAGE][PASSED] - Object: 'Object Repository/RAD_Pages/PaymentEntry_Page/input_Field_ccSubmit' is clicked on

2023-02-08 16:59:38 - [TEST_STEP][PASSED] - click(findTestObject(orPath_PaymentConfirmation + "/input_N_confirmNotifyAction")): Object: 'Object Repository/RAD_Pages/PaymentConfirmation_Page/input_N_confirmNotifyAction' is clicked on

2023-02-08 16:59:39 - [MESSAGE][PASSED] - Object: 'Object Repository/RAD_Pages/PaymentConfirmation_Page/input_N_confirmNotifyAction' is clicked on

2023-02-08 16:59:39 - [TEST_STEP][PASSED] - click(findTestObject(orPath_ServiceFeesAccept + "/input_convFeeNotifyAction")): Object: 'Object Repository/RAD_Pages/ServiceFeeAccept_Page/input_convFeeNotifyAction' is clicked on

2023-02-08 16:59:41 - [MESSAGE][PASSED] - Object: 'Object Repository/RAD_Pages/ServiceFeeAccept_Page/input_convFeeNotifyAction' is clicked on

2023-02-08 16:59:41 - [TEST_STEP][PASSED] - delay(10): Delayed 10 second(s)

2023-02-08 16:59:51 - [MESSAGE][PASSED] - Delayed 10 second(s)

2023-02-08 16:59:51 - [TEST_STEP][PASSED] - verifyTextPresent("Successful Payment Receipt", true): Text 'Successful Payment Receipt' is present on page  using regular expression

2023-02-08 16:59:51 - [MESSAGE][PASSED] - Text 'Successful Payment Receipt' is present on page  using regular expression

2023-02-08 16:59:51 - [TEST_STEP][PASSED] - if (verifyTextPresent("Successful Payment Receipt", true)): null

2023-02-08 16:59:52 - [MESSAGE][PASSED] - Text 'Successful Payment Receipt' is present on page  using regular expression

2023-02-08 16:59:52 - [TEST_STEP][PASSED] - println("Transaction was Successful"): null

2023-02-08 16:59:52 - [TEST_STEP][PASSED] - out.println("Pass Record Number: " + row): null

2023-02-08 16:59:52 - [TEST_STEP][PASSED] - resText = "Pass": null

2023-02-08 16:59:52 - [TEST_STEP][PASSED] - pages.WriteExcel.demoKey(resText, datText, resColumn, datCloumn, fileLoc, nameSheet, row): pages.WriteExcel.demoKey is PASSED

2023-02-08 16:59:52 - [MESSAGE][PASSED] - pages.WriteExcel.demoKey is PASSED

2023-02-08 16:59:52 - [TEST_STEP][PASSED] - ExecuteTC = findTestData(dataFile).getValue("Execute", row): null

2023-02-08 16:59:52 - [TEST_STEP][PASSED] - PaymentType = findTestData(dataFile).getValue("PaymentType", row): null

2023-02-08 16:59:52 - [TEST_STEP][PASSED] - FilingYear = findTestData(dataFile).getValue("FilingYear", row): null

2023-02-08 16:59:52 - [TEST_STEP][PASSED] - PeriodEnding = findTestData(dataFile).getValue("PeriodEnding", row): null

2023-02-08 16:59:52 - [TEST_STEP][PASSED] - FName = findTestData(dataFile).getValue("Fname", row): null

2023-02-08 16:59:52 - [TEST_STEP][PASSED] - LName = findTestData(dataFile).getValue("Lname", row): null

2023-02-08 16:59:52 - [TEST_STEP][PASSED] - SSN = findTestData(dataFile).getValue("SSN", row): null

2023-02-08 16:59:52 - [TEST_STEP][PASSED] - BusName = findTestData(dataFile).getValue("BusName", row): null

2023-02-08 16:59:52 - [TEST_STEP][PASSED] - AL1 = findTestData(dataFile).getValue("AL1", row): null

2023-02-08 16:59:52 - [TEST_STEP][PASSED] - City = findTestData(dataFile).getValue("City", row): null

2023-02-08 16:59:52 - [TEST_STEP][PASSED] - ZIP = findTestData(dataFile).getValue("ZIP", row): null

2023-02-08 16:59:52 - [TEST_STEP][PASSED] - FilingType = findTestData(dataFile).getValue("FilingType", row): null

2023-02-08 16:59:52 - [TEST_STEP][PASSED] - Withholding = findTestData(dataFile).getValue("Withholding", row): null

2023-02-08 16:59:52 - [TEST_STEP][PASSED] - Amount = findTestData(dataFile).getValue("Amount", row): null

2023-02-08 16:59:52 - [TEST_STEP][PASSED] - CCNumber = findTestData(dataFile).getValue("CCNumber", row): null

2023-02-08 16:59:52 - [TEST_STEP][PASSED] - CVV = findTestData(dataFile).getValue("CVV", row): null

2023-02-08 16:59:52 - [TEST_STEP][PASSED] - out.println("Value of Execute is : " + ExecuteTC): null

2023-02-08 16:59:52 - [TEST_STEP][PASSED] - if (ExecuteTC.equalsIgnoreCase("Y")): null

2023-02-08 16:59:52 - [TEST_STEP][PASSED] - out.println("Begin Record Number: " + row): null

2023-02-08 16:59:52 - [TEST_STEP][PASSED] - today = new java.util.Date(): null

2023-02-08 16:59:52 - [TEST_STEP][PASSED] - println(today): null

2023-02-08 16:59:52 - [TEST_STEP][PASSED] - datText = today: null

2023-02-08 16:59:52 - [TEST_STEP][PASSED] - Taxtype = findTestData(dataFile).getValue("TaxType", row): null

2023-02-08 16:59:52 - [TEST_STEP][PASSED] - out.println("Taxtype value is : " + Taxtype): null

2023-02-08 16:59:52 - [TEST_STEP][PASSED] - openBrowser(""): Browser is opened with url: ''

2023-02-08 16:59:52 - [MESSAGE][WARNING] - A browser is already opened. Closing browser and opening a new one

2023-02-08 16:59:53 - [MESSAGE][INFO] - Starting 'Chrome' driver

2023-02-08 16:59:53 - [MESSAGE][INFO] - User set preference: ['acceptInsecureCerts', 'true']

2023-02-08 16:59:53 - [MESSAGE][INFO] - Action delay is set to 0 milliseconds

2023-02-08 16:59:55 - [MESSAGE][PASSED] - Browser is opened with url: ''

2023-02-08 16:59:55 - [TEST_STEP][PASSED] - maximizeWindow(): Current window maximized

2023-02-08 16:59:55 - [MESSAGE][PASSED] - Current window maximized

2023-02-08 16:59:55 - [TEST_STEP][PASSED] - navigateToUrl(RADurl): Navigate to 'https://qa.velocitypayment.com/client/rad/index.html' successfully

2023-02-08 16:59:57 - [MESSAGE][PASSED] - Navigate to 'https://qa.velocitypayment.com/client/rad/index.html' successfully

2023-02-08 16:59:57 - [TEST_STEP][PASSED] - orPath_Landing = "Object Repository/RAD_Pages/Landing_Page": null

2023-02-08 16:59:57 - [TEST_STEP][PASSED] - orPath_TaxTypeFilingYear = "Object Repository/RAD_Pages/TaxTypeFilingYear_Page": null

2023-02-08 16:59:57 - [TEST_STEP][PASSED] - orPath_TaxPayer = "Object Repository/RAD_Pages/Taxpayer_Page": null

2023-02-08 16:59:57 - [TEST_STEP][PASSED] - orPath_AddressContact = "Object Repository/RAD_Pages/AddressAndContactInfo_Page": null

2023-02-08 16:59:57 - [TEST_STEP][PASSED] - orPath_FilingStatus = "Object Repository/RAD_Pages/FilingStatus_Page": null

2023-02-08 16:59:57 - [TEST_STEP][PASSED] - orPath_Amount = "Object Repository/RAD_Pages/PaymentAmount_Page": null

2023-02-08 16:59:57 - [TEST_STEP][PASSED] - orPath_TaxInfo = "Object Repository/RAD_Pages/TaxInfo_Page": null

2023-02-08 16:59:57 - [TEST_STEP][PASSED] - orPath_Withholding = "Object Repository/RAD_Pages/Withholding_Page": null

2023-02-08 16:59:57 - [TEST_STEP][PASSED] - orPath_Summary = "Object Repository/RAD_Pages/Summary_Page": null

2023-02-08 16:59:57 - [TEST_STEP][PASSED] - orPath_PaymentReady = "Object Repository/RAD_Pages/PaymentReady_Page": null

2023-02-08 16:59:57 - [TEST_STEP][PASSED] - orPath_PaymentEntry = "Object Repository/RAD_Pages/PaymentEntry_Page": null

2023-02-08 16:59:57 - [TEST_STEP][PASSED] - orPath_PaymentConfirmation = "Object Repository/RAD_Pages/PaymentConfirmation_Page": null

2023-02-08 16:59:57 - [TEST_STEP][PASSED] - orPath_ServiceFeesAccept = "Object Repository/RAD_Pages/ServiceFeeAccept_Page": null

2023-02-08 16:59:57 - [TEST_STEP][PASSED] - selectOptionByLabel(findTestObject(orPath_Landing + "/dd_TaxType"), Taxtype, false): All options with label 'Withholding Tax' are selected in object 'Object Repository/RAD_Pages/Landing_Page/dd_TaxType' 

2023-02-08 16:59:57 - [MESSAGE][PASSED] - All options with label 'Withholding Tax' are selected in object 'Object Repository/RAD_Pages/Landing_Page/dd_TaxType' 

2023-02-08 16:59:57 - [TEST_STEP][PASSED] - delay(3): Delayed 3 second(s)

2023-02-08 17:00:00 - [MESSAGE][PASSED] - Delayed 3 second(s)

2023-02-08 17:00:00 - [TEST_STEP][PASSED] - switch (Taxtype): null

2023-02-08 17:00:00 - [TEST_STEP][PASSED] - case "Withholding Tax":: null

2023-02-08 17:00:00 - [TEST_STEP][PASSED] - selectOptionByLabel(findTestObject(orPath_TaxTypeFilingYear + "/select_FilingYear"), FilingYear, false): All options with label '2022' are selected in object 'Object Repository/RAD_Pages/TaxTypeFilingYear_Page/select_FilingYear' 

2023-02-08 17:00:01 - [MESSAGE][PASSED] - All options with label '2022' are selected in object 'Object Repository/RAD_Pages/TaxTypeFilingYear_Page/select_FilingYear' 

2023-02-08 17:00:01 - [TEST_STEP][PASSED] - setText(findTestObject(orPath_TaxPayer + "/input_businessName"), BusName): Text 'O'Briens Garage' is set on object 'Object Repository/RAD_Pages/Taxpayer_Page/input_businessName'

2023-02-08 17:00:02 - [MESSAGE][PASSED] - Text 'O'Briens Garage' is set on object 'Object Repository/RAD_Pages/Taxpayer_Page/input_businessName'

2023-02-08 17:00:02 - [TEST_STEP][PASSED] - setText(findTestObject(orPath_TaxPayer + "/input_firstName"), FName): Text 'O'Briens' is set on object 'Object Repository/RAD_Pages/Taxpayer_Page/input_firstName'

2023-02-08 17:00:03 - [MESSAGE][PASSED] - Text 'O'Briens' is set on object 'Object Repository/RAD_Pages/Taxpayer_Page/input_firstName'

2023-02-08 17:00:03 - [TEST_STEP][PASSED] - setText(findTestObject(orPath_TaxPayer + "/input_lastName"), LName): Text 'Cook' is set on object 'Object Repository/RAD_Pages/Taxpayer_Page/input_lastName'

2023-02-08 17:00:04 - [MESSAGE][PASSED] - Text 'Cook' is set on object 'Object Repository/RAD_Pages/Taxpayer_Page/input_lastName'

2023-02-08 17:00:04 - [TEST_STEP][PASSED] - setEncryptedText(findTestObject(orPath_TaxInfo + "/input_FederalEIN"), "xLVb905G4/sGR8qgNWNzNQ=="): Text ****** has been set on object 'Object Repository/RAD_Pages/TaxInfo_Page/input_FederalEIN'

2023-02-08 17:00:05 - [MESSAGE][PASSED] - Text ****** has been set on object 'Object Repository/RAD_Pages/TaxInfo_Page/input_FederalEIN'

2023-02-08 17:00:05 - [TEST_STEP][PASSED] - setEncryptedText(findTestObject(orPath_TaxInfo + "/input_FederalEIN_ReEnter"), "xLVb905G4/sGR8qgNWNzNQ=="): Text ****** has been set on object 'Object Repository/RAD_Pages/TaxInfo_Page/input_FederalEIN_ReEnter'

2023-02-08 17:00:05 - [MESSAGE][PASSED] - Text ****** has been set on object 'Object Repository/RAD_Pages/TaxInfo_Page/input_FederalEIN_ReEnter'

2023-02-08 17:00:05 - [TEST_STEP][PASSED] - setText(findTestObject(orPath_TaxInfo + "/input_MDCRegistration"), "07640126"): Text '07640126' is set on object 'Object Repository/RAD_Pages/TaxInfo_Page/input_MDCRegistration'

2023-02-08 17:00:06 - [MESSAGE][PASSED] - Text '07640126' is set on object 'Object Repository/RAD_Pages/TaxInfo_Page/input_MDCRegistration'

2023-02-08 17:00:06 - [TEST_STEP][PASSED] - if (Withholding.equalsIgnoreCase("Y")): Text '10.50' is set on object 'Object Repository/RAD_Pages/Withholding_Page/input__WithholdingTaxReported'

2023-02-08 17:00:06 - [TEST_STEP][PASSED] - scrollToElement(findTestObject(orPath_Landing + "/button_Continue"), 3): Scroll to object 'Object Repository/RAD_Pages/Landing_Page/button_Continue' successfully

2023-02-08 17:00:06 - [MESSAGE][PASSED] - Scroll to object 'Object Repository/RAD_Pages/Landing_Page/button_Continue' successfully

2023-02-08 17:00:06 - [TEST_STEP][PASSED] - check(findTestObject(orPath_Withholding + "/input_acceleratedBasis_Yes")): Object 'Object Repository/RAD_Pages/Withholding_Page/input_acceleratedBasis_Yes' is checked

2023-02-08 17:00:07 - [MESSAGE][PASSED] - Object 'Object Repository/RAD_Pages/Withholding_Page/input_acceleratedBasis_Yes' is checked

2023-02-08 17:00:07 - [TEST_STEP][PASSED] - delay(3): Delayed 3 second(s)

2023-02-08 17:00:10 - [MESSAGE][PASSED] - Delayed 3 second(s)

2023-02-08 17:00:10 - [TEST_STEP][PASSED] - nowDate = Date().format("MM/dd/yyyy"): null

2023-02-08 17:00:10 - [TEST_STEP][PASSED] - executeJavaScript("document.getElementById('payDate').removeAttribute('readonly')", null): Execute JavaScript 'document.getElementById('payDate').removeAttribute('readonly')' successfully

2023-02-08 17:00:10 - [MESSAGE][PASSED] - Execute JavaScript 'document.getElementById('payDate').removeAttribute('readonly')' successfully

2023-02-08 17:00:10 - [TEST_STEP][PASSED] - setText(findTestObject(orPath_Withholding + "/input_PayDate"), nowDate): Text '02/08/2023' is set on object 'Object Repository/RAD_Pages/Withholding_Page/input_PayDate'

2023-02-08 17:00:11 - [MESSAGE][PASSED] - Text '02/08/2023' is set on object 'Object Repository/RAD_Pages/Withholding_Page/input_PayDate'

2023-02-08 17:00:11 - [TEST_STEP][PASSED] - setText(findTestObject(orPath_Withholding + "/input__WithholdingTaxReported"), "10.50"): Text '10.50' is set on object 'Object Repository/RAD_Pages/Withholding_Page/input__WithholdingTaxReported'

2023-02-08 17:00:12 - [MESSAGE][PASSED] - Text '10.50' is set on object 'Object Repository/RAD_Pages/Withholding_Page/input__WithholdingTaxReported'

2023-02-08 17:00:12 - [TEST_STEP][PASSED] - break: null

2023-02-08 17:00:12 - [TEST_STEP][PASSED] - if (PaymentType.equalsIgnoreCase("Personal")): null

2023-02-08 17:00:12 - [TEST_STEP][PASSED] - selectOptionByLabel(findTestObject(orPath_AddressContact + "/select_Country"), "United States", false): All options with label 'United States' are selected in object 'Object Repository/RAD_Pages/AddressAndContactInfo_Page/select_Country' 

2023-02-08 17:00:12 - [MESSAGE][PASSED] - All options with label 'United States' are selected in object 'Object Repository/RAD_Pages/AddressAndContactInfo_Page/select_Country' 

2023-02-08 17:00:12 - [TEST_STEP][PASSED] - setText(findTestObject(orPath_AddressContact + "/input_streetAddress1"), AL1): Text '3652 Mandan road' is set on object 'Object Repository/RAD_Pages/AddressAndContactInfo_Page/input_streetAddress1'

2023-02-08 17:00:13 - [MESSAGE][PASSED] - Text '3652 Mandan road' is set on object 'Object Repository/RAD_Pages/AddressAndContactInfo_Page/input_streetAddress1'

2023-02-08 17:00:13 - [TEST_STEP][PASSED] - setText(findTestObject(orPath_AddressContact + "/input_streetAddress2"), ""): Text '' is set on object 'Object Repository/RAD_Pages/AddressAndContactInfo_Page/input_streetAddress2'

2023-02-08 17:00:14 - [MESSAGE][PASSED] - Text '' is set on object 'Object Repository/RAD_Pages/AddressAndContactInfo_Page/input_streetAddress2'

2023-02-08 17:00:14 - [TEST_STEP][PASSED] - setText(findTestObject(orPath_AddressContact + "/input_city"), City): Text 'Crofton' is set on object 'Object Repository/RAD_Pages/AddressAndContactInfo_Page/input_city'

2023-02-08 17:00:15 - [MESSAGE][PASSED] - Text 'Crofton' is set on object 'Object Repository/RAD_Pages/AddressAndContactInfo_Page/input_city'

2023-02-08 17:00:15 - [TEST_STEP][PASSED] - selectOptionByLabel(findTestObject(orPath_AddressContact + "/select_State"), "Maryland", false): All options with label 'Maryland' are selected in object 'Object Repository/RAD_Pages/AddressAndContactInfo_Page/select_State' 

2023-02-08 17:00:16 - [MESSAGE][PASSED] - All options with label 'Maryland' are selected in object 'Object Repository/RAD_Pages/AddressAndContactInfo_Page/select_State' 

2023-02-08 17:00:16 - [TEST_STEP][PASSED] - setText(findTestObject(orPath_AddressContact + "/input_zipCode"), ZIP): Text '21114' is set on object 'Object Repository/RAD_Pages/AddressAndContactInfo_Page/input_zipCode'

2023-02-08 17:00:16 - [MESSAGE][PASSED] - Text '21114' is set on object 'Object Repository/RAD_Pages/AddressAndContactInfo_Page/input_zipCode'

2023-02-08 17:00:16 - [TEST_STEP][PASSED] - setText(findTestObject(orPath_AddressContact + "/input_phoneNumber"), "(703) 894-5000"): Text '(703) 894-5000' is set on object 'Object Repository/RAD_Pages/AddressAndContactInfo_Page/input_phoneNumber'

2023-02-08 17:00:17 - [MESSAGE][PASSED] - Text '(703) 894-5000' is set on object 'Object Repository/RAD_Pages/AddressAndContactInfo_Page/input_phoneNumber'

2023-02-08 17:00:17 - [TEST_STEP][PASSED] - setText(findTestObject(orPath_AddressContact + "/input_eMailAddress"), "iahmed@govolution.com"): Text 'iahmed@govolution.com' is set on object 'Object Repository/RAD_Pages/AddressAndContactInfo_Page/input_eMailAddress'

2023-02-08 17:00:18 - [MESSAGE][PASSED] - Text 'iahmed@govolution.com' is set on object 'Object Repository/RAD_Pages/AddressAndContactInfo_Page/input_eMailAddress'

2023-02-08 17:00:18 - [TEST_STEP][PASSED] - setText(findTestObject(orPath_AddressContact + "/input_reEnterEMailAddress"), "iahmed@govolution.com"): Text 'iahmed@govolution.com' is set on object 'Object Repository/RAD_Pages/AddressAndContactInfo_Page/input_reEnterEMailAddress'

2023-02-08 17:00:19 - [MESSAGE][PASSED] - Text 'iahmed@govolution.com' is set on object 'Object Repository/RAD_Pages/AddressAndContactInfo_Page/input_reEnterEMailAddress'

2023-02-08 17:00:19 - [TEST_STEP][PASSED] - setText(findTestObject(orPath_Amount + "/input__paymentAmount"), Amount): Text '100.00' is set on object 'Object Repository/RAD_Pages/PaymentAmount_Page/input__paymentAmount'

2023-02-08 17:00:20 - [MESSAGE][PASSED] - Text '100.00' is set on object 'Object Repository/RAD_Pages/PaymentAmount_Page/input__paymentAmount'

2023-02-08 17:00:20 - [TEST_STEP][PASSED] - scrollToElement(findTestObject(orPath_Landing + "/button_Continue"), 3): Scroll to object 'Object Repository/RAD_Pages/Landing_Page/button_Continue' successfully

2023-02-08 17:00:20 - [MESSAGE][PASSED] - Scroll to object 'Object Repository/RAD_Pages/Landing_Page/button_Continue' successfully

2023-02-08 17:00:20 - [TEST_STEP][PASSED] - waitForElementClickable(findTestObject(orPath_Landing + "/button_Continue"), 5): Object 'Object Repository/RAD_Pages/Landing_Page/button_Continue' is clickable

2023-02-08 17:00:20 - [MESSAGE][PASSED] - Object 'Object Repository/RAD_Pages/Landing_Page/button_Continue' is clickable

2023-02-08 17:00:20 - [TEST_STEP][PASSED] - click(findTestObject(orPath_Landing + "/button_Continue")): Object: 'Object Repository/RAD_Pages/Landing_Page/button_Continue' is clicked on

2023-02-08 17:00:21 - [MESSAGE][PASSED] - Object: 'Object Repository/RAD_Pages/Landing_Page/button_Continue' is clicked on

2023-02-08 17:00:21 - [TEST_STEP][PASSED] - verifyTextPresent("Review the information below and make any necessary corrections by clicking the", true): Text 'Review the information below and make any necessary corrections by clicking the' is present on page  using regular expression

2023-02-08 17:00:22 - [MESSAGE][PASSED] - Text 'Review the information below and make any necessary corrections by clicking the' is present on page  using regular expression

2023-02-08 17:00:22 - [TEST_STEP][PASSED] - verifyTextPresent("When you are confident that all the information is correct", true): Text 'When you are confident that all the information is correct' is present on page  using regular expression

2023-02-08 17:00:22 - [MESSAGE][PASSED] - Text 'When you are confident that all the information is correct' is present on page  using regular expression

2023-02-08 17:00:22 - [TEST_STEP][PASSED] - delay(1): Delayed 1 second(s)

2023-02-08 17:00:23 - [MESSAGE][PASSED] - Delayed 1 second(s)

2023-02-08 17:00:23 - [TEST_STEP][PASSED] - click(findTestObject(orPath_Summary + "/button_Proceed to Payment")): Object: 'Object Repository/RAD_Pages/Summary_Page/button_Proceed to Payment' is clicked on

2023-02-08 17:00:25 - [MESSAGE][PASSED] - Object: 'Object Repository/RAD_Pages/Summary_Page/button_Proceed to Payment' is clicked on

2023-02-08 17:00:25 - [TEST_STEP][PASSED] - if (PaymentType.equalsIgnoreCase("Corporate")): null

2023-02-08 17:00:25 - [TEST_STEP][PASSED] - setText(findTestObject(orPath_PaymentEntry + "/input__cardNumber"), CCNumber): Text '4012000098765439' is set on object 'Object Repository/RAD_Pages/PaymentEntry_Page/input__cardNumber'

2023-02-08 17:00:26 - [MESSAGE][PASSED] - Text '4012000098765439' is set on object 'Object Repository/RAD_Pages/PaymentEntry_Page/input__cardNumber'

2023-02-08 17:00:26 - [TEST_STEP][PASSED] - setText(findTestObject(orPath_PaymentEntry + "/input__spc"), CVV): Text '123' is set on object 'Object Repository/RAD_Pages/PaymentEntry_Page/input__spc'

2023-02-08 17:00:27 - [MESSAGE][PASSED] - Text '123' is set on object 'Object Repository/RAD_Pages/PaymentEntry_Page/input__spc'

2023-02-08 17:00:27 - [TEST_STEP][PASSED] - selectOptionByLabel(findTestObject(orPath_PaymentEntry + "/select_MM"), "12", false): All options with label '12' are selected in object 'Object Repository/RAD_Pages/PaymentEntry_Page/select_MM' 

2023-02-08 17:00:28 - [MESSAGE][PASSED] - All options with label '12' are selected in object 'Object Repository/RAD_Pages/PaymentEntry_Page/select_MM' 

2023-02-08 17:00:28 - [TEST_STEP][PASSED] - selectOptionByLabel(findTestObject(orPath_PaymentEntry + "/select_YYYY"), "2023", false): All options with label '2023' are selected in object 'Object Repository/RAD_Pages/PaymentEntry_Page/select_YYYY' 

2023-02-08 17:00:28 - [MESSAGE][PASSED] - All options with label '2023' are selected in object 'Object Repository/RAD_Pages/PaymentEntry_Page/select_YYYY' 

2023-02-08 17:00:28 - [TEST_STEP][PASSED] - click(findTestObject(orPath_PaymentEntry + "/input_Field_ccSubmit")): Object: 'Object Repository/RAD_Pages/PaymentEntry_Page/input_Field_ccSubmit' is clicked on

2023-02-08 17:00:29 - [MESSAGE][PASSED] - Object: 'Object Repository/RAD_Pages/PaymentEntry_Page/input_Field_ccSubmit' is clicked on

2023-02-08 17:00:29 - [TEST_STEP][PASSED] - click(findTestObject(orPath_PaymentConfirmation + "/input_N_confirmNotifyAction")): Object: 'Object Repository/RAD_Pages/PaymentConfirmation_Page/input_N_confirmNotifyAction' is clicked on

2023-02-08 17:00:31 - [MESSAGE][PASSED] - Object: 'Object Repository/RAD_Pages/PaymentConfirmation_Page/input_N_confirmNotifyAction' is clicked on

2023-02-08 17:00:31 - [TEST_STEP][PASSED] - click(findTestObject(orPath_ServiceFeesAccept + "/input_convFeeNotifyAction")): Object: 'Object Repository/RAD_Pages/ServiceFeeAccept_Page/input_convFeeNotifyAction' is clicked on

2023-02-08 17:00:32 - [MESSAGE][PASSED] - Object: 'Object Repository/RAD_Pages/ServiceFeeAccept_Page/input_convFeeNotifyAction' is clicked on

2023-02-08 17:00:32 - [TEST_STEP][PASSED] - delay(10): Delayed 10 second(s)

2023-02-08 17:00:42 - [MESSAGE][PASSED] - Delayed 10 second(s)

2023-02-08 17:00:42 - [TEST_STEP][PASSED] - verifyTextPresent("Successful Payment Receipt", true): Text 'Successful Payment Receipt' is present on page  using regular expression

2023-02-08 17:00:42 - [MESSAGE][PASSED] - Text 'Successful Payment Receipt' is present on page  using regular expression

2023-02-08 17:00:42 - [TEST_STEP][PASSED] - if (verifyTextPresent("Successful Payment Receipt", true)): null

2023-02-08 17:00:43 - [MESSAGE][PASSED] - Text 'Successful Payment Receipt' is present on page  using regular expression

2023-02-08 17:00:43 - [TEST_STEP][PASSED] - println("Transaction was Successful"): null

2023-02-08 17:00:43 - [TEST_STEP][PASSED] - out.println("Pass Record Number: " + row): null

2023-02-08 17:00:43 - [TEST_STEP][PASSED] - resText = "Pass": null

2023-02-08 17:00:43 - [TEST_STEP][PASSED] - pages.WriteExcel.demoKey(resText, datText, resColumn, datCloumn, fileLoc, nameSheet, row): pages.WriteExcel.demoKey is PASSED

2023-02-08 17:00:43 - [MESSAGE][PASSED] - pages.WriteExcel.demoKey is PASSED

2023-02-08 17:00:43 - [TEST_STEP][PASSED] - ExecuteTC = findTestData(dataFile).getValue("Execute", row): null

2023-02-08 17:00:43 - [TEST_STEP][PASSED] - PaymentType = findTestData(dataFile).getValue("PaymentType", row): null

2023-02-08 17:00:43 - [TEST_STEP][PASSED] - FilingYear = findTestData(dataFile).getValue("FilingYear", row): null

2023-02-08 17:00:43 - [TEST_STEP][PASSED] - PeriodEnding = findTestData(dataFile).getValue("PeriodEnding", row): null

2023-02-08 17:00:43 - [TEST_STEP][PASSED] - FName = findTestData(dataFile).getValue("Fname", row): null

2023-02-08 17:00:43 - [TEST_STEP][PASSED] - LName = findTestData(dataFile).getValue("Lname", row): null

2023-02-08 17:00:43 - [TEST_STEP][PASSED] - SSN = findTestData(dataFile).getValue("SSN", row): null

2023-02-08 17:00:43 - [TEST_STEP][PASSED] - BusName = findTestData(dataFile).getValue("BusName", row): null

2023-02-08 17:00:43 - [TEST_STEP][PASSED] - AL1 = findTestData(dataFile).getValue("AL1", row): null

2023-02-08 17:00:43 - [TEST_STEP][PASSED] - City = findTestData(dataFile).getValue("City", row): null

2023-02-08 17:00:43 - [TEST_STEP][PASSED] - ZIP = findTestData(dataFile).getValue("ZIP", row): null

2023-02-08 17:00:43 - [TEST_STEP][PASSED] - FilingType = findTestData(dataFile).getValue("FilingType", row): null

2023-02-08 17:00:43 - [TEST_STEP][PASSED] - Withholding = findTestData(dataFile).getValue("Withholding", row): null

2023-02-08 17:00:43 - [TEST_STEP][PASSED] - Amount = findTestData(dataFile).getValue("Amount", row): null

2023-02-08 17:00:43 - [TEST_STEP][PASSED] - CCNumber = findTestData(dataFile).getValue("CCNumber", row): null

2023-02-08 17:00:43 - [TEST_STEP][PASSED] - CVV = findTestData(dataFile).getValue("CVV", row): null

2023-02-08 17:00:43 - [TEST_STEP][PASSED] - out.println("Value of Execute is : " + ExecuteTC): null

2023-02-08 17:00:43 - [TEST_STEP][PASSED] - if (ExecuteTC.equalsIgnoreCase("Y")): null

2023-02-08 17:00:43 - [TEST_STEP][PASSED] - out.println("Begin Record Number: " + row): null

2023-02-08 17:00:43 - [TEST_STEP][PASSED] - today = new java.util.Date(): null

2023-02-08 17:00:43 - [TEST_STEP][PASSED] - println(today): null

2023-02-08 17:00:43 - [TEST_STEP][PASSED] - datText = today: null

2023-02-08 17:00:43 - [TEST_STEP][PASSED] - Taxtype = findTestData(dataFile).getValue("TaxType", row): null

2023-02-08 17:00:43 - [TEST_STEP][PASSED] - out.println("Taxtype value is : " + Taxtype): null

2023-02-08 17:00:43 - [TEST_STEP][PASSED] - openBrowser(""): Browser is opened with url: ''

2023-02-08 17:00:43 - [MESSAGE][WARNING] - A browser is already opened. Closing browser and opening a new one

2023-02-08 17:00:44 - [MESSAGE][INFO] - Starting 'Chrome' driver

2023-02-08 17:00:44 - [MESSAGE][INFO] - User set preference: ['acceptInsecureCerts', 'true']

2023-02-08 17:00:44 - [MESSAGE][INFO] - Action delay is set to 0 milliseconds

2023-02-08 17:00:46 - [MESSAGE][PASSED] - Browser is opened with url: ''

2023-02-08 17:00:46 - [TEST_STEP][PASSED] - maximizeWindow(): Current window maximized

2023-02-08 17:00:46 - [MESSAGE][PASSED] - Current window maximized

2023-02-08 17:00:46 - [TEST_STEP][PASSED] - navigateToUrl(RADurl): Navigate to 'https://qa.velocitypayment.com/client/rad/index.html' successfully

2023-02-08 17:00:48 - [MESSAGE][PASSED] - Navigate to 'https://qa.velocitypayment.com/client/rad/index.html' successfully

2023-02-08 17:00:48 - [TEST_STEP][PASSED] - orPath_Landing = "Object Repository/RAD_Pages/Landing_Page": null

2023-02-08 17:00:48 - [TEST_STEP][PASSED] - orPath_TaxTypeFilingYear = "Object Repository/RAD_Pages/TaxTypeFilingYear_Page": null

2023-02-08 17:00:48 - [TEST_STEP][PASSED] - orPath_TaxPayer = "Object Repository/RAD_Pages/Taxpayer_Page": null

2023-02-08 17:00:48 - [TEST_STEP][PASSED] - orPath_AddressContact = "Object Repository/RAD_Pages/AddressAndContactInfo_Page": null

2023-02-08 17:00:48 - [TEST_STEP][PASSED] - orPath_FilingStatus = "Object Repository/RAD_Pages/FilingStatus_Page": null

2023-02-08 17:00:48 - [TEST_STEP][PASSED] - orPath_Amount = "Object Repository/RAD_Pages/PaymentAmount_Page": null

2023-02-08 17:00:48 - [TEST_STEP][PASSED] - orPath_TaxInfo = "Object Repository/RAD_Pages/TaxInfo_Page": null

2023-02-08 17:00:48 - [TEST_STEP][PASSED] - orPath_Withholding = "Object Repository/RAD_Pages/Withholding_Page": null

2023-02-08 17:00:48 - [TEST_STEP][PASSED] - orPath_Summary = "Object Repository/RAD_Pages/Summary_Page": null

2023-02-08 17:00:48 - [TEST_STEP][PASSED] - orPath_PaymentReady = "Object Repository/RAD_Pages/PaymentReady_Page": null

2023-02-08 17:00:48 - [TEST_STEP][PASSED] - orPath_PaymentEntry = "Object Repository/RAD_Pages/PaymentEntry_Page": null

2023-02-08 17:00:48 - [TEST_STEP][PASSED] - orPath_PaymentConfirmation = "Object Repository/RAD_Pages/PaymentConfirmation_Page": null

2023-02-08 17:00:48 - [TEST_STEP][PASSED] - orPath_ServiceFeesAccept = "Object Repository/RAD_Pages/ServiceFeeAccept_Page": null

2023-02-08 17:00:48 - [TEST_STEP][PASSED] - selectOptionByLabel(findTestObject(orPath_Landing + "/dd_TaxType"), Taxtype, false): All options with label 'Withholding Tax' are selected in object 'Object Repository/RAD_Pages/Landing_Page/dd_TaxType' 

2023-02-08 17:00:48 - [MESSAGE][PASSED] - All options with label 'Withholding Tax' are selected in object 'Object Repository/RAD_Pages/Landing_Page/dd_TaxType' 

2023-02-08 17:00:48 - [TEST_STEP][PASSED] - delay(3): Delayed 3 second(s)

2023-02-08 17:00:51 - [MESSAGE][PASSED] - Delayed 3 second(s)

2023-02-08 17:00:51 - [TEST_STEP][PASSED] - switch (Taxtype): null

2023-02-08 17:00:51 - [TEST_STEP][PASSED] - case "Withholding Tax":: null

2023-02-08 17:00:51 - [TEST_STEP][PASSED] - selectOptionByLabel(findTestObject(orPath_TaxTypeFilingYear + "/select_FilingYear"), FilingYear, false): All options with label '2021' are selected in object 'Object Repository/RAD_Pages/TaxTypeFilingYear_Page/select_FilingYear' 

2023-02-08 17:00:52 - [MESSAGE][PASSED] - All options with label '2021' are selected in object 'Object Repository/RAD_Pages/TaxTypeFilingYear_Page/select_FilingYear' 

2023-02-08 17:00:52 - [TEST_STEP][PASSED] - setText(findTestObject(orPath_TaxPayer + "/input_businessName"), BusName): Text 'A1 Tree Trimming' is set on object 'Object Repository/RAD_Pages/Taxpayer_Page/input_businessName'

2023-02-08 17:00:53 - [MESSAGE][PASSED] - Text 'A1 Tree Trimming' is set on object 'Object Repository/RAD_Pages/Taxpayer_Page/input_businessName'

2023-02-08 17:00:53 - [TEST_STEP][PASSED] - setText(findTestObject(orPath_TaxPayer + "/input_firstName"), FName): Text 'Larsons' is set on object 'Object Repository/RAD_Pages/Taxpayer_Page/input_firstName'

2023-02-08 17:00:54 - [MESSAGE][PASSED] - Text 'Larsons' is set on object 'Object Repository/RAD_Pages/Taxpayer_Page/input_firstName'

2023-02-08 17:00:54 - [TEST_STEP][PASSED] - setText(findTestObject(orPath_TaxPayer + "/input_lastName"), LName): Text 'Bell' is set on object 'Object Repository/RAD_Pages/Taxpayer_Page/input_lastName'

2023-02-08 17:00:55 - [MESSAGE][PASSED] - Text 'Bell' is set on object 'Object Repository/RAD_Pages/Taxpayer_Page/input_lastName'

2023-02-08 17:00:55 - [TEST_STEP][PASSED] - setEncryptedText(findTestObject(orPath_TaxInfo + "/input_FederalEIN"), "xLVb905G4/sGR8qgNWNzNQ=="): Text ****** has been set on object 'Object Repository/RAD_Pages/TaxInfo_Page/input_FederalEIN'

2023-02-08 17:00:56 - [MESSAGE][PASSED] - Text ****** has been set on object 'Object Repository/RAD_Pages/TaxInfo_Page/input_FederalEIN'

2023-02-08 17:00:56 - [TEST_STEP][PASSED] - setEncryptedText(findTestObject(orPath_TaxInfo + "/input_FederalEIN_ReEnter"), "xLVb905G4/sGR8qgNWNzNQ=="): Text ****** has been set on object 'Object Repository/RAD_Pages/TaxInfo_Page/input_FederalEIN_ReEnter'

2023-02-08 17:00:56 - [MESSAGE][PASSED] - Text ****** has been set on object 'Object Repository/RAD_Pages/TaxInfo_Page/input_FederalEIN_ReEnter'

2023-02-08 17:00:56 - [TEST_STEP][PASSED] - setText(findTestObject(orPath_TaxInfo + "/input_MDCRegistration"), "07640126"): Text '07640126' is set on object 'Object Repository/RAD_Pages/TaxInfo_Page/input_MDCRegistration'

2023-02-08 17:00:57 - [MESSAGE][PASSED] - Text '07640126' is set on object 'Object Repository/RAD_Pages/TaxInfo_Page/input_MDCRegistration'

2023-02-08 17:00:57 - [TEST_STEP][PASSED] - if (Withholding.equalsIgnoreCase("Y")): Text '10.50' is set on object 'Object Repository/RAD_Pages/Withholding_Page/input__WithholdingTaxReported'

2023-02-08 17:00:57 - [TEST_STEP][PASSED] - scrollToElement(findTestObject(orPath_Landing + "/button_Continue"), 3): Scroll to object 'Object Repository/RAD_Pages/Landing_Page/button_Continue' successfully

2023-02-08 17:00:58 - [MESSAGE][PASSED] - Scroll to object 'Object Repository/RAD_Pages/Landing_Page/button_Continue' successfully

2023-02-08 17:00:58 - [TEST_STEP][PASSED] - check(findTestObject(orPath_Withholding + "/input_acceleratedBasis_Yes")): Object 'Object Repository/RAD_Pages/Withholding_Page/input_acceleratedBasis_Yes' is checked

2023-02-08 17:00:58 - [MESSAGE][PASSED] - Object 'Object Repository/RAD_Pages/Withholding_Page/input_acceleratedBasis_Yes' is checked

2023-02-08 17:00:58 - [TEST_STEP][PASSED] - delay(3): Delayed 3 second(s)

2023-02-08 17:01:01 - [MESSAGE][PASSED] - Delayed 3 second(s)

2023-02-08 17:01:01 - [TEST_STEP][PASSED] - nowDate = Date().format("MM/dd/yyyy"): null

2023-02-08 17:01:01 - [TEST_STEP][PASSED] - executeJavaScript("document.getElementById('payDate').removeAttribute('readonly')", null): Execute JavaScript 'document.getElementById('payDate').removeAttribute('readonly')' successfully

2023-02-08 17:01:01 - [MESSAGE][PASSED] - Execute JavaScript 'document.getElementById('payDate').removeAttribute('readonly')' successfully

2023-02-08 17:01:01 - [TEST_STEP][PASSED] - setText(findTestObject(orPath_Withholding + "/input_PayDate"), nowDate): Text '02/08/2023' is set on object 'Object Repository/RAD_Pages/Withholding_Page/input_PayDate'

2023-02-08 17:01:02 - [MESSAGE][PASSED] - Text '02/08/2023' is set on object 'Object Repository/RAD_Pages/Withholding_Page/input_PayDate'

2023-02-08 17:01:02 - [TEST_STEP][PASSED] - setText(findTestObject(orPath_Withholding + "/input__WithholdingTaxReported"), "10.50"): Text '10.50' is set on object 'Object Repository/RAD_Pages/Withholding_Page/input__WithholdingTaxReported'

2023-02-08 17:01:03 - [MESSAGE][PASSED] - Text '10.50' is set on object 'Object Repository/RAD_Pages/Withholding_Page/input__WithholdingTaxReported'

2023-02-08 17:01:03 - [TEST_STEP][PASSED] - break: null

2023-02-08 17:01:03 - [TEST_STEP][PASSED] - if (PaymentType.equalsIgnoreCase("Personal")): null

2023-02-08 17:01:03 - [TEST_STEP][PASSED] - selectOptionByLabel(findTestObject(orPath_AddressContact + "/select_Country"), "United States", false): All options with label 'United States' are selected in object 'Object Repository/RAD_Pages/AddressAndContactInfo_Page/select_Country' 

2023-02-08 17:01:04 - [MESSAGE][PASSED] - All options with label 'United States' are selected in object 'Object Repository/RAD_Pages/AddressAndContactInfo_Page/select_Country' 

2023-02-08 17:01:04 - [TEST_STEP][PASSED] - setText(findTestObject(orPath_AddressContact + "/input_streetAddress1"), AL1): Text '114 Clark Ave' is set on object 'Object Repository/RAD_Pages/AddressAndContactInfo_Page/input_streetAddress1'

2023-02-08 17:01:05 - [MESSAGE][PASSED] - Text '114 Clark Ave' is set on object 'Object Repository/RAD_Pages/AddressAndContactInfo_Page/input_streetAddress1'

2023-02-08 17:01:05 - [TEST_STEP][PASSED] - setText(findTestObject(orPath_AddressContact + "/input_streetAddress2"), ""): Text '' is set on object 'Object Repository/RAD_Pages/AddressAndContactInfo_Page/input_streetAddress2'

2023-02-08 17:01:06 - [MESSAGE][PASSED] - Text '' is set on object 'Object Repository/RAD_Pages/AddressAndContactInfo_Page/input_streetAddress2'

2023-02-08 17:01:06 - [TEST_STEP][PASSED] - setText(findTestObject(orPath_AddressContact + "/input_city"), City): Text 'Severn' is set on object 'Object Repository/RAD_Pages/AddressAndContactInfo_Page/input_city'

2023-02-08 17:01:07 - [MESSAGE][PASSED] - Text 'Severn' is set on object 'Object Repository/RAD_Pages/AddressAndContactInfo_Page/input_city'

2023-02-08 17:01:07 - [TEST_STEP][PASSED] - selectOptionByLabel(findTestObject(orPath_AddressContact + "/select_State"), "Maryland", false): All options with label 'Maryland' are selected in object 'Object Repository/RAD_Pages/AddressAndContactInfo_Page/select_State' 

2023-02-08 17:01:08 - [MESSAGE][PASSED] - All options with label 'Maryland' are selected in object 'Object Repository/RAD_Pages/AddressAndContactInfo_Page/select_State' 

2023-02-08 17:01:08 - [TEST_STEP][PASSED] - setText(findTestObject(orPath_AddressContact + "/input_zipCode"), ZIP): Text '21144' is set on object 'Object Repository/RAD_Pages/AddressAndContactInfo_Page/input_zipCode'

2023-02-08 17:01:09 - [MESSAGE][PASSED] - Text '21144' is set on object 'Object Repository/RAD_Pages/AddressAndContactInfo_Page/input_zipCode'

2023-02-08 17:01:09 - [TEST_STEP][PASSED] - setText(findTestObject(orPath_AddressContact + "/input_phoneNumber"), "(703) 894-5000"): Text '(703) 894-5000' is set on object 'Object Repository/RAD_Pages/AddressAndContactInfo_Page/input_phoneNumber'

2023-02-08 17:01:09 - [MESSAGE][PASSED] - Text '(703) 894-5000' is set on object 'Object Repository/RAD_Pages/AddressAndContactInfo_Page/input_phoneNumber'

2023-02-08 17:01:09 - [TEST_STEP][PASSED] - setText(findTestObject(orPath_AddressContact + "/input_eMailAddress"), "iahmed@govolution.com"): Text 'iahmed@govolution.com' is set on object 'Object Repository/RAD_Pages/AddressAndContactInfo_Page/input_eMailAddress'

2023-02-08 17:01:10 - [MESSAGE][PASSED] - Text 'iahmed@govolution.com' is set on object 'Object Repository/RAD_Pages/AddressAndContactInfo_Page/input_eMailAddress'

2023-02-08 17:01:10 - [TEST_STEP][PASSED] - setText(findTestObject(orPath_AddressContact + "/input_reEnterEMailAddress"), "iahmed@govolution.com"): Text 'iahmed@govolution.com' is set on object 'Object Repository/RAD_Pages/AddressAndContactInfo_Page/input_reEnterEMailAddress'

2023-02-08 17:01:11 - [MESSAGE][PASSED] - Text 'iahmed@govolution.com' is set on object 'Object Repository/RAD_Pages/AddressAndContactInfo_Page/input_reEnterEMailAddress'

2023-02-08 17:01:11 - [TEST_STEP][PASSED] - setText(findTestObject(orPath_Amount + "/input__paymentAmount"), Amount): Text '100.00' is set on object 'Object Repository/RAD_Pages/PaymentAmount_Page/input__paymentAmount'

2023-02-08 17:01:12 - [MESSAGE][PASSED] - Text '100.00' is set on object 'Object Repository/RAD_Pages/PaymentAmount_Page/input__paymentAmount'

2023-02-08 17:01:12 - [TEST_STEP][PASSED] - scrollToElement(findTestObject(orPath_Landing + "/button_Continue"), 3): Scroll to object 'Object Repository/RAD_Pages/Landing_Page/button_Continue' successfully

2023-02-08 17:01:13 - [MESSAGE][PASSED] - Scroll to object 'Object Repository/RAD_Pages/Landing_Page/button_Continue' successfully

2023-02-08 17:01:13 - [TEST_STEP][PASSED] - waitForElementClickable(findTestObject(orPath_Landing + "/button_Continue"), 5): Object 'Object Repository/RAD_Pages/Landing_Page/button_Continue' is clickable

2023-02-08 17:01:13 - [MESSAGE][PASSED] - Object 'Object Repository/RAD_Pages/Landing_Page/button_Continue' is clickable

2023-02-08 17:01:13 - [TEST_STEP][PASSED] - click(findTestObject(orPath_Landing + "/button_Continue")): Object: 'Object Repository/RAD_Pages/Landing_Page/button_Continue' is clicked on

2023-02-08 17:01:14 - [MESSAGE][PASSED] - Object: 'Object Repository/RAD_Pages/Landing_Page/button_Continue' is clicked on

2023-02-08 17:01:14 - [TEST_STEP][PASSED] - verifyTextPresent("Review the information below and make any necessary corrections by clicking the", true): Text 'Review the information below and make any necessary corrections by clicking the' is present on page  using regular expression

2023-02-08 17:01:14 - [MESSAGE][PASSED] - Text 'Review the information below and make any necessary corrections by clicking the' is present on page  using regular expression

2023-02-08 17:01:14 - [TEST_STEP][PASSED] - verifyTextPresent("When you are confident that all the information is correct", true): Text 'When you are confident that all the information is correct' is present on page  using regular expression

2023-02-08 17:01:15 - [MESSAGE][PASSED] - Text 'When you are confident that all the information is correct' is present on page  using regular expression

2023-02-08 17:01:15 - [TEST_STEP][PASSED] - delay(1): Delayed 1 second(s)

2023-02-08 17:01:16 - [MESSAGE][PASSED] - Delayed 1 second(s)

2023-02-08 17:01:16 - [TEST_STEP][PASSED] - click(findTestObject(orPath_Summary + "/button_Proceed to Payment")): Object: 'Object Repository/RAD_Pages/Summary_Page/button_Proceed to Payment' is clicked on

2023-02-08 17:01:18 - [MESSAGE][PASSED] - Object: 'Object Repository/RAD_Pages/Summary_Page/button_Proceed to Payment' is clicked on

2023-02-08 17:01:18 - [TEST_STEP][PASSED] - if (PaymentType.equalsIgnoreCase("Corporate")): null

2023-02-08 17:01:18 - [TEST_STEP][PASSED] - setText(findTestObject(orPath_PaymentEntry + "/input__cardNumber"), CCNumber): Text '5146312200000035' is set on object 'Object Repository/RAD_Pages/PaymentEntry_Page/input__cardNumber'

2023-02-08 17:01:19 - [MESSAGE][PASSED] - Text '5146312200000035' is set on object 'Object Repository/RAD_Pages/PaymentEntry_Page/input__cardNumber'

2023-02-08 17:01:19 - [TEST_STEP][PASSED] - setText(findTestObject(orPath_PaymentEntry + "/input__spc"), CVV): Text '123' is set on object 'Object Repository/RAD_Pages/PaymentEntry_Page/input__spc'

2023-02-08 17:01:20 - [MESSAGE][PASSED] - Text '123' is set on object 'Object Repository/RAD_Pages/PaymentEntry_Page/input__spc'

2023-02-08 17:01:20 - [TEST_STEP][PASSED] - selectOptionByLabel(findTestObject(orPath_PaymentEntry + "/select_MM"), "12", false): All options with label '12' are selected in object 'Object Repository/RAD_Pages/PaymentEntry_Page/select_MM' 

2023-02-08 17:01:21 - [MESSAGE][PASSED] - All options with label '12' are selected in object 'Object Repository/RAD_Pages/PaymentEntry_Page/select_MM' 

2023-02-08 17:01:21 - [TEST_STEP][PASSED] - selectOptionByLabel(findTestObject(orPath_PaymentEntry + "/select_YYYY"), "2023", false): All options with label '2023' are selected in object 'Object Repository/RAD_Pages/PaymentEntry_Page/select_YYYY' 

2023-02-08 17:01:21 - [MESSAGE][PASSED] - All options with label '2023' are selected in object 'Object Repository/RAD_Pages/PaymentEntry_Page/select_YYYY' 

2023-02-08 17:01:21 - [TEST_STEP][PASSED] - click(findTestObject(orPath_PaymentEntry + "/input_Field_ccSubmit")): Object: 'Object Repository/RAD_Pages/PaymentEntry_Page/input_Field_ccSubmit' is clicked on

2023-02-08 17:01:22 - [MESSAGE][PASSED] - Object: 'Object Repository/RAD_Pages/PaymentEntry_Page/input_Field_ccSubmit' is clicked on

2023-02-08 17:01:22 - [TEST_STEP][PASSED] - click(findTestObject(orPath_PaymentConfirmation + "/input_N_confirmNotifyAction")): Object: 'Object Repository/RAD_Pages/PaymentConfirmation_Page/input_N_confirmNotifyAction' is clicked on

2023-02-08 17:01:24 - [MESSAGE][PASSED] - Object: 'Object Repository/RAD_Pages/PaymentConfirmation_Page/input_N_confirmNotifyAction' is clicked on

2023-02-08 17:01:24 - [TEST_STEP][PASSED] - click(findTestObject(orPath_ServiceFeesAccept + "/input_convFeeNotifyAction")): Object: 'Object Repository/RAD_Pages/ServiceFeeAccept_Page/input_convFeeNotifyAction' is clicked on

2023-02-08 17:01:25 - [MESSAGE][PASSED] - Object: 'Object Repository/RAD_Pages/ServiceFeeAccept_Page/input_convFeeNotifyAction' is clicked on

2023-02-08 17:01:25 - [TEST_STEP][PASSED] - delay(10): Delayed 10 second(s)

2023-02-08 17:01:35 - [MESSAGE][PASSED] - Delayed 10 second(s)

2023-02-08 17:01:35 - [TEST_STEP][PASSED] - verifyTextPresent("Successful Payment Receipt", true): Text 'Successful Payment Receipt' is present on page  using regular expression

2023-02-08 17:01:36 - [MESSAGE][PASSED] - Text 'Successful Payment Receipt' is present on page  using regular expression

2023-02-08 17:01:36 - [TEST_STEP][PASSED] - if (verifyTextPresent("Successful Payment Receipt", true)): null

2023-02-08 17:01:36 - [MESSAGE][PASSED] - Text 'Successful Payment Receipt' is present on page  using regular expression

2023-02-08 17:01:36 - [TEST_STEP][PASSED] - println("Transaction was Successful"): null

2023-02-08 17:01:36 - [TEST_STEP][PASSED] - out.println("Pass Record Number: " + row): null

2023-02-08 17:01:36 - [TEST_STEP][PASSED] - resText = "Pass": null

2023-02-08 17:01:36 - [TEST_STEP][PASSED] - pages.WriteExcel.demoKey(resText, datText, resColumn, datCloumn, fileLoc, nameSheet, row): pages.WriteExcel.demoKey is PASSED

2023-02-08 17:01:36 - [MESSAGE][PASSED] - pages.WriteExcel.demoKey is PASSED

2023-02-08 17:01:36 - [TEST_STEP][PASSED] - ExecuteTC = findTestData(dataFile).getValue("Execute", row): null

2023-02-08 17:01:36 - [TEST_STEP][PASSED] - PaymentType = findTestData(dataFile).getValue("PaymentType", row): null

2023-02-08 17:01:36 - [TEST_STEP][PASSED] - FilingYear = findTestData(dataFile).getValue("FilingYear", row): null

2023-02-08 17:01:36 - [TEST_STEP][PASSED] - PeriodEnding = findTestData(dataFile).getValue("PeriodEnding", row): null

2023-02-08 17:01:36 - [TEST_STEP][PASSED] - FName = findTestData(dataFile).getValue("Fname", row): null

2023-02-08 17:01:36 - [TEST_STEP][PASSED] - LName = findTestData(dataFile).getValue("Lname", row): null

2023-02-08 17:01:36 - [TEST_STEP][PASSED] - SSN = findTestData(dataFile).getValue("SSN", row): null

2023-02-08 17:01:36 - [TEST_STEP][PASSED] - BusName = findTestData(dataFile).getValue("BusName", row): null

2023-02-08 17:01:36 - [TEST_STEP][PASSED] - AL1 = findTestData(dataFile).getValue("AL1", row): null

2023-02-08 17:01:36 - [TEST_STEP][PASSED] - City = findTestData(dataFile).getValue("City", row): null

2023-02-08 17:01:36 - [TEST_STEP][PASSED] - ZIP = findTestData(dataFile).getValue("ZIP", row): null

2023-02-08 17:01:36 - [TEST_STEP][PASSED] - FilingType = findTestData(dataFile).getValue("FilingType", row): null

2023-02-08 17:01:36 - [TEST_STEP][PASSED] - Withholding = findTestData(dataFile).getValue("Withholding", row): null

2023-02-08 17:01:36 - [TEST_STEP][PASSED] - Amount = findTestData(dataFile).getValue("Amount", row): null

2023-02-08 17:01:36 - [TEST_STEP][PASSED] - CCNumber = findTestData(dataFile).getValue("CCNumber", row): null

2023-02-08 17:01:36 - [TEST_STEP][PASSED] - CVV = findTestData(dataFile).getValue("CVV", row): null

2023-02-08 17:01:37 - [TEST_STEP][PASSED] - out.println("Value of Execute is : " + ExecuteTC): null

2023-02-08 17:01:37 - [TEST_STEP][PASSED] - if (ExecuteTC.equalsIgnoreCase("Y")): null

2023-02-08 17:01:37 - [TEST_STEP][PASSED] - out.println("Begin Record Number: " + row): null

2023-02-08 17:01:37 - [TEST_STEP][PASSED] - today = new java.util.Date(): null

2023-02-08 17:01:37 - [TEST_STEP][PASSED] - println(today): null

2023-02-08 17:01:37 - [TEST_STEP][PASSED] - datText = today: null

2023-02-08 17:01:37 - [TEST_STEP][PASSED] - Taxtype = findTestData(dataFile).getValue("TaxType", row): null

2023-02-08 17:01:37 - [TEST_STEP][PASSED] - out.println("Taxtype value is : " + Taxtype): null

2023-02-08 17:01:37 - [TEST_STEP][PASSED] - openBrowser(""): Browser is opened with url: ''

2023-02-08 17:01:37 - [MESSAGE][WARNING] - A browser is already opened. Closing browser and opening a new one

2023-02-08 17:01:38 - [MESSAGE][INFO] - Starting 'Chrome' driver

2023-02-08 17:01:38 - [MESSAGE][INFO] - User set preference: ['acceptInsecureCerts', 'true']

2023-02-08 17:01:38 - [MESSAGE][INFO] - Action delay is set to 0 milliseconds

2023-02-08 17:01:39 - [MESSAGE][PASSED] - Browser is opened with url: ''

2023-02-08 17:01:39 - [TEST_STEP][PASSED] - maximizeWindow(): Current window maximized

2023-02-08 17:01:39 - [MESSAGE][PASSED] - Current window maximized

2023-02-08 17:01:39 - [TEST_STEP][PASSED] - navigateToUrl(RADurl): Navigate to 'https://qa.velocitypayment.com/client/rad/index.html' successfully

2023-02-08 17:01:41 - [MESSAGE][PASSED] - Navigate to 'https://qa.velocitypayment.com/client/rad/index.html' successfully

2023-02-08 17:01:41 - [TEST_STEP][PASSED] - orPath_Landing = "Object Repository/RAD_Pages/Landing_Page": null

2023-02-08 17:01:41 - [TEST_STEP][PASSED] - orPath_TaxTypeFilingYear = "Object Repository/RAD_Pages/TaxTypeFilingYear_Page": null

2023-02-08 17:01:41 - [TEST_STEP][PASSED] - orPath_TaxPayer = "Object Repository/RAD_Pages/Taxpayer_Page": null

2023-02-08 17:01:41 - [TEST_STEP][PASSED] - orPath_AddressContact = "Object Repository/RAD_Pages/AddressAndContactInfo_Page": null

2023-02-08 17:01:41 - [TEST_STEP][PASSED] - orPath_FilingStatus = "Object Repository/RAD_Pages/FilingStatus_Page": null

2023-02-08 17:01:41 - [TEST_STEP][PASSED] - orPath_Amount = "Object Repository/RAD_Pages/PaymentAmount_Page": null

2023-02-08 17:01:41 - [TEST_STEP][PASSED] - orPath_TaxInfo = "Object Repository/RAD_Pages/TaxInfo_Page": null

2023-02-08 17:01:41 - [TEST_STEP][PASSED] - orPath_Withholding = "Object Repository/RAD_Pages/Withholding_Page": null

2023-02-08 17:01:41 - [TEST_STEP][PASSED] - orPath_Summary = "Object Repository/RAD_Pages/Summary_Page": null

2023-02-08 17:01:41 - [TEST_STEP][PASSED] - orPath_PaymentReady = "Object Repository/RAD_Pages/PaymentReady_Page": null

2023-02-08 17:01:41 - [TEST_STEP][PASSED] - orPath_PaymentEntry = "Object Repository/RAD_Pages/PaymentEntry_Page": null

2023-02-08 17:01:41 - [TEST_STEP][PASSED] - orPath_PaymentConfirmation = "Object Repository/RAD_Pages/PaymentConfirmation_Page": null

2023-02-08 17:01:41 - [TEST_STEP][PASSED] - orPath_ServiceFeesAccept = "Object Repository/RAD_Pages/ServiceFeeAccept_Page": null

2023-02-08 17:01:41 - [TEST_STEP][PASSED] - selectOptionByLabel(findTestObject(orPath_Landing + "/dd_TaxType"), Taxtype, false): All options with label 'Withholding Tax' are selected in object 'Object Repository/RAD_Pages/Landing_Page/dd_TaxType' 

2023-02-08 17:01:42 - [MESSAGE][PASSED] - All options with label 'Withholding Tax' are selected in object 'Object Repository/RAD_Pages/Landing_Page/dd_TaxType' 

2023-02-08 17:01:42 - [TEST_STEP][PASSED] - delay(3): Delayed 3 second(s)

2023-02-08 17:01:45 - [MESSAGE][PASSED] - Delayed 3 second(s)

2023-02-08 17:01:45 - [TEST_STEP][PASSED] - switch (Taxtype): null

2023-02-08 17:01:45 - [TEST_STEP][PASSED] - case "Withholding Tax":: null

2023-02-08 17:01:45 - [TEST_STEP][PASSED] - selectOptionByLabel(findTestObject(orPath_TaxTypeFilingYear + "/select_FilingYear"), FilingYear, false): All options with label '2023' are selected in object 'Object Repository/RAD_Pages/TaxTypeFilingYear_Page/select_FilingYear' 

2023-02-08 17:01:46 - [MESSAGE][PASSED] - All options with label '2023' are selected in object 'Object Repository/RAD_Pages/TaxTypeFilingYear_Page/select_FilingYear' 

2023-02-08 17:01:46 - [TEST_STEP][PASSED] - setText(findTestObject(orPath_TaxPayer + "/input_businessName"), BusName): Text 'Lux & Sons Corporation' is set on object 'Object Repository/RAD_Pages/Taxpayer_Page/input_businessName'

2023-02-08 17:01:47 - [MESSAGE][PASSED] - Text 'Lux & Sons Corporation' is set on object 'Object Repository/RAD_Pages/Taxpayer_Page/input_businessName'

2023-02-08 17:01:47 - [TEST_STEP][PASSED] - setText(findTestObject(orPath_TaxPayer + "/input_firstName"), FName): Text 'Jimmie' is set on object 'Object Repository/RAD_Pages/Taxpayer_Page/input_firstName'

2023-02-08 17:01:48 - [MESSAGE][PASSED] - Text 'Jimmie' is set on object 'Object Repository/RAD_Pages/Taxpayer_Page/input_firstName'

2023-02-08 17:01:48 - [TEST_STEP][PASSED] - setText(findTestObject(orPath_TaxPayer + "/input_lastName"), LName): Text 'Anderson' is set on object 'Object Repository/RAD_Pages/Taxpayer_Page/input_lastName'

2023-02-08 17:01:49 - [MESSAGE][PASSED] - Text 'Anderson' is set on object 'Object Repository/RAD_Pages/Taxpayer_Page/input_lastName'

2023-02-08 17:01:49 - [TEST_STEP][PASSED] - setEncryptedText(findTestObject(orPath_TaxInfo + "/input_FederalEIN"), "xLVb905G4/sGR8qgNWNzNQ=="): Text ****** has been set on object 'Object Repository/RAD_Pages/TaxInfo_Page/input_FederalEIN'

2023-02-08 17:01:49 - [MESSAGE][PASSED] - Text ****** has been set on object 'Object Repository/RAD_Pages/TaxInfo_Page/input_FederalEIN'

2023-02-08 17:01:49 - [TEST_STEP][PASSED] - setEncryptedText(findTestObject(orPath_TaxInfo + "/input_FederalEIN_ReEnter"), "xLVb905G4/sGR8qgNWNzNQ=="): Text ****** has been set on object 'Object Repository/RAD_Pages/TaxInfo_Page/input_FederalEIN_ReEnter'

2023-02-08 17:01:50 - [MESSAGE][PASSED] - Text ****** has been set on object 'Object Repository/RAD_Pages/TaxInfo_Page/input_FederalEIN_ReEnter'

2023-02-08 17:01:50 - [TEST_STEP][PASSED] - setText(findTestObject(orPath_TaxInfo + "/input_MDCRegistration"), "07640126"): Text '07640126' is set on object 'Object Repository/RAD_Pages/TaxInfo_Page/input_MDCRegistration'

2023-02-08 17:01:51 - [MESSAGE][PASSED] - Text '07640126' is set on object 'Object Repository/RAD_Pages/TaxInfo_Page/input_MDCRegistration'

2023-02-08 17:01:51 - [TEST_STEP][PASSED] - if (Withholding.equalsIgnoreCase("Y")): null

2023-02-08 17:01:51 - [TEST_STEP][PASSED] - else: Text '10.50' is set on object 'Object Repository/RAD_Pages/Withholding_Page/input__WithholdingTaxReported'

2023-02-08 17:01:51 - [TEST_STEP][PASSED] - check(findTestObject(orPath_Withholding + "/input_acceleratedBasis_No")): Object 'Object Repository/RAD_Pages/Withholding_Page/input_acceleratedBasis_No' is checked

2023-02-08 17:01:51 - [MESSAGE][PASSED] - Object 'Object Repository/RAD_Pages/Withholding_Page/input_acceleratedBasis_No' is checked

2023-02-08 17:01:51 - [TEST_STEP][PASSED] - delay(3): Delayed 3 second(s)

2023-02-08 17:01:54 - [MESSAGE][PASSED] - Delayed 3 second(s)

2023-02-08 17:01:54 - [TEST_STEP][PASSED] - selectOptionByLabel(findTestObject(orPath_Withholding + "/select_Month"), "January", false): All options with label 'January' are selected in object 'Object Repository/RAD_Pages/Withholding_Page/select_Month' 

2023-02-08 17:01:55 - [MESSAGE][PASSED] - All options with label 'January' are selected in object 'Object Repository/RAD_Pages/Withholding_Page/select_Month' 

2023-02-08 17:01:55 - [TEST_STEP][PASSED] - setText(findTestObject(orPath_Withholding + "/input__WithholdingTaxReported"), "10.50"): Text '10.50' is set on object 'Object Repository/RAD_Pages/Withholding_Page/input__WithholdingTaxReported'

2023-02-08 17:01:56 - [MESSAGE][PASSED] - Text '10.50' is set on object 'Object Repository/RAD_Pages/Withholding_Page/input__WithholdingTaxReported'

2023-02-08 17:01:56 - [TEST_STEP][PASSED] - break: null

2023-02-08 17:01:56 - [TEST_STEP][PASSED] - if (PaymentType.equalsIgnoreCase("Personal")): null

2023-02-08 17:01:56 - [TEST_STEP][PASSED] - selectOptionByLabel(findTestObject(orPath_AddressContact + "/select_Country"), "United States", false): All options with label 'United States' are selected in object 'Object Repository/RAD_Pages/AddressAndContactInfo_Page/select_Country' 

2023-02-08 17:01:57 - [MESSAGE][PASSED] - All options with label 'United States' are selected in object 'Object Repository/RAD_Pages/AddressAndContactInfo_Page/select_Country' 

2023-02-08 17:01:57 - [TEST_STEP][PASSED] - setText(findTestObject(orPath_AddressContact + "/input_streetAddress1"), AL1): Text '15 Main Street' is set on object 'Object Repository/RAD_Pages/AddressAndContactInfo_Page/input_streetAddress1'

2023-02-08 17:01:58 - [MESSAGE][PASSED] - Text '15 Main Street' is set on object 'Object Repository/RAD_Pages/AddressAndContactInfo_Page/input_streetAddress1'

2023-02-08 17:01:58 - [TEST_STEP][PASSED] - setText(findTestObject(orPath_AddressContact + "/input_streetAddress2"), ""): Text '' is set on object 'Object Repository/RAD_Pages/AddressAndContactInfo_Page/input_streetAddress2'

2023-02-08 17:01:59 - [MESSAGE][PASSED] - Text '' is set on object 'Object Repository/RAD_Pages/AddressAndContactInfo_Page/input_streetAddress2'

2023-02-08 17:01:59 - [TEST_STEP][PASSED] - setText(findTestObject(orPath_AddressContact + "/input_city"), City): Text 'Gambrills' is set on object 'Object Repository/RAD_Pages/AddressAndContactInfo_Page/input_city'

2023-02-08 17:02:00 - [MESSAGE][PASSED] - Text 'Gambrills' is set on object 'Object Repository/RAD_Pages/AddressAndContactInfo_Page/input_city'

2023-02-08 17:02:00 - [TEST_STEP][PASSED] - selectOptionByLabel(findTestObject(orPath_AddressContact + "/select_State"), "Maryland", false): All options with label 'Maryland' are selected in object 'Object Repository/RAD_Pages/AddressAndContactInfo_Page/select_State' 

2023-02-08 17:02:01 - [MESSAGE][PASSED] - All options with label 'Maryland' are selected in object 'Object Repository/RAD_Pages/AddressAndContactInfo_Page/select_State' 

2023-02-08 17:02:01 - [TEST_STEP][PASSED] - setText(findTestObject(orPath_AddressContact + "/input_zipCode"), ZIP): Text '21054' is set on object 'Object Repository/RAD_Pages/AddressAndContactInfo_Page/input_zipCode'

2023-02-08 17:02:02 - [MESSAGE][PASSED] - Text '21054' is set on object 'Object Repository/RAD_Pages/AddressAndContactInfo_Page/input_zipCode'

2023-02-08 17:02:02 - [TEST_STEP][PASSED] - setText(findTestObject(orPath_AddressContact + "/input_phoneNumber"), "(703) 894-5000"): Text '(703) 894-5000' is set on object 'Object Repository/RAD_Pages/AddressAndContactInfo_Page/input_phoneNumber'

2023-02-08 17:02:03 - [MESSAGE][PASSED] - Text '(703) 894-5000' is set on object 'Object Repository/RAD_Pages/AddressAndContactInfo_Page/input_phoneNumber'

2023-02-08 17:02:03 - [TEST_STEP][PASSED] - setText(findTestObject(orPath_AddressContact + "/input_eMailAddress"), "iahmed@govolution.com"): Text 'iahmed@govolution.com' is set on object 'Object Repository/RAD_Pages/AddressAndContactInfo_Page/input_eMailAddress'

2023-02-08 17:02:03 - [MESSAGE][PASSED] - Text 'iahmed@govolution.com' is set on object 'Object Repository/RAD_Pages/AddressAndContactInfo_Page/input_eMailAddress'

2023-02-08 17:02:03 - [TEST_STEP][PASSED] - setText(findTestObject(orPath_AddressContact + "/input_reEnterEMailAddress"), "iahmed@govolution.com"): Text 'iahmed@govolution.com' is set on object 'Object Repository/RAD_Pages/AddressAndContactInfo_Page/input_reEnterEMailAddress'

2023-02-08 17:02:05 - [MESSAGE][PASSED] - Text 'iahmed@govolution.com' is set on object 'Object Repository/RAD_Pages/AddressAndContactInfo_Page/input_reEnterEMailAddress'

2023-02-08 17:02:05 - [TEST_STEP][PASSED] - setText(findTestObject(orPath_Amount + "/input__paymentAmount"), Amount): Text '100.00' is set on object 'Object Repository/RAD_Pages/PaymentAmount_Page/input__paymentAmount'

2023-02-08 17:02:05 - [MESSAGE][PASSED] - Text '100.00' is set on object 'Object Repository/RAD_Pages/PaymentAmount_Page/input__paymentAmount'

2023-02-08 17:02:05 - [TEST_STEP][PASSED] - scrollToElement(findTestObject(orPath_Landing + "/button_Continue"), 3): Scroll to object 'Object Repository/RAD_Pages/Landing_Page/button_Continue' successfully

2023-02-08 17:02:06 - [MESSAGE][PASSED] - Scroll to object 'Object Repository/RAD_Pages/Landing_Page/button_Continue' successfully

2023-02-08 17:02:06 - [TEST_STEP][PASSED] - waitForElementClickable(findTestObject(orPath_Landing + "/button_Continue"), 5): Object 'Object Repository/RAD_Pages/Landing_Page/button_Continue' is clickable

2023-02-08 17:02:06 - [MESSAGE][PASSED] - Object 'Object Repository/RAD_Pages/Landing_Page/button_Continue' is clickable

2023-02-08 17:02:06 - [TEST_STEP][PASSED] - click(findTestObject(orPath_Landing + "/button_Continue")): Object: 'Object Repository/RAD_Pages/Landing_Page/button_Continue' is clicked on

2023-02-08 17:02:07 - [MESSAGE][PASSED] - Object: 'Object Repository/RAD_Pages/Landing_Page/button_Continue' is clicked on

2023-02-08 17:02:07 - [TEST_STEP][PASSED] - verifyTextPresent("Review the information below and make any necessary corrections by clicking the", true): Text 'Review the information below and make any necessary corrections by clicking the' is present on page  using regular expression

2023-02-08 17:02:07 - [MESSAGE][PASSED] - Text 'Review the information below and make any necessary corrections by clicking the' is present on page  using regular expression

2023-02-08 17:02:07 - [TEST_STEP][PASSED] - verifyTextPresent("When you are confident that all the information is correct", true): Text 'When you are confident that all the information is correct' is present on page  using regular expression

2023-02-08 17:02:08 - [MESSAGE][PASSED] - Text 'When you are confident that all the information is correct' is present on page  using regular expression

2023-02-08 17:02:08 - [TEST_STEP][PASSED] - delay(1): Delayed 1 second(s)

2023-02-08 17:02:09 - [MESSAGE][PASSED] - Delayed 1 second(s)

2023-02-08 17:02:09 - [TEST_STEP][PASSED] - click(findTestObject(orPath_Summary + "/button_Proceed to Payment")): Object: 'Object Repository/RAD_Pages/Summary_Page/button_Proceed to Payment' is clicked on

2023-02-08 17:02:11 - [MESSAGE][PASSED] - Object: 'Object Repository/RAD_Pages/Summary_Page/button_Proceed to Payment' is clicked on

2023-02-08 17:02:11 - [TEST_STEP][PASSED] - if (PaymentType.equalsIgnoreCase("Corporate")): null

2023-02-08 17:02:11 - [TEST_STEP][PASSED] - setText(findTestObject(orPath_PaymentEntry + "/input__cardNumber"), CCNumber): Text '6011000993026909' is set on object 'Object Repository/RAD_Pages/PaymentEntry_Page/input__cardNumber'

2023-02-08 17:02:12 - [MESSAGE][PASSED] - Text '6011000993026909' is set on object 'Object Repository/RAD_Pages/PaymentEntry_Page/input__cardNumber'

2023-02-08 17:02:12 - [TEST_STEP][PASSED] - setText(findTestObject(orPath_PaymentEntry + "/input__spc"), CVV): Text '123' is set on object 'Object Repository/RAD_Pages/PaymentEntry_Page/input__spc'

2023-02-08 17:02:13 - [MESSAGE][PASSED] - Text '123' is set on object 'Object Repository/RAD_Pages/PaymentEntry_Page/input__spc'

2023-02-08 17:02:13 - [TEST_STEP][PASSED] - selectOptionByLabel(findTestObject(orPath_PaymentEntry + "/select_MM"), "12", false): All options with label '12' are selected in object 'Object Repository/RAD_Pages/PaymentEntry_Page/select_MM' 

2023-02-08 17:02:14 - [MESSAGE][PASSED] - All options with label '12' are selected in object 'Object Repository/RAD_Pages/PaymentEntry_Page/select_MM' 

2023-02-08 17:02:14 - [TEST_STEP][PASSED] - selectOptionByLabel(findTestObject(orPath_PaymentEntry + "/select_YYYY"), "2023", false): All options with label '2023' are selected in object 'Object Repository/RAD_Pages/PaymentEntry_Page/select_YYYY' 

2023-02-08 17:02:15 - [MESSAGE][PASSED] - All options with label '2023' are selected in object 'Object Repository/RAD_Pages/PaymentEntry_Page/select_YYYY' 

2023-02-08 17:02:15 - [TEST_STEP][PASSED] - click(findTestObject(orPath_PaymentEntry + "/input_Field_ccSubmit")): Object: 'Object Repository/RAD_Pages/PaymentEntry_Page/input_Field_ccSubmit' is clicked on

2023-02-08 17:02:16 - [MESSAGE][PASSED] - Object: 'Object Repository/RAD_Pages/PaymentEntry_Page/input_Field_ccSubmit' is clicked on

2023-02-08 17:02:16 - [TEST_STEP][PASSED] - click(findTestObject(orPath_PaymentConfirmation + "/input_N_confirmNotifyAction")): Object: 'Object Repository/RAD_Pages/PaymentConfirmation_Page/input_N_confirmNotifyAction' is clicked on

2023-02-08 17:02:17 - [MESSAGE][PASSED] - Object: 'Object Repository/RAD_Pages/PaymentConfirmation_Page/input_N_confirmNotifyAction' is clicked on

2023-02-08 17:02:17 - [TEST_STEP][PASSED] - click(findTestObject(orPath_ServiceFeesAccept + "/input_convFeeNotifyAction")): Object: 'Object Repository/RAD_Pages/ServiceFeeAccept_Page/input_convFeeNotifyAction' is clicked on

2023-02-08 17:02:18 - [MESSAGE][PASSED] - Object: 'Object Repository/RAD_Pages/ServiceFeeAccept_Page/input_convFeeNotifyAction' is clicked on

2023-02-08 17:02:18 - [TEST_STEP][PASSED] - delay(10): Delayed 10 second(s)

2023-02-08 17:02:28 - [MESSAGE][PASSED] - Delayed 10 second(s)

2023-02-08 17:02:28 - [TEST_STEP][PASSED] - verifyTextPresent("Successful Payment Receipt", true): Text 'Successful Payment Receipt' is present on page  using regular expression

2023-02-08 17:02:29 - [MESSAGE][PASSED] - Text 'Successful Payment Receipt' is present on page  using regular expression

2023-02-08 17:02:29 - [TEST_STEP][PASSED] - if (verifyTextPresent("Successful Payment Receipt", true)): null

2023-02-08 17:02:29 - [MESSAGE][PASSED] - Text 'Successful Payment Receipt' is present on page  using regular expression

2023-02-08 17:02:29 - [TEST_STEP][PASSED] - println("Transaction was Successful"): null

2023-02-08 17:02:29 - [TEST_STEP][PASSED] - out.println("Pass Record Number: " + row): null

2023-02-08 17:02:29 - [TEST_STEP][PASSED] - resText = "Pass": null

2023-02-08 17:02:29 - [TEST_STEP][PASSED] - pages.WriteExcel.demoKey(resText, datText, resColumn, datCloumn, fileLoc, nameSheet, row): pages.WriteExcel.demoKey is PASSED

2023-02-08 17:02:29 - [MESSAGE][PASSED] - pages.WriteExcel.demoKey is PASSED

2023-02-08 17:02:29 - [TEST_STEP][PASSED] - ExecuteTC = findTestData(dataFile).getValue("Execute", row): null

2023-02-08 17:02:29 - [TEST_STEP][PASSED] - PaymentType = findTestData(dataFile).getValue("PaymentType", row): null

2023-02-08 17:02:29 - [TEST_STEP][PASSED] - FilingYear = findTestData(dataFile).getValue("FilingYear", row): null

2023-02-08 17:02:29 - [TEST_STEP][PASSED] - PeriodEnding = findTestData(dataFile).getValue("PeriodEnding", row): null

2023-02-08 17:02:29 - [TEST_STEP][PASSED] - FName = findTestData(dataFile).getValue("Fname", row): null

2023-02-08 17:02:29 - [TEST_STEP][PASSED] - LName = findTestData(dataFile).getValue("Lname", row): null

2023-02-08 17:02:29 - [TEST_STEP][PASSED] - SSN = findTestData(dataFile).getValue("SSN", row): null

2023-02-08 17:02:29 - [TEST_STEP][PASSED] - BusName = findTestData(dataFile).getValue("BusName", row): null

2023-02-08 17:02:29 - [TEST_STEP][PASSED] - AL1 = findTestData(dataFile).getValue("AL1", row): null

2023-02-08 17:02:29 - [TEST_STEP][PASSED] - City = findTestData(dataFile).getValue("City", row): null

2023-02-08 17:02:29 - [TEST_STEP][PASSED] - ZIP = findTestData(dataFile).getValue("ZIP", row): null

2023-02-08 17:02:30 - [TEST_STEP][PASSED] - FilingType = findTestData(dataFile).getValue("FilingType", row): null

2023-02-08 17:02:30 - [TEST_STEP][PASSED] - Withholding = findTestData(dataFile).getValue("Withholding", row): null

2023-02-08 17:02:30 - [TEST_STEP][PASSED] - Amount = findTestData(dataFile).getValue("Amount", row): null

2023-02-08 17:02:30 - [TEST_STEP][PASSED] - CCNumber = findTestData(dataFile).getValue("CCNumber", row): null

2023-02-08 17:02:30 - [TEST_STEP][PASSED] - CVV = findTestData(dataFile).getValue("CVV", row): null

2023-02-08 17:02:30 - [TEST_STEP][PASSED] - out.println("Value of Execute is : " + ExecuteTC): null

2023-02-08 17:02:30 - [TEST_STEP][PASSED] - if (ExecuteTC.equalsIgnoreCase("Y")): null

2023-02-08 17:02:30 - [TEST_STEP][PASSED] - out.println("Begin Record Number: " + row): null

2023-02-08 17:02:30 - [TEST_STEP][PASSED] - today = new java.util.Date(): null

2023-02-08 17:02:30 - [TEST_STEP][PASSED] - println(today): null

2023-02-08 17:02:30 - [TEST_STEP][PASSED] - datText = today: null

2023-02-08 17:02:30 - [TEST_STEP][PASSED] - Taxtype = findTestData(dataFile).getValue("TaxType", row): null

2023-02-08 17:02:30 - [TEST_STEP][PASSED] - out.println("Taxtype value is : " + Taxtype): null

2023-02-08 17:02:30 - [TEST_STEP][PASSED] - openBrowser(""): Browser is opened with url: ''

2023-02-08 17:02:30 - [MESSAGE][WARNING] - A browser is already opened. Closing browser and opening a new one

2023-02-08 17:02:31 - [MESSAGE][INFO] - Starting 'Chrome' driver

2023-02-08 17:02:31 - [MESSAGE][INFO] - User set preference: ['acceptInsecureCerts', 'true']

2023-02-08 17:02:31 - [MESSAGE][INFO] - Action delay is set to 0 milliseconds

2023-02-08 17:02:32 - [MESSAGE][PASSED] - Browser is opened with url: ''

2023-02-08 17:02:32 - [TEST_STEP][PASSED] - maximizeWindow(): Current window maximized

2023-02-08 17:02:32 - [MESSAGE][PASSED] - Current window maximized

2023-02-08 17:02:32 - [TEST_STEP][PASSED] - navigateToUrl(RADurl): Navigate to 'https://qa.velocitypayment.com/client/rad/index.html' successfully

2023-02-08 17:02:34 - [MESSAGE][PASSED] - Navigate to 'https://qa.velocitypayment.com/client/rad/index.html' successfully

2023-02-08 17:02:34 - [TEST_STEP][PASSED] - orPath_Landing = "Object Repository/RAD_Pages/Landing_Page": null

2023-02-08 17:02:34 - [TEST_STEP][PASSED] - orPath_TaxTypeFilingYear = "Object Repository/RAD_Pages/TaxTypeFilingYear_Page": null

2023-02-08 17:02:34 - [TEST_STEP][PASSED] - orPath_TaxPayer = "Object Repository/RAD_Pages/Taxpayer_Page": null

2023-02-08 17:02:34 - [TEST_STEP][PASSED] - orPath_AddressContact = "Object Repository/RAD_Pages/AddressAndContactInfo_Page": null

2023-02-08 17:02:34 - [TEST_STEP][PASSED] - orPath_FilingStatus = "Object Repository/RAD_Pages/FilingStatus_Page": null

2023-02-08 17:02:34 - [TEST_STEP][PASSED] - orPath_Amount = "Object Repository/RAD_Pages/PaymentAmount_Page": null

2023-02-08 17:02:34 - [TEST_STEP][PASSED] - orPath_TaxInfo = "Object Repository/RAD_Pages/TaxInfo_Page": null

2023-02-08 17:02:34 - [TEST_STEP][PASSED] - orPath_Withholding = "Object Repository/RAD_Pages/Withholding_Page": null

2023-02-08 17:02:34 - [TEST_STEP][PASSED] - orPath_Summary = "Object Repository/RAD_Pages/Summary_Page": null

2023-02-08 17:02:34 - [TEST_STEP][PASSED] - orPath_PaymentReady = "Object Repository/RAD_Pages/PaymentReady_Page": null

2023-02-08 17:02:34 - [TEST_STEP][PASSED] - orPath_PaymentEntry = "Object Repository/RAD_Pages/PaymentEntry_Page": null

2023-02-08 17:02:34 - [TEST_STEP][PASSED] - orPath_PaymentConfirmation = "Object Repository/RAD_Pages/PaymentConfirmation_Page": null

2023-02-08 17:02:34 - [TEST_STEP][PASSED] - orPath_ServiceFeesAccept = "Object Repository/RAD_Pages/ServiceFeeAccept_Page": null

2023-02-08 17:02:34 - [TEST_STEP][PASSED] - selectOptionByLabel(findTestObject(orPath_Landing + "/dd_TaxType"), Taxtype, false): All options with label 'Withholding Tax' are selected in object 'Object Repository/RAD_Pages/Landing_Page/dd_TaxType' 

2023-02-08 17:02:35 - [MESSAGE][PASSED] - All options with label 'Withholding Tax' are selected in object 'Object Repository/RAD_Pages/Landing_Page/dd_TaxType' 

2023-02-08 17:02:35 - [TEST_STEP][PASSED] - delay(3): Delayed 3 second(s)

2023-02-08 17:02:38 - [MESSAGE][PASSED] - Delayed 3 second(s)

2023-02-08 17:02:38 - [TEST_STEP][PASSED] - switch (Taxtype): null

2023-02-08 17:02:38 - [TEST_STEP][PASSED] - case "Withholding Tax":: null

2023-02-08 17:02:38 - [TEST_STEP][PASSED] - selectOptionByLabel(findTestObject(orPath_TaxTypeFilingYear + "/select_FilingYear"), FilingYear, false): All options with label '2022' are selected in object 'Object Repository/RAD_Pages/TaxTypeFilingYear_Page/select_FilingYear' 

2023-02-08 17:02:39 - [MESSAGE][PASSED] - All options with label '2022' are selected in object 'Object Repository/RAD_Pages/TaxTypeFilingYear_Page/select_FilingYear' 

2023-02-08 17:02:39 - [TEST_STEP][PASSED] - setText(findTestObject(orPath_TaxPayer + "/input_businessName"), BusName): Text 'O'Briens Garage' is set on object 'Object Repository/RAD_Pages/Taxpayer_Page/input_businessName'

2023-02-08 17:02:40 - [MESSAGE][PASSED] - Text 'O'Briens Garage' is set on object 'Object Repository/RAD_Pages/Taxpayer_Page/input_businessName'

2023-02-08 17:02:40 - [TEST_STEP][PASSED] - setText(findTestObject(orPath_TaxPayer + "/input_firstName"), FName): Text 'O'Briens' is set on object 'Object Repository/RAD_Pages/Taxpayer_Page/input_firstName'

2023-02-08 17:02:40 - [MESSAGE][PASSED] - Text 'O'Briens' is set on object 'Object Repository/RAD_Pages/Taxpayer_Page/input_firstName'

2023-02-08 17:02:40 - [TEST_STEP][PASSED] - setText(findTestObject(orPath_TaxPayer + "/input_lastName"), LName): Text 'Cook' is set on object 'Object Repository/RAD_Pages/Taxpayer_Page/input_lastName'

2023-02-08 17:02:41 - [MESSAGE][PASSED] - Text 'Cook' is set on object 'Object Repository/RAD_Pages/Taxpayer_Page/input_lastName'

2023-02-08 17:02:41 - [TEST_STEP][PASSED] - setEncryptedText(findTestObject(orPath_TaxInfo + "/input_FederalEIN"), "xLVb905G4/sGR8qgNWNzNQ=="): Text ****** has been set on object 'Object Repository/RAD_Pages/TaxInfo_Page/input_FederalEIN'

2023-02-08 17:02:42 - [MESSAGE][PASSED] - Text ****** has been set on object 'Object Repository/RAD_Pages/TaxInfo_Page/input_FederalEIN'

2023-02-08 17:02:42 - [TEST_STEP][PASSED] - setEncryptedText(findTestObject(orPath_TaxInfo + "/input_FederalEIN_ReEnter"), "xLVb905G4/sGR8qgNWNzNQ=="): Text ****** has been set on object 'Object Repository/RAD_Pages/TaxInfo_Page/input_FederalEIN_ReEnter'

2023-02-08 17:02:43 - [MESSAGE][PASSED] - Text ****** has been set on object 'Object Repository/RAD_Pages/TaxInfo_Page/input_FederalEIN_ReEnter'

2023-02-08 17:02:43 - [TEST_STEP][PASSED] - setText(findTestObject(orPath_TaxInfo + "/input_MDCRegistration"), "07640126"): Text '07640126' is set on object 'Object Repository/RAD_Pages/TaxInfo_Page/input_MDCRegistration'

2023-02-08 17:02:44 - [MESSAGE][PASSED] - Text '07640126' is set on object 'Object Repository/RAD_Pages/TaxInfo_Page/input_MDCRegistration'

2023-02-08 17:02:44 - [TEST_STEP][PASSED] - if (Withholding.equalsIgnoreCase("Y")): null

2023-02-08 17:02:44 - [TEST_STEP][PASSED] - else: Text '10.50' is set on object 'Object Repository/RAD_Pages/Withholding_Page/input__WithholdingTaxReported'

2023-02-08 17:02:44 - [TEST_STEP][PASSED] - check(findTestObject(orPath_Withholding + "/input_acceleratedBasis_No")): Object 'Object Repository/RAD_Pages/Withholding_Page/input_acceleratedBasis_No' is checked

2023-02-08 17:02:44 - [MESSAGE][PASSED] - Object 'Object Repository/RAD_Pages/Withholding_Page/input_acceleratedBasis_No' is checked

2023-02-08 17:02:44 - [TEST_STEP][PASSED] - delay(3): Delayed 3 second(s)

2023-02-08 17:02:47 - [MESSAGE][PASSED] - Delayed 3 second(s)

2023-02-08 17:02:47 - [TEST_STEP][PASSED] - selectOptionByLabel(findTestObject(orPath_Withholding + "/select_Month"), "January", false): All options with label 'January' are selected in object 'Object Repository/RAD_Pages/Withholding_Page/select_Month' 

2023-02-08 17:02:48 - [MESSAGE][PASSED] - All options with label 'January' are selected in object 'Object Repository/RAD_Pages/Withholding_Page/select_Month' 

2023-02-08 17:02:48 - [TEST_STEP][PASSED] - setText(findTestObject(orPath_Withholding + "/input__WithholdingTaxReported"), "10.50"): Text '10.50' is set on object 'Object Repository/RAD_Pages/Withholding_Page/input__WithholdingTaxReported'

2023-02-08 17:02:49 - [MESSAGE][PASSED] - Text '10.50' is set on object 'Object Repository/RAD_Pages/Withholding_Page/input__WithholdingTaxReported'

2023-02-08 17:02:49 - [TEST_STEP][PASSED] - break: null

2023-02-08 17:02:49 - [TEST_STEP][PASSED] - if (PaymentType.equalsIgnoreCase("Personal")): null

2023-02-08 17:02:49 - [TEST_STEP][PASSED] - selectOptionByLabel(findTestObject(orPath_AddressContact + "/select_Country"), "United States", false): All options with label 'United States' are selected in object 'Object Repository/RAD_Pages/AddressAndContactInfo_Page/select_Country' 

2023-02-08 17:02:50 - [MESSAGE][PASSED] - All options with label 'United States' are selected in object 'Object Repository/RAD_Pages/AddressAndContactInfo_Page/select_Country' 

2023-02-08 17:02:50 - [TEST_STEP][PASSED] - setText(findTestObject(orPath_AddressContact + "/input_streetAddress1"), AL1): Text '3652 Mandan road' is set on object 'Object Repository/RAD_Pages/AddressAndContactInfo_Page/input_streetAddress1'

2023-02-08 17:02:51 - [MESSAGE][PASSED] - Text '3652 Mandan road' is set on object 'Object Repository/RAD_Pages/AddressAndContactInfo_Page/input_streetAddress1'

2023-02-08 17:02:51 - [TEST_STEP][PASSED] - setText(findTestObject(orPath_AddressContact + "/input_streetAddress2"), ""): Text '' is set on object 'Object Repository/RAD_Pages/AddressAndContactInfo_Page/input_streetAddress2'

2023-02-08 17:02:52 - [MESSAGE][PASSED] - Text '' is set on object 'Object Repository/RAD_Pages/AddressAndContactInfo_Page/input_streetAddress2'

2023-02-08 17:02:52 - [TEST_STEP][PASSED] - setText(findTestObject(orPath_AddressContact + "/input_city"), City): Text 'Crofton' is set on object 'Object Repository/RAD_Pages/AddressAndContactInfo_Page/input_city'

2023-02-08 17:02:53 - [MESSAGE][PASSED] - Text 'Crofton' is set on object 'Object Repository/RAD_Pages/AddressAndContactInfo_Page/input_city'

2023-02-08 17:02:53 - [TEST_STEP][PASSED] - selectOptionByLabel(findTestObject(orPath_AddressContact + "/select_State"), "Maryland", false): All options with label 'Maryland' are selected in object 'Object Repository/RAD_Pages/AddressAndContactInfo_Page/select_State' 

2023-02-08 17:02:54 - [MESSAGE][PASSED] - All options with label 'Maryland' are selected in object 'Object Repository/RAD_Pages/AddressAndContactInfo_Page/select_State' 

2023-02-08 17:02:54 - [TEST_STEP][PASSED] - setText(findTestObject(orPath_AddressContact + "/input_zipCode"), ZIP): Text '21114' is set on object 'Object Repository/RAD_Pages/AddressAndContactInfo_Page/input_zipCode'

2023-02-08 17:02:54 - [MESSAGE][PASSED] - Text '21114' is set on object 'Object Repository/RAD_Pages/AddressAndContactInfo_Page/input_zipCode'

2023-02-08 17:02:54 - [TEST_STEP][PASSED] - setText(findTestObject(orPath_AddressContact + "/input_phoneNumber"), "(703) 894-5000"): Text '(703) 894-5000' is set on object 'Object Repository/RAD_Pages/AddressAndContactInfo_Page/input_phoneNumber'

2023-02-08 17:02:55 - [MESSAGE][PASSED] - Text '(703) 894-5000' is set on object 'Object Repository/RAD_Pages/AddressAndContactInfo_Page/input_phoneNumber'

2023-02-08 17:02:55 - [TEST_STEP][PASSED] - setText(findTestObject(orPath_AddressContact + "/input_eMailAddress"), "iahmed@govolution.com"): Text 'iahmed@govolution.com' is set on object 'Object Repository/RAD_Pages/AddressAndContactInfo_Page/input_eMailAddress'

2023-02-08 17:02:56 - [MESSAGE][PASSED] - Text 'iahmed@govolution.com' is set on object 'Object Repository/RAD_Pages/AddressAndContactInfo_Page/input_eMailAddress'

2023-02-08 17:02:56 - [TEST_STEP][PASSED] - setText(findTestObject(orPath_AddressContact + "/input_reEnterEMailAddress"), "iahmed@govolution.com"): Text 'iahmed@govolution.com' is set on object 'Object Repository/RAD_Pages/AddressAndContactInfo_Page/input_reEnterEMailAddress'

2023-02-08 17:02:57 - [MESSAGE][PASSED] - Text 'iahmed@govolution.com' is set on object 'Object Repository/RAD_Pages/AddressAndContactInfo_Page/input_reEnterEMailAddress'

2023-02-08 17:02:57 - [TEST_STEP][PASSED] - setText(findTestObject(orPath_Amount + "/input__paymentAmount"), Amount): Text '100.00' is set on object 'Object Repository/RAD_Pages/PaymentAmount_Page/input__paymentAmount'

2023-02-08 17:02:58 - [MESSAGE][PASSED] - Text '100.00' is set on object 'Object Repository/RAD_Pages/PaymentAmount_Page/input__paymentAmount'

2023-02-08 17:02:58 - [TEST_STEP][PASSED] - scrollToElement(findTestObject(orPath_Landing + "/button_Continue"), 3): Scroll to object 'Object Repository/RAD_Pages/Landing_Page/button_Continue' successfully

2023-02-08 17:02:59 - [MESSAGE][PASSED] - Scroll to object 'Object Repository/RAD_Pages/Landing_Page/button_Continue' successfully

2023-02-08 17:02:59 - [TEST_STEP][PASSED] - waitForElementClickable(findTestObject(orPath_Landing + "/button_Continue"), 5): Object 'Object Repository/RAD_Pages/Landing_Page/button_Continue' is clickable

2023-02-08 17:02:59 - [MESSAGE][PASSED] - Object 'Object Repository/RAD_Pages/Landing_Page/button_Continue' is clickable

2023-02-08 17:02:59 - [TEST_STEP][PASSED] - click(findTestObject(orPath_Landing + "/button_Continue")): Object: 'Object Repository/RAD_Pages/Landing_Page/button_Continue' is clicked on

2023-02-08 17:02:59 - [MESSAGE][PASSED] - Object: 'Object Repository/RAD_Pages/Landing_Page/button_Continue' is clicked on

2023-02-08 17:02:59 - [TEST_STEP][PASSED] - verifyTextPresent("Review the information below and make any necessary corrections by clicking the", true): Text 'Review the information below and make any necessary corrections by clicking the' is present on page  using regular expression

2023-02-08 17:03:00 - [MESSAGE][PASSED] - Text 'Review the information below and make any necessary corrections by clicking the' is present on page  using regular expression

2023-02-08 17:03:00 - [TEST_STEP][PASSED] - verifyTextPresent("When you are confident that all the information is correct", true): Text 'When you are confident that all the information is correct' is present on page  using regular expression

2023-02-08 17:03:00 - [MESSAGE][PASSED] - Text 'When you are confident that all the information is correct' is present on page  using regular expression

2023-02-08 17:03:00 - [TEST_STEP][PASSED] - delay(1): Delayed 1 second(s)

2023-02-08 17:03:01 - [MESSAGE][PASSED] - Delayed 1 second(s)

2023-02-08 17:03:01 - [TEST_STEP][PASSED] - click(findTestObject(orPath_Summary + "/button_Proceed to Payment")): Object: 'Object Repository/RAD_Pages/Summary_Page/button_Proceed to Payment' is clicked on

2023-02-08 17:03:04 - [MESSAGE][PASSED] - Object: 'Object Repository/RAD_Pages/Summary_Page/button_Proceed to Payment' is clicked on

2023-02-08 17:03:04 - [TEST_STEP][PASSED] - if (PaymentType.equalsIgnoreCase("Corporate")): null

2023-02-08 17:03:04 - [TEST_STEP][PASSED] - setText(findTestObject(orPath_PaymentEntry + "/input__cardNumber"), CCNumber): Text '4012000098765439' is set on object 'Object Repository/RAD_Pages/PaymentEntry_Page/input__cardNumber'

2023-02-08 17:03:05 - [MESSAGE][PASSED] - Text '4012000098765439' is set on object 'Object Repository/RAD_Pages/PaymentEntry_Page/input__cardNumber'

2023-02-08 17:03:05 - [TEST_STEP][PASSED] - setText(findTestObject(orPath_PaymentEntry + "/input__spc"), CVV): Text '123' is set on object 'Object Repository/RAD_Pages/PaymentEntry_Page/input__spc'

2023-02-08 17:03:06 - [MESSAGE][PASSED] - Text '123' is set on object 'Object Repository/RAD_Pages/PaymentEntry_Page/input__spc'

2023-02-08 17:03:06 - [TEST_STEP][PASSED] - selectOptionByLabel(findTestObject(orPath_PaymentEntry + "/select_MM"), "12", false): All options with label '12' are selected in object 'Object Repository/RAD_Pages/PaymentEntry_Page/select_MM' 

2023-02-08 17:03:07 - [MESSAGE][PASSED] - All options with label '12' are selected in object 'Object Repository/RAD_Pages/PaymentEntry_Page/select_MM' 

2023-02-08 17:03:07 - [TEST_STEP][PASSED] - selectOptionByLabel(findTestObject(orPath_PaymentEntry + "/select_YYYY"), "2023", false): All options with label '2023' are selected in object 'Object Repository/RAD_Pages/PaymentEntry_Page/select_YYYY' 

2023-02-08 17:03:08 - [MESSAGE][PASSED] - All options with label '2023' are selected in object 'Object Repository/RAD_Pages/PaymentEntry_Page/select_YYYY' 

2023-02-08 17:03:08 - [TEST_STEP][PASSED] - click(findTestObject(orPath_PaymentEntry + "/input_Field_ccSubmit")): Object: 'Object Repository/RAD_Pages/PaymentEntry_Page/input_Field_ccSubmit' is clicked on

2023-02-08 17:03:09 - [MESSAGE][PASSED] - Object: 'Object Repository/RAD_Pages/PaymentEntry_Page/input_Field_ccSubmit' is clicked on

2023-02-08 17:03:09 - [TEST_STEP][PASSED] - click(findTestObject(orPath_PaymentConfirmation + "/input_N_confirmNotifyAction")): Object: 'Object Repository/RAD_Pages/PaymentConfirmation_Page/input_N_confirmNotifyAction' is clicked on

2023-02-08 17:03:10 - [MESSAGE][PASSED] - Object: 'Object Repository/RAD_Pages/PaymentConfirmation_Page/input_N_confirmNotifyAction' is clicked on

2023-02-08 17:03:10 - [TEST_STEP][PASSED] - click(findTestObject(orPath_ServiceFeesAccept + "/input_convFeeNotifyAction")): Object: 'Object Repository/RAD_Pages/ServiceFeeAccept_Page/input_convFeeNotifyAction' is clicked on

2023-02-08 17:03:11 - [MESSAGE][PASSED] - Object: 'Object Repository/RAD_Pages/ServiceFeeAccept_Page/input_convFeeNotifyAction' is clicked on

2023-02-08 17:03:11 - [TEST_STEP][PASSED] - delay(10): Delayed 10 second(s)

2023-02-08 17:03:21 - [MESSAGE][PASSED] - Delayed 10 second(s)

2023-02-08 17:03:21 - [TEST_STEP][PASSED] - verifyTextPresent("Successful Payment Receipt", true): Text 'Successful Payment Receipt' is present on page  using regular expression

2023-02-08 17:03:22 - [MESSAGE][PASSED] - Text 'Successful Payment Receipt' is present on page  using regular expression

2023-02-08 17:03:22 - [TEST_STEP][PASSED] - if (verifyTextPresent("Successful Payment Receipt", true)): null

2023-02-08 17:03:22 - [MESSAGE][PASSED] - Text 'Successful Payment Receipt' is present on page  using regular expression

2023-02-08 17:03:22 - [TEST_STEP][PASSED] - println("Transaction was Successful"): null

2023-02-08 17:03:22 - [TEST_STEP][PASSED] - out.println("Pass Record Number: " + row): null

2023-02-08 17:03:22 - [TEST_STEP][PASSED] - resText = "Pass": null

2023-02-08 17:03:22 - [TEST_STEP][PASSED] - pages.WriteExcel.demoKey(resText, datText, resColumn, datCloumn, fileLoc, nameSheet, row): pages.WriteExcel.demoKey is PASSED

2023-02-08 17:03:22 - [MESSAGE][PASSED] - pages.WriteExcel.demoKey is PASSED

2023-02-08 17:03:22 - [TEST_STEP][PASSED] - ExecuteTC = findTestData(dataFile).getValue("Execute", row): null

2023-02-08 17:03:22 - [TEST_STEP][PASSED] - PaymentType = findTestData(dataFile).getValue("PaymentType", row): null

2023-02-08 17:03:22 - [TEST_STEP][PASSED] - FilingYear = findTestData(dataFile).getValue("FilingYear", row): null

2023-02-08 17:03:22 - [TEST_STEP][PASSED] - PeriodEnding = findTestData(dataFile).getValue("PeriodEnding", row): null

2023-02-08 17:03:22 - [TEST_STEP][PASSED] - FName = findTestData(dataFile).getValue("Fname", row): null

2023-02-08 17:03:22 - [TEST_STEP][PASSED] - LName = findTestData(dataFile).getValue("Lname", row): null

2023-02-08 17:03:22 - [TEST_STEP][PASSED] - SSN = findTestData(dataFile).getValue("SSN", row): null

2023-02-08 17:03:22 - [TEST_STEP][PASSED] - BusName = findTestData(dataFile).getValue("BusName", row): null

2023-02-08 17:03:22 - [TEST_STEP][PASSED] - AL1 = findTestData(dataFile).getValue("AL1", row): null

2023-02-08 17:03:22 - [TEST_STEP][PASSED] - City = findTestData(dataFile).getValue("City", row): null

2023-02-08 17:03:23 - [TEST_STEP][PASSED] - ZIP = findTestData(dataFile).getValue("ZIP", row): null

2023-02-08 17:03:23 - [TEST_STEP][PASSED] - FilingType = findTestData(dataFile).getValue("FilingType", row): null

2023-02-08 17:03:23 - [TEST_STEP][PASSED] - Withholding = findTestData(dataFile).getValue("Withholding", row): null

2023-02-08 17:03:23 - [TEST_STEP][PASSED] - Amount = findTestData(dataFile).getValue("Amount", row): null

2023-02-08 17:03:23 - [TEST_STEP][PASSED] - CCNumber = findTestData(dataFile).getValue("CCNumber", row): null

2023-02-08 17:03:23 - [TEST_STEP][PASSED] - CVV = findTestData(dataFile).getValue("CVV", row): null

2023-02-08 17:03:23 - [TEST_STEP][PASSED] - out.println("Value of Execute is : " + ExecuteTC): null

2023-02-08 17:03:23 - [TEST_STEP][PASSED] - if (ExecuteTC.equalsIgnoreCase("Y")): null

2023-02-08 17:03:23 - [TEST_STEP][PASSED] - out.println("Begin Record Number: " + row): null

2023-02-08 17:03:23 - [TEST_STEP][PASSED] - today = new java.util.Date(): null

2023-02-08 17:03:23 - [TEST_STEP][PASSED] - println(today): null

2023-02-08 17:03:23 - [TEST_STEP][PASSED] - datText = today: null

2023-02-08 17:03:23 - [TEST_STEP][PASSED] - Taxtype = findTestData(dataFile).getValue("TaxType", row): null

2023-02-08 17:03:23 - [TEST_STEP][PASSED] - out.println("Taxtype value is : " + Taxtype): null

2023-02-08 17:03:23 - [TEST_STEP][PASSED] - openBrowser(""): Browser is opened with url: ''

2023-02-08 17:03:23 - [MESSAGE][WARNING] - A browser is already opened. Closing browser and opening a new one

2023-02-08 17:03:24 - [MESSAGE][INFO] - Starting 'Chrome' driver

2023-02-08 17:03:24 - [MESSAGE][INFO] - User set preference: ['acceptInsecureCerts', 'true']

2023-02-08 17:03:24 - [MESSAGE][INFO] - Action delay is set to 0 milliseconds

2023-02-08 17:03:25 - [MESSAGE][PASSED] - Browser is opened with url: ''

2023-02-08 17:03:25 - [TEST_STEP][PASSED] - maximizeWindow(): Current window maximized

2023-02-08 17:03:25 - [MESSAGE][PASSED] - Current window maximized

2023-02-08 17:03:25 - [TEST_STEP][PASSED] - navigateToUrl(RADurl): Navigate to 'https://qa.velocitypayment.com/client/rad/index.html' successfully

2023-02-08 17:03:27 - [MESSAGE][PASSED] - Navigate to 'https://qa.velocitypayment.com/client/rad/index.html' successfully

2023-02-08 17:03:27 - [TEST_STEP][PASSED] - orPath_Landing = "Object Repository/RAD_Pages/Landing_Page": null

2023-02-08 17:03:27 - [TEST_STEP][PASSED] - orPath_TaxTypeFilingYear = "Object Repository/RAD_Pages/TaxTypeFilingYear_Page": null

2023-02-08 17:03:27 - [TEST_STEP][PASSED] - orPath_TaxPayer = "Object Repository/RAD_Pages/Taxpayer_Page": null

2023-02-08 17:03:27 - [TEST_STEP][PASSED] - orPath_AddressContact = "Object Repository/RAD_Pages/AddressAndContactInfo_Page": null

2023-02-08 17:03:27 - [TEST_STEP][PASSED] - orPath_FilingStatus = "Object Repository/RAD_Pages/FilingStatus_Page": null

2023-02-08 17:03:27 - [TEST_STEP][PASSED] - orPath_Amount = "Object Repository/RAD_Pages/PaymentAmount_Page": null

2023-02-08 17:03:27 - [TEST_STEP][PASSED] - orPath_TaxInfo = "Object Repository/RAD_Pages/TaxInfo_Page": null

2023-02-08 17:03:27 - [TEST_STEP][PASSED] - orPath_Withholding = "Object Repository/RAD_Pages/Withholding_Page": null

2023-02-08 17:03:27 - [TEST_STEP][PASSED] - orPath_Summary = "Object Repository/RAD_Pages/Summary_Page": null

2023-02-08 17:03:27 - [TEST_STEP][PASSED] - orPath_PaymentReady = "Object Repository/RAD_Pages/PaymentReady_Page": null

2023-02-08 17:03:27 - [TEST_STEP][PASSED] - orPath_PaymentEntry = "Object Repository/RAD_Pages/PaymentEntry_Page": null

2023-02-08 17:03:27 - [TEST_STEP][PASSED] - orPath_PaymentConfirmation = "Object Repository/RAD_Pages/PaymentConfirmation_Page": null

2023-02-08 17:03:27 - [TEST_STEP][PASSED] - orPath_ServiceFeesAccept = "Object Repository/RAD_Pages/ServiceFeeAccept_Page": null

2023-02-08 17:03:27 - [TEST_STEP][PASSED] - selectOptionByLabel(findTestObject(orPath_Landing + "/dd_TaxType"), Taxtype, false): All options with label 'Withholding Tax' are selected in object 'Object Repository/RAD_Pages/Landing_Page/dd_TaxType' 

2023-02-08 17:03:28 - [MESSAGE][PASSED] - All options with label 'Withholding Tax' are selected in object 'Object Repository/RAD_Pages/Landing_Page/dd_TaxType' 

2023-02-08 17:03:28 - [TEST_STEP][PASSED] - delay(3): Delayed 3 second(s)

2023-02-08 17:03:31 - [MESSAGE][PASSED] - Delayed 3 second(s)

2023-02-08 17:03:31 - [TEST_STEP][PASSED] - switch (Taxtype): null

2023-02-08 17:03:31 - [TEST_STEP][PASSED] - case "Withholding Tax":: null

2023-02-08 17:03:31 - [TEST_STEP][PASSED] - selectOptionByLabel(findTestObject(orPath_TaxTypeFilingYear + "/select_FilingYear"), FilingYear, false): All options with label '2021' are selected in object 'Object Repository/RAD_Pages/TaxTypeFilingYear_Page/select_FilingYear' 

2023-02-08 17:03:32 - [MESSAGE][PASSED] - All options with label '2021' are selected in object 'Object Repository/RAD_Pages/TaxTypeFilingYear_Page/select_FilingYear' 

2023-02-08 17:03:32 - [TEST_STEP][PASSED] - setText(findTestObject(orPath_TaxPayer + "/input_businessName"), BusName): Text 'A1 Tree Trimming' is set on object 'Object Repository/RAD_Pages/Taxpayer_Page/input_businessName'

2023-02-08 17:03:33 - [MESSAGE][PASSED] - Text 'A1 Tree Trimming' is set on object 'Object Repository/RAD_Pages/Taxpayer_Page/input_businessName'

2023-02-08 17:03:33 - [TEST_STEP][PASSED] - setText(findTestObject(orPath_TaxPayer + "/input_firstName"), FName): Text 'Larsons' is set on object 'Object Repository/RAD_Pages/Taxpayer_Page/input_firstName'

2023-02-08 17:03:34 - [MESSAGE][PASSED] - Text 'Larsons' is set on object 'Object Repository/RAD_Pages/Taxpayer_Page/input_firstName'

2023-02-08 17:03:34 - [TEST_STEP][PASSED] - setText(findTestObject(orPath_TaxPayer + "/input_lastName"), LName): Text 'Bell' is set on object 'Object Repository/RAD_Pages/Taxpayer_Page/input_lastName'

2023-02-08 17:03:35 - [MESSAGE][PASSED] - Text 'Bell' is set on object 'Object Repository/RAD_Pages/Taxpayer_Page/input_lastName'

2023-02-08 17:03:35 - [TEST_STEP][PASSED] - setEncryptedText(findTestObject(orPath_TaxInfo + "/input_FederalEIN"), "xLVb905G4/sGR8qgNWNzNQ=="): Text ****** has been set on object 'Object Repository/RAD_Pages/TaxInfo_Page/input_FederalEIN'

2023-02-08 17:03:36 - [MESSAGE][PASSED] - Text ****** has been set on object 'Object Repository/RAD_Pages/TaxInfo_Page/input_FederalEIN'

2023-02-08 17:03:36 - [TEST_STEP][PASSED] - setEncryptedText(findTestObject(orPath_TaxInfo + "/input_FederalEIN_ReEnter"), "xLVb905G4/sGR8qgNWNzNQ=="): Text ****** has been set on object 'Object Repository/RAD_Pages/TaxInfo_Page/input_FederalEIN_ReEnter'

2023-02-08 17:03:36 - [MESSAGE][PASSED] - Text ****** has been set on object 'Object Repository/RAD_Pages/TaxInfo_Page/input_FederalEIN_ReEnter'

2023-02-08 17:03:36 - [TEST_STEP][PASSED] - setText(findTestObject(orPath_TaxInfo + "/input_MDCRegistration"), "07640126"): Text '07640126' is set on object 'Object Repository/RAD_Pages/TaxInfo_Page/input_MDCRegistration'

2023-02-08 17:03:37 - [MESSAGE][PASSED] - Text '07640126' is set on object 'Object Repository/RAD_Pages/TaxInfo_Page/input_MDCRegistration'

2023-02-08 17:03:37 - [TEST_STEP][PASSED] - if (Withholding.equalsIgnoreCase("Y")): null

2023-02-08 17:03:37 - [TEST_STEP][PASSED] - else: Text '10.50' is set on object 'Object Repository/RAD_Pages/Withholding_Page/input__WithholdingTaxReported'

2023-02-08 17:03:37 - [TEST_STEP][PASSED] - check(findTestObject(orPath_Withholding + "/input_acceleratedBasis_No")): Object 'Object Repository/RAD_Pages/Withholding_Page/input_acceleratedBasis_No' is checked

2023-02-08 17:03:37 - [MESSAGE][PASSED] - Object 'Object Repository/RAD_Pages/Withholding_Page/input_acceleratedBasis_No' is checked

2023-02-08 17:03:38 - [TEST_STEP][PASSED] - delay(3): Delayed 3 second(s)

2023-02-08 17:03:41 - [MESSAGE][PASSED] - Delayed 3 second(s)

2023-02-08 17:03:41 - [TEST_STEP][PASSED] - selectOptionByLabel(findTestObject(orPath_Withholding + "/select_Month"), "January", false): All options with label 'January' are selected in object 'Object Repository/RAD_Pages/Withholding_Page/select_Month' 

2023-02-08 17:03:41 - [MESSAGE][PASSED] - All options with label 'January' are selected in object 'Object Repository/RAD_Pages/Withholding_Page/select_Month' 

2023-02-08 17:03:41 - [TEST_STEP][PASSED] - setText(findTestObject(orPath_Withholding + "/input__WithholdingTaxReported"), "10.50"): Text '10.50' is set on object 'Object Repository/RAD_Pages/Withholding_Page/input__WithholdingTaxReported'

2023-02-08 17:03:42 - [MESSAGE][PASSED] - Text '10.50' is set on object 'Object Repository/RAD_Pages/Withholding_Page/input__WithholdingTaxReported'

2023-02-08 17:03:42 - [TEST_STEP][PASSED] - break: null

2023-02-08 17:03:42 - [TEST_STEP][PASSED] - if (PaymentType.equalsIgnoreCase("Personal")): null

2023-02-08 17:03:42 - [TEST_STEP][PASSED] - selectOptionByLabel(findTestObject(orPath_AddressContact + "/select_Country"), "United States", false): All options with label 'United States' are selected in object 'Object Repository/RAD_Pages/AddressAndContactInfo_Page/select_Country' 

2023-02-08 17:03:43 - [MESSAGE][PASSED] - All options with label 'United States' are selected in object 'Object Repository/RAD_Pages/AddressAndContactInfo_Page/select_Country' 

2023-02-08 17:03:43 - [TEST_STEP][PASSED] - setText(findTestObject(orPath_AddressContact + "/input_streetAddress1"), AL1): Text '114 Clark Ave' is set on object 'Object Repository/RAD_Pages/AddressAndContactInfo_Page/input_streetAddress1'

2023-02-08 17:03:44 - [MESSAGE][PASSED] - Text '114 Clark Ave' is set on object 'Object Repository/RAD_Pages/AddressAndContactInfo_Page/input_streetAddress1'

2023-02-08 17:03:44 - [TEST_STEP][PASSED] - setText(findTestObject(orPath_AddressContact + "/input_streetAddress2"), ""): Text '' is set on object 'Object Repository/RAD_Pages/AddressAndContactInfo_Page/input_streetAddress2'

2023-02-08 17:03:45 - [MESSAGE][PASSED] - Text '' is set on object 'Object Repository/RAD_Pages/AddressAndContactInfo_Page/input_streetAddress2'

2023-02-08 17:03:45 - [TEST_STEP][PASSED] - setText(findTestObject(orPath_AddressContact + "/input_city"), City): Text 'Severn' is set on object 'Object Repository/RAD_Pages/AddressAndContactInfo_Page/input_city'

2023-02-08 17:03:45 - [MESSAGE][PASSED] - Text 'Severn' is set on object 'Object Repository/RAD_Pages/AddressAndContactInfo_Page/input_city'

2023-02-08 17:03:45 - [TEST_STEP][PASSED] - selectOptionByLabel(findTestObject(orPath_AddressContact + "/select_State"), "Maryland", false): All options with label 'Maryland' are selected in object 'Object Repository/RAD_Pages/AddressAndContactInfo_Page/select_State' 

2023-02-08 17:03:46 - [MESSAGE][PASSED] - All options with label 'Maryland' are selected in object 'Object Repository/RAD_Pages/AddressAndContactInfo_Page/select_State' 

2023-02-08 17:03:46 - [TEST_STEP][PASSED] - setText(findTestObject(orPath_AddressContact + "/input_zipCode"), ZIP): Text '21144' is set on object 'Object Repository/RAD_Pages/AddressAndContactInfo_Page/input_zipCode'

2023-02-08 17:03:47 - [MESSAGE][PASSED] - Text '21144' is set on object 'Object Repository/RAD_Pages/AddressAndContactInfo_Page/input_zipCode'

2023-02-08 17:03:47 - [TEST_STEP][PASSED] - setText(findTestObject(orPath_AddressContact + "/input_phoneNumber"), "(703) 894-5000"): Text '(703) 894-5000' is set on object 'Object Repository/RAD_Pages/AddressAndContactInfo_Page/input_phoneNumber'

2023-02-08 17:03:48 - [MESSAGE][PASSED] - Text '(703) 894-5000' is set on object 'Object Repository/RAD_Pages/AddressAndContactInfo_Page/input_phoneNumber'

2023-02-08 17:03:48 - [TEST_STEP][PASSED] - setText(findTestObject(orPath_AddressContact + "/input_eMailAddress"), "iahmed@govolution.com"): Text 'iahmed@govolution.com' is set on object 'Object Repository/RAD_Pages/AddressAndContactInfo_Page/input_eMailAddress'

2023-02-08 17:03:49 - [MESSAGE][PASSED] - Text 'iahmed@govolution.com' is set on object 'Object Repository/RAD_Pages/AddressAndContactInfo_Page/input_eMailAddress'

2023-02-08 17:03:49 - [TEST_STEP][PASSED] - setText(findTestObject(orPath_AddressContact + "/input_reEnterEMailAddress"), "iahmed@govolution.com"): Text 'iahmed@govolution.com' is set on object 'Object Repository/RAD_Pages/AddressAndContactInfo_Page/input_reEnterEMailAddress'

2023-02-08 17:03:50 - [MESSAGE][PASSED] - Text 'iahmed@govolution.com' is set on object 'Object Repository/RAD_Pages/AddressAndContactInfo_Page/input_reEnterEMailAddress'

2023-02-08 17:03:50 - [TEST_STEP][PASSED] - setText(findTestObject(orPath_Amount + "/input__paymentAmount"), Amount): Text '100.00' is set on object 'Object Repository/RAD_Pages/PaymentAmount_Page/input__paymentAmount'

2023-02-08 17:03:50 - [MESSAGE][PASSED] - Text '100.00' is set on object 'Object Repository/RAD_Pages/PaymentAmount_Page/input__paymentAmount'

2023-02-08 17:03:50 - [TEST_STEP][PASSED] - scrollToElement(findTestObject(orPath_Landing + "/button_Continue"), 3): Scroll to object 'Object Repository/RAD_Pages/Landing_Page/button_Continue' successfully

2023-02-08 17:03:51 - [MESSAGE][PASSED] - Scroll to object 'Object Repository/RAD_Pages/Landing_Page/button_Continue' successfully

2023-02-08 17:03:51 - [TEST_STEP][PASSED] - waitForElementClickable(findTestObject(orPath_Landing + "/button_Continue"), 5): Object 'Object Repository/RAD_Pages/Landing_Page/button_Continue' is clickable

2023-02-08 17:03:51 - [MESSAGE][PASSED] - Object 'Object Repository/RAD_Pages/Landing_Page/button_Continue' is clickable

2023-02-08 17:03:51 - [TEST_STEP][PASSED] - click(findTestObject(orPath_Landing + "/button_Continue")): Object: 'Object Repository/RAD_Pages/Landing_Page/button_Continue' is clicked on

2023-02-08 17:03:52 - [MESSAGE][PASSED] - Object: 'Object Repository/RAD_Pages/Landing_Page/button_Continue' is clicked on

2023-02-08 17:03:52 - [TEST_STEP][PASSED] - verifyTextPresent("Review the information below and make any necessary corrections by clicking the", true): Text 'Review the information below and make any necessary corrections by clicking the' is present on page  using regular expression

2023-02-08 17:03:53 - [MESSAGE][PASSED] - Text 'Review the information below and make any necessary corrections by clicking the' is present on page  using regular expression

2023-02-08 17:03:53 - [TEST_STEP][PASSED] - verifyTextPresent("When you are confident that all the information is correct", true): Text 'When you are confident that all the information is correct' is present on page  using regular expression

2023-02-08 17:03:53 - [MESSAGE][PASSED] - Text 'When you are confident that all the information is correct' is present on page  using regular expression

2023-02-08 17:03:53 - [TEST_STEP][PASSED] - delay(1): Delayed 1 second(s)

2023-02-08 17:03:54 - [MESSAGE][PASSED] - Delayed 1 second(s)

2023-02-08 17:03:54 - [TEST_STEP][PASSED] - click(findTestObject(orPath_Summary + "/button_Proceed to Payment")): Object: 'Object Repository/RAD_Pages/Summary_Page/button_Proceed to Payment' is clicked on

2023-02-08 17:03:56 - [MESSAGE][PASSED] - Object: 'Object Repository/RAD_Pages/Summary_Page/button_Proceed to Payment' is clicked on

2023-02-08 17:03:56 - [TEST_STEP][PASSED] - if (PaymentType.equalsIgnoreCase("Corporate")): null

2023-02-08 17:03:56 - [TEST_STEP][PASSED] - setText(findTestObject(orPath_PaymentEntry + "/input__cardNumber"), CCNumber): Text '5146312200000035' is set on object 'Object Repository/RAD_Pages/PaymentEntry_Page/input__cardNumber'

2023-02-08 17:03:57 - [MESSAGE][PASSED] - Text '5146312200000035' is set on object 'Object Repository/RAD_Pages/PaymentEntry_Page/input__cardNumber'

2023-02-08 17:03:57 - [TEST_STEP][PASSED] - setText(findTestObject(orPath_PaymentEntry + "/input__spc"), CVV): Text '123' is set on object 'Object Repository/RAD_Pages/PaymentEntry_Page/input__spc'

2023-02-08 17:03:58 - [MESSAGE][PASSED] - Text '123' is set on object 'Object Repository/RAD_Pages/PaymentEntry_Page/input__spc'

2023-02-08 17:03:58 - [TEST_STEP][PASSED] - selectOptionByLabel(findTestObject(orPath_PaymentEntry + "/select_MM"), "12", false): All options with label '12' are selected in object 'Object Repository/RAD_Pages/PaymentEntry_Page/select_MM' 

2023-02-08 17:03:59 - [MESSAGE][PASSED] - All options with label '12' are selected in object 'Object Repository/RAD_Pages/PaymentEntry_Page/select_MM' 

2023-02-08 17:03:59 - [TEST_STEP][PASSED] - selectOptionByLabel(findTestObject(orPath_PaymentEntry + "/select_YYYY"), "2023", false): All options with label '2023' are selected in object 'Object Repository/RAD_Pages/PaymentEntry_Page/select_YYYY' 

2023-02-08 17:04:00 - [MESSAGE][PASSED] - All options with label '2023' are selected in object 'Object Repository/RAD_Pages/PaymentEntry_Page/select_YYYY' 

2023-02-08 17:04:00 - [TEST_STEP][PASSED] - click(findTestObject(orPath_PaymentEntry + "/input_Field_ccSubmit")): Object: 'Object Repository/RAD_Pages/PaymentEntry_Page/input_Field_ccSubmit' is clicked on

2023-02-08 17:04:01 - [MESSAGE][PASSED] - Object: 'Object Repository/RAD_Pages/PaymentEntry_Page/input_Field_ccSubmit' is clicked on

2023-02-08 17:04:01 - [TEST_STEP][PASSED] - click(findTestObject(orPath_PaymentConfirmation + "/input_N_confirmNotifyAction")): Object: 'Object Repository/RAD_Pages/PaymentConfirmation_Page/input_N_confirmNotifyAction' is clicked on

2023-02-08 17:04:02 - [MESSAGE][PASSED] - Object: 'Object Repository/RAD_Pages/PaymentConfirmation_Page/input_N_confirmNotifyAction' is clicked on

2023-02-08 17:04:02 - [TEST_STEP][PASSED] - click(findTestObject(orPath_ServiceFeesAccept + "/input_convFeeNotifyAction")): Object: 'Object Repository/RAD_Pages/ServiceFeeAccept_Page/input_convFeeNotifyAction' is clicked on

2023-02-08 17:04:04 - [MESSAGE][PASSED] - Object: 'Object Repository/RAD_Pages/ServiceFeeAccept_Page/input_convFeeNotifyAction' is clicked on

2023-02-08 17:04:04 - [TEST_STEP][PASSED] - delay(10): Delayed 10 second(s)

2023-02-08 17:04:14 - [MESSAGE][PASSED] - Delayed 10 second(s)

2023-02-08 17:04:14 - [TEST_STEP][PASSED] - verifyTextPresent("Successful Payment Receipt", true): Text 'Successful Payment Receipt' is present on page  using regular expression

2023-02-08 17:04:14 - [MESSAGE][PASSED] - Text 'Successful Payment Receipt' is present on page  using regular expression

2023-02-08 17:04:14 - [TEST_STEP][PASSED] - if (verifyTextPresent("Successful Payment Receipt", true)): null

2023-02-08 17:04:15 - [MESSAGE][PASSED] - Text 'Successful Payment Receipt' is present on page  using regular expression

2023-02-08 17:04:15 - [TEST_STEP][PASSED] - println("Transaction was Successful"): null

2023-02-08 17:04:15 - [TEST_STEP][PASSED] - out.println("Pass Record Number: " + row): null

2023-02-08 17:04:15 - [TEST_STEP][PASSED] - resText = "Pass": null

2023-02-08 17:04:15 - [TEST_STEP][PASSED] - pages.WriteExcel.demoKey(resText, datText, resColumn, datCloumn, fileLoc, nameSheet, row): pages.WriteExcel.demoKey is PASSED

2023-02-08 17:04:15 - [MESSAGE][PASSED] - pages.WriteExcel.demoKey is PASSED]]></system-out>
         <system-err><![CDATA[]]></system-err>
      </testcase>
      <testcase name="Test Cases/RAD_TestCases/PaymentsHardCoded/Payments_ExistingLiability_HC_TC" time="621.308" classname="Test Cases/RAD_TestCases/PaymentsHardCoded/Payments_ExistingLiability_HC_TC" status="PASSED">
         <system-out><![CDATA[2023-02-08 17:04:15 - [TEST_CASE][PASSED] - Test Cases/RAD_TestCases/PaymentsHardCoded/Payments_ExistingLiability_HC_TC: Test Cases/RAD_TestCases/PaymentsHardCoded/Payments_ExistingLiability_HC_TC

2023-02-08 17:04:15 - [TEST_STEP][PASSED] - resText = "Fail": null

2023-02-08 17:04:15 - [TEST_STEP][PASSED] - resColumn = "Result": null

2023-02-08 17:04:15 - [TEST_STEP][PASSED] - datCloumn = "Date": null

2023-02-08 17:04:15 - [TEST_STEP][PASSED] - fileLoc = "KatalonData/RADTestData/PaymentsELHardCoded.xlsx": null

2023-02-08 17:04:15 - [TEST_STEP][PASSED] - nameSheet = "Sheet1": null

2023-02-08 17:04:15 - [TEST_STEP][PASSED] - dataFile = "RADTestData/PaymentsELHardCoded": null

2023-02-08 17:04:15 - [TEST_STEP][PASSED] - ExecuteTC = <not implemented yet for class: org.codehaus.groovy.ast.expr.EmptyExpression>: null

2023-02-08 17:04:15 - [TEST_STEP][PASSED] - Taxtype = <not implemented yet for class: org.codehaus.groovy.ast.expr.EmptyExpression>: null

2023-02-08 17:04:15 - [TEST_STEP][PASSED] - TaxTypeEL = <not implemented yet for class: org.codehaus.groovy.ast.expr.EmptyExpression>: null

2023-02-08 17:04:15 - [TEST_STEP][PASSED] - FName = <not implemented yet for class: org.codehaus.groovy.ast.expr.EmptyExpression>: null

2023-02-08 17:04:15 - [TEST_STEP][PASSED] - LName = <not implemented yet for class: org.codehaus.groovy.ast.expr.EmptyExpression>: null

2023-02-08 17:04:15 - [TEST_STEP][PASSED] - AL1 = <not implemented yet for class: org.codehaus.groovy.ast.expr.EmptyExpression>: null

2023-02-08 17:04:15 - [TEST_STEP][PASSED] - City = <not implemented yet for class: org.codehaus.groovy.ast.expr.EmptyExpression>: null

2023-02-08 17:04:15 - [TEST_STEP][PASSED] - ZIP = <not implemented yet for class: org.codehaus.groovy.ast.expr.EmptyExpression>: null

2023-02-08 17:04:15 - [TEST_STEP][PASSED] - Amount = <not implemented yet for class: org.codehaus.groovy.ast.expr.EmptyExpression>: null

2023-02-08 17:04:15 - [TEST_STEP][PASSED] - CCNumber = <not implemented yet for class: org.codehaus.groovy.ast.expr.EmptyExpression>: null

2023-02-08 17:04:15 - [TEST_STEP][PASSED] - CVV = <not implemented yet for class: org.codehaus.groovy.ast.expr.EmptyExpression>: null

2023-02-08 17:04:15 - [TEST_STEP][PASSED] - SSN = <not implemented yet for class: org.codehaus.groovy.ast.expr.EmptyExpression>: null

2023-02-08 17:04:15 - [TEST_STEP][PASSED] - FilingYear = <not implemented yet for class: org.codehaus.groovy.ast.expr.EmptyExpression>: null

2023-02-08 17:04:15 - [TEST_STEP][PASSED] - FEIN = <not implemented yet for class: org.codehaus.groovy.ast.expr.EmptyExpression>: null

2023-02-08 17:04:15 - [TEST_STEP][PASSED] - businessName = <not implemented yet for class: org.codehaus.groovy.ast.expr.EmptyExpression>: null

2023-02-08 17:04:15 - [TEST_STEP][PASSED] - notInvNumber = <not implemented yet for class: org.codehaus.groovy.ast.expr.EmptyExpression>: null

2023-02-08 17:04:15 - [TEST_STEP][PASSED] - rand = new java.util.Random(): null

2023-02-08 17:04:15 - [TEST_STEP][PASSED] - numOfRows = findTestData(dataFile).getRowNumbers(): null

2023-02-08 17:04:15 - [TEST_STEP][PASSED] - println("Number of Records: " + numOfRows): null

2023-02-08 17:04:15 - [TEST_STEP][PASSED] - for ([row = 1, row <= numOfRows, (row++)]): null

2023-02-08 17:04:15 - [TEST_STEP][PASSED] - ExecuteTC = findTestData(dataFile).getValue("Execute", row): null

2023-02-08 17:04:15 - [TEST_STEP][PASSED] - Taxtype = findTestData(dataFile).getValue("TaxType", row): null

2023-02-08 17:04:15 - [TEST_STEP][PASSED] - TaxTypeEL = findTestData(dataFile).getValue("TaxTypeEL", row): null

2023-02-08 17:04:15 - [TEST_STEP][PASSED] - FName = findTestData(dataFile).getValue("Fname", row): null

2023-02-08 17:04:15 - [TEST_STEP][PASSED] - LName = findTestData(dataFile).getValue("Lname", row): null

2023-02-08 17:04:15 - [TEST_STEP][PASSED] - AL1 = findTestData(dataFile).getValue("AL1", row): null

2023-02-08 17:04:15 - [TEST_STEP][PASSED] - City = findTestData(dataFile).getValue("City", row): null

2023-02-08 17:04:15 - [TEST_STEP][PASSED] - ZIP = findTestData(dataFile).getValue("ZIP", row): null

2023-02-08 17:04:16 - [TEST_STEP][PASSED] - Amount = findTestData(dataFile).getValue("Amount", row): null

2023-02-08 17:04:16 - [TEST_STEP][PASSED] - CCNumber = findTestData(dataFile).getValue("CCNumber", row): null

2023-02-08 17:04:16 - [TEST_STEP][PASSED] - CVV = findTestData(dataFile).getValue("CVV", row): null

2023-02-08 17:04:16 - [TEST_STEP][PASSED] - SSN = findTestData(dataFile).getValue("SSN", row): null

2023-02-08 17:04:16 - [TEST_STEP][PASSED] - notInvNumber = findTestData(dataFile).getValue("NotiInvoNumber", row): null

2023-02-08 17:04:16 - [TEST_STEP][PASSED] - businessName = findTestData(dataFile).getValue("BusName", row): null

2023-02-08 17:04:16 - [TEST_STEP][PASSED] - out.println("Value of Execute is : " + ExecuteTC): null

2023-02-08 17:04:16 - [TEST_STEP][PASSED] - if (ExecuteTC.equalsIgnoreCase("Y")): null

2023-02-08 17:04:16 - [TEST_STEP][PASSED] - out.println("Begin Record Number: " + row): null

2023-02-08 17:04:16 - [TEST_STEP][PASSED] - today = new java.util.Date(): null

2023-02-08 17:04:16 - [TEST_STEP][PASSED] - println(today): null

2023-02-08 17:04:16 - [TEST_STEP][PASSED] - datText = today: null

2023-02-08 17:04:16 - [TEST_STEP][PASSED] - Taxtype = findTestData(dataFile).getValue("TaxType", row): null

2023-02-08 17:04:16 - [TEST_STEP][PASSED] - out.println("Taxtype value is : " + Taxtype): null

2023-02-08 17:04:16 - [TEST_STEP][PASSED] - openBrowser(""): Browser is opened with url: ''

2023-02-08 17:04:16 - [MESSAGE][WARNING] - A browser is already opened. Closing browser and opening a new one

2023-02-08 17:04:17 - [MESSAGE][INFO] - Starting 'Chrome' driver

2023-02-08 17:04:17 - [MESSAGE][INFO] - User set preference: ['acceptInsecureCerts', 'true']

2023-02-08 17:04:17 - [MESSAGE][INFO] - Action delay is set to 0 milliseconds

2023-02-08 17:04:18 - [MESSAGE][PASSED] - Browser is opened with url: ''

2023-02-08 17:04:18 - [TEST_STEP][PASSED] - maximizeWindow(): Current window maximized

2023-02-08 17:04:19 - [MESSAGE][PASSED] - Current window maximized

2023-02-08 17:04:19 - [TEST_STEP][PASSED] - navigateToUrl(RADurl): Navigate to 'https://qa.velocitypayment.com/client/rad/index.html' successfully

2023-02-08 17:04:21 - [MESSAGE][PASSED] - Navigate to 'https://qa.velocitypayment.com/client/rad/index.html' successfully

2023-02-08 17:04:21 - [TEST_STEP][PASSED] - orPath_Landing = "Object Repository/RAD_Pages/Landing_Page": null

2023-02-08 17:04:21 - [TEST_STEP][PASSED] - orPath_TaxTypeFilingYear = "Object Repository/RAD_Pages/TaxTypeFilingYear_Page": null

2023-02-08 17:04:21 - [TEST_STEP][PASSED] - orPath_TaxPayer = "Object Repository/RAD_Pages/Taxpayer_Page": null

2023-02-08 17:04:21 - [TEST_STEP][PASSED] - orPath_AddressContact = "Object Repository/RAD_Pages/AddressAndContactInfo_Page": null

2023-02-08 17:04:21 - [TEST_STEP][PASSED] - orPath_FilingStatus = "Object Repository/RAD_Pages/FilingStatus_Page": null

2023-02-08 17:04:21 - [TEST_STEP][PASSED] - orPath_Amount = "Object Repository/RAD_Pages/PaymentAmount_Page": null

2023-02-08 17:04:21 - [TEST_STEP][PASSED] - orPath_TaxInfo = "Object Repository/RAD_Pages/TaxInfo_Page": null

2023-02-08 17:04:21 - [TEST_STEP][PASSED] - orPath_Withholding = "Object Repository/RAD_Pages/Withholding_Page": null

2023-02-08 17:04:21 - [TEST_STEP][PASSED] - orPath_Summary = "Object Repository/RAD_Pages/Summary_Page": null

2023-02-08 17:04:21 - [TEST_STEP][PASSED] - orPath_PaymentReady = "Object Repository/RAD_Pages/PaymentReady_Page": null

2023-02-08 17:04:21 - [TEST_STEP][PASSED] - orPath_PaymentEntry = "Object Repository/RAD_Pages/PaymentEntry_Page": null

2023-02-08 17:04:21 - [TEST_STEP][PASSED] - orPath_PaymentConfirmation = "Object Repository/RAD_Pages/PaymentConfirmation_Page": null

2023-02-08 17:04:21 - [TEST_STEP][PASSED] - orPath_ServiceFeesAccept = "Object Repository/RAD_Pages/ServiceFeeAccept_Page": null

2023-02-08 17:04:21 - [TEST_STEP][PASSED] - selectOptionByLabel(findTestObject(orPath_Landing + "/dd_TaxType"), Taxtype, false): All options with label 'Existing Liability' are selected in object 'Object Repository/RAD_Pages/Landing_Page/dd_TaxType' 

2023-02-08 17:04:22 - [MESSAGE][PASSED] - All options with label 'Existing Liability' are selected in object 'Object Repository/RAD_Pages/Landing_Page/dd_TaxType' 

2023-02-08 17:04:22 - [TEST_STEP][PASSED] - delay(1): Delayed 1 second(s)

2023-02-08 17:04:23 - [MESSAGE][PASSED] - Delayed 1 second(s)

2023-02-08 17:04:23 - [TEST_STEP][PASSED] - selectOptionByLabel(findTestObject(orPath_TaxTypeFilingYear + "/select_TaxType_ExistingLiability"), TaxTypeEL, false): All options with label 'Bay Restoration Fund Tax' are selected in object 'Object Repository/RAD_Pages/TaxTypeFilingYear_Page/select_TaxType_ExistingLiability' 

2023-02-08 17:04:24 - [MESSAGE][PASSED] - All options with label 'Bay Restoration Fund Tax' are selected in object 'Object Repository/RAD_Pages/TaxTypeFilingYear_Page/select_TaxType_ExistingLiability' 

2023-02-08 17:04:24 - [TEST_STEP][PASSED] - if (TaxTypeEL.equalsIgnoreCase("Fiduciary Tax") || TaxTypeEL.equalsIgnoreCase("Personal Tax")): null

2023-02-08 17:04:24 - [TEST_STEP][PASSED] - else: Text 'My Glass Company' is set on object 'Object Repository/RAD_Pages/Taxpayer_Page/input_businessName'

2023-02-08 17:04:24 - [TEST_STEP][PASSED] - setText(findTestObject(orPath_TaxPayer + "/input_businessName"), businessName): Text 'My Glass Company' is set on object 'Object Repository/RAD_Pages/Taxpayer_Page/input_businessName'

2023-02-08 17:04:25 - [MESSAGE][PASSED] - Text 'My Glass Company' is set on object 'Object Repository/RAD_Pages/Taxpayer_Page/input_businessName'

2023-02-08 17:04:25 - [TEST_STEP][PASSED] - selectOptionByLabel(findTestObject(orPath_AddressContact + "/select_Country"), "United States", false): All options with label 'United States' are selected in object 'Object Repository/RAD_Pages/AddressAndContactInfo_Page/select_Country' 

2023-02-08 17:04:25 - [MESSAGE][PASSED] - All options with label 'United States' are selected in object 'Object Repository/RAD_Pages/AddressAndContactInfo_Page/select_Country' 

2023-02-08 17:04:25 - [TEST_STEP][PASSED] - setText(findTestObject(orPath_AddressContact + "/input_streetAddress1"), AL1): Text '2311 York road' is set on object 'Object Repository/RAD_Pages/AddressAndContactInfo_Page/input_streetAddress1'

2023-02-08 17:04:27 - [MESSAGE][PASSED] - Text '2311 York road' is set on object 'Object Repository/RAD_Pages/AddressAndContactInfo_Page/input_streetAddress1'

2023-02-08 17:04:27 - [TEST_STEP][PASSED] - setText(findTestObject(orPath_AddressContact + "/input_streetAddress2"), ""): Text '' is set on object 'Object Repository/RAD_Pages/AddressAndContactInfo_Page/input_streetAddress2'

2023-02-08 17:04:27 - [MESSAGE][PASSED] - Text '' is set on object 'Object Repository/RAD_Pages/AddressAndContactInfo_Page/input_streetAddress2'

2023-02-08 17:04:27 - [TEST_STEP][PASSED] - setText(findTestObject(orPath_AddressContact + "/input_city"), City): Text 'Gambrills' is set on object 'Object Repository/RAD_Pages/AddressAndContactInfo_Page/input_city'

2023-02-08 17:04:28 - [MESSAGE][PASSED] - Text 'Gambrills' is set on object 'Object Repository/RAD_Pages/AddressAndContactInfo_Page/input_city'

2023-02-08 17:04:28 - [TEST_STEP][PASSED] - selectOptionByLabel(findTestObject(orPath_AddressContact + "/select_State"), "Maryland", false): All options with label 'Maryland' are selected in object 'Object Repository/RAD_Pages/AddressAndContactInfo_Page/select_State' 

2023-02-08 17:04:29 - [MESSAGE][PASSED] - All options with label 'Maryland' are selected in object 'Object Repository/RAD_Pages/AddressAndContactInfo_Page/select_State' 

2023-02-08 17:04:29 - [TEST_STEP][PASSED] - setText(findTestObject(orPath_AddressContact + "/input_zipCode"), ZIP): Text '21054' is set on object 'Object Repository/RAD_Pages/AddressAndContactInfo_Page/input_zipCode'

2023-02-08 17:04:30 - [MESSAGE][PASSED] - Text '21054' is set on object 'Object Repository/RAD_Pages/AddressAndContactInfo_Page/input_zipCode'

2023-02-08 17:04:30 - [TEST_STEP][PASSED] - setText(findTestObject(orPath_AddressContact + "/input_phoneNumber"), "(703) 894-5000"): Text '(703) 894-5000' is set on object 'Object Repository/RAD_Pages/AddressAndContactInfo_Page/input_phoneNumber'

2023-02-08 17:04:31 - [MESSAGE][PASSED] - Text '(703) 894-5000' is set on object 'Object Repository/RAD_Pages/AddressAndContactInfo_Page/input_phoneNumber'

2023-02-08 17:04:31 - [TEST_STEP][PASSED] - setText(findTestObject(orPath_AddressContact + "/input_eMailAddress"), "iahmed@govolution.com"): Text 'iahmed@govolution.com' is set on object 'Object Repository/RAD_Pages/AddressAndContactInfo_Page/input_eMailAddress'

2023-02-08 17:04:32 - [MESSAGE][PASSED] - Text 'iahmed@govolution.com' is set on object 'Object Repository/RAD_Pages/AddressAndContactInfo_Page/input_eMailAddress'

2023-02-08 17:04:32 - [TEST_STEP][PASSED] - setText(findTestObject(orPath_AddressContact + "/input_reEnterEMailAddress"), "iahmed@govolution.com"): Text 'iahmed@govolution.com' is set on object 'Object Repository/RAD_Pages/AddressAndContactInfo_Page/input_reEnterEMailAddress'

2023-02-08 17:04:33 - [MESSAGE][PASSED] - Text 'iahmed@govolution.com' is set on object 'Object Repository/RAD_Pages/AddressAndContactInfo_Page/input_reEnterEMailAddress'

2023-02-08 17:04:33 - [TEST_STEP][PASSED] - if (TaxTypeEL.equalsIgnoreCase("Personal Tax")): null

2023-02-08 17:04:33 - [TEST_STEP][PASSED] - scrollToElement(findTestObject(orPath_Amount + "/input__paymentAmount"), 3): Scroll to object 'Object Repository/RAD_Pages/PaymentAmount_Page/input__paymentAmount' successfully

2023-02-08 17:04:33 - [MESSAGE][PASSED] - Scroll to object 'Object Repository/RAD_Pages/PaymentAmount_Page/input__paymentAmount' successfully

2023-02-08 17:04:33 - [TEST_STEP][PASSED] - if (!(TaxTypeEL.equalsIgnoreCase("Personal Tax"))): Text ****** has been set on object 'Object Repository/RAD_Pages/TaxInfo_Page/input_concat(id(, , data, , ))_Data (1)'

2023-02-08 17:04:33 - [TEST_STEP][PASSED] - setEncryptedText(findTestObject("Object Repository/RAD_Pages/TaxInfo_Page/input_concat(id(, , data, , ))_Data"), "RigbBhfdqODKcAsiUrg+1Q=="): Text ****** has been set on object 'Object Repository/RAD_Pages/TaxInfo_Page/input_concat(id(, , data, , ))_Data'

2023-02-08 17:04:34 - [MESSAGE][PASSED] - Text ****** has been set on object 'Object Repository/RAD_Pages/TaxInfo_Page/input_concat(id(, , data, , ))_Data'

2023-02-08 17:04:34 - [TEST_STEP][PASSED] - setEncryptedText(findTestObject("Object Repository/RAD_Pages/TaxInfo_Page/input_concat(id(, , data, , ))_Data (1)"), "RigbBhfdqODKcAsiUrg+1Q=="): Text ****** has been set on object 'Object Repository/RAD_Pages/TaxInfo_Page/input_concat(id(, , data, , ))_Data (1)'

2023-02-08 17:04:35 - [MESSAGE][PASSED] - Text ****** has been set on object 'Object Repository/RAD_Pages/TaxInfo_Page/input_concat(id(, , data, , ))_Data (1)'

2023-02-08 17:04:35 - [TEST_STEP][PASSED] - delay(1): Delayed 1 second(s)

2023-02-08 17:04:36 - [MESSAGE][PASSED] - Delayed 1 second(s)

2023-02-08 17:04:36 - [TEST_STEP][PASSED] - setText(findTestObject(orPath_TaxInfo + "/input_NoticeInvoiceNumber"), notInvNumber): Text '2581471470001' is set on object 'Object Repository/RAD_Pages/TaxInfo_Page/input_NoticeInvoiceNumber'

2023-02-08 17:04:37 - [MESSAGE][PASSED] - Text '2581471470001' is set on object 'Object Repository/RAD_Pages/TaxInfo_Page/input_NoticeInvoiceNumber'

2023-02-08 17:04:37 - [TEST_STEP][PASSED] - setText(findTestObject(orPath_TaxInfo + "/input_reTypeNoticeInvoiceNumber"), notInvNumber): Text '2581471470001' is set on object 'Object Repository/RAD_Pages/TaxInfo_Page/input_reTypeNoticeInvoiceNumber'

2023-02-08 17:04:38 - [MESSAGE][PASSED] - Text '2581471470001' is set on object 'Object Repository/RAD_Pages/TaxInfo_Page/input_reTypeNoticeInvoiceNumber'

2023-02-08 17:04:38 - [TEST_STEP][PASSED] - if (TaxTypeEL.equalsIgnoreCase("Sales & Use Tax") || TaxTypeEL.equalsIgnoreCase("Withholding Tax")): null

2023-02-08 17:04:38 - [TEST_STEP][PASSED] - setText(findTestObject(orPath_Amount + "/input__paymentAmount"), Amount): Text '30.50' is set on object 'Object Repository/RAD_Pages/PaymentAmount_Page/input__paymentAmount'

2023-02-08 17:04:39 - [MESSAGE][PASSED] - Text '30.50' is set on object 'Object Repository/RAD_Pages/PaymentAmount_Page/input__paymentAmount'

2023-02-08 17:04:39 - [TEST_STEP][PASSED] - scrollToElement(findTestObject(orPath_Landing + "/button_Continue"), 3): Scroll to object 'Object Repository/RAD_Pages/Landing_Page/button_Continue' successfully

2023-02-08 17:04:39 - [MESSAGE][PASSED] - Scroll to object 'Object Repository/RAD_Pages/Landing_Page/button_Continue' successfully

2023-02-08 17:04:39 - [TEST_STEP][PASSED] - waitForElementClickable(findTestObject(orPath_Landing + "/button_Continue"), 5): Object 'Object Repository/RAD_Pages/Landing_Page/button_Continue' is clickable

2023-02-08 17:04:40 - [MESSAGE][PASSED] - Object 'Object Repository/RAD_Pages/Landing_Page/button_Continue' is clickable

2023-02-08 17:04:40 - [TEST_STEP][PASSED] - click(findTestObject(orPath_Landing + "/button_Continue")): Object: 'Object Repository/RAD_Pages/Landing_Page/button_Continue' is clicked on

2023-02-08 17:04:40 - [MESSAGE][PASSED] - Object: 'Object Repository/RAD_Pages/Landing_Page/button_Continue' is clicked on

2023-02-08 17:04:40 - [TEST_STEP][PASSED] - verifyTextPresent("Review the information below and make any necessary corrections by clicking the", true): Text 'Review the information below and make any necessary corrections by clicking the' is present on page  using regular expression

2023-02-08 17:04:41 - [MESSAGE][PASSED] - Text 'Review the information below and make any necessary corrections by clicking the' is present on page  using regular expression

2023-02-08 17:04:41 - [TEST_STEP][PASSED] - verifyTextPresent("When you are confident that all the information is correct", true): Text 'When you are confident that all the information is correct' is present on page  using regular expression

2023-02-08 17:04:41 - [MESSAGE][PASSED] - Text 'When you are confident that all the information is correct' is present on page  using regular expression

2023-02-08 17:04:41 - [TEST_STEP][PASSED] - delay(1): Delayed 1 second(s)

2023-02-08 17:04:42 - [MESSAGE][PASSED] - Delayed 1 second(s)

2023-02-08 17:04:42 - [TEST_STEP][PASSED] - click(findTestObject(orPath_PaymentReady + "/button_ProceedtoPayment")): Object: 'Object Repository/RAD_Pages/PaymentReady_Page/button_ProceedtoPayment' is clicked on

2023-02-08 17:04:45 - [MESSAGE][PASSED] - Object: 'Object Repository/RAD_Pages/PaymentReady_Page/button_ProceedtoPayment' is clicked on

2023-02-08 17:04:45 - [TEST_STEP][PASSED] - setText(findTestObject("Object Repository/RAD_Pages/PaymentEntry_Page/input__billingName"), "Anthony Gonzalez"): Text 'Anthony Gonzalez' is set on object 'Object Repository/RAD_Pages/PaymentEntry_Page/input__billingName'

2023-02-08 17:04:46 - [MESSAGE][PASSED] - Text 'Anthony Gonzalez' is set on object 'Object Repository/RAD_Pages/PaymentEntry_Page/input__billingName'

2023-02-08 17:04:46 - [TEST_STEP][PASSED] - setText(findTestObject(orPath_PaymentEntry + "/input__cardNumber"), CCNumber): Text '4012000098765439' is set on object 'Object Repository/RAD_Pages/PaymentEntry_Page/input__cardNumber'

2023-02-08 17:04:46 - [MESSAGE][PASSED] - Text '4012000098765439' is set on object 'Object Repository/RAD_Pages/PaymentEntry_Page/input__cardNumber'

2023-02-08 17:04:46 - [TEST_STEP][PASSED] - setText(findTestObject(orPath_PaymentEntry + "/input__spc"), CVV): Text '123' is set on object 'Object Repository/RAD_Pages/PaymentEntry_Page/input__spc'

2023-02-08 17:04:47 - [MESSAGE][PASSED] - Text '123' is set on object 'Object Repository/RAD_Pages/PaymentEntry_Page/input__spc'

2023-02-08 17:04:47 - [TEST_STEP][PASSED] - selectOptionByLabel(findTestObject(orPath_PaymentEntry + "/select_MM"), "12", false): All options with label '12' are selected in object 'Object Repository/RAD_Pages/PaymentEntry_Page/select_MM' 

2023-02-08 17:04:48 - [MESSAGE][PASSED] - All options with label '12' are selected in object 'Object Repository/RAD_Pages/PaymentEntry_Page/select_MM' 

2023-02-08 17:04:48 - [TEST_STEP][PASSED] - selectOptionByLabel(findTestObject(orPath_PaymentEntry + "/select_YYYY"), "2023", false): All options with label '2023' are selected in object 'Object Repository/RAD_Pages/PaymentEntry_Page/select_YYYY' 

2023-02-08 17:04:49 - [MESSAGE][PASSED] - All options with label '2023' are selected in object 'Object Repository/RAD_Pages/PaymentEntry_Page/select_YYYY' 

2023-02-08 17:04:49 - [TEST_STEP][PASSED] - click(findTestObject(orPath_PaymentEntry + "/input_Field_ccSubmit")): Object: 'Object Repository/RAD_Pages/PaymentEntry_Page/input_Field_ccSubmit' is clicked on

2023-02-08 17:04:50 - [MESSAGE][PASSED] - Object: 'Object Repository/RAD_Pages/PaymentEntry_Page/input_Field_ccSubmit' is clicked on

2023-02-08 17:04:50 - [TEST_STEP][PASSED] - click(findTestObject(orPath_PaymentConfirmation + "/input_N_confirmNotifyAction")): Object: 'Object Repository/RAD_Pages/PaymentConfirmation_Page/input_N_confirmNotifyAction' is clicked on

2023-02-08 17:04:52 - [MESSAGE][PASSED] - Object: 'Object Repository/RAD_Pages/PaymentConfirmation_Page/input_N_confirmNotifyAction' is clicked on

2023-02-08 17:04:52 - [TEST_STEP][PASSED] - click(findTestObject(orPath_ServiceFeesAccept + "/input_convFeeNotifyAction")): Object: 'Object Repository/RAD_Pages/ServiceFeeAccept_Page/input_convFeeNotifyAction' is clicked on

2023-02-08 17:04:53 - [MESSAGE][PASSED] - Object: 'Object Repository/RAD_Pages/ServiceFeeAccept_Page/input_convFeeNotifyAction' is clicked on

2023-02-08 17:04:53 - [TEST_STEP][PASSED] - delay(10): Delayed 10 second(s)

2023-02-08 17:05:03 - [MESSAGE][PASSED] - Delayed 10 second(s)

2023-02-08 17:05:03 - [TEST_STEP][PASSED] - verifyTextPresent("Successful Payment Receipt", true): Text 'Successful Payment Receipt' is present on page  using regular expression

2023-02-08 17:05:04 - [MESSAGE][PASSED] - Text 'Successful Payment Receipt' is present on page  using regular expression

2023-02-08 17:05:04 - [TEST_STEP][PASSED] - if (verifyTextPresent("Successful Payment Receipt", true)): null

2023-02-08 17:05:04 - [MESSAGE][PASSED] - Text 'Successful Payment Receipt' is present on page  using regular expression

2023-02-08 17:05:04 - [TEST_STEP][PASSED] - println("Transaction was Successful"): null

2023-02-08 17:05:04 - [TEST_STEP][PASSED] - out.println("Pass Record Number: " + row): null

2023-02-08 17:05:04 - [TEST_STEP][PASSED] - resText = "Pass": null

2023-02-08 17:05:04 - [TEST_STEP][PASSED] - pages.WriteExcel.demoKey(resText, datText, resColumn, datCloumn, fileLoc, nameSheet, row): pages.WriteExcel.demoKey is PASSED

2023-02-08 17:05:04 - [MESSAGE][PASSED] - pages.WriteExcel.demoKey is PASSED

2023-02-08 17:05:04 - [TEST_STEP][PASSED] - ExecuteTC = findTestData(dataFile).getValue("Execute", row): null

2023-02-08 17:05:04 - [TEST_STEP][PASSED] - Taxtype = findTestData(dataFile).getValue("TaxType", row): null

2023-02-08 17:05:04 - [TEST_STEP][PASSED] - TaxTypeEL = findTestData(dataFile).getValue("TaxTypeEL", row): null

2023-02-08 17:05:04 - [TEST_STEP][PASSED] - FName = findTestData(dataFile).getValue("Fname", row): null

2023-02-08 17:05:04 - [TEST_STEP][PASSED] - LName = findTestData(dataFile).getValue("Lname", row): null

2023-02-08 17:05:04 - [TEST_STEP][PASSED] - AL1 = findTestData(dataFile).getValue("AL1", row): null

2023-02-08 17:05:04 - [TEST_STEP][PASSED] - City = findTestData(dataFile).getValue("City", row): null

2023-02-08 17:05:04 - [TEST_STEP][PASSED] - ZIP = findTestData(dataFile).getValue("ZIP", row): null

2023-02-08 17:05:04 - [TEST_STEP][PASSED] - Amount = findTestData(dataFile).getValue("Amount", row): null

2023-02-08 17:05:04 - [TEST_STEP][PASSED] - CCNumber = findTestData(dataFile).getValue("CCNumber", row): null

2023-02-08 17:05:04 - [TEST_STEP][PASSED] - CVV = findTestData(dataFile).getValue("CVV", row): null

2023-02-08 17:05:04 - [TEST_STEP][PASSED] - SSN = findTestData(dataFile).getValue("SSN", row): null

2023-02-08 17:05:04 - [TEST_STEP][PASSED] - notInvNumber = findTestData(dataFile).getValue("NotiInvoNumber", row): null

2023-02-08 17:05:04 - [TEST_STEP][PASSED] - businessName = findTestData(dataFile).getValue("BusName", row): null

2023-02-08 17:05:04 - [TEST_STEP][PASSED] - out.println("Value of Execute is : " + ExecuteTC): null

2023-02-08 17:05:04 - [TEST_STEP][PASSED] - if (ExecuteTC.equalsIgnoreCase("Y")): null

2023-02-08 17:05:04 - [TEST_STEP][PASSED] - out.println("Begin Record Number: " + row): null

2023-02-08 17:05:04 - [TEST_STEP][PASSED] - today = new java.util.Date(): null

2023-02-08 17:05:04 - [TEST_STEP][PASSED] - println(today): null

2023-02-08 17:05:04 - [TEST_STEP][PASSED] - datText = today: null

2023-02-08 17:05:04 - [TEST_STEP][PASSED] - Taxtype = findTestData(dataFile).getValue("TaxType", row): null

2023-02-08 17:05:04 - [TEST_STEP][PASSED] - out.println("Taxtype value is : " + Taxtype): null

2023-02-08 17:05:04 - [TEST_STEP][PASSED] - openBrowser(""): Browser is opened with url: ''

2023-02-08 17:05:04 - [MESSAGE][WARNING] - A browser is already opened. Closing browser and opening a new one

2023-02-08 17:05:05 - [MESSAGE][INFO] - Starting 'Chrome' driver

2023-02-08 17:05:05 - [MESSAGE][INFO] - User set preference: ['acceptInsecureCerts', 'true']

2023-02-08 17:05:05 - [MESSAGE][INFO] - Action delay is set to 0 milliseconds

2023-02-08 17:05:07 - [MESSAGE][PASSED] - Browser is opened with url: ''

2023-02-08 17:05:07 - [TEST_STEP][PASSED] - maximizeWindow(): Current window maximized

2023-02-08 17:05:07 - [MESSAGE][PASSED] - Current window maximized

2023-02-08 17:05:07 - [TEST_STEP][PASSED] - navigateToUrl(RADurl): Navigate to 'https://qa.velocitypayment.com/client/rad/index.html' successfully

2023-02-08 17:05:09 - [MESSAGE][PASSED] - Navigate to 'https://qa.velocitypayment.com/client/rad/index.html' successfully

2023-02-08 17:05:09 - [TEST_STEP][PASSED] - orPath_Landing = "Object Repository/RAD_Pages/Landing_Page": null

2023-02-08 17:05:09 - [TEST_STEP][PASSED] - orPath_TaxTypeFilingYear = "Object Repository/RAD_Pages/TaxTypeFilingYear_Page": null

2023-02-08 17:05:09 - [TEST_STEP][PASSED] - orPath_TaxPayer = "Object Repository/RAD_Pages/Taxpayer_Page": null

2023-02-08 17:05:09 - [TEST_STEP][PASSED] - orPath_AddressContact = "Object Repository/RAD_Pages/AddressAndContactInfo_Page": null

2023-02-08 17:05:09 - [TEST_STEP][PASSED] - orPath_FilingStatus = "Object Repository/RAD_Pages/FilingStatus_Page": null

2023-02-08 17:05:09 - [TEST_STEP][PASSED] - orPath_Amount = "Object Repository/RAD_Pages/PaymentAmount_Page": null

2023-02-08 17:05:09 - [TEST_STEP][PASSED] - orPath_TaxInfo = "Object Repository/RAD_Pages/TaxInfo_Page": null

2023-02-08 17:05:09 - [TEST_STEP][PASSED] - orPath_Withholding = "Object Repository/RAD_Pages/Withholding_Page": null

2023-02-08 17:05:09 - [TEST_STEP][PASSED] - orPath_Summary = "Object Repository/RAD_Pages/Summary_Page": null

2023-02-08 17:05:09 - [TEST_STEP][PASSED] - orPath_PaymentReady = "Object Repository/RAD_Pages/PaymentReady_Page": null

2023-02-08 17:05:09 - [TEST_STEP][PASSED] - orPath_PaymentEntry = "Object Repository/RAD_Pages/PaymentEntry_Page": null

2023-02-08 17:05:09 - [TEST_STEP][PASSED] - orPath_PaymentConfirmation = "Object Repository/RAD_Pages/PaymentConfirmation_Page": null

2023-02-08 17:05:09 - [TEST_STEP][PASSED] - orPath_ServiceFeesAccept = "Object Repository/RAD_Pages/ServiceFeeAccept_Page": null

2023-02-08 17:05:09 - [TEST_STEP][PASSED] - selectOptionByLabel(findTestObject(orPath_Landing + "/dd_TaxType"), Taxtype, false): All options with label 'Existing Liability' are selected in object 'Object Repository/RAD_Pages/Landing_Page/dd_TaxType' 

2023-02-08 17:05:10 - [MESSAGE][PASSED] - All options with label 'Existing Liability' are selected in object 'Object Repository/RAD_Pages/Landing_Page/dd_TaxType' 

2023-02-08 17:05:10 - [TEST_STEP][PASSED] - delay(1): Delayed 1 second(s)

2023-02-08 17:05:11 - [MESSAGE][PASSED] - Delayed 1 second(s)

2023-02-08 17:05:11 - [TEST_STEP][PASSED] - selectOptionByLabel(findTestObject(orPath_TaxTypeFilingYear + "/select_TaxType_ExistingLiability"), TaxTypeEL, false): All options with label 'CORP Tax' are selected in object 'Object Repository/RAD_Pages/TaxTypeFilingYear_Page/select_TaxType_ExistingLiability' 

2023-02-08 17:05:12 - [MESSAGE][PASSED] - All options with label 'CORP Tax' are selected in object 'Object Repository/RAD_Pages/TaxTypeFilingYear_Page/select_TaxType_ExistingLiability' 

2023-02-08 17:05:12 - [TEST_STEP][PASSED] - if (TaxTypeEL.equalsIgnoreCase("Fiduciary Tax") || TaxTypeEL.equalsIgnoreCase("Personal Tax")): null

2023-02-08 17:05:12 - [TEST_STEP][PASSED] - else: Text 'Superior, Painters' is set on object 'Object Repository/RAD_Pages/Taxpayer_Page/input_businessName'

2023-02-08 17:05:12 - [TEST_STEP][PASSED] - setText(findTestObject(orPath_TaxPayer + "/input_businessName"), businessName): Text 'Superior, Painters' is set on object 'Object Repository/RAD_Pages/Taxpayer_Page/input_businessName'

2023-02-08 17:05:13 - [MESSAGE][PASSED] - Text 'Superior, Painters' is set on object 'Object Repository/RAD_Pages/Taxpayer_Page/input_businessName'

2023-02-08 17:05:13 - [TEST_STEP][PASSED] - selectOptionByLabel(findTestObject(orPath_AddressContact + "/select_Country"), "United States", false): All options with label 'United States' are selected in object 'Object Repository/RAD_Pages/AddressAndContactInfo_Page/select_Country' 

2023-02-08 17:05:13 - [MESSAGE][PASSED] - All options with label 'United States' are selected in object 'Object Repository/RAD_Pages/AddressAndContactInfo_Page/select_Country' 

2023-02-08 17:05:13 - [TEST_STEP][PASSED] - setText(findTestObject(orPath_AddressContact + "/input_streetAddress1"), AL1): Text '25 Moan Road' is set on object 'Object Repository/RAD_Pages/AddressAndContactInfo_Page/input_streetAddress1'

2023-02-08 17:05:15 - [MESSAGE][PASSED] - Text '25 Moan Road' is set on object 'Object Repository/RAD_Pages/AddressAndContactInfo_Page/input_streetAddress1'

2023-02-08 17:05:15 - [TEST_STEP][PASSED] - setText(findTestObject(orPath_AddressContact + "/input_streetAddress2"), ""): Text '' is set on object 'Object Repository/RAD_Pages/AddressAndContactInfo_Page/input_streetAddress2'

2023-02-08 17:05:15 - [MESSAGE][PASSED] - Text '' is set on object 'Object Repository/RAD_Pages/AddressAndContactInfo_Page/input_streetAddress2'

2023-02-08 17:05:15 - [TEST_STEP][PASSED] - setText(findTestObject(orPath_AddressContact + "/input_city"), City): Text 'Severn' is set on object 'Object Repository/RAD_Pages/AddressAndContactInfo_Page/input_city'

2023-02-08 17:05:16 - [MESSAGE][PASSED] - Text 'Severn' is set on object 'Object Repository/RAD_Pages/AddressAndContactInfo_Page/input_city'

2023-02-08 17:05:16 - [TEST_STEP][PASSED] - selectOptionByLabel(findTestObject(orPath_AddressContact + "/select_State"), "Maryland", false): All options with label 'Maryland' are selected in object 'Object Repository/RAD_Pages/AddressAndContactInfo_Page/select_State' 

2023-02-08 17:05:17 - [MESSAGE][PASSED] - All options with label 'Maryland' are selected in object 'Object Repository/RAD_Pages/AddressAndContactInfo_Page/select_State' 

2023-02-08 17:05:17 - [TEST_STEP][PASSED] - setText(findTestObject(orPath_AddressContact + "/input_zipCode"), ZIP): Text '21114' is set on object 'Object Repository/RAD_Pages/AddressAndContactInfo_Page/input_zipCode'

2023-02-08 17:05:18 - [MESSAGE][PASSED] - Text '21114' is set on object 'Object Repository/RAD_Pages/AddressAndContactInfo_Page/input_zipCode'

2023-02-08 17:05:18 - [TEST_STEP][PASSED] - setText(findTestObject(orPath_AddressContact + "/input_phoneNumber"), "(703) 894-5000"): Text '(703) 894-5000' is set on object 'Object Repository/RAD_Pages/AddressAndContactInfo_Page/input_phoneNumber'

2023-02-08 17:05:19 - [MESSAGE][PASSED] - Text '(703) 894-5000' is set on object 'Object Repository/RAD_Pages/AddressAndContactInfo_Page/input_phoneNumber'

2023-02-08 17:05:19 - [TEST_STEP][PASSED] - setText(findTestObject(orPath_AddressContact + "/input_eMailAddress"), "iahmed@govolution.com"): Text 'iahmed@govolution.com' is set on object 'Object Repository/RAD_Pages/AddressAndContactInfo_Page/input_eMailAddress'

2023-02-08 17:05:20 - [MESSAGE][PASSED] - Text 'iahmed@govolution.com' is set on object 'Object Repository/RAD_Pages/AddressAndContactInfo_Page/input_eMailAddress'

2023-02-08 17:05:20 - [TEST_STEP][PASSED] - setText(findTestObject(orPath_AddressContact + "/input_reEnterEMailAddress"), "iahmed@govolution.com"): Text 'iahmed@govolution.com' is set on object 'Object Repository/RAD_Pages/AddressAndContactInfo_Page/input_reEnterEMailAddress'

2023-02-08 17:05:21 - [MESSAGE][PASSED] - Text 'iahmed@govolution.com' is set on object 'Object Repository/RAD_Pages/AddressAndContactInfo_Page/input_reEnterEMailAddress'

2023-02-08 17:05:21 - [TEST_STEP][PASSED] - if (TaxTypeEL.equalsIgnoreCase("Personal Tax")): null

2023-02-08 17:05:21 - [TEST_STEP][PASSED] - scrollToElement(findTestObject(orPath_Amount + "/input__paymentAmount"), 3): Scroll to object 'Object Repository/RAD_Pages/PaymentAmount_Page/input__paymentAmount' successfully

2023-02-08 17:05:21 - [MESSAGE][PASSED] - Scroll to object 'Object Repository/RAD_Pages/PaymentAmount_Page/input__paymentAmount' successfully

2023-02-08 17:05:21 - [TEST_STEP][PASSED] - if (!(TaxTypeEL.equalsIgnoreCase("Personal Tax"))): Text ****** has been set on object 'Object Repository/RAD_Pages/TaxInfo_Page/input_concat(id(, , data, , ))_Data (1)'

2023-02-08 17:05:21 - [TEST_STEP][PASSED] - setEncryptedText(findTestObject("Object Repository/RAD_Pages/TaxInfo_Page/input_concat(id(, , data, , ))_Data"), "RigbBhfdqODKcAsiUrg+1Q=="): Text ****** has been set on object 'Object Repository/RAD_Pages/TaxInfo_Page/input_concat(id(, , data, , ))_Data'

2023-02-08 17:05:22 - [MESSAGE][PASSED] - Text ****** has been set on object 'Object Repository/RAD_Pages/TaxInfo_Page/input_concat(id(, , data, , ))_Data'

2023-02-08 17:05:22 - [TEST_STEP][PASSED] - setEncryptedText(findTestObject("Object Repository/RAD_Pages/TaxInfo_Page/input_concat(id(, , data, , ))_Data (1)"), "RigbBhfdqODKcAsiUrg+1Q=="): Text ****** has been set on object 'Object Repository/RAD_Pages/TaxInfo_Page/input_concat(id(, , data, , ))_Data (1)'

2023-02-08 17:05:23 - [MESSAGE][PASSED] - Text ****** has been set on object 'Object Repository/RAD_Pages/TaxInfo_Page/input_concat(id(, , data, , ))_Data (1)'

2023-02-08 17:05:23 - [TEST_STEP][PASSED] - delay(1): Delayed 1 second(s)

2023-02-08 17:05:24 - [MESSAGE][PASSED] - Delayed 1 second(s)

2023-02-08 17:05:24 - [TEST_STEP][PASSED] - setText(findTestObject(orPath_TaxInfo + "/input_NoticeInvoiceNumber"), notInvNumber): Text '2581471470001' is set on object 'Object Repository/RAD_Pages/TaxInfo_Page/input_NoticeInvoiceNumber'

2023-02-08 17:05:25 - [MESSAGE][PASSED] - Text '2581471470001' is set on object 'Object Repository/RAD_Pages/TaxInfo_Page/input_NoticeInvoiceNumber'

2023-02-08 17:05:25 - [TEST_STEP][PASSED] - setText(findTestObject(orPath_TaxInfo + "/input_reTypeNoticeInvoiceNumber"), notInvNumber): Text '2581471470001' is set on object 'Object Repository/RAD_Pages/TaxInfo_Page/input_reTypeNoticeInvoiceNumber'

2023-02-08 17:05:26 - [MESSAGE][PASSED] - Text '2581471470001' is set on object 'Object Repository/RAD_Pages/TaxInfo_Page/input_reTypeNoticeInvoiceNumber'

2023-02-08 17:05:26 - [TEST_STEP][PASSED] - if (TaxTypeEL.equalsIgnoreCase("Sales & Use Tax") || TaxTypeEL.equalsIgnoreCase("Withholding Tax")): null

2023-02-08 17:05:26 - [TEST_STEP][PASSED] - setText(findTestObject(orPath_Amount + "/input__paymentAmount"), Amount): Text '30.50' is set on object 'Object Repository/RAD_Pages/PaymentAmount_Page/input__paymentAmount'

2023-02-08 17:05:27 - [MESSAGE][PASSED] - Text '30.50' is set on object 'Object Repository/RAD_Pages/PaymentAmount_Page/input__paymentAmount'

2023-02-08 17:05:27 - [TEST_STEP][PASSED] - scrollToElement(findTestObject(orPath_Landing + "/button_Continue"), 3): Scroll to object 'Object Repository/RAD_Pages/Landing_Page/button_Continue' successfully

2023-02-08 17:05:27 - [MESSAGE][PASSED] - Scroll to object 'Object Repository/RAD_Pages/Landing_Page/button_Continue' successfully

2023-02-08 17:05:27 - [TEST_STEP][PASSED] - waitForElementClickable(findTestObject(orPath_Landing + "/button_Continue"), 5): Object 'Object Repository/RAD_Pages/Landing_Page/button_Continue' is clickable

2023-02-08 17:05:27 - [MESSAGE][PASSED] - Object 'Object Repository/RAD_Pages/Landing_Page/button_Continue' is clickable

2023-02-08 17:05:27 - [TEST_STEP][PASSED] - click(findTestObject(orPath_Landing + "/button_Continue")): Object: 'Object Repository/RAD_Pages/Landing_Page/button_Continue' is clicked on

2023-02-08 17:05:28 - [MESSAGE][PASSED] - Object: 'Object Repository/RAD_Pages/Landing_Page/button_Continue' is clicked on

2023-02-08 17:05:28 - [TEST_STEP][PASSED] - verifyTextPresent("Review the information below and make any necessary corrections by clicking the", true): Text 'Review the information below and make any necessary corrections by clicking the' is present on page  using regular expression

2023-02-08 17:05:29 - [MESSAGE][PASSED] - Text 'Review the information below and make any necessary corrections by clicking the' is present on page  using regular expression

2023-02-08 17:05:29 - [TEST_STEP][PASSED] - verifyTextPresent("When you are confident that all the information is correct", true): Text 'When you are confident that all the information is correct' is present on page  using regular expression

2023-02-08 17:05:29 - [MESSAGE][PASSED] - Text 'When you are confident that all the information is correct' is present on page  using regular expression

2023-02-08 17:05:29 - [TEST_STEP][PASSED] - delay(1): Delayed 1 second(s)

2023-02-08 17:05:30 - [MESSAGE][PASSED] - Delayed 1 second(s)

2023-02-08 17:05:30 - [TEST_STEP][PASSED] - click(findTestObject(orPath_PaymentReady + "/button_ProceedtoPayment")): Object: 'Object Repository/RAD_Pages/PaymentReady_Page/button_ProceedtoPayment' is clicked on

2023-02-08 17:05:32 - [MESSAGE][PASSED] - Object: 'Object Repository/RAD_Pages/PaymentReady_Page/button_ProceedtoPayment' is clicked on

2023-02-08 17:05:32 - [TEST_STEP][PASSED] - setText(findTestObject("Object Repository/RAD_Pages/PaymentEntry_Page/input__billingName"), "Anthony Gonzalez"): Text 'Anthony Gonzalez' is set on object 'Object Repository/RAD_Pages/PaymentEntry_Page/input__billingName'

2023-02-08 17:05:33 - [MESSAGE][PASSED] - Text 'Anthony Gonzalez' is set on object 'Object Repository/RAD_Pages/PaymentEntry_Page/input__billingName'

2023-02-08 17:05:33 - [TEST_STEP][PASSED] - setText(findTestObject(orPath_PaymentEntry + "/input__cardNumber"), CCNumber): Text '5146312200000035' is set on object 'Object Repository/RAD_Pages/PaymentEntry_Page/input__cardNumber'

2023-02-08 17:05:34 - [MESSAGE][PASSED] - Text '5146312200000035' is set on object 'Object Repository/RAD_Pages/PaymentEntry_Page/input__cardNumber'

2023-02-08 17:05:34 - [TEST_STEP][PASSED] - setText(findTestObject(orPath_PaymentEntry + "/input__spc"), CVV): Text '123' is set on object 'Object Repository/RAD_Pages/PaymentEntry_Page/input__spc'

2023-02-08 17:05:35 - [MESSAGE][PASSED] - Text '123' is set on object 'Object Repository/RAD_Pages/PaymentEntry_Page/input__spc'

2023-02-08 17:05:35 - [TEST_STEP][PASSED] - selectOptionByLabel(findTestObject(orPath_PaymentEntry + "/select_MM"), "12", false): All options with label '12' are selected in object 'Object Repository/RAD_Pages/PaymentEntry_Page/select_MM' 

2023-02-08 17:05:36 - [MESSAGE][PASSED] - All options with label '12' are selected in object 'Object Repository/RAD_Pages/PaymentEntry_Page/select_MM' 

2023-02-08 17:05:36 - [TEST_STEP][PASSED] - selectOptionByLabel(findTestObject(orPath_PaymentEntry + "/select_YYYY"), "2023", false): All options with label '2023' are selected in object 'Object Repository/RAD_Pages/PaymentEntry_Page/select_YYYY' 

2023-02-08 17:05:37 - [MESSAGE][PASSED] - All options with label '2023' are selected in object 'Object Repository/RAD_Pages/PaymentEntry_Page/select_YYYY' 

2023-02-08 17:05:37 - [TEST_STEP][PASSED] - click(findTestObject(orPath_PaymentEntry + "/input_Field_ccSubmit")): Object: 'Object Repository/RAD_Pages/PaymentEntry_Page/input_Field_ccSubmit' is clicked on

2023-02-08 17:05:38 - [MESSAGE][PASSED] - Object: 'Object Repository/RAD_Pages/PaymentEntry_Page/input_Field_ccSubmit' is clicked on

2023-02-08 17:05:38 - [TEST_STEP][PASSED] - click(findTestObject(orPath_PaymentConfirmation + "/input_N_confirmNotifyAction")): Object: 'Object Repository/RAD_Pages/PaymentConfirmation_Page/input_N_confirmNotifyAction' is clicked on

2023-02-08 17:05:39 - [MESSAGE][PASSED] - Object: 'Object Repository/RAD_Pages/PaymentConfirmation_Page/input_N_confirmNotifyAction' is clicked on

2023-02-08 17:05:39 - [TEST_STEP][PASSED] - click(findTestObject(orPath_ServiceFeesAccept + "/input_convFeeNotifyAction")): Object: 'Object Repository/RAD_Pages/ServiceFeeAccept_Page/input_convFeeNotifyAction' is clicked on

2023-02-08 17:05:40 - [MESSAGE][PASSED] - Object: 'Object Repository/RAD_Pages/ServiceFeeAccept_Page/input_convFeeNotifyAction' is clicked on

2023-02-08 17:05:40 - [TEST_STEP][PASSED] - delay(10): Delayed 10 second(s)

2023-02-08 17:05:50 - [MESSAGE][PASSED] - Delayed 10 second(s)

2023-02-08 17:05:50 - [TEST_STEP][PASSED] - verifyTextPresent("Successful Payment Receipt", true): Text 'Successful Payment Receipt' is present on page  using regular expression

2023-02-08 17:05:51 - [MESSAGE][PASSED] - Text 'Successful Payment Receipt' is present on page  using regular expression

2023-02-08 17:05:51 - [TEST_STEP][PASSED] - if (verifyTextPresent("Successful Payment Receipt", true)): null

2023-02-08 17:05:51 - [MESSAGE][PASSED] - Text 'Successful Payment Receipt' is present on page  using regular expression

2023-02-08 17:05:51 - [TEST_STEP][PASSED] - println("Transaction was Successful"): null

2023-02-08 17:05:51 - [TEST_STEP][PASSED] - out.println("Pass Record Number: " + row): null

2023-02-08 17:05:51 - [TEST_STEP][PASSED] - resText = "Pass": null

2023-02-08 17:05:51 - [TEST_STEP][PASSED] - pages.WriteExcel.demoKey(resText, datText, resColumn, datCloumn, fileLoc, nameSheet, row): pages.WriteExcel.demoKey is PASSED

2023-02-08 17:05:51 - [MESSAGE][PASSED] - pages.WriteExcel.demoKey is PASSED

2023-02-08 17:05:51 - [TEST_STEP][PASSED] - ExecuteTC = findTestData(dataFile).getValue("Execute", row): null

2023-02-08 17:05:51 - [TEST_STEP][PASSED] - Taxtype = findTestData(dataFile).getValue("TaxType", row): null

2023-02-08 17:05:51 - [TEST_STEP][PASSED] - TaxTypeEL = findTestData(dataFile).getValue("TaxTypeEL", row): null

2023-02-08 17:05:51 - [TEST_STEP][PASSED] - FName = findTestData(dataFile).getValue("Fname", row): null

2023-02-08 17:05:51 - [TEST_STEP][PASSED] - LName = findTestData(dataFile).getValue("Lname", row): null

2023-02-08 17:05:51 - [TEST_STEP][PASSED] - AL1 = findTestData(dataFile).getValue("AL1", row): null

2023-02-08 17:05:51 - [TEST_STEP][PASSED] - City = findTestData(dataFile).getValue("City", row): null

2023-02-08 17:05:51 - [TEST_STEP][PASSED] - ZIP = findTestData(dataFile).getValue("ZIP", row): null

2023-02-08 17:05:51 - [TEST_STEP][PASSED] - Amount = findTestData(dataFile).getValue("Amount", row): null

2023-02-08 17:05:51 - [TEST_STEP][PASSED] - CCNumber = findTestData(dataFile).getValue("CCNumber", row): null

2023-02-08 17:05:51 - [TEST_STEP][PASSED] - CVV = findTestData(dataFile).getValue("CVV", row): null

2023-02-08 17:05:51 - [TEST_STEP][PASSED] - SSN = findTestData(dataFile).getValue("SSN", row): null

2023-02-08 17:05:51 - [TEST_STEP][PASSED] - notInvNumber = findTestData(dataFile).getValue("NotiInvoNumber", row): null

2023-02-08 17:05:51 - [TEST_STEP][PASSED] - businessName = findTestData(dataFile).getValue("BusName", row): null

2023-02-08 17:05:51 - [TEST_STEP][PASSED] - out.println("Value of Execute is : " + ExecuteTC): null

2023-02-08 17:05:51 - [TEST_STEP][PASSED] - if (ExecuteTC.equalsIgnoreCase("Y")): null

2023-02-08 17:05:51 - [TEST_STEP][PASSED] - out.println("Begin Record Number: " + row): null

2023-02-08 17:05:51 - [TEST_STEP][PASSED] - today = new java.util.Date(): null

2023-02-08 17:05:51 - [TEST_STEP][PASSED] - println(today): null

2023-02-08 17:05:51 - [TEST_STEP][PASSED] - datText = today: null

2023-02-08 17:05:51 - [TEST_STEP][PASSED] - Taxtype = findTestData(dataFile).getValue("TaxType", row): null

2023-02-08 17:05:51 - [TEST_STEP][PASSED] - out.println("Taxtype value is : " + Taxtype): null

2023-02-08 17:05:51 - [TEST_STEP][PASSED] - openBrowser(""): Browser is opened with url: ''

2023-02-08 17:05:51 - [MESSAGE][WARNING] - A browser is already opened. Closing browser and opening a new one

2023-02-08 17:05:52 - [MESSAGE][INFO] - Starting 'Chrome' driver

2023-02-08 17:05:52 - [MESSAGE][INFO] - User set preference: ['acceptInsecureCerts', 'true']

2023-02-08 17:05:52 - [MESSAGE][INFO] - Action delay is set to 0 milliseconds

2023-02-08 17:05:54 - [MESSAGE][PASSED] - Browser is opened with url: ''

2023-02-08 17:05:54 - [TEST_STEP][PASSED] - maximizeWindow(): Current window maximized

2023-02-08 17:05:54 - [MESSAGE][PASSED] - Current window maximized

2023-02-08 17:05:54 - [TEST_STEP][PASSED] - navigateToUrl(RADurl): Navigate to 'https://qa.velocitypayment.com/client/rad/index.html' successfully

2023-02-08 17:05:56 - [MESSAGE][PASSED] - Navigate to 'https://qa.velocitypayment.com/client/rad/index.html' successfully

2023-02-08 17:05:56 - [TEST_STEP][PASSED] - orPath_Landing = "Object Repository/RAD_Pages/Landing_Page": null

2023-02-08 17:05:56 - [TEST_STEP][PASSED] - orPath_TaxTypeFilingYear = "Object Repository/RAD_Pages/TaxTypeFilingYear_Page": null

2023-02-08 17:05:56 - [TEST_STEP][PASSED] - orPath_TaxPayer = "Object Repository/RAD_Pages/Taxpayer_Page": null

2023-02-08 17:05:56 - [TEST_STEP][PASSED] - orPath_AddressContact = "Object Repository/RAD_Pages/AddressAndContactInfo_Page": null

2023-02-08 17:05:56 - [TEST_STEP][PASSED] - orPath_FilingStatus = "Object Repository/RAD_Pages/FilingStatus_Page": null

2023-02-08 17:05:56 - [TEST_STEP][PASSED] - orPath_Amount = "Object Repository/RAD_Pages/PaymentAmount_Page": null

2023-02-08 17:05:56 - [TEST_STEP][PASSED] - orPath_TaxInfo = "Object Repository/RAD_Pages/TaxInfo_Page": null

2023-02-08 17:05:56 - [TEST_STEP][PASSED] - orPath_Withholding = "Object Repository/RAD_Pages/Withholding_Page": null

2023-02-08 17:05:56 - [TEST_STEP][PASSED] - orPath_Summary = "Object Repository/RAD_Pages/Summary_Page": null

2023-02-08 17:05:56 - [TEST_STEP][PASSED] - orPath_PaymentReady = "Object Repository/RAD_Pages/PaymentReady_Page": null

2023-02-08 17:05:56 - [TEST_STEP][PASSED] - orPath_PaymentEntry = "Object Repository/RAD_Pages/PaymentEntry_Page": null

2023-02-08 17:05:56 - [TEST_STEP][PASSED] - orPath_PaymentConfirmation = "Object Repository/RAD_Pages/PaymentConfirmation_Page": null

2023-02-08 17:05:56 - [TEST_STEP][PASSED] - orPath_ServiceFeesAccept = "Object Repository/RAD_Pages/ServiceFeeAccept_Page": null

2023-02-08 17:05:56 - [TEST_STEP][PASSED] - selectOptionByLabel(findTestObject(orPath_Landing + "/dd_TaxType"), Taxtype, false): All options with label 'Existing Liability' are selected in object 'Object Repository/RAD_Pages/Landing_Page/dd_TaxType' 

2023-02-08 17:05:57 - [MESSAGE][PASSED] - All options with label 'Existing Liability' are selected in object 'Object Repository/RAD_Pages/Landing_Page/dd_TaxType' 

2023-02-08 17:05:57 - [TEST_STEP][PASSED] - delay(1): Delayed 1 second(s)

2023-02-08 17:05:58 - [MESSAGE][PASSED] - Delayed 1 second(s)

2023-02-08 17:05:58 - [TEST_STEP][PASSED] - selectOptionByLabel(findTestObject(orPath_TaxTypeFilingYear + "/select_TaxType_ExistingLiability"), TaxTypeEL, false): All options with label 'CORP Tax' are selected in object 'Object Repository/RAD_Pages/TaxTypeFilingYear_Page/select_TaxType_ExistingLiability' 

2023-02-08 17:05:58 - [MESSAGE][PASSED] - All options with label 'CORP Tax' are selected in object 'Object Repository/RAD_Pages/TaxTypeFilingYear_Page/select_TaxType_ExistingLiability' 

2023-02-08 17:05:58 - [TEST_STEP][PASSED] - if (TaxTypeEL.equalsIgnoreCase("Fiduciary Tax") || TaxTypeEL.equalsIgnoreCase("Personal Tax")): null

2023-02-08 17:05:58 - [TEST_STEP][PASSED] - else: Text 'Superior, Painters' is set on object 'Object Repository/RAD_Pages/Taxpayer_Page/input_businessName'

2023-02-08 17:05:58 - [TEST_STEP][PASSED] - setText(findTestObject(orPath_TaxPayer + "/input_businessName"), businessName): Text 'Superior, Painters' is set on object 'Object Repository/RAD_Pages/Taxpayer_Page/input_businessName'

2023-02-08 17:05:59 - [MESSAGE][PASSED] - Text 'Superior, Painters' is set on object 'Object Repository/RAD_Pages/Taxpayer_Page/input_businessName'

2023-02-08 17:05:59 - [TEST_STEP][PASSED] - selectOptionByLabel(findTestObject(orPath_AddressContact + "/select_Country"), "United States", false): All options with label 'United States' are selected in object 'Object Repository/RAD_Pages/AddressAndContactInfo_Page/select_Country' 

2023-02-08 17:06:00 - [MESSAGE][PASSED] - All options with label 'United States' are selected in object 'Object Repository/RAD_Pages/AddressAndContactInfo_Page/select_Country' 

2023-02-08 17:06:00 - [TEST_STEP][PASSED] - setText(findTestObject(orPath_AddressContact + "/input_streetAddress1"), AL1): Text '25 Moan Road' is set on object 'Object Repository/RAD_Pages/AddressAndContactInfo_Page/input_streetAddress1'

2023-02-08 17:06:01 - [MESSAGE][PASSED] - Text '25 Moan Road' is set on object 'Object Repository/RAD_Pages/AddressAndContactInfo_Page/input_streetAddress1'

2023-02-08 17:06:01 - [TEST_STEP][PASSED] - setText(findTestObject(orPath_AddressContact + "/input_streetAddress2"), ""): Text '' is set on object 'Object Repository/RAD_Pages/AddressAndContactInfo_Page/input_streetAddress2'

2023-02-08 17:06:02 - [MESSAGE][PASSED] - Text '' is set on object 'Object Repository/RAD_Pages/AddressAndContactInfo_Page/input_streetAddress2'

2023-02-08 17:06:02 - [TEST_STEP][PASSED] - setText(findTestObject(orPath_AddressContact + "/input_city"), City): Text 'Severn' is set on object 'Object Repository/RAD_Pages/AddressAndContactInfo_Page/input_city'

2023-02-08 17:06:03 - [MESSAGE][PASSED] - Text 'Severn' is set on object 'Object Repository/RAD_Pages/AddressAndContactInfo_Page/input_city'

2023-02-08 17:06:03 - [TEST_STEP][PASSED] - selectOptionByLabel(findTestObject(orPath_AddressContact + "/select_State"), "Maryland", false): All options with label 'Maryland' are selected in object 'Object Repository/RAD_Pages/AddressAndContactInfo_Page/select_State' 

2023-02-08 17:06:04 - [MESSAGE][PASSED] - All options with label 'Maryland' are selected in object 'Object Repository/RAD_Pages/AddressAndContactInfo_Page/select_State' 

2023-02-08 17:06:04 - [TEST_STEP][PASSED] - setText(findTestObject(orPath_AddressContact + "/input_zipCode"), ZIP): Text '21114' is set on object 'Object Repository/RAD_Pages/AddressAndContactInfo_Page/input_zipCode'

2023-02-08 17:06:04 - [MESSAGE][PASSED] - Text '21114' is set on object 'Object Repository/RAD_Pages/AddressAndContactInfo_Page/input_zipCode'

2023-02-08 17:06:04 - [TEST_STEP][PASSED] - setText(findTestObject(orPath_AddressContact + "/input_phoneNumber"), "(703) 894-5000"): Text '(703) 894-5000' is set on object 'Object Repository/RAD_Pages/AddressAndContactInfo_Page/input_phoneNumber'

2023-02-08 17:06:05 - [MESSAGE][PASSED] - Text '(703) 894-5000' is set on object 'Object Repository/RAD_Pages/AddressAndContactInfo_Page/input_phoneNumber'

2023-02-08 17:06:05 - [TEST_STEP][PASSED] - setText(findTestObject(orPath_AddressContact + "/input_eMailAddress"), "iahmed@govolution.com"): Text 'iahmed@govolution.com' is set on object 'Object Repository/RAD_Pages/AddressAndContactInfo_Page/input_eMailAddress'

2023-02-08 17:06:06 - [MESSAGE][PASSED] - Text 'iahmed@govolution.com' is set on object 'Object Repository/RAD_Pages/AddressAndContactInfo_Page/input_eMailAddress'

2023-02-08 17:06:06 - [TEST_STEP][PASSED] - setText(findTestObject(orPath_AddressContact + "/input_reEnterEMailAddress"), "iahmed@govolution.com"): Text 'iahmed@govolution.com' is set on object 'Object Repository/RAD_Pages/AddressAndContactInfo_Page/input_reEnterEMailAddress'

2023-02-08 17:06:07 - [MESSAGE][PASSED] - Text 'iahmed@govolution.com' is set on object 'Object Repository/RAD_Pages/AddressAndContactInfo_Page/input_reEnterEMailAddress'

2023-02-08 17:06:07 - [TEST_STEP][PASSED] - if (TaxTypeEL.equalsIgnoreCase("Personal Tax")): null

2023-02-08 17:06:07 - [TEST_STEP][PASSED] - scrollToElement(findTestObject(orPath_Amount + "/input__paymentAmount"), 3): Scroll to object 'Object Repository/RAD_Pages/PaymentAmount_Page/input__paymentAmount' successfully

2023-02-08 17:06:08 - [MESSAGE][PASSED] - Scroll to object 'Object Repository/RAD_Pages/PaymentAmount_Page/input__paymentAmount' successfully

2023-02-08 17:06:08 - [TEST_STEP][PASSED] - if (!(TaxTypeEL.equalsIgnoreCase("Personal Tax"))): Text ****** has been set on object 'Object Repository/RAD_Pages/TaxInfo_Page/input_concat(id(, , data, , ))_Data (1)'

2023-02-08 17:06:08 - [TEST_STEP][PASSED] - setEncryptedText(findTestObject("Object Repository/RAD_Pages/TaxInfo_Page/input_concat(id(, , data, , ))_Data"), "RigbBhfdqODKcAsiUrg+1Q=="): Text ****** has been set on object 'Object Repository/RAD_Pages/TaxInfo_Page/input_concat(id(, , data, , ))_Data'

2023-02-08 17:06:09 - [MESSAGE][PASSED] - Text ****** has been set on object 'Object Repository/RAD_Pages/TaxInfo_Page/input_concat(id(, , data, , ))_Data'

2023-02-08 17:06:09 - [TEST_STEP][PASSED] - setEncryptedText(findTestObject("Object Repository/RAD_Pages/TaxInfo_Page/input_concat(id(, , data, , ))_Data (1)"), "RigbBhfdqODKcAsiUrg+1Q=="): Text ****** has been set on object 'Object Repository/RAD_Pages/TaxInfo_Page/input_concat(id(, , data, , ))_Data (1)'

2023-02-08 17:06:09 - [MESSAGE][PASSED] - Text ****** has been set on object 'Object Repository/RAD_Pages/TaxInfo_Page/input_concat(id(, , data, , ))_Data (1)'

2023-02-08 17:06:09 - [TEST_STEP][PASSED] - delay(1): Delayed 1 second(s)

2023-02-08 17:06:10 - [MESSAGE][PASSED] - Delayed 1 second(s)

2023-02-08 17:06:10 - [TEST_STEP][PASSED] - setText(findTestObject(orPath_TaxInfo + "/input_NoticeInvoiceNumber"), notInvNumber): Text '2581471470' is set on object 'Object Repository/RAD_Pages/TaxInfo_Page/input_NoticeInvoiceNumber'

2023-02-08 17:06:11 - [MESSAGE][PASSED] - Text '2581471470' is set on object 'Object Repository/RAD_Pages/TaxInfo_Page/input_NoticeInvoiceNumber'

2023-02-08 17:06:11 - [TEST_STEP][PASSED] - setText(findTestObject(orPath_TaxInfo + "/input_reTypeNoticeInvoiceNumber"), notInvNumber): Text '2581471470' is set on object 'Object Repository/RAD_Pages/TaxInfo_Page/input_reTypeNoticeInvoiceNumber'

2023-02-08 17:06:12 - [MESSAGE][PASSED] - Text '2581471470' is set on object 'Object Repository/RAD_Pages/TaxInfo_Page/input_reTypeNoticeInvoiceNumber'

2023-02-08 17:06:12 - [TEST_STEP][PASSED] - if (TaxTypeEL.equalsIgnoreCase("Sales & Use Tax") || TaxTypeEL.equalsIgnoreCase("Withholding Tax")): null

2023-02-08 17:06:12 - [TEST_STEP][PASSED] - setText(findTestObject(orPath_Amount + "/input__paymentAmount"), Amount): Text '30.50' is set on object 'Object Repository/RAD_Pages/PaymentAmount_Page/input__paymentAmount'

2023-02-08 17:06:13 - [MESSAGE][PASSED] - Text '30.50' is set on object 'Object Repository/RAD_Pages/PaymentAmount_Page/input__paymentAmount'

2023-02-08 17:06:13 - [TEST_STEP][PASSED] - scrollToElement(findTestObject(orPath_Landing + "/button_Continue"), 3): Scroll to object 'Object Repository/RAD_Pages/Landing_Page/button_Continue' successfully

2023-02-08 17:06:14 - [MESSAGE][PASSED] - Scroll to object 'Object Repository/RAD_Pages/Landing_Page/button_Continue' successfully

2023-02-08 17:06:14 - [TEST_STEP][PASSED] - waitForElementClickable(findTestObject(orPath_Landing + "/button_Continue"), 5): Object 'Object Repository/RAD_Pages/Landing_Page/button_Continue' is clickable

2023-02-08 17:06:14 - [MESSAGE][PASSED] - Object 'Object Repository/RAD_Pages/Landing_Page/button_Continue' is clickable

2023-02-08 17:06:14 - [TEST_STEP][PASSED] - click(findTestObject(orPath_Landing + "/button_Continue")): Object: 'Object Repository/RAD_Pages/Landing_Page/button_Continue' is clicked on

2023-02-08 17:06:15 - [MESSAGE][PASSED] - Object: 'Object Repository/RAD_Pages/Landing_Page/button_Continue' is clicked on

2023-02-08 17:06:15 - [TEST_STEP][PASSED] - verifyTextPresent("Review the information below and make any necessary corrections by clicking the", true): Text 'Review the information below and make any necessary corrections by clicking the' is present on page  using regular expression

2023-02-08 17:06:15 - [MESSAGE][PASSED] - Text 'Review the information below and make any necessary corrections by clicking the' is present on page  using regular expression

2023-02-08 17:06:15 - [TEST_STEP][PASSED] - verifyTextPresent("When you are confident that all the information is correct", true): Text 'When you are confident that all the information is correct' is present on page  using regular expression

2023-02-08 17:06:16 - [MESSAGE][PASSED] - Text 'When you are confident that all the information is correct' is present on page  using regular expression

2023-02-08 17:06:16 - [TEST_STEP][PASSED] - delay(1): Delayed 1 second(s)

2023-02-08 17:06:17 - [MESSAGE][PASSED] - Delayed 1 second(s)

2023-02-08 17:06:17 - [TEST_STEP][PASSED] - click(findTestObject(orPath_PaymentReady + "/button_ProceedtoPayment")): Object: 'Object Repository/RAD_Pages/PaymentReady_Page/button_ProceedtoPayment' is clicked on

2023-02-08 17:06:18 - [MESSAGE][PASSED] - Object: 'Object Repository/RAD_Pages/PaymentReady_Page/button_ProceedtoPayment' is clicked on

2023-02-08 17:06:18 - [TEST_STEP][PASSED] - setText(findTestObject("Object Repository/RAD_Pages/PaymentEntry_Page/input__billingName"), "Anthony Gonzalez"): Text 'Anthony Gonzalez' is set on object 'Object Repository/RAD_Pages/PaymentEntry_Page/input__billingName'

2023-02-08 17:06:19 - [MESSAGE][PASSED] - Text 'Anthony Gonzalez' is set on object 'Object Repository/RAD_Pages/PaymentEntry_Page/input__billingName'

2023-02-08 17:06:19 - [TEST_STEP][PASSED] - setText(findTestObject(orPath_PaymentEntry + "/input__cardNumber"), CCNumber): Text '5146312200000035' is set on object 'Object Repository/RAD_Pages/PaymentEntry_Page/input__cardNumber'

2023-02-08 17:06:20 - [MESSAGE][PASSED] - Text '5146312200000035' is set on object 'Object Repository/RAD_Pages/PaymentEntry_Page/input__cardNumber'

2023-02-08 17:06:20 - [TEST_STEP][PASSED] - setText(findTestObject(orPath_PaymentEntry + "/input__spc"), CVV): Text '123' is set on object 'Object Repository/RAD_Pages/PaymentEntry_Page/input__spc'

2023-02-08 17:06:21 - [MESSAGE][PASSED] - Text '123' is set on object 'Object Repository/RAD_Pages/PaymentEntry_Page/input__spc'

2023-02-08 17:06:21 - [TEST_STEP][PASSED] - selectOptionByLabel(findTestObject(orPath_PaymentEntry + "/select_MM"), "12", false): All options with label '12' are selected in object 'Object Repository/RAD_Pages/PaymentEntry_Page/select_MM' 

2023-02-08 17:06:22 - [MESSAGE][PASSED] - All options with label '12' are selected in object 'Object Repository/RAD_Pages/PaymentEntry_Page/select_MM' 

2023-02-08 17:06:22 - [TEST_STEP][PASSED] - selectOptionByLabel(findTestObject(orPath_PaymentEntry + "/select_YYYY"), "2023", false): All options with label '2023' are selected in object 'Object Repository/RAD_Pages/PaymentEntry_Page/select_YYYY' 

2023-02-08 17:06:23 - [MESSAGE][PASSED] - All options with label '2023' are selected in object 'Object Repository/RAD_Pages/PaymentEntry_Page/select_YYYY' 

2023-02-08 17:06:23 - [TEST_STEP][PASSED] - click(findTestObject(orPath_PaymentEntry + "/input_Field_ccSubmit")): Object: 'Object Repository/RAD_Pages/PaymentEntry_Page/input_Field_ccSubmit' is clicked on

2023-02-08 17:06:23 - [MESSAGE][PASSED] - Object: 'Object Repository/RAD_Pages/PaymentEntry_Page/input_Field_ccSubmit' is clicked on

2023-02-08 17:06:23 - [TEST_STEP][PASSED] - click(findTestObject(orPath_PaymentConfirmation + "/input_N_confirmNotifyAction")): Object: 'Object Repository/RAD_Pages/PaymentConfirmation_Page/input_N_confirmNotifyAction' is clicked on

2023-02-08 17:06:25 - [MESSAGE][PASSED] - Object: 'Object Repository/RAD_Pages/PaymentConfirmation_Page/input_N_confirmNotifyAction' is clicked on

2023-02-08 17:06:25 - [TEST_STEP][PASSED] - click(findTestObject(orPath_ServiceFeesAccept + "/input_convFeeNotifyAction")): Object: 'Object Repository/RAD_Pages/ServiceFeeAccept_Page/input_convFeeNotifyAction' is clicked on

2023-02-08 17:06:26 - [MESSAGE][PASSED] - Object: 'Object Repository/RAD_Pages/ServiceFeeAccept_Page/input_convFeeNotifyAction' is clicked on

2023-02-08 17:06:26 - [TEST_STEP][PASSED] - delay(10): Delayed 10 second(s)

2023-02-08 17:06:36 - [MESSAGE][PASSED] - Delayed 10 second(s)

2023-02-08 17:06:36 - [TEST_STEP][PASSED] - verifyTextPresent("Successful Payment Receipt", true): Text 'Successful Payment Receipt' is present on page  using regular expression

2023-02-08 17:06:37 - [MESSAGE][PASSED] - Text 'Successful Payment Receipt' is present on page  using regular expression

2023-02-08 17:06:37 - [TEST_STEP][PASSED] - if (verifyTextPresent("Successful Payment Receipt", true)): null

2023-02-08 17:06:37 - [MESSAGE][PASSED] - Text 'Successful Payment Receipt' is present on page  using regular expression

2023-02-08 17:06:37 - [TEST_STEP][PASSED] - println("Transaction was Successful"): null

2023-02-08 17:06:37 - [TEST_STEP][PASSED] - out.println("Pass Record Number: " + row): null

2023-02-08 17:06:37 - [TEST_STEP][PASSED] - resText = "Pass": null

2023-02-08 17:06:37 - [TEST_STEP][PASSED] - pages.WriteExcel.demoKey(resText, datText, resColumn, datCloumn, fileLoc, nameSheet, row): pages.WriteExcel.demoKey is PASSED

2023-02-08 17:06:37 - [MESSAGE][PASSED] - pages.WriteExcel.demoKey is PASSED

2023-02-08 17:06:37 - [TEST_STEP][PASSED] - ExecuteTC = findTestData(dataFile).getValue("Execute", row): null

2023-02-08 17:06:37 - [TEST_STEP][PASSED] - Taxtype = findTestData(dataFile).getValue("TaxType", row): null

2023-02-08 17:06:37 - [TEST_STEP][PASSED] - TaxTypeEL = findTestData(dataFile).getValue("TaxTypeEL", row): null

2023-02-08 17:06:37 - [TEST_STEP][PASSED] - FName = findTestData(dataFile).getValue("Fname", row): null

2023-02-08 17:06:37 - [TEST_STEP][PASSED] - LName = findTestData(dataFile).getValue("Lname", row): null

2023-02-08 17:06:37 - [TEST_STEP][PASSED] - AL1 = findTestData(dataFile).getValue("AL1", row): null

2023-02-08 17:06:37 - [TEST_STEP][PASSED] - City = findTestData(dataFile).getValue("City", row): null

2023-02-08 17:06:37 - [TEST_STEP][PASSED] - ZIP = findTestData(dataFile).getValue("ZIP", row): null

2023-02-08 17:06:37 - [TEST_STEP][PASSED] - Amount = findTestData(dataFile).getValue("Amount", row): null

2023-02-08 17:06:37 - [TEST_STEP][PASSED] - CCNumber = findTestData(dataFile).getValue("CCNumber", row): null

2023-02-08 17:06:37 - [TEST_STEP][PASSED] - CVV = findTestData(dataFile).getValue("CVV", row): null

2023-02-08 17:06:37 - [TEST_STEP][PASSED] - SSN = findTestData(dataFile).getValue("SSN", row): null

2023-02-08 17:06:37 - [TEST_STEP][PASSED] - notInvNumber = findTestData(dataFile).getValue("NotiInvoNumber", row): null

2023-02-08 17:06:37 - [TEST_STEP][PASSED] - businessName = findTestData(dataFile).getValue("BusName", row): null

2023-02-08 17:06:37 - [TEST_STEP][PASSED] - out.println("Value of Execute is : " + ExecuteTC): null

2023-02-08 17:06:37 - [TEST_STEP][PASSED] - if (ExecuteTC.equalsIgnoreCase("Y")): null

2023-02-08 17:06:37 - [TEST_STEP][PASSED] - out.println("Begin Record Number: " + row): null

2023-02-08 17:06:37 - [TEST_STEP][PASSED] - today = new java.util.Date(): null

2023-02-08 17:06:37 - [TEST_STEP][PASSED] - println(today): null

2023-02-08 17:06:37 - [TEST_STEP][PASSED] - datText = today: null

2023-02-08 17:06:37 - [TEST_STEP][PASSED] - Taxtype = findTestData(dataFile).getValue("TaxType", row): null

2023-02-08 17:06:37 - [TEST_STEP][PASSED] - out.println("Taxtype value is : " + Taxtype): null

2023-02-08 17:06:37 - [TEST_STEP][PASSED] - openBrowser(""): Browser is opened with url: ''

2023-02-08 17:06:37 - [MESSAGE][WARNING] - A browser is already opened. Closing browser and opening a new one

2023-02-08 17:06:38 - [MESSAGE][INFO] - Starting 'Chrome' driver

2023-02-08 17:06:38 - [MESSAGE][INFO] - User set preference: ['acceptInsecureCerts', 'true']

2023-02-08 17:06:38 - [MESSAGE][INFO] - Action delay is set to 0 milliseconds

2023-02-08 17:06:40 - [MESSAGE][PASSED] - Browser is opened with url: ''

2023-02-08 17:06:40 - [TEST_STEP][PASSED] - maximizeWindow(): Current window maximized

2023-02-08 17:06:40 - [MESSAGE][PASSED] - Current window maximized

2023-02-08 17:06:40 - [TEST_STEP][PASSED] - navigateToUrl(RADurl): Navigate to 'https://qa.velocitypayment.com/client/rad/index.html' successfully

2023-02-08 17:06:42 - [MESSAGE][PASSED] - Navigate to 'https://qa.velocitypayment.com/client/rad/index.html' successfully

2023-02-08 17:06:42 - [TEST_STEP][PASSED] - orPath_Landing = "Object Repository/RAD_Pages/Landing_Page": null

2023-02-08 17:06:42 - [TEST_STEP][PASSED] - orPath_TaxTypeFilingYear = "Object Repository/RAD_Pages/TaxTypeFilingYear_Page": null

2023-02-08 17:06:42 - [TEST_STEP][PASSED] - orPath_TaxPayer = "Object Repository/RAD_Pages/Taxpayer_Page": null

2023-02-08 17:06:42 - [TEST_STEP][PASSED] - orPath_AddressContact = "Object Repository/RAD_Pages/AddressAndContactInfo_Page": null

2023-02-08 17:06:42 - [TEST_STEP][PASSED] - orPath_FilingStatus = "Object Repository/RAD_Pages/FilingStatus_Page": null

2023-02-08 17:06:42 - [TEST_STEP][PASSED] - orPath_Amount = "Object Repository/RAD_Pages/PaymentAmount_Page": null

2023-02-08 17:06:42 - [TEST_STEP][PASSED] - orPath_TaxInfo = "Object Repository/RAD_Pages/TaxInfo_Page": null

2023-02-08 17:06:42 - [TEST_STEP][PASSED] - orPath_Withholding = "Object Repository/RAD_Pages/Withholding_Page": null

2023-02-08 17:06:42 - [TEST_STEP][PASSED] - orPath_Summary = "Object Repository/RAD_Pages/Summary_Page": null

2023-02-08 17:06:42 - [TEST_STEP][PASSED] - orPath_PaymentReady = "Object Repository/RAD_Pages/PaymentReady_Page": null

2023-02-08 17:06:42 - [TEST_STEP][PASSED] - orPath_PaymentEntry = "Object Repository/RAD_Pages/PaymentEntry_Page": null

2023-02-08 17:06:42 - [TEST_STEP][PASSED] - orPath_PaymentConfirmation = "Object Repository/RAD_Pages/PaymentConfirmation_Page": null

2023-02-08 17:06:42 - [TEST_STEP][PASSED] - orPath_ServiceFeesAccept = "Object Repository/RAD_Pages/ServiceFeeAccept_Page": null

2023-02-08 17:06:42 - [TEST_STEP][PASSED] - selectOptionByLabel(findTestObject(orPath_Landing + "/dd_TaxType"), Taxtype, false): All options with label 'Existing Liability' are selected in object 'Object Repository/RAD_Pages/Landing_Page/dd_TaxType' 

2023-02-08 17:06:43 - [MESSAGE][PASSED] - All options with label 'Existing Liability' are selected in object 'Object Repository/RAD_Pages/Landing_Page/dd_TaxType' 

2023-02-08 17:06:43 - [TEST_STEP][PASSED] - delay(1): Delayed 1 second(s)

2023-02-08 17:06:44 - [MESSAGE][PASSED] - Delayed 1 second(s)

2023-02-08 17:06:44 - [TEST_STEP][PASSED] - selectOptionByLabel(findTestObject(orPath_TaxTypeFilingYear + "/select_TaxType_ExistingLiability"), TaxTypeEL, false): All options with label 'Fiduciary Tax' are selected in object 'Object Repository/RAD_Pages/TaxTypeFilingYear_Page/select_TaxType_ExistingLiability' 

2023-02-08 17:06:45 - [MESSAGE][PASSED] - All options with label 'Fiduciary Tax' are selected in object 'Object Repository/RAD_Pages/TaxTypeFilingYear_Page/select_TaxType_ExistingLiability' 

2023-02-08 17:06:45 - [TEST_STEP][PASSED] - if (TaxTypeEL.equalsIgnoreCase("Fiduciary Tax") || TaxTypeEL.equalsIgnoreCase("Personal Tax")): Text 'Sr' is set on object 'Object Repository/RAD_Pages/Taxpayer_Page/input_suffix'

2023-02-08 17:06:45 - [TEST_STEP][PASSED] - setText(findTestObject(orPath_TaxPayer + "/input_firstName"), FName): Text 'Jason' is set on object 'Object Repository/RAD_Pages/Taxpayer_Page/input_firstName'

2023-02-08 17:06:46 - [MESSAGE][PASSED] - Text 'Jason' is set on object 'Object Repository/RAD_Pages/Taxpayer_Page/input_firstName'

2023-02-08 17:06:46 - [TEST_STEP][PASSED] - setText(findTestObject(orPath_TaxPayer + "/input_lastName"), LName): Text 'Cook' is set on object 'Object Repository/RAD_Pages/Taxpayer_Page/input_lastName'

2023-02-08 17:06:47 - [MESSAGE][PASSED] - Text 'Cook' is set on object 'Object Repository/RAD_Pages/Taxpayer_Page/input_lastName'

2023-02-08 17:06:47 - [TEST_STEP][PASSED] - setText(findTestObject(orPath_TaxPayer + "/input_middleName"), "Johns"): Text 'Johns' is set on object 'Object Repository/RAD_Pages/Taxpayer_Page/input_middleName'

2023-02-08 17:06:47 - [MESSAGE][PASSED] - Text 'Johns' is set on object 'Object Repository/RAD_Pages/Taxpayer_Page/input_middleName'

2023-02-08 17:06:47 - [TEST_STEP][PASSED] - setText(findTestObject(orPath_TaxPayer + "/input_suffix"), "Sr"): Text 'Sr' is set on object 'Object Repository/RAD_Pages/Taxpayer_Page/input_suffix'

2023-02-08 17:06:48 - [MESSAGE][PASSED] - Text 'Sr' is set on object 'Object Repository/RAD_Pages/Taxpayer_Page/input_suffix'

2023-02-08 17:06:48 - [TEST_STEP][PASSED] - selectOptionByLabel(findTestObject(orPath_AddressContact + "/select_Country"), "United States", false): All options with label 'United States' are selected in object 'Object Repository/RAD_Pages/AddressAndContactInfo_Page/select_Country' 

2023-02-08 17:06:49 - [MESSAGE][PASSED] - All options with label 'United States' are selected in object 'Object Repository/RAD_Pages/AddressAndContactInfo_Page/select_Country' 

2023-02-08 17:06:49 - [TEST_STEP][PASSED] - setText(findTestObject(orPath_AddressContact + "/input_streetAddress1"), AL1): Text '1501 Mandan Terrace' is set on object 'Object Repository/RAD_Pages/AddressAndContactInfo_Page/input_streetAddress1'

2023-02-08 17:06:50 - [MESSAGE][PASSED] - Text '1501 Mandan Terrace' is set on object 'Object Repository/RAD_Pages/AddressAndContactInfo_Page/input_streetAddress1'

2023-02-08 17:06:50 - [TEST_STEP][PASSED] - setText(findTestObject(orPath_AddressContact + "/input_streetAddress2"), ""): Text '' is set on object 'Object Repository/RAD_Pages/AddressAndContactInfo_Page/input_streetAddress2'

2023-02-08 17:06:51 - [MESSAGE][PASSED] - Text '' is set on object 'Object Repository/RAD_Pages/AddressAndContactInfo_Page/input_streetAddress2'

2023-02-08 17:06:51 - [TEST_STEP][PASSED] - setText(findTestObject(orPath_AddressContact + "/input_city"), City): Text 'Bowie' is set on object 'Object Repository/RAD_Pages/AddressAndContactInfo_Page/input_city'

2023-02-08 17:06:52 - [MESSAGE][PASSED] - Text 'Bowie' is set on object 'Object Repository/RAD_Pages/AddressAndContactInfo_Page/input_city'

2023-02-08 17:06:52 - [TEST_STEP][PASSED] - selectOptionByLabel(findTestObject(orPath_AddressContact + "/select_State"), "Maryland", false): All options with label 'Maryland' are selected in object 'Object Repository/RAD_Pages/AddressAndContactInfo_Page/select_State' 

2023-02-08 17:06:53 - [MESSAGE][PASSED] - All options with label 'Maryland' are selected in object 'Object Repository/RAD_Pages/AddressAndContactInfo_Page/select_State' 

2023-02-08 17:06:53 - [TEST_STEP][PASSED] - setText(findTestObject(orPath_AddressContact + "/input_zipCode"), ZIP): Text '20720' is set on object 'Object Repository/RAD_Pages/AddressAndContactInfo_Page/input_zipCode'

2023-02-08 17:06:54 - [MESSAGE][PASSED] - Text '20720' is set on object 'Object Repository/RAD_Pages/AddressAndContactInfo_Page/input_zipCode'

2023-02-08 17:06:54 - [TEST_STEP][PASSED] - setText(findTestObject(orPath_AddressContact + "/input_phoneNumber"), "(703) 894-5000"): Text '(703) 894-5000' is set on object 'Object Repository/RAD_Pages/AddressAndContactInfo_Page/input_phoneNumber'

2023-02-08 17:06:54 - [MESSAGE][PASSED] - Text '(703) 894-5000' is set on object 'Object Repository/RAD_Pages/AddressAndContactInfo_Page/input_phoneNumber'

2023-02-08 17:06:54 - [TEST_STEP][PASSED] - setText(findTestObject(orPath_AddressContact + "/input_eMailAddress"), "iahmed@govolution.com"): Text 'iahmed@govolution.com' is set on object 'Object Repository/RAD_Pages/AddressAndContactInfo_Page/input_eMailAddress'

2023-02-08 17:06:56 - [MESSAGE][PASSED] - Text 'iahmed@govolution.com' is set on object 'Object Repository/RAD_Pages/AddressAndContactInfo_Page/input_eMailAddress'

2023-02-08 17:06:56 - [TEST_STEP][PASSED] - setText(findTestObject(orPath_AddressContact + "/input_reEnterEMailAddress"), "iahmed@govolution.com"): Text 'iahmed@govolution.com' is set on object 'Object Repository/RAD_Pages/AddressAndContactInfo_Page/input_reEnterEMailAddress'

2023-02-08 17:06:57 - [MESSAGE][PASSED] - Text 'iahmed@govolution.com' is set on object 'Object Repository/RAD_Pages/AddressAndContactInfo_Page/input_reEnterEMailAddress'

2023-02-08 17:06:57 - [TEST_STEP][PASSED] - if (TaxTypeEL.equalsIgnoreCase("Personal Tax")): null

2023-02-08 17:06:57 - [TEST_STEP][PASSED] - scrollToElement(findTestObject(orPath_Amount + "/input__paymentAmount"), 3): Scroll to object 'Object Repository/RAD_Pages/PaymentAmount_Page/input__paymentAmount' successfully

2023-02-08 17:06:57 - [MESSAGE][PASSED] - Scroll to object 'Object Repository/RAD_Pages/PaymentAmount_Page/input__paymentAmount' successfully

2023-02-08 17:06:57 - [TEST_STEP][PASSED] - if (!(TaxTypeEL.equalsIgnoreCase("Personal Tax"))): Text ****** has been set on object 'Object Repository/RAD_Pages/TaxInfo_Page/input_concat(id(, , data, , ))_Data (1)'

2023-02-08 17:06:57 - [TEST_STEP][PASSED] - setEncryptedText(findTestObject("Object Repository/RAD_Pages/TaxInfo_Page/input_concat(id(, , data, , ))_Data"), "RigbBhfdqODKcAsiUrg+1Q=="): Text ****** has been set on object 'Object Repository/RAD_Pages/TaxInfo_Page/input_concat(id(, , data, , ))_Data'

2023-02-08 17:06:58 - [MESSAGE][PASSED] - Text ****** has been set on object 'Object Repository/RAD_Pages/TaxInfo_Page/input_concat(id(, , data, , ))_Data'

2023-02-08 17:06:58 - [TEST_STEP][PASSED] - setEncryptedText(findTestObject("Object Repository/RAD_Pages/TaxInfo_Page/input_concat(id(, , data, , ))_Data (1)"), "RigbBhfdqODKcAsiUrg+1Q=="): Text ****** has been set on object 'Object Repository/RAD_Pages/TaxInfo_Page/input_concat(id(, , data, , ))_Data (1)'

2023-02-08 17:06:58 - [MESSAGE][PASSED] - Text ****** has been set on object 'Object Repository/RAD_Pages/TaxInfo_Page/input_concat(id(, , data, , ))_Data (1)'

2023-02-08 17:06:58 - [TEST_STEP][PASSED] - delay(1): Delayed 1 second(s)

2023-02-08 17:06:59 - [MESSAGE][PASSED] - Delayed 1 second(s)

2023-02-08 17:06:59 - [TEST_STEP][PASSED] - setText(findTestObject(orPath_TaxInfo + "/input_NoticeInvoiceNumber"), notInvNumber): Text '2581471470001' is set on object 'Object Repository/RAD_Pages/TaxInfo_Page/input_NoticeInvoiceNumber'

2023-02-08 17:07:00 - [MESSAGE][PASSED] - Text '2581471470001' is set on object 'Object Repository/RAD_Pages/TaxInfo_Page/input_NoticeInvoiceNumber'

2023-02-08 17:07:00 - [TEST_STEP][PASSED] - setText(findTestObject(orPath_TaxInfo + "/input_reTypeNoticeInvoiceNumber"), notInvNumber): Text '2581471470001' is set on object 'Object Repository/RAD_Pages/TaxInfo_Page/input_reTypeNoticeInvoiceNumber'

2023-02-08 17:07:01 - [MESSAGE][PASSED] - Text '2581471470001' is set on object 'Object Repository/RAD_Pages/TaxInfo_Page/input_reTypeNoticeInvoiceNumber'

2023-02-08 17:07:01 - [TEST_STEP][PASSED] - if (TaxTypeEL.equalsIgnoreCase("Sales & Use Tax") || TaxTypeEL.equalsIgnoreCase("Withholding Tax")): null

2023-02-08 17:07:01 - [TEST_STEP][PASSED] - setText(findTestObject(orPath_Amount + "/input__paymentAmount"), Amount): Text '50.50' is set on object 'Object Repository/RAD_Pages/PaymentAmount_Page/input__paymentAmount'

2023-02-08 17:07:02 - [MESSAGE][PASSED] - Text '50.50' is set on object 'Object Repository/RAD_Pages/PaymentAmount_Page/input__paymentAmount'

2023-02-08 17:07:02 - [TEST_STEP][PASSED] - scrollToElement(findTestObject(orPath_Landing + "/button_Continue"), 3): Scroll to object 'Object Repository/RAD_Pages/Landing_Page/button_Continue' successfully

2023-02-08 17:07:03 - [MESSAGE][PASSED] - Scroll to object 'Object Repository/RAD_Pages/Landing_Page/button_Continue' successfully

2023-02-08 17:07:03 - [TEST_STEP][PASSED] - waitForElementClickable(findTestObject(orPath_Landing + "/button_Continue"), 5): Object 'Object Repository/RAD_Pages/Landing_Page/button_Continue' is clickable

2023-02-08 17:07:03 - [MESSAGE][PASSED] - Object 'Object Repository/RAD_Pages/Landing_Page/button_Continue' is clickable

2023-02-08 17:07:03 - [TEST_STEP][PASSED] - click(findTestObject(orPath_Landing + "/button_Continue")): Object: 'Object Repository/RAD_Pages/Landing_Page/button_Continue' is clicked on

2023-02-08 17:07:03 - [MESSAGE][PASSED] - Object: 'Object Repository/RAD_Pages/Landing_Page/button_Continue' is clicked on

2023-02-08 17:07:03 - [TEST_STEP][PASSED] - verifyTextPresent("Review the information below and make any necessary corrections by clicking the", true): Text 'Review the information below and make any necessary corrections by clicking the' is present on page  using regular expression

2023-02-08 17:07:04 - [MESSAGE][PASSED] - Text 'Review the information below and make any necessary corrections by clicking the' is present on page  using regular expression

2023-02-08 17:07:04 - [TEST_STEP][PASSED] - verifyTextPresent("When you are confident that all the information is correct", true): Text 'When you are confident that all the information is correct' is present on page  using regular expression

2023-02-08 17:07:05 - [MESSAGE][PASSED] - Text 'When you are confident that all the information is correct' is present on page  using regular expression

2023-02-08 17:07:05 - [TEST_STEP][PASSED] - delay(1): Delayed 1 second(s)

2023-02-08 17:07:06 - [MESSAGE][PASSED] - Delayed 1 second(s)

2023-02-08 17:07:06 - [TEST_STEP][PASSED] - click(findTestObject(orPath_PaymentReady + "/button_ProceedtoPayment")): Object: 'Object Repository/RAD_Pages/PaymentReady_Page/button_ProceedtoPayment' is clicked on

2023-02-08 17:07:07 - [MESSAGE][PASSED] - Object: 'Object Repository/RAD_Pages/PaymentReady_Page/button_ProceedtoPayment' is clicked on

2023-02-08 17:07:07 - [TEST_STEP][PASSED] - setText(findTestObject("Object Repository/RAD_Pages/PaymentEntry_Page/input__billingName"), "Anthony Gonzalez"): Text 'Anthony Gonzalez' is set on object 'Object Repository/RAD_Pages/PaymentEntry_Page/input__billingName'

2023-02-08 17:07:08 - [MESSAGE][PASSED] - Text 'Anthony Gonzalez' is set on object 'Object Repository/RAD_Pages/PaymentEntry_Page/input__billingName'

2023-02-08 17:07:08 - [TEST_STEP][PASSED] - setText(findTestObject(orPath_PaymentEntry + "/input__cardNumber"), CCNumber): Text '4012000098765439' is set on object 'Object Repository/RAD_Pages/PaymentEntry_Page/input__cardNumber'

2023-02-08 17:07:09 - [MESSAGE][PASSED] - Text '4012000098765439' is set on object 'Object Repository/RAD_Pages/PaymentEntry_Page/input__cardNumber'

2023-02-08 17:07:09 - [TEST_STEP][PASSED] - setText(findTestObject(orPath_PaymentEntry + "/input__spc"), CVV): Text '123' is set on object 'Object Repository/RAD_Pages/PaymentEntry_Page/input__spc'

2023-02-08 17:07:10 - [MESSAGE][PASSED] - Text '123' is set on object 'Object Repository/RAD_Pages/PaymentEntry_Page/input__spc'

2023-02-08 17:07:10 - [TEST_STEP][PASSED] - selectOptionByLabel(findTestObject(orPath_PaymentEntry + "/select_MM"), "12", false): All options with label '12' are selected in object 'Object Repository/RAD_Pages/PaymentEntry_Page/select_MM' 

2023-02-08 17:07:11 - [MESSAGE][PASSED] - All options with label '12' are selected in object 'Object Repository/RAD_Pages/PaymentEntry_Page/select_MM' 

2023-02-08 17:07:11 - [TEST_STEP][PASSED] - selectOptionByLabel(findTestObject(orPath_PaymentEntry + "/select_YYYY"), "2023", false): All options with label '2023' are selected in object 'Object Repository/RAD_Pages/PaymentEntry_Page/select_YYYY' 

2023-02-08 17:07:12 - [MESSAGE][PASSED] - All options with label '2023' are selected in object 'Object Repository/RAD_Pages/PaymentEntry_Page/select_YYYY' 

2023-02-08 17:07:12 - [TEST_STEP][PASSED] - click(findTestObject(orPath_PaymentEntry + "/input_Field_ccSubmit")): Object: 'Object Repository/RAD_Pages/PaymentEntry_Page/input_Field_ccSubmit' is clicked on

2023-02-08 17:07:13 - [MESSAGE][PASSED] - Object: 'Object Repository/RAD_Pages/PaymentEntry_Page/input_Field_ccSubmit' is clicked on

2023-02-08 17:07:13 - [TEST_STEP][PASSED] - click(findTestObject(orPath_PaymentConfirmation + "/input_N_confirmNotifyAction")): Object: 'Object Repository/RAD_Pages/PaymentConfirmation_Page/input_N_confirmNotifyAction' is clicked on

2023-02-08 17:07:14 - [MESSAGE][PASSED] - Object: 'Object Repository/RAD_Pages/PaymentConfirmation_Page/input_N_confirmNotifyAction' is clicked on

2023-02-08 17:07:14 - [TEST_STEP][PASSED] - click(findTestObject(orPath_ServiceFeesAccept + "/input_convFeeNotifyAction")): Object: 'Object Repository/RAD_Pages/ServiceFeeAccept_Page/input_convFeeNotifyAction' is clicked on

2023-02-08 17:07:15 - [MESSAGE][PASSED] - Object: 'Object Repository/RAD_Pages/ServiceFeeAccept_Page/input_convFeeNotifyAction' is clicked on

2023-02-08 17:07:15 - [TEST_STEP][PASSED] - delay(10): Delayed 10 second(s)

2023-02-08 17:07:25 - [MESSAGE][PASSED] - Delayed 10 second(s)

2023-02-08 17:07:25 - [TEST_STEP][PASSED] - verifyTextPresent("Successful Payment Receipt", true): Text 'Successful Payment Receipt' is present on page  using regular expression

2023-02-08 17:07:26 - [MESSAGE][PASSED] - Text 'Successful Payment Receipt' is present on page  using regular expression

2023-02-08 17:07:26 - [TEST_STEP][PASSED] - if (verifyTextPresent("Successful Payment Receipt", true)): null

2023-02-08 17:07:26 - [MESSAGE][PASSED] - Text 'Successful Payment Receipt' is present on page  using regular expression

2023-02-08 17:07:26 - [TEST_STEP][PASSED] - println("Transaction was Successful"): null

2023-02-08 17:07:26 - [TEST_STEP][PASSED] - out.println("Pass Record Number: " + row): null

2023-02-08 17:07:26 - [TEST_STEP][PASSED] - resText = "Pass": null

2023-02-08 17:07:26 - [TEST_STEP][PASSED] - pages.WriteExcel.demoKey(resText, datText, resColumn, datCloumn, fileLoc, nameSheet, row): pages.WriteExcel.demoKey is PASSED

2023-02-08 17:07:26 - [MESSAGE][PASSED] - pages.WriteExcel.demoKey is PASSED

2023-02-08 17:07:26 - [TEST_STEP][PASSED] - ExecuteTC = findTestData(dataFile).getValue("Execute", row): null

2023-02-08 17:07:26 - [TEST_STEP][PASSED] - Taxtype = findTestData(dataFile).getValue("TaxType", row): null

2023-02-08 17:07:26 - [TEST_STEP][PASSED] - TaxTypeEL = findTestData(dataFile).getValue("TaxTypeEL", row): null

2023-02-08 17:07:26 - [TEST_STEP][PASSED] - FName = findTestData(dataFile).getValue("Fname", row): null

2023-02-08 17:07:26 - [TEST_STEP][PASSED] - LName = findTestData(dataFile).getValue("Lname", row): null

2023-02-08 17:07:26 - [TEST_STEP][PASSED] - AL1 = findTestData(dataFile).getValue("AL1", row): null

2023-02-08 17:07:26 - [TEST_STEP][PASSED] - City = findTestData(dataFile).getValue("City", row): null

2023-02-08 17:07:26 - [TEST_STEP][PASSED] - ZIP = findTestData(dataFile).getValue("ZIP", row): null

2023-02-08 17:07:26 - [TEST_STEP][PASSED] - Amount = findTestData(dataFile).getValue("Amount", row): null

2023-02-08 17:07:27 - [TEST_STEP][PASSED] - CCNumber = findTestData(dataFile).getValue("CCNumber", row): null

2023-02-08 17:07:27 - [TEST_STEP][PASSED] - CVV = findTestData(dataFile).getValue("CVV", row): null

2023-02-08 17:07:27 - [TEST_STEP][PASSED] - SSN = findTestData(dataFile).getValue("SSN", row): null

2023-02-08 17:07:27 - [TEST_STEP][PASSED] - notInvNumber = findTestData(dataFile).getValue("NotiInvoNumber", row): null

2023-02-08 17:07:27 - [TEST_STEP][PASSED] - businessName = findTestData(dataFile).getValue("BusName", row): null

2023-02-08 17:07:27 - [TEST_STEP][PASSED] - out.println("Value of Execute is : " + ExecuteTC): null

2023-02-08 17:07:27 - [TEST_STEP][PASSED] - if (ExecuteTC.equalsIgnoreCase("Y")): null

2023-02-08 17:07:27 - [TEST_STEP][PASSED] - out.println("Begin Record Number: " + row): null

2023-02-08 17:07:27 - [TEST_STEP][PASSED] - today = new java.util.Date(): null

2023-02-08 17:07:27 - [TEST_STEP][PASSED] - println(today): null

2023-02-08 17:07:27 - [TEST_STEP][PASSED] - datText = today: null

2023-02-08 17:07:27 - [TEST_STEP][PASSED] - Taxtype = findTestData(dataFile).getValue("TaxType", row): null

2023-02-08 17:07:27 - [TEST_STEP][PASSED] - out.println("Taxtype value is : " + Taxtype): null

2023-02-08 17:07:27 - [TEST_STEP][PASSED] - openBrowser(""): Browser is opened with url: ''

2023-02-08 17:07:27 - [MESSAGE][WARNING] - A browser is already opened. Closing browser and opening a new one

2023-02-08 17:07:28 - [MESSAGE][INFO] - Starting 'Chrome' driver

2023-02-08 17:07:28 - [MESSAGE][INFO] - User set preference: ['acceptInsecureCerts', 'true']

2023-02-08 17:07:28 - [MESSAGE][INFO] - Action delay is set to 0 milliseconds

2023-02-08 17:07:29 - [MESSAGE][PASSED] - Browser is opened with url: ''

2023-02-08 17:07:29 - [TEST_STEP][PASSED] - maximizeWindow(): Current window maximized

2023-02-08 17:07:29 - [MESSAGE][PASSED] - Current window maximized

2023-02-08 17:07:29 - [TEST_STEP][PASSED] - navigateToUrl(RADurl): Navigate to 'https://qa.velocitypayment.com/client/rad/index.html' successfully

2023-02-08 17:07:31 - [MESSAGE][PASSED] - Navigate to 'https://qa.velocitypayment.com/client/rad/index.html' successfully

2023-02-08 17:07:31 - [TEST_STEP][PASSED] - orPath_Landing = "Object Repository/RAD_Pages/Landing_Page": null

2023-02-08 17:07:31 - [TEST_STEP][PASSED] - orPath_TaxTypeFilingYear = "Object Repository/RAD_Pages/TaxTypeFilingYear_Page": null

2023-02-08 17:07:31 - [TEST_STEP][PASSED] - orPath_TaxPayer = "Object Repository/RAD_Pages/Taxpayer_Page": null

2023-02-08 17:07:31 - [TEST_STEP][PASSED] - orPath_AddressContact = "Object Repository/RAD_Pages/AddressAndContactInfo_Page": null

2023-02-08 17:07:31 - [TEST_STEP][PASSED] - orPath_FilingStatus = "Object Repository/RAD_Pages/FilingStatus_Page": null

2023-02-08 17:07:31 - [TEST_STEP][PASSED] - orPath_Amount = "Object Repository/RAD_Pages/PaymentAmount_Page": null

2023-02-08 17:07:31 - [TEST_STEP][PASSED] - orPath_TaxInfo = "Object Repository/RAD_Pages/TaxInfo_Page": null

2023-02-08 17:07:31 - [TEST_STEP][PASSED] - orPath_Withholding = "Object Repository/RAD_Pages/Withholding_Page": null

2023-02-08 17:07:31 - [TEST_STEP][PASSED] - orPath_Summary = "Object Repository/RAD_Pages/Summary_Page": null

2023-02-08 17:07:31 - [TEST_STEP][PASSED] - orPath_PaymentReady = "Object Repository/RAD_Pages/PaymentReady_Page": null

2023-02-08 17:07:31 - [TEST_STEP][PASSED] - orPath_PaymentEntry = "Object Repository/RAD_Pages/PaymentEntry_Page": null

2023-02-08 17:07:31 - [TEST_STEP][PASSED] - orPath_PaymentConfirmation = "Object Repository/RAD_Pages/PaymentConfirmation_Page": null

2023-02-08 17:07:31 - [TEST_STEP][PASSED] - orPath_ServiceFeesAccept = "Object Repository/RAD_Pages/ServiceFeeAccept_Page": null

2023-02-08 17:07:31 - [TEST_STEP][PASSED] - selectOptionByLabel(findTestObject(orPath_Landing + "/dd_TaxType"), Taxtype, false): All options with label 'Existing Liability' are selected in object 'Object Repository/RAD_Pages/Landing_Page/dd_TaxType' 

2023-02-08 17:07:32 - [MESSAGE][PASSED] - All options with label 'Existing Liability' are selected in object 'Object Repository/RAD_Pages/Landing_Page/dd_TaxType' 

2023-02-08 17:07:32 - [TEST_STEP][PASSED] - delay(1): Delayed 1 second(s)

2023-02-08 17:07:33 - [MESSAGE][PASSED] - Delayed 1 second(s)

2023-02-08 17:07:33 - [TEST_STEP][PASSED] - selectOptionByLabel(findTestObject(orPath_TaxTypeFilingYear + "/select_TaxType_ExistingLiability"), TaxTypeEL, false): All options with label 'Personal Tax' are selected in object 'Object Repository/RAD_Pages/TaxTypeFilingYear_Page/select_TaxType_ExistingLiability' 

2023-02-08 17:07:34 - [MESSAGE][PASSED] - All options with label 'Personal Tax' are selected in object 'Object Repository/RAD_Pages/TaxTypeFilingYear_Page/select_TaxType_ExistingLiability' 

2023-02-08 17:07:34 - [TEST_STEP][PASSED] - if (TaxTypeEL.equalsIgnoreCase("Fiduciary Tax") || TaxTypeEL.equalsIgnoreCase("Personal Tax")): Text 'Sr' is set on object 'Object Repository/RAD_Pages/Taxpayer_Page/input_suffix'

2023-02-08 17:07:34 - [TEST_STEP][PASSED] - setText(findTestObject(orPath_TaxPayer + "/input_firstName"), FName): Text 'Alec' is set on object 'Object Repository/RAD_Pages/Taxpayer_Page/input_firstName'

2023-02-08 17:07:35 - [MESSAGE][PASSED] - Text 'Alec' is set on object 'Object Repository/RAD_Pages/Taxpayer_Page/input_firstName'

2023-02-08 17:07:35 - [TEST_STEP][PASSED] - setText(findTestObject(orPath_TaxPayer + "/input_lastName"), LName): Text 'Bell' is set on object 'Object Repository/RAD_Pages/Taxpayer_Page/input_lastName'

2023-02-08 17:07:36 - [MESSAGE][PASSED] - Text 'Bell' is set on object 'Object Repository/RAD_Pages/Taxpayer_Page/input_lastName'

2023-02-08 17:07:36 - [TEST_STEP][PASSED] - setText(findTestObject(orPath_TaxPayer + "/input_middleName"), "Johns"): Text 'Johns' is set on object 'Object Repository/RAD_Pages/Taxpayer_Page/input_middleName'

2023-02-08 17:07:36 - [MESSAGE][PASSED] - Text 'Johns' is set on object 'Object Repository/RAD_Pages/Taxpayer_Page/input_middleName'

2023-02-08 17:07:36 - [TEST_STEP][PASSED] - setText(findTestObject(orPath_TaxPayer + "/input_suffix"), "Sr"): Text 'Sr' is set on object 'Object Repository/RAD_Pages/Taxpayer_Page/input_suffix'

2023-02-08 17:07:37 - [MESSAGE][PASSED] - Text 'Sr' is set on object 'Object Repository/RAD_Pages/Taxpayer_Page/input_suffix'

2023-02-08 17:07:37 - [TEST_STEP][PASSED] - selectOptionByLabel(findTestObject(orPath_AddressContact + "/select_Country"), "United States", false): All options with label 'United States' are selected in object 'Object Repository/RAD_Pages/AddressAndContactInfo_Page/select_Country' 

2023-02-08 17:07:38 - [MESSAGE][PASSED] - All options with label 'United States' are selected in object 'Object Repository/RAD_Pages/AddressAndContactInfo_Page/select_Country' 

2023-02-08 17:07:38 - [TEST_STEP][PASSED] - setText(findTestObject(orPath_AddressContact + "/input_streetAddress1"), AL1): Text '2336 Turn ct' is set on object 'Object Repository/RAD_Pages/AddressAndContactInfo_Page/input_streetAddress1'

2023-02-08 17:07:39 - [MESSAGE][PASSED] - Text '2336 Turn ct' is set on object 'Object Repository/RAD_Pages/AddressAndContactInfo_Page/input_streetAddress1'

2023-02-08 17:07:39 - [TEST_STEP][PASSED] - setText(findTestObject(orPath_AddressContact + "/input_streetAddress2"), ""): Text '' is set on object 'Object Repository/RAD_Pages/AddressAndContactInfo_Page/input_streetAddress2'

2023-02-08 17:07:40 - [MESSAGE][PASSED] - Text '' is set on object 'Object Repository/RAD_Pages/AddressAndContactInfo_Page/input_streetAddress2'

2023-02-08 17:07:40 - [TEST_STEP][PASSED] - setText(findTestObject(orPath_AddressContact + "/input_city"), City): Text 'Crofton' is set on object 'Object Repository/RAD_Pages/AddressAndContactInfo_Page/input_city'

2023-02-08 17:07:41 - [MESSAGE][PASSED] - Text 'Crofton' is set on object 'Object Repository/RAD_Pages/AddressAndContactInfo_Page/input_city'

2023-02-08 17:07:41 - [TEST_STEP][PASSED] - selectOptionByLabel(findTestObject(orPath_AddressContact + "/select_State"), "Maryland", false): All options with label 'Maryland' are selected in object 'Object Repository/RAD_Pages/AddressAndContactInfo_Page/select_State' 

2023-02-08 17:07:41 - [MESSAGE][PASSED] - All options with label 'Maryland' are selected in object 'Object Repository/RAD_Pages/AddressAndContactInfo_Page/select_State' 

2023-02-08 17:07:41 - [TEST_STEP][PASSED] - setText(findTestObject(orPath_AddressContact + "/input_zipCode"), ZIP): Text '21144' is set on object 'Object Repository/RAD_Pages/AddressAndContactInfo_Page/input_zipCode'

2023-02-08 17:07:42 - [MESSAGE][PASSED] - Text '21144' is set on object 'Object Repository/RAD_Pages/AddressAndContactInfo_Page/input_zipCode'

2023-02-08 17:07:42 - [TEST_STEP][PASSED] - setText(findTestObject(orPath_AddressContact + "/input_phoneNumber"), "(703) 894-5000"): Text '(703) 894-5000' is set on object 'Object Repository/RAD_Pages/AddressAndContactInfo_Page/input_phoneNumber'

2023-02-08 17:07:43 - [MESSAGE][PASSED] - Text '(703) 894-5000' is set on object 'Object Repository/RAD_Pages/AddressAndContactInfo_Page/input_phoneNumber'

2023-02-08 17:07:43 - [TEST_STEP][PASSED] - setText(findTestObject(orPath_AddressContact + "/input_eMailAddress"), "iahmed@govolution.com"): Text 'iahmed@govolution.com' is set on object 'Object Repository/RAD_Pages/AddressAndContactInfo_Page/input_eMailAddress'

2023-02-08 17:07:44 - [MESSAGE][PASSED] - Text 'iahmed@govolution.com' is set on object 'Object Repository/RAD_Pages/AddressAndContactInfo_Page/input_eMailAddress'

2023-02-08 17:07:44 - [TEST_STEP][PASSED] - setText(findTestObject(orPath_AddressContact + "/input_reEnterEMailAddress"), "iahmed@govolution.com"): Text 'iahmed@govolution.com' is set on object 'Object Repository/RAD_Pages/AddressAndContactInfo_Page/input_reEnterEMailAddress'

2023-02-08 17:07:45 - [MESSAGE][PASSED] - Text 'iahmed@govolution.com' is set on object 'Object Repository/RAD_Pages/AddressAndContactInfo_Page/input_reEnterEMailAddress'

2023-02-08 17:07:45 - [TEST_STEP][PASSED] - if (TaxTypeEL.equalsIgnoreCase("Personal Tax")): Text '123459630' is set on object 'Object Repository/RAD_Pages/TaxInfo_Page/input_TaxInfo_reTaxTypeExisitingSSN'

2023-02-08 17:07:45 - [TEST_STEP][PASSED] - setText(findTestObject(orPath_TaxInfo + "/input_TaxInfo_ExisitingSSN"), SSN): Text '123459630' is set on object 'Object Repository/RAD_Pages/TaxInfo_Page/input_TaxInfo_ExisitingSSN'

2023-02-08 17:07:46 - [MESSAGE][PASSED] - Text '123459630' is set on object 'Object Repository/RAD_Pages/TaxInfo_Page/input_TaxInfo_ExisitingSSN'

2023-02-08 17:07:46 - [TEST_STEP][PASSED] - setText(findTestObject(orPath_TaxInfo + "/input_TaxInfo_reTaxTypeExisitingSSN"), SSN): Text '123459630' is set on object 'Object Repository/RAD_Pages/TaxInfo_Page/input_TaxInfo_reTaxTypeExisitingSSN'

2023-02-08 17:07:47 - [MESSAGE][PASSED] - Text '123459630' is set on object 'Object Repository/RAD_Pages/TaxInfo_Page/input_TaxInfo_reTaxTypeExisitingSSN'

2023-02-08 17:07:47 - [TEST_STEP][PASSED] - scrollToElement(findTestObject(orPath_Amount + "/input__paymentAmount"), 3): Scroll to object 'Object Repository/RAD_Pages/PaymentAmount_Page/input__paymentAmount' successfully

2023-02-08 17:07:47 - [MESSAGE][PASSED] - Scroll to object 'Object Repository/RAD_Pages/PaymentAmount_Page/input__paymentAmount' successfully

2023-02-08 17:07:47 - [TEST_STEP][PASSED] - if (!(TaxTypeEL.equalsIgnoreCase("Personal Tax"))): null

2023-02-08 17:07:47 - [TEST_STEP][PASSED] - delay(1): Delayed 1 second(s)

2023-02-08 17:07:48 - [MESSAGE][PASSED] - Delayed 1 second(s)

2023-02-08 17:07:48 - [TEST_STEP][PASSED] - setText(findTestObject(orPath_TaxInfo + "/input_NoticeInvoiceNumber"), notInvNumber): Text '2581471470001' is set on object 'Object Repository/RAD_Pages/TaxInfo_Page/input_NoticeInvoiceNumber'

2023-02-08 17:07:49 - [MESSAGE][PASSED] - Text '2581471470001' is set on object 'Object Repository/RAD_Pages/TaxInfo_Page/input_NoticeInvoiceNumber'

2023-02-08 17:07:49 - [TEST_STEP][PASSED] - setText(findTestObject(orPath_TaxInfo + "/input_reTypeNoticeInvoiceNumber"), notInvNumber): Text '2581471470001' is set on object 'Object Repository/RAD_Pages/TaxInfo_Page/input_reTypeNoticeInvoiceNumber'

2023-02-08 17:07:50 - [MESSAGE][PASSED] - Text '2581471470001' is set on object 'Object Repository/RAD_Pages/TaxInfo_Page/input_reTypeNoticeInvoiceNumber'

2023-02-08 17:07:50 - [TEST_STEP][PASSED] - if (TaxTypeEL.equalsIgnoreCase("Sales & Use Tax") || TaxTypeEL.equalsIgnoreCase("Withholding Tax")): null

2023-02-08 17:07:50 - [TEST_STEP][PASSED] - setText(findTestObject(orPath_Amount + "/input__paymentAmount"), Amount): Text '30.50' is set on object 'Object Repository/RAD_Pages/PaymentAmount_Page/input__paymentAmount'

2023-02-08 17:07:51 - [MESSAGE][PASSED] - Text '30.50' is set on object 'Object Repository/RAD_Pages/PaymentAmount_Page/input__paymentAmount'

2023-02-08 17:07:51 - [TEST_STEP][PASSED] - scrollToElement(findTestObject(orPath_Landing + "/button_Continue"), 3): Scroll to object 'Object Repository/RAD_Pages/Landing_Page/button_Continue' successfully

2023-02-08 17:07:52 - [MESSAGE][PASSED] - Scroll to object 'Object Repository/RAD_Pages/Landing_Page/button_Continue' successfully

2023-02-08 17:07:52 - [TEST_STEP][PASSED] - waitForElementClickable(findTestObject(orPath_Landing + "/button_Continue"), 5): Object 'Object Repository/RAD_Pages/Landing_Page/button_Continue' is clickable

2023-02-08 17:07:52 - [MESSAGE][PASSED] - Object 'Object Repository/RAD_Pages/Landing_Page/button_Continue' is clickable

2023-02-08 17:07:52 - [TEST_STEP][PASSED] - click(findTestObject(orPath_Landing + "/button_Continue")): Object: 'Object Repository/RAD_Pages/Landing_Page/button_Continue' is clicked on

2023-02-08 17:07:52 - [MESSAGE][PASSED] - Object: 'Object Repository/RAD_Pages/Landing_Page/button_Continue' is clicked on

2023-02-08 17:07:52 - [TEST_STEP][PASSED] - verifyTextPresent("Review the information below and make any necessary corrections by clicking the", true): Text 'Review the information below and make any necessary corrections by clicking the' is present on page  using regular expression

2023-02-08 17:07:53 - [MESSAGE][PASSED] - Text 'Review the information below and make any necessary corrections by clicking the' is present on page  using regular expression

2023-02-08 17:07:53 - [TEST_STEP][PASSED] - verifyTextPresent("When you are confident that all the information is correct", true): Text 'When you are confident that all the information is correct' is present on page  using regular expression

2023-02-08 17:07:53 - [MESSAGE][PASSED] - Text 'When you are confident that all the information is correct' is present on page  using regular expression

2023-02-08 17:07:53 - [TEST_STEP][PASSED] - delay(1): Delayed 1 second(s)

2023-02-08 17:07:54 - [MESSAGE][PASSED] - Delayed 1 second(s)

2023-02-08 17:07:54 - [TEST_STEP][PASSED] - click(findTestObject(orPath_PaymentReady + "/button_ProceedtoPayment")): Object: 'Object Repository/RAD_Pages/PaymentReady_Page/button_ProceedtoPayment' is clicked on

2023-02-08 17:07:56 - [MESSAGE][PASSED] - Object: 'Object Repository/RAD_Pages/PaymentReady_Page/button_ProceedtoPayment' is clicked on

2023-02-08 17:07:56 - [TEST_STEP][PASSED] - setText(findTestObject("Object Repository/RAD_Pages/PaymentEntry_Page/input__billingName"), "Anthony Gonzalez"): Text 'Anthony Gonzalez' is set on object 'Object Repository/RAD_Pages/PaymentEntry_Page/input__billingName'

2023-02-08 17:07:57 - [MESSAGE][PASSED] - Text 'Anthony Gonzalez' is set on object 'Object Repository/RAD_Pages/PaymentEntry_Page/input__billingName'

2023-02-08 17:07:57 - [TEST_STEP][PASSED] - setText(findTestObject(orPath_PaymentEntry + "/input__cardNumber"), CCNumber): Text '6011000993026909' is set on object 'Object Repository/RAD_Pages/PaymentEntry_Page/input__cardNumber'

2023-02-08 17:07:58 - [MESSAGE][PASSED] - Text '6011000993026909' is set on object 'Object Repository/RAD_Pages/PaymentEntry_Page/input__cardNumber'

2023-02-08 17:07:58 - [TEST_STEP][PASSED] - setText(findTestObject(orPath_PaymentEntry + "/input__spc"), CVV): Text '123' is set on object 'Object Repository/RAD_Pages/PaymentEntry_Page/input__spc'

2023-02-08 17:07:59 - [MESSAGE][PASSED] - Text '123' is set on object 'Object Repository/RAD_Pages/PaymentEntry_Page/input__spc'

2023-02-08 17:07:59 - [TEST_STEP][PASSED] - selectOptionByLabel(findTestObject(orPath_PaymentEntry + "/select_MM"), "12", false): All options with label '12' are selected in object 'Object Repository/RAD_Pages/PaymentEntry_Page/select_MM' 

2023-02-08 17:08:00 - [MESSAGE][PASSED] - All options with label '12' are selected in object 'Object Repository/RAD_Pages/PaymentEntry_Page/select_MM' 

2023-02-08 17:08:00 - [TEST_STEP][PASSED] - selectOptionByLabel(findTestObject(orPath_PaymentEntry + "/select_YYYY"), "2023", false): All options with label '2023' are selected in object 'Object Repository/RAD_Pages/PaymentEntry_Page/select_YYYY' 

2023-02-08 17:08:00 - [MESSAGE][PASSED] - All options with label '2023' are selected in object 'Object Repository/RAD_Pages/PaymentEntry_Page/select_YYYY' 

2023-02-08 17:08:00 - [TEST_STEP][PASSED] - click(findTestObject(orPath_PaymentEntry + "/input_Field_ccSubmit")): Object: 'Object Repository/RAD_Pages/PaymentEntry_Page/input_Field_ccSubmit' is clicked on

2023-02-08 17:08:01 - [MESSAGE][PASSED] - Object: 'Object Repository/RAD_Pages/PaymentEntry_Page/input_Field_ccSubmit' is clicked on

2023-02-08 17:08:01 - [TEST_STEP][PASSED] - click(findTestObject(orPath_PaymentConfirmation + "/input_N_confirmNotifyAction")): Object: 'Object Repository/RAD_Pages/PaymentConfirmation_Page/input_N_confirmNotifyAction' is clicked on

2023-02-08 17:08:02 - [MESSAGE][PASSED] - Object: 'Object Repository/RAD_Pages/PaymentConfirmation_Page/input_N_confirmNotifyAction' is clicked on

2023-02-08 17:08:02 - [TEST_STEP][PASSED] - click(findTestObject(orPath_ServiceFeesAccept + "/input_convFeeNotifyAction")): Object: 'Object Repository/RAD_Pages/ServiceFeeAccept_Page/input_convFeeNotifyAction' is clicked on

2023-02-08 17:08:04 - [MESSAGE][PASSED] - Object: 'Object Repository/RAD_Pages/ServiceFeeAccept_Page/input_convFeeNotifyAction' is clicked on

2023-02-08 17:08:04 - [TEST_STEP][PASSED] - delay(10): Delayed 10 second(s)

2023-02-08 17:08:14 - [MESSAGE][PASSED] - Delayed 10 second(s)

2023-02-08 17:08:14 - [TEST_STEP][PASSED] - verifyTextPresent("Successful Payment Receipt", true): Text 'Successful Payment Receipt' is present on page  using regular expression

2023-02-08 17:08:14 - [MESSAGE][PASSED] - Text 'Successful Payment Receipt' is present on page  using regular expression

2023-02-08 17:08:14 - [TEST_STEP][PASSED] - if (verifyTextPresent("Successful Payment Receipt", true)): null

2023-02-08 17:08:15 - [MESSAGE][PASSED] - Text 'Successful Payment Receipt' is present on page  using regular expression

2023-02-08 17:08:15 - [TEST_STEP][PASSED] - println("Transaction was Successful"): null

2023-02-08 17:08:15 - [TEST_STEP][PASSED] - out.println("Pass Record Number: " + row): null

2023-02-08 17:08:15 - [TEST_STEP][PASSED] - resText = "Pass": null

2023-02-08 17:08:15 - [TEST_STEP][PASSED] - pages.WriteExcel.demoKey(resText, datText, resColumn, datCloumn, fileLoc, nameSheet, row): pages.WriteExcel.demoKey is PASSED

2023-02-08 17:08:15 - [MESSAGE][PASSED] - pages.WriteExcel.demoKey is PASSED

2023-02-08 17:08:15 - [TEST_STEP][PASSED] - ExecuteTC = findTestData(dataFile).getValue("Execute", row): null

2023-02-08 17:08:15 - [TEST_STEP][PASSED] - Taxtype = findTestData(dataFile).getValue("TaxType", row): null

2023-02-08 17:08:15 - [TEST_STEP][PASSED] - TaxTypeEL = findTestData(dataFile).getValue("TaxTypeEL", row): null

2023-02-08 17:08:15 - [TEST_STEP][PASSED] - FName = findTestData(dataFile).getValue("Fname", row): null

2023-02-08 17:08:15 - [TEST_STEP][PASSED] - LName = findTestData(dataFile).getValue("Lname", row): null

2023-02-08 17:08:15 - [TEST_STEP][PASSED] - AL1 = findTestData(dataFile).getValue("AL1", row): null

2023-02-08 17:08:15 - [TEST_STEP][PASSED] - City = findTestData(dataFile).getValue("City", row): null

2023-02-08 17:08:15 - [TEST_STEP][PASSED] - ZIP = findTestData(dataFile).getValue("ZIP", row): null

2023-02-08 17:08:15 - [TEST_STEP][PASSED] - Amount = findTestData(dataFile).getValue("Amount", row): null

2023-02-08 17:08:15 - [TEST_STEP][PASSED] - CCNumber = findTestData(dataFile).getValue("CCNumber", row): null

2023-02-08 17:08:15 - [TEST_STEP][PASSED] - CVV = findTestData(dataFile).getValue("CVV", row): null

2023-02-08 17:08:15 - [TEST_STEP][PASSED] - SSN = findTestData(dataFile).getValue("SSN", row): null

2023-02-08 17:08:15 - [TEST_STEP][PASSED] - notInvNumber = findTestData(dataFile).getValue("NotiInvoNumber", row): null

2023-02-08 17:08:15 - [TEST_STEP][PASSED] - businessName = findTestData(dataFile).getValue("BusName", row): null

2023-02-08 17:08:15 - [TEST_STEP][PASSED] - out.println("Value of Execute is : " + ExecuteTC): null

2023-02-08 17:08:15 - [TEST_STEP][PASSED] - if (ExecuteTC.equalsIgnoreCase("Y")): null

2023-02-08 17:08:15 - [TEST_STEP][PASSED] - out.println("Begin Record Number: " + row): null

2023-02-08 17:08:15 - [TEST_STEP][PASSED] - today = new java.util.Date(): null

2023-02-08 17:08:15 - [TEST_STEP][PASSED] - println(today): null

2023-02-08 17:08:15 - [TEST_STEP][PASSED] - datText = today: null

2023-02-08 17:08:15 - [TEST_STEP][PASSED] - Taxtype = findTestData(dataFile).getValue("TaxType", row): null

2023-02-08 17:08:15 - [TEST_STEP][PASSED] - out.println("Taxtype value is : " + Taxtype): null

2023-02-08 17:08:15 - [TEST_STEP][PASSED] - openBrowser(""): Browser is opened with url: ''

2023-02-08 17:08:15 - [MESSAGE][WARNING] - A browser is already opened. Closing browser and opening a new one

2023-02-08 17:08:16 - [MESSAGE][INFO] - Starting 'Chrome' driver

2023-02-08 17:08:16 - [MESSAGE][INFO] - User set preference: ['acceptInsecureCerts', 'true']

2023-02-08 17:08:16 - [MESSAGE][INFO] - Action delay is set to 0 milliseconds

2023-02-08 17:08:18 - [MESSAGE][PASSED] - Browser is opened with url: ''

2023-02-08 17:08:18 - [TEST_STEP][PASSED] - maximizeWindow(): Current window maximized

2023-02-08 17:08:18 - [MESSAGE][PASSED] - Current window maximized

2023-02-08 17:08:18 - [TEST_STEP][PASSED] - navigateToUrl(RADurl): Navigate to 'https://qa.velocitypayment.com/client/rad/index.html' successfully

2023-02-08 17:08:20 - [MESSAGE][PASSED] - Navigate to 'https://qa.velocitypayment.com/client/rad/index.html' successfully

2023-02-08 17:08:20 - [TEST_STEP][PASSED] - orPath_Landing = "Object Repository/RAD_Pages/Landing_Page": null

2023-02-08 17:08:20 - [TEST_STEP][PASSED] - orPath_TaxTypeFilingYear = "Object Repository/RAD_Pages/TaxTypeFilingYear_Page": null

2023-02-08 17:08:20 - [TEST_STEP][PASSED] - orPath_TaxPayer = "Object Repository/RAD_Pages/Taxpayer_Page": null

2023-02-08 17:08:20 - [TEST_STEP][PASSED] - orPath_AddressContact = "Object Repository/RAD_Pages/AddressAndContactInfo_Page": null

2023-02-08 17:08:20 - [TEST_STEP][PASSED] - orPath_FilingStatus = "Object Repository/RAD_Pages/FilingStatus_Page": null

2023-02-08 17:08:20 - [TEST_STEP][PASSED] - orPath_Amount = "Object Repository/RAD_Pages/PaymentAmount_Page": null

2023-02-08 17:08:20 - [TEST_STEP][PASSED] - orPath_TaxInfo = "Object Repository/RAD_Pages/TaxInfo_Page": null

2023-02-08 17:08:20 - [TEST_STEP][PASSED] - orPath_Withholding = "Object Repository/RAD_Pages/Withholding_Page": null

2023-02-08 17:08:20 - [TEST_STEP][PASSED] - orPath_Summary = "Object Repository/RAD_Pages/Summary_Page": null

2023-02-08 17:08:20 - [TEST_STEP][PASSED] - orPath_PaymentReady = "Object Repository/RAD_Pages/PaymentReady_Page": null

2023-02-08 17:08:20 - [TEST_STEP][PASSED] - orPath_PaymentEntry = "Object Repository/RAD_Pages/PaymentEntry_Page": null

2023-02-08 17:08:20 - [TEST_STEP][PASSED] - orPath_PaymentConfirmation = "Object Repository/RAD_Pages/PaymentConfirmation_Page": null

2023-02-08 17:08:20 - [TEST_STEP][PASSED] - orPath_ServiceFeesAccept = "Object Repository/RAD_Pages/ServiceFeeAccept_Page": null

2023-02-08 17:08:20 - [TEST_STEP][PASSED] - selectOptionByLabel(findTestObject(orPath_Landing + "/dd_TaxType"), Taxtype, false): All options with label 'Existing Liability' are selected in object 'Object Repository/RAD_Pages/Landing_Page/dd_TaxType' 

2023-02-08 17:08:20 - [MESSAGE][PASSED] - All options with label 'Existing Liability' are selected in object 'Object Repository/RAD_Pages/Landing_Page/dd_TaxType' 

2023-02-08 17:08:20 - [TEST_STEP][PASSED] - delay(1): Delayed 1 second(s)

2023-02-08 17:08:21 - [MESSAGE][PASSED] - Delayed 1 second(s)

2023-02-08 17:08:21 - [TEST_STEP][PASSED] - selectOptionByLabel(findTestObject(orPath_TaxTypeFilingYear + "/select_TaxType_ExistingLiability"), TaxTypeEL, false): All options with label 'PTE Tax (Partnership)' are selected in object 'Object Repository/RAD_Pages/TaxTypeFilingYear_Page/select_TaxType_ExistingLiability' 

2023-02-08 17:08:22 - [MESSAGE][PASSED] - All options with label 'PTE Tax (Partnership)' are selected in object 'Object Repository/RAD_Pages/TaxTypeFilingYear_Page/select_TaxType_ExistingLiability' 

2023-02-08 17:08:22 - [TEST_STEP][PASSED] - if (TaxTypeEL.equalsIgnoreCase("Fiduciary Tax") || TaxTypeEL.equalsIgnoreCase("Personal Tax")): null

2023-02-08 17:08:22 - [TEST_STEP][PASSED] - else: Text 'My Glass Company' is set on object 'Object Repository/RAD_Pages/Taxpayer_Page/input_businessName'

2023-02-08 17:08:22 - [TEST_STEP][PASSED] - setText(findTestObject(orPath_TaxPayer + "/input_businessName"), businessName): Text 'My Glass Company' is set on object 'Object Repository/RAD_Pages/Taxpayer_Page/input_businessName'

2023-02-08 17:08:23 - [MESSAGE][PASSED] - Text 'My Glass Company' is set on object 'Object Repository/RAD_Pages/Taxpayer_Page/input_businessName'

2023-02-08 17:08:23 - [TEST_STEP][PASSED] - selectOptionByLabel(findTestObject(orPath_AddressContact + "/select_Country"), "United States", false): All options with label 'United States' are selected in object 'Object Repository/RAD_Pages/AddressAndContactInfo_Page/select_Country' 

2023-02-08 17:08:24 - [MESSAGE][PASSED] - All options with label 'United States' are selected in object 'Object Repository/RAD_Pages/AddressAndContactInfo_Page/select_Country' 

2023-02-08 17:08:24 - [TEST_STEP][PASSED] - setText(findTestObject(orPath_AddressContact + "/input_streetAddress1"), AL1): Text '36 Hoolan Ave' is set on object 'Object Repository/RAD_Pages/AddressAndContactInfo_Page/input_streetAddress1'

2023-02-08 17:08:25 - [MESSAGE][PASSED] - Text '36 Hoolan Ave' is set on object 'Object Repository/RAD_Pages/AddressAndContactInfo_Page/input_streetAddress1'

2023-02-08 17:08:25 - [TEST_STEP][PASSED] - setText(findTestObject(orPath_AddressContact + "/input_streetAddress2"), ""): Text '' is set on object 'Object Repository/RAD_Pages/AddressAndContactInfo_Page/input_streetAddress2'

2023-02-08 17:08:26 - [MESSAGE][PASSED] - Text '' is set on object 'Object Repository/RAD_Pages/AddressAndContactInfo_Page/input_streetAddress2'

2023-02-08 17:08:26 - [TEST_STEP][PASSED] - setText(findTestObject(orPath_AddressContact + "/input_city"), City): Text 'Huntsville' is set on object 'Object Repository/RAD_Pages/AddressAndContactInfo_Page/input_city'

2023-02-08 17:08:27 - [MESSAGE][PASSED] - Text 'Huntsville' is set on object 'Object Repository/RAD_Pages/AddressAndContactInfo_Page/input_city'

2023-02-08 17:08:27 - [TEST_STEP][PASSED] - selectOptionByLabel(findTestObject(orPath_AddressContact + "/select_State"), "Maryland", false): All options with label 'Maryland' are selected in object 'Object Repository/RAD_Pages/AddressAndContactInfo_Page/select_State' 

2023-02-08 17:08:28 - [MESSAGE][PASSED] - All options with label 'Maryland' are selected in object 'Object Repository/RAD_Pages/AddressAndContactInfo_Page/select_State' 

2023-02-08 17:08:28 - [TEST_STEP][PASSED] - setText(findTestObject(orPath_AddressContact + "/input_zipCode"), ZIP): Text '21093' is set on object 'Object Repository/RAD_Pages/AddressAndContactInfo_Page/input_zipCode'

2023-02-08 17:08:29 - [MESSAGE][PASSED] - Text '21093' is set on object 'Object Repository/RAD_Pages/AddressAndContactInfo_Page/input_zipCode'

2023-02-08 17:08:29 - [TEST_STEP][PASSED] - setText(findTestObject(orPath_AddressContact + "/input_phoneNumber"), "(703) 894-5000"): Text '(703) 894-5000' is set on object 'Object Repository/RAD_Pages/AddressAndContactInfo_Page/input_phoneNumber'

2023-02-08 17:08:29 - [MESSAGE][PASSED] - Text '(703) 894-5000' is set on object 'Object Repository/RAD_Pages/AddressAndContactInfo_Page/input_phoneNumber'

2023-02-08 17:08:29 - [TEST_STEP][PASSED] - setText(findTestObject(orPath_AddressContact + "/input_eMailAddress"), "iahmed@govolution.com"): Text 'iahmed@govolution.com' is set on object 'Object Repository/RAD_Pages/AddressAndContactInfo_Page/input_eMailAddress'

2023-02-08 17:08:30 - [MESSAGE][PASSED] - Text 'iahmed@govolution.com' is set on object 'Object Repository/RAD_Pages/AddressAndContactInfo_Page/input_eMailAddress'

2023-02-08 17:08:30 - [TEST_STEP][PASSED] - setText(findTestObject(orPath_AddressContact + "/input_reEnterEMailAddress"), "iahmed@govolution.com"): Text 'iahmed@govolution.com' is set on object 'Object Repository/RAD_Pages/AddressAndContactInfo_Page/input_reEnterEMailAddress'

2023-02-08 17:08:31 - [MESSAGE][PASSED] - Text 'iahmed@govolution.com' is set on object 'Object Repository/RAD_Pages/AddressAndContactInfo_Page/input_reEnterEMailAddress'

2023-02-08 17:08:31 - [TEST_STEP][PASSED] - if (TaxTypeEL.equalsIgnoreCase("Personal Tax")): null

2023-02-08 17:08:31 - [TEST_STEP][PASSED] - scrollToElement(findTestObject(orPath_Amount + "/input__paymentAmount"), 3): Scroll to object 'Object Repository/RAD_Pages/PaymentAmount_Page/input__paymentAmount' successfully

2023-02-08 17:08:32 - [MESSAGE][PASSED] - Scroll to object 'Object Repository/RAD_Pages/PaymentAmount_Page/input__paymentAmount' successfully

2023-02-08 17:08:32 - [TEST_STEP][PASSED] - if (!(TaxTypeEL.equalsIgnoreCase("Personal Tax"))): Text ****** has been set on object 'Object Repository/RAD_Pages/TaxInfo_Page/input_concat(id(, , data, , ))_Data (1)'

2023-02-08 17:08:32 - [TEST_STEP][PASSED] - setEncryptedText(findTestObject("Object Repository/RAD_Pages/TaxInfo_Page/input_concat(id(, , data, , ))_Data"), "RigbBhfdqODKcAsiUrg+1Q=="): Text ****** has been set on object 'Object Repository/RAD_Pages/TaxInfo_Page/input_concat(id(, , data, , ))_Data'

2023-02-08 17:08:32 - [MESSAGE][PASSED] - Text ****** has been set on object 'Object Repository/RAD_Pages/TaxInfo_Page/input_concat(id(, , data, , ))_Data'

2023-02-08 17:08:32 - [TEST_STEP][PASSED] - setEncryptedText(findTestObject("Object Repository/RAD_Pages/TaxInfo_Page/input_concat(id(, , data, , ))_Data (1)"), "RigbBhfdqODKcAsiUrg+1Q=="): Text ****** has been set on object 'Object Repository/RAD_Pages/TaxInfo_Page/input_concat(id(, , data, , ))_Data (1)'

2023-02-08 17:08:33 - [MESSAGE][PASSED] - Text ****** has been set on object 'Object Repository/RAD_Pages/TaxInfo_Page/input_concat(id(, , data, , ))_Data (1)'

2023-02-08 17:08:33 - [TEST_STEP][PASSED] - delay(1): Delayed 1 second(s)

2023-02-08 17:08:34 - [MESSAGE][PASSED] - Delayed 1 second(s)

2023-02-08 17:08:34 - [TEST_STEP][PASSED] - setText(findTestObject(orPath_TaxInfo + "/input_NoticeInvoiceNumber"), notInvNumber): Text '2581471470001' is set on object 'Object Repository/RAD_Pages/TaxInfo_Page/input_NoticeInvoiceNumber'

2023-02-08 17:08:35 - [MESSAGE][PASSED] - Text '2581471470001' is set on object 'Object Repository/RAD_Pages/TaxInfo_Page/input_NoticeInvoiceNumber'

2023-02-08 17:08:35 - [TEST_STEP][PASSED] - setText(findTestObject(orPath_TaxInfo + "/input_reTypeNoticeInvoiceNumber"), notInvNumber): Text '2581471470001' is set on object 'Object Repository/RAD_Pages/TaxInfo_Page/input_reTypeNoticeInvoiceNumber'

2023-02-08 17:08:36 - [MESSAGE][PASSED] - Text '2581471470001' is set on object 'Object Repository/RAD_Pages/TaxInfo_Page/input_reTypeNoticeInvoiceNumber'

2023-02-08 17:08:36 - [TEST_STEP][PASSED] - if (TaxTypeEL.equalsIgnoreCase("Sales & Use Tax") || TaxTypeEL.equalsIgnoreCase("Withholding Tax")): null

2023-02-08 17:08:36 - [TEST_STEP][PASSED] - setText(findTestObject(orPath_Amount + "/input__paymentAmount"), Amount): Text '70.50' is set on object 'Object Repository/RAD_Pages/PaymentAmount_Page/input__paymentAmount'

2023-02-08 17:08:37 - [MESSAGE][PASSED] - Text '70.50' is set on object 'Object Repository/RAD_Pages/PaymentAmount_Page/input__paymentAmount'

2023-02-08 17:08:37 - [TEST_STEP][PASSED] - scrollToElement(findTestObject(orPath_Landing + "/button_Continue"), 3): Scroll to object 'Object Repository/RAD_Pages/Landing_Page/button_Continue' successfully

2023-02-08 17:08:37 - [MESSAGE][PASSED] - Scroll to object 'Object Repository/RAD_Pages/Landing_Page/button_Continue' successfully

2023-02-08 17:08:37 - [TEST_STEP][PASSED] - waitForElementClickable(findTestObject(orPath_Landing + "/button_Continue"), 5): Object 'Object Repository/RAD_Pages/Landing_Page/button_Continue' is clickable

2023-02-08 17:08:38 - [MESSAGE][PASSED] - Object 'Object Repository/RAD_Pages/Landing_Page/button_Continue' is clickable

2023-02-08 17:08:38 - [TEST_STEP][PASSED] - click(findTestObject(orPath_Landing + "/button_Continue")): Object: 'Object Repository/RAD_Pages/Landing_Page/button_Continue' is clicked on

2023-02-08 17:08:38 - [MESSAGE][PASSED] - Object: 'Object Repository/RAD_Pages/Landing_Page/button_Continue' is clicked on

2023-02-08 17:08:38 - [TEST_STEP][PASSED] - verifyTextPresent("Review the information below and make any necessary corrections by clicking the", true): Text 'Review the information below and make any necessary corrections by clicking the' is present on page  using regular expression

2023-02-08 17:08:39 - [MESSAGE][PASSED] - Text 'Review the information below and make any necessary corrections by clicking the' is present on page  using regular expression

2023-02-08 17:08:39 - [TEST_STEP][PASSED] - verifyTextPresent("When you are confident that all the information is correct", true): Text 'When you are confident that all the information is correct' is present on page  using regular expression

2023-02-08 17:08:39 - [MESSAGE][PASSED] - Text 'When you are confident that all the information is correct' is present on page  using regular expression

2023-02-08 17:08:39 - [TEST_STEP][PASSED] - delay(1): Delayed 1 second(s)

2023-02-08 17:08:40 - [MESSAGE][PASSED] - Delayed 1 second(s)

2023-02-08 17:08:40 - [TEST_STEP][PASSED] - click(findTestObject(orPath_PaymentReady + "/button_ProceedtoPayment")): Object: 'Object Repository/RAD_Pages/PaymentReady_Page/button_ProceedtoPayment' is clicked on

2023-02-08 17:08:42 - [MESSAGE][PASSED] - Object: 'Object Repository/RAD_Pages/PaymentReady_Page/button_ProceedtoPayment' is clicked on

2023-02-08 17:08:42 - [TEST_STEP][PASSED] - setText(findTestObject("Object Repository/RAD_Pages/PaymentEntry_Page/input__billingName"), "Anthony Gonzalez"): Text 'Anthony Gonzalez' is set on object 'Object Repository/RAD_Pages/PaymentEntry_Page/input__billingName'

2023-02-08 17:08:43 - [MESSAGE][PASSED] - Text 'Anthony Gonzalez' is set on object 'Object Repository/RAD_Pages/PaymentEntry_Page/input__billingName'

2023-02-08 17:08:43 - [TEST_STEP][PASSED] - setText(findTestObject(orPath_PaymentEntry + "/input__cardNumber"), CCNumber): Text '4012000098765439' is set on object 'Object Repository/RAD_Pages/PaymentEntry_Page/input__cardNumber'

2023-02-08 17:08:44 - [MESSAGE][PASSED] - Text '4012000098765439' is set on object 'Object Repository/RAD_Pages/PaymentEntry_Page/input__cardNumber'

2023-02-08 17:08:44 - [TEST_STEP][PASSED] - setText(findTestObject(orPath_PaymentEntry + "/input__spc"), CVV): Text '123' is set on object 'Object Repository/RAD_Pages/PaymentEntry_Page/input__spc'

2023-02-08 17:08:45 - [MESSAGE][PASSED] - Text '123' is set on object 'Object Repository/RAD_Pages/PaymentEntry_Page/input__spc'

2023-02-08 17:08:45 - [TEST_STEP][PASSED] - selectOptionByLabel(findTestObject(orPath_PaymentEntry + "/select_MM"), "12", false): All options with label '12' are selected in object 'Object Repository/RAD_Pages/PaymentEntry_Page/select_MM' 

2023-02-08 17:08:46 - [MESSAGE][PASSED] - All options with label '12' are selected in object 'Object Repository/RAD_Pages/PaymentEntry_Page/select_MM' 

2023-02-08 17:08:46 - [TEST_STEP][PASSED] - selectOptionByLabel(findTestObject(orPath_PaymentEntry + "/select_YYYY"), "2023", false): All options with label '2023' are selected in object 'Object Repository/RAD_Pages/PaymentEntry_Page/select_YYYY' 

2023-02-08 17:08:47 - [MESSAGE][PASSED] - All options with label '2023' are selected in object 'Object Repository/RAD_Pages/PaymentEntry_Page/select_YYYY' 

2023-02-08 17:08:47 - [TEST_STEP][PASSED] - click(findTestObject(orPath_PaymentEntry + "/input_Field_ccSubmit")): Object: 'Object Repository/RAD_Pages/PaymentEntry_Page/input_Field_ccSubmit' is clicked on

2023-02-08 17:08:48 - [MESSAGE][PASSED] - Object: 'Object Repository/RAD_Pages/PaymentEntry_Page/input_Field_ccSubmit' is clicked on

2023-02-08 17:08:48 - [TEST_STEP][PASSED] - click(findTestObject(orPath_PaymentConfirmation + "/input_N_confirmNotifyAction")): Object: 'Object Repository/RAD_Pages/PaymentConfirmation_Page/input_N_confirmNotifyAction' is clicked on

2023-02-08 17:08:49 - [MESSAGE][PASSED] - Object: 'Object Repository/RAD_Pages/PaymentConfirmation_Page/input_N_confirmNotifyAction' is clicked on

2023-02-08 17:08:49 - [TEST_STEP][PASSED] - click(findTestObject(orPath_ServiceFeesAccept + "/input_convFeeNotifyAction")): Object: 'Object Repository/RAD_Pages/ServiceFeeAccept_Page/input_convFeeNotifyAction' is clicked on

2023-02-08 17:08:50 - [MESSAGE][PASSED] - Object: 'Object Repository/RAD_Pages/ServiceFeeAccept_Page/input_convFeeNotifyAction' is clicked on

2023-02-08 17:08:50 - [TEST_STEP][PASSED] - delay(10): Delayed 10 second(s)

2023-02-08 17:09:00 - [MESSAGE][PASSED] - Delayed 10 second(s)

2023-02-08 17:09:00 - [TEST_STEP][PASSED] - verifyTextPresent("Successful Payment Receipt", true): Text 'Successful Payment Receipt' is present on page  using regular expression

2023-02-08 17:09:01 - [MESSAGE][PASSED] - Text 'Successful Payment Receipt' is present on page  using regular expression

2023-02-08 17:09:01 - [TEST_STEP][PASSED] - if (verifyTextPresent("Successful Payment Receipt", true)): null

2023-02-08 17:09:01 - [MESSAGE][PASSED] - Text 'Successful Payment Receipt' is present on page  using regular expression

2023-02-08 17:09:01 - [TEST_STEP][PASSED] - println("Transaction was Successful"): null

2023-02-08 17:09:01 - [TEST_STEP][PASSED] - out.println("Pass Record Number: " + row): null

2023-02-08 17:09:01 - [TEST_STEP][PASSED] - resText = "Pass": null

2023-02-08 17:09:01 - [TEST_STEP][PASSED] - pages.WriteExcel.demoKey(resText, datText, resColumn, datCloumn, fileLoc, nameSheet, row): pages.WriteExcel.demoKey is PASSED

2023-02-08 17:09:01 - [MESSAGE][PASSED] - pages.WriteExcel.demoKey is PASSED

2023-02-08 17:09:01 - [TEST_STEP][PASSED] - ExecuteTC = findTestData(dataFile).getValue("Execute", row): null

2023-02-08 17:09:01 - [TEST_STEP][PASSED] - Taxtype = findTestData(dataFile).getValue("TaxType", row): null

2023-02-08 17:09:01 - [TEST_STEP][PASSED] - TaxTypeEL = findTestData(dataFile).getValue("TaxTypeEL", row): null

2023-02-08 17:09:01 - [TEST_STEP][PASSED] - FName = findTestData(dataFile).getValue("Fname", row): null

2023-02-08 17:09:01 - [TEST_STEP][PASSED] - LName = findTestData(dataFile).getValue("Lname", row): null

2023-02-08 17:09:01 - [TEST_STEP][PASSED] - AL1 = findTestData(dataFile).getValue("AL1", row): null

2023-02-08 17:09:01 - [TEST_STEP][PASSED] - City = findTestData(dataFile).getValue("City", row): null

2023-02-08 17:09:01 - [TEST_STEP][PASSED] - ZIP = findTestData(dataFile).getValue("ZIP", row): null

2023-02-08 17:09:01 - [TEST_STEP][PASSED] - Amount = findTestData(dataFile).getValue("Amount", row): null

2023-02-08 17:09:01 - [TEST_STEP][PASSED] - CCNumber = findTestData(dataFile).getValue("CCNumber", row): null

2023-02-08 17:09:01 - [TEST_STEP][PASSED] - CVV = findTestData(dataFile).getValue("CVV", row): null

2023-02-08 17:09:01 - [TEST_STEP][PASSED] - SSN = findTestData(dataFile).getValue("SSN", row): null

2023-02-08 17:09:01 - [TEST_STEP][PASSED] - notInvNumber = findTestData(dataFile).getValue("NotiInvoNumber", row): null

2023-02-08 17:09:01 - [TEST_STEP][PASSED] - businessName = findTestData(dataFile).getValue("BusName", row): null

2023-02-08 17:09:01 - [TEST_STEP][PASSED] - out.println("Value of Execute is : " + ExecuteTC): null

2023-02-08 17:09:01 - [TEST_STEP][PASSED] - if (ExecuteTC.equalsIgnoreCase("Y")): null

2023-02-08 17:09:01 - [TEST_STEP][PASSED] - out.println("Begin Record Number: " + row): null

2023-02-08 17:09:01 - [TEST_STEP][PASSED] - today = new java.util.Date(): null

2023-02-08 17:09:01 - [TEST_STEP][PASSED] - println(today): null

2023-02-08 17:09:01 - [TEST_STEP][PASSED] - datText = today: null

2023-02-08 17:09:01 - [TEST_STEP][PASSED] - Taxtype = findTestData(dataFile).getValue("TaxType", row): null

2023-02-08 17:09:02 - [TEST_STEP][PASSED] - out.println("Taxtype value is : " + Taxtype): null

2023-02-08 17:09:02 - [TEST_STEP][PASSED] - openBrowser(""): Browser is opened with url: ''

2023-02-08 17:09:02 - [MESSAGE][WARNING] - A browser is already opened. Closing browser and opening a new one

2023-02-08 17:09:03 - [MESSAGE][INFO] - Starting 'Chrome' driver

2023-02-08 17:09:03 - [MESSAGE][INFO] - User set preference: ['acceptInsecureCerts', 'true']

2023-02-08 17:09:03 - [MESSAGE][INFO] - Action delay is set to 0 milliseconds

2023-02-08 17:09:04 - [MESSAGE][PASSED] - Browser is opened with url: ''

2023-02-08 17:09:04 - [TEST_STEP][PASSED] - maximizeWindow(): Current window maximized

2023-02-08 17:09:04 - [MESSAGE][PASSED] - Current window maximized

2023-02-08 17:09:04 - [TEST_STEP][PASSED] - navigateToUrl(RADurl): Navigate to 'https://qa.velocitypayment.com/client/rad/index.html' successfully

2023-02-08 17:09:06 - [MESSAGE][PASSED] - Navigate to 'https://qa.velocitypayment.com/client/rad/index.html' successfully

2023-02-08 17:09:06 - [TEST_STEP][PASSED] - orPath_Landing = "Object Repository/RAD_Pages/Landing_Page": null

2023-02-08 17:09:06 - [TEST_STEP][PASSED] - orPath_TaxTypeFilingYear = "Object Repository/RAD_Pages/TaxTypeFilingYear_Page": null

2023-02-08 17:09:06 - [TEST_STEP][PASSED] - orPath_TaxPayer = "Object Repository/RAD_Pages/Taxpayer_Page": null

2023-02-08 17:09:06 - [TEST_STEP][PASSED] - orPath_AddressContact = "Object Repository/RAD_Pages/AddressAndContactInfo_Page": null

2023-02-08 17:09:06 - [TEST_STEP][PASSED] - orPath_FilingStatus = "Object Repository/RAD_Pages/FilingStatus_Page": null

2023-02-08 17:09:06 - [TEST_STEP][PASSED] - orPath_Amount = "Object Repository/RAD_Pages/PaymentAmount_Page": null

2023-02-08 17:09:06 - [TEST_STEP][PASSED] - orPath_TaxInfo = "Object Repository/RAD_Pages/TaxInfo_Page": null

2023-02-08 17:09:06 - [TEST_STEP][PASSED] - orPath_Withholding = "Object Repository/RAD_Pages/Withholding_Page": null

2023-02-08 17:09:06 - [TEST_STEP][PASSED] - orPath_Summary = "Object Repository/RAD_Pages/Summary_Page": null

2023-02-08 17:09:06 - [TEST_STEP][PASSED] - orPath_PaymentReady = "Object Repository/RAD_Pages/PaymentReady_Page": null

2023-02-08 17:09:06 - [TEST_STEP][PASSED] - orPath_PaymentEntry = "Object Repository/RAD_Pages/PaymentEntry_Page": null

2023-02-08 17:09:06 - [TEST_STEP][PASSED] - orPath_PaymentConfirmation = "Object Repository/RAD_Pages/PaymentConfirmation_Page": null

2023-02-08 17:09:06 - [TEST_STEP][PASSED] - orPath_ServiceFeesAccept = "Object Repository/RAD_Pages/ServiceFeeAccept_Page": null

2023-02-08 17:09:06 - [TEST_STEP][PASSED] - selectOptionByLabel(findTestObject(orPath_Landing + "/dd_TaxType"), Taxtype, false): All options with label 'Existing Liability' are selected in object 'Object Repository/RAD_Pages/Landing_Page/dd_TaxType' 

2023-02-08 17:09:07 - [MESSAGE][PASSED] - All options with label 'Existing Liability' are selected in object 'Object Repository/RAD_Pages/Landing_Page/dd_TaxType' 

2023-02-08 17:09:07 - [TEST_STEP][PASSED] - delay(1): Delayed 1 second(s)

2023-02-08 17:09:08 - [MESSAGE][PASSED] - Delayed 1 second(s)

2023-02-08 17:09:08 - [TEST_STEP][PASSED] - selectOptionByLabel(findTestObject(orPath_TaxTypeFilingYear + "/select_TaxType_ExistingLiability"), TaxTypeEL, false): All options with label 'PTE Tax (LLC)' are selected in object 'Object Repository/RAD_Pages/TaxTypeFilingYear_Page/select_TaxType_ExistingLiability' 

2023-02-08 17:09:09 - [MESSAGE][PASSED] - All options with label 'PTE Tax (LLC)' are selected in object 'Object Repository/RAD_Pages/TaxTypeFilingYear_Page/select_TaxType_ExistingLiability' 

2023-02-08 17:09:09 - [TEST_STEP][PASSED] - if (TaxTypeEL.equalsIgnoreCase("Fiduciary Tax") || TaxTypeEL.equalsIgnoreCase("Personal Tax")): null

2023-02-08 17:09:09 - [TEST_STEP][PASSED] - else: Text 'Superior, Painters' is set on object 'Object Repository/RAD_Pages/Taxpayer_Page/input_businessName'

2023-02-08 17:09:09 - [TEST_STEP][PASSED] - setText(findTestObject(orPath_TaxPayer + "/input_businessName"), businessName): Text 'Superior, Painters' is set on object 'Object Repository/RAD_Pages/Taxpayer_Page/input_businessName'

2023-02-08 17:09:10 - [MESSAGE][PASSED] - Text 'Superior, Painters' is set on object 'Object Repository/RAD_Pages/Taxpayer_Page/input_businessName'

2023-02-08 17:09:10 - [TEST_STEP][PASSED] - selectOptionByLabel(findTestObject(orPath_AddressContact + "/select_Country"), "United States", false): All options with label 'United States' are selected in object 'Object Repository/RAD_Pages/AddressAndContactInfo_Page/select_Country' 

2023-02-08 17:09:10 - [MESSAGE][PASSED] - All options with label 'United States' are selected in object 'Object Repository/RAD_Pages/AddressAndContactInfo_Page/select_Country' 

2023-02-08 17:09:10 - [TEST_STEP][PASSED] - setText(findTestObject(orPath_AddressContact + "/input_streetAddress1"), AL1): Text '2311 York road' is set on object 'Object Repository/RAD_Pages/AddressAndContactInfo_Page/input_streetAddress1'

2023-02-08 17:09:11 - [MESSAGE][PASSED] - Text '2311 York road' is set on object 'Object Repository/RAD_Pages/AddressAndContactInfo_Page/input_streetAddress1'

2023-02-08 17:09:11 - [TEST_STEP][PASSED] - setText(findTestObject(orPath_AddressContact + "/input_streetAddress2"), ""): Text '' is set on object 'Object Repository/RAD_Pages/AddressAndContactInfo_Page/input_streetAddress2'

2023-02-08 17:09:12 - [MESSAGE][PASSED] - Text '' is set on object 'Object Repository/RAD_Pages/AddressAndContactInfo_Page/input_streetAddress2'

2023-02-08 17:09:12 - [TEST_STEP][PASSED] - setText(findTestObject(orPath_AddressContact + "/input_city"), City): Text 'Gambrills' is set on object 'Object Repository/RAD_Pages/AddressAndContactInfo_Page/input_city'

2023-02-08 17:09:13 - [MESSAGE][PASSED] - Text 'Gambrills' is set on object 'Object Repository/RAD_Pages/AddressAndContactInfo_Page/input_city'

2023-02-08 17:09:13 - [TEST_STEP][PASSED] - selectOptionByLabel(findTestObject(orPath_AddressContact + "/select_State"), "Maryland", false): All options with label 'Maryland' are selected in object 'Object Repository/RAD_Pages/AddressAndContactInfo_Page/select_State' 

2023-02-08 17:09:14 - [MESSAGE][PASSED] - All options with label 'Maryland' are selected in object 'Object Repository/RAD_Pages/AddressAndContactInfo_Page/select_State' 

2023-02-08 17:09:14 - [TEST_STEP][PASSED] - setText(findTestObject(orPath_AddressContact + "/input_zipCode"), ZIP): Text '21054' is set on object 'Object Repository/RAD_Pages/AddressAndContactInfo_Page/input_zipCode'

2023-02-08 17:09:15 - [MESSAGE][PASSED] - Text '21054' is set on object 'Object Repository/RAD_Pages/AddressAndContactInfo_Page/input_zipCode'

2023-02-08 17:09:15 - [TEST_STEP][PASSED] - setText(findTestObject(orPath_AddressContact + "/input_phoneNumber"), "(703) 894-5000"): Text '(703) 894-5000' is set on object 'Object Repository/RAD_Pages/AddressAndContactInfo_Page/input_phoneNumber'

2023-02-08 17:09:15 - [MESSAGE][PASSED] - Text '(703) 894-5000' is set on object 'Object Repository/RAD_Pages/AddressAndContactInfo_Page/input_phoneNumber'

2023-02-08 17:09:15 - [TEST_STEP][PASSED] - setText(findTestObject(orPath_AddressContact + "/input_eMailAddress"), "iahmed@govolution.com"): Text 'iahmed@govolution.com' is set on object 'Object Repository/RAD_Pages/AddressAndContactInfo_Page/input_eMailAddress'

2023-02-08 17:09:16 - [MESSAGE][PASSED] - Text 'iahmed@govolution.com' is set on object 'Object Repository/RAD_Pages/AddressAndContactInfo_Page/input_eMailAddress'

2023-02-08 17:09:16 - [TEST_STEP][PASSED] - setText(findTestObject(orPath_AddressContact + "/input_reEnterEMailAddress"), "iahmed@govolution.com"): Text 'iahmed@govolution.com' is set on object 'Object Repository/RAD_Pages/AddressAndContactInfo_Page/input_reEnterEMailAddress'

2023-02-08 17:09:17 - [MESSAGE][PASSED] - Text 'iahmed@govolution.com' is set on object 'Object Repository/RAD_Pages/AddressAndContactInfo_Page/input_reEnterEMailAddress'

2023-02-08 17:09:17 - [TEST_STEP][PASSED] - if (TaxTypeEL.equalsIgnoreCase("Personal Tax")): null

2023-02-08 17:09:17 - [TEST_STEP][PASSED] - scrollToElement(findTestObject(orPath_Amount + "/input__paymentAmount"), 3): Scroll to object 'Object Repository/RAD_Pages/PaymentAmount_Page/input__paymentAmount' successfully

2023-02-08 17:09:18 - [MESSAGE][PASSED] - Scroll to object 'Object Repository/RAD_Pages/PaymentAmount_Page/input__paymentAmount' successfully

2023-02-08 17:09:18 - [TEST_STEP][PASSED] - if (!(TaxTypeEL.equalsIgnoreCase("Personal Tax"))): Text ****** has been set on object 'Object Repository/RAD_Pages/TaxInfo_Page/input_concat(id(, , data, , ))_Data (1)'

2023-02-08 17:09:18 - [TEST_STEP][PASSED] - setEncryptedText(findTestObject("Object Repository/RAD_Pages/TaxInfo_Page/input_concat(id(, , data, , ))_Data"), "RigbBhfdqODKcAsiUrg+1Q=="): Text ****** has been set on object 'Object Repository/RAD_Pages/TaxInfo_Page/input_concat(id(, , data, , ))_Data'

2023-02-08 17:09:19 - [MESSAGE][PASSED] - Text ****** has been set on object 'Object Repository/RAD_Pages/TaxInfo_Page/input_concat(id(, , data, , ))_Data'

2023-02-08 17:09:19 - [TEST_STEP][PASSED] - setEncryptedText(findTestObject("Object Repository/RAD_Pages/TaxInfo_Page/input_concat(id(, , data, , ))_Data (1)"), "RigbBhfdqODKcAsiUrg+1Q=="): Text ****** has been set on object 'Object Repository/RAD_Pages/TaxInfo_Page/input_concat(id(, , data, , ))_Data (1)'

2023-02-08 17:09:19 - [MESSAGE][PASSED] - Text ****** has been set on object 'Object Repository/RAD_Pages/TaxInfo_Page/input_concat(id(, , data, , ))_Data (1)'

2023-02-08 17:09:19 - [TEST_STEP][PASSED] - delay(1): Delayed 1 second(s)

2023-02-08 17:09:20 - [MESSAGE][PASSED] - Delayed 1 second(s)

2023-02-08 17:09:20 - [TEST_STEP][PASSED] - setText(findTestObject(orPath_TaxInfo + "/input_NoticeInvoiceNumber"), notInvNumber): Text '2581471470001' is set on object 'Object Repository/RAD_Pages/TaxInfo_Page/input_NoticeInvoiceNumber'

2023-02-08 17:09:21 - [MESSAGE][PASSED] - Text '2581471470001' is set on object 'Object Repository/RAD_Pages/TaxInfo_Page/input_NoticeInvoiceNumber'

2023-02-08 17:09:21 - [TEST_STEP][PASSED] - setText(findTestObject(orPath_TaxInfo + "/input_reTypeNoticeInvoiceNumber"), notInvNumber): Text '2581471470001' is set on object 'Object Repository/RAD_Pages/TaxInfo_Page/input_reTypeNoticeInvoiceNumber'

2023-02-08 17:09:22 - [MESSAGE][PASSED] - Text '2581471470001' is set on object 'Object Repository/RAD_Pages/TaxInfo_Page/input_reTypeNoticeInvoiceNumber'

2023-02-08 17:09:22 - [TEST_STEP][PASSED] - if (TaxTypeEL.equalsIgnoreCase("Sales & Use Tax") || TaxTypeEL.equalsIgnoreCase("Withholding Tax")): null

2023-02-08 17:09:22 - [TEST_STEP][PASSED] - setText(findTestObject(orPath_Amount + "/input__paymentAmount"), Amount): Text '30.50' is set on object 'Object Repository/RAD_Pages/PaymentAmount_Page/input__paymentAmount'

2023-02-08 17:09:23 - [MESSAGE][PASSED] - Text '30.50' is set on object 'Object Repository/RAD_Pages/PaymentAmount_Page/input__paymentAmount'

2023-02-08 17:09:23 - [TEST_STEP][PASSED] - scrollToElement(findTestObject(orPath_Landing + "/button_Continue"), 3): Scroll to object 'Object Repository/RAD_Pages/Landing_Page/button_Continue' successfully

2023-02-08 17:09:24 - [MESSAGE][PASSED] - Scroll to object 'Object Repository/RAD_Pages/Landing_Page/button_Continue' successfully

2023-02-08 17:09:24 - [TEST_STEP][PASSED] - waitForElementClickable(findTestObject(orPath_Landing + "/button_Continue"), 5): Object 'Object Repository/RAD_Pages/Landing_Page/button_Continue' is clickable

2023-02-08 17:09:24 - [MESSAGE][PASSED] - Object 'Object Repository/RAD_Pages/Landing_Page/button_Continue' is clickable

2023-02-08 17:09:24 - [TEST_STEP][PASSED] - click(findTestObject(orPath_Landing + "/button_Continue")): Object: 'Object Repository/RAD_Pages/Landing_Page/button_Continue' is clicked on

2023-02-08 17:09:25 - [MESSAGE][PASSED] - Object: 'Object Repository/RAD_Pages/Landing_Page/button_Continue' is clicked on

2023-02-08 17:09:25 - [TEST_STEP][PASSED] - verifyTextPresent("Review the information below and make any necessary corrections by clicking the", true): Text 'Review the information below and make any necessary corrections by clicking the' is present on page  using regular expression

2023-02-08 17:09:25 - [MESSAGE][PASSED] - Text 'Review the information below and make any necessary corrections by clicking the' is present on page  using regular expression

2023-02-08 17:09:25 - [TEST_STEP][PASSED] - verifyTextPresent("When you are confident that all the information is correct", true): Text 'When you are confident that all the information is correct' is present on page  using regular expression

2023-02-08 17:09:26 - [MESSAGE][PASSED] - Text 'When you are confident that all the information is correct' is present on page  using regular expression

2023-02-08 17:09:26 - [TEST_STEP][PASSED] - delay(1): Delayed 1 second(s)

2023-02-08 17:09:27 - [MESSAGE][PASSED] - Delayed 1 second(s)

2023-02-08 17:09:27 - [TEST_STEP][PASSED] - click(findTestObject(orPath_PaymentReady + "/button_ProceedtoPayment")): Object: 'Object Repository/RAD_Pages/PaymentReady_Page/button_ProceedtoPayment' is clicked on

2023-02-08 17:09:29 - [MESSAGE][PASSED] - Object: 'Object Repository/RAD_Pages/PaymentReady_Page/button_ProceedtoPayment' is clicked on

2023-02-08 17:09:29 - [TEST_STEP][PASSED] - setText(findTestObject("Object Repository/RAD_Pages/PaymentEntry_Page/input__billingName"), "Anthony Gonzalez"): Text 'Anthony Gonzalez' is set on object 'Object Repository/RAD_Pages/PaymentEntry_Page/input__billingName'

2023-02-08 17:09:30 - [MESSAGE][PASSED] - Text 'Anthony Gonzalez' is set on object 'Object Repository/RAD_Pages/PaymentEntry_Page/input__billingName'

2023-02-08 17:09:30 - [TEST_STEP][PASSED] - setText(findTestObject(orPath_PaymentEntry + "/input__cardNumber"), CCNumber): Text '5146312200000035' is set on object 'Object Repository/RAD_Pages/PaymentEntry_Page/input__cardNumber'

2023-02-08 17:09:31 - [MESSAGE][PASSED] - Text '5146312200000035' is set on object 'Object Repository/RAD_Pages/PaymentEntry_Page/input__cardNumber'

2023-02-08 17:09:31 - [TEST_STEP][PASSED] - setText(findTestObject(orPath_PaymentEntry + "/input__spc"), CVV): Text '123' is set on object 'Object Repository/RAD_Pages/PaymentEntry_Page/input__spc'

2023-02-08 17:09:32 - [MESSAGE][PASSED] - Text '123' is set on object 'Object Repository/RAD_Pages/PaymentEntry_Page/input__spc'

2023-02-08 17:09:32 - [TEST_STEP][PASSED] - selectOptionByLabel(findTestObject(orPath_PaymentEntry + "/select_MM"), "12", false): All options with label '12' are selected in object 'Object Repository/RAD_Pages/PaymentEntry_Page/select_MM' 

2023-02-08 17:09:33 - [MESSAGE][PASSED] - All options with label '12' are selected in object 'Object Repository/RAD_Pages/PaymentEntry_Page/select_MM' 

2023-02-08 17:09:33 - [TEST_STEP][PASSED] - selectOptionByLabel(findTestObject(orPath_PaymentEntry + "/select_YYYY"), "2023", false): All options with label '2023' are selected in object 'Object Repository/RAD_Pages/PaymentEntry_Page/select_YYYY' 

2023-02-08 17:09:33 - [MESSAGE][PASSED] - All options with label '2023' are selected in object 'Object Repository/RAD_Pages/PaymentEntry_Page/select_YYYY' 

2023-02-08 17:09:33 - [TEST_STEP][PASSED] - click(findTestObject(orPath_PaymentEntry + "/input_Field_ccSubmit")): Object: 'Object Repository/RAD_Pages/PaymentEntry_Page/input_Field_ccSubmit' is clicked on

2023-02-08 17:09:34 - [MESSAGE][PASSED] - Object: 'Object Repository/RAD_Pages/PaymentEntry_Page/input_Field_ccSubmit' is clicked on

2023-02-08 17:09:34 - [TEST_STEP][PASSED] - click(findTestObject(orPath_PaymentConfirmation + "/input_N_confirmNotifyAction")): Object: 'Object Repository/RAD_Pages/PaymentConfirmation_Page/input_N_confirmNotifyAction' is clicked on

2023-02-08 17:09:36 - [MESSAGE][PASSED] - Object: 'Object Repository/RAD_Pages/PaymentConfirmation_Page/input_N_confirmNotifyAction' is clicked on

2023-02-08 17:09:36 - [TEST_STEP][PASSED] - click(findTestObject(orPath_ServiceFeesAccept + "/input_convFeeNotifyAction")): Object: 'Object Repository/RAD_Pages/ServiceFeeAccept_Page/input_convFeeNotifyAction' is clicked on

2023-02-08 17:09:37 - [MESSAGE][PASSED] - Object: 'Object Repository/RAD_Pages/ServiceFeeAccept_Page/input_convFeeNotifyAction' is clicked on

2023-02-08 17:09:37 - [TEST_STEP][PASSED] - delay(10): Delayed 10 second(s)

2023-02-08 17:09:47 - [MESSAGE][PASSED] - Delayed 10 second(s)

2023-02-08 17:09:47 - [TEST_STEP][PASSED] - verifyTextPresent("Successful Payment Receipt", true): Text 'Successful Payment Receipt' is present on page  using regular expression

2023-02-08 17:09:48 - [MESSAGE][PASSED] - Text 'Successful Payment Receipt' is present on page  using regular expression

2023-02-08 17:09:48 - [TEST_STEP][PASSED] - if (verifyTextPresent("Successful Payment Receipt", true)): null

2023-02-08 17:09:48 - [MESSAGE][PASSED] - Text 'Successful Payment Receipt' is present on page  using regular expression

2023-02-08 17:09:48 - [TEST_STEP][PASSED] - println("Transaction was Successful"): null

2023-02-08 17:09:48 - [TEST_STEP][PASSED] - out.println("Pass Record Number: " + row): null

2023-02-08 17:09:48 - [TEST_STEP][PASSED] - resText = "Pass": null

2023-02-08 17:09:48 - [TEST_STEP][PASSED] - pages.WriteExcel.demoKey(resText, datText, resColumn, datCloumn, fileLoc, nameSheet, row): pages.WriteExcel.demoKey is PASSED

2023-02-08 17:09:48 - [MESSAGE][PASSED] - pages.WriteExcel.demoKey is PASSED

2023-02-08 17:09:48 - [TEST_STEP][PASSED] - ExecuteTC = findTestData(dataFile).getValue("Execute", row): null

2023-02-08 17:09:48 - [TEST_STEP][PASSED] - Taxtype = findTestData(dataFile).getValue("TaxType", row): null

2023-02-08 17:09:48 - [TEST_STEP][PASSED] - TaxTypeEL = findTestData(dataFile).getValue("TaxTypeEL", row): null

2023-02-08 17:09:48 - [TEST_STEP][PASSED] - FName = findTestData(dataFile).getValue("Fname", row): null

2023-02-08 17:09:48 - [TEST_STEP][PASSED] - LName = findTestData(dataFile).getValue("Lname", row): null

2023-02-08 17:09:48 - [TEST_STEP][PASSED] - AL1 = findTestData(dataFile).getValue("AL1", row): null

2023-02-08 17:09:48 - [TEST_STEP][PASSED] - City = findTestData(dataFile).getValue("City", row): null

2023-02-08 17:09:48 - [TEST_STEP][PASSED] - ZIP = findTestData(dataFile).getValue("ZIP", row): null

2023-02-08 17:09:48 - [TEST_STEP][PASSED] - Amount = findTestData(dataFile).getValue("Amount", row): null

2023-02-08 17:09:48 - [TEST_STEP][PASSED] - CCNumber = findTestData(dataFile).getValue("CCNumber", row): null

2023-02-08 17:09:49 - [TEST_STEP][PASSED] - CVV = findTestData(dataFile).getValue("CVV", row): null

2023-02-08 17:09:49 - [TEST_STEP][PASSED] - SSN = findTestData(dataFile).getValue("SSN", row): null

2023-02-08 17:09:49 - [TEST_STEP][PASSED] - notInvNumber = findTestData(dataFile).getValue("NotiInvoNumber", row): null

2023-02-08 17:09:49 - [TEST_STEP][PASSED] - businessName = findTestData(dataFile).getValue("BusName", row): null

2023-02-08 17:09:49 - [TEST_STEP][PASSED] - out.println("Value of Execute is : " + ExecuteTC): null

2023-02-08 17:09:49 - [TEST_STEP][PASSED] - if (ExecuteTC.equalsIgnoreCase("Y")): null

2023-02-08 17:09:49 - [TEST_STEP][PASSED] - out.println("Begin Record Number: " + row): null

2023-02-08 17:09:49 - [TEST_STEP][PASSED] - today = new java.util.Date(): null

2023-02-08 17:09:49 - [TEST_STEP][PASSED] - println(today): null

2023-02-08 17:09:49 - [TEST_STEP][PASSED] - datText = today: null

2023-02-08 17:09:49 - [TEST_STEP][PASSED] - Taxtype = findTestData(dataFile).getValue("TaxType", row): null

2023-02-08 17:09:49 - [TEST_STEP][PASSED] - out.println("Taxtype value is : " + Taxtype): null

2023-02-08 17:09:49 - [TEST_STEP][PASSED] - openBrowser(""): Browser is opened with url: ''

2023-02-08 17:09:49 - [MESSAGE][WARNING] - A browser is already opened. Closing browser and opening a new one

2023-02-08 17:09:50 - [MESSAGE][INFO] - Starting 'Chrome' driver

2023-02-08 17:09:50 - [MESSAGE][INFO] - User set preference: ['acceptInsecureCerts', 'true']

2023-02-08 17:09:50 - [MESSAGE][INFO] - Action delay is set to 0 milliseconds

2023-02-08 17:09:51 - [MESSAGE][PASSED] - Browser is opened with url: ''

2023-02-08 17:09:51 - [TEST_STEP][PASSED] - maximizeWindow(): Current window maximized

2023-02-08 17:09:51 - [MESSAGE][PASSED] - Current window maximized

2023-02-08 17:09:51 - [TEST_STEP][PASSED] - navigateToUrl(RADurl): Navigate to 'https://qa.velocitypayment.com/client/rad/index.html' successfully

2023-02-08 17:09:54 - [MESSAGE][PASSED] - Navigate to 'https://qa.velocitypayment.com/client/rad/index.html' successfully

2023-02-08 17:09:54 - [TEST_STEP][PASSED] - orPath_Landing = "Object Repository/RAD_Pages/Landing_Page": null

2023-02-08 17:09:54 - [TEST_STEP][PASSED] - orPath_TaxTypeFilingYear = "Object Repository/RAD_Pages/TaxTypeFilingYear_Page": null

2023-02-08 17:09:54 - [TEST_STEP][PASSED] - orPath_TaxPayer = "Object Repository/RAD_Pages/Taxpayer_Page": null

2023-02-08 17:09:54 - [TEST_STEP][PASSED] - orPath_AddressContact = "Object Repository/RAD_Pages/AddressAndContactInfo_Page": null

2023-02-08 17:09:54 - [TEST_STEP][PASSED] - orPath_FilingStatus = "Object Repository/RAD_Pages/FilingStatus_Page": null

2023-02-08 17:09:54 - [TEST_STEP][PASSED] - orPath_Amount = "Object Repository/RAD_Pages/PaymentAmount_Page": null

2023-02-08 17:09:54 - [TEST_STEP][PASSED] - orPath_TaxInfo = "Object Repository/RAD_Pages/TaxInfo_Page": null

2023-02-08 17:09:54 - [TEST_STEP][PASSED] - orPath_Withholding = "Object Repository/RAD_Pages/Withholding_Page": null

2023-02-08 17:09:54 - [TEST_STEP][PASSED] - orPath_Summary = "Object Repository/RAD_Pages/Summary_Page": null

2023-02-08 17:09:54 - [TEST_STEP][PASSED] - orPath_PaymentReady = "Object Repository/RAD_Pages/PaymentReady_Page": null

2023-02-08 17:09:54 - [TEST_STEP][PASSED] - orPath_PaymentEntry = "Object Repository/RAD_Pages/PaymentEntry_Page": null

2023-02-08 17:09:54 - [TEST_STEP][PASSED] - orPath_PaymentConfirmation = "Object Repository/RAD_Pages/PaymentConfirmation_Page": null

2023-02-08 17:09:54 - [TEST_STEP][PASSED] - orPath_ServiceFeesAccept = "Object Repository/RAD_Pages/ServiceFeeAccept_Page": null

2023-02-08 17:09:54 - [TEST_STEP][PASSED] - selectOptionByLabel(findTestObject(orPath_Landing + "/dd_TaxType"), Taxtype, false): All options with label 'Existing Liability' are selected in object 'Object Repository/RAD_Pages/Landing_Page/dd_TaxType' 

2023-02-08 17:09:55 - [MESSAGE][PASSED] - All options with label 'Existing Liability' are selected in object 'Object Repository/RAD_Pages/Landing_Page/dd_TaxType' 

2023-02-08 17:09:55 - [TEST_STEP][PASSED] - delay(1): Delayed 1 second(s)

2023-02-08 17:09:56 - [MESSAGE][PASSED] - Delayed 1 second(s)

2023-02-08 17:09:56 - [TEST_STEP][PASSED] - selectOptionByLabel(findTestObject(orPath_TaxTypeFilingYear + "/select_TaxType_ExistingLiability"), TaxTypeEL, false): All options with label 'PTE Tax (SCorp)' are selected in object 'Object Repository/RAD_Pages/TaxTypeFilingYear_Page/select_TaxType_ExistingLiability' 

2023-02-08 17:09:57 - [MESSAGE][PASSED] - All options with label 'PTE Tax (SCorp)' are selected in object 'Object Repository/RAD_Pages/TaxTypeFilingYear_Page/select_TaxType_ExistingLiability' 

2023-02-08 17:09:57 - [TEST_STEP][PASSED] - if (TaxTypeEL.equalsIgnoreCase("Fiduciary Tax") || TaxTypeEL.equalsIgnoreCase("Personal Tax")): null

2023-02-08 17:09:57 - [TEST_STEP][PASSED] - else: Text 'Light Car Wash' is set on object 'Object Repository/RAD_Pages/Taxpayer_Page/input_businessName'

2023-02-08 17:09:57 - [TEST_STEP][PASSED] - setText(findTestObject(orPath_TaxPayer + "/input_businessName"), businessName): Text 'Light Car Wash' is set on object 'Object Repository/RAD_Pages/Taxpayer_Page/input_businessName'

2023-02-08 17:09:58 - [MESSAGE][PASSED] - Text 'Light Car Wash' is set on object 'Object Repository/RAD_Pages/Taxpayer_Page/input_businessName'

2023-02-08 17:09:58 - [TEST_STEP][PASSED] - selectOptionByLabel(findTestObject(orPath_AddressContact + "/select_Country"), "United States", false): All options with label 'United States' are selected in object 'Object Repository/RAD_Pages/AddressAndContactInfo_Page/select_Country' 

2023-02-08 17:09:59 - [MESSAGE][PASSED] - All options with label 'United States' are selected in object 'Object Repository/RAD_Pages/AddressAndContactInfo_Page/select_Country' 

2023-02-08 17:09:59 - [TEST_STEP][PASSED] - setText(findTestObject(orPath_AddressContact + "/input_streetAddress1"), AL1): Text '25 Moan Road' is set on object 'Object Repository/RAD_Pages/AddressAndContactInfo_Page/input_streetAddress1'

2023-02-08 17:10:00 - [MESSAGE][PASSED] - Text '25 Moan Road' is set on object 'Object Repository/RAD_Pages/AddressAndContactInfo_Page/input_streetAddress1'

2023-02-08 17:10:00 - [TEST_STEP][PASSED] - setText(findTestObject(orPath_AddressContact + "/input_streetAddress2"), ""): Text '' is set on object 'Object Repository/RAD_Pages/AddressAndContactInfo_Page/input_streetAddress2'

2023-02-08 17:10:00 - [MESSAGE][PASSED] - Text '' is set on object 'Object Repository/RAD_Pages/AddressAndContactInfo_Page/input_streetAddress2'

2023-02-08 17:10:00 - [TEST_STEP][PASSED] - setText(findTestObject(orPath_AddressContact + "/input_city"), City): Text 'Severn' is set on object 'Object Repository/RAD_Pages/AddressAndContactInfo_Page/input_city'

2023-02-08 17:10:01 - [MESSAGE][PASSED] - Text 'Severn' is set on object 'Object Repository/RAD_Pages/AddressAndContactInfo_Page/input_city'

2023-02-08 17:10:01 - [TEST_STEP][PASSED] - selectOptionByLabel(findTestObject(orPath_AddressContact + "/select_State"), "Maryland", false): All options with label 'Maryland' are selected in object 'Object Repository/RAD_Pages/AddressAndContactInfo_Page/select_State' 

2023-02-08 17:10:02 - [MESSAGE][PASSED] - All options with label 'Maryland' are selected in object 'Object Repository/RAD_Pages/AddressAndContactInfo_Page/select_State' 

2023-02-08 17:10:02 - [TEST_STEP][PASSED] - setText(findTestObject(orPath_AddressContact + "/input_zipCode"), ZIP): Text '21114' is set on object 'Object Repository/RAD_Pages/AddressAndContactInfo_Page/input_zipCode'

2023-02-08 17:10:03 - [MESSAGE][PASSED] - Text '21114' is set on object 'Object Repository/RAD_Pages/AddressAndContactInfo_Page/input_zipCode'

2023-02-08 17:10:03 - [TEST_STEP][PASSED] - setText(findTestObject(orPath_AddressContact + "/input_phoneNumber"), "(703) 894-5000"): Text '(703) 894-5000' is set on object 'Object Repository/RAD_Pages/AddressAndContactInfo_Page/input_phoneNumber'

2023-02-08 17:10:04 - [MESSAGE][PASSED] - Text '(703) 894-5000' is set on object 'Object Repository/RAD_Pages/AddressAndContactInfo_Page/input_phoneNumber'

2023-02-08 17:10:04 - [TEST_STEP][PASSED] - setText(findTestObject(orPath_AddressContact + "/input_eMailAddress"), "iahmed@govolution.com"): Text 'iahmed@govolution.com' is set on object 'Object Repository/RAD_Pages/AddressAndContactInfo_Page/input_eMailAddress'

2023-02-08 17:10:05 - [MESSAGE][PASSED] - Text 'iahmed@govolution.com' is set on object 'Object Repository/RAD_Pages/AddressAndContactInfo_Page/input_eMailAddress'

2023-02-08 17:10:05 - [TEST_STEP][PASSED] - setText(findTestObject(orPath_AddressContact + "/input_reEnterEMailAddress"), "iahmed@govolution.com"): Text 'iahmed@govolution.com' is set on object 'Object Repository/RAD_Pages/AddressAndContactInfo_Page/input_reEnterEMailAddress'

2023-02-08 17:10:06 - [MESSAGE][PASSED] - Text 'iahmed@govolution.com' is set on object 'Object Repository/RAD_Pages/AddressAndContactInfo_Page/input_reEnterEMailAddress'

2023-02-08 17:10:06 - [TEST_STEP][PASSED] - if (TaxTypeEL.equalsIgnoreCase("Personal Tax")): null

2023-02-08 17:10:06 - [TEST_STEP][PASSED] - scrollToElement(findTestObject(orPath_Amount + "/input__paymentAmount"), 3): Scroll to object 'Object Repository/RAD_Pages/PaymentAmount_Page/input__paymentAmount' successfully

2023-02-08 17:10:07 - [MESSAGE][PASSED] - Scroll to object 'Object Repository/RAD_Pages/PaymentAmount_Page/input__paymentAmount' successfully

2023-02-08 17:10:07 - [TEST_STEP][PASSED] - if (!(TaxTypeEL.equalsIgnoreCase("Personal Tax"))): Text ****** has been set on object 'Object Repository/RAD_Pages/TaxInfo_Page/input_concat(id(, , data, , ))_Data (1)'

2023-02-08 17:10:07 - [TEST_STEP][PASSED] - setEncryptedText(findTestObject("Object Repository/RAD_Pages/TaxInfo_Page/input_concat(id(, , data, , ))_Data"), "RigbBhfdqODKcAsiUrg+1Q=="): Text ****** has been set on object 'Object Repository/RAD_Pages/TaxInfo_Page/input_concat(id(, , data, , ))_Data'

2023-02-08 17:10:08 - [MESSAGE][PASSED] - Text ****** has been set on object 'Object Repository/RAD_Pages/TaxInfo_Page/input_concat(id(, , data, , ))_Data'

2023-02-08 17:10:08 - [TEST_STEP][PASSED] - setEncryptedText(findTestObject("Object Repository/RAD_Pages/TaxInfo_Page/input_concat(id(, , data, , ))_Data (1)"), "RigbBhfdqODKcAsiUrg+1Q=="): Text ****** has been set on object 'Object Repository/RAD_Pages/TaxInfo_Page/input_concat(id(, , data, , ))_Data (1)'

2023-02-08 17:10:08 - [MESSAGE][PASSED] - Text ****** has been set on object 'Object Repository/RAD_Pages/TaxInfo_Page/input_concat(id(, , data, , ))_Data (1)'

2023-02-08 17:10:08 - [TEST_STEP][PASSED] - delay(1): Delayed 1 second(s)

2023-02-08 17:10:09 - [MESSAGE][PASSED] - Delayed 1 second(s)

2023-02-08 17:10:09 - [TEST_STEP][PASSED] - setText(findTestObject(orPath_TaxInfo + "/input_NoticeInvoiceNumber"), notInvNumber): Text '2581471470001' is set on object 'Object Repository/RAD_Pages/TaxInfo_Page/input_NoticeInvoiceNumber'

2023-02-08 17:10:10 - [MESSAGE][PASSED] - Text '2581471470001' is set on object 'Object Repository/RAD_Pages/TaxInfo_Page/input_NoticeInvoiceNumber'

2023-02-08 17:10:10 - [TEST_STEP][PASSED] - setText(findTestObject(orPath_TaxInfo + "/input_reTypeNoticeInvoiceNumber"), notInvNumber): Text '2581471470001' is set on object 'Object Repository/RAD_Pages/TaxInfo_Page/input_reTypeNoticeInvoiceNumber'

2023-02-08 17:10:11 - [MESSAGE][PASSED] - Text '2581471470001' is set on object 'Object Repository/RAD_Pages/TaxInfo_Page/input_reTypeNoticeInvoiceNumber'

2023-02-08 17:10:11 - [TEST_STEP][PASSED] - if (TaxTypeEL.equalsIgnoreCase("Sales & Use Tax") || TaxTypeEL.equalsIgnoreCase("Withholding Tax")): null

2023-02-08 17:10:11 - [TEST_STEP][PASSED] - setText(findTestObject(orPath_Amount + "/input__paymentAmount"), Amount): Text '30.50' is set on object 'Object Repository/RAD_Pages/PaymentAmount_Page/input__paymentAmount'

2023-02-08 17:10:12 - [MESSAGE][PASSED] - Text '30.50' is set on object 'Object Repository/RAD_Pages/PaymentAmount_Page/input__paymentAmount'

2023-02-08 17:10:12 - [TEST_STEP][PASSED] - scrollToElement(findTestObject(orPath_Landing + "/button_Continue"), 3): Scroll to object 'Object Repository/RAD_Pages/Landing_Page/button_Continue' successfully

2023-02-08 17:10:13 - [MESSAGE][PASSED] - Scroll to object 'Object Repository/RAD_Pages/Landing_Page/button_Continue' successfully

2023-02-08 17:10:13 - [TEST_STEP][PASSED] - waitForElementClickable(findTestObject(orPath_Landing + "/button_Continue"), 5): Object 'Object Repository/RAD_Pages/Landing_Page/button_Continue' is clickable

2023-02-08 17:10:13 - [MESSAGE][PASSED] - Object 'Object Repository/RAD_Pages/Landing_Page/button_Continue' is clickable

2023-02-08 17:10:13 - [TEST_STEP][PASSED] - click(findTestObject(orPath_Landing + "/button_Continue")): Object: 'Object Repository/RAD_Pages/Landing_Page/button_Continue' is clicked on

2023-02-08 17:10:14 - [MESSAGE][PASSED] - Object: 'Object Repository/RAD_Pages/Landing_Page/button_Continue' is clicked on

2023-02-08 17:10:14 - [TEST_STEP][PASSED] - verifyTextPresent("Review the information below and make any necessary corrections by clicking the", true): Text 'Review the information below and make any necessary corrections by clicking the' is present on page  using regular expression

2023-02-08 17:10:14 - [MESSAGE][PASSED] - Text 'Review the information below and make any necessary corrections by clicking the' is present on page  using regular expression

2023-02-08 17:10:14 - [TEST_STEP][PASSED] - verifyTextPresent("When you are confident that all the information is correct", true): Text 'When you are confident that all the information is correct' is present on page  using regular expression

2023-02-08 17:10:15 - [MESSAGE][PASSED] - Text 'When you are confident that all the information is correct' is present on page  using regular expression

2023-02-08 17:10:15 - [TEST_STEP][PASSED] - delay(1): Delayed 1 second(s)

2023-02-08 17:10:16 - [MESSAGE][PASSED] - Delayed 1 second(s)

2023-02-08 17:10:16 - [TEST_STEP][PASSED] - click(findTestObject(orPath_PaymentReady + "/button_ProceedtoPayment")): Object: 'Object Repository/RAD_Pages/PaymentReady_Page/button_ProceedtoPayment' is clicked on

2023-02-08 17:10:17 - [MESSAGE][PASSED] - Object: 'Object Repository/RAD_Pages/PaymentReady_Page/button_ProceedtoPayment' is clicked on

2023-02-08 17:10:17 - [TEST_STEP][PASSED] - setText(findTestObject("Object Repository/RAD_Pages/PaymentEntry_Page/input__billingName"), "Anthony Gonzalez"): Text 'Anthony Gonzalez' is set on object 'Object Repository/RAD_Pages/PaymentEntry_Page/input__billingName'

2023-02-08 17:10:18 - [MESSAGE][PASSED] - Text 'Anthony Gonzalez' is set on object 'Object Repository/RAD_Pages/PaymentEntry_Page/input__billingName'

2023-02-08 17:10:18 - [TEST_STEP][PASSED] - setText(findTestObject(orPath_PaymentEntry + "/input__cardNumber"), CCNumber): Text '4012000098765439' is set on object 'Object Repository/RAD_Pages/PaymentEntry_Page/input__cardNumber'

2023-02-08 17:10:19 - [MESSAGE][PASSED] - Text '4012000098765439' is set on object 'Object Repository/RAD_Pages/PaymentEntry_Page/input__cardNumber'

2023-02-08 17:10:19 - [TEST_STEP][PASSED] - setText(findTestObject(orPath_PaymentEntry + "/input__spc"), CVV): Text '123' is set on object 'Object Repository/RAD_Pages/PaymentEntry_Page/input__spc'

2023-02-08 17:10:20 - [MESSAGE][PASSED] - Text '123' is set on object 'Object Repository/RAD_Pages/PaymentEntry_Page/input__spc'

2023-02-08 17:10:20 - [TEST_STEP][PASSED] - selectOptionByLabel(findTestObject(orPath_PaymentEntry + "/select_MM"), "12", false): All options with label '12' are selected in object 'Object Repository/RAD_Pages/PaymentEntry_Page/select_MM' 

2023-02-08 17:10:21 - [MESSAGE][PASSED] - All options with label '12' are selected in object 'Object Repository/RAD_Pages/PaymentEntry_Page/select_MM' 

2023-02-08 17:10:21 - [TEST_STEP][PASSED] - selectOptionByLabel(findTestObject(orPath_PaymentEntry + "/select_YYYY"), "2023", false): All options with label '2023' are selected in object 'Object Repository/RAD_Pages/PaymentEntry_Page/select_YYYY' 

2023-02-08 17:10:21 - [MESSAGE][PASSED] - All options with label '2023' are selected in object 'Object Repository/RAD_Pages/PaymentEntry_Page/select_YYYY' 

2023-02-08 17:10:21 - [TEST_STEP][PASSED] - click(findTestObject(orPath_PaymentEntry + "/input_Field_ccSubmit")): Object: 'Object Repository/RAD_Pages/PaymentEntry_Page/input_Field_ccSubmit' is clicked on

2023-02-08 17:10:22 - [MESSAGE][PASSED] - Object: 'Object Repository/RAD_Pages/PaymentEntry_Page/input_Field_ccSubmit' is clicked on

2023-02-08 17:10:22 - [TEST_STEP][PASSED] - click(findTestObject(orPath_PaymentConfirmation + "/input_N_confirmNotifyAction")): Object: 'Object Repository/RAD_Pages/PaymentConfirmation_Page/input_N_confirmNotifyAction' is clicked on

2023-02-08 17:10:24 - [MESSAGE][PASSED] - Object: 'Object Repository/RAD_Pages/PaymentConfirmation_Page/input_N_confirmNotifyAction' is clicked on

2023-02-08 17:10:24 - [TEST_STEP][PASSED] - click(findTestObject(orPath_ServiceFeesAccept + "/input_convFeeNotifyAction")): Object: 'Object Repository/RAD_Pages/ServiceFeeAccept_Page/input_convFeeNotifyAction' is clicked on

2023-02-08 17:10:25 - [MESSAGE][PASSED] - Object: 'Object Repository/RAD_Pages/ServiceFeeAccept_Page/input_convFeeNotifyAction' is clicked on

2023-02-08 17:10:25 - [TEST_STEP][PASSED] - delay(10): Delayed 10 second(s)

2023-02-08 17:10:35 - [MESSAGE][PASSED] - Delayed 10 second(s)

2023-02-08 17:10:35 - [TEST_STEP][PASSED] - verifyTextPresent("Successful Payment Receipt", true): Text 'Successful Payment Receipt' is present on page  using regular expression

2023-02-08 17:10:36 - [MESSAGE][PASSED] - Text 'Successful Payment Receipt' is present on page  using regular expression

2023-02-08 17:10:36 - [TEST_STEP][PASSED] - if (verifyTextPresent("Successful Payment Receipt", true)): null

2023-02-08 17:10:36 - [MESSAGE][PASSED] - Text 'Successful Payment Receipt' is present on page  using regular expression

2023-02-08 17:10:36 - [TEST_STEP][PASSED] - println("Transaction was Successful"): null

2023-02-08 17:10:36 - [TEST_STEP][PASSED] - out.println("Pass Record Number: " + row): null

2023-02-08 17:10:36 - [TEST_STEP][PASSED] - resText = "Pass": null

2023-02-08 17:10:36 - [TEST_STEP][PASSED] - pages.WriteExcel.demoKey(resText, datText, resColumn, datCloumn, fileLoc, nameSheet, row): pages.WriteExcel.demoKey is PASSED

2023-02-08 17:10:36 - [MESSAGE][PASSED] - pages.WriteExcel.demoKey is PASSED

2023-02-08 17:10:36 - [TEST_STEP][PASSED] - ExecuteTC = findTestData(dataFile).getValue("Execute", row): null

2023-02-08 17:10:36 - [TEST_STEP][PASSED] - Taxtype = findTestData(dataFile).getValue("TaxType", row): null

2023-02-08 17:10:36 - [TEST_STEP][PASSED] - TaxTypeEL = findTestData(dataFile).getValue("TaxTypeEL", row): null

2023-02-08 17:10:36 - [TEST_STEP][PASSED] - FName = findTestData(dataFile).getValue("Fname", row): null

2023-02-08 17:10:36 - [TEST_STEP][PASSED] - LName = findTestData(dataFile).getValue("Lname", row): null

2023-02-08 17:10:36 - [TEST_STEP][PASSED] - AL1 = findTestData(dataFile).getValue("AL1", row): null

2023-02-08 17:10:36 - [TEST_STEP][PASSED] - City = findTestData(dataFile).getValue("City", row): null

2023-02-08 17:10:36 - [TEST_STEP][PASSED] - ZIP = findTestData(dataFile).getValue("ZIP", row): null

2023-02-08 17:10:36 - [TEST_STEP][PASSED] - Amount = findTestData(dataFile).getValue("Amount", row): null

2023-02-08 17:10:36 - [TEST_STEP][PASSED] - CCNumber = findTestData(dataFile).getValue("CCNumber", row): null

2023-02-08 17:10:36 - [TEST_STEP][PASSED] - CVV = findTestData(dataFile).getValue("CVV", row): null

2023-02-08 17:10:36 - [TEST_STEP][PASSED] - SSN = findTestData(dataFile).getValue("SSN", row): null

2023-02-08 17:10:37 - [TEST_STEP][PASSED] - notInvNumber = findTestData(dataFile).getValue("NotiInvoNumber", row): null

2023-02-08 17:10:37 - [TEST_STEP][PASSED] - businessName = findTestData(dataFile).getValue("BusName", row): null

2023-02-08 17:10:37 - [TEST_STEP][PASSED] - out.println("Value of Execute is : " + ExecuteTC): null

2023-02-08 17:10:37 - [TEST_STEP][PASSED] - if (ExecuteTC.equalsIgnoreCase("Y")): null

2023-02-08 17:10:37 - [TEST_STEP][PASSED] - out.println("Begin Record Number: " + row): null

2023-02-08 17:10:37 - [TEST_STEP][PASSED] - today = new java.util.Date(): null

2023-02-08 17:10:37 - [TEST_STEP][PASSED] - println(today): null

2023-02-08 17:10:37 - [TEST_STEP][PASSED] - datText = today: null

2023-02-08 17:10:37 - [TEST_STEP][PASSED] - Taxtype = findTestData(dataFile).getValue("TaxType", row): null

2023-02-08 17:10:37 - [TEST_STEP][PASSED] - out.println("Taxtype value is : " + Taxtype): null

2023-02-08 17:10:37 - [TEST_STEP][PASSED] - openBrowser(""): Browser is opened with url: ''

2023-02-08 17:10:37 - [MESSAGE][WARNING] - A browser is already opened. Closing browser and opening a new one

2023-02-08 17:10:38 - [MESSAGE][INFO] - Starting 'Chrome' driver

2023-02-08 17:10:38 - [MESSAGE][INFO] - User set preference: ['acceptInsecureCerts', 'true']

2023-02-08 17:10:38 - [MESSAGE][INFO] - Action delay is set to 0 milliseconds

2023-02-08 17:10:39 - [MESSAGE][PASSED] - Browser is opened with url: ''

2023-02-08 17:10:39 - [TEST_STEP][PASSED] - maximizeWindow(): Current window maximized

2023-02-08 17:10:39 - [MESSAGE][PASSED] - Current window maximized

2023-02-08 17:10:39 - [TEST_STEP][PASSED] - navigateToUrl(RADurl): Navigate to 'https://qa.velocitypayment.com/client/rad/index.html' successfully

2023-02-08 17:10:41 - [MESSAGE][PASSED] - Navigate to 'https://qa.velocitypayment.com/client/rad/index.html' successfully

2023-02-08 17:10:41 - [TEST_STEP][PASSED] - orPath_Landing = "Object Repository/RAD_Pages/Landing_Page": null

2023-02-08 17:10:41 - [TEST_STEP][PASSED] - orPath_TaxTypeFilingYear = "Object Repository/RAD_Pages/TaxTypeFilingYear_Page": null

2023-02-08 17:10:41 - [TEST_STEP][PASSED] - orPath_TaxPayer = "Object Repository/RAD_Pages/Taxpayer_Page": null

2023-02-08 17:10:41 - [TEST_STEP][PASSED] - orPath_AddressContact = "Object Repository/RAD_Pages/AddressAndContactInfo_Page": null

2023-02-08 17:10:41 - [TEST_STEP][PASSED] - orPath_FilingStatus = "Object Repository/RAD_Pages/FilingStatus_Page": null

2023-02-08 17:10:41 - [TEST_STEP][PASSED] - orPath_Amount = "Object Repository/RAD_Pages/PaymentAmount_Page": null

2023-02-08 17:10:41 - [TEST_STEP][PASSED] - orPath_TaxInfo = "Object Repository/RAD_Pages/TaxInfo_Page": null

2023-02-08 17:10:41 - [TEST_STEP][PASSED] - orPath_Withholding = "Object Repository/RAD_Pages/Withholding_Page": null

2023-02-08 17:10:41 - [TEST_STEP][PASSED] - orPath_Summary = "Object Repository/RAD_Pages/Summary_Page": null

2023-02-08 17:10:41 - [TEST_STEP][PASSED] - orPath_PaymentReady = "Object Repository/RAD_Pages/PaymentReady_Page": null

2023-02-08 17:10:41 - [TEST_STEP][PASSED] - orPath_PaymentEntry = "Object Repository/RAD_Pages/PaymentEntry_Page": null

2023-02-08 17:10:41 - [TEST_STEP][PASSED] - orPath_PaymentConfirmation = "Object Repository/RAD_Pages/PaymentConfirmation_Page": null

2023-02-08 17:10:41 - [TEST_STEP][PASSED] - orPath_ServiceFeesAccept = "Object Repository/RAD_Pages/ServiceFeeAccept_Page": null

2023-02-08 17:10:41 - [TEST_STEP][PASSED] - selectOptionByLabel(findTestObject(orPath_Landing + "/dd_TaxType"), Taxtype, false): All options with label 'Existing Liability' are selected in object 'Object Repository/RAD_Pages/Landing_Page/dd_TaxType' 

2023-02-08 17:10:42 - [MESSAGE][PASSED] - All options with label 'Existing Liability' are selected in object 'Object Repository/RAD_Pages/Landing_Page/dd_TaxType' 

2023-02-08 17:10:42 - [TEST_STEP][PASSED] - delay(1): Delayed 1 second(s)

2023-02-08 17:10:43 - [MESSAGE][PASSED] - Delayed 1 second(s)

2023-02-08 17:10:43 - [TEST_STEP][PASSED] - selectOptionByLabel(findTestObject(orPath_TaxTypeFilingYear + "/select_TaxType_ExistingLiability"), TaxTypeEL, false): All options with label 'Sales & Use Tax' are selected in object 'Object Repository/RAD_Pages/TaxTypeFilingYear_Page/select_TaxType_ExistingLiability' 

2023-02-08 17:10:44 - [MESSAGE][PASSED] - All options with label 'Sales & Use Tax' are selected in object 'Object Repository/RAD_Pages/TaxTypeFilingYear_Page/select_TaxType_ExistingLiability' 

2023-02-08 17:10:44 - [TEST_STEP][PASSED] - if (TaxTypeEL.equalsIgnoreCase("Fiduciary Tax") || TaxTypeEL.equalsIgnoreCase("Personal Tax")): null

2023-02-08 17:10:44 - [TEST_STEP][PASSED] - else: Text 'My Glass Company' is set on object 'Object Repository/RAD_Pages/Taxpayer_Page/input_businessName'

2023-02-08 17:10:44 - [TEST_STEP][PASSED] - setText(findTestObject(orPath_TaxPayer + "/input_businessName"), businessName): Text 'My Glass Company' is set on object 'Object Repository/RAD_Pages/Taxpayer_Page/input_businessName'

2023-02-08 17:10:45 - [MESSAGE][PASSED] - Text 'My Glass Company' is set on object 'Object Repository/RAD_Pages/Taxpayer_Page/input_businessName'

2023-02-08 17:10:45 - [TEST_STEP][PASSED] - selectOptionByLabel(findTestObject(orPath_AddressContact + "/select_Country"), "United States", false): All options with label 'United States' are selected in object 'Object Repository/RAD_Pages/AddressAndContactInfo_Page/select_Country' 

2023-02-08 17:10:46 - [MESSAGE][PASSED] - All options with label 'United States' are selected in object 'Object Repository/RAD_Pages/AddressAndContactInfo_Page/select_Country' 

2023-02-08 17:10:46 - [TEST_STEP][PASSED] - setText(findTestObject(orPath_AddressContact + "/input_streetAddress1"), AL1): Text '1501 Mandan Terrace' is set on object 'Object Repository/RAD_Pages/AddressAndContactInfo_Page/input_streetAddress1'

2023-02-08 17:10:47 - [MESSAGE][PASSED] - Text '1501 Mandan Terrace' is set on object 'Object Repository/RAD_Pages/AddressAndContactInfo_Page/input_streetAddress1'

2023-02-08 17:10:47 - [TEST_STEP][PASSED] - setText(findTestObject(orPath_AddressContact + "/input_streetAddress2"), ""): Text '' is set on object 'Object Repository/RAD_Pages/AddressAndContactInfo_Page/input_streetAddress2'

2023-02-08 17:10:48 - [MESSAGE][PASSED] - Text '' is set on object 'Object Repository/RAD_Pages/AddressAndContactInfo_Page/input_streetAddress2'

2023-02-08 17:10:48 - [TEST_STEP][PASSED] - setText(findTestObject(orPath_AddressContact + "/input_city"), City): Text 'Bowie' is set on object 'Object Repository/RAD_Pages/AddressAndContactInfo_Page/input_city'

2023-02-08 17:10:49 - [MESSAGE][PASSED] - Text 'Bowie' is set on object 'Object Repository/RAD_Pages/AddressAndContactInfo_Page/input_city'

2023-02-08 17:10:49 - [TEST_STEP][PASSED] - selectOptionByLabel(findTestObject(orPath_AddressContact + "/select_State"), "Maryland", false): All options with label 'Maryland' are selected in object 'Object Repository/RAD_Pages/AddressAndContactInfo_Page/select_State' 

2023-02-08 17:10:50 - [MESSAGE][PASSED] - All options with label 'Maryland' are selected in object 'Object Repository/RAD_Pages/AddressAndContactInfo_Page/select_State' 

2023-02-08 17:10:50 - [TEST_STEP][PASSED] - setText(findTestObject(orPath_AddressContact + "/input_zipCode"), ZIP): Text '20720' is set on object 'Object Repository/RAD_Pages/AddressAndContactInfo_Page/input_zipCode'

2023-02-08 17:10:50 - [MESSAGE][PASSED] - Text '20720' is set on object 'Object Repository/RAD_Pages/AddressAndContactInfo_Page/input_zipCode'

2023-02-08 17:10:50 - [TEST_STEP][PASSED] - setText(findTestObject(orPath_AddressContact + "/input_phoneNumber"), "(703) 894-5000"): Text '(703) 894-5000' is set on object 'Object Repository/RAD_Pages/AddressAndContactInfo_Page/input_phoneNumber'

2023-02-08 17:10:51 - [MESSAGE][PASSED] - Text '(703) 894-5000' is set on object 'Object Repository/RAD_Pages/AddressAndContactInfo_Page/input_phoneNumber'

2023-02-08 17:10:51 - [TEST_STEP][PASSED] - setText(findTestObject(orPath_AddressContact + "/input_eMailAddress"), "iahmed@govolution.com"): Text 'iahmed@govolution.com' is set on object 'Object Repository/RAD_Pages/AddressAndContactInfo_Page/input_eMailAddress'

2023-02-08 17:10:52 - [MESSAGE][PASSED] - Text 'iahmed@govolution.com' is set on object 'Object Repository/RAD_Pages/AddressAndContactInfo_Page/input_eMailAddress'

2023-02-08 17:10:52 - [TEST_STEP][PASSED] - setText(findTestObject(orPath_AddressContact + "/input_reEnterEMailAddress"), "iahmed@govolution.com"): Text 'iahmed@govolution.com' is set on object 'Object Repository/RAD_Pages/AddressAndContactInfo_Page/input_reEnterEMailAddress'

2023-02-08 17:10:53 - [MESSAGE][PASSED] - Text 'iahmed@govolution.com' is set on object 'Object Repository/RAD_Pages/AddressAndContactInfo_Page/input_reEnterEMailAddress'

2023-02-08 17:10:53 - [TEST_STEP][PASSED] - if (TaxTypeEL.equalsIgnoreCase("Personal Tax")): null

2023-02-08 17:10:53 - [TEST_STEP][PASSED] - scrollToElement(findTestObject(orPath_Amount + "/input__paymentAmount"), 3): Scroll to object 'Object Repository/RAD_Pages/PaymentAmount_Page/input__paymentAmount' successfully

2023-02-08 17:10:54 - [MESSAGE][PASSED] - Scroll to object 'Object Repository/RAD_Pages/PaymentAmount_Page/input__paymentAmount' successfully

2023-02-08 17:10:54 - [TEST_STEP][PASSED] - if (!(TaxTypeEL.equalsIgnoreCase("Personal Tax"))): Text ****** has been set on object 'Object Repository/RAD_Pages/TaxInfo_Page/input_concat(id(, , data, , ))_Data (1)'

2023-02-08 17:10:54 - [TEST_STEP][PASSED] - setEncryptedText(findTestObject("Object Repository/RAD_Pages/TaxInfo_Page/input_concat(id(, , data, , ))_Data"), "RigbBhfdqODKcAsiUrg+1Q=="): Text ****** has been set on object 'Object Repository/RAD_Pages/TaxInfo_Page/input_concat(id(, , data, , ))_Data'

2023-02-08 17:10:55 - [MESSAGE][PASSED] - Text ****** has been set on object 'Object Repository/RAD_Pages/TaxInfo_Page/input_concat(id(, , data, , ))_Data'

2023-02-08 17:10:55 - [TEST_STEP][PASSED] - setEncryptedText(findTestObject("Object Repository/RAD_Pages/TaxInfo_Page/input_concat(id(, , data, , ))_Data (1)"), "RigbBhfdqODKcAsiUrg+1Q=="): Text ****** has been set on object 'Object Repository/RAD_Pages/TaxInfo_Page/input_concat(id(, , data, , ))_Data (1)'

2023-02-08 17:10:55 - [MESSAGE][PASSED] - Text ****** has been set on object 'Object Repository/RAD_Pages/TaxInfo_Page/input_concat(id(, , data, , ))_Data (1)'

2023-02-08 17:10:55 - [TEST_STEP][PASSED] - delay(1): Delayed 1 second(s)

2023-02-08 17:10:56 - [MESSAGE][PASSED] - Delayed 1 second(s)

2023-02-08 17:10:56 - [TEST_STEP][PASSED] - setText(findTestObject(orPath_TaxInfo + "/input_NoticeInvoiceNumber"), notInvNumber): Text '2581471470001' is set on object 'Object Repository/RAD_Pages/TaxInfo_Page/input_NoticeInvoiceNumber'

2023-02-08 17:10:57 - [MESSAGE][PASSED] - Text '2581471470001' is set on object 'Object Repository/RAD_Pages/TaxInfo_Page/input_NoticeInvoiceNumber'

2023-02-08 17:10:57 - [TEST_STEP][PASSED] - setText(findTestObject(orPath_TaxInfo + "/input_reTypeNoticeInvoiceNumber"), notInvNumber): Text '2581471470001' is set on object 'Object Repository/RAD_Pages/TaxInfo_Page/input_reTypeNoticeInvoiceNumber'

2023-02-08 17:10:58 - [MESSAGE][PASSED] - Text '2581471470001' is set on object 'Object Repository/RAD_Pages/TaxInfo_Page/input_reTypeNoticeInvoiceNumber'

2023-02-08 17:10:58 - [TEST_STEP][PASSED] - if (TaxTypeEL.equalsIgnoreCase("Sales & Use Tax") || TaxTypeEL.equalsIgnoreCase("Withholding Tax")): Text '07640126' is set on object 'Object Repository/RAD_Pages/TaxInfo_Page/input_MDCRegistrationEL'

2023-02-08 17:10:58 - [TEST_STEP][PASSED] - println("TaxTypeEL : " + TaxTypeEL): null

2023-02-08 17:10:58 - [TEST_STEP][PASSED] - setText(findTestObject(orPath_TaxInfo + "/input_MDCRegistrationEL"), "07640126"): Text '07640126' is set on object 'Object Repository/RAD_Pages/TaxInfo_Page/input_MDCRegistrationEL'

2023-02-08 17:10:59 - [MESSAGE][PASSED] - Text '07640126' is set on object 'Object Repository/RAD_Pages/TaxInfo_Page/input_MDCRegistrationEL'

2023-02-08 17:10:59 - [TEST_STEP][PASSED] - setText(findTestObject(orPath_Amount + "/input__paymentAmount"), Amount): Text '50.50' is set on object 'Object Repository/RAD_Pages/PaymentAmount_Page/input__paymentAmount'

2023-02-08 17:11:00 - [MESSAGE][PASSED] - Text '50.50' is set on object 'Object Repository/RAD_Pages/PaymentAmount_Page/input__paymentAmount'

2023-02-08 17:11:00 - [TEST_STEP][PASSED] - scrollToElement(findTestObject(orPath_Landing + "/button_Continue"), 3): Scroll to object 'Object Repository/RAD_Pages/Landing_Page/button_Continue' successfully

2023-02-08 17:11:01 - [MESSAGE][PASSED] - Scroll to object 'Object Repository/RAD_Pages/Landing_Page/button_Continue' successfully

2023-02-08 17:11:01 - [TEST_STEP][PASSED] - waitForElementClickable(findTestObject(orPath_Landing + "/button_Continue"), 5): Object 'Object Repository/RAD_Pages/Landing_Page/button_Continue' is clickable

2023-02-08 17:11:01 - [MESSAGE][PASSED] - Object 'Object Repository/RAD_Pages/Landing_Page/button_Continue' is clickable

2023-02-08 17:11:01 - [TEST_STEP][PASSED] - click(findTestObject(orPath_Landing + "/button_Continue")): Object: 'Object Repository/RAD_Pages/Landing_Page/button_Continue' is clicked on

2023-02-08 17:11:01 - [MESSAGE][PASSED] - Object: 'Object Repository/RAD_Pages/Landing_Page/button_Continue' is clicked on

2023-02-08 17:11:01 - [TEST_STEP][PASSED] - verifyTextPresent("Review the information below and make any necessary corrections by clicking the", true): Text 'Review the information below and make any necessary corrections by clicking the' is present on page  using regular expression

2023-02-08 17:11:02 - [MESSAGE][PASSED] - Text 'Review the information below and make any necessary corrections by clicking the' is present on page  using regular expression

2023-02-08 17:11:02 - [TEST_STEP][PASSED] - verifyTextPresent("When you are confident that all the information is correct", true): Text 'When you are confident that all the information is correct' is present on page  using regular expression

2023-02-08 17:11:02 - [MESSAGE][PASSED] - Text 'When you are confident that all the information is correct' is present on page  using regular expression

2023-02-08 17:11:02 - [TEST_STEP][PASSED] - delay(1): Delayed 1 second(s)

2023-02-08 17:11:03 - [MESSAGE][PASSED] - Delayed 1 second(s)

2023-02-08 17:11:03 - [TEST_STEP][PASSED] - click(findTestObject(orPath_PaymentReady + "/button_ProceedtoPayment")): Object: 'Object Repository/RAD_Pages/PaymentReady_Page/button_ProceedtoPayment' is clicked on

2023-02-08 17:11:05 - [MESSAGE][PASSED] - Object: 'Object Repository/RAD_Pages/PaymentReady_Page/button_ProceedtoPayment' is clicked on

2023-02-08 17:11:05 - [TEST_STEP][PASSED] - setText(findTestObject("Object Repository/RAD_Pages/PaymentEntry_Page/input__billingName"), "Anthony Gonzalez"): Text 'Anthony Gonzalez' is set on object 'Object Repository/RAD_Pages/PaymentEntry_Page/input__billingName'

2023-02-08 17:11:06 - [MESSAGE][PASSED] - Text 'Anthony Gonzalez' is set on object 'Object Repository/RAD_Pages/PaymentEntry_Page/input__billingName'

2023-02-08 17:11:06 - [TEST_STEP][PASSED] - setText(findTestObject(orPath_PaymentEntry + "/input__cardNumber"), CCNumber): Text '6011000993026909' is set on object 'Object Repository/RAD_Pages/PaymentEntry_Page/input__cardNumber'

2023-02-08 17:11:07 - [MESSAGE][PASSED] - Text '6011000993026909' is set on object 'Object Repository/RAD_Pages/PaymentEntry_Page/input__cardNumber'

2023-02-08 17:11:07 - [TEST_STEP][PASSED] - setText(findTestObject(orPath_PaymentEntry + "/input__spc"), CVV): Text '123' is set on object 'Object Repository/RAD_Pages/PaymentEntry_Page/input__spc'

2023-02-08 17:11:08 - [MESSAGE][PASSED] - Text '123' is set on object 'Object Repository/RAD_Pages/PaymentEntry_Page/input__spc'

2023-02-08 17:11:08 - [TEST_STEP][PASSED] - selectOptionByLabel(findTestObject(orPath_PaymentEntry + "/select_MM"), "12", false): All options with label '12' are selected in object 'Object Repository/RAD_Pages/PaymentEntry_Page/select_MM' 

2023-02-08 17:11:09 - [MESSAGE][PASSED] - All options with label '12' are selected in object 'Object Repository/RAD_Pages/PaymentEntry_Page/select_MM' 

2023-02-08 17:11:09 - [TEST_STEP][PASSED] - selectOptionByLabel(findTestObject(orPath_PaymentEntry + "/select_YYYY"), "2023", false): All options with label '2023' are selected in object 'Object Repository/RAD_Pages/PaymentEntry_Page/select_YYYY' 

2023-02-08 17:11:10 - [MESSAGE][PASSED] - All options with label '2023' are selected in object 'Object Repository/RAD_Pages/PaymentEntry_Page/select_YYYY' 

2023-02-08 17:11:10 - [TEST_STEP][PASSED] - click(findTestObject(orPath_PaymentEntry + "/input_Field_ccSubmit")): Object: 'Object Repository/RAD_Pages/PaymentEntry_Page/input_Field_ccSubmit' is clicked on

2023-02-08 17:11:11 - [MESSAGE][PASSED] - Object: 'Object Repository/RAD_Pages/PaymentEntry_Page/input_Field_ccSubmit' is clicked on

2023-02-08 17:11:11 - [TEST_STEP][PASSED] - click(findTestObject(orPath_PaymentConfirmation + "/input_N_confirmNotifyAction")): Object: 'Object Repository/RAD_Pages/PaymentConfirmation_Page/input_N_confirmNotifyAction' is clicked on

2023-02-08 17:11:12 - [MESSAGE][PASSED] - Object: 'Object Repository/RAD_Pages/PaymentConfirmation_Page/input_N_confirmNotifyAction' is clicked on

2023-02-08 17:11:12 - [TEST_STEP][PASSED] - click(findTestObject(orPath_ServiceFeesAccept + "/input_convFeeNotifyAction")): Object: 'Object Repository/RAD_Pages/ServiceFeeAccept_Page/input_convFeeNotifyAction' is clicked on

2023-02-08 17:11:14 - [MESSAGE][PASSED] - Object: 'Object Repository/RAD_Pages/ServiceFeeAccept_Page/input_convFeeNotifyAction' is clicked on

2023-02-08 17:11:14 - [TEST_STEP][PASSED] - delay(10): Delayed 10 second(s)

2023-02-08 17:11:24 - [MESSAGE][PASSED] - Delayed 10 second(s)

2023-02-08 17:11:24 - [TEST_STEP][PASSED] - verifyTextPresent("Successful Payment Receipt", true): Text 'Successful Payment Receipt' is present on page  using regular expression

2023-02-08 17:11:24 - [MESSAGE][PASSED] - Text 'Successful Payment Receipt' is present on page  using regular expression

2023-02-08 17:11:24 - [TEST_STEP][PASSED] - if (verifyTextPresent("Successful Payment Receipt", true)): null

2023-02-08 17:11:25 - [MESSAGE][PASSED] - Text 'Successful Payment Receipt' is present on page  using regular expression

2023-02-08 17:11:25 - [TEST_STEP][PASSED] - println("Transaction was Successful"): null

2023-02-08 17:11:25 - [TEST_STEP][PASSED] - out.println("Pass Record Number: " + row): null

2023-02-08 17:11:25 - [TEST_STEP][PASSED] - resText = "Pass": null

2023-02-08 17:11:25 - [TEST_STEP][PASSED] - pages.WriteExcel.demoKey(resText, datText, resColumn, datCloumn, fileLoc, nameSheet, row): pages.WriteExcel.demoKey is PASSED

2023-02-08 17:11:25 - [MESSAGE][PASSED] - pages.WriteExcel.demoKey is PASSED

2023-02-08 17:11:25 - [TEST_STEP][PASSED] - ExecuteTC = findTestData(dataFile).getValue("Execute", row): null

2023-02-08 17:11:25 - [TEST_STEP][PASSED] - Taxtype = findTestData(dataFile).getValue("TaxType", row): null

2023-02-08 17:11:25 - [TEST_STEP][PASSED] - TaxTypeEL = findTestData(dataFile).getValue("TaxTypeEL", row): null

2023-02-08 17:11:25 - [TEST_STEP][PASSED] - FName = findTestData(dataFile).getValue("Fname", row): null

2023-02-08 17:11:25 - [TEST_STEP][PASSED] - LName = findTestData(dataFile).getValue("Lname", row): null

2023-02-08 17:11:25 - [TEST_STEP][PASSED] - AL1 = findTestData(dataFile).getValue("AL1", row): null

2023-02-08 17:11:25 - [TEST_STEP][PASSED] - City = findTestData(dataFile).getValue("City", row): null

2023-02-08 17:11:25 - [TEST_STEP][PASSED] - ZIP = findTestData(dataFile).getValue("ZIP", row): null

2023-02-08 17:11:25 - [TEST_STEP][PASSED] - Amount = findTestData(dataFile).getValue("Amount", row): null

2023-02-08 17:11:25 - [TEST_STEP][PASSED] - CCNumber = findTestData(dataFile).getValue("CCNumber", row): null

2023-02-08 17:11:25 - [TEST_STEP][PASSED] - CVV = findTestData(dataFile).getValue("CVV", row): null

2023-02-08 17:11:25 - [TEST_STEP][PASSED] - SSN = findTestData(dataFile).getValue("SSN", row): null

2023-02-08 17:11:25 - [TEST_STEP][PASSED] - notInvNumber = findTestData(dataFile).getValue("NotiInvoNumber", row): null

2023-02-08 17:11:25 - [TEST_STEP][PASSED] - businessName = findTestData(dataFile).getValue("BusName", row): null

2023-02-08 17:11:25 - [TEST_STEP][PASSED] - out.println("Value of Execute is : " + ExecuteTC): null

2023-02-08 17:11:25 - [TEST_STEP][PASSED] - if (ExecuteTC.equalsIgnoreCase("Y")): null

2023-02-08 17:11:25 - [TEST_STEP][PASSED] - out.println("Begin Record Number: " + row): null

2023-02-08 17:11:25 - [TEST_STEP][PASSED] - today = new java.util.Date(): null

2023-02-08 17:11:25 - [TEST_STEP][PASSED] - println(today): null

2023-02-08 17:11:25 - [TEST_STEP][PASSED] - datText = today: null

2023-02-08 17:11:25 - [TEST_STEP][PASSED] - Taxtype = findTestData(dataFile).getValue("TaxType", row): null

2023-02-08 17:11:25 - [TEST_STEP][PASSED] - out.println("Taxtype value is : " + Taxtype): null

2023-02-08 17:11:25 - [TEST_STEP][PASSED] - openBrowser(""): Browser is opened with url: ''

2023-02-08 17:11:25 - [MESSAGE][WARNING] - A browser is already opened. Closing browser and opening a new one

2023-02-08 17:11:26 - [MESSAGE][INFO] - Starting 'Chrome' driver

2023-02-08 17:11:26 - [MESSAGE][INFO] - User set preference: ['acceptInsecureCerts', 'true']

2023-02-08 17:11:26 - [MESSAGE][INFO] - Action delay is set to 0 milliseconds

2023-02-08 17:11:27 - [MESSAGE][PASSED] - Browser is opened with url: ''

2023-02-08 17:11:27 - [TEST_STEP][PASSED] - maximizeWindow(): Current window maximized

2023-02-08 17:11:28 - [MESSAGE][PASSED] - Current window maximized

2023-02-08 17:11:28 - [TEST_STEP][PASSED] - navigateToUrl(RADurl): Navigate to 'https://qa.velocitypayment.com/client/rad/index.html' successfully

2023-02-08 17:11:29 - [MESSAGE][PASSED] - Navigate to 'https://qa.velocitypayment.com/client/rad/index.html' successfully

2023-02-08 17:11:29 - [TEST_STEP][PASSED] - orPath_Landing = "Object Repository/RAD_Pages/Landing_Page": null

2023-02-08 17:11:29 - [TEST_STEP][PASSED] - orPath_TaxTypeFilingYear = "Object Repository/RAD_Pages/TaxTypeFilingYear_Page": null

2023-02-08 17:11:29 - [TEST_STEP][PASSED] - orPath_TaxPayer = "Object Repository/RAD_Pages/Taxpayer_Page": null

2023-02-08 17:11:29 - [TEST_STEP][PASSED] - orPath_AddressContact = "Object Repository/RAD_Pages/AddressAndContactInfo_Page": null

2023-02-08 17:11:29 - [TEST_STEP][PASSED] - orPath_FilingStatus = "Object Repository/RAD_Pages/FilingStatus_Page": null

2023-02-08 17:11:29 - [TEST_STEP][PASSED] - orPath_Amount = "Object Repository/RAD_Pages/PaymentAmount_Page": null

2023-02-08 17:11:29 - [TEST_STEP][PASSED] - orPath_TaxInfo = "Object Repository/RAD_Pages/TaxInfo_Page": null

2023-02-08 17:11:29 - [TEST_STEP][PASSED] - orPath_Withholding = "Object Repository/RAD_Pages/Withholding_Page": null

2023-02-08 17:11:29 - [TEST_STEP][PASSED] - orPath_Summary = "Object Repository/RAD_Pages/Summary_Page": null

2023-02-08 17:11:29 - [TEST_STEP][PASSED] - orPath_PaymentReady = "Object Repository/RAD_Pages/PaymentReady_Page": null

2023-02-08 17:11:29 - [TEST_STEP][PASSED] - orPath_PaymentEntry = "Object Repository/RAD_Pages/PaymentEntry_Page": null

2023-02-08 17:11:29 - [TEST_STEP][PASSED] - orPath_PaymentConfirmation = "Object Repository/RAD_Pages/PaymentConfirmation_Page": null

2023-02-08 17:11:29 - [TEST_STEP][PASSED] - orPath_ServiceFeesAccept = "Object Repository/RAD_Pages/ServiceFeeAccept_Page": null

2023-02-08 17:11:29 - [TEST_STEP][PASSED] - selectOptionByLabel(findTestObject(orPath_Landing + "/dd_TaxType"), Taxtype, false): All options with label 'Existing Liability' are selected in object 'Object Repository/RAD_Pages/Landing_Page/dd_TaxType' 

2023-02-08 17:11:30 - [MESSAGE][PASSED] - All options with label 'Existing Liability' are selected in object 'Object Repository/RAD_Pages/Landing_Page/dd_TaxType' 

2023-02-08 17:11:30 - [TEST_STEP][PASSED] - delay(1): Delayed 1 second(s)

2023-02-08 17:11:31 - [MESSAGE][PASSED] - Delayed 1 second(s)

2023-02-08 17:11:31 - [TEST_STEP][PASSED] - selectOptionByLabel(findTestObject(orPath_TaxTypeFilingYear + "/select_TaxType_ExistingLiability"), TaxTypeEL, false): All options with label 'Tire Fee Tax' are selected in object 'Object Repository/RAD_Pages/TaxTypeFilingYear_Page/select_TaxType_ExistingLiability' 

2023-02-08 17:11:32 - [MESSAGE][PASSED] - All options with label 'Tire Fee Tax' are selected in object 'Object Repository/RAD_Pages/TaxTypeFilingYear_Page/select_TaxType_ExistingLiability' 

2023-02-08 17:11:32 - [TEST_STEP][PASSED] - if (TaxTypeEL.equalsIgnoreCase("Fiduciary Tax") || TaxTypeEL.equalsIgnoreCase("Personal Tax")): null

2023-02-08 17:11:32 - [TEST_STEP][PASSED] - else: Text 'Superior, Painters' is set on object 'Object Repository/RAD_Pages/Taxpayer_Page/input_businessName'

2023-02-08 17:11:32 - [TEST_STEP][PASSED] - setText(findTestObject(orPath_TaxPayer + "/input_businessName"), businessName): Text 'Superior, Painters' is set on object 'Object Repository/RAD_Pages/Taxpayer_Page/input_businessName'

2023-02-08 17:11:33 - [MESSAGE][PASSED] - Text 'Superior, Painters' is set on object 'Object Repository/RAD_Pages/Taxpayer_Page/input_businessName'

2023-02-08 17:11:33 - [TEST_STEP][PASSED] - selectOptionByLabel(findTestObject(orPath_AddressContact + "/select_Country"), "United States", false): All options with label 'United States' are selected in object 'Object Repository/RAD_Pages/AddressAndContactInfo_Page/select_Country' 

2023-02-08 17:11:34 - [MESSAGE][PASSED] - All options with label 'United States' are selected in object 'Object Repository/RAD_Pages/AddressAndContactInfo_Page/select_Country' 

2023-02-08 17:11:34 - [TEST_STEP][PASSED] - setText(findTestObject(orPath_AddressContact + "/input_streetAddress1"), AL1): Text '2336 Turn ct' is set on object 'Object Repository/RAD_Pages/AddressAndContactInfo_Page/input_streetAddress1'

2023-02-08 17:11:35 - [MESSAGE][PASSED] - Text '2336 Turn ct' is set on object 'Object Repository/RAD_Pages/AddressAndContactInfo_Page/input_streetAddress1'

2023-02-08 17:11:35 - [TEST_STEP][PASSED] - setText(findTestObject(orPath_AddressContact + "/input_streetAddress2"), ""): Text '' is set on object 'Object Repository/RAD_Pages/AddressAndContactInfo_Page/input_streetAddress2'

2023-02-08 17:11:36 - [MESSAGE][PASSED] - Text '' is set on object 'Object Repository/RAD_Pages/AddressAndContactInfo_Page/input_streetAddress2'

2023-02-08 17:11:36 - [TEST_STEP][PASSED] - setText(findTestObject(orPath_AddressContact + "/input_city"), City): Text 'Crofton' is set on object 'Object Repository/RAD_Pages/AddressAndContactInfo_Page/input_city'

2023-02-08 17:11:37 - [MESSAGE][PASSED] - Text 'Crofton' is set on object 'Object Repository/RAD_Pages/AddressAndContactInfo_Page/input_city'

2023-02-08 17:11:37 - [TEST_STEP][PASSED] - selectOptionByLabel(findTestObject(orPath_AddressContact + "/select_State"), "Maryland", false): All options with label 'Maryland' are selected in object 'Object Repository/RAD_Pages/AddressAndContactInfo_Page/select_State' 

2023-02-08 17:11:37 - [MESSAGE][PASSED] - All options with label 'Maryland' are selected in object 'Object Repository/RAD_Pages/AddressAndContactInfo_Page/select_State' 

2023-02-08 17:11:37 - [TEST_STEP][PASSED] - setText(findTestObject(orPath_AddressContact + "/input_zipCode"), ZIP): Text '21144' is set on object 'Object Repository/RAD_Pages/AddressAndContactInfo_Page/input_zipCode'

2023-02-08 17:11:38 - [MESSAGE][PASSED] - Text '21144' is set on object 'Object Repository/RAD_Pages/AddressAndContactInfo_Page/input_zipCode'

2023-02-08 17:11:38 - [TEST_STEP][PASSED] - setText(findTestObject(orPath_AddressContact + "/input_phoneNumber"), "(703) 894-5000"): Text '(703) 894-5000' is set on object 'Object Repository/RAD_Pages/AddressAndContactInfo_Page/input_phoneNumber'

2023-02-08 17:11:39 - [MESSAGE][PASSED] - Text '(703) 894-5000' is set on object 'Object Repository/RAD_Pages/AddressAndContactInfo_Page/input_phoneNumber'

2023-02-08 17:11:39 - [TEST_STEP][PASSED] - setText(findTestObject(orPath_AddressContact + "/input_eMailAddress"), "iahmed@govolution.com"): Text 'iahmed@govolution.com' is set on object 'Object Repository/RAD_Pages/AddressAndContactInfo_Page/input_eMailAddress'

2023-02-08 17:11:40 - [MESSAGE][PASSED] - Text 'iahmed@govolution.com' is set on object 'Object Repository/RAD_Pages/AddressAndContactInfo_Page/input_eMailAddress'

2023-02-08 17:11:40 - [TEST_STEP][PASSED] - setText(findTestObject(orPath_AddressContact + "/input_reEnterEMailAddress"), "iahmed@govolution.com"): Text 'iahmed@govolution.com' is set on object 'Object Repository/RAD_Pages/AddressAndContactInfo_Page/input_reEnterEMailAddress'

2023-02-08 17:11:41 - [MESSAGE][PASSED] - Text 'iahmed@govolution.com' is set on object 'Object Repository/RAD_Pages/AddressAndContactInfo_Page/input_reEnterEMailAddress'

2023-02-08 17:11:41 - [TEST_STEP][PASSED] - if (TaxTypeEL.equalsIgnoreCase("Personal Tax")): null

2023-02-08 17:11:41 - [TEST_STEP][PASSED] - scrollToElement(findTestObject(orPath_Amount + "/input__paymentAmount"), 3): Scroll to object 'Object Repository/RAD_Pages/PaymentAmount_Page/input__paymentAmount' successfully

2023-02-08 17:11:42 - [MESSAGE][PASSED] - Scroll to object 'Object Repository/RAD_Pages/PaymentAmount_Page/input__paymentAmount' successfully

2023-02-08 17:11:42 - [TEST_STEP][PASSED] - if (!(TaxTypeEL.equalsIgnoreCase("Personal Tax"))): Text ****** has been set on object 'Object Repository/RAD_Pages/TaxInfo_Page/input_concat(id(, , data, , ))_Data (1)'

2023-02-08 17:11:42 - [TEST_STEP][PASSED] - setEncryptedText(findTestObject("Object Repository/RAD_Pages/TaxInfo_Page/input_concat(id(, , data, , ))_Data"), "RigbBhfdqODKcAsiUrg+1Q=="): Text ****** has been set on object 'Object Repository/RAD_Pages/TaxInfo_Page/input_concat(id(, , data, , ))_Data'

2023-02-08 17:11:42 - [MESSAGE][PASSED] - Text ****** has been set on object 'Object Repository/RAD_Pages/TaxInfo_Page/input_concat(id(, , data, , ))_Data'

2023-02-08 17:11:42 - [TEST_STEP][PASSED] - setEncryptedText(findTestObject("Object Repository/RAD_Pages/TaxInfo_Page/input_concat(id(, , data, , ))_Data (1)"), "RigbBhfdqODKcAsiUrg+1Q=="): Text ****** has been set on object 'Object Repository/RAD_Pages/TaxInfo_Page/input_concat(id(, , data, , ))_Data (1)'

2023-02-08 17:11:43 - [MESSAGE][PASSED] - Text ****** has been set on object 'Object Repository/RAD_Pages/TaxInfo_Page/input_concat(id(, , data, , ))_Data (1)'

2023-02-08 17:11:43 - [TEST_STEP][PASSED] - delay(1): Delayed 1 second(s)

2023-02-08 17:11:44 - [MESSAGE][PASSED] - Delayed 1 second(s)

2023-02-08 17:11:44 - [TEST_STEP][PASSED] - setText(findTestObject(orPath_TaxInfo + "/input_NoticeInvoiceNumber"), notInvNumber): Text '2581471470001' is set on object 'Object Repository/RAD_Pages/TaxInfo_Page/input_NoticeInvoiceNumber'

2023-02-08 17:11:45 - [MESSAGE][PASSED] - Text '2581471470001' is set on object 'Object Repository/RAD_Pages/TaxInfo_Page/input_NoticeInvoiceNumber'

2023-02-08 17:11:45 - [TEST_STEP][PASSED] - setText(findTestObject(orPath_TaxInfo + "/input_reTypeNoticeInvoiceNumber"), notInvNumber): Text '2581471470001' is set on object 'Object Repository/RAD_Pages/TaxInfo_Page/input_reTypeNoticeInvoiceNumber'

2023-02-08 17:11:46 - [MESSAGE][PASSED] - Text '2581471470001' is set on object 'Object Repository/RAD_Pages/TaxInfo_Page/input_reTypeNoticeInvoiceNumber'

2023-02-08 17:11:46 - [TEST_STEP][PASSED] - if (TaxTypeEL.equalsIgnoreCase("Sales & Use Tax") || TaxTypeEL.equalsIgnoreCase("Withholding Tax")): null

2023-02-08 17:11:46 - [TEST_STEP][PASSED] - setText(findTestObject(orPath_Amount + "/input__paymentAmount"), Amount): Text '30.50' is set on object 'Object Repository/RAD_Pages/PaymentAmount_Page/input__paymentAmount'

2023-02-08 17:11:47 - [MESSAGE][PASSED] - Text '30.50' is set on object 'Object Repository/RAD_Pages/PaymentAmount_Page/input__paymentAmount'

2023-02-08 17:11:47 - [TEST_STEP][PASSED] - scrollToElement(findTestObject(orPath_Landing + "/button_Continue"), 3): Scroll to object 'Object Repository/RAD_Pages/Landing_Page/button_Continue' successfully

2023-02-08 17:11:47 - [MESSAGE][PASSED] - Scroll to object 'Object Repository/RAD_Pages/Landing_Page/button_Continue' successfully

2023-02-08 17:11:47 - [TEST_STEP][PASSED] - waitForElementClickable(findTestObject(orPath_Landing + "/button_Continue"), 5): Object 'Object Repository/RAD_Pages/Landing_Page/button_Continue' is clickable

2023-02-08 17:11:48 - [MESSAGE][PASSED] - Object 'Object Repository/RAD_Pages/Landing_Page/button_Continue' is clickable

2023-02-08 17:11:48 - [TEST_STEP][PASSED] - click(findTestObject(orPath_Landing + "/button_Continue")): Object: 'Object Repository/RAD_Pages/Landing_Page/button_Continue' is clicked on

2023-02-08 17:11:48 - [MESSAGE][PASSED] - Object: 'Object Repository/RAD_Pages/Landing_Page/button_Continue' is clicked on

2023-02-08 17:11:48 - [TEST_STEP][PASSED] - verifyTextPresent("Review the information below and make any necessary corrections by clicking the", true): Text 'Review the information below and make any necessary corrections by clicking the' is present on page  using regular expression

2023-02-08 17:11:49 - [MESSAGE][PASSED] - Text 'Review the information below and make any necessary corrections by clicking the' is present on page  using regular expression

2023-02-08 17:11:49 - [TEST_STEP][PASSED] - verifyTextPresent("When you are confident that all the information is correct", true): Text 'When you are confident that all the information is correct' is present on page  using regular expression

2023-02-08 17:11:49 - [MESSAGE][PASSED] - Text 'When you are confident that all the information is correct' is present on page  using regular expression

2023-02-08 17:11:49 - [TEST_STEP][PASSED] - delay(1): Delayed 1 second(s)

2023-02-08 17:11:50 - [MESSAGE][PASSED] - Delayed 1 second(s)

2023-02-08 17:11:50 - [TEST_STEP][PASSED] - click(findTestObject(orPath_PaymentReady + "/button_ProceedtoPayment")): Object: 'Object Repository/RAD_Pages/PaymentReady_Page/button_ProceedtoPayment' is clicked on

2023-02-08 17:11:54 - [MESSAGE][PASSED] - Object: 'Object Repository/RAD_Pages/PaymentReady_Page/button_ProceedtoPayment' is clicked on

2023-02-08 17:11:54 - [TEST_STEP][PASSED] - setText(findTestObject("Object Repository/RAD_Pages/PaymentEntry_Page/input__billingName"), "Anthony Gonzalez"): Text 'Anthony Gonzalez' is set on object 'Object Repository/RAD_Pages/PaymentEntry_Page/input__billingName'

2023-02-08 17:11:55 - [MESSAGE][PASSED] - Text 'Anthony Gonzalez' is set on object 'Object Repository/RAD_Pages/PaymentEntry_Page/input__billingName'

2023-02-08 17:11:55 - [TEST_STEP][PASSED] - setText(findTestObject(orPath_PaymentEntry + "/input__cardNumber"), CCNumber): Text '4012000098765439' is set on object 'Object Repository/RAD_Pages/PaymentEntry_Page/input__cardNumber'

2023-02-08 17:11:56 - [MESSAGE][PASSED] - Text '4012000098765439' is set on object 'Object Repository/RAD_Pages/PaymentEntry_Page/input__cardNumber'

2023-02-08 17:11:56 - [TEST_STEP][PASSED] - setText(findTestObject(orPath_PaymentEntry + "/input__spc"), CVV): Text '123' is set on object 'Object Repository/RAD_Pages/PaymentEntry_Page/input__spc'

2023-02-08 17:11:57 - [MESSAGE][PASSED] - Text '123' is set on object 'Object Repository/RAD_Pages/PaymentEntry_Page/input__spc'

2023-02-08 17:11:57 - [TEST_STEP][PASSED] - selectOptionByLabel(findTestObject(orPath_PaymentEntry + "/select_MM"), "12", false): All options with label '12' are selected in object 'Object Repository/RAD_Pages/PaymentEntry_Page/select_MM' 

2023-02-08 17:11:58 - [MESSAGE][PASSED] - All options with label '12' are selected in object 'Object Repository/RAD_Pages/PaymentEntry_Page/select_MM' 

2023-02-08 17:11:58 - [TEST_STEP][PASSED] - selectOptionByLabel(findTestObject(orPath_PaymentEntry + "/select_YYYY"), "2023", false): All options with label '2023' are selected in object 'Object Repository/RAD_Pages/PaymentEntry_Page/select_YYYY' 

2023-02-08 17:11:58 - [MESSAGE][PASSED] - All options with label '2023' are selected in object 'Object Repository/RAD_Pages/PaymentEntry_Page/select_YYYY' 

2023-02-08 17:11:58 - [TEST_STEP][PASSED] - click(findTestObject(orPath_PaymentEntry + "/input_Field_ccSubmit")): Object: 'Object Repository/RAD_Pages/PaymentEntry_Page/input_Field_ccSubmit' is clicked on

2023-02-08 17:11:59 - [MESSAGE][PASSED] - Object: 'Object Repository/RAD_Pages/PaymentEntry_Page/input_Field_ccSubmit' is clicked on

2023-02-08 17:11:59 - [TEST_STEP][PASSED] - click(findTestObject(orPath_PaymentConfirmation + "/input_N_confirmNotifyAction")): Object: 'Object Repository/RAD_Pages/PaymentConfirmation_Page/input_N_confirmNotifyAction' is clicked on

2023-02-08 17:12:01 - [MESSAGE][PASSED] - Object: 'Object Repository/RAD_Pages/PaymentConfirmation_Page/input_N_confirmNotifyAction' is clicked on

2023-02-08 17:12:01 - [TEST_STEP][PASSED] - click(findTestObject(orPath_ServiceFeesAccept + "/input_convFeeNotifyAction")): Object: 'Object Repository/RAD_Pages/ServiceFeeAccept_Page/input_convFeeNotifyAction' is clicked on

2023-02-08 17:12:03 - [MESSAGE][PASSED] - Object: 'Object Repository/RAD_Pages/ServiceFeeAccept_Page/input_convFeeNotifyAction' is clicked on

2023-02-08 17:12:03 - [TEST_STEP][PASSED] - delay(10): Delayed 10 second(s)

2023-02-08 17:12:13 - [MESSAGE][PASSED] - Delayed 10 second(s)

2023-02-08 17:12:13 - [TEST_STEP][PASSED] - verifyTextPresent("Successful Payment Receipt", true): Text 'Successful Payment Receipt' is present on page  using regular expression

2023-02-08 17:12:13 - [MESSAGE][PASSED] - Text 'Successful Payment Receipt' is present on page  using regular expression

2023-02-08 17:12:13 - [TEST_STEP][PASSED] - if (verifyTextPresent("Successful Payment Receipt", true)): null

2023-02-08 17:12:13 - [MESSAGE][PASSED] - Text 'Successful Payment Receipt' is present on page  using regular expression

2023-02-08 17:12:13 - [TEST_STEP][PASSED] - println("Transaction was Successful"): null

2023-02-08 17:12:13 - [TEST_STEP][PASSED] - out.println("Pass Record Number: " + row): null

2023-02-08 17:12:13 - [TEST_STEP][PASSED] - resText = "Pass": null

2023-02-08 17:12:13 - [TEST_STEP][PASSED] - pages.WriteExcel.demoKey(resText, datText, resColumn, datCloumn, fileLoc, nameSheet, row): pages.WriteExcel.demoKey is PASSED

2023-02-08 17:12:13 - [MESSAGE][PASSED] - pages.WriteExcel.demoKey is PASSED

2023-02-08 17:12:13 - [TEST_STEP][PASSED] - ExecuteTC = findTestData(dataFile).getValue("Execute", row): null

2023-02-08 17:12:13 - [TEST_STEP][PASSED] - Taxtype = findTestData(dataFile).getValue("TaxType", row): null

2023-02-08 17:12:14 - [TEST_STEP][PASSED] - TaxTypeEL = findTestData(dataFile).getValue("TaxTypeEL", row): null

2023-02-08 17:12:14 - [TEST_STEP][PASSED] - FName = findTestData(dataFile).getValue("Fname", row): null

2023-02-08 17:12:14 - [TEST_STEP][PASSED] - LName = findTestData(dataFile).getValue("Lname", row): null

2023-02-08 17:12:14 - [TEST_STEP][PASSED] - AL1 = findTestData(dataFile).getValue("AL1", row): null

2023-02-08 17:12:14 - [TEST_STEP][PASSED] - City = findTestData(dataFile).getValue("City", row): null

2023-02-08 17:12:14 - [TEST_STEP][PASSED] - ZIP = findTestData(dataFile).getValue("ZIP", row): null

2023-02-08 17:12:14 - [TEST_STEP][PASSED] - Amount = findTestData(dataFile).getValue("Amount", row): null

2023-02-08 17:12:14 - [TEST_STEP][PASSED] - CCNumber = findTestData(dataFile).getValue("CCNumber", row): null

2023-02-08 17:12:14 - [TEST_STEP][PASSED] - CVV = findTestData(dataFile).getValue("CVV", row): null

2023-02-08 17:12:14 - [TEST_STEP][PASSED] - SSN = findTestData(dataFile).getValue("SSN", row): null

2023-02-08 17:12:14 - [TEST_STEP][PASSED] - notInvNumber = findTestData(dataFile).getValue("NotiInvoNumber", row): null

2023-02-08 17:12:14 - [TEST_STEP][PASSED] - businessName = findTestData(dataFile).getValue("BusName", row): null

2023-02-08 17:12:14 - [TEST_STEP][PASSED] - out.println("Value of Execute is : " + ExecuteTC): null

2023-02-08 17:12:14 - [TEST_STEP][PASSED] - if (ExecuteTC.equalsIgnoreCase("Y")): null

2023-02-08 17:12:14 - [TEST_STEP][PASSED] - out.println("Begin Record Number: " + row): null

2023-02-08 17:12:14 - [TEST_STEP][PASSED] - today = new java.util.Date(): null

2023-02-08 17:12:14 - [TEST_STEP][PASSED] - println(today): null

2023-02-08 17:12:14 - [TEST_STEP][PASSED] - datText = today: null

2023-02-08 17:12:14 - [TEST_STEP][PASSED] - Taxtype = findTestData(dataFile).getValue("TaxType", row): null

2023-02-08 17:12:14 - [TEST_STEP][PASSED] - out.println("Taxtype value is : " + Taxtype): null

2023-02-08 17:12:14 - [TEST_STEP][PASSED] - openBrowser(""): Browser is opened with url: ''

2023-02-08 17:12:14 - [MESSAGE][WARNING] - A browser is already opened. Closing browser and opening a new one

2023-02-08 17:12:15 - [MESSAGE][INFO] - Starting 'Chrome' driver

2023-02-08 17:12:15 - [MESSAGE][INFO] - User set preference: ['acceptInsecureCerts', 'true']

2023-02-08 17:12:15 - [MESSAGE][INFO] - Action delay is set to 0 milliseconds

2023-02-08 17:12:16 - [MESSAGE][PASSED] - Browser is opened with url: ''

2023-02-08 17:12:16 - [TEST_STEP][PASSED] - maximizeWindow(): Current window maximized

2023-02-08 17:12:17 - [MESSAGE][PASSED] - Current window maximized

2023-02-08 17:12:17 - [TEST_STEP][PASSED] - navigateToUrl(RADurl): Navigate to 'https://qa.velocitypayment.com/client/rad/index.html' successfully

2023-02-08 17:12:18 - [MESSAGE][PASSED] - Navigate to 'https://qa.velocitypayment.com/client/rad/index.html' successfully

2023-02-08 17:12:18 - [TEST_STEP][PASSED] - orPath_Landing = "Object Repository/RAD_Pages/Landing_Page": null

2023-02-08 17:12:18 - [TEST_STEP][PASSED] - orPath_TaxTypeFilingYear = "Object Repository/RAD_Pages/TaxTypeFilingYear_Page": null

2023-02-08 17:12:18 - [TEST_STEP][PASSED] - orPath_TaxPayer = "Object Repository/RAD_Pages/Taxpayer_Page": null

2023-02-08 17:12:18 - [TEST_STEP][PASSED] - orPath_AddressContact = "Object Repository/RAD_Pages/AddressAndContactInfo_Page": null

2023-02-08 17:12:18 - [TEST_STEP][PASSED] - orPath_FilingStatus = "Object Repository/RAD_Pages/FilingStatus_Page": null

2023-02-08 17:12:18 - [TEST_STEP][PASSED] - orPath_Amount = "Object Repository/RAD_Pages/PaymentAmount_Page": null

2023-02-08 17:12:18 - [TEST_STEP][PASSED] - orPath_TaxInfo = "Object Repository/RAD_Pages/TaxInfo_Page": null

2023-02-08 17:12:18 - [TEST_STEP][PASSED] - orPath_Withholding = "Object Repository/RAD_Pages/Withholding_Page": null

2023-02-08 17:12:18 - [TEST_STEP][PASSED] - orPath_Summary = "Object Repository/RAD_Pages/Summary_Page": null

2023-02-08 17:12:18 - [TEST_STEP][PASSED] - orPath_PaymentReady = "Object Repository/RAD_Pages/PaymentReady_Page": null

2023-02-08 17:12:18 - [TEST_STEP][PASSED] - orPath_PaymentEntry = "Object Repository/RAD_Pages/PaymentEntry_Page": null

2023-02-08 17:12:18 - [TEST_STEP][PASSED] - orPath_PaymentConfirmation = "Object Repository/RAD_Pages/PaymentConfirmation_Page": null

2023-02-08 17:12:18 - [TEST_STEP][PASSED] - orPath_ServiceFeesAccept = "Object Repository/RAD_Pages/ServiceFeeAccept_Page": null

2023-02-08 17:12:18 - [TEST_STEP][PASSED] - selectOptionByLabel(findTestObject(orPath_Landing + "/dd_TaxType"), Taxtype, false): All options with label 'Existing Liability' are selected in object 'Object Repository/RAD_Pages/Landing_Page/dd_TaxType' 

2023-02-08 17:12:19 - [MESSAGE][PASSED] - All options with label 'Existing Liability' are selected in object 'Object Repository/RAD_Pages/Landing_Page/dd_TaxType' 

2023-02-08 17:12:19 - [TEST_STEP][PASSED] - delay(1): Delayed 1 second(s)

2023-02-08 17:12:20 - [MESSAGE][PASSED] - Delayed 1 second(s)

2023-02-08 17:12:20 - [TEST_STEP][PASSED] - selectOptionByLabel(findTestObject(orPath_TaxTypeFilingYear + "/select_TaxType_ExistingLiability"), TaxTypeEL, false): All options with label 'Withholding Tax' are selected in object 'Object Repository/RAD_Pages/TaxTypeFilingYear_Page/select_TaxType_ExistingLiability' 

2023-02-08 17:12:21 - [MESSAGE][PASSED] - All options with label 'Withholding Tax' are selected in object 'Object Repository/RAD_Pages/TaxTypeFilingYear_Page/select_TaxType_ExistingLiability' 

2023-02-08 17:12:21 - [TEST_STEP][PASSED] - if (TaxTypeEL.equalsIgnoreCase("Fiduciary Tax") || TaxTypeEL.equalsIgnoreCase("Personal Tax")): null

2023-02-08 17:12:21 - [TEST_STEP][PASSED] - else: Text 'Light Car Wash' is set on object 'Object Repository/RAD_Pages/Taxpayer_Page/input_businessName'

2023-02-08 17:12:21 - [TEST_STEP][PASSED] - setText(findTestObject(orPath_TaxPayer + "/input_businessName"), businessName): Text 'Light Car Wash' is set on object 'Object Repository/RAD_Pages/Taxpayer_Page/input_businessName'

2023-02-08 17:12:22 - [MESSAGE][PASSED] - Text 'Light Car Wash' is set on object 'Object Repository/RAD_Pages/Taxpayer_Page/input_businessName'

2023-02-08 17:12:22 - [TEST_STEP][PASSED] - selectOptionByLabel(findTestObject(orPath_AddressContact + "/select_Country"), "United States", false): All options with label 'United States' are selected in object 'Object Repository/RAD_Pages/AddressAndContactInfo_Page/select_Country' 

2023-02-08 17:12:23 - [MESSAGE][PASSED] - All options with label 'United States' are selected in object 'Object Repository/RAD_Pages/AddressAndContactInfo_Page/select_Country' 

2023-02-08 17:12:23 - [TEST_STEP][PASSED] - setText(findTestObject(orPath_AddressContact + "/input_streetAddress1"), AL1): Text '36 Hoolan Ave' is set on object 'Object Repository/RAD_Pages/AddressAndContactInfo_Page/input_streetAddress1'

2023-02-08 17:12:24 - [MESSAGE][PASSED] - Text '36 Hoolan Ave' is set on object 'Object Repository/RAD_Pages/AddressAndContactInfo_Page/input_streetAddress1'

2023-02-08 17:12:24 - [TEST_STEP][PASSED] - setText(findTestObject(orPath_AddressContact + "/input_streetAddress2"), ""): Text '' is set on object 'Object Repository/RAD_Pages/AddressAndContactInfo_Page/input_streetAddress2'

2023-02-08 17:12:25 - [MESSAGE][PASSED] - Text '' is set on object 'Object Repository/RAD_Pages/AddressAndContactInfo_Page/input_streetAddress2'

2023-02-08 17:12:25 - [TEST_STEP][PASSED] - setText(findTestObject(orPath_AddressContact + "/input_city"), City): Text 'Huntsville' is set on object 'Object Repository/RAD_Pages/AddressAndContactInfo_Page/input_city'

2023-02-08 17:12:26 - [MESSAGE][PASSED] - Text 'Huntsville' is set on object 'Object Repository/RAD_Pages/AddressAndContactInfo_Page/input_city'

2023-02-08 17:12:26 - [TEST_STEP][PASSED] - selectOptionByLabel(findTestObject(orPath_AddressContact + "/select_State"), "Maryland", false): All options with label 'Maryland' are selected in object 'Object Repository/RAD_Pages/AddressAndContactInfo_Page/select_State' 

2023-02-08 17:12:26 - [MESSAGE][PASSED] - All options with label 'Maryland' are selected in object 'Object Repository/RAD_Pages/AddressAndContactInfo_Page/select_State' 

2023-02-08 17:12:26 - [TEST_STEP][PASSED] - setText(findTestObject(orPath_AddressContact + "/input_zipCode"), ZIP): Text '21093' is set on object 'Object Repository/RAD_Pages/AddressAndContactInfo_Page/input_zipCode'

2023-02-08 17:12:27 - [MESSAGE][PASSED] - Text '21093' is set on object 'Object Repository/RAD_Pages/AddressAndContactInfo_Page/input_zipCode'

2023-02-08 17:12:27 - [TEST_STEP][PASSED] - setText(findTestObject(orPath_AddressContact + "/input_phoneNumber"), "(703) 894-5000"): Text '(703) 894-5000' is set on object 'Object Repository/RAD_Pages/AddressAndContactInfo_Page/input_phoneNumber'

2023-02-08 17:12:28 - [MESSAGE][PASSED] - Text '(703) 894-5000' is set on object 'Object Repository/RAD_Pages/AddressAndContactInfo_Page/input_phoneNumber'

2023-02-08 17:12:28 - [TEST_STEP][PASSED] - setText(findTestObject(orPath_AddressContact + "/input_eMailAddress"), "iahmed@govolution.com"): Text 'iahmed@govolution.com' is set on object 'Object Repository/RAD_Pages/AddressAndContactInfo_Page/input_eMailAddress'

2023-02-08 17:12:29 - [MESSAGE][PASSED] - Text 'iahmed@govolution.com' is set on object 'Object Repository/RAD_Pages/AddressAndContactInfo_Page/input_eMailAddress'

2023-02-08 17:12:29 - [TEST_STEP][PASSED] - setText(findTestObject(orPath_AddressContact + "/input_reEnterEMailAddress"), "iahmed@govolution.com"): Text 'iahmed@govolution.com' is set on object 'Object Repository/RAD_Pages/AddressAndContactInfo_Page/input_reEnterEMailAddress'

2023-02-08 17:12:30 - [MESSAGE][PASSED] - Text 'iahmed@govolution.com' is set on object 'Object Repository/RAD_Pages/AddressAndContactInfo_Page/input_reEnterEMailAddress'

2023-02-08 17:12:30 - [TEST_STEP][PASSED] - if (TaxTypeEL.equalsIgnoreCase("Personal Tax")): null

2023-02-08 17:12:30 - [TEST_STEP][PASSED] - scrollToElement(findTestObject(orPath_Amount + "/input__paymentAmount"), 3): Scroll to object 'Object Repository/RAD_Pages/PaymentAmount_Page/input__paymentAmount' successfully

2023-02-08 17:12:31 - [MESSAGE][PASSED] - Scroll to object 'Object Repository/RAD_Pages/PaymentAmount_Page/input__paymentAmount' successfully

2023-02-08 17:12:31 - [TEST_STEP][PASSED] - if (!(TaxTypeEL.equalsIgnoreCase("Personal Tax"))): Text ****** has been set on object 'Object Repository/RAD_Pages/TaxInfo_Page/input_concat(id(, , data, , ))_Data (1)'

2023-02-08 17:12:31 - [TEST_STEP][PASSED] - setEncryptedText(findTestObject("Object Repository/RAD_Pages/TaxInfo_Page/input_concat(id(, , data, , ))_Data"), "RigbBhfdqODKcAsiUrg+1Q=="): Text ****** has been set on object 'Object Repository/RAD_Pages/TaxInfo_Page/input_concat(id(, , data, , ))_Data'

2023-02-08 17:12:31 - [MESSAGE][PASSED] - Text ****** has been set on object 'Object Repository/RAD_Pages/TaxInfo_Page/input_concat(id(, , data, , ))_Data'

2023-02-08 17:12:31 - [TEST_STEP][PASSED] - setEncryptedText(findTestObject("Object Repository/RAD_Pages/TaxInfo_Page/input_concat(id(, , data, , ))_Data (1)"), "RigbBhfdqODKcAsiUrg+1Q=="): Text ****** has been set on object 'Object Repository/RAD_Pages/TaxInfo_Page/input_concat(id(, , data, , ))_Data (1)'

2023-02-08 17:12:32 - [MESSAGE][PASSED] - Text ****** has been set on object 'Object Repository/RAD_Pages/TaxInfo_Page/input_concat(id(, , data, , ))_Data (1)'

2023-02-08 17:12:32 - [TEST_STEP][PASSED] - delay(1): Delayed 1 second(s)

2023-02-08 17:12:33 - [MESSAGE][PASSED] - Delayed 1 second(s)

2023-02-08 17:12:33 - [TEST_STEP][PASSED] - setText(findTestObject(orPath_TaxInfo + "/input_NoticeInvoiceNumber"), notInvNumber): Text '2581471470001' is set on object 'Object Repository/RAD_Pages/TaxInfo_Page/input_NoticeInvoiceNumber'

2023-02-08 17:12:34 - [MESSAGE][PASSED] - Text '2581471470001' is set on object 'Object Repository/RAD_Pages/TaxInfo_Page/input_NoticeInvoiceNumber'

2023-02-08 17:12:34 - [TEST_STEP][PASSED] - setText(findTestObject(orPath_TaxInfo + "/input_reTypeNoticeInvoiceNumber"), notInvNumber): Text '2581471470001' is set on object 'Object Repository/RAD_Pages/TaxInfo_Page/input_reTypeNoticeInvoiceNumber'

2023-02-08 17:12:35 - [MESSAGE][PASSED] - Text '2581471470001' is set on object 'Object Repository/RAD_Pages/TaxInfo_Page/input_reTypeNoticeInvoiceNumber'

2023-02-08 17:12:35 - [TEST_STEP][PASSED] - if (TaxTypeEL.equalsIgnoreCase("Sales & Use Tax") || TaxTypeEL.equalsIgnoreCase("Withholding Tax")): Text '07640126' is set on object 'Object Repository/RAD_Pages/TaxInfo_Page/input_MDCRegistrationEL'

2023-02-08 17:12:35 - [TEST_STEP][PASSED] - println("TaxTypeEL : " + TaxTypeEL): null

2023-02-08 17:12:35 - [TEST_STEP][PASSED] - setText(findTestObject(orPath_TaxInfo + "/input_MDCRegistrationEL"), "07640126"): Text '07640126' is set on object 'Object Repository/RAD_Pages/TaxInfo_Page/input_MDCRegistrationEL'

2023-02-08 17:12:36 - [MESSAGE][PASSED] - Text '07640126' is set on object 'Object Repository/RAD_Pages/TaxInfo_Page/input_MDCRegistrationEL'

2023-02-08 17:12:36 - [TEST_STEP][PASSED] - setText(findTestObject(orPath_Amount + "/input__paymentAmount"), Amount): Text '70.50' is set on object 'Object Repository/RAD_Pages/PaymentAmount_Page/input__paymentAmount'

2023-02-08 17:12:37 - [MESSAGE][PASSED] - Text '70.50' is set on object 'Object Repository/RAD_Pages/PaymentAmount_Page/input__paymentAmount'

2023-02-08 17:12:37 - [TEST_STEP][PASSED] - scrollToElement(findTestObject(orPath_Landing + "/button_Continue"), 3): Scroll to object 'Object Repository/RAD_Pages/Landing_Page/button_Continue' successfully

2023-02-08 17:12:37 - [MESSAGE][PASSED] - Scroll to object 'Object Repository/RAD_Pages/Landing_Page/button_Continue' successfully

2023-02-08 17:12:37 - [TEST_STEP][PASSED] - waitForElementClickable(findTestObject(orPath_Landing + "/button_Continue"), 5): Object 'Object Repository/RAD_Pages/Landing_Page/button_Continue' is clickable

2023-02-08 17:12:38 - [MESSAGE][PASSED] - Object 'Object Repository/RAD_Pages/Landing_Page/button_Continue' is clickable

2023-02-08 17:12:38 - [TEST_STEP][PASSED] - click(findTestObject(orPath_Landing + "/button_Continue")): Object: 'Object Repository/RAD_Pages/Landing_Page/button_Continue' is clicked on

2023-02-08 17:12:38 - [MESSAGE][PASSED] - Object: 'Object Repository/RAD_Pages/Landing_Page/button_Continue' is clicked on

2023-02-08 17:12:38 - [TEST_STEP][PASSED] - verifyTextPresent("Review the information below and make any necessary corrections by clicking the", true): Text 'Review the information below and make any necessary corrections by clicking the' is present on page  using regular expression

2023-02-08 17:12:39 - [MESSAGE][PASSED] - Text 'Review the information below and make any necessary corrections by clicking the' is present on page  using regular expression

2023-02-08 17:12:39 - [TEST_STEP][PASSED] - verifyTextPresent("When you are confident that all the information is correct", true): Text 'When you are confident that all the information is correct' is present on page  using regular expression

2023-02-08 17:12:39 - [MESSAGE][PASSED] - Text 'When you are confident that all the information is correct' is present on page  using regular expression

2023-02-08 17:12:39 - [TEST_STEP][PASSED] - delay(1): Delayed 1 second(s)

2023-02-08 17:12:40 - [MESSAGE][PASSED] - Delayed 1 second(s)

2023-02-08 17:12:40 - [TEST_STEP][PASSED] - click(findTestObject(orPath_PaymentReady + "/button_ProceedtoPayment")): Object: 'Object Repository/RAD_Pages/PaymentReady_Page/button_ProceedtoPayment' is clicked on

2023-02-08 17:12:42 - [MESSAGE][PASSED] - Object: 'Object Repository/RAD_Pages/PaymentReady_Page/button_ProceedtoPayment' is clicked on

2023-02-08 17:12:42 - [TEST_STEP][PASSED] - setText(findTestObject("Object Repository/RAD_Pages/PaymentEntry_Page/input__billingName"), "Anthony Gonzalez"): Text 'Anthony Gonzalez' is set on object 'Object Repository/RAD_Pages/PaymentEntry_Page/input__billingName'

2023-02-08 17:12:43 - [MESSAGE][PASSED] - Text 'Anthony Gonzalez' is set on object 'Object Repository/RAD_Pages/PaymentEntry_Page/input__billingName'

2023-02-08 17:12:43 - [TEST_STEP][PASSED] - setText(findTestObject(orPath_PaymentEntry + "/input__cardNumber"), CCNumber): Text '5146312200000035' is set on object 'Object Repository/RAD_Pages/PaymentEntry_Page/input__cardNumber'

2023-02-08 17:12:44 - [MESSAGE][PASSED] - Text '5146312200000035' is set on object 'Object Repository/RAD_Pages/PaymentEntry_Page/input__cardNumber'

2023-02-08 17:12:44 - [TEST_STEP][PASSED] - setText(findTestObject(orPath_PaymentEntry + "/input__spc"), CVV): Text '123' is set on object 'Object Repository/RAD_Pages/PaymentEntry_Page/input__spc'

2023-02-08 17:12:45 - [MESSAGE][PASSED] - Text '123' is set on object 'Object Repository/RAD_Pages/PaymentEntry_Page/input__spc'

2023-02-08 17:12:45 - [TEST_STEP][PASSED] - selectOptionByLabel(findTestObject(orPath_PaymentEntry + "/select_MM"), "12", false): All options with label '12' are selected in object 'Object Repository/RAD_Pages/PaymentEntry_Page/select_MM' 

2023-02-08 17:12:46 - [MESSAGE][PASSED] - All options with label '12' are selected in object 'Object Repository/RAD_Pages/PaymentEntry_Page/select_MM' 

2023-02-08 17:12:46 - [TEST_STEP][PASSED] - selectOptionByLabel(findTestObject(orPath_PaymentEntry + "/select_YYYY"), "2023", false): All options with label '2023' are selected in object 'Object Repository/RAD_Pages/PaymentEntry_Page/select_YYYY' 

2023-02-08 17:12:47 - [MESSAGE][PASSED] - All options with label '2023' are selected in object 'Object Repository/RAD_Pages/PaymentEntry_Page/select_YYYY' 

2023-02-08 17:12:47 - [TEST_STEP][PASSED] - click(findTestObject(orPath_PaymentEntry + "/input_Field_ccSubmit")): Object: 'Object Repository/RAD_Pages/PaymentEntry_Page/input_Field_ccSubmit' is clicked on

2023-02-08 17:12:48 - [MESSAGE][PASSED] - Object: 'Object Repository/RAD_Pages/PaymentEntry_Page/input_Field_ccSubmit' is clicked on

2023-02-08 17:12:48 - [TEST_STEP][PASSED] - click(findTestObject(orPath_PaymentConfirmation + "/input_N_confirmNotifyAction")): Object: 'Object Repository/RAD_Pages/PaymentConfirmation_Page/input_N_confirmNotifyAction' is clicked on

2023-02-08 17:12:49 - [MESSAGE][PASSED] - Object: 'Object Repository/RAD_Pages/PaymentConfirmation_Page/input_N_confirmNotifyAction' is clicked on

2023-02-08 17:12:49 - [TEST_STEP][PASSED] - click(findTestObject(orPath_ServiceFeesAccept + "/input_convFeeNotifyAction")): Object: 'Object Repository/RAD_Pages/ServiceFeeAccept_Page/input_convFeeNotifyAction' is clicked on

2023-02-08 17:12:50 - [MESSAGE][PASSED] - Object: 'Object Repository/RAD_Pages/ServiceFeeAccept_Page/input_convFeeNotifyAction' is clicked on

2023-02-08 17:12:50 - [TEST_STEP][PASSED] - delay(10): Delayed 10 second(s)

2023-02-08 17:13:00 - [MESSAGE][PASSED] - Delayed 10 second(s)

2023-02-08 17:13:00 - [TEST_STEP][PASSED] - verifyTextPresent("Successful Payment Receipt", true): Text 'Successful Payment Receipt' is present on page  using regular expression

2023-02-08 17:13:01 - [MESSAGE][PASSED] - Text 'Successful Payment Receipt' is present on page  using regular expression

2023-02-08 17:13:01 - [TEST_STEP][PASSED] - if (verifyTextPresent("Successful Payment Receipt", true)): null

2023-02-08 17:13:01 - [MESSAGE][PASSED] - Text 'Successful Payment Receipt' is present on page  using regular expression

2023-02-08 17:13:01 - [TEST_STEP][PASSED] - println("Transaction was Successful"): null

2023-02-08 17:13:01 - [TEST_STEP][PASSED] - out.println("Pass Record Number: " + row): null

2023-02-08 17:13:01 - [TEST_STEP][PASSED] - resText = "Pass": null

2023-02-08 17:13:01 - [TEST_STEP][PASSED] - pages.WriteExcel.demoKey(resText, datText, resColumn, datCloumn, fileLoc, nameSheet, row): pages.WriteExcel.demoKey is PASSED

2023-02-08 17:13:01 - [MESSAGE][PASSED] - pages.WriteExcel.demoKey is PASSED

2023-02-08 17:13:01 - [TEST_STEP][PASSED] - ExecuteTC = findTestData(dataFile).getValue("Execute", row): null

2023-02-08 17:13:01 - [TEST_STEP][PASSED] - Taxtype = findTestData(dataFile).getValue("TaxType", row): null

2023-02-08 17:13:01 - [TEST_STEP][PASSED] - TaxTypeEL = findTestData(dataFile).getValue("TaxTypeEL", row): null

2023-02-08 17:13:01 - [TEST_STEP][PASSED] - FName = findTestData(dataFile).getValue("Fname", row): null

2023-02-08 17:13:02 - [TEST_STEP][PASSED] - LName = findTestData(dataFile).getValue("Lname", row): null

2023-02-08 17:13:02 - [TEST_STEP][PASSED] - AL1 = findTestData(dataFile).getValue("AL1", row): null

2023-02-08 17:13:02 - [TEST_STEP][PASSED] - City = findTestData(dataFile).getValue("City", row): null

2023-02-08 17:13:02 - [TEST_STEP][PASSED] - ZIP = findTestData(dataFile).getValue("ZIP", row): null

2023-02-08 17:13:02 - [TEST_STEP][PASSED] - Amount = findTestData(dataFile).getValue("Amount", row): null

2023-02-08 17:13:02 - [TEST_STEP][PASSED] - CCNumber = findTestData(dataFile).getValue("CCNumber", row): null

2023-02-08 17:13:02 - [TEST_STEP][PASSED] - CVV = findTestData(dataFile).getValue("CVV", row): null

2023-02-08 17:13:02 - [TEST_STEP][PASSED] - SSN = findTestData(dataFile).getValue("SSN", row): null

2023-02-08 17:13:02 - [TEST_STEP][PASSED] - notInvNumber = findTestData(dataFile).getValue("NotiInvoNumber", row): null

2023-02-08 17:13:02 - [TEST_STEP][PASSED] - businessName = findTestData(dataFile).getValue("BusName", row): null

2023-02-08 17:13:02 - [TEST_STEP][PASSED] - out.println("Value of Execute is : " + ExecuteTC): null

2023-02-08 17:13:02 - [TEST_STEP][PASSED] - if (ExecuteTC.equalsIgnoreCase("Y")): null

2023-02-08 17:13:02 - [TEST_STEP][PASSED] - out.println("Begin Record Number: " + row): null

2023-02-08 17:13:02 - [TEST_STEP][PASSED] - today = new java.util.Date(): null

2023-02-08 17:13:02 - [TEST_STEP][PASSED] - println(today): null

2023-02-08 17:13:02 - [TEST_STEP][PASSED] - datText = today: null

2023-02-08 17:13:02 - [TEST_STEP][PASSED] - Taxtype = findTestData(dataFile).getValue("TaxType", row): null

2023-02-08 17:13:02 - [TEST_STEP][PASSED] - out.println("Taxtype value is : " + Taxtype): null

2023-02-08 17:13:02 - [TEST_STEP][PASSED] - openBrowser(""): Browser is opened with url: ''

2023-02-08 17:13:02 - [MESSAGE][WARNING] - A browser is already opened. Closing browser and opening a new one

2023-02-08 17:13:03 - [MESSAGE][INFO] - Starting 'Chrome' driver

2023-02-08 17:13:03 - [MESSAGE][INFO] - User set preference: ['acceptInsecureCerts', 'true']

2023-02-08 17:13:03 - [MESSAGE][INFO] - Action delay is set to 0 milliseconds

2023-02-08 17:13:04 - [MESSAGE][PASSED] - Browser is opened with url: ''

2023-02-08 17:13:04 - [TEST_STEP][PASSED] - maximizeWindow(): Current window maximized

2023-02-08 17:13:04 - [MESSAGE][PASSED] - Current window maximized

2023-02-08 17:13:04 - [TEST_STEP][PASSED] - navigateToUrl(RADurl): Navigate to 'https://qa.velocitypayment.com/client/rad/index.html' successfully

2023-02-08 17:13:07 - [MESSAGE][PASSED] - Navigate to 'https://qa.velocitypayment.com/client/rad/index.html' successfully

2023-02-08 17:13:07 - [TEST_STEP][PASSED] - orPath_Landing = "Object Repository/RAD_Pages/Landing_Page": null

2023-02-08 17:13:07 - [TEST_STEP][PASSED] - orPath_TaxTypeFilingYear = "Object Repository/RAD_Pages/TaxTypeFilingYear_Page": null

2023-02-08 17:13:07 - [TEST_STEP][PASSED] - orPath_TaxPayer = "Object Repository/RAD_Pages/Taxpayer_Page": null

2023-02-08 17:13:07 - [TEST_STEP][PASSED] - orPath_AddressContact = "Object Repository/RAD_Pages/AddressAndContactInfo_Page": null

2023-02-08 17:13:07 - [TEST_STEP][PASSED] - orPath_FilingStatus = "Object Repository/RAD_Pages/FilingStatus_Page": null

2023-02-08 17:13:07 - [TEST_STEP][PASSED] - orPath_Amount = "Object Repository/RAD_Pages/PaymentAmount_Page": null

2023-02-08 17:13:07 - [TEST_STEP][PASSED] - orPath_TaxInfo = "Object Repository/RAD_Pages/TaxInfo_Page": null

2023-02-08 17:13:07 - [TEST_STEP][PASSED] - orPath_Withholding = "Object Repository/RAD_Pages/Withholding_Page": null

2023-02-08 17:13:07 - [TEST_STEP][PASSED] - orPath_Summary = "Object Repository/RAD_Pages/Summary_Page": null

2023-02-08 17:13:07 - [TEST_STEP][PASSED] - orPath_PaymentReady = "Object Repository/RAD_Pages/PaymentReady_Page": null

2023-02-08 17:13:07 - [TEST_STEP][PASSED] - orPath_PaymentEntry = "Object Repository/RAD_Pages/PaymentEntry_Page": null

2023-02-08 17:13:07 - [TEST_STEP][PASSED] - orPath_PaymentConfirmation = "Object Repository/RAD_Pages/PaymentConfirmation_Page": null

2023-02-08 17:13:07 - [TEST_STEP][PASSED] - orPath_ServiceFeesAccept = "Object Repository/RAD_Pages/ServiceFeeAccept_Page": null

2023-02-08 17:13:07 - [TEST_STEP][PASSED] - selectOptionByLabel(findTestObject(orPath_Landing + "/dd_TaxType"), Taxtype, false): All options with label 'Existing Liability' are selected in object 'Object Repository/RAD_Pages/Landing_Page/dd_TaxType' 

2023-02-08 17:13:07 - [MESSAGE][PASSED] - All options with label 'Existing Liability' are selected in object 'Object Repository/RAD_Pages/Landing_Page/dd_TaxType' 

2023-02-08 17:13:07 - [TEST_STEP][PASSED] - delay(1): Delayed 1 second(s)

2023-02-08 17:13:08 - [MESSAGE][PASSED] - Delayed 1 second(s)

2023-02-08 17:13:08 - [TEST_STEP][PASSED] - selectOptionByLabel(findTestObject(orPath_TaxTypeFilingYear + "/select_TaxType_ExistingLiability"), TaxTypeEL, false): All options with label 'Alcohol Tax' are selected in object 'Object Repository/RAD_Pages/TaxTypeFilingYear_Page/select_TaxType_ExistingLiability' 

2023-02-08 17:13:09 - [MESSAGE][PASSED] - All options with label 'Alcohol Tax' are selected in object 'Object Repository/RAD_Pages/TaxTypeFilingYear_Page/select_TaxType_ExistingLiability' 

2023-02-08 17:13:09 - [TEST_STEP][PASSED] - if (TaxTypeEL.equalsIgnoreCase("Fiduciary Tax") || TaxTypeEL.equalsIgnoreCase("Personal Tax")): null

2023-02-08 17:13:09 - [TEST_STEP][PASSED] - else: Text 'My Glass Company' is set on object 'Object Repository/RAD_Pages/Taxpayer_Page/input_businessName'

2023-02-08 17:13:09 - [TEST_STEP][PASSED] - setText(findTestObject(orPath_TaxPayer + "/input_businessName"), businessName): Text 'My Glass Company' is set on object 'Object Repository/RAD_Pages/Taxpayer_Page/input_businessName'

2023-02-08 17:13:11 - [MESSAGE][PASSED] - Text 'My Glass Company' is set on object 'Object Repository/RAD_Pages/Taxpayer_Page/input_businessName'

2023-02-08 17:13:11 - [TEST_STEP][PASSED] - selectOptionByLabel(findTestObject(orPath_AddressContact + "/select_Country"), "United States", false): All options with label 'United States' are selected in object 'Object Repository/RAD_Pages/AddressAndContactInfo_Page/select_Country' 

2023-02-08 17:13:11 - [MESSAGE][PASSED] - All options with label 'United States' are selected in object 'Object Repository/RAD_Pages/AddressAndContactInfo_Page/select_Country' 

2023-02-08 17:13:11 - [TEST_STEP][PASSED] - setText(findTestObject(orPath_AddressContact + "/input_streetAddress1"), AL1): Text '2311 York road' is set on object 'Object Repository/RAD_Pages/AddressAndContactInfo_Page/input_streetAddress1'

2023-02-08 17:13:12 - [MESSAGE][PASSED] - Text '2311 York road' is set on object 'Object Repository/RAD_Pages/AddressAndContactInfo_Page/input_streetAddress1'

2023-02-08 17:13:12 - [TEST_STEP][PASSED] - setText(findTestObject(orPath_AddressContact + "/input_streetAddress2"), ""): Text '' is set on object 'Object Repository/RAD_Pages/AddressAndContactInfo_Page/input_streetAddress2'

2023-02-08 17:13:13 - [MESSAGE][PASSED] - Text '' is set on object 'Object Repository/RAD_Pages/AddressAndContactInfo_Page/input_streetAddress2'

2023-02-08 17:13:13 - [TEST_STEP][PASSED] - setText(findTestObject(orPath_AddressContact + "/input_city"), City): Text 'Gambrills' is set on object 'Object Repository/RAD_Pages/AddressAndContactInfo_Page/input_city'

2023-02-08 17:13:14 - [MESSAGE][PASSED] - Text 'Gambrills' is set on object 'Object Repository/RAD_Pages/AddressAndContactInfo_Page/input_city'

2023-02-08 17:13:14 - [TEST_STEP][PASSED] - selectOptionByLabel(findTestObject(orPath_AddressContact + "/select_State"), "Maryland", false): All options with label 'Maryland' are selected in object 'Object Repository/RAD_Pages/AddressAndContactInfo_Page/select_State' 

2023-02-08 17:13:15 - [MESSAGE][PASSED] - All options with label 'Maryland' are selected in object 'Object Repository/RAD_Pages/AddressAndContactInfo_Page/select_State' 

2023-02-08 17:13:15 - [TEST_STEP][PASSED] - setText(findTestObject(orPath_AddressContact + "/input_zipCode"), ZIP): Text '21054' is set on object 'Object Repository/RAD_Pages/AddressAndContactInfo_Page/input_zipCode'

2023-02-08 17:13:16 - [MESSAGE][PASSED] - Text '21054' is set on object 'Object Repository/RAD_Pages/AddressAndContactInfo_Page/input_zipCode'

2023-02-08 17:13:16 - [TEST_STEP][PASSED] - setText(findTestObject(orPath_AddressContact + "/input_phoneNumber"), "(703) 894-5000"): Text '(703) 894-5000' is set on object 'Object Repository/RAD_Pages/AddressAndContactInfo_Page/input_phoneNumber'

2023-02-08 17:13:17 - [MESSAGE][PASSED] - Text '(703) 894-5000' is set on object 'Object Repository/RAD_Pages/AddressAndContactInfo_Page/input_phoneNumber'

2023-02-08 17:13:17 - [TEST_STEP][PASSED] - setText(findTestObject(orPath_AddressContact + "/input_eMailAddress"), "iahmed@govolution.com"): Text 'iahmed@govolution.com' is set on object 'Object Repository/RAD_Pages/AddressAndContactInfo_Page/input_eMailAddress'

2023-02-08 17:13:17 - [MESSAGE][PASSED] - Text 'iahmed@govolution.com' is set on object 'Object Repository/RAD_Pages/AddressAndContactInfo_Page/input_eMailAddress'

2023-02-08 17:13:17 - [TEST_STEP][PASSED] - setText(findTestObject(orPath_AddressContact + "/input_reEnterEMailAddress"), "iahmed@govolution.com"): Text 'iahmed@govolution.com' is set on object 'Object Repository/RAD_Pages/AddressAndContactInfo_Page/input_reEnterEMailAddress'

2023-02-08 17:13:18 - [MESSAGE][PASSED] - Text 'iahmed@govolution.com' is set on object 'Object Repository/RAD_Pages/AddressAndContactInfo_Page/input_reEnterEMailAddress'

2023-02-08 17:13:18 - [TEST_STEP][PASSED] - if (TaxTypeEL.equalsIgnoreCase("Personal Tax")): null

2023-02-08 17:13:18 - [TEST_STEP][PASSED] - scrollToElement(findTestObject(orPath_Amount + "/input__paymentAmount"), 3): Scroll to object 'Object Repository/RAD_Pages/PaymentAmount_Page/input__paymentAmount' successfully

2023-02-08 17:13:19 - [MESSAGE][PASSED] - Scroll to object 'Object Repository/RAD_Pages/PaymentAmount_Page/input__paymentAmount' successfully

2023-02-08 17:13:19 - [TEST_STEP][PASSED] - if (!(TaxTypeEL.equalsIgnoreCase("Personal Tax"))): Text ****** has been set on object 'Object Repository/RAD_Pages/TaxInfo_Page/input_concat(id(, , data, , ))_Data (1)'

2023-02-08 17:13:19 - [TEST_STEP][PASSED] - setEncryptedText(findTestObject("Object Repository/RAD_Pages/TaxInfo_Page/input_concat(id(, , data, , ))_Data"), "RigbBhfdqODKcAsiUrg+1Q=="): Text ****** has been set on object 'Object Repository/RAD_Pages/TaxInfo_Page/input_concat(id(, , data, , ))_Data'

2023-02-08 17:13:20 - [MESSAGE][PASSED] - Text ****** has been set on object 'Object Repository/RAD_Pages/TaxInfo_Page/input_concat(id(, , data, , ))_Data'

2023-02-08 17:13:20 - [TEST_STEP][PASSED] - setEncryptedText(findTestObject("Object Repository/RAD_Pages/TaxInfo_Page/input_concat(id(, , data, , ))_Data (1)"), "RigbBhfdqODKcAsiUrg+1Q=="): Text ****** has been set on object 'Object Repository/RAD_Pages/TaxInfo_Page/input_concat(id(, , data, , ))_Data (1)'

2023-02-08 17:13:20 - [MESSAGE][PASSED] - Text ****** has been set on object 'Object Repository/RAD_Pages/TaxInfo_Page/input_concat(id(, , data, , ))_Data (1)'

2023-02-08 17:13:20 - [TEST_STEP][PASSED] - delay(1): Delayed 1 second(s)

2023-02-08 17:13:21 - [MESSAGE][PASSED] - Delayed 1 second(s)

2023-02-08 17:13:21 - [TEST_STEP][PASSED] - setText(findTestObject(orPath_TaxInfo + "/input_NoticeInvoiceNumber"), notInvNumber): Text '2581471470001' is set on object 'Object Repository/RAD_Pages/TaxInfo_Page/input_NoticeInvoiceNumber'

2023-02-08 17:13:23 - [MESSAGE][PASSED] - Text '2581471470001' is set on object 'Object Repository/RAD_Pages/TaxInfo_Page/input_NoticeInvoiceNumber'

2023-02-08 17:13:23 - [TEST_STEP][PASSED] - setText(findTestObject(orPath_TaxInfo + "/input_reTypeNoticeInvoiceNumber"), notInvNumber): Text '2581471470001' is set on object 'Object Repository/RAD_Pages/TaxInfo_Page/input_reTypeNoticeInvoiceNumber'

2023-02-08 17:13:24 - [MESSAGE][PASSED] - Text '2581471470001' is set on object 'Object Repository/RAD_Pages/TaxInfo_Page/input_reTypeNoticeInvoiceNumber'

2023-02-08 17:13:24 - [TEST_STEP][PASSED] - if (TaxTypeEL.equalsIgnoreCase("Sales & Use Tax") || TaxTypeEL.equalsIgnoreCase("Withholding Tax")): null

2023-02-08 17:13:24 - [TEST_STEP][PASSED] - setText(findTestObject(orPath_Amount + "/input__paymentAmount"), Amount): Text '30.50' is set on object 'Object Repository/RAD_Pages/PaymentAmount_Page/input__paymentAmount'

2023-02-08 17:13:24 - [MESSAGE][PASSED] - Text '30.50' is set on object 'Object Repository/RAD_Pages/PaymentAmount_Page/input__paymentAmount'

2023-02-08 17:13:24 - [TEST_STEP][PASSED] - scrollToElement(findTestObject(orPath_Landing + "/button_Continue"), 3): Scroll to object 'Object Repository/RAD_Pages/Landing_Page/button_Continue' successfully

2023-02-08 17:13:25 - [MESSAGE][PASSED] - Scroll to object 'Object Repository/RAD_Pages/Landing_Page/button_Continue' successfully

2023-02-08 17:13:25 - [TEST_STEP][PASSED] - waitForElementClickable(findTestObject(orPath_Landing + "/button_Continue"), 5): Object 'Object Repository/RAD_Pages/Landing_Page/button_Continue' is clickable

2023-02-08 17:13:25 - [MESSAGE][PASSED] - Object 'Object Repository/RAD_Pages/Landing_Page/button_Continue' is clickable

2023-02-08 17:13:25 - [TEST_STEP][PASSED] - click(findTestObject(orPath_Landing + "/button_Continue")): Object: 'Object Repository/RAD_Pages/Landing_Page/button_Continue' is clicked on

2023-02-08 17:13:26 - [MESSAGE][PASSED] - Object: 'Object Repository/RAD_Pages/Landing_Page/button_Continue' is clicked on

2023-02-08 17:13:26 - [TEST_STEP][PASSED] - verifyTextPresent("Review the information below and make any necessary corrections by clicking the", true): Text 'Review the information below and make any necessary corrections by clicking the' is present on page  using regular expression

2023-02-08 17:13:26 - [MESSAGE][PASSED] - Text 'Review the information below and make any necessary corrections by clicking the' is present on page  using regular expression

2023-02-08 17:13:26 - [TEST_STEP][PASSED] - verifyTextPresent("When you are confident that all the information is correct", true): Text 'When you are confident that all the information is correct' is present on page  using regular expression

2023-02-08 17:13:27 - [MESSAGE][PASSED] - Text 'When you are confident that all the information is correct' is present on page  using regular expression

2023-02-08 17:13:27 - [TEST_STEP][PASSED] - delay(1): Delayed 1 second(s)

2023-02-08 17:13:28 - [MESSAGE][PASSED] - Delayed 1 second(s)

2023-02-08 17:13:28 - [TEST_STEP][PASSED] - click(findTestObject(orPath_PaymentReady + "/button_ProceedtoPayment")): Object: 'Object Repository/RAD_Pages/PaymentReady_Page/button_ProceedtoPayment' is clicked on

2023-02-08 17:13:30 - [MESSAGE][PASSED] - Object: 'Object Repository/RAD_Pages/PaymentReady_Page/button_ProceedtoPayment' is clicked on

2023-02-08 17:13:30 - [TEST_STEP][PASSED] - setText(findTestObject("Object Repository/RAD_Pages/PaymentEntry_Page/input__billingName"), "Anthony Gonzalez"): Text 'Anthony Gonzalez' is set on object 'Object Repository/RAD_Pages/PaymentEntry_Page/input__billingName'

2023-02-08 17:13:31 - [MESSAGE][PASSED] - Text 'Anthony Gonzalez' is set on object 'Object Repository/RAD_Pages/PaymentEntry_Page/input__billingName'

2023-02-08 17:13:31 - [TEST_STEP][PASSED] - setText(findTestObject(orPath_PaymentEntry + "/input__cardNumber"), CCNumber): Text '4012000098765439' is set on object 'Object Repository/RAD_Pages/PaymentEntry_Page/input__cardNumber'

2023-02-08 17:13:32 - [MESSAGE][PASSED] - Text '4012000098765439' is set on object 'Object Repository/RAD_Pages/PaymentEntry_Page/input__cardNumber'

2023-02-08 17:13:32 - [TEST_STEP][PASSED] - setText(findTestObject(orPath_PaymentEntry + "/input__spc"), CVV): Text '123' is set on object 'Object Repository/RAD_Pages/PaymentEntry_Page/input__spc'

2023-02-08 17:13:33 - [MESSAGE][PASSED] - Text '123' is set on object 'Object Repository/RAD_Pages/PaymentEntry_Page/input__spc'

2023-02-08 17:13:33 - [TEST_STEP][PASSED] - selectOptionByLabel(findTestObject(orPath_PaymentEntry + "/select_MM"), "12", false): All options with label '12' are selected in object 'Object Repository/RAD_Pages/PaymentEntry_Page/select_MM' 

2023-02-08 17:13:34 - [MESSAGE][PASSED] - All options with label '12' are selected in object 'Object Repository/RAD_Pages/PaymentEntry_Page/select_MM' 

2023-02-08 17:13:34 - [TEST_STEP][PASSED] - selectOptionByLabel(findTestObject(orPath_PaymentEntry + "/select_YYYY"), "2023", false): All options with label '2023' are selected in object 'Object Repository/RAD_Pages/PaymentEntry_Page/select_YYYY' 

2023-02-08 17:13:34 - [MESSAGE][PASSED] - All options with label '2023' are selected in object 'Object Repository/RAD_Pages/PaymentEntry_Page/select_YYYY' 

2023-02-08 17:13:34 - [TEST_STEP][PASSED] - click(findTestObject(orPath_PaymentEntry + "/input_Field_ccSubmit")): Object: 'Object Repository/RAD_Pages/PaymentEntry_Page/input_Field_ccSubmit' is clicked on

2023-02-08 17:13:35 - [MESSAGE][PASSED] - Object: 'Object Repository/RAD_Pages/PaymentEntry_Page/input_Field_ccSubmit' is clicked on

2023-02-08 17:13:35 - [TEST_STEP][PASSED] - click(findTestObject(orPath_PaymentConfirmation + "/input_N_confirmNotifyAction")): Object: 'Object Repository/RAD_Pages/PaymentConfirmation_Page/input_N_confirmNotifyAction' is clicked on

2023-02-08 17:13:37 - [MESSAGE][PASSED] - Object: 'Object Repository/RAD_Pages/PaymentConfirmation_Page/input_N_confirmNotifyAction' is clicked on

2023-02-08 17:13:37 - [TEST_STEP][PASSED] - click(findTestObject(orPath_ServiceFeesAccept + "/input_convFeeNotifyAction")): Object: 'Object Repository/RAD_Pages/ServiceFeeAccept_Page/input_convFeeNotifyAction' is clicked on

2023-02-08 17:13:38 - [MESSAGE][PASSED] - Object: 'Object Repository/RAD_Pages/ServiceFeeAccept_Page/input_convFeeNotifyAction' is clicked on

2023-02-08 17:13:38 - [TEST_STEP][PASSED] - delay(10): Delayed 10 second(s)

2023-02-08 17:13:48 - [MESSAGE][PASSED] - Delayed 10 second(s)

2023-02-08 17:13:48 - [TEST_STEP][PASSED] - verifyTextPresent("Successful Payment Receipt", true): Text 'Successful Payment Receipt' is present on page  using regular expression

2023-02-08 17:13:49 - [MESSAGE][PASSED] - Text 'Successful Payment Receipt' is present on page  using regular expression

2023-02-08 17:13:49 - [TEST_STEP][PASSED] - if (verifyTextPresent("Successful Payment Receipt", true)): null

2023-02-08 17:13:49 - [MESSAGE][PASSED] - Text 'Successful Payment Receipt' is present on page  using regular expression

2023-02-08 17:13:49 - [TEST_STEP][PASSED] - println("Transaction was Successful"): null

2023-02-08 17:13:49 - [TEST_STEP][PASSED] - out.println("Pass Record Number: " + row): null

2023-02-08 17:13:49 - [TEST_STEP][PASSED] - resText = "Pass": null

2023-02-08 17:13:49 - [TEST_STEP][PASSED] - pages.WriteExcel.demoKey(resText, datText, resColumn, datCloumn, fileLoc, nameSheet, row): pages.WriteExcel.demoKey is PASSED

2023-02-08 17:13:49 - [MESSAGE][PASSED] - pages.WriteExcel.demoKey is PASSED

2023-02-08 17:13:49 - [TEST_STEP][PASSED] - ExecuteTC = findTestData(dataFile).getValue("Execute", row): null

2023-02-08 17:13:49 - [TEST_STEP][PASSED] - Taxtype = findTestData(dataFile).getValue("TaxType", row): null

2023-02-08 17:13:49 - [TEST_STEP][PASSED] - TaxTypeEL = findTestData(dataFile).getValue("TaxTypeEL", row): null

2023-02-08 17:13:49 - [TEST_STEP][PASSED] - FName = findTestData(dataFile).getValue("Fname", row): null

2023-02-08 17:13:49 - [TEST_STEP][PASSED] - LName = findTestData(dataFile).getValue("Lname", row): null

2023-02-08 17:13:49 - [TEST_STEP][PASSED] - AL1 = findTestData(dataFile).getValue("AL1", row): null

2023-02-08 17:13:49 - [TEST_STEP][PASSED] - City = findTestData(dataFile).getValue("City", row): null

2023-02-08 17:13:49 - [TEST_STEP][PASSED] - ZIP = findTestData(dataFile).getValue("ZIP", row): null

2023-02-08 17:13:49 - [TEST_STEP][PASSED] - Amount = findTestData(dataFile).getValue("Amount", row): null

2023-02-08 17:13:49 - [TEST_STEP][PASSED] - CCNumber = findTestData(dataFile).getValue("CCNumber", row): null

2023-02-08 17:13:49 - [TEST_STEP][PASSED] - CVV = findTestData(dataFile).getValue("CVV", row): null

2023-02-08 17:13:49 - [TEST_STEP][PASSED] - SSN = findTestData(dataFile).getValue("SSN", row): null

2023-02-08 17:13:49 - [TEST_STEP][PASSED] - notInvNumber = findTestData(dataFile).getValue("NotiInvoNumber", row): null

2023-02-08 17:13:49 - [TEST_STEP][PASSED] - businessName = findTestData(dataFile).getValue("BusName", row): null

2023-02-08 17:13:49 - [TEST_STEP][PASSED] - out.println("Value of Execute is : " + ExecuteTC): null

2023-02-08 17:13:49 - [TEST_STEP][PASSED] - if (ExecuteTC.equalsIgnoreCase("Y")): null

2023-02-08 17:13:49 - [TEST_STEP][PASSED] - out.println("Begin Record Number: " + row): null

2023-02-08 17:13:49 - [TEST_STEP][PASSED] - today = new java.util.Date(): null

2023-02-08 17:13:49 - [TEST_STEP][PASSED] - println(today): null

2023-02-08 17:13:49 - [TEST_STEP][PASSED] - datText = today: null

2023-02-08 17:13:49 - [TEST_STEP][PASSED] - Taxtype = findTestData(dataFile).getValue("TaxType", row): null

2023-02-08 17:13:49 - [TEST_STEP][PASSED] - out.println("Taxtype value is : " + Taxtype): null

2023-02-08 17:13:49 - [TEST_STEP][PASSED] - openBrowser(""): Browser is opened with url: ''

2023-02-08 17:13:49 - [MESSAGE][WARNING] - A browser is already opened. Closing browser and opening a new one

2023-02-08 17:13:51 - [MESSAGE][INFO] - Starting 'Chrome' driver

2023-02-08 17:13:51 - [MESSAGE][INFO] - User set preference: ['acceptInsecureCerts', 'true']

2023-02-08 17:13:51 - [MESSAGE][INFO] - Action delay is set to 0 milliseconds

2023-02-08 17:13:52 - [MESSAGE][PASSED] - Browser is opened with url: ''

2023-02-08 17:13:52 - [TEST_STEP][PASSED] - maximizeWindow(): Current window maximized

2023-02-08 17:13:52 - [MESSAGE][PASSED] - Current window maximized

2023-02-08 17:13:52 - [TEST_STEP][PASSED] - navigateToUrl(RADurl): Navigate to 'https://qa.velocitypayment.com/client/rad/index.html' successfully

2023-02-08 17:13:54 - [MESSAGE][PASSED] - Navigate to 'https://qa.velocitypayment.com/client/rad/index.html' successfully

2023-02-08 17:13:54 - [TEST_STEP][PASSED] - orPath_Landing = "Object Repository/RAD_Pages/Landing_Page": null

2023-02-08 17:13:54 - [TEST_STEP][PASSED] - orPath_TaxTypeFilingYear = "Object Repository/RAD_Pages/TaxTypeFilingYear_Page": null

2023-02-08 17:13:54 - [TEST_STEP][PASSED] - orPath_TaxPayer = "Object Repository/RAD_Pages/Taxpayer_Page": null

2023-02-08 17:13:54 - [TEST_STEP][PASSED] - orPath_AddressContact = "Object Repository/RAD_Pages/AddressAndContactInfo_Page": null

2023-02-08 17:13:54 - [TEST_STEP][PASSED] - orPath_FilingStatus = "Object Repository/RAD_Pages/FilingStatus_Page": null

2023-02-08 17:13:54 - [TEST_STEP][PASSED] - orPath_Amount = "Object Repository/RAD_Pages/PaymentAmount_Page": null

2023-02-08 17:13:54 - [TEST_STEP][PASSED] - orPath_TaxInfo = "Object Repository/RAD_Pages/TaxInfo_Page": null

2023-02-08 17:13:54 - [TEST_STEP][PASSED] - orPath_Withholding = "Object Repository/RAD_Pages/Withholding_Page": null

2023-02-08 17:13:54 - [TEST_STEP][PASSED] - orPath_Summary = "Object Repository/RAD_Pages/Summary_Page": null

2023-02-08 17:13:54 - [TEST_STEP][PASSED] - orPath_PaymentReady = "Object Repository/RAD_Pages/PaymentReady_Page": null

2023-02-08 17:13:54 - [TEST_STEP][PASSED] - orPath_PaymentEntry = "Object Repository/RAD_Pages/PaymentEntry_Page": null

2023-02-08 17:13:54 - [TEST_STEP][PASSED] - orPath_PaymentConfirmation = "Object Repository/RAD_Pages/PaymentConfirmation_Page": null

2023-02-08 17:13:54 - [TEST_STEP][PASSED] - orPath_ServiceFeesAccept = "Object Repository/RAD_Pages/ServiceFeeAccept_Page": null

2023-02-08 17:13:54 - [TEST_STEP][PASSED] - selectOptionByLabel(findTestObject(orPath_Landing + "/dd_TaxType"), Taxtype, false): All options with label 'Existing Liability' are selected in object 'Object Repository/RAD_Pages/Landing_Page/dd_TaxType' 

2023-02-08 17:13:55 - [MESSAGE][PASSED] - All options with label 'Existing Liability' are selected in object 'Object Repository/RAD_Pages/Landing_Page/dd_TaxType' 

2023-02-08 17:13:55 - [TEST_STEP][PASSED] - delay(1): Delayed 1 second(s)

2023-02-08 17:13:56 - [MESSAGE][PASSED] - Delayed 1 second(s)

2023-02-08 17:13:56 - [TEST_STEP][PASSED] - selectOptionByLabel(findTestObject(orPath_TaxTypeFilingYear + "/select_TaxType_ExistingLiability"), TaxTypeEL, false): All options with label 'Alcohol Tax' are selected in object 'Object Repository/RAD_Pages/TaxTypeFilingYear_Page/select_TaxType_ExistingLiability' 

2023-02-08 17:13:57 - [MESSAGE][PASSED] - All options with label 'Alcohol Tax' are selected in object 'Object Repository/RAD_Pages/TaxTypeFilingYear_Page/select_TaxType_ExistingLiability' 

2023-02-08 17:13:57 - [TEST_STEP][PASSED] - if (TaxTypeEL.equalsIgnoreCase("Fiduciary Tax") || TaxTypeEL.equalsIgnoreCase("Personal Tax")): null

2023-02-08 17:13:57 - [TEST_STEP][PASSED] - else: Text 'My Glass Company' is set on object 'Object Repository/RAD_Pages/Taxpayer_Page/input_businessName'

2023-02-08 17:13:57 - [TEST_STEP][PASSED] - setText(findTestObject(orPath_TaxPayer + "/input_businessName"), businessName): Text 'My Glass Company' is set on object 'Object Repository/RAD_Pages/Taxpayer_Page/input_businessName'

2023-02-08 17:13:58 - [MESSAGE][PASSED] - Text 'My Glass Company' is set on object 'Object Repository/RAD_Pages/Taxpayer_Page/input_businessName'

2023-02-08 17:13:58 - [TEST_STEP][PASSED] - selectOptionByLabel(findTestObject(orPath_AddressContact + "/select_Country"), "United States", false): All options with label 'United States' are selected in object 'Object Repository/RAD_Pages/AddressAndContactInfo_Page/select_Country' 

2023-02-08 17:13:58 - [MESSAGE][PASSED] - All options with label 'United States' are selected in object 'Object Repository/RAD_Pages/AddressAndContactInfo_Page/select_Country' 

2023-02-08 17:13:58 - [TEST_STEP][PASSED] - setText(findTestObject(orPath_AddressContact + "/input_streetAddress1"), AL1): Text '2311 York road' is set on object 'Object Repository/RAD_Pages/AddressAndContactInfo_Page/input_streetAddress1'

2023-02-08 17:13:59 - [MESSAGE][PASSED] - Text '2311 York road' is set on object 'Object Repository/RAD_Pages/AddressAndContactInfo_Page/input_streetAddress1'

2023-02-08 17:13:59 - [TEST_STEP][PASSED] - setText(findTestObject(orPath_AddressContact + "/input_streetAddress2"), ""): Text '' is set on object 'Object Repository/RAD_Pages/AddressAndContactInfo_Page/input_streetAddress2'

2023-02-08 17:14:00 - [MESSAGE][PASSED] - Text '' is set on object 'Object Repository/RAD_Pages/AddressAndContactInfo_Page/input_streetAddress2'

2023-02-08 17:14:00 - [TEST_STEP][PASSED] - setText(findTestObject(orPath_AddressContact + "/input_city"), City): Text 'Gambrills' is set on object 'Object Repository/RAD_Pages/AddressAndContactInfo_Page/input_city'

2023-02-08 17:14:01 - [MESSAGE][PASSED] - Text 'Gambrills' is set on object 'Object Repository/RAD_Pages/AddressAndContactInfo_Page/input_city'

2023-02-08 17:14:01 - [TEST_STEP][PASSED] - selectOptionByLabel(findTestObject(orPath_AddressContact + "/select_State"), "Maryland", false): All options with label 'Maryland' are selected in object 'Object Repository/RAD_Pages/AddressAndContactInfo_Page/select_State' 

2023-02-08 17:14:02 - [MESSAGE][PASSED] - All options with label 'Maryland' are selected in object 'Object Repository/RAD_Pages/AddressAndContactInfo_Page/select_State' 

2023-02-08 17:14:02 - [TEST_STEP][PASSED] - setText(findTestObject(orPath_AddressContact + "/input_zipCode"), ZIP): Text '21054' is set on object 'Object Repository/RAD_Pages/AddressAndContactInfo_Page/input_zipCode'

2023-02-08 17:14:03 - [MESSAGE][PASSED] - Text '21054' is set on object 'Object Repository/RAD_Pages/AddressAndContactInfo_Page/input_zipCode'

2023-02-08 17:14:03 - [TEST_STEP][PASSED] - setText(findTestObject(orPath_AddressContact + "/input_phoneNumber"), "(703) 894-5000"): Text '(703) 894-5000' is set on object 'Object Repository/RAD_Pages/AddressAndContactInfo_Page/input_phoneNumber'

2023-02-08 17:14:04 - [MESSAGE][PASSED] - Text '(703) 894-5000' is set on object 'Object Repository/RAD_Pages/AddressAndContactInfo_Page/input_phoneNumber'

2023-02-08 17:14:04 - [TEST_STEP][PASSED] - setText(findTestObject(orPath_AddressContact + "/input_eMailAddress"), "iahmed@govolution.com"): Text 'iahmed@govolution.com' is set on object 'Object Repository/RAD_Pages/AddressAndContactInfo_Page/input_eMailAddress'

2023-02-08 17:14:05 - [MESSAGE][PASSED] - Text 'iahmed@govolution.com' is set on object 'Object Repository/RAD_Pages/AddressAndContactInfo_Page/input_eMailAddress'

2023-02-08 17:14:05 - [TEST_STEP][PASSED] - setText(findTestObject(orPath_AddressContact + "/input_reEnterEMailAddress"), "iahmed@govolution.com"): Text 'iahmed@govolution.com' is set on object 'Object Repository/RAD_Pages/AddressAndContactInfo_Page/input_reEnterEMailAddress'

2023-02-08 17:14:06 - [MESSAGE][PASSED] - Text 'iahmed@govolution.com' is set on object 'Object Repository/RAD_Pages/AddressAndContactInfo_Page/input_reEnterEMailAddress'

2023-02-08 17:14:06 - [TEST_STEP][PASSED] - if (TaxTypeEL.equalsIgnoreCase("Personal Tax")): null

2023-02-08 17:14:06 - [TEST_STEP][PASSED] - scrollToElement(findTestObject(orPath_Amount + "/input__paymentAmount"), 3): Scroll to object 'Object Repository/RAD_Pages/PaymentAmount_Page/input__paymentAmount' successfully

2023-02-08 17:14:06 - [MESSAGE][PASSED] - Scroll to object 'Object Repository/RAD_Pages/PaymentAmount_Page/input__paymentAmount' successfully

2023-02-08 17:14:06 - [TEST_STEP][PASSED] - if (!(TaxTypeEL.equalsIgnoreCase("Personal Tax"))): Text ****** has been set on object 'Object Repository/RAD_Pages/TaxInfo_Page/input_concat(id(, , data, , ))_Data (1)'

2023-02-08 17:14:06 - [TEST_STEP][PASSED] - setEncryptedText(findTestObject("Object Repository/RAD_Pages/TaxInfo_Page/input_concat(id(, , data, , ))_Data"), "RigbBhfdqODKcAsiUrg+1Q=="): Text ****** has been set on object 'Object Repository/RAD_Pages/TaxInfo_Page/input_concat(id(, , data, , ))_Data'

2023-02-08 17:14:07 - [MESSAGE][PASSED] - Text ****** has been set on object 'Object Repository/RAD_Pages/TaxInfo_Page/input_concat(id(, , data, , ))_Data'

2023-02-08 17:14:07 - [TEST_STEP][PASSED] - setEncryptedText(findTestObject("Object Repository/RAD_Pages/TaxInfo_Page/input_concat(id(, , data, , ))_Data (1)"), "RigbBhfdqODKcAsiUrg+1Q=="): Text ****** has been set on object 'Object Repository/RAD_Pages/TaxInfo_Page/input_concat(id(, , data, , ))_Data (1)'

2023-02-08 17:14:07 - [MESSAGE][PASSED] - Text ****** has been set on object 'Object Repository/RAD_Pages/TaxInfo_Page/input_concat(id(, , data, , ))_Data (1)'

2023-02-08 17:14:07 - [TEST_STEP][PASSED] - delay(1): Delayed 1 second(s)

2023-02-08 17:14:08 - [MESSAGE][PASSED] - Delayed 1 second(s)

2023-02-08 17:14:08 - [TEST_STEP][PASSED] - setText(findTestObject(orPath_TaxInfo + "/input_NoticeInvoiceNumber"), notInvNumber): Text '2581471470' is set on object 'Object Repository/RAD_Pages/TaxInfo_Page/input_NoticeInvoiceNumber'

2023-02-08 17:14:09 - [MESSAGE][PASSED] - Text '2581471470' is set on object 'Object Repository/RAD_Pages/TaxInfo_Page/input_NoticeInvoiceNumber'

2023-02-08 17:14:09 - [TEST_STEP][PASSED] - setText(findTestObject(orPath_TaxInfo + "/input_reTypeNoticeInvoiceNumber"), notInvNumber): Text '2581471470' is set on object 'Object Repository/RAD_Pages/TaxInfo_Page/input_reTypeNoticeInvoiceNumber'

2023-02-08 17:14:10 - [MESSAGE][PASSED] - Text '2581471470' is set on object 'Object Repository/RAD_Pages/TaxInfo_Page/input_reTypeNoticeInvoiceNumber'

2023-02-08 17:14:10 - [TEST_STEP][PASSED] - if (TaxTypeEL.equalsIgnoreCase("Sales & Use Tax") || TaxTypeEL.equalsIgnoreCase("Withholding Tax")): null

2023-02-08 17:14:10 - [TEST_STEP][PASSED] - setText(findTestObject(orPath_Amount + "/input__paymentAmount"), Amount): Text '30.50' is set on object 'Object Repository/RAD_Pages/PaymentAmount_Page/input__paymentAmount'

2023-02-08 17:14:11 - [MESSAGE][PASSED] - Text '30.50' is set on object 'Object Repository/RAD_Pages/PaymentAmount_Page/input__paymentAmount'

2023-02-08 17:14:11 - [TEST_STEP][PASSED] - scrollToElement(findTestObject(orPath_Landing + "/button_Continue"), 3): Scroll to object 'Object Repository/RAD_Pages/Landing_Page/button_Continue' successfully

2023-02-08 17:14:12 - [MESSAGE][PASSED] - Scroll to object 'Object Repository/RAD_Pages/Landing_Page/button_Continue' successfully

2023-02-08 17:14:12 - [TEST_STEP][PASSED] - waitForElementClickable(findTestObject(orPath_Landing + "/button_Continue"), 5): Object 'Object Repository/RAD_Pages/Landing_Page/button_Continue' is clickable

2023-02-08 17:14:12 - [MESSAGE][PASSED] - Object 'Object Repository/RAD_Pages/Landing_Page/button_Continue' is clickable

2023-02-08 17:14:12 - [TEST_STEP][PASSED] - click(findTestObject(orPath_Landing + "/button_Continue")): Object: 'Object Repository/RAD_Pages/Landing_Page/button_Continue' is clicked on

2023-02-08 17:14:13 - [MESSAGE][PASSED] - Object: 'Object Repository/RAD_Pages/Landing_Page/button_Continue' is clicked on

2023-02-08 17:14:13 - [TEST_STEP][PASSED] - verifyTextPresent("Review the information below and make any necessary corrections by clicking the", true): Text 'Review the information below and make any necessary corrections by clicking the' is present on page  using regular expression

2023-02-08 17:14:13 - [MESSAGE][PASSED] - Text 'Review the information below and make any necessary corrections by clicking the' is present on page  using regular expression

2023-02-08 17:14:13 - [TEST_STEP][PASSED] - verifyTextPresent("When you are confident that all the information is correct", true): Text 'When you are confident that all the information is correct' is present on page  using regular expression

2023-02-08 17:14:14 - [MESSAGE][PASSED] - Text 'When you are confident that all the information is correct' is present on page  using regular expression

2023-02-08 17:14:14 - [TEST_STEP][PASSED] - delay(1): Delayed 1 second(s)

2023-02-08 17:14:15 - [MESSAGE][PASSED] - Delayed 1 second(s)

2023-02-08 17:14:15 - [TEST_STEP][PASSED] - click(findTestObject(orPath_PaymentReady + "/button_ProceedtoPayment")): Object: 'Object Repository/RAD_Pages/PaymentReady_Page/button_ProceedtoPayment' is clicked on

2023-02-08 17:14:17 - [MESSAGE][PASSED] - Object: 'Object Repository/RAD_Pages/PaymentReady_Page/button_ProceedtoPayment' is clicked on

2023-02-08 17:14:17 - [TEST_STEP][PASSED] - setText(findTestObject("Object Repository/RAD_Pages/PaymentEntry_Page/input__billingName"), "Anthony Gonzalez"): Text 'Anthony Gonzalez' is set on object 'Object Repository/RAD_Pages/PaymentEntry_Page/input__billingName'

2023-02-08 17:14:18 - [MESSAGE][PASSED] - Text 'Anthony Gonzalez' is set on object 'Object Repository/RAD_Pages/PaymentEntry_Page/input__billingName'

2023-02-08 17:14:18 - [TEST_STEP][PASSED] - setText(findTestObject(orPath_PaymentEntry + "/input__cardNumber"), CCNumber): Text '4012000098765439' is set on object 'Object Repository/RAD_Pages/PaymentEntry_Page/input__cardNumber'

2023-02-08 17:14:19 - [MESSAGE][PASSED] - Text '4012000098765439' is set on object 'Object Repository/RAD_Pages/PaymentEntry_Page/input__cardNumber'

2023-02-08 17:14:19 - [TEST_STEP][PASSED] - setText(findTestObject(orPath_PaymentEntry + "/input__spc"), CVV): Text '123' is set on object 'Object Repository/RAD_Pages/PaymentEntry_Page/input__spc'

2023-02-08 17:14:20 - [MESSAGE][PASSED] - Text '123' is set on object 'Object Repository/RAD_Pages/PaymentEntry_Page/input__spc'

2023-02-08 17:14:20 - [TEST_STEP][PASSED] - selectOptionByLabel(findTestObject(orPath_PaymentEntry + "/select_MM"), "12", false): All options with label '12' are selected in object 'Object Repository/RAD_Pages/PaymentEntry_Page/select_MM' 

2023-02-08 17:14:21 - [MESSAGE][PASSED] - All options with label '12' are selected in object 'Object Repository/RAD_Pages/PaymentEntry_Page/select_MM' 

2023-02-08 17:14:21 - [TEST_STEP][PASSED] - selectOptionByLabel(findTestObject(orPath_PaymentEntry + "/select_YYYY"), "2023", false): All options with label '2023' are selected in object 'Object Repository/RAD_Pages/PaymentEntry_Page/select_YYYY' 

2023-02-08 17:14:22 - [MESSAGE][PASSED] - All options with label '2023' are selected in object 'Object Repository/RAD_Pages/PaymentEntry_Page/select_YYYY' 

2023-02-08 17:14:22 - [TEST_STEP][PASSED] - click(findTestObject(orPath_PaymentEntry + "/input_Field_ccSubmit")): Object: 'Object Repository/RAD_Pages/PaymentEntry_Page/input_Field_ccSubmit' is clicked on

2023-02-08 17:14:23 - [MESSAGE][PASSED] - Object: 'Object Repository/RAD_Pages/PaymentEntry_Page/input_Field_ccSubmit' is clicked on

2023-02-08 17:14:23 - [TEST_STEP][PASSED] - click(findTestObject(orPath_PaymentConfirmation + "/input_N_confirmNotifyAction")): Object: 'Object Repository/RAD_Pages/PaymentConfirmation_Page/input_N_confirmNotifyAction' is clicked on

2023-02-08 17:14:24 - [MESSAGE][PASSED] - Object: 'Object Repository/RAD_Pages/PaymentConfirmation_Page/input_N_confirmNotifyAction' is clicked on

2023-02-08 17:14:24 - [TEST_STEP][PASSED] - click(findTestObject(orPath_ServiceFeesAccept + "/input_convFeeNotifyAction")): Object: 'Object Repository/RAD_Pages/ServiceFeeAccept_Page/input_convFeeNotifyAction' is clicked on

2023-02-08 17:14:25 - [MESSAGE][PASSED] - Object: 'Object Repository/RAD_Pages/ServiceFeeAccept_Page/input_convFeeNotifyAction' is clicked on

2023-02-08 17:14:25 - [TEST_STEP][PASSED] - delay(10): Delayed 10 second(s)

2023-02-08 17:14:35 - [MESSAGE][PASSED] - Delayed 10 second(s)

2023-02-08 17:14:35 - [TEST_STEP][PASSED] - verifyTextPresent("Successful Payment Receipt", true): Text 'Successful Payment Receipt' is present on page  using regular expression

2023-02-08 17:14:36 - [MESSAGE][PASSED] - Text 'Successful Payment Receipt' is present on page  using regular expression

2023-02-08 17:14:36 - [TEST_STEP][PASSED] - if (verifyTextPresent("Successful Payment Receipt", true)): null

2023-02-08 17:14:36 - [MESSAGE][PASSED] - Text 'Successful Payment Receipt' is present on page  using regular expression

2023-02-08 17:14:36 - [TEST_STEP][PASSED] - println("Transaction was Successful"): null

2023-02-08 17:14:36 - [TEST_STEP][PASSED] - out.println("Pass Record Number: " + row): null

2023-02-08 17:14:36 - [TEST_STEP][PASSED] - resText = "Pass": null

2023-02-08 17:14:36 - [TEST_STEP][PASSED] - pages.WriteExcel.demoKey(resText, datText, resColumn, datCloumn, fileLoc, nameSheet, row): pages.WriteExcel.demoKey is PASSED

2023-02-08 17:14:36 - [MESSAGE][PASSED] - pages.WriteExcel.demoKey is PASSED]]></system-out>
         <system-err><![CDATA[]]></system-err>
      </testcase>
      <testcase name="Test Cases/RAD_TestCases/PaymentsHardCoded/SAU_MDForm202_AfterJuly2021_HC_TC" time="61.628" classname="Test Cases/RAD_TestCases/PaymentsHardCoded/SAU_MDForm202_AfterJuly2021_HC_TC" status="PASSED">
         <system-out><![CDATA[2023-02-08 17:14:36 - [TEST_CASE][PASSED] - Test Cases/RAD_TestCases/PaymentsHardCoded/SAU_MDForm202_AfterJuly2021_HC_TC: Test Cases/RAD_TestCases/PaymentsHardCoded/SAU_MDForm202_AfterJuly2021_HC_TC

2023-02-08 17:14:37 - [TEST_STEP][PASSED] - openBrowser(""): Browser is opened with url: ''

2023-02-08 17:14:37 - [MESSAGE][WARNING] - A browser is already opened. Closing browser and opening a new one

2023-02-08 17:14:38 - [MESSAGE][INFO] - Starting 'Chrome' driver

2023-02-08 17:14:38 - [MESSAGE][INFO] - User set preference: ['acceptInsecureCerts', 'true']

2023-02-08 17:14:38 - [MESSAGE][INFO] - Action delay is set to 0 milliseconds

2023-02-08 17:14:39 - [MESSAGE][PASSED] - Browser is opened with url: ''

2023-02-08 17:14:39 - [TEST_STEP][PASSED] - navigateToUrl("https://qa.velocitypayment.com/client/rad/index.html"): Navigate to 'https://qa.velocitypayment.com/client/rad/index.html' successfully

2023-02-08 17:14:41 - [MESSAGE][PASSED] - Navigate to 'https://qa.velocitypayment.com/client/rad/index.html' successfully

2023-02-08 17:14:41 - [TEST_STEP][PASSED] - maximizeWindow(): Current window maximized

2023-02-08 17:14:41 - [MESSAGE][PASSED] - Current window maximized

2023-02-08 17:14:41 - [TEST_STEP][PASSED] - selectOptionByValue(findTestObject("Object Repository/RAD_Pages/SAU_MDForm202_Page/select_Select    Estimated Tax    Personal _7587a1"), "5", true): All options with value '5' are selected in object 'Object Repository/RAD_Pages/SAU_MDForm202_Page/select_Select    Estimated Tax    Personal _7587a1'  using regular expression

2023-02-08 17:14:42 - [MESSAGE][PASSED] - All options with value '5' are selected in object 'Object Repository/RAD_Pages/SAU_MDForm202_Page/select_Select    Estimated Tax    Personal _7587a1'  using regular expression

2023-02-08 17:14:42 - [TEST_STEP][PASSED] - selectOptionByValue(findTestObject("Object Repository/RAD_Pages/SAU_MDForm202_Page/select_Select202220212020"), "2021", true): All options with value '2021' are selected in object 'Object Repository/RAD_Pages/SAU_MDForm202_Page/select_Select202220212020'  using regular expression

2023-02-08 17:14:44 - [MESSAGE][PASSED] - All options with value '2021' are selected in object 'Object Repository/RAD_Pages/SAU_MDForm202_Page/select_Select202220212020'  using regular expression

2023-02-08 17:14:44 - [TEST_STEP][PASSED] - selectOptionByValue(findTestObject("Object Repository/RAD_Pages/SAU_MDForm202_Page/select_MonthJanuaryFebruaryMarchAprilMayJun_aa9ebb"), "07", true): All options with value '07' are selected in object 'Object Repository/RAD_Pages/SAU_MDForm202_Page/select_MonthJanuaryFebruaryMarchAprilMayJun_aa9ebb'  using regular expression

2023-02-08 17:14:45 - [MESSAGE][PASSED] - All options with value '07' are selected in object 'Object Repository/RAD_Pages/SAU_MDForm202_Page/select_MonthJanuaryFebruaryMarchAprilMayJun_aa9ebb'  using regular expression

2023-02-08 17:14:45 - [TEST_STEP][PASSED] - setText(findTestObject("Object Repository/RAD_Pages/SAU_MDForm202_Page/input_Note_businessName"), "My Business"): Text 'My Business' is set on object 'Object Repository/RAD_Pages/SAU_MDForm202_Page/input_Note_businessName'

2023-02-08 17:14:46 - [MESSAGE][PASSED] - Text 'My Business' is set on object 'Object Repository/RAD_Pages/SAU_MDForm202_Page/input_Note_businessName'

2023-02-08 17:14:46 - [TEST_STEP][PASSED] - setText(findTestObject("Object Repository/RAD_Pages/SAU_MDForm202_Page/input_Enter business name_firstName"), "Imtiaz"): Text 'Imtiaz' is set on object 'Object Repository/RAD_Pages/SAU_MDForm202_Page/input_Enter business name_firstName'

2023-02-08 17:14:47 - [MESSAGE][PASSED] - Text 'Imtiaz' is set on object 'Object Repository/RAD_Pages/SAU_MDForm202_Page/input_Enter business name_firstName'

2023-02-08 17:14:47 - [TEST_STEP][PASSED] - setText(findTestObject("Object Repository/RAD_Pages/SAU_MDForm202_Page/input_Enter first name_middleName"), "John"): Text 'John' is set on object 'Object Repository/RAD_Pages/SAU_MDForm202_Page/input_Enter first name_middleName'

2023-02-08 17:14:48 - [MESSAGE][PASSED] - Text 'John' is set on object 'Object Repository/RAD_Pages/SAU_MDForm202_Page/input_Enter first name_middleName'

2023-02-08 17:14:48 - [TEST_STEP][PASSED] - setText(findTestObject("Object Repository/RAD_Pages/SAU_MDForm202_Page/input_Middle Name_lastName"), "Ahmed"): Text 'Ahmed' is set on object 'Object Repository/RAD_Pages/SAU_MDForm202_Page/input_Middle Name_lastName'

2023-02-08 17:14:49 - [MESSAGE][PASSED] - Text 'Ahmed' is set on object 'Object Repository/RAD_Pages/SAU_MDForm202_Page/input_Middle Name_lastName'

2023-02-08 17:14:49 - [TEST_STEP][PASSED] - setText(findTestObject("Object Repository/RAD_Pages/SAU_MDForm202_Page/input_Enter last name_suffix"), "Mr"): Text 'Mr' is set on object 'Object Repository/RAD_Pages/SAU_MDForm202_Page/input_Enter last name_suffix'

2023-02-08 17:14:50 - [MESSAGE][PASSED] - Text 'Mr' is set on object 'Object Repository/RAD_Pages/SAU_MDForm202_Page/input_Enter last name_suffix'

2023-02-08 17:14:50 - [TEST_STEP][PASSED] - setText(findTestObject("Object Repository/RAD_Pages/SAU_MDForm202_Page/input_Select a country_streetAddress1"), "2311 york road"): Text '2311 york road' is set on object 'Object Repository/RAD_Pages/SAU_MDForm202_Page/input_Select a country_streetAddress1'

2023-02-08 17:14:50 - [MESSAGE][PASSED] - Text '2311 york road' is set on object 'Object Repository/RAD_Pages/SAU_MDForm202_Page/input_Select a country_streetAddress1'

2023-02-08 17:14:50 - [TEST_STEP][PASSED] - setText(findTestObject("Object Repository/RAD_Pages/SAU_MDForm202_Page/input_Enter address_streetAddress2"), "Suite 600"): Text 'Suite 600' is set on object 'Object Repository/RAD_Pages/SAU_MDForm202_Page/input_Enter address_streetAddress2'

2023-02-08 17:14:51 - [MESSAGE][PASSED] - Text 'Suite 600' is set on object 'Object Repository/RAD_Pages/SAU_MDForm202_Page/input_Enter address_streetAddress2'

2023-02-08 17:14:51 - [TEST_STEP][PASSED] - setText(findTestObject("Object Repository/RAD_Pages/SAU_MDForm202_Page/input_Street Address 2_city"), "Gambrills"): Text 'Gambrills' is set on object 'Object Repository/RAD_Pages/SAU_MDForm202_Page/input_Street Address 2_city'

2023-02-08 17:14:52 - [MESSAGE][PASSED] - Text 'Gambrills' is set on object 'Object Repository/RAD_Pages/SAU_MDForm202_Page/input_Street Address 2_city'

2023-02-08 17:14:52 - [TEST_STEP][PASSED] - selectOptionByValue(findTestObject("Object Repository/RAD_Pages/SAU_MDForm202_Page/select_SelectAlabamaAlaskaArizonaArkansasCa_90914a"), "MD", true): All options with value 'MD' are selected in object 'Object Repository/RAD_Pages/SAU_MDForm202_Page/select_SelectAlabamaAlaskaArizonaArkansasCa_90914a'  using regular expression

2023-02-08 17:14:54 - [MESSAGE][PASSED] - All options with value 'MD' are selected in object 'Object Repository/RAD_Pages/SAU_MDForm202_Page/select_SelectAlabamaAlaskaArizonaArkansasCa_90914a'  using regular expression

2023-02-08 17:14:54 - [TEST_STEP][PASSED] - setText(findTestObject("Object Repository/RAD_Pages/SAU_MDForm202_Page/input_Select a state_zipCode"), "21054"): Text '21054' is set on object 'Object Repository/RAD_Pages/SAU_MDForm202_Page/input_Select a state_zipCode'

2023-02-08 17:14:55 - [MESSAGE][PASSED] - Text '21054' is set on object 'Object Repository/RAD_Pages/SAU_MDForm202_Page/input_Select a state_zipCode'

2023-02-08 17:14:55 - [TEST_STEP][PASSED] - setText(findTestObject("Object Repository/RAD_Pages/SAU_MDForm202_Page/input_Enter ZIP code_phoneNumber"), "(703) 894-5000"): Text '(703) 894-5000' is set on object 'Object Repository/RAD_Pages/SAU_MDForm202_Page/input_Enter ZIP code_phoneNumber'

2023-02-08 17:14:56 - [MESSAGE][PASSED] - Text '(703) 894-5000' is set on object 'Object Repository/RAD_Pages/SAU_MDForm202_Page/input_Enter ZIP code_phoneNumber'

2023-02-08 17:14:56 - [TEST_STEP][PASSED] - setText(findTestObject("Object Repository/RAD_Pages/SAU_MDForm202_Page/input_Enter a phone number_eMailAddress"), "iahmed@govolution.com"): Text 'iahmed@govolution.com' is set on object 'Object Repository/RAD_Pages/SAU_MDForm202_Page/input_Enter a phone number_eMailAddress'

2023-02-08 17:14:57 - [MESSAGE][PASSED] - Text 'iahmed@govolution.com' is set on object 'Object Repository/RAD_Pages/SAU_MDForm202_Page/input_Enter a phone number_eMailAddress'

2023-02-08 17:14:57 - [TEST_STEP][PASSED] - setText(findTestObject("Object Repository/RAD_Pages/SAU_MDForm202_Page/input_Enter Email_reEnterEMailAddress"), "iahmed@govolution.com"): Text 'iahmed@govolution.com' is set on object 'Object Repository/RAD_Pages/SAU_MDForm202_Page/input_Enter Email_reEnterEMailAddress'

2023-02-08 17:14:58 - [MESSAGE][PASSED] - Text 'iahmed@govolution.com' is set on object 'Object Repository/RAD_Pages/SAU_MDForm202_Page/input_Enter Email_reEnterEMailAddress'

2023-02-08 17:14:58 - [TEST_STEP][PASSED] - setEncryptedText(findTestObject("Object Repository/RAD_Pages/TaxInfo_Page/input_FederalEIN"), "0fDtEjy4ijeV75Gl5M+mSg=="): Text ****** has been set on object 'Object Repository/RAD_Pages/TaxInfo_Page/input_FederalEIN'

2023-02-08 17:14:59 - [MESSAGE][PASSED] - Text ****** has been set on object 'Object Repository/RAD_Pages/TaxInfo_Page/input_FederalEIN'

2023-02-08 17:14:59 - [TEST_STEP][PASSED] - setEncryptedText(findTestObject("Object Repository/RAD_Pages/TaxInfo_Page/input_FederalEIN_ReEnter"), "0fDtEjy4ijeV75Gl5M+mSg=="): Text ****** has been set on object 'Object Repository/RAD_Pages/TaxInfo_Page/input_FederalEIN_ReEnter'

2023-02-08 17:14:59 - [MESSAGE][PASSED] - Text ****** has been set on object 'Object Repository/RAD_Pages/TaxInfo_Page/input_FederalEIN_ReEnter'

2023-02-08 17:14:59 - [TEST_STEP][PASSED] - setText(findTestObject("Object Repository/RAD_Pages/TaxInfo_Page/input_MDCRegistration"), "07640126"): Text '07640126' is set on object 'Object Repository/RAD_Pages/TaxInfo_Page/input_MDCRegistration'

2023-02-08 17:15:00 - [MESSAGE][PASSED] - Text '07640126' is set on object 'Object Repository/RAD_Pages/TaxInfo_Page/input_MDCRegistration'

2023-02-08 17:15:00 - [TEST_STEP][PASSED] - setText(findTestObject("Object Repository/RAD_Pages/SAU_MDForm202_Page/input__GrossSales2"), "2000.00"): Text '2000.00' is set on object 'Object Repository/RAD_Pages/SAU_MDForm202_Page/input__GrossSales2'

2023-02-08 17:15:01 - [MESSAGE][PASSED] - Text '2000.00' is set on object 'Object Repository/RAD_Pages/SAU_MDForm202_Page/input__GrossSales2'

2023-02-08 17:15:01 - [TEST_STEP][PASSED] - setText(findTestObject("Object Repository/RAD_Pages/SAU_MDForm202_Page/input__TaxableSales2"), "100.00"): Text '100.00' is set on object 'Object Repository/RAD_Pages/SAU_MDForm202_Page/input__TaxableSales2'

2023-02-08 17:15:02 - [MESSAGE][PASSED] - Text '100.00' is set on object 'Object Repository/RAD_Pages/SAU_MDForm202_Page/input__TaxableSales2'

2023-02-08 17:15:02 - [TEST_STEP][PASSED] - setText(findTestObject("Object Repository/RAD_Pages/SAU_MDForm202_Page/input__TaxableSalesESD2"), "100.00"): Text '100.00' is set on object 'Object Repository/RAD_Pages/SAU_MDForm202_Page/input__TaxableSalesESD2'

2023-02-08 17:15:03 - [MESSAGE][PASSED] - Text '100.00' is set on object 'Object Repository/RAD_Pages/SAU_MDForm202_Page/input__TaxableSalesESD2'

2023-02-08 17:15:03 - [TEST_STEP][PASSED] - setText(findTestObject("Object Repository/RAD_Pages/SAU_MDForm202_Page/input__TaxableSalesVapingLiquid2"), "100.00"): Text '100.00' is set on object 'Object Repository/RAD_Pages/SAU_MDForm202_Page/input__TaxableSalesVapingLiquid2'

2023-02-08 17:15:04 - [MESSAGE][PASSED] - Text '100.00' is set on object 'Object Repository/RAD_Pages/SAU_MDForm202_Page/input__TaxableSalesVapingLiquid2'

2023-02-08 17:15:04 - [TEST_STEP][PASSED] - setText(findTestObject("Object Repository/RAD_Pages/SAU_MDForm202_Page/input__CarRental2"), "100.00"): Text '100.00' is set on object 'Object Repository/RAD_Pages/SAU_MDForm202_Page/input__CarRental2'

2023-02-08 17:15:04 - [MESSAGE][PASSED] - Text '100.00' is set on object 'Object Repository/RAD_Pages/SAU_MDForm202_Page/input__CarRental2'

2023-02-08 17:15:04 - [TEST_STEP][PASSED] - setText(findTestObject("Object Repository/RAD_Pages/SAU_MDForm202_Page/input__TruckRental2"), "100.00"): Text '100.00' is set on object 'Object Repository/RAD_Pages/SAU_MDForm202_Page/input__TruckRental2'

2023-02-08 17:15:05 - [MESSAGE][PASSED] - Text '100.00' is set on object 'Object Repository/RAD_Pages/SAU_MDForm202_Page/input__TruckRental2'

2023-02-08 17:15:05 - [TEST_STEP][PASSED] - setText(findTestObject("Object Repository/RAD_Pages/SAU_MDForm202_Page/input__AlcoholSales2"), "100.00"): Text '100.00' is set on object 'Object Repository/RAD_Pages/SAU_MDForm202_Page/input__AlcoholSales2'

2023-02-08 17:15:06 - [MESSAGE][PASSED] - Text '100.00' is set on object 'Object Repository/RAD_Pages/SAU_MDForm202_Page/input__AlcoholSales2'

2023-02-08 17:15:06 - [TEST_STEP][PASSED] - setText(findTestObject("Object Repository/RAD_Pages/SAU_MDForm202_Page/input__Purchases2"), "100.00"): Text '100.00' is set on object 'Object Repository/RAD_Pages/SAU_MDForm202_Page/input__Purchases2'

2023-02-08 17:15:08 - [MESSAGE][PASSED] - Text '100.00' is set on object 'Object Repository/RAD_Pages/SAU_MDForm202_Page/input__Purchases2'

2023-02-08 17:15:08 - [TEST_STEP][PASSED] - setText(findTestObject("Object Repository/RAD_Pages/SAU_MDForm202_Page/input__TruckRentalPurchases2"), "100.00"): Text '100.00' is set on object 'Object Repository/RAD_Pages/SAU_MDForm202_Page/input__TruckRentalPurchases2'

2023-02-08 17:15:08 - [MESSAGE][PASSED] - Text '100.00' is set on object 'Object Repository/RAD_Pages/SAU_MDForm202_Page/input__TruckRentalPurchases2'

2023-02-08 17:15:08 - [TEST_STEP][PASSED] - setText(findTestObject("Object Repository/RAD_Pages/SAU_MDForm202_Page/input__AlcoholPurchases2"), "100.00"): Text '100.00' is set on object 'Object Repository/RAD_Pages/SAU_MDForm202_Page/input__AlcoholPurchases2'

2023-02-08 17:15:09 - [MESSAGE][PASSED] - Text '100.00' is set on object 'Object Repository/RAD_Pages/SAU_MDForm202_Page/input__AlcoholPurchases2'

2023-02-08 17:15:09 - [TEST_STEP][PASSED] - setText(findTestObject("Object Repository/RAD_Pages/SAU_MDForm202_Page/input__CarRentalPurchases2"), "100.00"): Text '100.00' is set on object 'Object Repository/RAD_Pages/SAU_MDForm202_Page/input__CarRentalPurchases2'

2023-02-08 17:15:10 - [MESSAGE][PASSED] - Text '100.00' is set on object 'Object Repository/RAD_Pages/SAU_MDForm202_Page/input__CarRentalPurchases2'

2023-02-08 17:15:10 - [TEST_STEP][PASSED] - setText(findTestObject("Object Repository/RAD_Pages/SAU_MDForm202_Page/input__ESDPurchases2"), "100.00"): Text '100.00' is set on object 'Object Repository/RAD_Pages/SAU_MDForm202_Page/input__ESDPurchases2'

2023-02-08 17:15:11 - [MESSAGE][PASSED] - Text '100.00' is set on object 'Object Repository/RAD_Pages/SAU_MDForm202_Page/input__ESDPurchases2'

2023-02-08 17:15:11 - [TEST_STEP][PASSED] - setText(findTestObject("Object Repository/RAD_Pages/SAU_MDForm202_Page/input__VapingLiquidPurchases2"), "100.00"): Text '100.00' is set on object 'Object Repository/RAD_Pages/SAU_MDForm202_Page/input__VapingLiquidPurchases2'

2023-02-08 17:15:12 - [MESSAGE][PASSED] - Text '100.00' is set on object 'Object Repository/RAD_Pages/SAU_MDForm202_Page/input__VapingLiquidPurchases2'

2023-02-08 17:15:12 - [TEST_STEP][PASSED] - setText(findTestObject("Object Repository/RAD_Pages/SAU_MDForm202_Page/input__Refund2"), "100.00"): Text '100.00' is set on object 'Object Repository/RAD_Pages/SAU_MDForm202_Page/input__Refund2'

2023-02-08 17:15:13 - [MESSAGE][PASSED] - Text '100.00' is set on object 'Object Repository/RAD_Pages/SAU_MDForm202_Page/input__Refund2'

2023-02-08 17:15:13 - [TEST_STEP][PASSED] - setText(findTestObject("Object Repository/RAD_Pages/SAU_MDForm202_Page/input__PenaltyInterest2"), "100.00"): Text '100.00' is set on object 'Object Repository/RAD_Pages/SAU_MDForm202_Page/input__PenaltyInterest2'

2023-02-08 17:15:14 - [MESSAGE][PASSED] - Text '100.00' is set on object 'Object Repository/RAD_Pages/SAU_MDForm202_Page/input__PenaltyInterest2'

2023-02-08 17:15:14 - [TEST_STEP][PASSED] - setText(findTestObject("Object Repository/RAD_Pages/SAU_MDForm202_Page/input__E911Fee2"), "95.00"): Text '95.00' is set on object 'Object Repository/RAD_Pages/SAU_MDForm202_Page/input__E911Fee2'

2023-02-08 17:15:15 - [MESSAGE][PASSED] - Text '95.00' is set on object 'Object Repository/RAD_Pages/SAU_MDForm202_Page/input__E911Fee2'

2023-02-08 17:15:15 - [TEST_STEP][PASSED] - scrollToElement(findTestObject("Object Repository/RAD_Pages/SAU_MDForm202_Page/button_Continue"), 3): Scroll to object 'Object Repository/RAD_Pages/SAU_MDForm202_Page/button_Continue' successfully

2023-02-08 17:15:16 - [MESSAGE][PASSED] - Scroll to object 'Object Repository/RAD_Pages/SAU_MDForm202_Page/button_Continue' successfully

2023-02-08 17:15:16 - [TEST_STEP][PASSED] - waitForElementClickable(findTestObject("Object Repository/RAD_Pages/SAU_MDForm202_Page/button_Continue"), 5): Object 'Object Repository/RAD_Pages/SAU_MDForm202_Page/button_Continue' is clickable

2023-02-08 17:15:16 - [MESSAGE][PASSED] - Object 'Object Repository/RAD_Pages/SAU_MDForm202_Page/button_Continue' is clickable

2023-02-08 17:15:16 - [TEST_STEP][PASSED] - click(findTestObject("Object Repository/RAD_Pages/SAU_MDForm202_Page/button_Continue")): Object: 'Object Repository/RAD_Pages/SAU_MDForm202_Page/button_Continue' is clicked on

2023-02-08 17:15:16 - [MESSAGE][PASSED] - Object: 'Object Repository/RAD_Pages/SAU_MDForm202_Page/button_Continue' is clicked on

2023-02-08 17:15:16 - [TEST_STEP][PASSED] - click(findTestObject("Object Repository/RAD_Pages/SAU_MDForm202_Page/button_Proceed to Payment")): Object: 'Object Repository/RAD_Pages/SAU_MDForm202_Page/button_Proceed to Payment' is clicked on

2023-02-08 17:15:18 - [MESSAGE][PASSED] - Object: 'Object Repository/RAD_Pages/SAU_MDForm202_Page/button_Proceed to Payment' is clicked on

2023-02-08 17:15:18 - [TEST_STEP][PASSED] - setText(findTestObject("Object Repository/RAD_Pages/SAU_MDForm202_Page/input__cardNumber"), "4111111111111111"): Text '4111111111111111' is set on object 'Object Repository/RAD_Pages/SAU_MDForm202_Page/input__cardNumber'

2023-02-08 17:15:19 - [MESSAGE][PASSED] - Text '4111111111111111' is set on object 'Object Repository/RAD_Pages/SAU_MDForm202_Page/input__cardNumber'

2023-02-08 17:15:19 - [TEST_STEP][PASSED] - setText(findTestObject("Object Repository/RAD_Pages/SAU_MDForm202_Page/input__spc"), "123"): Text '123' is set on object 'Object Repository/RAD_Pages/SAU_MDForm202_Page/input__spc'

2023-02-08 17:15:20 - [MESSAGE][PASSED] - Text '123' is set on object 'Object Repository/RAD_Pages/SAU_MDForm202_Page/input__spc'

2023-02-08 17:15:20 - [TEST_STEP][PASSED] - selectOptionByValue(findTestObject("Object Repository/RAD_Pages/SAU_MDForm202_Page/select_MM010203040506070809101112"), "12", true): All options with value '12' are selected in object 'Object Repository/RAD_Pages/SAU_MDForm202_Page/select_MM010203040506070809101112'  using regular expression

2023-02-08 17:15:22 - [MESSAGE][PASSED] - All options with value '12' are selected in object 'Object Repository/RAD_Pages/SAU_MDForm202_Page/select_MM010203040506070809101112'  using regular expression

2023-02-08 17:15:22 - [TEST_STEP][PASSED] - selectOptionByValue(findTestObject("Object Repository/RAD_Pages/SAU_MDForm202_Page/select_YYYY20212022202320242025202620272028_8c4dd4"), "2025", true): All options with value '2025' are selected in object 'Object Repository/RAD_Pages/SAU_MDForm202_Page/select_YYYY20212022202320242025202620272028_8c4dd4'  using regular expression

2023-02-08 17:15:23 - [MESSAGE][PASSED] - All options with value '2025' are selected in object 'Object Repository/RAD_Pages/SAU_MDForm202_Page/select_YYYY20212022202320242025202620272028_8c4dd4'  using regular expression

2023-02-08 17:15:23 - [TEST_STEP][PASSED] - click(findTestObject("Object Repository/RAD_Pages/SAU_MDForm202_Page/input_BillInvoice Details_ccSubmit")): Object: 'Object Repository/RAD_Pages/SAU_MDForm202_Page/input_BillInvoice Details_ccSubmit' is clicked on

2023-02-08 17:15:24 - [MESSAGE][PASSED] - Object: 'Object Repository/RAD_Pages/SAU_MDForm202_Page/input_BillInvoice Details_ccSubmit' is clicked on

2023-02-08 17:15:24 - [TEST_STEP][PASSED] - click(findTestObject("Object Repository/RAD_Pages/SAU_MDForm202_Page/input_233.40_confirmNotifyAction")): Object: 'Object Repository/RAD_Pages/SAU_MDForm202_Page/input_233.40_confirmNotifyAction' is clicked on

2023-02-08 17:15:25 - [MESSAGE][PASSED] - Object: 'Object Repository/RAD_Pages/SAU_MDForm202_Page/input_233.40_confirmNotifyAction' is clicked on

2023-02-08 17:15:25 - [TEST_STEP][PASSED] - click(findTestObject("Object Repository/RAD_Pages/SAU_MDForm202_Page/input_239.12_convFeeNotifyAction")): Object: 'Object Repository/RAD_Pages/SAU_MDForm202_Page/input_239.12_convFeeNotifyAction' is clicked on

2023-02-08 17:15:26 - [MESSAGE][PASSED] - Object: 'Object Repository/RAD_Pages/SAU_MDForm202_Page/input_239.12_convFeeNotifyAction' is clicked on

2023-02-08 17:15:26 - [TEST_STEP][PASSED] - delay(10): Delayed 10 second(s)

2023-02-08 17:15:36 - [MESSAGE][PASSED] - Delayed 10 second(s)

2023-02-08 17:15:36 - [TEST_STEP][PASSED] - verifyTextPresent("Successful Payment Receipt", true): Text 'Successful Payment Receipt' is present on page  using regular expression

2023-02-08 17:15:37 - [MESSAGE][PASSED] - Text 'Successful Payment Receipt' is present on page  using regular expression

2023-02-08 17:15:37 - [TEST_STEP][PASSED] - closeBrowser(): Browser is closed

2023-02-08 17:15:38 - [MESSAGE][PASSED] - Browser is closed]]></system-out>
         <system-err><![CDATA[]]></system-err>
      </testcase>
      <testcase name="Test Cases/RAD_TestCases/PaymentsHardCoded/SAU_MDForm202F_AfterJuly2021_MarketplaceFacilitator_HC_TC" time="68.285" classname="Test Cases/RAD_TestCases/PaymentsHardCoded/SAU_MDForm202F_AfterJuly2021_MarketplaceFacilitator_HC_TC" status="PASSED">
         <system-out><![CDATA[2023-02-08 17:15:38 - [TEST_CASE][PASSED] - Test Cases/RAD_TestCases/PaymentsHardCoded/SAU_MDForm202F_AfterJuly2021_MarketplaceFacilitator_HC_TC: Test Cases/RAD_TestCases/PaymentsHardCoded/SAU_MDForm202F_AfterJuly2021_MarketplaceFacilitator_HC_TC

2023-02-08 17:15:38 - [TEST_STEP][PASSED] - openBrowser(""): Browser is opened with url: ''

2023-02-08 17:15:38 - [MESSAGE][INFO] - Starting 'Chrome' driver

2023-02-08 17:15:38 - [MESSAGE][INFO] - User set preference: ['acceptInsecureCerts', 'true']

2023-02-08 17:15:38 - [MESSAGE][INFO] - Action delay is set to 0 milliseconds

2023-02-08 17:15:40 - [MESSAGE][PASSED] - Browser is opened with url: ''

2023-02-08 17:15:40 - [TEST_STEP][PASSED] - navigateToUrl("https://qa.velocitypayment.com/client/rad/index.html"): Navigate to 'https://qa.velocitypayment.com/client/rad/index.html' successfully

2023-02-08 17:15:41 - [MESSAGE][PASSED] - Navigate to 'https://qa.velocitypayment.com/client/rad/index.html' successfully

2023-02-08 17:15:41 - [TEST_STEP][PASSED] - maximizeWindow(): Current window maximized

2023-02-08 17:15:41 - [MESSAGE][PASSED] - Current window maximized

2023-02-08 17:15:41 - [TEST_STEP][PASSED] - selectOptionByValue(findTestObject("Object Repository/RAD_Pages/SAU_MDForm202F_MF_AfterJuly2021_Page/select_Select    Estimated Tax    Personal _7587a1"), "5", true): All options with value '5' are selected in object 'Object Repository/RAD_Pages/SAU_MDForm202F_MF_AfterJuly2021_Page/select_Select    Estimated Tax    Personal _7587a1'  using regular expression

2023-02-08 17:15:43 - [MESSAGE][PASSED] - All options with value '5' are selected in object 'Object Repository/RAD_Pages/SAU_MDForm202F_MF_AfterJuly2021_Page/select_Select    Estimated Tax    Personal _7587a1'  using regular expression

2023-02-08 17:15:43 - [TEST_STEP][PASSED] - selectOptionByValue(findTestObject("Object Repository/RAD_Pages/SAU_MDForm202F_MF_AfterJuly2021_Page/select_Select202220212020"), "2021", true): All options with value '2021' are selected in object 'Object Repository/RAD_Pages/SAU_MDForm202F_MF_AfterJuly2021_Page/select_Select202220212020'  using regular expression

2023-02-08 17:15:44 - [MESSAGE][PASSED] - All options with value '2021' are selected in object 'Object Repository/RAD_Pages/SAU_MDForm202F_MF_AfterJuly2021_Page/select_Select202220212020'  using regular expression

2023-02-08 17:15:44 - [TEST_STEP][PASSED] - selectOptionByValue(findTestObject("Object Repository/RAD_Pages/SAU_MDForm202F_MF_AfterJuly2021_Page/select_MonthJanuaryFebruaryMarchAprilMayJun_aa9ebb"), "08", true): All options with value '08' are selected in object 'Object Repository/RAD_Pages/SAU_MDForm202F_MF_AfterJuly2021_Page/select_MonthJanuaryFebruaryMarchAprilMayJun_aa9ebb'  using regular expression

2023-02-08 17:15:46 - [MESSAGE][PASSED] - All options with value '08' are selected in object 'Object Repository/RAD_Pages/SAU_MDForm202F_MF_AfterJuly2021_Page/select_MonthJanuaryFebruaryMarchAprilMayJun_aa9ebb'  using regular expression

2023-02-08 17:15:46 - [TEST_STEP][PASSED] - setText(findTestObject("Object Repository/RAD_Pages/SAU_MDForm202F_MF_AfterJuly2021_Page/input_Note_businessName"), "Broken Glass, LLC"): Text 'Broken Glass, LLC' is set on object 'Object Repository/RAD_Pages/SAU_MDForm202F_MF_AfterJuly2021_Page/input_Note_businessName'

2023-02-08 17:15:46 - [MESSAGE][PASSED] - Text 'Broken Glass, LLC' is set on object 'Object Repository/RAD_Pages/SAU_MDForm202F_MF_AfterJuly2021_Page/input_Note_businessName'

2023-02-08 17:15:46 - [TEST_STEP][PASSED] - setText(findTestObject("Object Repository/RAD_Pages/SAU_MDForm202F_MF_AfterJuly2021_Page/input_Enter business name_firstName"), "Andy"): Text 'Andy' is set on object 'Object Repository/RAD_Pages/SAU_MDForm202F_MF_AfterJuly2021_Page/input_Enter business name_firstName'

2023-02-08 17:15:47 - [MESSAGE][PASSED] - Text 'Andy' is set on object 'Object Repository/RAD_Pages/SAU_MDForm202F_MF_AfterJuly2021_Page/input_Enter business name_firstName'

2023-02-08 17:15:47 - [TEST_STEP][PASSED] - setText(findTestObject("Object Repository/RAD_Pages/SAU_MDForm202F_MF_AfterJuly2021_Page/input_Enter first name_middleName"), "Lament"): Text 'Lament' is set on object 'Object Repository/RAD_Pages/SAU_MDForm202F_MF_AfterJuly2021_Page/input_Enter first name_middleName'

2023-02-08 17:15:48 - [MESSAGE][PASSED] - Text 'Lament' is set on object 'Object Repository/RAD_Pages/SAU_MDForm202F_MF_AfterJuly2021_Page/input_Enter first name_middleName'

2023-02-08 17:15:48 - [TEST_STEP][PASSED] - setText(findTestObject("Object Repository/RAD_Pages/SAU_MDForm202F_MF_AfterJuly2021_Page/input_Middle Name_lastName"), "Mohl"): Text 'Mohl' is set on object 'Object Repository/RAD_Pages/SAU_MDForm202F_MF_AfterJuly2021_Page/input_Middle Name_lastName'

2023-02-08 17:15:49 - [MESSAGE][PASSED] - Text 'Mohl' is set on object 'Object Repository/RAD_Pages/SAU_MDForm202F_MF_AfterJuly2021_Page/input_Middle Name_lastName'

2023-02-08 17:15:49 - [TEST_STEP][PASSED] - setText(findTestObject("Object Repository/RAD_Pages/SAU_MDForm202F_MF_AfterJuly2021_Page/input_Enter last name_suffix"), "Jr"): Text 'Jr' is set on object 'Object Repository/RAD_Pages/SAU_MDForm202F_MF_AfterJuly2021_Page/input_Enter last name_suffix'

2023-02-08 17:15:50 - [MESSAGE][PASSED] - Text 'Jr' is set on object 'Object Repository/RAD_Pages/SAU_MDForm202F_MF_AfterJuly2021_Page/input_Enter last name_suffix'

2023-02-08 17:15:50 - [TEST_STEP][PASSED] - setText(findTestObject("Object Repository/RAD_Pages/SAU_MDForm202F_MF_AfterJuly2021_Page/input_Select a country_streetAddress1"), "147 Elm St"): Text '147 Elm St' is set on object 'Object Repository/RAD_Pages/SAU_MDForm202F_MF_AfterJuly2021_Page/input_Select a country_streetAddress1'

2023-02-08 17:15:51 - [MESSAGE][PASSED] - Text '147 Elm St' is set on object 'Object Repository/RAD_Pages/SAU_MDForm202F_MF_AfterJuly2021_Page/input_Select a country_streetAddress1'

2023-02-08 17:15:51 - [TEST_STEP][PASSED] - setText(findTestObject("Object Repository/RAD_Pages/SAU_MDForm202F_MF_AfterJuly2021_Page/input_Enter address_streetAddress2"), "Room 147"): Text 'Room 147' is set on object 'Object Repository/RAD_Pages/SAU_MDForm202F_MF_AfterJuly2021_Page/input_Enter address_streetAddress2'

2023-02-08 17:15:52 - [MESSAGE][PASSED] - Text 'Room 147' is set on object 'Object Repository/RAD_Pages/SAU_MDForm202F_MF_AfterJuly2021_Page/input_Enter address_streetAddress2'

2023-02-08 17:15:52 - [TEST_STEP][PASSED] - setText(findTestObject("Object Repository/RAD_Pages/SAU_MDForm202F_MF_AfterJuly2021_Page/input_Street Address 2_city"), "Lutherville Timonium"): Text 'Lutherville Timonium' is set on object 'Object Repository/RAD_Pages/SAU_MDForm202F_MF_AfterJuly2021_Page/input_Street Address 2_city'

2023-02-08 17:15:53 - [MESSAGE][PASSED] - Text 'Lutherville Timonium' is set on object 'Object Repository/RAD_Pages/SAU_MDForm202F_MF_AfterJuly2021_Page/input_Street Address 2_city'

2023-02-08 17:15:53 - [TEST_STEP][PASSED] - selectOptionByValue(findTestObject("Object Repository/RAD_Pages/SAU_MDForm202F_MF_AfterJuly2021_Page/select_SelectAlabamaAlaskaArizonaArkansasCa_90914a"), "MD", true): All options with value 'MD' are selected in object 'Object Repository/RAD_Pages/SAU_MDForm202F_MF_AfterJuly2021_Page/select_SelectAlabamaAlaskaArizonaArkansasCa_90914a'  using regular expression

2023-02-08 17:15:55 - [MESSAGE][PASSED] - All options with value 'MD' are selected in object 'Object Repository/RAD_Pages/SAU_MDForm202F_MF_AfterJuly2021_Page/select_SelectAlabamaAlaskaArizonaArkansasCa_90914a'  using regular expression

2023-02-08 17:15:55 - [TEST_STEP][PASSED] - setText(findTestObject("Object Repository/RAD_Pages/SAU_MDForm202F_MF_AfterJuly2021_Page/input_Select a state_zipCode"), "21030"): Text '21030' is set on object 'Object Repository/RAD_Pages/SAU_MDForm202F_MF_AfterJuly2021_Page/input_Select a state_zipCode'

2023-02-08 17:15:56 - [MESSAGE][PASSED] - Text '21030' is set on object 'Object Repository/RAD_Pages/SAU_MDForm202F_MF_AfterJuly2021_Page/input_Select a state_zipCode'

2023-02-08 17:15:56 - [TEST_STEP][PASSED] - setText(findTestObject("Object Repository/RAD_Pages/SAU_MDForm202F_MF_AfterJuly2021_Page/input_Enter ZIP code_phoneNumber"), "(703) 894-5000"): Text '(703) 894-5000' is set on object 'Object Repository/RAD_Pages/SAU_MDForm202F_MF_AfterJuly2021_Page/input_Enter ZIP code_phoneNumber'

2023-02-08 17:15:57 - [MESSAGE][PASSED] - Text '(703) 894-5000' is set on object 'Object Repository/RAD_Pages/SAU_MDForm202F_MF_AfterJuly2021_Page/input_Enter ZIP code_phoneNumber'

2023-02-08 17:15:57 - [TEST_STEP][PASSED] - setText(findTestObject("Object Repository/RAD_Pages/SAU_MDForm202F_MF_AfterJuly2021_Page/input_Enter a phone number_eMailAddress"), "iahmed@govolution.com"): Text 'iahmed@govolution.com' is set on object 'Object Repository/RAD_Pages/SAU_MDForm202F_MF_AfterJuly2021_Page/input_Enter a phone number_eMailAddress'

2023-02-08 17:15:58 - [MESSAGE][PASSED] - Text 'iahmed@govolution.com' is set on object 'Object Repository/RAD_Pages/SAU_MDForm202F_MF_AfterJuly2021_Page/input_Enter a phone number_eMailAddress'

2023-02-08 17:15:58 - [TEST_STEP][PASSED] - setText(findTestObject("Object Repository/RAD_Pages/SAU_MDForm202F_MF_AfterJuly2021_Page/input_Enter Email_reEnterEMailAddress"), "iahmed@govolution.com"): Text 'iahmed@govolution.com' is set on object 'Object Repository/RAD_Pages/SAU_MDForm202F_MF_AfterJuly2021_Page/input_Enter Email_reEnterEMailAddress'

2023-02-08 17:15:59 - [MESSAGE][PASSED] - Text 'iahmed@govolution.com' is set on object 'Object Repository/RAD_Pages/SAU_MDForm202F_MF_AfterJuly2021_Page/input_Enter Email_reEnterEMailAddress'

2023-02-08 17:15:59 - [TEST_STEP][PASSED] - setEncryptedText(findTestObject("Object Repository/RAD_Pages/TaxInfo_Page/input_FederalEIN"), "0fDtEjy4ijeV75Gl5M+mSg=="): Text ****** has been set on object 'Object Repository/RAD_Pages/TaxInfo_Page/input_FederalEIN'

2023-02-08 17:15:59 - [MESSAGE][PASSED] - Text ****** has been set on object 'Object Repository/RAD_Pages/TaxInfo_Page/input_FederalEIN'

2023-02-08 17:15:59 - [TEST_STEP][PASSED] - setEncryptedText(findTestObject("Object Repository/RAD_Pages/TaxInfo_Page/input_FederalEIN_ReEnter"), "0fDtEjy4ijeV75Gl5M+mSg=="): Text ****** has been set on object 'Object Repository/RAD_Pages/TaxInfo_Page/input_FederalEIN_ReEnter'

2023-02-08 17:16:00 - [MESSAGE][PASSED] - Text ****** has been set on object 'Object Repository/RAD_Pages/TaxInfo_Page/input_FederalEIN_ReEnter'

2023-02-08 17:16:00 - [TEST_STEP][PASSED] - setText(findTestObject("Object Repository/RAD_Pages/TaxInfo_Page/input_MDCRegistration"), "07640126"): Text '07640126' is set on object 'Object Repository/RAD_Pages/TaxInfo_Page/input_MDCRegistration'

2023-02-08 17:16:00 - [MESSAGE][PASSED] - Text '07640126' is set on object 'Object Repository/RAD_Pages/TaxInfo_Page/input_MDCRegistration'

2023-02-08 17:16:00 - [TEST_STEP][PASSED] - setText(findTestObject("Object Repository/RAD_Pages/SAU_MDForm202F_MF_AfterJuly2021_Page/input__GrossSales2"), "3000.00"): Text '3000.00' is set on object 'Object Repository/RAD_Pages/SAU_MDForm202F_MF_AfterJuly2021_Page/input__GrossSales2'

2023-02-08 17:16:01 - [MESSAGE][PASSED] - Text '3000.00' is set on object 'Object Repository/RAD_Pages/SAU_MDForm202F_MF_AfterJuly2021_Page/input__GrossSales2'

2023-02-08 17:16:01 - [TEST_STEP][PASSED] - click(findTestObject("Object Repository/RAD_Pages/SAU_MDForm202F_MF_AfterJuly2021_Page/input_Sales Tax Return Information_Marketpl_2444a2")): Object: 'Object Repository/RAD_Pages/SAU_MDForm202F_MF_AfterJuly2021_Page/input_Sales Tax Return Information_Marketpl_2444a2' is clicked on

2023-02-08 17:16:02 - [MESSAGE][PASSED] - Object: 'Object Repository/RAD_Pages/SAU_MDForm202F_MF_AfterJuly2021_Page/input_Sales Tax Return Information_Marketpl_2444a2' is clicked on

2023-02-08 17:16:02 - [TEST_STEP][PASSED] - setText(findTestObject("Object Repository/RAD_Pages/SAU_MDForm202F_MF_AfterJuly2021_Page/input__FacGrossSales2"), "3000.00"): Text '3000.00' is set on object 'Object Repository/RAD_Pages/SAU_MDForm202F_MF_AfterJuly2021_Page/input__FacGrossSales2'

2023-02-08 17:16:03 - [MESSAGE][PASSED] - Text '3000.00' is set on object 'Object Repository/RAD_Pages/SAU_MDForm202F_MF_AfterJuly2021_Page/input__FacGrossSales2'

2023-02-08 17:16:03 - [TEST_STEP][PASSED] - setText(findTestObject("Object Repository/RAD_Pages/SAU_MDForm202F_MF_AfterJuly2021_Page/input__FacTaxableSales2"), "100.00"): Text '100.00' is set on object 'Object Repository/RAD_Pages/SAU_MDForm202F_MF_AfterJuly2021_Page/input__FacTaxableSales2'

2023-02-08 17:16:04 - [MESSAGE][PASSED] - Text '100.00' is set on object 'Object Repository/RAD_Pages/SAU_MDForm202F_MF_AfterJuly2021_Page/input__FacTaxableSales2'

2023-02-08 17:16:04 - [TEST_STEP][PASSED] - setText(findTestObject("Object Repository/RAD_Pages/SAU_MDForm202F_MF_AfterJuly2021_Page/input__FacSalesDigitalProduct2"), "100.00"): Text '100.00' is set on object 'Object Repository/RAD_Pages/SAU_MDForm202F_MF_AfterJuly2021_Page/input__FacSalesDigitalProduct2'

2023-02-08 17:16:04 - [MESSAGE][PASSED] - Text '100.00' is set on object 'Object Repository/RAD_Pages/SAU_MDForm202F_MF_AfterJuly2021_Page/input__FacSalesDigitalProduct2'

2023-02-08 17:16:04 - [TEST_STEP][PASSED] - setText(findTestObject("Object Repository/RAD_Pages/SAU_MDForm202F_MF_AfterJuly2021_Page/input__FacTaxableSalesESD2"), "100.00"): Text '100.00' is set on object 'Object Repository/RAD_Pages/SAU_MDForm202F_MF_AfterJuly2021_Page/input__FacTaxableSalesESD2'

2023-02-08 17:16:05 - [MESSAGE][PASSED] - Text '100.00' is set on object 'Object Repository/RAD_Pages/SAU_MDForm202F_MF_AfterJuly2021_Page/input__FacTaxableSalesESD2'

2023-02-08 17:16:05 - [TEST_STEP][PASSED] - setText(findTestObject("Object Repository/RAD_Pages/SAU_MDForm202F_MF_AfterJuly2021_Page/input__FacTaxableSalesVapingLiquid2"), "100.00"): Text '100.00' is set on object 'Object Repository/RAD_Pages/SAU_MDForm202F_MF_AfterJuly2021_Page/input__FacTaxableSalesVapingLiquid2'

2023-02-08 17:16:06 - [MESSAGE][PASSED] - Text '100.00' is set on object 'Object Repository/RAD_Pages/SAU_MDForm202F_MF_AfterJuly2021_Page/input__FacTaxableSalesVapingLiquid2'

2023-02-08 17:16:06 - [TEST_STEP][PASSED] - setText(findTestObject("Object Repository/RAD_Pages/SAU_MDForm202F_MF_AfterJuly2021_Page/input__FacCarRental2"), "100.00"): Text '100.00' is set on object 'Object Repository/RAD_Pages/SAU_MDForm202F_MF_AfterJuly2021_Page/input__FacCarRental2'

2023-02-08 17:16:07 - [MESSAGE][PASSED] - Text '100.00' is set on object 'Object Repository/RAD_Pages/SAU_MDForm202F_MF_AfterJuly2021_Page/input__FacCarRental2'

2023-02-08 17:16:07 - [TEST_STEP][PASSED] - setText(findTestObject("Object Repository/RAD_Pages/SAU_MDForm202F_MF_AfterJuly2021_Page/input__FacTruckRental2"), "100.00"): Text '100.00' is set on object 'Object Repository/RAD_Pages/SAU_MDForm202F_MF_AfterJuly2021_Page/input__FacTruckRental2'

2023-02-08 17:16:08 - [MESSAGE][PASSED] - Text '100.00' is set on object 'Object Repository/RAD_Pages/SAU_MDForm202F_MF_AfterJuly2021_Page/input__FacTruckRental2'

2023-02-08 17:16:08 - [TEST_STEP][PASSED] - setText(findTestObject("Object Repository/RAD_Pages/SAU_MDForm202F_MF_AfterJuly2021_Page/input__FacAlcoholSales2"), "100.00"): Text '100.00' is set on object 'Object Repository/RAD_Pages/SAU_MDForm202F_MF_AfterJuly2021_Page/input__FacAlcoholSales2'

2023-02-08 17:16:09 - [MESSAGE][PASSED] - Text '100.00' is set on object 'Object Repository/RAD_Pages/SAU_MDForm202F_MF_AfterJuly2021_Page/input__FacAlcoholSales2'

2023-02-08 17:16:09 - [TEST_STEP][PASSED] - setText(findTestObject("Object Repository/RAD_Pages/SAU_MDForm202F_MF_AfterJuly2021_Page/input__GrossSales2"), "3000.00"): Text '3000.00' is set on object 'Object Repository/RAD_Pages/SAU_MDForm202F_MF_AfterJuly2021_Page/input__GrossSales2'

2023-02-08 17:16:10 - [MESSAGE][PASSED] - Text '3000.00' is set on object 'Object Repository/RAD_Pages/SAU_MDForm202F_MF_AfterJuly2021_Page/input__GrossSales2'

2023-02-08 17:16:10 - [TEST_STEP][PASSED] - setText(findTestObject("Object Repository/RAD_Pages/SAU_MDForm202F_MF_AfterJuly2021_Page/input__TaxableSales2"), "100.00"): Text '100.00' is set on object 'Object Repository/RAD_Pages/SAU_MDForm202F_MF_AfterJuly2021_Page/input__TaxableSales2'

2023-02-08 17:16:11 - [MESSAGE][PASSED] - Text '100.00' is set on object 'Object Repository/RAD_Pages/SAU_MDForm202F_MF_AfterJuly2021_Page/input__TaxableSales2'

2023-02-08 17:16:11 - [TEST_STEP][PASSED] - setText(findTestObject("Object Repository/RAD_Pages/SAU_MDForm202F_MF_AfterJuly2021_Page/input__TaxableSalesDigitalProduct2"), "100.00"): Text '100.00' is set on object 'Object Repository/RAD_Pages/SAU_MDForm202F_MF_AfterJuly2021_Page/input__TaxableSalesDigitalProduct2'

2023-02-08 17:16:12 - [MESSAGE][PASSED] - Text '100.00' is set on object 'Object Repository/RAD_Pages/SAU_MDForm202F_MF_AfterJuly2021_Page/input__TaxableSalesDigitalProduct2'

2023-02-08 17:16:12 - [TEST_STEP][PASSED] - setText(findTestObject("Object Repository/RAD_Pages/SAU_MDForm202F_MF_AfterJuly2021_Page/input__TaxableSalesESD2"), "100.00"): Text '100.00' is set on object 'Object Repository/RAD_Pages/SAU_MDForm202F_MF_AfterJuly2021_Page/input__TaxableSalesESD2'

2023-02-08 17:16:13 - [MESSAGE][PASSED] - Text '100.00' is set on object 'Object Repository/RAD_Pages/SAU_MDForm202F_MF_AfterJuly2021_Page/input__TaxableSalesESD2'

2023-02-08 17:16:13 - [TEST_STEP][PASSED] - setText(findTestObject("Object Repository/RAD_Pages/SAU_MDForm202F_MF_AfterJuly2021_Page/input__TaxableSalesVapingLiquid2"), "100.00"): Text '100.00' is set on object 'Object Repository/RAD_Pages/SAU_MDForm202F_MF_AfterJuly2021_Page/input__TaxableSalesVapingLiquid2'

2023-02-08 17:16:13 - [MESSAGE][PASSED] - Text '100.00' is set on object 'Object Repository/RAD_Pages/SAU_MDForm202F_MF_AfterJuly2021_Page/input__TaxableSalesVapingLiquid2'

2023-02-08 17:16:13 - [TEST_STEP][PASSED] - setText(findTestObject("Object Repository/RAD_Pages/SAU_MDForm202F_MF_AfterJuly2021_Page/input__CarRental2"), "100.00"): Text '100.00' is set on object 'Object Repository/RAD_Pages/SAU_MDForm202F_MF_AfterJuly2021_Page/input__CarRental2'

2023-02-08 17:16:14 - [MESSAGE][PASSED] - Text '100.00' is set on object 'Object Repository/RAD_Pages/SAU_MDForm202F_MF_AfterJuly2021_Page/input__CarRental2'

2023-02-08 17:16:14 - [TEST_STEP][PASSED] - setText(findTestObject("Object Repository/RAD_Pages/SAU_MDForm202F_MF_AfterJuly2021_Page/input__TruckRental2"), "100.00"): Text '100.00' is set on object 'Object Repository/RAD_Pages/SAU_MDForm202F_MF_AfterJuly2021_Page/input__TruckRental2'

2023-02-08 17:16:15 - [MESSAGE][PASSED] - Text '100.00' is set on object 'Object Repository/RAD_Pages/SAU_MDForm202F_MF_AfterJuly2021_Page/input__TruckRental2'

2023-02-08 17:16:15 - [TEST_STEP][PASSED] - setText(findTestObject("Object Repository/RAD_Pages/SAU_MDForm202F_MF_AfterJuly2021_Page/input__AlcoholSales2"), "100.00"): Text '100.00' is set on object 'Object Repository/RAD_Pages/SAU_MDForm202F_MF_AfterJuly2021_Page/input__AlcoholSales2'

2023-02-08 17:16:16 - [MESSAGE][PASSED] - Text '100.00' is set on object 'Object Repository/RAD_Pages/SAU_MDForm202F_MF_AfterJuly2021_Page/input__AlcoholSales2'

2023-02-08 17:16:16 - [TEST_STEP][PASSED] - setText(findTestObject("Object Repository/RAD_Pages/SAU_MDForm202F_MF_AfterJuly2021_Page/input__Purchases2"), "100.00"): Text '100.00' is set on object 'Object Repository/RAD_Pages/SAU_MDForm202F_MF_AfterJuly2021_Page/input__Purchases2'

2023-02-08 17:16:17 - [MESSAGE][PASSED] - Text '100.00' is set on object 'Object Repository/RAD_Pages/SAU_MDForm202F_MF_AfterJuly2021_Page/input__Purchases2'

2023-02-08 17:16:17 - [TEST_STEP][PASSED] - setText(findTestObject("Object Repository/RAD_Pages/SAU_MDForm202F_MF_AfterJuly2021_Page/input__TruckRentalPurchases2"), "100.00"): Text '100.00' is set on object 'Object Repository/RAD_Pages/SAU_MDForm202F_MF_AfterJuly2021_Page/input__TruckRentalPurchases2'

2023-02-08 17:16:18 - [MESSAGE][PASSED] - Text '100.00' is set on object 'Object Repository/RAD_Pages/SAU_MDForm202F_MF_AfterJuly2021_Page/input__TruckRentalPurchases2'

2023-02-08 17:16:18 - [TEST_STEP][PASSED] - setText(findTestObject("Object Repository/RAD_Pages/SAU_MDForm202F_MF_AfterJuly2021_Page/input__AlcoholPurchases2"), "100.00"): Text '100.00' is set on object 'Object Repository/RAD_Pages/SAU_MDForm202F_MF_AfterJuly2021_Page/input__AlcoholPurchases2'

2023-02-08 17:16:19 - [MESSAGE][PASSED] - Text '100.00' is set on object 'Object Repository/RAD_Pages/SAU_MDForm202F_MF_AfterJuly2021_Page/input__AlcoholPurchases2'

2023-02-08 17:16:19 - [TEST_STEP][PASSED] - setText(findTestObject("Object Repository/RAD_Pages/SAU_MDForm202F_MF_AfterJuly2021_Page/input__CarRentalPurchases2"), "100.00"): Text '100.00' is set on object 'Object Repository/RAD_Pages/SAU_MDForm202F_MF_AfterJuly2021_Page/input__CarRentalPurchases2'

2023-02-08 17:16:20 - [MESSAGE][PASSED] - Text '100.00' is set on object 'Object Repository/RAD_Pages/SAU_MDForm202F_MF_AfterJuly2021_Page/input__CarRentalPurchases2'

2023-02-08 17:16:20 - [TEST_STEP][PASSED] - setText(findTestObject("Object Repository/RAD_Pages/SAU_MDForm202F_MF_AfterJuly2021_Page/input__ESDPurchases2"), "100.00"): Text '100.00' is set on object 'Object Repository/RAD_Pages/SAU_MDForm202F_MF_AfterJuly2021_Page/input__ESDPurchases2'

2023-02-08 17:16:20 - [MESSAGE][PASSED] - Text '100.00' is set on object 'Object Repository/RAD_Pages/SAU_MDForm202F_MF_AfterJuly2021_Page/input__ESDPurchases2'

2023-02-08 17:16:20 - [TEST_STEP][PASSED] - setText(findTestObject("Object Repository/RAD_Pages/SAU_MDForm202F_MF_AfterJuly2021_Page/input__VapingLiquidPurchases2"), "100.00"): Text '100.00' is set on object 'Object Repository/RAD_Pages/SAU_MDForm202F_MF_AfterJuly2021_Page/input__VapingLiquidPurchases2'

2023-02-08 17:16:21 - [MESSAGE][PASSED] - Text '100.00' is set on object 'Object Repository/RAD_Pages/SAU_MDForm202F_MF_AfterJuly2021_Page/input__VapingLiquidPurchases2'

2023-02-08 17:16:21 - [TEST_STEP][PASSED] - setText(findTestObject("Object Repository/RAD_Pages/SAU_MDForm202F_MF_AfterJuly2021_Page/input__Refund2"), "100.00"): Text '100.00' is set on object 'Object Repository/RAD_Pages/SAU_MDForm202F_MF_AfterJuly2021_Page/input__Refund2'

2023-02-08 17:16:22 - [MESSAGE][PASSED] - Text '100.00' is set on object 'Object Repository/RAD_Pages/SAU_MDForm202F_MF_AfterJuly2021_Page/input__Refund2'

2023-02-08 17:16:22 - [TEST_STEP][PASSED] - setText(findTestObject("Object Repository/RAD_Pages/SAU_MDForm202F_MF_AfterJuly2021_Page/input__E911Fee2"), "95.00"): Text '95.00' is set on object 'Object Repository/RAD_Pages/SAU_MDForm202F_MF_AfterJuly2021_Page/input__E911Fee2'

2023-02-08 17:16:23 - [MESSAGE][PASSED] - Text '95.00' is set on object 'Object Repository/RAD_Pages/SAU_MDForm202F_MF_AfterJuly2021_Page/input__E911Fee2'

2023-02-08 17:16:23 - [TEST_STEP][PASSED] - scrollToElement(findTestObject("Object Repository/RAD_Pages/SAU_MDForm202_Page/button_Continue"), 3): Scroll to object 'Object Repository/RAD_Pages/SAU_MDForm202_Page/button_Continue' successfully

2023-02-08 17:16:23 - [MESSAGE][PASSED] - Scroll to object 'Object Repository/RAD_Pages/SAU_MDForm202_Page/button_Continue' successfully

2023-02-08 17:16:23 - [TEST_STEP][PASSED] - waitForElementClickable(findTestObject("Object Repository/RAD_Pages/SAU_MDForm202_Page/button_Continue"), 5): Object 'Object Repository/RAD_Pages/SAU_MDForm202_Page/button_Continue' is clickable

2023-02-08 17:16:24 - [MESSAGE][PASSED] - Object 'Object Repository/RAD_Pages/SAU_MDForm202_Page/button_Continue' is clickable

2023-02-08 17:16:24 - [TEST_STEP][PASSED] - click(findTestObject("Object Repository/RAD_Pages/SAU_MDForm202_Page/button_Continue")): Object: 'Object Repository/RAD_Pages/SAU_MDForm202_Page/button_Continue' is clicked on

2023-02-08 17:16:25 - [MESSAGE][PASSED] - Object: 'Object Repository/RAD_Pages/SAU_MDForm202_Page/button_Continue' is clicked on

2023-02-08 17:16:25 - [TEST_STEP][PASSED] - click(findTestObject("Object Repository/RAD_Pages/SAU_MDForm202_Page/button_Proceed to Payment")): Object: 'Object Repository/RAD_Pages/SAU_MDForm202_Page/button_Proceed to Payment' is clicked on

2023-02-08 17:16:26 - [MESSAGE][PASSED] - Object: 'Object Repository/RAD_Pages/SAU_MDForm202_Page/button_Proceed to Payment' is clicked on

2023-02-08 17:16:26 - [TEST_STEP][PASSED] - setText(findTestObject("Object Repository/RAD_Pages/SAU_MDForm202F_MF_AfterJuly2021_Page/input__cardNumber"), "4111111111111111"): Text '4111111111111111' is set on object 'Object Repository/RAD_Pages/SAU_MDForm202F_MF_AfterJuly2021_Page/input__cardNumber'

2023-02-08 17:16:28 - [MESSAGE][PASSED] - Text '4111111111111111' is set on object 'Object Repository/RAD_Pages/SAU_MDForm202F_MF_AfterJuly2021_Page/input__cardNumber'

2023-02-08 17:16:28 - [TEST_STEP][PASSED] - setText(findTestObject("Object Repository/RAD_Pages/SAU_MDForm202F_MF_AfterJuly2021_Page/input__spc"), "123"): Text '123' is set on object 'Object Repository/RAD_Pages/SAU_MDForm202F_MF_AfterJuly2021_Page/input__spc'

2023-02-08 17:16:28 - [MESSAGE][PASSED] - Text '123' is set on object 'Object Repository/RAD_Pages/SAU_MDForm202F_MF_AfterJuly2021_Page/input__spc'

2023-02-08 17:16:28 - [TEST_STEP][PASSED] - selectOptionByValue(findTestObject("Object Repository/RAD_Pages/SAU_MDForm202F_MF_AfterJuly2021_Page/select_MM010203040506070809101112"), "4", true): All options with value '4' are selected in object 'Object Repository/RAD_Pages/SAU_MDForm202F_MF_AfterJuly2021_Page/select_MM010203040506070809101112'  using regular expression

2023-02-08 17:16:29 - [MESSAGE][PASSED] - All options with value '4' are selected in object 'Object Repository/RAD_Pages/SAU_MDForm202F_MF_AfterJuly2021_Page/select_MM010203040506070809101112'  using regular expression

2023-02-08 17:16:29 - [TEST_STEP][PASSED] - selectOptionByValue(findTestObject("Object Repository/RAD_Pages/SAU_MDForm202F_MF_AfterJuly2021_Page/select_YYYY20212022202320242025202620272028_8c4dd4"), "2027", true): All options with value '2027' are selected in object 'Object Repository/RAD_Pages/SAU_MDForm202F_MF_AfterJuly2021_Page/select_YYYY20212022202320242025202620272028_8c4dd4'  using regular expression

2023-02-08 17:16:31 - [MESSAGE][PASSED] - All options with value '2027' are selected in object 'Object Repository/RAD_Pages/SAU_MDForm202F_MF_AfterJuly2021_Page/select_YYYY20212022202320242025202620272028_8c4dd4'  using regular expression

2023-02-08 17:16:31 - [TEST_STEP][PASSED] - click(findTestObject("Object Repository/RAD_Pages/SAU_MDForm202F_MF_AfterJuly2021_Page/input_BillInvoice Details_ccSubmit")): Object: 'Object Repository/RAD_Pages/SAU_MDForm202F_MF_AfterJuly2021_Page/input_BillInvoice Details_ccSubmit' is clicked on

2023-02-08 17:16:32 - [MESSAGE][PASSED] - Object: 'Object Repository/RAD_Pages/SAU_MDForm202F_MF_AfterJuly2021_Page/input_BillInvoice Details_ccSubmit' is clicked on

2023-02-08 17:16:32 - [TEST_STEP][PASSED] - click(findTestObject("Object Repository/RAD_Pages/SAU_MDForm202F_MF_AfterJuly2021_Page/input_275.75_confirmNotifyAction")): Object: 'Object Repository/RAD_Pages/SAU_MDForm202F_MF_AfterJuly2021_Page/input_275.75_confirmNotifyAction' is clicked on

2023-02-08 17:16:33 - [MESSAGE][PASSED] - Object: 'Object Repository/RAD_Pages/SAU_MDForm202F_MF_AfterJuly2021_Page/input_275.75_confirmNotifyAction' is clicked on

2023-02-08 17:16:33 - [TEST_STEP][PASSED] - click(findTestObject("Object Repository/RAD_Pages/SAU_MDForm202F_MF_AfterJuly2021_Page/input_282.51_convFeeNotifyAction")): Object: 'Object Repository/RAD_Pages/SAU_MDForm202F_MF_AfterJuly2021_Page/input_282.51_convFeeNotifyAction' is clicked on

2023-02-08 17:16:35 - [MESSAGE][PASSED] - Object: 'Object Repository/RAD_Pages/SAU_MDForm202F_MF_AfterJuly2021_Page/input_282.51_convFeeNotifyAction' is clicked on

2023-02-08 17:16:35 - [TEST_STEP][PASSED] - delay(10): Delayed 10 second(s)

2023-02-08 17:16:45 - [MESSAGE][PASSED] - Delayed 10 second(s)

2023-02-08 17:16:45 - [TEST_STEP][PASSED] - verifyTextPresent("Successful Payment Receipt", true): Text 'Successful Payment Receipt' is present on page  using regular expression

2023-02-08 17:16:45 - [MESSAGE][PASSED] - Text 'Successful Payment Receipt' is present on page  using regular expression

2023-02-08 17:16:45 - [TEST_STEP][PASSED] - closeBrowser(): Browser is closed

2023-02-08 17:16:46 - [MESSAGE][PASSED] - Browser is closed]]></system-out>
         <system-err><![CDATA[]]></system-err>
      </testcase>
      <testcase name="Test Cases/RAD_TestCases/PaymentsHardCoded/SAU_MDForm202_AfterJuly2021_OutOfStateVendor_HC_TC" time="61.738" classname="Test Cases/RAD_TestCases/PaymentsHardCoded/SAU_MDForm202_AfterJuly2021_OutOfStateVendor_HC_TC" status="PASSED">
         <system-out><![CDATA[2023-02-08 17:16:46 - [TEST_CASE][PASSED] - Test Cases/RAD_TestCases/PaymentsHardCoded/SAU_MDForm202_AfterJuly2021_OutOfStateVendor_HC_TC: Test Cases/RAD_TestCases/PaymentsHardCoded/SAU_MDForm202_AfterJuly2021_OutOfStateVendor_HC_TC

2023-02-08 17:16:46 - [TEST_STEP][PASSED] - openBrowser(""): Browser is opened with url: ''

2023-02-08 17:16:46 - [MESSAGE][INFO] - Starting 'Chrome' driver

2023-02-08 17:16:46 - [MESSAGE][INFO] - User set preference: ['acceptInsecureCerts', 'true']

2023-02-08 17:16:46 - [MESSAGE][INFO] - Action delay is set to 0 milliseconds

2023-02-08 17:16:48 - [MESSAGE][PASSED] - Browser is opened with url: ''

2023-02-08 17:16:48 - [TEST_STEP][PASSED] - navigateToUrl("https://qa.velocitypayment.com/client/rad/index.html"): Navigate to 'https://qa.velocitypayment.com/client/rad/index.html' successfully

2023-02-08 17:16:49 - [MESSAGE][PASSED] - Navigate to 'https://qa.velocitypayment.com/client/rad/index.html' successfully

2023-02-08 17:16:49 - [TEST_STEP][PASSED] - maximizeWindow(): Current window maximized

2023-02-08 17:16:50 - [MESSAGE][PASSED] - Current window maximized

2023-02-08 17:16:50 - [TEST_STEP][PASSED] - selectOptionByValue(findTestObject("Object Repository/RAD_Pages/SAU_MDForm202_Page/select_Select    Estimated Tax    Personal _7587a1"), "5", true): All options with value '5' are selected in object 'Object Repository/RAD_Pages/SAU_MDForm202_Page/select_Select    Estimated Tax    Personal _7587a1'  using regular expression

2023-02-08 17:16:51 - [MESSAGE][PASSED] - All options with value '5' are selected in object 'Object Repository/RAD_Pages/SAU_MDForm202_Page/select_Select    Estimated Tax    Personal _7587a1'  using regular expression

2023-02-08 17:16:51 - [TEST_STEP][PASSED] - selectOptionByValue(findTestObject("Object Repository/RAD_Pages/SAU_MDForm202_Page/select_Select202220212020"), "2021", true): All options with value '2021' are selected in object 'Object Repository/RAD_Pages/SAU_MDForm202_Page/select_Select202220212020'  using regular expression

2023-02-08 17:16:52 - [MESSAGE][PASSED] - All options with value '2021' are selected in object 'Object Repository/RAD_Pages/SAU_MDForm202_Page/select_Select202220212020'  using regular expression

2023-02-08 17:16:52 - [TEST_STEP][PASSED] - selectOptionByValue(findTestObject("Object Repository/RAD_Pages/SAU_MDForm202_Page/select_MonthJanuaryFebruaryMarchAprilMayJun_aa9ebb"), "07", true): All options with value '07' are selected in object 'Object Repository/RAD_Pages/SAU_MDForm202_Page/select_MonthJanuaryFebruaryMarchAprilMayJun_aa9ebb'  using regular expression

2023-02-08 17:16:54 - [MESSAGE][PASSED] - All options with value '07' are selected in object 'Object Repository/RAD_Pages/SAU_MDForm202_Page/select_MonthJanuaryFebruaryMarchAprilMayJun_aa9ebb'  using regular expression

2023-02-08 17:16:54 - [TEST_STEP][PASSED] - setText(findTestObject("Object Repository/RAD_Pages/SAU_MDForm202_Page/input_Note_businessName"), "My Business"): Text 'My Business' is set on object 'Object Repository/RAD_Pages/SAU_MDForm202_Page/input_Note_businessName'

2023-02-08 17:16:55 - [MESSAGE][PASSED] - Text 'My Business' is set on object 'Object Repository/RAD_Pages/SAU_MDForm202_Page/input_Note_businessName'

2023-02-08 17:16:55 - [TEST_STEP][PASSED] - setText(findTestObject("Object Repository/RAD_Pages/SAU_MDForm202_Page/input_Enter business name_firstName"), "Imtiaz"): Text 'Imtiaz' is set on object 'Object Repository/RAD_Pages/SAU_MDForm202_Page/input_Enter business name_firstName'

2023-02-08 17:16:56 - [MESSAGE][PASSED] - Text 'Imtiaz' is set on object 'Object Repository/RAD_Pages/SAU_MDForm202_Page/input_Enter business name_firstName'

2023-02-08 17:16:56 - [TEST_STEP][PASSED] - setText(findTestObject("Object Repository/RAD_Pages/SAU_MDForm202_Page/input_Enter first name_middleName"), "John"): Text 'John' is set on object 'Object Repository/RAD_Pages/SAU_MDForm202_Page/input_Enter first name_middleName'

2023-02-08 17:16:56 - [MESSAGE][PASSED] - Text 'John' is set on object 'Object Repository/RAD_Pages/SAU_MDForm202_Page/input_Enter first name_middleName'

2023-02-08 17:16:56 - [TEST_STEP][PASSED] - setText(findTestObject("Object Repository/RAD_Pages/SAU_MDForm202_Page/input_Middle Name_lastName"), "Ahmed"): Text 'Ahmed' is set on object 'Object Repository/RAD_Pages/SAU_MDForm202_Page/input_Middle Name_lastName'

2023-02-08 17:16:57 - [MESSAGE][PASSED] - Text 'Ahmed' is set on object 'Object Repository/RAD_Pages/SAU_MDForm202_Page/input_Middle Name_lastName'

2023-02-08 17:16:57 - [TEST_STEP][PASSED] - setText(findTestObject("Object Repository/RAD_Pages/SAU_MDForm202_Page/input_Enter last name_suffix"), "Mr"): Text 'Mr' is set on object 'Object Repository/RAD_Pages/SAU_MDForm202_Page/input_Enter last name_suffix'

2023-02-08 17:16:58 - [MESSAGE][PASSED] - Text 'Mr' is set on object 'Object Repository/RAD_Pages/SAU_MDForm202_Page/input_Enter last name_suffix'

2023-02-08 17:16:58 - [TEST_STEP][PASSED] - setText(findTestObject("Object Repository/RAD_Pages/SAU_MDForm202_Page/input_Select a country_streetAddress1"), "2311 york road"): Text '2311 york road' is set on object 'Object Repository/RAD_Pages/SAU_MDForm202_Page/input_Select a country_streetAddress1'

2023-02-08 17:16:59 - [MESSAGE][PASSED] - Text '2311 york road' is set on object 'Object Repository/RAD_Pages/SAU_MDForm202_Page/input_Select a country_streetAddress1'

2023-02-08 17:16:59 - [TEST_STEP][PASSED] - setText(findTestObject("Object Repository/RAD_Pages/SAU_MDForm202_Page/input_Enter address_streetAddress2"), "Suite 600"): Text 'Suite 600' is set on object 'Object Repository/RAD_Pages/SAU_MDForm202_Page/input_Enter address_streetAddress2'

2023-02-08 17:17:00 - [MESSAGE][PASSED] - Text 'Suite 600' is set on object 'Object Repository/RAD_Pages/SAU_MDForm202_Page/input_Enter address_streetAddress2'

2023-02-08 17:17:00 - [TEST_STEP][PASSED] - setText(findTestObject("Object Repository/RAD_Pages/SAU_MDForm202_Page/input_Street Address 2_city"), "Gambrills"): Text 'Gambrills' is set on object 'Object Repository/RAD_Pages/SAU_MDForm202_Page/input_Street Address 2_city'

2023-02-08 17:17:01 - [MESSAGE][PASSED] - Text 'Gambrills' is set on object 'Object Repository/RAD_Pages/SAU_MDForm202_Page/input_Street Address 2_city'

2023-02-08 17:17:01 - [TEST_STEP][PASSED] - selectOptionByValue(findTestObject("Object Repository/RAD_Pages/SAU_MDForm202_Page/select_SelectAlabamaAlaskaArizonaArkansasCa_90914a"), "MD", true): All options with value 'MD' are selected in object 'Object Repository/RAD_Pages/SAU_MDForm202_Page/select_SelectAlabamaAlaskaArizonaArkansasCa_90914a'  using regular expression

2023-02-08 17:17:03 - [MESSAGE][PASSED] - All options with value 'MD' are selected in object 'Object Repository/RAD_Pages/SAU_MDForm202_Page/select_SelectAlabamaAlaskaArizonaArkansasCa_90914a'  using regular expression

2023-02-08 17:17:03 - [TEST_STEP][PASSED] - setText(findTestObject("Object Repository/RAD_Pages/SAU_MDForm202_Page/input_Select a state_zipCode"), "21054"): Text '21054' is set on object 'Object Repository/RAD_Pages/SAU_MDForm202_Page/input_Select a state_zipCode'

2023-02-08 17:17:04 - [MESSAGE][PASSED] - Text '21054' is set on object 'Object Repository/RAD_Pages/SAU_MDForm202_Page/input_Select a state_zipCode'

2023-02-08 17:17:04 - [TEST_STEP][PASSED] - setText(findTestObject("Object Repository/RAD_Pages/SAU_MDForm202_Page/input_Enter ZIP code_phoneNumber"), "(703) 894-5000"): Text '(703) 894-5000' is set on object 'Object Repository/RAD_Pages/SAU_MDForm202_Page/input_Enter ZIP code_phoneNumber'

2023-02-08 17:17:05 - [MESSAGE][PASSED] - Text '(703) 894-5000' is set on object 'Object Repository/RAD_Pages/SAU_MDForm202_Page/input_Enter ZIP code_phoneNumber'

2023-02-08 17:17:05 - [TEST_STEP][PASSED] - setText(findTestObject("Object Repository/RAD_Pages/SAU_MDForm202_Page/input_Enter a phone number_eMailAddress"), "iahmed@govolution.com"): Text 'iahmed@govolution.com' is set on object 'Object Repository/RAD_Pages/SAU_MDForm202_Page/input_Enter a phone number_eMailAddress'

2023-02-08 17:17:06 - [MESSAGE][PASSED] - Text 'iahmed@govolution.com' is set on object 'Object Repository/RAD_Pages/SAU_MDForm202_Page/input_Enter a phone number_eMailAddress'

2023-02-08 17:17:06 - [TEST_STEP][PASSED] - setText(findTestObject("Object Repository/RAD_Pages/SAU_MDForm202_Page/input_Enter Email_reEnterEMailAddress"), "iahmed@govolution.com"): Text 'iahmed@govolution.com' is set on object 'Object Repository/RAD_Pages/SAU_MDForm202_Page/input_Enter Email_reEnterEMailAddress'

2023-02-08 17:17:07 - [MESSAGE][PASSED] - Text 'iahmed@govolution.com' is set on object 'Object Repository/RAD_Pages/SAU_MDForm202_Page/input_Enter Email_reEnterEMailAddress'

2023-02-08 17:17:07 - [TEST_STEP][PASSED] - setEncryptedText(findTestObject("Object Repository/RAD_Pages/TaxInfo_Page/input_FederalEIN"), "0fDtEjy4ijeV75Gl5M+mSg=="): Text ****** has been set on object 'Object Repository/RAD_Pages/TaxInfo_Page/input_FederalEIN'

2023-02-08 17:17:07 - [MESSAGE][PASSED] - Text ****** has been set on object 'Object Repository/RAD_Pages/TaxInfo_Page/input_FederalEIN'

2023-02-08 17:17:07 - [TEST_STEP][PASSED] - setEncryptedText(findTestObject("Object Repository/RAD_Pages/TaxInfo_Page/input_FederalEIN_ReEnter"), "0fDtEjy4ijeV75Gl5M+mSg=="): Text ****** has been set on object 'Object Repository/RAD_Pages/TaxInfo_Page/input_FederalEIN_ReEnter'

2023-02-08 17:17:08 - [MESSAGE][PASSED] - Text ****** has been set on object 'Object Repository/RAD_Pages/TaxInfo_Page/input_FederalEIN_ReEnter'

2023-02-08 17:17:08 - [TEST_STEP][PASSED] - setText(findTestObject("Object Repository/RAD_Pages/TaxInfo_Page/input_MDCRegistration"), "07640126"): Text '07640126' is set on object 'Object Repository/RAD_Pages/TaxInfo_Page/input_MDCRegistration'

2023-02-08 17:17:09 - [MESSAGE][PASSED] - Text '07640126' is set on object 'Object Repository/RAD_Pages/TaxInfo_Page/input_MDCRegistration'

2023-02-08 17:17:09 - [TEST_STEP][PASSED] - setText(findTestObject("Object Repository/RAD_Pages/SAU_MDForm202_Page/input__GrossSales2"), "2000.00"): Text '2000.00' is set on object 'Object Repository/RAD_Pages/SAU_MDForm202_Page/input__GrossSales2'

2023-02-08 17:17:10 - [MESSAGE][PASSED] - Text '2000.00' is set on object 'Object Repository/RAD_Pages/SAU_MDForm202_Page/input__GrossSales2'

2023-02-08 17:17:10 - [TEST_STEP][PASSED] - click(findTestObject("Object Repository/RAD_Pages/SalesTaxReturnInfo_Page/input_OutOfStateVendor")): Object: 'Object Repository/RAD_Pages/SalesTaxReturnInfo_Page/input_OutOfStateVendor' is clicked on

2023-02-08 17:17:10 - [MESSAGE][PASSED] - Object: 'Object Repository/RAD_Pages/SalesTaxReturnInfo_Page/input_OutOfStateVendor' is clicked on

2023-02-08 17:17:10 - [TEST_STEP][PASSED] - setText(findTestObject("Object Repository/RAD_Pages/SAU_MDForm202_Page/input__GrossSales2"), "2000.00"): Text '2000.00' is set on object 'Object Repository/RAD_Pages/SAU_MDForm202_Page/input__GrossSales2'

2023-02-08 17:17:11 - [MESSAGE][PASSED] - Text '2000.00' is set on object 'Object Repository/RAD_Pages/SAU_MDForm202_Page/input__GrossSales2'

2023-02-08 17:17:11 - [TEST_STEP][PASSED] - setText(findTestObject("Object Repository/RAD_Pages/SAU_MDForm202_Page/input__TaxableSales2"), "100.00"): Text '100.00' is set on object 'Object Repository/RAD_Pages/SAU_MDForm202_Page/input__TaxableSales2'

2023-02-08 17:17:12 - [MESSAGE][PASSED] - Text '100.00' is set on object 'Object Repository/RAD_Pages/SAU_MDForm202_Page/input__TaxableSales2'

2023-02-08 17:17:12 - [TEST_STEP][PASSED] - setText(findTestObject("Object Repository/RAD_Pages/SAU_MDForm202_Page/input__TaxableSalesESD2"), "100.00"): Text '100.00' is set on object 'Object Repository/RAD_Pages/SAU_MDForm202_Page/input__TaxableSalesESD2'

2023-02-08 17:17:13 - [MESSAGE][PASSED] - Text '100.00' is set on object 'Object Repository/RAD_Pages/SAU_MDForm202_Page/input__TaxableSalesESD2'

2023-02-08 17:17:13 - [TEST_STEP][PASSED] - setText(findTestObject("Object Repository/RAD_Pages/SAU_MDForm202_Page/input__TaxableSalesVapingLiquid2"), "100.00"): Text '100.00' is set on object 'Object Repository/RAD_Pages/SAU_MDForm202_Page/input__TaxableSalesVapingLiquid2'

2023-02-08 17:17:13 - [MESSAGE][PASSED] - Text '100.00' is set on object 'Object Repository/RAD_Pages/SAU_MDForm202_Page/input__TaxableSalesVapingLiquid2'

2023-02-08 17:17:13 - [TEST_STEP][PASSED] - setText(findTestObject("Object Repository/RAD_Pages/SAU_MDForm202_Page/input__CarRental2"), "100.00"): Text '100.00' is set on object 'Object Repository/RAD_Pages/SAU_MDForm202_Page/input__CarRental2'

2023-02-08 17:17:15 - [MESSAGE][PASSED] - Text '100.00' is set on object 'Object Repository/RAD_Pages/SAU_MDForm202_Page/input__CarRental2'

2023-02-08 17:17:15 - [TEST_STEP][PASSED] - setText(findTestObject("Object Repository/RAD_Pages/SAU_MDForm202_Page/input__TruckRental2"), "100.00"): Text '100.00' is set on object 'Object Repository/RAD_Pages/SAU_MDForm202_Page/input__TruckRental2'

2023-02-08 17:17:16 - [MESSAGE][PASSED] - Text '100.00' is set on object 'Object Repository/RAD_Pages/SAU_MDForm202_Page/input__TruckRental2'

2023-02-08 17:17:16 - [TEST_STEP][PASSED] - setText(findTestObject("Object Repository/RAD_Pages/SAU_MDForm202_Page/input__AlcoholSales2"), "100.00"): Text '100.00' is set on object 'Object Repository/RAD_Pages/SAU_MDForm202_Page/input__AlcoholSales2'

2023-02-08 17:17:17 - [MESSAGE][PASSED] - Text '100.00' is set on object 'Object Repository/RAD_Pages/SAU_MDForm202_Page/input__AlcoholSales2'

2023-02-08 17:17:17 - [TEST_STEP][PASSED] - setText(findTestObject("Object Repository/RAD_Pages/SAU_MDForm202_Page/input__Purchases2"), "100.00"): Text '100.00' is set on object 'Object Repository/RAD_Pages/SAU_MDForm202_Page/input__Purchases2'

2023-02-08 17:17:18 - [MESSAGE][PASSED] - Text '100.00' is set on object 'Object Repository/RAD_Pages/SAU_MDForm202_Page/input__Purchases2'

2023-02-08 17:17:18 - [TEST_STEP][PASSED] - setText(findTestObject("Object Repository/RAD_Pages/SAU_MDForm202_Page/input__TruckRentalPurchases2"), "100.00"): Text '100.00' is set on object 'Object Repository/RAD_Pages/SAU_MDForm202_Page/input__TruckRentalPurchases2'

2023-02-08 17:17:18 - [MESSAGE][PASSED] - Text '100.00' is set on object 'Object Repository/RAD_Pages/SAU_MDForm202_Page/input__TruckRentalPurchases2'

2023-02-08 17:17:18 - [TEST_STEP][PASSED] - setText(findTestObject("Object Repository/RAD_Pages/SAU_MDForm202_Page/input__AlcoholPurchases2"), "100.00"): Text '100.00' is set on object 'Object Repository/RAD_Pages/SAU_MDForm202_Page/input__AlcoholPurchases2'

2023-02-08 17:17:19 - [MESSAGE][PASSED] - Text '100.00' is set on object 'Object Repository/RAD_Pages/SAU_MDForm202_Page/input__AlcoholPurchases2'

2023-02-08 17:17:19 - [TEST_STEP][PASSED] - setText(findTestObject("Object Repository/RAD_Pages/SAU_MDForm202_Page/input__CarRentalPurchases2"), "100.00"): Text '100.00' is set on object 'Object Repository/RAD_Pages/SAU_MDForm202_Page/input__CarRentalPurchases2'

2023-02-08 17:17:20 - [MESSAGE][PASSED] - Text '100.00' is set on object 'Object Repository/RAD_Pages/SAU_MDForm202_Page/input__CarRentalPurchases2'

2023-02-08 17:17:20 - [TEST_STEP][PASSED] - setText(findTestObject("Object Repository/RAD_Pages/SAU_MDForm202_Page/input__ESDPurchases2"), "100.00"): Text '100.00' is set on object 'Object Repository/RAD_Pages/SAU_MDForm202_Page/input__ESDPurchases2'

2023-02-08 17:17:21 - [MESSAGE][PASSED] - Text '100.00' is set on object 'Object Repository/RAD_Pages/SAU_MDForm202_Page/input__ESDPurchases2'

2023-02-08 17:17:21 - [TEST_STEP][PASSED] - setText(findTestObject("Object Repository/RAD_Pages/SAU_MDForm202_Page/input__VapingLiquidPurchases2"), "100.00"): Text '100.00' is set on object 'Object Repository/RAD_Pages/SAU_MDForm202_Page/input__VapingLiquidPurchases2'

2023-02-08 17:17:22 - [MESSAGE][PASSED] - Text '100.00' is set on object 'Object Repository/RAD_Pages/SAU_MDForm202_Page/input__VapingLiquidPurchases2'

2023-02-08 17:17:22 - [TEST_STEP][PASSED] - setText(findTestObject("Object Repository/RAD_Pages/SAU_MDForm202_Page/input__Refund2"), "100.00"): Text '100.00' is set on object 'Object Repository/RAD_Pages/SAU_MDForm202_Page/input__Refund2'

2023-02-08 17:17:23 - [MESSAGE][PASSED] - Text '100.00' is set on object 'Object Repository/RAD_Pages/SAU_MDForm202_Page/input__Refund2'

2023-02-08 17:17:23 - [TEST_STEP][PASSED] - setText(findTestObject("Object Repository/RAD_Pages/SAU_MDForm202_Page/input__PenaltyInterest2"), "100.00"): Text '100.00' is set on object 'Object Repository/RAD_Pages/SAU_MDForm202_Page/input__PenaltyInterest2'

2023-02-08 17:17:23 - [MESSAGE][PASSED] - Text '100.00' is set on object 'Object Repository/RAD_Pages/SAU_MDForm202_Page/input__PenaltyInterest2'

2023-02-08 17:17:23 - [TEST_STEP][PASSED] - setText(findTestObject("Object Repository/RAD_Pages/SAU_MDForm202_Page/input__E911Fee2"), "95.00"): Text '95.00' is set on object 'Object Repository/RAD_Pages/SAU_MDForm202_Page/input__E911Fee2'

2023-02-08 17:17:24 - [MESSAGE][PASSED] - Text '95.00' is set on object 'Object Repository/RAD_Pages/SAU_MDForm202_Page/input__E911Fee2'

2023-02-08 17:17:24 - [TEST_STEP][PASSED] - scrollToElement(findTestObject("Object Repository/RAD_Pages/SAU_MDForm202_Page/button_Continue"), 3): Scroll to object 'Object Repository/RAD_Pages/SAU_MDForm202_Page/button_Continue' successfully

2023-02-08 17:17:25 - [MESSAGE][PASSED] - Scroll to object 'Object Repository/RAD_Pages/SAU_MDForm202_Page/button_Continue' successfully

2023-02-08 17:17:25 - [TEST_STEP][PASSED] - waitForElementClickable(findTestObject("Object Repository/RAD_Pages/SAU_MDForm202_Page/button_Continue"), 5): Object 'Object Repository/RAD_Pages/SAU_MDForm202_Page/button_Continue' is clickable

2023-02-08 17:17:25 - [MESSAGE][PASSED] - Object 'Object Repository/RAD_Pages/SAU_MDForm202_Page/button_Continue' is clickable

2023-02-08 17:17:25 - [TEST_STEP][PASSED] - click(findTestObject("Object Repository/RAD_Pages/SAU_MDForm202_Page/button_Continue")): Object: 'Object Repository/RAD_Pages/SAU_MDForm202_Page/button_Continue' is clicked on

2023-02-08 17:17:26 - [MESSAGE][PASSED] - Object: 'Object Repository/RAD_Pages/SAU_MDForm202_Page/button_Continue' is clicked on

2023-02-08 17:17:26 - [TEST_STEP][PASSED] - click(findTestObject("Object Repository/RAD_Pages/SAU_MDForm202_Page/button_Proceed to Payment")): Object: 'Object Repository/RAD_Pages/SAU_MDForm202_Page/button_Proceed to Payment' is clicked on

2023-02-08 17:17:28 - [MESSAGE][PASSED] - Object: 'Object Repository/RAD_Pages/SAU_MDForm202_Page/button_Proceed to Payment' is clicked on

2023-02-08 17:17:28 - [TEST_STEP][PASSED] - setText(findTestObject("Object Repository/RAD_Pages/SAU_MDForm202_Page/input__cardNumber"), "4111111111111111"): Text '4111111111111111' is set on object 'Object Repository/RAD_Pages/SAU_MDForm202_Page/input__cardNumber'

2023-02-08 17:17:29 - [MESSAGE][PASSED] - Text '4111111111111111' is set on object 'Object Repository/RAD_Pages/SAU_MDForm202_Page/input__cardNumber'

2023-02-08 17:17:29 - [TEST_STEP][PASSED] - setText(findTestObject("Object Repository/RAD_Pages/SAU_MDForm202_Page/input__spc"), "123"): Text '123' is set on object 'Object Repository/RAD_Pages/SAU_MDForm202_Page/input__spc'

2023-02-08 17:17:30 - [MESSAGE][PASSED] - Text '123' is set on object 'Object Repository/RAD_Pages/SAU_MDForm202_Page/input__spc'

2023-02-08 17:17:30 - [TEST_STEP][PASSED] - selectOptionByValue(findTestObject("Object Repository/RAD_Pages/SAU_MDForm202_Page/select_MM010203040506070809101112"), "12", true): All options with value '12' are selected in object 'Object Repository/RAD_Pages/SAU_MDForm202_Page/select_MM010203040506070809101112'  using regular expression

2023-02-08 17:17:31 - [MESSAGE][PASSED] - All options with value '12' are selected in object 'Object Repository/RAD_Pages/SAU_MDForm202_Page/select_MM010203040506070809101112'  using regular expression

2023-02-08 17:17:31 - [TEST_STEP][PASSED] - selectOptionByValue(findTestObject("Object Repository/RAD_Pages/SAU_MDForm202_Page/select_YYYY20212022202320242025202620272028_8c4dd4"), "2025", true): All options with value '2025' are selected in object 'Object Repository/RAD_Pages/SAU_MDForm202_Page/select_YYYY20212022202320242025202620272028_8c4dd4'  using regular expression

2023-02-08 17:17:33 - [MESSAGE][PASSED] - All options with value '2025' are selected in object 'Object Repository/RAD_Pages/SAU_MDForm202_Page/select_YYYY20212022202320242025202620272028_8c4dd4'  using regular expression

2023-02-08 17:17:33 - [TEST_STEP][PASSED] - click(findTestObject("Object Repository/RAD_Pages/SAU_MDForm202_Page/input_BillInvoice Details_ccSubmit")): Object: 'Object Repository/RAD_Pages/SAU_MDForm202_Page/input_BillInvoice Details_ccSubmit' is clicked on

2023-02-08 17:17:34 - [MESSAGE][PASSED] - Object: 'Object Repository/RAD_Pages/SAU_MDForm202_Page/input_BillInvoice Details_ccSubmit' is clicked on

2023-02-08 17:17:34 - [TEST_STEP][PASSED] - click(findTestObject("Object Repository/RAD_Pages/SAU_MDForm202_Page/input_233.40_confirmNotifyAction")): Object: 'Object Repository/RAD_Pages/SAU_MDForm202_Page/input_233.40_confirmNotifyAction' is clicked on

2023-02-08 17:17:35 - [MESSAGE][PASSED] - Object: 'Object Repository/RAD_Pages/SAU_MDForm202_Page/input_233.40_confirmNotifyAction' is clicked on

2023-02-08 17:17:35 - [TEST_STEP][PASSED] - click(findTestObject("Object Repository/RAD_Pages/SAU_MDForm202_Page/input_239.12_convFeeNotifyAction")): Object: 'Object Repository/RAD_Pages/SAU_MDForm202_Page/input_239.12_convFeeNotifyAction' is clicked on

2023-02-08 17:17:36 - [MESSAGE][PASSED] - Object: 'Object Repository/RAD_Pages/SAU_MDForm202_Page/input_239.12_convFeeNotifyAction' is clicked on

2023-02-08 17:17:36 - [TEST_STEP][PASSED] - delay(10): Delayed 10 second(s)

2023-02-08 17:17:46 - [MESSAGE][PASSED] - Delayed 10 second(s)

2023-02-08 17:17:46 - [TEST_STEP][PASSED] - verifyTextPresent("Successful Payment Receipt", true): Text 'Successful Payment Receipt' is present on page  using regular expression

2023-02-08 17:17:47 - [MESSAGE][PASSED] - Text 'Successful Payment Receipt' is present on page  using regular expression

2023-02-08 17:17:47 - [TEST_STEP][PASSED] - closeBrowser(): Browser is closed

2023-02-08 17:17:48 - [MESSAGE][PASSED] - Browser is closed]]></system-out>
         <system-err><![CDATA[]]></system-err>
      </testcase>
      <testcase name="Test Cases/RAD_TestCases/PaymentsHardCoded/SAU_MDForm202F_AfterJuly2021_BothChkBox_HC_TC" time="71.097" classname="Test Cases/RAD_TestCases/PaymentsHardCoded/SAU_MDForm202F_AfterJuly2021_BothChkBox_HC_TC" status="PASSED">
         <system-out><![CDATA[2023-02-08 17:17:48 - [TEST_CASE][PASSED] - Test Cases/RAD_TestCases/PaymentsHardCoded/SAU_MDForm202F_AfterJuly2021_BothChkBox_HC_TC: Test Cases/RAD_TestCases/PaymentsHardCoded/SAU_MDForm202F_AfterJuly2021_BothChkBox_HC_TC

2023-02-08 17:17:48 - [TEST_STEP][PASSED] - openBrowser(""): Browser is opened with url: ''

2023-02-08 17:17:48 - [MESSAGE][INFO] - Starting 'Chrome' driver

2023-02-08 17:17:48 - [MESSAGE][INFO] - User set preference: ['acceptInsecureCerts', 'true']

2023-02-08 17:17:48 - [MESSAGE][INFO] - Action delay is set to 0 milliseconds

2023-02-08 17:17:50 - [MESSAGE][PASSED] - Browser is opened with url: ''

2023-02-08 17:17:50 - [TEST_STEP][PASSED] - navigateToUrl("https://qa.velocitypayment.com/client/rad/index.html"): Navigate to 'https://qa.velocitypayment.com/client/rad/index.html' successfully

2023-02-08 17:17:53 - [MESSAGE][PASSED] - Navigate to 'https://qa.velocitypayment.com/client/rad/index.html' successfully

2023-02-08 17:17:53 - [TEST_STEP][PASSED] - selectOptionByValue(findTestObject("Object Repository/RAD_Pages/SAU_MDForm202F_MF_AfterJuly2021_Page/select_Select    Estimated Tax    Personal _7587a1"), "5", true): All options with value '5' are selected in object 'Object Repository/RAD_Pages/SAU_MDForm202F_MF_AfterJuly2021_Page/select_Select    Estimated Tax    Personal _7587a1'  using regular expression

2023-02-08 17:17:55 - [MESSAGE][PASSED] - All options with value '5' are selected in object 'Object Repository/RAD_Pages/SAU_MDForm202F_MF_AfterJuly2021_Page/select_Select    Estimated Tax    Personal _7587a1'  using regular expression

2023-02-08 17:17:55 - [TEST_STEP][PASSED] - selectOptionByValue(findTestObject("Object Repository/RAD_Pages/SAU_MDForm202F_MF_AfterJuly2021_Page/select_Select202220212020"), "2021", true): All options with value '2021' are selected in object 'Object Repository/RAD_Pages/SAU_MDForm202F_MF_AfterJuly2021_Page/select_Select202220212020'  using regular expression

2023-02-08 17:17:56 - [MESSAGE][PASSED] - All options with value '2021' are selected in object 'Object Repository/RAD_Pages/SAU_MDForm202F_MF_AfterJuly2021_Page/select_Select202220212020'  using regular expression

2023-02-08 17:17:56 - [TEST_STEP][PASSED] - selectOptionByValue(findTestObject("Object Repository/RAD_Pages/SAU_MDForm202F_MF_AfterJuly2021_Page/select_MonthJanuaryFebruaryMarchAprilMayJun_aa9ebb"), "08", true): All options with value '08' are selected in object 'Object Repository/RAD_Pages/SAU_MDForm202F_MF_AfterJuly2021_Page/select_MonthJanuaryFebruaryMarchAprilMayJun_aa9ebb'  using regular expression

2023-02-08 17:17:57 - [MESSAGE][PASSED] - All options with value '08' are selected in object 'Object Repository/RAD_Pages/SAU_MDForm202F_MF_AfterJuly2021_Page/select_MonthJanuaryFebruaryMarchAprilMayJun_aa9ebb'  using regular expression

2023-02-08 17:17:57 - [TEST_STEP][PASSED] - setText(findTestObject("Object Repository/RAD_Pages/SAU_MDForm202F_MF_AfterJuly2021_Page/input_Note_businessName"), "Broken Glass, LLC"): Text 'Broken Glass, LLC' is set on object 'Object Repository/RAD_Pages/SAU_MDForm202F_MF_AfterJuly2021_Page/input_Note_businessName'

2023-02-08 17:17:58 - [MESSAGE][PASSED] - Text 'Broken Glass, LLC' is set on object 'Object Repository/RAD_Pages/SAU_MDForm202F_MF_AfterJuly2021_Page/input_Note_businessName'

2023-02-08 17:17:58 - [TEST_STEP][PASSED] - setText(findTestObject("Object Repository/RAD_Pages/SAU_MDForm202F_MF_AfterJuly2021_Page/input_Enter business name_firstName"), "Andy"): Text 'Andy' is set on object 'Object Repository/RAD_Pages/SAU_MDForm202F_MF_AfterJuly2021_Page/input_Enter business name_firstName'

2023-02-08 17:17:59 - [MESSAGE][PASSED] - Text 'Andy' is set on object 'Object Repository/RAD_Pages/SAU_MDForm202F_MF_AfterJuly2021_Page/input_Enter business name_firstName'

2023-02-08 17:17:59 - [TEST_STEP][PASSED] - setText(findTestObject("Object Repository/RAD_Pages/SAU_MDForm202F_MF_AfterJuly2021_Page/input_Enter first name_middleName"), "Lament"): Text 'Lament' is set on object 'Object Repository/RAD_Pages/SAU_MDForm202F_MF_AfterJuly2021_Page/input_Enter first name_middleName'

2023-02-08 17:18:00 - [MESSAGE][PASSED] - Text 'Lament' is set on object 'Object Repository/RAD_Pages/SAU_MDForm202F_MF_AfterJuly2021_Page/input_Enter first name_middleName'

2023-02-08 17:18:00 - [TEST_STEP][PASSED] - setText(findTestObject("Object Repository/RAD_Pages/SAU_MDForm202F_MF_AfterJuly2021_Page/input_Middle Name_lastName"), "Mohl"): Text 'Mohl' is set on object 'Object Repository/RAD_Pages/SAU_MDForm202F_MF_AfterJuly2021_Page/input_Middle Name_lastName'

2023-02-08 17:18:01 - [MESSAGE][PASSED] - Text 'Mohl' is set on object 'Object Repository/RAD_Pages/SAU_MDForm202F_MF_AfterJuly2021_Page/input_Middle Name_lastName'

2023-02-08 17:18:01 - [TEST_STEP][PASSED] - setText(findTestObject("Object Repository/RAD_Pages/SAU_MDForm202F_MF_AfterJuly2021_Page/input_Enter last name_suffix"), "Jr"): Text 'Jr' is set on object 'Object Repository/RAD_Pages/SAU_MDForm202F_MF_AfterJuly2021_Page/input_Enter last name_suffix'

2023-02-08 17:18:02 - [MESSAGE][PASSED] - Text 'Jr' is set on object 'Object Repository/RAD_Pages/SAU_MDForm202F_MF_AfterJuly2021_Page/input_Enter last name_suffix'

2023-02-08 17:18:02 - [TEST_STEP][PASSED] - setText(findTestObject("Object Repository/RAD_Pages/SAU_MDForm202F_MF_AfterJuly2021_Page/input_Select a country_streetAddress1"), "147 Elm St"): Text '147 Elm St' is set on object 'Object Repository/RAD_Pages/SAU_MDForm202F_MF_AfterJuly2021_Page/input_Select a country_streetAddress1'

2023-02-08 17:18:03 - [MESSAGE][PASSED] - Text '147 Elm St' is set on object 'Object Repository/RAD_Pages/SAU_MDForm202F_MF_AfterJuly2021_Page/input_Select a country_streetAddress1'

2023-02-08 17:18:03 - [TEST_STEP][PASSED] - setText(findTestObject("Object Repository/RAD_Pages/SAU_MDForm202F_MF_AfterJuly2021_Page/input_Enter address_streetAddress2"), "Room 147"): Text 'Room 147' is set on object 'Object Repository/RAD_Pages/SAU_MDForm202F_MF_AfterJuly2021_Page/input_Enter address_streetAddress2'

2023-02-08 17:18:04 - [MESSAGE][PASSED] - Text 'Room 147' is set on object 'Object Repository/RAD_Pages/SAU_MDForm202F_MF_AfterJuly2021_Page/input_Enter address_streetAddress2'

2023-02-08 17:18:04 - [TEST_STEP][PASSED] - setText(findTestObject("Object Repository/RAD_Pages/SAU_MDForm202F_MF_AfterJuly2021_Page/input_Street Address 2_city"), "Lutherville Timonium"): Text 'Lutherville Timonium' is set on object 'Object Repository/RAD_Pages/SAU_MDForm202F_MF_AfterJuly2021_Page/input_Street Address 2_city'

2023-02-08 17:18:05 - [MESSAGE][PASSED] - Text 'Lutherville Timonium' is set on object 'Object Repository/RAD_Pages/SAU_MDForm202F_MF_AfterJuly2021_Page/input_Street Address 2_city'

2023-02-08 17:18:05 - [TEST_STEP][PASSED] - selectOptionByValue(findTestObject("Object Repository/RAD_Pages/SAU_MDForm202F_MF_AfterJuly2021_Page/select_SelectAlabamaAlaskaArizonaArkansasCa_90914a"), "MD", true): All options with value 'MD' are selected in object 'Object Repository/RAD_Pages/SAU_MDForm202F_MF_AfterJuly2021_Page/select_SelectAlabamaAlaskaArizonaArkansasCa_90914a'  using regular expression

2023-02-08 17:18:06 - [MESSAGE][PASSED] - All options with value 'MD' are selected in object 'Object Repository/RAD_Pages/SAU_MDForm202F_MF_AfterJuly2021_Page/select_SelectAlabamaAlaskaArizonaArkansasCa_90914a'  using regular expression

2023-02-08 17:18:06 - [TEST_STEP][PASSED] - setText(findTestObject("Object Repository/RAD_Pages/SAU_MDForm202F_MF_AfterJuly2021_Page/input_Select a state_zipCode"), "21030"): Text '21030' is set on object 'Object Repository/RAD_Pages/SAU_MDForm202F_MF_AfterJuly2021_Page/input_Select a state_zipCode'

2023-02-08 17:18:07 - [MESSAGE][PASSED] - Text '21030' is set on object 'Object Repository/RAD_Pages/SAU_MDForm202F_MF_AfterJuly2021_Page/input_Select a state_zipCode'

2023-02-08 17:18:07 - [TEST_STEP][PASSED] - setText(findTestObject("Object Repository/RAD_Pages/SAU_MDForm202F_MF_AfterJuly2021_Page/input_Enter ZIP code_phoneNumber"), "(703) 894-5000"): Text '(703) 894-5000' is set on object 'Object Repository/RAD_Pages/SAU_MDForm202F_MF_AfterJuly2021_Page/input_Enter ZIP code_phoneNumber'

2023-02-08 17:18:08 - [MESSAGE][PASSED] - Text '(703) 894-5000' is set on object 'Object Repository/RAD_Pages/SAU_MDForm202F_MF_AfterJuly2021_Page/input_Enter ZIP code_phoneNumber'

2023-02-08 17:18:08 - [TEST_STEP][PASSED] - setText(findTestObject("Object Repository/RAD_Pages/SAU_MDForm202F_MF_AfterJuly2021_Page/input_Enter a phone number_eMailAddress"), "iahmed@govolution.com"): Text 'iahmed@govolution.com' is set on object 'Object Repository/RAD_Pages/SAU_MDForm202F_MF_AfterJuly2021_Page/input_Enter a phone number_eMailAddress'

2023-02-08 17:18:09 - [MESSAGE][PASSED] - Text 'iahmed@govolution.com' is set on object 'Object Repository/RAD_Pages/SAU_MDForm202F_MF_AfterJuly2021_Page/input_Enter a phone number_eMailAddress'

2023-02-08 17:18:09 - [TEST_STEP][PASSED] - setText(findTestObject("Object Repository/RAD_Pages/SAU_MDForm202F_MF_AfterJuly2021_Page/input_Enter Email_reEnterEMailAddress"), "iahmed@govolution.com"): Text 'iahmed@govolution.com' is set on object 'Object Repository/RAD_Pages/SAU_MDForm202F_MF_AfterJuly2021_Page/input_Enter Email_reEnterEMailAddress'

2023-02-08 17:18:10 - [MESSAGE][PASSED] - Text 'iahmed@govolution.com' is set on object 'Object Repository/RAD_Pages/SAU_MDForm202F_MF_AfterJuly2021_Page/input_Enter Email_reEnterEMailAddress'

2023-02-08 17:18:10 - [TEST_STEP][PASSED] - setEncryptedText(findTestObject("Object Repository/RAD_Pages/TaxInfo_Page/input_FederalEIN"), "0fDtEjy4ijeV75Gl5M+mSg=="): Text ****** has been set on object 'Object Repository/RAD_Pages/TaxInfo_Page/input_FederalEIN'

2023-02-08 17:18:11 - [MESSAGE][PASSED] - Text ****** has been set on object 'Object Repository/RAD_Pages/TaxInfo_Page/input_FederalEIN'

2023-02-08 17:18:11 - [TEST_STEP][PASSED] - setEncryptedText(findTestObject("Object Repository/RAD_Pages/TaxInfo_Page/input_FederalEIN_ReEnter"), "0fDtEjy4ijeV75Gl5M+mSg=="): Text ****** has been set on object 'Object Repository/RAD_Pages/TaxInfo_Page/input_FederalEIN_ReEnter'

2023-02-08 17:18:12 - [MESSAGE][PASSED] - Text ****** has been set on object 'Object Repository/RAD_Pages/TaxInfo_Page/input_FederalEIN_ReEnter'

2023-02-08 17:18:12 - [TEST_STEP][PASSED] - setText(findTestObject("Object Repository/RAD_Pages/TaxInfo_Page/input_MDCRegistration"), "07640126"): Text '07640126' is set on object 'Object Repository/RAD_Pages/TaxInfo_Page/input_MDCRegistration'

2023-02-08 17:18:12 - [MESSAGE][PASSED] - Text '07640126' is set on object 'Object Repository/RAD_Pages/TaxInfo_Page/input_MDCRegistration'

2023-02-08 17:18:12 - [TEST_STEP][PASSED] - setText(findTestObject("Object Repository/RAD_Pages/SAU_MDForm202F_MF_AfterJuly2021_Page/input__GrossSales2"), "3000.00"): Text '3000.00' is set on object 'Object Repository/RAD_Pages/SAU_MDForm202F_MF_AfterJuly2021_Page/input__GrossSales2'

2023-02-08 17:18:13 - [MESSAGE][PASSED] - Text '3000.00' is set on object 'Object Repository/RAD_Pages/SAU_MDForm202F_MF_AfterJuly2021_Page/input__GrossSales2'

2023-02-08 17:18:13 - [TEST_STEP][PASSED] - click(findTestObject("Object Repository/RAD_Pages/SAU_MDForm202F_MF_AfterJuly2021_Page/input_Sales Tax Return Information_Marketpl_2444a2")): Object: 'Object Repository/RAD_Pages/SAU_MDForm202F_MF_AfterJuly2021_Page/input_Sales Tax Return Information_Marketpl_2444a2' is clicked on

2023-02-08 17:18:14 - [MESSAGE][PASSED] - Object: 'Object Repository/RAD_Pages/SAU_MDForm202F_MF_AfterJuly2021_Page/input_Sales Tax Return Information_Marketpl_2444a2' is clicked on

2023-02-08 17:18:14 - [TEST_STEP][PASSED] - click(findTestObject("Object Repository/RAD_Pages/SalesTaxReturnInfo_Page/input_OutOfStateVendor")): Object: 'Object Repository/RAD_Pages/SalesTaxReturnInfo_Page/input_OutOfStateVendor' is clicked on

2023-02-08 17:18:14 - [MESSAGE][PASSED] - Object: 'Object Repository/RAD_Pages/SalesTaxReturnInfo_Page/input_OutOfStateVendor' is clicked on

2023-02-08 17:18:14 - [TEST_STEP][PASSED] - setText(findTestObject("Object Repository/RAD_Pages/SAU_MDForm202F_MF_AfterJuly2021_Page/input__FacGrossSales2"), "3000.00"): Text '3000.00' is set on object 'Object Repository/RAD_Pages/SAU_MDForm202F_MF_AfterJuly2021_Page/input__FacGrossSales2'

2023-02-08 17:18:15 - [MESSAGE][PASSED] - Text '3000.00' is set on object 'Object Repository/RAD_Pages/SAU_MDForm202F_MF_AfterJuly2021_Page/input__FacGrossSales2'

2023-02-08 17:18:15 - [TEST_STEP][PASSED] - setText(findTestObject("Object Repository/RAD_Pages/SAU_MDForm202F_MF_AfterJuly2021_Page/input__FacTaxableSales2"), "100.00"): Text '100.00' is set on object 'Object Repository/RAD_Pages/SAU_MDForm202F_MF_AfterJuly2021_Page/input__FacTaxableSales2'

2023-02-08 17:18:16 - [MESSAGE][PASSED] - Text '100.00' is set on object 'Object Repository/RAD_Pages/SAU_MDForm202F_MF_AfterJuly2021_Page/input__FacTaxableSales2'

2023-02-08 17:18:16 - [TEST_STEP][PASSED] - setText(findTestObject("Object Repository/RAD_Pages/SAU_MDForm202F_MF_AfterJuly2021_Page/input__FacSalesDigitalProduct2"), "100.00"): Text '100.00' is set on object 'Object Repository/RAD_Pages/SAU_MDForm202F_MF_AfterJuly2021_Page/input__FacSalesDigitalProduct2'

2023-02-08 17:18:17 - [MESSAGE][PASSED] - Text '100.00' is set on object 'Object Repository/RAD_Pages/SAU_MDForm202F_MF_AfterJuly2021_Page/input__FacSalesDigitalProduct2'

2023-02-08 17:18:17 - [TEST_STEP][PASSED] - setText(findTestObject("Object Repository/RAD_Pages/SAU_MDForm202F_MF_AfterJuly2021_Page/input__FacTaxableSalesESD2"), "100.00"): Text '100.00' is set on object 'Object Repository/RAD_Pages/SAU_MDForm202F_MF_AfterJuly2021_Page/input__FacTaxableSalesESD2'

2023-02-08 17:18:18 - [MESSAGE][PASSED] - Text '100.00' is set on object 'Object Repository/RAD_Pages/SAU_MDForm202F_MF_AfterJuly2021_Page/input__FacTaxableSalesESD2'

2023-02-08 17:18:18 - [TEST_STEP][PASSED] - setText(findTestObject("Object Repository/RAD_Pages/SAU_MDForm202F_MF_AfterJuly2021_Page/input__FacTaxableSalesVapingLiquid2"), "100.00"): Text '100.00' is set on object 'Object Repository/RAD_Pages/SAU_MDForm202F_MF_AfterJuly2021_Page/input__FacTaxableSalesVapingLiquid2'

2023-02-08 17:18:19 - [MESSAGE][PASSED] - Text '100.00' is set on object 'Object Repository/RAD_Pages/SAU_MDForm202F_MF_AfterJuly2021_Page/input__FacTaxableSalesVapingLiquid2'

2023-02-08 17:18:19 - [TEST_STEP][PASSED] - setText(findTestObject("Object Repository/RAD_Pages/SAU_MDForm202F_MF_AfterJuly2021_Page/input__FacCarRental2"), "100.00"): Text '100.00' is set on object 'Object Repository/RAD_Pages/SAU_MDForm202F_MF_AfterJuly2021_Page/input__FacCarRental2'

2023-02-08 17:18:19 - [MESSAGE][PASSED] - Text '100.00' is set on object 'Object Repository/RAD_Pages/SAU_MDForm202F_MF_AfterJuly2021_Page/input__FacCarRental2'

2023-02-08 17:18:19 - [TEST_STEP][PASSED] - setText(findTestObject("Object Repository/RAD_Pages/SAU_MDForm202F_MF_AfterJuly2021_Page/input__FacTruckRental2"), "100.00"): Text '100.00' is set on object 'Object Repository/RAD_Pages/SAU_MDForm202F_MF_AfterJuly2021_Page/input__FacTruckRental2'

2023-02-08 17:18:20 - [MESSAGE][PASSED] - Text '100.00' is set on object 'Object Repository/RAD_Pages/SAU_MDForm202F_MF_AfterJuly2021_Page/input__FacTruckRental2'

2023-02-08 17:18:20 - [TEST_STEP][PASSED] - setText(findTestObject("Object Repository/RAD_Pages/SAU_MDForm202F_MF_AfterJuly2021_Page/input__FacAlcoholSales2"), "100.00"): Text '100.00' is set on object 'Object Repository/RAD_Pages/SAU_MDForm202F_MF_AfterJuly2021_Page/input__FacAlcoholSales2'

2023-02-08 17:18:21 - [MESSAGE][PASSED] - Text '100.00' is set on object 'Object Repository/RAD_Pages/SAU_MDForm202F_MF_AfterJuly2021_Page/input__FacAlcoholSales2'

2023-02-08 17:18:21 - [TEST_STEP][PASSED] - setText(findTestObject("Object Repository/RAD_Pages/SAU_MDForm202F_MF_AfterJuly2021_Page/input__GrossSales2"), "3000.00"): Text '3000.00' is set on object 'Object Repository/RAD_Pages/SAU_MDForm202F_MF_AfterJuly2021_Page/input__GrossSales2'

2023-02-08 17:18:22 - [MESSAGE][PASSED] - Text '3000.00' is set on object 'Object Repository/RAD_Pages/SAU_MDForm202F_MF_AfterJuly2021_Page/input__GrossSales2'

2023-02-08 17:18:22 - [TEST_STEP][PASSED] - setText(findTestObject("Object Repository/RAD_Pages/SAU_MDForm202F_MF_AfterJuly2021_Page/input__TaxableSales2"), "100.00"): Text '100.00' is set on object 'Object Repository/RAD_Pages/SAU_MDForm202F_MF_AfterJuly2021_Page/input__TaxableSales2'

2023-02-08 17:18:23 - [MESSAGE][PASSED] - Text '100.00' is set on object 'Object Repository/RAD_Pages/SAU_MDForm202F_MF_AfterJuly2021_Page/input__TaxableSales2'

2023-02-08 17:18:23 - [TEST_STEP][PASSED] - setText(findTestObject("Object Repository/RAD_Pages/SAU_MDForm202F_MF_AfterJuly2021_Page/input__TaxableSalesDigitalProduct2"), "100.00"): Text '100.00' is set on object 'Object Repository/RAD_Pages/SAU_MDForm202F_MF_AfterJuly2021_Page/input__TaxableSalesDigitalProduct2'

2023-02-08 17:18:24 - [MESSAGE][PASSED] - Text '100.00' is set on object 'Object Repository/RAD_Pages/SAU_MDForm202F_MF_AfterJuly2021_Page/input__TaxableSalesDigitalProduct2'

2023-02-08 17:18:24 - [TEST_STEP][PASSED] - setText(findTestObject("Object Repository/RAD_Pages/SAU_MDForm202F_MF_AfterJuly2021_Page/input__TaxableSalesESD2"), "100.00"): Text '100.00' is set on object 'Object Repository/RAD_Pages/SAU_MDForm202F_MF_AfterJuly2021_Page/input__TaxableSalesESD2'

2023-02-08 17:18:25 - [MESSAGE][PASSED] - Text '100.00' is set on object 'Object Repository/RAD_Pages/SAU_MDForm202F_MF_AfterJuly2021_Page/input__TaxableSalesESD2'

2023-02-08 17:18:25 - [TEST_STEP][PASSED] - setText(findTestObject("Object Repository/RAD_Pages/SAU_MDForm202F_MF_AfterJuly2021_Page/input__TaxableSalesVapingLiquid2"), "100.00"): Text '100.00' is set on object 'Object Repository/RAD_Pages/SAU_MDForm202F_MF_AfterJuly2021_Page/input__TaxableSalesVapingLiquid2'

2023-02-08 17:18:26 - [MESSAGE][PASSED] - Text '100.00' is set on object 'Object Repository/RAD_Pages/SAU_MDForm202F_MF_AfterJuly2021_Page/input__TaxableSalesVapingLiquid2'

2023-02-08 17:18:26 - [TEST_STEP][PASSED] - setText(findTestObject("Object Repository/RAD_Pages/SAU_MDForm202F_MF_AfterJuly2021_Page/input__CarRental2"), "100.00"): Text '100.00' is set on object 'Object Repository/RAD_Pages/SAU_MDForm202F_MF_AfterJuly2021_Page/input__CarRental2'

2023-02-08 17:18:26 - [MESSAGE][PASSED] - Text '100.00' is set on object 'Object Repository/RAD_Pages/SAU_MDForm202F_MF_AfterJuly2021_Page/input__CarRental2'

2023-02-08 17:18:26 - [TEST_STEP][PASSED] - setText(findTestObject("Object Repository/RAD_Pages/SAU_MDForm202F_MF_AfterJuly2021_Page/input__TruckRental2"), "100.00"): Text '100.00' is set on object 'Object Repository/RAD_Pages/SAU_MDForm202F_MF_AfterJuly2021_Page/input__TruckRental2'

2023-02-08 17:18:27 - [MESSAGE][PASSED] - Text '100.00' is set on object 'Object Repository/RAD_Pages/SAU_MDForm202F_MF_AfterJuly2021_Page/input__TruckRental2'

2023-02-08 17:18:27 - [TEST_STEP][PASSED] - setText(findTestObject("Object Repository/RAD_Pages/SAU_MDForm202F_MF_AfterJuly2021_Page/input__AlcoholSales2"), "100.00"): Text '100.00' is set on object 'Object Repository/RAD_Pages/SAU_MDForm202F_MF_AfterJuly2021_Page/input__AlcoholSales2'

2023-02-08 17:18:28 - [MESSAGE][PASSED] - Text '100.00' is set on object 'Object Repository/RAD_Pages/SAU_MDForm202F_MF_AfterJuly2021_Page/input__AlcoholSales2'

2023-02-08 17:18:28 - [TEST_STEP][PASSED] - setText(findTestObject("Object Repository/RAD_Pages/SAU_MDForm202F_MF_AfterJuly2021_Page/input__Purchases2"), "100.00"): Text '100.00' is set on object 'Object Repository/RAD_Pages/SAU_MDForm202F_MF_AfterJuly2021_Page/input__Purchases2'

2023-02-08 17:18:29 - [MESSAGE][PASSED] - Text '100.00' is set on object 'Object Repository/RAD_Pages/SAU_MDForm202F_MF_AfterJuly2021_Page/input__Purchases2'

2023-02-08 17:18:29 - [TEST_STEP][PASSED] - setText(findTestObject("Object Repository/RAD_Pages/SAU_MDForm202F_MF_AfterJuly2021_Page/input__TruckRentalPurchases2"), "100.00"): Text '100.00' is set on object 'Object Repository/RAD_Pages/SAU_MDForm202F_MF_AfterJuly2021_Page/input__TruckRentalPurchases2'

2023-02-08 17:18:30 - [MESSAGE][PASSED] - Text '100.00' is set on object 'Object Repository/RAD_Pages/SAU_MDForm202F_MF_AfterJuly2021_Page/input__TruckRentalPurchases2'

2023-02-08 17:18:30 - [TEST_STEP][PASSED] - setText(findTestObject("Object Repository/RAD_Pages/SAU_MDForm202F_MF_AfterJuly2021_Page/input__AlcoholPurchases2"), "100.00"): Text '100.00' is set on object 'Object Repository/RAD_Pages/SAU_MDForm202F_MF_AfterJuly2021_Page/input__AlcoholPurchases2'

2023-02-08 17:18:31 - [MESSAGE][PASSED] - Text '100.00' is set on object 'Object Repository/RAD_Pages/SAU_MDForm202F_MF_AfterJuly2021_Page/input__AlcoholPurchases2'

2023-02-08 17:18:31 - [TEST_STEP][PASSED] - setText(findTestObject("Object Repository/RAD_Pages/SAU_MDForm202F_MF_AfterJuly2021_Page/input__CarRentalPurchases2"), "100.00"): Text '100.00' is set on object 'Object Repository/RAD_Pages/SAU_MDForm202F_MF_AfterJuly2021_Page/input__CarRentalPurchases2'

2023-02-08 17:18:32 - [MESSAGE][PASSED] - Text '100.00' is set on object 'Object Repository/RAD_Pages/SAU_MDForm202F_MF_AfterJuly2021_Page/input__CarRentalPurchases2'

2023-02-08 17:18:32 - [TEST_STEP][PASSED] - setText(findTestObject("Object Repository/RAD_Pages/SAU_MDForm202F_MF_AfterJuly2021_Page/input__ESDPurchases2"), "100.00"): Text '100.00' is set on object 'Object Repository/RAD_Pages/SAU_MDForm202F_MF_AfterJuly2021_Page/input__ESDPurchases2'

2023-02-08 17:18:33 - [MESSAGE][PASSED] - Text '100.00' is set on object 'Object Repository/RAD_Pages/SAU_MDForm202F_MF_AfterJuly2021_Page/input__ESDPurchases2'

2023-02-08 17:18:33 - [TEST_STEP][PASSED] - setText(findTestObject("Object Repository/RAD_Pages/SAU_MDForm202F_MF_AfterJuly2021_Page/input__VapingLiquidPurchases2"), "100.00"): Text '100.00' is set on object 'Object Repository/RAD_Pages/SAU_MDForm202F_MF_AfterJuly2021_Page/input__VapingLiquidPurchases2'

2023-02-08 17:18:33 - [MESSAGE][PASSED] - Text '100.00' is set on object 'Object Repository/RAD_Pages/SAU_MDForm202F_MF_AfterJuly2021_Page/input__VapingLiquidPurchases2'

2023-02-08 17:18:33 - [TEST_STEP][PASSED] - setText(findTestObject("Object Repository/RAD_Pages/SAU_MDForm202F_MF_AfterJuly2021_Page/input__Refund2"), "100.00"): Text '100.00' is set on object 'Object Repository/RAD_Pages/SAU_MDForm202F_MF_AfterJuly2021_Page/input__Refund2'

2023-02-08 17:18:34 - [MESSAGE][PASSED] - Text '100.00' is set on object 'Object Repository/RAD_Pages/SAU_MDForm202F_MF_AfterJuly2021_Page/input__Refund2'

2023-02-08 17:18:34 - [TEST_STEP][PASSED] - setText(findTestObject("Object Repository/RAD_Pages/SAU_MDForm202F_MF_AfterJuly2021_Page/input__E911Fee2"), "95.00"): Text '95.00' is set on object 'Object Repository/RAD_Pages/SAU_MDForm202F_MF_AfterJuly2021_Page/input__E911Fee2'

2023-02-08 17:18:35 - [MESSAGE][PASSED] - Text '95.00' is set on object 'Object Repository/RAD_Pages/SAU_MDForm202F_MF_AfterJuly2021_Page/input__E911Fee2'

2023-02-08 17:18:35 - [TEST_STEP][PASSED] - scrollToElement(findTestObject("Object Repository/RAD_Pages/SAU_MDForm202_Page/button_Continue"), 3): Scroll to object 'Object Repository/RAD_Pages/SAU_MDForm202_Page/button_Continue' successfully

2023-02-08 17:18:36 - [MESSAGE][PASSED] - Scroll to object 'Object Repository/RAD_Pages/SAU_MDForm202_Page/button_Continue' successfully

2023-02-08 17:18:36 - [TEST_STEP][PASSED] - waitForElementClickable(findTestObject("Object Repository/RAD_Pages/SAU_MDForm202_Page/button_Continue"), 5): Object 'Object Repository/RAD_Pages/SAU_MDForm202_Page/button_Continue' is clickable

2023-02-08 17:18:36 - [MESSAGE][PASSED] - Object 'Object Repository/RAD_Pages/SAU_MDForm202_Page/button_Continue' is clickable

2023-02-08 17:18:36 - [TEST_STEP][PASSED] - click(findTestObject("Object Repository/RAD_Pages/SAU_MDForm202_Page/button_Continue")): Object: 'Object Repository/RAD_Pages/SAU_MDForm202_Page/button_Continue' is clicked on

2023-02-08 17:18:37 - [MESSAGE][PASSED] - Object: 'Object Repository/RAD_Pages/SAU_MDForm202_Page/button_Continue' is clicked on

2023-02-08 17:18:37 - [TEST_STEP][PASSED] - click(findTestObject("Object Repository/RAD_Pages/SAU_MDForm202_Page/button_Proceed to Payment")): Object: 'Object Repository/RAD_Pages/SAU_MDForm202_Page/button_Proceed to Payment' is clicked on

2023-02-08 17:18:38 - [MESSAGE][PASSED] - Object: 'Object Repository/RAD_Pages/SAU_MDForm202_Page/button_Proceed to Payment' is clicked on

2023-02-08 17:18:38 - [TEST_STEP][PASSED] - setText(findTestObject("Object Repository/RAD_Pages/SAU_MDForm202F_MF_AfterJuly2021_Page/input__cardNumber"), "4111111111111111"): Text '4111111111111111' is set on object 'Object Repository/RAD_Pages/SAU_MDForm202F_MF_AfterJuly2021_Page/input__cardNumber'

2023-02-08 17:18:39 - [MESSAGE][PASSED] - Text '4111111111111111' is set on object 'Object Repository/RAD_Pages/SAU_MDForm202F_MF_AfterJuly2021_Page/input__cardNumber'

2023-02-08 17:18:39 - [TEST_STEP][PASSED] - setText(findTestObject("Object Repository/RAD_Pages/SAU_MDForm202F_MF_AfterJuly2021_Page/input__spc"), "123"): Text '123' is set on object 'Object Repository/RAD_Pages/SAU_MDForm202F_MF_AfterJuly2021_Page/input__spc'

2023-02-08 17:18:40 - [MESSAGE][PASSED] - Text '123' is set on object 'Object Repository/RAD_Pages/SAU_MDForm202F_MF_AfterJuly2021_Page/input__spc'

2023-02-08 17:18:40 - [TEST_STEP][PASSED] - selectOptionByValue(findTestObject("Object Repository/RAD_Pages/SAU_MDForm202F_MF_AfterJuly2021_Page/select_MM010203040506070809101112"), "4", true): All options with value '4' are selected in object 'Object Repository/RAD_Pages/SAU_MDForm202F_MF_AfterJuly2021_Page/select_MM010203040506070809101112'  using regular expression

2023-02-08 17:18:42 - [MESSAGE][PASSED] - All options with value '4' are selected in object 'Object Repository/RAD_Pages/SAU_MDForm202F_MF_AfterJuly2021_Page/select_MM010203040506070809101112'  using regular expression

2023-02-08 17:18:42 - [TEST_STEP][PASSED] - selectOptionByValue(findTestObject("Object Repository/RAD_Pages/SAU_MDForm202F_MF_AfterJuly2021_Page/select_YYYY20212022202320242025202620272028_8c4dd4"), "2027", true): All options with value '2027' are selected in object 'Object Repository/RAD_Pages/SAU_MDForm202F_MF_AfterJuly2021_Page/select_YYYY20212022202320242025202620272028_8c4dd4'  using regular expression

2023-02-08 17:18:43 - [MESSAGE][PASSED] - All options with value '2027' are selected in object 'Object Repository/RAD_Pages/SAU_MDForm202F_MF_AfterJuly2021_Page/select_YYYY20212022202320242025202620272028_8c4dd4'  using regular expression

2023-02-08 17:18:43 - [TEST_STEP][PASSED] - click(findTestObject("Object Repository/RAD_Pages/SAU_MDForm202F_MF_AfterJuly2021_Page/input_BillInvoice Details_ccSubmit")): Object: 'Object Repository/RAD_Pages/SAU_MDForm202F_MF_AfterJuly2021_Page/input_BillInvoice Details_ccSubmit' is clicked on

2023-02-08 17:18:44 - [MESSAGE][PASSED] - Object: 'Object Repository/RAD_Pages/SAU_MDForm202F_MF_AfterJuly2021_Page/input_BillInvoice Details_ccSubmit' is clicked on

2023-02-08 17:18:44 - [TEST_STEP][PASSED] - click(findTestObject("Object Repository/RAD_Pages/SAU_MDForm202F_MF_AfterJuly2021_Page/input_275.75_confirmNotifyAction")): Object: 'Object Repository/RAD_Pages/SAU_MDForm202F_MF_AfterJuly2021_Page/input_275.75_confirmNotifyAction' is clicked on

2023-02-08 17:18:46 - [MESSAGE][PASSED] - Object: 'Object Repository/RAD_Pages/SAU_MDForm202F_MF_AfterJuly2021_Page/input_275.75_confirmNotifyAction' is clicked on

2023-02-08 17:18:46 - [TEST_STEP][PASSED] - click(findTestObject("Object Repository/RAD_Pages/SAU_MDForm202F_MF_AfterJuly2021_Page/input_282.51_convFeeNotifyAction")): Object: 'Object Repository/RAD_Pages/SAU_MDForm202F_MF_AfterJuly2021_Page/input_282.51_convFeeNotifyAction' is clicked on

2023-02-08 17:18:48 - [MESSAGE][PASSED] - Object: 'Object Repository/RAD_Pages/SAU_MDForm202F_MF_AfterJuly2021_Page/input_282.51_convFeeNotifyAction' is clicked on

2023-02-08 17:18:48 - [TEST_STEP][PASSED] - delay(10): Delayed 10 second(s)

2023-02-08 17:18:58 - [MESSAGE][PASSED] - Delayed 10 second(s)

2023-02-08 17:18:58 - [TEST_STEP][PASSED] - verifyTextPresent("Successful Payment Receipt", true): Text 'Successful Payment Receipt' is present on page  using regular expression

2023-02-08 17:18:58 - [MESSAGE][PASSED] - Text 'Successful Payment Receipt' is present on page  using regular expression

2023-02-08 17:18:58 - [TEST_STEP][PASSED] - closeBrowser(): Browser is closed

2023-02-08 17:18:59 - [MESSAGE][PASSED] - Browser is closed]]></system-out>
         <system-err><![CDATA[]]></system-err>
      </testcase>
      <system-out><![CDATA[2023-02-08 16:38:07 - [TEST_SUITE][PASSED] - RAD_UI_TestSuite: Test Cases/RAD_TestCases/PaymentsHardCoded/SAU_MDForm202F_AfterJuly2021_BothChkBox_HC_TC]]></system-out>
      <system-err><![CDATA[]]></system-err>
   </testsuite>
</testsuites>
