<?xml version="1.0" encoding="UTF-8"?>
<testsuites name="QA_IWP2.5_Regression" time="7472.507" tests="45" failures="2" errors="0">
   <testsuite name="QA_IWP2.5_Regression" tests="45" failures="2" errors="0" time="7472.507" skipped="0" timestamp="28-08-2024T19:07:00" hostname="t476046 - TXD87096.deluxe.com" id="Test Suites/QA/IWP2.5/QA_IWP2.5_Regression">
      <properties>
         <property name="deviceName" value=""/>
         <property name="devicePlatform"/>
         <property name="logFolder" value="C:\\Users\\t476046\\Documents\\katalon\\VPS-Katalon\\Reports\\20240828_190627\\QA\\IWP2.5\\QA_IWP2.5_Regression\\20240828_190627"/>
         <property name="logFiles" value="C:\\Users\\t476046\\Documents\\katalon\\VPS-Katalon\\Reports\\20240828_190627\\QA\\IWP2.5\\QA_IWP2.5_Regression\\20240828_190627\\execution0.log"/>
         <property name="attachments" value="C:\\Users\\t476046\\Documents\\katalon\\VPS-Katalon\\Reports\\20240828_190627\\QA\\IWP2.5\\QA_IWP2.5_Regression\\20240828_190627\\1724856521232.png, C:\\Users\\t476046\\Documents\\katalon\\VPS-Katalon\\Reports\\20240828_190627\\QA\\IWP2.5\\QA_IWP2.5_Regression\\20240828_190627\\1724856557398.png, C:\\Users\\t476046\\Documents\\katalon\\VPS-Katalon\\Reports\\20240828_190627\\QA\\IWP2.5\\QA_IWP2.5_Regression\\20240828_190627\\1724856613448.png, C:\\Users\\t476046\\Documents\\katalon\\VPS-Katalon\\Reports\\20240828_190627\\QA\\IWP2.5\\QA_IWP2.5_Regression\\20240828_190627\\1724856649718.png, C:\\Users\\t476046\\Documents\\katalon\\VPS-Katalon\\Reports\\20240828_190627\\QA\\IWP2.5\\QA_IWP2.5_Regression\\20240828_190627\\1724856684937.png, C:\\Users\\t476046\\Documents\\katalon\\VPS-Katalon\\Reports\\20240828_190627\\QA\\IWP2.5\\QA_IWP2.5_Regression\\20240828_190627\\1724856720998.png, C:\\Users\\t476046\\Documents\\katalon\\VPS-Katalon\\Reports\\20240828_190627\\QA\\IWP2.5\\QA_IWP2.5_Regression\\20240828_190627\\1724856754189.png, C:\\Users\\t476046\\Documents\\katalon\\VPS-Katalon\\Reports\\20240828_190627\\QA\\IWP2.5\\QA_IWP2.5_Regression\\20240828_190627\\1724856790026.png, C:\\Users\\t476046\\Documents\\katalon\\VPS-Katalon\\Reports\\20240828_190627\\QA\\IWP2.5\\QA_IWP2.5_Regression\\20240828_190627\\1724856825731.png, C:\\Users\\t476046\\Documents\\katalon\\VPS-Katalon\\Reports\\20240828_190627\\QA\\IWP2.5\\QA_IWP2.5_Regression\\20240828_190627\\1724856861897.png, C:\\Users\\t476046\\Documents\\katalon\\VPS-Katalon\\Reports\\20240828_190627\\QA\\IWP2.5\\QA_IWP2.5_Regression\\20240828_190627\\1724856897241.png, C:\\Users\\t476046\\Documents\\katalon\\VPS-Katalon\\Reports\\20240828_190627\\QA\\IWP2.5\\QA_IWP2.5_Regression\\20240828_190627\\1724856932900.png, C:\\Users\\t476046\\Documents\\katalon\\VPS-Katalon\\Reports\\20240828_190627\\QA\\IWP2.5\\QA_IWP2.5_Regression\\20240828_190627\\1724856968376.png, C:\\Users\\t476046\\Documents\\katalon\\VPS-Katalon\\Reports\\20240828_190627\\QA\\IWP2.5\\QA_IWP2.5_Regression\\20240828_190627\\1724857003272.png, C:\\Users\\t476046\\Documents\\katalon\\VPS-Katalon\\Reports\\20240828_190627\\QA\\IWP2.5\\QA_IWP2.5_Regression\\20240828_190627\\1724857038632.png, C:\\Users\\t476046\\Documents\\katalon\\VPS-Katalon\\Reports\\20240828_190627\\QA\\IWP2.5\\QA_IWP2.5_Regression\\20240828_190627\\1724857075966.png, C:\\Users\\t476046\\Documents\\katalon\\VPS-Katalon\\Reports\\20240828_190627\\QA\\IWP2.5\\QA_IWP2.5_Regression\\20240828_190627\\1724857110930.png, C:\\Users\\t476046\\Documents\\katalon\\VPS-Katalon\\Reports\\20240828_190627\\QA\\IWP2.5\\QA_IWP2.5_Regression\\20240828_190627\\1724857146614.png, C:\\Users\\t476046\\Documents\\katalon\\VPS-Katalon\\Reports\\20240828_190627\\QA\\IWP2.5\\QA_IWP2.5_Regression\\20240828_190627\\1724857181651.png, C:\\Users\\t476046\\Documents\\katalon\\VPS-Katalon\\Reports\\20240828_190627\\QA\\IWP2.5\\QA_IWP2.5_Regression\\20240828_190627\\1724857218138.png, C:\\Users\\t476046\\Documents\\katalon\\VPS-Katalon\\Reports\\20240828_190627\\QA\\IWP2.5\\QA_IWP2.5_Regression\\20240828_190627\\1724857254580.png, C:\\Users\\t476046\\Documents\\katalon\\VPS-Katalon\\Reports\\20240828_190627\\QA\\IWP2.5\\QA_IWP2.5_Regression\\20240828_190627\\1724859357276.png, C:\\Users\\t476046\\Documents\\katalon\\VPS-Katalon\\Reports\\20240828_190627\\QA\\IWP2.5\\QA_IWP2.5_Regression\\20240828_190627\\1724859358701.png, C:\\Users\\t476046\\Documents\\katalon\\VPS-Katalon\\Reports\\20240828_190627\\QA\\IWP2.5\\QA_IWP2.5_Regression\\20240828_190627\\1724859358866.png, C:\\Users\\t476046\\Documents\\katalon\\VPS-Katalon\\Reports\\20240828_190627\\QA\\IWP2.5\\QA_IWP2.5_Regression\\20240828_190627\\1724859359050.png, C:\\Users\\t476046\\Documents\\katalon\\VPS-Katalon\\Reports\\20240828_190627\\QA\\IWP2.5\\QA_IWP2.5_Regression\\20240828_190627\\1724859391511.png, C:\\Users\\t476046\\Documents\\katalon\\VPS-Katalon\\Reports\\20240828_190627\\QA\\IWP2.5\\QA_IWP2.5_Regression\\20240828_190627\\1724859391703.png, C:\\Users\\t476046\\Documents\\katalon\\VPS-Katalon\\Reports\\20240828_190627\\QA\\IWP2.5\\QA_IWP2.5_Regression\\20240828_190627\\1724859492520.png, C:\\Users\\t476046\\Documents\\katalon\\VPS-Katalon\\Reports\\20240828_190627\\QA\\IWP2.5\\QA_IWP2.5_Regression\\20240828_190627\\1724859494331.png, C:\\Users\\t476046\\Documents\\katalon\\VPS-Katalon\\Reports\\20240828_190627\\QA\\IWP2.5\\QA_IWP2.5_Regression\\20240828_190627\\1724859494485.png, C:\\Users\\t476046\\Documents\\katalon\\VPS-Katalon\\Reports\\20240828_190627\\QA\\IWP2.5\\QA_IWP2.5_Regression\\20240828_190627\\1724859494650.png, C:\\Users\\t476046\\Documents\\katalon\\VPS-Katalon\\Reports\\20240828_190627\\QA\\IWP2.5\\QA_IWP2.5_Regression\\20240828_190627\\1724859526995.png, C:\\Users\\t476046\\Documents\\katalon\\VPS-Katalon\\Reports\\20240828_190627\\QA\\IWP2.5\\QA_IWP2.5_Regression\\20240828_190627\\1724859527158.png, C:\\Users\\t476046\\Documents\\katalon\\VPS-Katalon\\Reports\\20240828_190627\\QA\\IWP2.5\\QA_IWP2.5_Regression\\20240828_190627\\1724859625365.png, C:\\Users\\t476046\\Documents\\katalon\\VPS-Katalon\\Reports\\20240828_190627\\QA\\IWP2.5\\QA_IWP2.5_Regression\\20240828_190627\\1724859625531.png, C:\\Users\\t476046\\Documents\\katalon\\VPS-Katalon\\Reports\\20240828_190627\\QA\\IWP2.5\\QA_IWP2.5_Regression\\20240828_190627\\1724859657677.png, C:\\Users\\t476046\\Documents\\katalon\\VPS-Katalon\\Reports\\20240828_190627\\QA\\IWP2.5\\QA_IWP2.5_Regression\\20240828_190627\\1724859657830.png"/>
         <property name="hostName" value="t476046 - TXD87096.deluxe.com"/>
         <property name="os" value="Windows 10 64bit"/>
         <property name="katalonVersion" value="9.6.0.217"/>
         <property name="browser" value="Edge Chromium 128"/>
         <property name="hostAddress" value="10.203.40.166"/>
         <property name="sessionId" value="75633546db4f5c0cca938acf3686e19e"/>
         <property name="seleniumVersion" value="3.141.59"/>
         <property name="proxyInformation" value="ProxyInformation { proxyOption=NO_PROXY, proxyServerType=HTTP, username=, password=********, proxyServerAddress=, proxyServerPort=0, executionList=&quot;&quot;, isApplyToDesiredCapabilities=true }"/>
         <property name="platform" value="Windows 10"/>
      </properties>
      <testcase name="Test Cases/IntegratedWeb/IWP25/Error/MaxAmountErrorCorp" time="116.316" classname="Test Cases/IntegratedWeb/IWP25/Error/MaxAmountErrorCorp" status="PASSED">
         <system-out><![CDATA[28-08-2024T19:07:00 - [TEST_CASE][PASSED] - Test Cases/IntegratedWeb/IWP25/Error/MaxAmountErrorCorp: Test Cases/IntegratedWeb/IWP25/Error/MaxAmountErrorCorp

28-08-2024T19:07:04 - [TEST_STEP][PASSED] - resText = "Fail": null

28-08-2024T19:07:04 - [TEST_STEP][PASSED] - resColumn = "Result": null

28-08-2024T19:07:04 - [TEST_STEP][PASSED] - datCloumn = "Date": null

28-08-2024T19:07:04 - [TEST_STEP][PASSED] - fileLoc = "KatalonData/IWPTestData/VRelay25Payments.xlsx": null

28-08-2024T19:07:04 - [TEST_STEP][PASSED] - numOfRows = <not implemented yet for class: org.codehaus.groovy.ast.expr.EmptyExpression>: null

28-08-2024T19:07:04 - [TEST_STEP][PASSED] - dataFile = <not implemented yet for class: org.codehaus.groovy.ast.expr.EmptyExpression>: null

28-08-2024T19:07:04 - [TEST_STEP][PASSED] - nameSheet = <not implemented yet for class: org.codehaus.groovy.ast.expr.EmptyExpression>: null

28-08-2024T19:07:04 - [TEST_STEP][PASSED] - dataFileEmulator = <not implemented yet for class: org.codehaus.groovy.ast.expr.EmptyExpression>: null

28-08-2024T19:07:04 - [TEST_STEP][PASSED] - nameSheet = "MaxAmountErrorCorp": null

28-08-2024T19:07:04 - [TEST_STEP][PASSED] - dataFile = "IWPTestData/IWP25MaxAmountErrorCorp": null

28-08-2024T19:07:04 - [TEST_STEP][PASSED] - dataFileEmulator = "IWPTestData/EmulatorData": null

28-08-2024T19:07:04 - [TEST_STEP][PASSED] - numOfRows = findTestData(dataFile).getRowNumbers(): null

28-08-2024T19:07:05 - [TEST_STEP][PASSED] - println("Number of Records: " + numOfRows): null

28-08-2024T19:07:05 - [TEST_STEP][PASSED] - for ([row = 1, row <= numOfRows, (row++)]): Browser is closed

28-08-2024T19:07:05 - [TEST_STEP][PASSED] - ExecuteTC = findTestData(dataFile).getValue("Execute", row): null

28-08-2024T19:07:05 - [TEST_STEP][PASSED] - out.println("Value of Execute is : " + ExecuteTC): null

28-08-2024T19:07:06 - [TEST_STEP][PASSED] - if (ExecuteTC.equalsIgnoreCase("Y")): null

28-08-2024T19:07:07 - [TEST_STEP][PASSED] - out.println("Begin Record Number: " + row): null

28-08-2024T19:07:07 - [TEST_STEP][PASSED] - today = new java.util.Date(): null

28-08-2024T19:07:07 - [TEST_STEP][PASSED] - println(today): null

28-08-2024T19:07:07 - [TEST_STEP][PASSED] - datText = today: null

28-08-2024T19:07:07 - [TEST_STEP][PASSED] - EmulatorDataKey = findTestData(dataFile).getValue("EmulatorData", row): null

28-08-2024T19:07:08 - [TEST_STEP][PASSED] - out.println("Value of Emulator Key is : " + EmulatorDataKey): null

28-08-2024T19:07:08 - [TEST_STEP][PASSED] - iwpPages.emulatorIWP30.setDataEmulator_DD(EmulatorDataKey): iwpPages.emulatorIWP30.setDataEmulator_DD is PASSED

28-08-2024T19:07:12 - [MESSAGE][INFO] - Starting 'Edge Chromium' driver

28-08-2024T19:07:12 - [MESSAGE][INFO] - User set preference: ['acceptInsecureCerts', 'true']

28-08-2024T19:07:16 - [MESSAGE][INFO] - Action delay is set to 0 milliseconds

28-08-2024T19:07:25 - [MESSAGE][PASSED] - Browser is opened with url: 'https://qa2.velocitypayment.com/agency/config.do?action=editor&message_version=2_5'

28-08-2024T19:07:25 - [MESSAGE][PASSED] - Current window maximized

28-08-2024T19:07:26 - [MESSAGE][PASSED] - All options with value '2.5' are selected in object 'Object Repository/IWP30/Page_VRelay30Emulator/MV'  using regular expression

28-08-2024T19:07:28 - [MESSAGE][PASSED] - Text '10.50' is set on object 'Object Repository/IWP30/Page_VRelay30Emulator/Amount'

28-08-2024T19:07:30 - [MESSAGE][PASSED] - Text '26413414' is set on object 'Object Repository/IWP30/Page_VRelay30Emulator/CAN'

28-08-2024T19:07:31 - [MESSAGE][PASSED] - Text 'PayNow' is set on object 'Object Repository/IWP30/Page_VRelay30Emulator/Action'

28-08-2024T19:07:31 - [MESSAGE][PASSED] - Text 'en_US' is set on object 'Object Repository/IWP30/Page_VRelay30Emulator/Lang'

28-08-2024T19:07:32 - [MESSAGE][PASSED] - Text '' is set on object 'Object Repository/IWP30/Page_VRelay30Emulator/Fname'

28-08-2024T19:07:33 - [MESSAGE][PASSED] - Text '' is set on object 'Object Repository/IWP30/Page_VRelay30Emulator/Lname'

28-08-2024T19:07:33 - [MESSAGE][PASSED] - Text '' is set on object 'Object Repository/IWP30/Page_VRelay30Emulator/AL1'

28-08-2024T19:07:35 - [MESSAGE][PASSED] - Text '' is set on object 'Object Repository/IWP30/Page_VRelay30Emulator/AL2'

28-08-2024T19:07:36 - [MESSAGE][PASSED] - Text '' is set on object 'Object Repository/IWP30/Page_VRelay30Emulator/Country'

28-08-2024T19:07:37 - [MESSAGE][PASSED] - Text '' is set on object 'Object Repository/IWP30/Page_VRelay30Emulator/City'

28-08-2024T19:07:38 - [MESSAGE][PASSED] - Text '' is set on object 'Object Repository/IWP30/Page_VRelay30Emulator/State'

28-08-2024T19:07:38 - [MESSAGE][PASSED] - Text '' is set on object 'Object Repository/IWP30/Page_VRelay30Emulator/ZIP'

28-08-2024T19:07:39 - [MESSAGE][PASSED] - Text '' is set on object 'Object Repository/IWP30/Page_VRelay30Emulator/Order'

28-08-2024T19:07:39 - [MESSAGE][PASSED] - Text '' is set on object 'Object Repository/IWP30/Page_VRelay30Emulator/Company'

28-08-2024T19:07:41 - [MESSAGE][PASSED] - Text '' is set on object 'Object Repository/IWP30/Page_VRelay30Emulator/Email'

28-08-2024T19:07:43 - [MESSAGE][PASSED] - Text '' is set on object 'Object Repository/IWP30/Page_VRelay30Emulator/UDF1'

28-08-2024T19:07:43 - [MESSAGE][PASSED] - Text '' is set on object 'Object Repository/IWP30/Page_VRelay30Emulator/UDF2'

28-08-2024T19:07:44 - [MESSAGE][PASSED] - Text '' is set on object 'Object Repository/IWP30/Page_VRelay30Emulator/UDF3'

28-08-2024T19:07:45 - [MESSAGE][PASSED] - Text 'udf data 4' is set on object 'Object Repository/IWP30/Page_VRelay30Emulator/UDF4'

28-08-2024T19:07:45 - [MESSAGE][PASSED] - Text 'udf data 5' is set on object 'Object Repository/IWP30/Page_VRelay30Emulator/UDF5'

28-08-2024T19:07:46 - [MESSAGE][PASSED] - Text '' is set on object 'Object Repository/IWP30/Page_VRelay30Emulator/UDF6'

28-08-2024T19:07:47 - [MESSAGE][PASSED] - Text '' is set on object 'Object Repository/IWP30/Page_VRelay30Emulator/UDF7'

28-08-2024T19:07:48 - [MESSAGE][PASSED] - Text '' is set on object 'Object Repository/IWP30/Page_VRelay30Emulator/UDF8'

28-08-2024T19:07:50 - [MESSAGE][PASSED] - Text 'udf data 9' is set on object 'Object Repository/IWP30/Page_VRelay30Emulator/UDF9'

28-08-2024T19:07:51 - [MESSAGE][PASSED] - Text 'udf data 10' is set on object 'Object Repository/IWP30/Page_VRelay30Emulator/UDF10'

28-08-2024T19:07:52 - [MESSAGE][PASSED] - Object: 'Object Repository/IWP30/Page_VRelay30Emulator/Submit' is clicked on

28-08-2024T19:07:57 - [MESSAGE][PASSED] - Browser is closed

28-08-2024T19:08:01 - [MESSAGE][PASSED] - iwpPages.emulatorIWP30.setDataEmulator_DD is PASSED

28-08-2024T19:08:01 - [TEST_STEP][PASSED] - testHarnessURL = urlTestHarness: null

28-08-2024T19:08:01 - [TEST_STEP][PASSED] - openBrowser(testHarnessURL): Browser is opened with url: 'https://dev-algorithm.govolution.com/vrelaytest/QA2/version_2_2/vrelaytest.html'

28-08-2024T19:08:01 - [MESSAGE][INFO] - Starting 'Edge Chromium' driver

28-08-2024T19:08:01 - [MESSAGE][INFO] - User set preference: ['acceptInsecureCerts', 'true']

28-08-2024T19:08:04 - [MESSAGE][INFO] - Action delay is set to 0 milliseconds

28-08-2024T19:08:09 - [MESSAGE][PASSED] - Browser is opened with url: 'https://dev-algorithm.govolution.com/vrelaytest/QA2/version_2_2/vrelaytest.html'

28-08-2024T19:08:09 - [TEST_STEP][PASSED] - maximizeWindow(): Current window maximized

28-08-2024T19:08:09 - [MESSAGE][PASSED] - Current window maximized

28-08-2024T19:08:09 - [TEST_STEP][PASSED] - iwpPages.TestHarnessPage.setDataMethod(row, dataFile): iwpPages.TestHarnessPage.setDataMethod is PASSED

28-08-2024T19:08:09 - [MESSAGE][PASSED] - Object 'Object Repository/IWP30/Page_QATestHarness/RemittanceID' is present

28-08-2024T19:08:10 - [MESSAGE][PASSED] - Text '638' is set on object 'Object Repository/IWP30/Page_QATestHarness/ApplicationID'

28-08-2024T19:08:11 - [MESSAGE][PASSED] - Text '2.5' is set on object 'Object Repository/IWP30/Page_QATestHarness/MessageVersion'

28-08-2024T19:08:12 - [MESSAGE][PASSED] - Text 'zz6M6EIn5oyC' is set on object 'Object Repository/IWP30/Page_QATestHarness/RemittanceID'

28-08-2024T19:08:17 - [MESSAGE][PASSED] - Object: 'Object Repository/IWP30/Page_QATestHarness/SubmitButton' is clicked on

28-08-2024T19:08:17 - [MESSAGE][PASSED] - iwpPages.TestHarnessPage.setDataMethod is PASSED

28-08-2024T19:08:17 - [TEST_STEP][PASSED] - click(findTestObject("Object Repository/IWP30/Page_SelectPaymentMethod/PayByCorporateCheck")): Object: 'Object Repository/IWP30/Page_SelectPaymentMethod/PayByCorporateCheck' is clicked on

28-08-2024T19:08:18 - [MESSAGE][PASSED] - Object: 'Object Repository/IWP30/Page_SelectPaymentMethod/PayByCorporateCheck' is clicked on

28-08-2024T19:08:18 - [TEST_STEP][PASSED] - click(findTestObject("Object Repository/IWP30/Page_SelectPaymentMethod/MakePaymentButton")): Object: 'Object Repository/IWP30/Page_SelectPaymentMethod/MakePaymentButton' is clicked on

28-08-2024T19:08:22 - [MESSAGE][PASSED] - Object: 'Object Repository/IWP30/Page_SelectPaymentMethod/MakePaymentButton' is clicked on

28-08-2024T19:08:22 - [TEST_STEP][PASSED] - iwpPages.achCorporatePaymentEntryPage.setDataCorporate(row, dataFile): iwpPages.achCorporatePaymentEntryPage.setDataCorporate is PASSED

28-08-2024T19:08:24 - [MESSAGE][PASSED] - Object 'Object Repository/IWP30/Page_ACHCorporatePaymentEntry/txt_accountNumber' is present

28-08-2024T19:08:24 - [MESSAGE][PASSED] - Object 'Object Repository/IWP30/Page_ACHCorporatePaymentEntry/input_CompanyName' is present

28-08-2024T19:08:25 - [MESSAGE][PASSED] - Text 'My Company' is set on object 'Object Repository/IWP30/Page_ACHCorporatePaymentEntry/input_CompanyName'

28-08-2024T19:08:27 - [MESSAGE][PASSED] - Object 'Object Repository/IWP30/Page_ACHCorporatePaymentEntry/input_EIN' is present

28-08-2024T19:08:28 - [MESSAGE][PASSED] - Text '123456789' is set on object 'Object Repository/IWP30/Page_ACHCorporatePaymentEntry/input_EIN'

28-08-2024T19:08:29 - [MESSAGE][PASSED] - Text '200.50' is set on object 'Object Repository/IWP30/Page_ACHCorporatePaymentEntry/txt_Amount'

28-08-2024T19:08:30 - [MESSAGE][PASSED] - Text 'udf data 2' is set on object 'Object Repository/IWP30/Page_ACHCorporatePaymentEntry/txt_UDF2'

28-08-2024T19:08:30 - [MESSAGE][PASSED] - Text 'udf data 3' is set on object 'Object Repository/IWP30/Page_ACHCorporatePaymentEntry/txt_UDF3'

28-08-2024T19:08:31 - [MESSAGE][PASSED] - All options with label 'Orange' are selected in object 'Object Repository/IWP30/Page_ACHCorporatePaymentEntry/dd_UDF7' 

28-08-2024T19:08:32 - [MESSAGE][PASSED] - All options with label 'Soccer' are selected in object 'Object Repository/IWP30/Page_ACHCorporatePaymentEntry/dd_UDF8' 

28-08-2024T19:08:32 - [MESSAGE][PASSED] - Object 'Object Repository/IWP30/Page_ACHCorporatePaymentEntry/txt_routingNumber' is present

28-08-2024T19:08:34 - [MESSAGE][PASSED] - Text '256072691' is set on object 'Object Repository/IWP30/Page_ACHCorporatePaymentEntry/txt_routingNumber'

28-08-2024T19:08:34 - [MESSAGE][PASSED] - Object 'Object Repository/IWP30/Page_ACHCorporatePaymentEntry/txt_accountNumber' is present

28-08-2024T19:08:36 - [MESSAGE][PASSED] - Text '12344444' is set on object 'Object Repository/IWP30/Page_ACHCorporatePaymentEntry/txt_accountNumber'

28-08-2024T19:08:36 - [MESSAGE][PASSED] - Object 'Object Repository/IWP30/Page_ACHCorporatePaymentEntry/txt_confirmAccountNumber' is present

28-08-2024T19:08:37 - [MESSAGE][PASSED] - Text '12344444' is set on object 'Object Repository/IWP30/Page_ACHCorporatePaymentEntry/txt_confirmAccountNumber'

28-08-2024T19:08:38 - [MESSAGE][PASSED] - Text '365 Main Avenue' is set on object 'Object Repository/IWP30/Page_ACHCorporatePaymentEntry/txt_AL1'

28-08-2024T19:08:38 - [MESSAGE][PASSED] - Text '22201' is set on object 'Object Repository/IWP30/Page_ACHCorporatePaymentEntry/txt_ZIP'

28-08-2024T19:08:39 - [MESSAGE][PASSED] - Object 'Object Repository/IWP30/Page_ACHCorporatePaymentEntry/txt_Email' is present

28-08-2024T19:08:41 - [MESSAGE][PASSED] - Text 'iahmed@govolution.com' is set on object 'Object Repository/IWP30/Page_ACHCorporatePaymentEntry/txt_Email'

28-08-2024T19:08:42 - [MESSAGE][PASSED] - Object 'Object Repository/IWP30/Page_ACHCorporatePaymentEntry/cb_TermsAndCond' is present

28-08-2024T19:08:42 - [MESSAGE][PASSED] - Object: 'Object Repository/IWP30/Page_ACHCorporatePaymentEntry/cb_TermsAndCond' is clicked on

28-08-2024T19:08:42 - [MESSAGE][PASSED] - Object 'Object Repository/IWP30/Page_ACHCorporatePaymentEntry/btn_Continue' is present

28-08-2024T19:08:45 - [MESSAGE][PASSED] - Object: 'Object Repository/IWP30/Page_ACHCorporatePaymentEntry/btn_Continue' is clicked on

28-08-2024T19:08:45 - [MESSAGE][PASSED] - iwpPages.achCorporatePaymentEntryPage.setDataCorporate is PASSED

28-08-2024T19:08:45 - [TEST_STEP][PASSED] - Thread.sleep(10000): null

28-08-2024T19:08:55 - [TEST_STEP][PASSED] - if (verifyTextPresent("Amount is greater than maximum", false)): null

28-08-2024T19:08:55 - [MESSAGE][PASSED] - Text 'Amount is greater than maximum' is present on page 

28-08-2024T19:08:55 - [TEST_STEP][PASSED] - println("Max Amount Error message shown"): null

28-08-2024T19:08:55 - [TEST_STEP][PASSED] - markPassed("Max Amount Error message shown"): Max Amount Error message shown

28-08-2024T19:08:55 - [MESSAGE][PASSED] - Max Amount Error message shown

28-08-2024T19:08:55 - [TEST_STEP][PASSED] - resText = "Pass": null

28-08-2024T19:08:55 - [TEST_STEP][PASSED] - pages.WriteExcel.demoKey(resText, datText, resColumn, datCloumn, fileLoc, nameSheet, row): pages.WriteExcel.demoKey is PASSED

28-08-2024T19:08:56 - [MESSAGE][PASSED] - pages.WriteExcel.demoKey is PASSED

28-08-2024T19:08:56 - [TEST_STEP][PASSED] - closeBrowser(): Browser is closed

28-08-2024T19:08:57 - [MESSAGE][PASSED] - Browser is closed]]></system-out>
         <system-err><![CDATA[]]></system-err>
      </testcase>
      <testcase name="Test Cases/IntegratedWeb/IWP25/Error/MaxAmountErrorPC" time="100.488" classname="Test Cases/IntegratedWeb/IWP25/Error/MaxAmountErrorPC" status="PASSED">
         <system-out><![CDATA[28-08-2024T19:08:57 - [TEST_CASE][PASSED] - Test Cases/IntegratedWeb/IWP25/Error/MaxAmountErrorPC: Test Cases/IntegratedWeb/IWP25/Error/MaxAmountErrorPC

28-08-2024T19:09:00 - [TEST_STEP][PASSED] - resText = "Fail": null

28-08-2024T19:09:00 - [TEST_STEP][PASSED] - resColumn = "Result": null

28-08-2024T19:09:00 - [TEST_STEP][PASSED] - datCloumn = "Date": null

28-08-2024T19:09:00 - [TEST_STEP][PASSED] - fileLoc = "KatalonData/IWPTestData/VRelay25Payments.xlsx": null

28-08-2024T19:09:00 - [TEST_STEP][PASSED] - numOfRows = <not implemented yet for class: org.codehaus.groovy.ast.expr.EmptyExpression>: null

28-08-2024T19:09:00 - [TEST_STEP][PASSED] - dataFile = <not implemented yet for class: org.codehaus.groovy.ast.expr.EmptyExpression>: null

28-08-2024T19:09:00 - [TEST_STEP][PASSED] - nameSheet = <not implemented yet for class: org.codehaus.groovy.ast.expr.EmptyExpression>: null

28-08-2024T19:09:00 - [TEST_STEP][PASSED] - dataFileEmulator = <not implemented yet for class: org.codehaus.groovy.ast.expr.EmptyExpression>: null

28-08-2024T19:09:00 - [TEST_STEP][PASSED] - nameSheet = "MaxAmountErrorPC": null

28-08-2024T19:09:00 - [TEST_STEP][PASSED] - dataFile = "IWPTestData/IWP25MaxAmountErrorPC": null

28-08-2024T19:09:00 - [TEST_STEP][PASSED] - dataFileEmulator = "IWPTestData/EmulatorData": null

28-08-2024T19:09:00 - [TEST_STEP][PASSED] - numOfRows = findTestData(dataFile).getRowNumbers(): null

28-08-2024T19:09:00 - [TEST_STEP][PASSED] - println("Number of Records: " + numOfRows): null

28-08-2024T19:09:00 - [TEST_STEP][PASSED] - for ([row = 1, row <= numOfRows, (row++)]): Browser is closed

28-08-2024T19:09:00 - [TEST_STEP][PASSED] - ExecuteTC = findTestData(dataFile).getValue("Execute", row): null

28-08-2024T19:09:00 - [TEST_STEP][PASSED] - out.println("Value of Execute is : " + ExecuteTC): null

28-08-2024T19:09:00 - [TEST_STEP][PASSED] - if (ExecuteTC.equalsIgnoreCase("Y")): null

28-08-2024T19:09:00 - [TEST_STEP][PASSED] - out.println("Begin Record Number: " + row): null

28-08-2024T19:09:00 - [TEST_STEP][PASSED] - today = new java.util.Date(): null

28-08-2024T19:09:00 - [TEST_STEP][PASSED] - println(today): null

28-08-2024T19:09:00 - [TEST_STEP][PASSED] - datText = today: null

28-08-2024T19:09:00 - [TEST_STEP][PASSED] - EmulatorDataKey = findTestData(dataFile).getValue("EmulatorData", row): null

28-08-2024T19:09:00 - [TEST_STEP][PASSED] - out.println("Value of Emulator Key is : " + EmulatorDataKey): null

28-08-2024T19:09:00 - [TEST_STEP][PASSED] - iwpPages.emulatorIWP30.setDataEmulator_DD(EmulatorDataKey): iwpPages.emulatorIWP30.setDataEmulator_DD is PASSED

28-08-2024T19:09:01 - [MESSAGE][INFO] - Starting 'Edge Chromium' driver

28-08-2024T19:09:01 - [MESSAGE][INFO] - User set preference: ['acceptInsecureCerts', 'true']

28-08-2024T19:09:03 - [MESSAGE][INFO] - Action delay is set to 0 milliseconds

28-08-2024T19:09:10 - [MESSAGE][PASSED] - Browser is opened with url: 'https://qa2.velocitypayment.com/agency/config.do?action=editor&message_version=2_5'

28-08-2024T19:09:10 - [MESSAGE][PASSED] - Current window maximized

28-08-2024T19:09:11 - [MESSAGE][PASSED] - All options with value '2.5' are selected in object 'Object Repository/IWP30/Page_VRelay30Emulator/MV'  using regular expression

28-08-2024T19:09:11 - [MESSAGE][PASSED] - Text '10.50' is set on object 'Object Repository/IWP30/Page_VRelay30Emulator/Amount'

28-08-2024T19:09:12 - [MESSAGE][PASSED] - Text '26413414' is set on object 'Object Repository/IWP30/Page_VRelay30Emulator/CAN'

28-08-2024T19:09:13 - [MESSAGE][PASSED] - Text 'PayNow' is set on object 'Object Repository/IWP30/Page_VRelay30Emulator/Action'

28-08-2024T19:09:16 - [MESSAGE][PASSED] - Text 'en_US' is set on object 'Object Repository/IWP30/Page_VRelay30Emulator/Lang'

28-08-2024T19:09:16 - [MESSAGE][PASSED] - Text '' is set on object 'Object Repository/IWP30/Page_VRelay30Emulator/Fname'

28-08-2024T19:09:17 - [MESSAGE][PASSED] - Text '' is set on object 'Object Repository/IWP30/Page_VRelay30Emulator/Lname'

28-08-2024T19:09:17 - [MESSAGE][PASSED] - Text '' is set on object 'Object Repository/IWP30/Page_VRelay30Emulator/AL1'

28-08-2024T19:09:18 - [MESSAGE][PASSED] - Text '' is set on object 'Object Repository/IWP30/Page_VRelay30Emulator/AL2'

28-08-2024T19:09:18 - [MESSAGE][PASSED] - Text '' is set on object 'Object Repository/IWP30/Page_VRelay30Emulator/Country'

28-08-2024T19:09:19 - [MESSAGE][PASSED] - Text '' is set on object 'Object Repository/IWP30/Page_VRelay30Emulator/City'

28-08-2024T19:09:20 - [MESSAGE][PASSED] - Text '' is set on object 'Object Repository/IWP30/Page_VRelay30Emulator/State'

28-08-2024T19:09:21 - [MESSAGE][PASSED] - Text '' is set on object 'Object Repository/IWP30/Page_VRelay30Emulator/ZIP'

28-08-2024T19:09:22 - [MESSAGE][PASSED] - Text '' is set on object 'Object Repository/IWP30/Page_VRelay30Emulator/Order'

28-08-2024T19:09:23 - [MESSAGE][PASSED] - Text '' is set on object 'Object Repository/IWP30/Page_VRelay30Emulator/Company'

28-08-2024T19:09:24 - [MESSAGE][PASSED] - Text '' is set on object 'Object Repository/IWP30/Page_VRelay30Emulator/Email'

28-08-2024T19:09:24 - [MESSAGE][PASSED] - Text '' is set on object 'Object Repository/IWP30/Page_VRelay30Emulator/UDF1'

28-08-2024T19:09:25 - [MESSAGE][PASSED] - Text '' is set on object 'Object Repository/IWP30/Page_VRelay30Emulator/UDF2'

28-08-2024T19:09:25 - [MESSAGE][PASSED] - Text '' is set on object 'Object Repository/IWP30/Page_VRelay30Emulator/UDF3'

28-08-2024T19:09:26 - [MESSAGE][PASSED] - Text 'udf data 4' is set on object 'Object Repository/IWP30/Page_VRelay30Emulator/UDF4'

28-08-2024T19:09:28 - [MESSAGE][PASSED] - Text 'udf data 5' is set on object 'Object Repository/IWP30/Page_VRelay30Emulator/UDF5'

28-08-2024T19:09:29 - [MESSAGE][PASSED] - Text '' is set on object 'Object Repository/IWP30/Page_VRelay30Emulator/UDF6'

28-08-2024T19:09:29 - [MESSAGE][PASSED] - Text '' is set on object 'Object Repository/IWP30/Page_VRelay30Emulator/UDF7'

28-08-2024T19:09:30 - [MESSAGE][PASSED] - Text '' is set on object 'Object Repository/IWP30/Page_VRelay30Emulator/UDF8'

28-08-2024T19:09:31 - [MESSAGE][PASSED] - Text 'udf data 9' is set on object 'Object Repository/IWP30/Page_VRelay30Emulator/UDF9'

28-08-2024T19:09:31 - [MESSAGE][PASSED] - Text 'udf data 10' is set on object 'Object Repository/IWP30/Page_VRelay30Emulator/UDF10'

28-08-2024T19:09:32 - [MESSAGE][PASSED] - Object: 'Object Repository/IWP30/Page_VRelay30Emulator/Submit' is clicked on

28-08-2024T19:09:37 - [MESSAGE][PASSED] - Browser is closed

28-08-2024T19:09:41 - [MESSAGE][PASSED] - iwpPages.emulatorIWP30.setDataEmulator_DD is PASSED

28-08-2024T19:09:41 - [TEST_STEP][PASSED] - testHarnessURL = urlTestHarness: null

28-08-2024T19:09:41 - [TEST_STEP][PASSED] - openBrowser(testHarnessURL): Browser is opened with url: 'https://dev-algorithm.govolution.com/vrelaytest/QA2/version_2_2/vrelaytest.html'

28-08-2024T19:09:41 - [MESSAGE][INFO] - Starting 'Edge Chromium' driver

28-08-2024T19:09:41 - [MESSAGE][INFO] - User set preference: ['acceptInsecureCerts', 'true']

28-08-2024T19:09:44 - [MESSAGE][INFO] - Action delay is set to 0 milliseconds

28-08-2024T19:09:49 - [MESSAGE][PASSED] - Browser is opened with url: 'https://dev-algorithm.govolution.com/vrelaytest/QA2/version_2_2/vrelaytest.html'

28-08-2024T19:09:49 - [TEST_STEP][PASSED] - maximizeWindow(): Current window maximized

28-08-2024T19:09:49 - [MESSAGE][PASSED] - Current window maximized

28-08-2024T19:09:49 - [TEST_STEP][PASSED] - iwpPages.TestHarnessPage.setDataMethod(row, dataFile): iwpPages.TestHarnessPage.setDataMethod is PASSED

28-08-2024T19:09:50 - [MESSAGE][PASSED] - Object 'Object Repository/IWP30/Page_QATestHarness/RemittanceID' is present

28-08-2024T19:09:50 - [MESSAGE][PASSED] - Text '638' is set on object 'Object Repository/IWP30/Page_QATestHarness/ApplicationID'

28-08-2024T19:09:51 - [MESSAGE][PASSED] - Text '2.5' is set on object 'Object Repository/IWP30/Page_QATestHarness/MessageVersion'

28-08-2024T19:09:52 - [MESSAGE][PASSED] - Text 'gGLbfqG4280d' is set on object 'Object Repository/IWP30/Page_QATestHarness/RemittanceID'

28-08-2024T19:09:56 - [MESSAGE][PASSED] - Object: 'Object Repository/IWP30/Page_QATestHarness/SubmitButton' is clicked on

28-08-2024T19:09:56 - [MESSAGE][PASSED] - iwpPages.TestHarnessPage.setDataMethod is PASSED

28-08-2024T19:09:56 - [TEST_STEP][PASSED] - click(findTestObject("Object Repository/IWP30/Page_SelectPaymentMethod/PayByPersonalCheck")): Object: 'Object Repository/IWP30/Page_SelectPaymentMethod/PayByPersonalCheck' is clicked on

28-08-2024T19:09:57 - [MESSAGE][PASSED] - Object: 'Object Repository/IWP30/Page_SelectPaymentMethod/PayByPersonalCheck' is clicked on

28-08-2024T19:09:57 - [TEST_STEP][PASSED] - click(findTestObject("Object Repository/IWP30/Page_SelectPaymentMethod/MakePaymentButton")): Object: 'Object Repository/IWP30/Page_SelectPaymentMethod/MakePaymentButton' is clicked on

28-08-2024T19:09:59 - [MESSAGE][PASSED] - Object: 'Object Repository/IWP30/Page_SelectPaymentMethod/MakePaymentButton' is clicked on

28-08-2024T19:09:59 - [TEST_STEP][PASSED] - iwpPages.achPersonalPaymentEntryPage.setDataACHPPM(row, dataFile): iwpPages.achPersonalPaymentEntryPage.setDataACHPPM is PASSED

28-08-2024T19:10:03 - [MESSAGE][PASSED] - Object 'Object Repository/IWP30/Page_ACHPersonalPaymentEntry/txt_accountNumber' is present

28-08-2024T19:10:04 - [MESSAGE][PASSED] - Text '200.50' is set on object 'Object Repository/IWP30/Page_ACHPersonalPaymentEntry/txt_Amount'

28-08-2024T19:10:04 - [MESSAGE][PASSED] - Object 'Object Repository/IWP30/Page_ACHPersonalPaymentEntry/txt_UDF2' is present

28-08-2024T19:10:05 - [MESSAGE][PASSED] - Text 'udf data 2' is set on object 'Object Repository/IWP30/Page_ACHPersonalPaymentEntry/txt_UDF2'

28-08-2024T19:10:05 - [MESSAGE][PASSED] - Text 'udf data 3' is set on object 'Object Repository/IWP30/Page_ACHPersonalPaymentEntry/txt_UDF3'

28-08-2024T19:10:06 - [MESSAGE][PASSED] - All options with label 'Orange' are selected in object 'Object Repository/IWP30/Page_ACHPersonalPaymentEntry/dd_UDF7' 

28-08-2024T19:10:07 - [MESSAGE][PASSED] - All options with label 'Soccer' are selected in object 'Object Repository/IWP30/Page_ACHPersonalPaymentEntry/dd_UDF8' 

28-08-2024T19:10:07 - [MESSAGE][PASSED] - Object 'Object Repository/IWP30/Page_ACHPersonalPaymentEntry/txt_Firstname' is present

28-08-2024T19:10:09 - [MESSAGE][PASSED] - Text 'Elizath' is set on object 'Object Repository/IWP30/Page_ACHPersonalPaymentEntry/txt_Firstname'

28-08-2024T19:10:10 - [MESSAGE][PASSED] - Object 'Object Repository/IWP30/Page_ACHPersonalPaymentEntry/txt_Lastname' is present

28-08-2024T19:10:10 - [MESSAGE][PASSED] - Text 'Christine' is set on object 'Object Repository/IWP30/Page_ACHPersonalPaymentEntry/txt_Lastname'

28-08-2024T19:10:10 - [MESSAGE][PASSED] - Object 'Object Repository/IWP30/Page_ACHPersonalPaymentEntry/txt_routingNumber' is present

28-08-2024T19:10:11 - [MESSAGE][PASSED] - Text '256072691' is set on object 'Object Repository/IWP30/Page_ACHPersonalPaymentEntry/txt_routingNumber'

28-08-2024T19:10:11 - [MESSAGE][PASSED] - Object 'Object Repository/IWP30/Page_ACHPersonalPaymentEntry/txt_accountNumber' is present

28-08-2024T19:10:13 - [MESSAGE][PASSED] - Text '12344444' is set on object 'Object Repository/IWP30/Page_ACHPersonalPaymentEntry/txt_accountNumber'

28-08-2024T19:10:13 - [MESSAGE][PASSED] - Object 'Object Repository/IWP30/Page_ACHPersonalPaymentEntry/txt_confirmAccountNumber' is present

28-08-2024T19:10:14 - [MESSAGE][PASSED] - Text '12344444' is set on object 'Object Repository/IWP30/Page_ACHPersonalPaymentEntry/txt_confirmAccountNumber'

28-08-2024T19:10:16 - [MESSAGE][PASSED] - Object 'Object Repository/IWP30/Page_ACHPersonalPaymentEntry/rd_accountType' is present

28-08-2024T19:10:16 - [MESSAGE][PASSED] - Modify property of object successfully

28-08-2024T19:10:17 - [MESSAGE][PASSED] - Object: 'Object Repository/IWP30/Page_ACHPersonalPaymentEntry/rd_accountType' is clicked on

28-08-2024T19:10:17 - [MESSAGE][PASSED] - Text '365 Main Avenue' is set on object 'Object Repository/IWP30/Page_ACHPersonalPaymentEntry/txt_AL1'

28-08-2024T19:10:18 - [MESSAGE][PASSED] - Text '22201' is set on object 'Object Repository/IWP30/Page_ACHPersonalPaymentEntry/txt_ZIP'

28-08-2024T19:10:18 - [MESSAGE][PASSED] - Object 'Object Repository/IWP30/Page_ACHPersonalPaymentEntry/txt_Email' is present

28-08-2024T19:10:20 - [MESSAGE][PASSED] - Text 'iahmed@govolution.com' is set on object 'Object Repository/IWP30/Page_ACHPersonalPaymentEntry/txt_Email'

28-08-2024T19:10:20 - [MESSAGE][PASSED] - Object 'Object Repository/IWP30/Page_ACHPersonalPaymentEntry/cb_TermsAndCond' is present

28-08-2024T19:10:20 - [MESSAGE][PASSED] - Object: 'Object Repository/IWP30/Page_ACHPersonalPaymentEntry/cb_TermsAndCond' is clicked on

28-08-2024T19:10:22 - [MESSAGE][PASSED] - Object 'Object Repository/IWP30/Page_ACHPersonalPaymentEntry/btn_Continue' is present

28-08-2024T19:10:25 - [MESSAGE][PASSED] - Object: 'Object Repository/IWP30/Page_ACHPersonalPaymentEntry/btn_Continue' is clicked on

28-08-2024T19:10:25 - [MESSAGE][PASSED] - iwpPages.achPersonalPaymentEntryPage.setDataACHPPM is PASSED

28-08-2024T19:10:25 - [TEST_STEP][PASSED] - Thread.sleep(10000): null

28-08-2024T19:10:35 - [TEST_STEP][PASSED] - if (verifyTextPresent("Amount is greater than maximum", false)): null

28-08-2024T19:10:36 - [MESSAGE][PASSED] - Text 'Amount is greater than maximum' is present on page 

28-08-2024T19:10:36 - [TEST_STEP][PASSED] - println("Max Amount Error message shown"): null

28-08-2024T19:10:36 - [TEST_STEP][PASSED] - markPassed("Max Amount Error message shown"): Max Amount Error message shown

28-08-2024T19:10:36 - [MESSAGE][PASSED] - Max Amount Error message shown

28-08-2024T19:10:36 - [TEST_STEP][PASSED] - resText = "Pass": null

28-08-2024T19:10:36 - [TEST_STEP][PASSED] - pages.WriteExcel.demoKey(resText, datText, resColumn, datCloumn, fileLoc, nameSheet, row): pages.WriteExcel.demoKey is PASSED

28-08-2024T19:10:36 - [MESSAGE][PASSED] - pages.WriteExcel.demoKey is PASSED

28-08-2024T19:10:36 - [TEST_STEP][PASSED] - closeBrowser(): Browser is closed

28-08-2024T19:10:37 - [MESSAGE][PASSED] - Browser is closed]]></system-out>
         <system-err><![CDATA[]]></system-err>
      </testcase>
      <testcase name="Test Cases/IntegratedWeb/IWP25/Error/MinAmountErrorCorp" time="95.185" classname="Test Cases/IntegratedWeb/IWP25/Error/MinAmountErrorCorp" status="PASSED">
         <system-out><![CDATA[28-08-2024T19:10:37 - [TEST_CASE][PASSED] - Test Cases/IntegratedWeb/IWP25/Error/MinAmountErrorCorp: Test Cases/IntegratedWeb/IWP25/Error/MinAmountErrorCorp

28-08-2024T19:10:37 - [TEST_STEP][PASSED] - resText = "Fail": null

28-08-2024T19:10:37 - [TEST_STEP][PASSED] - resColumn = "Result": null

28-08-2024T19:10:38 - [TEST_STEP][PASSED] - datCloumn = "Date": null

28-08-2024T19:10:38 - [TEST_STEP][PASSED] - fileLoc = "KatalonData/IWPTestData/VRelay25Payments.xlsx": null

28-08-2024T19:10:38 - [TEST_STEP][PASSED] - numOfRows = <not implemented yet for class: org.codehaus.groovy.ast.expr.EmptyExpression>: null

28-08-2024T19:10:38 - [TEST_STEP][PASSED] - dataFile = <not implemented yet for class: org.codehaus.groovy.ast.expr.EmptyExpression>: null

28-08-2024T19:10:38 - [TEST_STEP][PASSED] - nameSheet = <not implemented yet for class: org.codehaus.groovy.ast.expr.EmptyExpression>: null

28-08-2024T19:10:38 - [TEST_STEP][PASSED] - dataFileEmulator = <not implemented yet for class: org.codehaus.groovy.ast.expr.EmptyExpression>: null

28-08-2024T19:10:38 - [TEST_STEP][PASSED] - nameSheet = "MinAmountErrorCorp": null

28-08-2024T19:10:38 - [TEST_STEP][PASSED] - dataFile = "IWPTestData/IWP25MinAmountErrorCorp": null

28-08-2024T19:10:38 - [TEST_STEP][PASSED] - dataFileEmulator = "IWPTestData/EmulatorData": null

28-08-2024T19:10:38 - [TEST_STEP][PASSED] - numOfRows = findTestData(dataFile).getRowNumbers(): null

28-08-2024T19:10:38 - [TEST_STEP][PASSED] - println("Number of Records: " + numOfRows): null

28-08-2024T19:10:38 - [TEST_STEP][PASSED] - for ([row = 1, row <= numOfRows, (row++)]): Browser is closed

28-08-2024T19:10:38 - [TEST_STEP][PASSED] - ExecuteTC = findTestData(dataFile).getValue("Execute", row): null

28-08-2024T19:10:38 - [TEST_STEP][PASSED] - out.println("Value of Execute is : " + ExecuteTC): null

28-08-2024T19:10:38 - [TEST_STEP][PASSED] - if (ExecuteTC.equalsIgnoreCase("Y")): null

28-08-2024T19:10:38 - [TEST_STEP][PASSED] - out.println("Begin Record Number: " + row): null

28-08-2024T19:10:38 - [TEST_STEP][PASSED] - today = new java.util.Date(): null

28-08-2024T19:10:38 - [TEST_STEP][PASSED] - println(today): null

28-08-2024T19:10:38 - [TEST_STEP][PASSED] - datText = today: null

28-08-2024T19:10:38 - [TEST_STEP][PASSED] - EmulatorDataKey = findTestData(dataFile).getValue("EmulatorData", row): null

28-08-2024T19:10:38 - [TEST_STEP][PASSED] - out.println("Value of Emulator Key is : " + EmulatorDataKey): null

28-08-2024T19:10:38 - [TEST_STEP][PASSED] - iwpPages.emulatorIWP30.setDataEmulator_DD(EmulatorDataKey): iwpPages.emulatorIWP30.setDataEmulator_DD is PASSED

28-08-2024T19:10:38 - [MESSAGE][INFO] - Starting 'Edge Chromium' driver

28-08-2024T19:10:38 - [MESSAGE][INFO] - User set preference: ['acceptInsecureCerts', 'true']

28-08-2024T19:10:43 - [MESSAGE][INFO] - Action delay is set to 0 milliseconds

28-08-2024T19:10:51 - [MESSAGE][PASSED] - Browser is opened with url: 'https://qa2.velocitypayment.com/agency/config.do?action=editor&message_version=2_5'

28-08-2024T19:10:51 - [MESSAGE][PASSED] - Current window maximized

28-08-2024T19:10:52 - [MESSAGE][PASSED] - All options with value '2.5' are selected in object 'Object Repository/IWP30/Page_VRelay30Emulator/MV'  using regular expression

28-08-2024T19:10:53 - [MESSAGE][PASSED] - Text '10.50' is set on object 'Object Repository/IWP30/Page_VRelay30Emulator/Amount'

28-08-2024T19:10:54 - [MESSAGE][PASSED] - Text '26413414' is set on object 'Object Repository/IWP30/Page_VRelay30Emulator/CAN'

28-08-2024T19:10:54 - [MESSAGE][PASSED] - Text 'PayNow' is set on object 'Object Repository/IWP30/Page_VRelay30Emulator/Action'

28-08-2024T19:10:56 - [MESSAGE][PASSED] - Text 'en_US' is set on object 'Object Repository/IWP30/Page_VRelay30Emulator/Lang'

28-08-2024T19:10:58 - [MESSAGE][PASSED] - Text '' is set on object 'Object Repository/IWP30/Page_VRelay30Emulator/Fname'

28-08-2024T19:10:58 - [MESSAGE][PASSED] - Text '' is set on object 'Object Repository/IWP30/Page_VRelay30Emulator/Lname'

28-08-2024T19:10:59 - [MESSAGE][PASSED] - Text '' is set on object 'Object Repository/IWP30/Page_VRelay30Emulator/AL1'

28-08-2024T19:10:59 - [MESSAGE][PASSED] - Text '' is set on object 'Object Repository/IWP30/Page_VRelay30Emulator/AL2'

28-08-2024T19:11:00 - [MESSAGE][PASSED] - Text '' is set on object 'Object Repository/IWP30/Page_VRelay30Emulator/Country'

28-08-2024T19:11:01 - [MESSAGE][PASSED] - Text '' is set on object 'Object Repository/IWP30/Page_VRelay30Emulator/City'

28-08-2024T19:11:01 - [MESSAGE][PASSED] - Text '' is set on object 'Object Repository/IWP30/Page_VRelay30Emulator/State'

28-08-2024T19:11:03 - [MESSAGE][PASSED] - Text '' is set on object 'Object Repository/IWP30/Page_VRelay30Emulator/ZIP'

28-08-2024T19:11:05 - [MESSAGE][PASSED] - Text '' is set on object 'Object Repository/IWP30/Page_VRelay30Emulator/Order'

28-08-2024T19:11:05 - [MESSAGE][PASSED] - Text '' is set on object 'Object Repository/IWP30/Page_VRelay30Emulator/Company'

28-08-2024T19:11:06 - [MESSAGE][PASSED] - Text '' is set on object 'Object Repository/IWP30/Page_VRelay30Emulator/Email'

28-08-2024T19:11:06 - [MESSAGE][PASSED] - Text '' is set on object 'Object Repository/IWP30/Page_VRelay30Emulator/UDF1'

28-08-2024T19:11:07 - [MESSAGE][PASSED] - Text '' is set on object 'Object Repository/IWP30/Page_VRelay30Emulator/UDF2'

28-08-2024T19:11:07 - [MESSAGE][PASSED] - Text '' is set on object 'Object Repository/IWP30/Page_VRelay30Emulator/UDF3'

28-08-2024T19:11:08 - [MESSAGE][PASSED] - Text 'udf data 4' is set on object 'Object Repository/IWP30/Page_VRelay30Emulator/UDF4'

28-08-2024T19:11:10 - [MESSAGE][PASSED] - Text 'udf data 5' is set on object 'Object Repository/IWP30/Page_VRelay30Emulator/UDF5'

28-08-2024T19:11:11 - [MESSAGE][PASSED] - Text '' is set on object 'Object Repository/IWP30/Page_VRelay30Emulator/UDF6'

28-08-2024T19:11:12 - [MESSAGE][PASSED] - Text '' is set on object 'Object Repository/IWP30/Page_VRelay30Emulator/UDF7'

28-08-2024T19:11:12 - [MESSAGE][PASSED] - Text '' is set on object 'Object Repository/IWP30/Page_VRelay30Emulator/UDF8'

28-08-2024T19:11:13 - [MESSAGE][PASSED] - Text 'udf data 9' is set on object 'Object Repository/IWP30/Page_VRelay30Emulator/UDF9'

28-08-2024T19:11:13 - [MESSAGE][PASSED] - Text 'udf data 10' is set on object 'Object Repository/IWP30/Page_VRelay30Emulator/UDF10'

28-08-2024T19:11:15 - [MESSAGE][PASSED] - Object: 'Object Repository/IWP30/Page_VRelay30Emulator/Submit' is clicked on

28-08-2024T19:11:19 - [MESSAGE][PASSED] - Browser is closed

28-08-2024T19:11:23 - [MESSAGE][PASSED] - iwpPages.emulatorIWP30.setDataEmulator_DD is PASSED

28-08-2024T19:11:23 - [TEST_STEP][PASSED] - testHarnessURL = urlTestHarness: null

28-08-2024T19:11:23 - [TEST_STEP][PASSED] - openBrowser(testHarnessURL): Browser is opened with url: 'https://dev-algorithm.govolution.com/vrelaytest/QA2/version_2_2/vrelaytest.html'

28-08-2024T19:11:23 - [MESSAGE][INFO] - Starting 'Edge Chromium' driver

28-08-2024T19:11:23 - [MESSAGE][INFO] - User set preference: ['acceptInsecureCerts', 'true']

28-08-2024T19:11:26 - [MESSAGE][INFO] - Action delay is set to 0 milliseconds

28-08-2024T19:11:32 - [MESSAGE][PASSED] - Browser is opened with url: 'https://dev-algorithm.govolution.com/vrelaytest/QA2/version_2_2/vrelaytest.html'

28-08-2024T19:11:32 - [TEST_STEP][PASSED] - maximizeWindow(): Current window maximized

28-08-2024T19:11:32 - [MESSAGE][PASSED] - Current window maximized

28-08-2024T19:11:32 - [TEST_STEP][PASSED] - iwpPages.TestHarnessPage.setDataMethod(row, dataFile): iwpPages.TestHarnessPage.setDataMethod is PASSED

28-08-2024T19:11:32 - [MESSAGE][PASSED] - Object 'Object Repository/IWP30/Page_QATestHarness/RemittanceID' is present

28-08-2024T19:11:33 - [MESSAGE][PASSED] - Text '638' is set on object 'Object Repository/IWP30/Page_QATestHarness/ApplicationID'

28-08-2024T19:11:33 - [MESSAGE][PASSED] - Text '2.5' is set on object 'Object Repository/IWP30/Page_QATestHarness/MessageVersion'

28-08-2024T19:11:34 - [MESSAGE][PASSED] - Text 'VLoZvCq9YdAk' is set on object 'Object Repository/IWP30/Page_QATestHarness/RemittanceID'

28-08-2024T19:11:38 - [MESSAGE][PASSED] - Object: 'Object Repository/IWP30/Page_QATestHarness/SubmitButton' is clicked on

28-08-2024T19:11:38 - [MESSAGE][PASSED] - iwpPages.TestHarnessPage.setDataMethod is PASSED

28-08-2024T19:11:38 - [TEST_STEP][PASSED] - click(findTestObject("Object Repository/IWP30/Page_SelectPaymentMethod/PayByCorporateCheck")): Object: 'Object Repository/IWP30/Page_SelectPaymentMethod/PayByCorporateCheck' is clicked on

28-08-2024T19:11:39 - [MESSAGE][PASSED] - Object: 'Object Repository/IWP30/Page_SelectPaymentMethod/PayByCorporateCheck' is clicked on

28-08-2024T19:11:39 - [TEST_STEP][PASSED] - click(findTestObject("Object Repository/IWP30/Page_SelectPaymentMethod/MakePaymentButton")): Object: 'Object Repository/IWP30/Page_SelectPaymentMethod/MakePaymentButton' is clicked on

28-08-2024T19:11:41 - [MESSAGE][PASSED] - Object: 'Object Repository/IWP30/Page_SelectPaymentMethod/MakePaymentButton' is clicked on

28-08-2024T19:11:41 - [TEST_STEP][PASSED] - iwpPages.achCorporatePaymentEntryPage.setDataCorporate(row, dataFile): iwpPages.achCorporatePaymentEntryPage.setDataCorporate is PASSED

28-08-2024T19:11:42 - [MESSAGE][PASSED] - Object 'Object Repository/IWP30/Page_ACHCorporatePaymentEntry/txt_accountNumber' is present

28-08-2024T19:11:44 - [MESSAGE][PASSED] - Object 'Object Repository/IWP30/Page_ACHCorporatePaymentEntry/input_CompanyName' is present

28-08-2024T19:11:45 - [MESSAGE][PASSED] - Text 'My Company' is set on object 'Object Repository/IWP30/Page_ACHCorporatePaymentEntry/input_CompanyName'

28-08-2024T19:11:45 - [MESSAGE][PASSED] - Object 'Object Repository/IWP30/Page_ACHCorporatePaymentEntry/input_EIN' is present

28-08-2024T19:11:46 - [MESSAGE][PASSED] - Text '123456789' is set on object 'Object Repository/IWP30/Page_ACHCorporatePaymentEntry/input_EIN'

28-08-2024T19:11:46 - [MESSAGE][PASSED] - Text '1.50' is set on object 'Object Repository/IWP30/Page_ACHCorporatePaymentEntry/txt_Amount'

28-08-2024T19:11:47 - [MESSAGE][PASSED] - Text 'udf data 2' is set on object 'Object Repository/IWP30/Page_ACHCorporatePaymentEntry/txt_UDF2'

28-08-2024T19:11:48 - [MESSAGE][PASSED] - Text 'udf data 3' is set on object 'Object Repository/IWP30/Page_ACHCorporatePaymentEntry/txt_UDF3'

28-08-2024T19:11:48 - [MESSAGE][PASSED] - All options with label 'Orange' are selected in object 'Object Repository/IWP30/Page_ACHCorporatePaymentEntry/dd_UDF7' 

28-08-2024T19:11:49 - [MESSAGE][PASSED] - All options with label 'Soccer' are selected in object 'Object Repository/IWP30/Page_ACHCorporatePaymentEntry/dd_UDF8' 

28-08-2024T19:11:49 - [MESSAGE][PASSED] - Object 'Object Repository/IWP30/Page_ACHCorporatePaymentEntry/txt_routingNumber' is present

28-08-2024T19:11:51 - [MESSAGE][PASSED] - Text '256072691' is set on object 'Object Repository/IWP30/Page_ACHCorporatePaymentEntry/txt_routingNumber'

28-08-2024T19:11:51 - [MESSAGE][PASSED] - Object 'Object Repository/IWP30/Page_ACHCorporatePaymentEntry/txt_accountNumber' is present

28-08-2024T19:11:53 - [MESSAGE][PASSED] - Text '12344444' is set on object 'Object Repository/IWP30/Page_ACHCorporatePaymentEntry/txt_accountNumber'

28-08-2024T19:11:53 - [MESSAGE][PASSED] - Object 'Object Repository/IWP30/Page_ACHCorporatePaymentEntry/txt_confirmAccountNumber' is present

28-08-2024T19:11:54 - [MESSAGE][PASSED] - Text '12344444' is set on object 'Object Repository/IWP30/Page_ACHCorporatePaymentEntry/txt_confirmAccountNumber'

28-08-2024T19:11:54 - [MESSAGE][PASSED] - Text '365 Main Avenue' is set on object 'Object Repository/IWP30/Page_ACHCorporatePaymentEntry/txt_AL1'

28-08-2024T19:11:55 - [MESSAGE][PASSED] - Text '22201' is set on object 'Object Repository/IWP30/Page_ACHCorporatePaymentEntry/txt_ZIP'

28-08-2024T19:11:55 - [MESSAGE][PASSED] - Object 'Object Repository/IWP30/Page_ACHCorporatePaymentEntry/txt_Email' is present

28-08-2024T19:11:58 - [MESSAGE][PASSED] - Text 'iahmed@govolution.com' is set on object 'Object Repository/IWP30/Page_ACHCorporatePaymentEntry/txt_Email'

28-08-2024T19:11:59 - [MESSAGE][PASSED] - Object 'Object Repository/IWP30/Page_ACHCorporatePaymentEntry/cb_TermsAndCond' is present

28-08-2024T19:11:59 - [MESSAGE][PASSED] - Object: 'Object Repository/IWP30/Page_ACHCorporatePaymentEntry/cb_TermsAndCond' is clicked on

28-08-2024T19:11:59 - [MESSAGE][PASSED] - Object 'Object Repository/IWP30/Page_ACHCorporatePaymentEntry/btn_Continue' is present

28-08-2024T19:12:01 - [MESSAGE][PASSED] - Object: 'Object Repository/IWP30/Page_ACHCorporatePaymentEntry/btn_Continue' is clicked on

28-08-2024T19:12:01 - [MESSAGE][PASSED] - iwpPages.achCorporatePaymentEntryPage.setDataCorporate is PASSED

28-08-2024T19:12:01 - [TEST_STEP][PASSED] - Thread.sleep(10000): null

28-08-2024T19:12:11 - [TEST_STEP][PASSED] - if (verifyTextPresent("Amount is less than minimum", false)): null

28-08-2024T19:12:12 - [MESSAGE][PASSED] - Text 'Amount is less than minimum' is present on page 

28-08-2024T19:12:12 - [TEST_STEP][PASSED] - println("Min Amount Error message shown"): null

28-08-2024T19:12:12 - [TEST_STEP][PASSED] - markPassed("Min Amount Error message shown"): Min Amount Error message shown

28-08-2024T19:12:12 - [MESSAGE][PASSED] - Min Amount Error message shown

28-08-2024T19:12:12 - [TEST_STEP][PASSED] - resText = "Pass": null

28-08-2024T19:12:12 - [TEST_STEP][PASSED] - pages.WriteExcel.demoKey(resText, datText, resColumn, datCloumn, fileLoc, nameSheet, row): pages.WriteExcel.demoKey is PASSED

28-08-2024T19:12:12 - [MESSAGE][PASSED] - pages.WriteExcel.demoKey is PASSED

28-08-2024T19:12:12 - [TEST_STEP][PASSED] - closeBrowser(): Browser is closed

28-08-2024T19:12:12 - [MESSAGE][PASSED] - Browser is closed]]></system-out>
         <system-err><![CDATA[]]></system-err>
      </testcase>
      <testcase name="Test Cases/IntegratedWeb/IWP25/Error/MinAmountErrorPC" time="93.089" classname="Test Cases/IntegratedWeb/IWP25/Error/MinAmountErrorPC" status="PASSED">
         <system-out><![CDATA[28-08-2024T19:12:12 - [TEST_CASE][PASSED] - Test Cases/IntegratedWeb/IWP25/Error/MinAmountErrorPC: Test Cases/IntegratedWeb/IWP25/Error/MinAmountErrorPC

28-08-2024T19:12:13 - [TEST_STEP][PASSED] - resText = "Fail": null

28-08-2024T19:12:13 - [TEST_STEP][PASSED] - resColumn = "Result": null

28-08-2024T19:12:13 - [TEST_STEP][PASSED] - datCloumn = "Date": null

28-08-2024T19:12:13 - [TEST_STEP][PASSED] - fileLoc = "KatalonData/IWPTestData/VRelay25Payments.xlsx": null

28-08-2024T19:12:13 - [TEST_STEP][PASSED] - numOfRows = <not implemented yet for class: org.codehaus.groovy.ast.expr.EmptyExpression>: null

28-08-2024T19:12:13 - [TEST_STEP][PASSED] - dataFile = <not implemented yet for class: org.codehaus.groovy.ast.expr.EmptyExpression>: null

28-08-2024T19:12:13 - [TEST_STEP][PASSED] - nameSheet = <not implemented yet for class: org.codehaus.groovy.ast.expr.EmptyExpression>: null

28-08-2024T19:12:13 - [TEST_STEP][PASSED] - dataFileEmulator = <not implemented yet for class: org.codehaus.groovy.ast.expr.EmptyExpression>: null

28-08-2024T19:12:13 - [TEST_STEP][PASSED] - nameSheet = "MinAmountErrorPC": null

28-08-2024T19:12:13 - [TEST_STEP][PASSED] - dataFile = "IWPTestData/IWP25MinAmountErrorPC": null

28-08-2024T19:12:13 - [TEST_STEP][PASSED] - dataFileEmulator = "IWPTestData/EmulatorData": null

28-08-2024T19:12:13 - [TEST_STEP][PASSED] - numOfRows = findTestData(dataFile).getRowNumbers(): null

28-08-2024T19:12:13 - [TEST_STEP][PASSED] - println("Number of Records: " + numOfRows): null

28-08-2024T19:12:13 - [TEST_STEP][PASSED] - for ([row = 1, row <= numOfRows, (row++)]): Browser is closed

28-08-2024T19:12:13 - [TEST_STEP][PASSED] - ExecuteTC = findTestData(dataFile).getValue("Execute", row): null

28-08-2024T19:12:13 - [TEST_STEP][PASSED] - out.println("Value of Execute is : " + ExecuteTC): null

28-08-2024T19:12:13 - [TEST_STEP][PASSED] - if (ExecuteTC.equalsIgnoreCase("Y")): null

28-08-2024T19:12:13 - [TEST_STEP][PASSED] - out.println("Begin Record Number: " + row): null

28-08-2024T19:12:13 - [TEST_STEP][PASSED] - today = new java.util.Date(): null

28-08-2024T19:12:13 - [TEST_STEP][PASSED] - println(today): null

28-08-2024T19:12:13 - [TEST_STEP][PASSED] - datText = today: null

28-08-2024T19:12:13 - [TEST_STEP][PASSED] - EmulatorDataKey = findTestData(dataFile).getValue("EmulatorData", row): null

28-08-2024T19:12:13 - [TEST_STEP][PASSED] - out.println("Value of Emulator Key is : " + EmulatorDataKey): null

28-08-2024T19:12:13 - [TEST_STEP][PASSED] - iwpPages.emulatorIWP30.setDataEmulator_DD(EmulatorDataKey): iwpPages.emulatorIWP30.setDataEmulator_DD is PASSED

28-08-2024T19:12:13 - [MESSAGE][INFO] - Starting 'Edge Chromium' driver

28-08-2024T19:12:13 - [MESSAGE][INFO] - User set preference: ['acceptInsecureCerts', 'true']

28-08-2024T19:12:16 - [MESSAGE][INFO] - Action delay is set to 0 milliseconds

28-08-2024T19:12:21 - [MESSAGE][PASSED] - Browser is opened with url: 'https://qa2.velocitypayment.com/agency/config.do?action=editor&message_version=2_5'

28-08-2024T19:12:21 - [MESSAGE][PASSED] - Current window maximized

28-08-2024T19:12:22 - [MESSAGE][PASSED] - All options with value '2.5' are selected in object 'Object Repository/IWP30/Page_VRelay30Emulator/MV'  using regular expression

28-08-2024T19:12:23 - [MESSAGE][PASSED] - Text '10.50' is set on object 'Object Repository/IWP30/Page_VRelay30Emulator/Amount'

28-08-2024T19:12:23 - [MESSAGE][PASSED] - Text '26413414' is set on object 'Object Repository/IWP30/Page_VRelay30Emulator/CAN'

28-08-2024T19:12:24 - [MESSAGE][PASSED] - Text 'PayNow' is set on object 'Object Repository/IWP30/Page_VRelay30Emulator/Action'

28-08-2024T19:12:25 - [MESSAGE][PASSED] - Text 'en_US' is set on object 'Object Repository/IWP30/Page_VRelay30Emulator/Lang'

28-08-2024T19:12:28 - [MESSAGE][PASSED] - Text '' is set on object 'Object Repository/IWP30/Page_VRelay30Emulator/Fname'

28-08-2024T19:12:28 - [MESSAGE][PASSED] - Text '' is set on object 'Object Repository/IWP30/Page_VRelay30Emulator/Lname'

28-08-2024T19:12:29 - [MESSAGE][PASSED] - Text '' is set on object 'Object Repository/IWP30/Page_VRelay30Emulator/AL1'

28-08-2024T19:12:30 - [MESSAGE][PASSED] - Text '' is set on object 'Object Repository/IWP30/Page_VRelay30Emulator/AL2'

28-08-2024T19:12:30 - [MESSAGE][PASSED] - Text '' is set on object 'Object Repository/IWP30/Page_VRelay30Emulator/Country'

28-08-2024T19:12:31 - [MESSAGE][PASSED] - Text '' is set on object 'Object Repository/IWP30/Page_VRelay30Emulator/City'

28-08-2024T19:12:31 - [MESSAGE][PASSED] - Text '' is set on object 'Object Repository/IWP30/Page_VRelay30Emulator/State'

28-08-2024T19:12:33 - [MESSAGE][PASSED] - Text '' is set on object 'Object Repository/IWP30/Page_VRelay30Emulator/ZIP'

28-08-2024T19:12:35 - [MESSAGE][PASSED] - Text '' is set on object 'Object Repository/IWP30/Page_VRelay30Emulator/Order'

28-08-2024T19:12:35 - [MESSAGE][PASSED] - Text '' is set on object 'Object Repository/IWP30/Page_VRelay30Emulator/Company'

28-08-2024T19:12:36 - [MESSAGE][PASSED] - Text '' is set on object 'Object Repository/IWP30/Page_VRelay30Emulator/Email'

28-08-2024T19:12:37 - [MESSAGE][PASSED] - Text '' is set on object 'Object Repository/IWP30/Page_VRelay30Emulator/UDF1'

28-08-2024T19:12:37 - [MESSAGE][PASSED] - Text '' is set on object 'Object Repository/IWP30/Page_VRelay30Emulator/UDF2'

28-08-2024T19:12:38 - [MESSAGE][PASSED] - Text '' is set on object 'Object Repository/IWP30/Page_VRelay30Emulator/UDF3'

28-08-2024T19:12:38 - [MESSAGE][PASSED] - Text 'udf data 4' is set on object 'Object Repository/IWP30/Page_VRelay30Emulator/UDF4'

28-08-2024T19:12:40 - [MESSAGE][PASSED] - Text 'udf data 5' is set on object 'Object Repository/IWP30/Page_VRelay30Emulator/UDF5'

28-08-2024T19:12:41 - [MESSAGE][PASSED] - Text '' is set on object 'Object Repository/IWP30/Page_VRelay30Emulator/UDF6'

28-08-2024T19:12:42 - [MESSAGE][PASSED] - Text '' is set on object 'Object Repository/IWP30/Page_VRelay30Emulator/UDF7'

28-08-2024T19:12:42 - [MESSAGE][PASSED] - Text '' is set on object 'Object Repository/IWP30/Page_VRelay30Emulator/UDF8'

28-08-2024T19:12:43 - [MESSAGE][PASSED] - Text 'udf data 9' is set on object 'Object Repository/IWP30/Page_VRelay30Emulator/UDF9'

28-08-2024T19:12:43 - [MESSAGE][PASSED] - Text 'udf data 10' is set on object 'Object Repository/IWP30/Page_VRelay30Emulator/UDF10'

28-08-2024T19:12:45 - [MESSAGE][PASSED] - Object: 'Object Repository/IWP30/Page_VRelay30Emulator/Submit' is clicked on

28-08-2024T19:12:49 - [MESSAGE][PASSED] - Browser is closed

28-08-2024T19:12:53 - [MESSAGE][PASSED] - iwpPages.emulatorIWP30.setDataEmulator_DD is PASSED

28-08-2024T19:12:53 - [TEST_STEP][PASSED] - testHarnessURL = urlTestHarness: null

28-08-2024T19:12:53 - [TEST_STEP][PASSED] - openBrowser(testHarnessURL): Browser is opened with url: 'https://dev-algorithm.govolution.com/vrelaytest/QA2/version_2_2/vrelaytest.html'

28-08-2024T19:12:53 - [MESSAGE][INFO] - Starting 'Edge Chromium' driver

28-08-2024T19:12:53 - [MESSAGE][INFO] - User set preference: ['acceptInsecureCerts', 'true']

28-08-2024T19:12:56 - [MESSAGE][INFO] - Action delay is set to 0 milliseconds

28-08-2024T19:13:01 - [MESSAGE][PASSED] - Browser is opened with url: 'https://dev-algorithm.govolution.com/vrelaytest/QA2/version_2_2/vrelaytest.html'

28-08-2024T19:13:01 - [TEST_STEP][PASSED] - maximizeWindow(): Current window maximized

28-08-2024T19:13:02 - [MESSAGE][PASSED] - Current window maximized

28-08-2024T19:13:02 - [TEST_STEP][PASSED] - iwpPages.TestHarnessPage.setDataMethod(row, dataFile): iwpPages.TestHarnessPage.setDataMethod is PASSED

28-08-2024T19:13:02 - [MESSAGE][PASSED] - Object 'Object Repository/IWP30/Page_QATestHarness/RemittanceID' is present

28-08-2024T19:13:03 - [MESSAGE][PASSED] - Text '638' is set on object 'Object Repository/IWP30/Page_QATestHarness/ApplicationID'

28-08-2024T19:13:03 - [MESSAGE][PASSED] - Text '2.5' is set on object 'Object Repository/IWP30/Page_QATestHarness/MessageVersion'

28-08-2024T19:13:04 - [MESSAGE][PASSED] - Text 'uO7jhrbVjZaj' is set on object 'Object Repository/IWP30/Page_QATestHarness/RemittanceID'

28-08-2024T19:13:09 - [MESSAGE][PASSED] - Object: 'Object Repository/IWP30/Page_QATestHarness/SubmitButton' is clicked on

28-08-2024T19:13:09 - [MESSAGE][PASSED] - iwpPages.TestHarnessPage.setDataMethod is PASSED

28-08-2024T19:13:09 - [TEST_STEP][PASSED] - click(findTestObject("Object Repository/IWP30/Page_SelectPaymentMethod/PayByPersonalCheck")): Object: 'Object Repository/IWP30/Page_SelectPaymentMethod/PayByPersonalCheck' is clicked on

28-08-2024T19:13:09 - [MESSAGE][PASSED] - Object: 'Object Repository/IWP30/Page_SelectPaymentMethod/PayByPersonalCheck' is clicked on

28-08-2024T19:13:09 - [TEST_STEP][PASSED] - click(findTestObject("Object Repository/IWP30/Page_SelectPaymentMethod/MakePaymentButton")): Object: 'Object Repository/IWP30/Page_SelectPaymentMethod/MakePaymentButton' is clicked on

28-08-2024T19:13:12 - [MESSAGE][PASSED] - Object: 'Object Repository/IWP30/Page_SelectPaymentMethod/MakePaymentButton' is clicked on

28-08-2024T19:13:12 - [TEST_STEP][PASSED] - iwpPages.achPersonalPaymentEntryPage.setDataACHPPM(row, dataFile): iwpPages.achPersonalPaymentEntryPage.setDataACHPPM is PASSED

28-08-2024T19:13:14 - [MESSAGE][PASSED] - Object 'Object Repository/IWP30/Page_ACHPersonalPaymentEntry/txt_accountNumber' is present

28-08-2024T19:13:15 - [MESSAGE][PASSED] - Text '1.50' is set on object 'Object Repository/IWP30/Page_ACHPersonalPaymentEntry/txt_Amount'

28-08-2024T19:13:15 - [MESSAGE][PASSED] - Object 'Object Repository/IWP30/Page_ACHPersonalPaymentEntry/txt_UDF2' is present

28-08-2024T19:13:16 - [MESSAGE][PASSED] - Text 'udf data 2' is set on object 'Object Repository/IWP30/Page_ACHPersonalPaymentEntry/txt_UDF2'

28-08-2024T19:13:16 - [MESSAGE][PASSED] - Text 'udf data 3' is set on object 'Object Repository/IWP30/Page_ACHPersonalPaymentEntry/txt_UDF3'

28-08-2024T19:13:17 - [MESSAGE][PASSED] - All options with label 'Orange' are selected in object 'Object Repository/IWP30/Page_ACHPersonalPaymentEntry/dd_UDF7' 

28-08-2024T19:13:18 - [MESSAGE][PASSED] - All options with label 'Soccer' are selected in object 'Object Repository/IWP30/Page_ACHPersonalPaymentEntry/dd_UDF8' 

28-08-2024T19:13:18 - [MESSAGE][PASSED] - Object 'Object Repository/IWP30/Page_ACHPersonalPaymentEntry/txt_Firstname' is present

28-08-2024T19:13:18 - [MESSAGE][PASSED] - Text 'Elizath' is set on object 'Object Repository/IWP30/Page_ACHPersonalPaymentEntry/txt_Firstname'

28-08-2024T19:13:19 - [MESSAGE][PASSED] - Object 'Object Repository/IWP30/Page_ACHPersonalPaymentEntry/txt_Lastname' is present

28-08-2024T19:13:21 - [MESSAGE][PASSED] - Text 'Christine' is set on object 'Object Repository/IWP30/Page_ACHPersonalPaymentEntry/txt_Lastname'

28-08-2024T19:13:21 - [MESSAGE][PASSED] - Object 'Object Repository/IWP30/Page_ACHPersonalPaymentEntry/txt_routingNumber' is present

28-08-2024T19:13:22 - [MESSAGE][PASSED] - Text '256072691' is set on object 'Object Repository/IWP30/Page_ACHPersonalPaymentEntry/txt_routingNumber'

28-08-2024T19:13:22 - [MESSAGE][PASSED] - Object 'Object Repository/IWP30/Page_ACHPersonalPaymentEntry/txt_accountNumber' is present

28-08-2024T19:13:24 - [MESSAGE][PASSED] - Text '12344444' is set on object 'Object Repository/IWP30/Page_ACHPersonalPaymentEntry/txt_accountNumber'

28-08-2024T19:13:24 - [MESSAGE][PASSED] - Object 'Object Repository/IWP30/Page_ACHPersonalPaymentEntry/txt_confirmAccountNumber' is present

28-08-2024T19:13:25 - [MESSAGE][PASSED] - Text '12344444' is set on object 'Object Repository/IWP30/Page_ACHPersonalPaymentEntry/txt_confirmAccountNumber'

28-08-2024T19:13:25 - [MESSAGE][PASSED] - Object 'Object Repository/IWP30/Page_ACHPersonalPaymentEntry/rd_accountType' is present

28-08-2024T19:13:25 - [MESSAGE][PASSED] - Modify property of object successfully

28-08-2024T19:13:25 - [MESSAGE][PASSED] - Object: 'Object Repository/IWP30/Page_ACHPersonalPaymentEntry/rd_accountType' is clicked on

28-08-2024T19:13:26 - [MESSAGE][PASSED] - Text '365 Main Avenue' is set on object 'Object Repository/IWP30/Page_ACHPersonalPaymentEntry/txt_AL1'

28-08-2024T19:13:28 - [MESSAGE][PASSED] - Text '22201' is set on object 'Object Repository/IWP30/Page_ACHPersonalPaymentEntry/txt_ZIP'

28-08-2024T19:13:29 - [MESSAGE][PASSED] - Object 'Object Repository/IWP30/Page_ACHPersonalPaymentEntry/txt_Email' is present

28-08-2024T19:13:30 - [MESSAGE][PASSED] - Text 'iahmed@govolution.com' is set on object 'Object Repository/IWP30/Page_ACHPersonalPaymentEntry/txt_Email'

28-08-2024T19:13:30 - [MESSAGE][PASSED] - Object 'Object Repository/IWP30/Page_ACHPersonalPaymentEntry/cb_TermsAndCond' is present

28-08-2024T19:13:31 - [MESSAGE][PASSED] - Object: 'Object Repository/IWP30/Page_ACHPersonalPaymentEntry/cb_TermsAndCond' is clicked on

28-08-2024T19:13:31 - [MESSAGE][PASSED] - Object 'Object Repository/IWP30/Page_ACHPersonalPaymentEntry/btn_Continue' is present

28-08-2024T19:13:35 - [MESSAGE][PASSED] - Object: 'Object Repository/IWP30/Page_ACHPersonalPaymentEntry/btn_Continue' is clicked on

28-08-2024T19:13:35 - [MESSAGE][PASSED] - iwpPages.achPersonalPaymentEntryPage.setDataACHPPM is PASSED

28-08-2024T19:13:35 - [TEST_STEP][PASSED] - Thread.sleep(10000): null

28-08-2024T19:13:45 - [TEST_STEP][PASSED] - if (verifyTextPresent("Amount is less than minimum", false)): null

28-08-2024T19:13:45 - [MESSAGE][PASSED] - Text 'Amount is less than minimum' is present on page 

28-08-2024T19:13:45 - [TEST_STEP][PASSED] - println("Min Amount Error message shown"): null

28-08-2024T19:13:45 - [TEST_STEP][PASSED] - markPassed("Min Amount Error message shown"): Min Amount Error message shown

28-08-2024T19:13:45 - [MESSAGE][PASSED] - Min Amount Error message shown

28-08-2024T19:13:45 - [TEST_STEP][PASSED] - resText = "Pass": null

28-08-2024T19:13:45 - [TEST_STEP][PASSED] - pages.WriteExcel.demoKey(resText, datText, resColumn, datCloumn, fileLoc, nameSheet, row): pages.WriteExcel.demoKey is PASSED

28-08-2024T19:13:45 - [MESSAGE][PASSED] - pages.WriteExcel.demoKey is PASSED

28-08-2024T19:13:45 - [TEST_STEP][PASSED] - closeBrowser(): Browser is closed

28-08-2024T19:13:45 - [MESSAGE][PASSED] - Browser is closed]]></system-out>
         <system-err><![CDATA[]]></system-err>
      </testcase>
      <testcase name="Test Cases/IntegratedWeb/IWP25/Error/MRFCorporate" time="77.684" classname="Test Cases/IntegratedWeb/IWP25/Error/MRFCorporate" status="PASSED">
         <system-out><![CDATA[28-08-2024T19:13:45 - [TEST_CASE][PASSED] - Test Cases/IntegratedWeb/IWP25/Error/MRFCorporate: Test Cases/IntegratedWeb/IWP25/Error/MRFCorporate

28-08-2024T19:13:46 - [TEST_STEP][PASSED] - resText = "Fail": null

28-08-2024T19:13:46 - [TEST_STEP][PASSED] - resColumn = "Result": null

28-08-2024T19:13:46 - [TEST_STEP][PASSED] - datCloumn = "Date": null

28-08-2024T19:13:46 - [TEST_STEP][PASSED] - fileLoc = "KatalonData/IWPTestData/VRelay25Payments.xlsx": null

28-08-2024T19:13:46 - [TEST_STEP][PASSED] - numOfRows = <not implemented yet for class: org.codehaus.groovy.ast.expr.EmptyExpression>: null

28-08-2024T19:13:46 - [TEST_STEP][PASSED] - dataFile = <not implemented yet for class: org.codehaus.groovy.ast.expr.EmptyExpression>: null

28-08-2024T19:13:46 - [TEST_STEP][PASSED] - nameSheet = <not implemented yet for class: org.codehaus.groovy.ast.expr.EmptyExpression>: null

28-08-2024T19:13:46 - [TEST_STEP][PASSED] - dataFileEmulator = <not implemented yet for class: org.codehaus.groovy.ast.expr.EmptyExpression>: null

28-08-2024T19:13:46 - [TEST_STEP][PASSED] - isRequiredTextPresent = false: null

28-08-2024T19:13:46 - [TEST_STEP][PASSED] - nameSheet = "MRFCorp": null

28-08-2024T19:13:46 - [TEST_STEP][PASSED] - dataFile = "IWPTestData/IWP25MRFCorp": null

28-08-2024T19:13:46 - [TEST_STEP][PASSED] - dataFileEmulator = "IWPTestData/EmulatorData": null

28-08-2024T19:13:46 - [TEST_STEP][PASSED] - numOfRows = findTestData(dataFile).getRowNumbers(): null

28-08-2024T19:13:46 - [TEST_STEP][PASSED] - println("Number of Records: " + numOfRows): null

28-08-2024T19:13:46 - [TEST_STEP][PASSED] - for ([row = 1, row <= numOfRows, (row++)]): Browser is closed

28-08-2024T19:13:46 - [TEST_STEP][PASSED] - ExecuteTC = findTestData(dataFile).getValue("Execute", row): null

28-08-2024T19:13:46 - [TEST_STEP][PASSED] - out.println("Value of Execute is : " + ExecuteTC): null

28-08-2024T19:13:46 - [TEST_STEP][PASSED] - if (ExecuteTC.equalsIgnoreCase("Y")): pages.WriteExcel.demoKey is PASSED

28-08-2024T19:13:46 - [TEST_STEP][PASSED] - out.println("Begin Record Number: " + row): null

28-08-2024T19:13:46 - [TEST_STEP][PASSED] - today = new java.util.Date(): null

28-08-2024T19:13:46 - [TEST_STEP][PASSED] - println(today): null

28-08-2024T19:13:46 - [TEST_STEP][PASSED] - datText = today: null

28-08-2024T19:13:46 - [TEST_STEP][PASSED] - EmulatorDataKey = findTestData(dataFile).getValue("EmulatorData", row): null

28-08-2024T19:13:46 - [TEST_STEP][PASSED] - out.println("Value of Emulator Key is : " + EmulatorDataKey): null

28-08-2024T19:13:46 - [TEST_STEP][PASSED] - iwpPages.emulatorIWP30.setDataEmulator_DD(EmulatorDataKey): iwpPages.emulatorIWP30.setDataEmulator_DD is PASSED

28-08-2024T19:13:49 - [MESSAGE][INFO] - Starting 'Edge Chromium' driver

28-08-2024T19:13:49 - [MESSAGE][INFO] - User set preference: ['acceptInsecureCerts', 'true']

28-08-2024T19:13:51 - [MESSAGE][INFO] - Action delay is set to 0 milliseconds

28-08-2024T19:13:58 - [MESSAGE][PASSED] - Browser is opened with url: 'https://qa2.velocitypayment.com/agency/config.do?action=editor&message_version=2_5'

28-08-2024T19:13:58 - [MESSAGE][PASSED] - Current window maximized

28-08-2024T19:13:59 - [MESSAGE][PASSED] - All options with value '2.5' are selected in object 'Object Repository/IWP30/Page_VRelay30Emulator/MV'  using regular expression

28-08-2024T19:14:00 - [MESSAGE][PASSED] - Text '10.50' is set on object 'Object Repository/IWP30/Page_VRelay30Emulator/Amount'

28-08-2024T19:14:00 - [MESSAGE][PASSED] - Text '26413414' is set on object 'Object Repository/IWP30/Page_VRelay30Emulator/CAN'

28-08-2024T19:14:01 - [MESSAGE][PASSED] - Text 'PayNow' is set on object 'Object Repository/IWP30/Page_VRelay30Emulator/Action'

28-08-2024T19:14:02 - [MESSAGE][PASSED] - Text 'en_US' is set on object 'Object Repository/IWP30/Page_VRelay30Emulator/Lang'

28-08-2024T19:14:02 - [MESSAGE][PASSED] - Text '' is set on object 'Object Repository/IWP30/Page_VRelay30Emulator/Fname'

28-08-2024T19:14:04 - [MESSAGE][PASSED] - Text '' is set on object 'Object Repository/IWP30/Page_VRelay30Emulator/Lname'

28-08-2024T19:14:05 - [MESSAGE][PASSED] - Text '' is set on object 'Object Repository/IWP30/Page_VRelay30Emulator/AL1'

28-08-2024T19:14:06 - [MESSAGE][PASSED] - Text '' is set on object 'Object Repository/IWP30/Page_VRelay30Emulator/AL2'

28-08-2024T19:14:06 - [MESSAGE][PASSED] - Text '' is set on object 'Object Repository/IWP30/Page_VRelay30Emulator/Country'

28-08-2024T19:14:07 - [MESSAGE][PASSED] - Text '' is set on object 'Object Repository/IWP30/Page_VRelay30Emulator/City'

28-08-2024T19:14:08 - [MESSAGE][PASSED] - Text '' is set on object 'Object Repository/IWP30/Page_VRelay30Emulator/State'

28-08-2024T19:14:08 - [MESSAGE][PASSED] - Text '' is set on object 'Object Repository/IWP30/Page_VRelay30Emulator/ZIP'

28-08-2024T19:14:09 - [MESSAGE][PASSED] - Text '' is set on object 'Object Repository/IWP30/Page_VRelay30Emulator/Order'

28-08-2024T19:14:09 - [MESSAGE][PASSED] - Text '' is set on object 'Object Repository/IWP30/Page_VRelay30Emulator/Company'

28-08-2024T19:14:11 - [MESSAGE][PASSED] - Text '' is set on object 'Object Repository/IWP30/Page_VRelay30Emulator/Email'

28-08-2024T19:14:12 - [MESSAGE][PASSED] - Text '' is set on object 'Object Repository/IWP30/Page_VRelay30Emulator/UDF1'

28-08-2024T19:14:13 - [MESSAGE][PASSED] - Text '' is set on object 'Object Repository/IWP30/Page_VRelay30Emulator/UDF2'

28-08-2024T19:14:13 - [MESSAGE][PASSED] - Text '' is set on object 'Object Repository/IWP30/Page_VRelay30Emulator/UDF3'

28-08-2024T19:14:14 - [MESSAGE][PASSED] - Text 'udf data 4' is set on object 'Object Repository/IWP30/Page_VRelay30Emulator/UDF4'

28-08-2024T19:14:15 - [MESSAGE][PASSED] - Text 'udf data 5' is set on object 'Object Repository/IWP30/Page_VRelay30Emulator/UDF5'

28-08-2024T19:14:15 - [MESSAGE][PASSED] - Text '' is set on object 'Object Repository/IWP30/Page_VRelay30Emulator/UDF6'

28-08-2024T19:14:16 - [MESSAGE][PASSED] - Text '' is set on object 'Object Repository/IWP30/Page_VRelay30Emulator/UDF7'

28-08-2024T19:14:17 - [MESSAGE][PASSED] - Text '' is set on object 'Object Repository/IWP30/Page_VRelay30Emulator/UDF8'

28-08-2024T19:14:18 - [MESSAGE][PASSED] - Text 'udf data 9' is set on object 'Object Repository/IWP30/Page_VRelay30Emulator/UDF9'

28-08-2024T19:14:19 - [MESSAGE][PASSED] - Text 'udf data 10' is set on object 'Object Repository/IWP30/Page_VRelay30Emulator/UDF10'

28-08-2024T19:14:20 - [MESSAGE][PASSED] - Object: 'Object Repository/IWP30/Page_VRelay30Emulator/Submit' is clicked on

28-08-2024T19:14:25 - [MESSAGE][PASSED] - Browser is closed

28-08-2024T19:14:30 - [MESSAGE][PASSED] - iwpPages.emulatorIWP30.setDataEmulator_DD is PASSED

28-08-2024T19:14:30 - [TEST_STEP][PASSED] - testHarnessURL = urlTestHarness: null

28-08-2024T19:14:30 - [TEST_STEP][PASSED] - openBrowser(testHarnessURL): Browser is opened with url: 'https://dev-algorithm.govolution.com/vrelaytest/QA2/version_2_2/vrelaytest.html'

28-08-2024T19:14:30 - [MESSAGE][INFO] - Starting 'Edge Chromium' driver

28-08-2024T19:14:30 - [MESSAGE][INFO] - User set preference: ['acceptInsecureCerts', 'true']

28-08-2024T19:14:32 - [MESSAGE][INFO] - Action delay is set to 0 milliseconds

28-08-2024T19:14:38 - [MESSAGE][PASSED] - Browser is opened with url: 'https://dev-algorithm.govolution.com/vrelaytest/QA2/version_2_2/vrelaytest.html'

28-08-2024T19:14:38 - [TEST_STEP][PASSED] - maximizeWindow(): Current window maximized

28-08-2024T19:14:39 - [MESSAGE][PASSED] - Current window maximized

28-08-2024T19:14:39 - [TEST_STEP][PASSED] - iwpPages.TestHarnessPage.setDataMethod(row, dataFile): iwpPages.TestHarnessPage.setDataMethod is PASSED

28-08-2024T19:14:39 - [MESSAGE][PASSED] - Object 'Object Repository/IWP30/Page_QATestHarness/RemittanceID' is present

28-08-2024T19:14:40 - [MESSAGE][PASSED] - Text '638' is set on object 'Object Repository/IWP30/Page_QATestHarness/ApplicationID'

28-08-2024T19:14:41 - [MESSAGE][PASSED] - Text '2.5' is set on object 'Object Repository/IWP30/Page_QATestHarness/MessageVersion'

28-08-2024T19:14:41 - [MESSAGE][PASSED] - Text 'nNwfuBkP6QQR' is set on object 'Object Repository/IWP30/Page_QATestHarness/RemittanceID'

28-08-2024T19:14:46 - [MESSAGE][PASSED] - Object: 'Object Repository/IWP30/Page_QATestHarness/SubmitButton' is clicked on

28-08-2024T19:14:46 - [MESSAGE][PASSED] - iwpPages.TestHarnessPage.setDataMethod is PASSED

28-08-2024T19:14:46 - [TEST_STEP][PASSED] - click(findTestObject("Object Repository/IWP30/Page_SelectPaymentMethod/PayByCorporateCheck")): Object: 'Object Repository/IWP30/Page_SelectPaymentMethod/PayByCorporateCheck' is clicked on

28-08-2024T19:14:46 - [MESSAGE][PASSED] - Object: 'Object Repository/IWP30/Page_SelectPaymentMethod/PayByCorporateCheck' is clicked on

28-08-2024T19:14:46 - [TEST_STEP][PASSED] - click(findTestObject("Object Repository/IWP30/Page_SelectPaymentMethod/MakePaymentButton")): Object: 'Object Repository/IWP30/Page_SelectPaymentMethod/MakePaymentButton' is clicked on

28-08-2024T19:14:49 - [MESSAGE][PASSED] - Object: 'Object Repository/IWP30/Page_SelectPaymentMethod/MakePaymentButton' is clicked on

28-08-2024T19:14:49 - [TEST_STEP][PASSED] - click(findTestObject("Object Repository/IWP30/Page_ACHCorporatePaymentEntry/btn_Continue")): Object: 'Object Repository/IWP30/Page_ACHCorporatePaymentEntry/btn_Continue' is clicked on

28-08-2024T19:14:52 - [MESSAGE][PASSED] - Object: 'Object Repository/IWP30/Page_ACHCorporatePaymentEntry/btn_Continue' is clicked on

28-08-2024T19:14:52 - [TEST_STEP][PASSED] - Thread.sleep(5000): null

28-08-2024T19:14:57 - [TEST_STEP][PASSED] - if (verifyTextPresent("UDF3 Label is required", false)): null

28-08-2024T19:14:58 - [MESSAGE][PASSED] - Text 'UDF3 Label is required' is present on page 

28-08-2024T19:14:58 - [TEST_STEP][PASSED] - isRequiredTextPresent = true: null

28-08-2024T19:14:58 - [TEST_STEP][PASSED] - if (isRequiredTextPresent): null

28-08-2024T19:14:58 - [TEST_STEP][PASSED] - if (verifyTextPresent("UDF8 Label is required", false)): null

28-08-2024T19:14:59 - [MESSAGE][PASSED] - Text 'UDF8 Label is required' is present on page 

28-08-2024T19:14:59 - [TEST_STEP][PASSED] - isRequiredTextPresent = true: null

28-08-2024T19:14:59 - [TEST_STEP][PASSED] - if (isRequiredTextPresent): null

28-08-2024T19:14:59 - [TEST_STEP][PASSED] - if (verifyTextPresent("Company Name is required", false)): null

28-08-2024T19:14:59 - [MESSAGE][PASSED] - Text 'Company Name is required' is present on page 

28-08-2024T19:14:59 - [TEST_STEP][PASSED] - isRequiredTextPresent = true: null

28-08-2024T19:14:59 - [TEST_STEP][PASSED] - if (isRequiredTextPresent): null

28-08-2024T19:14:59 - [TEST_STEP][PASSED] - if (verifyTextPresent("Routing number is required", false)): null

28-08-2024T19:15:00 - [MESSAGE][PASSED] - Text 'Routing number is required' is present on page 

28-08-2024T19:15:00 - [TEST_STEP][PASSED] - isRequiredTextPresent = true: null

28-08-2024T19:15:00 - [TEST_STEP][PASSED] - if (isRequiredTextPresent): null

28-08-2024T19:15:00 - [TEST_STEP][PASSED] - if (verifyTextPresent("Account number is required", false)): null

28-08-2024T19:15:00 - [MESSAGE][PASSED] - Text 'Account number is required' is present on page 

28-08-2024T19:15:00 - [TEST_STEP][PASSED] - isRequiredTextPresent = true: null

28-08-2024T19:15:00 - [TEST_STEP][PASSED] - if (isRequiredTextPresent): null

28-08-2024T19:15:00 - [TEST_STEP][PASSED] - if (verifyTextPresent("The Confirm Account Number field is a required field.", false)): null

28-08-2024T19:15:00 - [MESSAGE][PASSED] - Text 'The Confirm Account Number field is a required field.' is present on page 

28-08-2024T19:15:00 - [TEST_STEP][PASSED] - isRequiredTextPresent = true: null

28-08-2024T19:15:00 - [TEST_STEP][PASSED] - if (isRequiredTextPresent): null

28-08-2024T19:15:00 - [TEST_STEP][PASSED] - if (verifyTextPresent("Address Line 1 is required", false)): null

28-08-2024T19:15:01 - [MESSAGE][PASSED] - Text 'Address Line 1 is required' is present on page 

28-08-2024T19:15:01 - [TEST_STEP][PASSED] - isRequiredTextPresent = true: null

28-08-2024T19:15:01 - [TEST_STEP][PASSED] - if (isRequiredTextPresent): null

28-08-2024T19:15:01 - [TEST_STEP][PASSED] - if (verifyTextPresent("ZIP Code is required", false)): null

28-08-2024T19:15:01 - [MESSAGE][PASSED] - Text 'ZIP Code is required' is present on page 

28-08-2024T19:15:01 - [TEST_STEP][PASSED] - isRequiredTextPresent = true: null

28-08-2024T19:15:01 - [TEST_STEP][PASSED] - if (isRequiredTextPresent): null

28-08-2024T19:15:01 - [TEST_STEP][PASSED] - if (verifyTextPresent("City is required", false)): null

28-08-2024T19:15:01 - [MESSAGE][PASSED] - Text 'City is required' is present on page 

28-08-2024T19:15:01 - [TEST_STEP][PASSED] - isRequiredTextPresent = true: null

28-08-2024T19:15:01 - [TEST_STEP][PASSED] - if (isRequiredTextPresent): null

28-08-2024T19:15:01 - [TEST_STEP][PASSED] - if (verifyTextPresent("State is required", false)): null

28-08-2024T19:15:02 - [MESSAGE][PASSED] - Text 'State is required' is present on page 

28-08-2024T19:15:02 - [TEST_STEP][PASSED] - isRequiredTextPresent = true: null

28-08-2024T19:15:02 - [TEST_STEP][PASSED] - if (isRequiredTextPresent): null

28-08-2024T19:15:02 - [TEST_STEP][PASSED] - if (verifyTextPresent("Email address is required.", false)): null

28-08-2024T19:15:02 - [MESSAGE][PASSED] - Text 'Email address is required.' is present on page 

28-08-2024T19:15:02 - [TEST_STEP][PASSED] - isRequiredTextPresent = true: null

28-08-2024T19:15:02 - [TEST_STEP][PASSED] - if (isRequiredTextPresent): null

28-08-2024T19:15:02 - [TEST_STEP][PASSED] - if (verifyTextPresent("You must review and accept the ACH terms and conditions in order to process an electronic debit transaction.", false)): null

28-08-2024T19:15:02 - [MESSAGE][PASSED] - Text 'You must review and accept the ACH terms and conditions in order to process an electronic debit transaction.' is present on page 

28-08-2024T19:15:02 - [TEST_STEP][PASSED] - isRequiredTextPresent = true: null

28-08-2024T19:15:02 - [TEST_STEP][PASSED] - if (isRequiredTextPresent): pages.WriteExcel.demoKey is PASSED

28-08-2024T19:15:02 - [TEST_STEP][PASSED] - println("All the missing required fields error messages are present"): null

28-08-2024T19:15:02 - [TEST_STEP][PASSED] - markPassed("All the missing required fields error messages are present"): All the missing required fields error messages are present

28-08-2024T19:15:02 - [MESSAGE][PASSED] - All the missing required fields error messages are present

28-08-2024T19:15:02 - [TEST_STEP][PASSED] - resText = "Pass": null

28-08-2024T19:15:02 - [TEST_STEP][PASSED] - pages.WriteExcel.demoKey(resText, datText, resColumn, datCloumn, fileLoc, nameSheet, row): pages.WriteExcel.demoKey is PASSED

28-08-2024T19:15:02 - [MESSAGE][PASSED] - pages.WriteExcel.demoKey is PASSED

28-08-2024T19:15:02 - [TEST_STEP][PASSED] - closeBrowser(): Browser is closed

28-08-2024T19:15:03 - [MESSAGE][PASSED] - Browser is closed]]></system-out>
         <system-err><![CDATA[]]></system-err>
      </testcase>
      <testcase name="Test Cases/IntegratedWeb/IWP25/Error/NoOverPayErrorCorp" time="90.093" classname="Test Cases/IntegratedWeb/IWP25/Error/NoOverPayErrorCorp" status="PASSED">
         <system-out><![CDATA[28-08-2024T19:15:03 - [TEST_CASE][PASSED] - Test Cases/IntegratedWeb/IWP25/Error/NoOverPayErrorCorp: Test Cases/IntegratedWeb/IWP25/Error/NoOverPayErrorCorp

28-08-2024T19:15:05 - [TEST_STEP][PASSED] - resText = "Fail": null

28-08-2024T19:15:05 - [TEST_STEP][PASSED] - resColumn = "Result": null

28-08-2024T19:15:05 - [TEST_STEP][PASSED] - datCloumn = "Date": null

28-08-2024T19:15:05 - [TEST_STEP][PASSED] - fileLoc = "KatalonData/IWPTestData/VRelay25Payments.xlsx": null

28-08-2024T19:15:05 - [TEST_STEP][PASSED] - numOfRows = <not implemented yet for class: org.codehaus.groovy.ast.expr.EmptyExpression>: null

28-08-2024T19:15:05 - [TEST_STEP][PASSED] - dataFile = <not implemented yet for class: org.codehaus.groovy.ast.expr.EmptyExpression>: null

28-08-2024T19:15:05 - [TEST_STEP][PASSED] - nameSheet = <not implemented yet for class: org.codehaus.groovy.ast.expr.EmptyExpression>: null

28-08-2024T19:15:05 - [TEST_STEP][PASSED] - dataFileEmulator = <not implemented yet for class: org.codehaus.groovy.ast.expr.EmptyExpression>: null

28-08-2024T19:15:05 - [TEST_STEP][PASSED] - nameSheet = "NoOverPayErrorCorp": null

28-08-2024T19:15:05 - [TEST_STEP][PASSED] - dataFile = "IWPTestData/IWP25NoOverPayErrorCorp": null

28-08-2024T19:15:05 - [TEST_STEP][PASSED] - dataFileEmulator = "IWPTestData/EmulatorData": null

28-08-2024T19:15:05 - [TEST_STEP][PASSED] - numOfRows = findTestData(dataFile).getRowNumbers(): null

28-08-2024T19:15:06 - [TEST_STEP][PASSED] - println("Number of Records: " + numOfRows): null

28-08-2024T19:15:06 - [TEST_STEP][PASSED] - for ([row = 1, row <= numOfRows, (row++)]): Browser is closed

28-08-2024T19:15:06 - [TEST_STEP][PASSED] - ExecuteTC = findTestData(dataFile).getValue("Execute", row): null

28-08-2024T19:15:06 - [TEST_STEP][PASSED] - out.println("Value of Execute is : " + ExecuteTC): null

28-08-2024T19:15:06 - [TEST_STEP][PASSED] - if (ExecuteTC.equalsIgnoreCase("Y")): null

28-08-2024T19:15:06 - [TEST_STEP][PASSED] - out.println("Begin Record Number: " + row): null

28-08-2024T19:15:06 - [TEST_STEP][PASSED] - today = new java.util.Date(): null

28-08-2024T19:15:06 - [TEST_STEP][PASSED] - println(today): null

28-08-2024T19:15:06 - [TEST_STEP][PASSED] - datText = today: null

28-08-2024T19:15:06 - [TEST_STEP][PASSED] - EmulatorDataKey = findTestData(dataFile).getValue("EmulatorData", row): null

28-08-2024T19:15:06 - [TEST_STEP][PASSED] - out.println("Value of Emulator Key is : " + EmulatorDataKey): null

28-08-2024T19:15:06 - [TEST_STEP][PASSED] - iwpPages.emulatorIWP30.setDataEmulator_DD(EmulatorDataKey): iwpPages.emulatorIWP30.setDataEmulator_DD is PASSED

28-08-2024T19:15:06 - [MESSAGE][INFO] - Starting 'Edge Chromium' driver

28-08-2024T19:15:06 - [MESSAGE][INFO] - User set preference: ['acceptInsecureCerts', 'true']

28-08-2024T19:15:09 - [MESSAGE][INFO] - Action delay is set to 0 milliseconds

28-08-2024T19:15:16 - [MESSAGE][PASSED] - Browser is opened with url: 'https://qa2.velocitypayment.com/agency/config.do?action=editor&message_version=2_5'

28-08-2024T19:15:16 - [MESSAGE][PASSED] - Current window maximized

28-08-2024T19:15:17 - [MESSAGE][PASSED] - All options with value '2.5' are selected in object 'Object Repository/IWP30/Page_VRelay30Emulator/MV'  using regular expression

28-08-2024T19:15:18 - [MESSAGE][PASSED] - Text '10.50' is set on object 'Object Repository/IWP30/Page_VRelay30Emulator/Amount'

28-08-2024T19:15:18 - [MESSAGE][PASSED] - Text '26413414' is set on object 'Object Repository/IWP30/Page_VRelay30Emulator/CAN'

28-08-2024T19:15:19 - [MESSAGE][PASSED] - Text 'PayNow' is set on object 'Object Repository/IWP30/Page_VRelay30Emulator/Action'

28-08-2024T19:15:21 - [MESSAGE][PASSED] - Text 'en_US' is set on object 'Object Repository/IWP30/Page_VRelay30Emulator/Lang'

28-08-2024T19:15:22 - [MESSAGE][PASSED] - Text 'Curlonty' is set on object 'Object Repository/IWP30/Page_VRelay30Emulator/Fname'

28-08-2024T19:15:23 - [MESSAGE][PASSED] - Text 'Lachuga' is set on object 'Object Repository/IWP30/Page_VRelay30Emulator/Lname'

28-08-2024T19:15:23 - [MESSAGE][PASSED] - Text '258 Underwood rd' is set on object 'Object Repository/IWP30/Page_VRelay30Emulator/AL1'

28-08-2024T19:15:24 - [MESSAGE][PASSED] - Text 'Suite 600' is set on object 'Object Repository/IWP30/Page_VRelay30Emulator/AL2'

28-08-2024T19:15:25 - [MESSAGE][PASSED] - Text '840' is set on object 'Object Repository/IWP30/Page_VRelay30Emulator/Country'

28-08-2024T19:15:25 - [MESSAGE][PASSED] - Text 'Arlington' is set on object 'Object Repository/IWP30/Page_VRelay30Emulator/City'

28-08-2024T19:15:26 - [MESSAGE][PASSED] - Text 'VA' is set on object 'Object Repository/IWP30/Page_VRelay30Emulator/State'

28-08-2024T19:15:27 - [MESSAGE][PASSED] - Text '22201' is set on object 'Object Repository/IWP30/Page_VRelay30Emulator/ZIP'

28-08-2024T19:15:29 - [MESSAGE][PASSED] - Text '' is set on object 'Object Repository/IWP30/Page_VRelay30Emulator/Order'

28-08-2024T19:15:29 - [MESSAGE][PASSED] - Text '' is set on object 'Object Repository/IWP30/Page_VRelay30Emulator/Company'

28-08-2024T19:15:30 - [MESSAGE][PASSED] - Text '' is set on object 'Object Repository/IWP30/Page_VRelay30Emulator/Email'

28-08-2024T19:15:30 - [MESSAGE][PASSED] - Text 'udf data 1' is set on object 'Object Repository/IWP30/Page_VRelay30Emulator/UDF1'

28-08-2024T19:15:31 - [MESSAGE][PASSED] - Text 'udf data 2' is set on object 'Object Repository/IWP30/Page_VRelay30Emulator/UDF2'

28-08-2024T19:15:32 - [MESSAGE][PASSED] - Text '' is set on object 'Object Repository/IWP30/Page_VRelay30Emulator/UDF3'

28-08-2024T19:15:32 - [MESSAGE][PASSED] - Text '' is set on object 'Object Repository/IWP30/Page_VRelay30Emulator/UDF4'

28-08-2024T19:15:35 - [MESSAGE][PASSED] - Text '' is set on object 'Object Repository/IWP30/Page_VRelay30Emulator/UDF5'

28-08-2024T19:15:36 - [MESSAGE][PASSED] - Text '' is set on object 'Object Repository/IWP30/Page_VRelay30Emulator/UDF6'

28-08-2024T19:15:37 - [MESSAGE][PASSED] - Text '' is set on object 'Object Repository/IWP30/Page_VRelay30Emulator/UDF7'

28-08-2024T19:15:37 - [MESSAGE][PASSED] - Text '' is set on object 'Object Repository/IWP30/Page_VRelay30Emulator/UDF8'

28-08-2024T19:15:38 - [MESSAGE][PASSED] - Text '' is set on object 'Object Repository/IWP30/Page_VRelay30Emulator/UDF9'

28-08-2024T19:15:38 - [MESSAGE][PASSED] - Text '' is set on object 'Object Repository/IWP30/Page_VRelay30Emulator/UDF10'

28-08-2024T19:15:41 - [MESSAGE][PASSED] - Object: 'Object Repository/IWP30/Page_VRelay30Emulator/Submit' is clicked on

28-08-2024T19:15:45 - [MESSAGE][PASSED] - Browser is closed

28-08-2024T19:15:49 - [MESSAGE][PASSED] - iwpPages.emulatorIWP30.setDataEmulator_DD is PASSED

28-08-2024T19:15:49 - [TEST_STEP][PASSED] - testHarnessURL = urlTestHarness: null

28-08-2024T19:15:49 - [TEST_STEP][PASSED] - openBrowser(testHarnessURL): Browser is opened with url: 'https://dev-algorithm.govolution.com/vrelaytest/QA2/version_2_2/vrelaytest.html'

28-08-2024T19:15:49 - [MESSAGE][INFO] - Starting 'Edge Chromium' driver

28-08-2024T19:15:49 - [MESSAGE][INFO] - User set preference: ['acceptInsecureCerts', 'true']

28-08-2024T19:15:52 - [MESSAGE][INFO] - Action delay is set to 0 milliseconds

28-08-2024T19:15:58 - [MESSAGE][PASSED] - Browser is opened with url: 'https://dev-algorithm.govolution.com/vrelaytest/QA2/version_2_2/vrelaytest.html'

28-08-2024T19:15:58 - [TEST_STEP][PASSED] - maximizeWindow(): Current window maximized

28-08-2024T19:15:58 - [MESSAGE][PASSED] - Current window maximized

28-08-2024T19:15:58 - [TEST_STEP][PASSED] - iwpPages.TestHarnessPage.setDataMethod(row, dataFile): iwpPages.TestHarnessPage.setDataMethod is PASSED

28-08-2024T19:15:59 - [MESSAGE][PASSED] - Object 'Object Repository/IWP30/Page_QATestHarness/RemittanceID' is present

28-08-2024T19:16:00 - [MESSAGE][PASSED] - Text '652' is set on object 'Object Repository/IWP30/Page_QATestHarness/ApplicationID'

28-08-2024T19:16:00 - [MESSAGE][PASSED] - Text '2.5' is set on object 'Object Repository/IWP30/Page_QATestHarness/MessageVersion'

28-08-2024T19:16:01 - [MESSAGE][PASSED] - Text 'IYAWhk70nVLp' is set on object 'Object Repository/IWP30/Page_QATestHarness/RemittanceID'

28-08-2024T19:16:04 - [MESSAGE][PASSED] - Object: 'Object Repository/IWP30/Page_QATestHarness/SubmitButton' is clicked on

28-08-2024T19:16:04 - [MESSAGE][PASSED] - iwpPages.TestHarnessPage.setDataMethod is PASSED

28-08-2024T19:16:04 - [TEST_STEP][PASSED] - click(findTestObject("Object Repository/IWP30/Page_SelectPaymentMethod/PayByCorporateCheck")): Object: 'Object Repository/IWP30/Page_SelectPaymentMethod/PayByCorporateCheck' is clicked on

28-08-2024T19:16:05 - [MESSAGE][PASSED] - Object: 'Object Repository/IWP30/Page_SelectPaymentMethod/PayByCorporateCheck' is clicked on

28-08-2024T19:16:05 - [TEST_STEP][PASSED] - click(findTestObject("Object Repository/IWP30/Page_SelectPaymentMethod/MakePaymentButton")): Object: 'Object Repository/IWP30/Page_SelectPaymentMethod/MakePaymentButton' is clicked on

28-08-2024T19:16:08 - [MESSAGE][PASSED] - Object: 'Object Repository/IWP30/Page_SelectPaymentMethod/MakePaymentButton' is clicked on

28-08-2024T19:16:08 - [TEST_STEP][PASSED] - iwpPages.achCorporatePaymentEntryPage.setDataCorporate(row, dataFile): iwpPages.achCorporatePaymentEntryPage.setDataCorporate is PASSED

28-08-2024T19:16:09 - [MESSAGE][PASSED] - Object 'Object Repository/IWP30/Page_ACHCorporatePaymentEntry/txt_accountNumber' is present

28-08-2024T19:16:09 - [MESSAGE][PASSED] - Object 'Object Repository/IWP30/Page_ACHCorporatePaymentEntry/input_CompanyName' is present

28-08-2024T19:16:10 - [MESSAGE][PASSED] - Text 'My Company' is set on object 'Object Repository/IWP30/Page_ACHCorporatePaymentEntry/input_CompanyName'

28-08-2024T19:16:11 - [MESSAGE][PASSED] - Object 'Object Repository/IWP30/Page_ACHCorporatePaymentEntry/input_EIN' is present

28-08-2024T19:16:12 - [MESSAGE][PASSED] - Text '123456789' is set on object 'Object Repository/IWP30/Page_ACHCorporatePaymentEntry/input_EIN'

28-08-2024T19:16:13 - [MESSAGE][PASSED] - Text '11.50' is set on object 'Object Repository/IWP30/Page_ACHCorporatePaymentEntry/txt_Amount'

28-08-2024T19:16:13 - [MESSAGE][PASSED] - Object 'Object Repository/IWP30/Page_ACHCorporatePaymentEntry/txt_routingNumber' is present

28-08-2024T19:16:14 - [MESSAGE][PASSED] - Text '256072691' is set on object 'Object Repository/IWP30/Page_ACHCorporatePaymentEntry/txt_routingNumber'

28-08-2024T19:16:14 - [MESSAGE][PASSED] - Object 'Object Repository/IWP30/Page_ACHCorporatePaymentEntry/txt_accountNumber' is present

28-08-2024T19:16:15 - [MESSAGE][PASSED] - Text '12344444' is set on object 'Object Repository/IWP30/Page_ACHCorporatePaymentEntry/txt_accountNumber'

28-08-2024T19:16:16 - [MESSAGE][PASSED] - Object 'Object Repository/IWP30/Page_ACHCorporatePaymentEntry/txt_confirmAccountNumber' is present

28-08-2024T19:16:16 - [MESSAGE][PASSED] - Text '12344444' is set on object 'Object Repository/IWP30/Page_ACHCorporatePaymentEntry/txt_confirmAccountNumber'

28-08-2024T19:16:18 - [MESSAGE][PASSED] - Object 'Object Repository/IWP30/Page_ACHCorporatePaymentEntry/txt_Email' is present

28-08-2024T19:16:19 - [MESSAGE][PASSED] - Text 'iahmed@govolution.com' is set on object 'Object Repository/IWP30/Page_ACHCorporatePaymentEntry/txt_Email'

28-08-2024T19:16:19 - [MESSAGE][PASSED] - Object 'Object Repository/IWP30/Page_ACHCorporatePaymentEntry/cb_TermsAndCond' is present

28-08-2024T19:16:20 - [MESSAGE][PASSED] - Object: 'Object Repository/IWP30/Page_ACHCorporatePaymentEntry/cb_TermsAndCond' is clicked on

28-08-2024T19:16:20 - [MESSAGE][PASSED] - Object 'Object Repository/IWP30/Page_ACHCorporatePaymentEntry/btn_Continue' is present

28-08-2024T19:16:22 - [MESSAGE][PASSED] - Object: 'Object Repository/IWP30/Page_ACHCorporatePaymentEntry/btn_Continue' is clicked on

28-08-2024T19:16:22 - [MESSAGE][PASSED] - iwpPages.achCorporatePaymentEntryPage.setDataCorporate is PASSED

28-08-2024T19:16:22 - [TEST_STEP][PASSED] - Thread.sleep(10000): null

28-08-2024T19:16:32 - [TEST_STEP][PASSED] - if (verifyTextPresent("Payment amounts more than 10.50 are not accepted", false)): null

28-08-2024T19:16:33 - [MESSAGE][PASSED] - Text 'Payment amounts more than 10.50 are not accepted' is present on page 

28-08-2024T19:16:33 - [TEST_STEP][PASSED] - println("Over Pay Error message shown"): null

28-08-2024T19:16:33 - [TEST_STEP][PASSED] - markPassed("Over Pay Error message shown"): Over Pay Error message shown

28-08-2024T19:16:33 - [MESSAGE][PASSED] - Over Pay Error message shown

28-08-2024T19:16:33 - [TEST_STEP][PASSED] - resText = "Pass": null

28-08-2024T19:16:33 - [TEST_STEP][PASSED] - pages.WriteExcel.demoKey(resText, datText, resColumn, datCloumn, fileLoc, nameSheet, row): pages.WriteExcel.demoKey is PASSED

28-08-2024T19:16:33 - [MESSAGE][PASSED] - pages.WriteExcel.demoKey is PASSED

28-08-2024T19:16:33 - [TEST_STEP][PASSED] - closeBrowser(): Browser is closed

28-08-2024T19:16:33 - [MESSAGE][PASSED] - Browser is closed]]></system-out>
         <system-err><![CDATA[]]></system-err>
      </testcase>
      <testcase name="Test Cases/IntegratedWeb/IWP25/Error/NoOverPayErrorPC" time="89.199" classname="Test Cases/IntegratedWeb/IWP25/Error/NoOverPayErrorPC" status="PASSED">
         <system-out><![CDATA[28-08-2024T19:16:33 - [TEST_CASE][PASSED] - Test Cases/IntegratedWeb/IWP25/Error/NoOverPayErrorPC: Test Cases/IntegratedWeb/IWP25/Error/NoOverPayErrorPC

28-08-2024T19:16:34 - [TEST_STEP][PASSED] - resText = "Fail": null

28-08-2024T19:16:34 - [TEST_STEP][PASSED] - resColumn = "Result": null

28-08-2024T19:16:34 - [TEST_STEP][PASSED] - datCloumn = "Date": null

28-08-2024T19:16:34 - [TEST_STEP][PASSED] - fileLoc = "KatalonData/IWPTestData/VRelay25Payments.xlsx": null

28-08-2024T19:16:34 - [TEST_STEP][PASSED] - numOfRows = <not implemented yet for class: org.codehaus.groovy.ast.expr.EmptyExpression>: null

28-08-2024T19:16:34 - [TEST_STEP][PASSED] - dataFile = <not implemented yet for class: org.codehaus.groovy.ast.expr.EmptyExpression>: null

28-08-2024T19:16:34 - [TEST_STEP][PASSED] - nameSheet = <not implemented yet for class: org.codehaus.groovy.ast.expr.EmptyExpression>: null

28-08-2024T19:16:34 - [TEST_STEP][PASSED] - dataFileEmulator = <not implemented yet for class: org.codehaus.groovy.ast.expr.EmptyExpression>: null

28-08-2024T19:16:34 - [TEST_STEP][PASSED] - nameSheet = "NoOverPayErrorPC": null

28-08-2024T19:16:34 - [TEST_STEP][PASSED] - dataFile = "IWPTestData/IWP25NoOverPayErrorPC": null

28-08-2024T19:16:34 - [TEST_STEP][PASSED] - dataFileEmulator = "IWPTestData/EmulatorData": null

28-08-2024T19:16:34 - [TEST_STEP][PASSED] - numOfRows = findTestData(dataFile).getRowNumbers(): null

28-08-2024T19:16:34 - [TEST_STEP][PASSED] - println("Number of Records: " + numOfRows): null

28-08-2024T19:16:34 - [TEST_STEP][PASSED] - for ([row = 1, row <= numOfRows, (row++)]): Browser is closed

28-08-2024T19:16:34 - [TEST_STEP][PASSED] - ExecuteTC = findTestData(dataFile).getValue("Execute", row): null

28-08-2024T19:16:34 - [TEST_STEP][PASSED] - out.println("Value of Execute is : " + ExecuteTC): null

28-08-2024T19:16:34 - [TEST_STEP][PASSED] - if (ExecuteTC.equalsIgnoreCase("Y")): null

28-08-2024T19:16:34 - [TEST_STEP][PASSED] - out.println("Begin Record Number: " + row): null

28-08-2024T19:16:34 - [TEST_STEP][PASSED] - today = new java.util.Date(): null

28-08-2024T19:16:34 - [TEST_STEP][PASSED] - println(today): null

28-08-2024T19:16:34 - [TEST_STEP][PASSED] - datText = today: null

28-08-2024T19:16:34 - [TEST_STEP][PASSED] - EmulatorDataKey = findTestData(dataFile).getValue("EmulatorData", row): null

28-08-2024T19:16:34 - [TEST_STEP][PASSED] - out.println("Value of Emulator Key is : " + EmulatorDataKey): null

28-08-2024T19:16:34 - [TEST_STEP][PASSED] - iwpPages.emulatorIWP30.setDataEmulator_DD(EmulatorDataKey): iwpPages.emulatorIWP30.setDataEmulator_DD is PASSED

28-08-2024T19:16:35 - [MESSAGE][INFO] - Starting 'Edge Chromium' driver

28-08-2024T19:16:35 - [MESSAGE][INFO] - User set preference: ['acceptInsecureCerts', 'true']

28-08-2024T19:16:38 - [MESSAGE][INFO] - Action delay is set to 0 milliseconds

28-08-2024T19:16:45 - [MESSAGE][PASSED] - Browser is opened with url: 'https://qa2.velocitypayment.com/agency/config.do?action=editor&message_version=2_5'

28-08-2024T19:16:46 - [MESSAGE][PASSED] - Current window maximized

28-08-2024T19:16:47 - [MESSAGE][PASSED] - All options with value '2.5' are selected in object 'Object Repository/IWP30/Page_VRelay30Emulator/MV'  using regular expression

28-08-2024T19:16:48 - [MESSAGE][PASSED] - Text '10.50' is set on object 'Object Repository/IWP30/Page_VRelay30Emulator/Amount'

28-08-2024T19:16:48 - [MESSAGE][PASSED] - Text '26413414' is set on object 'Object Repository/IWP30/Page_VRelay30Emulator/CAN'

28-08-2024T19:16:49 - [MESSAGE][PASSED] - Text 'PayNow' is set on object 'Object Repository/IWP30/Page_VRelay30Emulator/Action'

28-08-2024T19:16:50 - [MESSAGE][PASSED] - Text 'en_US' is set on object 'Object Repository/IWP30/Page_VRelay30Emulator/Lang'

28-08-2024T19:16:50 - [MESSAGE][PASSED] - Text 'Curlonty' is set on object 'Object Repository/IWP30/Page_VRelay30Emulator/Fname'

28-08-2024T19:16:53 - [MESSAGE][PASSED] - Text 'Lachuga' is set on object 'Object Repository/IWP30/Page_VRelay30Emulator/Lname'

28-08-2024T19:16:53 - [MESSAGE][PASSED] - Text '258 Underwood rd' is set on object 'Object Repository/IWP30/Page_VRelay30Emulator/AL1'

28-08-2024T19:16:54 - [MESSAGE][PASSED] - Text 'Suite 600' is set on object 'Object Repository/IWP30/Page_VRelay30Emulator/AL2'

28-08-2024T19:16:54 - [MESSAGE][PASSED] - Text '840' is set on object 'Object Repository/IWP30/Page_VRelay30Emulator/Country'

28-08-2024T19:16:55 - [MESSAGE][PASSED] - Text 'Arlington' is set on object 'Object Repository/IWP30/Page_VRelay30Emulator/City'

28-08-2024T19:16:56 - [MESSAGE][PASSED] - Text 'VA' is set on object 'Object Repository/IWP30/Page_VRelay30Emulator/State'

28-08-2024T19:16:56 - [MESSAGE][PASSED] - Text '22201' is set on object 'Object Repository/IWP30/Page_VRelay30Emulator/ZIP'

28-08-2024T19:16:57 - [MESSAGE][PASSED] - Text '' is set on object 'Object Repository/IWP30/Page_VRelay30Emulator/Order'

28-08-2024T19:16:58 - [MESSAGE][PASSED] - Text '' is set on object 'Object Repository/IWP30/Page_VRelay30Emulator/Company'

28-08-2024T19:17:00 - [MESSAGE][PASSED] - Text '' is set on object 'Object Repository/IWP30/Page_VRelay30Emulator/Email'

28-08-2024T19:17:00 - [MESSAGE][PASSED] - Text 'udf data 1' is set on object 'Object Repository/IWP30/Page_VRelay30Emulator/UDF1'

28-08-2024T19:17:01 - [MESSAGE][PASSED] - Text 'udf data 2' is set on object 'Object Repository/IWP30/Page_VRelay30Emulator/UDF2'

28-08-2024T19:17:01 - [MESSAGE][PASSED] - Text '' is set on object 'Object Repository/IWP30/Page_VRelay30Emulator/UDF3'

28-08-2024T19:17:02 - [MESSAGE][PASSED] - Text '' is set on object 'Object Repository/IWP30/Page_VRelay30Emulator/UDF4'

28-08-2024T19:17:03 - [MESSAGE][PASSED] - Text '' is set on object 'Object Repository/IWP30/Page_VRelay30Emulator/UDF5'

28-08-2024T19:17:03 - [MESSAGE][PASSED] - Text '' is set on object 'Object Repository/IWP30/Page_VRelay30Emulator/UDF6'

28-08-2024T19:17:05 - [MESSAGE][PASSED] - Text '' is set on object 'Object Repository/IWP30/Page_VRelay30Emulator/UDF7'

28-08-2024T19:17:06 - [MESSAGE][PASSED] - Text '' is set on object 'Object Repository/IWP30/Page_VRelay30Emulator/UDF8'

28-08-2024T19:17:06 - [MESSAGE][PASSED] - Text '' is set on object 'Object Repository/IWP30/Page_VRelay30Emulator/UDF9'

28-08-2024T19:17:07 - [MESSAGE][PASSED] - Text '' is set on object 'Object Repository/IWP30/Page_VRelay30Emulator/UDF10'

28-08-2024T19:17:08 - [MESSAGE][PASSED] - Object: 'Object Repository/IWP30/Page_VRelay30Emulator/Submit' is clicked on

28-08-2024T19:17:13 - [MESSAGE][PASSED] - Browser is closed

28-08-2024T19:17:17 - [MESSAGE][PASSED] - iwpPages.emulatorIWP30.setDataEmulator_DD is PASSED

28-08-2024T19:17:17 - [TEST_STEP][PASSED] - testHarnessURL = urlTestHarness: null

28-08-2024T19:17:17 - [TEST_STEP][PASSED] - openBrowser(testHarnessURL): Browser is opened with url: 'https://dev-algorithm.govolution.com/vrelaytest/QA2/version_2_2/vrelaytest.html'

28-08-2024T19:17:17 - [MESSAGE][INFO] - Starting 'Edge Chromium' driver

28-08-2024T19:17:17 - [MESSAGE][INFO] - User set preference: ['acceptInsecureCerts', 'true']

28-08-2024T19:17:19 - [MESSAGE][INFO] - Action delay is set to 0 milliseconds

28-08-2024T19:17:25 - [MESSAGE][PASSED] - Browser is opened with url: 'https://dev-algorithm.govolution.com/vrelaytest/QA2/version_2_2/vrelaytest.html'

28-08-2024T19:17:25 - [TEST_STEP][PASSED] - maximizeWindow(): Current window maximized

28-08-2024T19:17:27 - [MESSAGE][PASSED] - Current window maximized

28-08-2024T19:17:27 - [TEST_STEP][PASSED] - iwpPages.TestHarnessPage.setDataMethod(row, dataFile): iwpPages.TestHarnessPage.setDataMethod is PASSED

28-08-2024T19:17:27 - [MESSAGE][PASSED] - Object 'Object Repository/IWP30/Page_QATestHarness/RemittanceID' is present

28-08-2024T19:17:28 - [MESSAGE][PASSED] - Text '652' is set on object 'Object Repository/IWP30/Page_QATestHarness/ApplicationID'

28-08-2024T19:17:29 - [MESSAGE][PASSED] - Text '2.5' is set on object 'Object Repository/IWP30/Page_QATestHarness/MessageVersion'

28-08-2024T19:17:29 - [MESSAGE][PASSED] - Text 'pUiDMYL7qxJN' is set on object 'Object Repository/IWP30/Page_QATestHarness/RemittanceID'

28-08-2024T19:17:33 - [MESSAGE][PASSED] - Object: 'Object Repository/IWP30/Page_QATestHarness/SubmitButton' is clicked on

28-08-2024T19:17:33 - [MESSAGE][PASSED] - iwpPages.TestHarnessPage.setDataMethod is PASSED

28-08-2024T19:17:33 - [TEST_STEP][PASSED] - click(findTestObject("Object Repository/IWP30/Page_SelectPaymentMethod/PayByPersonalCheck")): Object: 'Object Repository/IWP30/Page_SelectPaymentMethod/PayByPersonalCheck' is clicked on

28-08-2024T19:17:34 - [MESSAGE][PASSED] - Object: 'Object Repository/IWP30/Page_SelectPaymentMethod/PayByPersonalCheck' is clicked on

28-08-2024T19:17:34 - [TEST_STEP][PASSED] - click(findTestObject("Object Repository/IWP30/Page_SelectPaymentMethod/MakePaymentButton")): Object: 'Object Repository/IWP30/Page_SelectPaymentMethod/MakePaymentButton' is clicked on

28-08-2024T19:17:36 - [MESSAGE][PASSED] - Object: 'Object Repository/IWP30/Page_SelectPaymentMethod/MakePaymentButton' is clicked on

28-08-2024T19:17:36 - [TEST_STEP][PASSED] - iwpPages.achPersonalPaymentEntryPage.setDataACHPPM(row, dataFile): iwpPages.achPersonalPaymentEntryPage.setDataACHPPM is PASSED

28-08-2024T19:17:37 - [MESSAGE][PASSED] - Object 'Object Repository/IWP30/Page_ACHPersonalPaymentEntry/txt_accountNumber' is present

28-08-2024T19:17:38 - [MESSAGE][PASSED] - Text '11.50' is set on object 'Object Repository/IWP30/Page_ACHPersonalPaymentEntry/txt_Amount'

28-08-2024T19:17:39 - [MESSAGE][PASSED] - Object 'Object Repository/IWP30/Page_ACHPersonalPaymentEntry/txt_UDF2' is present

28-08-2024T19:17:39 - [MESSAGE][PASSED] - Object 'Object Repository/IWP30/Page_ACHPersonalPaymentEntry/txt_Firstname' is present

28-08-2024T19:17:41 - [MESSAGE][PASSED] - Text 'Elizath' is set on object 'Object Repository/IWP30/Page_ACHPersonalPaymentEntry/txt_Firstname'

28-08-2024T19:17:41 - [MESSAGE][PASSED] - Object 'Object Repository/IWP30/Page_ACHPersonalPaymentEntry/txt_Lastname' is present

28-08-2024T19:17:41 - [MESSAGE][PASSED] - Text 'Christine' is set on object 'Object Repository/IWP30/Page_ACHPersonalPaymentEntry/txt_Lastname'

28-08-2024T19:17:42 - [MESSAGE][PASSED] - Object 'Object Repository/IWP30/Page_ACHPersonalPaymentEntry/txt_routingNumber' is present

28-08-2024T19:17:42 - [MESSAGE][PASSED] - Text '256072691' is set on object 'Object Repository/IWP30/Page_ACHPersonalPaymentEntry/txt_routingNumber'

28-08-2024T19:17:43 - [MESSAGE][PASSED] - Object 'Object Repository/IWP30/Page_ACHPersonalPaymentEntry/txt_accountNumber' is present

28-08-2024T19:17:44 - [MESSAGE][PASSED] - Text '12344444' is set on object 'Object Repository/IWP30/Page_ACHPersonalPaymentEntry/txt_accountNumber'

28-08-2024T19:17:44 - [MESSAGE][PASSED] - Object 'Object Repository/IWP30/Page_ACHPersonalPaymentEntry/txt_confirmAccountNumber' is present

28-08-2024T19:17:46 - [MESSAGE][PASSED] - Text '12344444' is set on object 'Object Repository/IWP30/Page_ACHPersonalPaymentEntry/txt_confirmAccountNumber'

28-08-2024T19:17:46 - [MESSAGE][PASSED] - Object 'Object Repository/IWP30/Page_ACHPersonalPaymentEntry/rd_accountType' is present

28-08-2024T19:17:46 - [MESSAGE][PASSED] - Modify property of object successfully

28-08-2024T19:17:47 - [MESSAGE][PASSED] - Object: 'Object Repository/IWP30/Page_ACHPersonalPaymentEntry/rd_accountType' is clicked on

28-08-2024T19:17:47 - [MESSAGE][PASSED] - Object 'Object Repository/IWP30/Page_ACHPersonalPaymentEntry/txt_Email' is present

28-08-2024T19:17:48 - [MESSAGE][PASSED] - Text 'iahmed@govolution.com' is set on object 'Object Repository/IWP30/Page_ACHPersonalPaymentEntry/txt_Email'

28-08-2024T19:17:48 - [MESSAGE][PASSED] - Object 'Object Repository/IWP30/Page_ACHPersonalPaymentEntry/cb_TermsAndCond' is present

28-08-2024T19:17:49 - [MESSAGE][PASSED] - Object: 'Object Repository/IWP30/Page_ACHPersonalPaymentEntry/cb_TermsAndCond' is clicked on

28-08-2024T19:17:49 - [MESSAGE][PASSED] - Object 'Object Repository/IWP30/Page_ACHPersonalPaymentEntry/btn_Continue' is present

28-08-2024T19:17:51 - [MESSAGE][PASSED] - Object: 'Object Repository/IWP30/Page_ACHPersonalPaymentEntry/btn_Continue' is clicked on

28-08-2024T19:17:51 - [MESSAGE][PASSED] - iwpPages.achPersonalPaymentEntryPage.setDataACHPPM is PASSED

28-08-2024T19:17:51 - [TEST_STEP][PASSED] - Thread.sleep(10000): null

28-08-2024T19:18:01 - [TEST_STEP][PASSED] - if (verifyTextPresent("Payment amounts more than 10.50 are not accepted", false)): null

28-08-2024T19:18:02 - [MESSAGE][PASSED] - Text 'Payment amounts more than 10.50 are not accepted' is present on page 

28-08-2024T19:18:02 - [TEST_STEP][PASSED] - println("Over Pay Error message shown"): null

28-08-2024T19:18:02 - [TEST_STEP][PASSED] - markPassed("Over Pay Error message shown"): Over Pay Error message shown

28-08-2024T19:18:02 - [MESSAGE][PASSED] - Over Pay Error message shown

28-08-2024T19:18:02 - [TEST_STEP][PASSED] - resText = "Pass": null

28-08-2024T19:18:02 - [TEST_STEP][PASSED] - pages.WriteExcel.demoKey(resText, datText, resColumn, datCloumn, fileLoc, nameSheet, row): pages.WriteExcel.demoKey is PASSED

28-08-2024T19:18:02 - [MESSAGE][PASSED] - pages.WriteExcel.demoKey is PASSED

28-08-2024T19:18:02 - [TEST_STEP][PASSED] - closeBrowser(): Browser is closed

28-08-2024T19:18:02 - [MESSAGE][PASSED] - Browser is closed]]></system-out>
         <system-err><![CDATA[]]></system-err>
      </testcase>
      <testcase name="Test Cases/IntegratedWeb/IWP25/Error/NoUnderPayErrorCorp" time="86.795" classname="Test Cases/IntegratedWeb/IWP25/Error/NoUnderPayErrorCorp" status="PASSED">
         <system-out><![CDATA[28-08-2024T19:18:02 - [TEST_CASE][PASSED] - Test Cases/IntegratedWeb/IWP25/Error/NoUnderPayErrorCorp: Test Cases/IntegratedWeb/IWP25/Error/NoUnderPayErrorCorp

28-08-2024T19:18:04 - [TEST_STEP][PASSED] - resText = "Fail": null

28-08-2024T19:18:04 - [TEST_STEP][PASSED] - resColumn = "Result": null

28-08-2024T19:18:04 - [TEST_STEP][PASSED] - datCloumn = "Date": null

28-08-2024T19:18:04 - [TEST_STEP][PASSED] - fileLoc = "KatalonData/IWPTestData/VRelay25Payments.xlsx": null

28-08-2024T19:18:04 - [TEST_STEP][PASSED] - numOfRows = <not implemented yet for class: org.codehaus.groovy.ast.expr.EmptyExpression>: null

28-08-2024T19:18:04 - [TEST_STEP][PASSED] - dataFile = <not implemented yet for class: org.codehaus.groovy.ast.expr.EmptyExpression>: null

28-08-2024T19:18:04 - [TEST_STEP][PASSED] - nameSheet = <not implemented yet for class: org.codehaus.groovy.ast.expr.EmptyExpression>: null

28-08-2024T19:18:04 - [TEST_STEP][PASSED] - dataFileEmulator = <not implemented yet for class: org.codehaus.groovy.ast.expr.EmptyExpression>: null

28-08-2024T19:18:04 - [TEST_STEP][PASSED] - nameSheet = "NoUnderPayErrorCorp": null

28-08-2024T19:18:04 - [TEST_STEP][PASSED] - dataFile = "IWPTestData/IWP25NoUnderPayErrorCorp": null

28-08-2024T19:18:04 - [TEST_STEP][PASSED] - dataFileEmulator = "IWPTestData/EmulatorData": null

28-08-2024T19:18:04 - [TEST_STEP][PASSED] - numOfRows = findTestData(dataFile).getRowNumbers(): null

28-08-2024T19:18:04 - [TEST_STEP][PASSED] - println("Number of Records: " + numOfRows): null

28-08-2024T19:18:04 - [TEST_STEP][PASSED] - for ([row = 1, row <= numOfRows, (row++)]): Browser is closed

28-08-2024T19:18:04 - [TEST_STEP][PASSED] - ExecuteTC = findTestData(dataFile).getValue("Execute", row): null

28-08-2024T19:18:04 - [TEST_STEP][PASSED] - out.println("Value of Execute is : " + ExecuteTC): null

28-08-2024T19:18:04 - [TEST_STEP][PASSED] - if (ExecuteTC.equalsIgnoreCase("Y")): null

28-08-2024T19:18:04 - [TEST_STEP][PASSED] - out.println("Begin Record Number: " + row): null

28-08-2024T19:18:04 - [TEST_STEP][PASSED] - today = new java.util.Date(): null

28-08-2024T19:18:04 - [TEST_STEP][PASSED] - println(today): null

28-08-2024T19:18:04 - [TEST_STEP][PASSED] - datText = today: null

28-08-2024T19:18:04 - [TEST_STEP][PASSED] - EmulatorDataKey = findTestData(dataFile).getValue("EmulatorData", row): null

28-08-2024T19:18:05 - [TEST_STEP][PASSED] - out.println("Value of Emulator Key is : " + EmulatorDataKey): null

28-08-2024T19:18:05 - [TEST_STEP][PASSED] - iwpPages.emulatorIWP30.setDataEmulator_DD(EmulatorDataKey): iwpPages.emulatorIWP30.setDataEmulator_DD is PASSED

28-08-2024T19:18:06 - [MESSAGE][INFO] - Starting 'Edge Chromium' driver

28-08-2024T19:18:06 - [MESSAGE][INFO] - User set preference: ['acceptInsecureCerts', 'true']

28-08-2024T19:18:08 - [MESSAGE][INFO] - Action delay is set to 0 milliseconds

28-08-2024T19:18:13 - [MESSAGE][PASSED] - Browser is opened with url: 'https://qa2.velocitypayment.com/agency/config.do?action=editor&message_version=2_5'

28-08-2024T19:18:13 - [MESSAGE][PASSED] - Current window maximized

28-08-2024T19:18:14 - [MESSAGE][PASSED] - All options with value '2.5' are selected in object 'Object Repository/IWP30/Page_VRelay30Emulator/MV'  using regular expression

28-08-2024T19:18:15 - [MESSAGE][PASSED] - Text '10.50' is set on object 'Object Repository/IWP30/Page_VRelay30Emulator/Amount'

28-08-2024T19:18:16 - [MESSAGE][PASSED] - Text '26413414' is set on object 'Object Repository/IWP30/Page_VRelay30Emulator/CAN'

28-08-2024T19:18:17 - [MESSAGE][PASSED] - Text 'PayNow' is set on object 'Object Repository/IWP30/Page_VRelay30Emulator/Action'

28-08-2024T19:18:19 - [MESSAGE][PASSED] - Text 'en_US' is set on object 'Object Repository/IWP30/Page_VRelay30Emulator/Lang'

28-08-2024T19:18:19 - [MESSAGE][PASSED] - Text 'Curlonty' is set on object 'Object Repository/IWP30/Page_VRelay30Emulator/Fname'

28-08-2024T19:18:20 - [MESSAGE][PASSED] - Text 'Lachuga' is set on object 'Object Repository/IWP30/Page_VRelay30Emulator/Lname'

28-08-2024T19:18:21 - [MESSAGE][PASSED] - Text '258 Underwood rd' is set on object 'Object Repository/IWP30/Page_VRelay30Emulator/AL1'

28-08-2024T19:18:21 - [MESSAGE][PASSED] - Text 'Suite 600' is set on object 'Object Repository/IWP30/Page_VRelay30Emulator/AL2'

28-08-2024T19:18:22 - [MESSAGE][PASSED] - Text '840' is set on object 'Object Repository/IWP30/Page_VRelay30Emulator/Country'

28-08-2024T19:18:22 - [MESSAGE][PASSED] - Text 'Arlington' is set on object 'Object Repository/IWP30/Page_VRelay30Emulator/City'

28-08-2024T19:18:24 - [MESSAGE][PASSED] - Text 'VA' is set on object 'Object Repository/IWP30/Page_VRelay30Emulator/State'

28-08-2024T19:18:25 - [MESSAGE][PASSED] - Text '22201' is set on object 'Object Repository/IWP30/Page_VRelay30Emulator/ZIP'

28-08-2024T19:18:26 - [MESSAGE][PASSED] - Text '' is set on object 'Object Repository/IWP30/Page_VRelay30Emulator/Order'

28-08-2024T19:18:27 - [MESSAGE][PASSED] - Text '' is set on object 'Object Repository/IWP30/Page_VRelay30Emulator/Company'

28-08-2024T19:18:27 - [MESSAGE][PASSED] - Text '' is set on object 'Object Repository/IWP30/Page_VRelay30Emulator/Email'

28-08-2024T19:18:28 - [MESSAGE][PASSED] - Text 'udf data 1' is set on object 'Object Repository/IWP30/Page_VRelay30Emulator/UDF1'

28-08-2024T19:18:28 - [MESSAGE][PASSED] - Text 'udf data 2' is set on object 'Object Repository/IWP30/Page_VRelay30Emulator/UDF2'

28-08-2024T19:18:29 - [MESSAGE][PASSED] - Text '' is set on object 'Object Repository/IWP30/Page_VRelay30Emulator/UDF3'

28-08-2024T19:18:31 - [MESSAGE][PASSED] - Text '' is set on object 'Object Repository/IWP30/Page_VRelay30Emulator/UDF4'

28-08-2024T19:18:32 - [MESSAGE][PASSED] - Text '' is set on object 'Object Repository/IWP30/Page_VRelay30Emulator/UDF5'

28-08-2024T19:18:33 - [MESSAGE][PASSED] - Text '' is set on object 'Object Repository/IWP30/Page_VRelay30Emulator/UDF6'

28-08-2024T19:18:33 - [MESSAGE][PASSED] - Text '' is set on object 'Object Repository/IWP30/Page_VRelay30Emulator/UDF7'

28-08-2024T19:18:34 - [MESSAGE][PASSED] - Text '' is set on object 'Object Repository/IWP30/Page_VRelay30Emulator/UDF8'

28-08-2024T19:18:34 - [MESSAGE][PASSED] - Text '' is set on object 'Object Repository/IWP30/Page_VRelay30Emulator/UDF9'

28-08-2024T19:18:35 - [MESSAGE][PASSED] - Text '' is set on object 'Object Repository/IWP30/Page_VRelay30Emulator/UDF10'

28-08-2024T19:18:37 - [MESSAGE][PASSED] - Object: 'Object Repository/IWP30/Page_VRelay30Emulator/Submit' is clicked on

28-08-2024T19:18:42 - [MESSAGE][PASSED] - Browser is closed

28-08-2024T19:18:46 - [MESSAGE][PASSED] - iwpPages.emulatorIWP30.setDataEmulator_DD is PASSED

28-08-2024T19:18:46 - [TEST_STEP][PASSED] - testHarnessURL = urlTestHarness: null

28-08-2024T19:18:46 - [TEST_STEP][PASSED] - openBrowser(testHarnessURL): Browser is opened with url: 'https://dev-algorithm.govolution.com/vrelaytest/QA2/version_2_2/vrelaytest.html'

28-08-2024T19:18:46 - [MESSAGE][INFO] - Starting 'Edge Chromium' driver

28-08-2024T19:18:46 - [MESSAGE][INFO] - User set preference: ['acceptInsecureCerts', 'true']

28-08-2024T19:18:48 - [MESSAGE][INFO] - Action delay is set to 0 milliseconds

28-08-2024T19:18:54 - [MESSAGE][PASSED] - Browser is opened with url: 'https://dev-algorithm.govolution.com/vrelaytest/QA2/version_2_2/vrelaytest.html'

28-08-2024T19:18:54 - [TEST_STEP][PASSED] - maximizeWindow(): Current window maximized

28-08-2024T19:18:55 - [MESSAGE][PASSED] - Current window maximized

28-08-2024T19:18:55 - [TEST_STEP][PASSED] - iwpPages.TestHarnessPage.setDataMethod(row, dataFile): iwpPages.TestHarnessPage.setDataMethod is PASSED

28-08-2024T19:18:55 - [MESSAGE][PASSED] - Object 'Object Repository/IWP30/Page_QATestHarness/RemittanceID' is present

28-08-2024T19:18:56 - [MESSAGE][PASSED] - Text '653' is set on object 'Object Repository/IWP30/Page_QATestHarness/ApplicationID'

28-08-2024T19:18:56 - [MESSAGE][PASSED] - Text '2.5' is set on object 'Object Repository/IWP30/Page_QATestHarness/MessageVersion'

28-08-2024T19:18:57 - [MESSAGE][PASSED] - Text 'X27JFOq592xY' is set on object 'Object Repository/IWP30/Page_QATestHarness/RemittanceID'

28-08-2024T19:19:01 - [MESSAGE][PASSED] - Object: 'Object Repository/IWP30/Page_QATestHarness/SubmitButton' is clicked on

28-08-2024T19:19:01 - [MESSAGE][PASSED] - iwpPages.TestHarnessPage.setDataMethod is PASSED

28-08-2024T19:19:01 - [TEST_STEP][PASSED] - click(findTestObject("Object Repository/IWP30/Page_SelectPaymentMethod/PayByCorporateCheck")): Object: 'Object Repository/IWP30/Page_SelectPaymentMethod/PayByCorporateCheck' is clicked on

28-08-2024T19:19:02 - [MESSAGE][PASSED] - Object: 'Object Repository/IWP30/Page_SelectPaymentMethod/PayByCorporateCheck' is clicked on

28-08-2024T19:19:02 - [TEST_STEP][PASSED] - click(findTestObject("Object Repository/IWP30/Page_SelectPaymentMethod/MakePaymentButton")): Object: 'Object Repository/IWP30/Page_SelectPaymentMethod/MakePaymentButton' is clicked on

28-08-2024T19:19:04 - [MESSAGE][PASSED] - Object: 'Object Repository/IWP30/Page_SelectPaymentMethod/MakePaymentButton' is clicked on

28-08-2024T19:19:04 - [TEST_STEP][PASSED] - iwpPages.achCorporatePaymentEntryPage.setDataCorporate(row, dataFile): iwpPages.achCorporatePaymentEntryPage.setDataCorporate is PASSED

28-08-2024T19:19:05 - [MESSAGE][PASSED] - Object 'Object Repository/IWP30/Page_ACHCorporatePaymentEntry/txt_accountNumber' is present

28-08-2024T19:19:05 - [MESSAGE][PASSED] - Object 'Object Repository/IWP30/Page_ACHCorporatePaymentEntry/input_CompanyName' is present

28-08-2024T19:19:07 - [MESSAGE][PASSED] - Text 'My Company' is set on object 'Object Repository/IWP30/Page_ACHCorporatePaymentEntry/input_CompanyName'

28-08-2024T19:19:07 - [MESSAGE][PASSED] - Object 'Object Repository/IWP30/Page_ACHCorporatePaymentEntry/input_EIN' is present

28-08-2024T19:19:08 - [MESSAGE][PASSED] - Text '123456789' is set on object 'Object Repository/IWP30/Page_ACHCorporatePaymentEntry/input_EIN'

28-08-2024T19:19:09 - [MESSAGE][PASSED] - Text '9.50' is set on object 'Object Repository/IWP30/Page_ACHCorporatePaymentEntry/txt_Amount'

28-08-2024T19:19:09 - [MESSAGE][PASSED] - Object 'Object Repository/IWP30/Page_ACHCorporatePaymentEntry/txt_routingNumber' is present

28-08-2024T19:19:10 - [MESSAGE][PASSED] - Text '256072691' is set on object 'Object Repository/IWP30/Page_ACHCorporatePaymentEntry/txt_routingNumber'

28-08-2024T19:19:10 - [MESSAGE][PASSED] - Object 'Object Repository/IWP30/Page_ACHCorporatePaymentEntry/txt_accountNumber' is present

28-08-2024T19:19:12 - [MESSAGE][PASSED] - Text '12344444' is set on object 'Object Repository/IWP30/Page_ACHCorporatePaymentEntry/txt_accountNumber'

28-08-2024T19:19:12 - [MESSAGE][PASSED] - Object 'Object Repository/IWP30/Page_ACHCorporatePaymentEntry/txt_confirmAccountNumber' is present

28-08-2024T19:19:14 - [MESSAGE][PASSED] - Text '12344444' is set on object 'Object Repository/IWP30/Page_ACHCorporatePaymentEntry/txt_confirmAccountNumber'

28-08-2024T19:19:14 - [MESSAGE][PASSED] - Object 'Object Repository/IWP30/Page_ACHCorporatePaymentEntry/txt_Email' is present

28-08-2024T19:19:15 - [MESSAGE][PASSED] - Text 'iahmed@govolution.com' is set on object 'Object Repository/IWP30/Page_ACHCorporatePaymentEntry/txt_Email'

28-08-2024T19:19:15 - [MESSAGE][PASSED] - Object 'Object Repository/IWP30/Page_ACHCorporatePaymentEntry/cb_TermsAndCond' is present

28-08-2024T19:19:16 - [MESSAGE][PASSED] - Object: 'Object Repository/IWP30/Page_ACHCorporatePaymentEntry/cb_TermsAndCond' is clicked on

28-08-2024T19:19:16 - [MESSAGE][PASSED] - Object 'Object Repository/IWP30/Page_ACHCorporatePaymentEntry/btn_Continue' is present

28-08-2024T19:19:18 - [MESSAGE][PASSED] - Object: 'Object Repository/IWP30/Page_ACHCorporatePaymentEntry/btn_Continue' is clicked on

28-08-2024T19:19:18 - [MESSAGE][PASSED] - iwpPages.achCorporatePaymentEntryPage.setDataCorporate is PASSED

28-08-2024T19:19:18 - [TEST_STEP][PASSED] - Thread.sleep(10000): null

28-08-2024T19:19:28 - [TEST_STEP][PASSED] - if (verifyTextPresent("Payment amounts less than 10.50 are not accepted", false)): null

28-08-2024T19:19:29 - [MESSAGE][PASSED] - Text 'Payment amounts less than 10.50 are not accepted' is present on page 

28-08-2024T19:19:29 - [TEST_STEP][PASSED] - println("UnderPay Error message shown"): null

28-08-2024T19:19:29 - [TEST_STEP][PASSED] - markPassed("Under Pay Error message shown"): Under Pay Error message shown

28-08-2024T19:19:29 - [MESSAGE][PASSED] - Under Pay Error message shown

28-08-2024T19:19:29 - [TEST_STEP][PASSED] - resText = "Pass": null

28-08-2024T19:19:29 - [TEST_STEP][PASSED] - pages.WriteExcel.demoKey(resText, datText, resColumn, datCloumn, fileLoc, nameSheet, row): pages.WriteExcel.demoKey is PASSED

28-08-2024T19:19:29 - [MESSAGE][PASSED] - pages.WriteExcel.demoKey is PASSED

28-08-2024T19:19:29 - [TEST_STEP][PASSED] - closeBrowser(): Browser is closed

28-08-2024T19:19:29 - [MESSAGE][PASSED] - Browser is closed]]></system-out>
         <system-err><![CDATA[]]></system-err>
      </testcase>
      <testcase name="Test Cases/IntegratedWeb/IWP25/Error/NoUnderPayErrorPC" time="90.389" classname="Test Cases/IntegratedWeb/IWP25/Error/NoUnderPayErrorPC" status="PASSED">
         <system-out><![CDATA[28-08-2024T19:19:29 - [TEST_CASE][PASSED] - Test Cases/IntegratedWeb/IWP25/Error/NoUnderPayErrorPC: Test Cases/IntegratedWeb/IWP25/Error/NoUnderPayErrorPC

28-08-2024T19:19:30 - [TEST_STEP][PASSED] - resText = "Fail": null

28-08-2024T19:19:30 - [TEST_STEP][PASSED] - resColumn = "Result": null

28-08-2024T19:19:30 - [TEST_STEP][PASSED] - datCloumn = "Date": null

28-08-2024T19:19:30 - [TEST_STEP][PASSED] - fileLoc = "KatalonData/IWPTestData/VRelay25Payments.xlsx": null

28-08-2024T19:19:30 - [TEST_STEP][PASSED] - numOfRows = <not implemented yet for class: org.codehaus.groovy.ast.expr.EmptyExpression>: null

28-08-2024T19:19:30 - [TEST_STEP][PASSED] - dataFile = <not implemented yet for class: org.codehaus.groovy.ast.expr.EmptyExpression>: null

28-08-2024T19:19:30 - [TEST_STEP][PASSED] - nameSheet = <not implemented yet for class: org.codehaus.groovy.ast.expr.EmptyExpression>: null

28-08-2024T19:19:30 - [TEST_STEP][PASSED] - dataFileEmulator = <not implemented yet for class: org.codehaus.groovy.ast.expr.EmptyExpression>: null

28-08-2024T19:19:30 - [TEST_STEP][PASSED] - nameSheet = "NoUnderPayErrorPC": null

28-08-2024T19:19:30 - [TEST_STEP][PASSED] - dataFile = "IWPTestData/IWP25NoUnderPayErrorPC": null

28-08-2024T19:19:30 - [TEST_STEP][PASSED] - dataFileEmulator = "IWPTestData/EmulatorData": null

28-08-2024T19:19:30 - [TEST_STEP][PASSED] - numOfRows = findTestData(dataFile).getRowNumbers(): null

28-08-2024T19:19:30 - [TEST_STEP][PASSED] - println("Number of Records: " + numOfRows): null

28-08-2024T19:19:30 - [TEST_STEP][PASSED] - for ([row = 1, row <= numOfRows, (row++)]): Browser is closed

28-08-2024T19:19:30 - [TEST_STEP][PASSED] - ExecuteTC = findTestData(dataFile).getValue("Execute", row): null

28-08-2024T19:19:30 - [TEST_STEP][PASSED] - out.println("Value of Execute is : " + ExecuteTC): null

28-08-2024T19:19:30 - [TEST_STEP][PASSED] - if (ExecuteTC.equalsIgnoreCase("Y")): null

28-08-2024T19:19:30 - [TEST_STEP][PASSED] - out.println("Begin Record Number: " + row): null

28-08-2024T19:19:30 - [TEST_STEP][PASSED] - today = new java.util.Date(): null

28-08-2024T19:19:30 - [TEST_STEP][PASSED] - println(today): null

28-08-2024T19:19:30 - [TEST_STEP][PASSED] - datText = today: null

28-08-2024T19:19:30 - [TEST_STEP][PASSED] - EmulatorDataKey = findTestData(dataFile).getValue("EmulatorData", row): null

28-08-2024T19:19:30 - [TEST_STEP][PASSED] - out.println("Value of Emulator Key is : " + EmulatorDataKey): null

28-08-2024T19:19:30 - [TEST_STEP][PASSED] - iwpPages.emulatorIWP30.setDataEmulator_DD(EmulatorDataKey): iwpPages.emulatorIWP30.setDataEmulator_DD is PASSED

28-08-2024T19:19:30 - [MESSAGE][INFO] - Starting 'Edge Chromium' driver

28-08-2024T19:19:30 - [MESSAGE][INFO] - User set preference: ['acceptInsecureCerts', 'true']

28-08-2024T19:19:34 - [MESSAGE][INFO] - Action delay is set to 0 milliseconds

28-08-2024T19:19:40 - [MESSAGE][PASSED] - Browser is opened with url: 'https://qa2.velocitypayment.com/agency/config.do?action=editor&message_version=2_5'

28-08-2024T19:19:40 - [MESSAGE][PASSED] - Current window maximized

28-08-2024T19:19:41 - [MESSAGE][PASSED] - All options with value '2.5' are selected in object 'Object Repository/IWP30/Page_VRelay30Emulator/MV'  using regular expression

28-08-2024T19:19:41 - [MESSAGE][PASSED] - Text '10.50' is set on object 'Object Repository/IWP30/Page_VRelay30Emulator/Amount'

28-08-2024T19:19:43 - [MESSAGE][PASSED] - Text '26413414' is set on object 'Object Repository/IWP30/Page_VRelay30Emulator/CAN'

28-08-2024T19:19:44 - [MESSAGE][PASSED] - Text 'PayNow' is set on object 'Object Repository/IWP30/Page_VRelay30Emulator/Action'

28-08-2024T19:19:45 - [MESSAGE][PASSED] - Text 'en_US' is set on object 'Object Repository/IWP30/Page_VRelay30Emulator/Lang'

28-08-2024T19:19:45 - [MESSAGE][PASSED] - Text 'Curlonty' is set on object 'Object Repository/IWP30/Page_VRelay30Emulator/Fname'

28-08-2024T19:19:46 - [MESSAGE][PASSED] - Text 'Lachuga' is set on object 'Object Repository/IWP30/Page_VRelay30Emulator/Lname'

28-08-2024T19:19:47 - [MESSAGE][PASSED] - Text '258 Underwood rd' is set on object 'Object Repository/IWP30/Page_VRelay30Emulator/AL1'

28-08-2024T19:19:47 - [MESSAGE][PASSED] - Text 'Suite 600' is set on object 'Object Repository/IWP30/Page_VRelay30Emulator/AL2'

28-08-2024T19:19:48 - [MESSAGE][PASSED] - Text '840' is set on object 'Object Repository/IWP30/Page_VRelay30Emulator/Country'

28-08-2024T19:19:50 - [MESSAGE][PASSED] - Text 'Arlington' is set on object 'Object Repository/IWP30/Page_VRelay30Emulator/City'

28-08-2024T19:19:51 - [MESSAGE][PASSED] - Text 'VA' is set on object 'Object Repository/IWP30/Page_VRelay30Emulator/State'

28-08-2024T19:19:51 - [MESSAGE][PASSED] - Text '22201' is set on object 'Object Repository/IWP30/Page_VRelay30Emulator/ZIP'

28-08-2024T19:19:52 - [MESSAGE][PASSED] - Text '' is set on object 'Object Repository/IWP30/Page_VRelay30Emulator/Order'

28-08-2024T19:19:53 - [MESSAGE][PASSED] - Text '' is set on object 'Object Repository/IWP30/Page_VRelay30Emulator/Company'

28-08-2024T19:19:53 - [MESSAGE][PASSED] - Text '' is set on object 'Object Repository/IWP30/Page_VRelay30Emulator/Email'

28-08-2024T19:19:54 - [MESSAGE][PASSED] - Text 'udf data 1' is set on object 'Object Repository/IWP30/Page_VRelay30Emulator/UDF1'

28-08-2024T19:19:54 - [MESSAGE][PASSED] - Text 'udf data 2' is set on object 'Object Repository/IWP30/Page_VRelay30Emulator/UDF2'

28-08-2024T19:19:55 - [MESSAGE][PASSED] - Text '' is set on object 'Object Repository/IWP30/Page_VRelay30Emulator/UDF3'

28-08-2024T19:19:57 - [MESSAGE][PASSED] - Text '' is set on object 'Object Repository/IWP30/Page_VRelay30Emulator/UDF4'

28-08-2024T19:19:58 - [MESSAGE][PASSED] - Text '' is set on object 'Object Repository/IWP30/Page_VRelay30Emulator/UDF5'

28-08-2024T19:19:58 - [MESSAGE][PASSED] - Text '' is set on object 'Object Repository/IWP30/Page_VRelay30Emulator/UDF6'

28-08-2024T19:19:59 - [MESSAGE][PASSED] - Text '' is set on object 'Object Repository/IWP30/Page_VRelay30Emulator/UDF7'

28-08-2024T19:20:00 - [MESSAGE][PASSED] - Text '' is set on object 'Object Repository/IWP30/Page_VRelay30Emulator/UDF8'

28-08-2024T19:20:00 - [MESSAGE][PASSED] - Text '' is set on object 'Object Repository/IWP30/Page_VRelay30Emulator/UDF9'

28-08-2024T19:20:01 - [MESSAGE][PASSED] - Text '' is set on object 'Object Repository/IWP30/Page_VRelay30Emulator/UDF10'

28-08-2024T19:20:03 - [MESSAGE][PASSED] - Object: 'Object Repository/IWP30/Page_VRelay30Emulator/Submit' is clicked on

28-08-2024T19:20:07 - [MESSAGE][PASSED] - Browser is closed

28-08-2024T19:20:11 - [MESSAGE][PASSED] - iwpPages.emulatorIWP30.setDataEmulator_DD is PASSED

28-08-2024T19:20:11 - [TEST_STEP][PASSED] - testHarnessURL = urlTestHarness: null

28-08-2024T19:20:11 - [TEST_STEP][PASSED] - openBrowser(testHarnessURL): Browser is opened with url: 'https://dev-algorithm.govolution.com/vrelaytest/QA2/version_2_2/vrelaytest.html'

28-08-2024T19:20:11 - [MESSAGE][INFO] - Starting 'Edge Chromium' driver

28-08-2024T19:20:11 - [MESSAGE][INFO] - User set preference: ['acceptInsecureCerts', 'true']

28-08-2024T19:20:14 - [MESSAGE][INFO] - Action delay is set to 0 milliseconds

28-08-2024T19:20:21 - [MESSAGE][PASSED] - Browser is opened with url: 'https://dev-algorithm.govolution.com/vrelaytest/QA2/version_2_2/vrelaytest.html'

28-08-2024T19:20:21 - [TEST_STEP][PASSED] - maximizeWindow(): Current window maximized

28-08-2024T19:20:21 - [MESSAGE][PASSED] - Current window maximized

28-08-2024T19:20:21 - [TEST_STEP][PASSED] - iwpPages.TestHarnessPage.setDataMethod(row, dataFile): iwpPages.TestHarnessPage.setDataMethod is PASSED

28-08-2024T19:20:21 - [MESSAGE][PASSED] - Object 'Object Repository/IWP30/Page_QATestHarness/RemittanceID' is present

28-08-2024T19:20:22 - [MESSAGE][PASSED] - Text '653' is set on object 'Object Repository/IWP30/Page_QATestHarness/ApplicationID'

28-08-2024T19:20:23 - [MESSAGE][PASSED] - Text '2.5' is set on object 'Object Repository/IWP30/Page_QATestHarness/MessageVersion'

28-08-2024T19:20:24 - [MESSAGE][PASSED] - Text 'BtupyB4AqkYJ' is set on object 'Object Repository/IWP30/Page_QATestHarness/RemittanceID'

28-08-2024T19:20:28 - [MESSAGE][PASSED] - Object: 'Object Repository/IWP30/Page_QATestHarness/SubmitButton' is clicked on

28-08-2024T19:20:28 - [MESSAGE][PASSED] - iwpPages.TestHarnessPage.setDataMethod is PASSED

28-08-2024T19:20:28 - [TEST_STEP][PASSED] - click(findTestObject("Object Repository/IWP30/Page_SelectPaymentMethod/PayByPersonalCheck")): Object: 'Object Repository/IWP30/Page_SelectPaymentMethod/PayByPersonalCheck' is clicked on

28-08-2024T19:20:29 - [MESSAGE][PASSED] - Object: 'Object Repository/IWP30/Page_SelectPaymentMethod/PayByPersonalCheck' is clicked on

28-08-2024T19:20:29 - [TEST_STEP][PASSED] - click(findTestObject("Object Repository/IWP30/Page_SelectPaymentMethod/MakePaymentButton")): Object: 'Object Repository/IWP30/Page_SelectPaymentMethod/MakePaymentButton' is clicked on

28-08-2024T19:20:31 - [MESSAGE][PASSED] - Object: 'Object Repository/IWP30/Page_SelectPaymentMethod/MakePaymentButton' is clicked on

28-08-2024T19:20:31 - [TEST_STEP][PASSED] - iwpPages.achPersonalPaymentEntryPage.setDataACHPPM(row, dataFile): iwpPages.achPersonalPaymentEntryPage.setDataACHPPM is PASSED

28-08-2024T19:20:35 - [MESSAGE][PASSED] - Object 'Object Repository/IWP30/Page_ACHPersonalPaymentEntry/txt_accountNumber' is present

28-08-2024T19:20:35 - [MESSAGE][PASSED] - Text '9.50' is set on object 'Object Repository/IWP30/Page_ACHPersonalPaymentEntry/txt_Amount'

28-08-2024T19:20:36 - [MESSAGE][PASSED] - Object 'Object Repository/IWP30/Page_ACHPersonalPaymentEntry/txt_UDF2' is present

28-08-2024T19:20:36 - [MESSAGE][PASSED] - Object 'Object Repository/IWP30/Page_ACHPersonalPaymentEntry/txt_Firstname' is present

28-08-2024T19:20:37 - [MESSAGE][PASSED] - Text 'Elizath' is set on object 'Object Repository/IWP30/Page_ACHPersonalPaymentEntry/txt_Firstname'

28-08-2024T19:20:37 - [MESSAGE][PASSED] - Object 'Object Repository/IWP30/Page_ACHPersonalPaymentEntry/txt_Lastname' is present

28-08-2024T19:20:37 - [MESSAGE][PASSED] - Text 'Christine' is set on object 'Object Repository/IWP30/Page_ACHPersonalPaymentEntry/txt_Lastname'

28-08-2024T19:20:38 - [MESSAGE][PASSED] - Object 'Object Repository/IWP30/Page_ACHPersonalPaymentEntry/txt_routingNumber' is present

28-08-2024T19:20:38 - [MESSAGE][PASSED] - Text '256072691' is set on object 'Object Repository/IWP30/Page_ACHPersonalPaymentEntry/txt_routingNumber'

28-08-2024T19:20:38 - [MESSAGE][PASSED] - Object 'Object Repository/IWP30/Page_ACHPersonalPaymentEntry/txt_accountNumber' is present

28-08-2024T19:20:41 - [MESSAGE][PASSED] - Text '12344444' is set on object 'Object Repository/IWP30/Page_ACHPersonalPaymentEntry/txt_accountNumber'

28-08-2024T19:20:41 - [MESSAGE][PASSED] - Object 'Object Repository/IWP30/Page_ACHPersonalPaymentEntry/txt_confirmAccountNumber' is present

28-08-2024T19:20:42 - [MESSAGE][PASSED] - Text '12344444' is set on object 'Object Repository/IWP30/Page_ACHPersonalPaymentEntry/txt_confirmAccountNumber'

28-08-2024T19:20:42 - [MESSAGE][PASSED] - Object 'Object Repository/IWP30/Page_ACHPersonalPaymentEntry/rd_accountType' is present

28-08-2024T19:20:42 - [MESSAGE][PASSED] - Modify property of object successfully

28-08-2024T19:20:43 - [MESSAGE][PASSED] - Object: 'Object Repository/IWP30/Page_ACHPersonalPaymentEntry/rd_accountType' is clicked on

28-08-2024T19:20:43 - [MESSAGE][PASSED] - Object 'Object Repository/IWP30/Page_ACHPersonalPaymentEntry/txt_Email' is present

28-08-2024T19:20:44 - [MESSAGE][PASSED] - Text 'iahmed@govolution.com' is set on object 'Object Repository/IWP30/Page_ACHPersonalPaymentEntry/txt_Email'

28-08-2024T19:20:44 - [MESSAGE][PASSED] - Object 'Object Repository/IWP30/Page_ACHPersonalPaymentEntry/cb_TermsAndCond' is present

28-08-2024T19:20:44 - [MESSAGE][PASSED] - Object: 'Object Repository/IWP30/Page_ACHPersonalPaymentEntry/cb_TermsAndCond' is clicked on

28-08-2024T19:20:44 - [MESSAGE][PASSED] - Object 'Object Repository/IWP30/Page_ACHPersonalPaymentEntry/btn_Continue' is present

28-08-2024T19:20:48 - [MESSAGE][PASSED] - Object: 'Object Repository/IWP30/Page_ACHPersonalPaymentEntry/btn_Continue' is clicked on

28-08-2024T19:20:48 - [MESSAGE][PASSED] - iwpPages.achPersonalPaymentEntryPage.setDataACHPPM is PASSED

28-08-2024T19:20:48 - [TEST_STEP][PASSED] - Thread.sleep(10000): null

28-08-2024T19:20:58 - [TEST_STEP][PASSED] - if (verifyTextPresent("Payment amounts less than 10.50 are not accepted", false)): null

28-08-2024T19:20:58 - [MESSAGE][PASSED] - Text 'Payment amounts less than 10.50 are not accepted' is present on page 

28-08-2024T19:20:58 - [TEST_STEP][PASSED] - println("UnderPay Error message shown"): null

28-08-2024T19:20:58 - [TEST_STEP][PASSED] - markPassed("Under Pay Error message shown"): Under Pay Error message shown

28-08-2024T19:20:58 - [MESSAGE][PASSED] - Under Pay Error message shown

28-08-2024T19:20:58 - [TEST_STEP][PASSED] - resText = "Pass": null

28-08-2024T19:20:58 - [TEST_STEP][PASSED] - pages.WriteExcel.demoKey(resText, datText, resColumn, datCloumn, fileLoc, nameSheet, row): pages.WriteExcel.demoKey is PASSED

28-08-2024T19:20:58 - [MESSAGE][PASSED] - pages.WriteExcel.demoKey is PASSED

28-08-2024T19:20:58 - [TEST_STEP][PASSED] - closeBrowser(): Browser is closed

28-08-2024T19:21:00 - [MESSAGE][PASSED] - Browser is closed]]></system-out>
         <system-err><![CDATA[]]></system-err>
      </testcase>
      <testcase name="Test Cases/IntegratedWeb/IWP25/Payments/NoModifyAmountCorp" time="86.842" classname="Test Cases/IntegratedWeb/IWP25/Payments/NoModifyAmountCorp" status="PASSED">
         <system-out><![CDATA[28-08-2024T19:21:00 - [TEST_CASE][PASSED] - Test Cases/IntegratedWeb/IWP25/Payments/NoModifyAmountCorp: Test Cases/IntegratedWeb/IWP25/Payments/NoModifyAmountCorp

28-08-2024T19:21:01 - [TEST_STEP][PASSED] - resText = "Fail": null

28-08-2024T19:21:01 - [TEST_STEP][PASSED] - resColumn = "Result": null

28-08-2024T19:21:01 - [TEST_STEP][PASSED] - datCloumn = "Date": null

28-08-2024T19:21:01 - [TEST_STEP][PASSED] - fileLoc = "KatalonData/IWPTestData/VRelay25Payments.xlsx": null

28-08-2024T19:21:01 - [TEST_STEP][PASSED] - numOfRows = <not implemented yet for class: org.codehaus.groovy.ast.expr.EmptyExpression>: null

28-08-2024T19:21:01 - [TEST_STEP][PASSED] - dataFile = <not implemented yet for class: org.codehaus.groovy.ast.expr.EmptyExpression>: null

28-08-2024T19:21:01 - [TEST_STEP][PASSED] - nameSheet = <not implemented yet for class: org.codehaus.groovy.ast.expr.EmptyExpression>: null

28-08-2024T19:21:01 - [TEST_STEP][PASSED] - dataFileEmulator = <not implemented yet for class: org.codehaus.groovy.ast.expr.EmptyExpression>: null

28-08-2024T19:21:01 - [TEST_STEP][PASSED] - isRequiredTextPresent = false: null

28-08-2024T19:21:01 - [TEST_STEP][PASSED] - nameSheet = "NoModifyAmountCorp": null

28-08-2024T19:21:01 - [TEST_STEP][PASSED] - dataFile = "IWPTestData/IWP25NoModifyAmountCorp": null

28-08-2024T19:21:01 - [TEST_STEP][PASSED] - dataFileEmulator = "IWPTestData/EmulatorData": null

28-08-2024T19:21:01 - [TEST_STEP][PASSED] - numOfRows = findTestData(dataFile).getRowNumbers(): null

28-08-2024T19:21:01 - [TEST_STEP][PASSED] - println("Number of Records: " + numOfRows): null

28-08-2024T19:21:01 - [TEST_STEP][PASSED] - for ([row = 1, row <= numOfRows, (row++)]): Browser is closed

28-08-2024T19:21:01 - [TEST_STEP][PASSED] - ExecuteTC = findTestData(dataFile).getValue("Execute", row): null

28-08-2024T19:21:01 - [TEST_STEP][PASSED] - out.println("Value of Execute is : " + ExecuteTC): null

28-08-2024T19:21:01 - [TEST_STEP][PASSED] - if (ExecuteTC.equalsIgnoreCase("Y")): null

28-08-2024T19:21:01 - [TEST_STEP][PASSED] - out.println("Begin Record Number: " + row): null

28-08-2024T19:21:01 - [TEST_STEP][PASSED] - today = new java.util.Date(): null

28-08-2024T19:21:01 - [TEST_STEP][PASSED] - println(today): null

28-08-2024T19:21:01 - [TEST_STEP][PASSED] - datText = today: null

28-08-2024T19:21:01 - [TEST_STEP][PASSED] - EmulatorDataKey = findTestData(dataFile).getValue("EmulatorData", row): null

28-08-2024T19:21:01 - [TEST_STEP][PASSED] - out.println("Value of Emulator Key is : " + EmulatorDataKey): null

28-08-2024T19:21:01 - [TEST_STEP][PASSED] - iwpPages.emulatorIWP30.setDataEmulator_DD(EmulatorDataKey): iwpPages.emulatorIWP30.setDataEmulator_DD is PASSED

28-08-2024T19:21:02 - [MESSAGE][INFO] - Starting 'Edge Chromium' driver

28-08-2024T19:21:02 - [MESSAGE][INFO] - User set preference: ['acceptInsecureCerts', 'true']

28-08-2024T19:21:05 - [MESSAGE][INFO] - Action delay is set to 0 milliseconds

28-08-2024T19:21:11 - [MESSAGE][PASSED] - Browser is opened with url: 'https://qa2.velocitypayment.com/agency/config.do?action=editor&message_version=2_5'

28-08-2024T19:21:11 - [MESSAGE][PASSED] - Current window maximized

28-08-2024T19:21:12 - [MESSAGE][PASSED] - All options with value '2.5' are selected in object 'Object Repository/IWP30/Page_VRelay30Emulator/MV'  using regular expression

28-08-2024T19:21:13 - [MESSAGE][PASSED] - Text '10.50' is set on object 'Object Repository/IWP30/Page_VRelay30Emulator/Amount'

28-08-2024T19:21:13 - [MESSAGE][PASSED] - Text '26413255' is set on object 'Object Repository/IWP30/Page_VRelay30Emulator/CAN'

28-08-2024T19:21:14 - [MESSAGE][PASSED] - Text 'PayNow' is set on object 'Object Repository/IWP30/Page_VRelay30Emulator/Action'

28-08-2024T19:21:15 - [MESSAGE][PASSED] - Text 'en_US' is set on object 'Object Repository/IWP30/Page_VRelay30Emulator/Lang'

28-08-2024T19:21:17 - [MESSAGE][PASSED] - Text 'Jasmine' is set on object 'Object Repository/IWP30/Page_VRelay30Emulator/Fname'

28-08-2024T19:21:18 - [MESSAGE][PASSED] - Text 'Patrinol' is set on object 'Object Repository/IWP30/Page_VRelay30Emulator/Lname'

28-08-2024T19:21:19 - [MESSAGE][PASSED] - Text '258 Underwood rd' is set on object 'Object Repository/IWP30/Page_VRelay30Emulator/AL1'

28-08-2024T19:21:19 - [MESSAGE][PASSED] - Text 'Suite 600' is set on object 'Object Repository/IWP30/Page_VRelay30Emulator/AL2'

28-08-2024T19:21:20 - [MESSAGE][PASSED] - Text '840' is set on object 'Object Repository/IWP30/Page_VRelay30Emulator/Country'

28-08-2024T19:21:21 - [MESSAGE][PASSED] - Text 'Arlington' is set on object 'Object Repository/IWP30/Page_VRelay30Emulator/City'

28-08-2024T19:21:21 - [MESSAGE][PASSED] - Text 'VA' is set on object 'Object Repository/IWP30/Page_VRelay30Emulator/State'

28-08-2024T19:21:23 - [MESSAGE][PASSED] - Text '22201' is set on object 'Object Repository/IWP30/Page_VRelay30Emulator/ZIP'

28-08-2024T19:21:24 - [MESSAGE][PASSED] - Text '' is set on object 'Object Repository/IWP30/Page_VRelay30Emulator/Order'

28-08-2024T19:21:25 - [MESSAGE][PASSED] - Text 'Some Company' is set on object 'Object Repository/IWP30/Page_VRelay30Emulator/Company'

28-08-2024T19:21:25 - [MESSAGE][PASSED] - Text 'iahmed@govolution.com' is set on object 'Object Repository/IWP30/Page_VRelay30Emulator/Email'

28-08-2024T19:21:26 - [MESSAGE][PASSED] - Text 'udf data 1' is set on object 'Object Repository/IWP30/Page_VRelay30Emulator/UDF1'

28-08-2024T19:21:26 - [MESSAGE][PASSED] - Text 'udf data 2' is set on object 'Object Repository/IWP30/Page_VRelay30Emulator/UDF2'

28-08-2024T19:21:27 - [MESSAGE][PASSED] - Text 'udf data 3' is set on object 'Object Repository/IWP30/Page_VRelay30Emulator/UDF3'

28-08-2024T19:21:28 - [MESSAGE][PASSED] - Text 'udf data 4' is set on object 'Object Repository/IWP30/Page_VRelay30Emulator/UDF4'

28-08-2024T19:21:28 - [MESSAGE][PASSED] - Text 'udf data 5' is set on object 'Object Repository/IWP30/Page_VRelay30Emulator/UDF5'

28-08-2024T19:21:30 - [MESSAGE][PASSED] - Text 'udf data 6' is set on object 'Object Repository/IWP30/Page_VRelay30Emulator/UDF6'

28-08-2024T19:21:31 - [MESSAGE][PASSED] - Text 'Orange' is set on object 'Object Repository/IWP30/Page_VRelay30Emulator/UDF7'

28-08-2024T19:21:32 - [MESSAGE][PASSED] - Text 'Soccer' is set on object 'Object Repository/IWP30/Page_VRelay30Emulator/UDF8'

28-08-2024T19:21:32 - [MESSAGE][PASSED] - Text 'udf data 9' is set on object 'Object Repository/IWP30/Page_VRelay30Emulator/UDF9'

28-08-2024T19:21:33 - [MESSAGE][PASSED] - Text 'udf data 10' is set on object 'Object Repository/IWP30/Page_VRelay30Emulator/UDF10'

28-08-2024T19:21:34 - [MESSAGE][PASSED] - Object: 'Object Repository/IWP30/Page_VRelay30Emulator/Submit' is clicked on

28-08-2024T19:21:39 - [MESSAGE][PASSED] - Browser is closed

28-08-2024T19:21:43 - [MESSAGE][PASSED] - iwpPages.emulatorIWP30.setDataEmulator_DD is PASSED

28-08-2024T19:21:43 - [TEST_STEP][PASSED] - testHarnessURL = urlTestHarness: null

28-08-2024T19:21:43 - [TEST_STEP][PASSED] - openBrowser(testHarnessURL): Browser is opened with url: 'https://dev-algorithm.govolution.com/vrelaytest/QA2/version_2_2/vrelaytest.html'

28-08-2024T19:21:43 - [MESSAGE][INFO] - Starting 'Edge Chromium' driver

28-08-2024T19:21:43 - [MESSAGE][INFO] - User set preference: ['acceptInsecureCerts', 'true']

28-08-2024T19:21:46 - [MESSAGE][INFO] - Action delay is set to 0 milliseconds

28-08-2024T19:21:51 - [MESSAGE][PASSED] - Browser is opened with url: 'https://dev-algorithm.govolution.com/vrelaytest/QA2/version_2_2/vrelaytest.html'

28-08-2024T19:21:51 - [TEST_STEP][PASSED] - maximizeWindow(): Current window maximized

28-08-2024T19:21:51 - [MESSAGE][PASSED] - Current window maximized

28-08-2024T19:21:51 - [TEST_STEP][PASSED] - iwpPages.TestHarnessPage.setDataMethod(row, dataFile): iwpPages.TestHarnessPage.setDataMethod is PASSED

28-08-2024T19:21:52 - [MESSAGE][PASSED] - Object 'Object Repository/IWP30/Page_QATestHarness/RemittanceID' is present

28-08-2024T19:21:52 - [MESSAGE][PASSED] - Text '654' is set on object 'Object Repository/IWP30/Page_QATestHarness/ApplicationID'

28-08-2024T19:21:53 - [MESSAGE][PASSED] - Text '2.5' is set on object 'Object Repository/IWP30/Page_QATestHarness/MessageVersion'

28-08-2024T19:21:54 - [MESSAGE][PASSED] - Text 'SJdd6SLu6qLI' is set on object 'Object Repository/IWP30/Page_QATestHarness/RemittanceID'

28-08-2024T19:21:57 - [MESSAGE][PASSED] - Object: 'Object Repository/IWP30/Page_QATestHarness/SubmitButton' is clicked on

28-08-2024T19:21:57 - [MESSAGE][PASSED] - iwpPages.TestHarnessPage.setDataMethod is PASSED

28-08-2024T19:21:57 - [TEST_STEP][PASSED] - click(findTestObject("Object Repository/IWP30/Page_SelectPaymentMethod/PayByCorporateCheck")): Object: 'Object Repository/IWP30/Page_SelectPaymentMethod/PayByCorporateCheck' is clicked on

28-08-2024T19:21:58 - [MESSAGE][PASSED] - Object: 'Object Repository/IWP30/Page_SelectPaymentMethod/PayByCorporateCheck' is clicked on

28-08-2024T19:21:58 - [TEST_STEP][PASSED] - click(findTestObject("Object Repository/IWP30/Page_SelectPaymentMethod/MakePaymentButton")): Object: 'Object Repository/IWP30/Page_SelectPaymentMethod/MakePaymentButton' is clicked on

28-08-2024T19:22:01 - [MESSAGE][PASSED] - Object: 'Object Repository/IWP30/Page_SelectPaymentMethod/MakePaymentButton' is clicked on

28-08-2024T19:22:01 - [TEST_STEP][PASSED] - if (verifyElementNotPresent(findTestObject("Object Repository/IWP30/Page_ACHCorporatePaymentEntry/txt_Amount"), 30) && verifyTextPresent("$ 10.50", false)): null

28-08-2024T19:22:02 - [MESSAGE][PASSED] - Web element with id: 'Object Repository/IWP30/Page_ACHCorporatePaymentEntry/txt_Amount' located by 'By.xpath: //*[@type = 'text' and @name = 'amount' and @alt = 'Amount']' is not present after '30' second(s)

28-08-2024T19:22:02 - [MESSAGE][PASSED] - Text '$ 10.50' is present on page 

28-08-2024T19:22:02 - [TEST_STEP][PASSED] - iwpPages.achCorporatePaymentEntryPage.setDataCorporate(row, dataFile): iwpPages.achCorporatePaymentEntryPage.setDataCorporate is PASSED

28-08-2024T19:22:05 - [MESSAGE][PASSED] - Object 'Object Repository/IWP30/Page_ACHCorporatePaymentEntry/txt_accountNumber' is present

28-08-2024T19:22:06 - [MESSAGE][PASSED] - Object 'Object Repository/IWP30/Page_ACHCorporatePaymentEntry/input_CompanyName' is present

28-08-2024T19:22:06 - [MESSAGE][PASSED] - Object 'Object Repository/IWP30/Page_ACHCorporatePaymentEntry/input_EIN' is present

28-08-2024T19:22:06 - [MESSAGE][PASSED] - Text '123456789' is set on object 'Object Repository/IWP30/Page_ACHCorporatePaymentEntry/input_EIN'

28-08-2024T19:22:07 - [MESSAGE][PASSED] - Object 'Object Repository/IWP30/Page_ACHCorporatePaymentEntry/txt_routingNumber' is present

28-08-2024T19:22:07 - [MESSAGE][PASSED] - Text '256072691' is set on object 'Object Repository/IWP30/Page_ACHCorporatePaymentEntry/txt_routingNumber'

28-08-2024T19:22:08 - [MESSAGE][PASSED] - Object 'Object Repository/IWP30/Page_ACHCorporatePaymentEntry/txt_accountNumber' is present

28-08-2024T19:22:09 - [MESSAGE][PASSED] - Text '12344444' is set on object 'Object Repository/IWP30/Page_ACHCorporatePaymentEntry/txt_accountNumber'

28-08-2024T19:22:10 - [MESSAGE][PASSED] - Object 'Object Repository/IWP30/Page_ACHCorporatePaymentEntry/txt_confirmAccountNumber' is present

28-08-2024T19:22:11 - [MESSAGE][PASSED] - Text '12344444' is set on object 'Object Repository/IWP30/Page_ACHCorporatePaymentEntry/txt_confirmAccountNumber'

28-08-2024T19:22:12 - [MESSAGE][PASSED] - Object 'Object Repository/IWP30/Page_ACHCorporatePaymentEntry/txt_Email' is present

28-08-2024T19:22:12 - [MESSAGE][PASSED] - Object 'Object Repository/IWP30/Page_ACHCorporatePaymentEntry/cb_TermsAndCond' is present

28-08-2024T19:22:12 - [MESSAGE][PASSED] - Object: 'Object Repository/IWP30/Page_ACHCorporatePaymentEntry/cb_TermsAndCond' is clicked on

28-08-2024T19:22:13 - [MESSAGE][PASSED] - Object 'Object Repository/IWP30/Page_ACHCorporatePaymentEntry/btn_Continue' is present

28-08-2024T19:22:14 - [MESSAGE][PASSED] - Object: 'Object Repository/IWP30/Page_ACHCorporatePaymentEntry/btn_Continue' is clicked on

28-08-2024T19:22:14 - [MESSAGE][PASSED] - iwpPages.achCorporatePaymentEntryPage.setDataCorporate is PASSED

28-08-2024T19:22:14 - [TEST_STEP][PASSED] - click(findTestObject("Object Repository/IWP30/Page_Confirmation/ConfirmButton")): Object: 'Object Repository/IWP30/Page_Confirmation/ConfirmButton' is clicked on

28-08-2024T19:22:16 - [MESSAGE][PASSED] - Object: 'Object Repository/IWP30/Page_Confirmation/ConfirmButton' is clicked on

28-08-2024T19:22:16 - [TEST_STEP][PASSED] - Thread.sleep(10000): null

28-08-2024T19:22:26 - [TEST_STEP][PASSED] - if (verifyTextPresent("Successful Payment Receipt", false)): null

28-08-2024T19:22:26 - [MESSAGE][PASSED] - Text 'Successful Payment Receipt' is present on page 

28-08-2024T19:22:26 - [TEST_STEP][PASSED] - println("Successful Payment Receipt text is present on the Receipt page"): null

28-08-2024T19:22:26 - [TEST_STEP][PASSED] - markPassed("Successful Payment Receipt text is present on the Receipt page"): Successful Payment Receipt text is present on the Receipt page

28-08-2024T19:22:26 - [MESSAGE][PASSED] - Successful Payment Receipt text is present on the Receipt page

28-08-2024T19:22:26 - [TEST_STEP][PASSED] - resText = "Pass": null

28-08-2024T19:22:26 - [TEST_STEP][PASSED] - pages.WriteExcel.demoKey(resText, datText, resColumn, datCloumn, fileLoc, nameSheet, row): pages.WriteExcel.demoKey is PASSED

28-08-2024T19:22:26 - [MESSAGE][PASSED] - pages.WriteExcel.demoKey is PASSED

28-08-2024T19:22:26 - [TEST_STEP][PASSED] - closeBrowser(): Browser is closed

28-08-2024T19:22:27 - [MESSAGE][PASSED] - Browser is closed]]></system-out>
         <system-err><![CDATA[]]></system-err>
      </testcase>
      <testcase name="Test Cases/IntegratedWeb/IWP25/Payments/NoModifyAmountPC" time="88.726" classname="Test Cases/IntegratedWeb/IWP25/Payments/NoModifyAmountPC" status="PASSED">
         <system-out><![CDATA[28-08-2024T19:22:27 - [TEST_CASE][PASSED] - Test Cases/IntegratedWeb/IWP25/Payments/NoModifyAmountPC: Test Cases/IntegratedWeb/IWP25/Payments/NoModifyAmountPC

28-08-2024T19:22:27 - [TEST_STEP][PASSED] - resText = "Fail": null

28-08-2024T19:22:27 - [TEST_STEP][PASSED] - resColumn = "Result": null

28-08-2024T19:22:27 - [TEST_STEP][PASSED] - datCloumn = "Date": null

28-08-2024T19:22:27 - [TEST_STEP][PASSED] - fileLoc = "KatalonData/IWPTestData/VRelay25Payments.xlsx": null

28-08-2024T19:22:27 - [TEST_STEP][PASSED] - numOfRows = <not implemented yet for class: org.codehaus.groovy.ast.expr.EmptyExpression>: null

28-08-2024T19:22:27 - [TEST_STEP][PASSED] - dataFile = <not implemented yet for class: org.codehaus.groovy.ast.expr.EmptyExpression>: null

28-08-2024T19:22:27 - [TEST_STEP][PASSED] - nameSheet = <not implemented yet for class: org.codehaus.groovy.ast.expr.EmptyExpression>: null

28-08-2024T19:22:27 - [TEST_STEP][PASSED] - dataFileEmulator = <not implemented yet for class: org.codehaus.groovy.ast.expr.EmptyExpression>: null

28-08-2024T19:22:27 - [TEST_STEP][PASSED] - isRequiredTextPresent = false: null

28-08-2024T19:22:27 - [TEST_STEP][PASSED] - nameSheet = "NoModifyAmountPC": null

28-08-2024T19:22:27 - [TEST_STEP][PASSED] - dataFile = "IWPTestData/IWP25NoModifyAmountPC": null

28-08-2024T19:22:27 - [TEST_STEP][PASSED] - dataFileEmulator = "IWPTestData/EmulatorData": null

28-08-2024T19:22:27 - [TEST_STEP][PASSED] - numOfRows = findTestData(dataFile).getRowNumbers(): null

28-08-2024T19:22:27 - [TEST_STEP][PASSED] - println("Number of Records: " + numOfRows): null

28-08-2024T19:22:27 - [TEST_STEP][PASSED] - for ([row = 1, row <= numOfRows, (row++)]): Browser is closed

28-08-2024T19:22:27 - [TEST_STEP][PASSED] - ExecuteTC = findTestData(dataFile).getValue("Execute", row): null

28-08-2024T19:22:28 - [TEST_STEP][PASSED] - out.println("Value of Execute is : " + ExecuteTC): null

28-08-2024T19:22:28 - [TEST_STEP][PASSED] - if (ExecuteTC.equalsIgnoreCase("Y")): null

28-08-2024T19:22:28 - [TEST_STEP][PASSED] - out.println("Begin Record Number: " + row): null

28-08-2024T19:22:28 - [TEST_STEP][PASSED] - today = new java.util.Date(): null

28-08-2024T19:22:28 - [TEST_STEP][PASSED] - println(today): null

28-08-2024T19:22:28 - [TEST_STEP][PASSED] - datText = today: null

28-08-2024T19:22:28 - [TEST_STEP][PASSED] - EmulatorDataKey = findTestData(dataFile).getValue("EmulatorData", row): null

28-08-2024T19:22:28 - [TEST_STEP][PASSED] - out.println("Value of Emulator Key is : " + EmulatorDataKey): null

28-08-2024T19:22:28 - [TEST_STEP][PASSED] - iwpPages.emulatorIWP30.setDataEmulator_DD(EmulatorDataKey): iwpPages.emulatorIWP30.setDataEmulator_DD is PASSED

28-08-2024T19:22:30 - [MESSAGE][INFO] - Starting 'Edge Chromium' driver

28-08-2024T19:22:30 - [MESSAGE][INFO] - User set preference: ['acceptInsecureCerts', 'true']

28-08-2024T19:22:32 - [MESSAGE][INFO] - Action delay is set to 0 milliseconds

28-08-2024T19:22:37 - [MESSAGE][PASSED] - Browser is opened with url: 'https://qa2.velocitypayment.com/agency/config.do?action=editor&message_version=2_5'

28-08-2024T19:22:37 - [MESSAGE][PASSED] - Current window maximized

28-08-2024T19:22:38 - [MESSAGE][PASSED] - All options with value '2.5' are selected in object 'Object Repository/IWP30/Page_VRelay30Emulator/MV'  using regular expression

28-08-2024T19:22:39 - [MESSAGE][PASSED] - Text '10.50' is set on object 'Object Repository/IWP30/Page_VRelay30Emulator/Amount'

28-08-2024T19:22:40 - [MESSAGE][PASSED] - Text '26413255' is set on object 'Object Repository/IWP30/Page_VRelay30Emulator/CAN'

28-08-2024T19:22:41 - [MESSAGE][PASSED] - Text 'PayNow' is set on object 'Object Repository/IWP30/Page_VRelay30Emulator/Action'

28-08-2024T19:22:43 - [MESSAGE][PASSED] - Text 'en_US' is set on object 'Object Repository/IWP30/Page_VRelay30Emulator/Lang'

28-08-2024T19:22:43 - [MESSAGE][PASSED] - Text 'Jasmine' is set on object 'Object Repository/IWP30/Page_VRelay30Emulator/Fname'

28-08-2024T19:22:44 - [MESSAGE][PASSED] - Text 'Patrinol' is set on object 'Object Repository/IWP30/Page_VRelay30Emulator/Lname'

28-08-2024T19:22:45 - [MESSAGE][PASSED] - Text '258 Underwood rd' is set on object 'Object Repository/IWP30/Page_VRelay30Emulator/AL1'

28-08-2024T19:22:45 - [MESSAGE][PASSED] - Text 'Suite 600' is set on object 'Object Repository/IWP30/Page_VRelay30Emulator/AL2'

28-08-2024T19:22:46 - [MESSAGE][PASSED] - Text '840' is set on object 'Object Repository/IWP30/Page_VRelay30Emulator/Country'

28-08-2024T19:22:46 - [MESSAGE][PASSED] - Text 'Arlington' is set on object 'Object Repository/IWP30/Page_VRelay30Emulator/City'

28-08-2024T19:22:49 - [MESSAGE][PASSED] - Text 'VA' is set on object 'Object Repository/IWP30/Page_VRelay30Emulator/State'

28-08-2024T19:22:50 - [MESSAGE][PASSED] - Text '22201' is set on object 'Object Repository/IWP30/Page_VRelay30Emulator/ZIP'

28-08-2024T19:22:50 - [MESSAGE][PASSED] - Text '' is set on object 'Object Repository/IWP30/Page_VRelay30Emulator/Order'

28-08-2024T19:22:51 - [MESSAGE][PASSED] - Text 'Some Company' is set on object 'Object Repository/IWP30/Page_VRelay30Emulator/Company'

28-08-2024T19:22:51 - [MESSAGE][PASSED] - Text 'iahmed@govolution.com' is set on object 'Object Repository/IWP30/Page_VRelay30Emulator/Email'

28-08-2024T19:22:52 - [MESSAGE][PASSED] - Text 'udf data 1' is set on object 'Object Repository/IWP30/Page_VRelay30Emulator/UDF1'

28-08-2024T19:22:53 - [MESSAGE][PASSED] - Text 'udf data 2' is set on object 'Object Repository/IWP30/Page_VRelay30Emulator/UDF2'

28-08-2024T19:22:53 - [MESSAGE][PASSED] - Text 'udf data 3' is set on object 'Object Repository/IWP30/Page_VRelay30Emulator/UDF3'

28-08-2024T19:22:56 - [MESSAGE][PASSED] - Text 'udf data 4' is set on object 'Object Repository/IWP30/Page_VRelay30Emulator/UDF4'

28-08-2024T19:22:56 - [MESSAGE][PASSED] - Text 'udf data 5' is set on object 'Object Repository/IWP30/Page_VRelay30Emulator/UDF5'

28-08-2024T19:22:57 - [MESSAGE][PASSED] - Text 'udf data 6' is set on object 'Object Repository/IWP30/Page_VRelay30Emulator/UDF6'

28-08-2024T19:22:58 - [MESSAGE][PASSED] - Text 'Orange' is set on object 'Object Repository/IWP30/Page_VRelay30Emulator/UDF7'

28-08-2024T19:22:58 - [MESSAGE][PASSED] - Text 'Soccer' is set on object 'Object Repository/IWP30/Page_VRelay30Emulator/UDF8'

28-08-2024T19:22:59 - [MESSAGE][PASSED] - Text 'udf data 9' is set on object 'Object Repository/IWP30/Page_VRelay30Emulator/UDF9'

28-08-2024T19:22:59 - [MESSAGE][PASSED] - Text 'udf data 10' is set on object 'Object Repository/IWP30/Page_VRelay30Emulator/UDF10'

28-08-2024T19:23:01 - [MESSAGE][PASSED] - Object: 'Object Repository/IWP30/Page_VRelay30Emulator/Submit' is clicked on

28-08-2024T19:23:06 - [MESSAGE][PASSED] - Browser is closed

28-08-2024T19:23:10 - [MESSAGE][PASSED] - iwpPages.emulatorIWP30.setDataEmulator_DD is PASSED

28-08-2024T19:23:10 - [TEST_STEP][PASSED] - testHarnessURL = urlTestHarness: null

28-08-2024T19:23:10 - [TEST_STEP][PASSED] - openBrowser(testHarnessURL): Browser is opened with url: 'https://dev-algorithm.govolution.com/vrelaytest/QA2/version_2_2/vrelaytest.html'

28-08-2024T19:23:10 - [MESSAGE][INFO] - Starting 'Edge Chromium' driver

28-08-2024T19:23:10 - [MESSAGE][INFO] - User set preference: ['acceptInsecureCerts', 'true']

28-08-2024T19:23:13 - [MESSAGE][INFO] - Action delay is set to 0 milliseconds

28-08-2024T19:23:19 - [MESSAGE][PASSED] - Browser is opened with url: 'https://dev-algorithm.govolution.com/vrelaytest/QA2/version_2_2/vrelaytest.html'

28-08-2024T19:23:19 - [TEST_STEP][PASSED] - maximizeWindow(): Current window maximized

28-08-2024T19:23:19 - [MESSAGE][PASSED] - Current window maximized

28-08-2024T19:23:19 - [TEST_STEP][PASSED] - iwpPages.TestHarnessPage.setDataMethod(row, dataFile): iwpPages.TestHarnessPage.setDataMethod is PASSED

28-08-2024T19:23:19 - [MESSAGE][PASSED] - Object 'Object Repository/IWP30/Page_QATestHarness/RemittanceID' is present

28-08-2024T19:23:20 - [MESSAGE][PASSED] - Text '654' is set on object 'Object Repository/IWP30/Page_QATestHarness/ApplicationID'

28-08-2024T19:23:21 - [MESSAGE][PASSED] - Text '2.5' is set on object 'Object Repository/IWP30/Page_QATestHarness/MessageVersion'

28-08-2024T19:23:21 - [MESSAGE][PASSED] - Text 'gNpNXWszc1vq' is set on object 'Object Repository/IWP30/Page_QATestHarness/RemittanceID'

28-08-2024T19:23:26 - [MESSAGE][PASSED] - Object: 'Object Repository/IWP30/Page_QATestHarness/SubmitButton' is clicked on

28-08-2024T19:23:26 - [MESSAGE][PASSED] - iwpPages.TestHarnessPage.setDataMethod is PASSED

28-08-2024T19:23:26 - [TEST_STEP][PASSED] - click(findTestObject("Object Repository/IWP30/Page_SelectPaymentMethod/PayByPersonalCheck")): Object: 'Object Repository/IWP30/Page_SelectPaymentMethod/PayByPersonalCheck' is clicked on

28-08-2024T19:23:26 - [MESSAGE][PASSED] - Object: 'Object Repository/IWP30/Page_SelectPaymentMethod/PayByPersonalCheck' is clicked on

28-08-2024T19:23:26 - [TEST_STEP][PASSED] - click(findTestObject("Object Repository/IWP30/Page_SelectPaymentMethod/MakePaymentButton")): Object: 'Object Repository/IWP30/Page_SelectPaymentMethod/MakePaymentButton' is clicked on

28-08-2024T19:23:29 - [MESSAGE][PASSED] - Object: 'Object Repository/IWP30/Page_SelectPaymentMethod/MakePaymentButton' is clicked on

28-08-2024T19:23:29 - [TEST_STEP][PASSED] - if (verifyElementNotPresent(findTestObject("Object Repository/IWP30/Page_ACHPersonalPaymentEntry/txt_Amount"), 30) && verifyTextPresent("$ 10.50", false)): null

28-08-2024T19:23:29 - [MESSAGE][PASSED] - Web element with id: 'Object Repository/IWP30/Page_ACHPersonalPaymentEntry/txt_Amount' located by 'By.xpath: //*[@type = 'text' and @name = 'amount']' is not present after '30' second(s)

28-08-2024T19:23:30 - [MESSAGE][PASSED] - Text '$ 10.50' is present on page 

28-08-2024T19:23:30 - [TEST_STEP][PASSED] - iwpPages.achPersonalPaymentEntryPage.setDataACHPPM(row, dataFile): iwpPages.achPersonalPaymentEntryPage.setDataACHPPM is PASSED

28-08-2024T19:23:32 - [MESSAGE][PASSED] - Object 'Object Repository/IWP30/Page_ACHPersonalPaymentEntry/txt_accountNumber' is present

28-08-2024T19:23:33 - [MESSAGE][PASSED] - Object 'Object Repository/IWP30/Page_ACHPersonalPaymentEntry/txt_UDF2' is present

28-08-2024T19:23:33 - [MESSAGE][PASSED] - Object 'Object Repository/IWP30/Page_ACHPersonalPaymentEntry/txt_Firstname' is present

28-08-2024T19:23:34 - [MESSAGE][PASSED] - Text 'Elizath' is set on object 'Object Repository/IWP30/Page_ACHPersonalPaymentEntry/txt_Firstname'

28-08-2024T19:23:34 - [MESSAGE][PASSED] - Object 'Object Repository/IWP30/Page_ACHPersonalPaymentEntry/txt_Lastname' is present

28-08-2024T19:23:34 - [MESSAGE][PASSED] - Text 'Christine' is set on object 'Object Repository/IWP30/Page_ACHPersonalPaymentEntry/txt_Lastname'

28-08-2024T19:23:35 - [MESSAGE][PASSED] - Object 'Object Repository/IWP30/Page_ACHPersonalPaymentEntry/txt_routingNumber' is present

28-08-2024T19:23:35 - [MESSAGE][PASSED] - Text '256072691' is set on object 'Object Repository/IWP30/Page_ACHPersonalPaymentEntry/txt_routingNumber'

28-08-2024T19:23:36 - [MESSAGE][PASSED] - Object 'Object Repository/IWP30/Page_ACHPersonalPaymentEntry/txt_accountNumber' is present

28-08-2024T19:23:38 - [MESSAGE][PASSED] - Text '12344444' is set on object 'Object Repository/IWP30/Page_ACHPersonalPaymentEntry/txt_accountNumber'

28-08-2024T19:23:38 - [MESSAGE][PASSED] - Object 'Object Repository/IWP30/Page_ACHPersonalPaymentEntry/txt_confirmAccountNumber' is present

28-08-2024T19:23:39 - [MESSAGE][PASSED] - Text '12344444' is set on object 'Object Repository/IWP30/Page_ACHPersonalPaymentEntry/txt_confirmAccountNumber'

28-08-2024T19:23:39 - [MESSAGE][PASSED] - Object 'Object Repository/IWP30/Page_ACHPersonalPaymentEntry/rd_accountType' is present

28-08-2024T19:23:39 - [MESSAGE][PASSED] - Modify property of object successfully

28-08-2024T19:23:40 - [MESSAGE][PASSED] - Object: 'Object Repository/IWP30/Page_ACHPersonalPaymentEntry/rd_accountType' is clicked on

28-08-2024T19:23:40 - [MESSAGE][PASSED] - Object 'Object Repository/IWP30/Page_ACHPersonalPaymentEntry/txt_Email' is present

28-08-2024T19:23:40 - [MESSAGE][PASSED] - Object 'Object Repository/IWP30/Page_ACHPersonalPaymentEntry/cb_TermsAndCond' is present

28-08-2024T19:23:40 - [MESSAGE][PASSED] - Object: 'Object Repository/IWP30/Page_ACHPersonalPaymentEntry/cb_TermsAndCond' is clicked on

28-08-2024T19:23:41 - [MESSAGE][PASSED] - Object 'Object Repository/IWP30/Page_ACHPersonalPaymentEntry/btn_Continue' is present

28-08-2024T19:23:42 - [MESSAGE][PASSED] - Object: 'Object Repository/IWP30/Page_ACHPersonalPaymentEntry/btn_Continue' is clicked on

28-08-2024T19:23:42 - [MESSAGE][PASSED] - iwpPages.achPersonalPaymentEntryPage.setDataACHPPM is PASSED

28-08-2024T19:23:42 - [TEST_STEP][PASSED] - click(findTestObject("Object Repository/IWP30/Page_Confirmation/ConfirmButton")): Object: 'Object Repository/IWP30/Page_Confirmation/ConfirmButton' is clicked on

28-08-2024T19:23:45 - [MESSAGE][PASSED] - Object: 'Object Repository/IWP30/Page_Confirmation/ConfirmButton' is clicked on

28-08-2024T19:23:45 - [TEST_STEP][PASSED] - Thread.sleep(10000): null

28-08-2024T19:23:55 - [TEST_STEP][PASSED] - if (verifyTextPresent("Successful Payment Receipt", false)): null

28-08-2024T19:23:55 - [MESSAGE][PASSED] - Text 'Successful Payment Receipt' is present on page 

28-08-2024T19:23:55 - [TEST_STEP][PASSED] - println("Successful Payment Receipt text is present on the Receipt page"): null

28-08-2024T19:23:55 - [TEST_STEP][PASSED] - markPassed("Successful Payment Receipt text is present on the Receipt page"): Successful Payment Receipt text is present on the Receipt page

28-08-2024T19:23:55 - [MESSAGE][PASSED] - Successful Payment Receipt text is present on the Receipt page

28-08-2024T19:23:55 - [TEST_STEP][PASSED] - resText = "Pass": null

28-08-2024T19:23:55 - [TEST_STEP][PASSED] - pages.WriteExcel.demoKey(resText, datText, resColumn, datCloumn, fileLoc, nameSheet, row): pages.WriteExcel.demoKey is PASSED

28-08-2024T19:23:55 - [MESSAGE][PASSED] - pages.WriteExcel.demoKey is PASSED

28-08-2024T19:23:55 - [TEST_STEP][PASSED] - closeBrowser(): Browser is closed

28-08-2024T19:23:55 - [MESSAGE][PASSED] - Browser is closed]]></system-out>
         <system-err><![CDATA[]]></system-err>
      </testcase>
      <testcase name="Test Cases/IntegratedWeb/IWP25/Payments/OverAndUnderPayCorp" time="177.56" classname="Test Cases/IntegratedWeb/IWP25/Payments/OverAndUnderPayCorp" status="PASSED">
         <system-out><![CDATA[28-08-2024T19:23:55 - [TEST_CASE][PASSED] - Test Cases/IntegratedWeb/IWP25/Payments/OverAndUnderPayCorp: Test Cases/IntegratedWeb/IWP25/Payments/OverAndUnderPayCorp

28-08-2024T19:23:56 - [TEST_STEP][PASSED] - resText = "Fail": null

28-08-2024T19:23:56 - [TEST_STEP][PASSED] - resColumn = "Result": null

28-08-2024T19:23:56 - [TEST_STEP][PASSED] - datCloumn = "Date": null

28-08-2024T19:23:56 - [TEST_STEP][PASSED] - fileLoc = "KatalonData/IWPTestData/VRelay25Payments.xlsx": null

28-08-2024T19:23:56 - [TEST_STEP][PASSED] - numOfRows = <not implemented yet for class: org.codehaus.groovy.ast.expr.EmptyExpression>: null

28-08-2024T19:23:56 - [TEST_STEP][PASSED] - dataFile = <not implemented yet for class: org.codehaus.groovy.ast.expr.EmptyExpression>: null

28-08-2024T19:23:56 - [TEST_STEP][PASSED] - nameSheet = <not implemented yet for class: org.codehaus.groovy.ast.expr.EmptyExpression>: null

28-08-2024T19:23:56 - [TEST_STEP][PASSED] - dataFileEmulator = <not implemented yet for class: org.codehaus.groovy.ast.expr.EmptyExpression>: null

28-08-2024T19:23:56 - [TEST_STEP][PASSED] - isRequiredTextPresent = false: null

28-08-2024T19:23:56 - [TEST_STEP][PASSED] - nameSheet = "OverAndUnderPayCorp": null

28-08-2024T19:23:56 - [TEST_STEP][PASSED] - dataFile = "IWPTestData/IWP25OverAndUnderPayCorp": null

28-08-2024T19:23:56 - [TEST_STEP][PASSED] - dataFileEmulator = "IWPTestData/EmulatorData": null

28-08-2024T19:23:56 - [TEST_STEP][PASSED] - numOfRows = findTestData(dataFile).getRowNumbers(): null

28-08-2024T19:23:56 - [TEST_STEP][PASSED] - println("Number of Records: " + numOfRows): null

28-08-2024T19:23:56 - [TEST_STEP][PASSED] - for ([row = 1, row <= numOfRows, (row++)]): Browser is closed

28-08-2024T19:23:56 - [TEST_STEP][PASSED] - ExecuteTC = findTestData(dataFile).getValue("Execute", row): null

28-08-2024T19:23:56 - [TEST_STEP][PASSED] - out.println("Value of Execute is : " + ExecuteTC): null

28-08-2024T19:23:56 - [TEST_STEP][PASSED] - if (ExecuteTC.equalsIgnoreCase("Y")): null

28-08-2024T19:23:56 - [TEST_STEP][PASSED] - out.println("Begin Record Number: " + row): null

28-08-2024T19:23:56 - [TEST_STEP][PASSED] - today = new java.util.Date(): null

28-08-2024T19:23:56 - [TEST_STEP][PASSED] - println(today): null

28-08-2024T19:23:56 - [TEST_STEP][PASSED] - datText = today: null

28-08-2024T19:23:56 - [TEST_STEP][PASSED] - EmulatorDataKey = findTestData(dataFile).getValue("EmulatorData", row): null

28-08-2024T19:23:56 - [TEST_STEP][PASSED] - out.println("Value of Emulator Key is : " + EmulatorDataKey): null

28-08-2024T19:23:56 - [TEST_STEP][PASSED] - iwpPages.emulatorIWP30.setDataEmulator_DD(EmulatorDataKey): iwpPages.emulatorIWP30.setDataEmulator_DD is PASSED

28-08-2024T19:23:56 - [MESSAGE][INFO] - Starting 'Edge Chromium' driver

28-08-2024T19:23:56 - [MESSAGE][INFO] - User set preference: ['acceptInsecureCerts', 'true']

28-08-2024T19:23:59 - [MESSAGE][INFO] - Action delay is set to 0 milliseconds

28-08-2024T19:24:04 - [MESSAGE][PASSED] - Browser is opened with url: 'https://qa2.velocitypayment.com/agency/config.do?action=editor&message_version=2_5'

28-08-2024T19:24:04 - [MESSAGE][PASSED] - Current window maximized

28-08-2024T19:24:05 - [MESSAGE][PASSED] - All options with value '2.5' are selected in object 'Object Repository/IWP30/Page_VRelay30Emulator/MV'  using regular expression

28-08-2024T19:24:06 - [MESSAGE][PASSED] - Text '10.50' is set on object 'Object Repository/IWP30/Page_VRelay30Emulator/Amount'

28-08-2024T19:24:06 - [MESSAGE][PASSED] - Text '26413255' is set on object 'Object Repository/IWP30/Page_VRelay30Emulator/CAN'

28-08-2024T19:24:07 - [MESSAGE][PASSED] - Text 'PayNow' is set on object 'Object Repository/IWP30/Page_VRelay30Emulator/Action'

28-08-2024T19:24:08 - [MESSAGE][PASSED] - Text 'en_US' is set on object 'Object Repository/IWP30/Page_VRelay30Emulator/Lang'

28-08-2024T19:24:09 - [MESSAGE][PASSED] - Text 'Jasmine' is set on object 'Object Repository/IWP30/Page_VRelay30Emulator/Fname'

28-08-2024T19:24:11 - [MESSAGE][PASSED] - Text 'Patrinol' is set on object 'Object Repository/IWP30/Page_VRelay30Emulator/Lname'

28-08-2024T19:24:11 - [MESSAGE][PASSED] - Text '258 Underwood rd' is set on object 'Object Repository/IWP30/Page_VRelay30Emulator/AL1'

28-08-2024T19:24:12 - [MESSAGE][PASSED] - Text 'Suite 600' is set on object 'Object Repository/IWP30/Page_VRelay30Emulator/AL2'

28-08-2024T19:24:13 - [MESSAGE][PASSED] - Text '840' is set on object 'Object Repository/IWP30/Page_VRelay30Emulator/Country'

28-08-2024T19:24:13 - [MESSAGE][PASSED] - Text 'Arlington' is set on object 'Object Repository/IWP30/Page_VRelay30Emulator/City'

28-08-2024T19:24:14 - [MESSAGE][PASSED] - Text 'VA' is set on object 'Object Repository/IWP30/Page_VRelay30Emulator/State'

28-08-2024T19:24:14 - [MESSAGE][PASSED] - Text '22201' is set on object 'Object Repository/IWP30/Page_VRelay30Emulator/ZIP'

28-08-2024T19:24:16 - [MESSAGE][PASSED] - Text '' is set on object 'Object Repository/IWP30/Page_VRelay30Emulator/Order'

28-08-2024T19:24:17 - [MESSAGE][PASSED] - Text 'Some Company' is set on object 'Object Repository/IWP30/Page_VRelay30Emulator/Company'

28-08-2024T19:24:18 - [MESSAGE][PASSED] - Text 'iahmed@govolution.com' is set on object 'Object Repository/IWP30/Page_VRelay30Emulator/Email'

28-08-2024T19:24:19 - [MESSAGE][PASSED] - Text 'udf data 1' is set on object 'Object Repository/IWP30/Page_VRelay30Emulator/UDF1'

28-08-2024T19:24:19 - [MESSAGE][PASSED] - Text 'udf data 2' is set on object 'Object Repository/IWP30/Page_VRelay30Emulator/UDF2'

28-08-2024T19:24:20 - [MESSAGE][PASSED] - Text 'udf data 3' is set on object 'Object Repository/IWP30/Page_VRelay30Emulator/UDF3'

28-08-2024T19:24:21 - [MESSAGE][PASSED] - Text 'udf data 4' is set on object 'Object Repository/IWP30/Page_VRelay30Emulator/UDF4'

28-08-2024T19:24:21 - [MESSAGE][PASSED] - Text 'udf data 5' is set on object 'Object Repository/IWP30/Page_VRelay30Emulator/UDF5'

28-08-2024T19:24:23 - [MESSAGE][PASSED] - Text 'udf data 6' is set on object 'Object Repository/IWP30/Page_VRelay30Emulator/UDF6'

28-08-2024T19:24:24 - [MESSAGE][PASSED] - Text 'Orange' is set on object 'Object Repository/IWP30/Page_VRelay30Emulator/UDF7'

28-08-2024T19:24:25 - [MESSAGE][PASSED] - Text 'Soccer' is set on object 'Object Repository/IWP30/Page_VRelay30Emulator/UDF8'

28-08-2024T19:24:25 - [MESSAGE][PASSED] - Text 'udf data 9' is set on object 'Object Repository/IWP30/Page_VRelay30Emulator/UDF9'

28-08-2024T19:24:26 - [MESSAGE][PASSED] - Text 'udf data 10' is set on object 'Object Repository/IWP30/Page_VRelay30Emulator/UDF10'

28-08-2024T19:24:27 - [MESSAGE][PASSED] - Object: 'Object Repository/IWP30/Page_VRelay30Emulator/Submit' is clicked on

28-08-2024T19:24:32 - [MESSAGE][PASSED] - Browser is closed

28-08-2024T19:24:36 - [MESSAGE][PASSED] - iwpPages.emulatorIWP30.setDataEmulator_DD is PASSED

28-08-2024T19:24:36 - [TEST_STEP][PASSED] - testHarnessURL = urlTestHarness: null

28-08-2024T19:24:36 - [TEST_STEP][PASSED] - openBrowser(testHarnessURL): Browser is opened with url: 'https://dev-algorithm.govolution.com/vrelaytest/QA2/version_2_2/vrelaytest.html'

28-08-2024T19:24:36 - [MESSAGE][INFO] - Starting 'Edge Chromium' driver

28-08-2024T19:24:36 - [MESSAGE][INFO] - User set preference: ['acceptInsecureCerts', 'true']

28-08-2024T19:24:38 - [MESSAGE][INFO] - Action delay is set to 0 milliseconds

28-08-2024T19:24:43 - [MESSAGE][PASSED] - Browser is opened with url: 'https://dev-algorithm.govolution.com/vrelaytest/QA2/version_2_2/vrelaytest.html'

28-08-2024T19:24:43 - [TEST_STEP][PASSED] - maximizeWindow(): Current window maximized

28-08-2024T19:24:43 - [MESSAGE][PASSED] - Current window maximized

28-08-2024T19:24:43 - [TEST_STEP][PASSED] - iwpPages.TestHarnessPage.setDataMethod(row, dataFile): iwpPages.TestHarnessPage.setDataMethod is PASSED

28-08-2024T19:24:43 - [MESSAGE][PASSED] - Object 'Object Repository/IWP30/Page_QATestHarness/RemittanceID' is present

28-08-2024T19:24:44 - [MESSAGE][PASSED] - Text '638' is set on object 'Object Repository/IWP30/Page_QATestHarness/ApplicationID'

28-08-2024T19:24:44 - [MESSAGE][PASSED] - Text '2.5' is set on object 'Object Repository/IWP30/Page_QATestHarness/MessageVersion'

28-08-2024T19:24:45 - [MESSAGE][PASSED] - Text 'xS9CCJktdpxL' is set on object 'Object Repository/IWP30/Page_QATestHarness/RemittanceID'

28-08-2024T19:24:49 - [MESSAGE][PASSED] - Object: 'Object Repository/IWP30/Page_QATestHarness/SubmitButton' is clicked on

28-08-2024T19:24:49 - [MESSAGE][PASSED] - iwpPages.TestHarnessPage.setDataMethod is PASSED

28-08-2024T19:24:49 - [TEST_STEP][PASSED] - click(findTestObject("Object Repository/IWP30/Page_SelectPaymentMethod/PayByCorporateCheck")): Object: 'Object Repository/IWP30/Page_SelectPaymentMethod/PayByCorporateCheck' is clicked on

28-08-2024T19:24:50 - [MESSAGE][PASSED] - Object: 'Object Repository/IWP30/Page_SelectPaymentMethod/PayByCorporateCheck' is clicked on

28-08-2024T19:24:50 - [TEST_STEP][PASSED] - click(findTestObject("Object Repository/IWP30/Page_SelectPaymentMethod/MakePaymentButton")): Object: 'Object Repository/IWP30/Page_SelectPaymentMethod/MakePaymentButton' is clicked on

28-08-2024T19:24:54 - [MESSAGE][PASSED] - Object: 'Object Repository/IWP30/Page_SelectPaymentMethod/MakePaymentButton' is clicked on

28-08-2024T19:24:54 - [TEST_STEP][PASSED] - iwpPages.achCorporatePaymentEntryPage.setDataCorporate(row, dataFile): iwpPages.achCorporatePaymentEntryPage.setDataCorporate is PASSED

28-08-2024T19:24:56 - [MESSAGE][PASSED] - Object 'Object Repository/IWP30/Page_ACHCorporatePaymentEntry/txt_accountNumber' is present

28-08-2024T19:24:56 - [MESSAGE][PASSED] - Object 'Object Repository/IWP30/Page_ACHCorporatePaymentEntry/input_CompanyName' is present

28-08-2024T19:24:57 - [MESSAGE][PASSED] - Text 'My Company' is set on object 'Object Repository/IWP30/Page_ACHCorporatePaymentEntry/input_CompanyName'

28-08-2024T19:24:57 - [MESSAGE][PASSED] - Object 'Object Repository/IWP30/Page_ACHCorporatePaymentEntry/input_EIN' is present

28-08-2024T19:24:58 - [MESSAGE][PASSED] - Text '123456789' is set on object 'Object Repository/IWP30/Page_ACHCorporatePaymentEntry/input_EIN'

28-08-2024T19:24:58 - [MESSAGE][PASSED] - Text '11.50' is set on object 'Object Repository/IWP30/Page_ACHCorporatePaymentEntry/txt_Amount'

28-08-2024T19:24:59 - [MESSAGE][PASSED] - All options with label 'Soccer' are selected in object 'Object Repository/IWP30/Page_ACHCorporatePaymentEntry/dd_UDF8' 

28-08-2024T19:24:59 - [MESSAGE][PASSED] - Object 'Object Repository/IWP30/Page_ACHCorporatePaymentEntry/txt_routingNumber' is present

28-08-2024T19:25:01 - [MESSAGE][PASSED] - Text '256072691' is set on object 'Object Repository/IWP30/Page_ACHCorporatePaymentEntry/txt_routingNumber'

28-08-2024T19:25:02 - [MESSAGE][PASSED] - Object 'Object Repository/IWP30/Page_ACHCorporatePaymentEntry/txt_accountNumber' is present

28-08-2024T19:25:03 - [MESSAGE][PASSED] - Text '12344444' is set on object 'Object Repository/IWP30/Page_ACHCorporatePaymentEntry/txt_accountNumber'

28-08-2024T19:25:04 - [MESSAGE][PASSED] - Object 'Object Repository/IWP30/Page_ACHCorporatePaymentEntry/txt_confirmAccountNumber' is present

28-08-2024T19:25:04 - [MESSAGE][PASSED] - Text '12344444' is set on object 'Object Repository/IWP30/Page_ACHCorporatePaymentEntry/txt_confirmAccountNumber'

28-08-2024T19:25:05 - [MESSAGE][PASSED] - Object 'Object Repository/IWP30/Page_ACHCorporatePaymentEntry/txt_Email' is present

28-08-2024T19:25:05 - [MESSAGE][PASSED] - Object 'Object Repository/IWP30/Page_ACHCorporatePaymentEntry/cb_TermsAndCond' is present

28-08-2024T19:25:05 - [MESSAGE][PASSED] - Object: 'Object Repository/IWP30/Page_ACHCorporatePaymentEntry/cb_TermsAndCond' is clicked on

28-08-2024T19:25:05 - [MESSAGE][PASSED] - Object 'Object Repository/IWP30/Page_ACHCorporatePaymentEntry/btn_Continue' is present

28-08-2024T19:25:09 - [MESSAGE][PASSED] - Object: 'Object Repository/IWP30/Page_ACHCorporatePaymentEntry/btn_Continue' is clicked on

28-08-2024T19:25:09 - [MESSAGE][PASSED] - iwpPages.achCorporatePaymentEntryPage.setDataCorporate is PASSED

28-08-2024T19:25:09 - [TEST_STEP][PASSED] - click(findTestObject("Object Repository/IWP30/Page_Confirmation/ConfirmButton")): Object: 'Object Repository/IWP30/Page_Confirmation/ConfirmButton' is clicked on

28-08-2024T19:25:11 - [MESSAGE][PASSED] - Object: 'Object Repository/IWP30/Page_Confirmation/ConfirmButton' is clicked on

28-08-2024T19:25:11 - [TEST_STEP][PASSED] - Thread.sleep(10000): null

28-08-2024T19:25:21 - [TEST_STEP][PASSED] - if (verifyTextPresent("Successful Payment Receipt", false)): null

28-08-2024T19:25:22 - [MESSAGE][PASSED] - Text 'Successful Payment Receipt' is present on page 

28-08-2024T19:25:22 - [TEST_STEP][PASSED] - println("Successful Payment Receipt text is present on the Receipt page"): null

28-08-2024T19:25:22 - [TEST_STEP][PASSED] - markPassed("Successful Payment Receipt text is present on the Receipt page"): Successful Payment Receipt text is present on the Receipt page

28-08-2024T19:25:22 - [MESSAGE][PASSED] - Successful Payment Receipt text is present on the Receipt page

28-08-2024T19:25:22 - [TEST_STEP][PASSED] - resText = "Pass": null

28-08-2024T19:25:22 - [TEST_STEP][PASSED] - pages.WriteExcel.demoKey(resText, datText, resColumn, datCloumn, fileLoc, nameSheet, row): pages.WriteExcel.demoKey is PASSED

28-08-2024T19:25:22 - [MESSAGE][PASSED] - pages.WriteExcel.demoKey is PASSED

28-08-2024T19:25:22 - [TEST_STEP][PASSED] - closeBrowser(): Browser is closed

28-08-2024T19:25:23 - [MESSAGE][PASSED] - Browser is closed

28-08-2024T19:25:23 - [TEST_STEP][PASSED] - ExecuteTC = findTestData(dataFile).getValue("Execute", row): null

28-08-2024T19:25:23 - [TEST_STEP][PASSED] - out.println("Value of Execute is : " + ExecuteTC): null

28-08-2024T19:25:23 - [TEST_STEP][PASSED] - if (ExecuteTC.equalsIgnoreCase("Y")): null

28-08-2024T19:25:23 - [TEST_STEP][PASSED] - out.println("Begin Record Number: " + row): null

28-08-2024T19:25:23 - [TEST_STEP][PASSED] - today = new java.util.Date(): null

28-08-2024T19:25:23 - [TEST_STEP][PASSED] - println(today): null

28-08-2024T19:25:23 - [TEST_STEP][PASSED] - datText = today: null

28-08-2024T19:25:23 - [TEST_STEP][PASSED] - EmulatorDataKey = findTestData(dataFile).getValue("EmulatorData", row): null

28-08-2024T19:25:23 - [TEST_STEP][PASSED] - out.println("Value of Emulator Key is : " + EmulatorDataKey): null

28-08-2024T19:25:23 - [TEST_STEP][PASSED] - iwpPages.emulatorIWP30.setDataEmulator_DD(EmulatorDataKey): iwpPages.emulatorIWP30.setDataEmulator_DD is PASSED

28-08-2024T19:25:23 - [MESSAGE][INFO] - Starting 'Edge Chromium' driver

28-08-2024T19:25:23 - [MESSAGE][INFO] - User set preference: ['acceptInsecureCerts', 'true']

28-08-2024T19:25:26 - [MESSAGE][INFO] - Action delay is set to 0 milliseconds

28-08-2024T19:25:31 - [MESSAGE][PASSED] - Browser is opened with url: 'https://qa2.velocitypayment.com/agency/config.do?action=editor&message_version=2_5'

28-08-2024T19:25:31 - [MESSAGE][PASSED] - Current window maximized

28-08-2024T19:25:32 - [MESSAGE][PASSED] - All options with value '2.5' are selected in object 'Object Repository/IWP30/Page_VRelay30Emulator/MV'  using regular expression

28-08-2024T19:25:33 - [MESSAGE][PASSED] - Text '10.50' is set on object 'Object Repository/IWP30/Page_VRelay30Emulator/Amount'

28-08-2024T19:25:34 - [MESSAGE][PASSED] - Text '26413255' is set on object 'Object Repository/IWP30/Page_VRelay30Emulator/CAN'

28-08-2024T19:25:34 - [MESSAGE][PASSED] - Text 'PayNow' is set on object 'Object Repository/IWP30/Page_VRelay30Emulator/Action'

28-08-2024T19:25:35 - [MESSAGE][PASSED] - Text 'en_US' is set on object 'Object Repository/IWP30/Page_VRelay30Emulator/Lang'

28-08-2024T19:25:37 - [MESSAGE][PASSED] - Text 'Jasmine' is set on object 'Object Repository/IWP30/Page_VRelay30Emulator/Fname'

28-08-2024T19:25:38 - [MESSAGE][PASSED] - Text 'Patrinol' is set on object 'Object Repository/IWP30/Page_VRelay30Emulator/Lname'

28-08-2024T19:25:39 - [MESSAGE][PASSED] - Text '258 Underwood rd' is set on object 'Object Repository/IWP30/Page_VRelay30Emulator/AL1'

28-08-2024T19:25:40 - [MESSAGE][PASSED] - Text 'Suite 600' is set on object 'Object Repository/IWP30/Page_VRelay30Emulator/AL2'

28-08-2024T19:25:40 - [MESSAGE][PASSED] - Text '840' is set on object 'Object Repository/IWP30/Page_VRelay30Emulator/Country'

28-08-2024T19:25:41 - [MESSAGE][PASSED] - Text 'Arlington' is set on object 'Object Repository/IWP30/Page_VRelay30Emulator/City'

28-08-2024T19:25:42 - [MESSAGE][PASSED] - Text 'VA' is set on object 'Object Repository/IWP30/Page_VRelay30Emulator/State'

28-08-2024T19:25:42 - [MESSAGE][PASSED] - Text '22201' is set on object 'Object Repository/IWP30/Page_VRelay30Emulator/ZIP'

28-08-2024T19:25:44 - [MESSAGE][PASSED] - Text '' is set on object 'Object Repository/IWP30/Page_VRelay30Emulator/Order'

28-08-2024T19:25:45 - [MESSAGE][PASSED] - Text 'Some Company' is set on object 'Object Repository/IWP30/Page_VRelay30Emulator/Company'

28-08-2024T19:25:46 - [MESSAGE][PASSED] - Text 'iahmed@govolution.com' is set on object 'Object Repository/IWP30/Page_VRelay30Emulator/Email'

28-08-2024T19:25:47 - [MESSAGE][PASSED] - Text 'udf data 1' is set on object 'Object Repository/IWP30/Page_VRelay30Emulator/UDF1'

28-08-2024T19:25:47 - [MESSAGE][PASSED] - Text 'udf data 2' is set on object 'Object Repository/IWP30/Page_VRelay30Emulator/UDF2'

28-08-2024T19:25:48 - [MESSAGE][PASSED] - Text 'udf data 3' is set on object 'Object Repository/IWP30/Page_VRelay30Emulator/UDF3'

28-08-2024T19:25:48 - [MESSAGE][PASSED] - Text 'udf data 4' is set on object 'Object Repository/IWP30/Page_VRelay30Emulator/UDF4'

28-08-2024T19:25:49 - [MESSAGE][PASSED] - Text 'udf data 5' is set on object 'Object Repository/IWP30/Page_VRelay30Emulator/UDF5'

28-08-2024T19:25:51 - [MESSAGE][PASSED] - Text 'udf data 6' is set on object 'Object Repository/IWP30/Page_VRelay30Emulator/UDF6'

28-08-2024T19:25:52 - [MESSAGE][PASSED] - Text 'Orange' is set on object 'Object Repository/IWP30/Page_VRelay30Emulator/UDF7'

28-08-2024T19:25:53 - [MESSAGE][PASSED] - Text 'Soccer' is set on object 'Object Repository/IWP30/Page_VRelay30Emulator/UDF8'

28-08-2024T19:25:53 - [MESSAGE][PASSED] - Text 'udf data 9' is set on object 'Object Repository/IWP30/Page_VRelay30Emulator/UDF9'

28-08-2024T19:25:54 - [MESSAGE][PASSED] - Text 'udf data 10' is set on object 'Object Repository/IWP30/Page_VRelay30Emulator/UDF10'

28-08-2024T19:25:55 - [MESSAGE][PASSED] - Object: 'Object Repository/IWP30/Page_VRelay30Emulator/Submit' is clicked on

28-08-2024T19:26:00 - [MESSAGE][PASSED] - Browser is closed

28-08-2024T19:26:04 - [MESSAGE][PASSED] - iwpPages.emulatorIWP30.setDataEmulator_DD is PASSED

28-08-2024T19:26:04 - [TEST_STEP][PASSED] - testHarnessURL = urlTestHarness: null

28-08-2024T19:26:04 - [TEST_STEP][PASSED] - openBrowser(testHarnessURL): Browser is opened with url: 'https://dev-algorithm.govolution.com/vrelaytest/QA2/version_2_2/vrelaytest.html'

28-08-2024T19:26:04 - [MESSAGE][INFO] - Starting 'Edge Chromium' driver

28-08-2024T19:26:04 - [MESSAGE][INFO] - User set preference: ['acceptInsecureCerts', 'true']

28-08-2024T19:26:06 - [MESSAGE][INFO] - Action delay is set to 0 milliseconds

28-08-2024T19:26:12 - [MESSAGE][PASSED] - Browser is opened with url: 'https://dev-algorithm.govolution.com/vrelaytest/QA2/version_2_2/vrelaytest.html'

28-08-2024T19:26:12 - [TEST_STEP][PASSED] - maximizeWindow(): Current window maximized

28-08-2024T19:26:12 - [MESSAGE][PASSED] - Current window maximized

28-08-2024T19:26:12 - [TEST_STEP][PASSED] - iwpPages.TestHarnessPage.setDataMethod(row, dataFile): iwpPages.TestHarnessPage.setDataMethod is PASSED

28-08-2024T19:26:13 - [MESSAGE][PASSED] - Object 'Object Repository/IWP30/Page_QATestHarness/RemittanceID' is present

28-08-2024T19:26:13 - [MESSAGE][PASSED] - Text '638' is set on object 'Object Repository/IWP30/Page_QATestHarness/ApplicationID'

28-08-2024T19:26:14 - [MESSAGE][PASSED] - Text '2.5' is set on object 'Object Repository/IWP30/Page_QATestHarness/MessageVersion'

28-08-2024T19:26:15 - [MESSAGE][PASSED] - Text 'qhXZULR5nSbj' is set on object 'Object Repository/IWP30/Page_QATestHarness/RemittanceID'

28-08-2024T19:26:19 - [MESSAGE][PASSED] - Object: 'Object Repository/IWP30/Page_QATestHarness/SubmitButton' is clicked on

28-08-2024T19:26:19 - [MESSAGE][PASSED] - iwpPages.TestHarnessPage.setDataMethod is PASSED

28-08-2024T19:26:19 - [TEST_STEP][PASSED] - click(findTestObject("Object Repository/IWP30/Page_SelectPaymentMethod/PayByCorporateCheck")): Object: 'Object Repository/IWP30/Page_SelectPaymentMethod/PayByCorporateCheck' is clicked on

28-08-2024T19:26:20 - [MESSAGE][PASSED] - Object: 'Object Repository/IWP30/Page_SelectPaymentMethod/PayByCorporateCheck' is clicked on

28-08-2024T19:26:20 - [TEST_STEP][PASSED] - click(findTestObject("Object Repository/IWP30/Page_SelectPaymentMethod/MakePaymentButton")): Object: 'Object Repository/IWP30/Page_SelectPaymentMethod/MakePaymentButton' is clicked on

28-08-2024T19:26:23 - [MESSAGE][PASSED] - Object: 'Object Repository/IWP30/Page_SelectPaymentMethod/MakePaymentButton' is clicked on

28-08-2024T19:26:23 - [TEST_STEP][PASSED] - iwpPages.achCorporatePaymentEntryPage.setDataCorporate(row, dataFile): iwpPages.achCorporatePaymentEntryPage.setDataCorporate is PASSED

28-08-2024T19:26:26 - [MESSAGE][PASSED] - Object 'Object Repository/IWP30/Page_ACHCorporatePaymentEntry/txt_accountNumber' is present

28-08-2024T19:26:26 - [MESSAGE][PASSED] - Object 'Object Repository/IWP30/Page_ACHCorporatePaymentEntry/input_CompanyName' is present

28-08-2024T19:26:27 - [MESSAGE][PASSED] - Text 'My Company' is set on object 'Object Repository/IWP30/Page_ACHCorporatePaymentEntry/input_CompanyName'

28-08-2024T19:26:27 - [MESSAGE][PASSED] - Object 'Object Repository/IWP30/Page_ACHCorporatePaymentEntry/input_EIN' is present

28-08-2024T19:26:28 - [MESSAGE][PASSED] - Text '123456789' is set on object 'Object Repository/IWP30/Page_ACHCorporatePaymentEntry/input_EIN'

28-08-2024T19:26:28 - [MESSAGE][PASSED] - Text '9.50' is set on object 'Object Repository/IWP30/Page_ACHCorporatePaymentEntry/txt_Amount'

28-08-2024T19:26:29 - [MESSAGE][PASSED] - All options with label 'Soccer' are selected in object 'Object Repository/IWP30/Page_ACHCorporatePaymentEntry/dd_UDF8' 

28-08-2024T19:26:29 - [MESSAGE][PASSED] - Object 'Object Repository/IWP30/Page_ACHCorporatePaymentEntry/txt_routingNumber' is present

28-08-2024T19:26:30 - [MESSAGE][PASSED] - Text '256072691' is set on object 'Object Repository/IWP30/Page_ACHCorporatePaymentEntry/txt_routingNumber'

28-08-2024T19:26:31 - [MESSAGE][PASSED] - Object 'Object Repository/IWP30/Page_ACHCorporatePaymentEntry/txt_accountNumber' is present

28-08-2024T19:26:33 - [MESSAGE][PASSED] - Text '12344444' is set on object 'Object Repository/IWP30/Page_ACHCorporatePaymentEntry/txt_accountNumber'

28-08-2024T19:26:34 - [MESSAGE][PASSED] - Object 'Object Repository/IWP30/Page_ACHCorporatePaymentEntry/txt_confirmAccountNumber' is present

28-08-2024T19:26:34 - [MESSAGE][PASSED] - Text '12344444' is set on object 'Object Repository/IWP30/Page_ACHCorporatePaymentEntry/txt_confirmAccountNumber'

28-08-2024T19:26:35 - [MESSAGE][PASSED] - Object 'Object Repository/IWP30/Page_ACHCorporatePaymentEntry/txt_Email' is present

28-08-2024T19:26:35 - [MESSAGE][PASSED] - Object 'Object Repository/IWP30/Page_ACHCorporatePaymentEntry/cb_TermsAndCond' is present

28-08-2024T19:26:35 - [MESSAGE][PASSED] - Object: 'Object Repository/IWP30/Page_ACHCorporatePaymentEntry/cb_TermsAndCond' is clicked on

28-08-2024T19:26:35 - [MESSAGE][PASSED] - Object 'Object Repository/IWP30/Page_ACHCorporatePaymentEntry/btn_Continue' is present

28-08-2024T19:26:38 - [MESSAGE][PASSED] - Object: 'Object Repository/IWP30/Page_ACHCorporatePaymentEntry/btn_Continue' is clicked on

28-08-2024T19:26:38 - [MESSAGE][PASSED] - iwpPages.achCorporatePaymentEntryPage.setDataCorporate is PASSED

28-08-2024T19:26:38 - [TEST_STEP][PASSED] - click(findTestObject("Object Repository/IWP30/Page_Confirmation/ConfirmButton")): Object: 'Object Repository/IWP30/Page_Confirmation/ConfirmButton' is clicked on

28-08-2024T19:26:41 - [MESSAGE][PASSED] - Object: 'Object Repository/IWP30/Page_Confirmation/ConfirmButton' is clicked on

28-08-2024T19:26:41 - [TEST_STEP][PASSED] - Thread.sleep(10000): null

28-08-2024T19:26:51 - [TEST_STEP][PASSED] - if (verifyTextPresent("Successful Payment Receipt", false)): null

28-08-2024T19:26:51 - [MESSAGE][PASSED] - Text 'Successful Payment Receipt' is present on page 

28-08-2024T19:26:51 - [TEST_STEP][PASSED] - println("Successful Payment Receipt text is present on the Receipt page"): null

28-08-2024T19:26:51 - [TEST_STEP][PASSED] - markPassed("Successful Payment Receipt text is present on the Receipt page"): Successful Payment Receipt text is present on the Receipt page

28-08-2024T19:26:51 - [MESSAGE][PASSED] - Successful Payment Receipt text is present on the Receipt page

28-08-2024T19:26:51 - [TEST_STEP][PASSED] - resText = "Pass": null

28-08-2024T19:26:51 - [TEST_STEP][PASSED] - pages.WriteExcel.demoKey(resText, datText, resColumn, datCloumn, fileLoc, nameSheet, row): pages.WriteExcel.demoKey is PASSED

28-08-2024T19:26:52 - [MESSAGE][PASSED] - pages.WriteExcel.demoKey is PASSED

28-08-2024T19:26:52 - [TEST_STEP][PASSED] - closeBrowser(): Browser is closed

28-08-2024T19:26:53 - [MESSAGE][PASSED] - Browser is closed]]></system-out>
         <system-err><![CDATA[]]></system-err>
      </testcase>
      <testcase name="Test Cases/IntegratedWeb/IWP25/Payments/OverAndUnderPayPC" time="181.256" classname="Test Cases/IntegratedWeb/IWP25/Payments/OverAndUnderPayPC" status="PASSED">
         <system-out><![CDATA[28-08-2024T19:26:53 - [TEST_CASE][PASSED] - Test Cases/IntegratedWeb/IWP25/Payments/OverAndUnderPayPC: Test Cases/IntegratedWeb/IWP25/Payments/OverAndUnderPayPC

28-08-2024T19:26:53 - [TEST_STEP][PASSED] - resText = "Fail": null

28-08-2024T19:26:53 - [TEST_STEP][PASSED] - resColumn = "Result": null

28-08-2024T19:26:53 - [TEST_STEP][PASSED] - datCloumn = "Date": null

28-08-2024T19:26:53 - [TEST_STEP][PASSED] - fileLoc = "KatalonData/IWPTestData/VRelay25Payments.xlsx": null

28-08-2024T19:26:53 - [TEST_STEP][PASSED] - numOfRows = <not implemented yet for class: org.codehaus.groovy.ast.expr.EmptyExpression>: null

28-08-2024T19:26:53 - [TEST_STEP][PASSED] - dataFile = <not implemented yet for class: org.codehaus.groovy.ast.expr.EmptyExpression>: null

28-08-2024T19:26:53 - [TEST_STEP][PASSED] - nameSheet = <not implemented yet for class: org.codehaus.groovy.ast.expr.EmptyExpression>: null

28-08-2024T19:26:53 - [TEST_STEP][PASSED] - dataFileEmulator = <not implemented yet for class: org.codehaus.groovy.ast.expr.EmptyExpression>: null

28-08-2024T19:26:53 - [TEST_STEP][PASSED] - isRequiredTextPresent = false: null

28-08-2024T19:26:53 - [TEST_STEP][PASSED] - nameSheet = "OverAndUnderPayPC": null

28-08-2024T19:26:53 - [TEST_STEP][PASSED] - dataFile = "IWPTestData/IWP25OverAndUnderPayPC": null

28-08-2024T19:26:53 - [TEST_STEP][PASSED] - dataFileEmulator = "IWPTestData/EmulatorData": null

28-08-2024T19:26:53 - [TEST_STEP][PASSED] - numOfRows = findTestData(dataFile).getRowNumbers(): null

28-08-2024T19:26:53 - [TEST_STEP][PASSED] - println("Number of Records: " + numOfRows): null

28-08-2024T19:26:53 - [TEST_STEP][PASSED] - for ([row = 1, row <= numOfRows, (row++)]): Browser is closed

28-08-2024T19:26:53 - [TEST_STEP][PASSED] - ExecuteTC = findTestData(dataFile).getValue("Execute", row): null

28-08-2024T19:26:53 - [TEST_STEP][PASSED] - out.println("Value of Execute is : " + ExecuteTC): null

28-08-2024T19:26:53 - [TEST_STEP][PASSED] - if (ExecuteTC.equalsIgnoreCase("Y")): null

28-08-2024T19:26:53 - [TEST_STEP][PASSED] - out.println("Begin Record Number: " + row): null

28-08-2024T19:26:53 - [TEST_STEP][PASSED] - today = new java.util.Date(): null

28-08-2024T19:26:53 - [TEST_STEP][PASSED] - println(today): null

28-08-2024T19:26:53 - [TEST_STEP][PASSED] - datText = today: null

28-08-2024T19:26:53 - [TEST_STEP][PASSED] - EmulatorDataKey = findTestData(dataFile).getValue("EmulatorData", row): null

28-08-2024T19:26:53 - [TEST_STEP][PASSED] - out.println("Value of Emulator Key is : " + EmulatorDataKey): null

28-08-2024T19:26:53 - [TEST_STEP][PASSED] - iwpPages.emulatorIWP30.setDataEmulator_DD(EmulatorDataKey): iwpPages.emulatorIWP30.setDataEmulator_DD is PASSED

28-08-2024T19:26:54 - [MESSAGE][INFO] - Starting 'Edge Chromium' driver

28-08-2024T19:26:54 - [MESSAGE][INFO] - User set preference: ['acceptInsecureCerts', 'true']

28-08-2024T19:26:56 - [MESSAGE][INFO] - Action delay is set to 0 milliseconds

28-08-2024T19:27:01 - [MESSAGE][PASSED] - Browser is opened with url: 'https://qa2.velocitypayment.com/agency/config.do?action=editor&message_version=2_5'

28-08-2024T19:27:02 - [MESSAGE][PASSED] - Current window maximized

28-08-2024T19:27:03 - [MESSAGE][PASSED] - All options with value '2.5' are selected in object 'Object Repository/IWP30/Page_VRelay30Emulator/MV'  using regular expression

28-08-2024T19:27:04 - [MESSAGE][PASSED] - Text '10.50' is set on object 'Object Repository/IWP30/Page_VRelay30Emulator/Amount'

28-08-2024T19:27:04 - [MESSAGE][PASSED] - Text '26413255' is set on object 'Object Repository/IWP30/Page_VRelay30Emulator/CAN'

28-08-2024T19:27:05 - [MESSAGE][PASSED] - Text 'PayNow' is set on object 'Object Repository/IWP30/Page_VRelay30Emulator/Action'

28-08-2024T19:27:06 - [MESSAGE][PASSED] - Text 'en_US' is set on object 'Object Repository/IWP30/Page_VRelay30Emulator/Lang'

28-08-2024T19:27:07 - [MESSAGE][PASSED] - Text 'Jasmine' is set on object 'Object Repository/IWP30/Page_VRelay30Emulator/Fname'

28-08-2024T19:27:09 - [MESSAGE][PASSED] - Text 'Patrinol' is set on object 'Object Repository/IWP30/Page_VRelay30Emulator/Lname'

28-08-2024T19:27:09 - [MESSAGE][PASSED] - Text '258 Underwood rd' is set on object 'Object Repository/IWP30/Page_VRelay30Emulator/AL1'

28-08-2024T19:27:10 - [MESSAGE][PASSED] - Text 'Suite 600' is set on object 'Object Repository/IWP30/Page_VRelay30Emulator/AL2'

28-08-2024T19:27:11 - [MESSAGE][PASSED] - Text '840' is set on object 'Object Repository/IWP30/Page_VRelay30Emulator/Country'

28-08-2024T19:27:11 - [MESSAGE][PASSED] - Text 'Arlington' is set on object 'Object Repository/IWP30/Page_VRelay30Emulator/City'

28-08-2024T19:27:12 - [MESSAGE][PASSED] - Text 'VA' is set on object 'Object Repository/IWP30/Page_VRelay30Emulator/State'

28-08-2024T19:27:12 - [MESSAGE][PASSED] - Text '22201' is set on object 'Object Repository/IWP30/Page_VRelay30Emulator/ZIP'

28-08-2024T19:27:13 - [MESSAGE][PASSED] - Text '' is set on object 'Object Repository/IWP30/Page_VRelay30Emulator/Order'

28-08-2024T19:27:15 - [MESSAGE][PASSED] - Text 'Some Company' is set on object 'Object Repository/IWP30/Page_VRelay30Emulator/Company'

28-08-2024T19:27:16 - [MESSAGE][PASSED] - Text 'iahmed@govolution.com' is set on object 'Object Repository/IWP30/Page_VRelay30Emulator/Email'

28-08-2024T19:27:16 - [MESSAGE][PASSED] - Text 'udf data 1' is set on object 'Object Repository/IWP30/Page_VRelay30Emulator/UDF1'

28-08-2024T19:27:17 - [MESSAGE][PASSED] - Text 'udf data 2' is set on object 'Object Repository/IWP30/Page_VRelay30Emulator/UDF2'

28-08-2024T19:27:18 - [MESSAGE][PASSED] - Text 'udf data 3' is set on object 'Object Repository/IWP30/Page_VRelay30Emulator/UDF3'

28-08-2024T19:27:18 - [MESSAGE][PASSED] - Text 'udf data 4' is set on object 'Object Repository/IWP30/Page_VRelay30Emulator/UDF4'

28-08-2024T19:27:19 - [MESSAGE][PASSED] - Text 'udf data 5' is set on object 'Object Repository/IWP30/Page_VRelay30Emulator/UDF5'

28-08-2024T19:27:19 - [MESSAGE][PASSED] - Text 'udf data 6' is set on object 'Object Repository/IWP30/Page_VRelay30Emulator/UDF6'

28-08-2024T19:27:22 - [MESSAGE][PASSED] - Text 'Orange' is set on object 'Object Repository/IWP30/Page_VRelay30Emulator/UDF7'

28-08-2024T19:27:22 - [MESSAGE][PASSED] - Text 'Soccer' is set on object 'Object Repository/IWP30/Page_VRelay30Emulator/UDF8'

28-08-2024T19:27:23 - [MESSAGE][PASSED] - Text 'udf data 9' is set on object 'Object Repository/IWP30/Page_VRelay30Emulator/UDF9'

28-08-2024T19:27:24 - [MESSAGE][PASSED] - Text 'udf data 10' is set on object 'Object Repository/IWP30/Page_VRelay30Emulator/UDF10'

28-08-2024T19:27:25 - [MESSAGE][PASSED] - Object: 'Object Repository/IWP30/Page_VRelay30Emulator/Submit' is clicked on

28-08-2024T19:27:29 - [MESSAGE][PASSED] - Browser is closed

28-08-2024T19:27:33 - [MESSAGE][PASSED] - iwpPages.emulatorIWP30.setDataEmulator_DD is PASSED

28-08-2024T19:27:33 - [TEST_STEP][PASSED] - testHarnessURL = urlTestHarness: null

28-08-2024T19:27:33 - [TEST_STEP][PASSED] - openBrowser(testHarnessURL): Browser is opened with url: 'https://dev-algorithm.govolution.com/vrelaytest/QA2/version_2_2/vrelaytest.html'

28-08-2024T19:27:33 - [MESSAGE][INFO] - Starting 'Edge Chromium' driver

28-08-2024T19:27:33 - [MESSAGE][INFO] - User set preference: ['acceptInsecureCerts', 'true']

28-08-2024T19:27:35 - [MESSAGE][INFO] - Action delay is set to 0 milliseconds

28-08-2024T19:27:42 - [MESSAGE][PASSED] - Browser is opened with url: 'https://dev-algorithm.govolution.com/vrelaytest/QA2/version_2_2/vrelaytest.html'

28-08-2024T19:27:42 - [TEST_STEP][PASSED] - maximizeWindow(): Current window maximized

28-08-2024T19:27:43 - [MESSAGE][PASSED] - Current window maximized

28-08-2024T19:27:43 - [TEST_STEP][PASSED] - iwpPages.TestHarnessPage.setDataMethod(row, dataFile): iwpPages.TestHarnessPage.setDataMethod is PASSED

28-08-2024T19:27:43 - [MESSAGE][PASSED] - Object 'Object Repository/IWP30/Page_QATestHarness/RemittanceID' is present

28-08-2024T19:27:44 - [MESSAGE][PASSED] - Text '638' is set on object 'Object Repository/IWP30/Page_QATestHarness/ApplicationID'

28-08-2024T19:27:45 - [MESSAGE][PASSED] - Text '2.5' is set on object 'Object Repository/IWP30/Page_QATestHarness/MessageVersion'

28-08-2024T19:27:45 - [MESSAGE][PASSED] - Text 'syDwjYBrwADZ' is set on object 'Object Repository/IWP30/Page_QATestHarness/RemittanceID'

28-08-2024T19:27:50 - [MESSAGE][PASSED] - Object: 'Object Repository/IWP30/Page_QATestHarness/SubmitButton' is clicked on

28-08-2024T19:27:50 - [MESSAGE][PASSED] - iwpPages.TestHarnessPage.setDataMethod is PASSED

28-08-2024T19:27:50 - [TEST_STEP][PASSED] - click(findTestObject("Object Repository/IWP30/Page_SelectPaymentMethod/PayByPersonalCheck")): Object: 'Object Repository/IWP30/Page_SelectPaymentMethod/PayByPersonalCheck' is clicked on

28-08-2024T19:27:51 - [MESSAGE][PASSED] - Object: 'Object Repository/IWP30/Page_SelectPaymentMethod/PayByPersonalCheck' is clicked on

28-08-2024T19:27:51 - [TEST_STEP][PASSED] - click(findTestObject("Object Repository/IWP30/Page_SelectPaymentMethod/MakePaymentButton")): Object: 'Object Repository/IWP30/Page_SelectPaymentMethod/MakePaymentButton' is clicked on

28-08-2024T19:27:54 - [MESSAGE][PASSED] - Object: 'Object Repository/IWP30/Page_SelectPaymentMethod/MakePaymentButton' is clicked on

28-08-2024T19:27:54 - [TEST_STEP][PASSED] - iwpPages.achPersonalPaymentEntryPage.setDataACHPPM(row, dataFile): iwpPages.achPersonalPaymentEntryPage.setDataACHPPM is PASSED

28-08-2024T19:27:57 - [MESSAGE][PASSED] - Object 'Object Repository/IWP30/Page_ACHPersonalPaymentEntry/txt_accountNumber' is present

28-08-2024T19:27:58 - [MESSAGE][PASSED] - Text '11.50' is set on object 'Object Repository/IWP30/Page_ACHPersonalPaymentEntry/txt_Amount'

28-08-2024T19:27:58 - [MESSAGE][PASSED] - Object 'Object Repository/IWP30/Page_ACHPersonalPaymentEntry/txt_UDF2' is present

28-08-2024T19:27:59 - [MESSAGE][PASSED] - All options with label 'Soccer' are selected in object 'Object Repository/IWP30/Page_ACHPersonalPaymentEntry/dd_UDF8' 

28-08-2024T19:27:59 - [MESSAGE][PASSED] - Object 'Object Repository/IWP30/Page_ACHPersonalPaymentEntry/txt_Firstname' is present

28-08-2024T19:28:00 - [MESSAGE][PASSED] - Text 'Elizath' is set on object 'Object Repository/IWP30/Page_ACHPersonalPaymentEntry/txt_Firstname'

28-08-2024T19:28:00 - [MESSAGE][PASSED] - Object 'Object Repository/IWP30/Page_ACHPersonalPaymentEntry/txt_Lastname' is present

28-08-2024T19:28:01 - [MESSAGE][PASSED] - Text 'Christine' is set on object 'Object Repository/IWP30/Page_ACHPersonalPaymentEntry/txt_Lastname'

28-08-2024T19:28:02 - [MESSAGE][PASSED] - Object 'Object Repository/IWP30/Page_ACHPersonalPaymentEntry/txt_routingNumber' is present

28-08-2024T19:28:03 - [MESSAGE][PASSED] - Text '256072691' is set on object 'Object Repository/IWP30/Page_ACHPersonalPaymentEntry/txt_routingNumber'

28-08-2024T19:28:03 - [MESSAGE][PASSED] - Object 'Object Repository/IWP30/Page_ACHPersonalPaymentEntry/txt_accountNumber' is present

28-08-2024T19:28:05 - [MESSAGE][PASSED] - Text '12344444' is set on object 'Object Repository/IWP30/Page_ACHPersonalPaymentEntry/txt_accountNumber'

28-08-2024T19:28:05 - [MESSAGE][PASSED] - Object 'Object Repository/IWP30/Page_ACHPersonalPaymentEntry/txt_confirmAccountNumber' is present

28-08-2024T19:28:06 - [MESSAGE][PASSED] - Text '12344444' is set on object 'Object Repository/IWP30/Page_ACHPersonalPaymentEntry/txt_confirmAccountNumber'

28-08-2024T19:28:06 - [MESSAGE][PASSED] - Object 'Object Repository/IWP30/Page_ACHPersonalPaymentEntry/rd_accountType' is present

28-08-2024T19:28:06 - [MESSAGE][PASSED] - Modify property of object successfully

28-08-2024T19:28:06 - [MESSAGE][PASSED] - Object: 'Object Repository/IWP30/Page_ACHPersonalPaymentEntry/rd_accountType' is clicked on

28-08-2024T19:28:07 - [MESSAGE][PASSED] - Object 'Object Repository/IWP30/Page_ACHPersonalPaymentEntry/txt_Email' is present

28-08-2024T19:28:07 - [MESSAGE][PASSED] - Object 'Object Repository/IWP30/Page_ACHPersonalPaymentEntry/cb_TermsAndCond' is present

28-08-2024T19:28:07 - [MESSAGE][PASSED] - Object: 'Object Repository/IWP30/Page_ACHPersonalPaymentEntry/cb_TermsAndCond' is clicked on

28-08-2024T19:28:07 - [MESSAGE][PASSED] - Object 'Object Repository/IWP30/Page_ACHPersonalPaymentEntry/btn_Continue' is present

28-08-2024T19:28:10 - [MESSAGE][PASSED] - Object: 'Object Repository/IWP30/Page_ACHPersonalPaymentEntry/btn_Continue' is clicked on

28-08-2024T19:28:10 - [MESSAGE][PASSED] - iwpPages.achPersonalPaymentEntryPage.setDataACHPPM is PASSED

28-08-2024T19:28:10 - [TEST_STEP][PASSED] - click(findTestObject("Object Repository/IWP30/Page_Confirmation/ConfirmButton")): Object: 'Object Repository/IWP30/Page_Confirmation/ConfirmButton' is clicked on

28-08-2024T19:28:13 - [MESSAGE][PASSED] - Object: 'Object Repository/IWP30/Page_Confirmation/ConfirmButton' is clicked on

28-08-2024T19:28:13 - [TEST_STEP][PASSED] - Thread.sleep(10000): null

28-08-2024T19:28:23 - [TEST_STEP][PASSED] - if (verifyTextPresent("Successful Payment Receipt", false)): null

28-08-2024T19:28:23 - [MESSAGE][PASSED] - Text 'Successful Payment Receipt' is present on page 

28-08-2024T19:28:23 - [TEST_STEP][PASSED] - println("Successful Payment Receipt text is present on the Receipt page"): null

28-08-2024T19:28:23 - [TEST_STEP][PASSED] - markPassed("Successful Payment Receipt text is present on the Receipt page"): Successful Payment Receipt text is present on the Receipt page

28-08-2024T19:28:23 - [MESSAGE][PASSED] - Successful Payment Receipt text is present on the Receipt page

28-08-2024T19:28:23 - [TEST_STEP][PASSED] - resText = "Pass": null

28-08-2024T19:28:23 - [TEST_STEP][PASSED] - pages.WriteExcel.demoKey(resText, datText, resColumn, datCloumn, fileLoc, nameSheet, row): pages.WriteExcel.demoKey is PASSED

28-08-2024T19:28:23 - [MESSAGE][PASSED] - pages.WriteExcel.demoKey is PASSED

28-08-2024T19:28:23 - [TEST_STEP][PASSED] - closeBrowser(): Browser is closed

28-08-2024T19:28:24 - [MESSAGE][PASSED] - Browser is closed

28-08-2024T19:28:24 - [TEST_STEP][PASSED] - ExecuteTC = findTestData(dataFile).getValue("Execute", row): null

28-08-2024T19:28:24 - [TEST_STEP][PASSED] - out.println("Value of Execute is : " + ExecuteTC): null

28-08-2024T19:28:24 - [TEST_STEP][PASSED] - if (ExecuteTC.equalsIgnoreCase("Y")): null

28-08-2024T19:28:24 - [TEST_STEP][PASSED] - out.println("Begin Record Number: " + row): null

28-08-2024T19:28:24 - [TEST_STEP][PASSED] - today = new java.util.Date(): null

28-08-2024T19:28:24 - [TEST_STEP][PASSED] - println(today): null

28-08-2024T19:28:24 - [TEST_STEP][PASSED] - datText = today: null

28-08-2024T19:28:24 - [TEST_STEP][PASSED] - EmulatorDataKey = findTestData(dataFile).getValue("EmulatorData", row): null

28-08-2024T19:28:24 - [TEST_STEP][PASSED] - out.println("Value of Emulator Key is : " + EmulatorDataKey): null

28-08-2024T19:28:24 - [TEST_STEP][PASSED] - iwpPages.emulatorIWP30.setDataEmulator_DD(EmulatorDataKey): iwpPages.emulatorIWP30.setDataEmulator_DD is PASSED

28-08-2024T19:28:24 - [MESSAGE][INFO] - Starting 'Edge Chromium' driver

28-08-2024T19:28:24 - [MESSAGE][INFO] - User set preference: ['acceptInsecureCerts', 'true']

28-08-2024T19:28:27 - [MESSAGE][INFO] - Action delay is set to 0 milliseconds

28-08-2024T19:28:32 - [MESSAGE][PASSED] - Browser is opened with url: 'https://qa2.velocitypayment.com/agency/config.do?action=editor&message_version=2_5'

28-08-2024T19:28:33 - [MESSAGE][PASSED] - Current window maximized

28-08-2024T19:28:34 - [MESSAGE][PASSED] - All options with value '2.5' are selected in object 'Object Repository/IWP30/Page_VRelay30Emulator/MV'  using regular expression

28-08-2024T19:28:34 - [MESSAGE][PASSED] - Text '10.50' is set on object 'Object Repository/IWP30/Page_VRelay30Emulator/Amount'

28-08-2024T19:28:35 - [MESSAGE][PASSED] - Text '26413255' is set on object 'Object Repository/IWP30/Page_VRelay30Emulator/CAN'

28-08-2024T19:28:36 - [MESSAGE][PASSED] - Text 'PayNow' is set on object 'Object Repository/IWP30/Page_VRelay30Emulator/Action'

28-08-2024T19:28:36 - [MESSAGE][PASSED] - Text 'en_US' is set on object 'Object Repository/IWP30/Page_VRelay30Emulator/Lang'

28-08-2024T19:28:37 - [MESSAGE][PASSED] - Text 'Jasmine' is set on object 'Object Repository/IWP30/Page_VRelay30Emulator/Fname'

28-08-2024T19:28:39 - [MESSAGE][PASSED] - Text 'Patrinol' is set on object 'Object Repository/IWP30/Page_VRelay30Emulator/Lname'

28-08-2024T19:28:40 - [MESSAGE][PASSED] - Text '258 Underwood rd' is set on object 'Object Repository/IWP30/Page_VRelay30Emulator/AL1'

28-08-2024T19:28:41 - [MESSAGE][PASSED] - Text 'Suite 600' is set on object 'Object Repository/IWP30/Page_VRelay30Emulator/AL2'

28-08-2024T19:28:41 - [MESSAGE][PASSED] - Text '840' is set on object 'Object Repository/IWP30/Page_VRelay30Emulator/Country'

28-08-2024T19:28:42 - [MESSAGE][PASSED] - Text 'Arlington' is set on object 'Object Repository/IWP30/Page_VRelay30Emulator/City'

28-08-2024T19:28:42 - [MESSAGE][PASSED] - Text 'VA' is set on object 'Object Repository/IWP30/Page_VRelay30Emulator/State'

28-08-2024T19:28:43 - [MESSAGE][PASSED] - Text '22201' is set on object 'Object Repository/IWP30/Page_VRelay30Emulator/ZIP'

28-08-2024T19:28:44 - [MESSAGE][PASSED] - Text '' is set on object 'Object Repository/IWP30/Page_VRelay30Emulator/Order'

28-08-2024T19:28:45 - [MESSAGE][PASSED] - Text 'Some Company' is set on object 'Object Repository/IWP30/Page_VRelay30Emulator/Company'

28-08-2024T19:28:46 - [MESSAGE][PASSED] - Text 'iahmed@govolution.com' is set on object 'Object Repository/IWP30/Page_VRelay30Emulator/Email'

28-08-2024T19:28:47 - [MESSAGE][PASSED] - Text 'udf data 1' is set on object 'Object Repository/IWP30/Page_VRelay30Emulator/UDF1'

28-08-2024T19:28:48 - [MESSAGE][PASSED] - Text 'udf data 2' is set on object 'Object Repository/IWP30/Page_VRelay30Emulator/UDF2'

28-08-2024T19:28:48 - [MESSAGE][PASSED] - Text 'udf data 3' is set on object 'Object Repository/IWP30/Page_VRelay30Emulator/UDF3'

28-08-2024T19:28:49 - [MESSAGE][PASSED] - Text 'udf data 4' is set on object 'Object Repository/IWP30/Page_VRelay30Emulator/UDF4'

28-08-2024T19:28:49 - [MESSAGE][PASSED] - Text 'udf data 5' is set on object 'Object Repository/IWP30/Page_VRelay30Emulator/UDF5'

28-08-2024T19:28:50 - [MESSAGE][PASSED] - Text 'udf data 6' is set on object 'Object Repository/IWP30/Page_VRelay30Emulator/UDF6'

28-08-2024T19:28:52 - [MESSAGE][PASSED] - Text 'Orange' is set on object 'Object Repository/IWP30/Page_VRelay30Emulator/UDF7'

28-08-2024T19:28:54 - [MESSAGE][PASSED] - Text 'Soccer' is set on object 'Object Repository/IWP30/Page_VRelay30Emulator/UDF8'

28-08-2024T19:28:54 - [MESSAGE][PASSED] - Text 'udf data 9' is set on object 'Object Repository/IWP30/Page_VRelay30Emulator/UDF9'

28-08-2024T19:28:55 - [MESSAGE][PASSED] - Text 'udf data 10' is set on object 'Object Repository/IWP30/Page_VRelay30Emulator/UDF10'

28-08-2024T19:28:56 - [MESSAGE][PASSED] - Object: 'Object Repository/IWP30/Page_VRelay30Emulator/Submit' is clicked on

28-08-2024T19:29:01 - [MESSAGE][PASSED] - Browser is closed

28-08-2024T19:29:05 - [MESSAGE][PASSED] - iwpPages.emulatorIWP30.setDataEmulator_DD is PASSED

28-08-2024T19:29:05 - [TEST_STEP][PASSED] - testHarnessURL = urlTestHarness: null

28-08-2024T19:29:05 - [TEST_STEP][PASSED] - openBrowser(testHarnessURL): Browser is opened with url: 'https://dev-algorithm.govolution.com/vrelaytest/QA2/version_2_2/vrelaytest.html'

28-08-2024T19:29:05 - [MESSAGE][INFO] - Starting 'Edge Chromium' driver

28-08-2024T19:29:05 - [MESSAGE][INFO] - User set preference: ['acceptInsecureCerts', 'true']

28-08-2024T19:29:08 - [MESSAGE][INFO] - Action delay is set to 0 milliseconds

28-08-2024T19:29:14 - [MESSAGE][PASSED] - Browser is opened with url: 'https://dev-algorithm.govolution.com/vrelaytest/QA2/version_2_2/vrelaytest.html'

28-08-2024T19:29:14 - [TEST_STEP][PASSED] - maximizeWindow(): Current window maximized

28-08-2024T19:29:14 - [MESSAGE][PASSED] - Current window maximized

28-08-2024T19:29:14 - [TEST_STEP][PASSED] - iwpPages.TestHarnessPage.setDataMethod(row, dataFile): iwpPages.TestHarnessPage.setDataMethod is PASSED

28-08-2024T19:29:14 - [MESSAGE][PASSED] - Object 'Object Repository/IWP30/Page_QATestHarness/RemittanceID' is present

28-08-2024T19:29:15 - [MESSAGE][PASSED] - Text '638' is set on object 'Object Repository/IWP30/Page_QATestHarness/ApplicationID'

28-08-2024T19:29:15 - [MESSAGE][PASSED] - Text '2.5' is set on object 'Object Repository/IWP30/Page_QATestHarness/MessageVersion'

28-08-2024T19:29:16 - [MESSAGE][PASSED] - Text 'uBqBcQ8xeLj5' is set on object 'Object Repository/IWP30/Page_QATestHarness/RemittanceID'

28-08-2024T19:29:20 - [MESSAGE][PASSED] - Object: 'Object Repository/IWP30/Page_QATestHarness/SubmitButton' is clicked on

28-08-2024T19:29:20 - [MESSAGE][PASSED] - iwpPages.TestHarnessPage.setDataMethod is PASSED

28-08-2024T19:29:20 - [TEST_STEP][PASSED] - click(findTestObject("Object Repository/IWP30/Page_SelectPaymentMethod/PayByPersonalCheck")): Object: 'Object Repository/IWP30/Page_SelectPaymentMethod/PayByPersonalCheck' is clicked on

28-08-2024T19:29:21 - [MESSAGE][PASSED] - Object: 'Object Repository/IWP30/Page_SelectPaymentMethod/PayByPersonalCheck' is clicked on

28-08-2024T19:29:21 - [TEST_STEP][PASSED] - click(findTestObject("Object Repository/IWP30/Page_SelectPaymentMethod/MakePaymentButton")): Object: 'Object Repository/IWP30/Page_SelectPaymentMethod/MakePaymentButton' is clicked on

28-08-2024T19:29:24 - [MESSAGE][PASSED] - Object: 'Object Repository/IWP30/Page_SelectPaymentMethod/MakePaymentButton' is clicked on

28-08-2024T19:29:24 - [TEST_STEP][PASSED] - iwpPages.achPersonalPaymentEntryPage.setDataACHPPM(row, dataFile): iwpPages.achPersonalPaymentEntryPage.setDataACHPPM is PASSED

28-08-2024T19:29:27 - [MESSAGE][PASSED] - Object 'Object Repository/IWP30/Page_ACHPersonalPaymentEntry/txt_accountNumber' is present

28-08-2024T19:29:28 - [MESSAGE][PASSED] - Text '9.50' is set on object 'Object Repository/IWP30/Page_ACHPersonalPaymentEntry/txt_Amount'

28-08-2024T19:29:28 - [MESSAGE][PASSED] - Object 'Object Repository/IWP30/Page_ACHPersonalPaymentEntry/txt_UDF2' is present

28-08-2024T19:29:29 - [MESSAGE][PASSED] - All options with label 'Soccer' are selected in object 'Object Repository/IWP30/Page_ACHPersonalPaymentEntry/dd_UDF8' 

28-08-2024T19:29:29 - [MESSAGE][PASSED] - Object 'Object Repository/IWP30/Page_ACHPersonalPaymentEntry/txt_Firstname' is present

28-08-2024T19:29:30 - [MESSAGE][PASSED] - Text 'Elizath' is set on object 'Object Repository/IWP30/Page_ACHPersonalPaymentEntry/txt_Firstname'

28-08-2024T19:29:30 - [MESSAGE][PASSED] - Object 'Object Repository/IWP30/Page_ACHPersonalPaymentEntry/txt_Lastname' is present

28-08-2024T19:29:30 - [MESSAGE][PASSED] - Text 'Christine' is set on object 'Object Repository/IWP30/Page_ACHPersonalPaymentEntry/txt_Lastname'

28-08-2024T19:29:31 - [MESSAGE][PASSED] - Object 'Object Repository/IWP30/Page_ACHPersonalPaymentEntry/txt_routingNumber' is present

28-08-2024T19:29:32 - [MESSAGE][PASSED] - Text '256072691' is set on object 'Object Repository/IWP30/Page_ACHPersonalPaymentEntry/txt_routingNumber'

28-08-2024T19:29:33 - [MESSAGE][PASSED] - Object 'Object Repository/IWP30/Page_ACHPersonalPaymentEntry/txt_accountNumber' is present

28-08-2024T19:29:35 - [MESSAGE][PASSED] - Text '12344444' is set on object 'Object Repository/IWP30/Page_ACHPersonalPaymentEntry/txt_accountNumber'

28-08-2024T19:29:35 - [MESSAGE][PASSED] - Object 'Object Repository/IWP30/Page_ACHPersonalPaymentEntry/txt_confirmAccountNumber' is present

28-08-2024T19:29:36 - [MESSAGE][PASSED] - Text '12344444' is set on object 'Object Repository/IWP30/Page_ACHPersonalPaymentEntry/txt_confirmAccountNumber'

28-08-2024T19:29:36 - [MESSAGE][PASSED] - Object 'Object Repository/IWP30/Page_ACHPersonalPaymentEntry/rd_accountType' is present

28-08-2024T19:29:36 - [MESSAGE][PASSED] - Modify property of object successfully

28-08-2024T19:29:36 - [MESSAGE][PASSED] - Object: 'Object Repository/IWP30/Page_ACHPersonalPaymentEntry/rd_accountType' is clicked on

28-08-2024T19:29:37 - [MESSAGE][PASSED] - Object 'Object Repository/IWP30/Page_ACHPersonalPaymentEntry/txt_Email' is present

28-08-2024T19:29:37 - [MESSAGE][PASSED] - Object 'Object Repository/IWP30/Page_ACHPersonalPaymentEntry/cb_TermsAndCond' is present

28-08-2024T19:29:37 - [MESSAGE][PASSED] - Object: 'Object Repository/IWP30/Page_ACHPersonalPaymentEntry/cb_TermsAndCond' is clicked on

28-08-2024T19:29:37 - [MESSAGE][PASSED] - Object 'Object Repository/IWP30/Page_ACHPersonalPaymentEntry/btn_Continue' is present

28-08-2024T19:29:40 - [MESSAGE][PASSED] - Object: 'Object Repository/IWP30/Page_ACHPersonalPaymentEntry/btn_Continue' is clicked on

28-08-2024T19:29:40 - [MESSAGE][PASSED] - iwpPages.achPersonalPaymentEntryPage.setDataACHPPM is PASSED

28-08-2024T19:29:40 - [TEST_STEP][PASSED] - click(findTestObject("Object Repository/IWP30/Page_Confirmation/ConfirmButton")): Object: 'Object Repository/IWP30/Page_Confirmation/ConfirmButton' is clicked on

28-08-2024T19:29:42 - [MESSAGE][PASSED] - Object: 'Object Repository/IWP30/Page_Confirmation/ConfirmButton' is clicked on

28-08-2024T19:29:42 - [TEST_STEP][PASSED] - Thread.sleep(10000): null

28-08-2024T19:29:52 - [TEST_STEP][PASSED] - if (verifyTextPresent("Successful Payment Receipt", false)): null

28-08-2024T19:29:53 - [MESSAGE][PASSED] - Text 'Successful Payment Receipt' is present on page 

28-08-2024T19:29:53 - [TEST_STEP][PASSED] - println("Successful Payment Receipt text is present on the Receipt page"): null

28-08-2024T19:29:53 - [TEST_STEP][PASSED] - markPassed("Successful Payment Receipt text is present on the Receipt page"): Successful Payment Receipt text is present on the Receipt page

28-08-2024T19:29:53 - [MESSAGE][PASSED] - Successful Payment Receipt text is present on the Receipt page

28-08-2024T19:29:53 - [TEST_STEP][PASSED] - resText = "Pass": null

28-08-2024T19:29:53 - [TEST_STEP][PASSED] - pages.WriteExcel.demoKey(resText, datText, resColumn, datCloumn, fileLoc, nameSheet, row): pages.WriteExcel.demoKey is PASSED

28-08-2024T19:29:53 - [MESSAGE][PASSED] - pages.WriteExcel.demoKey is PASSED

28-08-2024T19:29:53 - [TEST_STEP][PASSED] - closeBrowser(): Browser is closed

28-08-2024T19:29:54 - [MESSAGE][PASSED] - Browser is closed]]></system-out>
         <system-err><![CDATA[]]></system-err>
      </testcase>
      <testcase name="Test Cases/IntegratedWeb/IWP25/Payments/PayNowCorpDCF" time="234.261" classname="Test Cases/IntegratedWeb/IWP25/Payments/PayNowCorpDCF" status="PASSED">
         <system-out><![CDATA[28-08-2024T19:29:54 - [TEST_CASE][PASSED] - Test Cases/IntegratedWeb/IWP25/Payments/PayNowCorpDCF: Test Cases/IntegratedWeb/IWP25/Payments/PayNowCorpDCF

28-08-2024T19:29:54 - [TEST_STEP][PASSED] - resText = "Fail": null

28-08-2024T19:29:54 - [TEST_STEP][PASSED] - resColumn = "Result": null

28-08-2024T19:29:54 - [TEST_STEP][PASSED] - datCloumn = "Date": null

28-08-2024T19:29:54 - [TEST_STEP][PASSED] - fileLoc = "KatalonData/IWPTestData/VRelay25Payments.xlsx": null

28-08-2024T19:29:54 - [TEST_STEP][PASSED] - numOfRows = <not implemented yet for class: org.codehaus.groovy.ast.expr.EmptyExpression>: null

28-08-2024T19:29:54 - [TEST_STEP][PASSED] - dataFile = <not implemented yet for class: org.codehaus.groovy.ast.expr.EmptyExpression>: null

28-08-2024T19:29:54 - [TEST_STEP][PASSED] - nameSheet = <not implemented yet for class: org.codehaus.groovy.ast.expr.EmptyExpression>: null

28-08-2024T19:29:54 - [TEST_STEP][PASSED] - dataFileEmulator = <not implemented yet for class: org.codehaus.groovy.ast.expr.EmptyExpression>: null

28-08-2024T19:29:54 - [TEST_STEP][PASSED] - isRequiredTextPresent = false: null

28-08-2024T19:29:54 - [TEST_STEP][PASSED] - nameSheet = "PayNowCorpDCF": null

28-08-2024T19:29:54 - [TEST_STEP][PASSED] - dataFile = "IWPTestData/IWP25PayNowCorpDCF": null

28-08-2024T19:29:54 - [TEST_STEP][PASSED] - dataFileEmulator = "IWPTestData/EmulatorData": null

28-08-2024T19:29:54 - [TEST_STEP][PASSED] - numOfRows = findTestData(dataFile).getRowNumbers(): null

28-08-2024T19:29:55 - [TEST_STEP][PASSED] - println("Number of Records: " + numOfRows): null

28-08-2024T19:29:55 - [TEST_STEP][PASSED] - for ([row = 1, row <= numOfRows, (row++)]): Browser is closed

28-08-2024T19:29:55 - [TEST_STEP][PASSED] - ExecuteTC = findTestData(dataFile).getValue("Execute", row): null

28-08-2024T19:29:55 - [TEST_STEP][PASSED] - out.println("Value of Execute is : " + ExecuteTC): null

28-08-2024T19:29:55 - [TEST_STEP][PASSED] - if (ExecuteTC.equalsIgnoreCase("Y")): null

28-08-2024T19:29:55 - [TEST_STEP][PASSED] - out.println("Begin Record Number: " + row): null

28-08-2024T19:29:55 - [TEST_STEP][PASSED] - today = new java.util.Date(): null

28-08-2024T19:29:55 - [TEST_STEP][PASSED] - println(today): null

28-08-2024T19:29:55 - [TEST_STEP][PASSED] - datText = today: null

28-08-2024T19:29:55 - [TEST_STEP][PASSED] - EmulatorDataKey = findTestData(dataFile).getValue("EmulatorData", row): null

28-08-2024T19:29:55 - [TEST_STEP][PASSED] - out.println("Value of Emulator Key is : " + EmulatorDataKey): null

28-08-2024T19:29:55 - [TEST_STEP][PASSED] - iwpPages.emulatorIWP30.setDataEmulator_DD(EmulatorDataKey): iwpPages.emulatorIWP30.setDataEmulator_DD is PASSED

28-08-2024T19:29:55 - [MESSAGE][INFO] - Starting 'Edge Chromium' driver

28-08-2024T19:29:55 - [MESSAGE][INFO] - User set preference: ['acceptInsecureCerts', 'true']

28-08-2024T19:29:58 - [MESSAGE][INFO] - Action delay is set to 0 milliseconds

28-08-2024T19:30:04 - [MESSAGE][PASSED] - Browser is opened with url: 'https://qa2.velocitypayment.com/agency/config.do?action=editor&message_version=2_5'

28-08-2024T19:30:04 - [MESSAGE][PASSED] - Current window maximized

28-08-2024T19:30:05 - [MESSAGE][PASSED] - All options with value '2.5' are selected in object 'Object Repository/IWP30/Page_VRelay30Emulator/MV'  using regular expression

28-08-2024T19:30:06 - [MESSAGE][PASSED] - Text '10.50' is set on object 'Object Repository/IWP30/Page_VRelay30Emulator/Amount'

28-08-2024T19:30:06 - [MESSAGE][PASSED] - Text '26413414' is set on object 'Object Repository/IWP30/Page_VRelay30Emulator/CAN'

28-08-2024T19:30:07 - [MESSAGE][PASSED] - Text 'PayNow' is set on object 'Object Repository/IWP30/Page_VRelay30Emulator/Action'

28-08-2024T19:30:10 - [MESSAGE][PASSED] - Text 'en_US' is set on object 'Object Repository/IWP30/Page_VRelay30Emulator/Lang'

28-08-2024T19:30:10 - [MESSAGE][PASSED] - Text '' is set on object 'Object Repository/IWP30/Page_VRelay30Emulator/Fname'

28-08-2024T19:30:11 - [MESSAGE][PASSED] - Text '' is set on object 'Object Repository/IWP30/Page_VRelay30Emulator/Lname'

28-08-2024T19:30:12 - [MESSAGE][PASSED] - Text '' is set on object 'Object Repository/IWP30/Page_VRelay30Emulator/AL1'

28-08-2024T19:30:12 - [MESSAGE][PASSED] - Text '' is set on object 'Object Repository/IWP30/Page_VRelay30Emulator/AL2'

28-08-2024T19:30:13 - [MESSAGE][PASSED] - Text '' is set on object 'Object Repository/IWP30/Page_VRelay30Emulator/Country'

28-08-2024T19:30:14 - [MESSAGE][PASSED] - Text '' is set on object 'Object Repository/IWP30/Page_VRelay30Emulator/City'

28-08-2024T19:30:16 - [MESSAGE][PASSED] - Text '' is set on object 'Object Repository/IWP30/Page_VRelay30Emulator/State'

28-08-2024T19:30:17 - [MESSAGE][PASSED] - Text '' is set on object 'Object Repository/IWP30/Page_VRelay30Emulator/ZIP'

28-08-2024T19:30:18 - [MESSAGE][PASSED] - Text '' is set on object 'Object Repository/IWP30/Page_VRelay30Emulator/Order'

28-08-2024T19:30:18 - [MESSAGE][PASSED] - Text '' is set on object 'Object Repository/IWP30/Page_VRelay30Emulator/Company'

28-08-2024T19:30:19 - [MESSAGE][PASSED] - Text '' is set on object 'Object Repository/IWP30/Page_VRelay30Emulator/Email'

28-08-2024T19:30:19 - [MESSAGE][PASSED] - Text '' is set on object 'Object Repository/IWP30/Page_VRelay30Emulator/UDF1'

28-08-2024T19:30:20 - [MESSAGE][PASSED] - Text '' is set on object 'Object Repository/IWP30/Page_VRelay30Emulator/UDF2'

28-08-2024T19:30:22 - [MESSAGE][PASSED] - Text '' is set on object 'Object Repository/IWP30/Page_VRelay30Emulator/UDF3'

28-08-2024T19:30:23 - [MESSAGE][PASSED] - Text 'udf data 4' is set on object 'Object Repository/IWP30/Page_VRelay30Emulator/UDF4'

28-08-2024T19:30:24 - [MESSAGE][PASSED] - Text 'udf data 5' is set on object 'Object Repository/IWP30/Page_VRelay30Emulator/UDF5'

28-08-2024T19:30:25 - [MESSAGE][PASSED] - Text '' is set on object 'Object Repository/IWP30/Page_VRelay30Emulator/UDF6'

28-08-2024T19:30:25 - [MESSAGE][PASSED] - Text '' is set on object 'Object Repository/IWP30/Page_VRelay30Emulator/UDF7'

28-08-2024T19:30:26 - [MESSAGE][PASSED] - Text '' is set on object 'Object Repository/IWP30/Page_VRelay30Emulator/UDF8'

28-08-2024T19:30:26 - [MESSAGE][PASSED] - Text 'udf data 9' is set on object 'Object Repository/IWP30/Page_VRelay30Emulator/UDF9'

28-08-2024T19:30:27 - [MESSAGE][PASSED] - Text 'udf data 10' is set on object 'Object Repository/IWP30/Page_VRelay30Emulator/UDF10'

28-08-2024T19:30:30 - [MESSAGE][PASSED] - Object: 'Object Repository/IWP30/Page_VRelay30Emulator/Submit' is clicked on

28-08-2024T19:30:37 - [MESSAGE][PASSED] - Browser is closed

28-08-2024T19:30:41 - [MESSAGE][PASSED] - iwpPages.emulatorIWP30.setDataEmulator_DD is PASSED

28-08-2024T19:30:41 - [TEST_STEP][PASSED] - testHarnessURL = urlTestHarness: null

28-08-2024T19:30:41 - [TEST_STEP][PASSED] - openBrowser(testHarnessURL): Browser is opened with url: 'https://dev-algorithm.govolution.com/vrelaytest/QA2/version_2_2/vrelaytest.html'

28-08-2024T19:30:41 - [MESSAGE][INFO] - Starting 'Edge Chromium' driver

28-08-2024T19:30:41 - [MESSAGE][INFO] - User set preference: ['acceptInsecureCerts', 'true']

28-08-2024T19:30:43 - [MESSAGE][INFO] - Action delay is set to 0 milliseconds

28-08-2024T19:30:50 - [MESSAGE][PASSED] - Browser is opened with url: 'https://dev-algorithm.govolution.com/vrelaytest/QA2/version_2_2/vrelaytest.html'

28-08-2024T19:30:50 - [TEST_STEP][PASSED] - maximizeWindow(): Current window maximized

28-08-2024T19:30:51 - [MESSAGE][PASSED] - Current window maximized

28-08-2024T19:30:51 - [TEST_STEP][PASSED] - iwpPages.TestHarnessPage.setDataMethod(row, dataFile): iwpPages.TestHarnessPage.setDataMethod is PASSED

28-08-2024T19:30:51 - [MESSAGE][PASSED] - Object 'Object Repository/IWP30/Page_QATestHarness/RemittanceID' is present

28-08-2024T19:30:52 - [MESSAGE][PASSED] - Text '640' is set on object 'Object Repository/IWP30/Page_QATestHarness/ApplicationID'

28-08-2024T19:30:52 - [MESSAGE][PASSED] - Text '2.5' is set on object 'Object Repository/IWP30/Page_QATestHarness/MessageVersion'

28-08-2024T19:30:53 - [MESSAGE][PASSED] - Text 'G7RVm24npd8P' is set on object 'Object Repository/IWP30/Page_QATestHarness/RemittanceID'

28-08-2024T19:30:58 - [MESSAGE][PASSED] - Object: 'Object Repository/IWP30/Page_QATestHarness/SubmitButton' is clicked on

28-08-2024T19:30:58 - [MESSAGE][PASSED] - iwpPages.TestHarnessPage.setDataMethod is PASSED

28-08-2024T19:30:58 - [TEST_STEP][PASSED] - click(findTestObject("Object Repository/IWP30/Page_SelectPaymentMethod/PayByCorporateCheck")): Object: 'Object Repository/IWP30/Page_SelectPaymentMethod/PayByCorporateCheck' is clicked on

28-08-2024T19:30:58 - [MESSAGE][PASSED] - Object: 'Object Repository/IWP30/Page_SelectPaymentMethod/PayByCorporateCheck' is clicked on

28-08-2024T19:30:58 - [TEST_STEP][PASSED] - click(findTestObject("Object Repository/IWP30/Page_SelectPaymentMethod/MakePaymentButton")): Object: 'Object Repository/IWP30/Page_SelectPaymentMethod/MakePaymentButton' is clicked on

28-08-2024T19:31:01 - [MESSAGE][PASSED] - Object: 'Object Repository/IWP30/Page_SelectPaymentMethod/MakePaymentButton' is clicked on

28-08-2024T19:31:01 - [TEST_STEP][PASSED] - iwpPages.achCorporatePaymentEntryPage.setDataCorporate(row, dataFile): iwpPages.achCorporatePaymentEntryPage.setDataCorporate is PASSED

28-08-2024T19:31:03 - [MESSAGE][PASSED] - Object 'Object Repository/IWP30/Page_ACHCorporatePaymentEntry/txt_accountNumber' is present

28-08-2024T19:31:03 - [MESSAGE][PASSED] - Object 'Object Repository/IWP30/Page_ACHCorporatePaymentEntry/input_CompanyName' is present

28-08-2024T19:31:05 - [MESSAGE][PASSED] - Text 'My Company' is set on object 'Object Repository/IWP30/Page_ACHCorporatePaymentEntry/input_CompanyName'

28-08-2024T19:31:05 - [MESSAGE][PASSED] - Object 'Object Repository/IWP30/Page_ACHCorporatePaymentEntry/input_EIN' is present

28-08-2024T19:31:05 - [MESSAGE][PASSED] - Text '123456789' is set on object 'Object Repository/IWP30/Page_ACHCorporatePaymentEntry/input_EIN'

28-08-2024T19:31:06 - [MESSAGE][PASSED] - Text '10.50' is set on object 'Object Repository/IWP30/Page_ACHCorporatePaymentEntry/txt_Amount'

28-08-2024T19:31:07 - [MESSAGE][PASSED] - Text 'udf data 2' is set on object 'Object Repository/IWP30/Page_ACHCorporatePaymentEntry/txt_UDF2'

28-08-2024T19:31:07 - [MESSAGE][PASSED] - Text 'udf data 3' is set on object 'Object Repository/IWP30/Page_ACHCorporatePaymentEntry/txt_UDF3'

28-08-2024T19:31:08 - [MESSAGE][PASSED] - All options with label 'Orange' are selected in object 'Object Repository/IWP30/Page_ACHCorporatePaymentEntry/dd_UDF7' 

28-08-2024T19:31:09 - [MESSAGE][PASSED] - All options with label 'Soccer' are selected in object 'Object Repository/IWP30/Page_ACHCorporatePaymentEntry/dd_UDF8' 

28-08-2024T19:31:10 - [MESSAGE][PASSED] - Object 'Object Repository/IWP30/Page_ACHCorporatePaymentEntry/txt_routingNumber' is present

28-08-2024T19:31:11 - [MESSAGE][PASSED] - Text '256072691' is set on object 'Object Repository/IWP30/Page_ACHCorporatePaymentEntry/txt_routingNumber'

28-08-2024T19:31:11 - [MESSAGE][PASSED] - Object 'Object Repository/IWP30/Page_ACHCorporatePaymentEntry/txt_accountNumber' is present

28-08-2024T19:31:13 - [MESSAGE][PASSED] - Text '12344444' is set on object 'Object Repository/IWP30/Page_ACHCorporatePaymentEntry/txt_accountNumber'

28-08-2024T19:31:13 - [MESSAGE][PASSED] - Object 'Object Repository/IWP30/Page_ACHCorporatePaymentEntry/txt_confirmAccountNumber' is present

28-08-2024T19:31:14 - [MESSAGE][PASSED] - Text '12344444' is set on object 'Object Repository/IWP30/Page_ACHCorporatePaymentEntry/txt_confirmAccountNumber'

28-08-2024T19:31:14 - [MESSAGE][PASSED] - Text '365 Main Avenue' is set on object 'Object Repository/IWP30/Page_ACHCorporatePaymentEntry/txt_AL1'

28-08-2024T19:31:15 - [MESSAGE][PASSED] - Text '22201' is set on object 'Object Repository/IWP30/Page_ACHCorporatePaymentEntry/txt_ZIP'

28-08-2024T19:31:15 - [MESSAGE][PASSED] - Object 'Object Repository/IWP30/Page_ACHCorporatePaymentEntry/txt_Email' is present

28-08-2024T19:31:19 - [MESSAGE][PASSED] - Text 'iahmed@govolution.com' is set on object 'Object Repository/IWP30/Page_ACHCorporatePaymentEntry/txt_Email'

28-08-2024T19:31:20 - [MESSAGE][PASSED] - Object 'Object Repository/IWP30/Page_ACHCorporatePaymentEntry/cb_TermsAndCond' is present

28-08-2024T19:31:20 - [MESSAGE][PASSED] - Object: 'Object Repository/IWP30/Page_ACHCorporatePaymentEntry/cb_TermsAndCond' is clicked on

28-08-2024T19:31:20 - [MESSAGE][PASSED] - Object 'Object Repository/IWP30/Page_ACHCorporatePaymentEntry/btn_Continue' is present

28-08-2024T19:31:22 - [MESSAGE][PASSED] - Object: 'Object Repository/IWP30/Page_ACHCorporatePaymentEntry/btn_Continue' is clicked on

28-08-2024T19:31:22 - [MESSAGE][PASSED] - iwpPages.achCorporatePaymentEntryPage.setDataCorporate is PASSED

28-08-2024T19:31:22 - [TEST_STEP][PASSED] - click(findTestObject("Object Repository/IWP30/Page_Confirmation/ConfirmButton")): Object: 'Object Repository/IWP30/Page_Confirmation/ConfirmButton' is clicked on

28-08-2024T19:31:25 - [MESSAGE][PASSED] - Object: 'Object Repository/IWP30/Page_Confirmation/ConfirmButton' is clicked on

28-08-2024T19:31:25 - [TEST_STEP][PASSED] - Thread.sleep(5000): null

28-08-2024T19:31:30 - [TEST_STEP][PASSED] - println("I am on real estate page"): null

28-08-2024T19:31:30 - [TEST_STEP][PASSED] - if (verifyTextPresent("Make a Real Estate Payment", false)): null

28-08-2024T19:31:31 - [MESSAGE][PASSED] - Text 'Make a Real Estate Payment' is present on page 

28-08-2024T19:31:31 - [TEST_STEP][PASSED] - isRequiredTextPresent = true: null

28-08-2024T19:31:31 - [TEST_STEP][PASSED] - println(isRequiredTextPresent): null

28-08-2024T19:31:31 - [TEST_STEP][PASSED] - if (isRequiredTextPresent): null

28-08-2024T19:31:31 - [TEST_STEP][PASSED] - if (verifyTextPresent("This transaction is subject to a Convenience Fees of $2.00.", false)): null

28-08-2024T19:31:32 - [MESSAGE][PASSED] - Text 'This transaction is subject to a Convenience Fees of $2.00.' is present on page 

28-08-2024T19:31:32 - [TEST_STEP][PASSED] - isRequiredTextPresent = true: null

28-08-2024T19:31:32 - [TEST_STEP][PASSED] - println(isRequiredTextPresent): null

28-08-2024T19:31:32 - [TEST_STEP][PASSED] - if (isRequiredTextPresent): null

28-08-2024T19:31:32 - [TEST_STEP][PASSED] - if (verifyTextPresent("Payment Amount:  $10.50", false)): null

28-08-2024T19:31:32 - [MESSAGE][PASSED] - Text 'Payment Amount:  $10.50' is present on page 

28-08-2024T19:31:32 - [TEST_STEP][PASSED] - isRequiredTextPresent = true: null

28-08-2024T19:31:32 - [TEST_STEP][PASSED] - if (isRequiredTextPresent): null

28-08-2024T19:31:32 - [TEST_STEP][PASSED] - if (verifyTextPresent("Convenience Fees:  $2.00", false)): null

28-08-2024T19:31:32 - [MESSAGE][PASSED] - Text 'Convenience Fees:  $2.00' is present on page 

28-08-2024T19:31:32 - [TEST_STEP][PASSED] - isRequiredTextPresent = true: null

28-08-2024T19:31:32 - [TEST_STEP][PASSED] - if (isRequiredTextPresent): null

28-08-2024T19:31:32 - [TEST_STEP][PASSED] - if (verifyTextPresent("Total Amount:  $12.50", false)): null

28-08-2024T19:31:32 - [MESSAGE][PASSED] - Text 'Total Amount:  $12.50' is present on page 

28-08-2024T19:31:32 - [TEST_STEP][PASSED] - isRequiredTextPresent = true: null

28-08-2024T19:31:32 - [TEST_STEP][PASSED] - if (isRequiredTextPresent): null

28-08-2024T19:31:32 - [TEST_STEP][PASSED] - if (verifyTextPresent("Two transactions will appear on your bank statement, one in the amount of $10.50 and one in the amount of $2.00.", false)): null

28-08-2024T19:31:33 - [MESSAGE][PASSED] - Text 'Two transactions will appear on your bank statement, one in the amount of $10.50 and one in the amount of $2.00.' is present on page 

28-08-2024T19:31:33 - [TEST_STEP][PASSED] - isRequiredTextPresent = true: null

28-08-2024T19:31:33 - [TEST_STEP][PASSED] - Thread.sleep(10000): null

28-08-2024T19:31:43 - [TEST_STEP][PASSED] - click(findTestObject("Object Repository/IWP30/Page_ConvenienceFees/btn_convFeeNotifyAction")): Object: 'Object Repository/IWP30/Page_ConvenienceFees/btn_convFeeNotifyAction' is clicked on

28-08-2024T19:31:46 - [MESSAGE][PASSED] - Object: 'Object Repository/IWP30/Page_ConvenienceFees/btn_convFeeNotifyAction' is clicked on

28-08-2024T19:31:46 - [TEST_STEP][PASSED] - Thread.sleep(10000): null

28-08-2024T19:31:56 - [TEST_STEP][PASSED] - if (verifyTextPresent("Successful Payment Receipt", false)): null

28-08-2024T19:31:57 - [MESSAGE][PASSED] - Text 'Successful Payment Receipt' is present on page 

28-08-2024T19:31:57 - [TEST_STEP][PASSED] - println("Successful Payment Receipt text is present on the Receipt page"): null

28-08-2024T19:31:57 - [TEST_STEP][PASSED] - markPassed("Successful Payment Receipt text is present on the Receipt page"): Successful Payment Receipt text is present on the Receipt page

28-08-2024T19:31:57 - [MESSAGE][PASSED] - Successful Payment Receipt text is present on the Receipt page

28-08-2024T19:31:57 - [TEST_STEP][PASSED] - resText = "Pass": null

28-08-2024T19:31:57 - [TEST_STEP][PASSED] - pages.WriteExcel.demoKey(resText, datText, resColumn, datCloumn, fileLoc, nameSheet, row): pages.WriteExcel.demoKey is PASSED

28-08-2024T19:31:58 - [MESSAGE][PASSED] - pages.WriteExcel.demoKey is PASSED

28-08-2024T19:31:58 - [TEST_STEP][PASSED] - closeBrowser(): Browser is closed

28-08-2024T19:31:59 - [MESSAGE][PASSED] - Browser is closed

28-08-2024T19:31:59 - [TEST_STEP][PASSED] - ExecuteTC = findTestData(dataFile).getValue("Execute", row): null

28-08-2024T19:31:59 - [TEST_STEP][PASSED] - out.println("Value of Execute is : " + ExecuteTC): null

28-08-2024T19:31:59 - [TEST_STEP][PASSED] - if (ExecuteTC.equalsIgnoreCase("Y")): null

28-08-2024T19:31:59 - [TEST_STEP][PASSED] - out.println("Begin Record Number: " + row): null

28-08-2024T19:31:59 - [TEST_STEP][PASSED] - today = new java.util.Date(): null

28-08-2024T19:31:59 - [TEST_STEP][PASSED] - println(today): null

28-08-2024T19:31:59 - [TEST_STEP][PASSED] - datText = today: null

28-08-2024T19:31:59 - [TEST_STEP][PASSED] - EmulatorDataKey = findTestData(dataFile).getValue("EmulatorData", row): null

28-08-2024T19:31:59 - [TEST_STEP][PASSED] - out.println("Value of Emulator Key is : " + EmulatorDataKey): null

28-08-2024T19:31:59 - [TEST_STEP][PASSED] - iwpPages.emulatorIWP30.setDataEmulator_DD(EmulatorDataKey): iwpPages.emulatorIWP30.setDataEmulator_DD is PASSED

28-08-2024T19:31:59 - [MESSAGE][INFO] - Starting 'Edge Chromium' driver

28-08-2024T19:31:59 - [MESSAGE][INFO] - User set preference: ['acceptInsecureCerts', 'true']

28-08-2024T19:32:02 - [MESSAGE][INFO] - Action delay is set to 0 milliseconds

28-08-2024T19:32:08 - [MESSAGE][PASSED] - Browser is opened with url: 'https://qa2.velocitypayment.com/agency/config.do?action=editor&message_version=2_5'

28-08-2024T19:32:08 - [MESSAGE][PASSED] - Current window maximized

28-08-2024T19:32:09 - [MESSAGE][PASSED] - All options with value '2.5' are selected in object 'Object Repository/IWP30/Page_VRelay30Emulator/MV'  using regular expression

28-08-2024T19:32:09 - [MESSAGE][PASSED] - Text '10.50' is set on object 'Object Repository/IWP30/Page_VRelay30Emulator/Amount'

28-08-2024T19:32:10 - [MESSAGE][PASSED] - Text '26413255' is set on object 'Object Repository/IWP30/Page_VRelay30Emulator/CAN'

28-08-2024T19:32:11 - [MESSAGE][PASSED] - Text 'PayNow' is set on object 'Object Repository/IWP30/Page_VRelay30Emulator/Action'

28-08-2024T19:32:11 - [MESSAGE][PASSED] - Text 'en_US' is set on object 'Object Repository/IWP30/Page_VRelay30Emulator/Lang'

28-08-2024T19:32:14 - [MESSAGE][PASSED] - Text 'Jasmine' is set on object 'Object Repository/IWP30/Page_VRelay30Emulator/Fname'

28-08-2024T19:32:15 - [MESSAGE][PASSED] - Text 'Patrinol' is set on object 'Object Repository/IWP30/Page_VRelay30Emulator/Lname'

28-08-2024T19:32:15 - [MESSAGE][PASSED] - Text '258 Underwood rd' is set on object 'Object Repository/IWP30/Page_VRelay30Emulator/AL1'

28-08-2024T19:32:16 - [MESSAGE][PASSED] - Text 'Suite 600' is set on object 'Object Repository/IWP30/Page_VRelay30Emulator/AL2'

28-08-2024T19:32:16 - [MESSAGE][PASSED] - Text '840' is set on object 'Object Repository/IWP30/Page_VRelay30Emulator/Country'

28-08-2024T19:32:17 - [MESSAGE][PASSED] - Text 'Arlington' is set on object 'Object Repository/IWP30/Page_VRelay30Emulator/City'

28-08-2024T19:32:18 - [MESSAGE][PASSED] - Text 'VA' is set on object 'Object Repository/IWP30/Page_VRelay30Emulator/State'

28-08-2024T19:32:19 - [MESSAGE][PASSED] - Text '22201' is set on object 'Object Repository/IWP30/Page_VRelay30Emulator/ZIP'

28-08-2024T19:32:21 - [MESSAGE][PASSED] - Text '' is set on object 'Object Repository/IWP30/Page_VRelay30Emulator/Order'

28-08-2024T19:32:21 - [MESSAGE][PASSED] - Text 'Some Company' is set on object 'Object Repository/IWP30/Page_VRelay30Emulator/Company'

28-08-2024T19:32:22 - [MESSAGE][PASSED] - Text 'iahmed@govolution.com' is set on object 'Object Repository/IWP30/Page_VRelay30Emulator/Email'

28-08-2024T19:32:22 - [MESSAGE][PASSED] - Text 'udf data 1' is set on object 'Object Repository/IWP30/Page_VRelay30Emulator/UDF1'

28-08-2024T19:32:23 - [MESSAGE][PASSED] - Text 'udf data 2' is set on object 'Object Repository/IWP30/Page_VRelay30Emulator/UDF2'

28-08-2024T19:32:24 - [MESSAGE][PASSED] - Text 'udf data 3' is set on object 'Object Repository/IWP30/Page_VRelay30Emulator/UDF3'

28-08-2024T19:32:24 - [MESSAGE][PASSED] - Text 'udf data 4' is set on object 'Object Repository/IWP30/Page_VRelay30Emulator/UDF4'

28-08-2024T19:32:26 - [MESSAGE][PASSED] - Text 'udf data 5' is set on object 'Object Repository/IWP30/Page_VRelay30Emulator/UDF5'

28-08-2024T19:32:27 - [MESSAGE][PASSED] - Text 'udf data 6' is set on object 'Object Repository/IWP30/Page_VRelay30Emulator/UDF6'

28-08-2024T19:32:28 - [MESSAGE][PASSED] - Text 'Orange' is set on object 'Object Repository/IWP30/Page_VRelay30Emulator/UDF7'

28-08-2024T19:32:28 - [MESSAGE][PASSED] - Text 'Soccer' is set on object 'Object Repository/IWP30/Page_VRelay30Emulator/UDF8'

28-08-2024T19:32:29 - [MESSAGE][PASSED] - Text 'udf data 9' is set on object 'Object Repository/IWP30/Page_VRelay30Emulator/UDF9'

28-08-2024T19:32:30 - [MESSAGE][PASSED] - Text 'udf data 10' is set on object 'Object Repository/IWP30/Page_VRelay30Emulator/UDF10'

28-08-2024T19:32:31 - [MESSAGE][PASSED] - Object: 'Object Repository/IWP30/Page_VRelay30Emulator/Submit' is clicked on

28-08-2024T19:32:35 - [MESSAGE][PASSED] - Browser is closed

28-08-2024T19:32:40 - [MESSAGE][PASSED] - iwpPages.emulatorIWP30.setDataEmulator_DD is PASSED

28-08-2024T19:32:40 - [TEST_STEP][PASSED] - testHarnessURL = urlTestHarness: null

28-08-2024T19:32:40 - [TEST_STEP][PASSED] - openBrowser(testHarnessURL): Browser is opened with url: 'https://dev-algorithm.govolution.com/vrelaytest/QA2/version_2_2/vrelaytest.html'

28-08-2024T19:32:40 - [MESSAGE][INFO] - Starting 'Edge Chromium' driver

28-08-2024T19:32:40 - [MESSAGE][INFO] - User set preference: ['acceptInsecureCerts', 'true']

28-08-2024T19:32:42 - [MESSAGE][INFO] - Action delay is set to 0 milliseconds

28-08-2024T19:32:48 - [MESSAGE][PASSED] - Browser is opened with url: 'https://dev-algorithm.govolution.com/vrelaytest/QA2/version_2_2/vrelaytest.html'

28-08-2024T19:32:48 - [TEST_STEP][PASSED] - maximizeWindow(): Current window maximized

28-08-2024T19:32:48 - [MESSAGE][PASSED] - Current window maximized

28-08-2024T19:32:48 - [TEST_STEP][PASSED] - iwpPages.TestHarnessPage.setDataMethod(row, dataFile): iwpPages.TestHarnessPage.setDataMethod is PASSED

28-08-2024T19:32:48 - [MESSAGE][PASSED] - Object 'Object Repository/IWP30/Page_QATestHarness/RemittanceID' is present

28-08-2024T19:32:49 - [MESSAGE][PASSED] - Text '640' is set on object 'Object Repository/IWP30/Page_QATestHarness/ApplicationID'

28-08-2024T19:32:50 - [MESSAGE][PASSED] - Text '2.5' is set on object 'Object Repository/IWP30/Page_QATestHarness/MessageVersion'

28-08-2024T19:32:50 - [MESSAGE][PASSED] - Text '5gmqWjwdephB' is set on object 'Object Repository/IWP30/Page_QATestHarness/RemittanceID'

28-08-2024T19:32:55 - [MESSAGE][PASSED] - Object: 'Object Repository/IWP30/Page_QATestHarness/SubmitButton' is clicked on

28-08-2024T19:32:55 - [MESSAGE][PASSED] - iwpPages.TestHarnessPage.setDataMethod is PASSED

28-08-2024T19:32:55 - [TEST_STEP][PASSED] - click(findTestObject("Object Repository/IWP30/Page_SelectPaymentMethod/PayByCorporateCheck")): Object: 'Object Repository/IWP30/Page_SelectPaymentMethod/PayByCorporateCheck' is clicked on

28-08-2024T19:32:56 - [MESSAGE][PASSED] - Object: 'Object Repository/IWP30/Page_SelectPaymentMethod/PayByCorporateCheck' is clicked on

28-08-2024T19:32:56 - [TEST_STEP][PASSED] - click(findTestObject("Object Repository/IWP30/Page_SelectPaymentMethod/MakePaymentButton")): Object: 'Object Repository/IWP30/Page_SelectPaymentMethod/MakePaymentButton' is clicked on

28-08-2024T19:32:59 - [MESSAGE][PASSED] - Object: 'Object Repository/IWP30/Page_SelectPaymentMethod/MakePaymentButton' is clicked on

28-08-2024T19:32:59 - [TEST_STEP][PASSED] - iwpPages.achCorporatePaymentEntryPage.setDataCorporate(row, dataFile): iwpPages.achCorporatePaymentEntryPage.setDataCorporate is PASSED

28-08-2024T19:33:02 - [MESSAGE][PASSED] - Object 'Object Repository/IWP30/Page_ACHCorporatePaymentEntry/txt_accountNumber' is present

28-08-2024T19:33:02 - [MESSAGE][PASSED] - Object 'Object Repository/IWP30/Page_ACHCorporatePaymentEntry/input_CompanyName' is present

28-08-2024T19:33:02 - [MESSAGE][PASSED] - Object 'Object Repository/IWP30/Page_ACHCorporatePaymentEntry/input_EIN' is present

28-08-2024T19:33:03 - [MESSAGE][PASSED] - Text '123456789' is set on object 'Object Repository/IWP30/Page_ACHCorporatePaymentEntry/input_EIN'

28-08-2024T19:33:04 - [MESSAGE][PASSED] - All options with label 'Soccer' are selected in object 'Object Repository/IWP30/Page_ACHCorporatePaymentEntry/dd_UDF8' 

28-08-2024T19:33:04 - [MESSAGE][PASSED] - Object 'Object Repository/IWP30/Page_ACHCorporatePaymentEntry/txt_routingNumber' is present

28-08-2024T19:33:04 - [MESSAGE][PASSED] - Text '256072691' is set on object 'Object Repository/IWP30/Page_ACHCorporatePaymentEntry/txt_routingNumber'

28-08-2024T19:33:05 - [MESSAGE][PASSED] - Object 'Object Repository/IWP30/Page_ACHCorporatePaymentEntry/txt_accountNumber' is present

28-08-2024T19:33:06 - [MESSAGE][PASSED] - Text '12344444' is set on object 'Object Repository/IWP30/Page_ACHCorporatePaymentEntry/txt_accountNumber'

28-08-2024T19:33:07 - [MESSAGE][PASSED] - Object 'Object Repository/IWP30/Page_ACHCorporatePaymentEntry/txt_confirmAccountNumber' is present

28-08-2024T19:33:08 - [MESSAGE][PASSED] - Text '12344444' is set on object 'Object Repository/IWP30/Page_ACHCorporatePaymentEntry/txt_confirmAccountNumber'

28-08-2024T19:33:08 - [MESSAGE][PASSED] - Object 'Object Repository/IWP30/Page_ACHCorporatePaymentEntry/txt_Email' is present

28-08-2024T19:33:09 - [MESSAGE][PASSED] - Object 'Object Repository/IWP30/Page_ACHCorporatePaymentEntry/cb_TermsAndCond' is present

28-08-2024T19:33:09 - [MESSAGE][PASSED] - Object: 'Object Repository/IWP30/Page_ACHCorporatePaymentEntry/cb_TermsAndCond' is clicked on

28-08-2024T19:33:09 - [MESSAGE][PASSED] - Object 'Object Repository/IWP30/Page_ACHCorporatePaymentEntry/btn_Continue' is present

28-08-2024T19:33:11 - [MESSAGE][PASSED] - Object: 'Object Repository/IWP30/Page_ACHCorporatePaymentEntry/btn_Continue' is clicked on

28-08-2024T19:33:11 - [MESSAGE][PASSED] - iwpPages.achCorporatePaymentEntryPage.setDataCorporate is PASSED

28-08-2024T19:33:11 - [TEST_STEP][PASSED] - click(findTestObject("Object Repository/IWP30/Page_Confirmation/ConfirmButton")): Object: 'Object Repository/IWP30/Page_Confirmation/ConfirmButton' is clicked on

28-08-2024T19:33:15 - [MESSAGE][PASSED] - Object: 'Object Repository/IWP30/Page_Confirmation/ConfirmButton' is clicked on

28-08-2024T19:33:15 - [TEST_STEP][PASSED] - Thread.sleep(5000): null

28-08-2024T19:33:20 - [TEST_STEP][PASSED] - println("I am on real estate page"): null

28-08-2024T19:33:20 - [TEST_STEP][PASSED] - if (verifyTextPresent("Make a Real Estate Payment", false)): null

28-08-2024T19:33:20 - [MESSAGE][PASSED] - Text 'Make a Real Estate Payment' is present on page 

28-08-2024T19:33:20 - [TEST_STEP][PASSED] - isRequiredTextPresent = true: null

28-08-2024T19:33:20 - [TEST_STEP][PASSED] - println(isRequiredTextPresent): null

28-08-2024T19:33:20 - [TEST_STEP][PASSED] - if (isRequiredTextPresent): null

28-08-2024T19:33:20 - [TEST_STEP][PASSED] - if (verifyTextPresent("This transaction is subject to a Convenience Fees of $2.00.", false)): null

28-08-2024T19:33:21 - [MESSAGE][PASSED] - Text 'This transaction is subject to a Convenience Fees of $2.00.' is present on page 

28-08-2024T19:33:21 - [TEST_STEP][PASSED] - isRequiredTextPresent = true: null

28-08-2024T19:33:21 - [TEST_STEP][PASSED] - println(isRequiredTextPresent): null

28-08-2024T19:33:21 - [TEST_STEP][PASSED] - if (isRequiredTextPresent): null

28-08-2024T19:33:21 - [TEST_STEP][PASSED] - if (verifyTextPresent("Payment Amount:  $10.50", false)): null

28-08-2024T19:33:21 - [MESSAGE][PASSED] - Text 'Payment Amount:  $10.50' is present on page 

28-08-2024T19:33:21 - [TEST_STEP][PASSED] - isRequiredTextPresent = true: null

28-08-2024T19:33:21 - [TEST_STEP][PASSED] - if (isRequiredTextPresent): null

28-08-2024T19:33:21 - [TEST_STEP][PASSED] - if (verifyTextPresent("Convenience Fees:  $2.00", false)): null

28-08-2024T19:33:22 - [MESSAGE][PASSED] - Text 'Convenience Fees:  $2.00' is present on page 

28-08-2024T19:33:22 - [TEST_STEP][PASSED] - isRequiredTextPresent = true: null

28-08-2024T19:33:22 - [TEST_STEP][PASSED] - if (isRequiredTextPresent): null

28-08-2024T19:33:22 - [TEST_STEP][PASSED] - if (verifyTextPresent("Total Amount:  $12.50", false)): null

28-08-2024T19:33:22 - [MESSAGE][PASSED] - Text 'Total Amount:  $12.50' is present on page 

28-08-2024T19:33:22 - [TEST_STEP][PASSED] - isRequiredTextPresent = true: null

28-08-2024T19:33:22 - [TEST_STEP][PASSED] - if (isRequiredTextPresent): null

28-08-2024T19:33:22 - [TEST_STEP][PASSED] - if (verifyTextPresent("Two transactions will appear on your bank statement, one in the amount of $10.50 and one in the amount of $2.00.", false)): null

28-08-2024T19:33:22 - [MESSAGE][PASSED] - Text 'Two transactions will appear on your bank statement, one in the amount of $10.50 and one in the amount of $2.00.' is present on page 

28-08-2024T19:33:22 - [TEST_STEP][PASSED] - isRequiredTextPresent = true: null

28-08-2024T19:33:22 - [TEST_STEP][PASSED] - Thread.sleep(10000): null

28-08-2024T19:33:32 - [TEST_STEP][PASSED] - click(findTestObject("Object Repository/IWP30/Page_ConvenienceFees/btn_convFeeNotifyAction")): Object: 'Object Repository/IWP30/Page_ConvenienceFees/btn_convFeeNotifyAction' is clicked on

28-08-2024T19:33:36 - [MESSAGE][PASSED] - Object: 'Object Repository/IWP30/Page_ConvenienceFees/btn_convFeeNotifyAction' is clicked on

28-08-2024T19:33:36 - [TEST_STEP][PASSED] - Thread.sleep(10000): null

28-08-2024T19:33:46 - [TEST_STEP][PASSED] - if (verifyTextPresent("Successful Payment Receipt", false)): null

28-08-2024T19:33:47 - [MESSAGE][PASSED] - Text 'Successful Payment Receipt' is present on page 

28-08-2024T19:33:47 - [TEST_STEP][PASSED] - println("Successful Payment Receipt text is present on the Receipt page"): null

28-08-2024T19:33:47 - [TEST_STEP][PASSED] - markPassed("Successful Payment Receipt text is present on the Receipt page"): Successful Payment Receipt text is present on the Receipt page

28-08-2024T19:33:47 - [MESSAGE][PASSED] - Successful Payment Receipt text is present on the Receipt page

28-08-2024T19:33:47 - [TEST_STEP][PASSED] - resText = "Pass": null

28-08-2024T19:33:47 - [TEST_STEP][PASSED] - pages.WriteExcel.demoKey(resText, datText, resColumn, datCloumn, fileLoc, nameSheet, row): pages.WriteExcel.demoKey is PASSED

28-08-2024T19:33:47 - [MESSAGE][PASSED] - pages.WriteExcel.demoKey is PASSED

28-08-2024T19:33:47 - [TEST_STEP][PASSED] - closeBrowser(): Browser is closed

28-08-2024T19:33:48 - [MESSAGE][PASSED] - Browser is closed]]></system-out>
         <system-err><![CDATA[]]></system-err>
      </testcase>
      <testcase name="Test Cases/IntegratedWeb/IWP25/Payments/PayNowCorporate" time="270.588" classname="Test Cases/IntegratedWeb/IWP25/Payments/PayNowCorporate" status="PASSED">
         <system-out><![CDATA[28-08-2024T19:33:48 - [TEST_CASE][PASSED] - Test Cases/IntegratedWeb/IWP25/Payments/PayNowCorporate: Test Cases/IntegratedWeb/IWP25/Payments/PayNowCorporate

28-08-2024T19:33:49 - [TEST_STEP][PASSED] - resText = "Fail": null

28-08-2024T19:33:49 - [TEST_STEP][PASSED] - resColumn = "Result": null

28-08-2024T19:33:49 - [TEST_STEP][PASSED] - datCloumn = "Date": null

28-08-2024T19:33:49 - [TEST_STEP][PASSED] - fileLoc = "KatalonData/IWPTestData/VRelay25Payments.xlsx": null

28-08-2024T19:33:49 - [TEST_STEP][PASSED] - numOfRows = <not implemented yet for class: org.codehaus.groovy.ast.expr.EmptyExpression>: null

28-08-2024T19:33:49 - [TEST_STEP][PASSED] - dataFile = <not implemented yet for class: org.codehaus.groovy.ast.expr.EmptyExpression>: null

28-08-2024T19:33:49 - [TEST_STEP][PASSED] - nameSheet = <not implemented yet for class: org.codehaus.groovy.ast.expr.EmptyExpression>: null

28-08-2024T19:33:49 - [TEST_STEP][PASSED] - dataFileEmulator = <not implemented yet for class: org.codehaus.groovy.ast.expr.EmptyExpression>: null

28-08-2024T19:33:49 - [TEST_STEP][PASSED] - nameSheet = "PayNowCorp": null

28-08-2024T19:33:49 - [TEST_STEP][PASSED] - dataFile = "IWPTestData/IWP25PayNowCorp": null

28-08-2024T19:33:49 - [TEST_STEP][PASSED] - dataFileEmulator = "IWPTestData/EmulatorData": null

28-08-2024T19:33:49 - [TEST_STEP][PASSED] - numOfRows = findTestData(dataFile).getRowNumbers(): null

28-08-2024T19:33:49 - [TEST_STEP][PASSED] - println("Number of Records: " + numOfRows): null

28-08-2024T19:33:49 - [TEST_STEP][PASSED] - for ([row = 1, row <= numOfRows, (row++)]): Browser is closed

28-08-2024T19:33:49 - [TEST_STEP][PASSED] - ExecuteTC = findTestData(dataFile).getValue("Execute", row): null

28-08-2024T19:33:49 - [TEST_STEP][PASSED] - out.println("Value of Execute is : " + ExecuteTC): null

28-08-2024T19:33:49 - [TEST_STEP][PASSED] - if (ExecuteTC.equalsIgnoreCase("Y")): null

28-08-2024T19:33:49 - [TEST_STEP][PASSED] - out.println("Begin Record Number: " + row): null

28-08-2024T19:33:49 - [TEST_STEP][PASSED] - today = new java.util.Date(): null

28-08-2024T19:33:49 - [TEST_STEP][PASSED] - println(today): null

28-08-2024T19:33:49 - [TEST_STEP][PASSED] - datText = today: null

28-08-2024T19:33:49 - [TEST_STEP][PASSED] - EmulatorDataKey = findTestData(dataFile).getValue("EmulatorData", row): null

28-08-2024T19:33:49 - [TEST_STEP][PASSED] - out.println("Value of Emulator Key is : " + EmulatorDataKey): null

28-08-2024T19:33:49 - [TEST_STEP][PASSED] - iwpPages.emulatorIWP30.setDataEmulator_DD(EmulatorDataKey): iwpPages.emulatorIWP30.setDataEmulator_DD is PASSED

28-08-2024T19:33:49 - [MESSAGE][INFO] - Starting 'Edge Chromium' driver

28-08-2024T19:33:49 - [MESSAGE][INFO] - User set preference: ['acceptInsecureCerts', 'true']

28-08-2024T19:33:52 - [MESSAGE][INFO] - Action delay is set to 0 milliseconds

28-08-2024T19:33:57 - [MESSAGE][PASSED] - Browser is opened with url: 'https://qa2.velocitypayment.com/agency/config.do?action=editor&message_version=2_5'

28-08-2024T19:33:58 - [MESSAGE][PASSED] - Current window maximized

28-08-2024T19:33:59 - [MESSAGE][PASSED] - All options with value '2.5' are selected in object 'Object Repository/IWP30/Page_VRelay30Emulator/MV'  using regular expression

28-08-2024T19:33:59 - [MESSAGE][PASSED] - Text '10.50' is set on object 'Object Repository/IWP30/Page_VRelay30Emulator/Amount'

28-08-2024T19:34:00 - [MESSAGE][PASSED] - Text '26413414' is set on object 'Object Repository/IWP30/Page_VRelay30Emulator/CAN'

28-08-2024T19:34:01 - [MESSAGE][PASSED] - Text 'PayNow' is set on object 'Object Repository/IWP30/Page_VRelay30Emulator/Action'

28-08-2024T19:34:01 - [MESSAGE][PASSED] - Text 'en_US' is set on object 'Object Repository/IWP30/Page_VRelay30Emulator/Lang'

28-08-2024T19:34:03 - [MESSAGE][PASSED] - Text '' is set on object 'Object Repository/IWP30/Page_VRelay30Emulator/Fname'

28-08-2024T19:34:04 - [MESSAGE][PASSED] - Text '' is set on object 'Object Repository/IWP30/Page_VRelay30Emulator/Lname'

28-08-2024T19:34:05 - [MESSAGE][PASSED] - Text '' is set on object 'Object Repository/IWP30/Page_VRelay30Emulator/AL1'

28-08-2024T19:34:05 - [MESSAGE][PASSED] - Text '' is set on object 'Object Repository/IWP30/Page_VRelay30Emulator/AL2'

28-08-2024T19:34:06 - [MESSAGE][PASSED] - Text '' is set on object 'Object Repository/IWP30/Page_VRelay30Emulator/Country'

28-08-2024T19:34:07 - [MESSAGE][PASSED] - Text '' is set on object 'Object Repository/IWP30/Page_VRelay30Emulator/City'

28-08-2024T19:34:07 - [MESSAGE][PASSED] - Text '' is set on object 'Object Repository/IWP30/Page_VRelay30Emulator/State'

28-08-2024T19:34:08 - [MESSAGE][PASSED] - Text '' is set on object 'Object Repository/IWP30/Page_VRelay30Emulator/ZIP'

28-08-2024T19:34:08 - [MESSAGE][PASSED] - Text '' is set on object 'Object Repository/IWP30/Page_VRelay30Emulator/Order'

28-08-2024T19:34:10 - [MESSAGE][PASSED] - Text '' is set on object 'Object Repository/IWP30/Page_VRelay30Emulator/Company'

28-08-2024T19:34:11 - [MESSAGE][PASSED] - Text '' is set on object 'Object Repository/IWP30/Page_VRelay30Emulator/Email'

28-08-2024T19:34:12 - [MESSAGE][PASSED] - Text '' is set on object 'Object Repository/IWP30/Page_VRelay30Emulator/UDF1'

28-08-2024T19:34:12 - [MESSAGE][PASSED] - Text '' is set on object 'Object Repository/IWP30/Page_VRelay30Emulator/UDF2'

28-08-2024T19:34:13 - [MESSAGE][PASSED] - Text '' is set on object 'Object Repository/IWP30/Page_VRelay30Emulator/UDF3'

28-08-2024T19:34:13 - [MESSAGE][PASSED] - Text 'udf data 4' is set on object 'Object Repository/IWP30/Page_VRelay30Emulator/UDF4'

28-08-2024T19:34:14 - [MESSAGE][PASSED] - Text 'udf data 5' is set on object 'Object Repository/IWP30/Page_VRelay30Emulator/UDF5'

28-08-2024T19:34:15 - [MESSAGE][PASSED] - Text '' is set on object 'Object Repository/IWP30/Page_VRelay30Emulator/UDF6'

28-08-2024T19:34:15 - [MESSAGE][PASSED] - Text '' is set on object 'Object Repository/IWP30/Page_VRelay30Emulator/UDF7'

28-08-2024T19:34:17 - [MESSAGE][PASSED] - Text '' is set on object 'Object Repository/IWP30/Page_VRelay30Emulator/UDF8'

28-08-2024T19:34:18 - [MESSAGE][PASSED] - Text 'udf data 9' is set on object 'Object Repository/IWP30/Page_VRelay30Emulator/UDF9'

28-08-2024T19:34:19 - [MESSAGE][PASSED] - Text 'udf data 10' is set on object 'Object Repository/IWP30/Page_VRelay30Emulator/UDF10'

28-08-2024T19:34:20 - [MESSAGE][PASSED] - Object: 'Object Repository/IWP30/Page_VRelay30Emulator/Submit' is clicked on

28-08-2024T19:34:25 - [MESSAGE][PASSED] - Browser is closed

28-08-2024T19:34:29 - [MESSAGE][PASSED] - iwpPages.emulatorIWP30.setDataEmulator_DD is PASSED

28-08-2024T19:34:29 - [TEST_STEP][PASSED] - testHarnessURL = urlTestHarness: null

28-08-2024T19:34:29 - [TEST_STEP][PASSED] - openBrowser(testHarnessURL): Browser is opened with url: 'https://dev-algorithm.govolution.com/vrelaytest/QA2/version_2_2/vrelaytest.html'

28-08-2024T19:34:29 - [MESSAGE][INFO] - Starting 'Edge Chromium' driver

28-08-2024T19:34:29 - [MESSAGE][INFO] - User set preference: ['acceptInsecureCerts', 'true']

28-08-2024T19:34:31 - [MESSAGE][INFO] - Action delay is set to 0 milliseconds

28-08-2024T19:34:37 - [MESSAGE][PASSED] - Browser is opened with url: 'https://dev-algorithm.govolution.com/vrelaytest/QA2/version_2_2/vrelaytest.html'

28-08-2024T19:34:37 - [TEST_STEP][PASSED] - maximizeWindow(): Current window maximized

28-08-2024T19:34:37 - [MESSAGE][PASSED] - Current window maximized

28-08-2024T19:34:37 - [TEST_STEP][PASSED] - iwpPages.TestHarnessPage.setDataMethod(row, dataFile): iwpPages.TestHarnessPage.setDataMethod is PASSED

28-08-2024T19:34:37 - [MESSAGE][PASSED] - Object 'Object Repository/IWP30/Page_QATestHarness/RemittanceID' is present

28-08-2024T19:34:38 - [MESSAGE][PASSED] - Text '638' is set on object 'Object Repository/IWP30/Page_QATestHarness/ApplicationID'

28-08-2024T19:34:38 - [MESSAGE][PASSED] - Text '2.5' is set on object 'Object Repository/IWP30/Page_QATestHarness/MessageVersion'

28-08-2024T19:34:39 - [MESSAGE][PASSED] - Text 'bLvNgJitk8lN' is set on object 'Object Repository/IWP30/Page_QATestHarness/RemittanceID'

28-08-2024T19:34:44 - [MESSAGE][PASSED] - Object: 'Object Repository/IWP30/Page_QATestHarness/SubmitButton' is clicked on

28-08-2024T19:34:44 - [MESSAGE][PASSED] - iwpPages.TestHarnessPage.setDataMethod is PASSED

28-08-2024T19:34:44 - [TEST_STEP][PASSED] - click(findTestObject("Object Repository/IWP30/Page_SelectPaymentMethod/PayByCorporateCheck")): Object: 'Object Repository/IWP30/Page_SelectPaymentMethod/PayByCorporateCheck' is clicked on

28-08-2024T19:34:45 - [MESSAGE][PASSED] - Object: 'Object Repository/IWP30/Page_SelectPaymentMethod/PayByCorporateCheck' is clicked on

28-08-2024T19:34:45 - [TEST_STEP][PASSED] - click(findTestObject("Object Repository/IWP30/Page_SelectPaymentMethod/MakePaymentButton")): Object: 'Object Repository/IWP30/Page_SelectPaymentMethod/MakePaymentButton' is clicked on

28-08-2024T19:34:49 - [MESSAGE][PASSED] - Object: 'Object Repository/IWP30/Page_SelectPaymentMethod/MakePaymentButton' is clicked on

28-08-2024T19:34:49 - [TEST_STEP][PASSED] - iwpPages.achCorporatePaymentEntryPage.setDataCorporate(row, dataFile): iwpPages.achCorporatePaymentEntryPage.setDataCorporate is PASSED

28-08-2024T19:34:49 - [MESSAGE][PASSED] - Object 'Object Repository/IWP30/Page_ACHCorporatePaymentEntry/txt_accountNumber' is present

28-08-2024T19:34:50 - [MESSAGE][PASSED] - Object 'Object Repository/IWP30/Page_ACHCorporatePaymentEntry/input_CompanyName' is present

28-08-2024T19:34:50 - [MESSAGE][PASSED] - Text 'My Company' is set on object 'Object Repository/IWP30/Page_ACHCorporatePaymentEntry/input_CompanyName'

28-08-2024T19:34:51 - [MESSAGE][PASSED] - Object 'Object Repository/IWP30/Page_ACHCorporatePaymentEntry/input_EIN' is present

28-08-2024T19:34:51 - [MESSAGE][PASSED] - Text '123456789' is set on object 'Object Repository/IWP30/Page_ACHCorporatePaymentEntry/input_EIN'

28-08-2024T19:34:52 - [MESSAGE][PASSED] - Text '10.50' is set on object 'Object Repository/IWP30/Page_ACHCorporatePaymentEntry/txt_Amount'

28-08-2024T19:34:52 - [MESSAGE][PASSED] - Text 'udf data 2' is set on object 'Object Repository/IWP30/Page_ACHCorporatePaymentEntry/txt_UDF2'

28-08-2024T19:34:54 - [MESSAGE][PASSED] - Text 'udf data 3' is set on object 'Object Repository/IWP30/Page_ACHCorporatePaymentEntry/txt_UDF3'

28-08-2024T19:34:55 - [MESSAGE][PASSED] - All options with label 'Orange' are selected in object 'Object Repository/IWP30/Page_ACHCorporatePaymentEntry/dd_UDF7' 

28-08-2024T19:34:56 - [MESSAGE][PASSED] - All options with label 'Soccer' are selected in object 'Object Repository/IWP30/Page_ACHCorporatePaymentEntry/dd_UDF8' 

28-08-2024T19:34:56 - [MESSAGE][PASSED] - Object 'Object Repository/IWP30/Page_ACHCorporatePaymentEntry/txt_routingNumber' is present

28-08-2024T19:34:57 - [MESSAGE][PASSED] - Text '256072691' is set on object 'Object Repository/IWP30/Page_ACHCorporatePaymentEntry/txt_routingNumber'

28-08-2024T19:34:57 - [MESSAGE][PASSED] - Object 'Object Repository/IWP30/Page_ACHCorporatePaymentEntry/txt_accountNumber' is present

28-08-2024T19:34:58 - [MESSAGE][PASSED] - Text '12344444' is set on object 'Object Repository/IWP30/Page_ACHCorporatePaymentEntry/txt_accountNumber'

28-08-2024T19:34:59 - [MESSAGE][PASSED] - Object 'Object Repository/IWP30/Page_ACHCorporatePaymentEntry/txt_confirmAccountNumber' is present

28-08-2024T19:34:59 - [MESSAGE][PASSED] - Text '12344444' is set on object 'Object Repository/IWP30/Page_ACHCorporatePaymentEntry/txt_confirmAccountNumber'

28-08-2024T19:35:02 - [MESSAGE][PASSED] - Text '365 Main Avenue' is set on object 'Object Repository/IWP30/Page_ACHCorporatePaymentEntry/txt_AL1'

28-08-2024T19:35:03 - [MESSAGE][PASSED] - Text '22201' is set on object 'Object Repository/IWP30/Page_ACHCorporatePaymentEntry/txt_ZIP'

28-08-2024T19:35:03 - [MESSAGE][PASSED] - Object 'Object Repository/IWP30/Page_ACHCorporatePaymentEntry/txt_Email' is present

28-08-2024T19:35:04 - [MESSAGE][PASSED] - Text 'iahmed@govolution.com' is set on object 'Object Repository/IWP30/Page_ACHCorporatePaymentEntry/txt_Email'

28-08-2024T19:35:05 - [MESSAGE][PASSED] - Object 'Object Repository/IWP30/Page_ACHCorporatePaymentEntry/cb_TermsAndCond' is present

28-08-2024T19:35:05 - [MESSAGE][PASSED] - Object: 'Object Repository/IWP30/Page_ACHCorporatePaymentEntry/cb_TermsAndCond' is clicked on

28-08-2024T19:35:05 - [MESSAGE][PASSED] - Object 'Object Repository/IWP30/Page_ACHCorporatePaymentEntry/btn_Continue' is present

28-08-2024T19:35:08 - [MESSAGE][PASSED] - Object: 'Object Repository/IWP30/Page_ACHCorporatePaymentEntry/btn_Continue' is clicked on

28-08-2024T19:35:08 - [MESSAGE][PASSED] - iwpPages.achCorporatePaymentEntryPage.setDataCorporate is PASSED

28-08-2024T19:35:08 - [TEST_STEP][PASSED] - click(findTestObject("Object Repository/IWP30/Page_Confirmation/ConfirmButton")): Object: 'Object Repository/IWP30/Page_Confirmation/ConfirmButton' is clicked on

28-08-2024T19:35:11 - [MESSAGE][PASSED] - Object: 'Object Repository/IWP30/Page_Confirmation/ConfirmButton' is clicked on

28-08-2024T19:35:11 - [TEST_STEP][PASSED] - Thread.sleep(10000): null

28-08-2024T19:35:21 - [TEST_STEP][PASSED] - if (verifyTextPresent("Successful Payment Receipt", false)): null

28-08-2024T19:35:22 - [MESSAGE][PASSED] - Text 'Successful Payment Receipt' is present on page 

28-08-2024T19:35:22 - [TEST_STEP][PASSED] - println("Successful Payment Receipt text is present on the Receipt page"): null

28-08-2024T19:35:22 - [TEST_STEP][PASSED] - markPassed("Successful Payment Receipt text is present on the Receipt page"): Successful Payment Receipt text is present on the Receipt page

28-08-2024T19:35:22 - [MESSAGE][PASSED] - Successful Payment Receipt text is present on the Receipt page

28-08-2024T19:35:22 - [TEST_STEP][PASSED] - resText = "Pass": null

28-08-2024T19:35:22 - [TEST_STEP][PASSED] - pages.WriteExcel.demoKey(resText, datText, resColumn, datCloumn, fileLoc, nameSheet, row): pages.WriteExcel.demoKey is PASSED

28-08-2024T19:35:22 - [MESSAGE][PASSED] - pages.WriteExcel.demoKey is PASSED

28-08-2024T19:35:22 - [TEST_STEP][PASSED] - closeBrowser(): Browser is closed

28-08-2024T19:35:23 - [MESSAGE][PASSED] - Browser is closed

28-08-2024T19:35:23 - [TEST_STEP][PASSED] - ExecuteTC = findTestData(dataFile).getValue("Execute", row): null

28-08-2024T19:35:23 - [TEST_STEP][PASSED] - out.println("Value of Execute is : " + ExecuteTC): null

28-08-2024T19:35:23 - [TEST_STEP][PASSED] - if (ExecuteTC.equalsIgnoreCase("Y")): null

28-08-2024T19:35:23 - [TEST_STEP][PASSED] - out.println("Begin Record Number: " + row): null

28-08-2024T19:35:23 - [TEST_STEP][PASSED] - today = new java.util.Date(): null

28-08-2024T19:35:23 - [TEST_STEP][PASSED] - println(today): null

28-08-2024T19:35:23 - [TEST_STEP][PASSED] - datText = today: null

28-08-2024T19:35:23 - [TEST_STEP][PASSED] - EmulatorDataKey = findTestData(dataFile).getValue("EmulatorData", row): null

28-08-2024T19:35:23 - [TEST_STEP][PASSED] - out.println("Value of Emulator Key is : " + EmulatorDataKey): null

28-08-2024T19:35:23 - [TEST_STEP][PASSED] - iwpPages.emulatorIWP30.setDataEmulator_DD(EmulatorDataKey): iwpPages.emulatorIWP30.setDataEmulator_DD is PASSED

28-08-2024T19:35:23 - [MESSAGE][INFO] - Starting 'Edge Chromium' driver

28-08-2024T19:35:23 - [MESSAGE][INFO] - User set preference: ['acceptInsecureCerts', 'true']

28-08-2024T19:35:26 - [MESSAGE][INFO] - Action delay is set to 0 milliseconds

28-08-2024T19:35:31 - [MESSAGE][PASSED] - Browser is opened with url: 'https://qa2.velocitypayment.com/agency/config.do?action=editor&message_version=2_5'

28-08-2024T19:35:31 - [MESSAGE][PASSED] - Current window maximized

28-08-2024T19:35:32 - [MESSAGE][PASSED] - All options with value '2.5' are selected in object 'Object Repository/IWP30/Page_VRelay30Emulator/MV'  using regular expression

28-08-2024T19:35:33 - [MESSAGE][PASSED] - Text '10.50' is set on object 'Object Repository/IWP30/Page_VRelay30Emulator/Amount'

28-08-2024T19:35:34 - [MESSAGE][PASSED] - Text '26413255' is set on object 'Object Repository/IWP30/Page_VRelay30Emulator/CAN'

28-08-2024T19:35:34 - [MESSAGE][PASSED] - Text 'PayNow' is set on object 'Object Repository/IWP30/Page_VRelay30Emulator/Action'

28-08-2024T19:35:35 - [MESSAGE][PASSED] - Text 'en_US' is set on object 'Object Repository/IWP30/Page_VRelay30Emulator/Lang'

28-08-2024T19:35:37 - [MESSAGE][PASSED] - Text 'Jasmine' is set on object 'Object Repository/IWP30/Page_VRelay30Emulator/Fname'

28-08-2024T19:35:38 - [MESSAGE][PASSED] - Text 'Patrinol' is set on object 'Object Repository/IWP30/Page_VRelay30Emulator/Lname'

28-08-2024T19:35:39 - [MESSAGE][PASSED] - Text '258 Underwood rd' is set on object 'Object Repository/IWP30/Page_VRelay30Emulator/AL1'

28-08-2024T19:35:40 - [MESSAGE][PASSED] - Text 'Suite 600' is set on object 'Object Repository/IWP30/Page_VRelay30Emulator/AL2'

28-08-2024T19:35:40 - [MESSAGE][PASSED] - Text '840' is set on object 'Object Repository/IWP30/Page_VRelay30Emulator/Country'

28-08-2024T19:35:41 - [MESSAGE][PASSED] - Text 'Arlington' is set on object 'Object Repository/IWP30/Page_VRelay30Emulator/City'

28-08-2024T19:35:42 - [MESSAGE][PASSED] - Text 'VA' is set on object 'Object Repository/IWP30/Page_VRelay30Emulator/State'

28-08-2024T19:35:42 - [MESSAGE][PASSED] - Text '22201' is set on object 'Object Repository/IWP30/Page_VRelay30Emulator/ZIP'

28-08-2024T19:35:44 - [MESSAGE][PASSED] - Text '' is set on object 'Object Repository/IWP30/Page_VRelay30Emulator/Order'

28-08-2024T19:35:45 - [MESSAGE][PASSED] - Text 'Some Company' is set on object 'Object Repository/IWP30/Page_VRelay30Emulator/Company'

28-08-2024T19:35:46 - [MESSAGE][PASSED] - Text 'iahmed@govolution.com' is set on object 'Object Repository/IWP30/Page_VRelay30Emulator/Email'

28-08-2024T19:35:46 - [MESSAGE][PASSED] - Text 'udf data 1' is set on object 'Object Repository/IWP30/Page_VRelay30Emulator/UDF1'

28-08-2024T19:35:47 - [MESSAGE][PASSED] - Text 'udf data 2' is set on object 'Object Repository/IWP30/Page_VRelay30Emulator/UDF2'

28-08-2024T19:35:47 - [MESSAGE][PASSED] - Text 'udf data 3' is set on object 'Object Repository/IWP30/Page_VRelay30Emulator/UDF3'

28-08-2024T19:35:48 - [MESSAGE][PASSED] - Text 'udf data 4' is set on object 'Object Repository/IWP30/Page_VRelay30Emulator/UDF4'

28-08-2024T19:35:49 - [MESSAGE][PASSED] - Text 'udf data 5' is set on object 'Object Repository/IWP30/Page_VRelay30Emulator/UDF5'

28-08-2024T19:35:50 - [MESSAGE][PASSED] - Text 'udf data 6' is set on object 'Object Repository/IWP30/Page_VRelay30Emulator/UDF6'

28-08-2024T19:35:52 - [MESSAGE][PASSED] - Text 'Orange' is set on object 'Object Repository/IWP30/Page_VRelay30Emulator/UDF7'

28-08-2024T19:35:52 - [MESSAGE][PASSED] - Text 'Soccer' is set on object 'Object Repository/IWP30/Page_VRelay30Emulator/UDF8'

28-08-2024T19:35:53 - [MESSAGE][PASSED] - Text 'udf data 9' is set on object 'Object Repository/IWP30/Page_VRelay30Emulator/UDF9'

28-08-2024T19:35:53 - [MESSAGE][PASSED] - Text 'udf data 10' is set on object 'Object Repository/IWP30/Page_VRelay30Emulator/UDF10'

28-08-2024T19:35:55 - [MESSAGE][PASSED] - Object: 'Object Repository/IWP30/Page_VRelay30Emulator/Submit' is clicked on

28-08-2024T19:35:59 - [MESSAGE][PASSED] - Browser is closed

28-08-2024T19:36:03 - [MESSAGE][PASSED] - iwpPages.emulatorIWP30.setDataEmulator_DD is PASSED

28-08-2024T19:36:03 - [TEST_STEP][PASSED] - testHarnessURL = urlTestHarness: null

28-08-2024T19:36:03 - [TEST_STEP][PASSED] - openBrowser(testHarnessURL): Browser is opened with url: 'https://dev-algorithm.govolution.com/vrelaytest/QA2/version_2_2/vrelaytest.html'

28-08-2024T19:36:03 - [MESSAGE][INFO] - Starting 'Edge Chromium' driver

28-08-2024T19:36:03 - [MESSAGE][INFO] - User set preference: ['acceptInsecureCerts', 'true']

28-08-2024T19:36:06 - [MESSAGE][INFO] - Action delay is set to 0 milliseconds

28-08-2024T19:36:12 - [MESSAGE][PASSED] - Browser is opened with url: 'https://dev-algorithm.govolution.com/vrelaytest/QA2/version_2_2/vrelaytest.html'

28-08-2024T19:36:12 - [TEST_STEP][PASSED] - maximizeWindow(): Current window maximized

28-08-2024T19:36:12 - [MESSAGE][PASSED] - Current window maximized

28-08-2024T19:36:12 - [TEST_STEP][PASSED] - iwpPages.TestHarnessPage.setDataMethod(row, dataFile): iwpPages.TestHarnessPage.setDataMethod is PASSED

28-08-2024T19:36:13 - [MESSAGE][PASSED] - Object 'Object Repository/IWP30/Page_QATestHarness/RemittanceID' is present

28-08-2024T19:36:13 - [MESSAGE][PASSED] - Text '638' is set on object 'Object Repository/IWP30/Page_QATestHarness/ApplicationID'

28-08-2024T19:36:14 - [MESSAGE][PASSED] - Text '2.5' is set on object 'Object Repository/IWP30/Page_QATestHarness/MessageVersion'

28-08-2024T19:36:15 - [MESSAGE][PASSED] - Text 'FTdDv2P4zpnI' is set on object 'Object Repository/IWP30/Page_QATestHarness/RemittanceID'

28-08-2024T19:36:19 - [MESSAGE][PASSED] - Object: 'Object Repository/IWP30/Page_QATestHarness/SubmitButton' is clicked on

28-08-2024T19:36:19 - [MESSAGE][PASSED] - iwpPages.TestHarnessPage.setDataMethod is PASSED

28-08-2024T19:36:19 - [TEST_STEP][PASSED] - click(findTestObject("Object Repository/IWP30/Page_SelectPaymentMethod/PayByCorporateCheck")): Object: 'Object Repository/IWP30/Page_SelectPaymentMethod/PayByCorporateCheck' is clicked on

28-08-2024T19:36:20 - [MESSAGE][PASSED] - Object: 'Object Repository/IWP30/Page_SelectPaymentMethod/PayByCorporateCheck' is clicked on

28-08-2024T19:36:20 - [TEST_STEP][PASSED] - click(findTestObject("Object Repository/IWP30/Page_SelectPaymentMethod/MakePaymentButton")): Object: 'Object Repository/IWP30/Page_SelectPaymentMethod/MakePaymentButton' is clicked on

28-08-2024T19:36:23 - [MESSAGE][PASSED] - Object: 'Object Repository/IWP30/Page_SelectPaymentMethod/MakePaymentButton' is clicked on

28-08-2024T19:36:23 - [TEST_STEP][PASSED] - iwpPages.achCorporatePaymentEntryPage.setDataCorporate(row, dataFile): iwpPages.achCorporatePaymentEntryPage.setDataCorporate is PASSED

28-08-2024T19:36:24 - [MESSAGE][PASSED] - Object 'Object Repository/IWP30/Page_ACHCorporatePaymentEntry/txt_accountNumber' is present

28-08-2024T19:36:25 - [MESSAGE][PASSED] - Object 'Object Repository/IWP30/Page_ACHCorporatePaymentEntry/input_CompanyName' is present

28-08-2024T19:36:25 - [MESSAGE][PASSED] - Object 'Object Repository/IWP30/Page_ACHCorporatePaymentEntry/input_EIN' is present

28-08-2024T19:36:26 - [MESSAGE][PASSED] - Text '123456789' is set on object 'Object Repository/IWP30/Page_ACHCorporatePaymentEntry/input_EIN'

28-08-2024T19:36:27 - [MESSAGE][PASSED] - All options with label 'Soccer' are selected in object 'Object Repository/IWP30/Page_ACHCorporatePaymentEntry/dd_UDF8' 

28-08-2024T19:36:27 - [MESSAGE][PASSED] - Object 'Object Repository/IWP30/Page_ACHCorporatePaymentEntry/txt_routingNumber' is present

28-08-2024T19:36:28 - [MESSAGE][PASSED] - Text '256072691' is set on object 'Object Repository/IWP30/Page_ACHCorporatePaymentEntry/txt_routingNumber'

28-08-2024T19:36:28 - [MESSAGE][PASSED] - Object 'Object Repository/IWP30/Page_ACHCorporatePaymentEntry/txt_accountNumber' is present

28-08-2024T19:36:29 - [MESSAGE][PASSED] - Text '12344444' is set on object 'Object Repository/IWP30/Page_ACHCorporatePaymentEntry/txt_accountNumber'

28-08-2024T19:36:30 - [MESSAGE][PASSED] - Object 'Object Repository/IWP30/Page_ACHCorporatePaymentEntry/txt_confirmAccountNumber' is present

28-08-2024T19:36:32 - [MESSAGE][PASSED] - Text '12344444' is set on object 'Object Repository/IWP30/Page_ACHCorporatePaymentEntry/txt_confirmAccountNumber'

28-08-2024T19:36:33 - [MESSAGE][PASSED] - Object 'Object Repository/IWP30/Page_ACHCorporatePaymentEntry/txt_Email' is present

28-08-2024T19:36:33 - [MESSAGE][PASSED] - Object 'Object Repository/IWP30/Page_ACHCorporatePaymentEntry/cb_TermsAndCond' is present

28-08-2024T19:36:33 - [MESSAGE][PASSED] - Object: 'Object Repository/IWP30/Page_ACHCorporatePaymentEntry/cb_TermsAndCond' is clicked on

28-08-2024T19:36:33 - [MESSAGE][PASSED] - Object 'Object Repository/IWP30/Page_ACHCorporatePaymentEntry/btn_Continue' is present

28-08-2024T19:36:36 - [MESSAGE][PASSED] - Object: 'Object Repository/IWP30/Page_ACHCorporatePaymentEntry/btn_Continue' is clicked on

28-08-2024T19:36:36 - [MESSAGE][PASSED] - iwpPages.achCorporatePaymentEntryPage.setDataCorporate is PASSED

28-08-2024T19:36:36 - [TEST_STEP][PASSED] - click(findTestObject("Object Repository/IWP30/Page_Confirmation/ConfirmButton")): Object: 'Object Repository/IWP30/Page_Confirmation/ConfirmButton' is clicked on

28-08-2024T19:36:38 - [MESSAGE][PASSED] - Object: 'Object Repository/IWP30/Page_Confirmation/ConfirmButton' is clicked on

28-08-2024T19:36:38 - [TEST_STEP][PASSED] - Thread.sleep(10000): null

28-08-2024T19:36:48 - [TEST_STEP][PASSED] - if (verifyTextPresent("Successful Payment Receipt", false)): null

28-08-2024T19:36:49 - [MESSAGE][PASSED] - Text 'Successful Payment Receipt' is present on page 

28-08-2024T19:36:49 - [TEST_STEP][PASSED] - println("Successful Payment Receipt text is present on the Receipt page"): null

28-08-2024T19:36:49 - [TEST_STEP][PASSED] - markPassed("Successful Payment Receipt text is present on the Receipt page"): Successful Payment Receipt text is present on the Receipt page

28-08-2024T19:36:49 - [MESSAGE][PASSED] - Successful Payment Receipt text is present on the Receipt page

28-08-2024T19:36:49 - [TEST_STEP][PASSED] - resText = "Pass": null

28-08-2024T19:36:49 - [TEST_STEP][PASSED] - pages.WriteExcel.demoKey(resText, datText, resColumn, datCloumn, fileLoc, nameSheet, row): pages.WriteExcel.demoKey is PASSED

28-08-2024T19:36:49 - [MESSAGE][PASSED] - pages.WriteExcel.demoKey is PASSED

28-08-2024T19:36:49 - [TEST_STEP][PASSED] - closeBrowser(): Browser is closed

28-08-2024T19:36:49 - [MESSAGE][PASSED] - Browser is closed

28-08-2024T19:36:49 - [TEST_STEP][PASSED] - ExecuteTC = findTestData(dataFile).getValue("Execute", row): null

28-08-2024T19:36:49 - [TEST_STEP][PASSED] - out.println("Value of Execute is : " + ExecuteTC): null

28-08-2024T19:36:49 - [TEST_STEP][PASSED] - if (ExecuteTC.equalsIgnoreCase("Y")): null

28-08-2024T19:36:49 - [TEST_STEP][PASSED] - out.println("Begin Record Number: " + row): null

28-08-2024T19:36:49 - [TEST_STEP][PASSED] - today = new java.util.Date(): null

28-08-2024T19:36:49 - [TEST_STEP][PASSED] - println(today): null

28-08-2024T19:36:49 - [TEST_STEP][PASSED] - datText = today: null

28-08-2024T19:36:49 - [TEST_STEP][PASSED] - EmulatorDataKey = findTestData(dataFile).getValue("EmulatorData", row): null

28-08-2024T19:36:49 - [TEST_STEP][PASSED] - out.println("Value of Emulator Key is : " + EmulatorDataKey): null

28-08-2024T19:36:49 - [TEST_STEP][PASSED] - iwpPages.emulatorIWP30.setDataEmulator_DD(EmulatorDataKey): iwpPages.emulatorIWP30.setDataEmulator_DD is PASSED

28-08-2024T19:36:50 - [MESSAGE][INFO] - Starting 'Edge Chromium' driver

28-08-2024T19:36:50 - [MESSAGE][INFO] - User set preference: ['acceptInsecureCerts', 'true']

28-08-2024T19:36:53 - [MESSAGE][INFO] - Action delay is set to 0 milliseconds

28-08-2024T19:36:58 - [MESSAGE][PASSED] - Browser is opened with url: 'https://qa2.velocitypayment.com/agency/config.do?action=editor&message_version=2_5'

28-08-2024T19:36:58 - [MESSAGE][PASSED] - Current window maximized

28-08-2024T19:36:59 - [MESSAGE][PASSED] - All options with value '2.5' are selected in object 'Object Repository/IWP30/Page_VRelay30Emulator/MV'  using regular expression

28-08-2024T19:36:59 - [MESSAGE][PASSED] - Text '10.50' is set on object 'Object Repository/IWP30/Page_VRelay30Emulator/Amount'

28-08-2024T19:37:00 - [MESSAGE][PASSED] - Text '26413414' is set on object 'Object Repository/IWP30/Page_VRelay30Emulator/CAN'

28-08-2024T19:37:01 - [MESSAGE][PASSED] - Text 'PayNow' is set on object 'Object Repository/IWP30/Page_VRelay30Emulator/Action'

28-08-2024T19:37:01 - [MESSAGE][PASSED] - Text 'en_US' is set on object 'Object Repository/IWP30/Page_VRelay30Emulator/Lang'

28-08-2024T19:37:04 - [MESSAGE][PASSED] - Text '' is set on object 'Object Repository/IWP30/Page_VRelay30Emulator/Fname'

28-08-2024T19:37:05 - [MESSAGE][PASSED] - Text '' is set on object 'Object Repository/IWP30/Page_VRelay30Emulator/Lname'

28-08-2024T19:37:05 - [MESSAGE][PASSED] - Text '' is set on object 'Object Repository/IWP30/Page_VRelay30Emulator/AL1'

28-08-2024T19:37:06 - [MESSAGE][PASSED] - Text '' is set on object 'Object Repository/IWP30/Page_VRelay30Emulator/AL2'

28-08-2024T19:37:06 - [MESSAGE][PASSED] - Text '' is set on object 'Object Repository/IWP30/Page_VRelay30Emulator/Country'

28-08-2024T19:37:07 - [MESSAGE][PASSED] - Text '' is set on object 'Object Repository/IWP30/Page_VRelay30Emulator/City'

28-08-2024T19:37:08 - [MESSAGE][PASSED] - Text '' is set on object 'Object Repository/IWP30/Page_VRelay30Emulator/State'

28-08-2024T19:37:08 - [MESSAGE][PASSED] - Text '' is set on object 'Object Repository/IWP30/Page_VRelay30Emulator/ZIP'

28-08-2024T19:37:10 - [MESSAGE][PASSED] - Text '' is set on object 'Object Repository/IWP30/Page_VRelay30Emulator/Order'

28-08-2024T19:37:11 - [MESSAGE][PASSED] - Text '' is set on object 'Object Repository/IWP30/Page_VRelay30Emulator/Company'

28-08-2024T19:37:12 - [MESSAGE][PASSED] - Text '' is set on object 'Object Repository/IWP30/Page_VRelay30Emulator/Email'

28-08-2024T19:37:12 - [MESSAGE][PASSED] - Text '' is set on object 'Object Repository/IWP30/Page_VRelay30Emulator/UDF1'

28-08-2024T19:37:13 - [MESSAGE][PASSED] - Text '' is set on object 'Object Repository/IWP30/Page_VRelay30Emulator/UDF2'

28-08-2024T19:37:13 - [MESSAGE][PASSED] - Text '' is set on object 'Object Repository/IWP30/Page_VRelay30Emulator/UDF3'

28-08-2024T19:37:14 - [MESSAGE][PASSED] - Text 'udf data 4' is set on object 'Object Repository/IWP30/Page_VRelay30Emulator/UDF4'

28-08-2024T19:37:15 - [MESSAGE][PASSED] - Text 'udf data 5' is set on object 'Object Repository/IWP30/Page_VRelay30Emulator/UDF5'

28-08-2024T19:37:16 - [MESSAGE][PASSED] - Text '' is set on object 'Object Repository/IWP30/Page_VRelay30Emulator/UDF6'

28-08-2024T19:37:17 - [MESSAGE][PASSED] - Text '' is set on object 'Object Repository/IWP30/Page_VRelay30Emulator/UDF7'

28-08-2024T19:37:18 - [MESSAGE][PASSED] - Text '' is set on object 'Object Repository/IWP30/Page_VRelay30Emulator/UDF8'

28-08-2024T19:37:19 - [MESSAGE][PASSED] - Text 'udf data 9' is set on object 'Object Repository/IWP30/Page_VRelay30Emulator/UDF9'

28-08-2024T19:37:19 - [MESSAGE][PASSED] - Text 'udf data 10' is set on object 'Object Repository/IWP30/Page_VRelay30Emulator/UDF10'

28-08-2024T19:37:20 - [MESSAGE][PASSED] - Object: 'Object Repository/IWP30/Page_VRelay30Emulator/Submit' is clicked on

28-08-2024T19:37:25 - [MESSAGE][PASSED] - Browser is closed

28-08-2024T19:37:29 - [MESSAGE][PASSED] - iwpPages.emulatorIWP30.setDataEmulator_DD is PASSED

28-08-2024T19:37:29 - [TEST_STEP][PASSED] - testHarnessURL = urlTestHarness: null

28-08-2024T19:37:29 - [TEST_STEP][PASSED] - openBrowser(testHarnessURL): Browser is opened with url: 'https://dev-algorithm.govolution.com/vrelaytest/QA2/version_2_2/vrelaytest.html'

28-08-2024T19:37:29 - [MESSAGE][INFO] - Starting 'Edge Chromium' driver

28-08-2024T19:37:29 - [MESSAGE][INFO] - User set preference: ['acceptInsecureCerts', 'true']

28-08-2024T19:37:32 - [MESSAGE][INFO] - Action delay is set to 0 milliseconds

28-08-2024T19:37:38 - [MESSAGE][PASSED] - Browser is opened with url: 'https://dev-algorithm.govolution.com/vrelaytest/QA2/version_2_2/vrelaytest.html'

28-08-2024T19:37:38 - [TEST_STEP][PASSED] - maximizeWindow(): Current window maximized

28-08-2024T19:37:38 - [MESSAGE][PASSED] - Current window maximized

28-08-2024T19:37:38 - [TEST_STEP][PASSED] - iwpPages.TestHarnessPage.setDataMethod(row, dataFile): iwpPages.TestHarnessPage.setDataMethod is PASSED

28-08-2024T19:37:38 - [MESSAGE][PASSED] - Object 'Object Repository/IWP30/Page_QATestHarness/RemittanceID' is present

28-08-2024T19:37:39 - [MESSAGE][PASSED] - Text '638' is set on object 'Object Repository/IWP30/Page_QATestHarness/ApplicationID'

28-08-2024T19:37:40 - [MESSAGE][PASSED] - Text '2.5' is set on object 'Object Repository/IWP30/Page_QATestHarness/MessageVersion'

28-08-2024T19:37:41 - [MESSAGE][PASSED] - Text 'HnDzOS0wvfWw' is set on object 'Object Repository/IWP30/Page_QATestHarness/RemittanceID'

28-08-2024T19:37:46 - [MESSAGE][PASSED] - Object: 'Object Repository/IWP30/Page_QATestHarness/SubmitButton' is clicked on

28-08-2024T19:37:46 - [MESSAGE][PASSED] - iwpPages.TestHarnessPage.setDataMethod is PASSED

28-08-2024T19:37:46 - [TEST_STEP][PASSED] - click(findTestObject("Object Repository/IWP30/Page_SelectPaymentMethod/PayByCorporateCheck")): Object: 'Object Repository/IWP30/Page_SelectPaymentMethod/PayByCorporateCheck' is clicked on

28-08-2024T19:37:46 - [MESSAGE][PASSED] - Object: 'Object Repository/IWP30/Page_SelectPaymentMethod/PayByCorporateCheck' is clicked on

28-08-2024T19:37:46 - [TEST_STEP][PASSED] - click(findTestObject("Object Repository/IWP30/Page_SelectPaymentMethod/MakePaymentButton")): Object: 'Object Repository/IWP30/Page_SelectPaymentMethod/MakePaymentButton' is clicked on

28-08-2024T19:37:49 - [MESSAGE][PASSED] - Object: 'Object Repository/IWP30/Page_SelectPaymentMethod/MakePaymentButton' is clicked on

28-08-2024T19:37:49 - [TEST_STEP][PASSED] - iwpPages.achCorporatePaymentEntryPage.setDataCorporate(row, dataFile): iwpPages.achCorporatePaymentEntryPage.setDataCorporate is PASSED

28-08-2024T19:37:51 - [MESSAGE][PASSED] - Object 'Object Repository/IWP30/Page_ACHCorporatePaymentEntry/txt_accountNumber' is present

28-08-2024T19:37:51 - [MESSAGE][PASSED] - Object 'Object Repository/IWP30/Page_ACHCorporatePaymentEntry/input_CompanyName' is present

28-08-2024T19:37:52 - [MESSAGE][PASSED] - Text 'My Company' is set on object 'Object Repository/IWP30/Page_ACHCorporatePaymentEntry/input_CompanyName'

28-08-2024T19:37:52 - [MESSAGE][PASSED] - Object 'Object Repository/IWP30/Page_ACHCorporatePaymentEntry/input_EIN' is present

28-08-2024T19:37:53 - [MESSAGE][PASSED] - Text '10.50' is set on object 'Object Repository/IWP30/Page_ACHCorporatePaymentEntry/txt_Amount'

28-08-2024T19:37:53 - [MESSAGE][PASSED] - Text 'udf data 3' is set on object 'Object Repository/IWP30/Page_ACHCorporatePaymentEntry/txt_UDF3'

28-08-2024T19:37:54 - [MESSAGE][PASSED] - All options with label 'Soccer' are selected in object 'Object Repository/IWP30/Page_ACHCorporatePaymentEntry/dd_UDF8' 

28-08-2024T19:37:54 - [MESSAGE][PASSED] - Object 'Object Repository/IWP30/Page_ACHCorporatePaymentEntry/txt_routingNumber' is present

28-08-2024T19:37:55 - [MESSAGE][PASSED] - Text '256072691' is set on object 'Object Repository/IWP30/Page_ACHCorporatePaymentEntry/txt_routingNumber'

28-08-2024T19:37:55 - [MESSAGE][PASSED] - Object 'Object Repository/IWP30/Page_ACHCorporatePaymentEntry/txt_accountNumber' is present

28-08-2024T19:37:57 - [MESSAGE][PASSED] - Text '12344444' is set on object 'Object Repository/IWP30/Page_ACHCorporatePaymentEntry/txt_accountNumber'

28-08-2024T19:37:57 - [MESSAGE][PASSED] - Object 'Object Repository/IWP30/Page_ACHCorporatePaymentEntry/txt_confirmAccountNumber' is present

28-08-2024T19:37:59 - [MESSAGE][PASSED] - Text '12344444' is set on object 'Object Repository/IWP30/Page_ACHCorporatePaymentEntry/txt_confirmAccountNumber'

28-08-2024T19:37:59 - [MESSAGE][PASSED] - Text '365 Main Avenue' is set on object 'Object Repository/IWP30/Page_ACHCorporatePaymentEntry/txt_AL1'

28-08-2024T19:38:00 - [MESSAGE][PASSED] - Text '22201' is set on object 'Object Repository/IWP30/Page_ACHCorporatePaymentEntry/txt_ZIP'

28-08-2024T19:38:00 - [MESSAGE][PASSED] - Object 'Object Repository/IWP30/Page_ACHCorporatePaymentEntry/txt_Email' is present

28-08-2024T19:38:02 - [MESSAGE][PASSED] - Text 'iahmed@govolution.com' is set on object 'Object Repository/IWP30/Page_ACHCorporatePaymentEntry/txt_Email'

28-08-2024T19:38:02 - [MESSAGE][PASSED] - Object 'Object Repository/IWP30/Page_ACHCorporatePaymentEntry/cb_TermsAndCond' is present

28-08-2024T19:38:02 - [MESSAGE][PASSED] - Object: 'Object Repository/IWP30/Page_ACHCorporatePaymentEntry/cb_TermsAndCond' is clicked on

28-08-2024T19:38:02 - [MESSAGE][PASSED] - Object 'Object Repository/IWP30/Page_ACHCorporatePaymentEntry/btn_Continue' is present

28-08-2024T19:38:05 - [MESSAGE][PASSED] - Object: 'Object Repository/IWP30/Page_ACHCorporatePaymentEntry/btn_Continue' is clicked on

28-08-2024T19:38:05 - [MESSAGE][PASSED] - iwpPages.achCorporatePaymentEntryPage.setDataCorporate is PASSED

28-08-2024T19:38:05 - [TEST_STEP][PASSED] - click(findTestObject("Object Repository/IWP30/Page_Confirmation/ConfirmButton")): Object: 'Object Repository/IWP30/Page_Confirmation/ConfirmButton' is clicked on

28-08-2024T19:38:07 - [MESSAGE][PASSED] - Object: 'Object Repository/IWP30/Page_Confirmation/ConfirmButton' is clicked on

28-08-2024T19:38:07 - [TEST_STEP][PASSED] - Thread.sleep(10000): null

28-08-2024T19:38:17 - [TEST_STEP][PASSED] - if (verifyTextPresent("Successful Payment Receipt", false)): null

28-08-2024T19:38:18 - [MESSAGE][PASSED] - Text 'Successful Payment Receipt' is present on page 

28-08-2024T19:38:18 - [TEST_STEP][PASSED] - println("Successful Payment Receipt text is present on the Receipt page"): null

28-08-2024T19:38:18 - [TEST_STEP][PASSED] - markPassed("Successful Payment Receipt text is present on the Receipt page"): Successful Payment Receipt text is present on the Receipt page

28-08-2024T19:38:18 - [MESSAGE][PASSED] - Successful Payment Receipt text is present on the Receipt page

28-08-2024T19:38:18 - [TEST_STEP][PASSED] - resText = "Pass": null

28-08-2024T19:38:18 - [TEST_STEP][PASSED] - pages.WriteExcel.demoKey(resText, datText, resColumn, datCloumn, fileLoc, nameSheet, row): pages.WriteExcel.demoKey is PASSED

28-08-2024T19:38:19 - [MESSAGE][PASSED] - pages.WriteExcel.demoKey is PASSED

28-08-2024T19:38:19 - [TEST_STEP][PASSED] - closeBrowser(): Browser is closed

28-08-2024T19:38:19 - [MESSAGE][PASSED] - Browser is closed]]></system-out>
         <system-err><![CDATA[]]></system-err>
      </testcase>
      <testcase name="Test Cases/IntegratedWeb/IWP25/Payments/PayNowCorpSCF" time="227.631" classname="Test Cases/IntegratedWeb/IWP25/Payments/PayNowCorpSCF" status="PASSED">
         <system-out><![CDATA[28-08-2024T19:38:19 - [TEST_CASE][PASSED] - Test Cases/IntegratedWeb/IWP25/Payments/PayNowCorpSCF: Test Cases/IntegratedWeb/IWP25/Payments/PayNowCorpSCF

28-08-2024T19:38:19 - [TEST_STEP][PASSED] - resText = "Fail": null

28-08-2024T19:38:19 - [TEST_STEP][PASSED] - resColumn = "Result": null

28-08-2024T19:38:19 - [TEST_STEP][PASSED] - datCloumn = "Date": null

28-08-2024T19:38:19 - [TEST_STEP][PASSED] - fileLoc = "KatalonData/IWPTestData/VRelay25Payments.xlsx": null

28-08-2024T19:38:19 - [TEST_STEP][PASSED] - numOfRows = <not implemented yet for class: org.codehaus.groovy.ast.expr.EmptyExpression>: null

28-08-2024T19:38:19 - [TEST_STEP][PASSED] - dataFile = <not implemented yet for class: org.codehaus.groovy.ast.expr.EmptyExpression>: null

28-08-2024T19:38:19 - [TEST_STEP][PASSED] - nameSheet = <not implemented yet for class: org.codehaus.groovy.ast.expr.EmptyExpression>: null

28-08-2024T19:38:19 - [TEST_STEP][PASSED] - dataFileEmulator = <not implemented yet for class: org.codehaus.groovy.ast.expr.EmptyExpression>: null

28-08-2024T19:38:19 - [TEST_STEP][PASSED] - isRequiredTextPresent = false: null

28-08-2024T19:38:19 - [TEST_STEP][PASSED] - nameSheet = "PayNowCorpSCF": null

28-08-2024T19:38:19 - [TEST_STEP][PASSED] - dataFile = "IWPTestData/IWP25PayNowCorpSCF": null

28-08-2024T19:38:19 - [TEST_STEP][PASSED] - dataFileEmulator = "IWPTestData/EmulatorData": null

28-08-2024T19:38:19 - [TEST_STEP][PASSED] - numOfRows = findTestData(dataFile).getRowNumbers(): null

28-08-2024T19:38:19 - [TEST_STEP][PASSED] - println("Number of Records: " + numOfRows): null

28-08-2024T19:38:19 - [TEST_STEP][PASSED] - for ([row = 1, row <= numOfRows, (row++)]): Browser is closed

28-08-2024T19:38:19 - [TEST_STEP][PASSED] - ExecuteTC = findTestData(dataFile).getValue("Execute", row): null

28-08-2024T19:38:19 - [TEST_STEP][PASSED] - out.println("Value of Execute is : " + ExecuteTC): null

28-08-2024T19:38:19 - [TEST_STEP][PASSED] - if (ExecuteTC.equalsIgnoreCase("Y")): null

28-08-2024T19:38:19 - [TEST_STEP][PASSED] - out.println("Begin Record Number: " + row): null

28-08-2024T19:38:19 - [TEST_STEP][PASSED] - today = new java.util.Date(): null

28-08-2024T19:38:19 - [TEST_STEP][PASSED] - println(today): null

28-08-2024T19:38:19 - [TEST_STEP][PASSED] - datText = today: null

28-08-2024T19:38:19 - [TEST_STEP][PASSED] - EmulatorDataKey = findTestData(dataFile).getValue("EmulatorData", row): null

28-08-2024T19:38:19 - [TEST_STEP][PASSED] - out.println("Value of Emulator Key is : " + EmulatorDataKey): null

28-08-2024T19:38:19 - [TEST_STEP][PASSED] - iwpPages.emulatorIWP30.setDataEmulator_DD(EmulatorDataKey): iwpPages.emulatorIWP30.setDataEmulator_DD is PASSED

28-08-2024T19:38:20 - [MESSAGE][INFO] - Starting 'Edge Chromium' driver

28-08-2024T19:38:20 - [MESSAGE][INFO] - User set preference: ['acceptInsecureCerts', 'true']

28-08-2024T19:38:22 - [MESSAGE][INFO] - Action delay is set to 0 milliseconds

28-08-2024T19:38:28 - [MESSAGE][PASSED] - Browser is opened with url: 'https://qa2.velocitypayment.com/agency/config.do?action=editor&message_version=2_5'

28-08-2024T19:38:28 - [MESSAGE][PASSED] - Current window maximized

28-08-2024T19:38:29 - [MESSAGE][PASSED] - All options with value '2.5' are selected in object 'Object Repository/IWP30/Page_VRelay30Emulator/MV'  using regular expression

28-08-2024T19:38:30 - [MESSAGE][PASSED] - Text '10.50' is set on object 'Object Repository/IWP30/Page_VRelay30Emulator/Amount'

28-08-2024T19:38:30 - [MESSAGE][PASSED] - Text '26413414' is set on object 'Object Repository/IWP30/Page_VRelay30Emulator/CAN'

28-08-2024T19:38:31 - [MESSAGE][PASSED] - Text 'PayNow' is set on object 'Object Repository/IWP30/Page_VRelay30Emulator/Action'

28-08-2024T19:38:31 - [MESSAGE][PASSED] - Text 'en_US' is set on object 'Object Repository/IWP30/Page_VRelay30Emulator/Lang'

28-08-2024T19:38:32 - [MESSAGE][PASSED] - Text '' is set on object 'Object Repository/IWP30/Page_VRelay30Emulator/Fname'

28-08-2024T19:38:34 - [MESSAGE][PASSED] - Text '' is set on object 'Object Repository/IWP30/Page_VRelay30Emulator/Lname'

28-08-2024T19:38:35 - [MESSAGE][PASSED] - Text '' is set on object 'Object Repository/IWP30/Page_VRelay30Emulator/AL1'

28-08-2024T19:38:35 - [MESSAGE][PASSED] - Text '' is set on object 'Object Repository/IWP30/Page_VRelay30Emulator/AL2'

28-08-2024T19:38:36 - [MESSAGE][PASSED] - Text '' is set on object 'Object Repository/IWP30/Page_VRelay30Emulator/Country'

28-08-2024T19:38:37 - [MESSAGE][PASSED] - Text '' is set on object 'Object Repository/IWP30/Page_VRelay30Emulator/City'

28-08-2024T19:38:37 - [MESSAGE][PASSED] - Text '' is set on object 'Object Repository/IWP30/Page_VRelay30Emulator/State'

28-08-2024T19:38:38 - [MESSAGE][PASSED] - Text '' is set on object 'Object Repository/IWP30/Page_VRelay30Emulator/ZIP'

28-08-2024T19:38:38 - [MESSAGE][PASSED] - Text '' is set on object 'Object Repository/IWP30/Page_VRelay30Emulator/Order'

28-08-2024T19:38:40 - [MESSAGE][PASSED] - Text '' is set on object 'Object Repository/IWP30/Page_VRelay30Emulator/Company'

28-08-2024T19:38:41 - [MESSAGE][PASSED] - Text '' is set on object 'Object Repository/IWP30/Page_VRelay30Emulator/Email'

28-08-2024T19:38:42 - [MESSAGE][PASSED] - Text '' is set on object 'Object Repository/IWP30/Page_VRelay30Emulator/UDF1'

28-08-2024T19:38:43 - [MESSAGE][PASSED] - Text '' is set on object 'Object Repository/IWP30/Page_VRelay30Emulator/UDF2'

28-08-2024T19:38:43 - [MESSAGE][PASSED] - Text '' is set on object 'Object Repository/IWP30/Page_VRelay30Emulator/UDF3'

28-08-2024T19:38:44 - [MESSAGE][PASSED] - Text 'udf data 4' is set on object 'Object Repository/IWP30/Page_VRelay30Emulator/UDF4'

28-08-2024T19:38:44 - [MESSAGE][PASSED] - Text 'udf data 5' is set on object 'Object Repository/IWP30/Page_VRelay30Emulator/UDF5'

28-08-2024T19:38:45 - [MESSAGE][PASSED] - Text '' is set on object 'Object Repository/IWP30/Page_VRelay30Emulator/UDF6'

28-08-2024T19:38:46 - [MESSAGE][PASSED] - Text '' is set on object 'Object Repository/IWP30/Page_VRelay30Emulator/UDF7'

28-08-2024T19:38:47 - [MESSAGE][PASSED] - Text '' is set on object 'Object Repository/IWP30/Page_VRelay30Emulator/UDF8'

28-08-2024T19:38:48 - [MESSAGE][PASSED] - Text 'udf data 9' is set on object 'Object Repository/IWP30/Page_VRelay30Emulator/UDF9'

28-08-2024T19:38:49 - [MESSAGE][PASSED] - Text 'udf data 10' is set on object 'Object Repository/IWP30/Page_VRelay30Emulator/UDF10'

28-08-2024T19:38:50 - [MESSAGE][PASSED] - Object: 'Object Repository/IWP30/Page_VRelay30Emulator/Submit' is clicked on

28-08-2024T19:38:55 - [MESSAGE][PASSED] - Browser is closed

28-08-2024T19:38:59 - [MESSAGE][PASSED] - iwpPages.emulatorIWP30.setDataEmulator_DD is PASSED

28-08-2024T19:38:59 - [TEST_STEP][PASSED] - testHarnessURL = urlTestHarness: null

28-08-2024T19:38:59 - [TEST_STEP][PASSED] - openBrowser(testHarnessURL): Browser is opened with url: 'https://dev-algorithm.govolution.com/vrelaytest/QA2/version_2_2/vrelaytest.html'

28-08-2024T19:38:59 - [MESSAGE][INFO] - Starting 'Edge Chromium' driver

28-08-2024T19:38:59 - [MESSAGE][INFO] - User set preference: ['acceptInsecureCerts', 'true']

28-08-2024T19:39:01 - [MESSAGE][INFO] - Action delay is set to 0 milliseconds

28-08-2024T19:39:08 - [MESSAGE][PASSED] - Browser is opened with url: 'https://dev-algorithm.govolution.com/vrelaytest/QA2/version_2_2/vrelaytest.html'

28-08-2024T19:39:08 - [TEST_STEP][PASSED] - maximizeWindow(): Current window maximized

28-08-2024T19:39:09 - [MESSAGE][PASSED] - Current window maximized

28-08-2024T19:39:09 - [TEST_STEP][PASSED] - iwpPages.TestHarnessPage.setDataMethod(row, dataFile): iwpPages.TestHarnessPage.setDataMethod is PASSED

28-08-2024T19:39:09 - [MESSAGE][PASSED] - Object 'Object Repository/IWP30/Page_QATestHarness/RemittanceID' is present

28-08-2024T19:39:10 - [MESSAGE][PASSED] - Text '639' is set on object 'Object Repository/IWP30/Page_QATestHarness/ApplicationID'

28-08-2024T19:39:11 - [MESSAGE][PASSED] - Text '2.5' is set on object 'Object Repository/IWP30/Page_QATestHarness/MessageVersion'

28-08-2024T19:39:11 - [MESSAGE][PASSED] - Text '1EGcR48iJSOR' is set on object 'Object Repository/IWP30/Page_QATestHarness/RemittanceID'

28-08-2024T19:39:16 - [MESSAGE][PASSED] - Object: 'Object Repository/IWP30/Page_QATestHarness/SubmitButton' is clicked on

28-08-2024T19:39:16 - [MESSAGE][PASSED] - iwpPages.TestHarnessPage.setDataMethod is PASSED

28-08-2024T19:39:16 - [TEST_STEP][PASSED] - click(findTestObject("Object Repository/IWP30/Page_SelectPaymentMethod/PayByCorporateCheck")): Object: 'Object Repository/IWP30/Page_SelectPaymentMethod/PayByCorporateCheck' is clicked on

28-08-2024T19:39:16 - [MESSAGE][PASSED] - Object: 'Object Repository/IWP30/Page_SelectPaymentMethod/PayByCorporateCheck' is clicked on

28-08-2024T19:39:16 - [TEST_STEP][PASSED] - click(findTestObject("Object Repository/IWP30/Page_SelectPaymentMethod/MakePaymentButton")): Object: 'Object Repository/IWP30/Page_SelectPaymentMethod/MakePaymentButton' is clicked on

28-08-2024T19:39:19 - [MESSAGE][PASSED] - Object: 'Object Repository/IWP30/Page_SelectPaymentMethod/MakePaymentButton' is clicked on

28-08-2024T19:39:19 - [TEST_STEP][PASSED] - iwpPages.achCorporatePaymentEntryPage.setDataCorporate(row, dataFile): iwpPages.achCorporatePaymentEntryPage.setDataCorporate is PASSED

28-08-2024T19:39:22 - [MESSAGE][PASSED] - Object 'Object Repository/IWP30/Page_ACHCorporatePaymentEntry/txt_accountNumber' is present

28-08-2024T19:39:23 - [MESSAGE][PASSED] - Object 'Object Repository/IWP30/Page_ACHCorporatePaymentEntry/input_CompanyName' is present

28-08-2024T19:39:23 - [MESSAGE][PASSED] - Text 'My Company' is set on object 'Object Repository/IWP30/Page_ACHCorporatePaymentEntry/input_CompanyName'

28-08-2024T19:39:24 - [MESSAGE][PASSED] - Object 'Object Repository/IWP30/Page_ACHCorporatePaymentEntry/input_EIN' is present

28-08-2024T19:39:24 - [MESSAGE][PASSED] - Text '123456789' is set on object 'Object Repository/IWP30/Page_ACHCorporatePaymentEntry/input_EIN'

28-08-2024T19:39:25 - [MESSAGE][PASSED] - Text '10.50' is set on object 'Object Repository/IWP30/Page_ACHCorporatePaymentEntry/txt_Amount'

28-08-2024T19:39:26 - [MESSAGE][PASSED] - Text 'udf data 2' is set on object 'Object Repository/IWP30/Page_ACHCorporatePaymentEntry/txt_UDF2'

28-08-2024T19:39:26 - [MESSAGE][PASSED] - Text 'udf data 3' is set on object 'Object Repository/IWP30/Page_ACHCorporatePaymentEntry/txt_UDF3'

28-08-2024T19:39:27 - [MESSAGE][PASSED] - All options with label 'Orange' are selected in object 'Object Repository/IWP30/Page_ACHCorporatePaymentEntry/dd_UDF7' 

28-08-2024T19:39:28 - [MESSAGE][PASSED] - All options with label 'Soccer' are selected in object 'Object Repository/IWP30/Page_ACHCorporatePaymentEntry/dd_UDF8' 

28-08-2024T19:39:29 - [MESSAGE][PASSED] - Object 'Object Repository/IWP30/Page_ACHCorporatePaymentEntry/txt_routingNumber' is present

28-08-2024T19:39:30 - [MESSAGE][PASSED] - Text '256072691' is set on object 'Object Repository/IWP30/Page_ACHCorporatePaymentEntry/txt_routingNumber'

28-08-2024T19:39:30 - [MESSAGE][PASSED] - Object 'Object Repository/IWP30/Page_ACHCorporatePaymentEntry/txt_accountNumber' is present

28-08-2024T19:39:31 - [MESSAGE][PASSED] - Text '12344444' is set on object 'Object Repository/IWP30/Page_ACHCorporatePaymentEntry/txt_accountNumber'

28-08-2024T19:39:32 - [MESSAGE][PASSED] - Object 'Object Repository/IWP30/Page_ACHCorporatePaymentEntry/txt_confirmAccountNumber' is present

28-08-2024T19:39:32 - [MESSAGE][PASSED] - Text '12344444' is set on object 'Object Repository/IWP30/Page_ACHCorporatePaymentEntry/txt_confirmAccountNumber'

28-08-2024T19:39:33 - [MESSAGE][PASSED] - Text '365 Main Avenue' is set on object 'Object Repository/IWP30/Page_ACHCorporatePaymentEntry/txt_AL1'

28-08-2024T19:39:33 - [MESSAGE][PASSED] - Text '22201' is set on object 'Object Repository/IWP30/Page_ACHCorporatePaymentEntry/txt_ZIP'

28-08-2024T19:39:35 - [MESSAGE][PASSED] - Object 'Object Repository/IWP30/Page_ACHCorporatePaymentEntry/txt_Email' is present

28-08-2024T19:39:36 - [MESSAGE][PASSED] - Text 'iahmed@govolution.com' is set on object 'Object Repository/IWP30/Page_ACHCorporatePaymentEntry/txt_Email'

28-08-2024T19:39:36 - [MESSAGE][PASSED] - Object 'Object Repository/IWP30/Page_ACHCorporatePaymentEntry/cb_TermsAndCond' is present

28-08-2024T19:39:37 - [MESSAGE][PASSED] - Object: 'Object Repository/IWP30/Page_ACHCorporatePaymentEntry/cb_TermsAndCond' is clicked on

28-08-2024T19:39:37 - [MESSAGE][PASSED] - Object 'Object Repository/IWP30/Page_ACHCorporatePaymentEntry/btn_Continue' is present

28-08-2024T19:39:38 - [MESSAGE][PASSED] - Object: 'Object Repository/IWP30/Page_ACHCorporatePaymentEntry/btn_Continue' is clicked on

28-08-2024T19:39:38 - [MESSAGE][PASSED] - iwpPages.achCorporatePaymentEntryPage.setDataCorporate is PASSED

28-08-2024T19:39:38 - [TEST_STEP][PASSED] - click(findTestObject("Object Repository/IWP30/Page_Confirmation/ConfirmButton")): Object: 'Object Repository/IWP30/Page_Confirmation/ConfirmButton' is clicked on

28-08-2024T19:39:41 - [MESSAGE][PASSED] - Object: 'Object Repository/IWP30/Page_Confirmation/ConfirmButton' is clicked on

28-08-2024T19:39:41 - [TEST_STEP][PASSED] - Thread.sleep(5000): null

28-08-2024T19:39:46 - [TEST_STEP][PASSED] - if (verifyTextPresent("Make a Real Estate Payment", false)): null

28-08-2024T19:39:46 - [MESSAGE][PASSED] - Text 'Make a Real Estate Payment' is present on page 

28-08-2024T19:39:46 - [TEST_STEP][PASSED] - isRequiredTextPresent = true: null

28-08-2024T19:39:46 - [TEST_STEP][PASSED] - println(isRequiredTextPresent): null

28-08-2024T19:39:46 - [TEST_STEP][PASSED] - if (isRequiredTextPresent): null

28-08-2024T19:39:46 - [TEST_STEP][PASSED] - if (verifyTextPresent("This transaction is subject to a Convenience Fees of $2.00.", false)): null

28-08-2024T19:39:47 - [MESSAGE][PASSED] - Text 'This transaction is subject to a Convenience Fees of $2.00.' is present on page 

28-08-2024T19:39:47 - [TEST_STEP][PASSED] - isRequiredTextPresent = true: null

28-08-2024T19:39:47 - [TEST_STEP][PASSED] - println(isRequiredTextPresent): null

28-08-2024T19:39:47 - [TEST_STEP][PASSED] - if (isRequiredTextPresent): null

28-08-2024T19:39:47 - [TEST_STEP][PASSED] - if (verifyTextPresent("Payment Amount:  $10.50", false)): null

28-08-2024T19:39:48 - [MESSAGE][PASSED] - Text 'Payment Amount:  $10.50' is present on page 

28-08-2024T19:39:48 - [TEST_STEP][PASSED] - isRequiredTextPresent = true: null

28-08-2024T19:39:48 - [TEST_STEP][PASSED] - if (isRequiredTextPresent): null

28-08-2024T19:39:48 - [TEST_STEP][PASSED] - if (verifyTextPresent("Convenience Fees:  $2.00", false)): null

28-08-2024T19:39:49 - [MESSAGE][PASSED] - Text 'Convenience Fees:  $2.00' is present on page 

28-08-2024T19:39:49 - [TEST_STEP][PASSED] - isRequiredTextPresent = true: null

28-08-2024T19:39:49 - [TEST_STEP][PASSED] - if (isRequiredTextPresent): null

28-08-2024T19:39:49 - [TEST_STEP][PASSED] - if (verifyTextPresent("Total Amount:  $12.50", false)): null

28-08-2024T19:39:49 - [MESSAGE][PASSED] - Text 'Total Amount:  $12.50' is present on page 

28-08-2024T19:39:49 - [TEST_STEP][PASSED] - isRequiredTextPresent = true: null

28-08-2024T19:39:49 - [TEST_STEP][PASSED] - if (isRequiredTextPresent): null

28-08-2024T19:39:49 - [TEST_STEP][PASSED] - if (verifyTextPresent("One transaction in the amount of $12.50 will appear on your bank statement.", false)): null

28-08-2024T19:39:50 - [MESSAGE][PASSED] - Text 'One transaction in the amount of $12.50 will appear on your bank statement.' is present on page 

28-08-2024T19:39:50 - [TEST_STEP][PASSED] - isRequiredTextPresent = true: null

28-08-2024T19:39:50 - [TEST_STEP][PASSED] - Thread.sleep(10000): null

28-08-2024T19:40:00 - [TEST_STEP][PASSED] - click(findTestObject("Object Repository/IWP30/Page_ConvenienceFees/btn_convFeeNotifyAction")): Object: 'Object Repository/IWP30/Page_ConvenienceFees/btn_convFeeNotifyAction' is clicked on

28-08-2024T19:40:02 - [MESSAGE][PASSED] - Object: 'Object Repository/IWP30/Page_ConvenienceFees/btn_convFeeNotifyAction' is clicked on

28-08-2024T19:40:02 - [TEST_STEP][PASSED] - Thread.sleep(10000): null

28-08-2024T19:40:12 - [TEST_STEP][PASSED] - if (verifyTextPresent("Successful Payment Receipt", false)): null

28-08-2024T19:40:12 - [MESSAGE][PASSED] - Text 'Successful Payment Receipt' is present on page 

28-08-2024T19:40:12 - [TEST_STEP][PASSED] - println("Successful Payment Receipt text is present on the Receipt page"): null

28-08-2024T19:40:12 - [TEST_STEP][PASSED] - markPassed("Successful Payment Receipt text is present on the Receipt page"): Successful Payment Receipt text is present on the Receipt page

28-08-2024T19:40:12 - [MESSAGE][PASSED] - Successful Payment Receipt text is present on the Receipt page

28-08-2024T19:40:12 - [TEST_STEP][PASSED] - resText = "Pass": null

28-08-2024T19:40:12 - [TEST_STEP][PASSED] - pages.WriteExcel.demoKey(resText, datText, resColumn, datCloumn, fileLoc, nameSheet, row): pages.WriteExcel.demoKey is PASSED

28-08-2024T19:40:13 - [MESSAGE][PASSED] - pages.WriteExcel.demoKey is PASSED

28-08-2024T19:40:13 - [TEST_STEP][PASSED] - closeBrowser(): Browser is closed

28-08-2024T19:40:13 - [MESSAGE][PASSED] - Browser is closed

28-08-2024T19:40:13 - [TEST_STEP][PASSED] - ExecuteTC = findTestData(dataFile).getValue("Execute", row): null

28-08-2024T19:40:13 - [TEST_STEP][PASSED] - out.println("Value of Execute is : " + ExecuteTC): null

28-08-2024T19:40:13 - [TEST_STEP][PASSED] - if (ExecuteTC.equalsIgnoreCase("Y")): null

28-08-2024T19:40:13 - [TEST_STEP][PASSED] - out.println("Begin Record Number: " + row): null

28-08-2024T19:40:13 - [TEST_STEP][PASSED] - today = new java.util.Date(): null

28-08-2024T19:40:13 - [TEST_STEP][PASSED] - println(today): null

28-08-2024T19:40:13 - [TEST_STEP][PASSED] - datText = today: null

28-08-2024T19:40:13 - [TEST_STEP][PASSED] - EmulatorDataKey = findTestData(dataFile).getValue("EmulatorData", row): null

28-08-2024T19:40:13 - [TEST_STEP][PASSED] - out.println("Value of Emulator Key is : " + EmulatorDataKey): null

28-08-2024T19:40:13 - [TEST_STEP][PASSED] - iwpPages.emulatorIWP30.setDataEmulator_DD(EmulatorDataKey): iwpPages.emulatorIWP30.setDataEmulator_DD is PASSED

28-08-2024T19:40:13 - [MESSAGE][INFO] - Starting 'Edge Chromium' driver

28-08-2024T19:40:13 - [MESSAGE][INFO] - User set preference: ['acceptInsecureCerts', 'true']

28-08-2024T19:40:18 - [MESSAGE][INFO] - Action delay is set to 0 milliseconds

28-08-2024T19:40:25 - [MESSAGE][PASSED] - Browser is opened with url: 'https://qa2.velocitypayment.com/agency/config.do?action=editor&message_version=2_5'

28-08-2024T19:40:25 - [MESSAGE][PASSED] - Current window maximized

28-08-2024T19:40:26 - [MESSAGE][PASSED] - All options with value '2.5' are selected in object 'Object Repository/IWP30/Page_VRelay30Emulator/MV'  using regular expression

28-08-2024T19:40:27 - [MESSAGE][PASSED] - Text '10.50' is set on object 'Object Repository/IWP30/Page_VRelay30Emulator/Amount'

28-08-2024T19:40:28 - [MESSAGE][PASSED] - Text '26413255' is set on object 'Object Repository/IWP30/Page_VRelay30Emulator/CAN'

28-08-2024T19:40:28 - [MESSAGE][PASSED] - Text 'PayNow' is set on object 'Object Repository/IWP30/Page_VRelay30Emulator/Action'

28-08-2024T19:40:29 - [MESSAGE][PASSED] - Text 'en_US' is set on object 'Object Repository/IWP30/Page_VRelay30Emulator/Lang'

28-08-2024T19:40:30 - [MESSAGE][PASSED] - Text 'Jasmine' is set on object 'Object Repository/IWP30/Page_VRelay30Emulator/Fname'

28-08-2024T19:40:32 - [MESSAGE][PASSED] - Text 'Patrinol' is set on object 'Object Repository/IWP30/Page_VRelay30Emulator/Lname'

28-08-2024T19:40:33 - [MESSAGE][PASSED] - Text '258 Underwood rd' is set on object 'Object Repository/IWP30/Page_VRelay30Emulator/AL1'

28-08-2024T19:40:33 - [MESSAGE][PASSED] - Text 'Suite 600' is set on object 'Object Repository/IWP30/Page_VRelay30Emulator/AL2'

28-08-2024T19:40:34 - [MESSAGE][PASSED] - Text '840' is set on object 'Object Repository/IWP30/Page_VRelay30Emulator/Country'

28-08-2024T19:40:35 - [MESSAGE][PASSED] - Text 'Arlington' is set on object 'Object Repository/IWP30/Page_VRelay30Emulator/City'

28-08-2024T19:40:35 - [MESSAGE][PASSED] - Text 'VA' is set on object 'Object Repository/IWP30/Page_VRelay30Emulator/State'

28-08-2024T19:40:36 - [MESSAGE][PASSED] - Text '22201' is set on object 'Object Repository/IWP30/Page_VRelay30Emulator/ZIP'

28-08-2024T19:40:37 - [MESSAGE][PASSED] - Text '' is set on object 'Object Repository/IWP30/Page_VRelay30Emulator/Order'

28-08-2024T19:40:39 - [MESSAGE][PASSED] - Text 'Some Company' is set on object 'Object Repository/IWP30/Page_VRelay30Emulator/Company'

28-08-2024T19:40:40 - [MESSAGE][PASSED] - Text 'iahmed@govolution.com' is set on object 'Object Repository/IWP30/Page_VRelay30Emulator/Email'

28-08-2024T19:40:40 - [MESSAGE][PASSED] - Text 'udf data 1' is set on object 'Object Repository/IWP30/Page_VRelay30Emulator/UDF1'

28-08-2024T19:40:41 - [MESSAGE][PASSED] - Text 'udf data 2' is set on object 'Object Repository/IWP30/Page_VRelay30Emulator/UDF2'

28-08-2024T19:40:42 - [MESSAGE][PASSED] - Text 'udf data 3' is set on object 'Object Repository/IWP30/Page_VRelay30Emulator/UDF3'

28-08-2024T19:40:42 - [MESSAGE][PASSED] - Text 'udf data 4' is set on object 'Object Repository/IWP30/Page_VRelay30Emulator/UDF4'

28-08-2024T19:40:43 - [MESSAGE][PASSED] - Text 'udf data 5' is set on object 'Object Repository/IWP30/Page_VRelay30Emulator/UDF5'

28-08-2024T19:40:46 - [MESSAGE][PASSED] - Text 'udf data 6' is set on object 'Object Repository/IWP30/Page_VRelay30Emulator/UDF6'

28-08-2024T19:40:46 - [MESSAGE][PASSED] - Text 'Orange' is set on object 'Object Repository/IWP30/Page_VRelay30Emulator/UDF7'

28-08-2024T19:40:47 - [MESSAGE][PASSED] - Text 'Soccer' is set on object 'Object Repository/IWP30/Page_VRelay30Emulator/UDF8'

28-08-2024T19:40:47 - [MESSAGE][PASSED] - Text 'udf data 9' is set on object 'Object Repository/IWP30/Page_VRelay30Emulator/UDF9'

28-08-2024T19:40:48 - [MESSAGE][PASSED] - Text 'udf data 10' is set on object 'Object Repository/IWP30/Page_VRelay30Emulator/UDF10'

28-08-2024T19:40:49 - [MESSAGE][PASSED] - Object: 'Object Repository/IWP30/Page_VRelay30Emulator/Submit' is clicked on

28-08-2024T19:40:54 - [MESSAGE][PASSED] - Browser is closed

28-08-2024T19:40:58 - [MESSAGE][PASSED] - iwpPages.emulatorIWP30.setDataEmulator_DD is PASSED

28-08-2024T19:40:58 - [TEST_STEP][PASSED] - testHarnessURL = urlTestHarness: null

28-08-2024T19:40:58 - [TEST_STEP][PASSED] - openBrowser(testHarnessURL): Browser is opened with url: 'https://dev-algorithm.govolution.com/vrelaytest/QA2/version_2_2/vrelaytest.html'

28-08-2024T19:40:58 - [MESSAGE][INFO] - Starting 'Edge Chromium' driver

28-08-2024T19:40:58 - [MESSAGE][INFO] - User set preference: ['acceptInsecureCerts', 'true']

28-08-2024T19:41:01 - [MESSAGE][INFO] - Action delay is set to 0 milliseconds

28-08-2024T19:41:06 - [MESSAGE][PASSED] - Browser is opened with url: 'https://dev-algorithm.govolution.com/vrelaytest/QA2/version_2_2/vrelaytest.html'

28-08-2024T19:41:06 - [TEST_STEP][PASSED] - maximizeWindow(): Current window maximized

28-08-2024T19:41:06 - [MESSAGE][PASSED] - Current window maximized

28-08-2024T19:41:06 - [TEST_STEP][PASSED] - iwpPages.TestHarnessPage.setDataMethod(row, dataFile): iwpPages.TestHarnessPage.setDataMethod is PASSED

28-08-2024T19:41:07 - [MESSAGE][PASSED] - Object 'Object Repository/IWP30/Page_QATestHarness/RemittanceID' is present

28-08-2024T19:41:07 - [MESSAGE][PASSED] - Text '639' is set on object 'Object Repository/IWP30/Page_QATestHarness/ApplicationID'

28-08-2024T19:41:08 - [MESSAGE][PASSED] - Text '2.5' is set on object 'Object Repository/IWP30/Page_QATestHarness/MessageVersion'

28-08-2024T19:41:09 - [MESSAGE][PASSED] - Text 'iCdutKHK7KcX' is set on object 'Object Repository/IWP30/Page_QATestHarness/RemittanceID'

28-08-2024T19:41:13 - [MESSAGE][PASSED] - Object: 'Object Repository/IWP30/Page_QATestHarness/SubmitButton' is clicked on

28-08-2024T19:41:13 - [MESSAGE][PASSED] - iwpPages.TestHarnessPage.setDataMethod is PASSED

28-08-2024T19:41:13 - [TEST_STEP][PASSED] - click(findTestObject("Object Repository/IWP30/Page_SelectPaymentMethod/PayByCorporateCheck")): Object: 'Object Repository/IWP30/Page_SelectPaymentMethod/PayByCorporateCheck' is clicked on

28-08-2024T19:41:14 - [MESSAGE][PASSED] - Object: 'Object Repository/IWP30/Page_SelectPaymentMethod/PayByCorporateCheck' is clicked on

28-08-2024T19:41:14 - [TEST_STEP][PASSED] - click(findTestObject("Object Repository/IWP30/Page_SelectPaymentMethod/MakePaymentButton")): Object: 'Object Repository/IWP30/Page_SelectPaymentMethod/MakePaymentButton' is clicked on

28-08-2024T19:41:17 - [MESSAGE][PASSED] - Object: 'Object Repository/IWP30/Page_SelectPaymentMethod/MakePaymentButton' is clicked on

28-08-2024T19:41:17 - [TEST_STEP][PASSED] - iwpPages.achCorporatePaymentEntryPage.setDataCorporate(row, dataFile): iwpPages.achCorporatePaymentEntryPage.setDataCorporate is PASSED

28-08-2024T19:41:20 - [MESSAGE][PASSED] - Object 'Object Repository/IWP30/Page_ACHCorporatePaymentEntry/txt_accountNumber' is present

28-08-2024T19:41:20 - [MESSAGE][PASSED] - Object 'Object Repository/IWP30/Page_ACHCorporatePaymentEntry/input_CompanyName' is present

28-08-2024T19:41:20 - [MESSAGE][PASSED] - Object 'Object Repository/IWP30/Page_ACHCorporatePaymentEntry/input_EIN' is present

28-08-2024T19:41:21 - [MESSAGE][PASSED] - Text '123456789' is set on object 'Object Repository/IWP30/Page_ACHCorporatePaymentEntry/input_EIN'

28-08-2024T19:41:22 - [MESSAGE][PASSED] - All options with label 'Soccer' are selected in object 'Object Repository/IWP30/Page_ACHCorporatePaymentEntry/dd_UDF8' 

28-08-2024T19:41:22 - [MESSAGE][PASSED] - Object 'Object Repository/IWP30/Page_ACHCorporatePaymentEntry/txt_routingNumber' is present

28-08-2024T19:41:22 - [MESSAGE][PASSED] - Text '256072691' is set on object 'Object Repository/IWP30/Page_ACHCorporatePaymentEntry/txt_routingNumber'

28-08-2024T19:41:23 - [MESSAGE][PASSED] - Object 'Object Repository/IWP30/Page_ACHCorporatePaymentEntry/txt_accountNumber' is present

28-08-2024T19:41:25 - [MESSAGE][PASSED] - Text '12344444' is set on object 'Object Repository/IWP30/Page_ACHCorporatePaymentEntry/txt_accountNumber'

28-08-2024T19:41:26 - [MESSAGE][PASSED] - Object 'Object Repository/IWP30/Page_ACHCorporatePaymentEntry/txt_confirmAccountNumber' is present

28-08-2024T19:41:27 - [MESSAGE][PASSED] - Text '12344444' is set on object 'Object Repository/IWP30/Page_ACHCorporatePaymentEntry/txt_confirmAccountNumber'

28-08-2024T19:41:27 - [MESSAGE][PASSED] - Object 'Object Repository/IWP30/Page_ACHCorporatePaymentEntry/txt_Email' is present

28-08-2024T19:41:28 - [MESSAGE][PASSED] - Object 'Object Repository/IWP30/Page_ACHCorporatePaymentEntry/cb_TermsAndCond' is present

28-08-2024T19:41:28 - [MESSAGE][PASSED] - Object: 'Object Repository/IWP30/Page_ACHCorporatePaymentEntry/cb_TermsAndCond' is clicked on

28-08-2024T19:41:28 - [MESSAGE][PASSED] - Object 'Object Repository/IWP30/Page_ACHCorporatePaymentEntry/btn_Continue' is present

28-08-2024T19:41:30 - [MESSAGE][PASSED] - Object: 'Object Repository/IWP30/Page_ACHCorporatePaymentEntry/btn_Continue' is clicked on

28-08-2024T19:41:30 - [MESSAGE][PASSED] - iwpPages.achCorporatePaymentEntryPage.setDataCorporate is PASSED

28-08-2024T19:41:30 - [TEST_STEP][PASSED] - click(findTestObject("Object Repository/IWP30/Page_Confirmation/ConfirmButton")): Object: 'Object Repository/IWP30/Page_Confirmation/ConfirmButton' is clicked on

28-08-2024T19:41:34 - [MESSAGE][PASSED] - Object: 'Object Repository/IWP30/Page_Confirmation/ConfirmButton' is clicked on

28-08-2024T19:41:34 - [TEST_STEP][PASSED] - Thread.sleep(5000): null

28-08-2024T19:41:39 - [TEST_STEP][PASSED] - if (verifyTextPresent("Make a Real Estate Payment", false)): null

28-08-2024T19:41:40 - [MESSAGE][PASSED] - Text 'Make a Real Estate Payment' is present on page 

28-08-2024T19:41:40 - [TEST_STEP][PASSED] - isRequiredTextPresent = true: null

28-08-2024T19:41:40 - [TEST_STEP][PASSED] - println(isRequiredTextPresent): null

28-08-2024T19:41:40 - [TEST_STEP][PASSED] - if (isRequiredTextPresent): null

28-08-2024T19:41:40 - [TEST_STEP][PASSED] - if (verifyTextPresent("This transaction is subject to a Convenience Fees of $2.00.", false)): null

28-08-2024T19:41:40 - [MESSAGE][PASSED] - Text 'This transaction is subject to a Convenience Fees of $2.00.' is present on page 

28-08-2024T19:41:40 - [TEST_STEP][PASSED] - isRequiredTextPresent = true: null

28-08-2024T19:41:40 - [TEST_STEP][PASSED] - println(isRequiredTextPresent): null

28-08-2024T19:41:40 - [TEST_STEP][PASSED] - if (isRequiredTextPresent): null

28-08-2024T19:41:40 - [TEST_STEP][PASSED] - if (verifyTextPresent("Payment Amount:  $10.50", false)): null

28-08-2024T19:41:40 - [MESSAGE][PASSED] - Text 'Payment Amount:  $10.50' is present on page 

28-08-2024T19:41:40 - [TEST_STEP][PASSED] - isRequiredTextPresent = true: null

28-08-2024T19:41:40 - [TEST_STEP][PASSED] - if (isRequiredTextPresent): null

28-08-2024T19:41:40 - [TEST_STEP][PASSED] - if (verifyTextPresent("Convenience Fees:  $2.00", false)): null

28-08-2024T19:41:41 - [MESSAGE][PASSED] - Text 'Convenience Fees:  $2.00' is present on page 

28-08-2024T19:41:41 - [TEST_STEP][PASSED] - isRequiredTextPresent = true: null

28-08-2024T19:41:41 - [TEST_STEP][PASSED] - if (isRequiredTextPresent): null

28-08-2024T19:41:41 - [TEST_STEP][PASSED] - if (verifyTextPresent("Total Amount:  $12.50", false)): null

28-08-2024T19:41:41 - [MESSAGE][PASSED] - Text 'Total Amount:  $12.50' is present on page 

28-08-2024T19:41:41 - [TEST_STEP][PASSED] - isRequiredTextPresent = true: null

28-08-2024T19:41:41 - [TEST_STEP][PASSED] - if (isRequiredTextPresent): null

28-08-2024T19:41:41 - [TEST_STEP][PASSED] - if (verifyTextPresent("One transaction in the amount of $12.50 will appear on your bank statement.", false)): null

28-08-2024T19:41:41 - [MESSAGE][PASSED] - Text 'One transaction in the amount of $12.50 will appear on your bank statement.' is present on page 

28-08-2024T19:41:41 - [TEST_STEP][PASSED] - isRequiredTextPresent = true: null

28-08-2024T19:41:41 - [TEST_STEP][PASSED] - Thread.sleep(10000): null

28-08-2024T19:41:51 - [TEST_STEP][PASSED] - click(findTestObject("Object Repository/IWP30/Page_ConvenienceFees/btn_convFeeNotifyAction")): Object: 'Object Repository/IWP30/Page_ConvenienceFees/btn_convFeeNotifyAction' is clicked on

28-08-2024T19:41:54 - [MESSAGE][PASSED] - Object: 'Object Repository/IWP30/Page_ConvenienceFees/btn_convFeeNotifyAction' is clicked on

28-08-2024T19:41:54 - [TEST_STEP][PASSED] - Thread.sleep(10000): null

28-08-2024T19:42:05 - [TEST_STEP][PASSED] - if (verifyTextPresent("Successful Payment Receipt", false)): null

28-08-2024T19:42:05 - [MESSAGE][PASSED] - Text 'Successful Payment Receipt' is present on page 

28-08-2024T19:42:05 - [TEST_STEP][PASSED] - println("Successful Payment Receipt text is present on the Receipt page"): null

28-08-2024T19:42:05 - [TEST_STEP][PASSED] - markPassed("Successful Payment Receipt text is present on the Receipt page"): Successful Payment Receipt text is present on the Receipt page

28-08-2024T19:42:05 - [MESSAGE][PASSED] - Successful Payment Receipt text is present on the Receipt page

28-08-2024T19:42:05 - [TEST_STEP][PASSED] - resText = "Pass": null

28-08-2024T19:42:05 - [TEST_STEP][PASSED] - pages.WriteExcel.demoKey(resText, datText, resColumn, datCloumn, fileLoc, nameSheet, row): pages.WriteExcel.demoKey is PASSED

28-08-2024T19:42:06 - [MESSAGE][PASSED] - pages.WriteExcel.demoKey is PASSED

28-08-2024T19:42:06 - [TEST_STEP][PASSED] - closeBrowser(): Browser is closed

28-08-2024T19:42:07 - [MESSAGE][PASSED] - Browser is closed]]></system-out>
         <system-err><![CDATA[]]></system-err>
      </testcase>
      <testcase name="Test Cases/IntegratedWeb/IWP25/Payments/PayNowPersonalCheckDCF" time="230.163" classname="Test Cases/IntegratedWeb/IWP25/Payments/PayNowPersonalCheckDCF" status="PASSED">
         <system-out><![CDATA[28-08-2024T19:42:07 - [TEST_CASE][PASSED] - Test Cases/IntegratedWeb/IWP25/Payments/PayNowPersonalCheckDCF: Test Cases/IntegratedWeb/IWP25/Payments/PayNowPersonalCheckDCF

28-08-2024T19:42:07 - [TEST_STEP][PASSED] - resText = "Fail": null

28-08-2024T19:42:07 - [TEST_STEP][PASSED] - resColumn = "Result": null

28-08-2024T19:42:07 - [TEST_STEP][PASSED] - datCloumn = "Date": null

28-08-2024T19:42:07 - [TEST_STEP][PASSED] - fileLoc = "KatalonData/IWPTestData/VRelay25Payments.xlsx": null

28-08-2024T19:42:07 - [TEST_STEP][PASSED] - numOfRows = <not implemented yet for class: org.codehaus.groovy.ast.expr.EmptyExpression>: null

28-08-2024T19:42:07 - [TEST_STEP][PASSED] - dataFile = <not implemented yet for class: org.codehaus.groovy.ast.expr.EmptyExpression>: null

28-08-2024T19:42:07 - [TEST_STEP][PASSED] - nameSheet = <not implemented yet for class: org.codehaus.groovy.ast.expr.EmptyExpression>: null

28-08-2024T19:42:07 - [TEST_STEP][PASSED] - dataFileEmulator = <not implemented yet for class: org.codehaus.groovy.ast.expr.EmptyExpression>: null

28-08-2024T19:42:07 - [TEST_STEP][PASSED] - isRequiredTextPresent = false: null

28-08-2024T19:42:07 - [TEST_STEP][PASSED] - nameSheet = "PayNowPersonalCheckDCF": null

28-08-2024T19:42:07 - [TEST_STEP][PASSED] - dataFile = "IWPTestData/IWP25PayNowPersonalCheckDCF": null

28-08-2024T19:42:07 - [TEST_STEP][PASSED] - dataFileEmulator = "IWPTestData/EmulatorData": null

28-08-2024T19:42:07 - [TEST_STEP][PASSED] - numOfRows = findTestData(dataFile).getRowNumbers(): null

28-08-2024T19:42:07 - [TEST_STEP][PASSED] - println("Number of Records: " + numOfRows): null

28-08-2024T19:42:07 - [TEST_STEP][PASSED] - for ([row = 1, row <= numOfRows, (row++)]): Browser is closed

28-08-2024T19:42:07 - [TEST_STEP][PASSED] - ExecuteTC = findTestData(dataFile).getValue("Execute", row): null

28-08-2024T19:42:07 - [TEST_STEP][PASSED] - out.println("Value of Execute is : " + ExecuteTC): null

28-08-2024T19:42:07 - [TEST_STEP][PASSED] - if (ExecuteTC.equalsIgnoreCase("Y")): null

28-08-2024T19:42:07 - [TEST_STEP][PASSED] - out.println("Begin Record Number: " + row): null

28-08-2024T19:42:07 - [TEST_STEP][PASSED] - today = new java.util.Date(): null

28-08-2024T19:42:07 - [TEST_STEP][PASSED] - println(today): null

28-08-2024T19:42:07 - [TEST_STEP][PASSED] - datText = today: null

28-08-2024T19:42:07 - [TEST_STEP][PASSED] - EmulatorDataKey = findTestData(dataFile).getValue("EmulatorData", row): null

28-08-2024T19:42:07 - [TEST_STEP][PASSED] - out.println("Value of Emulator Key is : " + EmulatorDataKey): null

28-08-2024T19:42:07 - [TEST_STEP][PASSED] - iwpPages.emulatorIWP30.setDataEmulator_DD(EmulatorDataKey): iwpPages.emulatorIWP30.setDataEmulator_DD is PASSED

28-08-2024T19:42:07 - [MESSAGE][INFO] - Starting 'Edge Chromium' driver

28-08-2024T19:42:07 - [MESSAGE][INFO] - User set preference: ['acceptInsecureCerts', 'true']

28-08-2024T19:42:10 - [MESSAGE][INFO] - Action delay is set to 0 milliseconds

28-08-2024T19:42:17 - [MESSAGE][PASSED] - Browser is opened with url: 'https://qa2.velocitypayment.com/agency/config.do?action=editor&message_version=2_5'

28-08-2024T19:42:17 - [MESSAGE][PASSED] - Current window maximized

28-08-2024T19:42:18 - [MESSAGE][PASSED] - All options with value '2.5' are selected in object 'Object Repository/IWP30/Page_VRelay30Emulator/MV'  using regular expression

28-08-2024T19:42:19 - [MESSAGE][PASSED] - Text '10.50' is set on object 'Object Repository/IWP30/Page_VRelay30Emulator/Amount'

28-08-2024T19:42:19 - [MESSAGE][PASSED] - Text '26413414' is set on object 'Object Repository/IWP30/Page_VRelay30Emulator/CAN'

28-08-2024T19:42:21 - [MESSAGE][PASSED] - Text 'PayNow' is set on object 'Object Repository/IWP30/Page_VRelay30Emulator/Action'

28-08-2024T19:42:22 - [MESSAGE][PASSED] - Text 'en_US' is set on object 'Object Repository/IWP30/Page_VRelay30Emulator/Lang'

28-08-2024T19:42:23 - [MESSAGE][PASSED] - Text '' is set on object 'Object Repository/IWP30/Page_VRelay30Emulator/Fname'

28-08-2024T19:42:24 - [MESSAGE][PASSED] - Text '' is set on object 'Object Repository/IWP30/Page_VRelay30Emulator/Lname'

28-08-2024T19:42:24 - [MESSAGE][PASSED] - Text '' is set on object 'Object Repository/IWP30/Page_VRelay30Emulator/AL1'

28-08-2024T19:42:25 - [MESSAGE][PASSED] - Text '' is set on object 'Object Repository/IWP30/Page_VRelay30Emulator/AL2'

28-08-2024T19:42:26 - [MESSAGE][PASSED] - Text '' is set on object 'Object Repository/IWP30/Page_VRelay30Emulator/Country'

28-08-2024T19:42:26 - [MESSAGE][PASSED] - Text '' is set on object 'Object Repository/IWP30/Page_VRelay30Emulator/City'

28-08-2024T19:42:27 - [MESSAGE][PASSED] - Text '' is set on object 'Object Repository/IWP30/Page_VRelay30Emulator/State'

28-08-2024T19:42:29 - [MESSAGE][PASSED] - Text '' is set on object 'Object Repository/IWP30/Page_VRelay30Emulator/ZIP'

28-08-2024T19:42:30 - [MESSAGE][PASSED] - Text '' is set on object 'Object Repository/IWP30/Page_VRelay30Emulator/Order'

28-08-2024T19:42:30 - [MESSAGE][PASSED] - Text '' is set on object 'Object Repository/IWP30/Page_VRelay30Emulator/Company'

28-08-2024T19:42:31 - [MESSAGE][PASSED] - Text '' is set on object 'Object Repository/IWP30/Page_VRelay30Emulator/Email'

28-08-2024T19:42:31 - [MESSAGE][PASSED] - Text '' is set on object 'Object Repository/IWP30/Page_VRelay30Emulator/UDF1'

28-08-2024T19:42:32 - [MESSAGE][PASSED] - Text '' is set on object 'Object Repository/IWP30/Page_VRelay30Emulator/UDF2'

28-08-2024T19:42:32 - [MESSAGE][PASSED] - Text '' is set on object 'Object Repository/IWP30/Page_VRelay30Emulator/UDF3'

28-08-2024T19:42:33 - [MESSAGE][PASSED] - Text 'udf data 4' is set on object 'Object Repository/IWP30/Page_VRelay30Emulator/UDF4'

28-08-2024T19:42:35 - [MESSAGE][PASSED] - Text 'udf data 5' is set on object 'Object Repository/IWP30/Page_VRelay30Emulator/UDF5'

28-08-2024T19:42:36 - [MESSAGE][PASSED] - Text '' is set on object 'Object Repository/IWP30/Page_VRelay30Emulator/UDF6'

28-08-2024T19:42:37 - [MESSAGE][PASSED] - Text '' is set on object 'Object Repository/IWP30/Page_VRelay30Emulator/UDF7'

28-08-2024T19:42:37 - [MESSAGE][PASSED] - Text '' is set on object 'Object Repository/IWP30/Page_VRelay30Emulator/UDF8'

28-08-2024T19:42:38 - [MESSAGE][PASSED] - Text 'udf data 9' is set on object 'Object Repository/IWP30/Page_VRelay30Emulator/UDF9'

28-08-2024T19:42:39 - [MESSAGE][PASSED] - Text 'udf data 10' is set on object 'Object Repository/IWP30/Page_VRelay30Emulator/UDF10'

28-08-2024T19:42:40 - [MESSAGE][PASSED] - Object: 'Object Repository/IWP30/Page_VRelay30Emulator/Submit' is clicked on

28-08-2024T19:42:44 - [MESSAGE][PASSED] - Browser is closed

28-08-2024T19:42:48 - [MESSAGE][PASSED] - iwpPages.emulatorIWP30.setDataEmulator_DD is PASSED

28-08-2024T19:42:48 - [TEST_STEP][PASSED] - testHarnessURL = urlTestHarness: null

28-08-2024T19:42:48 - [TEST_STEP][PASSED] - openBrowser(testHarnessURL): Browser is opened with url: 'https://dev-algorithm.govolution.com/vrelaytest/QA2/version_2_2/vrelaytest.html'

28-08-2024T19:42:48 - [MESSAGE][INFO] - Starting 'Edge Chromium' driver

28-08-2024T19:42:48 - [MESSAGE][INFO] - User set preference: ['acceptInsecureCerts', 'true']

28-08-2024T19:42:51 - [MESSAGE][INFO] - Action delay is set to 0 milliseconds

28-08-2024T19:42:57 - [MESSAGE][PASSED] - Browser is opened with url: 'https://dev-algorithm.govolution.com/vrelaytest/QA2/version_2_2/vrelaytest.html'

28-08-2024T19:42:57 - [TEST_STEP][PASSED] - maximizeWindow(): Current window maximized

28-08-2024T19:42:57 - [MESSAGE][PASSED] - Current window maximized

28-08-2024T19:42:57 - [TEST_STEP][PASSED] - iwpPages.TestHarnessPage.setDataMethod(row, dataFile): iwpPages.TestHarnessPage.setDataMethod is PASSED

28-08-2024T19:42:57 - [MESSAGE][PASSED] - Object 'Object Repository/IWP30/Page_QATestHarness/RemittanceID' is present

28-08-2024T19:42:58 - [MESSAGE][PASSED] - Text '640' is set on object 'Object Repository/IWP30/Page_QATestHarness/ApplicationID'

28-08-2024T19:42:58 - [MESSAGE][PASSED] - Text '2.5' is set on object 'Object Repository/IWP30/Page_QATestHarness/MessageVersion'

28-08-2024T19:42:59 - [MESSAGE][PASSED] - Text 'XR2qJAXXGD9F' is set on object 'Object Repository/IWP30/Page_QATestHarness/RemittanceID'

28-08-2024T19:43:03 - [MESSAGE][PASSED] - Object: 'Object Repository/IWP30/Page_QATestHarness/SubmitButton' is clicked on

28-08-2024T19:43:03 - [MESSAGE][PASSED] - iwpPages.TestHarnessPage.setDataMethod is PASSED

28-08-2024T19:43:03 - [TEST_STEP][PASSED] - click(findTestObject("Object Repository/IWP30/Page_SelectPaymentMethod/PayByPersonalCheck")): Object: 'Object Repository/IWP30/Page_SelectPaymentMethod/PayByPersonalCheck' is clicked on

28-08-2024T19:43:04 - [MESSAGE][PASSED] - Object: 'Object Repository/IWP30/Page_SelectPaymentMethod/PayByPersonalCheck' is clicked on

28-08-2024T19:43:04 - [TEST_STEP][PASSED] - click(findTestObject("Object Repository/IWP30/Page_SelectPaymentMethod/MakePaymentButton")): Object: 'Object Repository/IWP30/Page_SelectPaymentMethod/MakePaymentButton' is clicked on

28-08-2024T19:43:07 - [MESSAGE][PASSED] - Object: 'Object Repository/IWP30/Page_SelectPaymentMethod/MakePaymentButton' is clicked on

28-08-2024T19:43:07 - [TEST_STEP][PASSED] - iwpPages.achPersonalPaymentEntryPage.setDataACHPPM(row, dataFile): iwpPages.achPersonalPaymentEntryPage.setDataACHPPM is PASSED

28-08-2024T19:43:07 - [MESSAGE][PASSED] - Object 'Object Repository/IWP30/Page_ACHPersonalPaymentEntry/txt_accountNumber' is present

28-08-2024T19:43:10 - [MESSAGE][PASSED] - Text '10.50' is set on object 'Object Repository/IWP30/Page_ACHPersonalPaymentEntry/txt_Amount'

28-08-2024T19:43:10 - [MESSAGE][PASSED] - Object 'Object Repository/IWP30/Page_ACHPersonalPaymentEntry/txt_UDF2' is present

28-08-2024T19:43:11 - [MESSAGE][PASSED] - Text 'udf data 2' is set on object 'Object Repository/IWP30/Page_ACHPersonalPaymentEntry/txt_UDF2'

28-08-2024T19:43:12 - [MESSAGE][PASSED] - Text 'udf data 3' is set on object 'Object Repository/IWP30/Page_ACHPersonalPaymentEntry/txt_UDF3'

28-08-2024T19:43:12 - [MESSAGE][PASSED] - All options with label 'Orange' are selected in object 'Object Repository/IWP30/Page_ACHPersonalPaymentEntry/dd_UDF7' 

28-08-2024T19:43:13 - [MESSAGE][PASSED] - All options with label 'Soccer' are selected in object 'Object Repository/IWP30/Page_ACHPersonalPaymentEntry/dd_UDF8' 

28-08-2024T19:43:13 - [MESSAGE][PASSED] - Object 'Object Repository/IWP30/Page_ACHPersonalPaymentEntry/txt_Firstname' is present

28-08-2024T19:43:13 - [MESSAGE][PASSED] - Text 'Elizath' is set on object 'Object Repository/IWP30/Page_ACHPersonalPaymentEntry/txt_Firstname'

28-08-2024T19:43:14 - [MESSAGE][PASSED] - Object 'Object Repository/IWP30/Page_ACHPersonalPaymentEntry/txt_Lastname' is present

28-08-2024T19:43:15 - [MESSAGE][PASSED] - Text 'Christine' is set on object 'Object Repository/IWP30/Page_ACHPersonalPaymentEntry/txt_Lastname'

28-08-2024T19:43:15 - [MESSAGE][PASSED] - Object 'Object Repository/IWP30/Page_ACHPersonalPaymentEntry/txt_routingNumber' is present

28-08-2024T19:43:17 - [MESSAGE][PASSED] - Text '256072691' is set on object 'Object Repository/IWP30/Page_ACHPersonalPaymentEntry/txt_routingNumber'

28-08-2024T19:43:17 - [MESSAGE][PASSED] - Object 'Object Repository/IWP30/Page_ACHPersonalPaymentEntry/txt_accountNumber' is present

28-08-2024T19:43:19 - [MESSAGE][PASSED] - Text '12344444' is set on object 'Object Repository/IWP30/Page_ACHPersonalPaymentEntry/txt_accountNumber'

28-08-2024T19:43:19 - [MESSAGE][PASSED] - Object 'Object Repository/IWP30/Page_ACHPersonalPaymentEntry/txt_confirmAccountNumber' is present

28-08-2024T19:43:20 - [MESSAGE][PASSED] - Text '12344444' is set on object 'Object Repository/IWP30/Page_ACHPersonalPaymentEntry/txt_confirmAccountNumber'

28-08-2024T19:43:20 - [MESSAGE][PASSED] - Object 'Object Repository/IWP30/Page_ACHPersonalPaymentEntry/rd_accountType' is present

28-08-2024T19:43:20 - [MESSAGE][PASSED] - Modify property of object successfully

28-08-2024T19:43:20 - [MESSAGE][PASSED] - Object: 'Object Repository/IWP30/Page_ACHPersonalPaymentEntry/rd_accountType' is clicked on

28-08-2024T19:43:21 - [MESSAGE][PASSED] - Text '365 Main Avenue' is set on object 'Object Repository/IWP30/Page_ACHPersonalPaymentEntry/txt_AL1'

28-08-2024T19:43:23 - [MESSAGE][PASSED] - Text '22201' is set on object 'Object Repository/IWP30/Page_ACHPersonalPaymentEntry/txt_ZIP'

28-08-2024T19:43:24 - [MESSAGE][PASSED] - Object 'Object Repository/IWP30/Page_ACHPersonalPaymentEntry/txt_Email' is present

28-08-2024T19:43:25 - [MESSAGE][PASSED] - Text 'iahmed@govolution.com' is set on object 'Object Repository/IWP30/Page_ACHPersonalPaymentEntry/txt_Email'

28-08-2024T19:43:25 - [MESSAGE][PASSED] - Object 'Object Repository/IWP30/Page_ACHPersonalPaymentEntry/cb_TermsAndCond' is present

28-08-2024T19:43:26 - [MESSAGE][PASSED] - Object: 'Object Repository/IWP30/Page_ACHPersonalPaymentEntry/cb_TermsAndCond' is clicked on

28-08-2024T19:43:26 - [MESSAGE][PASSED] - Object 'Object Repository/IWP30/Page_ACHPersonalPaymentEntry/btn_Continue' is present

28-08-2024T19:43:27 - [MESSAGE][PASSED] - Object: 'Object Repository/IWP30/Page_ACHPersonalPaymentEntry/btn_Continue' is clicked on

28-08-2024T19:43:27 - [MESSAGE][PASSED] - iwpPages.achPersonalPaymentEntryPage.setDataACHPPM is PASSED

28-08-2024T19:43:27 - [TEST_STEP][PASSED] - click(findTestObject("Object Repository/IWP30/Page_Confirmation/ConfirmButton")): Object: 'Object Repository/IWP30/Page_Confirmation/ConfirmButton' is clicked on

28-08-2024T19:43:29 - [MESSAGE][PASSED] - Object: 'Object Repository/IWP30/Page_Confirmation/ConfirmButton' is clicked on

28-08-2024T19:43:29 - [TEST_STEP][PASSED] - Thread.sleep(5000): null

28-08-2024T19:43:34 - [TEST_STEP][PASSED] - println("I am on real estate page"): null

28-08-2024T19:43:34 - [TEST_STEP][PASSED] - if (verifyTextPresent("Make a Real Estate Payment", false)): null

28-08-2024T19:43:36 - [MESSAGE][PASSED] - Text 'Make a Real Estate Payment' is present on page 

28-08-2024T19:43:36 - [TEST_STEP][PASSED] - isRequiredTextPresent = true: null

28-08-2024T19:43:36 - [TEST_STEP][PASSED] - println(isRequiredTextPresent): null

28-08-2024T19:43:36 - [TEST_STEP][PASSED] - if (isRequiredTextPresent): null

28-08-2024T19:43:36 - [TEST_STEP][PASSED] - if (verifyTextPresent("This transaction is subject to a Convenience Fees of $2.00.", false)): null

28-08-2024T19:43:37 - [MESSAGE][PASSED] - Text 'This transaction is subject to a Convenience Fees of $2.00.' is present on page 

28-08-2024T19:43:37 - [TEST_STEP][PASSED] - isRequiredTextPresent = true: null

28-08-2024T19:43:37 - [TEST_STEP][PASSED] - println(isRequiredTextPresent): null

28-08-2024T19:43:37 - [TEST_STEP][PASSED] - if (isRequiredTextPresent): null

28-08-2024T19:43:37 - [TEST_STEP][PASSED] - if (verifyTextPresent("Payment Amount:  $10.50", false)): null

28-08-2024T19:43:37 - [MESSAGE][PASSED] - Text 'Payment Amount:  $10.50' is present on page 

28-08-2024T19:43:37 - [TEST_STEP][PASSED] - isRequiredTextPresent = true: null

28-08-2024T19:43:37 - [TEST_STEP][PASSED] - if (isRequiredTextPresent): null

28-08-2024T19:43:37 - [TEST_STEP][PASSED] - if (verifyTextPresent("Convenience Fees:  $2.00", false)): null

28-08-2024T19:43:37 - [MESSAGE][PASSED] - Text 'Convenience Fees:  $2.00' is present on page 

28-08-2024T19:43:37 - [TEST_STEP][PASSED] - isRequiredTextPresent = true: null

28-08-2024T19:43:37 - [TEST_STEP][PASSED] - if (isRequiredTextPresent): null

28-08-2024T19:43:37 - [TEST_STEP][PASSED] - if (verifyTextPresent("Total Amount:  $12.50", false)): null

28-08-2024T19:43:38 - [MESSAGE][PASSED] - Text 'Total Amount:  $12.50' is present on page 

28-08-2024T19:43:38 - [TEST_STEP][PASSED] - isRequiredTextPresent = true: null

28-08-2024T19:43:38 - [TEST_STEP][PASSED] - if (isRequiredTextPresent): null

28-08-2024T19:43:38 - [TEST_STEP][PASSED] - if (verifyTextPresent("Two transactions will appear on your bank statement, one in the amount of $10.50 and one in the amount of $2.00.", false)): null

28-08-2024T19:43:38 - [MESSAGE][PASSED] - Text 'Two transactions will appear on your bank statement, one in the amount of $10.50 and one in the amount of $2.00.' is present on page 

28-08-2024T19:43:38 - [TEST_STEP][PASSED] - isRequiredTextPresent = true: null

28-08-2024T19:43:38 - [TEST_STEP][PASSED] - Thread.sleep(10000): null

28-08-2024T19:43:48 - [TEST_STEP][PASSED] - click(findTestObject("Object Repository/IWP30/Page_ConvenienceFees/btn_convFeeNotifyAction")): Object: 'Object Repository/IWP30/Page_ConvenienceFees/btn_convFeeNotifyAction' is clicked on

28-08-2024T19:43:51 - [MESSAGE][PASSED] - Object: 'Object Repository/IWP30/Page_ConvenienceFees/btn_convFeeNotifyAction' is clicked on

28-08-2024T19:43:51 - [TEST_STEP][PASSED] - Thread.sleep(10000): null

28-08-2024T19:44:02 - [TEST_STEP][PASSED] - if (verifyTextPresent("Successful Payment Receipt", false)): null

28-08-2024T19:44:02 - [MESSAGE][PASSED] - Text 'Successful Payment Receipt' is present on page 

28-08-2024T19:44:02 - [TEST_STEP][PASSED] - println("Successful Payment Receipt text is present on the Receipt page"): null

28-08-2024T19:44:02 - [TEST_STEP][PASSED] - markPassed("Successful Payment Receipt text is present on the Receipt page"): Successful Payment Receipt text is present on the Receipt page

28-08-2024T19:44:02 - [MESSAGE][PASSED] - Successful Payment Receipt text is present on the Receipt page

28-08-2024T19:44:02 - [TEST_STEP][PASSED] - resText = "Pass": null

28-08-2024T19:44:02 - [TEST_STEP][PASSED] - pages.WriteExcel.demoKey(resText, datText, resColumn, datCloumn, fileLoc, nameSheet, row): pages.WriteExcel.demoKey is PASSED

28-08-2024T19:44:03 - [MESSAGE][PASSED] - pages.WriteExcel.demoKey is PASSED

28-08-2024T19:44:03 - [TEST_STEP][PASSED] - closeBrowser(): Browser is closed

28-08-2024T19:44:04 - [MESSAGE][PASSED] - Browser is closed

28-08-2024T19:44:04 - [TEST_STEP][PASSED] - ExecuteTC = findTestData(dataFile).getValue("Execute", row): null

28-08-2024T19:44:04 - [TEST_STEP][PASSED] - out.println("Value of Execute is : " + ExecuteTC): null

28-08-2024T19:44:04 - [TEST_STEP][PASSED] - if (ExecuteTC.equalsIgnoreCase("Y")): null

28-08-2024T19:44:04 - [TEST_STEP][PASSED] - out.println("Begin Record Number: " + row): null

28-08-2024T19:44:04 - [TEST_STEP][PASSED] - today = new java.util.Date(): null

28-08-2024T19:44:04 - [TEST_STEP][PASSED] - println(today): null

28-08-2024T19:44:04 - [TEST_STEP][PASSED] - datText = today: null

28-08-2024T19:44:04 - [TEST_STEP][PASSED] - EmulatorDataKey = findTestData(dataFile).getValue("EmulatorData", row): null

28-08-2024T19:44:04 - [TEST_STEP][PASSED] - out.println("Value of Emulator Key is : " + EmulatorDataKey): null

28-08-2024T19:44:04 - [TEST_STEP][PASSED] - iwpPages.emulatorIWP30.setDataEmulator_DD(EmulatorDataKey): iwpPages.emulatorIWP30.setDataEmulator_DD is PASSED

28-08-2024T19:44:04 - [MESSAGE][INFO] - Starting 'Edge Chromium' driver

28-08-2024T19:44:04 - [MESSAGE][INFO] - User set preference: ['acceptInsecureCerts', 'true']

28-08-2024T19:44:07 - [MESSAGE][INFO] - Action delay is set to 0 milliseconds

28-08-2024T19:44:14 - [MESSAGE][PASSED] - Browser is opened with url: 'https://qa2.velocitypayment.com/agency/config.do?action=editor&message_version=2_5'

28-08-2024T19:44:14 - [MESSAGE][PASSED] - Current window maximized

28-08-2024T19:44:15 - [MESSAGE][PASSED] - All options with value '2.5' are selected in object 'Object Repository/IWP30/Page_VRelay30Emulator/MV'  using regular expression

28-08-2024T19:44:15 - [MESSAGE][PASSED] - Text '10.50' is set on object 'Object Repository/IWP30/Page_VRelay30Emulator/Amount'

28-08-2024T19:44:16 - [MESSAGE][PASSED] - Text '26413255' is set on object 'Object Repository/IWP30/Page_VRelay30Emulator/CAN'

28-08-2024T19:44:17 - [MESSAGE][PASSED] - Text 'PayNow' is set on object 'Object Repository/IWP30/Page_VRelay30Emulator/Action'

28-08-2024T19:44:20 - [MESSAGE][PASSED] - Text 'en_US' is set on object 'Object Repository/IWP30/Page_VRelay30Emulator/Lang'

28-08-2024T19:44:20 - [MESSAGE][PASSED] - Text 'Jasmine' is set on object 'Object Repository/IWP30/Page_VRelay30Emulator/Fname'

28-08-2024T19:44:21 - [MESSAGE][PASSED] - Text 'Patrinol' is set on object 'Object Repository/IWP30/Page_VRelay30Emulator/Lname'

28-08-2024T19:44:22 - [MESSAGE][PASSED] - Text '258 Underwood rd' is set on object 'Object Repository/IWP30/Page_VRelay30Emulator/AL1'

28-08-2024T19:44:22 - [MESSAGE][PASSED] - Text 'Suite 600' is set on object 'Object Repository/IWP30/Page_VRelay30Emulator/AL2'

28-08-2024T19:44:23 - [MESSAGE][PASSED] - Text '840' is set on object 'Object Repository/IWP30/Page_VRelay30Emulator/Country'

28-08-2024T19:44:23 - [MESSAGE][PASSED] - Text 'Arlington' is set on object 'Object Repository/IWP30/Page_VRelay30Emulator/City'

28-08-2024T19:44:25 - [MESSAGE][PASSED] - Text 'VA' is set on object 'Object Repository/IWP30/Page_VRelay30Emulator/State'

28-08-2024T19:44:26 - [MESSAGE][PASSED] - Text '22201' is set on object 'Object Repository/IWP30/Page_VRelay30Emulator/ZIP'

28-08-2024T19:44:27 - [MESSAGE][PASSED] - Text '' is set on object 'Object Repository/IWP30/Page_VRelay30Emulator/Order'

28-08-2024T19:44:28 - [MESSAGE][PASSED] - Text 'Some Company' is set on object 'Object Repository/IWP30/Page_VRelay30Emulator/Company'

28-08-2024T19:44:28 - [MESSAGE][PASSED] - Text 'iahmed@govolution.com' is set on object 'Object Repository/IWP30/Page_VRelay30Emulator/Email'

28-08-2024T19:44:29 - [MESSAGE][PASSED] - Text 'udf data 1' is set on object 'Object Repository/IWP30/Page_VRelay30Emulator/UDF1'

28-08-2024T19:44:30 - [MESSAGE][PASSED] - Text 'udf data 2' is set on object 'Object Repository/IWP30/Page_VRelay30Emulator/UDF2'

28-08-2024T19:44:30 - [MESSAGE][PASSED] - Text 'udf data 3' is set on object 'Object Repository/IWP30/Page_VRelay30Emulator/UDF3'

28-08-2024T19:44:32 - [MESSAGE][PASSED] - Text 'udf data 4' is set on object 'Object Repository/IWP30/Page_VRelay30Emulator/UDF4'

28-08-2024T19:44:33 - [MESSAGE][PASSED] - Text 'udf data 5' is set on object 'Object Repository/IWP30/Page_VRelay30Emulator/UDF5'

28-08-2024T19:44:34 - [MESSAGE][PASSED] - Text 'udf data 6' is set on object 'Object Repository/IWP30/Page_VRelay30Emulator/UDF6'

28-08-2024T19:44:34 - [MESSAGE][PASSED] - Text 'Orange' is set on object 'Object Repository/IWP30/Page_VRelay30Emulator/UDF7'

28-08-2024T19:44:35 - [MESSAGE][PASSED] - Text 'Soccer' is set on object 'Object Repository/IWP30/Page_VRelay30Emulator/UDF8'

28-08-2024T19:44:36 - [MESSAGE][PASSED] - Text 'udf data 9' is set on object 'Object Repository/IWP30/Page_VRelay30Emulator/UDF9'

28-08-2024T19:44:36 - [MESSAGE][PASSED] - Text 'udf data 10' is set on object 'Object Repository/IWP30/Page_VRelay30Emulator/UDF10'

28-08-2024T19:44:39 - [MESSAGE][PASSED] - Object: 'Object Repository/IWP30/Page_VRelay30Emulator/Submit' is clicked on

28-08-2024T19:44:44 - [MESSAGE][PASSED] - Browser is closed

28-08-2024T19:44:48 - [MESSAGE][PASSED] - iwpPages.emulatorIWP30.setDataEmulator_DD is PASSED

28-08-2024T19:44:48 - [TEST_STEP][PASSED] - testHarnessURL = urlTestHarness: null

28-08-2024T19:44:48 - [TEST_STEP][PASSED] - openBrowser(testHarnessURL): Browser is opened with url: 'https://dev-algorithm.govolution.com/vrelaytest/QA2/version_2_2/vrelaytest.html'

28-08-2024T19:44:48 - [MESSAGE][INFO] - Starting 'Edge Chromium' driver

28-08-2024T19:44:48 - [MESSAGE][INFO] - User set preference: ['acceptInsecureCerts', 'true']

28-08-2024T19:44:51 - [MESSAGE][INFO] - Action delay is set to 0 milliseconds

28-08-2024T19:44:57 - [MESSAGE][PASSED] - Browser is opened with url: 'https://dev-algorithm.govolution.com/vrelaytest/QA2/version_2_2/vrelaytest.html'

28-08-2024T19:44:57 - [TEST_STEP][PASSED] - maximizeWindow(): Current window maximized

28-08-2024T19:44:57 - [MESSAGE][PASSED] - Current window maximized

28-08-2024T19:44:57 - [TEST_STEP][PASSED] - iwpPages.TestHarnessPage.setDataMethod(row, dataFile): iwpPages.TestHarnessPage.setDataMethod is PASSED

28-08-2024T19:44:57 - [MESSAGE][PASSED] - Object 'Object Repository/IWP30/Page_QATestHarness/RemittanceID' is present

28-08-2024T19:44:58 - [MESSAGE][PASSED] - Text '640' is set on object 'Object Repository/IWP30/Page_QATestHarness/ApplicationID'

28-08-2024T19:44:59 - [MESSAGE][PASSED] - Text '2.5' is set on object 'Object Repository/IWP30/Page_QATestHarness/MessageVersion'

28-08-2024T19:44:59 - [MESSAGE][PASSED] - Text 'DXz58sGSRzVs' is set on object 'Object Repository/IWP30/Page_QATestHarness/RemittanceID'

28-08-2024T19:45:04 - [MESSAGE][PASSED] - Object: 'Object Repository/IWP30/Page_QATestHarness/SubmitButton' is clicked on

28-08-2024T19:45:04 - [MESSAGE][PASSED] - iwpPages.TestHarnessPage.setDataMethod is PASSED

28-08-2024T19:45:04 - [TEST_STEP][PASSED] - click(findTestObject("Object Repository/IWP30/Page_SelectPaymentMethod/PayByPersonalCheck")): Object: 'Object Repository/IWP30/Page_SelectPaymentMethod/PayByPersonalCheck' is clicked on

28-08-2024T19:45:05 - [MESSAGE][PASSED] - Object: 'Object Repository/IWP30/Page_SelectPaymentMethod/PayByPersonalCheck' is clicked on

28-08-2024T19:45:05 - [TEST_STEP][PASSED] - click(findTestObject("Object Repository/IWP30/Page_SelectPaymentMethod/MakePaymentButton")): Object: 'Object Repository/IWP30/Page_SelectPaymentMethod/MakePaymentButton' is clicked on

28-08-2024T19:45:09 - [MESSAGE][PASSED] - Object: 'Object Repository/IWP30/Page_SelectPaymentMethod/MakePaymentButton' is clicked on

28-08-2024T19:45:09 - [TEST_STEP][PASSED] - iwpPages.achPersonalPaymentEntryPage.setDataACHPPM(row, dataFile): iwpPages.achPersonalPaymentEntryPage.setDataACHPPM is PASSED

28-08-2024T19:45:11 - [MESSAGE][PASSED] - Object 'Object Repository/IWP30/Page_ACHPersonalPaymentEntry/txt_accountNumber' is present

28-08-2024T19:45:11 - [MESSAGE][PASSED] - Object 'Object Repository/IWP30/Page_ACHPersonalPaymentEntry/txt_UDF2' is present

28-08-2024T19:45:12 - [MESSAGE][PASSED] - All options with label 'Soccer' are selected in object 'Object Repository/IWP30/Page_ACHPersonalPaymentEntry/dd_UDF8' 

28-08-2024T19:45:12 - [MESSAGE][PASSED] - Object 'Object Repository/IWP30/Page_ACHPersonalPaymentEntry/txt_Firstname' is present

28-08-2024T19:45:13 - [MESSAGE][PASSED] - Text 'Elizath' is set on object 'Object Repository/IWP30/Page_ACHPersonalPaymentEntry/txt_Firstname'

28-08-2024T19:45:13 - [MESSAGE][PASSED] - Object 'Object Repository/IWP30/Page_ACHPersonalPaymentEntry/txt_Lastname' is present

28-08-2024T19:45:14 - [MESSAGE][PASSED] - Text 'Christine' is set on object 'Object Repository/IWP30/Page_ACHPersonalPaymentEntry/txt_Lastname'

28-08-2024T19:45:14 - [MESSAGE][PASSED] - Object 'Object Repository/IWP30/Page_ACHPersonalPaymentEntry/txt_routingNumber' is present

28-08-2024T19:45:16 - [MESSAGE][PASSED] - Text '256072691' is set on object 'Object Repository/IWP30/Page_ACHPersonalPaymentEntry/txt_routingNumber'

28-08-2024T19:45:16 - [MESSAGE][PASSED] - Object 'Object Repository/IWP30/Page_ACHPersonalPaymentEntry/txt_accountNumber' is present

28-08-2024T19:45:18 - [MESSAGE][PASSED] - Text '12344444' is set on object 'Object Repository/IWP30/Page_ACHPersonalPaymentEntry/txt_accountNumber'

28-08-2024T19:45:18 - [MESSAGE][PASSED] - Object 'Object Repository/IWP30/Page_ACHPersonalPaymentEntry/txt_confirmAccountNumber' is present

28-08-2024T19:45:19 - [MESSAGE][PASSED] - Text '12344444' is set on object 'Object Repository/IWP30/Page_ACHPersonalPaymentEntry/txt_confirmAccountNumber'

28-08-2024T19:45:19 - [MESSAGE][PASSED] - Object 'Object Repository/IWP30/Page_ACHPersonalPaymentEntry/rd_accountType' is present

28-08-2024T19:45:19 - [MESSAGE][PASSED] - Modify property of object successfully

28-08-2024T19:45:19 - [MESSAGE][PASSED] - Object: 'Object Repository/IWP30/Page_ACHPersonalPaymentEntry/rd_accountType' is clicked on

28-08-2024T19:45:20 - [MESSAGE][PASSED] - Object 'Object Repository/IWP30/Page_ACHPersonalPaymentEntry/txt_Email' is present

28-08-2024T19:45:20 - [MESSAGE][PASSED] - Object 'Object Repository/IWP30/Page_ACHPersonalPaymentEntry/cb_TermsAndCond' is present

28-08-2024T19:45:20 - [MESSAGE][PASSED] - Object: 'Object Repository/IWP30/Page_ACHPersonalPaymentEntry/cb_TermsAndCond' is clicked on

28-08-2024T19:45:20 - [MESSAGE][PASSED] - Object 'Object Repository/IWP30/Page_ACHPersonalPaymentEntry/btn_Continue' is present

28-08-2024T19:45:22 - [MESSAGE][PASSED] - Object: 'Object Repository/IWP30/Page_ACHPersonalPaymentEntry/btn_Continue' is clicked on

28-08-2024T19:45:22 - [MESSAGE][PASSED] - iwpPages.achPersonalPaymentEntryPage.setDataACHPPM is PASSED

28-08-2024T19:45:22 - [TEST_STEP][PASSED] - click(findTestObject("Object Repository/IWP30/Page_Confirmation/ConfirmButton")): Object: 'Object Repository/IWP30/Page_Confirmation/ConfirmButton' is clicked on

28-08-2024T19:45:25 - [MESSAGE][PASSED] - Object: 'Object Repository/IWP30/Page_Confirmation/ConfirmButton' is clicked on

28-08-2024T19:45:25 - [TEST_STEP][PASSED] - Thread.sleep(5000): null

28-08-2024T19:45:30 - [TEST_STEP][PASSED] - println("I am on real estate page"): null

28-08-2024T19:45:30 - [TEST_STEP][PASSED] - if (verifyTextPresent("Make a Real Estate Payment", false)): null

28-08-2024T19:45:31 - [MESSAGE][PASSED] - Text 'Make a Real Estate Payment' is present on page 

28-08-2024T19:45:31 - [TEST_STEP][PASSED] - isRequiredTextPresent = true: null

28-08-2024T19:45:31 - [TEST_STEP][PASSED] - println(isRequiredTextPresent): null

28-08-2024T19:45:31 - [TEST_STEP][PASSED] - if (isRequiredTextPresent): null

28-08-2024T19:45:31 - [TEST_STEP][PASSED] - if (verifyTextPresent("This transaction is subject to a Convenience Fees of $2.00.", false)): null

28-08-2024T19:45:31 - [MESSAGE][PASSED] - Text 'This transaction is subject to a Convenience Fees of $2.00.' is present on page 

28-08-2024T19:45:31 - [TEST_STEP][PASSED] - isRequiredTextPresent = true: null

28-08-2024T19:45:31 - [TEST_STEP][PASSED] - println(isRequiredTextPresent): null

28-08-2024T19:45:31 - [TEST_STEP][PASSED] - if (isRequiredTextPresent): null

28-08-2024T19:45:31 - [TEST_STEP][PASSED] - if (verifyTextPresent("Payment Amount:  $10.50", false)): null

28-08-2024T19:45:31 - [MESSAGE][PASSED] - Text 'Payment Amount:  $10.50' is present on page 

28-08-2024T19:45:31 - [TEST_STEP][PASSED] - isRequiredTextPresent = true: null

28-08-2024T19:45:31 - [TEST_STEP][PASSED] - if (isRequiredTextPresent): null

28-08-2024T19:45:31 - [TEST_STEP][PASSED] - if (verifyTextPresent("Convenience Fees:  $2.00", false)): null

28-08-2024T19:45:31 - [MESSAGE][PASSED] - Text 'Convenience Fees:  $2.00' is present on page 

28-08-2024T19:45:31 - [TEST_STEP][PASSED] - isRequiredTextPresent = true: null

28-08-2024T19:45:31 - [TEST_STEP][PASSED] - if (isRequiredTextPresent): null

28-08-2024T19:45:31 - [TEST_STEP][PASSED] - if (verifyTextPresent("Total Amount:  $12.50", false)): null

28-08-2024T19:45:32 - [MESSAGE][PASSED] - Text 'Total Amount:  $12.50' is present on page 

28-08-2024T19:45:32 - [TEST_STEP][PASSED] - isRequiredTextPresent = true: null

28-08-2024T19:45:32 - [TEST_STEP][PASSED] - if (isRequiredTextPresent): null

28-08-2024T19:45:32 - [TEST_STEP][PASSED] - if (verifyTextPresent("Two transactions will appear on your bank statement, one in the amount of $10.50 and one in the amount of $2.00.", false)): null

28-08-2024T19:45:32 - [MESSAGE][PASSED] - Text 'Two transactions will appear on your bank statement, one in the amount of $10.50 and one in the amount of $2.00.' is present on page 

28-08-2024T19:45:32 - [TEST_STEP][PASSED] - isRequiredTextPresent = true: null

28-08-2024T19:45:32 - [TEST_STEP][PASSED] - Thread.sleep(10000): null

28-08-2024T19:45:42 - [TEST_STEP][PASSED] - click(findTestObject("Object Repository/IWP30/Page_ConvenienceFees/btn_convFeeNotifyAction")): Object: 'Object Repository/IWP30/Page_ConvenienceFees/btn_convFeeNotifyAction' is clicked on

28-08-2024T19:45:45 - [MESSAGE][PASSED] - Object: 'Object Repository/IWP30/Page_ConvenienceFees/btn_convFeeNotifyAction' is clicked on

28-08-2024T19:45:45 - [TEST_STEP][PASSED] - Thread.sleep(10000): null

28-08-2024T19:45:55 - [TEST_STEP][PASSED] - if (verifyTextPresent("Successful Payment Receipt", false)): null

28-08-2024T19:45:55 - [MESSAGE][PASSED] - Text 'Successful Payment Receipt' is present on page 

28-08-2024T19:45:55 - [TEST_STEP][PASSED] - println("Successful Payment Receipt text is present on the Receipt page"): null

28-08-2024T19:45:55 - [TEST_STEP][PASSED] - markPassed("Successful Payment Receipt text is present on the Receipt page"): Successful Payment Receipt text is present on the Receipt page

28-08-2024T19:45:55 - [MESSAGE][PASSED] - Successful Payment Receipt text is present on the Receipt page

28-08-2024T19:45:55 - [TEST_STEP][PASSED] - resText = "Pass": null

28-08-2024T19:45:55 - [TEST_STEP][PASSED] - pages.WriteExcel.demoKey(resText, datText, resColumn, datCloumn, fileLoc, nameSheet, row): pages.WriteExcel.demoKey is PASSED

28-08-2024T19:45:56 - [MESSAGE][PASSED] - pages.WriteExcel.demoKey is PASSED

28-08-2024T19:45:56 - [TEST_STEP][PASSED] - closeBrowser(): Browser is closed

28-08-2024T19:45:57 - [MESSAGE][PASSED] - Browser is closed]]></system-out>
         <system-err><![CDATA[]]></system-err>
      </testcase>
      <testcase name="Test Cases/IntegratedWeb/IWP25/Payments/PayNowPersonalCheckSCF" time="227.423" classname="Test Cases/IntegratedWeb/IWP25/Payments/PayNowPersonalCheckSCF" status="PASSED">
         <system-out><![CDATA[28-08-2024T19:45:57 - [TEST_CASE][PASSED] - Test Cases/IntegratedWeb/IWP25/Payments/PayNowPersonalCheckSCF: Test Cases/IntegratedWeb/IWP25/Payments/PayNowPersonalCheckSCF

28-08-2024T19:45:57 - [TEST_STEP][PASSED] - resText = "Fail": null

28-08-2024T19:45:57 - [TEST_STEP][PASSED] - resColumn = "Result": null

28-08-2024T19:45:57 - [TEST_STEP][PASSED] - datCloumn = "Date": null

28-08-2024T19:45:57 - [TEST_STEP][PASSED] - fileLoc = "KatalonData/IWPTestData/VRelay25Payments.xlsx": null

28-08-2024T19:45:57 - [TEST_STEP][PASSED] - numOfRows = <not implemented yet for class: org.codehaus.groovy.ast.expr.EmptyExpression>: null

28-08-2024T19:45:57 - [TEST_STEP][PASSED] - dataFile = <not implemented yet for class: org.codehaus.groovy.ast.expr.EmptyExpression>: null

28-08-2024T19:45:57 - [TEST_STEP][PASSED] - nameSheet = <not implemented yet for class: org.codehaus.groovy.ast.expr.EmptyExpression>: null

28-08-2024T19:45:57 - [TEST_STEP][PASSED] - dataFileEmulator = <not implemented yet for class: org.codehaus.groovy.ast.expr.EmptyExpression>: null

28-08-2024T19:45:57 - [TEST_STEP][PASSED] - isRequiredTextPresent = false: null

28-08-2024T19:45:57 - [TEST_STEP][PASSED] - nameSheet = "PayNowPersonalCheckSCF": null

28-08-2024T19:45:57 - [TEST_STEP][PASSED] - dataFile = "IWPTestData/IWP25PayNowPersonalCheckSCF": null

28-08-2024T19:45:57 - [TEST_STEP][PASSED] - dataFileEmulator = "IWPTestData/EmulatorData": null

28-08-2024T19:45:57 - [TEST_STEP][PASSED] - numOfRows = findTestData(dataFile).getRowNumbers(): null

28-08-2024T19:45:57 - [TEST_STEP][PASSED] - println("Number of Records: " + numOfRows): null

28-08-2024T19:45:57 - [TEST_STEP][PASSED] - for ([row = 1, row <= numOfRows, (row++)]): Browser is closed

28-08-2024T19:45:57 - [TEST_STEP][PASSED] - ExecuteTC = findTestData(dataFile).getValue("Execute", row): null

28-08-2024T19:45:57 - [TEST_STEP][PASSED] - out.println("Value of Execute is : " + ExecuteTC): null

28-08-2024T19:45:57 - [TEST_STEP][PASSED] - if (ExecuteTC.equalsIgnoreCase("Y")): null

28-08-2024T19:45:57 - [TEST_STEP][PASSED] - out.println("Begin Record Number: " + row): null

28-08-2024T19:45:57 - [TEST_STEP][PASSED] - today = new java.util.Date(): null

28-08-2024T19:45:57 - [TEST_STEP][PASSED] - println(today): null

28-08-2024T19:45:57 - [TEST_STEP][PASSED] - datText = today: null

28-08-2024T19:45:57 - [TEST_STEP][PASSED] - EmulatorDataKey = findTestData(dataFile).getValue("EmulatorData", row): null

28-08-2024T19:45:57 - [TEST_STEP][PASSED] - out.println("Value of Emulator Key is : " + EmulatorDataKey): null

28-08-2024T19:45:57 - [TEST_STEP][PASSED] - iwpPages.emulatorIWP30.setDataEmulator_DD(EmulatorDataKey): iwpPages.emulatorIWP30.setDataEmulator_DD is PASSED

28-08-2024T19:45:58 - [MESSAGE][INFO] - Starting 'Edge Chromium' driver

28-08-2024T19:45:58 - [MESSAGE][INFO] - User set preference: ['acceptInsecureCerts', 'true']

28-08-2024T19:46:01 - [MESSAGE][INFO] - Action delay is set to 0 milliseconds

28-08-2024T19:46:06 - [MESSAGE][PASSED] - Browser is opened with url: 'https://qa2.velocitypayment.com/agency/config.do?action=editor&message_version=2_5'

28-08-2024T19:46:06 - [MESSAGE][PASSED] - Current window maximized

28-08-2024T19:46:07 - [MESSAGE][PASSED] - All options with value '2.5' are selected in object 'Object Repository/IWP30/Page_VRelay30Emulator/MV'  using regular expression

28-08-2024T19:46:08 - [MESSAGE][PASSED] - Text '10.50' is set on object 'Object Repository/IWP30/Page_VRelay30Emulator/Amount'

28-08-2024T19:46:08 - [MESSAGE][PASSED] - Text '26413414' is set on object 'Object Repository/IWP30/Page_VRelay30Emulator/CAN'

28-08-2024T19:46:09 - [MESSAGE][PASSED] - Text 'PayNow' is set on object 'Object Repository/IWP30/Page_VRelay30Emulator/Action'

28-08-2024T19:46:10 - [MESSAGE][PASSED] - Text 'en_US' is set on object 'Object Repository/IWP30/Page_VRelay30Emulator/Lang'

28-08-2024T19:46:11 - [MESSAGE][PASSED] - Text '' is set on object 'Object Repository/IWP30/Page_VRelay30Emulator/Fname'

28-08-2024T19:46:13 - [MESSAGE][PASSED] - Text '' is set on object 'Object Repository/IWP30/Page_VRelay30Emulator/Lname'

28-08-2024T19:46:13 - [MESSAGE][PASSED] - Text '' is set on object 'Object Repository/IWP30/Page_VRelay30Emulator/AL1'

28-08-2024T19:46:14 - [MESSAGE][PASSED] - Text '' is set on object 'Object Repository/IWP30/Page_VRelay30Emulator/AL2'

28-08-2024T19:46:14 - [MESSAGE][PASSED] - Text '' is set on object 'Object Repository/IWP30/Page_VRelay30Emulator/Country'

28-08-2024T19:46:15 - [MESSAGE][PASSED] - Text '' is set on object 'Object Repository/IWP30/Page_VRelay30Emulator/City'

28-08-2024T19:46:16 - [MESSAGE][PASSED] - Text '' is set on object 'Object Repository/IWP30/Page_VRelay30Emulator/State'

28-08-2024T19:46:16 - [MESSAGE][PASSED] - Text '' is set on object 'Object Repository/IWP30/Page_VRelay30Emulator/ZIP'

28-08-2024T19:46:17 - [MESSAGE][PASSED] - Text '' is set on object 'Object Repository/IWP30/Page_VRelay30Emulator/Order'

28-08-2024T19:46:20 - [MESSAGE][PASSED] - Text '' is set on object 'Object Repository/IWP30/Page_VRelay30Emulator/Company'

28-08-2024T19:46:20 - [MESSAGE][PASSED] - Text '' is set on object 'Object Repository/IWP30/Page_VRelay30Emulator/Email'

28-08-2024T19:46:21 - [MESSAGE][PASSED] - Text '' is set on object 'Object Repository/IWP30/Page_VRelay30Emulator/UDF1'

28-08-2024T19:46:21 - [MESSAGE][PASSED] - Text '' is set on object 'Object Repository/IWP30/Page_VRelay30Emulator/UDF2'

28-08-2024T19:46:22 - [MESSAGE][PASSED] - Text '' is set on object 'Object Repository/IWP30/Page_VRelay30Emulator/UDF3'

28-08-2024T19:46:23 - [MESSAGE][PASSED] - Text 'udf data 4' is set on object 'Object Repository/IWP30/Page_VRelay30Emulator/UDF4'

28-08-2024T19:46:23 - [MESSAGE][PASSED] - Text 'udf data 5' is set on object 'Object Repository/IWP30/Page_VRelay30Emulator/UDF5'

28-08-2024T19:46:25 - [MESSAGE][PASSED] - Text '' is set on object 'Object Repository/IWP30/Page_VRelay30Emulator/UDF6'

28-08-2024T19:46:25 - [MESSAGE][PASSED] - Text '' is set on object 'Object Repository/IWP30/Page_VRelay30Emulator/UDF7'

28-08-2024T19:46:26 - [MESSAGE][PASSED] - Text '' is set on object 'Object Repository/IWP30/Page_VRelay30Emulator/UDF8'

28-08-2024T19:46:27 - [MESSAGE][PASSED] - Text 'udf data 9' is set on object 'Object Repository/IWP30/Page_VRelay30Emulator/UDF9'

28-08-2024T19:46:28 - [MESSAGE][PASSED] - Text 'udf data 10' is set on object 'Object Repository/IWP30/Page_VRelay30Emulator/UDF10'

28-08-2024T19:46:29 - [MESSAGE][PASSED] - Object: 'Object Repository/IWP30/Page_VRelay30Emulator/Submit' is clicked on

28-08-2024T19:46:33 - [MESSAGE][PASSED] - Browser is closed

28-08-2024T19:46:37 - [MESSAGE][PASSED] - iwpPages.emulatorIWP30.setDataEmulator_DD is PASSED

28-08-2024T19:46:37 - [TEST_STEP][PASSED] - testHarnessURL = urlTestHarness: null

28-08-2024T19:46:37 - [TEST_STEP][PASSED] - openBrowser(testHarnessURL): Browser is opened with url: 'https://dev-algorithm.govolution.com/vrelaytest/QA2/version_2_2/vrelaytest.html'

28-08-2024T19:46:37 - [MESSAGE][INFO] - Starting 'Edge Chromium' driver

28-08-2024T19:46:37 - [MESSAGE][INFO] - User set preference: ['acceptInsecureCerts', 'true']

28-08-2024T19:46:40 - [MESSAGE][INFO] - Action delay is set to 0 milliseconds

28-08-2024T19:46:46 - [MESSAGE][PASSED] - Browser is opened with url: 'https://dev-algorithm.govolution.com/vrelaytest/QA2/version_2_2/vrelaytest.html'

28-08-2024T19:46:46 - [TEST_STEP][PASSED] - maximizeWindow(): Current window maximized

28-08-2024T19:46:46 - [MESSAGE][PASSED] - Current window maximized

28-08-2024T19:46:46 - [TEST_STEP][PASSED] - iwpPages.TestHarnessPage.setDataMethod(row, dataFile): iwpPages.TestHarnessPage.setDataMethod is PASSED

28-08-2024T19:46:47 - [MESSAGE][PASSED] - Object 'Object Repository/IWP30/Page_QATestHarness/RemittanceID' is present

28-08-2024T19:46:48 - [MESSAGE][PASSED] - Text '639' is set on object 'Object Repository/IWP30/Page_QATestHarness/ApplicationID'

28-08-2024T19:46:48 - [MESSAGE][PASSED] - Text '2.5' is set on object 'Object Repository/IWP30/Page_QATestHarness/MessageVersion'

28-08-2024T19:46:49 - [MESSAGE][PASSED] - Text 'LryOezzHQ4t8' is set on object 'Object Repository/IWP30/Page_QATestHarness/RemittanceID'

28-08-2024T19:46:55 - [MESSAGE][PASSED] - Object: 'Object Repository/IWP30/Page_QATestHarness/SubmitButton' is clicked on

28-08-2024T19:46:55 - [MESSAGE][PASSED] - iwpPages.TestHarnessPage.setDataMethod is PASSED

28-08-2024T19:46:55 - [TEST_STEP][PASSED] - click(findTestObject("Object Repository/IWP30/Page_SelectPaymentMethod/PayByPersonalCheck")): Object: 'Object Repository/IWP30/Page_SelectPaymentMethod/PayByPersonalCheck' is clicked on

28-08-2024T19:46:55 - [MESSAGE][PASSED] - Object: 'Object Repository/IWP30/Page_SelectPaymentMethod/PayByPersonalCheck' is clicked on

28-08-2024T19:46:55 - [TEST_STEP][PASSED] - click(findTestObject("Object Repository/IWP30/Page_SelectPaymentMethod/MakePaymentButton")): Object: 'Object Repository/IWP30/Page_SelectPaymentMethod/MakePaymentButton' is clicked on

28-08-2024T19:46:59 - [MESSAGE][PASSED] - Object: 'Object Repository/IWP30/Page_SelectPaymentMethod/MakePaymentButton' is clicked on

28-08-2024T19:46:59 - [TEST_STEP][PASSED] - iwpPages.achPersonalPaymentEntryPage.setDataACHPPM(row, dataFile): iwpPages.achPersonalPaymentEntryPage.setDataACHPPM is PASSED

28-08-2024T19:47:01 - [MESSAGE][PASSED] - Object 'Object Repository/IWP30/Page_ACHPersonalPaymentEntry/txt_accountNumber' is present

28-08-2024T19:47:02 - [MESSAGE][PASSED] - Text '10.50' is set on object 'Object Repository/IWP30/Page_ACHPersonalPaymentEntry/txt_Amount'

28-08-2024T19:47:02 - [MESSAGE][PASSED] - Object 'Object Repository/IWP30/Page_ACHPersonalPaymentEntry/txt_UDF2' is present

28-08-2024T19:47:03 - [MESSAGE][PASSED] - Text 'udf data 2' is set on object 'Object Repository/IWP30/Page_ACHPersonalPaymentEntry/txt_UDF2'

28-08-2024T19:47:03 - [MESSAGE][PASSED] - Text 'udf data 3' is set on object 'Object Repository/IWP30/Page_ACHPersonalPaymentEntry/txt_UDF3'

28-08-2024T19:47:04 - [MESSAGE][PASSED] - All options with label 'Orange' are selected in object 'Object Repository/IWP30/Page_ACHPersonalPaymentEntry/dd_UDF7' 

28-08-2024T19:47:04 - [MESSAGE][PASSED] - All options with label 'Soccer' are selected in object 'Object Repository/IWP30/Page_ACHPersonalPaymentEntry/dd_UDF8' 

28-08-2024T19:47:05 - [MESSAGE][PASSED] - Object 'Object Repository/IWP30/Page_ACHPersonalPaymentEntry/txt_Firstname' is present

28-08-2024T19:47:06 - [MESSAGE][PASSED] - Text 'Elizath' is set on object 'Object Repository/IWP30/Page_ACHPersonalPaymentEntry/txt_Firstname'

28-08-2024T19:47:07 - [MESSAGE][PASSED] - Object 'Object Repository/IWP30/Page_ACHPersonalPaymentEntry/txt_Lastname' is present

28-08-2024T19:47:08 - [MESSAGE][PASSED] - Text 'Christine' is set on object 'Object Repository/IWP30/Page_ACHPersonalPaymentEntry/txt_Lastname'

28-08-2024T19:47:08 - [MESSAGE][PASSED] - Object 'Object Repository/IWP30/Page_ACHPersonalPaymentEntry/txt_routingNumber' is present

28-08-2024T19:47:08 - [MESSAGE][PASSED] - Text '256072691' is set on object 'Object Repository/IWP30/Page_ACHPersonalPaymentEntry/txt_routingNumber'

28-08-2024T19:47:09 - [MESSAGE][PASSED] - Object 'Object Repository/IWP30/Page_ACHPersonalPaymentEntry/txt_accountNumber' is present

28-08-2024T19:47:10 - [MESSAGE][PASSED] - Text '12344444' is set on object 'Object Repository/IWP30/Page_ACHPersonalPaymentEntry/txt_accountNumber'

28-08-2024T19:47:10 - [MESSAGE][PASSED] - Object 'Object Repository/IWP30/Page_ACHPersonalPaymentEntry/txt_confirmAccountNumber' is present

28-08-2024T19:47:11 - [MESSAGE][PASSED] - Text '12344444' is set on object 'Object Repository/IWP30/Page_ACHPersonalPaymentEntry/txt_confirmAccountNumber'

28-08-2024T19:47:13 - [MESSAGE][PASSED] - Object 'Object Repository/IWP30/Page_ACHPersonalPaymentEntry/rd_accountType' is present

28-08-2024T19:47:13 - [MESSAGE][PASSED] - Modify property of object successfully

28-08-2024T19:47:14 - [MESSAGE][PASSED] - Object: 'Object Repository/IWP30/Page_ACHPersonalPaymentEntry/rd_accountType' is clicked on

28-08-2024T19:47:14 - [MESSAGE][PASSED] - Text '365 Main Avenue' is set on object 'Object Repository/IWP30/Page_ACHPersonalPaymentEntry/txt_AL1'

28-08-2024T19:47:15 - [MESSAGE][PASSED] - Text '22201' is set on object 'Object Repository/IWP30/Page_ACHPersonalPaymentEntry/txt_ZIP'

28-08-2024T19:47:15 - [MESSAGE][PASSED] - Object 'Object Repository/IWP30/Page_ACHPersonalPaymentEntry/txt_Email' is present

28-08-2024T19:47:17 - [MESSAGE][PASSED] - Text 'iahmed@govolution.com' is set on object 'Object Repository/IWP30/Page_ACHPersonalPaymentEntry/txt_Email'

28-08-2024T19:47:17 - [MESSAGE][PASSED] - Object 'Object Repository/IWP30/Page_ACHPersonalPaymentEntry/cb_TermsAndCond' is present

28-08-2024T19:47:17 - [MESSAGE][PASSED] - Object: 'Object Repository/IWP30/Page_ACHPersonalPaymentEntry/cb_TermsAndCond' is clicked on

28-08-2024T19:47:17 - [MESSAGE][PASSED] - Object 'Object Repository/IWP30/Page_ACHPersonalPaymentEntry/btn_Continue' is present

28-08-2024T19:47:20 - [MESSAGE][PASSED] - Object: 'Object Repository/IWP30/Page_ACHPersonalPaymentEntry/btn_Continue' is clicked on

28-08-2024T19:47:20 - [MESSAGE][PASSED] - iwpPages.achPersonalPaymentEntryPage.setDataACHPPM is PASSED

28-08-2024T19:47:20 - [TEST_STEP][PASSED] - click(findTestObject("Object Repository/IWP30/Page_Confirmation/ConfirmButton")): Object: 'Object Repository/IWP30/Page_Confirmation/ConfirmButton' is clicked on

28-08-2024T19:47:22 - [MESSAGE][PASSED] - Object: 'Object Repository/IWP30/Page_Confirmation/ConfirmButton' is clicked on

28-08-2024T19:47:22 - [TEST_STEP][PASSED] - Thread.sleep(5000): null

28-08-2024T19:47:27 - [TEST_STEP][PASSED] - if (verifyTextPresent("Make a Real Estate Payment", false)): null

28-08-2024T19:47:27 - [MESSAGE][PASSED] - Text 'Make a Real Estate Payment' is present on page 

28-08-2024T19:47:27 - [TEST_STEP][PASSED] - isRequiredTextPresent = true: null

28-08-2024T19:47:27 - [TEST_STEP][PASSED] - println(isRequiredTextPresent): null

28-08-2024T19:47:27 - [TEST_STEP][PASSED] - if (isRequiredTextPresent): null

28-08-2024T19:47:27 - [TEST_STEP][PASSED] - if (verifyTextPresent("This transaction is subject to a Convenience Fees of $2.00.", false)): null

28-08-2024T19:47:28 - [MESSAGE][PASSED] - Text 'This transaction is subject to a Convenience Fees of $2.00.' is present on page 

28-08-2024T19:47:28 - [TEST_STEP][PASSED] - isRequiredTextPresent = true: null

28-08-2024T19:47:28 - [TEST_STEP][PASSED] - println(isRequiredTextPresent): null

28-08-2024T19:47:28 - [TEST_STEP][PASSED] - if (isRequiredTextPresent): null

28-08-2024T19:47:28 - [TEST_STEP][PASSED] - if (verifyTextPresent("Payment Amount:  $10.50", false)): null

28-08-2024T19:47:28 - [MESSAGE][PASSED] - Text 'Payment Amount:  $10.50' is present on page 

28-08-2024T19:47:28 - [TEST_STEP][PASSED] - isRequiredTextPresent = true: null

28-08-2024T19:47:28 - [TEST_STEP][PASSED] - if (isRequiredTextPresent): null

28-08-2024T19:47:28 - [TEST_STEP][PASSED] - if (verifyTextPresent("Convenience Fees:  $2.00", false)): null

28-08-2024T19:47:28 - [MESSAGE][PASSED] - Text 'Convenience Fees:  $2.00' is present on page 

28-08-2024T19:47:28 - [TEST_STEP][PASSED] - isRequiredTextPresent = true: null

28-08-2024T19:47:28 - [TEST_STEP][PASSED] - if (isRequiredTextPresent): null

28-08-2024T19:47:28 - [TEST_STEP][PASSED] - if (verifyTextPresent("Total Amount:  $12.50", false)): null

28-08-2024T19:47:28 - [MESSAGE][PASSED] - Text 'Total Amount:  $12.50' is present on page 

28-08-2024T19:47:28 - [TEST_STEP][PASSED] - isRequiredTextPresent = true: null

28-08-2024T19:47:28 - [TEST_STEP][PASSED] - if (isRequiredTextPresent): null

28-08-2024T19:47:28 - [TEST_STEP][PASSED] - if (verifyTextPresent("One transaction in the amount of $12.50 will appear on your bank statement.", false)): null

28-08-2024T19:47:29 - [MESSAGE][PASSED] - Text 'One transaction in the amount of $12.50 will appear on your bank statement.' is present on page 

28-08-2024T19:47:29 - [TEST_STEP][PASSED] - isRequiredTextPresent = true: null

28-08-2024T19:47:29 - [TEST_STEP][PASSED] - Thread.sleep(10000): null

28-08-2024T19:47:39 - [TEST_STEP][PASSED] - click(findTestObject("Object Repository/IWP30/Page_ConvenienceFees/btn_convFeeNotifyAction")): Object: 'Object Repository/IWP30/Page_ConvenienceFees/btn_convFeeNotifyAction' is clicked on

28-08-2024T19:47:42 - [MESSAGE][PASSED] - Object: 'Object Repository/IWP30/Page_ConvenienceFees/btn_convFeeNotifyAction' is clicked on

28-08-2024T19:47:42 - [TEST_STEP][PASSED] - Thread.sleep(10000): null

28-08-2024T19:47:52 - [TEST_STEP][PASSED] - if (verifyTextPresent("Successful Payment Receipt", false)): null

28-08-2024T19:47:52 - [MESSAGE][PASSED] - Text 'Successful Payment Receipt' is present on page 

28-08-2024T19:47:52 - [TEST_STEP][PASSED] - println("Successful Payment Receipt text is present on the Receipt page"): null

28-08-2024T19:47:52 - [TEST_STEP][PASSED] - markPassed("Successful Payment Receipt text is present on the Receipt page"): Successful Payment Receipt text is present on the Receipt page

28-08-2024T19:47:52 - [MESSAGE][PASSED] - Successful Payment Receipt text is present on the Receipt page

28-08-2024T19:47:52 - [TEST_STEP][PASSED] - resText = "Pass": null

28-08-2024T19:47:52 - [TEST_STEP][PASSED] - pages.WriteExcel.demoKey(resText, datText, resColumn, datCloumn, fileLoc, nameSheet, row): pages.WriteExcel.demoKey is PASSED

28-08-2024T19:47:53 - [MESSAGE][PASSED] - pages.WriteExcel.demoKey is PASSED

28-08-2024T19:47:53 - [TEST_STEP][PASSED] - closeBrowser(): Browser is closed

28-08-2024T19:47:54 - [MESSAGE][PASSED] - Browser is closed

28-08-2024T19:47:54 - [TEST_STEP][PASSED] - ExecuteTC = findTestData(dataFile).getValue("Execute", row): null

28-08-2024T19:47:54 - [TEST_STEP][PASSED] - out.println("Value of Execute is : " + ExecuteTC): null

28-08-2024T19:47:54 - [TEST_STEP][PASSED] - if (ExecuteTC.equalsIgnoreCase("Y")): null

28-08-2024T19:47:54 - [TEST_STEP][PASSED] - out.println("Begin Record Number: " + row): null

28-08-2024T19:47:54 - [TEST_STEP][PASSED] - today = new java.util.Date(): null

28-08-2024T19:47:54 - [TEST_STEP][PASSED] - println(today): null

28-08-2024T19:47:54 - [TEST_STEP][PASSED] - datText = today: null

28-08-2024T19:47:54 - [TEST_STEP][PASSED] - EmulatorDataKey = findTestData(dataFile).getValue("EmulatorData", row): null

28-08-2024T19:47:54 - [TEST_STEP][PASSED] - out.println("Value of Emulator Key is : " + EmulatorDataKey): null

28-08-2024T19:47:54 - [TEST_STEP][PASSED] - iwpPages.emulatorIWP30.setDataEmulator_DD(EmulatorDataKey): iwpPages.emulatorIWP30.setDataEmulator_DD is PASSED

28-08-2024T19:47:54 - [MESSAGE][INFO] - Starting 'Edge Chromium' driver

28-08-2024T19:47:54 - [MESSAGE][INFO] - User set preference: ['acceptInsecureCerts', 'true']

28-08-2024T19:47:57 - [MESSAGE][INFO] - Action delay is set to 0 milliseconds

28-08-2024T19:48:03 - [MESSAGE][PASSED] - Browser is opened with url: 'https://qa2.velocitypayment.com/agency/config.do?action=editor&message_version=2_5'

28-08-2024T19:48:03 - [MESSAGE][PASSED] - Current window maximized

28-08-2024T19:48:04 - [MESSAGE][PASSED] - All options with value '2.5' are selected in object 'Object Repository/IWP30/Page_VRelay30Emulator/MV'  using regular expression

28-08-2024T19:48:05 - [MESSAGE][PASSED] - Text '10.50' is set on object 'Object Repository/IWP30/Page_VRelay30Emulator/Amount'

28-08-2024T19:48:05 - [MESSAGE][PASSED] - Text '26413255' is set on object 'Object Repository/IWP30/Page_VRelay30Emulator/CAN'

28-08-2024T19:48:06 - [MESSAGE][PASSED] - Text 'PayNow' is set on object 'Object Repository/IWP30/Page_VRelay30Emulator/Action'

28-08-2024T19:48:06 - [MESSAGE][PASSED] - Text 'en_US' is set on object 'Object Repository/IWP30/Page_VRelay30Emulator/Lang'

28-08-2024T19:48:07 - [MESSAGE][PASSED] - Text 'Jasmine' is set on object 'Object Repository/IWP30/Page_VRelay30Emulator/Fname'

28-08-2024T19:48:10 - [MESSAGE][PASSED] - Text 'Patrinol' is set on object 'Object Repository/IWP30/Page_VRelay30Emulator/Lname'

28-08-2024T19:48:10 - [MESSAGE][PASSED] - Text '258 Underwood rd' is set on object 'Object Repository/IWP30/Page_VRelay30Emulator/AL1'

28-08-2024T19:48:11 - [MESSAGE][PASSED] - Text 'Suite 600' is set on object 'Object Repository/IWP30/Page_VRelay30Emulator/AL2'

28-08-2024T19:48:12 - [MESSAGE][PASSED] - Text '840' is set on object 'Object Repository/IWP30/Page_VRelay30Emulator/Country'

28-08-2024T19:48:12 - [MESSAGE][PASSED] - Text 'Arlington' is set on object 'Object Repository/IWP30/Page_VRelay30Emulator/City'

28-08-2024T19:48:13 - [MESSAGE][PASSED] - Text 'VA' is set on object 'Object Repository/IWP30/Page_VRelay30Emulator/State'

28-08-2024T19:48:14 - [MESSAGE][PASSED] - Text '22201' is set on object 'Object Repository/IWP30/Page_VRelay30Emulator/ZIP'

28-08-2024T19:48:15 - [MESSAGE][PASSED] - Text '' is set on object 'Object Repository/IWP30/Page_VRelay30Emulator/Order'

28-08-2024T19:48:16 - [MESSAGE][PASSED] - Text 'Some Company' is set on object 'Object Repository/IWP30/Page_VRelay30Emulator/Company'

28-08-2024T19:48:17 - [MESSAGE][PASSED] - Text 'iahmed@govolution.com' is set on object 'Object Repository/IWP30/Page_VRelay30Emulator/Email'

28-08-2024T19:48:18 - [MESSAGE][PASSED] - Text 'udf data 1' is set on object 'Object Repository/IWP30/Page_VRelay30Emulator/UDF1'

28-08-2024T19:48:18 - [MESSAGE][PASSED] - Text 'udf data 2' is set on object 'Object Repository/IWP30/Page_VRelay30Emulator/UDF2'

28-08-2024T19:48:19 - [MESSAGE][PASSED] - Text 'udf data 3' is set on object 'Object Repository/IWP30/Page_VRelay30Emulator/UDF3'

28-08-2024T19:48:20 - [MESSAGE][PASSED] - Text 'udf data 4' is set on object 'Object Repository/IWP30/Page_VRelay30Emulator/UDF4'

28-08-2024T19:48:20 - [MESSAGE][PASSED] - Text 'udf data 5' is set on object 'Object Repository/IWP30/Page_VRelay30Emulator/UDF5'

28-08-2024T19:48:21 - [MESSAGE][PASSED] - Text 'udf data 6' is set on object 'Object Repository/IWP30/Page_VRelay30Emulator/UDF6'

28-08-2024T19:48:23 - [MESSAGE][PASSED] - Text 'Orange' is set on object 'Object Repository/IWP30/Page_VRelay30Emulator/UDF7'

28-08-2024T19:48:24 - [MESSAGE][PASSED] - Text 'Soccer' is set on object 'Object Repository/IWP30/Page_VRelay30Emulator/UDF8'

28-08-2024T19:48:24 - [MESSAGE][PASSED] - Text 'udf data 9' is set on object 'Object Repository/IWP30/Page_VRelay30Emulator/UDF9'

28-08-2024T19:48:25 - [MESSAGE][PASSED] - Text 'udf data 10' is set on object 'Object Repository/IWP30/Page_VRelay30Emulator/UDF10'

28-08-2024T19:48:26 - [MESSAGE][PASSED] - Object: 'Object Repository/IWP30/Page_VRelay30Emulator/Submit' is clicked on

28-08-2024T19:48:31 - [MESSAGE][PASSED] - Browser is closed

28-08-2024T19:48:35 - [MESSAGE][PASSED] - iwpPages.emulatorIWP30.setDataEmulator_DD is PASSED

28-08-2024T19:48:35 - [TEST_STEP][PASSED] - testHarnessURL = urlTestHarness: null

28-08-2024T19:48:35 - [TEST_STEP][PASSED] - openBrowser(testHarnessURL): Browser is opened with url: 'https://dev-algorithm.govolution.com/vrelaytest/QA2/version_2_2/vrelaytest.html'

28-08-2024T19:48:35 - [MESSAGE][INFO] - Starting 'Edge Chromium' driver

28-08-2024T19:48:35 - [MESSAGE][INFO] - User set preference: ['acceptInsecureCerts', 'true']

28-08-2024T19:48:38 - [MESSAGE][INFO] - Action delay is set to 0 milliseconds

28-08-2024T19:48:44 - [MESSAGE][PASSED] - Browser is opened with url: 'https://dev-algorithm.govolution.com/vrelaytest/QA2/version_2_2/vrelaytest.html'

28-08-2024T19:48:44 - [TEST_STEP][PASSED] - maximizeWindow(): Current window maximized

28-08-2024T19:48:44 - [MESSAGE][PASSED] - Current window maximized

28-08-2024T19:48:44 - [TEST_STEP][PASSED] - iwpPages.TestHarnessPage.setDataMethod(row, dataFile): iwpPages.TestHarnessPage.setDataMethod is PASSED

28-08-2024T19:48:44 - [MESSAGE][PASSED] - Object 'Object Repository/IWP30/Page_QATestHarness/RemittanceID' is present

28-08-2024T19:48:45 - [MESSAGE][PASSED] - Text '639' is set on object 'Object Repository/IWP30/Page_QATestHarness/ApplicationID'

28-08-2024T19:48:46 - [MESSAGE][PASSED] - Text '2.5' is set on object 'Object Repository/IWP30/Page_QATestHarness/MessageVersion'

28-08-2024T19:48:46 - [MESSAGE][PASSED] - Text 'lQCBrNhCKybv' is set on object 'Object Repository/IWP30/Page_QATestHarness/RemittanceID'

28-08-2024T19:48:51 - [MESSAGE][PASSED] - Object: 'Object Repository/IWP30/Page_QATestHarness/SubmitButton' is clicked on

28-08-2024T19:48:51 - [MESSAGE][PASSED] - iwpPages.TestHarnessPage.setDataMethod is PASSED

28-08-2024T19:48:51 - [TEST_STEP][PASSED] - click(findTestObject("Object Repository/IWP30/Page_SelectPaymentMethod/PayByPersonalCheck")): Object: 'Object Repository/IWP30/Page_SelectPaymentMethod/PayByPersonalCheck' is clicked on

28-08-2024T19:48:51 - [MESSAGE][PASSED] - Object: 'Object Repository/IWP30/Page_SelectPaymentMethod/PayByPersonalCheck' is clicked on

28-08-2024T19:48:51 - [TEST_STEP][PASSED] - click(findTestObject("Object Repository/IWP30/Page_SelectPaymentMethod/MakePaymentButton")): Object: 'Object Repository/IWP30/Page_SelectPaymentMethod/MakePaymentButton' is clicked on

28-08-2024T19:48:54 - [MESSAGE][PASSED] - Object: 'Object Repository/IWP30/Page_SelectPaymentMethod/MakePaymentButton' is clicked on

28-08-2024T19:48:54 - [TEST_STEP][PASSED] - iwpPages.achPersonalPaymentEntryPage.setDataACHPPM(row, dataFile): iwpPages.achPersonalPaymentEntryPage.setDataACHPPM is PASSED

28-08-2024T19:48:55 - [MESSAGE][PASSED] - Object 'Object Repository/IWP30/Page_ACHPersonalPaymentEntry/txt_accountNumber' is present

28-08-2024T19:48:57 - [MESSAGE][PASSED] - Object 'Object Repository/IWP30/Page_ACHPersonalPaymentEntry/txt_UDF2' is present

28-08-2024T19:48:58 - [MESSAGE][PASSED] - All options with label 'Soccer' are selected in object 'Object Repository/IWP30/Page_ACHPersonalPaymentEntry/dd_UDF8' 

28-08-2024T19:48:58 - [MESSAGE][PASSED] - Object 'Object Repository/IWP30/Page_ACHPersonalPaymentEntry/txt_Firstname' is present

28-08-2024T19:48:59 - [MESSAGE][PASSED] - Text 'Elizath' is set on object 'Object Repository/IWP30/Page_ACHPersonalPaymentEntry/txt_Firstname'

28-08-2024T19:48:59 - [MESSAGE][PASSED] - Object 'Object Repository/IWP30/Page_ACHPersonalPaymentEntry/txt_Lastname' is present

28-08-2024T19:49:00 - [MESSAGE][PASSED] - Text 'Christine' is set on object 'Object Repository/IWP30/Page_ACHPersonalPaymentEntry/txt_Lastname'

28-08-2024T19:49:00 - [MESSAGE][PASSED] - Object 'Object Repository/IWP30/Page_ACHPersonalPaymentEntry/txt_routingNumber' is present

28-08-2024T19:49:00 - [MESSAGE][PASSED] - Text '256072691' is set on object 'Object Repository/IWP30/Page_ACHPersonalPaymentEntry/txt_routingNumber'

28-08-2024T19:49:01 - [MESSAGE][PASSED] - Object 'Object Repository/IWP30/Page_ACHPersonalPaymentEntry/txt_accountNumber' is present

28-08-2024T19:49:03 - [MESSAGE][PASSED] - Text '12344444' is set on object 'Object Repository/IWP30/Page_ACHPersonalPaymentEntry/txt_accountNumber'

28-08-2024T19:49:03 - [MESSAGE][PASSED] - Object 'Object Repository/IWP30/Page_ACHPersonalPaymentEntry/txt_confirmAccountNumber' is present

28-08-2024T19:49:04 - [MESSAGE][PASSED] - Text '12344444' is set on object 'Object Repository/IWP30/Page_ACHPersonalPaymentEntry/txt_confirmAccountNumber'

28-08-2024T19:49:05 - [MESSAGE][PASSED] - Object 'Object Repository/IWP30/Page_ACHPersonalPaymentEntry/rd_accountType' is present

28-08-2024T19:49:05 - [MESSAGE][PASSED] - Modify property of object successfully

28-08-2024T19:49:05 - [MESSAGE][PASSED] - Object: 'Object Repository/IWP30/Page_ACHPersonalPaymentEntry/rd_accountType' is clicked on

28-08-2024T19:49:05 - [MESSAGE][PASSED] - Object 'Object Repository/IWP30/Page_ACHPersonalPaymentEntry/txt_Email' is present

28-08-2024T19:49:05 - [MESSAGE][PASSED] - Object 'Object Repository/IWP30/Page_ACHPersonalPaymentEntry/cb_TermsAndCond' is present

28-08-2024T19:49:06 - [MESSAGE][PASSED] - Object: 'Object Repository/IWP30/Page_ACHPersonalPaymentEntry/cb_TermsAndCond' is clicked on

28-08-2024T19:49:06 - [MESSAGE][PASSED] - Object 'Object Repository/IWP30/Page_ACHPersonalPaymentEntry/btn_Continue' is present

28-08-2024T19:49:08 - [MESSAGE][PASSED] - Object: 'Object Repository/IWP30/Page_ACHPersonalPaymentEntry/btn_Continue' is clicked on

28-08-2024T19:49:08 - [MESSAGE][PASSED] - iwpPages.achPersonalPaymentEntryPage.setDataACHPPM is PASSED

28-08-2024T19:49:08 - [TEST_STEP][PASSED] - click(findTestObject("Object Repository/IWP30/Page_Confirmation/ConfirmButton")): Object: 'Object Repository/IWP30/Page_Confirmation/ConfirmButton' is clicked on

28-08-2024T19:49:11 - [MESSAGE][PASSED] - Object: 'Object Repository/IWP30/Page_Confirmation/ConfirmButton' is clicked on

28-08-2024T19:49:11 - [TEST_STEP][PASSED] - Thread.sleep(5000): null

28-08-2024T19:49:16 - [TEST_STEP][PASSED] - if (verifyTextPresent("Make a Real Estate Payment", false)): null

28-08-2024T19:49:17 - [MESSAGE][PASSED] - Text 'Make a Real Estate Payment' is present on page 

28-08-2024T19:49:17 - [TEST_STEP][PASSED] - isRequiredTextPresent = true: null

28-08-2024T19:49:17 - [TEST_STEP][PASSED] - println(isRequiredTextPresent): null

28-08-2024T19:49:17 - [TEST_STEP][PASSED] - if (isRequiredTextPresent): null

28-08-2024T19:49:17 - [TEST_STEP][PASSED] - if (verifyTextPresent("This transaction is subject to a Convenience Fees of $2.00.", false)): null

28-08-2024T19:49:17 - [MESSAGE][PASSED] - Text 'This transaction is subject to a Convenience Fees of $2.00.' is present on page 

28-08-2024T19:49:17 - [TEST_STEP][PASSED] - isRequiredTextPresent = true: null

28-08-2024T19:49:17 - [TEST_STEP][PASSED] - println(isRequiredTextPresent): null

28-08-2024T19:49:17 - [TEST_STEP][PASSED] - if (isRequiredTextPresent): null

28-08-2024T19:49:17 - [TEST_STEP][PASSED] - if (verifyTextPresent("Payment Amount:  $10.50", false)): null

28-08-2024T19:49:18 - [MESSAGE][PASSED] - Text 'Payment Amount:  $10.50' is present on page 

28-08-2024T19:49:18 - [TEST_STEP][PASSED] - isRequiredTextPresent = true: null

28-08-2024T19:49:18 - [TEST_STEP][PASSED] - if (isRequiredTextPresent): null

28-08-2024T19:49:18 - [TEST_STEP][PASSED] - if (verifyTextPresent("Convenience Fees:  $2.00", false)): null

28-08-2024T19:49:18 - [MESSAGE][PASSED] - Text 'Convenience Fees:  $2.00' is present on page 

28-08-2024T19:49:18 - [TEST_STEP][PASSED] - isRequiredTextPresent = true: null

28-08-2024T19:49:18 - [TEST_STEP][PASSED] - if (isRequiredTextPresent): null

28-08-2024T19:49:18 - [TEST_STEP][PASSED] - if (verifyTextPresent("Total Amount:  $12.50", false)): null

28-08-2024T19:49:18 - [MESSAGE][PASSED] - Text 'Total Amount:  $12.50' is present on page 

28-08-2024T19:49:18 - [TEST_STEP][PASSED] - isRequiredTextPresent = true: null

28-08-2024T19:49:18 - [TEST_STEP][PASSED] - if (isRequiredTextPresent): null

28-08-2024T19:49:18 - [TEST_STEP][PASSED] - if (verifyTextPresent("One transaction in the amount of $12.50 will appear on your bank statement.", false)): null

28-08-2024T19:49:18 - [MESSAGE][PASSED] - Text 'One transaction in the amount of $12.50 will appear on your bank statement.' is present on page 

28-08-2024T19:49:18 - [TEST_STEP][PASSED] - isRequiredTextPresent = true: null

28-08-2024T19:49:18 - [TEST_STEP][PASSED] - Thread.sleep(10000): null

28-08-2024T19:49:29 - [TEST_STEP][PASSED] - click(findTestObject("Object Repository/IWP30/Page_ConvenienceFees/btn_convFeeNotifyAction")): Object: 'Object Repository/IWP30/Page_ConvenienceFees/btn_convFeeNotifyAction' is clicked on

28-08-2024T19:49:32 - [MESSAGE][PASSED] - Object: 'Object Repository/IWP30/Page_ConvenienceFees/btn_convFeeNotifyAction' is clicked on

28-08-2024T19:49:32 - [TEST_STEP][PASSED] - Thread.sleep(10000): null

28-08-2024T19:49:42 - [TEST_STEP][PASSED] - if (verifyTextPresent("Successful Payment Receipt", false)): null

28-08-2024T19:49:43 - [MESSAGE][PASSED] - Text 'Successful Payment Receipt' is present on page 

28-08-2024T19:49:43 - [TEST_STEP][PASSED] - println("Successful Payment Receipt text is present on the Receipt page"): null

28-08-2024T19:49:43 - [TEST_STEP][PASSED] - markPassed("Successful Payment Receipt text is present on the Receipt page"): Successful Payment Receipt text is present on the Receipt page

28-08-2024T19:49:43 - [MESSAGE][PASSED] - Successful Payment Receipt text is present on the Receipt page

28-08-2024T19:49:43 - [TEST_STEP][PASSED] - resText = "Pass": null

28-08-2024T19:49:43 - [TEST_STEP][PASSED] - pages.WriteExcel.demoKey(resText, datText, resColumn, datCloumn, fileLoc, nameSheet, row): pages.WriteExcel.demoKey is PASSED

28-08-2024T19:49:43 - [MESSAGE][PASSED] - pages.WriteExcel.demoKey is PASSED

28-08-2024T19:49:43 - [TEST_STEP][PASSED] - closeBrowser(): Browser is closed

28-08-2024T19:49:44 - [MESSAGE][PASSED] - Browser is closed]]></system-out>
         <system-err><![CDATA[]]></system-err>
      </testcase>
      <testcase name="Test Cases/IntegratedWeb/IWP25/Error/MaxAmountErrorCorp" time="92.669" classname="Test Cases/IntegratedWeb/IWP25/Error/MaxAmountErrorCorp" status="PASSED">
         <system-out><![CDATA[28-08-2024T19:49:44 - [TEST_CASE][PASSED] - Test Cases/IntegratedWeb/IWP25/Error/MaxAmountErrorCorp: Test Cases/IntegratedWeb/IWP25/Error/MaxAmountErrorCorp

28-08-2024T19:49:44 - [TEST_STEP][PASSED] - resText = "Fail": null

28-08-2024T19:49:44 - [TEST_STEP][PASSED] - resColumn = "Result": null

28-08-2024T19:49:44 - [TEST_STEP][PASSED] - datCloumn = "Date": null

28-08-2024T19:49:44 - [TEST_STEP][PASSED] - fileLoc = "KatalonData/IWPTestData/VRelay25Payments.xlsx": null

28-08-2024T19:49:44 - [TEST_STEP][PASSED] - numOfRows = <not implemented yet for class: org.codehaus.groovy.ast.expr.EmptyExpression>: null

28-08-2024T19:49:44 - [TEST_STEP][PASSED] - dataFile = <not implemented yet for class: org.codehaus.groovy.ast.expr.EmptyExpression>: null

28-08-2024T19:49:44 - [TEST_STEP][PASSED] - nameSheet = <not implemented yet for class: org.codehaus.groovy.ast.expr.EmptyExpression>: null

28-08-2024T19:49:44 - [TEST_STEP][PASSED] - dataFileEmulator = <not implemented yet for class: org.codehaus.groovy.ast.expr.EmptyExpression>: null

28-08-2024T19:49:44 - [TEST_STEP][PASSED] - nameSheet = "MaxAmountErrorCorp": null

28-08-2024T19:49:44 - [TEST_STEP][PASSED] - dataFile = "IWPTestData/IWP25MaxAmountErrorCorp": null

28-08-2024T19:49:44 - [TEST_STEP][PASSED] - dataFileEmulator = "IWPTestData/EmulatorData": null

28-08-2024T19:49:44 - [TEST_STEP][PASSED] - numOfRows = findTestData(dataFile).getRowNumbers(): null

28-08-2024T19:49:44 - [TEST_STEP][PASSED] - println("Number of Records: " + numOfRows): null

28-08-2024T19:49:44 - [TEST_STEP][PASSED] - for ([row = 1, row <= numOfRows, (row++)]): Browser is closed

28-08-2024T19:49:44 - [TEST_STEP][PASSED] - ExecuteTC = findTestData(dataFile).getValue("Execute", row): null

28-08-2024T19:49:45 - [TEST_STEP][PASSED] - out.println("Value of Execute is : " + ExecuteTC): null

28-08-2024T19:49:45 - [TEST_STEP][PASSED] - if (ExecuteTC.equalsIgnoreCase("Y")): null

28-08-2024T19:49:45 - [TEST_STEP][PASSED] - out.println("Begin Record Number: " + row): null

28-08-2024T19:49:45 - [TEST_STEP][PASSED] - today = new java.util.Date(): null

28-08-2024T19:49:45 - [TEST_STEP][PASSED] - println(today): null

28-08-2024T19:49:45 - [TEST_STEP][PASSED] - datText = today: null

28-08-2024T19:49:45 - [TEST_STEP][PASSED] - EmulatorDataKey = findTestData(dataFile).getValue("EmulatorData", row): null

28-08-2024T19:49:45 - [TEST_STEP][PASSED] - out.println("Value of Emulator Key is : " + EmulatorDataKey): null

28-08-2024T19:49:45 - [TEST_STEP][PASSED] - iwpPages.emulatorIWP30.setDataEmulator_DD(EmulatorDataKey): iwpPages.emulatorIWP30.setDataEmulator_DD is PASSED

28-08-2024T19:49:45 - [MESSAGE][INFO] - Starting 'Edge Chromium' driver

28-08-2024T19:49:45 - [MESSAGE][INFO] - User set preference: ['acceptInsecureCerts', 'true']

28-08-2024T19:49:48 - [MESSAGE][INFO] - Action delay is set to 0 milliseconds

28-08-2024T19:49:53 - [MESSAGE][PASSED] - Browser is opened with url: 'https://qa2.velocitypayment.com/agency/config.do?action=editor&message_version=2_5'

28-08-2024T19:49:53 - [MESSAGE][PASSED] - Current window maximized

28-08-2024T19:49:54 - [MESSAGE][PASSED] - All options with value '2.5' are selected in object 'Object Repository/IWP30/Page_VRelay30Emulator/MV'  using regular expression

28-08-2024T19:49:55 - [MESSAGE][PASSED] - Text '10.50' is set on object 'Object Repository/IWP30/Page_VRelay30Emulator/Amount'

28-08-2024T19:49:56 - [MESSAGE][PASSED] - Text '26413414' is set on object 'Object Repository/IWP30/Page_VRelay30Emulator/CAN'

28-08-2024T19:49:56 - [MESSAGE][PASSED] - Text 'PayNow' is set on object 'Object Repository/IWP30/Page_VRelay30Emulator/Action'

28-08-2024T19:49:57 - [MESSAGE][PASSED] - Text 'en_US' is set on object 'Object Repository/IWP30/Page_VRelay30Emulator/Lang'

28-08-2024T19:49:57 - [MESSAGE][PASSED] - Text '' is set on object 'Object Repository/IWP30/Page_VRelay30Emulator/Fname'

28-08-2024T19:50:00 - [MESSAGE][PASSED] - Text '' is set on object 'Object Repository/IWP30/Page_VRelay30Emulator/Lname'

28-08-2024T19:50:01 - [MESSAGE][PASSED] - Text '' is set on object 'Object Repository/IWP30/Page_VRelay30Emulator/AL1'

28-08-2024T19:50:01 - [MESSAGE][PASSED] - Text '' is set on object 'Object Repository/IWP30/Page_VRelay30Emulator/AL2'

28-08-2024T19:50:02 - [MESSAGE][PASSED] - Text '' is set on object 'Object Repository/IWP30/Page_VRelay30Emulator/Country'

28-08-2024T19:50:03 - [MESSAGE][PASSED] - Text '' is set on object 'Object Repository/IWP30/Page_VRelay30Emulator/City'

28-08-2024T19:50:03 - [MESSAGE][PASSED] - Text '' is set on object 'Object Repository/IWP30/Page_VRelay30Emulator/State'

28-08-2024T19:50:04 - [MESSAGE][PASSED] - Text '' is set on object 'Object Repository/IWP30/Page_VRelay30Emulator/ZIP'

28-08-2024T19:50:04 - [MESSAGE][PASSED] - Text '' is set on object 'Object Repository/IWP30/Page_VRelay30Emulator/Order'

28-08-2024T19:50:06 - [MESSAGE][PASSED] - Text '' is set on object 'Object Repository/IWP30/Page_VRelay30Emulator/Company'

28-08-2024T19:50:07 - [MESSAGE][PASSED] - Text '' is set on object 'Object Repository/IWP30/Page_VRelay30Emulator/Email'

28-08-2024T19:50:08 - [MESSAGE][PASSED] - Text '' is set on object 'Object Repository/IWP30/Page_VRelay30Emulator/UDF1'

28-08-2024T19:50:08 - [MESSAGE][PASSED] - Text '' is set on object 'Object Repository/IWP30/Page_VRelay30Emulator/UDF2'

28-08-2024T19:50:09 - [MESSAGE][PASSED] - Text '' is set on object 'Object Repository/IWP30/Page_VRelay30Emulator/UDF3'

28-08-2024T19:50:09 - [MESSAGE][PASSED] - Text 'udf data 4' is set on object 'Object Repository/IWP30/Page_VRelay30Emulator/UDF4'

28-08-2024T19:50:10 - [MESSAGE][PASSED] - Text 'udf data 5' is set on object 'Object Repository/IWP30/Page_VRelay30Emulator/UDF5'

28-08-2024T19:50:11 - [MESSAGE][PASSED] - Text '' is set on object 'Object Repository/IWP30/Page_VRelay30Emulator/UDF6'

28-08-2024T19:50:12 - [MESSAGE][PASSED] - Text '' is set on object 'Object Repository/IWP30/Page_VRelay30Emulator/UDF7'

28-08-2024T19:50:13 - [MESSAGE][PASSED] - Text '' is set on object 'Object Repository/IWP30/Page_VRelay30Emulator/UDF8'

28-08-2024T19:50:14 - [MESSAGE][PASSED] - Text 'udf data 9' is set on object 'Object Repository/IWP30/Page_VRelay30Emulator/UDF9'

28-08-2024T19:50:15 - [MESSAGE][PASSED] - Text 'udf data 10' is set on object 'Object Repository/IWP30/Page_VRelay30Emulator/UDF10'

28-08-2024T19:50:16 - [MESSAGE][PASSED] - Object: 'Object Repository/IWP30/Page_VRelay30Emulator/Submit' is clicked on

28-08-2024T19:50:21 - [MESSAGE][PASSED] - Browser is closed

28-08-2024T19:50:25 - [MESSAGE][PASSED] - iwpPages.emulatorIWP30.setDataEmulator_DD is PASSED

28-08-2024T19:50:25 - [TEST_STEP][PASSED] - testHarnessURL = urlTestHarness: null

28-08-2024T19:50:25 - [TEST_STEP][PASSED] - openBrowser(testHarnessURL): Browser is opened with url: 'https://dev-algorithm.govolution.com/vrelaytest/QA2/version_2_2/vrelaytest.html'

28-08-2024T19:50:25 - [MESSAGE][INFO] - Starting 'Edge Chromium' driver

28-08-2024T19:50:25 - [MESSAGE][INFO] - User set preference: ['acceptInsecureCerts', 'true']

28-08-2024T19:50:28 - [MESSAGE][INFO] - Action delay is set to 0 milliseconds

28-08-2024T19:50:34 - [MESSAGE][PASSED] - Browser is opened with url: 'https://dev-algorithm.govolution.com/vrelaytest/QA2/version_2_2/vrelaytest.html'

28-08-2024T19:50:34 - [TEST_STEP][PASSED] - maximizeWindow(): Current window maximized

28-08-2024T19:50:35 - [MESSAGE][PASSED] - Current window maximized

28-08-2024T19:50:35 - [TEST_STEP][PASSED] - iwpPages.TestHarnessPage.setDataMethod(row, dataFile): iwpPages.TestHarnessPage.setDataMethod is PASSED

28-08-2024T19:50:35 - [MESSAGE][PASSED] - Object 'Object Repository/IWP30/Page_QATestHarness/RemittanceID' is present

28-08-2024T19:50:36 - [MESSAGE][PASSED] - Text '638' is set on object 'Object Repository/IWP30/Page_QATestHarness/ApplicationID'

28-08-2024T19:50:37 - [MESSAGE][PASSED] - Text '2.5' is set on object 'Object Repository/IWP30/Page_QATestHarness/MessageVersion'

28-08-2024T19:50:37 - [MESSAGE][PASSED] - Text '6uHtcdkbnrSr' is set on object 'Object Repository/IWP30/Page_QATestHarness/RemittanceID'

28-08-2024T19:50:42 - [MESSAGE][PASSED] - Object: 'Object Repository/IWP30/Page_QATestHarness/SubmitButton' is clicked on

28-08-2024T19:50:42 - [MESSAGE][PASSED] - iwpPages.TestHarnessPage.setDataMethod is PASSED

28-08-2024T19:50:42 - [TEST_STEP][PASSED] - click(findTestObject("Object Repository/IWP30/Page_SelectPaymentMethod/PayByCorporateCheck")): Object: 'Object Repository/IWP30/Page_SelectPaymentMethod/PayByCorporateCheck' is clicked on

28-08-2024T19:50:42 - [MESSAGE][PASSED] - Object: 'Object Repository/IWP30/Page_SelectPaymentMethod/PayByCorporateCheck' is clicked on

28-08-2024T19:50:42 - [TEST_STEP][PASSED] - click(findTestObject("Object Repository/IWP30/Page_SelectPaymentMethod/MakePaymentButton")): Object: 'Object Repository/IWP30/Page_SelectPaymentMethod/MakePaymentButton' is clicked on

28-08-2024T19:50:45 - [MESSAGE][PASSED] - Object: 'Object Repository/IWP30/Page_SelectPaymentMethod/MakePaymentButton' is clicked on

28-08-2024T19:50:45 - [TEST_STEP][PASSED] - iwpPages.achCorporatePaymentEntryPage.setDataCorporate(row, dataFile): iwpPages.achCorporatePaymentEntryPage.setDataCorporate is PASSED

28-08-2024T19:50:46 - [MESSAGE][PASSED] - Object 'Object Repository/IWP30/Page_ACHCorporatePaymentEntry/txt_accountNumber' is present

28-08-2024T19:50:46 - [MESSAGE][PASSED] - Object 'Object Repository/IWP30/Page_ACHCorporatePaymentEntry/input_CompanyName' is present

28-08-2024T19:50:49 - [MESSAGE][PASSED] - Text 'My Company' is set on object 'Object Repository/IWP30/Page_ACHCorporatePaymentEntry/input_CompanyName'

28-08-2024T19:50:49 - [MESSAGE][PASSED] - Object 'Object Repository/IWP30/Page_ACHCorporatePaymentEntry/input_EIN' is present

28-08-2024T19:50:49 - [MESSAGE][PASSED] - Text '123456789' is set on object 'Object Repository/IWP30/Page_ACHCorporatePaymentEntry/input_EIN'

28-08-2024T19:50:50 - [MESSAGE][PASSED] - Text '200.50' is set on object 'Object Repository/IWP30/Page_ACHCorporatePaymentEntry/txt_Amount'

28-08-2024T19:50:51 - [MESSAGE][PASSED] - Text 'udf data 2' is set on object 'Object Repository/IWP30/Page_ACHCorporatePaymentEntry/txt_UDF2'

28-08-2024T19:50:51 - [MESSAGE][PASSED] - Text 'udf data 3' is set on object 'Object Repository/IWP30/Page_ACHCorporatePaymentEntry/txt_UDF3'

28-08-2024T19:50:52 - [MESSAGE][PASSED] - All options with label 'Orange' are selected in object 'Object Repository/IWP30/Page_ACHCorporatePaymentEntry/dd_UDF7' 

28-08-2024T19:50:52 - [MESSAGE][PASSED] - All options with label 'Soccer' are selected in object 'Object Repository/IWP30/Page_ACHCorporatePaymentEntry/dd_UDF8' 

28-08-2024T19:50:53 - [MESSAGE][PASSED] - Object 'Object Repository/IWP30/Page_ACHCorporatePaymentEntry/txt_routingNumber' is present

28-08-2024T19:50:54 - [MESSAGE][PASSED] - Text '256072691' is set on object 'Object Repository/IWP30/Page_ACHCorporatePaymentEntry/txt_routingNumber'

28-08-2024T19:50:55 - [MESSAGE][PASSED] - Object 'Object Repository/IWP30/Page_ACHCorporatePaymentEntry/txt_accountNumber' is present

28-08-2024T19:50:56 - [MESSAGE][PASSED] - Text '12344444' is set on object 'Object Repository/IWP30/Page_ACHCorporatePaymentEntry/txt_accountNumber'

28-08-2024T19:50:57 - [MESSAGE][PASSED] - Object 'Object Repository/IWP30/Page_ACHCorporatePaymentEntry/txt_confirmAccountNumber' is present

28-08-2024T19:50:57 - [MESSAGE][PASSED] - Text '12344444' is set on object 'Object Repository/IWP30/Page_ACHCorporatePaymentEntry/txt_confirmAccountNumber'

28-08-2024T19:50:58 - [MESSAGE][PASSED] - Text '365 Main Avenue' is set on object 'Object Repository/IWP30/Page_ACHCorporatePaymentEntry/txt_AL1'

28-08-2024T19:50:59 - [MESSAGE][PASSED] - Text '22201' is set on object 'Object Repository/IWP30/Page_ACHCorporatePaymentEntry/txt_ZIP'

28-08-2024T19:50:59 - [MESSAGE][PASSED] - Object 'Object Repository/IWP30/Page_ACHCorporatePaymentEntry/txt_Email' is present

28-08-2024T19:51:03 - [MESSAGE][PASSED] - Text 'iahmed@govolution.com' is set on object 'Object Repository/IWP30/Page_ACHCorporatePaymentEntry/txt_Email'

28-08-2024T19:51:03 - [MESSAGE][PASSED] - Object 'Object Repository/IWP30/Page_ACHCorporatePaymentEntry/cb_TermsAndCond' is present

28-08-2024T19:51:03 - [MESSAGE][PASSED] - Object: 'Object Repository/IWP30/Page_ACHCorporatePaymentEntry/cb_TermsAndCond' is clicked on

28-08-2024T19:51:04 - [MESSAGE][PASSED] - Object 'Object Repository/IWP30/Page_ACHCorporatePaymentEntry/btn_Continue' is present

28-08-2024T19:51:06 - [MESSAGE][PASSED] - Object: 'Object Repository/IWP30/Page_ACHCorporatePaymentEntry/btn_Continue' is clicked on

28-08-2024T19:51:06 - [MESSAGE][PASSED] - iwpPages.achCorporatePaymentEntryPage.setDataCorporate is PASSED

28-08-2024T19:51:06 - [TEST_STEP][PASSED] - Thread.sleep(10000): null

28-08-2024T19:51:16 - [TEST_STEP][PASSED] - if (verifyTextPresent("Amount is greater than maximum", false)): null

28-08-2024T19:51:16 - [MESSAGE][PASSED] - Text 'Amount is greater than maximum' is present on page 

28-08-2024T19:51:16 - [TEST_STEP][PASSED] - println("Max Amount Error message shown"): null

28-08-2024T19:51:16 - [TEST_STEP][PASSED] - markPassed("Max Amount Error message shown"): Max Amount Error message shown

28-08-2024T19:51:16 - [MESSAGE][PASSED] - Max Amount Error message shown

28-08-2024T19:51:16 - [TEST_STEP][PASSED] - resText = "Pass": null

28-08-2024T19:51:16 - [TEST_STEP][PASSED] - pages.WriteExcel.demoKey(resText, datText, resColumn, datCloumn, fileLoc, nameSheet, row): pages.WriteExcel.demoKey is PASSED

28-08-2024T19:51:16 - [MESSAGE][PASSED] - pages.WriteExcel.demoKey is PASSED

28-08-2024T19:51:16 - [TEST_STEP][PASSED] - closeBrowser(): Browser is closed

28-08-2024T19:51:17 - [MESSAGE][PASSED] - Browser is closed]]></system-out>
         <system-err><![CDATA[]]></system-err>
      </testcase>
      <testcase name="Test Cases/IntegratedWeb/IWP25/Error/MaxAmountErrorPC" time="96.716" classname="Test Cases/IntegratedWeb/IWP25/Error/MaxAmountErrorPC" status="PASSED">
         <system-out><![CDATA[28-08-2024T19:51:17 - [TEST_CASE][PASSED] - Test Cases/IntegratedWeb/IWP25/Error/MaxAmountErrorPC: Test Cases/IntegratedWeb/IWP25/Error/MaxAmountErrorPC

28-08-2024T19:51:17 - [TEST_STEP][PASSED] - resText = "Fail": null

28-08-2024T19:51:17 - [TEST_STEP][PASSED] - resColumn = "Result": null

28-08-2024T19:51:17 - [TEST_STEP][PASSED] - datCloumn = "Date": null

28-08-2024T19:51:17 - [TEST_STEP][PASSED] - fileLoc = "KatalonData/IWPTestData/VRelay25Payments.xlsx": null

28-08-2024T19:51:17 - [TEST_STEP][PASSED] - numOfRows = <not implemented yet for class: org.codehaus.groovy.ast.expr.EmptyExpression>: null

28-08-2024T19:51:17 - [TEST_STEP][PASSED] - dataFile = <not implemented yet for class: org.codehaus.groovy.ast.expr.EmptyExpression>: null

28-08-2024T19:51:17 - [TEST_STEP][PASSED] - nameSheet = <not implemented yet for class: org.codehaus.groovy.ast.expr.EmptyExpression>: null

28-08-2024T19:51:17 - [TEST_STEP][PASSED] - dataFileEmulator = <not implemented yet for class: org.codehaus.groovy.ast.expr.EmptyExpression>: null

28-08-2024T19:51:17 - [TEST_STEP][PASSED] - nameSheet = "MaxAmountErrorPC": null

28-08-2024T19:51:17 - [TEST_STEP][PASSED] - dataFile = "IWPTestData/IWP25MaxAmountErrorPC": null

28-08-2024T19:51:17 - [TEST_STEP][PASSED] - dataFileEmulator = "IWPTestData/EmulatorData": null

28-08-2024T19:51:17 - [TEST_STEP][PASSED] - numOfRows = findTestData(dataFile).getRowNumbers(): null

28-08-2024T19:51:17 - [TEST_STEP][PASSED] - println("Number of Records: " + numOfRows): null

28-08-2024T19:51:17 - [TEST_STEP][PASSED] - for ([row = 1, row <= numOfRows, (row++)]): Browser is closed

28-08-2024T19:51:17 - [TEST_STEP][PASSED] - ExecuteTC = findTestData(dataFile).getValue("Execute", row): null

28-08-2024T19:51:17 - [TEST_STEP][PASSED] - out.println("Value of Execute is : " + ExecuteTC): null

28-08-2024T19:51:17 - [TEST_STEP][PASSED] - if (ExecuteTC.equalsIgnoreCase("Y")): null

28-08-2024T19:51:17 - [TEST_STEP][PASSED] - out.println("Begin Record Number: " + row): null

28-08-2024T19:51:17 - [TEST_STEP][PASSED] - today = new java.util.Date(): null

28-08-2024T19:51:17 - [TEST_STEP][PASSED] - println(today): null

28-08-2024T19:51:17 - [TEST_STEP][PASSED] - datText = today: null

28-08-2024T19:51:17 - [TEST_STEP][PASSED] - EmulatorDataKey = findTestData(dataFile).getValue("EmulatorData", row): null

28-08-2024T19:51:17 - [TEST_STEP][PASSED] - out.println("Value of Emulator Key is : " + EmulatorDataKey): null

28-08-2024T19:51:17 - [TEST_STEP][PASSED] - iwpPages.emulatorIWP30.setDataEmulator_DD(EmulatorDataKey): iwpPages.emulatorIWP30.setDataEmulator_DD is PASSED

28-08-2024T19:51:20 - [MESSAGE][INFO] - Starting 'Edge Chromium' driver

28-08-2024T19:51:20 - [MESSAGE][INFO] - User set preference: ['acceptInsecureCerts', 'true']

28-08-2024T19:51:22 - [MESSAGE][INFO] - Action delay is set to 0 milliseconds

28-08-2024T19:51:29 - [MESSAGE][PASSED] - Browser is opened with url: 'https://qa2.velocitypayment.com/agency/config.do?action=editor&message_version=2_5'

28-08-2024T19:51:29 - [MESSAGE][PASSED] - Current window maximized

28-08-2024T19:51:31 - [MESSAGE][PASSED] - All options with value '2.5' are selected in object 'Object Repository/IWP30/Page_VRelay30Emulator/MV'  using regular expression

28-08-2024T19:51:31 - [MESSAGE][PASSED] - Text '10.50' is set on object 'Object Repository/IWP30/Page_VRelay30Emulator/Amount'

28-08-2024T19:51:32 - [MESSAGE][PASSED] - Text '26413414' is set on object 'Object Repository/IWP30/Page_VRelay30Emulator/CAN'

28-08-2024T19:51:33 - [MESSAGE][PASSED] - Text 'PayNow' is set on object 'Object Repository/IWP30/Page_VRelay30Emulator/Action'

28-08-2024T19:51:33 - [MESSAGE][PASSED] - Text 'en_US' is set on object 'Object Repository/IWP30/Page_VRelay30Emulator/Lang'

28-08-2024T19:51:36 - [MESSAGE][PASSED] - Text '' is set on object 'Object Repository/IWP30/Page_VRelay30Emulator/Fname'

28-08-2024T19:51:37 - [MESSAGE][PASSED] - Text '' is set on object 'Object Repository/IWP30/Page_VRelay30Emulator/Lname'

28-08-2024T19:51:37 - [MESSAGE][PASSED] - Text '' is set on object 'Object Repository/IWP30/Page_VRelay30Emulator/AL1'

28-08-2024T19:51:38 - [MESSAGE][PASSED] - Text '' is set on object 'Object Repository/IWP30/Page_VRelay30Emulator/AL2'

28-08-2024T19:51:39 - [MESSAGE][PASSED] - Text '' is set on object 'Object Repository/IWP30/Page_VRelay30Emulator/Country'

28-08-2024T19:51:39 - [MESSAGE][PASSED] - Text '' is set on object 'Object Repository/IWP30/Page_VRelay30Emulator/City'

28-08-2024T19:51:40 - [MESSAGE][PASSED] - Text '' is set on object 'Object Repository/IWP30/Page_VRelay30Emulator/State'

28-08-2024T19:51:42 - [MESSAGE][PASSED] - Text '' is set on object 'Object Repository/IWP30/Page_VRelay30Emulator/ZIP'

28-08-2024T19:51:43 - [MESSAGE][PASSED] - Text '' is set on object 'Object Repository/IWP30/Page_VRelay30Emulator/Order'

28-08-2024T19:51:44 - [MESSAGE][PASSED] - Text '' is set on object 'Object Repository/IWP30/Page_VRelay30Emulator/Company'

28-08-2024T19:51:44 - [MESSAGE][PASSED] - Text '' is set on object 'Object Repository/IWP30/Page_VRelay30Emulator/Email'

28-08-2024T19:51:45 - [MESSAGE][PASSED] - Text '' is set on object 'Object Repository/IWP30/Page_VRelay30Emulator/UDF1'

28-08-2024T19:51:45 - [MESSAGE][PASSED] - Text '' is set on object 'Object Repository/IWP30/Page_VRelay30Emulator/UDF2'

28-08-2024T19:51:46 - [MESSAGE][PASSED] - Text '' is set on object 'Object Repository/IWP30/Page_VRelay30Emulator/UDF3'

28-08-2024T19:51:47 - [MESSAGE][PASSED] - Text 'udf data 4' is set on object 'Object Repository/IWP30/Page_VRelay30Emulator/UDF4'

28-08-2024T19:51:49 - [MESSAGE][PASSED] - Text 'udf data 5' is set on object 'Object Repository/IWP30/Page_VRelay30Emulator/UDF5'

28-08-2024T19:51:50 - [MESSAGE][PASSED] - Text '' is set on object 'Object Repository/IWP30/Page_VRelay30Emulator/UDF6'

28-08-2024T19:51:50 - [MESSAGE][PASSED] - Text '' is set on object 'Object Repository/IWP30/Page_VRelay30Emulator/UDF7'

28-08-2024T19:51:51 - [MESSAGE][PASSED] - Text '' is set on object 'Object Repository/IWP30/Page_VRelay30Emulator/UDF8'

28-08-2024T19:51:51 - [MESSAGE][PASSED] - Text 'udf data 9' is set on object 'Object Repository/IWP30/Page_VRelay30Emulator/UDF9'

28-08-2024T19:51:52 - [MESSAGE][PASSED] - Text 'udf data 10' is set on object 'Object Repository/IWP30/Page_VRelay30Emulator/UDF10'

28-08-2024T19:51:53 - [MESSAGE][PASSED] - Object: 'Object Repository/IWP30/Page_VRelay30Emulator/Submit' is clicked on

28-08-2024T19:51:58 - [MESSAGE][PASSED] - Browser is closed

28-08-2024T19:52:02 - [MESSAGE][PASSED] - iwpPages.emulatorIWP30.setDataEmulator_DD is PASSED

28-08-2024T19:52:02 - [TEST_STEP][PASSED] - testHarnessURL = urlTestHarness: null

28-08-2024T19:52:02 - [TEST_STEP][PASSED] - openBrowser(testHarnessURL): Browser is opened with url: 'https://dev-algorithm.govolution.com/vrelaytest/QA2/version_2_2/vrelaytest.html'

28-08-2024T19:52:02 - [MESSAGE][INFO] - Starting 'Edge Chromium' driver

28-08-2024T19:52:02 - [MESSAGE][INFO] - User set preference: ['acceptInsecureCerts', 'true']

28-08-2024T19:52:05 - [MESSAGE][INFO] - Action delay is set to 0 milliseconds

28-08-2024T19:52:10 - [MESSAGE][PASSED] - Browser is opened with url: 'https://dev-algorithm.govolution.com/vrelaytest/QA2/version_2_2/vrelaytest.html'

28-08-2024T19:52:10 - [TEST_STEP][PASSED] - maximizeWindow(): Current window maximized

28-08-2024T19:52:10 - [MESSAGE][PASSED] - Current window maximized

28-08-2024T19:52:10 - [TEST_STEP][PASSED] - iwpPages.TestHarnessPage.setDataMethod(row, dataFile): iwpPages.TestHarnessPage.setDataMethod is PASSED

28-08-2024T19:52:10 - [MESSAGE][PASSED] - Object 'Object Repository/IWP30/Page_QATestHarness/RemittanceID' is present

28-08-2024T19:52:11 - [MESSAGE][PASSED] - Text '638' is set on object 'Object Repository/IWP30/Page_QATestHarness/ApplicationID'

28-08-2024T19:52:12 - [MESSAGE][PASSED] - Text '2.5' is set on object 'Object Repository/IWP30/Page_QATestHarness/MessageVersion'

28-08-2024T19:52:12 - [MESSAGE][PASSED] - Text 'DMu892FHYPrO' is set on object 'Object Repository/IWP30/Page_QATestHarness/RemittanceID'

28-08-2024T19:52:17 - [MESSAGE][PASSED] - Object: 'Object Repository/IWP30/Page_QATestHarness/SubmitButton' is clicked on

28-08-2024T19:52:17 - [MESSAGE][PASSED] - iwpPages.TestHarnessPage.setDataMethod is PASSED

28-08-2024T19:52:17 - [TEST_STEP][PASSED] - click(findTestObject("Object Repository/IWP30/Page_SelectPaymentMethod/PayByPersonalCheck")): Object: 'Object Repository/IWP30/Page_SelectPaymentMethod/PayByPersonalCheck' is clicked on

28-08-2024T19:52:18 - [MESSAGE][PASSED] - Object: 'Object Repository/IWP30/Page_SelectPaymentMethod/PayByPersonalCheck' is clicked on

28-08-2024T19:52:18 - [TEST_STEP][PASSED] - click(findTestObject("Object Repository/IWP30/Page_SelectPaymentMethod/MakePaymentButton")): Object: 'Object Repository/IWP30/Page_SelectPaymentMethod/MakePaymentButton' is clicked on

28-08-2024T19:52:20 - [MESSAGE][PASSED] - Object: 'Object Repository/IWP30/Page_SelectPaymentMethod/MakePaymentButton' is clicked on

28-08-2024T19:52:20 - [TEST_STEP][PASSED] - iwpPages.achPersonalPaymentEntryPage.setDataACHPPM(row, dataFile): iwpPages.achPersonalPaymentEntryPage.setDataACHPPM is PASSED

28-08-2024T19:52:21 - [MESSAGE][PASSED] - Object 'Object Repository/IWP30/Page_ACHPersonalPaymentEntry/txt_accountNumber' is present

28-08-2024T19:52:23 - [MESSAGE][PASSED] - Text '200.50' is set on object 'Object Repository/IWP30/Page_ACHPersonalPaymentEntry/txt_Amount'

28-08-2024T19:52:24 - [MESSAGE][PASSED] - Object 'Object Repository/IWP30/Page_ACHPersonalPaymentEntry/txt_UDF2' is present

28-08-2024T19:52:25 - [MESSAGE][PASSED] - Text 'udf data 2' is set on object 'Object Repository/IWP30/Page_ACHPersonalPaymentEntry/txt_UDF2'

28-08-2024T19:52:25 - [MESSAGE][PASSED] - Text 'udf data 3' is set on object 'Object Repository/IWP30/Page_ACHPersonalPaymentEntry/txt_UDF3'

28-08-2024T19:52:26 - [MESSAGE][PASSED] - All options with label 'Orange' are selected in object 'Object Repository/IWP30/Page_ACHPersonalPaymentEntry/dd_UDF7' 

28-08-2024T19:52:26 - [MESSAGE][PASSED] - All options with label 'Soccer' are selected in object 'Object Repository/IWP30/Page_ACHPersonalPaymentEntry/dd_UDF8' 

28-08-2024T19:52:26 - [MESSAGE][PASSED] - Object 'Object Repository/IWP30/Page_ACHPersonalPaymentEntry/txt_Firstname' is present

28-08-2024T19:52:27 - [MESSAGE][PASSED] - Text 'Elizath' is set on object 'Object Repository/IWP30/Page_ACHPersonalPaymentEntry/txt_Firstname'

28-08-2024T19:52:27 - [MESSAGE][PASSED] - Object 'Object Repository/IWP30/Page_ACHPersonalPaymentEntry/txt_Lastname' is present

28-08-2024T19:52:28 - [MESSAGE][PASSED] - Text 'Christine' is set on object 'Object Repository/IWP30/Page_ACHPersonalPaymentEntry/txt_Lastname'

28-08-2024T19:52:28 - [MESSAGE][PASSED] - Object 'Object Repository/IWP30/Page_ACHPersonalPaymentEntry/txt_routingNumber' is present

28-08-2024T19:52:31 - [MESSAGE][PASSED] - Text '256072691' is set on object 'Object Repository/IWP30/Page_ACHPersonalPaymentEntry/txt_routingNumber'

28-08-2024T19:52:31 - [MESSAGE][PASSED] - Object 'Object Repository/IWP30/Page_ACHPersonalPaymentEntry/txt_accountNumber' is present

28-08-2024T19:52:32 - [MESSAGE][PASSED] - Text '12344444' is set on object 'Object Repository/IWP30/Page_ACHPersonalPaymentEntry/txt_accountNumber'

28-08-2024T19:52:33 - [MESSAGE][PASSED] - Object 'Object Repository/IWP30/Page_ACHPersonalPaymentEntry/txt_confirmAccountNumber' is present

28-08-2024T19:52:33 - [MESSAGE][PASSED] - Text '12344444' is set on object 'Object Repository/IWP30/Page_ACHPersonalPaymentEntry/txt_confirmAccountNumber'

28-08-2024T19:52:33 - [MESSAGE][PASSED] - Object 'Object Repository/IWP30/Page_ACHPersonalPaymentEntry/rd_accountType' is present

28-08-2024T19:52:33 - [MESSAGE][PASSED] - Modify property of object successfully

28-08-2024T19:52:34 - [MESSAGE][PASSED] - Object: 'Object Repository/IWP30/Page_ACHPersonalPaymentEntry/rd_accountType' is clicked on

28-08-2024T19:52:34 - [MESSAGE][PASSED] - Text '365 Main Avenue' is set on object 'Object Repository/IWP30/Page_ACHPersonalPaymentEntry/txt_AL1'

28-08-2024T19:52:37 - [MESSAGE][PASSED] - Text '22201' is set on object 'Object Repository/IWP30/Page_ACHPersonalPaymentEntry/txt_ZIP'

28-08-2024T19:52:37 - [MESSAGE][PASSED] - Object 'Object Repository/IWP30/Page_ACHPersonalPaymentEntry/txt_Email' is present

28-08-2024T19:52:39 - [MESSAGE][PASSED] - Text 'iahmed@govolution.com' is set on object 'Object Repository/IWP30/Page_ACHPersonalPaymentEntry/txt_Email'

28-08-2024T19:52:39 - [MESSAGE][PASSED] - Object 'Object Repository/IWP30/Page_ACHPersonalPaymentEntry/cb_TermsAndCond' is present

28-08-2024T19:52:39 - [MESSAGE][PASSED] - Object: 'Object Repository/IWP30/Page_ACHPersonalPaymentEntry/cb_TermsAndCond' is clicked on

28-08-2024T19:52:40 - [MESSAGE][PASSED] - Object 'Object Repository/IWP30/Page_ACHPersonalPaymentEntry/btn_Continue' is present

28-08-2024T19:52:43 - [MESSAGE][PASSED] - Object: 'Object Repository/IWP30/Page_ACHPersonalPaymentEntry/btn_Continue' is clicked on

28-08-2024T19:52:43 - [MESSAGE][PASSED] - iwpPages.achPersonalPaymentEntryPage.setDataACHPPM is PASSED

28-08-2024T19:52:43 - [TEST_STEP][PASSED] - Thread.sleep(10000): null

28-08-2024T19:52:53 - [TEST_STEP][PASSED] - if (verifyTextPresent("Amount is greater than maximum", false)): null

28-08-2024T19:52:53 - [MESSAGE][PASSED] - Text 'Amount is greater than maximum' is present on page 

28-08-2024T19:52:53 - [TEST_STEP][PASSED] - println("Max Amount Error message shown"): null

28-08-2024T19:52:53 - [TEST_STEP][PASSED] - markPassed("Max Amount Error message shown"): Max Amount Error message shown

28-08-2024T19:52:53 - [MESSAGE][PASSED] - Max Amount Error message shown

28-08-2024T19:52:53 - [TEST_STEP][PASSED] - resText = "Pass": null

28-08-2024T19:52:53 - [TEST_STEP][PASSED] - pages.WriteExcel.demoKey(resText, datText, resColumn, datCloumn, fileLoc, nameSheet, row): pages.WriteExcel.demoKey is PASSED

28-08-2024T19:52:53 - [MESSAGE][PASSED] - pages.WriteExcel.demoKey is PASSED

28-08-2024T19:52:53 - [TEST_STEP][PASSED] - closeBrowser(): Browser is closed

28-08-2024T19:52:54 - [MESSAGE][PASSED] - Browser is closed]]></system-out>
         <system-err><![CDATA[]]></system-err>
      </testcase>
      <testcase name="Test Cases/IntegratedWeb/IWP25/Error/MaxAmountErrorPS" time="93.257" classname="Test Cases/IntegratedWeb/IWP25/Error/MaxAmountErrorPS" status="PASSED">
         <system-out><![CDATA[28-08-2024T19:52:54 - [TEST_CASE][PASSED] - Test Cases/IntegratedWeb/IWP25/Error/MaxAmountErrorPS: Test Cases/IntegratedWeb/IWP25/Error/MaxAmountErrorPS

28-08-2024T19:52:54 - [TEST_STEP][PASSED] - resText = "Fail": null

28-08-2024T19:52:54 - [TEST_STEP][PASSED] - resColumn = "Result": null

28-08-2024T19:52:54 - [TEST_STEP][PASSED] - datCloumn = "Date": null

28-08-2024T19:52:54 - [TEST_STEP][PASSED] - fileLoc = "KatalonData/IWPTestData/VRelay25Payments.xlsx": null

28-08-2024T19:52:54 - [TEST_STEP][PASSED] - numOfRows = <not implemented yet for class: org.codehaus.groovy.ast.expr.EmptyExpression>: null

28-08-2024T19:52:54 - [TEST_STEP][PASSED] - dataFile = <not implemented yet for class: org.codehaus.groovy.ast.expr.EmptyExpression>: null

28-08-2024T19:52:54 - [TEST_STEP][PASSED] - nameSheet = <not implemented yet for class: org.codehaus.groovy.ast.expr.EmptyExpression>: null

28-08-2024T19:52:54 - [TEST_STEP][PASSED] - dataFileEmulator = <not implemented yet for class: org.codehaus.groovy.ast.expr.EmptyExpression>: null

28-08-2024T19:52:54 - [TEST_STEP][PASSED] - nameSheet = "MaxAmountErrorPS": null

28-08-2024T19:52:54 - [TEST_STEP][PASSED] - dataFile = "IWPTestData/IWP25MaxAmountErrorPS": null

28-08-2024T19:52:54 - [TEST_STEP][PASSED] - dataFileEmulator = "IWPTestData/EmulatorData": null

28-08-2024T19:52:54 - [TEST_STEP][PASSED] - numOfRows = findTestData(dataFile).getRowNumbers(): null

28-08-2024T19:52:54 - [TEST_STEP][PASSED] - println("Number of Records: " + numOfRows): null

28-08-2024T19:52:54 - [TEST_STEP][PASSED] - for ([row = 1, row <= numOfRows, (row++)]): Browser is closed

28-08-2024T19:52:54 - [TEST_STEP][PASSED] - ExecuteTC = findTestData(dataFile).getValue("Execute", row): null

28-08-2024T19:52:54 - [TEST_STEP][PASSED] - out.println("Value of Execute is : " + ExecuteTC): null

28-08-2024T19:52:54 - [TEST_STEP][PASSED] - if (ExecuteTC.equalsIgnoreCase("Y")): null

28-08-2024T19:52:54 - [TEST_STEP][PASSED] - out.println("Begin Record Number: " + row): null

28-08-2024T19:52:54 - [TEST_STEP][PASSED] - today = new java.util.Date(): null

28-08-2024T19:52:54 - [TEST_STEP][PASSED] - println(today): null

28-08-2024T19:52:54 - [TEST_STEP][PASSED] - datText = today: null

28-08-2024T19:52:54 - [TEST_STEP][PASSED] - EmulatorDataKey = findTestData(dataFile).getValue("EmulatorData", row): null

28-08-2024T19:52:54 - [TEST_STEP][PASSED] - out.println("Value of Emulator Key is : " + EmulatorDataKey): null

28-08-2024T19:52:54 - [TEST_STEP][PASSED] - iwpPages.emulatorIWP30.setDataEmulator_DD(EmulatorDataKey): iwpPages.emulatorIWP30.setDataEmulator_DD is PASSED

28-08-2024T19:52:54 - [MESSAGE][INFO] - Starting 'Edge Chromium' driver

28-08-2024T19:52:54 - [MESSAGE][INFO] - User set preference: ['acceptInsecureCerts', 'true']

28-08-2024T19:52:58 - [MESSAGE][INFO] - Action delay is set to 0 milliseconds

28-08-2024T19:53:02 - [MESSAGE][PASSED] - Browser is opened with url: 'https://qa2.velocitypayment.com/agency/config.do?action=editor&message_version=2_5'

28-08-2024T19:53:02 - [MESSAGE][PASSED] - Current window maximized

28-08-2024T19:53:03 - [MESSAGE][PASSED] - All options with value '2.5' are selected in object 'Object Repository/IWP30/Page_VRelay30Emulator/MV'  using regular expression

28-08-2024T19:53:04 - [MESSAGE][PASSED] - Text '10.50' is set on object 'Object Repository/IWP30/Page_VRelay30Emulator/Amount'

28-08-2024T19:53:05 - [MESSAGE][PASSED] - Text '26413414' is set on object 'Object Repository/IWP30/Page_VRelay30Emulator/CAN'

28-08-2024T19:53:05 - [MESSAGE][PASSED] - Text 'PayNow' is set on object 'Object Repository/IWP30/Page_VRelay30Emulator/Action'

28-08-2024T19:53:06 - [MESSAGE][PASSED] - Text 'en_US' is set on object 'Object Repository/IWP30/Page_VRelay30Emulator/Lang'

28-08-2024T19:53:08 - [MESSAGE][PASSED] - Text '' is set on object 'Object Repository/IWP30/Page_VRelay30Emulator/Fname'

28-08-2024T19:53:09 - [MESSAGE][PASSED] - Text '' is set on object 'Object Repository/IWP30/Page_VRelay30Emulator/Lname'

28-08-2024T19:53:10 - [MESSAGE][PASSED] - Text '' is set on object 'Object Repository/IWP30/Page_VRelay30Emulator/AL1'

28-08-2024T19:53:10 - [MESSAGE][PASSED] - Text '' is set on object 'Object Repository/IWP30/Page_VRelay30Emulator/AL2'

28-08-2024T19:53:11 - [MESSAGE][PASSED] - Text '' is set on object 'Object Repository/IWP30/Page_VRelay30Emulator/Country'

28-08-2024T19:53:11 - [MESSAGE][PASSED] - Text '' is set on object 'Object Repository/IWP30/Page_VRelay30Emulator/City'

28-08-2024T19:53:12 - [MESSAGE][PASSED] - Text '' is set on object 'Object Repository/IWP30/Page_VRelay30Emulator/State'

28-08-2024T19:53:12 - [MESSAGE][PASSED] - Text '' is set on object 'Object Repository/IWP30/Page_VRelay30Emulator/ZIP'

28-08-2024T19:53:13 - [MESSAGE][PASSED] - Text '' is set on object 'Object Repository/IWP30/Page_VRelay30Emulator/Order'

28-08-2024T19:53:15 - [MESSAGE][PASSED] - Text '' is set on object 'Object Repository/IWP30/Page_VRelay30Emulator/Company'

28-08-2024T19:53:16 - [MESSAGE][PASSED] - Text '' is set on object 'Object Repository/IWP30/Page_VRelay30Emulator/Email'

28-08-2024T19:53:17 - [MESSAGE][PASSED] - Text '' is set on object 'Object Repository/IWP30/Page_VRelay30Emulator/UDF1'

28-08-2024T19:53:17 - [MESSAGE][PASSED] - Text '' is set on object 'Object Repository/IWP30/Page_VRelay30Emulator/UDF2'

28-08-2024T19:53:18 - [MESSAGE][PASSED] - Text '' is set on object 'Object Repository/IWP30/Page_VRelay30Emulator/UDF3'

28-08-2024T19:53:18 - [MESSAGE][PASSED] - Text 'udf data 4' is set on object 'Object Repository/IWP30/Page_VRelay30Emulator/UDF4'

28-08-2024T19:53:19 - [MESSAGE][PASSED] - Text 'udf data 5' is set on object 'Object Repository/IWP30/Page_VRelay30Emulator/UDF5'

28-08-2024T19:53:20 - [MESSAGE][PASSED] - Text '' is set on object 'Object Repository/IWP30/Page_VRelay30Emulator/UDF6'

28-08-2024T19:53:21 - [MESSAGE][PASSED] - Text '' is set on object 'Object Repository/IWP30/Page_VRelay30Emulator/UDF7'

28-08-2024T19:53:22 - [MESSAGE][PASSED] - Text '' is set on object 'Object Repository/IWP30/Page_VRelay30Emulator/UDF8'

28-08-2024T19:53:23 - [MESSAGE][PASSED] - Text 'udf data 9' is set on object 'Object Repository/IWP30/Page_VRelay30Emulator/UDF9'

28-08-2024T19:53:24 - [MESSAGE][PASSED] - Text 'udf data 10' is set on object 'Object Repository/IWP30/Page_VRelay30Emulator/UDF10'

28-08-2024T19:53:25 - [MESSAGE][PASSED] - Object: 'Object Repository/IWP30/Page_VRelay30Emulator/Submit' is clicked on

28-08-2024T19:53:30 - [MESSAGE][PASSED] - Browser is closed

28-08-2024T19:53:34 - [MESSAGE][PASSED] - iwpPages.emulatorIWP30.setDataEmulator_DD is PASSED

28-08-2024T19:53:34 - [TEST_STEP][PASSED] - testHarnessURL = urlTestHarness: null

28-08-2024T19:53:34 - [TEST_STEP][PASSED] - openBrowser(testHarnessURL): Browser is opened with url: 'https://dev-algorithm.govolution.com/vrelaytest/QA2/version_2_2/vrelaytest.html'

28-08-2024T19:53:34 - [MESSAGE][INFO] - Starting 'Edge Chromium' driver

28-08-2024T19:53:34 - [MESSAGE][INFO] - User set preference: ['acceptInsecureCerts', 'true']

28-08-2024T19:53:37 - [MESSAGE][INFO] - Action delay is set to 0 milliseconds

28-08-2024T19:53:42 - [MESSAGE][PASSED] - Browser is opened with url: 'https://dev-algorithm.govolution.com/vrelaytest/QA2/version_2_2/vrelaytest.html'

28-08-2024T19:53:42 - [TEST_STEP][PASSED] - maximizeWindow(): Current window maximized

28-08-2024T19:53:42 - [MESSAGE][PASSED] - Current window maximized

28-08-2024T19:53:42 - [TEST_STEP][PASSED] - iwpPages.TestHarnessPage.setDataMethod(row, dataFile): iwpPages.TestHarnessPage.setDataMethod is PASSED

28-08-2024T19:53:42 - [MESSAGE][PASSED] - Object 'Object Repository/IWP30/Page_QATestHarness/RemittanceID' is present

28-08-2024T19:53:43 - [MESSAGE][PASSED] - Text '638' is set on object 'Object Repository/IWP30/Page_QATestHarness/ApplicationID'

28-08-2024T19:53:43 - [MESSAGE][PASSED] - Text '2.5' is set on object 'Object Repository/IWP30/Page_QATestHarness/MessageVersion'

28-08-2024T19:53:44 - [MESSAGE][PASSED] - Text '8PxSIM0rEMXy' is set on object 'Object Repository/IWP30/Page_QATestHarness/RemittanceID'

28-08-2024T19:53:49 - [MESSAGE][PASSED] - Object: 'Object Repository/IWP30/Page_QATestHarness/SubmitButton' is clicked on

28-08-2024T19:53:49 - [MESSAGE][PASSED] - iwpPages.TestHarnessPage.setDataMethod is PASSED

28-08-2024T19:53:49 - [TEST_STEP][PASSED] - click(findTestObject("Object Repository/IWP30/Page_SelectPaymentMethod/PayByPersonalCheck")): Object: 'Object Repository/IWP30/Page_SelectPaymentMethod/PayByPersonalCheck' is clicked on

28-08-2024T19:53:49 - [MESSAGE][PASSED] - Object: 'Object Repository/IWP30/Page_SelectPaymentMethod/PayByPersonalCheck' is clicked on

28-08-2024T19:53:49 - [TEST_STEP][PASSED] - click(findTestObject("Object Repository/IWP30/Page_SelectPaymentMethod/MakePaymentButton")): Object: 'Object Repository/IWP30/Page_SelectPaymentMethod/MakePaymentButton' is clicked on

28-08-2024T19:53:53 - [MESSAGE][PASSED] - Object: 'Object Repository/IWP30/Page_SelectPaymentMethod/MakePaymentButton' is clicked on

28-08-2024T19:53:53 - [TEST_STEP][PASSED] - iwpPages.achPersonalPaymentEntryPage.setDataACHPPM(row, dataFile): iwpPages.achPersonalPaymentEntryPage.setDataACHPPM is PASSED

28-08-2024T19:53:54 - [MESSAGE][PASSED] - Object 'Object Repository/IWP30/Page_ACHPersonalPaymentEntry/txt_accountNumber' is present

28-08-2024T19:53:55 - [MESSAGE][PASSED] - Text '200.50' is set on object 'Object Repository/IWP30/Page_ACHPersonalPaymentEntry/txt_Amount'

28-08-2024T19:53:55 - [MESSAGE][PASSED] - Object 'Object Repository/IWP30/Page_ACHPersonalPaymentEntry/txt_UDF2' is present

28-08-2024T19:53:56 - [MESSAGE][PASSED] - Text 'udf data 2' is set on object 'Object Repository/IWP30/Page_ACHPersonalPaymentEntry/txt_UDF2'

28-08-2024T19:53:56 - [MESSAGE][PASSED] - Text 'udf data 3' is set on object 'Object Repository/IWP30/Page_ACHPersonalPaymentEntry/txt_UDF3'

28-08-2024T19:53:57 - [MESSAGE][PASSED] - All options with label 'Orange' are selected in object 'Object Repository/IWP30/Page_ACHPersonalPaymentEntry/dd_UDF7' 

28-08-2024T19:53:57 - [MESSAGE][PASSED] - All options with label 'Soccer' are selected in object 'Object Repository/IWP30/Page_ACHPersonalPaymentEntry/dd_UDF8' 

28-08-2024T19:53:59 - [MESSAGE][PASSED] - Object 'Object Repository/IWP30/Page_ACHPersonalPaymentEntry/txt_Firstname' is present

28-08-2024T19:54:00 - [MESSAGE][PASSED] - Text 'Elizath' is set on object 'Object Repository/IWP30/Page_ACHPersonalPaymentEntry/txt_Firstname'

28-08-2024T19:54:00 - [MESSAGE][PASSED] - Object 'Object Repository/IWP30/Page_ACHPersonalPaymentEntry/txt_Lastname' is present

28-08-2024T19:54:01 - [MESSAGE][PASSED] - Text 'Christine' is set on object 'Object Repository/IWP30/Page_ACHPersonalPaymentEntry/txt_Lastname'

28-08-2024T19:54:01 - [MESSAGE][PASSED] - Object 'Object Repository/IWP30/Page_ACHPersonalPaymentEntry/txt_routingNumber' is present

28-08-2024T19:54:02 - [MESSAGE][PASSED] - Text '256072691' is set on object 'Object Repository/IWP30/Page_ACHPersonalPaymentEntry/txt_routingNumber'

28-08-2024T19:54:02 - [MESSAGE][PASSED] - Object 'Object Repository/IWP30/Page_ACHPersonalPaymentEntry/txt_accountNumber' is present

28-08-2024T19:54:03 - [MESSAGE][PASSED] - Text '12344444' is set on object 'Object Repository/IWP30/Page_ACHPersonalPaymentEntry/txt_accountNumber'

28-08-2024T19:54:04 - [MESSAGE][PASSED] - Object 'Object Repository/IWP30/Page_ACHPersonalPaymentEntry/txt_confirmAccountNumber' is present

28-08-2024T19:54:06 - [MESSAGE][PASSED] - Text '12344444' is set on object 'Object Repository/IWP30/Page_ACHPersonalPaymentEntry/txt_confirmAccountNumber'

28-08-2024T19:54:06 - [MESSAGE][PASSED] - Object 'Object Repository/IWP30/Page_ACHPersonalPaymentEntry/rd_accountType' is present

28-08-2024T19:54:06 - [MESSAGE][PASSED] - Modify property of object successfully

28-08-2024T19:54:07 - [MESSAGE][PASSED] - Object: 'Object Repository/IWP30/Page_ACHPersonalPaymentEntry/rd_accountType' is clicked on

28-08-2024T19:54:07 - [MESSAGE][PASSED] - Text '365 Main Avenue' is set on object 'Object Repository/IWP30/Page_ACHPersonalPaymentEntry/txt_AL1'

28-08-2024T19:54:08 - [MESSAGE][PASSED] - Text '22201' is set on object 'Object Repository/IWP30/Page_ACHPersonalPaymentEntry/txt_ZIP'

28-08-2024T19:54:08 - [MESSAGE][PASSED] - Object 'Object Repository/IWP30/Page_ACHPersonalPaymentEntry/txt_Email' is present

28-08-2024T19:54:10 - [MESSAGE][PASSED] - Text 'iahmed@govolution.com' is set on object 'Object Repository/IWP30/Page_ACHPersonalPaymentEntry/txt_Email'

28-08-2024T19:54:10 - [MESSAGE][PASSED] - Object 'Object Repository/IWP30/Page_ACHPersonalPaymentEntry/cb_TermsAndCond' is present

28-08-2024T19:54:10 - [MESSAGE][PASSED] - Object: 'Object Repository/IWP30/Page_ACHPersonalPaymentEntry/cb_TermsAndCond' is clicked on

28-08-2024T19:54:10 - [MESSAGE][PASSED] - Object 'Object Repository/IWP30/Page_ACHPersonalPaymentEntry/btn_Continue' is present

28-08-2024T19:54:13 - [MESSAGE][PASSED] - Object: 'Object Repository/IWP30/Page_ACHPersonalPaymentEntry/btn_Continue' is clicked on

28-08-2024T19:54:13 - [MESSAGE][PASSED] - iwpPages.achPersonalPaymentEntryPage.setDataACHPPM is PASSED

28-08-2024T19:54:13 - [TEST_STEP][PASSED] - Thread.sleep(10000): null

28-08-2024T19:54:23 - [TEST_STEP][PASSED] - if (verifyTextPresent("Amount is greater than maximum", false)): null

28-08-2024T19:54:24 - [MESSAGE][PASSED] - Text 'Amount is greater than maximum' is present on page 

28-08-2024T19:54:24 - [TEST_STEP][PASSED] - println("Max Amount Error message shown"): null

28-08-2024T19:54:24 - [TEST_STEP][PASSED] - markPassed("Max Amount Error message shown"): Max Amount Error message shown

28-08-2024T19:54:24 - [MESSAGE][PASSED] - Max Amount Error message shown

28-08-2024T19:54:24 - [TEST_STEP][PASSED] - resText = "Pass": null

28-08-2024T19:54:24 - [TEST_STEP][PASSED] - pages.WriteExcel.demoKey(resText, datText, resColumn, datCloumn, fileLoc, nameSheet, row): pages.WriteExcel.demoKey is PASSED

28-08-2024T19:54:24 - [MESSAGE][PASSED] - pages.WriteExcel.demoKey is PASSED

28-08-2024T19:54:24 - [TEST_STEP][PASSED] - closeBrowser(): Browser is closed

28-08-2024T19:54:27 - [MESSAGE][PASSED] - Browser is closed]]></system-out>
         <system-err><![CDATA[]]></system-err>
      </testcase>
      <testcase name="Test Cases/IntegratedWeb/IWP25/Error/MinAmountErrorCorp" time="91.139" classname="Test Cases/IntegratedWeb/IWP25/Error/MinAmountErrorCorp" status="PASSED">
         <system-out><![CDATA[28-08-2024T19:54:27 - [TEST_CASE][PASSED] - Test Cases/IntegratedWeb/IWP25/Error/MinAmountErrorCorp: Test Cases/IntegratedWeb/IWP25/Error/MinAmountErrorCorp

28-08-2024T19:54:27 - [TEST_STEP][PASSED] - resText = "Fail": null

28-08-2024T19:54:27 - [TEST_STEP][PASSED] - resColumn = "Result": null

28-08-2024T19:54:27 - [TEST_STEP][PASSED] - datCloumn = "Date": null

28-08-2024T19:54:27 - [TEST_STEP][PASSED] - fileLoc = "KatalonData/IWPTestData/VRelay25Payments.xlsx": null

28-08-2024T19:54:27 - [TEST_STEP][PASSED] - numOfRows = <not implemented yet for class: org.codehaus.groovy.ast.expr.EmptyExpression>: null

28-08-2024T19:54:27 - [TEST_STEP][PASSED] - dataFile = <not implemented yet for class: org.codehaus.groovy.ast.expr.EmptyExpression>: null

28-08-2024T19:54:27 - [TEST_STEP][PASSED] - nameSheet = <not implemented yet for class: org.codehaus.groovy.ast.expr.EmptyExpression>: null

28-08-2024T19:54:27 - [TEST_STEP][PASSED] - dataFileEmulator = <not implemented yet for class: org.codehaus.groovy.ast.expr.EmptyExpression>: null

28-08-2024T19:54:27 - [TEST_STEP][PASSED] - nameSheet = "MinAmountErrorCorp": null

28-08-2024T19:54:27 - [TEST_STEP][PASSED] - dataFile = "IWPTestData/IWP25MinAmountErrorCorp": null

28-08-2024T19:54:27 - [TEST_STEP][PASSED] - dataFileEmulator = "IWPTestData/EmulatorData": null

28-08-2024T19:54:27 - [TEST_STEP][PASSED] - numOfRows = findTestData(dataFile).getRowNumbers(): null

28-08-2024T19:54:27 - [TEST_STEP][PASSED] - println("Number of Records: " + numOfRows): null

28-08-2024T19:54:27 - [TEST_STEP][PASSED] - for ([row = 1, row <= numOfRows, (row++)]): Browser is closed

28-08-2024T19:54:27 - [TEST_STEP][PASSED] - ExecuteTC = findTestData(dataFile).getValue("Execute", row): null

28-08-2024T19:54:27 - [TEST_STEP][PASSED] - out.println("Value of Execute is : " + ExecuteTC): null

28-08-2024T19:54:27 - [TEST_STEP][PASSED] - if (ExecuteTC.equalsIgnoreCase("Y")): null

28-08-2024T19:54:27 - [TEST_STEP][PASSED] - out.println("Begin Record Number: " + row): null

28-08-2024T19:54:27 - [TEST_STEP][PASSED] - today = new java.util.Date(): null

28-08-2024T19:54:27 - [TEST_STEP][PASSED] - println(today): null

28-08-2024T19:54:27 - [TEST_STEP][PASSED] - datText = today: null

28-08-2024T19:54:27 - [TEST_STEP][PASSED] - EmulatorDataKey = findTestData(dataFile).getValue("EmulatorData", row): null

28-08-2024T19:54:27 - [TEST_STEP][PASSED] - out.println("Value of Emulator Key is : " + EmulatorDataKey): null

28-08-2024T19:54:27 - [TEST_STEP][PASSED] - iwpPages.emulatorIWP30.setDataEmulator_DD(EmulatorDataKey): iwpPages.emulatorIWP30.setDataEmulator_DD is PASSED

28-08-2024T19:54:27 - [MESSAGE][INFO] - Starting 'Edge Chromium' driver

28-08-2024T19:54:27 - [MESSAGE][INFO] - User set preference: ['acceptInsecureCerts', 'true']

28-08-2024T19:54:30 - [MESSAGE][INFO] - Action delay is set to 0 milliseconds

28-08-2024T19:54:35 - [MESSAGE][PASSED] - Browser is opened with url: 'https://qa2.velocitypayment.com/agency/config.do?action=editor&message_version=2_5'

28-08-2024T19:54:36 - [MESSAGE][PASSED] - Current window maximized

28-08-2024T19:54:37 - [MESSAGE][PASSED] - All options with value '2.5' are selected in object 'Object Repository/IWP30/Page_VRelay30Emulator/MV'  using regular expression

28-08-2024T19:54:38 - [MESSAGE][PASSED] - Text '10.50' is set on object 'Object Repository/IWP30/Page_VRelay30Emulator/Amount'

28-08-2024T19:54:38 - [MESSAGE][PASSED] - Text '26413414' is set on object 'Object Repository/IWP30/Page_VRelay30Emulator/CAN'

28-08-2024T19:54:39 - [MESSAGE][PASSED] - Text 'PayNow' is set on object 'Object Repository/IWP30/Page_VRelay30Emulator/Action'

28-08-2024T19:54:40 - [MESSAGE][PASSED] - Text 'en_US' is set on object 'Object Repository/IWP30/Page_VRelay30Emulator/Lang'

28-08-2024T19:54:40 - [MESSAGE][PASSED] - Text '' is set on object 'Object Repository/IWP30/Page_VRelay30Emulator/Fname'

28-08-2024T19:54:42 - [MESSAGE][PASSED] - Text '' is set on object 'Object Repository/IWP30/Page_VRelay30Emulator/Lname'

28-08-2024T19:54:43 - [MESSAGE][PASSED] - Text '' is set on object 'Object Repository/IWP30/Page_VRelay30Emulator/AL1'

28-08-2024T19:54:44 - [MESSAGE][PASSED] - Text '' is set on object 'Object Repository/IWP30/Page_VRelay30Emulator/AL2'

28-08-2024T19:54:44 - [MESSAGE][PASSED] - Text '' is set on object 'Object Repository/IWP30/Page_VRelay30Emulator/Country'

28-08-2024T19:54:45 - [MESSAGE][PASSED] - Text '' is set on object 'Object Repository/IWP30/Page_VRelay30Emulator/City'

28-08-2024T19:54:45 - [MESSAGE][PASSED] - Text '' is set on object 'Object Repository/IWP30/Page_VRelay30Emulator/State'

28-08-2024T19:54:46 - [MESSAGE][PASSED] - Text '' is set on object 'Object Repository/IWP30/Page_VRelay30Emulator/ZIP'

28-08-2024T19:54:46 - [MESSAGE][PASSED] - Text '' is set on object 'Object Repository/IWP30/Page_VRelay30Emulator/Order'

28-08-2024T19:54:47 - [MESSAGE][PASSED] - Text '' is set on object 'Object Repository/IWP30/Page_VRelay30Emulator/Company'

28-08-2024T19:54:49 - [MESSAGE][PASSED] - Text '' is set on object 'Object Repository/IWP30/Page_VRelay30Emulator/Email'

28-08-2024T19:54:50 - [MESSAGE][PASSED] - Text '' is set on object 'Object Repository/IWP30/Page_VRelay30Emulator/UDF1'

28-08-2024T19:54:50 - [MESSAGE][PASSED] - Text '' is set on object 'Object Repository/IWP30/Page_VRelay30Emulator/UDF2'

28-08-2024T19:54:51 - [MESSAGE][PASSED] - Text '' is set on object 'Object Repository/IWP30/Page_VRelay30Emulator/UDF3'

28-08-2024T19:54:52 - [MESSAGE][PASSED] - Text 'udf data 4' is set on object 'Object Repository/IWP30/Page_VRelay30Emulator/UDF4'

28-08-2024T19:54:52 - [MESSAGE][PASSED] - Text 'udf data 5' is set on object 'Object Repository/IWP30/Page_VRelay30Emulator/UDF5'

28-08-2024T19:54:53 - [MESSAGE][PASSED] - Text '' is set on object 'Object Repository/IWP30/Page_VRelay30Emulator/UDF6'

28-08-2024T19:54:53 - [MESSAGE][PASSED] - Text '' is set on object 'Object Repository/IWP30/Page_VRelay30Emulator/UDF7'

28-08-2024T19:54:55 - [MESSAGE][PASSED] - Text '' is set on object 'Object Repository/IWP30/Page_VRelay30Emulator/UDF8'

28-08-2024T19:54:56 - [MESSAGE][PASSED] - Text 'udf data 9' is set on object 'Object Repository/IWP30/Page_VRelay30Emulator/UDF9'

28-08-2024T19:54:57 - [MESSAGE][PASSED] - Text 'udf data 10' is set on object 'Object Repository/IWP30/Page_VRelay30Emulator/UDF10'

28-08-2024T19:54:58 - [MESSAGE][PASSED] - Object: 'Object Repository/IWP30/Page_VRelay30Emulator/Submit' is clicked on

28-08-2024T19:55:03 - [MESSAGE][PASSED] - Browser is closed

28-08-2024T19:55:07 - [MESSAGE][PASSED] - iwpPages.emulatorIWP30.setDataEmulator_DD is PASSED

28-08-2024T19:55:07 - [TEST_STEP][PASSED] - testHarnessURL = urlTestHarness: null

28-08-2024T19:55:07 - [TEST_STEP][PASSED] - openBrowser(testHarnessURL): Browser is opened with url: 'https://dev-algorithm.govolution.com/vrelaytest/QA2/version_2_2/vrelaytest.html'

28-08-2024T19:55:07 - [MESSAGE][INFO] - Starting 'Edge Chromium' driver

28-08-2024T19:55:07 - [MESSAGE][INFO] - User set preference: ['acceptInsecureCerts', 'true']

28-08-2024T19:55:09 - [MESSAGE][INFO] - Action delay is set to 0 milliseconds

28-08-2024T19:55:15 - [MESSAGE][PASSED] - Browser is opened with url: 'https://dev-algorithm.govolution.com/vrelaytest/QA2/version_2_2/vrelaytest.html'

28-08-2024T19:55:15 - [TEST_STEP][PASSED] - maximizeWindow(): Current window maximized

28-08-2024T19:55:15 - [MESSAGE][PASSED] - Current window maximized

28-08-2024T19:55:15 - [TEST_STEP][PASSED] - iwpPages.TestHarnessPage.setDataMethod(row, dataFile): iwpPages.TestHarnessPage.setDataMethod is PASSED

28-08-2024T19:55:16 - [MESSAGE][PASSED] - Object 'Object Repository/IWP30/Page_QATestHarness/RemittanceID' is present

28-08-2024T19:55:16 - [MESSAGE][PASSED] - Text '638' is set on object 'Object Repository/IWP30/Page_QATestHarness/ApplicationID'

28-08-2024T19:55:17 - [MESSAGE][PASSED] - Text '2.5' is set on object 'Object Repository/IWP30/Page_QATestHarness/MessageVersion'

28-08-2024T19:55:17 - [MESSAGE][PASSED] - Text 'MmpSnGdV1Chk' is set on object 'Object Repository/IWP30/Page_QATestHarness/RemittanceID'

28-08-2024T19:55:22 - [MESSAGE][PASSED] - Object: 'Object Repository/IWP30/Page_QATestHarness/SubmitButton' is clicked on

28-08-2024T19:55:22 - [MESSAGE][PASSED] - iwpPages.TestHarnessPage.setDataMethod is PASSED

28-08-2024T19:55:22 - [TEST_STEP][PASSED] - click(findTestObject("Object Repository/IWP30/Page_SelectPaymentMethod/PayByCorporateCheck")): Object: 'Object Repository/IWP30/Page_SelectPaymentMethod/PayByCorporateCheck' is clicked on

28-08-2024T19:55:23 - [MESSAGE][PASSED] - Object: 'Object Repository/IWP30/Page_SelectPaymentMethod/PayByCorporateCheck' is clicked on

28-08-2024T19:55:23 - [TEST_STEP][PASSED] - click(findTestObject("Object Repository/IWP30/Page_SelectPaymentMethod/MakePaymentButton")): Object: 'Object Repository/IWP30/Page_SelectPaymentMethod/MakePaymentButton' is clicked on

28-08-2024T19:55:26 - [MESSAGE][PASSED] - Object: 'Object Repository/IWP30/Page_SelectPaymentMethod/MakePaymentButton' is clicked on

28-08-2024T19:55:26 - [TEST_STEP][PASSED] - iwpPages.achCorporatePaymentEntryPage.setDataCorporate(row, dataFile): iwpPages.achCorporatePaymentEntryPage.setDataCorporate is PASSED

28-08-2024T19:55:28 - [MESSAGE][PASSED] - Object 'Object Repository/IWP30/Page_ACHCorporatePaymentEntry/txt_accountNumber' is present

28-08-2024T19:55:28 - [MESSAGE][PASSED] - Object 'Object Repository/IWP30/Page_ACHCorporatePaymentEntry/input_CompanyName' is present

28-08-2024T19:55:29 - [MESSAGE][PASSED] - Text 'My Company' is set on object 'Object Repository/IWP30/Page_ACHCorporatePaymentEntry/input_CompanyName'

28-08-2024T19:55:29 - [MESSAGE][PASSED] - Object 'Object Repository/IWP30/Page_ACHCorporatePaymentEntry/input_EIN' is present

28-08-2024T19:55:30 - [MESSAGE][PASSED] - Text '123456789' is set on object 'Object Repository/IWP30/Page_ACHCorporatePaymentEntry/input_EIN'

28-08-2024T19:55:30 - [MESSAGE][PASSED] - Text '1.50' is set on object 'Object Repository/IWP30/Page_ACHCorporatePaymentEntry/txt_Amount'

28-08-2024T19:55:31 - [MESSAGE][PASSED] - Text 'udf data 2' is set on object 'Object Repository/IWP30/Page_ACHCorporatePaymentEntry/txt_UDF2'

28-08-2024T19:55:31 - [MESSAGE][PASSED] - Text 'udf data 3' is set on object 'Object Repository/IWP30/Page_ACHCorporatePaymentEntry/txt_UDF3'

28-08-2024T19:55:33 - [MESSAGE][PASSED] - All options with label 'Orange' are selected in object 'Object Repository/IWP30/Page_ACHCorporatePaymentEntry/dd_UDF7' 

28-08-2024T19:55:34 - [MESSAGE][PASSED] - All options with label 'Soccer' are selected in object 'Object Repository/IWP30/Page_ACHCorporatePaymentEntry/dd_UDF8' 

28-08-2024T19:55:34 - [MESSAGE][PASSED] - Object 'Object Repository/IWP30/Page_ACHCorporatePaymentEntry/txt_routingNumber' is present

28-08-2024T19:55:35 - [MESSAGE][PASSED] - Text '256072691' is set on object 'Object Repository/IWP30/Page_ACHCorporatePaymentEntry/txt_routingNumber'

28-08-2024T19:55:35 - [MESSAGE][PASSED] - Object 'Object Repository/IWP30/Page_ACHCorporatePaymentEntry/txt_accountNumber' is present

28-08-2024T19:55:37 - [MESSAGE][PASSED] - Text '12344444' is set on object 'Object Repository/IWP30/Page_ACHCorporatePaymentEntry/txt_accountNumber'

28-08-2024T19:55:37 - [MESSAGE][PASSED] - Object 'Object Repository/IWP30/Page_ACHCorporatePaymentEntry/txt_confirmAccountNumber' is present

28-08-2024T19:55:38 - [MESSAGE][PASSED] - Text '12344444' is set on object 'Object Repository/IWP30/Page_ACHCorporatePaymentEntry/txt_confirmAccountNumber'

28-08-2024T19:55:40 - [MESSAGE][PASSED] - Text '365 Main Avenue' is set on object 'Object Repository/IWP30/Page_ACHCorporatePaymentEntry/txt_AL1'

28-08-2024T19:55:41 - [MESSAGE][PASSED] - Text '22201' is set on object 'Object Repository/IWP30/Page_ACHCorporatePaymentEntry/txt_ZIP'

28-08-2024T19:55:41 - [MESSAGE][PASSED] - Object 'Object Repository/IWP30/Page_ACHCorporatePaymentEntry/txt_Email' is present

28-08-2024T19:55:43 - [MESSAGE][PASSED] - Text 'iahmed@govolution.com' is set on object 'Object Repository/IWP30/Page_ACHCorporatePaymentEntry/txt_Email'

28-08-2024T19:55:43 - [MESSAGE][PASSED] - Object 'Object Repository/IWP30/Page_ACHCorporatePaymentEntry/cb_TermsAndCond' is present

28-08-2024T19:55:43 - [MESSAGE][PASSED] - Object: 'Object Repository/IWP30/Page_ACHCorporatePaymentEntry/cb_TermsAndCond' is clicked on

28-08-2024T19:55:44 - [MESSAGE][PASSED] - Object 'Object Repository/IWP30/Page_ACHCorporatePaymentEntry/btn_Continue' is present

28-08-2024T19:55:47 - [MESSAGE][PASSED] - Object: 'Object Repository/IWP30/Page_ACHCorporatePaymentEntry/btn_Continue' is clicked on

28-08-2024T19:55:47 - [MESSAGE][PASSED] - iwpPages.achCorporatePaymentEntryPage.setDataCorporate is PASSED

28-08-2024T19:55:47 - [TEST_STEP][PASSED] - Thread.sleep(10000): null

28-08-2024T19:55:57 - [TEST_STEP][PASSED] - if (verifyTextPresent("Amount is less than minimum", false)): null

28-08-2024T19:55:58 - [MESSAGE][PASSED] - Text 'Amount is less than minimum' is present on page 

28-08-2024T19:55:58 - [TEST_STEP][PASSED] - println("Min Amount Error message shown"): null

28-08-2024T19:55:58 - [TEST_STEP][PASSED] - markPassed("Min Amount Error message shown"): Min Amount Error message shown

28-08-2024T19:55:58 - [MESSAGE][PASSED] - Min Amount Error message shown

28-08-2024T19:55:58 - [TEST_STEP][PASSED] - resText = "Pass": null

28-08-2024T19:55:58 - [TEST_STEP][PASSED] - pages.WriteExcel.demoKey(resText, datText, resColumn, datCloumn, fileLoc, nameSheet, row): pages.WriteExcel.demoKey is PASSED

28-08-2024T19:55:58 - [MESSAGE][PASSED] - pages.WriteExcel.demoKey is PASSED

28-08-2024T19:55:58 - [TEST_STEP][PASSED] - closeBrowser(): Browser is closed

28-08-2024T19:55:58 - [MESSAGE][PASSED] - Browser is closed]]></system-out>
         <system-err><![CDATA[]]></system-err>
      </testcase>
      <testcase name="Test Cases/IntegratedWeb/IWP25/Error/MinAmountErrorPC" time="97.055" classname="Test Cases/IntegratedWeb/IWP25/Error/MinAmountErrorPC" status="PASSED">
         <system-out><![CDATA[28-08-2024T19:55:58 - [TEST_CASE][PASSED] - Test Cases/IntegratedWeb/IWP25/Error/MinAmountErrorPC: Test Cases/IntegratedWeb/IWP25/Error/MinAmountErrorPC

28-08-2024T19:55:59 - [TEST_STEP][PASSED] - resText = "Fail": null

28-08-2024T19:55:59 - [TEST_STEP][PASSED] - resColumn = "Result": null

28-08-2024T19:55:59 - [TEST_STEP][PASSED] - datCloumn = "Date": null

28-08-2024T19:55:59 - [TEST_STEP][PASSED] - fileLoc = "KatalonData/IWPTestData/VRelay25Payments.xlsx": null

28-08-2024T19:55:59 - [TEST_STEP][PASSED] - numOfRows = <not implemented yet for class: org.codehaus.groovy.ast.expr.EmptyExpression>: null

28-08-2024T19:55:59 - [TEST_STEP][PASSED] - dataFile = <not implemented yet for class: org.codehaus.groovy.ast.expr.EmptyExpression>: null

28-08-2024T19:55:59 - [TEST_STEP][PASSED] - nameSheet = <not implemented yet for class: org.codehaus.groovy.ast.expr.EmptyExpression>: null

28-08-2024T19:55:59 - [TEST_STEP][PASSED] - dataFileEmulator = <not implemented yet for class: org.codehaus.groovy.ast.expr.EmptyExpression>: null

28-08-2024T19:55:59 - [TEST_STEP][PASSED] - nameSheet = "MinAmountErrorPC": null

28-08-2024T19:55:59 - [TEST_STEP][PASSED] - dataFile = "IWPTestData/IWP25MinAmountErrorPC": null

28-08-2024T19:55:59 - [TEST_STEP][PASSED] - dataFileEmulator = "IWPTestData/EmulatorData": null

28-08-2024T19:55:59 - [TEST_STEP][PASSED] - numOfRows = findTestData(dataFile).getRowNumbers(): null

28-08-2024T19:56:00 - [TEST_STEP][PASSED] - println("Number of Records: " + numOfRows): null

28-08-2024T19:56:00 - [TEST_STEP][PASSED] - for ([row = 1, row <= numOfRows, (row++)]): Browser is closed

28-08-2024T19:56:00 - [TEST_STEP][PASSED] - ExecuteTC = findTestData(dataFile).getValue("Execute", row): null

28-08-2024T19:56:00 - [TEST_STEP][PASSED] - out.println("Value of Execute is : " + ExecuteTC): null

28-08-2024T19:56:00 - [TEST_STEP][PASSED] - if (ExecuteTC.equalsIgnoreCase("Y")): null

28-08-2024T19:56:00 - [TEST_STEP][PASSED] - out.println("Begin Record Number: " + row): null

28-08-2024T19:56:00 - [TEST_STEP][PASSED] - today = new java.util.Date(): null

28-08-2024T19:56:00 - [TEST_STEP][PASSED] - println(today): null

28-08-2024T19:56:00 - [TEST_STEP][PASSED] - datText = today: null

28-08-2024T19:56:00 - [TEST_STEP][PASSED] - EmulatorDataKey = findTestData(dataFile).getValue("EmulatorData", row): null

28-08-2024T19:56:00 - [TEST_STEP][PASSED] - out.println("Value of Emulator Key is : " + EmulatorDataKey): null

28-08-2024T19:56:00 - [TEST_STEP][PASSED] - iwpPages.emulatorIWP30.setDataEmulator_DD(EmulatorDataKey): iwpPages.emulatorIWP30.setDataEmulator_DD is PASSED

28-08-2024T19:56:01 - [MESSAGE][INFO] - Starting 'Edge Chromium' driver

28-08-2024T19:56:01 - [MESSAGE][INFO] - User set preference: ['acceptInsecureCerts', 'true']

28-08-2024T19:56:04 - [MESSAGE][INFO] - Action delay is set to 0 milliseconds

28-08-2024T19:56:09 - [MESSAGE][PASSED] - Browser is opened with url: 'https://qa2.velocitypayment.com/agency/config.do?action=editor&message_version=2_5'

28-08-2024T19:56:10 - [MESSAGE][PASSED] - Current window maximized

28-08-2024T19:56:11 - [MESSAGE][PASSED] - All options with value '2.5' are selected in object 'Object Repository/IWP30/Page_VRelay30Emulator/MV'  using regular expression

28-08-2024T19:56:12 - [MESSAGE][PASSED] - Text '10.50' is set on object 'Object Repository/IWP30/Page_VRelay30Emulator/Amount'

28-08-2024T19:56:12 - [MESSAGE][PASSED] - Text '26413414' is set on object 'Object Repository/IWP30/Page_VRelay30Emulator/CAN'

28-08-2024T19:56:13 - [MESSAGE][PASSED] - Text 'PayNow' is set on object 'Object Repository/IWP30/Page_VRelay30Emulator/Action'

28-08-2024T19:56:14 - [MESSAGE][PASSED] - Text 'en_US' is set on object 'Object Repository/IWP30/Page_VRelay30Emulator/Lang'

28-08-2024T19:56:14 - [MESSAGE][PASSED] - Text '' is set on object 'Object Repository/IWP30/Page_VRelay30Emulator/Fname'

28-08-2024T19:56:16 - [MESSAGE][PASSED] - Text '' is set on object 'Object Repository/IWP30/Page_VRelay30Emulator/Lname'

28-08-2024T19:56:17 - [MESSAGE][PASSED] - Text '' is set on object 'Object Repository/IWP30/Page_VRelay30Emulator/AL1'

28-08-2024T19:56:18 - [MESSAGE][PASSED] - Text '' is set on object 'Object Repository/IWP30/Page_VRelay30Emulator/AL2'

28-08-2024T19:56:19 - [MESSAGE][PASSED] - Text '' is set on object 'Object Repository/IWP30/Page_VRelay30Emulator/Country'

28-08-2024T19:56:19 - [MESSAGE][PASSED] - Text '' is set on object 'Object Repository/IWP30/Page_VRelay30Emulator/City'

28-08-2024T19:56:20 - [MESSAGE][PASSED] - Text '' is set on object 'Object Repository/IWP30/Page_VRelay30Emulator/State'

28-08-2024T19:56:20 - [MESSAGE][PASSED] - Text '' is set on object 'Object Repository/IWP30/Page_VRelay30Emulator/ZIP'

28-08-2024T19:56:21 - [MESSAGE][PASSED] - Text '' is set on object 'Object Repository/IWP30/Page_VRelay30Emulator/Order'

28-08-2024T19:56:21 - [MESSAGE][PASSED] - Text '' is set on object 'Object Repository/IWP30/Page_VRelay30Emulator/Company'

28-08-2024T19:56:23 - [MESSAGE][PASSED] - Text '' is set on object 'Object Repository/IWP30/Page_VRelay30Emulator/Email'

28-08-2024T19:56:24 - [MESSAGE][PASSED] - Text '' is set on object 'Object Repository/IWP30/Page_VRelay30Emulator/UDF1'

28-08-2024T19:56:25 - [MESSAGE][PASSED] - Text '' is set on object 'Object Repository/IWP30/Page_VRelay30Emulator/UDF2'

28-08-2024T19:56:25 - [MESSAGE][PASSED] - Text '' is set on object 'Object Repository/IWP30/Page_VRelay30Emulator/UDF3'

28-08-2024T19:56:26 - [MESSAGE][PASSED] - Text 'udf data 4' is set on object 'Object Repository/IWP30/Page_VRelay30Emulator/UDF4'

28-08-2024T19:56:27 - [MESSAGE][PASSED] - Text 'udf data 5' is set on object 'Object Repository/IWP30/Page_VRelay30Emulator/UDF5'

28-08-2024T19:56:27 - [MESSAGE][PASSED] - Text '' is set on object 'Object Repository/IWP30/Page_VRelay30Emulator/UDF6'

28-08-2024T19:56:28 - [MESSAGE][PASSED] - Text '' is set on object 'Object Repository/IWP30/Page_VRelay30Emulator/UDF7'

28-08-2024T19:56:29 - [MESSAGE][PASSED] - Text '' is set on object 'Object Repository/IWP30/Page_VRelay30Emulator/UDF8'

28-08-2024T19:56:30 - [MESSAGE][PASSED] - Text 'udf data 9' is set on object 'Object Repository/IWP30/Page_VRelay30Emulator/UDF9'

28-08-2024T19:56:31 - [MESSAGE][PASSED] - Text 'udf data 10' is set on object 'Object Repository/IWP30/Page_VRelay30Emulator/UDF10'

28-08-2024T19:56:32 - [MESSAGE][PASSED] - Object: 'Object Repository/IWP30/Page_VRelay30Emulator/Submit' is clicked on

28-08-2024T19:56:38 - [MESSAGE][PASSED] - Browser is closed

28-08-2024T19:56:42 - [MESSAGE][PASSED] - iwpPages.emulatorIWP30.setDataEmulator_DD is PASSED

28-08-2024T19:56:42 - [TEST_STEP][PASSED] - testHarnessURL = urlTestHarness: null

28-08-2024T19:56:42 - [TEST_STEP][PASSED] - openBrowser(testHarnessURL): Browser is opened with url: 'https://dev-algorithm.govolution.com/vrelaytest/QA2/version_2_2/vrelaytest.html'

28-08-2024T19:56:42 - [MESSAGE][INFO] - Starting 'Edge Chromium' driver

28-08-2024T19:56:42 - [MESSAGE][INFO] - User set preference: ['acceptInsecureCerts', 'true']

28-08-2024T19:56:45 - [MESSAGE][INFO] - Action delay is set to 0 milliseconds

28-08-2024T19:56:50 - [MESSAGE][PASSED] - Browser is opened with url: 'https://dev-algorithm.govolution.com/vrelaytest/QA2/version_2_2/vrelaytest.html'

28-08-2024T19:56:50 - [TEST_STEP][PASSED] - maximizeWindow(): Current window maximized

28-08-2024T19:56:50 - [MESSAGE][PASSED] - Current window maximized

28-08-2024T19:56:50 - [TEST_STEP][PASSED] - iwpPages.TestHarnessPage.setDataMethod(row, dataFile): iwpPages.TestHarnessPage.setDataMethod is PASSED

28-08-2024T19:56:50 - [MESSAGE][PASSED] - Object 'Object Repository/IWP30/Page_QATestHarness/RemittanceID' is present

28-08-2024T19:56:51 - [MESSAGE][PASSED] - Text '638' is set on object 'Object Repository/IWP30/Page_QATestHarness/ApplicationID'

28-08-2024T19:56:52 - [MESSAGE][PASSED] - Text '2.5' is set on object 'Object Repository/IWP30/Page_QATestHarness/MessageVersion'

28-08-2024T19:56:52 - [MESSAGE][PASSED] - Text 'mm5K4OZ5VmHX' is set on object 'Object Repository/IWP30/Page_QATestHarness/RemittanceID'

28-08-2024T19:56:57 - [MESSAGE][PASSED] - Object: 'Object Repository/IWP30/Page_QATestHarness/SubmitButton' is clicked on

28-08-2024T19:56:57 - [MESSAGE][PASSED] - iwpPages.TestHarnessPage.setDataMethod is PASSED

28-08-2024T19:56:57 - [TEST_STEP][PASSED] - click(findTestObject("Object Repository/IWP30/Page_SelectPaymentMethod/PayByPersonalCheck")): Object: 'Object Repository/IWP30/Page_SelectPaymentMethod/PayByPersonalCheck' is clicked on

28-08-2024T19:56:58 - [MESSAGE][PASSED] - Object: 'Object Repository/IWP30/Page_SelectPaymentMethod/PayByPersonalCheck' is clicked on

28-08-2024T19:56:58 - [TEST_STEP][PASSED] - click(findTestObject("Object Repository/IWP30/Page_SelectPaymentMethod/MakePaymentButton")): Object: 'Object Repository/IWP30/Page_SelectPaymentMethod/MakePaymentButton' is clicked on

28-08-2024T19:57:02 - [MESSAGE][PASSED] - Object: 'Object Repository/IWP30/Page_SelectPaymentMethod/MakePaymentButton' is clicked on

28-08-2024T19:57:02 - [TEST_STEP][PASSED] - iwpPages.achPersonalPaymentEntryPage.setDataACHPPM(row, dataFile): iwpPages.achPersonalPaymentEntryPage.setDataACHPPM is PASSED

28-08-2024T19:57:03 - [MESSAGE][PASSED] - Object 'Object Repository/IWP30/Page_ACHPersonalPaymentEntry/txt_accountNumber' is present

28-08-2024T19:57:03 - [MESSAGE][PASSED] - Text '1.50' is set on object 'Object Repository/IWP30/Page_ACHPersonalPaymentEntry/txt_Amount'

28-08-2024T19:57:03 - [MESSAGE][PASSED] - Object 'Object Repository/IWP30/Page_ACHPersonalPaymentEntry/txt_UDF2' is present

28-08-2024T19:57:04 - [MESSAGE][PASSED] - Text 'udf data 2' is set on object 'Object Repository/IWP30/Page_ACHPersonalPaymentEntry/txt_UDF2'

28-08-2024T19:57:05 - [MESSAGE][PASSED] - Text 'udf data 3' is set on object 'Object Repository/IWP30/Page_ACHPersonalPaymentEntry/txt_UDF3'

28-08-2024T19:57:05 - [MESSAGE][PASSED] - All options with label 'Orange' are selected in object 'Object Repository/IWP30/Page_ACHPersonalPaymentEntry/dd_UDF7' 

28-08-2024T19:57:06 - [MESSAGE][PASSED] - All options with label 'Soccer' are selected in object 'Object Repository/IWP30/Page_ACHPersonalPaymentEntry/dd_UDF8' 

28-08-2024T19:57:07 - [MESSAGE][PASSED] - Object 'Object Repository/IWP30/Page_ACHPersonalPaymentEntry/txt_Firstname' is present

28-08-2024T19:57:09 - [MESSAGE][PASSED] - Text 'Elizath' is set on object 'Object Repository/IWP30/Page_ACHPersonalPaymentEntry/txt_Firstname'

28-08-2024T19:57:09 - [MESSAGE][PASSED] - Object 'Object Repository/IWP30/Page_ACHPersonalPaymentEntry/txt_Lastname' is present

28-08-2024T19:57:09 - [MESSAGE][PASSED] - Text 'Christine' is set on object 'Object Repository/IWP30/Page_ACHPersonalPaymentEntry/txt_Lastname'

28-08-2024T19:57:10 - [MESSAGE][PASSED] - Object 'Object Repository/IWP30/Page_ACHPersonalPaymentEntry/txt_routingNumber' is present

28-08-2024T19:57:10 - [MESSAGE][PASSED] - Text '256072691' is set on object 'Object Repository/IWP30/Page_ACHPersonalPaymentEntry/txt_routingNumber'

28-08-2024T19:57:11 - [MESSAGE][PASSED] - Object 'Object Repository/IWP30/Page_ACHPersonalPaymentEntry/txt_accountNumber' is present

28-08-2024T19:57:12 - [MESSAGE][PASSED] - Text '12344444' is set on object 'Object Repository/IWP30/Page_ACHPersonalPaymentEntry/txt_accountNumber'

28-08-2024T19:57:12 - [MESSAGE][PASSED] - Object 'Object Repository/IWP30/Page_ACHPersonalPaymentEntry/txt_confirmAccountNumber' is present

28-08-2024T19:57:14 - [MESSAGE][PASSED] - Text '12344444' is set on object 'Object Repository/IWP30/Page_ACHPersonalPaymentEntry/txt_confirmAccountNumber'

28-08-2024T19:57:14 - [MESSAGE][PASSED] - Object 'Object Repository/IWP30/Page_ACHPersonalPaymentEntry/rd_accountType' is present

28-08-2024T19:57:14 - [MESSAGE][PASSED] - Modify property of object successfully

28-08-2024T19:57:15 - [MESSAGE][PASSED] - Object: 'Object Repository/IWP30/Page_ACHPersonalPaymentEntry/rd_accountType' is clicked on

28-08-2024T19:57:16 - [MESSAGE][PASSED] - Text '365 Main Avenue' is set on object 'Object Repository/IWP30/Page_ACHPersonalPaymentEntry/txt_AL1'

28-08-2024T19:57:16 - [MESSAGE][PASSED] - Text '22201' is set on object 'Object Repository/IWP30/Page_ACHPersonalPaymentEntry/txt_ZIP'

28-08-2024T19:57:17 - [MESSAGE][PASSED] - Object 'Object Repository/IWP30/Page_ACHPersonalPaymentEntry/txt_Email' is present

28-08-2024T19:57:18 - [MESSAGE][PASSED] - Text 'iahmed@govolution.com' is set on object 'Object Repository/IWP30/Page_ACHPersonalPaymentEntry/txt_Email'

28-08-2024T19:57:18 - [MESSAGE][PASSED] - Object 'Object Repository/IWP30/Page_ACHPersonalPaymentEntry/cb_TermsAndCond' is present

28-08-2024T19:57:19 - [MESSAGE][PASSED] - Object: 'Object Repository/IWP30/Page_ACHPersonalPaymentEntry/cb_TermsAndCond' is clicked on

28-08-2024T19:57:19 - [MESSAGE][PASSED] - Object 'Object Repository/IWP30/Page_ACHPersonalPaymentEntry/btn_Continue' is present

28-08-2024T19:57:22 - [MESSAGE][PASSED] - Object: 'Object Repository/IWP30/Page_ACHPersonalPaymentEntry/btn_Continue' is clicked on

28-08-2024T19:57:22 - [MESSAGE][PASSED] - iwpPages.achPersonalPaymentEntryPage.setDataACHPPM is PASSED

28-08-2024T19:57:22 - [TEST_STEP][PASSED] - Thread.sleep(10000): null

28-08-2024T19:57:32 - [TEST_STEP][PASSED] - if (verifyTextPresent("Amount is less than minimum", false)): null

28-08-2024T19:57:32 - [MESSAGE][PASSED] - Text 'Amount is less than minimum' is present on page 

28-08-2024T19:57:32 - [TEST_STEP][PASSED] - println("Min Amount Error message shown"): null

28-08-2024T19:57:32 - [TEST_STEP][PASSED] - markPassed("Min Amount Error message shown"): Min Amount Error message shown

28-08-2024T19:57:32 - [MESSAGE][PASSED] - Min Amount Error message shown

28-08-2024T19:57:32 - [TEST_STEP][PASSED] - resText = "Pass": null

28-08-2024T19:57:32 - [TEST_STEP][PASSED] - pages.WriteExcel.demoKey(resText, datText, resColumn, datCloumn, fileLoc, nameSheet, row): pages.WriteExcel.demoKey is PASSED

28-08-2024T19:57:32 - [MESSAGE][PASSED] - pages.WriteExcel.demoKey is PASSED

28-08-2024T19:57:32 - [TEST_STEP][PASSED] - closeBrowser(): Browser is closed

28-08-2024T19:57:35 - [MESSAGE][PASSED] - Browser is closed]]></system-out>
         <system-err><![CDATA[]]></system-err>
      </testcase>
      <testcase name="Test Cases/IntegratedWeb/IWP25/Error/MinAmountErrorPS" time="95.755" classname="Test Cases/IntegratedWeb/IWP25/Error/MinAmountErrorPS" status="PASSED">
         <system-out><![CDATA[28-08-2024T19:57:35 - [TEST_CASE][PASSED] - Test Cases/IntegratedWeb/IWP25/Error/MinAmountErrorPS: Test Cases/IntegratedWeb/IWP25/Error/MinAmountErrorPS

28-08-2024T19:57:35 - [TEST_STEP][PASSED] - resText = "Fail": null

28-08-2024T19:57:35 - [TEST_STEP][PASSED] - resColumn = "Result": null

28-08-2024T19:57:35 - [TEST_STEP][PASSED] - datCloumn = "Date": null

28-08-2024T19:57:35 - [TEST_STEP][PASSED] - fileLoc = "KatalonData/IWPTestData/VRelay25Payments.xlsx": null

28-08-2024T19:57:35 - [TEST_STEP][PASSED] - numOfRows = <not implemented yet for class: org.codehaus.groovy.ast.expr.EmptyExpression>: null

28-08-2024T19:57:35 - [TEST_STEP][PASSED] - dataFile = <not implemented yet for class: org.codehaus.groovy.ast.expr.EmptyExpression>: null

28-08-2024T19:57:35 - [TEST_STEP][PASSED] - nameSheet = <not implemented yet for class: org.codehaus.groovy.ast.expr.EmptyExpression>: null

28-08-2024T19:57:35 - [TEST_STEP][PASSED] - dataFileEmulator = <not implemented yet for class: org.codehaus.groovy.ast.expr.EmptyExpression>: null

28-08-2024T19:57:35 - [TEST_STEP][PASSED] - nameSheet = "MinAmountErrorPS": null

28-08-2024T19:57:35 - [TEST_STEP][PASSED] - dataFile = "IWPTestData/IWP25MinAmountErrorPS": null

28-08-2024T19:57:35 - [TEST_STEP][PASSED] - dataFileEmulator = "IWPTestData/EmulatorData": null

28-08-2024T19:57:35 - [TEST_STEP][PASSED] - numOfRows = findTestData(dataFile).getRowNumbers(): null

28-08-2024T19:57:36 - [TEST_STEP][PASSED] - println("Number of Records: " + numOfRows): null

28-08-2024T19:57:36 - [TEST_STEP][PASSED] - for ([row = 1, row <= numOfRows, (row++)]): Browser is closed

28-08-2024T19:57:36 - [TEST_STEP][PASSED] - ExecuteTC = findTestData(dataFile).getValue("Execute", row): null

28-08-2024T19:57:36 - [TEST_STEP][PASSED] - out.println("Value of Execute is : " + ExecuteTC): null

28-08-2024T19:57:36 - [TEST_STEP][PASSED] - if (ExecuteTC.equalsIgnoreCase("Y")): null

28-08-2024T19:57:36 - [TEST_STEP][PASSED] - out.println("Begin Record Number: " + row): null

28-08-2024T19:57:36 - [TEST_STEP][PASSED] - today = new java.util.Date(): null

28-08-2024T19:57:36 - [TEST_STEP][PASSED] - println(today): null

28-08-2024T19:57:36 - [TEST_STEP][PASSED] - datText = today: null

28-08-2024T19:57:36 - [TEST_STEP][PASSED] - EmulatorDataKey = findTestData(dataFile).getValue("EmulatorData", row): null

28-08-2024T19:57:36 - [TEST_STEP][PASSED] - out.println("Value of Emulator Key is : " + EmulatorDataKey): null

28-08-2024T19:57:36 - [TEST_STEP][PASSED] - iwpPages.emulatorIWP30.setDataEmulator_DD(EmulatorDataKey): iwpPages.emulatorIWP30.setDataEmulator_DD is PASSED

28-08-2024T19:57:36 - [MESSAGE][INFO] - Starting 'Edge Chromium' driver

28-08-2024T19:57:36 - [MESSAGE][INFO] - User set preference: ['acceptInsecureCerts', 'true']

28-08-2024T19:57:39 - [MESSAGE][INFO] - Action delay is set to 0 milliseconds

28-08-2024T19:57:45 - [MESSAGE][PASSED] - Browser is opened with url: 'https://qa2.velocitypayment.com/agency/config.do?action=editor&message_version=2_5'

28-08-2024T19:57:45 - [MESSAGE][PASSED] - Current window maximized

28-08-2024T19:57:46 - [MESSAGE][PASSED] - All options with value '2.5' are selected in object 'Object Repository/IWP30/Page_VRelay30Emulator/MV'  using regular expression

28-08-2024T19:57:46 - [MESSAGE][PASSED] - Text '10.50' is set on object 'Object Repository/IWP30/Page_VRelay30Emulator/Amount'

28-08-2024T19:57:47 - [MESSAGE][PASSED] - Text '26413414' is set on object 'Object Repository/IWP30/Page_VRelay30Emulator/CAN'

28-08-2024T19:57:48 - [MESSAGE][PASSED] - Text 'PayNow' is set on object 'Object Repository/IWP30/Page_VRelay30Emulator/Action'

28-08-2024T19:57:48 - [MESSAGE][PASSED] - Text 'en_US' is set on object 'Object Repository/IWP30/Page_VRelay30Emulator/Lang'

28-08-2024T19:57:50 - [MESSAGE][PASSED] - Text '' is set on object 'Object Repository/IWP30/Page_VRelay30Emulator/Fname'

28-08-2024T19:57:51 - [MESSAGE][PASSED] - Text '' is set on object 'Object Repository/IWP30/Page_VRelay30Emulator/Lname'

28-08-2024T19:57:52 - [MESSAGE][PASSED] - Text '' is set on object 'Object Repository/IWP30/Page_VRelay30Emulator/AL1'

28-08-2024T19:57:53 - [MESSAGE][PASSED] - Text '' is set on object 'Object Repository/IWP30/Page_VRelay30Emulator/AL2'

28-08-2024T19:57:53 - [MESSAGE][PASSED] - Text '' is set on object 'Object Repository/IWP30/Page_VRelay30Emulator/Country'

28-08-2024T19:57:54 - [MESSAGE][PASSED] - Text '' is set on object 'Object Repository/IWP30/Page_VRelay30Emulator/City'

28-08-2024T19:57:54 - [MESSAGE][PASSED] - Text '' is set on object 'Object Repository/IWP30/Page_VRelay30Emulator/State'

28-08-2024T19:57:55 - [MESSAGE][PASSED] - Text '' is set on object 'Object Repository/IWP30/Page_VRelay30Emulator/ZIP'

28-08-2024T19:57:56 - [MESSAGE][PASSED] - Text '' is set on object 'Object Repository/IWP30/Page_VRelay30Emulator/Order'

28-08-2024T19:57:58 - [MESSAGE][PASSED] - Text '' is set on object 'Object Repository/IWP30/Page_VRelay30Emulator/Company'

28-08-2024T19:57:58 - [MESSAGE][PASSED] - Text '' is set on object 'Object Repository/IWP30/Page_VRelay30Emulator/Email'

28-08-2024T19:57:59 - [MESSAGE][PASSED] - Text '' is set on object 'Object Repository/IWP30/Page_VRelay30Emulator/UDF1'

28-08-2024T19:58:00 - [MESSAGE][PASSED] - Text '' is set on object 'Object Repository/IWP30/Page_VRelay30Emulator/UDF2'

28-08-2024T19:58:00 - [MESSAGE][PASSED] - Text '' is set on object 'Object Repository/IWP30/Page_VRelay30Emulator/UDF3'

28-08-2024T19:58:01 - [MESSAGE][PASSED] - Text 'udf data 4' is set on object 'Object Repository/IWP30/Page_VRelay30Emulator/UDF4'

28-08-2024T19:58:01 - [MESSAGE][PASSED] - Text 'udf data 5' is set on object 'Object Repository/IWP30/Page_VRelay30Emulator/UDF5'

28-08-2024T19:58:02 - [MESSAGE][PASSED] - Text '' is set on object 'Object Repository/IWP30/Page_VRelay30Emulator/UDF6'

28-08-2024T19:58:04 - [MESSAGE][PASSED] - Text '' is set on object 'Object Repository/IWP30/Page_VRelay30Emulator/UDF7'

28-08-2024T19:58:05 - [MESSAGE][PASSED] - Text '' is set on object 'Object Repository/IWP30/Page_VRelay30Emulator/UDF8'

28-08-2024T19:58:05 - [MESSAGE][PASSED] - Text 'udf data 9' is set on object 'Object Repository/IWP30/Page_VRelay30Emulator/UDF9'

28-08-2024T19:58:06 - [MESSAGE][PASSED] - Text 'udf data 10' is set on object 'Object Repository/IWP30/Page_VRelay30Emulator/UDF10'

28-08-2024T19:58:07 - [MESSAGE][PASSED] - Object: 'Object Repository/IWP30/Page_VRelay30Emulator/Submit' is clicked on

28-08-2024T19:58:12 - [MESSAGE][PASSED] - Browser is closed

28-08-2024T19:58:16 - [MESSAGE][PASSED] - iwpPages.emulatorIWP30.setDataEmulator_DD is PASSED

28-08-2024T19:58:16 - [TEST_STEP][PASSED] - testHarnessURL = urlTestHarness: null

28-08-2024T19:58:16 - [TEST_STEP][PASSED] - openBrowser(testHarnessURL): Browser is opened with url: 'https://dev-algorithm.govolution.com/vrelaytest/QA2/version_2_2/vrelaytest.html'

28-08-2024T19:58:16 - [MESSAGE][INFO] - Starting 'Edge Chromium' driver

28-08-2024T19:58:16 - [MESSAGE][INFO] - User set preference: ['acceptInsecureCerts', 'true']

28-08-2024T19:58:21 - [MESSAGE][INFO] - Action delay is set to 0 milliseconds

28-08-2024T19:58:26 - [MESSAGE][PASSED] - Browser is opened with url: 'https://dev-algorithm.govolution.com/vrelaytest/QA2/version_2_2/vrelaytest.html'

28-08-2024T19:58:26 - [TEST_STEP][PASSED] - maximizeWindow(): Current window maximized

28-08-2024T19:58:26 - [MESSAGE][PASSED] - Current window maximized

28-08-2024T19:58:26 - [TEST_STEP][PASSED] - iwpPages.TestHarnessPage.setDataMethod(row, dataFile): iwpPages.TestHarnessPage.setDataMethod is PASSED

28-08-2024T19:58:26 - [MESSAGE][PASSED] - Object 'Object Repository/IWP30/Page_QATestHarness/RemittanceID' is present

28-08-2024T19:58:27 - [MESSAGE][PASSED] - Text '638' is set on object 'Object Repository/IWP30/Page_QATestHarness/ApplicationID'

28-08-2024T19:58:27 - [MESSAGE][PASSED] - Text '2.5' is set on object 'Object Repository/IWP30/Page_QATestHarness/MessageVersion'

28-08-2024T19:58:28 - [MESSAGE][PASSED] - Text 'tzMlRPwoQ79G' is set on object 'Object Repository/IWP30/Page_QATestHarness/RemittanceID'

28-08-2024T19:58:32 - [MESSAGE][PASSED] - Object: 'Object Repository/IWP30/Page_QATestHarness/SubmitButton' is clicked on

28-08-2024T19:58:32 - [MESSAGE][PASSED] - iwpPages.TestHarnessPage.setDataMethod is PASSED

28-08-2024T19:58:32 - [TEST_STEP][PASSED] - click(findTestObject("Object Repository/IWP30/Page_SelectPaymentMethod/PayByPersonalCheck")): Object: 'Object Repository/IWP30/Page_SelectPaymentMethod/PayByPersonalCheck' is clicked on

28-08-2024T19:58:33 - [MESSAGE][PASSED] - Object: 'Object Repository/IWP30/Page_SelectPaymentMethod/PayByPersonalCheck' is clicked on

28-08-2024T19:58:33 - [TEST_STEP][PASSED] - click(findTestObject("Object Repository/IWP30/Page_SelectPaymentMethod/MakePaymentButton")): Object: 'Object Repository/IWP30/Page_SelectPaymentMethod/MakePaymentButton' is clicked on

28-08-2024T19:58:35 - [MESSAGE][PASSED] - Object: 'Object Repository/IWP30/Page_SelectPaymentMethod/MakePaymentButton' is clicked on

28-08-2024T19:58:35 - [TEST_STEP][PASSED] - iwpPages.achPersonalPaymentEntryPage.setDataACHPPM(row, dataFile): iwpPages.achPersonalPaymentEntryPage.setDataACHPPM is PASSED

28-08-2024T19:58:36 - [MESSAGE][PASSED] - Object 'Object Repository/IWP30/Page_ACHPersonalPaymentEntry/txt_accountNumber' is present

28-08-2024T19:58:38 - [MESSAGE][PASSED] - Text '1.50' is set on object 'Object Repository/IWP30/Page_ACHPersonalPaymentEntry/txt_Amount'

28-08-2024T19:58:39 - [MESSAGE][PASSED] - Object 'Object Repository/IWP30/Page_ACHPersonalPaymentEntry/txt_UDF2' is present

28-08-2024T19:58:39 - [MESSAGE][PASSED] - Text 'udf data 2' is set on object 'Object Repository/IWP30/Page_ACHPersonalPaymentEntry/txt_UDF2'

28-08-2024T19:58:40 - [MESSAGE][PASSED] - Text 'udf data 3' is set on object 'Object Repository/IWP30/Page_ACHPersonalPaymentEntry/txt_UDF3'

28-08-2024T19:58:41 - [MESSAGE][PASSED] - All options with label 'Orange' are selected in object 'Object Repository/IWP30/Page_ACHPersonalPaymentEntry/dd_UDF7' 

28-08-2024T19:58:41 - [MESSAGE][PASSED] - All options with label 'Soccer' are selected in object 'Object Repository/IWP30/Page_ACHPersonalPaymentEntry/dd_UDF8' 

28-08-2024T19:58:41 - [MESSAGE][PASSED] - Object 'Object Repository/IWP30/Page_ACHPersonalPaymentEntry/txt_Firstname' is present

28-08-2024T19:58:42 - [MESSAGE][PASSED] - Text 'Elizath' is set on object 'Object Repository/IWP30/Page_ACHPersonalPaymentEntry/txt_Firstname'

28-08-2024T19:58:42 - [MESSAGE][PASSED] - Object 'Object Repository/IWP30/Page_ACHPersonalPaymentEntry/txt_Lastname' is present

28-08-2024T19:58:43 - [MESSAGE][PASSED] - Text 'Christine' is set on object 'Object Repository/IWP30/Page_ACHPersonalPaymentEntry/txt_Lastname'

28-08-2024T19:58:44 - [MESSAGE][PASSED] - Object 'Object Repository/IWP30/Page_ACHPersonalPaymentEntry/txt_routingNumber' is present

28-08-2024T19:58:46 - [MESSAGE][PASSED] - Text '256072691' is set on object 'Object Repository/IWP30/Page_ACHPersonalPaymentEntry/txt_routingNumber'

28-08-2024T19:58:46 - [MESSAGE][PASSED] - Object 'Object Repository/IWP30/Page_ACHPersonalPaymentEntry/txt_accountNumber' is present

28-08-2024T19:58:47 - [MESSAGE][PASSED] - Text '12344444' is set on object 'Object Repository/IWP30/Page_ACHPersonalPaymentEntry/txt_accountNumber'

28-08-2024T19:58:48 - [MESSAGE][PASSED] - Object 'Object Repository/IWP30/Page_ACHPersonalPaymentEntry/txt_confirmAccountNumber' is present

28-08-2024T19:58:48 - [MESSAGE][PASSED] - Text '12344444' is set on object 'Object Repository/IWP30/Page_ACHPersonalPaymentEntry/txt_confirmAccountNumber'

28-08-2024T19:58:49 - [MESSAGE][PASSED] - Object 'Object Repository/IWP30/Page_ACHPersonalPaymentEntry/rd_accountType' is present

28-08-2024T19:58:49 - [MESSAGE][PASSED] - Modify property of object successfully

28-08-2024T19:58:49 - [MESSAGE][PASSED] - Object: 'Object Repository/IWP30/Page_ACHPersonalPaymentEntry/rd_accountType' is clicked on

28-08-2024T19:58:50 - [MESSAGE][PASSED] - Text '365 Main Avenue' is set on object 'Object Repository/IWP30/Page_ACHPersonalPaymentEntry/txt_AL1'

28-08-2024T19:58:52 - [MESSAGE][PASSED] - Text '22201' is set on object 'Object Repository/IWP30/Page_ACHPersonalPaymentEntry/txt_ZIP'

28-08-2024T19:58:53 - [MESSAGE][PASSED] - Object 'Object Repository/IWP30/Page_ACHPersonalPaymentEntry/txt_Email' is present

28-08-2024T19:58:54 - [MESSAGE][PASSED] - Text 'iahmed@govolution.com' is set on object 'Object Repository/IWP30/Page_ACHPersonalPaymentEntry/txt_Email'

28-08-2024T19:58:55 - [MESSAGE][PASSED] - Object 'Object Repository/IWP30/Page_ACHPersonalPaymentEntry/cb_TermsAndCond' is present

28-08-2024T19:58:55 - [MESSAGE][PASSED] - Object: 'Object Repository/IWP30/Page_ACHPersonalPaymentEntry/cb_TermsAndCond' is clicked on

28-08-2024T19:58:55 - [MESSAGE][PASSED] - Object 'Object Repository/IWP30/Page_ACHPersonalPaymentEntry/btn_Continue' is present

28-08-2024T19:58:59 - [MESSAGE][PASSED] - Object: 'Object Repository/IWP30/Page_ACHPersonalPaymentEntry/btn_Continue' is clicked on

28-08-2024T19:58:59 - [MESSAGE][PASSED] - iwpPages.achPersonalPaymentEntryPage.setDataACHPPM is PASSED

28-08-2024T19:58:59 - [TEST_STEP][PASSED] - Thread.sleep(10000): null

28-08-2024T19:59:09 - [TEST_STEP][PASSED] - if (verifyTextPresent("Amount is less than minimum", false)): null

28-08-2024T19:59:09 - [MESSAGE][PASSED] - Text 'Amount is less than minimum' is present on page 

28-08-2024T19:59:09 - [TEST_STEP][PASSED] - println("Min Amount Error message shown"): null

28-08-2024T19:59:09 - [TEST_STEP][PASSED] - markPassed("Min Amount Error message shown"): Min Amount Error message shown

28-08-2024T19:59:09 - [MESSAGE][PASSED] - Min Amount Error message shown

28-08-2024T19:59:09 - [TEST_STEP][PASSED] - resText = "Pass": null

28-08-2024T19:59:09 - [TEST_STEP][PASSED] - pages.WriteExcel.demoKey(resText, datText, resColumn, datCloumn, fileLoc, nameSheet, row): pages.WriteExcel.demoKey is PASSED

28-08-2024T19:59:09 - [MESSAGE][PASSED] - pages.WriteExcel.demoKey is PASSED

28-08-2024T19:59:09 - [TEST_STEP][PASSED] - closeBrowser(): Browser is closed

28-08-2024T19:59:11 - [MESSAGE][PASSED] - Browser is closed]]></system-out>
         <system-err><![CDATA[]]></system-err>
      </testcase>
      <testcase name="Test Cases/IntegratedWeb/IWP25/Error/MRFCorporate" time="72.21" classname="Test Cases/IntegratedWeb/IWP25/Error/MRFCorporate" status="PASSED">
         <system-out><![CDATA[28-08-2024T19:59:11 - [TEST_CASE][PASSED] - Test Cases/IntegratedWeb/IWP25/Error/MRFCorporate: Test Cases/IntegratedWeb/IWP25/Error/MRFCorporate

28-08-2024T19:59:11 - [TEST_STEP][PASSED] - resText = "Fail": null

28-08-2024T19:59:11 - [TEST_STEP][PASSED] - resColumn = "Result": null

28-08-2024T19:59:11 - [TEST_STEP][PASSED] - datCloumn = "Date": null

28-08-2024T19:59:11 - [TEST_STEP][PASSED] - fileLoc = "KatalonData/IWPTestData/VRelay25Payments.xlsx": null

28-08-2024T19:59:11 - [TEST_STEP][PASSED] - numOfRows = <not implemented yet for class: org.codehaus.groovy.ast.expr.EmptyExpression>: null

28-08-2024T19:59:11 - [TEST_STEP][PASSED] - dataFile = <not implemented yet for class: org.codehaus.groovy.ast.expr.EmptyExpression>: null

28-08-2024T19:59:11 - [TEST_STEP][PASSED] - nameSheet = <not implemented yet for class: org.codehaus.groovy.ast.expr.EmptyExpression>: null

28-08-2024T19:59:11 - [TEST_STEP][PASSED] - dataFileEmulator = <not implemented yet for class: org.codehaus.groovy.ast.expr.EmptyExpression>: null

28-08-2024T19:59:11 - [TEST_STEP][PASSED] - isRequiredTextPresent = false: null

28-08-2024T19:59:11 - [TEST_STEP][PASSED] - nameSheet = "MRFCorp": null

28-08-2024T19:59:11 - [TEST_STEP][PASSED] - dataFile = "IWPTestData/IWP25MRFCorp": null

28-08-2024T19:59:11 - [TEST_STEP][PASSED] - dataFileEmulator = "IWPTestData/EmulatorData": null

28-08-2024T19:59:11 - [TEST_STEP][PASSED] - numOfRows = findTestData(dataFile).getRowNumbers(): null

28-08-2024T19:59:12 - [TEST_STEP][PASSED] - println("Number of Records: " + numOfRows): null

28-08-2024T19:59:12 - [TEST_STEP][PASSED] - for ([row = 1, row <= numOfRows, (row++)]): Browser is closed

28-08-2024T19:59:12 - [TEST_STEP][PASSED] - ExecuteTC = findTestData(dataFile).getValue("Execute", row): null

28-08-2024T19:59:12 - [TEST_STEP][PASSED] - out.println("Value of Execute is : " + ExecuteTC): null

28-08-2024T19:59:12 - [TEST_STEP][PASSED] - if (ExecuteTC.equalsIgnoreCase("Y")): pages.WriteExcel.demoKey is PASSED

28-08-2024T19:59:12 - [TEST_STEP][PASSED] - out.println("Begin Record Number: " + row): null

28-08-2024T19:59:12 - [TEST_STEP][PASSED] - today = new java.util.Date(): null

28-08-2024T19:59:12 - [TEST_STEP][PASSED] - println(today): null

28-08-2024T19:59:12 - [TEST_STEP][PASSED] - datText = today: null

28-08-2024T19:59:12 - [TEST_STEP][PASSED] - EmulatorDataKey = findTestData(dataFile).getValue("EmulatorData", row): null

28-08-2024T19:59:12 - [TEST_STEP][PASSED] - out.println("Value of Emulator Key is : " + EmulatorDataKey): null

28-08-2024T19:59:12 - [TEST_STEP][PASSED] - iwpPages.emulatorIWP30.setDataEmulator_DD(EmulatorDataKey): iwpPages.emulatorIWP30.setDataEmulator_DD is PASSED

28-08-2024T19:59:13 - [MESSAGE][INFO] - Starting 'Edge Chromium' driver

28-08-2024T19:59:13 - [MESSAGE][INFO] - User set preference: ['acceptInsecureCerts', 'true']

28-08-2024T19:59:16 - [MESSAGE][INFO] - Action delay is set to 0 milliseconds

28-08-2024T19:59:20 - [MESSAGE][PASSED] - Browser is opened with url: 'https://qa2.velocitypayment.com/agency/config.do?action=editor&message_version=2_5'

28-08-2024T19:59:20 - [MESSAGE][PASSED] - Current window maximized

28-08-2024T19:59:21 - [MESSAGE][PASSED] - All options with value '2.5' are selected in object 'Object Repository/IWP30/Page_VRelay30Emulator/MV'  using regular expression

28-08-2024T19:59:22 - [MESSAGE][PASSED] - Text '10.50' is set on object 'Object Repository/IWP30/Page_VRelay30Emulator/Amount'

28-08-2024T19:59:23 - [MESSAGE][PASSED] - Text '26413414' is set on object 'Object Repository/IWP30/Page_VRelay30Emulator/CAN'

28-08-2024T19:59:25 - [MESSAGE][PASSED] - Text 'PayNow' is set on object 'Object Repository/IWP30/Page_VRelay30Emulator/Action'

28-08-2024T19:59:26 - [MESSAGE][PASSED] - Text 'en_US' is set on object 'Object Repository/IWP30/Page_VRelay30Emulator/Lang'

28-08-2024T19:59:26 - [MESSAGE][PASSED] - Text '' is set on object 'Object Repository/IWP30/Page_VRelay30Emulator/Fname'

28-08-2024T19:59:27 - [MESSAGE][PASSED] - Text '' is set on object 'Object Repository/IWP30/Page_VRelay30Emulator/Lname'

28-08-2024T19:59:27 - [MESSAGE][PASSED] - Text '' is set on object 'Object Repository/IWP30/Page_VRelay30Emulator/AL1'

28-08-2024T19:59:28 - [MESSAGE][PASSED] - Text '' is set on object 'Object Repository/IWP30/Page_VRelay30Emulator/AL2'

28-08-2024T19:59:29 - [MESSAGE][PASSED] - Text '' is set on object 'Object Repository/IWP30/Page_VRelay30Emulator/Country'

28-08-2024T19:59:29 - [MESSAGE][PASSED] - Text '' is set on object 'Object Repository/IWP30/Page_VRelay30Emulator/City'

28-08-2024T19:59:31 - [MESSAGE][PASSED] - Text '' is set on object 'Object Repository/IWP30/Page_VRelay30Emulator/State'

28-08-2024T19:59:32 - [MESSAGE][PASSED] - Text '' is set on object 'Object Repository/IWP30/Page_VRelay30Emulator/ZIP'

28-08-2024T19:59:33 - [MESSAGE][PASSED] - Text '' is set on object 'Object Repository/IWP30/Page_VRelay30Emulator/Order'

28-08-2024T19:59:33 - [MESSAGE][PASSED] - Text '' is set on object 'Object Repository/IWP30/Page_VRelay30Emulator/Company'

28-08-2024T19:59:34 - [MESSAGE][PASSED] - Text '' is set on object 'Object Repository/IWP30/Page_VRelay30Emulator/Email'

28-08-2024T19:59:35 - [MESSAGE][PASSED] - Text '' is set on object 'Object Repository/IWP30/Page_VRelay30Emulator/UDF1'

28-08-2024T19:59:35 - [MESSAGE][PASSED] - Text '' is set on object 'Object Repository/IWP30/Page_VRelay30Emulator/UDF2'

28-08-2024T19:59:36 - [MESSAGE][PASSED] - Text '' is set on object 'Object Repository/IWP30/Page_VRelay30Emulator/UDF3'

28-08-2024T19:59:37 - [MESSAGE][PASSED] - Text 'udf data 4' is set on object 'Object Repository/IWP30/Page_VRelay30Emulator/UDF4'

28-08-2024T19:59:39 - [MESSAGE][PASSED] - Text 'udf data 5' is set on object 'Object Repository/IWP30/Page_VRelay30Emulator/UDF5'

28-08-2024T19:59:39 - [MESSAGE][PASSED] - Text '' is set on object 'Object Repository/IWP30/Page_VRelay30Emulator/UDF6'

28-08-2024T19:59:40 - [MESSAGE][PASSED] - Text '' is set on object 'Object Repository/IWP30/Page_VRelay30Emulator/UDF7'

28-08-2024T19:59:40 - [MESSAGE][PASSED] - Text '' is set on object 'Object Repository/IWP30/Page_VRelay30Emulator/UDF8'

28-08-2024T19:59:41 - [MESSAGE][PASSED] - Text 'udf data 9' is set on object 'Object Repository/IWP30/Page_VRelay30Emulator/UDF9'

28-08-2024T19:59:42 - [MESSAGE][PASSED] - Text 'udf data 10' is set on object 'Object Repository/IWP30/Page_VRelay30Emulator/UDF10'

28-08-2024T19:59:43 - [MESSAGE][PASSED] - Object: 'Object Repository/IWP30/Page_VRelay30Emulator/Submit' is clicked on

28-08-2024T19:59:47 - [MESSAGE][PASSED] - Browser is closed

28-08-2024T19:59:51 - [MESSAGE][PASSED] - iwpPages.emulatorIWP30.setDataEmulator_DD is PASSED

28-08-2024T19:59:51 - [TEST_STEP][PASSED] - testHarnessURL = urlTestHarness: null

28-08-2024T19:59:51 - [TEST_STEP][PASSED] - openBrowser(testHarnessURL): Browser is opened with url: 'https://dev-algorithm.govolution.com/vrelaytest/QA2/version_2_2/vrelaytest.html'

28-08-2024T19:59:51 - [MESSAGE][INFO] - Starting 'Edge Chromium' driver

28-08-2024T19:59:51 - [MESSAGE][INFO] - User set preference: ['acceptInsecureCerts', 'true']

28-08-2024T19:59:55 - [MESSAGE][INFO] - Action delay is set to 0 milliseconds

28-08-2024T19:59:59 - [MESSAGE][PASSED] - Browser is opened with url: 'https://dev-algorithm.govolution.com/vrelaytest/QA2/version_2_2/vrelaytest.html'

28-08-2024T19:59:59 - [TEST_STEP][PASSED] - maximizeWindow(): Current window maximized

28-08-2024T19:59:59 - [MESSAGE][PASSED] - Current window maximized

28-08-2024T19:59:59 - [TEST_STEP][PASSED] - iwpPages.TestHarnessPage.setDataMethod(row, dataFile): iwpPages.TestHarnessPage.setDataMethod is PASSED

28-08-2024T20:00:00 - [MESSAGE][PASSED] - Object 'Object Repository/IWP30/Page_QATestHarness/RemittanceID' is present

28-08-2024T20:00:00 - [MESSAGE][PASSED] - Text '638' is set on object 'Object Repository/IWP30/Page_QATestHarness/ApplicationID'

28-08-2024T20:00:01 - [MESSAGE][PASSED] - Text '2.5' is set on object 'Object Repository/IWP30/Page_QATestHarness/MessageVersion'

28-08-2024T20:00:02 - [MESSAGE][PASSED] - Text 'F5PpasHbJXAQ' is set on object 'Object Repository/IWP30/Page_QATestHarness/RemittanceID'

28-08-2024T20:00:06 - [MESSAGE][PASSED] - Object: 'Object Repository/IWP30/Page_QATestHarness/SubmitButton' is clicked on

28-08-2024T20:00:06 - [MESSAGE][PASSED] - iwpPages.TestHarnessPage.setDataMethod is PASSED

28-08-2024T20:00:06 - [TEST_STEP][PASSED] - click(findTestObject("Object Repository/IWP30/Page_SelectPaymentMethod/PayByCorporateCheck")): Object: 'Object Repository/IWP30/Page_SelectPaymentMethod/PayByCorporateCheck' is clicked on

28-08-2024T20:00:07 - [MESSAGE][PASSED] - Object: 'Object Repository/IWP30/Page_SelectPaymentMethod/PayByCorporateCheck' is clicked on

28-08-2024T20:00:07 - [TEST_STEP][PASSED] - click(findTestObject("Object Repository/IWP30/Page_SelectPaymentMethod/MakePaymentButton")): Object: 'Object Repository/IWP30/Page_SelectPaymentMethod/MakePaymentButton' is clicked on

28-08-2024T20:00:10 - [MESSAGE][PASSED] - Object: 'Object Repository/IWP30/Page_SelectPaymentMethod/MakePaymentButton' is clicked on

28-08-2024T20:00:10 - [TEST_STEP][PASSED] - click(findTestObject("Object Repository/IWP30/Page_ACHCorporatePaymentEntry/btn_Continue")): Object: 'Object Repository/IWP30/Page_ACHCorporatePaymentEntry/btn_Continue' is clicked on

28-08-2024T20:00:13 - [MESSAGE][PASSED] - Object: 'Object Repository/IWP30/Page_ACHCorporatePaymentEntry/btn_Continue' is clicked on

28-08-2024T20:00:13 - [TEST_STEP][PASSED] - Thread.sleep(5000): null

28-08-2024T20:00:18 - [TEST_STEP][PASSED] - if (verifyTextPresent("UDF3 Label is required", false)): null

28-08-2024T20:00:19 - [MESSAGE][PASSED] - Text 'UDF3 Label is required' is present on page 

28-08-2024T20:00:19 - [TEST_STEP][PASSED] - isRequiredTextPresent = true: null

28-08-2024T20:00:19 - [TEST_STEP][PASSED] - if (isRequiredTextPresent): null

28-08-2024T20:00:19 - [TEST_STEP][PASSED] - if (verifyTextPresent("UDF8 Label is required", false)): null

28-08-2024T20:00:20 - [MESSAGE][PASSED] - Text 'UDF8 Label is required' is present on page 

28-08-2024T20:00:20 - [TEST_STEP][PASSED] - isRequiredTextPresent = true: null

28-08-2024T20:00:20 - [TEST_STEP][PASSED] - if (isRequiredTextPresent): null

28-08-2024T20:00:20 - [TEST_STEP][PASSED] - if (verifyTextPresent("Company Name is required", false)): null

28-08-2024T20:00:20 - [MESSAGE][PASSED] - Text 'Company Name is required' is present on page 

28-08-2024T20:00:20 - [TEST_STEP][PASSED] - isRequiredTextPresent = true: null

28-08-2024T20:00:20 - [TEST_STEP][PASSED] - if (isRequiredTextPresent): null

28-08-2024T20:00:20 - [TEST_STEP][PASSED] - if (verifyTextPresent("Routing number is required", false)): null

28-08-2024T20:00:20 - [MESSAGE][PASSED] - Text 'Routing number is required' is present on page 

28-08-2024T20:00:20 - [TEST_STEP][PASSED] - isRequiredTextPresent = true: null

28-08-2024T20:00:20 - [TEST_STEP][PASSED] - if (isRequiredTextPresent): null

28-08-2024T20:00:20 - [TEST_STEP][PASSED] - if (verifyTextPresent("Account number is required", false)): null

28-08-2024T20:00:21 - [MESSAGE][PASSED] - Text 'Account number is required' is present on page 

28-08-2024T20:00:21 - [TEST_STEP][PASSED] - isRequiredTextPresent = true: null

28-08-2024T20:00:21 - [TEST_STEP][PASSED] - if (isRequiredTextPresent): null

28-08-2024T20:00:21 - [TEST_STEP][PASSED] - if (verifyTextPresent("The Confirm Account Number field is a required field.", false)): null

28-08-2024T20:00:21 - [MESSAGE][PASSED] - Text 'The Confirm Account Number field is a required field.' is present on page 

28-08-2024T20:00:21 - [TEST_STEP][PASSED] - isRequiredTextPresent = true: null

28-08-2024T20:00:21 - [TEST_STEP][PASSED] - if (isRequiredTextPresent): null

28-08-2024T20:00:21 - [TEST_STEP][PASSED] - if (verifyTextPresent("Address Line 1 is required", false)): null

28-08-2024T20:00:21 - [MESSAGE][PASSED] - Text 'Address Line 1 is required' is present on page 

28-08-2024T20:00:21 - [TEST_STEP][PASSED] - isRequiredTextPresent = true: null

28-08-2024T20:00:21 - [TEST_STEP][PASSED] - if (isRequiredTextPresent): null

28-08-2024T20:00:21 - [TEST_STEP][PASSED] - if (verifyTextPresent("ZIP Code is required", false)): null

28-08-2024T20:00:22 - [MESSAGE][PASSED] - Text 'ZIP Code is required' is present on page 

28-08-2024T20:00:22 - [TEST_STEP][PASSED] - isRequiredTextPresent = true: null

28-08-2024T20:00:22 - [TEST_STEP][PASSED] - if (isRequiredTextPresent): null

28-08-2024T20:00:22 - [TEST_STEP][PASSED] - if (verifyTextPresent("City is required", false)): null

28-08-2024T20:00:22 - [MESSAGE][PASSED] - Text 'City is required' is present on page 

28-08-2024T20:00:22 - [TEST_STEP][PASSED] - isRequiredTextPresent = true: null

28-08-2024T20:00:22 - [TEST_STEP][PASSED] - if (isRequiredTextPresent): null

28-08-2024T20:00:22 - [TEST_STEP][PASSED] - if (verifyTextPresent("State is required", false)): null

28-08-2024T20:00:22 - [MESSAGE][PASSED] - Text 'State is required' is present on page 

28-08-2024T20:00:22 - [TEST_STEP][PASSED] - isRequiredTextPresent = true: null

28-08-2024T20:00:22 - [TEST_STEP][PASSED] - if (isRequiredTextPresent): null

28-08-2024T20:00:22 - [TEST_STEP][PASSED] - if (verifyTextPresent("Email address is required.", false)): null

28-08-2024T20:00:22 - [MESSAGE][PASSED] - Text 'Email address is required.' is present on page 

28-08-2024T20:00:22 - [TEST_STEP][PASSED] - isRequiredTextPresent = true: null

28-08-2024T20:00:22 - [TEST_STEP][PASSED] - if (isRequiredTextPresent): null

28-08-2024T20:00:22 - [TEST_STEP][PASSED] - if (verifyTextPresent("You must review and accept the ACH terms and conditions in order to process an electronic debit transaction.", false)): null

28-08-2024T20:00:23 - [MESSAGE][PASSED] - Text 'You must review and accept the ACH terms and conditions in order to process an electronic debit transaction.' is present on page 

28-08-2024T20:00:23 - [TEST_STEP][PASSED] - isRequiredTextPresent = true: null

28-08-2024T20:00:23 - [TEST_STEP][PASSED] - if (isRequiredTextPresent): pages.WriteExcel.demoKey is PASSED

28-08-2024T20:00:23 - [TEST_STEP][PASSED] - println("All the missing required fields error messages are present"): null

28-08-2024T20:00:23 - [TEST_STEP][PASSED] - markPassed("All the missing required fields error messages are present"): All the missing required fields error messages are present

28-08-2024T20:00:23 - [MESSAGE][PASSED] - All the missing required fields error messages are present

28-08-2024T20:00:23 - [TEST_STEP][PASSED] - resText = "Pass": null

28-08-2024T20:00:23 - [TEST_STEP][PASSED] - pages.WriteExcel.demoKey(resText, datText, resColumn, datCloumn, fileLoc, nameSheet, row): pages.WriteExcel.demoKey is PASSED

28-08-2024T20:00:23 - [MESSAGE][PASSED] - pages.WriteExcel.demoKey is PASSED

28-08-2024T20:00:23 - [TEST_STEP][PASSED] - closeBrowser(): Browser is closed

28-08-2024T20:00:23 - [MESSAGE][PASSED] - Browser is closed]]></system-out>
         <system-err><![CDATA[]]></system-err>
      </testcase>
      <testcase name="Test Cases/IntegratedWeb/IWP25/Error/NoOverPayErrorCorp" time="89.873" classname="Test Cases/IntegratedWeb/IWP25/Error/NoOverPayErrorCorp" status="PASSED">
         <system-out><![CDATA[28-08-2024T20:00:23 - [TEST_CASE][PASSED] - Test Cases/IntegratedWeb/IWP25/Error/NoOverPayErrorCorp: Test Cases/IntegratedWeb/IWP25/Error/NoOverPayErrorCorp

28-08-2024T20:00:23 - [TEST_STEP][PASSED] - resText = "Fail": null

28-08-2024T20:00:23 - [TEST_STEP][PASSED] - resColumn = "Result": null

28-08-2024T20:00:23 - [TEST_STEP][PASSED] - datCloumn = "Date": null

28-08-2024T20:00:23 - [TEST_STEP][PASSED] - fileLoc = "KatalonData/IWPTestData/VRelay25Payments.xlsx": null

28-08-2024T20:00:23 - [TEST_STEP][PASSED] - numOfRows = <not implemented yet for class: org.codehaus.groovy.ast.expr.EmptyExpression>: null

28-08-2024T20:00:23 - [TEST_STEP][PASSED] - dataFile = <not implemented yet for class: org.codehaus.groovy.ast.expr.EmptyExpression>: null

28-08-2024T20:00:23 - [TEST_STEP][PASSED] - nameSheet = <not implemented yet for class: org.codehaus.groovy.ast.expr.EmptyExpression>: null

28-08-2024T20:00:23 - [TEST_STEP][PASSED] - dataFileEmulator = <not implemented yet for class: org.codehaus.groovy.ast.expr.EmptyExpression>: null

28-08-2024T20:00:23 - [TEST_STEP][PASSED] - nameSheet = "NoOverPayErrorCorp": null

28-08-2024T20:00:23 - [TEST_STEP][PASSED] - dataFile = "IWPTestData/IWP25NoOverPayErrorCorp": null

28-08-2024T20:00:23 - [TEST_STEP][PASSED] - dataFileEmulator = "IWPTestData/EmulatorData": null

28-08-2024T20:00:23 - [TEST_STEP][PASSED] - numOfRows = findTestData(dataFile).getRowNumbers(): null

28-08-2024T20:00:23 - [TEST_STEP][PASSED] - println("Number of Records: " + numOfRows): null

28-08-2024T20:00:23 - [TEST_STEP][PASSED] - for ([row = 1, row <= numOfRows, (row++)]): Browser is closed

28-08-2024T20:00:23 - [TEST_STEP][PASSED] - ExecuteTC = findTestData(dataFile).getValue("Execute", row): null

28-08-2024T20:00:23 - [TEST_STEP][PASSED] - out.println("Value of Execute is : " + ExecuteTC): null

28-08-2024T20:00:23 - [TEST_STEP][PASSED] - if (ExecuteTC.equalsIgnoreCase("Y")): null

28-08-2024T20:00:23 - [TEST_STEP][PASSED] - out.println("Begin Record Number: " + row): null

28-08-2024T20:00:23 - [TEST_STEP][PASSED] - today = new java.util.Date(): null

28-08-2024T20:00:23 - [TEST_STEP][PASSED] - println(today): null

28-08-2024T20:00:23 - [TEST_STEP][PASSED] - datText = today: null

28-08-2024T20:00:23 - [TEST_STEP][PASSED] - EmulatorDataKey = findTestData(dataFile).getValue("EmulatorData", row): null

28-08-2024T20:00:24 - [TEST_STEP][PASSED] - out.println("Value of Emulator Key is : " + EmulatorDataKey): null

28-08-2024T20:00:24 - [TEST_STEP][PASSED] - iwpPages.emulatorIWP30.setDataEmulator_DD(EmulatorDataKey): iwpPages.emulatorIWP30.setDataEmulator_DD is PASSED

28-08-2024T20:00:26 - [MESSAGE][INFO] - Starting 'Edge Chromium' driver

28-08-2024T20:00:26 - [MESSAGE][INFO] - User set preference: ['acceptInsecureCerts', 'true']

28-08-2024T20:00:29 - [MESSAGE][INFO] - Action delay is set to 0 milliseconds

28-08-2024T20:00:35 - [MESSAGE][PASSED] - Browser is opened with url: 'https://qa2.velocitypayment.com/agency/config.do?action=editor&message_version=2_5'

28-08-2024T20:00:36 - [MESSAGE][PASSED] - Current window maximized

28-08-2024T20:00:36 - [MESSAGE][PASSED] - All options with value '2.5' are selected in object 'Object Repository/IWP30/Page_VRelay30Emulator/MV'  using regular expression

28-08-2024T20:00:37 - [MESSAGE][PASSED] - Text '10.50' is set on object 'Object Repository/IWP30/Page_VRelay30Emulator/Amount'

28-08-2024T20:00:38 - [MESSAGE][PASSED] - Text '26413414' is set on object 'Object Repository/IWP30/Page_VRelay30Emulator/CAN'

28-08-2024T20:00:39 - [MESSAGE][PASSED] - Text 'PayNow' is set on object 'Object Repository/IWP30/Page_VRelay30Emulator/Action'

28-08-2024T20:00:39 - [MESSAGE][PASSED] - Text 'en_US' is set on object 'Object Repository/IWP30/Page_VRelay30Emulator/Lang'

28-08-2024T20:00:40 - [MESSAGE][PASSED] - Text 'Curlonty' is set on object 'Object Repository/IWP30/Page_VRelay30Emulator/Fname'

28-08-2024T20:00:42 - [MESSAGE][PASSED] - Text 'Lachuga' is set on object 'Object Repository/IWP30/Page_VRelay30Emulator/Lname'

28-08-2024T20:00:43 - [MESSAGE][PASSED] - Text '258 Underwood rd' is set on object 'Object Repository/IWP30/Page_VRelay30Emulator/AL1'

28-08-2024T20:00:44 - [MESSAGE][PASSED] - Text 'Suite 600' is set on object 'Object Repository/IWP30/Page_VRelay30Emulator/AL2'

28-08-2024T20:00:44 - [MESSAGE][PASSED] - Text '840' is set on object 'Object Repository/IWP30/Page_VRelay30Emulator/Country'

28-08-2024T20:00:45 - [MESSAGE][PASSED] - Text 'Arlington' is set on object 'Object Repository/IWP30/Page_VRelay30Emulator/City'

28-08-2024T20:00:45 - [MESSAGE][PASSED] - Text 'VA' is set on object 'Object Repository/IWP30/Page_VRelay30Emulator/State'

28-08-2024T20:00:46 - [MESSAGE][PASSED] - Text '22201' is set on object 'Object Repository/IWP30/Page_VRelay30Emulator/ZIP'

28-08-2024T20:00:48 - [MESSAGE][PASSED] - Text '' is set on object 'Object Repository/IWP30/Page_VRelay30Emulator/Order'

28-08-2024T20:00:49 - [MESSAGE][PASSED] - Text '' is set on object 'Object Repository/IWP30/Page_VRelay30Emulator/Company'

28-08-2024T20:00:50 - [MESSAGE][PASSED] - Text '' is set on object 'Object Repository/IWP30/Page_VRelay30Emulator/Email'

28-08-2024T20:00:50 - [MESSAGE][PASSED] - Text 'udf data 1' is set on object 'Object Repository/IWP30/Page_VRelay30Emulator/UDF1'

28-08-2024T20:00:51 - [MESSAGE][PASSED] - Text 'udf data 2' is set on object 'Object Repository/IWP30/Page_VRelay30Emulator/UDF2'

28-08-2024T20:00:52 - [MESSAGE][PASSED] - Text '' is set on object 'Object Repository/IWP30/Page_VRelay30Emulator/UDF3'

28-08-2024T20:00:52 - [MESSAGE][PASSED] - Text '' is set on object 'Object Repository/IWP30/Page_VRelay30Emulator/UDF4'

28-08-2024T20:00:53 - [MESSAGE][PASSED] - Text '' is set on object 'Object Repository/IWP30/Page_VRelay30Emulator/UDF5'

28-08-2024T20:00:54 - [MESSAGE][PASSED] - Text '' is set on object 'Object Repository/IWP30/Page_VRelay30Emulator/UDF6'

28-08-2024T20:00:55 - [MESSAGE][PASSED] - Text '' is set on object 'Object Repository/IWP30/Page_VRelay30Emulator/UDF7'

28-08-2024T20:00:56 - [MESSAGE][PASSED] - Text '' is set on object 'Object Repository/IWP30/Page_VRelay30Emulator/UDF8'

28-08-2024T20:00:56 - [MESSAGE][PASSED] - Text '' is set on object 'Object Repository/IWP30/Page_VRelay30Emulator/UDF9'

28-08-2024T20:00:57 - [MESSAGE][PASSED] - Text '' is set on object 'Object Repository/IWP30/Page_VRelay30Emulator/UDF10'

28-08-2024T20:00:58 - [MESSAGE][PASSED] - Object: 'Object Repository/IWP30/Page_VRelay30Emulator/Submit' is clicked on

28-08-2024T20:01:03 - [MESSAGE][PASSED] - Browser is closed

28-08-2024T20:01:07 - [MESSAGE][PASSED] - iwpPages.emulatorIWP30.setDataEmulator_DD is PASSED

28-08-2024T20:01:07 - [TEST_STEP][PASSED] - testHarnessURL = urlTestHarness: null

28-08-2024T20:01:07 - [TEST_STEP][PASSED] - openBrowser(testHarnessURL): Browser is opened with url: 'https://dev-algorithm.govolution.com/vrelaytest/QA2/version_2_2/vrelaytest.html'

28-08-2024T20:01:07 - [MESSAGE][INFO] - Starting 'Edge Chromium' driver

28-08-2024T20:01:07 - [MESSAGE][INFO] - User set preference: ['acceptInsecureCerts', 'true']

28-08-2024T20:01:09 - [MESSAGE][INFO] - Action delay is set to 0 milliseconds

28-08-2024T20:01:14 - [MESSAGE][PASSED] - Browser is opened with url: 'https://dev-algorithm.govolution.com/vrelaytest/QA2/version_2_2/vrelaytest.html'

28-08-2024T20:01:14 - [TEST_STEP][PASSED] - maximizeWindow(): Current window maximized

28-08-2024T20:01:16 - [MESSAGE][PASSED] - Current window maximized

28-08-2024T20:01:16 - [TEST_STEP][PASSED] - iwpPages.TestHarnessPage.setDataMethod(row, dataFile): iwpPages.TestHarnessPage.setDataMethod is PASSED

28-08-2024T20:01:17 - [MESSAGE][PASSED] - Object 'Object Repository/IWP30/Page_QATestHarness/RemittanceID' is present

28-08-2024T20:01:17 - [MESSAGE][PASSED] - Text '652' is set on object 'Object Repository/IWP30/Page_QATestHarness/ApplicationID'

28-08-2024T20:01:18 - [MESSAGE][PASSED] - Text '2.5' is set on object 'Object Repository/IWP30/Page_QATestHarness/MessageVersion'

28-08-2024T20:01:19 - [MESSAGE][PASSED] - Text 'rxIr5esQLIZx' is set on object 'Object Repository/IWP30/Page_QATestHarness/RemittanceID'

28-08-2024T20:01:25 - [MESSAGE][PASSED] - Object: 'Object Repository/IWP30/Page_QATestHarness/SubmitButton' is clicked on

28-08-2024T20:01:25 - [MESSAGE][PASSED] - iwpPages.TestHarnessPage.setDataMethod is PASSED

28-08-2024T20:01:25 - [TEST_STEP][PASSED] - click(findTestObject("Object Repository/IWP30/Page_SelectPaymentMethod/PayByCorporateCheck")): Object: 'Object Repository/IWP30/Page_SelectPaymentMethod/PayByCorporateCheck' is clicked on

28-08-2024T20:01:25 - [MESSAGE][PASSED] - Object: 'Object Repository/IWP30/Page_SelectPaymentMethod/PayByCorporateCheck' is clicked on

28-08-2024T20:01:25 - [TEST_STEP][PASSED] - click(findTestObject("Object Repository/IWP30/Page_SelectPaymentMethod/MakePaymentButton")): Object: 'Object Repository/IWP30/Page_SelectPaymentMethod/MakePaymentButton' is clicked on

28-08-2024T20:01:29 - [MESSAGE][PASSED] - Object: 'Object Repository/IWP30/Page_SelectPaymentMethod/MakePaymentButton' is clicked on

28-08-2024T20:01:29 - [TEST_STEP][PASSED] - iwpPages.achCorporatePaymentEntryPage.setDataCorporate(row, dataFile): iwpPages.achCorporatePaymentEntryPage.setDataCorporate is PASSED

28-08-2024T20:01:31 - [MESSAGE][PASSED] - Object 'Object Repository/IWP30/Page_ACHCorporatePaymentEntry/txt_accountNumber' is present

28-08-2024T20:01:31 - [MESSAGE][PASSED] - Object 'Object Repository/IWP30/Page_ACHCorporatePaymentEntry/input_CompanyName' is present

28-08-2024T20:01:32 - [MESSAGE][PASSED] - Text 'My Company' is set on object 'Object Repository/IWP30/Page_ACHCorporatePaymentEntry/input_CompanyName'

28-08-2024T20:01:32 - [MESSAGE][PASSED] - Object 'Object Repository/IWP30/Page_ACHCorporatePaymentEntry/input_EIN' is present

28-08-2024T20:01:33 - [MESSAGE][PASSED] - Text '123456789' is set on object 'Object Repository/IWP30/Page_ACHCorporatePaymentEntry/input_EIN'

28-08-2024T20:01:33 - [MESSAGE][PASSED] - Text '11.50' is set on object 'Object Repository/IWP30/Page_ACHCorporatePaymentEntry/txt_Amount'

28-08-2024T20:01:34 - [MESSAGE][PASSED] - Object 'Object Repository/IWP30/Page_ACHCorporatePaymentEntry/txt_routingNumber' is present

28-08-2024T20:01:34 - [MESSAGE][PASSED] - Text '256072691' is set on object 'Object Repository/IWP30/Page_ACHCorporatePaymentEntry/txt_routingNumber'

28-08-2024T20:01:35 - [MESSAGE][PASSED] - Object 'Object Repository/IWP30/Page_ACHCorporatePaymentEntry/txt_accountNumber' is present

28-08-2024T20:01:37 - [MESSAGE][PASSED] - Text '12344444' is set on object 'Object Repository/IWP30/Page_ACHCorporatePaymentEntry/txt_accountNumber'

28-08-2024T20:01:37 - [MESSAGE][PASSED] - Object 'Object Repository/IWP30/Page_ACHCorporatePaymentEntry/txt_confirmAccountNumber' is present

28-08-2024T20:01:38 - [MESSAGE][PASSED] - Text '12344444' is set on object 'Object Repository/IWP30/Page_ACHCorporatePaymentEntry/txt_confirmAccountNumber'

28-08-2024T20:01:38 - [MESSAGE][PASSED] - Object 'Object Repository/IWP30/Page_ACHCorporatePaymentEntry/txt_Email' is present

28-08-2024T20:01:39 - [MESSAGE][PASSED] - Text 'iahmed@govolution.com' is set on object 'Object Repository/IWP30/Page_ACHCorporatePaymentEntry/txt_Email'

28-08-2024T20:01:39 - [MESSAGE][PASSED] - Object 'Object Repository/IWP30/Page_ACHCorporatePaymentEntry/cb_TermsAndCond' is present

28-08-2024T20:01:39 - [MESSAGE][PASSED] - Object: 'Object Repository/IWP30/Page_ACHCorporatePaymentEntry/cb_TermsAndCond' is clicked on

28-08-2024T20:01:39 - [MESSAGE][PASSED] - Object 'Object Repository/IWP30/Page_ACHCorporatePaymentEntry/btn_Continue' is present

28-08-2024T20:01:42 - [MESSAGE][PASSED] - Object: 'Object Repository/IWP30/Page_ACHCorporatePaymentEntry/btn_Continue' is clicked on

28-08-2024T20:01:42 - [MESSAGE][PASSED] - iwpPages.achCorporatePaymentEntryPage.setDataCorporate is PASSED

28-08-2024T20:01:42 - [TEST_STEP][PASSED] - Thread.sleep(10000): null

28-08-2024T20:01:52 - [TEST_STEP][PASSED] - if (verifyTextPresent("Payment amounts more than 10.50 are not accepted", false)): null

28-08-2024T20:01:53 - [MESSAGE][PASSED] - Text 'Payment amounts more than 10.50 are not accepted' is present on page 

28-08-2024T20:01:53 - [TEST_STEP][PASSED] - println("Over Pay Error message shown"): null

28-08-2024T20:01:53 - [TEST_STEP][PASSED] - markPassed("Over Pay Error message shown"): Over Pay Error message shown

28-08-2024T20:01:53 - [MESSAGE][PASSED] - Over Pay Error message shown

28-08-2024T20:01:53 - [TEST_STEP][PASSED] - resText = "Pass": null

28-08-2024T20:01:53 - [TEST_STEP][PASSED] - pages.WriteExcel.demoKey(resText, datText, resColumn, datCloumn, fileLoc, nameSheet, row): pages.WriteExcel.demoKey is PASSED

28-08-2024T20:01:53 - [MESSAGE][PASSED] - pages.WriteExcel.demoKey is PASSED

28-08-2024T20:01:53 - [TEST_STEP][PASSED] - closeBrowser(): Browser is closed

28-08-2024T20:01:53 - [MESSAGE][PASSED] - Browser is closed]]></system-out>
         <system-err><![CDATA[]]></system-err>
      </testcase>
      <testcase name="Test Cases/IntegratedWeb/IWP25/Error/NoOverPayErrorPC" time="86.15" classname="Test Cases/IntegratedWeb/IWP25/Error/NoOverPayErrorPC" status="PASSED">
         <system-out><![CDATA[28-08-2024T20:01:53 - [TEST_CASE][PASSED] - Test Cases/IntegratedWeb/IWP25/Error/NoOverPayErrorPC: Test Cases/IntegratedWeb/IWP25/Error/NoOverPayErrorPC

28-08-2024T20:01:53 - [TEST_STEP][PASSED] - resText = "Fail": null

28-08-2024T20:01:53 - [TEST_STEP][PASSED] - resColumn = "Result": null

28-08-2024T20:01:53 - [TEST_STEP][PASSED] - datCloumn = "Date": null

28-08-2024T20:01:53 - [TEST_STEP][PASSED] - fileLoc = "KatalonData/IWPTestData/VRelay25Payments.xlsx": null

28-08-2024T20:01:53 - [TEST_STEP][PASSED] - numOfRows = <not implemented yet for class: org.codehaus.groovy.ast.expr.EmptyExpression>: null

28-08-2024T20:01:53 - [TEST_STEP][PASSED] - dataFile = <not implemented yet for class: org.codehaus.groovy.ast.expr.EmptyExpression>: null

28-08-2024T20:01:53 - [TEST_STEP][PASSED] - nameSheet = <not implemented yet for class: org.codehaus.groovy.ast.expr.EmptyExpression>: null

28-08-2024T20:01:53 - [TEST_STEP][PASSED] - dataFileEmulator = <not implemented yet for class: org.codehaus.groovy.ast.expr.EmptyExpression>: null

28-08-2024T20:01:53 - [TEST_STEP][PASSED] - nameSheet = "NoOverPayErrorPC": null

28-08-2024T20:01:53 - [TEST_STEP][PASSED] - dataFile = "IWPTestData/IWP25NoOverPayErrorPC": null

28-08-2024T20:01:53 - [TEST_STEP][PASSED] - dataFileEmulator = "IWPTestData/EmulatorData": null

28-08-2024T20:01:53 - [TEST_STEP][PASSED] - numOfRows = findTestData(dataFile).getRowNumbers(): null

28-08-2024T20:01:53 - [TEST_STEP][PASSED] - println("Number of Records: " + numOfRows): null

28-08-2024T20:01:53 - [TEST_STEP][PASSED] - for ([row = 1, row <= numOfRows, (row++)]): Browser is closed

28-08-2024T20:01:53 - [TEST_STEP][PASSED] - ExecuteTC = findTestData(dataFile).getValue("Execute", row): null

28-08-2024T20:01:53 - [TEST_STEP][PASSED] - out.println("Value of Execute is : " + ExecuteTC): null

28-08-2024T20:01:53 - [TEST_STEP][PASSED] - if (ExecuteTC.equalsIgnoreCase("Y")): null

28-08-2024T20:01:53 - [TEST_STEP][PASSED] - out.println("Begin Record Number: " + row): null

28-08-2024T20:01:53 - [TEST_STEP][PASSED] - today = new java.util.Date(): null

28-08-2024T20:01:53 - [TEST_STEP][PASSED] - println(today): null

28-08-2024T20:01:53 - [TEST_STEP][PASSED] - datText = today: null

28-08-2024T20:01:53 - [TEST_STEP][PASSED] - EmulatorDataKey = findTestData(dataFile).getValue("EmulatorData", row): null

28-08-2024T20:01:53 - [TEST_STEP][PASSED] - out.println("Value of Emulator Key is : " + EmulatorDataKey): null

28-08-2024T20:01:53 - [TEST_STEP][PASSED] - iwpPages.emulatorIWP30.setDataEmulator_DD(EmulatorDataKey): iwpPages.emulatorIWP30.setDataEmulator_DD is PASSED

28-08-2024T20:01:54 - [MESSAGE][INFO] - Starting 'Edge Chromium' driver

28-08-2024T20:01:54 - [MESSAGE][INFO] - User set preference: ['acceptInsecureCerts', 'true']

28-08-2024T20:01:57 - [MESSAGE][INFO] - Action delay is set to 0 milliseconds

28-08-2024T20:02:02 - [MESSAGE][PASSED] - Browser is opened with url: 'https://qa2.velocitypayment.com/agency/config.do?action=editor&message_version=2_5'

28-08-2024T20:02:02 - [MESSAGE][PASSED] - Current window maximized

28-08-2024T20:02:03 - [MESSAGE][PASSED] - All options with value '2.5' are selected in object 'Object Repository/IWP30/Page_VRelay30Emulator/MV'  using regular expression

28-08-2024T20:02:03 - [MESSAGE][PASSED] - Text '10.50' is set on object 'Object Repository/IWP30/Page_VRelay30Emulator/Amount'

28-08-2024T20:02:04 - [MESSAGE][PASSED] - Text '26413414' is set on object 'Object Repository/IWP30/Page_VRelay30Emulator/CAN'

28-08-2024T20:02:05 - [MESSAGE][PASSED] - Text 'PayNow' is set on object 'Object Repository/IWP30/Page_VRelay30Emulator/Action'

28-08-2024T20:02:05 - [MESSAGE][PASSED] - Text 'en_US' is set on object 'Object Repository/IWP30/Page_VRelay30Emulator/Lang'

28-08-2024T20:02:08 - [MESSAGE][PASSED] - Text 'Curlonty' is set on object 'Object Repository/IWP30/Page_VRelay30Emulator/Fname'

28-08-2024T20:02:09 - [MESSAGE][PASSED] - Text 'Lachuga' is set on object 'Object Repository/IWP30/Page_VRelay30Emulator/Lname'

28-08-2024T20:02:09 - [MESSAGE][PASSED] - Text '258 Underwood rd' is set on object 'Object Repository/IWP30/Page_VRelay30Emulator/AL1'

28-08-2024T20:02:10 - [MESSAGE][PASSED] - Text 'Suite 600' is set on object 'Object Repository/IWP30/Page_VRelay30Emulator/AL2'

28-08-2024T20:02:11 - [MESSAGE][PASSED] - Text '840' is set on object 'Object Repository/IWP30/Page_VRelay30Emulator/Country'

28-08-2024T20:02:11 - [MESSAGE][PASSED] - Text 'Arlington' is set on object 'Object Repository/IWP30/Page_VRelay30Emulator/City'

28-08-2024T20:02:12 - [MESSAGE][PASSED] - Text 'VA' is set on object 'Object Repository/IWP30/Page_VRelay30Emulator/State'

28-08-2024T20:02:13 - [MESSAGE][PASSED] - Text '22201' is set on object 'Object Repository/IWP30/Page_VRelay30Emulator/ZIP'

28-08-2024T20:02:14 - [MESSAGE][PASSED] - Text '' is set on object 'Object Repository/IWP30/Page_VRelay30Emulator/Order'

28-08-2024T20:02:15 - [MESSAGE][PASSED] - Text '' is set on object 'Object Repository/IWP30/Page_VRelay30Emulator/Company'

28-08-2024T20:02:16 - [MESSAGE][PASSED] - Text '' is set on object 'Object Repository/IWP30/Page_VRelay30Emulator/Email'

28-08-2024T20:02:17 - [MESSAGE][PASSED] - Text 'udf data 1' is set on object 'Object Repository/IWP30/Page_VRelay30Emulator/UDF1'

28-08-2024T20:02:17 - [MESSAGE][PASSED] - Text 'udf data 2' is set on object 'Object Repository/IWP30/Page_VRelay30Emulator/UDF2'

28-08-2024T20:02:18 - [MESSAGE][PASSED] - Text '' is set on object 'Object Repository/IWP30/Page_VRelay30Emulator/UDF3'

28-08-2024T20:02:18 - [MESSAGE][PASSED] - Text '' is set on object 'Object Repository/IWP30/Page_VRelay30Emulator/UDF4'

28-08-2024T20:02:19 - [MESSAGE][PASSED] - Text '' is set on object 'Object Repository/IWP30/Page_VRelay30Emulator/UDF5'

28-08-2024T20:02:21 - [MESSAGE][PASSED] - Text '' is set on object 'Object Repository/IWP30/Page_VRelay30Emulator/UDF6'

28-08-2024T20:02:22 - [MESSAGE][PASSED] - Text '' is set on object 'Object Repository/IWP30/Page_VRelay30Emulator/UDF7'

28-08-2024T20:02:23 - [MESSAGE][PASSED] - Text '' is set on object 'Object Repository/IWP30/Page_VRelay30Emulator/UDF8'

28-08-2024T20:02:23 - [MESSAGE][PASSED] - Text '' is set on object 'Object Repository/IWP30/Page_VRelay30Emulator/UDF9'

28-08-2024T20:02:24 - [MESSAGE][PASSED] - Text '' is set on object 'Object Repository/IWP30/Page_VRelay30Emulator/UDF10'

28-08-2024T20:02:25 - [MESSAGE][PASSED] - Object: 'Object Repository/IWP30/Page_VRelay30Emulator/Submit' is clicked on

28-08-2024T20:02:29 - [MESSAGE][PASSED] - Browser is closed

28-08-2024T20:02:33 - [MESSAGE][PASSED] - iwpPages.emulatorIWP30.setDataEmulator_DD is PASSED

28-08-2024T20:02:33 - [TEST_STEP][PASSED] - testHarnessURL = urlTestHarness: null

28-08-2024T20:02:33 - [TEST_STEP][PASSED] - openBrowser(testHarnessURL): Browser is opened with url: 'https://dev-algorithm.govolution.com/vrelaytest/QA2/version_2_2/vrelaytest.html'

28-08-2024T20:02:33 - [MESSAGE][INFO] - Starting 'Edge Chromium' driver

28-08-2024T20:02:33 - [MESSAGE][INFO] - User set preference: ['acceptInsecureCerts', 'true']

28-08-2024T20:02:36 - [MESSAGE][INFO] - Action delay is set to 0 milliseconds

28-08-2024T20:02:41 - [MESSAGE][PASSED] - Browser is opened with url: 'https://dev-algorithm.govolution.com/vrelaytest/QA2/version_2_2/vrelaytest.html'

28-08-2024T20:02:41 - [TEST_STEP][PASSED] - maximizeWindow(): Current window maximized

28-08-2024T20:02:43 - [MESSAGE][PASSED] - Current window maximized

28-08-2024T20:02:43 - [TEST_STEP][PASSED] - iwpPages.TestHarnessPage.setDataMethod(row, dataFile): iwpPages.TestHarnessPage.setDataMethod is PASSED

28-08-2024T20:02:43 - [MESSAGE][PASSED] - Object 'Object Repository/IWP30/Page_QATestHarness/RemittanceID' is present

28-08-2024T20:02:44 - [MESSAGE][PASSED] - Text '652' is set on object 'Object Repository/IWP30/Page_QATestHarness/ApplicationID'

28-08-2024T20:02:45 - [MESSAGE][PASSED] - Text '2.5' is set on object 'Object Repository/IWP30/Page_QATestHarness/MessageVersion'

28-08-2024T20:02:45 - [MESSAGE][PASSED] - Text 'bKRF3Z0St4D3' is set on object 'Object Repository/IWP30/Page_QATestHarness/RemittanceID'

28-08-2024T20:02:50 - [MESSAGE][PASSED] - Object: 'Object Repository/IWP30/Page_QATestHarness/SubmitButton' is clicked on

28-08-2024T20:02:50 - [MESSAGE][PASSED] - iwpPages.TestHarnessPage.setDataMethod is PASSED

28-08-2024T20:02:50 - [TEST_STEP][PASSED] - click(findTestObject("Object Repository/IWP30/Page_SelectPaymentMethod/PayByPersonalCheck")): Object: 'Object Repository/IWP30/Page_SelectPaymentMethod/PayByPersonalCheck' is clicked on

28-08-2024T20:02:50 - [MESSAGE][PASSED] - Object: 'Object Repository/IWP30/Page_SelectPaymentMethod/PayByPersonalCheck' is clicked on

28-08-2024T20:02:50 - [TEST_STEP][PASSED] - click(findTestObject("Object Repository/IWP30/Page_SelectPaymentMethod/MakePaymentButton")): Object: 'Object Repository/IWP30/Page_SelectPaymentMethod/MakePaymentButton' is clicked on

28-08-2024T20:02:53 - [MESSAGE][PASSED] - Object: 'Object Repository/IWP30/Page_SelectPaymentMethod/MakePaymentButton' is clicked on

28-08-2024T20:02:53 - [TEST_STEP][PASSED] - iwpPages.achPersonalPaymentEntryPage.setDataACHPPM(row, dataFile): iwpPages.achPersonalPaymentEntryPage.setDataACHPPM is PASSED

28-08-2024T20:02:53 - [MESSAGE][PASSED] - Object 'Object Repository/IWP30/Page_ACHPersonalPaymentEntry/txt_accountNumber' is present

28-08-2024T20:02:55 - [MESSAGE][PASSED] - Text '11.50' is set on object 'Object Repository/IWP30/Page_ACHPersonalPaymentEntry/txt_Amount'

28-08-2024T20:02:56 - [MESSAGE][PASSED] - Object 'Object Repository/IWP30/Page_ACHPersonalPaymentEntry/txt_UDF2' is present

28-08-2024T20:02:56 - [MESSAGE][PASSED] - Object 'Object Repository/IWP30/Page_ACHPersonalPaymentEntry/txt_Firstname' is present

28-08-2024T20:02:57 - [MESSAGE][PASSED] - Text 'Elizath' is set on object 'Object Repository/IWP30/Page_ACHPersonalPaymentEntry/txt_Firstname'

28-08-2024T20:02:57 - [MESSAGE][PASSED] - Object 'Object Repository/IWP30/Page_ACHPersonalPaymentEntry/txt_Lastname' is present

28-08-2024T20:02:58 - [MESSAGE][PASSED] - Text 'Christine' is set on object 'Object Repository/IWP30/Page_ACHPersonalPaymentEntry/txt_Lastname'

28-08-2024T20:02:58 - [MESSAGE][PASSED] - Object 'Object Repository/IWP30/Page_ACHPersonalPaymentEntry/txt_routingNumber' is present

28-08-2024T20:02:59 - [MESSAGE][PASSED] - Text '256072691' is set on object 'Object Repository/IWP30/Page_ACHPersonalPaymentEntry/txt_routingNumber'

28-08-2024T20:02:59 - [MESSAGE][PASSED] - Object 'Object Repository/IWP30/Page_ACHPersonalPaymentEntry/txt_accountNumber' is present

28-08-2024T20:03:00 - [MESSAGE][PASSED] - Text '12344444' is set on object 'Object Repository/IWP30/Page_ACHPersonalPaymentEntry/txt_accountNumber'

28-08-2024T20:03:02 - [MESSAGE][PASSED] - Object 'Object Repository/IWP30/Page_ACHPersonalPaymentEntry/txt_confirmAccountNumber' is present

28-08-2024T20:03:03 - [MESSAGE][PASSED] - Text '12344444' is set on object 'Object Repository/IWP30/Page_ACHPersonalPaymentEntry/txt_confirmAccountNumber'

28-08-2024T20:03:03 - [MESSAGE][PASSED] - Object 'Object Repository/IWP30/Page_ACHPersonalPaymentEntry/rd_accountType' is present

28-08-2024T20:03:03 - [MESSAGE][PASSED] - Modify property of object successfully

28-08-2024T20:03:04 - [MESSAGE][PASSED] - Object: 'Object Repository/IWP30/Page_ACHPersonalPaymentEntry/rd_accountType' is clicked on

28-08-2024T20:03:04 - [MESSAGE][PASSED] - Object 'Object Repository/IWP30/Page_ACHPersonalPaymentEntry/txt_Email' is present

28-08-2024T20:03:04 - [MESSAGE][PASSED] - Text 'iahmed@govolution.com' is set on object 'Object Repository/IWP30/Page_ACHPersonalPaymentEntry/txt_Email'

28-08-2024T20:03:05 - [MESSAGE][PASSED] - Object 'Object Repository/IWP30/Page_ACHPersonalPaymentEntry/cb_TermsAndCond' is present

28-08-2024T20:03:05 - [MESSAGE][PASSED] - Object: 'Object Repository/IWP30/Page_ACHPersonalPaymentEntry/cb_TermsAndCond' is clicked on

28-08-2024T20:03:05 - [MESSAGE][PASSED] - Object 'Object Repository/IWP30/Page_ACHPersonalPaymentEntry/btn_Continue' is present

28-08-2024T20:03:09 - [MESSAGE][PASSED] - Object: 'Object Repository/IWP30/Page_ACHPersonalPaymentEntry/btn_Continue' is clicked on

28-08-2024T20:03:09 - [MESSAGE][PASSED] - iwpPages.achPersonalPaymentEntryPage.setDataACHPPM is PASSED

28-08-2024T20:03:09 - [TEST_STEP][PASSED] - Thread.sleep(10000): null

28-08-2024T20:03:19 - [TEST_STEP][PASSED] - if (verifyTextPresent("Payment amounts more than 10.50 are not accepted", false)): null

28-08-2024T20:03:19 - [MESSAGE][PASSED] - Text 'Payment amounts more than 10.50 are not accepted' is present on page 

28-08-2024T20:03:19 - [TEST_STEP][PASSED] - println("Over Pay Error message shown"): null

28-08-2024T20:03:19 - [TEST_STEP][PASSED] - markPassed("Over Pay Error message shown"): Over Pay Error message shown

28-08-2024T20:03:19 - [MESSAGE][PASSED] - Over Pay Error message shown

28-08-2024T20:03:19 - [TEST_STEP][PASSED] - resText = "Pass": null

28-08-2024T20:03:19 - [TEST_STEP][PASSED] - pages.WriteExcel.demoKey(resText, datText, resColumn, datCloumn, fileLoc, nameSheet, row): pages.WriteExcel.demoKey is PASSED

28-08-2024T20:03:19 - [MESSAGE][PASSED] - pages.WriteExcel.demoKey is PASSED

28-08-2024T20:03:19 - [TEST_STEP][PASSED] - closeBrowser(): Browser is closed

28-08-2024T20:03:19 - [MESSAGE][PASSED] - Browser is closed]]></system-out>
         <system-err><![CDATA[]]></system-err>
      </testcase>
      <testcase name="Test Cases/IntegratedWeb/IWP25/Error/NoOverPayErrorPS" time="84.515" classname="Test Cases/IntegratedWeb/IWP25/Error/NoOverPayErrorPS" status="PASSED">
         <system-out><![CDATA[28-08-2024T20:03:19 - [TEST_CASE][PASSED] - Test Cases/IntegratedWeb/IWP25/Error/NoOverPayErrorPS: Test Cases/IntegratedWeb/IWP25/Error/NoOverPayErrorPS

28-08-2024T20:03:20 - [TEST_STEP][PASSED] - resText = "Fail": null

28-08-2024T20:03:20 - [TEST_STEP][PASSED] - resColumn = "Result": null

28-08-2024T20:03:20 - [TEST_STEP][PASSED] - datCloumn = "Date": null

28-08-2024T20:03:20 - [TEST_STEP][PASSED] - fileLoc = "KatalonData/IWPTestData/VRelay25Payments.xlsx": null

28-08-2024T20:03:20 - [TEST_STEP][PASSED] - numOfRows = <not implemented yet for class: org.codehaus.groovy.ast.expr.EmptyExpression>: null

28-08-2024T20:03:20 - [TEST_STEP][PASSED] - dataFile = <not implemented yet for class: org.codehaus.groovy.ast.expr.EmptyExpression>: null

28-08-2024T20:03:20 - [TEST_STEP][PASSED] - nameSheet = <not implemented yet for class: org.codehaus.groovy.ast.expr.EmptyExpression>: null

28-08-2024T20:03:20 - [TEST_STEP][PASSED] - dataFileEmulator = <not implemented yet for class: org.codehaus.groovy.ast.expr.EmptyExpression>: null

28-08-2024T20:03:20 - [TEST_STEP][PASSED] - nameSheet = "NoOverPayErrorPS": null

28-08-2024T20:03:20 - [TEST_STEP][PASSED] - dataFile = "IWPTestData/IWP25NoOverPayErrorPS": null

28-08-2024T20:03:20 - [TEST_STEP][PASSED] - dataFileEmulator = "IWPTestData/EmulatorData": null

28-08-2024T20:03:20 - [TEST_STEP][PASSED] - numOfRows = findTestData(dataFile).getRowNumbers(): null

28-08-2024T20:03:20 - [TEST_STEP][PASSED] - println("Number of Records: " + numOfRows): null

28-08-2024T20:03:20 - [TEST_STEP][PASSED] - for ([row = 1, row <= numOfRows, (row++)]): Browser is closed

28-08-2024T20:03:20 - [TEST_STEP][PASSED] - ExecuteTC = findTestData(dataFile).getValue("Execute", row): null

28-08-2024T20:03:20 - [TEST_STEP][PASSED] - out.println("Value of Execute is : " + ExecuteTC): null

28-08-2024T20:03:20 - [TEST_STEP][PASSED] - if (ExecuteTC.equalsIgnoreCase("Y")): null

28-08-2024T20:03:20 - [TEST_STEP][PASSED] - out.println("Begin Record Number: " + row): null

28-08-2024T20:03:20 - [TEST_STEP][PASSED] - today = new java.util.Date(): null

28-08-2024T20:03:20 - [TEST_STEP][PASSED] - println(today): null

28-08-2024T20:03:20 - [TEST_STEP][PASSED] - datText = today: null

28-08-2024T20:03:20 - [TEST_STEP][PASSED] - EmulatorDataKey = findTestData(dataFile).getValue("EmulatorData", row): null

28-08-2024T20:03:20 - [TEST_STEP][PASSED] - out.println("Value of Emulator Key is : " + EmulatorDataKey): null

28-08-2024T20:03:20 - [TEST_STEP][PASSED] - iwpPages.emulatorIWP30.setDataEmulator_DD(EmulatorDataKey): iwpPages.emulatorIWP30.setDataEmulator_DD is PASSED

28-08-2024T20:03:20 - [MESSAGE][INFO] - Starting 'Edge Chromium' driver

28-08-2024T20:03:20 - [MESSAGE][INFO] - User set preference: ['acceptInsecureCerts', 'true']

28-08-2024T20:03:23 - [MESSAGE][INFO] - Action delay is set to 0 milliseconds

28-08-2024T20:03:28 - [MESSAGE][PASSED] - Browser is opened with url: 'https://qa2.velocitypayment.com/agency/config.do?action=editor&message_version=2_5'

28-08-2024T20:03:28 - [MESSAGE][PASSED] - Current window maximized

28-08-2024T20:03:29 - [MESSAGE][PASSED] - All options with value '2.5' are selected in object 'Object Repository/IWP30/Page_VRelay30Emulator/MV'  using regular expression

28-08-2024T20:03:30 - [MESSAGE][PASSED] - Text '10.50' is set on object 'Object Repository/IWP30/Page_VRelay30Emulator/Amount'

28-08-2024T20:03:31 - [MESSAGE][PASSED] - Text '26413414' is set on object 'Object Repository/IWP30/Page_VRelay30Emulator/CAN'

28-08-2024T20:03:31 - [MESSAGE][PASSED] - Text 'PayNow' is set on object 'Object Repository/IWP30/Page_VRelay30Emulator/Action'

28-08-2024T20:03:32 - [MESSAGE][PASSED] - Text 'en_US' is set on object 'Object Repository/IWP30/Page_VRelay30Emulator/Lang'

28-08-2024T20:03:35 - [MESSAGE][PASSED] - Text 'Curlonty' is set on object 'Object Repository/IWP30/Page_VRelay30Emulator/Fname'

28-08-2024T20:03:35 - [MESSAGE][PASSED] - Text 'Lachuga' is set on object 'Object Repository/IWP30/Page_VRelay30Emulator/Lname'

28-08-2024T20:03:36 - [MESSAGE][PASSED] - Text '258 Underwood rd' is set on object 'Object Repository/IWP30/Page_VRelay30Emulator/AL1'

28-08-2024T20:03:37 - [MESSAGE][PASSED] - Text 'Suite 600' is set on object 'Object Repository/IWP30/Page_VRelay30Emulator/AL2'

28-08-2024T20:03:37 - [MESSAGE][PASSED] - Text '840' is set on object 'Object Repository/IWP30/Page_VRelay30Emulator/Country'

28-08-2024T20:03:38 - [MESSAGE][PASSED] - Text 'Arlington' is set on object 'Object Repository/IWP30/Page_VRelay30Emulator/City'

28-08-2024T20:03:39 - [MESSAGE][PASSED] - Text 'VA' is set on object 'Object Repository/IWP30/Page_VRelay30Emulator/State'

28-08-2024T20:03:41 - [MESSAGE][PASSED] - Text '22201' is set on object 'Object Repository/IWP30/Page_VRelay30Emulator/ZIP'

28-08-2024T20:03:42 - [MESSAGE][PASSED] - Text '' is set on object 'Object Repository/IWP30/Page_VRelay30Emulator/Order'

28-08-2024T20:03:42 - [MESSAGE][PASSED] - Text '' is set on object 'Object Repository/IWP30/Page_VRelay30Emulator/Company'

28-08-2024T20:03:43 - [MESSAGE][PASSED] - Text '' is set on object 'Object Repository/IWP30/Page_VRelay30Emulator/Email'

28-08-2024T20:03:44 - [MESSAGE][PASSED] - Text 'udf data 1' is set on object 'Object Repository/IWP30/Page_VRelay30Emulator/UDF1'

28-08-2024T20:03:44 - [MESSAGE][PASSED] - Text 'udf data 2' is set on object 'Object Repository/IWP30/Page_VRelay30Emulator/UDF2'

28-08-2024T20:03:45 - [MESSAGE][PASSED] - Text '' is set on object 'Object Repository/IWP30/Page_VRelay30Emulator/UDF3'

28-08-2024T20:03:45 - [MESSAGE][PASSED] - Text '' is set on object 'Object Repository/IWP30/Page_VRelay30Emulator/UDF4'

28-08-2024T20:03:47 - [MESSAGE][PASSED] - Text '' is set on object 'Object Repository/IWP30/Page_VRelay30Emulator/UDF5'

28-08-2024T20:03:48 - [MESSAGE][PASSED] - Text '' is set on object 'Object Repository/IWP30/Page_VRelay30Emulator/UDF6'

28-08-2024T20:03:49 - [MESSAGE][PASSED] - Text '' is set on object 'Object Repository/IWP30/Page_VRelay30Emulator/UDF7'

28-08-2024T20:03:49 - [MESSAGE][PASSED] - Text '' is set on object 'Object Repository/IWP30/Page_VRelay30Emulator/UDF8'

28-08-2024T20:03:50 - [MESSAGE][PASSED] - Text '' is set on object 'Object Repository/IWP30/Page_VRelay30Emulator/UDF9'

28-08-2024T20:03:51 - [MESSAGE][PASSED] - Text '' is set on object 'Object Repository/IWP30/Page_VRelay30Emulator/UDF10'

28-08-2024T20:03:52 - [MESSAGE][PASSED] - Object: 'Object Repository/IWP30/Page_VRelay30Emulator/Submit' is clicked on

28-08-2024T20:03:56 - [MESSAGE][PASSED] - Browser is closed

28-08-2024T20:04:00 - [MESSAGE][PASSED] - iwpPages.emulatorIWP30.setDataEmulator_DD is PASSED

28-08-2024T20:04:00 - [TEST_STEP][PASSED] - testHarnessURL = urlTestHarness: null

28-08-2024T20:04:00 - [TEST_STEP][PASSED] - openBrowser(testHarnessURL): Browser is opened with url: 'https://dev-algorithm.govolution.com/vrelaytest/QA2/version_2_2/vrelaytest.html'

28-08-2024T20:04:00 - [MESSAGE][INFO] - Starting 'Edge Chromium' driver

28-08-2024T20:04:00 - [MESSAGE][INFO] - User set preference: ['acceptInsecureCerts', 'true']

28-08-2024T20:04:03 - [MESSAGE][INFO] - Action delay is set to 0 milliseconds

28-08-2024T20:04:08 - [MESSAGE][PASSED] - Browser is opened with url: 'https://dev-algorithm.govolution.com/vrelaytest/QA2/version_2_2/vrelaytest.html'

28-08-2024T20:04:08 - [TEST_STEP][PASSED] - maximizeWindow(): Current window maximized

28-08-2024T20:04:08 - [MESSAGE][PASSED] - Current window maximized

28-08-2024T20:04:08 - [TEST_STEP][PASSED] - iwpPages.TestHarnessPage.setDataMethod(row, dataFile): iwpPages.TestHarnessPage.setDataMethod is PASSED

28-08-2024T20:04:09 - [MESSAGE][PASSED] - Object 'Object Repository/IWP30/Page_QATestHarness/RemittanceID' is present

28-08-2024T20:04:09 - [MESSAGE][PASSED] - Text '652' is set on object 'Object Repository/IWP30/Page_QATestHarness/ApplicationID'

28-08-2024T20:04:10 - [MESSAGE][PASSED] - Text '2.5' is set on object 'Object Repository/IWP30/Page_QATestHarness/MessageVersion'

28-08-2024T20:04:11 - [MESSAGE][PASSED] - Text 'gBQGQ1MqFTXs' is set on object 'Object Repository/IWP30/Page_QATestHarness/RemittanceID'

28-08-2024T20:04:14 - [MESSAGE][PASSED] - Object: 'Object Repository/IWP30/Page_QATestHarness/SubmitButton' is clicked on

28-08-2024T20:04:14 - [MESSAGE][PASSED] - iwpPages.TestHarnessPage.setDataMethod is PASSED

28-08-2024T20:04:14 - [TEST_STEP][PASSED] - click(findTestObject("Object Repository/IWP30/Page_SelectPaymentMethod/PayByPersonalCheck")): Object: 'Object Repository/IWP30/Page_SelectPaymentMethod/PayByPersonalCheck' is clicked on

28-08-2024T20:04:15 - [MESSAGE][PASSED] - Object: 'Object Repository/IWP30/Page_SelectPaymentMethod/PayByPersonalCheck' is clicked on

28-08-2024T20:04:15 - [TEST_STEP][PASSED] - click(findTestObject("Object Repository/IWP30/Page_SelectPaymentMethod/MakePaymentButton")): Object: 'Object Repository/IWP30/Page_SelectPaymentMethod/MakePaymentButton' is clicked on

28-08-2024T20:04:18 - [MESSAGE][PASSED] - Object: 'Object Repository/IWP30/Page_SelectPaymentMethod/MakePaymentButton' is clicked on

28-08-2024T20:04:18 - [TEST_STEP][PASSED] - iwpPages.achPersonalPaymentEntryPage.setDataACHPPM(row, dataFile): iwpPages.achPersonalPaymentEntryPage.setDataACHPPM is PASSED

28-08-2024T20:04:19 - [MESSAGE][PASSED] - Object 'Object Repository/IWP30/Page_ACHPersonalPaymentEntry/txt_accountNumber' is present

28-08-2024T20:04:20 - [MESSAGE][PASSED] - Text '11.50' is set on object 'Object Repository/IWP30/Page_ACHPersonalPaymentEntry/txt_Amount'

28-08-2024T20:04:21 - [MESSAGE][PASSED] - Object 'Object Repository/IWP30/Page_ACHPersonalPaymentEntry/txt_UDF2' is present

28-08-2024T20:04:21 - [MESSAGE][PASSED] - Object 'Object Repository/IWP30/Page_ACHPersonalPaymentEntry/txt_Firstname' is present

28-08-2024T20:04:22 - [MESSAGE][PASSED] - Text 'Elizath' is set on object 'Object Repository/IWP30/Page_ACHPersonalPaymentEntry/txt_Firstname'

28-08-2024T20:04:22 - [MESSAGE][PASSED] - Object 'Object Repository/IWP30/Page_ACHPersonalPaymentEntry/txt_Lastname' is present

28-08-2024T20:04:23 - [MESSAGE][PASSED] - Text 'Christine' is set on object 'Object Repository/IWP30/Page_ACHPersonalPaymentEntry/txt_Lastname'

28-08-2024T20:04:23 - [MESSAGE][PASSED] - Object 'Object Repository/IWP30/Page_ACHPersonalPaymentEntry/txt_routingNumber' is present

28-08-2024T20:04:24 - [MESSAGE][PASSED] - Text '256072691' is set on object 'Object Repository/IWP30/Page_ACHPersonalPaymentEntry/txt_routingNumber'

28-08-2024T20:04:24 - [MESSAGE][PASSED] - Object 'Object Repository/IWP30/Page_ACHPersonalPaymentEntry/txt_accountNumber' is present

28-08-2024T20:04:25 - [MESSAGE][PASSED] - Text '12344444' is set on object 'Object Repository/IWP30/Page_ACHPersonalPaymentEntry/txt_accountNumber'

28-08-2024T20:04:26 - [MESSAGE][PASSED] - Object 'Object Repository/IWP30/Page_ACHPersonalPaymentEntry/txt_confirmAccountNumber' is present

28-08-2024T20:04:28 - [MESSAGE][PASSED] - Text '12344444' is set on object 'Object Repository/IWP30/Page_ACHPersonalPaymentEntry/txt_confirmAccountNumber'

28-08-2024T20:04:28 - [MESSAGE][PASSED] - Object 'Object Repository/IWP30/Page_ACHPersonalPaymentEntry/rd_accountType' is present

28-08-2024T20:04:28 - [MESSAGE][PASSED] - Modify property of object successfully

28-08-2024T20:04:29 - [MESSAGE][PASSED] - Object: 'Object Repository/IWP30/Page_ACHPersonalPaymentEntry/rd_accountType' is clicked on

28-08-2024T20:04:29 - [MESSAGE][PASSED] - Object 'Object Repository/IWP30/Page_ACHPersonalPaymentEntry/txt_Email' is present

28-08-2024T20:04:30 - [MESSAGE][PASSED] - Text 'iahmed@govolution.com' is set on object 'Object Repository/IWP30/Page_ACHPersonalPaymentEntry/txt_Email'

28-08-2024T20:04:30 - [MESSAGE][PASSED] - Object 'Object Repository/IWP30/Page_ACHPersonalPaymentEntry/cb_TermsAndCond' is present

28-08-2024T20:04:30 - [MESSAGE][PASSED] - Object: 'Object Repository/IWP30/Page_ACHPersonalPaymentEntry/cb_TermsAndCond' is clicked on

28-08-2024T20:04:30 - [MESSAGE][PASSED] - Object 'Object Repository/IWP30/Page_ACHPersonalPaymentEntry/btn_Continue' is present

28-08-2024T20:04:33 - [MESSAGE][PASSED] - Object: 'Object Repository/IWP30/Page_ACHPersonalPaymentEntry/btn_Continue' is clicked on

28-08-2024T20:04:33 - [MESSAGE][PASSED] - iwpPages.achPersonalPaymentEntryPage.setDataACHPPM is PASSED

28-08-2024T20:04:33 - [TEST_STEP][PASSED] - Thread.sleep(10000): null

28-08-2024T20:04:43 - [TEST_STEP][PASSED] - if (verifyTextPresent("Payment amounts more than 10.50 are not accepted", false)): null

28-08-2024T20:04:43 - [MESSAGE][PASSED] - Text 'Payment amounts more than 10.50 are not accepted' is present on page 

28-08-2024T20:04:43 - [TEST_STEP][PASSED] - println("Over Pay Error message shown"): null

28-08-2024T20:04:43 - [TEST_STEP][PASSED] - markPassed("Over Pay Error message shown"): Over Pay Error message shown

28-08-2024T20:04:43 - [MESSAGE][PASSED] - Over Pay Error message shown

28-08-2024T20:04:43 - [TEST_STEP][PASSED] - resText = "Pass": null

28-08-2024T20:04:43 - [TEST_STEP][PASSED] - pages.WriteExcel.demoKey(resText, datText, resColumn, datCloumn, fileLoc, nameSheet, row): pages.WriteExcel.demoKey is PASSED

28-08-2024T20:04:43 - [MESSAGE][PASSED] - pages.WriteExcel.demoKey is PASSED

28-08-2024T20:04:43 - [TEST_STEP][PASSED] - closeBrowser(): Browser is closed

28-08-2024T20:04:44 - [MESSAGE][PASSED] - Browser is closed]]></system-out>
         <system-err><![CDATA[]]></system-err>
      </testcase>
      <testcase name="Test Cases/IntegratedWeb/IWP25/Error/NoUnderPayErrorCorp" time="88.209" classname="Test Cases/IntegratedWeb/IWP25/Error/NoUnderPayErrorCorp" status="PASSED">
         <system-out><![CDATA[28-08-2024T20:04:44 - [TEST_CASE][PASSED] - Test Cases/IntegratedWeb/IWP25/Error/NoUnderPayErrorCorp: Test Cases/IntegratedWeb/IWP25/Error/NoUnderPayErrorCorp

28-08-2024T20:04:44 - [TEST_STEP][PASSED] - resText = "Fail": null

28-08-2024T20:04:44 - [TEST_STEP][PASSED] - resColumn = "Result": null

28-08-2024T20:04:44 - [TEST_STEP][PASSED] - datCloumn = "Date": null

28-08-2024T20:04:44 - [TEST_STEP][PASSED] - fileLoc = "KatalonData/IWPTestData/VRelay25Payments.xlsx": null

28-08-2024T20:04:44 - [TEST_STEP][PASSED] - numOfRows = <not implemented yet for class: org.codehaus.groovy.ast.expr.EmptyExpression>: null

28-08-2024T20:04:44 - [TEST_STEP][PASSED] - dataFile = <not implemented yet for class: org.codehaus.groovy.ast.expr.EmptyExpression>: null

28-08-2024T20:04:44 - [TEST_STEP][PASSED] - nameSheet = <not implemented yet for class: org.codehaus.groovy.ast.expr.EmptyExpression>: null

28-08-2024T20:04:44 - [TEST_STEP][PASSED] - dataFileEmulator = <not implemented yet for class: org.codehaus.groovy.ast.expr.EmptyExpression>: null

28-08-2024T20:04:44 - [TEST_STEP][PASSED] - nameSheet = "NoUnderPayErrorCorp": null

28-08-2024T20:04:44 - [TEST_STEP][PASSED] - dataFile = "IWPTestData/IWP25NoUnderPayErrorCorp": null

28-08-2024T20:04:44 - [TEST_STEP][PASSED] - dataFileEmulator = "IWPTestData/EmulatorData": null

28-08-2024T20:04:44 - [TEST_STEP][PASSED] - numOfRows = findTestData(dataFile).getRowNumbers(): null

28-08-2024T20:04:44 - [TEST_STEP][PASSED] - println("Number of Records: " + numOfRows): null

28-08-2024T20:04:44 - [TEST_STEP][PASSED] - for ([row = 1, row <= numOfRows, (row++)]): Browser is closed

28-08-2024T20:04:44 - [TEST_STEP][PASSED] - ExecuteTC = findTestData(dataFile).getValue("Execute", row): null

28-08-2024T20:04:44 - [TEST_STEP][PASSED] - out.println("Value of Execute is : " + ExecuteTC): null

28-08-2024T20:04:44 - [TEST_STEP][PASSED] - if (ExecuteTC.equalsIgnoreCase("Y")): null

28-08-2024T20:04:44 - [TEST_STEP][PASSED] - out.println("Begin Record Number: " + row): null

28-08-2024T20:04:44 - [TEST_STEP][PASSED] - today = new java.util.Date(): null

28-08-2024T20:04:44 - [TEST_STEP][PASSED] - println(today): null

28-08-2024T20:04:44 - [TEST_STEP][PASSED] - datText = today: null

28-08-2024T20:04:44 - [TEST_STEP][PASSED] - EmulatorDataKey = findTestData(dataFile).getValue("EmulatorData", row): null

28-08-2024T20:04:44 - [TEST_STEP][PASSED] - out.println("Value of Emulator Key is : " + EmulatorDataKey): null

28-08-2024T20:04:44 - [TEST_STEP][PASSED] - iwpPages.emulatorIWP30.setDataEmulator_DD(EmulatorDataKey): iwpPages.emulatorIWP30.setDataEmulator_DD is PASSED

28-08-2024T20:04:46 - [MESSAGE][INFO] - Starting 'Edge Chromium' driver

28-08-2024T20:04:46 - [MESSAGE][INFO] - User set preference: ['acceptInsecureCerts', 'true']

28-08-2024T20:04:49 - [MESSAGE][INFO] - Action delay is set to 0 milliseconds

28-08-2024T20:04:55 - [MESSAGE][PASSED] - Browser is opened with url: 'https://qa2.velocitypayment.com/agency/config.do?action=editor&message_version=2_5'

28-08-2024T20:04:55 - [MESSAGE][PASSED] - Current window maximized

28-08-2024T20:04:57 - [MESSAGE][PASSED] - All options with value '2.5' are selected in object 'Object Repository/IWP30/Page_VRelay30Emulator/MV'  using regular expression

28-08-2024T20:04:58 - [MESSAGE][PASSED] - Text '10.50' is set on object 'Object Repository/IWP30/Page_VRelay30Emulator/Amount'

28-08-2024T20:04:58 - [MESSAGE][PASSED] - Text '26413414' is set on object 'Object Repository/IWP30/Page_VRelay30Emulator/CAN'

28-08-2024T20:04:59 - [MESSAGE][PASSED] - Text 'PayNow' is set on object 'Object Repository/IWP30/Page_VRelay30Emulator/Action'

28-08-2024T20:05:00 - [MESSAGE][PASSED] - Text 'en_US' is set on object 'Object Repository/IWP30/Page_VRelay30Emulator/Lang'

28-08-2024T20:05:00 - [MESSAGE][PASSED] - Text 'Curlonty' is set on object 'Object Repository/IWP30/Page_VRelay30Emulator/Fname'

28-08-2024T20:05:02 - [MESSAGE][PASSED] - Text 'Lachuga' is set on object 'Object Repository/IWP30/Page_VRelay30Emulator/Lname'

28-08-2024T20:05:03 - [MESSAGE][PASSED] - Text '258 Underwood rd' is set on object 'Object Repository/IWP30/Page_VRelay30Emulator/AL1'

28-08-2024T20:05:04 - [MESSAGE][PASSED] - Text 'Suite 600' is set on object 'Object Repository/IWP30/Page_VRelay30Emulator/AL2'

28-08-2024T20:05:04 - [MESSAGE][PASSED] - Text '840' is set on object 'Object Repository/IWP30/Page_VRelay30Emulator/Country'

28-08-2024T20:05:05 - [MESSAGE][PASSED] - Text 'Arlington' is set on object 'Object Repository/IWP30/Page_VRelay30Emulator/City'

28-08-2024T20:05:06 - [MESSAGE][PASSED] - Text 'VA' is set on object 'Object Repository/IWP30/Page_VRelay30Emulator/State'

28-08-2024T20:05:06 - [MESSAGE][PASSED] - Text '22201' is set on object 'Object Repository/IWP30/Page_VRelay30Emulator/ZIP'

28-08-2024T20:05:07 - [MESSAGE][PASSED] - Text '' is set on object 'Object Repository/IWP30/Page_VRelay30Emulator/Order'

28-08-2024T20:05:07 - [MESSAGE][PASSED] - Text '' is set on object 'Object Repository/IWP30/Page_VRelay30Emulator/Company'

28-08-2024T20:05:10 - [MESSAGE][PASSED] - Text '' is set on object 'Object Repository/IWP30/Page_VRelay30Emulator/Email'

28-08-2024T20:05:10 - [MESSAGE][PASSED] - Text 'udf data 1' is set on object 'Object Repository/IWP30/Page_VRelay30Emulator/UDF1'

28-08-2024T20:05:11 - [MESSAGE][PASSED] - Text 'udf data 2' is set on object 'Object Repository/IWP30/Page_VRelay30Emulator/UDF2'

28-08-2024T20:05:12 - [MESSAGE][PASSED] - Text '' is set on object 'Object Repository/IWP30/Page_VRelay30Emulator/UDF3'

28-08-2024T20:05:12 - [MESSAGE][PASSED] - Text '' is set on object 'Object Repository/IWP30/Page_VRelay30Emulator/UDF4'

28-08-2024T20:05:13 - [MESSAGE][PASSED] - Text '' is set on object 'Object Repository/IWP30/Page_VRelay30Emulator/UDF5'

28-08-2024T20:05:13 - [MESSAGE][PASSED] - Text '' is set on object 'Object Repository/IWP30/Page_VRelay30Emulator/UDF6'

28-08-2024T20:05:14 - [MESSAGE][PASSED] - Text '' is set on object 'Object Repository/IWP30/Page_VRelay30Emulator/UDF7'

28-08-2024T20:05:16 - [MESSAGE][PASSED] - Text '' is set on object 'Object Repository/IWP30/Page_VRelay30Emulator/UDF8'

28-08-2024T20:05:17 - [MESSAGE][PASSED] - Text '' is set on object 'Object Repository/IWP30/Page_VRelay30Emulator/UDF9'

28-08-2024T20:05:17 - [MESSAGE][PASSED] - Text '' is set on object 'Object Repository/IWP30/Page_VRelay30Emulator/UDF10'

28-08-2024T20:05:19 - [MESSAGE][PASSED] - Object: 'Object Repository/IWP30/Page_VRelay30Emulator/Submit' is clicked on

28-08-2024T20:05:24 - [MESSAGE][PASSED] - Browser is closed

28-08-2024T20:05:28 - [MESSAGE][PASSED] - iwpPages.emulatorIWP30.setDataEmulator_DD is PASSED

28-08-2024T20:05:28 - [TEST_STEP][PASSED] - testHarnessURL = urlTestHarness: null

28-08-2024T20:05:28 - [TEST_STEP][PASSED] - openBrowser(testHarnessURL): Browser is opened with url: 'https://dev-algorithm.govolution.com/vrelaytest/QA2/version_2_2/vrelaytest.html'

28-08-2024T20:05:28 - [MESSAGE][INFO] - Starting 'Edge Chromium' driver

28-08-2024T20:05:28 - [MESSAGE][INFO] - User set preference: ['acceptInsecureCerts', 'true']

28-08-2024T20:05:30 - [MESSAGE][INFO] - Action delay is set to 0 milliseconds

28-08-2024T20:05:37 - [MESSAGE][PASSED] - Browser is opened with url: 'https://dev-algorithm.govolution.com/vrelaytest/QA2/version_2_2/vrelaytest.html'

28-08-2024T20:05:37 - [TEST_STEP][PASSED] - maximizeWindow(): Current window maximized

28-08-2024T20:05:37 - [MESSAGE][PASSED] - Current window maximized

28-08-2024T20:05:37 - [TEST_STEP][PASSED] - iwpPages.TestHarnessPage.setDataMethod(row, dataFile): iwpPages.TestHarnessPage.setDataMethod is PASSED

28-08-2024T20:05:38 - [MESSAGE][PASSED] - Object 'Object Repository/IWP30/Page_QATestHarness/RemittanceID' is present

28-08-2024T20:05:38 - [MESSAGE][PASSED] - Text '653' is set on object 'Object Repository/IWP30/Page_QATestHarness/ApplicationID'

28-08-2024T20:05:39 - [MESSAGE][PASSED] - Text '2.5' is set on object 'Object Repository/IWP30/Page_QATestHarness/MessageVersion'

28-08-2024T20:05:40 - [MESSAGE][PASSED] - Text '98UYC42VMV6x' is set on object 'Object Repository/IWP30/Page_QATestHarness/RemittanceID'

28-08-2024T20:05:44 - [MESSAGE][PASSED] - Object: 'Object Repository/IWP30/Page_QATestHarness/SubmitButton' is clicked on

28-08-2024T20:05:44 - [MESSAGE][PASSED] - iwpPages.TestHarnessPage.setDataMethod is PASSED

28-08-2024T20:05:44 - [TEST_STEP][PASSED] - click(findTestObject("Object Repository/IWP30/Page_SelectPaymentMethod/PayByCorporateCheck")): Object: 'Object Repository/IWP30/Page_SelectPaymentMethod/PayByCorporateCheck' is clicked on

28-08-2024T20:05:44 - [MESSAGE][PASSED] - Object: 'Object Repository/IWP30/Page_SelectPaymentMethod/PayByCorporateCheck' is clicked on

28-08-2024T20:05:44 - [TEST_STEP][PASSED] - click(findTestObject("Object Repository/IWP30/Page_SelectPaymentMethod/MakePaymentButton")): Object: 'Object Repository/IWP30/Page_SelectPaymentMethod/MakePaymentButton' is clicked on

28-08-2024T20:05:47 - [MESSAGE][PASSED] - Object: 'Object Repository/IWP30/Page_SelectPaymentMethod/MakePaymentButton' is clicked on

28-08-2024T20:05:47 - [TEST_STEP][PASSED] - iwpPages.achCorporatePaymentEntryPage.setDataCorporate(row, dataFile): iwpPages.achCorporatePaymentEntryPage.setDataCorporate is PASSED

28-08-2024T20:05:48 - [MESSAGE][PASSED] - Object 'Object Repository/IWP30/Page_ACHCorporatePaymentEntry/txt_accountNumber' is present

28-08-2024T20:05:48 - [MESSAGE][PASSED] - Object 'Object Repository/IWP30/Page_ACHCorporatePaymentEntry/input_CompanyName' is present

28-08-2024T20:05:50 - [MESSAGE][PASSED] - Text 'My Company' is set on object 'Object Repository/IWP30/Page_ACHCorporatePaymentEntry/input_CompanyName'

28-08-2024T20:05:50 - [MESSAGE][PASSED] - Object 'Object Repository/IWP30/Page_ACHCorporatePaymentEntry/input_EIN' is present

28-08-2024T20:05:51 - [MESSAGE][PASSED] - Text '123456789' is set on object 'Object Repository/IWP30/Page_ACHCorporatePaymentEntry/input_EIN'

28-08-2024T20:05:52 - [MESSAGE][PASSED] - Text '9.50' is set on object 'Object Repository/IWP30/Page_ACHCorporatePaymentEntry/txt_Amount'

28-08-2024T20:05:52 - [MESSAGE][PASSED] - Object 'Object Repository/IWP30/Page_ACHCorporatePaymentEntry/txt_routingNumber' is present

28-08-2024T20:05:53 - [MESSAGE][PASSED] - Text '256072691' is set on object 'Object Repository/IWP30/Page_ACHCorporatePaymentEntry/txt_routingNumber'

28-08-2024T20:05:53 - [MESSAGE][PASSED] - Object 'Object Repository/IWP30/Page_ACHCorporatePaymentEntry/txt_accountNumber' is present

28-08-2024T20:05:54 - [MESSAGE][PASSED] - Text '12344444' is set on object 'Object Repository/IWP30/Page_ACHCorporatePaymentEntry/txt_accountNumber'

28-08-2024T20:05:55 - [MESSAGE][PASSED] - Object 'Object Repository/IWP30/Page_ACHCorporatePaymentEntry/txt_confirmAccountNumber' is present

28-08-2024T20:05:57 - [MESSAGE][PASSED] - Text '12344444' is set on object 'Object Repository/IWP30/Page_ACHCorporatePaymentEntry/txt_confirmAccountNumber'

28-08-2024T20:05:57 - [MESSAGE][PASSED] - Object 'Object Repository/IWP30/Page_ACHCorporatePaymentEntry/txt_Email' is present

28-08-2024T20:05:58 - [MESSAGE][PASSED] - Text 'iahmed@govolution.com' is set on object 'Object Repository/IWP30/Page_ACHCorporatePaymentEntry/txt_Email'

28-08-2024T20:05:58 - [MESSAGE][PASSED] - Object 'Object Repository/IWP30/Page_ACHCorporatePaymentEntry/cb_TermsAndCond' is present

28-08-2024T20:05:58 - [MESSAGE][PASSED] - Object: 'Object Repository/IWP30/Page_ACHCorporatePaymentEntry/cb_TermsAndCond' is clicked on

28-08-2024T20:05:59 - [MESSAGE][PASSED] - Object 'Object Repository/IWP30/Page_ACHCorporatePaymentEntry/btn_Continue' is present

28-08-2024T20:06:01 - [MESSAGE][PASSED] - Object: 'Object Repository/IWP30/Page_ACHCorporatePaymentEntry/btn_Continue' is clicked on

28-08-2024T20:06:01 - [MESSAGE][PASSED] - iwpPages.achCorporatePaymentEntryPage.setDataCorporate is PASSED

28-08-2024T20:06:01 - [TEST_STEP][PASSED] - Thread.sleep(10000): null

28-08-2024T20:06:11 - [TEST_STEP][PASSED] - if (verifyTextPresent("Payment amounts less than 10.50 are not accepted", false)): null

28-08-2024T20:06:12 - [MESSAGE][PASSED] - Text 'Payment amounts less than 10.50 are not accepted' is present on page 

28-08-2024T20:06:12 - [TEST_STEP][PASSED] - println("UnderPay Error message shown"): null

28-08-2024T20:06:12 - [TEST_STEP][PASSED] - markPassed("Under Pay Error message shown"): Under Pay Error message shown

28-08-2024T20:06:12 - [MESSAGE][PASSED] - Under Pay Error message shown

28-08-2024T20:06:12 - [TEST_STEP][PASSED] - resText = "Pass": null

28-08-2024T20:06:12 - [TEST_STEP][PASSED] - pages.WriteExcel.demoKey(resText, datText, resColumn, datCloumn, fileLoc, nameSheet, row): pages.WriteExcel.demoKey is PASSED

28-08-2024T20:06:12 - [MESSAGE][PASSED] - pages.WriteExcel.demoKey is PASSED

28-08-2024T20:06:12 - [TEST_STEP][PASSED] - closeBrowser(): Browser is closed

28-08-2024T20:06:12 - [MESSAGE][PASSED] - Browser is closed]]></system-out>
         <system-err><![CDATA[]]></system-err>
      </testcase>
      <testcase name="Test Cases/IntegratedWeb/IWP25/Error/NoUnderPayErrorPC" time="88.527" classname="Test Cases/IntegratedWeb/IWP25/Error/NoUnderPayErrorPC" status="PASSED">
         <system-out><![CDATA[28-08-2024T20:06:12 - [TEST_CASE][PASSED] - Test Cases/IntegratedWeb/IWP25/Error/NoUnderPayErrorPC: Test Cases/IntegratedWeb/IWP25/Error/NoUnderPayErrorPC

28-08-2024T20:06:12 - [TEST_STEP][PASSED] - resText = "Fail": null

28-08-2024T20:06:12 - [TEST_STEP][PASSED] - resColumn = "Result": null

28-08-2024T20:06:12 - [TEST_STEP][PASSED] - datCloumn = "Date": null

28-08-2024T20:06:12 - [TEST_STEP][PASSED] - fileLoc = "KatalonData/IWPTestData/VRelay25Payments.xlsx": null

28-08-2024T20:06:12 - [TEST_STEP][PASSED] - numOfRows = <not implemented yet for class: org.codehaus.groovy.ast.expr.EmptyExpression>: null

28-08-2024T20:06:12 - [TEST_STEP][PASSED] - dataFile = <not implemented yet for class: org.codehaus.groovy.ast.expr.EmptyExpression>: null

28-08-2024T20:06:12 - [TEST_STEP][PASSED] - nameSheet = <not implemented yet for class: org.codehaus.groovy.ast.expr.EmptyExpression>: null

28-08-2024T20:06:12 - [TEST_STEP][PASSED] - dataFileEmulator = <not implemented yet for class: org.codehaus.groovy.ast.expr.EmptyExpression>: null

28-08-2024T20:06:12 - [TEST_STEP][PASSED] - nameSheet = "NoUnderPayErrorPC": null

28-08-2024T20:06:12 - [TEST_STEP][PASSED] - dataFile = "IWPTestData/IWP25NoUnderPayErrorPC": null

28-08-2024T20:06:12 - [TEST_STEP][PASSED] - dataFileEmulator = "IWPTestData/EmulatorData": null

28-08-2024T20:06:12 - [TEST_STEP][PASSED] - numOfRows = findTestData(dataFile).getRowNumbers(): null

28-08-2024T20:06:12 - [TEST_STEP][PASSED] - println("Number of Records: " + numOfRows): null

28-08-2024T20:06:12 - [TEST_STEP][PASSED] - for ([row = 1, row <= numOfRows, (row++)]): Browser is closed

28-08-2024T20:06:12 - [TEST_STEP][PASSED] - ExecuteTC = findTestData(dataFile).getValue("Execute", row): null

28-08-2024T20:06:12 - [TEST_STEP][PASSED] - out.println("Value of Execute is : " + ExecuteTC): null

28-08-2024T20:06:12 - [TEST_STEP][PASSED] - if (ExecuteTC.equalsIgnoreCase("Y")): null

28-08-2024T20:06:12 - [TEST_STEP][PASSED] - out.println("Begin Record Number: " + row): null

28-08-2024T20:06:12 - [TEST_STEP][PASSED] - today = new java.util.Date(): null

28-08-2024T20:06:12 - [TEST_STEP][PASSED] - println(today): null

28-08-2024T20:06:12 - [TEST_STEP][PASSED] - datText = today: null

28-08-2024T20:06:12 - [TEST_STEP][PASSED] - EmulatorDataKey = findTestData(dataFile).getValue("EmulatorData", row): null

28-08-2024T20:06:12 - [TEST_STEP][PASSED] - out.println("Value of Emulator Key is : " + EmulatorDataKey): null

28-08-2024T20:06:12 - [TEST_STEP][PASSED] - iwpPages.emulatorIWP30.setDataEmulator_DD(EmulatorDataKey): iwpPages.emulatorIWP30.setDataEmulator_DD is PASSED

28-08-2024T20:06:13 - [MESSAGE][INFO] - Starting 'Edge Chromium' driver

28-08-2024T20:06:13 - [MESSAGE][INFO] - User set preference: ['acceptInsecureCerts', 'true']

28-08-2024T20:06:16 - [MESSAGE][INFO] - Action delay is set to 0 milliseconds

28-08-2024T20:06:21 - [MESSAGE][PASSED] - Browser is opened with url: 'https://qa2.velocitypayment.com/agency/config.do?action=editor&message_version=2_5'

28-08-2024T20:06:21 - [MESSAGE][PASSED] - Current window maximized

28-08-2024T20:06:22 - [MESSAGE][PASSED] - All options with value '2.5' are selected in object 'Object Repository/IWP30/Page_VRelay30Emulator/MV'  using regular expression

28-08-2024T20:06:23 - [MESSAGE][PASSED] - Text '10.50' is set on object 'Object Repository/IWP30/Page_VRelay30Emulator/Amount'

28-08-2024T20:06:24 - [MESSAGE][PASSED] - Text '26413414' is set on object 'Object Repository/IWP30/Page_VRelay30Emulator/CAN'

28-08-2024T20:06:24 - [MESSAGE][PASSED] - Text 'PayNow' is set on object 'Object Repository/IWP30/Page_VRelay30Emulator/Action'

28-08-2024T20:06:27 - [MESSAGE][PASSED] - Text 'en_US' is set on object 'Object Repository/IWP30/Page_VRelay30Emulator/Lang'

28-08-2024T20:06:28 - [MESSAGE][PASSED] - Text 'Curlonty' is set on object 'Object Repository/IWP30/Page_VRelay30Emulator/Fname'

28-08-2024T20:06:28 - [MESSAGE][PASSED] - Text 'Lachuga' is set on object 'Object Repository/IWP30/Page_VRelay30Emulator/Lname'

28-08-2024T20:06:29 - [MESSAGE][PASSED] - Text '258 Underwood rd' is set on object 'Object Repository/IWP30/Page_VRelay30Emulator/AL1'

28-08-2024T20:06:29 - [MESSAGE][PASSED] - Text 'Suite 600' is set on object 'Object Repository/IWP30/Page_VRelay30Emulator/AL2'

28-08-2024T20:06:30 - [MESSAGE][PASSED] - Text '840' is set on object 'Object Repository/IWP30/Page_VRelay30Emulator/Country'

28-08-2024T20:06:31 - [MESSAGE][PASSED] - Text 'Arlington' is set on object 'Object Repository/IWP30/Page_VRelay30Emulator/City'

28-08-2024T20:06:32 - [MESSAGE][PASSED] - Text 'VA' is set on object 'Object Repository/IWP30/Page_VRelay30Emulator/State'

28-08-2024T20:06:34 - [MESSAGE][PASSED] - Text '22201' is set on object 'Object Repository/IWP30/Page_VRelay30Emulator/ZIP'

28-08-2024T20:06:35 - [MESSAGE][PASSED] - Text '' is set on object 'Object Repository/IWP30/Page_VRelay30Emulator/Order'

28-08-2024T20:06:35 - [MESSAGE][PASSED] - Text '' is set on object 'Object Repository/IWP30/Page_VRelay30Emulator/Company'

28-08-2024T20:06:36 - [MESSAGE][PASSED] - Text '' is set on object 'Object Repository/IWP30/Page_VRelay30Emulator/Email'

28-08-2024T20:06:36 - [MESSAGE][PASSED] - Text 'udf data 1' is set on object 'Object Repository/IWP30/Page_VRelay30Emulator/UDF1'

28-08-2024T20:06:37 - [MESSAGE][PASSED] - Text 'udf data 2' is set on object 'Object Repository/IWP30/Page_VRelay30Emulator/UDF2'

28-08-2024T20:06:38 - [MESSAGE][PASSED] - Text '' is set on object 'Object Repository/IWP30/Page_VRelay30Emulator/UDF3'

28-08-2024T20:06:39 - [MESSAGE][PASSED] - Text '' is set on object 'Object Repository/IWP30/Page_VRelay30Emulator/UDF4'

28-08-2024T20:06:40 - [MESSAGE][PASSED] - Text '' is set on object 'Object Repository/IWP30/Page_VRelay30Emulator/UDF5'

28-08-2024T20:06:41 - [MESSAGE][PASSED] - Text '' is set on object 'Object Repository/IWP30/Page_VRelay30Emulator/UDF6'

28-08-2024T20:06:41 - [MESSAGE][PASSED] - Text '' is set on object 'Object Repository/IWP30/Page_VRelay30Emulator/UDF7'

28-08-2024T20:06:42 - [MESSAGE][PASSED] - Text '' is set on object 'Object Repository/IWP30/Page_VRelay30Emulator/UDF8'

28-08-2024T20:06:43 - [MESSAGE][PASSED] - Text '' is set on object 'Object Repository/IWP30/Page_VRelay30Emulator/UDF9'

28-08-2024T20:06:43 - [MESSAGE][PASSED] - Text '' is set on object 'Object Repository/IWP30/Page_VRelay30Emulator/UDF10'

28-08-2024T20:06:44 - [MESSAGE][PASSED] - Object: 'Object Repository/IWP30/Page_VRelay30Emulator/Submit' is clicked on

28-08-2024T20:06:49 - [MESSAGE][PASSED] - Browser is closed

28-08-2024T20:06:53 - [MESSAGE][PASSED] - iwpPages.emulatorIWP30.setDataEmulator_DD is PASSED

28-08-2024T20:06:53 - [TEST_STEP][PASSED] - testHarnessURL = urlTestHarness: null

28-08-2024T20:06:53 - [TEST_STEP][PASSED] - openBrowser(testHarnessURL): Browser is opened with url: 'https://dev-algorithm.govolution.com/vrelaytest/QA2/version_2_2/vrelaytest.html'

28-08-2024T20:06:53 - [MESSAGE][INFO] - Starting 'Edge Chromium' driver

28-08-2024T20:06:53 - [MESSAGE][INFO] - User set preference: ['acceptInsecureCerts', 'true']

28-08-2024T20:06:56 - [MESSAGE][INFO] - Action delay is set to 0 milliseconds

28-08-2024T20:07:01 - [MESSAGE][PASSED] - Browser is opened with url: 'https://dev-algorithm.govolution.com/vrelaytest/QA2/version_2_2/vrelaytest.html'

28-08-2024T20:07:01 - [TEST_STEP][PASSED] - maximizeWindow(): Current window maximized

28-08-2024T20:07:01 - [MESSAGE][PASSED] - Current window maximized

28-08-2024T20:07:01 - [TEST_STEP][PASSED] - iwpPages.TestHarnessPage.setDataMethod(row, dataFile): iwpPages.TestHarnessPage.setDataMethod is PASSED

28-08-2024T20:07:01 - [MESSAGE][PASSED] - Object 'Object Repository/IWP30/Page_QATestHarness/RemittanceID' is present

28-08-2024T20:07:02 - [MESSAGE][PASSED] - Text '653' is set on object 'Object Repository/IWP30/Page_QATestHarness/ApplicationID'

28-08-2024T20:07:03 - [MESSAGE][PASSED] - Text '2.5' is set on object 'Object Repository/IWP30/Page_QATestHarness/MessageVersion'

28-08-2024T20:07:04 - [MESSAGE][PASSED] - Text 'uoUY6nuKlQF8' is set on object 'Object Repository/IWP30/Page_QATestHarness/RemittanceID'

28-08-2024T20:07:09 - [MESSAGE][PASSED] - Object: 'Object Repository/IWP30/Page_QATestHarness/SubmitButton' is clicked on

28-08-2024T20:07:09 - [MESSAGE][PASSED] - iwpPages.TestHarnessPage.setDataMethod is PASSED

28-08-2024T20:07:09 - [TEST_STEP][PASSED] - click(findTestObject("Object Repository/IWP30/Page_SelectPaymentMethod/PayByPersonalCheck")): Object: 'Object Repository/IWP30/Page_SelectPaymentMethod/PayByPersonalCheck' is clicked on

28-08-2024T20:07:10 - [MESSAGE][PASSED] - Object: 'Object Repository/IWP30/Page_SelectPaymentMethod/PayByPersonalCheck' is clicked on

28-08-2024T20:07:10 - [TEST_STEP][PASSED] - click(findTestObject("Object Repository/IWP30/Page_SelectPaymentMethod/MakePaymentButton")): Object: 'Object Repository/IWP30/Page_SelectPaymentMethod/MakePaymentButton' is clicked on

28-08-2024T20:07:13 - [MESSAGE][PASSED] - Object: 'Object Repository/IWP30/Page_SelectPaymentMethod/MakePaymentButton' is clicked on

28-08-2024T20:07:13 - [TEST_STEP][PASSED] - iwpPages.achPersonalPaymentEntryPage.setDataACHPPM(row, dataFile): iwpPages.achPersonalPaymentEntryPage.setDataACHPPM is PASSED

28-08-2024T20:07:15 - [MESSAGE][PASSED] - Object 'Object Repository/IWP30/Page_ACHPersonalPaymentEntry/txt_accountNumber' is present

28-08-2024T20:07:16 - [MESSAGE][PASSED] - Text '9.50' is set on object 'Object Repository/IWP30/Page_ACHPersonalPaymentEntry/txt_Amount'

28-08-2024T20:07:16 - [MESSAGE][PASSED] - Object 'Object Repository/IWP30/Page_ACHPersonalPaymentEntry/txt_UDF2' is present

28-08-2024T20:07:16 - [MESSAGE][PASSED] - Object 'Object Repository/IWP30/Page_ACHPersonalPaymentEntry/txt_Firstname' is present

28-08-2024T20:07:17 - [MESSAGE][PASSED] - Text 'Elizath' is set on object 'Object Repository/IWP30/Page_ACHPersonalPaymentEntry/txt_Firstname'

28-08-2024T20:07:17 - [MESSAGE][PASSED] - Object 'Object Repository/IWP30/Page_ACHPersonalPaymentEntry/txt_Lastname' is present

28-08-2024T20:07:18 - [MESSAGE][PASSED] - Text 'Christine' is set on object 'Object Repository/IWP30/Page_ACHPersonalPaymentEntry/txt_Lastname'

28-08-2024T20:07:18 - [MESSAGE][PASSED] - Object 'Object Repository/IWP30/Page_ACHPersonalPaymentEntry/txt_routingNumber' is present

28-08-2024T20:07:19 - [MESSAGE][PASSED] - Text '256072691' is set on object 'Object Repository/IWP30/Page_ACHPersonalPaymentEntry/txt_routingNumber'

28-08-2024T20:07:20 - [MESSAGE][PASSED] - Object 'Object Repository/IWP30/Page_ACHPersonalPaymentEntry/txt_accountNumber' is present

28-08-2024T20:07:21 - [MESSAGE][PASSED] - Text '12344444' is set on object 'Object Repository/IWP30/Page_ACHPersonalPaymentEntry/txt_accountNumber'

28-08-2024T20:07:22 - [MESSAGE][PASSED] - Object 'Object Repository/IWP30/Page_ACHPersonalPaymentEntry/txt_confirmAccountNumber' is present

28-08-2024T20:07:22 - [MESSAGE][PASSED] - Text '12344444' is set on object 'Object Repository/IWP30/Page_ACHPersonalPaymentEntry/txt_confirmAccountNumber'

28-08-2024T20:07:23 - [MESSAGE][PASSED] - Object 'Object Repository/IWP30/Page_ACHPersonalPaymentEntry/rd_accountType' is present

28-08-2024T20:07:23 - [MESSAGE][PASSED] - Modify property of object successfully

28-08-2024T20:07:23 - [MESSAGE][PASSED] - Object: 'Object Repository/IWP30/Page_ACHPersonalPaymentEntry/rd_accountType' is clicked on

28-08-2024T20:07:23 - [MESSAGE][PASSED] - Object 'Object Repository/IWP30/Page_ACHPersonalPaymentEntry/txt_Email' is present

28-08-2024T20:07:24 - [MESSAGE][PASSED] - Text 'iahmed@govolution.com' is set on object 'Object Repository/IWP30/Page_ACHPersonalPaymentEntry/txt_Email'

28-08-2024T20:07:24 - [MESSAGE][PASSED] - Object 'Object Repository/IWP30/Page_ACHPersonalPaymentEntry/cb_TermsAndCond' is present

28-08-2024T20:07:24 - [MESSAGE][PASSED] - Object: 'Object Repository/IWP30/Page_ACHPersonalPaymentEntry/cb_TermsAndCond' is clicked on

28-08-2024T20:07:25 - [MESSAGE][PASSED] - Object 'Object Repository/IWP30/Page_ACHPersonalPaymentEntry/btn_Continue' is present

28-08-2024T20:07:28 - [MESSAGE][PASSED] - Object: 'Object Repository/IWP30/Page_ACHPersonalPaymentEntry/btn_Continue' is clicked on

28-08-2024T20:07:28 - [MESSAGE][PASSED] - iwpPages.achPersonalPaymentEntryPage.setDataACHPPM is PASSED

28-08-2024T20:07:28 - [TEST_STEP][PASSED] - Thread.sleep(10000): null

28-08-2024T20:07:38 - [TEST_STEP][PASSED] - if (verifyTextPresent("Payment amounts less than 10.50 are not accepted", false)): null

28-08-2024T20:07:39 - [MESSAGE][PASSED] - Text 'Payment amounts less than 10.50 are not accepted' is present on page 

28-08-2024T20:07:39 - [TEST_STEP][PASSED] - println("UnderPay Error message shown"): null

28-08-2024T20:07:39 - [TEST_STEP][PASSED] - markPassed("Under Pay Error message shown"): Under Pay Error message shown

28-08-2024T20:07:39 - [MESSAGE][PASSED] - Under Pay Error message shown

28-08-2024T20:07:39 - [TEST_STEP][PASSED] - resText = "Pass": null

28-08-2024T20:07:39 - [TEST_STEP][PASSED] - pages.WriteExcel.demoKey(resText, datText, resColumn, datCloumn, fileLoc, nameSheet, row): pages.WriteExcel.demoKey is PASSED

28-08-2024T20:07:39 - [MESSAGE][PASSED] - pages.WriteExcel.demoKey is PASSED

28-08-2024T20:07:39 - [TEST_STEP][PASSED] - closeBrowser(): Browser is closed

28-08-2024T20:07:41 - [MESSAGE][PASSED] - Browser is closed]]></system-out>
         <system-err><![CDATA[]]></system-err>
      </testcase>
      <testcase name="Test Cases/IntegratedWeb/IWP25/Error/NoUnderPayErrorPS" time="88.215" classname="Test Cases/IntegratedWeb/IWP25/Error/NoUnderPayErrorPS" status="PASSED">
         <system-out><![CDATA[28-08-2024T20:07:41 - [TEST_CASE][PASSED] - Test Cases/IntegratedWeb/IWP25/Error/NoUnderPayErrorPS: Test Cases/IntegratedWeb/IWP25/Error/NoUnderPayErrorPS

28-08-2024T20:07:42 - [TEST_STEP][PASSED] - resText = "Fail": null

28-08-2024T20:07:42 - [TEST_STEP][PASSED] - resColumn = "Result": null

28-08-2024T20:07:42 - [TEST_STEP][PASSED] - datCloumn = "Date": null

28-08-2024T20:07:42 - [TEST_STEP][PASSED] - fileLoc = "KatalonData/IWPTestData/VRelay25Payments.xlsx": null

28-08-2024T20:07:42 - [TEST_STEP][PASSED] - numOfRows = <not implemented yet for class: org.codehaus.groovy.ast.expr.EmptyExpression>: null

28-08-2024T20:07:42 - [TEST_STEP][PASSED] - dataFile = <not implemented yet for class: org.codehaus.groovy.ast.expr.EmptyExpression>: null

28-08-2024T20:07:42 - [TEST_STEP][PASSED] - nameSheet = <not implemented yet for class: org.codehaus.groovy.ast.expr.EmptyExpression>: null

28-08-2024T20:07:42 - [TEST_STEP][PASSED] - dataFileEmulator = <not implemented yet for class: org.codehaus.groovy.ast.expr.EmptyExpression>: null

28-08-2024T20:07:42 - [TEST_STEP][PASSED] - nameSheet = "NoUnderPayErrorPS": null

28-08-2024T20:07:42 - [TEST_STEP][PASSED] - dataFile = "IWPTestData/IWP25NoUnderPayErrorPS": null

28-08-2024T20:07:42 - [TEST_STEP][PASSED] - dataFileEmulator = "IWPTestData/EmulatorData": null

28-08-2024T20:07:42 - [TEST_STEP][PASSED] - numOfRows = findTestData(dataFile).getRowNumbers(): null

28-08-2024T20:07:42 - [TEST_STEP][PASSED] - println("Number of Records: " + numOfRows): null

28-08-2024T20:07:42 - [TEST_STEP][PASSED] - for ([row = 1, row <= numOfRows, (row++)]): Browser is closed

28-08-2024T20:07:42 - [TEST_STEP][PASSED] - ExecuteTC = findTestData(dataFile).getValue("Execute", row): null

28-08-2024T20:07:42 - [TEST_STEP][PASSED] - out.println("Value of Execute is : " + ExecuteTC): null

28-08-2024T20:07:42 - [TEST_STEP][PASSED] - if (ExecuteTC.equalsIgnoreCase("Y")): null

28-08-2024T20:07:42 - [TEST_STEP][PASSED] - out.println("Begin Record Number: " + row): null

28-08-2024T20:07:42 - [TEST_STEP][PASSED] - today = new java.util.Date(): null

28-08-2024T20:07:42 - [TEST_STEP][PASSED] - println(today): null

28-08-2024T20:07:42 - [TEST_STEP][PASSED] - datText = today: null

28-08-2024T20:07:42 - [TEST_STEP][PASSED] - EmulatorDataKey = findTestData(dataFile).getValue("EmulatorData", row): null

28-08-2024T20:07:42 - [TEST_STEP][PASSED] - out.println("Value of Emulator Key is : " + EmulatorDataKey): null

28-08-2024T20:07:42 - [TEST_STEP][PASSED] - iwpPages.emulatorIWP30.setDataEmulator_DD(EmulatorDataKey): iwpPages.emulatorIWP30.setDataEmulator_DD is PASSED

28-08-2024T20:07:42 - [MESSAGE][INFO] - Starting 'Edge Chromium' driver

28-08-2024T20:07:42 - [MESSAGE][INFO] - User set preference: ['acceptInsecureCerts', 'true']

28-08-2024T20:07:45 - [MESSAGE][INFO] - Action delay is set to 0 milliseconds

28-08-2024T20:07:51 - [MESSAGE][PASSED] - Browser is opened with url: 'https://qa2.velocitypayment.com/agency/config.do?action=editor&message_version=2_5'

28-08-2024T20:07:51 - [MESSAGE][PASSED] - Current window maximized

28-08-2024T20:07:52 - [MESSAGE][PASSED] - All options with value '2.5' are selected in object 'Object Repository/IWP30/Page_VRelay30Emulator/MV'  using regular expression

28-08-2024T20:07:53 - [MESSAGE][PASSED] - Text '10.50' is set on object 'Object Repository/IWP30/Page_VRelay30Emulator/Amount'

28-08-2024T20:07:53 - [MESSAGE][PASSED] - Text '26413414' is set on object 'Object Repository/IWP30/Page_VRelay30Emulator/CAN'

28-08-2024T20:07:54 - [MESSAGE][PASSED] - Text 'PayNow' is set on object 'Object Repository/IWP30/Page_VRelay30Emulator/Action'

28-08-2024T20:07:55 - [MESSAGE][PASSED] - Text 'en_US' is set on object 'Object Repository/IWP30/Page_VRelay30Emulator/Lang'

28-08-2024T20:07:56 - [MESSAGE][PASSED] - Text 'Curlonty' is set on object 'Object Repository/IWP30/Page_VRelay30Emulator/Fname'

28-08-2024T20:07:58 - [MESSAGE][PASSED] - Text 'Lachuga' is set on object 'Object Repository/IWP30/Page_VRelay30Emulator/Lname'

28-08-2024T20:07:58 - [MESSAGE][PASSED] - Text '258 Underwood rd' is set on object 'Object Repository/IWP30/Page_VRelay30Emulator/AL1'

28-08-2024T20:07:59 - [MESSAGE][PASSED] - Text 'Suite 600' is set on object 'Object Repository/IWP30/Page_VRelay30Emulator/AL2'

28-08-2024T20:07:59 - [MESSAGE][PASSED] - Text '840' is set on object 'Object Repository/IWP30/Page_VRelay30Emulator/Country'

28-08-2024T20:08:00 - [MESSAGE][PASSED] - Text 'Arlington' is set on object 'Object Repository/IWP30/Page_VRelay30Emulator/City'

28-08-2024T20:08:01 - [MESSAGE][PASSED] - Text 'VA' is set on object 'Object Repository/IWP30/Page_VRelay30Emulator/State'

28-08-2024T20:08:01 - [MESSAGE][PASSED] - Text '22201' is set on object 'Object Repository/IWP30/Page_VRelay30Emulator/ZIP'

28-08-2024T20:08:03 - [MESSAGE][PASSED] - Text '' is set on object 'Object Repository/IWP30/Page_VRelay30Emulator/Order'

28-08-2024T20:08:04 - [MESSAGE][PASSED] - Text '' is set on object 'Object Repository/IWP30/Page_VRelay30Emulator/Company'

28-08-2024T20:08:05 - [MESSAGE][PASSED] - Text '' is set on object 'Object Repository/IWP30/Page_VRelay30Emulator/Email'

28-08-2024T20:08:05 - [MESSAGE][PASSED] - Text 'udf data 1' is set on object 'Object Repository/IWP30/Page_VRelay30Emulator/UDF1'

28-08-2024T20:08:06 - [MESSAGE][PASSED] - Text 'udf data 2' is set on object 'Object Repository/IWP30/Page_VRelay30Emulator/UDF2'

28-08-2024T20:08:07 - [MESSAGE][PASSED] - Text '' is set on object 'Object Repository/IWP30/Page_VRelay30Emulator/UDF3'

28-08-2024T20:08:07 - [MESSAGE][PASSED] - Text '' is set on object 'Object Repository/IWP30/Page_VRelay30Emulator/UDF4'

28-08-2024T20:08:08 - [MESSAGE][PASSED] - Text '' is set on object 'Object Repository/IWP30/Page_VRelay30Emulator/UDF5'

28-08-2024T20:08:08 - [MESSAGE][PASSED] - Text '' is set on object 'Object Repository/IWP30/Page_VRelay30Emulator/UDF6'

28-08-2024T20:08:10 - [MESSAGE][PASSED] - Text '' is set on object 'Object Repository/IWP30/Page_VRelay30Emulator/UDF7'

28-08-2024T20:08:11 - [MESSAGE][PASSED] - Text '' is set on object 'Object Repository/IWP30/Page_VRelay30Emulator/UDF8'

28-08-2024T20:08:11 - [MESSAGE][PASSED] - Text '' is set on object 'Object Repository/IWP30/Page_VRelay30Emulator/UDF9'

28-08-2024T20:08:12 - [MESSAGE][PASSED] - Text '' is set on object 'Object Repository/IWP30/Page_VRelay30Emulator/UDF10'

28-08-2024T20:08:13 - [MESSAGE][PASSED] - Object: 'Object Repository/IWP30/Page_VRelay30Emulator/Submit' is clicked on

28-08-2024T20:08:18 - [MESSAGE][PASSED] - Browser is closed

28-08-2024T20:08:22 - [MESSAGE][PASSED] - iwpPages.emulatorIWP30.setDataEmulator_DD is PASSED

28-08-2024T20:08:22 - [TEST_STEP][PASSED] - testHarnessURL = urlTestHarness: null

28-08-2024T20:08:22 - [TEST_STEP][PASSED] - openBrowser(testHarnessURL): Browser is opened with url: 'https://dev-algorithm.govolution.com/vrelaytest/QA2/version_2_2/vrelaytest.html'

28-08-2024T20:08:22 - [MESSAGE][INFO] - Starting 'Edge Chromium' driver

28-08-2024T20:08:22 - [MESSAGE][INFO] - User set preference: ['acceptInsecureCerts', 'true']

28-08-2024T20:08:25 - [MESSAGE][INFO] - Action delay is set to 0 milliseconds

28-08-2024T20:08:30 - [MESSAGE][PASSED] - Browser is opened with url: 'https://dev-algorithm.govolution.com/vrelaytest/QA2/version_2_2/vrelaytest.html'

28-08-2024T20:08:30 - [TEST_STEP][PASSED] - maximizeWindow(): Current window maximized

28-08-2024T20:08:30 - [MESSAGE][PASSED] - Current window maximized

28-08-2024T20:08:30 - [TEST_STEP][PASSED] - iwpPages.TestHarnessPage.setDataMethod(row, dataFile): iwpPages.TestHarnessPage.setDataMethod is PASSED

28-08-2024T20:08:31 - [MESSAGE][PASSED] - Object 'Object Repository/IWP30/Page_QATestHarness/RemittanceID' is present

28-08-2024T20:08:31 - [MESSAGE][PASSED] - Text '653' is set on object 'Object Repository/IWP30/Page_QATestHarness/ApplicationID'

28-08-2024T20:08:32 - [MESSAGE][PASSED] - Text '2.5' is set on object 'Object Repository/IWP30/Page_QATestHarness/MessageVersion'

28-08-2024T20:08:33 - [MESSAGE][PASSED] - Text 'BFZQzU6WBctt' is set on object 'Object Repository/IWP30/Page_QATestHarness/RemittanceID'

28-08-2024T20:08:37 - [MESSAGE][PASSED] - Object: 'Object Repository/IWP30/Page_QATestHarness/SubmitButton' is clicked on

28-08-2024T20:08:37 - [MESSAGE][PASSED] - iwpPages.TestHarnessPage.setDataMethod is PASSED

28-08-2024T20:08:37 - [TEST_STEP][PASSED] - click(findTestObject("Object Repository/IWP30/Page_SelectPaymentMethod/PayByPersonalCheck")): Object: 'Object Repository/IWP30/Page_SelectPaymentMethod/PayByPersonalCheck' is clicked on

28-08-2024T20:08:38 - [MESSAGE][PASSED] - Object: 'Object Repository/IWP30/Page_SelectPaymentMethod/PayByPersonalCheck' is clicked on

28-08-2024T20:08:38 - [TEST_STEP][PASSED] - click(findTestObject("Object Repository/IWP30/Page_SelectPaymentMethod/MakePaymentButton")): Object: 'Object Repository/IWP30/Page_SelectPaymentMethod/MakePaymentButton' is clicked on

28-08-2024T20:08:41 - [MESSAGE][PASSED] - Object: 'Object Repository/IWP30/Page_SelectPaymentMethod/MakePaymentButton' is clicked on

28-08-2024T20:08:41 - [TEST_STEP][PASSED] - iwpPages.achPersonalPaymentEntryPage.setDataACHPPM(row, dataFile): iwpPages.achPersonalPaymentEntryPage.setDataACHPPM is PASSED

28-08-2024T20:08:43 - [MESSAGE][PASSED] - Object 'Object Repository/IWP30/Page_ACHPersonalPaymentEntry/txt_accountNumber' is present

28-08-2024T20:08:43 - [MESSAGE][PASSED] - Text '9.50' is set on object 'Object Repository/IWP30/Page_ACHPersonalPaymentEntry/txt_Amount'

28-08-2024T20:08:44 - [MESSAGE][PASSED] - Object 'Object Repository/IWP30/Page_ACHPersonalPaymentEntry/txt_UDF2' is present

28-08-2024T20:08:44 - [MESSAGE][PASSED] - Object 'Object Repository/IWP30/Page_ACHPersonalPaymentEntry/txt_Firstname' is present

28-08-2024T20:08:44 - [MESSAGE][PASSED] - Text 'Elizath' is set on object 'Object Repository/IWP30/Page_ACHPersonalPaymentEntry/txt_Firstname'

28-08-2024T20:08:45 - [MESSAGE][PASSED] - Object 'Object Repository/IWP30/Page_ACHPersonalPaymentEntry/txt_Lastname' is present

28-08-2024T20:08:45 - [MESSAGE][PASSED] - Text 'Christine' is set on object 'Object Repository/IWP30/Page_ACHPersonalPaymentEntry/txt_Lastname'

28-08-2024T20:08:45 - [MESSAGE][PASSED] - Object 'Object Repository/IWP30/Page_ACHPersonalPaymentEntry/txt_routingNumber' is present

28-08-2024T20:08:46 - [MESSAGE][PASSED] - Text '256072691' is set on object 'Object Repository/IWP30/Page_ACHPersonalPaymentEntry/txt_routingNumber'

28-08-2024T20:08:47 - [MESSAGE][PASSED] - Object 'Object Repository/IWP30/Page_ACHPersonalPaymentEntry/txt_accountNumber' is present

28-08-2024T20:08:50 - [MESSAGE][PASSED] - Text '12344444' is set on object 'Object Repository/IWP30/Page_ACHPersonalPaymentEntry/txt_accountNumber'

28-08-2024T20:08:50 - [MESSAGE][PASSED] - Object 'Object Repository/IWP30/Page_ACHPersonalPaymentEntry/txt_confirmAccountNumber' is present

28-08-2024T20:08:51 - [MESSAGE][PASSED] - Text '12344444' is set on object 'Object Repository/IWP30/Page_ACHPersonalPaymentEntry/txt_confirmAccountNumber'

28-08-2024T20:08:51 - [MESSAGE][PASSED] - Object 'Object Repository/IWP30/Page_ACHPersonalPaymentEntry/rd_accountType' is present

28-08-2024T20:08:51 - [MESSAGE][PASSED] - Modify property of object successfully

28-08-2024T20:08:51 - [MESSAGE][PASSED] - Object: 'Object Repository/IWP30/Page_ACHPersonalPaymentEntry/rd_accountType' is clicked on

28-08-2024T20:08:51 - [MESSAGE][PASSED] - Object 'Object Repository/IWP30/Page_ACHPersonalPaymentEntry/txt_Email' is present

28-08-2024T20:08:52 - [MESSAGE][PASSED] - Text 'iahmed@govolution.com' is set on object 'Object Repository/IWP30/Page_ACHPersonalPaymentEntry/txt_Email'

28-08-2024T20:08:52 - [MESSAGE][PASSED] - Object 'Object Repository/IWP30/Page_ACHPersonalPaymentEntry/cb_TermsAndCond' is present

28-08-2024T20:08:53 - [MESSAGE][PASSED] - Object: 'Object Repository/IWP30/Page_ACHPersonalPaymentEntry/cb_TermsAndCond' is clicked on

28-08-2024T20:08:54 - [MESSAGE][PASSED] - Object 'Object Repository/IWP30/Page_ACHPersonalPaymentEntry/btn_Continue' is present

28-08-2024T20:08:56 - [MESSAGE][PASSED] - Object: 'Object Repository/IWP30/Page_ACHPersonalPaymentEntry/btn_Continue' is clicked on

28-08-2024T20:08:56 - [MESSAGE][PASSED] - iwpPages.achPersonalPaymentEntryPage.setDataACHPPM is PASSED

28-08-2024T20:08:56 - [TEST_STEP][PASSED] - Thread.sleep(10000): null

28-08-2024T20:09:07 - [TEST_STEP][PASSED] - if (verifyTextPresent("Payment amounts less than 10.50 are not accepted", false)): null

28-08-2024T20:09:08 - [MESSAGE][PASSED] - Text 'Payment amounts less than 10.50 are not accepted' is present on page 

28-08-2024T20:09:08 - [TEST_STEP][PASSED] - println("UnderPay Error message shown"): null

28-08-2024T20:09:08 - [TEST_STEP][PASSED] - markPassed("Under Pay Error message shown"): Under Pay Error message shown

28-08-2024T20:09:08 - [MESSAGE][PASSED] - Under Pay Error message shown

28-08-2024T20:09:08 - [TEST_STEP][PASSED] - resText = "Pass": null

28-08-2024T20:09:08 - [TEST_STEP][PASSED] - pages.WriteExcel.demoKey(resText, datText, resColumn, datCloumn, fileLoc, nameSheet, row): pages.WriteExcel.demoKey is PASSED

28-08-2024T20:09:08 - [MESSAGE][PASSED] - pages.WriteExcel.demoKey is PASSED

28-08-2024T20:09:08 - [TEST_STEP][PASSED] - closeBrowser(): Browser is closed

28-08-2024T20:09:09 - [MESSAGE][PASSED] - Browser is closed]]></system-out>
         <system-err><![CDATA[]]></system-err>
      </testcase>
      <testcase name="Test Cases/IntegratedWeb/IWP25/Payments/NoModifyAmountCorp" time="82.946" classname="Test Cases/IntegratedWeb/IWP25/Payments/NoModifyAmountCorp" status="PASSED">
         <system-out><![CDATA[28-08-2024T20:09:09 - [TEST_CASE][PASSED] - Test Cases/IntegratedWeb/IWP25/Payments/NoModifyAmountCorp: Test Cases/IntegratedWeb/IWP25/Payments/NoModifyAmountCorp

28-08-2024T20:09:09 - [TEST_STEP][PASSED] - resText = "Fail": null

28-08-2024T20:09:09 - [TEST_STEP][PASSED] - resColumn = "Result": null

28-08-2024T20:09:09 - [TEST_STEP][PASSED] - datCloumn = "Date": null

28-08-2024T20:09:09 - [TEST_STEP][PASSED] - fileLoc = "KatalonData/IWPTestData/VRelay25Payments.xlsx": null

28-08-2024T20:09:09 - [TEST_STEP][PASSED] - numOfRows = <not implemented yet for class: org.codehaus.groovy.ast.expr.EmptyExpression>: null

28-08-2024T20:09:09 - [TEST_STEP][PASSED] - dataFile = <not implemented yet for class: org.codehaus.groovy.ast.expr.EmptyExpression>: null

28-08-2024T20:09:09 - [TEST_STEP][PASSED] - nameSheet = <not implemented yet for class: org.codehaus.groovy.ast.expr.EmptyExpression>: null

28-08-2024T20:09:09 - [TEST_STEP][PASSED] - dataFileEmulator = <not implemented yet for class: org.codehaus.groovy.ast.expr.EmptyExpression>: null

28-08-2024T20:09:09 - [TEST_STEP][PASSED] - isRequiredTextPresent = false: null

28-08-2024T20:09:09 - [TEST_STEP][PASSED] - nameSheet = "NoModifyAmountCorp": null

28-08-2024T20:09:09 - [TEST_STEP][PASSED] - dataFile = "IWPTestData/IWP25NoModifyAmountCorp": null

28-08-2024T20:09:09 - [TEST_STEP][PASSED] - dataFileEmulator = "IWPTestData/EmulatorData": null

28-08-2024T20:09:09 - [TEST_STEP][PASSED] - numOfRows = findTestData(dataFile).getRowNumbers(): null

28-08-2024T20:09:09 - [TEST_STEP][PASSED] - println("Number of Records: " + numOfRows): null

28-08-2024T20:09:09 - [TEST_STEP][PASSED] - for ([row = 1, row <= numOfRows, (row++)]): Browser is closed

28-08-2024T20:09:09 - [TEST_STEP][PASSED] - ExecuteTC = findTestData(dataFile).getValue("Execute", row): null

28-08-2024T20:09:09 - [TEST_STEP][PASSED] - out.println("Value of Execute is : " + ExecuteTC): null

28-08-2024T20:09:09 - [TEST_STEP][PASSED] - if (ExecuteTC.equalsIgnoreCase("Y")): null

28-08-2024T20:09:09 - [TEST_STEP][PASSED] - out.println("Begin Record Number: " + row): null

28-08-2024T20:09:09 - [TEST_STEP][PASSED] - today = new java.util.Date(): null

28-08-2024T20:09:09 - [TEST_STEP][PASSED] - println(today): null

28-08-2024T20:09:09 - [TEST_STEP][PASSED] - datText = today: null

28-08-2024T20:09:09 - [TEST_STEP][PASSED] - EmulatorDataKey = findTestData(dataFile).getValue("EmulatorData", row): null

28-08-2024T20:09:09 - [TEST_STEP][PASSED] - out.println("Value of Emulator Key is : " + EmulatorDataKey): null

28-08-2024T20:09:09 - [TEST_STEP][PASSED] - iwpPages.emulatorIWP30.setDataEmulator_DD(EmulatorDataKey): iwpPages.emulatorIWP30.setDataEmulator_DD is PASSED

28-08-2024T20:09:09 - [MESSAGE][INFO] - Starting 'Edge Chromium' driver

28-08-2024T20:09:09 - [MESSAGE][INFO] - User set preference: ['acceptInsecureCerts', 'true']

28-08-2024T20:09:12 - [MESSAGE][INFO] - Action delay is set to 0 milliseconds

28-08-2024T20:09:18 - [MESSAGE][PASSED] - Browser is opened with url: 'https://qa2.velocitypayment.com/agency/config.do?action=editor&message_version=2_5'

28-08-2024T20:09:19 - [MESSAGE][PASSED] - Current window maximized

28-08-2024T20:09:19 - [MESSAGE][PASSED] - All options with value '2.5' are selected in object 'Object Repository/IWP30/Page_VRelay30Emulator/MV'  using regular expression

28-08-2024T20:09:20 - [MESSAGE][PASSED] - Text '10.50' is set on object 'Object Repository/IWP30/Page_VRelay30Emulator/Amount'

28-08-2024T20:09:21 - [MESSAGE][PASSED] - Text '26413255' is set on object 'Object Repository/IWP30/Page_VRelay30Emulator/CAN'

28-08-2024T20:09:22 - [MESSAGE][PASSED] - Text 'PayNow' is set on object 'Object Repository/IWP30/Page_VRelay30Emulator/Action'

28-08-2024T20:09:23 - [MESSAGE][PASSED] - Text 'en_US' is set on object 'Object Repository/IWP30/Page_VRelay30Emulator/Lang'

28-08-2024T20:09:25 - [MESSAGE][PASSED] - Text 'Jasmine' is set on object 'Object Repository/IWP30/Page_VRelay30Emulator/Fname'

28-08-2024T20:09:26 - [MESSAGE][PASSED] - Text 'Patrinol' is set on object 'Object Repository/IWP30/Page_VRelay30Emulator/Lname'

28-08-2024T20:09:26 - [MESSAGE][PASSED] - Text '258 Underwood rd' is set on object 'Object Repository/IWP30/Page_VRelay30Emulator/AL1'

28-08-2024T20:09:27 - [MESSAGE][PASSED] - Text 'Suite 600' is set on object 'Object Repository/IWP30/Page_VRelay30Emulator/AL2'

28-08-2024T20:09:27 - [MESSAGE][PASSED] - Text '840' is set on object 'Object Repository/IWP30/Page_VRelay30Emulator/Country'

28-08-2024T20:09:28 - [MESSAGE][PASSED] - Text 'Arlington' is set on object 'Object Repository/IWP30/Page_VRelay30Emulator/City'

28-08-2024T20:09:29 - [MESSAGE][PASSED] - Text 'VA' is set on object 'Object Repository/IWP30/Page_VRelay30Emulator/State'

28-08-2024T20:09:31 - [MESSAGE][PASSED] - Text '22201' is set on object 'Object Repository/IWP30/Page_VRelay30Emulator/ZIP'

28-08-2024T20:09:32 - [MESSAGE][PASSED] - Text '' is set on object 'Object Repository/IWP30/Page_VRelay30Emulator/Order'

28-08-2024T20:09:32 - [MESSAGE][PASSED] - Text 'Some Company' is set on object 'Object Repository/IWP30/Page_VRelay30Emulator/Company'

28-08-2024T20:09:33 - [MESSAGE][PASSED] - Text 'iahmed@govolution.com' is set on object 'Object Repository/IWP30/Page_VRelay30Emulator/Email'

28-08-2024T20:09:33 - [MESSAGE][PASSED] - Text 'udf data 1' is set on object 'Object Repository/IWP30/Page_VRelay30Emulator/UDF1'

28-08-2024T20:09:34 - [MESSAGE][PASSED] - Text 'udf data 2' is set on object 'Object Repository/IWP30/Page_VRelay30Emulator/UDF2'

28-08-2024T20:09:35 - [MESSAGE][PASSED] - Text 'udf data 3' is set on object 'Object Repository/IWP30/Page_VRelay30Emulator/UDF3'

28-08-2024T20:09:35 - [MESSAGE][PASSED] - Text 'udf data 4' is set on object 'Object Repository/IWP30/Page_VRelay30Emulator/UDF4'

28-08-2024T20:09:38 - [MESSAGE][PASSED] - Text 'udf data 5' is set on object 'Object Repository/IWP30/Page_VRelay30Emulator/UDF5'

28-08-2024T20:09:39 - [MESSAGE][PASSED] - Text 'udf data 6' is set on object 'Object Repository/IWP30/Page_VRelay30Emulator/UDF6'

28-08-2024T20:09:39 - [MESSAGE][PASSED] - Text 'Orange' is set on object 'Object Repository/IWP30/Page_VRelay30Emulator/UDF7'

28-08-2024T20:09:40 - [MESSAGE][PASSED] - Text 'Soccer' is set on object 'Object Repository/IWP30/Page_VRelay30Emulator/UDF8'

28-08-2024T20:09:41 - [MESSAGE][PASSED] - Text 'udf data 9' is set on object 'Object Repository/IWP30/Page_VRelay30Emulator/UDF9'

28-08-2024T20:09:41 - [MESSAGE][PASSED] - Text 'udf data 10' is set on object 'Object Repository/IWP30/Page_VRelay30Emulator/UDF10'

28-08-2024T20:09:43 - [MESSAGE][PASSED] - Object: 'Object Repository/IWP30/Page_VRelay30Emulator/Submit' is clicked on

28-08-2024T20:09:48 - [MESSAGE][PASSED] - Browser is closed

28-08-2024T20:09:52 - [MESSAGE][PASSED] - iwpPages.emulatorIWP30.setDataEmulator_DD is PASSED

28-08-2024T20:09:52 - [TEST_STEP][PASSED] - testHarnessURL = urlTestHarness: null

28-08-2024T20:09:52 - [TEST_STEP][PASSED] - openBrowser(testHarnessURL): Browser is opened with url: 'https://dev-algorithm.govolution.com/vrelaytest/QA2/version_2_2/vrelaytest.html'

28-08-2024T20:09:52 - [MESSAGE][INFO] - Starting 'Edge Chromium' driver

28-08-2024T20:09:52 - [MESSAGE][INFO] - User set preference: ['acceptInsecureCerts', 'true']

28-08-2024T20:09:54 - [MESSAGE][INFO] - Action delay is set to 0 milliseconds

28-08-2024T20:09:59 - [MESSAGE][PASSED] - Browser is opened with url: 'https://dev-algorithm.govolution.com/vrelaytest/QA2/version_2_2/vrelaytest.html'

28-08-2024T20:09:59 - [TEST_STEP][PASSED] - maximizeWindow(): Current window maximized

28-08-2024T20:09:59 - [MESSAGE][PASSED] - Current window maximized

28-08-2024T20:09:59 - [TEST_STEP][PASSED] - iwpPages.TestHarnessPage.setDataMethod(row, dataFile): iwpPages.TestHarnessPage.setDataMethod is PASSED

28-08-2024T20:09:59 - [MESSAGE][PASSED] - Object 'Object Repository/IWP30/Page_QATestHarness/RemittanceID' is present

28-08-2024T20:10:00 - [MESSAGE][PASSED] - Text '654' is set on object 'Object Repository/IWP30/Page_QATestHarness/ApplicationID'

28-08-2024T20:10:00 - [MESSAGE][PASSED] - Text '2.5' is set on object 'Object Repository/IWP30/Page_QATestHarness/MessageVersion'

28-08-2024T20:10:01 - [MESSAGE][PASSED] - Text 'XxO74P68s1TH' is set on object 'Object Repository/IWP30/Page_QATestHarness/RemittanceID'

28-08-2024T20:10:05 - [MESSAGE][PASSED] - Object: 'Object Repository/IWP30/Page_QATestHarness/SubmitButton' is clicked on

28-08-2024T20:10:05 - [MESSAGE][PASSED] - iwpPages.TestHarnessPage.setDataMethod is PASSED

28-08-2024T20:10:05 - [TEST_STEP][PASSED] - click(findTestObject("Object Repository/IWP30/Page_SelectPaymentMethod/PayByCorporateCheck")): Object: 'Object Repository/IWP30/Page_SelectPaymentMethod/PayByCorporateCheck' is clicked on

28-08-2024T20:10:06 - [MESSAGE][PASSED] - Object: 'Object Repository/IWP30/Page_SelectPaymentMethod/PayByCorporateCheck' is clicked on

28-08-2024T20:10:06 - [TEST_STEP][PASSED] - click(findTestObject("Object Repository/IWP30/Page_SelectPaymentMethod/MakePaymentButton")): Object: 'Object Repository/IWP30/Page_SelectPaymentMethod/MakePaymentButton' is clicked on

28-08-2024T20:10:08 - [MESSAGE][PASSED] - Object: 'Object Repository/IWP30/Page_SelectPaymentMethod/MakePaymentButton' is clicked on

28-08-2024T20:10:08 - [TEST_STEP][PASSED] - if (verifyElementNotPresent(findTestObject("Object Repository/IWP30/Page_ACHCorporatePaymentEntry/txt_Amount"), 30) && verifyTextPresent("$ 10.50", false)): null

28-08-2024T20:10:09 - [MESSAGE][PASSED] - Web element with id: 'Object Repository/IWP30/Page_ACHCorporatePaymentEntry/txt_Amount' located by 'By.xpath: //*[@type = 'text' and @name = 'amount' and @alt = 'Amount']' is not present after '30' second(s)

28-08-2024T20:10:10 - [MESSAGE][PASSED] - Text '$ 10.50' is present on page 

28-08-2024T20:10:10 - [TEST_STEP][PASSED] - iwpPages.achCorporatePaymentEntryPage.setDataCorporate(row, dataFile): iwpPages.achCorporatePaymentEntryPage.setDataCorporate is PASSED

28-08-2024T20:10:11 - [MESSAGE][PASSED] - Object 'Object Repository/IWP30/Page_ACHCorporatePaymentEntry/txt_accountNumber' is present

28-08-2024T20:10:12 - [MESSAGE][PASSED] - Object 'Object Repository/IWP30/Page_ACHCorporatePaymentEntry/input_CompanyName' is present

28-08-2024T20:10:12 - [MESSAGE][PASSED] - Object 'Object Repository/IWP30/Page_ACHCorporatePaymentEntry/input_EIN' is present

28-08-2024T20:10:13 - [MESSAGE][PASSED] - Text '123456789' is set on object 'Object Repository/IWP30/Page_ACHCorporatePaymentEntry/input_EIN'

28-08-2024T20:10:13 - [MESSAGE][PASSED] - Object 'Object Repository/IWP30/Page_ACHCorporatePaymentEntry/txt_routingNumber' is present

28-08-2024T20:10:13 - [MESSAGE][PASSED] - Text '256072691' is set on object 'Object Repository/IWP30/Page_ACHCorporatePaymentEntry/txt_routingNumber'

28-08-2024T20:10:14 - [MESSAGE][PASSED] - Object 'Object Repository/IWP30/Page_ACHCorporatePaymentEntry/txt_accountNumber' is present

28-08-2024T20:10:16 - [MESSAGE][PASSED] - Text '12344444' is set on object 'Object Repository/IWP30/Page_ACHCorporatePaymentEntry/txt_accountNumber'

28-08-2024T20:10:16 - [MESSAGE][PASSED] - Object 'Object Repository/IWP30/Page_ACHCorporatePaymentEntry/txt_confirmAccountNumber' is present

28-08-2024T20:10:17 - [MESSAGE][PASSED] - Text '12344444' is set on object 'Object Repository/IWP30/Page_ACHCorporatePaymentEntry/txt_confirmAccountNumber'

28-08-2024T20:10:18 - [MESSAGE][PASSED] - Object 'Object Repository/IWP30/Page_ACHCorporatePaymentEntry/txt_Email' is present

28-08-2024T20:10:18 - [MESSAGE][PASSED] - Object 'Object Repository/IWP30/Page_ACHCorporatePaymentEntry/cb_TermsAndCond' is present

28-08-2024T20:10:18 - [MESSAGE][PASSED] - Object: 'Object Repository/IWP30/Page_ACHCorporatePaymentEntry/cb_TermsAndCond' is clicked on

28-08-2024T20:10:19 - [MESSAGE][PASSED] - Object 'Object Repository/IWP30/Page_ACHCorporatePaymentEntry/btn_Continue' is present

28-08-2024T20:10:20 - [MESSAGE][PASSED] - Object: 'Object Repository/IWP30/Page_ACHCorporatePaymentEntry/btn_Continue' is clicked on

28-08-2024T20:10:20 - [MESSAGE][PASSED] - iwpPages.achCorporatePaymentEntryPage.setDataCorporate is PASSED

28-08-2024T20:10:20 - [TEST_STEP][PASSED] - click(findTestObject("Object Repository/IWP30/Page_Confirmation/ConfirmButton")): Object: 'Object Repository/IWP30/Page_Confirmation/ConfirmButton' is clicked on

28-08-2024T20:10:21 - [MESSAGE][PASSED] - Object: 'Object Repository/IWP30/Page_Confirmation/ConfirmButton' is clicked on

28-08-2024T20:10:21 - [TEST_STEP][PASSED] - Thread.sleep(10000): null

28-08-2024T20:10:31 - [TEST_STEP][PASSED] - if (verifyTextPresent("Successful Payment Receipt", false)): null

28-08-2024T20:10:31 - [MESSAGE][PASSED] - Text 'Successful Payment Receipt' is present on page 

28-08-2024T20:10:31 - [TEST_STEP][PASSED] - println("Successful Payment Receipt text is present on the Receipt page"): null

28-08-2024T20:10:31 - [TEST_STEP][PASSED] - markPassed("Successful Payment Receipt text is present on the Receipt page"): Successful Payment Receipt text is present on the Receipt page

28-08-2024T20:10:31 - [MESSAGE][PASSED] - Successful Payment Receipt text is present on the Receipt page

28-08-2024T20:10:31 - [TEST_STEP][PASSED] - resText = "Pass": null

28-08-2024T20:10:31 - [TEST_STEP][PASSED] - pages.WriteExcel.demoKey(resText, datText, resColumn, datCloumn, fileLoc, nameSheet, row): pages.WriteExcel.demoKey is PASSED

28-08-2024T20:10:31 - [MESSAGE][PASSED] - pages.WriteExcel.demoKey is PASSED

28-08-2024T20:10:31 - [TEST_STEP][PASSED] - closeBrowser(): Browser is closed

28-08-2024T20:10:32 - [MESSAGE][PASSED] - Browser is closed]]></system-out>
         <system-err><![CDATA[]]></system-err>
      </testcase>
      <testcase name="Test Cases/IntegratedWeb/IWP25/Payments/NoModifyAmountPC" time="85.994" classname="Test Cases/IntegratedWeb/IWP25/Payments/NoModifyAmountPC" status="PASSED">
         <system-out><![CDATA[28-08-2024T20:10:32 - [TEST_CASE][PASSED] - Test Cases/IntegratedWeb/IWP25/Payments/NoModifyAmountPC: Test Cases/IntegratedWeb/IWP25/Payments/NoModifyAmountPC

28-08-2024T20:10:32 - [TEST_STEP][PASSED] - resText = "Fail": null

28-08-2024T20:10:32 - [TEST_STEP][PASSED] - resColumn = "Result": null

28-08-2024T20:10:32 - [TEST_STEP][PASSED] - datCloumn = "Date": null

28-08-2024T20:10:32 - [TEST_STEP][PASSED] - fileLoc = "KatalonData/IWPTestData/VRelay25Payments.xlsx": null

28-08-2024T20:10:32 - [TEST_STEP][PASSED] - numOfRows = <not implemented yet for class: org.codehaus.groovy.ast.expr.EmptyExpression>: null

28-08-2024T20:10:32 - [TEST_STEP][PASSED] - dataFile = <not implemented yet for class: org.codehaus.groovy.ast.expr.EmptyExpression>: null

28-08-2024T20:10:32 - [TEST_STEP][PASSED] - nameSheet = <not implemented yet for class: org.codehaus.groovy.ast.expr.EmptyExpression>: null

28-08-2024T20:10:32 - [TEST_STEP][PASSED] - dataFileEmulator = <not implemented yet for class: org.codehaus.groovy.ast.expr.EmptyExpression>: null

28-08-2024T20:10:32 - [TEST_STEP][PASSED] - isRequiredTextPresent = false: null

28-08-2024T20:10:32 - [TEST_STEP][PASSED] - nameSheet = "NoModifyAmountPC": null

28-08-2024T20:10:32 - [TEST_STEP][PASSED] - dataFile = "IWPTestData/IWP25NoModifyAmountPC": null

28-08-2024T20:10:32 - [TEST_STEP][PASSED] - dataFileEmulator = "IWPTestData/EmulatorData": null

28-08-2024T20:10:32 - [TEST_STEP][PASSED] - numOfRows = findTestData(dataFile).getRowNumbers(): null

28-08-2024T20:10:32 - [TEST_STEP][PASSED] - println("Number of Records: " + numOfRows): null

28-08-2024T20:10:32 - [TEST_STEP][PASSED] - for ([row = 1, row <= numOfRows, (row++)]): Browser is closed

28-08-2024T20:10:32 - [TEST_STEP][PASSED] - ExecuteTC = findTestData(dataFile).getValue("Execute", row): null

28-08-2024T20:10:32 - [TEST_STEP][PASSED] - out.println("Value of Execute is : " + ExecuteTC): null

28-08-2024T20:10:32 - [TEST_STEP][PASSED] - if (ExecuteTC.equalsIgnoreCase("Y")): null

28-08-2024T20:10:32 - [TEST_STEP][PASSED] - out.println("Begin Record Number: " + row): null

28-08-2024T20:10:32 - [TEST_STEP][PASSED] - today = new java.util.Date(): null

28-08-2024T20:10:32 - [TEST_STEP][PASSED] - println(today): null

28-08-2024T20:10:32 - [TEST_STEP][PASSED] - datText = today: null

28-08-2024T20:10:32 - [TEST_STEP][PASSED] - EmulatorDataKey = findTestData(dataFile).getValue("EmulatorData", row): null

28-08-2024T20:10:32 - [TEST_STEP][PASSED] - out.println("Value of Emulator Key is : " + EmulatorDataKey): null

28-08-2024T20:10:32 - [TEST_STEP][PASSED] - iwpPages.emulatorIWP30.setDataEmulator_DD(EmulatorDataKey): iwpPages.emulatorIWP30.setDataEmulator_DD is PASSED

28-08-2024T20:10:32 - [MESSAGE][INFO] - Starting 'Edge Chromium' driver

28-08-2024T20:10:32 - [MESSAGE][INFO] - User set preference: ['acceptInsecureCerts', 'true']

28-08-2024T20:10:36 - [MESSAGE][INFO] - Action delay is set to 0 milliseconds

28-08-2024T20:10:40 - [MESSAGE][PASSED] - Browser is opened with url: 'https://qa2.velocitypayment.com/agency/config.do?action=editor&message_version=2_5'

28-08-2024T20:10:40 - [MESSAGE][PASSED] - Current window maximized

28-08-2024T20:10:41 - [MESSAGE][PASSED] - All options with value '2.5' are selected in object 'Object Repository/IWP30/Page_VRelay30Emulator/MV'  using regular expression

28-08-2024T20:10:42 - [MESSAGE][PASSED] - Text '10.50' is set on object 'Object Repository/IWP30/Page_VRelay30Emulator/Amount'

28-08-2024T20:10:43 - [MESSAGE][PASSED] - Text '26413255' is set on object 'Object Repository/IWP30/Page_VRelay30Emulator/CAN'

28-08-2024T20:10:43 - [MESSAGE][PASSED] - Text 'PayNow' is set on object 'Object Repository/IWP30/Page_VRelay30Emulator/Action'

28-08-2024T20:10:44 - [MESSAGE][PASSED] - Text 'en_US' is set on object 'Object Repository/IWP30/Page_VRelay30Emulator/Lang'

28-08-2024T20:10:47 - [MESSAGE][PASSED] - Text 'Jasmine' is set on object 'Object Repository/IWP30/Page_VRelay30Emulator/Fname'

28-08-2024T20:10:47 - [MESSAGE][PASSED] - Text 'Patrinol' is set on object 'Object Repository/IWP30/Page_VRelay30Emulator/Lname'

28-08-2024T20:10:48 - [MESSAGE][PASSED] - Text '258 Underwood rd' is set on object 'Object Repository/IWP30/Page_VRelay30Emulator/AL1'

28-08-2024T20:10:49 - [MESSAGE][PASSED] - Text 'Suite 600' is set on object 'Object Repository/IWP30/Page_VRelay30Emulator/AL2'

28-08-2024T20:10:49 - [MESSAGE][PASSED] - Text '840' is set on object 'Object Repository/IWP30/Page_VRelay30Emulator/Country'

28-08-2024T20:10:50 - [MESSAGE][PASSED] - Text 'Arlington' is set on object 'Object Repository/IWP30/Page_VRelay30Emulator/City'

28-08-2024T20:10:50 - [MESSAGE][PASSED] - Text 'VA' is set on object 'Object Repository/IWP30/Page_VRelay30Emulator/State'

28-08-2024T20:10:52 - [MESSAGE][PASSED] - Text '22201' is set on object 'Object Repository/IWP30/Page_VRelay30Emulator/ZIP'

28-08-2024T20:10:53 - [MESSAGE][PASSED] - Text '' is set on object 'Object Repository/IWP30/Page_VRelay30Emulator/Order'

28-08-2024T20:10:54 - [MESSAGE][PASSED] - Text 'Some Company' is set on object 'Object Repository/IWP30/Page_VRelay30Emulator/Company'

28-08-2024T20:10:55 - [MESSAGE][PASSED] - Text 'iahmed@govolution.com' is set on object 'Object Repository/IWP30/Page_VRelay30Emulator/Email'

28-08-2024T20:10:55 - [MESSAGE][PASSED] - Text 'udf data 1' is set on object 'Object Repository/IWP30/Page_VRelay30Emulator/UDF1'

28-08-2024T20:10:56 - [MESSAGE][PASSED] - Text 'udf data 2' is set on object 'Object Repository/IWP30/Page_VRelay30Emulator/UDF2'

28-08-2024T20:10:56 - [MESSAGE][PASSED] - Text 'udf data 3' is set on object 'Object Repository/IWP30/Page_VRelay30Emulator/UDF3'

28-08-2024T20:10:57 - [MESSAGE][PASSED] - Text 'udf data 4' is set on object 'Object Repository/IWP30/Page_VRelay30Emulator/UDF4'

28-08-2024T20:10:58 - [MESSAGE][PASSED] - Text 'udf data 5' is set on object 'Object Repository/IWP30/Page_VRelay30Emulator/UDF5'

28-08-2024T20:11:00 - [MESSAGE][PASSED] - Text 'udf data 6' is set on object 'Object Repository/IWP30/Page_VRelay30Emulator/UDF6'

28-08-2024T20:11:01 - [MESSAGE][PASSED] - Text 'Orange' is set on object 'Object Repository/IWP30/Page_VRelay30Emulator/UDF7'

28-08-2024T20:11:01 - [MESSAGE][PASSED] - Text 'Soccer' is set on object 'Object Repository/IWP30/Page_VRelay30Emulator/UDF8'

28-08-2024T20:11:02 - [MESSAGE][PASSED] - Text 'udf data 9' is set on object 'Object Repository/IWP30/Page_VRelay30Emulator/UDF9'

28-08-2024T20:11:02 - [MESSAGE][PASSED] - Text 'udf data 10' is set on object 'Object Repository/IWP30/Page_VRelay30Emulator/UDF10'

28-08-2024T20:11:04 - [MESSAGE][PASSED] - Object: 'Object Repository/IWP30/Page_VRelay30Emulator/Submit' is clicked on

28-08-2024T20:11:08 - [MESSAGE][PASSED] - Browser is closed

28-08-2024T20:11:12 - [MESSAGE][PASSED] - iwpPages.emulatorIWP30.setDataEmulator_DD is PASSED

28-08-2024T20:11:12 - [TEST_STEP][PASSED] - testHarnessURL = urlTestHarness: null

28-08-2024T20:11:12 - [TEST_STEP][PASSED] - openBrowser(testHarnessURL): Browser is opened with url: 'https://dev-algorithm.govolution.com/vrelaytest/QA2/version_2_2/vrelaytest.html'

28-08-2024T20:11:12 - [MESSAGE][INFO] - Starting 'Edge Chromium' driver

28-08-2024T20:11:12 - [MESSAGE][INFO] - User set preference: ['acceptInsecureCerts', 'true']

28-08-2024T20:11:15 - [MESSAGE][INFO] - Action delay is set to 0 milliseconds

28-08-2024T20:11:20 - [MESSAGE][PASSED] - Browser is opened with url: 'https://dev-algorithm.govolution.com/vrelaytest/QA2/version_2_2/vrelaytest.html'

28-08-2024T20:11:20 - [TEST_STEP][PASSED] - maximizeWindow(): Current window maximized

28-08-2024T20:11:21 - [MESSAGE][PASSED] - Current window maximized

28-08-2024T20:11:21 - [TEST_STEP][PASSED] - iwpPages.TestHarnessPage.setDataMethod(row, dataFile): iwpPages.TestHarnessPage.setDataMethod is PASSED

28-08-2024T20:11:21 - [MESSAGE][PASSED] - Object 'Object Repository/IWP30/Page_QATestHarness/RemittanceID' is present

28-08-2024T20:11:22 - [MESSAGE][PASSED] - Text '654' is set on object 'Object Repository/IWP30/Page_QATestHarness/ApplicationID'

28-08-2024T20:11:23 - [MESSAGE][PASSED] - Text '2.5' is set on object 'Object Repository/IWP30/Page_QATestHarness/MessageVersion'

28-08-2024T20:11:23 - [MESSAGE][PASSED] - Text 'ixt3UNpyl4kq' is set on object 'Object Repository/IWP30/Page_QATestHarness/RemittanceID'

28-08-2024T20:11:28 - [MESSAGE][PASSED] - Object: 'Object Repository/IWP30/Page_QATestHarness/SubmitButton' is clicked on

28-08-2024T20:11:28 - [MESSAGE][PASSED] - iwpPages.TestHarnessPage.setDataMethod is PASSED

28-08-2024T20:11:28 - [TEST_STEP][PASSED] - click(findTestObject("Object Repository/IWP30/Page_SelectPaymentMethod/PayByPersonalCheck")): Object: 'Object Repository/IWP30/Page_SelectPaymentMethod/PayByPersonalCheck' is clicked on

28-08-2024T20:11:29 - [MESSAGE][PASSED] - Object: 'Object Repository/IWP30/Page_SelectPaymentMethod/PayByPersonalCheck' is clicked on

28-08-2024T20:11:29 - [TEST_STEP][PASSED] - click(findTestObject("Object Repository/IWP30/Page_SelectPaymentMethod/MakePaymentButton")): Object: 'Object Repository/IWP30/Page_SelectPaymentMethod/MakePaymentButton' is clicked on

28-08-2024T20:11:31 - [MESSAGE][PASSED] - Object: 'Object Repository/IWP30/Page_SelectPaymentMethod/MakePaymentButton' is clicked on

28-08-2024T20:11:31 - [TEST_STEP][PASSED] - if (verifyElementNotPresent(findTestObject("Object Repository/IWP30/Page_ACHPersonalPaymentEntry/txt_Amount"), 30) && verifyTextPresent("$ 10.50", false)): null

28-08-2024T20:11:32 - [MESSAGE][PASSED] - Web element with id: 'Object Repository/IWP30/Page_ACHPersonalPaymentEntry/txt_Amount' located by 'By.xpath: //*[@type = 'text' and @name = 'amount']' is not present after '30' second(s)

28-08-2024T20:11:32 - [MESSAGE][PASSED] - Text '$ 10.50' is present on page 

28-08-2024T20:11:32 - [TEST_STEP][PASSED] - iwpPages.achPersonalPaymentEntryPage.setDataACHPPM(row, dataFile): iwpPages.achPersonalPaymentEntryPage.setDataACHPPM is PASSED

28-08-2024T20:11:35 - [MESSAGE][PASSED] - Object 'Object Repository/IWP30/Page_ACHPersonalPaymentEntry/txt_accountNumber' is present

28-08-2024T20:11:35 - [MESSAGE][PASSED] - Object 'Object Repository/IWP30/Page_ACHPersonalPaymentEntry/txt_UDF2' is present

28-08-2024T20:11:35 - [MESSAGE][PASSED] - Object 'Object Repository/IWP30/Page_ACHPersonalPaymentEntry/txt_Firstname' is present

28-08-2024T20:11:36 - [MESSAGE][PASSED] - Text 'Elizath' is set on object 'Object Repository/IWP30/Page_ACHPersonalPaymentEntry/txt_Firstname'

28-08-2024T20:11:36 - [MESSAGE][PASSED] - Object 'Object Repository/IWP30/Page_ACHPersonalPaymentEntry/txt_Lastname' is present

28-08-2024T20:11:37 - [MESSAGE][PASSED] - Text 'Christine' is set on object 'Object Repository/IWP30/Page_ACHPersonalPaymentEntry/txt_Lastname'

28-08-2024T20:11:37 - [MESSAGE][PASSED] - Object 'Object Repository/IWP30/Page_ACHPersonalPaymentEntry/txt_routingNumber' is present

28-08-2024T20:11:38 - [MESSAGE][PASSED] - Text '256072691' is set on object 'Object Repository/IWP30/Page_ACHPersonalPaymentEntry/txt_routingNumber'

28-08-2024T20:11:38 - [MESSAGE][PASSED] - Object 'Object Repository/IWP30/Page_ACHPersonalPaymentEntry/txt_accountNumber' is present

28-08-2024T20:11:40 - [MESSAGE][PASSED] - Text '12344444' is set on object 'Object Repository/IWP30/Page_ACHPersonalPaymentEntry/txt_accountNumber'

28-08-2024T20:11:40 - [MESSAGE][PASSED] - Object 'Object Repository/IWP30/Page_ACHPersonalPaymentEntry/txt_confirmAccountNumber' is present

28-08-2024T20:11:41 - [MESSAGE][PASSED] - Text '12344444' is set on object 'Object Repository/IWP30/Page_ACHPersonalPaymentEntry/txt_confirmAccountNumber'

28-08-2024T20:11:42 - [MESSAGE][PASSED] - Object 'Object Repository/IWP30/Page_ACHPersonalPaymentEntry/rd_accountType' is present

28-08-2024T20:11:42 - [MESSAGE][PASSED] - Modify property of object successfully

28-08-2024T20:11:42 - [MESSAGE][PASSED] - Object: 'Object Repository/IWP30/Page_ACHPersonalPaymentEntry/rd_accountType' is clicked on

28-08-2024T20:11:42 - [MESSAGE][PASSED] - Object 'Object Repository/IWP30/Page_ACHPersonalPaymentEntry/txt_Email' is present

28-08-2024T20:11:42 - [MESSAGE][PASSED] - Object 'Object Repository/IWP30/Page_ACHPersonalPaymentEntry/cb_TermsAndCond' is present

28-08-2024T20:11:43 - [MESSAGE][PASSED] - Object: 'Object Repository/IWP30/Page_ACHPersonalPaymentEntry/cb_TermsAndCond' is clicked on

28-08-2024T20:11:43 - [MESSAGE][PASSED] - Object 'Object Repository/IWP30/Page_ACHPersonalPaymentEntry/btn_Continue' is present

28-08-2024T20:11:45 - [MESSAGE][PASSED] - Object: 'Object Repository/IWP30/Page_ACHPersonalPaymentEntry/btn_Continue' is clicked on

28-08-2024T20:11:45 - [MESSAGE][PASSED] - iwpPages.achPersonalPaymentEntryPage.setDataACHPPM is PASSED

28-08-2024T20:11:45 - [TEST_STEP][PASSED] - click(findTestObject("Object Repository/IWP30/Page_Confirmation/ConfirmButton")): Object: 'Object Repository/IWP30/Page_Confirmation/ConfirmButton' is clicked on

28-08-2024T20:11:47 - [MESSAGE][PASSED] - Object: 'Object Repository/IWP30/Page_Confirmation/ConfirmButton' is clicked on

28-08-2024T20:11:47 - [TEST_STEP][PASSED] - Thread.sleep(10000): null

28-08-2024T20:11:57 - [TEST_STEP][PASSED] - if (verifyTextPresent("Successful Payment Receipt", false)): null

28-08-2024T20:11:57 - [MESSAGE][PASSED] - Text 'Successful Payment Receipt' is present on page 

28-08-2024T20:11:57 - [TEST_STEP][PASSED] - println("Successful Payment Receipt text is present on the Receipt page"): null

28-08-2024T20:11:57 - [TEST_STEP][PASSED] - markPassed("Successful Payment Receipt text is present on the Receipt page"): Successful Payment Receipt text is present on the Receipt page

28-08-2024T20:11:57 - [MESSAGE][PASSED] - Successful Payment Receipt text is present on the Receipt page

28-08-2024T20:11:57 - [TEST_STEP][PASSED] - resText = "Pass": null

28-08-2024T20:11:57 - [TEST_STEP][PASSED] - pages.WriteExcel.demoKey(resText, datText, resColumn, datCloumn, fileLoc, nameSheet, row): pages.WriteExcel.demoKey is PASSED

28-08-2024T20:11:57 - [MESSAGE][PASSED] - pages.WriteExcel.demoKey is PASSED

28-08-2024T20:11:57 - [TEST_STEP][PASSED] - closeBrowser(): Browser is closed

28-08-2024T20:11:58 - [MESSAGE][PASSED] - Browser is closed]]></system-out>
         <system-err><![CDATA[]]></system-err>
      </testcase>
      <testcase name="Test Cases/IntegratedWeb/IWP25/Payments/NoModifyAmountPS" time="88.26" classname="Test Cases/IntegratedWeb/IWP25/Payments/NoModifyAmountPS" status="PASSED">
         <system-out><![CDATA[28-08-2024T20:11:58 - [TEST_CASE][PASSED] - Test Cases/IntegratedWeb/IWP25/Payments/NoModifyAmountPS: Test Cases/IntegratedWeb/IWP25/Payments/NoModifyAmountPS

28-08-2024T20:11:58 - [TEST_STEP][PASSED] - resText = "Fail": null

28-08-2024T20:11:58 - [TEST_STEP][PASSED] - resColumn = "Result": null

28-08-2024T20:11:58 - [TEST_STEP][PASSED] - datCloumn = "Date": null

28-08-2024T20:11:58 - [TEST_STEP][PASSED] - fileLoc = "KatalonData/IWPTestData/VRelay25Payments.xlsx": null

28-08-2024T20:11:58 - [TEST_STEP][PASSED] - numOfRows = <not implemented yet for class: org.codehaus.groovy.ast.expr.EmptyExpression>: null

28-08-2024T20:11:58 - [TEST_STEP][PASSED] - dataFile = <not implemented yet for class: org.codehaus.groovy.ast.expr.EmptyExpression>: null

28-08-2024T20:11:58 - [TEST_STEP][PASSED] - nameSheet = <not implemented yet for class: org.codehaus.groovy.ast.expr.EmptyExpression>: null

28-08-2024T20:11:58 - [TEST_STEP][PASSED] - dataFileEmulator = <not implemented yet for class: org.codehaus.groovy.ast.expr.EmptyExpression>: null

28-08-2024T20:11:58 - [TEST_STEP][PASSED] - isRequiredTextPresent = false: null

28-08-2024T20:11:58 - [TEST_STEP][PASSED] - nameSheet = "NoModifyAmountPS": null

28-08-2024T20:11:58 - [TEST_STEP][PASSED] - dataFile = "IWPTestData/IWP25NoModifyAmountPS": null

28-08-2024T20:11:58 - [TEST_STEP][PASSED] - dataFileEmulator = "IWPTestData/EmulatorData": null

28-08-2024T20:11:58 - [TEST_STEP][PASSED] - numOfRows = findTestData(dataFile).getRowNumbers(): null

28-08-2024T20:11:58 - [TEST_STEP][PASSED] - println("Number of Records: " + numOfRows): null

28-08-2024T20:11:58 - [TEST_STEP][PASSED] - for ([row = 1, row <= numOfRows, (row++)]): Browser is closed

28-08-2024T20:11:58 - [TEST_STEP][PASSED] - ExecuteTC = findTestData(dataFile).getValue("Execute", row): null

28-08-2024T20:11:58 - [TEST_STEP][PASSED] - out.println("Value of Execute is : " + ExecuteTC): null

28-08-2024T20:11:58 - [TEST_STEP][PASSED] - if (ExecuteTC.equalsIgnoreCase("Y")): null

28-08-2024T20:11:58 - [TEST_STEP][PASSED] - out.println("Begin Record Number: " + row): null

28-08-2024T20:11:58 - [TEST_STEP][PASSED] - today = new java.util.Date(): null

28-08-2024T20:11:58 - [TEST_STEP][PASSED] - println(today): null

28-08-2024T20:11:58 - [TEST_STEP][PASSED] - datText = today: null

28-08-2024T20:11:58 - [TEST_STEP][PASSED] - EmulatorDataKey = findTestData(dataFile).getValue("EmulatorData", row): null

28-08-2024T20:11:58 - [TEST_STEP][PASSED] - out.println("Value of Emulator Key is : " + EmulatorDataKey): null

28-08-2024T20:11:58 - [TEST_STEP][PASSED] - iwpPages.emulatorIWP30.setDataEmulator_DD(EmulatorDataKey): iwpPages.emulatorIWP30.setDataEmulator_DD is PASSED

28-08-2024T20:11:59 - [MESSAGE][INFO] - Starting 'Edge Chromium' driver

28-08-2024T20:11:59 - [MESSAGE][INFO] - User set preference: ['acceptInsecureCerts', 'true']

28-08-2024T20:12:03 - [MESSAGE][INFO] - Action delay is set to 0 milliseconds

28-08-2024T20:12:08 - [MESSAGE][PASSED] - Browser is opened with url: 'https://qa2.velocitypayment.com/agency/config.do?action=editor&message_version=2_5'

28-08-2024T20:12:09 - [MESSAGE][PASSED] - Current window maximized

28-08-2024T20:12:09 - [MESSAGE][PASSED] - All options with value '2.5' are selected in object 'Object Repository/IWP30/Page_VRelay30Emulator/MV'  using regular expression

28-08-2024T20:12:10 - [MESSAGE][PASSED] - Text '10.50' is set on object 'Object Repository/IWP30/Page_VRelay30Emulator/Amount'

28-08-2024T20:12:12 - [MESSAGE][PASSED] - Text '26413255' is set on object 'Object Repository/IWP30/Page_VRelay30Emulator/CAN'

28-08-2024T20:12:13 - [MESSAGE][PASSED] - Text 'PayNow' is set on object 'Object Repository/IWP30/Page_VRelay30Emulator/Action'

28-08-2024T20:12:14 - [MESSAGE][PASSED] - Text 'en_US' is set on object 'Object Repository/IWP30/Page_VRelay30Emulator/Lang'

28-08-2024T20:12:15 - [MESSAGE][PASSED] - Text 'Jasmine' is set on object 'Object Repository/IWP30/Page_VRelay30Emulator/Fname'

28-08-2024T20:12:15 - [MESSAGE][PASSED] - Text 'Patrinol' is set on object 'Object Repository/IWP30/Page_VRelay30Emulator/Lname'

28-08-2024T20:12:16 - [MESSAGE][PASSED] - Text '258 Underwood rd' is set on object 'Object Repository/IWP30/Page_VRelay30Emulator/AL1'

28-08-2024T20:12:16 - [MESSAGE][PASSED] - Text 'Suite 600' is set on object 'Object Repository/IWP30/Page_VRelay30Emulator/AL2'

28-08-2024T20:12:17 - [MESSAGE][PASSED] - Text '840' is set on object 'Object Repository/IWP30/Page_VRelay30Emulator/Country'

28-08-2024T20:12:18 - [MESSAGE][PASSED] - Text 'Arlington' is set on object 'Object Repository/IWP30/Page_VRelay30Emulator/City'

28-08-2024T20:12:20 - [MESSAGE][PASSED] - Text 'VA' is set on object 'Object Repository/IWP30/Page_VRelay30Emulator/State'

28-08-2024T20:12:21 - [MESSAGE][PASSED] - Text '22201' is set on object 'Object Repository/IWP30/Page_VRelay30Emulator/ZIP'

28-08-2024T20:12:21 - [MESSAGE][PASSED] - Text '' is set on object 'Object Repository/IWP30/Page_VRelay30Emulator/Order'

28-08-2024T20:12:22 - [MESSAGE][PASSED] - Text 'Some Company' is set on object 'Object Repository/IWP30/Page_VRelay30Emulator/Company'

28-08-2024T20:12:23 - [MESSAGE][PASSED] - Text 'iahmed@govolution.com' is set on object 'Object Repository/IWP30/Page_VRelay30Emulator/Email'

28-08-2024T20:12:23 - [MESSAGE][PASSED] - Text 'udf data 1' is set on object 'Object Repository/IWP30/Page_VRelay30Emulator/UDF1'

28-08-2024T20:12:24 - [MESSAGE][PASSED] - Text 'udf data 2' is set on object 'Object Repository/IWP30/Page_VRelay30Emulator/UDF2'

28-08-2024T20:12:25 - [MESSAGE][PASSED] - Text 'udf data 3' is set on object 'Object Repository/IWP30/Page_VRelay30Emulator/UDF3'

28-08-2024T20:12:27 - [MESSAGE][PASSED] - Text 'udf data 4' is set on object 'Object Repository/IWP30/Page_VRelay30Emulator/UDF4'

28-08-2024T20:12:27 - [MESSAGE][PASSED] - Text 'udf data 5' is set on object 'Object Repository/IWP30/Page_VRelay30Emulator/UDF5'

28-08-2024T20:12:28 - [MESSAGE][PASSED] - Text 'udf data 6' is set on object 'Object Repository/IWP30/Page_VRelay30Emulator/UDF6'

28-08-2024T20:12:29 - [MESSAGE][PASSED] - Text 'Orange' is set on object 'Object Repository/IWP30/Page_VRelay30Emulator/UDF7'

28-08-2024T20:12:29 - [MESSAGE][PASSED] - Text 'Soccer' is set on object 'Object Repository/IWP30/Page_VRelay30Emulator/UDF8'

28-08-2024T20:12:30 - [MESSAGE][PASSED] - Text 'udf data 9' is set on object 'Object Repository/IWP30/Page_VRelay30Emulator/UDF9'

28-08-2024T20:12:30 - [MESSAGE][PASSED] - Text 'udf data 10' is set on object 'Object Repository/IWP30/Page_VRelay30Emulator/UDF10'

28-08-2024T20:12:32 - [MESSAGE][PASSED] - Object: 'Object Repository/IWP30/Page_VRelay30Emulator/Submit' is clicked on

28-08-2024T20:12:37 - [MESSAGE][PASSED] - Browser is closed

28-08-2024T20:12:41 - [MESSAGE][PASSED] - iwpPages.emulatorIWP30.setDataEmulator_DD is PASSED

28-08-2024T20:12:41 - [TEST_STEP][PASSED] - testHarnessURL = urlTestHarness: null

28-08-2024T20:12:41 - [TEST_STEP][PASSED] - openBrowser(testHarnessURL): Browser is opened with url: 'https://dev-algorithm.govolution.com/vrelaytest/QA2/version_2_2/vrelaytest.html'

28-08-2024T20:12:41 - [MESSAGE][INFO] - Starting 'Edge Chromium' driver

28-08-2024T20:12:41 - [MESSAGE][INFO] - User set preference: ['acceptInsecureCerts', 'true']

28-08-2024T20:12:44 - [MESSAGE][INFO] - Action delay is set to 0 milliseconds

28-08-2024T20:12:49 - [MESSAGE][PASSED] - Browser is opened with url: 'https://dev-algorithm.govolution.com/vrelaytest/QA2/version_2_2/vrelaytest.html'

28-08-2024T20:12:49 - [TEST_STEP][PASSED] - maximizeWindow(): Current window maximized

28-08-2024T20:12:50 - [MESSAGE][PASSED] - Current window maximized

28-08-2024T20:12:50 - [TEST_STEP][PASSED] - iwpPages.TestHarnessPage.setDataMethod(row, dataFile): iwpPages.TestHarnessPage.setDataMethod is PASSED

28-08-2024T20:12:50 - [MESSAGE][PASSED] - Object 'Object Repository/IWP30/Page_QATestHarness/RemittanceID' is present

28-08-2024T20:12:51 - [MESSAGE][PASSED] - Text '654' is set on object 'Object Repository/IWP30/Page_QATestHarness/ApplicationID'

28-08-2024T20:12:51 - [MESSAGE][PASSED] - Text '2.5' is set on object 'Object Repository/IWP30/Page_QATestHarness/MessageVersion'

28-08-2024T20:12:52 - [MESSAGE][PASSED] - Text 'cbQa9eXwmYMb' is set on object 'Object Repository/IWP30/Page_QATestHarness/RemittanceID'

28-08-2024T20:12:56 - [MESSAGE][PASSED] - Object: 'Object Repository/IWP30/Page_QATestHarness/SubmitButton' is clicked on

28-08-2024T20:12:56 - [MESSAGE][PASSED] - iwpPages.TestHarnessPage.setDataMethod is PASSED

28-08-2024T20:12:56 - [TEST_STEP][PASSED] - click(findTestObject("Object Repository/IWP30/Page_SelectPaymentMethod/PayByPersonalCheck")): Object: 'Object Repository/IWP30/Page_SelectPaymentMethod/PayByPersonalCheck' is clicked on

28-08-2024T20:12:57 - [MESSAGE][PASSED] - Object: 'Object Repository/IWP30/Page_SelectPaymentMethod/PayByPersonalCheck' is clicked on

28-08-2024T20:12:57 - [TEST_STEP][PASSED] - click(findTestObject("Object Repository/IWP30/Page_SelectPaymentMethod/MakePaymentButton")): Object: 'Object Repository/IWP30/Page_SelectPaymentMethod/MakePaymentButton' is clicked on

28-08-2024T20:12:59 - [MESSAGE][PASSED] - Object: 'Object Repository/IWP30/Page_SelectPaymentMethod/MakePaymentButton' is clicked on

28-08-2024T20:12:59 - [TEST_STEP][PASSED] - if (verifyElementNotPresent(findTestObject("Object Repository/IWP30/Page_ACHPersonalPaymentEntry/txt_Amount"), 30) && verifyTextPresent("$ 10.50", false)): null

28-08-2024T20:13:00 - [MESSAGE][PASSED] - Web element with id: 'Object Repository/IWP30/Page_ACHPersonalPaymentEntry/txt_Amount' located by 'By.xpath: //*[@type = 'text' and @name = 'amount']' is not present after '30' second(s)

28-08-2024T20:13:00 - [MESSAGE][PASSED] - Text '$ 10.50' is present on page 

28-08-2024T20:13:00 - [TEST_STEP][PASSED] - iwpPages.achPersonalPaymentEntryPage.setDataACHPPM(row, dataFile): iwpPages.achPersonalPaymentEntryPage.setDataACHPPM is PASSED

28-08-2024T20:13:02 - [MESSAGE][PASSED] - Object 'Object Repository/IWP30/Page_ACHPersonalPaymentEntry/txt_accountNumber' is present

28-08-2024T20:13:02 - [MESSAGE][PASSED] - Object 'Object Repository/IWP30/Page_ACHPersonalPaymentEntry/txt_UDF2' is present

28-08-2024T20:13:02 - [MESSAGE][PASSED] - Object 'Object Repository/IWP30/Page_ACHPersonalPaymentEntry/txt_Firstname' is present

28-08-2024T20:13:03 - [MESSAGE][PASSED] - Text 'Elizath' is set on object 'Object Repository/IWP30/Page_ACHPersonalPaymentEntry/txt_Firstname'

28-08-2024T20:13:04 - [MESSAGE][PASSED] - Object 'Object Repository/IWP30/Page_ACHPersonalPaymentEntry/txt_Lastname' is present

28-08-2024T20:13:04 - [MESSAGE][PASSED] - Text 'Christine' is set on object 'Object Repository/IWP30/Page_ACHPersonalPaymentEntry/txt_Lastname'

28-08-2024T20:13:05 - [MESSAGE][PASSED] - Object 'Object Repository/IWP30/Page_ACHPersonalPaymentEntry/txt_routingNumber' is present

28-08-2024T20:13:05 - [MESSAGE][PASSED] - Text '256072691' is set on object 'Object Repository/IWP30/Page_ACHPersonalPaymentEntry/txt_routingNumber'

28-08-2024T20:13:05 - [MESSAGE][PASSED] - Object 'Object Repository/IWP30/Page_ACHPersonalPaymentEntry/txt_accountNumber' is present

28-08-2024T20:13:07 - [MESSAGE][PASSED] - Text '12344444' is set on object 'Object Repository/IWP30/Page_ACHPersonalPaymentEntry/txt_accountNumber'

28-08-2024T20:13:07 - [MESSAGE][PASSED] - Object 'Object Repository/IWP30/Page_ACHPersonalPaymentEntry/txt_confirmAccountNumber' is present

28-08-2024T20:13:09 - [MESSAGE][PASSED] - Text '12344444' is set on object 'Object Repository/IWP30/Page_ACHPersonalPaymentEntry/txt_confirmAccountNumber'

28-08-2024T20:13:09 - [MESSAGE][PASSED] - Object 'Object Repository/IWP30/Page_ACHPersonalPaymentEntry/rd_accountType' is present

28-08-2024T20:13:09 - [MESSAGE][PASSED] - Modify property of object successfully

28-08-2024T20:13:10 - [MESSAGE][PASSED] - Object: 'Object Repository/IWP30/Page_ACHPersonalPaymentEntry/rd_accountType' is clicked on

28-08-2024T20:13:10 - [MESSAGE][PASSED] - Object 'Object Repository/IWP30/Page_ACHPersonalPaymentEntry/txt_Email' is present

28-08-2024T20:13:10 - [MESSAGE][PASSED] - Object 'Object Repository/IWP30/Page_ACHPersonalPaymentEntry/cb_TermsAndCond' is present

28-08-2024T20:13:11 - [MESSAGE][PASSED] - Object: 'Object Repository/IWP30/Page_ACHPersonalPaymentEntry/cb_TermsAndCond' is clicked on

28-08-2024T20:13:11 - [MESSAGE][PASSED] - Object 'Object Repository/IWP30/Page_ACHPersonalPaymentEntry/btn_Continue' is present

28-08-2024T20:13:13 - [MESSAGE][PASSED] - Object: 'Object Repository/IWP30/Page_ACHPersonalPaymentEntry/btn_Continue' is clicked on

28-08-2024T20:13:13 - [MESSAGE][PASSED] - iwpPages.achPersonalPaymentEntryPage.setDataACHPPM is PASSED

28-08-2024T20:13:13 - [TEST_STEP][PASSED] - click(findTestObject("Object Repository/IWP30/Page_Confirmation/ConfirmButton")): Object: 'Object Repository/IWP30/Page_Confirmation/ConfirmButton' is clicked on

28-08-2024T20:13:14 - [MESSAGE][PASSED] - Object: 'Object Repository/IWP30/Page_Confirmation/ConfirmButton' is clicked on

28-08-2024T20:13:14 - [TEST_STEP][PASSED] - Thread.sleep(10000): null

28-08-2024T20:13:24 - [TEST_STEP][PASSED] - if (verifyTextPresent("Successful Payment Receipt", false)): null

28-08-2024T20:13:24 - [MESSAGE][PASSED] - Text 'Successful Payment Receipt' is present on page 

28-08-2024T20:13:24 - [TEST_STEP][PASSED] - println("Successful Payment Receipt text is present on the Receipt page"): null

28-08-2024T20:13:24 - [TEST_STEP][PASSED] - markPassed("Successful Payment Receipt text is present on the Receipt page"): Successful Payment Receipt text is present on the Receipt page

28-08-2024T20:13:24 - [MESSAGE][PASSED] - Successful Payment Receipt text is present on the Receipt page

28-08-2024T20:13:24 - [TEST_STEP][PASSED] - resText = "Pass": null

28-08-2024T20:13:24 - [TEST_STEP][PASSED] - pages.WriteExcel.demoKey(resText, datText, resColumn, datCloumn, fileLoc, nameSheet, row): pages.WriteExcel.demoKey is PASSED

28-08-2024T20:13:24 - [MESSAGE][PASSED] - pages.WriteExcel.demoKey is PASSED

28-08-2024T20:13:24 - [TEST_STEP][PASSED] - closeBrowser(): Browser is closed

28-08-2024T20:13:26 - [MESSAGE][PASSED] - Browser is closed]]></system-out>
         <system-err><![CDATA[]]></system-err>
      </testcase>
      <testcase name="Test Cases/IntegratedWeb/IWP25/Payments/OverAndUnderPayCorp" time="181.578" classname="Test Cases/IntegratedWeb/IWP25/Payments/OverAndUnderPayCorp" status="PASSED">
         <system-out><![CDATA[28-08-2024T20:13:26 - [TEST_CASE][PASSED] - Test Cases/IntegratedWeb/IWP25/Payments/OverAndUnderPayCorp: Test Cases/IntegratedWeb/IWP25/Payments/OverAndUnderPayCorp

28-08-2024T20:13:26 - [TEST_STEP][PASSED] - resText = "Fail": null

28-08-2024T20:13:26 - [TEST_STEP][PASSED] - resColumn = "Result": null

28-08-2024T20:13:26 - [TEST_STEP][PASSED] - datCloumn = "Date": null

28-08-2024T20:13:26 - [TEST_STEP][PASSED] - fileLoc = "KatalonData/IWPTestData/VRelay25Payments.xlsx": null

28-08-2024T20:13:26 - [TEST_STEP][PASSED] - numOfRows = <not implemented yet for class: org.codehaus.groovy.ast.expr.EmptyExpression>: null

28-08-2024T20:13:26 - [TEST_STEP][PASSED] - dataFile = <not implemented yet for class: org.codehaus.groovy.ast.expr.EmptyExpression>: null

28-08-2024T20:13:26 - [TEST_STEP][PASSED] - nameSheet = <not implemented yet for class: org.codehaus.groovy.ast.expr.EmptyExpression>: null

28-08-2024T20:13:26 - [TEST_STEP][PASSED] - dataFileEmulator = <not implemented yet for class: org.codehaus.groovy.ast.expr.EmptyExpression>: null

28-08-2024T20:13:26 - [TEST_STEP][PASSED] - isRequiredTextPresent = false: null

28-08-2024T20:13:26 - [TEST_STEP][PASSED] - nameSheet = "OverAndUnderPayCorp": null

28-08-2024T20:13:26 - [TEST_STEP][PASSED] - dataFile = "IWPTestData/IWP25OverAndUnderPayCorp": null

28-08-2024T20:13:26 - [TEST_STEP][PASSED] - dataFileEmulator = "IWPTestData/EmulatorData": null

28-08-2024T20:13:26 - [TEST_STEP][PASSED] - numOfRows = findTestData(dataFile).getRowNumbers(): null

28-08-2024T20:13:27 - [TEST_STEP][PASSED] - println("Number of Records: " + numOfRows): null

28-08-2024T20:13:27 - [TEST_STEP][PASSED] - for ([row = 1, row <= numOfRows, (row++)]): Browser is closed

28-08-2024T20:13:27 - [TEST_STEP][PASSED] - ExecuteTC = findTestData(dataFile).getValue("Execute", row): null

28-08-2024T20:13:27 - [TEST_STEP][PASSED] - out.println("Value of Execute is : " + ExecuteTC): null

28-08-2024T20:13:27 - [TEST_STEP][PASSED] - if (ExecuteTC.equalsIgnoreCase("Y")): null

28-08-2024T20:13:27 - [TEST_STEP][PASSED] - out.println("Begin Record Number: " + row): null

28-08-2024T20:13:27 - [TEST_STEP][PASSED] - today = new java.util.Date(): null

28-08-2024T20:13:27 - [TEST_STEP][PASSED] - println(today): null

28-08-2024T20:13:27 - [TEST_STEP][PASSED] - datText = today: null

28-08-2024T20:13:27 - [TEST_STEP][PASSED] - EmulatorDataKey = findTestData(dataFile).getValue("EmulatorData", row): null

28-08-2024T20:13:27 - [TEST_STEP][PASSED] - out.println("Value of Emulator Key is : " + EmulatorDataKey): null

28-08-2024T20:13:27 - [TEST_STEP][PASSED] - iwpPages.emulatorIWP30.setDataEmulator_DD(EmulatorDataKey): iwpPages.emulatorIWP30.setDataEmulator_DD is PASSED

28-08-2024T20:13:28 - [MESSAGE][INFO] - Starting 'Edge Chromium' driver

28-08-2024T20:13:28 - [MESSAGE][INFO] - User set preference: ['acceptInsecureCerts', 'true']

28-08-2024T20:13:31 - [MESSAGE][INFO] - Action delay is set to 0 milliseconds

28-08-2024T20:13:35 - [MESSAGE][PASSED] - Browser is opened with url: 'https://qa2.velocitypayment.com/agency/config.do?action=editor&message_version=2_5'

28-08-2024T20:13:35 - [MESSAGE][PASSED] - Current window maximized

28-08-2024T20:13:36 - [MESSAGE][PASSED] - All options with value '2.5' are selected in object 'Object Repository/IWP30/Page_VRelay30Emulator/MV'  using regular expression

28-08-2024T20:13:37 - [MESSAGE][PASSED] - Text '10.50' is set on object 'Object Repository/IWP30/Page_VRelay30Emulator/Amount'

28-08-2024T20:13:38 - [MESSAGE][PASSED] - Text '26413255' is set on object 'Object Repository/IWP30/Page_VRelay30Emulator/CAN'

28-08-2024T20:13:40 - [MESSAGE][PASSED] - Text 'PayNow' is set on object 'Object Repository/IWP30/Page_VRelay30Emulator/Action'

28-08-2024T20:13:41 - [MESSAGE][PASSED] - Text 'en_US' is set on object 'Object Repository/IWP30/Page_VRelay30Emulator/Lang'

28-08-2024T20:13:41 - [MESSAGE][PASSED] - Text 'Jasmine' is set on object 'Object Repository/IWP30/Page_VRelay30Emulator/Fname'

28-08-2024T20:13:42 - [MESSAGE][PASSED] - Text 'Patrinol' is set on object 'Object Repository/IWP30/Page_VRelay30Emulator/Lname'

28-08-2024T20:13:43 - [MESSAGE][PASSED] - Text '258 Underwood rd' is set on object 'Object Repository/IWP30/Page_VRelay30Emulator/AL1'

28-08-2024T20:13:43 - [MESSAGE][PASSED] - Text 'Suite 600' is set on object 'Object Repository/IWP30/Page_VRelay30Emulator/AL2'

28-08-2024T20:13:44 - [MESSAGE][PASSED] - Text '840' is set on object 'Object Repository/IWP30/Page_VRelay30Emulator/Country'

28-08-2024T20:13:44 - [MESSAGE][PASSED] - Text 'Arlington' is set on object 'Object Repository/IWP30/Page_VRelay30Emulator/City'

28-08-2024T20:13:46 - [MESSAGE][PASSED] - Text 'VA' is set on object 'Object Repository/IWP30/Page_VRelay30Emulator/State'

28-08-2024T20:13:47 - [MESSAGE][PASSED] - Text '22201' is set on object 'Object Repository/IWP30/Page_VRelay30Emulator/ZIP'

28-08-2024T20:13:48 - [MESSAGE][PASSED] - Text '' is set on object 'Object Repository/IWP30/Page_VRelay30Emulator/Order'

28-08-2024T20:13:48 - [MESSAGE][PASSED] - Text 'Some Company' is set on object 'Object Repository/IWP30/Page_VRelay30Emulator/Company'

28-08-2024T20:13:49 - [MESSAGE][PASSED] - Text 'iahmed@govolution.com' is set on object 'Object Repository/IWP30/Page_VRelay30Emulator/Email'

28-08-2024T20:13:50 - [MESSAGE][PASSED] - Text 'udf data 1' is set on object 'Object Repository/IWP30/Page_VRelay30Emulator/UDF1'

28-08-2024T20:13:50 - [MESSAGE][PASSED] - Text 'udf data 2' is set on object 'Object Repository/IWP30/Page_VRelay30Emulator/UDF2'

28-08-2024T20:13:51 - [MESSAGE][PASSED] - Text 'udf data 3' is set on object 'Object Repository/IWP30/Page_VRelay30Emulator/UDF3'

28-08-2024T20:13:52 - [MESSAGE][PASSED] - Text 'udf data 4' is set on object 'Object Repository/IWP30/Page_VRelay30Emulator/UDF4'

28-08-2024T20:13:54 - [MESSAGE][PASSED] - Text 'udf data 5' is set on object 'Object Repository/IWP30/Page_VRelay30Emulator/UDF5'

28-08-2024T20:13:55 - [MESSAGE][PASSED] - Text 'udf data 6' is set on object 'Object Repository/IWP30/Page_VRelay30Emulator/UDF6'

28-08-2024T20:13:55 - [MESSAGE][PASSED] - Text 'Orange' is set on object 'Object Repository/IWP30/Page_VRelay30Emulator/UDF7'

28-08-2024T20:13:56 - [MESSAGE][PASSED] - Text 'Soccer' is set on object 'Object Repository/IWP30/Page_VRelay30Emulator/UDF8'

28-08-2024T20:13:57 - [MESSAGE][PASSED] - Text 'udf data 9' is set on object 'Object Repository/IWP30/Page_VRelay30Emulator/UDF9'

28-08-2024T20:13:57 - [MESSAGE][PASSED] - Text 'udf data 10' is set on object 'Object Repository/IWP30/Page_VRelay30Emulator/UDF10'

28-08-2024T20:13:59 - [MESSAGE][PASSED] - Object: 'Object Repository/IWP30/Page_VRelay30Emulator/Submit' is clicked on

28-08-2024T20:14:06 - [MESSAGE][PASSED] - Browser is closed

28-08-2024T20:14:10 - [MESSAGE][PASSED] - iwpPages.emulatorIWP30.setDataEmulator_DD is PASSED

28-08-2024T20:14:10 - [TEST_STEP][PASSED] - testHarnessURL = urlTestHarness: null

28-08-2024T20:14:10 - [TEST_STEP][PASSED] - openBrowser(testHarnessURL): Browser is opened with url: 'https://dev-algorithm.govolution.com/vrelaytest/QA2/version_2_2/vrelaytest.html'

28-08-2024T20:14:10 - [MESSAGE][INFO] - Starting 'Edge Chromium' driver

28-08-2024T20:14:10 - [MESSAGE][INFO] - User set preference: ['acceptInsecureCerts', 'true']

28-08-2024T20:14:13 - [MESSAGE][INFO] - Action delay is set to 0 milliseconds

28-08-2024T20:14:18 - [MESSAGE][PASSED] - Browser is opened with url: 'https://dev-algorithm.govolution.com/vrelaytest/QA2/version_2_2/vrelaytest.html'

28-08-2024T20:14:18 - [TEST_STEP][PASSED] - maximizeWindow(): Current window maximized

28-08-2024T20:14:18 - [MESSAGE][PASSED] - Current window maximized

28-08-2024T20:14:18 - [TEST_STEP][PASSED] - iwpPages.TestHarnessPage.setDataMethod(row, dataFile): iwpPages.TestHarnessPage.setDataMethod is PASSED

28-08-2024T20:14:19 - [MESSAGE][PASSED] - Object 'Object Repository/IWP30/Page_QATestHarness/RemittanceID' is present

28-08-2024T20:14:19 - [MESSAGE][PASSED] - Text '638' is set on object 'Object Repository/IWP30/Page_QATestHarness/ApplicationID'

28-08-2024T20:14:20 - [MESSAGE][PASSED] - Text '2.5' is set on object 'Object Repository/IWP30/Page_QATestHarness/MessageVersion'

28-08-2024T20:14:21 - [MESSAGE][PASSED] - Text 'HXpyIYY3tcCT' is set on object 'Object Repository/IWP30/Page_QATestHarness/RemittanceID'

28-08-2024T20:14:26 - [MESSAGE][PASSED] - Object: 'Object Repository/IWP30/Page_QATestHarness/SubmitButton' is clicked on

28-08-2024T20:14:26 - [MESSAGE][PASSED] - iwpPages.TestHarnessPage.setDataMethod is PASSED

28-08-2024T20:14:26 - [TEST_STEP][PASSED] - click(findTestObject("Object Repository/IWP30/Page_SelectPaymentMethod/PayByCorporateCheck")): Object: 'Object Repository/IWP30/Page_SelectPaymentMethod/PayByCorporateCheck' is clicked on

28-08-2024T20:14:26 - [MESSAGE][PASSED] - Object: 'Object Repository/IWP30/Page_SelectPaymentMethod/PayByCorporateCheck' is clicked on

28-08-2024T20:14:26 - [TEST_STEP][PASSED] - click(findTestObject("Object Repository/IWP30/Page_SelectPaymentMethod/MakePaymentButton")): Object: 'Object Repository/IWP30/Page_SelectPaymentMethod/MakePaymentButton' is clicked on

28-08-2024T20:14:30 - [MESSAGE][PASSED] - Object: 'Object Repository/IWP30/Page_SelectPaymentMethod/MakePaymentButton' is clicked on

28-08-2024T20:14:30 - [TEST_STEP][PASSED] - iwpPages.achCorporatePaymentEntryPage.setDataCorporate(row, dataFile): iwpPages.achCorporatePaymentEntryPage.setDataCorporate is PASSED

28-08-2024T20:14:31 - [MESSAGE][PASSED] - Object 'Object Repository/IWP30/Page_ACHCorporatePaymentEntry/txt_accountNumber' is present

28-08-2024T20:14:31 - [MESSAGE][PASSED] - Object 'Object Repository/IWP30/Page_ACHCorporatePaymentEntry/input_CompanyName' is present

28-08-2024T20:14:32 - [MESSAGE][PASSED] - Text 'My Company' is set on object 'Object Repository/IWP30/Page_ACHCorporatePaymentEntry/input_CompanyName'

28-08-2024T20:14:32 - [MESSAGE][PASSED] - Object 'Object Repository/IWP30/Page_ACHCorporatePaymentEntry/input_EIN' is present

28-08-2024T20:14:33 - [MESSAGE][PASSED] - Text '123456789' is set on object 'Object Repository/IWP30/Page_ACHCorporatePaymentEntry/input_EIN'

28-08-2024T20:14:33 - [MESSAGE][PASSED] - Text '11.50' is set on object 'Object Repository/IWP30/Page_ACHCorporatePaymentEntry/txt_Amount'

28-08-2024T20:14:34 - [MESSAGE][PASSED] - All options with label 'Soccer' are selected in object 'Object Repository/IWP30/Page_ACHCorporatePaymentEntry/dd_UDF8' 

28-08-2024T20:14:34 - [MESSAGE][PASSED] - Object 'Object Repository/IWP30/Page_ACHCorporatePaymentEntry/txt_routingNumber' is present

28-08-2024T20:14:36 - [MESSAGE][PASSED] - Text '256072691' is set on object 'Object Repository/IWP30/Page_ACHCorporatePaymentEntry/txt_routingNumber'

28-08-2024T20:14:36 - [MESSAGE][PASSED] - Object 'Object Repository/IWP30/Page_ACHCorporatePaymentEntry/txt_accountNumber' is present

28-08-2024T20:14:38 - [MESSAGE][PASSED] - Text '12344444' is set on object 'Object Repository/IWP30/Page_ACHCorporatePaymentEntry/txt_accountNumber'

28-08-2024T20:14:39 - [MESSAGE][PASSED] - Object 'Object Repository/IWP30/Page_ACHCorporatePaymentEntry/txt_confirmAccountNumber' is present

28-08-2024T20:14:39 - [MESSAGE][PASSED] - Text '12344444' is set on object 'Object Repository/IWP30/Page_ACHCorporatePaymentEntry/txt_confirmAccountNumber'

28-08-2024T20:14:39 - [MESSAGE][PASSED] - Object 'Object Repository/IWP30/Page_ACHCorporatePaymentEntry/txt_Email' is present

28-08-2024T20:14:40 - [MESSAGE][PASSED] - Object 'Object Repository/IWP30/Page_ACHCorporatePaymentEntry/cb_TermsAndCond' is present

28-08-2024T20:14:40 - [MESSAGE][PASSED] - Object: 'Object Repository/IWP30/Page_ACHCorporatePaymentEntry/cb_TermsAndCond' is clicked on

28-08-2024T20:14:40 - [MESSAGE][PASSED] - Object 'Object Repository/IWP30/Page_ACHCorporatePaymentEntry/btn_Continue' is present

28-08-2024T20:14:42 - [MESSAGE][PASSED] - Object: 'Object Repository/IWP30/Page_ACHCorporatePaymentEntry/btn_Continue' is clicked on

28-08-2024T20:14:42 - [MESSAGE][PASSED] - iwpPages.achCorporatePaymentEntryPage.setDataCorporate is PASSED

28-08-2024T20:14:42 - [TEST_STEP][PASSED] - click(findTestObject("Object Repository/IWP30/Page_Confirmation/ConfirmButton")): Object: 'Object Repository/IWP30/Page_Confirmation/ConfirmButton' is clicked on

28-08-2024T20:14:45 - [MESSAGE][PASSED] - Object: 'Object Repository/IWP30/Page_Confirmation/ConfirmButton' is clicked on

28-08-2024T20:14:45 - [TEST_STEP][PASSED] - Thread.sleep(10000): null

28-08-2024T20:14:55 - [TEST_STEP][PASSED] - if (verifyTextPresent("Successful Payment Receipt", false)): null

28-08-2024T20:14:56 - [MESSAGE][PASSED] - Text 'Successful Payment Receipt' is present on page 

28-08-2024T20:14:56 - [TEST_STEP][PASSED] - println("Successful Payment Receipt text is present on the Receipt page"): null

28-08-2024T20:14:56 - [TEST_STEP][PASSED] - markPassed("Successful Payment Receipt text is present on the Receipt page"): Successful Payment Receipt text is present on the Receipt page

28-08-2024T20:14:56 - [MESSAGE][PASSED] - Successful Payment Receipt text is present on the Receipt page

28-08-2024T20:14:56 - [TEST_STEP][PASSED] - resText = "Pass": null

28-08-2024T20:14:56 - [TEST_STEP][PASSED] - pages.WriteExcel.demoKey(resText, datText, resColumn, datCloumn, fileLoc, nameSheet, row): pages.WriteExcel.demoKey is PASSED

28-08-2024T20:14:56 - [MESSAGE][PASSED] - pages.WriteExcel.demoKey is PASSED

28-08-2024T20:14:56 - [TEST_STEP][PASSED] - closeBrowser(): Browser is closed

28-08-2024T20:14:57 - [MESSAGE][PASSED] - Browser is closed

28-08-2024T20:14:57 - [TEST_STEP][PASSED] - ExecuteTC = findTestData(dataFile).getValue("Execute", row): null

28-08-2024T20:14:57 - [TEST_STEP][PASSED] - out.println("Value of Execute is : " + ExecuteTC): null

28-08-2024T20:14:57 - [TEST_STEP][PASSED] - if (ExecuteTC.equalsIgnoreCase("Y")): null

28-08-2024T20:14:57 - [TEST_STEP][PASSED] - out.println("Begin Record Number: " + row): null

28-08-2024T20:14:57 - [TEST_STEP][PASSED] - today = new java.util.Date(): null

28-08-2024T20:14:57 - [TEST_STEP][PASSED] - println(today): null

28-08-2024T20:14:57 - [TEST_STEP][PASSED] - datText = today: null

28-08-2024T20:14:57 - [TEST_STEP][PASSED] - EmulatorDataKey = findTestData(dataFile).getValue("EmulatorData", row): null

28-08-2024T20:14:57 - [TEST_STEP][PASSED] - out.println("Value of Emulator Key is : " + EmulatorDataKey): null

28-08-2024T20:14:57 - [TEST_STEP][PASSED] - iwpPages.emulatorIWP30.setDataEmulator_DD(EmulatorDataKey): iwpPages.emulatorIWP30.setDataEmulator_DD is PASSED

28-08-2024T20:14:58 - [MESSAGE][INFO] - Starting 'Edge Chromium' driver

28-08-2024T20:14:58 - [MESSAGE][INFO] - User set preference: ['acceptInsecureCerts', 'true']

28-08-2024T20:15:00 - [MESSAGE][INFO] - Action delay is set to 0 milliseconds

28-08-2024T20:15:06 - [MESSAGE][PASSED] - Browser is opened with url: 'https://qa2.velocitypayment.com/agency/config.do?action=editor&message_version=2_5'

28-08-2024T20:15:07 - [MESSAGE][PASSED] - Current window maximized

28-08-2024T20:15:07 - [MESSAGE][PASSED] - All options with value '2.5' are selected in object 'Object Repository/IWP30/Page_VRelay30Emulator/MV'  using regular expression

28-08-2024T20:15:08 - [MESSAGE][PASSED] - Text '10.50' is set on object 'Object Repository/IWP30/Page_VRelay30Emulator/Amount'

28-08-2024T20:15:09 - [MESSAGE][PASSED] - Text '26413255' is set on object 'Object Repository/IWP30/Page_VRelay30Emulator/CAN'

28-08-2024T20:15:09 - [MESSAGE][PASSED] - Text 'PayNow' is set on object 'Object Repository/IWP30/Page_VRelay30Emulator/Action'

28-08-2024T20:15:10 - [MESSAGE][PASSED] - Text 'en_US' is set on object 'Object Repository/IWP30/Page_VRelay30Emulator/Lang'

28-08-2024T20:15:12 - [MESSAGE][PASSED] - Text 'Jasmine' is set on object 'Object Repository/IWP30/Page_VRelay30Emulator/Fname'

28-08-2024T20:15:13 - [MESSAGE][PASSED] - Text 'Patrinol' is set on object 'Object Repository/IWP30/Page_VRelay30Emulator/Lname'

28-08-2024T20:15:14 - [MESSAGE][PASSED] - Text '258 Underwood rd' is set on object 'Object Repository/IWP30/Page_VRelay30Emulator/AL1'

28-08-2024T20:15:14 - [MESSAGE][PASSED] - Text 'Suite 600' is set on object 'Object Repository/IWP30/Page_VRelay30Emulator/AL2'

28-08-2024T20:15:15 - [MESSAGE][PASSED] - Text '840' is set on object 'Object Repository/IWP30/Page_VRelay30Emulator/Country'

28-08-2024T20:15:16 - [MESSAGE][PASSED] - Text 'Arlington' is set on object 'Object Repository/IWP30/Page_VRelay30Emulator/City'

28-08-2024T20:15:16 - [MESSAGE][PASSED] - Text 'VA' is set on object 'Object Repository/IWP30/Page_VRelay30Emulator/State'

28-08-2024T20:15:17 - [MESSAGE][PASSED] - Text '22201' is set on object 'Object Repository/IWP30/Page_VRelay30Emulator/ZIP'

28-08-2024T20:15:18 - [MESSAGE][PASSED] - Text '' is set on object 'Object Repository/IWP30/Page_VRelay30Emulator/Order'

28-08-2024T20:15:20 - [MESSAGE][PASSED] - Text 'Some Company' is set on object 'Object Repository/IWP30/Page_VRelay30Emulator/Company'

28-08-2024T20:15:21 - [MESSAGE][PASSED] - Text 'iahmed@govolution.com' is set on object 'Object Repository/IWP30/Page_VRelay30Emulator/Email'

28-08-2024T20:15:21 - [MESSAGE][PASSED] - Text 'udf data 1' is set on object 'Object Repository/IWP30/Page_VRelay30Emulator/UDF1'

28-08-2024T20:15:22 - [MESSAGE][PASSED] - Text 'udf data 2' is set on object 'Object Repository/IWP30/Page_VRelay30Emulator/UDF2'

28-08-2024T20:15:22 - [MESSAGE][PASSED] - Text 'udf data 3' is set on object 'Object Repository/IWP30/Page_VRelay30Emulator/UDF3'

28-08-2024T20:15:23 - [MESSAGE][PASSED] - Text 'udf data 4' is set on object 'Object Repository/IWP30/Page_VRelay30Emulator/UDF4'

28-08-2024T20:15:24 - [MESSAGE][PASSED] - Text 'udf data 5' is set on object 'Object Repository/IWP30/Page_VRelay30Emulator/UDF5'

28-08-2024T20:15:25 - [MESSAGE][PASSED] - Text 'udf data 6' is set on object 'Object Repository/IWP30/Page_VRelay30Emulator/UDF6'

28-08-2024T20:15:27 - [MESSAGE][PASSED] - Text 'Orange' is set on object 'Object Repository/IWP30/Page_VRelay30Emulator/UDF7'

28-08-2024T20:15:27 - [MESSAGE][PASSED] - Text 'Soccer' is set on object 'Object Repository/IWP30/Page_VRelay30Emulator/UDF8'

28-08-2024T20:15:28 - [MESSAGE][PASSED] - Text 'udf data 9' is set on object 'Object Repository/IWP30/Page_VRelay30Emulator/UDF9'

28-08-2024T20:15:29 - [MESSAGE][PASSED] - Text 'udf data 10' is set on object 'Object Repository/IWP30/Page_VRelay30Emulator/UDF10'

28-08-2024T20:15:30 - [MESSAGE][PASSED] - Object: 'Object Repository/IWP30/Page_VRelay30Emulator/Submit' is clicked on

28-08-2024T20:15:34 - [MESSAGE][PASSED] - Browser is closed

28-08-2024T20:15:38 - [MESSAGE][PASSED] - iwpPages.emulatorIWP30.setDataEmulator_DD is PASSED

28-08-2024T20:15:38 - [TEST_STEP][PASSED] - testHarnessURL = urlTestHarness: null

28-08-2024T20:15:38 - [TEST_STEP][PASSED] - openBrowser(testHarnessURL): Browser is opened with url: 'https://dev-algorithm.govolution.com/vrelaytest/QA2/version_2_2/vrelaytest.html'

28-08-2024T20:15:38 - [MESSAGE][INFO] - Starting 'Edge Chromium' driver

28-08-2024T20:15:38 - [MESSAGE][INFO] - User set preference: ['acceptInsecureCerts', 'true']

28-08-2024T20:15:41 - [MESSAGE][INFO] - Action delay is set to 0 milliseconds

28-08-2024T20:15:47 - [MESSAGE][PASSED] - Browser is opened with url: 'https://dev-algorithm.govolution.com/vrelaytest/QA2/version_2_2/vrelaytest.html'

28-08-2024T20:15:47 - [TEST_STEP][PASSED] - maximizeWindow(): Current window maximized

28-08-2024T20:15:47 - [MESSAGE][PASSED] - Current window maximized

28-08-2024T20:15:47 - [TEST_STEP][PASSED] - iwpPages.TestHarnessPage.setDataMethod(row, dataFile): iwpPages.TestHarnessPage.setDataMethod is PASSED

28-08-2024T20:15:48 - [MESSAGE][PASSED] - Object 'Object Repository/IWP30/Page_QATestHarness/RemittanceID' is present

28-08-2024T20:15:48 - [MESSAGE][PASSED] - Text '638' is set on object 'Object Repository/IWP30/Page_QATestHarness/ApplicationID'

28-08-2024T20:15:49 - [MESSAGE][PASSED] - Text '2.5' is set on object 'Object Repository/IWP30/Page_QATestHarness/MessageVersion'

28-08-2024T20:15:50 - [MESSAGE][PASSED] - Text 'ppFuph1divrj' is set on object 'Object Repository/IWP30/Page_QATestHarness/RemittanceID'

28-08-2024T20:15:54 - [MESSAGE][PASSED] - Object: 'Object Repository/IWP30/Page_QATestHarness/SubmitButton' is clicked on

28-08-2024T20:15:54 - [MESSAGE][PASSED] - iwpPages.TestHarnessPage.setDataMethod is PASSED

28-08-2024T20:15:54 - [TEST_STEP][PASSED] - click(findTestObject("Object Repository/IWP30/Page_SelectPaymentMethod/PayByCorporateCheck")): Object: 'Object Repository/IWP30/Page_SelectPaymentMethod/PayByCorporateCheck' is clicked on

28-08-2024T20:15:55 - [MESSAGE][PASSED] - Object: 'Object Repository/IWP30/Page_SelectPaymentMethod/PayByCorporateCheck' is clicked on

28-08-2024T20:15:55 - [TEST_STEP][PASSED] - click(findTestObject("Object Repository/IWP30/Page_SelectPaymentMethod/MakePaymentButton")): Object: 'Object Repository/IWP30/Page_SelectPaymentMethod/MakePaymentButton' is clicked on

28-08-2024T20:15:58 - [MESSAGE][PASSED] - Object: 'Object Repository/IWP30/Page_SelectPaymentMethod/MakePaymentButton' is clicked on

28-08-2024T20:15:58 - [TEST_STEP][PASSED] - iwpPages.achCorporatePaymentEntryPage.setDataCorporate(row, dataFile): iwpPages.achCorporatePaymentEntryPage.setDataCorporate is PASSED

28-08-2024T20:16:00 - [MESSAGE][PASSED] - Object 'Object Repository/IWP30/Page_ACHCorporatePaymentEntry/txt_accountNumber' is present

28-08-2024T20:16:01 - [MESSAGE][PASSED] - Object 'Object Repository/IWP30/Page_ACHCorporatePaymentEntry/input_CompanyName' is present

28-08-2024T20:16:02 - [MESSAGE][PASSED] - Text 'My Company' is set on object 'Object Repository/IWP30/Page_ACHCorporatePaymentEntry/input_CompanyName'

28-08-2024T20:16:02 - [MESSAGE][PASSED] - Object 'Object Repository/IWP30/Page_ACHCorporatePaymentEntry/input_EIN' is present

28-08-2024T20:16:02 - [MESSAGE][PASSED] - Text '123456789' is set on object 'Object Repository/IWP30/Page_ACHCorporatePaymentEntry/input_EIN'

28-08-2024T20:16:03 - [MESSAGE][PASSED] - Text '9.50' is set on object 'Object Repository/IWP30/Page_ACHCorporatePaymentEntry/txt_Amount'

28-08-2024T20:16:04 - [MESSAGE][PASSED] - All options with label 'Soccer' are selected in object 'Object Repository/IWP30/Page_ACHCorporatePaymentEntry/dd_UDF8' 

28-08-2024T20:16:04 - [MESSAGE][PASSED] - Object 'Object Repository/IWP30/Page_ACHCorporatePaymentEntry/txt_routingNumber' is present

28-08-2024T20:16:04 - [MESSAGE][PASSED] - Text '256072691' is set on object 'Object Repository/IWP30/Page_ACHCorporatePaymentEntry/txt_routingNumber'

28-08-2024T20:16:05 - [MESSAGE][PASSED] - Object 'Object Repository/IWP30/Page_ACHCorporatePaymentEntry/txt_accountNumber' is present

28-08-2024T20:16:07 - [MESSAGE][PASSED] - Text '12344444' is set on object 'Object Repository/IWP30/Page_ACHCorporatePaymentEntry/txt_accountNumber'

28-08-2024T20:16:08 - [MESSAGE][PASSED] - Object 'Object Repository/IWP30/Page_ACHCorporatePaymentEntry/txt_confirmAccountNumber' is present

28-08-2024T20:16:08 - [MESSAGE][PASSED] - Text '12344444' is set on object 'Object Repository/IWP30/Page_ACHCorporatePaymentEntry/txt_confirmAccountNumber'

28-08-2024T20:16:09 - [MESSAGE][PASSED] - Object 'Object Repository/IWP30/Page_ACHCorporatePaymentEntry/txt_Email' is present

28-08-2024T20:16:09 - [MESSAGE][PASSED] - Object 'Object Repository/IWP30/Page_ACHCorporatePaymentEntry/cb_TermsAndCond' is present

28-08-2024T20:16:09 - [MESSAGE][PASSED] - Object: 'Object Repository/IWP30/Page_ACHCorporatePaymentEntry/cb_TermsAndCond' is clicked on

28-08-2024T20:16:09 - [MESSAGE][PASSED] - Object 'Object Repository/IWP30/Page_ACHCorporatePaymentEntry/btn_Continue' is present

28-08-2024T20:16:12 - [MESSAGE][PASSED] - Object: 'Object Repository/IWP30/Page_ACHCorporatePaymentEntry/btn_Continue' is clicked on

28-08-2024T20:16:12 - [MESSAGE][PASSED] - iwpPages.achCorporatePaymentEntryPage.setDataCorporate is PASSED

28-08-2024T20:16:12 - [TEST_STEP][PASSED] - click(findTestObject("Object Repository/IWP30/Page_Confirmation/ConfirmButton")): Object: 'Object Repository/IWP30/Page_Confirmation/ConfirmButton' is clicked on

28-08-2024T20:16:15 - [MESSAGE][PASSED] - Object: 'Object Repository/IWP30/Page_Confirmation/ConfirmButton' is clicked on

28-08-2024T20:16:15 - [TEST_STEP][PASSED] - Thread.sleep(10000): null

28-08-2024T20:16:25 - [TEST_STEP][PASSED] - if (verifyTextPresent("Successful Payment Receipt", false)): null

28-08-2024T20:16:27 - [MESSAGE][PASSED] - Text 'Successful Payment Receipt' is present on page 

28-08-2024T20:16:27 - [TEST_STEP][PASSED] - println("Successful Payment Receipt text is present on the Receipt page"): null

28-08-2024T20:16:27 - [TEST_STEP][PASSED] - markPassed("Successful Payment Receipt text is present on the Receipt page"): Successful Payment Receipt text is present on the Receipt page

28-08-2024T20:16:27 - [MESSAGE][PASSED] - Successful Payment Receipt text is present on the Receipt page

28-08-2024T20:16:27 - [TEST_STEP][PASSED] - resText = "Pass": null

28-08-2024T20:16:27 - [TEST_STEP][PASSED] - pages.WriteExcel.demoKey(resText, datText, resColumn, datCloumn, fileLoc, nameSheet, row): pages.WriteExcel.demoKey is PASSED

28-08-2024T20:16:27 - [MESSAGE][PASSED] - pages.WriteExcel.demoKey is PASSED

28-08-2024T20:16:27 - [TEST_STEP][PASSED] - closeBrowser(): Browser is closed

28-08-2024T20:16:28 - [MESSAGE][PASSED] - Browser is closed]]></system-out>
         <system-err><![CDATA[]]></system-err>
      </testcase>
      <testcase name="Test Cases/IntegratedWeb/IWP25/Payments/OverAndUnderPayPC" time="946.888" classname="Test Cases/IntegratedWeb/IWP25/Payments/OverAndUnderPayPC" status="FAILED">
         <failure type="FAILED" message="Test Cases/IntegratedWeb/IWP25/Payments/OverAndUnderPayPC FAILED.&#xa;Reason:&#xa;com.kms.katalon.core.exception.StepFailedException: Text 'Successful Payment Receipt' is not present on page  (Root cause: com.kms.katalon.core.exception.StepFailedException: Text 'Successful Payment Receipt' is not present on page &#xa;	at com.kms.katalon.core.webui.keyword.internal.WebUIKeywordMain.stepFailed(WebUIKeywordMain.groovy:64)&#xa;	at com.kms.katalon.core.webui.keyword.builtin.VerifyTextPresentKeyword$_verifyTextPresent_closure1.doCall(VerifyTextPresentKeyword.groovy:79)&#xa;	at com.kms.katalon.core.webui.keyword.builtin.VerifyTextPresentKeyword$_verifyTextPresent_closure1.call(VerifyTextPresentKeyword.groovy)&#xa;	at com.kms.katalon.core.webui.keyword.internal.WebUIKeywordMain.runKeyword(WebUIKeywordMain.groovy:20)&#xa;	at com.kms.katalon.core.webui.keyword.builtin.VerifyTextPresentKeyword.verifyTextPresent(VerifyTextPresentKeyword.groovy:83)&#xa;	at com.kms.katalon.core.webui.keyword.builtin.VerifyTextPresentKeyword.execute(VerifyTextPresentKeyword.groovy:68)&#xa;	at com.kms.katalon.core.keyword.internal.KeywordExecutor.executeKeywordForPlatform(KeywordExecutor.groovy:74)&#xa;	at com.kms.katalon.core.webui.keyword.WebUiBuiltInKeywords.verifyTextPresent(WebUiBuiltInKeywords.groovy:1762)&#xa;	at OverAndUnderPayPC.run(OverAndUnderPayPC:89)&#xa;	at com.kms.katalon.core.main.ScriptEngine.run(ScriptEngine.java:194)&#xa;	at com.kms.katalon.core.main.ScriptEngine.runScriptAsRawText(ScriptEngine.java:119)&#xa;	at com.kms.katalon.core.main.TestCaseExecutor.runScript(TestCaseExecutor.java:448)&#xa;	at com.kms.katalon.core.main.TestCaseExecutor.doExecute(TestCaseExecutor.java:439)&#xa;	at com.kms.katalon.core.main.TestCaseExecutor.processExecutionPhase(TestCaseExecutor.java:418)&#xa;	at com.kms.katalon.core.main.TestCaseExecutor.accessMainPhase(TestCaseExecutor.java:410)&#xa;	at com.kms.katalon.core.main.TestCaseExecutor.execute(TestCaseExecutor.java:285)&#xa;	at com.kms.katalon.core.common.CommonExecutor.accessTestCaseMainPhase(CommonExecutor.java:65)&#xa;	at com.kms.katalon.core.main.TestSuiteExecutor.accessTestSuiteMainPhase(TestSuiteExecutor.java:150)&#xa;	at com.kms.katalon.core.main.TestSuiteExecutor.execute(TestSuiteExecutor.java:106)&#xa;	at com.kms.katalon.core.main.TestCaseMain.startTestSuite(TestCaseMain.java:180)&#xa;	at TempTestSuite1724852187713.run(TempTestSuite1724852187713.groovy:35)&#xa;	at java.base/jdk.internal.reflect.NativeMethodAccessorImpl.invoke0(Native Method)&#xa;	at java.base/jdk.internal.reflect.NativeMethodAccessorImpl.invoke(NativeMethodAccessorImpl.java:77)&#xa;	at java.base/jdk.internal.reflect.DelegatingMethodAccessorImpl.invoke(DelegatingMethodAccessorImpl.java:43)&#xa;)&#xa;	at com.kms.katalon.core.keyword.internal.KeywordMain.stepFailed(KeywordMain.groovy:39)&#xa;	at com.kms.katalon.core.webui.keyword.internal.WebUIKeywordMain.stepFailed(WebUIKeywordMain.groovy:64)&#xa;	at com.kms.katalon.core.webui.keyword.builtin.VerifyTextPresentKeyword$_verifyTextPresent_closure1.doCall(VerifyTextPresentKeyword.groovy:79)&#xa;	at com.kms.katalon.core.webui.keyword.builtin.VerifyTextPresentKeyword$_verifyTextPresent_closure1.call(VerifyTextPresentKeyword.groovy)&#xa;	at com.kms.katalon.core.webui.keyword.internal.WebUIKeywordMain.runKeyword(WebUIKeywordMain.groovy:20)&#xa;	at com.kms.katalon.core.webui.keyword.builtin.VerifyTextPresentKeyword.verifyTextPresent(VerifyTextPresentKeyword.groovy:83)&#xa;	at com.kms.katalon.core.webui.keyword.builtin.VerifyTextPresentKeyword.execute(VerifyTextPresentKeyword.groovy:68)&#xa;	at com.kms.katalon.core.keyword.internal.KeywordExecutor.executeKeywordForPlatform(KeywordExecutor.groovy:74)&#xa;	at com.kms.katalon.core.webui.keyword.WebUiBuiltInKeywords.verifyTextPresent(WebUiBuiltInKeywords.groovy:1762)&#xa;	at OverAndUnderPayPC.run(OverAndUnderPayPC:89)&#xa;	at com.kms.katalon.core.main.ScriptEngine.run(ScriptEngine.java:194)&#xa;	at com.kms.katalon.core.main.ScriptEngine.runScriptAsRawText(ScriptEngine.java:119)&#xa;	at com.kms.katalon.core.main.TestCaseExecutor.runScript(TestCaseExecutor.java:448)&#xa;	at com.kms.katalon.core.main.TestCaseExecutor.doExecute(TestCaseExecutor.java:439)&#xa;	at com.kms.katalon.core.main.TestCaseExecutor.processExecutionPhase(TestCaseExecutor.java:418)&#xa;	at com.kms.katalon.core.main.TestCaseExecutor.accessMainPhase(TestCaseExecutor.java:410)&#xa;	at com.kms.katalon.core.main.TestCaseExecutor.execute(TestCaseExecutor.java:285)&#xa;	at com.kms.katalon.core.common.CommonExecutor.accessTestCaseMainPhase(CommonExecutor.java:65)&#xa;	at com.kms.katalon.core.main.TestSuiteExecutor.accessTestSuiteMainPhase(TestSuiteExecutor.java:150)&#xa;	at com.kms.katalon.core.main.TestSuiteExecutor.execute(TestSuiteExecutor.java:106)&#xa;	at com.kms.katalon.core.main.TestCaseMain.startTestSuite(TestCaseMain.java:180)&#xa;	at TempTestSuite1724852187713.run(TempTestSuite1724852187713.groovy:35)&#xa;	at java.base/jdk.internal.reflect.NativeMethodAccessorImpl.invoke0(Native Method)&#xa;	at java.base/jdk.internal.reflect.NativeMethodAccessorImpl.invoke(NativeMethodAccessorImpl.java:77)&#xa;	at java.base/jdk.internal.reflect.DelegatingMethodAccessorImpl.invoke(DelegatingMethodAccessorImpl.java:43)&#xa;Caused by: com.kms.katalon.core.exception.StepFailedException: Text 'Successful Payment Receipt' is not present on page &#xa;	... 24 more&#xa;"/>
         <system-out><![CDATA[28-08-2024T20:16:28 - [TEST_CASE][FAILED] - Test Cases/IntegratedWeb/IWP25/Payments/OverAndUnderPayPC: Test Cases/IntegratedWeb/IWP25/Payments/OverAndUnderPayPC FAILED.
Reason:
com.kms.katalon.core.exception.StepFailedException: Text 'Successful Payment Receipt' is not present on page  (Root cause: com.kms.katalon.core.exception.StepFailedException: Text 'Successful Payment Receipt' is not present on page 
	at com.kms.katalon.core.webui.keyword.internal.WebUIKeywordMain.stepFailed(WebUIKeywordMain.groovy:64)
	at com.kms.katalon.core.webui.keyword.builtin.VerifyTextPresentKeyword$_verifyTextPresent_closure1.doCall(VerifyTextPresentKeyword.groovy:79)
	at com.kms.katalon.core.webui.keyword.builtin.VerifyTextPresentKeyword$_verifyTextPresent_closure1.call(VerifyTextPresentKeyword.groovy)
	at com.kms.katalon.core.webui.keyword.internal.WebUIKeywordMain.runKeyword(WebUIKeywordMain.groovy:20)
	at com.kms.katalon.core.webui.keyword.builtin.VerifyTextPresentKeyword.verifyTextPresent(VerifyTextPresentKeyword.groovy:83)
	at com.kms.katalon.core.webui.keyword.builtin.VerifyTextPresentKeyword.execute(VerifyTextPresentKeyword.groovy:68)
	at com.kms.katalon.core.keyword.internal.KeywordExecutor.executeKeywordForPlatform(KeywordExecutor.groovy:74)
	at com.kms.katalon.core.webui.keyword.WebUiBuiltInKeywords.verifyTextPresent(WebUiBuiltInKeywords.groovy:1762)
	at OverAndUnderPayPC.run(OverAndUnderPayPC:89)
	at com.kms.katalon.core.main.ScriptEngine.run(ScriptEngine.java:194)
	at com.kms.katalon.core.main.ScriptEngine.runScriptAsRawText(ScriptEngine.java:119)
	at com.kms.katalon.core.main.TestCaseExecutor.runScript(TestCaseExecutor.java:448)
	at com.kms.katalon.core.main.TestCaseExecutor.doExecute(TestCaseExecutor.java:439)
	at com.kms.katalon.core.main.TestCaseExecutor.processExecutionPhase(TestCaseExecutor.java:418)
	at com.kms.katalon.core.main.TestCaseExecutor.accessMainPhase(TestCaseExecutor.java:410)
	at com.kms.katalon.core.main.TestCaseExecutor.execute(TestCaseExecutor.java:285)
	at com.kms.katalon.core.common.CommonExecutor.accessTestCaseMainPhase(CommonExecutor.java:65)
	at com.kms.katalon.core.main.TestSuiteExecutor.accessTestSuiteMainPhase(TestSuiteExecutor.java:150)
	at com.kms.katalon.core.main.TestSuiteExecutor.execute(TestSuiteExecutor.java:106)
	at com.kms.katalon.core.main.TestCaseMain.startTestSuite(TestCaseMain.java:180)
	at TempTestSuite1724852187713.run(TempTestSuite1724852187713.groovy:35)
	at java.base/jdk.internal.reflect.NativeMethodAccessorImpl.invoke0(Native Method)
	at java.base/jdk.internal.reflect.NativeMethodAccessorImpl.invoke(NativeMethodAccessorImpl.java:77)
	at java.base/jdk.internal.reflect.DelegatingMethodAccessorImpl.invoke(DelegatingMethodAccessorImpl.java:43)
)
	at com.kms.katalon.core.keyword.internal.KeywordMain.stepFailed(KeywordMain.groovy:39)
	at com.kms.katalon.core.webui.keyword.internal.WebUIKeywordMain.stepFailed(WebUIKeywordMain.groovy:64)
	at com.kms.katalon.core.webui.keyword.builtin.VerifyTextPresentKeyword$_verifyTextPresent_closure1.doCall(VerifyTextPresentKeyword.groovy:79)
	at com.kms.katalon.core.webui.keyword.builtin.VerifyTextPresentKeyword$_verifyTextPresent_closure1.call(VerifyTextPresentKeyword.groovy)
	at com.kms.katalon.core.webui.keyword.internal.WebUIKeywordMain.runKeyword(WebUIKeywordMain.groovy:20)
	at com.kms.katalon.core.webui.keyword.builtin.VerifyTextPresentKeyword.verifyTextPresent(VerifyTextPresentKeyword.groovy:83)
	at com.kms.katalon.core.webui.keyword.builtin.VerifyTextPresentKeyword.execute(VerifyTextPresentKeyword.groovy:68)
	at com.kms.katalon.core.keyword.internal.KeywordExecutor.executeKeywordForPlatform(KeywordExecutor.groovy:74)
	at com.kms.katalon.core.webui.keyword.WebUiBuiltInKeywords.verifyTextPresent(WebUiBuiltInKeywords.groovy:1762)
	at OverAndUnderPayPC.run(OverAndUnderPayPC:89)
	at com.kms.katalon.core.main.ScriptEngine.run(ScriptEngine.java:194)
	at com.kms.katalon.core.main.ScriptEngine.runScriptAsRawText(ScriptEngine.java:119)
	at com.kms.katalon.core.main.TestCaseExecutor.runScript(TestCaseExecutor.java:448)
	at com.kms.katalon.core.main.TestCaseExecutor.doExecute(TestCaseExecutor.java:439)
	at com.kms.katalon.core.main.TestCaseExecutor.processExecutionPhase(TestCaseExecutor.java:418)
	at com.kms.katalon.core.main.TestCaseExecutor.accessMainPhase(TestCaseExecutor.java:410)
	at com.kms.katalon.core.main.TestCaseExecutor.execute(TestCaseExecutor.java:285)
	at com.kms.katalon.core.common.CommonExecutor.accessTestCaseMainPhase(CommonExecutor.java:65)
	at com.kms.katalon.core.main.TestSuiteExecutor.accessTestSuiteMainPhase(TestSuiteExecutor.java:150)
	at com.kms.katalon.core.main.TestSuiteExecutor.execute(TestSuiteExecutor.java:106)
	at com.kms.katalon.core.main.TestCaseMain.startTestSuite(TestCaseMain.java:180)
	at TempTestSuite1724852187713.run(TempTestSuite1724852187713.groovy:35)
	at java.base/jdk.internal.reflect.NativeMethodAccessorImpl.invoke0(Native Method)
	at java.base/jdk.internal.reflect.NativeMethodAccessorImpl.invoke(NativeMethodAccessorImpl.java:77)
	at java.base/jdk.internal.reflect.DelegatingMethodAccessorImpl.invoke(DelegatingMethodAccessorImpl.java:43)
Caused by: com.kms.katalon.core.exception.StepFailedException: Text 'Successful Payment Receipt' is not present on page 
	... 24 more


28-08-2024T20:16:28 - [TEST_STEP][PASSED] - resText = "Fail": null

28-08-2024T20:16:28 - [TEST_STEP][PASSED] - resColumn = "Result": null

28-08-2024T20:16:28 - [TEST_STEP][PASSED] - datCloumn = "Date": null

28-08-2024T20:16:28 - [TEST_STEP][PASSED] - fileLoc = "KatalonData/IWPTestData/VRelay25Payments.xlsx": null

28-08-2024T20:16:28 - [TEST_STEP][PASSED] - numOfRows = <not implemented yet for class: org.codehaus.groovy.ast.expr.EmptyExpression>: null

28-08-2024T20:16:28 - [TEST_STEP][PASSED] - dataFile = <not implemented yet for class: org.codehaus.groovy.ast.expr.EmptyExpression>: null

28-08-2024T20:16:28 - [TEST_STEP][PASSED] - nameSheet = <not implemented yet for class: org.codehaus.groovy.ast.expr.EmptyExpression>: null

28-08-2024T20:16:28 - [TEST_STEP][PASSED] - dataFileEmulator = <not implemented yet for class: org.codehaus.groovy.ast.expr.EmptyExpression>: null

28-08-2024T20:16:28 - [TEST_STEP][PASSED] - isRequiredTextPresent = false: null

28-08-2024T20:16:28 - [TEST_STEP][PASSED] - nameSheet = "OverAndUnderPayPC": null

28-08-2024T20:16:28 - [TEST_STEP][PASSED] - dataFile = "IWPTestData/IWP25OverAndUnderPayPC": null

28-08-2024T20:16:28 - [TEST_STEP][PASSED] - dataFileEmulator = "IWPTestData/EmulatorData": null

28-08-2024T20:16:28 - [TEST_STEP][PASSED] - numOfRows = findTestData(dataFile).getRowNumbers(): null

28-08-2024T20:16:28 - [TEST_STEP][PASSED] - println("Number of Records: " + numOfRows): null

28-08-2024T20:16:28 - [TEST_STEP][FAILED] - for ([row = 1, row <= numOfRows, (row++)]): null

28-08-2024T20:16:28 - [TEST_STEP][PASSED] - ExecuteTC = findTestData(dataFile).getValue("Execute", row): null

28-08-2024T20:16:28 - [TEST_STEP][PASSED] - out.println("Value of Execute is : " + ExecuteTC): null

28-08-2024T20:16:28 - [TEST_STEP][FAILED] - if (ExecuteTC.equalsIgnoreCase("Y")): null

28-08-2024T20:16:28 - [TEST_STEP][PASSED] - out.println("Begin Record Number: " + row): null

28-08-2024T20:16:28 - [TEST_STEP][PASSED] - today = new java.util.Date(): null

28-08-2024T20:16:28 - [TEST_STEP][PASSED] - println(today): null

28-08-2024T20:16:28 - [TEST_STEP][PASSED] - datText = today: null

28-08-2024T20:16:28 - [TEST_STEP][PASSED] - EmulatorDataKey = findTestData(dataFile).getValue("EmulatorData", row): null

28-08-2024T20:16:28 - [TEST_STEP][PASSED] - out.println("Value of Emulator Key is : " + EmulatorDataKey): null

28-08-2024T20:16:28 - [TEST_STEP][PASSED] - iwpPages.emulatorIWP30.setDataEmulator_DD(EmulatorDataKey): iwpPages.emulatorIWP30.setDataEmulator_DD is PASSED

28-08-2024T20:16:28 - [MESSAGE][INFO] - Starting 'Edge Chromium' driver

28-08-2024T20:16:28 - [MESSAGE][INFO] - User set preference: ['acceptInsecureCerts', 'true']

28-08-2024T20:16:31 - [MESSAGE][INFO] - Action delay is set to 0 milliseconds

28-08-2024T20:16:37 - [MESSAGE][PASSED] - Browser is opened with url: 'https://qa2.velocitypayment.com/agency/config.do?action=editor&message_version=2_5'

28-08-2024T20:16:37 - [MESSAGE][PASSED] - Current window maximized

28-08-2024T20:16:38 - [MESSAGE][PASSED] - All options with value '2.5' are selected in object 'Object Repository/IWP30/Page_VRelay30Emulator/MV'  using regular expression

28-08-2024T20:16:39 - [MESSAGE][PASSED] - Text '10.50' is set on object 'Object Repository/IWP30/Page_VRelay30Emulator/Amount'

28-08-2024T20:16:39 - [MESSAGE][PASSED] - Text '26413255' is set on object 'Object Repository/IWP30/Page_VRelay30Emulator/CAN'

28-08-2024T20:16:40 - [MESSAGE][PASSED] - Text 'PayNow' is set on object 'Object Repository/IWP30/Page_VRelay30Emulator/Action'

28-08-2024T20:16:40 - [MESSAGE][PASSED] - Text 'en_US' is set on object 'Object Repository/IWP30/Page_VRelay30Emulator/Lang'

28-08-2024T20:16:41 - [MESSAGE][PASSED] - Text 'Jasmine' is set on object 'Object Repository/IWP30/Page_VRelay30Emulator/Fname'

28-08-2024T20:16:44 - [MESSAGE][PASSED] - Text 'Patrinol' is set on object 'Object Repository/IWP30/Page_VRelay30Emulator/Lname'

28-08-2024T20:16:44 - [MESSAGE][PASSED] - Text '258 Underwood rd' is set on object 'Object Repository/IWP30/Page_VRelay30Emulator/AL1'

28-08-2024T20:16:45 - [MESSAGE][PASSED] - Text 'Suite 600' is set on object 'Object Repository/IWP30/Page_VRelay30Emulator/AL2'

28-08-2024T20:16:46 - [MESSAGE][PASSED] - Text '840' is set on object 'Object Repository/IWP30/Page_VRelay30Emulator/Country'

28-08-2024T20:16:46 - [MESSAGE][PASSED] - Text 'Arlington' is set on object 'Object Repository/IWP30/Page_VRelay30Emulator/City'

28-08-2024T20:16:47 - [MESSAGE][PASSED] - Text 'VA' is set on object 'Object Repository/IWP30/Page_VRelay30Emulator/State'

28-08-2024T20:16:47 - [MESSAGE][PASSED] - Text '22201' is set on object 'Object Repository/IWP30/Page_VRelay30Emulator/ZIP'

28-08-2024T20:16:49 - [MESSAGE][PASSED] - Text '' is set on object 'Object Repository/IWP30/Page_VRelay30Emulator/Order'

28-08-2024T20:16:51 - [MESSAGE][PASSED] - Text 'Some Company' is set on object 'Object Repository/IWP30/Page_VRelay30Emulator/Company'

28-08-2024T20:16:51 - [MESSAGE][PASSED] - Text 'iahmed@govolution.com' is set on object 'Object Repository/IWP30/Page_VRelay30Emulator/Email'

28-08-2024T20:16:52 - [MESSAGE][PASSED] - Text 'udf data 1' is set on object 'Object Repository/IWP30/Page_VRelay30Emulator/UDF1'

28-08-2024T20:16:53 - [MESSAGE][PASSED] - Text 'udf data 2' is set on object 'Object Repository/IWP30/Page_VRelay30Emulator/UDF2'

28-08-2024T20:16:53 - [MESSAGE][PASSED] - Text 'udf data 3' is set on object 'Object Repository/IWP30/Page_VRelay30Emulator/UDF3'

28-08-2024T20:16:54 - [MESSAGE][PASSED] - Text 'udf data 4' is set on object 'Object Repository/IWP30/Page_VRelay30Emulator/UDF4'

28-08-2024T20:16:54 - [MESSAGE][PASSED] - Text 'udf data 5' is set on object 'Object Repository/IWP30/Page_VRelay30Emulator/UDF5'

28-08-2024T20:16:56 - [MESSAGE][PASSED] - Text 'udf data 6' is set on object 'Object Repository/IWP30/Page_VRelay30Emulator/UDF6'

28-08-2024T20:16:57 - [MESSAGE][PASSED] - Text 'Orange' is set on object 'Object Repository/IWP30/Page_VRelay30Emulator/UDF7'

28-08-2024T20:16:58 - [MESSAGE][PASSED] - Text 'Soccer' is set on object 'Object Repository/IWP30/Page_VRelay30Emulator/UDF8'

28-08-2024T20:16:59 - [MESSAGE][PASSED] - Text 'udf data 9' is set on object 'Object Repository/IWP30/Page_VRelay30Emulator/UDF9'

28-08-2024T20:16:59 - [MESSAGE][PASSED] - Text 'udf data 10' is set on object 'Object Repository/IWP30/Page_VRelay30Emulator/UDF10'

28-08-2024T20:17:00 - [MESSAGE][PASSED] - Object: 'Object Repository/IWP30/Page_VRelay30Emulator/Submit' is clicked on

28-08-2024T20:17:05 - [MESSAGE][PASSED] - Browser is closed

28-08-2024T20:17:09 - [MESSAGE][PASSED] - iwpPages.emulatorIWP30.setDataEmulator_DD is PASSED

28-08-2024T20:17:09 - [TEST_STEP][PASSED] - testHarnessURL = urlTestHarness: null

28-08-2024T20:17:09 - [TEST_STEP][PASSED] - openBrowser(testHarnessURL): Browser is opened with url: 'https://dev-algorithm.govolution.com/vrelaytest/QA2/version_2_2/vrelaytest.html'

28-08-2024T20:17:09 - [MESSAGE][INFO] - Starting 'Edge Chromium' driver

28-08-2024T20:17:09 - [MESSAGE][INFO] - User set preference: ['acceptInsecureCerts', 'true']

28-08-2024T20:17:12 - [MESSAGE][INFO] - Action delay is set to 0 milliseconds

28-08-2024T20:17:17 - [MESSAGE][PASSED] - Browser is opened with url: 'https://dev-algorithm.govolution.com/vrelaytest/QA2/version_2_2/vrelaytest.html'

28-08-2024T20:17:17 - [TEST_STEP][PASSED] - maximizeWindow(): Current window maximized

28-08-2024T20:17:18 - [MESSAGE][PASSED] - Current window maximized

28-08-2024T20:17:18 - [TEST_STEP][PASSED] - iwpPages.TestHarnessPage.setDataMethod(row, dataFile): iwpPages.TestHarnessPage.setDataMethod is PASSED

28-08-2024T20:17:18 - [MESSAGE][PASSED] - Object 'Object Repository/IWP30/Page_QATestHarness/RemittanceID' is present

28-08-2024T20:17:19 - [MESSAGE][PASSED] - Text '638' is set on object 'Object Repository/IWP30/Page_QATestHarness/ApplicationID'

28-08-2024T20:17:20 - [MESSAGE][PASSED] - Text '2.5' is set on object 'Object Repository/IWP30/Page_QATestHarness/MessageVersion'

28-08-2024T20:17:20 - [MESSAGE][PASSED] - Text 'ciHOR3y3v2EQ' is set on object 'Object Repository/IWP30/Page_QATestHarness/RemittanceID'

28-08-2024T20:17:24 - [MESSAGE][PASSED] - Object: 'Object Repository/IWP30/Page_QATestHarness/SubmitButton' is clicked on

28-08-2024T20:17:24 - [MESSAGE][PASSED] - iwpPages.TestHarnessPage.setDataMethod is PASSED

28-08-2024T20:17:24 - [TEST_STEP][PASSED] - click(findTestObject("Object Repository/IWP30/Page_SelectPaymentMethod/PayByPersonalCheck")): Object: 'Object Repository/IWP30/Page_SelectPaymentMethod/PayByPersonalCheck' is clicked on

28-08-2024T20:17:25 - [MESSAGE][PASSED] - Object: 'Object Repository/IWP30/Page_SelectPaymentMethod/PayByPersonalCheck' is clicked on

28-08-2024T20:17:25 - [TEST_STEP][PASSED] - click(findTestObject("Object Repository/IWP30/Page_SelectPaymentMethod/MakePaymentButton")): Object: 'Object Repository/IWP30/Page_SelectPaymentMethod/MakePaymentButton' is clicked on

28-08-2024T20:17:28 - [MESSAGE][PASSED] - Object: 'Object Repository/IWP30/Page_SelectPaymentMethod/MakePaymentButton' is clicked on

28-08-2024T20:17:28 - [TEST_STEP][PASSED] - iwpPages.achPersonalPaymentEntryPage.setDataACHPPM(row, dataFile): iwpPages.achPersonalPaymentEntryPage.setDataACHPPM is PASSED

28-08-2024T20:17:29 - [MESSAGE][PASSED] - Object 'Object Repository/IWP30/Page_ACHPersonalPaymentEntry/txt_accountNumber' is present

28-08-2024T20:17:31 - [MESSAGE][PASSED] - Text '11.50' is set on object 'Object Repository/IWP30/Page_ACHPersonalPaymentEntry/txt_Amount'

28-08-2024T20:17:32 - [MESSAGE][PASSED] - Object 'Object Repository/IWP30/Page_ACHPersonalPaymentEntry/txt_UDF2' is present

28-08-2024T20:17:32 - [MESSAGE][PASSED] - All options with label 'Soccer' are selected in object 'Object Repository/IWP30/Page_ACHPersonalPaymentEntry/dd_UDF8' 

28-08-2024T20:17:32 - [MESSAGE][PASSED] - Object 'Object Repository/IWP30/Page_ACHPersonalPaymentEntry/txt_Firstname' is present

28-08-2024T20:17:33 - [MESSAGE][PASSED] - Text 'Elizath' is set on object 'Object Repository/IWP30/Page_ACHPersonalPaymentEntry/txt_Firstname'

28-08-2024T20:17:33 - [MESSAGE][PASSED] - Object 'Object Repository/IWP30/Page_ACHPersonalPaymentEntry/txt_Lastname' is present

28-08-2024T20:17:34 - [MESSAGE][PASSED] - Text 'Christine' is set on object 'Object Repository/IWP30/Page_ACHPersonalPaymentEntry/txt_Lastname'

28-08-2024T20:17:34 - [MESSAGE][PASSED] - Object 'Object Repository/IWP30/Page_ACHPersonalPaymentEntry/txt_routingNumber' is present

28-08-2024T20:17:35 - [MESSAGE][PASSED] - Text '256072691' is set on object 'Object Repository/IWP30/Page_ACHPersonalPaymentEntry/txt_routingNumber'

28-08-2024T20:17:35 - [MESSAGE][PASSED] - Object 'Object Repository/IWP30/Page_ACHPersonalPaymentEntry/txt_accountNumber' is present

28-08-2024T20:17:38 - [MESSAGE][PASSED] - Text '12344444' is set on object 'Object Repository/IWP30/Page_ACHPersonalPaymentEntry/txt_accountNumber'

28-08-2024T20:17:39 - [MESSAGE][PASSED] - Object 'Object Repository/IWP30/Page_ACHPersonalPaymentEntry/txt_confirmAccountNumber' is present

28-08-2024T20:17:39 - [MESSAGE][PASSED] - Text '12344444' is set on object 'Object Repository/IWP30/Page_ACHPersonalPaymentEntry/txt_confirmAccountNumber'

28-08-2024T20:17:39 - [MESSAGE][PASSED] - Object 'Object Repository/IWP30/Page_ACHPersonalPaymentEntry/rd_accountType' is present

28-08-2024T20:17:39 - [MESSAGE][PASSED] - Modify property of object successfully

28-08-2024T20:17:40 - [MESSAGE][PASSED] - Object: 'Object Repository/IWP30/Page_ACHPersonalPaymentEntry/rd_accountType' is clicked on

28-08-2024T20:17:40 - [MESSAGE][PASSED] - Object 'Object Repository/IWP30/Page_ACHPersonalPaymentEntry/txt_Email' is present

28-08-2024T20:17:40 - [MESSAGE][PASSED] - Object 'Object Repository/IWP30/Page_ACHPersonalPaymentEntry/cb_TermsAndCond' is present

28-08-2024T20:17:41 - [MESSAGE][PASSED] - Object: 'Object Repository/IWP30/Page_ACHPersonalPaymentEntry/cb_TermsAndCond' is clicked on

28-08-2024T20:17:41 - [MESSAGE][PASSED] - Object 'Object Repository/IWP30/Page_ACHPersonalPaymentEntry/btn_Continue' is present

28-08-2024T20:17:44 - [MESSAGE][PASSED] - Object: 'Object Repository/IWP30/Page_ACHPersonalPaymentEntry/btn_Continue' is clicked on

28-08-2024T20:17:44 - [MESSAGE][PASSED] - iwpPages.achPersonalPaymentEntryPage.setDataACHPPM is PASSED

28-08-2024T20:17:44 - [TEST_STEP][PASSED] - click(findTestObject("Object Repository/IWP30/Page_Confirmation/ConfirmButton")): Object: 'Object Repository/IWP30/Page_Confirmation/ConfirmButton' is clicked on

28-08-2024T20:17:47 - [MESSAGE][PASSED] - Object: 'Object Repository/IWP30/Page_Confirmation/ConfirmButton' is clicked on

28-08-2024T20:17:47 - [TEST_STEP][PASSED] - Thread.sleep(10000): null

28-08-2024T20:17:57 - [TEST_STEP][FAILED] - if (verifyTextPresent("Successful Payment Receipt", false)): Text 'Successful Payment Receipt' is not present on page  (Root cause: com.kms.katalon.core.exception.StepFailedException: Text 'Successful Payment Receipt' is not present on page 
	at com.kms.katalon.core.webui.keyword.internal.WebUIKeywordMain.stepFailed(WebUIKeywordMain.groovy:64)
	at com.kms.katalon.core.webui.keyword.builtin.VerifyTextPresentKeyword$_verifyTextPresent_closure1.doCall(VerifyTextPresentKeyword.groovy:79)
	at com.kms.katalon.core.webui.keyword.builtin.VerifyTextPresentKeyword$_verifyTextPresent_closure1.call(VerifyTextPresentKeyword.groovy)
	at com.kms.katalon.core.webui.keyword.internal.WebUIKeywordMain.runKeyword(WebUIKeywordMain.groovy:20)
	at com.kms.katalon.core.webui.keyword.builtin.VerifyTextPresentKeyword.verifyTextPresent(VerifyTextPresentKeyword.groovy:83)
	at com.kms.katalon.core.webui.keyword.builtin.VerifyTextPresentKeyword.execute(VerifyTextPresentKeyword.groovy:68)
	at com.kms.katalon.core.keyword.internal.KeywordExecutor.executeKeywordForPlatform(KeywordExecutor.groovy:74)
	at com.kms.katalon.core.webui.keyword.WebUiBuiltInKeywords.verifyTextPresent(WebUiBuiltInKeywords.groovy:1762)
	at OverAndUnderPayPC.run(OverAndUnderPayPC:89)
	at com.kms.katalon.core.main.ScriptEngine.run(ScriptEngine.java:194)
	at com.kms.katalon.core.main.ScriptEngine.runScriptAsRawText(ScriptEngine.java:119)
	at com.kms.katalon.core.main.TestCaseExecutor.runScript(TestCaseExecutor.java:448)
	at com.kms.katalon.core.main.TestCaseExecutor.doExecute(TestCaseExecutor.java:439)
	at com.kms.katalon.core.main.TestCaseExecutor.processExecutionPhase(TestCaseExecutor.java:418)
	at com.kms.katalon.core.main.TestCaseExecutor.accessMainPhase(TestCaseExecutor.java:410)
	at com.kms.katalon.core.main.TestCaseExecutor.execute(TestCaseExecutor.java:285)
	at com.kms.katalon.core.common.CommonExecutor.accessTestCaseMainPhase(CommonExecutor.java:65)
	at com.kms.katalon.core.main.TestSuiteExecutor.accessTestSuiteMainPhase(TestSuiteExecutor.java:150)
	at com.kms.katalon.core.main.TestSuiteExecutor.execute(TestSuiteExecutor.java:106)
	at com.kms.katalon.core.main.TestCaseMain.startTestSuite(TestCaseMain.java:180)
	at TempTestSuite1724852187713.run(TempTestSuite1724852187713.groovy:35)
	at java.base/jdk.internal.reflect.NativeMethodAccessorImpl.invoke0(Native Method)
	at java.base/jdk.internal.reflect.NativeMethodAccessorImpl.invoke(NativeMethodAccessorImpl.java:77)
	at java.base/jdk.internal.reflect.DelegatingMethodAccessorImpl.invoke(DelegatingMethodAccessorImpl.java:43)
)

28-08-2024T20:18:04 - [MESSAGE][FAILED] - Text 'Successful Payment Receipt' is not present on page  (Root cause: com.kms.katalon.core.exception.StepFailedException: Text 'Successful Payment Receipt' is not present on page 
	at com.kms.katalon.core.webui.keyword.internal.WebUIKeywordMain.stepFailed(WebUIKeywordMain.groovy:64)
	at com.kms.katalon.core.webui.keyword.builtin.VerifyTextPresentKeyword$_verifyTextPresent_closure1.doCall(VerifyTextPresentKeyword.groovy:79)
	at com.kms.katalon.core.webui.keyword.builtin.VerifyTextPresentKeyword$_verifyTextPresent_closure1.call(VerifyTextPresentKeyword.groovy)
	at com.kms.katalon.core.webui.keyword.internal.WebUIKeywordMain.runKeyword(WebUIKeywordMain.groovy:20)
	at com.kms.katalon.core.webui.keyword.builtin.VerifyTextPresentKeyword.verifyTextPresent(VerifyTextPresentKeyword.groovy:83)
	at com.kms.katalon.core.webui.keyword.builtin.VerifyTextPresentKeyword.execute(VerifyTextPresentKeyword.groovy:68)
	at com.kms.katalon.core.keyword.internal.KeywordExecutor.executeKeywordForPlatform(KeywordExecutor.groovy:74)
	at com.kms.katalon.core.webui.keyword.WebUiBuiltInKeywords.verifyTextPresent(WebUiBuiltInKeywords.groovy:1762)
	at OverAndUnderPayPC.run(OverAndUnderPayPC:89)
	at com.kms.katalon.core.main.ScriptEngine.run(ScriptEngine.java:194)
	at com.kms.katalon.core.main.ScriptEngine.runScriptAsRawText(ScriptEngine.java:119)
	at com.kms.katalon.core.main.TestCaseExecutor.runScript(TestCaseExecutor.java:448)
	at com.kms.katalon.core.main.TestCaseExecutor.doExecute(TestCaseExecutor.java:439)
	at com.kms.katalon.core.main.TestCaseExecutor.processExecutionPhase(TestCaseExecutor.java:418)
	at com.kms.katalon.core.main.TestCaseExecutor.accessMainPhase(TestCaseExecutor.java:410)
	at com.kms.katalon.core.main.TestCaseExecutor.execute(TestCaseExecutor.java:285)
	at com.kms.katalon.core.common.CommonExecutor.accessTestCaseMainPhase(CommonExecutor.java:65)
	at com.kms.katalon.core.main.TestSuiteExecutor.accessTestSuiteMainPhase(TestSuiteExecutor.java:150)
	at com.kms.katalon.core.main.TestSuiteExecutor.execute(TestSuiteExecutor.java:106)
	at com.kms.katalon.core.main.TestCaseMain.startTestSuite(TestCaseMain.java:180)
	at TempTestSuite1724852187713.run(TempTestSuite1724852187713.groovy:35)
	at java.base/jdk.internal.reflect.NativeMethodAccessorImpl.invoke0(Native Method)
	at java.base/jdk.internal.reflect.NativeMethodAccessorImpl.invoke(NativeMethodAccessorImpl.java:77)
	at java.base/jdk.internal.reflect.DelegatingMethodAccessorImpl.invoke(DelegatingMethodAccessorImpl.java:43)
)

28-08-2024T20:18:04 - [TEST_STEP][FAILED] - else: null

28-08-2024T20:18:04 - [TEST_STEP][PASSED] - println("Successful Payment Receipt text is not present on the Receipt page"): null

28-08-2024T20:18:04 - [TEST_STEP][FAILED] - markFailed("Error on Page is : " + getText(findTestObject("Object Repository/IWP30/Page_Receipt/div_ReceiptSourceCode"))): Error on Page is : null

28-08-2024T20:18:35 - [MESSAGE][INFO] - Unable to find the element located by 'By.xpath: /html[1]/body[1]/div[@class="wrapper"]/div[@class="main_col"][count(. | //div[@class = 'main_col']) = count(//div[@class = 'main_col'])]'. Please recheck the objects properties to make sure the desired element is located. 

28-08-2024T20:18:35 - [MESSAGE][WARNING] - [SELF-HEALING] Failed to find element with id 'Object Repository/IWP30/Page_Receipt/div_ReceiptSourceCode'. Try using Self-healing.

28-08-2024T20:18:37 - [MESSAGE][INFO] - Unable to find the element located by 'By.xpath: //div[2]/div[3]'. Please recheck the objects properties to make sure the desired element is located. 

28-08-2024T20:18:37 - [MESSAGE][INFO] - [SELF-HEALING] Failed Locator: '//div[2]/div[3]'.

28-08-2024T20:18:38 - [MESSAGE][INFO] - [SELF-HEALING] Failed Locator: '//div[(text() = '
 
   Make a Real Estate Payment
   
   Lorem ipsum dolor sit amet, consectetuer adipiscing elit, sed diam nonummy nibh euismod tincidunt ut laoreet dolore magna aliquam erat volutpat. Ut wisi enim ad minim veniam, quis nostrud exerci tation ullamcorper suscipit lobortis nisl ut aliquip ex ea commodo consequat.Successful Payment ReceiptPlease print this receipt for your recordsRemittance ID: ddsf435sdfsdfPayment ID: 12133187Received: June 14, 2023 07:27PM EDTUDF1 Label: udf data 1UDF2 Label: udf data 2UDF3 Label: udf data 3UDF4 Label: udf data 4UDF6 Label: udf data 6UDF7 Label: OrangeUDF8 Label: SoccerUDF9 Label: udf data 9Amount:  $10.50Convenience Fees:  $2.00Convenience Fees Type:  Dual TransactionTax Amount: $0.00Total Amount: $12.50Transaction Type: Authorization and CaptureCard Information: VisaELIZATH CHRISTINE************1111Billing Information: Address Line 1: 258 Underwood rdAddress Line 2: Suite 600Country: United StatesCity: ARLINGTONState: VAZIP Code: 22201
Please click here to make another payment.
' or . = '
 
   Make a Real Estate Payment
   
   Lorem ipsum dolor sit amet, consectetuer adipiscing elit, sed diam nonummy nibh euismod tincidunt ut laoreet dolore magna aliquam erat volutpat. Ut wisi enim ad minim veniam, quis nostrud exerci tation ullamcorper suscipit lobortis nisl ut aliquip ex ea commodo consequat.Successful Payment ReceiptPlease print this receipt for your recordsRemittance ID: ddsf435sdfsdfPayment ID: 12133187Received: June 14, 2023 07:27PM EDTUDF1 Label: udf data 1UDF2 Label: udf data 2UDF3 Label: udf data 3UDF4 Label: udf data 4UDF6 Label: udf data 6UDF7 Label: OrangeUDF8 Label: SoccerUDF9 Label: udf data 9Amount:  $10.50Convenience Fees:  $2.00Convenience Fees Type:  Dual TransactionTax Amount: $0.00Total Amount: $12.50Transaction Type: Authorization and CaptureCard Information: VisaELIZATH CHRISTINE************1111Billing Information: Address Line 1: 258 Underwood rdAddress Line 2: Suite 600Country: United StatesCity: ARLINGTONState: VAZIP Code: 22201
Please click here to make another payment.
')]'.

28-08-2024T20:18:38 - [MESSAGE][INFO] - [SELF-HEALING] Failed Locator: '//div[2]/div[3]'.

28-08-2024T20:18:39 - [MESSAGE][INFO] - [SELF-HEALING] Failed Locator: '//div[(text() = '
 
   Make a Real Estate Payment
   
   Lorem ipsum dolor sit amet, consectetuer adipiscing elit, sed diam nonummy nibh euismod tincidunt ut laoreet dolore magna aliquam erat volutpat. Ut wisi enim ad minim veniam, quis nostrud exerci tation ullamcorper suscipit lobortis nisl ut aliquip ex ea commodo consequat.Successful Payment ReceiptPlease print this receipt for your recordsRemittance ID: ddsf435sdfsdfPayment ID: 12133187Received: June 14, 2023 07:27PM EDTUDF1 Label: udf data 1UDF2 Label: udf data 2UDF3 Label: udf data 3UDF4 Label: udf data 4UDF6 Label: udf data 6UDF7 Label: OrangeUDF8 Label: SoccerUDF9 Label: udf data 9Amount:  $10.50Convenience Fees:  $2.00Convenience Fees Type:  Dual TransactionTax Amount: $0.00Total Amount: $12.50Transaction Type: Authorization and CaptureCard Information: VisaELIZATH CHRISTINE************1111Billing Information: Address Line 1: 258 Underwood rdAddress Line 2: Suite 600Country: United StatesCity: ARLINGTONState: VAZIP Code: 22201
Please click here to make another payment.
' or . = '
 
   Make a Real Estate Payment
   
   Lorem ipsum dolor sit amet, consectetuer adipiscing elit, sed diam nonummy nibh euismod tincidunt ut laoreet dolore magna aliquam erat volutpat. Ut wisi enim ad minim veniam, quis nostrud exerci tation ullamcorper suscipit lobortis nisl ut aliquip ex ea commodo consequat.Successful Payment ReceiptPlease print this receipt for your recordsRemittance ID: ddsf435sdfsdfPayment ID: 12133187Received: June 14, 2023 07:27PM EDTUDF1 Label: udf data 1UDF2 Label: udf data 2UDF3 Label: udf data 3UDF4 Label: udf data 4UDF6 Label: udf data 6UDF7 Label: OrangeUDF8 Label: SoccerUDF9 Label: udf data 9Amount:  $10.50Convenience Fees:  $2.00Convenience Fees Type:  Dual TransactionTax Amount: $0.00Total Amount: $12.50Transaction Type: Authorization and CaptureCard Information: VisaELIZATH CHRISTINE************1111Billing Information: Address Line 1: 258 Underwood rdAddress Line 2: Suite 600Country: United StatesCity: ARLINGTONState: VAZIP Code: 22201
Please click here to make another payment.
')]'.

28-08-2024T20:18:41 - [MESSAGE][INFO] - Unable to find the element located by 'By.cssSelector: div.main_col'. Please recheck the objects properties to make sure the desired element is located. 

28-08-2024T20:18:41 - [MESSAGE][FAILED] - Unable to get text of object 'Object Repository/IWP30/Page_Receipt/div_ReceiptSourceCode' (Root cause: com.kms.katalon.core.exception.StepFailedException: Unable to get text of object 'Object Repository/IWP30/Page_Receipt/div_ReceiptSourceCode'
	at com.kms.katalon.core.webui.keyword.internal.WebUIKeywordMain.stepFailed(WebUIKeywordMain.groovy:64)
	at com.kms.katalon.core.webui.keyword.internal.WebUIKeywordMain.runKeyword(WebUIKeywordMain.groovy:26)
	at com.kms.katalon.core.webui.keyword.builtin.GetTextKeyword.getText(GetTextKeyword.groovy:88)
	at com.kms.katalon.core.webui.keyword.builtin.GetTextKeyword.execute(GetTextKeyword.groovy:67)
	at com.kms.katalon.core.keyword.internal.KeywordExecutor.executeKeywordForPlatform(KeywordExecutor.groovy:74)
	at com.kms.katalon.core.webui.keyword.WebUiBuiltInKeywords.getText(WebUiBuiltInKeywords.groovy:957)
	at OverAndUnderPayPC.run(OverAndUnderPayPC:100)
	at com.kms.katalon.core.main.ScriptEngine.run(ScriptEngine.java:194)
	at com.kms.katalon.core.main.ScriptEngine.runScriptAsRawText(ScriptEngine.java:119)
	at com.kms.katalon.core.main.TestCaseExecutor.runScript(TestCaseExecutor.java:448)
	at com.kms.katalon.core.main.TestCaseExecutor.doExecute(TestCaseExecutor.java:439)
	at com.kms.katalon.core.main.TestCaseExecutor.processExecutionPhase(TestCaseExecutor.java:418)
	at com.kms.katalon.core.main.TestCaseExecutor.accessMainPhase(TestCaseExecutor.java:410)
	at com.kms.katalon.core.main.TestCaseExecutor.execute(TestCaseExecutor.java:285)
	at com.kms.katalon.core.common.CommonExecutor.accessTestCaseMainPhase(CommonExecutor.java:65)
	at com.kms.katalon.core.main.TestSuiteExecutor.accessTestSuiteMainPhase(TestSuiteExecutor.java:150)
	at com.kms.katalon.core.main.TestSuiteExecutor.execute(TestSuiteExecutor.java:106)
	at com.kms.katalon.core.main.TestCaseMain.startTestSuite(TestCaseMain.java:180)
	at TempTestSuite1724852187713.run(TempTestSuite1724852187713.groovy:35)
	at java.base/jdk.internal.reflect.NativeMethodAccessorImpl.invoke0(Native Method)
	at java.base/jdk.internal.reflect.NativeMethodAccessorImpl.invoke(NativeMethodAccessorImpl.java:77)
	at java.base/jdk.internal.reflect.DelegatingMethodAccessorImpl.invoke(DelegatingMethodAccessorImpl.java:43)
Caused by: com.kms.katalon.core.webui.exception.WebElementNotFoundException: Web element with id: 'Object Repository/IWP30/Page_Receipt/div_ReceiptSourceCode' located by '/html[1]/body[1]/div[@class="wrapper"]/div[@class="main_col"][count(. | //div[@class = 'main_col']) = count(//div[@class = 'main_col'])]' not found
	at com.kms.katalon.core.webui.common.WebUiCommonHelper.findWebElement(WebUiCommonHelper.java:1426)
	at com.kms.katalon.core.webui.keyword.internal.WebUIAbstractKeyword.findWebElement(WebUIAbstractKeyword.groovy:27)
	at com.kms.katalon.core.webui.keyword.internal.WebUIAbstractKeyword.findWebElement(WebUIAbstractKeyword.groovy:26)
	at com.kms.katalon.core.webui.keyword.builtin.GetTextKeyword$_getText_closure1.doCall(GetTextKeyword.groovy:78)
	at com.kms.katalon.core.webui.keyword.builtin.GetTextKeyword$_getText_closure1.call(GetTextKeyword.groovy)
	at com.kms.katalon.core.webui.keyword.internal.WebUIKeywordMain.runKeyword(WebUIKeywordMain.groovy:20)
	at com.kms.katalon.core.webui.keyword.builtin.GetTextKeyword.getText(GetTextKeyword.groovy:88)
	at com.kms.katalon.core.webui.keyword.builtin.GetTextKeyword.execute(GetTextKeyword.groovy:67)
	at com.kms.katalon.core.keyword.internal.KeywordExecutor.executeKeywordForPlatform(KeywordExecutor.groovy:74)
	at com.kms.katalon.core.webui.keyword.WebUiBuiltInKeywords.getText(WebUiBuiltInKeywords.groovy:957)
	at Script1724429530114.run(Script1724429530114.groovy:100)
	... 15 more
)
[[ATTACHMENT|C:\\Users\\t476046\\Documents\\katalon\\VPS-Katalon\\Reports\\20240828_190627\\QA\\IWP2.5\\QA_IWP2.5_Regression\\20240828_190627\\1724856521232.png]]

28-08-2024T20:18:41 - [MESSAGE][FAILED] - Error on Page is : null

28-08-2024T20:18:41 - [TEST_STEP][PASSED] - resText = "Fail": null

28-08-2024T20:18:41 - [TEST_STEP][PASSED] - pages.WriteExcel.demoKey(resText, datText, resColumn, datCloumn, fileLoc, nameSheet, row): pages.WriteExcel.demoKey is PASSED

28-08-2024T20:18:41 - [MESSAGE][PASSED] - pages.WriteExcel.demoKey is PASSED

28-08-2024T20:18:41 - [TEST_STEP][FAILED] - println(getText(findTestObject("Object Repository/IWP30/Page_Receipt/div_ReceiptSourceCode"))): Unable to get text of object 'Object Repository/IWP30/Page_Receipt/div_ReceiptSourceCode' (Root cause: com.kms.katalon.core.exception.StepFailedException: Unable to get text of object 'Object Repository/IWP30/Page_Receipt/div_ReceiptSourceCode'
	at com.kms.katalon.core.webui.keyword.internal.WebUIKeywordMain.stepFailed(WebUIKeywordMain.groovy:64)
	at com.kms.katalon.core.webui.keyword.internal.WebUIKeywordMain.runKeyword(WebUIKeywordMain.groovy:26)
	at com.kms.katalon.core.webui.keyword.builtin.GetTextKeyword.getText(GetTextKeyword.groovy:88)
	at com.kms.katalon.core.webui.keyword.builtin.GetTextKeyword.execute(GetTextKeyword.groovy:67)
	at com.kms.katalon.core.keyword.internal.KeywordExecutor.executeKeywordForPlatform(KeywordExecutor.groovy:74)
	at com.kms.katalon.core.webui.keyword.WebUiBuiltInKeywords.getText(WebUiBuiltInKeywords.groovy:957)
	at OverAndUnderPayPC.run(OverAndUnderPayPC:103)
	at com.kms.katalon.core.main.ScriptEngine.run(ScriptEngine.java:194)
	at com.kms.katalon.core.main.ScriptEngine.runScriptAsRawText(ScriptEngine.java:119)
	at com.kms.katalon.core.main.TestCaseExecutor.runScript(TestCaseExecutor.java:448)
	at com.kms.katalon.core.main.TestCaseExecutor.doExecute(TestCaseExecutor.java:439)
	at com.kms.katalon.core.main.TestCaseExecutor.processExecutionPhase(TestCaseExecutor.java:418)
	at com.kms.katalon.core.main.TestCaseExecutor.accessMainPhase(TestCaseExecutor.java:410)
	at com.kms.katalon.core.main.TestCaseExecutor.execute(TestCaseExecutor.java:285)
	at com.kms.katalon.core.common.CommonExecutor.accessTestCaseMainPhase(CommonExecutor.java:65)
	at com.kms.katalon.core.main.TestSuiteExecutor.accessTestSuiteMainPhase(TestSuiteExecutor.java:150)
	at com.kms.katalon.core.main.TestSuiteExecutor.execute(TestSuiteExecutor.java:106)
	at com.kms.katalon.core.main.TestCaseMain.startTestSuite(TestCaseMain.java:180)
	at TempTestSuite1724852187713.run(TempTestSuite1724852187713.groovy:35)
	at java.base/jdk.internal.reflect.NativeMethodAccessorImpl.invoke0(Native Method)
	at java.base/jdk.internal.reflect.NativeMethodAccessorImpl.invoke(NativeMethodAccessorImpl.java:77)
	at java.base/jdk.internal.reflect.DelegatingMethodAccessorImpl.invoke(DelegatingMethodAccessorImpl.java:43)
Caused by: com.kms.katalon.core.webui.exception.WebElementNotFoundException: Web element with id: 'Object Repository/IWP30/Page_Receipt/div_ReceiptSourceCode' located by '/html[1]/body[1]/div[@class="wrapper"]/div[@class="main_col"][count(. | //div[@class = 'main_col']) = count(//div[@class = 'main_col'])]' not found
	at com.kms.katalon.core.webui.common.WebUiCommonHelper.findWebElement(WebUiCommonHelper.java:1426)
	at com.kms.katalon.core.webui.keyword.internal.WebUIAbstractKeyword.findWebElement(WebUIAbstractKeyword.groovy:27)
	at com.kms.katalon.core.webui.keyword.internal.WebUIAbstractKeyword.findWebElement(WebUIAbstractKeyword.groovy:26)
	at com.kms.katalon.core.webui.keyword.builtin.GetTextKeyword$_getText_closure1.doCall(GetTextKeyword.groovy:78)
	at com.kms.katalon.core.webui.keyword.builtin.GetTextKeyword$_getText_closure1.call(GetTextKeyword.groovy)
	at com.kms.katalon.core.webui.keyword.internal.WebUIKeywordMain.runKeyword(WebUIKeywordMain.groovy:20)
	at com.kms.katalon.core.webui.keyword.builtin.GetTextKeyword.getText(GetTextKeyword.groovy:88)
	at com.kms.katalon.core.webui.keyword.builtin.GetTextKeyword.execute(GetTextKeyword.groovy:67)
	at com.kms.katalon.core.keyword.internal.KeywordExecutor.executeKeywordForPlatform(KeywordExecutor.groovy:74)
	at com.kms.katalon.core.webui.keyword.WebUiBuiltInKeywords.getText(WebUiBuiltInKeywords.groovy:957)
	at Script1724429530114.run(Script1724429530114.groovy:103)
	... 15 more
)

28-08-2024T20:19:12 - [MESSAGE][INFO] - Unable to find the element located by 'By.xpath: /html[1]/body[1]/div[@class="wrapper"]/div[@class="main_col"][count(. | //div[@class = 'main_col']) = count(//div[@class = 'main_col'])]'. Please recheck the objects properties to make sure the desired element is located. 

28-08-2024T20:19:12 - [MESSAGE][WARNING] - [SELF-HEALING] Failed to find element with id 'Object Repository/IWP30/Page_Receipt/div_ReceiptSourceCode'. Try using Self-healing.

28-08-2024T20:19:13 - [MESSAGE][INFO] - Unable to find the element located by 'By.xpath: //div[2]/div[3]'. Please recheck the objects properties to make sure the desired element is located. 

28-08-2024T20:19:13 - [MESSAGE][INFO] - [SELF-HEALING] Failed Locator: '//div[2]/div[3]'.

28-08-2024T20:19:14 - [MESSAGE][INFO] - [SELF-HEALING] Failed Locator: '//div[(text() = '
 
   Make a Real Estate Payment
   
   Lorem ipsum dolor sit amet, consectetuer adipiscing elit, sed diam nonummy nibh euismod tincidunt ut laoreet dolore magna aliquam erat volutpat. Ut wisi enim ad minim veniam, quis nostrud exerci tation ullamcorper suscipit lobortis nisl ut aliquip ex ea commodo consequat.Successful Payment ReceiptPlease print this receipt for your recordsRemittance ID: ddsf435sdfsdfPayment ID: 12133187Received: June 14, 2023 07:27PM EDTUDF1 Label: udf data 1UDF2 Label: udf data 2UDF3 Label: udf data 3UDF4 Label: udf data 4UDF6 Label: udf data 6UDF7 Label: OrangeUDF8 Label: SoccerUDF9 Label: udf data 9Amount:  $10.50Convenience Fees:  $2.00Convenience Fees Type:  Dual TransactionTax Amount: $0.00Total Amount: $12.50Transaction Type: Authorization and CaptureCard Information: VisaELIZATH CHRISTINE************1111Billing Information: Address Line 1: 258 Underwood rdAddress Line 2: Suite 600Country: United StatesCity: ARLINGTONState: VAZIP Code: 22201
Please click here to make another payment.
' or . = '
 
   Make a Real Estate Payment
   
   Lorem ipsum dolor sit amet, consectetuer adipiscing elit, sed diam nonummy nibh euismod tincidunt ut laoreet dolore magna aliquam erat volutpat. Ut wisi enim ad minim veniam, quis nostrud exerci tation ullamcorper suscipit lobortis nisl ut aliquip ex ea commodo consequat.Successful Payment ReceiptPlease print this receipt for your recordsRemittance ID: ddsf435sdfsdfPayment ID: 12133187Received: June 14, 2023 07:27PM EDTUDF1 Label: udf data 1UDF2 Label: udf data 2UDF3 Label: udf data 3UDF4 Label: udf data 4UDF6 Label: udf data 6UDF7 Label: OrangeUDF8 Label: SoccerUDF9 Label: udf data 9Amount:  $10.50Convenience Fees:  $2.00Convenience Fees Type:  Dual TransactionTax Amount: $0.00Total Amount: $12.50Transaction Type: Authorization and CaptureCard Information: VisaELIZATH CHRISTINE************1111Billing Information: Address Line 1: 258 Underwood rdAddress Line 2: Suite 600Country: United StatesCity: ARLINGTONState: VAZIP Code: 22201
Please click here to make another payment.
')]'.

28-08-2024T20:19:14 - [MESSAGE][INFO] - [SELF-HEALING] Failed Locator: '//div[2]/div[3]'.

28-08-2024T20:19:14 - [MESSAGE][INFO] - [SELF-HEALING] Failed Locator: '//div[(text() = '
 
   Make a Real Estate Payment
   
   Lorem ipsum dolor sit amet, consectetuer adipiscing elit, sed diam nonummy nibh euismod tincidunt ut laoreet dolore magna aliquam erat volutpat. Ut wisi enim ad minim veniam, quis nostrud exerci tation ullamcorper suscipit lobortis nisl ut aliquip ex ea commodo consequat.Successful Payment ReceiptPlease print this receipt for your recordsRemittance ID: ddsf435sdfsdfPayment ID: 12133187Received: June 14, 2023 07:27PM EDTUDF1 Label: udf data 1UDF2 Label: udf data 2UDF3 Label: udf data 3UDF4 Label: udf data 4UDF6 Label: udf data 6UDF7 Label: OrangeUDF8 Label: SoccerUDF9 Label: udf data 9Amount:  $10.50Convenience Fees:  $2.00Convenience Fees Type:  Dual TransactionTax Amount: $0.00Total Amount: $12.50Transaction Type: Authorization and CaptureCard Information: VisaELIZATH CHRISTINE************1111Billing Information: Address Line 1: 258 Underwood rdAddress Line 2: Suite 600Country: United StatesCity: ARLINGTONState: VAZIP Code: 22201
Please click here to make another payment.
' or . = '
 
   Make a Real Estate Payment
   
   Lorem ipsum dolor sit amet, consectetuer adipiscing elit, sed diam nonummy nibh euismod tincidunt ut laoreet dolore magna aliquam erat volutpat. Ut wisi enim ad minim veniam, quis nostrud exerci tation ullamcorper suscipit lobortis nisl ut aliquip ex ea commodo consequat.Successful Payment ReceiptPlease print this receipt for your recordsRemittance ID: ddsf435sdfsdfPayment ID: 12133187Received: June 14, 2023 07:27PM EDTUDF1 Label: udf data 1UDF2 Label: udf data 2UDF3 Label: udf data 3UDF4 Label: udf data 4UDF6 Label: udf data 6UDF7 Label: OrangeUDF8 Label: SoccerUDF9 Label: udf data 9Amount:  $10.50Convenience Fees:  $2.00Convenience Fees Type:  Dual TransactionTax Amount: $0.00Total Amount: $12.50Transaction Type: Authorization and CaptureCard Information: VisaELIZATH CHRISTINE************1111Billing Information: Address Line 1: 258 Underwood rdAddress Line 2: Suite 600Country: United StatesCity: ARLINGTONState: VAZIP Code: 22201
Please click here to make another payment.
')]'.

28-08-2024T20:19:14 - [MESSAGE][INFO] - [SELF-HEALING] Failed Locator: '//div[2]/div[3]'.

28-08-2024T20:19:15 - [MESSAGE][INFO] - [SELF-HEALING] Failed Locator: '//div[(text() = '
 
   Make a Real Estate Payment
   
   Lorem ipsum dolor sit amet, consectetuer adipiscing elit, sed diam nonummy nibh euismod tincidunt ut laoreet dolore magna aliquam erat volutpat. Ut wisi enim ad minim veniam, quis nostrud exerci tation ullamcorper suscipit lobortis nisl ut aliquip ex ea commodo consequat.Successful Payment ReceiptPlease print this receipt for your recordsRemittance ID: ddsf435sdfsdfPayment ID: 12133187Received: June 14, 2023 07:27PM EDTUDF1 Label: udf data 1UDF2 Label: udf data 2UDF3 Label: udf data 3UDF4 Label: udf data 4UDF6 Label: udf data 6UDF7 Label: OrangeUDF8 Label: SoccerUDF9 Label: udf data 9Amount:  $10.50Convenience Fees:  $2.00Convenience Fees Type:  Dual TransactionTax Amount: $0.00Total Amount: $12.50Transaction Type: Authorization and CaptureCard Information: VisaELIZATH CHRISTINE************1111Billing Information: Address Line 1: 258 Underwood rdAddress Line 2: Suite 600Country: United StatesCity: ARLINGTONState: VAZIP Code: 22201
Please click here to make another payment.
' or . = '
 
   Make a Real Estate Payment
   
   Lorem ipsum dolor sit amet, consectetuer adipiscing elit, sed diam nonummy nibh euismod tincidunt ut laoreet dolore magna aliquam erat volutpat. Ut wisi enim ad minim veniam, quis nostrud exerci tation ullamcorper suscipit lobortis nisl ut aliquip ex ea commodo consequat.Successful Payment ReceiptPlease print this receipt for your recordsRemittance ID: ddsf435sdfsdfPayment ID: 12133187Received: June 14, 2023 07:27PM EDTUDF1 Label: udf data 1UDF2 Label: udf data 2UDF3 Label: udf data 3UDF4 Label: udf data 4UDF6 Label: udf data 6UDF7 Label: OrangeUDF8 Label: SoccerUDF9 Label: udf data 9Amount:  $10.50Convenience Fees:  $2.00Convenience Fees Type:  Dual TransactionTax Amount: $0.00Total Amount: $12.50Transaction Type: Authorization and CaptureCard Information: VisaELIZATH CHRISTINE************1111Billing Information: Address Line 1: 258 Underwood rdAddress Line 2: Suite 600Country: United StatesCity: ARLINGTONState: VAZIP Code: 22201
Please click here to make another payment.
')]'.

28-08-2024T20:19:17 - [MESSAGE][INFO] - Unable to find the element located by 'By.cssSelector: div.main_col'. Please recheck the objects properties to make sure the desired element is located. 

28-08-2024T20:19:17 - [MESSAGE][FAILED] - Unable to get text of object 'Object Repository/IWP30/Page_Receipt/div_ReceiptSourceCode' (Root cause: com.kms.katalon.core.exception.StepFailedException: Unable to get text of object 'Object Repository/IWP30/Page_Receipt/div_ReceiptSourceCode'
	at com.kms.katalon.core.webui.keyword.internal.WebUIKeywordMain.stepFailed(WebUIKeywordMain.groovy:64)
	at com.kms.katalon.core.webui.keyword.internal.WebUIKeywordMain.runKeyword(WebUIKeywordMain.groovy:26)
	at com.kms.katalon.core.webui.keyword.builtin.GetTextKeyword.getText(GetTextKeyword.groovy:88)
	at com.kms.katalon.core.webui.keyword.builtin.GetTextKeyword.execute(GetTextKeyword.groovy:67)
	at com.kms.katalon.core.keyword.internal.KeywordExecutor.executeKeywordForPlatform(KeywordExecutor.groovy:74)
	at com.kms.katalon.core.webui.keyword.WebUiBuiltInKeywords.getText(WebUiBuiltInKeywords.groovy:957)
	at OverAndUnderPayPC.run(OverAndUnderPayPC:103)
	at com.kms.katalon.core.main.ScriptEngine.run(ScriptEngine.java:194)
	at com.kms.katalon.core.main.ScriptEngine.runScriptAsRawText(ScriptEngine.java:119)
	at com.kms.katalon.core.main.TestCaseExecutor.runScript(TestCaseExecutor.java:448)
	at com.kms.katalon.core.main.TestCaseExecutor.doExecute(TestCaseExecutor.java:439)
	at com.kms.katalon.core.main.TestCaseExecutor.processExecutionPhase(TestCaseExecutor.java:418)
	at com.kms.katalon.core.main.TestCaseExecutor.accessMainPhase(TestCaseExecutor.java:410)
	at com.kms.katalon.core.main.TestCaseExecutor.execute(TestCaseExecutor.java:285)
	at com.kms.katalon.core.common.CommonExecutor.accessTestCaseMainPhase(CommonExecutor.java:65)
	at com.kms.katalon.core.main.TestSuiteExecutor.accessTestSuiteMainPhase(TestSuiteExecutor.java:150)
	at com.kms.katalon.core.main.TestSuiteExecutor.execute(TestSuiteExecutor.java:106)
	at com.kms.katalon.core.main.TestCaseMain.startTestSuite(TestCaseMain.java:180)
	at TempTestSuite1724852187713.run(TempTestSuite1724852187713.groovy:35)
	at java.base/jdk.internal.reflect.NativeMethodAccessorImpl.invoke0(Native Method)
	at java.base/jdk.internal.reflect.NativeMethodAccessorImpl.invoke(NativeMethodAccessorImpl.java:77)
	at java.base/jdk.internal.reflect.DelegatingMethodAccessorImpl.invoke(DelegatingMethodAccessorImpl.java:43)
Caused by: com.kms.katalon.core.webui.exception.WebElementNotFoundException: Web element with id: 'Object Repository/IWP30/Page_Receipt/div_ReceiptSourceCode' located by '/html[1]/body[1]/div[@class="wrapper"]/div[@class="main_col"][count(. | //div[@class = 'main_col']) = count(//div[@class = 'main_col'])]' not found
	at com.kms.katalon.core.webui.common.WebUiCommonHelper.findWebElement(WebUiCommonHelper.java:1426)
	at com.kms.katalon.core.webui.keyword.internal.WebUIAbstractKeyword.findWebElement(WebUIAbstractKeyword.groovy:27)
	at com.kms.katalon.core.webui.keyword.internal.WebUIAbstractKeyword.findWebElement(WebUIAbstractKeyword.groovy:26)
	at com.kms.katalon.core.webui.keyword.builtin.GetTextKeyword$_getText_closure1.doCall(GetTextKeyword.groovy:78)
	at com.kms.katalon.core.webui.keyword.builtin.GetTextKeyword$_getText_closure1.call(GetTextKeyword.groovy)
	at com.kms.katalon.core.webui.keyword.internal.WebUIKeywordMain.runKeyword(WebUIKeywordMain.groovy:20)
	at com.kms.katalon.core.webui.keyword.builtin.GetTextKeyword.getText(GetTextKeyword.groovy:88)
	at com.kms.katalon.core.webui.keyword.builtin.GetTextKeyword.execute(GetTextKeyword.groovy:67)
	at com.kms.katalon.core.keyword.internal.KeywordExecutor.executeKeywordForPlatform(KeywordExecutor.groovy:74)
	at com.kms.katalon.core.webui.keyword.WebUiBuiltInKeywords.getText(WebUiBuiltInKeywords.groovy:957)
	at Script1724429530114.run(Script1724429530114.groovy:103)
	... 15 more
)
[[ATTACHMENT|C:\\Users\\t476046\\Documents\\katalon\\VPS-Katalon\\Reports\\20240828_190627\\QA\\IWP2.5\\QA_IWP2.5_Regression\\20240828_190627\\1724856557398.png]]

28-08-2024T20:19:17 - [TEST_STEP][PASSED] - closeBrowser(): Browser is closed

28-08-2024T20:19:19 - [MESSAGE][PASSED] - Browser is closed

28-08-2024T20:19:19 - [TEST_STEP][PASSED] - ExecuteTC = findTestData(dataFile).getValue("Execute", row): null

28-08-2024T20:19:19 - [TEST_STEP][PASSED] - out.println("Value of Execute is : " + ExecuteTC): null

28-08-2024T20:19:19 - [TEST_STEP][FAILED] - if (ExecuteTC.equalsIgnoreCase("Y")): null

28-08-2024T20:19:19 - [TEST_STEP][PASSED] - out.println("Begin Record Number: " + row): null

28-08-2024T20:19:19 - [TEST_STEP][PASSED] - today = new java.util.Date(): null

28-08-2024T20:19:19 - [TEST_STEP][PASSED] - println(today): null

28-08-2024T20:19:19 - [TEST_STEP][PASSED] - datText = today: null

28-08-2024T20:19:19 - [TEST_STEP][PASSED] - EmulatorDataKey = findTestData(dataFile).getValue("EmulatorData", row): null

28-08-2024T20:19:19 - [TEST_STEP][PASSED] - out.println("Value of Emulator Key is : " + EmulatorDataKey): null

28-08-2024T20:19:19 - [TEST_STEP][FAILED] - iwpPages.emulatorIWP30.setDataEmulator_DD(EmulatorDataKey): com.kms.katalon.core.exception.StepFailedException: Unable to select option by value '2.5' of object 'Object Repository/IWP30/Page_VRelay30Emulator/MV'  using regular expression (Root cause: com.kms.katalon.core.exception.StepFailedException: Unable to select option by value '2.5' of object 'Object Repository/IWP30/Page_VRelay30Emulator/MV'  using regular expression
	at com.kms.katalon.core.webui.keyword.internal.WebUIKeywordMain.stepFailed(WebUIKeywordMain.groovy:64)
	at com.kms.katalon.core.webui.keyword.internal.WebUIKeywordMain.runKeyword(WebUIKeywordMain.groovy:26)
	at com.kms.katalon.core.webui.keyword.builtin.SelectOptionByValueKeyword.selectOptionByValue(SelectOptionByValueKeyword.groovy:99)
	at com.kms.katalon.core.webui.keyword.builtin.SelectOptionByValueKeyword.execute(SelectOptionByValueKeyword.groovy:71)
	at com.kms.katalon.core.keyword.internal.KeywordExecutor.executeKeywordForPlatform(KeywordExecutor.groovy:74)
	at com.kms.katalon.core.webui.keyword.WebUiBuiltInKeywords.selectOptionByValue(WebUiBuiltInKeywords.groovy:1207)
	at iwpPages.emulatorIWP30.setDataEmulator_DD(emulatorIWP30.groovy:411)
	at jdk.internal.reflect.GeneratedMethodAccessor37.invoke(Unknown Source)
	at java.base/jdk.internal.reflect.DelegatingMethodAccessorImpl.invoke(DelegatingMethodAccessorImpl.java:43)
	at com.kms.katalon.core.main.CustomKeywordDelegatingMetaClass.invokeStaticMethod(CustomKeywordDelegatingMetaClass.java:55)
	at OverAndUnderPayPC.run(OverAndUnderPayPC:63)
	at com.kms.katalon.core.main.ScriptEngine.run(ScriptEngine.java:194)
	at com.kms.katalon.core.main.ScriptEngine.runScriptAsRawText(ScriptEngine.java:119)
	at com.kms.katalon.core.main.TestCaseExecutor.runScript(TestCaseExecutor.java:448)
	at com.kms.katalon.core.main.TestCaseExecutor.doExecute(TestCaseExecutor.java:439)
	at com.kms.katalon.core.main.TestCaseExecutor.processExecutionPhase(TestCaseExecutor.java:418)
	at com.kms.katalon.core.main.TestCaseExecutor.accessMainPhase(TestCaseExecutor.java:410)
	at com.kms.katalon.core.main.TestCaseExecutor.execute(TestCaseExecutor.java:285)
	at com.kms.katalon.core.common.CommonExecutor.accessTestCaseMainPhase(CommonExecutor.java:65)
	at com.kms.katalon.core.main.TestSuiteExecutor.accessTestSuiteMainPhase(TestSuiteExecutor.java:150)
	at com.kms.katalon.core.main.TestSuiteExecutor.execute(TestSuiteExecutor.java:106)
	at com.kms.katalon.core.main.TestCaseMain.startTestSuite(TestCaseMain.java:180)
	at TempTestSuite1724852187713.run(TempTestSuite1724852187713.groovy:35)
	at java.base/jdk.internal.reflect.NativeMethodAccessorImpl.invoke0(Native Method)
	at java.base/jdk.internal.reflect.NativeMethodAccessorImpl.invoke(NativeMethodAccessorImpl.java:77)
	at java.base/jdk.internal.reflect.DelegatingMethodAccessorImpl.invoke(DelegatingMethodAccessorImpl.java:43)
Caused by: com.kms.katalon.core.webui.exception.WebElementNotFoundException: Web element with id: 'Object Repository/IWP30/Page_VRelay30Emulator/MV' located by '//select[@name='message_version']' not found
	at com.kms.katalon.core.webui.common.WebUiCommonHelper.findWebElement(WebUiCommonHelper.java:1426)
	at com.kms.katalon.core.webui.keyword.internal.WebUIAbstractKeyword.findWebElement(WebUIAbstractKeyword.groovy:27)
	at com.kms.katalon.core.webui.keyword.internal.WebUIAbstractKeyword.findWebElement(WebUIAbstractKeyword.groovy:26)
	at com.kms.katalon.core.webui.keyword.builtin.SelectOptionByValueKeyword$_selectOptionByValue_closure1.doCall(SelectOptionByValueKeyword.groovy:86)
	at com.kms.katalon.core.webui.keyword.builtin.SelectOptionByValueKeyword$_selectOptionByValue_closure1.call(SelectOptionByValueKeyword.groovy)
	at com.kms.katalon.core.webui.keyword.internal.WebUIKeywordMain.runKeyword(WebUIKeywordMain.groovy:20)
	at com.kms.katalon.core.webui.keyword.builtin.SelectOptionByValueKeyword.selectOptionByValue(SelectOptionByValueKeyword.groovy:99)
	at com.kms.katalon.core.webui.keyword.builtin.SelectOptionByValueKeyword.execute(SelectOptionByValueKeyword.groovy:71)
	at com.kms.katalon.core.keyword.internal.KeywordExecutor.executeKeywordForPlatform(KeywordExecutor.groovy:74)
	at com.kms.katalon.core.webui.keyword.WebUiBuiltInKeywords.selectOptionByValue(WebUiBuiltInKeywords.groovy:1207)
	at iwpPages.emulatorIWP30.setDataEmulator_DD(emulatorIWP30.groovy:411)
	at jdk.internal.reflect.GeneratedMethodAccessor37.invoke(Unknown Source)
	at java.base/jdk.internal.reflect.DelegatingMethodAccessorImpl.invoke(DelegatingMethodAccessorImpl.java:43)
	at com.kms.katalon.core.main.CustomKeywordDelegatingMetaClass.invokeStaticMethod(CustomKeywordDelegatingMetaClass.java:55)
	at Script1724429530114.run(Script1724429530114.groovy:63)
	... 15 more
)

28-08-2024T20:19:19 - [MESSAGE][INFO] - Starting 'Edge Chromium' driver

28-08-2024T20:19:19 - [MESSAGE][INFO] - User set preference: ['acceptInsecureCerts', 'true']

28-08-2024T20:19:22 - [MESSAGE][INFO] - Action delay is set to 0 milliseconds

28-08-2024T20:19:38 - [MESSAGE][PASSED] - Browser is opened with url: 'https://qa2.velocitypayment.com/agency/config.do?action=editor&message_version=2_5'

28-08-2024T20:19:38 - [MESSAGE][PASSED] - Current window maximized

28-08-2024T20:20:09 - [MESSAGE][INFO] - Unable to find the element located by 'By.xpath: //select[@name='message_version']'. Please recheck the objects properties to make sure the desired element is located. 

28-08-2024T20:20:09 - [MESSAGE][WARNING] - [SELF-HEALING] Failed to find element with id 'Object Repository/IWP30/Page_VRelay30Emulator/MV'. Try using Self-healing.

28-08-2024T20:20:10 - [MESSAGE][INFO] - [SELF-HEALING] Failed Locator: '//select[@name='message_version']'.

28-08-2024T20:20:10 - [MESSAGE][INFO] - [SELF-HEALING] Failed Locator: '(.//*[normalize-space(text()) and normalize-space(.)='Message Version'])[1]/following::select[1]'.

28-08-2024T20:20:10 - [MESSAGE][INFO] - [SELF-HEALING] Failed Locator: '(.//*[normalize-space(text()) and normalize-space(.)='Input Editor'])[2]/following::select[1]'.

28-08-2024T20:20:10 - [MESSAGE][INFO] - [SELF-HEALING] Failed Locator: '(.//*[normalize-space(text()) and normalize-space(.)='Amount'])[1]/preceding::select[1]'.

28-08-2024T20:20:11 - [MESSAGE][INFO] - [SELF-HEALING] Failed Locator: '(.//*[normalize-space(text()) and normalize-space(.)='Client Account Number'])[1]/preceding::select[1]'.

28-08-2024T20:20:11 - [MESSAGE][INFO] - [SELF-HEALING] Failed Locator: '//select'.

28-08-2024T20:20:13 - [MESSAGE][INFO] - Unable to find the element located by 'By.xpath: //select[@name = 'message_version' and (text() = '2.1
            2.2
            2.3
            2.5
            2.7
            3.0' or . = '2.1
            2.2
            2.3
            2.5
            2.7
            3.0')]'. Please recheck the objects properties to make sure the desired element is located. 

28-08-2024T20:20:13 - [MESSAGE][WARNING] - [SELF-HEALING] Cannot find elements when the selector is null

28-08-2024T20:20:13 - [MESSAGE][FAILED] - Unable to select option by value '2.5' of object 'Object Repository/IWP30/Page_VRelay30Emulator/MV'  using regular expression (Root cause: com.kms.katalon.core.exception.StepFailedException: Unable to select option by value '2.5' of object 'Object Repository/IWP30/Page_VRelay30Emulator/MV'  using regular expression
	at com.kms.katalon.core.webui.keyword.internal.WebUIKeywordMain.stepFailed(WebUIKeywordMain.groovy:64)
	at com.kms.katalon.core.webui.keyword.internal.WebUIKeywordMain.runKeyword(WebUIKeywordMain.groovy:26)
	at com.kms.katalon.core.webui.keyword.builtin.SelectOptionByValueKeyword.selectOptionByValue(SelectOptionByValueKeyword.groovy:99)
	at com.kms.katalon.core.webui.keyword.builtin.SelectOptionByValueKeyword.execute(SelectOptionByValueKeyword.groovy:71)
	at com.kms.katalon.core.keyword.internal.KeywordExecutor.executeKeywordForPlatform(KeywordExecutor.groovy:74)
	at com.kms.katalon.core.webui.keyword.WebUiBuiltInKeywords.selectOptionByValue(WebUiBuiltInKeywords.groovy:1207)
	at iwpPages.emulatorIWP30.setDataEmulator_DD(emulatorIWP30.groovy:411)
	at jdk.internal.reflect.GeneratedMethodAccessor37.invoke(Unknown Source)
	at java.base/jdk.internal.reflect.DelegatingMethodAccessorImpl.invoke(DelegatingMethodAccessorImpl.java:43)
	at com.kms.katalon.core.main.CustomKeywordDelegatingMetaClass.invokeStaticMethod(CustomKeywordDelegatingMetaClass.java:55)
	at OverAndUnderPayPC.run(OverAndUnderPayPC:63)
	at com.kms.katalon.core.main.ScriptEngine.run(ScriptEngine.java:194)
	at com.kms.katalon.core.main.ScriptEngine.runScriptAsRawText(ScriptEngine.java:119)
	at com.kms.katalon.core.main.TestCaseExecutor.runScript(TestCaseExecutor.java:448)
	at com.kms.katalon.core.main.TestCaseExecutor.doExecute(TestCaseExecutor.java:439)
	at com.kms.katalon.core.main.TestCaseExecutor.processExecutionPhase(TestCaseExecutor.java:418)
	at com.kms.katalon.core.main.TestCaseExecutor.accessMainPhase(TestCaseExecutor.java:410)
	at com.kms.katalon.core.main.TestCaseExecutor.execute(TestCaseExecutor.java:285)
	at com.kms.katalon.core.common.CommonExecutor.accessTestCaseMainPhase(CommonExecutor.java:65)
	at com.kms.katalon.core.main.TestSuiteExecutor.accessTestSuiteMainPhase(TestSuiteExecutor.java:150)
	at com.kms.katalon.core.main.TestSuiteExecutor.execute(TestSuiteExecutor.java:106)
	at com.kms.katalon.core.main.TestCaseMain.startTestSuite(TestCaseMain.java:180)
	at TempTestSuite1724852187713.run(TempTestSuite1724852187713.groovy:35)
	at java.base/jdk.internal.reflect.NativeMethodAccessorImpl.invoke0(Native Method)
	at java.base/jdk.internal.reflect.NativeMethodAccessorImpl.invoke(NativeMethodAccessorImpl.java:77)
	at java.base/jdk.internal.reflect.DelegatingMethodAccessorImpl.invoke(DelegatingMethodAccessorImpl.java:43)
Caused by: com.kms.katalon.core.webui.exception.WebElementNotFoundException: Web element with id: 'Object Repository/IWP30/Page_VRelay30Emulator/MV' located by '//select[@name='message_version']' not found
	at com.kms.katalon.core.webui.common.WebUiCommonHelper.findWebElement(WebUiCommonHelper.java:1426)
	at com.kms.katalon.core.webui.keyword.internal.WebUIAbstractKeyword.findWebElement(WebUIAbstractKeyword.groovy:27)
	at com.kms.katalon.core.webui.keyword.internal.WebUIAbstractKeyword.findWebElement(WebUIAbstractKeyword.groovy:26)
	at com.kms.katalon.core.webui.keyword.builtin.SelectOptionByValueKeyword$_selectOptionByValue_closure1.doCall(SelectOptionByValueKeyword.groovy:86)
	at com.kms.katalon.core.webui.keyword.builtin.SelectOptionByValueKeyword$_selectOptionByValue_closure1.call(SelectOptionByValueKeyword.groovy)
	at com.kms.katalon.core.webui.keyword.internal.WebUIKeywordMain.runKeyword(WebUIKeywordMain.groovy:20)
	at com.kms.katalon.core.webui.keyword.builtin.SelectOptionByValueKeyword.selectOptionByValue(SelectOptionByValueKeyword.groovy:99)
	at com.kms.katalon.core.webui.keyword.builtin.SelectOptionByValueKeyword.execute(SelectOptionByValueKeyword.groovy:71)
	at com.kms.katalon.core.keyword.internal.KeywordExecutor.executeKeywordForPlatform(KeywordExecutor.groovy:74)
	at com.kms.katalon.core.webui.keyword.WebUiBuiltInKeywords.selectOptionByValue(WebUiBuiltInKeywords.groovy:1207)
	at iwpPages.emulatorIWP30.setDataEmulator_DD(emulatorIWP30.groovy:411)
	at jdk.internal.reflect.GeneratedMethodAccessor37.invoke(Unknown Source)
	at java.base/jdk.internal.reflect.DelegatingMethodAccessorImpl.invoke(DelegatingMethodAccessorImpl.java:43)
	at com.kms.katalon.core.main.CustomKeywordDelegatingMetaClass.invokeStaticMethod(CustomKeywordDelegatingMetaClass.java:55)
	at Script1724429530114.run(Script1724429530114.groovy:63)
	... 15 more
)
[[ATTACHMENT|C:\\Users\\t476046\\Documents\\katalon\\VPS-Katalon\\Reports\\20240828_190627\\QA\\IWP2.5\\QA_IWP2.5_Regression\\20240828_190627\\1724856613448.png]]

28-08-2024T20:20:44 - [MESSAGE][INFO] - Unable to find the element located by 'By.xpath: //input[@type = 'text' and @name = 'amount']'. Please recheck the objects properties to make sure the desired element is located. 

28-08-2024T20:20:44 - [MESSAGE][WARNING] - [SELF-HEALING] Failed to find element with id 'Object Repository/IWP30/Page_VRelay30Emulator/Amount'. Try using Self-healing.

28-08-2024T20:20:46 - [MESSAGE][INFO] - Unable to find the element located by 'By.xpath: //input[@name='amount']'. Please recheck the objects properties to make sure the desired element is located. 

28-08-2024T20:20:47 - [MESSAGE][INFO] - [SELF-HEALING] Failed Locator: '//input[@name='amount']'.

28-08-2024T20:20:47 - [MESSAGE][INFO] - [SELF-HEALING] Failed Locator: '(.//*[normalize-space(text()) and normalize-space(.)='Amount'])[1]/following::input[1]'.

28-08-2024T20:20:47 - [MESSAGE][INFO] - [SELF-HEALING] Failed Locator: '(.//*[normalize-space(text()) and normalize-space(.)='Message Version'])[1]/following::input[1]'.

28-08-2024T20:20:48 - [MESSAGE][INFO] - [SELF-HEALING] Failed Locator: '(.//*[normalize-space(text()) and normalize-space(.)='Client Account Number'])[1]/preceding::input[1]'.

28-08-2024T20:20:48 - [MESSAGE][INFO] - [SELF-HEALING] Failed Locator: '(.//*[normalize-space(text()) and normalize-space(.)='Action Type'])[1]/preceding::input[2]'.

28-08-2024T20:20:48 - [MESSAGE][INFO] - [SELF-HEALING] Failed Locator: '//input'.

28-08-2024T20:20:49 - [MESSAGE][WARNING] - [SELF-HEALING] Cannot find elements when the selector is null

28-08-2024T20:20:49 - [MESSAGE][FAILED] - Unable to set text '10.50' of object 'Object Repository/IWP30/Page_VRelay30Emulator/Amount' (Root cause: com.kms.katalon.core.exception.StepFailedException: Unable to set text '10.50' of object 'Object Repository/IWP30/Page_VRelay30Emulator/Amount'
	at com.kms.katalon.core.webui.keyword.internal.WebUIKeywordMain.stepFailed(WebUIKeywordMain.groovy:64)
	at com.kms.katalon.core.webui.keyword.internal.WebUIKeywordMain.runKeyword(WebUIKeywordMain.groovy:26)
	at com.kms.katalon.core.webui.keyword.builtin.SetTextKeyword.setText(SetTextKeyword.groovy:85)
	at com.kms.katalon.core.webui.keyword.builtin.SetTextKeyword.execute(SetTextKeyword.groovy:39)
	at com.kms.katalon.core.keyword.internal.KeywordExecutor.executeKeywordForPlatform(KeywordExecutor.groovy:74)
	at com.kms.katalon.core.webui.keyword.WebUiBuiltInKeywords.setText(WebUiBuiltInKeywords.groovy:1019)
	at iwpPages.emulatorIWP30.setDataEmulator_DD(emulatorIWP30.groovy:413)
	at jdk.internal.reflect.GeneratedMethodAccessor37.invoke(Unknown Source)
	at java.base/jdk.internal.reflect.DelegatingMethodAccessorImpl.invoke(DelegatingMethodAccessorImpl.java:43)
	at com.kms.katalon.core.main.CustomKeywordDelegatingMetaClass.invokeStaticMethod(CustomKeywordDelegatingMetaClass.java:55)
	at OverAndUnderPayPC.run(OverAndUnderPayPC:63)
	at com.kms.katalon.core.main.ScriptEngine.run(ScriptEngine.java:194)
	at com.kms.katalon.core.main.ScriptEngine.runScriptAsRawText(ScriptEngine.java:119)
	at com.kms.katalon.core.main.TestCaseExecutor.runScript(TestCaseExecutor.java:448)
	at com.kms.katalon.core.main.TestCaseExecutor.doExecute(TestCaseExecutor.java:439)
	at com.kms.katalon.core.main.TestCaseExecutor.processExecutionPhase(TestCaseExecutor.java:418)
	at com.kms.katalon.core.main.TestCaseExecutor.accessMainPhase(TestCaseExecutor.java:410)
	at com.kms.katalon.core.main.TestCaseExecutor.execute(TestCaseExecutor.java:285)
	at com.kms.katalon.core.common.CommonExecutor.accessTestCaseMainPhase(CommonExecutor.java:65)
	at com.kms.katalon.core.main.TestSuiteExecutor.accessTestSuiteMainPhase(TestSuiteExecutor.java:150)
	at com.kms.katalon.core.main.TestSuiteExecutor.execute(TestSuiteExecutor.java:106)
	at com.kms.katalon.core.main.TestCaseMain.startTestSuite(TestCaseMain.java:180)
	at TempTestSuite1724852187713.run(TempTestSuite1724852187713.groovy:35)
	at java.base/jdk.internal.reflect.NativeMethodAccessorImpl.invoke0(Native Method)
	at java.base/jdk.internal.reflect.NativeMethodAccessorImpl.invoke(NativeMethodAccessorImpl.java:77)
	at java.base/jdk.internal.reflect.DelegatingMethodAccessorImpl.invoke(DelegatingMethodAccessorImpl.java:43)
Caused by: com.kms.katalon.core.webui.exception.WebElementNotFoundException: Web element with id: 'Object Repository/IWP30/Page_VRelay30Emulator/Amount' located by '//input[@type = 'text' and @name = 'amount']' not found
	at com.kms.katalon.core.webui.common.WebUiCommonHelper.findWebElement(WebUiCommonHelper.java:1426)
	at com.kms.katalon.core.webui.keyword.internal.WebUIAbstractKeyword.findWebElement(WebUIAbstractKeyword.groovy:27)
	at com.kms.katalon.core.webui.keyword.internal.WebUIAbstractKeyword.findWebElement(WebUIAbstractKeyword.groovy:26)
	at com.kms.katalon.core.webui.keyword.builtin.SetTextKeyword$_setText_closure1.doCall(SetTextKeyword.groovy:53)
	at com.kms.katalon.core.webui.keyword.builtin.SetTextKeyword$_setText_closure1.call(SetTextKeyword.groovy)
	at com.kms.katalon.core.webui.keyword.internal.WebUIKeywordMain.runKeyword(WebUIKeywordMain.groovy:20)
	at com.kms.katalon.core.webui.keyword.builtin.SetTextKeyword.setText(SetTextKeyword.groovy:85)
	at com.kms.katalon.core.webui.keyword.builtin.SetTextKeyword.execute(SetTextKeyword.groovy:39)
	at com.kms.katalon.core.keyword.internal.KeywordExecutor.executeKeywordForPlatform(KeywordExecutor.groovy:74)
	at com.kms.katalon.core.webui.keyword.WebUiBuiltInKeywords.setText(WebUiBuiltInKeywords.groovy:1019)
	at iwpPages.emulatorIWP30.setDataEmulator_DD(emulatorIWP30.groovy:413)
	at jdk.internal.reflect.GeneratedMethodAccessor37.invoke(Unknown Source)
	at java.base/jdk.internal.reflect.DelegatingMethodAccessorImpl.invoke(DelegatingMethodAccessorImpl.java:43)
	at com.kms.katalon.core.main.CustomKeywordDelegatingMetaClass.invokeStaticMethod(CustomKeywordDelegatingMetaClass.java:55)
	at Script1724429530114.run(Script1724429530114.groovy:63)
	... 15 more
)
[[ATTACHMENT|C:\\Users\\t476046\\Documents\\katalon\\VPS-Katalon\\Reports\\20240828_190627\\QA\\IWP2.5\\QA_IWP2.5_Regression\\20240828_190627\\1724856649718.png]]

28-08-2024T20:21:21 - [MESSAGE][INFO] - Unable to find the element located by 'By.xpath: //input[@type = 'text' and @name = 'client_account_number']'. Please recheck the objects properties to make sure the desired element is located. 

28-08-2024T20:21:21 - [MESSAGE][WARNING] - [SELF-HEALING] Failed to find element with id 'Object Repository/IWP30/Page_VRelay30Emulator/CAN'. Try using Self-healing.

28-08-2024T20:21:22 - [MESSAGE][INFO] - Unable to find the element located by 'By.xpath: //input[@name='client_account_number']'. Please recheck the objects properties to make sure the desired element is located. 

28-08-2024T20:21:22 - [MESSAGE][INFO] - [SELF-HEALING] Failed Locator: '//input[@name='client_account_number']'.

28-08-2024T20:21:22 - [MESSAGE][INFO] - [SELF-HEALING] Failed Locator: '(.//*[normalize-space(text()) and normalize-space(.)='Client Account Number'])[1]/following::input[1]'.

28-08-2024T20:21:23 - [MESSAGE][INFO] - [SELF-HEALING] Failed Locator: '(.//*[normalize-space(text()) and normalize-space(.)='Amount'])[1]/following::input[2]'.

28-08-2024T20:21:23 - [MESSAGE][INFO] - [SELF-HEALING] Failed Locator: '(.//*[normalize-space(text()) and normalize-space(.)='Action Type'])[1]/preceding::input[1]'.

28-08-2024T20:21:23 - [MESSAGE][INFO] - [SELF-HEALING] Failed Locator: '(.//*[normalize-space(text()) and normalize-space(.)='Language'])[1]/preceding::input[2]'.

28-08-2024T20:21:23 - [MESSAGE][INFO] - [SELF-HEALING] Failed Locator: '//tr[6]/td[2]/input'.

28-08-2024T20:21:24 - [MESSAGE][WARNING] - [SELF-HEALING] Cannot find elements when the selector is null

28-08-2024T20:21:25 - [MESSAGE][FAILED] - Unable to set text '26413255' of object 'Object Repository/IWP30/Page_VRelay30Emulator/CAN' (Root cause: com.kms.katalon.core.exception.StepFailedException: Unable to set text '26413255' of object 'Object Repository/IWP30/Page_VRelay30Emulator/CAN'
	at com.kms.katalon.core.webui.keyword.internal.WebUIKeywordMain.stepFailed(WebUIKeywordMain.groovy:64)
	at com.kms.katalon.core.webui.keyword.internal.WebUIKeywordMain.runKeyword(WebUIKeywordMain.groovy:26)
	at com.kms.katalon.core.webui.keyword.builtin.SetTextKeyword.setText(SetTextKeyword.groovy:85)
	at com.kms.katalon.core.webui.keyword.builtin.SetTextKeyword.execute(SetTextKeyword.groovy:39)
	at com.kms.katalon.core.keyword.internal.KeywordExecutor.executeKeywordForPlatform(KeywordExecutor.groovy:74)
	at com.kms.katalon.core.webui.keyword.WebUiBuiltInKeywords.setText(WebUiBuiltInKeywords.groovy:1019)
	at iwpPages.emulatorIWP30.setDataEmulator_DD(emulatorIWP30.groovy:414)
	at jdk.internal.reflect.GeneratedMethodAccessor37.invoke(Unknown Source)
	at java.base/jdk.internal.reflect.DelegatingMethodAccessorImpl.invoke(DelegatingMethodAccessorImpl.java:43)
	at com.kms.katalon.core.main.CustomKeywordDelegatingMetaClass.invokeStaticMethod(CustomKeywordDelegatingMetaClass.java:55)
	at OverAndUnderPayPC.run(OverAndUnderPayPC:63)
	at com.kms.katalon.core.main.ScriptEngine.run(ScriptEngine.java:194)
	at com.kms.katalon.core.main.ScriptEngine.runScriptAsRawText(ScriptEngine.java:119)
	at com.kms.katalon.core.main.TestCaseExecutor.runScript(TestCaseExecutor.java:448)
	at com.kms.katalon.core.main.TestCaseExecutor.doExecute(TestCaseExecutor.java:439)
	at com.kms.katalon.core.main.TestCaseExecutor.processExecutionPhase(TestCaseExecutor.java:418)
	at com.kms.katalon.core.main.TestCaseExecutor.accessMainPhase(TestCaseExecutor.java:410)
	at com.kms.katalon.core.main.TestCaseExecutor.execute(TestCaseExecutor.java:285)
	at com.kms.katalon.core.common.CommonExecutor.accessTestCaseMainPhase(CommonExecutor.java:65)
	at com.kms.katalon.core.main.TestSuiteExecutor.accessTestSuiteMainPhase(TestSuiteExecutor.java:150)
	at com.kms.katalon.core.main.TestSuiteExecutor.execute(TestSuiteExecutor.java:106)
	at com.kms.katalon.core.main.TestCaseMain.startTestSuite(TestCaseMain.java:180)
	at TempTestSuite1724852187713.run(TempTestSuite1724852187713.groovy:35)
	at java.base/jdk.internal.reflect.NativeMethodAccessorImpl.invoke0(Native Method)
	at java.base/jdk.internal.reflect.NativeMethodAccessorImpl.invoke(NativeMethodAccessorImpl.java:77)
	at java.base/jdk.internal.reflect.DelegatingMethodAccessorImpl.invoke(DelegatingMethodAccessorImpl.java:43)
Caused by: com.kms.katalon.core.webui.exception.WebElementNotFoundException: Web element with id: 'Object Repository/IWP30/Page_VRelay30Emulator/CAN' located by '//input[@type = 'text' and @name = 'client_account_number']' not found
	at com.kms.katalon.core.webui.common.WebUiCommonHelper.findWebElement(WebUiCommonHelper.java:1426)
	at com.kms.katalon.core.webui.keyword.internal.WebUIAbstractKeyword.findWebElement(WebUIAbstractKeyword.groovy:27)
	at com.kms.katalon.core.webui.keyword.internal.WebUIAbstractKeyword.findWebElement(WebUIAbstractKeyword.groovy:26)
	at com.kms.katalon.core.webui.keyword.builtin.SetTextKeyword$_setText_closure1.doCall(SetTextKeyword.groovy:53)
	at com.kms.katalon.core.webui.keyword.builtin.SetTextKeyword$_setText_closure1.call(SetTextKeyword.groovy)
	at com.kms.katalon.core.webui.keyword.internal.WebUIKeywordMain.runKeyword(WebUIKeywordMain.groovy:20)
	at com.kms.katalon.core.webui.keyword.builtin.SetTextKeyword.setText(SetTextKeyword.groovy:85)
	at com.kms.katalon.core.webui.keyword.builtin.SetTextKeyword.execute(SetTextKeyword.groovy:39)
	at com.kms.katalon.core.keyword.internal.KeywordExecutor.executeKeywordForPlatform(KeywordExecutor.groovy:74)
	at com.kms.katalon.core.webui.keyword.WebUiBuiltInKeywords.setText(WebUiBuiltInKeywords.groovy:1019)
	at iwpPages.emulatorIWP30.setDataEmulator_DD(emulatorIWP30.groovy:414)
	at jdk.internal.reflect.GeneratedMethodAccessor37.invoke(Unknown Source)
	at java.base/jdk.internal.reflect.DelegatingMethodAccessorImpl.invoke(DelegatingMethodAccessorImpl.java:43)
	at com.kms.katalon.core.main.CustomKeywordDelegatingMetaClass.invokeStaticMethod(CustomKeywordDelegatingMetaClass.java:55)
	at Script1724429530114.run(Script1724429530114.groovy:63)
	... 15 more
)
[[ATTACHMENT|C:\\Users\\t476046\\Documents\\katalon\\VPS-Katalon\\Reports\\20240828_190627\\QA\\IWP2.5\\QA_IWP2.5_Regression\\20240828_190627\\1724856684937.png]]

28-08-2024T20:21:56 - [MESSAGE][INFO] - Unable to find the element located by 'By.xpath: //input[@type = 'text' and @name = 'action_type']'. Please recheck the objects properties to make sure the desired element is located. 

28-08-2024T20:21:56 - [MESSAGE][WARNING] - [SELF-HEALING] Failed to find element with id 'Object Repository/IWP30/Page_VRelay30Emulator/Action'. Try using Self-healing.

28-08-2024T20:21:57 - [MESSAGE][INFO] - Unable to find the element located by 'By.xpath: //input[@name='action_type']'. Please recheck the objects properties to make sure the desired element is located. 

28-08-2024T20:21:57 - [MESSAGE][INFO] - [SELF-HEALING] Failed Locator: '//input[@name='action_type']'.

28-08-2024T20:21:57 - [MESSAGE][INFO] - [SELF-HEALING] Failed Locator: '(.//*[normalize-space(text()) and normalize-space(.)='Action Type'])[1]/following::input[1]'.

28-08-2024T20:21:58 - [MESSAGE][INFO] - [SELF-HEALING] Failed Locator: '(.//*[normalize-space(text()) and normalize-space(.)='Client Account Number'])[1]/following::input[2]'.

28-08-2024T20:21:58 - [MESSAGE][INFO] - [SELF-HEALING] Failed Locator: '(.//*[normalize-space(text()) and normalize-space(.)='Language'])[1]/preceding::input[1]'.

28-08-2024T20:21:59 - [MESSAGE][INFO] - [SELF-HEALING] Failed Locator: '(.//*[normalize-space(text()) and normalize-space(.)='First Name'])[1]/preceding::input[2]'.

28-08-2024T20:21:59 - [MESSAGE][INFO] - [SELF-HEALING] Failed Locator: '//tr[7]/td[2]/input'.

28-08-2024T20:22:00 - [MESSAGE][WARNING] - [SELF-HEALING] Cannot find elements when the selector is null

28-08-2024T20:22:01 - [MESSAGE][FAILED] - Unable to set text 'PayNow' of object 'Object Repository/IWP30/Page_VRelay30Emulator/Action' (Root cause: com.kms.katalon.core.exception.StepFailedException: Unable to set text 'PayNow' of object 'Object Repository/IWP30/Page_VRelay30Emulator/Action'
	at com.kms.katalon.core.webui.keyword.internal.WebUIKeywordMain.stepFailed(WebUIKeywordMain.groovy:64)
	at com.kms.katalon.core.webui.keyword.internal.WebUIKeywordMain.runKeyword(WebUIKeywordMain.groovy:26)
	at com.kms.katalon.core.webui.keyword.builtin.SetTextKeyword.setText(SetTextKeyword.groovy:85)
	at com.kms.katalon.core.webui.keyword.builtin.SetTextKeyword.execute(SetTextKeyword.groovy:39)
	at com.kms.katalon.core.keyword.internal.KeywordExecutor.executeKeywordForPlatform(KeywordExecutor.groovy:74)
	at com.kms.katalon.core.webui.keyword.WebUiBuiltInKeywords.setText(WebUiBuiltInKeywords.groovy:1019)
	at iwpPages.emulatorIWP30.setDataEmulator_DD(emulatorIWP30.groovy:415)
	at jdk.internal.reflect.GeneratedMethodAccessor37.invoke(Unknown Source)
	at java.base/jdk.internal.reflect.DelegatingMethodAccessorImpl.invoke(DelegatingMethodAccessorImpl.java:43)
	at com.kms.katalon.core.main.CustomKeywordDelegatingMetaClass.invokeStaticMethod(CustomKeywordDelegatingMetaClass.java:55)
	at OverAndUnderPayPC.run(OverAndUnderPayPC:63)
	at com.kms.katalon.core.main.ScriptEngine.run(ScriptEngine.java:194)
	at com.kms.katalon.core.main.ScriptEngine.runScriptAsRawText(ScriptEngine.java:119)
	at com.kms.katalon.core.main.TestCaseExecutor.runScript(TestCaseExecutor.java:448)
	at com.kms.katalon.core.main.TestCaseExecutor.doExecute(TestCaseExecutor.java:439)
	at com.kms.katalon.core.main.TestCaseExecutor.processExecutionPhase(TestCaseExecutor.java:418)
	at com.kms.katalon.core.main.TestCaseExecutor.accessMainPhase(TestCaseExecutor.java:410)
	at com.kms.katalon.core.main.TestCaseExecutor.execute(TestCaseExecutor.java:285)
	at com.kms.katalon.core.common.CommonExecutor.accessTestCaseMainPhase(CommonExecutor.java:65)
	at com.kms.katalon.core.main.TestSuiteExecutor.accessTestSuiteMainPhase(TestSuiteExecutor.java:150)
	at com.kms.katalon.core.main.TestSuiteExecutor.execute(TestSuiteExecutor.java:106)
	at com.kms.katalon.core.main.TestCaseMain.startTestSuite(TestCaseMain.java:180)
	at TempTestSuite1724852187713.run(TempTestSuite1724852187713.groovy:35)
	at java.base/jdk.internal.reflect.NativeMethodAccessorImpl.invoke0(Native Method)
	at java.base/jdk.internal.reflect.NativeMethodAccessorImpl.invoke(NativeMethodAccessorImpl.java:77)
	at java.base/jdk.internal.reflect.DelegatingMethodAccessorImpl.invoke(DelegatingMethodAccessorImpl.java:43)
Caused by: com.kms.katalon.core.webui.exception.WebElementNotFoundException: Web element with id: 'Object Repository/IWP30/Page_VRelay30Emulator/Action' located by '//input[@type = 'text' and @name = 'action_type']' not found
	at com.kms.katalon.core.webui.common.WebUiCommonHelper.findWebElement(WebUiCommonHelper.java:1426)
	at com.kms.katalon.core.webui.keyword.internal.WebUIAbstractKeyword.findWebElement(WebUIAbstractKeyword.groovy:27)
	at com.kms.katalon.core.webui.keyword.internal.WebUIAbstractKeyword.findWebElement(WebUIAbstractKeyword.groovy:26)
	at com.kms.katalon.core.webui.keyword.builtin.SetTextKeyword$_setText_closure1.doCall(SetTextKeyword.groovy:53)
	at com.kms.katalon.core.webui.keyword.builtin.SetTextKeyword$_setText_closure1.call(SetTextKeyword.groovy)
	at com.kms.katalon.core.webui.keyword.internal.WebUIKeywordMain.runKeyword(WebUIKeywordMain.groovy:20)
	at com.kms.katalon.core.webui.keyword.builtin.SetTextKeyword.setText(SetTextKeyword.groovy:85)
	at com.kms.katalon.core.webui.keyword.builtin.SetTextKeyword.execute(SetTextKeyword.groovy:39)
	at com.kms.katalon.core.keyword.internal.KeywordExecutor.executeKeywordForPlatform(KeywordExecutor.groovy:74)
	at com.kms.katalon.core.webui.keyword.WebUiBuiltInKeywords.setText(WebUiBuiltInKeywords.groovy:1019)
	at iwpPages.emulatorIWP30.setDataEmulator_DD(emulatorIWP30.groovy:415)
	at jdk.internal.reflect.GeneratedMethodAccessor37.invoke(Unknown Source)
	at java.base/jdk.internal.reflect.DelegatingMethodAccessorImpl.invoke(DelegatingMethodAccessorImpl.java:43)
	at com.kms.katalon.core.main.CustomKeywordDelegatingMetaClass.invokeStaticMethod(CustomKeywordDelegatingMetaClass.java:55)
	at Script1724429530114.run(Script1724429530114.groovy:63)
	... 15 more
)
[[ATTACHMENT|C:\\Users\\t476046\\Documents\\katalon\\VPS-Katalon\\Reports\\20240828_190627\\QA\\IWP2.5\\QA_IWP2.5_Regression\\20240828_190627\\1724856720998.png]]

28-08-2024T20:22:32 - [MESSAGE][INFO] - Unable to find the element located by 'By.xpath: //*[@type = 'text' and @name = 'language']'. Please recheck the objects properties to make sure the desired element is located. 

28-08-2024T20:22:32 - [MESSAGE][WARNING] - [SELF-HEALING] Failed to find element with id 'Object Repository/IWP30/Page_VRelay30Emulator/Lang'. Try using Self-healing.

28-08-2024T20:22:32 - [MESSAGE][WARNING] - [SELF-HEALING] Cannot find elements when the XPath is null.

28-08-2024T20:22:34 - [MESSAGE][WARNING] - [SELF-HEALING] Cannot find elements when the selector is null

28-08-2024T20:22:34 - [MESSAGE][FAILED] - Unable to set text 'en_US' of object 'Object Repository/IWP30/Page_VRelay30Emulator/Lang' (Root cause: com.kms.katalon.core.exception.StepFailedException: Unable to set text 'en_US' of object 'Object Repository/IWP30/Page_VRelay30Emulator/Lang'
	at com.kms.katalon.core.webui.keyword.internal.WebUIKeywordMain.stepFailed(WebUIKeywordMain.groovy:64)
	at com.kms.katalon.core.webui.keyword.internal.WebUIKeywordMain.runKeyword(WebUIKeywordMain.groovy:26)
	at com.kms.katalon.core.webui.keyword.builtin.SetTextKeyword.setText(SetTextKeyword.groovy:85)
	at com.kms.katalon.core.webui.keyword.builtin.SetTextKeyword.execute(SetTextKeyword.groovy:39)
	at com.kms.katalon.core.keyword.internal.KeywordExecutor.executeKeywordForPlatform(KeywordExecutor.groovy:74)
	at com.kms.katalon.core.webui.keyword.WebUiBuiltInKeywords.setText(WebUiBuiltInKeywords.groovy:1019)
	at iwpPages.emulatorIWP30.setDataEmulator_DD(emulatorIWP30.groovy:416)
	at jdk.internal.reflect.GeneratedMethodAccessor37.invoke(Unknown Source)
	at java.base/jdk.internal.reflect.DelegatingMethodAccessorImpl.invoke(DelegatingMethodAccessorImpl.java:43)
	at com.kms.katalon.core.main.CustomKeywordDelegatingMetaClass.invokeStaticMethod(CustomKeywordDelegatingMetaClass.java:55)
	at OverAndUnderPayPC.run(OverAndUnderPayPC:63)
	at com.kms.katalon.core.main.ScriptEngine.run(ScriptEngine.java:194)
	at com.kms.katalon.core.main.ScriptEngine.runScriptAsRawText(ScriptEngine.java:119)
	at com.kms.katalon.core.main.TestCaseExecutor.runScript(TestCaseExecutor.java:448)
	at com.kms.katalon.core.main.TestCaseExecutor.doExecute(TestCaseExecutor.java:439)
	at com.kms.katalon.core.main.TestCaseExecutor.processExecutionPhase(TestCaseExecutor.java:418)
	at com.kms.katalon.core.main.TestCaseExecutor.accessMainPhase(TestCaseExecutor.java:410)
	at com.kms.katalon.core.main.TestCaseExecutor.execute(TestCaseExecutor.java:285)
	at com.kms.katalon.core.common.CommonExecutor.accessTestCaseMainPhase(CommonExecutor.java:65)
	at com.kms.katalon.core.main.TestSuiteExecutor.accessTestSuiteMainPhase(TestSuiteExecutor.java:150)
	at com.kms.katalon.core.main.TestSuiteExecutor.execute(TestSuiteExecutor.java:106)
	at com.kms.katalon.core.main.TestCaseMain.startTestSuite(TestCaseMain.java:180)
	at TempTestSuite1724852187713.run(TempTestSuite1724852187713.groovy:35)
	at java.base/jdk.internal.reflect.NativeMethodAccessorImpl.invoke0(Native Method)
	at java.base/jdk.internal.reflect.NativeMethodAccessorImpl.invoke(NativeMethodAccessorImpl.java:77)
	at java.base/jdk.internal.reflect.DelegatingMethodAccessorImpl.invoke(DelegatingMethodAccessorImpl.java:43)
Caused by: com.kms.katalon.core.webui.exception.WebElementNotFoundException: Web element with id: 'Object Repository/IWP30/Page_VRelay30Emulator/Lang' located by '//*[@type = 'text' and @name = 'language']' not found
	at com.kms.katalon.core.webui.common.WebUiCommonHelper.findWebElement(WebUiCommonHelper.java:1426)
	at com.kms.katalon.core.webui.keyword.internal.WebUIAbstractKeyword.findWebElement(WebUIAbstractKeyword.groovy:27)
	at com.kms.katalon.core.webui.keyword.internal.WebUIAbstractKeyword.findWebElement(WebUIAbstractKeyword.groovy:26)
	at com.kms.katalon.core.webui.keyword.builtin.SetTextKeyword$_setText_closure1.doCall(SetTextKeyword.groovy:53)
	at com.kms.katalon.core.webui.keyword.builtin.SetTextKeyword$_setText_closure1.call(SetTextKeyword.groovy)
	at com.kms.katalon.core.webui.keyword.internal.WebUIKeywordMain.runKeyword(WebUIKeywordMain.groovy:20)
	at com.kms.katalon.core.webui.keyword.builtin.SetTextKeyword.setText(SetTextKeyword.groovy:85)
	at com.kms.katalon.core.webui.keyword.builtin.SetTextKeyword.execute(SetTextKeyword.groovy:39)
	at com.kms.katalon.core.keyword.internal.KeywordExecutor.executeKeywordForPlatform(KeywordExecutor.groovy:74)
	at com.kms.katalon.core.webui.keyword.WebUiBuiltInKeywords.setText(WebUiBuiltInKeywords.groovy:1019)
	at iwpPages.emulatorIWP30.setDataEmulator_DD(emulatorIWP30.groovy:416)
	at jdk.internal.reflect.GeneratedMethodAccessor37.invoke(Unknown Source)
	at java.base/jdk.internal.reflect.DelegatingMethodAccessorImpl.invoke(DelegatingMethodAccessorImpl.java:43)
	at com.kms.katalon.core.main.CustomKeywordDelegatingMetaClass.invokeStaticMethod(CustomKeywordDelegatingMetaClass.java:55)
	at Script1724429530114.run(Script1724429530114.groovy:63)
	... 15 more
)
[[ATTACHMENT|C:\\Users\\t476046\\Documents\\katalon\\VPS-Katalon\\Reports\\20240828_190627\\QA\\IWP2.5\\QA_IWP2.5_Regression\\20240828_190627\\1724856754189.png]]

28-08-2024T20:23:06 - [MESSAGE][INFO] - Unable to find the element located by 'By.xpath: //input[@type = 'text' and @name = 'billing_firstname']'. Please recheck the objects properties to make sure the desired element is located. 

28-08-2024T20:23:06 - [MESSAGE][WARNING] - [SELF-HEALING] Failed to find element with id 'Object Repository/IWP30/Page_VRelay30Emulator/Fname'. Try using Self-healing.

28-08-2024T20:23:07 - [MESSAGE][INFO] - Unable to find the element located by 'By.xpath: //input[@name='billing_firstname']'. Please recheck the objects properties to make sure the desired element is located. 

28-08-2024T20:23:07 - [MESSAGE][INFO] - [SELF-HEALING] Failed Locator: '//input[@name='billing_firstname']'.

28-08-2024T20:23:08 - [MESSAGE][INFO] - [SELF-HEALING] Failed Locator: '(.//*[normalize-space(text()) and normalize-space(.)='First Name'])[1]/following::input[1]'.

28-08-2024T20:23:08 - [MESSAGE][INFO] - [SELF-HEALING] Failed Locator: '(.//*[normalize-space(text()) and normalize-space(.)='Language'])[1]/following::input[2]'.

28-08-2024T20:23:08 - [MESSAGE][INFO] - [SELF-HEALING] Failed Locator: '(.//*[normalize-space(text()) and normalize-space(.)='Last Name'])[1]/preceding::input[1]'.

28-08-2024T20:23:08 - [MESSAGE][INFO] - [SELF-HEALING] Failed Locator: '(.//*[normalize-space(text()) and normalize-space(.)='Address Line 1'])[1]/preceding::input[2]'.

28-08-2024T20:23:09 - [MESSAGE][INFO] - [SELF-HEALING] Failed Locator: '//tr[9]/td[2]/input'.

28-08-2024T20:23:10 - [MESSAGE][WARNING] - [SELF-HEALING] Cannot find elements when the selector is null

28-08-2024T20:23:10 - [MESSAGE][FAILED] - Unable to set text 'Jasmine' of object 'Object Repository/IWP30/Page_VRelay30Emulator/Fname' (Root cause: com.kms.katalon.core.exception.StepFailedException: Unable to set text 'Jasmine' of object 'Object Repository/IWP30/Page_VRelay30Emulator/Fname'
	at com.kms.katalon.core.webui.keyword.internal.WebUIKeywordMain.stepFailed(WebUIKeywordMain.groovy:64)
	at com.kms.katalon.core.webui.keyword.internal.WebUIKeywordMain.runKeyword(WebUIKeywordMain.groovy:26)
	at com.kms.katalon.core.webui.keyword.builtin.SetTextKeyword.setText(SetTextKeyword.groovy:85)
	at com.kms.katalon.core.webui.keyword.builtin.SetTextKeyword.execute(SetTextKeyword.groovy:39)
	at com.kms.katalon.core.keyword.internal.KeywordExecutor.executeKeywordForPlatform(KeywordExecutor.groovy:74)
	at com.kms.katalon.core.webui.keyword.WebUiBuiltInKeywords.setText(WebUiBuiltInKeywords.groovy:1019)
	at iwpPages.emulatorIWP30.setDataEmulator_DD(emulatorIWP30.groovy:417)
	at jdk.internal.reflect.GeneratedMethodAccessor37.invoke(Unknown Source)
	at java.base/jdk.internal.reflect.DelegatingMethodAccessorImpl.invoke(DelegatingMethodAccessorImpl.java:43)
	at com.kms.katalon.core.main.CustomKeywordDelegatingMetaClass.invokeStaticMethod(CustomKeywordDelegatingMetaClass.java:55)
	at OverAndUnderPayPC.run(OverAndUnderPayPC:63)
	at com.kms.katalon.core.main.ScriptEngine.run(ScriptEngine.java:194)
	at com.kms.katalon.core.main.ScriptEngine.runScriptAsRawText(ScriptEngine.java:119)
	at com.kms.katalon.core.main.TestCaseExecutor.runScript(TestCaseExecutor.java:448)
	at com.kms.katalon.core.main.TestCaseExecutor.doExecute(TestCaseExecutor.java:439)
	at com.kms.katalon.core.main.TestCaseExecutor.processExecutionPhase(TestCaseExecutor.java:418)
	at com.kms.katalon.core.main.TestCaseExecutor.accessMainPhase(TestCaseExecutor.java:410)
	at com.kms.katalon.core.main.TestCaseExecutor.execute(TestCaseExecutor.java:285)
	at com.kms.katalon.core.common.CommonExecutor.accessTestCaseMainPhase(CommonExecutor.java:65)
	at com.kms.katalon.core.main.TestSuiteExecutor.accessTestSuiteMainPhase(TestSuiteExecutor.java:150)
	at com.kms.katalon.core.main.TestSuiteExecutor.execute(TestSuiteExecutor.java:106)
	at com.kms.katalon.core.main.TestCaseMain.startTestSuite(TestCaseMain.java:180)
	at TempTestSuite1724852187713.run(TempTestSuite1724852187713.groovy:35)
	at java.base/jdk.internal.reflect.NativeMethodAccessorImpl.invoke0(Native Method)
	at java.base/jdk.internal.reflect.NativeMethodAccessorImpl.invoke(NativeMethodAccessorImpl.java:77)
	at java.base/jdk.internal.reflect.DelegatingMethodAccessorImpl.invoke(DelegatingMethodAccessorImpl.java:43)
Caused by: com.kms.katalon.core.webui.exception.WebElementNotFoundException: Web element with id: 'Object Repository/IWP30/Page_VRelay30Emulator/Fname' located by '//input[@type = 'text' and @name = 'billing_firstname']' not found
	at com.kms.katalon.core.webui.common.WebUiCommonHelper.findWebElement(WebUiCommonHelper.java:1426)
	at com.kms.katalon.core.webui.keyword.internal.WebUIAbstractKeyword.findWebElement(WebUIAbstractKeyword.groovy:27)
	at com.kms.katalon.core.webui.keyword.internal.WebUIAbstractKeyword.findWebElement(WebUIAbstractKeyword.groovy:26)
	at com.kms.katalon.core.webui.keyword.builtin.SetTextKeyword$_setText_closure1.doCall(SetTextKeyword.groovy:53)
	at com.kms.katalon.core.webui.keyword.builtin.SetTextKeyword$_setText_closure1.call(SetTextKeyword.groovy)
	at com.kms.katalon.core.webui.keyword.internal.WebUIKeywordMain.runKeyword(WebUIKeywordMain.groovy:20)
	at com.kms.katalon.core.webui.keyword.builtin.SetTextKeyword.setText(SetTextKeyword.groovy:85)
	at com.kms.katalon.core.webui.keyword.builtin.SetTextKeyword.execute(SetTextKeyword.groovy:39)
	at com.kms.katalon.core.keyword.internal.KeywordExecutor.executeKeywordForPlatform(KeywordExecutor.groovy:74)
	at com.kms.katalon.core.webui.keyword.WebUiBuiltInKeywords.setText(WebUiBuiltInKeywords.groovy:1019)
	at iwpPages.emulatorIWP30.setDataEmulator_DD(emulatorIWP30.groovy:417)
	at jdk.internal.reflect.GeneratedMethodAccessor37.invoke(Unknown Source)
	at java.base/jdk.internal.reflect.DelegatingMethodAccessorImpl.invoke(DelegatingMethodAccessorImpl.java:43)
	at com.kms.katalon.core.main.CustomKeywordDelegatingMetaClass.invokeStaticMethod(CustomKeywordDelegatingMetaClass.java:55)
	at Script1724429530114.run(Script1724429530114.groovy:63)
	... 15 more
)
[[ATTACHMENT|C:\\Users\\t476046\\Documents\\katalon\\VPS-Katalon\\Reports\\20240828_190627\\QA\\IWP2.5\\QA_IWP2.5_Regression\\20240828_190627\\1724856790026.png]]

28-08-2024T20:23:41 - [MESSAGE][INFO] - Unable to find the element located by 'By.xpath: //input[@type = 'text' and @name = 'billing_lastname']'. Please recheck the objects properties to make sure the desired element is located. 

28-08-2024T20:23:41 - [MESSAGE][WARNING] - [SELF-HEALING] Failed to find element with id 'Object Repository/IWP30/Page_VRelay30Emulator/Lname'. Try using Self-healing.

28-08-2024T20:23:42 - [MESSAGE][INFO] - Unable to find the element located by 'By.xpath: //input[@name='billing_lastname']'. Please recheck the objects properties to make sure the desired element is located. 

28-08-2024T20:23:42 - [MESSAGE][INFO] - [SELF-HEALING] Failed Locator: '//input[@name='billing_lastname']'.

28-08-2024T20:23:42 - [MESSAGE][INFO] - [SELF-HEALING] Failed Locator: '(.//*[normalize-space(text()) and normalize-space(.)='Last Name'])[1]/following::input[1]'.

28-08-2024T20:23:43 - [MESSAGE][INFO] - [SELF-HEALING] Failed Locator: '(.//*[normalize-space(text()) and normalize-space(.)='First Name'])[1]/following::input[2]'.

28-08-2024T20:23:43 - [MESSAGE][INFO] - [SELF-HEALING] Failed Locator: '(.//*[normalize-space(text()) and normalize-space(.)='Address Line 1'])[1]/preceding::input[1]'.

28-08-2024T20:23:43 - [MESSAGE][INFO] - [SELF-HEALING] Failed Locator: '(.//*[normalize-space(text()) and normalize-space(.)='Address Line 2'])[1]/preceding::input[2]'.

28-08-2024T20:23:43 - [MESSAGE][INFO] - [SELF-HEALING] Failed Locator: '//tr[10]/td[2]/input'.

28-08-2024T20:23:45 - [MESSAGE][WARNING] - [SELF-HEALING] Cannot find elements when the selector is null

28-08-2024T20:23:45 - [MESSAGE][FAILED] - Unable to set text 'Patrinol' of object 'Object Repository/IWP30/Page_VRelay30Emulator/Lname' (Root cause: com.kms.katalon.core.exception.StepFailedException: Unable to set text 'Patrinol' of object 'Object Repository/IWP30/Page_VRelay30Emulator/Lname'
	at com.kms.katalon.core.webui.keyword.internal.WebUIKeywordMain.stepFailed(WebUIKeywordMain.groovy:64)
	at com.kms.katalon.core.webui.keyword.internal.WebUIKeywordMain.runKeyword(WebUIKeywordMain.groovy:26)
	at com.kms.katalon.core.webui.keyword.builtin.SetTextKeyword.setText(SetTextKeyword.groovy:85)
	at com.kms.katalon.core.webui.keyword.builtin.SetTextKeyword.execute(SetTextKeyword.groovy:39)
	at com.kms.katalon.core.keyword.internal.KeywordExecutor.executeKeywordForPlatform(KeywordExecutor.groovy:74)
	at com.kms.katalon.core.webui.keyword.WebUiBuiltInKeywords.setText(WebUiBuiltInKeywords.groovy:1019)
	at iwpPages.emulatorIWP30.setDataEmulator_DD(emulatorIWP30.groovy:418)
	at jdk.internal.reflect.GeneratedMethodAccessor37.invoke(Unknown Source)
	at java.base/jdk.internal.reflect.DelegatingMethodAccessorImpl.invoke(DelegatingMethodAccessorImpl.java:43)
	at com.kms.katalon.core.main.CustomKeywordDelegatingMetaClass.invokeStaticMethod(CustomKeywordDelegatingMetaClass.java:55)
	at OverAndUnderPayPC.run(OverAndUnderPayPC:63)
	at com.kms.katalon.core.main.ScriptEngine.run(ScriptEngine.java:194)
	at com.kms.katalon.core.main.ScriptEngine.runScriptAsRawText(ScriptEngine.java:119)
	at com.kms.katalon.core.main.TestCaseExecutor.runScript(TestCaseExecutor.java:448)
	at com.kms.katalon.core.main.TestCaseExecutor.doExecute(TestCaseExecutor.java:439)
	at com.kms.katalon.core.main.TestCaseExecutor.processExecutionPhase(TestCaseExecutor.java:418)
	at com.kms.katalon.core.main.TestCaseExecutor.accessMainPhase(TestCaseExecutor.java:410)
	at com.kms.katalon.core.main.TestCaseExecutor.execute(TestCaseExecutor.java:285)
	at com.kms.katalon.core.common.CommonExecutor.accessTestCaseMainPhase(CommonExecutor.java:65)
	at com.kms.katalon.core.main.TestSuiteExecutor.accessTestSuiteMainPhase(TestSuiteExecutor.java:150)
	at com.kms.katalon.core.main.TestSuiteExecutor.execute(TestSuiteExecutor.java:106)
	at com.kms.katalon.core.main.TestCaseMain.startTestSuite(TestCaseMain.java:180)
	at TempTestSuite1724852187713.run(TempTestSuite1724852187713.groovy:35)
	at java.base/jdk.internal.reflect.NativeMethodAccessorImpl.invoke0(Native Method)
	at java.base/jdk.internal.reflect.NativeMethodAccessorImpl.invoke(NativeMethodAccessorImpl.java:77)
	at java.base/jdk.internal.reflect.DelegatingMethodAccessorImpl.invoke(DelegatingMethodAccessorImpl.java:43)
Caused by: com.kms.katalon.core.webui.exception.WebElementNotFoundException: Web element with id: 'Object Repository/IWP30/Page_VRelay30Emulator/Lname' located by '//input[@type = 'text' and @name = 'billing_lastname']' not found
	at com.kms.katalon.core.webui.common.WebUiCommonHelper.findWebElement(WebUiCommonHelper.java:1426)
	at com.kms.katalon.core.webui.keyword.internal.WebUIAbstractKeyword.findWebElement(WebUIAbstractKeyword.groovy:27)
	at com.kms.katalon.core.webui.keyword.internal.WebUIAbstractKeyword.findWebElement(WebUIAbstractKeyword.groovy:26)
	at com.kms.katalon.core.webui.keyword.builtin.SetTextKeyword$_setText_closure1.doCall(SetTextKeyword.groovy:53)
	at com.kms.katalon.core.webui.keyword.builtin.SetTextKeyword$_setText_closure1.call(SetTextKeyword.groovy)
	at com.kms.katalon.core.webui.keyword.internal.WebUIKeywordMain.runKeyword(WebUIKeywordMain.groovy:20)
	at com.kms.katalon.core.webui.keyword.builtin.SetTextKeyword.setText(SetTextKeyword.groovy:85)
	at com.kms.katalon.core.webui.keyword.builtin.SetTextKeyword.execute(SetTextKeyword.groovy:39)
	at com.kms.katalon.core.keyword.internal.KeywordExecutor.executeKeywordForPlatform(KeywordExecutor.groovy:74)
	at com.kms.katalon.core.webui.keyword.WebUiBuiltInKeywords.setText(WebUiBuiltInKeywords.groovy:1019)
	at iwpPages.emulatorIWP30.setDataEmulator_DD(emulatorIWP30.groovy:418)
	at jdk.internal.reflect.GeneratedMethodAccessor37.invoke(Unknown Source)
	at java.base/jdk.internal.reflect.DelegatingMethodAccessorImpl.invoke(DelegatingMethodAccessorImpl.java:43)
	at com.kms.katalon.core.main.CustomKeywordDelegatingMetaClass.invokeStaticMethod(CustomKeywordDelegatingMetaClass.java:55)
	at Script1724429530114.run(Script1724429530114.groovy:63)
	... 15 more
)
[[ATTACHMENT|C:\\Users\\t476046\\Documents\\katalon\\VPS-Katalon\\Reports\\20240828_190627\\QA\\IWP2.5\\QA_IWP2.5_Regression\\20240828_190627\\1724856825731.png]]

28-08-2024T20:24:17 - [MESSAGE][INFO] - Unable to find the element located by 'By.xpath: //input[@type = 'text' and @name = 'billing_address']'. Please recheck the objects properties to make sure the desired element is located. 

28-08-2024T20:24:17 - [MESSAGE][WARNING] - [SELF-HEALING] Failed to find element with id 'Object Repository/IWP30/Page_VRelay30Emulator/AL1'. Try using Self-healing.

28-08-2024T20:24:18 - [MESSAGE][INFO] - Unable to find the element located by 'By.xpath: //input[@name='billing_address']'. Please recheck the objects properties to make sure the desired element is located. 

28-08-2024T20:24:19 - [MESSAGE][INFO] - [SELF-HEALING] Failed Locator: '//input[@name='billing_address']'.

28-08-2024T20:24:19 - [MESSAGE][INFO] - [SELF-HEALING] Failed Locator: '(.//*[normalize-space(text()) and normalize-space(.)='Address Line 1'])[1]/following::input[1]'.

28-08-2024T20:24:19 - [MESSAGE][INFO] - [SELF-HEALING] Failed Locator: '(.//*[normalize-space(text()) and normalize-space(.)='Last Name'])[1]/following::input[2]'.

28-08-2024T20:24:20 - [MESSAGE][INFO] - [SELF-HEALING] Failed Locator: '(.//*[normalize-space(text()) and normalize-space(.)='Address Line 2'])[1]/preceding::input[1]'.

28-08-2024T20:24:20 - [MESSAGE][INFO] - [SELF-HEALING] Failed Locator: '(.//*[normalize-space(text()) and normalize-space(.)='Country'])[1]/preceding::input[2]'.

28-08-2024T20:24:20 - [MESSAGE][INFO] - [SELF-HEALING] Failed Locator: '//tr[11]/td[2]/input'.

28-08-2024T20:24:21 - [MESSAGE][WARNING] - [SELF-HEALING] Cannot find elements when the selector is null

28-08-2024T20:24:22 - [MESSAGE][FAILED] - Unable to set text '258 Underwood rd' of object 'Object Repository/IWP30/Page_VRelay30Emulator/AL1' (Root cause: com.kms.katalon.core.exception.StepFailedException: Unable to set text '258 Underwood rd' of object 'Object Repository/IWP30/Page_VRelay30Emulator/AL1'
	at com.kms.katalon.core.webui.keyword.internal.WebUIKeywordMain.stepFailed(WebUIKeywordMain.groovy:64)
	at com.kms.katalon.core.webui.keyword.internal.WebUIKeywordMain.runKeyword(WebUIKeywordMain.groovy:26)
	at com.kms.katalon.core.webui.keyword.builtin.SetTextKeyword.setText(SetTextKeyword.groovy:85)
	at com.kms.katalon.core.webui.keyword.builtin.SetTextKeyword.execute(SetTextKeyword.groovy:39)
	at com.kms.katalon.core.keyword.internal.KeywordExecutor.executeKeywordForPlatform(KeywordExecutor.groovy:74)
	at com.kms.katalon.core.webui.keyword.WebUiBuiltInKeywords.setText(WebUiBuiltInKeywords.groovy:1019)
	at iwpPages.emulatorIWP30.setDataEmulator_DD(emulatorIWP30.groovy:419)
	at jdk.internal.reflect.GeneratedMethodAccessor37.invoke(Unknown Source)
	at java.base/jdk.internal.reflect.DelegatingMethodAccessorImpl.invoke(DelegatingMethodAccessorImpl.java:43)
	at com.kms.katalon.core.main.CustomKeywordDelegatingMetaClass.invokeStaticMethod(CustomKeywordDelegatingMetaClass.java:55)
	at OverAndUnderPayPC.run(OverAndUnderPayPC:63)
	at com.kms.katalon.core.main.ScriptEngine.run(ScriptEngine.java:194)
	at com.kms.katalon.core.main.ScriptEngine.runScriptAsRawText(ScriptEngine.java:119)
	at com.kms.katalon.core.main.TestCaseExecutor.runScript(TestCaseExecutor.java:448)
	at com.kms.katalon.core.main.TestCaseExecutor.doExecute(TestCaseExecutor.java:439)
	at com.kms.katalon.core.main.TestCaseExecutor.processExecutionPhase(TestCaseExecutor.java:418)
	at com.kms.katalon.core.main.TestCaseExecutor.accessMainPhase(TestCaseExecutor.java:410)
	at com.kms.katalon.core.main.TestCaseExecutor.execute(TestCaseExecutor.java:285)
	at com.kms.katalon.core.common.CommonExecutor.accessTestCaseMainPhase(CommonExecutor.java:65)
	at com.kms.katalon.core.main.TestSuiteExecutor.accessTestSuiteMainPhase(TestSuiteExecutor.java:150)
	at com.kms.katalon.core.main.TestSuiteExecutor.execute(TestSuiteExecutor.java:106)
	at com.kms.katalon.core.main.TestCaseMain.startTestSuite(TestCaseMain.java:180)
	at TempTestSuite1724852187713.run(TempTestSuite1724852187713.groovy:35)
	at java.base/jdk.internal.reflect.NativeMethodAccessorImpl.invoke0(Native Method)
	at java.base/jdk.internal.reflect.NativeMethodAccessorImpl.invoke(NativeMethodAccessorImpl.java:77)
	at java.base/jdk.internal.reflect.DelegatingMethodAccessorImpl.invoke(DelegatingMethodAccessorImpl.java:43)
Caused by: com.kms.katalon.core.webui.exception.WebElementNotFoundException: Web element with id: 'Object Repository/IWP30/Page_VRelay30Emulator/AL1' located by '//input[@type = 'text' and @name = 'billing_address']' not found
	at com.kms.katalon.core.webui.common.WebUiCommonHelper.findWebElement(WebUiCommonHelper.java:1426)
	at com.kms.katalon.core.webui.keyword.internal.WebUIAbstractKeyword.findWebElement(WebUIAbstractKeyword.groovy:27)
	at com.kms.katalon.core.webui.keyword.internal.WebUIAbstractKeyword.findWebElement(WebUIAbstractKeyword.groovy:26)
	at com.kms.katalon.core.webui.keyword.builtin.SetTextKeyword$_setText_closure1.doCall(SetTextKeyword.groovy:53)
	at com.kms.katalon.core.webui.keyword.builtin.SetTextKeyword$_setText_closure1.call(SetTextKeyword.groovy)
	at com.kms.katalon.core.webui.keyword.internal.WebUIKeywordMain.runKeyword(WebUIKeywordMain.groovy:20)
	at com.kms.katalon.core.webui.keyword.builtin.SetTextKeyword.setText(SetTextKeyword.groovy:85)
	at com.kms.katalon.core.webui.keyword.builtin.SetTextKeyword.execute(SetTextKeyword.groovy:39)
	at com.kms.katalon.core.keyword.internal.KeywordExecutor.executeKeywordForPlatform(KeywordExecutor.groovy:74)
	at com.kms.katalon.core.webui.keyword.WebUiBuiltInKeywords.setText(WebUiBuiltInKeywords.groovy:1019)
	at iwpPages.emulatorIWP30.setDataEmulator_DD(emulatorIWP30.groovy:419)
	at jdk.internal.reflect.GeneratedMethodAccessor37.invoke(Unknown Source)
	at java.base/jdk.internal.reflect.DelegatingMethodAccessorImpl.invoke(DelegatingMethodAccessorImpl.java:43)
	at com.kms.katalon.core.main.CustomKeywordDelegatingMetaClass.invokeStaticMethod(CustomKeywordDelegatingMetaClass.java:55)
	at Script1724429530114.run(Script1724429530114.groovy:63)
	... 15 more
)
[[ATTACHMENT|C:\\Users\\t476046\\Documents\\katalon\\VPS-Katalon\\Reports\\20240828_190627\\QA\\IWP2.5\\QA_IWP2.5_Regression\\20240828_190627\\1724856861897.png]]

28-08-2024T20:24:53 - [MESSAGE][INFO] - Unable to find the element located by 'By.xpath: //input[@type = 'text' and @name = 'billing_address2']'. Please recheck the objects properties to make sure the desired element is located. 

28-08-2024T20:24:53 - [MESSAGE][WARNING] - [SELF-HEALING] Failed to find element with id 'Object Repository/IWP30/Page_VRelay30Emulator/AL2'. Try using Self-healing.

28-08-2024T20:24:54 - [MESSAGE][INFO] - Unable to find the element located by 'By.xpath: //input[@name='billing_address2']'. Please recheck the objects properties to make sure the desired element is located. 

28-08-2024T20:24:55 - [MESSAGE][INFO] - [SELF-HEALING] Failed Locator: '//input[@name='billing_address2']'.

28-08-2024T20:24:55 - [MESSAGE][INFO] - [SELF-HEALING] Failed Locator: '(.//*[normalize-space(text()) and normalize-space(.)='Address Line 2'])[1]/following::input[1]'.

28-08-2024T20:24:55 - [MESSAGE][INFO] - [SELF-HEALING] Failed Locator: '(.//*[normalize-space(text()) and normalize-space(.)='Address Line 1'])[1]/following::input[2]'.

28-08-2024T20:24:55 - [MESSAGE][INFO] - [SELF-HEALING] Failed Locator: '(.//*[normalize-space(text()) and normalize-space(.)='Country'])[1]/preceding::input[1]'.

28-08-2024T20:24:55 - [MESSAGE][INFO] - [SELF-HEALING] Failed Locator: '(.//*[normalize-space(text()) and normalize-space(.)='City'])[1]/preceding::input[2]'.

28-08-2024T20:24:56 - [MESSAGE][INFO] - [SELF-HEALING] Failed Locator: '//tr[12]/td[2]/input'.

28-08-2024T20:24:57 - [MESSAGE][WARNING] - [SELF-HEALING] Cannot find elements when the selector is null

28-08-2024T20:24:57 - [MESSAGE][FAILED] - Unable to set text 'Suite 600' of object 'Object Repository/IWP30/Page_VRelay30Emulator/AL2' (Root cause: com.kms.katalon.core.exception.StepFailedException: Unable to set text 'Suite 600' of object 'Object Repository/IWP30/Page_VRelay30Emulator/AL2'
	at com.kms.katalon.core.webui.keyword.internal.WebUIKeywordMain.stepFailed(WebUIKeywordMain.groovy:64)
	at com.kms.katalon.core.webui.keyword.internal.WebUIKeywordMain.runKeyword(WebUIKeywordMain.groovy:26)
	at com.kms.katalon.core.webui.keyword.builtin.SetTextKeyword.setText(SetTextKeyword.groovy:85)
	at com.kms.katalon.core.webui.keyword.builtin.SetTextKeyword.execute(SetTextKeyword.groovy:39)
	at com.kms.katalon.core.keyword.internal.KeywordExecutor.executeKeywordForPlatform(KeywordExecutor.groovy:74)
	at com.kms.katalon.core.webui.keyword.WebUiBuiltInKeywords.setText(WebUiBuiltInKeywords.groovy:1019)
	at iwpPages.emulatorIWP30.setDataEmulator_DD(emulatorIWP30.groovy:420)
	at jdk.internal.reflect.GeneratedMethodAccessor37.invoke(Unknown Source)
	at java.base/jdk.internal.reflect.DelegatingMethodAccessorImpl.invoke(DelegatingMethodAccessorImpl.java:43)
	at com.kms.katalon.core.main.CustomKeywordDelegatingMetaClass.invokeStaticMethod(CustomKeywordDelegatingMetaClass.java:55)
	at OverAndUnderPayPC.run(OverAndUnderPayPC:63)
	at com.kms.katalon.core.main.ScriptEngine.run(ScriptEngine.java:194)
	at com.kms.katalon.core.main.ScriptEngine.runScriptAsRawText(ScriptEngine.java:119)
	at com.kms.katalon.core.main.TestCaseExecutor.runScript(TestCaseExecutor.java:448)
	at com.kms.katalon.core.main.TestCaseExecutor.doExecute(TestCaseExecutor.java:439)
	at com.kms.katalon.core.main.TestCaseExecutor.processExecutionPhase(TestCaseExecutor.java:418)
	at com.kms.katalon.core.main.TestCaseExecutor.accessMainPhase(TestCaseExecutor.java:410)
	at com.kms.katalon.core.main.TestCaseExecutor.execute(TestCaseExecutor.java:285)
	at com.kms.katalon.core.common.CommonExecutor.accessTestCaseMainPhase(CommonExecutor.java:65)
	at com.kms.katalon.core.main.TestSuiteExecutor.accessTestSuiteMainPhase(TestSuiteExecutor.java:150)
	at com.kms.katalon.core.main.TestSuiteExecutor.execute(TestSuiteExecutor.java:106)
	at com.kms.katalon.core.main.TestCaseMain.startTestSuite(TestCaseMain.java:180)
	at TempTestSuite1724852187713.run(TempTestSuite1724852187713.groovy:35)
	at java.base/jdk.internal.reflect.NativeMethodAccessorImpl.invoke0(Native Method)
	at java.base/jdk.internal.reflect.NativeMethodAccessorImpl.invoke(NativeMethodAccessorImpl.java:77)
	at java.base/jdk.internal.reflect.DelegatingMethodAccessorImpl.invoke(DelegatingMethodAccessorImpl.java:43)
Caused by: com.kms.katalon.core.webui.exception.WebElementNotFoundException: Web element with id: 'Object Repository/IWP30/Page_VRelay30Emulator/AL2' located by '//input[@type = 'text' and @name = 'billing_address2']' not found
	at com.kms.katalon.core.webui.common.WebUiCommonHelper.findWebElement(WebUiCommonHelper.java:1426)
	at com.kms.katalon.core.webui.keyword.internal.WebUIAbstractKeyword.findWebElement(WebUIAbstractKeyword.groovy:27)
	at com.kms.katalon.core.webui.keyword.internal.WebUIAbstractKeyword.findWebElement(WebUIAbstractKeyword.groovy:26)
	at com.kms.katalon.core.webui.keyword.builtin.SetTextKeyword$_setText_closure1.doCall(SetTextKeyword.groovy:53)
	at com.kms.katalon.core.webui.keyword.builtin.SetTextKeyword$_setText_closure1.call(SetTextKeyword.groovy)
	at com.kms.katalon.core.webui.keyword.internal.WebUIKeywordMain.runKeyword(WebUIKeywordMain.groovy:20)
	at com.kms.katalon.core.webui.keyword.builtin.SetTextKeyword.setText(SetTextKeyword.groovy:85)
	at com.kms.katalon.core.webui.keyword.builtin.SetTextKeyword.execute(SetTextKeyword.groovy:39)
	at com.kms.katalon.core.keyword.internal.KeywordExecutor.executeKeywordForPlatform(KeywordExecutor.groovy:74)
	at com.kms.katalon.core.webui.keyword.WebUiBuiltInKeywords.setText(WebUiBuiltInKeywords.groovy:1019)
	at iwpPages.emulatorIWP30.setDataEmulator_DD(emulatorIWP30.groovy:420)
	at jdk.internal.reflect.GeneratedMethodAccessor37.invoke(Unknown Source)
	at java.base/jdk.internal.reflect.DelegatingMethodAccessorImpl.invoke(DelegatingMethodAccessorImpl.java:43)
	at com.kms.katalon.core.main.CustomKeywordDelegatingMetaClass.invokeStaticMethod(CustomKeywordDelegatingMetaClass.java:55)
	at Script1724429530114.run(Script1724429530114.groovy:63)
	... 15 more
)
[[ATTACHMENT|C:\\Users\\t476046\\Documents\\katalon\\VPS-Katalon\\Reports\\20240828_190627\\QA\\IWP2.5\\QA_IWP2.5_Regression\\20240828_190627\\1724856897241.png]]

28-08-2024T20:25:28 - [MESSAGE][INFO] - Unable to find the element located by 'By.xpath: //input[@type = 'text' and @name = 'billing_country_id']'. Please recheck the objects properties to make sure the desired element is located. 

28-08-2024T20:25:28 - [MESSAGE][WARNING] - [SELF-HEALING] Failed to find element with id 'Object Repository/IWP30/Page_VRelay30Emulator/Country'. Try using Self-healing.

28-08-2024T20:25:29 - [MESSAGE][INFO] - Unable to find the element located by 'By.xpath: //input[@name='billing_country_id']'. Please recheck the objects properties to make sure the desired element is located. 

28-08-2024T20:25:29 - [MESSAGE][INFO] - [SELF-HEALING] Failed Locator: '//input[@name='billing_country_id']'.

28-08-2024T20:25:30 - [MESSAGE][INFO] - [SELF-HEALING] Failed Locator: '(.//*[normalize-space(text()) and normalize-space(.)='Country'])[1]/following::input[1]'.

28-08-2024T20:25:30 - [MESSAGE][INFO] - [SELF-HEALING] Failed Locator: '(.//*[normalize-space(text()) and normalize-space(.)='Address Line 2'])[1]/following::input[2]'.

28-08-2024T20:25:30 - [MESSAGE][INFO] - [SELF-HEALING] Failed Locator: '(.//*[normalize-space(text()) and normalize-space(.)='City'])[1]/preceding::input[1]'.

28-08-2024T20:25:30 - [MESSAGE][INFO] - [SELF-HEALING] Failed Locator: '(.//*[normalize-space(text()) and normalize-space(.)='State'])[1]/preceding::input[2]'.

28-08-2024T20:25:31 - [MESSAGE][INFO] - [SELF-HEALING] Failed Locator: '//tr[13]/td[2]/input'.

28-08-2024T20:25:32 - [MESSAGE][WARNING] - [SELF-HEALING] Cannot find elements when the selector is null

28-08-2024T20:25:33 - [MESSAGE][FAILED] - Unable to set text '840' of object 'Object Repository/IWP30/Page_VRelay30Emulator/Country' (Root cause: com.kms.katalon.core.exception.StepFailedException: Unable to set text '840' of object 'Object Repository/IWP30/Page_VRelay30Emulator/Country'
	at com.kms.katalon.core.webui.keyword.internal.WebUIKeywordMain.stepFailed(WebUIKeywordMain.groovy:64)
	at com.kms.katalon.core.webui.keyword.internal.WebUIKeywordMain.runKeyword(WebUIKeywordMain.groovy:26)
	at com.kms.katalon.core.webui.keyword.builtin.SetTextKeyword.setText(SetTextKeyword.groovy:85)
	at com.kms.katalon.core.webui.keyword.builtin.SetTextKeyword.execute(SetTextKeyword.groovy:39)
	at com.kms.katalon.core.keyword.internal.KeywordExecutor.executeKeywordForPlatform(KeywordExecutor.groovy:74)
	at com.kms.katalon.core.webui.keyword.WebUiBuiltInKeywords.setText(WebUiBuiltInKeywords.groovy:1019)
	at iwpPages.emulatorIWP30.setDataEmulator_DD(emulatorIWP30.groovy:421)
	at jdk.internal.reflect.GeneratedMethodAccessor37.invoke(Unknown Source)
	at java.base/jdk.internal.reflect.DelegatingMethodAccessorImpl.invoke(DelegatingMethodAccessorImpl.java:43)
	at com.kms.katalon.core.main.CustomKeywordDelegatingMetaClass.invokeStaticMethod(CustomKeywordDelegatingMetaClass.java:55)
	at OverAndUnderPayPC.run(OverAndUnderPayPC:63)
	at com.kms.katalon.core.main.ScriptEngine.run(ScriptEngine.java:194)
	at com.kms.katalon.core.main.ScriptEngine.runScriptAsRawText(ScriptEngine.java:119)
	at com.kms.katalon.core.main.TestCaseExecutor.runScript(TestCaseExecutor.java:448)
	at com.kms.katalon.core.main.TestCaseExecutor.doExecute(TestCaseExecutor.java:439)
	at com.kms.katalon.core.main.TestCaseExecutor.processExecutionPhase(TestCaseExecutor.java:418)
	at com.kms.katalon.core.main.TestCaseExecutor.accessMainPhase(TestCaseExecutor.java:410)
	at com.kms.katalon.core.main.TestCaseExecutor.execute(TestCaseExecutor.java:285)
	at com.kms.katalon.core.common.CommonExecutor.accessTestCaseMainPhase(CommonExecutor.java:65)
	at com.kms.katalon.core.main.TestSuiteExecutor.accessTestSuiteMainPhase(TestSuiteExecutor.java:150)
	at com.kms.katalon.core.main.TestSuiteExecutor.execute(TestSuiteExecutor.java:106)
	at com.kms.katalon.core.main.TestCaseMain.startTestSuite(TestCaseMain.java:180)
	at TempTestSuite1724852187713.run(TempTestSuite1724852187713.groovy:35)
	at java.base/jdk.internal.reflect.NativeMethodAccessorImpl.invoke0(Native Method)
	at java.base/jdk.internal.reflect.NativeMethodAccessorImpl.invoke(NativeMethodAccessorImpl.java:77)
	at java.base/jdk.internal.reflect.DelegatingMethodAccessorImpl.invoke(DelegatingMethodAccessorImpl.java:43)
Caused by: com.kms.katalon.core.webui.exception.WebElementNotFoundException: Web element with id: 'Object Repository/IWP30/Page_VRelay30Emulator/Country' located by '//input[@type = 'text' and @name = 'billing_country_id']' not found
	at com.kms.katalon.core.webui.common.WebUiCommonHelper.findWebElement(WebUiCommonHelper.java:1426)
	at com.kms.katalon.core.webui.keyword.internal.WebUIAbstractKeyword.findWebElement(WebUIAbstractKeyword.groovy:27)
	at com.kms.katalon.core.webui.keyword.internal.WebUIAbstractKeyword.findWebElement(WebUIAbstractKeyword.groovy:26)
	at com.kms.katalon.core.webui.keyword.builtin.SetTextKeyword$_setText_closure1.doCall(SetTextKeyword.groovy:53)
	at com.kms.katalon.core.webui.keyword.builtin.SetTextKeyword$_setText_closure1.call(SetTextKeyword.groovy)
	at com.kms.katalon.core.webui.keyword.internal.WebUIKeywordMain.runKeyword(WebUIKeywordMain.groovy:20)
	at com.kms.katalon.core.webui.keyword.builtin.SetTextKeyword.setText(SetTextKeyword.groovy:85)
	at com.kms.katalon.core.webui.keyword.builtin.SetTextKeyword.execute(SetTextKeyword.groovy:39)
	at com.kms.katalon.core.keyword.internal.KeywordExecutor.executeKeywordForPlatform(KeywordExecutor.groovy:74)
	at com.kms.katalon.core.webui.keyword.WebUiBuiltInKeywords.setText(WebUiBuiltInKeywords.groovy:1019)
	at iwpPages.emulatorIWP30.setDataEmulator_DD(emulatorIWP30.groovy:421)
	at jdk.internal.reflect.GeneratedMethodAccessor37.invoke(Unknown Source)
	at java.base/jdk.internal.reflect.DelegatingMethodAccessorImpl.invoke(DelegatingMethodAccessorImpl.java:43)
	at com.kms.katalon.core.main.CustomKeywordDelegatingMetaClass.invokeStaticMethod(CustomKeywordDelegatingMetaClass.java:55)
	at Script1724429530114.run(Script1724429530114.groovy:63)
	... 15 more
)
[[ATTACHMENT|C:\\Users\\t476046\\Documents\\katalon\\VPS-Katalon\\Reports\\20240828_190627\\QA\\IWP2.5\\QA_IWP2.5_Regression\\20240828_190627\\1724856932900.png]]

28-08-2024T20:26:04 - [MESSAGE][INFO] - Unable to find the element located by 'By.xpath: //input[@type = 'text' and @name = 'billing_city']'. Please recheck the objects properties to make sure the desired element is located. 

28-08-2024T20:26:04 - [MESSAGE][WARNING] - [SELF-HEALING] Failed to find element with id 'Object Repository/IWP30/Page_VRelay30Emulator/City'. Try using Self-healing.

28-08-2024T20:26:05 - [MESSAGE][INFO] - Unable to find the element located by 'By.xpath: //input[@name='billing_city']'. Please recheck the objects properties to make sure the desired element is located. 

28-08-2024T20:26:05 - [MESSAGE][INFO] - [SELF-HEALING] Failed Locator: '//input[@name='billing_city']'.

28-08-2024T20:26:06 - [MESSAGE][INFO] - [SELF-HEALING] Failed Locator: '(.//*[normalize-space(text()) and normalize-space(.)='City'])[1]/following::input[1]'.

28-08-2024T20:26:06 - [MESSAGE][INFO] - [SELF-HEALING] Failed Locator: '(.//*[normalize-space(text()) and normalize-space(.)='Country'])[1]/following::input[2]'.

28-08-2024T20:26:06 - [MESSAGE][INFO] - [SELF-HEALING] Failed Locator: '(.//*[normalize-space(text()) and normalize-space(.)='State'])[1]/preceding::input[1]'.

28-08-2024T20:26:07 - [MESSAGE][INFO] - [SELF-HEALING] Failed Locator: '(.//*[normalize-space(text()) and normalize-space(.)='ZIP'])[1]/preceding::input[2]'.

28-08-2024T20:26:07 - [MESSAGE][INFO] - [SELF-HEALING] Failed Locator: '//tr[14]/td[2]/input'.

28-08-2024T20:26:08 - [MESSAGE][WARNING] - [SELF-HEALING] Cannot find elements when the selector is null

28-08-2024T20:26:08 - [MESSAGE][FAILED] - Unable to set text 'Arlington' of object 'Object Repository/IWP30/Page_VRelay30Emulator/City' (Root cause: com.kms.katalon.core.exception.StepFailedException: Unable to set text 'Arlington' of object 'Object Repository/IWP30/Page_VRelay30Emulator/City'
	at com.kms.katalon.core.webui.keyword.internal.WebUIKeywordMain.stepFailed(WebUIKeywordMain.groovy:64)
	at com.kms.katalon.core.webui.keyword.internal.WebUIKeywordMain.runKeyword(WebUIKeywordMain.groovy:26)
	at com.kms.katalon.core.webui.keyword.builtin.SetTextKeyword.setText(SetTextKeyword.groovy:85)
	at com.kms.katalon.core.webui.keyword.builtin.SetTextKeyword.execute(SetTextKeyword.groovy:39)
	at com.kms.katalon.core.keyword.internal.KeywordExecutor.executeKeywordForPlatform(KeywordExecutor.groovy:74)
	at com.kms.katalon.core.webui.keyword.WebUiBuiltInKeywords.setText(WebUiBuiltInKeywords.groovy:1019)
	at iwpPages.emulatorIWP30.setDataEmulator_DD(emulatorIWP30.groovy:422)
	at jdk.internal.reflect.GeneratedMethodAccessor37.invoke(Unknown Source)
	at java.base/jdk.internal.reflect.DelegatingMethodAccessorImpl.invoke(DelegatingMethodAccessorImpl.java:43)
	at com.kms.katalon.core.main.CustomKeywordDelegatingMetaClass.invokeStaticMethod(CustomKeywordDelegatingMetaClass.java:55)
	at OverAndUnderPayPC.run(OverAndUnderPayPC:63)
	at com.kms.katalon.core.main.ScriptEngine.run(ScriptEngine.java:194)
	at com.kms.katalon.core.main.ScriptEngine.runScriptAsRawText(ScriptEngine.java:119)
	at com.kms.katalon.core.main.TestCaseExecutor.runScript(TestCaseExecutor.java:448)
	at com.kms.katalon.core.main.TestCaseExecutor.doExecute(TestCaseExecutor.java:439)
	at com.kms.katalon.core.main.TestCaseExecutor.processExecutionPhase(TestCaseExecutor.java:418)
	at com.kms.katalon.core.main.TestCaseExecutor.accessMainPhase(TestCaseExecutor.java:410)
	at com.kms.katalon.core.main.TestCaseExecutor.execute(TestCaseExecutor.java:285)
	at com.kms.katalon.core.common.CommonExecutor.accessTestCaseMainPhase(CommonExecutor.java:65)
	at com.kms.katalon.core.main.TestSuiteExecutor.accessTestSuiteMainPhase(TestSuiteExecutor.java:150)
	at com.kms.katalon.core.main.TestSuiteExecutor.execute(TestSuiteExecutor.java:106)
	at com.kms.katalon.core.main.TestCaseMain.startTestSuite(TestCaseMain.java:180)
	at TempTestSuite1724852187713.run(TempTestSuite1724852187713.groovy:35)
	at java.base/jdk.internal.reflect.NativeMethodAccessorImpl.invoke0(Native Method)
	at java.base/jdk.internal.reflect.NativeMethodAccessorImpl.invoke(NativeMethodAccessorImpl.java:77)
	at java.base/jdk.internal.reflect.DelegatingMethodAccessorImpl.invoke(DelegatingMethodAccessorImpl.java:43)
Caused by: com.kms.katalon.core.webui.exception.WebElementNotFoundException: Web element with id: 'Object Repository/IWP30/Page_VRelay30Emulator/City' located by '//input[@type = 'text' and @name = 'billing_city']' not found
	at com.kms.katalon.core.webui.common.WebUiCommonHelper.findWebElement(WebUiCommonHelper.java:1426)
	at com.kms.katalon.core.webui.keyword.internal.WebUIAbstractKeyword.findWebElement(WebUIAbstractKeyword.groovy:27)
	at com.kms.katalon.core.webui.keyword.internal.WebUIAbstractKeyword.findWebElement(WebUIAbstractKeyword.groovy:26)
	at com.kms.katalon.core.webui.keyword.builtin.SetTextKeyword$_setText_closure1.doCall(SetTextKeyword.groovy:53)
	at com.kms.katalon.core.webui.keyword.builtin.SetTextKeyword$_setText_closure1.call(SetTextKeyword.groovy)
	at com.kms.katalon.core.webui.keyword.internal.WebUIKeywordMain.runKeyword(WebUIKeywordMain.groovy:20)
	at com.kms.katalon.core.webui.keyword.builtin.SetTextKeyword.setText(SetTextKeyword.groovy:85)
	at com.kms.katalon.core.webui.keyword.builtin.SetTextKeyword.execute(SetTextKeyword.groovy:39)
	at com.kms.katalon.core.keyword.internal.KeywordExecutor.executeKeywordForPlatform(KeywordExecutor.groovy:74)
	at com.kms.katalon.core.webui.keyword.WebUiBuiltInKeywords.setText(WebUiBuiltInKeywords.groovy:1019)
	at iwpPages.emulatorIWP30.setDataEmulator_DD(emulatorIWP30.groovy:422)
	at jdk.internal.reflect.GeneratedMethodAccessor37.invoke(Unknown Source)
	at java.base/jdk.internal.reflect.DelegatingMethodAccessorImpl.invoke(DelegatingMethodAccessorImpl.java:43)
	at com.kms.katalon.core.main.CustomKeywordDelegatingMetaClass.invokeStaticMethod(CustomKeywordDelegatingMetaClass.java:55)
	at Script1724429530114.run(Script1724429530114.groovy:63)
	... 15 more
)
[[ATTACHMENT|C:\\Users\\t476046\\Documents\\katalon\\VPS-Katalon\\Reports\\20240828_190627\\QA\\IWP2.5\\QA_IWP2.5_Regression\\20240828_190627\\1724856968376.png]]

28-08-2024T20:26:39 - [MESSAGE][INFO] - Unable to find the element located by 'By.xpath: //input[@type = 'text' and @name = 'billing_state']'. Please recheck the objects properties to make sure the desired element is located. 

28-08-2024T20:26:39 - [MESSAGE][WARNING] - [SELF-HEALING] Failed to find element with id 'Object Repository/IWP30/Page_VRelay30Emulator/State'. Try using Self-healing.

28-08-2024T20:26:40 - [MESSAGE][INFO] - Unable to find the element located by 'By.xpath: //input[@name='billing_state']'. Please recheck the objects properties to make sure the desired element is located. 

28-08-2024T20:26:41 - [MESSAGE][INFO] - [SELF-HEALING] Failed Locator: '//input[@name='billing_state']'.

28-08-2024T20:26:41 - [MESSAGE][INFO] - [SELF-HEALING] Failed Locator: '(.//*[normalize-space(text()) and normalize-space(.)='State'])[1]/following::input[1]'.

28-08-2024T20:26:41 - [MESSAGE][INFO] - [SELF-HEALING] Failed Locator: '(.//*[normalize-space(text()) and normalize-space(.)='City'])[1]/following::input[2]'.

28-08-2024T20:26:41 - [MESSAGE][INFO] - [SELF-HEALING] Failed Locator: '(.//*[normalize-space(text()) and normalize-space(.)='ZIP'])[1]/preceding::input[1]'.

28-08-2024T20:26:42 - [MESSAGE][INFO] - [SELF-HEALING] Failed Locator: '(.//*[normalize-space(text()) and normalize-space(.)='Order Number'])[1]/preceding::input[2]'.

28-08-2024T20:26:42 - [MESSAGE][INFO] - [SELF-HEALING] Failed Locator: '//tr[15]/td[2]/input'.

28-08-2024T20:26:43 - [MESSAGE][WARNING] - [SELF-HEALING] Cannot find elements when the selector is null

28-08-2024T20:26:43 - [MESSAGE][FAILED] - Unable to set text 'VA' of object 'Object Repository/IWP30/Page_VRelay30Emulator/State' (Root cause: com.kms.katalon.core.exception.StepFailedException: Unable to set text 'VA' of object 'Object Repository/IWP30/Page_VRelay30Emulator/State'
	at com.kms.katalon.core.webui.keyword.internal.WebUIKeywordMain.stepFailed(WebUIKeywordMain.groovy:64)
	at com.kms.katalon.core.webui.keyword.internal.WebUIKeywordMain.runKeyword(WebUIKeywordMain.groovy:26)
	at com.kms.katalon.core.webui.keyword.builtin.SetTextKeyword.setText(SetTextKeyword.groovy:85)
	at com.kms.katalon.core.webui.keyword.builtin.SetTextKeyword.execute(SetTextKeyword.groovy:39)
	at com.kms.katalon.core.keyword.internal.KeywordExecutor.executeKeywordForPlatform(KeywordExecutor.groovy:74)
	at com.kms.katalon.core.webui.keyword.WebUiBuiltInKeywords.setText(WebUiBuiltInKeywords.groovy:1019)
	at iwpPages.emulatorIWP30.setDataEmulator_DD(emulatorIWP30.groovy:423)
	at jdk.internal.reflect.GeneratedMethodAccessor37.invoke(Unknown Source)
	at java.base/jdk.internal.reflect.DelegatingMethodAccessorImpl.invoke(DelegatingMethodAccessorImpl.java:43)
	at com.kms.katalon.core.main.CustomKeywordDelegatingMetaClass.invokeStaticMethod(CustomKeywordDelegatingMetaClass.java:55)
	at OverAndUnderPayPC.run(OverAndUnderPayPC:63)
	at com.kms.katalon.core.main.ScriptEngine.run(ScriptEngine.java:194)
	at com.kms.katalon.core.main.ScriptEngine.runScriptAsRawText(ScriptEngine.java:119)
	at com.kms.katalon.core.main.TestCaseExecutor.runScript(TestCaseExecutor.java:448)
	at com.kms.katalon.core.main.TestCaseExecutor.doExecute(TestCaseExecutor.java:439)
	at com.kms.katalon.core.main.TestCaseExecutor.processExecutionPhase(TestCaseExecutor.java:418)
	at com.kms.katalon.core.main.TestCaseExecutor.accessMainPhase(TestCaseExecutor.java:410)
	at com.kms.katalon.core.main.TestCaseExecutor.execute(TestCaseExecutor.java:285)
	at com.kms.katalon.core.common.CommonExecutor.accessTestCaseMainPhase(CommonExecutor.java:65)
	at com.kms.katalon.core.main.TestSuiteExecutor.accessTestSuiteMainPhase(TestSuiteExecutor.java:150)
	at com.kms.katalon.core.main.TestSuiteExecutor.execute(TestSuiteExecutor.java:106)
	at com.kms.katalon.core.main.TestCaseMain.startTestSuite(TestCaseMain.java:180)
	at TempTestSuite1724852187713.run(TempTestSuite1724852187713.groovy:35)
	at java.base/jdk.internal.reflect.NativeMethodAccessorImpl.invoke0(Native Method)
	at java.base/jdk.internal.reflect.NativeMethodAccessorImpl.invoke(NativeMethodAccessorImpl.java:77)
	at java.base/jdk.internal.reflect.DelegatingMethodAccessorImpl.invoke(DelegatingMethodAccessorImpl.java:43)
Caused by: com.kms.katalon.core.webui.exception.WebElementNotFoundException: Web element with id: 'Object Repository/IWP30/Page_VRelay30Emulator/State' located by '//input[@type = 'text' and @name = 'billing_state']' not found
	at com.kms.katalon.core.webui.common.WebUiCommonHelper.findWebElement(WebUiCommonHelper.java:1426)
	at com.kms.katalon.core.webui.keyword.internal.WebUIAbstractKeyword.findWebElement(WebUIAbstractKeyword.groovy:27)
	at com.kms.katalon.core.webui.keyword.internal.WebUIAbstractKeyword.findWebElement(WebUIAbstractKeyword.groovy:26)
	at com.kms.katalon.core.webui.keyword.builtin.SetTextKeyword$_setText_closure1.doCall(SetTextKeyword.groovy:53)
	at com.kms.katalon.core.webui.keyword.builtin.SetTextKeyword$_setText_closure1.call(SetTextKeyword.groovy)
	at com.kms.katalon.core.webui.keyword.internal.WebUIKeywordMain.runKeyword(WebUIKeywordMain.groovy:20)
	at com.kms.katalon.core.webui.keyword.builtin.SetTextKeyword.setText(SetTextKeyword.groovy:85)
	at com.kms.katalon.core.webui.keyword.builtin.SetTextKeyword.execute(SetTextKeyword.groovy:39)
	at com.kms.katalon.core.keyword.internal.KeywordExecutor.executeKeywordForPlatform(KeywordExecutor.groovy:74)
	at com.kms.katalon.core.webui.keyword.WebUiBuiltInKeywords.setText(WebUiBuiltInKeywords.groovy:1019)
	at iwpPages.emulatorIWP30.setDataEmulator_DD(emulatorIWP30.groovy:423)
	at jdk.internal.reflect.GeneratedMethodAccessor37.invoke(Unknown Source)
	at java.base/jdk.internal.reflect.DelegatingMethodAccessorImpl.invoke(DelegatingMethodAccessorImpl.java:43)
	at com.kms.katalon.core.main.CustomKeywordDelegatingMetaClass.invokeStaticMethod(CustomKeywordDelegatingMetaClass.java:55)
	at Script1724429530114.run(Script1724429530114.groovy:63)
	... 15 more
)
[[ATTACHMENT|C:\\Users\\t476046\\Documents\\katalon\\VPS-Katalon\\Reports\\20240828_190627\\QA\\IWP2.5\\QA_IWP2.5_Regression\\20240828_190627\\1724857003272.png]]

28-08-2024T20:27:14 - [MESSAGE][INFO] - Unable to find the element located by 'By.xpath: //input[@type = 'text' and @name = 'billing_zip']'. Please recheck the objects properties to make sure the desired element is located. 

28-08-2024T20:27:14 - [MESSAGE][WARNING] - [SELF-HEALING] Failed to find element with id 'Object Repository/IWP30/Page_VRelay30Emulator/ZIP'. Try using Self-healing.

28-08-2024T20:27:15 - [MESSAGE][INFO] - Unable to find the element located by 'By.xpath: //input[@name='billing_zip']'. Please recheck the objects properties to make sure the desired element is located. 

28-08-2024T20:27:16 - [MESSAGE][INFO] - [SELF-HEALING] Failed Locator: '//input[@name='billing_zip']'.

28-08-2024T20:27:16 - [MESSAGE][INFO] - [SELF-HEALING] Failed Locator: '(.//*[normalize-space(text()) and normalize-space(.)='ZIP'])[1]/following::input[1]'.

28-08-2024T20:27:16 - [MESSAGE][INFO] - [SELF-HEALING] Failed Locator: '(.//*[normalize-space(text()) and normalize-space(.)='State'])[1]/following::input[2]'.

28-08-2024T20:27:16 - [MESSAGE][INFO] - [SELF-HEALING] Failed Locator: '(.//*[normalize-space(text()) and normalize-space(.)='Order Number'])[1]/preceding::input[1]'.

28-08-2024T20:27:16 - [MESSAGE][INFO] - [SELF-HEALING] Failed Locator: '(.//*[normalize-space(text()) and normalize-space(.)='Company Name'])[1]/preceding::input[2]'.

28-08-2024T20:27:17 - [MESSAGE][INFO] - [SELF-HEALING] Failed Locator: '//tr[16]/td[2]/input'.

28-08-2024T20:27:18 - [MESSAGE][WARNING] - [SELF-HEALING] Cannot find elements when the selector is null

28-08-2024T20:27:20 - [MESSAGE][FAILED] - Unable to set text '22201' of object 'Object Repository/IWP30/Page_VRelay30Emulator/ZIP' (Root cause: com.kms.katalon.core.exception.StepFailedException: Unable to set text '22201' of object 'Object Repository/IWP30/Page_VRelay30Emulator/ZIP'
	at com.kms.katalon.core.webui.keyword.internal.WebUIKeywordMain.stepFailed(WebUIKeywordMain.groovy:64)
	at com.kms.katalon.core.webui.keyword.internal.WebUIKeywordMain.runKeyword(WebUIKeywordMain.groovy:26)
	at com.kms.katalon.core.webui.keyword.builtin.SetTextKeyword.setText(SetTextKeyword.groovy:85)
	at com.kms.katalon.core.webui.keyword.builtin.SetTextKeyword.execute(SetTextKeyword.groovy:39)
	at com.kms.katalon.core.keyword.internal.KeywordExecutor.executeKeywordForPlatform(KeywordExecutor.groovy:74)
	at com.kms.katalon.core.webui.keyword.WebUiBuiltInKeywords.setText(WebUiBuiltInKeywords.groovy:1019)
	at iwpPages.emulatorIWP30.setDataEmulator_DD(emulatorIWP30.groovy:424)
	at jdk.internal.reflect.GeneratedMethodAccessor37.invoke(Unknown Source)
	at java.base/jdk.internal.reflect.DelegatingMethodAccessorImpl.invoke(DelegatingMethodAccessorImpl.java:43)
	at com.kms.katalon.core.main.CustomKeywordDelegatingMetaClass.invokeStaticMethod(CustomKeywordDelegatingMetaClass.java:55)
	at OverAndUnderPayPC.run(OverAndUnderPayPC:63)
	at com.kms.katalon.core.main.ScriptEngine.run(ScriptEngine.java:194)
	at com.kms.katalon.core.main.ScriptEngine.runScriptAsRawText(ScriptEngine.java:119)
	at com.kms.katalon.core.main.TestCaseExecutor.runScript(TestCaseExecutor.java:448)
	at com.kms.katalon.core.main.TestCaseExecutor.doExecute(TestCaseExecutor.java:439)
	at com.kms.katalon.core.main.TestCaseExecutor.processExecutionPhase(TestCaseExecutor.java:418)
	at com.kms.katalon.core.main.TestCaseExecutor.accessMainPhase(TestCaseExecutor.java:410)
	at com.kms.katalon.core.main.TestCaseExecutor.execute(TestCaseExecutor.java:285)
	at com.kms.katalon.core.common.CommonExecutor.accessTestCaseMainPhase(CommonExecutor.java:65)
	at com.kms.katalon.core.main.TestSuiteExecutor.accessTestSuiteMainPhase(TestSuiteExecutor.java:150)
	at com.kms.katalon.core.main.TestSuiteExecutor.execute(TestSuiteExecutor.java:106)
	at com.kms.katalon.core.main.TestCaseMain.startTestSuite(TestCaseMain.java:180)
	at TempTestSuite1724852187713.run(TempTestSuite1724852187713.groovy:35)
	at java.base/jdk.internal.reflect.NativeMethodAccessorImpl.invoke0(Native Method)
	at java.base/jdk.internal.reflect.NativeMethodAccessorImpl.invoke(NativeMethodAccessorImpl.java:77)
	at java.base/jdk.internal.reflect.DelegatingMethodAccessorImpl.invoke(DelegatingMethodAccessorImpl.java:43)
Caused by: com.kms.katalon.core.webui.exception.WebElementNotFoundException: Web element with id: 'Object Repository/IWP30/Page_VRelay30Emulator/ZIP' located by '//input[@type = 'text' and @name = 'billing_zip']' not found
	at com.kms.katalon.core.webui.common.WebUiCommonHelper.findWebElement(WebUiCommonHelper.java:1426)
	at com.kms.katalon.core.webui.keyword.internal.WebUIAbstractKeyword.findWebElement(WebUIAbstractKeyword.groovy:27)
	at com.kms.katalon.core.webui.keyword.internal.WebUIAbstractKeyword.findWebElement(WebUIAbstractKeyword.groovy:26)
	at com.kms.katalon.core.webui.keyword.builtin.SetTextKeyword$_setText_closure1.doCall(SetTextKeyword.groovy:53)
	at com.kms.katalon.core.webui.keyword.builtin.SetTextKeyword$_setText_closure1.call(SetTextKeyword.groovy)
	at com.kms.katalon.core.webui.keyword.internal.WebUIKeywordMain.runKeyword(WebUIKeywordMain.groovy:20)
	at com.kms.katalon.core.webui.keyword.builtin.SetTextKeyword.setText(SetTextKeyword.groovy:85)
	at com.kms.katalon.core.webui.keyword.builtin.SetTextKeyword.execute(SetTextKeyword.groovy:39)
	at com.kms.katalon.core.keyword.internal.KeywordExecutor.executeKeywordForPlatform(KeywordExecutor.groovy:74)
	at com.kms.katalon.core.webui.keyword.WebUiBuiltInKeywords.setText(WebUiBuiltInKeywords.groovy:1019)
	at iwpPages.emulatorIWP30.setDataEmulator_DD(emulatorIWP30.groovy:424)
	at jdk.internal.reflect.GeneratedMethodAccessor37.invoke(Unknown Source)
	at java.base/jdk.internal.reflect.DelegatingMethodAccessorImpl.invoke(DelegatingMethodAccessorImpl.java:43)
	at com.kms.katalon.core.main.CustomKeywordDelegatingMetaClass.invokeStaticMethod(CustomKeywordDelegatingMetaClass.java:55)
	at Script1724429530114.run(Script1724429530114.groovy:63)
	... 15 more
)
[[ATTACHMENT|C:\\Users\\t476046\\Documents\\katalon\\VPS-Katalon\\Reports\\20240828_190627\\QA\\IWP2.5\\QA_IWP2.5_Regression\\20240828_190627\\1724857038632.png]]

28-08-2024T20:27:52 - [MESSAGE][INFO] - Unable to find the element located by 'By.xpath: //input[@type = 'text' and @name = 'order_number']'. Please recheck the objects properties to make sure the desired element is located. 

28-08-2024T20:27:52 - [MESSAGE][WARNING] - [SELF-HEALING] Failed to find element with id 'Object Repository/IWP30/Page_VRelay30Emulator/Order'. Try using Self-healing.

28-08-2024T20:27:53 - [MESSAGE][INFO] - Unable to find the element located by 'By.xpath: //input[@name='order_number']'. Please recheck the objects properties to make sure the desired element is located. 

28-08-2024T20:27:53 - [MESSAGE][INFO] - [SELF-HEALING] Failed Locator: '//input[@name='order_number']'.

28-08-2024T20:27:53 - [MESSAGE][INFO] - [SELF-HEALING] Failed Locator: '(.//*[normalize-space(text()) and normalize-space(.)='Order Number'])[1]/following::input[1]'.

28-08-2024T20:27:54 - [MESSAGE][INFO] - [SELF-HEALING] Failed Locator: '(.//*[normalize-space(text()) and normalize-space(.)='ZIP'])[1]/following::input[2]'.

28-08-2024T20:27:54 - [MESSAGE][INFO] - [SELF-HEALING] Failed Locator: '(.//*[normalize-space(text()) and normalize-space(.)='Company Name'])[1]/preceding::input[1]'.

28-08-2024T20:27:54 - [MESSAGE][INFO] - [SELF-HEALING] Failed Locator: '(.//*[normalize-space(text()) and normalize-space(.)='Email Address'])[1]/preceding::input[2]'.

28-08-2024T20:27:54 - [MESSAGE][INFO] - [SELF-HEALING] Failed Locator: '//tr[17]/td[2]/input'.

28-08-2024T20:27:55 - [MESSAGE][WARNING] - [SELF-HEALING] Cannot find elements when the selector is null

28-08-2024T20:27:56 - [MESSAGE][FAILED] - Unable to set text '' of object 'Object Repository/IWP30/Page_VRelay30Emulator/Order' (Root cause: com.kms.katalon.core.exception.StepFailedException: Unable to set text '' of object 'Object Repository/IWP30/Page_VRelay30Emulator/Order'
	at com.kms.katalon.core.webui.keyword.internal.WebUIKeywordMain.stepFailed(WebUIKeywordMain.groovy:64)
	at com.kms.katalon.core.webui.keyword.internal.WebUIKeywordMain.runKeyword(WebUIKeywordMain.groovy:26)
	at com.kms.katalon.core.webui.keyword.builtin.SetTextKeyword.setText(SetTextKeyword.groovy:85)
	at com.kms.katalon.core.webui.keyword.builtin.SetTextKeyword.execute(SetTextKeyword.groovy:39)
	at com.kms.katalon.core.keyword.internal.KeywordExecutor.executeKeywordForPlatform(KeywordExecutor.groovy:74)
	at com.kms.katalon.core.webui.keyword.WebUiBuiltInKeywords.setText(WebUiBuiltInKeywords.groovy:1019)
	at iwpPages.emulatorIWP30.setDataEmulator_DD(emulatorIWP30.groovy:425)
	at jdk.internal.reflect.GeneratedMethodAccessor37.invoke(Unknown Source)
	at java.base/jdk.internal.reflect.DelegatingMethodAccessorImpl.invoke(DelegatingMethodAccessorImpl.java:43)
	at com.kms.katalon.core.main.CustomKeywordDelegatingMetaClass.invokeStaticMethod(CustomKeywordDelegatingMetaClass.java:55)
	at OverAndUnderPayPC.run(OverAndUnderPayPC:63)
	at com.kms.katalon.core.main.ScriptEngine.run(ScriptEngine.java:194)
	at com.kms.katalon.core.main.ScriptEngine.runScriptAsRawText(ScriptEngine.java:119)
	at com.kms.katalon.core.main.TestCaseExecutor.runScript(TestCaseExecutor.java:448)
	at com.kms.katalon.core.main.TestCaseExecutor.doExecute(TestCaseExecutor.java:439)
	at com.kms.katalon.core.main.TestCaseExecutor.processExecutionPhase(TestCaseExecutor.java:418)
	at com.kms.katalon.core.main.TestCaseExecutor.accessMainPhase(TestCaseExecutor.java:410)
	at com.kms.katalon.core.main.TestCaseExecutor.execute(TestCaseExecutor.java:285)
	at com.kms.katalon.core.common.CommonExecutor.accessTestCaseMainPhase(CommonExecutor.java:65)
	at com.kms.katalon.core.main.TestSuiteExecutor.accessTestSuiteMainPhase(TestSuiteExecutor.java:150)
	at com.kms.katalon.core.main.TestSuiteExecutor.execute(TestSuiteExecutor.java:106)
	at com.kms.katalon.core.main.TestCaseMain.startTestSuite(TestCaseMain.java:180)
	at TempTestSuite1724852187713.run(TempTestSuite1724852187713.groovy:35)
	at java.base/jdk.internal.reflect.NativeMethodAccessorImpl.invoke0(Native Method)
	at java.base/jdk.internal.reflect.NativeMethodAccessorImpl.invoke(NativeMethodAccessorImpl.java:77)
	at java.base/jdk.internal.reflect.DelegatingMethodAccessorImpl.invoke(DelegatingMethodAccessorImpl.java:43)
Caused by: com.kms.katalon.core.webui.exception.WebElementNotFoundException: Web element with id: 'Object Repository/IWP30/Page_VRelay30Emulator/Order' located by '//input[@type = 'text' and @name = 'order_number']' not found
	at com.kms.katalon.core.webui.common.WebUiCommonHelper.findWebElement(WebUiCommonHelper.java:1426)
	at com.kms.katalon.core.webui.keyword.internal.WebUIAbstractKeyword.findWebElement(WebUIAbstractKeyword.groovy:27)
	at com.kms.katalon.core.webui.keyword.internal.WebUIAbstractKeyword.findWebElement(WebUIAbstractKeyword.groovy:26)
	at com.kms.katalon.core.webui.keyword.builtin.SetTextKeyword$_setText_closure1.doCall(SetTextKeyword.groovy:53)
	at com.kms.katalon.core.webui.keyword.builtin.SetTextKeyword$_setText_closure1.call(SetTextKeyword.groovy)
	at com.kms.katalon.core.webui.keyword.internal.WebUIKeywordMain.runKeyword(WebUIKeywordMain.groovy:20)
	at com.kms.katalon.core.webui.keyword.builtin.SetTextKeyword.setText(SetTextKeyword.groovy:85)
	at com.kms.katalon.core.webui.keyword.builtin.SetTextKeyword.execute(SetTextKeyword.groovy:39)
	at com.kms.katalon.core.keyword.internal.KeywordExecutor.executeKeywordForPlatform(KeywordExecutor.groovy:74)
	at com.kms.katalon.core.webui.keyword.WebUiBuiltInKeywords.setText(WebUiBuiltInKeywords.groovy:1019)
	at iwpPages.emulatorIWP30.setDataEmulator_DD(emulatorIWP30.groovy:425)
	at jdk.internal.reflect.GeneratedMethodAccessor37.invoke(Unknown Source)
	at java.base/jdk.internal.reflect.DelegatingMethodAccessorImpl.invoke(DelegatingMethodAccessorImpl.java:43)
	at com.kms.katalon.core.main.CustomKeywordDelegatingMetaClass.invokeStaticMethod(CustomKeywordDelegatingMetaClass.java:55)
	at Script1724429530114.run(Script1724429530114.groovy:63)
	... 15 more
)
[[ATTACHMENT|C:\\Users\\t476046\\Documents\\katalon\\VPS-Katalon\\Reports\\20240828_190627\\QA\\IWP2.5\\QA_IWP2.5_Regression\\20240828_190627\\1724857075966.png]]

28-08-2024T20:28:27 - [MESSAGE][INFO] - Unable to find the element located by 'By.xpath: //input[@type = 'text' and @name = 'billing_companyname']'. Please recheck the objects properties to make sure the desired element is located. 

28-08-2024T20:28:27 - [MESSAGE][WARNING] - [SELF-HEALING] Failed to find element with id 'Object Repository/IWP30/Page_VRelay30Emulator/Company'. Try using Self-healing.

28-08-2024T20:28:28 - [MESSAGE][INFO] - Unable to find the element located by 'By.xpath: //input[@name='billing_companyname']'. Please recheck the objects properties to make sure the desired element is located. 

28-08-2024T20:28:28 - [MESSAGE][INFO] - [SELF-HEALING] Failed Locator: '//input[@name='billing_companyname']'.

28-08-2024T20:28:28 - [MESSAGE][INFO] - [SELF-HEALING] Failed Locator: '(.//*[normalize-space(text()) and normalize-space(.)='Company Name'])[1]/following::input[1]'.

28-08-2024T20:28:29 - [MESSAGE][INFO] - [SELF-HEALING] Failed Locator: '(.//*[normalize-space(text()) and normalize-space(.)='Order Number'])[1]/following::input[2]'.

28-08-2024T20:28:29 - [MESSAGE][INFO] - [SELF-HEALING] Failed Locator: '(.//*[normalize-space(text()) and normalize-space(.)='Email Address'])[1]/preceding::input[1]'.

28-08-2024T20:28:29 - [MESSAGE][INFO] - [SELF-HEALING] Failed Locator: '(.//*[normalize-space(text()) and normalize-space(.)='User Defined Field 1'])[1]/preceding::input[2]'.

28-08-2024T20:28:29 - [MESSAGE][INFO] - [SELF-HEALING] Failed Locator: '//tr[18]/td[2]/input'.

28-08-2024T20:28:30 - [MESSAGE][WARNING] - [SELF-HEALING] Cannot find elements when the selector is null

28-08-2024T20:28:31 - [MESSAGE][FAILED] - Unable to set text 'Some Company' of object 'Object Repository/IWP30/Page_VRelay30Emulator/Company' (Root cause: com.kms.katalon.core.exception.StepFailedException: Unable to set text 'Some Company' of object 'Object Repository/IWP30/Page_VRelay30Emulator/Company'
	at com.kms.katalon.core.webui.keyword.internal.WebUIKeywordMain.stepFailed(WebUIKeywordMain.groovy:64)
	at com.kms.katalon.core.webui.keyword.internal.WebUIKeywordMain.runKeyword(WebUIKeywordMain.groovy:26)
	at com.kms.katalon.core.webui.keyword.builtin.SetTextKeyword.setText(SetTextKeyword.groovy:85)
	at com.kms.katalon.core.webui.keyword.builtin.SetTextKeyword.execute(SetTextKeyword.groovy:39)
	at com.kms.katalon.core.keyword.internal.KeywordExecutor.executeKeywordForPlatform(KeywordExecutor.groovy:74)
	at com.kms.katalon.core.webui.keyword.WebUiBuiltInKeywords.setText(WebUiBuiltInKeywords.groovy:1019)
	at iwpPages.emulatorIWP30.setDataEmulator_DD(emulatorIWP30.groovy:426)
	at jdk.internal.reflect.GeneratedMethodAccessor37.invoke(Unknown Source)
	at java.base/jdk.internal.reflect.DelegatingMethodAccessorImpl.invoke(DelegatingMethodAccessorImpl.java:43)
	at com.kms.katalon.core.main.CustomKeywordDelegatingMetaClass.invokeStaticMethod(CustomKeywordDelegatingMetaClass.java:55)
	at OverAndUnderPayPC.run(OverAndUnderPayPC:63)
	at com.kms.katalon.core.main.ScriptEngine.run(ScriptEngine.java:194)
	at com.kms.katalon.core.main.ScriptEngine.runScriptAsRawText(ScriptEngine.java:119)
	at com.kms.katalon.core.main.TestCaseExecutor.runScript(TestCaseExecutor.java:448)
	at com.kms.katalon.core.main.TestCaseExecutor.doExecute(TestCaseExecutor.java:439)
	at com.kms.katalon.core.main.TestCaseExecutor.processExecutionPhase(TestCaseExecutor.java:418)
	at com.kms.katalon.core.main.TestCaseExecutor.accessMainPhase(TestCaseExecutor.java:410)
	at com.kms.katalon.core.main.TestCaseExecutor.execute(TestCaseExecutor.java:285)
	at com.kms.katalon.core.common.CommonExecutor.accessTestCaseMainPhase(CommonExecutor.java:65)
	at com.kms.katalon.core.main.TestSuiteExecutor.accessTestSuiteMainPhase(TestSuiteExecutor.java:150)
	at com.kms.katalon.core.main.TestSuiteExecutor.execute(TestSuiteExecutor.java:106)
	at com.kms.katalon.core.main.TestCaseMain.startTestSuite(TestCaseMain.java:180)
	at TempTestSuite1724852187713.run(TempTestSuite1724852187713.groovy:35)
	at java.base/jdk.internal.reflect.NativeMethodAccessorImpl.invoke0(Native Method)
	at java.base/jdk.internal.reflect.NativeMethodAccessorImpl.invoke(NativeMethodAccessorImpl.java:77)
	at java.base/jdk.internal.reflect.DelegatingMethodAccessorImpl.invoke(DelegatingMethodAccessorImpl.java:43)
Caused by: com.kms.katalon.core.webui.exception.WebElementNotFoundException: Web element with id: 'Object Repository/IWP30/Page_VRelay30Emulator/Company' located by '//input[@type = 'text' and @name = 'billing_companyname']' not found
	at com.kms.katalon.core.webui.common.WebUiCommonHelper.findWebElement(WebUiCommonHelper.java:1426)
	at com.kms.katalon.core.webui.keyword.internal.WebUIAbstractKeyword.findWebElement(WebUIAbstractKeyword.groovy:27)
	at com.kms.katalon.core.webui.keyword.internal.WebUIAbstractKeyword.findWebElement(WebUIAbstractKeyword.groovy:26)
	at com.kms.katalon.core.webui.keyword.builtin.SetTextKeyword$_setText_closure1.doCall(SetTextKeyword.groovy:53)
	at com.kms.katalon.core.webui.keyword.builtin.SetTextKeyword$_setText_closure1.call(SetTextKeyword.groovy)
	at com.kms.katalon.core.webui.keyword.internal.WebUIKeywordMain.runKeyword(WebUIKeywordMain.groovy:20)
	at com.kms.katalon.core.webui.keyword.builtin.SetTextKeyword.setText(SetTextKeyword.groovy:85)
	at com.kms.katalon.core.webui.keyword.builtin.SetTextKeyword.execute(SetTextKeyword.groovy:39)
	at com.kms.katalon.core.keyword.internal.KeywordExecutor.executeKeywordForPlatform(KeywordExecutor.groovy:74)
	at com.kms.katalon.core.webui.keyword.WebUiBuiltInKeywords.setText(WebUiBuiltInKeywords.groovy:1019)
	at iwpPages.emulatorIWP30.setDataEmulator_DD(emulatorIWP30.groovy:426)
	at jdk.internal.reflect.GeneratedMethodAccessor37.invoke(Unknown Source)
	at java.base/jdk.internal.reflect.DelegatingMethodAccessorImpl.invoke(DelegatingMethodAccessorImpl.java:43)
	at com.kms.katalon.core.main.CustomKeywordDelegatingMetaClass.invokeStaticMethod(CustomKeywordDelegatingMetaClass.java:55)
	at Script1724429530114.run(Script1724429530114.groovy:63)
	... 15 more
)
[[ATTACHMENT|C:\\Users\\t476046\\Documents\\katalon\\VPS-Katalon\\Reports\\20240828_190627\\QA\\IWP2.5\\QA_IWP2.5_Regression\\20240828_190627\\1724857110930.png]]

28-08-2024T20:29:02 - [MESSAGE][INFO] - Unable to find the element located by 'By.xpath: //input[@type = 'text' and @name = 'email_address']'. Please recheck the objects properties to make sure the desired element is located. 

28-08-2024T20:29:02 - [MESSAGE][WARNING] - [SELF-HEALING] Failed to find element with id 'Object Repository/IWP30/Page_VRelay30Emulator/Email'. Try using Self-healing.

28-08-2024T20:29:03 - [MESSAGE][INFO] - Unable to find the element located by 'By.xpath: //input[@name='email_address']'. Please recheck the objects properties to make sure the desired element is located. 

28-08-2024T20:29:03 - [MESSAGE][INFO] - [SELF-HEALING] Failed Locator: '//input[@name='email_address']'.

28-08-2024T20:29:03 - [MESSAGE][INFO] - [SELF-HEALING] Failed Locator: '(.//*[normalize-space(text()) and normalize-space(.)='Email Address'])[1]/following::input[1]'.

28-08-2024T20:29:03 - [MESSAGE][INFO] - [SELF-HEALING] Failed Locator: '(.//*[normalize-space(text()) and normalize-space(.)='Company Name'])[1]/following::input[2]'.

28-08-2024T20:29:05 - [MESSAGE][INFO] - [SELF-HEALING] Failed Locator: '(.//*[normalize-space(text()) and normalize-space(.)='User Defined Field 1'])[1]/preceding::input[1]'.

28-08-2024T20:29:05 - [MESSAGE][INFO] - [SELF-HEALING] Failed Locator: '(.//*[normalize-space(text()) and normalize-space(.)='User Defined Field 2'])[1]/preceding::input[2]'.

28-08-2024T20:29:05 - [MESSAGE][INFO] - [SELF-HEALING] Failed Locator: '//tr[19]/td[2]/input'.

28-08-2024T20:29:06 - [MESSAGE][WARNING] - [SELF-HEALING] Cannot find elements when the selector is null

28-08-2024T20:29:06 - [MESSAGE][FAILED] - Unable to set text 'iahmed@govolution.com' of object 'Object Repository/IWP30/Page_VRelay30Emulator/Email' (Root cause: com.kms.katalon.core.exception.StepFailedException: Unable to set text 'iahmed@govolution.com' of object 'Object Repository/IWP30/Page_VRelay30Emulator/Email'
	at com.kms.katalon.core.webui.keyword.internal.WebUIKeywordMain.stepFailed(WebUIKeywordMain.groovy:64)
	at com.kms.katalon.core.webui.keyword.internal.WebUIKeywordMain.runKeyword(WebUIKeywordMain.groovy:26)
	at com.kms.katalon.core.webui.keyword.builtin.SetTextKeyword.setText(SetTextKeyword.groovy:85)
	at com.kms.katalon.core.webui.keyword.builtin.SetTextKeyword.execute(SetTextKeyword.groovy:39)
	at com.kms.katalon.core.keyword.internal.KeywordExecutor.executeKeywordForPlatform(KeywordExecutor.groovy:74)
	at com.kms.katalon.core.webui.keyword.WebUiBuiltInKeywords.setText(WebUiBuiltInKeywords.groovy:1019)
	at iwpPages.emulatorIWP30.setDataEmulator_DD(emulatorIWP30.groovy:427)
	at jdk.internal.reflect.GeneratedMethodAccessor37.invoke(Unknown Source)
	at java.base/jdk.internal.reflect.DelegatingMethodAccessorImpl.invoke(DelegatingMethodAccessorImpl.java:43)
	at com.kms.katalon.core.main.CustomKeywordDelegatingMetaClass.invokeStaticMethod(CustomKeywordDelegatingMetaClass.java:55)
	at OverAndUnderPayPC.run(OverAndUnderPayPC:63)
	at com.kms.katalon.core.main.ScriptEngine.run(ScriptEngine.java:194)
	at com.kms.katalon.core.main.ScriptEngine.runScriptAsRawText(ScriptEngine.java:119)
	at com.kms.katalon.core.main.TestCaseExecutor.runScript(TestCaseExecutor.java:448)
	at com.kms.katalon.core.main.TestCaseExecutor.doExecute(TestCaseExecutor.java:439)
	at com.kms.katalon.core.main.TestCaseExecutor.processExecutionPhase(TestCaseExecutor.java:418)
	at com.kms.katalon.core.main.TestCaseExecutor.accessMainPhase(TestCaseExecutor.java:410)
	at com.kms.katalon.core.main.TestCaseExecutor.execute(TestCaseExecutor.java:285)
	at com.kms.katalon.core.common.CommonExecutor.accessTestCaseMainPhase(CommonExecutor.java:65)
	at com.kms.katalon.core.main.TestSuiteExecutor.accessTestSuiteMainPhase(TestSuiteExecutor.java:150)
	at com.kms.katalon.core.main.TestSuiteExecutor.execute(TestSuiteExecutor.java:106)
	at com.kms.katalon.core.main.TestCaseMain.startTestSuite(TestCaseMain.java:180)
	at TempTestSuite1724852187713.run(TempTestSuite1724852187713.groovy:35)
	at java.base/jdk.internal.reflect.NativeMethodAccessorImpl.invoke0(Native Method)
	at java.base/jdk.internal.reflect.NativeMethodAccessorImpl.invoke(NativeMethodAccessorImpl.java:77)
	at java.base/jdk.internal.reflect.DelegatingMethodAccessorImpl.invoke(DelegatingMethodAccessorImpl.java:43)
Caused by: com.kms.katalon.core.webui.exception.WebElementNotFoundException: Web element with id: 'Object Repository/IWP30/Page_VRelay30Emulator/Email' located by '//input[@type = 'text' and @name = 'email_address']' not found
	at com.kms.katalon.core.webui.common.WebUiCommonHelper.findWebElement(WebUiCommonHelper.java:1426)
	at com.kms.katalon.core.webui.keyword.internal.WebUIAbstractKeyword.findWebElement(WebUIAbstractKeyword.groovy:27)
	at com.kms.katalon.core.webui.keyword.internal.WebUIAbstractKeyword.findWebElement(WebUIAbstractKeyword.groovy:26)
	at com.kms.katalon.core.webui.keyword.builtin.SetTextKeyword$_setText_closure1.doCall(SetTextKeyword.groovy:53)
	at com.kms.katalon.core.webui.keyword.builtin.SetTextKeyword$_setText_closure1.call(SetTextKeyword.groovy)
	at com.kms.katalon.core.webui.keyword.internal.WebUIKeywordMain.runKeyword(WebUIKeywordMain.groovy:20)
	at com.kms.katalon.core.webui.keyword.builtin.SetTextKeyword.setText(SetTextKeyword.groovy:85)
	at com.kms.katalon.core.webui.keyword.builtin.SetTextKeyword.execute(SetTextKeyword.groovy:39)
	at com.kms.katalon.core.keyword.internal.KeywordExecutor.executeKeywordForPlatform(KeywordExecutor.groovy:74)
	at com.kms.katalon.core.webui.keyword.WebUiBuiltInKeywords.setText(WebUiBuiltInKeywords.groovy:1019)
	at iwpPages.emulatorIWP30.setDataEmulator_DD(emulatorIWP30.groovy:427)
	at jdk.internal.reflect.GeneratedMethodAccessor37.invoke(Unknown Source)
	at java.base/jdk.internal.reflect.DelegatingMethodAccessorImpl.invoke(DelegatingMethodAccessorImpl.java:43)
	at com.kms.katalon.core.main.CustomKeywordDelegatingMetaClass.invokeStaticMethod(CustomKeywordDelegatingMetaClass.java:55)
	at Script1724429530114.run(Script1724429530114.groovy:63)
	... 15 more
)
[[ATTACHMENT|C:\\Users\\t476046\\Documents\\katalon\\VPS-Katalon\\Reports\\20240828_190627\\QA\\IWP2.5\\QA_IWP2.5_Regression\\20240828_190627\\1724857146614.png]]

28-08-2024T20:29:37 - [MESSAGE][INFO] - Unable to find the element located by 'By.xpath: //input[@type = 'text' and @name = 'user_defined1']'. Please recheck the objects properties to make sure the desired element is located. 

28-08-2024T20:29:37 - [MESSAGE][WARNING] - [SELF-HEALING] Failed to find element with id 'Object Repository/IWP30/Page_VRelay30Emulator/UDF1'. Try using Self-healing.

28-08-2024T20:29:38 - [MESSAGE][INFO] - Unable to find the element located by 'By.xpath: //input[@name='user_defined1']'. Please recheck the objects properties to make sure the desired element is located. 

28-08-2024T20:29:39 - [MESSAGE][INFO] - [SELF-HEALING] Failed Locator: '//input[@name='user_defined1']'.

28-08-2024T20:29:39 - [MESSAGE][INFO] - [SELF-HEALING] Failed Locator: '(.//*[normalize-space(text()) and normalize-space(.)='User Defined Field 1'])[1]/following::input[1]'.

28-08-2024T20:29:39 - [MESSAGE][INFO] - [SELF-HEALING] Failed Locator: '(.//*[normalize-space(text()) and normalize-space(.)='Email Address'])[1]/following::input[2]'.

28-08-2024T20:29:39 - [MESSAGE][INFO] - [SELF-HEALING] Failed Locator: '(.//*[normalize-space(text()) and normalize-space(.)='User Defined Field 2'])[1]/preceding::input[1]'.

28-08-2024T20:29:40 - [MESSAGE][INFO] - [SELF-HEALING] Failed Locator: '(.//*[normalize-space(text()) and normalize-space(.)='User Defined Field 3'])[1]/preceding::input[2]'.

28-08-2024T20:29:40 - [MESSAGE][INFO] - [SELF-HEALING] Failed Locator: '//tr[20]/td[2]/input'.

28-08-2024T20:29:41 - [MESSAGE][WARNING] - [SELF-HEALING] Cannot find elements when the selector is null

28-08-2024T20:29:41 - [MESSAGE][FAILED] - Unable to set text 'udf data 1' of object 'Object Repository/IWP30/Page_VRelay30Emulator/UDF1' (Root cause: com.kms.katalon.core.exception.StepFailedException: Unable to set text 'udf data 1' of object 'Object Repository/IWP30/Page_VRelay30Emulator/UDF1'
	at com.kms.katalon.core.webui.keyword.internal.WebUIKeywordMain.stepFailed(WebUIKeywordMain.groovy:64)
	at com.kms.katalon.core.webui.keyword.internal.WebUIKeywordMain.runKeyword(WebUIKeywordMain.groovy:26)
	at com.kms.katalon.core.webui.keyword.builtin.SetTextKeyword.setText(SetTextKeyword.groovy:85)
	at com.kms.katalon.core.webui.keyword.builtin.SetTextKeyword.execute(SetTextKeyword.groovy:39)
	at com.kms.katalon.core.keyword.internal.KeywordExecutor.executeKeywordForPlatform(KeywordExecutor.groovy:74)
	at com.kms.katalon.core.webui.keyword.WebUiBuiltInKeywords.setText(WebUiBuiltInKeywords.groovy:1019)
	at iwpPages.emulatorIWP30.setDataEmulator_DD(emulatorIWP30.groovy:429)
	at jdk.internal.reflect.GeneratedMethodAccessor37.invoke(Unknown Source)
	at java.base/jdk.internal.reflect.DelegatingMethodAccessorImpl.invoke(DelegatingMethodAccessorImpl.java:43)
	at com.kms.katalon.core.main.CustomKeywordDelegatingMetaClass.invokeStaticMethod(CustomKeywordDelegatingMetaClass.java:55)
	at OverAndUnderPayPC.run(OverAndUnderPayPC:63)
	at com.kms.katalon.core.main.ScriptEngine.run(ScriptEngine.java:194)
	at com.kms.katalon.core.main.ScriptEngine.runScriptAsRawText(ScriptEngine.java:119)
	at com.kms.katalon.core.main.TestCaseExecutor.runScript(TestCaseExecutor.java:448)
	at com.kms.katalon.core.main.TestCaseExecutor.doExecute(TestCaseExecutor.java:439)
	at com.kms.katalon.core.main.TestCaseExecutor.processExecutionPhase(TestCaseExecutor.java:418)
	at com.kms.katalon.core.main.TestCaseExecutor.accessMainPhase(TestCaseExecutor.java:410)
	at com.kms.katalon.core.main.TestCaseExecutor.execute(TestCaseExecutor.java:285)
	at com.kms.katalon.core.common.CommonExecutor.accessTestCaseMainPhase(CommonExecutor.java:65)
	at com.kms.katalon.core.main.TestSuiteExecutor.accessTestSuiteMainPhase(TestSuiteExecutor.java:150)
	at com.kms.katalon.core.main.TestSuiteExecutor.execute(TestSuiteExecutor.java:106)
	at com.kms.katalon.core.main.TestCaseMain.startTestSuite(TestCaseMain.java:180)
	at TempTestSuite1724852187713.run(TempTestSuite1724852187713.groovy:35)
	at java.base/jdk.internal.reflect.NativeMethodAccessorImpl.invoke0(Native Method)
	at java.base/jdk.internal.reflect.NativeMethodAccessorImpl.invoke(NativeMethodAccessorImpl.java:77)
	at java.base/jdk.internal.reflect.DelegatingMethodAccessorImpl.invoke(DelegatingMethodAccessorImpl.java:43)
Caused by: com.kms.katalon.core.webui.exception.WebElementNotFoundException: Web element with id: 'Object Repository/IWP30/Page_VRelay30Emulator/UDF1' located by '//input[@type = 'text' and @name = 'user_defined1']' not found
	at com.kms.katalon.core.webui.common.WebUiCommonHelper.findWebElement(WebUiCommonHelper.java:1426)
	at com.kms.katalon.core.webui.keyword.internal.WebUIAbstractKeyword.findWebElement(WebUIAbstractKeyword.groovy:27)
	at com.kms.katalon.core.webui.keyword.internal.WebUIAbstractKeyword.findWebElement(WebUIAbstractKeyword.groovy:26)
	at com.kms.katalon.core.webui.keyword.builtin.SetTextKeyword$_setText_closure1.doCall(SetTextKeyword.groovy:53)
	at com.kms.katalon.core.webui.keyword.builtin.SetTextKeyword$_setText_closure1.call(SetTextKeyword.groovy)
	at com.kms.katalon.core.webui.keyword.internal.WebUIKeywordMain.runKeyword(WebUIKeywordMain.groovy:20)
	at com.kms.katalon.core.webui.keyword.builtin.SetTextKeyword.setText(SetTextKeyword.groovy:85)
	at com.kms.katalon.core.webui.keyword.builtin.SetTextKeyword.execute(SetTextKeyword.groovy:39)
	at com.kms.katalon.core.keyword.internal.KeywordExecutor.executeKeywordForPlatform(KeywordExecutor.groovy:74)
	at com.kms.katalon.core.webui.keyword.WebUiBuiltInKeywords.setText(WebUiBuiltInKeywords.groovy:1019)
	at iwpPages.emulatorIWP30.setDataEmulator_DD(emulatorIWP30.groovy:429)
	at jdk.internal.reflect.GeneratedMethodAccessor37.invoke(Unknown Source)
	at java.base/jdk.internal.reflect.DelegatingMethodAccessorImpl.invoke(DelegatingMethodAccessorImpl.java:43)
	at com.kms.katalon.core.main.CustomKeywordDelegatingMetaClass.invokeStaticMethod(CustomKeywordDelegatingMetaClass.java:55)
	at Script1724429530114.run(Script1724429530114.groovy:63)
	... 15 more
)
[[ATTACHMENT|C:\\Users\\t476046\\Documents\\katalon\\VPS-Katalon\\Reports\\20240828_190627\\QA\\IWP2.5\\QA_IWP2.5_Regression\\20240828_190627\\1724857181651.png]]

28-08-2024T20:30:13 - [MESSAGE][INFO] - Unable to find the element located by 'By.xpath: //input[@type = 'text' and @name = 'user_defined2']'. Please recheck the objects properties to make sure the desired element is located. 

28-08-2024T20:30:13 - [MESSAGE][WARNING] - [SELF-HEALING] Failed to find element with id 'Object Repository/IWP30/Page_VRelay30Emulator/UDF2'. Try using Self-healing.

28-08-2024T20:30:15 - [MESSAGE][INFO] - Unable to find the element located by 'By.xpath: //input[@name='user_defined2']'. Please recheck the objects properties to make sure the desired element is located. 

28-08-2024T20:30:15 - [MESSAGE][INFO] - [SELF-HEALING] Failed Locator: '//input[@name='user_defined2']'.

28-08-2024T20:30:15 - [MESSAGE][INFO] - [SELF-HEALING] Failed Locator: '(.//*[normalize-space(text()) and normalize-space(.)='User Defined Field 2'])[1]/following::input[1]'.

28-08-2024T20:30:15 - [MESSAGE][INFO] - [SELF-HEALING] Failed Locator: '(.//*[normalize-space(text()) and normalize-space(.)='User Defined Field 1'])[1]/following::input[2]'.

28-08-2024T20:30:16 - [MESSAGE][INFO] - [SELF-HEALING] Failed Locator: '(.//*[normalize-space(text()) and normalize-space(.)='User Defined Field 3'])[1]/preceding::input[1]'.

28-08-2024T20:30:16 - [MESSAGE][INFO] - [SELF-HEALING] Failed Locator: '(.//*[normalize-space(text()) and normalize-space(.)='User Defined Field 4'])[1]/preceding::input[2]'.

28-08-2024T20:30:16 - [MESSAGE][INFO] - [SELF-HEALING] Failed Locator: '//tr[21]/td[2]/input'.

28-08-2024T20:30:18 - [MESSAGE][WARNING] - [SELF-HEALING] Cannot find elements when the selector is null

28-08-2024T20:30:19 - [MESSAGE][FAILED] - Unable to set text 'udf data 2' of object 'Object Repository/IWP30/Page_VRelay30Emulator/UDF2' (Root cause: com.kms.katalon.core.exception.StepFailedException: Unable to set text 'udf data 2' of object 'Object Repository/IWP30/Page_VRelay30Emulator/UDF2'
	at com.kms.katalon.core.webui.keyword.internal.WebUIKeywordMain.stepFailed(WebUIKeywordMain.groovy:64)
	at com.kms.katalon.core.webui.keyword.internal.WebUIKeywordMain.runKeyword(WebUIKeywordMain.groovy:26)
	at com.kms.katalon.core.webui.keyword.builtin.SetTextKeyword.setText(SetTextKeyword.groovy:85)
	at com.kms.katalon.core.webui.keyword.builtin.SetTextKeyword.execute(SetTextKeyword.groovy:39)
	at com.kms.katalon.core.keyword.internal.KeywordExecutor.executeKeywordForPlatform(KeywordExecutor.groovy:74)
	at com.kms.katalon.core.webui.keyword.WebUiBuiltInKeywords.setText(WebUiBuiltInKeywords.groovy:1019)
	at iwpPages.emulatorIWP30.setDataEmulator_DD(emulatorIWP30.groovy:430)
	at jdk.internal.reflect.GeneratedMethodAccessor37.invoke(Unknown Source)
	at java.base/jdk.internal.reflect.DelegatingMethodAccessorImpl.invoke(DelegatingMethodAccessorImpl.java:43)
	at com.kms.katalon.core.main.CustomKeywordDelegatingMetaClass.invokeStaticMethod(CustomKeywordDelegatingMetaClass.java:55)
	at OverAndUnderPayPC.run(OverAndUnderPayPC:63)
	at com.kms.katalon.core.main.ScriptEngine.run(ScriptEngine.java:194)
	at com.kms.katalon.core.main.ScriptEngine.runScriptAsRawText(ScriptEngine.java:119)
	at com.kms.katalon.core.main.TestCaseExecutor.runScript(TestCaseExecutor.java:448)
	at com.kms.katalon.core.main.TestCaseExecutor.doExecute(TestCaseExecutor.java:439)
	at com.kms.katalon.core.main.TestCaseExecutor.processExecutionPhase(TestCaseExecutor.java:418)
	at com.kms.katalon.core.main.TestCaseExecutor.accessMainPhase(TestCaseExecutor.java:410)
	at com.kms.katalon.core.main.TestCaseExecutor.execute(TestCaseExecutor.java:285)
	at com.kms.katalon.core.common.CommonExecutor.accessTestCaseMainPhase(CommonExecutor.java:65)
	at com.kms.katalon.core.main.TestSuiteExecutor.accessTestSuiteMainPhase(TestSuiteExecutor.java:150)
	at com.kms.katalon.core.main.TestSuiteExecutor.execute(TestSuiteExecutor.java:106)
	at com.kms.katalon.core.main.TestCaseMain.startTestSuite(TestCaseMain.java:180)
	at TempTestSuite1724852187713.run(TempTestSuite1724852187713.groovy:35)
	at java.base/jdk.internal.reflect.NativeMethodAccessorImpl.invoke0(Native Method)
	at java.base/jdk.internal.reflect.NativeMethodAccessorImpl.invoke(NativeMethodAccessorImpl.java:77)
	at java.base/jdk.internal.reflect.DelegatingMethodAccessorImpl.invoke(DelegatingMethodAccessorImpl.java:43)
Caused by: com.kms.katalon.core.webui.exception.WebElementNotFoundException: Web element with id: 'Object Repository/IWP30/Page_VRelay30Emulator/UDF2' located by '//input[@type = 'text' and @name = 'user_defined2']' not found
	at com.kms.katalon.core.webui.common.WebUiCommonHelper.findWebElement(WebUiCommonHelper.java:1426)
	at com.kms.katalon.core.webui.keyword.internal.WebUIAbstractKeyword.findWebElement(WebUIAbstractKeyword.groovy:27)
	at com.kms.katalon.core.webui.keyword.internal.WebUIAbstractKeyword.findWebElement(WebUIAbstractKeyword.groovy:26)
	at com.kms.katalon.core.webui.keyword.builtin.SetTextKeyword$_setText_closure1.doCall(SetTextKeyword.groovy:53)
	at com.kms.katalon.core.webui.keyword.builtin.SetTextKeyword$_setText_closure1.call(SetTextKeyword.groovy)
	at com.kms.katalon.core.webui.keyword.internal.WebUIKeywordMain.runKeyword(WebUIKeywordMain.groovy:20)
	at com.kms.katalon.core.webui.keyword.builtin.SetTextKeyword.setText(SetTextKeyword.groovy:85)
	at com.kms.katalon.core.webui.keyword.builtin.SetTextKeyword.execute(SetTextKeyword.groovy:39)
	at com.kms.katalon.core.keyword.internal.KeywordExecutor.executeKeywordForPlatform(KeywordExecutor.groovy:74)
	at com.kms.katalon.core.webui.keyword.WebUiBuiltInKeywords.setText(WebUiBuiltInKeywords.groovy:1019)
	at iwpPages.emulatorIWP30.setDataEmulator_DD(emulatorIWP30.groovy:430)
	at jdk.internal.reflect.GeneratedMethodAccessor37.invoke(Unknown Source)
	at java.base/jdk.internal.reflect.DelegatingMethodAccessorImpl.invoke(DelegatingMethodAccessorImpl.java:43)
	at com.kms.katalon.core.main.CustomKeywordDelegatingMetaClass.invokeStaticMethod(CustomKeywordDelegatingMetaClass.java:55)
	at Script1724429530114.run(Script1724429530114.groovy:63)
	... 15 more
)
[[ATTACHMENT|C:\\Users\\t476046\\Documents\\katalon\\VPS-Katalon\\Reports\\20240828_190627\\QA\\IWP2.5\\QA_IWP2.5_Regression\\20240828_190627\\1724857218138.png]]

28-08-2024T20:30:50 - [MESSAGE][INFO] - Unable to find the element located by 'By.xpath: //input[@type = 'text' and @name = 'user_defined3']'. Please recheck the objects properties to make sure the desired element is located. 

28-08-2024T20:30:50 - [MESSAGE][WARNING] - [SELF-HEALING] Failed to find element with id 'Object Repository/IWP30/Page_VRelay30Emulator/UDF3'. Try using Self-healing.

28-08-2024T20:30:51 - [MESSAGE][INFO] - Unable to find the element located by 'By.xpath: //input[@name='user_defined3']'. Please recheck the objects properties to make sure the desired element is located. 

28-08-2024T20:30:51 - [MESSAGE][INFO] - [SELF-HEALING] Failed Locator: '//input[@name='user_defined3']'.

28-08-2024T20:30:52 - [MESSAGE][INFO] - [SELF-HEALING] Failed Locator: '(.//*[normalize-space(text()) and normalize-space(.)='User Defined Field 3'])[1]/following::input[1]'.

28-08-2024T20:30:52 - [MESSAGE][INFO] - [SELF-HEALING] Failed Locator: '(.//*[normalize-space(text()) and normalize-space(.)='User Defined Field 2'])[1]/following::input[2]'.

28-08-2024T20:30:53 - [MESSAGE][INFO] - [SELF-HEALING] Failed Locator: '(.//*[normalize-space(text()) and normalize-space(.)='User Defined Field 4'])[1]/preceding::input[1]'.

28-08-2024T20:30:53 - [MESSAGE][INFO] - [SELF-HEALING] Failed Locator: '(.//*[normalize-space(text()) and normalize-space(.)='User Defined Field 5'])[1]/preceding::input[2]'.

28-08-2024T20:30:53 - [MESSAGE][INFO] - [SELF-HEALING] Failed Locator: '//tr[22]/td[2]/input'.

28-08-2024T20:30:54 - [MESSAGE][WARNING] - [SELF-HEALING] Cannot find elements when the selector is null

28-08-2024T20:30:54 - [MESSAGE][FAILED] - Unable to set text 'udf data 3' of object 'Object Repository/IWP30/Page_VRelay30Emulator/UDF3' (Root cause: com.kms.katalon.core.exception.StepFailedException: Unable to set text 'udf data 3' of object 'Object Repository/IWP30/Page_VRelay30Emulator/UDF3'
	at com.kms.katalon.core.webui.keyword.internal.WebUIKeywordMain.stepFailed(WebUIKeywordMain.groovy:64)
	at com.kms.katalon.core.webui.keyword.internal.WebUIKeywordMain.runKeyword(WebUIKeywordMain.groovy:26)
	at com.kms.katalon.core.webui.keyword.builtin.SetTextKeyword.setText(SetTextKeyword.groovy:85)
	at com.kms.katalon.core.webui.keyword.builtin.SetTextKeyword.execute(SetTextKeyword.groovy:39)
	at com.kms.katalon.core.keyword.internal.KeywordExecutor.executeKeywordForPlatform(KeywordExecutor.groovy:74)
	at com.kms.katalon.core.webui.keyword.WebUiBuiltInKeywords.setText(WebUiBuiltInKeywords.groovy:1019)
	at iwpPages.emulatorIWP30.setDataEmulator_DD(emulatorIWP30.groovy:431)
	at jdk.internal.reflect.GeneratedMethodAccessor37.invoke(Unknown Source)
	at java.base/jdk.internal.reflect.DelegatingMethodAccessorImpl.invoke(DelegatingMethodAccessorImpl.java:43)
	at com.kms.katalon.core.main.CustomKeywordDelegatingMetaClass.invokeStaticMethod(CustomKeywordDelegatingMetaClass.java:55)
	at OverAndUnderPayPC.run(OverAndUnderPayPC:63)
	at com.kms.katalon.core.main.ScriptEngine.run(ScriptEngine.java:194)
	at com.kms.katalon.core.main.ScriptEngine.runScriptAsRawText(ScriptEngine.java:119)
	at com.kms.katalon.core.main.TestCaseExecutor.runScript(TestCaseExecutor.java:448)
	at com.kms.katalon.core.main.TestCaseExecutor.doExecute(TestCaseExecutor.java:439)
	at com.kms.katalon.core.main.TestCaseExecutor.processExecutionPhase(TestCaseExecutor.java:418)
	at com.kms.katalon.core.main.TestCaseExecutor.accessMainPhase(TestCaseExecutor.java:410)
	at com.kms.katalon.core.main.TestCaseExecutor.execute(TestCaseExecutor.java:285)
	at com.kms.katalon.core.common.CommonExecutor.accessTestCaseMainPhase(CommonExecutor.java:65)
	at com.kms.katalon.core.main.TestSuiteExecutor.accessTestSuiteMainPhase(TestSuiteExecutor.java:150)
	at com.kms.katalon.core.main.TestSuiteExecutor.execute(TestSuiteExecutor.java:106)
	at com.kms.katalon.core.main.TestCaseMain.startTestSuite(TestCaseMain.java:180)
	at TempTestSuite1724852187713.run(TempTestSuite1724852187713.groovy:35)
	at java.base/jdk.internal.reflect.NativeMethodAccessorImpl.invoke0(Native Method)
	at java.base/jdk.internal.reflect.NativeMethodAccessorImpl.invoke(NativeMethodAccessorImpl.java:77)
	at java.base/jdk.internal.reflect.DelegatingMethodAccessorImpl.invoke(DelegatingMethodAccessorImpl.java:43)
Caused by: com.kms.katalon.core.webui.exception.WebElementNotFoundException: Web element with id: 'Object Repository/IWP30/Page_VRelay30Emulator/UDF3' located by '//input[@type = 'text' and @name = 'user_defined3']' not found
	at com.kms.katalon.core.webui.common.WebUiCommonHelper.findWebElement(WebUiCommonHelper.java:1426)
	at com.kms.katalon.core.webui.keyword.internal.WebUIAbstractKeyword.findWebElement(WebUIAbstractKeyword.groovy:27)
	at com.kms.katalon.core.webui.keyword.internal.WebUIAbstractKeyword.findWebElement(WebUIAbstractKeyword.groovy:26)
	at com.kms.katalon.core.webui.keyword.builtin.SetTextKeyword$_setText_closure1.doCall(SetTextKeyword.groovy:53)
	at com.kms.katalon.core.webui.keyword.builtin.SetTextKeyword$_setText_closure1.call(SetTextKeyword.groovy)
	at com.kms.katalon.core.webui.keyword.internal.WebUIKeywordMain.runKeyword(WebUIKeywordMain.groovy:20)
	at com.kms.katalon.core.webui.keyword.builtin.SetTextKeyword.setText(SetTextKeyword.groovy:85)
	at com.kms.katalon.core.webui.keyword.builtin.SetTextKeyword.execute(SetTextKeyword.groovy:39)
	at com.kms.katalon.core.keyword.internal.KeywordExecutor.executeKeywordForPlatform(KeywordExecutor.groovy:74)
	at com.kms.katalon.core.webui.keyword.WebUiBuiltInKeywords.setText(WebUiBuiltInKeywords.groovy:1019)
	at iwpPages.emulatorIWP30.setDataEmulator_DD(emulatorIWP30.groovy:431)
	at jdk.internal.reflect.GeneratedMethodAccessor37.invoke(Unknown Source)
	at java.base/jdk.internal.reflect.DelegatingMethodAccessorImpl.invoke(DelegatingMethodAccessorImpl.java:43)
	at com.kms.katalon.core.main.CustomKeywordDelegatingMetaClass.invokeStaticMethod(CustomKeywordDelegatingMetaClass.java:55)
	at Script1724429530114.run(Script1724429530114.groovy:63)
	... 15 more
)
[[ATTACHMENT|C:\\Users\\t476046\\Documents\\katalon\\VPS-Katalon\\Reports\\20240828_190627\\QA\\IWP2.5\\QA_IWP2.5_Regression\\20240828_190627\\1724857254580.png]]

28-08-2024T20:31:00 - [MESSAGE][PASSED] - Text 'udf data 4' is set on object 'Object Repository/IWP30/Page_VRelay30Emulator/UDF4'

28-08-2024T20:31:01 - [MESSAGE][PASSED] - Text 'udf data 5' is set on object 'Object Repository/IWP30/Page_VRelay30Emulator/UDF5'

28-08-2024T20:31:01 - [MESSAGE][PASSED] - Text 'udf data 6' is set on object 'Object Repository/IWP30/Page_VRelay30Emulator/UDF6'

28-08-2024T20:31:02 - [MESSAGE][PASSED] - Text 'Orange' is set on object 'Object Repository/IWP30/Page_VRelay30Emulator/UDF7'

28-08-2024T20:31:02 - [MESSAGE][PASSED] - Text 'Soccer' is set on object 'Object Repository/IWP30/Page_VRelay30Emulator/UDF8'

28-08-2024T20:31:03 - [MESSAGE][PASSED] - Text 'udf data 9' is set on object 'Object Repository/IWP30/Page_VRelay30Emulator/UDF9'

28-08-2024T20:31:06 - [MESSAGE][PASSED] - Text 'udf data 10' is set on object 'Object Repository/IWP30/Page_VRelay30Emulator/UDF10'

28-08-2024T20:31:07 - [MESSAGE][PASSED] - Object: 'Object Repository/IWP30/Page_VRelay30Emulator/Submit' is clicked on

28-08-2024T20:31:14 - [MESSAGE][PASSED] - Browser is closed

28-08-2024T20:31:19 - [MESSAGE][FAILED] - com.kms.katalon.core.exception.StepFailedException: Unable to select option by value '2.5' of object 'Object Repository/IWP30/Page_VRelay30Emulator/MV'  using regular expression (Root cause: com.kms.katalon.core.exception.StepFailedException: Unable to select option by value '2.5' of object 'Object Repository/IWP30/Page_VRelay30Emulator/MV'  using regular expression
	at com.kms.katalon.core.webui.keyword.internal.WebUIKeywordMain.stepFailed(WebUIKeywordMain.groovy:64)
	at com.kms.katalon.core.webui.keyword.internal.WebUIKeywordMain.runKeyword(WebUIKeywordMain.groovy:26)
	at com.kms.katalon.core.webui.keyword.builtin.SelectOptionByValueKeyword.selectOptionByValue(SelectOptionByValueKeyword.groovy:99)
	at com.kms.katalon.core.webui.keyword.builtin.SelectOptionByValueKeyword.execute(SelectOptionByValueKeyword.groovy:71)
	at com.kms.katalon.core.keyword.internal.KeywordExecutor.executeKeywordForPlatform(KeywordExecutor.groovy:74)
	at com.kms.katalon.core.webui.keyword.WebUiBuiltInKeywords.selectOptionByValue(WebUiBuiltInKeywords.groovy:1207)
	at iwpPages.emulatorIWP30.setDataEmulator_DD(emulatorIWP30.groovy:411)
	at jdk.internal.reflect.GeneratedMethodAccessor37.invoke(Unknown Source)
	at java.base/jdk.internal.reflect.DelegatingMethodAccessorImpl.invoke(DelegatingMethodAccessorImpl.java:43)
	at com.kms.katalon.core.main.CustomKeywordDelegatingMetaClass.invokeStaticMethod(CustomKeywordDelegatingMetaClass.java:55)
	at OverAndUnderPayPC.run(OverAndUnderPayPC:63)
	at com.kms.katalon.core.main.ScriptEngine.run(ScriptEngine.java:194)
	at com.kms.katalon.core.main.ScriptEngine.runScriptAsRawText(ScriptEngine.java:119)
	at com.kms.katalon.core.main.TestCaseExecutor.runScript(TestCaseExecutor.java:448)
	at com.kms.katalon.core.main.TestCaseExecutor.doExecute(TestCaseExecutor.java:439)
	at com.kms.katalon.core.main.TestCaseExecutor.processExecutionPhase(TestCaseExecutor.java:418)
	at com.kms.katalon.core.main.TestCaseExecutor.accessMainPhase(TestCaseExecutor.java:410)
	at com.kms.katalon.core.main.TestCaseExecutor.execute(TestCaseExecutor.java:285)
	at com.kms.katalon.core.common.CommonExecutor.accessTestCaseMainPhase(CommonExecutor.java:65)
	at com.kms.katalon.core.main.TestSuiteExecutor.accessTestSuiteMainPhase(TestSuiteExecutor.java:150)
	at com.kms.katalon.core.main.TestSuiteExecutor.execute(TestSuiteExecutor.java:106)
	at com.kms.katalon.core.main.TestCaseMain.startTestSuite(TestCaseMain.java:180)
	at TempTestSuite1724852187713.run(TempTestSuite1724852187713.groovy:35)
	at java.base/jdk.internal.reflect.NativeMethodAccessorImpl.invoke0(Native Method)
	at java.base/jdk.internal.reflect.NativeMethodAccessorImpl.invoke(NativeMethodAccessorImpl.java:77)
	at java.base/jdk.internal.reflect.DelegatingMethodAccessorImpl.invoke(DelegatingMethodAccessorImpl.java:43)
Caused by: com.kms.katalon.core.webui.exception.WebElementNotFoundException: Web element with id: 'Object Repository/IWP30/Page_VRelay30Emulator/MV' located by '//select[@name='message_version']' not found
	at com.kms.katalon.core.webui.common.WebUiCommonHelper.findWebElement(WebUiCommonHelper.java:1426)
	at com.kms.katalon.core.webui.keyword.internal.WebUIAbstractKeyword.findWebElement(WebUIAbstractKeyword.groovy:27)
	at com.kms.katalon.core.webui.keyword.internal.WebUIAbstractKeyword.findWebElement(WebUIAbstractKeyword.groovy:26)
	at com.kms.katalon.core.webui.keyword.builtin.SelectOptionByValueKeyword$_selectOptionByValue_closure1.doCall(SelectOptionByValueKeyword.groovy:86)
	at com.kms.katalon.core.webui.keyword.builtin.SelectOptionByValueKeyword$_selectOptionByValue_closure1.call(SelectOptionByValueKeyword.groovy)
	at com.kms.katalon.core.webui.keyword.internal.WebUIKeywordMain.runKeyword(WebUIKeywordMain.groovy:20)
	at com.kms.katalon.core.webui.keyword.builtin.SelectOptionByValueKeyword.selectOptionByValue(SelectOptionByValueKeyword.groovy:99)
	at com.kms.katalon.core.webui.keyword.builtin.SelectOptionByValueKeyword.execute(SelectOptionByValueKeyword.groovy:71)
	at com.kms.katalon.core.keyword.internal.KeywordExecutor.executeKeywordForPlatform(KeywordExecutor.groovy:74)
	at com.kms.katalon.core.webui.keyword.WebUiBuiltInKeywords.selectOptionByValue(WebUiBuiltInKeywords.groovy:1207)
	at iwpPages.emulatorIWP30.setDataEmulator_DD(emulatorIWP30.groovy:411)
	at jdk.internal.reflect.GeneratedMethodAccessor37.invoke(Unknown Source)
	at java.base/jdk.internal.reflect.DelegatingMethodAccessorImpl.invoke(DelegatingMethodAccessorImpl.java:43)
	at com.kms.katalon.core.main.CustomKeywordDelegatingMetaClass.invokeStaticMethod(CustomKeywordDelegatingMetaClass.java:55)
	at Script1724429530114.run(Script1724429530114.groovy:63)
	... 15 more
)

28-08-2024T20:31:19 - [TEST_STEP][PASSED] - testHarnessURL = urlTestHarness: null

28-08-2024T20:31:20 - [TEST_STEP][PASSED] - openBrowser(testHarnessURL): Browser is opened with url: 'https://dev-algorithm.govolution.com/vrelaytest/QA2/version_2_2/vrelaytest.html'

28-08-2024T20:31:20 - [MESSAGE][INFO] - Starting 'Edge Chromium' driver

28-08-2024T20:31:20 - [MESSAGE][INFO] - User set preference: ['acceptInsecureCerts', 'true']

28-08-2024T20:31:22 - [MESSAGE][INFO] - Action delay is set to 0 milliseconds

28-08-2024T20:31:27 - [MESSAGE][PASSED] - Browser is opened with url: 'https://dev-algorithm.govolution.com/vrelaytest/QA2/version_2_2/vrelaytest.html'

28-08-2024T20:31:27 - [TEST_STEP][PASSED] - maximizeWindow(): Current window maximized

28-08-2024T20:31:28 - [MESSAGE][PASSED] - Current window maximized

28-08-2024T20:31:28 - [TEST_STEP][PASSED] - iwpPages.TestHarnessPage.setDataMethod(row, dataFile): iwpPages.TestHarnessPage.setDataMethod is PASSED

28-08-2024T20:31:28 - [MESSAGE][PASSED] - Object 'Object Repository/IWP30/Page_QATestHarness/RemittanceID' is present

28-08-2024T20:31:29 - [MESSAGE][PASSED] - Text '638' is set on object 'Object Repository/IWP30/Page_QATestHarness/ApplicationID'

28-08-2024T20:31:29 - [MESSAGE][PASSED] - Text '2.5' is set on object 'Object Repository/IWP30/Page_QATestHarness/MessageVersion'

28-08-2024T20:31:30 - [MESSAGE][PASSED] - Text 'APjVSviIORMO' is set on object 'Object Repository/IWP30/Page_QATestHarness/RemittanceID'

28-08-2024T20:31:36 - [MESSAGE][PASSED] - Object: 'Object Repository/IWP30/Page_QATestHarness/SubmitButton' is clicked on

28-08-2024T20:31:36 - [MESSAGE][PASSED] - iwpPages.TestHarnessPage.setDataMethod is PASSED

28-08-2024T20:31:36 - [TEST_STEP][PASSED] - click(findTestObject("Object Repository/IWP30/Page_SelectPaymentMethod/PayByPersonalCheck")): Object: 'Object Repository/IWP30/Page_SelectPaymentMethod/PayByPersonalCheck' is clicked on

28-08-2024T20:31:37 - [MESSAGE][PASSED] - Object: 'Object Repository/IWP30/Page_SelectPaymentMethod/PayByPersonalCheck' is clicked on

28-08-2024T20:31:37 - [TEST_STEP][PASSED] - click(findTestObject("Object Repository/IWP30/Page_SelectPaymentMethod/MakePaymentButton")): Object: 'Object Repository/IWP30/Page_SelectPaymentMethod/MakePaymentButton' is clicked on

28-08-2024T20:31:41 - [MESSAGE][PASSED] - Object: 'Object Repository/IWP30/Page_SelectPaymentMethod/MakePaymentButton' is clicked on

28-08-2024T20:31:41 - [TEST_STEP][PASSED] - iwpPages.achPersonalPaymentEntryPage.setDataACHPPM(row, dataFile): iwpPages.achPersonalPaymentEntryPage.setDataACHPPM is PASSED

28-08-2024T20:31:43 - [MESSAGE][PASSED] - Object 'Object Repository/IWP30/Page_ACHPersonalPaymentEntry/txt_accountNumber' is present

28-08-2024T20:31:43 - [MESSAGE][PASSED] - Text '9.50' is set on object 'Object Repository/IWP30/Page_ACHPersonalPaymentEntry/txt_Amount'

28-08-2024T20:31:43 - [MESSAGE][PASSED] - Object 'Object Repository/IWP30/Page_ACHPersonalPaymentEntry/txt_UDF2' is present

28-08-2024T20:31:44 - [MESSAGE][PASSED] - All options with label 'Soccer' are selected in object 'Object Repository/IWP30/Page_ACHPersonalPaymentEntry/dd_UDF8' 

28-08-2024T20:31:44 - [MESSAGE][PASSED] - Object 'Object Repository/IWP30/Page_ACHPersonalPaymentEntry/txt_Firstname' is present

28-08-2024T20:31:47 - [MESSAGE][PASSED] - Text 'Elizath' is set on object 'Object Repository/IWP30/Page_ACHPersonalPaymentEntry/txt_Firstname'

28-08-2024T20:31:47 - [MESSAGE][PASSED] - Object 'Object Repository/IWP30/Page_ACHPersonalPaymentEntry/txt_Lastname' is present

28-08-2024T20:31:48 - [MESSAGE][PASSED] - Text 'Christine' is set on object 'Object Repository/IWP30/Page_ACHPersonalPaymentEntry/txt_Lastname'

28-08-2024T20:31:48 - [MESSAGE][PASSED] - Object 'Object Repository/IWP30/Page_ACHPersonalPaymentEntry/txt_routingNumber' is present

28-08-2024T20:31:49 - [MESSAGE][PASSED] - Text '256072691' is set on object 'Object Repository/IWP30/Page_ACHPersonalPaymentEntry/txt_routingNumber'

28-08-2024T20:31:50 - [MESSAGE][PASSED] - Object 'Object Repository/IWP30/Page_ACHPersonalPaymentEntry/txt_accountNumber' is present

28-08-2024T20:31:54 - [MESSAGE][PASSED] - Text '12344444' is set on object 'Object Repository/IWP30/Page_ACHPersonalPaymentEntry/txt_accountNumber'

28-08-2024T20:31:54 - [MESSAGE][PASSED] - Object 'Object Repository/IWP30/Page_ACHPersonalPaymentEntry/txt_confirmAccountNumber' is present

28-08-2024T20:31:55 - [MESSAGE][PASSED] - Text '12344444' is set on object 'Object Repository/IWP30/Page_ACHPersonalPaymentEntry/txt_confirmAccountNumber'

28-08-2024T20:31:56 - [MESSAGE][PASSED] - Object 'Object Repository/IWP30/Page_ACHPersonalPaymentEntry/rd_accountType' is present

28-08-2024T20:31:56 - [MESSAGE][PASSED] - Modify property of object successfully

28-08-2024T20:31:56 - [MESSAGE][PASSED] - Object: 'Object Repository/IWP30/Page_ACHPersonalPaymentEntry/rd_accountType' is clicked on

28-08-2024T20:31:56 - [MESSAGE][PASSED] - Object 'Object Repository/IWP30/Page_ACHPersonalPaymentEntry/txt_Email' is present

28-08-2024T20:31:56 - [MESSAGE][PASSED] - Object 'Object Repository/IWP30/Page_ACHPersonalPaymentEntry/cb_TermsAndCond' is present

28-08-2024T20:31:57 - [MESSAGE][PASSED] - Object: 'Object Repository/IWP30/Page_ACHPersonalPaymentEntry/cb_TermsAndCond' is clicked on

28-08-2024T20:31:57 - [MESSAGE][PASSED] - Object 'Object Repository/IWP30/Page_ACHPersonalPaymentEntry/btn_Continue' is present

28-08-2024T20:32:01 - [MESSAGE][PASSED] - Object: 'Object Repository/IWP30/Page_ACHPersonalPaymentEntry/btn_Continue' is clicked on

28-08-2024T20:32:01 - [MESSAGE][PASSED] - iwpPages.achPersonalPaymentEntryPage.setDataACHPPM is PASSED

28-08-2024T20:32:01 - [TEST_STEP][PASSED] - click(findTestObject("Object Repository/IWP30/Page_Confirmation/ConfirmButton")): Object: 'Object Repository/IWP30/Page_Confirmation/ConfirmButton' is clicked on

28-08-2024T20:32:03 - [MESSAGE][PASSED] - Object: 'Object Repository/IWP30/Page_Confirmation/ConfirmButton' is clicked on

28-08-2024T20:32:03 - [TEST_STEP][PASSED] - Thread.sleep(10000): null

28-08-2024T20:32:13 - [TEST_STEP][PASSED] - if (verifyTextPresent("Successful Payment Receipt", false)): null

28-08-2024T20:32:14 - [MESSAGE][PASSED] - Text 'Successful Payment Receipt' is present on page 

28-08-2024T20:32:14 - [TEST_STEP][PASSED] - println("Successful Payment Receipt text is present on the Receipt page"): null

28-08-2024T20:32:14 - [TEST_STEP][PASSED] - markPassed("Successful Payment Receipt text is present on the Receipt page"): Successful Payment Receipt text is present on the Receipt page

28-08-2024T20:32:14 - [MESSAGE][PASSED] - Successful Payment Receipt text is present on the Receipt page

28-08-2024T20:32:14 - [TEST_STEP][PASSED] - resText = "Pass": null

28-08-2024T20:32:14 - [TEST_STEP][PASSED] - pages.WriteExcel.demoKey(resText, datText, resColumn, datCloumn, fileLoc, nameSheet, row): pages.WriteExcel.demoKey is PASSED

28-08-2024T20:32:14 - [MESSAGE][PASSED] - pages.WriteExcel.demoKey is PASSED

28-08-2024T20:32:14 - [TEST_STEP][PASSED] - closeBrowser(): Browser is closed

28-08-2024T20:32:15 - [MESSAGE][PASSED] - Browser is closed]]></system-out>
         <system-err><![CDATA[28-08-2024T20:16:28 - [TEST_CASE][FAILED] - Test Cases/IntegratedWeb/IWP25/Payments/OverAndUnderPayPC: Test Cases/IntegratedWeb/IWP25/Payments/OverAndUnderPayPC FAILED.
Reason:
com.kms.katalon.core.exception.StepFailedException: Text 'Successful Payment Receipt' is not present on page  (Root cause: com.kms.katalon.core.exception.StepFailedException: Text 'Successful Payment Receipt' is not present on page 
	at com.kms.katalon.core.webui.keyword.internal.WebUIKeywordMain.stepFailed(WebUIKeywordMain.groovy:64)
	at com.kms.katalon.core.webui.keyword.builtin.VerifyTextPresentKeyword$_verifyTextPresent_closure1.doCall(VerifyTextPresentKeyword.groovy:79)
	at com.kms.katalon.core.webui.keyword.builtin.VerifyTextPresentKeyword$_verifyTextPresent_closure1.call(VerifyTextPresentKeyword.groovy)
	at com.kms.katalon.core.webui.keyword.internal.WebUIKeywordMain.runKeyword(WebUIKeywordMain.groovy:20)
	at com.kms.katalon.core.webui.keyword.builtin.VerifyTextPresentKeyword.verifyTextPresent(VerifyTextPresentKeyword.groovy:83)
	at com.kms.katalon.core.webui.keyword.builtin.VerifyTextPresentKeyword.execute(VerifyTextPresentKeyword.groovy:68)
	at com.kms.katalon.core.keyword.internal.KeywordExecutor.executeKeywordForPlatform(KeywordExecutor.groovy:74)
	at com.kms.katalon.core.webui.keyword.WebUiBuiltInKeywords.verifyTextPresent(WebUiBuiltInKeywords.groovy:1762)
	at OverAndUnderPayPC.run(OverAndUnderPayPC:89)
	at com.kms.katalon.core.main.ScriptEngine.run(ScriptEngine.java:194)
	at com.kms.katalon.core.main.ScriptEngine.runScriptAsRawText(ScriptEngine.java:119)
	at com.kms.katalon.core.main.TestCaseExecutor.runScript(TestCaseExecutor.java:448)
	at com.kms.katalon.core.main.TestCaseExecutor.doExecute(TestCaseExecutor.java:439)
	at com.kms.katalon.core.main.TestCaseExecutor.processExecutionPhase(TestCaseExecutor.java:418)
	at com.kms.katalon.core.main.TestCaseExecutor.accessMainPhase(TestCaseExecutor.java:410)
	at com.kms.katalon.core.main.TestCaseExecutor.execute(TestCaseExecutor.java:285)
	at com.kms.katalon.core.common.CommonExecutor.accessTestCaseMainPhase(CommonExecutor.java:65)
	at com.kms.katalon.core.main.TestSuiteExecutor.accessTestSuiteMainPhase(TestSuiteExecutor.java:150)
	at com.kms.katalon.core.main.TestSuiteExecutor.execute(TestSuiteExecutor.java:106)
	at com.kms.katalon.core.main.TestCaseMain.startTestSuite(TestCaseMain.java:180)
	at TempTestSuite1724852187713.run(TempTestSuite1724852187713.groovy:35)
	at java.base/jdk.internal.reflect.NativeMethodAccessorImpl.invoke0(Native Method)
	at java.base/jdk.internal.reflect.NativeMethodAccessorImpl.invoke(NativeMethodAccessorImpl.java:77)
	at java.base/jdk.internal.reflect.DelegatingMethodAccessorImpl.invoke(DelegatingMethodAccessorImpl.java:43)
)
	at com.kms.katalon.core.keyword.internal.KeywordMain.stepFailed(KeywordMain.groovy:39)
	at com.kms.katalon.core.webui.keyword.internal.WebUIKeywordMain.stepFailed(WebUIKeywordMain.groovy:64)
	at com.kms.katalon.core.webui.keyword.builtin.VerifyTextPresentKeyword$_verifyTextPresent_closure1.doCall(VerifyTextPresentKeyword.groovy:79)
	at com.kms.katalon.core.webui.keyword.builtin.VerifyTextPresentKeyword$_verifyTextPresent_closure1.call(VerifyTextPresentKeyword.groovy)
	at com.kms.katalon.core.webui.keyword.internal.WebUIKeywordMain.runKeyword(WebUIKeywordMain.groovy:20)
	at com.kms.katalon.core.webui.keyword.builtin.VerifyTextPresentKeyword.verifyTextPresent(VerifyTextPresentKeyword.groovy:83)
	at com.kms.katalon.core.webui.keyword.builtin.VerifyTextPresentKeyword.execute(VerifyTextPresentKeyword.groovy:68)
	at com.kms.katalon.core.keyword.internal.KeywordExecutor.executeKeywordForPlatform(KeywordExecutor.groovy:74)
	at com.kms.katalon.core.webui.keyword.WebUiBuiltInKeywords.verifyTextPresent(WebUiBuiltInKeywords.groovy:1762)
	at OverAndUnderPayPC.run(OverAndUnderPayPC:89)
	at com.kms.katalon.core.main.ScriptEngine.run(ScriptEngine.java:194)
	at com.kms.katalon.core.main.ScriptEngine.runScriptAsRawText(ScriptEngine.java:119)
	at com.kms.katalon.core.main.TestCaseExecutor.runScript(TestCaseExecutor.java:448)
	at com.kms.katalon.core.main.TestCaseExecutor.doExecute(TestCaseExecutor.java:439)
	at com.kms.katalon.core.main.TestCaseExecutor.processExecutionPhase(TestCaseExecutor.java:418)
	at com.kms.katalon.core.main.TestCaseExecutor.accessMainPhase(TestCaseExecutor.java:410)
	at com.kms.katalon.core.main.TestCaseExecutor.execute(TestCaseExecutor.java:285)
	at com.kms.katalon.core.common.CommonExecutor.accessTestCaseMainPhase(CommonExecutor.java:65)
	at com.kms.katalon.core.main.TestSuiteExecutor.accessTestSuiteMainPhase(TestSuiteExecutor.java:150)
	at com.kms.katalon.core.main.TestSuiteExecutor.execute(TestSuiteExecutor.java:106)
	at com.kms.katalon.core.main.TestCaseMain.startTestSuite(TestCaseMain.java:180)
	at TempTestSuite1724852187713.run(TempTestSuite1724852187713.groovy:35)
	at java.base/jdk.internal.reflect.NativeMethodAccessorImpl.invoke0(Native Method)
	at java.base/jdk.internal.reflect.NativeMethodAccessorImpl.invoke(NativeMethodAccessorImpl.java:77)
	at java.base/jdk.internal.reflect.DelegatingMethodAccessorImpl.invoke(DelegatingMethodAccessorImpl.java:43)
Caused by: com.kms.katalon.core.exception.StepFailedException: Text 'Successful Payment Receipt' is not present on page 
	... 24 more]]></system-err>
      </testcase>
      <testcase name="Test Cases/IntegratedWeb/IWP25/Payments/OverAndUnderPayPS" time="182.064" classname="Test Cases/IntegratedWeb/IWP25/Payments/OverAndUnderPayPS" status="PASSED">
         <system-out><![CDATA[28-08-2024T20:32:15 - [TEST_CASE][PASSED] - Test Cases/IntegratedWeb/IWP25/Payments/OverAndUnderPayPS: Test Cases/IntegratedWeb/IWP25/Payments/OverAndUnderPayPS

28-08-2024T20:32:15 - [TEST_STEP][PASSED] - resText = "Fail": null

28-08-2024T20:32:15 - [TEST_STEP][PASSED] - resColumn = "Result": null

28-08-2024T20:32:15 - [TEST_STEP][PASSED] - datCloumn = "Date": null

28-08-2024T20:32:15 - [TEST_STEP][PASSED] - fileLoc = "KatalonData/IWPTestData/VRelay25Payments.xlsx": null

28-08-2024T20:32:15 - [TEST_STEP][PASSED] - numOfRows = <not implemented yet for class: org.codehaus.groovy.ast.expr.EmptyExpression>: null

28-08-2024T20:32:15 - [TEST_STEP][PASSED] - dataFile = <not implemented yet for class: org.codehaus.groovy.ast.expr.EmptyExpression>: null

28-08-2024T20:32:15 - [TEST_STEP][PASSED] - nameSheet = <not implemented yet for class: org.codehaus.groovy.ast.expr.EmptyExpression>: null

28-08-2024T20:32:15 - [TEST_STEP][PASSED] - dataFileEmulator = <not implemented yet for class: org.codehaus.groovy.ast.expr.EmptyExpression>: null

28-08-2024T20:32:15 - [TEST_STEP][PASSED] - isRequiredTextPresent = false: null

28-08-2024T20:32:15 - [TEST_STEP][PASSED] - nameSheet = "OverAndUnderPayPS": null

28-08-2024T20:32:15 - [TEST_STEP][PASSED] - dataFile = "IWPTestData/IWP25OverAndUnderPayPS": null

28-08-2024T20:32:15 - [TEST_STEP][PASSED] - dataFileEmulator = "IWPTestData/EmulatorData": null

28-08-2024T20:32:15 - [TEST_STEP][PASSED] - numOfRows = findTestData(dataFile).getRowNumbers(): null

28-08-2024T20:32:15 - [TEST_STEP][PASSED] - println("Number of Records: " + numOfRows): null

28-08-2024T20:32:15 - [TEST_STEP][PASSED] - for ([row = 1, row <= numOfRows, (row++)]): Browser is closed

28-08-2024T20:32:15 - [TEST_STEP][PASSED] - ExecuteTC = findTestData(dataFile).getValue("Execute", row): null

28-08-2024T20:32:15 - [TEST_STEP][PASSED] - out.println("Value of Execute is : " + ExecuteTC): null

28-08-2024T20:32:15 - [TEST_STEP][PASSED] - if (ExecuteTC.equalsIgnoreCase("Y")): null

28-08-2024T20:32:15 - [TEST_STEP][PASSED] - out.println("Begin Record Number: " + row): null

28-08-2024T20:32:15 - [TEST_STEP][PASSED] - today = new java.util.Date(): null

28-08-2024T20:32:15 - [TEST_STEP][PASSED] - println(today): null

28-08-2024T20:32:15 - [TEST_STEP][PASSED] - datText = today: null

28-08-2024T20:32:15 - [TEST_STEP][PASSED] - EmulatorDataKey = findTestData(dataFile).getValue("EmulatorData", row): null

28-08-2024T20:32:15 - [TEST_STEP][PASSED] - out.println("Value of Emulator Key is : " + EmulatorDataKey): null

28-08-2024T20:32:15 - [TEST_STEP][PASSED] - iwpPages.emulatorIWP30.setDataEmulator_DD(EmulatorDataKey): iwpPages.emulatorIWP30.setDataEmulator_DD is PASSED

28-08-2024T20:32:16 - [MESSAGE][INFO] - Starting 'Edge Chromium' driver

28-08-2024T20:32:16 - [MESSAGE][INFO] - User set preference: ['acceptInsecureCerts', 'true']

28-08-2024T20:32:18 - [MESSAGE][INFO] - Action delay is set to 0 milliseconds

28-08-2024T20:32:24 - [MESSAGE][PASSED] - Browser is opened with url: 'https://qa2.velocitypayment.com/agency/config.do?action=editor&message_version=2_5'

28-08-2024T20:32:24 - [MESSAGE][PASSED] - Current window maximized

28-08-2024T20:32:25 - [MESSAGE][PASSED] - All options with value '2.5' are selected in object 'Object Repository/IWP30/Page_VRelay30Emulator/MV'  using regular expression

28-08-2024T20:32:28 - [MESSAGE][PASSED] - Text '10.50' is set on object 'Object Repository/IWP30/Page_VRelay30Emulator/Amount'

28-08-2024T20:32:28 - [MESSAGE][PASSED] - Text '26413255' is set on object 'Object Repository/IWP30/Page_VRelay30Emulator/CAN'

28-08-2024T20:32:29 - [MESSAGE][PASSED] - Text 'PayNow' is set on object 'Object Repository/IWP30/Page_VRelay30Emulator/Action'

28-08-2024T20:32:30 - [MESSAGE][PASSED] - Text 'en_US' is set on object 'Object Repository/IWP30/Page_VRelay30Emulator/Lang'

28-08-2024T20:32:30 - [MESSAGE][PASSED] - Text 'Jasmine' is set on object 'Object Repository/IWP30/Page_VRelay30Emulator/Fname'

28-08-2024T20:32:31 - [MESSAGE][PASSED] - Text 'Patrinol' is set on object 'Object Repository/IWP30/Page_VRelay30Emulator/Lname'

28-08-2024T20:32:32 - [MESSAGE][PASSED] - Text '258 Underwood rd' is set on object 'Object Repository/IWP30/Page_VRelay30Emulator/AL1'

28-08-2024T20:32:35 - [MESSAGE][PASSED] - Text 'Suite 600' is set on object 'Object Repository/IWP30/Page_VRelay30Emulator/AL2'

28-08-2024T20:32:36 - [MESSAGE][PASSED] - Text '840' is set on object 'Object Repository/IWP30/Page_VRelay30Emulator/Country'

28-08-2024T20:32:36 - [MESSAGE][PASSED] - Text 'Arlington' is set on object 'Object Repository/IWP30/Page_VRelay30Emulator/City'

28-08-2024T20:32:37 - [MESSAGE][PASSED] - Text 'VA' is set on object 'Object Repository/IWP30/Page_VRelay30Emulator/State'

28-08-2024T20:32:38 - [MESSAGE][PASSED] - Text '22201' is set on object 'Object Repository/IWP30/Page_VRelay30Emulator/ZIP'

28-08-2024T20:32:38 - [MESSAGE][PASSED] - Text '' is set on object 'Object Repository/IWP30/Page_VRelay30Emulator/Order'

28-08-2024T20:32:40 - [MESSAGE][PASSED] - Text 'Some Company' is set on object 'Object Repository/IWP30/Page_VRelay30Emulator/Company'

28-08-2024T20:32:42 - [MESSAGE][PASSED] - Text 'iahmed@govolution.com' is set on object 'Object Repository/IWP30/Page_VRelay30Emulator/Email'

28-08-2024T20:32:42 - [MESSAGE][PASSED] - Text 'udf data 1' is set on object 'Object Repository/IWP30/Page_VRelay30Emulator/UDF1'

28-08-2024T20:32:43 - [MESSAGE][PASSED] - Text 'udf data 2' is set on object 'Object Repository/IWP30/Page_VRelay30Emulator/UDF2'

28-08-2024T20:32:44 - [MESSAGE][PASSED] - Text 'udf data 3' is set on object 'Object Repository/IWP30/Page_VRelay30Emulator/UDF3'

28-08-2024T20:32:44 - [MESSAGE][PASSED] - Text 'udf data 4' is set on object 'Object Repository/IWP30/Page_VRelay30Emulator/UDF4'

28-08-2024T20:32:45 - [MESSAGE][PASSED] - Text 'udf data 5' is set on object 'Object Repository/IWP30/Page_VRelay30Emulator/UDF5'

28-08-2024T20:32:45 - [MESSAGE][PASSED] - Text 'udf data 6' is set on object 'Object Repository/IWP30/Page_VRelay30Emulator/UDF6'

28-08-2024T20:32:47 - [MESSAGE][PASSED] - Text 'Orange' is set on object 'Object Repository/IWP30/Page_VRelay30Emulator/UDF7'

28-08-2024T20:32:48 - [MESSAGE][PASSED] - Text 'Soccer' is set on object 'Object Repository/IWP30/Page_VRelay30Emulator/UDF8'

28-08-2024T20:32:49 - [MESSAGE][PASSED] - Text 'udf data 9' is set on object 'Object Repository/IWP30/Page_VRelay30Emulator/UDF9'

28-08-2024T20:32:50 - [MESSAGE][PASSED] - Text 'udf data 10' is set on object 'Object Repository/IWP30/Page_VRelay30Emulator/UDF10'

28-08-2024T20:32:51 - [MESSAGE][PASSED] - Object: 'Object Repository/IWP30/Page_VRelay30Emulator/Submit' is clicked on

28-08-2024T20:32:55 - [MESSAGE][PASSED] - Browser is closed

28-08-2024T20:33:00 - [MESSAGE][PASSED] - iwpPages.emulatorIWP30.setDataEmulator_DD is PASSED

28-08-2024T20:33:00 - [TEST_STEP][PASSED] - testHarnessURL = urlTestHarness: null

28-08-2024T20:33:00 - [TEST_STEP][PASSED] - openBrowser(testHarnessURL): Browser is opened with url: 'https://dev-algorithm.govolution.com/vrelaytest/QA2/version_2_2/vrelaytest.html'

28-08-2024T20:33:00 - [MESSAGE][INFO] - Starting 'Edge Chromium' driver

28-08-2024T20:33:00 - [MESSAGE][INFO] - User set preference: ['acceptInsecureCerts', 'true']

28-08-2024T20:33:03 - [MESSAGE][INFO] - Action delay is set to 0 milliseconds

28-08-2024T20:33:10 - [MESSAGE][PASSED] - Browser is opened with url: 'https://dev-algorithm.govolution.com/vrelaytest/QA2/version_2_2/vrelaytest.html'

28-08-2024T20:33:10 - [TEST_STEP][PASSED] - maximizeWindow(): Current window maximized

28-08-2024T20:33:10 - [MESSAGE][PASSED] - Current window maximized

28-08-2024T20:33:10 - [TEST_STEP][PASSED] - iwpPages.TestHarnessPage.setDataMethod(row, dataFile): iwpPages.TestHarnessPage.setDataMethod is PASSED

28-08-2024T20:33:10 - [MESSAGE][PASSED] - Object 'Object Repository/IWP30/Page_QATestHarness/RemittanceID' is present

28-08-2024T20:33:11 - [MESSAGE][PASSED] - Text '638' is set on object 'Object Repository/IWP30/Page_QATestHarness/ApplicationID'

28-08-2024T20:33:11 - [MESSAGE][PASSED] - Text '2.5' is set on object 'Object Repository/IWP30/Page_QATestHarness/MessageVersion'

28-08-2024T20:33:12 - [MESSAGE][PASSED] - Text 'D0ceaEQ65IxG' is set on object 'Object Repository/IWP30/Page_QATestHarness/RemittanceID'

28-08-2024T20:33:17 - [MESSAGE][PASSED] - Object: 'Object Repository/IWP30/Page_QATestHarness/SubmitButton' is clicked on

28-08-2024T20:33:17 - [MESSAGE][PASSED] - iwpPages.TestHarnessPage.setDataMethod is PASSED

28-08-2024T20:33:17 - [TEST_STEP][PASSED] - click(findTestObject("Object Repository/IWP30/Page_SelectPaymentMethod/PayByPersonalCheck")): Object: 'Object Repository/IWP30/Page_SelectPaymentMethod/PayByPersonalCheck' is clicked on

28-08-2024T20:33:17 - [MESSAGE][PASSED] - Object: 'Object Repository/IWP30/Page_SelectPaymentMethod/PayByPersonalCheck' is clicked on

28-08-2024T20:33:17 - [TEST_STEP][PASSED] - click(findTestObject("Object Repository/IWP30/Page_SelectPaymentMethod/MakePaymentButton")): Object: 'Object Repository/IWP30/Page_SelectPaymentMethod/MakePaymentButton' is clicked on

28-08-2024T20:33:21 - [MESSAGE][PASSED] - Object: 'Object Repository/IWP30/Page_SelectPaymentMethod/MakePaymentButton' is clicked on

28-08-2024T20:33:21 - [TEST_STEP][PASSED] - iwpPages.achPersonalPaymentEntryPage.setDataACHPPM(row, dataFile): iwpPages.achPersonalPaymentEntryPage.setDataACHPPM is PASSED

28-08-2024T20:33:23 - [MESSAGE][PASSED] - Object 'Object Repository/IWP30/Page_ACHPersonalPaymentEntry/txt_accountNumber' is present

28-08-2024T20:33:23 - [MESSAGE][PASSED] - Text '11.50' is set on object 'Object Repository/IWP30/Page_ACHPersonalPaymentEntry/txt_Amount'

28-08-2024T20:33:24 - [MESSAGE][PASSED] - Object 'Object Repository/IWP30/Page_ACHPersonalPaymentEntry/txt_UDF2' is present

28-08-2024T20:33:24 - [MESSAGE][PASSED] - All options with label 'Soccer' are selected in object 'Object Repository/IWP30/Page_ACHPersonalPaymentEntry/dd_UDF8' 

28-08-2024T20:33:24 - [MESSAGE][PASSED] - Object 'Object Repository/IWP30/Page_ACHPersonalPaymentEntry/txt_Firstname' is present

28-08-2024T20:33:25 - [MESSAGE][PASSED] - Text 'Elizath' is set on object 'Object Repository/IWP30/Page_ACHPersonalPaymentEntry/txt_Firstname'

28-08-2024T20:33:25 - [MESSAGE][PASSED] - Object 'Object Repository/IWP30/Page_ACHPersonalPaymentEntry/txt_Lastname' is present

28-08-2024T20:33:26 - [MESSAGE][PASSED] - Text 'Christine' is set on object 'Object Repository/IWP30/Page_ACHPersonalPaymentEntry/txt_Lastname'

28-08-2024T20:33:26 - [MESSAGE][PASSED] - Object 'Object Repository/IWP30/Page_ACHPersonalPaymentEntry/txt_routingNumber' is present

28-08-2024T20:33:29 - [MESSAGE][PASSED] - Text '256072691' is set on object 'Object Repository/IWP30/Page_ACHPersonalPaymentEntry/txt_routingNumber'

28-08-2024T20:33:29 - [MESSAGE][PASSED] - Object 'Object Repository/IWP30/Page_ACHPersonalPaymentEntry/txt_accountNumber' is present

28-08-2024T20:33:30 - [MESSAGE][PASSED] - Text '12344444' is set on object 'Object Repository/IWP30/Page_ACHPersonalPaymentEntry/txt_accountNumber'

28-08-2024T20:33:31 - [MESSAGE][PASSED] - Object 'Object Repository/IWP30/Page_ACHPersonalPaymentEntry/txt_confirmAccountNumber' is present

28-08-2024T20:33:31 - [MESSAGE][PASSED] - Text '12344444' is set on object 'Object Repository/IWP30/Page_ACHPersonalPaymentEntry/txt_confirmAccountNumber'

28-08-2024T20:33:32 - [MESSAGE][PASSED] - Object 'Object Repository/IWP30/Page_ACHPersonalPaymentEntry/rd_accountType' is present

28-08-2024T20:33:32 - [MESSAGE][PASSED] - Modify property of object successfully

28-08-2024T20:33:32 - [MESSAGE][PASSED] - Object: 'Object Repository/IWP30/Page_ACHPersonalPaymentEntry/rd_accountType' is clicked on

28-08-2024T20:33:32 - [MESSAGE][PASSED] - Object 'Object Repository/IWP30/Page_ACHPersonalPaymentEntry/txt_Email' is present

28-08-2024T20:33:32 - [MESSAGE][PASSED] - Object 'Object Repository/IWP30/Page_ACHPersonalPaymentEntry/cb_TermsAndCond' is present

28-08-2024T20:33:33 - [MESSAGE][PASSED] - Object: 'Object Repository/IWP30/Page_ACHPersonalPaymentEntry/cb_TermsAndCond' is clicked on

28-08-2024T20:33:34 - [MESSAGE][PASSED] - Object 'Object Repository/IWP30/Page_ACHPersonalPaymentEntry/btn_Continue' is present

28-08-2024T20:33:36 - [MESSAGE][PASSED] - Object: 'Object Repository/IWP30/Page_ACHPersonalPaymentEntry/btn_Continue' is clicked on

28-08-2024T20:33:36 - [MESSAGE][PASSED] - iwpPages.achPersonalPaymentEntryPage.setDataACHPPM is PASSED

28-08-2024T20:33:36 - [TEST_STEP][PASSED] - click(findTestObject("Object Repository/IWP30/Page_Confirmation/ConfirmButton")): Object: 'Object Repository/IWP30/Page_Confirmation/ConfirmButton' is clicked on

28-08-2024T20:33:38 - [MESSAGE][PASSED] - Object: 'Object Repository/IWP30/Page_Confirmation/ConfirmButton' is clicked on

28-08-2024T20:33:38 - [TEST_STEP][PASSED] - Thread.sleep(10000): null

28-08-2024T20:33:48 - [TEST_STEP][PASSED] - if (verifyTextPresent("Successful Payment Receipt", false)): null

28-08-2024T20:33:49 - [MESSAGE][PASSED] - Text 'Successful Payment Receipt' is present on page 

28-08-2024T20:33:49 - [TEST_STEP][PASSED] - println("Successful Payment Receipt text is present on the Receipt page"): null

28-08-2024T20:33:49 - [TEST_STEP][PASSED] - markPassed("Successful Payment Receipt text is present on the Receipt page"): Successful Payment Receipt text is present on the Receipt page

28-08-2024T20:33:49 - [MESSAGE][PASSED] - Successful Payment Receipt text is present on the Receipt page

28-08-2024T20:33:49 - [TEST_STEP][PASSED] - resText = "Pass": null

28-08-2024T20:33:49 - [TEST_STEP][PASSED] - pages.WriteExcel.demoKey(resText, datText, resColumn, datCloumn, fileLoc, nameSheet, row): pages.WriteExcel.demoKey is PASSED

28-08-2024T20:33:49 - [MESSAGE][PASSED] - pages.WriteExcel.demoKey is PASSED

28-08-2024T20:33:49 - [TEST_STEP][PASSED] - closeBrowser(): Browser is closed

28-08-2024T20:33:49 - [MESSAGE][PASSED] - Browser is closed

28-08-2024T20:33:49 - [TEST_STEP][PASSED] - ExecuteTC = findTestData(dataFile).getValue("Execute", row): null

28-08-2024T20:33:49 - [TEST_STEP][PASSED] - out.println("Value of Execute is : " + ExecuteTC): null

28-08-2024T20:33:49 - [TEST_STEP][PASSED] - if (ExecuteTC.equalsIgnoreCase("Y")): null

28-08-2024T20:33:49 - [TEST_STEP][PASSED] - out.println("Begin Record Number: " + row): null

28-08-2024T20:33:49 - [TEST_STEP][PASSED] - today = new java.util.Date(): null

28-08-2024T20:33:49 - [TEST_STEP][PASSED] - println(today): null

28-08-2024T20:33:49 - [TEST_STEP][PASSED] - datText = today: null

28-08-2024T20:33:49 - [TEST_STEP][PASSED] - EmulatorDataKey = findTestData(dataFile).getValue("EmulatorData", row): null

28-08-2024T20:33:49 - [TEST_STEP][PASSED] - out.println("Value of Emulator Key is : " + EmulatorDataKey): null

28-08-2024T20:33:49 - [TEST_STEP][PASSED] - iwpPages.emulatorIWP30.setDataEmulator_DD(EmulatorDataKey): iwpPages.emulatorIWP30.setDataEmulator_DD is PASSED

28-08-2024T20:33:50 - [MESSAGE][INFO] - Starting 'Edge Chromium' driver

28-08-2024T20:33:50 - [MESSAGE][INFO] - User set preference: ['acceptInsecureCerts', 'true']

28-08-2024T20:33:52 - [MESSAGE][INFO] - Action delay is set to 0 milliseconds

28-08-2024T20:33:57 - [MESSAGE][PASSED] - Browser is opened with url: 'https://qa2.velocitypayment.com/agency/config.do?action=editor&message_version=2_5'

28-08-2024T20:33:57 - [MESSAGE][PASSED] - Current window maximized

28-08-2024T20:33:58 - [MESSAGE][PASSED] - All options with value '2.5' are selected in object 'Object Repository/IWP30/Page_VRelay30Emulator/MV'  using regular expression

28-08-2024T20:33:59 - [MESSAGE][PASSED] - Text '10.50' is set on object 'Object Repository/IWP30/Page_VRelay30Emulator/Amount'

28-08-2024T20:33:59 - [MESSAGE][PASSED] - Text '26413255' is set on object 'Object Repository/IWP30/Page_VRelay30Emulator/CAN'

28-08-2024T20:34:01 - [MESSAGE][PASSED] - Text 'PayNow' is set on object 'Object Repository/IWP30/Page_VRelay30Emulator/Action'

28-08-2024T20:34:02 - [MESSAGE][PASSED] - Text 'en_US' is set on object 'Object Repository/IWP30/Page_VRelay30Emulator/Lang'

28-08-2024T20:34:03 - [MESSAGE][PASSED] - Text 'Jasmine' is set on object 'Object Repository/IWP30/Page_VRelay30Emulator/Fname'

28-08-2024T20:34:03 - [MESSAGE][PASSED] - Text 'Patrinol' is set on object 'Object Repository/IWP30/Page_VRelay30Emulator/Lname'

28-08-2024T20:34:04 - [MESSAGE][PASSED] - Text '258 Underwood rd' is set on object 'Object Repository/IWP30/Page_VRelay30Emulator/AL1'

28-08-2024T20:34:05 - [MESSAGE][PASSED] - Text 'Suite 600' is set on object 'Object Repository/IWP30/Page_VRelay30Emulator/AL2'

28-08-2024T20:34:05 - [MESSAGE][PASSED] - Text '840' is set on object 'Object Repository/IWP30/Page_VRelay30Emulator/Country'

28-08-2024T20:34:06 - [MESSAGE][PASSED] - Text 'Arlington' is set on object 'Object Repository/IWP30/Page_VRelay30Emulator/City'

28-08-2024T20:34:08 - [MESSAGE][PASSED] - Text 'VA' is set on object 'Object Repository/IWP30/Page_VRelay30Emulator/State'

28-08-2024T20:34:09 - [MESSAGE][PASSED] - Text '22201' is set on object 'Object Repository/IWP30/Page_VRelay30Emulator/ZIP'

28-08-2024T20:34:09 - [MESSAGE][PASSED] - Text '' is set on object 'Object Repository/IWP30/Page_VRelay30Emulator/Order'

28-08-2024T20:34:10 - [MESSAGE][PASSED] - Text 'Some Company' is set on object 'Object Repository/IWP30/Page_VRelay30Emulator/Company'

28-08-2024T20:34:11 - [MESSAGE][PASSED] - Text 'iahmed@govolution.com' is set on object 'Object Repository/IWP30/Page_VRelay30Emulator/Email'

28-08-2024T20:34:11 - [MESSAGE][PASSED] - Text 'udf data 1' is set on object 'Object Repository/IWP30/Page_VRelay30Emulator/UDF1'

28-08-2024T20:34:12 - [MESSAGE][PASSED] - Text 'udf data 2' is set on object 'Object Repository/IWP30/Page_VRelay30Emulator/UDF2'

28-08-2024T20:34:12 - [MESSAGE][PASSED] - Text 'udf data 3' is set on object 'Object Repository/IWP30/Page_VRelay30Emulator/UDF3'

28-08-2024T20:34:14 - [MESSAGE][PASSED] - Text 'udf data 4' is set on object 'Object Repository/IWP30/Page_VRelay30Emulator/UDF4'

28-08-2024T20:34:15 - [MESSAGE][PASSED] - Text 'udf data 5' is set on object 'Object Repository/IWP30/Page_VRelay30Emulator/UDF5'

28-08-2024T20:34:16 - [MESSAGE][PASSED] - Text 'udf data 6' is set on object 'Object Repository/IWP30/Page_VRelay30Emulator/UDF6'

28-08-2024T20:34:17 - [MESSAGE][PASSED] - Text 'Orange' is set on object 'Object Repository/IWP30/Page_VRelay30Emulator/UDF7'

28-08-2024T20:34:17 - [MESSAGE][PASSED] - Text 'Soccer' is set on object 'Object Repository/IWP30/Page_VRelay30Emulator/UDF8'

28-08-2024T20:34:18 - [MESSAGE][PASSED] - Text 'udf data 9' is set on object 'Object Repository/IWP30/Page_VRelay30Emulator/UDF9'

28-08-2024T20:34:18 - [MESSAGE][PASSED] - Text 'udf data 10' is set on object 'Object Repository/IWP30/Page_VRelay30Emulator/UDF10'

28-08-2024T20:34:20 - [MESSAGE][PASSED] - Object: 'Object Repository/IWP30/Page_VRelay30Emulator/Submit' is clicked on

28-08-2024T20:34:24 - [MESSAGE][PASSED] - Browser is closed

28-08-2024T20:34:28 - [MESSAGE][PASSED] - iwpPages.emulatorIWP30.setDataEmulator_DD is PASSED

28-08-2024T20:34:28 - [TEST_STEP][PASSED] - testHarnessURL = urlTestHarness: null

28-08-2024T20:34:28 - [TEST_STEP][PASSED] - openBrowser(testHarnessURL): Browser is opened with url: 'https://dev-algorithm.govolution.com/vrelaytest/QA2/version_2_2/vrelaytest.html'

28-08-2024T20:34:28 - [MESSAGE][INFO] - Starting 'Edge Chromium' driver

28-08-2024T20:34:28 - [MESSAGE][INFO] - User set preference: ['acceptInsecureCerts', 'true']

28-08-2024T20:34:31 - [MESSAGE][INFO] - Action delay is set to 0 milliseconds

28-08-2024T20:34:36 - [MESSAGE][PASSED] - Browser is opened with url: 'https://dev-algorithm.govolution.com/vrelaytest/QA2/version_2_2/vrelaytest.html'

28-08-2024T20:34:36 - [TEST_STEP][PASSED] - maximizeWindow(): Current window maximized

28-08-2024T20:34:36 - [MESSAGE][PASSED] - Current window maximized

28-08-2024T20:34:36 - [TEST_STEP][PASSED] - iwpPages.TestHarnessPage.setDataMethod(row, dataFile): iwpPages.TestHarnessPage.setDataMethod is PASSED

28-08-2024T20:34:36 - [MESSAGE][PASSED] - Object 'Object Repository/IWP30/Page_QATestHarness/RemittanceID' is present

28-08-2024T20:34:37 - [MESSAGE][PASSED] - Text '638' is set on object 'Object Repository/IWP30/Page_QATestHarness/ApplicationID'

28-08-2024T20:34:38 - [MESSAGE][PASSED] - Text '2.5' is set on object 'Object Repository/IWP30/Page_QATestHarness/MessageVersion'

28-08-2024T20:34:38 - [MESSAGE][PASSED] - Text 'ZtTGBjjUzyWo' is set on object 'Object Repository/IWP30/Page_QATestHarness/RemittanceID'

28-08-2024T20:34:43 - [MESSAGE][PASSED] - Object: 'Object Repository/IWP30/Page_QATestHarness/SubmitButton' is clicked on

28-08-2024T20:34:43 - [MESSAGE][PASSED] - iwpPages.TestHarnessPage.setDataMethod is PASSED

28-08-2024T20:34:43 - [TEST_STEP][PASSED] - click(findTestObject("Object Repository/IWP30/Page_SelectPaymentMethod/PayByPersonalCheck")): Object: 'Object Repository/IWP30/Page_SelectPaymentMethod/PayByPersonalCheck' is clicked on

28-08-2024T20:34:44 - [MESSAGE][PASSED] - Object: 'Object Repository/IWP30/Page_SelectPaymentMethod/PayByPersonalCheck' is clicked on

28-08-2024T20:34:44 - [TEST_STEP][PASSED] - click(findTestObject("Object Repository/IWP30/Page_SelectPaymentMethod/MakePaymentButton")): Object: 'Object Repository/IWP30/Page_SelectPaymentMethod/MakePaymentButton' is clicked on

28-08-2024T20:34:47 - [MESSAGE][PASSED] - Object: 'Object Repository/IWP30/Page_SelectPaymentMethod/MakePaymentButton' is clicked on

28-08-2024T20:34:47 - [TEST_STEP][PASSED] - iwpPages.achPersonalPaymentEntryPage.setDataACHPPM(row, dataFile): iwpPages.achPersonalPaymentEntryPage.setDataACHPPM is PASSED

28-08-2024T20:34:50 - [MESSAGE][PASSED] - Object 'Object Repository/IWP30/Page_ACHPersonalPaymentEntry/txt_accountNumber' is present

28-08-2024T20:34:51 - [MESSAGE][PASSED] - Text '9.50' is set on object 'Object Repository/IWP30/Page_ACHPersonalPaymentEntry/txt_Amount'

28-08-2024T20:34:51 - [MESSAGE][PASSED] - Object 'Object Repository/IWP30/Page_ACHPersonalPaymentEntry/txt_UDF2' is present

28-08-2024T20:34:51 - [MESSAGE][PASSED] - All options with label 'Soccer' are selected in object 'Object Repository/IWP30/Page_ACHPersonalPaymentEntry/dd_UDF8' 

28-08-2024T20:34:52 - [MESSAGE][PASSED] - Object 'Object Repository/IWP30/Page_ACHPersonalPaymentEntry/txt_Firstname' is present

28-08-2024T20:34:52 - [MESSAGE][PASSED] - Text 'Elizath' is set on object 'Object Repository/IWP30/Page_ACHPersonalPaymentEntry/txt_Firstname'

28-08-2024T20:34:52 - [MESSAGE][PASSED] - Object 'Object Repository/IWP30/Page_ACHPersonalPaymentEntry/txt_Lastname' is present

28-08-2024T20:34:53 - [MESSAGE][PASSED] - Text 'Christine' is set on object 'Object Repository/IWP30/Page_ACHPersonalPaymentEntry/txt_Lastname'

28-08-2024T20:34:53 - [MESSAGE][PASSED] - Object 'Object Repository/IWP30/Page_ACHPersonalPaymentEntry/txt_routingNumber' is present

28-08-2024T20:34:56 - [MESSAGE][PASSED] - Text '256072691' is set on object 'Object Repository/IWP30/Page_ACHPersonalPaymentEntry/txt_routingNumber'

28-08-2024T20:34:56 - [MESSAGE][PASSED] - Object 'Object Repository/IWP30/Page_ACHPersonalPaymentEntry/txt_accountNumber' is present

28-08-2024T20:34:58 - [MESSAGE][PASSED] - Text '12344444' is set on object 'Object Repository/IWP30/Page_ACHPersonalPaymentEntry/txt_accountNumber'

28-08-2024T20:34:58 - [MESSAGE][PASSED] - Object 'Object Repository/IWP30/Page_ACHPersonalPaymentEntry/txt_confirmAccountNumber' is present

28-08-2024T20:34:59 - [MESSAGE][PASSED] - Text '12344444' is set on object 'Object Repository/IWP30/Page_ACHPersonalPaymentEntry/txt_confirmAccountNumber'

28-08-2024T20:34:59 - [MESSAGE][PASSED] - Object 'Object Repository/IWP30/Page_ACHPersonalPaymentEntry/rd_accountType' is present

28-08-2024T20:34:59 - [MESSAGE][PASSED] - Modify property of object successfully

28-08-2024T20:34:59 - [MESSAGE][PASSED] - Object: 'Object Repository/IWP30/Page_ACHPersonalPaymentEntry/rd_accountType' is clicked on

28-08-2024T20:34:59 - [MESSAGE][PASSED] - Object 'Object Repository/IWP30/Page_ACHPersonalPaymentEntry/txt_Email' is present

28-08-2024T20:35:00 - [MESSAGE][PASSED] - Object 'Object Repository/IWP30/Page_ACHPersonalPaymentEntry/cb_TermsAndCond' is present

28-08-2024T20:35:00 - [MESSAGE][PASSED] - Object: 'Object Repository/IWP30/Page_ACHPersonalPaymentEntry/cb_TermsAndCond' is clicked on

28-08-2024T20:35:01 - [MESSAGE][PASSED] - Object 'Object Repository/IWP30/Page_ACHPersonalPaymentEntry/btn_Continue' is present

28-08-2024T20:35:03 - [MESSAGE][PASSED] - Object: 'Object Repository/IWP30/Page_ACHPersonalPaymentEntry/btn_Continue' is clicked on

28-08-2024T20:35:03 - [MESSAGE][PASSED] - iwpPages.achPersonalPaymentEntryPage.setDataACHPPM is PASSED

28-08-2024T20:35:03 - [TEST_STEP][PASSED] - click(findTestObject("Object Repository/IWP30/Page_Confirmation/ConfirmButton")): Object: 'Object Repository/IWP30/Page_Confirmation/ConfirmButton' is clicked on

28-08-2024T20:35:05 - [MESSAGE][PASSED] - Object: 'Object Repository/IWP30/Page_Confirmation/ConfirmButton' is clicked on

28-08-2024T20:35:05 - [TEST_STEP][PASSED] - Thread.sleep(10000): null

28-08-2024T20:35:15 - [TEST_STEP][PASSED] - if (verifyTextPresent("Successful Payment Receipt", false)): null

28-08-2024T20:35:16 - [MESSAGE][PASSED] - Text 'Successful Payment Receipt' is present on page 

28-08-2024T20:35:16 - [TEST_STEP][PASSED] - println("Successful Payment Receipt text is present on the Receipt page"): null

28-08-2024T20:35:16 - [TEST_STEP][PASSED] - markPassed("Successful Payment Receipt text is present on the Receipt page"): Successful Payment Receipt text is present on the Receipt page

28-08-2024T20:35:16 - [MESSAGE][PASSED] - Successful Payment Receipt text is present on the Receipt page

28-08-2024T20:35:16 - [TEST_STEP][PASSED] - resText = "Pass": null

28-08-2024T20:35:16 - [TEST_STEP][PASSED] - pages.WriteExcel.demoKey(resText, datText, resColumn, datCloumn, fileLoc, nameSheet, row): pages.WriteExcel.demoKey is PASSED

28-08-2024T20:35:16 - [MESSAGE][PASSED] - pages.WriteExcel.demoKey is PASSED

28-08-2024T20:35:16 - [TEST_STEP][PASSED] - closeBrowser(): Browser is closed

28-08-2024T20:35:17 - [MESSAGE][PASSED] - Browser is closed]]></system-out>
         <system-err><![CDATA[]]></system-err>
      </testcase>
      <testcase name="Test Cases/IntegratedWeb/IWP25/Payments/PayNowCorpDCF" time="231.671" classname="Test Cases/IntegratedWeb/IWP25/Payments/PayNowCorpDCF" status="PASSED">
         <system-out><![CDATA[28-08-2024T20:35:17 - [TEST_CASE][PASSED] - Test Cases/IntegratedWeb/IWP25/Payments/PayNowCorpDCF: Test Cases/IntegratedWeb/IWP25/Payments/PayNowCorpDCF

28-08-2024T20:35:17 - [TEST_STEP][PASSED] - resText = "Fail": null

28-08-2024T20:35:17 - [TEST_STEP][PASSED] - resColumn = "Result": null

28-08-2024T20:35:17 - [TEST_STEP][PASSED] - datCloumn = "Date": null

28-08-2024T20:35:17 - [TEST_STEP][PASSED] - fileLoc = "KatalonData/IWPTestData/VRelay25Payments.xlsx": null

28-08-2024T20:35:17 - [TEST_STEP][PASSED] - numOfRows = <not implemented yet for class: org.codehaus.groovy.ast.expr.EmptyExpression>: null

28-08-2024T20:35:17 - [TEST_STEP][PASSED] - dataFile = <not implemented yet for class: org.codehaus.groovy.ast.expr.EmptyExpression>: null

28-08-2024T20:35:17 - [TEST_STEP][PASSED] - nameSheet = <not implemented yet for class: org.codehaus.groovy.ast.expr.EmptyExpression>: null

28-08-2024T20:35:17 - [TEST_STEP][PASSED] - dataFileEmulator = <not implemented yet for class: org.codehaus.groovy.ast.expr.EmptyExpression>: null

28-08-2024T20:35:17 - [TEST_STEP][PASSED] - isRequiredTextPresent = false: null

28-08-2024T20:35:17 - [TEST_STEP][PASSED] - nameSheet = "PayNowCorpDCF": null

28-08-2024T20:35:17 - [TEST_STEP][PASSED] - dataFile = "IWPTestData/IWP25PayNowCorpDCF": null

28-08-2024T20:35:17 - [TEST_STEP][PASSED] - dataFileEmulator = "IWPTestData/EmulatorData": null

28-08-2024T20:35:17 - [TEST_STEP][PASSED] - numOfRows = findTestData(dataFile).getRowNumbers(): null

28-08-2024T20:35:17 - [TEST_STEP][PASSED] - println("Number of Records: " + numOfRows): null

28-08-2024T20:35:17 - [TEST_STEP][PASSED] - for ([row = 1, row <= numOfRows, (row++)]): Browser is closed

28-08-2024T20:35:17 - [TEST_STEP][PASSED] - ExecuteTC = findTestData(dataFile).getValue("Execute", row): null

28-08-2024T20:35:17 - [TEST_STEP][PASSED] - out.println("Value of Execute is : " + ExecuteTC): null

28-08-2024T20:35:17 - [TEST_STEP][PASSED] - if (ExecuteTC.equalsIgnoreCase("Y")): null

28-08-2024T20:35:17 - [TEST_STEP][PASSED] - out.println("Begin Record Number: " + row): null

28-08-2024T20:35:17 - [TEST_STEP][PASSED] - today = new java.util.Date(): null

28-08-2024T20:35:17 - [TEST_STEP][PASSED] - println(today): null

28-08-2024T20:35:17 - [TEST_STEP][PASSED] - datText = today: null

28-08-2024T20:35:17 - [TEST_STEP][PASSED] - EmulatorDataKey = findTestData(dataFile).getValue("EmulatorData", row): null

28-08-2024T20:35:17 - [TEST_STEP][PASSED] - out.println("Value of Emulator Key is : " + EmulatorDataKey): null

28-08-2024T20:35:17 - [TEST_STEP][PASSED] - iwpPages.emulatorIWP30.setDataEmulator_DD(EmulatorDataKey): iwpPages.emulatorIWP30.setDataEmulator_DD is PASSED

28-08-2024T20:35:17 - [MESSAGE][INFO] - Starting 'Edge Chromium' driver

28-08-2024T20:35:17 - [MESSAGE][INFO] - User set preference: ['acceptInsecureCerts', 'true']

28-08-2024T20:35:20 - [MESSAGE][INFO] - Action delay is set to 0 milliseconds

28-08-2024T20:35:25 - [MESSAGE][PASSED] - Browser is opened with url: 'https://qa2.velocitypayment.com/agency/config.do?action=editor&message_version=2_5'

28-08-2024T20:35:25 - [MESSAGE][PASSED] - Current window maximized

28-08-2024T20:35:26 - [MESSAGE][PASSED] - All options with value '2.5' are selected in object 'Object Repository/IWP30/Page_VRelay30Emulator/MV'  using regular expression

28-08-2024T20:35:27 - [MESSAGE][PASSED] - Text '10.50' is set on object 'Object Repository/IWP30/Page_VRelay30Emulator/Amount'

28-08-2024T20:35:30 - [MESSAGE][PASSED] - Text '26413414' is set on object 'Object Repository/IWP30/Page_VRelay30Emulator/CAN'

28-08-2024T20:35:30 - [MESSAGE][PASSED] - Text 'PayNow' is set on object 'Object Repository/IWP30/Page_VRelay30Emulator/Action'

28-08-2024T20:35:31 - [MESSAGE][PASSED] - Text 'en_US' is set on object 'Object Repository/IWP30/Page_VRelay30Emulator/Lang'

28-08-2024T20:35:31 - [MESSAGE][PASSED] - Text '' is set on object 'Object Repository/IWP30/Page_VRelay30Emulator/Fname'

28-08-2024T20:35:32 - [MESSAGE][PASSED] - Text '' is set on object 'Object Repository/IWP30/Page_VRelay30Emulator/Lname'

28-08-2024T20:35:33 - [MESSAGE][PASSED] - Text '' is set on object 'Object Repository/IWP30/Page_VRelay30Emulator/AL1'

28-08-2024T20:35:33 - [MESSAGE][PASSED] - Text '' is set on object 'Object Repository/IWP30/Page_VRelay30Emulator/AL2'

28-08-2024T20:35:35 - [MESSAGE][PASSED] - Text '' is set on object 'Object Repository/IWP30/Page_VRelay30Emulator/Country'

28-08-2024T20:35:36 - [MESSAGE][PASSED] - Text '' is set on object 'Object Repository/IWP30/Page_VRelay30Emulator/City'

28-08-2024T20:35:37 - [MESSAGE][PASSED] - Text '' is set on object 'Object Repository/IWP30/Page_VRelay30Emulator/State'

28-08-2024T20:35:37 - [MESSAGE][PASSED] - Text '' is set on object 'Object Repository/IWP30/Page_VRelay30Emulator/ZIP'

28-08-2024T20:35:38 - [MESSAGE][PASSED] - Text '' is set on object 'Object Repository/IWP30/Page_VRelay30Emulator/Order'

28-08-2024T20:35:39 - [MESSAGE][PASSED] - Text '' is set on object 'Object Repository/IWP30/Page_VRelay30Emulator/Company'

28-08-2024T20:35:39 - [MESSAGE][PASSED] - Text '' is set on object 'Object Repository/IWP30/Page_VRelay30Emulator/Email'

28-08-2024T20:35:40 - [MESSAGE][PASSED] - Text '' is set on object 'Object Repository/IWP30/Page_VRelay30Emulator/UDF1'

28-08-2024T20:35:40 - [MESSAGE][PASSED] - Text '' is set on object 'Object Repository/IWP30/Page_VRelay30Emulator/UDF2'

28-08-2024T20:35:42 - [MESSAGE][PASSED] - Text '' is set on object 'Object Repository/IWP30/Page_VRelay30Emulator/UDF3'

28-08-2024T20:35:43 - [MESSAGE][PASSED] - Text 'udf data 4' is set on object 'Object Repository/IWP30/Page_VRelay30Emulator/UDF4'

28-08-2024T20:35:44 - [MESSAGE][PASSED] - Text 'udf data 5' is set on object 'Object Repository/IWP30/Page_VRelay30Emulator/UDF5'

28-08-2024T20:35:45 - [MESSAGE][PASSED] - Text '' is set on object 'Object Repository/IWP30/Page_VRelay30Emulator/UDF6'

28-08-2024T20:35:45 - [MESSAGE][PASSED] - Text '' is set on object 'Object Repository/IWP30/Page_VRelay30Emulator/UDF7'

28-08-2024T20:35:46 - [MESSAGE][PASSED] - Text '' is set on object 'Object Repository/IWP30/Page_VRelay30Emulator/UDF8'

28-08-2024T20:35:46 - [MESSAGE][PASSED] - Text 'udf data 9' is set on object 'Object Repository/IWP30/Page_VRelay30Emulator/UDF9'

28-08-2024T20:35:47 - [MESSAGE][PASSED] - Text 'udf data 10' is set on object 'Object Repository/IWP30/Page_VRelay30Emulator/UDF10'

28-08-2024T20:35:49 - [MESSAGE][PASSED] - Object: 'Object Repository/IWP30/Page_VRelay30Emulator/Submit' is clicked on

28-08-2024T20:35:53 - [MESSAGE][PASSED] - Browser is closed

28-08-2024T20:35:57 - [MESSAGE][PASSED] - iwpPages.emulatorIWP30.setDataEmulator_DD is PASSED

28-08-2024T20:35:57 - [TEST_STEP][PASSED] - testHarnessURL = urlTestHarness: null

28-08-2024T20:35:57 - [TEST_STEP][PASSED] - openBrowser(testHarnessURL): Browser is opened with url: 'https://dev-algorithm.govolution.com/vrelaytest/QA2/version_2_2/vrelaytest.html'

28-08-2024T20:35:57 - [MESSAGE][INFO] - Starting 'Edge Chromium' driver

28-08-2024T20:35:57 - [MESSAGE][INFO] - User set preference: ['acceptInsecureCerts', 'true']

28-08-2024T20:35:59 - [MESSAGE][INFO] - Action delay is set to 0 milliseconds

28-08-2024T20:36:05 - [MESSAGE][PASSED] - Browser is opened with url: 'https://dev-algorithm.govolution.com/vrelaytest/QA2/version_2_2/vrelaytest.html'

28-08-2024T20:36:05 - [TEST_STEP][PASSED] - maximizeWindow(): Current window maximized

28-08-2024T20:36:05 - [MESSAGE][PASSED] - Current window maximized

28-08-2024T20:36:05 - [TEST_STEP][PASSED] - iwpPages.TestHarnessPage.setDataMethod(row, dataFile): iwpPages.TestHarnessPage.setDataMethod is PASSED

28-08-2024T20:36:06 - [MESSAGE][PASSED] - Object 'Object Repository/IWP30/Page_QATestHarness/RemittanceID' is present

28-08-2024T20:36:06 - [MESSAGE][PASSED] - Text '640' is set on object 'Object Repository/IWP30/Page_QATestHarness/ApplicationID'

28-08-2024T20:36:07 - [MESSAGE][PASSED] - Text '2.5' is set on object 'Object Repository/IWP30/Page_QATestHarness/MessageVersion'

28-08-2024T20:36:09 - [MESSAGE][PASSED] - Text 'cY8OZ3xODOlC' is set on object 'Object Repository/IWP30/Page_QATestHarness/RemittanceID'

28-08-2024T20:36:14 - [MESSAGE][PASSED] - Object: 'Object Repository/IWP30/Page_QATestHarness/SubmitButton' is clicked on

28-08-2024T20:36:14 - [MESSAGE][PASSED] - iwpPages.TestHarnessPage.setDataMethod is PASSED

28-08-2024T20:36:14 - [TEST_STEP][PASSED] - click(findTestObject("Object Repository/IWP30/Page_SelectPaymentMethod/PayByCorporateCheck")): Object: 'Object Repository/IWP30/Page_SelectPaymentMethod/PayByCorporateCheck' is clicked on

28-08-2024T20:36:16 - [MESSAGE][PASSED] - Object: 'Object Repository/IWP30/Page_SelectPaymentMethod/PayByCorporateCheck' is clicked on

28-08-2024T20:36:16 - [TEST_STEP][PASSED] - click(findTestObject("Object Repository/IWP30/Page_SelectPaymentMethod/MakePaymentButton")): Object: 'Object Repository/IWP30/Page_SelectPaymentMethod/MakePaymentButton' is clicked on

28-08-2024T20:36:19 - [MESSAGE][PASSED] - Object: 'Object Repository/IWP30/Page_SelectPaymentMethod/MakePaymentButton' is clicked on

28-08-2024T20:36:19 - [TEST_STEP][PASSED] - iwpPages.achCorporatePaymentEntryPage.setDataCorporate(row, dataFile): iwpPages.achCorporatePaymentEntryPage.setDataCorporate is PASSED

28-08-2024T20:36:20 - [MESSAGE][PASSED] - Object 'Object Repository/IWP30/Page_ACHCorporatePaymentEntry/txt_accountNumber' is present

28-08-2024T20:36:20 - [MESSAGE][PASSED] - Object 'Object Repository/IWP30/Page_ACHCorporatePaymentEntry/input_CompanyName' is present

28-08-2024T20:36:21 - [MESSAGE][PASSED] - Text 'My Company' is set on object 'Object Repository/IWP30/Page_ACHCorporatePaymentEntry/input_CompanyName'

28-08-2024T20:36:22 - [MESSAGE][PASSED] - Object 'Object Repository/IWP30/Page_ACHCorporatePaymentEntry/input_EIN' is present

28-08-2024T20:36:24 - [MESSAGE][PASSED] - Text '123456789' is set on object 'Object Repository/IWP30/Page_ACHCorporatePaymentEntry/input_EIN'

28-08-2024T20:36:24 - [MESSAGE][PASSED] - Text '10.50' is set on object 'Object Repository/IWP30/Page_ACHCorporatePaymentEntry/txt_Amount'

28-08-2024T20:36:25 - [MESSAGE][PASSED] - Text 'udf data 2' is set on object 'Object Repository/IWP30/Page_ACHCorporatePaymentEntry/txt_UDF2'

28-08-2024T20:36:25 - [MESSAGE][PASSED] - Text 'udf data 3' is set on object 'Object Repository/IWP30/Page_ACHCorporatePaymentEntry/txt_UDF3'

28-08-2024T20:36:26 - [MESSAGE][PASSED] - All options with label 'Orange' are selected in object 'Object Repository/IWP30/Page_ACHCorporatePaymentEntry/dd_UDF7' 

28-08-2024T20:36:27 - [MESSAGE][PASSED] - All options with label 'Soccer' are selected in object 'Object Repository/IWP30/Page_ACHCorporatePaymentEntry/dd_UDF8' 

28-08-2024T20:36:27 - [MESSAGE][PASSED] - Object 'Object Repository/IWP30/Page_ACHCorporatePaymentEntry/txt_routingNumber' is present

28-08-2024T20:36:27 - [MESSAGE][PASSED] - Text '256072691' is set on object 'Object Repository/IWP30/Page_ACHCorporatePaymentEntry/txt_routingNumber'

28-08-2024T20:36:28 - [MESSAGE][PASSED] - Object 'Object Repository/IWP30/Page_ACHCorporatePaymentEntry/txt_accountNumber' is present

28-08-2024T20:36:31 - [MESSAGE][PASSED] - Text '12344444' is set on object 'Object Repository/IWP30/Page_ACHCorporatePaymentEntry/txt_accountNumber'

28-08-2024T20:36:31 - [MESSAGE][PASSED] - Object 'Object Repository/IWP30/Page_ACHCorporatePaymentEntry/txt_confirmAccountNumber' is present

28-08-2024T20:36:32 - [MESSAGE][PASSED] - Text '12344444' is set on object 'Object Repository/IWP30/Page_ACHCorporatePaymentEntry/txt_confirmAccountNumber'

28-08-2024T20:36:32 - [MESSAGE][PASSED] - Text '365 Main Avenue' is set on object 'Object Repository/IWP30/Page_ACHCorporatePaymentEntry/txt_AL1'

28-08-2024T20:36:33 - [MESSAGE][PASSED] - Text '22201' is set on object 'Object Repository/IWP30/Page_ACHCorporatePaymentEntry/txt_ZIP'

28-08-2024T20:36:33 - [MESSAGE][PASSED] - Object 'Object Repository/IWP30/Page_ACHCorporatePaymentEntry/txt_Email' is present

28-08-2024T20:36:34 - [MESSAGE][PASSED] - Text 'iahmed@govolution.com' is set on object 'Object Repository/IWP30/Page_ACHCorporatePaymentEntry/txt_Email'

28-08-2024T20:36:34 - [MESSAGE][PASSED] - Object 'Object Repository/IWP30/Page_ACHCorporatePaymentEntry/cb_TermsAndCond' is present

28-08-2024T20:36:36 - [MESSAGE][PASSED] - Object: 'Object Repository/IWP30/Page_ACHCorporatePaymentEntry/cb_TermsAndCond' is clicked on

28-08-2024T20:36:36 - [MESSAGE][PASSED] - Object 'Object Repository/IWP30/Page_ACHCorporatePaymentEntry/btn_Continue' is present

28-08-2024T20:36:38 - [MESSAGE][PASSED] - Object: 'Object Repository/IWP30/Page_ACHCorporatePaymentEntry/btn_Continue' is clicked on

28-08-2024T20:36:38 - [MESSAGE][PASSED] - iwpPages.achCorporatePaymentEntryPage.setDataCorporate is PASSED

28-08-2024T20:36:38 - [TEST_STEP][PASSED] - click(findTestObject("Object Repository/IWP30/Page_Confirmation/ConfirmButton")): Object: 'Object Repository/IWP30/Page_Confirmation/ConfirmButton' is clicked on

28-08-2024T20:36:40 - [MESSAGE][PASSED] - Object: 'Object Repository/IWP30/Page_Confirmation/ConfirmButton' is clicked on

28-08-2024T20:36:40 - [TEST_STEP][PASSED] - Thread.sleep(5000): null

28-08-2024T20:36:45 - [TEST_STEP][PASSED] - println("I am on real estate page"): null

28-08-2024T20:36:45 - [TEST_STEP][PASSED] - if (verifyTextPresent("Make a Real Estate Payment", false)): null

28-08-2024T20:36:46 - [MESSAGE][PASSED] - Text 'Make a Real Estate Payment' is present on page 

28-08-2024T20:36:46 - [TEST_STEP][PASSED] - isRequiredTextPresent = true: null

28-08-2024T20:36:46 - [TEST_STEP][PASSED] - println(isRequiredTextPresent): null

28-08-2024T20:36:46 - [TEST_STEP][PASSED] - if (isRequiredTextPresent): null

28-08-2024T20:36:46 - [TEST_STEP][PASSED] - if (verifyTextPresent("This transaction is subject to a Convenience Fees of $2.00.", false)): null

28-08-2024T20:36:46 - [MESSAGE][PASSED] - Text 'This transaction is subject to a Convenience Fees of $2.00.' is present on page 

28-08-2024T20:36:46 - [TEST_STEP][PASSED] - isRequiredTextPresent = true: null

28-08-2024T20:36:46 - [TEST_STEP][PASSED] - println(isRequiredTextPresent): null

28-08-2024T20:36:46 - [TEST_STEP][PASSED] - if (isRequiredTextPresent): null

28-08-2024T20:36:46 - [TEST_STEP][PASSED] - if (verifyTextPresent("Payment Amount:  $10.50", false)): null

28-08-2024T20:36:46 - [MESSAGE][PASSED] - Text 'Payment Amount:  $10.50' is present on page 

28-08-2024T20:36:46 - [TEST_STEP][PASSED] - isRequiredTextPresent = true: null

28-08-2024T20:36:46 - [TEST_STEP][PASSED] - if (isRequiredTextPresent): null

28-08-2024T20:36:46 - [TEST_STEP][PASSED] - if (verifyTextPresent("Convenience Fees:  $2.00", false)): null

28-08-2024T20:36:47 - [MESSAGE][PASSED] - Text 'Convenience Fees:  $2.00' is present on page 

28-08-2024T20:36:47 - [TEST_STEP][PASSED] - isRequiredTextPresent = true: null

28-08-2024T20:36:47 - [TEST_STEP][PASSED] - if (isRequiredTextPresent): null

28-08-2024T20:36:47 - [TEST_STEP][PASSED] - if (verifyTextPresent("Total Amount:  $12.50", false)): null

28-08-2024T20:36:47 - [MESSAGE][PASSED] - Text 'Total Amount:  $12.50' is present on page 

28-08-2024T20:36:47 - [TEST_STEP][PASSED] - isRequiredTextPresent = true: null

28-08-2024T20:36:47 - [TEST_STEP][PASSED] - if (isRequiredTextPresent): null

28-08-2024T20:36:47 - [TEST_STEP][PASSED] - if (verifyTextPresent("Two transactions will appear on your bank statement, one in the amount of $10.50 and one in the amount of $2.00.", false)): null

28-08-2024T20:36:47 - [MESSAGE][PASSED] - Text 'Two transactions will appear on your bank statement, one in the amount of $10.50 and one in the amount of $2.00.' is present on page 

28-08-2024T20:36:47 - [TEST_STEP][PASSED] - isRequiredTextPresent = true: null

28-08-2024T20:36:47 - [TEST_STEP][PASSED] - Thread.sleep(10000): null

28-08-2024T20:36:57 - [TEST_STEP][PASSED] - click(findTestObject("Object Repository/IWP30/Page_ConvenienceFees/btn_convFeeNotifyAction")): Object: 'Object Repository/IWP30/Page_ConvenienceFees/btn_convFeeNotifyAction' is clicked on

28-08-2024T20:37:00 - [MESSAGE][PASSED] - Object: 'Object Repository/IWP30/Page_ConvenienceFees/btn_convFeeNotifyAction' is clicked on

28-08-2024T20:37:00 - [TEST_STEP][PASSED] - Thread.sleep(10000): null

28-08-2024T20:37:10 - [TEST_STEP][PASSED] - if (verifyTextPresent("Successful Payment Receipt", false)): null

28-08-2024T20:37:11 - [MESSAGE][PASSED] - Text 'Successful Payment Receipt' is present on page 

28-08-2024T20:37:11 - [TEST_STEP][PASSED] - println("Successful Payment Receipt text is present on the Receipt page"): null

28-08-2024T20:37:11 - [TEST_STEP][PASSED] - markPassed("Successful Payment Receipt text is present on the Receipt page"): Successful Payment Receipt text is present on the Receipt page

28-08-2024T20:37:11 - [MESSAGE][PASSED] - Successful Payment Receipt text is present on the Receipt page

28-08-2024T20:37:11 - [TEST_STEP][PASSED] - resText = "Pass": null

28-08-2024T20:37:11 - [TEST_STEP][PASSED] - pages.WriteExcel.demoKey(resText, datText, resColumn, datCloumn, fileLoc, nameSheet, row): pages.WriteExcel.demoKey is PASSED

28-08-2024T20:37:11 - [MESSAGE][PASSED] - pages.WriteExcel.demoKey is PASSED

28-08-2024T20:37:11 - [TEST_STEP][PASSED] - closeBrowser(): Browser is closed

28-08-2024T20:37:11 - [MESSAGE][PASSED] - Browser is closed

28-08-2024T20:37:11 - [TEST_STEP][PASSED] - ExecuteTC = findTestData(dataFile).getValue("Execute", row): null

28-08-2024T20:37:11 - [TEST_STEP][PASSED] - out.println("Value of Execute is : " + ExecuteTC): null

28-08-2024T20:37:11 - [TEST_STEP][PASSED] - if (ExecuteTC.equalsIgnoreCase("Y")): null

28-08-2024T20:37:11 - [TEST_STEP][PASSED] - out.println("Begin Record Number: " + row): null

28-08-2024T20:37:11 - [TEST_STEP][PASSED] - today = new java.util.Date(): null

28-08-2024T20:37:11 - [TEST_STEP][PASSED] - println(today): null

28-08-2024T20:37:11 - [TEST_STEP][PASSED] - datText = today: null

28-08-2024T20:37:11 - [TEST_STEP][PASSED] - EmulatorDataKey = findTestData(dataFile).getValue("EmulatorData", row): null

28-08-2024T20:37:11 - [TEST_STEP][PASSED] - out.println("Value of Emulator Key is : " + EmulatorDataKey): null

28-08-2024T20:37:11 - [TEST_STEP][PASSED] - iwpPages.emulatorIWP30.setDataEmulator_DD(EmulatorDataKey): iwpPages.emulatorIWP30.setDataEmulator_DD is PASSED

28-08-2024T20:37:11 - [MESSAGE][INFO] - Starting 'Edge Chromium' driver

28-08-2024T20:37:11 - [MESSAGE][INFO] - User set preference: ['acceptInsecureCerts', 'true']

28-08-2024T20:37:13 - [MESSAGE][INFO] - Action delay is set to 0 milliseconds

28-08-2024T20:37:19 - [MESSAGE][PASSED] - Browser is opened with url: 'https://qa2.velocitypayment.com/agency/config.do?action=editor&message_version=2_5'

28-08-2024T20:37:19 - [MESSAGE][PASSED] - Current window maximized

28-08-2024T20:37:20 - [MESSAGE][PASSED] - All options with value '2.5' are selected in object 'Object Repository/IWP30/Page_VRelay30Emulator/MV'  using regular expression

28-08-2024T20:37:21 - [MESSAGE][PASSED] - Text '10.50' is set on object 'Object Repository/IWP30/Page_VRelay30Emulator/Amount'

28-08-2024T20:37:21 - [MESSAGE][PASSED] - Text '26413255' is set on object 'Object Repository/IWP30/Page_VRelay30Emulator/CAN'

28-08-2024T20:37:25 - [MESSAGE][PASSED] - Text 'PayNow' is set on object 'Object Repository/IWP30/Page_VRelay30Emulator/Action'

28-08-2024T20:37:25 - [MESSAGE][PASSED] - Text 'en_US' is set on object 'Object Repository/IWP30/Page_VRelay30Emulator/Lang'

28-08-2024T20:37:26 - [MESSAGE][PASSED] - Text 'Jasmine' is set on object 'Object Repository/IWP30/Page_VRelay30Emulator/Fname'

28-08-2024T20:37:27 - [MESSAGE][PASSED] - Text 'Patrinol' is set on object 'Object Repository/IWP30/Page_VRelay30Emulator/Lname'

28-08-2024T20:37:28 - [MESSAGE][PASSED] - Text '258 Underwood rd' is set on object 'Object Repository/IWP30/Page_VRelay30Emulator/AL1'

28-08-2024T20:37:28 - [MESSAGE][PASSED] - Text 'Suite 600' is set on object 'Object Repository/IWP30/Page_VRelay30Emulator/AL2'

28-08-2024T20:37:31 - [MESSAGE][PASSED] - Text '840' is set on object 'Object Repository/IWP30/Page_VRelay30Emulator/Country'

28-08-2024T20:37:32 - [MESSAGE][PASSED] - Text 'Arlington' is set on object 'Object Repository/IWP30/Page_VRelay30Emulator/City'

28-08-2024T20:37:32 - [MESSAGE][PASSED] - Text 'VA' is set on object 'Object Repository/IWP30/Page_VRelay30Emulator/State'

28-08-2024T20:37:33 - [MESSAGE][PASSED] - Text '22201' is set on object 'Object Repository/IWP30/Page_VRelay30Emulator/ZIP'

28-08-2024T20:37:33 - [MESSAGE][PASSED] - Text '' is set on object 'Object Repository/IWP30/Page_VRelay30Emulator/Order'

28-08-2024T20:37:34 - [MESSAGE][PASSED] - Text 'Some Company' is set on object 'Object Repository/IWP30/Page_VRelay30Emulator/Company'

28-08-2024T20:37:35 - [MESSAGE][PASSED] - Text 'iahmed@govolution.com' is set on object 'Object Repository/IWP30/Page_VRelay30Emulator/Email'

28-08-2024T20:37:37 - [MESSAGE][PASSED] - Text 'udf data 1' is set on object 'Object Repository/IWP30/Page_VRelay30Emulator/UDF1'

28-08-2024T20:37:38 - [MESSAGE][PASSED] - Text 'udf data 2' is set on object 'Object Repository/IWP30/Page_VRelay30Emulator/UDF2'

28-08-2024T20:37:38 - [MESSAGE][PASSED] - Text 'udf data 3' is set on object 'Object Repository/IWP30/Page_VRelay30Emulator/UDF3'

28-08-2024T20:37:39 - [MESSAGE][PASSED] - Text 'udf data 4' is set on object 'Object Repository/IWP30/Page_VRelay30Emulator/UDF4'

28-08-2024T20:37:40 - [MESSAGE][PASSED] - Text 'udf data 5' is set on object 'Object Repository/IWP30/Page_VRelay30Emulator/UDF5'

28-08-2024T20:37:40 - [MESSAGE][PASSED] - Text 'udf data 6' is set on object 'Object Repository/IWP30/Page_VRelay30Emulator/UDF6'

28-08-2024T20:37:41 - [MESSAGE][PASSED] - Text 'Orange' is set on object 'Object Repository/IWP30/Page_VRelay30Emulator/UDF7'

28-08-2024T20:37:41 - [MESSAGE][PASSED] - Text 'Soccer' is set on object 'Object Repository/IWP30/Page_VRelay30Emulator/UDF8'

28-08-2024T20:37:43 - [MESSAGE][PASSED] - Text 'udf data 9' is set on object 'Object Repository/IWP30/Page_VRelay30Emulator/UDF9'

28-08-2024T20:37:44 - [MESSAGE][PASSED] - Text 'udf data 10' is set on object 'Object Repository/IWP30/Page_VRelay30Emulator/UDF10'

28-08-2024T20:37:46 - [MESSAGE][PASSED] - Object: 'Object Repository/IWP30/Page_VRelay30Emulator/Submit' is clicked on

28-08-2024T20:37:51 - [MESSAGE][PASSED] - Browser is closed

28-08-2024T20:37:56 - [MESSAGE][PASSED] - iwpPages.emulatorIWP30.setDataEmulator_DD is PASSED

28-08-2024T20:37:56 - [TEST_STEP][PASSED] - testHarnessURL = urlTestHarness: null

28-08-2024T20:37:56 - [TEST_STEP][PASSED] - openBrowser(testHarnessURL): Browser is opened with url: 'https://dev-algorithm.govolution.com/vrelaytest/QA2/version_2_2/vrelaytest.html'

28-08-2024T20:37:56 - [MESSAGE][INFO] - Starting 'Edge Chromium' driver

28-08-2024T20:37:57 - [MESSAGE][INFO] - User set preference: ['acceptInsecureCerts', 'true']

28-08-2024T20:38:00 - [MESSAGE][INFO] - Action delay is set to 0 milliseconds

28-08-2024T20:38:07 - [MESSAGE][PASSED] - Browser is opened with url: 'https://dev-algorithm.govolution.com/vrelaytest/QA2/version_2_2/vrelaytest.html'

28-08-2024T20:38:07 - [TEST_STEP][PASSED] - maximizeWindow(): Current window maximized

28-08-2024T20:38:07 - [MESSAGE][PASSED] - Current window maximized

28-08-2024T20:38:07 - [TEST_STEP][PASSED] - iwpPages.TestHarnessPage.setDataMethod(row, dataFile): iwpPages.TestHarnessPage.setDataMethod is PASSED

28-08-2024T20:38:08 - [MESSAGE][PASSED] - Object 'Object Repository/IWP30/Page_QATestHarness/RemittanceID' is present

28-08-2024T20:38:08 - [MESSAGE][PASSED] - Text '640' is set on object 'Object Repository/IWP30/Page_QATestHarness/ApplicationID'

28-08-2024T20:38:09 - [MESSAGE][PASSED] - Text '2.5' is set on object 'Object Repository/IWP30/Page_QATestHarness/MessageVersion'

28-08-2024T20:38:10 - [MESSAGE][PASSED] - Text 'PbPn5fwrIa6F' is set on object 'Object Repository/IWP30/Page_QATestHarness/RemittanceID'

28-08-2024T20:38:15 - [MESSAGE][PASSED] - Object: 'Object Repository/IWP30/Page_QATestHarness/SubmitButton' is clicked on

28-08-2024T20:38:15 - [MESSAGE][PASSED] - iwpPages.TestHarnessPage.setDataMethod is PASSED

28-08-2024T20:38:15 - [TEST_STEP][PASSED] - click(findTestObject("Object Repository/IWP30/Page_SelectPaymentMethod/PayByCorporateCheck")): Object: 'Object Repository/IWP30/Page_SelectPaymentMethod/PayByCorporateCheck' is clicked on

28-08-2024T20:38:15 - [MESSAGE][PASSED] - Object: 'Object Repository/IWP30/Page_SelectPaymentMethod/PayByCorporateCheck' is clicked on

28-08-2024T20:38:15 - [TEST_STEP][PASSED] - click(findTestObject("Object Repository/IWP30/Page_SelectPaymentMethod/MakePaymentButton")): Object: 'Object Repository/IWP30/Page_SelectPaymentMethod/MakePaymentButton' is clicked on

28-08-2024T20:38:19 - [MESSAGE][PASSED] - Object: 'Object Repository/IWP30/Page_SelectPaymentMethod/MakePaymentButton' is clicked on

28-08-2024T20:38:19 - [TEST_STEP][PASSED] - iwpPages.achCorporatePaymentEntryPage.setDataCorporate(row, dataFile): iwpPages.achCorporatePaymentEntryPage.setDataCorporate is PASSED

28-08-2024T20:38:21 - [MESSAGE][PASSED] - Object 'Object Repository/IWP30/Page_ACHCorporatePaymentEntry/txt_accountNumber' is present

28-08-2024T20:38:22 - [MESSAGE][PASSED] - Object 'Object Repository/IWP30/Page_ACHCorporatePaymentEntry/input_CompanyName' is present

28-08-2024T20:38:22 - [MESSAGE][PASSED] - Object 'Object Repository/IWP30/Page_ACHCorporatePaymentEntry/input_EIN' is present

28-08-2024T20:38:23 - [MESSAGE][PASSED] - Text '123456789' is set on object 'Object Repository/IWP30/Page_ACHCorporatePaymentEntry/input_EIN'

28-08-2024T20:38:25 - [MESSAGE][PASSED] - All options with label 'Soccer' are selected in object 'Object Repository/IWP30/Page_ACHCorporatePaymentEntry/dd_UDF8' 

28-08-2024T20:38:26 - [MESSAGE][PASSED] - Object 'Object Repository/IWP30/Page_ACHCorporatePaymentEntry/txt_routingNumber' is present

28-08-2024T20:38:26 - [MESSAGE][PASSED] - Text '256072691' is set on object 'Object Repository/IWP30/Page_ACHCorporatePaymentEntry/txt_routingNumber'

28-08-2024T20:38:27 - [MESSAGE][PASSED] - Object 'Object Repository/IWP30/Page_ACHCorporatePaymentEntry/txt_accountNumber' is present

28-08-2024T20:38:29 - [MESSAGE][PASSED] - Text '12344444' is set on object 'Object Repository/IWP30/Page_ACHCorporatePaymentEntry/txt_accountNumber'

28-08-2024T20:38:29 - [MESSAGE][PASSED] - Object 'Object Repository/IWP30/Page_ACHCorporatePaymentEntry/txt_confirmAccountNumber' is present

28-08-2024T20:38:30 - [MESSAGE][PASSED] - Text '12344444' is set on object 'Object Repository/IWP30/Page_ACHCorporatePaymentEntry/txt_confirmAccountNumber'

28-08-2024T20:38:31 - [MESSAGE][PASSED] - Object 'Object Repository/IWP30/Page_ACHCorporatePaymentEntry/txt_Email' is present

28-08-2024T20:38:31 - [MESSAGE][PASSED] - Object 'Object Repository/IWP30/Page_ACHCorporatePaymentEntry/cb_TermsAndCond' is present

28-08-2024T20:38:31 - [MESSAGE][PASSED] - Object: 'Object Repository/IWP30/Page_ACHCorporatePaymentEntry/cb_TermsAndCond' is clicked on

28-08-2024T20:38:31 - [MESSAGE][PASSED] - Object 'Object Repository/IWP30/Page_ACHCorporatePaymentEntry/btn_Continue' is present

28-08-2024T20:38:35 - [MESSAGE][PASSED] - Object: 'Object Repository/IWP30/Page_ACHCorporatePaymentEntry/btn_Continue' is clicked on

28-08-2024T20:38:35 - [MESSAGE][PASSED] - iwpPages.achCorporatePaymentEntryPage.setDataCorporate is PASSED

28-08-2024T20:38:35 - [TEST_STEP][PASSED] - click(findTestObject("Object Repository/IWP30/Page_Confirmation/ConfirmButton")): Object: 'Object Repository/IWP30/Page_Confirmation/ConfirmButton' is clicked on

28-08-2024T20:38:37 - [MESSAGE][PASSED] - Object: 'Object Repository/IWP30/Page_Confirmation/ConfirmButton' is clicked on

28-08-2024T20:38:37 - [TEST_STEP][PASSED] - Thread.sleep(5000): null

28-08-2024T20:38:42 - [TEST_STEP][PASSED] - println("I am on real estate page"): null

28-08-2024T20:38:42 - [TEST_STEP][PASSED] - if (verifyTextPresent("Make a Real Estate Payment", false)): null

28-08-2024T20:38:43 - [MESSAGE][PASSED] - Text 'Make a Real Estate Payment' is present on page 

28-08-2024T20:38:43 - [TEST_STEP][PASSED] - isRequiredTextPresent = true: null

28-08-2024T20:38:43 - [TEST_STEP][PASSED] - println(isRequiredTextPresent): null

28-08-2024T20:38:43 - [TEST_STEP][PASSED] - if (isRequiredTextPresent): null

28-08-2024T20:38:43 - [TEST_STEP][PASSED] - if (verifyTextPresent("This transaction is subject to a Convenience Fees of $2.00.", false)): null

28-08-2024T20:38:43 - [MESSAGE][PASSED] - Text 'This transaction is subject to a Convenience Fees of $2.00.' is present on page 

28-08-2024T20:38:43 - [TEST_STEP][PASSED] - isRequiredTextPresent = true: null

28-08-2024T20:38:43 - [TEST_STEP][PASSED] - println(isRequiredTextPresent): null

28-08-2024T20:38:43 - [TEST_STEP][PASSED] - if (isRequiredTextPresent): null

28-08-2024T20:38:43 - [TEST_STEP][PASSED] - if (verifyTextPresent("Payment Amount:  $10.50", false)): null

28-08-2024T20:38:43 - [MESSAGE][PASSED] - Text 'Payment Amount:  $10.50' is present on page 

28-08-2024T20:38:43 - [TEST_STEP][PASSED] - isRequiredTextPresent = true: null

28-08-2024T20:38:43 - [TEST_STEP][PASSED] - if (isRequiredTextPresent): null

28-08-2024T20:38:43 - [TEST_STEP][PASSED] - if (verifyTextPresent("Convenience Fees:  $2.00", false)): null

28-08-2024T20:38:43 - [MESSAGE][PASSED] - Text 'Convenience Fees:  $2.00' is present on page 

28-08-2024T20:38:43 - [TEST_STEP][PASSED] - isRequiredTextPresent = true: null

28-08-2024T20:38:43 - [TEST_STEP][PASSED] - if (isRequiredTextPresent): null

28-08-2024T20:38:43 - [TEST_STEP][PASSED] - if (verifyTextPresent("Total Amount:  $12.50", false)): null

28-08-2024T20:38:44 - [MESSAGE][PASSED] - Text 'Total Amount:  $12.50' is present on page 

28-08-2024T20:38:44 - [TEST_STEP][PASSED] - isRequiredTextPresent = true: null

28-08-2024T20:38:44 - [TEST_STEP][PASSED] - if (isRequiredTextPresent): null

28-08-2024T20:38:44 - [TEST_STEP][PASSED] - if (verifyTextPresent("Two transactions will appear on your bank statement, one in the amount of $10.50 and one in the amount of $2.00.", false)): null

28-08-2024T20:38:44 - [MESSAGE][PASSED] - Text 'Two transactions will appear on your bank statement, one in the amount of $10.50 and one in the amount of $2.00.' is present on page 

28-08-2024T20:38:44 - [TEST_STEP][PASSED] - isRequiredTextPresent = true: null

28-08-2024T20:38:44 - [TEST_STEP][PASSED] - Thread.sleep(10000): null

28-08-2024T20:38:54 - [TEST_STEP][PASSED] - click(findTestObject("Object Repository/IWP30/Page_ConvenienceFees/btn_convFeeNotifyAction")): Object: 'Object Repository/IWP30/Page_ConvenienceFees/btn_convFeeNotifyAction' is clicked on

28-08-2024T20:38:58 - [MESSAGE][PASSED] - Object: 'Object Repository/IWP30/Page_ConvenienceFees/btn_convFeeNotifyAction' is clicked on

28-08-2024T20:38:58 - [TEST_STEP][PASSED] - Thread.sleep(10000): null

28-08-2024T20:39:08 - [TEST_STEP][PASSED] - if (verifyTextPresent("Successful Payment Receipt", false)): null

28-08-2024T20:39:08 - [MESSAGE][PASSED] - Text 'Successful Payment Receipt' is present on page 

28-08-2024T20:39:08 - [TEST_STEP][PASSED] - println("Successful Payment Receipt text is present on the Receipt page"): null

28-08-2024T20:39:08 - [TEST_STEP][PASSED] - markPassed("Successful Payment Receipt text is present on the Receipt page"): Successful Payment Receipt text is present on the Receipt page

28-08-2024T20:39:08 - [MESSAGE][PASSED] - Successful Payment Receipt text is present on the Receipt page

28-08-2024T20:39:08 - [TEST_STEP][PASSED] - resText = "Pass": null

28-08-2024T20:39:08 - [TEST_STEP][PASSED] - pages.WriteExcel.demoKey(resText, datText, resColumn, datCloumn, fileLoc, nameSheet, row): pages.WriteExcel.demoKey is PASSED

28-08-2024T20:39:08 - [MESSAGE][PASSED] - pages.WriteExcel.demoKey is PASSED

28-08-2024T20:39:08 - [TEST_STEP][PASSED] - closeBrowser(): Browser is closed

28-08-2024T20:39:09 - [MESSAGE][PASSED] - Browser is closed]]></system-out>
         <system-err><![CDATA[]]></system-err>
      </testcase>
      <testcase name="Test Cases/IntegratedWeb/IWP25/Payments/PayNowCorporate" time="275.075" classname="Test Cases/IntegratedWeb/IWP25/Payments/PayNowCorporate" status="PASSED">
         <system-out><![CDATA[28-08-2024T20:39:09 - [TEST_CASE][PASSED] - Test Cases/IntegratedWeb/IWP25/Payments/PayNowCorporate: Test Cases/IntegratedWeb/IWP25/Payments/PayNowCorporate

28-08-2024T20:39:09 - [TEST_STEP][PASSED] - resText = "Fail": null

28-08-2024T20:39:09 - [TEST_STEP][PASSED] - resColumn = "Result": null

28-08-2024T20:39:09 - [TEST_STEP][PASSED] - datCloumn = "Date": null

28-08-2024T20:39:09 - [TEST_STEP][PASSED] - fileLoc = "KatalonData/IWPTestData/VRelay25Payments.xlsx": null

28-08-2024T20:39:09 - [TEST_STEP][PASSED] - numOfRows = <not implemented yet for class: org.codehaus.groovy.ast.expr.EmptyExpression>: null

28-08-2024T20:39:09 - [TEST_STEP][PASSED] - dataFile = <not implemented yet for class: org.codehaus.groovy.ast.expr.EmptyExpression>: null

28-08-2024T20:39:09 - [TEST_STEP][PASSED] - nameSheet = <not implemented yet for class: org.codehaus.groovy.ast.expr.EmptyExpression>: null

28-08-2024T20:39:09 - [TEST_STEP][PASSED] - dataFileEmulator = <not implemented yet for class: org.codehaus.groovy.ast.expr.EmptyExpression>: null

28-08-2024T20:39:09 - [TEST_STEP][PASSED] - nameSheet = "PayNowCorp": null

28-08-2024T20:39:09 - [TEST_STEP][PASSED] - dataFile = "IWPTestData/IWP25PayNowCorp": null

28-08-2024T20:39:09 - [TEST_STEP][PASSED] - dataFileEmulator = "IWPTestData/EmulatorData": null

28-08-2024T20:39:09 - [TEST_STEP][PASSED] - numOfRows = findTestData(dataFile).getRowNumbers(): null

28-08-2024T20:39:09 - [TEST_STEP][PASSED] - println("Number of Records: " + numOfRows): null

28-08-2024T20:39:09 - [TEST_STEP][PASSED] - for ([row = 1, row <= numOfRows, (row++)]): Browser is closed

28-08-2024T20:39:09 - [TEST_STEP][PASSED] - ExecuteTC = findTestData(dataFile).getValue("Execute", row): null

28-08-2024T20:39:09 - [TEST_STEP][PASSED] - out.println("Value of Execute is : " + ExecuteTC): null

28-08-2024T20:39:09 - [TEST_STEP][PASSED] - if (ExecuteTC.equalsIgnoreCase("Y")): null

28-08-2024T20:39:09 - [TEST_STEP][PASSED] - out.println("Begin Record Number: " + row): null

28-08-2024T20:39:09 - [TEST_STEP][PASSED] - today = new java.util.Date(): null

28-08-2024T20:39:09 - [TEST_STEP][PASSED] - println(today): null

28-08-2024T20:39:09 - [TEST_STEP][PASSED] - datText = today: null

28-08-2024T20:39:09 - [TEST_STEP][PASSED] - EmulatorDataKey = findTestData(dataFile).getValue("EmulatorData", row): null

28-08-2024T20:39:09 - [TEST_STEP][PASSED] - out.println("Value of Emulator Key is : " + EmulatorDataKey): null

28-08-2024T20:39:09 - [TEST_STEP][PASSED] - iwpPages.emulatorIWP30.setDataEmulator_DD(EmulatorDataKey): iwpPages.emulatorIWP30.setDataEmulator_DD is PASSED

28-08-2024T20:39:09 - [MESSAGE][INFO] - Starting 'Edge Chromium' driver

28-08-2024T20:39:09 - [MESSAGE][INFO] - User set preference: ['acceptInsecureCerts', 'true']

28-08-2024T20:39:12 - [MESSAGE][INFO] - Action delay is set to 0 milliseconds

28-08-2024T20:39:17 - [MESSAGE][PASSED] - Browser is opened with url: 'https://qa2.velocitypayment.com/agency/config.do?action=editor&message_version=2_5'

28-08-2024T20:39:17 - [MESSAGE][PASSED] - Current window maximized

28-08-2024T20:39:18 - [MESSAGE][PASSED] - All options with value '2.5' are selected in object 'Object Repository/IWP30/Page_VRelay30Emulator/MV'  using regular expression

28-08-2024T20:39:19 - [MESSAGE][PASSED] - Text '10.50' is set on object 'Object Repository/IWP30/Page_VRelay30Emulator/Amount'

28-08-2024T20:39:19 - [MESSAGE][PASSED] - Text '26413414' is set on object 'Object Repository/IWP30/Page_VRelay30Emulator/CAN'

28-08-2024T20:39:20 - [MESSAGE][PASSED] - Text 'PayNow' is set on object 'Object Repository/IWP30/Page_VRelay30Emulator/Action'

28-08-2024T20:39:21 - [MESSAGE][PASSED] - Text 'en_US' is set on object 'Object Repository/IWP30/Page_VRelay30Emulator/Lang'

28-08-2024T20:39:22 - [MESSAGE][PASSED] - Text '' is set on object 'Object Repository/IWP30/Page_VRelay30Emulator/Fname'

28-08-2024T20:39:24 - [MESSAGE][PASSED] - Text '' is set on object 'Object Repository/IWP30/Page_VRelay30Emulator/Lname'

28-08-2024T20:39:24 - [MESSAGE][PASSED] - Text '' is set on object 'Object Repository/IWP30/Page_VRelay30Emulator/AL1'

28-08-2024T20:39:25 - [MESSAGE][PASSED] - Text '' is set on object 'Object Repository/IWP30/Page_VRelay30Emulator/AL2'

28-08-2024T20:39:26 - [MESSAGE][PASSED] - Text '' is set on object 'Object Repository/IWP30/Page_VRelay30Emulator/Country'

28-08-2024T20:39:26 - [MESSAGE][PASSED] - Text '' is set on object 'Object Repository/IWP30/Page_VRelay30Emulator/City'

28-08-2024T20:39:27 - [MESSAGE][PASSED] - Text '' is set on object 'Object Repository/IWP30/Page_VRelay30Emulator/State'

28-08-2024T20:39:27 - [MESSAGE][PASSED] - Text '' is set on object 'Object Repository/IWP30/Page_VRelay30Emulator/ZIP'

28-08-2024T20:39:29 - [MESSAGE][PASSED] - Text '' is set on object 'Object Repository/IWP30/Page_VRelay30Emulator/Order'

28-08-2024T20:39:30 - [MESSAGE][PASSED] - Text '' is set on object 'Object Repository/IWP30/Page_VRelay30Emulator/Company'

28-08-2024T20:39:31 - [MESSAGE][PASSED] - Text '' is set on object 'Object Repository/IWP30/Page_VRelay30Emulator/Email'

28-08-2024T20:39:31 - [MESSAGE][PASSED] - Text '' is set on object 'Object Repository/IWP30/Page_VRelay30Emulator/UDF1'

28-08-2024T20:39:32 - [MESSAGE][PASSED] - Text '' is set on object 'Object Repository/IWP30/Page_VRelay30Emulator/UDF2'

28-08-2024T20:39:33 - [MESSAGE][PASSED] - Text '' is set on object 'Object Repository/IWP30/Page_VRelay30Emulator/UDF3'

28-08-2024T20:39:33 - [MESSAGE][PASSED] - Text 'udf data 4' is set on object 'Object Repository/IWP30/Page_VRelay30Emulator/UDF4'

28-08-2024T20:39:34 - [MESSAGE][PASSED] - Text 'udf data 5' is set on object 'Object Repository/IWP30/Page_VRelay30Emulator/UDF5'

28-08-2024T20:39:34 - [MESSAGE][PASSED] - Text '' is set on object 'Object Repository/IWP30/Page_VRelay30Emulator/UDF6'

28-08-2024T20:39:36 - [MESSAGE][PASSED] - Text '' is set on object 'Object Repository/IWP30/Page_VRelay30Emulator/UDF7'

28-08-2024T20:39:37 - [MESSAGE][PASSED] - Text '' is set on object 'Object Repository/IWP30/Page_VRelay30Emulator/UDF8'

28-08-2024T20:39:38 - [MESSAGE][PASSED] - Text 'udf data 9' is set on object 'Object Repository/IWP30/Page_VRelay30Emulator/UDF9'

28-08-2024T20:39:38 - [MESSAGE][PASSED] - Text 'udf data 10' is set on object 'Object Repository/IWP30/Page_VRelay30Emulator/UDF10'

28-08-2024T20:39:40 - [MESSAGE][PASSED] - Object: 'Object Repository/IWP30/Page_VRelay30Emulator/Submit' is clicked on

28-08-2024T20:39:44 - [MESSAGE][PASSED] - Browser is closed

28-08-2024T20:39:48 - [MESSAGE][PASSED] - iwpPages.emulatorIWP30.setDataEmulator_DD is PASSED

28-08-2024T20:39:48 - [TEST_STEP][PASSED] - testHarnessURL = urlTestHarness: null

28-08-2024T20:39:48 - [TEST_STEP][PASSED] - openBrowser(testHarnessURL): Browser is opened with url: 'https://dev-algorithm.govolution.com/vrelaytest/QA2/version_2_2/vrelaytest.html'

28-08-2024T20:39:48 - [MESSAGE][INFO] - Starting 'Edge Chromium' driver

28-08-2024T20:39:48 - [MESSAGE][INFO] - User set preference: ['acceptInsecureCerts', 'true']

28-08-2024T20:39:50 - [MESSAGE][INFO] - Action delay is set to 0 milliseconds

28-08-2024T20:39:56 - [MESSAGE][PASSED] - Browser is opened with url: 'https://dev-algorithm.govolution.com/vrelaytest/QA2/version_2_2/vrelaytest.html'

28-08-2024T20:39:56 - [TEST_STEP][PASSED] - maximizeWindow(): Current window maximized

28-08-2024T20:39:56 - [MESSAGE][PASSED] - Current window maximized

28-08-2024T20:39:56 - [TEST_STEP][PASSED] - iwpPages.TestHarnessPage.setDataMethod(row, dataFile): iwpPages.TestHarnessPage.setDataMethod is PASSED

28-08-2024T20:39:56 - [MESSAGE][PASSED] - Object 'Object Repository/IWP30/Page_QATestHarness/RemittanceID' is present

28-08-2024T20:39:57 - [MESSAGE][PASSED] - Text '638' is set on object 'Object Repository/IWP30/Page_QATestHarness/ApplicationID'

28-08-2024T20:39:58 - [MESSAGE][PASSED] - Text '2.5' is set on object 'Object Repository/IWP30/Page_QATestHarness/MessageVersion'

28-08-2024T20:39:58 - [MESSAGE][PASSED] - Text 'kPIGYOIGVIn2' is set on object 'Object Repository/IWP30/Page_QATestHarness/RemittanceID'

28-08-2024T20:40:03 - [MESSAGE][PASSED] - Object: 'Object Repository/IWP30/Page_QATestHarness/SubmitButton' is clicked on

28-08-2024T20:40:03 - [MESSAGE][PASSED] - iwpPages.TestHarnessPage.setDataMethod is PASSED

28-08-2024T20:40:03 - [TEST_STEP][PASSED] - click(findTestObject("Object Repository/IWP30/Page_SelectPaymentMethod/PayByCorporateCheck")): Object: 'Object Repository/IWP30/Page_SelectPaymentMethod/PayByCorporateCheck' is clicked on

28-08-2024T20:40:03 - [MESSAGE][PASSED] - Object: 'Object Repository/IWP30/Page_SelectPaymentMethod/PayByCorporateCheck' is clicked on

28-08-2024T20:40:03 - [TEST_STEP][PASSED] - click(findTestObject("Object Repository/IWP30/Page_SelectPaymentMethod/MakePaymentButton")): Object: 'Object Repository/IWP30/Page_SelectPaymentMethod/MakePaymentButton' is clicked on

28-08-2024T20:40:05 - [MESSAGE][PASSED] - Object: 'Object Repository/IWP30/Page_SelectPaymentMethod/MakePaymentButton' is clicked on

28-08-2024T20:40:05 - [TEST_STEP][PASSED] - iwpPages.achCorporatePaymentEntryPage.setDataCorporate(row, dataFile): iwpPages.achCorporatePaymentEntryPage.setDataCorporate is PASSED

28-08-2024T20:40:08 - [MESSAGE][PASSED] - Object 'Object Repository/IWP30/Page_ACHCorporatePaymentEntry/txt_accountNumber' is present

28-08-2024T20:40:09 - [MESSAGE][PASSED] - Object 'Object Repository/IWP30/Page_ACHCorporatePaymentEntry/input_CompanyName' is present

28-08-2024T20:40:09 - [MESSAGE][PASSED] - Text 'My Company' is set on object 'Object Repository/IWP30/Page_ACHCorporatePaymentEntry/input_CompanyName'

28-08-2024T20:40:10 - [MESSAGE][PASSED] - Object 'Object Repository/IWP30/Page_ACHCorporatePaymentEntry/input_EIN' is present

28-08-2024T20:40:10 - [MESSAGE][PASSED] - Text '123456789' is set on object 'Object Repository/IWP30/Page_ACHCorporatePaymentEntry/input_EIN'

28-08-2024T20:40:11 - [MESSAGE][PASSED] - Text '10.50' is set on object 'Object Repository/IWP30/Page_ACHCorporatePaymentEntry/txt_Amount'

28-08-2024T20:40:11 - [MESSAGE][PASSED] - Text 'udf data 2' is set on object 'Object Repository/IWP30/Page_ACHCorporatePaymentEntry/txt_UDF2'

28-08-2024T20:40:12 - [MESSAGE][PASSED] - Text 'udf data 3' is set on object 'Object Repository/IWP30/Page_ACHCorporatePaymentEntry/txt_UDF3'

28-08-2024T20:40:13 - [MESSAGE][PASSED] - All options with label 'Orange' are selected in object 'Object Repository/IWP30/Page_ACHCorporatePaymentEntry/dd_UDF7' 

28-08-2024T20:40:15 - [MESSAGE][PASSED] - All options with label 'Soccer' are selected in object 'Object Repository/IWP30/Page_ACHCorporatePaymentEntry/dd_UDF8' 

28-08-2024T20:40:15 - [MESSAGE][PASSED] - Object 'Object Repository/IWP30/Page_ACHCorporatePaymentEntry/txt_routingNumber' is present

28-08-2024T20:40:16 - [MESSAGE][PASSED] - Text '256072691' is set on object 'Object Repository/IWP30/Page_ACHCorporatePaymentEntry/txt_routingNumber'

28-08-2024T20:40:16 - [MESSAGE][PASSED] - Object 'Object Repository/IWP30/Page_ACHCorporatePaymentEntry/txt_accountNumber' is present

28-08-2024T20:40:17 - [MESSAGE][PASSED] - Text '12344444' is set on object 'Object Repository/IWP30/Page_ACHCorporatePaymentEntry/txt_accountNumber'

28-08-2024T20:40:18 - [MESSAGE][PASSED] - Object 'Object Repository/IWP30/Page_ACHCorporatePaymentEntry/txt_confirmAccountNumber' is present

28-08-2024T20:40:18 - [MESSAGE][PASSED] - Text '12344444' is set on object 'Object Repository/IWP30/Page_ACHCorporatePaymentEntry/txt_confirmAccountNumber'

28-08-2024T20:40:19 - [MESSAGE][PASSED] - Text '365 Main Avenue' is set on object 'Object Repository/IWP30/Page_ACHCorporatePaymentEntry/txt_AL1'

28-08-2024T20:40:21 - [MESSAGE][PASSED] - Text '22201' is set on object 'Object Repository/IWP30/Page_ACHCorporatePaymentEntry/txt_ZIP'

28-08-2024T20:40:21 - [MESSAGE][PASSED] - Object 'Object Repository/IWP30/Page_ACHCorporatePaymentEntry/txt_Email' is present

28-08-2024T20:40:23 - [MESSAGE][PASSED] - Text 'iahmed@govolution.com' is set on object 'Object Repository/IWP30/Page_ACHCorporatePaymentEntry/txt_Email'

28-08-2024T20:40:23 - [MESSAGE][PASSED] - Object 'Object Repository/IWP30/Page_ACHCorporatePaymentEntry/cb_TermsAndCond' is present

28-08-2024T20:40:24 - [MESSAGE][PASSED] - Object: 'Object Repository/IWP30/Page_ACHCorporatePaymentEntry/cb_TermsAndCond' is clicked on

28-08-2024T20:40:24 - [MESSAGE][PASSED] - Object 'Object Repository/IWP30/Page_ACHCorporatePaymentEntry/btn_Continue' is present

28-08-2024T20:40:25 - [MESSAGE][PASSED] - Object: 'Object Repository/IWP30/Page_ACHCorporatePaymentEntry/btn_Continue' is clicked on

28-08-2024T20:40:25 - [MESSAGE][PASSED] - iwpPages.achCorporatePaymentEntryPage.setDataCorporate is PASSED

28-08-2024T20:40:25 - [TEST_STEP][PASSED] - click(findTestObject("Object Repository/IWP30/Page_Confirmation/ConfirmButton")): Object: 'Object Repository/IWP30/Page_Confirmation/ConfirmButton' is clicked on

28-08-2024T20:40:28 - [MESSAGE][PASSED] - Object: 'Object Repository/IWP30/Page_Confirmation/ConfirmButton' is clicked on

28-08-2024T20:40:28 - [TEST_STEP][PASSED] - Thread.sleep(10000): null

28-08-2024T20:40:38 - [TEST_STEP][PASSED] - if (verifyTextPresent("Successful Payment Receipt", false)): null

28-08-2024T20:40:39 - [MESSAGE][PASSED] - Text 'Successful Payment Receipt' is present on page 

28-08-2024T20:40:39 - [TEST_STEP][PASSED] - println("Successful Payment Receipt text is present on the Receipt page"): null

28-08-2024T20:40:39 - [TEST_STEP][PASSED] - markPassed("Successful Payment Receipt text is present on the Receipt page"): Successful Payment Receipt text is present on the Receipt page

28-08-2024T20:40:39 - [MESSAGE][PASSED] - Successful Payment Receipt text is present on the Receipt page

28-08-2024T20:40:39 - [TEST_STEP][PASSED] - resText = "Pass": null

28-08-2024T20:40:39 - [TEST_STEP][PASSED] - pages.WriteExcel.demoKey(resText, datText, resColumn, datCloumn, fileLoc, nameSheet, row): pages.WriteExcel.demoKey is PASSED

28-08-2024T20:40:39 - [MESSAGE][PASSED] - pages.WriteExcel.demoKey is PASSED

28-08-2024T20:40:39 - [TEST_STEP][PASSED] - closeBrowser(): Browser is closed

28-08-2024T20:40:40 - [MESSAGE][PASSED] - Browser is closed

28-08-2024T20:40:40 - [TEST_STEP][PASSED] - ExecuteTC = findTestData(dataFile).getValue("Execute", row): null

28-08-2024T20:40:41 - [TEST_STEP][PASSED] - out.println("Value of Execute is : " + ExecuteTC): null

28-08-2024T20:40:41 - [TEST_STEP][PASSED] - if (ExecuteTC.equalsIgnoreCase("Y")): null

28-08-2024T20:40:41 - [TEST_STEP][PASSED] - out.println("Begin Record Number: " + row): null

28-08-2024T20:40:41 - [TEST_STEP][PASSED] - today = new java.util.Date(): null

28-08-2024T20:40:41 - [TEST_STEP][PASSED] - println(today): null

28-08-2024T20:40:41 - [TEST_STEP][PASSED] - datText = today: null

28-08-2024T20:40:41 - [TEST_STEP][PASSED] - EmulatorDataKey = findTestData(dataFile).getValue("EmulatorData", row): null

28-08-2024T20:40:41 - [TEST_STEP][PASSED] - out.println("Value of Emulator Key is : " + EmulatorDataKey): null

28-08-2024T20:40:41 - [TEST_STEP][PASSED] - iwpPages.emulatorIWP30.setDataEmulator_DD(EmulatorDataKey): iwpPages.emulatorIWP30.setDataEmulator_DD is PASSED

28-08-2024T20:40:42 - [MESSAGE][INFO] - Starting 'Edge Chromium' driver

28-08-2024T20:40:42 - [MESSAGE][INFO] - User set preference: ['acceptInsecureCerts', 'true']

28-08-2024T20:40:44 - [MESSAGE][INFO] - Action delay is set to 0 milliseconds

28-08-2024T20:40:49 - [MESSAGE][PASSED] - Browser is opened with url: 'https://qa2.velocitypayment.com/agency/config.do?action=editor&message_version=2_5'

28-08-2024T20:40:51 - [MESSAGE][PASSED] - Current window maximized

28-08-2024T20:40:52 - [MESSAGE][PASSED] - All options with value '2.5' are selected in object 'Object Repository/IWP30/Page_VRelay30Emulator/MV'  using regular expression

28-08-2024T20:40:53 - [MESSAGE][PASSED] - Text '10.50' is set on object 'Object Repository/IWP30/Page_VRelay30Emulator/Amount'

28-08-2024T20:40:53 - [MESSAGE][PASSED] - Text '26413255' is set on object 'Object Repository/IWP30/Page_VRelay30Emulator/CAN'

28-08-2024T20:40:54 - [MESSAGE][PASSED] - Text 'PayNow' is set on object 'Object Repository/IWP30/Page_VRelay30Emulator/Action'

28-08-2024T20:40:54 - [MESSAGE][PASSED] - Text 'en_US' is set on object 'Object Repository/IWP30/Page_VRelay30Emulator/Lang'

28-08-2024T20:40:55 - [MESSAGE][PASSED] - Text 'Jasmine' is set on object 'Object Repository/IWP30/Page_VRelay30Emulator/Fname'

28-08-2024T20:40:58 - [MESSAGE][PASSED] - Text 'Patrinol' is set on object 'Object Repository/IWP30/Page_VRelay30Emulator/Lname'

28-08-2024T20:40:59 - [MESSAGE][PASSED] - Text '258 Underwood rd' is set on object 'Object Repository/IWP30/Page_VRelay30Emulator/AL1'

28-08-2024T20:40:59 - [MESSAGE][PASSED] - Text 'Suite 600' is set on object 'Object Repository/IWP30/Page_VRelay30Emulator/AL2'

28-08-2024T20:41:00 - [MESSAGE][PASSED] - Text '840' is set on object 'Object Repository/IWP30/Page_VRelay30Emulator/Country'

28-08-2024T20:41:01 - [MESSAGE][PASSED] - Text 'Arlington' is set on object 'Object Repository/IWP30/Page_VRelay30Emulator/City'

28-08-2024T20:41:01 - [MESSAGE][PASSED] - Text 'VA' is set on object 'Object Repository/IWP30/Page_VRelay30Emulator/State'

28-08-2024T20:41:02 - [MESSAGE][PASSED] - Text '22201' is set on object 'Object Repository/IWP30/Page_VRelay30Emulator/ZIP'

28-08-2024T20:41:04 - [MESSAGE][PASSED] - Text '' is set on object 'Object Repository/IWP30/Page_VRelay30Emulator/Order'

28-08-2024T20:41:05 - [MESSAGE][PASSED] - Text 'Some Company' is set on object 'Object Repository/IWP30/Page_VRelay30Emulator/Company'

28-08-2024T20:41:05 - [MESSAGE][PASSED] - Text 'iahmed@govolution.com' is set on object 'Object Repository/IWP30/Page_VRelay30Emulator/Email'

28-08-2024T20:41:06 - [MESSAGE][PASSED] - Text 'udf data 1' is set on object 'Object Repository/IWP30/Page_VRelay30Emulator/UDF1'

28-08-2024T20:41:06 - [MESSAGE][PASSED] - Text 'udf data 2' is set on object 'Object Repository/IWP30/Page_VRelay30Emulator/UDF2'

28-08-2024T20:41:07 - [MESSAGE][PASSED] - Text 'udf data 3' is set on object 'Object Repository/IWP30/Page_VRelay30Emulator/UDF3'

28-08-2024T20:41:08 - [MESSAGE][PASSED] - Text 'udf data 4' is set on object 'Object Repository/IWP30/Page_VRelay30Emulator/UDF4'

28-08-2024T20:41:08 - [MESSAGE][PASSED] - Text 'udf data 5' is set on object 'Object Repository/IWP30/Page_VRelay30Emulator/UDF5'

28-08-2024T20:41:10 - [MESSAGE][PASSED] - Text 'udf data 6' is set on object 'Object Repository/IWP30/Page_VRelay30Emulator/UDF6'

28-08-2024T20:41:11 - [MESSAGE][PASSED] - Text 'Orange' is set on object 'Object Repository/IWP30/Page_VRelay30Emulator/UDF7'

28-08-2024T20:41:12 - [MESSAGE][PASSED] - Text 'Soccer' is set on object 'Object Repository/IWP30/Page_VRelay30Emulator/UDF8'

28-08-2024T20:41:12 - [MESSAGE][PASSED] - Text 'udf data 9' is set on object 'Object Repository/IWP30/Page_VRelay30Emulator/UDF9'

28-08-2024T20:41:13 - [MESSAGE][PASSED] - Text 'udf data 10' is set on object 'Object Repository/IWP30/Page_VRelay30Emulator/UDF10'

28-08-2024T20:41:14 - [MESSAGE][PASSED] - Object: 'Object Repository/IWP30/Page_VRelay30Emulator/Submit' is clicked on

28-08-2024T20:41:18 - [MESSAGE][PASSED] - Browser is closed

28-08-2024T20:41:22 - [MESSAGE][PASSED] - iwpPages.emulatorIWP30.setDataEmulator_DD is PASSED

28-08-2024T20:41:22 - [TEST_STEP][PASSED] - testHarnessURL = urlTestHarness: null

28-08-2024T20:41:22 - [TEST_STEP][PASSED] - openBrowser(testHarnessURL): Browser is opened with url: 'https://dev-algorithm.govolution.com/vrelaytest/QA2/version_2_2/vrelaytest.html'

28-08-2024T20:41:22 - [MESSAGE][INFO] - Starting 'Edge Chromium' driver

28-08-2024T20:41:22 - [MESSAGE][INFO] - User set preference: ['acceptInsecureCerts', 'true']

28-08-2024T20:41:24 - [MESSAGE][INFO] - Action delay is set to 0 milliseconds

28-08-2024T20:41:32 - [MESSAGE][PASSED] - Browser is opened with url: 'https://dev-algorithm.govolution.com/vrelaytest/QA2/version_2_2/vrelaytest.html'

28-08-2024T20:41:32 - [TEST_STEP][PASSED] - maximizeWindow(): Current window maximized

28-08-2024T20:41:32 - [MESSAGE][PASSED] - Current window maximized

28-08-2024T20:41:32 - [TEST_STEP][PASSED] - iwpPages.TestHarnessPage.setDataMethod(row, dataFile): iwpPages.TestHarnessPage.setDataMethod is PASSED

28-08-2024T20:41:33 - [MESSAGE][PASSED] - Object 'Object Repository/IWP30/Page_QATestHarness/RemittanceID' is present

28-08-2024T20:41:33 - [MESSAGE][PASSED] - Text '638' is set on object 'Object Repository/IWP30/Page_QATestHarness/ApplicationID'

28-08-2024T20:41:34 - [MESSAGE][PASSED] - Text '2.5' is set on object 'Object Repository/IWP30/Page_QATestHarness/MessageVersion'

28-08-2024T20:41:34 - [MESSAGE][PASSED] - Text 'uJKtztech25G' is set on object 'Object Repository/IWP30/Page_QATestHarness/RemittanceID'

28-08-2024T20:41:40 - [MESSAGE][PASSED] - Object: 'Object Repository/IWP30/Page_QATestHarness/SubmitButton' is clicked on

28-08-2024T20:41:40 - [MESSAGE][PASSED] - iwpPages.TestHarnessPage.setDataMethod is PASSED

28-08-2024T20:41:40 - [TEST_STEP][PASSED] - click(findTestObject("Object Repository/IWP30/Page_SelectPaymentMethod/PayByCorporateCheck")): Object: 'Object Repository/IWP30/Page_SelectPaymentMethod/PayByCorporateCheck' is clicked on

28-08-2024T20:41:41 - [MESSAGE][PASSED] - Object: 'Object Repository/IWP30/Page_SelectPaymentMethod/PayByCorporateCheck' is clicked on

28-08-2024T20:41:41 - [TEST_STEP][PASSED] - click(findTestObject("Object Repository/IWP30/Page_SelectPaymentMethod/MakePaymentButton")): Object: 'Object Repository/IWP30/Page_SelectPaymentMethod/MakePaymentButton' is clicked on

28-08-2024T20:41:45 - [MESSAGE][PASSED] - Object: 'Object Repository/IWP30/Page_SelectPaymentMethod/MakePaymentButton' is clicked on

28-08-2024T20:41:45 - [TEST_STEP][PASSED] - iwpPages.achCorporatePaymentEntryPage.setDataCorporate(row, dataFile): iwpPages.achCorporatePaymentEntryPage.setDataCorporate is PASSED

28-08-2024T20:41:46 - [MESSAGE][PASSED] - Object 'Object Repository/IWP30/Page_ACHCorporatePaymentEntry/txt_accountNumber' is present

28-08-2024T20:41:47 - [MESSAGE][PASSED] - Object 'Object Repository/IWP30/Page_ACHCorporatePaymentEntry/input_CompanyName' is present

28-08-2024T20:41:47 - [MESSAGE][PASSED] - Object 'Object Repository/IWP30/Page_ACHCorporatePaymentEntry/input_EIN' is present

28-08-2024T20:41:47 - [MESSAGE][PASSED] - Text '123456789' is set on object 'Object Repository/IWP30/Page_ACHCorporatePaymentEntry/input_EIN'

28-08-2024T20:41:48 - [MESSAGE][PASSED] - All options with label 'Soccer' are selected in object 'Object Repository/IWP30/Page_ACHCorporatePaymentEntry/dd_UDF8' 

28-08-2024T20:41:48 - [MESSAGE][PASSED] - Object 'Object Repository/IWP30/Page_ACHCorporatePaymentEntry/txt_routingNumber' is present

28-08-2024T20:41:49 - [MESSAGE][PASSED] - Text '256072691' is set on object 'Object Repository/IWP30/Page_ACHCorporatePaymentEntry/txt_routingNumber'

28-08-2024T20:41:49 - [MESSAGE][PASSED] - Object 'Object Repository/IWP30/Page_ACHCorporatePaymentEntry/txt_accountNumber' is present

28-08-2024T20:41:51 - [MESSAGE][PASSED] - Text '12344444' is set on object 'Object Repository/IWP30/Page_ACHCorporatePaymentEntry/txt_accountNumber'

28-08-2024T20:41:52 - [MESSAGE][PASSED] - Object 'Object Repository/IWP30/Page_ACHCorporatePaymentEntry/txt_confirmAccountNumber' is present

28-08-2024T20:41:53 - [MESSAGE][PASSED] - Text '12344444' is set on object 'Object Repository/IWP30/Page_ACHCorporatePaymentEntry/txt_confirmAccountNumber'

28-08-2024T20:41:53 - [MESSAGE][PASSED] - Object 'Object Repository/IWP30/Page_ACHCorporatePaymentEntry/txt_Email' is present

28-08-2024T20:41:53 - [MESSAGE][PASSED] - Object 'Object Repository/IWP30/Page_ACHCorporatePaymentEntry/cb_TermsAndCond' is present

28-08-2024T20:41:54 - [MESSAGE][PASSED] - Object: 'Object Repository/IWP30/Page_ACHCorporatePaymentEntry/cb_TermsAndCond' is clicked on

28-08-2024T20:41:54 - [MESSAGE][PASSED] - Object 'Object Repository/IWP30/Page_ACHCorporatePaymentEntry/btn_Continue' is present

28-08-2024T20:41:56 - [MESSAGE][PASSED] - Object: 'Object Repository/IWP30/Page_ACHCorporatePaymentEntry/btn_Continue' is clicked on

28-08-2024T20:41:56 - [MESSAGE][PASSED] - iwpPages.achCorporatePaymentEntryPage.setDataCorporate is PASSED

28-08-2024T20:41:56 - [TEST_STEP][PASSED] - click(findTestObject("Object Repository/IWP30/Page_Confirmation/ConfirmButton")): Object: 'Object Repository/IWP30/Page_Confirmation/ConfirmButton' is clicked on

28-08-2024T20:42:00 - [MESSAGE][PASSED] - Object: 'Object Repository/IWP30/Page_Confirmation/ConfirmButton' is clicked on

28-08-2024T20:42:00 - [TEST_STEP][PASSED] - Thread.sleep(10000): null

28-08-2024T20:42:10 - [TEST_STEP][PASSED] - if (verifyTextPresent("Successful Payment Receipt", false)): null

28-08-2024T20:42:11 - [MESSAGE][PASSED] - Text 'Successful Payment Receipt' is present on page 

28-08-2024T20:42:11 - [TEST_STEP][PASSED] - println("Successful Payment Receipt text is present on the Receipt page"): null

28-08-2024T20:42:11 - [TEST_STEP][PASSED] - markPassed("Successful Payment Receipt text is present on the Receipt page"): Successful Payment Receipt text is present on the Receipt page

28-08-2024T20:42:11 - [MESSAGE][PASSED] - Successful Payment Receipt text is present on the Receipt page

28-08-2024T20:42:11 - [TEST_STEP][PASSED] - resText = "Pass": null

28-08-2024T20:42:11 - [TEST_STEP][PASSED] - pages.WriteExcel.demoKey(resText, datText, resColumn, datCloumn, fileLoc, nameSheet, row): pages.WriteExcel.demoKey is PASSED

28-08-2024T20:42:11 - [MESSAGE][PASSED] - pages.WriteExcel.demoKey is PASSED

28-08-2024T20:42:11 - [TEST_STEP][PASSED] - closeBrowser(): Browser is closed

28-08-2024T20:42:13 - [MESSAGE][PASSED] - Browser is closed

28-08-2024T20:42:13 - [TEST_STEP][PASSED] - ExecuteTC = findTestData(dataFile).getValue("Execute", row): null

28-08-2024T20:42:13 - [TEST_STEP][PASSED] - out.println("Value of Execute is : " + ExecuteTC): null

28-08-2024T20:42:13 - [TEST_STEP][PASSED] - if (ExecuteTC.equalsIgnoreCase("Y")): null

28-08-2024T20:42:13 - [TEST_STEP][PASSED] - out.println("Begin Record Number: " + row): null

28-08-2024T20:42:13 - [TEST_STEP][PASSED] - today = new java.util.Date(): null

28-08-2024T20:42:13 - [TEST_STEP][PASSED] - println(today): null

28-08-2024T20:42:13 - [TEST_STEP][PASSED] - datText = today: null

28-08-2024T20:42:13 - [TEST_STEP][PASSED] - EmulatorDataKey = findTestData(dataFile).getValue("EmulatorData", row): null

28-08-2024T20:42:13 - [TEST_STEP][PASSED] - out.println("Value of Emulator Key is : " + EmulatorDataKey): null

28-08-2024T20:42:13 - [TEST_STEP][PASSED] - iwpPages.emulatorIWP30.setDataEmulator_DD(EmulatorDataKey): iwpPages.emulatorIWP30.setDataEmulator_DD is PASSED

28-08-2024T20:42:13 - [MESSAGE][INFO] - Starting 'Edge Chromium' driver

28-08-2024T20:42:13 - [MESSAGE][INFO] - User set preference: ['acceptInsecureCerts', 'true']

28-08-2024T20:42:15 - [MESSAGE][INFO] - Action delay is set to 0 milliseconds

28-08-2024T20:42:21 - [MESSAGE][PASSED] - Browser is opened with url: 'https://qa2.velocitypayment.com/agency/config.do?action=editor&message_version=2_5'

28-08-2024T20:42:21 - [MESSAGE][PASSED] - Current window maximized

28-08-2024T20:42:22 - [MESSAGE][PASSED] - All options with value '2.5' are selected in object 'Object Repository/IWP30/Page_VRelay30Emulator/MV'  using regular expression

28-08-2024T20:42:23 - [MESSAGE][PASSED] - Text '10.50' is set on object 'Object Repository/IWP30/Page_VRelay30Emulator/Amount'

28-08-2024T20:42:24 - [MESSAGE][PASSED] - Text '26413414' is set on object 'Object Repository/IWP30/Page_VRelay30Emulator/CAN'

28-08-2024T20:42:24 - [MESSAGE][PASSED] - Text 'PayNow' is set on object 'Object Repository/IWP30/Page_VRelay30Emulator/Action'

28-08-2024T20:42:25 - [MESSAGE][PASSED] - Text 'en_US' is set on object 'Object Repository/IWP30/Page_VRelay30Emulator/Lang'

28-08-2024T20:42:26 - [MESSAGE][PASSED] - Text '' is set on object 'Object Repository/IWP30/Page_VRelay30Emulator/Fname'

28-08-2024T20:42:27 - [MESSAGE][PASSED] - Text '' is set on object 'Object Repository/IWP30/Page_VRelay30Emulator/Lname'

28-08-2024T20:42:29 - [MESSAGE][PASSED] - Text '' is set on object 'Object Repository/IWP30/Page_VRelay30Emulator/AL1'

28-08-2024T20:42:29 - [MESSAGE][PASSED] - Text '' is set on object 'Object Repository/IWP30/Page_VRelay30Emulator/AL2'

28-08-2024T20:42:30 - [MESSAGE][PASSED] - Text '' is set on object 'Object Repository/IWP30/Page_VRelay30Emulator/Country'

28-08-2024T20:42:31 - [MESSAGE][PASSED] - Text '' is set on object 'Object Repository/IWP30/Page_VRelay30Emulator/City'

28-08-2024T20:42:31 - [MESSAGE][PASSED] - Text '' is set on object 'Object Repository/IWP30/Page_VRelay30Emulator/State'

28-08-2024T20:42:32 - [MESSAGE][PASSED] - Text '' is set on object 'Object Repository/IWP30/Page_VRelay30Emulator/ZIP'

28-08-2024T20:42:32 - [MESSAGE][PASSED] - Text '' is set on object 'Object Repository/IWP30/Page_VRelay30Emulator/Order'

28-08-2024T20:42:34 - [MESSAGE][PASSED] - Text '' is set on object 'Object Repository/IWP30/Page_VRelay30Emulator/Company'

28-08-2024T20:42:35 - [MESSAGE][PASSED] - Text '' is set on object 'Object Repository/IWP30/Page_VRelay30Emulator/Email'

28-08-2024T20:42:36 - [MESSAGE][PASSED] - Text '' is set on object 'Object Repository/IWP30/Page_VRelay30Emulator/UDF1'

28-08-2024T20:42:36 - [MESSAGE][PASSED] - Text '' is set on object 'Object Repository/IWP30/Page_VRelay30Emulator/UDF2'

28-08-2024T20:42:37 - [MESSAGE][PASSED] - Text '' is set on object 'Object Repository/IWP30/Page_VRelay30Emulator/UDF3'

28-08-2024T20:42:38 - [MESSAGE][PASSED] - Text 'udf data 4' is set on object 'Object Repository/IWP30/Page_VRelay30Emulator/UDF4'

28-08-2024T20:42:38 - [MESSAGE][PASSED] - Text 'udf data 5' is set on object 'Object Repository/IWP30/Page_VRelay30Emulator/UDF5'

28-08-2024T20:42:39 - [MESSAGE][PASSED] - Text '' is set on object 'Object Repository/IWP30/Page_VRelay30Emulator/UDF6'

28-08-2024T20:42:39 - [MESSAGE][PASSED] - Text '' is set on object 'Object Repository/IWP30/Page_VRelay30Emulator/UDF7'

28-08-2024T20:42:41 - [MESSAGE][PASSED] - Text '' is set on object 'Object Repository/IWP30/Page_VRelay30Emulator/UDF8'

28-08-2024T20:42:42 - [MESSAGE][PASSED] - Text 'udf data 9' is set on object 'Object Repository/IWP30/Page_VRelay30Emulator/UDF9'

28-08-2024T20:42:43 - [MESSAGE][PASSED] - Text 'udf data 10' is set on object 'Object Repository/IWP30/Page_VRelay30Emulator/UDF10'

28-08-2024T20:42:44 - [MESSAGE][PASSED] - Object: 'Object Repository/IWP30/Page_VRelay30Emulator/Submit' is clicked on

28-08-2024T20:42:49 - [MESSAGE][PASSED] - Browser is closed

28-08-2024T20:42:53 - [MESSAGE][PASSED] - iwpPages.emulatorIWP30.setDataEmulator_DD is PASSED

28-08-2024T20:42:53 - [TEST_STEP][PASSED] - testHarnessURL = urlTestHarness: null

28-08-2024T20:42:53 - [TEST_STEP][PASSED] - openBrowser(testHarnessURL): Browser is opened with url: 'https://dev-algorithm.govolution.com/vrelaytest/QA2/version_2_2/vrelaytest.html'

28-08-2024T20:42:53 - [MESSAGE][INFO] - Starting 'Edge Chromium' driver

28-08-2024T20:42:53 - [MESSAGE][INFO] - User set preference: ['acceptInsecureCerts', 'true']

28-08-2024T20:42:55 - [MESSAGE][INFO] - Action delay is set to 0 milliseconds

28-08-2024T20:43:03 - [MESSAGE][PASSED] - Browser is opened with url: 'https://dev-algorithm.govolution.com/vrelaytest/QA2/version_2_2/vrelaytest.html'

28-08-2024T20:43:03 - [TEST_STEP][PASSED] - maximizeWindow(): Current window maximized

28-08-2024T20:43:03 - [MESSAGE][PASSED] - Current window maximized

28-08-2024T20:43:03 - [TEST_STEP][PASSED] - iwpPages.TestHarnessPage.setDataMethod(row, dataFile): iwpPages.TestHarnessPage.setDataMethod is PASSED

28-08-2024T20:43:04 - [MESSAGE][PASSED] - Object 'Object Repository/IWP30/Page_QATestHarness/RemittanceID' is present

28-08-2024T20:43:04 - [MESSAGE][PASSED] - Text '638' is set on object 'Object Repository/IWP30/Page_QATestHarness/ApplicationID'

28-08-2024T20:43:05 - [MESSAGE][PASSED] - Text '2.5' is set on object 'Object Repository/IWP30/Page_QATestHarness/MessageVersion'

28-08-2024T20:43:06 - [MESSAGE][PASSED] - Text 'Hdid3RDJIL8j' is set on object 'Object Repository/IWP30/Page_QATestHarness/RemittanceID'

28-08-2024T20:43:10 - [MESSAGE][PASSED] - Object: 'Object Repository/IWP30/Page_QATestHarness/SubmitButton' is clicked on

28-08-2024T20:43:10 - [MESSAGE][PASSED] - iwpPages.TestHarnessPage.setDataMethod is PASSED

28-08-2024T20:43:10 - [TEST_STEP][PASSED] - click(findTestObject("Object Repository/IWP30/Page_SelectPaymentMethod/PayByCorporateCheck")): Object: 'Object Repository/IWP30/Page_SelectPaymentMethod/PayByCorporateCheck' is clicked on

28-08-2024T20:43:10 - [MESSAGE][PASSED] - Object: 'Object Repository/IWP30/Page_SelectPaymentMethod/PayByCorporateCheck' is clicked on

28-08-2024T20:43:10 - [TEST_STEP][PASSED] - click(findTestObject("Object Repository/IWP30/Page_SelectPaymentMethod/MakePaymentButton")): Object: 'Object Repository/IWP30/Page_SelectPaymentMethod/MakePaymentButton' is clicked on

28-08-2024T20:43:13 - [MESSAGE][PASSED] - Object: 'Object Repository/IWP30/Page_SelectPaymentMethod/MakePaymentButton' is clicked on

28-08-2024T20:43:13 - [TEST_STEP][PASSED] - iwpPages.achCorporatePaymentEntryPage.setDataCorporate(row, dataFile): iwpPages.achCorporatePaymentEntryPage.setDataCorporate is PASSED

28-08-2024T20:43:14 - [MESSAGE][PASSED] - Object 'Object Repository/IWP30/Page_ACHCorporatePaymentEntry/txt_accountNumber' is present

28-08-2024T20:43:14 - [MESSAGE][PASSED] - Object 'Object Repository/IWP30/Page_ACHCorporatePaymentEntry/input_CompanyName' is present

28-08-2024T20:43:16 - [MESSAGE][PASSED] - Text 'My Company' is set on object 'Object Repository/IWP30/Page_ACHCorporatePaymentEntry/input_CompanyName'

28-08-2024T20:43:17 - [MESSAGE][PASSED] - Object 'Object Repository/IWP30/Page_ACHCorporatePaymentEntry/input_EIN' is present

28-08-2024T20:43:17 - [MESSAGE][PASSED] - Text '10.50' is set on object 'Object Repository/IWP30/Page_ACHCorporatePaymentEntry/txt_Amount'

28-08-2024T20:43:18 - [MESSAGE][PASSED] - Text 'udf data 3' is set on object 'Object Repository/IWP30/Page_ACHCorporatePaymentEntry/txt_UDF3'

28-08-2024T20:43:18 - [MESSAGE][PASSED] - All options with label 'Soccer' are selected in object 'Object Repository/IWP30/Page_ACHCorporatePaymentEntry/dd_UDF8' 

28-08-2024T20:43:19 - [MESSAGE][PASSED] - Object 'Object Repository/IWP30/Page_ACHCorporatePaymentEntry/txt_routingNumber' is present

28-08-2024T20:43:19 - [MESSAGE][PASSED] - Text '256072691' is set on object 'Object Repository/IWP30/Page_ACHCorporatePaymentEntry/txt_routingNumber'

28-08-2024T20:43:19 - [MESSAGE][PASSED] - Object 'Object Repository/IWP30/Page_ACHCorporatePaymentEntry/txt_accountNumber' is present

28-08-2024T20:43:20 - [MESSAGE][PASSED] - Text '12344444' is set on object 'Object Repository/IWP30/Page_ACHCorporatePaymentEntry/txt_accountNumber'

28-08-2024T20:43:22 - [MESSAGE][PASSED] - Object 'Object Repository/IWP30/Page_ACHCorporatePaymentEntry/txt_confirmAccountNumber' is present

28-08-2024T20:43:23 - [MESSAGE][PASSED] - Text '12344444' is set on object 'Object Repository/IWP30/Page_ACHCorporatePaymentEntry/txt_confirmAccountNumber'

28-08-2024T20:43:24 - [MESSAGE][PASSED] - Text '365 Main Avenue' is set on object 'Object Repository/IWP30/Page_ACHCorporatePaymentEntry/txt_AL1'

28-08-2024T20:43:24 - [MESSAGE][PASSED] - Text '22201' is set on object 'Object Repository/IWP30/Page_ACHCorporatePaymentEntry/txt_ZIP'

28-08-2024T20:43:24 - [MESSAGE][PASSED] - Object 'Object Repository/IWP30/Page_ACHCorporatePaymentEntry/txt_Email' is present

28-08-2024T20:43:26 - [MESSAGE][PASSED] - Text 'iahmed@govolution.com' is set on object 'Object Repository/IWP30/Page_ACHCorporatePaymentEntry/txt_Email'

28-08-2024T20:43:26 - [MESSAGE][PASSED] - Object 'Object Repository/IWP30/Page_ACHCorporatePaymentEntry/cb_TermsAndCond' is present

28-08-2024T20:43:26 - [MESSAGE][PASSED] - Object: 'Object Repository/IWP30/Page_ACHCorporatePaymentEntry/cb_TermsAndCond' is clicked on

28-08-2024T20:43:27 - [MESSAGE][PASSED] - Object 'Object Repository/IWP30/Page_ACHCorporatePaymentEntry/btn_Continue' is present

28-08-2024T20:43:29 - [MESSAGE][PASSED] - Object: 'Object Repository/IWP30/Page_ACHCorporatePaymentEntry/btn_Continue' is clicked on

28-08-2024T20:43:29 - [MESSAGE][PASSED] - iwpPages.achCorporatePaymentEntryPage.setDataCorporate is PASSED

28-08-2024T20:43:29 - [TEST_STEP][PASSED] - click(findTestObject("Object Repository/IWP30/Page_Confirmation/ConfirmButton")): Object: 'Object Repository/IWP30/Page_Confirmation/ConfirmButton' is clicked on

28-08-2024T20:43:31 - [MESSAGE][PASSED] - Object: 'Object Repository/IWP30/Page_Confirmation/ConfirmButton' is clicked on

28-08-2024T20:43:31 - [TEST_STEP][PASSED] - Thread.sleep(10000): null

28-08-2024T20:43:42 - [TEST_STEP][PASSED] - if (verifyTextPresent("Successful Payment Receipt", false)): null

28-08-2024T20:43:42 - [MESSAGE][PASSED] - Text 'Successful Payment Receipt' is present on page 

28-08-2024T20:43:42 - [TEST_STEP][PASSED] - println("Successful Payment Receipt text is present on the Receipt page"): null

28-08-2024T20:43:42 - [TEST_STEP][PASSED] - markPassed("Successful Payment Receipt text is present on the Receipt page"): Successful Payment Receipt text is present on the Receipt page

28-08-2024T20:43:42 - [MESSAGE][PASSED] - Successful Payment Receipt text is present on the Receipt page

28-08-2024T20:43:42 - [TEST_STEP][PASSED] - resText = "Pass": null

28-08-2024T20:43:42 - [TEST_STEP][PASSED] - pages.WriteExcel.demoKey(resText, datText, resColumn, datCloumn, fileLoc, nameSheet, row): pages.WriteExcel.demoKey is PASSED

28-08-2024T20:43:42 - [MESSAGE][PASSED] - pages.WriteExcel.demoKey is PASSED

28-08-2024T20:43:42 - [TEST_STEP][PASSED] - closeBrowser(): Browser is closed

28-08-2024T20:43:44 - [MESSAGE][PASSED] - Browser is closed]]></system-out>
         <system-err><![CDATA[]]></system-err>
      </testcase>
      <testcase name="Test Cases/IntegratedWeb/IWP25/Payments/PayNowCorpSCF" time="229.841" classname="Test Cases/IntegratedWeb/IWP25/Payments/PayNowCorpSCF" status="PASSED">
         <system-out><![CDATA[28-08-2024T20:43:44 - [TEST_CASE][PASSED] - Test Cases/IntegratedWeb/IWP25/Payments/PayNowCorpSCF: Test Cases/IntegratedWeb/IWP25/Payments/PayNowCorpSCF

28-08-2024T20:43:44 - [TEST_STEP][PASSED] - resText = "Fail": null

28-08-2024T20:43:44 - [TEST_STEP][PASSED] - resColumn = "Result": null

28-08-2024T20:43:44 - [TEST_STEP][PASSED] - datCloumn = "Date": null

28-08-2024T20:43:44 - [TEST_STEP][PASSED] - fileLoc = "KatalonData/IWPTestData/VRelay25Payments.xlsx": null

28-08-2024T20:43:44 - [TEST_STEP][PASSED] - numOfRows = <not implemented yet for class: org.codehaus.groovy.ast.expr.EmptyExpression>: null

28-08-2024T20:43:44 - [TEST_STEP][PASSED] - dataFile = <not implemented yet for class: org.codehaus.groovy.ast.expr.EmptyExpression>: null

28-08-2024T20:43:44 - [TEST_STEP][PASSED] - nameSheet = <not implemented yet for class: org.codehaus.groovy.ast.expr.EmptyExpression>: null

28-08-2024T20:43:44 - [TEST_STEP][PASSED] - dataFileEmulator = <not implemented yet for class: org.codehaus.groovy.ast.expr.EmptyExpression>: null

28-08-2024T20:43:44 - [TEST_STEP][PASSED] - isRequiredTextPresent = false: null

28-08-2024T20:43:44 - [TEST_STEP][PASSED] - nameSheet = "PayNowCorpSCF": null

28-08-2024T20:43:44 - [TEST_STEP][PASSED] - dataFile = "IWPTestData/IWP25PayNowCorpSCF": null

28-08-2024T20:43:44 - [TEST_STEP][PASSED] - dataFileEmulator = "IWPTestData/EmulatorData": null

28-08-2024T20:43:44 - [TEST_STEP][PASSED] - numOfRows = findTestData(dataFile).getRowNumbers(): null

28-08-2024T20:43:44 - [TEST_STEP][PASSED] - println("Number of Records: " + numOfRows): null

28-08-2024T20:43:44 - [TEST_STEP][PASSED] - for ([row = 1, row <= numOfRows, (row++)]): Browser is closed

28-08-2024T20:43:44 - [TEST_STEP][PASSED] - ExecuteTC = findTestData(dataFile).getValue("Execute", row): null

28-08-2024T20:43:44 - [TEST_STEP][PASSED] - out.println("Value of Execute is : " + ExecuteTC): null

28-08-2024T20:43:44 - [TEST_STEP][PASSED] - if (ExecuteTC.equalsIgnoreCase("Y")): null

28-08-2024T20:43:44 - [TEST_STEP][PASSED] - out.println("Begin Record Number: " + row): null

28-08-2024T20:43:44 - [TEST_STEP][PASSED] - today = new java.util.Date(): null

28-08-2024T20:43:44 - [TEST_STEP][PASSED] - println(today): null

28-08-2024T20:43:44 - [TEST_STEP][PASSED] - datText = today: null

28-08-2024T20:43:44 - [TEST_STEP][PASSED] - EmulatorDataKey = findTestData(dataFile).getValue("EmulatorData", row): null

28-08-2024T20:43:44 - [TEST_STEP][PASSED] - out.println("Value of Emulator Key is : " + EmulatorDataKey): null

28-08-2024T20:43:44 - [TEST_STEP][PASSED] - iwpPages.emulatorIWP30.setDataEmulator_DD(EmulatorDataKey): iwpPages.emulatorIWP30.setDataEmulator_DD is PASSED

28-08-2024T20:43:44 - [MESSAGE][INFO] - Starting 'Edge Chromium' driver

28-08-2024T20:43:44 - [MESSAGE][INFO] - User set preference: ['acceptInsecureCerts', 'true']

28-08-2024T20:43:47 - [MESSAGE][INFO] - Action delay is set to 0 milliseconds

28-08-2024T20:43:52 - [MESSAGE][PASSED] - Browser is opened with url: 'https://qa2.velocitypayment.com/agency/config.do?action=editor&message_version=2_5'

28-08-2024T20:43:53 - [MESSAGE][PASSED] - Current window maximized

28-08-2024T20:43:54 - [MESSAGE][PASSED] - All options with value '2.5' are selected in object 'Object Repository/IWP30/Page_VRelay30Emulator/MV'  using regular expression

28-08-2024T20:43:54 - [MESSAGE][PASSED] - Text '10.50' is set on object 'Object Repository/IWP30/Page_VRelay30Emulator/Amount'

28-08-2024T20:43:55 - [MESSAGE][PASSED] - Text '26413414' is set on object 'Object Repository/IWP30/Page_VRelay30Emulator/CAN'

28-08-2024T20:43:56 - [MESSAGE][PASSED] - Text 'PayNow' is set on object 'Object Repository/IWP30/Page_VRelay30Emulator/Action'

28-08-2024T20:43:56 - [MESSAGE][PASSED] - Text 'en_US' is set on object 'Object Repository/IWP30/Page_VRelay30Emulator/Lang'

28-08-2024T20:43:57 - [MESSAGE][PASSED] - Text '' is set on object 'Object Repository/IWP30/Page_VRelay30Emulator/Fname'

28-08-2024T20:44:00 - [MESSAGE][PASSED] - Text '' is set on object 'Object Repository/IWP30/Page_VRelay30Emulator/Lname'

28-08-2024T20:44:00 - [MESSAGE][PASSED] - Text '' is set on object 'Object Repository/IWP30/Page_VRelay30Emulator/AL1'

28-08-2024T20:44:01 - [MESSAGE][PASSED] - Text '' is set on object 'Object Repository/IWP30/Page_VRelay30Emulator/AL2'

28-08-2024T20:44:01 - [MESSAGE][PASSED] - Text '' is set on object 'Object Repository/IWP30/Page_VRelay30Emulator/Country'

28-08-2024T20:44:02 - [MESSAGE][PASSED] - Text '' is set on object 'Object Repository/IWP30/Page_VRelay30Emulator/City'

28-08-2024T20:44:02 - [MESSAGE][PASSED] - Text '' is set on object 'Object Repository/IWP30/Page_VRelay30Emulator/State'

28-08-2024T20:44:03 - [MESSAGE][PASSED] - Text '' is set on object 'Object Repository/IWP30/Page_VRelay30Emulator/ZIP'

28-08-2024T20:44:04 - [MESSAGE][PASSED] - Text '' is set on object 'Object Repository/IWP30/Page_VRelay30Emulator/Order'

28-08-2024T20:44:06 - [MESSAGE][PASSED] - Text '' is set on object 'Object Repository/IWP30/Page_VRelay30Emulator/Company'

28-08-2024T20:44:06 - [MESSAGE][PASSED] - Text '' is set on object 'Object Repository/IWP30/Page_VRelay30Emulator/Email'

28-08-2024T20:44:07 - [MESSAGE][PASSED] - Text '' is set on object 'Object Repository/IWP30/Page_VRelay30Emulator/UDF1'

28-08-2024T20:44:08 - [MESSAGE][PASSED] - Text '' is set on object 'Object Repository/IWP30/Page_VRelay30Emulator/UDF2'

28-08-2024T20:44:08 - [MESSAGE][PASSED] - Text '' is set on object 'Object Repository/IWP30/Page_VRelay30Emulator/UDF3'

28-08-2024T20:44:09 - [MESSAGE][PASSED] - Text 'udf data 4' is set on object 'Object Repository/IWP30/Page_VRelay30Emulator/UDF4'

28-08-2024T20:44:09 - [MESSAGE][PASSED] - Text 'udf data 5' is set on object 'Object Repository/IWP30/Page_VRelay30Emulator/UDF5'

28-08-2024T20:44:10 - [MESSAGE][PASSED] - Text '' is set on object 'Object Repository/IWP30/Page_VRelay30Emulator/UDF6'

28-08-2024T20:44:11 - [MESSAGE][PASSED] - Text '' is set on object 'Object Repository/IWP30/Page_VRelay30Emulator/UDF7'

28-08-2024T20:44:13 - [MESSAGE][PASSED] - Text '' is set on object 'Object Repository/IWP30/Page_VRelay30Emulator/UDF8'

28-08-2024T20:44:13 - [MESSAGE][PASSED] - Text 'udf data 9' is set on object 'Object Repository/IWP30/Page_VRelay30Emulator/UDF9'

28-08-2024T20:44:14 - [MESSAGE][PASSED] - Text 'udf data 10' is set on object 'Object Repository/IWP30/Page_VRelay30Emulator/UDF10'

28-08-2024T20:44:15 - [MESSAGE][PASSED] - Object: 'Object Repository/IWP30/Page_VRelay30Emulator/Submit' is clicked on

28-08-2024T20:44:20 - [MESSAGE][PASSED] - Browser is closed

28-08-2024T20:44:24 - [MESSAGE][PASSED] - iwpPages.emulatorIWP30.setDataEmulator_DD is PASSED

28-08-2024T20:44:24 - [TEST_STEP][PASSED] - testHarnessURL = urlTestHarness: null

28-08-2024T20:44:24 - [TEST_STEP][PASSED] - openBrowser(testHarnessURL): Browser is opened with url: 'https://dev-algorithm.govolution.com/vrelaytest/QA2/version_2_2/vrelaytest.html'

28-08-2024T20:44:24 - [MESSAGE][INFO] - Starting 'Edge Chromium' driver

28-08-2024T20:44:24 - [MESSAGE][INFO] - User set preference: ['acceptInsecureCerts', 'true']

28-08-2024T20:44:27 - [MESSAGE][INFO] - Action delay is set to 0 milliseconds

28-08-2024T20:44:33 - [MESSAGE][PASSED] - Browser is opened with url: 'https://dev-algorithm.govolution.com/vrelaytest/QA2/version_2_2/vrelaytest.html'

28-08-2024T20:44:33 - [TEST_STEP][PASSED] - maximizeWindow(): Current window maximized

28-08-2024T20:44:34 - [MESSAGE][PASSED] - Current window maximized

28-08-2024T20:44:34 - [TEST_STEP][PASSED] - iwpPages.TestHarnessPage.setDataMethod(row, dataFile): iwpPages.TestHarnessPage.setDataMethod is PASSED

28-08-2024T20:44:34 - [MESSAGE][PASSED] - Object 'Object Repository/IWP30/Page_QATestHarness/RemittanceID' is present

28-08-2024T20:44:35 - [MESSAGE][PASSED] - Text '639' is set on object 'Object Repository/IWP30/Page_QATestHarness/ApplicationID'

28-08-2024T20:44:36 - [MESSAGE][PASSED] - Text '2.5' is set on object 'Object Repository/IWP30/Page_QATestHarness/MessageVersion'

28-08-2024T20:44:36 - [MESSAGE][PASSED] - Text 'c4XxHX4XxWur' is set on object 'Object Repository/IWP30/Page_QATestHarness/RemittanceID'

28-08-2024T20:44:41 - [MESSAGE][PASSED] - Object: 'Object Repository/IWP30/Page_QATestHarness/SubmitButton' is clicked on

28-08-2024T20:44:41 - [MESSAGE][PASSED] - iwpPages.TestHarnessPage.setDataMethod is PASSED

28-08-2024T20:44:41 - [TEST_STEP][PASSED] - click(findTestObject("Object Repository/IWP30/Page_SelectPaymentMethod/PayByCorporateCheck")): Object: 'Object Repository/IWP30/Page_SelectPaymentMethod/PayByCorporateCheck' is clicked on

28-08-2024T20:44:42 - [MESSAGE][PASSED] - Object: 'Object Repository/IWP30/Page_SelectPaymentMethod/PayByCorporateCheck' is clicked on

28-08-2024T20:44:42 - [TEST_STEP][PASSED] - click(findTestObject("Object Repository/IWP30/Page_SelectPaymentMethod/MakePaymentButton")): Object: 'Object Repository/IWP30/Page_SelectPaymentMethod/MakePaymentButton' is clicked on

28-08-2024T20:44:45 - [MESSAGE][PASSED] - Object: 'Object Repository/IWP30/Page_SelectPaymentMethod/MakePaymentButton' is clicked on

28-08-2024T20:44:45 - [TEST_STEP][PASSED] - iwpPages.achCorporatePaymentEntryPage.setDataCorporate(row, dataFile): iwpPages.achCorporatePaymentEntryPage.setDataCorporate is PASSED

28-08-2024T20:44:48 - [MESSAGE][PASSED] - Object 'Object Repository/IWP30/Page_ACHCorporatePaymentEntry/txt_accountNumber' is present

28-08-2024T20:44:48 - [MESSAGE][PASSED] - Object 'Object Repository/IWP30/Page_ACHCorporatePaymentEntry/input_CompanyName' is present

28-08-2024T20:44:49 - [MESSAGE][PASSED] - Text 'My Company' is set on object 'Object Repository/IWP30/Page_ACHCorporatePaymentEntry/input_CompanyName'

28-08-2024T20:44:49 - [MESSAGE][PASSED] - Object 'Object Repository/IWP30/Page_ACHCorporatePaymentEntry/input_EIN' is present

28-08-2024T20:44:49 - [MESSAGE][PASSED] - Text '123456789' is set on object 'Object Repository/IWP30/Page_ACHCorporatePaymentEntry/input_EIN'

28-08-2024T20:44:50 - [MESSAGE][PASSED] - Text '10.50' is set on object 'Object Repository/IWP30/Page_ACHCorporatePaymentEntry/txt_Amount'

28-08-2024T20:44:51 - [MESSAGE][PASSED] - Text 'udf data 2' is set on object 'Object Repository/IWP30/Page_ACHCorporatePaymentEntry/txt_UDF2'

28-08-2024T20:44:51 - [MESSAGE][PASSED] - Text 'udf data 3' is set on object 'Object Repository/IWP30/Page_ACHCorporatePaymentEntry/txt_UDF3'

28-08-2024T20:44:53 - [MESSAGE][PASSED] - All options with label 'Orange' are selected in object 'Object Repository/IWP30/Page_ACHCorporatePaymentEntry/dd_UDF7' 

28-08-2024T20:44:54 - [MESSAGE][PASSED] - All options with label 'Soccer' are selected in object 'Object Repository/IWP30/Page_ACHCorporatePaymentEntry/dd_UDF8' 

28-08-2024T20:44:54 - [MESSAGE][PASSED] - Object 'Object Repository/IWP30/Page_ACHCorporatePaymentEntry/txt_routingNumber' is present

28-08-2024T20:44:55 - [MESSAGE][PASSED] - Text '256072691' is set on object 'Object Repository/IWP30/Page_ACHCorporatePaymentEntry/txt_routingNumber'

28-08-2024T20:44:55 - [MESSAGE][PASSED] - Object 'Object Repository/IWP30/Page_ACHCorporatePaymentEntry/txt_accountNumber' is present

28-08-2024T20:44:56 - [MESSAGE][PASSED] - Text '12344444' is set on object 'Object Repository/IWP30/Page_ACHCorporatePaymentEntry/txt_accountNumber'

28-08-2024T20:44:56 - [MESSAGE][PASSED] - Object 'Object Repository/IWP30/Page_ACHCorporatePaymentEntry/txt_confirmAccountNumber' is present

28-08-2024T20:44:57 - [MESSAGE][PASSED] - Text '12344444' is set on object 'Object Repository/IWP30/Page_ACHCorporatePaymentEntry/txt_confirmAccountNumber'

28-08-2024T20:44:58 - [MESSAGE][PASSED] - Text '365 Main Avenue' is set on object 'Object Repository/IWP30/Page_ACHCorporatePaymentEntry/txt_AL1'

28-08-2024T20:45:01 - [MESSAGE][PASSED] - Text '22201' is set on object 'Object Repository/IWP30/Page_ACHCorporatePaymentEntry/txt_ZIP'

28-08-2024T20:45:01 - [MESSAGE][PASSED] - Object 'Object Repository/IWP30/Page_ACHCorporatePaymentEntry/txt_Email' is present

28-08-2024T20:45:02 - [MESSAGE][PASSED] - Text 'iahmed@govolution.com' is set on object 'Object Repository/IWP30/Page_ACHCorporatePaymentEntry/txt_Email'

28-08-2024T20:45:03 - [MESSAGE][PASSED] - Object 'Object Repository/IWP30/Page_ACHCorporatePaymentEntry/cb_TermsAndCond' is present

28-08-2024T20:45:03 - [MESSAGE][PASSED] - Object: 'Object Repository/IWP30/Page_ACHCorporatePaymentEntry/cb_TermsAndCond' is clicked on

28-08-2024T20:45:03 - [MESSAGE][PASSED] - Object 'Object Repository/IWP30/Page_ACHCorporatePaymentEntry/btn_Continue' is present

28-08-2024T20:45:05 - [MESSAGE][PASSED] - Object: 'Object Repository/IWP30/Page_ACHCorporatePaymentEntry/btn_Continue' is clicked on

28-08-2024T20:45:05 - [MESSAGE][PASSED] - iwpPages.achCorporatePaymentEntryPage.setDataCorporate is PASSED

28-08-2024T20:45:05 - [TEST_STEP][PASSED] - click(findTestObject("Object Repository/IWP30/Page_Confirmation/ConfirmButton")): Object: 'Object Repository/IWP30/Page_Confirmation/ConfirmButton' is clicked on

28-08-2024T20:45:08 - [MESSAGE][PASSED] - Object: 'Object Repository/IWP30/Page_Confirmation/ConfirmButton' is clicked on

28-08-2024T20:45:08 - [TEST_STEP][PASSED] - Thread.sleep(5000): null

28-08-2024T20:45:13 - [TEST_STEP][PASSED] - if (verifyTextPresent("Make a Real Estate Payment", false)): null

28-08-2024T20:45:14 - [MESSAGE][PASSED] - Text 'Make a Real Estate Payment' is present on page 

28-08-2024T20:45:14 - [TEST_STEP][PASSED] - isRequiredTextPresent = true: null

28-08-2024T20:45:14 - [TEST_STEP][PASSED] - println(isRequiredTextPresent): null

28-08-2024T20:45:14 - [TEST_STEP][PASSED] - if (isRequiredTextPresent): null

28-08-2024T20:45:14 - [TEST_STEP][PASSED] - if (verifyTextPresent("This transaction is subject to a Convenience Fees of $2.00.", false)): null

28-08-2024T20:45:14 - [MESSAGE][PASSED] - Text 'This transaction is subject to a Convenience Fees of $2.00.' is present on page 

28-08-2024T20:45:14 - [TEST_STEP][PASSED] - isRequiredTextPresent = true: null

28-08-2024T20:45:14 - [TEST_STEP][PASSED] - println(isRequiredTextPresent): null

28-08-2024T20:45:14 - [TEST_STEP][PASSED] - if (isRequiredTextPresent): null

28-08-2024T20:45:14 - [TEST_STEP][PASSED] - if (verifyTextPresent("Payment Amount:  $10.50", false)): null

28-08-2024T20:45:14 - [MESSAGE][PASSED] - Text 'Payment Amount:  $10.50' is present on page 

28-08-2024T20:45:14 - [TEST_STEP][PASSED] - isRequiredTextPresent = true: null

28-08-2024T20:45:14 - [TEST_STEP][PASSED] - if (isRequiredTextPresent): null

28-08-2024T20:45:14 - [TEST_STEP][PASSED] - if (verifyTextPresent("Convenience Fees:  $2.00", false)): null

28-08-2024T20:45:14 - [MESSAGE][PASSED] - Text 'Convenience Fees:  $2.00' is present on page 

28-08-2024T20:45:14 - [TEST_STEP][PASSED] - isRequiredTextPresent = true: null

28-08-2024T20:45:14 - [TEST_STEP][PASSED] - if (isRequiredTextPresent): null

28-08-2024T20:45:14 - [TEST_STEP][PASSED] - if (verifyTextPresent("Total Amount:  $12.50", false)): null

28-08-2024T20:45:15 - [MESSAGE][PASSED] - Text 'Total Amount:  $12.50' is present on page 

28-08-2024T20:45:15 - [TEST_STEP][PASSED] - isRequiredTextPresent = true: null

28-08-2024T20:45:15 - [TEST_STEP][PASSED] - if (isRequiredTextPresent): null

28-08-2024T20:45:15 - [TEST_STEP][PASSED] - if (verifyTextPresent("One transaction in the amount of $12.50 will appear on your bank statement.", false)): null

28-08-2024T20:45:15 - [MESSAGE][PASSED] - Text 'One transaction in the amount of $12.50 will appear on your bank statement.' is present on page 

28-08-2024T20:45:15 - [TEST_STEP][PASSED] - isRequiredTextPresent = true: null

28-08-2024T20:45:15 - [TEST_STEP][PASSED] - Thread.sleep(10000): null

28-08-2024T20:45:25 - [TEST_STEP][PASSED] - click(findTestObject("Object Repository/IWP30/Page_ConvenienceFees/btn_convFeeNotifyAction")): Object: 'Object Repository/IWP30/Page_ConvenienceFees/btn_convFeeNotifyAction' is clicked on

28-08-2024T20:45:27 - [MESSAGE][PASSED] - Object: 'Object Repository/IWP30/Page_ConvenienceFees/btn_convFeeNotifyAction' is clicked on

28-08-2024T20:45:27 - [TEST_STEP][PASSED] - Thread.sleep(10000): null

28-08-2024T20:45:37 - [TEST_STEP][PASSED] - if (verifyTextPresent("Successful Payment Receipt", false)): null

28-08-2024T20:45:37 - [MESSAGE][PASSED] - Text 'Successful Payment Receipt' is present on page 

28-08-2024T20:45:37 - [TEST_STEP][PASSED] - println("Successful Payment Receipt text is present on the Receipt page"): null

28-08-2024T20:45:37 - [TEST_STEP][PASSED] - markPassed("Successful Payment Receipt text is present on the Receipt page"): Successful Payment Receipt text is present on the Receipt page

28-08-2024T20:45:37 - [MESSAGE][PASSED] - Successful Payment Receipt text is present on the Receipt page

28-08-2024T20:45:37 - [TEST_STEP][PASSED] - resText = "Pass": null

28-08-2024T20:45:37 - [TEST_STEP][PASSED] - pages.WriteExcel.demoKey(resText, datText, resColumn, datCloumn, fileLoc, nameSheet, row): pages.WriteExcel.demoKey is PASSED

28-08-2024T20:45:38 - [MESSAGE][PASSED] - pages.WriteExcel.demoKey is PASSED

28-08-2024T20:45:38 - [TEST_STEP][PASSED] - closeBrowser(): Browser is closed

28-08-2024T20:45:39 - [MESSAGE][PASSED] - Browser is closed

28-08-2024T20:45:39 - [TEST_STEP][PASSED] - ExecuteTC = findTestData(dataFile).getValue("Execute", row): null

28-08-2024T20:45:39 - [TEST_STEP][PASSED] - out.println("Value of Execute is : " + ExecuteTC): null

28-08-2024T20:45:39 - [TEST_STEP][PASSED] - if (ExecuteTC.equalsIgnoreCase("Y")): null

28-08-2024T20:45:39 - [TEST_STEP][PASSED] - out.println("Begin Record Number: " + row): null

28-08-2024T20:45:39 - [TEST_STEP][PASSED] - today = new java.util.Date(): null

28-08-2024T20:45:39 - [TEST_STEP][PASSED] - println(today): null

28-08-2024T20:45:39 - [TEST_STEP][PASSED] - datText = today: null

28-08-2024T20:45:39 - [TEST_STEP][PASSED] - EmulatorDataKey = findTestData(dataFile).getValue("EmulatorData", row): null

28-08-2024T20:45:40 - [TEST_STEP][PASSED] - out.println("Value of Emulator Key is : " + EmulatorDataKey): null

28-08-2024T20:45:40 - [TEST_STEP][PASSED] - iwpPages.emulatorIWP30.setDataEmulator_DD(EmulatorDataKey): iwpPages.emulatorIWP30.setDataEmulator_DD is PASSED

28-08-2024T20:45:41 - [MESSAGE][INFO] - Starting 'Edge Chromium' driver

28-08-2024T20:45:41 - [MESSAGE][INFO] - User set preference: ['acceptInsecureCerts', 'true']

28-08-2024T20:45:43 - [MESSAGE][INFO] - Action delay is set to 0 milliseconds

28-08-2024T20:45:48 - [MESSAGE][PASSED] - Browser is opened with url: 'https://qa2.velocitypayment.com/agency/config.do?action=editor&message_version=2_5'

28-08-2024T20:45:48 - [MESSAGE][PASSED] - Current window maximized

28-08-2024T20:45:49 - [MESSAGE][PASSED] - All options with value '2.5' are selected in object 'Object Repository/IWP30/Page_VRelay30Emulator/MV'  using regular expression

28-08-2024T20:45:50 - [MESSAGE][PASSED] - Text '10.50' is set on object 'Object Repository/IWP30/Page_VRelay30Emulator/Amount'

28-08-2024T20:45:51 - [MESSAGE][PASSED] - Text '26413255' is set on object 'Object Repository/IWP30/Page_VRelay30Emulator/CAN'

28-08-2024T20:45:54 - [MESSAGE][PASSED] - Text 'PayNow' is set on object 'Object Repository/IWP30/Page_VRelay30Emulator/Action'

28-08-2024T20:45:54 - [MESSAGE][PASSED] - Text 'en_US' is set on object 'Object Repository/IWP30/Page_VRelay30Emulator/Lang'

28-08-2024T20:45:55 - [MESSAGE][PASSED] - Text 'Jasmine' is set on object 'Object Repository/IWP30/Page_VRelay30Emulator/Fname'

28-08-2024T20:45:56 - [MESSAGE][PASSED] - Text 'Patrinol' is set on object 'Object Repository/IWP30/Page_VRelay30Emulator/Lname'

28-08-2024T20:45:56 - [MESSAGE][PASSED] - Text '258 Underwood rd' is set on object 'Object Repository/IWP30/Page_VRelay30Emulator/AL1'

28-08-2024T20:45:57 - [MESSAGE][PASSED] - Text 'Suite 600' is set on object 'Object Repository/IWP30/Page_VRelay30Emulator/AL2'

28-08-2024T20:45:58 - [MESSAGE][PASSED] - Text '840' is set on object 'Object Repository/IWP30/Page_VRelay30Emulator/Country'

28-08-2024T20:46:00 - [MESSAGE][PASSED] - Text 'Arlington' is set on object 'Object Repository/IWP30/Page_VRelay30Emulator/City'

28-08-2024T20:46:01 - [MESSAGE][PASSED] - Text 'VA' is set on object 'Object Repository/IWP30/Page_VRelay30Emulator/State'

28-08-2024T20:46:01 - [MESSAGE][PASSED] - Text '22201' is set on object 'Object Repository/IWP30/Page_VRelay30Emulator/ZIP'

28-08-2024T20:46:02 - [MESSAGE][PASSED] - Text '' is set on object 'Object Repository/IWP30/Page_VRelay30Emulator/Order'

28-08-2024T20:46:03 - [MESSAGE][PASSED] - Text 'Some Company' is set on object 'Object Repository/IWP30/Page_VRelay30Emulator/Company'

28-08-2024T20:46:03 - [MESSAGE][PASSED] - Text 'iahmed@govolution.com' is set on object 'Object Repository/IWP30/Page_VRelay30Emulator/Email'

28-08-2024T20:46:04 - [MESSAGE][PASSED] - Text 'udf data 1' is set on object 'Object Repository/IWP30/Page_VRelay30Emulator/UDF1'

28-08-2024T20:46:06 - [MESSAGE][PASSED] - Text 'udf data 2' is set on object 'Object Repository/IWP30/Page_VRelay30Emulator/UDF2'

28-08-2024T20:46:07 - [MESSAGE][PASSED] - Text 'udf data 3' is set on object 'Object Repository/IWP30/Page_VRelay30Emulator/UDF3'

28-08-2024T20:46:08 - [MESSAGE][PASSED] - Text 'udf data 4' is set on object 'Object Repository/IWP30/Page_VRelay30Emulator/UDF4'

28-08-2024T20:46:08 - [MESSAGE][PASSED] - Text 'udf data 5' is set on object 'Object Repository/IWP30/Page_VRelay30Emulator/UDF5'

28-08-2024T20:46:09 - [MESSAGE][PASSED] - Text 'udf data 6' is set on object 'Object Repository/IWP30/Page_VRelay30Emulator/UDF6'

28-08-2024T20:46:10 - [MESSAGE][PASSED] - Text 'Orange' is set on object 'Object Repository/IWP30/Page_VRelay30Emulator/UDF7'

28-08-2024T20:46:10 - [MESSAGE][PASSED] - Text 'Soccer' is set on object 'Object Repository/IWP30/Page_VRelay30Emulator/UDF8'

28-08-2024T20:46:11 - [MESSAGE][PASSED] - Text 'udf data 9' is set on object 'Object Repository/IWP30/Page_VRelay30Emulator/UDF9'

28-08-2024T20:46:12 - [MESSAGE][PASSED] - Text 'udf data 10' is set on object 'Object Repository/IWP30/Page_VRelay30Emulator/UDF10'

28-08-2024T20:46:14 - [MESSAGE][PASSED] - Object: 'Object Repository/IWP30/Page_VRelay30Emulator/Submit' is clicked on

28-08-2024T20:46:21 - [MESSAGE][PASSED] - Browser is closed

28-08-2024T20:46:25 - [MESSAGE][PASSED] - iwpPages.emulatorIWP30.setDataEmulator_DD is PASSED

28-08-2024T20:46:25 - [TEST_STEP][PASSED] - testHarnessURL = urlTestHarness: null

28-08-2024T20:46:25 - [TEST_STEP][PASSED] - openBrowser(testHarnessURL): Browser is opened with url: 'https://dev-algorithm.govolution.com/vrelaytest/QA2/version_2_2/vrelaytest.html'

28-08-2024T20:46:25 - [MESSAGE][INFO] - Starting 'Edge Chromium' driver

28-08-2024T20:46:25 - [MESSAGE][INFO] - User set preference: ['acceptInsecureCerts', 'true']

28-08-2024T20:46:28 - [MESSAGE][INFO] - Action delay is set to 0 milliseconds

28-08-2024T20:46:35 - [MESSAGE][PASSED] - Browser is opened with url: 'https://dev-algorithm.govolution.com/vrelaytest/QA2/version_2_2/vrelaytest.html'

28-08-2024T20:46:35 - [TEST_STEP][PASSED] - maximizeWindow(): Current window maximized

28-08-2024T20:46:35 - [MESSAGE][PASSED] - Current window maximized

28-08-2024T20:46:35 - [TEST_STEP][PASSED] - iwpPages.TestHarnessPage.setDataMethod(row, dataFile): iwpPages.TestHarnessPage.setDataMethod is PASSED

28-08-2024T20:46:35 - [MESSAGE][PASSED] - Object 'Object Repository/IWP30/Page_QATestHarness/RemittanceID' is present

28-08-2024T20:46:36 - [MESSAGE][PASSED] - Text '639' is set on object 'Object Repository/IWP30/Page_QATestHarness/ApplicationID'

28-08-2024T20:46:36 - [MESSAGE][PASSED] - Text '2.5' is set on object 'Object Repository/IWP30/Page_QATestHarness/MessageVersion'

28-08-2024T20:46:37 - [MESSAGE][PASSED] - Text 'X19Lh7rTuWhS' is set on object 'Object Repository/IWP30/Page_QATestHarness/RemittanceID'

28-08-2024T20:46:41 - [MESSAGE][PASSED] - Object: 'Object Repository/IWP30/Page_QATestHarness/SubmitButton' is clicked on

28-08-2024T20:46:41 - [MESSAGE][PASSED] - iwpPages.TestHarnessPage.setDataMethod is PASSED

28-08-2024T20:46:41 - [TEST_STEP][PASSED] - click(findTestObject("Object Repository/IWP30/Page_SelectPaymentMethod/PayByCorporateCheck")): Object: 'Object Repository/IWP30/Page_SelectPaymentMethod/PayByCorporateCheck' is clicked on

28-08-2024T20:46:42 - [MESSAGE][PASSED] - Object: 'Object Repository/IWP30/Page_SelectPaymentMethod/PayByCorporateCheck' is clicked on

28-08-2024T20:46:42 - [TEST_STEP][PASSED] - click(findTestObject("Object Repository/IWP30/Page_SelectPaymentMethod/MakePaymentButton")): Object: 'Object Repository/IWP30/Page_SelectPaymentMethod/MakePaymentButton' is clicked on

28-08-2024T20:46:45 - [MESSAGE][PASSED] - Object: 'Object Repository/IWP30/Page_SelectPaymentMethod/MakePaymentButton' is clicked on

28-08-2024T20:46:45 - [TEST_STEP][PASSED] - iwpPages.achCorporatePaymentEntryPage.setDataCorporate(row, dataFile): iwpPages.achCorporatePaymentEntryPage.setDataCorporate is PASSED

28-08-2024T20:46:46 - [MESSAGE][PASSED] - Object 'Object Repository/IWP30/Page_ACHCorporatePaymentEntry/txt_accountNumber' is present

28-08-2024T20:46:47 - [MESSAGE][PASSED] - Object 'Object Repository/IWP30/Page_ACHCorporatePaymentEntry/input_CompanyName' is present

28-08-2024T20:46:47 - [MESSAGE][PASSED] - Object 'Object Repository/IWP30/Page_ACHCorporatePaymentEntry/input_EIN' is present

28-08-2024T20:46:48 - [MESSAGE][PASSED] - Text '123456789' is set on object 'Object Repository/IWP30/Page_ACHCorporatePaymentEntry/input_EIN'

28-08-2024T20:46:49 - [MESSAGE][PASSED] - All options with label 'Soccer' are selected in object 'Object Repository/IWP30/Page_ACHCorporatePaymentEntry/dd_UDF8' 

28-08-2024T20:46:49 - [MESSAGE][PASSED] - Object 'Object Repository/IWP30/Page_ACHCorporatePaymentEntry/txt_routingNumber' is present

28-08-2024T20:46:50 - [MESSAGE][PASSED] - Text '256072691' is set on object 'Object Repository/IWP30/Page_ACHCorporatePaymentEntry/txt_routingNumber'

28-08-2024T20:46:50 - [MESSAGE][PASSED] - Object 'Object Repository/IWP30/Page_ACHCorporatePaymentEntry/txt_accountNumber' is present

28-08-2024T20:46:51 - [MESSAGE][PASSED] - Text '12344444' is set on object 'Object Repository/IWP30/Page_ACHCorporatePaymentEntry/txt_accountNumber'

28-08-2024T20:46:52 - [MESSAGE][PASSED] - Object 'Object Repository/IWP30/Page_ACHCorporatePaymentEntry/txt_confirmAccountNumber' is present

28-08-2024T20:46:54 - [MESSAGE][PASSED] - Text '12344444' is set on object 'Object Repository/IWP30/Page_ACHCorporatePaymentEntry/txt_confirmAccountNumber'

28-08-2024T20:46:54 - [MESSAGE][PASSED] - Object 'Object Repository/IWP30/Page_ACHCorporatePaymentEntry/txt_Email' is present

28-08-2024T20:46:55 - [MESSAGE][PASSED] - Object 'Object Repository/IWP30/Page_ACHCorporatePaymentEntry/cb_TermsAndCond' is present

28-08-2024T20:46:55 - [MESSAGE][PASSED] - Object: 'Object Repository/IWP30/Page_ACHCorporatePaymentEntry/cb_TermsAndCond' is clicked on

28-08-2024T20:46:55 - [MESSAGE][PASSED] - Object 'Object Repository/IWP30/Page_ACHCorporatePaymentEntry/btn_Continue' is present

28-08-2024T20:46:57 - [MESSAGE][PASSED] - Object: 'Object Repository/IWP30/Page_ACHCorporatePaymentEntry/btn_Continue' is clicked on

28-08-2024T20:46:57 - [MESSAGE][PASSED] - iwpPages.achCorporatePaymentEntryPage.setDataCorporate is PASSED

28-08-2024T20:46:57 - [TEST_STEP][PASSED] - click(findTestObject("Object Repository/IWP30/Page_Confirmation/ConfirmButton")): Object: 'Object Repository/IWP30/Page_Confirmation/ConfirmButton' is clicked on

28-08-2024T20:47:01 - [MESSAGE][PASSED] - Object: 'Object Repository/IWP30/Page_Confirmation/ConfirmButton' is clicked on

28-08-2024T20:47:01 - [TEST_STEP][PASSED] - Thread.sleep(5000): null

28-08-2024T20:47:06 - [TEST_STEP][PASSED] - if (verifyTextPresent("Make a Real Estate Payment", false)): null

28-08-2024T20:47:07 - [MESSAGE][PASSED] - Text 'Make a Real Estate Payment' is present on page 

28-08-2024T20:47:07 - [TEST_STEP][PASSED] - isRequiredTextPresent = true: null

28-08-2024T20:47:07 - [TEST_STEP][PASSED] - println(isRequiredTextPresent): null

28-08-2024T20:47:07 - [TEST_STEP][PASSED] - if (isRequiredTextPresent): null

28-08-2024T20:47:07 - [TEST_STEP][PASSED] - if (verifyTextPresent("This transaction is subject to a Convenience Fees of $2.00.", false)): null

28-08-2024T20:47:07 - [MESSAGE][PASSED] - Text 'This transaction is subject to a Convenience Fees of $2.00.' is present on page 

28-08-2024T20:47:07 - [TEST_STEP][PASSED] - isRequiredTextPresent = true: null

28-08-2024T20:47:07 - [TEST_STEP][PASSED] - println(isRequiredTextPresent): null

28-08-2024T20:47:07 - [TEST_STEP][PASSED] - if (isRequiredTextPresent): null

28-08-2024T20:47:07 - [TEST_STEP][PASSED] - if (verifyTextPresent("Payment Amount:  $10.50", false)): null

28-08-2024T20:47:08 - [MESSAGE][PASSED] - Text 'Payment Amount:  $10.50' is present on page 

28-08-2024T20:47:08 - [TEST_STEP][PASSED] - isRequiredTextPresent = true: null

28-08-2024T20:47:08 - [TEST_STEP][PASSED] - if (isRequiredTextPresent): null

28-08-2024T20:47:08 - [TEST_STEP][PASSED] - if (verifyTextPresent("Convenience Fees:  $2.00", false)): null

28-08-2024T20:47:08 - [MESSAGE][PASSED] - Text 'Convenience Fees:  $2.00' is present on page 

28-08-2024T20:47:08 - [TEST_STEP][PASSED] - isRequiredTextPresent = true: null

28-08-2024T20:47:08 - [TEST_STEP][PASSED] - if (isRequiredTextPresent): null

28-08-2024T20:47:08 - [TEST_STEP][PASSED] - if (verifyTextPresent("Total Amount:  $12.50", false)): null

28-08-2024T20:47:08 - [MESSAGE][PASSED] - Text 'Total Amount:  $12.50' is present on page 

28-08-2024T20:47:08 - [TEST_STEP][PASSED] - isRequiredTextPresent = true: null

28-08-2024T20:47:08 - [TEST_STEP][PASSED] - if (isRequiredTextPresent): null

28-08-2024T20:47:08 - [TEST_STEP][PASSED] - if (verifyTextPresent("One transaction in the amount of $12.50 will appear on your bank statement.", false)): null

28-08-2024T20:47:09 - [MESSAGE][PASSED] - Text 'One transaction in the amount of $12.50 will appear on your bank statement.' is present on page 

28-08-2024T20:47:09 - [TEST_STEP][PASSED] - isRequiredTextPresent = true: null

28-08-2024T20:47:09 - [TEST_STEP][PASSED] - Thread.sleep(10000): null

28-08-2024T20:47:19 - [TEST_STEP][PASSED] - click(findTestObject("Object Repository/IWP30/Page_ConvenienceFees/btn_convFeeNotifyAction")): Object: 'Object Repository/IWP30/Page_ConvenienceFees/btn_convFeeNotifyAction' is clicked on

28-08-2024T20:47:22 - [MESSAGE][PASSED] - Object: 'Object Repository/IWP30/Page_ConvenienceFees/btn_convFeeNotifyAction' is clicked on

28-08-2024T20:47:22 - [TEST_STEP][PASSED] - Thread.sleep(10000): null

28-08-2024T20:47:32 - [TEST_STEP][PASSED] - if (verifyTextPresent("Successful Payment Receipt", false)): null

28-08-2024T20:47:32 - [MESSAGE][PASSED] - Text 'Successful Payment Receipt' is present on page 

28-08-2024T20:47:32 - [TEST_STEP][PASSED] - println("Successful Payment Receipt text is present on the Receipt page"): null

28-08-2024T20:47:32 - [TEST_STEP][PASSED] - markPassed("Successful Payment Receipt text is present on the Receipt page"): Successful Payment Receipt text is present on the Receipt page

28-08-2024T20:47:32 - [MESSAGE][PASSED] - Successful Payment Receipt text is present on the Receipt page

28-08-2024T20:47:32 - [TEST_STEP][PASSED] - resText = "Pass": null

28-08-2024T20:47:32 - [TEST_STEP][PASSED] - pages.WriteExcel.demoKey(resText, datText, resColumn, datCloumn, fileLoc, nameSheet, row): pages.WriteExcel.demoKey is PASSED

28-08-2024T20:47:32 - [MESSAGE][PASSED] - pages.WriteExcel.demoKey is PASSED

28-08-2024T20:47:32 - [TEST_STEP][PASSED] - closeBrowser(): Browser is closed

28-08-2024T20:47:34 - [MESSAGE][PASSED] - Browser is closed]]></system-out>
         <system-err><![CDATA[]]></system-err>
      </testcase>
      <testcase name="Test Cases/IntegratedWeb/IWP25/Payments/PayNowPersonalCheckDCF" time="230.664" classname="Test Cases/IntegratedWeb/IWP25/Payments/PayNowPersonalCheckDCF" status="PASSED">
         <system-out><![CDATA[28-08-2024T20:47:34 - [TEST_CASE][PASSED] - Test Cases/IntegratedWeb/IWP25/Payments/PayNowPersonalCheckDCF: Test Cases/IntegratedWeb/IWP25/Payments/PayNowPersonalCheckDCF

28-08-2024T20:47:34 - [TEST_STEP][PASSED] - resText = "Fail": null

28-08-2024T20:47:34 - [TEST_STEP][PASSED] - resColumn = "Result": null

28-08-2024T20:47:34 - [TEST_STEP][PASSED] - datCloumn = "Date": null

28-08-2024T20:47:34 - [TEST_STEP][PASSED] - fileLoc = "KatalonData/IWPTestData/VRelay25Payments.xlsx": null

28-08-2024T20:47:34 - [TEST_STEP][PASSED] - numOfRows = <not implemented yet for class: org.codehaus.groovy.ast.expr.EmptyExpression>: null

28-08-2024T20:47:34 - [TEST_STEP][PASSED] - dataFile = <not implemented yet for class: org.codehaus.groovy.ast.expr.EmptyExpression>: null

28-08-2024T20:47:34 - [TEST_STEP][PASSED] - nameSheet = <not implemented yet for class: org.codehaus.groovy.ast.expr.EmptyExpression>: null

28-08-2024T20:47:34 - [TEST_STEP][PASSED] - dataFileEmulator = <not implemented yet for class: org.codehaus.groovy.ast.expr.EmptyExpression>: null

28-08-2024T20:47:34 - [TEST_STEP][PASSED] - isRequiredTextPresent = false: null

28-08-2024T20:47:34 - [TEST_STEP][PASSED] - nameSheet = "PayNowPersonalCheckDCF": null

28-08-2024T20:47:34 - [TEST_STEP][PASSED] - dataFile = "IWPTestData/IWP25PayNowPersonalCheckDCF": null

28-08-2024T20:47:34 - [TEST_STEP][PASSED] - dataFileEmulator = "IWPTestData/EmulatorData": null

28-08-2024T20:47:34 - [TEST_STEP][PASSED] - numOfRows = findTestData(dataFile).getRowNumbers(): null

28-08-2024T20:47:34 - [TEST_STEP][PASSED] - println("Number of Records: " + numOfRows): null

28-08-2024T20:47:34 - [TEST_STEP][PASSED] - for ([row = 1, row <= numOfRows, (row++)]): Browser is closed

28-08-2024T20:47:34 - [TEST_STEP][PASSED] - ExecuteTC = findTestData(dataFile).getValue("Execute", row): null

28-08-2024T20:47:35 - [TEST_STEP][PASSED] - out.println("Value of Execute is : " + ExecuteTC): null

28-08-2024T20:47:35 - [TEST_STEP][PASSED] - if (ExecuteTC.equalsIgnoreCase("Y")): null

28-08-2024T20:47:35 - [TEST_STEP][PASSED] - out.println("Begin Record Number: " + row): null

28-08-2024T20:47:35 - [TEST_STEP][PASSED] - today = new java.util.Date(): null

28-08-2024T20:47:35 - [TEST_STEP][PASSED] - println(today): null

28-08-2024T20:47:35 - [TEST_STEP][PASSED] - datText = today: null

28-08-2024T20:47:35 - [TEST_STEP][PASSED] - EmulatorDataKey = findTestData(dataFile).getValue("EmulatorData", row): null

28-08-2024T20:47:35 - [TEST_STEP][PASSED] - out.println("Value of Emulator Key is : " + EmulatorDataKey): null

28-08-2024T20:47:35 - [TEST_STEP][PASSED] - iwpPages.emulatorIWP30.setDataEmulator_DD(EmulatorDataKey): iwpPages.emulatorIWP30.setDataEmulator_DD is PASSED

28-08-2024T20:47:36 - [MESSAGE][INFO] - Starting 'Edge Chromium' driver

28-08-2024T20:47:36 - [MESSAGE][INFO] - User set preference: ['acceptInsecureCerts', 'true']

28-08-2024T20:47:39 - [MESSAGE][INFO] - Action delay is set to 0 milliseconds

28-08-2024T20:47:45 - [MESSAGE][PASSED] - Browser is opened with url: 'https://qa2.velocitypayment.com/agency/config.do?action=editor&message_version=2_5'

28-08-2024T20:47:45 - [MESSAGE][PASSED] - Current window maximized

28-08-2024T20:47:46 - [MESSAGE][PASSED] - All options with value '2.5' are selected in object 'Object Repository/IWP30/Page_VRelay30Emulator/MV'  using regular expression

28-08-2024T20:47:46 - [MESSAGE][PASSED] - Text '10.50' is set on object 'Object Repository/IWP30/Page_VRelay30Emulator/Amount'

28-08-2024T20:47:47 - [MESSAGE][PASSED] - Text '26413414' is set on object 'Object Repository/IWP30/Page_VRelay30Emulator/CAN'

28-08-2024T20:47:48 - [MESSAGE][PASSED] - Text 'PayNow' is set on object 'Object Repository/IWP30/Page_VRelay30Emulator/Action'

28-08-2024T20:47:48 - [MESSAGE][PASSED] - Text 'en_US' is set on object 'Object Repository/IWP30/Page_VRelay30Emulator/Lang'

28-08-2024T20:47:49 - [MESSAGE][PASSED] - Text '' is set on object 'Object Repository/IWP30/Page_VRelay30Emulator/Fname'

28-08-2024T20:47:51 - [MESSAGE][PASSED] - Text '' is set on object 'Object Repository/IWP30/Page_VRelay30Emulator/Lname'

28-08-2024T20:47:52 - [MESSAGE][PASSED] - Text '' is set on object 'Object Repository/IWP30/Page_VRelay30Emulator/AL1'

28-08-2024T20:47:52 - [MESSAGE][PASSED] - Text '' is set on object 'Object Repository/IWP30/Page_VRelay30Emulator/AL2'

28-08-2024T20:47:53 - [MESSAGE][PASSED] - Text '' is set on object 'Object Repository/IWP30/Page_VRelay30Emulator/Country'

28-08-2024T20:47:53 - [MESSAGE][PASSED] - Text '' is set on object 'Object Repository/IWP30/Page_VRelay30Emulator/City'

28-08-2024T20:47:54 - [MESSAGE][PASSED] - Text '' is set on object 'Object Repository/IWP30/Page_VRelay30Emulator/State'

28-08-2024T20:47:55 - [MESSAGE][PASSED] - Text '' is set on object 'Object Repository/IWP30/Page_VRelay30Emulator/ZIP'

28-08-2024T20:47:55 - [MESSAGE][PASSED] - Text '' is set on object 'Object Repository/IWP30/Page_VRelay30Emulator/Order'

28-08-2024T20:47:57 - [MESSAGE][PASSED] - Text '' is set on object 'Object Repository/IWP30/Page_VRelay30Emulator/Company'

28-08-2024T20:47:58 - [MESSAGE][PASSED] - Text '' is set on object 'Object Repository/IWP30/Page_VRelay30Emulator/Email'

28-08-2024T20:47:59 - [MESSAGE][PASSED] - Text '' is set on object 'Object Repository/IWP30/Page_VRelay30Emulator/UDF1'

28-08-2024T20:47:59 - [MESSAGE][PASSED] - Text '' is set on object 'Object Repository/IWP30/Page_VRelay30Emulator/UDF2'

28-08-2024T20:48:00 - [MESSAGE][PASSED] - Text '' is set on object 'Object Repository/IWP30/Page_VRelay30Emulator/UDF3'

28-08-2024T20:48:00 - [MESSAGE][PASSED] - Text 'udf data 4' is set on object 'Object Repository/IWP30/Page_VRelay30Emulator/UDF4'

28-08-2024T20:48:01 - [MESSAGE][PASSED] - Text 'udf data 5' is set on object 'Object Repository/IWP30/Page_VRelay30Emulator/UDF5'

28-08-2024T20:48:02 - [MESSAGE][PASSED] - Text '' is set on object 'Object Repository/IWP30/Page_VRelay30Emulator/UDF6'

28-08-2024T20:48:02 - [MESSAGE][PASSED] - Text '' is set on object 'Object Repository/IWP30/Page_VRelay30Emulator/UDF7'

28-08-2024T20:48:04 - [MESSAGE][PASSED] - Text '' is set on object 'Object Repository/IWP30/Page_VRelay30Emulator/UDF8'

28-08-2024T20:48:05 - [MESSAGE][PASSED] - Text 'udf data 9' is set on object 'Object Repository/IWP30/Page_VRelay30Emulator/UDF9'

28-08-2024T20:48:06 - [MESSAGE][PASSED] - Text 'udf data 10' is set on object 'Object Repository/IWP30/Page_VRelay30Emulator/UDF10'

28-08-2024T20:48:07 - [MESSAGE][PASSED] - Object: 'Object Repository/IWP30/Page_VRelay30Emulator/Submit' is clicked on

28-08-2024T20:48:12 - [MESSAGE][PASSED] - Browser is closed

28-08-2024T20:48:16 - [MESSAGE][PASSED] - iwpPages.emulatorIWP30.setDataEmulator_DD is PASSED

28-08-2024T20:48:16 - [TEST_STEP][PASSED] - testHarnessURL = urlTestHarness: null

28-08-2024T20:48:16 - [TEST_STEP][PASSED] - openBrowser(testHarnessURL): Browser is opened with url: 'https://dev-algorithm.govolution.com/vrelaytest/QA2/version_2_2/vrelaytest.html'

28-08-2024T20:48:16 - [MESSAGE][INFO] - Starting 'Edge Chromium' driver

28-08-2024T20:48:16 - [MESSAGE][INFO] - User set preference: ['acceptInsecureCerts', 'true']

28-08-2024T20:48:18 - [MESSAGE][INFO] - Action delay is set to 0 milliseconds

28-08-2024T20:48:24 - [MESSAGE][PASSED] - Browser is opened with url: 'https://dev-algorithm.govolution.com/vrelaytest/QA2/version_2_2/vrelaytest.html'

28-08-2024T20:48:24 - [TEST_STEP][PASSED] - maximizeWindow(): Current window maximized

28-08-2024T20:48:25 - [MESSAGE][PASSED] - Current window maximized

28-08-2024T20:48:25 - [TEST_STEP][PASSED] - iwpPages.TestHarnessPage.setDataMethod(row, dataFile): iwpPages.TestHarnessPage.setDataMethod is PASSED

28-08-2024T20:48:26 - [MESSAGE][PASSED] - Object 'Object Repository/IWP30/Page_QATestHarness/RemittanceID' is present

28-08-2024T20:48:26 - [MESSAGE][PASSED] - Text '640' is set on object 'Object Repository/IWP30/Page_QATestHarness/ApplicationID'

28-08-2024T20:48:27 - [MESSAGE][PASSED] - Text '2.5' is set on object 'Object Repository/IWP30/Page_QATestHarness/MessageVersion'

28-08-2024T20:48:28 - [MESSAGE][PASSED] - Text 'V8G2Rw0i1XBx' is set on object 'Object Repository/IWP30/Page_QATestHarness/RemittanceID'

28-08-2024T20:48:33 - [MESSAGE][PASSED] - Object: 'Object Repository/IWP30/Page_QATestHarness/SubmitButton' is clicked on

28-08-2024T20:48:33 - [MESSAGE][PASSED] - iwpPages.TestHarnessPage.setDataMethod is PASSED

28-08-2024T20:48:33 - [TEST_STEP][PASSED] - click(findTestObject("Object Repository/IWP30/Page_SelectPaymentMethod/PayByPersonalCheck")): Object: 'Object Repository/IWP30/Page_SelectPaymentMethod/PayByPersonalCheck' is clicked on

28-08-2024T20:48:34 - [MESSAGE][PASSED] - Object: 'Object Repository/IWP30/Page_SelectPaymentMethod/PayByPersonalCheck' is clicked on

28-08-2024T20:48:34 - [TEST_STEP][PASSED] - click(findTestObject("Object Repository/IWP30/Page_SelectPaymentMethod/MakePaymentButton")): Object: 'Object Repository/IWP30/Page_SelectPaymentMethod/MakePaymentButton' is clicked on

28-08-2024T20:48:36 - [MESSAGE][PASSED] - Object: 'Object Repository/IWP30/Page_SelectPaymentMethod/MakePaymentButton' is clicked on

28-08-2024T20:48:36 - [TEST_STEP][PASSED] - iwpPages.achPersonalPaymentEntryPage.setDataACHPPM(row, dataFile): iwpPages.achPersonalPaymentEntryPage.setDataACHPPM is PASSED

28-08-2024T20:48:40 - [MESSAGE][PASSED] - Object 'Object Repository/IWP30/Page_ACHPersonalPaymentEntry/txt_accountNumber' is present

28-08-2024T20:48:40 - [MESSAGE][PASSED] - Text '10.50' is set on object 'Object Repository/IWP30/Page_ACHPersonalPaymentEntry/txt_Amount'

28-08-2024T20:48:41 - [MESSAGE][PASSED] - Object 'Object Repository/IWP30/Page_ACHPersonalPaymentEntry/txt_UDF2' is present

28-08-2024T20:48:41 - [MESSAGE][PASSED] - Text 'udf data 2' is set on object 'Object Repository/IWP30/Page_ACHPersonalPaymentEntry/txt_UDF2'

28-08-2024T20:48:42 - [MESSAGE][PASSED] - Text 'udf data 3' is set on object 'Object Repository/IWP30/Page_ACHPersonalPaymentEntry/txt_UDF3'

28-08-2024T20:48:43 - [MESSAGE][PASSED] - All options with label 'Orange' are selected in object 'Object Repository/IWP30/Page_ACHPersonalPaymentEntry/dd_UDF7' 

28-08-2024T20:48:43 - [MESSAGE][PASSED] - All options with label 'Soccer' are selected in object 'Object Repository/IWP30/Page_ACHPersonalPaymentEntry/dd_UDF8' 

28-08-2024T20:48:43 - [MESSAGE][PASSED] - Object 'Object Repository/IWP30/Page_ACHPersonalPaymentEntry/txt_Firstname' is present

28-08-2024T20:48:45 - [MESSAGE][PASSED] - Text 'Elizath' is set on object 'Object Repository/IWP30/Page_ACHPersonalPaymentEntry/txt_Firstname'

28-08-2024T20:48:45 - [MESSAGE][PASSED] - Object 'Object Repository/IWP30/Page_ACHPersonalPaymentEntry/txt_Lastname' is present

28-08-2024T20:48:46 - [MESSAGE][PASSED] - Text 'Christine' is set on object 'Object Repository/IWP30/Page_ACHPersonalPaymentEntry/txt_Lastname'

28-08-2024T20:48:47 - [MESSAGE][PASSED] - Object 'Object Repository/IWP30/Page_ACHPersonalPaymentEntry/txt_routingNumber' is present

28-08-2024T20:48:47 - [MESSAGE][PASSED] - Text '256072691' is set on object 'Object Repository/IWP30/Page_ACHPersonalPaymentEntry/txt_routingNumber'

28-08-2024T20:48:48 - [MESSAGE][PASSED] - Object 'Object Repository/IWP30/Page_ACHPersonalPaymentEntry/txt_accountNumber' is present

28-08-2024T20:48:49 - [MESSAGE][PASSED] - Text '12344444' is set on object 'Object Repository/IWP30/Page_ACHPersonalPaymentEntry/txt_accountNumber'

28-08-2024T20:48:49 - [MESSAGE][PASSED] - Object 'Object Repository/IWP30/Page_ACHPersonalPaymentEntry/txt_confirmAccountNumber' is present

28-08-2024T20:48:50 - [MESSAGE][PASSED] - Text '12344444' is set on object 'Object Repository/IWP30/Page_ACHPersonalPaymentEntry/txt_confirmAccountNumber'

28-08-2024T20:48:50 - [MESSAGE][PASSED] - Object 'Object Repository/IWP30/Page_ACHPersonalPaymentEntry/rd_accountType' is present

28-08-2024T20:48:50 - [MESSAGE][PASSED] - Modify property of object successfully

28-08-2024T20:48:52 - [MESSAGE][PASSED] - Object: 'Object Repository/IWP30/Page_ACHPersonalPaymentEntry/rd_accountType' is clicked on

28-08-2024T20:48:53 - [MESSAGE][PASSED] - Text '365 Main Avenue' is set on object 'Object Repository/IWP30/Page_ACHPersonalPaymentEntry/txt_AL1'

28-08-2024T20:48:54 - [MESSAGE][PASSED] - Text '22201' is set on object 'Object Repository/IWP30/Page_ACHPersonalPaymentEntry/txt_ZIP'

28-08-2024T20:48:54 - [MESSAGE][PASSED] - Object 'Object Repository/IWP30/Page_ACHPersonalPaymentEntry/txt_Email' is present

28-08-2024T20:48:56 - [MESSAGE][PASSED] - Text 'iahmed@govolution.com' is set on object 'Object Repository/IWP30/Page_ACHPersonalPaymentEntry/txt_Email'

28-08-2024T20:48:56 - [MESSAGE][PASSED] - Object 'Object Repository/IWP30/Page_ACHPersonalPaymentEntry/cb_TermsAndCond' is present

28-08-2024T20:48:56 - [MESSAGE][PASSED] - Object: 'Object Repository/IWP30/Page_ACHPersonalPaymentEntry/cb_TermsAndCond' is clicked on

28-08-2024T20:48:56 - [MESSAGE][PASSED] - Object 'Object Repository/IWP30/Page_ACHPersonalPaymentEntry/btn_Continue' is present

28-08-2024T20:48:58 - [MESSAGE][PASSED] - Object: 'Object Repository/IWP30/Page_ACHPersonalPaymentEntry/btn_Continue' is clicked on

28-08-2024T20:48:58 - [MESSAGE][PASSED] - iwpPages.achPersonalPaymentEntryPage.setDataACHPPM is PASSED

28-08-2024T20:48:58 - [TEST_STEP][PASSED] - click(findTestObject("Object Repository/IWP30/Page_Confirmation/ConfirmButton")): Object: 'Object Repository/IWP30/Page_Confirmation/ConfirmButton' is clicked on

28-08-2024T20:49:00 - [MESSAGE][PASSED] - Object: 'Object Repository/IWP30/Page_Confirmation/ConfirmButton' is clicked on

28-08-2024T20:49:00 - [TEST_STEP][PASSED] - Thread.sleep(5000): null

28-08-2024T20:49:05 - [TEST_STEP][PASSED] - println("I am on real estate page"): null

28-08-2024T20:49:05 - [TEST_STEP][PASSED] - if (verifyTextPresent("Make a Real Estate Payment", false)): null

28-08-2024T20:49:06 - [MESSAGE][PASSED] - Text 'Make a Real Estate Payment' is present on page 

28-08-2024T20:49:06 - [TEST_STEP][PASSED] - isRequiredTextPresent = true: null

28-08-2024T20:49:06 - [TEST_STEP][PASSED] - println(isRequiredTextPresent): null

28-08-2024T20:49:06 - [TEST_STEP][PASSED] - if (isRequiredTextPresent): null

28-08-2024T20:49:06 - [TEST_STEP][PASSED] - if (verifyTextPresent("This transaction is subject to a Convenience Fees of $2.00.", false)): null

28-08-2024T20:49:07 - [MESSAGE][PASSED] - Text 'This transaction is subject to a Convenience Fees of $2.00.' is present on page 

28-08-2024T20:49:07 - [TEST_STEP][PASSED] - isRequiredTextPresent = true: null

28-08-2024T20:49:07 - [TEST_STEP][PASSED] - println(isRequiredTextPresent): null

28-08-2024T20:49:07 - [TEST_STEP][PASSED] - if (isRequiredTextPresent): null

28-08-2024T20:49:07 - [TEST_STEP][PASSED] - if (verifyTextPresent("Payment Amount:  $10.50", false)): null

28-08-2024T20:49:07 - [MESSAGE][PASSED] - Text 'Payment Amount:  $10.50' is present on page 

28-08-2024T20:49:07 - [TEST_STEP][PASSED] - isRequiredTextPresent = true: null

28-08-2024T20:49:07 - [TEST_STEP][PASSED] - if (isRequiredTextPresent): null

28-08-2024T20:49:07 - [TEST_STEP][PASSED] - if (verifyTextPresent("Convenience Fees:  $2.00", false)): null

28-08-2024T20:49:07 - [MESSAGE][PASSED] - Text 'Convenience Fees:  $2.00' is present on page 

28-08-2024T20:49:07 - [TEST_STEP][PASSED] - isRequiredTextPresent = true: null

28-08-2024T20:49:07 - [TEST_STEP][PASSED] - if (isRequiredTextPresent): null

28-08-2024T20:49:07 - [TEST_STEP][PASSED] - if (verifyTextPresent("Total Amount:  $12.50", false)): null

28-08-2024T20:49:07 - [MESSAGE][PASSED] - Text 'Total Amount:  $12.50' is present on page 

28-08-2024T20:49:07 - [TEST_STEP][PASSED] - isRequiredTextPresent = true: null

28-08-2024T20:49:07 - [TEST_STEP][PASSED] - if (isRequiredTextPresent): null

28-08-2024T20:49:07 - [TEST_STEP][PASSED] - if (verifyTextPresent("Two transactions will appear on your bank statement, one in the amount of $10.50 and one in the amount of $2.00.", false)): null

28-08-2024T20:49:08 - [MESSAGE][PASSED] - Text 'Two transactions will appear on your bank statement, one in the amount of $10.50 and one in the amount of $2.00.' is present on page 

28-08-2024T20:49:08 - [TEST_STEP][PASSED] - isRequiredTextPresent = true: null

28-08-2024T20:49:08 - [TEST_STEP][PASSED] - Thread.sleep(10000): null

28-08-2024T20:49:18 - [TEST_STEP][PASSED] - click(findTestObject("Object Repository/IWP30/Page_ConvenienceFees/btn_convFeeNotifyAction")): Object: 'Object Repository/IWP30/Page_ConvenienceFees/btn_convFeeNotifyAction' is clicked on

28-08-2024T20:49:20 - [MESSAGE][PASSED] - Object: 'Object Repository/IWP30/Page_ConvenienceFees/btn_convFeeNotifyAction' is clicked on

28-08-2024T20:49:20 - [TEST_STEP][PASSED] - Thread.sleep(10000): null

28-08-2024T20:49:30 - [TEST_STEP][PASSED] - if (verifyTextPresent("Successful Payment Receipt", false)): null

28-08-2024T20:49:30 - [MESSAGE][PASSED] - Text 'Successful Payment Receipt' is present on page 

28-08-2024T20:49:30 - [TEST_STEP][PASSED] - println("Successful Payment Receipt text is present on the Receipt page"): null

28-08-2024T20:49:30 - [TEST_STEP][PASSED] - markPassed("Successful Payment Receipt text is present on the Receipt page"): Successful Payment Receipt text is present on the Receipt page

28-08-2024T20:49:30 - [MESSAGE][PASSED] - Successful Payment Receipt text is present on the Receipt page

28-08-2024T20:49:30 - [TEST_STEP][PASSED] - resText = "Pass": null

28-08-2024T20:49:30 - [TEST_STEP][PASSED] - pages.WriteExcel.demoKey(resText, datText, resColumn, datCloumn, fileLoc, nameSheet, row): pages.WriteExcel.demoKey is PASSED

28-08-2024T20:49:32 - [MESSAGE][PASSED] - pages.WriteExcel.demoKey is PASSED

28-08-2024T20:49:32 - [TEST_STEP][PASSED] - closeBrowser(): Browser is closed

28-08-2024T20:49:33 - [MESSAGE][PASSED] - Browser is closed

28-08-2024T20:49:33 - [TEST_STEP][PASSED] - ExecuteTC = findTestData(dataFile).getValue("Execute", row): null

28-08-2024T20:49:33 - [TEST_STEP][PASSED] - out.println("Value of Execute is : " + ExecuteTC): null

28-08-2024T20:49:33 - [TEST_STEP][PASSED] - if (ExecuteTC.equalsIgnoreCase("Y")): null

28-08-2024T20:49:33 - [TEST_STEP][PASSED] - out.println("Begin Record Number: " + row): null

28-08-2024T20:49:33 - [TEST_STEP][PASSED] - today = new java.util.Date(): null

28-08-2024T20:49:33 - [TEST_STEP][PASSED] - println(today): null

28-08-2024T20:49:33 - [TEST_STEP][PASSED] - datText = today: null

28-08-2024T20:49:33 - [TEST_STEP][PASSED] - EmulatorDataKey = findTestData(dataFile).getValue("EmulatorData", row): null

28-08-2024T20:49:33 - [TEST_STEP][PASSED] - out.println("Value of Emulator Key is : " + EmulatorDataKey): null

28-08-2024T20:49:33 - [TEST_STEP][PASSED] - iwpPages.emulatorIWP30.setDataEmulator_DD(EmulatorDataKey): iwpPages.emulatorIWP30.setDataEmulator_DD is PASSED

28-08-2024T20:49:34 - [MESSAGE][INFO] - Starting 'Edge Chromium' driver

28-08-2024T20:49:34 - [MESSAGE][INFO] - User set preference: ['acceptInsecureCerts', 'true']

28-08-2024T20:49:37 - [MESSAGE][INFO] - Action delay is set to 0 milliseconds

28-08-2024T20:49:43 - [MESSAGE][PASSED] - Browser is opened with url: 'https://qa2.velocitypayment.com/agency/config.do?action=editor&message_version=2_5'

28-08-2024T20:49:43 - [MESSAGE][PASSED] - Current window maximized

28-08-2024T20:49:44 - [MESSAGE][PASSED] - All options with value '2.5' are selected in object 'Object Repository/IWP30/Page_VRelay30Emulator/MV'  using regular expression

28-08-2024T20:49:44 - [MESSAGE][PASSED] - Text '10.50' is set on object 'Object Repository/IWP30/Page_VRelay30Emulator/Amount'

28-08-2024T20:49:45 - [MESSAGE][PASSED] - Text '26413255' is set on object 'Object Repository/IWP30/Page_VRelay30Emulator/CAN'

28-08-2024T20:49:46 - [MESSAGE][PASSED] - Text 'PayNow' is set on object 'Object Repository/IWP30/Page_VRelay30Emulator/Action'

28-08-2024T20:49:46 - [MESSAGE][PASSED] - Text 'en_US' is set on object 'Object Repository/IWP30/Page_VRelay30Emulator/Lang'

28-08-2024T20:49:49 - [MESSAGE][PASSED] - Text 'Jasmine' is set on object 'Object Repository/IWP30/Page_VRelay30Emulator/Fname'

28-08-2024T20:49:50 - [MESSAGE][PASSED] - Text 'Patrinol' is set on object 'Object Repository/IWP30/Page_VRelay30Emulator/Lname'

28-08-2024T20:49:50 - [MESSAGE][PASSED] - Text '258 Underwood rd' is set on object 'Object Repository/IWP30/Page_VRelay30Emulator/AL1'

28-08-2024T20:49:51 - [MESSAGE][PASSED] - Text 'Suite 600' is set on object 'Object Repository/IWP30/Page_VRelay30Emulator/AL2'

28-08-2024T20:49:51 - [MESSAGE][PASSED] - Text '840' is set on object 'Object Repository/IWP30/Page_VRelay30Emulator/Country'

28-08-2024T20:49:52 - [MESSAGE][PASSED] - Text 'Arlington' is set on object 'Object Repository/IWP30/Page_VRelay30Emulator/City'

28-08-2024T20:49:53 - [MESSAGE][PASSED] - Text 'VA' is set on object 'Object Repository/IWP30/Page_VRelay30Emulator/State'

28-08-2024T20:49:53 - [MESSAGE][PASSED] - Text '22201' is set on object 'Object Repository/IWP30/Page_VRelay30Emulator/ZIP'

28-08-2024T20:49:55 - [MESSAGE][PASSED] - Text '' is set on object 'Object Repository/IWP30/Page_VRelay30Emulator/Order'

28-08-2024T20:49:56 - [MESSAGE][PASSED] - Text 'Some Company' is set on object 'Object Repository/IWP30/Page_VRelay30Emulator/Company'

28-08-2024T20:49:57 - [MESSAGE][PASSED] - Text 'iahmed@govolution.com' is set on object 'Object Repository/IWP30/Page_VRelay30Emulator/Email'

28-08-2024T20:49:57 - [MESSAGE][PASSED] - Text 'udf data 1' is set on object 'Object Repository/IWP30/Page_VRelay30Emulator/UDF1'

28-08-2024T20:49:58 - [MESSAGE][PASSED] - Text 'udf data 2' is set on object 'Object Repository/IWP30/Page_VRelay30Emulator/UDF2'

28-08-2024T20:49:59 - [MESSAGE][PASSED] - Text 'udf data 3' is set on object 'Object Repository/IWP30/Page_VRelay30Emulator/UDF3'

28-08-2024T20:49:59 - [MESSAGE][PASSED] - Text 'udf data 4' is set on object 'Object Repository/IWP30/Page_VRelay30Emulator/UDF4'

28-08-2024T20:50:00 - [MESSAGE][PASSED] - Text 'udf data 5' is set on object 'Object Repository/IWP30/Page_VRelay30Emulator/UDF5'

28-08-2024T20:50:02 - [MESSAGE][PASSED] - Text 'udf data 6' is set on object 'Object Repository/IWP30/Page_VRelay30Emulator/UDF6'

28-08-2024T20:50:03 - [MESSAGE][PASSED] - Text 'Orange' is set on object 'Object Repository/IWP30/Page_VRelay30Emulator/UDF7'

28-08-2024T20:50:03 - [MESSAGE][PASSED] - Text 'Soccer' is set on object 'Object Repository/IWP30/Page_VRelay30Emulator/UDF8'

28-08-2024T20:50:04 - [MESSAGE][PASSED] - Text 'udf data 9' is set on object 'Object Repository/IWP30/Page_VRelay30Emulator/UDF9'

28-08-2024T20:50:04 - [MESSAGE][PASSED] - Text 'udf data 10' is set on object 'Object Repository/IWP30/Page_VRelay30Emulator/UDF10'

28-08-2024T20:50:06 - [MESSAGE][PASSED] - Object: 'Object Repository/IWP30/Page_VRelay30Emulator/Submit' is clicked on

28-08-2024T20:50:10 - [MESSAGE][PASSED] - Browser is closed

28-08-2024T20:50:15 - [MESSAGE][PASSED] - iwpPages.emulatorIWP30.setDataEmulator_DD is PASSED

28-08-2024T20:50:15 - [TEST_STEP][PASSED] - testHarnessURL = urlTestHarness: null

28-08-2024T20:50:15 - [TEST_STEP][PASSED] - openBrowser(testHarnessURL): Browser is opened with url: 'https://dev-algorithm.govolution.com/vrelaytest/QA2/version_2_2/vrelaytest.html'

28-08-2024T20:50:15 - [MESSAGE][INFO] - Starting 'Edge Chromium' driver

28-08-2024T20:50:15 - [MESSAGE][INFO] - User set preference: ['acceptInsecureCerts', 'true']

28-08-2024T20:50:17 - [MESSAGE][INFO] - Action delay is set to 0 milliseconds

28-08-2024T20:50:24 - [MESSAGE][PASSED] - Browser is opened with url: 'https://dev-algorithm.govolution.com/vrelaytest/QA2/version_2_2/vrelaytest.html'

28-08-2024T20:50:24 - [TEST_STEP][PASSED] - maximizeWindow(): Current window maximized

28-08-2024T20:50:24 - [MESSAGE][PASSED] - Current window maximized

28-08-2024T20:50:24 - [TEST_STEP][PASSED] - iwpPages.TestHarnessPage.setDataMethod(row, dataFile): iwpPages.TestHarnessPage.setDataMethod is PASSED

28-08-2024T20:50:24 - [MESSAGE][PASSED] - Object 'Object Repository/IWP30/Page_QATestHarness/RemittanceID' is present

28-08-2024T20:50:25 - [MESSAGE][PASSED] - Text '640' is set on object 'Object Repository/IWP30/Page_QATestHarness/ApplicationID'

28-08-2024T20:50:26 - [MESSAGE][PASSED] - Text '2.5' is set on object 'Object Repository/IWP30/Page_QATestHarness/MessageVersion'

28-08-2024T20:50:26 - [MESSAGE][PASSED] - Text 'JGbBfLB7JsOZ' is set on object 'Object Repository/IWP30/Page_QATestHarness/RemittanceID'

28-08-2024T20:50:31 - [MESSAGE][PASSED] - Object: 'Object Repository/IWP30/Page_QATestHarness/SubmitButton' is clicked on

28-08-2024T20:50:31 - [MESSAGE][PASSED] - iwpPages.TestHarnessPage.setDataMethod is PASSED

28-08-2024T20:50:31 - [TEST_STEP][PASSED] - click(findTestObject("Object Repository/IWP30/Page_SelectPaymentMethod/PayByPersonalCheck")): Object: 'Object Repository/IWP30/Page_SelectPaymentMethod/PayByPersonalCheck' is clicked on

28-08-2024T20:50:31 - [MESSAGE][PASSED] - Object: 'Object Repository/IWP30/Page_SelectPaymentMethod/PayByPersonalCheck' is clicked on

28-08-2024T20:50:31 - [TEST_STEP][PASSED] - click(findTestObject("Object Repository/IWP30/Page_SelectPaymentMethod/MakePaymentButton")): Object: 'Object Repository/IWP30/Page_SelectPaymentMethod/MakePaymentButton' is clicked on

28-08-2024T20:50:34 - [MESSAGE][PASSED] - Object: 'Object Repository/IWP30/Page_SelectPaymentMethod/MakePaymentButton' is clicked on

28-08-2024T20:50:34 - [TEST_STEP][PASSED] - iwpPages.achPersonalPaymentEntryPage.setDataACHPPM(row, dataFile): iwpPages.achPersonalPaymentEntryPage.setDataACHPPM is PASSED

28-08-2024T20:50:37 - [MESSAGE][PASSED] - Object 'Object Repository/IWP30/Page_ACHPersonalPaymentEntry/txt_accountNumber' is present

28-08-2024T20:50:38 - [MESSAGE][PASSED] - Object 'Object Repository/IWP30/Page_ACHPersonalPaymentEntry/txt_UDF2' is present

28-08-2024T20:50:38 - [MESSAGE][PASSED] - All options with label 'Soccer' are selected in object 'Object Repository/IWP30/Page_ACHPersonalPaymentEntry/dd_UDF8' 

28-08-2024T20:50:39 - [MESSAGE][PASSED] - Object 'Object Repository/IWP30/Page_ACHPersonalPaymentEntry/txt_Firstname' is present

28-08-2024T20:50:39 - [MESSAGE][PASSED] - Text 'Elizath' is set on object 'Object Repository/IWP30/Page_ACHPersonalPaymentEntry/txt_Firstname'

28-08-2024T20:50:39 - [MESSAGE][PASSED] - Object 'Object Repository/IWP30/Page_ACHPersonalPaymentEntry/txt_Lastname' is present

28-08-2024T20:50:40 - [MESSAGE][PASSED] - Text 'Christine' is set on object 'Object Repository/IWP30/Page_ACHPersonalPaymentEntry/txt_Lastname'

28-08-2024T20:50:40 - [MESSAGE][PASSED] - Object 'Object Repository/IWP30/Page_ACHPersonalPaymentEntry/txt_routingNumber' is present

28-08-2024T20:50:41 - [MESSAGE][PASSED] - Text '256072691' is set on object 'Object Repository/IWP30/Page_ACHPersonalPaymentEntry/txt_routingNumber'

28-08-2024T20:50:41 - [MESSAGE][PASSED] - Object 'Object Repository/IWP30/Page_ACHPersonalPaymentEntry/txt_accountNumber' is present

28-08-2024T20:50:44 - [MESSAGE][PASSED] - Text '12344444' is set on object 'Object Repository/IWP30/Page_ACHPersonalPaymentEntry/txt_accountNumber'

28-08-2024T20:50:45 - [MESSAGE][PASSED] - Object 'Object Repository/IWP30/Page_ACHPersonalPaymentEntry/txt_confirmAccountNumber' is present

28-08-2024T20:50:45 - [MESSAGE][PASSED] - Text '12344444' is set on object 'Object Repository/IWP30/Page_ACHPersonalPaymentEntry/txt_confirmAccountNumber'

28-08-2024T20:50:46 - [MESSAGE][PASSED] - Object 'Object Repository/IWP30/Page_ACHPersonalPaymentEntry/rd_accountType' is present

28-08-2024T20:50:46 - [MESSAGE][PASSED] - Modify property of object successfully

28-08-2024T20:50:46 - [MESSAGE][PASSED] - Object: 'Object Repository/IWP30/Page_ACHPersonalPaymentEntry/rd_accountType' is clicked on

28-08-2024T20:50:46 - [MESSAGE][PASSED] - Object 'Object Repository/IWP30/Page_ACHPersonalPaymentEntry/txt_Email' is present

28-08-2024T20:50:46 - [MESSAGE][PASSED] - Object 'Object Repository/IWP30/Page_ACHPersonalPaymentEntry/cb_TermsAndCond' is present

28-08-2024T20:50:47 - [MESSAGE][PASSED] - Object: 'Object Repository/IWP30/Page_ACHPersonalPaymentEntry/cb_TermsAndCond' is clicked on

28-08-2024T20:50:47 - [MESSAGE][PASSED] - Object 'Object Repository/IWP30/Page_ACHPersonalPaymentEntry/btn_Continue' is present

28-08-2024T20:50:49 - [MESSAGE][PASSED] - Object: 'Object Repository/IWP30/Page_ACHPersonalPaymentEntry/btn_Continue' is clicked on

28-08-2024T20:50:49 - [MESSAGE][PASSED] - iwpPages.achPersonalPaymentEntryPage.setDataACHPPM is PASSED

28-08-2024T20:50:49 - [TEST_STEP][PASSED] - click(findTestObject("Object Repository/IWP30/Page_Confirmation/ConfirmButton")): Object: 'Object Repository/IWP30/Page_Confirmation/ConfirmButton' is clicked on

28-08-2024T20:50:52 - [MESSAGE][PASSED] - Object: 'Object Repository/IWP30/Page_Confirmation/ConfirmButton' is clicked on

28-08-2024T20:50:52 - [TEST_STEP][PASSED] - Thread.sleep(5000): null

28-08-2024T20:50:57 - [TEST_STEP][PASSED] - println("I am on real estate page"): null

28-08-2024T20:50:57 - [TEST_STEP][PASSED] - if (verifyTextPresent("Make a Real Estate Payment", false)): null

28-08-2024T20:50:58 - [MESSAGE][PASSED] - Text 'Make a Real Estate Payment' is present on page 

28-08-2024T20:50:58 - [TEST_STEP][PASSED] - isRequiredTextPresent = true: null

28-08-2024T20:50:58 - [TEST_STEP][PASSED] - println(isRequiredTextPresent): null

28-08-2024T20:50:58 - [TEST_STEP][PASSED] - if (isRequiredTextPresent): null

28-08-2024T20:50:58 - [TEST_STEP][PASSED] - if (verifyTextPresent("This transaction is subject to a Convenience Fees of $2.00.", false)): null

28-08-2024T20:50:58 - [MESSAGE][PASSED] - Text 'This transaction is subject to a Convenience Fees of $2.00.' is present on page 

28-08-2024T20:50:58 - [TEST_STEP][PASSED] - isRequiredTextPresent = true: null

28-08-2024T20:50:58 - [TEST_STEP][PASSED] - println(isRequiredTextPresent): null

28-08-2024T20:50:58 - [TEST_STEP][PASSED] - if (isRequiredTextPresent): null

28-08-2024T20:50:58 - [TEST_STEP][PASSED] - if (verifyTextPresent("Payment Amount:  $10.50", false)): null

28-08-2024T20:50:58 - [MESSAGE][PASSED] - Text 'Payment Amount:  $10.50' is present on page 

28-08-2024T20:50:58 - [TEST_STEP][PASSED] - isRequiredTextPresent = true: null

28-08-2024T20:50:58 - [TEST_STEP][PASSED] - if (isRequiredTextPresent): null

28-08-2024T20:50:58 - [TEST_STEP][PASSED] - if (verifyTextPresent("Convenience Fees:  $2.00", false)): null

28-08-2024T20:50:58 - [MESSAGE][PASSED] - Text 'Convenience Fees:  $2.00' is present on page 

28-08-2024T20:50:58 - [TEST_STEP][PASSED] - isRequiredTextPresent = true: null

28-08-2024T20:50:58 - [TEST_STEP][PASSED] - if (isRequiredTextPresent): null

28-08-2024T20:50:58 - [TEST_STEP][PASSED] - if (verifyTextPresent("Total Amount:  $12.50", false)): null

28-08-2024T20:50:59 - [MESSAGE][PASSED] - Text 'Total Amount:  $12.50' is present on page 

28-08-2024T20:50:59 - [TEST_STEP][PASSED] - isRequiredTextPresent = true: null

28-08-2024T20:50:59 - [TEST_STEP][PASSED] - if (isRequiredTextPresent): null

28-08-2024T20:50:59 - [TEST_STEP][PASSED] - if (verifyTextPresent("Two transactions will appear on your bank statement, one in the amount of $10.50 and one in the amount of $2.00.", false)): null

28-08-2024T20:50:59 - [MESSAGE][PASSED] - Text 'Two transactions will appear on your bank statement, one in the amount of $10.50 and one in the amount of $2.00.' is present on page 

28-08-2024T20:50:59 - [TEST_STEP][PASSED] - isRequiredTextPresent = true: null

28-08-2024T20:50:59 - [TEST_STEP][PASSED] - Thread.sleep(10000): null

28-08-2024T20:51:09 - [TEST_STEP][PASSED] - click(findTestObject("Object Repository/IWP30/Page_ConvenienceFees/btn_convFeeNotifyAction")): Object: 'Object Repository/IWP30/Page_ConvenienceFees/btn_convFeeNotifyAction' is clicked on

28-08-2024T20:51:12 - [MESSAGE][PASSED] - Object: 'Object Repository/IWP30/Page_ConvenienceFees/btn_convFeeNotifyAction' is clicked on

28-08-2024T20:51:12 - [TEST_STEP][PASSED] - Thread.sleep(10000): null

28-08-2024T20:51:22 - [TEST_STEP][PASSED] - if (verifyTextPresent("Successful Payment Receipt", false)): null

28-08-2024T20:51:23 - [MESSAGE][PASSED] - Text 'Successful Payment Receipt' is present on page 

28-08-2024T20:51:23 - [TEST_STEP][PASSED] - println("Successful Payment Receipt text is present on the Receipt page"): null

28-08-2024T20:51:23 - [TEST_STEP][PASSED] - markPassed("Successful Payment Receipt text is present on the Receipt page"): Successful Payment Receipt text is present on the Receipt page

28-08-2024T20:51:23 - [MESSAGE][PASSED] - Successful Payment Receipt text is present on the Receipt page

28-08-2024T20:51:23 - [TEST_STEP][PASSED] - resText = "Pass": null

28-08-2024T20:51:23 - [TEST_STEP][PASSED] - pages.WriteExcel.demoKey(resText, datText, resColumn, datCloumn, fileLoc, nameSheet, row): pages.WriteExcel.demoKey is PASSED

28-08-2024T20:51:23 - [MESSAGE][PASSED] - pages.WriteExcel.demoKey is PASSED

28-08-2024T20:51:23 - [TEST_STEP][PASSED] - closeBrowser(): Browser is closed

28-08-2024T20:51:24 - [MESSAGE][PASSED] - Browser is closed]]></system-out>
         <system-err><![CDATA[]]></system-err>
      </testcase>
      <testcase name="Test Cases/IntegratedWeb/IWP25/Payments/PayNowPersonalCheckSCF" time="223.176" classname="Test Cases/IntegratedWeb/IWP25/Payments/PayNowPersonalCheckSCF" status="PASSED">
         <system-out><![CDATA[28-08-2024T20:51:24 - [TEST_CASE][PASSED] - Test Cases/IntegratedWeb/IWP25/Payments/PayNowPersonalCheckSCF: Test Cases/IntegratedWeb/IWP25/Payments/PayNowPersonalCheckSCF

28-08-2024T20:51:24 - [TEST_STEP][PASSED] - resText = "Fail": null

28-08-2024T20:51:24 - [TEST_STEP][PASSED] - resColumn = "Result": null

28-08-2024T20:51:24 - [TEST_STEP][PASSED] - datCloumn = "Date": null

28-08-2024T20:51:24 - [TEST_STEP][PASSED] - fileLoc = "KatalonData/IWPTestData/VRelay25Payments.xlsx": null

28-08-2024T20:51:24 - [TEST_STEP][PASSED] - numOfRows = <not implemented yet for class: org.codehaus.groovy.ast.expr.EmptyExpression>: null

28-08-2024T20:51:24 - [TEST_STEP][PASSED] - dataFile = <not implemented yet for class: org.codehaus.groovy.ast.expr.EmptyExpression>: null

28-08-2024T20:51:24 - [TEST_STEP][PASSED] - nameSheet = <not implemented yet for class: org.codehaus.groovy.ast.expr.EmptyExpression>: null

28-08-2024T20:51:24 - [TEST_STEP][PASSED] - dataFileEmulator = <not implemented yet for class: org.codehaus.groovy.ast.expr.EmptyExpression>: null

28-08-2024T20:51:24 - [TEST_STEP][PASSED] - isRequiredTextPresent = false: null

28-08-2024T20:51:24 - [TEST_STEP][PASSED] - nameSheet = "PayNowPersonalCheckSCF": null

28-08-2024T20:51:24 - [TEST_STEP][PASSED] - dataFile = "IWPTestData/IWP25PayNowPersonalCheckSCF": null

28-08-2024T20:51:24 - [TEST_STEP][PASSED] - dataFileEmulator = "IWPTestData/EmulatorData": null

28-08-2024T20:51:24 - [TEST_STEP][PASSED] - numOfRows = findTestData(dataFile).getRowNumbers(): null

28-08-2024T20:51:25 - [TEST_STEP][PASSED] - println("Number of Records: " + numOfRows): null

28-08-2024T20:51:25 - [TEST_STEP][PASSED] - for ([row = 1, row <= numOfRows, (row++)]): Browser is closed

28-08-2024T20:51:25 - [TEST_STEP][PASSED] - ExecuteTC = findTestData(dataFile).getValue("Execute", row): null

28-08-2024T20:51:25 - [TEST_STEP][PASSED] - out.println("Value of Execute is : " + ExecuteTC): null

28-08-2024T20:51:25 - [TEST_STEP][PASSED] - if (ExecuteTC.equalsIgnoreCase("Y")): null

28-08-2024T20:51:25 - [TEST_STEP][PASSED] - out.println("Begin Record Number: " + row): null

28-08-2024T20:51:25 - [TEST_STEP][PASSED] - today = new java.util.Date(): null

28-08-2024T20:51:25 - [TEST_STEP][PASSED] - println(today): null

28-08-2024T20:51:25 - [TEST_STEP][PASSED] - datText = today: null

28-08-2024T20:51:25 - [TEST_STEP][PASSED] - EmulatorDataKey = findTestData(dataFile).getValue("EmulatorData", row): null

28-08-2024T20:51:25 - [TEST_STEP][PASSED] - out.println("Value of Emulator Key is : " + EmulatorDataKey): null

28-08-2024T20:51:25 - [TEST_STEP][PASSED] - iwpPages.emulatorIWP30.setDataEmulator_DD(EmulatorDataKey): iwpPages.emulatorIWP30.setDataEmulator_DD is PASSED

28-08-2024T20:51:25 - [MESSAGE][INFO] - Starting 'Edge Chromium' driver

28-08-2024T20:51:25 - [MESSAGE][INFO] - User set preference: ['acceptInsecureCerts', 'true']

28-08-2024T20:51:28 - [MESSAGE][INFO] - Action delay is set to 0 milliseconds

28-08-2024T20:51:33 - [MESSAGE][PASSED] - Browser is opened with url: 'https://qa2.velocitypayment.com/agency/config.do?action=editor&message_version=2_5'

28-08-2024T20:51:33 - [MESSAGE][PASSED] - Current window maximized

28-08-2024T20:51:34 - [MESSAGE][PASSED] - All options with value '2.5' are selected in object 'Object Repository/IWP30/Page_VRelay30Emulator/MV'  using regular expression

28-08-2024T20:51:35 - [MESSAGE][PASSED] - Text '10.50' is set on object 'Object Repository/IWP30/Page_VRelay30Emulator/Amount'

28-08-2024T20:51:36 - [MESSAGE][PASSED] - Text '26413414' is set on object 'Object Repository/IWP30/Page_VRelay30Emulator/CAN'

28-08-2024T20:51:36 - [MESSAGE][PASSED] - Text 'PayNow' is set on object 'Object Repository/IWP30/Page_VRelay30Emulator/Action'

28-08-2024T20:51:37 - [MESSAGE][PASSED] - Text 'en_US' is set on object 'Object Repository/IWP30/Page_VRelay30Emulator/Lang'

28-08-2024T20:51:38 - [MESSAGE][PASSED] - Text '' is set on object 'Object Repository/IWP30/Page_VRelay30Emulator/Fname'

28-08-2024T20:51:40 - [MESSAGE][PASSED] - Text '' is set on object 'Object Repository/IWP30/Page_VRelay30Emulator/Lname'

28-08-2024T20:51:41 - [MESSAGE][PASSED] - Text '' is set on object 'Object Repository/IWP30/Page_VRelay30Emulator/AL1'

28-08-2024T20:51:41 - [MESSAGE][PASSED] - Text '' is set on object 'Object Repository/IWP30/Page_VRelay30Emulator/AL2'

28-08-2024T20:51:42 - [MESSAGE][PASSED] - Text '' is set on object 'Object Repository/IWP30/Page_VRelay30Emulator/Country'

28-08-2024T20:51:43 - [MESSAGE][PASSED] - Text '' is set on object 'Object Repository/IWP30/Page_VRelay30Emulator/City'

28-08-2024T20:51:43 - [MESSAGE][PASSED] - Text '' is set on object 'Object Repository/IWP30/Page_VRelay30Emulator/State'

28-08-2024T20:51:44 - [MESSAGE][PASSED] - Text '' is set on object 'Object Repository/IWP30/Page_VRelay30Emulator/ZIP'

28-08-2024T20:51:44 - [MESSAGE][PASSED] - Text '' is set on object 'Object Repository/IWP30/Page_VRelay30Emulator/Order'

28-08-2024T20:51:46 - [MESSAGE][PASSED] - Text '' is set on object 'Object Repository/IWP30/Page_VRelay30Emulator/Company'

28-08-2024T20:51:47 - [MESSAGE][PASSED] - Text '' is set on object 'Object Repository/IWP30/Page_VRelay30Emulator/Email'

28-08-2024T20:51:48 - [MESSAGE][PASSED] - Text '' is set on object 'Object Repository/IWP30/Page_VRelay30Emulator/UDF1'

28-08-2024T20:51:49 - [MESSAGE][PASSED] - Text '' is set on object 'Object Repository/IWP30/Page_VRelay30Emulator/UDF2'

28-08-2024T20:51:49 - [MESSAGE][PASSED] - Text '' is set on object 'Object Repository/IWP30/Page_VRelay30Emulator/UDF3'

28-08-2024T20:51:50 - [MESSAGE][PASSED] - Text 'udf data 4' is set on object 'Object Repository/IWP30/Page_VRelay30Emulator/UDF4'

28-08-2024T20:51:50 - [MESSAGE][PASSED] - Text 'udf data 5' is set on object 'Object Repository/IWP30/Page_VRelay30Emulator/UDF5'

28-08-2024T20:51:51 - [MESSAGE][PASSED] - Text '' is set on object 'Object Repository/IWP30/Page_VRelay30Emulator/UDF6'

28-08-2024T20:51:53 - [MESSAGE][PASSED] - Text '' is set on object 'Object Repository/IWP30/Page_VRelay30Emulator/UDF7'

28-08-2024T20:51:54 - [MESSAGE][PASSED] - Text '' is set on object 'Object Repository/IWP30/Page_VRelay30Emulator/UDF8'

28-08-2024T20:51:55 - [MESSAGE][PASSED] - Text 'udf data 9' is set on object 'Object Repository/IWP30/Page_VRelay30Emulator/UDF9'

28-08-2024T20:51:55 - [MESSAGE][PASSED] - Text 'udf data 10' is set on object 'Object Repository/IWP30/Page_VRelay30Emulator/UDF10'

28-08-2024T20:51:56 - [MESSAGE][PASSED] - Object: 'Object Repository/IWP30/Page_VRelay30Emulator/Submit' is clicked on

28-08-2024T20:52:01 - [MESSAGE][PASSED] - Browser is closed

28-08-2024T20:52:05 - [MESSAGE][PASSED] - iwpPages.emulatorIWP30.setDataEmulator_DD is PASSED

28-08-2024T20:52:05 - [TEST_STEP][PASSED] - testHarnessURL = urlTestHarness: null

28-08-2024T20:52:05 - [TEST_STEP][PASSED] - openBrowser(testHarnessURL): Browser is opened with url: 'https://dev-algorithm.govolution.com/vrelaytest/QA2/version_2_2/vrelaytest.html'

28-08-2024T20:52:05 - [MESSAGE][INFO] - Starting 'Edge Chromium' driver

28-08-2024T20:52:05 - [MESSAGE][INFO] - User set preference: ['acceptInsecureCerts', 'true']

28-08-2024T20:52:07 - [MESSAGE][INFO] - Action delay is set to 0 milliseconds

28-08-2024T20:52:14 - [MESSAGE][PASSED] - Browser is opened with url: 'https://dev-algorithm.govolution.com/vrelaytest/QA2/version_2_2/vrelaytest.html'

28-08-2024T20:52:14 - [TEST_STEP][PASSED] - maximizeWindow(): Current window maximized

28-08-2024T20:52:14 - [MESSAGE][PASSED] - Current window maximized

28-08-2024T20:52:14 - [TEST_STEP][PASSED] - iwpPages.TestHarnessPage.setDataMethod(row, dataFile): iwpPages.TestHarnessPage.setDataMethod is PASSED

28-08-2024T20:52:15 - [MESSAGE][PASSED] - Object 'Object Repository/IWP30/Page_QATestHarness/RemittanceID' is present

28-08-2024T20:52:15 - [MESSAGE][PASSED] - Text '639' is set on object 'Object Repository/IWP30/Page_QATestHarness/ApplicationID'

28-08-2024T20:52:16 - [MESSAGE][PASSED] - Text '2.5' is set on object 'Object Repository/IWP30/Page_QATestHarness/MessageVersion'

28-08-2024T20:52:17 - [MESSAGE][PASSED] - Text 'Pkg6erMWREdI' is set on object 'Object Repository/IWP30/Page_QATestHarness/RemittanceID'

28-08-2024T20:52:21 - [MESSAGE][PASSED] - Object: 'Object Repository/IWP30/Page_QATestHarness/SubmitButton' is clicked on

28-08-2024T20:52:21 - [MESSAGE][PASSED] - iwpPages.TestHarnessPage.setDataMethod is PASSED

28-08-2024T20:52:21 - [TEST_STEP][PASSED] - click(findTestObject("Object Repository/IWP30/Page_SelectPaymentMethod/PayByPersonalCheck")): Object: 'Object Repository/IWP30/Page_SelectPaymentMethod/PayByPersonalCheck' is clicked on

28-08-2024T20:52:22 - [MESSAGE][PASSED] - Object: 'Object Repository/IWP30/Page_SelectPaymentMethod/PayByPersonalCheck' is clicked on

28-08-2024T20:52:22 - [TEST_STEP][PASSED] - click(findTestObject("Object Repository/IWP30/Page_SelectPaymentMethod/MakePaymentButton")): Object: 'Object Repository/IWP30/Page_SelectPaymentMethod/MakePaymentButton' is clicked on

28-08-2024T20:52:25 - [MESSAGE][PASSED] - Object: 'Object Repository/IWP30/Page_SelectPaymentMethod/MakePaymentButton' is clicked on

28-08-2024T20:52:25 - [TEST_STEP][PASSED] - iwpPages.achPersonalPaymentEntryPage.setDataACHPPM(row, dataFile): iwpPages.achPersonalPaymentEntryPage.setDataACHPPM is PASSED

28-08-2024T20:52:25 - [MESSAGE][PASSED] - Object 'Object Repository/IWP30/Page_ACHPersonalPaymentEntry/txt_accountNumber' is present

28-08-2024T20:52:28 - [MESSAGE][PASSED] - Text '10.50' is set on object 'Object Repository/IWP30/Page_ACHPersonalPaymentEntry/txt_Amount'

28-08-2024T20:52:28 - [MESSAGE][PASSED] - Object 'Object Repository/IWP30/Page_ACHPersonalPaymentEntry/txt_UDF2' is present

28-08-2024T20:52:29 - [MESSAGE][PASSED] - Text 'udf data 2' is set on object 'Object Repository/IWP30/Page_ACHPersonalPaymentEntry/txt_UDF2'

28-08-2024T20:52:29 - [MESSAGE][PASSED] - Text 'udf data 3' is set on object 'Object Repository/IWP30/Page_ACHPersonalPaymentEntry/txt_UDF3'

28-08-2024T20:52:30 - [MESSAGE][PASSED] - All options with label 'Orange' are selected in object 'Object Repository/IWP30/Page_ACHPersonalPaymentEntry/dd_UDF7' 

28-08-2024T20:52:30 - [MESSAGE][PASSED] - All options with label 'Soccer' are selected in object 'Object Repository/IWP30/Page_ACHPersonalPaymentEntry/dd_UDF8' 

28-08-2024T20:52:31 - [MESSAGE][PASSED] - Object 'Object Repository/IWP30/Page_ACHPersonalPaymentEntry/txt_Firstname' is present

28-08-2024T20:52:31 - [MESSAGE][PASSED] - Text 'Elizath' is set on object 'Object Repository/IWP30/Page_ACHPersonalPaymentEntry/txt_Firstname'

28-08-2024T20:52:32 - [MESSAGE][PASSED] - Object 'Object Repository/IWP30/Page_ACHPersonalPaymentEntry/txt_Lastname' is present

28-08-2024T20:52:32 - [MESSAGE][PASSED] - Text 'Christine' is set on object 'Object Repository/IWP30/Page_ACHPersonalPaymentEntry/txt_Lastname'

28-08-2024T20:52:33 - [MESSAGE][PASSED] - Object 'Object Repository/IWP30/Page_ACHPersonalPaymentEntry/txt_routingNumber' is present

28-08-2024T20:52:35 - [MESSAGE][PASSED] - Text '256072691' is set on object 'Object Repository/IWP30/Page_ACHPersonalPaymentEntry/txt_routingNumber'

28-08-2024T20:52:35 - [MESSAGE][PASSED] - Object 'Object Repository/IWP30/Page_ACHPersonalPaymentEntry/txt_accountNumber' is present

28-08-2024T20:52:36 - [MESSAGE][PASSED] - Text '12344444' is set on object 'Object Repository/IWP30/Page_ACHPersonalPaymentEntry/txt_accountNumber'

28-08-2024T20:52:37 - [MESSAGE][PASSED] - Object 'Object Repository/IWP30/Page_ACHPersonalPaymentEntry/txt_confirmAccountNumber' is present

28-08-2024T20:52:37 - [MESSAGE][PASSED] - Text '12344444' is set on object 'Object Repository/IWP30/Page_ACHPersonalPaymentEntry/txt_confirmAccountNumber'

28-08-2024T20:52:38 - [MESSAGE][PASSED] - Object 'Object Repository/IWP30/Page_ACHPersonalPaymentEntry/rd_accountType' is present

28-08-2024T20:52:38 - [MESSAGE][PASSED] - Modify property of object successfully

28-08-2024T20:52:38 - [MESSAGE][PASSED] - Object: 'Object Repository/IWP30/Page_ACHPersonalPaymentEntry/rd_accountType' is clicked on

28-08-2024T20:52:39 - [MESSAGE][PASSED] - Text '365 Main Avenue' is set on object 'Object Repository/IWP30/Page_ACHPersonalPaymentEntry/txt_AL1'

28-08-2024T20:52:40 - [MESSAGE][PASSED] - Text '22201' is set on object 'Object Repository/IWP30/Page_ACHPersonalPaymentEntry/txt_ZIP'

28-08-2024T20:52:41 - [MESSAGE][PASSED] - Object 'Object Repository/IWP30/Page_ACHPersonalPaymentEntry/txt_Email' is present

28-08-2024T20:52:43 - [MESSAGE][PASSED] - Text 'iahmed@govolution.com' is set on object 'Object Repository/IWP30/Page_ACHPersonalPaymentEntry/txt_Email'

28-08-2024T20:52:43 - [MESSAGE][PASSED] - Object 'Object Repository/IWP30/Page_ACHPersonalPaymentEntry/cb_TermsAndCond' is present

28-08-2024T20:52:44 - [MESSAGE][PASSED] - Object: 'Object Repository/IWP30/Page_ACHPersonalPaymentEntry/cb_TermsAndCond' is clicked on

28-08-2024T20:52:44 - [MESSAGE][PASSED] - Object 'Object Repository/IWP30/Page_ACHPersonalPaymentEntry/btn_Continue' is present

28-08-2024T20:52:45 - [MESSAGE][PASSED] - Object: 'Object Repository/IWP30/Page_ACHPersonalPaymentEntry/btn_Continue' is clicked on

28-08-2024T20:52:45 - [MESSAGE][PASSED] - iwpPages.achPersonalPaymentEntryPage.setDataACHPPM is PASSED

28-08-2024T20:52:45 - [TEST_STEP][PASSED] - click(findTestObject("Object Repository/IWP30/Page_Confirmation/ConfirmButton")): Object: 'Object Repository/IWP30/Page_Confirmation/ConfirmButton' is clicked on

28-08-2024T20:52:47 - [MESSAGE][PASSED] - Object: 'Object Repository/IWP30/Page_Confirmation/ConfirmButton' is clicked on

28-08-2024T20:52:47 - [TEST_STEP][PASSED] - Thread.sleep(5000): null

28-08-2024T20:52:52 - [TEST_STEP][PASSED] - if (verifyTextPresent("Make a Real Estate Payment", false)): null

28-08-2024T20:52:53 - [MESSAGE][PASSED] - Text 'Make a Real Estate Payment' is present on page 

28-08-2024T20:52:53 - [TEST_STEP][PASSED] - isRequiredTextPresent = true: null

28-08-2024T20:52:53 - [TEST_STEP][PASSED] - println(isRequiredTextPresent): null

28-08-2024T20:52:53 - [TEST_STEP][PASSED] - if (isRequiredTextPresent): null

28-08-2024T20:52:53 - [TEST_STEP][PASSED] - if (verifyTextPresent("This transaction is subject to a Convenience Fees of $2.00.", false)): null

28-08-2024T20:52:54 - [MESSAGE][PASSED] - Text 'This transaction is subject to a Convenience Fees of $2.00.' is present on page 

28-08-2024T20:52:54 - [TEST_STEP][PASSED] - isRequiredTextPresent = true: null

28-08-2024T20:52:54 - [TEST_STEP][PASSED] - println(isRequiredTextPresent): null

28-08-2024T20:52:54 - [TEST_STEP][PASSED] - if (isRequiredTextPresent): null

28-08-2024T20:52:54 - [TEST_STEP][PASSED] - if (verifyTextPresent("Payment Amount:  $10.50", false)): null

28-08-2024T20:52:54 - [MESSAGE][PASSED] - Text 'Payment Amount:  $10.50' is present on page 

28-08-2024T20:52:54 - [TEST_STEP][PASSED] - isRequiredTextPresent = true: null

28-08-2024T20:52:54 - [TEST_STEP][PASSED] - if (isRequiredTextPresent): null

28-08-2024T20:52:54 - [TEST_STEP][PASSED] - if (verifyTextPresent("Convenience Fees:  $2.00", false)): null

28-08-2024T20:52:55 - [MESSAGE][PASSED] - Text 'Convenience Fees:  $2.00' is present on page 

28-08-2024T20:52:55 - [TEST_STEP][PASSED] - isRequiredTextPresent = true: null

28-08-2024T20:52:55 - [TEST_STEP][PASSED] - if (isRequiredTextPresent): null

28-08-2024T20:52:55 - [TEST_STEP][PASSED] - if (verifyTextPresent("Total Amount:  $12.50", false)): null

28-08-2024T20:52:55 - [MESSAGE][PASSED] - Text 'Total Amount:  $12.50' is present on page 

28-08-2024T20:52:55 - [TEST_STEP][PASSED] - isRequiredTextPresent = true: null

28-08-2024T20:52:55 - [TEST_STEP][PASSED] - if (isRequiredTextPresent): null

28-08-2024T20:52:55 - [TEST_STEP][PASSED] - if (verifyTextPresent("One transaction in the amount of $12.50 will appear on your bank statement.", false)): null

28-08-2024T20:52:55 - [MESSAGE][PASSED] - Text 'One transaction in the amount of $12.50 will appear on your bank statement.' is present on page 

28-08-2024T20:52:55 - [TEST_STEP][PASSED] - isRequiredTextPresent = true: null

28-08-2024T20:52:55 - [TEST_STEP][PASSED] - Thread.sleep(10000): null

28-08-2024T20:53:05 - [TEST_STEP][PASSED] - click(findTestObject("Object Repository/IWP30/Page_ConvenienceFees/btn_convFeeNotifyAction")): Object: 'Object Repository/IWP30/Page_ConvenienceFees/btn_convFeeNotifyAction' is clicked on

28-08-2024T20:53:08 - [MESSAGE][PASSED] - Object: 'Object Repository/IWP30/Page_ConvenienceFees/btn_convFeeNotifyAction' is clicked on

28-08-2024T20:53:08 - [TEST_STEP][PASSED] - Thread.sleep(10000): null

28-08-2024T20:53:18 - [TEST_STEP][PASSED] - if (verifyTextPresent("Successful Payment Receipt", false)): null

28-08-2024T20:53:18 - [MESSAGE][PASSED] - Text 'Successful Payment Receipt' is present on page 

28-08-2024T20:53:18 - [TEST_STEP][PASSED] - println("Successful Payment Receipt text is present on the Receipt page"): null

28-08-2024T20:53:18 - [TEST_STEP][PASSED] - markPassed("Successful Payment Receipt text is present on the Receipt page"): Successful Payment Receipt text is present on the Receipt page

28-08-2024T20:53:18 - [MESSAGE][PASSED] - Successful Payment Receipt text is present on the Receipt page

28-08-2024T20:53:18 - [TEST_STEP][PASSED] - resText = "Pass": null

28-08-2024T20:53:18 - [TEST_STEP][PASSED] - pages.WriteExcel.demoKey(resText, datText, resColumn, datCloumn, fileLoc, nameSheet, row): pages.WriteExcel.demoKey is PASSED

28-08-2024T20:53:18 - [MESSAGE][PASSED] - pages.WriteExcel.demoKey is PASSED

28-08-2024T20:53:18 - [TEST_STEP][PASSED] - closeBrowser(): Browser is closed

28-08-2024T20:53:19 - [MESSAGE][PASSED] - Browser is closed

28-08-2024T20:53:19 - [TEST_STEP][PASSED] - ExecuteTC = findTestData(dataFile).getValue("Execute", row): null

28-08-2024T20:53:19 - [TEST_STEP][PASSED] - out.println("Value of Execute is : " + ExecuteTC): null

28-08-2024T20:53:19 - [TEST_STEP][PASSED] - if (ExecuteTC.equalsIgnoreCase("Y")): null

28-08-2024T20:53:19 - [TEST_STEP][PASSED] - out.println("Begin Record Number: " + row): null

28-08-2024T20:53:19 - [TEST_STEP][PASSED] - today = new java.util.Date(): null

28-08-2024T20:53:19 - [TEST_STEP][PASSED] - println(today): null

28-08-2024T20:53:19 - [TEST_STEP][PASSED] - datText = today: null

28-08-2024T20:53:19 - [TEST_STEP][PASSED] - EmulatorDataKey = findTestData(dataFile).getValue("EmulatorData", row): null

28-08-2024T20:53:19 - [TEST_STEP][PASSED] - out.println("Value of Emulator Key is : " + EmulatorDataKey): null

28-08-2024T20:53:19 - [TEST_STEP][PASSED] - iwpPages.emulatorIWP30.setDataEmulator_DD(EmulatorDataKey): iwpPages.emulatorIWP30.setDataEmulator_DD is PASSED

28-08-2024T20:53:19 - [MESSAGE][INFO] - Starting 'Edge Chromium' driver

28-08-2024T20:53:19 - [MESSAGE][INFO] - User set preference: ['acceptInsecureCerts', 'true']

28-08-2024T20:53:22 - [MESSAGE][INFO] - Action delay is set to 0 milliseconds

28-08-2024T20:53:27 - [MESSAGE][PASSED] - Browser is opened with url: 'https://qa2.velocitypayment.com/agency/config.do?action=editor&message_version=2_5'

28-08-2024T20:53:27 - [MESSAGE][PASSED] - Current window maximized

28-08-2024T20:53:28 - [MESSAGE][PASSED] - All options with value '2.5' are selected in object 'Object Repository/IWP30/Page_VRelay30Emulator/MV'  using regular expression

28-08-2024T20:53:29 - [MESSAGE][PASSED] - Text '10.50' is set on object 'Object Repository/IWP30/Page_VRelay30Emulator/Amount'

28-08-2024T20:53:30 - [MESSAGE][PASSED] - Text '26413255' is set on object 'Object Repository/IWP30/Page_VRelay30Emulator/CAN'

28-08-2024T20:53:30 - [MESSAGE][PASSED] - Text 'PayNow' is set on object 'Object Repository/IWP30/Page_VRelay30Emulator/Action'

28-08-2024T20:53:33 - [MESSAGE][PASSED] - Text 'en_US' is set on object 'Object Repository/IWP30/Page_VRelay30Emulator/Lang'

28-08-2024T20:53:34 - [MESSAGE][PASSED] - Text 'Jasmine' is set on object 'Object Repository/IWP30/Page_VRelay30Emulator/Fname'

28-08-2024T20:53:34 - [MESSAGE][PASSED] - Text 'Patrinol' is set on object 'Object Repository/IWP30/Page_VRelay30Emulator/Lname'

28-08-2024T20:53:35 - [MESSAGE][PASSED] - Text '258 Underwood rd' is set on object 'Object Repository/IWP30/Page_VRelay30Emulator/AL1'

28-08-2024T20:53:35 - [MESSAGE][PASSED] - Text 'Suite 600' is set on object 'Object Repository/IWP30/Page_VRelay30Emulator/AL2'

28-08-2024T20:53:36 - [MESSAGE][PASSED] - Text '840' is set on object 'Object Repository/IWP30/Page_VRelay30Emulator/Country'

28-08-2024T20:53:37 - [MESSAGE][PASSED] - Text 'Arlington' is set on object 'Object Repository/IWP30/Page_VRelay30Emulator/City'

28-08-2024T20:53:37 - [MESSAGE][PASSED] - Text 'VA' is set on object 'Object Repository/IWP30/Page_VRelay30Emulator/State'

28-08-2024T20:53:39 - [MESSAGE][PASSED] - Text '22201' is set on object 'Object Repository/IWP30/Page_VRelay30Emulator/ZIP'

28-08-2024T20:53:40 - [MESSAGE][PASSED] - Text '' is set on object 'Object Repository/IWP30/Page_VRelay30Emulator/Order'

28-08-2024T20:53:41 - [MESSAGE][PASSED] - Text 'Some Company' is set on object 'Object Repository/IWP30/Page_VRelay30Emulator/Company'

28-08-2024T20:53:41 - [MESSAGE][PASSED] - Text 'iahmed@govolution.com' is set on object 'Object Repository/IWP30/Page_VRelay30Emulator/Email'

28-08-2024T20:53:42 - [MESSAGE][PASSED] - Text 'udf data 1' is set on object 'Object Repository/IWP30/Page_VRelay30Emulator/UDF1'

28-08-2024T20:53:43 - [MESSAGE][PASSED] - Text 'udf data 2' is set on object 'Object Repository/IWP30/Page_VRelay30Emulator/UDF2'

28-08-2024T20:53:43 - [MESSAGE][PASSED] - Text 'udf data 3' is set on object 'Object Repository/IWP30/Page_VRelay30Emulator/UDF3'

28-08-2024T20:53:44 - [MESSAGE][PASSED] - Text 'udf data 4' is set on object 'Object Repository/IWP30/Page_VRelay30Emulator/UDF4'

28-08-2024T20:53:45 - [MESSAGE][PASSED] - Text 'udf data 5' is set on object 'Object Repository/IWP30/Page_VRelay30Emulator/UDF5'

28-08-2024T20:53:47 - [MESSAGE][PASSED] - Text 'udf data 6' is set on object 'Object Repository/IWP30/Page_VRelay30Emulator/UDF6'

28-08-2024T20:53:47 - [MESSAGE][PASSED] - Text 'Orange' is set on object 'Object Repository/IWP30/Page_VRelay30Emulator/UDF7'

28-08-2024T20:53:48 - [MESSAGE][PASSED] - Text 'Soccer' is set on object 'Object Repository/IWP30/Page_VRelay30Emulator/UDF8'

28-08-2024T20:53:48 - [MESSAGE][PASSED] - Text 'udf data 9' is set on object 'Object Repository/IWP30/Page_VRelay30Emulator/UDF9'

28-08-2024T20:53:49 - [MESSAGE][PASSED] - Text 'udf data 10' is set on object 'Object Repository/IWP30/Page_VRelay30Emulator/UDF10'

28-08-2024T20:53:50 - [MESSAGE][PASSED] - Object: 'Object Repository/IWP30/Page_VRelay30Emulator/Submit' is clicked on

28-08-2024T20:53:55 - [MESSAGE][PASSED] - Browser is closed

28-08-2024T20:53:59 - [MESSAGE][PASSED] - iwpPages.emulatorIWP30.setDataEmulator_DD is PASSED

28-08-2024T20:53:59 - [TEST_STEP][PASSED] - testHarnessURL = urlTestHarness: null

28-08-2024T20:53:59 - [TEST_STEP][PASSED] - openBrowser(testHarnessURL): Browser is opened with url: 'https://dev-algorithm.govolution.com/vrelaytest/QA2/version_2_2/vrelaytest.html'

28-08-2024T20:53:59 - [MESSAGE][INFO] - Starting 'Edge Chromium' driver

28-08-2024T20:53:59 - [MESSAGE][INFO] - User set preference: ['acceptInsecureCerts', 'true']

28-08-2024T20:54:02 - [MESSAGE][INFO] - Action delay is set to 0 milliseconds

28-08-2024T20:54:07 - [MESSAGE][PASSED] - Browser is opened with url: 'https://dev-algorithm.govolution.com/vrelaytest/QA2/version_2_2/vrelaytest.html'

28-08-2024T20:54:07 - [TEST_STEP][PASSED] - maximizeWindow(): Current window maximized

28-08-2024T20:54:07 - [MESSAGE][PASSED] - Current window maximized

28-08-2024T20:54:07 - [TEST_STEP][PASSED] - iwpPages.TestHarnessPage.setDataMethod(row, dataFile): iwpPages.TestHarnessPage.setDataMethod is PASSED

28-08-2024T20:54:08 - [MESSAGE][PASSED] - Object 'Object Repository/IWP30/Page_QATestHarness/RemittanceID' is present

28-08-2024T20:54:08 - [MESSAGE][PASSED] - Text '639' is set on object 'Object Repository/IWP30/Page_QATestHarness/ApplicationID'

28-08-2024T20:54:09 - [MESSAGE][PASSED] - Text '2.5' is set on object 'Object Repository/IWP30/Page_QATestHarness/MessageVersion'

28-08-2024T20:54:10 - [MESSAGE][PASSED] - Text 'NqdRi9ZbjxXc' is set on object 'Object Repository/IWP30/Page_QATestHarness/RemittanceID'

28-08-2024T20:54:14 - [MESSAGE][PASSED] - Object: 'Object Repository/IWP30/Page_QATestHarness/SubmitButton' is clicked on

28-08-2024T20:54:14 - [MESSAGE][PASSED] - iwpPages.TestHarnessPage.setDataMethod is PASSED

28-08-2024T20:54:14 - [TEST_STEP][PASSED] - click(findTestObject("Object Repository/IWP30/Page_SelectPaymentMethod/PayByPersonalCheck")): Object: 'Object Repository/IWP30/Page_SelectPaymentMethod/PayByPersonalCheck' is clicked on

28-08-2024T20:54:15 - [MESSAGE][PASSED] - Object: 'Object Repository/IWP30/Page_SelectPaymentMethod/PayByPersonalCheck' is clicked on

28-08-2024T20:54:15 - [TEST_STEP][PASSED] - click(findTestObject("Object Repository/IWP30/Page_SelectPaymentMethod/MakePaymentButton")): Object: 'Object Repository/IWP30/Page_SelectPaymentMethod/MakePaymentButton' is clicked on

28-08-2024T20:54:18 - [MESSAGE][PASSED] - Object: 'Object Repository/IWP30/Page_SelectPaymentMethod/MakePaymentButton' is clicked on

28-08-2024T20:54:18 - [TEST_STEP][PASSED] - iwpPages.achPersonalPaymentEntryPage.setDataACHPPM(row, dataFile): iwpPages.achPersonalPaymentEntryPage.setDataACHPPM is PASSED

28-08-2024T20:54:21 - [MESSAGE][PASSED] - Object 'Object Repository/IWP30/Page_ACHPersonalPaymentEntry/txt_accountNumber' is present

28-08-2024T20:54:21 - [MESSAGE][PASSED] - Object 'Object Repository/IWP30/Page_ACHPersonalPaymentEntry/txt_UDF2' is present

28-08-2024T20:54:22 - [MESSAGE][PASSED] - All options with label 'Soccer' are selected in object 'Object Repository/IWP30/Page_ACHPersonalPaymentEntry/dd_UDF8' 

28-08-2024T20:54:22 - [MESSAGE][PASSED] - Object 'Object Repository/IWP30/Page_ACHPersonalPaymentEntry/txt_Firstname' is present

28-08-2024T20:54:23 - [MESSAGE][PASSED] - Text 'Elizath' is set on object 'Object Repository/IWP30/Page_ACHPersonalPaymentEntry/txt_Firstname'

28-08-2024T20:54:23 - [MESSAGE][PASSED] - Object 'Object Repository/IWP30/Page_ACHPersonalPaymentEntry/txt_Lastname' is present

28-08-2024T20:54:24 - [MESSAGE][PASSED] - Text 'Christine' is set on object 'Object Repository/IWP30/Page_ACHPersonalPaymentEntry/txt_Lastname'

28-08-2024T20:54:24 - [MESSAGE][PASSED] - Object 'Object Repository/IWP30/Page_ACHPersonalPaymentEntry/txt_routingNumber' is present

28-08-2024T20:54:24 - [MESSAGE][PASSED] - Text '256072691' is set on object 'Object Repository/IWP30/Page_ACHPersonalPaymentEntry/txt_routingNumber'

28-08-2024T20:54:25 - [MESSAGE][PASSED] - Object 'Object Repository/IWP30/Page_ACHPersonalPaymentEntry/txt_accountNumber' is present

28-08-2024T20:54:28 - [MESSAGE][PASSED] - Text '12344444' is set on object 'Object Repository/IWP30/Page_ACHPersonalPaymentEntry/txt_accountNumber'

28-08-2024T20:54:28 - [MESSAGE][PASSED] - Object 'Object Repository/IWP30/Page_ACHPersonalPaymentEntry/txt_confirmAccountNumber' is present

28-08-2024T20:54:29 - [MESSAGE][PASSED] - Text '12344444' is set on object 'Object Repository/IWP30/Page_ACHPersonalPaymentEntry/txt_confirmAccountNumber'

28-08-2024T20:54:29 - [MESSAGE][PASSED] - Object 'Object Repository/IWP30/Page_ACHPersonalPaymentEntry/rd_accountType' is present

28-08-2024T20:54:29 - [MESSAGE][PASSED] - Modify property of object successfully

28-08-2024T20:54:29 - [MESSAGE][PASSED] - Object: 'Object Repository/IWP30/Page_ACHPersonalPaymentEntry/rd_accountType' is clicked on

28-08-2024T20:54:29 - [MESSAGE][PASSED] - Object 'Object Repository/IWP30/Page_ACHPersonalPaymentEntry/txt_Email' is present

28-08-2024T20:54:30 - [MESSAGE][PASSED] - Object 'Object Repository/IWP30/Page_ACHPersonalPaymentEntry/cb_TermsAndCond' is present

28-08-2024T20:54:30 - [MESSAGE][PASSED] - Object: 'Object Repository/IWP30/Page_ACHPersonalPaymentEntry/cb_TermsAndCond' is clicked on

28-08-2024T20:54:30 - [MESSAGE][PASSED] - Object 'Object Repository/IWP30/Page_ACHPersonalPaymentEntry/btn_Continue' is present

28-08-2024T20:54:33 - [MESSAGE][PASSED] - Object: 'Object Repository/IWP30/Page_ACHPersonalPaymentEntry/btn_Continue' is clicked on

28-08-2024T20:54:33 - [MESSAGE][PASSED] - iwpPages.achPersonalPaymentEntryPage.setDataACHPPM is PASSED

28-08-2024T20:54:33 - [TEST_STEP][PASSED] - click(findTestObject("Object Repository/IWP30/Page_Confirmation/ConfirmButton")): Object: 'Object Repository/IWP30/Page_Confirmation/ConfirmButton' is clicked on

28-08-2024T20:54:36 - [MESSAGE][PASSED] - Object: 'Object Repository/IWP30/Page_Confirmation/ConfirmButton' is clicked on

28-08-2024T20:54:36 - [TEST_STEP][PASSED] - Thread.sleep(5000): null

28-08-2024T20:54:41 - [TEST_STEP][PASSED] - if (verifyTextPresent("Make a Real Estate Payment", false)): null

28-08-2024T20:54:41 - [MESSAGE][PASSED] - Text 'Make a Real Estate Payment' is present on page 

28-08-2024T20:54:41 - [TEST_STEP][PASSED] - isRequiredTextPresent = true: null

28-08-2024T20:54:41 - [TEST_STEP][PASSED] - println(isRequiredTextPresent): null

28-08-2024T20:54:41 - [TEST_STEP][PASSED] - if (isRequiredTextPresent): null

28-08-2024T20:54:41 - [TEST_STEP][PASSED] - if (verifyTextPresent("This transaction is subject to a Convenience Fees of $2.00.", false)): null

28-08-2024T20:54:41 - [MESSAGE][PASSED] - Text 'This transaction is subject to a Convenience Fees of $2.00.' is present on page 

28-08-2024T20:54:41 - [TEST_STEP][PASSED] - isRequiredTextPresent = true: null

28-08-2024T20:54:41 - [TEST_STEP][PASSED] - println(isRequiredTextPresent): null

28-08-2024T20:54:41 - [TEST_STEP][PASSED] - if (isRequiredTextPresent): null

28-08-2024T20:54:41 - [TEST_STEP][PASSED] - if (verifyTextPresent("Payment Amount:  $10.50", false)): null

28-08-2024T20:54:42 - [MESSAGE][PASSED] - Text 'Payment Amount:  $10.50' is present on page 

28-08-2024T20:54:42 - [TEST_STEP][PASSED] - isRequiredTextPresent = true: null

28-08-2024T20:54:42 - [TEST_STEP][PASSED] - if (isRequiredTextPresent): null

28-08-2024T20:54:42 - [TEST_STEP][PASSED] - if (verifyTextPresent("Convenience Fees:  $2.00", false)): null

28-08-2024T20:54:42 - [MESSAGE][PASSED] - Text 'Convenience Fees:  $2.00' is present on page 

28-08-2024T20:54:42 - [TEST_STEP][PASSED] - isRequiredTextPresent = true: null

28-08-2024T20:54:42 - [TEST_STEP][PASSED] - if (isRequiredTextPresent): null

28-08-2024T20:54:42 - [TEST_STEP][PASSED] - if (verifyTextPresent("Total Amount:  $12.50", false)): null

28-08-2024T20:54:42 - [MESSAGE][PASSED] - Text 'Total Amount:  $12.50' is present on page 

28-08-2024T20:54:42 - [TEST_STEP][PASSED] - isRequiredTextPresent = true: null

28-08-2024T20:54:42 - [TEST_STEP][PASSED] - if (isRequiredTextPresent): null

28-08-2024T20:54:42 - [TEST_STEP][PASSED] - if (verifyTextPresent("One transaction in the amount of $12.50 will appear on your bank statement.", false)): null

28-08-2024T20:54:42 - [MESSAGE][PASSED] - Text 'One transaction in the amount of $12.50 will appear on your bank statement.' is present on page 

28-08-2024T20:54:42 - [TEST_STEP][PASSED] - isRequiredTextPresent = true: null

28-08-2024T20:54:42 - [TEST_STEP][PASSED] - Thread.sleep(10000): null

28-08-2024T20:54:52 - [TEST_STEP][PASSED] - click(findTestObject("Object Repository/IWP30/Page_ConvenienceFees/btn_convFeeNotifyAction")): Object: 'Object Repository/IWP30/Page_ConvenienceFees/btn_convFeeNotifyAction' is clicked on

28-08-2024T20:54:55 - [MESSAGE][PASSED] - Object: 'Object Repository/IWP30/Page_ConvenienceFees/btn_convFeeNotifyAction' is clicked on

28-08-2024T20:54:55 - [TEST_STEP][PASSED] - Thread.sleep(10000): null

28-08-2024T20:55:06 - [TEST_STEP][PASSED] - if (verifyTextPresent("Successful Payment Receipt", false)): null

28-08-2024T20:55:06 - [MESSAGE][PASSED] - Text 'Successful Payment Receipt' is present on page 

28-08-2024T20:55:06 - [TEST_STEP][PASSED] - println("Successful Payment Receipt text is present on the Receipt page"): null

28-08-2024T20:55:06 - [TEST_STEP][PASSED] - markPassed("Successful Payment Receipt text is present on the Receipt page"): Successful Payment Receipt text is present on the Receipt page

28-08-2024T20:55:06 - [MESSAGE][PASSED] - Successful Payment Receipt text is present on the Receipt page

28-08-2024T20:55:06 - [TEST_STEP][PASSED] - resText = "Pass": null

28-08-2024T20:55:06 - [TEST_STEP][PASSED] - pages.WriteExcel.demoKey(resText, datText, resColumn, datCloumn, fileLoc, nameSheet, row): pages.WriteExcel.demoKey is PASSED

28-08-2024T20:55:06 - [MESSAGE][PASSED] - pages.WriteExcel.demoKey is PASSED

28-08-2024T20:55:06 - [TEST_STEP][PASSED] - closeBrowser(): Browser is closed

28-08-2024T20:55:08 - [MESSAGE][PASSED] - Browser is closed]]></system-out>
         <system-err><![CDATA[]]></system-err>
      </testcase>
      <testcase name="Test Cases/IntegratedWeb/IWP25/Payments/PayNowPersonalSavingsDCF" time="228.256" classname="Test Cases/IntegratedWeb/IWP25/Payments/PayNowPersonalSavingsDCF" status="PASSED">
         <system-out><![CDATA[28-08-2024T20:55:08 - [TEST_CASE][PASSED] - Test Cases/IntegratedWeb/IWP25/Payments/PayNowPersonalSavingsDCF: Test Cases/IntegratedWeb/IWP25/Payments/PayNowPersonalSavingsDCF

28-08-2024T20:55:08 - [TEST_STEP][PASSED] - resText = "Fail": null

28-08-2024T20:55:08 - [TEST_STEP][PASSED] - resColumn = "Result": null

28-08-2024T20:55:08 - [TEST_STEP][PASSED] - datCloumn = "Date": null

28-08-2024T20:55:08 - [TEST_STEP][PASSED] - fileLoc = "KatalonData/IWPTestData/VRelay25Payments.xlsx": null

28-08-2024T20:55:08 - [TEST_STEP][PASSED] - numOfRows = <not implemented yet for class: org.codehaus.groovy.ast.expr.EmptyExpression>: null

28-08-2024T20:55:08 - [TEST_STEP][PASSED] - dataFile = <not implemented yet for class: org.codehaus.groovy.ast.expr.EmptyExpression>: null

28-08-2024T20:55:08 - [TEST_STEP][PASSED] - nameSheet = <not implemented yet for class: org.codehaus.groovy.ast.expr.EmptyExpression>: null

28-08-2024T20:55:08 - [TEST_STEP][PASSED] - dataFileEmulator = <not implemented yet for class: org.codehaus.groovy.ast.expr.EmptyExpression>: null

28-08-2024T20:55:08 - [TEST_STEP][PASSED] - isRequiredTextPresent = false: null

28-08-2024T20:55:08 - [TEST_STEP][PASSED] - nameSheet = "PayNowPersonalCheckDCF": null

28-08-2024T20:55:08 - [TEST_STEP][PASSED] - dataFile = "IWPTestData/IWP25PayNowPersonalCheckDCF": null

28-08-2024T20:55:08 - [TEST_STEP][PASSED] - dataFileEmulator = "IWPTestData/EmulatorData": null

28-08-2024T20:55:08 - [TEST_STEP][PASSED] - numOfRows = findTestData(dataFile).getRowNumbers(): null

28-08-2024T20:55:08 - [TEST_STEP][PASSED] - println("Number of Records: " + numOfRows): null

28-08-2024T20:55:08 - [TEST_STEP][PASSED] - for ([row = 1, row <= numOfRows, (row++)]): Browser is closed

28-08-2024T20:55:08 - [TEST_STEP][PASSED] - ExecuteTC = findTestData(dataFile).getValue("Execute", row): null

28-08-2024T20:55:08 - [TEST_STEP][PASSED] - out.println("Value of Execute is : " + ExecuteTC): null

28-08-2024T20:55:08 - [TEST_STEP][PASSED] - if (ExecuteTC.equalsIgnoreCase("Y")): null

28-08-2024T20:55:08 - [TEST_STEP][PASSED] - out.println("Begin Record Number: " + row): null

28-08-2024T20:55:08 - [TEST_STEP][PASSED] - today = new java.util.Date(): null

28-08-2024T20:55:08 - [TEST_STEP][PASSED] - println(today): null

28-08-2024T20:55:08 - [TEST_STEP][PASSED] - datText = today: null

28-08-2024T20:55:08 - [TEST_STEP][PASSED] - EmulatorDataKey = findTestData(dataFile).getValue("EmulatorData", row): null

28-08-2024T20:55:08 - [TEST_STEP][PASSED] - out.println("Value of Emulator Key is : " + EmulatorDataKey): null

28-08-2024T20:55:08 - [TEST_STEP][PASSED] - iwpPages.emulatorIWP30.setDataEmulator_DD(EmulatorDataKey): iwpPages.emulatorIWP30.setDataEmulator_DD is PASSED

28-08-2024T20:55:08 - [MESSAGE][INFO] - Starting 'Edge Chromium' driver

28-08-2024T20:55:08 - [MESSAGE][INFO] - User set preference: ['acceptInsecureCerts', 'true']

28-08-2024T20:55:11 - [MESSAGE][INFO] - Action delay is set to 0 milliseconds

28-08-2024T20:55:17 - [MESSAGE][PASSED] - Browser is opened with url: 'https://qa2.velocitypayment.com/agency/config.do?action=editor&message_version=2_5'

28-08-2024T20:55:17 - [MESSAGE][PASSED] - Current window maximized

28-08-2024T20:55:18 - [MESSAGE][PASSED] - All options with value '2.5' are selected in object 'Object Repository/IWP30/Page_VRelay30Emulator/MV'  using regular expression

28-08-2024T20:55:19 - [MESSAGE][PASSED] - Text '10.50' is set on object 'Object Repository/IWP30/Page_VRelay30Emulator/Amount'

28-08-2024T20:55:19 - [MESSAGE][PASSED] - Text '26413414' is set on object 'Object Repository/IWP30/Page_VRelay30Emulator/CAN'

28-08-2024T20:55:20 - [MESSAGE][PASSED] - Text 'PayNow' is set on object 'Object Repository/IWP30/Page_VRelay30Emulator/Action'

28-08-2024T20:55:20 - [MESSAGE][PASSED] - Text 'en_US' is set on object 'Object Repository/IWP30/Page_VRelay30Emulator/Lang'

28-08-2024T20:55:21 - [MESSAGE][PASSED] - Text '' is set on object 'Object Repository/IWP30/Page_VRelay30Emulator/Fname'

28-08-2024T20:55:23 - [MESSAGE][PASSED] - Text '' is set on object 'Object Repository/IWP30/Page_VRelay30Emulator/Lname'

28-08-2024T20:55:24 - [MESSAGE][PASSED] - Text '' is set on object 'Object Repository/IWP30/Page_VRelay30Emulator/AL1'

28-08-2024T20:55:25 - [MESSAGE][PASSED] - Text '' is set on object 'Object Repository/IWP30/Page_VRelay30Emulator/AL2'

28-08-2024T20:55:25 - [MESSAGE][PASSED] - Text '' is set on object 'Object Repository/IWP30/Page_VRelay30Emulator/Country'

28-08-2024T20:55:26 - [MESSAGE][PASSED] - Text '' is set on object 'Object Repository/IWP30/Page_VRelay30Emulator/City'

28-08-2024T20:55:26 - [MESSAGE][PASSED] - Text '' is set on object 'Object Repository/IWP30/Page_VRelay30Emulator/State'

28-08-2024T20:55:27 - [MESSAGE][PASSED] - Text '' is set on object 'Object Repository/IWP30/Page_VRelay30Emulator/ZIP'

28-08-2024T20:55:27 - [MESSAGE][PASSED] - Text '' is set on object 'Object Repository/IWP30/Page_VRelay30Emulator/Order'

28-08-2024T20:55:29 - [MESSAGE][PASSED] - Text '' is set on object 'Object Repository/IWP30/Page_VRelay30Emulator/Company'

28-08-2024T20:55:31 - [MESSAGE][PASSED] - Text '' is set on object 'Object Repository/IWP30/Page_VRelay30Emulator/Email'

28-08-2024T20:55:31 - [MESSAGE][PASSED] - Text '' is set on object 'Object Repository/IWP30/Page_VRelay30Emulator/UDF1'

28-08-2024T20:55:32 - [MESSAGE][PASSED] - Text '' is set on object 'Object Repository/IWP30/Page_VRelay30Emulator/UDF2'

28-08-2024T20:55:32 - [MESSAGE][PASSED] - Text '' is set on object 'Object Repository/IWP30/Page_VRelay30Emulator/UDF3'

28-08-2024T20:55:33 - [MESSAGE][PASSED] - Text 'udf data 4' is set on object 'Object Repository/IWP30/Page_VRelay30Emulator/UDF4'

28-08-2024T20:55:33 - [MESSAGE][PASSED] - Text 'udf data 5' is set on object 'Object Repository/IWP30/Page_VRelay30Emulator/UDF5'

28-08-2024T20:55:34 - [MESSAGE][PASSED] - Text '' is set on object 'Object Repository/IWP30/Page_VRelay30Emulator/UDF6'

28-08-2024T20:55:36 - [MESSAGE][PASSED] - Text '' is set on object 'Object Repository/IWP30/Page_VRelay30Emulator/UDF7'

28-08-2024T20:55:36 - [MESSAGE][PASSED] - Text '' is set on object 'Object Repository/IWP30/Page_VRelay30Emulator/UDF8'

28-08-2024T20:55:37 - [MESSAGE][PASSED] - Text 'udf data 9' is set on object 'Object Repository/IWP30/Page_VRelay30Emulator/UDF9'

28-08-2024T20:55:38 - [MESSAGE][PASSED] - Text 'udf data 10' is set on object 'Object Repository/IWP30/Page_VRelay30Emulator/UDF10'

28-08-2024T20:55:39 - [MESSAGE][PASSED] - Object: 'Object Repository/IWP30/Page_VRelay30Emulator/Submit' is clicked on

28-08-2024T20:55:44 - [MESSAGE][PASSED] - Browser is closed

28-08-2024T20:55:48 - [MESSAGE][PASSED] - iwpPages.emulatorIWP30.setDataEmulator_DD is PASSED

28-08-2024T20:55:48 - [TEST_STEP][PASSED] - testHarnessURL = urlTestHarness: null

28-08-2024T20:55:48 - [TEST_STEP][PASSED] - openBrowser(testHarnessURL): Browser is opened with url: 'https://dev-algorithm.govolution.com/vrelaytest/QA2/version_2_2/vrelaytest.html'

28-08-2024T20:55:48 - [MESSAGE][INFO] - Starting 'Edge Chromium' driver

28-08-2024T20:55:48 - [MESSAGE][INFO] - User set preference: ['acceptInsecureCerts', 'true']

28-08-2024T20:55:50 - [MESSAGE][INFO] - Action delay is set to 0 milliseconds

28-08-2024T20:55:57 - [MESSAGE][PASSED] - Browser is opened with url: 'https://dev-algorithm.govolution.com/vrelaytest/QA2/version_2_2/vrelaytest.html'

28-08-2024T20:55:57 - [TEST_STEP][PASSED] - maximizeWindow(): Current window maximized

28-08-2024T20:55:58 - [MESSAGE][PASSED] - Current window maximized

28-08-2024T20:55:58 - [TEST_STEP][PASSED] - iwpPages.TestHarnessPage.setDataMethod(row, dataFile): iwpPages.TestHarnessPage.setDataMethod is PASSED

28-08-2024T20:55:58 - [MESSAGE][PASSED] - Object 'Object Repository/IWP30/Page_QATestHarness/RemittanceID' is present

28-08-2024T20:55:59 - [MESSAGE][PASSED] - Text '640' is set on object 'Object Repository/IWP30/Page_QATestHarness/ApplicationID'

28-08-2024T20:55:59 - [MESSAGE][PASSED] - Text '2.5' is set on object 'Object Repository/IWP30/Page_QATestHarness/MessageVersion'

28-08-2024T20:56:00 - [MESSAGE][PASSED] - Text 'bkgMGiqgtbbG' is set on object 'Object Repository/IWP30/Page_QATestHarness/RemittanceID'

28-08-2024T20:56:04 - [MESSAGE][PASSED] - Object: 'Object Repository/IWP30/Page_QATestHarness/SubmitButton' is clicked on

28-08-2024T20:56:04 - [MESSAGE][PASSED] - iwpPages.TestHarnessPage.setDataMethod is PASSED

28-08-2024T20:56:04 - [TEST_STEP][PASSED] - click(findTestObject("Object Repository/IWP30/Page_SelectPaymentMethod/PayByPersonalCheck")): Object: 'Object Repository/IWP30/Page_SelectPaymentMethod/PayByPersonalCheck' is clicked on

28-08-2024T20:56:05 - [MESSAGE][PASSED] - Object: 'Object Repository/IWP30/Page_SelectPaymentMethod/PayByPersonalCheck' is clicked on

28-08-2024T20:56:05 - [TEST_STEP][PASSED] - click(findTestObject("Object Repository/IWP30/Page_SelectPaymentMethod/MakePaymentButton")): Object: 'Object Repository/IWP30/Page_SelectPaymentMethod/MakePaymentButton' is clicked on

28-08-2024T20:56:07 - [MESSAGE][PASSED] - Object: 'Object Repository/IWP30/Page_SelectPaymentMethod/MakePaymentButton' is clicked on

28-08-2024T20:56:07 - [TEST_STEP][PASSED] - iwpPages.achPersonalPaymentEntryPage.setDataACHPPM(row, dataFile): iwpPages.achPersonalPaymentEntryPage.setDataACHPPM is PASSED

28-08-2024T20:56:08 - [MESSAGE][PASSED] - Object 'Object Repository/IWP30/Page_ACHPersonalPaymentEntry/txt_accountNumber' is present

28-08-2024T20:56:10 - [MESSAGE][PASSED] - Text '10.50' is set on object 'Object Repository/IWP30/Page_ACHPersonalPaymentEntry/txt_Amount'

28-08-2024T20:56:10 - [MESSAGE][PASSED] - Object 'Object Repository/IWP30/Page_ACHPersonalPaymentEntry/txt_UDF2' is present

28-08-2024T20:56:11 - [MESSAGE][PASSED] - Text 'udf data 2' is set on object 'Object Repository/IWP30/Page_ACHPersonalPaymentEntry/txt_UDF2'

28-08-2024T20:56:12 - [MESSAGE][PASSED] - Text 'udf data 3' is set on object 'Object Repository/IWP30/Page_ACHPersonalPaymentEntry/txt_UDF3'

28-08-2024T20:56:13 - [MESSAGE][PASSED] - All options with label 'Orange' are selected in object 'Object Repository/IWP30/Page_ACHPersonalPaymentEntry/dd_UDF7' 

28-08-2024T20:56:13 - [MESSAGE][PASSED] - All options with label 'Soccer' are selected in object 'Object Repository/IWP30/Page_ACHPersonalPaymentEntry/dd_UDF8' 

28-08-2024T20:56:13 - [MESSAGE][PASSED] - Object 'Object Repository/IWP30/Page_ACHPersonalPaymentEntry/txt_Firstname' is present

28-08-2024T20:56:14 - [MESSAGE][PASSED] - Text 'Elizath' is set on object 'Object Repository/IWP30/Page_ACHPersonalPaymentEntry/txt_Firstname'

28-08-2024T20:56:14 - [MESSAGE][PASSED] - Object 'Object Repository/IWP30/Page_ACHPersonalPaymentEntry/txt_Lastname' is present

28-08-2024T20:56:15 - [MESSAGE][PASSED] - Text 'Christine' is set on object 'Object Repository/IWP30/Page_ACHPersonalPaymentEntry/txt_Lastname'

28-08-2024T20:56:15 - [MESSAGE][PASSED] - Object 'Object Repository/IWP30/Page_ACHPersonalPaymentEntry/txt_routingNumber' is present

28-08-2024T20:56:17 - [MESSAGE][PASSED] - Text '256072691' is set on object 'Object Repository/IWP30/Page_ACHPersonalPaymentEntry/txt_routingNumber'

28-08-2024T20:56:17 - [MESSAGE][PASSED] - Object 'Object Repository/IWP30/Page_ACHPersonalPaymentEntry/txt_accountNumber' is present

28-08-2024T20:56:19 - [MESSAGE][PASSED] - Text '12344444' is set on object 'Object Repository/IWP30/Page_ACHPersonalPaymentEntry/txt_accountNumber'

28-08-2024T20:56:20 - [MESSAGE][PASSED] - Object 'Object Repository/IWP30/Page_ACHPersonalPaymentEntry/txt_confirmAccountNumber' is present

28-08-2024T20:56:20 - [MESSAGE][PASSED] - Text '12344444' is set on object 'Object Repository/IWP30/Page_ACHPersonalPaymentEntry/txt_confirmAccountNumber'

28-08-2024T20:56:20 - [MESSAGE][PASSED] - Object 'Object Repository/IWP30/Page_ACHPersonalPaymentEntry/rd_accountType' is present

28-08-2024T20:56:20 - [MESSAGE][PASSED] - Modify property of object successfully

28-08-2024T20:56:21 - [MESSAGE][PASSED] - Object: 'Object Repository/IWP30/Page_ACHPersonalPaymentEntry/rd_accountType' is clicked on

28-08-2024T20:56:21 - [MESSAGE][PASSED] - Text '365 Main Avenue' is set on object 'Object Repository/IWP30/Page_ACHPersonalPaymentEntry/txt_AL1'

28-08-2024T20:56:22 - [MESSAGE][PASSED] - Text '22201' is set on object 'Object Repository/IWP30/Page_ACHPersonalPaymentEntry/txt_ZIP'

28-08-2024T20:56:23 - [MESSAGE][PASSED] - Object 'Object Repository/IWP30/Page_ACHPersonalPaymentEntry/txt_Email' is present

28-08-2024T20:56:25 - [MESSAGE][PASSED] - Text 'iahmed@govolution.com' is set on object 'Object Repository/IWP30/Page_ACHPersonalPaymentEntry/txt_Email'

28-08-2024T20:56:26 - [MESSAGE][PASSED] - Object 'Object Repository/IWP30/Page_ACHPersonalPaymentEntry/cb_TermsAndCond' is present

28-08-2024T20:56:26 - [MESSAGE][PASSED] - Object: 'Object Repository/IWP30/Page_ACHPersonalPaymentEntry/cb_TermsAndCond' is clicked on

28-08-2024T20:56:26 - [MESSAGE][PASSED] - Object 'Object Repository/IWP30/Page_ACHPersonalPaymentEntry/btn_Continue' is present

28-08-2024T20:56:28 - [MESSAGE][PASSED] - Object: 'Object Repository/IWP30/Page_ACHPersonalPaymentEntry/btn_Continue' is clicked on

28-08-2024T20:56:28 - [MESSAGE][PASSED] - iwpPages.achPersonalPaymentEntryPage.setDataACHPPM is PASSED

28-08-2024T20:56:28 - [TEST_STEP][PASSED] - click(findTestObject("Object Repository/IWP30/Page_Confirmation/ConfirmButton")): Object: 'Object Repository/IWP30/Page_Confirmation/ConfirmButton' is clicked on

28-08-2024T20:56:30 - [MESSAGE][PASSED] - Object: 'Object Repository/IWP30/Page_Confirmation/ConfirmButton' is clicked on

28-08-2024T20:56:30 - [TEST_STEP][PASSED] - Thread.sleep(5000): null

28-08-2024T20:56:35 - [TEST_STEP][PASSED] - println("I am on real estate page"): null

28-08-2024T20:56:35 - [TEST_STEP][PASSED] - if (verifyTextPresent("Make a Real Estate Payment", false)): null

28-08-2024T20:56:37 - [MESSAGE][PASSED] - Text 'Make a Real Estate Payment' is present on page 

28-08-2024T20:56:37 - [TEST_STEP][PASSED] - isRequiredTextPresent = true: null

28-08-2024T20:56:37 - [TEST_STEP][PASSED] - println(isRequiredTextPresent): null

28-08-2024T20:56:37 - [TEST_STEP][PASSED] - if (isRequiredTextPresent): null

28-08-2024T20:56:37 - [TEST_STEP][PASSED] - if (verifyTextPresent("This transaction is subject to a Convenience Fees of $2.00.", false)): null

28-08-2024T20:56:37 - [MESSAGE][PASSED] - Text 'This transaction is subject to a Convenience Fees of $2.00.' is present on page 

28-08-2024T20:56:38 - [TEST_STEP][PASSED] - isRequiredTextPresent = true: null

28-08-2024T20:56:38 - [TEST_STEP][PASSED] - println(isRequiredTextPresent): null

28-08-2024T20:56:38 - [TEST_STEP][PASSED] - if (isRequiredTextPresent): null

28-08-2024T20:56:38 - [TEST_STEP][PASSED] - if (verifyTextPresent("Payment Amount:  $10.50", false)): null

28-08-2024T20:56:38 - [MESSAGE][PASSED] - Text 'Payment Amount:  $10.50' is present on page 

28-08-2024T20:56:38 - [TEST_STEP][PASSED] - isRequiredTextPresent = true: null

28-08-2024T20:56:38 - [TEST_STEP][PASSED] - if (isRequiredTextPresent): null

28-08-2024T20:56:38 - [TEST_STEP][PASSED] - if (verifyTextPresent("Convenience Fees:  $2.00", false)): null

28-08-2024T20:56:38 - [MESSAGE][PASSED] - Text 'Convenience Fees:  $2.00' is present on page 

28-08-2024T20:56:38 - [TEST_STEP][PASSED] - isRequiredTextPresent = true: null

28-08-2024T20:56:38 - [TEST_STEP][PASSED] - if (isRequiredTextPresent): null

28-08-2024T20:56:38 - [TEST_STEP][PASSED] - if (verifyTextPresent("Total Amount:  $12.50", false)): null

28-08-2024T20:56:39 - [MESSAGE][PASSED] - Text 'Total Amount:  $12.50' is present on page 

28-08-2024T20:56:39 - [TEST_STEP][PASSED] - isRequiredTextPresent = true: null

28-08-2024T20:56:39 - [TEST_STEP][PASSED] - if (isRequiredTextPresent): null

28-08-2024T20:56:39 - [TEST_STEP][PASSED] - if (verifyTextPresent("Two transactions will appear on your bank statement, one in the amount of $10.50 and one in the amount of $2.00.", false)): null

28-08-2024T20:56:39 - [MESSAGE][PASSED] - Text 'Two transactions will appear on your bank statement, one in the amount of $10.50 and one in the amount of $2.00.' is present on page 

28-08-2024T20:56:39 - [TEST_STEP][PASSED] - isRequiredTextPresent = true: null

28-08-2024T20:56:39 - [TEST_STEP][PASSED] - Thread.sleep(10000): null

28-08-2024T20:56:49 - [TEST_STEP][PASSED] - click(findTestObject("Object Repository/IWP30/Page_ConvenienceFees/btn_convFeeNotifyAction")): Object: 'Object Repository/IWP30/Page_ConvenienceFees/btn_convFeeNotifyAction' is clicked on

28-08-2024T20:56:52 - [MESSAGE][PASSED] - Object: 'Object Repository/IWP30/Page_ConvenienceFees/btn_convFeeNotifyAction' is clicked on

28-08-2024T20:56:52 - [TEST_STEP][PASSED] - Thread.sleep(10000): null

28-08-2024T20:57:02 - [TEST_STEP][PASSED] - if (verifyTextPresent("Successful Payment Receipt", false)): null

28-08-2024T20:57:02 - [MESSAGE][PASSED] - Text 'Successful Payment Receipt' is present on page 

28-08-2024T20:57:02 - [TEST_STEP][PASSED] - println("Successful Payment Receipt text is present on the Receipt page"): null

28-08-2024T20:57:02 - [TEST_STEP][PASSED] - markPassed("Successful Payment Receipt text is present on the Receipt page"): Successful Payment Receipt text is present on the Receipt page

28-08-2024T20:57:02 - [MESSAGE][PASSED] - Successful Payment Receipt text is present on the Receipt page

28-08-2024T20:57:02 - [TEST_STEP][PASSED] - resText = "Pass": null

28-08-2024T20:57:02 - [TEST_STEP][PASSED] - pages.WriteExcel.demoKey(resText, datText, resColumn, datCloumn, fileLoc, nameSheet, row): pages.WriteExcel.demoKey is PASSED

28-08-2024T20:57:02 - [MESSAGE][PASSED] - pages.WriteExcel.demoKey is PASSED

28-08-2024T20:57:02 - [TEST_STEP][PASSED] - closeBrowser(): Browser is closed

28-08-2024T20:57:05 - [MESSAGE][PASSED] - Browser is closed

28-08-2024T20:57:05 - [TEST_STEP][PASSED] - ExecuteTC = findTestData(dataFile).getValue("Execute", row): null

28-08-2024T20:57:05 - [TEST_STEP][PASSED] - out.println("Value of Execute is : " + ExecuteTC): null

28-08-2024T20:57:05 - [TEST_STEP][PASSED] - if (ExecuteTC.equalsIgnoreCase("Y")): null

28-08-2024T20:57:05 - [TEST_STEP][PASSED] - out.println("Begin Record Number: " + row): null

28-08-2024T20:57:05 - [TEST_STEP][PASSED] - today = new java.util.Date(): null

28-08-2024T20:57:05 - [TEST_STEP][PASSED] - println(today): null

28-08-2024T20:57:05 - [TEST_STEP][PASSED] - datText = today: null

28-08-2024T20:57:05 - [TEST_STEP][PASSED] - EmulatorDataKey = findTestData(dataFile).getValue("EmulatorData", row): null

28-08-2024T20:57:05 - [TEST_STEP][PASSED] - out.println("Value of Emulator Key is : " + EmulatorDataKey): null

28-08-2024T20:57:05 - [TEST_STEP][PASSED] - iwpPages.emulatorIWP30.setDataEmulator_DD(EmulatorDataKey): iwpPages.emulatorIWP30.setDataEmulator_DD is PASSED

28-08-2024T20:57:05 - [MESSAGE][INFO] - Starting 'Edge Chromium' driver

28-08-2024T20:57:05 - [MESSAGE][INFO] - User set preference: ['acceptInsecureCerts', 'true']

28-08-2024T20:57:08 - [MESSAGE][INFO] - Action delay is set to 0 milliseconds

28-08-2024T20:57:14 - [MESSAGE][PASSED] - Browser is opened with url: 'https://qa2.velocitypayment.com/agency/config.do?action=editor&message_version=2_5'

28-08-2024T20:57:14 - [MESSAGE][PASSED] - Current window maximized

28-08-2024T20:57:15 - [MESSAGE][PASSED] - All options with value '2.5' are selected in object 'Object Repository/IWP30/Page_VRelay30Emulator/MV'  using regular expression

28-08-2024T20:57:16 - [MESSAGE][PASSED] - Text '10.50' is set on object 'Object Repository/IWP30/Page_VRelay30Emulator/Amount'

28-08-2024T20:57:17 - [MESSAGE][PASSED] - Text '26413255' is set on object 'Object Repository/IWP30/Page_VRelay30Emulator/CAN'

28-08-2024T20:57:18 - [MESSAGE][PASSED] - Text 'PayNow' is set on object 'Object Repository/IWP30/Page_VRelay30Emulator/Action'

28-08-2024T20:57:18 - [MESSAGE][PASSED] - Text 'en_US' is set on object 'Object Repository/IWP30/Page_VRelay30Emulator/Lang'

28-08-2024T20:57:21 - [MESSAGE][PASSED] - Text 'Jasmine' is set on object 'Object Repository/IWP30/Page_VRelay30Emulator/Fname'

28-08-2024T20:57:22 - [MESSAGE][PASSED] - Text 'Patrinol' is set on object 'Object Repository/IWP30/Page_VRelay30Emulator/Lname'

28-08-2024T20:57:22 - [MESSAGE][PASSED] - Text '258 Underwood rd' is set on object 'Object Repository/IWP30/Page_VRelay30Emulator/AL1'

28-08-2024T20:57:23 - [MESSAGE][PASSED] - Text 'Suite 600' is set on object 'Object Repository/IWP30/Page_VRelay30Emulator/AL2'

28-08-2024T20:57:24 - [MESSAGE][PASSED] - Text '840' is set on object 'Object Repository/IWP30/Page_VRelay30Emulator/Country'

28-08-2024T20:57:24 - [MESSAGE][PASSED] - Text 'Arlington' is set on object 'Object Repository/IWP30/Page_VRelay30Emulator/City'

28-08-2024T20:57:25 - [MESSAGE][PASSED] - Text 'VA' is set on object 'Object Repository/IWP30/Page_VRelay30Emulator/State'

28-08-2024T20:57:26 - [MESSAGE][PASSED] - Text '22201' is set on object 'Object Repository/IWP30/Page_VRelay30Emulator/ZIP'

28-08-2024T20:57:28 - [MESSAGE][PASSED] - Text '' is set on object 'Object Repository/IWP30/Page_VRelay30Emulator/Order'

28-08-2024T20:57:28 - [MESSAGE][PASSED] - Text 'Some Company' is set on object 'Object Repository/IWP30/Page_VRelay30Emulator/Company'

28-08-2024T20:57:29 - [MESSAGE][PASSED] - Text 'iahmed@govolution.com' is set on object 'Object Repository/IWP30/Page_VRelay30Emulator/Email'

28-08-2024T20:57:30 - [MESSAGE][PASSED] - Text 'udf data 1' is set on object 'Object Repository/IWP30/Page_VRelay30Emulator/UDF1'

28-08-2024T20:57:30 - [MESSAGE][PASSED] - Text 'udf data 2' is set on object 'Object Repository/IWP30/Page_VRelay30Emulator/UDF2'

28-08-2024T20:57:31 - [MESSAGE][PASSED] - Text 'udf data 3' is set on object 'Object Repository/IWP30/Page_VRelay30Emulator/UDF3'

28-08-2024T20:57:31 - [MESSAGE][PASSED] - Text 'udf data 4' is set on object 'Object Repository/IWP30/Page_VRelay30Emulator/UDF4'

28-08-2024T20:57:33 - [MESSAGE][PASSED] - Text 'udf data 5' is set on object 'Object Repository/IWP30/Page_VRelay30Emulator/UDF5'

28-08-2024T20:57:34 - [MESSAGE][PASSED] - Text 'udf data 6' is set on object 'Object Repository/IWP30/Page_VRelay30Emulator/UDF6'

28-08-2024T20:57:35 - [MESSAGE][PASSED] - Text 'Orange' is set on object 'Object Repository/IWP30/Page_VRelay30Emulator/UDF7'

28-08-2024T20:57:35 - [MESSAGE][PASSED] - Text 'Soccer' is set on object 'Object Repository/IWP30/Page_VRelay30Emulator/UDF8'

28-08-2024T20:57:36 - [MESSAGE][PASSED] - Text 'udf data 9' is set on object 'Object Repository/IWP30/Page_VRelay30Emulator/UDF9'

28-08-2024T20:57:37 - [MESSAGE][PASSED] - Text 'udf data 10' is set on object 'Object Repository/IWP30/Page_VRelay30Emulator/UDF10'

28-08-2024T20:57:38 - [MESSAGE][PASSED] - Object: 'Object Repository/IWP30/Page_VRelay30Emulator/Submit' is clicked on

28-08-2024T20:57:42 - [MESSAGE][PASSED] - Browser is closed

28-08-2024T20:57:46 - [MESSAGE][PASSED] - iwpPages.emulatorIWP30.setDataEmulator_DD is PASSED

28-08-2024T20:57:46 - [TEST_STEP][PASSED] - testHarnessURL = urlTestHarness: null

28-08-2024T20:57:46 - [TEST_STEP][PASSED] - openBrowser(testHarnessURL): Browser is opened with url: 'https://dev-algorithm.govolution.com/vrelaytest/QA2/version_2_2/vrelaytest.html'

28-08-2024T20:57:46 - [MESSAGE][INFO] - Starting 'Edge Chromium' driver

28-08-2024T20:57:46 - [MESSAGE][INFO] - User set preference: ['acceptInsecureCerts', 'true']

28-08-2024T20:57:49 - [MESSAGE][INFO] - Action delay is set to 0 milliseconds

28-08-2024T20:57:54 - [MESSAGE][PASSED] - Browser is opened with url: 'https://dev-algorithm.govolution.com/vrelaytest/QA2/version_2_2/vrelaytest.html'

28-08-2024T20:57:54 - [TEST_STEP][PASSED] - maximizeWindow(): Current window maximized

28-08-2024T20:57:55 - [MESSAGE][PASSED] - Current window maximized

28-08-2024T20:57:55 - [TEST_STEP][PASSED] - iwpPages.TestHarnessPage.setDataMethod(row, dataFile): iwpPages.TestHarnessPage.setDataMethod is PASSED

28-08-2024T20:57:56 - [MESSAGE][PASSED] - Object 'Object Repository/IWP30/Page_QATestHarness/RemittanceID' is present

28-08-2024T20:57:56 - [MESSAGE][PASSED] - Text '640' is set on object 'Object Repository/IWP30/Page_QATestHarness/ApplicationID'

28-08-2024T20:57:57 - [MESSAGE][PASSED] - Text '2.5' is set on object 'Object Repository/IWP30/Page_QATestHarness/MessageVersion'

28-08-2024T20:57:58 - [MESSAGE][PASSED] - Text 'OWiRpMNr0hET' is set on object 'Object Repository/IWP30/Page_QATestHarness/RemittanceID'

28-08-2024T20:58:02 - [MESSAGE][PASSED] - Object: 'Object Repository/IWP30/Page_QATestHarness/SubmitButton' is clicked on

28-08-2024T20:58:02 - [MESSAGE][PASSED] - iwpPages.TestHarnessPage.setDataMethod is PASSED

28-08-2024T20:58:02 - [TEST_STEP][PASSED] - click(findTestObject("Object Repository/IWP30/Page_SelectPaymentMethod/PayByPersonalCheck")): Object: 'Object Repository/IWP30/Page_SelectPaymentMethod/PayByPersonalCheck' is clicked on

28-08-2024T20:58:03 - [MESSAGE][PASSED] - Object: 'Object Repository/IWP30/Page_SelectPaymentMethod/PayByPersonalCheck' is clicked on

28-08-2024T20:58:03 - [TEST_STEP][PASSED] - click(findTestObject("Object Repository/IWP30/Page_SelectPaymentMethod/MakePaymentButton")): Object: 'Object Repository/IWP30/Page_SelectPaymentMethod/MakePaymentButton' is clicked on

28-08-2024T20:58:06 - [MESSAGE][PASSED] - Object: 'Object Repository/IWP30/Page_SelectPaymentMethod/MakePaymentButton' is clicked on

28-08-2024T20:58:06 - [TEST_STEP][PASSED] - iwpPages.achPersonalPaymentEntryPage.setDataACHPPM(row, dataFile): iwpPages.achPersonalPaymentEntryPage.setDataACHPPM is PASSED

28-08-2024T20:58:08 - [MESSAGE][PASSED] - Object 'Object Repository/IWP30/Page_ACHPersonalPaymentEntry/txt_accountNumber' is present

28-08-2024T20:58:08 - [MESSAGE][PASSED] - Object 'Object Repository/IWP30/Page_ACHPersonalPaymentEntry/txt_UDF2' is present

28-08-2024T20:58:09 - [MESSAGE][PASSED] - All options with label 'Soccer' are selected in object 'Object Repository/IWP30/Page_ACHPersonalPaymentEntry/dd_UDF8' 

28-08-2024T20:58:09 - [MESSAGE][PASSED] - Object 'Object Repository/IWP30/Page_ACHPersonalPaymentEntry/txt_Firstname' is present

28-08-2024T20:58:10 - [MESSAGE][PASSED] - Text 'Elizath' is set on object 'Object Repository/IWP30/Page_ACHPersonalPaymentEntry/txt_Firstname'

28-08-2024T20:58:10 - [MESSAGE][PASSED] - Object 'Object Repository/IWP30/Page_ACHPersonalPaymentEntry/txt_Lastname' is present

28-08-2024T20:58:11 - [MESSAGE][PASSED] - Text 'Christine' is set on object 'Object Repository/IWP30/Page_ACHPersonalPaymentEntry/txt_Lastname'

28-08-2024T20:58:11 - [MESSAGE][PASSED] - Object 'Object Repository/IWP30/Page_ACHPersonalPaymentEntry/txt_routingNumber' is present

28-08-2024T20:58:12 - [MESSAGE][PASSED] - Text '256072691' is set on object 'Object Repository/IWP30/Page_ACHPersonalPaymentEntry/txt_routingNumber'

28-08-2024T20:58:12 - [MESSAGE][PASSED] - Object 'Object Repository/IWP30/Page_ACHPersonalPaymentEntry/txt_accountNumber' is present

28-08-2024T20:58:14 - [MESSAGE][PASSED] - Text '12344444' is set on object 'Object Repository/IWP30/Page_ACHPersonalPaymentEntry/txt_accountNumber'

28-08-2024T20:58:15 - [MESSAGE][PASSED] - Object 'Object Repository/IWP30/Page_ACHPersonalPaymentEntry/txt_confirmAccountNumber' is present

28-08-2024T20:58:16 - [MESSAGE][PASSED] - Text '12344444' is set on object 'Object Repository/IWP30/Page_ACHPersonalPaymentEntry/txt_confirmAccountNumber'

28-08-2024T20:58:16 - [MESSAGE][PASSED] - Object 'Object Repository/IWP30/Page_ACHPersonalPaymentEntry/rd_accountType' is present

28-08-2024T20:58:16 - [MESSAGE][PASSED] - Modify property of object successfully

28-08-2024T20:58:16 - [MESSAGE][PASSED] - Object: 'Object Repository/IWP30/Page_ACHPersonalPaymentEntry/rd_accountType' is clicked on

28-08-2024T20:58:16 - [MESSAGE][PASSED] - Object 'Object Repository/IWP30/Page_ACHPersonalPaymentEntry/txt_Email' is present

28-08-2024T20:58:17 - [MESSAGE][PASSED] - Object 'Object Repository/IWP30/Page_ACHPersonalPaymentEntry/cb_TermsAndCond' is present

28-08-2024T20:58:17 - [MESSAGE][PASSED] - Object: 'Object Repository/IWP30/Page_ACHPersonalPaymentEntry/cb_TermsAndCond' is clicked on

28-08-2024T20:58:17 - [MESSAGE][PASSED] - Object 'Object Repository/IWP30/Page_ACHPersonalPaymentEntry/btn_Continue' is present

28-08-2024T20:58:19 - [MESSAGE][PASSED] - Object: 'Object Repository/IWP30/Page_ACHPersonalPaymentEntry/btn_Continue' is clicked on

28-08-2024T20:58:19 - [MESSAGE][PASSED] - iwpPages.achPersonalPaymentEntryPage.setDataACHPPM is PASSED

28-08-2024T20:58:19 - [TEST_STEP][PASSED] - click(findTestObject("Object Repository/IWP30/Page_Confirmation/ConfirmButton")): Object: 'Object Repository/IWP30/Page_Confirmation/ConfirmButton' is clicked on

28-08-2024T20:58:23 - [MESSAGE][PASSED] - Object: 'Object Repository/IWP30/Page_Confirmation/ConfirmButton' is clicked on

28-08-2024T20:58:23 - [TEST_STEP][PASSED] - Thread.sleep(5000): null

28-08-2024T20:58:28 - [TEST_STEP][PASSED] - println("I am on real estate page"): null

28-08-2024T20:58:28 - [TEST_STEP][PASSED] - if (verifyTextPresent("Make a Real Estate Payment", false)): null

28-08-2024T20:58:28 - [MESSAGE][PASSED] - Text 'Make a Real Estate Payment' is present on page 

28-08-2024T20:58:28 - [TEST_STEP][PASSED] - isRequiredTextPresent = true: null

28-08-2024T20:58:28 - [TEST_STEP][PASSED] - println(isRequiredTextPresent): null

28-08-2024T20:58:28 - [TEST_STEP][PASSED] - if (isRequiredTextPresent): null

28-08-2024T20:58:28 - [TEST_STEP][PASSED] - if (verifyTextPresent("This transaction is subject to a Convenience Fees of $2.00.", false)): null

28-08-2024T20:58:29 - [MESSAGE][PASSED] - Text 'This transaction is subject to a Convenience Fees of $2.00.' is present on page 

28-08-2024T20:58:29 - [TEST_STEP][PASSED] - isRequiredTextPresent = true: null

28-08-2024T20:58:29 - [TEST_STEP][PASSED] - println(isRequiredTextPresent): null

28-08-2024T20:58:29 - [TEST_STEP][PASSED] - if (isRequiredTextPresent): null

28-08-2024T20:58:29 - [TEST_STEP][PASSED] - if (verifyTextPresent("Payment Amount:  $10.50", false)): null

28-08-2024T20:58:29 - [MESSAGE][PASSED] - Text 'Payment Amount:  $10.50' is present on page 

28-08-2024T20:58:29 - [TEST_STEP][PASSED] - isRequiredTextPresent = true: null

28-08-2024T20:58:29 - [TEST_STEP][PASSED] - if (isRequiredTextPresent): null

28-08-2024T20:58:29 - [TEST_STEP][PASSED] - if (verifyTextPresent("Convenience Fees:  $2.00", false)): null

28-08-2024T20:58:29 - [MESSAGE][PASSED] - Text 'Convenience Fees:  $2.00' is present on page 

28-08-2024T20:58:29 - [TEST_STEP][PASSED] - isRequiredTextPresent = true: null

28-08-2024T20:58:29 - [TEST_STEP][PASSED] - if (isRequiredTextPresent): null

28-08-2024T20:58:29 - [TEST_STEP][PASSED] - if (verifyTextPresent("Total Amount:  $12.50", false)): null

28-08-2024T20:58:30 - [MESSAGE][PASSED] - Text 'Total Amount:  $12.50' is present on page 

28-08-2024T20:58:30 - [TEST_STEP][PASSED] - isRequiredTextPresent = true: null

28-08-2024T20:58:30 - [TEST_STEP][PASSED] - if (isRequiredTextPresent): null

28-08-2024T20:58:30 - [TEST_STEP][PASSED] - if (verifyTextPresent("Two transactions will appear on your bank statement, one in the amount of $10.50 and one in the amount of $2.00.", false)): null

28-08-2024T20:58:30 - [MESSAGE][PASSED] - Text 'Two transactions will appear on your bank statement, one in the amount of $10.50 and one in the amount of $2.00.' is present on page 

28-08-2024T20:58:30 - [TEST_STEP][PASSED] - isRequiredTextPresent = true: null

28-08-2024T20:58:30 - [TEST_STEP][PASSED] - Thread.sleep(10000): null

28-08-2024T20:58:40 - [TEST_STEP][PASSED] - click(findTestObject("Object Repository/IWP30/Page_ConvenienceFees/btn_convFeeNotifyAction")): Object: 'Object Repository/IWP30/Page_ConvenienceFees/btn_convFeeNotifyAction' is clicked on

28-08-2024T20:58:43 - [MESSAGE][PASSED] - Object: 'Object Repository/IWP30/Page_ConvenienceFees/btn_convFeeNotifyAction' is clicked on

28-08-2024T20:58:43 - [TEST_STEP][PASSED] - Thread.sleep(10000): null

28-08-2024T20:58:54 - [TEST_STEP][PASSED] - if (verifyTextPresent("Successful Payment Receipt", false)): null

28-08-2024T20:58:54 - [MESSAGE][PASSED] - Text 'Successful Payment Receipt' is present on page 

28-08-2024T20:58:54 - [TEST_STEP][PASSED] - println("Successful Payment Receipt text is present on the Receipt page"): null

28-08-2024T20:58:54 - [TEST_STEP][PASSED] - markPassed("Successful Payment Receipt text is present on the Receipt page"): Successful Payment Receipt text is present on the Receipt page

28-08-2024T20:58:54 - [MESSAGE][PASSED] - Successful Payment Receipt text is present on the Receipt page

28-08-2024T20:58:54 - [TEST_STEP][PASSED] - resText = "Pass": null

28-08-2024T20:58:54 - [TEST_STEP][PASSED] - pages.WriteExcel.demoKey(resText, datText, resColumn, datCloumn, fileLoc, nameSheet, row): pages.WriteExcel.demoKey is PASSED

28-08-2024T20:58:54 - [MESSAGE][PASSED] - pages.WriteExcel.demoKey is PASSED

28-08-2024T20:58:54 - [TEST_STEP][PASSED] - closeBrowser(): Browser is closed

28-08-2024T20:58:56 - [MESSAGE][PASSED] - Browser is closed]]></system-out>
         <system-err><![CDATA[]]></system-err>
      </testcase>
      <testcase name="Test Cases/IntegratedWeb/IWP25/Payments/PayNowPersonalSavingsSCF" time="226.777" classname="Test Cases/IntegratedWeb/IWP25/Payments/PayNowPersonalSavingsSCF" status="PASSED">
         <system-out><![CDATA[28-08-2024T20:58:56 - [TEST_CASE][PASSED] - Test Cases/IntegratedWeb/IWP25/Payments/PayNowPersonalSavingsSCF: Test Cases/IntegratedWeb/IWP25/Payments/PayNowPersonalSavingsSCF

28-08-2024T20:58:56 - [TEST_STEP][PASSED] - resText = "Fail": null

28-08-2024T20:58:56 - [TEST_STEP][PASSED] - resColumn = "Result": null

28-08-2024T20:58:56 - [TEST_STEP][PASSED] - datCloumn = "Date": null

28-08-2024T20:58:56 - [TEST_STEP][PASSED] - fileLoc = "KatalonData/IWPTestData/VRelay25Payments.xlsx": null

28-08-2024T20:58:56 - [TEST_STEP][PASSED] - numOfRows = <not implemented yet for class: org.codehaus.groovy.ast.expr.EmptyExpression>: null

28-08-2024T20:58:56 - [TEST_STEP][PASSED] - dataFile = <not implemented yet for class: org.codehaus.groovy.ast.expr.EmptyExpression>: null

28-08-2024T20:58:56 - [TEST_STEP][PASSED] - nameSheet = <not implemented yet for class: org.codehaus.groovy.ast.expr.EmptyExpression>: null

28-08-2024T20:58:56 - [TEST_STEP][PASSED] - dataFileEmulator = <not implemented yet for class: org.codehaus.groovy.ast.expr.EmptyExpression>: null

28-08-2024T20:58:56 - [TEST_STEP][PASSED] - isRequiredTextPresent = false: null

28-08-2024T20:58:56 - [TEST_STEP][PASSED] - nameSheet = "PayNowPersonalSavingsSCF": null

28-08-2024T20:58:56 - [TEST_STEP][PASSED] - dataFile = "IWPTestData/IWP25PayNowPersonalSavingsSCF": null

28-08-2024T20:58:56 - [TEST_STEP][PASSED] - dataFileEmulator = "IWPTestData/EmulatorData": null

28-08-2024T20:58:56 - [TEST_STEP][PASSED] - numOfRows = findTestData(dataFile).getRowNumbers(): null

28-08-2024T20:58:56 - [TEST_STEP][PASSED] - println("Number of Records: " + numOfRows): null

28-08-2024T20:58:56 - [TEST_STEP][PASSED] - for ([row = 1, row <= numOfRows, (row++)]): Browser is closed

28-08-2024T20:58:56 - [TEST_STEP][PASSED] - ExecuteTC = findTestData(dataFile).getValue("Execute", row): null

28-08-2024T20:58:56 - [TEST_STEP][PASSED] - out.println("Value of Execute is : " + ExecuteTC): null

28-08-2024T20:58:56 - [TEST_STEP][PASSED] - if (ExecuteTC.equalsIgnoreCase("Y")): null

28-08-2024T20:58:56 - [TEST_STEP][PASSED] - out.println("Begin Record Number: " + row): null

28-08-2024T20:58:56 - [TEST_STEP][PASSED] - today = new java.util.Date(): null

28-08-2024T20:58:56 - [TEST_STEP][PASSED] - println(today): null

28-08-2024T20:58:56 - [TEST_STEP][PASSED] - datText = today: null

28-08-2024T20:58:56 - [TEST_STEP][PASSED] - EmulatorDataKey = findTestData(dataFile).getValue("EmulatorData", row): null

28-08-2024T20:58:56 - [TEST_STEP][PASSED] - out.println("Value of Emulator Key is : " + EmulatorDataKey): null

28-08-2024T20:58:56 - [TEST_STEP][PASSED] - iwpPages.emulatorIWP30.setDataEmulator_DD(EmulatorDataKey): iwpPages.emulatorIWP30.setDataEmulator_DD is PASSED

28-08-2024T20:58:57 - [MESSAGE][INFO] - Starting 'Edge Chromium' driver

28-08-2024T20:58:57 - [MESSAGE][INFO] - User set preference: ['acceptInsecureCerts', 'true']

28-08-2024T20:59:00 - [MESSAGE][INFO] - Action delay is set to 0 milliseconds

28-08-2024T20:59:05 - [MESSAGE][PASSED] - Browser is opened with url: 'https://qa2.velocitypayment.com/agency/config.do?action=editor&message_version=2_5'

28-08-2024T20:59:05 - [MESSAGE][PASSED] - Current window maximized

28-08-2024T20:59:06 - [MESSAGE][PASSED] - All options with value '2.5' are selected in object 'Object Repository/IWP30/Page_VRelay30Emulator/MV'  using regular expression

28-08-2024T20:59:07 - [MESSAGE][PASSED] - Text '10.50' is set on object 'Object Repository/IWP30/Page_VRelay30Emulator/Amount'

28-08-2024T20:59:08 - [MESSAGE][PASSED] - Text '26413414' is set on object 'Object Repository/IWP30/Page_VRelay30Emulator/CAN'

28-08-2024T20:59:08 - [MESSAGE][PASSED] - Text 'PayNow' is set on object 'Object Repository/IWP30/Page_VRelay30Emulator/Action'

28-08-2024T20:59:09 - [MESSAGE][PASSED] - Text 'en_US' is set on object 'Object Repository/IWP30/Page_VRelay30Emulator/Lang'

28-08-2024T20:59:12 - [MESSAGE][PASSED] - Text '' is set on object 'Object Repository/IWP30/Page_VRelay30Emulator/Fname'

28-08-2024T20:59:12 - [MESSAGE][PASSED] - Text '' is set on object 'Object Repository/IWP30/Page_VRelay30Emulator/Lname'

28-08-2024T20:59:13 - [MESSAGE][PASSED] - Text '' is set on object 'Object Repository/IWP30/Page_VRelay30Emulator/AL1'

28-08-2024T20:59:13 - [MESSAGE][PASSED] - Text '' is set on object 'Object Repository/IWP30/Page_VRelay30Emulator/AL2'

28-08-2024T20:59:14 - [MESSAGE][PASSED] - Text '' is set on object 'Object Repository/IWP30/Page_VRelay30Emulator/Country'

28-08-2024T20:59:15 - [MESSAGE][PASSED] - Text '' is set on object 'Object Repository/IWP30/Page_VRelay30Emulator/City'

28-08-2024T20:59:15 - [MESSAGE][PASSED] - Text '' is set on object 'Object Repository/IWP30/Page_VRelay30Emulator/State'

28-08-2024T20:59:16 - [MESSAGE][PASSED] - Text '' is set on object 'Object Repository/IWP30/Page_VRelay30Emulator/ZIP'

28-08-2024T20:59:17 - [MESSAGE][PASSED] - Text '' is set on object 'Object Repository/IWP30/Page_VRelay30Emulator/Order'

28-08-2024T20:59:19 - [MESSAGE][PASSED] - Text '' is set on object 'Object Repository/IWP30/Page_VRelay30Emulator/Company'

28-08-2024T20:59:19 - [MESSAGE][PASSED] - Text '' is set on object 'Object Repository/IWP30/Page_VRelay30Emulator/Email'

28-08-2024T20:59:20 - [MESSAGE][PASSED] - Text '' is set on object 'Object Repository/IWP30/Page_VRelay30Emulator/UDF1'

28-08-2024T20:59:20 - [MESSAGE][PASSED] - Text '' is set on object 'Object Repository/IWP30/Page_VRelay30Emulator/UDF2'

28-08-2024T20:59:21 - [MESSAGE][PASSED] - Text '' is set on object 'Object Repository/IWP30/Page_VRelay30Emulator/UDF3'

28-08-2024T20:59:22 - [MESSAGE][PASSED] - Text 'udf data 4' is set on object 'Object Repository/IWP30/Page_VRelay30Emulator/UDF4'

28-08-2024T20:59:22 - [MESSAGE][PASSED] - Text 'udf data 5' is set on object 'Object Repository/IWP30/Page_VRelay30Emulator/UDF5'

28-08-2024T20:59:24 - [MESSAGE][PASSED] - Text '' is set on object 'Object Repository/IWP30/Page_VRelay30Emulator/UDF6'

28-08-2024T20:59:25 - [MESSAGE][PASSED] - Text '' is set on object 'Object Repository/IWP30/Page_VRelay30Emulator/UDF7'

28-08-2024T20:59:26 - [MESSAGE][PASSED] - Text '' is set on object 'Object Repository/IWP30/Page_VRelay30Emulator/UDF8'

28-08-2024T20:59:27 - [MESSAGE][PASSED] - Text 'udf data 9' is set on object 'Object Repository/IWP30/Page_VRelay30Emulator/UDF9'

28-08-2024T20:59:27 - [MESSAGE][PASSED] - Text 'udf data 10' is set on object 'Object Repository/IWP30/Page_VRelay30Emulator/UDF10'

28-08-2024T20:59:28 - [MESSAGE][PASSED] - Object: 'Object Repository/IWP30/Page_VRelay30Emulator/Submit' is clicked on

28-08-2024T20:59:33 - [MESSAGE][PASSED] - Browser is closed

28-08-2024T20:59:37 - [MESSAGE][PASSED] - iwpPages.emulatorIWP30.setDataEmulator_DD is PASSED

28-08-2024T20:59:37 - [TEST_STEP][PASSED] - testHarnessURL = urlTestHarness: null

28-08-2024T20:59:37 - [TEST_STEP][PASSED] - openBrowser(testHarnessURL): Browser is opened with url: 'https://dev-algorithm.govolution.com/vrelaytest/QA2/version_2_2/vrelaytest.html'

28-08-2024T20:59:37 - [MESSAGE][INFO] - Starting 'Edge Chromium' driver

28-08-2024T20:59:37 - [MESSAGE][INFO] - User set preference: ['acceptInsecureCerts', 'true']

28-08-2024T20:59:40 - [MESSAGE][INFO] - Action delay is set to 0 milliseconds

28-08-2024T20:59:46 - [MESSAGE][PASSED] - Browser is opened with url: 'https://dev-algorithm.govolution.com/vrelaytest/QA2/version_2_2/vrelaytest.html'

28-08-2024T20:59:46 - [TEST_STEP][PASSED] - maximizeWindow(): Current window maximized

28-08-2024T20:59:46 - [MESSAGE][PASSED] - Current window maximized

28-08-2024T20:59:46 - [TEST_STEP][PASSED] - iwpPages.TestHarnessPage.setDataMethod(row, dataFile): iwpPages.TestHarnessPage.setDataMethod is PASSED

28-08-2024T20:59:46 - [MESSAGE][PASSED] - Object 'Object Repository/IWP30/Page_QATestHarness/RemittanceID' is present

28-08-2024T20:59:47 - [MESSAGE][PASSED] - Text '639' is set on object 'Object Repository/IWP30/Page_QATestHarness/ApplicationID'

28-08-2024T20:59:48 - [MESSAGE][PASSED] - Text '2.5' is set on object 'Object Repository/IWP30/Page_QATestHarness/MessageVersion'

28-08-2024T20:59:48 - [MESSAGE][PASSED] - Text 'Kv4BxCOiC7e1' is set on object 'Object Repository/IWP30/Page_QATestHarness/RemittanceID'

28-08-2024T20:59:53 - [MESSAGE][PASSED] - Object: 'Object Repository/IWP30/Page_QATestHarness/SubmitButton' is clicked on

28-08-2024T20:59:53 - [MESSAGE][PASSED] - iwpPages.TestHarnessPage.setDataMethod is PASSED

28-08-2024T20:59:53 - [TEST_STEP][PASSED] - click(findTestObject("Object Repository/IWP30/Page_SelectPaymentMethod/PayByPersonalCheck")): Object: 'Object Repository/IWP30/Page_SelectPaymentMethod/PayByPersonalCheck' is clicked on

28-08-2024T20:59:53 - [MESSAGE][PASSED] - Object: 'Object Repository/IWP30/Page_SelectPaymentMethod/PayByPersonalCheck' is clicked on

28-08-2024T20:59:53 - [TEST_STEP][PASSED] - click(findTestObject("Object Repository/IWP30/Page_SelectPaymentMethod/MakePaymentButton")): Object: 'Object Repository/IWP30/Page_SelectPaymentMethod/MakePaymentButton' is clicked on

28-08-2024T20:59:56 - [MESSAGE][PASSED] - Object: 'Object Repository/IWP30/Page_SelectPaymentMethod/MakePaymentButton' is clicked on

28-08-2024T20:59:56 - [TEST_STEP][PASSED] - iwpPages.achPersonalPaymentEntryPage.setDataACHPPM(row, dataFile): iwpPages.achPersonalPaymentEntryPage.setDataACHPPM is PASSED

28-08-2024T20:59:57 - [MESSAGE][PASSED] - Object 'Object Repository/IWP30/Page_ACHPersonalPaymentEntry/txt_accountNumber' is present

28-08-2024T20:59:59 - [MESSAGE][PASSED] - Text '10.50' is set on object 'Object Repository/IWP30/Page_ACHPersonalPaymentEntry/txt_Amount'

28-08-2024T20:59:59 - [MESSAGE][PASSED] - Object 'Object Repository/IWP30/Page_ACHPersonalPaymentEntry/txt_UDF2' is present

28-08-2024T21:00:00 - [MESSAGE][PASSED] - Text 'udf data 2' is set on object 'Object Repository/IWP30/Page_ACHPersonalPaymentEntry/txt_UDF2'

28-08-2024T21:00:01 - [MESSAGE][PASSED] - Text 'udf data 3' is set on object 'Object Repository/IWP30/Page_ACHPersonalPaymentEntry/txt_UDF3'

28-08-2024T21:00:01 - [MESSAGE][PASSED] - All options with label 'Orange' are selected in object 'Object Repository/IWP30/Page_ACHPersonalPaymentEntry/dd_UDF7' 

28-08-2024T21:00:02 - [MESSAGE][PASSED] - All options with label 'Soccer' are selected in object 'Object Repository/IWP30/Page_ACHPersonalPaymentEntry/dd_UDF8' 

28-08-2024T21:00:02 - [MESSAGE][PASSED] - Object 'Object Repository/IWP30/Page_ACHPersonalPaymentEntry/txt_Firstname' is present

28-08-2024T21:00:03 - [MESSAGE][PASSED] - Text 'Elizath' is set on object 'Object Repository/IWP30/Page_ACHPersonalPaymentEntry/txt_Firstname'

28-08-2024T21:00:03 - [MESSAGE][PASSED] - Object 'Object Repository/IWP30/Page_ACHPersonalPaymentEntry/txt_Lastname' is present

28-08-2024T21:00:04 - [MESSAGE][PASSED] - Text 'Christine' is set on object 'Object Repository/IWP30/Page_ACHPersonalPaymentEntry/txt_Lastname'

28-08-2024T21:00:05 - [MESSAGE][PASSED] - Object 'Object Repository/IWP30/Page_ACHPersonalPaymentEntry/txt_routingNumber' is present

28-08-2024T21:00:06 - [MESSAGE][PASSED] - Text '256072691' is set on object 'Object Repository/IWP30/Page_ACHPersonalPaymentEntry/txt_routingNumber'

28-08-2024T21:00:06 - [MESSAGE][PASSED] - Object 'Object Repository/IWP30/Page_ACHPersonalPaymentEntry/txt_accountNumber' is present

28-08-2024T21:00:08 - [MESSAGE][PASSED] - Text '12344444' is set on object 'Object Repository/IWP30/Page_ACHPersonalPaymentEntry/txt_accountNumber'

28-08-2024T21:00:08 - [MESSAGE][PASSED] - Object 'Object Repository/IWP30/Page_ACHPersonalPaymentEntry/txt_confirmAccountNumber' is present

28-08-2024T21:00:09 - [MESSAGE][PASSED] - Text '12344444' is set on object 'Object Repository/IWP30/Page_ACHPersonalPaymentEntry/txt_confirmAccountNumber'

28-08-2024T21:00:09 - [MESSAGE][PASSED] - Object 'Object Repository/IWP30/Page_ACHPersonalPaymentEntry/rd_accountType' is present

28-08-2024T21:00:09 - [MESSAGE][PASSED] - Modify property of object successfully

28-08-2024T21:00:09 - [MESSAGE][PASSED] - Object: 'Object Repository/IWP30/Page_ACHPersonalPaymentEntry/rd_accountType' is clicked on

28-08-2024T21:00:10 - [MESSAGE][PASSED] - Text '365 Main Avenue' is set on object 'Object Repository/IWP30/Page_ACHPersonalPaymentEntry/txt_AL1'

28-08-2024T21:00:13 - [MESSAGE][PASSED] - Text '22201' is set on object 'Object Repository/IWP30/Page_ACHPersonalPaymentEntry/txt_ZIP'

28-08-2024T21:00:13 - [MESSAGE][PASSED] - Object 'Object Repository/IWP30/Page_ACHPersonalPaymentEntry/txt_Email' is present

28-08-2024T21:00:14 - [MESSAGE][PASSED] - Text 'iahmed@govolution.com' is set on object 'Object Repository/IWP30/Page_ACHPersonalPaymentEntry/txt_Email'

28-08-2024T21:00:15 - [MESSAGE][PASSED] - Object 'Object Repository/IWP30/Page_ACHPersonalPaymentEntry/cb_TermsAndCond' is present

28-08-2024T21:00:15 - [MESSAGE][PASSED] - Object: 'Object Repository/IWP30/Page_ACHPersonalPaymentEntry/cb_TermsAndCond' is clicked on

28-08-2024T21:00:15 - [MESSAGE][PASSED] - Object 'Object Repository/IWP30/Page_ACHPersonalPaymentEntry/btn_Continue' is present

28-08-2024T21:00:17 - [MESSAGE][PASSED] - Object: 'Object Repository/IWP30/Page_ACHPersonalPaymentEntry/btn_Continue' is clicked on

28-08-2024T21:00:17 - [MESSAGE][PASSED] - iwpPages.achPersonalPaymentEntryPage.setDataACHPPM is PASSED

28-08-2024T21:00:17 - [TEST_STEP][PASSED] - click(findTestObject("Object Repository/IWP30/Page_Confirmation/ConfirmButton")): Object: 'Object Repository/IWP30/Page_Confirmation/ConfirmButton' is clicked on

28-08-2024T21:00:20 - [MESSAGE][PASSED] - Object: 'Object Repository/IWP30/Page_Confirmation/ConfirmButton' is clicked on

28-08-2024T21:00:20 - [TEST_STEP][PASSED] - Thread.sleep(5000): null

28-08-2024T21:00:25 - [TEST_STEP][PASSED] - if (verifyTextPresent("Make a Real Estate Payment", false)): null

28-08-2024T21:00:25 - [MESSAGE][PASSED] - Text 'Make a Real Estate Payment' is present on page 

28-08-2024T21:00:25 - [TEST_STEP][PASSED] - isRequiredTextPresent = true: null

28-08-2024T21:00:25 - [TEST_STEP][PASSED] - println(isRequiredTextPresent): null

28-08-2024T21:00:25 - [TEST_STEP][PASSED] - if (isRequiredTextPresent): null

28-08-2024T21:00:25 - [TEST_STEP][PASSED] - if (verifyTextPresent("This transaction is subject to a Convenience Fees of $2.00.", false)): null

28-08-2024T21:00:26 - [MESSAGE][PASSED] - Text 'This transaction is subject to a Convenience Fees of $2.00.' is present on page 

28-08-2024T21:00:26 - [TEST_STEP][PASSED] - isRequiredTextPresent = true: null

28-08-2024T21:00:26 - [TEST_STEP][PASSED] - println(isRequiredTextPresent): null

28-08-2024T21:00:26 - [TEST_STEP][PASSED] - if (isRequiredTextPresent): null

28-08-2024T21:00:26 - [TEST_STEP][PASSED] - if (verifyTextPresent("Payment Amount:  $10.50", false)): null

28-08-2024T21:00:27 - [MESSAGE][PASSED] - Text 'Payment Amount:  $10.50' is present on page 

28-08-2024T21:00:27 - [TEST_STEP][PASSED] - isRequiredTextPresent = true: null

28-08-2024T21:00:27 - [TEST_STEP][PASSED] - if (isRequiredTextPresent): null

28-08-2024T21:00:27 - [TEST_STEP][PASSED] - if (verifyTextPresent("Convenience Fees:  $2.00", false)): null

28-08-2024T21:00:27 - [MESSAGE][PASSED] - Text 'Convenience Fees:  $2.00' is present on page 

28-08-2024T21:00:27 - [TEST_STEP][PASSED] - isRequiredTextPresent = true: null

28-08-2024T21:00:27 - [TEST_STEP][PASSED] - if (isRequiredTextPresent): null

28-08-2024T21:00:27 - [TEST_STEP][PASSED] - if (verifyTextPresent("Total Amount:  $12.50", false)): null

28-08-2024T21:00:27 - [MESSAGE][PASSED] - Text 'Total Amount:  $12.50' is present on page 

28-08-2024T21:00:27 - [TEST_STEP][PASSED] - isRequiredTextPresent = true: null

28-08-2024T21:00:27 - [TEST_STEP][PASSED] - if (isRequiredTextPresent): null

28-08-2024T21:00:27 - [TEST_STEP][PASSED] - if (verifyTextPresent("One transaction in the amount of $12.50 will appear on your bank statement.", false)): null

28-08-2024T21:00:27 - [MESSAGE][PASSED] - Text 'One transaction in the amount of $12.50 will appear on your bank statement.' is present on page 

28-08-2024T21:00:27 - [TEST_STEP][PASSED] - isRequiredTextPresent = true: null

28-08-2024T21:00:27 - [TEST_STEP][PASSED] - Thread.sleep(10000): null

28-08-2024T21:00:38 - [TEST_STEP][PASSED] - click(findTestObject("Object Repository/IWP30/Page_ConvenienceFees/btn_convFeeNotifyAction")): Object: 'Object Repository/IWP30/Page_ConvenienceFees/btn_convFeeNotifyAction' is clicked on

28-08-2024T21:00:40 - [MESSAGE][PASSED] - Object: 'Object Repository/IWP30/Page_ConvenienceFees/btn_convFeeNotifyAction' is clicked on

28-08-2024T21:00:40 - [TEST_STEP][PASSED] - Thread.sleep(10000): null

28-08-2024T21:00:50 - [TEST_STEP][PASSED] - if (verifyTextPresent("Successful Payment Receipt", false)): null

28-08-2024T21:00:51 - [MESSAGE][PASSED] - Text 'Successful Payment Receipt' is present on page 

28-08-2024T21:00:51 - [TEST_STEP][PASSED] - println("Successful Payment Receipt text is present on the Receipt page"): null

28-08-2024T21:00:51 - [TEST_STEP][PASSED] - markPassed("Successful Payment Receipt text is present on the Receipt page"): Successful Payment Receipt text is present on the Receipt page

28-08-2024T21:00:51 - [MESSAGE][PASSED] - Successful Payment Receipt text is present on the Receipt page

28-08-2024T21:00:51 - [TEST_STEP][PASSED] - resText = "Pass": null

28-08-2024T21:00:51 - [TEST_STEP][PASSED] - pages.WriteExcel.demoKey(resText, datText, resColumn, datCloumn, fileLoc, nameSheet, row): pages.WriteExcel.demoKey is PASSED

28-08-2024T21:00:51 - [MESSAGE][PASSED] - pages.WriteExcel.demoKey is PASSED

28-08-2024T21:00:51 - [TEST_STEP][PASSED] - closeBrowser(): Browser is closed

28-08-2024T21:00:53 - [MESSAGE][PASSED] - Browser is closed

28-08-2024T21:00:53 - [TEST_STEP][PASSED] - ExecuteTC = findTestData(dataFile).getValue("Execute", row): null

28-08-2024T21:00:53 - [TEST_STEP][PASSED] - out.println("Value of Execute is : " + ExecuteTC): null

28-08-2024T21:00:53 - [TEST_STEP][PASSED] - if (ExecuteTC.equalsIgnoreCase("Y")): null

28-08-2024T21:00:53 - [TEST_STEP][PASSED] - out.println("Begin Record Number: " + row): null

28-08-2024T21:00:53 - [TEST_STEP][PASSED] - today = new java.util.Date(): null

28-08-2024T21:00:53 - [TEST_STEP][PASSED] - println(today): null

28-08-2024T21:00:53 - [TEST_STEP][PASSED] - datText = today: null

28-08-2024T21:00:53 - [TEST_STEP][PASSED] - EmulatorDataKey = findTestData(dataFile).getValue("EmulatorData", row): null

28-08-2024T21:00:53 - [TEST_STEP][PASSED] - out.println("Value of Emulator Key is : " + EmulatorDataKey): null

28-08-2024T21:00:53 - [TEST_STEP][PASSED] - iwpPages.emulatorIWP30.setDataEmulator_DD(EmulatorDataKey): iwpPages.emulatorIWP30.setDataEmulator_DD is PASSED

28-08-2024T21:00:54 - [MESSAGE][INFO] - Starting 'Edge Chromium' driver

28-08-2024T21:00:54 - [MESSAGE][INFO] - User set preference: ['acceptInsecureCerts', 'true']

28-08-2024T21:00:56 - [MESSAGE][INFO] - Action delay is set to 0 milliseconds

28-08-2024T21:01:01 - [MESSAGE][PASSED] - Browser is opened with url: 'https://qa2.velocitypayment.com/agency/config.do?action=editor&message_version=2_5'

28-08-2024T21:01:01 - [MESSAGE][PASSED] - Current window maximized

28-08-2024T21:01:02 - [MESSAGE][PASSED] - All options with value '2.5' are selected in object 'Object Repository/IWP30/Page_VRelay30Emulator/MV'  using regular expression

28-08-2024T21:01:03 - [MESSAGE][PASSED] - Text '10.50' is set on object 'Object Repository/IWP30/Page_VRelay30Emulator/Amount'

28-08-2024T21:01:03 - [MESSAGE][PASSED] - Text '26413255' is set on object 'Object Repository/IWP30/Page_VRelay30Emulator/CAN'

28-08-2024T21:01:05 - [MESSAGE][PASSED] - Text 'PayNow' is set on object 'Object Repository/IWP30/Page_VRelay30Emulator/Action'

28-08-2024T21:01:06 - [MESSAGE][PASSED] - Text 'en_US' is set on object 'Object Repository/IWP30/Page_VRelay30Emulator/Lang'

28-08-2024T21:01:07 - [MESSAGE][PASSED] - Text 'Jasmine' is set on object 'Object Repository/IWP30/Page_VRelay30Emulator/Fname'

28-08-2024T21:01:08 - [MESSAGE][PASSED] - Text 'Patrinol' is set on object 'Object Repository/IWP30/Page_VRelay30Emulator/Lname'

28-08-2024T21:01:08 - [MESSAGE][PASSED] - Text '258 Underwood rd' is set on object 'Object Repository/IWP30/Page_VRelay30Emulator/AL1'

28-08-2024T21:01:09 - [MESSAGE][PASSED] - Text 'Suite 600' is set on object 'Object Repository/IWP30/Page_VRelay30Emulator/AL2'

28-08-2024T21:01:10 - [MESSAGE][PASSED] - Text '840' is set on object 'Object Repository/IWP30/Page_VRelay30Emulator/Country'

28-08-2024T21:01:10 - [MESSAGE][PASSED] - Text 'Arlington' is set on object 'Object Repository/IWP30/Page_VRelay30Emulator/City'

28-08-2024T21:01:12 - [MESSAGE][PASSED] - Text 'VA' is set on object 'Object Repository/IWP30/Page_VRelay30Emulator/State'

28-08-2024T21:01:13 - [MESSAGE][PASSED] - Text '22201' is set on object 'Object Repository/IWP30/Page_VRelay30Emulator/ZIP'

28-08-2024T21:01:14 - [MESSAGE][PASSED] - Text '' is set on object 'Object Repository/IWP30/Page_VRelay30Emulator/Order'

28-08-2024T21:01:14 - [MESSAGE][PASSED] - Text 'Some Company' is set on object 'Object Repository/IWP30/Page_VRelay30Emulator/Company'

28-08-2024T21:01:15 - [MESSAGE][PASSED] - Text 'iahmed@govolution.com' is set on object 'Object Repository/IWP30/Page_VRelay30Emulator/Email'

28-08-2024T21:01:16 - [MESSAGE][PASSED] - Text 'udf data 1' is set on object 'Object Repository/IWP30/Page_VRelay30Emulator/UDF1'

28-08-2024T21:01:16 - [MESSAGE][PASSED] - Text 'udf data 2' is set on object 'Object Repository/IWP30/Page_VRelay30Emulator/UDF2'

28-08-2024T21:01:17 - [MESSAGE][PASSED] - Text 'udf data 3' is set on object 'Object Repository/IWP30/Page_VRelay30Emulator/UDF3'

28-08-2024T21:01:20 - [MESSAGE][PASSED] - Text 'udf data 4' is set on object 'Object Repository/IWP30/Page_VRelay30Emulator/UDF4'

28-08-2024T21:01:20 - [MESSAGE][PASSED] - Text 'udf data 5' is set on object 'Object Repository/IWP30/Page_VRelay30Emulator/UDF5'

28-08-2024T21:01:21 - [MESSAGE][PASSED] - Text 'udf data 6' is set on object 'Object Repository/IWP30/Page_VRelay30Emulator/UDF6'

28-08-2024T21:01:21 - [MESSAGE][PASSED] - Text 'Orange' is set on object 'Object Repository/IWP30/Page_VRelay30Emulator/UDF7'

28-08-2024T21:01:22 - [MESSAGE][PASSED] - Text 'Soccer' is set on object 'Object Repository/IWP30/Page_VRelay30Emulator/UDF8'

28-08-2024T21:01:23 - [MESSAGE][PASSED] - Text 'udf data 9' is set on object 'Object Repository/IWP30/Page_VRelay30Emulator/UDF9'

28-08-2024T21:01:23 - [MESSAGE][PASSED] - Text 'udf data 10' is set on object 'Object Repository/IWP30/Page_VRelay30Emulator/UDF10'

28-08-2024T21:01:25 - [MESSAGE][PASSED] - Object: 'Object Repository/IWP30/Page_VRelay30Emulator/Submit' is clicked on

28-08-2024T21:01:30 - [MESSAGE][PASSED] - Browser is closed

28-08-2024T21:01:34 - [MESSAGE][PASSED] - iwpPages.emulatorIWP30.setDataEmulator_DD is PASSED

28-08-2024T21:01:34 - [TEST_STEP][PASSED] - testHarnessURL = urlTestHarness: null

28-08-2024T21:01:34 - [TEST_STEP][PASSED] - openBrowser(testHarnessURL): Browser is opened with url: 'https://dev-algorithm.govolution.com/vrelaytest/QA2/version_2_2/vrelaytest.html'

28-08-2024T21:01:34 - [MESSAGE][INFO] - Starting 'Edge Chromium' driver

28-08-2024T21:01:34 - [MESSAGE][INFO] - User set preference: ['acceptInsecureCerts', 'true']

28-08-2024T21:01:37 - [MESSAGE][INFO] - Action delay is set to 0 milliseconds

28-08-2024T21:01:43 - [MESSAGE][PASSED] - Browser is opened with url: 'https://dev-algorithm.govolution.com/vrelaytest/QA2/version_2_2/vrelaytest.html'

28-08-2024T21:01:43 - [TEST_STEP][PASSED] - maximizeWindow(): Current window maximized

28-08-2024T21:01:43 - [MESSAGE][PASSED] - Current window maximized

28-08-2024T21:01:43 - [TEST_STEP][PASSED] - iwpPages.TestHarnessPage.setDataMethod(row, dataFile): iwpPages.TestHarnessPage.setDataMethod is PASSED

28-08-2024T21:01:43 - [MESSAGE][PASSED] - Object 'Object Repository/IWP30/Page_QATestHarness/RemittanceID' is present

28-08-2024T21:01:44 - [MESSAGE][PASSED] - Text '639' is set on object 'Object Repository/IWP30/Page_QATestHarness/ApplicationID'

28-08-2024T21:01:44 - [MESSAGE][PASSED] - Text '2.5' is set on object 'Object Repository/IWP30/Page_QATestHarness/MessageVersion'

28-08-2024T21:01:45 - [MESSAGE][PASSED] - Text '21PTWJnLouMF' is set on object 'Object Repository/IWP30/Page_QATestHarness/RemittanceID'

28-08-2024T21:01:49 - [MESSAGE][PASSED] - Object: 'Object Repository/IWP30/Page_QATestHarness/SubmitButton' is clicked on

28-08-2024T21:01:49 - [MESSAGE][PASSED] - iwpPages.TestHarnessPage.setDataMethod is PASSED

28-08-2024T21:01:49 - [TEST_STEP][PASSED] - click(findTestObject("Object Repository/IWP30/Page_SelectPaymentMethod/PayByPersonalCheck")): Object: 'Object Repository/IWP30/Page_SelectPaymentMethod/PayByPersonalCheck' is clicked on

28-08-2024T21:01:50 - [MESSAGE][PASSED] - Object: 'Object Repository/IWP30/Page_SelectPaymentMethod/PayByPersonalCheck' is clicked on

28-08-2024T21:01:50 - [TEST_STEP][PASSED] - click(findTestObject("Object Repository/IWP30/Page_SelectPaymentMethod/MakePaymentButton")): Object: 'Object Repository/IWP30/Page_SelectPaymentMethod/MakePaymentButton' is clicked on

28-08-2024T21:01:53 - [MESSAGE][PASSED] - Object: 'Object Repository/IWP30/Page_SelectPaymentMethod/MakePaymentButton' is clicked on

28-08-2024T21:01:53 - [TEST_STEP][PASSED] - iwpPages.achPersonalPaymentEntryPage.setDataACHPPM(row, dataFile): iwpPages.achPersonalPaymentEntryPage.setDataACHPPM is PASSED

28-08-2024T21:01:56 - [MESSAGE][PASSED] - Object 'Object Repository/IWP30/Page_ACHPersonalPaymentEntry/txt_accountNumber' is present

28-08-2024T21:01:56 - [MESSAGE][PASSED] - Object 'Object Repository/IWP30/Page_ACHPersonalPaymentEntry/txt_UDF2' is present

28-08-2024T21:01:57 - [MESSAGE][PASSED] - All options with label 'Soccer' are selected in object 'Object Repository/IWP30/Page_ACHPersonalPaymentEntry/dd_UDF8' 

28-08-2024T21:01:57 - [MESSAGE][PASSED] - Object 'Object Repository/IWP30/Page_ACHPersonalPaymentEntry/txt_Firstname' is present

28-08-2024T21:01:58 - [MESSAGE][PASSED] - Text 'Elizath' is set on object 'Object Repository/IWP30/Page_ACHPersonalPaymentEntry/txt_Firstname'

28-08-2024T21:01:58 - [MESSAGE][PASSED] - Object 'Object Repository/IWP30/Page_ACHPersonalPaymentEntry/txt_Lastname' is present

28-08-2024T21:01:58 - [MESSAGE][PASSED] - Text 'Christine' is set on object 'Object Repository/IWP30/Page_ACHPersonalPaymentEntry/txt_Lastname'

28-08-2024T21:01:59 - [MESSAGE][PASSED] - Object 'Object Repository/IWP30/Page_ACHPersonalPaymentEntry/txt_routingNumber' is present

28-08-2024T21:01:59 - [MESSAGE][PASSED] - Text '256072691' is set on object 'Object Repository/IWP30/Page_ACHPersonalPaymentEntry/txt_routingNumber'

28-08-2024T21:02:00 - [MESSAGE][PASSED] - Object 'Object Repository/IWP30/Page_ACHPersonalPaymentEntry/txt_accountNumber' is present

28-08-2024T21:02:02 - [MESSAGE][PASSED] - Text '12344444' is set on object 'Object Repository/IWP30/Page_ACHPersonalPaymentEntry/txt_accountNumber'

28-08-2024T21:02:03 - [MESSAGE][PASSED] - Object 'Object Repository/IWP30/Page_ACHPersonalPaymentEntry/txt_confirmAccountNumber' is present

28-08-2024T21:02:03 - [MESSAGE][PASSED] - Text '12344444' is set on object 'Object Repository/IWP30/Page_ACHPersonalPaymentEntry/txt_confirmAccountNumber'

28-08-2024T21:02:04 - [MESSAGE][PASSED] - Object 'Object Repository/IWP30/Page_ACHPersonalPaymentEntry/rd_accountType' is present

28-08-2024T21:02:04 - [MESSAGE][PASSED] - Modify property of object successfully

28-08-2024T21:02:04 - [MESSAGE][PASSED] - Object: 'Object Repository/IWP30/Page_ACHPersonalPaymentEntry/rd_accountType' is clicked on

28-08-2024T21:02:04 - [MESSAGE][PASSED] - Object 'Object Repository/IWP30/Page_ACHPersonalPaymentEntry/txt_Email' is present

28-08-2024T21:02:05 - [MESSAGE][PASSED] - Object 'Object Repository/IWP30/Page_ACHPersonalPaymentEntry/cb_TermsAndCond' is present

28-08-2024T21:02:05 - [MESSAGE][PASSED] - Object: 'Object Repository/IWP30/Page_ACHPersonalPaymentEntry/cb_TermsAndCond' is clicked on

28-08-2024T21:02:05 - [MESSAGE][PASSED] - Object 'Object Repository/IWP30/Page_ACHPersonalPaymentEntry/btn_Continue' is present

28-08-2024T21:02:08 - [MESSAGE][PASSED] - Object: 'Object Repository/IWP30/Page_ACHPersonalPaymentEntry/btn_Continue' is clicked on

28-08-2024T21:02:08 - [MESSAGE][PASSED] - iwpPages.achPersonalPaymentEntryPage.setDataACHPPM is PASSED

28-08-2024T21:02:08 - [TEST_STEP][PASSED] - click(findTestObject("Object Repository/IWP30/Page_Confirmation/ConfirmButton")): Object: 'Object Repository/IWP30/Page_Confirmation/ConfirmButton' is clicked on

28-08-2024T21:02:11 - [MESSAGE][PASSED] - Object: 'Object Repository/IWP30/Page_Confirmation/ConfirmButton' is clicked on

28-08-2024T21:02:11 - [TEST_STEP][PASSED] - Thread.sleep(5000): null

28-08-2024T21:02:16 - [TEST_STEP][PASSED] - if (verifyTextPresent("Make a Real Estate Payment", false)): null

28-08-2024T21:02:16 - [MESSAGE][PASSED] - Text 'Make a Real Estate Payment' is present on page 

28-08-2024T21:02:16 - [TEST_STEP][PASSED] - isRequiredTextPresent = true: null

28-08-2024T21:02:16 - [TEST_STEP][PASSED] - println(isRequiredTextPresent): null

28-08-2024T21:02:16 - [TEST_STEP][PASSED] - if (isRequiredTextPresent): null

28-08-2024T21:02:16 - [TEST_STEP][PASSED] - if (verifyTextPresent("This transaction is subject to a Convenience Fees of $2.00.", false)): null

28-08-2024T21:02:16 - [MESSAGE][PASSED] - Text 'This transaction is subject to a Convenience Fees of $2.00.' is present on page 

28-08-2024T21:02:16 - [TEST_STEP][PASSED] - isRequiredTextPresent = true: null

28-08-2024T21:02:16 - [TEST_STEP][PASSED] - println(isRequiredTextPresent): null

28-08-2024T21:02:16 - [TEST_STEP][PASSED] - if (isRequiredTextPresent): null

28-08-2024T21:02:16 - [TEST_STEP][PASSED] - if (verifyTextPresent("Payment Amount:  $10.50", false)): null

28-08-2024T21:02:17 - [MESSAGE][PASSED] - Text 'Payment Amount:  $10.50' is present on page 

28-08-2024T21:02:17 - [TEST_STEP][PASSED] - isRequiredTextPresent = true: null

28-08-2024T21:02:17 - [TEST_STEP][PASSED] - if (isRequiredTextPresent): null

28-08-2024T21:02:17 - [TEST_STEP][PASSED] - if (verifyTextPresent("Convenience Fees:  $2.00", false)): null

28-08-2024T21:02:17 - [MESSAGE][PASSED] - Text 'Convenience Fees:  $2.00' is present on page 

28-08-2024T21:02:17 - [TEST_STEP][PASSED] - isRequiredTextPresent = true: null

28-08-2024T21:02:17 - [TEST_STEP][PASSED] - if (isRequiredTextPresent): null

28-08-2024T21:02:17 - [TEST_STEP][PASSED] - if (verifyTextPresent("Total Amount:  $12.50", false)): null

28-08-2024T21:02:17 - [MESSAGE][PASSED] - Text 'Total Amount:  $12.50' is present on page 

28-08-2024T21:02:17 - [TEST_STEP][PASSED] - isRequiredTextPresent = true: null

28-08-2024T21:02:17 - [TEST_STEP][PASSED] - if (isRequiredTextPresent): null

28-08-2024T21:02:17 - [TEST_STEP][PASSED] - if (verifyTextPresent("One transaction in the amount of $12.50 will appear on your bank statement.", false)): null

28-08-2024T21:02:17 - [MESSAGE][PASSED] - Text 'One transaction in the amount of $12.50 will appear on your bank statement.' is present on page 

28-08-2024T21:02:17 - [TEST_STEP][PASSED] - isRequiredTextPresent = true: null

28-08-2024T21:02:17 - [TEST_STEP][PASSED] - Thread.sleep(10000): null

28-08-2024T21:02:27 - [TEST_STEP][PASSED] - click(findTestObject("Object Repository/IWP30/Page_ConvenienceFees/btn_convFeeNotifyAction")): Object: 'Object Repository/IWP30/Page_ConvenienceFees/btn_convFeeNotifyAction' is clicked on

28-08-2024T21:02:30 - [MESSAGE][PASSED] - Object: 'Object Repository/IWP30/Page_ConvenienceFees/btn_convFeeNotifyAction' is clicked on

28-08-2024T21:02:30 - [TEST_STEP][PASSED] - Thread.sleep(10000): null

28-08-2024T21:02:41 - [TEST_STEP][PASSED] - if (verifyTextPresent("Successful Payment Receipt", false)): null

28-08-2024T21:02:41 - [MESSAGE][PASSED] - Text 'Successful Payment Receipt' is present on page 

28-08-2024T21:02:41 - [TEST_STEP][PASSED] - println("Successful Payment Receipt text is present on the Receipt page"): null

28-08-2024T21:02:41 - [TEST_STEP][PASSED] - markPassed("Successful Payment Receipt text is present on the Receipt page"): Successful Payment Receipt text is present on the Receipt page

28-08-2024T21:02:41 - [MESSAGE][PASSED] - Successful Payment Receipt text is present on the Receipt page

28-08-2024T21:02:41 - [TEST_STEP][PASSED] - resText = "Pass": null

28-08-2024T21:02:41 - [TEST_STEP][PASSED] - pages.WriteExcel.demoKey(resText, datText, resColumn, datCloumn, fileLoc, nameSheet, row): pages.WriteExcel.demoKey is PASSED

28-08-2024T21:02:41 - [MESSAGE][PASSED] - pages.WriteExcel.demoKey is PASSED

28-08-2024T21:02:41 - [TEST_STEP][PASSED] - closeBrowser(): Browser is closed

28-08-2024T21:02:43 - [MESSAGE][PASSED] - Browser is closed]]></system-out>
         <system-err><![CDATA[]]></system-err>
      </testcase>
      <testcase name="Test Cases/IntegratedWeb/IWP25/Payments/PayNowSuccesfulPaymentCC" time="529.824" classname="Test Cases/IntegratedWeb/IWP25/Payments/PayNowSuccesfulPaymentCC" status="FAILED">
         <failure type="FAILED" message="Test Cases/IntegratedWeb/IWP25/Payments/PayNowSuccesfulPaymentCC FAILED.&#xa;Reason:&#xa;com.kms.katalon.core.exception.StepFailedException: Text 'Successful Payment Receipt' is not present on page  (Root cause: com.kms.katalon.core.exception.StepFailedException: Text 'Successful Payment Receipt' is not present on page &#xa;	at com.kms.katalon.core.webui.keyword.internal.WebUIKeywordMain.stepFailed(WebUIKeywordMain.groovy:64)&#xa;	at com.kms.katalon.core.webui.keyword.builtin.VerifyTextPresentKeyword$_verifyTextPresent_closure1.doCall(VerifyTextPresentKeyword.groovy:79)&#xa;	at com.kms.katalon.core.webui.keyword.builtin.VerifyTextPresentKeyword$_verifyTextPresent_closure1.call(VerifyTextPresentKeyword.groovy)&#xa;	at com.kms.katalon.core.webui.keyword.internal.WebUIKeywordMain.runKeyword(WebUIKeywordMain.groovy:20)&#xa;	at com.kms.katalon.core.webui.keyword.builtin.VerifyTextPresentKeyword.verifyTextPresent(VerifyTextPresentKeyword.groovy:83)&#xa;	at com.kms.katalon.core.webui.keyword.builtin.VerifyTextPresentKeyword.execute(VerifyTextPresentKeyword.groovy:68)&#xa;	at com.kms.katalon.core.keyword.internal.KeywordExecutor.executeKeywordForPlatform(KeywordExecutor.groovy:74)&#xa;	at com.kms.katalon.core.webui.keyword.WebUiBuiltInKeywords.verifyTextPresent(WebUiBuiltInKeywords.groovy:1762)&#xa;	at PayNowSuccesfulPaymentCC.run(PayNowSuccesfulPaymentCC:94)&#xa;	at com.kms.katalon.core.main.ScriptEngine.run(ScriptEngine.java:194)&#xa;	at com.kms.katalon.core.main.ScriptEngine.runScriptAsRawText(ScriptEngine.java:119)&#xa;	at com.kms.katalon.core.main.TestCaseExecutor.runScript(TestCaseExecutor.java:448)&#xa;	at com.kms.katalon.core.main.TestCaseExecutor.doExecute(TestCaseExecutor.java:439)&#xa;	at com.kms.katalon.core.main.TestCaseExecutor.processExecutionPhase(TestCaseExecutor.java:418)&#xa;	at com.kms.katalon.core.main.TestCaseExecutor.accessMainPhase(TestCaseExecutor.java:410)&#xa;	at com.kms.katalon.core.main.TestCaseExecutor.execute(TestCaseExecutor.java:285)&#xa;	at com.kms.katalon.core.common.CommonExecutor.accessTestCaseMainPhase(CommonExecutor.java:65)&#xa;	at com.kms.katalon.core.main.TestSuiteExecutor.accessTestSuiteMainPhase(TestSuiteExecutor.java:150)&#xa;	at com.kms.katalon.core.main.TestSuiteExecutor.execute(TestSuiteExecutor.java:106)&#xa;	at com.kms.katalon.core.main.TestCaseMain.startTestSuite(TestCaseMain.java:180)&#xa;	at TempTestSuite1724852187713.run(TempTestSuite1724852187713.groovy:35)&#xa;	at java.base/jdk.internal.reflect.NativeMethodAccessorImpl.invoke0(Native Method)&#xa;	at java.base/jdk.internal.reflect.NativeMethodAccessorImpl.invoke(NativeMethodAccessorImpl.java:77)&#xa;	at java.base/jdk.internal.reflect.DelegatingMethodAccessorImpl.invoke(DelegatingMethodAccessorImpl.java:43)&#xa;)&#xa;	at com.kms.katalon.core.keyword.internal.KeywordMain.stepFailed(KeywordMain.groovy:39)&#xa;	at com.kms.katalon.core.webui.keyword.internal.WebUIKeywordMain.stepFailed(WebUIKeywordMain.groovy:64)&#xa;	at com.kms.katalon.core.webui.keyword.builtin.VerifyTextPresentKeyword$_verifyTextPresent_closure1.doCall(VerifyTextPresentKeyword.groovy:79)&#xa;	at com.kms.katalon.core.webui.keyword.builtin.VerifyTextPresentKeyword$_verifyTextPresent_closure1.call(VerifyTextPresentKeyword.groovy)&#xa;	at com.kms.katalon.core.webui.keyword.internal.WebUIKeywordMain.runKeyword(WebUIKeywordMain.groovy:20)&#xa;	at com.kms.katalon.core.webui.keyword.builtin.VerifyTextPresentKeyword.verifyTextPresent(VerifyTextPresentKeyword.groovy:83)&#xa;	at com.kms.katalon.core.webui.keyword.builtin.VerifyTextPresentKeyword.execute(VerifyTextPresentKeyword.groovy:68)&#xa;	at com.kms.katalon.core.keyword.internal.KeywordExecutor.executeKeywordForPlatform(KeywordExecutor.groovy:74)&#xa;	at com.kms.katalon.core.webui.keyword.WebUiBuiltInKeywords.verifyTextPresent(WebUiBuiltInKeywords.groovy:1762)&#xa;	at PayNowSuccesfulPaymentCC.run(PayNowSuccesfulPaymentCC:94)&#xa;	at com.kms.katalon.core.main.ScriptEngine.run(ScriptEngine.java:194)&#xa;	at com.kms.katalon.core.main.ScriptEngine.runScriptAsRawText(ScriptEngine.java:119)&#xa;	at com.kms.katalon.core.main.TestCaseExecutor.runScript(TestCaseExecutor.java:448)&#xa;	at com.kms.katalon.core.main.TestCaseExecutor.doExecute(TestCaseExecutor.java:439)&#xa;	at com.kms.katalon.core.main.TestCaseExecutor.processExecutionPhase(TestCaseExecutor.java:418)&#xa;	at com.kms.katalon.core.main.TestCaseExecutor.accessMainPhase(TestCaseExecutor.java:410)&#xa;	at com.kms.katalon.core.main.TestCaseExecutor.execute(TestCaseExecutor.java:285)&#xa;	at com.kms.katalon.core.common.CommonExecutor.accessTestCaseMainPhase(CommonExecutor.java:65)&#xa;	at com.kms.katalon.core.main.TestSuiteExecutor.accessTestSuiteMainPhase(TestSuiteExecutor.java:150)&#xa;	at com.kms.katalon.core.main.TestSuiteExecutor.execute(TestSuiteExecutor.java:106)&#xa;	at com.kms.katalon.core.main.TestCaseMain.startTestSuite(TestCaseMain.java:180)&#xa;	at TempTestSuite1724852187713.run(TempTestSuite1724852187713.groovy:35)&#xa;	at java.base/jdk.internal.reflect.NativeMethodAccessorImpl.invoke0(Native Method)&#xa;	at java.base/jdk.internal.reflect.NativeMethodAccessorImpl.invoke(NativeMethodAccessorImpl.java:77)&#xa;	at java.base/jdk.internal.reflect.DelegatingMethodAccessorImpl.invoke(DelegatingMethodAccessorImpl.java:43)&#xa;Caused by: com.kms.katalon.core.exception.StepFailedException: Text 'Successful Payment Receipt' is not present on page &#xa;	... 24 more&#xa;"/>
         <system-out><![CDATA[28-08-2024T21:02:43 - [TEST_CASE][FAILED] - Test Cases/IntegratedWeb/IWP25/Payments/PayNowSuccesfulPaymentCC: Test Cases/IntegratedWeb/IWP25/Payments/PayNowSuccesfulPaymentCC FAILED.
Reason:
com.kms.katalon.core.exception.StepFailedException: Text 'Successful Payment Receipt' is not present on page  (Root cause: com.kms.katalon.core.exception.StepFailedException: Text 'Successful Payment Receipt' is not present on page 
	at com.kms.katalon.core.webui.keyword.internal.WebUIKeywordMain.stepFailed(WebUIKeywordMain.groovy:64)
	at com.kms.katalon.core.webui.keyword.builtin.VerifyTextPresentKeyword$_verifyTextPresent_closure1.doCall(VerifyTextPresentKeyword.groovy:79)
	at com.kms.katalon.core.webui.keyword.builtin.VerifyTextPresentKeyword$_verifyTextPresent_closure1.call(VerifyTextPresentKeyword.groovy)
	at com.kms.katalon.core.webui.keyword.internal.WebUIKeywordMain.runKeyword(WebUIKeywordMain.groovy:20)
	at com.kms.katalon.core.webui.keyword.builtin.VerifyTextPresentKeyword.verifyTextPresent(VerifyTextPresentKeyword.groovy:83)
	at com.kms.katalon.core.webui.keyword.builtin.VerifyTextPresentKeyword.execute(VerifyTextPresentKeyword.groovy:68)
	at com.kms.katalon.core.keyword.internal.KeywordExecutor.executeKeywordForPlatform(KeywordExecutor.groovy:74)
	at com.kms.katalon.core.webui.keyword.WebUiBuiltInKeywords.verifyTextPresent(WebUiBuiltInKeywords.groovy:1762)
	at PayNowSuccesfulPaymentCC.run(PayNowSuccesfulPaymentCC:94)
	at com.kms.katalon.core.main.ScriptEngine.run(ScriptEngine.java:194)
	at com.kms.katalon.core.main.ScriptEngine.runScriptAsRawText(ScriptEngine.java:119)
	at com.kms.katalon.core.main.TestCaseExecutor.runScript(TestCaseExecutor.java:448)
	at com.kms.katalon.core.main.TestCaseExecutor.doExecute(TestCaseExecutor.java:439)
	at com.kms.katalon.core.main.TestCaseExecutor.processExecutionPhase(TestCaseExecutor.java:418)
	at com.kms.katalon.core.main.TestCaseExecutor.accessMainPhase(TestCaseExecutor.java:410)
	at com.kms.katalon.core.main.TestCaseExecutor.execute(TestCaseExecutor.java:285)
	at com.kms.katalon.core.common.CommonExecutor.accessTestCaseMainPhase(CommonExecutor.java:65)
	at com.kms.katalon.core.main.TestSuiteExecutor.accessTestSuiteMainPhase(TestSuiteExecutor.java:150)
	at com.kms.katalon.core.main.TestSuiteExecutor.execute(TestSuiteExecutor.java:106)
	at com.kms.katalon.core.main.TestCaseMain.startTestSuite(TestCaseMain.java:180)
	at TempTestSuite1724852187713.run(TempTestSuite1724852187713.groovy:35)
	at java.base/jdk.internal.reflect.NativeMethodAccessorImpl.invoke0(Native Method)
	at java.base/jdk.internal.reflect.NativeMethodAccessorImpl.invoke(NativeMethodAccessorImpl.java:77)
	at java.base/jdk.internal.reflect.DelegatingMethodAccessorImpl.invoke(DelegatingMethodAccessorImpl.java:43)
)
	at com.kms.katalon.core.keyword.internal.KeywordMain.stepFailed(KeywordMain.groovy:39)
	at com.kms.katalon.core.webui.keyword.internal.WebUIKeywordMain.stepFailed(WebUIKeywordMain.groovy:64)
	at com.kms.katalon.core.webui.keyword.builtin.VerifyTextPresentKeyword$_verifyTextPresent_closure1.doCall(VerifyTextPresentKeyword.groovy:79)
	at com.kms.katalon.core.webui.keyword.builtin.VerifyTextPresentKeyword$_verifyTextPresent_closure1.call(VerifyTextPresentKeyword.groovy)
	at com.kms.katalon.core.webui.keyword.internal.WebUIKeywordMain.runKeyword(WebUIKeywordMain.groovy:20)
	at com.kms.katalon.core.webui.keyword.builtin.VerifyTextPresentKeyword.verifyTextPresent(VerifyTextPresentKeyword.groovy:83)
	at com.kms.katalon.core.webui.keyword.builtin.VerifyTextPresentKeyword.execute(VerifyTextPresentKeyword.groovy:68)
	at com.kms.katalon.core.keyword.internal.KeywordExecutor.executeKeywordForPlatform(KeywordExecutor.groovy:74)
	at com.kms.katalon.core.webui.keyword.WebUiBuiltInKeywords.verifyTextPresent(WebUiBuiltInKeywords.groovy:1762)
	at PayNowSuccesfulPaymentCC.run(PayNowSuccesfulPaymentCC:94)
	at com.kms.katalon.core.main.ScriptEngine.run(ScriptEngine.java:194)
	at com.kms.katalon.core.main.ScriptEngine.runScriptAsRawText(ScriptEngine.java:119)
	at com.kms.katalon.core.main.TestCaseExecutor.runScript(TestCaseExecutor.java:448)
	at com.kms.katalon.core.main.TestCaseExecutor.doExecute(TestCaseExecutor.java:439)
	at com.kms.katalon.core.main.TestCaseExecutor.processExecutionPhase(TestCaseExecutor.java:418)
	at com.kms.katalon.core.main.TestCaseExecutor.accessMainPhase(TestCaseExecutor.java:410)
	at com.kms.katalon.core.main.TestCaseExecutor.execute(TestCaseExecutor.java:285)
	at com.kms.katalon.core.common.CommonExecutor.accessTestCaseMainPhase(CommonExecutor.java:65)
	at com.kms.katalon.core.main.TestSuiteExecutor.accessTestSuiteMainPhase(TestSuiteExecutor.java:150)
	at com.kms.katalon.core.main.TestSuiteExecutor.execute(TestSuiteExecutor.java:106)
	at com.kms.katalon.core.main.TestCaseMain.startTestSuite(TestCaseMain.java:180)
	at TempTestSuite1724852187713.run(TempTestSuite1724852187713.groovy:35)
	at java.base/jdk.internal.reflect.NativeMethodAccessorImpl.invoke0(Native Method)
	at java.base/jdk.internal.reflect.NativeMethodAccessorImpl.invoke(NativeMethodAccessorImpl.java:77)
	at java.base/jdk.internal.reflect.DelegatingMethodAccessorImpl.invoke(DelegatingMethodAccessorImpl.java:43)
Caused by: com.kms.katalon.core.exception.StepFailedException: Text 'Successful Payment Receipt' is not present on page 
	... 24 more


28-08-2024T21:02:43 - [TEST_STEP][PASSED] - resText = "Fail": null

28-08-2024T21:02:43 - [TEST_STEP][PASSED] - resColumn = "Result": null

28-08-2024T21:02:43 - [TEST_STEP][PASSED] - datCloumn = "Date": null

28-08-2024T21:02:43 - [TEST_STEP][PASSED] - fileLoc = "KatalonData/IWPTestData/VRelay25Payments.xlsx": null

28-08-2024T21:02:43 - [TEST_STEP][PASSED] - numOfRows = <not implemented yet for class: org.codehaus.groovy.ast.expr.EmptyExpression>: null

28-08-2024T21:02:43 - [TEST_STEP][PASSED] - dataFile = <not implemented yet for class: org.codehaus.groovy.ast.expr.EmptyExpression>: null

28-08-2024T21:02:43 - [TEST_STEP][PASSED] - nameSheet = <not implemented yet for class: org.codehaus.groovy.ast.expr.EmptyExpression>: null

28-08-2024T21:02:43 - [TEST_STEP][PASSED] - dataFileEmulator = <not implemented yet for class: org.codehaus.groovy.ast.expr.EmptyExpression>: null

28-08-2024T21:02:43 - [TEST_STEP][PASSED] - nameSheet = "PayNowCC": null

28-08-2024T21:02:43 - [TEST_STEP][PASSED] - dataFile = "IWPTestData/IWP25PayNowCC": null

28-08-2024T21:02:43 - [TEST_STEP][PASSED] - dataFileEmulator = "IWPTestData/EmulatorData": null

28-08-2024T21:02:43 - [TEST_STEP][PASSED] - numOfRows = findTestData(dataFile).getRowNumbers(): null

28-08-2024T21:02:43 - [TEST_STEP][PASSED] - println("Number of Records: " + numOfRows): null

28-08-2024T21:02:43 - [TEST_STEP][FAILED] - for ([row = 1, row <= numOfRows, (row++)]): null

28-08-2024T21:02:43 - [TEST_STEP][PASSED] - ExecuteTC = findTestData(dataFile).getValue("Execute", row): null

28-08-2024T21:02:43 - [TEST_STEP][PASSED] - out.println("Value of Execute is : " + ExecuteTC): null

28-08-2024T21:02:43 - [TEST_STEP][FAILED] - if (ExecuteTC.equalsIgnoreCase("Y")): null

28-08-2024T21:02:43 - [TEST_STEP][PASSED] - out.println("Begin Record Number: " + row): null

28-08-2024T21:02:43 - [TEST_STEP][PASSED] - today = new java.util.Date(): null

28-08-2024T21:02:43 - [TEST_STEP][PASSED] - println(today): null

28-08-2024T21:02:43 - [TEST_STEP][PASSED] - datText = today: null

28-08-2024T21:02:43 - [TEST_STEP][PASSED] - EmulatorDataKey = findTestData(dataFile).getValue("EmulatorData", row): null

28-08-2024T21:02:43 - [TEST_STEP][PASSED] - out.println("Value of Emulator Key is : " + EmulatorDataKey): null

28-08-2024T21:02:43 - [TEST_STEP][PASSED] - iwpPages.emulatorIWP30.setDataEmulator_DD(EmulatorDataKey): iwpPages.emulatorIWP30.setDataEmulator_DD is PASSED

28-08-2024T21:02:43 - [MESSAGE][INFO] - Starting 'Edge Chromium' driver

28-08-2024T21:02:43 - [MESSAGE][INFO] - User set preference: ['acceptInsecureCerts', 'true']

28-08-2024T21:02:46 - [MESSAGE][INFO] - Action delay is set to 0 milliseconds

28-08-2024T21:02:52 - [MESSAGE][PASSED] - Browser is opened with url: 'https://qa2.velocitypayment.com/agency/config.do?action=editor&message_version=2_5'

28-08-2024T21:02:52 - [MESSAGE][PASSED] - Current window maximized

28-08-2024T21:02:53 - [MESSAGE][PASSED] - All options with value '2.5' are selected in object 'Object Repository/IWP30/Page_VRelay30Emulator/MV'  using regular expression

28-08-2024T21:02:53 - [MESSAGE][PASSED] - Text '10.50' is set on object 'Object Repository/IWP30/Page_VRelay30Emulator/Amount'

28-08-2024T21:02:54 - [MESSAGE][PASSED] - Text '26413255' is set on object 'Object Repository/IWP30/Page_VRelay30Emulator/CAN'

28-08-2024T21:02:55 - [MESSAGE][PASSED] - Text 'PayNow' is set on object 'Object Repository/IWP30/Page_VRelay30Emulator/Action'

28-08-2024T21:02:55 - [MESSAGE][PASSED] - Text 'en_US' is set on object 'Object Repository/IWP30/Page_VRelay30Emulator/Lang'

28-08-2024T21:02:57 - [MESSAGE][PASSED] - Text 'Jasmine' is set on object 'Object Repository/IWP30/Page_VRelay30Emulator/Fname'

28-08-2024T21:02:59 - [MESSAGE][PASSED] - Text 'Patrinol' is set on object 'Object Repository/IWP30/Page_VRelay30Emulator/Lname'

28-08-2024T21:03:00 - [MESSAGE][PASSED] - Text '258 Underwood rd' is set on object 'Object Repository/IWP30/Page_VRelay30Emulator/AL1'

28-08-2024T21:03:01 - [MESSAGE][PASSED] - Text 'Suite 600' is set on object 'Object Repository/IWP30/Page_VRelay30Emulator/AL2'

28-08-2024T21:03:01 - [MESSAGE][PASSED] - Text '840' is set on object 'Object Repository/IWP30/Page_VRelay30Emulator/Country'

28-08-2024T21:03:02 - [MESSAGE][PASSED] - Text 'Arlington' is set on object 'Object Repository/IWP30/Page_VRelay30Emulator/City'

28-08-2024T21:03:02 - [MESSAGE][PASSED] - Text 'VA' is set on object 'Object Repository/IWP30/Page_VRelay30Emulator/State'

28-08-2024T21:03:04 - [MESSAGE][PASSED] - Text '22201' is set on object 'Object Repository/IWP30/Page_VRelay30Emulator/ZIP'

28-08-2024T21:03:05 - [MESSAGE][PASSED] - Text '' is set on object 'Object Repository/IWP30/Page_VRelay30Emulator/Order'

28-08-2024T21:03:06 - [MESSAGE][PASSED] - Text 'Some Company' is set on object 'Object Repository/IWP30/Page_VRelay30Emulator/Company'

28-08-2024T21:03:07 - [MESSAGE][PASSED] - Text 'iahmed@govolution.com' is set on object 'Object Repository/IWP30/Page_VRelay30Emulator/Email'

28-08-2024T21:03:07 - [MESSAGE][PASSED] - Text 'udf data 1' is set on object 'Object Repository/IWP30/Page_VRelay30Emulator/UDF1'

28-08-2024T21:03:08 - [MESSAGE][PASSED] - Text 'udf data 2' is set on object 'Object Repository/IWP30/Page_VRelay30Emulator/UDF2'

28-08-2024T21:03:08 - [MESSAGE][PASSED] - Text 'udf data 3' is set on object 'Object Repository/IWP30/Page_VRelay30Emulator/UDF3'

28-08-2024T21:03:09 - [MESSAGE][PASSED] - Text 'udf data 4' is set on object 'Object Repository/IWP30/Page_VRelay30Emulator/UDF4'

28-08-2024T21:03:11 - [MESSAGE][PASSED] - Text 'udf data 5' is set on object 'Object Repository/IWP30/Page_VRelay30Emulator/UDF5'

28-08-2024T21:03:12 - [MESSAGE][PASSED] - Text 'udf data 6' is set on object 'Object Repository/IWP30/Page_VRelay30Emulator/UDF6'

28-08-2024T21:03:13 - [MESSAGE][PASSED] - Text 'Orange' is set on object 'Object Repository/IWP30/Page_VRelay30Emulator/UDF7'

28-08-2024T21:03:13 - [MESSAGE][PASSED] - Text 'Soccer' is set on object 'Object Repository/IWP30/Page_VRelay30Emulator/UDF8'

28-08-2024T21:03:14 - [MESSAGE][PASSED] - Text 'udf data 9' is set on object 'Object Repository/IWP30/Page_VRelay30Emulator/UDF9'

28-08-2024T21:03:14 - [MESSAGE][PASSED] - Text 'udf data 10' is set on object 'Object Repository/IWP30/Page_VRelay30Emulator/UDF10'

28-08-2024T21:03:16 - [MESSAGE][PASSED] - Object: 'Object Repository/IWP30/Page_VRelay30Emulator/Submit' is clicked on

28-08-2024T21:03:20 - [MESSAGE][PASSED] - Browser is closed

28-08-2024T21:03:24 - [MESSAGE][PASSED] - iwpPages.emulatorIWP30.setDataEmulator_DD is PASSED

28-08-2024T21:03:24 - [TEST_STEP][PASSED] - testHarnessURL = urlTestHarness: null

28-08-2024T21:03:24 - [TEST_STEP][PASSED] - openBrowser(testHarnessURL): Browser is opened with url: 'https://dev-algorithm.govolution.com/vrelaytest/QA2/version_2_2/vrelaytest.html'

28-08-2024T21:03:24 - [MESSAGE][INFO] - Starting 'Edge Chromium' driver

28-08-2024T21:03:24 - [MESSAGE][INFO] - User set preference: ['acceptInsecureCerts', 'true']

28-08-2024T21:03:27 - [MESSAGE][INFO] - Action delay is set to 0 milliseconds

28-08-2024T21:03:33 - [MESSAGE][PASSED] - Browser is opened with url: 'https://dev-algorithm.govolution.com/vrelaytest/QA2/version_2_2/vrelaytest.html'

28-08-2024T21:03:33 - [TEST_STEP][PASSED] - maximizeWindow(): Current window maximized

28-08-2024T21:03:33 - [MESSAGE][PASSED] - Current window maximized

28-08-2024T21:03:33 - [TEST_STEP][PASSED] - iwpPages.TestHarnessPage.setDataMethod(row, dataFile): iwpPages.TestHarnessPage.setDataMethod is PASSED

28-08-2024T21:03:33 - [MESSAGE][PASSED] - Object 'Object Repository/IWP30/Page_QATestHarness/RemittanceID' is present

28-08-2024T21:03:34 - [MESSAGE][PASSED] - Text '638' is set on object 'Object Repository/IWP30/Page_QATestHarness/ApplicationID'

28-08-2024T21:03:35 - [MESSAGE][PASSED] - Text '2.5' is set on object 'Object Repository/IWP30/Page_QATestHarness/MessageVersion'

28-08-2024T21:03:35 - [MESSAGE][PASSED] - Text '5JZ9NE3W05CA' is set on object 'Object Repository/IWP30/Page_QATestHarness/RemittanceID'

28-08-2024T21:03:40 - [MESSAGE][PASSED] - Object: 'Object Repository/IWP30/Page_QATestHarness/SubmitButton' is clicked on

28-08-2024T21:03:40 - [MESSAGE][PASSED] - iwpPages.TestHarnessPage.setDataMethod is PASSED

28-08-2024T21:03:40 - [TEST_STEP][PASSED] - check(findTestObject("Object Repository/IWP30/Page_SelectPaymentMethod/PayByCreditCard")): Object 'Object Repository/IWP30/Page_SelectPaymentMethod/PayByCreditCard' is checked

28-08-2024T21:03:40 - [MESSAGE][PASSED] - Object 'Object Repository/IWP30/Page_SelectPaymentMethod/PayByCreditCard' is checked

28-08-2024T21:03:40 - [TEST_STEP][PASSED] - click(findTestObject("Object Repository/IWP30/Page_SelectPaymentMethod/MakePaymentButton")): Object: 'Object Repository/IWP30/Page_SelectPaymentMethod/MakePaymentButton' is clicked on

28-08-2024T21:03:45 - [MESSAGE][PASSED] - Object: 'Object Repository/IWP30/Page_SelectPaymentMethod/MakePaymentButton' is clicked on

28-08-2024T21:03:45 - [TEST_STEP][PASSED] - iwpPages.ccPaymentEntryPage.setDataIWPCreditCard(row, dataFile): iwpPages.ccPaymentEntryPage.setDataIWPCreditCard is PASSED

28-08-2024T21:03:47 - [MESSAGE][PASSED] - Object 'Object Repository/IWP30/Page_CCPaymentEntry/Name' is present

28-08-2024T21:03:48 - [MESSAGE][PASSED] - Text '5146312200000035' is set on object 'Object Repository/IWP30/Page_CCPaymentEntry/CardNumber'

28-08-2024T21:03:49 - [MESSAGE][PASSED] - Text '123' is set on object 'Object Repository/IWP30/Page_CCPaymentEntry/SPC'

28-08-2024T21:03:50 - [MESSAGE][PASSED] - All options with label '09' are selected in object 'Object Repository/IWP30/Page_CCPaymentEntry/Month' 

28-08-2024T21:03:50 - [MESSAGE][PASSED] - All options with label '2028' are selected in object 'Object Repository/IWP30/Page_CCPaymentEntry/Year' 

28-08-2024T21:03:50 - [MESSAGE][PASSED] - Object 'Object Repository/IWP30/Page_CCPaymentEntry/TermCondCheckBox' is present

28-08-2024T21:03:51 - [MESSAGE][PASSED] - Object 'Object Repository/IWP30/Page_CCPaymentEntry/TermCondCheckBox' is checked

28-08-2024T21:03:52 - [MESSAGE][PASSED] - Object 'Object Repository/IWP30/Page_CCPaymentEntry/ContinueButton' is present

28-08-2024T21:03:55 - [MESSAGE][PASSED] - Object: 'Object Repository/IWP30/Page_CCPaymentEntry/ContinueButton' is clicked on

28-08-2024T21:03:55 - [MESSAGE][PASSED] - iwpPages.ccPaymentEntryPage.setDataIWPCreditCard is PASSED

28-08-2024T21:03:55 - [TEST_STEP][PASSED] - click(findTestObject("Object Repository/IWP30/Page_Confirmation/ConfirmButton")): Object: 'Object Repository/IWP30/Page_Confirmation/ConfirmButton' is clicked on

28-08-2024T21:04:26 - [MESSAGE][INFO] - Unable to find the element located by 'By.xpath: //*[@type = 'submit' and @name = 'confirmNotifyAction' and @id = 'submitYes' and @value = 'Confirm']'. Please recheck the objects properties to make sure the desired element is located. 

28-08-2024T21:04:26 - [MESSAGE][WARNING] - [SELF-HEALING] Failed to find element with id 'Object Repository/IWP30/Page_Confirmation/ConfirmButton'. Try using Self-healing.

28-08-2024T21:04:27 - [MESSAGE][WARNING] - [SELF-HEALING] The current locator of test object 'Object Repository/IWP30/Page_Confirmation/ConfirmButton' was broken. Propose an alternative one: '//div/input'.

28-08-2024T21:04:27 - [MESSAGE][PASSED] - Object: 'Object Repository/IWP30/Page_Confirmation/ConfirmButton' is clicked on

28-08-2024T21:04:27 - [TEST_STEP][PASSED] - Thread.sleep(10000): null

28-08-2024T21:04:37 - [TEST_STEP][PASSED] - Thread.sleep(10000): null

28-08-2024T21:04:47 - [TEST_STEP][FAILED] - if (verifyTextPresent("Successful Payment Receipt", false)): Text 'Successful Payment Receipt' is not present on page  (Root cause: com.kms.katalon.core.exception.StepFailedException: Text 'Successful Payment Receipt' is not present on page 
	at com.kms.katalon.core.webui.keyword.internal.WebUIKeywordMain.stepFailed(WebUIKeywordMain.groovy:64)
	at com.kms.katalon.core.webui.keyword.builtin.VerifyTextPresentKeyword$_verifyTextPresent_closure1.doCall(VerifyTextPresentKeyword.groovy:79)
	at com.kms.katalon.core.webui.keyword.builtin.VerifyTextPresentKeyword$_verifyTextPresent_closure1.call(VerifyTextPresentKeyword.groovy)
	at com.kms.katalon.core.webui.keyword.internal.WebUIKeywordMain.runKeyword(WebUIKeywordMain.groovy:20)
	at com.kms.katalon.core.webui.keyword.builtin.VerifyTextPresentKeyword.verifyTextPresent(VerifyTextPresentKeyword.groovy:83)
	at com.kms.katalon.core.webui.keyword.builtin.VerifyTextPresentKeyword.execute(VerifyTextPresentKeyword.groovy:68)
	at com.kms.katalon.core.keyword.internal.KeywordExecutor.executeKeywordForPlatform(KeywordExecutor.groovy:74)
	at com.kms.katalon.core.webui.keyword.WebUiBuiltInKeywords.verifyTextPresent(WebUiBuiltInKeywords.groovy:1762)
	at PayNowSuccesfulPaymentCC.run(PayNowSuccesfulPaymentCC:94)
	at com.kms.katalon.core.main.ScriptEngine.run(ScriptEngine.java:194)
	at com.kms.katalon.core.main.ScriptEngine.runScriptAsRawText(ScriptEngine.java:119)
	at com.kms.katalon.core.main.TestCaseExecutor.runScript(TestCaseExecutor.java:448)
	at com.kms.katalon.core.main.TestCaseExecutor.doExecute(TestCaseExecutor.java:439)
	at com.kms.katalon.core.main.TestCaseExecutor.processExecutionPhase(TestCaseExecutor.java:418)
	at com.kms.katalon.core.main.TestCaseExecutor.accessMainPhase(TestCaseExecutor.java:410)
	at com.kms.katalon.core.main.TestCaseExecutor.execute(TestCaseExecutor.java:285)
	at com.kms.katalon.core.common.CommonExecutor.accessTestCaseMainPhase(CommonExecutor.java:65)
	at com.kms.katalon.core.main.TestSuiteExecutor.accessTestSuiteMainPhase(TestSuiteExecutor.java:150)
	at com.kms.katalon.core.main.TestSuiteExecutor.execute(TestSuiteExecutor.java:106)
	at com.kms.katalon.core.main.TestCaseMain.startTestSuite(TestCaseMain.java:180)
	at TempTestSuite1724852187713.run(TempTestSuite1724852187713.groovy:35)
	at java.base/jdk.internal.reflect.NativeMethodAccessorImpl.invoke0(Native Method)
	at java.base/jdk.internal.reflect.NativeMethodAccessorImpl.invoke(NativeMethodAccessorImpl.java:77)
	at java.base/jdk.internal.reflect.DelegatingMethodAccessorImpl.invoke(DelegatingMethodAccessorImpl.java:43)
)

28-08-2024T21:04:47 - [MESSAGE][FAILED] - Text 'Successful Payment Receipt' is not present on page  (Root cause: com.kms.katalon.core.exception.StepFailedException: Text 'Successful Payment Receipt' is not present on page 
	at com.kms.katalon.core.webui.keyword.internal.WebUIKeywordMain.stepFailed(WebUIKeywordMain.groovy:64)
	at com.kms.katalon.core.webui.keyword.builtin.VerifyTextPresentKeyword$_verifyTextPresent_closure1.doCall(VerifyTextPresentKeyword.groovy:79)
	at com.kms.katalon.core.webui.keyword.builtin.VerifyTextPresentKeyword$_verifyTextPresent_closure1.call(VerifyTextPresentKeyword.groovy)
	at com.kms.katalon.core.webui.keyword.internal.WebUIKeywordMain.runKeyword(WebUIKeywordMain.groovy:20)
	at com.kms.katalon.core.webui.keyword.builtin.VerifyTextPresentKeyword.verifyTextPresent(VerifyTextPresentKeyword.groovy:83)
	at com.kms.katalon.core.webui.keyword.builtin.VerifyTextPresentKeyword.execute(VerifyTextPresentKeyword.groovy:68)
	at com.kms.katalon.core.keyword.internal.KeywordExecutor.executeKeywordForPlatform(KeywordExecutor.groovy:74)
	at com.kms.katalon.core.webui.keyword.WebUiBuiltInKeywords.verifyTextPresent(WebUiBuiltInKeywords.groovy:1762)
	at PayNowSuccesfulPaymentCC.run(PayNowSuccesfulPaymentCC:94)
	at com.kms.katalon.core.main.ScriptEngine.run(ScriptEngine.java:194)
	at com.kms.katalon.core.main.ScriptEngine.runScriptAsRawText(ScriptEngine.java:119)
	at com.kms.katalon.core.main.TestCaseExecutor.runScript(TestCaseExecutor.java:448)
	at com.kms.katalon.core.main.TestCaseExecutor.doExecute(TestCaseExecutor.java:439)
	at com.kms.katalon.core.main.TestCaseExecutor.processExecutionPhase(TestCaseExecutor.java:418)
	at com.kms.katalon.core.main.TestCaseExecutor.accessMainPhase(TestCaseExecutor.java:410)
	at com.kms.katalon.core.main.TestCaseExecutor.execute(TestCaseExecutor.java:285)
	at com.kms.katalon.core.common.CommonExecutor.accessTestCaseMainPhase(CommonExecutor.java:65)
	at com.kms.katalon.core.main.TestSuiteExecutor.accessTestSuiteMainPhase(TestSuiteExecutor.java:150)
	at com.kms.katalon.core.main.TestSuiteExecutor.execute(TestSuiteExecutor.java:106)
	at com.kms.katalon.core.main.TestCaseMain.startTestSuite(TestCaseMain.java:180)
	at TempTestSuite1724852187713.run(TempTestSuite1724852187713.groovy:35)
	at java.base/jdk.internal.reflect.NativeMethodAccessorImpl.invoke0(Native Method)
	at java.base/jdk.internal.reflect.NativeMethodAccessorImpl.invoke(NativeMethodAccessorImpl.java:77)
	at java.base/jdk.internal.reflect.DelegatingMethodAccessorImpl.invoke(DelegatingMethodAccessorImpl.java:43)
)

28-08-2024T21:04:47 - [TEST_STEP][FAILED] - else: null

28-08-2024T21:04:47 - [TEST_STEP][PASSED] - println("Successful Payment Receipt text is not present on the Receipt page"): null

28-08-2024T21:04:47 - [TEST_STEP][FAILED] - markFailed("Error on Page is : " + getText(findTestObject("Object Repository/IWP30/Page_Receipt/div_ReceiptSourceCode"))): Error on Page is : Make a Real Estate Payment
Lorem ipsum dolor sit amet, consectetuer adipiscing elit, sed diam nonummy nibh euismod tincidunt ut laoreet dolore magna aliquam erat volutpat. Ut wisi enim ad minim veniam, quis nostrud exerci tation ullamcorper suscipit lobortis nisl ut aliquip ex ea commodo consequat.
  Required fields are highlighted with an asterisk.
  Please enter the following information about your payment:
  CAN Label: 26413255
  Tax Amount: $0.00
  Amount:*  $
  UDF1 Label:  udf data 1
  UDF2 Label: 
  UDF3 Label:* 
  UDF4 Label:*  udf data 4
  UDF6 Label:  udf data 6
  UDF7 Label: 
--Select One--
Orange
Purple

  UDF8 Label:* 
--Select One--
Soccer
Tennis

UDF8 Label is required
  UDF9 Label:*  udf data 9
 
Please enter the following information about your payment method:
  Cardholder's Name:* 
  Cards Accepted: 
  Card Number:* 
  Card Security Code:* 
  Expiration Date:*  
     
MM
  
     01
  
     02
  
     03
  
     04
  
     05
  
     06
  
     07
  
     08
  
     09
  
     10
  
     11
  
     12
  
     
     YYYY
  
     2024
  
     2025
  
     2026
  
     2027
  
     2028
  
     2029
  
     2030
  
     2031
  
     2032
  
     2033
  
     2034
  
     2035
  
     2036
  
     2037
  
     2038
  
     2039
  
    
  Payment Date:*


 
Billing Information:
  Address Line 1:* 
  Address Line 2: 
  Country:*  
      
  
United States
    
  ZIP Code:* 
  City: 
  State:  
     
  
     
  
     
  
     
  
     
  
     
  
     
  
     
  
     
  
     
  
     
  
     
  
     
  
     
  
     
  
     
  
     
  
     
  
     
  
     
  
     
  
     
  
     
  
     
  
     
  
     
  
     
  
     
  
     
  
     
  
     
  
     
  
     
  
     
  
     
  
     
  
     
  
     
  
     
  
     
  
     
  
     
  
     
  
     
  
     
  
     
  
     
  
     
  
     
  
     
  
     
  
     
  
     
  
     
  
     
  
     
  
     
  
     
  
     
  
     
  
     
  
     
  
     
  
     
  
     
  
     
  
    
--Select One--
Armed Forces Americas
Armed Forces Europe
Armed Forces Canada
Armed Forces Africa
Armed Forces Middle East
Armed Forces Pacific
Alabama
Alaska
American Samoa
Arizona
Arkansas
California
Colorado
Connecticut
Delaware
District of Columbia
Federated States of Micronesia
Florida
Georgia
Guam
Hawaii
Idaho
Illinois
Indiana
Iowa
Kansas
Kentucky
Louisiana
Maine
Maryland
Massachusetts
Michigan
Minnesota
Mississippi
Missouri
Montana
Nebraska
Nevada
New Hampshire
New Jersey
New Mexico
New York
North Carolina
North Dakota
Northern Mariana Islands
Ohio
Oklahoma
Oregon
Palau
Pennsylvania
Puerto Rico
Rhode Island
South Carolina
South Dakota
Tennessee
Texas
Utah
Vermont
Virgin Islands
Virginia
Washington
West Virginia
Wisconsin
Wyoming
Marshall Island

 
Receipt Information:
  Email Address:* 
 
  Please check here to store the payment method for future use.

    These are Customer CC Terms
    These are CC Custom HTML

28-08-2024T21:04:48 - [MESSAGE][PASSED] - Text of object 'Object Repository/IWP30/Page_Receipt/div_ReceiptSourceCode' is: 'Make a Real Estate Payment
Lorem ipsum dolor sit amet, consectetuer adipiscing elit, sed diam nonummy nibh euismod tincidunt ut laoreet dolore magna aliquam erat volutpat. Ut wisi enim ad minim veniam, quis nostrud exerci tation ullamcorper suscipit lobortis nisl ut aliquip ex ea commodo consequat.
  Required fields are highlighted with an asterisk.
  Please enter the following information about your payment:
  CAN Label: 26413255
  Tax Amount: $0.00
  Amount:*  $
  UDF1 Label:  udf data 1
  UDF2 Label: 
  UDF3 Label:* 
  UDF4 Label:*  udf data 4
  UDF6 Label:  udf data 6
  UDF7 Label: 
--Select One--
Orange
Purple

  UDF8 Label:* 
--Select One--
Soccer
Tennis

UDF8 Label is required
  UDF9 Label:*  udf data 9
 
Please enter the following information about your payment method:
  Cardholder's Name:* 
  Cards Accepted: 
  Card Number:* 
  Card Security Code:* 
  Expiration Date:*  
     
MM
  
     01
  
     02
  
     03
  
     04
  
     05
  
     06
  
     07
  
     08
  
     09
  
     10
  
     11
  
     12
  
     
     YYYY
  
     2024
  
     2025
  
     2026
  
     2027
  
     2028
  
     2029
  
     2030
  
     2031
  
     2032
  
     2033
  
     2034
  
     2035
  
     2036
  
     2037
  
     2038
  
     2039
  
    
  Payment Date:*


 
Billing Information:
  Address Line 1:* 
  Address Line 2: 
  Country:*  
      
  
United States
    
  ZIP Code:* 
  City: 
  State:  
     
  
     
  
     
  
     
  
     
  
     
  
     
  
     
  
     
  
     
  
     
  
     
  
     
  
     
  
     
  
     
  
     
  
     
  
     
  
     
  
     
  
     
  
     
  
     
  
     
  
     
  
     
  
     
  
     
  
     
  
     
  
     
  
     
  
     
  
     
  
     
  
     
  
     
  
     
  
     
  
     
  
     
  
     
  
     
  
     
  
     
  
     
  
     
  
     
  
     
  
     
  
     
  
     
  
     
  
     
  
     
  
     
  
     
  
     
  
     
  
     
  
     
  
     
  
     
  
     
  
     
  
    
--Select One--
Armed Forces Americas
Armed Forces Europe
Armed Forces Canada
Armed Forces Africa
Armed Forces Middle East
Armed Forces Pacific
Alabama
Alaska
American Samoa
Arizona
Arkansas
California
Colorado
Connecticut
Delaware
District of Columbia
Federated States of Micronesia
Florida
Georgia
Guam
Hawaii
Idaho
Illinois
Indiana
Iowa
Kansas
Kentucky
Louisiana
Maine
Maryland
Massachusetts
Michigan
Minnesota
Mississippi
Missouri
Montana
Nebraska
Nevada
New Hampshire
New Jersey
New Mexico
New York
North Carolina
North Dakota
Northern Mariana Islands
Ohio
Oklahoma
Oregon
Palau
Pennsylvania
Puerto Rico
Rhode Island
South Carolina
South Dakota
Tennessee
Texas
Utah
Vermont
Virgin Islands
Virginia
Washington
West Virginia
Wisconsin
Wyoming
Marshall Island

 
Receipt Information:
  Email Address:* 
 
  Please check here to store the payment method for future use.

    These are Customer CC Terms
    These are CC Custom HTML'

28-08-2024T21:04:48 - [MESSAGE][FAILED] - Error on Page is : Make a Real Estate Payment
Lorem ipsum dolor sit amet, consectetuer adipiscing elit, sed diam nonummy nibh euismod tincidunt ut laoreet dolore magna aliquam erat volutpat. Ut wisi enim ad minim veniam, quis nostrud exerci tation ullamcorper suscipit lobortis nisl ut aliquip ex ea commodo consequat.
  Required fields are highlighted with an asterisk.
  Please enter the following information about your payment:
  CAN Label: 26413255
  Tax Amount: $0.00
  Amount:*  $
  UDF1 Label:  udf data 1
  UDF2 Label: 
  UDF3 Label:* 
  UDF4 Label:*  udf data 4
  UDF6 Label:  udf data 6
  UDF7 Label: 
--Select One--
Orange
Purple

  UDF8 Label:* 
--Select One--
Soccer
Tennis

UDF8 Label is required
  UDF9 Label:*  udf data 9
 
Please enter the following information about your payment method:
  Cardholder's Name:* 
  Cards Accepted: 
  Card Number:* 
  Card Security Code:* 
  Expiration Date:*  
     
MM
  
     01
  
     02
  
     03
  
     04
  
     05
  
     06
  
     07
  
     08
  
     09
  
     10
  
     11
  
     12
  
     
     YYYY
  
     2024
  
     2025
  
     2026
  
     2027
  
     2028
  
     2029
  
     2030
  
     2031
  
     2032
  
     2033
  
     2034
  
     2035
  
     2036
  
     2037
  
     2038
  
     2039
  
    
  Payment Date:*


 
Billing Information:
  Address Line 1:* 
  Address Line 2: 
  Country:*  
      
  
United States
    
  ZIP Code:* 
  City: 
  State:  
     
  
     
  
     
  
     
  
     
  
     
  
     
  
     
  
     
  
     
  
     
  
     
  
     
  
     
  
     
  
     
  
     
  
     
  
     
  
     
  
     
  
     
  
     
  
     
  
     
  
     
  
     
  
     
  
     
  
     
  
     
  
     
  
     
  
     
  
     
  
     
  
     
  
     
  
     
  
     
  
     
  
     
  
     
  
     
  
     
  
     
  
     
  
     
  
     
  
     
  
     
  
     
  
     
  
     
  
     
  
     
  
     
  
     
  
     
  
     
  
     
  
     
  
     
  
     
  
     
  
     
  
    
--Select One--
Armed Forces Americas
Armed Forces Europe
Armed Forces Canada
Armed Forces Africa
Armed Forces Middle East
Armed Forces Pacific
Alabama
Alaska
American Samoa
Arizona
Arkansas
California
Colorado
Connecticut
Delaware
District of Columbia
Federated States of Micronesia
Florida
Georgia
Guam
Hawaii
Idaho
Illinois
Indiana
Iowa
Kansas
Kentucky
Louisiana
Maine
Maryland
Massachusetts
Michigan
Minnesota
Mississippi
Missouri
Montana
Nebraska
Nevada
New Hampshire
New Jersey
New Mexico
New York
North Carolina
North Dakota
Northern Mariana Islands
Ohio
Oklahoma
Oregon
Palau
Pennsylvania
Puerto Rico
Rhode Island
South Carolina
South Dakota
Tennessee
Texas
Utah
Vermont
Virgin Islands
Virginia
Washington
West Virginia
Wisconsin
Wyoming
Marshall Island

 
Receipt Information:
  Email Address:* 
 
  Please check here to store the payment method for future use.

    These are Customer CC Terms
    These are CC Custom HTML

28-08-2024T21:04:48 - [TEST_STEP][PASSED] - resText = "Fail": null

28-08-2024T21:04:48 - [TEST_STEP][PASSED] - pages.WriteExcel.demoKey(resText, datText, resColumn, datCloumn, fileLoc, nameSheet, row): pages.WriteExcel.demoKey is PASSED

28-08-2024T21:04:48 - [MESSAGE][PASSED] - pages.WriteExcel.demoKey is PASSED

28-08-2024T21:04:48 - [TEST_STEP][PASSED] - println(getText(findTestObject("Object Repository/IWP30/Page_Receipt/div_ReceiptSourceCode"))): Text of object 'Object Repository/IWP30/Page_Receipt/div_ReceiptSourceCode' is: 'Make a Real Estate Payment
Lorem ipsum dolor sit amet, consectetuer adipiscing elit, sed diam nonummy nibh euismod tincidunt ut laoreet dolore magna aliquam erat volutpat. Ut wisi enim ad minim veniam, quis nostrud exerci tation ullamcorper suscipit lobortis nisl ut aliquip ex ea commodo consequat.
  Required fields are highlighted with an asterisk.
  Please enter the following information about your payment:
  CAN Label: 26413255
  Tax Amount: $0.00
  Amount:*  $
  UDF1 Label:  udf data 1
  UDF2 Label: 
  UDF3 Label:* 
  UDF4 Label:*  udf data 4
  UDF6 Label:  udf data 6
  UDF7 Label: 
--Select One--
Orange
Purple

  UDF8 Label:* 
--Select One--
Soccer
Tennis

UDF8 Label is required
  UDF9 Label:*  udf data 9
 
Please enter the following information about your payment method:
  Cardholder's Name:* 
  Cards Accepted: 
  Card Number:* 
  Card Security Code:* 
  Expiration Date:*  
     
MM
  
     01
  
     02
  
     03
  
     04
  
     05
  
     06
  
     07
  
     08
  
     09
  
     10
  
     11
  
     12
  
     
     YYYY
  
     2024
  
     2025
  
     2026
  
     2027
  
     2028
  
     2029
  
     2030
  
     2031
  
     2032
  
     2033
  
     2034
  
     2035
  
     2036
  
     2037
  
     2038
  
     2039
  
    
  Payment Date:*


 
Billing Information:
  Address Line 1:* 
  Address Line 2: 
  Country:*  
      
  
United States
    
  ZIP Code:* 
  City: 
  State:  
     
  
     
  
     
  
     
  
     
  
     
  
     
  
     
  
     
  
     
  
     
  
     
  
     
  
     
  
     
  
     
  
     
  
     
  
     
  
     
  
     
  
     
  
     
  
     
  
     
  
     
  
     
  
     
  
     
  
     
  
     
  
     
  
     
  
     
  
     
  
     
  
     
  
     
  
     
  
     
  
     
  
     
  
     
  
     
  
     
  
     
  
     
  
     
  
     
  
     
  
     
  
     
  
     
  
     
  
     
  
     
  
     
  
     
  
     
  
     
  
     
  
     
  
     
  
     
  
     
  
     
  
    
--Select One--
Armed Forces Americas
Armed Forces Europe
Armed Forces Canada
Armed Forces Africa
Armed Forces Middle East
Armed Forces Pacific
Alabama
Alaska
American Samoa
Arizona
Arkansas
California
Colorado
Connecticut
Delaware
District of Columbia
Federated States of Micronesia
Florida
Georgia
Guam
Hawaii
Idaho
Illinois
Indiana
Iowa
Kansas
Kentucky
Louisiana
Maine
Maryland
Massachusetts
Michigan
Minnesota
Mississippi
Missouri
Montana
Nebraska
Nevada
New Hampshire
New Jersey
New Mexico
New York
North Carolina
North Dakota
Northern Mariana Islands
Ohio
Oklahoma
Oregon
Palau
Pennsylvania
Puerto Rico
Rhode Island
South Carolina
South Dakota
Tennessee
Texas
Utah
Vermont
Virgin Islands
Virginia
Washington
West Virginia
Wisconsin
Wyoming
Marshall Island

 
Receipt Information:
  Email Address:* 
 
  Please check here to store the payment method for future use.

    These are Customer CC Terms
    These are CC Custom HTML'

28-08-2024T21:04:48 - [MESSAGE][PASSED] - Text of object 'Object Repository/IWP30/Page_Receipt/div_ReceiptSourceCode' is: 'Make a Real Estate Payment
Lorem ipsum dolor sit amet, consectetuer adipiscing elit, sed diam nonummy nibh euismod tincidunt ut laoreet dolore magna aliquam erat volutpat. Ut wisi enim ad minim veniam, quis nostrud exerci tation ullamcorper suscipit lobortis nisl ut aliquip ex ea commodo consequat.
  Required fields are highlighted with an asterisk.
  Please enter the following information about your payment:
  CAN Label: 26413255
  Tax Amount: $0.00
  Amount:*  $
  UDF1 Label:  udf data 1
  UDF2 Label: 
  UDF3 Label:* 
  UDF4 Label:*  udf data 4
  UDF6 Label:  udf data 6
  UDF7 Label: 
--Select One--
Orange
Purple

  UDF8 Label:* 
--Select One--
Soccer
Tennis

UDF8 Label is required
  UDF9 Label:*  udf data 9
 
Please enter the following information about your payment method:
  Cardholder's Name:* 
  Cards Accepted: 
  Card Number:* 
  Card Security Code:* 
  Expiration Date:*  
     
MM
  
     01
  
     02
  
     03
  
     04
  
     05
  
     06
  
     07
  
     08
  
     09
  
     10
  
     11
  
     12
  
     
     YYYY
  
     2024
  
     2025
  
     2026
  
     2027
  
     2028
  
     2029
  
     2030
  
     2031
  
     2032
  
     2033
  
     2034
  
     2035
  
     2036
  
     2037
  
     2038
  
     2039
  
    
  Payment Date:*


 
Billing Information:
  Address Line 1:* 
  Address Line 2: 
  Country:*  
      
  
United States
    
  ZIP Code:* 
  City: 
  State:  
     
  
     
  
     
  
     
  
     
  
     
  
     
  
     
  
     
  
     
  
     
  
     
  
     
  
     
  
     
  
     
  
     
  
     
  
     
  
     
  
     
  
     
  
     
  
     
  
     
  
     
  
     
  
     
  
     
  
     
  
     
  
     
  
     
  
     
  
     
  
     
  
     
  
     
  
     
  
     
  
     
  
     
  
     
  
     
  
     
  
     
  
     
  
     
  
     
  
     
  
     
  
     
  
     
  
     
  
     
  
     
  
     
  
     
  
     
  
     
  
     
  
     
  
     
  
     
  
     
  
     
  
    
--Select One--
Armed Forces Americas
Armed Forces Europe
Armed Forces Canada
Armed Forces Africa
Armed Forces Middle East
Armed Forces Pacific
Alabama
Alaska
American Samoa
Arizona
Arkansas
California
Colorado
Connecticut
Delaware
District of Columbia
Federated States of Micronesia
Florida
Georgia
Guam
Hawaii
Idaho
Illinois
Indiana
Iowa
Kansas
Kentucky
Louisiana
Maine
Maryland
Massachusetts
Michigan
Minnesota
Mississippi
Missouri
Montana
Nebraska
Nevada
New Hampshire
New Jersey
New Mexico
New York
North Carolina
North Dakota
Northern Mariana Islands
Ohio
Oklahoma
Oregon
Palau
Pennsylvania
Puerto Rico
Rhode Island
South Carolina
South Dakota
Tennessee
Texas
Utah
Vermont
Virgin Islands
Virginia
Washington
West Virginia
Wisconsin
Wyoming
Marshall Island

 
Receipt Information:
  Email Address:* 
 
  Please check here to store the payment method for future use.

    These are Customer CC Terms
    These are CC Custom HTML'

28-08-2024T21:04:48 - [TEST_STEP][PASSED] - ExecuteTC = findTestData(dataFile).getValue("Execute", row): null

28-08-2024T21:04:48 - [TEST_STEP][PASSED] - out.println("Value of Execute is : " + ExecuteTC): null

28-08-2024T21:04:48 - [TEST_STEP][FAILED] - if (ExecuteTC.equalsIgnoreCase("Y")): null

28-08-2024T21:04:48 - [TEST_STEP][PASSED] - out.println("Begin Record Number: " + row): null

28-08-2024T21:04:48 - [TEST_STEP][PASSED] - today = new java.util.Date(): null

28-08-2024T21:04:48 - [TEST_STEP][PASSED] - println(today): null

28-08-2024T21:04:48 - [TEST_STEP][PASSED] - datText = today: null

28-08-2024T21:04:48 - [TEST_STEP][PASSED] - EmulatorDataKey = findTestData(dataFile).getValue("EmulatorData", row): null

28-08-2024T21:04:48 - [TEST_STEP][PASSED] - out.println("Value of Emulator Key is : " + EmulatorDataKey): null

28-08-2024T21:04:48 - [TEST_STEP][PASSED] - iwpPages.emulatorIWP30.setDataEmulator_DD(EmulatorDataKey): iwpPages.emulatorIWP30.setDataEmulator_DD is PASSED

28-08-2024T21:04:48 - [MESSAGE][WARNING] - A browser is already opened. Closing browser and opening a new one

28-08-2024T21:04:50 - [MESSAGE][INFO] - Starting 'Edge Chromium' driver

28-08-2024T21:04:50 - [MESSAGE][INFO] - User set preference: ['acceptInsecureCerts', 'true']

28-08-2024T21:04:53 - [MESSAGE][INFO] - Action delay is set to 0 milliseconds

28-08-2024T21:05:00 - [MESSAGE][PASSED] - Browser is opened with url: 'https://qa2.velocitypayment.com/agency/config.do?action=editor&message_version=2_5'

28-08-2024T21:05:01 - [MESSAGE][PASSED] - Current window maximized

28-08-2024T21:05:02 - [MESSAGE][PASSED] - All options with value '2.5' are selected in object 'Object Repository/IWP30/Page_VRelay30Emulator/MV'  using regular expression

28-08-2024T21:05:02 - [MESSAGE][PASSED] - Text '10.50' is set on object 'Object Repository/IWP30/Page_VRelay30Emulator/Amount'

28-08-2024T21:05:03 - [MESSAGE][PASSED] - Text '26413414' is set on object 'Object Repository/IWP30/Page_VRelay30Emulator/CAN'

28-08-2024T21:05:04 - [MESSAGE][PASSED] - Text 'PayNow' is set on object 'Object Repository/IWP30/Page_VRelay30Emulator/Action'

28-08-2024T21:05:04 - [MESSAGE][PASSED] - Text 'en_US' is set on object 'Object Repository/IWP30/Page_VRelay30Emulator/Lang'

28-08-2024T21:05:05 - [MESSAGE][PASSED] - Text '' is set on object 'Object Repository/IWP30/Page_VRelay30Emulator/Fname'

28-08-2024T21:05:07 - [MESSAGE][PASSED] - Text '' is set on object 'Object Repository/IWP30/Page_VRelay30Emulator/Lname'

28-08-2024T21:05:08 - [MESSAGE][PASSED] - Text '' is set on object 'Object Repository/IWP30/Page_VRelay30Emulator/AL1'

28-08-2024T21:05:08 - [MESSAGE][PASSED] - Text '' is set on object 'Object Repository/IWP30/Page_VRelay30Emulator/AL2'

28-08-2024T21:05:09 - [MESSAGE][PASSED] - Text '' is set on object 'Object Repository/IWP30/Page_VRelay30Emulator/Country'

28-08-2024T21:05:10 - [MESSAGE][PASSED] - Text '' is set on object 'Object Repository/IWP30/Page_VRelay30Emulator/City'

28-08-2024T21:05:10 - [MESSAGE][PASSED] - Text '' is set on object 'Object Repository/IWP30/Page_VRelay30Emulator/State'

28-08-2024T21:05:11 - [MESSAGE][PASSED] - Text '' is set on object 'Object Repository/IWP30/Page_VRelay30Emulator/ZIP'

28-08-2024T21:05:11 - [MESSAGE][PASSED] - Text '' is set on object 'Object Repository/IWP30/Page_VRelay30Emulator/Order'

28-08-2024T21:05:13 - [MESSAGE][PASSED] - Text '' is set on object 'Object Repository/IWP30/Page_VRelay30Emulator/Company'

28-08-2024T21:05:14 - [MESSAGE][PASSED] - Text '' is set on object 'Object Repository/IWP30/Page_VRelay30Emulator/Email'

28-08-2024T21:05:15 - [MESSAGE][PASSED] - Text '' is set on object 'Object Repository/IWP30/Page_VRelay30Emulator/UDF1'

28-08-2024T21:05:16 - [MESSAGE][PASSED] - Text '' is set on object 'Object Repository/IWP30/Page_VRelay30Emulator/UDF2'

28-08-2024T21:05:16 - [MESSAGE][PASSED] - Text '' is set on object 'Object Repository/IWP30/Page_VRelay30Emulator/UDF3'

28-08-2024T21:05:17 - [MESSAGE][PASSED] - Text 'udf data 4' is set on object 'Object Repository/IWP30/Page_VRelay30Emulator/UDF4'

28-08-2024T21:05:17 - [MESSAGE][PASSED] - Text 'udf data 5' is set on object 'Object Repository/IWP30/Page_VRelay30Emulator/UDF5'

28-08-2024T21:05:18 - [MESSAGE][PASSED] - Text '' is set on object 'Object Repository/IWP30/Page_VRelay30Emulator/UDF6'

28-08-2024T21:05:19 - [MESSAGE][PASSED] - Text '' is set on object 'Object Repository/IWP30/Page_VRelay30Emulator/UDF7'

28-08-2024T21:05:20 - [MESSAGE][PASSED] - Text '' is set on object 'Object Repository/IWP30/Page_VRelay30Emulator/UDF8'

28-08-2024T21:05:21 - [MESSAGE][PASSED] - Text 'udf data 9' is set on object 'Object Repository/IWP30/Page_VRelay30Emulator/UDF9'

28-08-2024T21:05:22 - [MESSAGE][PASSED] - Text 'udf data 10' is set on object 'Object Repository/IWP30/Page_VRelay30Emulator/UDF10'

28-08-2024T21:05:23 - [MESSAGE][PASSED] - Object: 'Object Repository/IWP30/Page_VRelay30Emulator/Submit' is clicked on

28-08-2024T21:05:28 - [MESSAGE][PASSED] - Browser is closed

28-08-2024T21:05:32 - [MESSAGE][PASSED] - iwpPages.emulatorIWP30.setDataEmulator_DD is PASSED

28-08-2024T21:05:32 - [TEST_STEP][PASSED] - testHarnessURL = urlTestHarness: null

28-08-2024T21:05:32 - [TEST_STEP][PASSED] - openBrowser(testHarnessURL): Browser is opened with url: 'https://dev-algorithm.govolution.com/vrelaytest/QA2/version_2_2/vrelaytest.html'

28-08-2024T21:05:32 - [MESSAGE][INFO] - Starting 'Edge Chromium' driver

28-08-2024T21:05:32 - [MESSAGE][INFO] - User set preference: ['acceptInsecureCerts', 'true']

28-08-2024T21:05:35 - [MESSAGE][INFO] - Action delay is set to 0 milliseconds

28-08-2024T21:05:42 - [MESSAGE][PASSED] - Browser is opened with url: 'https://dev-algorithm.govolution.com/vrelaytest/QA2/version_2_2/vrelaytest.html'

28-08-2024T21:05:42 - [TEST_STEP][PASSED] - maximizeWindow(): Current window maximized

28-08-2024T21:05:42 - [MESSAGE][PASSED] - Current window maximized

28-08-2024T21:05:42 - [TEST_STEP][PASSED] - iwpPages.TestHarnessPage.setDataMethod(row, dataFile): iwpPages.TestHarnessPage.setDataMethod is PASSED

28-08-2024T21:05:42 - [MESSAGE][PASSED] - Object 'Object Repository/IWP30/Page_QATestHarness/RemittanceID' is present

28-08-2024T21:05:43 - [MESSAGE][PASSED] - Text '638' is set on object 'Object Repository/IWP30/Page_QATestHarness/ApplicationID'

28-08-2024T21:05:44 - [MESSAGE][PASSED] - Text '2.5' is set on object 'Object Repository/IWP30/Page_QATestHarness/MessageVersion'

28-08-2024T21:05:44 - [MESSAGE][PASSED] - Text 'WlQ7PSRS3IBc' is set on object 'Object Repository/IWP30/Page_QATestHarness/RemittanceID'

28-08-2024T21:05:49 - [MESSAGE][PASSED] - Object: 'Object Repository/IWP30/Page_QATestHarness/SubmitButton' is clicked on

28-08-2024T21:05:49 - [MESSAGE][PASSED] - iwpPages.TestHarnessPage.setDataMethod is PASSED

28-08-2024T21:05:49 - [TEST_STEP][PASSED] - check(findTestObject("Object Repository/IWP30/Page_SelectPaymentMethod/PayByCreditCard")): Object 'Object Repository/IWP30/Page_SelectPaymentMethod/PayByCreditCard' is checked

28-08-2024T21:05:49 - [MESSAGE][PASSED] - Object 'Object Repository/IWP30/Page_SelectPaymentMethod/PayByCreditCard' is checked

28-08-2024T21:05:49 - [TEST_STEP][PASSED] - click(findTestObject("Object Repository/IWP30/Page_SelectPaymentMethod/MakePaymentButton")): Object: 'Object Repository/IWP30/Page_SelectPaymentMethod/MakePaymentButton' is clicked on

28-08-2024T21:05:53 - [MESSAGE][PASSED] - Object: 'Object Repository/IWP30/Page_SelectPaymentMethod/MakePaymentButton' is clicked on

28-08-2024T21:05:53 - [TEST_STEP][FAILED] - iwpPages.ccPaymentEntryPage.setDataIWPCreditCard(row, dataFile): com.kms.katalon.core.exception.StepFailedException: Unable to set text (Root cause: com.kms.katalon.core.exception.StepFailedException: Unable to set text
	at com.kms.katalon.core.webui.keyword.internal.WebUIKeywordMain.stepFailed(WebUIKeywordMain.groovy:64)
	at com.kms.katalon.core.webui.keyword.internal.WebUIKeywordMain.runKeyword(WebUIKeywordMain.groovy:26)
	at com.kms.katalon.core.webui.keyword.builtin.SetTextKeyword.setText(SetTextKeyword.groovy:85)
	at com.kms.katalon.core.webui.keyword.builtin.SetTextKeyword.execute(SetTextKeyword.groovy:39)
	at com.kms.katalon.core.keyword.internal.KeywordExecutor.executeKeywordForPlatform(KeywordExecutor.groovy:74)
	at com.kms.katalon.core.webui.keyword.WebUiBuiltInKeywords.setText(WebUiBuiltInKeywords.groovy:1019)
	at iwpPages.ccPaymentEntryPage.setDataIWPCreditCard(ccPaymentEntryPage.groovy:410)
	at java.base/jdk.internal.reflect.NativeMethodAccessorImpl.invoke0(Native Method)
	at java.base/jdk.internal.reflect.NativeMethodAccessorImpl.invoke(NativeMethodAccessorImpl.java:77)
	at java.base/jdk.internal.reflect.DelegatingMethodAccessorImpl.invoke(DelegatingMethodAccessorImpl.java:43)
	at com.kms.katalon.core.main.CustomKeywordDelegatingMetaClass.invokeStaticMethod(CustomKeywordDelegatingMetaClass.java:55)
	at PayNowSuccesfulPaymentCC.run(PayNowSuccesfulPaymentCC:81)
	at com.kms.katalon.core.main.ScriptEngine.run(ScriptEngine.java:194)
	at com.kms.katalon.core.main.ScriptEngine.runScriptAsRawText(ScriptEngine.java:119)
	at com.kms.katalon.core.main.TestCaseExecutor.runScript(TestCaseExecutor.java:448)
	at com.kms.katalon.core.main.TestCaseExecutor.doExecute(TestCaseExecutor.java:439)
	at com.kms.katalon.core.main.TestCaseExecutor.processExecutionPhase(TestCaseExecutor.java:418)
	at com.kms.katalon.core.main.TestCaseExecutor.accessMainPhase(TestCaseExecutor.java:410)
	at com.kms.katalon.core.main.TestCaseExecutor.execute(TestCaseExecutor.java:285)
	at com.kms.katalon.core.common.CommonExecutor.accessTestCaseMainPhase(CommonExecutor.java:65)
	at com.kms.katalon.core.main.TestSuiteExecutor.accessTestSuiteMainPhase(TestSuiteExecutor.java:150)
	at com.kms.katalon.core.main.TestSuiteExecutor.execute(TestSuiteExecutor.java:106)
	at com.kms.katalon.core.main.TestCaseMain.startTestSuite(TestCaseMain.java:180)
	at TempTestSuite1724852187713.run(TempTestSuite1724852187713.groovy:35)
	at java.base/jdk.internal.reflect.NativeMethodAccessorImpl.invoke0(Native Method)
	at java.base/jdk.internal.reflect.NativeMethodAccessorImpl.invoke(NativeMethodAccessorImpl.java:77)
	at java.base/jdk.internal.reflect.DelegatingMethodAccessorImpl.invoke(DelegatingMethodAccessorImpl.java:43)
Caused by: java.lang.IllegalArgumentException: Object is null
	at com.kms.katalon.core.helper.KeywordHelper.checkTestObjectParameter(KeywordHelper.java:33)
	at com.kms.katalon.core.webui.keyword.builtin.SetTextKeyword$_setText_closure1.doCall(SetTextKeyword.groovy:47)
	at com.kms.katalon.core.webui.keyword.builtin.SetTextKeyword$_setText_closure1.call(SetTextKeyword.groovy)
	at com.kms.katalon.core.webui.keyword.internal.WebUIKeywordMain.runKeyword(WebUIKeywordMain.groovy:20)
	at com.kms.katalon.core.webui.keyword.builtin.SetTextKeyword.setText(SetTextKeyword.groovy:85)
	at com.kms.katalon.core.webui.keyword.builtin.SetTextKeyword.execute(SetTextKeyword.groovy:39)
	at com.kms.katalon.core.keyword.internal.KeywordExecutor.executeKeywordForPlatform(KeywordExecutor.groovy:74)
	at com.kms.katalon.core.webui.keyword.WebUiBuiltInKeywords.setText(WebUiBuiltInKeywords.groovy:1019)
	at iwpPages.ccPaymentEntryPage.setDataIWPCreditCard(ccPaymentEntryPage.groovy:410)
	at java.base/jdk.internal.reflect.NativeMethodAccessorImpl.invoke0(Native Method)
	at java.base/jdk.internal.reflect.NativeMethodAccessorImpl.invoke(NativeMethodAccessorImpl.java:77)
	at java.base/jdk.internal.reflect.DelegatingMethodAccessorImpl.invoke(DelegatingMethodAccessorImpl.java:43)
	at com.kms.katalon.core.main.CustomKeywordDelegatingMetaClass.invokeStaticMethod(CustomKeywordDelegatingMetaClass.java:55)
	at Script1723140349688.run(Script1723140349688.groovy:81)
	... 15 more
)

28-08-2024T21:05:56 - [MESSAGE][PASSED] - Object 'Object Repository/IWP30/Page_CCPaymentEntry/Name' is present

28-08-2024T21:05:57 - [MESSAGE][PASSED] - Text '10.50' is set on object 'Object Repository/IWP30/Page_CCPaymentEntry/Amount'

28-08-2024T21:05:57 - [MESSAGE][WARNING] - Test object with id 'Object Repository/IWP30/Page_CCPaymentEntry/UserDefined1' does not exist

28-08-2024T21:05:57 - [MESSAGE][WARNING] - Test object with id 'Object Repository/' does not exist

28-08-2024T21:05:57 - [MESSAGE][FAILED] - Unable to set text (Root cause: com.kms.katalon.core.exception.StepFailedException: Unable to set text
	at com.kms.katalon.core.webui.keyword.internal.WebUIKeywordMain.stepFailed(WebUIKeywordMain.groovy:64)
	at com.kms.katalon.core.webui.keyword.internal.WebUIKeywordMain.runKeyword(WebUIKeywordMain.groovy:26)
	at com.kms.katalon.core.webui.keyword.builtin.SetTextKeyword.setText(SetTextKeyword.groovy:85)
	at com.kms.katalon.core.webui.keyword.builtin.SetTextKeyword.execute(SetTextKeyword.groovy:39)
	at com.kms.katalon.core.keyword.internal.KeywordExecutor.executeKeywordForPlatform(KeywordExecutor.groovy:74)
	at com.kms.katalon.core.webui.keyword.WebUiBuiltInKeywords.setText(WebUiBuiltInKeywords.groovy:1019)
	at iwpPages.ccPaymentEntryPage.setDataIWPCreditCard(ccPaymentEntryPage.groovy:410)
	at java.base/jdk.internal.reflect.NativeMethodAccessorImpl.invoke0(Native Method)
	at java.base/jdk.internal.reflect.NativeMethodAccessorImpl.invoke(NativeMethodAccessorImpl.java:77)
	at java.base/jdk.internal.reflect.DelegatingMethodAccessorImpl.invoke(DelegatingMethodAccessorImpl.java:43)
	at com.kms.katalon.core.main.CustomKeywordDelegatingMetaClass.invokeStaticMethod(CustomKeywordDelegatingMetaClass.java:55)
	at PayNowSuccesfulPaymentCC.run(PayNowSuccesfulPaymentCC:81)
	at com.kms.katalon.core.main.ScriptEngine.run(ScriptEngine.java:194)
	at com.kms.katalon.core.main.ScriptEngine.runScriptAsRawText(ScriptEngine.java:119)
	at com.kms.katalon.core.main.TestCaseExecutor.runScript(TestCaseExecutor.java:448)
	at com.kms.katalon.core.main.TestCaseExecutor.doExecute(TestCaseExecutor.java:439)
	at com.kms.katalon.core.main.TestCaseExecutor.processExecutionPhase(TestCaseExecutor.java:418)
	at com.kms.katalon.core.main.TestCaseExecutor.accessMainPhase(TestCaseExecutor.java:410)
	at com.kms.katalon.core.main.TestCaseExecutor.execute(TestCaseExecutor.java:285)
	at com.kms.katalon.core.common.CommonExecutor.accessTestCaseMainPhase(CommonExecutor.java:65)
	at com.kms.katalon.core.main.TestSuiteExecutor.accessTestSuiteMainPhase(TestSuiteExecutor.java:150)
	at com.kms.katalon.core.main.TestSuiteExecutor.execute(TestSuiteExecutor.java:106)
	at com.kms.katalon.core.main.TestCaseMain.startTestSuite(TestCaseMain.java:180)
	at TempTestSuite1724852187713.run(TempTestSuite1724852187713.groovy:35)
	at java.base/jdk.internal.reflect.NativeMethodAccessorImpl.invoke0(Native Method)
	at java.base/jdk.internal.reflect.NativeMethodAccessorImpl.invoke(NativeMethodAccessorImpl.java:77)
	at java.base/jdk.internal.reflect.DelegatingMethodAccessorImpl.invoke(DelegatingMethodAccessorImpl.java:43)
Caused by: java.lang.IllegalArgumentException: Object is null
	at com.kms.katalon.core.helper.KeywordHelper.checkTestObjectParameter(KeywordHelper.java:33)
	at com.kms.katalon.core.webui.keyword.builtin.SetTextKeyword$_setText_closure1.doCall(SetTextKeyword.groovy:47)
	at com.kms.katalon.core.webui.keyword.builtin.SetTextKeyword$_setText_closure1.call(SetTextKeyword.groovy)
	at com.kms.katalon.core.webui.keyword.internal.WebUIKeywordMain.runKeyword(WebUIKeywordMain.groovy:20)
	at com.kms.katalon.core.webui.keyword.builtin.SetTextKeyword.setText(SetTextKeyword.groovy:85)
	at com.kms.katalon.core.webui.keyword.builtin.SetTextKeyword.execute(SetTextKeyword.groovy:39)
	at com.kms.katalon.core.keyword.internal.KeywordExecutor.executeKeywordForPlatform(KeywordExecutor.groovy:74)
	at com.kms.katalon.core.webui.keyword.WebUiBuiltInKeywords.setText(WebUiBuiltInKeywords.groovy:1019)
	at iwpPages.ccPaymentEntryPage.setDataIWPCreditCard(ccPaymentEntryPage.groovy:410)
	at java.base/jdk.internal.reflect.NativeMethodAccessorImpl.invoke0(Native Method)
	at java.base/jdk.internal.reflect.NativeMethodAccessorImpl.invoke(NativeMethodAccessorImpl.java:77)
	at java.base/jdk.internal.reflect.DelegatingMethodAccessorImpl.invoke(DelegatingMethodAccessorImpl.java:43)
	at com.kms.katalon.core.main.CustomKeywordDelegatingMetaClass.invokeStaticMethod(CustomKeywordDelegatingMetaClass.java:55)
	at Script1723140349688.run(Script1723140349688.groovy:81)
	... 15 more
)
[[ATTACHMENT|C:\\Users\\t476046\\Documents\\katalon\\VPS-Katalon\\Reports\\20240828_190627\\QA\\IWP2.5\\QA_IWP2.5_Regression\\20240828_190627\\1724859357276.png]]

28-08-2024T21:05:58 - [MESSAGE][PASSED] - Text 'udf data 2' is set on object 'Object Repository/IWP30/Page_CCPaymentEntry/UserDefined2'

28-08-2024T21:05:58 - [MESSAGE][PASSED] - Text 'udf data 3' is set on object 'Object Repository/IWP30/Page_CCPaymentEntry/UserDefined3'

28-08-2024T21:05:58 - [MESSAGE][WARNING] - Test object with id 'Object Repository/IWP30/Page_CCPaymentEntry/UserDefined4' does not exist

28-08-2024T21:05:58 - [MESSAGE][WARNING] - Test object with id 'Object Repository/' does not exist

28-08-2024T21:05:58 - [MESSAGE][FAILED] - Unable to set text (Root cause: com.kms.katalon.core.exception.StepFailedException: Unable to set text
	at com.kms.katalon.core.webui.keyword.internal.WebUIKeywordMain.stepFailed(WebUIKeywordMain.groovy:64)
	at com.kms.katalon.core.webui.keyword.internal.WebUIKeywordMain.runKeyword(WebUIKeywordMain.groovy:26)
	at com.kms.katalon.core.webui.keyword.builtin.SetTextKeyword.setText(SetTextKeyword.groovy:85)
	at com.kms.katalon.core.webui.keyword.builtin.SetTextKeyword.execute(SetTextKeyword.groovy:39)
	at com.kms.katalon.core.keyword.internal.KeywordExecutor.executeKeywordForPlatform(KeywordExecutor.groovy:74)
	at com.kms.katalon.core.webui.keyword.WebUiBuiltInKeywords.setText(WebUiBuiltInKeywords.groovy:1019)
	at iwpPages.ccPaymentEntryPage.setDataIWPCreditCard(ccPaymentEntryPage.groovy:435)
	at java.base/jdk.internal.reflect.NativeMethodAccessorImpl.invoke0(Native Method)
	at java.base/jdk.internal.reflect.NativeMethodAccessorImpl.invoke(NativeMethodAccessorImpl.java:77)
	at java.base/jdk.internal.reflect.DelegatingMethodAccessorImpl.invoke(DelegatingMethodAccessorImpl.java:43)
	at com.kms.katalon.core.main.CustomKeywordDelegatingMetaClass.invokeStaticMethod(CustomKeywordDelegatingMetaClass.java:55)
	at PayNowSuccesfulPaymentCC.run(PayNowSuccesfulPaymentCC:81)
	at com.kms.katalon.core.main.ScriptEngine.run(ScriptEngine.java:194)
	at com.kms.katalon.core.main.ScriptEngine.runScriptAsRawText(ScriptEngine.java:119)
	at com.kms.katalon.core.main.TestCaseExecutor.runScript(TestCaseExecutor.java:448)
	at com.kms.katalon.core.main.TestCaseExecutor.doExecute(TestCaseExecutor.java:439)
	at com.kms.katalon.core.main.TestCaseExecutor.processExecutionPhase(TestCaseExecutor.java:418)
	at com.kms.katalon.core.main.TestCaseExecutor.accessMainPhase(TestCaseExecutor.java:410)
	at com.kms.katalon.core.main.TestCaseExecutor.execute(TestCaseExecutor.java:285)
	at com.kms.katalon.core.common.CommonExecutor.accessTestCaseMainPhase(CommonExecutor.java:65)
	at com.kms.katalon.core.main.TestSuiteExecutor.accessTestSuiteMainPhase(TestSuiteExecutor.java:150)
	at com.kms.katalon.core.main.TestSuiteExecutor.execute(TestSuiteExecutor.java:106)
	at com.kms.katalon.core.main.TestCaseMain.startTestSuite(TestCaseMain.java:180)
	at TempTestSuite1724852187713.run(TempTestSuite1724852187713.groovy:35)
	at java.base/jdk.internal.reflect.NativeMethodAccessorImpl.invoke0(Native Method)
	at java.base/jdk.internal.reflect.NativeMethodAccessorImpl.invoke(NativeMethodAccessorImpl.java:77)
	at java.base/jdk.internal.reflect.DelegatingMethodAccessorImpl.invoke(DelegatingMethodAccessorImpl.java:43)
Caused by: java.lang.IllegalArgumentException: Object is null
	at com.kms.katalon.core.helper.KeywordHelper.checkTestObjectParameter(KeywordHelper.java:33)
	at com.kms.katalon.core.webui.keyword.builtin.SetTextKeyword$_setText_closure1.doCall(SetTextKeyword.groovy:47)
	at com.kms.katalon.core.webui.keyword.builtin.SetTextKeyword$_setText_closure1.call(SetTextKeyword.groovy)
	at com.kms.katalon.core.webui.keyword.internal.WebUIKeywordMain.runKeyword(WebUIKeywordMain.groovy:20)
	at com.kms.katalon.core.webui.keyword.builtin.SetTextKeyword.setText(SetTextKeyword.groovy:85)
	at com.kms.katalon.core.webui.keyword.builtin.SetTextKeyword.execute(SetTextKeyword.groovy:39)
	at com.kms.katalon.core.keyword.internal.KeywordExecutor.executeKeywordForPlatform(KeywordExecutor.groovy:74)
	at com.kms.katalon.core.webui.keyword.WebUiBuiltInKeywords.setText(WebUiBuiltInKeywords.groovy:1019)
	at iwpPages.ccPaymentEntryPage.setDataIWPCreditCard(ccPaymentEntryPage.groovy:435)
	at java.base/jdk.internal.reflect.NativeMethodAccessorImpl.invoke0(Native Method)
	at java.base/jdk.internal.reflect.NativeMethodAccessorImpl.invoke(NativeMethodAccessorImpl.java:77)
	at java.base/jdk.internal.reflect.DelegatingMethodAccessorImpl.invoke(DelegatingMethodAccessorImpl.java:43)
	at com.kms.katalon.core.main.CustomKeywordDelegatingMetaClass.invokeStaticMethod(CustomKeywordDelegatingMetaClass.java:55)
	at Script1723140349688.run(Script1723140349688.groovy:81)
	... 15 more
)
[[ATTACHMENT|C:\\Users\\t476046\\Documents\\katalon\\VPS-Katalon\\Reports\\20240828_190627\\QA\\IWP2.5\\QA_IWP2.5_Regression\\20240828_190627\\1724859358701.png]]

28-08-2024T21:05:58 - [MESSAGE][WARNING] - Test object with id 'Object Repository/IWP30/Page_CCPaymentEntry/UserDefined5' does not exist

28-08-2024T21:05:58 - [MESSAGE][WARNING] - Test object with id 'Object Repository/' does not exist

28-08-2024T21:05:59 - [MESSAGE][FAILED] - Unable to set text (Root cause: com.kms.katalon.core.exception.StepFailedException: Unable to set text
	at com.kms.katalon.core.webui.keyword.internal.WebUIKeywordMain.stepFailed(WebUIKeywordMain.groovy:64)
	at com.kms.katalon.core.webui.keyword.internal.WebUIKeywordMain.runKeyword(WebUIKeywordMain.groovy:26)
	at com.kms.katalon.core.webui.keyword.builtin.SetTextKeyword.setText(SetTextKeyword.groovy:85)
	at com.kms.katalon.core.webui.keyword.builtin.SetTextKeyword.execute(SetTextKeyword.groovy:39)
	at com.kms.katalon.core.keyword.internal.KeywordExecutor.executeKeywordForPlatform(KeywordExecutor.groovy:74)
	at com.kms.katalon.core.webui.keyword.WebUiBuiltInKeywords.setText(WebUiBuiltInKeywords.groovy:1019)
	at iwpPages.ccPaymentEntryPage.setDataIWPCreditCard(ccPaymentEntryPage.groovy:442)
	at java.base/jdk.internal.reflect.NativeMethodAccessorImpl.invoke0(Native Method)
	at java.base/jdk.internal.reflect.NativeMethodAccessorImpl.invoke(NativeMethodAccessorImpl.java:77)
	at java.base/jdk.internal.reflect.DelegatingMethodAccessorImpl.invoke(DelegatingMethodAccessorImpl.java:43)
	at com.kms.katalon.core.main.CustomKeywordDelegatingMetaClass.invokeStaticMethod(CustomKeywordDelegatingMetaClass.java:55)
	at PayNowSuccesfulPaymentCC.run(PayNowSuccesfulPaymentCC:81)
	at com.kms.katalon.core.main.ScriptEngine.run(ScriptEngine.java:194)
	at com.kms.katalon.core.main.ScriptEngine.runScriptAsRawText(ScriptEngine.java:119)
	at com.kms.katalon.core.main.TestCaseExecutor.runScript(TestCaseExecutor.java:448)
	at com.kms.katalon.core.main.TestCaseExecutor.doExecute(TestCaseExecutor.java:439)
	at com.kms.katalon.core.main.TestCaseExecutor.processExecutionPhase(TestCaseExecutor.java:418)
	at com.kms.katalon.core.main.TestCaseExecutor.accessMainPhase(TestCaseExecutor.java:410)
	at com.kms.katalon.core.main.TestCaseExecutor.execute(TestCaseExecutor.java:285)
	at com.kms.katalon.core.common.CommonExecutor.accessTestCaseMainPhase(CommonExecutor.java:65)
	at com.kms.katalon.core.main.TestSuiteExecutor.accessTestSuiteMainPhase(TestSuiteExecutor.java:150)
	at com.kms.katalon.core.main.TestSuiteExecutor.execute(TestSuiteExecutor.java:106)
	at com.kms.katalon.core.main.TestCaseMain.startTestSuite(TestCaseMain.java:180)
	at TempTestSuite1724852187713.run(TempTestSuite1724852187713.groovy:35)
	at java.base/jdk.internal.reflect.NativeMethodAccessorImpl.invoke0(Native Method)
	at java.base/jdk.internal.reflect.NativeMethodAccessorImpl.invoke(NativeMethodAccessorImpl.java:77)
	at java.base/jdk.internal.reflect.DelegatingMethodAccessorImpl.invoke(DelegatingMethodAccessorImpl.java:43)
Caused by: java.lang.IllegalArgumentException: Object is null
	at com.kms.katalon.core.helper.KeywordHelper.checkTestObjectParameter(KeywordHelper.java:33)
	at com.kms.katalon.core.webui.keyword.builtin.SetTextKeyword$_setText_closure1.doCall(SetTextKeyword.groovy:47)
	at com.kms.katalon.core.webui.keyword.builtin.SetTextKeyword$_setText_closure1.call(SetTextKeyword.groovy)
	at com.kms.katalon.core.webui.keyword.internal.WebUIKeywordMain.runKeyword(WebUIKeywordMain.groovy:20)
	at com.kms.katalon.core.webui.keyword.builtin.SetTextKeyword.setText(SetTextKeyword.groovy:85)
	at com.kms.katalon.core.webui.keyword.builtin.SetTextKeyword.execute(SetTextKeyword.groovy:39)
	at com.kms.katalon.core.keyword.internal.KeywordExecutor.executeKeywordForPlatform(KeywordExecutor.groovy:74)
	at com.kms.katalon.core.webui.keyword.WebUiBuiltInKeywords.setText(WebUiBuiltInKeywords.groovy:1019)
	at iwpPages.ccPaymentEntryPage.setDataIWPCreditCard(ccPaymentEntryPage.groovy:442)
	at java.base/jdk.internal.reflect.NativeMethodAccessorImpl.invoke0(Native Method)
	at java.base/jdk.internal.reflect.NativeMethodAccessorImpl.invoke(NativeMethodAccessorImpl.java:77)
	at java.base/jdk.internal.reflect.DelegatingMethodAccessorImpl.invoke(DelegatingMethodAccessorImpl.java:43)
	at com.kms.katalon.core.main.CustomKeywordDelegatingMetaClass.invokeStaticMethod(CustomKeywordDelegatingMetaClass.java:55)
	at Script1723140349688.run(Script1723140349688.groovy:81)
	... 15 more
)
[[ATTACHMENT|C:\\Users\\t476046\\Documents\\katalon\\VPS-Katalon\\Reports\\20240828_190627\\QA\\IWP2.5\\QA_IWP2.5_Regression\\20240828_190627\\1724859358866.png]]

28-08-2024T21:05:59 - [MESSAGE][WARNING] - Test object with id 'Object Repository/IWP30/Page_CCPaymentEntry/UserDefined6' does not exist

28-08-2024T21:05:59 - [MESSAGE][WARNING] - Test object with id 'Object Repository/' does not exist

28-08-2024T21:05:59 - [MESSAGE][FAILED] - Unable to set text (Root cause: com.kms.katalon.core.exception.StepFailedException: Unable to set text
	at com.kms.katalon.core.webui.keyword.internal.WebUIKeywordMain.stepFailed(WebUIKeywordMain.groovy:64)
	at com.kms.katalon.core.webui.keyword.internal.WebUIKeywordMain.runKeyword(WebUIKeywordMain.groovy:26)
	at com.kms.katalon.core.webui.keyword.builtin.SetTextKeyword.setText(SetTextKeyword.groovy:85)
	at com.kms.katalon.core.webui.keyword.builtin.SetTextKeyword.execute(SetTextKeyword.groovy:39)
	at com.kms.katalon.core.keyword.internal.KeywordExecutor.executeKeywordForPlatform(KeywordExecutor.groovy:74)
	at com.kms.katalon.core.webui.keyword.WebUiBuiltInKeywords.setText(WebUiBuiltInKeywords.groovy:1019)
	at iwpPages.ccPaymentEntryPage.setDataIWPCreditCard(ccPaymentEntryPage.groovy:449)
	at java.base/jdk.internal.reflect.NativeMethodAccessorImpl.invoke0(Native Method)
	at java.base/jdk.internal.reflect.NativeMethodAccessorImpl.invoke(NativeMethodAccessorImpl.java:77)
	at java.base/jdk.internal.reflect.DelegatingMethodAccessorImpl.invoke(DelegatingMethodAccessorImpl.java:43)
	at com.kms.katalon.core.main.CustomKeywordDelegatingMetaClass.invokeStaticMethod(CustomKeywordDelegatingMetaClass.java:55)
	at PayNowSuccesfulPaymentCC.run(PayNowSuccesfulPaymentCC:81)
	at com.kms.katalon.core.main.ScriptEngine.run(ScriptEngine.java:194)
	at com.kms.katalon.core.main.ScriptEngine.runScriptAsRawText(ScriptEngine.java:119)
	at com.kms.katalon.core.main.TestCaseExecutor.runScript(TestCaseExecutor.java:448)
	at com.kms.katalon.core.main.TestCaseExecutor.doExecute(TestCaseExecutor.java:439)
	at com.kms.katalon.core.main.TestCaseExecutor.processExecutionPhase(TestCaseExecutor.java:418)
	at com.kms.katalon.core.main.TestCaseExecutor.accessMainPhase(TestCaseExecutor.java:410)
	at com.kms.katalon.core.main.TestCaseExecutor.execute(TestCaseExecutor.java:285)
	at com.kms.katalon.core.common.CommonExecutor.accessTestCaseMainPhase(CommonExecutor.java:65)
	at com.kms.katalon.core.main.TestSuiteExecutor.accessTestSuiteMainPhase(TestSuiteExecutor.java:150)
	at com.kms.katalon.core.main.TestSuiteExecutor.execute(TestSuiteExecutor.java:106)
	at com.kms.katalon.core.main.TestCaseMain.startTestSuite(TestCaseMain.java:180)
	at TempTestSuite1724852187713.run(TempTestSuite1724852187713.groovy:35)
	at java.base/jdk.internal.reflect.NativeMethodAccessorImpl.invoke0(Native Method)
	at java.base/jdk.internal.reflect.NativeMethodAccessorImpl.invoke(NativeMethodAccessorImpl.java:77)
	at java.base/jdk.internal.reflect.DelegatingMethodAccessorImpl.invoke(DelegatingMethodAccessorImpl.java:43)
Caused by: java.lang.IllegalArgumentException: Object is null
	at com.kms.katalon.core.helper.KeywordHelper.checkTestObjectParameter(KeywordHelper.java:33)
	at com.kms.katalon.core.webui.keyword.builtin.SetTextKeyword$_setText_closure1.doCall(SetTextKeyword.groovy:47)
	at com.kms.katalon.core.webui.keyword.builtin.SetTextKeyword$_setText_closure1.call(SetTextKeyword.groovy)
	at com.kms.katalon.core.webui.keyword.internal.WebUIKeywordMain.runKeyword(WebUIKeywordMain.groovy:20)
	at com.kms.katalon.core.webui.keyword.builtin.SetTextKeyword.setText(SetTextKeyword.groovy:85)
	at com.kms.katalon.core.webui.keyword.builtin.SetTextKeyword.execute(SetTextKeyword.groovy:39)
	at com.kms.katalon.core.keyword.internal.KeywordExecutor.executeKeywordForPlatform(KeywordExecutor.groovy:74)
	at com.kms.katalon.core.webui.keyword.WebUiBuiltInKeywords.setText(WebUiBuiltInKeywords.groovy:1019)
	at iwpPages.ccPaymentEntryPage.setDataIWPCreditCard(ccPaymentEntryPage.groovy:449)
	at java.base/jdk.internal.reflect.NativeMethodAccessorImpl.invoke0(Native Method)
	at java.base/jdk.internal.reflect.NativeMethodAccessorImpl.invoke(NativeMethodAccessorImpl.java:77)
	at java.base/jdk.internal.reflect.DelegatingMethodAccessorImpl.invoke(DelegatingMethodAccessorImpl.java:43)
	at com.kms.katalon.core.main.CustomKeywordDelegatingMetaClass.invokeStaticMethod(CustomKeywordDelegatingMetaClass.java:55)
	at Script1723140349688.run(Script1723140349688.groovy:81)
	... 15 more
)
[[ATTACHMENT|C:\\Users\\t476046\\Documents\\katalon\\VPS-Katalon\\Reports\\20240828_190627\\QA\\IWP2.5\\QA_IWP2.5_Regression\\20240828_190627\\1724859359050.png]]

28-08-2024T21:05:59 - [MESSAGE][PASSED] - All options with label 'Orange' are selected in object 'Object Repository/IWP30/Page_CCPaymentEntry/UserDefined7' 

28-08-2024T21:06:30 - [MESSAGE][INFO] - Unable to find the element located by 'By.xpath: //*[@name = 'variableField8DropdownGroupItemID' and @alt = 'UDF8 Label tabindex=' and (text() = '--Select One--TennisSoccer' or . = '--Select One--TennisSoccer')]'. Please recheck the objects properties to make sure the desired element is located. 

28-08-2024T21:06:30 - [MESSAGE][WARNING] - [SELF-HEALING] Failed to find element with id 'Object Repository/IWP30/Page_CCPaymentEntry/UserDefined8'. Try using Self-healing.

28-08-2024T21:06:31 - [MESSAGE][WARNING] - [SELF-HEALING] The current locator of test object 'Object Repository/IWP30/Page_CCPaymentEntry/UserDefined8' was broken. Propose an alternative one: '//select[@name='variableField8DropdownGroupItemID']'.

28-08-2024T21:06:31 - [MESSAGE][PASSED] - All options with label 'Soccer' are selected in object 'Object Repository/IWP30/Page_CCPaymentEntry/UserDefined8' 

28-08-2024T21:06:31 - [MESSAGE][WARNING] - Test object with id 'Object Repository/IWP30/Page_CCPaymentEntry/UserDefined9' does not exist

28-08-2024T21:06:31 - [MESSAGE][WARNING] - Test object with id 'Object Repository/' does not exist

28-08-2024T21:06:31 - [MESSAGE][FAILED] - Unable to select option by label  (Root cause: com.kms.katalon.core.exception.StepFailedException: Unable to select option by label 
	at com.kms.katalon.core.webui.keyword.internal.WebUIKeywordMain.stepFailed(WebUIKeywordMain.groovy:64)
	at com.kms.katalon.core.webui.keyword.internal.WebUIKeywordMain.runKeyword(WebUIKeywordMain.groovy:26)
	at com.kms.katalon.core.webui.keyword.builtin.SelectOptionByLabelKeyword.selectOptionByLabel(SelectOptionByLabelKeyword.groovy:98)
	at com.kms.katalon.core.webui.keyword.builtin.SelectOptionByLabelKeyword.execute(SelectOptionByLabelKeyword.groovy:71)
	at com.kms.katalon.core.keyword.internal.KeywordExecutor.executeKeywordForPlatform(KeywordExecutor.groovy:74)
	at com.kms.katalon.core.webui.keyword.WebUiBuiltInKeywords.selectOptionByLabel(WebUiBuiltInKeywords.groovy:1269)
	at iwpPages.ccPaymentEntryPage.setDataIWPCreditCard(ccPaymentEntryPage.groovy:474)
	at java.base/jdk.internal.reflect.NativeMethodAccessorImpl.invoke0(Native Method)
	at java.base/jdk.internal.reflect.NativeMethodAccessorImpl.invoke(NativeMethodAccessorImpl.java:77)
	at java.base/jdk.internal.reflect.DelegatingMethodAccessorImpl.invoke(DelegatingMethodAccessorImpl.java:43)
	at com.kms.katalon.core.main.CustomKeywordDelegatingMetaClass.invokeStaticMethod(CustomKeywordDelegatingMetaClass.java:55)
	at PayNowSuccesfulPaymentCC.run(PayNowSuccesfulPaymentCC:81)
	at com.kms.katalon.core.main.ScriptEngine.run(ScriptEngine.java:194)
	at com.kms.katalon.core.main.ScriptEngine.runScriptAsRawText(ScriptEngine.java:119)
	at com.kms.katalon.core.main.TestCaseExecutor.runScript(TestCaseExecutor.java:448)
	at com.kms.katalon.core.main.TestCaseExecutor.doExecute(TestCaseExecutor.java:439)
	at com.kms.katalon.core.main.TestCaseExecutor.processExecutionPhase(TestCaseExecutor.java:418)
	at com.kms.katalon.core.main.TestCaseExecutor.accessMainPhase(TestCaseExecutor.java:410)
	at com.kms.katalon.core.main.TestCaseExecutor.execute(TestCaseExecutor.java:285)
	at com.kms.katalon.core.common.CommonExecutor.accessTestCaseMainPhase(CommonExecutor.java:65)
	at com.kms.katalon.core.main.TestSuiteExecutor.accessTestSuiteMainPhase(TestSuiteExecutor.java:150)
	at com.kms.katalon.core.main.TestSuiteExecutor.execute(TestSuiteExecutor.java:106)
	at com.kms.katalon.core.main.TestCaseMain.startTestSuite(TestCaseMain.java:180)
	at TempTestSuite1724852187713.run(TempTestSuite1724852187713.groovy:35)
	at java.base/jdk.internal.reflect.NativeMethodAccessorImpl.invoke0(Native Method)
	at java.base/jdk.internal.reflect.NativeMethodAccessorImpl.invoke(NativeMethodAccessorImpl.java:77)
	at java.base/jdk.internal.reflect.DelegatingMethodAccessorImpl.invoke(DelegatingMethodAccessorImpl.java:43)
Caused by: java.lang.IllegalArgumentException: Object is null
	at com.kms.katalon.core.helper.KeywordHelper.checkTestObjectParameter(KeywordHelper.java:33)
	at com.kms.katalon.core.webui.keyword.builtin.SelectOptionByLabelKeyword$_selectOptionByLabel_closure1.doCall(SelectOptionByLabelKeyword.groovy:80)
	at com.kms.katalon.core.webui.keyword.builtin.SelectOptionByLabelKeyword$_selectOptionByLabel_closure1.call(SelectOptionByLabelKeyword.groovy)
	at com.kms.katalon.core.webui.keyword.internal.WebUIKeywordMain.runKeyword(WebUIKeywordMain.groovy:20)
	at com.kms.katalon.core.webui.keyword.builtin.SelectOptionByLabelKeyword.selectOptionByLabel(SelectOptionByLabelKeyword.groovy:98)
	at com.kms.katalon.core.webui.keyword.builtin.SelectOptionByLabelKeyword.execute(SelectOptionByLabelKeyword.groovy:71)
	at com.kms.katalon.core.keyword.internal.KeywordExecutor.executeKeywordForPlatform(KeywordExecutor.groovy:74)
	at com.kms.katalon.core.webui.keyword.WebUiBuiltInKeywords.selectOptionByLabel(WebUiBuiltInKeywords.groovy:1269)
	at iwpPages.ccPaymentEntryPage.setDataIWPCreditCard(ccPaymentEntryPage.groovy:474)
	at java.base/jdk.internal.reflect.NativeMethodAccessorImpl.invoke0(Native Method)
	at java.base/jdk.internal.reflect.NativeMethodAccessorImpl.invoke(NativeMethodAccessorImpl.java:77)
	at java.base/jdk.internal.reflect.DelegatingMethodAccessorImpl.invoke(DelegatingMethodAccessorImpl.java:43)
	at com.kms.katalon.core.main.CustomKeywordDelegatingMetaClass.invokeStaticMethod(CustomKeywordDelegatingMetaClass.java:55)
	at Script1723140349688.run(Script1723140349688.groovy:81)
	... 15 more
)
[[ATTACHMENT|C:\\Users\\t476046\\Documents\\katalon\\VPS-Katalon\\Reports\\20240828_190627\\QA\\IWP2.5\\QA_IWP2.5_Regression\\20240828_190627\\1724859391511.png]]

28-08-2024T21:06:31 - [MESSAGE][WARNING] - Test object with id 'Object Repository/IWP30/Page_CCPaymentEntry/UserDefined10' does not exist

28-08-2024T21:06:31 - [MESSAGE][WARNING] - Test object with id 'Object Repository/' does not exist

28-08-2024T21:06:31 - [MESSAGE][FAILED] - Unable to select option by label  (Root cause: com.kms.katalon.core.exception.StepFailedException: Unable to select option by label 
	at com.kms.katalon.core.webui.keyword.internal.WebUIKeywordMain.stepFailed(WebUIKeywordMain.groovy:64)
	at com.kms.katalon.core.webui.keyword.internal.WebUIKeywordMain.runKeyword(WebUIKeywordMain.groovy:26)
	at com.kms.katalon.core.webui.keyword.builtin.SelectOptionByLabelKeyword.selectOptionByLabel(SelectOptionByLabelKeyword.groovy:98)
	at com.kms.katalon.core.webui.keyword.builtin.SelectOptionByLabelKeyword.execute(SelectOptionByLabelKeyword.groovy:71)
	at com.kms.katalon.core.keyword.internal.KeywordExecutor.executeKeywordForPlatform(KeywordExecutor.groovy:74)
	at com.kms.katalon.core.webui.keyword.WebUiBuiltInKeywords.selectOptionByLabel(WebUiBuiltInKeywords.groovy:1269)
	at iwpPages.ccPaymentEntryPage.setDataIWPCreditCard(ccPaymentEntryPage.groovy:481)
	at java.base/jdk.internal.reflect.NativeMethodAccessorImpl.invoke0(Native Method)
	at java.base/jdk.internal.reflect.NativeMethodAccessorImpl.invoke(NativeMethodAccessorImpl.java:77)
	at java.base/jdk.internal.reflect.DelegatingMethodAccessorImpl.invoke(DelegatingMethodAccessorImpl.java:43)
	at com.kms.katalon.core.main.CustomKeywordDelegatingMetaClass.invokeStaticMethod(CustomKeywordDelegatingMetaClass.java:55)
	at PayNowSuccesfulPaymentCC.run(PayNowSuccesfulPaymentCC:81)
	at com.kms.katalon.core.main.ScriptEngine.run(ScriptEngine.java:194)
	at com.kms.katalon.core.main.ScriptEngine.runScriptAsRawText(ScriptEngine.java:119)
	at com.kms.katalon.core.main.TestCaseExecutor.runScript(TestCaseExecutor.java:448)
	at com.kms.katalon.core.main.TestCaseExecutor.doExecute(TestCaseExecutor.java:439)
	at com.kms.katalon.core.main.TestCaseExecutor.processExecutionPhase(TestCaseExecutor.java:418)
	at com.kms.katalon.core.main.TestCaseExecutor.accessMainPhase(TestCaseExecutor.java:410)
	at com.kms.katalon.core.main.TestCaseExecutor.execute(TestCaseExecutor.java:285)
	at com.kms.katalon.core.common.CommonExecutor.accessTestCaseMainPhase(CommonExecutor.java:65)
	at com.kms.katalon.core.main.TestSuiteExecutor.accessTestSuiteMainPhase(TestSuiteExecutor.java:150)
	at com.kms.katalon.core.main.TestSuiteExecutor.execute(TestSuiteExecutor.java:106)
	at com.kms.katalon.core.main.TestCaseMain.startTestSuite(TestCaseMain.java:180)
	at TempTestSuite1724852187713.run(TempTestSuite1724852187713.groovy:35)
	at java.base/jdk.internal.reflect.NativeMethodAccessorImpl.invoke0(Native Method)
	at java.base/jdk.internal.reflect.NativeMethodAccessorImpl.invoke(NativeMethodAccessorImpl.java:77)
	at java.base/jdk.internal.reflect.DelegatingMethodAccessorImpl.invoke(DelegatingMethodAccessorImpl.java:43)
Caused by: java.lang.IllegalArgumentException: Object is null
	at com.kms.katalon.core.helper.KeywordHelper.checkTestObjectParameter(KeywordHelper.java:33)
	at com.kms.katalon.core.webui.keyword.builtin.SelectOptionByLabelKeyword$_selectOptionByLabel_closure1.doCall(SelectOptionByLabelKeyword.groovy:80)
	at com.kms.katalon.core.webui.keyword.builtin.SelectOptionByLabelKeyword$_selectOptionByLabel_closure1.call(SelectOptionByLabelKeyword.groovy)
	at com.kms.katalon.core.webui.keyword.internal.WebUIKeywordMain.runKeyword(WebUIKeywordMain.groovy:20)
	at com.kms.katalon.core.webui.keyword.builtin.SelectOptionByLabelKeyword.selectOptionByLabel(SelectOptionByLabelKeyword.groovy:98)
	at com.kms.katalon.core.webui.keyword.builtin.SelectOptionByLabelKeyword.execute(SelectOptionByLabelKeyword.groovy:71)
	at com.kms.katalon.core.keyword.internal.KeywordExecutor.executeKeywordForPlatform(KeywordExecutor.groovy:74)
	at com.kms.katalon.core.webui.keyword.WebUiBuiltInKeywords.selectOptionByLabel(WebUiBuiltInKeywords.groovy:1269)
	at iwpPages.ccPaymentEntryPage.setDataIWPCreditCard(ccPaymentEntryPage.groovy:481)
	at java.base/jdk.internal.reflect.NativeMethodAccessorImpl.invoke0(Native Method)
	at java.base/jdk.internal.reflect.NativeMethodAccessorImpl.invoke(NativeMethodAccessorImpl.java:77)
	at java.base/jdk.internal.reflect.DelegatingMethodAccessorImpl.invoke(DelegatingMethodAccessorImpl.java:43)
	at com.kms.katalon.core.main.CustomKeywordDelegatingMetaClass.invokeStaticMethod(CustomKeywordDelegatingMetaClass.java:55)
	at Script1723140349688.run(Script1723140349688.groovy:81)
	... 15 more
)
[[ATTACHMENT|C:\\Users\\t476046\\Documents\\katalon\\VPS-Katalon\\Reports\\20240828_190627\\QA\\IWP2.5\\QA_IWP2.5_Regression\\20240828_190627\\1724859391703.png]]

28-08-2024T21:06:32 - [MESSAGE][PASSED] - Text 'Kavita Ranawati' is set on object 'Object Repository/IWP30/Page_CCPaymentEntry/Name'

28-08-2024T21:06:33 - [MESSAGE][PASSED] - Text '4111111111111111' is set on object 'Object Repository/IWP30/Page_CCPaymentEntry/CardNumber'

28-08-2024T21:06:35 - [MESSAGE][PASSED] - Text '123' is set on object 'Object Repository/IWP30/Page_CCPaymentEntry/SPC'

28-08-2024T21:06:37 - [MESSAGE][PASSED] - All options with label '09' are selected in object 'Object Repository/IWP30/Page_CCPaymentEntry/Month' 

28-08-2024T21:06:37 - [MESSAGE][PASSED] - All options with label '2028' are selected in object 'Object Repository/IWP30/Page_CCPaymentEntry/Year' 

28-08-2024T21:06:38 - [MESSAGE][PASSED] - Text '365 Main Avenue' is set on object 'Object Repository/IWP30/Page_CCPaymentEntry/AL1'

28-08-2024T21:06:38 - [MESSAGE][PASSED] - Text '22201' is set on object 'Object Repository/IWP30/Page_CCPaymentEntry/ZIP'

28-08-2024T21:06:39 - [MESSAGE][PASSED] - Text 'iahmed@govolution.com' is set on object 'Object Repository/IWP30/Page_CCPaymentEntry/EmailAddress'

28-08-2024T21:06:41 - [MESSAGE][PASSED] - Object 'Object Repository/IWP30/Page_CCPaymentEntry/TermCondCheckBox' is present

28-08-2024T21:06:42 - [MESSAGE][PASSED] - Object 'Object Repository/IWP30/Page_CCPaymentEntry/TermCondCheckBox' is checked

28-08-2024T21:06:42 - [MESSAGE][PASSED] - Object 'Object Repository/IWP30/Page_CCPaymentEntry/ContinueButton' is present

28-08-2024T21:06:44 - [MESSAGE][PASSED] - Object: 'Object Repository/IWP30/Page_CCPaymentEntry/ContinueButton' is clicked on

28-08-2024T21:06:44 - [MESSAGE][FAILED] - com.kms.katalon.core.exception.StepFailedException: Unable to set text (Root cause: com.kms.katalon.core.exception.StepFailedException: Unable to set text
	at com.kms.katalon.core.webui.keyword.internal.WebUIKeywordMain.stepFailed(WebUIKeywordMain.groovy:64)
	at com.kms.katalon.core.webui.keyword.internal.WebUIKeywordMain.runKeyword(WebUIKeywordMain.groovy:26)
	at com.kms.katalon.core.webui.keyword.builtin.SetTextKeyword.setText(SetTextKeyword.groovy:85)
	at com.kms.katalon.core.webui.keyword.builtin.SetTextKeyword.execute(SetTextKeyword.groovy:39)
	at com.kms.katalon.core.keyword.internal.KeywordExecutor.executeKeywordForPlatform(KeywordExecutor.groovy:74)
	at com.kms.katalon.core.webui.keyword.WebUiBuiltInKeywords.setText(WebUiBuiltInKeywords.groovy:1019)
	at iwpPages.ccPaymentEntryPage.setDataIWPCreditCard(ccPaymentEntryPage.groovy:410)
	at java.base/jdk.internal.reflect.NativeMethodAccessorImpl.invoke0(Native Method)
	at java.base/jdk.internal.reflect.NativeMethodAccessorImpl.invoke(NativeMethodAccessorImpl.java:77)
	at java.base/jdk.internal.reflect.DelegatingMethodAccessorImpl.invoke(DelegatingMethodAccessorImpl.java:43)
	at com.kms.katalon.core.main.CustomKeywordDelegatingMetaClass.invokeStaticMethod(CustomKeywordDelegatingMetaClass.java:55)
	at PayNowSuccesfulPaymentCC.run(PayNowSuccesfulPaymentCC:81)
	at com.kms.katalon.core.main.ScriptEngine.run(ScriptEngine.java:194)
	at com.kms.katalon.core.main.ScriptEngine.runScriptAsRawText(ScriptEngine.java:119)
	at com.kms.katalon.core.main.TestCaseExecutor.runScript(TestCaseExecutor.java:448)
	at com.kms.katalon.core.main.TestCaseExecutor.doExecute(TestCaseExecutor.java:439)
	at com.kms.katalon.core.main.TestCaseExecutor.processExecutionPhase(TestCaseExecutor.java:418)
	at com.kms.katalon.core.main.TestCaseExecutor.accessMainPhase(TestCaseExecutor.java:410)
	at com.kms.katalon.core.main.TestCaseExecutor.execute(TestCaseExecutor.java:285)
	at com.kms.katalon.core.common.CommonExecutor.accessTestCaseMainPhase(CommonExecutor.java:65)
	at com.kms.katalon.core.main.TestSuiteExecutor.accessTestSuiteMainPhase(TestSuiteExecutor.java:150)
	at com.kms.katalon.core.main.TestSuiteExecutor.execute(TestSuiteExecutor.java:106)
	at com.kms.katalon.core.main.TestCaseMain.startTestSuite(TestCaseMain.java:180)
	at TempTestSuite1724852187713.run(TempTestSuite1724852187713.groovy:35)
	at java.base/jdk.internal.reflect.NativeMethodAccessorImpl.invoke0(Native Method)
	at java.base/jdk.internal.reflect.NativeMethodAccessorImpl.invoke(NativeMethodAccessorImpl.java:77)
	at java.base/jdk.internal.reflect.DelegatingMethodAccessorImpl.invoke(DelegatingMethodAccessorImpl.java:43)
Caused by: java.lang.IllegalArgumentException: Object is null
	at com.kms.katalon.core.helper.KeywordHelper.checkTestObjectParameter(KeywordHelper.java:33)
	at com.kms.katalon.core.webui.keyword.builtin.SetTextKeyword$_setText_closure1.doCall(SetTextKeyword.groovy:47)
	at com.kms.katalon.core.webui.keyword.builtin.SetTextKeyword$_setText_closure1.call(SetTextKeyword.groovy)
	at com.kms.katalon.core.webui.keyword.internal.WebUIKeywordMain.runKeyword(WebUIKeywordMain.groovy:20)
	at com.kms.katalon.core.webui.keyword.builtin.SetTextKeyword.setText(SetTextKeyword.groovy:85)
	at com.kms.katalon.core.webui.keyword.builtin.SetTextKeyword.execute(SetTextKeyword.groovy:39)
	at com.kms.katalon.core.keyword.internal.KeywordExecutor.executeKeywordForPlatform(KeywordExecutor.groovy:74)
	at com.kms.katalon.core.webui.keyword.WebUiBuiltInKeywords.setText(WebUiBuiltInKeywords.groovy:1019)
	at iwpPages.ccPaymentEntryPage.setDataIWPCreditCard(ccPaymentEntryPage.groovy:410)
	at java.base/jdk.internal.reflect.NativeMethodAccessorImpl.invoke0(Native Method)
	at java.base/jdk.internal.reflect.NativeMethodAccessorImpl.invoke(NativeMethodAccessorImpl.java:77)
	at java.base/jdk.internal.reflect.DelegatingMethodAccessorImpl.invoke(DelegatingMethodAccessorImpl.java:43)
	at com.kms.katalon.core.main.CustomKeywordDelegatingMetaClass.invokeStaticMethod(CustomKeywordDelegatingMetaClass.java:55)
	at Script1723140349688.run(Script1723140349688.groovy:81)
	... 15 more
)

28-08-2024T21:06:44 - [TEST_STEP][PASSED] - click(findTestObject("Object Repository/IWP30/Page_Confirmation/ConfirmButton")): Object: 'Object Repository/IWP30/Page_Confirmation/ConfirmButton' is clicked on

28-08-2024T21:06:46 - [MESSAGE][PASSED] - Object: 'Object Repository/IWP30/Page_Confirmation/ConfirmButton' is clicked on

28-08-2024T21:06:46 - [TEST_STEP][PASSED] - Thread.sleep(10000): null

28-08-2024T21:06:56 - [TEST_STEP][PASSED] - Thread.sleep(10000): null

28-08-2024T21:07:07 - [TEST_STEP][PASSED] - if (verifyTextPresent("Successful Payment Receipt", false)): null

28-08-2024T21:07:07 - [MESSAGE][PASSED] - Text 'Successful Payment Receipt' is present on page 

28-08-2024T21:07:07 - [TEST_STEP][PASSED] - println("Successful Payment Receipt text is present on the Receipt page"): null

28-08-2024T21:07:07 - [TEST_STEP][PASSED] - markPassed("Successful Payment Receipt text is present on the Receipt page"): Successful Payment Receipt text is present on the Receipt page

28-08-2024T21:07:07 - [MESSAGE][PASSED] - Successful Payment Receipt text is present on the Receipt page

28-08-2024T21:07:07 - [TEST_STEP][PASSED] - resText = "Pass": null

28-08-2024T21:07:07 - [TEST_STEP][PASSED] - pages.WriteExcel.demoKey(resText, datText, resColumn, datCloumn, fileLoc, nameSheet, row): pages.WriteExcel.demoKey is PASSED

28-08-2024T21:07:08 - [MESSAGE][PASSED] - pages.WriteExcel.demoKey is PASSED

28-08-2024T21:07:08 - [TEST_STEP][PASSED] - ExecuteTC = findTestData(dataFile).getValue("Execute", row): null

28-08-2024T21:07:08 - [TEST_STEP][PASSED] - out.println("Value of Execute is : " + ExecuteTC): null

28-08-2024T21:07:08 - [TEST_STEP][FAILED] - if (ExecuteTC.equalsIgnoreCase("Y")): null

28-08-2024T21:07:08 - [TEST_STEP][PASSED] - out.println("Begin Record Number: " + row): null

28-08-2024T21:07:08 - [TEST_STEP][PASSED] - today = new java.util.Date(): null

28-08-2024T21:07:08 - [TEST_STEP][PASSED] - println(today): null

28-08-2024T21:07:08 - [TEST_STEP][PASSED] - datText = today: null

28-08-2024T21:07:08 - [TEST_STEP][PASSED] - EmulatorDataKey = findTestData(dataFile).getValue("EmulatorData", row): null

28-08-2024T21:07:08 - [TEST_STEP][PASSED] - out.println("Value of Emulator Key is : " + EmulatorDataKey): null

28-08-2024T21:07:08 - [TEST_STEP][PASSED] - iwpPages.emulatorIWP30.setDataEmulator_DD(EmulatorDataKey): iwpPages.emulatorIWP30.setDataEmulator_DD is PASSED

28-08-2024T21:07:09 - [MESSAGE][WARNING] - A browser is already opened. Closing browser and opening a new one

28-08-2024T21:07:09 - [MESSAGE][INFO] - Starting 'Edge Chromium' driver

28-08-2024T21:07:09 - [MESSAGE][INFO] - User set preference: ['acceptInsecureCerts', 'true']

28-08-2024T21:07:12 - [MESSAGE][INFO] - Action delay is set to 0 milliseconds

28-08-2024T21:07:17 - [MESSAGE][PASSED] - Browser is opened with url: 'https://qa2.velocitypayment.com/agency/config.do?action=editor&message_version=2_5'

28-08-2024T21:07:19 - [MESSAGE][PASSED] - Current window maximized

28-08-2024T21:07:19 - [MESSAGE][PASSED] - All options with value '2.5' are selected in object 'Object Repository/IWP30/Page_VRelay30Emulator/MV'  using regular expression

28-08-2024T21:07:20 - [MESSAGE][PASSED] - Text '10.50' is set on object 'Object Repository/IWP30/Page_VRelay30Emulator/Amount'

28-08-2024T21:07:21 - [MESSAGE][PASSED] - Text '26413414' is set on object 'Object Repository/IWP30/Page_VRelay30Emulator/CAN'

28-08-2024T21:07:21 - [MESSAGE][PASSED] - Text 'PayNow' is set on object 'Object Repository/IWP30/Page_VRelay30Emulator/Action'

28-08-2024T21:07:22 - [MESSAGE][PASSED] - Text 'en_US' is set on object 'Object Repository/IWP30/Page_VRelay30Emulator/Lang'

28-08-2024T21:07:24 - [MESSAGE][PASSED] - Text '' is set on object 'Object Repository/IWP30/Page_VRelay30Emulator/Fname'

28-08-2024T21:07:25 - [MESSAGE][PASSED] - Text '' is set on object 'Object Repository/IWP30/Page_VRelay30Emulator/Lname'

28-08-2024T21:07:26 - [MESSAGE][PASSED] - Text '' is set on object 'Object Repository/IWP30/Page_VRelay30Emulator/AL1'

28-08-2024T21:07:26 - [MESSAGE][PASSED] - Text '' is set on object 'Object Repository/IWP30/Page_VRelay30Emulator/AL2'

28-08-2024T21:07:27 - [MESSAGE][PASSED] - Text '' is set on object 'Object Repository/IWP30/Page_VRelay30Emulator/Country'

28-08-2024T21:07:28 - [MESSAGE][PASSED] - Text '' is set on object 'Object Repository/IWP30/Page_VRelay30Emulator/City'

28-08-2024T21:07:28 - [MESSAGE][PASSED] - Text '' is set on object 'Object Repository/IWP30/Page_VRelay30Emulator/State'

28-08-2024T21:07:29 - [MESSAGE][PASSED] - Text '' is set on object 'Object Repository/IWP30/Page_VRelay30Emulator/ZIP'

28-08-2024T21:07:30 - [MESSAGE][PASSED] - Text '' is set on object 'Object Repository/IWP30/Page_VRelay30Emulator/Order'

28-08-2024T21:07:31 - [MESSAGE][PASSED] - Text '' is set on object 'Object Repository/IWP30/Page_VRelay30Emulator/Company'

28-08-2024T21:07:32 - [MESSAGE][PASSED] - Text '' is set on object 'Object Repository/IWP30/Page_VRelay30Emulator/Email'

28-08-2024T21:07:33 - [MESSAGE][PASSED] - Text '' is set on object 'Object Repository/IWP30/Page_VRelay30Emulator/UDF1'

28-08-2024T21:07:33 - [MESSAGE][PASSED] - Text '' is set on object 'Object Repository/IWP30/Page_VRelay30Emulator/UDF2'

28-08-2024T21:07:34 - [MESSAGE][PASSED] - Text '' is set on object 'Object Repository/IWP30/Page_VRelay30Emulator/UDF3'

28-08-2024T21:07:34 - [MESSAGE][PASSED] - Text 'udf data 4' is set on object 'Object Repository/IWP30/Page_VRelay30Emulator/UDF4'

28-08-2024T21:07:35 - [MESSAGE][PASSED] - Text 'udf data 5' is set on object 'Object Repository/IWP30/Page_VRelay30Emulator/UDF5'

28-08-2024T21:07:36 - [MESSAGE][PASSED] - Text '' is set on object 'Object Repository/IWP30/Page_VRelay30Emulator/UDF6'

28-08-2024T21:07:37 - [MESSAGE][PASSED] - Text '' is set on object 'Object Repository/IWP30/Page_VRelay30Emulator/UDF7'

28-08-2024T21:07:39 - [MESSAGE][PASSED] - Text '' is set on object 'Object Repository/IWP30/Page_VRelay30Emulator/UDF8'

28-08-2024T21:07:39 - [MESSAGE][PASSED] - Text 'udf data 9' is set on object 'Object Repository/IWP30/Page_VRelay30Emulator/UDF9'

28-08-2024T21:07:40 - [MESSAGE][PASSED] - Text 'udf data 10' is set on object 'Object Repository/IWP30/Page_VRelay30Emulator/UDF10'

28-08-2024T21:07:41 - [MESSAGE][PASSED] - Object: 'Object Repository/IWP30/Page_VRelay30Emulator/Submit' is clicked on

28-08-2024T21:07:46 - [MESSAGE][PASSED] - Browser is closed

28-08-2024T21:07:50 - [MESSAGE][PASSED] - iwpPages.emulatorIWP30.setDataEmulator_DD is PASSED

28-08-2024T21:07:50 - [TEST_STEP][PASSED] - testHarnessURL = urlTestHarness: null

28-08-2024T21:07:50 - [TEST_STEP][PASSED] - openBrowser(testHarnessURL): Browser is opened with url: 'https://dev-algorithm.govolution.com/vrelaytest/QA2/version_2_2/vrelaytest.html'

28-08-2024T21:07:50 - [MESSAGE][INFO] - Starting 'Edge Chromium' driver

28-08-2024T21:07:50 - [MESSAGE][INFO] - User set preference: ['acceptInsecureCerts', 'true']

28-08-2024T21:07:52 - [MESSAGE][INFO] - Action delay is set to 0 milliseconds

28-08-2024T21:07:58 - [MESSAGE][PASSED] - Browser is opened with url: 'https://dev-algorithm.govolution.com/vrelaytest/QA2/version_2_2/vrelaytest.html'

28-08-2024T21:07:58 - [TEST_STEP][PASSED] - maximizeWindow(): Current window maximized

28-08-2024T21:07:59 - [MESSAGE][PASSED] - Current window maximized

28-08-2024T21:07:59 - [TEST_STEP][PASSED] - iwpPages.TestHarnessPage.setDataMethod(row, dataFile): iwpPages.TestHarnessPage.setDataMethod is PASSED

28-08-2024T21:07:59 - [MESSAGE][PASSED] - Object 'Object Repository/IWP30/Page_QATestHarness/RemittanceID' is present

28-08-2024T21:08:00 - [MESSAGE][PASSED] - Text '638' is set on object 'Object Repository/IWP30/Page_QATestHarness/ApplicationID'

28-08-2024T21:08:01 - [MESSAGE][PASSED] - Text '2.5' is set on object 'Object Repository/IWP30/Page_QATestHarness/MessageVersion'

28-08-2024T21:08:01 - [MESSAGE][PASSED] - Text 'Aa0LgjL3MCiQ' is set on object 'Object Repository/IWP30/Page_QATestHarness/RemittanceID'

28-08-2024T21:08:06 - [MESSAGE][PASSED] - Object: 'Object Repository/IWP30/Page_QATestHarness/SubmitButton' is clicked on

28-08-2024T21:08:06 - [MESSAGE][PASSED] - iwpPages.TestHarnessPage.setDataMethod is PASSED

28-08-2024T21:08:06 - [TEST_STEP][PASSED] - check(findTestObject("Object Repository/IWP30/Page_SelectPaymentMethod/PayByCreditCard")): Object 'Object Repository/IWP30/Page_SelectPaymentMethod/PayByCreditCard' is checked

28-08-2024T21:08:07 - [MESSAGE][PASSED] - Object 'Object Repository/IWP30/Page_SelectPaymentMethod/PayByCreditCard' is checked

28-08-2024T21:08:07 - [TEST_STEP][PASSED] - click(findTestObject("Object Repository/IWP30/Page_SelectPaymentMethod/MakePaymentButton")): Object: 'Object Repository/IWP30/Page_SelectPaymentMethod/MakePaymentButton' is clicked on

28-08-2024T21:08:09 - [MESSAGE][PASSED] - Object: 'Object Repository/IWP30/Page_SelectPaymentMethod/MakePaymentButton' is clicked on

28-08-2024T21:08:09 - [TEST_STEP][FAILED] - iwpPages.ccPaymentEntryPage.setDataIWPCreditCard(row, dataFile): com.kms.katalon.core.exception.StepFailedException: Unable to set text (Root cause: com.kms.katalon.core.exception.StepFailedException: Unable to set text
	at com.kms.katalon.core.webui.keyword.internal.WebUIKeywordMain.stepFailed(WebUIKeywordMain.groovy:64)
	at com.kms.katalon.core.webui.keyword.internal.WebUIKeywordMain.runKeyword(WebUIKeywordMain.groovy:26)
	at com.kms.katalon.core.webui.keyword.builtin.SetTextKeyword.setText(SetTextKeyword.groovy:85)
	at com.kms.katalon.core.webui.keyword.builtin.SetTextKeyword.execute(SetTextKeyword.groovy:39)
	at com.kms.katalon.core.keyword.internal.KeywordExecutor.executeKeywordForPlatform(KeywordExecutor.groovy:74)
	at com.kms.katalon.core.webui.keyword.WebUiBuiltInKeywords.setText(WebUiBuiltInKeywords.groovy:1019)
	at iwpPages.ccPaymentEntryPage.setDataIWPCreditCard(ccPaymentEntryPage.groovy:410)
	at java.base/jdk.internal.reflect.NativeMethodAccessorImpl.invoke0(Native Method)
	at java.base/jdk.internal.reflect.NativeMethodAccessorImpl.invoke(NativeMethodAccessorImpl.java:77)
	at java.base/jdk.internal.reflect.DelegatingMethodAccessorImpl.invoke(DelegatingMethodAccessorImpl.java:43)
	at com.kms.katalon.core.main.CustomKeywordDelegatingMetaClass.invokeStaticMethod(CustomKeywordDelegatingMetaClass.java:55)
	at PayNowSuccesfulPaymentCC.run(PayNowSuccesfulPaymentCC:81)
	at com.kms.katalon.core.main.ScriptEngine.run(ScriptEngine.java:194)
	at com.kms.katalon.core.main.ScriptEngine.runScriptAsRawText(ScriptEngine.java:119)
	at com.kms.katalon.core.main.TestCaseExecutor.runScript(TestCaseExecutor.java:448)
	at com.kms.katalon.core.main.TestCaseExecutor.doExecute(TestCaseExecutor.java:439)
	at com.kms.katalon.core.main.TestCaseExecutor.processExecutionPhase(TestCaseExecutor.java:418)
	at com.kms.katalon.core.main.TestCaseExecutor.accessMainPhase(TestCaseExecutor.java:410)
	at com.kms.katalon.core.main.TestCaseExecutor.execute(TestCaseExecutor.java:285)
	at com.kms.katalon.core.common.CommonExecutor.accessTestCaseMainPhase(CommonExecutor.java:65)
	at com.kms.katalon.core.main.TestSuiteExecutor.accessTestSuiteMainPhase(TestSuiteExecutor.java:150)
	at com.kms.katalon.core.main.TestSuiteExecutor.execute(TestSuiteExecutor.java:106)
	at com.kms.katalon.core.main.TestCaseMain.startTestSuite(TestCaseMain.java:180)
	at TempTestSuite1724852187713.run(TempTestSuite1724852187713.groovy:35)
	at java.base/jdk.internal.reflect.NativeMethodAccessorImpl.invoke0(Native Method)
	at java.base/jdk.internal.reflect.NativeMethodAccessorImpl.invoke(NativeMethodAccessorImpl.java:77)
	at java.base/jdk.internal.reflect.DelegatingMethodAccessorImpl.invoke(DelegatingMethodAccessorImpl.java:43)
Caused by: java.lang.IllegalArgumentException: Object is null
	at com.kms.katalon.core.helper.KeywordHelper.checkTestObjectParameter(KeywordHelper.java:33)
	at com.kms.katalon.core.webui.keyword.builtin.SetTextKeyword$_setText_closure1.doCall(SetTextKeyword.groovy:47)
	at com.kms.katalon.core.webui.keyword.builtin.SetTextKeyword$_setText_closure1.call(SetTextKeyword.groovy)
	at com.kms.katalon.core.webui.keyword.internal.WebUIKeywordMain.runKeyword(WebUIKeywordMain.groovy:20)
	at com.kms.katalon.core.webui.keyword.builtin.SetTextKeyword.setText(SetTextKeyword.groovy:85)
	at com.kms.katalon.core.webui.keyword.builtin.SetTextKeyword.execute(SetTextKeyword.groovy:39)
	at com.kms.katalon.core.keyword.internal.KeywordExecutor.executeKeywordForPlatform(KeywordExecutor.groovy:74)
	at com.kms.katalon.core.webui.keyword.WebUiBuiltInKeywords.setText(WebUiBuiltInKeywords.groovy:1019)
	at iwpPages.ccPaymentEntryPage.setDataIWPCreditCard(ccPaymentEntryPage.groovy:410)
	at java.base/jdk.internal.reflect.NativeMethodAccessorImpl.invoke0(Native Method)
	at java.base/jdk.internal.reflect.NativeMethodAccessorImpl.invoke(NativeMethodAccessorImpl.java:77)
	at java.base/jdk.internal.reflect.DelegatingMethodAccessorImpl.invoke(DelegatingMethodAccessorImpl.java:43)
	at com.kms.katalon.core.main.CustomKeywordDelegatingMetaClass.invokeStaticMethod(CustomKeywordDelegatingMetaClass.java:55)
	at Script1723140349688.run(Script1723140349688.groovy:81)
	... 15 more
)

28-08-2024T21:08:11 - [MESSAGE][PASSED] - Object 'Object Repository/IWP30/Page_CCPaymentEntry/Name' is present

28-08-2024T21:08:12 - [MESSAGE][PASSED] - Text '10.50' is set on object 'Object Repository/IWP30/Page_CCPaymentEntry/Amount'

28-08-2024T21:08:12 - [MESSAGE][WARNING] - Test object with id 'Object Repository/IWP30/Page_CCPaymentEntry/UserDefined1' does not exist

28-08-2024T21:08:12 - [MESSAGE][WARNING] - Test object with id 'Object Repository/' does not exist

28-08-2024T21:08:13 - [MESSAGE][FAILED] - Unable to set text (Root cause: com.kms.katalon.core.exception.StepFailedException: Unable to set text
	at com.kms.katalon.core.webui.keyword.internal.WebUIKeywordMain.stepFailed(WebUIKeywordMain.groovy:64)
	at com.kms.katalon.core.webui.keyword.internal.WebUIKeywordMain.runKeyword(WebUIKeywordMain.groovy:26)
	at com.kms.katalon.core.webui.keyword.builtin.SetTextKeyword.setText(SetTextKeyword.groovy:85)
	at com.kms.katalon.core.webui.keyword.builtin.SetTextKeyword.execute(SetTextKeyword.groovy:39)
	at com.kms.katalon.core.keyword.internal.KeywordExecutor.executeKeywordForPlatform(KeywordExecutor.groovy:74)
	at com.kms.katalon.core.webui.keyword.WebUiBuiltInKeywords.setText(WebUiBuiltInKeywords.groovy:1019)
	at iwpPages.ccPaymentEntryPage.setDataIWPCreditCard(ccPaymentEntryPage.groovy:410)
	at java.base/jdk.internal.reflect.NativeMethodAccessorImpl.invoke0(Native Method)
	at java.base/jdk.internal.reflect.NativeMethodAccessorImpl.invoke(NativeMethodAccessorImpl.java:77)
	at java.base/jdk.internal.reflect.DelegatingMethodAccessorImpl.invoke(DelegatingMethodAccessorImpl.java:43)
	at com.kms.katalon.core.main.CustomKeywordDelegatingMetaClass.invokeStaticMethod(CustomKeywordDelegatingMetaClass.java:55)
	at PayNowSuccesfulPaymentCC.run(PayNowSuccesfulPaymentCC:81)
	at com.kms.katalon.core.main.ScriptEngine.run(ScriptEngine.java:194)
	at com.kms.katalon.core.main.ScriptEngine.runScriptAsRawText(ScriptEngine.java:119)
	at com.kms.katalon.core.main.TestCaseExecutor.runScript(TestCaseExecutor.java:448)
	at com.kms.katalon.core.main.TestCaseExecutor.doExecute(TestCaseExecutor.java:439)
	at com.kms.katalon.core.main.TestCaseExecutor.processExecutionPhase(TestCaseExecutor.java:418)
	at com.kms.katalon.core.main.TestCaseExecutor.accessMainPhase(TestCaseExecutor.java:410)
	at com.kms.katalon.core.main.TestCaseExecutor.execute(TestCaseExecutor.java:285)
	at com.kms.katalon.core.common.CommonExecutor.accessTestCaseMainPhase(CommonExecutor.java:65)
	at com.kms.katalon.core.main.TestSuiteExecutor.accessTestSuiteMainPhase(TestSuiteExecutor.java:150)
	at com.kms.katalon.core.main.TestSuiteExecutor.execute(TestSuiteExecutor.java:106)
	at com.kms.katalon.core.main.TestCaseMain.startTestSuite(TestCaseMain.java:180)
	at TempTestSuite1724852187713.run(TempTestSuite1724852187713.groovy:35)
	at java.base/jdk.internal.reflect.NativeMethodAccessorImpl.invoke0(Native Method)
	at java.base/jdk.internal.reflect.NativeMethodAccessorImpl.invoke(NativeMethodAccessorImpl.java:77)
	at java.base/jdk.internal.reflect.DelegatingMethodAccessorImpl.invoke(DelegatingMethodAccessorImpl.java:43)
Caused by: java.lang.IllegalArgumentException: Object is null
	at com.kms.katalon.core.helper.KeywordHelper.checkTestObjectParameter(KeywordHelper.java:33)
	at com.kms.katalon.core.webui.keyword.builtin.SetTextKeyword$_setText_closure1.doCall(SetTextKeyword.groovy:47)
	at com.kms.katalon.core.webui.keyword.builtin.SetTextKeyword$_setText_closure1.call(SetTextKeyword.groovy)
	at com.kms.katalon.core.webui.keyword.internal.WebUIKeywordMain.runKeyword(WebUIKeywordMain.groovy:20)
	at com.kms.katalon.core.webui.keyword.builtin.SetTextKeyword.setText(SetTextKeyword.groovy:85)
	at com.kms.katalon.core.webui.keyword.builtin.SetTextKeyword.execute(SetTextKeyword.groovy:39)
	at com.kms.katalon.core.keyword.internal.KeywordExecutor.executeKeywordForPlatform(KeywordExecutor.groovy:74)
	at com.kms.katalon.core.webui.keyword.WebUiBuiltInKeywords.setText(WebUiBuiltInKeywords.groovy:1019)
	at iwpPages.ccPaymentEntryPage.setDataIWPCreditCard(ccPaymentEntryPage.groovy:410)
	at java.base/jdk.internal.reflect.NativeMethodAccessorImpl.invoke0(Native Method)
	at java.base/jdk.internal.reflect.NativeMethodAccessorImpl.invoke(NativeMethodAccessorImpl.java:77)
	at java.base/jdk.internal.reflect.DelegatingMethodAccessorImpl.invoke(DelegatingMethodAccessorImpl.java:43)
	at com.kms.katalon.core.main.CustomKeywordDelegatingMetaClass.invokeStaticMethod(CustomKeywordDelegatingMetaClass.java:55)
	at Script1723140349688.run(Script1723140349688.groovy:81)
	... 15 more
)
[[ATTACHMENT|C:\\Users\\t476046\\Documents\\katalon\\VPS-Katalon\\Reports\\20240828_190627\\QA\\IWP2.5\\QA_IWP2.5_Regression\\20240828_190627\\1724859492520.png]]

28-08-2024T21:08:13 - [MESSAGE][PASSED] - Text 'udf data 2' is set on object 'Object Repository/IWP30/Page_CCPaymentEntry/UserDefined2'

28-08-2024T21:08:14 - [MESSAGE][PASSED] - Text 'udf data 3' is set on object 'Object Repository/IWP30/Page_CCPaymentEntry/UserDefined3'

28-08-2024T21:08:14 - [MESSAGE][WARNING] - Test object with id 'Object Repository/IWP30/Page_CCPaymentEntry/UserDefined4' does not exist

28-08-2024T21:08:14 - [MESSAGE][WARNING] - Test object with id 'Object Repository/' does not exist

28-08-2024T21:08:14 - [MESSAGE][FAILED] - Unable to set text (Root cause: com.kms.katalon.core.exception.StepFailedException: Unable to set text
	at com.kms.katalon.core.webui.keyword.internal.WebUIKeywordMain.stepFailed(WebUIKeywordMain.groovy:64)
	at com.kms.katalon.core.webui.keyword.internal.WebUIKeywordMain.runKeyword(WebUIKeywordMain.groovy:26)
	at com.kms.katalon.core.webui.keyword.builtin.SetTextKeyword.setText(SetTextKeyword.groovy:85)
	at com.kms.katalon.core.webui.keyword.builtin.SetTextKeyword.execute(SetTextKeyword.groovy:39)
	at com.kms.katalon.core.keyword.internal.KeywordExecutor.executeKeywordForPlatform(KeywordExecutor.groovy:74)
	at com.kms.katalon.core.webui.keyword.WebUiBuiltInKeywords.setText(WebUiBuiltInKeywords.groovy:1019)
	at iwpPages.ccPaymentEntryPage.setDataIWPCreditCard(ccPaymentEntryPage.groovy:435)
	at java.base/jdk.internal.reflect.NativeMethodAccessorImpl.invoke0(Native Method)
	at java.base/jdk.internal.reflect.NativeMethodAccessorImpl.invoke(NativeMethodAccessorImpl.java:77)
	at java.base/jdk.internal.reflect.DelegatingMethodAccessorImpl.invoke(DelegatingMethodAccessorImpl.java:43)
	at com.kms.katalon.core.main.CustomKeywordDelegatingMetaClass.invokeStaticMethod(CustomKeywordDelegatingMetaClass.java:55)
	at PayNowSuccesfulPaymentCC.run(PayNowSuccesfulPaymentCC:81)
	at com.kms.katalon.core.main.ScriptEngine.run(ScriptEngine.java:194)
	at com.kms.katalon.core.main.ScriptEngine.runScriptAsRawText(ScriptEngine.java:119)
	at com.kms.katalon.core.main.TestCaseExecutor.runScript(TestCaseExecutor.java:448)
	at com.kms.katalon.core.main.TestCaseExecutor.doExecute(TestCaseExecutor.java:439)
	at com.kms.katalon.core.main.TestCaseExecutor.processExecutionPhase(TestCaseExecutor.java:418)
	at com.kms.katalon.core.main.TestCaseExecutor.accessMainPhase(TestCaseExecutor.java:410)
	at com.kms.katalon.core.main.TestCaseExecutor.execute(TestCaseExecutor.java:285)
	at com.kms.katalon.core.common.CommonExecutor.accessTestCaseMainPhase(CommonExecutor.java:65)
	at com.kms.katalon.core.main.TestSuiteExecutor.accessTestSuiteMainPhase(TestSuiteExecutor.java:150)
	at com.kms.katalon.core.main.TestSuiteExecutor.execute(TestSuiteExecutor.java:106)
	at com.kms.katalon.core.main.TestCaseMain.startTestSuite(TestCaseMain.java:180)
	at TempTestSuite1724852187713.run(TempTestSuite1724852187713.groovy:35)
	at java.base/jdk.internal.reflect.NativeMethodAccessorImpl.invoke0(Native Method)
	at java.base/jdk.internal.reflect.NativeMethodAccessorImpl.invoke(NativeMethodAccessorImpl.java:77)
	at java.base/jdk.internal.reflect.DelegatingMethodAccessorImpl.invoke(DelegatingMethodAccessorImpl.java:43)
Caused by: java.lang.IllegalArgumentException: Object is null
	at com.kms.katalon.core.helper.KeywordHelper.checkTestObjectParameter(KeywordHelper.java:33)
	at com.kms.katalon.core.webui.keyword.builtin.SetTextKeyword$_setText_closure1.doCall(SetTextKeyword.groovy:47)
	at com.kms.katalon.core.webui.keyword.builtin.SetTextKeyword$_setText_closure1.call(SetTextKeyword.groovy)
	at com.kms.katalon.core.webui.keyword.internal.WebUIKeywordMain.runKeyword(WebUIKeywordMain.groovy:20)
	at com.kms.katalon.core.webui.keyword.builtin.SetTextKeyword.setText(SetTextKeyword.groovy:85)
	at com.kms.katalon.core.webui.keyword.builtin.SetTextKeyword.execute(SetTextKeyword.groovy:39)
	at com.kms.katalon.core.keyword.internal.KeywordExecutor.executeKeywordForPlatform(KeywordExecutor.groovy:74)
	at com.kms.katalon.core.webui.keyword.WebUiBuiltInKeywords.setText(WebUiBuiltInKeywords.groovy:1019)
	at iwpPages.ccPaymentEntryPage.setDataIWPCreditCard(ccPaymentEntryPage.groovy:435)
	at java.base/jdk.internal.reflect.NativeMethodAccessorImpl.invoke0(Native Method)
	at java.base/jdk.internal.reflect.NativeMethodAccessorImpl.invoke(NativeMethodAccessorImpl.java:77)
	at java.base/jdk.internal.reflect.DelegatingMethodAccessorImpl.invoke(DelegatingMethodAccessorImpl.java:43)
	at com.kms.katalon.core.main.CustomKeywordDelegatingMetaClass.invokeStaticMethod(CustomKeywordDelegatingMetaClass.java:55)
	at Script1723140349688.run(Script1723140349688.groovy:81)
	... 15 more
)
[[ATTACHMENT|C:\\Users\\t476046\\Documents\\katalon\\VPS-Katalon\\Reports\\20240828_190627\\QA\\IWP2.5\\QA_IWP2.5_Regression\\20240828_190627\\1724859494331.png]]

28-08-2024T21:08:14 - [MESSAGE][WARNING] - Test object with id 'Object Repository/IWP30/Page_CCPaymentEntry/UserDefined5' does not exist

28-08-2024T21:08:14 - [MESSAGE][WARNING] - Test object with id 'Object Repository/' does not exist

28-08-2024T21:08:14 - [MESSAGE][FAILED] - Unable to set text (Root cause: com.kms.katalon.core.exception.StepFailedException: Unable to set text
	at com.kms.katalon.core.webui.keyword.internal.WebUIKeywordMain.stepFailed(WebUIKeywordMain.groovy:64)
	at com.kms.katalon.core.webui.keyword.internal.WebUIKeywordMain.runKeyword(WebUIKeywordMain.groovy:26)
	at com.kms.katalon.core.webui.keyword.builtin.SetTextKeyword.setText(SetTextKeyword.groovy:85)
	at com.kms.katalon.core.webui.keyword.builtin.SetTextKeyword.execute(SetTextKeyword.groovy:39)
	at com.kms.katalon.core.keyword.internal.KeywordExecutor.executeKeywordForPlatform(KeywordExecutor.groovy:74)
	at com.kms.katalon.core.webui.keyword.WebUiBuiltInKeywords.setText(WebUiBuiltInKeywords.groovy:1019)
	at iwpPages.ccPaymentEntryPage.setDataIWPCreditCard(ccPaymentEntryPage.groovy:442)
	at java.base/jdk.internal.reflect.NativeMethodAccessorImpl.invoke0(Native Method)
	at java.base/jdk.internal.reflect.NativeMethodAccessorImpl.invoke(NativeMethodAccessorImpl.java:77)
	at java.base/jdk.internal.reflect.DelegatingMethodAccessorImpl.invoke(DelegatingMethodAccessorImpl.java:43)
	at com.kms.katalon.core.main.CustomKeywordDelegatingMetaClass.invokeStaticMethod(CustomKeywordDelegatingMetaClass.java:55)
	at PayNowSuccesfulPaymentCC.run(PayNowSuccesfulPaymentCC:81)
	at com.kms.katalon.core.main.ScriptEngine.run(ScriptEngine.java:194)
	at com.kms.katalon.core.main.ScriptEngine.runScriptAsRawText(ScriptEngine.java:119)
	at com.kms.katalon.core.main.TestCaseExecutor.runScript(TestCaseExecutor.java:448)
	at com.kms.katalon.core.main.TestCaseExecutor.doExecute(TestCaseExecutor.java:439)
	at com.kms.katalon.core.main.TestCaseExecutor.processExecutionPhase(TestCaseExecutor.java:418)
	at com.kms.katalon.core.main.TestCaseExecutor.accessMainPhase(TestCaseExecutor.java:410)
	at com.kms.katalon.core.main.TestCaseExecutor.execute(TestCaseExecutor.java:285)
	at com.kms.katalon.core.common.CommonExecutor.accessTestCaseMainPhase(CommonExecutor.java:65)
	at com.kms.katalon.core.main.TestSuiteExecutor.accessTestSuiteMainPhase(TestSuiteExecutor.java:150)
	at com.kms.katalon.core.main.TestSuiteExecutor.execute(TestSuiteExecutor.java:106)
	at com.kms.katalon.core.main.TestCaseMain.startTestSuite(TestCaseMain.java:180)
	at TempTestSuite1724852187713.run(TempTestSuite1724852187713.groovy:35)
	at java.base/jdk.internal.reflect.NativeMethodAccessorImpl.invoke0(Native Method)
	at java.base/jdk.internal.reflect.NativeMethodAccessorImpl.invoke(NativeMethodAccessorImpl.java:77)
	at java.base/jdk.internal.reflect.DelegatingMethodAccessorImpl.invoke(DelegatingMethodAccessorImpl.java:43)
Caused by: java.lang.IllegalArgumentException: Object is null
	at com.kms.katalon.core.helper.KeywordHelper.checkTestObjectParameter(KeywordHelper.java:33)
	at com.kms.katalon.core.webui.keyword.builtin.SetTextKeyword$_setText_closure1.doCall(SetTextKeyword.groovy:47)
	at com.kms.katalon.core.webui.keyword.builtin.SetTextKeyword$_setText_closure1.call(SetTextKeyword.groovy)
	at com.kms.katalon.core.webui.keyword.internal.WebUIKeywordMain.runKeyword(WebUIKeywordMain.groovy:20)
	at com.kms.katalon.core.webui.keyword.builtin.SetTextKeyword.setText(SetTextKeyword.groovy:85)
	at com.kms.katalon.core.webui.keyword.builtin.SetTextKeyword.execute(SetTextKeyword.groovy:39)
	at com.kms.katalon.core.keyword.internal.KeywordExecutor.executeKeywordForPlatform(KeywordExecutor.groovy:74)
	at com.kms.katalon.core.webui.keyword.WebUiBuiltInKeywords.setText(WebUiBuiltInKeywords.groovy:1019)
	at iwpPages.ccPaymentEntryPage.setDataIWPCreditCard(ccPaymentEntryPage.groovy:442)
	at java.base/jdk.internal.reflect.NativeMethodAccessorImpl.invoke0(Native Method)
	at java.base/jdk.internal.reflect.NativeMethodAccessorImpl.invoke(NativeMethodAccessorImpl.java:77)
	at java.base/jdk.internal.reflect.DelegatingMethodAccessorImpl.invoke(DelegatingMethodAccessorImpl.java:43)
	at com.kms.katalon.core.main.CustomKeywordDelegatingMetaClass.invokeStaticMethod(CustomKeywordDelegatingMetaClass.java:55)
	at Script1723140349688.run(Script1723140349688.groovy:81)
	... 15 more
)
[[ATTACHMENT|C:\\Users\\t476046\\Documents\\katalon\\VPS-Katalon\\Reports\\20240828_190627\\QA\\IWP2.5\\QA_IWP2.5_Regression\\20240828_190627\\1724859494485.png]]

28-08-2024T21:08:14 - [MESSAGE][WARNING] - Test object with id 'Object Repository/IWP30/Page_CCPaymentEntry/UserDefined6' does not exist

28-08-2024T21:08:14 - [MESSAGE][WARNING] - Test object with id 'Object Repository/' does not exist

28-08-2024T21:08:14 - [MESSAGE][FAILED] - Unable to set text (Root cause: com.kms.katalon.core.exception.StepFailedException: Unable to set text
	at com.kms.katalon.core.webui.keyword.internal.WebUIKeywordMain.stepFailed(WebUIKeywordMain.groovy:64)
	at com.kms.katalon.core.webui.keyword.internal.WebUIKeywordMain.runKeyword(WebUIKeywordMain.groovy:26)
	at com.kms.katalon.core.webui.keyword.builtin.SetTextKeyword.setText(SetTextKeyword.groovy:85)
	at com.kms.katalon.core.webui.keyword.builtin.SetTextKeyword.execute(SetTextKeyword.groovy:39)
	at com.kms.katalon.core.keyword.internal.KeywordExecutor.executeKeywordForPlatform(KeywordExecutor.groovy:74)
	at com.kms.katalon.core.webui.keyword.WebUiBuiltInKeywords.setText(WebUiBuiltInKeywords.groovy:1019)
	at iwpPages.ccPaymentEntryPage.setDataIWPCreditCard(ccPaymentEntryPage.groovy:449)
	at java.base/jdk.internal.reflect.NativeMethodAccessorImpl.invoke0(Native Method)
	at java.base/jdk.internal.reflect.NativeMethodAccessorImpl.invoke(NativeMethodAccessorImpl.java:77)
	at java.base/jdk.internal.reflect.DelegatingMethodAccessorImpl.invoke(DelegatingMethodAccessorImpl.java:43)
	at com.kms.katalon.core.main.CustomKeywordDelegatingMetaClass.invokeStaticMethod(CustomKeywordDelegatingMetaClass.java:55)
	at PayNowSuccesfulPaymentCC.run(PayNowSuccesfulPaymentCC:81)
	at com.kms.katalon.core.main.ScriptEngine.run(ScriptEngine.java:194)
	at com.kms.katalon.core.main.ScriptEngine.runScriptAsRawText(ScriptEngine.java:119)
	at com.kms.katalon.core.main.TestCaseExecutor.runScript(TestCaseExecutor.java:448)
	at com.kms.katalon.core.main.TestCaseExecutor.doExecute(TestCaseExecutor.java:439)
	at com.kms.katalon.core.main.TestCaseExecutor.processExecutionPhase(TestCaseExecutor.java:418)
	at com.kms.katalon.core.main.TestCaseExecutor.accessMainPhase(TestCaseExecutor.java:410)
	at com.kms.katalon.core.main.TestCaseExecutor.execute(TestCaseExecutor.java:285)
	at com.kms.katalon.core.common.CommonExecutor.accessTestCaseMainPhase(CommonExecutor.java:65)
	at com.kms.katalon.core.main.TestSuiteExecutor.accessTestSuiteMainPhase(TestSuiteExecutor.java:150)
	at com.kms.katalon.core.main.TestSuiteExecutor.execute(TestSuiteExecutor.java:106)
	at com.kms.katalon.core.main.TestCaseMain.startTestSuite(TestCaseMain.java:180)
	at TempTestSuite1724852187713.run(TempTestSuite1724852187713.groovy:35)
	at java.base/jdk.internal.reflect.NativeMethodAccessorImpl.invoke0(Native Method)
	at java.base/jdk.internal.reflect.NativeMethodAccessorImpl.invoke(NativeMethodAccessorImpl.java:77)
	at java.base/jdk.internal.reflect.DelegatingMethodAccessorImpl.invoke(DelegatingMethodAccessorImpl.java:43)
Caused by: java.lang.IllegalArgumentException: Object is null
	at com.kms.katalon.core.helper.KeywordHelper.checkTestObjectParameter(KeywordHelper.java:33)
	at com.kms.katalon.core.webui.keyword.builtin.SetTextKeyword$_setText_closure1.doCall(SetTextKeyword.groovy:47)
	at com.kms.katalon.core.webui.keyword.builtin.SetTextKeyword$_setText_closure1.call(SetTextKeyword.groovy)
	at com.kms.katalon.core.webui.keyword.internal.WebUIKeywordMain.runKeyword(WebUIKeywordMain.groovy:20)
	at com.kms.katalon.core.webui.keyword.builtin.SetTextKeyword.setText(SetTextKeyword.groovy:85)
	at com.kms.katalon.core.webui.keyword.builtin.SetTextKeyword.execute(SetTextKeyword.groovy:39)
	at com.kms.katalon.core.keyword.internal.KeywordExecutor.executeKeywordForPlatform(KeywordExecutor.groovy:74)
	at com.kms.katalon.core.webui.keyword.WebUiBuiltInKeywords.setText(WebUiBuiltInKeywords.groovy:1019)
	at iwpPages.ccPaymentEntryPage.setDataIWPCreditCard(ccPaymentEntryPage.groovy:449)
	at java.base/jdk.internal.reflect.NativeMethodAccessorImpl.invoke0(Native Method)
	at java.base/jdk.internal.reflect.NativeMethodAccessorImpl.invoke(NativeMethodAccessorImpl.java:77)
	at java.base/jdk.internal.reflect.DelegatingMethodAccessorImpl.invoke(DelegatingMethodAccessorImpl.java:43)
	at com.kms.katalon.core.main.CustomKeywordDelegatingMetaClass.invokeStaticMethod(CustomKeywordDelegatingMetaClass.java:55)
	at Script1723140349688.run(Script1723140349688.groovy:81)
	... 15 more
)
[[ATTACHMENT|C:\\Users\\t476046\\Documents\\katalon\\VPS-Katalon\\Reports\\20240828_190627\\QA\\IWP2.5\\QA_IWP2.5_Regression\\20240828_190627\\1724859494650.png]]

28-08-2024T21:08:15 - [MESSAGE][PASSED] - All options with label 'Orange' are selected in object 'Object Repository/IWP30/Page_CCPaymentEntry/UserDefined7' 

28-08-2024T21:08:46 - [MESSAGE][INFO] - Unable to find the element located by 'By.xpath: //*[@name = 'variableField8DropdownGroupItemID' and @alt = 'UDF8 Label tabindex=' and (text() = '--Select One--TennisSoccer' or . = '--Select One--TennisSoccer')]'. Please recheck the objects properties to make sure the desired element is located. 

28-08-2024T21:08:46 - [MESSAGE][WARNING] - [SELF-HEALING] Failed to find element with id 'Object Repository/IWP30/Page_CCPaymentEntry/UserDefined8'. Try using Self-healing.

28-08-2024T21:08:46 - [MESSAGE][WARNING] - [SELF-HEALING] The current locator of test object 'Object Repository/IWP30/Page_CCPaymentEntry/UserDefined8' was broken. Propose an alternative one: '//select[@name='variableField8DropdownGroupItemID']'.

28-08-2024T21:08:46 - [MESSAGE][PASSED] - All options with label 'Soccer' are selected in object 'Object Repository/IWP30/Page_CCPaymentEntry/UserDefined8' 

28-08-2024T21:08:46 - [MESSAGE][WARNING] - Test object with id 'Object Repository/IWP30/Page_CCPaymentEntry/UserDefined9' does not exist

28-08-2024T21:08:46 - [MESSAGE][WARNING] - Test object with id 'Object Repository/' does not exist

28-08-2024T21:08:47 - [MESSAGE][FAILED] - Unable to select option by label  (Root cause: com.kms.katalon.core.exception.StepFailedException: Unable to select option by label 
	at com.kms.katalon.core.webui.keyword.internal.WebUIKeywordMain.stepFailed(WebUIKeywordMain.groovy:64)
	at com.kms.katalon.core.webui.keyword.internal.WebUIKeywordMain.runKeyword(WebUIKeywordMain.groovy:26)
	at com.kms.katalon.core.webui.keyword.builtin.SelectOptionByLabelKeyword.selectOptionByLabel(SelectOptionByLabelKeyword.groovy:98)
	at com.kms.katalon.core.webui.keyword.builtin.SelectOptionByLabelKeyword.execute(SelectOptionByLabelKeyword.groovy:71)
	at com.kms.katalon.core.keyword.internal.KeywordExecutor.executeKeywordForPlatform(KeywordExecutor.groovy:74)
	at com.kms.katalon.core.webui.keyword.WebUiBuiltInKeywords.selectOptionByLabel(WebUiBuiltInKeywords.groovy:1269)
	at iwpPages.ccPaymentEntryPage.setDataIWPCreditCard(ccPaymentEntryPage.groovy:474)
	at java.base/jdk.internal.reflect.NativeMethodAccessorImpl.invoke0(Native Method)
	at java.base/jdk.internal.reflect.NativeMethodAccessorImpl.invoke(NativeMethodAccessorImpl.java:77)
	at java.base/jdk.internal.reflect.DelegatingMethodAccessorImpl.invoke(DelegatingMethodAccessorImpl.java:43)
	at com.kms.katalon.core.main.CustomKeywordDelegatingMetaClass.invokeStaticMethod(CustomKeywordDelegatingMetaClass.java:55)
	at PayNowSuccesfulPaymentCC.run(PayNowSuccesfulPaymentCC:81)
	at com.kms.katalon.core.main.ScriptEngine.run(ScriptEngine.java:194)
	at com.kms.katalon.core.main.ScriptEngine.runScriptAsRawText(ScriptEngine.java:119)
	at com.kms.katalon.core.main.TestCaseExecutor.runScript(TestCaseExecutor.java:448)
	at com.kms.katalon.core.main.TestCaseExecutor.doExecute(TestCaseExecutor.java:439)
	at com.kms.katalon.core.main.TestCaseExecutor.processExecutionPhase(TestCaseExecutor.java:418)
	at com.kms.katalon.core.main.TestCaseExecutor.accessMainPhase(TestCaseExecutor.java:410)
	at com.kms.katalon.core.main.TestCaseExecutor.execute(TestCaseExecutor.java:285)
	at com.kms.katalon.core.common.CommonExecutor.accessTestCaseMainPhase(CommonExecutor.java:65)
	at com.kms.katalon.core.main.TestSuiteExecutor.accessTestSuiteMainPhase(TestSuiteExecutor.java:150)
	at com.kms.katalon.core.main.TestSuiteExecutor.execute(TestSuiteExecutor.java:106)
	at com.kms.katalon.core.main.TestCaseMain.startTestSuite(TestCaseMain.java:180)
	at TempTestSuite1724852187713.run(TempTestSuite1724852187713.groovy:35)
	at java.base/jdk.internal.reflect.NativeMethodAccessorImpl.invoke0(Native Method)
	at java.base/jdk.internal.reflect.NativeMethodAccessorImpl.invoke(NativeMethodAccessorImpl.java:77)
	at java.base/jdk.internal.reflect.DelegatingMethodAccessorImpl.invoke(DelegatingMethodAccessorImpl.java:43)
Caused by: java.lang.IllegalArgumentException: Object is null
	at com.kms.katalon.core.helper.KeywordHelper.checkTestObjectParameter(KeywordHelper.java:33)
	at com.kms.katalon.core.webui.keyword.builtin.SelectOptionByLabelKeyword$_selectOptionByLabel_closure1.doCall(SelectOptionByLabelKeyword.groovy:80)
	at com.kms.katalon.core.webui.keyword.builtin.SelectOptionByLabelKeyword$_selectOptionByLabel_closure1.call(SelectOptionByLabelKeyword.groovy)
	at com.kms.katalon.core.webui.keyword.internal.WebUIKeywordMain.runKeyword(WebUIKeywordMain.groovy:20)
	at com.kms.katalon.core.webui.keyword.builtin.SelectOptionByLabelKeyword.selectOptionByLabel(SelectOptionByLabelKeyword.groovy:98)
	at com.kms.katalon.core.webui.keyword.builtin.SelectOptionByLabelKeyword.execute(SelectOptionByLabelKeyword.groovy:71)
	at com.kms.katalon.core.keyword.internal.KeywordExecutor.executeKeywordForPlatform(KeywordExecutor.groovy:74)
	at com.kms.katalon.core.webui.keyword.WebUiBuiltInKeywords.selectOptionByLabel(WebUiBuiltInKeywords.groovy:1269)
	at iwpPages.ccPaymentEntryPage.setDataIWPCreditCard(ccPaymentEntryPage.groovy:474)
	at java.base/jdk.internal.reflect.NativeMethodAccessorImpl.invoke0(Native Method)
	at java.base/jdk.internal.reflect.NativeMethodAccessorImpl.invoke(NativeMethodAccessorImpl.java:77)
	at java.base/jdk.internal.reflect.DelegatingMethodAccessorImpl.invoke(DelegatingMethodAccessorImpl.java:43)
	at com.kms.katalon.core.main.CustomKeywordDelegatingMetaClass.invokeStaticMethod(CustomKeywordDelegatingMetaClass.java:55)
	at Script1723140349688.run(Script1723140349688.groovy:81)
	... 15 more
)
[[ATTACHMENT|C:\\Users\\t476046\\Documents\\katalon\\VPS-Katalon\\Reports\\20240828_190627\\QA\\IWP2.5\\QA_IWP2.5_Regression\\20240828_190627\\1724859526995.png]]

28-08-2024T21:08:47 - [MESSAGE][WARNING] - Test object with id 'Object Repository/IWP30/Page_CCPaymentEntry/UserDefined10' does not exist

28-08-2024T21:08:47 - [MESSAGE][WARNING] - Test object with id 'Object Repository/' does not exist

28-08-2024T21:08:47 - [MESSAGE][FAILED] - Unable to select option by label  (Root cause: com.kms.katalon.core.exception.StepFailedException: Unable to select option by label 
	at com.kms.katalon.core.webui.keyword.internal.WebUIKeywordMain.stepFailed(WebUIKeywordMain.groovy:64)
	at com.kms.katalon.core.webui.keyword.internal.WebUIKeywordMain.runKeyword(WebUIKeywordMain.groovy:26)
	at com.kms.katalon.core.webui.keyword.builtin.SelectOptionByLabelKeyword.selectOptionByLabel(SelectOptionByLabelKeyword.groovy:98)
	at com.kms.katalon.core.webui.keyword.builtin.SelectOptionByLabelKeyword.execute(SelectOptionByLabelKeyword.groovy:71)
	at com.kms.katalon.core.keyword.internal.KeywordExecutor.executeKeywordForPlatform(KeywordExecutor.groovy:74)
	at com.kms.katalon.core.webui.keyword.WebUiBuiltInKeywords.selectOptionByLabel(WebUiBuiltInKeywords.groovy:1269)
	at iwpPages.ccPaymentEntryPage.setDataIWPCreditCard(ccPaymentEntryPage.groovy:481)
	at java.base/jdk.internal.reflect.NativeMethodAccessorImpl.invoke0(Native Method)
	at java.base/jdk.internal.reflect.NativeMethodAccessorImpl.invoke(NativeMethodAccessorImpl.java:77)
	at java.base/jdk.internal.reflect.DelegatingMethodAccessorImpl.invoke(DelegatingMethodAccessorImpl.java:43)
	at com.kms.katalon.core.main.CustomKeywordDelegatingMetaClass.invokeStaticMethod(CustomKeywordDelegatingMetaClass.java:55)
	at PayNowSuccesfulPaymentCC.run(PayNowSuccesfulPaymentCC:81)
	at com.kms.katalon.core.main.ScriptEngine.run(ScriptEngine.java:194)
	at com.kms.katalon.core.main.ScriptEngine.runScriptAsRawText(ScriptEngine.java:119)
	at com.kms.katalon.core.main.TestCaseExecutor.runScript(TestCaseExecutor.java:448)
	at com.kms.katalon.core.main.TestCaseExecutor.doExecute(TestCaseExecutor.java:439)
	at com.kms.katalon.core.main.TestCaseExecutor.processExecutionPhase(TestCaseExecutor.java:418)
	at com.kms.katalon.core.main.TestCaseExecutor.accessMainPhase(TestCaseExecutor.java:410)
	at com.kms.katalon.core.main.TestCaseExecutor.execute(TestCaseExecutor.java:285)
	at com.kms.katalon.core.common.CommonExecutor.accessTestCaseMainPhase(CommonExecutor.java:65)
	at com.kms.katalon.core.main.TestSuiteExecutor.accessTestSuiteMainPhase(TestSuiteExecutor.java:150)
	at com.kms.katalon.core.main.TestSuiteExecutor.execute(TestSuiteExecutor.java:106)
	at com.kms.katalon.core.main.TestCaseMain.startTestSuite(TestCaseMain.java:180)
	at TempTestSuite1724852187713.run(TempTestSuite1724852187713.groovy:35)
	at java.base/jdk.internal.reflect.NativeMethodAccessorImpl.invoke0(Native Method)
	at java.base/jdk.internal.reflect.NativeMethodAccessorImpl.invoke(NativeMethodAccessorImpl.java:77)
	at java.base/jdk.internal.reflect.DelegatingMethodAccessorImpl.invoke(DelegatingMethodAccessorImpl.java:43)
Caused by: java.lang.IllegalArgumentException: Object is null
	at com.kms.katalon.core.helper.KeywordHelper.checkTestObjectParameter(KeywordHelper.java:33)
	at com.kms.katalon.core.webui.keyword.builtin.SelectOptionByLabelKeyword$_selectOptionByLabel_closure1.doCall(SelectOptionByLabelKeyword.groovy:80)
	at com.kms.katalon.core.webui.keyword.builtin.SelectOptionByLabelKeyword$_selectOptionByLabel_closure1.call(SelectOptionByLabelKeyword.groovy)
	at com.kms.katalon.core.webui.keyword.internal.WebUIKeywordMain.runKeyword(WebUIKeywordMain.groovy:20)
	at com.kms.katalon.core.webui.keyword.builtin.SelectOptionByLabelKeyword.selectOptionByLabel(SelectOptionByLabelKeyword.groovy:98)
	at com.kms.katalon.core.webui.keyword.builtin.SelectOptionByLabelKeyword.execute(SelectOptionByLabelKeyword.groovy:71)
	at com.kms.katalon.core.keyword.internal.KeywordExecutor.executeKeywordForPlatform(KeywordExecutor.groovy:74)
	at com.kms.katalon.core.webui.keyword.WebUiBuiltInKeywords.selectOptionByLabel(WebUiBuiltInKeywords.groovy:1269)
	at iwpPages.ccPaymentEntryPage.setDataIWPCreditCard(ccPaymentEntryPage.groovy:481)
	at java.base/jdk.internal.reflect.NativeMethodAccessorImpl.invoke0(Native Method)
	at java.base/jdk.internal.reflect.NativeMethodAccessorImpl.invoke(NativeMethodAccessorImpl.java:77)
	at java.base/jdk.internal.reflect.DelegatingMethodAccessorImpl.invoke(DelegatingMethodAccessorImpl.java:43)
	at com.kms.katalon.core.main.CustomKeywordDelegatingMetaClass.invokeStaticMethod(CustomKeywordDelegatingMetaClass.java:55)
	at Script1723140349688.run(Script1723140349688.groovy:81)
	... 15 more
)
[[ATTACHMENT|C:\\Users\\t476046\\Documents\\katalon\\VPS-Katalon\\Reports\\20240828_190627\\QA\\IWP2.5\\QA_IWP2.5_Regression\\20240828_190627\\1724859527158.png]]

28-08-2024T21:08:47 - [MESSAGE][PASSED] - Text 'Charu Suraji' is set on object 'Object Repository/IWP30/Page_CCPaymentEntry/Name'

28-08-2024T21:08:48 - [MESSAGE][PASSED] - Text '374245002771003' is set on object 'Object Repository/IWP30/Page_CCPaymentEntry/CardNumber'

28-08-2024T21:08:49 - [MESSAGE][PASSED] - Text '1234' is set on object 'Object Repository/IWP30/Page_CCPaymentEntry/SPC'

28-08-2024T21:08:50 - [MESSAGE][PASSED] - All options with label '09' are selected in object 'Object Repository/IWP30/Page_CCPaymentEntry/Month' 

28-08-2024T21:08:51 - [MESSAGE][PASSED] - All options with label '2028' are selected in object 'Object Repository/IWP30/Page_CCPaymentEntry/Year' 

28-08-2024T21:08:52 - [MESSAGE][PASSED] - Text '365 Main Avenue' is set on object 'Object Repository/IWP30/Page_CCPaymentEntry/AL1'

28-08-2024T21:08:53 - [MESSAGE][PASSED] - Text '22201' is set on object 'Object Repository/IWP30/Page_CCPaymentEntry/ZIP'

28-08-2024T21:08:54 - [MESSAGE][PASSED] - Text 'iahmed@govolution.com' is set on object 'Object Repository/IWP30/Page_CCPaymentEntry/EmailAddress'

28-08-2024T21:08:54 - [MESSAGE][PASSED] - Object 'Object Repository/IWP30/Page_CCPaymentEntry/TermCondCheckBox' is present

28-08-2024T21:08:55 - [MESSAGE][PASSED] - Object 'Object Repository/IWP30/Page_CCPaymentEntry/TermCondCheckBox' is checked

28-08-2024T21:08:55 - [MESSAGE][PASSED] - Object 'Object Repository/IWP30/Page_CCPaymentEntry/ContinueButton' is present

28-08-2024T21:08:57 - [MESSAGE][PASSED] - Object: 'Object Repository/IWP30/Page_CCPaymentEntry/ContinueButton' is clicked on

28-08-2024T21:08:57 - [MESSAGE][FAILED] - com.kms.katalon.core.exception.StepFailedException: Unable to set text (Root cause: com.kms.katalon.core.exception.StepFailedException: Unable to set text
	at com.kms.katalon.core.webui.keyword.internal.WebUIKeywordMain.stepFailed(WebUIKeywordMain.groovy:64)
	at com.kms.katalon.core.webui.keyword.internal.WebUIKeywordMain.runKeyword(WebUIKeywordMain.groovy:26)
	at com.kms.katalon.core.webui.keyword.builtin.SetTextKeyword.setText(SetTextKeyword.groovy:85)
	at com.kms.katalon.core.webui.keyword.builtin.SetTextKeyword.execute(SetTextKeyword.groovy:39)
	at com.kms.katalon.core.keyword.internal.KeywordExecutor.executeKeywordForPlatform(KeywordExecutor.groovy:74)
	at com.kms.katalon.core.webui.keyword.WebUiBuiltInKeywords.setText(WebUiBuiltInKeywords.groovy:1019)
	at iwpPages.ccPaymentEntryPage.setDataIWPCreditCard(ccPaymentEntryPage.groovy:410)
	at java.base/jdk.internal.reflect.NativeMethodAccessorImpl.invoke0(Native Method)
	at java.base/jdk.internal.reflect.NativeMethodAccessorImpl.invoke(NativeMethodAccessorImpl.java:77)
	at java.base/jdk.internal.reflect.DelegatingMethodAccessorImpl.invoke(DelegatingMethodAccessorImpl.java:43)
	at com.kms.katalon.core.main.CustomKeywordDelegatingMetaClass.invokeStaticMethod(CustomKeywordDelegatingMetaClass.java:55)
	at PayNowSuccesfulPaymentCC.run(PayNowSuccesfulPaymentCC:81)
	at com.kms.katalon.core.main.ScriptEngine.run(ScriptEngine.java:194)
	at com.kms.katalon.core.main.ScriptEngine.runScriptAsRawText(ScriptEngine.java:119)
	at com.kms.katalon.core.main.TestCaseExecutor.runScript(TestCaseExecutor.java:448)
	at com.kms.katalon.core.main.TestCaseExecutor.doExecute(TestCaseExecutor.java:439)
	at com.kms.katalon.core.main.TestCaseExecutor.processExecutionPhase(TestCaseExecutor.java:418)
	at com.kms.katalon.core.main.TestCaseExecutor.accessMainPhase(TestCaseExecutor.java:410)
	at com.kms.katalon.core.main.TestCaseExecutor.execute(TestCaseExecutor.java:285)
	at com.kms.katalon.core.common.CommonExecutor.accessTestCaseMainPhase(CommonExecutor.java:65)
	at com.kms.katalon.core.main.TestSuiteExecutor.accessTestSuiteMainPhase(TestSuiteExecutor.java:150)
	at com.kms.katalon.core.main.TestSuiteExecutor.execute(TestSuiteExecutor.java:106)
	at com.kms.katalon.core.main.TestCaseMain.startTestSuite(TestCaseMain.java:180)
	at TempTestSuite1724852187713.run(TempTestSuite1724852187713.groovy:35)
	at java.base/jdk.internal.reflect.NativeMethodAccessorImpl.invoke0(Native Method)
	at java.base/jdk.internal.reflect.NativeMethodAccessorImpl.invoke(NativeMethodAccessorImpl.java:77)
	at java.base/jdk.internal.reflect.DelegatingMethodAccessorImpl.invoke(DelegatingMethodAccessorImpl.java:43)
Caused by: java.lang.IllegalArgumentException: Object is null
	at com.kms.katalon.core.helper.KeywordHelper.checkTestObjectParameter(KeywordHelper.java:33)
	at com.kms.katalon.core.webui.keyword.builtin.SetTextKeyword$_setText_closure1.doCall(SetTextKeyword.groovy:47)
	at com.kms.katalon.core.webui.keyword.builtin.SetTextKeyword$_setText_closure1.call(SetTextKeyword.groovy)
	at com.kms.katalon.core.webui.keyword.internal.WebUIKeywordMain.runKeyword(WebUIKeywordMain.groovy:20)
	at com.kms.katalon.core.webui.keyword.builtin.SetTextKeyword.setText(SetTextKeyword.groovy:85)
	at com.kms.katalon.core.webui.keyword.builtin.SetTextKeyword.execute(SetTextKeyword.groovy:39)
	at com.kms.katalon.core.keyword.internal.KeywordExecutor.executeKeywordForPlatform(KeywordExecutor.groovy:74)
	at com.kms.katalon.core.webui.keyword.WebUiBuiltInKeywords.setText(WebUiBuiltInKeywords.groovy:1019)
	at iwpPages.ccPaymentEntryPage.setDataIWPCreditCard(ccPaymentEntryPage.groovy:410)
	at java.base/jdk.internal.reflect.NativeMethodAccessorImpl.invoke0(Native Method)
	at java.base/jdk.internal.reflect.NativeMethodAccessorImpl.invoke(NativeMethodAccessorImpl.java:77)
	at java.base/jdk.internal.reflect.DelegatingMethodAccessorImpl.invoke(DelegatingMethodAccessorImpl.java:43)
	at com.kms.katalon.core.main.CustomKeywordDelegatingMetaClass.invokeStaticMethod(CustomKeywordDelegatingMetaClass.java:55)
	at Script1723140349688.run(Script1723140349688.groovy:81)
	... 15 more
)

28-08-2024T21:08:57 - [TEST_STEP][PASSED] - click(findTestObject("Object Repository/IWP30/Page_Confirmation/ConfirmButton")): Object: 'Object Repository/IWP30/Page_Confirmation/ConfirmButton' is clicked on

28-08-2024T21:09:00 - [MESSAGE][PASSED] - Object: 'Object Repository/IWP30/Page_Confirmation/ConfirmButton' is clicked on

28-08-2024T21:09:00 - [TEST_STEP][PASSED] - Thread.sleep(10000): null

28-08-2024T21:09:10 - [TEST_STEP][PASSED] - Thread.sleep(10000): null

28-08-2024T21:09:20 - [TEST_STEP][PASSED] - if (verifyTextPresent("Successful Payment Receipt", false)): null

28-08-2024T21:09:20 - [MESSAGE][PASSED] - Text 'Successful Payment Receipt' is present on page 

28-08-2024T21:09:20 - [TEST_STEP][PASSED] - println("Successful Payment Receipt text is present on the Receipt page"): null

28-08-2024T21:09:20 - [TEST_STEP][PASSED] - markPassed("Successful Payment Receipt text is present on the Receipt page"): Successful Payment Receipt text is present on the Receipt page

28-08-2024T21:09:20 - [MESSAGE][PASSED] - Successful Payment Receipt text is present on the Receipt page

28-08-2024T21:09:20 - [TEST_STEP][PASSED] - resText = "Pass": null

28-08-2024T21:09:20 - [TEST_STEP][PASSED] - pages.WriteExcel.demoKey(resText, datText, resColumn, datCloumn, fileLoc, nameSheet, row): pages.WriteExcel.demoKey is PASSED

28-08-2024T21:09:20 - [MESSAGE][PASSED] - pages.WriteExcel.demoKey is PASSED

28-08-2024T21:09:20 - [TEST_STEP][PASSED] - ExecuteTC = findTestData(dataFile).getValue("Execute", row): null

28-08-2024T21:09:20 - [TEST_STEP][PASSED] - out.println("Value of Execute is : " + ExecuteTC): null

28-08-2024T21:09:20 - [TEST_STEP][FAILED] - if (ExecuteTC.equalsIgnoreCase("Y")): null

28-08-2024T21:09:20 - [TEST_STEP][PASSED] - out.println("Begin Record Number: " + row): null

28-08-2024T21:09:20 - [TEST_STEP][PASSED] - today = new java.util.Date(): null

28-08-2024T21:09:20 - [TEST_STEP][PASSED] - println(today): null

28-08-2024T21:09:20 - [TEST_STEP][PASSED] - datText = today: null

28-08-2024T21:09:20 - [TEST_STEP][PASSED] - EmulatorDataKey = findTestData(dataFile).getValue("EmulatorData", row): null

28-08-2024T21:09:20 - [TEST_STEP][PASSED] - out.println("Value of Emulator Key is : " + EmulatorDataKey): null

28-08-2024T21:09:20 - [TEST_STEP][PASSED] - iwpPages.emulatorIWP30.setDataEmulator_DD(EmulatorDataKey): iwpPages.emulatorIWP30.setDataEmulator_DD is PASSED

28-08-2024T21:09:21 - [MESSAGE][WARNING] - A browser is already opened. Closing browser and opening a new one

28-08-2024T21:09:21 - [MESSAGE][INFO] - Starting 'Edge Chromium' driver

28-08-2024T21:09:21 - [MESSAGE][INFO] - User set preference: ['acceptInsecureCerts', 'true']

28-08-2024T21:09:24 - [MESSAGE][INFO] - Action delay is set to 0 milliseconds

28-08-2024T21:09:29 - [MESSAGE][PASSED] - Browser is opened with url: 'https://qa2.velocitypayment.com/agency/config.do?action=editor&message_version=2_5'

28-08-2024T21:09:29 - [MESSAGE][PASSED] - Current window maximized

28-08-2024T21:09:30 - [MESSAGE][PASSED] - All options with value '2.5' are selected in object 'Object Repository/IWP30/Page_VRelay30Emulator/MV'  using regular expression

28-08-2024T21:09:30 - [MESSAGE][PASSED] - Text '10.50' is set on object 'Object Repository/IWP30/Page_VRelay30Emulator/Amount'

28-08-2024T21:09:31 - [MESSAGE][PASSED] - Text '26413414' is set on object 'Object Repository/IWP30/Page_VRelay30Emulator/CAN'

28-08-2024T21:09:32 - [MESSAGE][PASSED] - Text 'PayNow' is set on object 'Object Repository/IWP30/Page_VRelay30Emulator/Action'

28-08-2024T21:09:33 - [MESSAGE][PASSED] - Text 'en_US' is set on object 'Object Repository/IWP30/Page_VRelay30Emulator/Lang'

28-08-2024T21:09:35 - [MESSAGE][PASSED] - Text '' is set on object 'Object Repository/IWP30/Page_VRelay30Emulator/Fname'

28-08-2024T21:09:36 - [MESSAGE][PASSED] - Text '' is set on object 'Object Repository/IWP30/Page_VRelay30Emulator/Lname'

28-08-2024T21:09:37 - [MESSAGE][PASSED] - Text '' is set on object 'Object Repository/IWP30/Page_VRelay30Emulator/AL1'

28-08-2024T21:09:37 - [MESSAGE][PASSED] - Text '' is set on object 'Object Repository/IWP30/Page_VRelay30Emulator/AL2'

28-08-2024T21:09:38 - [MESSAGE][PASSED] - Text '' is set on object 'Object Repository/IWP30/Page_VRelay30Emulator/Country'

28-08-2024T21:09:38 - [MESSAGE][PASSED] - Text '' is set on object 'Object Repository/IWP30/Page_VRelay30Emulator/City'

28-08-2024T21:09:39 - [MESSAGE][PASSED] - Text '' is set on object 'Object Repository/IWP30/Page_VRelay30Emulator/State'

28-08-2024T21:09:39 - [MESSAGE][PASSED] - Text '' is set on object 'Object Repository/IWP30/Page_VRelay30Emulator/ZIP'

28-08-2024T21:09:42 - [MESSAGE][PASSED] - Text '' is set on object 'Object Repository/IWP30/Page_VRelay30Emulator/Order'

28-08-2024T21:09:43 - [MESSAGE][PASSED] - Text '' is set on object 'Object Repository/IWP30/Page_VRelay30Emulator/Company'

28-08-2024T21:09:43 - [MESSAGE][PASSED] - Text '' is set on object 'Object Repository/IWP30/Page_VRelay30Emulator/Email'

28-08-2024T21:09:44 - [MESSAGE][PASSED] - Text '' is set on object 'Object Repository/IWP30/Page_VRelay30Emulator/UDF1'

28-08-2024T21:09:44 - [MESSAGE][PASSED] - Text '' is set on object 'Object Repository/IWP30/Page_VRelay30Emulator/UDF2'

28-08-2024T21:09:45 - [MESSAGE][PASSED] - Text '' is set on object 'Object Repository/IWP30/Page_VRelay30Emulator/UDF3'

28-08-2024T21:09:46 - [MESSAGE][PASSED] - Text 'udf data 4' is set on object 'Object Repository/IWP30/Page_VRelay30Emulator/UDF4'

28-08-2024T21:09:46 - [MESSAGE][PASSED] - Text 'udf data 5' is set on object 'Object Repository/IWP30/Page_VRelay30Emulator/UDF5'

28-08-2024T21:09:49 - [MESSAGE][PASSED] - Text '' is set on object 'Object Repository/IWP30/Page_VRelay30Emulator/UDF6'

28-08-2024T21:09:49 - [MESSAGE][PASSED] - Text '' is set on object 'Object Repository/IWP30/Page_VRelay30Emulator/UDF7'

28-08-2024T21:09:50 - [MESSAGE][PASSED] - Text '' is set on object 'Object Repository/IWP30/Page_VRelay30Emulator/UDF8'

28-08-2024T21:09:50 - [MESSAGE][PASSED] - Text 'udf data 9' is set on object 'Object Repository/IWP30/Page_VRelay30Emulator/UDF9'

28-08-2024T21:09:51 - [MESSAGE][PASSED] - Text 'udf data 10' is set on object 'Object Repository/IWP30/Page_VRelay30Emulator/UDF10'

28-08-2024T21:09:52 - [MESSAGE][PASSED] - Object: 'Object Repository/IWP30/Page_VRelay30Emulator/Submit' is clicked on

28-08-2024T21:09:57 - [MESSAGE][PASSED] - Browser is closed

28-08-2024T21:10:01 - [MESSAGE][PASSED] - iwpPages.emulatorIWP30.setDataEmulator_DD is PASSED

28-08-2024T21:10:01 - [TEST_STEP][PASSED] - testHarnessURL = urlTestHarness: null

28-08-2024T21:10:01 - [TEST_STEP][PASSED] - openBrowser(testHarnessURL): Browser is opened with url: 'https://dev-algorithm.govolution.com/vrelaytest/QA2/version_2_2/vrelaytest.html'

28-08-2024T21:10:01 - [MESSAGE][INFO] - Starting 'Edge Chromium' driver

28-08-2024T21:10:01 - [MESSAGE][INFO] - User set preference: ['acceptInsecureCerts', 'true']

28-08-2024T21:10:04 - [MESSAGE][INFO] - Action delay is set to 0 milliseconds

28-08-2024T21:10:10 - [MESSAGE][PASSED] - Browser is opened with url: 'https://dev-algorithm.govolution.com/vrelaytest/QA2/version_2_2/vrelaytest.html'

28-08-2024T21:10:10 - [TEST_STEP][PASSED] - maximizeWindow(): Current window maximized

28-08-2024T21:10:10 - [MESSAGE][PASSED] - Current window maximized

28-08-2024T21:10:10 - [TEST_STEP][PASSED] - iwpPages.TestHarnessPage.setDataMethod(row, dataFile): iwpPages.TestHarnessPage.setDataMethod is PASSED

28-08-2024T21:10:10 - [MESSAGE][PASSED] - Object 'Object Repository/IWP30/Page_QATestHarness/RemittanceID' is present

28-08-2024T21:10:11 - [MESSAGE][PASSED] - Text '638' is set on object 'Object Repository/IWP30/Page_QATestHarness/ApplicationID'

28-08-2024T21:10:12 - [MESSAGE][PASSED] - Text '2.5' is set on object 'Object Repository/IWP30/Page_QATestHarness/MessageVersion'

28-08-2024T21:10:12 - [MESSAGE][PASSED] - Text 'SDu7RbozwjWQ' is set on object 'Object Repository/IWP30/Page_QATestHarness/RemittanceID'

28-08-2024T21:10:17 - [MESSAGE][PASSED] - Object: 'Object Repository/IWP30/Page_QATestHarness/SubmitButton' is clicked on

28-08-2024T21:10:17 - [MESSAGE][PASSED] - iwpPages.TestHarnessPage.setDataMethod is PASSED

28-08-2024T21:10:17 - [TEST_STEP][PASSED] - check(findTestObject("Object Repository/IWP30/Page_SelectPaymentMethod/PayByCreditCard")): Object 'Object Repository/IWP30/Page_SelectPaymentMethod/PayByCreditCard' is checked

28-08-2024T21:10:17 - [MESSAGE][PASSED] - Object 'Object Repository/IWP30/Page_SelectPaymentMethod/PayByCreditCard' is checked

28-08-2024T21:10:17 - [TEST_STEP][PASSED] - click(findTestObject("Object Repository/IWP30/Page_SelectPaymentMethod/MakePaymentButton")): Object: 'Object Repository/IWP30/Page_SelectPaymentMethod/MakePaymentButton' is clicked on

28-08-2024T21:10:20 - [MESSAGE][PASSED] - Object: 'Object Repository/IWP30/Page_SelectPaymentMethod/MakePaymentButton' is clicked on

28-08-2024T21:10:20 - [TEST_STEP][FAILED] - iwpPages.ccPaymentEntryPage.setDataIWPCreditCard(row, dataFile): com.kms.katalon.core.exception.StepFailedException: Unable to set text (Root cause: com.kms.katalon.core.exception.StepFailedException: Unable to set text
	at com.kms.katalon.core.webui.keyword.internal.WebUIKeywordMain.stepFailed(WebUIKeywordMain.groovy:64)
	at com.kms.katalon.core.webui.keyword.internal.WebUIKeywordMain.runKeyword(WebUIKeywordMain.groovy:26)
	at com.kms.katalon.core.webui.keyword.builtin.SetTextKeyword.setText(SetTextKeyword.groovy:85)
	at com.kms.katalon.core.webui.keyword.builtin.SetTextKeyword.execute(SetTextKeyword.groovy:39)
	at com.kms.katalon.core.keyword.internal.KeywordExecutor.executeKeywordForPlatform(KeywordExecutor.groovy:74)
	at com.kms.katalon.core.webui.keyword.WebUiBuiltInKeywords.setText(WebUiBuiltInKeywords.groovy:1019)
	at iwpPages.ccPaymentEntryPage.setDataIWPCreditCard(ccPaymentEntryPage.groovy:435)
	at java.base/jdk.internal.reflect.NativeMethodAccessorImpl.invoke0(Native Method)
	at java.base/jdk.internal.reflect.NativeMethodAccessorImpl.invoke(NativeMethodAccessorImpl.java:77)
	at java.base/jdk.internal.reflect.DelegatingMethodAccessorImpl.invoke(DelegatingMethodAccessorImpl.java:43)
	at com.kms.katalon.core.main.CustomKeywordDelegatingMetaClass.invokeStaticMethod(CustomKeywordDelegatingMetaClass.java:55)
	at PayNowSuccesfulPaymentCC.run(PayNowSuccesfulPaymentCC:81)
	at com.kms.katalon.core.main.ScriptEngine.run(ScriptEngine.java:194)
	at com.kms.katalon.core.main.ScriptEngine.runScriptAsRawText(ScriptEngine.java:119)
	at com.kms.katalon.core.main.TestCaseExecutor.runScript(TestCaseExecutor.java:448)
	at com.kms.katalon.core.main.TestCaseExecutor.doExecute(TestCaseExecutor.java:439)
	at com.kms.katalon.core.main.TestCaseExecutor.processExecutionPhase(TestCaseExecutor.java:418)
	at com.kms.katalon.core.main.TestCaseExecutor.accessMainPhase(TestCaseExecutor.java:410)
	at com.kms.katalon.core.main.TestCaseExecutor.execute(TestCaseExecutor.java:285)
	at com.kms.katalon.core.common.CommonExecutor.accessTestCaseMainPhase(CommonExecutor.java:65)
	at com.kms.katalon.core.main.TestSuiteExecutor.accessTestSuiteMainPhase(TestSuiteExecutor.java:150)
	at com.kms.katalon.core.main.TestSuiteExecutor.execute(TestSuiteExecutor.java:106)
	at com.kms.katalon.core.main.TestCaseMain.startTestSuite(TestCaseMain.java:180)
	at TempTestSuite1724852187713.run(TempTestSuite1724852187713.groovy:35)
	at java.base/jdk.internal.reflect.NativeMethodAccessorImpl.invoke0(Native Method)
	at java.base/jdk.internal.reflect.NativeMethodAccessorImpl.invoke(NativeMethodAccessorImpl.java:77)
	at java.base/jdk.internal.reflect.DelegatingMethodAccessorImpl.invoke(DelegatingMethodAccessorImpl.java:43)
Caused by: java.lang.IllegalArgumentException: Object is null
	at com.kms.katalon.core.helper.KeywordHelper.checkTestObjectParameter(KeywordHelper.java:33)
	at com.kms.katalon.core.webui.keyword.builtin.SetTextKeyword$_setText_closure1.doCall(SetTextKeyword.groovy:47)
	at com.kms.katalon.core.webui.keyword.builtin.SetTextKeyword$_setText_closure1.call(SetTextKeyword.groovy)
	at com.kms.katalon.core.webui.keyword.internal.WebUIKeywordMain.runKeyword(WebUIKeywordMain.groovy:20)
	at com.kms.katalon.core.webui.keyword.builtin.SetTextKeyword.setText(SetTextKeyword.groovy:85)
	at com.kms.katalon.core.webui.keyword.builtin.SetTextKeyword.execute(SetTextKeyword.groovy:39)
	at com.kms.katalon.core.keyword.internal.KeywordExecutor.executeKeywordForPlatform(KeywordExecutor.groovy:74)
	at com.kms.katalon.core.webui.keyword.WebUiBuiltInKeywords.setText(WebUiBuiltInKeywords.groovy:1019)
	at iwpPages.ccPaymentEntryPage.setDataIWPCreditCard(ccPaymentEntryPage.groovy:435)
	at java.base/jdk.internal.reflect.NativeMethodAccessorImpl.invoke0(Native Method)
	at java.base/jdk.internal.reflect.NativeMethodAccessorImpl.invoke(NativeMethodAccessorImpl.java:77)
	at java.base/jdk.internal.reflect.DelegatingMethodAccessorImpl.invoke(DelegatingMethodAccessorImpl.java:43)
	at com.kms.katalon.core.main.CustomKeywordDelegatingMetaClass.invokeStaticMethod(CustomKeywordDelegatingMetaClass.java:55)
	at Script1723140349688.run(Script1723140349688.groovy:81)
	... 15 more
)

28-08-2024T21:10:24 - [MESSAGE][PASSED] - Object 'Object Repository/IWP30/Page_CCPaymentEntry/Name' is present

28-08-2024T21:10:24 - [MESSAGE][PASSED] - Text '10.50' is set on object 'Object Repository/IWP30/Page_CCPaymentEntry/Amount'

28-08-2024T21:10:25 - [MESSAGE][PASSED] - Text 'udf data 3' is set on object 'Object Repository/IWP30/Page_CCPaymentEntry/UserDefined3'

28-08-2024T21:10:25 - [MESSAGE][WARNING] - Test object with id 'Object Repository/IWP30/Page_CCPaymentEntry/UserDefined4' does not exist

28-08-2024T21:10:25 - [MESSAGE][WARNING] - Test object with id 'Object Repository/' does not exist

28-08-2024T21:10:25 - [MESSAGE][FAILED] - Unable to set text (Root cause: com.kms.katalon.core.exception.StepFailedException: Unable to set text
	at com.kms.katalon.core.webui.keyword.internal.WebUIKeywordMain.stepFailed(WebUIKeywordMain.groovy:64)
	at com.kms.katalon.core.webui.keyword.internal.WebUIKeywordMain.runKeyword(WebUIKeywordMain.groovy:26)
	at com.kms.katalon.core.webui.keyword.builtin.SetTextKeyword.setText(SetTextKeyword.groovy:85)
	at com.kms.katalon.core.webui.keyword.builtin.SetTextKeyword.execute(SetTextKeyword.groovy:39)
	at com.kms.katalon.core.keyword.internal.KeywordExecutor.executeKeywordForPlatform(KeywordExecutor.groovy:74)
	at com.kms.katalon.core.webui.keyword.WebUiBuiltInKeywords.setText(WebUiBuiltInKeywords.groovy:1019)
	at iwpPages.ccPaymentEntryPage.setDataIWPCreditCard(ccPaymentEntryPage.groovy:435)
	at java.base/jdk.internal.reflect.NativeMethodAccessorImpl.invoke0(Native Method)
	at java.base/jdk.internal.reflect.NativeMethodAccessorImpl.invoke(NativeMethodAccessorImpl.java:77)
	at java.base/jdk.internal.reflect.DelegatingMethodAccessorImpl.invoke(DelegatingMethodAccessorImpl.java:43)
	at com.kms.katalon.core.main.CustomKeywordDelegatingMetaClass.invokeStaticMethod(CustomKeywordDelegatingMetaClass.java:55)
	at PayNowSuccesfulPaymentCC.run(PayNowSuccesfulPaymentCC:81)
	at com.kms.katalon.core.main.ScriptEngine.run(ScriptEngine.java:194)
	at com.kms.katalon.core.main.ScriptEngine.runScriptAsRawText(ScriptEngine.java:119)
	at com.kms.katalon.core.main.TestCaseExecutor.runScript(TestCaseExecutor.java:448)
	at com.kms.katalon.core.main.TestCaseExecutor.doExecute(TestCaseExecutor.java:439)
	at com.kms.katalon.core.main.TestCaseExecutor.processExecutionPhase(TestCaseExecutor.java:418)
	at com.kms.katalon.core.main.TestCaseExecutor.accessMainPhase(TestCaseExecutor.java:410)
	at com.kms.katalon.core.main.TestCaseExecutor.execute(TestCaseExecutor.java:285)
	at com.kms.katalon.core.common.CommonExecutor.accessTestCaseMainPhase(CommonExecutor.java:65)
	at com.kms.katalon.core.main.TestSuiteExecutor.accessTestSuiteMainPhase(TestSuiteExecutor.java:150)
	at com.kms.katalon.core.main.TestSuiteExecutor.execute(TestSuiteExecutor.java:106)
	at com.kms.katalon.core.main.TestCaseMain.startTestSuite(TestCaseMain.java:180)
	at TempTestSuite1724852187713.run(TempTestSuite1724852187713.groovy:35)
	at java.base/jdk.internal.reflect.NativeMethodAccessorImpl.invoke0(Native Method)
	at java.base/jdk.internal.reflect.NativeMethodAccessorImpl.invoke(NativeMethodAccessorImpl.java:77)
	at java.base/jdk.internal.reflect.DelegatingMethodAccessorImpl.invoke(DelegatingMethodAccessorImpl.java:43)
Caused by: java.lang.IllegalArgumentException: Object is null
	at com.kms.katalon.core.helper.KeywordHelper.checkTestObjectParameter(KeywordHelper.java:33)
	at com.kms.katalon.core.webui.keyword.builtin.SetTextKeyword$_setText_closure1.doCall(SetTextKeyword.groovy:47)
	at com.kms.katalon.core.webui.keyword.builtin.SetTextKeyword$_setText_closure1.call(SetTextKeyword.groovy)
	at com.kms.katalon.core.webui.keyword.internal.WebUIKeywordMain.runKeyword(WebUIKeywordMain.groovy:20)
	at com.kms.katalon.core.webui.keyword.builtin.SetTextKeyword.setText(SetTextKeyword.groovy:85)
	at com.kms.katalon.core.webui.keyword.builtin.SetTextKeyword.execute(SetTextKeyword.groovy:39)
	at com.kms.katalon.core.keyword.internal.KeywordExecutor.executeKeywordForPlatform(KeywordExecutor.groovy:74)
	at com.kms.katalon.core.webui.keyword.WebUiBuiltInKeywords.setText(WebUiBuiltInKeywords.groovy:1019)
	at iwpPages.ccPaymentEntryPage.setDataIWPCreditCard(ccPaymentEntryPage.groovy:435)
	at java.base/jdk.internal.reflect.NativeMethodAccessorImpl.invoke0(Native Method)
	at java.base/jdk.internal.reflect.NativeMethodAccessorImpl.invoke(NativeMethodAccessorImpl.java:77)
	at java.base/jdk.internal.reflect.DelegatingMethodAccessorImpl.invoke(DelegatingMethodAccessorImpl.java:43)
	at com.kms.katalon.core.main.CustomKeywordDelegatingMetaClass.invokeStaticMethod(CustomKeywordDelegatingMetaClass.java:55)
	at Script1723140349688.run(Script1723140349688.groovy:81)
	... 15 more
)
[[ATTACHMENT|C:\\Users\\t476046\\Documents\\katalon\\VPS-Katalon\\Reports\\20240828_190627\\QA\\IWP2.5\\QA_IWP2.5_Regression\\20240828_190627\\1724859625365.png]]

28-08-2024T21:10:25 - [MESSAGE][WARNING] - Test object with id 'Object Repository/IWP30/Page_CCPaymentEntry/UserDefined5' does not exist

28-08-2024T21:10:25 - [MESSAGE][WARNING] - Test object with id 'Object Repository/' does not exist

28-08-2024T21:10:25 - [MESSAGE][FAILED] - Unable to set text (Root cause: com.kms.katalon.core.exception.StepFailedException: Unable to set text
	at com.kms.katalon.core.webui.keyword.internal.WebUIKeywordMain.stepFailed(WebUIKeywordMain.groovy:64)
	at com.kms.katalon.core.webui.keyword.internal.WebUIKeywordMain.runKeyword(WebUIKeywordMain.groovy:26)
	at com.kms.katalon.core.webui.keyword.builtin.SetTextKeyword.setText(SetTextKeyword.groovy:85)
	at com.kms.katalon.core.webui.keyword.builtin.SetTextKeyword.execute(SetTextKeyword.groovy:39)
	at com.kms.katalon.core.keyword.internal.KeywordExecutor.executeKeywordForPlatform(KeywordExecutor.groovy:74)
	at com.kms.katalon.core.webui.keyword.WebUiBuiltInKeywords.setText(WebUiBuiltInKeywords.groovy:1019)
	at iwpPages.ccPaymentEntryPage.setDataIWPCreditCard(ccPaymentEntryPage.groovy:442)
	at java.base/jdk.internal.reflect.NativeMethodAccessorImpl.invoke0(Native Method)
	at java.base/jdk.internal.reflect.NativeMethodAccessorImpl.invoke(NativeMethodAccessorImpl.java:77)
	at java.base/jdk.internal.reflect.DelegatingMethodAccessorImpl.invoke(DelegatingMethodAccessorImpl.java:43)
	at com.kms.katalon.core.main.CustomKeywordDelegatingMetaClass.invokeStaticMethod(CustomKeywordDelegatingMetaClass.java:55)
	at PayNowSuccesfulPaymentCC.run(PayNowSuccesfulPaymentCC:81)
	at com.kms.katalon.core.main.ScriptEngine.run(ScriptEngine.java:194)
	at com.kms.katalon.core.main.ScriptEngine.runScriptAsRawText(ScriptEngine.java:119)
	at com.kms.katalon.core.main.TestCaseExecutor.runScript(TestCaseExecutor.java:448)
	at com.kms.katalon.core.main.TestCaseExecutor.doExecute(TestCaseExecutor.java:439)
	at com.kms.katalon.core.main.TestCaseExecutor.processExecutionPhase(TestCaseExecutor.java:418)
	at com.kms.katalon.core.main.TestCaseExecutor.accessMainPhase(TestCaseExecutor.java:410)
	at com.kms.katalon.core.main.TestCaseExecutor.execute(TestCaseExecutor.java:285)
	at com.kms.katalon.core.common.CommonExecutor.accessTestCaseMainPhase(CommonExecutor.java:65)
	at com.kms.katalon.core.main.TestSuiteExecutor.accessTestSuiteMainPhase(TestSuiteExecutor.java:150)
	at com.kms.katalon.core.main.TestSuiteExecutor.execute(TestSuiteExecutor.java:106)
	at com.kms.katalon.core.main.TestCaseMain.startTestSuite(TestCaseMain.java:180)
	at TempTestSuite1724852187713.run(TempTestSuite1724852187713.groovy:35)
	at java.base/jdk.internal.reflect.NativeMethodAccessorImpl.invoke0(Native Method)
	at java.base/jdk.internal.reflect.NativeMethodAccessorImpl.invoke(NativeMethodAccessorImpl.java:77)
	at java.base/jdk.internal.reflect.DelegatingMethodAccessorImpl.invoke(DelegatingMethodAccessorImpl.java:43)
Caused by: java.lang.IllegalArgumentException: Object is null
	at com.kms.katalon.core.helper.KeywordHelper.checkTestObjectParameter(KeywordHelper.java:33)
	at com.kms.katalon.core.webui.keyword.builtin.SetTextKeyword$_setText_closure1.doCall(SetTextKeyword.groovy:47)
	at com.kms.katalon.core.webui.keyword.builtin.SetTextKeyword$_setText_closure1.call(SetTextKeyword.groovy)
	at com.kms.katalon.core.webui.keyword.internal.WebUIKeywordMain.runKeyword(WebUIKeywordMain.groovy:20)
	at com.kms.katalon.core.webui.keyword.builtin.SetTextKeyword.setText(SetTextKeyword.groovy:85)
	at com.kms.katalon.core.webui.keyword.builtin.SetTextKeyword.execute(SetTextKeyword.groovy:39)
	at com.kms.katalon.core.keyword.internal.KeywordExecutor.executeKeywordForPlatform(KeywordExecutor.groovy:74)
	at com.kms.katalon.core.webui.keyword.WebUiBuiltInKeywords.setText(WebUiBuiltInKeywords.groovy:1019)
	at iwpPages.ccPaymentEntryPage.setDataIWPCreditCard(ccPaymentEntryPage.groovy:442)
	at java.base/jdk.internal.reflect.NativeMethodAccessorImpl.invoke0(Native Method)
	at java.base/jdk.internal.reflect.NativeMethodAccessorImpl.invoke(NativeMethodAccessorImpl.java:77)
	at java.base/jdk.internal.reflect.DelegatingMethodAccessorImpl.invoke(DelegatingMethodAccessorImpl.java:43)
	at com.kms.katalon.core.main.CustomKeywordDelegatingMetaClass.invokeStaticMethod(CustomKeywordDelegatingMetaClass.java:55)
	at Script1723140349688.run(Script1723140349688.groovy:81)
	... 15 more
)
[[ATTACHMENT|C:\\Users\\t476046\\Documents\\katalon\\VPS-Katalon\\Reports\\20240828_190627\\QA\\IWP2.5\\QA_IWP2.5_Regression\\20240828_190627\\1724859625531.png]]

28-08-2024T21:10:57 - [MESSAGE][INFO] - Unable to find the element located by 'By.xpath: //*[@name = 'variableField8DropdownGroupItemID' and @alt = 'UDF8 Label tabindex=' and (text() = '--Select One--TennisSoccer' or . = '--Select One--TennisSoccer')]'. Please recheck the objects properties to make sure the desired element is located. 

28-08-2024T21:10:57 - [MESSAGE][WARNING] - [SELF-HEALING] Failed to find element with id 'Object Repository/IWP30/Page_CCPaymentEntry/UserDefined8'. Try using Self-healing.

28-08-2024T21:10:57 - [MESSAGE][WARNING] - [SELF-HEALING] The current locator of test object 'Object Repository/IWP30/Page_CCPaymentEntry/UserDefined8' was broken. Propose an alternative one: '//select[@name='variableField8DropdownGroupItemID']'.

28-08-2024T21:10:57 - [MESSAGE][PASSED] - All options with label 'Soccer' are selected in object 'Object Repository/IWP30/Page_CCPaymentEntry/UserDefined8' 

28-08-2024T21:10:57 - [MESSAGE][WARNING] - Test object with id 'Object Repository/IWP30/Page_CCPaymentEntry/UserDefined9' does not exist

28-08-2024T21:10:57 - [MESSAGE][WARNING] - Test object with id 'Object Repository/' does not exist

28-08-2024T21:10:57 - [MESSAGE][FAILED] - Unable to select option by label  (Root cause: com.kms.katalon.core.exception.StepFailedException: Unable to select option by label 
	at com.kms.katalon.core.webui.keyword.internal.WebUIKeywordMain.stepFailed(WebUIKeywordMain.groovy:64)
	at com.kms.katalon.core.webui.keyword.internal.WebUIKeywordMain.runKeyword(WebUIKeywordMain.groovy:26)
	at com.kms.katalon.core.webui.keyword.builtin.SelectOptionByLabelKeyword.selectOptionByLabel(SelectOptionByLabelKeyword.groovy:98)
	at com.kms.katalon.core.webui.keyword.builtin.SelectOptionByLabelKeyword.execute(SelectOptionByLabelKeyword.groovy:71)
	at com.kms.katalon.core.keyword.internal.KeywordExecutor.executeKeywordForPlatform(KeywordExecutor.groovy:74)
	at com.kms.katalon.core.webui.keyword.WebUiBuiltInKeywords.selectOptionByLabel(WebUiBuiltInKeywords.groovy:1269)
	at iwpPages.ccPaymentEntryPage.setDataIWPCreditCard(ccPaymentEntryPage.groovy:474)
	at java.base/jdk.internal.reflect.NativeMethodAccessorImpl.invoke0(Native Method)
	at java.base/jdk.internal.reflect.NativeMethodAccessorImpl.invoke(NativeMethodAccessorImpl.java:77)
	at java.base/jdk.internal.reflect.DelegatingMethodAccessorImpl.invoke(DelegatingMethodAccessorImpl.java:43)
	at com.kms.katalon.core.main.CustomKeywordDelegatingMetaClass.invokeStaticMethod(CustomKeywordDelegatingMetaClass.java:55)
	at PayNowSuccesfulPaymentCC.run(PayNowSuccesfulPaymentCC:81)
	at com.kms.katalon.core.main.ScriptEngine.run(ScriptEngine.java:194)
	at com.kms.katalon.core.main.ScriptEngine.runScriptAsRawText(ScriptEngine.java:119)
	at com.kms.katalon.core.main.TestCaseExecutor.runScript(TestCaseExecutor.java:448)
	at com.kms.katalon.core.main.TestCaseExecutor.doExecute(TestCaseExecutor.java:439)
	at com.kms.katalon.core.main.TestCaseExecutor.processExecutionPhase(TestCaseExecutor.java:418)
	at com.kms.katalon.core.main.TestCaseExecutor.accessMainPhase(TestCaseExecutor.java:410)
	at com.kms.katalon.core.main.TestCaseExecutor.execute(TestCaseExecutor.java:285)
	at com.kms.katalon.core.common.CommonExecutor.accessTestCaseMainPhase(CommonExecutor.java:65)
	at com.kms.katalon.core.main.TestSuiteExecutor.accessTestSuiteMainPhase(TestSuiteExecutor.java:150)
	at com.kms.katalon.core.main.TestSuiteExecutor.execute(TestSuiteExecutor.java:106)
	at com.kms.katalon.core.main.TestCaseMain.startTestSuite(TestCaseMain.java:180)
	at TempTestSuite1724852187713.run(TempTestSuite1724852187713.groovy:35)
	at java.base/jdk.internal.reflect.NativeMethodAccessorImpl.invoke0(Native Method)
	at java.base/jdk.internal.reflect.NativeMethodAccessorImpl.invoke(NativeMethodAccessorImpl.java:77)
	at java.base/jdk.internal.reflect.DelegatingMethodAccessorImpl.invoke(DelegatingMethodAccessorImpl.java:43)
Caused by: java.lang.IllegalArgumentException: Object is null
	at com.kms.katalon.core.helper.KeywordHelper.checkTestObjectParameter(KeywordHelper.java:33)
	at com.kms.katalon.core.webui.keyword.builtin.SelectOptionByLabelKeyword$_selectOptionByLabel_closure1.doCall(SelectOptionByLabelKeyword.groovy:80)
	at com.kms.katalon.core.webui.keyword.builtin.SelectOptionByLabelKeyword$_selectOptionByLabel_closure1.call(SelectOptionByLabelKeyword.groovy)
	at com.kms.katalon.core.webui.keyword.internal.WebUIKeywordMain.runKeyword(WebUIKeywordMain.groovy:20)
	at com.kms.katalon.core.webui.keyword.builtin.SelectOptionByLabelKeyword.selectOptionByLabel(SelectOptionByLabelKeyword.groovy:98)
	at com.kms.katalon.core.webui.keyword.builtin.SelectOptionByLabelKeyword.execute(SelectOptionByLabelKeyword.groovy:71)
	at com.kms.katalon.core.keyword.internal.KeywordExecutor.executeKeywordForPlatform(KeywordExecutor.groovy:74)
	at com.kms.katalon.core.webui.keyword.WebUiBuiltInKeywords.selectOptionByLabel(WebUiBuiltInKeywords.groovy:1269)
	at iwpPages.ccPaymentEntryPage.setDataIWPCreditCard(ccPaymentEntryPage.groovy:474)
	at java.base/jdk.internal.reflect.NativeMethodAccessorImpl.invoke0(Native Method)
	at java.base/jdk.internal.reflect.NativeMethodAccessorImpl.invoke(NativeMethodAccessorImpl.java:77)
	at java.base/jdk.internal.reflect.DelegatingMethodAccessorImpl.invoke(DelegatingMethodAccessorImpl.java:43)
	at com.kms.katalon.core.main.CustomKeywordDelegatingMetaClass.invokeStaticMethod(CustomKeywordDelegatingMetaClass.java:55)
	at Script1723140349688.run(Script1723140349688.groovy:81)
	... 15 more
)
[[ATTACHMENT|C:\\Users\\t476046\\Documents\\katalon\\VPS-Katalon\\Reports\\20240828_190627\\QA\\IWP2.5\\QA_IWP2.5_Regression\\20240828_190627\\1724859657677.png]]

28-08-2024T21:10:57 - [MESSAGE][WARNING] - Test object with id 'Object Repository/IWP30/Page_CCPaymentEntry/UserDefined10' does not exist

28-08-2024T21:10:57 - [MESSAGE][WARNING] - Test object with id 'Object Repository/' does not exist

28-08-2024T21:10:57 - [MESSAGE][FAILED] - Unable to select option by label  (Root cause: com.kms.katalon.core.exception.StepFailedException: Unable to select option by label 
	at com.kms.katalon.core.webui.keyword.internal.WebUIKeywordMain.stepFailed(WebUIKeywordMain.groovy:64)
	at com.kms.katalon.core.webui.keyword.internal.WebUIKeywordMain.runKeyword(WebUIKeywordMain.groovy:26)
	at com.kms.katalon.core.webui.keyword.builtin.SelectOptionByLabelKeyword.selectOptionByLabel(SelectOptionByLabelKeyword.groovy:98)
	at com.kms.katalon.core.webui.keyword.builtin.SelectOptionByLabelKeyword.execute(SelectOptionByLabelKeyword.groovy:71)
	at com.kms.katalon.core.keyword.internal.KeywordExecutor.executeKeywordForPlatform(KeywordExecutor.groovy:74)
	at com.kms.katalon.core.webui.keyword.WebUiBuiltInKeywords.selectOptionByLabel(WebUiBuiltInKeywords.groovy:1269)
	at iwpPages.ccPaymentEntryPage.setDataIWPCreditCard(ccPaymentEntryPage.groovy:481)
	at java.base/jdk.internal.reflect.NativeMethodAccessorImpl.invoke0(Native Method)
	at java.base/jdk.internal.reflect.NativeMethodAccessorImpl.invoke(NativeMethodAccessorImpl.java:77)
	at java.base/jdk.internal.reflect.DelegatingMethodAccessorImpl.invoke(DelegatingMethodAccessorImpl.java:43)
	at com.kms.katalon.core.main.CustomKeywordDelegatingMetaClass.invokeStaticMethod(CustomKeywordDelegatingMetaClass.java:55)
	at PayNowSuccesfulPaymentCC.run(PayNowSuccesfulPaymentCC:81)
	at com.kms.katalon.core.main.ScriptEngine.run(ScriptEngine.java:194)
	at com.kms.katalon.core.main.ScriptEngine.runScriptAsRawText(ScriptEngine.java:119)
	at com.kms.katalon.core.main.TestCaseExecutor.runScript(TestCaseExecutor.java:448)
	at com.kms.katalon.core.main.TestCaseExecutor.doExecute(TestCaseExecutor.java:439)
	at com.kms.katalon.core.main.TestCaseExecutor.processExecutionPhase(TestCaseExecutor.java:418)
	at com.kms.katalon.core.main.TestCaseExecutor.accessMainPhase(TestCaseExecutor.java:410)
	at com.kms.katalon.core.main.TestCaseExecutor.execute(TestCaseExecutor.java:285)
	at com.kms.katalon.core.common.CommonExecutor.accessTestCaseMainPhase(CommonExecutor.java:65)
	at com.kms.katalon.core.main.TestSuiteExecutor.accessTestSuiteMainPhase(TestSuiteExecutor.java:150)
	at com.kms.katalon.core.main.TestSuiteExecutor.execute(TestSuiteExecutor.java:106)
	at com.kms.katalon.core.main.TestCaseMain.startTestSuite(TestCaseMain.java:180)
	at TempTestSuite1724852187713.run(TempTestSuite1724852187713.groovy:35)
	at java.base/jdk.internal.reflect.NativeMethodAccessorImpl.invoke0(Native Method)
	at java.base/jdk.internal.reflect.NativeMethodAccessorImpl.invoke(NativeMethodAccessorImpl.java:77)
	at java.base/jdk.internal.reflect.DelegatingMethodAccessorImpl.invoke(DelegatingMethodAccessorImpl.java:43)
Caused by: java.lang.IllegalArgumentException: Object is null
	at com.kms.katalon.core.helper.KeywordHelper.checkTestObjectParameter(KeywordHelper.java:33)
	at com.kms.katalon.core.webui.keyword.builtin.SelectOptionByLabelKeyword$_selectOptionByLabel_closure1.doCall(SelectOptionByLabelKeyword.groovy:80)
	at com.kms.katalon.core.webui.keyword.builtin.SelectOptionByLabelKeyword$_selectOptionByLabel_closure1.call(SelectOptionByLabelKeyword.groovy)
	at com.kms.katalon.core.webui.keyword.internal.WebUIKeywordMain.runKeyword(WebUIKeywordMain.groovy:20)
	at com.kms.katalon.core.webui.keyword.builtin.SelectOptionByLabelKeyword.selectOptionByLabel(SelectOptionByLabelKeyword.groovy:98)
	at com.kms.katalon.core.webui.keyword.builtin.SelectOptionByLabelKeyword.execute(SelectOptionByLabelKeyword.groovy:71)
	at com.kms.katalon.core.keyword.internal.KeywordExecutor.executeKeywordForPlatform(KeywordExecutor.groovy:74)
	at com.kms.katalon.core.webui.keyword.WebUiBuiltInKeywords.selectOptionByLabel(WebUiBuiltInKeywords.groovy:1269)
	at iwpPages.ccPaymentEntryPage.setDataIWPCreditCard(ccPaymentEntryPage.groovy:481)
	at java.base/jdk.internal.reflect.NativeMethodAccessorImpl.invoke0(Native Method)
	at java.base/jdk.internal.reflect.NativeMethodAccessorImpl.invoke(NativeMethodAccessorImpl.java:77)
	at java.base/jdk.internal.reflect.DelegatingMethodAccessorImpl.invoke(DelegatingMethodAccessorImpl.java:43)
	at com.kms.katalon.core.main.CustomKeywordDelegatingMetaClass.invokeStaticMethod(CustomKeywordDelegatingMetaClass.java:55)
	at Script1723140349688.run(Script1723140349688.groovy:81)
	... 15 more
)
[[ATTACHMENT|C:\\Users\\t476046\\Documents\\katalon\\VPS-Katalon\\Reports\\20240828_190627\\QA\\IWP2.5\\QA_IWP2.5_Regression\\20240828_190627\\1724859657830.png]]

28-08-2024T21:10:58 - [MESSAGE][PASSED] - Text 'Shakuntla Devi' is set on object 'Object Repository/IWP30/Page_CCPaymentEntry/Name'

28-08-2024T21:10:59 - [MESSAGE][PASSED] - Text '5146312200000035' is set on object 'Object Repository/IWP30/Page_CCPaymentEntry/CardNumber'

28-08-2024T21:10:59 - [MESSAGE][PASSED] - Text '123' is set on object 'Object Repository/IWP30/Page_CCPaymentEntry/SPC'

28-08-2024T21:11:00 - [MESSAGE][PASSED] - All options with label '09' are selected in object 'Object Repository/IWP30/Page_CCPaymentEntry/Month' 

28-08-2024T21:11:03 - [MESSAGE][PASSED] - All options with label '2028' are selected in object 'Object Repository/IWP30/Page_CCPaymentEntry/Year' 

28-08-2024T21:11:04 - [MESSAGE][PASSED] - Text '365 Main Avenue' is set on object 'Object Repository/IWP30/Page_CCPaymentEntry/AL1'

28-08-2024T21:11:04 - [MESSAGE][PASSED] - Text '22201' is set on object 'Object Repository/IWP30/Page_CCPaymentEntry/ZIP'

28-08-2024T21:11:06 - [MESSAGE][PASSED] - Text 'iahmed@govolution.com' is set on object 'Object Repository/IWP30/Page_CCPaymentEntry/EmailAddress'

28-08-2024T21:11:06 - [MESSAGE][PASSED] - Object 'Object Repository/IWP30/Page_CCPaymentEntry/TermCondCheckBox' is present

28-08-2024T21:11:07 - [MESSAGE][PASSED] - Object 'Object Repository/IWP30/Page_CCPaymentEntry/TermCondCheckBox' is checked

28-08-2024T21:11:07 - [MESSAGE][PASSED] - Object 'Object Repository/IWP30/Page_CCPaymentEntry/ContinueButton' is present

28-08-2024T21:11:09 - [MESSAGE][PASSED] - Object: 'Object Repository/IWP30/Page_CCPaymentEntry/ContinueButton' is clicked on

28-08-2024T21:11:09 - [MESSAGE][FAILED] - com.kms.katalon.core.exception.StepFailedException: Unable to set text (Root cause: com.kms.katalon.core.exception.StepFailedException: Unable to set text
	at com.kms.katalon.core.webui.keyword.internal.WebUIKeywordMain.stepFailed(WebUIKeywordMain.groovy:64)
	at com.kms.katalon.core.webui.keyword.internal.WebUIKeywordMain.runKeyword(WebUIKeywordMain.groovy:26)
	at com.kms.katalon.core.webui.keyword.builtin.SetTextKeyword.setText(SetTextKeyword.groovy:85)
	at com.kms.katalon.core.webui.keyword.builtin.SetTextKeyword.execute(SetTextKeyword.groovy:39)
	at com.kms.katalon.core.keyword.internal.KeywordExecutor.executeKeywordForPlatform(KeywordExecutor.groovy:74)
	at com.kms.katalon.core.webui.keyword.WebUiBuiltInKeywords.setText(WebUiBuiltInKeywords.groovy:1019)
	at iwpPages.ccPaymentEntryPage.setDataIWPCreditCard(ccPaymentEntryPage.groovy:435)
	at java.base/jdk.internal.reflect.NativeMethodAccessorImpl.invoke0(Native Method)
	at java.base/jdk.internal.reflect.NativeMethodAccessorImpl.invoke(NativeMethodAccessorImpl.java:77)
	at java.base/jdk.internal.reflect.DelegatingMethodAccessorImpl.invoke(DelegatingMethodAccessorImpl.java:43)
	at com.kms.katalon.core.main.CustomKeywordDelegatingMetaClass.invokeStaticMethod(CustomKeywordDelegatingMetaClass.java:55)
	at PayNowSuccesfulPaymentCC.run(PayNowSuccesfulPaymentCC:81)
	at com.kms.katalon.core.main.ScriptEngine.run(ScriptEngine.java:194)
	at com.kms.katalon.core.main.ScriptEngine.runScriptAsRawText(ScriptEngine.java:119)
	at com.kms.katalon.core.main.TestCaseExecutor.runScript(TestCaseExecutor.java:448)
	at com.kms.katalon.core.main.TestCaseExecutor.doExecute(TestCaseExecutor.java:439)
	at com.kms.katalon.core.main.TestCaseExecutor.processExecutionPhase(TestCaseExecutor.java:418)
	at com.kms.katalon.core.main.TestCaseExecutor.accessMainPhase(TestCaseExecutor.java:410)
	at com.kms.katalon.core.main.TestCaseExecutor.execute(TestCaseExecutor.java:285)
	at com.kms.katalon.core.common.CommonExecutor.accessTestCaseMainPhase(CommonExecutor.java:65)
	at com.kms.katalon.core.main.TestSuiteExecutor.accessTestSuiteMainPhase(TestSuiteExecutor.java:150)
	at com.kms.katalon.core.main.TestSuiteExecutor.execute(TestSuiteExecutor.java:106)
	at com.kms.katalon.core.main.TestCaseMain.startTestSuite(TestCaseMain.java:180)
	at TempTestSuite1724852187713.run(TempTestSuite1724852187713.groovy:35)
	at java.base/jdk.internal.reflect.NativeMethodAccessorImpl.invoke0(Native Method)
	at java.base/jdk.internal.reflect.NativeMethodAccessorImpl.invoke(NativeMethodAccessorImpl.java:77)
	at java.base/jdk.internal.reflect.DelegatingMethodAccessorImpl.invoke(DelegatingMethodAccessorImpl.java:43)
Caused by: java.lang.IllegalArgumentException: Object is null
	at com.kms.katalon.core.helper.KeywordHelper.checkTestObjectParameter(KeywordHelper.java:33)
	at com.kms.katalon.core.webui.keyword.builtin.SetTextKeyword$_setText_closure1.doCall(SetTextKeyword.groovy:47)
	at com.kms.katalon.core.webui.keyword.builtin.SetTextKeyword$_setText_closure1.call(SetTextKeyword.groovy)
	at com.kms.katalon.core.webui.keyword.internal.WebUIKeywordMain.runKeyword(WebUIKeywordMain.groovy:20)
	at com.kms.katalon.core.webui.keyword.builtin.SetTextKeyword.setText(SetTextKeyword.groovy:85)
	at com.kms.katalon.core.webui.keyword.builtin.SetTextKeyword.execute(SetTextKeyword.groovy:39)
	at com.kms.katalon.core.keyword.internal.KeywordExecutor.executeKeywordForPlatform(KeywordExecutor.groovy:74)
	at com.kms.katalon.core.webui.keyword.WebUiBuiltInKeywords.setText(WebUiBuiltInKeywords.groovy:1019)
	at iwpPages.ccPaymentEntryPage.setDataIWPCreditCard(ccPaymentEntryPage.groovy:435)
	at java.base/jdk.internal.reflect.NativeMethodAccessorImpl.invoke0(Native Method)
	at java.base/jdk.internal.reflect.NativeMethodAccessorImpl.invoke(NativeMethodAccessorImpl.java:77)
	at java.base/jdk.internal.reflect.DelegatingMethodAccessorImpl.invoke(DelegatingMethodAccessorImpl.java:43)
	at com.kms.katalon.core.main.CustomKeywordDelegatingMetaClass.invokeStaticMethod(CustomKeywordDelegatingMetaClass.java:55)
	at Script1723140349688.run(Script1723140349688.groovy:81)
	... 15 more
)

28-08-2024T21:11:09 - [TEST_STEP][PASSED] - click(findTestObject("Object Repository/IWP30/Page_Confirmation/ConfirmButton")): Object: 'Object Repository/IWP30/Page_Confirmation/ConfirmButton' is clicked on

28-08-2024T21:11:12 - [MESSAGE][PASSED] - Object: 'Object Repository/IWP30/Page_Confirmation/ConfirmButton' is clicked on

28-08-2024T21:11:12 - [TEST_STEP][PASSED] - Thread.sleep(10000): null

28-08-2024T21:11:22 - [TEST_STEP][PASSED] - Thread.sleep(10000): null

28-08-2024T21:11:32 - [TEST_STEP][PASSED] - if (verifyTextPresent("Successful Payment Receipt", false)): null

28-08-2024T21:11:32 - [MESSAGE][PASSED] - Text 'Successful Payment Receipt' is present on page 

28-08-2024T21:11:32 - [TEST_STEP][PASSED] - println("Successful Payment Receipt text is present on the Receipt page"): null

28-08-2024T21:11:32 - [TEST_STEP][PASSED] - markPassed("Successful Payment Receipt text is present on the Receipt page"): Successful Payment Receipt text is present on the Receipt page

28-08-2024T21:11:32 - [MESSAGE][PASSED] - Successful Payment Receipt text is present on the Receipt page

28-08-2024T21:11:32 - [TEST_STEP][PASSED] - resText = "Pass": null

28-08-2024T21:11:32 - [TEST_STEP][PASSED] - pages.WriteExcel.demoKey(resText, datText, resColumn, datCloumn, fileLoc, nameSheet, row): pages.WriteExcel.demoKey is PASSED

28-08-2024T21:11:32 - [MESSAGE][PASSED] - pages.WriteExcel.demoKey is PASSED]]></system-out>
         <system-err><![CDATA[28-08-2024T21:02:43 - [TEST_CASE][FAILED] - Test Cases/IntegratedWeb/IWP25/Payments/PayNowSuccesfulPaymentCC: Test Cases/IntegratedWeb/IWP25/Payments/PayNowSuccesfulPaymentCC FAILED.
Reason:
com.kms.katalon.core.exception.StepFailedException: Text 'Successful Payment Receipt' is not present on page  (Root cause: com.kms.katalon.core.exception.StepFailedException: Text 'Successful Payment Receipt' is not present on page 
	at com.kms.katalon.core.webui.keyword.internal.WebUIKeywordMain.stepFailed(WebUIKeywordMain.groovy:64)
	at com.kms.katalon.core.webui.keyword.builtin.VerifyTextPresentKeyword$_verifyTextPresent_closure1.doCall(VerifyTextPresentKeyword.groovy:79)
	at com.kms.katalon.core.webui.keyword.builtin.VerifyTextPresentKeyword$_verifyTextPresent_closure1.call(VerifyTextPresentKeyword.groovy)
	at com.kms.katalon.core.webui.keyword.internal.WebUIKeywordMain.runKeyword(WebUIKeywordMain.groovy:20)
	at com.kms.katalon.core.webui.keyword.builtin.VerifyTextPresentKeyword.verifyTextPresent(VerifyTextPresentKeyword.groovy:83)
	at com.kms.katalon.core.webui.keyword.builtin.VerifyTextPresentKeyword.execute(VerifyTextPresentKeyword.groovy:68)
	at com.kms.katalon.core.keyword.internal.KeywordExecutor.executeKeywordForPlatform(KeywordExecutor.groovy:74)
	at com.kms.katalon.core.webui.keyword.WebUiBuiltInKeywords.verifyTextPresent(WebUiBuiltInKeywords.groovy:1762)
	at PayNowSuccesfulPaymentCC.run(PayNowSuccesfulPaymentCC:94)
	at com.kms.katalon.core.main.ScriptEngine.run(ScriptEngine.java:194)
	at com.kms.katalon.core.main.ScriptEngine.runScriptAsRawText(ScriptEngine.java:119)
	at com.kms.katalon.core.main.TestCaseExecutor.runScript(TestCaseExecutor.java:448)
	at com.kms.katalon.core.main.TestCaseExecutor.doExecute(TestCaseExecutor.java:439)
	at com.kms.katalon.core.main.TestCaseExecutor.processExecutionPhase(TestCaseExecutor.java:418)
	at com.kms.katalon.core.main.TestCaseExecutor.accessMainPhase(TestCaseExecutor.java:410)
	at com.kms.katalon.core.main.TestCaseExecutor.execute(TestCaseExecutor.java:285)
	at com.kms.katalon.core.common.CommonExecutor.accessTestCaseMainPhase(CommonExecutor.java:65)
	at com.kms.katalon.core.main.TestSuiteExecutor.accessTestSuiteMainPhase(TestSuiteExecutor.java:150)
	at com.kms.katalon.core.main.TestSuiteExecutor.execute(TestSuiteExecutor.java:106)
	at com.kms.katalon.core.main.TestCaseMain.startTestSuite(TestCaseMain.java:180)
	at TempTestSuite1724852187713.run(TempTestSuite1724852187713.groovy:35)
	at java.base/jdk.internal.reflect.NativeMethodAccessorImpl.invoke0(Native Method)
	at java.base/jdk.internal.reflect.NativeMethodAccessorImpl.invoke(NativeMethodAccessorImpl.java:77)
	at java.base/jdk.internal.reflect.DelegatingMethodAccessorImpl.invoke(DelegatingMethodAccessorImpl.java:43)
)
	at com.kms.katalon.core.keyword.internal.KeywordMain.stepFailed(KeywordMain.groovy:39)
	at com.kms.katalon.core.webui.keyword.internal.WebUIKeywordMain.stepFailed(WebUIKeywordMain.groovy:64)
	at com.kms.katalon.core.webui.keyword.builtin.VerifyTextPresentKeyword$_verifyTextPresent_closure1.doCall(VerifyTextPresentKeyword.groovy:79)
	at com.kms.katalon.core.webui.keyword.builtin.VerifyTextPresentKeyword$_verifyTextPresent_closure1.call(VerifyTextPresentKeyword.groovy)
	at com.kms.katalon.core.webui.keyword.internal.WebUIKeywordMain.runKeyword(WebUIKeywordMain.groovy:20)
	at com.kms.katalon.core.webui.keyword.builtin.VerifyTextPresentKeyword.verifyTextPresent(VerifyTextPresentKeyword.groovy:83)
	at com.kms.katalon.core.webui.keyword.builtin.VerifyTextPresentKeyword.execute(VerifyTextPresentKeyword.groovy:68)
	at com.kms.katalon.core.keyword.internal.KeywordExecutor.executeKeywordForPlatform(KeywordExecutor.groovy:74)
	at com.kms.katalon.core.webui.keyword.WebUiBuiltInKeywords.verifyTextPresent(WebUiBuiltInKeywords.groovy:1762)
	at PayNowSuccesfulPaymentCC.run(PayNowSuccesfulPaymentCC:94)
	at com.kms.katalon.core.main.ScriptEngine.run(ScriptEngine.java:194)
	at com.kms.katalon.core.main.ScriptEngine.runScriptAsRawText(ScriptEngine.java:119)
	at com.kms.katalon.core.main.TestCaseExecutor.runScript(TestCaseExecutor.java:448)
	at com.kms.katalon.core.main.TestCaseExecutor.doExecute(TestCaseExecutor.java:439)
	at com.kms.katalon.core.main.TestCaseExecutor.processExecutionPhase(TestCaseExecutor.java:418)
	at com.kms.katalon.core.main.TestCaseExecutor.accessMainPhase(TestCaseExecutor.java:410)
	at com.kms.katalon.core.main.TestCaseExecutor.execute(TestCaseExecutor.java:285)
	at com.kms.katalon.core.common.CommonExecutor.accessTestCaseMainPhase(CommonExecutor.java:65)
	at com.kms.katalon.core.main.TestSuiteExecutor.accessTestSuiteMainPhase(TestSuiteExecutor.java:150)
	at com.kms.katalon.core.main.TestSuiteExecutor.execute(TestSuiteExecutor.java:106)
	at com.kms.katalon.core.main.TestCaseMain.startTestSuite(TestCaseMain.java:180)
	at TempTestSuite1724852187713.run(TempTestSuite1724852187713.groovy:35)
	at java.base/jdk.internal.reflect.NativeMethodAccessorImpl.invoke0(Native Method)
	at java.base/jdk.internal.reflect.NativeMethodAccessorImpl.invoke(NativeMethodAccessorImpl.java:77)
	at java.base/jdk.internal.reflect.DelegatingMethodAccessorImpl.invoke(DelegatingMethodAccessorImpl.java:43)
Caused by: com.kms.katalon.core.exception.StepFailedException: Text 'Successful Payment Receipt' is not present on page 
	... 24 more]]></system-err>
      </testcase>
      <system-out><![CDATA[28-08-2024T19:07:00 - [TEST_SUITE][FAILED] - QA_IWP2.5_Regression: Test Cases/IntegratedWeb/IWP25/Payments/OverAndUnderPayPC FAILED.
Reason:
com.kms.katalon.core.exception.StepFailedException: Text 'Successful Payment Receipt' is not present on page  (Root cause: com.kms.katalon.core.exception.StepFailedException: Text 'Successful Payment Receipt' is not present on page 
	at com.kms.katalon.core.webui.keyword.internal.WebUIKeywordMain.stepFailed(WebUIKeywordMain.groovy:64)
	at com.kms.katalon.core.webui.keyword.builtin.VerifyTextPresentKeyword$_verifyTextPresent_closure1.doCall(VerifyTextPresentKeyword.groovy:79)
	at com.kms.katalon.core.webui.keyword.builtin.VerifyTextPresentKeyword$_verifyTextPresent_closure1.call(VerifyTextPresentKeyword.groovy)
	at com.kms.katalon.core.webui.keyword.internal.WebUIKeywordMain.runKeyword(WebUIKeywordMain.groovy:20)
	at com.kms.katalon.core.webui.keyword.builtin.VerifyTextPresentKeyword.verifyTextPresent(VerifyTextPresentKeyword.groovy:83)
	at com.kms.katalon.core.webui.keyword.builtin.VerifyTextPresentKeyword.execute(VerifyTextPresentKeyword.groovy:68)
	at com.kms.katalon.core.keyword.internal.KeywordExecutor.executeKeywordForPlatform(KeywordExecutor.groovy:74)
	at com.kms.katalon.core.webui.keyword.WebUiBuiltInKeywords.verifyTextPresent(WebUiBuiltInKeywords.groovy:1762)
	at OverAndUnderPayPC.run(OverAndUnderPayPC:89)
	at com.kms.katalon.core.main.ScriptEngine.run(ScriptEngine.java:194)
	at com.kms.katalon.core.main.ScriptEngine.runScriptAsRawText(ScriptEngine.java:119)
	at com.kms.katalon.core.main.TestCaseExecutor.runScript(TestCaseExecutor.java:448)
	at com.kms.katalon.core.main.TestCaseExecutor.doExecute(TestCaseExecutor.java:439)
	at com.kms.katalon.core.main.TestCaseExecutor.processExecutionPhase(TestCaseExecutor.java:418)
	at com.kms.katalon.core.main.TestCaseExecutor.accessMainPhase(TestCaseExecutor.java:410)
	at com.kms.katalon.core.main.TestCaseExecutor.execute(TestCaseExecutor.java:285)
	at com.kms.katalon.core.common.CommonExecutor.accessTestCaseMainPhase(CommonExecutor.java:65)
	at com.kms.katalon.core.main.TestSuiteExecutor.accessTestSuiteMainPhase(TestSuiteExecutor.java:150)
	at com.kms.katalon.core.main.TestSuiteExecutor.execute(TestSuiteExecutor.java:106)
	at com.kms.katalon.core.main.TestCaseMain.startTestSuite(TestCaseMain.java:180)
	at TempTestSuite1724852187713.run(TempTestSuite1724852187713.groovy:35)
	at java.base/jdk.internal.reflect.NativeMethodAccessorImpl.invoke0(Native Method)
	at java.base/jdk.internal.reflect.NativeMethodAccessorImpl.invoke(NativeMethodAccessorImpl.java:77)
	at java.base/jdk.internal.reflect.DelegatingMethodAccessorImpl.invoke(DelegatingMethodAccessorImpl.java:43)
)
	at com.kms.katalon.core.keyword.internal.KeywordMain.stepFailed(KeywordMain.groovy:39)
	at com.kms.katalon.core.webui.keyword.internal.WebUIKeywordMain.stepFailed(WebUIKeywordMain.groovy:64)
	at com.kms.katalon.core.webui.keyword.builtin.VerifyTextPresentKeyword$_verifyTextPresent_closure1.doCall(VerifyTextPresentKeyword.groovy:79)
	at com.kms.katalon.core.webui.keyword.builtin.VerifyTextPresentKeyword$_verifyTextPresent_closure1.call(VerifyTextPresentKeyword.groovy)
	at com.kms.katalon.core.webui.keyword.internal.WebUIKeywordMain.runKeyword(WebUIKeywordMain.groovy:20)
	at com.kms.katalon.core.webui.keyword.builtin.VerifyTextPresentKeyword.verifyTextPresent(VerifyTextPresentKeyword.groovy:83)
	at com.kms.katalon.core.webui.keyword.builtin.VerifyTextPresentKeyword.execute(VerifyTextPresentKeyword.groovy:68)
	at com.kms.katalon.core.keyword.internal.KeywordExecutor.executeKeywordForPlatform(KeywordExecutor.groovy:74)
	at com.kms.katalon.core.webui.keyword.WebUiBuiltInKeywords.verifyTextPresent(WebUiBuiltInKeywords.groovy:1762)
	at OverAndUnderPayPC.run(OverAndUnderPayPC:89)
	at com.kms.katalon.core.main.ScriptEngine.run(ScriptEngine.java:194)
	at com.kms.katalon.core.main.ScriptEngine.runScriptAsRawText(ScriptEngine.java:119)
	at com.kms.katalon.core.main.TestCaseExecutor.runScript(TestCaseExecutor.java:448)
	at com.kms.katalon.core.main.TestCaseExecutor.doExecute(TestCaseExecutor.java:439)
	at com.kms.katalon.core.main.TestCaseExecutor.processExecutionPhase(TestCaseExecutor.java:418)
	at com.kms.katalon.core.main.TestCaseExecutor.accessMainPhase(TestCaseExecutor.java:410)
	at com.kms.katalon.core.main.TestCaseExecutor.execute(TestCaseExecutor.java:285)
	at com.kms.katalon.core.common.CommonExecutor.accessTestCaseMainPhase(CommonExecutor.java:65)
	at com.kms.katalon.core.main.TestSuiteExecutor.accessTestSuiteMainPhase(TestSuiteExecutor.java:150)
	at com.kms.katalon.core.main.TestSuiteExecutor.execute(TestSuiteExecutor.java:106)
	at com.kms.katalon.core.main.TestCaseMain.startTestSuite(TestCaseMain.java:180)
	at TempTestSuite1724852187713.run(TempTestSuite1724852187713.groovy:35)
	at java.base/jdk.internal.reflect.NativeMethodAccessorImpl.invoke0(Native Method)
	at java.base/jdk.internal.reflect.NativeMethodAccessorImpl.invoke(NativeMethodAccessorImpl.java:77)
	at java.base/jdk.internal.reflect.DelegatingMethodAccessorImpl.invoke(DelegatingMethodAccessorImpl.java:43)
Caused by: com.kms.katalon.core.exception.StepFailedException: Text 'Successful Payment Receipt' is not present on page 
	... 24 more]]></system-out>
      <system-err><![CDATA[28-08-2024T19:07:00 - [TEST_SUITE][FAILED] - QA_IWP2.5_Regression: Test Cases/IntegratedWeb/IWP25/Payments/OverAndUnderPayPC FAILED.
Reason:
com.kms.katalon.core.exception.StepFailedException: Text 'Successful Payment Receipt' is not present on page  (Root cause: com.kms.katalon.core.exception.StepFailedException: Text 'Successful Payment Receipt' is not present on page 
	at com.kms.katalon.core.webui.keyword.internal.WebUIKeywordMain.stepFailed(WebUIKeywordMain.groovy:64)
	at com.kms.katalon.core.webui.keyword.builtin.VerifyTextPresentKeyword$_verifyTextPresent_closure1.doCall(VerifyTextPresentKeyword.groovy:79)
	at com.kms.katalon.core.webui.keyword.builtin.VerifyTextPresentKeyword$_verifyTextPresent_closure1.call(VerifyTextPresentKeyword.groovy)
	at com.kms.katalon.core.webui.keyword.internal.WebUIKeywordMain.runKeyword(WebUIKeywordMain.groovy:20)
	at com.kms.katalon.core.webui.keyword.builtin.VerifyTextPresentKeyword.verifyTextPresent(VerifyTextPresentKeyword.groovy:83)
	at com.kms.katalon.core.webui.keyword.builtin.VerifyTextPresentKeyword.execute(VerifyTextPresentKeyword.groovy:68)
	at com.kms.katalon.core.keyword.internal.KeywordExecutor.executeKeywordForPlatform(KeywordExecutor.groovy:74)
	at com.kms.katalon.core.webui.keyword.WebUiBuiltInKeywords.verifyTextPresent(WebUiBuiltInKeywords.groovy:1762)
	at OverAndUnderPayPC.run(OverAndUnderPayPC:89)
	at com.kms.katalon.core.main.ScriptEngine.run(ScriptEngine.java:194)
	at com.kms.katalon.core.main.ScriptEngine.runScriptAsRawText(ScriptEngine.java:119)
	at com.kms.katalon.core.main.TestCaseExecutor.runScript(TestCaseExecutor.java:448)
	at com.kms.katalon.core.main.TestCaseExecutor.doExecute(TestCaseExecutor.java:439)
	at com.kms.katalon.core.main.TestCaseExecutor.processExecutionPhase(TestCaseExecutor.java:418)
	at com.kms.katalon.core.main.TestCaseExecutor.accessMainPhase(TestCaseExecutor.java:410)
	at com.kms.katalon.core.main.TestCaseExecutor.execute(TestCaseExecutor.java:285)
	at com.kms.katalon.core.common.CommonExecutor.accessTestCaseMainPhase(CommonExecutor.java:65)
	at com.kms.katalon.core.main.TestSuiteExecutor.accessTestSuiteMainPhase(TestSuiteExecutor.java:150)
	at com.kms.katalon.core.main.TestSuiteExecutor.execute(TestSuiteExecutor.java:106)
	at com.kms.katalon.core.main.TestCaseMain.startTestSuite(TestCaseMain.java:180)
	at TempTestSuite1724852187713.run(TempTestSuite1724852187713.groovy:35)
	at java.base/jdk.internal.reflect.NativeMethodAccessorImpl.invoke0(Native Method)
	at java.base/jdk.internal.reflect.NativeMethodAccessorImpl.invoke(NativeMethodAccessorImpl.java:77)
	at java.base/jdk.internal.reflect.DelegatingMethodAccessorImpl.invoke(DelegatingMethodAccessorImpl.java:43)
)
	at com.kms.katalon.core.keyword.internal.KeywordMain.stepFailed(KeywordMain.groovy:39)
	at com.kms.katalon.core.webui.keyword.internal.WebUIKeywordMain.stepFailed(WebUIKeywordMain.groovy:64)
	at com.kms.katalon.core.webui.keyword.builtin.VerifyTextPresentKeyword$_verifyTextPresent_closure1.doCall(VerifyTextPresentKeyword.groovy:79)
	at com.kms.katalon.core.webui.keyword.builtin.VerifyTextPresentKeyword$_verifyTextPresent_closure1.call(VerifyTextPresentKeyword.groovy)
	at com.kms.katalon.core.webui.keyword.internal.WebUIKeywordMain.runKeyword(WebUIKeywordMain.groovy:20)
	at com.kms.katalon.core.webui.keyword.builtin.VerifyTextPresentKeyword.verifyTextPresent(VerifyTextPresentKeyword.groovy:83)
	at com.kms.katalon.core.webui.keyword.builtin.VerifyTextPresentKeyword.execute(VerifyTextPresentKeyword.groovy:68)
	at com.kms.katalon.core.keyword.internal.KeywordExecutor.executeKeywordForPlatform(KeywordExecutor.groovy:74)
	at com.kms.katalon.core.webui.keyword.WebUiBuiltInKeywords.verifyTextPresent(WebUiBuiltInKeywords.groovy:1762)
	at OverAndUnderPayPC.run(OverAndUnderPayPC:89)
	at com.kms.katalon.core.main.ScriptEngine.run(ScriptEngine.java:194)
	at com.kms.katalon.core.main.ScriptEngine.runScriptAsRawText(ScriptEngine.java:119)
	at com.kms.katalon.core.main.TestCaseExecutor.runScript(TestCaseExecutor.java:448)
	at com.kms.katalon.core.main.TestCaseExecutor.doExecute(TestCaseExecutor.java:439)
	at com.kms.katalon.core.main.TestCaseExecutor.processExecutionPhase(TestCaseExecutor.java:418)
	at com.kms.katalon.core.main.TestCaseExecutor.accessMainPhase(TestCaseExecutor.java:410)
	at com.kms.katalon.core.main.TestCaseExecutor.execute(TestCaseExecutor.java:285)
	at com.kms.katalon.core.common.CommonExecutor.accessTestCaseMainPhase(CommonExecutor.java:65)
	at com.kms.katalon.core.main.TestSuiteExecutor.accessTestSuiteMainPhase(TestSuiteExecutor.java:150)
	at com.kms.katalon.core.main.TestSuiteExecutor.execute(TestSuiteExecutor.java:106)
	at com.kms.katalon.core.main.TestCaseMain.startTestSuite(TestCaseMain.java:180)
	at TempTestSuite1724852187713.run(TempTestSuite1724852187713.groovy:35)
	at java.base/jdk.internal.reflect.NativeMethodAccessorImpl.invoke0(Native Method)
	at java.base/jdk.internal.reflect.NativeMethodAccessorImpl.invoke(NativeMethodAccessorImpl.java:77)
	at java.base/jdk.internal.reflect.DelegatingMethodAccessorImpl.invoke(DelegatingMethodAccessorImpl.java:43)
Caused by: com.kms.katalon.core.exception.StepFailedException: Text 'Successful Payment Receipt' is not present on page 
	... 24 more]]></system-err>
   </testsuite>
</testsuites>
