<?xml version="1.0" encoding="UTF-8"?>
<testsuites name="Temp" time="408.542" tests="1" failures="0" errors="0">
   <testsuite name="Temp" tests="1" failures="0" errors="0" time="408.542" skipped="0" timestamp="2022-02-22 18:14:50" hostname="iahmed - DESKTOP-B2QI6NS.govolution.com" id="Test Suites/Temp">
      <properties>
         <property name="deviceName" value=""/>
         <property name="devicePlatform" value=""/>
         <property name="logFolder" value="E:\\Cloned-Project-Katalon\\VPS-Katalon\\Reports\\20220222_181446\\Temp\\20220222_181446"/>
         <property name="logFiles" value="E:\\Cloned-Project-Katalon\\VPS-Katalon\\Reports\\20220222_181446\\Temp\\20220222_181446\\execution0.log"/>
         <property name="attachments" value=""/>
         <property name="hostName" value="iahmed - DESKTOP-B2QI6NS.govolution.com"/>
         <property name="os" value="Windows 10 64bit"/>
         <property name="katalonVersion" value="8.2.0.208"/>
         <property name="browser" value="Chrome 98.0.4758.102"/>
         <property name="hostAddress" value="172.31.253.180"/>
         <property name="sessionId" value="7458cd169cce2f4f378f32bec56724d1"/>
         <property name="seleniumVersion" value="3.141.59"/>
         <property name="proxyInformation" value="ProxyInformation { proxyOption=NO_PROXY, proxyServerType=HTTP, username=, password=********, proxyServerAddress=, proxyServerPort=0, executionList=&quot;&quot;, isApplyToDesiredCapabilities=true }"/>
         <property name="platform" value="Windows 10"/>
      </properties>
      <testcase name="Test Cases/Admin Suite Bootstrap/VT_TestCases/SaleKeyboard_TP_NoCF_App742_Payment_TC" time="408.115" classname="Test Cases/Admin Suite Bootstrap/VT_TestCases/SaleKeyboard_TP_NoCF_App742_Payment_TC" status="PASSED">
         <system-out><![CDATA[2022-02-22 18:14:50 - [TEST_CASE][PASSED] - Test Cases/Admin Suite Bootstrap/VT_TestCases/SaleKeyboard_TP_NoCF_App742_Payment_TC: Test Cases/Admin Suite Bootstrap/VT_TestCases/SaleKeyboard_TP_NoCF_App742_Payment_TC

2022-02-22 18:14:51 - [TEST_STEP][PASSED] - path_Dashboard = "Object Repository/AdminSuiteBootstrap_Pages/Dashboard_Bootstrap/": null

2022-02-22 18:14:51 - [TEST_STEP][PASSED] - path_VT = "Object Repository/AdminSuiteBootstrap_Pages/VT_Bootstrap/IssueTransactions/": null

2022-02-22 18:14:51 - [TEST_STEP][PASSED] - path_SaleKB = "Object Repository/AdminSuiteBootstrap_Pages/VT_Bootstrap/SaleKeyboard/": null

2022-02-22 18:14:51 - [TEST_STEP][PASSED] - li_1 = "/admin/imtiaz/bootstrap/vpos/": null

2022-02-22 18:14:51 - [TEST_STEP][PASSED] - li_2 = "/transactions/AuthCapForm/": null

2022-02-22 18:14:51 - [TEST_STEP][PASSED] - appName = <not implemented yet for class: org.codehaus.groovy.ast.expr.EmptyExpression>: null

2022-02-22 18:14:51 - [TEST_STEP][PASSED] - appID = <not implemented yet for class: org.codehaus.groovy.ast.expr.EmptyExpression>: null

2022-02-22 18:14:51 - [TEST_STEP][PASSED] - cardNameV = <not implemented yet for class: org.codehaus.groovy.ast.expr.EmptyExpression>: null

2022-02-22 18:14:51 - [TEST_STEP][PASSED] - al1V = <not implemented yet for class: org.codehaus.groovy.ast.expr.EmptyExpression>: null

2022-02-22 18:14:51 - [TEST_STEP][PASSED] - al2V = <not implemented yet for class: org.codehaus.groovy.ast.expr.EmptyExpression>: null

2022-02-22 18:14:51 - [TEST_STEP][PASSED] - zipV = <not implemented yet for class: org.codehaus.groovy.ast.expr.EmptyExpression>: null

2022-02-22 18:14:51 - [TEST_STEP][PASSED] - cardTypeV = <not implemented yet for class: org.codehaus.groovy.ast.expr.EmptyExpression>: null

2022-02-22 18:14:51 - [TEST_STEP][PASSED] - last4V = <not implemented yet for class: org.codehaus.groovy.ast.expr.EmptyExpression>: null

2022-02-22 18:14:51 - [TEST_STEP][PASSED] - resText = "Fail": null

2022-02-22 18:14:51 - [TEST_STEP][PASSED] - resColumn = "Result": null

2022-02-22 18:14:51 - [TEST_STEP][PASSED] - datCloumn = "Date": null

2022-02-22 18:14:51 - [TEST_STEP][PASSED] - fileLoc = "C:\KatalonData\Bootstrap\VT-Data.xlsx": null

2022-02-22 18:14:51 - [TEST_STEP][PASSED] - nameSheet = "VT-Sale-NoCF": null

2022-02-22 18:14:51 - [TEST_STEP][PASSED] - numOfRows = findTestData("QA/Bootstrap/VT-TestData/VT-SaleData-NoCF").getRowNumbers(): null

2022-02-22 18:14:51 - [TEST_STEP][PASSED] - println("Number of Records: " + numOfRows): null

2022-02-22 18:14:51 - [TEST_STEP][PASSED] - dataFile = "QA/Bootstrap/VT-TestData/VT-SaleData-NoCF": null

2022-02-22 18:14:51 - [TEST_STEP][PASSED] - for ([row = 1, row <= numOfRows, (row++)]): Text '6909' is present on page  using regular expression

2022-02-22 18:14:51 - [TEST_STEP][PASSED] - ExecuteTC = findTestData(dataFile).getValue("Execute", row): null

2022-02-22 18:14:52 - [TEST_STEP][PASSED] - out.println("Value of Execute is : " + ExecuteTC): null

2022-02-22 18:14:52 - [TEST_STEP][PASSED] - appName = findTestData(dataFile).getValue("AppName", row): null

2022-02-22 18:14:52 - [TEST_STEP][PASSED] - appID = findTestData(dataFile).getValue("AppID", row): null

2022-02-22 18:14:52 - [TEST_STEP][PASSED] - hrefAppID = li_1 + appID + li_2: null

2022-02-22 18:14:52 - [TEST_STEP][PASSED] - if (ExecuteTC.equalsIgnoreCase("Y")): Text '5439' is present on page  using regular expression

2022-02-22 18:14:52 - [TEST_STEP][PASSED] - out.println("Begin Record Number: " + row): null

2022-02-22 18:14:52 - [TEST_STEP][PASSED] - today = new java.util.Date(): null

2022-02-22 18:14:52 - [TEST_STEP][PASSED] - println(today): null

2022-02-22 18:14:52 - [TEST_STEP][PASSED] - datText = today: null

2022-02-22 18:14:52 - [TEST_STEP][PASSED] - adminSuiteBootstrap.loginFunctionality.login_AdminSuite(): adminSuiteBootstrap.loginFunctionality.login_AdminSuite is PASSED

2022-02-22 18:14:52 - [MESSAGE][INFO] - Starting 'Chrome' driver

2022-02-22 18:14:52 - [MESSAGE][INFO] - User set preference: ['acceptInsecureCerts', 'true']

2022-02-22 18:14:53 - [MESSAGE][INFO] - Action delay is set to 0 milliseconds

2022-02-22 18:14:57 - [MESSAGE][PASSED] - Browser is opened with url: 'https://qa.velocitypayment.com/admin/imtiaz'

2022-02-22 18:14:57 - [MESSAGE][PASSED] - Current window maximized

2022-02-22 18:14:57 - [MESSAGE][PASSED] - Object 'Object Repository/Login_Page/Login_Username' is present

2022-02-22 18:14:58 - [MESSAGE][PASSED] - Text 'iahmed' is set on object 'Object Repository/Login_Page/Login_Username'

2022-02-22 18:14:59 - [MESSAGE][PASSED] - Text 'hello2222' is set on object 'Object Repository/Login_Page/Login_Password'

2022-02-22 18:15:04 - [MESSAGE][PASSED] - Object: 'Object Repository/Login_Page/Login_Submit' is clicked on

2022-02-22 18:15:04 - [MESSAGE][PASSED] - adminSuiteBootstrap.loginFunctionality.login_AdminSuite is PASSED

2022-02-22 18:15:04 - [TEST_STEP][PASSED] - click(findTestObject(path_Dashboard + "span_Payment")): Object: 'Object Repository/AdminSuiteBootstrap_Pages/Dashboard_Bootstrap/span_Payment' is clicked on

2022-02-22 18:15:04 - [MESSAGE][PASSED] - Object: 'Object Repository/AdminSuiteBootstrap_Pages/Dashboard_Bootstrap/span_Payment' is clicked on

2022-02-22 18:15:04 - [TEST_STEP][PASSED] - click(findTestObject(path_Dashboard + appName)): Object: 'Object Repository/AdminSuiteBootstrap_Pages/Dashboard_Bootstrap/a_Access AutoNoCFtp' is clicked on

2022-02-22 18:15:06 - [MESSAGE][PASSED] - Object: 'Object Repository/AdminSuiteBootstrap_Pages/Dashboard_Bootstrap/a_Access AutoNoCFtp' is clicked on

2022-02-22 18:15:06 - [TEST_STEP][PASSED] - click(findTestObject(path_VT + "button_Authorization  Capture (Sale)")): Object: 'Object Repository/AdminSuiteBootstrap_Pages/VT_Bootstrap/IssueTransactions/button_Authorization  Capture (Sale)' is clicked on

2022-02-22 18:15:06 - [MESSAGE][PASSED] - Object: 'Object Repository/AdminSuiteBootstrap_Pages/VT_Bootstrap/IssueTransactions/button_Authorization  Capture (Sale)' is clicked on

2022-02-22 18:15:06 - [TEST_STEP][PASSED] - saleKeyboardEntryLink = modifyObjectProperty(findTestObject(path_VT + "a_KeyboardEntry_Sale"), "href", "equals", hrefAppID, true): Modify property of object successfully

2022-02-22 18:15:06 - [MESSAGE][PASSED] - Modify property of object successfully

2022-02-22 18:15:06 - [TEST_STEP][PASSED] - click(saleKeyboardEntryLink): Object: 'Object Repository/AdminSuiteBootstrap_Pages/VT_Bootstrap/IssueTransactions/a_KeyboardEntry_Sale' is clicked on

2022-02-22 18:15:08 - [MESSAGE][PASSED] - Object: 'Object Repository/AdminSuiteBootstrap_Pages/VT_Bootstrap/IssueTransactions/a_KeyboardEntry_Sale' is clicked on

2022-02-22 18:15:08 - [TEST_STEP][PASSED] - adminSuiteBootstrap.virtualTerminalSetData.saleKeyboard_DataDriven(row, dataFile): adminSuiteBootstrap.virtualTerminalSetData.saleKeyboard_DataDriven is PASSED

2022-02-22 18:15:10 - [MESSAGE][PASSED] - Text 'Tulsi Raman' is set on object 'Object Repository/AdminSuiteBootstrap_Pages/VT_Bootstrap/SaleKeyboard/input_cardName'

2022-02-22 18:15:11 - [MESSAGE][PASSED] - All options with value 'RETL' are selected in object 'Object Repository/AdminSuiteBootstrap_Pages/VT_Bootstrap/SaleKeyboard/select_transactionCategory'  using regular expression

2022-02-22 18:15:11 - [MESSAGE][PASSED] - Execute JavaScript 'arguments[0].value ='4012000098765439' ' successfully

2022-02-22 18:15:11 - [MESSAGE][PASSED] - Execute JavaScript 'arguments[0].value ='123' ' successfully

2022-02-22 18:15:13 - [MESSAGE][PASSED] - All options with value '12' are selected in object 'Object Repository/AdminSuiteBootstrap_Pages/VT_Bootstrap/SaleKeyboard/select_MM'  using regular expression

2022-02-22 18:15:14 - [MESSAGE][PASSED] - All options with value '2025' are selected in object 'Object Repository/AdminSuiteBootstrap_Pages/VT_Bootstrap/SaleKeyboard/select_YYYY'  using regular expression

2022-02-22 18:15:14 - [MESSAGE][PASSED] - Text '36 Cornor Road' is set on object 'Object Repository/AdminSuiteBootstrap_Pages/VT_Bootstrap/SaleKeyboard/input__address'

2022-02-22 18:15:15 - [MESSAGE][PASSED] - Text 'Suite 500' is set on object 'Object Repository/AdminSuiteBootstrap_Pages/VT_Bootstrap/SaleKeyboard/input__address2'

2022-02-22 18:15:16 - [MESSAGE][PASSED] - Text '22201' is set on object 'Object Repository/AdminSuiteBootstrap_Pages/VT_Bootstrap/SaleKeyboard/input__zip'

2022-02-22 18:15:17 - [MESSAGE][PASSED] - Text '' is set on object 'Object Repository/AdminSuiteBootstrap_Pages/VT_Bootstrap/SaleKeyboard/input_emailAddress'

2022-02-22 18:15:18 - [MESSAGE][PASSED] - Text '' is set on object 'Object Repository/AdminSuiteBootstrap_Pages/VT_Bootstrap/SaleKeyboard/input_smsNumber'

2022-02-22 18:15:19 - [MESSAGE][PASSED] - Text '10.50' is set on object 'Object Repository/AdminSuiteBootstrap_Pages/VT_Bootstrap/SaleKeyboard/input_amount'

2022-02-22 18:15:20 - [MESSAGE][PASSED] - Text 'Australia' is set on object 'Object Repository/AdminSuiteBootstrap_Pages/VT_Bootstrap/SaleKeyboard/input_userDefined1'

2022-02-22 18:15:20 - [MESSAGE][PASSED] - Text 'Denmark' is set on object 'Object Repository/AdminSuiteBootstrap_Pages/VT_Bootstrap/SaleKeyboard/input_userDefined2'

2022-02-22 18:15:21 - [MESSAGE][PASSED] - Text 'Sweden' is set on object 'Object Repository/AdminSuiteBootstrap_Pages/VT_Bootstrap/SaleKeyboard/input_userDefined3'

2022-02-22 18:15:22 - [MESSAGE][PASSED] - Text 'Austria' is set on object 'Object Repository/AdminSuiteBootstrap_Pages/VT_Bootstrap/SaleKeyboard/input_userDefined4'

2022-02-22 18:15:23 - [MESSAGE][PASSED] - All options with label 'Orange' are selected in object 'Object Repository/AdminSuiteBootstrap_Pages/VT_Bootstrap/SaleKeyboard/select_UDF5_DropDown'  using regular expression

2022-02-22 18:15:24 - [MESSAGE][PASSED] - All options with label 'Yellow' are selected in object 'Object Repository/AdminSuiteBootstrap_Pages/VT_Bootstrap/SaleKeyboard/select_UDF6_DropDown'  using regular expression

2022-02-22 18:15:24 - [MESSAGE][PASSED] - Text 'Norway' is set on object 'Object Repository/AdminSuiteBootstrap_Pages/VT_Bootstrap/SaleKeyboard/input_userDefined7'

2022-02-22 18:15:25 - [MESSAGE][PASSED] - Text 'Netherlands' is set on object 'Object Repository/AdminSuiteBootstrap_Pages/VT_Bootstrap/SaleKeyboard/input_userDefined8'

2022-02-22 18:15:26 - [MESSAGE][PASSED] - Text 'Switzerland' is set on object 'Object Repository/AdminSuiteBootstrap_Pages/VT_Bootstrap/SaleKeyboard/input_userDefined9'

2022-02-22 18:15:26 - [MESSAGE][PASSED] - Text 'France' is set on object 'Object Repository/AdminSuiteBootstrap_Pages/VT_Bootstrap/SaleKeyboard/input_userDefined10'

2022-02-22 18:15:29 - [MESSAGE][PASSED] - Object: 'Object Repository/AdminSuiteBootstrap_Pages/VT_Bootstrap/SaleKeyboard/button_Submit' is clicked on

2022-02-22 18:15:29 - [MESSAGE][PASSED] - adminSuiteBootstrap.virtualTerminalSetData.saleKeyboard_DataDriven is PASSED

2022-02-22 18:15:29 - [TEST_STEP][PASSED] - verifyTextPresent("Transaction Successful", true): Text 'Transaction Successful' is present on page  using regular expression

2022-02-22 18:15:29 - [MESSAGE][PASSED] - Text 'Transaction Successful' is present on page  using regular expression

2022-02-22 18:15:29 - [TEST_STEP][PASSED] - verifyElementVisible(findTestObject("Object Repository/AdminSuiteBootstrap_Pages/VT_Bootstrap/Receipt/button_Continue")): Object 'Object Repository/AdminSuiteBootstrap_Pages/VT_Bootstrap/Receipt/button_Continue' is visible

2022-02-22 18:15:30 - [MESSAGE][PASSED] - Object 'Object Repository/AdminSuiteBootstrap_Pages/VT_Bootstrap/Receipt/button_Continue' is visible

2022-02-22 18:15:30 - [TEST_STEP][PASSED] - verifyElementPresent(findTestObject("Object Repository/AdminSuiteBootstrap_Pages/VT_Bootstrap/Receipt/button_Continue"), 20): Object 'Object Repository/AdminSuiteBootstrap_Pages/VT_Bootstrap/Receipt/button_Continue' is present

2022-02-22 18:15:30 - [MESSAGE][PASSED] - Object 'Object Repository/AdminSuiteBootstrap_Pages/VT_Bootstrap/Receipt/button_Continue' is present

2022-02-22 18:15:30 - [TEST_STEP][PASSED] - verifyElementVisible(findTestObject("Object Repository/AdminSuiteBootstrap_Pages/VT_Bootstrap/Receipt/button_Print")): Object 'Object Repository/AdminSuiteBootstrap_Pages/VT_Bootstrap/Receipt/button_Print' is visible

2022-02-22 18:15:30 - [MESSAGE][PASSED] - Object 'Object Repository/AdminSuiteBootstrap_Pages/VT_Bootstrap/Receipt/button_Print' is visible

2022-02-22 18:15:30 - [TEST_STEP][PASSED] - verifyElementPresent(findTestObject("Object Repository/AdminSuiteBootstrap_Pages/VT_Bootstrap/Receipt/button_Print"), 20): Object 'Object Repository/AdminSuiteBootstrap_Pages/VT_Bootstrap/Receipt/button_Print' is present

2022-02-22 18:15:31 - [MESSAGE][PASSED] - Object 'Object Repository/AdminSuiteBootstrap_Pages/VT_Bootstrap/Receipt/button_Print' is present

2022-02-22 18:15:31 - [TEST_STEP][PASSED] - verifyTextPresent("Remittance ID", true): Text 'Remittance ID' is present on page  using regular expression

2022-02-22 18:15:31 - [MESSAGE][PASSED] - Text 'Remittance ID' is present on page  using regular expression

2022-02-22 18:15:31 - [TEST_STEP][PASSED] - verifyTextPresent("Received", true): Text 'Received' is present on page  using regular expression

2022-02-22 18:15:31 - [MESSAGE][PASSED] - Text 'Received' is present on page  using regular expression

2022-02-22 18:15:31 - [TEST_STEP][PASSED] - verifyTextPresent("UDF1", true): Text 'UDF1' is present on page  using regular expression

2022-02-22 18:15:32 - [MESSAGE][PASSED] - Text 'UDF1' is present on page  using regular expression

2022-02-22 18:15:32 - [TEST_STEP][PASSED] - verifyTextPresent("UDF2", true): Text 'UDF2' is present on page  using regular expression

2022-02-22 18:15:32 - [MESSAGE][PASSED] - Text 'UDF2' is present on page  using regular expression

2022-02-22 18:15:32 - [TEST_STEP][PASSED] - verifyTextPresent("UDF3", true): Text 'UDF3' is present on page  using regular expression

2022-02-22 18:15:32 - [MESSAGE][PASSED] - Text 'UDF3' is present on page  using regular expression

2022-02-22 18:15:32 - [TEST_STEP][PASSED] - verifyTextPresent("UDF4", true): Text 'UDF4' is present on page  using regular expression

2022-02-22 18:15:33 - [MESSAGE][PASSED] - Text 'UDF4' is present on page  using regular expression

2022-02-22 18:15:33 - [TEST_STEP][PASSED] - verifyTextPresent("UDF5", true): Text 'UDF5' is present on page  using regular expression

2022-02-22 18:15:33 - [MESSAGE][PASSED] - Text 'UDF5' is present on page  using regular expression

2022-02-22 18:15:33 - [TEST_STEP][PASSED] - verifyTextPresent("UDF6", true): Text 'UDF6' is present on page  using regular expression

2022-02-22 18:15:33 - [MESSAGE][PASSED] - Text 'UDF6' is present on page  using regular expression

2022-02-22 18:15:33 - [TEST_STEP][PASSED] - verifyTextPresent("UDF7", true): Text 'UDF7' is present on page  using regular expression

2022-02-22 18:15:34 - [MESSAGE][PASSED] - Text 'UDF7' is present on page  using regular expression

2022-02-22 18:15:34 - [TEST_STEP][PASSED] - verifyTextPresent("UDF8", true): Text 'UDF8' is present on page  using regular expression

2022-02-22 18:15:34 - [MESSAGE][PASSED] - Text 'UDF8' is present on page  using regular expression

2022-02-22 18:15:34 - [TEST_STEP][PASSED] - verifyTextPresent("UDF9", true): Text 'UDF9' is present on page  using regular expression

2022-02-22 18:15:34 - [MESSAGE][PASSED] - Text 'UDF9' is present on page  using regular expression

2022-02-22 18:15:34 - [TEST_STEP][PASSED] - verifyTextPresent("UDF 10", true): Text 'UDF 10' is present on page  using regular expression

2022-02-22 18:15:35 - [MESSAGE][PASSED] - Text 'UDF 10' is present on page  using regular expression

2022-02-22 18:15:35 - [TEST_STEP][PASSED] - verifyTextPresent("Australia", true): Text 'Australia' is present on page  using regular expression

2022-02-22 18:15:35 - [MESSAGE][PASSED] - Text 'Australia' is present on page  using regular expression

2022-02-22 18:15:35 - [TEST_STEP][PASSED] - verifyTextPresent("Denmark", true): Text 'Denmark' is present on page  using regular expression

2022-02-22 18:15:35 - [MESSAGE][PASSED] - Text 'Denmark' is present on page  using regular expression

2022-02-22 18:15:35 - [TEST_STEP][PASSED] - verifyTextPresent("Sweden", true): Text 'Sweden' is present on page  using regular expression

2022-02-22 18:15:36 - [MESSAGE][PASSED] - Text 'Sweden' is present on page  using regular expression

2022-02-22 18:15:36 - [TEST_STEP][PASSED] - verifyTextPresent("Austria", true): Text 'Austria' is present on page  using regular expression

2022-02-22 18:15:36 - [MESSAGE][PASSED] - Text 'Austria' is present on page  using regular expression

2022-02-22 18:15:36 - [TEST_STEP][PASSED] - verifyTextPresent("Orange Recorded", true): Text 'Orange Recorded' is present on page  using regular expression

2022-02-22 18:15:36 - [MESSAGE][PASSED] - Text 'Orange Recorded' is present on page  using regular expression

2022-02-22 18:15:36 - [TEST_STEP][PASSED] - verifyTextPresent("Yellow Recorded", true): Text 'Yellow Recorded' is present on page  using regular expression

2022-02-22 18:15:37 - [MESSAGE][PASSED] - Text 'Yellow Recorded' is present on page  using regular expression

2022-02-22 18:15:37 - [TEST_STEP][PASSED] - verifyTextPresent("Norway", true): Text 'Norway' is present on page  using regular expression

2022-02-22 18:15:37 - [MESSAGE][PASSED] - Text 'Norway' is present on page  using regular expression

2022-02-22 18:15:37 - [TEST_STEP][PASSED] - verifyTextPresent("Netherlands", true): Text 'Netherlands' is present on page  using regular expression

2022-02-22 18:15:37 - [MESSAGE][PASSED] - Text 'Netherlands' is present on page  using regular expression

2022-02-22 18:15:37 - [TEST_STEP][PASSED] - verifyTextPresent("Switzerland", true): Text 'Switzerland' is present on page  using regular expression

2022-02-22 18:15:38 - [MESSAGE][PASSED] - Text 'Switzerland' is present on page  using regular expression

2022-02-22 18:15:38 - [TEST_STEP][PASSED] - verifyTextPresent("France", true): Text 'France' is present on page  using regular expression

2022-02-22 18:15:38 - [MESSAGE][PASSED] - Text 'France' is present on page  using regular expression

2022-02-22 18:15:38 - [TEST_STEP][PASSED] - verifyTextPresent("Amount", true): Text 'Amount' is present on page  using regular expression

2022-02-22 18:15:38 - [MESSAGE][PASSED] - Text 'Amount' is present on page  using regular expression

2022-02-22 18:15:38 - [TEST_STEP][PASSED] - verifyTextPresent("Total Amount", true): Text 'Total Amount' is present on page  using regular expression

2022-02-22 18:15:39 - [MESSAGE][PASSED] - Text 'Total Amount' is present on page  using regular expression

2022-02-22 18:15:39 - [TEST_STEP][PASSED] - verifyTextPresent("Transaction Type", true): Text 'Transaction Type' is present on page  using regular expression

2022-02-22 18:15:39 - [MESSAGE][PASSED] - Text 'Transaction Type' is present on page  using regular expression

2022-02-22 18:15:39 - [TEST_STEP][PASSED] - verifyTextPresent("10.50", true): Text '10.50' is present on page  using regular expression

2022-02-22 18:15:39 - [MESSAGE][PASSED] - Text '10.50' is present on page  using regular expression

2022-02-22 18:15:39 - [TEST_STEP][PASSED] - verifyTextPresent("Authorization and Capture", true): Text 'Authorization and Capture' is present on page  using regular expression

2022-02-22 18:15:40 - [MESSAGE][PASSED] - Text 'Authorization and Capture' is present on page  using regular expression

2022-02-22 18:15:40 - [TEST_STEP][PASSED] - verifyTextPresent("Card Information", true): Text 'Card Information' is present on page  using regular expression

2022-02-22 18:15:40 - [MESSAGE][PASSED] - Text 'Card Information' is present on page  using regular expression

2022-02-22 18:15:40 - [TEST_STEP][PASSED] - cardNameV = findTestData(dataFile).getValue("CardNameV", row): null

2022-02-22 18:15:40 - [TEST_STEP][PASSED] - al1V = findTestData(dataFile).getValue("AL1", row): null

2022-02-22 18:15:40 - [TEST_STEP][PASSED] - al2V = findTestData(dataFile).getValue("AL2", row): null

2022-02-22 18:15:40 - [TEST_STEP][PASSED] - zipV = findTestData(dataFile).getValue("ZIP", row): null

2022-02-22 18:15:40 - [TEST_STEP][PASSED] - cardTypeV = findTestData(dataFile).getValue("CardType", row): null

2022-02-22 18:15:40 - [TEST_STEP][PASSED] - last4V = findTestData(dataFile).getValue("Last4", row): null

2022-02-22 18:15:40 - [TEST_STEP][PASSED] - verifyTextPresent(cardNameV, true): Text 'TULSI RAMAN' is present on page  using regular expression

2022-02-22 18:15:41 - [MESSAGE][PASSED] - Text 'TULSI RAMAN' is present on page  using regular expression

2022-02-22 18:15:41 - [TEST_STEP][PASSED] - verifyTextPresent("Address Line 1", true): Text 'Address Line 1' is present on page  using regular expression

2022-02-22 18:15:41 - [MESSAGE][PASSED] - Text 'Address Line 1' is present on page  using regular expression

2022-02-22 18:15:41 - [TEST_STEP][PASSED] - verifyTextPresent("Address Line 2", true): Text 'Address Line 2' is present on page  using regular expression

2022-02-22 18:15:41 - [MESSAGE][PASSED] - Text 'Address Line 2' is present on page  using regular expression

2022-02-22 18:15:41 - [TEST_STEP][PASSED] - verifyTextPresent("Country", true): Text 'Country' is present on page  using regular expression

2022-02-22 18:15:42 - [MESSAGE][PASSED] - Text 'Country' is present on page  using regular expression

2022-02-22 18:15:42 - [TEST_STEP][PASSED] - verifyTextPresent("City", true): Text 'City' is present on page  using regular expression

2022-02-22 18:15:42 - [MESSAGE][PASSED] - Text 'City' is present on page  using regular expression

2022-02-22 18:15:42 - [TEST_STEP][PASSED] - verifyTextPresent("State", true): Text 'State' is present on page  using regular expression

2022-02-22 18:15:42 - [MESSAGE][PASSED] - Text 'State' is present on page  using regular expression

2022-02-22 18:15:42 - [TEST_STEP][PASSED] - verifyTextPresent("ZIP Code", true): Text 'ZIP Code' is present on page  using regular expression

2022-02-22 18:15:43 - [MESSAGE][PASSED] - Text 'ZIP Code' is present on page  using regular expression

2022-02-22 18:15:43 - [TEST_STEP][PASSED] - verifyTextPresent(al1V, true): Text '36 Cornor Road' is present on page  using regular expression

2022-02-22 18:15:43 - [MESSAGE][PASSED] - Text '36 Cornor Road' is present on page  using regular expression

2022-02-22 18:15:43 - [TEST_STEP][PASSED] - verifyTextPresent(al2V, true): Text 'Suite 500' is present on page  using regular expression

2022-02-22 18:15:43 - [MESSAGE][PASSED] - Text 'Suite 500' is present on page  using regular expression

2022-02-22 18:15:43 - [TEST_STEP][PASSED] - verifyTextPresent("United States", true): Text 'United States' is present on page  using regular expression

2022-02-22 18:15:44 - [MESSAGE][PASSED] - Text 'United States' is present on page  using regular expression

2022-02-22 18:15:44 - [TEST_STEP][PASSED] - verifyTextPresent("ARLINGTON", true): Text 'ARLINGTON' is present on page  using regular expression

2022-02-22 18:15:44 - [MESSAGE][PASSED] - Text 'ARLINGTON' is present on page  using regular expression

2022-02-22 18:15:44 - [TEST_STEP][PASSED] - verifyTextPresent("Virginia", true): Text 'Virginia' is present on page  using regular expression

2022-02-22 18:15:44 - [MESSAGE][PASSED] - Text 'Virginia' is present on page  using regular expression

2022-02-22 18:15:44 - [TEST_STEP][PASSED] - verifyTextPresent(zipV, true): Text '22201' is present on page  using regular expression

2022-02-22 18:15:45 - [MESSAGE][PASSED] - Text '22201' is present on page  using regular expression

2022-02-22 18:15:45 - [TEST_STEP][PASSED] - verifyTextPresent(cardTypeV, true): Text 'Visa' is present on page  using regular expression

2022-02-22 18:15:45 - [MESSAGE][PASSED] - Text 'Visa' is present on page  using regular expression

2022-02-22 18:15:45 - [TEST_STEP][PASSED] - verifyTextPresent(last4V, true): Text '5439' is present on page  using regular expression

2022-02-22 18:15:45 - [MESSAGE][PASSED] - Text '5439' is present on page  using regular expression

2022-02-22 18:15:45 - [TEST_STEP][PASSED] - ExecuteTC = findTestData(dataFile).getValue("Execute", row): null

2022-02-22 18:15:45 - [TEST_STEP][PASSED] - out.println("Value of Execute is : " + ExecuteTC): null

2022-02-22 18:15:45 - [TEST_STEP][PASSED] - appName = findTestData(dataFile).getValue("AppName", row): null

2022-02-22 18:15:45 - [TEST_STEP][PASSED] - appID = findTestData(dataFile).getValue("AppID", row): null

2022-02-22 18:15:45 - [TEST_STEP][PASSED] - hrefAppID = li_1 + appID + li_2: null

2022-02-22 18:15:45 - [TEST_STEP][PASSED] - if (ExecuteTC.equalsIgnoreCase("Y")): Text '0035' is present on page  using regular expression

2022-02-22 18:15:45 - [TEST_STEP][PASSED] - out.println("Begin Record Number: " + row): null

2022-02-22 18:15:45 - [TEST_STEP][PASSED] - today = new java.util.Date(): null

2022-02-22 18:15:45 - [TEST_STEP][PASSED] - println(today): null

2022-02-22 18:15:45 - [TEST_STEP][PASSED] - datText = today: null

2022-02-22 18:15:45 - [TEST_STEP][PASSED] - adminSuiteBootstrap.loginFunctionality.login_AdminSuite(): adminSuiteBootstrap.loginFunctionality.login_AdminSuite is PASSED

2022-02-22 18:15:46 - [MESSAGE][WARNING] - A browser is already opened. Closing browser and opening a new one

2022-02-22 18:15:46 - [MESSAGE][INFO] - Starting 'Chrome' driver

2022-02-22 18:15:46 - [MESSAGE][INFO] - User set preference: ['acceptInsecureCerts', 'true']

2022-02-22 18:15:46 - [MESSAGE][INFO] - Action delay is set to 0 milliseconds

2022-02-22 18:15:49 - [MESSAGE][PASSED] - Browser is opened with url: 'https://qa.velocitypayment.com/admin/imtiaz'

2022-02-22 18:15:50 - [MESSAGE][PASSED] - Current window maximized

2022-02-22 18:15:50 - [MESSAGE][PASSED] - Object 'Object Repository/Login_Page/Login_Username' is present

2022-02-22 18:15:51 - [MESSAGE][PASSED] - Text 'iahmed' is set on object 'Object Repository/Login_Page/Login_Username'

2022-02-22 18:15:51 - [MESSAGE][PASSED] - Text 'hello2222' is set on object 'Object Repository/Login_Page/Login_Password'

2022-02-22 18:15:56 - [MESSAGE][PASSED] - Object: 'Object Repository/Login_Page/Login_Submit' is clicked on

2022-02-22 18:15:56 - [MESSAGE][PASSED] - adminSuiteBootstrap.loginFunctionality.login_AdminSuite is PASSED

2022-02-22 18:15:56 - [TEST_STEP][PASSED] - click(findTestObject(path_Dashboard + "span_Payment")): Object: 'Object Repository/AdminSuiteBootstrap_Pages/Dashboard_Bootstrap/span_Payment' is clicked on

2022-02-22 18:15:57 - [MESSAGE][PASSED] - Object: 'Object Repository/AdminSuiteBootstrap_Pages/Dashboard_Bootstrap/span_Payment' is clicked on

2022-02-22 18:15:57 - [TEST_STEP][PASSED] - click(findTestObject(path_Dashboard + appName)): Object: 'Object Repository/AdminSuiteBootstrap_Pages/Dashboard_Bootstrap/a_Access AutoNoCFtp' is clicked on

2022-02-22 18:15:58 - [MESSAGE][PASSED] - Object: 'Object Repository/AdminSuiteBootstrap_Pages/Dashboard_Bootstrap/a_Access AutoNoCFtp' is clicked on

2022-02-22 18:15:58 - [TEST_STEP][PASSED] - click(findTestObject(path_VT + "button_Authorization  Capture (Sale)")): Object: 'Object Repository/AdminSuiteBootstrap_Pages/VT_Bootstrap/IssueTransactions/button_Authorization  Capture (Sale)' is clicked on

2022-02-22 18:15:58 - [MESSAGE][PASSED] - Object: 'Object Repository/AdminSuiteBootstrap_Pages/VT_Bootstrap/IssueTransactions/button_Authorization  Capture (Sale)' is clicked on

2022-02-22 18:15:58 - [TEST_STEP][PASSED] - saleKeyboardEntryLink = modifyObjectProperty(findTestObject(path_VT + "a_KeyboardEntry_Sale"), "href", "equals", hrefAppID, true): Modify property of object successfully

2022-02-22 18:15:59 - [MESSAGE][PASSED] - Modify property of object successfully

2022-02-22 18:15:59 - [TEST_STEP][PASSED] - click(saleKeyboardEntryLink): Object: 'Object Repository/AdminSuiteBootstrap_Pages/VT_Bootstrap/IssueTransactions/a_KeyboardEntry_Sale' is clicked on

2022-02-22 18:16:00 - [MESSAGE][PASSED] - Object: 'Object Repository/AdminSuiteBootstrap_Pages/VT_Bootstrap/IssueTransactions/a_KeyboardEntry_Sale' is clicked on

2022-02-22 18:16:00 - [TEST_STEP][PASSED] - adminSuiteBootstrap.virtualTerminalSetData.saleKeyboard_DataDriven(row, dataFile): adminSuiteBootstrap.virtualTerminalSetData.saleKeyboard_DataDriven is PASSED

2022-02-22 18:16:01 - [MESSAGE][PASSED] - Text 'Tulsi Raman' is set on object 'Object Repository/AdminSuiteBootstrap_Pages/VT_Bootstrap/SaleKeyboard/input_cardName'

2022-02-22 18:16:02 - [MESSAGE][PASSED] - All options with value 'RETL' are selected in object 'Object Repository/AdminSuiteBootstrap_Pages/VT_Bootstrap/SaleKeyboard/select_transactionCategory'  using regular expression

2022-02-22 18:16:03 - [MESSAGE][PASSED] - Execute JavaScript 'arguments[0].value ='5146312200000035' ' successfully

2022-02-22 18:16:03 - [MESSAGE][PASSED] - Execute JavaScript 'arguments[0].value ='123' ' successfully

2022-02-22 18:16:04 - [MESSAGE][PASSED] - All options with value '12' are selected in object 'Object Repository/AdminSuiteBootstrap_Pages/VT_Bootstrap/SaleKeyboard/select_MM'  using regular expression

2022-02-22 18:16:06 - [MESSAGE][PASSED] - All options with value '2025' are selected in object 'Object Repository/AdminSuiteBootstrap_Pages/VT_Bootstrap/SaleKeyboard/select_YYYY'  using regular expression

2022-02-22 18:16:06 - [MESSAGE][PASSED] - Text '1478 Jhatka Palace' is set on object 'Object Repository/AdminSuiteBootstrap_Pages/VT_Bootstrap/SaleKeyboard/input__address'

2022-02-22 18:16:07 - [MESSAGE][PASSED] - Text 'Suite 500' is set on object 'Object Repository/AdminSuiteBootstrap_Pages/VT_Bootstrap/SaleKeyboard/input__address2'

2022-02-22 18:16:08 - [MESSAGE][PASSED] - Text '22201' is set on object 'Object Repository/AdminSuiteBootstrap_Pages/VT_Bootstrap/SaleKeyboard/input__zip'

2022-02-22 18:16:08 - [MESSAGE][PASSED] - Text '' is set on object 'Object Repository/AdminSuiteBootstrap_Pages/VT_Bootstrap/SaleKeyboard/input_emailAddress'

2022-02-22 18:16:10 - [MESSAGE][PASSED] - Text '' is set on object 'Object Repository/AdminSuiteBootstrap_Pages/VT_Bootstrap/SaleKeyboard/input_smsNumber'

2022-02-22 18:16:11 - [MESSAGE][PASSED] - Text '10.50' is set on object 'Object Repository/AdminSuiteBootstrap_Pages/VT_Bootstrap/SaleKeyboard/input_amount'

2022-02-22 18:16:11 - [MESSAGE][PASSED] - Text 'Australia' is set on object 'Object Repository/AdminSuiteBootstrap_Pages/VT_Bootstrap/SaleKeyboard/input_userDefined1'

2022-02-22 18:16:12 - [MESSAGE][PASSED] - Text 'Denmark' is set on object 'Object Repository/AdminSuiteBootstrap_Pages/VT_Bootstrap/SaleKeyboard/input_userDefined2'

2022-02-22 18:16:13 - [MESSAGE][PASSED] - Text 'Sweden' is set on object 'Object Repository/AdminSuiteBootstrap_Pages/VT_Bootstrap/SaleKeyboard/input_userDefined3'

2022-02-22 18:16:14 - [MESSAGE][PASSED] - Text 'Austria' is set on object 'Object Repository/AdminSuiteBootstrap_Pages/VT_Bootstrap/SaleKeyboard/input_userDefined4'

2022-02-22 18:16:14 - [MESSAGE][PASSED] - All options with label 'Orange' are selected in object 'Object Repository/AdminSuiteBootstrap_Pages/VT_Bootstrap/SaleKeyboard/select_UDF5_DropDown'  using regular expression

2022-02-22 18:16:15 - [MESSAGE][PASSED] - All options with label 'Yellow' are selected in object 'Object Repository/AdminSuiteBootstrap_Pages/VT_Bootstrap/SaleKeyboard/select_UDF6_DropDown'  using regular expression

2022-02-22 18:16:16 - [MESSAGE][PASSED] - Text 'Norway' is set on object 'Object Repository/AdminSuiteBootstrap_Pages/VT_Bootstrap/SaleKeyboard/input_userDefined7'

2022-02-22 18:16:17 - [MESSAGE][PASSED] - Text 'Netherlands' is set on object 'Object Repository/AdminSuiteBootstrap_Pages/VT_Bootstrap/SaleKeyboard/input_userDefined8'

2022-02-22 18:16:17 - [MESSAGE][PASSED] - Text 'Switzerland' is set on object 'Object Repository/AdminSuiteBootstrap_Pages/VT_Bootstrap/SaleKeyboard/input_userDefined9'

2022-02-22 18:16:18 - [MESSAGE][PASSED] - Text 'France' is set on object 'Object Repository/AdminSuiteBootstrap_Pages/VT_Bootstrap/SaleKeyboard/input_userDefined10'

2022-02-22 18:16:20 - [MESSAGE][PASSED] - Object: 'Object Repository/AdminSuiteBootstrap_Pages/VT_Bootstrap/SaleKeyboard/button_Submit' is clicked on

2022-02-22 18:16:20 - [MESSAGE][PASSED] - adminSuiteBootstrap.virtualTerminalSetData.saleKeyboard_DataDriven is PASSED

2022-02-22 18:16:20 - [TEST_STEP][PASSED] - verifyTextPresent("Transaction Successful", true): Text 'Transaction Successful' is present on page  using regular expression

2022-02-22 18:16:21 - [MESSAGE][PASSED] - Text 'Transaction Successful' is present on page  using regular expression

2022-02-22 18:16:21 - [TEST_STEP][PASSED] - verifyElementVisible(findTestObject("Object Repository/AdminSuiteBootstrap_Pages/VT_Bootstrap/Receipt/button_Continue")): Object 'Object Repository/AdminSuiteBootstrap_Pages/VT_Bootstrap/Receipt/button_Continue' is visible

2022-02-22 18:16:21 - [MESSAGE][PASSED] - Object 'Object Repository/AdminSuiteBootstrap_Pages/VT_Bootstrap/Receipt/button_Continue' is visible

2022-02-22 18:16:21 - [TEST_STEP][PASSED] - verifyElementPresent(findTestObject("Object Repository/AdminSuiteBootstrap_Pages/VT_Bootstrap/Receipt/button_Continue"), 20): Object 'Object Repository/AdminSuiteBootstrap_Pages/VT_Bootstrap/Receipt/button_Continue' is present

2022-02-22 18:16:21 - [MESSAGE][PASSED] - Object 'Object Repository/AdminSuiteBootstrap_Pages/VT_Bootstrap/Receipt/button_Continue' is present

2022-02-22 18:16:21 - [TEST_STEP][PASSED] - verifyElementVisible(findTestObject("Object Repository/AdminSuiteBootstrap_Pages/VT_Bootstrap/Receipt/button_Print")): Object 'Object Repository/AdminSuiteBootstrap_Pages/VT_Bootstrap/Receipt/button_Print' is visible

2022-02-22 18:16:22 - [MESSAGE][PASSED] - Object 'Object Repository/AdminSuiteBootstrap_Pages/VT_Bootstrap/Receipt/button_Print' is visible

2022-02-22 18:16:22 - [TEST_STEP][PASSED] - verifyElementPresent(findTestObject("Object Repository/AdminSuiteBootstrap_Pages/VT_Bootstrap/Receipt/button_Print"), 20): Object 'Object Repository/AdminSuiteBootstrap_Pages/VT_Bootstrap/Receipt/button_Print' is present

2022-02-22 18:16:22 - [MESSAGE][PASSED] - Object 'Object Repository/AdminSuiteBootstrap_Pages/VT_Bootstrap/Receipt/button_Print' is present

2022-02-22 18:16:22 - [TEST_STEP][PASSED] - verifyTextPresent("Remittance ID", true): Text 'Remittance ID' is present on page  using regular expression

2022-02-22 18:16:22 - [MESSAGE][PASSED] - Text 'Remittance ID' is present on page  using regular expression

2022-02-22 18:16:22 - [TEST_STEP][PASSED] - verifyTextPresent("Received", true): Text 'Received' is present on page  using regular expression

2022-02-22 18:16:23 - [MESSAGE][PASSED] - Text 'Received' is present on page  using regular expression

2022-02-22 18:16:23 - [TEST_STEP][PASSED] - verifyTextPresent("UDF1", true): Text 'UDF1' is present on page  using regular expression

2022-02-22 18:16:23 - [MESSAGE][PASSED] - Text 'UDF1' is present on page  using regular expression

2022-02-22 18:16:23 - [TEST_STEP][PASSED] - verifyTextPresent("UDF2", true): Text 'UDF2' is present on page  using regular expression

2022-02-22 18:16:23 - [MESSAGE][PASSED] - Text 'UDF2' is present on page  using regular expression

2022-02-22 18:16:23 - [TEST_STEP][PASSED] - verifyTextPresent("UDF3", true): Text 'UDF3' is present on page  using regular expression

2022-02-22 18:16:24 - [MESSAGE][PASSED] - Text 'UDF3' is present on page  using regular expression

2022-02-22 18:16:24 - [TEST_STEP][PASSED] - verifyTextPresent("UDF4", true): Text 'UDF4' is present on page  using regular expression

2022-02-22 18:16:24 - [MESSAGE][PASSED] - Text 'UDF4' is present on page  using regular expression

2022-02-22 18:16:24 - [TEST_STEP][PASSED] - verifyTextPresent("UDF5", true): Text 'UDF5' is present on page  using regular expression

2022-02-22 18:16:24 - [MESSAGE][PASSED] - Text 'UDF5' is present on page  using regular expression

2022-02-22 18:16:24 - [TEST_STEP][PASSED] - verifyTextPresent("UDF6", true): Text 'UDF6' is present on page  using regular expression

2022-02-22 18:16:25 - [MESSAGE][PASSED] - Text 'UDF6' is present on page  using regular expression

2022-02-22 18:16:25 - [TEST_STEP][PASSED] - verifyTextPresent("UDF7", true): Text 'UDF7' is present on page  using regular expression

2022-02-22 18:16:25 - [MESSAGE][PASSED] - Text 'UDF7' is present on page  using regular expression

2022-02-22 18:16:25 - [TEST_STEP][PASSED] - verifyTextPresent("UDF8", true): Text 'UDF8' is present on page  using regular expression

2022-02-22 18:16:25 - [MESSAGE][PASSED] - Text 'UDF8' is present on page  using regular expression

2022-02-22 18:16:25 - [TEST_STEP][PASSED] - verifyTextPresent("UDF9", true): Text 'UDF9' is present on page  using regular expression

2022-02-22 18:16:26 - [MESSAGE][PASSED] - Text 'UDF9' is present on page  using regular expression

2022-02-22 18:16:26 - [TEST_STEP][PASSED] - verifyTextPresent("UDF 10", true): Text 'UDF 10' is present on page  using regular expression

2022-02-22 18:16:26 - [MESSAGE][PASSED] - Text 'UDF 10' is present on page  using regular expression

2022-02-22 18:16:26 - [TEST_STEP][PASSED] - verifyTextPresent("Australia", true): Text 'Australia' is present on page  using regular expression

2022-02-22 18:16:26 - [MESSAGE][PASSED] - Text 'Australia' is present on page  using regular expression

2022-02-22 18:16:26 - [TEST_STEP][PASSED] - verifyTextPresent("Denmark", true): Text 'Denmark' is present on page  using regular expression

2022-02-22 18:16:27 - [MESSAGE][PASSED] - Text 'Denmark' is present on page  using regular expression

2022-02-22 18:16:27 - [TEST_STEP][PASSED] - verifyTextPresent("Sweden", true): Text 'Sweden' is present on page  using regular expression

2022-02-22 18:16:27 - [MESSAGE][PASSED] - Text 'Sweden' is present on page  using regular expression

2022-02-22 18:16:27 - [TEST_STEP][PASSED] - verifyTextPresent("Austria", true): Text 'Austria' is present on page  using regular expression

2022-02-22 18:16:27 - [MESSAGE][PASSED] - Text 'Austria' is present on page  using regular expression

2022-02-22 18:16:27 - [TEST_STEP][PASSED] - verifyTextPresent("Orange Recorded", true): Text 'Orange Recorded' is present on page  using regular expression

2022-02-22 18:16:28 - [MESSAGE][PASSED] - Text 'Orange Recorded' is present on page  using regular expression

2022-02-22 18:16:28 - [TEST_STEP][PASSED] - verifyTextPresent("Yellow Recorded", true): Text 'Yellow Recorded' is present on page  using regular expression

2022-02-22 18:16:28 - [MESSAGE][PASSED] - Text 'Yellow Recorded' is present on page  using regular expression

2022-02-22 18:16:28 - [TEST_STEP][PASSED] - verifyTextPresent("Norway", true): Text 'Norway' is present on page  using regular expression

2022-02-22 18:16:28 - [MESSAGE][PASSED] - Text 'Norway' is present on page  using regular expression

2022-02-22 18:16:28 - [TEST_STEP][PASSED] - verifyTextPresent("Netherlands", true): Text 'Netherlands' is present on page  using regular expression

2022-02-22 18:16:29 - [MESSAGE][PASSED] - Text 'Netherlands' is present on page  using regular expression

2022-02-22 18:16:29 - [TEST_STEP][PASSED] - verifyTextPresent("Switzerland", true): Text 'Switzerland' is present on page  using regular expression

2022-02-22 18:16:29 - [MESSAGE][PASSED] - Text 'Switzerland' is present on page  using regular expression

2022-02-22 18:16:29 - [TEST_STEP][PASSED] - verifyTextPresent("France", true): Text 'France' is present on page  using regular expression

2022-02-22 18:16:29 - [MESSAGE][PASSED] - Text 'France' is present on page  using regular expression

2022-02-22 18:16:29 - [TEST_STEP][PASSED] - verifyTextPresent("Amount", true): Text 'Amount' is present on page  using regular expression

2022-02-22 18:16:30 - [MESSAGE][PASSED] - Text 'Amount' is present on page  using regular expression

2022-02-22 18:16:30 - [TEST_STEP][PASSED] - verifyTextPresent("Total Amount", true): Text 'Total Amount' is present on page  using regular expression

2022-02-22 18:16:30 - [MESSAGE][PASSED] - Text 'Total Amount' is present on page  using regular expression

2022-02-22 18:16:30 - [TEST_STEP][PASSED] - verifyTextPresent("Transaction Type", true): Text 'Transaction Type' is present on page  using regular expression

2022-02-22 18:16:30 - [MESSAGE][PASSED] - Text 'Transaction Type' is present on page  using regular expression

2022-02-22 18:16:30 - [TEST_STEP][PASSED] - verifyTextPresent("10.50", true): Text '10.50' is present on page  using regular expression

2022-02-22 18:16:31 - [MESSAGE][PASSED] - Text '10.50' is present on page  using regular expression

2022-02-22 18:16:31 - [TEST_STEP][PASSED] - verifyTextPresent("Authorization and Capture", true): Text 'Authorization and Capture' is present on page  using regular expression

2022-02-22 18:16:31 - [MESSAGE][PASSED] - Text 'Authorization and Capture' is present on page  using regular expression

2022-02-22 18:16:31 - [TEST_STEP][PASSED] - verifyTextPresent("Card Information", true): Text 'Card Information' is present on page  using regular expression

2022-02-22 18:16:31 - [MESSAGE][PASSED] - Text 'Card Information' is present on page  using regular expression

2022-02-22 18:16:31 - [TEST_STEP][PASSED] - cardNameV = findTestData(dataFile).getValue("CardNameV", row): null

2022-02-22 18:16:31 - [TEST_STEP][PASSED] - al1V = findTestData(dataFile).getValue("AL1", row): null

2022-02-22 18:16:31 - [TEST_STEP][PASSED] - al2V = findTestData(dataFile).getValue("AL2", row): null

2022-02-22 18:16:31 - [TEST_STEP][PASSED] - zipV = findTestData(dataFile).getValue("ZIP", row): null

2022-02-22 18:16:32 - [TEST_STEP][PASSED] - cardTypeV = findTestData(dataFile).getValue("CardType", row): null

2022-02-22 18:16:32 - [TEST_STEP][PASSED] - last4V = findTestData(dataFile).getValue("Last4", row): null

2022-02-22 18:16:32 - [TEST_STEP][PASSED] - verifyTextPresent(cardNameV, true): Text 'TULSI RAMAN' is present on page  using regular expression

2022-02-22 18:16:32 - [MESSAGE][PASSED] - Text 'TULSI RAMAN' is present on page  using regular expression

2022-02-22 18:16:32 - [TEST_STEP][PASSED] - verifyTextPresent("Address Line 1", true): Text 'Address Line 1' is present on page  using regular expression

2022-02-22 18:16:32 - [MESSAGE][PASSED] - Text 'Address Line 1' is present on page  using regular expression

2022-02-22 18:16:32 - [TEST_STEP][PASSED] - verifyTextPresent("Address Line 2", true): Text 'Address Line 2' is present on page  using regular expression

2022-02-22 18:16:33 - [MESSAGE][PASSED] - Text 'Address Line 2' is present on page  using regular expression

2022-02-22 18:16:33 - [TEST_STEP][PASSED] - verifyTextPresent("Country", true): Text 'Country' is present on page  using regular expression

2022-02-22 18:16:33 - [MESSAGE][PASSED] - Text 'Country' is present on page  using regular expression

2022-02-22 18:16:33 - [TEST_STEP][PASSED] - verifyTextPresent("City", true): Text 'City' is present on page  using regular expression

2022-02-22 18:16:33 - [MESSAGE][PASSED] - Text 'City' is present on page  using regular expression

2022-02-22 18:16:33 - [TEST_STEP][PASSED] - verifyTextPresent("State", true): Text 'State' is present on page  using regular expression

2022-02-22 18:16:34 - [MESSAGE][PASSED] - Text 'State' is present on page  using regular expression

2022-02-22 18:16:34 - [TEST_STEP][PASSED] - verifyTextPresent("ZIP Code", true): Text 'ZIP Code' is present on page  using regular expression

2022-02-22 18:16:34 - [MESSAGE][PASSED] - Text 'ZIP Code' is present on page  using regular expression

2022-02-22 18:16:34 - [TEST_STEP][PASSED] - verifyTextPresent(al1V, true): Text '1478 Jhatka Palace' is present on page  using regular expression

2022-02-22 18:16:34 - [MESSAGE][PASSED] - Text '1478 Jhatka Palace' is present on page  using regular expression

2022-02-22 18:16:34 - [TEST_STEP][PASSED] - verifyTextPresent(al2V, true): Text 'Suite 500' is present on page  using regular expression

2022-02-22 18:16:35 - [MESSAGE][PASSED] - Text 'Suite 500' is present on page  using regular expression

2022-02-22 18:16:35 - [TEST_STEP][PASSED] - verifyTextPresent("United States", true): Text 'United States' is present on page  using regular expression

2022-02-22 18:16:35 - [MESSAGE][PASSED] - Text 'United States' is present on page  using regular expression

2022-02-22 18:16:35 - [TEST_STEP][PASSED] - verifyTextPresent("ARLINGTON", true): Text 'ARLINGTON' is present on page  using regular expression

2022-02-22 18:16:35 - [MESSAGE][PASSED] - Text 'ARLINGTON' is present on page  using regular expression

2022-02-22 18:16:35 - [TEST_STEP][PASSED] - verifyTextPresent("Virginia", true): Text 'Virginia' is present on page  using regular expression

2022-02-22 18:16:36 - [MESSAGE][PASSED] - Text 'Virginia' is present on page  using regular expression

2022-02-22 18:16:36 - [TEST_STEP][PASSED] - verifyTextPresent(zipV, true): Text '22201' is present on page  using regular expression

2022-02-22 18:16:36 - [MESSAGE][PASSED] - Text '22201' is present on page  using regular expression

2022-02-22 18:16:36 - [TEST_STEP][PASSED] - verifyTextPresent(cardTypeV, true): Text 'MasterCard' is present on page  using regular expression

2022-02-22 18:16:36 - [MESSAGE][PASSED] - Text 'MasterCard' is present on page  using regular expression

2022-02-22 18:16:36 - [TEST_STEP][PASSED] - verifyTextPresent(last4V, true): Text '0035' is present on page  using regular expression

2022-02-22 18:16:37 - [MESSAGE][PASSED] - Text '0035' is present on page  using regular expression

2022-02-22 18:16:37 - [TEST_STEP][PASSED] - ExecuteTC = findTestData(dataFile).getValue("Execute", row): null

2022-02-22 18:16:37 - [TEST_STEP][PASSED] - out.println("Value of Execute is : " + ExecuteTC): null

2022-02-22 18:16:37 - [TEST_STEP][PASSED] - appName = findTestData(dataFile).getValue("AppName", row): null

2022-02-22 18:16:37 - [TEST_STEP][PASSED] - appID = findTestData(dataFile).getValue("AppID", row): null

2022-02-22 18:16:37 - [TEST_STEP][PASSED] - hrefAppID = li_1 + appID + li_2: null

2022-02-22 18:16:37 - [TEST_STEP][PASSED] - if (ExecuteTC.equalsIgnoreCase("Y")): Text '2376' is present on page  using regular expression

2022-02-22 18:16:37 - [TEST_STEP][PASSED] - out.println("Begin Record Number: " + row): null

2022-02-22 18:16:37 - [TEST_STEP][PASSED] - today = new java.util.Date(): null

2022-02-22 18:16:37 - [TEST_STEP][PASSED] - println(today): null

2022-02-22 18:16:37 - [TEST_STEP][PASSED] - datText = today: null

2022-02-22 18:16:37 - [TEST_STEP][PASSED] - adminSuiteBootstrap.loginFunctionality.login_AdminSuite(): adminSuiteBootstrap.loginFunctionality.login_AdminSuite is PASSED

2022-02-22 18:16:37 - [MESSAGE][WARNING] - A browser is already opened. Closing browser and opening a new one

2022-02-22 18:16:38 - [MESSAGE][INFO] - Starting 'Chrome' driver

2022-02-22 18:16:38 - [MESSAGE][INFO] - User set preference: ['acceptInsecureCerts', 'true']

2022-02-22 18:16:38 - [MESSAGE][INFO] - Action delay is set to 0 milliseconds

2022-02-22 18:16:40 - [MESSAGE][PASSED] - Browser is opened with url: 'https://qa.velocitypayment.com/admin/imtiaz'

2022-02-22 18:16:40 - [MESSAGE][PASSED] - Current window maximized

2022-02-22 18:16:41 - [MESSAGE][PASSED] - Object 'Object Repository/Login_Page/Login_Username' is present

2022-02-22 18:16:41 - [MESSAGE][PASSED] - Text 'iahmed' is set on object 'Object Repository/Login_Page/Login_Username'

2022-02-22 18:16:42 - [MESSAGE][PASSED] - Text 'hello2222' is set on object 'Object Repository/Login_Page/Login_Password'

2022-02-22 18:16:47 - [MESSAGE][PASSED] - Object: 'Object Repository/Login_Page/Login_Submit' is clicked on

2022-02-22 18:16:47 - [MESSAGE][PASSED] - adminSuiteBootstrap.loginFunctionality.login_AdminSuite is PASSED

2022-02-22 18:16:47 - [TEST_STEP][PASSED] - click(findTestObject(path_Dashboard + "span_Payment")): Object: 'Object Repository/AdminSuiteBootstrap_Pages/Dashboard_Bootstrap/span_Payment' is clicked on

2022-02-22 18:16:47 - [MESSAGE][PASSED] - Object: 'Object Repository/AdminSuiteBootstrap_Pages/Dashboard_Bootstrap/span_Payment' is clicked on

2022-02-22 18:16:47 - [TEST_STEP][PASSED] - click(findTestObject(path_Dashboard + appName)): Object: 'Object Repository/AdminSuiteBootstrap_Pages/Dashboard_Bootstrap/a_Access AutoNoCFtp' is clicked on

2022-02-22 18:16:49 - [MESSAGE][PASSED] - Object: 'Object Repository/AdminSuiteBootstrap_Pages/Dashboard_Bootstrap/a_Access AutoNoCFtp' is clicked on

2022-02-22 18:16:49 - [TEST_STEP][PASSED] - click(findTestObject(path_VT + "button_Authorization  Capture (Sale)")): Object: 'Object Repository/AdminSuiteBootstrap_Pages/VT_Bootstrap/IssueTransactions/button_Authorization  Capture (Sale)' is clicked on

2022-02-22 18:16:49 - [MESSAGE][PASSED] - Object: 'Object Repository/AdminSuiteBootstrap_Pages/VT_Bootstrap/IssueTransactions/button_Authorization  Capture (Sale)' is clicked on

2022-02-22 18:16:49 - [TEST_STEP][PASSED] - saleKeyboardEntryLink = modifyObjectProperty(findTestObject(path_VT + "a_KeyboardEntry_Sale"), "href", "equals", hrefAppID, true): Modify property of object successfully

2022-02-22 18:16:49 - [MESSAGE][PASSED] - Modify property of object successfully

2022-02-22 18:16:49 - [TEST_STEP][PASSED] - click(saleKeyboardEntryLink): Object: 'Object Repository/AdminSuiteBootstrap_Pages/VT_Bootstrap/IssueTransactions/a_KeyboardEntry_Sale' is clicked on

2022-02-22 18:16:51 - [MESSAGE][PASSED] - Object: 'Object Repository/AdminSuiteBootstrap_Pages/VT_Bootstrap/IssueTransactions/a_KeyboardEntry_Sale' is clicked on

2022-02-22 18:16:51 - [TEST_STEP][PASSED] - adminSuiteBootstrap.virtualTerminalSetData.saleKeyboard_DataDriven(row, dataFile): adminSuiteBootstrap.virtualTerminalSetData.saleKeyboard_DataDriven is PASSED

2022-02-22 18:16:52 - [MESSAGE][PASSED] - Text 'Tulsi Raman' is set on object 'Object Repository/AdminSuiteBootstrap_Pages/VT_Bootstrap/SaleKeyboard/input_cardName'

2022-02-22 18:16:53 - [MESSAGE][PASSED] - All options with value 'RETL' are selected in object 'Object Repository/AdminSuiteBootstrap_Pages/VT_Bootstrap/SaleKeyboard/select_transactionCategory'  using regular expression

2022-02-22 18:16:53 - [MESSAGE][PASSED] - Execute JavaScript 'arguments[0].value ='371449635392376' ' successfully

2022-02-22 18:16:54 - [MESSAGE][PASSED] - Execute JavaScript 'arguments[0].value ='123' ' successfully

2022-02-22 18:16:55 - [MESSAGE][PASSED] - All options with value '12' are selected in object 'Object Repository/AdminSuiteBootstrap_Pages/VT_Bootstrap/SaleKeyboard/select_MM'  using regular expression

2022-02-22 18:16:56 - [MESSAGE][PASSED] - All options with value '2025' are selected in object 'Object Repository/AdminSuiteBootstrap_Pages/VT_Bootstrap/SaleKeyboard/select_YYYY'  using regular expression

2022-02-22 18:16:57 - [MESSAGE][PASSED] - Text '550 Swan Lake' is set on object 'Object Repository/AdminSuiteBootstrap_Pages/VT_Bootstrap/SaleKeyboard/input__address'

2022-02-22 18:16:57 - [MESSAGE][PASSED] - Text 'Suite 500' is set on object 'Object Repository/AdminSuiteBootstrap_Pages/VT_Bootstrap/SaleKeyboard/input__address2'

2022-02-22 18:16:58 - [MESSAGE][PASSED] - Text '22201' is set on object 'Object Repository/AdminSuiteBootstrap_Pages/VT_Bootstrap/SaleKeyboard/input__zip'

2022-02-22 18:16:59 - [MESSAGE][PASSED] - Text '' is set on object 'Object Repository/AdminSuiteBootstrap_Pages/VT_Bootstrap/SaleKeyboard/input_emailAddress'

2022-02-22 18:17:01 - [MESSAGE][PASSED] - Text '' is set on object 'Object Repository/AdminSuiteBootstrap_Pages/VT_Bootstrap/SaleKeyboard/input_smsNumber'

2022-02-22 18:17:01 - [MESSAGE][PASSED] - Text '10.50' is set on object 'Object Repository/AdminSuiteBootstrap_Pages/VT_Bootstrap/SaleKeyboard/input_amount'

2022-02-22 18:17:02 - [MESSAGE][PASSED] - Text 'Australia' is set on object 'Object Repository/AdminSuiteBootstrap_Pages/VT_Bootstrap/SaleKeyboard/input_userDefined1'

2022-02-22 18:17:03 - [MESSAGE][PASSED] - Text 'Denmark' is set on object 'Object Repository/AdminSuiteBootstrap_Pages/VT_Bootstrap/SaleKeyboard/input_userDefined2'

2022-02-22 18:17:03 - [MESSAGE][PASSED] - Text 'Sweden' is set on object 'Object Repository/AdminSuiteBootstrap_Pages/VT_Bootstrap/SaleKeyboard/input_userDefined3'

2022-02-22 18:17:04 - [MESSAGE][PASSED] - Text 'Austria' is set on object 'Object Repository/AdminSuiteBootstrap_Pages/VT_Bootstrap/SaleKeyboard/input_userDefined4'

2022-02-22 18:17:05 - [MESSAGE][PASSED] - All options with label 'Orange' are selected in object 'Object Repository/AdminSuiteBootstrap_Pages/VT_Bootstrap/SaleKeyboard/select_UDF5_DropDown'  using regular expression

2022-02-22 18:17:06 - [MESSAGE][PASSED] - All options with label 'Yellow' are selected in object 'Object Repository/AdminSuiteBootstrap_Pages/VT_Bootstrap/SaleKeyboard/select_UDF6_DropDown'  using regular expression

2022-02-22 18:17:07 - [MESSAGE][PASSED] - Text 'Norway' is set on object 'Object Repository/AdminSuiteBootstrap_Pages/VT_Bootstrap/SaleKeyboard/input_userDefined7'

2022-02-22 18:17:07 - [MESSAGE][PASSED] - Text 'Netherlands' is set on object 'Object Repository/AdminSuiteBootstrap_Pages/VT_Bootstrap/SaleKeyboard/input_userDefined8'

2022-02-22 18:17:08 - [MESSAGE][PASSED] - Text 'Switzerland' is set on object 'Object Repository/AdminSuiteBootstrap_Pages/VT_Bootstrap/SaleKeyboard/input_userDefined9'

2022-02-22 18:17:09 - [MESSAGE][PASSED] - Text 'France' is set on object 'Object Repository/AdminSuiteBootstrap_Pages/VT_Bootstrap/SaleKeyboard/input_userDefined10'

2022-02-22 18:17:11 - [MESSAGE][PASSED] - Object: 'Object Repository/AdminSuiteBootstrap_Pages/VT_Bootstrap/SaleKeyboard/button_Submit' is clicked on

2022-02-22 18:17:11 - [MESSAGE][PASSED] - adminSuiteBootstrap.virtualTerminalSetData.saleKeyboard_DataDriven is PASSED

2022-02-22 18:17:11 - [TEST_STEP][PASSED] - verifyTextPresent("Transaction Successful", true): Text 'Transaction Successful' is present on page  using regular expression

2022-02-22 18:17:11 - [MESSAGE][PASSED] - Text 'Transaction Successful' is present on page  using regular expression

2022-02-22 18:17:11 - [TEST_STEP][PASSED] - verifyElementVisible(findTestObject("Object Repository/AdminSuiteBootstrap_Pages/VT_Bootstrap/Receipt/button_Continue")): Object 'Object Repository/AdminSuiteBootstrap_Pages/VT_Bootstrap/Receipt/button_Continue' is visible

2022-02-22 18:17:12 - [MESSAGE][PASSED] - Object 'Object Repository/AdminSuiteBootstrap_Pages/VT_Bootstrap/Receipt/button_Continue' is visible

2022-02-22 18:17:12 - [TEST_STEP][PASSED] - verifyElementPresent(findTestObject("Object Repository/AdminSuiteBootstrap_Pages/VT_Bootstrap/Receipt/button_Continue"), 20): Object 'Object Repository/AdminSuiteBootstrap_Pages/VT_Bootstrap/Receipt/button_Continue' is present

2022-02-22 18:17:12 - [MESSAGE][PASSED] - Object 'Object Repository/AdminSuiteBootstrap_Pages/VT_Bootstrap/Receipt/button_Continue' is present

2022-02-22 18:17:12 - [TEST_STEP][PASSED] - verifyElementVisible(findTestObject("Object Repository/AdminSuiteBootstrap_Pages/VT_Bootstrap/Receipt/button_Print")): Object 'Object Repository/AdminSuiteBootstrap_Pages/VT_Bootstrap/Receipt/button_Print' is visible

2022-02-22 18:17:12 - [MESSAGE][PASSED] - Object 'Object Repository/AdminSuiteBootstrap_Pages/VT_Bootstrap/Receipt/button_Print' is visible

2022-02-22 18:17:12 - [TEST_STEP][PASSED] - verifyElementPresent(findTestObject("Object Repository/AdminSuiteBootstrap_Pages/VT_Bootstrap/Receipt/button_Print"), 20): Object 'Object Repository/AdminSuiteBootstrap_Pages/VT_Bootstrap/Receipt/button_Print' is present

2022-02-22 18:17:13 - [MESSAGE][PASSED] - Object 'Object Repository/AdminSuiteBootstrap_Pages/VT_Bootstrap/Receipt/button_Print' is present

2022-02-22 18:17:13 - [TEST_STEP][PASSED] - verifyTextPresent("Remittance ID", true): Text 'Remittance ID' is present on page  using regular expression

2022-02-22 18:17:13 - [MESSAGE][PASSED] - Text 'Remittance ID' is present on page  using regular expression

2022-02-22 18:17:13 - [TEST_STEP][PASSED] - verifyTextPresent("Received", true): Text 'Received' is present on page  using regular expression

2022-02-22 18:17:13 - [MESSAGE][PASSED] - Text 'Received' is present on page  using regular expression

2022-02-22 18:17:13 - [TEST_STEP][PASSED] - verifyTextPresent("UDF1", true): Text 'UDF1' is present on page  using regular expression

2022-02-22 18:17:14 - [MESSAGE][PASSED] - Text 'UDF1' is present on page  using regular expression

2022-02-22 18:17:14 - [TEST_STEP][PASSED] - verifyTextPresent("UDF2", true): Text 'UDF2' is present on page  using regular expression

2022-02-22 18:17:14 - [MESSAGE][PASSED] - Text 'UDF2' is present on page  using regular expression

2022-02-22 18:17:14 - [TEST_STEP][PASSED] - verifyTextPresent("UDF3", true): Text 'UDF3' is present on page  using regular expression

2022-02-22 18:17:14 - [MESSAGE][PASSED] - Text 'UDF3' is present on page  using regular expression

2022-02-22 18:17:14 - [TEST_STEP][PASSED] - verifyTextPresent("UDF4", true): Text 'UDF4' is present on page  using regular expression

2022-02-22 18:17:15 - [MESSAGE][PASSED] - Text 'UDF4' is present on page  using regular expression

2022-02-22 18:17:15 - [TEST_STEP][PASSED] - verifyTextPresent("UDF5", true): Text 'UDF5' is present on page  using regular expression

2022-02-22 18:17:15 - [MESSAGE][PASSED] - Text 'UDF5' is present on page  using regular expression

2022-02-22 18:17:15 - [TEST_STEP][PASSED] - verifyTextPresent("UDF6", true): Text 'UDF6' is present on page  using regular expression

2022-02-22 18:17:15 - [MESSAGE][PASSED] - Text 'UDF6' is present on page  using regular expression

2022-02-22 18:17:15 - [TEST_STEP][PASSED] - verifyTextPresent("UDF7", true): Text 'UDF7' is present on page  using regular expression

2022-02-22 18:17:16 - [MESSAGE][PASSED] - Text 'UDF7' is present on page  using regular expression

2022-02-22 18:17:16 - [TEST_STEP][PASSED] - verifyTextPresent("UDF8", true): Text 'UDF8' is present on page  using regular expression

2022-02-22 18:17:16 - [MESSAGE][PASSED] - Text 'UDF8' is present on page  using regular expression

2022-02-22 18:17:16 - [TEST_STEP][PASSED] - verifyTextPresent("UDF9", true): Text 'UDF9' is present on page  using regular expression

2022-02-22 18:17:16 - [MESSAGE][PASSED] - Text 'UDF9' is present on page  using regular expression

2022-02-22 18:17:16 - [TEST_STEP][PASSED] - verifyTextPresent("UDF 10", true): Text 'UDF 10' is present on page  using regular expression

2022-02-22 18:17:17 - [MESSAGE][PASSED] - Text 'UDF 10' is present on page  using regular expression

2022-02-22 18:17:17 - [TEST_STEP][PASSED] - verifyTextPresent("Australia", true): Text 'Australia' is present on page  using regular expression

2022-02-22 18:17:17 - [MESSAGE][PASSED] - Text 'Australia' is present on page  using regular expression

2022-02-22 18:17:17 - [TEST_STEP][PASSED] - verifyTextPresent("Denmark", true): Text 'Denmark' is present on page  using regular expression

2022-02-22 18:17:17 - [MESSAGE][PASSED] - Text 'Denmark' is present on page  using regular expression

2022-02-22 18:17:17 - [TEST_STEP][PASSED] - verifyTextPresent("Sweden", true): Text 'Sweden' is present on page  using regular expression

2022-02-22 18:17:18 - [MESSAGE][PASSED] - Text 'Sweden' is present on page  using regular expression

2022-02-22 18:17:18 - [TEST_STEP][PASSED] - verifyTextPresent("Austria", true): Text 'Austria' is present on page  using regular expression

2022-02-22 18:17:18 - [MESSAGE][PASSED] - Text 'Austria' is present on page  using regular expression

2022-02-22 18:17:18 - [TEST_STEP][PASSED] - verifyTextPresent("Orange Recorded", true): Text 'Orange Recorded' is present on page  using regular expression

2022-02-22 18:17:18 - [MESSAGE][PASSED] - Text 'Orange Recorded' is present on page  using regular expression

2022-02-22 18:17:18 - [TEST_STEP][PASSED] - verifyTextPresent("Yellow Recorded", true): Text 'Yellow Recorded' is present on page  using regular expression

2022-02-22 18:17:19 - [MESSAGE][PASSED] - Text 'Yellow Recorded' is present on page  using regular expression

2022-02-22 18:17:19 - [TEST_STEP][PASSED] - verifyTextPresent("Norway", true): Text 'Norway' is present on page  using regular expression

2022-02-22 18:17:19 - [MESSAGE][PASSED] - Text 'Norway' is present on page  using regular expression

2022-02-22 18:17:19 - [TEST_STEP][PASSED] - verifyTextPresent("Netherlands", true): Text 'Netherlands' is present on page  using regular expression

2022-02-22 18:17:19 - [MESSAGE][PASSED] - Text 'Netherlands' is present on page  using regular expression

2022-02-22 18:17:19 - [TEST_STEP][PASSED] - verifyTextPresent("Switzerland", true): Text 'Switzerland' is present on page  using regular expression

2022-02-22 18:17:20 - [MESSAGE][PASSED] - Text 'Switzerland' is present on page  using regular expression

2022-02-22 18:17:20 - [TEST_STEP][PASSED] - verifyTextPresent("France", true): Text 'France' is present on page  using regular expression

2022-02-22 18:17:20 - [MESSAGE][PASSED] - Text 'France' is present on page  using regular expression

2022-02-22 18:17:20 - [TEST_STEP][PASSED] - verifyTextPresent("Amount", true): Text 'Amount' is present on page  using regular expression

2022-02-22 18:17:20 - [MESSAGE][PASSED] - Text 'Amount' is present on page  using regular expression

2022-02-22 18:17:20 - [TEST_STEP][PASSED] - verifyTextPresent("Total Amount", true): Text 'Total Amount' is present on page  using regular expression

2022-02-22 18:17:21 - [MESSAGE][PASSED] - Text 'Total Amount' is present on page  using regular expression

2022-02-22 18:17:21 - [TEST_STEP][PASSED] - verifyTextPresent("Transaction Type", true): Text 'Transaction Type' is present on page  using regular expression

2022-02-22 18:17:21 - [MESSAGE][PASSED] - Text 'Transaction Type' is present on page  using regular expression

2022-02-22 18:17:21 - [TEST_STEP][PASSED] - verifyTextPresent("10.50", true): Text '10.50' is present on page  using regular expression

2022-02-22 18:17:21 - [MESSAGE][PASSED] - Text '10.50' is present on page  using regular expression

2022-02-22 18:17:21 - [TEST_STEP][PASSED] - verifyTextPresent("Authorization and Capture", true): Text 'Authorization and Capture' is present on page  using regular expression

2022-02-22 18:17:22 - [MESSAGE][PASSED] - Text 'Authorization and Capture' is present on page  using regular expression

2022-02-22 18:17:22 - [TEST_STEP][PASSED] - verifyTextPresent("Card Information", true): Text 'Card Information' is present on page  using regular expression

2022-02-22 18:17:22 - [MESSAGE][PASSED] - Text 'Card Information' is present on page  using regular expression

2022-02-22 18:17:22 - [TEST_STEP][PASSED] - cardNameV = findTestData(dataFile).getValue("CardNameV", row): null

2022-02-22 18:17:22 - [TEST_STEP][PASSED] - al1V = findTestData(dataFile).getValue("AL1", row): null

2022-02-22 18:17:22 - [TEST_STEP][PASSED] - al2V = findTestData(dataFile).getValue("AL2", row): null

2022-02-22 18:17:22 - [TEST_STEP][PASSED] - zipV = findTestData(dataFile).getValue("ZIP", row): null

2022-02-22 18:17:22 - [TEST_STEP][PASSED] - cardTypeV = findTestData(dataFile).getValue("CardType", row): null

2022-02-22 18:17:22 - [TEST_STEP][PASSED] - last4V = findTestData(dataFile).getValue("Last4", row): null

2022-02-22 18:17:22 - [TEST_STEP][PASSED] - verifyTextPresent(cardNameV, true): Text 'TULSI RAMAN' is present on page  using regular expression

2022-02-22 18:17:23 - [MESSAGE][PASSED] - Text 'TULSI RAMAN' is present on page  using regular expression

2022-02-22 18:17:23 - [TEST_STEP][PASSED] - verifyTextPresent("Address Line 1", true): Text 'Address Line 1' is present on page  using regular expression

2022-02-22 18:17:23 - [MESSAGE][PASSED] - Text 'Address Line 1' is present on page  using regular expression

2022-02-22 18:17:23 - [TEST_STEP][PASSED] - verifyTextPresent("Address Line 2", true): Text 'Address Line 2' is present on page  using regular expression

2022-02-22 18:17:23 - [MESSAGE][PASSED] - Text 'Address Line 2' is present on page  using regular expression

2022-02-22 18:17:23 - [TEST_STEP][PASSED] - verifyTextPresent("Country", true): Text 'Country' is present on page  using regular expression

2022-02-22 18:17:23 - [MESSAGE][PASSED] - Text 'Country' is present on page  using regular expression

2022-02-22 18:17:23 - [TEST_STEP][PASSED] - verifyTextPresent("City", true): Text 'City' is present on page  using regular expression

2022-02-22 18:17:24 - [MESSAGE][PASSED] - Text 'City' is present on page  using regular expression

2022-02-22 18:17:24 - [TEST_STEP][PASSED] - verifyTextPresent("State", true): Text 'State' is present on page  using regular expression

2022-02-22 18:17:24 - [MESSAGE][PASSED] - Text 'State' is present on page  using regular expression

2022-02-22 18:17:24 - [TEST_STEP][PASSED] - verifyTextPresent("ZIP Code", true): Text 'ZIP Code' is present on page  using regular expression

2022-02-22 18:17:24 - [MESSAGE][PASSED] - Text 'ZIP Code' is present on page  using regular expression

2022-02-22 18:17:24 - [TEST_STEP][PASSED] - verifyTextPresent(al1V, true): Text '550 Swan Lake' is present on page  using regular expression

2022-02-22 18:17:25 - [MESSAGE][PASSED] - Text '550 Swan Lake' is present on page  using regular expression

2022-02-22 18:17:25 - [TEST_STEP][PASSED] - verifyTextPresent(al2V, true): Text 'Suite 500' is present on page  using regular expression

2022-02-22 18:17:25 - [MESSAGE][PASSED] - Text 'Suite 500' is present on page  using regular expression

2022-02-22 18:17:25 - [TEST_STEP][PASSED] - verifyTextPresent("United States", true): Text 'United States' is present on page  using regular expression

2022-02-22 18:17:25 - [MESSAGE][PASSED] - Text 'United States' is present on page  using regular expression

2022-02-22 18:17:25 - [TEST_STEP][PASSED] - verifyTextPresent("ARLINGTON", true): Text 'ARLINGTON' is present on page  using regular expression

2022-02-22 18:17:26 - [MESSAGE][PASSED] - Text 'ARLINGTON' is present on page  using regular expression

2022-02-22 18:17:26 - [TEST_STEP][PASSED] - verifyTextPresent("Virginia", true): Text 'Virginia' is present on page  using regular expression

2022-02-22 18:17:26 - [MESSAGE][PASSED] - Text 'Virginia' is present on page  using regular expression

2022-02-22 18:17:26 - [TEST_STEP][PASSED] - verifyTextPresent(zipV, true): Text '22201' is present on page  using regular expression

2022-02-22 18:17:26 - [MESSAGE][PASSED] - Text '22201' is present on page  using regular expression

2022-02-22 18:17:26 - [TEST_STEP][PASSED] - verifyTextPresent(cardTypeV, true): Text 'American Express' is present on page  using regular expression

2022-02-22 18:17:27 - [MESSAGE][PASSED] - Text 'American Express' is present on page  using regular expression

2022-02-22 18:17:27 - [TEST_STEP][PASSED] - verifyTextPresent(last4V, true): Text '2376' is present on page  using regular expression

2022-02-22 18:17:27 - [MESSAGE][PASSED] - Text '2376' is present on page  using regular expression

2022-02-22 18:17:27 - [TEST_STEP][PASSED] - ExecuteTC = findTestData(dataFile).getValue("Execute", row): null

2022-02-22 18:17:27 - [TEST_STEP][PASSED] - out.println("Value of Execute is : " + ExecuteTC): null

2022-02-22 18:17:27 - [TEST_STEP][PASSED] - appName = findTestData(dataFile).getValue("AppName", row): null

2022-02-22 18:17:27 - [TEST_STEP][PASSED] - appID = findTestData(dataFile).getValue("AppID", row): null

2022-02-22 18:17:27 - [TEST_STEP][PASSED] - hrefAppID = li_1 + appID + li_2: null

2022-02-22 18:17:27 - [TEST_STEP][PASSED] - if (ExecuteTC.equalsIgnoreCase("Y")): Text '6909' is present on page  using regular expression

2022-02-22 18:17:27 - [TEST_STEP][PASSED] - out.println("Begin Record Number: " + row): null

2022-02-22 18:17:27 - [TEST_STEP][PASSED] - today = new java.util.Date(): null

2022-02-22 18:17:27 - [TEST_STEP][PASSED] - println(today): null

2022-02-22 18:17:27 - [TEST_STEP][PASSED] - datText = today: null

2022-02-22 18:17:27 - [TEST_STEP][PASSED] - adminSuiteBootstrap.loginFunctionality.login_AdminSuite(): adminSuiteBootstrap.loginFunctionality.login_AdminSuite is PASSED

2022-02-22 18:17:27 - [MESSAGE][WARNING] - A browser is already opened. Closing browser and opening a new one

2022-02-22 18:17:28 - [MESSAGE][INFO] - Starting 'Chrome' driver

2022-02-22 18:17:28 - [MESSAGE][INFO] - User set preference: ['acceptInsecureCerts', 'true']

2022-02-22 18:17:28 - [MESSAGE][INFO] - Action delay is set to 0 milliseconds

2022-02-22 18:17:31 - [MESSAGE][PASSED] - Browser is opened with url: 'https://qa.velocitypayment.com/admin/imtiaz'

2022-02-22 18:17:31 - [MESSAGE][PASSED] - Current window maximized

2022-02-22 18:17:31 - [MESSAGE][PASSED] - Object 'Object Repository/Login_Page/Login_Username' is present

2022-02-22 18:17:32 - [MESSAGE][PASSED] - Text 'iahmed' is set on object 'Object Repository/Login_Page/Login_Username'

2022-02-22 18:17:33 - [MESSAGE][PASSED] - Text 'hello2222' is set on object 'Object Repository/Login_Page/Login_Password'

2022-02-22 18:17:37 - [MESSAGE][PASSED] - Object: 'Object Repository/Login_Page/Login_Submit' is clicked on

2022-02-22 18:17:37 - [MESSAGE][PASSED] - adminSuiteBootstrap.loginFunctionality.login_AdminSuite is PASSED

2022-02-22 18:17:37 - [TEST_STEP][PASSED] - click(findTestObject(path_Dashboard + "span_Payment")): Object: 'Object Repository/AdminSuiteBootstrap_Pages/Dashboard_Bootstrap/span_Payment' is clicked on

2022-02-22 18:17:38 - [MESSAGE][PASSED] - Object: 'Object Repository/AdminSuiteBootstrap_Pages/Dashboard_Bootstrap/span_Payment' is clicked on

2022-02-22 18:17:38 - [TEST_STEP][PASSED] - click(findTestObject(path_Dashboard + appName)): Object: 'Object Repository/AdminSuiteBootstrap_Pages/Dashboard_Bootstrap/a_Access AutoNoCFtp' is clicked on

2022-02-22 18:17:39 - [MESSAGE][PASSED] - Object: 'Object Repository/AdminSuiteBootstrap_Pages/Dashboard_Bootstrap/a_Access AutoNoCFtp' is clicked on

2022-02-22 18:17:39 - [TEST_STEP][PASSED] - click(findTestObject(path_VT + "button_Authorization  Capture (Sale)")): Object: 'Object Repository/AdminSuiteBootstrap_Pages/VT_Bootstrap/IssueTransactions/button_Authorization  Capture (Sale)' is clicked on

2022-02-22 18:17:40 - [MESSAGE][PASSED] - Object: 'Object Repository/AdminSuiteBootstrap_Pages/VT_Bootstrap/IssueTransactions/button_Authorization  Capture (Sale)' is clicked on

2022-02-22 18:17:40 - [TEST_STEP][PASSED] - saleKeyboardEntryLink = modifyObjectProperty(findTestObject(path_VT + "a_KeyboardEntry_Sale"), "href", "equals", hrefAppID, true): Modify property of object successfully

2022-02-22 18:17:40 - [MESSAGE][PASSED] - Modify property of object successfully

2022-02-22 18:17:40 - [TEST_STEP][PASSED] - click(saleKeyboardEntryLink): Object: 'Object Repository/AdminSuiteBootstrap_Pages/VT_Bootstrap/IssueTransactions/a_KeyboardEntry_Sale' is clicked on

2022-02-22 18:17:41 - [MESSAGE][PASSED] - Object: 'Object Repository/AdminSuiteBootstrap_Pages/VT_Bootstrap/IssueTransactions/a_KeyboardEntry_Sale' is clicked on

2022-02-22 18:17:41 - [TEST_STEP][PASSED] - adminSuiteBootstrap.virtualTerminalSetData.saleKeyboard_DataDriven(row, dataFile): adminSuiteBootstrap.virtualTerminalSetData.saleKeyboard_DataDriven is PASSED

2022-02-22 18:17:42 - [MESSAGE][PASSED] - Text 'Tulsi Raman' is set on object 'Object Repository/AdminSuiteBootstrap_Pages/VT_Bootstrap/SaleKeyboard/input_cardName'

2022-02-22 18:17:43 - [MESSAGE][PASSED] - All options with value 'RETL' are selected in object 'Object Repository/AdminSuiteBootstrap_Pages/VT_Bootstrap/SaleKeyboard/select_transactionCategory'  using regular expression

2022-02-22 18:17:44 - [MESSAGE][PASSED] - Execute JavaScript 'arguments[0].value ='6011000993026909' ' successfully

2022-02-22 18:17:44 - [MESSAGE][PASSED] - Execute JavaScript 'arguments[0].value ='123' ' successfully

2022-02-22 18:17:45 - [MESSAGE][PASSED] - All options with value '12' are selected in object 'Object Repository/AdminSuiteBootstrap_Pages/VT_Bootstrap/SaleKeyboard/select_MM'  using regular expression

2022-02-22 18:17:46 - [MESSAGE][PASSED] - All options with value '2025' are selected in object 'Object Repository/AdminSuiteBootstrap_Pages/VT_Bootstrap/SaleKeyboard/select_YYYY'  using regular expression

2022-02-22 18:17:47 - [MESSAGE][PASSED] - Text '25987 Hill Top' is set on object 'Object Repository/AdminSuiteBootstrap_Pages/VT_Bootstrap/SaleKeyboard/input__address'

2022-02-22 18:17:47 - [MESSAGE][PASSED] - Text 'Suite 500' is set on object 'Object Repository/AdminSuiteBootstrap_Pages/VT_Bootstrap/SaleKeyboard/input__address2'

2022-02-22 18:17:48 - [MESSAGE][PASSED] - Text '22201' is set on object 'Object Repository/AdminSuiteBootstrap_Pages/VT_Bootstrap/SaleKeyboard/input__zip'

2022-02-22 18:17:49 - [MESSAGE][PASSED] - Text '' is set on object 'Object Repository/AdminSuiteBootstrap_Pages/VT_Bootstrap/SaleKeyboard/input_emailAddress'

2022-02-22 18:17:50 - [MESSAGE][PASSED] - Text '' is set on object 'Object Repository/AdminSuiteBootstrap_Pages/VT_Bootstrap/SaleKeyboard/input_smsNumber'

2022-02-22 18:17:51 - [MESSAGE][PASSED] - Text '10.50' is set on object 'Object Repository/AdminSuiteBootstrap_Pages/VT_Bootstrap/SaleKeyboard/input_amount'

2022-02-22 18:17:52 - [MESSAGE][PASSED] - Text 'Australia' is set on object 'Object Repository/AdminSuiteBootstrap_Pages/VT_Bootstrap/SaleKeyboard/input_userDefined1'

2022-02-22 18:17:52 - [MESSAGE][PASSED] - Text 'Denmark' is set on object 'Object Repository/AdminSuiteBootstrap_Pages/VT_Bootstrap/SaleKeyboard/input_userDefined2'

2022-02-22 18:17:53 - [MESSAGE][PASSED] - Text 'Sweden' is set on object 'Object Repository/AdminSuiteBootstrap_Pages/VT_Bootstrap/SaleKeyboard/input_userDefined3'

2022-02-22 18:17:54 - [MESSAGE][PASSED] - Text 'Austria' is set on object 'Object Repository/AdminSuiteBootstrap_Pages/VT_Bootstrap/SaleKeyboard/input_userDefined4'

2022-02-22 18:17:55 - [MESSAGE][PASSED] - All options with label 'Orange' are selected in object 'Object Repository/AdminSuiteBootstrap_Pages/VT_Bootstrap/SaleKeyboard/select_UDF5_DropDown'  using regular expression

2022-02-22 18:17:56 - [MESSAGE][PASSED] - All options with label 'Yellow' are selected in object 'Object Repository/AdminSuiteBootstrap_Pages/VT_Bootstrap/SaleKeyboard/select_UDF6_DropDown'  using regular expression

2022-02-22 18:17:56 - [MESSAGE][PASSED] - Text 'Norway' is set on object 'Object Repository/AdminSuiteBootstrap_Pages/VT_Bootstrap/SaleKeyboard/input_userDefined7'

2022-02-22 18:17:57 - [MESSAGE][PASSED] - Text 'Netherlands' is set on object 'Object Repository/AdminSuiteBootstrap_Pages/VT_Bootstrap/SaleKeyboard/input_userDefined8'

2022-02-22 18:17:58 - [MESSAGE][PASSED] - Text 'Switzerland' is set on object 'Object Repository/AdminSuiteBootstrap_Pages/VT_Bootstrap/SaleKeyboard/input_userDefined9'

2022-02-22 18:17:59 - [MESSAGE][PASSED] - Text 'France' is set on object 'Object Repository/AdminSuiteBootstrap_Pages/VT_Bootstrap/SaleKeyboard/input_userDefined10'

2022-02-22 18:18:01 - [MESSAGE][PASSED] - Object: 'Object Repository/AdminSuiteBootstrap_Pages/VT_Bootstrap/SaleKeyboard/button_Submit' is clicked on

2022-02-22 18:18:01 - [MESSAGE][PASSED] - adminSuiteBootstrap.virtualTerminalSetData.saleKeyboard_DataDriven is PASSED

2022-02-22 18:18:01 - [TEST_STEP][PASSED] - verifyTextPresent("Transaction Successful", true): Text 'Transaction Successful' is present on page  using regular expression

2022-02-22 18:18:01 - [MESSAGE][PASSED] - Text 'Transaction Successful' is present on page  using regular expression

2022-02-22 18:18:01 - [TEST_STEP][PASSED] - verifyElementVisible(findTestObject("Object Repository/AdminSuiteBootstrap_Pages/VT_Bootstrap/Receipt/button_Continue")): Object 'Object Repository/AdminSuiteBootstrap_Pages/VT_Bootstrap/Receipt/button_Continue' is visible

2022-02-22 18:18:02 - [MESSAGE][PASSED] - Object 'Object Repository/AdminSuiteBootstrap_Pages/VT_Bootstrap/Receipt/button_Continue' is visible

2022-02-22 18:18:02 - [TEST_STEP][PASSED] - verifyElementPresent(findTestObject("Object Repository/AdminSuiteBootstrap_Pages/VT_Bootstrap/Receipt/button_Continue"), 20): Object 'Object Repository/AdminSuiteBootstrap_Pages/VT_Bootstrap/Receipt/button_Continue' is present

2022-02-22 18:18:02 - [MESSAGE][PASSED] - Object 'Object Repository/AdminSuiteBootstrap_Pages/VT_Bootstrap/Receipt/button_Continue' is present

2022-02-22 18:18:02 - [TEST_STEP][PASSED] - verifyElementVisible(findTestObject("Object Repository/AdminSuiteBootstrap_Pages/VT_Bootstrap/Receipt/button_Print")): Object 'Object Repository/AdminSuiteBootstrap_Pages/VT_Bootstrap/Receipt/button_Print' is visible

2022-02-22 18:18:02 - [MESSAGE][PASSED] - Object 'Object Repository/AdminSuiteBootstrap_Pages/VT_Bootstrap/Receipt/button_Print' is visible

2022-02-22 18:18:02 - [TEST_STEP][PASSED] - verifyElementPresent(findTestObject("Object Repository/AdminSuiteBootstrap_Pages/VT_Bootstrap/Receipt/button_Print"), 20): Object 'Object Repository/AdminSuiteBootstrap_Pages/VT_Bootstrap/Receipt/button_Print' is present

2022-02-22 18:18:03 - [MESSAGE][PASSED] - Object 'Object Repository/AdminSuiteBootstrap_Pages/VT_Bootstrap/Receipt/button_Print' is present

2022-02-22 18:18:03 - [TEST_STEP][PASSED] - verifyTextPresent("Remittance ID", true): Text 'Remittance ID' is present on page  using regular expression

2022-02-22 18:18:03 - [MESSAGE][PASSED] - Text 'Remittance ID' is present on page  using regular expression

2022-02-22 18:18:03 - [TEST_STEP][PASSED] - verifyTextPresent("Received", true): Text 'Received' is present on page  using regular expression

2022-02-22 18:18:03 - [MESSAGE][PASSED] - Text 'Received' is present on page  using regular expression

2022-02-22 18:18:03 - [TEST_STEP][PASSED] - verifyTextPresent("UDF1", true): Text 'UDF1' is present on page  using regular expression

2022-02-22 18:18:04 - [MESSAGE][PASSED] - Text 'UDF1' is present on page  using regular expression

2022-02-22 18:18:04 - [TEST_STEP][PASSED] - verifyTextPresent("UDF2", true): Text 'UDF2' is present on page  using regular expression

2022-02-22 18:18:04 - [MESSAGE][PASSED] - Text 'UDF2' is present on page  using regular expression

2022-02-22 18:18:04 - [TEST_STEP][PASSED] - verifyTextPresent("UDF3", true): Text 'UDF3' is present on page  using regular expression

2022-02-22 18:18:04 - [MESSAGE][PASSED] - Text 'UDF3' is present on page  using regular expression

2022-02-22 18:18:04 - [TEST_STEP][PASSED] - verifyTextPresent("UDF4", true): Text 'UDF4' is present on page  using regular expression

2022-02-22 18:18:04 - [MESSAGE][PASSED] - Text 'UDF4' is present on page  using regular expression

2022-02-22 18:18:04 - [TEST_STEP][PASSED] - verifyTextPresent("UDF5", true): Text 'UDF5' is present on page  using regular expression

2022-02-22 18:18:05 - [MESSAGE][PASSED] - Text 'UDF5' is present on page  using regular expression

2022-02-22 18:18:05 - [TEST_STEP][PASSED] - verifyTextPresent("UDF6", true): Text 'UDF6' is present on page  using regular expression

2022-02-22 18:18:05 - [MESSAGE][PASSED] - Text 'UDF6' is present on page  using regular expression

2022-02-22 18:18:05 - [TEST_STEP][PASSED] - verifyTextPresent("UDF7", true): Text 'UDF7' is present on page  using regular expression

2022-02-22 18:18:05 - [MESSAGE][PASSED] - Text 'UDF7' is present on page  using regular expression

2022-02-22 18:18:05 - [TEST_STEP][PASSED] - verifyTextPresent("UDF8", true): Text 'UDF8' is present on page  using regular expression

2022-02-22 18:18:06 - [MESSAGE][PASSED] - Text 'UDF8' is present on page  using regular expression

2022-02-22 18:18:06 - [TEST_STEP][PASSED] - verifyTextPresent("UDF9", true): Text 'UDF9' is present on page  using regular expression

2022-02-22 18:18:06 - [MESSAGE][PASSED] - Text 'UDF9' is present on page  using regular expression

2022-02-22 18:18:06 - [TEST_STEP][PASSED] - verifyTextPresent("UDF 10", true): Text 'UDF 10' is present on page  using regular expression

2022-02-22 18:18:06 - [MESSAGE][PASSED] - Text 'UDF 10' is present on page  using regular expression

2022-02-22 18:18:06 - [TEST_STEP][PASSED] - verifyTextPresent("Australia", true): Text 'Australia' is present on page  using regular expression

2022-02-22 18:18:07 - [MESSAGE][PASSED] - Text 'Australia' is present on page  using regular expression

2022-02-22 18:18:07 - [TEST_STEP][PASSED] - verifyTextPresent("Denmark", true): Text 'Denmark' is present on page  using regular expression

2022-02-22 18:18:07 - [MESSAGE][PASSED] - Text 'Denmark' is present on page  using regular expression

2022-02-22 18:18:07 - [TEST_STEP][PASSED] - verifyTextPresent("Sweden", true): Text 'Sweden' is present on page  using regular expression

2022-02-22 18:18:07 - [MESSAGE][PASSED] - Text 'Sweden' is present on page  using regular expression

2022-02-22 18:18:07 - [TEST_STEP][PASSED] - verifyTextPresent("Austria", true): Text 'Austria' is present on page  using regular expression

2022-02-22 18:18:08 - [MESSAGE][PASSED] - Text 'Austria' is present on page  using regular expression

2022-02-22 18:18:08 - [TEST_STEP][PASSED] - verifyTextPresent("Orange Recorded", true): Text 'Orange Recorded' is present on page  using regular expression

2022-02-22 18:18:08 - [MESSAGE][PASSED] - Text 'Orange Recorded' is present on page  using regular expression

2022-02-22 18:18:08 - [TEST_STEP][PASSED] - verifyTextPresent("Yellow Recorded", true): Text 'Yellow Recorded' is present on page  using regular expression

2022-02-22 18:18:08 - [MESSAGE][PASSED] - Text 'Yellow Recorded' is present on page  using regular expression

2022-02-22 18:18:08 - [TEST_STEP][PASSED] - verifyTextPresent("Norway", true): Text 'Norway' is present on page  using regular expression

2022-02-22 18:18:09 - [MESSAGE][PASSED] - Text 'Norway' is present on page  using regular expression

2022-02-22 18:18:09 - [TEST_STEP][PASSED] - verifyTextPresent("Netherlands", true): Text 'Netherlands' is present on page  using regular expression

2022-02-22 18:18:09 - [MESSAGE][PASSED] - Text 'Netherlands' is present on page  using regular expression

2022-02-22 18:18:09 - [TEST_STEP][PASSED] - verifyTextPresent("Switzerland", true): Text 'Switzerland' is present on page  using regular expression

2022-02-22 18:18:09 - [MESSAGE][PASSED] - Text 'Switzerland' is present on page  using regular expression

2022-02-22 18:18:09 - [TEST_STEP][PASSED] - verifyTextPresent("France", true): Text 'France' is present on page  using regular expression

2022-02-22 18:18:10 - [MESSAGE][PASSED] - Text 'France' is present on page  using regular expression

2022-02-22 18:18:10 - [TEST_STEP][PASSED] - verifyTextPresent("Amount", true): Text 'Amount' is present on page  using regular expression

2022-02-22 18:18:10 - [MESSAGE][PASSED] - Text 'Amount' is present on page  using regular expression

2022-02-22 18:18:10 - [TEST_STEP][PASSED] - verifyTextPresent("Total Amount", true): Text 'Total Amount' is present on page  using regular expression

2022-02-22 18:18:10 - [MESSAGE][PASSED] - Text 'Total Amount' is present on page  using regular expression

2022-02-22 18:18:10 - [TEST_STEP][PASSED] - verifyTextPresent("Transaction Type", true): Text 'Transaction Type' is present on page  using regular expression

2022-02-22 18:18:11 - [MESSAGE][PASSED] - Text 'Transaction Type' is present on page  using regular expression

2022-02-22 18:18:11 - [TEST_STEP][PASSED] - verifyTextPresent("10.50", true): Text '10.50' is present on page  using regular expression

2022-02-22 18:18:11 - [MESSAGE][PASSED] - Text '10.50' is present on page  using regular expression

2022-02-22 18:18:11 - [TEST_STEP][PASSED] - verifyTextPresent("Authorization and Capture", true): Text 'Authorization and Capture' is present on page  using regular expression

2022-02-22 18:18:11 - [MESSAGE][PASSED] - Text 'Authorization and Capture' is present on page  using regular expression

2022-02-22 18:18:11 - [TEST_STEP][PASSED] - verifyTextPresent("Card Information", true): Text 'Card Information' is present on page  using regular expression

2022-02-22 18:18:12 - [MESSAGE][PASSED] - Text 'Card Information' is present on page  using regular expression

2022-02-22 18:18:12 - [TEST_STEP][PASSED] - cardNameV = findTestData(dataFile).getValue("CardNameV", row): null

2022-02-22 18:18:12 - [TEST_STEP][PASSED] - al1V = findTestData(dataFile).getValue("AL1", row): null

2022-02-22 18:18:12 - [TEST_STEP][PASSED] - al2V = findTestData(dataFile).getValue("AL2", row): null

2022-02-22 18:18:12 - [TEST_STEP][PASSED] - zipV = findTestData(dataFile).getValue("ZIP", row): null

2022-02-22 18:18:12 - [TEST_STEP][PASSED] - cardTypeV = findTestData(dataFile).getValue("CardType", row): null

2022-02-22 18:18:12 - [TEST_STEP][PASSED] - last4V = findTestData(dataFile).getValue("Last4", row): null

2022-02-22 18:18:12 - [TEST_STEP][PASSED] - verifyTextPresent(cardNameV, true): Text 'TULSI RAMAN' is present on page  using regular expression

2022-02-22 18:18:12 - [MESSAGE][PASSED] - Text 'TULSI RAMAN' is present on page  using regular expression

2022-02-22 18:18:12 - [TEST_STEP][PASSED] - verifyTextPresent("Address Line 1", true): Text 'Address Line 1' is present on page  using regular expression

2022-02-22 18:18:12 - [MESSAGE][PASSED] - Text 'Address Line 1' is present on page  using regular expression

2022-02-22 18:18:12 - [TEST_STEP][PASSED] - verifyTextPresent("Address Line 2", true): Text 'Address Line 2' is present on page  using regular expression

2022-02-22 18:18:13 - [MESSAGE][PASSED] - Text 'Address Line 2' is present on page  using regular expression

2022-02-22 18:18:13 - [TEST_STEP][PASSED] - verifyTextPresent("Country", true): Text 'Country' is present on page  using regular expression

2022-02-22 18:18:13 - [MESSAGE][PASSED] - Text 'Country' is present on page  using regular expression

2022-02-22 18:18:13 - [TEST_STEP][PASSED] - verifyTextPresent("City", true): Text 'City' is present on page  using regular expression

2022-02-22 18:18:13 - [MESSAGE][PASSED] - Text 'City' is present on page  using regular expression

2022-02-22 18:18:13 - [TEST_STEP][PASSED] - verifyTextPresent("State", true): Text 'State' is present on page  using regular expression

2022-02-22 18:18:14 - [MESSAGE][PASSED] - Text 'State' is present on page  using regular expression

2022-02-22 18:18:14 - [TEST_STEP][PASSED] - verifyTextPresent("ZIP Code", true): Text 'ZIP Code' is present on page  using regular expression

2022-02-22 18:18:14 - [MESSAGE][PASSED] - Text 'ZIP Code' is present on page  using regular expression

2022-02-22 18:18:14 - [TEST_STEP][PASSED] - verifyTextPresent(al1V, true): Text '25987 Hill Top' is present on page  using regular expression

2022-02-22 18:18:14 - [MESSAGE][PASSED] - Text '25987 Hill Top' is present on page  using regular expression

2022-02-22 18:18:14 - [TEST_STEP][PASSED] - verifyTextPresent(al2V, true): Text 'Suite 500' is present on page  using regular expression

2022-02-22 18:18:15 - [MESSAGE][PASSED] - Text 'Suite 500' is present on page  using regular expression

2022-02-22 18:18:15 - [TEST_STEP][PASSED] - verifyTextPresent("United States", true): Text 'United States' is present on page  using regular expression

2022-02-22 18:18:15 - [MESSAGE][PASSED] - Text 'United States' is present on page  using regular expression

2022-02-22 18:18:15 - [TEST_STEP][PASSED] - verifyTextPresent("ARLINGTON", true): Text 'ARLINGTON' is present on page  using regular expression

2022-02-22 18:18:15 - [MESSAGE][PASSED] - Text 'ARLINGTON' is present on page  using regular expression

2022-02-22 18:18:15 - [TEST_STEP][PASSED] - verifyTextPresent("Virginia", true): Text 'Virginia' is present on page  using regular expression

2022-02-22 18:18:16 - [MESSAGE][PASSED] - Text 'Virginia' is present on page  using regular expression

2022-02-22 18:18:16 - [TEST_STEP][PASSED] - verifyTextPresent(zipV, true): Text '22201' is present on page  using regular expression

2022-02-22 18:18:16 - [MESSAGE][PASSED] - Text '22201' is present on page  using regular expression

2022-02-22 18:18:16 - [TEST_STEP][PASSED] - verifyTextPresent(cardTypeV, true): Text 'Discover' is present on page  using regular expression

2022-02-22 18:18:16 - [MESSAGE][PASSED] - Text 'Discover' is present on page  using regular expression

2022-02-22 18:18:16 - [TEST_STEP][PASSED] - verifyTextPresent(last4V, true): Text '6909' is present on page  using regular expression

2022-02-22 18:18:17 - [MESSAGE][PASSED] - Text '6909' is present on page  using regular expression

2022-02-22 18:18:17 - [TEST_STEP][PASSED] - ExecuteTC = findTestData(dataFile).getValue("Execute", row): null

2022-02-22 18:18:17 - [TEST_STEP][PASSED] - out.println("Value of Execute is : " + ExecuteTC): null

2022-02-22 18:18:17 - [TEST_STEP][PASSED] - appName = findTestData(dataFile).getValue("AppName", row): null

2022-02-22 18:18:17 - [TEST_STEP][PASSED] - appID = findTestData(dataFile).getValue("AppID", row): null

2022-02-22 18:18:17 - [TEST_STEP][PASSED] - hrefAppID = li_1 + appID + li_2: null

2022-02-22 18:18:17 - [TEST_STEP][PASSED] - if (ExecuteTC.equalsIgnoreCase("Y")): Text '5439' is present on page  using regular expression

2022-02-22 18:18:17 - [TEST_STEP][PASSED] - out.println("Begin Record Number: " + row): null

2022-02-22 18:18:17 - [TEST_STEP][PASSED] - today = new java.util.Date(): null

2022-02-22 18:18:17 - [TEST_STEP][PASSED] - println(today): null

2022-02-22 18:18:17 - [TEST_STEP][PASSED] - datText = today: null

2022-02-22 18:18:17 - [TEST_STEP][PASSED] - adminSuiteBootstrap.loginFunctionality.login_AdminSuite(): adminSuiteBootstrap.loginFunctionality.login_AdminSuite is PASSED

2022-02-22 18:18:17 - [MESSAGE][WARNING] - A browser is already opened. Closing browser and opening a new one

2022-02-22 18:18:18 - [MESSAGE][INFO] - Starting 'Chrome' driver

2022-02-22 18:18:18 - [MESSAGE][INFO] - User set preference: ['acceptInsecureCerts', 'true']

2022-02-22 18:18:18 - [MESSAGE][INFO] - Action delay is set to 0 milliseconds

2022-02-22 18:18:21 - [MESSAGE][PASSED] - Browser is opened with url: 'https://qa.velocitypayment.com/admin/imtiaz'

2022-02-22 18:18:21 - [MESSAGE][PASSED] - Current window maximized

2022-02-22 18:18:21 - [MESSAGE][PASSED] - Object 'Object Repository/Login_Page/Login_Username' is present

2022-02-22 18:18:22 - [MESSAGE][PASSED] - Text 'iahmed' is set on object 'Object Repository/Login_Page/Login_Username'

2022-02-22 18:18:23 - [MESSAGE][PASSED] - Text 'hello2222' is set on object 'Object Repository/Login_Page/Login_Password'

2022-02-22 18:18:27 - [MESSAGE][PASSED] - Object: 'Object Repository/Login_Page/Login_Submit' is clicked on

2022-02-22 18:18:27 - [MESSAGE][PASSED] - adminSuiteBootstrap.loginFunctionality.login_AdminSuite is PASSED

2022-02-22 18:18:27 - [TEST_STEP][PASSED] - click(findTestObject(path_Dashboard + "span_Payment")): Object: 'Object Repository/AdminSuiteBootstrap_Pages/Dashboard_Bootstrap/span_Payment' is clicked on

2022-02-22 18:18:28 - [MESSAGE][PASSED] - Object: 'Object Repository/AdminSuiteBootstrap_Pages/Dashboard_Bootstrap/span_Payment' is clicked on

2022-02-22 18:18:28 - [TEST_STEP][PASSED] - click(findTestObject(path_Dashboard + appName)): Object: 'Object Repository/AdminSuiteBootstrap_Pages/Dashboard_Bootstrap/a_Access AutoNoCFtp' is clicked on

2022-02-22 18:18:29 - [MESSAGE][PASSED] - Object: 'Object Repository/AdminSuiteBootstrap_Pages/Dashboard_Bootstrap/a_Access AutoNoCFtp' is clicked on

2022-02-22 18:18:29 - [TEST_STEP][PASSED] - click(findTestObject(path_VT + "button_Authorization  Capture (Sale)")): Object: 'Object Repository/AdminSuiteBootstrap_Pages/VT_Bootstrap/IssueTransactions/button_Authorization  Capture (Sale)' is clicked on

2022-02-22 18:18:30 - [MESSAGE][PASSED] - Object: 'Object Repository/AdminSuiteBootstrap_Pages/VT_Bootstrap/IssueTransactions/button_Authorization  Capture (Sale)' is clicked on

2022-02-22 18:18:30 - [TEST_STEP][PASSED] - saleKeyboardEntryLink = modifyObjectProperty(findTestObject(path_VT + "a_KeyboardEntry_Sale"), "href", "equals", hrefAppID, true): Modify property of object successfully

2022-02-22 18:18:30 - [MESSAGE][PASSED] - Modify property of object successfully

2022-02-22 18:18:30 - [TEST_STEP][PASSED] - click(saleKeyboardEntryLink): Object: 'Object Repository/AdminSuiteBootstrap_Pages/VT_Bootstrap/IssueTransactions/a_KeyboardEntry_Sale' is clicked on

2022-02-22 18:18:31 - [MESSAGE][PASSED] - Object: 'Object Repository/AdminSuiteBootstrap_Pages/VT_Bootstrap/IssueTransactions/a_KeyboardEntry_Sale' is clicked on

2022-02-22 18:18:31 - [TEST_STEP][PASSED] - adminSuiteBootstrap.virtualTerminalSetData.saleKeyboard_DataDriven(row, dataFile): adminSuiteBootstrap.virtualTerminalSetData.saleKeyboard_DataDriven is PASSED

2022-02-22 18:18:32 - [MESSAGE][PASSED] - Text 'Janaki James' is set on object 'Object Repository/AdminSuiteBootstrap_Pages/VT_Bootstrap/SaleKeyboard/input_cardName'

2022-02-22 18:18:33 - [MESSAGE][PASSED] - All options with value 'MOTO' are selected in object 'Object Repository/AdminSuiteBootstrap_Pages/VT_Bootstrap/SaleKeyboard/select_transactionCategory'  using regular expression

2022-02-22 18:18:34 - [MESSAGE][PASSED] - Execute JavaScript 'arguments[0].value ='4012000098765439' ' successfully

2022-02-22 18:18:34 - [MESSAGE][PASSED] - Execute JavaScript 'arguments[0].value ='123' ' successfully

2022-02-22 18:18:35 - [MESSAGE][PASSED] - All options with value '12' are selected in object 'Object Repository/AdminSuiteBootstrap_Pages/VT_Bootstrap/SaleKeyboard/select_MM'  using regular expression

2022-02-22 18:18:36 - [MESSAGE][PASSED] - All options with value '2025' are selected in object 'Object Repository/AdminSuiteBootstrap_Pages/VT_Bootstrap/SaleKeyboard/select_YYYY'  using regular expression

2022-02-22 18:18:37 - [MESSAGE][PASSED] - Text '36 Cornor Road' is set on object 'Object Repository/AdminSuiteBootstrap_Pages/VT_Bootstrap/SaleKeyboard/input__address'

2022-02-22 18:18:38 - [MESSAGE][PASSED] - Text 'Suite 500' is set on object 'Object Repository/AdminSuiteBootstrap_Pages/VT_Bootstrap/SaleKeyboard/input__address2'

2022-02-22 18:18:38 - [MESSAGE][PASSED] - Text '22201' is set on object 'Object Repository/AdminSuiteBootstrap_Pages/VT_Bootstrap/SaleKeyboard/input__zip'

2022-02-22 18:18:39 - [MESSAGE][PASSED] - Text '' is set on object 'Object Repository/AdminSuiteBootstrap_Pages/VT_Bootstrap/SaleKeyboard/input_emailAddress'

2022-02-22 18:18:41 - [MESSAGE][PASSED] - Text '' is set on object 'Object Repository/AdminSuiteBootstrap_Pages/VT_Bootstrap/SaleKeyboard/input_smsNumber'

2022-02-22 18:18:41 - [MESSAGE][PASSED] - Text '10.50' is set on object 'Object Repository/AdminSuiteBootstrap_Pages/VT_Bootstrap/SaleKeyboard/input_amount'

2022-02-22 18:18:42 - [MESSAGE][PASSED] - Text 'Australia' is set on object 'Object Repository/AdminSuiteBootstrap_Pages/VT_Bootstrap/SaleKeyboard/input_userDefined1'

2022-02-22 18:18:43 - [MESSAGE][PASSED] - Text 'Denmark' is set on object 'Object Repository/AdminSuiteBootstrap_Pages/VT_Bootstrap/SaleKeyboard/input_userDefined2'

2022-02-22 18:18:43 - [MESSAGE][PASSED] - Text 'Sweden' is set on object 'Object Repository/AdminSuiteBootstrap_Pages/VT_Bootstrap/SaleKeyboard/input_userDefined3'

2022-02-22 18:18:44 - [MESSAGE][PASSED] - Text 'Austria' is set on object 'Object Repository/AdminSuiteBootstrap_Pages/VT_Bootstrap/SaleKeyboard/input_userDefined4'

2022-02-22 18:18:45 - [MESSAGE][PASSED] - All options with label 'Orange' are selected in object 'Object Repository/AdminSuiteBootstrap_Pages/VT_Bootstrap/SaleKeyboard/select_UDF5_DropDown'  using regular expression

2022-02-22 18:18:46 - [MESSAGE][PASSED] - All options with label 'Yellow' are selected in object 'Object Repository/AdminSuiteBootstrap_Pages/VT_Bootstrap/SaleKeyboard/select_UDF6_DropDown'  using regular expression

2022-02-22 18:18:47 - [MESSAGE][PASSED] - Text 'Norway' is set on object 'Object Repository/AdminSuiteBootstrap_Pages/VT_Bootstrap/SaleKeyboard/input_userDefined7'

2022-02-22 18:18:47 - [MESSAGE][PASSED] - Text 'Netherlands' is set on object 'Object Repository/AdminSuiteBootstrap_Pages/VT_Bootstrap/SaleKeyboard/input_userDefined8'

2022-02-22 18:18:48 - [MESSAGE][PASSED] - Text 'Switzerland' is set on object 'Object Repository/AdminSuiteBootstrap_Pages/VT_Bootstrap/SaleKeyboard/input_userDefined9'

2022-02-22 18:18:49 - [MESSAGE][PASSED] - Text 'France' is set on object 'Object Repository/AdminSuiteBootstrap_Pages/VT_Bootstrap/SaleKeyboard/input_userDefined10'

2022-02-22 18:18:51 - [MESSAGE][PASSED] - Object: 'Object Repository/AdminSuiteBootstrap_Pages/VT_Bootstrap/SaleKeyboard/button_Submit' is clicked on

2022-02-22 18:18:51 - [MESSAGE][PASSED] - adminSuiteBootstrap.virtualTerminalSetData.saleKeyboard_DataDriven is PASSED

2022-02-22 18:18:51 - [TEST_STEP][PASSED] - verifyTextPresent("Transaction Successful", true): Text 'Transaction Successful' is present on page  using regular expression

2022-02-22 18:18:51 - [MESSAGE][PASSED] - Text 'Transaction Successful' is present on page  using regular expression

2022-02-22 18:18:51 - [TEST_STEP][PASSED] - verifyElementVisible(findTestObject("Object Repository/AdminSuiteBootstrap_Pages/VT_Bootstrap/Receipt/button_Continue")): Object 'Object Repository/AdminSuiteBootstrap_Pages/VT_Bootstrap/Receipt/button_Continue' is visible

2022-02-22 18:18:52 - [MESSAGE][PASSED] - Object 'Object Repository/AdminSuiteBootstrap_Pages/VT_Bootstrap/Receipt/button_Continue' is visible

2022-02-22 18:18:52 - [TEST_STEP][PASSED] - verifyElementPresent(findTestObject("Object Repository/AdminSuiteBootstrap_Pages/VT_Bootstrap/Receipt/button_Continue"), 20): Object 'Object Repository/AdminSuiteBootstrap_Pages/VT_Bootstrap/Receipt/button_Continue' is present

2022-02-22 18:18:52 - [MESSAGE][PASSED] - Object 'Object Repository/AdminSuiteBootstrap_Pages/VT_Bootstrap/Receipt/button_Continue' is present

2022-02-22 18:18:52 - [TEST_STEP][PASSED] - verifyElementVisible(findTestObject("Object Repository/AdminSuiteBootstrap_Pages/VT_Bootstrap/Receipt/button_Print")): Object 'Object Repository/AdminSuiteBootstrap_Pages/VT_Bootstrap/Receipt/button_Print' is visible

2022-02-22 18:18:52 - [MESSAGE][PASSED] - Object 'Object Repository/AdminSuiteBootstrap_Pages/VT_Bootstrap/Receipt/button_Print' is visible

2022-02-22 18:18:52 - [TEST_STEP][PASSED] - verifyElementPresent(findTestObject("Object Repository/AdminSuiteBootstrap_Pages/VT_Bootstrap/Receipt/button_Print"), 20): Object 'Object Repository/AdminSuiteBootstrap_Pages/VT_Bootstrap/Receipt/button_Print' is present

2022-02-22 18:18:53 - [MESSAGE][PASSED] - Object 'Object Repository/AdminSuiteBootstrap_Pages/VT_Bootstrap/Receipt/button_Print' is present

2022-02-22 18:18:53 - [TEST_STEP][PASSED] - verifyTextPresent("Remittance ID", true): Text 'Remittance ID' is present on page  using regular expression

2022-02-22 18:18:53 - [MESSAGE][PASSED] - Text 'Remittance ID' is present on page  using regular expression

2022-02-22 18:18:53 - [TEST_STEP][PASSED] - verifyTextPresent("Received", true): Text 'Received' is present on page  using regular expression

2022-02-22 18:18:53 - [MESSAGE][PASSED] - Text 'Received' is present on page  using regular expression

2022-02-22 18:18:53 - [TEST_STEP][PASSED] - verifyTextPresent("UDF1", true): Text 'UDF1' is present on page  using regular expression

2022-02-22 18:18:54 - [MESSAGE][PASSED] - Text 'UDF1' is present on page  using regular expression

2022-02-22 18:18:54 - [TEST_STEP][PASSED] - verifyTextPresent("UDF2", true): Text 'UDF2' is present on page  using regular expression

2022-02-22 18:18:54 - [MESSAGE][PASSED] - Text 'UDF2' is present on page  using regular expression

2022-02-22 18:18:54 - [TEST_STEP][PASSED] - verifyTextPresent("UDF3", true): Text 'UDF3' is present on page  using regular expression

2022-02-22 18:18:54 - [MESSAGE][PASSED] - Text 'UDF3' is present on page  using regular expression

2022-02-22 18:18:54 - [TEST_STEP][PASSED] - verifyTextPresent("UDF4", true): Text 'UDF4' is present on page  using regular expression

2022-02-22 18:18:55 - [MESSAGE][PASSED] - Text 'UDF4' is present on page  using regular expression

2022-02-22 18:18:55 - [TEST_STEP][PASSED] - verifyTextPresent("UDF5", true): Text 'UDF5' is present on page  using regular expression

2022-02-22 18:18:55 - [MESSAGE][PASSED] - Text 'UDF5' is present on page  using regular expression

2022-02-22 18:18:55 - [TEST_STEP][PASSED] - verifyTextPresent("UDF6", true): Text 'UDF6' is present on page  using regular expression

2022-02-22 18:18:55 - [MESSAGE][PASSED] - Text 'UDF6' is present on page  using regular expression

2022-02-22 18:18:55 - [TEST_STEP][PASSED] - verifyTextPresent("UDF7", true): Text 'UDF7' is present on page  using regular expression

2022-02-22 18:18:56 - [MESSAGE][PASSED] - Text 'UDF7' is present on page  using regular expression

2022-02-22 18:18:56 - [TEST_STEP][PASSED] - verifyTextPresent("UDF8", true): Text 'UDF8' is present on page  using regular expression

2022-02-22 18:18:56 - [MESSAGE][PASSED] - Text 'UDF8' is present on page  using regular expression

2022-02-22 18:18:56 - [TEST_STEP][PASSED] - verifyTextPresent("UDF9", true): Text 'UDF9' is present on page  using regular expression

2022-02-22 18:18:56 - [MESSAGE][PASSED] - Text 'UDF9' is present on page  using regular expression

2022-02-22 18:18:56 - [TEST_STEP][PASSED] - verifyTextPresent("UDF 10", true): Text 'UDF 10' is present on page  using regular expression

2022-02-22 18:18:57 - [MESSAGE][PASSED] - Text 'UDF 10' is present on page  using regular expression

2022-02-22 18:18:57 - [TEST_STEP][PASSED] - verifyTextPresent("Australia", true): Text 'Australia' is present on page  using regular expression

2022-02-22 18:18:57 - [MESSAGE][PASSED] - Text 'Australia' is present on page  using regular expression

2022-02-22 18:18:57 - [TEST_STEP][PASSED] - verifyTextPresent("Denmark", true): Text 'Denmark' is present on page  using regular expression

2022-02-22 18:18:57 - [MESSAGE][PASSED] - Text 'Denmark' is present on page  using regular expression

2022-02-22 18:18:57 - [TEST_STEP][PASSED] - verifyTextPresent("Sweden", true): Text 'Sweden' is present on page  using regular expression

2022-02-22 18:18:58 - [MESSAGE][PASSED] - Text 'Sweden' is present on page  using regular expression

2022-02-22 18:18:58 - [TEST_STEP][PASSED] - verifyTextPresent("Austria", true): Text 'Austria' is present on page  using regular expression

2022-02-22 18:18:58 - [MESSAGE][PASSED] - Text 'Austria' is present on page  using regular expression

2022-02-22 18:18:58 - [TEST_STEP][PASSED] - verifyTextPresent("Orange Recorded", true): Text 'Orange Recorded' is present on page  using regular expression

2022-02-22 18:18:58 - [MESSAGE][PASSED] - Text 'Orange Recorded' is present on page  using regular expression

2022-02-22 18:18:58 - [TEST_STEP][PASSED] - verifyTextPresent("Yellow Recorded", true): Text 'Yellow Recorded' is present on page  using regular expression

2022-02-22 18:18:59 - [MESSAGE][PASSED] - Text 'Yellow Recorded' is present on page  using regular expression

2022-02-22 18:18:59 - [TEST_STEP][PASSED] - verifyTextPresent("Norway", true): Text 'Norway' is present on page  using regular expression

2022-02-22 18:18:59 - [MESSAGE][PASSED] - Text 'Norway' is present on page  using regular expression

2022-02-22 18:18:59 - [TEST_STEP][PASSED] - verifyTextPresent("Netherlands", true): Text 'Netherlands' is present on page  using regular expression

2022-02-22 18:18:59 - [MESSAGE][PASSED] - Text 'Netherlands' is present on page  using regular expression

2022-02-22 18:18:59 - [TEST_STEP][PASSED] - verifyTextPresent("Switzerland", true): Text 'Switzerland' is present on page  using regular expression

2022-02-22 18:19:00 - [MESSAGE][PASSED] - Text 'Switzerland' is present on page  using regular expression

2022-02-22 18:19:00 - [TEST_STEP][PASSED] - verifyTextPresent("France", true): Text 'France' is present on page  using regular expression

2022-02-22 18:19:00 - [MESSAGE][PASSED] - Text 'France' is present on page  using regular expression

2022-02-22 18:19:00 - [TEST_STEP][PASSED] - verifyTextPresent("Amount", true): Text 'Amount' is present on page  using regular expression

2022-02-22 18:19:00 - [MESSAGE][PASSED] - Text 'Amount' is present on page  using regular expression

2022-02-22 18:19:00 - [TEST_STEP][PASSED] - verifyTextPresent("Total Amount", true): Text 'Total Amount' is present on page  using regular expression

2022-02-22 18:19:01 - [MESSAGE][PASSED] - Text 'Total Amount' is present on page  using regular expression

2022-02-22 18:19:01 - [TEST_STEP][PASSED] - verifyTextPresent("Transaction Type", true): Text 'Transaction Type' is present on page  using regular expression

2022-02-22 18:19:01 - [MESSAGE][PASSED] - Text 'Transaction Type' is present on page  using regular expression

2022-02-22 18:19:01 - [TEST_STEP][PASSED] - verifyTextPresent("10.50", true): Text '10.50' is present on page  using regular expression

2022-02-22 18:19:01 - [MESSAGE][PASSED] - Text '10.50' is present on page  using regular expression

2022-02-22 18:19:01 - [TEST_STEP][PASSED] - verifyTextPresent("Authorization and Capture", true): Text 'Authorization and Capture' is present on page  using regular expression

2022-02-22 18:19:02 - [MESSAGE][PASSED] - Text 'Authorization and Capture' is present on page  using regular expression

2022-02-22 18:19:02 - [TEST_STEP][PASSED] - verifyTextPresent("Card Information", true): Text 'Card Information' is present on page  using regular expression

2022-02-22 18:19:02 - [MESSAGE][PASSED] - Text 'Card Information' is present on page  using regular expression

2022-02-22 18:19:02 - [TEST_STEP][PASSED] - cardNameV = findTestData(dataFile).getValue("CardNameV", row): null

2022-02-22 18:19:02 - [TEST_STEP][PASSED] - al1V = findTestData(dataFile).getValue("AL1", row): null

2022-02-22 18:19:02 - [TEST_STEP][PASSED] - al2V = findTestData(dataFile).getValue("AL2", row): null

2022-02-22 18:19:02 - [TEST_STEP][PASSED] - zipV = findTestData(dataFile).getValue("ZIP", row): null

2022-02-22 18:19:02 - [TEST_STEP][PASSED] - cardTypeV = findTestData(dataFile).getValue("CardType", row): null

2022-02-22 18:19:02 - [TEST_STEP][PASSED] - last4V = findTestData(dataFile).getValue("Last4", row): null

2022-02-22 18:19:02 - [TEST_STEP][PASSED] - verifyTextPresent(cardNameV, true): Text 'JANAKI JAMES' is present on page  using regular expression

2022-02-22 18:19:02 - [MESSAGE][PASSED] - Text 'JANAKI JAMES' is present on page  using regular expression

2022-02-22 18:19:02 - [TEST_STEP][PASSED] - verifyTextPresent("Address Line 1", true): Text 'Address Line 1' is present on page  using regular expression

2022-02-22 18:19:03 - [MESSAGE][PASSED] - Text 'Address Line 1' is present on page  using regular expression

2022-02-22 18:19:03 - [TEST_STEP][PASSED] - verifyTextPresent("Address Line 2", true): Text 'Address Line 2' is present on page  using regular expression

2022-02-22 18:19:03 - [MESSAGE][PASSED] - Text 'Address Line 2' is present on page  using regular expression

2022-02-22 18:19:03 - [TEST_STEP][PASSED] - verifyTextPresent("Country", true): Text 'Country' is present on page  using regular expression

2022-02-22 18:19:03 - [MESSAGE][PASSED] - Text 'Country' is present on page  using regular expression

2022-02-22 18:19:03 - [TEST_STEP][PASSED] - verifyTextPresent("City", true): Text 'City' is present on page  using regular expression

2022-02-22 18:19:04 - [MESSAGE][PASSED] - Text 'City' is present on page  using regular expression

2022-02-22 18:19:04 - [TEST_STEP][PASSED] - verifyTextPresent("State", true): Text 'State' is present on page  using regular expression

2022-02-22 18:19:04 - [MESSAGE][PASSED] - Text 'State' is present on page  using regular expression

2022-02-22 18:19:04 - [TEST_STEP][PASSED] - verifyTextPresent("ZIP Code", true): Text 'ZIP Code' is present on page  using regular expression

2022-02-22 18:19:04 - [MESSAGE][PASSED] - Text 'ZIP Code' is present on page  using regular expression

2022-02-22 18:19:04 - [TEST_STEP][PASSED] - verifyTextPresent(al1V, true): Text '36 Cornor Road' is present on page  using regular expression

2022-02-22 18:19:05 - [MESSAGE][PASSED] - Text '36 Cornor Road' is present on page  using regular expression

2022-02-22 18:19:05 - [TEST_STEP][PASSED] - verifyTextPresent(al2V, true): Text 'Suite 500' is present on page  using regular expression

2022-02-22 18:19:05 - [MESSAGE][PASSED] - Text 'Suite 500' is present on page  using regular expression

2022-02-22 18:19:05 - [TEST_STEP][PASSED] - verifyTextPresent("United States", true): Text 'United States' is present on page  using regular expression

2022-02-22 18:19:05 - [MESSAGE][PASSED] - Text 'United States' is present on page  using regular expression

2022-02-22 18:19:05 - [TEST_STEP][PASSED] - verifyTextPresent("ARLINGTON", true): Text 'ARLINGTON' is present on page  using regular expression

2022-02-22 18:19:06 - [MESSAGE][PASSED] - Text 'ARLINGTON' is present on page  using regular expression

2022-02-22 18:19:06 - [TEST_STEP][PASSED] - verifyTextPresent("Virginia", true): Text 'Virginia' is present on page  using regular expression

2022-02-22 18:19:06 - [MESSAGE][PASSED] - Text 'Virginia' is present on page  using regular expression

2022-02-22 18:19:06 - [TEST_STEP][PASSED] - verifyTextPresent(zipV, true): Text '22201' is present on page  using regular expression

2022-02-22 18:19:06 - [MESSAGE][PASSED] - Text '22201' is present on page  using regular expression

2022-02-22 18:19:06 - [TEST_STEP][PASSED] - verifyTextPresent(cardTypeV, true): Text 'Visa' is present on page  using regular expression

2022-02-22 18:19:07 - [MESSAGE][PASSED] - Text 'Visa' is present on page  using regular expression

2022-02-22 18:19:07 - [TEST_STEP][PASSED] - verifyTextPresent(last4V, true): Text '5439' is present on page  using regular expression

2022-02-22 18:19:07 - [MESSAGE][PASSED] - Text '5439' is present on page  using regular expression

2022-02-22 18:19:07 - [TEST_STEP][PASSED] - ExecuteTC = findTestData(dataFile).getValue("Execute", row): null

2022-02-22 18:19:07 - [TEST_STEP][PASSED] - out.println("Value of Execute is : " + ExecuteTC): null

2022-02-22 18:19:07 - [TEST_STEP][PASSED] - appName = findTestData(dataFile).getValue("AppName", row): null

2022-02-22 18:19:07 - [TEST_STEP][PASSED] - appID = findTestData(dataFile).getValue("AppID", row): null

2022-02-22 18:19:07 - [TEST_STEP][PASSED] - hrefAppID = li_1 + appID + li_2: null

2022-02-22 18:19:07 - [TEST_STEP][PASSED] - if (ExecuteTC.equalsIgnoreCase("Y")): Text '0035' is present on page  using regular expression

2022-02-22 18:19:07 - [TEST_STEP][PASSED] - out.println("Begin Record Number: " + row): null

2022-02-22 18:19:07 - [TEST_STEP][PASSED] - today = new java.util.Date(): null

2022-02-22 18:19:07 - [TEST_STEP][PASSED] - println(today): null

2022-02-22 18:19:07 - [TEST_STEP][PASSED] - datText = today: null

2022-02-22 18:19:07 - [TEST_STEP][PASSED] - adminSuiteBootstrap.loginFunctionality.login_AdminSuite(): adminSuiteBootstrap.loginFunctionality.login_AdminSuite is PASSED

2022-02-22 18:19:07 - [MESSAGE][WARNING] - A browser is already opened. Closing browser and opening a new one

2022-02-22 18:19:08 - [MESSAGE][INFO] - Starting 'Chrome' driver

2022-02-22 18:19:08 - [MESSAGE][INFO] - User set preference: ['acceptInsecureCerts', 'true']

2022-02-22 18:19:08 - [MESSAGE][INFO] - Action delay is set to 0 milliseconds

2022-02-22 18:19:11 - [MESSAGE][PASSED] - Browser is opened with url: 'https://qa.velocitypayment.com/admin/imtiaz'

2022-02-22 18:19:11 - [MESSAGE][PASSED] - Current window maximized

2022-02-22 18:19:12 - [MESSAGE][PASSED] - Object 'Object Repository/Login_Page/Login_Username' is present

2022-02-22 18:19:13 - [MESSAGE][PASSED] - Text 'iahmed' is set on object 'Object Repository/Login_Page/Login_Username'

2022-02-22 18:19:13 - [MESSAGE][PASSED] - Text 'hello2222' is set on object 'Object Repository/Login_Page/Login_Password'

2022-02-22 18:19:18 - [MESSAGE][PASSED] - Object: 'Object Repository/Login_Page/Login_Submit' is clicked on

2022-02-22 18:19:18 - [MESSAGE][PASSED] - adminSuiteBootstrap.loginFunctionality.login_AdminSuite is PASSED

2022-02-22 18:19:18 - [TEST_STEP][PASSED] - click(findTestObject(path_Dashboard + "span_Payment")): Object: 'Object Repository/AdminSuiteBootstrap_Pages/Dashboard_Bootstrap/span_Payment' is clicked on

2022-02-22 18:19:19 - [MESSAGE][PASSED] - Object: 'Object Repository/AdminSuiteBootstrap_Pages/Dashboard_Bootstrap/span_Payment' is clicked on

2022-02-22 18:19:19 - [TEST_STEP][PASSED] - click(findTestObject(path_Dashboard + appName)): Object: 'Object Repository/AdminSuiteBootstrap_Pages/Dashboard_Bootstrap/a_Access AutoNoCFtp' is clicked on

2022-02-22 18:19:20 - [MESSAGE][PASSED] - Object: 'Object Repository/AdminSuiteBootstrap_Pages/Dashboard_Bootstrap/a_Access AutoNoCFtp' is clicked on

2022-02-22 18:19:20 - [TEST_STEP][PASSED] - click(findTestObject(path_VT + "button_Authorization  Capture (Sale)")): Object: 'Object Repository/AdminSuiteBootstrap_Pages/VT_Bootstrap/IssueTransactions/button_Authorization  Capture (Sale)' is clicked on

2022-02-22 18:19:20 - [MESSAGE][PASSED] - Object: 'Object Repository/AdminSuiteBootstrap_Pages/VT_Bootstrap/IssueTransactions/button_Authorization  Capture (Sale)' is clicked on

2022-02-22 18:19:20 - [TEST_STEP][PASSED] - saleKeyboardEntryLink = modifyObjectProperty(findTestObject(path_VT + "a_KeyboardEntry_Sale"), "href", "equals", hrefAppID, true): Modify property of object successfully

2022-02-22 18:19:20 - [MESSAGE][PASSED] - Modify property of object successfully

2022-02-22 18:19:20 - [TEST_STEP][PASSED] - click(saleKeyboardEntryLink): Object: 'Object Repository/AdminSuiteBootstrap_Pages/VT_Bootstrap/IssueTransactions/a_KeyboardEntry_Sale' is clicked on

2022-02-22 18:19:22 - [MESSAGE][PASSED] - Object: 'Object Repository/AdminSuiteBootstrap_Pages/VT_Bootstrap/IssueTransactions/a_KeyboardEntry_Sale' is clicked on

2022-02-22 18:19:22 - [TEST_STEP][PASSED] - adminSuiteBootstrap.virtualTerminalSetData.saleKeyboard_DataDriven(row, dataFile): adminSuiteBootstrap.virtualTerminalSetData.saleKeyboard_DataDriven is PASSED

2022-02-22 18:19:23 - [MESSAGE][PASSED] - Text 'Janaki James' is set on object 'Object Repository/AdminSuiteBootstrap_Pages/VT_Bootstrap/SaleKeyboard/input_cardName'

2022-02-22 18:19:24 - [MESSAGE][PASSED] - All options with value 'MOTO' are selected in object 'Object Repository/AdminSuiteBootstrap_Pages/VT_Bootstrap/SaleKeyboard/select_transactionCategory'  using regular expression

2022-02-22 18:19:25 - [MESSAGE][PASSED] - Execute JavaScript 'arguments[0].value ='5146312200000035' ' successfully

2022-02-22 18:19:25 - [MESSAGE][PASSED] - Execute JavaScript 'arguments[0].value ='123' ' successfully

2022-02-22 18:19:26 - [MESSAGE][PASSED] - All options with value '12' are selected in object 'Object Repository/AdminSuiteBootstrap_Pages/VT_Bootstrap/SaleKeyboard/select_MM'  using regular expression

2022-02-22 18:19:27 - [MESSAGE][PASSED] - All options with value '2025' are selected in object 'Object Repository/AdminSuiteBootstrap_Pages/VT_Bootstrap/SaleKeyboard/select_YYYY'  using regular expression

2022-02-22 18:19:28 - [MESSAGE][PASSED] - Text '1478 Jhatka Palace' is set on object 'Object Repository/AdminSuiteBootstrap_Pages/VT_Bootstrap/SaleKeyboard/input__address'

2022-02-22 18:19:29 - [MESSAGE][PASSED] - Text 'Suite 500' is set on object 'Object Repository/AdminSuiteBootstrap_Pages/VT_Bootstrap/SaleKeyboard/input__address2'

2022-02-22 18:19:29 - [MESSAGE][PASSED] - Text '22201' is set on object 'Object Repository/AdminSuiteBootstrap_Pages/VT_Bootstrap/SaleKeyboard/input__zip'

2022-02-22 18:19:30 - [MESSAGE][PASSED] - Text '' is set on object 'Object Repository/AdminSuiteBootstrap_Pages/VT_Bootstrap/SaleKeyboard/input_emailAddress'

2022-02-22 18:19:32 - [MESSAGE][PASSED] - Text '' is set on object 'Object Repository/AdminSuiteBootstrap_Pages/VT_Bootstrap/SaleKeyboard/input_smsNumber'

2022-02-22 18:19:32 - [MESSAGE][PASSED] - Text '10.50' is set on object 'Object Repository/AdminSuiteBootstrap_Pages/VT_Bootstrap/SaleKeyboard/input_amount'

2022-02-22 18:19:33 - [MESSAGE][PASSED] - Text 'Australia' is set on object 'Object Repository/AdminSuiteBootstrap_Pages/VT_Bootstrap/SaleKeyboard/input_userDefined1'

2022-02-22 18:19:34 - [MESSAGE][PASSED] - Text 'Denmark' is set on object 'Object Repository/AdminSuiteBootstrap_Pages/VT_Bootstrap/SaleKeyboard/input_userDefined2'

2022-02-22 18:19:34 - [MESSAGE][PASSED] - Text 'Sweden' is set on object 'Object Repository/AdminSuiteBootstrap_Pages/VT_Bootstrap/SaleKeyboard/input_userDefined3'

2022-02-22 18:19:35 - [MESSAGE][PASSED] - Text 'Austria' is set on object 'Object Repository/AdminSuiteBootstrap_Pages/VT_Bootstrap/SaleKeyboard/input_userDefined4'

2022-02-22 18:19:36 - [MESSAGE][PASSED] - All options with label 'Orange' are selected in object 'Object Repository/AdminSuiteBootstrap_Pages/VT_Bootstrap/SaleKeyboard/select_UDF5_DropDown'  using regular expression

2022-02-22 18:19:37 - [MESSAGE][PASSED] - All options with label 'Yellow' are selected in object 'Object Repository/AdminSuiteBootstrap_Pages/VT_Bootstrap/SaleKeyboard/select_UDF6_DropDown'  using regular expression

2022-02-22 18:19:38 - [MESSAGE][PASSED] - Text 'Norway' is set on object 'Object Repository/AdminSuiteBootstrap_Pages/VT_Bootstrap/SaleKeyboard/input_userDefined7'

2022-02-22 18:19:38 - [MESSAGE][PASSED] - Text 'Netherlands' is set on object 'Object Repository/AdminSuiteBootstrap_Pages/VT_Bootstrap/SaleKeyboard/input_userDefined8'

2022-02-22 18:19:39 - [MESSAGE][PASSED] - Text 'Switzerland' is set on object 'Object Repository/AdminSuiteBootstrap_Pages/VT_Bootstrap/SaleKeyboard/input_userDefined9'

2022-02-22 18:19:40 - [MESSAGE][PASSED] - Text 'France' is set on object 'Object Repository/AdminSuiteBootstrap_Pages/VT_Bootstrap/SaleKeyboard/input_userDefined10'

2022-02-22 18:19:42 - [MESSAGE][PASSED] - Object: 'Object Repository/AdminSuiteBootstrap_Pages/VT_Bootstrap/SaleKeyboard/button_Submit' is clicked on

2022-02-22 18:19:42 - [MESSAGE][PASSED] - adminSuiteBootstrap.virtualTerminalSetData.saleKeyboard_DataDriven is PASSED

2022-02-22 18:19:42 - [TEST_STEP][PASSED] - verifyTextPresent("Transaction Successful", true): Text 'Transaction Successful' is present on page  using regular expression

2022-02-22 18:19:42 - [MESSAGE][PASSED] - Text 'Transaction Successful' is present on page  using regular expression

2022-02-22 18:19:42 - [TEST_STEP][PASSED] - verifyElementVisible(findTestObject("Object Repository/AdminSuiteBootstrap_Pages/VT_Bootstrap/Receipt/button_Continue")): Object 'Object Repository/AdminSuiteBootstrap_Pages/VT_Bootstrap/Receipt/button_Continue' is visible

2022-02-22 18:19:43 - [MESSAGE][PASSED] - Object 'Object Repository/AdminSuiteBootstrap_Pages/VT_Bootstrap/Receipt/button_Continue' is visible

2022-02-22 18:19:43 - [TEST_STEP][PASSED] - verifyElementPresent(findTestObject("Object Repository/AdminSuiteBootstrap_Pages/VT_Bootstrap/Receipt/button_Continue"), 20): Object 'Object Repository/AdminSuiteBootstrap_Pages/VT_Bootstrap/Receipt/button_Continue' is present

2022-02-22 18:19:43 - [MESSAGE][PASSED] - Object 'Object Repository/AdminSuiteBootstrap_Pages/VT_Bootstrap/Receipt/button_Continue' is present

2022-02-22 18:19:43 - [TEST_STEP][PASSED] - verifyElementVisible(findTestObject("Object Repository/AdminSuiteBootstrap_Pages/VT_Bootstrap/Receipt/button_Print")): Object 'Object Repository/AdminSuiteBootstrap_Pages/VT_Bootstrap/Receipt/button_Print' is visible

2022-02-22 18:19:43 - [MESSAGE][PASSED] - Object 'Object Repository/AdminSuiteBootstrap_Pages/VT_Bootstrap/Receipt/button_Print' is visible

2022-02-22 18:19:43 - [TEST_STEP][PASSED] - verifyElementPresent(findTestObject("Object Repository/AdminSuiteBootstrap_Pages/VT_Bootstrap/Receipt/button_Print"), 20): Object 'Object Repository/AdminSuiteBootstrap_Pages/VT_Bootstrap/Receipt/button_Print' is present

2022-02-22 18:19:44 - [MESSAGE][PASSED] - Object 'Object Repository/AdminSuiteBootstrap_Pages/VT_Bootstrap/Receipt/button_Print' is present

2022-02-22 18:19:44 - [TEST_STEP][PASSED] - verifyTextPresent("Remittance ID", true): Text 'Remittance ID' is present on page  using regular expression

2022-02-22 18:19:44 - [MESSAGE][PASSED] - Text 'Remittance ID' is present on page  using regular expression

2022-02-22 18:19:44 - [TEST_STEP][PASSED] - verifyTextPresent("Received", true): Text 'Received' is present on page  using regular expression

2022-02-22 18:19:44 - [MESSAGE][PASSED] - Text 'Received' is present on page  using regular expression

2022-02-22 18:19:44 - [TEST_STEP][PASSED] - verifyTextPresent("UDF1", true): Text 'UDF1' is present on page  using regular expression

2022-02-22 18:19:45 - [MESSAGE][PASSED] - Text 'UDF1' is present on page  using regular expression

2022-02-22 18:19:45 - [TEST_STEP][PASSED] - verifyTextPresent("UDF2", true): Text 'UDF2' is present on page  using regular expression

2022-02-22 18:19:45 - [MESSAGE][PASSED] - Text 'UDF2' is present on page  using regular expression

2022-02-22 18:19:45 - [TEST_STEP][PASSED] - verifyTextPresent("UDF3", true): Text 'UDF3' is present on page  using regular expression

2022-02-22 18:19:45 - [MESSAGE][PASSED] - Text 'UDF3' is present on page  using regular expression

2022-02-22 18:19:45 - [TEST_STEP][PASSED] - verifyTextPresent("UDF4", true): Text 'UDF4' is present on page  using regular expression

2022-02-22 18:19:46 - [MESSAGE][PASSED] - Text 'UDF4' is present on page  using regular expression

2022-02-22 18:19:46 - [TEST_STEP][PASSED] - verifyTextPresent("UDF5", true): Text 'UDF5' is present on page  using regular expression

2022-02-22 18:19:46 - [MESSAGE][PASSED] - Text 'UDF5' is present on page  using regular expression

2022-02-22 18:19:46 - [TEST_STEP][PASSED] - verifyTextPresent("UDF6", true): Text 'UDF6' is present on page  using regular expression

2022-02-22 18:19:46 - [MESSAGE][PASSED] - Text 'UDF6' is present on page  using regular expression

2022-02-22 18:19:46 - [TEST_STEP][PASSED] - verifyTextPresent("UDF7", true): Text 'UDF7' is present on page  using regular expression

2022-02-22 18:19:47 - [MESSAGE][PASSED] - Text 'UDF7' is present on page  using regular expression

2022-02-22 18:19:47 - [TEST_STEP][PASSED] - verifyTextPresent("UDF8", true): Text 'UDF8' is present on page  using regular expression

2022-02-22 18:19:47 - [MESSAGE][PASSED] - Text 'UDF8' is present on page  using regular expression

2022-02-22 18:19:47 - [TEST_STEP][PASSED] - verifyTextPresent("UDF9", true): Text 'UDF9' is present on page  using regular expression

2022-02-22 18:19:47 - [MESSAGE][PASSED] - Text 'UDF9' is present on page  using regular expression

2022-02-22 18:19:47 - [TEST_STEP][PASSED] - verifyTextPresent("UDF 10", true): Text 'UDF 10' is present on page  using regular expression

2022-02-22 18:19:48 - [MESSAGE][PASSED] - Text 'UDF 10' is present on page  using regular expression

2022-02-22 18:19:48 - [TEST_STEP][PASSED] - verifyTextPresent("Australia", true): Text 'Australia' is present on page  using regular expression

2022-02-22 18:19:48 - [MESSAGE][PASSED] - Text 'Australia' is present on page  using regular expression

2022-02-22 18:19:48 - [TEST_STEP][PASSED] - verifyTextPresent("Denmark", true): Text 'Denmark' is present on page  using regular expression

2022-02-22 18:19:48 - [MESSAGE][PASSED] - Text 'Denmark' is present on page  using regular expression

2022-02-22 18:19:48 - [TEST_STEP][PASSED] - verifyTextPresent("Sweden", true): Text 'Sweden' is present on page  using regular expression

2022-02-22 18:19:49 - [MESSAGE][PASSED] - Text 'Sweden' is present on page  using regular expression

2022-02-22 18:19:49 - [TEST_STEP][PASSED] - verifyTextPresent("Austria", true): Text 'Austria' is present on page  using regular expression

2022-02-22 18:19:49 - [MESSAGE][PASSED] - Text 'Austria' is present on page  using regular expression

2022-02-22 18:19:49 - [TEST_STEP][PASSED] - verifyTextPresent("Orange Recorded", true): Text 'Orange Recorded' is present on page  using regular expression

2022-02-22 18:19:49 - [MESSAGE][PASSED] - Text 'Orange Recorded' is present on page  using regular expression

2022-02-22 18:19:49 - [TEST_STEP][PASSED] - verifyTextPresent("Yellow Recorded", true): Text 'Yellow Recorded' is present on page  using regular expression

2022-02-22 18:19:50 - [MESSAGE][PASSED] - Text 'Yellow Recorded' is present on page  using regular expression

2022-02-22 18:19:50 - [TEST_STEP][PASSED] - verifyTextPresent("Norway", true): Text 'Norway' is present on page  using regular expression

2022-02-22 18:19:50 - [MESSAGE][PASSED] - Text 'Norway' is present on page  using regular expression

2022-02-22 18:19:50 - [TEST_STEP][PASSED] - verifyTextPresent("Netherlands", true): Text 'Netherlands' is present on page  using regular expression

2022-02-22 18:19:50 - [MESSAGE][PASSED] - Text 'Netherlands' is present on page  using regular expression

2022-02-22 18:19:50 - [TEST_STEP][PASSED] - verifyTextPresent("Switzerland", true): Text 'Switzerland' is present on page  using regular expression

2022-02-22 18:19:51 - [MESSAGE][PASSED] - Text 'Switzerland' is present on page  using regular expression

2022-02-22 18:19:51 - [TEST_STEP][PASSED] - verifyTextPresent("France", true): Text 'France' is present on page  using regular expression

2022-02-22 18:19:51 - [MESSAGE][PASSED] - Text 'France' is present on page  using regular expression

2022-02-22 18:19:51 - [TEST_STEP][PASSED] - verifyTextPresent("Amount", true): Text 'Amount' is present on page  using regular expression

2022-02-22 18:19:51 - [MESSAGE][PASSED] - Text 'Amount' is present on page  using regular expression

2022-02-22 18:19:51 - [TEST_STEP][PASSED] - verifyTextPresent("Total Amount", true): Text 'Total Amount' is present on page  using regular expression

2022-02-22 18:19:52 - [MESSAGE][PASSED] - Text 'Total Amount' is present on page  using regular expression

2022-02-22 18:19:52 - [TEST_STEP][PASSED] - verifyTextPresent("Transaction Type", true): Text 'Transaction Type' is present on page  using regular expression

2022-02-22 18:19:52 - [MESSAGE][PASSED] - Text 'Transaction Type' is present on page  using regular expression

2022-02-22 18:19:52 - [TEST_STEP][PASSED] - verifyTextPresent("10.50", true): Text '10.50' is present on page  using regular expression

2022-02-22 18:19:52 - [MESSAGE][PASSED] - Text '10.50' is present on page  using regular expression

2022-02-22 18:19:52 - [TEST_STEP][PASSED] - verifyTextPresent("Authorization and Capture", true): Text 'Authorization and Capture' is present on page  using regular expression

2022-02-22 18:19:53 - [MESSAGE][PASSED] - Text 'Authorization and Capture' is present on page  using regular expression

2022-02-22 18:19:53 - [TEST_STEP][PASSED] - verifyTextPresent("Card Information", true): Text 'Card Information' is present on page  using regular expression

2022-02-22 18:19:53 - [MESSAGE][PASSED] - Text 'Card Information' is present on page  using regular expression

2022-02-22 18:19:53 - [TEST_STEP][PASSED] - cardNameV = findTestData(dataFile).getValue("CardNameV", row): null

2022-02-22 18:19:53 - [TEST_STEP][PASSED] - al1V = findTestData(dataFile).getValue("AL1", row): null

2022-02-22 18:19:53 - [TEST_STEP][PASSED] - al2V = findTestData(dataFile).getValue("AL2", row): null

2022-02-22 18:19:53 - [TEST_STEP][PASSED] - zipV = findTestData(dataFile).getValue("ZIP", row): null

2022-02-22 18:19:53 - [TEST_STEP][PASSED] - cardTypeV = findTestData(dataFile).getValue("CardType", row): null

2022-02-22 18:19:53 - [TEST_STEP][PASSED] - last4V = findTestData(dataFile).getValue("Last4", row): null

2022-02-22 18:19:53 - [TEST_STEP][PASSED] - verifyTextPresent(cardNameV, true): Text 'JANAKI JAMES' is present on page  using regular expression

2022-02-22 18:19:53 - [MESSAGE][PASSED] - Text 'JANAKI JAMES' is present on page  using regular expression

2022-02-22 18:19:53 - [TEST_STEP][PASSED] - verifyTextPresent("Address Line 1", true): Text 'Address Line 1' is present on page  using regular expression

2022-02-22 18:19:54 - [MESSAGE][PASSED] - Text 'Address Line 1' is present on page  using regular expression

2022-02-22 18:19:54 - [TEST_STEP][PASSED] - verifyTextPresent("Address Line 2", true): Text 'Address Line 2' is present on page  using regular expression

2022-02-22 18:19:54 - [MESSAGE][PASSED] - Text 'Address Line 2' is present on page  using regular expression

2022-02-22 18:19:54 - [TEST_STEP][PASSED] - verifyTextPresent("Country", true): Text 'Country' is present on page  using regular expression

2022-02-22 18:19:54 - [MESSAGE][PASSED] - Text 'Country' is present on page  using regular expression

2022-02-22 18:19:54 - [TEST_STEP][PASSED] - verifyTextPresent("City", true): Text 'City' is present on page  using regular expression

2022-02-22 18:19:55 - [MESSAGE][PASSED] - Text 'City' is present on page  using regular expression

2022-02-22 18:19:55 - [TEST_STEP][PASSED] - verifyTextPresent("State", true): Text 'State' is present on page  using regular expression

2022-02-22 18:19:55 - [MESSAGE][PASSED] - Text 'State' is present on page  using regular expression

2022-02-22 18:19:55 - [TEST_STEP][PASSED] - verifyTextPresent("ZIP Code", true): Text 'ZIP Code' is present on page  using regular expression

2022-02-22 18:19:55 - [MESSAGE][PASSED] - Text 'ZIP Code' is present on page  using regular expression

2022-02-22 18:19:55 - [TEST_STEP][PASSED] - verifyTextPresent(al1V, true): Text '1478 Jhatka Palace' is present on page  using regular expression

2022-02-22 18:19:56 - [MESSAGE][PASSED] - Text '1478 Jhatka Palace' is present on page  using regular expression

2022-02-22 18:19:56 - [TEST_STEP][PASSED] - verifyTextPresent(al2V, true): Text 'Suite 500' is present on page  using regular expression

2022-02-22 18:19:56 - [MESSAGE][PASSED] - Text 'Suite 500' is present on page  using regular expression

2022-02-22 18:19:56 - [TEST_STEP][PASSED] - verifyTextPresent("United States", true): Text 'United States' is present on page  using regular expression

2022-02-22 18:19:56 - [MESSAGE][PASSED] - Text 'United States' is present on page  using regular expression

2022-02-22 18:19:56 - [TEST_STEP][PASSED] - verifyTextPresent("ARLINGTON", true): Text 'ARLINGTON' is present on page  using regular expression

2022-02-22 18:19:57 - [MESSAGE][PASSED] - Text 'ARLINGTON' is present on page  using regular expression

2022-02-22 18:19:57 - [TEST_STEP][PASSED] - verifyTextPresent("Virginia", true): Text 'Virginia' is present on page  using regular expression

2022-02-22 18:19:57 - [MESSAGE][PASSED] - Text 'Virginia' is present on page  using regular expression

2022-02-22 18:19:57 - [TEST_STEP][PASSED] - verifyTextPresent(zipV, true): Text '22201' is present on page  using regular expression

2022-02-22 18:19:57 - [MESSAGE][PASSED] - Text '22201' is present on page  using regular expression

2022-02-22 18:19:57 - [TEST_STEP][PASSED] - verifyTextPresent(cardTypeV, true): Text 'MasterCard' is present on page  using regular expression

2022-02-22 18:19:58 - [MESSAGE][PASSED] - Text 'MasterCard' is present on page  using regular expression

2022-02-22 18:19:58 - [TEST_STEP][PASSED] - verifyTextPresent(last4V, true): Text '0035' is present on page  using regular expression

2022-02-22 18:19:58 - [MESSAGE][PASSED] - Text '0035' is present on page  using regular expression

2022-02-22 18:19:58 - [TEST_STEP][PASSED] - ExecuteTC = findTestData(dataFile).getValue("Execute", row): null

2022-02-22 18:19:58 - [TEST_STEP][PASSED] - out.println("Value of Execute is : " + ExecuteTC): null

2022-02-22 18:19:58 - [TEST_STEP][PASSED] - appName = findTestData(dataFile).getValue("AppName", row): null

2022-02-22 18:19:58 - [TEST_STEP][PASSED] - appID = findTestData(dataFile).getValue("AppID", row): null

2022-02-22 18:19:58 - [TEST_STEP][PASSED] - hrefAppID = li_1 + appID + li_2: null

2022-02-22 18:19:58 - [TEST_STEP][PASSED] - if (ExecuteTC.equalsIgnoreCase("Y")): Text '2376' is present on page  using regular expression

2022-02-22 18:19:58 - [TEST_STEP][PASSED] - out.println("Begin Record Number: " + row): null

2022-02-22 18:19:58 - [TEST_STEP][PASSED] - today = new java.util.Date(): null

2022-02-22 18:19:58 - [TEST_STEP][PASSED] - println(today): null

2022-02-22 18:19:58 - [TEST_STEP][PASSED] - datText = today: null

2022-02-22 18:19:58 - [TEST_STEP][PASSED] - adminSuiteBootstrap.loginFunctionality.login_AdminSuite(): adminSuiteBootstrap.loginFunctionality.login_AdminSuite is PASSED

2022-02-22 18:19:58 - [MESSAGE][WARNING] - A browser is already opened. Closing browser and opening a new one

2022-02-22 18:19:59 - [MESSAGE][INFO] - Starting 'Chrome' driver

2022-02-22 18:19:59 - [MESSAGE][INFO] - User set preference: ['acceptInsecureCerts', 'true']

2022-02-22 18:19:59 - [MESSAGE][INFO] - Action delay is set to 0 milliseconds

2022-02-22 18:20:02 - [MESSAGE][PASSED] - Browser is opened with url: 'https://qa.velocitypayment.com/admin/imtiaz'

2022-02-22 18:20:02 - [MESSAGE][PASSED] - Current window maximized

2022-02-22 18:20:03 - [MESSAGE][PASSED] - Object 'Object Repository/Login_Page/Login_Username' is present

2022-02-22 18:20:03 - [MESSAGE][PASSED] - Text 'iahmed' is set on object 'Object Repository/Login_Page/Login_Username'

2022-02-22 18:20:04 - [MESSAGE][PASSED] - Text 'hello2222' is set on object 'Object Repository/Login_Page/Login_Password'

2022-02-22 18:20:09 - [MESSAGE][PASSED] - Object: 'Object Repository/Login_Page/Login_Submit' is clicked on

2022-02-22 18:20:09 - [MESSAGE][PASSED] - adminSuiteBootstrap.loginFunctionality.login_AdminSuite is PASSED

2022-02-22 18:20:09 - [TEST_STEP][PASSED] - click(findTestObject(path_Dashboard + "span_Payment")): Object: 'Object Repository/AdminSuiteBootstrap_Pages/Dashboard_Bootstrap/span_Payment' is clicked on

2022-02-22 18:20:10 - [MESSAGE][PASSED] - Object: 'Object Repository/AdminSuiteBootstrap_Pages/Dashboard_Bootstrap/span_Payment' is clicked on

2022-02-22 18:20:10 - [TEST_STEP][PASSED] - click(findTestObject(path_Dashboard + appName)): Object: 'Object Repository/AdminSuiteBootstrap_Pages/Dashboard_Bootstrap/a_Access AutoNoCFtp' is clicked on

2022-02-22 18:20:11 - [MESSAGE][PASSED] - Object: 'Object Repository/AdminSuiteBootstrap_Pages/Dashboard_Bootstrap/a_Access AutoNoCFtp' is clicked on

2022-02-22 18:20:11 - [TEST_STEP][PASSED] - click(findTestObject(path_VT + "button_Authorization  Capture (Sale)")): Object: 'Object Repository/AdminSuiteBootstrap_Pages/VT_Bootstrap/IssueTransactions/button_Authorization  Capture (Sale)' is clicked on

2022-02-22 18:20:11 - [MESSAGE][PASSED] - Object: 'Object Repository/AdminSuiteBootstrap_Pages/VT_Bootstrap/IssueTransactions/button_Authorization  Capture (Sale)' is clicked on

2022-02-22 18:20:11 - [TEST_STEP][PASSED] - saleKeyboardEntryLink = modifyObjectProperty(findTestObject(path_VT + "a_KeyboardEntry_Sale"), "href", "equals", hrefAppID, true): Modify property of object successfully

2022-02-22 18:20:11 - [MESSAGE][PASSED] - Modify property of object successfully

2022-02-22 18:20:11 - [TEST_STEP][PASSED] - click(saleKeyboardEntryLink): Object: 'Object Repository/AdminSuiteBootstrap_Pages/VT_Bootstrap/IssueTransactions/a_KeyboardEntry_Sale' is clicked on

2022-02-22 18:20:13 - [MESSAGE][PASSED] - Object: 'Object Repository/AdminSuiteBootstrap_Pages/VT_Bootstrap/IssueTransactions/a_KeyboardEntry_Sale' is clicked on

2022-02-22 18:20:13 - [TEST_STEP][PASSED] - adminSuiteBootstrap.virtualTerminalSetData.saleKeyboard_DataDriven(row, dataFile): adminSuiteBootstrap.virtualTerminalSetData.saleKeyboard_DataDriven is PASSED

2022-02-22 18:20:14 - [MESSAGE][PASSED] - Text 'Janaki James' is set on object 'Object Repository/AdminSuiteBootstrap_Pages/VT_Bootstrap/SaleKeyboard/input_cardName'

2022-02-22 18:20:15 - [MESSAGE][PASSED] - All options with value 'MOTO' are selected in object 'Object Repository/AdminSuiteBootstrap_Pages/VT_Bootstrap/SaleKeyboard/select_transactionCategory'  using regular expression

2022-02-22 18:20:15 - [MESSAGE][PASSED] - Execute JavaScript 'arguments[0].value ='371449635392376' ' successfully

2022-02-22 18:20:16 - [MESSAGE][PASSED] - Execute JavaScript 'arguments[0].value ='123' ' successfully

2022-02-22 18:20:17 - [MESSAGE][PASSED] - All options with value '12' are selected in object 'Object Repository/AdminSuiteBootstrap_Pages/VT_Bootstrap/SaleKeyboard/select_MM'  using regular expression

2022-02-22 18:20:18 - [MESSAGE][PASSED] - All options with value '2025' are selected in object 'Object Repository/AdminSuiteBootstrap_Pages/VT_Bootstrap/SaleKeyboard/select_YYYY'  using regular expression

2022-02-22 18:20:19 - [MESSAGE][PASSED] - Text '550 Swan Lake' is set on object 'Object Repository/AdminSuiteBootstrap_Pages/VT_Bootstrap/SaleKeyboard/input__address'

2022-02-22 18:20:19 - [MESSAGE][PASSED] - Text 'Suite 500' is set on object 'Object Repository/AdminSuiteBootstrap_Pages/VT_Bootstrap/SaleKeyboard/input__address2'

2022-02-22 18:20:20 - [MESSAGE][PASSED] - Text '22201' is set on object 'Object Repository/AdminSuiteBootstrap_Pages/VT_Bootstrap/SaleKeyboard/input__zip'

2022-02-22 18:20:21 - [MESSAGE][PASSED] - Text '' is set on object 'Object Repository/AdminSuiteBootstrap_Pages/VT_Bootstrap/SaleKeyboard/input_emailAddress'

2022-02-22 18:20:23 - [MESSAGE][PASSED] - Text '' is set on object 'Object Repository/AdminSuiteBootstrap_Pages/VT_Bootstrap/SaleKeyboard/input_smsNumber'

2022-02-22 18:20:23 - [MESSAGE][PASSED] - Text '10.50' is set on object 'Object Repository/AdminSuiteBootstrap_Pages/VT_Bootstrap/SaleKeyboard/input_amount'

2022-02-22 18:20:24 - [MESSAGE][PASSED] - Text 'Australia' is set on object 'Object Repository/AdminSuiteBootstrap_Pages/VT_Bootstrap/SaleKeyboard/input_userDefined1'

2022-02-22 18:20:24 - [MESSAGE][PASSED] - Text 'Denmark' is set on object 'Object Repository/AdminSuiteBootstrap_Pages/VT_Bootstrap/SaleKeyboard/input_userDefined2'

2022-02-22 18:20:25 - [MESSAGE][PASSED] - Text 'Sweden' is set on object 'Object Repository/AdminSuiteBootstrap_Pages/VT_Bootstrap/SaleKeyboard/input_userDefined3'

2022-02-22 18:20:26 - [MESSAGE][PASSED] - Text 'Austria' is set on object 'Object Repository/AdminSuiteBootstrap_Pages/VT_Bootstrap/SaleKeyboard/input_userDefined4'

2022-02-22 18:20:27 - [MESSAGE][PASSED] - All options with label 'Orange' are selected in object 'Object Repository/AdminSuiteBootstrap_Pages/VT_Bootstrap/SaleKeyboard/select_UDF5_DropDown'  using regular expression

2022-02-22 18:20:28 - [MESSAGE][PASSED] - All options with label 'Yellow' are selected in object 'Object Repository/AdminSuiteBootstrap_Pages/VT_Bootstrap/SaleKeyboard/select_UDF6_DropDown'  using regular expression

2022-02-22 18:20:28 - [MESSAGE][PASSED] - Text 'Norway' is set on object 'Object Repository/AdminSuiteBootstrap_Pages/VT_Bootstrap/SaleKeyboard/input_userDefined7'

2022-02-22 18:20:29 - [MESSAGE][PASSED] - Text 'Netherlands' is set on object 'Object Repository/AdminSuiteBootstrap_Pages/VT_Bootstrap/SaleKeyboard/input_userDefined8'

2022-02-22 18:20:30 - [MESSAGE][PASSED] - Text 'Switzerland' is set on object 'Object Repository/AdminSuiteBootstrap_Pages/VT_Bootstrap/SaleKeyboard/input_userDefined9'

2022-02-22 18:20:30 - [MESSAGE][PASSED] - Text 'France' is set on object 'Object Repository/AdminSuiteBootstrap_Pages/VT_Bootstrap/SaleKeyboard/input_userDefined10'

2022-02-22 18:20:32 - [MESSAGE][PASSED] - Object: 'Object Repository/AdminSuiteBootstrap_Pages/VT_Bootstrap/SaleKeyboard/button_Submit' is clicked on

2022-02-22 18:20:32 - [MESSAGE][PASSED] - adminSuiteBootstrap.virtualTerminalSetData.saleKeyboard_DataDriven is PASSED

2022-02-22 18:20:32 - [TEST_STEP][PASSED] - verifyTextPresent("Transaction Successful", true): Text 'Transaction Successful' is present on page  using regular expression

2022-02-22 18:20:33 - [MESSAGE][PASSED] - Text 'Transaction Successful' is present on page  using regular expression

2022-02-22 18:20:33 - [TEST_STEP][PASSED] - verifyElementVisible(findTestObject("Object Repository/AdminSuiteBootstrap_Pages/VT_Bootstrap/Receipt/button_Continue")): Object 'Object Repository/AdminSuiteBootstrap_Pages/VT_Bootstrap/Receipt/button_Continue' is visible

2022-02-22 18:20:33 - [MESSAGE][PASSED] - Object 'Object Repository/AdminSuiteBootstrap_Pages/VT_Bootstrap/Receipt/button_Continue' is visible

2022-02-22 18:20:33 - [TEST_STEP][PASSED] - verifyElementPresent(findTestObject("Object Repository/AdminSuiteBootstrap_Pages/VT_Bootstrap/Receipt/button_Continue"), 20): Object 'Object Repository/AdminSuiteBootstrap_Pages/VT_Bootstrap/Receipt/button_Continue' is present

2022-02-22 18:20:34 - [MESSAGE][PASSED] - Object 'Object Repository/AdminSuiteBootstrap_Pages/VT_Bootstrap/Receipt/button_Continue' is present

2022-02-22 18:20:34 - [TEST_STEP][PASSED] - verifyElementVisible(findTestObject("Object Repository/AdminSuiteBootstrap_Pages/VT_Bootstrap/Receipt/button_Print")): Object 'Object Repository/AdminSuiteBootstrap_Pages/VT_Bootstrap/Receipt/button_Print' is visible

2022-02-22 18:20:34 - [MESSAGE][PASSED] - Object 'Object Repository/AdminSuiteBootstrap_Pages/VT_Bootstrap/Receipt/button_Print' is visible

2022-02-22 18:20:34 - [TEST_STEP][PASSED] - verifyElementPresent(findTestObject("Object Repository/AdminSuiteBootstrap_Pages/VT_Bootstrap/Receipt/button_Print"), 20): Object 'Object Repository/AdminSuiteBootstrap_Pages/VT_Bootstrap/Receipt/button_Print' is present

2022-02-22 18:20:34 - [MESSAGE][PASSED] - Object 'Object Repository/AdminSuiteBootstrap_Pages/VT_Bootstrap/Receipt/button_Print' is present

2022-02-22 18:20:34 - [TEST_STEP][PASSED] - verifyTextPresent("Remittance ID", true): Text 'Remittance ID' is present on page  using regular expression

2022-02-22 18:20:35 - [MESSAGE][PASSED] - Text 'Remittance ID' is present on page  using regular expression

2022-02-22 18:20:35 - [TEST_STEP][PASSED] - verifyTextPresent("Received", true): Text 'Received' is present on page  using regular expression

2022-02-22 18:20:35 - [MESSAGE][PASSED] - Text 'Received' is present on page  using regular expression

2022-02-22 18:20:35 - [TEST_STEP][PASSED] - verifyTextPresent("UDF1", true): Text 'UDF1' is present on page  using regular expression

2022-02-22 18:20:35 - [MESSAGE][PASSED] - Text 'UDF1' is present on page  using regular expression

2022-02-22 18:20:35 - [TEST_STEP][PASSED] - verifyTextPresent("UDF2", true): Text 'UDF2' is present on page  using regular expression

2022-02-22 18:20:36 - [MESSAGE][PASSED] - Text 'UDF2' is present on page  using regular expression

2022-02-22 18:20:36 - [TEST_STEP][PASSED] - verifyTextPresent("UDF3", true): Text 'UDF3' is present on page  using regular expression

2022-02-22 18:20:36 - [MESSAGE][PASSED] - Text 'UDF3' is present on page  using regular expression

2022-02-22 18:20:36 - [TEST_STEP][PASSED] - verifyTextPresent("UDF4", true): Text 'UDF4' is present on page  using regular expression

2022-02-22 18:20:36 - [MESSAGE][PASSED] - Text 'UDF4' is present on page  using regular expression

2022-02-22 18:20:36 - [TEST_STEP][PASSED] - verifyTextPresent("UDF5", true): Text 'UDF5' is present on page  using regular expression

2022-02-22 18:20:37 - [MESSAGE][PASSED] - Text 'UDF5' is present on page  using regular expression

2022-02-22 18:20:37 - [TEST_STEP][PASSED] - verifyTextPresent("UDF6", true): Text 'UDF6' is present on page  using regular expression

2022-02-22 18:20:37 - [MESSAGE][PASSED] - Text 'UDF6' is present on page  using regular expression

2022-02-22 18:20:37 - [TEST_STEP][PASSED] - verifyTextPresent("UDF7", true): Text 'UDF7' is present on page  using regular expression

2022-02-22 18:20:37 - [MESSAGE][PASSED] - Text 'UDF7' is present on page  using regular expression

2022-02-22 18:20:37 - [TEST_STEP][PASSED] - verifyTextPresent("UDF8", true): Text 'UDF8' is present on page  using regular expression

2022-02-22 18:20:38 - [MESSAGE][PASSED] - Text 'UDF8' is present on page  using regular expression

2022-02-22 18:20:38 - [TEST_STEP][PASSED] - verifyTextPresent("UDF9", true): Text 'UDF9' is present on page  using regular expression

2022-02-22 18:20:38 - [MESSAGE][PASSED] - Text 'UDF9' is present on page  using regular expression

2022-02-22 18:20:38 - [TEST_STEP][PASSED] - verifyTextPresent("UDF 10", true): Text 'UDF 10' is present on page  using regular expression

2022-02-22 18:20:38 - [MESSAGE][PASSED] - Text 'UDF 10' is present on page  using regular expression

2022-02-22 18:20:38 - [TEST_STEP][PASSED] - verifyTextPresent("Australia", true): Text 'Australia' is present on page  using regular expression

2022-02-22 18:20:39 - [MESSAGE][PASSED] - Text 'Australia' is present on page  using regular expression

2022-02-22 18:20:39 - [TEST_STEP][PASSED] - verifyTextPresent("Denmark", true): Text 'Denmark' is present on page  using regular expression

2022-02-22 18:20:39 - [MESSAGE][PASSED] - Text 'Denmark' is present on page  using regular expression

2022-02-22 18:20:39 - [TEST_STEP][PASSED] - verifyTextPresent("Sweden", true): Text 'Sweden' is present on page  using regular expression

2022-02-22 18:20:39 - [MESSAGE][PASSED] - Text 'Sweden' is present on page  using regular expression

2022-02-22 18:20:39 - [TEST_STEP][PASSED] - verifyTextPresent("Austria", true): Text 'Austria' is present on page  using regular expression

2022-02-22 18:20:40 - [MESSAGE][PASSED] - Text 'Austria' is present on page  using regular expression

2022-02-22 18:20:40 - [TEST_STEP][PASSED] - verifyTextPresent("Orange Recorded", true): Text 'Orange Recorded' is present on page  using regular expression

2022-02-22 18:20:40 - [MESSAGE][PASSED] - Text 'Orange Recorded' is present on page  using regular expression

2022-02-22 18:20:40 - [TEST_STEP][PASSED] - verifyTextPresent("Yellow Recorded", true): Text 'Yellow Recorded' is present on page  using regular expression

2022-02-22 18:20:40 - [MESSAGE][PASSED] - Text 'Yellow Recorded' is present on page  using regular expression

2022-02-22 18:20:40 - [TEST_STEP][PASSED] - verifyTextPresent("Norway", true): Text 'Norway' is present on page  using regular expression

2022-02-22 18:20:41 - [MESSAGE][PASSED] - Text 'Norway' is present on page  using regular expression

2022-02-22 18:20:41 - [TEST_STEP][PASSED] - verifyTextPresent("Netherlands", true): Text 'Netherlands' is present on page  using regular expression

2022-02-22 18:20:41 - [MESSAGE][PASSED] - Text 'Netherlands' is present on page  using regular expression

2022-02-22 18:20:41 - [TEST_STEP][PASSED] - verifyTextPresent("Switzerland", true): Text 'Switzerland' is present on page  using regular expression

2022-02-22 18:20:41 - [MESSAGE][PASSED] - Text 'Switzerland' is present on page  using regular expression

2022-02-22 18:20:41 - [TEST_STEP][PASSED] - verifyTextPresent("France", true): Text 'France' is present on page  using regular expression

2022-02-22 18:20:41 - [MESSAGE][PASSED] - Text 'France' is present on page  using regular expression

2022-02-22 18:20:41 - [TEST_STEP][PASSED] - verifyTextPresent("Amount", true): Text 'Amount' is present on page  using regular expression

2022-02-22 18:20:42 - [MESSAGE][PASSED] - Text 'Amount' is present on page  using regular expression

2022-02-22 18:20:42 - [TEST_STEP][PASSED] - verifyTextPresent("Total Amount", true): Text 'Total Amount' is present on page  using regular expression

2022-02-22 18:20:42 - [MESSAGE][PASSED] - Text 'Total Amount' is present on page  using regular expression

2022-02-22 18:20:42 - [TEST_STEP][PASSED] - verifyTextPresent("Transaction Type", true): Text 'Transaction Type' is present on page  using regular expression

2022-02-22 18:20:42 - [MESSAGE][PASSED] - Text 'Transaction Type' is present on page  using regular expression

2022-02-22 18:20:42 - [TEST_STEP][PASSED] - verifyTextPresent("10.50", true): Text '10.50' is present on page  using regular expression

2022-02-22 18:20:43 - [MESSAGE][PASSED] - Text '10.50' is present on page  using regular expression

2022-02-22 18:20:43 - [TEST_STEP][PASSED] - verifyTextPresent("Authorization and Capture", true): Text 'Authorization and Capture' is present on page  using regular expression

2022-02-22 18:20:43 - [MESSAGE][PASSED] - Text 'Authorization and Capture' is present on page  using regular expression

2022-02-22 18:20:43 - [TEST_STEP][PASSED] - verifyTextPresent("Card Information", true): Text 'Card Information' is present on page  using regular expression

2022-02-22 18:20:43 - [MESSAGE][PASSED] - Text 'Card Information' is present on page  using regular expression

2022-02-22 18:20:43 - [TEST_STEP][PASSED] - cardNameV = findTestData(dataFile).getValue("CardNameV", row): null

2022-02-22 18:20:43 - [TEST_STEP][PASSED] - al1V = findTestData(dataFile).getValue("AL1", row): null

2022-02-22 18:20:43 - [TEST_STEP][PASSED] - al2V = findTestData(dataFile).getValue("AL2", row): null

2022-02-22 18:20:44 - [TEST_STEP][PASSED] - zipV = findTestData(dataFile).getValue("ZIP", row): null

2022-02-22 18:20:44 - [TEST_STEP][PASSED] - cardTypeV = findTestData(dataFile).getValue("CardType", row): null

2022-02-22 18:20:44 - [TEST_STEP][PASSED] - last4V = findTestData(dataFile).getValue("Last4", row): null

2022-02-22 18:20:44 - [TEST_STEP][PASSED] - verifyTextPresent(cardNameV, true): Text 'JANAKI JAMES' is present on page  using regular expression

2022-02-22 18:20:44 - [MESSAGE][PASSED] - Text 'JANAKI JAMES' is present on page  using regular expression

2022-02-22 18:20:44 - [TEST_STEP][PASSED] - verifyTextPresent("Address Line 1", true): Text 'Address Line 1' is present on page  using regular expression

2022-02-22 18:20:44 - [MESSAGE][PASSED] - Text 'Address Line 1' is present on page  using regular expression

2022-02-22 18:20:44 - [TEST_STEP][PASSED] - verifyTextPresent("Address Line 2", true): Text 'Address Line 2' is present on page  using regular expression

2022-02-22 18:20:45 - [MESSAGE][PASSED] - Text 'Address Line 2' is present on page  using regular expression

2022-02-22 18:20:45 - [TEST_STEP][PASSED] - verifyTextPresent("Country", true): Text 'Country' is present on page  using regular expression

2022-02-22 18:20:45 - [MESSAGE][PASSED] - Text 'Country' is present on page  using regular expression

2022-02-22 18:20:45 - [TEST_STEP][PASSED] - verifyTextPresent("City", true): Text 'City' is present on page  using regular expression

2022-02-22 18:20:45 - [MESSAGE][PASSED] - Text 'City' is present on page  using regular expression

2022-02-22 18:20:45 - [TEST_STEP][PASSED] - verifyTextPresent("State", true): Text 'State' is present on page  using regular expression

2022-02-22 18:20:46 - [MESSAGE][PASSED] - Text 'State' is present on page  using regular expression

2022-02-22 18:20:46 - [TEST_STEP][PASSED] - verifyTextPresent("ZIP Code", true): Text 'ZIP Code' is present on page  using regular expression

2022-02-22 18:20:46 - [MESSAGE][PASSED] - Text 'ZIP Code' is present on page  using regular expression

2022-02-22 18:20:46 - [TEST_STEP][PASSED] - verifyTextPresent(al1V, true): Text '550 Swan Lake' is present on page  using regular expression

2022-02-22 18:20:46 - [MESSAGE][PASSED] - Text '550 Swan Lake' is present on page  using regular expression

2022-02-22 18:20:46 - [TEST_STEP][PASSED] - verifyTextPresent(al2V, true): Text 'Suite 500' is present on page  using regular expression

2022-02-22 18:20:46 - [MESSAGE][PASSED] - Text 'Suite 500' is present on page  using regular expression

2022-02-22 18:20:46 - [TEST_STEP][PASSED] - verifyTextPresent("United States", true): Text 'United States' is present on page  using regular expression

2022-02-22 18:20:47 - [MESSAGE][PASSED] - Text 'United States' is present on page  using regular expression

2022-02-22 18:20:47 - [TEST_STEP][PASSED] - verifyTextPresent("ARLINGTON", true): Text 'ARLINGTON' is present on page  using regular expression

2022-02-22 18:20:47 - [MESSAGE][PASSED] - Text 'ARLINGTON' is present on page  using regular expression

2022-02-22 18:20:47 - [TEST_STEP][PASSED] - verifyTextPresent("Virginia", true): Text 'Virginia' is present on page  using regular expression

2022-02-22 18:20:47 - [MESSAGE][PASSED] - Text 'Virginia' is present on page  using regular expression

2022-02-22 18:20:47 - [TEST_STEP][PASSED] - verifyTextPresent(zipV, true): Text '22201' is present on page  using regular expression

2022-02-22 18:20:48 - [MESSAGE][PASSED] - Text '22201' is present on page  using regular expression

2022-02-22 18:20:48 - [TEST_STEP][PASSED] - verifyTextPresent(cardTypeV, true): Text 'American Express' is present on page  using regular expression

2022-02-22 18:20:48 - [MESSAGE][PASSED] - Text 'American Express' is present on page  using regular expression

2022-02-22 18:20:48 - [TEST_STEP][PASSED] - verifyTextPresent(last4V, true): Text '2376' is present on page  using regular expression

2022-02-22 18:20:48 - [MESSAGE][PASSED] - Text '2376' is present on page  using regular expression

2022-02-22 18:20:48 - [TEST_STEP][PASSED] - ExecuteTC = findTestData(dataFile).getValue("Execute", row): null

2022-02-22 18:20:48 - [TEST_STEP][PASSED] - out.println("Value of Execute is : " + ExecuteTC): null

2022-02-22 18:20:48 - [TEST_STEP][PASSED] - appName = findTestData(dataFile).getValue("AppName", row): null

2022-02-22 18:20:48 - [TEST_STEP][PASSED] - appID = findTestData(dataFile).getValue("AppID", row): null

2022-02-22 18:20:49 - [TEST_STEP][PASSED] - hrefAppID = li_1 + appID + li_2: null

2022-02-22 18:20:49 - [TEST_STEP][PASSED] - if (ExecuteTC.equalsIgnoreCase("Y")): Text '6909' is present on page  using regular expression

2022-02-22 18:20:49 - [TEST_STEP][PASSED] - out.println("Begin Record Number: " + row): null

2022-02-22 18:20:49 - [TEST_STEP][PASSED] - today = new java.util.Date(): null

2022-02-22 18:20:49 - [TEST_STEP][PASSED] - println(today): null

2022-02-22 18:20:49 - [TEST_STEP][PASSED] - datText = today: null

2022-02-22 18:20:49 - [TEST_STEP][PASSED] - adminSuiteBootstrap.loginFunctionality.login_AdminSuite(): adminSuiteBootstrap.loginFunctionality.login_AdminSuite is PASSED

2022-02-22 18:20:49 - [MESSAGE][WARNING] - A browser is already opened. Closing browser and opening a new one

2022-02-22 18:20:49 - [MESSAGE][INFO] - Starting 'Chrome' driver

2022-02-22 18:20:49 - [MESSAGE][INFO] - User set preference: ['acceptInsecureCerts', 'true']

2022-02-22 18:20:49 - [MESSAGE][INFO] - Action delay is set to 0 milliseconds

2022-02-22 18:20:52 - [MESSAGE][PASSED] - Browser is opened with url: 'https://qa.velocitypayment.com/admin/imtiaz'

2022-02-22 18:20:52 - [MESSAGE][PASSED] - Current window maximized

2022-02-22 18:20:52 - [MESSAGE][PASSED] - Object 'Object Repository/Login_Page/Login_Username' is present

2022-02-22 18:20:53 - [MESSAGE][PASSED] - Text 'iahmed' is set on object 'Object Repository/Login_Page/Login_Username'

2022-02-22 18:20:54 - [MESSAGE][PASSED] - Text 'hello2222' is set on object 'Object Repository/Login_Page/Login_Password'

2022-02-22 18:20:58 - [MESSAGE][PASSED] - Object: 'Object Repository/Login_Page/Login_Submit' is clicked on

2022-02-22 18:20:58 - [MESSAGE][PASSED] - adminSuiteBootstrap.loginFunctionality.login_AdminSuite is PASSED

2022-02-22 18:20:58 - [TEST_STEP][PASSED] - click(findTestObject(path_Dashboard + "span_Payment")): Object: 'Object Repository/AdminSuiteBootstrap_Pages/Dashboard_Bootstrap/span_Payment' is clicked on

2022-02-22 18:20:59 - [MESSAGE][PASSED] - Object: 'Object Repository/AdminSuiteBootstrap_Pages/Dashboard_Bootstrap/span_Payment' is clicked on

2022-02-22 18:20:59 - [TEST_STEP][PASSED] - click(findTestObject(path_Dashboard + appName)): Object: 'Object Repository/AdminSuiteBootstrap_Pages/Dashboard_Bootstrap/a_Access AutoNoCFtp' is clicked on

2022-02-22 18:21:00 - [MESSAGE][PASSED] - Object: 'Object Repository/AdminSuiteBootstrap_Pages/Dashboard_Bootstrap/a_Access AutoNoCFtp' is clicked on

2022-02-22 18:21:00 - [TEST_STEP][PASSED] - click(findTestObject(path_VT + "button_Authorization  Capture (Sale)")): Object: 'Object Repository/AdminSuiteBootstrap_Pages/VT_Bootstrap/IssueTransactions/button_Authorization  Capture (Sale)' is clicked on

2022-02-22 18:21:00 - [MESSAGE][PASSED] - Object: 'Object Repository/AdminSuiteBootstrap_Pages/VT_Bootstrap/IssueTransactions/button_Authorization  Capture (Sale)' is clicked on

2022-02-22 18:21:00 - [TEST_STEP][PASSED] - saleKeyboardEntryLink = modifyObjectProperty(findTestObject(path_VT + "a_KeyboardEntry_Sale"), "href", "equals", hrefAppID, true): Modify property of object successfully

2022-02-22 18:21:00 - [MESSAGE][PASSED] - Modify property of object successfully

2022-02-22 18:21:00 - [TEST_STEP][PASSED] - click(saleKeyboardEntryLink): Object: 'Object Repository/AdminSuiteBootstrap_Pages/VT_Bootstrap/IssueTransactions/a_KeyboardEntry_Sale' is clicked on

2022-02-22 18:21:02 - [MESSAGE][PASSED] - Object: 'Object Repository/AdminSuiteBootstrap_Pages/VT_Bootstrap/IssueTransactions/a_KeyboardEntry_Sale' is clicked on

2022-02-22 18:21:02 - [TEST_STEP][PASSED] - adminSuiteBootstrap.virtualTerminalSetData.saleKeyboard_DataDriven(row, dataFile): adminSuiteBootstrap.virtualTerminalSetData.saleKeyboard_DataDriven is PASSED

2022-02-22 18:21:03 - [MESSAGE][PASSED] - Text 'Janaki James' is set on object 'Object Repository/AdminSuiteBootstrap_Pages/VT_Bootstrap/SaleKeyboard/input_cardName'

2022-02-22 18:21:04 - [MESSAGE][PASSED] - All options with value 'MOTO' are selected in object 'Object Repository/AdminSuiteBootstrap_Pages/VT_Bootstrap/SaleKeyboard/select_transactionCategory'  using regular expression

2022-02-22 18:21:05 - [MESSAGE][PASSED] - Execute JavaScript 'arguments[0].value ='6011000993026909' ' successfully

2022-02-22 18:21:05 - [MESSAGE][PASSED] - Execute JavaScript 'arguments[0].value ='123' ' successfully

2022-02-22 18:21:06 - [MESSAGE][PASSED] - All options with value '12' are selected in object 'Object Repository/AdminSuiteBootstrap_Pages/VT_Bootstrap/SaleKeyboard/select_MM'  using regular expression

2022-02-22 18:21:07 - [MESSAGE][PASSED] - All options with value '2025' are selected in object 'Object Repository/AdminSuiteBootstrap_Pages/VT_Bootstrap/SaleKeyboard/select_YYYY'  using regular expression

2022-02-22 18:21:08 - [MESSAGE][PASSED] - Text '25987 Hill Top' is set on object 'Object Repository/AdminSuiteBootstrap_Pages/VT_Bootstrap/SaleKeyboard/input__address'

2022-02-22 18:21:08 - [MESSAGE][PASSED] - Text 'Suite 500' is set on object 'Object Repository/AdminSuiteBootstrap_Pages/VT_Bootstrap/SaleKeyboard/input__address2'

2022-02-22 18:21:09 - [MESSAGE][PASSED] - Text '22201' is set on object 'Object Repository/AdminSuiteBootstrap_Pages/VT_Bootstrap/SaleKeyboard/input__zip'

2022-02-22 18:21:10 - [MESSAGE][PASSED] - Text '' is set on object 'Object Repository/AdminSuiteBootstrap_Pages/VT_Bootstrap/SaleKeyboard/input_emailAddress'

2022-02-22 18:21:12 - [MESSAGE][PASSED] - Text '' is set on object 'Object Repository/AdminSuiteBootstrap_Pages/VT_Bootstrap/SaleKeyboard/input_smsNumber'

2022-02-22 18:21:12 - [MESSAGE][PASSED] - Text '10.50' is set on object 'Object Repository/AdminSuiteBootstrap_Pages/VT_Bootstrap/SaleKeyboard/input_amount'

2022-02-22 18:21:13 - [MESSAGE][PASSED] - Text 'Australia' is set on object 'Object Repository/AdminSuiteBootstrap_Pages/VT_Bootstrap/SaleKeyboard/input_userDefined1'

2022-02-22 18:21:14 - [MESSAGE][PASSED] - Text 'Denmark' is set on object 'Object Repository/AdminSuiteBootstrap_Pages/VT_Bootstrap/SaleKeyboard/input_userDefined2'

2022-02-22 18:21:14 - [MESSAGE][PASSED] - Text 'Sweden' is set on object 'Object Repository/AdminSuiteBootstrap_Pages/VT_Bootstrap/SaleKeyboard/input_userDefined3'

2022-02-22 18:21:15 - [MESSAGE][PASSED] - Text 'Austria' is set on object 'Object Repository/AdminSuiteBootstrap_Pages/VT_Bootstrap/SaleKeyboard/input_userDefined4'

2022-02-22 18:21:16 - [MESSAGE][PASSED] - All options with label 'Orange' are selected in object 'Object Repository/AdminSuiteBootstrap_Pages/VT_Bootstrap/SaleKeyboard/select_UDF5_DropDown'  using regular expression

2022-02-22 18:21:17 - [MESSAGE][PASSED] - All options with label 'Yellow' are selected in object 'Object Repository/AdminSuiteBootstrap_Pages/VT_Bootstrap/SaleKeyboard/select_UDF6_DropDown'  using regular expression

2022-02-22 18:21:18 - [MESSAGE][PASSED] - Text 'Norway' is set on object 'Object Repository/AdminSuiteBootstrap_Pages/VT_Bootstrap/SaleKeyboard/input_userDefined7'

2022-02-22 18:21:18 - [MESSAGE][PASSED] - Text 'Netherlands' is set on object 'Object Repository/AdminSuiteBootstrap_Pages/VT_Bootstrap/SaleKeyboard/input_userDefined8'

2022-02-22 18:21:19 - [MESSAGE][PASSED] - Text 'Switzerland' is set on object 'Object Repository/AdminSuiteBootstrap_Pages/VT_Bootstrap/SaleKeyboard/input_userDefined9'

2022-02-22 18:21:20 - [MESSAGE][PASSED] - Text 'France' is set on object 'Object Repository/AdminSuiteBootstrap_Pages/VT_Bootstrap/SaleKeyboard/input_userDefined10'

2022-02-22 18:21:22 - [MESSAGE][PASSED] - Object: 'Object Repository/AdminSuiteBootstrap_Pages/VT_Bootstrap/SaleKeyboard/button_Submit' is clicked on

2022-02-22 18:21:22 - [MESSAGE][PASSED] - adminSuiteBootstrap.virtualTerminalSetData.saleKeyboard_DataDriven is PASSED

2022-02-22 18:21:22 - [TEST_STEP][PASSED] - verifyTextPresent("Transaction Successful", true): Text 'Transaction Successful' is present on page  using regular expression

2022-02-22 18:21:22 - [MESSAGE][PASSED] - Text 'Transaction Successful' is present on page  using regular expression

2022-02-22 18:21:22 - [TEST_STEP][PASSED] - verifyElementVisible(findTestObject("Object Repository/AdminSuiteBootstrap_Pages/VT_Bootstrap/Receipt/button_Continue")): Object 'Object Repository/AdminSuiteBootstrap_Pages/VT_Bootstrap/Receipt/button_Continue' is visible

2022-02-22 18:21:23 - [MESSAGE][PASSED] - Object 'Object Repository/AdminSuiteBootstrap_Pages/VT_Bootstrap/Receipt/button_Continue' is visible

2022-02-22 18:21:23 - [TEST_STEP][PASSED] - verifyElementPresent(findTestObject("Object Repository/AdminSuiteBootstrap_Pages/VT_Bootstrap/Receipt/button_Continue"), 20): Object 'Object Repository/AdminSuiteBootstrap_Pages/VT_Bootstrap/Receipt/button_Continue' is present

2022-02-22 18:21:23 - [MESSAGE][PASSED] - Object 'Object Repository/AdminSuiteBootstrap_Pages/VT_Bootstrap/Receipt/button_Continue' is present

2022-02-22 18:21:23 - [TEST_STEP][PASSED] - verifyElementVisible(findTestObject("Object Repository/AdminSuiteBootstrap_Pages/VT_Bootstrap/Receipt/button_Print")): Object 'Object Repository/AdminSuiteBootstrap_Pages/VT_Bootstrap/Receipt/button_Print' is visible

2022-02-22 18:21:23 - [MESSAGE][PASSED] - Object 'Object Repository/AdminSuiteBootstrap_Pages/VT_Bootstrap/Receipt/button_Print' is visible

2022-02-22 18:21:23 - [TEST_STEP][PASSED] - verifyElementPresent(findTestObject("Object Repository/AdminSuiteBootstrap_Pages/VT_Bootstrap/Receipt/button_Print"), 20): Object 'Object Repository/AdminSuiteBootstrap_Pages/VT_Bootstrap/Receipt/button_Print' is present

2022-02-22 18:21:24 - [MESSAGE][PASSED] - Object 'Object Repository/AdminSuiteBootstrap_Pages/VT_Bootstrap/Receipt/button_Print' is present

2022-02-22 18:21:24 - [TEST_STEP][PASSED] - verifyTextPresent("Remittance ID", true): Text 'Remittance ID' is present on page  using regular expression

2022-02-22 18:21:24 - [MESSAGE][PASSED] - Text 'Remittance ID' is present on page  using regular expression

2022-02-22 18:21:24 - [TEST_STEP][PASSED] - verifyTextPresent("Received", true): Text 'Received' is present on page  using regular expression

2022-02-22 18:21:24 - [MESSAGE][PASSED] - Text 'Received' is present on page  using regular expression

2022-02-22 18:21:24 - [TEST_STEP][PASSED] - verifyTextPresent("UDF1", true): Text 'UDF1' is present on page  using regular expression

2022-02-22 18:21:25 - [MESSAGE][PASSED] - Text 'UDF1' is present on page  using regular expression

2022-02-22 18:21:25 - [TEST_STEP][PASSED] - verifyTextPresent("UDF2", true): Text 'UDF2' is present on page  using regular expression

2022-02-22 18:21:25 - [MESSAGE][PASSED] - Text 'UDF2' is present on page  using regular expression

2022-02-22 18:21:25 - [TEST_STEP][PASSED] - verifyTextPresent("UDF3", true): Text 'UDF3' is present on page  using regular expression

2022-02-22 18:21:25 - [MESSAGE][PASSED] - Text 'UDF3' is present on page  using regular expression

2022-02-22 18:21:25 - [TEST_STEP][PASSED] - verifyTextPresent("UDF4", true): Text 'UDF4' is present on page  using regular expression

2022-02-22 18:21:26 - [MESSAGE][PASSED] - Text 'UDF4' is present on page  using regular expression

2022-02-22 18:21:26 - [TEST_STEP][PASSED] - verifyTextPresent("UDF5", true): Text 'UDF5' is present on page  using regular expression

2022-02-22 18:21:26 - [MESSAGE][PASSED] - Text 'UDF5' is present on page  using regular expression

2022-02-22 18:21:26 - [TEST_STEP][PASSED] - verifyTextPresent("UDF6", true): Text 'UDF6' is present on page  using regular expression

2022-02-22 18:21:26 - [MESSAGE][PASSED] - Text 'UDF6' is present on page  using regular expression

2022-02-22 18:21:26 - [TEST_STEP][PASSED] - verifyTextPresent("UDF7", true): Text 'UDF7' is present on page  using regular expression

2022-02-22 18:21:27 - [MESSAGE][PASSED] - Text 'UDF7' is present on page  using regular expression

2022-02-22 18:21:27 - [TEST_STEP][PASSED] - verifyTextPresent("UDF8", true): Text 'UDF8' is present on page  using regular expression

2022-02-22 18:21:27 - [MESSAGE][PASSED] - Text 'UDF8' is present on page  using regular expression

2022-02-22 18:21:27 - [TEST_STEP][PASSED] - verifyTextPresent("UDF9", true): Text 'UDF9' is present on page  using regular expression

2022-02-22 18:21:27 - [MESSAGE][PASSED] - Text 'UDF9' is present on page  using regular expression

2022-02-22 18:21:27 - [TEST_STEP][PASSED] - verifyTextPresent("UDF 10", true): Text 'UDF 10' is present on page  using regular expression

2022-02-22 18:21:28 - [MESSAGE][PASSED] - Text 'UDF 10' is present on page  using regular expression

2022-02-22 18:21:28 - [TEST_STEP][PASSED] - verifyTextPresent("Australia", true): Text 'Australia' is present on page  using regular expression

2022-02-22 18:21:28 - [MESSAGE][PASSED] - Text 'Australia' is present on page  using regular expression

2022-02-22 18:21:28 - [TEST_STEP][PASSED] - verifyTextPresent("Denmark", true): Text 'Denmark' is present on page  using regular expression

2022-02-22 18:21:28 - [MESSAGE][PASSED] - Text 'Denmark' is present on page  using regular expression

2022-02-22 18:21:28 - [TEST_STEP][PASSED] - verifyTextPresent("Sweden", true): Text 'Sweden' is present on page  using regular expression

2022-02-22 18:21:29 - [MESSAGE][PASSED] - Text 'Sweden' is present on page  using regular expression

2022-02-22 18:21:29 - [TEST_STEP][PASSED] - verifyTextPresent("Austria", true): Text 'Austria' is present on page  using regular expression

2022-02-22 18:21:29 - [MESSAGE][PASSED] - Text 'Austria' is present on page  using regular expression

2022-02-22 18:21:29 - [TEST_STEP][PASSED] - verifyTextPresent("Orange Recorded", true): Text 'Orange Recorded' is present on page  using regular expression

2022-02-22 18:21:29 - [MESSAGE][PASSED] - Text 'Orange Recorded' is present on page  using regular expression

2022-02-22 18:21:29 - [TEST_STEP][PASSED] - verifyTextPresent("Yellow Recorded", true): Text 'Yellow Recorded' is present on page  using regular expression

2022-02-22 18:21:30 - [MESSAGE][PASSED] - Text 'Yellow Recorded' is present on page  using regular expression

2022-02-22 18:21:30 - [TEST_STEP][PASSED] - verifyTextPresent("Norway", true): Text 'Norway' is present on page  using regular expression

2022-02-22 18:21:30 - [MESSAGE][PASSED] - Text 'Norway' is present on page  using regular expression

2022-02-22 18:21:30 - [TEST_STEP][PASSED] - verifyTextPresent("Netherlands", true): Text 'Netherlands' is present on page  using regular expression

2022-02-22 18:21:30 - [MESSAGE][PASSED] - Text 'Netherlands' is present on page  using regular expression

2022-02-22 18:21:30 - [TEST_STEP][PASSED] - verifyTextPresent("Switzerland", true): Text 'Switzerland' is present on page  using regular expression

2022-02-22 18:21:31 - [MESSAGE][PASSED] - Text 'Switzerland' is present on page  using regular expression

2022-02-22 18:21:31 - [TEST_STEP][PASSED] - verifyTextPresent("France", true): Text 'France' is present on page  using regular expression

2022-02-22 18:21:31 - [MESSAGE][PASSED] - Text 'France' is present on page  using regular expression

2022-02-22 18:21:31 - [TEST_STEP][PASSED] - verifyTextPresent("Amount", true): Text 'Amount' is present on page  using regular expression

2022-02-22 18:21:31 - [MESSAGE][PASSED] - Text 'Amount' is present on page  using regular expression

2022-02-22 18:21:31 - [TEST_STEP][PASSED] - verifyTextPresent("Total Amount", true): Text 'Total Amount' is present on page  using regular expression

2022-02-22 18:21:32 - [MESSAGE][PASSED] - Text 'Total Amount' is present on page  using regular expression

2022-02-22 18:21:32 - [TEST_STEP][PASSED] - verifyTextPresent("Transaction Type", true): Text 'Transaction Type' is present on page  using regular expression

2022-02-22 18:21:32 - [MESSAGE][PASSED] - Text 'Transaction Type' is present on page  using regular expression

2022-02-22 18:21:32 - [TEST_STEP][PASSED] - verifyTextPresent("10.50", true): Text '10.50' is present on page  using regular expression

2022-02-22 18:21:32 - [MESSAGE][PASSED] - Text '10.50' is present on page  using regular expression

2022-02-22 18:21:32 - [TEST_STEP][PASSED] - verifyTextPresent("Authorization and Capture", true): Text 'Authorization and Capture' is present on page  using regular expression

2022-02-22 18:21:33 - [MESSAGE][PASSED] - Text 'Authorization and Capture' is present on page  using regular expression

2022-02-22 18:21:33 - [TEST_STEP][PASSED] - verifyTextPresent("Card Information", true): Text 'Card Information' is present on page  using regular expression

2022-02-22 18:21:33 - [MESSAGE][PASSED] - Text 'Card Information' is present on page  using regular expression

2022-02-22 18:21:33 - [TEST_STEP][PASSED] - cardNameV = findTestData(dataFile).getValue("CardNameV", row): null

2022-02-22 18:21:33 - [TEST_STEP][PASSED] - al1V = findTestData(dataFile).getValue("AL1", row): null

2022-02-22 18:21:33 - [TEST_STEP][PASSED] - al2V = findTestData(dataFile).getValue("AL2", row): null

2022-02-22 18:21:33 - [TEST_STEP][PASSED] - zipV = findTestData(dataFile).getValue("ZIP", row): null

2022-02-22 18:21:33 - [TEST_STEP][PASSED] - cardTypeV = findTestData(dataFile).getValue("CardType", row): null

2022-02-22 18:21:33 - [TEST_STEP][PASSED] - last4V = findTestData(dataFile).getValue("Last4", row): null

2022-02-22 18:21:33 - [TEST_STEP][PASSED] - verifyTextPresent(cardNameV, true): Text 'JANAKI JAMES' is present on page  using regular expression

2022-02-22 18:21:34 - [MESSAGE][PASSED] - Text 'JANAKI JAMES' is present on page  using regular expression

2022-02-22 18:21:34 - [TEST_STEP][PASSED] - verifyTextPresent("Address Line 1", true): Text 'Address Line 1' is present on page  using regular expression

2022-02-22 18:21:34 - [MESSAGE][PASSED] - Text 'Address Line 1' is present on page  using regular expression

2022-02-22 18:21:34 - [TEST_STEP][PASSED] - verifyTextPresent("Address Line 2", true): Text 'Address Line 2' is present on page  using regular expression

2022-02-22 18:21:34 - [MESSAGE][PASSED] - Text 'Address Line 2' is present on page  using regular expression

2022-02-22 18:21:34 - [TEST_STEP][PASSED] - verifyTextPresent("Country", true): Text 'Country' is present on page  using regular expression

2022-02-22 18:21:35 - [MESSAGE][PASSED] - Text 'Country' is present on page  using regular expression

2022-02-22 18:21:35 - [TEST_STEP][PASSED] - verifyTextPresent("City", true): Text 'City' is present on page  using regular expression

2022-02-22 18:21:35 - [MESSAGE][PASSED] - Text 'City' is present on page  using regular expression

2022-02-22 18:21:35 - [TEST_STEP][PASSED] - verifyTextPresent("State", true): Text 'State' is present on page  using regular expression

2022-02-22 18:21:35 - [MESSAGE][PASSED] - Text 'State' is present on page  using regular expression

2022-02-22 18:21:35 - [TEST_STEP][PASSED] - verifyTextPresent("ZIP Code", true): Text 'ZIP Code' is present on page  using regular expression

2022-02-22 18:21:36 - [MESSAGE][PASSED] - Text 'ZIP Code' is present on page  using regular expression

2022-02-22 18:21:36 - [TEST_STEP][PASSED] - verifyTextPresent(al1V, true): Text '25987 Hill Top' is present on page  using regular expression

2022-02-22 18:21:36 - [MESSAGE][PASSED] - Text '25987 Hill Top' is present on page  using regular expression

2022-02-22 18:21:36 - [TEST_STEP][PASSED] - verifyTextPresent(al2V, true): Text 'Suite 500' is present on page  using regular expression

2022-02-22 18:21:36 - [MESSAGE][PASSED] - Text 'Suite 500' is present on page  using regular expression

2022-02-22 18:21:36 - [TEST_STEP][PASSED] - verifyTextPresent("United States", true): Text 'United States' is present on page  using regular expression

2022-02-22 18:21:37 - [MESSAGE][PASSED] - Text 'United States' is present on page  using regular expression

2022-02-22 18:21:37 - [TEST_STEP][PASSED] - verifyTextPresent("ARLINGTON", true): Text 'ARLINGTON' is present on page  using regular expression

2022-02-22 18:21:37 - [MESSAGE][PASSED] - Text 'ARLINGTON' is present on page  using regular expression

2022-02-22 18:21:37 - [TEST_STEP][PASSED] - verifyTextPresent("Virginia", true): Text 'Virginia' is present on page  using regular expression

2022-02-22 18:21:37 - [MESSAGE][PASSED] - Text 'Virginia' is present on page  using regular expression

2022-02-22 18:21:37 - [TEST_STEP][PASSED] - verifyTextPresent(zipV, true): Text '22201' is present on page  using regular expression

2022-02-22 18:21:37 - [MESSAGE][PASSED] - Text '22201' is present on page  using regular expression

2022-02-22 18:21:37 - [TEST_STEP][PASSED] - verifyTextPresent(cardTypeV, true): Text 'Discover' is present on page  using regular expression

2022-02-22 18:21:38 - [MESSAGE][PASSED] - Text 'Discover' is present on page  using regular expression

2022-02-22 18:21:38 - [TEST_STEP][PASSED] - verifyTextPresent(last4V, true): Text '6909' is present on page  using regular expression

2022-02-22 18:21:38 - [MESSAGE][PASSED] - Text '6909' is present on page  using regular expression]]></system-out>
         <system-err><![CDATA[]]></system-err>
      </testcase>
      <system-out><![CDATA[2022-02-22 18:14:50 - [TEST_SUITE][PASSED] - Temp: Test Cases/Admin Suite Bootstrap/VT_TestCases/SaleKeyboard_TP_NoCF_App742_Payment_TC]]></system-out>
      <system-err><![CDATA[]]></system-err>
   </testsuite>
</testsuites>
