<?xml version="1.0" encoding="UTF-8"?>
<testsuites name="RAD_UI_TestSuite" time="570.282" tests="1" failures="0" errors="0">
   <testsuite name="RAD_UI_TestSuite" tests="1" failures="0" errors="0" time="570.282" skipped="0" timestamp="2021-10-29 17:53:43" hostname="iahmed - DESKTOP-B2QI6NS.govolution.com" id="Test Suites/RAD_TestSuite/RAD_UI_TestSuite">
      <properties>
         <property name="deviceName" value=""/>
         <property name="devicePlatform" value=""/>
         <property name="logFolder" value="E:\\Cloned-Project-Katalon\\VPS-Katalon\\Reports\\20211029_175339\\RAD_TestSuite\\RAD_UI_TestSuite\\20211029_175339"/>
         <property name="logFiles" value="E:\\Cloned-Project-Katalon\\VPS-Katalon\\Reports\\20211029_175339\\RAD_TestSuite\\RAD_UI_TestSuite\\20211029_175339\\execution0.log"/>
         <property name="attachments" value=""/>
         <property name="hostName" value="iahmed - DESKTOP-B2QI6NS.govolution.com"/>
         <property name="os" value="Windows 10 64bit"/>
         <property name="katalonVersion" value="8.0.5.208"/>
         <property name="browser" value="Chrome 95.0.4638.54"/>
         <property name="hostAddress" value="172.30.2.167"/>
         <property name="sessionId" value="ce9d9678e1ecb4a4c0fba733f82784b9"/>
         <property name="seleniumVersion" value="3.141.59"/>
         <property name="proxyInformation" value="ProxyInformation { proxyOption=NO_PROXY, proxyServerType=HTTP, username=, password=********, proxyServerAddress=, proxyServerPort=0, executionList=&quot;&quot;, isApplyToDesiredCapabilities=true }"/>
         <property name="platform" value="Windows 10"/>
      </properties>
      <testcase name="Test Cases/RAD_TestCases/PaymentsHardCoded/Payments_HC_TC" time="568.323" classname="Test Cases/RAD_TestCases/PaymentsHardCoded/Payments_HC_TC" status="PASSED">
         <system-out><![CDATA[2021-10-29 17:53:43 - [TEST_CASE][PASSED] - Test Cases/RAD_TestCases/PaymentsHardCoded/Payments_HC_TC: Test Cases/RAD_TestCases/PaymentsHardCoded/Payments_HC_TC

2021-10-29 17:53:44 - [TEST_STEP][PASSED] - resText = "Fail": null

2021-10-29 17:53:44 - [TEST_STEP][PASSED] - resColumn = "Result": null

2021-10-29 17:53:44 - [TEST_STEP][PASSED] - datCloumn = "Date": null

2021-10-29 17:53:44 - [TEST_STEP][PASSED] - fileLoc = "C:\KatalonData\RADTestData\PaymentsHardCoded.xlsx": null

2021-10-29 17:53:44 - [TEST_STEP][PASSED] - nameSheet = "Sheet1": null

2021-10-29 17:53:44 - [TEST_STEP][PASSED] - dataFile = "RADTestData/PaymentsHardCoded": null

2021-10-29 17:53:44 - [TEST_STEP][PASSED] - ExecuteTC = <not implemented yet for class: org.codehaus.groovy.ast.expr.EmptyExpression>: null

2021-10-29 17:53:44 - [TEST_STEP][PASSED] - Taxtype = <not implemented yet for class: org.codehaus.groovy.ast.expr.EmptyExpression>: null

2021-10-29 17:53:44 - [TEST_STEP][PASSED] - PaymentType = <not implemented yet for class: org.codehaus.groovy.ast.expr.EmptyExpression>: null

2021-10-29 17:53:44 - [TEST_STEP][PASSED] - FilingYear = <not implemented yet for class: org.codehaus.groovy.ast.expr.EmptyExpression>: null

2021-10-29 17:53:44 - [TEST_STEP][PASSED] - PeriodEnding = <not implemented yet for class: org.codehaus.groovy.ast.expr.EmptyExpression>: null

2021-10-29 17:53:44 - [TEST_STEP][PASSED] - FName = <not implemented yet for class: org.codehaus.groovy.ast.expr.EmptyExpression>: null

2021-10-29 17:53:44 - [TEST_STEP][PASSED] - LName = <not implemented yet for class: org.codehaus.groovy.ast.expr.EmptyExpression>: null

2021-10-29 17:53:44 - [TEST_STEP][PASSED] - SSN = <not implemented yet for class: org.codehaus.groovy.ast.expr.EmptyExpression>: null

2021-10-29 17:53:44 - [TEST_STEP][PASSED] - AL1 = <not implemented yet for class: org.codehaus.groovy.ast.expr.EmptyExpression>: null

2021-10-29 17:53:44 - [TEST_STEP][PASSED] - City = <not implemented yet for class: org.codehaus.groovy.ast.expr.EmptyExpression>: null

2021-10-29 17:53:44 - [TEST_STEP][PASSED] - ZIP = <not implemented yet for class: org.codehaus.groovy.ast.expr.EmptyExpression>: null

2021-10-29 17:53:44 - [TEST_STEP][PASSED] - FilingType = <not implemented yet for class: org.codehaus.groovy.ast.expr.EmptyExpression>: null

2021-10-29 17:53:44 - [TEST_STEP][PASSED] - Withholding = <not implemented yet for class: org.codehaus.groovy.ast.expr.EmptyExpression>: null

2021-10-29 17:53:44 - [TEST_STEP][PASSED] - Amount = <not implemented yet for class: org.codehaus.groovy.ast.expr.EmptyExpression>: null

2021-10-29 17:53:44 - [TEST_STEP][PASSED] - CCNumber = <not implemented yet for class: org.codehaus.groovy.ast.expr.EmptyExpression>: null

2021-10-29 17:53:44 - [TEST_STEP][PASSED] - CVV = <not implemented yet for class: org.codehaus.groovy.ast.expr.EmptyExpression>: null

2021-10-29 17:53:44 - [TEST_STEP][PASSED] - numOfRows = findTestData(dataFile).getRowNumbers(): null

2021-10-29 17:53:45 - [TEST_STEP][PASSED] - println("Number of Records: " + numOfRows): null

2021-10-29 17:53:45 - [TEST_STEP][PASSED] - for ([row = 1, row <= numOfRows, (row++)]): null

2021-10-29 17:53:45 - [TEST_STEP][PASSED] - ExecuteTC = findTestData(dataFile).getValue("Execute", row): null

2021-10-29 17:53:45 - [TEST_STEP][PASSED] - PaymentType = findTestData(dataFile).getValue("PaymentType", row): null

2021-10-29 17:53:45 - [TEST_STEP][PASSED] - FilingYear = findTestData(dataFile).getValue("FilingYear", row): null

2021-10-29 17:53:45 - [TEST_STEP][PASSED] - PeriodEnding = findTestData(dataFile).getValue("PeriodEnding", row): null

2021-10-29 17:53:45 - [TEST_STEP][PASSED] - FName = findTestData(dataFile).getValue("Fname", row): null

2021-10-29 17:53:45 - [TEST_STEP][PASSED] - LName = findTestData(dataFile).getValue("Lname", row): null

2021-10-29 17:53:45 - [TEST_STEP][PASSED] - SSN = findTestData(dataFile).getValue("SSN", row): null

2021-10-29 17:53:45 - [TEST_STEP][PASSED] - BusName = findTestData(dataFile).getValue("BusName", row): null

2021-10-29 17:53:45 - [TEST_STEP][PASSED] - AL1 = findTestData(dataFile).getValue("AL1", row): null

2021-10-29 17:53:46 - [TEST_STEP][PASSED] - City = findTestData(dataFile).getValue("City", row): null

2021-10-29 17:53:46 - [TEST_STEP][PASSED] - ZIP = findTestData(dataFile).getValue("ZIP", row): null

2021-10-29 17:53:46 - [TEST_STEP][PASSED] - FilingType = findTestData(dataFile).getValue("FilingType", row): null

2021-10-29 17:53:46 - [TEST_STEP][PASSED] - Withholding = findTestData(dataFile).getValue("Withholding", row): null

2021-10-29 17:53:46 - [TEST_STEP][PASSED] - Amount = findTestData(dataFile).getValue("Amount", row): null

2021-10-29 17:53:46 - [TEST_STEP][PASSED] - CCNumber = findTestData(dataFile).getValue("CCNumber", row): null

2021-10-29 17:53:46 - [TEST_STEP][PASSED] - CVV = findTestData(dataFile).getValue("CVV", row): null

2021-10-29 17:53:46 - [TEST_STEP][PASSED] - out.println("Value of Execute is : " + ExecuteTC): null

2021-10-29 17:53:46 - [TEST_STEP][PASSED] - if (ExecuteTC.equalsIgnoreCase("Y")): null

2021-10-29 17:53:46 - [TEST_STEP][PASSED] - out.println("Begin Record Number: " + row): null

2021-10-29 17:53:46 - [TEST_STEP][PASSED] - today = new java.util.Date(): null

2021-10-29 17:53:46 - [TEST_STEP][PASSED] - println(today): null

2021-10-29 17:53:46 - [TEST_STEP][PASSED] - datText = today: null

2021-10-29 17:53:46 - [TEST_STEP][PASSED] - Taxtype = findTestData(dataFile).getValue("TaxType", row): null

2021-10-29 17:53:46 - [TEST_STEP][PASSED] - out.println("Taxtype value is : " + Taxtype): null

2021-10-29 17:53:46 - [TEST_STEP][PASSED] - openBrowser(""): Browser is opened with url: ''

2021-10-29 17:53:47 - [MESSAGE][INFO] - Starting 'Chrome' driver

2021-10-29 17:53:47 - [MESSAGE][INFO] - User set preference: ['acceptInsecureCerts', 'true']

2021-10-29 17:53:47 - [MESSAGE][INFO] - Action delay is set to 0 milliseconds

2021-10-29 17:53:50 - [MESSAGE][PASSED] - Browser is opened with url: ''

2021-10-29 17:53:50 - [TEST_STEP][PASSED] - maximizeWindow(): Current window maximized

2021-10-29 17:53:50 - [MESSAGE][PASSED] - Current window maximized

2021-10-29 17:53:50 - [TEST_STEP][PASSED] - navigateToUrl(RADurl): Navigate to 'https://qa.velocitypayment.com/client/rad/index.html' successfully

2021-10-29 17:53:52 - [MESSAGE][PASSED] - Navigate to 'https://qa.velocitypayment.com/client/rad/index.html' successfully

2021-10-29 17:53:52 - [TEST_STEP][PASSED] - orPath_Landing = "Object Repository/RAD_Pages/Landing_Page": null

2021-10-29 17:53:52 - [TEST_STEP][PASSED] - orPath_TaxTypeFilingYear = "Object Repository/RAD_Pages/TaxTypeFilingYear_Page": null

2021-10-29 17:53:52 - [TEST_STEP][PASSED] - orPath_TaxPayer = "Object Repository/RAD_Pages/Taxpayer_Page": null

2021-10-29 17:53:52 - [TEST_STEP][PASSED] - orPath_AddressContact = "Object Repository/RAD_Pages/AddressAndContactInfo_Page": null

2021-10-29 17:53:52 - [TEST_STEP][PASSED] - orPath_FilingStatus = "Object Repository/RAD_Pages/FilingStatus_Page": null

2021-10-29 17:53:52 - [TEST_STEP][PASSED] - orPath_Amount = "Object Repository/RAD_Pages/PaymentAmount_Page": null

2021-10-29 17:53:52 - [TEST_STEP][PASSED] - orPath_TaxInfo = "Object Repository/RAD_Pages/TaxInfo_Page": null

2021-10-29 17:53:52 - [TEST_STEP][PASSED] - orPath_Withholding = "Object Repository/RAD_Pages/Withholding_Page": null

2021-10-29 17:53:52 - [TEST_STEP][PASSED] - orPath_Summary = "Object Repository/RAD_Pages/Summary_Page": null

2021-10-29 17:53:52 - [TEST_STEP][PASSED] - orPath_PaymentReady = "Object Repository/RAD_Pages/PaymentReady_Page": null

2021-10-29 17:53:52 - [TEST_STEP][PASSED] - orPath_PaymentEntry = "Object Repository/RAD_Pages/PaymentEntry_Page": null

2021-10-29 17:53:52 - [TEST_STEP][PASSED] - orPath_PaymentConfirmation = "Object Repository/RAD_Pages/PaymentConfirmation_Page": null

2021-10-29 17:53:52 - [TEST_STEP][PASSED] - orPath_ServiceFeesAccept = "Object Repository/RAD_Pages/ServiceFeeAccept_Page": null

2021-10-29 17:53:52 - [TEST_STEP][PASSED] - selectOptionByLabel(findTestObject(orPath_Landing + "/dd_TaxType"), Taxtype, false): All options with label 'Estimated Tax' are selected in object 'Object Repository/RAD_Pages/Landing_Page/dd_TaxType' 

2021-10-29 17:53:53 - [MESSAGE][PASSED] - All options with label 'Estimated Tax' are selected in object 'Object Repository/RAD_Pages/Landing_Page/dd_TaxType' 

2021-10-29 17:53:53 - [TEST_STEP][PASSED] - delay(3): Delayed 3 second(s)

2021-10-29 17:53:56 - [MESSAGE][PASSED] - Delayed 3 second(s)

2021-10-29 17:53:56 - [TEST_STEP][PASSED] - switch (Taxtype): null

2021-10-29 17:53:56 - [TEST_STEP][PASSED] - case "Estimated Tax":: null

2021-10-29 17:53:56 - [TEST_STEP][PASSED] - selectOptionByLabel(findTestObject(orPath_TaxTypeFilingYear + "/select_PaymentType"), PaymentType, false): All options with label 'Personal' are selected in object 'Object Repository/RAD_Pages/TaxTypeFilingYear_Page/select_PaymentType' 

2021-10-29 17:53:57 - [MESSAGE][PASSED] - All options with label 'Personal' are selected in object 'Object Repository/RAD_Pages/TaxTypeFilingYear_Page/select_PaymentType' 

2021-10-29 17:53:57 - [TEST_STEP][PASSED] - selectOptionByLabel(findTestObject(orPath_TaxTypeFilingYear + "/select_FilingYear"), FilingYear, false): All options with label '2021' are selected in object 'Object Repository/RAD_Pages/TaxTypeFilingYear_Page/select_FilingYear' 

2021-10-29 17:53:58 - [MESSAGE][PASSED] - All options with label '2021' are selected in object 'Object Repository/RAD_Pages/TaxTypeFilingYear_Page/select_FilingYear' 

2021-10-29 17:53:58 - [TEST_STEP][PASSED] - setText(findTestObject(orPath_TaxPayer + "/input_lastName"), LName): Text 'Anderson' is set on object 'Object Repository/RAD_Pages/Taxpayer_Page/input_lastName'

2021-10-29 17:53:58 - [MESSAGE][PASSED] - Text 'Anderson' is set on object 'Object Repository/RAD_Pages/Taxpayer_Page/input_lastName'

2021-10-29 17:53:58 - [TEST_STEP][PASSED] - setText(findTestObject("RAD_RecordAndPlay/input_concatSSN"), SSN): Text '123451234' is set on object 'Object Repository/RAD_RecordAndPlay/input_concatSSN'

2021-10-29 17:53:59 - [MESSAGE][PASSED] - Text '123451234' is set on object 'Object Repository/RAD_RecordAndPlay/input_concatSSN'

2021-10-29 17:53:59 - [TEST_STEP][PASSED] - setText(findTestObject("RAD_RecordAndPlay/input_concatReSSN"), SSN): Text '123451234' is set on object 'Object Repository/RAD_RecordAndPlay/input_concatReSSN'

2021-10-29 17:54:00 - [MESSAGE][PASSED] - Text '123451234' is set on object 'Object Repository/RAD_RecordAndPlay/input_concatReSSN'

2021-10-29 17:54:00 - [TEST_STEP][PASSED] - if (PaymentType.equalsIgnoreCase("Personal")): Object 'Object Repository/RAD_Pages/FilingStatus_Page/input_userType_Individual' is checked

2021-10-29 17:54:00 - [TEST_STEP][PASSED] - if (FilingType.equalsIgnoreCase("Y")): Object 'Object Repository/RAD_Pages/FilingStatus_Page/input_userType_Individual' is checked

2021-10-29 17:54:00 - [TEST_STEP][PASSED] - check(findTestObject(orPath_FilingStatus + "/input_userType_Individual")): Object 'Object Repository/RAD_Pages/FilingStatus_Page/input_userType_Individual' is checked

2021-10-29 17:54:00 - [MESSAGE][PASSED] - Object 'Object Repository/RAD_Pages/FilingStatus_Page/input_userType_Individual' is checked

2021-10-29 17:54:00 - [TEST_STEP][PASSED] - break: null

2021-10-29 17:54:00 - [TEST_STEP][PASSED] - setText(findTestObject(orPath_TaxPayer + "/input_firstName"), FName): Text 'Jimmie' is set on object 'Object Repository/RAD_Pages/Taxpayer_Page/input_firstName'

2021-10-29 17:54:01 - [MESSAGE][PASSED] - Text 'Jimmie' is set on object 'Object Repository/RAD_Pages/Taxpayer_Page/input_firstName'

2021-10-29 17:54:01 - [TEST_STEP][PASSED] - setText(findTestObject(orPath_TaxPayer + "/input_lastName"), LName): Text 'Anderson' is set on object 'Object Repository/RAD_Pages/Taxpayer_Page/input_lastName'

2021-10-29 17:54:02 - [MESSAGE][PASSED] - Text 'Anderson' is set on object 'Object Repository/RAD_Pages/Taxpayer_Page/input_lastName'

2021-10-29 17:54:02 - [TEST_STEP][PASSED] - selectOptionByLabel(findTestObject(orPath_AddressContact + "/select_Country"), "United States", false): All options with label 'United States' are selected in object 'Object Repository/RAD_Pages/AddressAndContactInfo_Page/select_Country' 

2021-10-29 17:54:03 - [MESSAGE][PASSED] - All options with label 'United States' are selected in object 'Object Repository/RAD_Pages/AddressAndContactInfo_Page/select_Country' 

2021-10-29 17:54:03 - [TEST_STEP][PASSED] - setText(findTestObject(orPath_AddressContact + "/input_streetAddress1"), AL1): Text '15 Main Street' is set on object 'Object Repository/RAD_Pages/AddressAndContactInfo_Page/input_streetAddress1'

2021-10-29 17:54:03 - [MESSAGE][PASSED] - Text '15 Main Street' is set on object 'Object Repository/RAD_Pages/AddressAndContactInfo_Page/input_streetAddress1'

2021-10-29 17:54:03 - [TEST_STEP][PASSED] - setText(findTestObject(orPath_AddressContact + "/input_streetAddress2"), ""): Text '' is set on object 'Object Repository/RAD_Pages/AddressAndContactInfo_Page/input_streetAddress2'

2021-10-29 17:54:04 - [MESSAGE][PASSED] - Text '' is set on object 'Object Repository/RAD_Pages/AddressAndContactInfo_Page/input_streetAddress2'

2021-10-29 17:54:04 - [TEST_STEP][PASSED] - setText(findTestObject(orPath_AddressContact + "/input_city"), City): Text 'Gambrills' is set on object 'Object Repository/RAD_Pages/AddressAndContactInfo_Page/input_city'

2021-10-29 17:54:05 - [MESSAGE][PASSED] - Text 'Gambrills' is set on object 'Object Repository/RAD_Pages/AddressAndContactInfo_Page/input_city'

2021-10-29 17:54:05 - [TEST_STEP][PASSED] - selectOptionByLabel(findTestObject(orPath_AddressContact + "/select_State"), "Maryland", false): All options with label 'Maryland' are selected in object 'Object Repository/RAD_Pages/AddressAndContactInfo_Page/select_State' 

2021-10-29 17:54:05 - [MESSAGE][PASSED] - All options with label 'Maryland' are selected in object 'Object Repository/RAD_Pages/AddressAndContactInfo_Page/select_State' 

2021-10-29 17:54:05 - [TEST_STEP][PASSED] - setText(findTestObject(orPath_AddressContact + "/input_zipCode"), ZIP): Text '21054' is set on object 'Object Repository/RAD_Pages/AddressAndContactInfo_Page/input_zipCode'

2021-10-29 17:54:06 - [MESSAGE][PASSED] - Text '21054' is set on object 'Object Repository/RAD_Pages/AddressAndContactInfo_Page/input_zipCode'

2021-10-29 17:54:06 - [TEST_STEP][PASSED] - setText(findTestObject(orPath_AddressContact + "/input_phoneNumber"), "(703) 894-5000"): Text '(703) 894-5000' is set on object 'Object Repository/RAD_Pages/AddressAndContactInfo_Page/input_phoneNumber'

2021-10-29 17:54:07 - [MESSAGE][PASSED] - Text '(703) 894-5000' is set on object 'Object Repository/RAD_Pages/AddressAndContactInfo_Page/input_phoneNumber'

2021-10-29 17:54:07 - [TEST_STEP][PASSED] - setText(findTestObject(orPath_AddressContact + "/input_eMailAddress"), "iahmed@govolution.com"): Text 'iahmed@govolution.com' is set on object 'Object Repository/RAD_Pages/AddressAndContactInfo_Page/input_eMailAddress'

2021-10-29 17:54:08 - [MESSAGE][PASSED] - Text 'iahmed@govolution.com' is set on object 'Object Repository/RAD_Pages/AddressAndContactInfo_Page/input_eMailAddress'

2021-10-29 17:54:08 - [TEST_STEP][PASSED] - setText(findTestObject(orPath_AddressContact + "/input_reEnterEMailAddress"), "iahmed@govolution.com"): Text 'iahmed@govolution.com' is set on object 'Object Repository/RAD_Pages/AddressAndContactInfo_Page/input_reEnterEMailAddress'

2021-10-29 17:54:09 - [MESSAGE][PASSED] - Text 'iahmed@govolution.com' is set on object 'Object Repository/RAD_Pages/AddressAndContactInfo_Page/input_reEnterEMailAddress'

2021-10-29 17:54:09 - [TEST_STEP][PASSED] - setText(findTestObject(orPath_Amount + "/input__paymentAmount"), Amount): Text '100.00' is set on object 'Object Repository/RAD_Pages/PaymentAmount_Page/input__paymentAmount'

2021-10-29 17:54:09 - [MESSAGE][PASSED] - Text '100.00' is set on object 'Object Repository/RAD_Pages/PaymentAmount_Page/input__paymentAmount'

2021-10-29 17:54:09 - [TEST_STEP][PASSED] - scrollToElement(findTestObject(orPath_Landing + "/button_Continue"), 3): Scroll to object 'Object Repository/RAD_Pages/Landing_Page/button_Continue' successfully

2021-10-29 17:54:10 - [MESSAGE][PASSED] - Scroll to object 'Object Repository/RAD_Pages/Landing_Page/button_Continue' successfully

2021-10-29 17:54:10 - [TEST_STEP][PASSED] - waitForElementClickable(findTestObject(orPath_Landing + "/button_Continue"), 5): Object 'Object Repository/RAD_Pages/Landing_Page/button_Continue' is clickable

2021-10-29 17:54:11 - [MESSAGE][PASSED] - Object 'Object Repository/RAD_Pages/Landing_Page/button_Continue' is clickable

2021-10-29 17:54:11 - [TEST_STEP][PASSED] - click(findTestObject(orPath_Landing + "/button_Continue")): Object: 'Object Repository/RAD_Pages/Landing_Page/button_Continue' is clicked on

2021-10-29 17:54:11 - [MESSAGE][PASSED] - Object: 'Object Repository/RAD_Pages/Landing_Page/button_Continue' is clicked on

2021-10-29 17:54:11 - [TEST_STEP][PASSED] - verifyTextPresent("Review the information below and make any necessary corrections by clicking the", true): Text 'Review the information below and make any necessary corrections by clicking the' is present on page  using regular expression

2021-10-29 17:54:12 - [MESSAGE][PASSED] - Text 'Review the information below and make any necessary corrections by clicking the' is present on page  using regular expression

2021-10-29 17:54:12 - [TEST_STEP][PASSED] - verifyTextPresent("When you are confident that all the information is correct", true): Text 'When you are confident that all the information is correct' is present on page  using regular expression

2021-10-29 17:54:12 - [MESSAGE][PASSED] - Text 'When you are confident that all the information is correct' is present on page  using regular expression

2021-10-29 17:54:12 - [TEST_STEP][PASSED] - delay(1): Delayed 1 second(s)

2021-10-29 17:54:13 - [MESSAGE][PASSED] - Delayed 1 second(s)

2021-10-29 17:54:13 - [TEST_STEP][PASSED] - click(findTestObject(orPath_Summary + "/button_Proceed to Payment")): Object: 'Object Repository/RAD_Pages/Summary_Page/button_Proceed to Payment' is clicked on

2021-10-29 17:54:15 - [MESSAGE][PASSED] - Object: 'Object Repository/RAD_Pages/Summary_Page/button_Proceed to Payment' is clicked on

2021-10-29 17:54:15 - [TEST_STEP][PASSED] - setText(findTestObject(orPath_PaymentEntry + "/input__cardNumber"), CCNumber): Text '4012000098765439' is set on object 'Object Repository/RAD_Pages/PaymentEntry_Page/input__cardNumber'

2021-10-29 17:54:16 - [MESSAGE][PASSED] - Text '4012000098765439' is set on object 'Object Repository/RAD_Pages/PaymentEntry_Page/input__cardNumber'

2021-10-29 17:54:16 - [TEST_STEP][PASSED] - setText(findTestObject(orPath_PaymentEntry + "/input__spc"), CVV): Text '123' is set on object 'Object Repository/RAD_Pages/PaymentEntry_Page/input__spc'

2021-10-29 17:54:16 - [MESSAGE][PASSED] - Text '123' is set on object 'Object Repository/RAD_Pages/PaymentEntry_Page/input__spc'

2021-10-29 17:54:16 - [TEST_STEP][PASSED] - selectOptionByLabel(findTestObject(orPath_PaymentEntry + "/select_MM"), "12", false): All options with label '12' are selected in object 'Object Repository/RAD_Pages/PaymentEntry_Page/select_MM' 

2021-10-29 17:54:17 - [MESSAGE][PASSED] - All options with label '12' are selected in object 'Object Repository/RAD_Pages/PaymentEntry_Page/select_MM' 

2021-10-29 17:54:17 - [TEST_STEP][PASSED] - selectOptionByLabel(findTestObject(orPath_PaymentEntry + "/select_YYYY"), "2023", false): All options with label '2023' are selected in object 'Object Repository/RAD_Pages/PaymentEntry_Page/select_YYYY' 

2021-10-29 17:54:18 - [MESSAGE][PASSED] - All options with label '2023' are selected in object 'Object Repository/RAD_Pages/PaymentEntry_Page/select_YYYY' 

2021-10-29 17:54:18 - [TEST_STEP][PASSED] - click(findTestObject(orPath_PaymentEntry + "/input_Field_ccSubmit")): Object: 'Object Repository/RAD_Pages/PaymentEntry_Page/input_Field_ccSubmit' is clicked on

2021-10-29 17:54:19 - [MESSAGE][PASSED] - Object: 'Object Repository/RAD_Pages/PaymentEntry_Page/input_Field_ccSubmit' is clicked on

2021-10-29 17:54:19 - [TEST_STEP][PASSED] - click(findTestObject(orPath_PaymentConfirmation + "/input_N_confirmNotifyAction")): Object: 'Object Repository/RAD_Pages/PaymentConfirmation_Page/input_N_confirmNotifyAction' is clicked on

2021-10-29 17:54:20 - [MESSAGE][PASSED] - Object: 'Object Repository/RAD_Pages/PaymentConfirmation_Page/input_N_confirmNotifyAction' is clicked on

2021-10-29 17:54:20 - [TEST_STEP][PASSED] - click(findTestObject(orPath_ServiceFeesAccept + "/input_convFeeNotifyAction")): Object: 'Object Repository/RAD_Pages/ServiceFeeAccept_Page/input_convFeeNotifyAction' is clicked on

2021-10-29 17:54:21 - [MESSAGE][PASSED] - Object: 'Object Repository/RAD_Pages/ServiceFeeAccept_Page/input_convFeeNotifyAction' is clicked on

2021-10-29 17:54:21 - [TEST_STEP][PASSED] - delay(10): Delayed 10 second(s)

2021-10-29 17:54:31 - [MESSAGE][PASSED] - Delayed 10 second(s)

2021-10-29 17:54:31 - [TEST_STEP][PASSED] - verifyTextPresent("Successful Payment Receipt", true): Text 'Successful Payment Receipt' is present on page  using regular expression

2021-10-29 17:54:32 - [MESSAGE][PASSED] - Text 'Successful Payment Receipt' is present on page  using regular expression

2021-10-29 17:54:32 - [TEST_STEP][PASSED] - if (verifyTextPresent("Successful Payment Receipt", true)): null

2021-10-29 17:54:32 - [MESSAGE][PASSED] - Text 'Successful Payment Receipt' is present on page  using regular expression

2021-10-29 17:54:32 - [TEST_STEP][PASSED] - println("Transaction was Successful"): null

2021-10-29 17:54:32 - [TEST_STEP][PASSED] - out.println("Pass Record Number: " + row): null

2021-10-29 17:54:32 - [TEST_STEP][PASSED] - resText = "Pass": null

2021-10-29 17:54:32 - [TEST_STEP][PASSED] - pages.WriteExcel.demoKey(resText, datText, resColumn, datCloumn, fileLoc, nameSheet, row): pages.WriteExcel.demoKey is PASSED

2021-10-29 17:54:32 - [MESSAGE][PASSED] - pages.WriteExcel.demoKey is PASSED

2021-10-29 17:54:32 - [TEST_STEP][PASSED] - ExecuteTC = findTestData(dataFile).getValue("Execute", row): null

2021-10-29 17:54:32 - [TEST_STEP][PASSED] - PaymentType = findTestData(dataFile).getValue("PaymentType", row): null

2021-10-29 17:54:32 - [TEST_STEP][PASSED] - FilingYear = findTestData(dataFile).getValue("FilingYear", row): null

2021-10-29 17:54:32 - [TEST_STEP][PASSED] - PeriodEnding = findTestData(dataFile).getValue("PeriodEnding", row): null

2021-10-29 17:54:32 - [TEST_STEP][PASSED] - FName = findTestData(dataFile).getValue("Fname", row): null

2021-10-29 17:54:32 - [TEST_STEP][PASSED] - LName = findTestData(dataFile).getValue("Lname", row): null

2021-10-29 17:54:33 - [TEST_STEP][PASSED] - SSN = findTestData(dataFile).getValue("SSN", row): null

2021-10-29 17:54:33 - [TEST_STEP][PASSED] - BusName = findTestData(dataFile).getValue("BusName", row): null

2021-10-29 17:54:33 - [TEST_STEP][PASSED] - AL1 = findTestData(dataFile).getValue("AL1", row): null

2021-10-29 17:54:33 - [TEST_STEP][PASSED] - City = findTestData(dataFile).getValue("City", row): null

2021-10-29 17:54:33 - [TEST_STEP][PASSED] - ZIP = findTestData(dataFile).getValue("ZIP", row): null

2021-10-29 17:54:33 - [TEST_STEP][PASSED] - FilingType = findTestData(dataFile).getValue("FilingType", row): null

2021-10-29 17:54:33 - [TEST_STEP][PASSED] - Withholding = findTestData(dataFile).getValue("Withholding", row): null

2021-10-29 17:54:33 - [TEST_STEP][PASSED] - Amount = findTestData(dataFile).getValue("Amount", row): null

2021-10-29 17:54:33 - [TEST_STEP][PASSED] - CCNumber = findTestData(dataFile).getValue("CCNumber", row): null

2021-10-29 17:54:33 - [TEST_STEP][PASSED] - CVV = findTestData(dataFile).getValue("CVV", row): null

2021-10-29 17:54:33 - [TEST_STEP][PASSED] - out.println("Value of Execute is : " + ExecuteTC): null

2021-10-29 17:54:33 - [TEST_STEP][PASSED] - if (ExecuteTC.equalsIgnoreCase("Y")): null

2021-10-29 17:54:33 - [TEST_STEP][PASSED] - out.println("Begin Record Number: " + row): null

2021-10-29 17:54:33 - [TEST_STEP][PASSED] - today = new java.util.Date(): null

2021-10-29 17:54:33 - [TEST_STEP][PASSED] - println(today): null

2021-10-29 17:54:33 - [TEST_STEP][PASSED] - datText = today: null

2021-10-29 17:54:33 - [TEST_STEP][PASSED] - Taxtype = findTestData(dataFile).getValue("TaxType", row): null

2021-10-29 17:54:33 - [TEST_STEP][PASSED] - out.println("Taxtype value is : " + Taxtype): null

2021-10-29 17:54:33 - [TEST_STEP][PASSED] - openBrowser(""): Browser is opened with url: ''

2021-10-29 17:54:33 - [MESSAGE][WARNING] - A browser is already opened. Closing browser and opening a new one

2021-10-29 17:54:34 - [MESSAGE][INFO] - Starting 'Chrome' driver

2021-10-29 17:54:34 - [MESSAGE][INFO] - User set preference: ['acceptInsecureCerts', 'true']

2021-10-29 17:54:34 - [MESSAGE][INFO] - Action delay is set to 0 milliseconds

2021-10-29 17:54:36 - [MESSAGE][PASSED] - Browser is opened with url: ''

2021-10-29 17:54:36 - [TEST_STEP][PASSED] - maximizeWindow(): Current window maximized

2021-10-29 17:54:36 - [MESSAGE][PASSED] - Current window maximized

2021-10-29 17:54:36 - [TEST_STEP][PASSED] - navigateToUrl(RADurl): Navigate to 'https://qa.velocitypayment.com/client/rad/index.html' successfully

2021-10-29 17:54:38 - [MESSAGE][PASSED] - Navigate to 'https://qa.velocitypayment.com/client/rad/index.html' successfully

2021-10-29 17:54:38 - [TEST_STEP][PASSED] - orPath_Landing = "Object Repository/RAD_Pages/Landing_Page": null

2021-10-29 17:54:38 - [TEST_STEP][PASSED] - orPath_TaxTypeFilingYear = "Object Repository/RAD_Pages/TaxTypeFilingYear_Page": null

2021-10-29 17:54:38 - [TEST_STEP][PASSED] - orPath_TaxPayer = "Object Repository/RAD_Pages/Taxpayer_Page": null

2021-10-29 17:54:38 - [TEST_STEP][PASSED] - orPath_AddressContact = "Object Repository/RAD_Pages/AddressAndContactInfo_Page": null

2021-10-29 17:54:38 - [TEST_STEP][PASSED] - orPath_FilingStatus = "Object Repository/RAD_Pages/FilingStatus_Page": null

2021-10-29 17:54:38 - [TEST_STEP][PASSED] - orPath_Amount = "Object Repository/RAD_Pages/PaymentAmount_Page": null

2021-10-29 17:54:38 - [TEST_STEP][PASSED] - orPath_TaxInfo = "Object Repository/RAD_Pages/TaxInfo_Page": null

2021-10-29 17:54:38 - [TEST_STEP][PASSED] - orPath_Withholding = "Object Repository/RAD_Pages/Withholding_Page": null

2021-10-29 17:54:38 - [TEST_STEP][PASSED] - orPath_Summary = "Object Repository/RAD_Pages/Summary_Page": null

2021-10-29 17:54:38 - [TEST_STEP][PASSED] - orPath_PaymentReady = "Object Repository/RAD_Pages/PaymentReady_Page": null

2021-10-29 17:54:38 - [TEST_STEP][PASSED] - orPath_PaymentEntry = "Object Repository/RAD_Pages/PaymentEntry_Page": null

2021-10-29 17:54:38 - [TEST_STEP][PASSED] - orPath_PaymentConfirmation = "Object Repository/RAD_Pages/PaymentConfirmation_Page": null

2021-10-29 17:54:38 - [TEST_STEP][PASSED] - orPath_ServiceFeesAccept = "Object Repository/RAD_Pages/ServiceFeeAccept_Page": null

2021-10-29 17:54:38 - [TEST_STEP][PASSED] - selectOptionByLabel(findTestObject(orPath_Landing + "/dd_TaxType"), Taxtype, false): All options with label 'Estimated Tax' are selected in object 'Object Repository/RAD_Pages/Landing_Page/dd_TaxType' 

2021-10-29 17:54:39 - [MESSAGE][PASSED] - All options with label 'Estimated Tax' are selected in object 'Object Repository/RAD_Pages/Landing_Page/dd_TaxType' 

2021-10-29 17:54:39 - [TEST_STEP][PASSED] - delay(3): Delayed 3 second(s)

2021-10-29 17:54:42 - [MESSAGE][PASSED] - Delayed 3 second(s)

2021-10-29 17:54:42 - [TEST_STEP][PASSED] - switch (Taxtype): null

2021-10-29 17:54:42 - [TEST_STEP][PASSED] - case "Estimated Tax":: null

2021-10-29 17:54:42 - [TEST_STEP][PASSED] - selectOptionByLabel(findTestObject(orPath_TaxTypeFilingYear + "/select_PaymentType"), PaymentType, false): All options with label 'Personal' are selected in object 'Object Repository/RAD_Pages/TaxTypeFilingYear_Page/select_PaymentType' 

2021-10-29 17:54:42 - [MESSAGE][PASSED] - All options with label 'Personal' are selected in object 'Object Repository/RAD_Pages/TaxTypeFilingYear_Page/select_PaymentType' 

2021-10-29 17:54:42 - [TEST_STEP][PASSED] - selectOptionByLabel(findTestObject(orPath_TaxTypeFilingYear + "/select_FilingYear"), FilingYear, false): All options with label '2021' are selected in object 'Object Repository/RAD_Pages/TaxTypeFilingYear_Page/select_FilingYear' 

2021-10-29 17:54:43 - [MESSAGE][PASSED] - All options with label '2021' are selected in object 'Object Repository/RAD_Pages/TaxTypeFilingYear_Page/select_FilingYear' 

2021-10-29 17:54:43 - [TEST_STEP][PASSED] - setText(findTestObject(orPath_TaxPayer + "/input_lastName"), LName): Text 'Broad' is set on object 'Object Repository/RAD_Pages/Taxpayer_Page/input_lastName'

2021-10-29 17:54:43 - [MESSAGE][PASSED] - Text 'Broad' is set on object 'Object Repository/RAD_Pages/Taxpayer_Page/input_lastName'

2021-10-29 17:54:43 - [TEST_STEP][PASSED] - setText(findTestObject("RAD_RecordAndPlay/input_concatSSN"), SSN): Text '123456523' is set on object 'Object Repository/RAD_RecordAndPlay/input_concatSSN'

2021-10-29 17:54:44 - [MESSAGE][PASSED] - Text '123456523' is set on object 'Object Repository/RAD_RecordAndPlay/input_concatSSN'

2021-10-29 17:54:44 - [TEST_STEP][PASSED] - setText(findTestObject("RAD_RecordAndPlay/input_concatReSSN"), SSN): Text '123456523' is set on object 'Object Repository/RAD_RecordAndPlay/input_concatReSSN'

2021-10-29 17:54:44 - [MESSAGE][PASSED] - Text '123456523' is set on object 'Object Repository/RAD_RecordAndPlay/input_concatReSSN'

2021-10-29 17:54:44 - [TEST_STEP][PASSED] - if (PaymentType.equalsIgnoreCase("Personal")): Text '123443210' is set on object 'Object Repository/RAD_RecordAndPlay/input_reTypeJointFilerSSN'

2021-10-29 17:54:44 - [TEST_STEP][PASSED] - if (FilingType.equalsIgnoreCase("Y")): null

2021-10-29 17:54:44 - [TEST_STEP][PASSED] - else: Text '123443210' is set on object 'Object Repository/RAD_RecordAndPlay/input_reTypeJointFilerSSN'

2021-10-29 17:54:44 - [TEST_STEP][PASSED] - scrollToElement(findTestObject(orPath_Amount + "/input__paymentAmount"), 3): Scroll to object 'Object Repository/RAD_Pages/PaymentAmount_Page/input__paymentAmount' successfully

2021-10-29 17:54:45 - [MESSAGE][PASSED] - Scroll to object 'Object Repository/RAD_Pages/PaymentAmount_Page/input__paymentAmount' successfully

2021-10-29 17:54:45 - [TEST_STEP][PASSED] - waitForElementClickable(findTestObject(orPath_FilingStatus + "/input_userType_Joint"), 5): Object 'Object Repository/RAD_Pages/FilingStatus_Page/input_userType_Joint' is clickable

2021-10-29 17:54:45 - [MESSAGE][PASSED] - Object 'Object Repository/RAD_Pages/FilingStatus_Page/input_userType_Joint' is clickable

2021-10-29 17:54:45 - [TEST_STEP][PASSED] - check(findTestObject(orPath_FilingStatus + "/input_userType_Joint")): Object 'Object Repository/RAD_Pages/FilingStatus_Page/input_userType_Joint' is checked

2021-10-29 17:54:46 - [MESSAGE][PASSED] - Object 'Object Repository/RAD_Pages/FilingStatus_Page/input_userType_Joint' is checked

2021-10-29 17:54:46 - [TEST_STEP][PASSED] - delay(3): Delayed 3 second(s)

2021-10-29 17:54:49 - [MESSAGE][PASSED] - Delayed 3 second(s)

2021-10-29 17:54:49 - [TEST_STEP][PASSED] - setText(findTestObject(orPath_FilingStatus + "/input_jointFirstName"), "Katrina"): Text 'Katrina' is set on object 'Object Repository/RAD_Pages/FilingStatus_Page/input_jointFirstName'

2021-10-29 17:54:49 - [MESSAGE][PASSED] - Text 'Katrina' is set on object 'Object Repository/RAD_Pages/FilingStatus_Page/input_jointFirstName'

2021-10-29 17:54:49 - [TEST_STEP][PASSED] - setText(findTestObject(orPath_FilingStatus + "/input_jointLastName"), "Stokes"): Text 'Stokes' is set on object 'Object Repository/RAD_Pages/FilingStatus_Page/input_jointLastName'

2021-10-29 17:54:50 - [MESSAGE][PASSED] - Text 'Stokes' is set on object 'Object Repository/RAD_Pages/FilingStatus_Page/input_jointLastName'

2021-10-29 17:54:50 - [TEST_STEP][PASSED] - setText(findTestObject("Object Repository/RAD_RecordAndPlay/input_JointFilerSSN"), "123443210"): Text '123443210' is set on object 'Object Repository/RAD_RecordAndPlay/input_JointFilerSSN'

2021-10-29 17:54:51 - [MESSAGE][PASSED] - Text '123443210' is set on object 'Object Repository/RAD_RecordAndPlay/input_JointFilerSSN'

2021-10-29 17:54:51 - [TEST_STEP][PASSED] - setText(findTestObject("Object Repository/RAD_RecordAndPlay/input_reTypeJointFilerSSN"), "123443210"): Text '123443210' is set on object 'Object Repository/RAD_RecordAndPlay/input_reTypeJointFilerSSN'

2021-10-29 17:54:51 - [MESSAGE][PASSED] - Text '123443210' is set on object 'Object Repository/RAD_RecordAndPlay/input_reTypeJointFilerSSN'

2021-10-29 17:54:51 - [TEST_STEP][PASSED] - break: null

2021-10-29 17:54:51 - [TEST_STEP][PASSED] - setText(findTestObject(orPath_TaxPayer + "/input_firstName"), FName): Text 'Stuart' is set on object 'Object Repository/RAD_Pages/Taxpayer_Page/input_firstName'

2021-10-29 17:54:52 - [MESSAGE][PASSED] - Text 'Stuart' is set on object 'Object Repository/RAD_Pages/Taxpayer_Page/input_firstName'

2021-10-29 17:54:52 - [TEST_STEP][PASSED] - setText(findTestObject(orPath_TaxPayer + "/input_lastName"), LName): Text 'Broad' is set on object 'Object Repository/RAD_Pages/Taxpayer_Page/input_lastName'

2021-10-29 17:54:54 - [MESSAGE][PASSED] - Text 'Broad' is set on object 'Object Repository/RAD_Pages/Taxpayer_Page/input_lastName'

2021-10-29 17:54:54 - [TEST_STEP][PASSED] - selectOptionByLabel(findTestObject(orPath_AddressContact + "/select_Country"), "United States", false): All options with label 'United States' are selected in object 'Object Repository/RAD_Pages/AddressAndContactInfo_Page/select_Country' 

2021-10-29 17:54:54 - [MESSAGE][PASSED] - All options with label 'United States' are selected in object 'Object Repository/RAD_Pages/AddressAndContactInfo_Page/select_Country' 

2021-10-29 17:54:54 - [TEST_STEP][PASSED] - setText(findTestObject(orPath_AddressContact + "/input_streetAddress1"), AL1): Text '15 Main Street' is set on object 'Object Repository/RAD_Pages/AddressAndContactInfo_Page/input_streetAddress1'

2021-10-29 17:54:55 - [MESSAGE][PASSED] - Text '15 Main Street' is set on object 'Object Repository/RAD_Pages/AddressAndContactInfo_Page/input_streetAddress1'

2021-10-29 17:54:55 - [TEST_STEP][PASSED] - setText(findTestObject(orPath_AddressContact + "/input_streetAddress2"), ""): Text '' is set on object 'Object Repository/RAD_Pages/AddressAndContactInfo_Page/input_streetAddress2'

2021-10-29 17:54:56 - [MESSAGE][PASSED] - Text '' is set on object 'Object Repository/RAD_Pages/AddressAndContactInfo_Page/input_streetAddress2'

2021-10-29 17:54:56 - [TEST_STEP][PASSED] - setText(findTestObject(orPath_AddressContact + "/input_city"), City): Text 'Gambrills' is set on object 'Object Repository/RAD_Pages/AddressAndContactInfo_Page/input_city'

2021-10-29 17:54:57 - [MESSAGE][PASSED] - Text 'Gambrills' is set on object 'Object Repository/RAD_Pages/AddressAndContactInfo_Page/input_city'

2021-10-29 17:54:57 - [TEST_STEP][PASSED] - selectOptionByLabel(findTestObject(orPath_AddressContact + "/select_State"), "Maryland", false): All options with label 'Maryland' are selected in object 'Object Repository/RAD_Pages/AddressAndContactInfo_Page/select_State' 

2021-10-29 17:54:57 - [MESSAGE][PASSED] - All options with label 'Maryland' are selected in object 'Object Repository/RAD_Pages/AddressAndContactInfo_Page/select_State' 

2021-10-29 17:54:57 - [TEST_STEP][PASSED] - setText(findTestObject(orPath_AddressContact + "/input_zipCode"), ZIP): Text '21054' is set on object 'Object Repository/RAD_Pages/AddressAndContactInfo_Page/input_zipCode'

2021-10-29 17:54:58 - [MESSAGE][PASSED] - Text '21054' is set on object 'Object Repository/RAD_Pages/AddressAndContactInfo_Page/input_zipCode'

2021-10-29 17:54:58 - [TEST_STEP][PASSED] - setText(findTestObject(orPath_AddressContact + "/input_phoneNumber"), "(703) 894-5000"): Text '(703) 894-5000' is set on object 'Object Repository/RAD_Pages/AddressAndContactInfo_Page/input_phoneNumber'

2021-10-29 17:54:59 - [MESSAGE][PASSED] - Text '(703) 894-5000' is set on object 'Object Repository/RAD_Pages/AddressAndContactInfo_Page/input_phoneNumber'

2021-10-29 17:54:59 - [TEST_STEP][PASSED] - setText(findTestObject(orPath_AddressContact + "/input_eMailAddress"), "iahmed@govolution.com"): Text 'iahmed@govolution.com' is set on object 'Object Repository/RAD_Pages/AddressAndContactInfo_Page/input_eMailAddress'

2021-10-29 17:55:00 - [MESSAGE][PASSED] - Text 'iahmed@govolution.com' is set on object 'Object Repository/RAD_Pages/AddressAndContactInfo_Page/input_eMailAddress'

2021-10-29 17:55:00 - [TEST_STEP][PASSED] - setText(findTestObject(orPath_AddressContact + "/input_reEnterEMailAddress"), "iahmed@govolution.com"): Text 'iahmed@govolution.com' is set on object 'Object Repository/RAD_Pages/AddressAndContactInfo_Page/input_reEnterEMailAddress'

2021-10-29 17:55:00 - [MESSAGE][PASSED] - Text 'iahmed@govolution.com' is set on object 'Object Repository/RAD_Pages/AddressAndContactInfo_Page/input_reEnterEMailAddress'

2021-10-29 17:55:00 - [TEST_STEP][PASSED] - setText(findTestObject(orPath_Amount + "/input__paymentAmount"), Amount): Text '100.00' is set on object 'Object Repository/RAD_Pages/PaymentAmount_Page/input__paymentAmount'

2021-10-29 17:55:01 - [MESSAGE][PASSED] - Text '100.00' is set on object 'Object Repository/RAD_Pages/PaymentAmount_Page/input__paymentAmount'

2021-10-29 17:55:01 - [TEST_STEP][PASSED] - scrollToElement(findTestObject(orPath_Landing + "/button_Continue"), 3): Scroll to object 'Object Repository/RAD_Pages/Landing_Page/button_Continue' successfully

2021-10-29 17:55:01 - [MESSAGE][PASSED] - Scroll to object 'Object Repository/RAD_Pages/Landing_Page/button_Continue' successfully

2021-10-29 17:55:01 - [TEST_STEP][PASSED] - waitForElementClickable(findTestObject(orPath_Landing + "/button_Continue"), 5): Object 'Object Repository/RAD_Pages/Landing_Page/button_Continue' is clickable

2021-10-29 17:55:02 - [MESSAGE][PASSED] - Object 'Object Repository/RAD_Pages/Landing_Page/button_Continue' is clickable

2021-10-29 17:55:02 - [TEST_STEP][PASSED] - click(findTestObject(orPath_Landing + "/button_Continue")): Object: 'Object Repository/RAD_Pages/Landing_Page/button_Continue' is clicked on

2021-10-29 17:55:02 - [MESSAGE][PASSED] - Object: 'Object Repository/RAD_Pages/Landing_Page/button_Continue' is clicked on

2021-10-29 17:55:02 - [TEST_STEP][PASSED] - verifyTextPresent("Review the information below and make any necessary corrections by clicking the", true): Text 'Review the information below and make any necessary corrections by clicking the' is present on page  using regular expression

2021-10-29 17:55:03 - [MESSAGE][PASSED] - Text 'Review the information below and make any necessary corrections by clicking the' is present on page  using regular expression

2021-10-29 17:55:03 - [TEST_STEP][PASSED] - verifyTextPresent("When you are confident that all the information is correct", true): Text 'When you are confident that all the information is correct' is present on page  using regular expression

2021-10-29 17:55:03 - [MESSAGE][PASSED] - Text 'When you are confident that all the information is correct' is present on page  using regular expression

2021-10-29 17:55:03 - [TEST_STEP][PASSED] - delay(1): Delayed 1 second(s)

2021-10-29 17:55:04 - [MESSAGE][PASSED] - Delayed 1 second(s)

2021-10-29 17:55:04 - [TEST_STEP][PASSED] - click(findTestObject(orPath_Summary + "/button_Proceed to Payment")): Object: 'Object Repository/RAD_Pages/Summary_Page/button_Proceed to Payment' is clicked on

2021-10-29 17:55:06 - [MESSAGE][PASSED] - Object: 'Object Repository/RAD_Pages/Summary_Page/button_Proceed to Payment' is clicked on

2021-10-29 17:55:06 - [TEST_STEP][PASSED] - setText(findTestObject(orPath_PaymentEntry + "/input__cardNumber"), CCNumber): Text '5146312200000035' is set on object 'Object Repository/RAD_Pages/PaymentEntry_Page/input__cardNumber'

2021-10-29 17:55:07 - [MESSAGE][PASSED] - Text '5146312200000035' is set on object 'Object Repository/RAD_Pages/PaymentEntry_Page/input__cardNumber'

2021-10-29 17:55:07 - [TEST_STEP][PASSED] - setText(findTestObject(orPath_PaymentEntry + "/input__spc"), CVV): Text '123' is set on object 'Object Repository/RAD_Pages/PaymentEntry_Page/input__spc'

2021-10-29 17:55:08 - [MESSAGE][PASSED] - Text '123' is set on object 'Object Repository/RAD_Pages/PaymentEntry_Page/input__spc'

2021-10-29 17:55:08 - [TEST_STEP][PASSED] - selectOptionByLabel(findTestObject(orPath_PaymentEntry + "/select_MM"), "12", false): All options with label '12' are selected in object 'Object Repository/RAD_Pages/PaymentEntry_Page/select_MM' 

2021-10-29 17:55:08 - [MESSAGE][PASSED] - All options with label '12' are selected in object 'Object Repository/RAD_Pages/PaymentEntry_Page/select_MM' 

2021-10-29 17:55:08 - [TEST_STEP][PASSED] - selectOptionByLabel(findTestObject(orPath_PaymentEntry + "/select_YYYY"), "2023", false): All options with label '2023' are selected in object 'Object Repository/RAD_Pages/PaymentEntry_Page/select_YYYY' 

2021-10-29 17:55:09 - [MESSAGE][PASSED] - All options with label '2023' are selected in object 'Object Repository/RAD_Pages/PaymentEntry_Page/select_YYYY' 

2021-10-29 17:55:09 - [TEST_STEP][PASSED] - click(findTestObject(orPath_PaymentEntry + "/input_Field_ccSubmit")): Object: 'Object Repository/RAD_Pages/PaymentEntry_Page/input_Field_ccSubmit' is clicked on

2021-10-29 17:55:10 - [MESSAGE][PASSED] - Object: 'Object Repository/RAD_Pages/PaymentEntry_Page/input_Field_ccSubmit' is clicked on

2021-10-29 17:55:10 - [TEST_STEP][PASSED] - click(findTestObject(orPath_PaymentConfirmation + "/input_N_confirmNotifyAction")): Object: 'Object Repository/RAD_Pages/PaymentConfirmation_Page/input_N_confirmNotifyAction' is clicked on

2021-10-29 17:55:11 - [MESSAGE][PASSED] - Object: 'Object Repository/RAD_Pages/PaymentConfirmation_Page/input_N_confirmNotifyAction' is clicked on

2021-10-29 17:55:11 - [TEST_STEP][PASSED] - click(findTestObject(orPath_ServiceFeesAccept + "/input_convFeeNotifyAction")): Object: 'Object Repository/RAD_Pages/ServiceFeeAccept_Page/input_convFeeNotifyAction' is clicked on

2021-10-29 17:55:13 - [MESSAGE][PASSED] - Object: 'Object Repository/RAD_Pages/ServiceFeeAccept_Page/input_convFeeNotifyAction' is clicked on

2021-10-29 17:55:13 - [TEST_STEP][PASSED] - delay(10): Delayed 10 second(s)

2021-10-29 17:55:23 - [MESSAGE][PASSED] - Delayed 10 second(s)

2021-10-29 17:55:23 - [TEST_STEP][PASSED] - verifyTextPresent("Successful Payment Receipt", true): Text 'Successful Payment Receipt' is present on page  using regular expression

2021-10-29 17:55:23 - [MESSAGE][PASSED] - Text 'Successful Payment Receipt' is present on page  using regular expression

2021-10-29 17:55:23 - [TEST_STEP][PASSED] - if (verifyTextPresent("Successful Payment Receipt", true)): null

2021-10-29 17:55:23 - [MESSAGE][PASSED] - Text 'Successful Payment Receipt' is present on page  using regular expression

2021-10-29 17:55:23 - [TEST_STEP][PASSED] - println("Transaction was Successful"): null

2021-10-29 17:55:23 - [TEST_STEP][PASSED] - out.println("Pass Record Number: " + row): null

2021-10-29 17:55:23 - [TEST_STEP][PASSED] - resText = "Pass": null

2021-10-29 17:55:23 - [TEST_STEP][PASSED] - pages.WriteExcel.demoKey(resText, datText, resColumn, datCloumn, fileLoc, nameSheet, row): pages.WriteExcel.demoKey is PASSED

2021-10-29 17:55:23 - [MESSAGE][PASSED] - pages.WriteExcel.demoKey is PASSED

2021-10-29 17:55:23 - [TEST_STEP][PASSED] - ExecuteTC = findTestData(dataFile).getValue("Execute", row): null

2021-10-29 17:55:23 - [TEST_STEP][PASSED] - PaymentType = findTestData(dataFile).getValue("PaymentType", row): null

2021-10-29 17:55:24 - [TEST_STEP][PASSED] - FilingYear = findTestData(dataFile).getValue("FilingYear", row): null

2021-10-29 17:55:24 - [TEST_STEP][PASSED] - PeriodEnding = findTestData(dataFile).getValue("PeriodEnding", row): null

2021-10-29 17:55:24 - [TEST_STEP][PASSED] - FName = findTestData(dataFile).getValue("Fname", row): null

2021-10-29 17:55:24 - [TEST_STEP][PASSED] - LName = findTestData(dataFile).getValue("Lname", row): null

2021-10-29 17:55:24 - [TEST_STEP][PASSED] - SSN = findTestData(dataFile).getValue("SSN", row): null

2021-10-29 17:55:24 - [TEST_STEP][PASSED] - BusName = findTestData(dataFile).getValue("BusName", row): null

2021-10-29 17:55:24 - [TEST_STEP][PASSED] - AL1 = findTestData(dataFile).getValue("AL1", row): null

2021-10-29 17:55:24 - [TEST_STEP][PASSED] - City = findTestData(dataFile).getValue("City", row): null

2021-10-29 17:55:24 - [TEST_STEP][PASSED] - ZIP = findTestData(dataFile).getValue("ZIP", row): null

2021-10-29 17:55:24 - [TEST_STEP][PASSED] - FilingType = findTestData(dataFile).getValue("FilingType", row): null

2021-10-29 17:55:24 - [TEST_STEP][PASSED] - Withholding = findTestData(dataFile).getValue("Withholding", row): null

2021-10-29 17:55:24 - [TEST_STEP][PASSED] - Amount = findTestData(dataFile).getValue("Amount", row): null

2021-10-29 17:55:24 - [TEST_STEP][PASSED] - CCNumber = findTestData(dataFile).getValue("CCNumber", row): null

2021-10-29 17:55:24 - [TEST_STEP][PASSED] - CVV = findTestData(dataFile).getValue("CVV", row): null

2021-10-29 17:55:24 - [TEST_STEP][PASSED] - out.println("Value of Execute is : " + ExecuteTC): null

2021-10-29 17:55:24 - [TEST_STEP][PASSED] - if (ExecuteTC.equalsIgnoreCase("Y")): null

2021-10-29 17:55:24 - [TEST_STEP][PASSED] - out.println("Begin Record Number: " + row): null

2021-10-29 17:55:24 - [TEST_STEP][PASSED] - today = new java.util.Date(): null

2021-10-29 17:55:24 - [TEST_STEP][PASSED] - println(today): null

2021-10-29 17:55:24 - [TEST_STEP][PASSED] - datText = today: null

2021-10-29 17:55:24 - [TEST_STEP][PASSED] - Taxtype = findTestData(dataFile).getValue("TaxType", row): null

2021-10-29 17:55:24 - [TEST_STEP][PASSED] - out.println("Taxtype value is : " + Taxtype): null

2021-10-29 17:55:24 - [TEST_STEP][PASSED] - openBrowser(""): Browser is opened with url: ''

2021-10-29 17:55:24 - [MESSAGE][WARNING] - A browser is already opened. Closing browser and opening a new one

2021-10-29 17:55:25 - [MESSAGE][INFO] - Starting 'Chrome' driver

2021-10-29 17:55:25 - [MESSAGE][INFO] - User set preference: ['acceptInsecureCerts', 'true']

2021-10-29 17:55:25 - [MESSAGE][INFO] - Action delay is set to 0 milliseconds

2021-10-29 17:55:26 - [MESSAGE][PASSED] - Browser is opened with url: ''

2021-10-29 17:55:26 - [TEST_STEP][PASSED] - maximizeWindow(): Current window maximized

2021-10-29 17:55:27 - [MESSAGE][PASSED] - Current window maximized

2021-10-29 17:55:27 - [TEST_STEP][PASSED] - navigateToUrl(RADurl): Navigate to 'https://qa.velocitypayment.com/client/rad/index.html' successfully

2021-10-29 17:55:29 - [MESSAGE][PASSED] - Navigate to 'https://qa.velocitypayment.com/client/rad/index.html' successfully

2021-10-29 17:55:29 - [TEST_STEP][PASSED] - orPath_Landing = "Object Repository/RAD_Pages/Landing_Page": null

2021-10-29 17:55:29 - [TEST_STEP][PASSED] - orPath_TaxTypeFilingYear = "Object Repository/RAD_Pages/TaxTypeFilingYear_Page": null

2021-10-29 17:55:29 - [TEST_STEP][PASSED] - orPath_TaxPayer = "Object Repository/RAD_Pages/Taxpayer_Page": null

2021-10-29 17:55:29 - [TEST_STEP][PASSED] - orPath_AddressContact = "Object Repository/RAD_Pages/AddressAndContactInfo_Page": null

2021-10-29 17:55:29 - [TEST_STEP][PASSED] - orPath_FilingStatus = "Object Repository/RAD_Pages/FilingStatus_Page": null

2021-10-29 17:55:29 - [TEST_STEP][PASSED] - orPath_Amount = "Object Repository/RAD_Pages/PaymentAmount_Page": null

2021-10-29 17:55:29 - [TEST_STEP][PASSED] - orPath_TaxInfo = "Object Repository/RAD_Pages/TaxInfo_Page": null

2021-10-29 17:55:29 - [TEST_STEP][PASSED] - orPath_Withholding = "Object Repository/RAD_Pages/Withholding_Page": null

2021-10-29 17:55:29 - [TEST_STEP][PASSED] - orPath_Summary = "Object Repository/RAD_Pages/Summary_Page": null

2021-10-29 17:55:29 - [TEST_STEP][PASSED] - orPath_PaymentReady = "Object Repository/RAD_Pages/PaymentReady_Page": null

2021-10-29 17:55:29 - [TEST_STEP][PASSED] - orPath_PaymentEntry = "Object Repository/RAD_Pages/PaymentEntry_Page": null

2021-10-29 17:55:29 - [TEST_STEP][PASSED] - orPath_PaymentConfirmation = "Object Repository/RAD_Pages/PaymentConfirmation_Page": null

2021-10-29 17:55:29 - [TEST_STEP][PASSED] - orPath_ServiceFeesAccept = "Object Repository/RAD_Pages/ServiceFeeAccept_Page": null

2021-10-29 17:55:29 - [TEST_STEP][PASSED] - selectOptionByLabel(findTestObject(orPath_Landing + "/dd_TaxType"), Taxtype, false): All options with label 'Estimated Tax' are selected in object 'Object Repository/RAD_Pages/Landing_Page/dd_TaxType' 

2021-10-29 17:55:29 - [MESSAGE][PASSED] - All options with label 'Estimated Tax' are selected in object 'Object Repository/RAD_Pages/Landing_Page/dd_TaxType' 

2021-10-29 17:55:29 - [TEST_STEP][PASSED] - delay(3): Delayed 3 second(s)

2021-10-29 17:55:32 - [MESSAGE][PASSED] - Delayed 3 second(s)

2021-10-29 17:55:32 - [TEST_STEP][PASSED] - switch (Taxtype): null

2021-10-29 17:55:32 - [TEST_STEP][PASSED] - case "Estimated Tax":: null

2021-10-29 17:55:32 - [TEST_STEP][PASSED] - selectOptionByLabel(findTestObject(orPath_TaxTypeFilingYear + "/select_PaymentType"), PaymentType, false): All options with label 'Corporate' are selected in object 'Object Repository/RAD_Pages/TaxTypeFilingYear_Page/select_PaymentType' 

2021-10-29 17:55:33 - [MESSAGE][PASSED] - All options with label 'Corporate' are selected in object 'Object Repository/RAD_Pages/TaxTypeFilingYear_Page/select_PaymentType' 

2021-10-29 17:55:33 - [TEST_STEP][PASSED] - selectOptionByLabel(findTestObject(orPath_TaxTypeFilingYear + "/select_FilingYear"), FilingYear, false): All options with label '2021' are selected in object 'Object Repository/RAD_Pages/TaxTypeFilingYear_Page/select_FilingYear' 

2021-10-29 17:55:34 - [MESSAGE][PASSED] - All options with label '2021' are selected in object 'Object Repository/RAD_Pages/TaxTypeFilingYear_Page/select_FilingYear' 

2021-10-29 17:55:34 - [TEST_STEP][PASSED] - setText(findTestObject(orPath_TaxPayer + "/input_lastName"), LName): Text 'Anderson' is set on object 'Object Repository/RAD_Pages/Taxpayer_Page/input_lastName'

2021-10-29 17:55:35 - [MESSAGE][PASSED] - Text 'Anderson' is set on object 'Object Repository/RAD_Pages/Taxpayer_Page/input_lastName'

2021-10-29 17:55:35 - [TEST_STEP][PASSED] - setText(findTestObject("RAD_RecordAndPlay/input_concatSSN"), SSN): Text '123451234' is set on object 'Object Repository/RAD_RecordAndPlay/input_concatSSN'

2021-10-29 17:55:35 - [MESSAGE][PASSED] - Text '123451234' is set on object 'Object Repository/RAD_RecordAndPlay/input_concatSSN'

2021-10-29 17:55:35 - [TEST_STEP][PASSED] - setText(findTestObject("RAD_RecordAndPlay/input_concatReSSN"), SSN): Text '123451234' is set on object 'Object Repository/RAD_RecordAndPlay/input_concatReSSN'

2021-10-29 17:55:36 - [MESSAGE][PASSED] - Text '123451234' is set on object 'Object Repository/RAD_RecordAndPlay/input_concatReSSN'

2021-10-29 17:55:36 - [TEST_STEP][PASSED] - if (PaymentType.equalsIgnoreCase("Personal")): null

2021-10-29 17:55:36 - [TEST_STEP][PASSED] - break: null

2021-10-29 17:55:36 - [TEST_STEP][PASSED] - setText(findTestObject(orPath_TaxPayer + "/input_firstName"), FName): Text 'Jimmie' is set on object 'Object Repository/RAD_Pages/Taxpayer_Page/input_firstName'

2021-10-29 17:55:37 - [MESSAGE][PASSED] - Text 'Jimmie' is set on object 'Object Repository/RAD_Pages/Taxpayer_Page/input_firstName'

2021-10-29 17:55:37 - [TEST_STEP][PASSED] - setText(findTestObject(orPath_TaxPayer + "/input_lastName"), LName): Text 'Anderson' is set on object 'Object Repository/RAD_Pages/Taxpayer_Page/input_lastName'

2021-10-29 17:55:38 - [MESSAGE][PASSED] - Text 'Anderson' is set on object 'Object Repository/RAD_Pages/Taxpayer_Page/input_lastName'

2021-10-29 17:55:38 - [TEST_STEP][PASSED] - selectOptionByLabel(findTestObject(orPath_AddressContact + "/select_Country"), "United States", false): All options with label 'United States' are selected in object 'Object Repository/RAD_Pages/AddressAndContactInfo_Page/select_Country' 

2021-10-29 17:55:38 - [MESSAGE][PASSED] - All options with label 'United States' are selected in object 'Object Repository/RAD_Pages/AddressAndContactInfo_Page/select_Country' 

2021-10-29 17:55:38 - [TEST_STEP][PASSED] - setText(findTestObject(orPath_AddressContact + "/input_streetAddress1"), AL1): Text '15 Main Street' is set on object 'Object Repository/RAD_Pages/AddressAndContactInfo_Page/input_streetAddress1'

2021-10-29 17:55:39 - [MESSAGE][PASSED] - Text '15 Main Street' is set on object 'Object Repository/RAD_Pages/AddressAndContactInfo_Page/input_streetAddress1'

2021-10-29 17:55:39 - [TEST_STEP][PASSED] - setText(findTestObject(orPath_AddressContact + "/input_streetAddress2"), ""): Text '' is set on object 'Object Repository/RAD_Pages/AddressAndContactInfo_Page/input_streetAddress2'

2021-10-29 17:55:40 - [MESSAGE][PASSED] - Text '' is set on object 'Object Repository/RAD_Pages/AddressAndContactInfo_Page/input_streetAddress2'

2021-10-29 17:55:40 - [TEST_STEP][PASSED] - setText(findTestObject(orPath_AddressContact + "/input_city"), City): Text 'Gambrills' is set on object 'Object Repository/RAD_Pages/AddressAndContactInfo_Page/input_city'

2021-10-29 17:55:41 - [MESSAGE][PASSED] - Text 'Gambrills' is set on object 'Object Repository/RAD_Pages/AddressAndContactInfo_Page/input_city'

2021-10-29 17:55:41 - [TEST_STEP][PASSED] - selectOptionByLabel(findTestObject(orPath_AddressContact + "/select_State"), "Maryland", false): All options with label 'Maryland' are selected in object 'Object Repository/RAD_Pages/AddressAndContactInfo_Page/select_State' 

2021-10-29 17:55:41 - [MESSAGE][PASSED] - All options with label 'Maryland' are selected in object 'Object Repository/RAD_Pages/AddressAndContactInfo_Page/select_State' 

2021-10-29 17:55:41 - [TEST_STEP][PASSED] - setText(findTestObject(orPath_AddressContact + "/input_zipCode"), ZIP): Text '21054' is set on object 'Object Repository/RAD_Pages/AddressAndContactInfo_Page/input_zipCode'

2021-10-29 17:55:42 - [MESSAGE][PASSED] - Text '21054' is set on object 'Object Repository/RAD_Pages/AddressAndContactInfo_Page/input_zipCode'

2021-10-29 17:55:42 - [TEST_STEP][PASSED] - setText(findTestObject(orPath_AddressContact + "/input_phoneNumber"), "(703) 894-5000"): Text '(703) 894-5000' is set on object 'Object Repository/RAD_Pages/AddressAndContactInfo_Page/input_phoneNumber'

2021-10-29 17:55:43 - [MESSAGE][PASSED] - Text '(703) 894-5000' is set on object 'Object Repository/RAD_Pages/AddressAndContactInfo_Page/input_phoneNumber'

2021-10-29 17:55:43 - [TEST_STEP][PASSED] - setText(findTestObject(orPath_AddressContact + "/input_eMailAddress"), "iahmed@govolution.com"): Text 'iahmed@govolution.com' is set on object 'Object Repository/RAD_Pages/AddressAndContactInfo_Page/input_eMailAddress'

2021-10-29 17:55:43 - [MESSAGE][PASSED] - Text 'iahmed@govolution.com' is set on object 'Object Repository/RAD_Pages/AddressAndContactInfo_Page/input_eMailAddress'

2021-10-29 17:55:43 - [TEST_STEP][PASSED] - setText(findTestObject(orPath_AddressContact + "/input_reEnterEMailAddress"), "iahmed@govolution.com"): Text 'iahmed@govolution.com' is set on object 'Object Repository/RAD_Pages/AddressAndContactInfo_Page/input_reEnterEMailAddress'

2021-10-29 17:55:44 - [MESSAGE][PASSED] - Text 'iahmed@govolution.com' is set on object 'Object Repository/RAD_Pages/AddressAndContactInfo_Page/input_reEnterEMailAddress'

2021-10-29 17:55:44 - [TEST_STEP][PASSED] - setText(findTestObject(orPath_Amount + "/input__paymentAmount"), Amount): Text '100.00' is set on object 'Object Repository/RAD_Pages/PaymentAmount_Page/input__paymentAmount'

2021-10-29 17:55:45 - [MESSAGE][PASSED] - Text '100.00' is set on object 'Object Repository/RAD_Pages/PaymentAmount_Page/input__paymentAmount'

2021-10-29 17:55:45 - [TEST_STEP][PASSED] - scrollToElement(findTestObject(orPath_Landing + "/button_Continue"), 3): Scroll to object 'Object Repository/RAD_Pages/Landing_Page/button_Continue' successfully

2021-10-29 17:55:46 - [MESSAGE][PASSED] - Scroll to object 'Object Repository/RAD_Pages/Landing_Page/button_Continue' successfully

2021-10-29 17:55:46 - [TEST_STEP][PASSED] - waitForElementClickable(findTestObject(orPath_Landing + "/button_Continue"), 5): Object 'Object Repository/RAD_Pages/Landing_Page/button_Continue' is clickable

2021-10-29 17:55:46 - [MESSAGE][PASSED] - Object 'Object Repository/RAD_Pages/Landing_Page/button_Continue' is clickable

2021-10-29 17:55:46 - [TEST_STEP][PASSED] - click(findTestObject(orPath_Landing + "/button_Continue")): Object: 'Object Repository/RAD_Pages/Landing_Page/button_Continue' is clicked on

2021-10-29 17:55:46 - [MESSAGE][PASSED] - Object: 'Object Repository/RAD_Pages/Landing_Page/button_Continue' is clicked on

2021-10-29 17:55:46 - [TEST_STEP][PASSED] - verifyTextPresent("Review the information below and make any necessary corrections by clicking the", true): Text 'Review the information below and make any necessary corrections by clicking the' is present on page  using regular expression

2021-10-29 17:55:47 - [MESSAGE][PASSED] - Text 'Review the information below and make any necessary corrections by clicking the' is present on page  using regular expression

2021-10-29 17:55:47 - [TEST_STEP][PASSED] - verifyTextPresent("When you are confident that all the information is correct", true): Text 'When you are confident that all the information is correct' is present on page  using regular expression

2021-10-29 17:55:47 - [MESSAGE][PASSED] - Text 'When you are confident that all the information is correct' is present on page  using regular expression

2021-10-29 17:55:47 - [TEST_STEP][PASSED] - delay(1): Delayed 1 second(s)

2021-10-29 17:55:48 - [MESSAGE][PASSED] - Delayed 1 second(s)

2021-10-29 17:55:48 - [TEST_STEP][PASSED] - click(findTestObject(orPath_Summary + "/button_Proceed to Payment")): Object: 'Object Repository/RAD_Pages/Summary_Page/button_Proceed to Payment' is clicked on

2021-10-29 17:55:51 - [MESSAGE][PASSED] - Object: 'Object Repository/RAD_Pages/Summary_Page/button_Proceed to Payment' is clicked on

2021-10-29 17:55:51 - [TEST_STEP][PASSED] - setText(findTestObject(orPath_PaymentEntry + "/input__cardNumber"), CCNumber): Text '6011000993026909' is set on object 'Object Repository/RAD_Pages/PaymentEntry_Page/input__cardNumber'

2021-10-29 17:55:52 - [MESSAGE][PASSED] - Text '6011000993026909' is set on object 'Object Repository/RAD_Pages/PaymentEntry_Page/input__cardNumber'

2021-10-29 17:55:52 - [TEST_STEP][PASSED] - setText(findTestObject(orPath_PaymentEntry + "/input__spc"), CVV): Text '123' is set on object 'Object Repository/RAD_Pages/PaymentEntry_Page/input__spc'

2021-10-29 17:55:53 - [MESSAGE][PASSED] - Text '123' is set on object 'Object Repository/RAD_Pages/PaymentEntry_Page/input__spc'

2021-10-29 17:55:53 - [TEST_STEP][PASSED] - selectOptionByLabel(findTestObject(orPath_PaymentEntry + "/select_MM"), "12", false): All options with label '12' are selected in object 'Object Repository/RAD_Pages/PaymentEntry_Page/select_MM' 

2021-10-29 17:55:53 - [MESSAGE][PASSED] - All options with label '12' are selected in object 'Object Repository/RAD_Pages/PaymentEntry_Page/select_MM' 

2021-10-29 17:55:53 - [TEST_STEP][PASSED] - selectOptionByLabel(findTestObject(orPath_PaymentEntry + "/select_YYYY"), "2023", false): All options with label '2023' are selected in object 'Object Repository/RAD_Pages/PaymentEntry_Page/select_YYYY' 

2021-10-29 17:55:54 - [MESSAGE][PASSED] - All options with label '2023' are selected in object 'Object Repository/RAD_Pages/PaymentEntry_Page/select_YYYY' 

2021-10-29 17:55:54 - [TEST_STEP][PASSED] - click(findTestObject(orPath_PaymentEntry + "/input_Field_ccSubmit")): Object: 'Object Repository/RAD_Pages/PaymentEntry_Page/input_Field_ccSubmit' is clicked on

2021-10-29 17:55:55 - [MESSAGE][PASSED] - Object: 'Object Repository/RAD_Pages/PaymentEntry_Page/input_Field_ccSubmit' is clicked on

2021-10-29 17:55:55 - [TEST_STEP][PASSED] - click(findTestObject(orPath_PaymentConfirmation + "/input_N_confirmNotifyAction")): Object: 'Object Repository/RAD_Pages/PaymentConfirmation_Page/input_N_confirmNotifyAction' is clicked on

2021-10-29 17:55:56 - [MESSAGE][PASSED] - Object: 'Object Repository/RAD_Pages/PaymentConfirmation_Page/input_N_confirmNotifyAction' is clicked on

2021-10-29 17:55:56 - [TEST_STEP][PASSED] - click(findTestObject(orPath_ServiceFeesAccept + "/input_convFeeNotifyAction")): Object: 'Object Repository/RAD_Pages/ServiceFeeAccept_Page/input_convFeeNotifyAction' is clicked on

2021-10-29 17:55:58 - [MESSAGE][PASSED] - Object: 'Object Repository/RAD_Pages/ServiceFeeAccept_Page/input_convFeeNotifyAction' is clicked on

2021-10-29 17:55:58 - [TEST_STEP][PASSED] - delay(10): Delayed 10 second(s)

2021-10-29 17:56:08 - [MESSAGE][PASSED] - Delayed 10 second(s)

2021-10-29 17:56:08 - [TEST_STEP][PASSED] - verifyTextPresent("Successful Payment Receipt", true): Text 'Successful Payment Receipt' is present on page  using regular expression

2021-10-29 17:56:08 - [MESSAGE][PASSED] - Text 'Successful Payment Receipt' is present on page  using regular expression

2021-10-29 17:56:08 - [TEST_STEP][PASSED] - if (verifyTextPresent("Successful Payment Receipt", true)): null

2021-10-29 17:56:09 - [MESSAGE][PASSED] - Text 'Successful Payment Receipt' is present on page  using regular expression

2021-10-29 17:56:09 - [TEST_STEP][PASSED] - println("Transaction was Successful"): null

2021-10-29 17:56:09 - [TEST_STEP][PASSED] - out.println("Pass Record Number: " + row): null

2021-10-29 17:56:09 - [TEST_STEP][PASSED] - resText = "Pass": null

2021-10-29 17:56:09 - [TEST_STEP][PASSED] - pages.WriteExcel.demoKey(resText, datText, resColumn, datCloumn, fileLoc, nameSheet, row): pages.WriteExcel.demoKey is PASSED

2021-10-29 17:56:09 - [MESSAGE][PASSED] - pages.WriteExcel.demoKey is PASSED

2021-10-29 17:56:09 - [TEST_STEP][PASSED] - ExecuteTC = findTestData(dataFile).getValue("Execute", row): null

2021-10-29 17:56:09 - [TEST_STEP][PASSED] - PaymentType = findTestData(dataFile).getValue("PaymentType", row): null

2021-10-29 17:56:09 - [TEST_STEP][PASSED] - FilingYear = findTestData(dataFile).getValue("FilingYear", row): null

2021-10-29 17:56:09 - [TEST_STEP][PASSED] - PeriodEnding = findTestData(dataFile).getValue("PeriodEnding", row): null

2021-10-29 17:56:09 - [TEST_STEP][PASSED] - FName = findTestData(dataFile).getValue("Fname", row): null

2021-10-29 17:56:09 - [TEST_STEP][PASSED] - LName = findTestData(dataFile).getValue("Lname", row): null

2021-10-29 17:56:09 - [TEST_STEP][PASSED] - SSN = findTestData(dataFile).getValue("SSN", row): null

2021-10-29 17:56:09 - [TEST_STEP][PASSED] - BusName = findTestData(dataFile).getValue("BusName", row): null

2021-10-29 17:56:09 - [TEST_STEP][PASSED] - AL1 = findTestData(dataFile).getValue("AL1", row): null

2021-10-29 17:56:09 - [TEST_STEP][PASSED] - City = findTestData(dataFile).getValue("City", row): null

2021-10-29 17:56:09 - [TEST_STEP][PASSED] - ZIP = findTestData(dataFile).getValue("ZIP", row): null

2021-10-29 17:56:09 - [TEST_STEP][PASSED] - FilingType = findTestData(dataFile).getValue("FilingType", row): null

2021-10-29 17:56:09 - [TEST_STEP][PASSED] - Withholding = findTestData(dataFile).getValue("Withholding", row): null

2021-10-29 17:56:09 - [TEST_STEP][PASSED] - Amount = findTestData(dataFile).getValue("Amount", row): null

2021-10-29 17:56:09 - [TEST_STEP][PASSED] - CCNumber = findTestData(dataFile).getValue("CCNumber", row): null

2021-10-29 17:56:09 - [TEST_STEP][PASSED] - CVV = findTestData(dataFile).getValue("CVV", row): null

2021-10-29 17:56:09 - [TEST_STEP][PASSED] - out.println("Value of Execute is : " + ExecuteTC): null

2021-10-29 17:56:09 - [TEST_STEP][PASSED] - if (ExecuteTC.equalsIgnoreCase("Y")): null

2021-10-29 17:56:09 - [TEST_STEP][PASSED] - out.println("Begin Record Number: " + row): null

2021-10-29 17:56:09 - [TEST_STEP][PASSED] - today = new java.util.Date(): null

2021-10-29 17:56:09 - [TEST_STEP][PASSED] - println(today): null

2021-10-29 17:56:09 - [TEST_STEP][PASSED] - datText = today: null

2021-10-29 17:56:09 - [TEST_STEP][PASSED] - Taxtype = findTestData(dataFile).getValue("TaxType", row): null

2021-10-29 17:56:09 - [TEST_STEP][PASSED] - out.println("Taxtype value is : " + Taxtype): null

2021-10-29 17:56:09 - [TEST_STEP][PASSED] - openBrowser(""): Browser is opened with url: ''

2021-10-29 17:56:09 - [MESSAGE][WARNING] - A browser is already opened. Closing browser and opening a new one

2021-10-29 17:56:10 - [MESSAGE][INFO] - Starting 'Chrome' driver

2021-10-29 17:56:10 - [MESSAGE][INFO] - User set preference: ['acceptInsecureCerts', 'true']

2021-10-29 17:56:10 - [MESSAGE][INFO] - Action delay is set to 0 milliseconds

2021-10-29 17:56:12 - [MESSAGE][PASSED] - Browser is opened with url: ''

2021-10-29 17:56:12 - [TEST_STEP][PASSED] - maximizeWindow(): Current window maximized

2021-10-29 17:56:12 - [MESSAGE][PASSED] - Current window maximized

2021-10-29 17:56:12 - [TEST_STEP][PASSED] - navigateToUrl(RADurl): Navigate to 'https://qa.velocitypayment.com/client/rad/index.html' successfully

2021-10-29 17:56:14 - [MESSAGE][PASSED] - Navigate to 'https://qa.velocitypayment.com/client/rad/index.html' successfully

2021-10-29 17:56:14 - [TEST_STEP][PASSED] - orPath_Landing = "Object Repository/RAD_Pages/Landing_Page": null

2021-10-29 17:56:14 - [TEST_STEP][PASSED] - orPath_TaxTypeFilingYear = "Object Repository/RAD_Pages/TaxTypeFilingYear_Page": null

2021-10-29 17:56:14 - [TEST_STEP][PASSED] - orPath_TaxPayer = "Object Repository/RAD_Pages/Taxpayer_Page": null

2021-10-29 17:56:14 - [TEST_STEP][PASSED] - orPath_AddressContact = "Object Repository/RAD_Pages/AddressAndContactInfo_Page": null

2021-10-29 17:56:14 - [TEST_STEP][PASSED] - orPath_FilingStatus = "Object Repository/RAD_Pages/FilingStatus_Page": null

2021-10-29 17:56:14 - [TEST_STEP][PASSED] - orPath_Amount = "Object Repository/RAD_Pages/PaymentAmount_Page": null

2021-10-29 17:56:14 - [TEST_STEP][PASSED] - orPath_TaxInfo = "Object Repository/RAD_Pages/TaxInfo_Page": null

2021-10-29 17:56:14 - [TEST_STEP][PASSED] - orPath_Withholding = "Object Repository/RAD_Pages/Withholding_Page": null

2021-10-29 17:56:14 - [TEST_STEP][PASSED] - orPath_Summary = "Object Repository/RAD_Pages/Summary_Page": null

2021-10-29 17:56:14 - [TEST_STEP][PASSED] - orPath_PaymentReady = "Object Repository/RAD_Pages/PaymentReady_Page": null

2021-10-29 17:56:14 - [TEST_STEP][PASSED] - orPath_PaymentEntry = "Object Repository/RAD_Pages/PaymentEntry_Page": null

2021-10-29 17:56:14 - [TEST_STEP][PASSED] - orPath_PaymentConfirmation = "Object Repository/RAD_Pages/PaymentConfirmation_Page": null

2021-10-29 17:56:14 - [TEST_STEP][PASSED] - orPath_ServiceFeesAccept = "Object Repository/RAD_Pages/ServiceFeeAccept_Page": null

2021-10-29 17:56:14 - [TEST_STEP][PASSED] - selectOptionByLabel(findTestObject(orPath_Landing + "/dd_TaxType"), Taxtype, false): All options with label 'Personal Income Tax' are selected in object 'Object Repository/RAD_Pages/Landing_Page/dd_TaxType' 

2021-10-29 17:56:15 - [MESSAGE][PASSED] - All options with label 'Personal Income Tax' are selected in object 'Object Repository/RAD_Pages/Landing_Page/dd_TaxType' 

2021-10-29 17:56:15 - [TEST_STEP][PASSED] - delay(3): Delayed 3 second(s)

2021-10-29 17:56:18 - [MESSAGE][PASSED] - Delayed 3 second(s)

2021-10-29 17:56:18 - [TEST_STEP][PASSED] - switch (Taxtype): null

2021-10-29 17:56:18 - [TEST_STEP][PASSED] - case "Personal Income Tax":: null

2021-10-29 17:56:18 - [TEST_STEP][PASSED] - selectOptionByLabel(findTestObject(orPath_TaxTypeFilingYear + "/select_FilingYear"), FilingYear, false): All options with label '2020' are selected in object 'Object Repository/RAD_Pages/TaxTypeFilingYear_Page/select_FilingYear' 

2021-10-29 17:56:19 - [MESSAGE][PASSED] - All options with label '2020' are selected in object 'Object Repository/RAD_Pages/TaxTypeFilingYear_Page/select_FilingYear' 

2021-10-29 17:56:19 - [TEST_STEP][PASSED] - setText(findTestObject(orPath_TaxPayer + "/input_lastName"), LName): Text 'Cook' is set on object 'Object Repository/RAD_Pages/Taxpayer_Page/input_lastName'

2021-10-29 17:56:20 - [MESSAGE][PASSED] - Text 'Cook' is set on object 'Object Repository/RAD_Pages/Taxpayer_Page/input_lastName'

2021-10-29 17:56:20 - [TEST_STEP][PASSED] - setText(findTestObject("RAD_RecordAndPlay/input_concatSSN"), SSN): Text '123450145' is set on object 'Object Repository/RAD_RecordAndPlay/input_concatSSN'

2021-10-29 17:56:20 - [MESSAGE][PASSED] - Text '123450145' is set on object 'Object Repository/RAD_RecordAndPlay/input_concatSSN'

2021-10-29 17:56:20 - [TEST_STEP][PASSED] - setText(findTestObject("RAD_RecordAndPlay/input_concatReSSN"), SSN): Text '123450145' is set on object 'Object Repository/RAD_RecordAndPlay/input_concatReSSN'

2021-10-29 17:56:21 - [MESSAGE][PASSED] - Text '123450145' is set on object 'Object Repository/RAD_RecordAndPlay/input_concatReSSN'

2021-10-29 17:56:21 - [TEST_STEP][PASSED] - if (FilingType.equalsIgnoreCase("Y")): Object 'Object Repository/RAD_Pages/FilingStatus_Page/input_userType_Individual' is checked

2021-10-29 17:56:21 - [TEST_STEP][PASSED] - check(findTestObject(orPath_FilingStatus + "/input_userType_Individual")): Object 'Object Repository/RAD_Pages/FilingStatus_Page/input_userType_Individual' is checked

2021-10-29 17:56:21 - [MESSAGE][PASSED] - Object 'Object Repository/RAD_Pages/FilingStatus_Page/input_userType_Individual' is checked

2021-10-29 17:56:21 - [TEST_STEP][PASSED] - break: null

2021-10-29 17:56:21 - [TEST_STEP][PASSED] - setText(findTestObject(orPath_TaxPayer + "/input_firstName"), FName): Text 'Andrew' is set on object 'Object Repository/RAD_Pages/Taxpayer_Page/input_firstName'

2021-10-29 17:56:22 - [MESSAGE][PASSED] - Text 'Andrew' is set on object 'Object Repository/RAD_Pages/Taxpayer_Page/input_firstName'

2021-10-29 17:56:22 - [TEST_STEP][PASSED] - setText(findTestObject(orPath_TaxPayer + "/input_lastName"), LName): Text 'Cook' is set on object 'Object Repository/RAD_Pages/Taxpayer_Page/input_lastName'

2021-10-29 17:56:23 - [MESSAGE][PASSED] - Text 'Cook' is set on object 'Object Repository/RAD_Pages/Taxpayer_Page/input_lastName'

2021-10-29 17:56:23 - [TEST_STEP][PASSED] - selectOptionByLabel(findTestObject(orPath_AddressContact + "/select_Country"), "United States", false): All options with label 'United States' are selected in object 'Object Repository/RAD_Pages/AddressAndContactInfo_Page/select_Country' 

2021-10-29 17:56:24 - [MESSAGE][PASSED] - All options with label 'United States' are selected in object 'Object Repository/RAD_Pages/AddressAndContactInfo_Page/select_Country' 

2021-10-29 17:56:24 - [TEST_STEP][PASSED] - setText(findTestObject(orPath_AddressContact + "/input_streetAddress1"), AL1): Text '3652 Mandan road' is set on object 'Object Repository/RAD_Pages/AddressAndContactInfo_Page/input_streetAddress1'

2021-10-29 17:56:24 - [MESSAGE][PASSED] - Text '3652 Mandan road' is set on object 'Object Repository/RAD_Pages/AddressAndContactInfo_Page/input_streetAddress1'

2021-10-29 17:56:24 - [TEST_STEP][PASSED] - setText(findTestObject(orPath_AddressContact + "/input_streetAddress2"), ""): Text '' is set on object 'Object Repository/RAD_Pages/AddressAndContactInfo_Page/input_streetAddress2'

2021-10-29 17:56:25 - [MESSAGE][PASSED] - Text '' is set on object 'Object Repository/RAD_Pages/AddressAndContactInfo_Page/input_streetAddress2'

2021-10-29 17:56:25 - [TEST_STEP][PASSED] - setText(findTestObject(orPath_AddressContact + "/input_city"), City): Text 'Crofton' is set on object 'Object Repository/RAD_Pages/AddressAndContactInfo_Page/input_city'

2021-10-29 17:56:26 - [MESSAGE][PASSED] - Text 'Crofton' is set on object 'Object Repository/RAD_Pages/AddressAndContactInfo_Page/input_city'

2021-10-29 17:56:26 - [TEST_STEP][PASSED] - selectOptionByLabel(findTestObject(orPath_AddressContact + "/select_State"), "Maryland", false): All options with label 'Maryland' are selected in object 'Object Repository/RAD_Pages/AddressAndContactInfo_Page/select_State' 

2021-10-29 17:56:26 - [MESSAGE][PASSED] - All options with label 'Maryland' are selected in object 'Object Repository/RAD_Pages/AddressAndContactInfo_Page/select_State' 

2021-10-29 17:56:26 - [TEST_STEP][PASSED] - setText(findTestObject(orPath_AddressContact + "/input_zipCode"), ZIP): Text '21114' is set on object 'Object Repository/RAD_Pages/AddressAndContactInfo_Page/input_zipCode'

2021-10-29 17:56:27 - [MESSAGE][PASSED] - Text '21114' is set on object 'Object Repository/RAD_Pages/AddressAndContactInfo_Page/input_zipCode'

2021-10-29 17:56:27 - [TEST_STEP][PASSED] - setText(findTestObject(orPath_AddressContact + "/input_phoneNumber"), "(703) 894-5000"): Text '(703) 894-5000' is set on object 'Object Repository/RAD_Pages/AddressAndContactInfo_Page/input_phoneNumber'

2021-10-29 17:56:28 - [MESSAGE][PASSED] - Text '(703) 894-5000' is set on object 'Object Repository/RAD_Pages/AddressAndContactInfo_Page/input_phoneNumber'

2021-10-29 17:56:28 - [TEST_STEP][PASSED] - setText(findTestObject(orPath_AddressContact + "/input_eMailAddress"), "iahmed@govolution.com"): Text 'iahmed@govolution.com' is set on object 'Object Repository/RAD_Pages/AddressAndContactInfo_Page/input_eMailAddress'

2021-10-29 17:56:29 - [MESSAGE][PASSED] - Text 'iahmed@govolution.com' is set on object 'Object Repository/RAD_Pages/AddressAndContactInfo_Page/input_eMailAddress'

2021-10-29 17:56:29 - [TEST_STEP][PASSED] - setText(findTestObject(orPath_AddressContact + "/input_reEnterEMailAddress"), "iahmed@govolution.com"): Text 'iahmed@govolution.com' is set on object 'Object Repository/RAD_Pages/AddressAndContactInfo_Page/input_reEnterEMailAddress'

2021-10-29 17:56:29 - [MESSAGE][PASSED] - Text 'iahmed@govolution.com' is set on object 'Object Repository/RAD_Pages/AddressAndContactInfo_Page/input_reEnterEMailAddress'

2021-10-29 17:56:29 - [TEST_STEP][PASSED] - setText(findTestObject(orPath_Amount + "/input__paymentAmount"), Amount): Text '100.00' is set on object 'Object Repository/RAD_Pages/PaymentAmount_Page/input__paymentAmount'

2021-10-29 17:56:30 - [MESSAGE][PASSED] - Text '100.00' is set on object 'Object Repository/RAD_Pages/PaymentAmount_Page/input__paymentAmount'

2021-10-29 17:56:30 - [TEST_STEP][PASSED] - scrollToElement(findTestObject(orPath_Landing + "/button_Continue"), 3): Scroll to object 'Object Repository/RAD_Pages/Landing_Page/button_Continue' successfully

2021-10-29 17:56:31 - [MESSAGE][PASSED] - Scroll to object 'Object Repository/RAD_Pages/Landing_Page/button_Continue' successfully

2021-10-29 17:56:31 - [TEST_STEP][PASSED] - waitForElementClickable(findTestObject(orPath_Landing + "/button_Continue"), 5): Object 'Object Repository/RAD_Pages/Landing_Page/button_Continue' is clickable

2021-10-29 17:56:31 - [MESSAGE][PASSED] - Object 'Object Repository/RAD_Pages/Landing_Page/button_Continue' is clickable

2021-10-29 17:56:31 - [TEST_STEP][PASSED] - click(findTestObject(orPath_Landing + "/button_Continue")): Object: 'Object Repository/RAD_Pages/Landing_Page/button_Continue' is clicked on

2021-10-29 17:56:32 - [MESSAGE][PASSED] - Object: 'Object Repository/RAD_Pages/Landing_Page/button_Continue' is clicked on

2021-10-29 17:56:32 - [TEST_STEP][PASSED] - verifyTextPresent("Review the information below and make any necessary corrections by clicking the", true): Text 'Review the information below and make any necessary corrections by clicking the' is present on page  using regular expression

2021-10-29 17:56:32 - [MESSAGE][PASSED] - Text 'Review the information below and make any necessary corrections by clicking the' is present on page  using regular expression

2021-10-29 17:56:32 - [TEST_STEP][PASSED] - verifyTextPresent("When you are confident that all the information is correct", true): Text 'When you are confident that all the information is correct' is present on page  using regular expression

2021-10-29 17:56:33 - [MESSAGE][PASSED] - Text 'When you are confident that all the information is correct' is present on page  using regular expression

2021-10-29 17:56:33 - [TEST_STEP][PASSED] - delay(1): Delayed 1 second(s)

2021-10-29 17:56:34 - [MESSAGE][PASSED] - Delayed 1 second(s)

2021-10-29 17:56:34 - [TEST_STEP][PASSED] - click(findTestObject(orPath_Summary + "/button_Proceed to Payment")): Object: 'Object Repository/RAD_Pages/Summary_Page/button_Proceed to Payment' is clicked on

2021-10-29 17:56:35 - [MESSAGE][PASSED] - Object: 'Object Repository/RAD_Pages/Summary_Page/button_Proceed to Payment' is clicked on

2021-10-29 17:56:35 - [TEST_STEP][PASSED] - setText(findTestObject(orPath_PaymentEntry + "/input__cardNumber"), CCNumber): Text '4012000098765439' is set on object 'Object Repository/RAD_Pages/PaymentEntry_Page/input__cardNumber'

2021-10-29 17:56:36 - [MESSAGE][PASSED] - Text '4012000098765439' is set on object 'Object Repository/RAD_Pages/PaymentEntry_Page/input__cardNumber'

2021-10-29 17:56:36 - [TEST_STEP][PASSED] - setText(findTestObject(orPath_PaymentEntry + "/input__spc"), CVV): Text '123' is set on object 'Object Repository/RAD_Pages/PaymentEntry_Page/input__spc'

2021-10-29 17:56:37 - [MESSAGE][PASSED] - Text '123' is set on object 'Object Repository/RAD_Pages/PaymentEntry_Page/input__spc'

2021-10-29 17:56:37 - [TEST_STEP][PASSED] - selectOptionByLabel(findTestObject(orPath_PaymentEntry + "/select_MM"), "12", false): All options with label '12' are selected in object 'Object Repository/RAD_Pages/PaymentEntry_Page/select_MM' 

2021-10-29 17:56:38 - [MESSAGE][PASSED] - All options with label '12' are selected in object 'Object Repository/RAD_Pages/PaymentEntry_Page/select_MM' 

2021-10-29 17:56:38 - [TEST_STEP][PASSED] - selectOptionByLabel(findTestObject(orPath_PaymentEntry + "/select_YYYY"), "2023", false): All options with label '2023' are selected in object 'Object Repository/RAD_Pages/PaymentEntry_Page/select_YYYY' 

2021-10-29 17:56:38 - [MESSAGE][PASSED] - All options with label '2023' are selected in object 'Object Repository/RAD_Pages/PaymentEntry_Page/select_YYYY' 

2021-10-29 17:56:38 - [TEST_STEP][PASSED] - click(findTestObject(orPath_PaymentEntry + "/input_Field_ccSubmit")): Object: 'Object Repository/RAD_Pages/PaymentEntry_Page/input_Field_ccSubmit' is clicked on

2021-10-29 17:56:39 - [MESSAGE][PASSED] - Object: 'Object Repository/RAD_Pages/PaymentEntry_Page/input_Field_ccSubmit' is clicked on

2021-10-29 17:56:39 - [TEST_STEP][PASSED] - click(findTestObject(orPath_PaymentConfirmation + "/input_N_confirmNotifyAction")): Object: 'Object Repository/RAD_Pages/PaymentConfirmation_Page/input_N_confirmNotifyAction' is clicked on

2021-10-29 17:56:41 - [MESSAGE][PASSED] - Object: 'Object Repository/RAD_Pages/PaymentConfirmation_Page/input_N_confirmNotifyAction' is clicked on

2021-10-29 17:56:41 - [TEST_STEP][PASSED] - click(findTestObject(orPath_ServiceFeesAccept + "/input_convFeeNotifyAction")): Object: 'Object Repository/RAD_Pages/ServiceFeeAccept_Page/input_convFeeNotifyAction' is clicked on

2021-10-29 17:56:42 - [MESSAGE][PASSED] - Object: 'Object Repository/RAD_Pages/ServiceFeeAccept_Page/input_convFeeNotifyAction' is clicked on

2021-10-29 17:56:42 - [TEST_STEP][PASSED] - delay(10): Delayed 10 second(s)

2021-10-29 17:56:52 - [MESSAGE][PASSED] - Delayed 10 second(s)

2021-10-29 17:56:52 - [TEST_STEP][PASSED] - verifyTextPresent("Successful Payment Receipt", true): Text 'Successful Payment Receipt' is present on page  using regular expression

2021-10-29 17:56:52 - [MESSAGE][PASSED] - Text 'Successful Payment Receipt' is present on page  using regular expression

2021-10-29 17:56:52 - [TEST_STEP][PASSED] - if (verifyTextPresent("Successful Payment Receipt", true)): null

2021-10-29 17:56:53 - [MESSAGE][PASSED] - Text 'Successful Payment Receipt' is present on page  using regular expression

2021-10-29 17:56:53 - [TEST_STEP][PASSED] - println("Transaction was Successful"): null

2021-10-29 17:56:53 - [TEST_STEP][PASSED] - out.println("Pass Record Number: " + row): null

2021-10-29 17:56:53 - [TEST_STEP][PASSED] - resText = "Pass": null

2021-10-29 17:56:53 - [TEST_STEP][PASSED] - pages.WriteExcel.demoKey(resText, datText, resColumn, datCloumn, fileLoc, nameSheet, row): pages.WriteExcel.demoKey is PASSED

2021-10-29 17:56:53 - [MESSAGE][PASSED] - pages.WriteExcel.demoKey is PASSED

2021-10-29 17:56:53 - [TEST_STEP][PASSED] - ExecuteTC = findTestData(dataFile).getValue("Execute", row): null

2021-10-29 17:56:53 - [TEST_STEP][PASSED] - PaymentType = findTestData(dataFile).getValue("PaymentType", row): null

2021-10-29 17:56:53 - [TEST_STEP][PASSED] - FilingYear = findTestData(dataFile).getValue("FilingYear", row): null

2021-10-29 17:56:53 - [TEST_STEP][PASSED] - PeriodEnding = findTestData(dataFile).getValue("PeriodEnding", row): null

2021-10-29 17:56:53 - [TEST_STEP][PASSED] - FName = findTestData(dataFile).getValue("Fname", row): null

2021-10-29 17:56:53 - [TEST_STEP][PASSED] - LName = findTestData(dataFile).getValue("Lname", row): null

2021-10-29 17:56:53 - [TEST_STEP][PASSED] - SSN = findTestData(dataFile).getValue("SSN", row): null

2021-10-29 17:56:53 - [TEST_STEP][PASSED] - BusName = findTestData(dataFile).getValue("BusName", row): null

2021-10-29 17:56:53 - [TEST_STEP][PASSED] - AL1 = findTestData(dataFile).getValue("AL1", row): null

2021-10-29 17:56:53 - [TEST_STEP][PASSED] - City = findTestData(dataFile).getValue("City", row): null

2021-10-29 17:56:53 - [TEST_STEP][PASSED] - ZIP = findTestData(dataFile).getValue("ZIP", row): null

2021-10-29 17:56:53 - [TEST_STEP][PASSED] - FilingType = findTestData(dataFile).getValue("FilingType", row): null

2021-10-29 17:56:53 - [TEST_STEP][PASSED] - Withholding = findTestData(dataFile).getValue("Withholding", row): null

2021-10-29 17:56:53 - [TEST_STEP][PASSED] - Amount = findTestData(dataFile).getValue("Amount", row): null

2021-10-29 17:56:53 - [TEST_STEP][PASSED] - CCNumber = findTestData(dataFile).getValue("CCNumber", row): null

2021-10-29 17:56:53 - [TEST_STEP][PASSED] - CVV = findTestData(dataFile).getValue("CVV", row): null

2021-10-29 17:56:53 - [TEST_STEP][PASSED] - out.println("Value of Execute is : " + ExecuteTC): null

2021-10-29 17:56:53 - [TEST_STEP][PASSED] - if (ExecuteTC.equalsIgnoreCase("Y")): null

2021-10-29 17:56:53 - [TEST_STEP][PASSED] - out.println("Begin Record Number: " + row): null

2021-10-29 17:56:53 - [TEST_STEP][PASSED] - today = new java.util.Date(): null

2021-10-29 17:56:53 - [TEST_STEP][PASSED] - println(today): null

2021-10-29 17:56:53 - [TEST_STEP][PASSED] - datText = today: null

2021-10-29 17:56:53 - [TEST_STEP][PASSED] - Taxtype = findTestData(dataFile).getValue("TaxType", row): null

2021-10-29 17:56:53 - [TEST_STEP][PASSED] - out.println("Taxtype value is : " + Taxtype): null

2021-10-29 17:56:53 - [TEST_STEP][PASSED] - openBrowser(""): Browser is opened with url: ''

2021-10-29 17:56:53 - [MESSAGE][WARNING] - A browser is already opened. Closing browser and opening a new one

2021-10-29 17:56:54 - [MESSAGE][INFO] - Starting 'Chrome' driver

2021-10-29 17:56:54 - [MESSAGE][INFO] - User set preference: ['acceptInsecureCerts', 'true']

2021-10-29 17:56:54 - [MESSAGE][INFO] - Action delay is set to 0 milliseconds

2021-10-29 17:56:56 - [MESSAGE][PASSED] - Browser is opened with url: ''

2021-10-29 17:56:56 - [TEST_STEP][PASSED] - maximizeWindow(): Current window maximized

2021-10-29 17:56:56 - [MESSAGE][PASSED] - Current window maximized

2021-10-29 17:56:56 - [TEST_STEP][PASSED] - navigateToUrl(RADurl): Navigate to 'https://qa.velocitypayment.com/client/rad/index.html' successfully

2021-10-29 17:56:58 - [MESSAGE][PASSED] - Navigate to 'https://qa.velocitypayment.com/client/rad/index.html' successfully

2021-10-29 17:56:58 - [TEST_STEP][PASSED] - orPath_Landing = "Object Repository/RAD_Pages/Landing_Page": null

2021-10-29 17:56:58 - [TEST_STEP][PASSED] - orPath_TaxTypeFilingYear = "Object Repository/RAD_Pages/TaxTypeFilingYear_Page": null

2021-10-29 17:56:58 - [TEST_STEP][PASSED] - orPath_TaxPayer = "Object Repository/RAD_Pages/Taxpayer_Page": null

2021-10-29 17:56:58 - [TEST_STEP][PASSED] - orPath_AddressContact = "Object Repository/RAD_Pages/AddressAndContactInfo_Page": null

2021-10-29 17:56:58 - [TEST_STEP][PASSED] - orPath_FilingStatus = "Object Repository/RAD_Pages/FilingStatus_Page": null

2021-10-29 17:56:58 - [TEST_STEP][PASSED] - orPath_Amount = "Object Repository/RAD_Pages/PaymentAmount_Page": null

2021-10-29 17:56:58 - [TEST_STEP][PASSED] - orPath_TaxInfo = "Object Repository/RAD_Pages/TaxInfo_Page": null

2021-10-29 17:56:58 - [TEST_STEP][PASSED] - orPath_Withholding = "Object Repository/RAD_Pages/Withholding_Page": null

2021-10-29 17:56:58 - [TEST_STEP][PASSED] - orPath_Summary = "Object Repository/RAD_Pages/Summary_Page": null

2021-10-29 17:56:58 - [TEST_STEP][PASSED] - orPath_PaymentReady = "Object Repository/RAD_Pages/PaymentReady_Page": null

2021-10-29 17:56:58 - [TEST_STEP][PASSED] - orPath_PaymentEntry = "Object Repository/RAD_Pages/PaymentEntry_Page": null

2021-10-29 17:56:58 - [TEST_STEP][PASSED] - orPath_PaymentConfirmation = "Object Repository/RAD_Pages/PaymentConfirmation_Page": null

2021-10-29 17:56:58 - [TEST_STEP][PASSED] - orPath_ServiceFeesAccept = "Object Repository/RAD_Pages/ServiceFeeAccept_Page": null

2021-10-29 17:56:58 - [TEST_STEP][PASSED] - selectOptionByLabel(findTestObject(orPath_Landing + "/dd_TaxType"), Taxtype, false): All options with label 'Personal Income Tax' are selected in object 'Object Repository/RAD_Pages/Landing_Page/dd_TaxType' 

2021-10-29 17:56:59 - [MESSAGE][PASSED] - All options with label 'Personal Income Tax' are selected in object 'Object Repository/RAD_Pages/Landing_Page/dd_TaxType' 

2021-10-29 17:56:59 - [TEST_STEP][PASSED] - delay(3): Delayed 3 second(s)

2021-10-29 17:57:02 - [MESSAGE][PASSED] - Delayed 3 second(s)

2021-10-29 17:57:02 - [TEST_STEP][PASSED] - switch (Taxtype): null

2021-10-29 17:57:02 - [TEST_STEP][PASSED] - case "Personal Income Tax":: null

2021-10-29 17:57:02 - [TEST_STEP][PASSED] - selectOptionByLabel(findTestObject(orPath_TaxTypeFilingYear + "/select_FilingYear"), FilingYear, false): All options with label '2019' are selected in object 'Object Repository/RAD_Pages/TaxTypeFilingYear_Page/select_FilingYear' 

2021-10-29 17:57:03 - [MESSAGE][PASSED] - All options with label '2019' are selected in object 'Object Repository/RAD_Pages/TaxTypeFilingYear_Page/select_FilingYear' 

2021-10-29 17:57:03 - [TEST_STEP][PASSED] - setText(findTestObject(orPath_TaxPayer + "/input_lastName"), LName): Text 'Bell' is set on object 'Object Repository/RAD_Pages/Taxpayer_Page/input_lastName'

2021-10-29 17:57:03 - [MESSAGE][PASSED] - Text 'Bell' is set on object 'Object Repository/RAD_Pages/Taxpayer_Page/input_lastName'

2021-10-29 17:57:03 - [TEST_STEP][PASSED] - setText(findTestObject("RAD_RecordAndPlay/input_concatSSN"), SSN): Text '123459630' is set on object 'Object Repository/RAD_RecordAndPlay/input_concatSSN'

2021-10-29 17:57:04 - [MESSAGE][PASSED] - Text '123459630' is set on object 'Object Repository/RAD_RecordAndPlay/input_concatSSN'

2021-10-29 17:57:04 - [TEST_STEP][PASSED] - setText(findTestObject("RAD_RecordAndPlay/input_concatReSSN"), SSN): Text '123459630' is set on object 'Object Repository/RAD_RecordAndPlay/input_concatReSSN'

2021-10-29 17:57:04 - [MESSAGE][PASSED] - Text '123459630' is set on object 'Object Repository/RAD_RecordAndPlay/input_concatReSSN'

2021-10-29 17:57:04 - [TEST_STEP][PASSED] - if (FilingType.equalsIgnoreCase("Y")): Object 'Object Repository/RAD_Pages/FilingStatus_Page/input_userType_Individual' is checked

2021-10-29 17:57:04 - [TEST_STEP][PASSED] - check(findTestObject(orPath_FilingStatus + "/input_userType_Individual")): Object 'Object Repository/RAD_Pages/FilingStatus_Page/input_userType_Individual' is checked

2021-10-29 17:57:05 - [MESSAGE][PASSED] - Object 'Object Repository/RAD_Pages/FilingStatus_Page/input_userType_Individual' is checked

2021-10-29 17:57:05 - [TEST_STEP][PASSED] - break: null

2021-10-29 17:57:05 - [TEST_STEP][PASSED] - setText(findTestObject(orPath_TaxPayer + "/input_firstName"), FName): Text 'Larsons' is set on object 'Object Repository/RAD_Pages/Taxpayer_Page/input_firstName'

2021-10-29 17:57:06 - [MESSAGE][PASSED] - Text 'Larsons' is set on object 'Object Repository/RAD_Pages/Taxpayer_Page/input_firstName'

2021-10-29 17:57:06 - [TEST_STEP][PASSED] - setText(findTestObject(orPath_TaxPayer + "/input_lastName"), LName): Text 'Bell' is set on object 'Object Repository/RAD_Pages/Taxpayer_Page/input_lastName'

2021-10-29 17:57:07 - [MESSAGE][PASSED] - Text 'Bell' is set on object 'Object Repository/RAD_Pages/Taxpayer_Page/input_lastName'

2021-10-29 17:57:07 - [TEST_STEP][PASSED] - selectOptionByLabel(findTestObject(orPath_AddressContact + "/select_Country"), "United States", false): All options with label 'United States' are selected in object 'Object Repository/RAD_Pages/AddressAndContactInfo_Page/select_Country' 

2021-10-29 17:57:07 - [MESSAGE][PASSED] - All options with label 'United States' are selected in object 'Object Repository/RAD_Pages/AddressAndContactInfo_Page/select_Country' 

2021-10-29 17:57:07 - [TEST_STEP][PASSED] - setText(findTestObject(orPath_AddressContact + "/input_streetAddress1"), AL1): Text '114 Clark Ave' is set on object 'Object Repository/RAD_Pages/AddressAndContactInfo_Page/input_streetAddress1'

2021-10-29 17:57:08 - [MESSAGE][PASSED] - Text '114 Clark Ave' is set on object 'Object Repository/RAD_Pages/AddressAndContactInfo_Page/input_streetAddress1'

2021-10-29 17:57:08 - [TEST_STEP][PASSED] - setText(findTestObject(orPath_AddressContact + "/input_streetAddress2"), ""): Text '' is set on object 'Object Repository/RAD_Pages/AddressAndContactInfo_Page/input_streetAddress2'

2021-10-29 17:57:09 - [MESSAGE][PASSED] - Text '' is set on object 'Object Repository/RAD_Pages/AddressAndContactInfo_Page/input_streetAddress2'

2021-10-29 17:57:09 - [TEST_STEP][PASSED] - setText(findTestObject(orPath_AddressContact + "/input_city"), City): Text 'Severn' is set on object 'Object Repository/RAD_Pages/AddressAndContactInfo_Page/input_city'

2021-10-29 17:57:09 - [MESSAGE][PASSED] - Text 'Severn' is set on object 'Object Repository/RAD_Pages/AddressAndContactInfo_Page/input_city'

2021-10-29 17:57:09 - [TEST_STEP][PASSED] - selectOptionByLabel(findTestObject(orPath_AddressContact + "/select_State"), "Maryland", false): All options with label 'Maryland' are selected in object 'Object Repository/RAD_Pages/AddressAndContactInfo_Page/select_State' 

2021-10-29 17:57:10 - [MESSAGE][PASSED] - All options with label 'Maryland' are selected in object 'Object Repository/RAD_Pages/AddressAndContactInfo_Page/select_State' 

2021-10-29 17:57:10 - [TEST_STEP][PASSED] - setText(findTestObject(orPath_AddressContact + "/input_zipCode"), ZIP): Text '21144' is set on object 'Object Repository/RAD_Pages/AddressAndContactInfo_Page/input_zipCode'

2021-10-29 17:57:11 - [MESSAGE][PASSED] - Text '21144' is set on object 'Object Repository/RAD_Pages/AddressAndContactInfo_Page/input_zipCode'

2021-10-29 17:57:11 - [TEST_STEP][PASSED] - setText(findTestObject(orPath_AddressContact + "/input_phoneNumber"), "(703) 894-5000"): Text '(703) 894-5000' is set on object 'Object Repository/RAD_Pages/AddressAndContactInfo_Page/input_phoneNumber'

2021-10-29 17:57:11 - [MESSAGE][PASSED] - Text '(703) 894-5000' is set on object 'Object Repository/RAD_Pages/AddressAndContactInfo_Page/input_phoneNumber'

2021-10-29 17:57:11 - [TEST_STEP][PASSED] - setText(findTestObject(orPath_AddressContact + "/input_eMailAddress"), "iahmed@govolution.com"): Text 'iahmed@govolution.com' is set on object 'Object Repository/RAD_Pages/AddressAndContactInfo_Page/input_eMailAddress'

2021-10-29 17:57:12 - [MESSAGE][PASSED] - Text 'iahmed@govolution.com' is set on object 'Object Repository/RAD_Pages/AddressAndContactInfo_Page/input_eMailAddress'

2021-10-29 17:57:12 - [TEST_STEP][PASSED] - setText(findTestObject(orPath_AddressContact + "/input_reEnterEMailAddress"), "iahmed@govolution.com"): Text 'iahmed@govolution.com' is set on object 'Object Repository/RAD_Pages/AddressAndContactInfo_Page/input_reEnterEMailAddress'

2021-10-29 17:57:13 - [MESSAGE][PASSED] - Text 'iahmed@govolution.com' is set on object 'Object Repository/RAD_Pages/AddressAndContactInfo_Page/input_reEnterEMailAddress'

2021-10-29 17:57:13 - [TEST_STEP][PASSED] - setText(findTestObject(orPath_Amount + "/input__paymentAmount"), Amount): Text '100.00' is set on object 'Object Repository/RAD_Pages/PaymentAmount_Page/input__paymentAmount'

2021-10-29 17:57:14 - [MESSAGE][PASSED] - Text '100.00' is set on object 'Object Repository/RAD_Pages/PaymentAmount_Page/input__paymentAmount'

2021-10-29 17:57:14 - [TEST_STEP][PASSED] - scrollToElement(findTestObject(orPath_Landing + "/button_Continue"), 3): Scroll to object 'Object Repository/RAD_Pages/Landing_Page/button_Continue' successfully

2021-10-29 17:57:14 - [MESSAGE][PASSED] - Scroll to object 'Object Repository/RAD_Pages/Landing_Page/button_Continue' successfully

2021-10-29 17:57:14 - [TEST_STEP][PASSED] - waitForElementClickable(findTestObject(orPath_Landing + "/button_Continue"), 5): Object 'Object Repository/RAD_Pages/Landing_Page/button_Continue' is clickable

2021-10-29 17:57:15 - [MESSAGE][PASSED] - Object 'Object Repository/RAD_Pages/Landing_Page/button_Continue' is clickable

2021-10-29 17:57:15 - [TEST_STEP][PASSED] - click(findTestObject(orPath_Landing + "/button_Continue")): Object: 'Object Repository/RAD_Pages/Landing_Page/button_Continue' is clicked on

2021-10-29 17:57:15 - [MESSAGE][PASSED] - Object: 'Object Repository/RAD_Pages/Landing_Page/button_Continue' is clicked on

2021-10-29 17:57:15 - [TEST_STEP][PASSED] - verifyTextPresent("Review the information below and make any necessary corrections by clicking the", true): Text 'Review the information below and make any necessary corrections by clicking the' is present on page  using regular expression

2021-10-29 17:57:16 - [MESSAGE][PASSED] - Text 'Review the information below and make any necessary corrections by clicking the' is present on page  using regular expression

2021-10-29 17:57:16 - [TEST_STEP][PASSED] - verifyTextPresent("When you are confident that all the information is correct", true): Text 'When you are confident that all the information is correct' is present on page  using regular expression

2021-10-29 17:57:16 - [MESSAGE][PASSED] - Text 'When you are confident that all the information is correct' is present on page  using regular expression

2021-10-29 17:57:16 - [TEST_STEP][PASSED] - delay(1): Delayed 1 second(s)

2021-10-29 17:57:17 - [MESSAGE][PASSED] - Delayed 1 second(s)

2021-10-29 17:57:17 - [TEST_STEP][PASSED] - click(findTestObject(orPath_Summary + "/button_Proceed to Payment")): Object: 'Object Repository/RAD_Pages/Summary_Page/button_Proceed to Payment' is clicked on

2021-10-29 17:57:19 - [MESSAGE][PASSED] - Object: 'Object Repository/RAD_Pages/Summary_Page/button_Proceed to Payment' is clicked on

2021-10-29 17:57:19 - [TEST_STEP][PASSED] - setText(findTestObject(orPath_PaymentEntry + "/input__cardNumber"), CCNumber): Text '5146312200000035' is set on object 'Object Repository/RAD_Pages/PaymentEntry_Page/input__cardNumber'

2021-10-29 17:57:20 - [MESSAGE][PASSED] - Text '5146312200000035' is set on object 'Object Repository/RAD_Pages/PaymentEntry_Page/input__cardNumber'

2021-10-29 17:57:20 - [TEST_STEP][PASSED] - setText(findTestObject(orPath_PaymentEntry + "/input__spc"), CVV): Text '123' is set on object 'Object Repository/RAD_Pages/PaymentEntry_Page/input__spc'

2021-10-29 17:57:20 - [MESSAGE][PASSED] - Text '123' is set on object 'Object Repository/RAD_Pages/PaymentEntry_Page/input__spc'

2021-10-29 17:57:20 - [TEST_STEP][PASSED] - selectOptionByLabel(findTestObject(orPath_PaymentEntry + "/select_MM"), "12", false): All options with label '12' are selected in object 'Object Repository/RAD_Pages/PaymentEntry_Page/select_MM' 

2021-10-29 17:57:21 - [MESSAGE][PASSED] - All options with label '12' are selected in object 'Object Repository/RAD_Pages/PaymentEntry_Page/select_MM' 

2021-10-29 17:57:21 - [TEST_STEP][PASSED] - selectOptionByLabel(findTestObject(orPath_PaymentEntry + "/select_YYYY"), "2023", false): All options with label '2023' are selected in object 'Object Repository/RAD_Pages/PaymentEntry_Page/select_YYYY' 

2021-10-29 17:57:22 - [MESSAGE][PASSED] - All options with label '2023' are selected in object 'Object Repository/RAD_Pages/PaymentEntry_Page/select_YYYY' 

2021-10-29 17:57:22 - [TEST_STEP][PASSED] - click(findTestObject(orPath_PaymentEntry + "/input_Field_ccSubmit")): Object: 'Object Repository/RAD_Pages/PaymentEntry_Page/input_Field_ccSubmit' is clicked on

2021-10-29 17:57:23 - [MESSAGE][PASSED] - Object: 'Object Repository/RAD_Pages/PaymentEntry_Page/input_Field_ccSubmit' is clicked on

2021-10-29 17:57:23 - [TEST_STEP][PASSED] - click(findTestObject(orPath_PaymentConfirmation + "/input_N_confirmNotifyAction")): Object: 'Object Repository/RAD_Pages/PaymentConfirmation_Page/input_N_confirmNotifyAction' is clicked on

2021-10-29 17:57:24 - [MESSAGE][PASSED] - Object: 'Object Repository/RAD_Pages/PaymentConfirmation_Page/input_N_confirmNotifyAction' is clicked on

2021-10-29 17:57:24 - [TEST_STEP][PASSED] - click(findTestObject(orPath_ServiceFeesAccept + "/input_convFeeNotifyAction")): Object: 'Object Repository/RAD_Pages/ServiceFeeAccept_Page/input_convFeeNotifyAction' is clicked on

2021-10-29 17:57:26 - [MESSAGE][PASSED] - Object: 'Object Repository/RAD_Pages/ServiceFeeAccept_Page/input_convFeeNotifyAction' is clicked on

2021-10-29 17:57:26 - [TEST_STEP][PASSED] - delay(10): Delayed 10 second(s)

2021-10-29 17:57:36 - [MESSAGE][PASSED] - Delayed 10 second(s)

2021-10-29 17:57:36 - [TEST_STEP][PASSED] - verifyTextPresent("Successful Payment Receipt", true): Text 'Successful Payment Receipt' is present on page  using regular expression

2021-10-29 17:57:36 - [MESSAGE][PASSED] - Text 'Successful Payment Receipt' is present on page  using regular expression

2021-10-29 17:57:36 - [TEST_STEP][PASSED] - if (verifyTextPresent("Successful Payment Receipt", true)): null

2021-10-29 17:57:36 - [MESSAGE][PASSED] - Text 'Successful Payment Receipt' is present on page  using regular expression

2021-10-29 17:57:36 - [TEST_STEP][PASSED] - println("Transaction was Successful"): null

2021-10-29 17:57:36 - [TEST_STEP][PASSED] - out.println("Pass Record Number: " + row): null

2021-10-29 17:57:36 - [TEST_STEP][PASSED] - resText = "Pass": null

2021-10-29 17:57:36 - [TEST_STEP][PASSED] - pages.WriteExcel.demoKey(resText, datText, resColumn, datCloumn, fileLoc, nameSheet, row): pages.WriteExcel.demoKey is PASSED

2021-10-29 17:57:36 - [MESSAGE][PASSED] - pages.WriteExcel.demoKey is PASSED

2021-10-29 17:57:36 - [TEST_STEP][PASSED] - ExecuteTC = findTestData(dataFile).getValue("Execute", row): null

2021-10-29 17:57:36 - [TEST_STEP][PASSED] - PaymentType = findTestData(dataFile).getValue("PaymentType", row): null

2021-10-29 17:57:36 - [TEST_STEP][PASSED] - FilingYear = findTestData(dataFile).getValue("FilingYear", row): null

2021-10-29 17:57:36 - [TEST_STEP][PASSED] - PeriodEnding = findTestData(dataFile).getValue("PeriodEnding", row): null

2021-10-29 17:57:36 - [TEST_STEP][PASSED] - FName = findTestData(dataFile).getValue("Fname", row): null

2021-10-29 17:57:36 - [TEST_STEP][PASSED] - LName = findTestData(dataFile).getValue("Lname", row): null

2021-10-29 17:57:36 - [TEST_STEP][PASSED] - SSN = findTestData(dataFile).getValue("SSN", row): null

2021-10-29 17:57:36 - [TEST_STEP][PASSED] - BusName = findTestData(dataFile).getValue("BusName", row): null

2021-10-29 17:57:36 - [TEST_STEP][PASSED] - AL1 = findTestData(dataFile).getValue("AL1", row): null

2021-10-29 17:57:36 - [TEST_STEP][PASSED] - City = findTestData(dataFile).getValue("City", row): null

2021-10-29 17:57:37 - [TEST_STEP][PASSED] - ZIP = findTestData(dataFile).getValue("ZIP", row): null

2021-10-29 17:57:37 - [TEST_STEP][PASSED] - FilingType = findTestData(dataFile).getValue("FilingType", row): null

2021-10-29 17:57:37 - [TEST_STEP][PASSED] - Withholding = findTestData(dataFile).getValue("Withholding", row): null

2021-10-29 17:57:37 - [TEST_STEP][PASSED] - Amount = findTestData(dataFile).getValue("Amount", row): null

2021-10-29 17:57:37 - [TEST_STEP][PASSED] - CCNumber = findTestData(dataFile).getValue("CCNumber", row): null

2021-10-29 17:57:37 - [TEST_STEP][PASSED] - CVV = findTestData(dataFile).getValue("CVV", row): null

2021-10-29 17:57:37 - [TEST_STEP][PASSED] - out.println("Value of Execute is : " + ExecuteTC): null

2021-10-29 17:57:37 - [TEST_STEP][PASSED] - if (ExecuteTC.equalsIgnoreCase("Y")): null

2021-10-29 17:57:37 - [TEST_STEP][PASSED] - out.println("Begin Record Number: " + row): null

2021-10-29 17:57:37 - [TEST_STEP][PASSED] - today = new java.util.Date(): null

2021-10-29 17:57:37 - [TEST_STEP][PASSED] - println(today): null

2021-10-29 17:57:37 - [TEST_STEP][PASSED] - datText = today: null

2021-10-29 17:57:37 - [TEST_STEP][PASSED] - Taxtype = findTestData(dataFile).getValue("TaxType", row): null

2021-10-29 17:57:37 - [TEST_STEP][PASSED] - out.println("Taxtype value is : " + Taxtype): null

2021-10-29 17:57:37 - [TEST_STEP][PASSED] - openBrowser(""): Browser is opened with url: ''

2021-10-29 17:57:37 - [MESSAGE][WARNING] - A browser is already opened. Closing browser and opening a new one

2021-10-29 17:57:37 - [MESSAGE][INFO] - Starting 'Chrome' driver

2021-10-29 17:57:37 - [MESSAGE][INFO] - User set preference: ['acceptInsecureCerts', 'true']

2021-10-29 17:57:37 - [MESSAGE][INFO] - Action delay is set to 0 milliseconds

2021-10-29 17:57:39 - [MESSAGE][PASSED] - Browser is opened with url: ''

2021-10-29 17:57:39 - [TEST_STEP][PASSED] - maximizeWindow(): Current window maximized

2021-10-29 17:57:39 - [MESSAGE][PASSED] - Current window maximized

2021-10-29 17:57:39 - [TEST_STEP][PASSED] - navigateToUrl(RADurl): Navigate to 'https://qa.velocitypayment.com/client/rad/index.html' successfully

2021-10-29 17:57:41 - [MESSAGE][PASSED] - Navigate to 'https://qa.velocitypayment.com/client/rad/index.html' successfully

2021-10-29 17:57:41 - [TEST_STEP][PASSED] - orPath_Landing = "Object Repository/RAD_Pages/Landing_Page": null

2021-10-29 17:57:41 - [TEST_STEP][PASSED] - orPath_TaxTypeFilingYear = "Object Repository/RAD_Pages/TaxTypeFilingYear_Page": null

2021-10-29 17:57:41 - [TEST_STEP][PASSED] - orPath_TaxPayer = "Object Repository/RAD_Pages/Taxpayer_Page": null

2021-10-29 17:57:41 - [TEST_STEP][PASSED] - orPath_AddressContact = "Object Repository/RAD_Pages/AddressAndContactInfo_Page": null

2021-10-29 17:57:41 - [TEST_STEP][PASSED] - orPath_FilingStatus = "Object Repository/RAD_Pages/FilingStatus_Page": null

2021-10-29 17:57:41 - [TEST_STEP][PASSED] - orPath_Amount = "Object Repository/RAD_Pages/PaymentAmount_Page": null

2021-10-29 17:57:41 - [TEST_STEP][PASSED] - orPath_TaxInfo = "Object Repository/RAD_Pages/TaxInfo_Page": null

2021-10-29 17:57:41 - [TEST_STEP][PASSED] - orPath_Withholding = "Object Repository/RAD_Pages/Withholding_Page": null

2021-10-29 17:57:41 - [TEST_STEP][PASSED] - orPath_Summary = "Object Repository/RAD_Pages/Summary_Page": null

2021-10-29 17:57:41 - [TEST_STEP][PASSED] - orPath_PaymentReady = "Object Repository/RAD_Pages/PaymentReady_Page": null

2021-10-29 17:57:41 - [TEST_STEP][PASSED] - orPath_PaymentEntry = "Object Repository/RAD_Pages/PaymentEntry_Page": null

2021-10-29 17:57:41 - [TEST_STEP][PASSED] - orPath_PaymentConfirmation = "Object Repository/RAD_Pages/PaymentConfirmation_Page": null

2021-10-29 17:57:41 - [TEST_STEP][PASSED] - orPath_ServiceFeesAccept = "Object Repository/RAD_Pages/ServiceFeeAccept_Page": null

2021-10-29 17:57:41 - [TEST_STEP][PASSED] - selectOptionByLabel(findTestObject(orPath_Landing + "/dd_TaxType"), Taxtype, false): All options with label 'Personal Income Tax' are selected in object 'Object Repository/RAD_Pages/Landing_Page/dd_TaxType' 

2021-10-29 17:57:42 - [MESSAGE][PASSED] - All options with label 'Personal Income Tax' are selected in object 'Object Repository/RAD_Pages/Landing_Page/dd_TaxType' 

2021-10-29 17:57:42 - [TEST_STEP][PASSED] - delay(3): Delayed 3 second(s)

2021-10-29 17:57:45 - [MESSAGE][PASSED] - Delayed 3 second(s)

2021-10-29 17:57:45 - [TEST_STEP][PASSED] - switch (Taxtype): null

2021-10-29 17:57:45 - [TEST_STEP][PASSED] - case "Personal Income Tax":: null

2021-10-29 17:57:45 - [TEST_STEP][PASSED] - selectOptionByLabel(findTestObject(orPath_TaxTypeFilingYear + "/select_FilingYear"), FilingYear, false): All options with label '2018' are selected in object 'Object Repository/RAD_Pages/TaxTypeFilingYear_Page/select_FilingYear' 

2021-10-29 17:57:46 - [MESSAGE][PASSED] - All options with label '2018' are selected in object 'Object Repository/RAD_Pages/TaxTypeFilingYear_Page/select_FilingYear' 

2021-10-29 17:57:46 - [TEST_STEP][PASSED] - setText(findTestObject(orPath_TaxPayer + "/input_lastName"), LName): Text 'Vaughn' is set on object 'Object Repository/RAD_Pages/Taxpayer_Page/input_lastName'

2021-10-29 17:57:46 - [MESSAGE][PASSED] - Text 'Vaughn' is set on object 'Object Repository/RAD_Pages/Taxpayer_Page/input_lastName'

2021-10-29 17:57:46 - [TEST_STEP][PASSED] - setText(findTestObject("RAD_RecordAndPlay/input_concatSSN"), SSN): Text '123452514' is set on object 'Object Repository/RAD_RecordAndPlay/input_concatSSN'

2021-10-29 17:57:47 - [MESSAGE][PASSED] - Text '123452514' is set on object 'Object Repository/RAD_RecordAndPlay/input_concatSSN'

2021-10-29 17:57:47 - [TEST_STEP][PASSED] - setText(findTestObject("RAD_RecordAndPlay/input_concatReSSN"), SSN): Text '123452514' is set on object 'Object Repository/RAD_RecordAndPlay/input_concatReSSN'

2021-10-29 17:57:47 - [MESSAGE][PASSED] - Text '123452514' is set on object 'Object Repository/RAD_RecordAndPlay/input_concatReSSN'

2021-10-29 17:57:47 - [TEST_STEP][PASSED] - if (FilingType.equalsIgnoreCase("Y")): Object 'Object Repository/RAD_Pages/FilingStatus_Page/input_userType_Individual' is checked

2021-10-29 17:57:47 - [TEST_STEP][PASSED] - check(findTestObject(orPath_FilingStatus + "/input_userType_Individual")): Object 'Object Repository/RAD_Pages/FilingStatus_Page/input_userType_Individual' is checked

2021-10-29 17:57:48 - [MESSAGE][PASSED] - Object 'Object Repository/RAD_Pages/FilingStatus_Page/input_userType_Individual' is checked

2021-10-29 17:57:48 - [TEST_STEP][PASSED] - break: null

2021-10-29 17:57:48 - [TEST_STEP][PASSED] - setText(findTestObject(orPath_TaxPayer + "/input_firstName"), FName): Text 'Michael' is set on object 'Object Repository/RAD_Pages/Taxpayer_Page/input_firstName'

2021-10-29 17:57:48 - [MESSAGE][PASSED] - Text 'Michael' is set on object 'Object Repository/RAD_Pages/Taxpayer_Page/input_firstName'

2021-10-29 17:57:48 - [TEST_STEP][PASSED] - setText(findTestObject(orPath_TaxPayer + "/input_lastName"), LName): Text 'Vaughn' is set on object 'Object Repository/RAD_Pages/Taxpayer_Page/input_lastName'

2021-10-29 17:57:50 - [MESSAGE][PASSED] - Text 'Vaughn' is set on object 'Object Repository/RAD_Pages/Taxpayer_Page/input_lastName'

2021-10-29 17:57:50 - [TEST_STEP][PASSED] - selectOptionByLabel(findTestObject(orPath_AddressContact + "/select_Country"), "United States", false): All options with label 'United States' are selected in object 'Object Repository/RAD_Pages/AddressAndContactInfo_Page/select_Country' 

2021-10-29 17:57:50 - [MESSAGE][PASSED] - All options with label 'United States' are selected in object 'Object Repository/RAD_Pages/AddressAndContactInfo_Page/select_Country' 

2021-10-29 17:57:50 - [TEST_STEP][PASSED] - setText(findTestObject(orPath_AddressContact + "/input_streetAddress1"), AL1): Text '2000 14th street' is set on object 'Object Repository/RAD_Pages/AddressAndContactInfo_Page/input_streetAddress1'

2021-10-29 17:57:51 - [MESSAGE][PASSED] - Text '2000 14th street' is set on object 'Object Repository/RAD_Pages/AddressAndContactInfo_Page/input_streetAddress1'

2021-10-29 17:57:51 - [TEST_STEP][PASSED] - setText(findTestObject(orPath_AddressContact + "/input_streetAddress2"), ""): Text '' is set on object 'Object Repository/RAD_Pages/AddressAndContactInfo_Page/input_streetAddress2'

2021-10-29 17:57:52 - [MESSAGE][PASSED] - Text '' is set on object 'Object Repository/RAD_Pages/AddressAndContactInfo_Page/input_streetAddress2'

2021-10-29 17:57:52 - [TEST_STEP][PASSED] - setText(findTestObject(orPath_AddressContact + "/input_city"), City): Text 'Columbia' is set on object 'Object Repository/RAD_Pages/AddressAndContactInfo_Page/input_city'

2021-10-29 17:57:52 - [MESSAGE][PASSED] - Text 'Columbia' is set on object 'Object Repository/RAD_Pages/AddressAndContactInfo_Page/input_city'

2021-10-29 17:57:52 - [TEST_STEP][PASSED] - selectOptionByLabel(findTestObject(orPath_AddressContact + "/select_State"), "Maryland", false): All options with label 'Maryland' are selected in object 'Object Repository/RAD_Pages/AddressAndContactInfo_Page/select_State' 

2021-10-29 17:57:53 - [MESSAGE][PASSED] - All options with label 'Maryland' are selected in object 'Object Repository/RAD_Pages/AddressAndContactInfo_Page/select_State' 

2021-10-29 17:57:53 - [TEST_STEP][PASSED] - setText(findTestObject(orPath_AddressContact + "/input_zipCode"), ZIP): Text '21093' is set on object 'Object Repository/RAD_Pages/AddressAndContactInfo_Page/input_zipCode'

2021-10-29 17:57:54 - [MESSAGE][PASSED] - Text '21093' is set on object 'Object Repository/RAD_Pages/AddressAndContactInfo_Page/input_zipCode'

2021-10-29 17:57:54 - [TEST_STEP][PASSED] - setText(findTestObject(orPath_AddressContact + "/input_phoneNumber"), "(703) 894-5000"): Text '(703) 894-5000' is set on object 'Object Repository/RAD_Pages/AddressAndContactInfo_Page/input_phoneNumber'

2021-10-29 17:57:54 - [MESSAGE][PASSED] - Text '(703) 894-5000' is set on object 'Object Repository/RAD_Pages/AddressAndContactInfo_Page/input_phoneNumber'

2021-10-29 17:57:54 - [TEST_STEP][PASSED] - setText(findTestObject(orPath_AddressContact + "/input_eMailAddress"), "iahmed@govolution.com"): Text 'iahmed@govolution.com' is set on object 'Object Repository/RAD_Pages/AddressAndContactInfo_Page/input_eMailAddress'

2021-10-29 17:57:55 - [MESSAGE][PASSED] - Text 'iahmed@govolution.com' is set on object 'Object Repository/RAD_Pages/AddressAndContactInfo_Page/input_eMailAddress'

2021-10-29 17:57:55 - [TEST_STEP][PASSED] - setText(findTestObject(orPath_AddressContact + "/input_reEnterEMailAddress"), "iahmed@govolution.com"): Text 'iahmed@govolution.com' is set on object 'Object Repository/RAD_Pages/AddressAndContactInfo_Page/input_reEnterEMailAddress'

2021-10-29 17:57:56 - [MESSAGE][PASSED] - Text 'iahmed@govolution.com' is set on object 'Object Repository/RAD_Pages/AddressAndContactInfo_Page/input_reEnterEMailAddress'

2021-10-29 17:57:56 - [TEST_STEP][PASSED] - setText(findTestObject(orPath_Amount + "/input__paymentAmount"), Amount): Text '100.00' is set on object 'Object Repository/RAD_Pages/PaymentAmount_Page/input__paymentAmount'

2021-10-29 17:57:57 - [MESSAGE][PASSED] - Text '100.00' is set on object 'Object Repository/RAD_Pages/PaymentAmount_Page/input__paymentAmount'

2021-10-29 17:57:57 - [TEST_STEP][PASSED] - scrollToElement(findTestObject(orPath_Landing + "/button_Continue"), 3): Scroll to object 'Object Repository/RAD_Pages/Landing_Page/button_Continue' successfully

2021-10-29 17:57:57 - [MESSAGE][PASSED] - Scroll to object 'Object Repository/RAD_Pages/Landing_Page/button_Continue' successfully

2021-10-29 17:57:57 - [TEST_STEP][PASSED] - waitForElementClickable(findTestObject(orPath_Landing + "/button_Continue"), 5): Object 'Object Repository/RAD_Pages/Landing_Page/button_Continue' is clickable

2021-10-29 17:57:58 - [MESSAGE][PASSED] - Object 'Object Repository/RAD_Pages/Landing_Page/button_Continue' is clickable

2021-10-29 17:57:58 - [TEST_STEP][PASSED] - click(findTestObject(orPath_Landing + "/button_Continue")): Object: 'Object Repository/RAD_Pages/Landing_Page/button_Continue' is clicked on

2021-10-29 17:57:58 - [MESSAGE][PASSED] - Object: 'Object Repository/RAD_Pages/Landing_Page/button_Continue' is clicked on

2021-10-29 17:57:58 - [TEST_STEP][PASSED] - verifyTextPresent("Review the information below and make any necessary corrections by clicking the", true): Text 'Review the information below and make any necessary corrections by clicking the' is present on page  using regular expression

2021-10-29 17:57:59 - [MESSAGE][PASSED] - Text 'Review the information below and make any necessary corrections by clicking the' is present on page  using regular expression

2021-10-29 17:57:59 - [TEST_STEP][PASSED] - verifyTextPresent("When you are confident that all the information is correct", true): Text 'When you are confident that all the information is correct' is present on page  using regular expression

2021-10-29 17:57:59 - [MESSAGE][PASSED] - Text 'When you are confident that all the information is correct' is present on page  using regular expression

2021-10-29 17:57:59 - [TEST_STEP][PASSED] - delay(1): Delayed 1 second(s)

2021-10-29 17:58:00 - [MESSAGE][PASSED] - Delayed 1 second(s)

2021-10-29 17:58:00 - [TEST_STEP][PASSED] - click(findTestObject(orPath_Summary + "/button_Proceed to Payment")): Object: 'Object Repository/RAD_Pages/Summary_Page/button_Proceed to Payment' is clicked on

2021-10-29 17:58:02 - [MESSAGE][PASSED] - Object: 'Object Repository/RAD_Pages/Summary_Page/button_Proceed to Payment' is clicked on

2021-10-29 17:58:02 - [TEST_STEP][PASSED] - setText(findTestObject(orPath_PaymentEntry + "/input__cardNumber"), CCNumber): Text '6011000993026909' is set on object 'Object Repository/RAD_Pages/PaymentEntry_Page/input__cardNumber'

2021-10-29 17:58:03 - [MESSAGE][PASSED] - Text '6011000993026909' is set on object 'Object Repository/RAD_Pages/PaymentEntry_Page/input__cardNumber'

2021-10-29 17:58:03 - [TEST_STEP][PASSED] - setText(findTestObject(orPath_PaymentEntry + "/input__spc"), CVV): Text '123' is set on object 'Object Repository/RAD_Pages/PaymentEntry_Page/input__spc'

2021-10-29 17:58:03 - [MESSAGE][PASSED] - Text '123' is set on object 'Object Repository/RAD_Pages/PaymentEntry_Page/input__spc'

2021-10-29 17:58:03 - [TEST_STEP][PASSED] - selectOptionByLabel(findTestObject(orPath_PaymentEntry + "/select_MM"), "12", false): All options with label '12' are selected in object 'Object Repository/RAD_Pages/PaymentEntry_Page/select_MM' 

2021-10-29 17:58:04 - [MESSAGE][PASSED] - All options with label '12' are selected in object 'Object Repository/RAD_Pages/PaymentEntry_Page/select_MM' 

2021-10-29 17:58:04 - [TEST_STEP][PASSED] - selectOptionByLabel(findTestObject(orPath_PaymentEntry + "/select_YYYY"), "2023", false): All options with label '2023' are selected in object 'Object Repository/RAD_Pages/PaymentEntry_Page/select_YYYY' 

2021-10-29 17:58:05 - [MESSAGE][PASSED] - All options with label '2023' are selected in object 'Object Repository/RAD_Pages/PaymentEntry_Page/select_YYYY' 

2021-10-29 17:58:05 - [TEST_STEP][PASSED] - click(findTestObject(orPath_PaymentEntry + "/input_Field_ccSubmit")): Object: 'Object Repository/RAD_Pages/PaymentEntry_Page/input_Field_ccSubmit' is clicked on

2021-10-29 17:58:06 - [MESSAGE][PASSED] - Object: 'Object Repository/RAD_Pages/PaymentEntry_Page/input_Field_ccSubmit' is clicked on

2021-10-29 17:58:06 - [TEST_STEP][PASSED] - click(findTestObject(orPath_PaymentConfirmation + "/input_N_confirmNotifyAction")): Object: 'Object Repository/RAD_Pages/PaymentConfirmation_Page/input_N_confirmNotifyAction' is clicked on

2021-10-29 17:58:07 - [MESSAGE][PASSED] - Object: 'Object Repository/RAD_Pages/PaymentConfirmation_Page/input_N_confirmNotifyAction' is clicked on

2021-10-29 17:58:07 - [TEST_STEP][PASSED] - click(findTestObject(orPath_ServiceFeesAccept + "/input_convFeeNotifyAction")): Object: 'Object Repository/RAD_Pages/ServiceFeeAccept_Page/input_convFeeNotifyAction' is clicked on

2021-10-29 17:58:08 - [MESSAGE][PASSED] - Object: 'Object Repository/RAD_Pages/ServiceFeeAccept_Page/input_convFeeNotifyAction' is clicked on

2021-10-29 17:58:08 - [TEST_STEP][PASSED] - delay(10): Delayed 10 second(s)

2021-10-29 17:58:18 - [MESSAGE][PASSED] - Delayed 10 second(s)

2021-10-29 17:58:18 - [TEST_STEP][PASSED] - verifyTextPresent("Successful Payment Receipt", true): Text 'Successful Payment Receipt' is present on page  using regular expression

2021-10-29 17:58:19 - [MESSAGE][PASSED] - Text 'Successful Payment Receipt' is present on page  using regular expression

2021-10-29 17:58:19 - [TEST_STEP][PASSED] - if (verifyTextPresent("Successful Payment Receipt", true)): null

2021-10-29 17:58:19 - [MESSAGE][PASSED] - Text 'Successful Payment Receipt' is present on page  using regular expression

2021-10-29 17:58:19 - [TEST_STEP][PASSED] - println("Transaction was Successful"): null

2021-10-29 17:58:19 - [TEST_STEP][PASSED] - out.println("Pass Record Number: " + row): null

2021-10-29 17:58:19 - [TEST_STEP][PASSED] - resText = "Pass": null

2021-10-29 17:58:19 - [TEST_STEP][PASSED] - pages.WriteExcel.demoKey(resText, datText, resColumn, datCloumn, fileLoc, nameSheet, row): pages.WriteExcel.demoKey is PASSED

2021-10-29 17:58:19 - [MESSAGE][PASSED] - pages.WriteExcel.demoKey is PASSED

2021-10-29 17:58:19 - [TEST_STEP][PASSED] - ExecuteTC = findTestData(dataFile).getValue("Execute", row): null

2021-10-29 17:58:19 - [TEST_STEP][PASSED] - PaymentType = findTestData(dataFile).getValue("PaymentType", row): null

2021-10-29 17:58:19 - [TEST_STEP][PASSED] - FilingYear = findTestData(dataFile).getValue("FilingYear", row): null

2021-10-29 17:58:19 - [TEST_STEP][PASSED] - PeriodEnding = findTestData(dataFile).getValue("PeriodEnding", row): null

2021-10-29 17:58:19 - [TEST_STEP][PASSED] - FName = findTestData(dataFile).getValue("Fname", row): null

2021-10-29 17:58:19 - [TEST_STEP][PASSED] - LName = findTestData(dataFile).getValue("Lname", row): null

2021-10-29 17:58:19 - [TEST_STEP][PASSED] - SSN = findTestData(dataFile).getValue("SSN", row): null

2021-10-29 17:58:19 - [TEST_STEP][PASSED] - BusName = findTestData(dataFile).getValue("BusName", row): null

2021-10-29 17:58:19 - [TEST_STEP][PASSED] - AL1 = findTestData(dataFile).getValue("AL1", row): null

2021-10-29 17:58:19 - [TEST_STEP][PASSED] - City = findTestData(dataFile).getValue("City", row): null

2021-10-29 17:58:19 - [TEST_STEP][PASSED] - ZIP = findTestData(dataFile).getValue("ZIP", row): null

2021-10-29 17:58:19 - [TEST_STEP][PASSED] - FilingType = findTestData(dataFile).getValue("FilingType", row): null

2021-10-29 17:58:19 - [TEST_STEP][PASSED] - Withholding = findTestData(dataFile).getValue("Withholding", row): null

2021-10-29 17:58:19 - [TEST_STEP][PASSED] - Amount = findTestData(dataFile).getValue("Amount", row): null

2021-10-29 17:58:19 - [TEST_STEP][PASSED] - CCNumber = findTestData(dataFile).getValue("CCNumber", row): null

2021-10-29 17:58:20 - [TEST_STEP][PASSED] - CVV = findTestData(dataFile).getValue("CVV", row): null

2021-10-29 17:58:20 - [TEST_STEP][PASSED] - out.println("Value of Execute is : " + ExecuteTC): null

2021-10-29 17:58:20 - [TEST_STEP][PASSED] - if (ExecuteTC.equalsIgnoreCase("Y")): null

2021-10-29 17:58:20 - [TEST_STEP][PASSED] - out.println("Begin Record Number: " + row): null

2021-10-29 17:58:20 - [TEST_STEP][PASSED] - today = new java.util.Date(): null

2021-10-29 17:58:20 - [TEST_STEP][PASSED] - println(today): null

2021-10-29 17:58:20 - [TEST_STEP][PASSED] - datText = today: null

2021-10-29 17:58:20 - [TEST_STEP][PASSED] - Taxtype = findTestData(dataFile).getValue("TaxType", row): null

2021-10-29 17:58:20 - [TEST_STEP][PASSED] - out.println("Taxtype value is : " + Taxtype): null

2021-10-29 17:58:20 - [TEST_STEP][PASSED] - openBrowser(""): Browser is opened with url: ''

2021-10-29 17:58:20 - [MESSAGE][WARNING] - A browser is already opened. Closing browser and opening a new one

2021-10-29 17:58:20 - [MESSAGE][INFO] - Starting 'Chrome' driver

2021-10-29 17:58:20 - [MESSAGE][INFO] - User set preference: ['acceptInsecureCerts', 'true']

2021-10-29 17:58:20 - [MESSAGE][INFO] - Action delay is set to 0 milliseconds

2021-10-29 17:58:22 - [MESSAGE][PASSED] - Browser is opened with url: ''

2021-10-29 17:58:22 - [TEST_STEP][PASSED] - maximizeWindow(): Current window maximized

2021-10-29 17:58:22 - [MESSAGE][PASSED] - Current window maximized

2021-10-29 17:58:22 - [TEST_STEP][PASSED] - navigateToUrl(RADurl): Navigate to 'https://qa.velocitypayment.com/client/rad/index.html' successfully

2021-10-29 17:58:24 - [MESSAGE][PASSED] - Navigate to 'https://qa.velocitypayment.com/client/rad/index.html' successfully

2021-10-29 17:58:24 - [TEST_STEP][PASSED] - orPath_Landing = "Object Repository/RAD_Pages/Landing_Page": null

2021-10-29 17:58:24 - [TEST_STEP][PASSED] - orPath_TaxTypeFilingYear = "Object Repository/RAD_Pages/TaxTypeFilingYear_Page": null

2021-10-29 17:58:24 - [TEST_STEP][PASSED] - orPath_TaxPayer = "Object Repository/RAD_Pages/Taxpayer_Page": null

2021-10-29 17:58:24 - [TEST_STEP][PASSED] - orPath_AddressContact = "Object Repository/RAD_Pages/AddressAndContactInfo_Page": null

2021-10-29 17:58:24 - [TEST_STEP][PASSED] - orPath_FilingStatus = "Object Repository/RAD_Pages/FilingStatus_Page": null

2021-10-29 17:58:24 - [TEST_STEP][PASSED] - orPath_Amount = "Object Repository/RAD_Pages/PaymentAmount_Page": null

2021-10-29 17:58:24 - [TEST_STEP][PASSED] - orPath_TaxInfo = "Object Repository/RAD_Pages/TaxInfo_Page": null

2021-10-29 17:58:24 - [TEST_STEP][PASSED] - orPath_Withholding = "Object Repository/RAD_Pages/Withholding_Page": null

2021-10-29 17:58:24 - [TEST_STEP][PASSED] - orPath_Summary = "Object Repository/RAD_Pages/Summary_Page": null

2021-10-29 17:58:24 - [TEST_STEP][PASSED] - orPath_PaymentReady = "Object Repository/RAD_Pages/PaymentReady_Page": null

2021-10-29 17:58:24 - [TEST_STEP][PASSED] - orPath_PaymentEntry = "Object Repository/RAD_Pages/PaymentEntry_Page": null

2021-10-29 17:58:24 - [TEST_STEP][PASSED] - orPath_PaymentConfirmation = "Object Repository/RAD_Pages/PaymentConfirmation_Page": null

2021-10-29 17:58:24 - [TEST_STEP][PASSED] - orPath_ServiceFeesAccept = "Object Repository/RAD_Pages/ServiceFeeAccept_Page": null

2021-10-29 17:58:24 - [TEST_STEP][PASSED] - selectOptionByLabel(findTestObject(orPath_Landing + "/dd_TaxType"), Taxtype, false): All options with label 'Personal Income Tax' are selected in object 'Object Repository/RAD_Pages/Landing_Page/dd_TaxType' 

2021-10-29 17:58:25 - [MESSAGE][PASSED] - All options with label 'Personal Income Tax' are selected in object 'Object Repository/RAD_Pages/Landing_Page/dd_TaxType' 

2021-10-29 17:58:25 - [TEST_STEP][PASSED] - delay(3): Delayed 3 second(s)

2021-10-29 17:58:28 - [MESSAGE][PASSED] - Delayed 3 second(s)

2021-10-29 17:58:28 - [TEST_STEP][PASSED] - switch (Taxtype): null

2021-10-29 17:58:28 - [TEST_STEP][PASSED] - case "Personal Income Tax":: null

2021-10-29 17:58:28 - [TEST_STEP][PASSED] - selectOptionByLabel(findTestObject(orPath_TaxTypeFilingYear + "/select_FilingYear"), FilingYear, false): All options with label '2020' are selected in object 'Object Repository/RAD_Pages/TaxTypeFilingYear_Page/select_FilingYear' 

2021-10-29 17:58:28 - [MESSAGE][PASSED] - All options with label '2020' are selected in object 'Object Repository/RAD_Pages/TaxTypeFilingYear_Page/select_FilingYear' 

2021-10-29 17:58:28 - [TEST_STEP][PASSED] - setText(findTestObject(orPath_TaxPayer + "/input_lastName"), LName): Text 'Cook' is set on object 'Object Repository/RAD_Pages/Taxpayer_Page/input_lastName'

2021-10-29 17:58:29 - [MESSAGE][PASSED] - Text 'Cook' is set on object 'Object Repository/RAD_Pages/Taxpayer_Page/input_lastName'

2021-10-29 17:58:29 - [TEST_STEP][PASSED] - setText(findTestObject("RAD_RecordAndPlay/input_concatSSN"), SSN): Text '123450145' is set on object 'Object Repository/RAD_RecordAndPlay/input_concatSSN'

2021-10-29 17:58:30 - [MESSAGE][PASSED] - Text '123450145' is set on object 'Object Repository/RAD_RecordAndPlay/input_concatSSN'

2021-10-29 17:58:30 - [TEST_STEP][PASSED] - setText(findTestObject("RAD_RecordAndPlay/input_concatReSSN"), SSN): Text '123450145' is set on object 'Object Repository/RAD_RecordAndPlay/input_concatReSSN'

2021-10-29 17:58:30 - [MESSAGE][PASSED] - Text '123450145' is set on object 'Object Repository/RAD_RecordAndPlay/input_concatReSSN'

2021-10-29 17:58:30 - [TEST_STEP][PASSED] - if (FilingType.equalsIgnoreCase("Y")): null

2021-10-29 17:58:30 - [TEST_STEP][PASSED] - else: Text '123453210' is set on object 'Object Repository/RAD_RecordAndPlay/input_reTypeJointFilerSSN'

2021-10-29 17:58:30 - [TEST_STEP][PASSED] - scrollToElement(findTestObject(orPath_Amount + "/input__paymentAmount"), 3): Scroll to object 'Object Repository/RAD_Pages/PaymentAmount_Page/input__paymentAmount' successfully

2021-10-29 17:58:31 - [MESSAGE][PASSED] - Scroll to object 'Object Repository/RAD_Pages/PaymentAmount_Page/input__paymentAmount' successfully

2021-10-29 17:58:31 - [TEST_STEP][PASSED] - waitForElementClickable(findTestObject(orPath_FilingStatus + "/input_userType_Joint"), 5): Object 'Object Repository/RAD_Pages/FilingStatus_Page/input_userType_Joint' is clickable

2021-10-29 17:58:31 - [MESSAGE][PASSED] - Object 'Object Repository/RAD_Pages/FilingStatus_Page/input_userType_Joint' is clickable

2021-10-29 17:58:31 - [TEST_STEP][PASSED] - check(findTestObject(orPath_FilingStatus + "/input_userType_Joint")): Object 'Object Repository/RAD_Pages/FilingStatus_Page/input_userType_Joint' is checked

2021-10-29 17:58:31 - [MESSAGE][PASSED] - Object 'Object Repository/RAD_Pages/FilingStatus_Page/input_userType_Joint' is checked

2021-10-29 17:58:31 - [TEST_STEP][PASSED] - delay(3): Delayed 3 second(s)

2021-10-29 17:58:34 - [MESSAGE][PASSED] - Delayed 3 second(s)

2021-10-29 17:58:34 - [TEST_STEP][PASSED] - setText(findTestObject(orPath_FilingStatus + "/input_jointFirstName"), "Sam"): Text 'Sam' is set on object 'Object Repository/RAD_Pages/FilingStatus_Page/input_jointFirstName'

2021-10-29 17:58:35 - [MESSAGE][PASSED] - Text 'Sam' is set on object 'Object Repository/RAD_Pages/FilingStatus_Page/input_jointFirstName'

2021-10-29 17:58:35 - [TEST_STEP][PASSED] - setText(findTestObject(orPath_FilingStatus + "/input_jointLastName"), "Stokes"): Text 'Stokes' is set on object 'Object Repository/RAD_Pages/FilingStatus_Page/input_jointLastName'

2021-10-29 17:58:36 - [MESSAGE][PASSED] - Text 'Stokes' is set on object 'Object Repository/RAD_Pages/FilingStatus_Page/input_jointLastName'

2021-10-29 17:58:36 - [TEST_STEP][PASSED] - setText(findTestObject("Object Repository/RAD_RecordAndPlay/input_JointFilerSSN"), "123453210"): Text '123453210' is set on object 'Object Repository/RAD_RecordAndPlay/input_JointFilerSSN'

2021-10-29 17:58:36 - [MESSAGE][PASSED] - Text '123453210' is set on object 'Object Repository/RAD_RecordAndPlay/input_JointFilerSSN'

2021-10-29 17:58:36 - [TEST_STEP][PASSED] - setText(findTestObject("Object Repository/RAD_RecordAndPlay/input_reTypeJointFilerSSN"), "123453210"): Text '123453210' is set on object 'Object Repository/RAD_RecordAndPlay/input_reTypeJointFilerSSN'

2021-10-29 17:58:37 - [MESSAGE][PASSED] - Text '123453210' is set on object 'Object Repository/RAD_RecordAndPlay/input_reTypeJointFilerSSN'

2021-10-29 17:58:37 - [TEST_STEP][PASSED] - break: null

2021-10-29 17:58:37 - [TEST_STEP][PASSED] - setText(findTestObject(orPath_TaxPayer + "/input_firstName"), FName): Text 'Andrew' is set on object 'Object Repository/RAD_Pages/Taxpayer_Page/input_firstName'

2021-10-29 17:58:38 - [MESSAGE][PASSED] - Text 'Andrew' is set on object 'Object Repository/RAD_Pages/Taxpayer_Page/input_firstName'

2021-10-29 17:58:38 - [TEST_STEP][PASSED] - setText(findTestObject(orPath_TaxPayer + "/input_lastName"), LName): Text 'Cook' is set on object 'Object Repository/RAD_Pages/Taxpayer_Page/input_lastName'

2021-10-29 17:58:39 - [MESSAGE][PASSED] - Text 'Cook' is set on object 'Object Repository/RAD_Pages/Taxpayer_Page/input_lastName'

2021-10-29 17:58:39 - [TEST_STEP][PASSED] - selectOptionByLabel(findTestObject(orPath_AddressContact + "/select_Country"), "United States", false): All options with label 'United States' are selected in object 'Object Repository/RAD_Pages/AddressAndContactInfo_Page/select_Country' 

2021-10-29 17:58:40 - [MESSAGE][PASSED] - All options with label 'United States' are selected in object 'Object Repository/RAD_Pages/AddressAndContactInfo_Page/select_Country' 

2021-10-29 17:58:40 - [TEST_STEP][PASSED] - setText(findTestObject(orPath_AddressContact + "/input_streetAddress1"), AL1): Text '3652 Mandan road' is set on object 'Object Repository/RAD_Pages/AddressAndContactInfo_Page/input_streetAddress1'

2021-10-29 17:58:40 - [MESSAGE][PASSED] - Text '3652 Mandan road' is set on object 'Object Repository/RAD_Pages/AddressAndContactInfo_Page/input_streetAddress1'

2021-10-29 17:58:40 - [TEST_STEP][PASSED] - setText(findTestObject(orPath_AddressContact + "/input_streetAddress2"), ""): Text '' is set on object 'Object Repository/RAD_Pages/AddressAndContactInfo_Page/input_streetAddress2'

2021-10-29 17:58:41 - [MESSAGE][PASSED] - Text '' is set on object 'Object Repository/RAD_Pages/AddressAndContactInfo_Page/input_streetAddress2'

2021-10-29 17:58:41 - [TEST_STEP][PASSED] - setText(findTestObject(orPath_AddressContact + "/input_city"), City): Text 'Crofton' is set on object 'Object Repository/RAD_Pages/AddressAndContactInfo_Page/input_city'

2021-10-29 17:58:42 - [MESSAGE][PASSED] - Text 'Crofton' is set on object 'Object Repository/RAD_Pages/AddressAndContactInfo_Page/input_city'

2021-10-29 17:58:42 - [TEST_STEP][PASSED] - selectOptionByLabel(findTestObject(orPath_AddressContact + "/select_State"), "Maryland", false): All options with label 'Maryland' are selected in object 'Object Repository/RAD_Pages/AddressAndContactInfo_Page/select_State' 

2021-10-29 17:58:42 - [MESSAGE][PASSED] - All options with label 'Maryland' are selected in object 'Object Repository/RAD_Pages/AddressAndContactInfo_Page/select_State' 

2021-10-29 17:58:42 - [TEST_STEP][PASSED] - setText(findTestObject(orPath_AddressContact + "/input_zipCode"), ZIP): Text '21114' is set on object 'Object Repository/RAD_Pages/AddressAndContactInfo_Page/input_zipCode'

2021-10-29 17:58:43 - [MESSAGE][PASSED] - Text '21114' is set on object 'Object Repository/RAD_Pages/AddressAndContactInfo_Page/input_zipCode'

2021-10-29 17:58:43 - [TEST_STEP][PASSED] - setText(findTestObject(orPath_AddressContact + "/input_phoneNumber"), "(703) 894-5000"): Text '(703) 894-5000' is set on object 'Object Repository/RAD_Pages/AddressAndContactInfo_Page/input_phoneNumber'

2021-10-29 17:58:44 - [MESSAGE][PASSED] - Text '(703) 894-5000' is set on object 'Object Repository/RAD_Pages/AddressAndContactInfo_Page/input_phoneNumber'

2021-10-29 17:58:44 - [TEST_STEP][PASSED] - setText(findTestObject(orPath_AddressContact + "/input_eMailAddress"), "iahmed@govolution.com"): Text 'iahmed@govolution.com' is set on object 'Object Repository/RAD_Pages/AddressAndContactInfo_Page/input_eMailAddress'

2021-10-29 17:58:45 - [MESSAGE][PASSED] - Text 'iahmed@govolution.com' is set on object 'Object Repository/RAD_Pages/AddressAndContactInfo_Page/input_eMailAddress'

2021-10-29 17:58:45 - [TEST_STEP][PASSED] - setText(findTestObject(orPath_AddressContact + "/input_reEnterEMailAddress"), "iahmed@govolution.com"): Text 'iahmed@govolution.com' is set on object 'Object Repository/RAD_Pages/AddressAndContactInfo_Page/input_reEnterEMailAddress'

2021-10-29 17:58:46 - [MESSAGE][PASSED] - Text 'iahmed@govolution.com' is set on object 'Object Repository/RAD_Pages/AddressAndContactInfo_Page/input_reEnterEMailAddress'

2021-10-29 17:58:46 - [TEST_STEP][PASSED] - setText(findTestObject(orPath_Amount + "/input__paymentAmount"), Amount): Text '100.00' is set on object 'Object Repository/RAD_Pages/PaymentAmount_Page/input__paymentAmount'

2021-10-29 17:58:46 - [MESSAGE][PASSED] - Text '100.00' is set on object 'Object Repository/RAD_Pages/PaymentAmount_Page/input__paymentAmount'

2021-10-29 17:58:46 - [TEST_STEP][PASSED] - scrollToElement(findTestObject(orPath_Landing + "/button_Continue"), 3): Scroll to object 'Object Repository/RAD_Pages/Landing_Page/button_Continue' successfully

2021-10-29 17:58:47 - [MESSAGE][PASSED] - Scroll to object 'Object Repository/RAD_Pages/Landing_Page/button_Continue' successfully

2021-10-29 17:58:47 - [TEST_STEP][PASSED] - waitForElementClickable(findTestObject(orPath_Landing + "/button_Continue"), 5): Object 'Object Repository/RAD_Pages/Landing_Page/button_Continue' is clickable

2021-10-29 17:58:47 - [MESSAGE][PASSED] - Object 'Object Repository/RAD_Pages/Landing_Page/button_Continue' is clickable

2021-10-29 17:58:47 - [TEST_STEP][PASSED] - click(findTestObject(orPath_Landing + "/button_Continue")): Object: 'Object Repository/RAD_Pages/Landing_Page/button_Continue' is clicked on

2021-10-29 17:58:48 - [MESSAGE][PASSED] - Object: 'Object Repository/RAD_Pages/Landing_Page/button_Continue' is clicked on

2021-10-29 17:58:48 - [TEST_STEP][PASSED] - verifyTextPresent("Review the information below and make any necessary corrections by clicking the", true): Text 'Review the information below and make any necessary corrections by clicking the' is present on page  using regular expression

2021-10-29 17:58:48 - [MESSAGE][PASSED] - Text 'Review the information below and make any necessary corrections by clicking the' is present on page  using regular expression

2021-10-29 17:58:48 - [TEST_STEP][PASSED] - verifyTextPresent("When you are confident that all the information is correct", true): Text 'When you are confident that all the information is correct' is present on page  using regular expression

2021-10-29 17:58:48 - [MESSAGE][PASSED] - Text 'When you are confident that all the information is correct' is present on page  using regular expression

2021-10-29 17:58:48 - [TEST_STEP][PASSED] - delay(1): Delayed 1 second(s)

2021-10-29 17:58:49 - [MESSAGE][PASSED] - Delayed 1 second(s)

2021-10-29 17:58:49 - [TEST_STEP][PASSED] - click(findTestObject(orPath_Summary + "/button_Proceed to Payment")): Object: 'Object Repository/RAD_Pages/Summary_Page/button_Proceed to Payment' is clicked on

2021-10-29 17:58:51 - [MESSAGE][PASSED] - Object: 'Object Repository/RAD_Pages/Summary_Page/button_Proceed to Payment' is clicked on

2021-10-29 17:58:51 - [TEST_STEP][PASSED] - setText(findTestObject(orPath_PaymentEntry + "/input__cardNumber"), CCNumber): Text '4012000098765439' is set on object 'Object Repository/RAD_Pages/PaymentEntry_Page/input__cardNumber'

2021-10-29 17:58:52 - [MESSAGE][PASSED] - Text '4012000098765439' is set on object 'Object Repository/RAD_Pages/PaymentEntry_Page/input__cardNumber'

2021-10-29 17:58:52 - [TEST_STEP][PASSED] - setText(findTestObject(orPath_PaymentEntry + "/input__spc"), CVV): Text '123' is set on object 'Object Repository/RAD_Pages/PaymentEntry_Page/input__spc'

2021-10-29 17:58:53 - [MESSAGE][PASSED] - Text '123' is set on object 'Object Repository/RAD_Pages/PaymentEntry_Page/input__spc'

2021-10-29 17:58:53 - [TEST_STEP][PASSED] - selectOptionByLabel(findTestObject(orPath_PaymentEntry + "/select_MM"), "12", false): All options with label '12' are selected in object 'Object Repository/RAD_Pages/PaymentEntry_Page/select_MM' 

2021-10-29 17:58:53 - [MESSAGE][PASSED] - All options with label '12' are selected in object 'Object Repository/RAD_Pages/PaymentEntry_Page/select_MM' 

2021-10-29 17:58:53 - [TEST_STEP][PASSED] - selectOptionByLabel(findTestObject(orPath_PaymentEntry + "/select_YYYY"), "2023", false): All options with label '2023' are selected in object 'Object Repository/RAD_Pages/PaymentEntry_Page/select_YYYY' 

2021-10-29 17:58:54 - [MESSAGE][PASSED] - All options with label '2023' are selected in object 'Object Repository/RAD_Pages/PaymentEntry_Page/select_YYYY' 

2021-10-29 17:58:54 - [TEST_STEP][PASSED] - click(findTestObject(orPath_PaymentEntry + "/input_Field_ccSubmit")): Object: 'Object Repository/RAD_Pages/PaymentEntry_Page/input_Field_ccSubmit' is clicked on

2021-10-29 17:58:55 - [MESSAGE][PASSED] - Object: 'Object Repository/RAD_Pages/PaymentEntry_Page/input_Field_ccSubmit' is clicked on

2021-10-29 17:58:55 - [TEST_STEP][PASSED] - click(findTestObject(orPath_PaymentConfirmation + "/input_N_confirmNotifyAction")): Object: 'Object Repository/RAD_Pages/PaymentConfirmation_Page/input_N_confirmNotifyAction' is clicked on

2021-10-29 17:58:56 - [MESSAGE][PASSED] - Object: 'Object Repository/RAD_Pages/PaymentConfirmation_Page/input_N_confirmNotifyAction' is clicked on

2021-10-29 17:58:56 - [TEST_STEP][PASSED] - click(findTestObject(orPath_ServiceFeesAccept + "/input_convFeeNotifyAction")): Object: 'Object Repository/RAD_Pages/ServiceFeeAccept_Page/input_convFeeNotifyAction' is clicked on

2021-10-29 17:58:58 - [MESSAGE][PASSED] - Object: 'Object Repository/RAD_Pages/ServiceFeeAccept_Page/input_convFeeNotifyAction' is clicked on

2021-10-29 17:58:58 - [TEST_STEP][PASSED] - delay(10): Delayed 10 second(s)

2021-10-29 17:59:08 - [MESSAGE][PASSED] - Delayed 10 second(s)

2021-10-29 17:59:08 - [TEST_STEP][PASSED] - verifyTextPresent("Successful Payment Receipt", true): Text 'Successful Payment Receipt' is present on page  using regular expression

2021-10-29 17:59:08 - [MESSAGE][PASSED] - Text 'Successful Payment Receipt' is present on page  using regular expression

2021-10-29 17:59:08 - [TEST_STEP][PASSED] - if (verifyTextPresent("Successful Payment Receipt", true)): null

2021-10-29 17:59:08 - [MESSAGE][PASSED] - Text 'Successful Payment Receipt' is present on page  using regular expression

2021-10-29 17:59:08 - [TEST_STEP][PASSED] - println("Transaction was Successful"): null

2021-10-29 17:59:08 - [TEST_STEP][PASSED] - out.println("Pass Record Number: " + row): null

2021-10-29 17:59:08 - [TEST_STEP][PASSED] - resText = "Pass": null

2021-10-29 17:59:08 - [TEST_STEP][PASSED] - pages.WriteExcel.demoKey(resText, datText, resColumn, datCloumn, fileLoc, nameSheet, row): pages.WriteExcel.demoKey is PASSED

2021-10-29 17:59:08 - [MESSAGE][PASSED] - pages.WriteExcel.demoKey is PASSED

2021-10-29 17:59:08 - [TEST_STEP][PASSED] - ExecuteTC = findTestData(dataFile).getValue("Execute", row): null

2021-10-29 17:59:08 - [TEST_STEP][PASSED] - PaymentType = findTestData(dataFile).getValue("PaymentType", row): null

2021-10-29 17:59:08 - [TEST_STEP][PASSED] - FilingYear = findTestData(dataFile).getValue("FilingYear", row): null

2021-10-29 17:59:09 - [TEST_STEP][PASSED] - PeriodEnding = findTestData(dataFile).getValue("PeriodEnding", row): null

2021-10-29 17:59:09 - [TEST_STEP][PASSED] - FName = findTestData(dataFile).getValue("Fname", row): null

2021-10-29 17:59:09 - [TEST_STEP][PASSED] - LName = findTestData(dataFile).getValue("Lname", row): null

2021-10-29 17:59:09 - [TEST_STEP][PASSED] - SSN = findTestData(dataFile).getValue("SSN", row): null

2021-10-29 17:59:09 - [TEST_STEP][PASSED] - BusName = findTestData(dataFile).getValue("BusName", row): null

2021-10-29 17:59:09 - [TEST_STEP][PASSED] - AL1 = findTestData(dataFile).getValue("AL1", row): null

2021-10-29 17:59:09 - [TEST_STEP][PASSED] - City = findTestData(dataFile).getValue("City", row): null

2021-10-29 17:59:09 - [TEST_STEP][PASSED] - ZIP = findTestData(dataFile).getValue("ZIP", row): null

2021-10-29 17:59:09 - [TEST_STEP][PASSED] - FilingType = findTestData(dataFile).getValue("FilingType", row): null

2021-10-29 17:59:09 - [TEST_STEP][PASSED] - Withholding = findTestData(dataFile).getValue("Withholding", row): null

2021-10-29 17:59:09 - [TEST_STEP][PASSED] - Amount = findTestData(dataFile).getValue("Amount", row): null

2021-10-29 17:59:09 - [TEST_STEP][PASSED] - CCNumber = findTestData(dataFile).getValue("CCNumber", row): null

2021-10-29 17:59:09 - [TEST_STEP][PASSED] - CVV = findTestData(dataFile).getValue("CVV", row): null

2021-10-29 17:59:09 - [TEST_STEP][PASSED] - out.println("Value of Execute is : " + ExecuteTC): null

2021-10-29 17:59:09 - [TEST_STEP][PASSED] - if (ExecuteTC.equalsIgnoreCase("Y")): null

2021-10-29 17:59:09 - [TEST_STEP][PASSED] - out.println("Begin Record Number: " + row): null

2021-10-29 17:59:09 - [TEST_STEP][PASSED] - today = new java.util.Date(): null

2021-10-29 17:59:09 - [TEST_STEP][PASSED] - println(today): null

2021-10-29 17:59:09 - [TEST_STEP][PASSED] - datText = today: null

2021-10-29 17:59:09 - [TEST_STEP][PASSED] - Taxtype = findTestData(dataFile).getValue("TaxType", row): null

2021-10-29 17:59:09 - [TEST_STEP][PASSED] - out.println("Taxtype value is : " + Taxtype): null

2021-10-29 17:59:09 - [TEST_STEP][PASSED] - openBrowser(""): Browser is opened with url: ''

2021-10-29 17:59:09 - [MESSAGE][WARNING] - A browser is already opened. Closing browser and opening a new one

2021-10-29 17:59:10 - [MESSAGE][INFO] - Starting 'Chrome' driver

2021-10-29 17:59:10 - [MESSAGE][INFO] - User set preference: ['acceptInsecureCerts', 'true']

2021-10-29 17:59:10 - [MESSAGE][INFO] - Action delay is set to 0 milliseconds

2021-10-29 17:59:11 - [MESSAGE][PASSED] - Browser is opened with url: ''

2021-10-29 17:59:11 - [TEST_STEP][PASSED] - maximizeWindow(): Current window maximized

2021-10-29 17:59:11 - [MESSAGE][PASSED] - Current window maximized

2021-10-29 17:59:11 - [TEST_STEP][PASSED] - navigateToUrl(RADurl): Navigate to 'https://qa.velocitypayment.com/client/rad/index.html' successfully

2021-10-29 17:59:13 - [MESSAGE][PASSED] - Navigate to 'https://qa.velocitypayment.com/client/rad/index.html' successfully

2021-10-29 17:59:13 - [TEST_STEP][PASSED] - orPath_Landing = "Object Repository/RAD_Pages/Landing_Page": null

2021-10-29 17:59:13 - [TEST_STEP][PASSED] - orPath_TaxTypeFilingYear = "Object Repository/RAD_Pages/TaxTypeFilingYear_Page": null

2021-10-29 17:59:13 - [TEST_STEP][PASSED] - orPath_TaxPayer = "Object Repository/RAD_Pages/Taxpayer_Page": null

2021-10-29 17:59:13 - [TEST_STEP][PASSED] - orPath_AddressContact = "Object Repository/RAD_Pages/AddressAndContactInfo_Page": null

2021-10-29 17:59:13 - [TEST_STEP][PASSED] - orPath_FilingStatus = "Object Repository/RAD_Pages/FilingStatus_Page": null

2021-10-29 17:59:13 - [TEST_STEP][PASSED] - orPath_Amount = "Object Repository/RAD_Pages/PaymentAmount_Page": null

2021-10-29 17:59:13 - [TEST_STEP][PASSED] - orPath_TaxInfo = "Object Repository/RAD_Pages/TaxInfo_Page": null

2021-10-29 17:59:13 - [TEST_STEP][PASSED] - orPath_Withholding = "Object Repository/RAD_Pages/Withholding_Page": null

2021-10-29 17:59:13 - [TEST_STEP][PASSED] - orPath_Summary = "Object Repository/RAD_Pages/Summary_Page": null

2021-10-29 17:59:13 - [TEST_STEP][PASSED] - orPath_PaymentReady = "Object Repository/RAD_Pages/PaymentReady_Page": null

2021-10-29 17:59:13 - [TEST_STEP][PASSED] - orPath_PaymentEntry = "Object Repository/RAD_Pages/PaymentEntry_Page": null

2021-10-29 17:59:13 - [TEST_STEP][PASSED] - orPath_PaymentConfirmation = "Object Repository/RAD_Pages/PaymentConfirmation_Page": null

2021-10-29 17:59:13 - [TEST_STEP][PASSED] - orPath_ServiceFeesAccept = "Object Repository/RAD_Pages/ServiceFeeAccept_Page": null

2021-10-29 17:59:13 - [TEST_STEP][PASSED] - selectOptionByLabel(findTestObject(orPath_Landing + "/dd_TaxType"), Taxtype, false): All options with label 'Personal Income Tax' are selected in object 'Object Repository/RAD_Pages/Landing_Page/dd_TaxType' 

2021-10-29 17:59:14 - [MESSAGE][PASSED] - All options with label 'Personal Income Tax' are selected in object 'Object Repository/RAD_Pages/Landing_Page/dd_TaxType' 

2021-10-29 17:59:14 - [TEST_STEP][PASSED] - delay(3): Delayed 3 second(s)

2021-10-29 17:59:17 - [MESSAGE][PASSED] - Delayed 3 second(s)

2021-10-29 17:59:17 - [TEST_STEP][PASSED] - switch (Taxtype): null

2021-10-29 17:59:17 - [TEST_STEP][PASSED] - case "Personal Income Tax":: null

2021-10-29 17:59:17 - [TEST_STEP][PASSED] - selectOptionByLabel(findTestObject(orPath_TaxTypeFilingYear + "/select_FilingYear"), FilingYear, false): All options with label '2019' are selected in object 'Object Repository/RAD_Pages/TaxTypeFilingYear_Page/select_FilingYear' 

2021-10-29 17:59:18 - [MESSAGE][PASSED] - All options with label '2019' are selected in object 'Object Repository/RAD_Pages/TaxTypeFilingYear_Page/select_FilingYear' 

2021-10-29 17:59:18 - [TEST_STEP][PASSED] - setText(findTestObject(orPath_TaxPayer + "/input_lastName"), LName): Text 'Bell' is set on object 'Object Repository/RAD_Pages/Taxpayer_Page/input_lastName'

2021-10-29 17:59:19 - [MESSAGE][PASSED] - Text 'Bell' is set on object 'Object Repository/RAD_Pages/Taxpayer_Page/input_lastName'

2021-10-29 17:59:19 - [TEST_STEP][PASSED] - setText(findTestObject("RAD_RecordAndPlay/input_concatSSN"), SSN): Text '123459630' is set on object 'Object Repository/RAD_RecordAndPlay/input_concatSSN'

2021-10-29 17:59:19 - [MESSAGE][PASSED] - Text '123459630' is set on object 'Object Repository/RAD_RecordAndPlay/input_concatSSN'

2021-10-29 17:59:19 - [TEST_STEP][PASSED] - setText(findTestObject("RAD_RecordAndPlay/input_concatReSSN"), SSN): Text '123459630' is set on object 'Object Repository/RAD_RecordAndPlay/input_concatReSSN'

2021-10-29 17:59:20 - [MESSAGE][PASSED] - Text '123459630' is set on object 'Object Repository/RAD_RecordAndPlay/input_concatReSSN'

2021-10-29 17:59:20 - [TEST_STEP][PASSED] - if (FilingType.equalsIgnoreCase("Y")): null

2021-10-29 17:59:20 - [TEST_STEP][PASSED] - else: Text '123453210' is set on object 'Object Repository/RAD_RecordAndPlay/input_reTypeJointFilerSSN'

2021-10-29 17:59:20 - [TEST_STEP][PASSED] - scrollToElement(findTestObject(orPath_Amount + "/input__paymentAmount"), 3): Scroll to object 'Object Repository/RAD_Pages/PaymentAmount_Page/input__paymentAmount' successfully

2021-10-29 17:59:20 - [MESSAGE][PASSED] - Scroll to object 'Object Repository/RAD_Pages/PaymentAmount_Page/input__paymentAmount' successfully

2021-10-29 17:59:20 - [TEST_STEP][PASSED] - waitForElementClickable(findTestObject(orPath_FilingStatus + "/input_userType_Joint"), 5): Object 'Object Repository/RAD_Pages/FilingStatus_Page/input_userType_Joint' is clickable

2021-10-29 17:59:21 - [MESSAGE][PASSED] - Object 'Object Repository/RAD_Pages/FilingStatus_Page/input_userType_Joint' is clickable

2021-10-29 17:59:21 - [TEST_STEP][PASSED] - check(findTestObject(orPath_FilingStatus + "/input_userType_Joint")): Object 'Object Repository/RAD_Pages/FilingStatus_Page/input_userType_Joint' is checked

2021-10-29 17:59:21 - [MESSAGE][PASSED] - Object 'Object Repository/RAD_Pages/FilingStatus_Page/input_userType_Joint' is checked

2021-10-29 17:59:21 - [TEST_STEP][PASSED] - delay(3): Delayed 3 second(s)

2021-10-29 17:59:24 - [MESSAGE][PASSED] - Delayed 3 second(s)

2021-10-29 17:59:24 - [TEST_STEP][PASSED] - setText(findTestObject(orPath_FilingStatus + "/input_jointFirstName"), "Sam"): Text 'Sam' is set on object 'Object Repository/RAD_Pages/FilingStatus_Page/input_jointFirstName'

2021-10-29 17:59:25 - [MESSAGE][PASSED] - Text 'Sam' is set on object 'Object Repository/RAD_Pages/FilingStatus_Page/input_jointFirstName'

2021-10-29 17:59:25 - [TEST_STEP][PASSED] - setText(findTestObject(orPath_FilingStatus + "/input_jointLastName"), "Stokes"): Text 'Stokes' is set on object 'Object Repository/RAD_Pages/FilingStatus_Page/input_jointLastName'

2021-10-29 17:59:25 - [MESSAGE][PASSED] - Text 'Stokes' is set on object 'Object Repository/RAD_Pages/FilingStatus_Page/input_jointLastName'

2021-10-29 17:59:25 - [TEST_STEP][PASSED] - setText(findTestObject("Object Repository/RAD_RecordAndPlay/input_JointFilerSSN"), "123453210"): Text '123453210' is set on object 'Object Repository/RAD_RecordAndPlay/input_JointFilerSSN'

2021-10-29 17:59:26 - [MESSAGE][PASSED] - Text '123453210' is set on object 'Object Repository/RAD_RecordAndPlay/input_JointFilerSSN'

2021-10-29 17:59:26 - [TEST_STEP][PASSED] - setText(findTestObject("Object Repository/RAD_RecordAndPlay/input_reTypeJointFilerSSN"), "123453210"): Text '123453210' is set on object 'Object Repository/RAD_RecordAndPlay/input_reTypeJointFilerSSN'

2021-10-29 17:59:27 - [MESSAGE][PASSED] - Text '123453210' is set on object 'Object Repository/RAD_RecordAndPlay/input_reTypeJointFilerSSN'

2021-10-29 17:59:27 - [TEST_STEP][PASSED] - break: null

2021-10-29 17:59:27 - [TEST_STEP][PASSED] - setText(findTestObject(orPath_TaxPayer + "/input_firstName"), FName): Text 'Larsons' is set on object 'Object Repository/RAD_Pages/Taxpayer_Page/input_firstName'

2021-10-29 17:59:27 - [MESSAGE][PASSED] - Text 'Larsons' is set on object 'Object Repository/RAD_Pages/Taxpayer_Page/input_firstName'

2021-10-29 17:59:27 - [TEST_STEP][PASSED] - setText(findTestObject(orPath_TaxPayer + "/input_lastName"), LName): Text 'Bell' is set on object 'Object Repository/RAD_Pages/Taxpayer_Page/input_lastName'

2021-10-29 17:59:29 - [MESSAGE][PASSED] - Text 'Bell' is set on object 'Object Repository/RAD_Pages/Taxpayer_Page/input_lastName'

2021-10-29 17:59:29 - [TEST_STEP][PASSED] - selectOptionByLabel(findTestObject(orPath_AddressContact + "/select_Country"), "United States", false): All options with label 'United States' are selected in object 'Object Repository/RAD_Pages/AddressAndContactInfo_Page/select_Country' 

2021-10-29 17:59:29 - [MESSAGE][PASSED] - All options with label 'United States' are selected in object 'Object Repository/RAD_Pages/AddressAndContactInfo_Page/select_Country' 

2021-10-29 17:59:29 - [TEST_STEP][PASSED] - setText(findTestObject(orPath_AddressContact + "/input_streetAddress1"), AL1): Text '114 Clark Ave' is set on object 'Object Repository/RAD_Pages/AddressAndContactInfo_Page/input_streetAddress1'

2021-10-29 17:59:30 - [MESSAGE][PASSED] - Text '114 Clark Ave' is set on object 'Object Repository/RAD_Pages/AddressAndContactInfo_Page/input_streetAddress1'

2021-10-29 17:59:30 - [TEST_STEP][PASSED] - setText(findTestObject(orPath_AddressContact + "/input_streetAddress2"), ""): Text '' is set on object 'Object Repository/RAD_Pages/AddressAndContactInfo_Page/input_streetAddress2'

2021-10-29 17:59:31 - [MESSAGE][PASSED] - Text '' is set on object 'Object Repository/RAD_Pages/AddressAndContactInfo_Page/input_streetAddress2'

2021-10-29 17:59:31 - [TEST_STEP][PASSED] - setText(findTestObject(orPath_AddressContact + "/input_city"), City): Text 'Severn' is set on object 'Object Repository/RAD_Pages/AddressAndContactInfo_Page/input_city'

2021-10-29 17:59:32 - [MESSAGE][PASSED] - Text 'Severn' is set on object 'Object Repository/RAD_Pages/AddressAndContactInfo_Page/input_city'

2021-10-29 17:59:32 - [TEST_STEP][PASSED] - selectOptionByLabel(findTestObject(orPath_AddressContact + "/select_State"), "Maryland", false): All options with label 'Maryland' are selected in object 'Object Repository/RAD_Pages/AddressAndContactInfo_Page/select_State' 

2021-10-29 17:59:32 - [MESSAGE][PASSED] - All options with label 'Maryland' are selected in object 'Object Repository/RAD_Pages/AddressAndContactInfo_Page/select_State' 

2021-10-29 17:59:32 - [TEST_STEP][PASSED] - setText(findTestObject(orPath_AddressContact + "/input_zipCode"), ZIP): Text '21144' is set on object 'Object Repository/RAD_Pages/AddressAndContactInfo_Page/input_zipCode'

2021-10-29 17:59:33 - [MESSAGE][PASSED] - Text '21144' is set on object 'Object Repository/RAD_Pages/AddressAndContactInfo_Page/input_zipCode'

2021-10-29 17:59:33 - [TEST_STEP][PASSED] - setText(findTestObject(orPath_AddressContact + "/input_phoneNumber"), "(703) 894-5000"): Text '(703) 894-5000' is set on object 'Object Repository/RAD_Pages/AddressAndContactInfo_Page/input_phoneNumber'

2021-10-29 17:59:34 - [MESSAGE][PASSED] - Text '(703) 894-5000' is set on object 'Object Repository/RAD_Pages/AddressAndContactInfo_Page/input_phoneNumber'

2021-10-29 17:59:34 - [TEST_STEP][PASSED] - setText(findTestObject(orPath_AddressContact + "/input_eMailAddress"), "iahmed@govolution.com"): Text 'iahmed@govolution.com' is set on object 'Object Repository/RAD_Pages/AddressAndContactInfo_Page/input_eMailAddress'

2021-10-29 17:59:35 - [MESSAGE][PASSED] - Text 'iahmed@govolution.com' is set on object 'Object Repository/RAD_Pages/AddressAndContactInfo_Page/input_eMailAddress'

2021-10-29 17:59:35 - [TEST_STEP][PASSED] - setText(findTestObject(orPath_AddressContact + "/input_reEnterEMailAddress"), "iahmed@govolution.com"): Text 'iahmed@govolution.com' is set on object 'Object Repository/RAD_Pages/AddressAndContactInfo_Page/input_reEnterEMailAddress'

2021-10-29 17:59:35 - [MESSAGE][PASSED] - Text 'iahmed@govolution.com' is set on object 'Object Repository/RAD_Pages/AddressAndContactInfo_Page/input_reEnterEMailAddress'

2021-10-29 17:59:35 - [TEST_STEP][PASSED] - setText(findTestObject(orPath_Amount + "/input__paymentAmount"), Amount): Text '100.00' is set on object 'Object Repository/RAD_Pages/PaymentAmount_Page/input__paymentAmount'

2021-10-29 17:59:36 - [MESSAGE][PASSED] - Text '100.00' is set on object 'Object Repository/RAD_Pages/PaymentAmount_Page/input__paymentAmount'

2021-10-29 17:59:36 - [TEST_STEP][PASSED] - scrollToElement(findTestObject(orPath_Landing + "/button_Continue"), 3): Scroll to object 'Object Repository/RAD_Pages/Landing_Page/button_Continue' successfully

2021-10-29 17:59:37 - [MESSAGE][PASSED] - Scroll to object 'Object Repository/RAD_Pages/Landing_Page/button_Continue' successfully

2021-10-29 17:59:37 - [TEST_STEP][PASSED] - waitForElementClickable(findTestObject(orPath_Landing + "/button_Continue"), 5): Object 'Object Repository/RAD_Pages/Landing_Page/button_Continue' is clickable

2021-10-29 17:59:37 - [MESSAGE][PASSED] - Object 'Object Repository/RAD_Pages/Landing_Page/button_Continue' is clickable

2021-10-29 17:59:37 - [TEST_STEP][PASSED] - click(findTestObject(orPath_Landing + "/button_Continue")): Object: 'Object Repository/RAD_Pages/Landing_Page/button_Continue' is clicked on

2021-10-29 17:59:37 - [MESSAGE][PASSED] - Object: 'Object Repository/RAD_Pages/Landing_Page/button_Continue' is clicked on

2021-10-29 17:59:37 - [TEST_STEP][PASSED] - verifyTextPresent("Review the information below and make any necessary corrections by clicking the", true): Text 'Review the information below and make any necessary corrections by clicking the' is present on page  using regular expression

2021-10-29 17:59:38 - [MESSAGE][PASSED] - Text 'Review the information below and make any necessary corrections by clicking the' is present on page  using regular expression

2021-10-29 17:59:38 - [TEST_STEP][PASSED] - verifyTextPresent("When you are confident that all the information is correct", true): Text 'When you are confident that all the information is correct' is present on page  using regular expression

2021-10-29 17:59:38 - [MESSAGE][PASSED] - Text 'When you are confident that all the information is correct' is present on page  using regular expression

2021-10-29 17:59:38 - [TEST_STEP][PASSED] - delay(1): Delayed 1 second(s)

2021-10-29 17:59:39 - [MESSAGE][PASSED] - Delayed 1 second(s)

2021-10-29 17:59:39 - [TEST_STEP][PASSED] - click(findTestObject(orPath_Summary + "/button_Proceed to Payment")): Object: 'Object Repository/RAD_Pages/Summary_Page/button_Proceed to Payment' is clicked on

2021-10-29 17:59:41 - [MESSAGE][PASSED] - Object: 'Object Repository/RAD_Pages/Summary_Page/button_Proceed to Payment' is clicked on

2021-10-29 17:59:41 - [TEST_STEP][PASSED] - setText(findTestObject(orPath_PaymentEntry + "/input__cardNumber"), CCNumber): Text '5146312200000035' is set on object 'Object Repository/RAD_Pages/PaymentEntry_Page/input__cardNumber'

2021-10-29 17:59:42 - [MESSAGE][PASSED] - Text '5146312200000035' is set on object 'Object Repository/RAD_Pages/PaymentEntry_Page/input__cardNumber'

2021-10-29 17:59:42 - [TEST_STEP][PASSED] - setText(findTestObject(orPath_PaymentEntry + "/input__spc"), CVV): Text '123' is set on object 'Object Repository/RAD_Pages/PaymentEntry_Page/input__spc'

2021-10-29 17:59:43 - [MESSAGE][PASSED] - Text '123' is set on object 'Object Repository/RAD_Pages/PaymentEntry_Page/input__spc'

2021-10-29 17:59:43 - [TEST_STEP][PASSED] - selectOptionByLabel(findTestObject(orPath_PaymentEntry + "/select_MM"), "12", false): All options with label '12' are selected in object 'Object Repository/RAD_Pages/PaymentEntry_Page/select_MM' 

2021-10-29 17:59:43 - [MESSAGE][PASSED] - All options with label '12' are selected in object 'Object Repository/RAD_Pages/PaymentEntry_Page/select_MM' 

2021-10-29 17:59:43 - [TEST_STEP][PASSED] - selectOptionByLabel(findTestObject(orPath_PaymentEntry + "/select_YYYY"), "2023", false): All options with label '2023' are selected in object 'Object Repository/RAD_Pages/PaymentEntry_Page/select_YYYY' 

2021-10-29 17:59:44 - [MESSAGE][PASSED] - All options with label '2023' are selected in object 'Object Repository/RAD_Pages/PaymentEntry_Page/select_YYYY' 

2021-10-29 17:59:44 - [TEST_STEP][PASSED] - click(findTestObject(orPath_PaymentEntry + "/input_Field_ccSubmit")): Object: 'Object Repository/RAD_Pages/PaymentEntry_Page/input_Field_ccSubmit' is clicked on

2021-10-29 17:59:45 - [MESSAGE][PASSED] - Object: 'Object Repository/RAD_Pages/PaymentEntry_Page/input_Field_ccSubmit' is clicked on

2021-10-29 17:59:45 - [TEST_STEP][PASSED] - click(findTestObject(orPath_PaymentConfirmation + "/input_N_confirmNotifyAction")): Object: 'Object Repository/RAD_Pages/PaymentConfirmation_Page/input_N_confirmNotifyAction' is clicked on

2021-10-29 17:59:46 - [MESSAGE][PASSED] - Object: 'Object Repository/RAD_Pages/PaymentConfirmation_Page/input_N_confirmNotifyAction' is clicked on

2021-10-29 17:59:46 - [TEST_STEP][PASSED] - click(findTestObject(orPath_ServiceFeesAccept + "/input_convFeeNotifyAction")): Object: 'Object Repository/RAD_Pages/ServiceFeeAccept_Page/input_convFeeNotifyAction' is clicked on

2021-10-29 17:59:48 - [MESSAGE][PASSED] - Object: 'Object Repository/RAD_Pages/ServiceFeeAccept_Page/input_convFeeNotifyAction' is clicked on

2021-10-29 17:59:48 - [TEST_STEP][PASSED] - delay(10): Delayed 10 second(s)

2021-10-29 17:59:58 - [MESSAGE][PASSED] - Delayed 10 second(s)

2021-10-29 17:59:58 - [TEST_STEP][PASSED] - verifyTextPresent("Successful Payment Receipt", true): Text 'Successful Payment Receipt' is present on page  using regular expression

2021-10-29 17:59:58 - [MESSAGE][PASSED] - Text 'Successful Payment Receipt' is present on page  using regular expression

2021-10-29 17:59:58 - [TEST_STEP][PASSED] - if (verifyTextPresent("Successful Payment Receipt", true)): null

2021-10-29 17:59:58 - [MESSAGE][PASSED] - Text 'Successful Payment Receipt' is present on page  using regular expression

2021-10-29 17:59:58 - [TEST_STEP][PASSED] - println("Transaction was Successful"): null

2021-10-29 17:59:58 - [TEST_STEP][PASSED] - out.println("Pass Record Number: " + row): null

2021-10-29 17:59:58 - [TEST_STEP][PASSED] - resText = "Pass": null

2021-10-29 17:59:58 - [TEST_STEP][PASSED] - pages.WriteExcel.demoKey(resText, datText, resColumn, datCloumn, fileLoc, nameSheet, row): pages.WriteExcel.demoKey is PASSED

2021-10-29 17:59:58 - [MESSAGE][PASSED] - pages.WriteExcel.demoKey is PASSED

2021-10-29 17:59:58 - [TEST_STEP][PASSED] - ExecuteTC = findTestData(dataFile).getValue("Execute", row): null

2021-10-29 17:59:58 - [TEST_STEP][PASSED] - PaymentType = findTestData(dataFile).getValue("PaymentType", row): null

2021-10-29 17:59:59 - [TEST_STEP][PASSED] - FilingYear = findTestData(dataFile).getValue("FilingYear", row): null

2021-10-29 17:59:59 - [TEST_STEP][PASSED] - PeriodEnding = findTestData(dataFile).getValue("PeriodEnding", row): null

2021-10-29 17:59:59 - [TEST_STEP][PASSED] - FName = findTestData(dataFile).getValue("Fname", row): null

2021-10-29 17:59:59 - [TEST_STEP][PASSED] - LName = findTestData(dataFile).getValue("Lname", row): null

2021-10-29 17:59:59 - [TEST_STEP][PASSED] - SSN = findTestData(dataFile).getValue("SSN", row): null

2021-10-29 17:59:59 - [TEST_STEP][PASSED] - BusName = findTestData(dataFile).getValue("BusName", row): null

2021-10-29 17:59:59 - [TEST_STEP][PASSED] - AL1 = findTestData(dataFile).getValue("AL1", row): null

2021-10-29 17:59:59 - [TEST_STEP][PASSED] - City = findTestData(dataFile).getValue("City", row): null

2021-10-29 17:59:59 - [TEST_STEP][PASSED] - ZIP = findTestData(dataFile).getValue("ZIP", row): null

2021-10-29 17:59:59 - [TEST_STEP][PASSED] - FilingType = findTestData(dataFile).getValue("FilingType", row): null

2021-10-29 17:59:59 - [TEST_STEP][PASSED] - Withholding = findTestData(dataFile).getValue("Withholding", row): null

2021-10-29 17:59:59 - [TEST_STEP][PASSED] - Amount = findTestData(dataFile).getValue("Amount", row): null

2021-10-29 17:59:59 - [TEST_STEP][PASSED] - CCNumber = findTestData(dataFile).getValue("CCNumber", row): null

2021-10-29 17:59:59 - [TEST_STEP][PASSED] - CVV = findTestData(dataFile).getValue("CVV", row): null

2021-10-29 17:59:59 - [TEST_STEP][PASSED] - out.println("Value of Execute is : " + ExecuteTC): null

2021-10-29 17:59:59 - [TEST_STEP][PASSED] - if (ExecuteTC.equalsIgnoreCase("Y")): null

2021-10-29 17:59:59 - [TEST_STEP][PASSED] - out.println("Begin Record Number: " + row): null

2021-10-29 17:59:59 - [TEST_STEP][PASSED] - today = new java.util.Date(): null

2021-10-29 17:59:59 - [TEST_STEP][PASSED] - println(today): null

2021-10-29 17:59:59 - [TEST_STEP][PASSED] - datText = today: null

2021-10-29 17:59:59 - [TEST_STEP][PASSED] - Taxtype = findTestData(dataFile).getValue("TaxType", row): null

2021-10-29 17:59:59 - [TEST_STEP][PASSED] - out.println("Taxtype value is : " + Taxtype): null

2021-10-29 17:59:59 - [TEST_STEP][PASSED] - openBrowser(""): Browser is opened with url: ''

2021-10-29 17:59:59 - [MESSAGE][WARNING] - A browser is already opened. Closing browser and opening a new one

2021-10-29 18:00:00 - [MESSAGE][INFO] - Starting 'Chrome' driver

2021-10-29 18:00:00 - [MESSAGE][INFO] - User set preference: ['acceptInsecureCerts', 'true']

2021-10-29 18:00:00 - [MESSAGE][INFO] - Action delay is set to 0 milliseconds

2021-10-29 18:00:01 - [MESSAGE][PASSED] - Browser is opened with url: ''

2021-10-29 18:00:01 - [TEST_STEP][PASSED] - maximizeWindow(): Current window maximized

2021-10-29 18:00:01 - [MESSAGE][PASSED] - Current window maximized

2021-10-29 18:00:01 - [TEST_STEP][PASSED] - navigateToUrl(RADurl): Navigate to 'https://qa.velocitypayment.com/client/rad/index.html' successfully

2021-10-29 18:00:03 - [MESSAGE][PASSED] - Navigate to 'https://qa.velocitypayment.com/client/rad/index.html' successfully

2021-10-29 18:00:03 - [TEST_STEP][PASSED] - orPath_Landing = "Object Repository/RAD_Pages/Landing_Page": null

2021-10-29 18:00:03 - [TEST_STEP][PASSED] - orPath_TaxTypeFilingYear = "Object Repository/RAD_Pages/TaxTypeFilingYear_Page": null

2021-10-29 18:00:03 - [TEST_STEP][PASSED] - orPath_TaxPayer = "Object Repository/RAD_Pages/Taxpayer_Page": null

2021-10-29 18:00:03 - [TEST_STEP][PASSED] - orPath_AddressContact = "Object Repository/RAD_Pages/AddressAndContactInfo_Page": null

2021-10-29 18:00:03 - [TEST_STEP][PASSED] - orPath_FilingStatus = "Object Repository/RAD_Pages/FilingStatus_Page": null

2021-10-29 18:00:03 - [TEST_STEP][PASSED] - orPath_Amount = "Object Repository/RAD_Pages/PaymentAmount_Page": null

2021-10-29 18:00:03 - [TEST_STEP][PASSED] - orPath_TaxInfo = "Object Repository/RAD_Pages/TaxInfo_Page": null

2021-10-29 18:00:03 - [TEST_STEP][PASSED] - orPath_Withholding = "Object Repository/RAD_Pages/Withholding_Page": null

2021-10-29 18:00:03 - [TEST_STEP][PASSED] - orPath_Summary = "Object Repository/RAD_Pages/Summary_Page": null

2021-10-29 18:00:03 - [TEST_STEP][PASSED] - orPath_PaymentReady = "Object Repository/RAD_Pages/PaymentReady_Page": null

2021-10-29 18:00:03 - [TEST_STEP][PASSED] - orPath_PaymentEntry = "Object Repository/RAD_Pages/PaymentEntry_Page": null

2021-10-29 18:00:03 - [TEST_STEP][PASSED] - orPath_PaymentConfirmation = "Object Repository/RAD_Pages/PaymentConfirmation_Page": null

2021-10-29 18:00:03 - [TEST_STEP][PASSED] - orPath_ServiceFeesAccept = "Object Repository/RAD_Pages/ServiceFeeAccept_Page": null

2021-10-29 18:00:03 - [TEST_STEP][PASSED] - selectOptionByLabel(findTestObject(orPath_Landing + "/dd_TaxType"), Taxtype, false): All options with label 'Personal Income Tax' are selected in object 'Object Repository/RAD_Pages/Landing_Page/dd_TaxType' 

2021-10-29 18:00:04 - [MESSAGE][PASSED] - All options with label 'Personal Income Tax' are selected in object 'Object Repository/RAD_Pages/Landing_Page/dd_TaxType' 

2021-10-29 18:00:04 - [TEST_STEP][PASSED] - delay(3): Delayed 3 second(s)

2021-10-29 18:00:07 - [MESSAGE][PASSED] - Delayed 3 second(s)

2021-10-29 18:00:07 - [TEST_STEP][PASSED] - switch (Taxtype): null

2021-10-29 18:00:07 - [TEST_STEP][PASSED] - case "Personal Income Tax":: null

2021-10-29 18:00:07 - [TEST_STEP][PASSED] - selectOptionByLabel(findTestObject(orPath_TaxTypeFilingYear + "/select_FilingYear"), FilingYear, false): All options with label '2018' are selected in object 'Object Repository/RAD_Pages/TaxTypeFilingYear_Page/select_FilingYear' 

2021-10-29 18:00:08 - [MESSAGE][PASSED] - All options with label '2018' are selected in object 'Object Repository/RAD_Pages/TaxTypeFilingYear_Page/select_FilingYear' 

2021-10-29 18:00:08 - [TEST_STEP][PASSED] - setText(findTestObject(orPath_TaxPayer + "/input_lastName"), LName): Text 'Vaughn' is set on object 'Object Repository/RAD_Pages/Taxpayer_Page/input_lastName'

2021-10-29 18:00:09 - [MESSAGE][PASSED] - Text 'Vaughn' is set on object 'Object Repository/RAD_Pages/Taxpayer_Page/input_lastName'

2021-10-29 18:00:09 - [TEST_STEP][PASSED] - setText(findTestObject("RAD_RecordAndPlay/input_concatSSN"), SSN): Text '123452514' is set on object 'Object Repository/RAD_RecordAndPlay/input_concatSSN'

2021-10-29 18:00:09 - [MESSAGE][PASSED] - Text '123452514' is set on object 'Object Repository/RAD_RecordAndPlay/input_concatSSN'

2021-10-29 18:00:09 - [TEST_STEP][PASSED] - setText(findTestObject("RAD_RecordAndPlay/input_concatReSSN"), SSN): Text '123452514' is set on object 'Object Repository/RAD_RecordAndPlay/input_concatReSSN'

2021-10-29 18:00:10 - [MESSAGE][PASSED] - Text '123452514' is set on object 'Object Repository/RAD_RecordAndPlay/input_concatReSSN'

2021-10-29 18:00:10 - [TEST_STEP][PASSED] - if (FilingType.equalsIgnoreCase("Y")): null

2021-10-29 18:00:10 - [TEST_STEP][PASSED] - else: Text '123453210' is set on object 'Object Repository/RAD_RecordAndPlay/input_reTypeJointFilerSSN'

2021-10-29 18:00:10 - [TEST_STEP][PASSED] - scrollToElement(findTestObject(orPath_Amount + "/input__paymentAmount"), 3): Scroll to object 'Object Repository/RAD_Pages/PaymentAmount_Page/input__paymentAmount' successfully

2021-10-29 18:00:10 - [MESSAGE][PASSED] - Scroll to object 'Object Repository/RAD_Pages/PaymentAmount_Page/input__paymentAmount' successfully

2021-10-29 18:00:10 - [TEST_STEP][PASSED] - waitForElementClickable(findTestObject(orPath_FilingStatus + "/input_userType_Joint"), 5): Object 'Object Repository/RAD_Pages/FilingStatus_Page/input_userType_Joint' is clickable

2021-10-29 18:00:10 - [MESSAGE][PASSED] - Object 'Object Repository/RAD_Pages/FilingStatus_Page/input_userType_Joint' is clickable

2021-10-29 18:00:10 - [TEST_STEP][PASSED] - check(findTestObject(orPath_FilingStatus + "/input_userType_Joint")): Object 'Object Repository/RAD_Pages/FilingStatus_Page/input_userType_Joint' is checked

2021-10-29 18:00:11 - [MESSAGE][PASSED] - Object 'Object Repository/RAD_Pages/FilingStatus_Page/input_userType_Joint' is checked

2021-10-29 18:00:11 - [TEST_STEP][PASSED] - delay(3): Delayed 3 second(s)

2021-10-29 18:00:14 - [MESSAGE][PASSED] - Delayed 3 second(s)

2021-10-29 18:00:14 - [TEST_STEP][PASSED] - setText(findTestObject(orPath_FilingStatus + "/input_jointFirstName"), "Sam"): Text 'Sam' is set on object 'Object Repository/RAD_Pages/FilingStatus_Page/input_jointFirstName'

2021-10-29 18:00:15 - [MESSAGE][PASSED] - Text 'Sam' is set on object 'Object Repository/RAD_Pages/FilingStatus_Page/input_jointFirstName'

2021-10-29 18:00:15 - [TEST_STEP][PASSED] - setText(findTestObject(orPath_FilingStatus + "/input_jointLastName"), "Stokes"): Text 'Stokes' is set on object 'Object Repository/RAD_Pages/FilingStatus_Page/input_jointLastName'

2021-10-29 18:00:15 - [MESSAGE][PASSED] - Text 'Stokes' is set on object 'Object Repository/RAD_Pages/FilingStatus_Page/input_jointLastName'

2021-10-29 18:00:15 - [TEST_STEP][PASSED] - setText(findTestObject("Object Repository/RAD_RecordAndPlay/input_JointFilerSSN"), "123453210"): Text '123453210' is set on object 'Object Repository/RAD_RecordAndPlay/input_JointFilerSSN'

2021-10-29 18:00:16 - [MESSAGE][PASSED] - Text '123453210' is set on object 'Object Repository/RAD_RecordAndPlay/input_JointFilerSSN'

2021-10-29 18:00:16 - [TEST_STEP][PASSED] - setText(findTestObject("Object Repository/RAD_RecordAndPlay/input_reTypeJointFilerSSN"), "123453210"): Text '123453210' is set on object 'Object Repository/RAD_RecordAndPlay/input_reTypeJointFilerSSN'

2021-10-29 18:00:16 - [MESSAGE][PASSED] - Text '123453210' is set on object 'Object Repository/RAD_RecordAndPlay/input_reTypeJointFilerSSN'

2021-10-29 18:00:16 - [TEST_STEP][PASSED] - break: null

2021-10-29 18:00:16 - [TEST_STEP][PASSED] - setText(findTestObject(orPath_TaxPayer + "/input_firstName"), FName): Text 'Michael' is set on object 'Object Repository/RAD_Pages/Taxpayer_Page/input_firstName'

2021-10-29 18:00:17 - [MESSAGE][PASSED] - Text 'Michael' is set on object 'Object Repository/RAD_Pages/Taxpayer_Page/input_firstName'

2021-10-29 18:00:17 - [TEST_STEP][PASSED] - setText(findTestObject(orPath_TaxPayer + "/input_lastName"), LName): Text 'Vaughn' is set on object 'Object Repository/RAD_Pages/Taxpayer_Page/input_lastName'

2021-10-29 18:00:19 - [MESSAGE][PASSED] - Text 'Vaughn' is set on object 'Object Repository/RAD_Pages/Taxpayer_Page/input_lastName'

2021-10-29 18:00:19 - [TEST_STEP][PASSED] - selectOptionByLabel(findTestObject(orPath_AddressContact + "/select_Country"), "United States", false): All options with label 'United States' are selected in object 'Object Repository/RAD_Pages/AddressAndContactInfo_Page/select_Country' 

2021-10-29 18:00:19 - [MESSAGE][PASSED] - All options with label 'United States' are selected in object 'Object Repository/RAD_Pages/AddressAndContactInfo_Page/select_Country' 

2021-10-29 18:00:19 - [TEST_STEP][PASSED] - setText(findTestObject(orPath_AddressContact + "/input_streetAddress1"), AL1): Text '2000 14th street' is set on object 'Object Repository/RAD_Pages/AddressAndContactInfo_Page/input_streetAddress1'

2021-10-29 18:00:20 - [MESSAGE][PASSED] - Text '2000 14th street' is set on object 'Object Repository/RAD_Pages/AddressAndContactInfo_Page/input_streetAddress1'

2021-10-29 18:00:20 - [TEST_STEP][PASSED] - setText(findTestObject(orPath_AddressContact + "/input_streetAddress2"), ""): Text '' is set on object 'Object Repository/RAD_Pages/AddressAndContactInfo_Page/input_streetAddress2'

2021-10-29 18:00:21 - [MESSAGE][PASSED] - Text '' is set on object 'Object Repository/RAD_Pages/AddressAndContactInfo_Page/input_streetAddress2'

2021-10-29 18:00:21 - [TEST_STEP][PASSED] - setText(findTestObject(orPath_AddressContact + "/input_city"), City): Text 'Columbia' is set on object 'Object Repository/RAD_Pages/AddressAndContactInfo_Page/input_city'

2021-10-29 18:00:22 - [MESSAGE][PASSED] - Text 'Columbia' is set on object 'Object Repository/RAD_Pages/AddressAndContactInfo_Page/input_city'

2021-10-29 18:00:22 - [TEST_STEP][PASSED] - selectOptionByLabel(findTestObject(orPath_AddressContact + "/select_State"), "Maryland", false): All options with label 'Maryland' are selected in object 'Object Repository/RAD_Pages/AddressAndContactInfo_Page/select_State' 

2021-10-29 18:00:22 - [MESSAGE][PASSED] - All options with label 'Maryland' are selected in object 'Object Repository/RAD_Pages/AddressAndContactInfo_Page/select_State' 

2021-10-29 18:00:22 - [TEST_STEP][PASSED] - setText(findTestObject(orPath_AddressContact + "/input_zipCode"), ZIP): Text '21093' is set on object 'Object Repository/RAD_Pages/AddressAndContactInfo_Page/input_zipCode'

2021-10-29 18:00:23 - [MESSAGE][PASSED] - Text '21093' is set on object 'Object Repository/RAD_Pages/AddressAndContactInfo_Page/input_zipCode'

2021-10-29 18:00:23 - [TEST_STEP][PASSED] - setText(findTestObject(orPath_AddressContact + "/input_phoneNumber"), "(703) 894-5000"): Text '(703) 894-5000' is set on object 'Object Repository/RAD_Pages/AddressAndContactInfo_Page/input_phoneNumber'

2021-10-29 18:00:24 - [MESSAGE][PASSED] - Text '(703) 894-5000' is set on object 'Object Repository/RAD_Pages/AddressAndContactInfo_Page/input_phoneNumber'

2021-10-29 18:00:24 - [TEST_STEP][PASSED] - setText(findTestObject(orPath_AddressContact + "/input_eMailAddress"), "iahmed@govolution.com"): Text 'iahmed@govolution.com' is set on object 'Object Repository/RAD_Pages/AddressAndContactInfo_Page/input_eMailAddress'

2021-10-29 18:00:24 - [MESSAGE][PASSED] - Text 'iahmed@govolution.com' is set on object 'Object Repository/RAD_Pages/AddressAndContactInfo_Page/input_eMailAddress'

2021-10-29 18:00:24 - [TEST_STEP][PASSED] - setText(findTestObject(orPath_AddressContact + "/input_reEnterEMailAddress"), "iahmed@govolution.com"): Text 'iahmed@govolution.com' is set on object 'Object Repository/RAD_Pages/AddressAndContactInfo_Page/input_reEnterEMailAddress'

2021-10-29 18:00:25 - [MESSAGE][PASSED] - Text 'iahmed@govolution.com' is set on object 'Object Repository/RAD_Pages/AddressAndContactInfo_Page/input_reEnterEMailAddress'

2021-10-29 18:00:25 - [TEST_STEP][PASSED] - setText(findTestObject(orPath_Amount + "/input__paymentAmount"), Amount): Text '100.00' is set on object 'Object Repository/RAD_Pages/PaymentAmount_Page/input__paymentAmount'

2021-10-29 18:00:26 - [MESSAGE][PASSED] - Text '100.00' is set on object 'Object Repository/RAD_Pages/PaymentAmount_Page/input__paymentAmount'

2021-10-29 18:00:26 - [TEST_STEP][PASSED] - scrollToElement(findTestObject(orPath_Landing + "/button_Continue"), 3): Scroll to object 'Object Repository/RAD_Pages/Landing_Page/button_Continue' successfully

2021-10-29 18:00:26 - [MESSAGE][PASSED] - Scroll to object 'Object Repository/RAD_Pages/Landing_Page/button_Continue' successfully

2021-10-29 18:00:26 - [TEST_STEP][PASSED] - waitForElementClickable(findTestObject(orPath_Landing + "/button_Continue"), 5): Object 'Object Repository/RAD_Pages/Landing_Page/button_Continue' is clickable

2021-10-29 18:00:27 - [MESSAGE][PASSED] - Object 'Object Repository/RAD_Pages/Landing_Page/button_Continue' is clickable

2021-10-29 18:00:27 - [TEST_STEP][PASSED] - click(findTestObject(orPath_Landing + "/button_Continue")): Object: 'Object Repository/RAD_Pages/Landing_Page/button_Continue' is clicked on

2021-10-29 18:00:27 - [MESSAGE][PASSED] - Object: 'Object Repository/RAD_Pages/Landing_Page/button_Continue' is clicked on

2021-10-29 18:00:27 - [TEST_STEP][PASSED] - verifyTextPresent("Review the information below and make any necessary corrections by clicking the", true): Text 'Review the information below and make any necessary corrections by clicking the' is present on page  using regular expression

2021-10-29 18:00:28 - [MESSAGE][PASSED] - Text 'Review the information below and make any necessary corrections by clicking the' is present on page  using regular expression

2021-10-29 18:00:28 - [TEST_STEP][PASSED] - verifyTextPresent("When you are confident that all the information is correct", true): Text 'When you are confident that all the information is correct' is present on page  using regular expression

2021-10-29 18:00:28 - [MESSAGE][PASSED] - Text 'When you are confident that all the information is correct' is present on page  using regular expression

2021-10-29 18:00:28 - [TEST_STEP][PASSED] - delay(1): Delayed 1 second(s)

2021-10-29 18:00:29 - [MESSAGE][PASSED] - Delayed 1 second(s)

2021-10-29 18:00:29 - [TEST_STEP][PASSED] - click(findTestObject(orPath_Summary + "/button_Proceed to Payment")): Object: 'Object Repository/RAD_Pages/Summary_Page/button_Proceed to Payment' is clicked on

2021-10-29 18:00:32 - [MESSAGE][PASSED] - Object: 'Object Repository/RAD_Pages/Summary_Page/button_Proceed to Payment' is clicked on

2021-10-29 18:00:32 - [TEST_STEP][PASSED] - setText(findTestObject(orPath_PaymentEntry + "/input__cardNumber"), CCNumber): Text '6011000993026909' is set on object 'Object Repository/RAD_Pages/PaymentEntry_Page/input__cardNumber'

2021-10-29 18:00:33 - [MESSAGE][PASSED] - Text '6011000993026909' is set on object 'Object Repository/RAD_Pages/PaymentEntry_Page/input__cardNumber'

2021-10-29 18:00:33 - [TEST_STEP][PASSED] - setText(findTestObject(orPath_PaymentEntry + "/input__spc"), CVV): Text '123' is set on object 'Object Repository/RAD_Pages/PaymentEntry_Page/input__spc'

2021-10-29 18:00:34 - [MESSAGE][PASSED] - Text '123' is set on object 'Object Repository/RAD_Pages/PaymentEntry_Page/input__spc'

2021-10-29 18:00:34 - [TEST_STEP][PASSED] - selectOptionByLabel(findTestObject(orPath_PaymentEntry + "/select_MM"), "12", false): All options with label '12' are selected in object 'Object Repository/RAD_Pages/PaymentEntry_Page/select_MM' 

2021-10-29 18:00:34 - [MESSAGE][PASSED] - All options with label '12' are selected in object 'Object Repository/RAD_Pages/PaymentEntry_Page/select_MM' 

2021-10-29 18:00:34 - [TEST_STEP][PASSED] - selectOptionByLabel(findTestObject(orPath_PaymentEntry + "/select_YYYY"), "2023", false): All options with label '2023' are selected in object 'Object Repository/RAD_Pages/PaymentEntry_Page/select_YYYY' 

2021-10-29 18:00:35 - [MESSAGE][PASSED] - All options with label '2023' are selected in object 'Object Repository/RAD_Pages/PaymentEntry_Page/select_YYYY' 

2021-10-29 18:00:35 - [TEST_STEP][PASSED] - click(findTestObject(orPath_PaymentEntry + "/input_Field_ccSubmit")): Object: 'Object Repository/RAD_Pages/PaymentEntry_Page/input_Field_ccSubmit' is clicked on

2021-10-29 18:00:36 - [MESSAGE][PASSED] - Object: 'Object Repository/RAD_Pages/PaymentEntry_Page/input_Field_ccSubmit' is clicked on

2021-10-29 18:00:36 - [TEST_STEP][PASSED] - click(findTestObject(orPath_PaymentConfirmation + "/input_N_confirmNotifyAction")): Object: 'Object Repository/RAD_Pages/PaymentConfirmation_Page/input_N_confirmNotifyAction' is clicked on

2021-10-29 18:00:37 - [MESSAGE][PASSED] - Object: 'Object Repository/RAD_Pages/PaymentConfirmation_Page/input_N_confirmNotifyAction' is clicked on

2021-10-29 18:00:37 - [TEST_STEP][PASSED] - click(findTestObject(orPath_ServiceFeesAccept + "/input_convFeeNotifyAction")): Object: 'Object Repository/RAD_Pages/ServiceFeeAccept_Page/input_convFeeNotifyAction' is clicked on

2021-10-29 18:00:39 - [MESSAGE][PASSED] - Object: 'Object Repository/RAD_Pages/ServiceFeeAccept_Page/input_convFeeNotifyAction' is clicked on

2021-10-29 18:00:39 - [TEST_STEP][PASSED] - delay(10): Delayed 10 second(s)

2021-10-29 18:00:49 - [MESSAGE][PASSED] - Delayed 10 second(s)

2021-10-29 18:00:49 - [TEST_STEP][PASSED] - verifyTextPresent("Successful Payment Receipt", true): Text 'Successful Payment Receipt' is present on page  using regular expression

2021-10-29 18:00:49 - [MESSAGE][PASSED] - Text 'Successful Payment Receipt' is present on page  using regular expression

2021-10-29 18:00:49 - [TEST_STEP][PASSED] - if (verifyTextPresent("Successful Payment Receipt", true)): null

2021-10-29 18:00:49 - [MESSAGE][PASSED] - Text 'Successful Payment Receipt' is present on page  using regular expression

2021-10-29 18:00:49 - [TEST_STEP][PASSED] - println("Transaction was Successful"): null

2021-10-29 18:00:49 - [TEST_STEP][PASSED] - out.println("Pass Record Number: " + row): null

2021-10-29 18:00:49 - [TEST_STEP][PASSED] - resText = "Pass": null

2021-10-29 18:00:49 - [TEST_STEP][PASSED] - pages.WriteExcel.demoKey(resText, datText, resColumn, datCloumn, fileLoc, nameSheet, row): pages.WriteExcel.demoKey is PASSED

2021-10-29 18:00:49 - [MESSAGE][PASSED] - pages.WriteExcel.demoKey is PASSED

2021-10-29 18:00:49 - [TEST_STEP][PASSED] - ExecuteTC = findTestData(dataFile).getValue("Execute", row): null

2021-10-29 18:00:49 - [TEST_STEP][PASSED] - PaymentType = findTestData(dataFile).getValue("PaymentType", row): null

2021-10-29 18:00:49 - [TEST_STEP][PASSED] - FilingYear = findTestData(dataFile).getValue("FilingYear", row): null

2021-10-29 18:00:49 - [TEST_STEP][PASSED] - PeriodEnding = findTestData(dataFile).getValue("PeriodEnding", row): null

2021-10-29 18:00:50 - [TEST_STEP][PASSED] - FName = findTestData(dataFile).getValue("Fname", row): null

2021-10-29 18:00:50 - [TEST_STEP][PASSED] - LName = findTestData(dataFile).getValue("Lname", row): null

2021-10-29 18:00:50 - [TEST_STEP][PASSED] - SSN = findTestData(dataFile).getValue("SSN", row): null

2021-10-29 18:00:50 - [TEST_STEP][PASSED] - BusName = findTestData(dataFile).getValue("BusName", row): null

2021-10-29 18:00:50 - [TEST_STEP][PASSED] - AL1 = findTestData(dataFile).getValue("AL1", row): null

2021-10-29 18:00:50 - [TEST_STEP][PASSED] - City = findTestData(dataFile).getValue("City", row): null

2021-10-29 18:00:50 - [TEST_STEP][PASSED] - ZIP = findTestData(dataFile).getValue("ZIP", row): null

2021-10-29 18:00:50 - [TEST_STEP][PASSED] - FilingType = findTestData(dataFile).getValue("FilingType", row): null

2021-10-29 18:00:50 - [TEST_STEP][PASSED] - Withholding = findTestData(dataFile).getValue("Withholding", row): null

2021-10-29 18:00:50 - [TEST_STEP][PASSED] - Amount = findTestData(dataFile).getValue("Amount", row): null

2021-10-29 18:00:50 - [TEST_STEP][PASSED] - CCNumber = findTestData(dataFile).getValue("CCNumber", row): null

2021-10-29 18:00:50 - [TEST_STEP][PASSED] - CVV = findTestData(dataFile).getValue("CVV", row): null

2021-10-29 18:00:50 - [TEST_STEP][PASSED] - out.println("Value of Execute is : " + ExecuteTC): null

2021-10-29 18:00:50 - [TEST_STEP][PASSED] - if (ExecuteTC.equalsIgnoreCase("Y")): null

2021-10-29 18:00:50 - [TEST_STEP][PASSED] - out.println("Begin Record Number: " + row): null

2021-10-29 18:00:50 - [TEST_STEP][PASSED] - today = new java.util.Date(): null

2021-10-29 18:00:50 - [TEST_STEP][PASSED] - println(today): null

2021-10-29 18:00:50 - [TEST_STEP][PASSED] - datText = today: null

2021-10-29 18:00:50 - [TEST_STEP][PASSED] - Taxtype = findTestData(dataFile).getValue("TaxType", row): null

2021-10-29 18:00:50 - [TEST_STEP][PASSED] - out.println("Taxtype value is : " + Taxtype): null

2021-10-29 18:00:50 - [TEST_STEP][PASSED] - openBrowser(""): Browser is opened with url: ''

2021-10-29 18:00:50 - [MESSAGE][WARNING] - A browser is already opened. Closing browser and opening a new one

2021-10-29 18:00:51 - [MESSAGE][INFO] - Starting 'Chrome' driver

2021-10-29 18:00:51 - [MESSAGE][INFO] - User set preference: ['acceptInsecureCerts', 'true']

2021-10-29 18:00:51 - [MESSAGE][INFO] - Action delay is set to 0 milliseconds

2021-10-29 18:00:52 - [MESSAGE][PASSED] - Browser is opened with url: ''

2021-10-29 18:00:52 - [TEST_STEP][PASSED] - maximizeWindow(): Current window maximized

2021-10-29 18:00:52 - [MESSAGE][PASSED] - Current window maximized

2021-10-29 18:00:52 - [TEST_STEP][PASSED] - navigateToUrl(RADurl): Navigate to 'https://qa.velocitypayment.com/client/rad/index.html' successfully

2021-10-29 18:00:54 - [MESSAGE][PASSED] - Navigate to 'https://qa.velocitypayment.com/client/rad/index.html' successfully

2021-10-29 18:00:54 - [TEST_STEP][PASSED] - orPath_Landing = "Object Repository/RAD_Pages/Landing_Page": null

2021-10-29 18:00:54 - [TEST_STEP][PASSED] - orPath_TaxTypeFilingYear = "Object Repository/RAD_Pages/TaxTypeFilingYear_Page": null

2021-10-29 18:00:54 - [TEST_STEP][PASSED] - orPath_TaxPayer = "Object Repository/RAD_Pages/Taxpayer_Page": null

2021-10-29 18:00:54 - [TEST_STEP][PASSED] - orPath_AddressContact = "Object Repository/RAD_Pages/AddressAndContactInfo_Page": null

2021-10-29 18:00:54 - [TEST_STEP][PASSED] - orPath_FilingStatus = "Object Repository/RAD_Pages/FilingStatus_Page": null

2021-10-29 18:00:54 - [TEST_STEP][PASSED] - orPath_Amount = "Object Repository/RAD_Pages/PaymentAmount_Page": null

2021-10-29 18:00:54 - [TEST_STEP][PASSED] - orPath_TaxInfo = "Object Repository/RAD_Pages/TaxInfo_Page": null

2021-10-29 18:00:54 - [TEST_STEP][PASSED] - orPath_Withholding = "Object Repository/RAD_Pages/Withholding_Page": null

2021-10-29 18:00:54 - [TEST_STEP][PASSED] - orPath_Summary = "Object Repository/RAD_Pages/Summary_Page": null

2021-10-29 18:00:54 - [TEST_STEP][PASSED] - orPath_PaymentReady = "Object Repository/RAD_Pages/PaymentReady_Page": null

2021-10-29 18:00:54 - [TEST_STEP][PASSED] - orPath_PaymentEntry = "Object Repository/RAD_Pages/PaymentEntry_Page": null

2021-10-29 18:00:54 - [TEST_STEP][PASSED] - orPath_PaymentConfirmation = "Object Repository/RAD_Pages/PaymentConfirmation_Page": null

2021-10-29 18:00:54 - [TEST_STEP][PASSED] - orPath_ServiceFeesAccept = "Object Repository/RAD_Pages/ServiceFeeAccept_Page": null

2021-10-29 18:00:54 - [TEST_STEP][PASSED] - selectOptionByLabel(findTestObject(orPath_Landing + "/dd_TaxType"), Taxtype, false): All options with label 'Extension Payments' are selected in object 'Object Repository/RAD_Pages/Landing_Page/dd_TaxType' 

2021-10-29 18:00:55 - [MESSAGE][PASSED] - All options with label 'Extension Payments' are selected in object 'Object Repository/RAD_Pages/Landing_Page/dd_TaxType' 

2021-10-29 18:00:55 - [TEST_STEP][PASSED] - delay(3): Delayed 3 second(s)

2021-10-29 18:00:58 - [MESSAGE][PASSED] - Delayed 3 second(s)

2021-10-29 18:00:58 - [TEST_STEP][PASSED] - switch (Taxtype): null

2021-10-29 18:00:58 - [TEST_STEP][PASSED] - case "Extension Payments":: null

2021-10-29 18:00:58 - [TEST_STEP][PASSED] - selectOptionByLabel(findTestObject(orPath_TaxTypeFilingYear + "/select_PaymentType"), PaymentType, false): All options with label 'Personal' are selected in object 'Object Repository/RAD_Pages/TaxTypeFilingYear_Page/select_PaymentType' 

2021-10-29 18:00:59 - [MESSAGE][PASSED] - All options with label 'Personal' are selected in object 'Object Repository/RAD_Pages/TaxTypeFilingYear_Page/select_PaymentType' 

2021-10-29 18:00:59 - [TEST_STEP][PASSED] - selectOptionByLabel(findTestObject(orPath_TaxTypeFilingYear + "/select_FilingYear"), FilingYear, false): All options with label '2020' are selected in object 'Object Repository/RAD_Pages/TaxTypeFilingYear_Page/select_FilingYear' 

2021-10-29 18:00:59 - [MESSAGE][PASSED] - All options with label '2020' are selected in object 'Object Repository/RAD_Pages/TaxTypeFilingYear_Page/select_FilingYear' 

2021-10-29 18:00:59 - [TEST_STEP][PASSED] - setText(findTestObject(orPath_TaxPayer + "/input_lastName"), LName): Text 'Anderson' is set on object 'Object Repository/RAD_Pages/Taxpayer_Page/input_lastName'

2021-10-29 18:01:00 - [MESSAGE][PASSED] - Text 'Anderson' is set on object 'Object Repository/RAD_Pages/Taxpayer_Page/input_lastName'

2021-10-29 18:01:00 - [TEST_STEP][PASSED] - setText(findTestObject("RAD_RecordAndPlay/input_concatSSN"), SSN): Text '123451234' is set on object 'Object Repository/RAD_RecordAndPlay/input_concatSSN'

2021-10-29 18:01:01 - [MESSAGE][PASSED] - Text '123451234' is set on object 'Object Repository/RAD_RecordAndPlay/input_concatSSN'

2021-10-29 18:01:01 - [TEST_STEP][PASSED] - setText(findTestObject("RAD_RecordAndPlay/input_concatReSSN"), SSN): Text '123451234' is set on object 'Object Repository/RAD_RecordAndPlay/input_concatReSSN'

2021-10-29 18:01:01 - [MESSAGE][PASSED] - Text '123451234' is set on object 'Object Repository/RAD_RecordAndPlay/input_concatReSSN'

2021-10-29 18:01:01 - [TEST_STEP][PASSED] - if (PaymentType.equalsIgnoreCase("Personal")): Object 'Object Repository/RAD_Pages/FilingStatus_Page/input_userType_Individual' is checked

2021-10-29 18:01:01 - [TEST_STEP][PASSED] - if (FilingType.equalsIgnoreCase("Y")): Object 'Object Repository/RAD_Pages/FilingStatus_Page/input_userType_Individual' is checked

2021-10-29 18:01:01 - [TEST_STEP][PASSED] - check(findTestObject(orPath_FilingStatus + "/input_userType_Individual")): Object 'Object Repository/RAD_Pages/FilingStatus_Page/input_userType_Individual' is checked

2021-10-29 18:01:02 - [MESSAGE][PASSED] - Object 'Object Repository/RAD_Pages/FilingStatus_Page/input_userType_Individual' is checked

2021-10-29 18:01:02 - [TEST_STEP][PASSED] - break: null

2021-10-29 18:01:02 - [TEST_STEP][PASSED] - setText(findTestObject(orPath_TaxPayer + "/input_firstName"), FName): Text 'Jimmie' is set on object 'Object Repository/RAD_Pages/Taxpayer_Page/input_firstName'

2021-10-29 18:01:02 - [MESSAGE][PASSED] - Text 'Jimmie' is set on object 'Object Repository/RAD_Pages/Taxpayer_Page/input_firstName'

2021-10-29 18:01:02 - [TEST_STEP][PASSED] - setText(findTestObject(orPath_TaxPayer + "/input_lastName"), LName): Text 'Anderson' is set on object 'Object Repository/RAD_Pages/Taxpayer_Page/input_lastName'

2021-10-29 18:01:03 - [MESSAGE][PASSED] - Text 'Anderson' is set on object 'Object Repository/RAD_Pages/Taxpayer_Page/input_lastName'

2021-10-29 18:01:03 - [TEST_STEP][PASSED] - selectOptionByLabel(findTestObject(orPath_AddressContact + "/select_Country"), "United States", false): All options with label 'United States' are selected in object 'Object Repository/RAD_Pages/AddressAndContactInfo_Page/select_Country' 

2021-10-29 18:01:04 - [MESSAGE][PASSED] - All options with label 'United States' are selected in object 'Object Repository/RAD_Pages/AddressAndContactInfo_Page/select_Country' 

2021-10-29 18:01:04 - [TEST_STEP][PASSED] - setText(findTestObject(orPath_AddressContact + "/input_streetAddress1"), AL1): Text '15 Main Street' is set on object 'Object Repository/RAD_Pages/AddressAndContactInfo_Page/input_streetAddress1'

2021-10-29 18:01:05 - [MESSAGE][PASSED] - Text '15 Main Street' is set on object 'Object Repository/RAD_Pages/AddressAndContactInfo_Page/input_streetAddress1'

2021-10-29 18:01:05 - [TEST_STEP][PASSED] - setText(findTestObject(orPath_AddressContact + "/input_streetAddress2"), ""): Text '' is set on object 'Object Repository/RAD_Pages/AddressAndContactInfo_Page/input_streetAddress2'

2021-10-29 18:01:05 - [MESSAGE][PASSED] - Text '' is set on object 'Object Repository/RAD_Pages/AddressAndContactInfo_Page/input_streetAddress2'

2021-10-29 18:01:05 - [TEST_STEP][PASSED] - setText(findTestObject(orPath_AddressContact + "/input_city"), City): Text 'Gambrills' is set on object 'Object Repository/RAD_Pages/AddressAndContactInfo_Page/input_city'

2021-10-29 18:01:06 - [MESSAGE][PASSED] - Text 'Gambrills' is set on object 'Object Repository/RAD_Pages/AddressAndContactInfo_Page/input_city'

2021-10-29 18:01:06 - [TEST_STEP][PASSED] - selectOptionByLabel(findTestObject(orPath_AddressContact + "/select_State"), "Maryland", false): All options with label 'Maryland' are selected in object 'Object Repository/RAD_Pages/AddressAndContactInfo_Page/select_State' 

2021-10-29 18:01:07 - [MESSAGE][PASSED] - All options with label 'Maryland' are selected in object 'Object Repository/RAD_Pages/AddressAndContactInfo_Page/select_State' 

2021-10-29 18:01:07 - [TEST_STEP][PASSED] - setText(findTestObject(orPath_AddressContact + "/input_zipCode"), ZIP): Text '21054' is set on object 'Object Repository/RAD_Pages/AddressAndContactInfo_Page/input_zipCode'

2021-10-29 18:01:07 - [MESSAGE][PASSED] - Text '21054' is set on object 'Object Repository/RAD_Pages/AddressAndContactInfo_Page/input_zipCode'

2021-10-29 18:01:07 - [TEST_STEP][PASSED] - setText(findTestObject(orPath_AddressContact + "/input_phoneNumber"), "(703) 894-5000"): Text '(703) 894-5000' is set on object 'Object Repository/RAD_Pages/AddressAndContactInfo_Page/input_phoneNumber'

2021-10-29 18:01:08 - [MESSAGE][PASSED] - Text '(703) 894-5000' is set on object 'Object Repository/RAD_Pages/AddressAndContactInfo_Page/input_phoneNumber'

2021-10-29 18:01:08 - [TEST_STEP][PASSED] - setText(findTestObject(orPath_AddressContact + "/input_eMailAddress"), "iahmed@govolution.com"): Text 'iahmed@govolution.com' is set on object 'Object Repository/RAD_Pages/AddressAndContactInfo_Page/input_eMailAddress'

2021-10-29 18:01:09 - [MESSAGE][PASSED] - Text 'iahmed@govolution.com' is set on object 'Object Repository/RAD_Pages/AddressAndContactInfo_Page/input_eMailAddress'

2021-10-29 18:01:09 - [TEST_STEP][PASSED] - setText(findTestObject(orPath_AddressContact + "/input_reEnterEMailAddress"), "iahmed@govolution.com"): Text 'iahmed@govolution.com' is set on object 'Object Repository/RAD_Pages/AddressAndContactInfo_Page/input_reEnterEMailAddress'

2021-10-29 18:01:10 - [MESSAGE][PASSED] - Text 'iahmed@govolution.com' is set on object 'Object Repository/RAD_Pages/AddressAndContactInfo_Page/input_reEnterEMailAddress'

2021-10-29 18:01:10 - [TEST_STEP][PASSED] - setText(findTestObject(orPath_Amount + "/input__paymentAmount"), Amount): Text '100.00' is set on object 'Object Repository/RAD_Pages/PaymentAmount_Page/input__paymentAmount'

2021-10-29 18:01:11 - [MESSAGE][PASSED] - Text '100.00' is set on object 'Object Repository/RAD_Pages/PaymentAmount_Page/input__paymentAmount'

2021-10-29 18:01:11 - [TEST_STEP][PASSED] - scrollToElement(findTestObject(orPath_Landing + "/button_Continue"), 3): Scroll to object 'Object Repository/RAD_Pages/Landing_Page/button_Continue' successfully

2021-10-29 18:01:11 - [MESSAGE][PASSED] - Scroll to object 'Object Repository/RAD_Pages/Landing_Page/button_Continue' successfully

2021-10-29 18:01:11 - [TEST_STEP][PASSED] - waitForElementClickable(findTestObject(orPath_Landing + "/button_Continue"), 5): Object 'Object Repository/RAD_Pages/Landing_Page/button_Continue' is clickable

2021-10-29 18:01:11 - [MESSAGE][PASSED] - Object 'Object Repository/RAD_Pages/Landing_Page/button_Continue' is clickable

2021-10-29 18:01:11 - [TEST_STEP][PASSED] - click(findTestObject(orPath_Landing + "/button_Continue")): Object: 'Object Repository/RAD_Pages/Landing_Page/button_Continue' is clicked on

2021-10-29 18:01:12 - [MESSAGE][PASSED] - Object: 'Object Repository/RAD_Pages/Landing_Page/button_Continue' is clicked on

2021-10-29 18:01:12 - [TEST_STEP][PASSED] - verifyTextPresent("Review the information below and make any necessary corrections by clicking the", true): Text 'Review the information below and make any necessary corrections by clicking the' is present on page  using regular expression

2021-10-29 18:01:12 - [MESSAGE][PASSED] - Text 'Review the information below and make any necessary corrections by clicking the' is present on page  using regular expression

2021-10-29 18:01:12 - [TEST_STEP][PASSED] - verifyTextPresent("When you are confident that all the information is correct", true): Text 'When you are confident that all the information is correct' is present on page  using regular expression

2021-10-29 18:01:13 - [MESSAGE][PASSED] - Text 'When you are confident that all the information is correct' is present on page  using regular expression

2021-10-29 18:01:13 - [TEST_STEP][PASSED] - delay(1): Delayed 1 second(s)

2021-10-29 18:01:14 - [MESSAGE][PASSED] - Delayed 1 second(s)

2021-10-29 18:01:14 - [TEST_STEP][PASSED] - click(findTestObject(orPath_Summary + "/button_Proceed to Payment")): Object: 'Object Repository/RAD_Pages/Summary_Page/button_Proceed to Payment' is clicked on

2021-10-29 18:01:15 - [MESSAGE][PASSED] - Object: 'Object Repository/RAD_Pages/Summary_Page/button_Proceed to Payment' is clicked on

2021-10-29 18:01:15 - [TEST_STEP][PASSED] - setText(findTestObject(orPath_PaymentEntry + "/input__cardNumber"), CCNumber): Text '4012000098765439' is set on object 'Object Repository/RAD_Pages/PaymentEntry_Page/input__cardNumber'

2021-10-29 18:01:16 - [MESSAGE][PASSED] - Text '4012000098765439' is set on object 'Object Repository/RAD_Pages/PaymentEntry_Page/input__cardNumber'

2021-10-29 18:01:16 - [TEST_STEP][PASSED] - setText(findTestObject(orPath_PaymentEntry + "/input__spc"), CVV): Text '123' is set on object 'Object Repository/RAD_Pages/PaymentEntry_Page/input__spc'

2021-10-29 18:01:17 - [MESSAGE][PASSED] - Text '123' is set on object 'Object Repository/RAD_Pages/PaymentEntry_Page/input__spc'

2021-10-29 18:01:17 - [TEST_STEP][PASSED] - selectOptionByLabel(findTestObject(orPath_PaymentEntry + "/select_MM"), "12", false): All options with label '12' are selected in object 'Object Repository/RAD_Pages/PaymentEntry_Page/select_MM' 

2021-10-29 18:01:18 - [MESSAGE][PASSED] - All options with label '12' are selected in object 'Object Repository/RAD_Pages/PaymentEntry_Page/select_MM' 

2021-10-29 18:01:18 - [TEST_STEP][PASSED] - selectOptionByLabel(findTestObject(orPath_PaymentEntry + "/select_YYYY"), "2023", false): All options with label '2023' are selected in object 'Object Repository/RAD_Pages/PaymentEntry_Page/select_YYYY' 

2021-10-29 18:01:18 - [MESSAGE][PASSED] - All options with label '2023' are selected in object 'Object Repository/RAD_Pages/PaymentEntry_Page/select_YYYY' 

2021-10-29 18:01:18 - [TEST_STEP][PASSED] - click(findTestObject(orPath_PaymentEntry + "/input_Field_ccSubmit")): Object: 'Object Repository/RAD_Pages/PaymentEntry_Page/input_Field_ccSubmit' is clicked on

2021-10-29 18:01:20 - [MESSAGE][PASSED] - Object: 'Object Repository/RAD_Pages/PaymentEntry_Page/input_Field_ccSubmit' is clicked on

2021-10-29 18:01:20 - [TEST_STEP][PASSED] - click(findTestObject(orPath_PaymentConfirmation + "/input_N_confirmNotifyAction")): Object: 'Object Repository/RAD_Pages/PaymentConfirmation_Page/input_N_confirmNotifyAction' is clicked on

2021-10-29 18:01:21 - [MESSAGE][PASSED] - Object: 'Object Repository/RAD_Pages/PaymentConfirmation_Page/input_N_confirmNotifyAction' is clicked on

2021-10-29 18:01:21 - [TEST_STEP][PASSED] - click(findTestObject(orPath_ServiceFeesAccept + "/input_convFeeNotifyAction")): Object: 'Object Repository/RAD_Pages/ServiceFeeAccept_Page/input_convFeeNotifyAction' is clicked on

2021-10-29 18:01:22 - [MESSAGE][PASSED] - Object: 'Object Repository/RAD_Pages/ServiceFeeAccept_Page/input_convFeeNotifyAction' is clicked on

2021-10-29 18:01:22 - [TEST_STEP][PASSED] - delay(10): Delayed 10 second(s)

2021-10-29 18:01:32 - [MESSAGE][PASSED] - Delayed 10 second(s)

2021-10-29 18:01:32 - [TEST_STEP][PASSED] - verifyTextPresent("Successful Payment Receipt", true): Text 'Successful Payment Receipt' is present on page  using regular expression

2021-10-29 18:01:33 - [MESSAGE][PASSED] - Text 'Successful Payment Receipt' is present on page  using regular expression

2021-10-29 18:01:33 - [TEST_STEP][PASSED] - if (verifyTextPresent("Successful Payment Receipt", true)): null

2021-10-29 18:01:33 - [MESSAGE][PASSED] - Text 'Successful Payment Receipt' is present on page  using regular expression

2021-10-29 18:01:33 - [TEST_STEP][PASSED] - println("Transaction was Successful"): null

2021-10-29 18:01:33 - [TEST_STEP][PASSED] - out.println("Pass Record Number: " + row): null

2021-10-29 18:01:33 - [TEST_STEP][PASSED] - resText = "Pass": null

2021-10-29 18:01:33 - [TEST_STEP][PASSED] - pages.WriteExcel.demoKey(resText, datText, resColumn, datCloumn, fileLoc, nameSheet, row): pages.WriteExcel.demoKey is PASSED

2021-10-29 18:01:33 - [MESSAGE][PASSED] - pages.WriteExcel.demoKey is PASSED

2021-10-29 18:01:33 - [TEST_STEP][PASSED] - ExecuteTC = findTestData(dataFile).getValue("Execute", row): null

2021-10-29 18:01:33 - [TEST_STEP][PASSED] - PaymentType = findTestData(dataFile).getValue("PaymentType", row): null

2021-10-29 18:01:33 - [TEST_STEP][PASSED] - FilingYear = findTestData(dataFile).getValue("FilingYear", row): null

2021-10-29 18:01:33 - [TEST_STEP][PASSED] - PeriodEnding = findTestData(dataFile).getValue("PeriodEnding", row): null

2021-10-29 18:01:33 - [TEST_STEP][PASSED] - FName = findTestData(dataFile).getValue("Fname", row): null

2021-10-29 18:01:33 - [TEST_STEP][PASSED] - LName = findTestData(dataFile).getValue("Lname", row): null

2021-10-29 18:01:33 - [TEST_STEP][PASSED] - SSN = findTestData(dataFile).getValue("SSN", row): null

2021-10-29 18:01:33 - [TEST_STEP][PASSED] - BusName = findTestData(dataFile).getValue("BusName", row): null

2021-10-29 18:01:33 - [TEST_STEP][PASSED] - AL1 = findTestData(dataFile).getValue("AL1", row): null

2021-10-29 18:01:33 - [TEST_STEP][PASSED] - City = findTestData(dataFile).getValue("City", row): null

2021-10-29 18:01:33 - [TEST_STEP][PASSED] - ZIP = findTestData(dataFile).getValue("ZIP", row): null

2021-10-29 18:01:33 - [TEST_STEP][PASSED] - FilingType = findTestData(dataFile).getValue("FilingType", row): null

2021-10-29 18:01:33 - [TEST_STEP][PASSED] - Withholding = findTestData(dataFile).getValue("Withholding", row): null

2021-10-29 18:01:33 - [TEST_STEP][PASSED] - Amount = findTestData(dataFile).getValue("Amount", row): null

2021-10-29 18:01:33 - [TEST_STEP][PASSED] - CCNumber = findTestData(dataFile).getValue("CCNumber", row): null

2021-10-29 18:01:33 - [TEST_STEP][PASSED] - CVV = findTestData(dataFile).getValue("CVV", row): null

2021-10-29 18:01:33 - [TEST_STEP][PASSED] - out.println("Value of Execute is : " + ExecuteTC): null

2021-10-29 18:01:33 - [TEST_STEP][PASSED] - if (ExecuteTC.equalsIgnoreCase("Y")): null

2021-10-29 18:01:33 - [TEST_STEP][PASSED] - out.println("Begin Record Number: " + row): null

2021-10-29 18:01:33 - [TEST_STEP][PASSED] - today = new java.util.Date(): null

2021-10-29 18:01:33 - [TEST_STEP][PASSED] - println(today): null

2021-10-29 18:01:33 - [TEST_STEP][PASSED] - datText = today: null

2021-10-29 18:01:33 - [TEST_STEP][PASSED] - Taxtype = findTestData(dataFile).getValue("TaxType", row): null

2021-10-29 18:01:33 - [TEST_STEP][PASSED] - out.println("Taxtype value is : " + Taxtype): null

2021-10-29 18:01:34 - [TEST_STEP][PASSED] - openBrowser(""): Browser is opened with url: ''

2021-10-29 18:01:34 - [MESSAGE][WARNING] - A browser is already opened. Closing browser and opening a new one

2021-10-29 18:01:34 - [MESSAGE][INFO] - Starting 'Chrome' driver

2021-10-29 18:01:34 - [MESSAGE][INFO] - User set preference: ['acceptInsecureCerts', 'true']

2021-10-29 18:01:34 - [MESSAGE][INFO] - Action delay is set to 0 milliseconds

2021-10-29 18:01:36 - [MESSAGE][PASSED] - Browser is opened with url: ''

2021-10-29 18:01:36 - [TEST_STEP][PASSED] - maximizeWindow(): Current window maximized

2021-10-29 18:01:36 - [MESSAGE][PASSED] - Current window maximized

2021-10-29 18:01:36 - [TEST_STEP][PASSED] - navigateToUrl(RADurl): Navigate to 'https://qa.velocitypayment.com/client/rad/index.html' successfully

2021-10-29 18:01:38 - [MESSAGE][PASSED] - Navigate to 'https://qa.velocitypayment.com/client/rad/index.html' successfully

2021-10-29 18:01:38 - [TEST_STEP][PASSED] - orPath_Landing = "Object Repository/RAD_Pages/Landing_Page": null

2021-10-29 18:01:38 - [TEST_STEP][PASSED] - orPath_TaxTypeFilingYear = "Object Repository/RAD_Pages/TaxTypeFilingYear_Page": null

2021-10-29 18:01:38 - [TEST_STEP][PASSED] - orPath_TaxPayer = "Object Repository/RAD_Pages/Taxpayer_Page": null

2021-10-29 18:01:38 - [TEST_STEP][PASSED] - orPath_AddressContact = "Object Repository/RAD_Pages/AddressAndContactInfo_Page": null

2021-10-29 18:01:38 - [TEST_STEP][PASSED] - orPath_FilingStatus = "Object Repository/RAD_Pages/FilingStatus_Page": null

2021-10-29 18:01:38 - [TEST_STEP][PASSED] - orPath_Amount = "Object Repository/RAD_Pages/PaymentAmount_Page": null

2021-10-29 18:01:38 - [TEST_STEP][PASSED] - orPath_TaxInfo = "Object Repository/RAD_Pages/TaxInfo_Page": null

2021-10-29 18:01:38 - [TEST_STEP][PASSED] - orPath_Withholding = "Object Repository/RAD_Pages/Withholding_Page": null

2021-10-29 18:01:38 - [TEST_STEP][PASSED] - orPath_Summary = "Object Repository/RAD_Pages/Summary_Page": null

2021-10-29 18:01:38 - [TEST_STEP][PASSED] - orPath_PaymentReady = "Object Repository/RAD_Pages/PaymentReady_Page": null

2021-10-29 18:01:38 - [TEST_STEP][PASSED] - orPath_PaymentEntry = "Object Repository/RAD_Pages/PaymentEntry_Page": null

2021-10-29 18:01:38 - [TEST_STEP][PASSED] - orPath_PaymentConfirmation = "Object Repository/RAD_Pages/PaymentConfirmation_Page": null

2021-10-29 18:01:38 - [TEST_STEP][PASSED] - orPath_ServiceFeesAccept = "Object Repository/RAD_Pages/ServiceFeeAccept_Page": null

2021-10-29 18:01:38 - [TEST_STEP][PASSED] - selectOptionByLabel(findTestObject(orPath_Landing + "/dd_TaxType"), Taxtype, false): All options with label 'Extension Payments' are selected in object 'Object Repository/RAD_Pages/Landing_Page/dd_TaxType' 

2021-10-29 18:01:39 - [MESSAGE][PASSED] - All options with label 'Extension Payments' are selected in object 'Object Repository/RAD_Pages/Landing_Page/dd_TaxType' 

2021-10-29 18:01:39 - [TEST_STEP][PASSED] - delay(3): Delayed 3 second(s)

2021-10-29 18:01:42 - [MESSAGE][PASSED] - Delayed 3 second(s)

2021-10-29 18:01:42 - [TEST_STEP][PASSED] - switch (Taxtype): null

2021-10-29 18:01:42 - [TEST_STEP][PASSED] - case "Extension Payments":: null

2021-10-29 18:01:42 - [TEST_STEP][PASSED] - selectOptionByLabel(findTestObject(orPath_TaxTypeFilingYear + "/select_PaymentType"), PaymentType, false): All options with label 'Personal' are selected in object 'Object Repository/RAD_Pages/TaxTypeFilingYear_Page/select_PaymentType' 

2021-10-29 18:01:42 - [MESSAGE][PASSED] - All options with label 'Personal' are selected in object 'Object Repository/RAD_Pages/TaxTypeFilingYear_Page/select_PaymentType' 

2021-10-29 18:01:42 - [TEST_STEP][PASSED] - selectOptionByLabel(findTestObject(orPath_TaxTypeFilingYear + "/select_FilingYear"), FilingYear, false): All options with label '2020' are selected in object 'Object Repository/RAD_Pages/TaxTypeFilingYear_Page/select_FilingYear' 

2021-10-29 18:01:43 - [MESSAGE][PASSED] - All options with label '2020' are selected in object 'Object Repository/RAD_Pages/TaxTypeFilingYear_Page/select_FilingYear' 

2021-10-29 18:01:43 - [TEST_STEP][PASSED] - setText(findTestObject(orPath_TaxPayer + "/input_lastName"), LName): Text 'Broad' is set on object 'Object Repository/RAD_Pages/Taxpayer_Page/input_lastName'

2021-10-29 18:01:43 - [MESSAGE][PASSED] - Text 'Broad' is set on object 'Object Repository/RAD_Pages/Taxpayer_Page/input_lastName'

2021-10-29 18:01:43 - [TEST_STEP][PASSED] - setText(findTestObject("RAD_RecordAndPlay/input_concatSSN"), SSN): Text '123456523' is set on object 'Object Repository/RAD_RecordAndPlay/input_concatSSN'

2021-10-29 18:01:44 - [MESSAGE][PASSED] - Text '123456523' is set on object 'Object Repository/RAD_RecordAndPlay/input_concatSSN'

2021-10-29 18:01:44 - [TEST_STEP][PASSED] - setText(findTestObject("RAD_RecordAndPlay/input_concatReSSN"), SSN): Text '123456523' is set on object 'Object Repository/RAD_RecordAndPlay/input_concatReSSN'

2021-10-29 18:01:45 - [MESSAGE][PASSED] - Text '123456523' is set on object 'Object Repository/RAD_RecordAndPlay/input_concatReSSN'

2021-10-29 18:01:45 - [TEST_STEP][PASSED] - if (PaymentType.equalsIgnoreCase("Personal")): Text '123443210' is set on object 'Object Repository/RAD_RecordAndPlay/input_reTypeJointFilerSSN'

2021-10-29 18:01:45 - [TEST_STEP][PASSED] - if (FilingType.equalsIgnoreCase("Y")): null

2021-10-29 18:01:45 - [TEST_STEP][PASSED] - else: Text '123443210' is set on object 'Object Repository/RAD_RecordAndPlay/input_reTypeJointFilerSSN'

2021-10-29 18:01:45 - [TEST_STEP][PASSED] - scrollToElement(findTestObject(orPath_Amount + "/input__paymentAmount"), 3): Scroll to object 'Object Repository/RAD_Pages/PaymentAmount_Page/input__paymentAmount' successfully

2021-10-29 18:01:45 - [MESSAGE][PASSED] - Scroll to object 'Object Repository/RAD_Pages/PaymentAmount_Page/input__paymentAmount' successfully

2021-10-29 18:01:45 - [TEST_STEP][PASSED] - waitForElementClickable(findTestObject(orPath_FilingStatus + "/input_userType_Joint"), 5): Object 'Object Repository/RAD_Pages/FilingStatus_Page/input_userType_Joint' is clickable

2021-10-29 18:01:45 - [MESSAGE][PASSED] - Object 'Object Repository/RAD_Pages/FilingStatus_Page/input_userType_Joint' is clickable

2021-10-29 18:01:45 - [TEST_STEP][PASSED] - check(findTestObject(orPath_FilingStatus + "/input_userType_Joint")): Object 'Object Repository/RAD_Pages/FilingStatus_Page/input_userType_Joint' is checked

2021-10-29 18:01:46 - [MESSAGE][PASSED] - Object 'Object Repository/RAD_Pages/FilingStatus_Page/input_userType_Joint' is checked

2021-10-29 18:01:46 - [TEST_STEP][PASSED] - delay(3): Delayed 3 second(s)

2021-10-29 18:01:49 - [MESSAGE][PASSED] - Delayed 3 second(s)

2021-10-29 18:01:49 - [TEST_STEP][PASSED] - setText(findTestObject(orPath_FilingStatus + "/input_jointFirstName"), "Sam"): Text 'Sam' is set on object 'Object Repository/RAD_Pages/FilingStatus_Page/input_jointFirstName'

2021-10-29 18:01:49 - [MESSAGE][PASSED] - Text 'Sam' is set on object 'Object Repository/RAD_Pages/FilingStatus_Page/input_jointFirstName'

2021-10-29 18:01:49 - [TEST_STEP][PASSED] - setText(findTestObject(orPath_FilingStatus + "/input_jointLastName"), "Stokes"): Text 'Stokes' is set on object 'Object Repository/RAD_Pages/FilingStatus_Page/input_jointLastName'

2021-10-29 18:01:50 - [MESSAGE][PASSED] - Text 'Stokes' is set on object 'Object Repository/RAD_Pages/FilingStatus_Page/input_jointLastName'

2021-10-29 18:01:50 - [TEST_STEP][PASSED] - setText(findTestObject("Object Repository/RAD_RecordAndPlay/input_JointFilerSSN"), "123443210"): Text '123443210' is set on object 'Object Repository/RAD_RecordAndPlay/input_JointFilerSSN'

2021-10-29 18:01:51 - [MESSAGE][PASSED] - Text '123443210' is set on object 'Object Repository/RAD_RecordAndPlay/input_JointFilerSSN'

2021-10-29 18:01:51 - [TEST_STEP][PASSED] - setText(findTestObject("Object Repository/RAD_RecordAndPlay/input_reTypeJointFilerSSN"), "123443210"): Text '123443210' is set on object 'Object Repository/RAD_RecordAndPlay/input_reTypeJointFilerSSN'

2021-10-29 18:01:51 - [MESSAGE][PASSED] - Text '123443210' is set on object 'Object Repository/RAD_RecordAndPlay/input_reTypeJointFilerSSN'

2021-10-29 18:01:51 - [TEST_STEP][PASSED] - break: null

2021-10-29 18:01:51 - [TEST_STEP][PASSED] - setText(findTestObject(orPath_TaxPayer + "/input_firstName"), FName): Text 'Stuart' is set on object 'Object Repository/RAD_Pages/Taxpayer_Page/input_firstName'

2021-10-29 18:01:52 - [MESSAGE][PASSED] - Text 'Stuart' is set on object 'Object Repository/RAD_Pages/Taxpayer_Page/input_firstName'

2021-10-29 18:01:52 - [TEST_STEP][PASSED] - setText(findTestObject(orPath_TaxPayer + "/input_lastName"), LName): Text 'Broad' is set on object 'Object Repository/RAD_Pages/Taxpayer_Page/input_lastName'

2021-10-29 18:01:54 - [MESSAGE][PASSED] - Text 'Broad' is set on object 'Object Repository/RAD_Pages/Taxpayer_Page/input_lastName'

2021-10-29 18:01:54 - [TEST_STEP][PASSED] - selectOptionByLabel(findTestObject(orPath_AddressContact + "/select_Country"), "United States", false): All options with label 'United States' are selected in object 'Object Repository/RAD_Pages/AddressAndContactInfo_Page/select_Country' 

2021-10-29 18:01:54 - [MESSAGE][PASSED] - All options with label 'United States' are selected in object 'Object Repository/RAD_Pages/AddressAndContactInfo_Page/select_Country' 

2021-10-29 18:01:54 - [TEST_STEP][PASSED] - setText(findTestObject(orPath_AddressContact + "/input_streetAddress1"), AL1): Text '15 Main Street' is set on object 'Object Repository/RAD_Pages/AddressAndContactInfo_Page/input_streetAddress1'

2021-10-29 18:01:55 - [MESSAGE][PASSED] - Text '15 Main Street' is set on object 'Object Repository/RAD_Pages/AddressAndContactInfo_Page/input_streetAddress1'

2021-10-29 18:01:55 - [TEST_STEP][PASSED] - setText(findTestObject(orPath_AddressContact + "/input_streetAddress2"), ""): Text '' is set on object 'Object Repository/RAD_Pages/AddressAndContactInfo_Page/input_streetAddress2'

2021-10-29 18:01:56 - [MESSAGE][PASSED] - Text '' is set on object 'Object Repository/RAD_Pages/AddressAndContactInfo_Page/input_streetAddress2'

2021-10-29 18:01:56 - [TEST_STEP][PASSED] - setText(findTestObject(orPath_AddressContact + "/input_city"), City): Text 'Gambrills' is set on object 'Object Repository/RAD_Pages/AddressAndContactInfo_Page/input_city'

2021-10-29 18:01:57 - [MESSAGE][PASSED] - Text 'Gambrills' is set on object 'Object Repository/RAD_Pages/AddressAndContactInfo_Page/input_city'

2021-10-29 18:01:57 - [TEST_STEP][PASSED] - selectOptionByLabel(findTestObject(orPath_AddressContact + "/select_State"), "Maryland", false): All options with label 'Maryland' are selected in object 'Object Repository/RAD_Pages/AddressAndContactInfo_Page/select_State' 

2021-10-29 18:01:57 - [MESSAGE][PASSED] - All options with label 'Maryland' are selected in object 'Object Repository/RAD_Pages/AddressAndContactInfo_Page/select_State' 

2021-10-29 18:01:57 - [TEST_STEP][PASSED] - setText(findTestObject(orPath_AddressContact + "/input_zipCode"), ZIP): Text '21054' is set on object 'Object Repository/RAD_Pages/AddressAndContactInfo_Page/input_zipCode'

2021-10-29 18:01:58 - [MESSAGE][PASSED] - Text '21054' is set on object 'Object Repository/RAD_Pages/AddressAndContactInfo_Page/input_zipCode'

2021-10-29 18:01:58 - [TEST_STEP][PASSED] - setText(findTestObject(orPath_AddressContact + "/input_phoneNumber"), "(703) 894-5000"): Text '(703) 894-5000' is set on object 'Object Repository/RAD_Pages/AddressAndContactInfo_Page/input_phoneNumber'

2021-10-29 18:01:59 - [MESSAGE][PASSED] - Text '(703) 894-5000' is set on object 'Object Repository/RAD_Pages/AddressAndContactInfo_Page/input_phoneNumber'

2021-10-29 18:01:59 - [TEST_STEP][PASSED] - setText(findTestObject(orPath_AddressContact + "/input_eMailAddress"), "iahmed@govolution.com"): Text 'iahmed@govolution.com' is set on object 'Object Repository/RAD_Pages/AddressAndContactInfo_Page/input_eMailAddress'

2021-10-29 18:02:00 - [MESSAGE][PASSED] - Text 'iahmed@govolution.com' is set on object 'Object Repository/RAD_Pages/AddressAndContactInfo_Page/input_eMailAddress'

2021-10-29 18:02:00 - [TEST_STEP][PASSED] - setText(findTestObject(orPath_AddressContact + "/input_reEnterEMailAddress"), "iahmed@govolution.com"): Text 'iahmed@govolution.com' is set on object 'Object Repository/RAD_Pages/AddressAndContactInfo_Page/input_reEnterEMailAddress'

2021-10-29 18:02:00 - [MESSAGE][PASSED] - Text 'iahmed@govolution.com' is set on object 'Object Repository/RAD_Pages/AddressAndContactInfo_Page/input_reEnterEMailAddress'

2021-10-29 18:02:00 - [TEST_STEP][PASSED] - setText(findTestObject(orPath_Amount + "/input__paymentAmount"), Amount): Text '100.00' is set on object 'Object Repository/RAD_Pages/PaymentAmount_Page/input__paymentAmount'

2021-10-29 18:02:01 - [MESSAGE][PASSED] - Text '100.00' is set on object 'Object Repository/RAD_Pages/PaymentAmount_Page/input__paymentAmount'

2021-10-29 18:02:01 - [TEST_STEP][PASSED] - scrollToElement(findTestObject(orPath_Landing + "/button_Continue"), 3): Scroll to object 'Object Repository/RAD_Pages/Landing_Page/button_Continue' successfully

2021-10-29 18:02:02 - [MESSAGE][PASSED] - Scroll to object 'Object Repository/RAD_Pages/Landing_Page/button_Continue' successfully

2021-10-29 18:02:02 - [TEST_STEP][PASSED] - waitForElementClickable(findTestObject(orPath_Landing + "/button_Continue"), 5): Object 'Object Repository/RAD_Pages/Landing_Page/button_Continue' is clickable

2021-10-29 18:02:02 - [MESSAGE][PASSED] - Object 'Object Repository/RAD_Pages/Landing_Page/button_Continue' is clickable

2021-10-29 18:02:02 - [TEST_STEP][PASSED] - click(findTestObject(orPath_Landing + "/button_Continue")): Object: 'Object Repository/RAD_Pages/Landing_Page/button_Continue' is clicked on

2021-10-29 18:02:02 - [MESSAGE][PASSED] - Object: 'Object Repository/RAD_Pages/Landing_Page/button_Continue' is clicked on

2021-10-29 18:02:02 - [TEST_STEP][PASSED] - verifyTextPresent("Review the information below and make any necessary corrections by clicking the", true): Text 'Review the information below and make any necessary corrections by clicking the' is present on page  using regular expression

2021-10-29 18:02:03 - [MESSAGE][PASSED] - Text 'Review the information below and make any necessary corrections by clicking the' is present on page  using regular expression

2021-10-29 18:02:03 - [TEST_STEP][PASSED] - verifyTextPresent("When you are confident that all the information is correct", true): Text 'When you are confident that all the information is correct' is present on page  using regular expression

2021-10-29 18:02:03 - [MESSAGE][PASSED] - Text 'When you are confident that all the information is correct' is present on page  using regular expression

2021-10-29 18:02:03 - [TEST_STEP][PASSED] - delay(1): Delayed 1 second(s)

2021-10-29 18:02:04 - [MESSAGE][PASSED] - Delayed 1 second(s)

2021-10-29 18:02:04 - [TEST_STEP][PASSED] - click(findTestObject(orPath_Summary + "/button_Proceed to Payment")): Object: 'Object Repository/RAD_Pages/Summary_Page/button_Proceed to Payment' is clicked on

2021-10-29 18:02:07 - [MESSAGE][PASSED] - Object: 'Object Repository/RAD_Pages/Summary_Page/button_Proceed to Payment' is clicked on

2021-10-29 18:02:07 - [TEST_STEP][PASSED] - setText(findTestObject(orPath_PaymentEntry + "/input__cardNumber"), CCNumber): Text '5146312200000035' is set on object 'Object Repository/RAD_Pages/PaymentEntry_Page/input__cardNumber'

2021-10-29 18:02:08 - [MESSAGE][PASSED] - Text '5146312200000035' is set on object 'Object Repository/RAD_Pages/PaymentEntry_Page/input__cardNumber'

2021-10-29 18:02:08 - [TEST_STEP][PASSED] - setText(findTestObject(orPath_PaymentEntry + "/input__spc"), CVV): Text '123' is set on object 'Object Repository/RAD_Pages/PaymentEntry_Page/input__spc'

2021-10-29 18:02:09 - [MESSAGE][PASSED] - Text '123' is set on object 'Object Repository/RAD_Pages/PaymentEntry_Page/input__spc'

2021-10-29 18:02:09 - [TEST_STEP][PASSED] - selectOptionByLabel(findTestObject(orPath_PaymentEntry + "/select_MM"), "12", false): All options with label '12' are selected in object 'Object Repository/RAD_Pages/PaymentEntry_Page/select_MM' 

2021-10-29 18:02:09 - [MESSAGE][PASSED] - All options with label '12' are selected in object 'Object Repository/RAD_Pages/PaymentEntry_Page/select_MM' 

2021-10-29 18:02:09 - [TEST_STEP][PASSED] - selectOptionByLabel(findTestObject(orPath_PaymentEntry + "/select_YYYY"), "2023", false): All options with label '2023' are selected in object 'Object Repository/RAD_Pages/PaymentEntry_Page/select_YYYY' 

2021-10-29 18:02:10 - [MESSAGE][PASSED] - All options with label '2023' are selected in object 'Object Repository/RAD_Pages/PaymentEntry_Page/select_YYYY' 

2021-10-29 18:02:10 - [TEST_STEP][PASSED] - click(findTestObject(orPath_PaymentEntry + "/input_Field_ccSubmit")): Object: 'Object Repository/RAD_Pages/PaymentEntry_Page/input_Field_ccSubmit' is clicked on

2021-10-29 18:02:11 - [MESSAGE][PASSED] - Object: 'Object Repository/RAD_Pages/PaymentEntry_Page/input_Field_ccSubmit' is clicked on

2021-10-29 18:02:11 - [TEST_STEP][PASSED] - click(findTestObject(orPath_PaymentConfirmation + "/input_N_confirmNotifyAction")): Object: 'Object Repository/RAD_Pages/PaymentConfirmation_Page/input_N_confirmNotifyAction' is clicked on

2021-10-29 18:02:12 - [MESSAGE][PASSED] - Object: 'Object Repository/RAD_Pages/PaymentConfirmation_Page/input_N_confirmNotifyAction' is clicked on

2021-10-29 18:02:12 - [TEST_STEP][PASSED] - click(findTestObject(orPath_ServiceFeesAccept + "/input_convFeeNotifyAction")): Object: 'Object Repository/RAD_Pages/ServiceFeeAccept_Page/input_convFeeNotifyAction' is clicked on

2021-10-29 18:02:14 - [MESSAGE][PASSED] - Object: 'Object Repository/RAD_Pages/ServiceFeeAccept_Page/input_convFeeNotifyAction' is clicked on

2021-10-29 18:02:14 - [TEST_STEP][PASSED] - delay(10): Delayed 10 second(s)

2021-10-29 18:02:24 - [MESSAGE][PASSED] - Delayed 10 second(s)

2021-10-29 18:02:24 - [TEST_STEP][PASSED] - verifyTextPresent("Successful Payment Receipt", true): Text 'Successful Payment Receipt' is present on page  using regular expression

2021-10-29 18:02:24 - [MESSAGE][PASSED] - Text 'Successful Payment Receipt' is present on page  using regular expression

2021-10-29 18:02:24 - [TEST_STEP][PASSED] - if (verifyTextPresent("Successful Payment Receipt", true)): null

2021-10-29 18:02:25 - [MESSAGE][PASSED] - Text 'Successful Payment Receipt' is present on page  using regular expression

2021-10-29 18:02:25 - [TEST_STEP][PASSED] - println("Transaction was Successful"): null

2021-10-29 18:02:25 - [TEST_STEP][PASSED] - out.println("Pass Record Number: " + row): null

2021-10-29 18:02:25 - [TEST_STEP][PASSED] - resText = "Pass": null

2021-10-29 18:02:25 - [TEST_STEP][PASSED] - pages.WriteExcel.demoKey(resText, datText, resColumn, datCloumn, fileLoc, nameSheet, row): pages.WriteExcel.demoKey is PASSED

2021-10-29 18:02:25 - [MESSAGE][PASSED] - pages.WriteExcel.demoKey is PASSED

2021-10-29 18:02:25 - [TEST_STEP][PASSED] - ExecuteTC = findTestData(dataFile).getValue("Execute", row): null

2021-10-29 18:02:25 - [TEST_STEP][PASSED] - PaymentType = findTestData(dataFile).getValue("PaymentType", row): null

2021-10-29 18:02:25 - [TEST_STEP][PASSED] - FilingYear = findTestData(dataFile).getValue("FilingYear", row): null

2021-10-29 18:02:25 - [TEST_STEP][PASSED] - PeriodEnding = findTestData(dataFile).getValue("PeriodEnding", row): null

2021-10-29 18:02:25 - [TEST_STEP][PASSED] - FName = findTestData(dataFile).getValue("Fname", row): null

2021-10-29 18:02:25 - [TEST_STEP][PASSED] - LName = findTestData(dataFile).getValue("Lname", row): null

2021-10-29 18:02:25 - [TEST_STEP][PASSED] - SSN = findTestData(dataFile).getValue("SSN", row): null

2021-10-29 18:02:25 - [TEST_STEP][PASSED] - BusName = findTestData(dataFile).getValue("BusName", row): null

2021-10-29 18:02:25 - [TEST_STEP][PASSED] - AL1 = findTestData(dataFile).getValue("AL1", row): null

2021-10-29 18:02:25 - [TEST_STEP][PASSED] - City = findTestData(dataFile).getValue("City", row): null

2021-10-29 18:02:25 - [TEST_STEP][PASSED] - ZIP = findTestData(dataFile).getValue("ZIP", row): null

2021-10-29 18:02:25 - [TEST_STEP][PASSED] - FilingType = findTestData(dataFile).getValue("FilingType", row): null

2021-10-29 18:02:25 - [TEST_STEP][PASSED] - Withholding = findTestData(dataFile).getValue("Withholding", row): null

2021-10-29 18:02:25 - [TEST_STEP][PASSED] - Amount = findTestData(dataFile).getValue("Amount", row): null

2021-10-29 18:02:25 - [TEST_STEP][PASSED] - CCNumber = findTestData(dataFile).getValue("CCNumber", row): null

2021-10-29 18:02:25 - [TEST_STEP][PASSED] - CVV = findTestData(dataFile).getValue("CVV", row): null

2021-10-29 18:02:25 - [TEST_STEP][PASSED] - out.println("Value of Execute is : " + ExecuteTC): null

2021-10-29 18:02:25 - [TEST_STEP][PASSED] - if (ExecuteTC.equalsIgnoreCase("Y")): null

2021-10-29 18:02:25 - [TEST_STEP][PASSED] - out.println("Begin Record Number: " + row): null

2021-10-29 18:02:25 - [TEST_STEP][PASSED] - today = new java.util.Date(): null

2021-10-29 18:02:25 - [TEST_STEP][PASSED] - println(today): null

2021-10-29 18:02:25 - [TEST_STEP][PASSED] - datText = today: null

2021-10-29 18:02:25 - [TEST_STEP][PASSED] - Taxtype = findTestData(dataFile).getValue("TaxType", row): null

2021-10-29 18:02:25 - [TEST_STEP][PASSED] - out.println("Taxtype value is : " + Taxtype): null

2021-10-29 18:02:25 - [TEST_STEP][PASSED] - openBrowser(""): Browser is opened with url: ''

2021-10-29 18:02:25 - [MESSAGE][WARNING] - A browser is already opened. Closing browser and opening a new one

2021-10-29 18:02:26 - [MESSAGE][INFO] - Starting 'Chrome' driver

2021-10-29 18:02:26 - [MESSAGE][INFO] - User set preference: ['acceptInsecureCerts', 'true']

2021-10-29 18:02:26 - [MESSAGE][INFO] - Action delay is set to 0 milliseconds

2021-10-29 18:02:27 - [MESSAGE][PASSED] - Browser is opened with url: ''

2021-10-29 18:02:27 - [TEST_STEP][PASSED] - maximizeWindow(): Current window maximized

2021-10-29 18:02:27 - [MESSAGE][PASSED] - Current window maximized

2021-10-29 18:02:27 - [TEST_STEP][PASSED] - navigateToUrl(RADurl): Navigate to 'https://qa.velocitypayment.com/client/rad/index.html' successfully

2021-10-29 18:02:29 - [MESSAGE][PASSED] - Navigate to 'https://qa.velocitypayment.com/client/rad/index.html' successfully

2021-10-29 18:02:29 - [TEST_STEP][PASSED] - orPath_Landing = "Object Repository/RAD_Pages/Landing_Page": null

2021-10-29 18:02:29 - [TEST_STEP][PASSED] - orPath_TaxTypeFilingYear = "Object Repository/RAD_Pages/TaxTypeFilingYear_Page": null

2021-10-29 18:02:29 - [TEST_STEP][PASSED] - orPath_TaxPayer = "Object Repository/RAD_Pages/Taxpayer_Page": null

2021-10-29 18:02:29 - [TEST_STEP][PASSED] - orPath_AddressContact = "Object Repository/RAD_Pages/AddressAndContactInfo_Page": null

2021-10-29 18:02:29 - [TEST_STEP][PASSED] - orPath_FilingStatus = "Object Repository/RAD_Pages/FilingStatus_Page": null

2021-10-29 18:02:29 - [TEST_STEP][PASSED] - orPath_Amount = "Object Repository/RAD_Pages/PaymentAmount_Page": null

2021-10-29 18:02:29 - [TEST_STEP][PASSED] - orPath_TaxInfo = "Object Repository/RAD_Pages/TaxInfo_Page": null

2021-10-29 18:02:29 - [TEST_STEP][PASSED] - orPath_Withholding = "Object Repository/RAD_Pages/Withholding_Page": null

2021-10-29 18:02:29 - [TEST_STEP][PASSED] - orPath_Summary = "Object Repository/RAD_Pages/Summary_Page": null

2021-10-29 18:02:29 - [TEST_STEP][PASSED] - orPath_PaymentReady = "Object Repository/RAD_Pages/PaymentReady_Page": null

2021-10-29 18:02:29 - [TEST_STEP][PASSED] - orPath_PaymentEntry = "Object Repository/RAD_Pages/PaymentEntry_Page": null

2021-10-29 18:02:29 - [TEST_STEP][PASSED] - orPath_PaymentConfirmation = "Object Repository/RAD_Pages/PaymentConfirmation_Page": null

2021-10-29 18:02:29 - [TEST_STEP][PASSED] - orPath_ServiceFeesAccept = "Object Repository/RAD_Pages/ServiceFeeAccept_Page": null

2021-10-29 18:02:29 - [TEST_STEP][PASSED] - selectOptionByLabel(findTestObject(orPath_Landing + "/dd_TaxType"), Taxtype, false): All options with label 'Extension Payments' are selected in object 'Object Repository/RAD_Pages/Landing_Page/dd_TaxType' 

2021-10-29 18:02:30 - [MESSAGE][PASSED] - All options with label 'Extension Payments' are selected in object 'Object Repository/RAD_Pages/Landing_Page/dd_TaxType' 

2021-10-29 18:02:30 - [TEST_STEP][PASSED] - delay(3): Delayed 3 second(s)

2021-10-29 18:02:33 - [MESSAGE][PASSED] - Delayed 3 second(s)

2021-10-29 18:02:33 - [TEST_STEP][PASSED] - switch (Taxtype): null

2021-10-29 18:02:33 - [TEST_STEP][PASSED] - case "Extension Payments":: null

2021-10-29 18:02:33 - [TEST_STEP][PASSED] - selectOptionByLabel(findTestObject(orPath_TaxTypeFilingYear + "/select_PaymentType"), PaymentType, false): All options with label 'Corporate' are selected in object 'Object Repository/RAD_Pages/TaxTypeFilingYear_Page/select_PaymentType' 

2021-10-29 18:02:34 - [MESSAGE][PASSED] - All options with label 'Corporate' are selected in object 'Object Repository/RAD_Pages/TaxTypeFilingYear_Page/select_PaymentType' 

2021-10-29 18:02:34 - [TEST_STEP][PASSED] - selectOptionByLabel(findTestObject(orPath_TaxTypeFilingYear + "/select_FilingYear"), FilingYear, false): All options with label '2020' are selected in object 'Object Repository/RAD_Pages/TaxTypeFilingYear_Page/select_FilingYear' 

2021-10-29 18:02:34 - [MESSAGE][PASSED] - All options with label '2020' are selected in object 'Object Repository/RAD_Pages/TaxTypeFilingYear_Page/select_FilingYear' 

2021-10-29 18:02:34 - [TEST_STEP][PASSED] - setText(findTestObject(orPath_TaxPayer + "/input_lastName"), LName): Text 'Cook' is set on object 'Object Repository/RAD_Pages/Taxpayer_Page/input_lastName'

2021-10-29 18:02:35 - [MESSAGE][PASSED] - Text 'Cook' is set on object 'Object Repository/RAD_Pages/Taxpayer_Page/input_lastName'

2021-10-29 18:02:35 - [TEST_STEP][PASSED] - setText(findTestObject("RAD_RecordAndPlay/input_concatSSN"), SSN): Text '123450145' is set on object 'Object Repository/RAD_RecordAndPlay/input_concatSSN'

2021-10-29 18:02:35 - [MESSAGE][PASSED] - Text '123450145' is set on object 'Object Repository/RAD_RecordAndPlay/input_concatSSN'

2021-10-29 18:02:35 - [TEST_STEP][PASSED] - setText(findTestObject("RAD_RecordAndPlay/input_concatReSSN"), SSN): Text '123450145' is set on object 'Object Repository/RAD_RecordAndPlay/input_concatReSSN'

2021-10-29 18:02:36 - [MESSAGE][PASSED] - Text '123450145' is set on object 'Object Repository/RAD_RecordAndPlay/input_concatReSSN'

2021-10-29 18:02:36 - [TEST_STEP][PASSED] - if (PaymentType.equalsIgnoreCase("Personal")): null

2021-10-29 18:02:36 - [TEST_STEP][PASSED] - break: null

2021-10-29 18:02:36 - [TEST_STEP][PASSED] - setText(findTestObject(orPath_TaxPayer + "/input_firstName"), FName): Text 'Andrew' is set on object 'Object Repository/RAD_Pages/Taxpayer_Page/input_firstName'

2021-10-29 18:02:37 - [MESSAGE][PASSED] - Text 'Andrew' is set on object 'Object Repository/RAD_Pages/Taxpayer_Page/input_firstName'

2021-10-29 18:02:37 - [TEST_STEP][PASSED] - setText(findTestObject(orPath_TaxPayer + "/input_lastName"), LName): Text 'Cook' is set on object 'Object Repository/RAD_Pages/Taxpayer_Page/input_lastName'

2021-10-29 18:02:38 - [MESSAGE][PASSED] - Text 'Cook' is set on object 'Object Repository/RAD_Pages/Taxpayer_Page/input_lastName'

2021-10-29 18:02:38 - [TEST_STEP][PASSED] - selectOptionByLabel(findTestObject(orPath_AddressContact + "/select_Country"), "United States", false): All options with label 'United States' are selected in object 'Object Repository/RAD_Pages/AddressAndContactInfo_Page/select_Country' 

2021-10-29 18:02:39 - [MESSAGE][PASSED] - All options with label 'United States' are selected in object 'Object Repository/RAD_Pages/AddressAndContactInfo_Page/select_Country' 

2021-10-29 18:02:39 - [TEST_STEP][PASSED] - setText(findTestObject(orPath_AddressContact + "/input_streetAddress1"), AL1): Text '3652 Mandan road' is set on object 'Object Repository/RAD_Pages/AddressAndContactInfo_Page/input_streetAddress1'

2021-10-29 18:02:39 - [MESSAGE][PASSED] - Text '3652 Mandan road' is set on object 'Object Repository/RAD_Pages/AddressAndContactInfo_Page/input_streetAddress1'

2021-10-29 18:02:39 - [TEST_STEP][PASSED] - setText(findTestObject(orPath_AddressContact + "/input_streetAddress2"), ""): Text '' is set on object 'Object Repository/RAD_Pages/AddressAndContactInfo_Page/input_streetAddress2'

2021-10-29 18:02:40 - [MESSAGE][PASSED] - Text '' is set on object 'Object Repository/RAD_Pages/AddressAndContactInfo_Page/input_streetAddress2'

2021-10-29 18:02:40 - [TEST_STEP][PASSED] - setText(findTestObject(orPath_AddressContact + "/input_city"), City): Text 'Crofton' is set on object 'Object Repository/RAD_Pages/AddressAndContactInfo_Page/input_city'

2021-10-29 18:02:41 - [MESSAGE][PASSED] - Text 'Crofton' is set on object 'Object Repository/RAD_Pages/AddressAndContactInfo_Page/input_city'

2021-10-29 18:02:41 - [TEST_STEP][PASSED] - selectOptionByLabel(findTestObject(orPath_AddressContact + "/select_State"), "Maryland", false): All options with label 'Maryland' are selected in object 'Object Repository/RAD_Pages/AddressAndContactInfo_Page/select_State' 

2021-10-29 18:02:41 - [MESSAGE][PASSED] - All options with label 'Maryland' are selected in object 'Object Repository/RAD_Pages/AddressAndContactInfo_Page/select_State' 

2021-10-29 18:02:41 - [TEST_STEP][PASSED] - setText(findTestObject(orPath_AddressContact + "/input_zipCode"), ZIP): Text '21114' is set on object 'Object Repository/RAD_Pages/AddressAndContactInfo_Page/input_zipCode'

2021-10-29 18:02:42 - [MESSAGE][PASSED] - Text '21114' is set on object 'Object Repository/RAD_Pages/AddressAndContactInfo_Page/input_zipCode'

2021-10-29 18:02:42 - [TEST_STEP][PASSED] - setText(findTestObject(orPath_AddressContact + "/input_phoneNumber"), "(703) 894-5000"): Text '(703) 894-5000' is set on object 'Object Repository/RAD_Pages/AddressAndContactInfo_Page/input_phoneNumber'

2021-10-29 18:02:43 - [MESSAGE][PASSED] - Text '(703) 894-5000' is set on object 'Object Repository/RAD_Pages/AddressAndContactInfo_Page/input_phoneNumber'

2021-10-29 18:02:43 - [TEST_STEP][PASSED] - setText(findTestObject(orPath_AddressContact + "/input_eMailAddress"), "iahmed@govolution.com"): Text 'iahmed@govolution.com' is set on object 'Object Repository/RAD_Pages/AddressAndContactInfo_Page/input_eMailAddress'

2021-10-29 18:02:43 - [MESSAGE][PASSED] - Text 'iahmed@govolution.com' is set on object 'Object Repository/RAD_Pages/AddressAndContactInfo_Page/input_eMailAddress'

2021-10-29 18:02:43 - [TEST_STEP][PASSED] - setText(findTestObject(orPath_AddressContact + "/input_reEnterEMailAddress"), "iahmed@govolution.com"): Text 'iahmed@govolution.com' is set on object 'Object Repository/RAD_Pages/AddressAndContactInfo_Page/input_reEnterEMailAddress'

2021-10-29 18:02:44 - [MESSAGE][PASSED] - Text 'iahmed@govolution.com' is set on object 'Object Repository/RAD_Pages/AddressAndContactInfo_Page/input_reEnterEMailAddress'

2021-10-29 18:02:44 - [TEST_STEP][PASSED] - setText(findTestObject(orPath_Amount + "/input__paymentAmount"), Amount): Text '100.00' is set on object 'Object Repository/RAD_Pages/PaymentAmount_Page/input__paymentAmount'

2021-10-29 18:02:45 - [MESSAGE][PASSED] - Text '100.00' is set on object 'Object Repository/RAD_Pages/PaymentAmount_Page/input__paymentAmount'

2021-10-29 18:02:45 - [TEST_STEP][PASSED] - scrollToElement(findTestObject(orPath_Landing + "/button_Continue"), 3): Scroll to object 'Object Repository/RAD_Pages/Landing_Page/button_Continue' successfully

2021-10-29 18:02:45 - [MESSAGE][PASSED] - Scroll to object 'Object Repository/RAD_Pages/Landing_Page/button_Continue' successfully

2021-10-29 18:02:45 - [TEST_STEP][PASSED] - waitForElementClickable(findTestObject(orPath_Landing + "/button_Continue"), 5): Object 'Object Repository/RAD_Pages/Landing_Page/button_Continue' is clickable

2021-10-29 18:02:46 - [MESSAGE][PASSED] - Object 'Object Repository/RAD_Pages/Landing_Page/button_Continue' is clickable

2021-10-29 18:02:46 - [TEST_STEP][PASSED] - click(findTestObject(orPath_Landing + "/button_Continue")): Object: 'Object Repository/RAD_Pages/Landing_Page/button_Continue' is clicked on

2021-10-29 18:02:46 - [MESSAGE][PASSED] - Object: 'Object Repository/RAD_Pages/Landing_Page/button_Continue' is clicked on

2021-10-29 18:02:46 - [TEST_STEP][PASSED] - verifyTextPresent("Review the information below and make any necessary corrections by clicking the", true): Text 'Review the information below and make any necessary corrections by clicking the' is present on page  using regular expression

2021-10-29 18:02:47 - [MESSAGE][PASSED] - Text 'Review the information below and make any necessary corrections by clicking the' is present on page  using regular expression

2021-10-29 18:02:47 - [TEST_STEP][PASSED] - verifyTextPresent("When you are confident that all the information is correct", true): Text 'When you are confident that all the information is correct' is present on page  using regular expression

2021-10-29 18:02:47 - [MESSAGE][PASSED] - Text 'When you are confident that all the information is correct' is present on page  using regular expression

2021-10-29 18:02:47 - [TEST_STEP][PASSED] - delay(1): Delayed 1 second(s)

2021-10-29 18:02:48 - [MESSAGE][PASSED] - Delayed 1 second(s)

2021-10-29 18:02:48 - [TEST_STEP][PASSED] - click(findTestObject(orPath_Summary + "/button_Proceed to Payment")): Object: 'Object Repository/RAD_Pages/Summary_Page/button_Proceed to Payment' is clicked on

2021-10-29 18:02:50 - [MESSAGE][PASSED] - Object: 'Object Repository/RAD_Pages/Summary_Page/button_Proceed to Payment' is clicked on

2021-10-29 18:02:50 - [TEST_STEP][PASSED] - setText(findTestObject(orPath_PaymentEntry + "/input__cardNumber"), CCNumber): Text '4012000098765439' is set on object 'Object Repository/RAD_Pages/PaymentEntry_Page/input__cardNumber'

2021-10-29 18:02:51 - [MESSAGE][PASSED] - Text '4012000098765439' is set on object 'Object Repository/RAD_Pages/PaymentEntry_Page/input__cardNumber'

2021-10-29 18:02:51 - [TEST_STEP][PASSED] - setText(findTestObject(orPath_PaymentEntry + "/input__spc"), CVV): Text '123' is set on object 'Object Repository/RAD_Pages/PaymentEntry_Page/input__spc'

2021-10-29 18:02:52 - [MESSAGE][PASSED] - Text '123' is set on object 'Object Repository/RAD_Pages/PaymentEntry_Page/input__spc'

2021-10-29 18:02:52 - [TEST_STEP][PASSED] - selectOptionByLabel(findTestObject(orPath_PaymentEntry + "/select_MM"), "12", false): All options with label '12' are selected in object 'Object Repository/RAD_Pages/PaymentEntry_Page/select_MM' 

2021-10-29 18:02:52 - [MESSAGE][PASSED] - All options with label '12' are selected in object 'Object Repository/RAD_Pages/PaymentEntry_Page/select_MM' 

2021-10-29 18:02:52 - [TEST_STEP][PASSED] - selectOptionByLabel(findTestObject(orPath_PaymentEntry + "/select_YYYY"), "2023", false): All options with label '2023' are selected in object 'Object Repository/RAD_Pages/PaymentEntry_Page/select_YYYY' 

2021-10-29 18:02:53 - [MESSAGE][PASSED] - All options with label '2023' are selected in object 'Object Repository/RAD_Pages/PaymentEntry_Page/select_YYYY' 

2021-10-29 18:02:53 - [TEST_STEP][PASSED] - click(findTestObject(orPath_PaymentEntry + "/input_Field_ccSubmit")): Object: 'Object Repository/RAD_Pages/PaymentEntry_Page/input_Field_ccSubmit' is clicked on

2021-10-29 18:02:54 - [MESSAGE][PASSED] - Object: 'Object Repository/RAD_Pages/PaymentEntry_Page/input_Field_ccSubmit' is clicked on

2021-10-29 18:02:54 - [TEST_STEP][PASSED] - click(findTestObject(orPath_PaymentConfirmation + "/input_N_confirmNotifyAction")): Object: 'Object Repository/RAD_Pages/PaymentConfirmation_Page/input_N_confirmNotifyAction' is clicked on

2021-10-29 18:02:55 - [MESSAGE][PASSED] - Object: 'Object Repository/RAD_Pages/PaymentConfirmation_Page/input_N_confirmNotifyAction' is clicked on

2021-10-29 18:02:55 - [TEST_STEP][PASSED] - click(findTestObject(orPath_ServiceFeesAccept + "/input_convFeeNotifyAction")): Object: 'Object Repository/RAD_Pages/ServiceFeeAccept_Page/input_convFeeNotifyAction' is clicked on

2021-10-29 18:02:57 - [MESSAGE][PASSED] - Object: 'Object Repository/RAD_Pages/ServiceFeeAccept_Page/input_convFeeNotifyAction' is clicked on

2021-10-29 18:02:57 - [TEST_STEP][PASSED] - delay(10): Delayed 10 second(s)

2021-10-29 18:03:07 - [MESSAGE][PASSED] - Delayed 10 second(s)

2021-10-29 18:03:07 - [TEST_STEP][PASSED] - verifyTextPresent("Successful Payment Receipt", true): Text 'Successful Payment Receipt' is present on page  using regular expression

2021-10-29 18:03:07 - [MESSAGE][PASSED] - Text 'Successful Payment Receipt' is present on page  using regular expression

2021-10-29 18:03:07 - [TEST_STEP][PASSED] - if (verifyTextPresent("Successful Payment Receipt", true)): null

2021-10-29 18:03:07 - [MESSAGE][PASSED] - Text 'Successful Payment Receipt' is present on page  using regular expression

2021-10-29 18:03:07 - [TEST_STEP][PASSED] - println("Transaction was Successful"): null

2021-10-29 18:03:07 - [TEST_STEP][PASSED] - out.println("Pass Record Number: " + row): null

2021-10-29 18:03:07 - [TEST_STEP][PASSED] - resText = "Pass": null

2021-10-29 18:03:07 - [TEST_STEP][PASSED] - pages.WriteExcel.demoKey(resText, datText, resColumn, datCloumn, fileLoc, nameSheet, row): pages.WriteExcel.demoKey is PASSED

2021-10-29 18:03:07 - [MESSAGE][PASSED] - pages.WriteExcel.demoKey is PASSED

2021-10-29 18:03:07 - [TEST_STEP][PASSED] - ExecuteTC = findTestData(dataFile).getValue("Execute", row): null

2021-10-29 18:03:07 - [TEST_STEP][PASSED] - PaymentType = findTestData(dataFile).getValue("PaymentType", row): null

2021-10-29 18:03:08 - [TEST_STEP][PASSED] - FilingYear = findTestData(dataFile).getValue("FilingYear", row): null

2021-10-29 18:03:08 - [TEST_STEP][PASSED] - PeriodEnding = findTestData(dataFile).getValue("PeriodEnding", row): null

2021-10-29 18:03:08 - [TEST_STEP][PASSED] - FName = findTestData(dataFile).getValue("Fname", row): null

2021-10-29 18:03:08 - [TEST_STEP][PASSED] - LName = findTestData(dataFile).getValue("Lname", row): null

2021-10-29 18:03:08 - [TEST_STEP][PASSED] - SSN = findTestData(dataFile).getValue("SSN", row): null

2021-10-29 18:03:08 - [TEST_STEP][PASSED] - BusName = findTestData(dataFile).getValue("BusName", row): null

2021-10-29 18:03:08 - [TEST_STEP][PASSED] - AL1 = findTestData(dataFile).getValue("AL1", row): null

2021-10-29 18:03:08 - [TEST_STEP][PASSED] - City = findTestData(dataFile).getValue("City", row): null

2021-10-29 18:03:08 - [TEST_STEP][PASSED] - ZIP = findTestData(dataFile).getValue("ZIP", row): null

2021-10-29 18:03:08 - [TEST_STEP][PASSED] - FilingType = findTestData(dataFile).getValue("FilingType", row): null

2021-10-29 18:03:08 - [TEST_STEP][PASSED] - Withholding = findTestData(dataFile).getValue("Withholding", row): null

2021-10-29 18:03:08 - [TEST_STEP][PASSED] - Amount = findTestData(dataFile).getValue("Amount", row): null

2021-10-29 18:03:08 - [TEST_STEP][PASSED] - CCNumber = findTestData(dataFile).getValue("CCNumber", row): null

2021-10-29 18:03:08 - [TEST_STEP][PASSED] - CVV = findTestData(dataFile).getValue("CVV", row): null

2021-10-29 18:03:08 - [TEST_STEP][PASSED] - out.println("Value of Execute is : " + ExecuteTC): null

2021-10-29 18:03:08 - [TEST_STEP][PASSED] - if (ExecuteTC.equalsIgnoreCase("Y")): null

2021-10-29 18:03:08 - [TEST_STEP][PASSED] - ExecuteTC = findTestData(dataFile).getValue("Execute", row): null

2021-10-29 18:03:08 - [TEST_STEP][PASSED] - PaymentType = findTestData(dataFile).getValue("PaymentType", row): null

2021-10-29 18:03:08 - [TEST_STEP][PASSED] - FilingYear = findTestData(dataFile).getValue("FilingYear", row): null

2021-10-29 18:03:08 - [TEST_STEP][PASSED] - PeriodEnding = findTestData(dataFile).getValue("PeriodEnding", row): null

2021-10-29 18:03:08 - [TEST_STEP][PASSED] - FName = findTestData(dataFile).getValue("Fname", row): null

2021-10-29 18:03:08 - [TEST_STEP][PASSED] - LName = findTestData(dataFile).getValue("Lname", row): null

2021-10-29 18:03:08 - [TEST_STEP][PASSED] - SSN = findTestData(dataFile).getValue("SSN", row): null

2021-10-29 18:03:08 - [TEST_STEP][PASSED] - BusName = findTestData(dataFile).getValue("BusName", row): null

2021-10-29 18:03:08 - [TEST_STEP][PASSED] - AL1 = findTestData(dataFile).getValue("AL1", row): null

2021-10-29 18:03:08 - [TEST_STEP][PASSED] - City = findTestData(dataFile).getValue("City", row): null

2021-10-29 18:03:08 - [TEST_STEP][PASSED] - ZIP = findTestData(dataFile).getValue("ZIP", row): null

2021-10-29 18:03:08 - [TEST_STEP][PASSED] - FilingType = findTestData(dataFile).getValue("FilingType", row): null

2021-10-29 18:03:08 - [TEST_STEP][PASSED] - Withholding = findTestData(dataFile).getValue("Withholding", row): null

2021-10-29 18:03:08 - [TEST_STEP][PASSED] - Amount = findTestData(dataFile).getValue("Amount", row): null

2021-10-29 18:03:08 - [TEST_STEP][PASSED] - CCNumber = findTestData(dataFile).getValue("CCNumber", row): null

2021-10-29 18:03:08 - [TEST_STEP][PASSED] - CVV = findTestData(dataFile).getValue("CVV", row): null

2021-10-29 18:03:08 - [TEST_STEP][PASSED] - out.println("Value of Execute is : " + ExecuteTC): null

2021-10-29 18:03:08 - [TEST_STEP][PASSED] - if (ExecuteTC.equalsIgnoreCase("Y")): null

2021-10-29 18:03:08 - [TEST_STEP][PASSED] - ExecuteTC = findTestData(dataFile).getValue("Execute", row): null

2021-10-29 18:03:08 - [TEST_STEP][PASSED] - PaymentType = findTestData(dataFile).getValue("PaymentType", row): null

2021-10-29 18:03:08 - [TEST_STEP][PASSED] - FilingYear = findTestData(dataFile).getValue("FilingYear", row): null

2021-10-29 18:03:08 - [TEST_STEP][PASSED] - PeriodEnding = findTestData(dataFile).getValue("PeriodEnding", row): null

2021-10-29 18:03:09 - [TEST_STEP][PASSED] - FName = findTestData(dataFile).getValue("Fname", row): null

2021-10-29 18:03:09 - [TEST_STEP][PASSED] - LName = findTestData(dataFile).getValue("Lname", row): null

2021-10-29 18:03:09 - [TEST_STEP][PASSED] - SSN = findTestData(dataFile).getValue("SSN", row): null

2021-10-29 18:03:09 - [TEST_STEP][PASSED] - BusName = findTestData(dataFile).getValue("BusName", row): null

2021-10-29 18:03:09 - [TEST_STEP][PASSED] - AL1 = findTestData(dataFile).getValue("AL1", row): null

2021-10-29 18:03:09 - [TEST_STEP][PASSED] - City = findTestData(dataFile).getValue("City", row): null

2021-10-29 18:03:09 - [TEST_STEP][PASSED] - ZIP = findTestData(dataFile).getValue("ZIP", row): null

2021-10-29 18:03:09 - [TEST_STEP][PASSED] - FilingType = findTestData(dataFile).getValue("FilingType", row): null

2021-10-29 18:03:09 - [TEST_STEP][PASSED] - Withholding = findTestData(dataFile).getValue("Withholding", row): null

2021-10-29 18:03:09 - [TEST_STEP][PASSED] - Amount = findTestData(dataFile).getValue("Amount", row): null

2021-10-29 18:03:09 - [TEST_STEP][PASSED] - CCNumber = findTestData(dataFile).getValue("CCNumber", row): null

2021-10-29 18:03:09 - [TEST_STEP][PASSED] - CVV = findTestData(dataFile).getValue("CVV", row): null

2021-10-29 18:03:09 - [TEST_STEP][PASSED] - out.println("Value of Execute is : " + ExecuteTC): null

2021-10-29 18:03:09 - [TEST_STEP][PASSED] - if (ExecuteTC.equalsIgnoreCase("Y")): null

2021-10-29 18:03:09 - [TEST_STEP][PASSED] - ExecuteTC = findTestData(dataFile).getValue("Execute", row): null

2021-10-29 18:03:09 - [TEST_STEP][PASSED] - PaymentType = findTestData(dataFile).getValue("PaymentType", row): null

2021-10-29 18:03:09 - [TEST_STEP][PASSED] - FilingYear = findTestData(dataFile).getValue("FilingYear", row): null

2021-10-29 18:03:09 - [TEST_STEP][PASSED] - PeriodEnding = findTestData(dataFile).getValue("PeriodEnding", row): null

2021-10-29 18:03:09 - [TEST_STEP][PASSED] - FName = findTestData(dataFile).getValue("Fname", row): null

2021-10-29 18:03:09 - [TEST_STEP][PASSED] - LName = findTestData(dataFile).getValue("Lname", row): null

2021-10-29 18:03:09 - [TEST_STEP][PASSED] - SSN = findTestData(dataFile).getValue("SSN", row): null

2021-10-29 18:03:09 - [TEST_STEP][PASSED] - BusName = findTestData(dataFile).getValue("BusName", row): null

2021-10-29 18:03:09 - [TEST_STEP][PASSED] - AL1 = findTestData(dataFile).getValue("AL1", row): null

2021-10-29 18:03:09 - [TEST_STEP][PASSED] - City = findTestData(dataFile).getValue("City", row): null

2021-10-29 18:03:09 - [TEST_STEP][PASSED] - ZIP = findTestData(dataFile).getValue("ZIP", row): null

2021-10-29 18:03:09 - [TEST_STEP][PASSED] - FilingType = findTestData(dataFile).getValue("FilingType", row): null

2021-10-29 18:03:09 - [TEST_STEP][PASSED] - Withholding = findTestData(dataFile).getValue("Withholding", row): null

2021-10-29 18:03:09 - [TEST_STEP][PASSED] - Amount = findTestData(dataFile).getValue("Amount", row): null

2021-10-29 18:03:09 - [TEST_STEP][PASSED] - CCNumber = findTestData(dataFile).getValue("CCNumber", row): null

2021-10-29 18:03:09 - [TEST_STEP][PASSED] - CVV = findTestData(dataFile).getValue("CVV", row): null

2021-10-29 18:03:09 - [TEST_STEP][PASSED] - out.println("Value of Execute is : " + ExecuteTC): null

2021-10-29 18:03:09 - [TEST_STEP][PASSED] - if (ExecuteTC.equalsIgnoreCase("Y")): null

2021-10-29 18:03:09 - [TEST_STEP][PASSED] - ExecuteTC = findTestData(dataFile).getValue("Execute", row): null

2021-10-29 18:03:09 - [TEST_STEP][PASSED] - PaymentType = findTestData(dataFile).getValue("PaymentType", row): null

2021-10-29 18:03:09 - [TEST_STEP][PASSED] - FilingYear = findTestData(dataFile).getValue("FilingYear", row): null

2021-10-29 18:03:09 - [TEST_STEP][PASSED] - PeriodEnding = findTestData(dataFile).getValue("PeriodEnding", row): null

2021-10-29 18:03:09 - [TEST_STEP][PASSED] - FName = findTestData(dataFile).getValue("Fname", row): null

2021-10-29 18:03:09 - [TEST_STEP][PASSED] - LName = findTestData(dataFile).getValue("Lname", row): null

2021-10-29 18:03:10 - [TEST_STEP][PASSED] - SSN = findTestData(dataFile).getValue("SSN", row): null

2021-10-29 18:03:10 - [TEST_STEP][PASSED] - BusName = findTestData(dataFile).getValue("BusName", row): null

2021-10-29 18:03:10 - [TEST_STEP][PASSED] - AL1 = findTestData(dataFile).getValue("AL1", row): null

2021-10-29 18:03:10 - [TEST_STEP][PASSED] - City = findTestData(dataFile).getValue("City", row): null

2021-10-29 18:03:10 - [TEST_STEP][PASSED] - ZIP = findTestData(dataFile).getValue("ZIP", row): null

2021-10-29 18:03:10 - [TEST_STEP][PASSED] - FilingType = findTestData(dataFile).getValue("FilingType", row): null

2021-10-29 18:03:10 - [TEST_STEP][PASSED] - Withholding = findTestData(dataFile).getValue("Withholding", row): null

2021-10-29 18:03:10 - [TEST_STEP][PASSED] - Amount = findTestData(dataFile).getValue("Amount", row): null

2021-10-29 18:03:10 - [TEST_STEP][PASSED] - CCNumber = findTestData(dataFile).getValue("CCNumber", row): null

2021-10-29 18:03:10 - [TEST_STEP][PASSED] - CVV = findTestData(dataFile).getValue("CVV", row): null

2021-10-29 18:03:10 - [TEST_STEP][PASSED] - out.println("Value of Execute is : " + ExecuteTC): null

2021-10-29 18:03:10 - [TEST_STEP][PASSED] - if (ExecuteTC.equalsIgnoreCase("Y")): null

2021-10-29 18:03:10 - [TEST_STEP][PASSED] - ExecuteTC = findTestData(dataFile).getValue("Execute", row): null

2021-10-29 18:03:10 - [TEST_STEP][PASSED] - PaymentType = findTestData(dataFile).getValue("PaymentType", row): null

2021-10-29 18:03:10 - [TEST_STEP][PASSED] - FilingYear = findTestData(dataFile).getValue("FilingYear", row): null

2021-10-29 18:03:10 - [TEST_STEP][PASSED] - PeriodEnding = findTestData(dataFile).getValue("PeriodEnding", row): null

2021-10-29 18:03:10 - [TEST_STEP][PASSED] - FName = findTestData(dataFile).getValue("Fname", row): null

2021-10-29 18:03:10 - [TEST_STEP][PASSED] - LName = findTestData(dataFile).getValue("Lname", row): null

2021-10-29 18:03:10 - [TEST_STEP][PASSED] - SSN = findTestData(dataFile).getValue("SSN", row): null

2021-10-29 18:03:10 - [TEST_STEP][PASSED] - BusName = findTestData(dataFile).getValue("BusName", row): null

2021-10-29 18:03:10 - [TEST_STEP][PASSED] - AL1 = findTestData(dataFile).getValue("AL1", row): null

2021-10-29 18:03:10 - [TEST_STEP][PASSED] - City = findTestData(dataFile).getValue("City", row): null

2021-10-29 18:03:10 - [TEST_STEP][PASSED] - ZIP = findTestData(dataFile).getValue("ZIP", row): null

2021-10-29 18:03:10 - [TEST_STEP][PASSED] - FilingType = findTestData(dataFile).getValue("FilingType", row): null

2021-10-29 18:03:10 - [TEST_STEP][PASSED] - Withholding = findTestData(dataFile).getValue("Withholding", row): null

2021-10-29 18:03:10 - [TEST_STEP][PASSED] - Amount = findTestData(dataFile).getValue("Amount", row): null

2021-10-29 18:03:10 - [TEST_STEP][PASSED] - CCNumber = findTestData(dataFile).getValue("CCNumber", row): null

2021-10-29 18:03:10 - [TEST_STEP][PASSED] - CVV = findTestData(dataFile).getValue("CVV", row): null

2021-10-29 18:03:10 - [TEST_STEP][PASSED] - out.println("Value of Execute is : " + ExecuteTC): null

2021-10-29 18:03:10 - [TEST_STEP][PASSED] - if (ExecuteTC.equalsIgnoreCase("Y")): null

2021-10-29 18:03:10 - [TEST_STEP][PASSED] - ExecuteTC = findTestData(dataFile).getValue("Execute", row): null

2021-10-29 18:03:10 - [TEST_STEP][PASSED] - PaymentType = findTestData(dataFile).getValue("PaymentType", row): null

2021-10-29 18:03:10 - [TEST_STEP][PASSED] - FilingYear = findTestData(dataFile).getValue("FilingYear", row): null

2021-10-29 18:03:10 - [TEST_STEP][PASSED] - PeriodEnding = findTestData(dataFile).getValue("PeriodEnding", row): null

2021-10-29 18:03:10 - [TEST_STEP][PASSED] - FName = findTestData(dataFile).getValue("Fname", row): null

2021-10-29 18:03:10 - [TEST_STEP][PASSED] - LName = findTestData(dataFile).getValue("Lname", row): null

2021-10-29 18:03:10 - [TEST_STEP][PASSED] - SSN = findTestData(dataFile).getValue("SSN", row): null

2021-10-29 18:03:10 - [TEST_STEP][PASSED] - BusName = findTestData(dataFile).getValue("BusName", row): null

2021-10-29 18:03:10 - [TEST_STEP][PASSED] - AL1 = findTestData(dataFile).getValue("AL1", row): null

2021-10-29 18:03:10 - [TEST_STEP][PASSED] - City = findTestData(dataFile).getValue("City", row): null

2021-10-29 18:03:10 - [TEST_STEP][PASSED] - ZIP = findTestData(dataFile).getValue("ZIP", row): null

2021-10-29 18:03:11 - [TEST_STEP][PASSED] - FilingType = findTestData(dataFile).getValue("FilingType", row): null

2021-10-29 18:03:11 - [TEST_STEP][PASSED] - Withholding = findTestData(dataFile).getValue("Withholding", row): null

2021-10-29 18:03:11 - [TEST_STEP][PASSED] - Amount = findTestData(dataFile).getValue("Amount", row): null

2021-10-29 18:03:11 - [TEST_STEP][PASSED] - CCNumber = findTestData(dataFile).getValue("CCNumber", row): null

2021-10-29 18:03:11 - [TEST_STEP][PASSED] - CVV = findTestData(dataFile).getValue("CVV", row): null

2021-10-29 18:03:11 - [TEST_STEP][PASSED] - out.println("Value of Execute is : " + ExecuteTC): null

2021-10-29 18:03:11 - [TEST_STEP][PASSED] - if (ExecuteTC.equalsIgnoreCase("Y")): null

2021-10-29 18:03:11 - [TEST_STEP][PASSED] - ExecuteTC = findTestData(dataFile).getValue("Execute", row): null

2021-10-29 18:03:11 - [TEST_STEP][PASSED] - PaymentType = findTestData(dataFile).getValue("PaymentType", row): null

2021-10-29 18:03:11 - [TEST_STEP][PASSED] - FilingYear = findTestData(dataFile).getValue("FilingYear", row): null

2021-10-29 18:03:11 - [TEST_STEP][PASSED] - PeriodEnding = findTestData(dataFile).getValue("PeriodEnding", row): null

2021-10-29 18:03:11 - [TEST_STEP][PASSED] - FName = findTestData(dataFile).getValue("Fname", row): null

2021-10-29 18:03:11 - [TEST_STEP][PASSED] - LName = findTestData(dataFile).getValue("Lname", row): null

2021-10-29 18:03:11 - [TEST_STEP][PASSED] - SSN = findTestData(dataFile).getValue("SSN", row): null

2021-10-29 18:03:11 - [TEST_STEP][PASSED] - BusName = findTestData(dataFile).getValue("BusName", row): null

2021-10-29 18:03:11 - [TEST_STEP][PASSED] - AL1 = findTestData(dataFile).getValue("AL1", row): null

2021-10-29 18:03:11 - [TEST_STEP][PASSED] - City = findTestData(dataFile).getValue("City", row): null

2021-10-29 18:03:11 - [TEST_STEP][PASSED] - ZIP = findTestData(dataFile).getValue("ZIP", row): null

2021-10-29 18:03:11 - [TEST_STEP][PASSED] - FilingType = findTestData(dataFile).getValue("FilingType", row): null

2021-10-29 18:03:11 - [TEST_STEP][PASSED] - Withholding = findTestData(dataFile).getValue("Withholding", row): null

2021-10-29 18:03:11 - [TEST_STEP][PASSED] - Amount = findTestData(dataFile).getValue("Amount", row): null

2021-10-29 18:03:11 - [TEST_STEP][PASSED] - CCNumber = findTestData(dataFile).getValue("CCNumber", row): null

2021-10-29 18:03:11 - [TEST_STEP][PASSED] - CVV = findTestData(dataFile).getValue("CVV", row): null

2021-10-29 18:03:11 - [TEST_STEP][PASSED] - out.println("Value of Execute is : " + ExecuteTC): null

2021-10-29 18:03:11 - [TEST_STEP][PASSED] - if (ExecuteTC.equalsIgnoreCase("Y")): null

2021-10-29 18:03:11 - [TEST_STEP][PASSED] - ExecuteTC = findTestData(dataFile).getValue("Execute", row): null

2021-10-29 18:03:11 - [TEST_STEP][PASSED] - PaymentType = findTestData(dataFile).getValue("PaymentType", row): null

2021-10-29 18:03:11 - [TEST_STEP][PASSED] - FilingYear = findTestData(dataFile).getValue("FilingYear", row): null

2021-10-29 18:03:11 - [TEST_STEP][PASSED] - PeriodEnding = findTestData(dataFile).getValue("PeriodEnding", row): null

2021-10-29 18:03:11 - [TEST_STEP][PASSED] - FName = findTestData(dataFile).getValue("Fname", row): null

2021-10-29 18:03:11 - [TEST_STEP][PASSED] - LName = findTestData(dataFile).getValue("Lname", row): null

2021-10-29 18:03:11 - [TEST_STEP][PASSED] - SSN = findTestData(dataFile).getValue("SSN", row): null

2021-10-29 18:03:11 - [TEST_STEP][PASSED] - BusName = findTestData(dataFile).getValue("BusName", row): null

2021-10-29 18:03:11 - [TEST_STEP][PASSED] - AL1 = findTestData(dataFile).getValue("AL1", row): null

2021-10-29 18:03:11 - [TEST_STEP][PASSED] - City = findTestData(dataFile).getValue("City", row): null

2021-10-29 18:03:11 - [TEST_STEP][PASSED] - ZIP = findTestData(dataFile).getValue("ZIP", row): null

2021-10-29 18:03:11 - [TEST_STEP][PASSED] - FilingType = findTestData(dataFile).getValue("FilingType", row): null

2021-10-29 18:03:11 - [TEST_STEP][PASSED] - Withholding = findTestData(dataFile).getValue("Withholding", row): null

2021-10-29 18:03:11 - [TEST_STEP][PASSED] - Amount = findTestData(dataFile).getValue("Amount", row): null

2021-10-29 18:03:11 - [TEST_STEP][PASSED] - CCNumber = findTestData(dataFile).getValue("CCNumber", row): null

2021-10-29 18:03:11 - [TEST_STEP][PASSED] - CVV = findTestData(dataFile).getValue("CVV", row): null

2021-10-29 18:03:12 - [TEST_STEP][PASSED] - out.println("Value of Execute is : " + ExecuteTC): null

2021-10-29 18:03:12 - [TEST_STEP][PASSED] - if (ExecuteTC.equalsIgnoreCase("Y")): null]]></system-out>
         <system-err><![CDATA[]]></system-err>
      </testcase>
      <system-out><![CDATA[2021-10-29 17:53:43 - [TEST_SUITE][PASSED] - RAD_UI_TestSuite: Test Cases/RAD_TestCases/PaymentsHardCoded/Payments_HC_TC]]></system-out>
      <system-err><![CDATA[]]></system-err>
   </testsuite>
</testsuites>
