<?xml version="1.0" encoding="UTF-8"?>
<testsuites name="RAD_UI_TestSuite" time="4254.549" tests="16" failures="0" errors="0">
   <testsuite name="RAD_UI_TestSuite" tests="16" failures="0" errors="0" time="4254.549" skipped="0" timestamp="2024-02-03 22:47:54" hostname="imtiaz - DESKTOP-B2QI6NS.govolution.com" id="Test Suites/RAD_TestSuite/RAD_UI_TestSuite">
      <properties>
         <property name="deviceName" value=""/>
         <property name="devicePlatform" value=""/>
         <property name="logFolder" value="E:\\Cloned-Project-Katalon\\VPS-Katalon\\Reports\\20240203_224748\\RAD_TestSuite\\RAD_UI_TestSuite\\20240203_224748"/>
         <property name="logFiles" value="E:\\Cloned-Project-Katalon\\VPS-Katalon\\Reports\\20240203_224748\\RAD_TestSuite\\RAD_UI_TestSuite\\20240203_224748\\execution0.log, E:\\Cloned-Project-Katalon\\VPS-Katalon\\Reports\\20240203_224748\\RAD_TestSuite\\RAD_UI_TestSuite\\20240203_224748\\execution1.log"/>
         <property name="attachments" value=""/>
         <property name="hostName" value="imtiaz - DESKTOP-B2QI6NS.govolution.com"/>
         <property name="os" value="Windows 10 64bit"/>
         <property name="katalonVersion" value="8.6.6.208"/>
         <property name="browser" value="Chrome 121.0.0.0"/>
         <property name="hostAddress" value="172.31.253.184"/>
         <property name="sessionId" value="77d977053740c0993fd66d0dee9c7130"/>
         <property name="seleniumVersion" value="3.141.59"/>
         <property name="proxyInformation" value="ProxyInformation { proxyOption=NO_PROXY, proxyServerType=HTTP, username=, password=********, proxyServerAddress=, proxyServerPort=0, executionList=&quot;&quot;, isApplyToDesiredCapabilities=true }"/>
         <property name="platform" value="Windows 10"/>
      </properties>
      <testcase name="Test Cases/RAD_TestCases/Negative_TestCases/FEINmismatchError" time="326.927" classname="Test Cases/RAD_TestCases/Negative_TestCases/FEINmismatchError" status="PASSED">
         <system-out><![CDATA[2024-02-03 22:47:54 - [TEST_CASE][PASSED] - Test Cases/RAD_TestCases/Negative_TestCases/FEINmismatchError: Test Cases/RAD_TestCases/Negative_TestCases/FEINmismatchError

2024-02-03 22:47:55 - [TEST_STEP][PASSED] - resText = "Fail": null

2024-02-03 22:47:55 - [TEST_STEP][PASSED] - resColumn = "Result": null

2024-02-03 22:47:55 - [TEST_STEP][PASSED] - datCloumn = "Date": null

2024-02-03 22:47:55 - [TEST_STEP][PASSED] - fileLoc = "KatalonData/RADTestData/FEINmismatch.xlsx": null

2024-02-03 22:47:55 - [TEST_STEP][PASSED] - nameSheet = "FEINmismatch": null

2024-02-03 22:47:55 - [TEST_STEP][PASSED] - dataFile = "RADTestData/FEINmismatch": null

2024-02-03 22:47:55 - [TEST_STEP][PASSED] - ExecuteTC = <not implemented yet for class: org.codehaus.groovy.ast.expr.EmptyExpression>: null

2024-02-03 22:47:55 - [TEST_STEP][PASSED] - Taxtype = <not implemented yet for class: org.codehaus.groovy.ast.expr.EmptyExpression>: null

2024-02-03 22:47:55 - [TEST_STEP][PASSED] - Paymenttype = <not implemented yet for class: org.codehaus.groovy.ast.expr.EmptyExpression>: null

2024-02-03 22:47:55 - [TEST_STEP][PASSED] - numOfRows = findTestData(dataFile).getRowNumbers(): null

2024-02-03 22:47:56 - [TEST_STEP][PASSED] - println("Number of Records: " + numOfRows): null

2024-02-03 22:47:56 - [TEST_STEP][PASSED] - for ([row = 1, row <= numOfRows, (row++)]): null

2024-02-03 22:47:56 - [TEST_STEP][PASSED] - ExecuteTC = findTestData(dataFile).getValue("Execute", row): null

2024-02-03 22:47:56 - [TEST_STEP][PASSED] - Taxtype = findTestData(dataFile).getValue("TaxType", row): null

2024-02-03 22:47:56 - [TEST_STEP][PASSED] - Paymenttype = findTestData(dataFile).getValue("PaymentType", row): null

2024-02-03 22:47:56 - [TEST_STEP][PASSED] - out.println("Value of Execute is : " + ExecuteTC): null

2024-02-03 22:47:57 - [TEST_STEP][PASSED] - if (ExecuteTC.equalsIgnoreCase("Y")): null

2024-02-03 22:47:57 - [TEST_STEP][PASSED] - out.println("Begin Record Number: " + row): null

2024-02-03 22:47:57 - [TEST_STEP][PASSED] - today = new java.util.Date(): null

2024-02-03 22:47:57 - [TEST_STEP][PASSED] - println(today): null

2024-02-03 22:47:57 - [TEST_STEP][PASSED] - datText = today: null

2024-02-03 22:47:57 - [TEST_STEP][PASSED] - Taxtype = findTestData(dataFile).getValue("TaxType", row): null

2024-02-03 22:47:57 - [TEST_STEP][PASSED] - out.println("Taxtype value is : " + Taxtype): null

2024-02-03 22:47:57 - [TEST_STEP][PASSED] - openBrowser(""): Browser is opened with url: ''

2024-02-03 22:47:57 - [MESSAGE][INFO] - Starting 'Chrome' driver

2024-02-03 22:47:57 - [MESSAGE][INFO] - User set preference: ['acceptInsecureCerts', 'true']

2024-02-03 22:47:57 - [MESSAGE][INFO] - Action delay is set to 0 milliseconds

2024-02-03 22:48:00 - [MESSAGE][PASSED] - Browser is opened with url: ''

2024-02-03 22:48:00 - [TEST_STEP][PASSED] - maximizeWindow(): Current window maximized

2024-02-03 22:48:01 - [MESSAGE][PASSED] - Current window maximized

2024-02-03 22:48:01 - [TEST_STEP][PASSED] - navigateToUrl(RADurl): Navigate to 'https://qa2.velocitypayment.com/client/rad/index.html' successfully

2024-02-03 22:48:03 - [MESSAGE][PASSED] - Navigate to 'https://qa2.velocitypayment.com/client/rad/index.html' successfully

2024-02-03 22:48:03 - [TEST_STEP][PASSED] - orPath_Landing = "Object Repository/RAD_Pages/Landing_Page": null

2024-02-03 22:48:03 - [TEST_STEP][PASSED] - orPath_TaxTypeFilingYear = "Object Repository/RAD_Pages/TaxTypeFilingYear_Page": null

2024-02-03 22:48:03 - [TEST_STEP][PASSED] - orPath_TaxPayer = "Object Repository/RAD_Pages/Taxpayer_Page": null

2024-02-03 22:48:03 - [TEST_STEP][PASSED] - orPath_AddressContact = "Object Repository/RAD_Pages/AddressAndContactInfo_Page": null

2024-02-03 22:48:03 - [TEST_STEP][PASSED] - orPath_FilingStatus = "Object Repository/RAD_Pages/FilingStatus_Page": null

2024-02-03 22:48:03 - [TEST_STEP][PASSED] - orPath_Amount = "Object Repository/RAD_Pages/PaymentAmount_Page": null

2024-02-03 22:48:03 - [TEST_STEP][PASSED] - orPath_TaxInfo = "Object Repository/RAD_Pages/TaxInfo_Page": null

2024-02-03 22:48:03 - [TEST_STEP][PASSED] - orPath_Withholding = "Object Repository/RAD_Pages/Withholding_Page": null

2024-02-03 22:48:03 - [TEST_STEP][PASSED] - orPath_Summary = "Object Repository/RAD_Pages/Summary_Page": null

2024-02-03 22:48:03 - [TEST_STEP][PASSED] - orPath_PaymentReady = "Object Repository/RAD_Pages/PaymentReady_Page": null

2024-02-03 22:48:03 - [TEST_STEP][PASSED] - orPath_PaymentEntry = "Object Repository/RAD_Pages/PaymentEntry_Page": null

2024-02-03 22:48:03 - [TEST_STEP][PASSED] - orPath_PaymentConfirmation = "Object Repository/RAD_Pages/PaymentConfirmation_Page": null

2024-02-03 22:48:03 - [TEST_STEP][PASSED] - orPath_ServiceFeesAccept = "Object Repository/RAD_Pages/ServiceFeeAccept_Page": null

2024-02-03 22:48:03 - [TEST_STEP][PASSED] - selectOptionByLabel(findTestObject(orPath_Landing + "/dd_TaxType"), Paymenttype, false): All options with label 'Existing Liability w/Notice Number' are selected in object 'Object Repository/RAD_Pages/Landing_Page/dd_TaxType' 

2024-02-03 22:48:04 - [MESSAGE][PASSED] - All options with label 'Existing Liability w/Notice Number' are selected in object 'Object Repository/RAD_Pages/Landing_Page/dd_TaxType' 

2024-02-03 22:48:04 - [TEST_STEP][PASSED] - delay(1): Delayed 1 second(s)

2024-02-03 22:48:05 - [MESSAGE][PASSED] - Delayed 1 second(s)

2024-02-03 22:48:05 - [TEST_STEP][PASSED] - switch (Paymenttype): null

2024-02-03 22:48:05 - [TEST_STEP][PASSED] - case "Existing Liability w/Notice Number":: null

2024-02-03 22:48:05 - [TEST_STEP][PASSED] - selectOptionByLabel(findTestObject(orPath_TaxTypeFilingYear + "/select_TaxType_ExistingLiability"), Taxtype, false): All options with label 'Bay Restoration Fee' are selected in object 'Object Repository/RAD_Pages/TaxTypeFilingYear_Page/select_TaxType_ExistingLiability' 

2024-02-03 22:48:05 - [MESSAGE][PASSED] - All options with label 'Bay Restoration Fee' are selected in object 'Object Repository/RAD_Pages/TaxTypeFilingYear_Page/select_TaxType_ExistingLiability' 

2024-02-03 22:48:05 - [TEST_STEP][PASSED] - break: null

2024-02-03 22:48:05 - [TEST_STEP][PASSED] - delay(1): Delayed 1 second(s)

2024-02-03 22:48:06 - [MESSAGE][PASSED] - Delayed 1 second(s)

2024-02-03 22:48:06 - [TEST_STEP][PASSED] - scrollToElement(findTestObject(orPath_Amount + "/input__paymentAmount"), 2, CONTINUE_ON_FAILURE): Scroll to object 'Object Repository/RAD_Pages/PaymentAmount_Page/input__paymentAmount' successfully

2024-02-03 22:48:07 - [MESSAGE][PASSED] - Scroll to object 'Object Repository/RAD_Pages/PaymentAmount_Page/input__paymentAmount' successfully

2024-02-03 22:48:07 - [TEST_STEP][PASSED] - switch (Paymenttype): null

2024-02-03 22:48:07 - [TEST_STEP][PASSED] - case "Existing Liability w/Notice Number":: null

2024-02-03 22:48:07 - [TEST_STEP][PASSED] - setEncryptedText(findTestObject("Object Repository/RAD_RecordAndPlay/input_Existing_FEIN"), "RigbBhfdqODKcAsiUrg+1Q=="): Text ****** has been set on object 'Object Repository/RAD_RecordAndPlay/input_Existing_FEIN'

2024-02-03 22:48:08 - [MESSAGE][PASSED] - Text ****** has been set on object 'Object Repository/RAD_RecordAndPlay/input_Existing_FEIN'

2024-02-03 22:48:08 - [TEST_STEP][PASSED] - setEncryptedText(findTestObject("Object Repository/RAD_RecordAndPlay/input_Existing_RetypeFEIN"), "RigbBhfdqOBBGbZqm4oFJQ=="): Text ****** has been set on object 'Object Repository/RAD_RecordAndPlay/input_Existing_RetypeFEIN'

2024-02-03 22:48:08 - [MESSAGE][PASSED] - Text ****** has been set on object 'Object Repository/RAD_RecordAndPlay/input_Existing_RetypeFEIN'

2024-02-03 22:48:08 - [TEST_STEP][PASSED] - break: null

2024-02-03 22:48:08 - [TEST_STEP][PASSED] - setText(findTestObject(orPath_Amount + "/input__paymentAmount"), ""): Text '' is set on object 'Object Repository/RAD_Pages/PaymentAmount_Page/input__paymentAmount'

2024-02-03 22:48:09 - [MESSAGE][PASSED] - Text '' is set on object 'Object Repository/RAD_Pages/PaymentAmount_Page/input__paymentAmount'

2024-02-03 22:48:09 - [TEST_STEP][PASSED] - verifyTextPresent("The FEIN and Re-type FEIN do not match", true): Text 'The FEIN and Re-type FEIN do not match' is present on page  using regular expression

2024-02-03 22:48:10 - [MESSAGE][PASSED] - Text 'The FEIN and Re-type FEIN do not match' is present on page  using regular expression

2024-02-03 22:48:10 - [TEST_STEP][PASSED] - if (verifyTextPresent("The FEIN and Re-type FEIN do not match", true)): null

2024-02-03 22:48:10 - [MESSAGE][PASSED] - Text 'The FEIN and Re-type FEIN do not match' is present on page  using regular expression

2024-02-03 22:48:10 - [TEST_STEP][PASSED] - println("Error Message is present on the page"): null

2024-02-03 22:48:10 - [TEST_STEP][PASSED] - out.println("Pass Record Number: " + row): null

2024-02-03 22:48:10 - [TEST_STEP][PASSED] - resText = "Pass": null

2024-02-03 22:48:10 - [TEST_STEP][PASSED] - pages.WriteExcel.demoKey(resText, datText, resColumn, datCloumn, fileLoc, nameSheet, row): pages.WriteExcel.demoKey is PASSED

2024-02-03 22:48:10 - [MESSAGE][PASSED] - pages.WriteExcel.demoKey is PASSED

2024-02-03 22:48:10 - [TEST_STEP][PASSED] - ExecuteTC = findTestData(dataFile).getValue("Execute", row): null

2024-02-03 22:48:11 - [TEST_STEP][PASSED] - Taxtype = findTestData(dataFile).getValue("TaxType", row): null

2024-02-03 22:48:11 - [TEST_STEP][PASSED] - Paymenttype = findTestData(dataFile).getValue("PaymentType", row): null

2024-02-03 22:48:11 - [TEST_STEP][PASSED] - out.println("Value of Execute is : " + ExecuteTC): null

2024-02-03 22:48:11 - [TEST_STEP][PASSED] - if (ExecuteTC.equalsIgnoreCase("Y")): null

2024-02-03 22:48:11 - [TEST_STEP][PASSED] - out.println("Begin Record Number: " + row): null

2024-02-03 22:48:11 - [TEST_STEP][PASSED] - today = new java.util.Date(): null

2024-02-03 22:48:11 - [TEST_STEP][PASSED] - println(today): null

2024-02-03 22:48:11 - [TEST_STEP][PASSED] - datText = today: null

2024-02-03 22:48:11 - [TEST_STEP][PASSED] - Taxtype = findTestData(dataFile).getValue("TaxType", row): null

2024-02-03 22:48:11 - [TEST_STEP][PASSED] - out.println("Taxtype value is : " + Taxtype): null

2024-02-03 22:48:11 - [TEST_STEP][PASSED] - openBrowser(""): Browser is opened with url: ''

2024-02-03 22:48:11 - [MESSAGE][WARNING] - A browser is already opened. Closing browser and opening a new one

2024-02-03 22:48:13 - [MESSAGE][INFO] - Starting 'Chrome' driver

2024-02-03 22:48:13 - [MESSAGE][INFO] - User set preference: ['acceptInsecureCerts', 'true']

2024-02-03 22:48:13 - [MESSAGE][INFO] - Action delay is set to 0 milliseconds

2024-02-03 22:48:15 - [MESSAGE][PASSED] - Browser is opened with url: ''

2024-02-03 22:48:15 - [TEST_STEP][PASSED] - maximizeWindow(): Current window maximized

2024-02-03 22:48:15 - [MESSAGE][PASSED] - Current window maximized

2024-02-03 22:48:15 - [TEST_STEP][PASSED] - navigateToUrl(RADurl): Navigate to 'https://qa2.velocitypayment.com/client/rad/index.html' successfully

2024-02-03 22:48:17 - [MESSAGE][PASSED] - Navigate to 'https://qa2.velocitypayment.com/client/rad/index.html' successfully

2024-02-03 22:48:17 - [TEST_STEP][PASSED] - orPath_Landing = "Object Repository/RAD_Pages/Landing_Page": null

2024-02-03 22:48:17 - [TEST_STEP][PASSED] - orPath_TaxTypeFilingYear = "Object Repository/RAD_Pages/TaxTypeFilingYear_Page": null

2024-02-03 22:48:17 - [TEST_STEP][PASSED] - orPath_TaxPayer = "Object Repository/RAD_Pages/Taxpayer_Page": null

2024-02-03 22:48:17 - [TEST_STEP][PASSED] - orPath_AddressContact = "Object Repository/RAD_Pages/AddressAndContactInfo_Page": null

2024-02-03 22:48:17 - [TEST_STEP][PASSED] - orPath_FilingStatus = "Object Repository/RAD_Pages/FilingStatus_Page": null

2024-02-03 22:48:17 - [TEST_STEP][PASSED] - orPath_Amount = "Object Repository/RAD_Pages/PaymentAmount_Page": null

2024-02-03 22:48:17 - [TEST_STEP][PASSED] - orPath_TaxInfo = "Object Repository/RAD_Pages/TaxInfo_Page": null

2024-02-03 22:48:17 - [TEST_STEP][PASSED] - orPath_Withholding = "Object Repository/RAD_Pages/Withholding_Page": null

2024-02-03 22:48:17 - [TEST_STEP][PASSED] - orPath_Summary = "Object Repository/RAD_Pages/Summary_Page": null

2024-02-03 22:48:17 - [TEST_STEP][PASSED] - orPath_PaymentReady = "Object Repository/RAD_Pages/PaymentReady_Page": null

2024-02-03 22:48:17 - [TEST_STEP][PASSED] - orPath_PaymentEntry = "Object Repository/RAD_Pages/PaymentEntry_Page": null

2024-02-03 22:48:17 - [TEST_STEP][PASSED] - orPath_PaymentConfirmation = "Object Repository/RAD_Pages/PaymentConfirmation_Page": null

2024-02-03 22:48:17 - [TEST_STEP][PASSED] - orPath_ServiceFeesAccept = "Object Repository/RAD_Pages/ServiceFeeAccept_Page": null

2024-02-03 22:48:17 - [TEST_STEP][PASSED] - selectOptionByLabel(findTestObject(orPath_Landing + "/dd_TaxType"), Paymenttype, false): All options with label 'Existing Liability w/Notice Number' are selected in object 'Object Repository/RAD_Pages/Landing_Page/dd_TaxType' 

2024-02-03 22:48:18 - [MESSAGE][PASSED] - All options with label 'Existing Liability w/Notice Number' are selected in object 'Object Repository/RAD_Pages/Landing_Page/dd_TaxType' 

2024-02-03 22:48:18 - [TEST_STEP][PASSED] - delay(1): Delayed 1 second(s)

2024-02-03 22:48:19 - [MESSAGE][PASSED] - Delayed 1 second(s)

2024-02-03 22:48:19 - [TEST_STEP][PASSED] - switch (Paymenttype): null

2024-02-03 22:48:19 - [TEST_STEP][PASSED] - case "Existing Liability w/Notice Number":: null

2024-02-03 22:48:19 - [TEST_STEP][PASSED] - selectOptionByLabel(findTestObject(orPath_TaxTypeFilingYear + "/select_TaxType_ExistingLiability"), Taxtype, false): All options with label 'Corporate Income Tax' are selected in object 'Object Repository/RAD_Pages/TaxTypeFilingYear_Page/select_TaxType_ExistingLiability' 

2024-02-03 22:48:19 - [MESSAGE][PASSED] - All options with label 'Corporate Income Tax' are selected in object 'Object Repository/RAD_Pages/TaxTypeFilingYear_Page/select_TaxType_ExistingLiability' 

2024-02-03 22:48:19 - [TEST_STEP][PASSED] - break: null

2024-02-03 22:48:19 - [TEST_STEP][PASSED] - delay(1): Delayed 1 second(s)

2024-02-03 22:48:20 - [MESSAGE][PASSED] - Delayed 1 second(s)

2024-02-03 22:48:20 - [TEST_STEP][PASSED] - scrollToElement(findTestObject(orPath_Amount + "/input__paymentAmount"), 2, CONTINUE_ON_FAILURE): Scroll to object 'Object Repository/RAD_Pages/PaymentAmount_Page/input__paymentAmount' successfully

2024-02-03 22:48:21 - [MESSAGE][PASSED] - Scroll to object 'Object Repository/RAD_Pages/PaymentAmount_Page/input__paymentAmount' successfully

2024-02-03 22:48:21 - [TEST_STEP][PASSED] - switch (Paymenttype): null

2024-02-03 22:48:21 - [TEST_STEP][PASSED] - case "Existing Liability w/Notice Number":: null

2024-02-03 22:48:21 - [TEST_STEP][PASSED] - setEncryptedText(findTestObject("Object Repository/RAD_RecordAndPlay/input_Existing_FEIN"), "RigbBhfdqODKcAsiUrg+1Q=="): Text ****** has been set on object 'Object Repository/RAD_RecordAndPlay/input_Existing_FEIN'

2024-02-03 22:48:22 - [MESSAGE][PASSED] - Text ****** has been set on object 'Object Repository/RAD_RecordAndPlay/input_Existing_FEIN'

2024-02-03 22:48:22 - [TEST_STEP][PASSED] - setEncryptedText(findTestObject("Object Repository/RAD_RecordAndPlay/input_Existing_RetypeFEIN"), "RigbBhfdqOBBGbZqm4oFJQ=="): Text ****** has been set on object 'Object Repository/RAD_RecordAndPlay/input_Existing_RetypeFEIN'

2024-02-03 22:48:22 - [MESSAGE][PASSED] - Text ****** has been set on object 'Object Repository/RAD_RecordAndPlay/input_Existing_RetypeFEIN'

2024-02-03 22:48:22 - [TEST_STEP][PASSED] - break: null

2024-02-03 22:48:22 - [TEST_STEP][PASSED] - setText(findTestObject(orPath_Amount + "/input__paymentAmount"), ""): Text '' is set on object 'Object Repository/RAD_Pages/PaymentAmount_Page/input__paymentAmount'

2024-02-03 22:48:23 - [MESSAGE][PASSED] - Text '' is set on object 'Object Repository/RAD_Pages/PaymentAmount_Page/input__paymentAmount'

2024-02-03 22:48:23 - [TEST_STEP][PASSED] - verifyTextPresent("The FEIN and Re-type FEIN do not match", true): Text 'The FEIN and Re-type FEIN do not match' is present on page  using regular expression

2024-02-03 22:48:23 - [MESSAGE][PASSED] - Text 'The FEIN and Re-type FEIN do not match' is present on page  using regular expression

2024-02-03 22:48:23 - [TEST_STEP][PASSED] - if (verifyTextPresent("The FEIN and Re-type FEIN do not match", true)): null

2024-02-03 22:48:24 - [MESSAGE][PASSED] - Text 'The FEIN and Re-type FEIN do not match' is present on page  using regular expression

2024-02-03 22:48:24 - [TEST_STEP][PASSED] - println("Error Message is present on the page"): null

2024-02-03 22:48:24 - [TEST_STEP][PASSED] - out.println("Pass Record Number: " + row): null

2024-02-03 22:48:24 - [TEST_STEP][PASSED] - resText = "Pass": null

2024-02-03 22:48:24 - [TEST_STEP][PASSED] - pages.WriteExcel.demoKey(resText, datText, resColumn, datCloumn, fileLoc, nameSheet, row): pages.WriteExcel.demoKey is PASSED

2024-02-03 22:48:24 - [MESSAGE][PASSED] - pages.WriteExcel.demoKey is PASSED

2024-02-03 22:48:24 - [TEST_STEP][PASSED] - ExecuteTC = findTestData(dataFile).getValue("Execute", row): null

2024-02-03 22:48:24 - [TEST_STEP][PASSED] - Taxtype = findTestData(dataFile).getValue("TaxType", row): null

2024-02-03 22:48:24 - [TEST_STEP][PASSED] - Paymenttype = findTestData(dataFile).getValue("PaymentType", row): null

2024-02-03 22:48:24 - [TEST_STEP][PASSED] - out.println("Value of Execute is : " + ExecuteTC): null

2024-02-03 22:48:24 - [TEST_STEP][PASSED] - if (ExecuteTC.equalsIgnoreCase("Y")): null

2024-02-03 22:48:24 - [TEST_STEP][PASSED] - out.println("Begin Record Number: " + row): null

2024-02-03 22:48:24 - [TEST_STEP][PASSED] - today = new java.util.Date(): null

2024-02-03 22:48:24 - [TEST_STEP][PASSED] - println(today): null

2024-02-03 22:48:24 - [TEST_STEP][PASSED] - datText = today: null

2024-02-03 22:48:24 - [TEST_STEP][PASSED] - Taxtype = findTestData(dataFile).getValue("TaxType", row): null

2024-02-03 22:48:24 - [TEST_STEP][PASSED] - out.println("Taxtype value is : " + Taxtype): null

2024-02-03 22:48:24 - [TEST_STEP][PASSED] - openBrowser(""): Browser is opened with url: ''

2024-02-03 22:48:24 - [MESSAGE][WARNING] - A browser is already opened. Closing browser and opening a new one

2024-02-03 22:48:25 - [MESSAGE][INFO] - Starting 'Chrome' driver

2024-02-03 22:48:25 - [MESSAGE][INFO] - User set preference: ['acceptInsecureCerts', 'true']

2024-02-03 22:48:25 - [MESSAGE][INFO] - Action delay is set to 0 milliseconds

2024-02-03 22:48:29 - [MESSAGE][PASSED] - Browser is opened with url: ''

2024-02-03 22:48:29 - [TEST_STEP][PASSED] - maximizeWindow(): Current window maximized

2024-02-03 22:48:29 - [MESSAGE][PASSED] - Current window maximized

2024-02-03 22:48:29 - [TEST_STEP][PASSED] - navigateToUrl(RADurl): Navigate to 'https://qa2.velocitypayment.com/client/rad/index.html' successfully

2024-02-03 22:48:30 - [MESSAGE][PASSED] - Navigate to 'https://qa2.velocitypayment.com/client/rad/index.html' successfully

2024-02-03 22:48:30 - [TEST_STEP][PASSED] - orPath_Landing = "Object Repository/RAD_Pages/Landing_Page": null

2024-02-03 22:48:30 - [TEST_STEP][PASSED] - orPath_TaxTypeFilingYear = "Object Repository/RAD_Pages/TaxTypeFilingYear_Page": null

2024-02-03 22:48:30 - [TEST_STEP][PASSED] - orPath_TaxPayer = "Object Repository/RAD_Pages/Taxpayer_Page": null

2024-02-03 22:48:30 - [TEST_STEP][PASSED] - orPath_AddressContact = "Object Repository/RAD_Pages/AddressAndContactInfo_Page": null

2024-02-03 22:48:30 - [TEST_STEP][PASSED] - orPath_FilingStatus = "Object Repository/RAD_Pages/FilingStatus_Page": null

2024-02-03 22:48:30 - [TEST_STEP][PASSED] - orPath_Amount = "Object Repository/RAD_Pages/PaymentAmount_Page": null

2024-02-03 22:48:30 - [TEST_STEP][PASSED] - orPath_TaxInfo = "Object Repository/RAD_Pages/TaxInfo_Page": null

2024-02-03 22:48:30 - [TEST_STEP][PASSED] - orPath_Withholding = "Object Repository/RAD_Pages/Withholding_Page": null

2024-02-03 22:48:30 - [TEST_STEP][PASSED] - orPath_Summary = "Object Repository/RAD_Pages/Summary_Page": null

2024-02-03 22:48:30 - [TEST_STEP][PASSED] - orPath_PaymentReady = "Object Repository/RAD_Pages/PaymentReady_Page": null

2024-02-03 22:48:30 - [TEST_STEP][PASSED] - orPath_PaymentEntry = "Object Repository/RAD_Pages/PaymentEntry_Page": null

2024-02-03 22:48:30 - [TEST_STEP][PASSED] - orPath_PaymentConfirmation = "Object Repository/RAD_Pages/PaymentConfirmation_Page": null

2024-02-03 22:48:30 - [TEST_STEP][PASSED] - orPath_ServiceFeesAccept = "Object Repository/RAD_Pages/ServiceFeeAccept_Page": null

2024-02-03 22:48:30 - [TEST_STEP][PASSED] - selectOptionByLabel(findTestObject(orPath_Landing + "/dd_TaxType"), Paymenttype, false): All options with label 'Existing Liability w/Notice Number' are selected in object 'Object Repository/RAD_Pages/Landing_Page/dd_TaxType' 

2024-02-03 22:48:31 - [MESSAGE][PASSED] - All options with label 'Existing Liability w/Notice Number' are selected in object 'Object Repository/RAD_Pages/Landing_Page/dd_TaxType' 

2024-02-03 22:48:31 - [TEST_STEP][PASSED] - delay(1): Delayed 1 second(s)

2024-02-03 22:48:32 - [MESSAGE][PASSED] - Delayed 1 second(s)

2024-02-03 22:48:32 - [TEST_STEP][PASSED] - switch (Paymenttype): null

2024-02-03 22:48:32 - [TEST_STEP][PASSED] - case "Existing Liability w/Notice Number":: null

2024-02-03 22:48:32 - [TEST_STEP][PASSED] - selectOptionByLabel(findTestObject(orPath_TaxTypeFilingYear + "/select_TaxType_ExistingLiability"), Taxtype, false): All options with label 'Fiduciary Tax' are selected in object 'Object Repository/RAD_Pages/TaxTypeFilingYear_Page/select_TaxType_ExistingLiability' 

2024-02-03 22:48:33 - [MESSAGE][PASSED] - All options with label 'Fiduciary Tax' are selected in object 'Object Repository/RAD_Pages/TaxTypeFilingYear_Page/select_TaxType_ExistingLiability' 

2024-02-03 22:48:33 - [TEST_STEP][PASSED] - break: null

2024-02-03 22:48:33 - [TEST_STEP][PASSED] - delay(1): Delayed 1 second(s)

2024-02-03 22:48:34 - [MESSAGE][PASSED] - Delayed 1 second(s)

2024-02-03 22:48:34 - [TEST_STEP][PASSED] - scrollToElement(findTestObject(orPath_Amount + "/input__paymentAmount"), 2, CONTINUE_ON_FAILURE): Scroll to object 'Object Repository/RAD_Pages/PaymentAmount_Page/input__paymentAmount' successfully

2024-02-03 22:48:34 - [MESSAGE][PASSED] - Scroll to object 'Object Repository/RAD_Pages/PaymentAmount_Page/input__paymentAmount' successfully

2024-02-03 22:48:34 - [TEST_STEP][PASSED] - switch (Paymenttype): null

2024-02-03 22:48:34 - [TEST_STEP][PASSED] - case "Existing Liability w/Notice Number":: null

2024-02-03 22:48:34 - [TEST_STEP][PASSED] - setEncryptedText(findTestObject("Object Repository/RAD_RecordAndPlay/input_Existing_FEIN"), "RigbBhfdqODKcAsiUrg+1Q=="): Text ****** has been set on object 'Object Repository/RAD_RecordAndPlay/input_Existing_FEIN'

2024-02-03 22:48:35 - [MESSAGE][PASSED] - Text ****** has been set on object 'Object Repository/RAD_RecordAndPlay/input_Existing_FEIN'

2024-02-03 22:48:35 - [TEST_STEP][PASSED] - setEncryptedText(findTestObject("Object Repository/RAD_RecordAndPlay/input_Existing_RetypeFEIN"), "RigbBhfdqOBBGbZqm4oFJQ=="): Text ****** has been set on object 'Object Repository/RAD_RecordAndPlay/input_Existing_RetypeFEIN'

2024-02-03 22:48:35 - [MESSAGE][PASSED] - Text ****** has been set on object 'Object Repository/RAD_RecordAndPlay/input_Existing_RetypeFEIN'

2024-02-03 22:48:35 - [TEST_STEP][PASSED] - break: null

2024-02-03 22:48:35 - [TEST_STEP][PASSED] - setText(findTestObject(orPath_Amount + "/input__paymentAmount"), ""): Text '' is set on object 'Object Repository/RAD_Pages/PaymentAmount_Page/input__paymentAmount'

2024-02-03 22:48:36 - [MESSAGE][PASSED] - Text '' is set on object 'Object Repository/RAD_Pages/PaymentAmount_Page/input__paymentAmount'

2024-02-03 22:48:36 - [TEST_STEP][PASSED] - verifyTextPresent("The FEIN and Re-type FEIN do not match", true): Text 'The FEIN and Re-type FEIN do not match' is present on page  using regular expression

2024-02-03 22:48:37 - [MESSAGE][PASSED] - Text 'The FEIN and Re-type FEIN do not match' is present on page  using regular expression

2024-02-03 22:48:37 - [TEST_STEP][PASSED] - if (verifyTextPresent("The FEIN and Re-type FEIN do not match", true)): null

2024-02-03 22:48:37 - [MESSAGE][PASSED] - Text 'The FEIN and Re-type FEIN do not match' is present on page  using regular expression

2024-02-03 22:48:37 - [TEST_STEP][PASSED] - println("Error Message is present on the page"): null

2024-02-03 22:48:37 - [TEST_STEP][PASSED] - out.println("Pass Record Number: " + row): null

2024-02-03 22:48:37 - [TEST_STEP][PASSED] - resText = "Pass": null

2024-02-03 22:48:37 - [TEST_STEP][PASSED] - pages.WriteExcel.demoKey(resText, datText, resColumn, datCloumn, fileLoc, nameSheet, row): pages.WriteExcel.demoKey is PASSED

2024-02-03 22:48:37 - [MESSAGE][PASSED] - pages.WriteExcel.demoKey is PASSED

2024-02-03 22:48:37 - [TEST_STEP][PASSED] - ExecuteTC = findTestData(dataFile).getValue("Execute", row): null

2024-02-03 22:48:37 - [TEST_STEP][PASSED] - Taxtype = findTestData(dataFile).getValue("TaxType", row): null

2024-02-03 22:48:37 - [TEST_STEP][PASSED] - Paymenttype = findTestData(dataFile).getValue("PaymentType", row): null

2024-02-03 22:48:37 - [TEST_STEP][PASSED] - out.println("Value of Execute is : " + ExecuteTC): null

2024-02-03 22:48:37 - [TEST_STEP][PASSED] - if (ExecuteTC.equalsIgnoreCase("Y")): null

2024-02-03 22:48:37 - [TEST_STEP][PASSED] - out.println("Begin Record Number: " + row): null

2024-02-03 22:48:37 - [TEST_STEP][PASSED] - today = new java.util.Date(): null

2024-02-03 22:48:37 - [TEST_STEP][PASSED] - println(today): null

2024-02-03 22:48:37 - [TEST_STEP][PASSED] - datText = today: null

2024-02-03 22:48:37 - [TEST_STEP][PASSED] - Taxtype = findTestData(dataFile).getValue("TaxType", row): null

2024-02-03 22:48:38 - [TEST_STEP][PASSED] - out.println("Taxtype value is : " + Taxtype): null

2024-02-03 22:48:38 - [TEST_STEP][PASSED] - openBrowser(""): Browser is opened with url: ''

2024-02-03 22:48:38 - [MESSAGE][WARNING] - A browser is already opened. Closing browser and opening a new one

2024-02-03 22:48:39 - [MESSAGE][INFO] - Starting 'Chrome' driver

2024-02-03 22:48:39 - [MESSAGE][INFO] - User set preference: ['acceptInsecureCerts', 'true']

2024-02-03 22:48:39 - [MESSAGE][INFO] - Action delay is set to 0 milliseconds

2024-02-03 22:48:41 - [MESSAGE][PASSED] - Browser is opened with url: ''

2024-02-03 22:48:41 - [TEST_STEP][PASSED] - maximizeWindow(): Current window maximized

2024-02-03 22:48:41 - [MESSAGE][PASSED] - Current window maximized

2024-02-03 22:48:41 - [TEST_STEP][PASSED] - navigateToUrl(RADurl): Navigate to 'https://qa2.velocitypayment.com/client/rad/index.html' successfully

2024-02-03 22:48:43 - [MESSAGE][PASSED] - Navigate to 'https://qa2.velocitypayment.com/client/rad/index.html' successfully

2024-02-03 22:48:43 - [TEST_STEP][PASSED] - orPath_Landing = "Object Repository/RAD_Pages/Landing_Page": null

2024-02-03 22:48:43 - [TEST_STEP][PASSED] - orPath_TaxTypeFilingYear = "Object Repository/RAD_Pages/TaxTypeFilingYear_Page": null

2024-02-03 22:48:43 - [TEST_STEP][PASSED] - orPath_TaxPayer = "Object Repository/RAD_Pages/Taxpayer_Page": null

2024-02-03 22:48:43 - [TEST_STEP][PASSED] - orPath_AddressContact = "Object Repository/RAD_Pages/AddressAndContactInfo_Page": null

2024-02-03 22:48:43 - [TEST_STEP][PASSED] - orPath_FilingStatus = "Object Repository/RAD_Pages/FilingStatus_Page": null

2024-02-03 22:48:43 - [TEST_STEP][PASSED] - orPath_Amount = "Object Repository/RAD_Pages/PaymentAmount_Page": null

2024-02-03 22:48:43 - [TEST_STEP][PASSED] - orPath_TaxInfo = "Object Repository/RAD_Pages/TaxInfo_Page": null

2024-02-03 22:48:43 - [TEST_STEP][PASSED] - orPath_Withholding = "Object Repository/RAD_Pages/Withholding_Page": null

2024-02-03 22:48:43 - [TEST_STEP][PASSED] - orPath_Summary = "Object Repository/RAD_Pages/Summary_Page": null

2024-02-03 22:48:43 - [TEST_STEP][PASSED] - orPath_PaymentReady = "Object Repository/RAD_Pages/PaymentReady_Page": null

2024-02-03 22:48:43 - [TEST_STEP][PASSED] - orPath_PaymentEntry = "Object Repository/RAD_Pages/PaymentEntry_Page": null

2024-02-03 22:48:43 - [TEST_STEP][PASSED] - orPath_PaymentConfirmation = "Object Repository/RAD_Pages/PaymentConfirmation_Page": null

2024-02-03 22:48:43 - [TEST_STEP][PASSED] - orPath_ServiceFeesAccept = "Object Repository/RAD_Pages/ServiceFeeAccept_Page": null

2024-02-03 22:48:43 - [TEST_STEP][PASSED] - selectOptionByLabel(findTestObject(orPath_Landing + "/dd_TaxType"), Paymenttype, false): All options with label 'Existing Liability w/Notice Number' are selected in object 'Object Repository/RAD_Pages/Landing_Page/dd_TaxType' 

2024-02-03 22:48:44 - [MESSAGE][PASSED] - All options with label 'Existing Liability w/Notice Number' are selected in object 'Object Repository/RAD_Pages/Landing_Page/dd_TaxType' 

2024-02-03 22:48:44 - [TEST_STEP][PASSED] - delay(1): Delayed 1 second(s)

2024-02-03 22:48:45 - [MESSAGE][PASSED] - Delayed 1 second(s)

2024-02-03 22:48:45 - [TEST_STEP][PASSED] - switch (Paymenttype): null

2024-02-03 22:48:45 - [TEST_STEP][PASSED] - case "Existing Liability w/Notice Number":: null

2024-02-03 22:48:45 - [TEST_STEP][PASSED] - selectOptionByLabel(findTestObject(orPath_TaxTypeFilingYear + "/select_TaxType_ExistingLiability"), Taxtype, false): All options with label 'Sales & Use Tax' are selected in object 'Object Repository/RAD_Pages/TaxTypeFilingYear_Page/select_TaxType_ExistingLiability' 

2024-02-03 22:48:46 - [MESSAGE][PASSED] - All options with label 'Sales & Use Tax' are selected in object 'Object Repository/RAD_Pages/TaxTypeFilingYear_Page/select_TaxType_ExistingLiability' 

2024-02-03 22:48:46 - [TEST_STEP][PASSED] - break: null

2024-02-03 22:48:46 - [TEST_STEP][PASSED] - delay(1): Delayed 1 second(s)

2024-02-03 22:48:47 - [MESSAGE][PASSED] - Delayed 1 second(s)

2024-02-03 22:48:47 - [TEST_STEP][PASSED] - scrollToElement(findTestObject(orPath_Amount + "/input__paymentAmount"), 2, CONTINUE_ON_FAILURE): Scroll to object 'Object Repository/RAD_Pages/PaymentAmount_Page/input__paymentAmount' successfully

2024-02-03 22:48:47 - [MESSAGE][PASSED] - Scroll to object 'Object Repository/RAD_Pages/PaymentAmount_Page/input__paymentAmount' successfully

2024-02-03 22:48:47 - [TEST_STEP][PASSED] - switch (Paymenttype): null

2024-02-03 22:48:47 - [TEST_STEP][PASSED] - case "Existing Liability w/Notice Number":: null

2024-02-03 22:48:47 - [TEST_STEP][PASSED] - setEncryptedText(findTestObject("Object Repository/RAD_RecordAndPlay/input_Existing_FEIN"), "RigbBhfdqODKcAsiUrg+1Q=="): Text ****** has been set on object 'Object Repository/RAD_RecordAndPlay/input_Existing_FEIN'

2024-02-03 22:48:48 - [MESSAGE][PASSED] - Text ****** has been set on object 'Object Repository/RAD_RecordAndPlay/input_Existing_FEIN'

2024-02-03 22:48:48 - [TEST_STEP][PASSED] - setEncryptedText(findTestObject("Object Repository/RAD_RecordAndPlay/input_Existing_RetypeFEIN"), "RigbBhfdqOBBGbZqm4oFJQ=="): Text ****** has been set on object 'Object Repository/RAD_RecordAndPlay/input_Existing_RetypeFEIN'

2024-02-03 22:48:49 - [MESSAGE][PASSED] - Text ****** has been set on object 'Object Repository/RAD_RecordAndPlay/input_Existing_RetypeFEIN'

2024-02-03 22:48:49 - [TEST_STEP][PASSED] - break: null

2024-02-03 22:48:49 - [TEST_STEP][PASSED] - setText(findTestObject(orPath_Amount + "/input__paymentAmount"), ""): Text '' is set on object 'Object Repository/RAD_Pages/PaymentAmount_Page/input__paymentAmount'

2024-02-03 22:48:49 - [MESSAGE][PASSED] - Text '' is set on object 'Object Repository/RAD_Pages/PaymentAmount_Page/input__paymentAmount'

2024-02-03 22:48:49 - [TEST_STEP][PASSED] - verifyTextPresent("The FEIN and Re-type FEIN do not match", true): Text 'The FEIN and Re-type FEIN do not match' is present on page  using regular expression

2024-02-03 22:48:50 - [MESSAGE][PASSED] - Text 'The FEIN and Re-type FEIN do not match' is present on page  using regular expression

2024-02-03 22:48:50 - [TEST_STEP][PASSED] - if (verifyTextPresent("The FEIN and Re-type FEIN do not match", true)): null

2024-02-03 22:48:50 - [MESSAGE][PASSED] - Text 'The FEIN and Re-type FEIN do not match' is present on page  using regular expression

2024-02-03 22:48:50 - [TEST_STEP][PASSED] - println("Error Message is present on the page"): null

2024-02-03 22:48:50 - [TEST_STEP][PASSED] - out.println("Pass Record Number: " + row): null

2024-02-03 22:48:50 - [TEST_STEP][PASSED] - resText = "Pass": null

2024-02-03 22:48:50 - [TEST_STEP][PASSED] - pages.WriteExcel.demoKey(resText, datText, resColumn, datCloumn, fileLoc, nameSheet, row): pages.WriteExcel.demoKey is PASSED

2024-02-03 22:48:50 - [MESSAGE][PASSED] - pages.WriteExcel.demoKey is PASSED

2024-02-03 22:48:50 - [TEST_STEP][PASSED] - ExecuteTC = findTestData(dataFile).getValue("Execute", row): null

2024-02-03 22:48:51 - [TEST_STEP][PASSED] - Taxtype = findTestData(dataFile).getValue("TaxType", row): null

2024-02-03 22:48:51 - [TEST_STEP][PASSED] - Paymenttype = findTestData(dataFile).getValue("PaymentType", row): null

2024-02-03 22:48:51 - [TEST_STEP][PASSED] - out.println("Value of Execute is : " + ExecuteTC): null

2024-02-03 22:48:51 - [TEST_STEP][PASSED] - if (ExecuteTC.equalsIgnoreCase("Y")): null

2024-02-03 22:48:51 - [TEST_STEP][PASSED] - out.println("Begin Record Number: " + row): null

2024-02-03 22:48:51 - [TEST_STEP][PASSED] - today = new java.util.Date(): null

2024-02-03 22:48:51 - [TEST_STEP][PASSED] - println(today): null

2024-02-03 22:48:51 - [TEST_STEP][PASSED] - datText = today: null

2024-02-03 22:48:51 - [TEST_STEP][PASSED] - Taxtype = findTestData(dataFile).getValue("TaxType", row): null

2024-02-03 22:48:51 - [TEST_STEP][PASSED] - out.println("Taxtype value is : " + Taxtype): null

2024-02-03 22:48:51 - [TEST_STEP][PASSED] - openBrowser(""): Browser is opened with url: ''

2024-02-03 22:48:51 - [MESSAGE][WARNING] - A browser is already opened. Closing browser and opening a new one

2024-02-03 22:48:53 - [MESSAGE][INFO] - Starting 'Chrome' driver

2024-02-03 22:48:53 - [MESSAGE][INFO] - User set preference: ['acceptInsecureCerts', 'true']

2024-02-03 22:48:53 - [MESSAGE][INFO] - Action delay is set to 0 milliseconds

2024-02-03 22:48:55 - [MESSAGE][PASSED] - Browser is opened with url: ''

2024-02-03 22:48:55 - [TEST_STEP][PASSED] - maximizeWindow(): Current window maximized

2024-02-03 22:48:55 - [MESSAGE][PASSED] - Current window maximized

2024-02-03 22:48:55 - [TEST_STEP][PASSED] - navigateToUrl(RADurl): Navigate to 'https://qa2.velocitypayment.com/client/rad/index.html' successfully

2024-02-03 22:48:57 - [MESSAGE][PASSED] - Navigate to 'https://qa2.velocitypayment.com/client/rad/index.html' successfully

2024-02-03 22:48:57 - [TEST_STEP][PASSED] - orPath_Landing = "Object Repository/RAD_Pages/Landing_Page": null

2024-02-03 22:48:57 - [TEST_STEP][PASSED] - orPath_TaxTypeFilingYear = "Object Repository/RAD_Pages/TaxTypeFilingYear_Page": null

2024-02-03 22:48:57 - [TEST_STEP][PASSED] - orPath_TaxPayer = "Object Repository/RAD_Pages/Taxpayer_Page": null

2024-02-03 22:48:57 - [TEST_STEP][PASSED] - orPath_AddressContact = "Object Repository/RAD_Pages/AddressAndContactInfo_Page": null

2024-02-03 22:48:57 - [TEST_STEP][PASSED] - orPath_FilingStatus = "Object Repository/RAD_Pages/FilingStatus_Page": null

2024-02-03 22:48:57 - [TEST_STEP][PASSED] - orPath_Amount = "Object Repository/RAD_Pages/PaymentAmount_Page": null

2024-02-03 22:48:57 - [TEST_STEP][PASSED] - orPath_TaxInfo = "Object Repository/RAD_Pages/TaxInfo_Page": null

2024-02-03 22:48:57 - [TEST_STEP][PASSED] - orPath_Withholding = "Object Repository/RAD_Pages/Withholding_Page": null

2024-02-03 22:48:57 - [TEST_STEP][PASSED] - orPath_Summary = "Object Repository/RAD_Pages/Summary_Page": null

2024-02-03 22:48:57 - [TEST_STEP][PASSED] - orPath_PaymentReady = "Object Repository/RAD_Pages/PaymentReady_Page": null

2024-02-03 22:48:57 - [TEST_STEP][PASSED] - orPath_PaymentEntry = "Object Repository/RAD_Pages/PaymentEntry_Page": null

2024-02-03 22:48:57 - [TEST_STEP][PASSED] - orPath_PaymentConfirmation = "Object Repository/RAD_Pages/PaymentConfirmation_Page": null

2024-02-03 22:48:57 - [TEST_STEP][PASSED] - orPath_ServiceFeesAccept = "Object Repository/RAD_Pages/ServiceFeeAccept_Page": null

2024-02-03 22:48:57 - [TEST_STEP][PASSED] - selectOptionByLabel(findTestObject(orPath_Landing + "/dd_TaxType"), Paymenttype, false): All options with label 'Existing Liability w/Notice Number' are selected in object 'Object Repository/RAD_Pages/Landing_Page/dd_TaxType' 

2024-02-03 22:48:58 - [MESSAGE][PASSED] - All options with label 'Existing Liability w/Notice Number' are selected in object 'Object Repository/RAD_Pages/Landing_Page/dd_TaxType' 

2024-02-03 22:48:58 - [TEST_STEP][PASSED] - delay(1): Delayed 1 second(s)

2024-02-03 22:48:59 - [MESSAGE][PASSED] - Delayed 1 second(s)

2024-02-03 22:48:59 - [TEST_STEP][PASSED] - switch (Paymenttype): null

2024-02-03 22:48:59 - [TEST_STEP][PASSED] - case "Existing Liability w/Notice Number":: null

2024-02-03 22:48:59 - [TEST_STEP][PASSED] - selectOptionByLabel(findTestObject(orPath_TaxTypeFilingYear + "/select_TaxType_ExistingLiability"), Taxtype, false): All options with label 'Tire Recycling Fee' are selected in object 'Object Repository/RAD_Pages/TaxTypeFilingYear_Page/select_TaxType_ExistingLiability' 

2024-02-03 22:48:59 - [MESSAGE][PASSED] - All options with label 'Tire Recycling Fee' are selected in object 'Object Repository/RAD_Pages/TaxTypeFilingYear_Page/select_TaxType_ExistingLiability' 

2024-02-03 22:48:59 - [TEST_STEP][PASSED] - break: null

2024-02-03 22:48:59 - [TEST_STEP][PASSED] - delay(1): Delayed 1 second(s)

2024-02-03 22:49:00 - [MESSAGE][PASSED] - Delayed 1 second(s)

2024-02-03 22:49:00 - [TEST_STEP][PASSED] - scrollToElement(findTestObject(orPath_Amount + "/input__paymentAmount"), 2, CONTINUE_ON_FAILURE): Scroll to object 'Object Repository/RAD_Pages/PaymentAmount_Page/input__paymentAmount' successfully

2024-02-03 22:49:01 - [MESSAGE][PASSED] - Scroll to object 'Object Repository/RAD_Pages/PaymentAmount_Page/input__paymentAmount' successfully

2024-02-03 22:49:01 - [TEST_STEP][PASSED] - switch (Paymenttype): null

2024-02-03 22:49:01 - [TEST_STEP][PASSED] - case "Existing Liability w/Notice Number":: null

2024-02-03 22:49:01 - [TEST_STEP][PASSED] - setEncryptedText(findTestObject("Object Repository/RAD_RecordAndPlay/input_Existing_FEIN"), "RigbBhfdqODKcAsiUrg+1Q=="): Text ****** has been set on object 'Object Repository/RAD_RecordAndPlay/input_Existing_FEIN'

2024-02-03 22:49:02 - [MESSAGE][PASSED] - Text ****** has been set on object 'Object Repository/RAD_RecordAndPlay/input_Existing_FEIN'

2024-02-03 22:49:02 - [TEST_STEP][PASSED] - setEncryptedText(findTestObject("Object Repository/RAD_RecordAndPlay/input_Existing_RetypeFEIN"), "RigbBhfdqOBBGbZqm4oFJQ=="): Text ****** has been set on object 'Object Repository/RAD_RecordAndPlay/input_Existing_RetypeFEIN'

2024-02-03 22:49:02 - [MESSAGE][PASSED] - Text ****** has been set on object 'Object Repository/RAD_RecordAndPlay/input_Existing_RetypeFEIN'

2024-02-03 22:49:02 - [TEST_STEP][PASSED] - break: null

2024-02-03 22:49:02 - [TEST_STEP][PASSED] - setText(findTestObject(orPath_Amount + "/input__paymentAmount"), ""): Text '' is set on object 'Object Repository/RAD_Pages/PaymentAmount_Page/input__paymentAmount'

2024-02-03 22:49:03 - [MESSAGE][PASSED] - Text '' is set on object 'Object Repository/RAD_Pages/PaymentAmount_Page/input__paymentAmount'

2024-02-03 22:49:03 - [TEST_STEP][PASSED] - verifyTextPresent("The FEIN and Re-type FEIN do not match", true): Text 'The FEIN and Re-type FEIN do not match' is present on page  using regular expression

2024-02-03 22:49:04 - [MESSAGE][PASSED] - Text 'The FEIN and Re-type FEIN do not match' is present on page  using regular expression

2024-02-03 22:49:04 - [TEST_STEP][PASSED] - if (verifyTextPresent("The FEIN and Re-type FEIN do not match", true)): null

2024-02-03 22:49:04 - [MESSAGE][PASSED] - Text 'The FEIN and Re-type FEIN do not match' is present on page  using regular expression

2024-02-03 22:49:04 - [TEST_STEP][PASSED] - println("Error Message is present on the page"): null

2024-02-03 22:49:04 - [TEST_STEP][PASSED] - out.println("Pass Record Number: " + row): null

2024-02-03 22:49:04 - [TEST_STEP][PASSED] - resText = "Pass": null

2024-02-03 22:49:04 - [TEST_STEP][PASSED] - pages.WriteExcel.demoKey(resText, datText, resColumn, datCloumn, fileLoc, nameSheet, row): pages.WriteExcel.demoKey is PASSED

2024-02-03 22:49:04 - [MESSAGE][PASSED] - pages.WriteExcel.demoKey is PASSED

2024-02-03 22:49:04 - [TEST_STEP][PASSED] - ExecuteTC = findTestData(dataFile).getValue("Execute", row): null

2024-02-03 22:49:04 - [TEST_STEP][PASSED] - Taxtype = findTestData(dataFile).getValue("TaxType", row): null

2024-02-03 22:49:04 - [TEST_STEP][PASSED] - Paymenttype = findTestData(dataFile).getValue("PaymentType", row): null

2024-02-03 22:49:04 - [TEST_STEP][PASSED] - out.println("Value of Execute is : " + ExecuteTC): null

2024-02-03 22:49:04 - [TEST_STEP][PASSED] - if (ExecuteTC.equalsIgnoreCase("Y")): null

2024-02-03 22:49:04 - [TEST_STEP][PASSED] - out.println("Begin Record Number: " + row): null

2024-02-03 22:49:04 - [TEST_STEP][PASSED] - today = new java.util.Date(): null

2024-02-03 22:49:04 - [TEST_STEP][PASSED] - println(today): null

2024-02-03 22:49:04 - [TEST_STEP][PASSED] - datText = today: null

2024-02-03 22:49:04 - [TEST_STEP][PASSED] - Taxtype = findTestData(dataFile).getValue("TaxType", row): null

2024-02-03 22:49:04 - [TEST_STEP][PASSED] - out.println("Taxtype value is : " + Taxtype): null

2024-02-03 22:49:04 - [TEST_STEP][PASSED] - openBrowser(""): Browser is opened with url: ''

2024-02-03 22:49:04 - [MESSAGE][WARNING] - A browser is already opened. Closing browser and opening a new one

2024-02-03 22:49:05 - [MESSAGE][INFO] - Starting 'Chrome' driver

2024-02-03 22:49:05 - [MESSAGE][INFO] - User set preference: ['acceptInsecureCerts', 'true']

2024-02-03 22:49:05 - [MESSAGE][INFO] - Action delay is set to 0 milliseconds

2024-02-03 22:49:07 - [MESSAGE][PASSED] - Browser is opened with url: ''

2024-02-03 22:49:07 - [TEST_STEP][PASSED] - maximizeWindow(): Current window maximized

2024-02-03 22:49:07 - [MESSAGE][PASSED] - Current window maximized

2024-02-03 22:49:07 - [TEST_STEP][PASSED] - navigateToUrl(RADurl): Navigate to 'https://qa2.velocitypayment.com/client/rad/index.html' successfully

2024-02-03 22:49:09 - [MESSAGE][PASSED] - Navigate to 'https://qa2.velocitypayment.com/client/rad/index.html' successfully

2024-02-03 22:49:09 - [TEST_STEP][PASSED] - orPath_Landing = "Object Repository/RAD_Pages/Landing_Page": null

2024-02-03 22:49:09 - [TEST_STEP][PASSED] - orPath_TaxTypeFilingYear = "Object Repository/RAD_Pages/TaxTypeFilingYear_Page": null

2024-02-03 22:49:09 - [TEST_STEP][PASSED] - orPath_TaxPayer = "Object Repository/RAD_Pages/Taxpayer_Page": null

2024-02-03 22:49:09 - [TEST_STEP][PASSED] - orPath_AddressContact = "Object Repository/RAD_Pages/AddressAndContactInfo_Page": null

2024-02-03 22:49:09 - [TEST_STEP][PASSED] - orPath_FilingStatus = "Object Repository/RAD_Pages/FilingStatus_Page": null

2024-02-03 22:49:09 - [TEST_STEP][PASSED] - orPath_Amount = "Object Repository/RAD_Pages/PaymentAmount_Page": null

2024-02-03 22:49:09 - [TEST_STEP][PASSED] - orPath_TaxInfo = "Object Repository/RAD_Pages/TaxInfo_Page": null

2024-02-03 22:49:09 - [TEST_STEP][PASSED] - orPath_Withholding = "Object Repository/RAD_Pages/Withholding_Page": null

2024-02-03 22:49:09 - [TEST_STEP][PASSED] - orPath_Summary = "Object Repository/RAD_Pages/Summary_Page": null

2024-02-03 22:49:09 - [TEST_STEP][PASSED] - orPath_PaymentReady = "Object Repository/RAD_Pages/PaymentReady_Page": null

2024-02-03 22:49:09 - [TEST_STEP][PASSED] - orPath_PaymentEntry = "Object Repository/RAD_Pages/PaymentEntry_Page": null

2024-02-03 22:49:09 - [TEST_STEP][PASSED] - orPath_PaymentConfirmation = "Object Repository/RAD_Pages/PaymentConfirmation_Page": null

2024-02-03 22:49:09 - [TEST_STEP][PASSED] - orPath_ServiceFeesAccept = "Object Repository/RAD_Pages/ServiceFeeAccept_Page": null

2024-02-03 22:49:09 - [TEST_STEP][PASSED] - selectOptionByLabel(findTestObject(orPath_Landing + "/dd_TaxType"), Paymenttype, false): All options with label 'Existing Liability w/Notice Number' are selected in object 'Object Repository/RAD_Pages/Landing_Page/dd_TaxType' 

2024-02-03 22:49:10 - [MESSAGE][PASSED] - All options with label 'Existing Liability w/Notice Number' are selected in object 'Object Repository/RAD_Pages/Landing_Page/dd_TaxType' 

2024-02-03 22:49:10 - [TEST_STEP][PASSED] - delay(1): Delayed 1 second(s)

2024-02-03 22:49:11 - [MESSAGE][PASSED] - Delayed 1 second(s)

2024-02-03 22:49:11 - [TEST_STEP][PASSED] - switch (Paymenttype): null

2024-02-03 22:49:11 - [TEST_STEP][PASSED] - case "Existing Liability w/Notice Number":: null

2024-02-03 22:49:11 - [TEST_STEP][PASSED] - selectOptionByLabel(findTestObject(orPath_TaxTypeFilingYear + "/select_TaxType_ExistingLiability"), Taxtype, false): All options with label 'Withholding Tax' are selected in object 'Object Repository/RAD_Pages/TaxTypeFilingYear_Page/select_TaxType_ExistingLiability' 

2024-02-03 22:49:11 - [MESSAGE][PASSED] - All options with label 'Withholding Tax' are selected in object 'Object Repository/RAD_Pages/TaxTypeFilingYear_Page/select_TaxType_ExistingLiability' 

2024-02-03 22:49:11 - [TEST_STEP][PASSED] - break: null

2024-02-03 22:49:11 - [TEST_STEP][PASSED] - delay(1): Delayed 1 second(s)

2024-02-03 22:49:12 - [MESSAGE][PASSED] - Delayed 1 second(s)

2024-02-03 22:49:12 - [TEST_STEP][PASSED] - scrollToElement(findTestObject(orPath_Amount + "/input__paymentAmount"), 2, CONTINUE_ON_FAILURE): Scroll to object 'Object Repository/RAD_Pages/PaymentAmount_Page/input__paymentAmount' successfully

2024-02-03 22:49:13 - [MESSAGE][PASSED] - Scroll to object 'Object Repository/RAD_Pages/PaymentAmount_Page/input__paymentAmount' successfully

2024-02-03 22:49:13 - [TEST_STEP][PASSED] - switch (Paymenttype): null

2024-02-03 22:49:13 - [TEST_STEP][PASSED] - case "Existing Liability w/Notice Number":: null

2024-02-03 22:49:13 - [TEST_STEP][PASSED] - setEncryptedText(findTestObject("Object Repository/RAD_RecordAndPlay/input_Existing_FEIN"), "RigbBhfdqODKcAsiUrg+1Q=="): Text ****** has been set on object 'Object Repository/RAD_RecordAndPlay/input_Existing_FEIN'

2024-02-03 22:49:13 - [MESSAGE][PASSED] - Text ****** has been set on object 'Object Repository/RAD_RecordAndPlay/input_Existing_FEIN'

2024-02-03 22:49:13 - [TEST_STEP][PASSED] - setEncryptedText(findTestObject("Object Repository/RAD_RecordAndPlay/input_Existing_RetypeFEIN"), "RigbBhfdqOBBGbZqm4oFJQ=="): Text ****** has been set on object 'Object Repository/RAD_RecordAndPlay/input_Existing_RetypeFEIN'

2024-02-03 22:49:14 - [MESSAGE][PASSED] - Text ****** has been set on object 'Object Repository/RAD_RecordAndPlay/input_Existing_RetypeFEIN'

2024-02-03 22:49:14 - [TEST_STEP][PASSED] - break: null

2024-02-03 22:49:14 - [TEST_STEP][PASSED] - setText(findTestObject(orPath_Amount + "/input__paymentAmount"), ""): Text '' is set on object 'Object Repository/RAD_Pages/PaymentAmount_Page/input__paymentAmount'

2024-02-03 22:49:14 - [MESSAGE][PASSED] - Text '' is set on object 'Object Repository/RAD_Pages/PaymentAmount_Page/input__paymentAmount'

2024-02-03 22:49:14 - [TEST_STEP][PASSED] - verifyTextPresent("The FEIN and Re-type FEIN do not match", true): Text 'The FEIN and Re-type FEIN do not match' is present on page  using regular expression

2024-02-03 22:49:15 - [MESSAGE][PASSED] - Text 'The FEIN and Re-type FEIN do not match' is present on page  using regular expression

2024-02-03 22:49:15 - [TEST_STEP][PASSED] - if (verifyTextPresent("The FEIN and Re-type FEIN do not match", true)): null

2024-02-03 22:49:15 - [MESSAGE][PASSED] - Text 'The FEIN and Re-type FEIN do not match' is present on page  using regular expression

2024-02-03 22:49:15 - [TEST_STEP][PASSED] - println("Error Message is present on the page"): null

2024-02-03 22:49:15 - [TEST_STEP][PASSED] - out.println("Pass Record Number: " + row): null

2024-02-03 22:49:15 - [TEST_STEP][PASSED] - resText = "Pass": null

2024-02-03 22:49:15 - [TEST_STEP][PASSED] - pages.WriteExcel.demoKey(resText, datText, resColumn, datCloumn, fileLoc, nameSheet, row): pages.WriteExcel.demoKey is PASSED

2024-02-03 22:49:15 - [MESSAGE][PASSED] - pages.WriteExcel.demoKey is PASSED

2024-02-03 22:49:15 - [TEST_STEP][PASSED] - ExecuteTC = findTestData(dataFile).getValue("Execute", row): null

2024-02-03 22:49:16 - [TEST_STEP][PASSED] - Taxtype = findTestData(dataFile).getValue("TaxType", row): null

2024-02-03 22:49:16 - [TEST_STEP][PASSED] - Paymenttype = findTestData(dataFile).getValue("PaymentType", row): null

2024-02-03 22:49:16 - [TEST_STEP][PASSED] - out.println("Value of Execute is : " + ExecuteTC): null

2024-02-03 22:49:16 - [TEST_STEP][PASSED] - if (ExecuteTC.equalsIgnoreCase("Y")): null

2024-02-03 22:49:16 - [TEST_STEP][PASSED] - out.println("Begin Record Number: " + row): null

2024-02-03 22:49:16 - [TEST_STEP][PASSED] - today = new java.util.Date(): null

2024-02-03 22:49:16 - [TEST_STEP][PASSED] - println(today): null

2024-02-03 22:49:16 - [TEST_STEP][PASSED] - datText = today: null

2024-02-03 22:49:16 - [TEST_STEP][PASSED] - Taxtype = findTestData(dataFile).getValue("TaxType", row): null

2024-02-03 22:49:16 - [TEST_STEP][PASSED] - out.println("Taxtype value is : " + Taxtype): null

2024-02-03 22:49:16 - [TEST_STEP][PASSED] - openBrowser(""): Browser is opened with url: ''

2024-02-03 22:49:16 - [MESSAGE][WARNING] - A browser is already opened. Closing browser and opening a new one

2024-02-03 22:49:17 - [MESSAGE][INFO] - Starting 'Chrome' driver

2024-02-03 22:49:17 - [MESSAGE][INFO] - User set preference: ['acceptInsecureCerts', 'true']

2024-02-03 22:49:17 - [MESSAGE][INFO] - Action delay is set to 0 milliseconds

2024-02-03 22:49:18 - [MESSAGE][PASSED] - Browser is opened with url: ''

2024-02-03 22:49:18 - [TEST_STEP][PASSED] - maximizeWindow(): Current window maximized

2024-02-03 22:49:19 - [MESSAGE][PASSED] - Current window maximized

2024-02-03 22:49:19 - [TEST_STEP][PASSED] - navigateToUrl(RADurl): Navigate to 'https://qa2.velocitypayment.com/client/rad/index.html' successfully

2024-02-03 22:49:20 - [MESSAGE][PASSED] - Navigate to 'https://qa2.velocitypayment.com/client/rad/index.html' successfully

2024-02-03 22:49:20 - [TEST_STEP][PASSED] - orPath_Landing = "Object Repository/RAD_Pages/Landing_Page": null

2024-02-03 22:49:20 - [TEST_STEP][PASSED] - orPath_TaxTypeFilingYear = "Object Repository/RAD_Pages/TaxTypeFilingYear_Page": null

2024-02-03 22:49:20 - [TEST_STEP][PASSED] - orPath_TaxPayer = "Object Repository/RAD_Pages/Taxpayer_Page": null

2024-02-03 22:49:20 - [TEST_STEP][PASSED] - orPath_AddressContact = "Object Repository/RAD_Pages/AddressAndContactInfo_Page": null

2024-02-03 22:49:20 - [TEST_STEP][PASSED] - orPath_FilingStatus = "Object Repository/RAD_Pages/FilingStatus_Page": null

2024-02-03 22:49:20 - [TEST_STEP][PASSED] - orPath_Amount = "Object Repository/RAD_Pages/PaymentAmount_Page": null

2024-02-03 22:49:20 - [TEST_STEP][PASSED] - orPath_TaxInfo = "Object Repository/RAD_Pages/TaxInfo_Page": null

2024-02-03 22:49:20 - [TEST_STEP][PASSED] - orPath_Withholding = "Object Repository/RAD_Pages/Withholding_Page": null

2024-02-03 22:49:20 - [TEST_STEP][PASSED] - orPath_Summary = "Object Repository/RAD_Pages/Summary_Page": null

2024-02-03 22:49:20 - [TEST_STEP][PASSED] - orPath_PaymentReady = "Object Repository/RAD_Pages/PaymentReady_Page": null

2024-02-03 22:49:20 - [TEST_STEP][PASSED] - orPath_PaymentEntry = "Object Repository/RAD_Pages/PaymentEntry_Page": null

2024-02-03 22:49:20 - [TEST_STEP][PASSED] - orPath_PaymentConfirmation = "Object Repository/RAD_Pages/PaymentConfirmation_Page": null

2024-02-03 22:49:20 - [TEST_STEP][PASSED] - orPath_ServiceFeesAccept = "Object Repository/RAD_Pages/ServiceFeeAccept_Page": null

2024-02-03 22:49:20 - [TEST_STEP][PASSED] - selectOptionByLabel(findTestObject(orPath_Landing + "/dd_TaxType"), Paymenttype, false): All options with label 'Existing Liability w/Notice Number' are selected in object 'Object Repository/RAD_Pages/Landing_Page/dd_TaxType' 

2024-02-03 22:49:21 - [MESSAGE][PASSED] - All options with label 'Existing Liability w/Notice Number' are selected in object 'Object Repository/RAD_Pages/Landing_Page/dd_TaxType' 

2024-02-03 22:49:21 - [TEST_STEP][PASSED] - delay(1): Delayed 1 second(s)

2024-02-03 22:49:22 - [MESSAGE][PASSED] - Delayed 1 second(s)

2024-02-03 22:49:22 - [TEST_STEP][PASSED] - switch (Paymenttype): null

2024-02-03 22:49:22 - [TEST_STEP][PASSED] - case "Existing Liability w/Notice Number":: null

2024-02-03 22:49:22 - [TEST_STEP][PASSED] - selectOptionByLabel(findTestObject(orPath_TaxTypeFilingYear + "/select_TaxType_ExistingLiability"), Taxtype, false): All options with label 'Alcohol Tax' are selected in object 'Object Repository/RAD_Pages/TaxTypeFilingYear_Page/select_TaxType_ExistingLiability' 

2024-02-03 22:49:23 - [MESSAGE][PASSED] - All options with label 'Alcohol Tax' are selected in object 'Object Repository/RAD_Pages/TaxTypeFilingYear_Page/select_TaxType_ExistingLiability' 

2024-02-03 22:49:23 - [TEST_STEP][PASSED] - break: null

2024-02-03 22:49:23 - [TEST_STEP][PASSED] - delay(1): Delayed 1 second(s)

2024-02-03 22:49:24 - [MESSAGE][PASSED] - Delayed 1 second(s)

2024-02-03 22:49:24 - [TEST_STEP][PASSED] - scrollToElement(findTestObject(orPath_Amount + "/input__paymentAmount"), 2, CONTINUE_ON_FAILURE): Scroll to object 'Object Repository/RAD_Pages/PaymentAmount_Page/input__paymentAmount' successfully

2024-02-03 22:49:24 - [MESSAGE][PASSED] - Scroll to object 'Object Repository/RAD_Pages/PaymentAmount_Page/input__paymentAmount' successfully

2024-02-03 22:49:24 - [TEST_STEP][PASSED] - switch (Paymenttype): null

2024-02-03 22:49:24 - [TEST_STEP][PASSED] - case "Existing Liability w/Notice Number":: null

2024-02-03 22:49:24 - [TEST_STEP][PASSED] - setEncryptedText(findTestObject("Object Repository/RAD_RecordAndPlay/input_Existing_FEIN"), "RigbBhfdqODKcAsiUrg+1Q=="): Text ****** has been set on object 'Object Repository/RAD_RecordAndPlay/input_Existing_FEIN'

2024-02-03 22:49:25 - [MESSAGE][PASSED] - Text ****** has been set on object 'Object Repository/RAD_RecordAndPlay/input_Existing_FEIN'

2024-02-03 22:49:25 - [TEST_STEP][PASSED] - setEncryptedText(findTestObject("Object Repository/RAD_RecordAndPlay/input_Existing_RetypeFEIN"), "RigbBhfdqOBBGbZqm4oFJQ=="): Text ****** has been set on object 'Object Repository/RAD_RecordAndPlay/input_Existing_RetypeFEIN'

2024-02-03 22:49:26 - [MESSAGE][PASSED] - Text ****** has been set on object 'Object Repository/RAD_RecordAndPlay/input_Existing_RetypeFEIN'

2024-02-03 22:49:26 - [TEST_STEP][PASSED] - break: null

2024-02-03 22:49:26 - [TEST_STEP][PASSED] - setText(findTestObject(orPath_Amount + "/input__paymentAmount"), ""): Text '' is set on object 'Object Repository/RAD_Pages/PaymentAmount_Page/input__paymentAmount'

2024-02-03 22:49:26 - [MESSAGE][PASSED] - Text '' is set on object 'Object Repository/RAD_Pages/PaymentAmount_Page/input__paymentAmount'

2024-02-03 22:49:26 - [TEST_STEP][PASSED] - verifyTextPresent("The FEIN and Re-type FEIN do not match", true): Text 'The FEIN and Re-type FEIN do not match' is present on page  using regular expression

2024-02-03 22:49:27 - [MESSAGE][PASSED] - Text 'The FEIN and Re-type FEIN do not match' is present on page  using regular expression

2024-02-03 22:49:27 - [TEST_STEP][PASSED] - if (verifyTextPresent("The FEIN and Re-type FEIN do not match", true)): null

2024-02-03 22:49:27 - [MESSAGE][PASSED] - Text 'The FEIN and Re-type FEIN do not match' is present on page  using regular expression

2024-02-03 22:49:27 - [TEST_STEP][PASSED] - println("Error Message is present on the page"): null

2024-02-03 22:49:27 - [TEST_STEP][PASSED] - out.println("Pass Record Number: " + row): null

2024-02-03 22:49:27 - [TEST_STEP][PASSED] - resText = "Pass": null

2024-02-03 22:49:27 - [TEST_STEP][PASSED] - pages.WriteExcel.demoKey(resText, datText, resColumn, datCloumn, fileLoc, nameSheet, row): pages.WriteExcel.demoKey is PASSED

2024-02-03 22:49:27 - [MESSAGE][PASSED] - pages.WriteExcel.demoKey is PASSED

2024-02-03 22:49:27 - [TEST_STEP][PASSED] - ExecuteTC = findTestData(dataFile).getValue("Execute", row): null

2024-02-03 22:49:27 - [TEST_STEP][PASSED] - Taxtype = findTestData(dataFile).getValue("TaxType", row): null

2024-02-03 22:49:27 - [TEST_STEP][PASSED] - Paymenttype = findTestData(dataFile).getValue("PaymentType", row): null

2024-02-03 22:49:27 - [TEST_STEP][PASSED] - out.println("Value of Execute is : " + ExecuteTC): null

2024-02-03 22:49:27 - [TEST_STEP][PASSED] - if (ExecuteTC.equalsIgnoreCase("Y")): null

2024-02-03 22:49:27 - [TEST_STEP][PASSED] - out.println("Begin Record Number: " + row): null

2024-02-03 22:49:27 - [TEST_STEP][PASSED] - today = new java.util.Date(): null

2024-02-03 22:49:27 - [TEST_STEP][PASSED] - println(today): null

2024-02-03 22:49:27 - [TEST_STEP][PASSED] - datText = today: null

2024-02-03 22:49:27 - [TEST_STEP][PASSED] - Taxtype = findTestData(dataFile).getValue("TaxType", row): null

2024-02-03 22:49:27 - [TEST_STEP][PASSED] - out.println("Taxtype value is : " + Taxtype): null

2024-02-03 22:49:27 - [TEST_STEP][PASSED] - openBrowser(""): Browser is opened with url: ''

2024-02-03 22:49:27 - [MESSAGE][WARNING] - A browser is already opened. Closing browser and opening a new one

2024-02-03 22:49:28 - [MESSAGE][INFO] - Starting 'Chrome' driver

2024-02-03 22:49:28 - [MESSAGE][INFO] - User set preference: ['acceptInsecureCerts', 'true']

2024-02-03 22:49:28 - [MESSAGE][INFO] - Action delay is set to 0 milliseconds

2024-02-03 22:49:30 - [MESSAGE][PASSED] - Browser is opened with url: ''

2024-02-03 22:49:30 - [TEST_STEP][PASSED] - maximizeWindow(): Current window maximized

2024-02-03 22:49:30 - [MESSAGE][PASSED] - Current window maximized

2024-02-03 22:49:30 - [TEST_STEP][PASSED] - navigateToUrl(RADurl): Navigate to 'https://qa2.velocitypayment.com/client/rad/index.html' successfully

2024-02-03 22:49:31 - [MESSAGE][PASSED] - Navigate to 'https://qa2.velocitypayment.com/client/rad/index.html' successfully

2024-02-03 22:49:31 - [TEST_STEP][PASSED] - orPath_Landing = "Object Repository/RAD_Pages/Landing_Page": null

2024-02-03 22:49:31 - [TEST_STEP][PASSED] - orPath_TaxTypeFilingYear = "Object Repository/RAD_Pages/TaxTypeFilingYear_Page": null

2024-02-03 22:49:31 - [TEST_STEP][PASSED] - orPath_TaxPayer = "Object Repository/RAD_Pages/Taxpayer_Page": null

2024-02-03 22:49:31 - [TEST_STEP][PASSED] - orPath_AddressContact = "Object Repository/RAD_Pages/AddressAndContactInfo_Page": null

2024-02-03 22:49:31 - [TEST_STEP][PASSED] - orPath_FilingStatus = "Object Repository/RAD_Pages/FilingStatus_Page": null

2024-02-03 22:49:31 - [TEST_STEP][PASSED] - orPath_Amount = "Object Repository/RAD_Pages/PaymentAmount_Page": null

2024-02-03 22:49:31 - [TEST_STEP][PASSED] - orPath_TaxInfo = "Object Repository/RAD_Pages/TaxInfo_Page": null

2024-02-03 22:49:31 - [TEST_STEP][PASSED] - orPath_Withholding = "Object Repository/RAD_Pages/Withholding_Page": null

2024-02-03 22:49:31 - [TEST_STEP][PASSED] - orPath_Summary = "Object Repository/RAD_Pages/Summary_Page": null

2024-02-03 22:49:31 - [TEST_STEP][PASSED] - orPath_PaymentReady = "Object Repository/RAD_Pages/PaymentReady_Page": null

2024-02-03 22:49:31 - [TEST_STEP][PASSED] - orPath_PaymentEntry = "Object Repository/RAD_Pages/PaymentEntry_Page": null

2024-02-03 22:49:31 - [TEST_STEP][PASSED] - orPath_PaymentConfirmation = "Object Repository/RAD_Pages/PaymentConfirmation_Page": null

2024-02-03 22:49:31 - [TEST_STEP][PASSED] - orPath_ServiceFeesAccept = "Object Repository/RAD_Pages/ServiceFeeAccept_Page": null

2024-02-03 22:49:31 - [TEST_STEP][PASSED] - selectOptionByLabel(findTestObject(orPath_Landing + "/dd_TaxType"), Paymenttype, false): All options with label 'Quarterly Estimated Tax' are selected in object 'Object Repository/RAD_Pages/Landing_Page/dd_TaxType' 

2024-02-03 22:49:33 - [MESSAGE][PASSED] - All options with label 'Quarterly Estimated Tax' are selected in object 'Object Repository/RAD_Pages/Landing_Page/dd_TaxType' 

2024-02-03 22:49:33 - [TEST_STEP][PASSED] - delay(1): Delayed 1 second(s)

2024-02-03 22:49:34 - [MESSAGE][PASSED] - Delayed 1 second(s)

2024-02-03 22:49:34 - [TEST_STEP][PASSED] - switch (Paymenttype): null

2024-02-03 22:49:34 - [TEST_STEP][PASSED] - case "Quarterly Estimated Tax":: null

2024-02-03 22:49:34 - [TEST_STEP][PASSED] - selectOptionByLabel(findTestObject(orPath_TaxTypeFilingYear + "/select_PaymentType"), Taxtype, false): All options with label 'Corporate Income Tax' are selected in object 'Object Repository/RAD_Pages/TaxTypeFilingYear_Page/select_PaymentType' 

2024-02-03 22:49:34 - [MESSAGE][PASSED] - All options with label 'Corporate Income Tax' are selected in object 'Object Repository/RAD_Pages/TaxTypeFilingYear_Page/select_PaymentType' 

2024-02-03 22:49:34 - [TEST_STEP][PASSED] - break: null

2024-02-03 22:49:34 - [TEST_STEP][PASSED] - delay(1): Delayed 1 second(s)

2024-02-03 22:49:35 - [MESSAGE][PASSED] - Delayed 1 second(s)

2024-02-03 22:49:35 - [TEST_STEP][PASSED] - scrollToElement(findTestObject(orPath_Amount + "/input__paymentAmount"), 2, CONTINUE_ON_FAILURE): Scroll to object 'Object Repository/RAD_Pages/PaymentAmount_Page/input__paymentAmount' successfully

2024-02-03 22:49:36 - [MESSAGE][PASSED] - Scroll to object 'Object Repository/RAD_Pages/PaymentAmount_Page/input__paymentAmount' successfully

2024-02-03 22:49:36 - [TEST_STEP][PASSED] - switch (Paymenttype): null

2024-02-03 22:49:36 - [TEST_STEP][PASSED] - case "Quarterly Estimated Tax":: null

2024-02-03 22:49:36 - [TEST_STEP][PASSED] - setEncryptedText(findTestObject(orPath_TaxInfo + "/input_FederalEIN"), "RigbBhfdqODKcAsiUrg+1Q=="): Text ****** has been set on object 'Object Repository/RAD_Pages/TaxInfo_Page/input_FederalEIN'

2024-02-03 22:49:36 - [MESSAGE][PASSED] - Text ****** has been set on object 'Object Repository/RAD_Pages/TaxInfo_Page/input_FederalEIN'

2024-02-03 22:49:36 - [TEST_STEP][PASSED] - setEncryptedText(findTestObject(orPath_TaxInfo + "/input_FederalEIN_ReEnter"), "RigbBhfdqOBBGbZqm4oFJQ=="): Text ****** has been set on object 'Object Repository/RAD_Pages/TaxInfo_Page/input_FederalEIN_ReEnter'

2024-02-03 22:49:37 - [MESSAGE][PASSED] - Text ****** has been set on object 'Object Repository/RAD_Pages/TaxInfo_Page/input_FederalEIN_ReEnter'

2024-02-03 22:49:37 - [TEST_STEP][PASSED] - break: null

2024-02-03 22:49:37 - [TEST_STEP][PASSED] - setText(findTestObject(orPath_Amount + "/input__paymentAmount"), ""): Text '' is set on object 'Object Repository/RAD_Pages/PaymentAmount_Page/input__paymentAmount'

2024-02-03 22:49:38 - [MESSAGE][PASSED] - Text '' is set on object 'Object Repository/RAD_Pages/PaymentAmount_Page/input__paymentAmount'

2024-02-03 22:49:38 - [TEST_STEP][PASSED] - verifyTextPresent("The FEIN and Re-type FEIN do not match", true): Text 'The FEIN and Re-type FEIN do not match' is present on page  using regular expression

2024-02-03 22:49:38 - [MESSAGE][PASSED] - Text 'The FEIN and Re-type FEIN do not match' is present on page  using regular expression

2024-02-03 22:49:38 - [TEST_STEP][PASSED] - if (verifyTextPresent("The FEIN and Re-type FEIN do not match", true)): null

2024-02-03 22:49:39 - [MESSAGE][PASSED] - Text 'The FEIN and Re-type FEIN do not match' is present on page  using regular expression

2024-02-03 22:49:39 - [TEST_STEP][PASSED] - println("Error Message is present on the page"): null

2024-02-03 22:49:39 - [TEST_STEP][PASSED] - out.println("Pass Record Number: " + row): null

2024-02-03 22:49:39 - [TEST_STEP][PASSED] - resText = "Pass": null

2024-02-03 22:49:39 - [TEST_STEP][PASSED] - pages.WriteExcel.demoKey(resText, datText, resColumn, datCloumn, fileLoc, nameSheet, row): pages.WriteExcel.demoKey is PASSED

2024-02-03 22:49:39 - [MESSAGE][PASSED] - pages.WriteExcel.demoKey is PASSED

2024-02-03 22:49:39 - [TEST_STEP][PASSED] - ExecuteTC = findTestData(dataFile).getValue("Execute", row): null

2024-02-03 22:49:39 - [TEST_STEP][PASSED] - Taxtype = findTestData(dataFile).getValue("TaxType", row): null

2024-02-03 22:49:39 - [TEST_STEP][PASSED] - Paymenttype = findTestData(dataFile).getValue("PaymentType", row): null

2024-02-03 22:49:39 - [TEST_STEP][PASSED] - out.println("Value of Execute is : " + ExecuteTC): null

2024-02-03 22:49:39 - [TEST_STEP][PASSED] - if (ExecuteTC.equalsIgnoreCase("Y")): null

2024-02-03 22:49:39 - [TEST_STEP][PASSED] - out.println("Begin Record Number: " + row): null

2024-02-03 22:49:39 - [TEST_STEP][PASSED] - today = new java.util.Date(): null

2024-02-03 22:49:39 - [TEST_STEP][PASSED] - println(today): null

2024-02-03 22:49:39 - [TEST_STEP][PASSED] - datText = today: null

2024-02-03 22:49:39 - [TEST_STEP][PASSED] - Taxtype = findTestData(dataFile).getValue("TaxType", row): null

2024-02-03 22:49:39 - [TEST_STEP][PASSED] - out.println("Taxtype value is : " + Taxtype): null

2024-02-03 22:49:39 - [TEST_STEP][PASSED] - openBrowser(""): Browser is opened with url: ''

2024-02-03 22:49:39 - [MESSAGE][WARNING] - A browser is already opened. Closing browser and opening a new one

2024-02-03 22:49:40 - [MESSAGE][INFO] - Starting 'Chrome' driver

2024-02-03 22:49:40 - [MESSAGE][INFO] - User set preference: ['acceptInsecureCerts', 'true']

2024-02-03 22:49:40 - [MESSAGE][INFO] - Action delay is set to 0 milliseconds

2024-02-03 22:49:42 - [MESSAGE][PASSED] - Browser is opened with url: ''

2024-02-03 22:49:42 - [TEST_STEP][PASSED] - maximizeWindow(): Current window maximized

2024-02-03 22:49:42 - [MESSAGE][PASSED] - Current window maximized

2024-02-03 22:49:42 - [TEST_STEP][PASSED] - navigateToUrl(RADurl): Navigate to 'https://qa2.velocitypayment.com/client/rad/index.html' successfully

2024-02-03 22:49:44 - [MESSAGE][PASSED] - Navigate to 'https://qa2.velocitypayment.com/client/rad/index.html' successfully

2024-02-03 22:49:44 - [TEST_STEP][PASSED] - orPath_Landing = "Object Repository/RAD_Pages/Landing_Page": null

2024-02-03 22:49:44 - [TEST_STEP][PASSED] - orPath_TaxTypeFilingYear = "Object Repository/RAD_Pages/TaxTypeFilingYear_Page": null

2024-02-03 22:49:44 - [TEST_STEP][PASSED] - orPath_TaxPayer = "Object Repository/RAD_Pages/Taxpayer_Page": null

2024-02-03 22:49:44 - [TEST_STEP][PASSED] - orPath_AddressContact = "Object Repository/RAD_Pages/AddressAndContactInfo_Page": null

2024-02-03 22:49:44 - [TEST_STEP][PASSED] - orPath_FilingStatus = "Object Repository/RAD_Pages/FilingStatus_Page": null

2024-02-03 22:49:44 - [TEST_STEP][PASSED] - orPath_Amount = "Object Repository/RAD_Pages/PaymentAmount_Page": null

2024-02-03 22:49:44 - [TEST_STEP][PASSED] - orPath_TaxInfo = "Object Repository/RAD_Pages/TaxInfo_Page": null

2024-02-03 22:49:44 - [TEST_STEP][PASSED] - orPath_Withholding = "Object Repository/RAD_Pages/Withholding_Page": null

2024-02-03 22:49:44 - [TEST_STEP][PASSED] - orPath_Summary = "Object Repository/RAD_Pages/Summary_Page": null

2024-02-03 22:49:44 - [TEST_STEP][PASSED] - orPath_PaymentReady = "Object Repository/RAD_Pages/PaymentReady_Page": null

2024-02-03 22:49:44 - [TEST_STEP][PASSED] - orPath_PaymentEntry = "Object Repository/RAD_Pages/PaymentEntry_Page": null

2024-02-03 22:49:44 - [TEST_STEP][PASSED] - orPath_PaymentConfirmation = "Object Repository/RAD_Pages/PaymentConfirmation_Page": null

2024-02-03 22:49:44 - [TEST_STEP][PASSED] - orPath_ServiceFeesAccept = "Object Repository/RAD_Pages/ServiceFeeAccept_Page": null

2024-02-03 22:49:44 - [TEST_STEP][PASSED] - selectOptionByLabel(findTestObject(orPath_Landing + "/dd_TaxType"), Paymenttype, false): All options with label 'Quarterly Estimated Tax' are selected in object 'Object Repository/RAD_Pages/Landing_Page/dd_TaxType' 

2024-02-03 22:49:45 - [MESSAGE][PASSED] - All options with label 'Quarterly Estimated Tax' are selected in object 'Object Repository/RAD_Pages/Landing_Page/dd_TaxType' 

2024-02-03 22:49:45 - [TEST_STEP][PASSED] - delay(1): Delayed 1 second(s)

2024-02-03 22:49:46 - [MESSAGE][PASSED] - Delayed 1 second(s)

2024-02-03 22:49:46 - [TEST_STEP][PASSED] - switch (Paymenttype): null

2024-02-03 22:49:46 - [TEST_STEP][PASSED] - case "Quarterly Estimated Tax":: null

2024-02-03 22:49:46 - [TEST_STEP][PASSED] - selectOptionByLabel(findTestObject(orPath_TaxTypeFilingYear + "/select_PaymentType"), Taxtype, false): All options with label 'Fiduciary Tax' are selected in object 'Object Repository/RAD_Pages/TaxTypeFilingYear_Page/select_PaymentType' 

2024-02-03 22:49:46 - [MESSAGE][PASSED] - All options with label 'Fiduciary Tax' are selected in object 'Object Repository/RAD_Pages/TaxTypeFilingYear_Page/select_PaymentType' 

2024-02-03 22:49:46 - [TEST_STEP][PASSED] - break: null

2024-02-03 22:49:46 - [TEST_STEP][PASSED] - delay(1): Delayed 1 second(s)

2024-02-03 22:49:47 - [MESSAGE][PASSED] - Delayed 1 second(s)

2024-02-03 22:49:47 - [TEST_STEP][PASSED] - scrollToElement(findTestObject(orPath_Amount + "/input__paymentAmount"), 2, CONTINUE_ON_FAILURE): Scroll to object 'Object Repository/RAD_Pages/PaymentAmount_Page/input__paymentAmount' successfully

2024-02-03 22:49:47 - [MESSAGE][PASSED] - Scroll to object 'Object Repository/RAD_Pages/PaymentAmount_Page/input__paymentAmount' successfully

2024-02-03 22:49:47 - [TEST_STEP][PASSED] - switch (Paymenttype): null

2024-02-03 22:49:47 - [TEST_STEP][PASSED] - case "Quarterly Estimated Tax":: null

2024-02-03 22:49:47 - [TEST_STEP][PASSED] - setEncryptedText(findTestObject(orPath_TaxInfo + "/input_FederalEIN"), "RigbBhfdqODKcAsiUrg+1Q=="): Text ****** has been set on object 'Object Repository/RAD_Pages/TaxInfo_Page/input_FederalEIN'

2024-02-03 22:49:48 - [MESSAGE][PASSED] - Text ****** has been set on object 'Object Repository/RAD_Pages/TaxInfo_Page/input_FederalEIN'

2024-02-03 22:49:48 - [TEST_STEP][PASSED] - setEncryptedText(findTestObject(orPath_TaxInfo + "/input_FederalEIN_ReEnter"), "RigbBhfdqOBBGbZqm4oFJQ=="): Text ****** has been set on object 'Object Repository/RAD_Pages/TaxInfo_Page/input_FederalEIN_ReEnter'

2024-02-03 22:49:49 - [MESSAGE][PASSED] - Text ****** has been set on object 'Object Repository/RAD_Pages/TaxInfo_Page/input_FederalEIN_ReEnter'

2024-02-03 22:49:49 - [TEST_STEP][PASSED] - break: null

2024-02-03 22:49:49 - [TEST_STEP][PASSED] - setText(findTestObject(orPath_Amount + "/input__paymentAmount"), ""): Text '' is set on object 'Object Repository/RAD_Pages/PaymentAmount_Page/input__paymentAmount'

2024-02-03 22:49:49 - [MESSAGE][PASSED] - Text '' is set on object 'Object Repository/RAD_Pages/PaymentAmount_Page/input__paymentAmount'

2024-02-03 22:49:49 - [TEST_STEP][PASSED] - verifyTextPresent("The FEIN and Re-type FEIN do not match", true): Text 'The FEIN and Re-type FEIN do not match' is present on page  using regular expression

2024-02-03 22:49:50 - [MESSAGE][PASSED] - Text 'The FEIN and Re-type FEIN do not match' is present on page  using regular expression

2024-02-03 22:49:50 - [TEST_STEP][PASSED] - if (verifyTextPresent("The FEIN and Re-type FEIN do not match", true)): null

2024-02-03 22:49:50 - [MESSAGE][PASSED] - Text 'The FEIN and Re-type FEIN do not match' is present on page  using regular expression

2024-02-03 22:49:50 - [TEST_STEP][PASSED] - println("Error Message is present on the page"): null

2024-02-03 22:49:50 - [TEST_STEP][PASSED] - out.println("Pass Record Number: " + row): null

2024-02-03 22:49:50 - [TEST_STEP][PASSED] - resText = "Pass": null

2024-02-03 22:49:50 - [TEST_STEP][PASSED] - pages.WriteExcel.demoKey(resText, datText, resColumn, datCloumn, fileLoc, nameSheet, row): pages.WriteExcel.demoKey is PASSED

2024-02-03 22:49:50 - [MESSAGE][PASSED] - pages.WriteExcel.demoKey is PASSED

2024-02-03 22:49:50 - [TEST_STEP][PASSED] - ExecuteTC = findTestData(dataFile).getValue("Execute", row): null

2024-02-03 22:49:50 - [TEST_STEP][PASSED] - Taxtype = findTestData(dataFile).getValue("TaxType", row): null

2024-02-03 22:49:50 - [TEST_STEP][PASSED] - Paymenttype = findTestData(dataFile).getValue("PaymentType", row): null

2024-02-03 22:49:50 - [TEST_STEP][PASSED] - out.println("Value of Execute is : " + ExecuteTC): null

2024-02-03 22:49:50 - [TEST_STEP][PASSED] - if (ExecuteTC.equalsIgnoreCase("Y")): null

2024-02-03 22:49:50 - [TEST_STEP][PASSED] - ExecuteTC = findTestData(dataFile).getValue("Execute", row): null

2024-02-03 22:49:50 - [TEST_STEP][PASSED] - Taxtype = findTestData(dataFile).getValue("TaxType", row): null

2024-02-03 22:49:51 - [TEST_STEP][PASSED] - Paymenttype = findTestData(dataFile).getValue("PaymentType", row): null

2024-02-03 22:49:51 - [TEST_STEP][PASSED] - out.println("Value of Execute is : " + ExecuteTC): null

2024-02-03 22:49:51 - [TEST_STEP][PASSED] - if (ExecuteTC.equalsIgnoreCase("Y")): null

2024-02-03 22:49:51 - [TEST_STEP][PASSED] - ExecuteTC = findTestData(dataFile).getValue("Execute", row): null

2024-02-03 22:49:51 - [TEST_STEP][PASSED] - Taxtype = findTestData(dataFile).getValue("TaxType", row): null

2024-02-03 22:49:51 - [TEST_STEP][PASSED] - Paymenttype = findTestData(dataFile).getValue("PaymentType", row): null

2024-02-03 22:49:51 - [TEST_STEP][PASSED] - out.println("Value of Execute is : " + ExecuteTC): null

2024-02-03 22:49:51 - [TEST_STEP][PASSED] - if (ExecuteTC.equalsIgnoreCase("Y")): null

2024-02-03 22:49:51 - [TEST_STEP][PASSED] - out.println("Begin Record Number: " + row): null

2024-02-03 22:49:51 - [TEST_STEP][PASSED] - today = new java.util.Date(): null

2024-02-03 22:49:51 - [TEST_STEP][PASSED] - println(today): null

2024-02-03 22:49:51 - [TEST_STEP][PASSED] - datText = today: null

2024-02-03 22:49:51 - [TEST_STEP][PASSED] - Taxtype = findTestData(dataFile).getValue("TaxType", row): null

2024-02-03 22:49:51 - [TEST_STEP][PASSED] - out.println("Taxtype value is : " + Taxtype): null

2024-02-03 22:49:51 - [TEST_STEP][PASSED] - openBrowser(""): Browser is opened with url: ''

2024-02-03 22:49:51 - [MESSAGE][WARNING] - A browser is already opened. Closing browser and opening a new one

2024-02-03 22:49:52 - [MESSAGE][INFO] - Starting 'Chrome' driver

2024-02-03 22:49:52 - [MESSAGE][INFO] - User set preference: ['acceptInsecureCerts', 'true']

2024-02-03 22:49:52 - [MESSAGE][INFO] - Action delay is set to 0 milliseconds

2024-02-03 22:49:53 - [MESSAGE][PASSED] - Browser is opened with url: ''

2024-02-03 22:49:53 - [TEST_STEP][PASSED] - maximizeWindow(): Current window maximized

2024-02-03 22:49:54 - [MESSAGE][PASSED] - Current window maximized

2024-02-03 22:49:54 - [TEST_STEP][PASSED] - navigateToUrl(RADurl): Navigate to 'https://qa2.velocitypayment.com/client/rad/index.html' successfully

2024-02-03 22:49:55 - [MESSAGE][PASSED] - Navigate to 'https://qa2.velocitypayment.com/client/rad/index.html' successfully

2024-02-03 22:49:55 - [TEST_STEP][PASSED] - orPath_Landing = "Object Repository/RAD_Pages/Landing_Page": null

2024-02-03 22:49:55 - [TEST_STEP][PASSED] - orPath_TaxTypeFilingYear = "Object Repository/RAD_Pages/TaxTypeFilingYear_Page": null

2024-02-03 22:49:55 - [TEST_STEP][PASSED] - orPath_TaxPayer = "Object Repository/RAD_Pages/Taxpayer_Page": null

2024-02-03 22:49:55 - [TEST_STEP][PASSED] - orPath_AddressContact = "Object Repository/RAD_Pages/AddressAndContactInfo_Page": null

2024-02-03 22:49:55 - [TEST_STEP][PASSED] - orPath_FilingStatus = "Object Repository/RAD_Pages/FilingStatus_Page": null

2024-02-03 22:49:55 - [TEST_STEP][PASSED] - orPath_Amount = "Object Repository/RAD_Pages/PaymentAmount_Page": null

2024-02-03 22:49:55 - [TEST_STEP][PASSED] - orPath_TaxInfo = "Object Repository/RAD_Pages/TaxInfo_Page": null

2024-02-03 22:49:55 - [TEST_STEP][PASSED] - orPath_Withholding = "Object Repository/RAD_Pages/Withholding_Page": null

2024-02-03 22:49:55 - [TEST_STEP][PASSED] - orPath_Summary = "Object Repository/RAD_Pages/Summary_Page": null

2024-02-03 22:49:55 - [TEST_STEP][PASSED] - orPath_PaymentReady = "Object Repository/RAD_Pages/PaymentReady_Page": null

2024-02-03 22:49:55 - [TEST_STEP][PASSED] - orPath_PaymentEntry = "Object Repository/RAD_Pages/PaymentEntry_Page": null

2024-02-03 22:49:55 - [TEST_STEP][PASSED] - orPath_PaymentConfirmation = "Object Repository/RAD_Pages/PaymentConfirmation_Page": null

2024-02-03 22:49:55 - [TEST_STEP][PASSED] - orPath_ServiceFeesAccept = "Object Repository/RAD_Pages/ServiceFeeAccept_Page": null

2024-02-03 22:49:55 - [TEST_STEP][PASSED] - selectOptionByLabel(findTestObject(orPath_Landing + "/dd_TaxType"), Paymenttype, false): All options with label 'New Tax Return Amount Due' are selected in object 'Object Repository/RAD_Pages/Landing_Page/dd_TaxType' 

2024-02-03 22:49:56 - [MESSAGE][PASSED] - All options with label 'New Tax Return Amount Due' are selected in object 'Object Repository/RAD_Pages/Landing_Page/dd_TaxType' 

2024-02-03 22:49:56 - [TEST_STEP][PASSED] - delay(1): Delayed 1 second(s)

2024-02-03 22:49:57 - [MESSAGE][PASSED] - Delayed 1 second(s)

2024-02-03 22:49:57 - [TEST_STEP][PASSED] - switch (Paymenttype): null

2024-02-03 22:49:57 - [TEST_STEP][PASSED] - case "New Tax Return Amount Due":: null

2024-02-03 22:49:57 - [TEST_STEP][PASSED] - selectOptionByLabel(findTestObject("Object Repository/RAD_Pages/Landing_Page/select_NewTaxReturnAmountDue_TaxType"), Taxtype, false): All options with label 'Fiduciary Tax' are selected in object 'Object Repository/RAD_Pages/Landing_Page/select_NewTaxReturnAmountDue_TaxType' 

2024-02-03 22:49:58 - [MESSAGE][PASSED] - All options with label 'Fiduciary Tax' are selected in object 'Object Repository/RAD_Pages/Landing_Page/select_NewTaxReturnAmountDue_TaxType' 

2024-02-03 22:49:58 - [TEST_STEP][PASSED] - break: null

2024-02-03 22:49:58 - [TEST_STEP][PASSED] - delay(1): Delayed 1 second(s)

2024-02-03 22:49:59 - [MESSAGE][PASSED] - Delayed 1 second(s)

2024-02-03 22:49:59 - [TEST_STEP][PASSED] - scrollToElement(findTestObject(orPath_Amount + "/input__paymentAmount"), 2, CONTINUE_ON_FAILURE): Scroll to object 'Object Repository/RAD_Pages/PaymentAmount_Page/input__paymentAmount' successfully

2024-02-03 22:49:59 - [MESSAGE][PASSED] - Scroll to object 'Object Repository/RAD_Pages/PaymentAmount_Page/input__paymentAmount' successfully

2024-02-03 22:49:59 - [TEST_STEP][PASSED] - switch (Paymenttype): null

2024-02-03 22:49:59 - [TEST_STEP][PASSED] - case "New Tax Return Amount Due":: null

2024-02-03 22:49:59 - [TEST_STEP][PASSED] - setEncryptedText(findTestObject(orPath_TaxInfo + "/input_FederalEIN-2"), "RigbBhfdqODKcAsiUrg+1Q=="): Text ****** has been set on object 'Object Repository/RAD_Pages/TaxInfo_Page/input_FederalEIN-2'

2024-02-03 22:50:00 - [MESSAGE][PASSED] - Text ****** has been set on object 'Object Repository/RAD_Pages/TaxInfo_Page/input_FederalEIN-2'

2024-02-03 22:50:00 - [TEST_STEP][PASSED] - setEncryptedText(findTestObject(orPath_TaxInfo + "/input_FederalEIN_ReEnter-2"), "RigbBhfdqOBBGbZqm4oFJQ=="): Text ****** has been set on object 'Object Repository/RAD_Pages/TaxInfo_Page/input_FederalEIN_ReEnter-2'

2024-02-03 22:50:00 - [MESSAGE][PASSED] - Text ****** has been set on object 'Object Repository/RAD_Pages/TaxInfo_Page/input_FederalEIN_ReEnter-2'

2024-02-03 22:50:00 - [TEST_STEP][PASSED] - break: null

2024-02-03 22:50:00 - [TEST_STEP][PASSED] - setText(findTestObject(orPath_Amount + "/input__paymentAmount"), ""): Text '' is set on object 'Object Repository/RAD_Pages/PaymentAmount_Page/input__paymentAmount'

2024-02-03 22:50:01 - [MESSAGE][PASSED] - Text '' is set on object 'Object Repository/RAD_Pages/PaymentAmount_Page/input__paymentAmount'

2024-02-03 22:50:01 - [TEST_STEP][PASSED] - verifyTextPresent("The FEIN and Re-type FEIN do not match", true): Text 'The FEIN and Re-type FEIN do not match' is present on page  using regular expression

2024-02-03 22:50:02 - [MESSAGE][PASSED] - Text 'The FEIN and Re-type FEIN do not match' is present on page  using regular expression

2024-02-03 22:50:02 - [TEST_STEP][PASSED] - if (verifyTextPresent("The FEIN and Re-type FEIN do not match", true)): null

2024-02-03 22:50:02 - [MESSAGE][PASSED] - Text 'The FEIN and Re-type FEIN do not match' is present on page  using regular expression

2024-02-03 22:50:02 - [TEST_STEP][PASSED] - println("Error Message is present on the page"): null

2024-02-03 22:50:02 - [TEST_STEP][PASSED] - out.println("Pass Record Number: " + row): null

2024-02-03 22:50:02 - [TEST_STEP][PASSED] - resText = "Pass": null

2024-02-03 22:50:02 - [TEST_STEP][PASSED] - pages.WriteExcel.demoKey(resText, datText, resColumn, datCloumn, fileLoc, nameSheet, row): pages.WriteExcel.demoKey is PASSED

2024-02-03 22:50:02 - [MESSAGE][PASSED] - pages.WriteExcel.demoKey is PASSED

2024-02-03 22:50:02 - [TEST_STEP][PASSED] - ExecuteTC = findTestData(dataFile).getValue("Execute", row): null

2024-02-03 22:50:02 - [TEST_STEP][PASSED] - Taxtype = findTestData(dataFile).getValue("TaxType", row): null

2024-02-03 22:50:02 - [TEST_STEP][PASSED] - Paymenttype = findTestData(dataFile).getValue("PaymentType", row): null

2024-02-03 22:50:02 - [TEST_STEP][PASSED] - out.println("Value of Execute is : " + ExecuteTC): null

2024-02-03 22:50:02 - [TEST_STEP][PASSED] - if (ExecuteTC.equalsIgnoreCase("Y")): null

2024-02-03 22:50:02 - [TEST_STEP][PASSED] - out.println("Begin Record Number: " + row): null

2024-02-03 22:50:02 - [TEST_STEP][PASSED] - today = new java.util.Date(): null

2024-02-03 22:50:02 - [TEST_STEP][PASSED] - println(today): null

2024-02-03 22:50:02 - [TEST_STEP][PASSED] - datText = today: null

2024-02-03 22:50:02 - [TEST_STEP][PASSED] - Taxtype = findTestData(dataFile).getValue("TaxType", row): null

2024-02-03 22:50:02 - [TEST_STEP][PASSED] - out.println("Taxtype value is : " + Taxtype): null

2024-02-03 22:50:02 - [TEST_STEP][PASSED] - openBrowser(""): Browser is opened with url: ''

2024-02-03 22:50:02 - [MESSAGE][WARNING] - A browser is already opened. Closing browser and opening a new one

2024-02-03 22:50:03 - [MESSAGE][INFO] - Starting 'Chrome' driver

2024-02-03 22:50:03 - [MESSAGE][INFO] - User set preference: ['acceptInsecureCerts', 'true']

2024-02-03 22:50:03 - [MESSAGE][INFO] - Action delay is set to 0 milliseconds

2024-02-03 22:50:05 - [MESSAGE][PASSED] - Browser is opened with url: ''

2024-02-03 22:50:05 - [TEST_STEP][PASSED] - maximizeWindow(): Current window maximized

2024-02-03 22:50:05 - [MESSAGE][PASSED] - Current window maximized

2024-02-03 22:50:05 - [TEST_STEP][PASSED] - navigateToUrl(RADurl): Navigate to 'https://qa2.velocitypayment.com/client/rad/index.html' successfully

2024-02-03 22:50:05 - [MESSAGE][PASSED] - Navigate to 'https://qa2.velocitypayment.com/client/rad/index.html' successfully

2024-02-03 22:50:05 - [TEST_STEP][PASSED] - orPath_Landing = "Object Repository/RAD_Pages/Landing_Page": null

2024-02-03 22:50:05 - [TEST_STEP][PASSED] - orPath_TaxTypeFilingYear = "Object Repository/RAD_Pages/TaxTypeFilingYear_Page": null

2024-02-03 22:50:05 - [TEST_STEP][PASSED] - orPath_TaxPayer = "Object Repository/RAD_Pages/Taxpayer_Page": null

2024-02-03 22:50:05 - [TEST_STEP][PASSED] - orPath_AddressContact = "Object Repository/RAD_Pages/AddressAndContactInfo_Page": null

2024-02-03 22:50:05 - [TEST_STEP][PASSED] - orPath_FilingStatus = "Object Repository/RAD_Pages/FilingStatus_Page": null

2024-02-03 22:50:05 - [TEST_STEP][PASSED] - orPath_Amount = "Object Repository/RAD_Pages/PaymentAmount_Page": null

2024-02-03 22:50:05 - [TEST_STEP][PASSED] - orPath_TaxInfo = "Object Repository/RAD_Pages/TaxInfo_Page": null

2024-02-03 22:50:05 - [TEST_STEP][PASSED] - orPath_Withholding = "Object Repository/RAD_Pages/Withholding_Page": null

2024-02-03 22:50:05 - [TEST_STEP][PASSED] - orPath_Summary = "Object Repository/RAD_Pages/Summary_Page": null

2024-02-03 22:50:05 - [TEST_STEP][PASSED] - orPath_PaymentReady = "Object Repository/RAD_Pages/PaymentReady_Page": null

2024-02-03 22:50:05 - [TEST_STEP][PASSED] - orPath_PaymentEntry = "Object Repository/RAD_Pages/PaymentEntry_Page": null

2024-02-03 22:50:05 - [TEST_STEP][PASSED] - orPath_PaymentConfirmation = "Object Repository/RAD_Pages/PaymentConfirmation_Page": null

2024-02-03 22:50:05 - [TEST_STEP][PASSED] - orPath_ServiceFeesAccept = "Object Repository/RAD_Pages/ServiceFeeAccept_Page": null

2024-02-03 22:50:05 - [TEST_STEP][PASSED] - selectOptionByLabel(findTestObject(orPath_Landing + "/dd_TaxType"), Paymenttype, false): All options with label 'Existing Liability w/Notice Number' are selected in object 'Object Repository/RAD_Pages/Landing_Page/dd_TaxType' 

2024-02-03 22:50:07 - [MESSAGE][PASSED] - All options with label 'Existing Liability w/Notice Number' are selected in object 'Object Repository/RAD_Pages/Landing_Page/dd_TaxType' 

2024-02-03 22:50:07 - [TEST_STEP][PASSED] - delay(1): Delayed 1 second(s)

2024-02-03 22:50:08 - [MESSAGE][PASSED] - Delayed 1 second(s)

2024-02-03 22:50:08 - [TEST_STEP][PASSED] - switch (Paymenttype): null

2024-02-03 22:50:08 - [TEST_STEP][PASSED] - case "Existing Liability w/Notice Number":: null

2024-02-03 22:50:08 - [TEST_STEP][PASSED] - selectOptionByLabel(findTestObject(orPath_TaxTypeFilingYear + "/select_TaxType_ExistingLiability"), Taxtype, false): All options with label 'Admissions and Amusement Tax' are selected in object 'Object Repository/RAD_Pages/TaxTypeFilingYear_Page/select_TaxType_ExistingLiability' 

2024-02-03 22:50:09 - [MESSAGE][PASSED] - All options with label 'Admissions and Amusement Tax' are selected in object 'Object Repository/RAD_Pages/TaxTypeFilingYear_Page/select_TaxType_ExistingLiability' 

2024-02-03 22:50:09 - [TEST_STEP][PASSED] - break: null

2024-02-03 22:50:09 - [TEST_STEP][PASSED] - delay(1): Delayed 1 second(s)

2024-02-03 22:50:10 - [MESSAGE][PASSED] - Delayed 1 second(s)

2024-02-03 22:50:10 - [TEST_STEP][PASSED] - scrollToElement(findTestObject(orPath_Amount + "/input__paymentAmount"), 2, CONTINUE_ON_FAILURE): Scroll to object 'Object Repository/RAD_Pages/PaymentAmount_Page/input__paymentAmount' successfully

2024-02-03 22:50:10 - [MESSAGE][PASSED] - Scroll to object 'Object Repository/RAD_Pages/PaymentAmount_Page/input__paymentAmount' successfully

2024-02-03 22:50:10 - [TEST_STEP][PASSED] - switch (Paymenttype): null

2024-02-03 22:50:10 - [TEST_STEP][PASSED] - case "Existing Liability w/Notice Number":: null

2024-02-03 22:50:10 - [TEST_STEP][PASSED] - setEncryptedText(findTestObject("Object Repository/RAD_RecordAndPlay/input_Existing_FEIN"), "RigbBhfdqODKcAsiUrg+1Q=="): Text ****** has been set on object 'Object Repository/RAD_RecordAndPlay/input_Existing_FEIN'

2024-02-03 22:50:11 - [MESSAGE][PASSED] - Text ****** has been set on object 'Object Repository/RAD_RecordAndPlay/input_Existing_FEIN'

2024-02-03 22:50:11 - [TEST_STEP][PASSED] - setEncryptedText(findTestObject("Object Repository/RAD_RecordAndPlay/input_Existing_RetypeFEIN"), "RigbBhfdqOBBGbZqm4oFJQ=="): Text ****** has been set on object 'Object Repository/RAD_RecordAndPlay/input_Existing_RetypeFEIN'

2024-02-03 22:50:12 - [MESSAGE][PASSED] - Text ****** has been set on object 'Object Repository/RAD_RecordAndPlay/input_Existing_RetypeFEIN'

2024-02-03 22:50:12 - [TEST_STEP][PASSED] - break: null

2024-02-03 22:50:12 - [TEST_STEP][PASSED] - setText(findTestObject(orPath_Amount + "/input__paymentAmount"), ""): Text '' is set on object 'Object Repository/RAD_Pages/PaymentAmount_Page/input__paymentAmount'

2024-02-03 22:50:12 - [MESSAGE][PASSED] - Text '' is set on object 'Object Repository/RAD_Pages/PaymentAmount_Page/input__paymentAmount'

2024-02-03 22:50:12 - [TEST_STEP][PASSED] - verifyTextPresent("The FEIN and Re-type FEIN do not match", true): Text 'The FEIN and Re-type FEIN do not match' is present on page  using regular expression

2024-02-03 22:50:13 - [MESSAGE][PASSED] - Text 'The FEIN and Re-type FEIN do not match' is present on page  using regular expression

2024-02-03 22:50:13 - [TEST_STEP][PASSED] - if (verifyTextPresent("The FEIN and Re-type FEIN do not match", true)): null

2024-02-03 22:50:13 - [MESSAGE][PASSED] - Text 'The FEIN and Re-type FEIN do not match' is present on page  using regular expression

2024-02-03 22:50:13 - [TEST_STEP][PASSED] - println("Error Message is present on the page"): null

2024-02-03 22:50:13 - [TEST_STEP][PASSED] - out.println("Pass Record Number: " + row): null

2024-02-03 22:50:13 - [TEST_STEP][PASSED] - resText = "Pass": null

2024-02-03 22:50:13 - [TEST_STEP][PASSED] - pages.WriteExcel.demoKey(resText, datText, resColumn, datCloumn, fileLoc, nameSheet, row): pages.WriteExcel.demoKey is PASSED

2024-02-03 22:50:13 - [MESSAGE][PASSED] - pages.WriteExcel.demoKey is PASSED

2024-02-03 22:50:13 - [TEST_STEP][PASSED] - ExecuteTC = findTestData(dataFile).getValue("Execute", row): null

2024-02-03 22:50:13 - [TEST_STEP][PASSED] - Taxtype = findTestData(dataFile).getValue("TaxType", row): null

2024-02-03 22:50:13 - [TEST_STEP][PASSED] - Paymenttype = findTestData(dataFile).getValue("PaymentType", row): null

2024-02-03 22:50:13 - [TEST_STEP][PASSED] - out.println("Value of Execute is : " + ExecuteTC): null

2024-02-03 22:50:13 - [TEST_STEP][PASSED] - if (ExecuteTC.equalsIgnoreCase("Y")): null

2024-02-03 22:50:13 - [TEST_STEP][PASSED] - out.println("Begin Record Number: " + row): null

2024-02-03 22:50:13 - [TEST_STEP][PASSED] - today = new java.util.Date(): null

2024-02-03 22:50:13 - [TEST_STEP][PASSED] - println(today): null

2024-02-03 22:50:13 - [TEST_STEP][PASSED] - datText = today: null

2024-02-03 22:50:13 - [TEST_STEP][PASSED] - Taxtype = findTestData(dataFile).getValue("TaxType", row): null

2024-02-03 22:50:14 - [TEST_STEP][PASSED] - out.println("Taxtype value is : " + Taxtype): null

2024-02-03 22:50:14 - [TEST_STEP][PASSED] - openBrowser(""): Browser is opened with url: ''

2024-02-03 22:50:14 - [MESSAGE][WARNING] - A browser is already opened. Closing browser and opening a new one

2024-02-03 22:50:15 - [MESSAGE][INFO] - Starting 'Chrome' driver

2024-02-03 22:50:15 - [MESSAGE][INFO] - User set preference: ['acceptInsecureCerts', 'true']

2024-02-03 22:50:15 - [MESSAGE][INFO] - Action delay is set to 0 milliseconds

2024-02-03 22:50:16 - [MESSAGE][PASSED] - Browser is opened with url: ''

2024-02-03 22:50:16 - [TEST_STEP][PASSED] - maximizeWindow(): Current window maximized

2024-02-03 22:50:16 - [MESSAGE][PASSED] - Current window maximized

2024-02-03 22:50:16 - [TEST_STEP][PASSED] - navigateToUrl(RADurl): Navigate to 'https://qa2.velocitypayment.com/client/rad/index.html' successfully

2024-02-03 22:50:17 - [MESSAGE][PASSED] - Navigate to 'https://qa2.velocitypayment.com/client/rad/index.html' successfully

2024-02-03 22:50:17 - [TEST_STEP][PASSED] - orPath_Landing = "Object Repository/RAD_Pages/Landing_Page": null

2024-02-03 22:50:17 - [TEST_STEP][PASSED] - orPath_TaxTypeFilingYear = "Object Repository/RAD_Pages/TaxTypeFilingYear_Page": null

2024-02-03 22:50:17 - [TEST_STEP][PASSED] - orPath_TaxPayer = "Object Repository/RAD_Pages/Taxpayer_Page": null

2024-02-03 22:50:17 - [TEST_STEP][PASSED] - orPath_AddressContact = "Object Repository/RAD_Pages/AddressAndContactInfo_Page": null

2024-02-03 22:50:17 - [TEST_STEP][PASSED] - orPath_FilingStatus = "Object Repository/RAD_Pages/FilingStatus_Page": null

2024-02-03 22:50:17 - [TEST_STEP][PASSED] - orPath_Amount = "Object Repository/RAD_Pages/PaymentAmount_Page": null

2024-02-03 22:50:17 - [TEST_STEP][PASSED] - orPath_TaxInfo = "Object Repository/RAD_Pages/TaxInfo_Page": null

2024-02-03 22:50:17 - [TEST_STEP][PASSED] - orPath_Withholding = "Object Repository/RAD_Pages/Withholding_Page": null

2024-02-03 22:50:17 - [TEST_STEP][PASSED] - orPath_Summary = "Object Repository/RAD_Pages/Summary_Page": null

2024-02-03 22:50:17 - [TEST_STEP][PASSED] - orPath_PaymentReady = "Object Repository/RAD_Pages/PaymentReady_Page": null

2024-02-03 22:50:17 - [TEST_STEP][PASSED] - orPath_PaymentEntry = "Object Repository/RAD_Pages/PaymentEntry_Page": null

2024-02-03 22:50:17 - [TEST_STEP][PASSED] - orPath_PaymentConfirmation = "Object Repository/RAD_Pages/PaymentConfirmation_Page": null

2024-02-03 22:50:17 - [TEST_STEP][PASSED] - orPath_ServiceFeesAccept = "Object Repository/RAD_Pages/ServiceFeeAccept_Page": null

2024-02-03 22:50:17 - [TEST_STEP][PASSED] - selectOptionByLabel(findTestObject(orPath_Landing + "/dd_TaxType"), Paymenttype, false): All options with label 'Existing Liability w/Notice Number' are selected in object 'Object Repository/RAD_Pages/Landing_Page/dd_TaxType' 

2024-02-03 22:50:19 - [MESSAGE][PASSED] - All options with label 'Existing Liability w/Notice Number' are selected in object 'Object Repository/RAD_Pages/Landing_Page/dd_TaxType' 

2024-02-03 22:50:19 - [TEST_STEP][PASSED] - delay(1): Delayed 1 second(s)

2024-02-03 22:50:20 - [MESSAGE][PASSED] - Delayed 1 second(s)

2024-02-03 22:50:20 - [TEST_STEP][PASSED] - switch (Paymenttype): null

2024-02-03 22:50:20 - [TEST_STEP][PASSED] - case "Existing Liability w/Notice Number":: null

2024-02-03 22:50:20 - [TEST_STEP][PASSED] - selectOptionByLabel(findTestObject(orPath_TaxTypeFilingYear + "/select_TaxType_ExistingLiability"), Taxtype, false): All options with label 'Motor Fuel Tax' are selected in object 'Object Repository/RAD_Pages/TaxTypeFilingYear_Page/select_TaxType_ExistingLiability' 

2024-02-03 22:50:21 - [MESSAGE][PASSED] - All options with label 'Motor Fuel Tax' are selected in object 'Object Repository/RAD_Pages/TaxTypeFilingYear_Page/select_TaxType_ExistingLiability' 

2024-02-03 22:50:21 - [TEST_STEP][PASSED] - break: null

2024-02-03 22:50:21 - [TEST_STEP][PASSED] - delay(1): Delayed 1 second(s)

2024-02-03 22:50:22 - [MESSAGE][PASSED] - Delayed 1 second(s)

2024-02-03 22:50:22 - [TEST_STEP][PASSED] - scrollToElement(findTestObject(orPath_Amount + "/input__paymentAmount"), 2, CONTINUE_ON_FAILURE): Scroll to object 'Object Repository/RAD_Pages/PaymentAmount_Page/input__paymentAmount' successfully

2024-02-03 22:50:22 - [MESSAGE][PASSED] - Scroll to object 'Object Repository/RAD_Pages/PaymentAmount_Page/input__paymentAmount' successfully

2024-02-03 22:50:22 - [TEST_STEP][PASSED] - switch (Paymenttype): null

2024-02-03 22:50:22 - [TEST_STEP][PASSED] - case "Existing Liability w/Notice Number":: null

2024-02-03 22:50:22 - [TEST_STEP][PASSED] - setEncryptedText(findTestObject("Object Repository/RAD_RecordAndPlay/input_Existing_FEIN"), "RigbBhfdqODKcAsiUrg+1Q=="): Text ****** has been set on object 'Object Repository/RAD_RecordAndPlay/input_Existing_FEIN'

2024-02-03 22:50:22 - [MESSAGE][PASSED] - Text ****** has been set on object 'Object Repository/RAD_RecordAndPlay/input_Existing_FEIN'

2024-02-03 22:50:22 - [TEST_STEP][PASSED] - setEncryptedText(findTestObject("Object Repository/RAD_RecordAndPlay/input_Existing_RetypeFEIN"), "RigbBhfdqOBBGbZqm4oFJQ=="): Text ****** has been set on object 'Object Repository/RAD_RecordAndPlay/input_Existing_RetypeFEIN'

2024-02-03 22:50:23 - [MESSAGE][PASSED] - Text ****** has been set on object 'Object Repository/RAD_RecordAndPlay/input_Existing_RetypeFEIN'

2024-02-03 22:50:23 - [TEST_STEP][PASSED] - break: null

2024-02-03 22:50:23 - [TEST_STEP][PASSED] - setText(findTestObject(orPath_Amount + "/input__paymentAmount"), ""): Text '' is set on object 'Object Repository/RAD_Pages/PaymentAmount_Page/input__paymentAmount'

2024-02-03 22:50:24 - [MESSAGE][PASSED] - Text '' is set on object 'Object Repository/RAD_Pages/PaymentAmount_Page/input__paymentAmount'

2024-02-03 22:50:24 - [TEST_STEP][PASSED] - verifyTextPresent("The FEIN and Re-type FEIN do not match", true): Text 'The FEIN and Re-type FEIN do not match' is present on page  using regular expression

2024-02-03 22:50:24 - [MESSAGE][PASSED] - Text 'The FEIN and Re-type FEIN do not match' is present on page  using regular expression

2024-02-03 22:50:24 - [TEST_STEP][PASSED] - if (verifyTextPresent("The FEIN and Re-type FEIN do not match", true)): null

2024-02-03 22:50:25 - [MESSAGE][PASSED] - Text 'The FEIN and Re-type FEIN do not match' is present on page  using regular expression

2024-02-03 22:50:25 - [TEST_STEP][PASSED] - println("Error Message is present on the page"): null

2024-02-03 22:50:25 - [TEST_STEP][PASSED] - out.println("Pass Record Number: " + row): null

2024-02-03 22:50:25 - [TEST_STEP][PASSED] - resText = "Pass": null

2024-02-03 22:50:25 - [TEST_STEP][PASSED] - pages.WriteExcel.demoKey(resText, datText, resColumn, datCloumn, fileLoc, nameSheet, row): pages.WriteExcel.demoKey is PASSED

2024-02-03 22:50:25 - [MESSAGE][PASSED] - pages.WriteExcel.demoKey is PASSED

2024-02-03 22:50:25 - [TEST_STEP][PASSED] - ExecuteTC = findTestData(dataFile).getValue("Execute", row): null

2024-02-03 22:50:25 - [TEST_STEP][PASSED] - Taxtype = findTestData(dataFile).getValue("TaxType", row): null

2024-02-03 22:50:25 - [TEST_STEP][PASSED] - Paymenttype = findTestData(dataFile).getValue("PaymentType", row): null

2024-02-03 22:50:25 - [TEST_STEP][PASSED] - out.println("Value of Execute is : " + ExecuteTC): null

2024-02-03 22:50:25 - [TEST_STEP][PASSED] - if (ExecuteTC.equalsIgnoreCase("Y")): null

2024-02-03 22:50:25 - [TEST_STEP][PASSED] - out.println("Begin Record Number: " + row): null

2024-02-03 22:50:25 - [TEST_STEP][PASSED] - today = new java.util.Date(): null

2024-02-03 22:50:25 - [TEST_STEP][PASSED] - println(today): null

2024-02-03 22:50:25 - [TEST_STEP][PASSED] - datText = today: null

2024-02-03 22:50:25 - [TEST_STEP][PASSED] - Taxtype = findTestData(dataFile).getValue("TaxType", row): null

2024-02-03 22:50:25 - [TEST_STEP][PASSED] - out.println("Taxtype value is : " + Taxtype): null

2024-02-03 22:50:25 - [TEST_STEP][PASSED] - openBrowser(""): Browser is opened with url: ''

2024-02-03 22:50:25 - [MESSAGE][WARNING] - A browser is already opened. Closing browser and opening a new one

2024-02-03 22:50:26 - [MESSAGE][INFO] - Starting 'Chrome' driver

2024-02-03 22:50:26 - [MESSAGE][INFO] - User set preference: ['acceptInsecureCerts', 'true']

2024-02-03 22:50:26 - [MESSAGE][INFO] - Action delay is set to 0 milliseconds

2024-02-03 22:50:28 - [MESSAGE][PASSED] - Browser is opened with url: ''

2024-02-03 22:50:28 - [TEST_STEP][PASSED] - maximizeWindow(): Current window maximized

2024-02-03 22:50:28 - [MESSAGE][PASSED] - Current window maximized

2024-02-03 22:50:28 - [TEST_STEP][PASSED] - navigateToUrl(RADurl): Navigate to 'https://qa2.velocitypayment.com/client/rad/index.html' successfully

2024-02-03 22:50:30 - [MESSAGE][PASSED] - Navigate to 'https://qa2.velocitypayment.com/client/rad/index.html' successfully

2024-02-03 22:50:30 - [TEST_STEP][PASSED] - orPath_Landing = "Object Repository/RAD_Pages/Landing_Page": null

2024-02-03 22:50:30 - [TEST_STEP][PASSED] - orPath_TaxTypeFilingYear = "Object Repository/RAD_Pages/TaxTypeFilingYear_Page": null

2024-02-03 22:50:30 - [TEST_STEP][PASSED] - orPath_TaxPayer = "Object Repository/RAD_Pages/Taxpayer_Page": null

2024-02-03 22:50:30 - [TEST_STEP][PASSED] - orPath_AddressContact = "Object Repository/RAD_Pages/AddressAndContactInfo_Page": null

2024-02-03 22:50:30 - [TEST_STEP][PASSED] - orPath_FilingStatus = "Object Repository/RAD_Pages/FilingStatus_Page": null

2024-02-03 22:50:30 - [TEST_STEP][PASSED] - orPath_Amount = "Object Repository/RAD_Pages/PaymentAmount_Page": null

2024-02-03 22:50:30 - [TEST_STEP][PASSED] - orPath_TaxInfo = "Object Repository/RAD_Pages/TaxInfo_Page": null

2024-02-03 22:50:30 - [TEST_STEP][PASSED] - orPath_Withholding = "Object Repository/RAD_Pages/Withholding_Page": null

2024-02-03 22:50:30 - [TEST_STEP][PASSED] - orPath_Summary = "Object Repository/RAD_Pages/Summary_Page": null

2024-02-03 22:50:30 - [TEST_STEP][PASSED] - orPath_PaymentReady = "Object Repository/RAD_Pages/PaymentReady_Page": null

2024-02-03 22:50:30 - [TEST_STEP][PASSED] - orPath_PaymentEntry = "Object Repository/RAD_Pages/PaymentEntry_Page": null

2024-02-03 22:50:30 - [TEST_STEP][PASSED] - orPath_PaymentConfirmation = "Object Repository/RAD_Pages/PaymentConfirmation_Page": null

2024-02-03 22:50:30 - [TEST_STEP][PASSED] - orPath_ServiceFeesAccept = "Object Repository/RAD_Pages/ServiceFeeAccept_Page": null

2024-02-03 22:50:30 - [TEST_STEP][PASSED] - selectOptionByLabel(findTestObject(orPath_Landing + "/dd_TaxType"), Paymenttype, false): All options with label 'Existing Liability w/Notice Number' are selected in object 'Object Repository/RAD_Pages/Landing_Page/dd_TaxType' 

2024-02-03 22:50:31 - [MESSAGE][PASSED] - All options with label 'Existing Liability w/Notice Number' are selected in object 'Object Repository/RAD_Pages/Landing_Page/dd_TaxType' 

2024-02-03 22:50:31 - [TEST_STEP][PASSED] - delay(1): Delayed 1 second(s)

2024-02-03 22:50:32 - [MESSAGE][PASSED] - Delayed 1 second(s)

2024-02-03 22:50:32 - [TEST_STEP][PASSED] - switch (Paymenttype): null

2024-02-03 22:50:32 - [TEST_STEP][PASSED] - case "Existing Liability w/Notice Number":: null

2024-02-03 22:50:32 - [TEST_STEP][PASSED] - selectOptionByLabel(findTestObject(orPath_TaxTypeFilingYear + "/select_TaxType_ExistingLiability"), Taxtype, false): All options with label 'Slots License Fee' are selected in object 'Object Repository/RAD_Pages/TaxTypeFilingYear_Page/select_TaxType_ExistingLiability' 

2024-02-03 22:50:32 - [MESSAGE][PASSED] - All options with label 'Slots License Fee' are selected in object 'Object Repository/RAD_Pages/TaxTypeFilingYear_Page/select_TaxType_ExistingLiability' 

2024-02-03 22:50:32 - [TEST_STEP][PASSED] - break: null

2024-02-03 22:50:32 - [TEST_STEP][PASSED] - delay(1): Delayed 1 second(s)

2024-02-03 22:50:33 - [MESSAGE][PASSED] - Delayed 1 second(s)

2024-02-03 22:50:33 - [TEST_STEP][PASSED] - scrollToElement(findTestObject(orPath_Amount + "/input__paymentAmount"), 2, CONTINUE_ON_FAILURE): Scroll to object 'Object Repository/RAD_Pages/PaymentAmount_Page/input__paymentAmount' successfully

2024-02-03 22:50:34 - [MESSAGE][PASSED] - Scroll to object 'Object Repository/RAD_Pages/PaymentAmount_Page/input__paymentAmount' successfully

2024-02-03 22:50:34 - [TEST_STEP][PASSED] - switch (Paymenttype): null

2024-02-03 22:50:34 - [TEST_STEP][PASSED] - case "Existing Liability w/Notice Number":: null

2024-02-03 22:50:34 - [TEST_STEP][PASSED] - setEncryptedText(findTestObject("Object Repository/RAD_RecordAndPlay/input_Existing_FEIN"), "RigbBhfdqODKcAsiUrg+1Q=="): Text ****** has been set on object 'Object Repository/RAD_RecordAndPlay/input_Existing_FEIN'

2024-02-03 22:50:34 - [MESSAGE][PASSED] - Text ****** has been set on object 'Object Repository/RAD_RecordAndPlay/input_Existing_FEIN'

2024-02-03 22:50:34 - [TEST_STEP][PASSED] - setEncryptedText(findTestObject("Object Repository/RAD_RecordAndPlay/input_Existing_RetypeFEIN"), "RigbBhfdqOBBGbZqm4oFJQ=="): Text ****** has been set on object 'Object Repository/RAD_RecordAndPlay/input_Existing_RetypeFEIN'

2024-02-03 22:50:35 - [MESSAGE][PASSED] - Text ****** has been set on object 'Object Repository/RAD_RecordAndPlay/input_Existing_RetypeFEIN'

2024-02-03 22:50:35 - [TEST_STEP][PASSED] - break: null

2024-02-03 22:50:35 - [TEST_STEP][PASSED] - setText(findTestObject(orPath_Amount + "/input__paymentAmount"), ""): Text '' is set on object 'Object Repository/RAD_Pages/PaymentAmount_Page/input__paymentAmount'

2024-02-03 22:50:36 - [MESSAGE][PASSED] - Text '' is set on object 'Object Repository/RAD_Pages/PaymentAmount_Page/input__paymentAmount'

2024-02-03 22:50:36 - [TEST_STEP][PASSED] - verifyTextPresent("The FEIN and Re-type FEIN do not match", true): Text 'The FEIN and Re-type FEIN do not match' is present on page  using regular expression

2024-02-03 22:50:36 - [MESSAGE][PASSED] - Text 'The FEIN and Re-type FEIN do not match' is present on page  using regular expression

2024-02-03 22:50:36 - [TEST_STEP][PASSED] - if (verifyTextPresent("The FEIN and Re-type FEIN do not match", true)): null

2024-02-03 22:50:37 - [MESSAGE][PASSED] - Text 'The FEIN and Re-type FEIN do not match' is present on page  using regular expression

2024-02-03 22:50:37 - [TEST_STEP][PASSED] - println("Error Message is present on the page"): null

2024-02-03 22:50:37 - [TEST_STEP][PASSED] - out.println("Pass Record Number: " + row): null

2024-02-03 22:50:37 - [TEST_STEP][PASSED] - resText = "Pass": null

2024-02-03 22:50:37 - [TEST_STEP][PASSED] - pages.WriteExcel.demoKey(resText, datText, resColumn, datCloumn, fileLoc, nameSheet, row): pages.WriteExcel.demoKey is PASSED

2024-02-03 22:50:37 - [MESSAGE][PASSED] - pages.WriteExcel.demoKey is PASSED

2024-02-03 22:50:37 - [TEST_STEP][PASSED] - ExecuteTC = findTestData(dataFile).getValue("Execute", row): null

2024-02-03 22:50:37 - [TEST_STEP][PASSED] - Taxtype = findTestData(dataFile).getValue("TaxType", row): null

2024-02-03 22:50:37 - [TEST_STEP][PASSED] - Paymenttype = findTestData(dataFile).getValue("PaymentType", row): null

2024-02-03 22:50:37 - [TEST_STEP][PASSED] - out.println("Value of Execute is : " + ExecuteTC): null

2024-02-03 22:50:37 - [TEST_STEP][PASSED] - if (ExecuteTC.equalsIgnoreCase("Y")): null

2024-02-03 22:50:37 - [TEST_STEP][PASSED] - out.println("Begin Record Number: " + row): null

2024-02-03 22:50:37 - [TEST_STEP][PASSED] - today = new java.util.Date(): null

2024-02-03 22:50:37 - [TEST_STEP][PASSED] - println(today): null

2024-02-03 22:50:37 - [TEST_STEP][PASSED] - datText = today: null

2024-02-03 22:50:37 - [TEST_STEP][PASSED] - Taxtype = findTestData(dataFile).getValue("TaxType", row): null

2024-02-03 22:50:37 - [TEST_STEP][PASSED] - out.println("Taxtype value is : " + Taxtype): null

2024-02-03 22:50:37 - [TEST_STEP][PASSED] - openBrowser(""): Browser is opened with url: ''

2024-02-03 22:50:37 - [MESSAGE][WARNING] - A browser is already opened. Closing browser and opening a new one

2024-02-03 22:50:38 - [MESSAGE][INFO] - Starting 'Chrome' driver

2024-02-03 22:50:38 - [MESSAGE][INFO] - User set preference: ['acceptInsecureCerts', 'true']

2024-02-03 22:50:38 - [MESSAGE][INFO] - Action delay is set to 0 milliseconds

2024-02-03 22:50:40 - [MESSAGE][PASSED] - Browser is opened with url: ''

2024-02-03 22:50:40 - [TEST_STEP][PASSED] - maximizeWindow(): Current window maximized

2024-02-03 22:50:40 - [MESSAGE][PASSED] - Current window maximized

2024-02-03 22:50:40 - [TEST_STEP][PASSED] - navigateToUrl(RADurl): Navigate to 'https://qa2.velocitypayment.com/client/rad/index.html' successfully

2024-02-03 22:50:42 - [MESSAGE][PASSED] - Navigate to 'https://qa2.velocitypayment.com/client/rad/index.html' successfully

2024-02-03 22:50:42 - [TEST_STEP][PASSED] - orPath_Landing = "Object Repository/RAD_Pages/Landing_Page": null

2024-02-03 22:50:42 - [TEST_STEP][PASSED] - orPath_TaxTypeFilingYear = "Object Repository/RAD_Pages/TaxTypeFilingYear_Page": null

2024-02-03 22:50:42 - [TEST_STEP][PASSED] - orPath_TaxPayer = "Object Repository/RAD_Pages/Taxpayer_Page": null

2024-02-03 22:50:42 - [TEST_STEP][PASSED] - orPath_AddressContact = "Object Repository/RAD_Pages/AddressAndContactInfo_Page": null

2024-02-03 22:50:42 - [TEST_STEP][PASSED] - orPath_FilingStatus = "Object Repository/RAD_Pages/FilingStatus_Page": null

2024-02-03 22:50:42 - [TEST_STEP][PASSED] - orPath_Amount = "Object Repository/RAD_Pages/PaymentAmount_Page": null

2024-02-03 22:50:42 - [TEST_STEP][PASSED] - orPath_TaxInfo = "Object Repository/RAD_Pages/TaxInfo_Page": null

2024-02-03 22:50:42 - [TEST_STEP][PASSED] - orPath_Withholding = "Object Repository/RAD_Pages/Withholding_Page": null

2024-02-03 22:50:42 - [TEST_STEP][PASSED] - orPath_Summary = "Object Repository/RAD_Pages/Summary_Page": null

2024-02-03 22:50:42 - [TEST_STEP][PASSED] - orPath_PaymentReady = "Object Repository/RAD_Pages/PaymentReady_Page": null

2024-02-03 22:50:42 - [TEST_STEP][PASSED] - orPath_PaymentEntry = "Object Repository/RAD_Pages/PaymentEntry_Page": null

2024-02-03 22:50:42 - [TEST_STEP][PASSED] - orPath_PaymentConfirmation = "Object Repository/RAD_Pages/PaymentConfirmation_Page": null

2024-02-03 22:50:42 - [TEST_STEP][PASSED] - orPath_ServiceFeesAccept = "Object Repository/RAD_Pages/ServiceFeeAccept_Page": null

2024-02-03 22:50:42 - [TEST_STEP][PASSED] - selectOptionByLabel(findTestObject(orPath_Landing + "/dd_TaxType"), Paymenttype, false): All options with label 'Existing Liability w/Notice Number' are selected in object 'Object Repository/RAD_Pages/Landing_Page/dd_TaxType' 

2024-02-03 22:50:42 - [MESSAGE][PASSED] - All options with label 'Existing Liability w/Notice Number' are selected in object 'Object Repository/RAD_Pages/Landing_Page/dd_TaxType' 

2024-02-03 22:50:42 - [TEST_STEP][PASSED] - delay(1): Delayed 1 second(s)

2024-02-03 22:50:43 - [MESSAGE][PASSED] - Delayed 1 second(s)

2024-02-03 22:50:43 - [TEST_STEP][PASSED] - switch (Paymenttype): null

2024-02-03 22:50:43 - [TEST_STEP][PASSED] - case "Existing Liability w/Notice Number":: null

2024-02-03 22:50:43 - [TEST_STEP][PASSED] - selectOptionByLabel(findTestObject(orPath_TaxTypeFilingYear + "/select_TaxType_ExistingLiability"), Taxtype, false): All options with label 'Transportation Network Services' are selected in object 'Object Repository/RAD_Pages/TaxTypeFilingYear_Page/select_TaxType_ExistingLiability' 

2024-02-03 22:50:44 - [MESSAGE][PASSED] - All options with label 'Transportation Network Services' are selected in object 'Object Repository/RAD_Pages/TaxTypeFilingYear_Page/select_TaxType_ExistingLiability' 

2024-02-03 22:50:44 - [TEST_STEP][PASSED] - break: null

2024-02-03 22:50:44 - [TEST_STEP][PASSED] - delay(1): Delayed 1 second(s)

2024-02-03 22:50:45 - [MESSAGE][PASSED] - Delayed 1 second(s)

2024-02-03 22:50:45 - [TEST_STEP][PASSED] - scrollToElement(findTestObject(orPath_Amount + "/input__paymentAmount"), 2, CONTINUE_ON_FAILURE): Scroll to object 'Object Repository/RAD_Pages/PaymentAmount_Page/input__paymentAmount' successfully

2024-02-03 22:50:45 - [MESSAGE][PASSED] - Scroll to object 'Object Repository/RAD_Pages/PaymentAmount_Page/input__paymentAmount' successfully

2024-02-03 22:50:45 - [TEST_STEP][PASSED] - switch (Paymenttype): null

2024-02-03 22:50:45 - [TEST_STEP][PASSED] - case "Existing Liability w/Notice Number":: null

2024-02-03 22:50:45 - [TEST_STEP][PASSED] - setEncryptedText(findTestObject("Object Repository/RAD_RecordAndPlay/input_Existing_FEIN"), "RigbBhfdqODKcAsiUrg+1Q=="): Text ****** has been set on object 'Object Repository/RAD_RecordAndPlay/input_Existing_FEIN'

2024-02-03 22:50:46 - [MESSAGE][PASSED] - Text ****** has been set on object 'Object Repository/RAD_RecordAndPlay/input_Existing_FEIN'

2024-02-03 22:50:46 - [TEST_STEP][PASSED] - setEncryptedText(findTestObject("Object Repository/RAD_RecordAndPlay/input_Existing_RetypeFEIN"), "RigbBhfdqOBBGbZqm4oFJQ=="): Text ****** has been set on object 'Object Repository/RAD_RecordAndPlay/input_Existing_RetypeFEIN'

2024-02-03 22:50:46 - [MESSAGE][PASSED] - Text ****** has been set on object 'Object Repository/RAD_RecordAndPlay/input_Existing_RetypeFEIN'

2024-02-03 22:50:46 - [TEST_STEP][PASSED] - break: null

2024-02-03 22:50:46 - [TEST_STEP][PASSED] - setText(findTestObject(orPath_Amount + "/input__paymentAmount"), ""): Text '' is set on object 'Object Repository/RAD_Pages/PaymentAmount_Page/input__paymentAmount'

2024-02-03 22:50:47 - [MESSAGE][PASSED] - Text '' is set on object 'Object Repository/RAD_Pages/PaymentAmount_Page/input__paymentAmount'

2024-02-03 22:50:47 - [TEST_STEP][PASSED] - verifyTextPresent("The FEIN and Re-type FEIN do not match", true): Text 'The FEIN and Re-type FEIN do not match' is present on page  using regular expression

2024-02-03 22:50:48 - [MESSAGE][PASSED] - Text 'The FEIN and Re-type FEIN do not match' is present on page  using regular expression

2024-02-03 22:50:48 - [TEST_STEP][PASSED] - if (verifyTextPresent("The FEIN and Re-type FEIN do not match", true)): null

2024-02-03 22:50:48 - [MESSAGE][PASSED] - Text 'The FEIN and Re-type FEIN do not match' is present on page  using regular expression

2024-02-03 22:50:48 - [TEST_STEP][PASSED] - println("Error Message is present on the page"): null

2024-02-03 22:50:48 - [TEST_STEP][PASSED] - out.println("Pass Record Number: " + row): null

2024-02-03 22:50:48 - [TEST_STEP][PASSED] - resText = "Pass": null

2024-02-03 22:50:48 - [TEST_STEP][PASSED] - pages.WriteExcel.demoKey(resText, datText, resColumn, datCloumn, fileLoc, nameSheet, row): pages.WriteExcel.demoKey is PASSED

2024-02-03 22:50:48 - [MESSAGE][PASSED] - pages.WriteExcel.demoKey is PASSED

2024-02-03 22:50:48 - [TEST_STEP][PASSED] - ExecuteTC = findTestData(dataFile).getValue("Execute", row): null

2024-02-03 22:50:48 - [TEST_STEP][PASSED] - Taxtype = findTestData(dataFile).getValue("TaxType", row): null

2024-02-03 22:50:48 - [TEST_STEP][PASSED] - Paymenttype = findTestData(dataFile).getValue("PaymentType", row): null

2024-02-03 22:50:48 - [TEST_STEP][PASSED] - out.println("Value of Execute is : " + ExecuteTC): null

2024-02-03 22:50:48 - [TEST_STEP][PASSED] - if (ExecuteTC.equalsIgnoreCase("Y")): null

2024-02-03 22:50:48 - [TEST_STEP][PASSED] - out.println("Begin Record Number: " + row): null

2024-02-03 22:50:48 - [TEST_STEP][PASSED] - today = new java.util.Date(): null

2024-02-03 22:50:48 - [TEST_STEP][PASSED] - println(today): null

2024-02-03 22:50:48 - [TEST_STEP][PASSED] - datText = today: null

2024-02-03 22:50:48 - [TEST_STEP][PASSED] - Taxtype = findTestData(dataFile).getValue("TaxType", row): null

2024-02-03 22:50:48 - [TEST_STEP][PASSED] - out.println("Taxtype value is : " + Taxtype): null

2024-02-03 22:50:48 - [TEST_STEP][PASSED] - openBrowser(""): Browser is opened with url: ''

2024-02-03 22:50:48 - [MESSAGE][WARNING] - A browser is already opened. Closing browser and opening a new one

2024-02-03 22:50:49 - [MESSAGE][INFO] - Starting 'Chrome' driver

2024-02-03 22:50:49 - [MESSAGE][INFO] - User set preference: ['acceptInsecureCerts', 'true']

2024-02-03 22:50:49 - [MESSAGE][INFO] - Action delay is set to 0 milliseconds

2024-02-03 22:50:51 - [MESSAGE][PASSED] - Browser is opened with url: ''

2024-02-03 22:50:51 - [TEST_STEP][PASSED] - maximizeWindow(): Current window maximized

2024-02-03 22:50:51 - [MESSAGE][PASSED] - Current window maximized

2024-02-03 22:50:51 - [TEST_STEP][PASSED] - navigateToUrl(RADurl): Navigate to 'https://qa2.velocitypayment.com/client/rad/index.html' successfully

2024-02-03 22:50:53 - [MESSAGE][PASSED] - Navigate to 'https://qa2.velocitypayment.com/client/rad/index.html' successfully

2024-02-03 22:50:53 - [TEST_STEP][PASSED] - orPath_Landing = "Object Repository/RAD_Pages/Landing_Page": null

2024-02-03 22:50:53 - [TEST_STEP][PASSED] - orPath_TaxTypeFilingYear = "Object Repository/RAD_Pages/TaxTypeFilingYear_Page": null

2024-02-03 22:50:53 - [TEST_STEP][PASSED] - orPath_TaxPayer = "Object Repository/RAD_Pages/Taxpayer_Page": null

2024-02-03 22:50:53 - [TEST_STEP][PASSED] - orPath_AddressContact = "Object Repository/RAD_Pages/AddressAndContactInfo_Page": null

2024-02-03 22:50:53 - [TEST_STEP][PASSED] - orPath_FilingStatus = "Object Repository/RAD_Pages/FilingStatus_Page": null

2024-02-03 22:50:53 - [TEST_STEP][PASSED] - orPath_Amount = "Object Repository/RAD_Pages/PaymentAmount_Page": null

2024-02-03 22:50:53 - [TEST_STEP][PASSED] - orPath_TaxInfo = "Object Repository/RAD_Pages/TaxInfo_Page": null

2024-02-03 22:50:53 - [TEST_STEP][PASSED] - orPath_Withholding = "Object Repository/RAD_Pages/Withholding_Page": null

2024-02-03 22:50:53 - [TEST_STEP][PASSED] - orPath_Summary = "Object Repository/RAD_Pages/Summary_Page": null

2024-02-03 22:50:53 - [TEST_STEP][PASSED] - orPath_PaymentReady = "Object Repository/RAD_Pages/PaymentReady_Page": null

2024-02-03 22:50:53 - [TEST_STEP][PASSED] - orPath_PaymentEntry = "Object Repository/RAD_Pages/PaymentEntry_Page": null

2024-02-03 22:50:53 - [TEST_STEP][PASSED] - orPath_PaymentConfirmation = "Object Repository/RAD_Pages/PaymentConfirmation_Page": null

2024-02-03 22:50:53 - [TEST_STEP][PASSED] - orPath_ServiceFeesAccept = "Object Repository/RAD_Pages/ServiceFeeAccept_Page": null

2024-02-03 22:50:53 - [TEST_STEP][PASSED] - selectOptionByLabel(findTestObject(orPath_Landing + "/dd_TaxType"), Paymenttype, false): All options with label 'Existing Liability w/Notice Number' are selected in object 'Object Repository/RAD_Pages/Landing_Page/dd_TaxType' 

2024-02-03 22:50:54 - [MESSAGE][PASSED] - All options with label 'Existing Liability w/Notice Number' are selected in object 'Object Repository/RAD_Pages/Landing_Page/dd_TaxType' 

2024-02-03 22:50:54 - [TEST_STEP][PASSED] - delay(1): Delayed 1 second(s)

2024-02-03 22:50:55 - [MESSAGE][PASSED] - Delayed 1 second(s)

2024-02-03 22:50:55 - [TEST_STEP][PASSED] - switch (Paymenttype): null

2024-02-03 22:50:55 - [TEST_STEP][PASSED] - case "Existing Liability w/Notice Number":: null

2024-02-03 22:50:55 - [TEST_STEP][PASSED] - selectOptionByLabel(findTestObject(orPath_TaxTypeFilingYear + "/select_TaxType_ExistingLiability"), Taxtype, false): All options with label 'Unclaimed Property' are selected in object 'Object Repository/RAD_Pages/TaxTypeFilingYear_Page/select_TaxType_ExistingLiability' 

2024-02-03 22:50:55 - [MESSAGE][PASSED] - All options with label 'Unclaimed Property' are selected in object 'Object Repository/RAD_Pages/TaxTypeFilingYear_Page/select_TaxType_ExistingLiability' 

2024-02-03 22:50:55 - [TEST_STEP][PASSED] - break: null

2024-02-03 22:50:55 - [TEST_STEP][PASSED] - delay(1): Delayed 1 second(s)

2024-02-03 22:50:56 - [MESSAGE][PASSED] - Delayed 1 second(s)

2024-02-03 22:50:56 - [TEST_STEP][PASSED] - scrollToElement(findTestObject(orPath_Amount + "/input__paymentAmount"), 2, CONTINUE_ON_FAILURE): Scroll to object 'Object Repository/RAD_Pages/PaymentAmount_Page/input__paymentAmount' successfully

2024-02-03 22:50:56 - [MESSAGE][PASSED] - Scroll to object 'Object Repository/RAD_Pages/PaymentAmount_Page/input__paymentAmount' successfully

2024-02-03 22:50:56 - [TEST_STEP][PASSED] - switch (Paymenttype): null

2024-02-03 22:50:56 - [TEST_STEP][PASSED] - case "Existing Liability w/Notice Number":: null

2024-02-03 22:50:56 - [TEST_STEP][PASSED] - setEncryptedText(findTestObject("Object Repository/RAD_RecordAndPlay/input_Existing_FEIN"), "RigbBhfdqODKcAsiUrg+1Q=="): Text ****** has been set on object 'Object Repository/RAD_RecordAndPlay/input_Existing_FEIN'

2024-02-03 22:50:57 - [MESSAGE][PASSED] - Text ****** has been set on object 'Object Repository/RAD_RecordAndPlay/input_Existing_FEIN'

2024-02-03 22:50:57 - [TEST_STEP][PASSED] - setEncryptedText(findTestObject("Object Repository/RAD_RecordAndPlay/input_Existing_RetypeFEIN"), "RigbBhfdqOBBGbZqm4oFJQ=="): Text ****** has been set on object 'Object Repository/RAD_RecordAndPlay/input_Existing_RetypeFEIN'

2024-02-03 22:50:58 - [MESSAGE][PASSED] - Text ****** has been set on object 'Object Repository/RAD_RecordAndPlay/input_Existing_RetypeFEIN'

2024-02-03 22:50:58 - [TEST_STEP][PASSED] - break: null

2024-02-03 22:50:58 - [TEST_STEP][PASSED] - setText(findTestObject(orPath_Amount + "/input__paymentAmount"), ""): Text '' is set on object 'Object Repository/RAD_Pages/PaymentAmount_Page/input__paymentAmount'

2024-02-03 22:50:58 - [MESSAGE][PASSED] - Text '' is set on object 'Object Repository/RAD_Pages/PaymentAmount_Page/input__paymentAmount'

2024-02-03 22:50:58 - [TEST_STEP][PASSED] - verifyTextPresent("The FEIN and Re-type FEIN do not match", true): Text 'The FEIN and Re-type FEIN do not match' is present on page  using regular expression

2024-02-03 22:50:59 - [MESSAGE][PASSED] - Text 'The FEIN and Re-type FEIN do not match' is present on page  using regular expression

2024-02-03 22:50:59 - [TEST_STEP][PASSED] - if (verifyTextPresent("The FEIN and Re-type FEIN do not match", true)): null

2024-02-03 22:50:59 - [MESSAGE][PASSED] - Text 'The FEIN and Re-type FEIN do not match' is present on page  using regular expression

2024-02-03 22:50:59 - [TEST_STEP][PASSED] - println("Error Message is present on the page"): null

2024-02-03 22:50:59 - [TEST_STEP][PASSED] - out.println("Pass Record Number: " + row): null

2024-02-03 22:50:59 - [TEST_STEP][PASSED] - resText = "Pass": null

2024-02-03 22:50:59 - [TEST_STEP][PASSED] - pages.WriteExcel.demoKey(resText, datText, resColumn, datCloumn, fileLoc, nameSheet, row): pages.WriteExcel.demoKey is PASSED

2024-02-03 22:51:00 - [MESSAGE][PASSED] - pages.WriteExcel.demoKey is PASSED

2024-02-03 22:51:00 - [TEST_STEP][PASSED] - ExecuteTC = findTestData(dataFile).getValue("Execute", row): null

2024-02-03 22:51:00 - [TEST_STEP][PASSED] - Taxtype = findTestData(dataFile).getValue("TaxType", row): null

2024-02-03 22:51:00 - [TEST_STEP][PASSED] - Paymenttype = findTestData(dataFile).getValue("PaymentType", row): null

2024-02-03 22:51:00 - [TEST_STEP][PASSED] - out.println("Value of Execute is : " + ExecuteTC): null

2024-02-03 22:51:00 - [TEST_STEP][PASSED] - if (ExecuteTC.equalsIgnoreCase("Y")): null

2024-02-03 22:51:00 - [TEST_STEP][PASSED] - out.println("Begin Record Number: " + row): null

2024-02-03 22:51:00 - [TEST_STEP][PASSED] - today = new java.util.Date(): null

2024-02-03 22:51:00 - [TEST_STEP][PASSED] - println(today): null

2024-02-03 22:51:00 - [TEST_STEP][PASSED] - datText = today: null

2024-02-03 22:51:00 - [TEST_STEP][PASSED] - Taxtype = findTestData(dataFile).getValue("TaxType", row): null

2024-02-03 22:51:00 - [TEST_STEP][PASSED] - out.println("Taxtype value is : " + Taxtype): null

2024-02-03 22:51:00 - [TEST_STEP][PASSED] - openBrowser(""): Browser is opened with url: ''

2024-02-03 22:51:00 - [MESSAGE][WARNING] - A browser is already opened. Closing browser and opening a new one

2024-02-03 22:51:01 - [MESSAGE][INFO] - Starting 'Chrome' driver

2024-02-03 22:51:01 - [MESSAGE][INFO] - User set preference: ['acceptInsecureCerts', 'true']

2024-02-03 22:51:01 - [MESSAGE][INFO] - Action delay is set to 0 milliseconds

2024-02-03 22:51:03 - [MESSAGE][PASSED] - Browser is opened with url: ''

2024-02-03 22:51:03 - [TEST_STEP][PASSED] - maximizeWindow(): Current window maximized

2024-02-03 22:51:03 - [MESSAGE][PASSED] - Current window maximized

2024-02-03 22:51:03 - [TEST_STEP][PASSED] - navigateToUrl(RADurl): Navigate to 'https://qa2.velocitypayment.com/client/rad/index.html' successfully

2024-02-03 22:51:04 - [MESSAGE][PASSED] - Navigate to 'https://qa2.velocitypayment.com/client/rad/index.html' successfully

2024-02-03 22:51:04 - [TEST_STEP][PASSED] - orPath_Landing = "Object Repository/RAD_Pages/Landing_Page": null

2024-02-03 22:51:04 - [TEST_STEP][PASSED] - orPath_TaxTypeFilingYear = "Object Repository/RAD_Pages/TaxTypeFilingYear_Page": null

2024-02-03 22:51:04 - [TEST_STEP][PASSED] - orPath_TaxPayer = "Object Repository/RAD_Pages/Taxpayer_Page": null

2024-02-03 22:51:04 - [TEST_STEP][PASSED] - orPath_AddressContact = "Object Repository/RAD_Pages/AddressAndContactInfo_Page": null

2024-02-03 22:51:04 - [TEST_STEP][PASSED] - orPath_FilingStatus = "Object Repository/RAD_Pages/FilingStatus_Page": null

2024-02-03 22:51:04 - [TEST_STEP][PASSED] - orPath_Amount = "Object Repository/RAD_Pages/PaymentAmount_Page": null

2024-02-03 22:51:04 - [TEST_STEP][PASSED] - orPath_TaxInfo = "Object Repository/RAD_Pages/TaxInfo_Page": null

2024-02-03 22:51:04 - [TEST_STEP][PASSED] - orPath_Withholding = "Object Repository/RAD_Pages/Withholding_Page": null

2024-02-03 22:51:04 - [TEST_STEP][PASSED] - orPath_Summary = "Object Repository/RAD_Pages/Summary_Page": null

2024-02-03 22:51:04 - [TEST_STEP][PASSED] - orPath_PaymentReady = "Object Repository/RAD_Pages/PaymentReady_Page": null

2024-02-03 22:51:04 - [TEST_STEP][PASSED] - orPath_PaymentEntry = "Object Repository/RAD_Pages/PaymentEntry_Page": null

2024-02-03 22:51:04 - [TEST_STEP][PASSED] - orPath_PaymentConfirmation = "Object Repository/RAD_Pages/PaymentConfirmation_Page": null

2024-02-03 22:51:04 - [TEST_STEP][PASSED] - orPath_ServiceFeesAccept = "Object Repository/RAD_Pages/ServiceFeeAccept_Page": null

2024-02-03 22:51:04 - [TEST_STEP][PASSED] - selectOptionByLabel(findTestObject(orPath_Landing + "/dd_TaxType"), Paymenttype, false): All options with label 'Existing Liability w/Notice Number' are selected in object 'Object Repository/RAD_Pages/Landing_Page/dd_TaxType' 

2024-02-03 22:51:05 - [MESSAGE][PASSED] - All options with label 'Existing Liability w/Notice Number' are selected in object 'Object Repository/RAD_Pages/Landing_Page/dd_TaxType' 

2024-02-03 22:51:05 - [TEST_STEP][PASSED] - delay(1): Delayed 1 second(s)

2024-02-03 22:51:06 - [MESSAGE][PASSED] - Delayed 1 second(s)

2024-02-03 22:51:06 - [TEST_STEP][PASSED] - switch (Paymenttype): null

2024-02-03 22:51:06 - [TEST_STEP][PASSED] - case "Existing Liability w/Notice Number":: null

2024-02-03 22:51:06 - [TEST_STEP][PASSED] - selectOptionByLabel(findTestObject(orPath_TaxTypeFilingYear + "/select_TaxType_ExistingLiability"), Taxtype, false): All options with label 'IFTA Tax' are selected in object 'Object Repository/RAD_Pages/TaxTypeFilingYear_Page/select_TaxType_ExistingLiability' 

2024-02-03 22:51:07 - [MESSAGE][PASSED] - All options with label 'IFTA Tax' are selected in object 'Object Repository/RAD_Pages/TaxTypeFilingYear_Page/select_TaxType_ExistingLiability' 

2024-02-03 22:51:07 - [TEST_STEP][PASSED] - break: null

2024-02-03 22:51:07 - [TEST_STEP][PASSED] - delay(1): Delayed 1 second(s)

2024-02-03 22:51:08 - [MESSAGE][PASSED] - Delayed 1 second(s)

2024-02-03 22:51:08 - [TEST_STEP][PASSED] - scrollToElement(findTestObject(orPath_Amount + "/input__paymentAmount"), 2, CONTINUE_ON_FAILURE): Scroll to object 'Object Repository/RAD_Pages/PaymentAmount_Page/input__paymentAmount' successfully

2024-02-03 22:51:08 - [MESSAGE][PASSED] - Scroll to object 'Object Repository/RAD_Pages/PaymentAmount_Page/input__paymentAmount' successfully

2024-02-03 22:51:08 - [TEST_STEP][PASSED] - switch (Paymenttype): null

2024-02-03 22:51:08 - [TEST_STEP][PASSED] - case "Existing Liability w/Notice Number":: null

2024-02-03 22:51:08 - [TEST_STEP][PASSED] - setEncryptedText(findTestObject("Object Repository/RAD_RecordAndPlay/input_Existing_FEIN"), "RigbBhfdqODKcAsiUrg+1Q=="): Text ****** has been set on object 'Object Repository/RAD_RecordAndPlay/input_Existing_FEIN'

2024-02-03 22:51:09 - [MESSAGE][PASSED] - Text ****** has been set on object 'Object Repository/RAD_RecordAndPlay/input_Existing_FEIN'

2024-02-03 22:51:09 - [TEST_STEP][PASSED] - setEncryptedText(findTestObject("Object Repository/RAD_RecordAndPlay/input_Existing_RetypeFEIN"), "RigbBhfdqOBBGbZqm4oFJQ=="): Text ****** has been set on object 'Object Repository/RAD_RecordAndPlay/input_Existing_RetypeFEIN'

2024-02-03 22:51:09 - [MESSAGE][PASSED] - Text ****** has been set on object 'Object Repository/RAD_RecordAndPlay/input_Existing_RetypeFEIN'

2024-02-03 22:51:09 - [TEST_STEP][PASSED] - break: null

2024-02-03 22:51:09 - [TEST_STEP][PASSED] - setText(findTestObject(orPath_Amount + "/input__paymentAmount"), ""): Text '' is set on object 'Object Repository/RAD_Pages/PaymentAmount_Page/input__paymentAmount'

2024-02-03 22:51:10 - [MESSAGE][PASSED] - Text '' is set on object 'Object Repository/RAD_Pages/PaymentAmount_Page/input__paymentAmount'

2024-02-03 22:51:10 - [TEST_STEP][PASSED] - verifyTextPresent("The FEIN and Re-type FEIN do not match", true): Text 'The FEIN and Re-type FEIN do not match' is present on page  using regular expression

2024-02-03 22:51:11 - [MESSAGE][PASSED] - Text 'The FEIN and Re-type FEIN do not match' is present on page  using regular expression

2024-02-03 22:51:11 - [TEST_STEP][PASSED] - if (verifyTextPresent("The FEIN and Re-type FEIN do not match", true)): null

2024-02-03 22:51:11 - [MESSAGE][PASSED] - Text 'The FEIN and Re-type FEIN do not match' is present on page  using regular expression

2024-02-03 22:51:11 - [TEST_STEP][PASSED] - println("Error Message is present on the page"): null

2024-02-03 22:51:11 - [TEST_STEP][PASSED] - out.println("Pass Record Number: " + row): null

2024-02-03 22:51:11 - [TEST_STEP][PASSED] - resText = "Pass": null

2024-02-03 22:51:11 - [TEST_STEP][PASSED] - pages.WriteExcel.demoKey(resText, datText, resColumn, datCloumn, fileLoc, nameSheet, row): pages.WriteExcel.demoKey is PASSED

2024-02-03 22:51:11 - [MESSAGE][PASSED] - pages.WriteExcel.demoKey is PASSED

2024-02-03 22:51:11 - [TEST_STEP][PASSED] - ExecuteTC = findTestData(dataFile).getValue("Execute", row): null

2024-02-03 22:51:11 - [TEST_STEP][PASSED] - Taxtype = findTestData(dataFile).getValue("TaxType", row): null

2024-02-03 22:51:11 - [TEST_STEP][PASSED] - Paymenttype = findTestData(dataFile).getValue("PaymentType", row): null

2024-02-03 22:51:11 - [TEST_STEP][PASSED] - out.println("Value of Execute is : " + ExecuteTC): null

2024-02-03 22:51:11 - [TEST_STEP][PASSED] - if (ExecuteTC.equalsIgnoreCase("Y")): null

2024-02-03 22:51:11 - [TEST_STEP][PASSED] - out.println("Begin Record Number: " + row): null

2024-02-03 22:51:11 - [TEST_STEP][PASSED] - today = new java.util.Date(): null

2024-02-03 22:51:11 - [TEST_STEP][PASSED] - println(today): null

2024-02-03 22:51:11 - [TEST_STEP][PASSED] - datText = today: null

2024-02-03 22:51:11 - [TEST_STEP][PASSED] - Taxtype = findTestData(dataFile).getValue("TaxType", row): null

2024-02-03 22:51:11 - [TEST_STEP][PASSED] - out.println("Taxtype value is : " + Taxtype): null

2024-02-03 22:51:11 - [TEST_STEP][PASSED] - openBrowser(""): Browser is opened with url: ''

2024-02-03 22:51:11 - [MESSAGE][WARNING] - A browser is already opened. Closing browser and opening a new one

2024-02-03 22:51:12 - [MESSAGE][INFO] - Starting 'Chrome' driver

2024-02-03 22:51:12 - [MESSAGE][INFO] - User set preference: ['acceptInsecureCerts', 'true']

2024-02-03 22:51:12 - [MESSAGE][INFO] - Action delay is set to 0 milliseconds

2024-02-03 22:51:14 - [MESSAGE][PASSED] - Browser is opened with url: ''

2024-02-03 22:51:14 - [TEST_STEP][PASSED] - maximizeWindow(): Current window maximized

2024-02-03 22:51:14 - [MESSAGE][PASSED] - Current window maximized

2024-02-03 22:51:14 - [TEST_STEP][PASSED] - navigateToUrl(RADurl): Navigate to 'https://qa2.velocitypayment.com/client/rad/index.html' successfully

2024-02-03 22:51:16 - [MESSAGE][PASSED] - Navigate to 'https://qa2.velocitypayment.com/client/rad/index.html' successfully

2024-02-03 22:51:16 - [TEST_STEP][PASSED] - orPath_Landing = "Object Repository/RAD_Pages/Landing_Page": null

2024-02-03 22:51:16 - [TEST_STEP][PASSED] - orPath_TaxTypeFilingYear = "Object Repository/RAD_Pages/TaxTypeFilingYear_Page": null

2024-02-03 22:51:16 - [TEST_STEP][PASSED] - orPath_TaxPayer = "Object Repository/RAD_Pages/Taxpayer_Page": null

2024-02-03 22:51:16 - [TEST_STEP][PASSED] - orPath_AddressContact = "Object Repository/RAD_Pages/AddressAndContactInfo_Page": null

2024-02-03 22:51:16 - [TEST_STEP][PASSED] - orPath_FilingStatus = "Object Repository/RAD_Pages/FilingStatus_Page": null

2024-02-03 22:51:16 - [TEST_STEP][PASSED] - orPath_Amount = "Object Repository/RAD_Pages/PaymentAmount_Page": null

2024-02-03 22:51:16 - [TEST_STEP][PASSED] - orPath_TaxInfo = "Object Repository/RAD_Pages/TaxInfo_Page": null

2024-02-03 22:51:16 - [TEST_STEP][PASSED] - orPath_Withholding = "Object Repository/RAD_Pages/Withholding_Page": null

2024-02-03 22:51:16 - [TEST_STEP][PASSED] - orPath_Summary = "Object Repository/RAD_Pages/Summary_Page": null

2024-02-03 22:51:16 - [TEST_STEP][PASSED] - orPath_PaymentReady = "Object Repository/RAD_Pages/PaymentReady_Page": null

2024-02-03 22:51:16 - [TEST_STEP][PASSED] - orPath_PaymentEntry = "Object Repository/RAD_Pages/PaymentEntry_Page": null

2024-02-03 22:51:16 - [TEST_STEP][PASSED] - orPath_PaymentConfirmation = "Object Repository/RAD_Pages/PaymentConfirmation_Page": null

2024-02-03 22:51:16 - [TEST_STEP][PASSED] - orPath_ServiceFeesAccept = "Object Repository/RAD_Pages/ServiceFeeAccept_Page": null

2024-02-03 22:51:16 - [TEST_STEP][PASSED] - selectOptionByLabel(findTestObject(orPath_Landing + "/dd_TaxType"), Paymenttype, false): All options with label 'New Tax Return Amount Due' are selected in object 'Object Repository/RAD_Pages/Landing_Page/dd_TaxType' 

2024-02-03 22:51:17 - [MESSAGE][PASSED] - All options with label 'New Tax Return Amount Due' are selected in object 'Object Repository/RAD_Pages/Landing_Page/dd_TaxType' 

2024-02-03 22:51:17 - [TEST_STEP][PASSED] - delay(1): Delayed 1 second(s)

2024-02-03 22:51:18 - [MESSAGE][PASSED] - Delayed 1 second(s)

2024-02-03 22:51:18 - [TEST_STEP][PASSED] - switch (Paymenttype): null

2024-02-03 22:51:18 - [TEST_STEP][PASSED] - case "New Tax Return Amount Due":: null

2024-02-03 22:51:18 - [TEST_STEP][PASSED] - selectOptionByLabel(findTestObject("Object Repository/RAD_Pages/Landing_Page/select_NewTaxReturnAmountDue_TaxType"), Taxtype, false): All options with label 'Admissions and Amusement Tax' are selected in object 'Object Repository/RAD_Pages/Landing_Page/select_NewTaxReturnAmountDue_TaxType' 

2024-02-03 22:51:18 - [MESSAGE][PASSED] - All options with label 'Admissions and Amusement Tax' are selected in object 'Object Repository/RAD_Pages/Landing_Page/select_NewTaxReturnAmountDue_TaxType' 

2024-02-03 22:51:18 - [TEST_STEP][PASSED] - break: null

2024-02-03 22:51:18 - [TEST_STEP][PASSED] - delay(1): Delayed 1 second(s)

2024-02-03 22:51:19 - [MESSAGE][PASSED] - Delayed 1 second(s)

2024-02-03 22:51:19 - [TEST_STEP][PASSED] - scrollToElement(findTestObject(orPath_Amount + "/input__paymentAmount"), 2, CONTINUE_ON_FAILURE): Scroll to object 'Object Repository/RAD_Pages/PaymentAmount_Page/input__paymentAmount' successfully

2024-02-03 22:51:19 - [MESSAGE][PASSED] - Scroll to object 'Object Repository/RAD_Pages/PaymentAmount_Page/input__paymentAmount' successfully

2024-02-03 22:51:19 - [TEST_STEP][PASSED] - switch (Paymenttype): null

2024-02-03 22:51:19 - [TEST_STEP][PASSED] - case "New Tax Return Amount Due":: null

2024-02-03 22:51:19 - [TEST_STEP][PASSED] - setEncryptedText(findTestObject(orPath_TaxInfo + "/input_FederalEIN-2"), "RigbBhfdqODKcAsiUrg+1Q=="): Text ****** has been set on object 'Object Repository/RAD_Pages/TaxInfo_Page/input_FederalEIN-2'

2024-02-03 22:51:20 - [MESSAGE][PASSED] - Text ****** has been set on object 'Object Repository/RAD_Pages/TaxInfo_Page/input_FederalEIN-2'

2024-02-03 22:51:20 - [TEST_STEP][PASSED] - setEncryptedText(findTestObject(orPath_TaxInfo + "/input_FederalEIN_ReEnter-2"), "RigbBhfdqOBBGbZqm4oFJQ=="): Text ****** has been set on object 'Object Repository/RAD_Pages/TaxInfo_Page/input_FederalEIN_ReEnter-2'

2024-02-03 22:51:21 - [MESSAGE][PASSED] - Text ****** has been set on object 'Object Repository/RAD_Pages/TaxInfo_Page/input_FederalEIN_ReEnter-2'

2024-02-03 22:51:21 - [TEST_STEP][PASSED] - break: null

2024-02-03 22:51:21 - [TEST_STEP][PASSED] - setText(findTestObject(orPath_Amount + "/input__paymentAmount"), ""): Text '' is set on object 'Object Repository/RAD_Pages/PaymentAmount_Page/input__paymentAmount'

2024-02-03 22:51:21 - [MESSAGE][PASSED] - Text '' is set on object 'Object Repository/RAD_Pages/PaymentAmount_Page/input__paymentAmount'

2024-02-03 22:51:21 - [TEST_STEP][PASSED] - verifyTextPresent("The FEIN and Re-type FEIN do not match", true): Text 'The FEIN and Re-type FEIN do not match' is present on page  using regular expression

2024-02-03 22:51:22 - [MESSAGE][PASSED] - Text 'The FEIN and Re-type FEIN do not match' is present on page  using regular expression

2024-02-03 22:51:22 - [TEST_STEP][PASSED] - if (verifyTextPresent("The FEIN and Re-type FEIN do not match", true)): null

2024-02-03 22:51:22 - [MESSAGE][PASSED] - Text 'The FEIN and Re-type FEIN do not match' is present on page  using regular expression

2024-02-03 22:51:22 - [TEST_STEP][PASSED] - println("Error Message is present on the page"): null

2024-02-03 22:51:22 - [TEST_STEP][PASSED] - out.println("Pass Record Number: " + row): null

2024-02-03 22:51:22 - [TEST_STEP][PASSED] - resText = "Pass": null

2024-02-03 22:51:22 - [TEST_STEP][PASSED] - pages.WriteExcel.demoKey(resText, datText, resColumn, datCloumn, fileLoc, nameSheet, row): pages.WriteExcel.demoKey is PASSED

2024-02-03 22:51:22 - [MESSAGE][PASSED] - pages.WriteExcel.demoKey is PASSED

2024-02-03 22:51:22 - [TEST_STEP][PASSED] - ExecuteTC = findTestData(dataFile).getValue("Execute", row): null

2024-02-03 22:51:22 - [TEST_STEP][PASSED] - Taxtype = findTestData(dataFile).getValue("TaxType", row): null

2024-02-03 22:51:22 - [TEST_STEP][PASSED] - Paymenttype = findTestData(dataFile).getValue("PaymentType", row): null

2024-02-03 22:51:23 - [TEST_STEP][PASSED] - out.println("Value of Execute is : " + ExecuteTC): null

2024-02-03 22:51:23 - [TEST_STEP][PASSED] - if (ExecuteTC.equalsIgnoreCase("Y")): null

2024-02-03 22:51:23 - [TEST_STEP][PASSED] - out.println("Begin Record Number: " + row): null

2024-02-03 22:51:23 - [TEST_STEP][PASSED] - today = new java.util.Date(): null

2024-02-03 22:51:23 - [TEST_STEP][PASSED] - println(today): null

2024-02-03 22:51:23 - [TEST_STEP][PASSED] - datText = today: null

2024-02-03 22:51:23 - [TEST_STEP][PASSED] - Taxtype = findTestData(dataFile).getValue("TaxType", row): null

2024-02-03 22:51:23 - [TEST_STEP][PASSED] - out.println("Taxtype value is : " + Taxtype): null

2024-02-03 22:51:23 - [TEST_STEP][PASSED] - openBrowser(""): Browser is opened with url: ''

2024-02-03 22:51:23 - [MESSAGE][WARNING] - A browser is already opened. Closing browser and opening a new one

2024-02-03 22:51:24 - [MESSAGE][INFO] - Starting 'Chrome' driver

2024-02-03 22:51:24 - [MESSAGE][INFO] - User set preference: ['acceptInsecureCerts', 'true']

2024-02-03 22:51:24 - [MESSAGE][INFO] - Action delay is set to 0 milliseconds

2024-02-03 22:51:25 - [MESSAGE][PASSED] - Browser is opened with url: ''

2024-02-03 22:51:25 - [TEST_STEP][PASSED] - maximizeWindow(): Current window maximized

2024-02-03 22:51:25 - [MESSAGE][PASSED] - Current window maximized

2024-02-03 22:51:25 - [TEST_STEP][PASSED] - navigateToUrl(RADurl): Navigate to 'https://qa2.velocitypayment.com/client/rad/index.html' successfully

2024-02-03 22:51:27 - [MESSAGE][PASSED] - Navigate to 'https://qa2.velocitypayment.com/client/rad/index.html' successfully

2024-02-03 22:51:27 - [TEST_STEP][PASSED] - orPath_Landing = "Object Repository/RAD_Pages/Landing_Page": null

2024-02-03 22:51:27 - [TEST_STEP][PASSED] - orPath_TaxTypeFilingYear = "Object Repository/RAD_Pages/TaxTypeFilingYear_Page": null

2024-02-03 22:51:27 - [TEST_STEP][PASSED] - orPath_TaxPayer = "Object Repository/RAD_Pages/Taxpayer_Page": null

2024-02-03 22:51:27 - [TEST_STEP][PASSED] - orPath_AddressContact = "Object Repository/RAD_Pages/AddressAndContactInfo_Page": null

2024-02-03 22:51:27 - [TEST_STEP][PASSED] - orPath_FilingStatus = "Object Repository/RAD_Pages/FilingStatus_Page": null

2024-02-03 22:51:27 - [TEST_STEP][PASSED] - orPath_Amount = "Object Repository/RAD_Pages/PaymentAmount_Page": null

2024-02-03 22:51:27 - [TEST_STEP][PASSED] - orPath_TaxInfo = "Object Repository/RAD_Pages/TaxInfo_Page": null

2024-02-03 22:51:27 - [TEST_STEP][PASSED] - orPath_Withholding = "Object Repository/RAD_Pages/Withholding_Page": null

2024-02-03 22:51:27 - [TEST_STEP][PASSED] - orPath_Summary = "Object Repository/RAD_Pages/Summary_Page": null

2024-02-03 22:51:27 - [TEST_STEP][PASSED] - orPath_PaymentReady = "Object Repository/RAD_Pages/PaymentReady_Page": null

2024-02-03 22:51:27 - [TEST_STEP][PASSED] - orPath_PaymentEntry = "Object Repository/RAD_Pages/PaymentEntry_Page": null

2024-02-03 22:51:27 - [TEST_STEP][PASSED] - orPath_PaymentConfirmation = "Object Repository/RAD_Pages/PaymentConfirmation_Page": null

2024-02-03 22:51:27 - [TEST_STEP][PASSED] - orPath_ServiceFeesAccept = "Object Repository/RAD_Pages/ServiceFeeAccept_Page": null

2024-02-03 22:51:27 - [TEST_STEP][PASSED] - selectOptionByLabel(findTestObject(orPath_Landing + "/dd_TaxType"), Paymenttype, false): All options with label 'New Tax Return Amount Due' are selected in object 'Object Repository/RAD_Pages/Landing_Page/dd_TaxType' 

2024-02-03 22:51:28 - [MESSAGE][PASSED] - All options with label 'New Tax Return Amount Due' are selected in object 'Object Repository/RAD_Pages/Landing_Page/dd_TaxType' 

2024-02-03 22:51:28 - [TEST_STEP][PASSED] - delay(1): Delayed 1 second(s)

2024-02-03 22:51:29 - [MESSAGE][PASSED] - Delayed 1 second(s)

2024-02-03 22:51:29 - [TEST_STEP][PASSED] - switch (Paymenttype): null

2024-02-03 22:51:29 - [TEST_STEP][PASSED] - case "New Tax Return Amount Due":: null

2024-02-03 22:51:29 - [TEST_STEP][PASSED] - selectOptionByLabel(findTestObject("Object Repository/RAD_Pages/Landing_Page/select_NewTaxReturnAmountDue_TaxType"), Taxtype, false): All options with label 'Alcohol Tax' are selected in object 'Object Repository/RAD_Pages/Landing_Page/select_NewTaxReturnAmountDue_TaxType' 

2024-02-03 22:51:29 - [MESSAGE][PASSED] - All options with label 'Alcohol Tax' are selected in object 'Object Repository/RAD_Pages/Landing_Page/select_NewTaxReturnAmountDue_TaxType' 

2024-02-03 22:51:29 - [TEST_STEP][PASSED] - break: null

2024-02-03 22:51:29 - [TEST_STEP][PASSED] - delay(1): Delayed 1 second(s)

2024-02-03 22:51:30 - [MESSAGE][PASSED] - Delayed 1 second(s)

2024-02-03 22:51:30 - [TEST_STEP][PASSED] - scrollToElement(findTestObject(orPath_Amount + "/input__paymentAmount"), 2, CONTINUE_ON_FAILURE): Scroll to object 'Object Repository/RAD_Pages/PaymentAmount_Page/input__paymentAmount' successfully

2024-02-03 22:51:31 - [MESSAGE][PASSED] - Scroll to object 'Object Repository/RAD_Pages/PaymentAmount_Page/input__paymentAmount' successfully

2024-02-03 22:51:31 - [TEST_STEP][PASSED] - switch (Paymenttype): null

2024-02-03 22:51:31 - [TEST_STEP][PASSED] - case "New Tax Return Amount Due":: null

2024-02-03 22:51:31 - [TEST_STEP][PASSED] - setEncryptedText(findTestObject(orPath_TaxInfo + "/input_FederalEIN-2"), "RigbBhfdqODKcAsiUrg+1Q=="): Text ****** has been set on object 'Object Repository/RAD_Pages/TaxInfo_Page/input_FederalEIN-2'

2024-02-03 22:51:31 - [MESSAGE][PASSED] - Text ****** has been set on object 'Object Repository/RAD_Pages/TaxInfo_Page/input_FederalEIN-2'

2024-02-03 22:51:31 - [TEST_STEP][PASSED] - setEncryptedText(findTestObject(orPath_TaxInfo + "/input_FederalEIN_ReEnter-2"), "RigbBhfdqOBBGbZqm4oFJQ=="): Text ****** has been set on object 'Object Repository/RAD_Pages/TaxInfo_Page/input_FederalEIN_ReEnter-2'

2024-02-03 22:51:32 - [MESSAGE][PASSED] - Text ****** has been set on object 'Object Repository/RAD_Pages/TaxInfo_Page/input_FederalEIN_ReEnter-2'

2024-02-03 22:51:32 - [TEST_STEP][PASSED] - break: null

2024-02-03 22:51:32 - [TEST_STEP][PASSED] - setText(findTestObject(orPath_Amount + "/input__paymentAmount"), ""): Text '' is set on object 'Object Repository/RAD_Pages/PaymentAmount_Page/input__paymentAmount'

2024-02-03 22:51:33 - [MESSAGE][PASSED] - Text '' is set on object 'Object Repository/RAD_Pages/PaymentAmount_Page/input__paymentAmount'

2024-02-03 22:51:33 - [TEST_STEP][PASSED] - verifyTextPresent("The FEIN and Re-type FEIN do not match", true): Text 'The FEIN and Re-type FEIN do not match' is present on page  using regular expression

2024-02-03 22:51:33 - [MESSAGE][PASSED] - Text 'The FEIN and Re-type FEIN do not match' is present on page  using regular expression

2024-02-03 22:51:33 - [TEST_STEP][PASSED] - if (verifyTextPresent("The FEIN and Re-type FEIN do not match", true)): null

2024-02-03 22:51:34 - [MESSAGE][PASSED] - Text 'The FEIN and Re-type FEIN do not match' is present on page  using regular expression

2024-02-03 22:51:34 - [TEST_STEP][PASSED] - println("Error Message is present on the page"): null

2024-02-03 22:51:34 - [TEST_STEP][PASSED] - out.println("Pass Record Number: " + row): null

2024-02-03 22:51:34 - [TEST_STEP][PASSED] - resText = "Pass": null

2024-02-03 22:51:34 - [TEST_STEP][PASSED] - pages.WriteExcel.demoKey(resText, datText, resColumn, datCloumn, fileLoc, nameSheet, row): pages.WriteExcel.demoKey is PASSED

2024-02-03 22:51:34 - [MESSAGE][PASSED] - pages.WriteExcel.demoKey is PASSED

2024-02-03 22:51:34 - [TEST_STEP][PASSED] - ExecuteTC = findTestData(dataFile).getValue("Execute", row): null

2024-02-03 22:51:34 - [TEST_STEP][PASSED] - Taxtype = findTestData(dataFile).getValue("TaxType", row): null

2024-02-03 22:51:34 - [TEST_STEP][PASSED] - Paymenttype = findTestData(dataFile).getValue("PaymentType", row): null

2024-02-03 22:51:34 - [TEST_STEP][PASSED] - out.println("Value of Execute is : " + ExecuteTC): null

2024-02-03 22:51:34 - [TEST_STEP][PASSED] - if (ExecuteTC.equalsIgnoreCase("Y")): null

2024-02-03 22:51:34 - [TEST_STEP][PASSED] - out.println("Begin Record Number: " + row): null

2024-02-03 22:51:34 - [TEST_STEP][PASSED] - today = new java.util.Date(): null

2024-02-03 22:51:34 - [TEST_STEP][PASSED] - println(today): null

2024-02-03 22:51:34 - [TEST_STEP][PASSED] - datText = today: null

2024-02-03 22:51:34 - [TEST_STEP][PASSED] - Taxtype = findTestData(dataFile).getValue("TaxType", row): null

2024-02-03 22:51:34 - [TEST_STEP][PASSED] - out.println("Taxtype value is : " + Taxtype): null

2024-02-03 22:51:34 - [TEST_STEP][PASSED] - openBrowser(""): Browser is opened with url: ''

2024-02-03 22:51:34 - [MESSAGE][WARNING] - A browser is already opened. Closing browser and opening a new one

2024-02-03 22:51:35 - [MESSAGE][INFO] - Starting 'Chrome' driver

2024-02-03 22:51:35 - [MESSAGE][INFO] - User set preference: ['acceptInsecureCerts', 'true']

2024-02-03 22:51:35 - [MESSAGE][INFO] - Action delay is set to 0 milliseconds

2024-02-03 22:51:37 - [MESSAGE][PASSED] - Browser is opened with url: ''

2024-02-03 22:51:37 - [TEST_STEP][PASSED] - maximizeWindow(): Current window maximized

2024-02-03 22:51:37 - [MESSAGE][PASSED] - Current window maximized

2024-02-03 22:51:37 - [TEST_STEP][PASSED] - navigateToUrl(RADurl): Navigate to 'https://qa2.velocitypayment.com/client/rad/index.html' successfully

2024-02-03 22:51:38 - [MESSAGE][PASSED] - Navigate to 'https://qa2.velocitypayment.com/client/rad/index.html' successfully

2024-02-03 22:51:38 - [TEST_STEP][PASSED] - orPath_Landing = "Object Repository/RAD_Pages/Landing_Page": null

2024-02-03 22:51:38 - [TEST_STEP][PASSED] - orPath_TaxTypeFilingYear = "Object Repository/RAD_Pages/TaxTypeFilingYear_Page": null

2024-02-03 22:51:38 - [TEST_STEP][PASSED] - orPath_TaxPayer = "Object Repository/RAD_Pages/Taxpayer_Page": null

2024-02-03 22:51:38 - [TEST_STEP][PASSED] - orPath_AddressContact = "Object Repository/RAD_Pages/AddressAndContactInfo_Page": null

2024-02-03 22:51:38 - [TEST_STEP][PASSED] - orPath_FilingStatus = "Object Repository/RAD_Pages/FilingStatus_Page": null

2024-02-03 22:51:38 - [TEST_STEP][PASSED] - orPath_Amount = "Object Repository/RAD_Pages/PaymentAmount_Page": null

2024-02-03 22:51:38 - [TEST_STEP][PASSED] - orPath_TaxInfo = "Object Repository/RAD_Pages/TaxInfo_Page": null

2024-02-03 22:51:38 - [TEST_STEP][PASSED] - orPath_Withholding = "Object Repository/RAD_Pages/Withholding_Page": null

2024-02-03 22:51:38 - [TEST_STEP][PASSED] - orPath_Summary = "Object Repository/RAD_Pages/Summary_Page": null

2024-02-03 22:51:38 - [TEST_STEP][PASSED] - orPath_PaymentReady = "Object Repository/RAD_Pages/PaymentReady_Page": null

2024-02-03 22:51:38 - [TEST_STEP][PASSED] - orPath_PaymentEntry = "Object Repository/RAD_Pages/PaymentEntry_Page": null

2024-02-03 22:51:38 - [TEST_STEP][PASSED] - orPath_PaymentConfirmation = "Object Repository/RAD_Pages/PaymentConfirmation_Page": null

2024-02-03 22:51:38 - [TEST_STEP][PASSED] - orPath_ServiceFeesAccept = "Object Repository/RAD_Pages/ServiceFeeAccept_Page": null

2024-02-03 22:51:38 - [TEST_STEP][PASSED] - selectOptionByLabel(findTestObject(orPath_Landing + "/dd_TaxType"), Paymenttype, false): All options with label 'New Tax Return Amount Due' are selected in object 'Object Repository/RAD_Pages/Landing_Page/dd_TaxType' 

2024-02-03 22:51:39 - [MESSAGE][PASSED] - All options with label 'New Tax Return Amount Due' are selected in object 'Object Repository/RAD_Pages/Landing_Page/dd_TaxType' 

2024-02-03 22:51:39 - [TEST_STEP][PASSED] - delay(1): Delayed 1 second(s)

2024-02-03 22:51:40 - [MESSAGE][PASSED] - Delayed 1 second(s)

2024-02-03 22:51:40 - [TEST_STEP][PASSED] - switch (Paymenttype): null

2024-02-03 22:51:40 - [TEST_STEP][PASSED] - case "New Tax Return Amount Due":: null

2024-02-03 22:51:40 - [TEST_STEP][PASSED] - selectOptionByLabel(findTestObject("Object Repository/RAD_Pages/Landing_Page/select_NewTaxReturnAmountDue_TaxType"), Taxtype, false): All options with label 'Bay Restoration Fee' are selected in object 'Object Repository/RAD_Pages/Landing_Page/select_NewTaxReturnAmountDue_TaxType' 

2024-02-03 22:51:41 - [MESSAGE][PASSED] - All options with label 'Bay Restoration Fee' are selected in object 'Object Repository/RAD_Pages/Landing_Page/select_NewTaxReturnAmountDue_TaxType' 

2024-02-03 22:51:41 - [TEST_STEP][PASSED] - break: null

2024-02-03 22:51:41 - [TEST_STEP][PASSED] - delay(1): Delayed 1 second(s)

2024-02-03 22:51:42 - [MESSAGE][PASSED] - Delayed 1 second(s)

2024-02-03 22:51:42 - [TEST_STEP][PASSED] - scrollToElement(findTestObject(orPath_Amount + "/input__paymentAmount"), 2, CONTINUE_ON_FAILURE): Scroll to object 'Object Repository/RAD_Pages/PaymentAmount_Page/input__paymentAmount' successfully

2024-02-03 22:51:42 - [MESSAGE][PASSED] - Scroll to object 'Object Repository/RAD_Pages/PaymentAmount_Page/input__paymentAmount' successfully

2024-02-03 22:51:42 - [TEST_STEP][PASSED] - switch (Paymenttype): null

2024-02-03 22:51:42 - [TEST_STEP][PASSED] - case "New Tax Return Amount Due":: null

2024-02-03 22:51:42 - [TEST_STEP][PASSED] - setEncryptedText(findTestObject(orPath_TaxInfo + "/input_FederalEIN-2"), "RigbBhfdqODKcAsiUrg+1Q=="): Text ****** has been set on object 'Object Repository/RAD_Pages/TaxInfo_Page/input_FederalEIN-2'

2024-02-03 22:51:43 - [MESSAGE][PASSED] - Text ****** has been set on object 'Object Repository/RAD_Pages/TaxInfo_Page/input_FederalEIN-2'

2024-02-03 22:51:43 - [TEST_STEP][PASSED] - setEncryptedText(findTestObject(orPath_TaxInfo + "/input_FederalEIN_ReEnter-2"), "RigbBhfdqOBBGbZqm4oFJQ=="): Text ****** has been set on object 'Object Repository/RAD_Pages/TaxInfo_Page/input_FederalEIN_ReEnter-2'

2024-02-03 22:51:43 - [MESSAGE][PASSED] - Text ****** has been set on object 'Object Repository/RAD_Pages/TaxInfo_Page/input_FederalEIN_ReEnter-2'

2024-02-03 22:51:43 - [TEST_STEP][PASSED] - break: null

2024-02-03 22:51:43 - [TEST_STEP][PASSED] - setText(findTestObject(orPath_Amount + "/input__paymentAmount"), ""): Text '' is set on object 'Object Repository/RAD_Pages/PaymentAmount_Page/input__paymentAmount'

2024-02-03 22:51:44 - [MESSAGE][PASSED] - Text '' is set on object 'Object Repository/RAD_Pages/PaymentAmount_Page/input__paymentAmount'

2024-02-03 22:51:44 - [TEST_STEP][PASSED] - verifyTextPresent("The FEIN and Re-type FEIN do not match", true): Text 'The FEIN and Re-type FEIN do not match' is present on page  using regular expression

2024-02-03 22:51:45 - [MESSAGE][PASSED] - Text 'The FEIN and Re-type FEIN do not match' is present on page  using regular expression

2024-02-03 22:51:45 - [TEST_STEP][PASSED] - if (verifyTextPresent("The FEIN and Re-type FEIN do not match", true)): null

2024-02-03 22:51:45 - [MESSAGE][PASSED] - Text 'The FEIN and Re-type FEIN do not match' is present on page  using regular expression

2024-02-03 22:51:45 - [TEST_STEP][PASSED] - println("Error Message is present on the page"): null

2024-02-03 22:51:45 - [TEST_STEP][PASSED] - out.println("Pass Record Number: " + row): null

2024-02-03 22:51:45 - [TEST_STEP][PASSED] - resText = "Pass": null

2024-02-03 22:51:45 - [TEST_STEP][PASSED] - pages.WriteExcel.demoKey(resText, datText, resColumn, datCloumn, fileLoc, nameSheet, row): pages.WriteExcel.demoKey is PASSED

2024-02-03 22:51:45 - [MESSAGE][PASSED] - pages.WriteExcel.demoKey is PASSED

2024-02-03 22:51:45 - [TEST_STEP][PASSED] - ExecuteTC = findTestData(dataFile).getValue("Execute", row): null

2024-02-03 22:51:45 - [TEST_STEP][PASSED] - Taxtype = findTestData(dataFile).getValue("TaxType", row): null

2024-02-03 22:51:45 - [TEST_STEP][PASSED] - Paymenttype = findTestData(dataFile).getValue("PaymentType", row): null

2024-02-03 22:51:45 - [TEST_STEP][PASSED] - out.println("Value of Execute is : " + ExecuteTC): null

2024-02-03 22:51:45 - [TEST_STEP][PASSED] - if (ExecuteTC.equalsIgnoreCase("Y")): null

2024-02-03 22:51:45 - [TEST_STEP][PASSED] - out.println("Begin Record Number: " + row): null

2024-02-03 22:51:45 - [TEST_STEP][PASSED] - today = new java.util.Date(): null

2024-02-03 22:51:45 - [TEST_STEP][PASSED] - println(today): null

2024-02-03 22:51:45 - [TEST_STEP][PASSED] - datText = today: null

2024-02-03 22:51:45 - [TEST_STEP][PASSED] - Taxtype = findTestData(dataFile).getValue("TaxType", row): null

2024-02-03 22:51:45 - [TEST_STEP][PASSED] - out.println("Taxtype value is : " + Taxtype): null

2024-02-03 22:51:45 - [TEST_STEP][PASSED] - openBrowser(""): Browser is opened with url: ''

2024-02-03 22:51:45 - [MESSAGE][WARNING] - A browser is already opened. Closing browser and opening a new one

2024-02-03 22:51:46 - [MESSAGE][INFO] - Starting 'Chrome' driver

2024-02-03 22:51:46 - [MESSAGE][INFO] - User set preference: ['acceptInsecureCerts', 'true']

2024-02-03 22:51:46 - [MESSAGE][INFO] - Action delay is set to 0 milliseconds

2024-02-03 22:51:48 - [MESSAGE][PASSED] - Browser is opened with url: ''

2024-02-03 22:51:48 - [TEST_STEP][PASSED] - maximizeWindow(): Current window maximized

2024-02-03 22:51:48 - [MESSAGE][PASSED] - Current window maximized

2024-02-03 22:51:48 - [TEST_STEP][PASSED] - navigateToUrl(RADurl): Navigate to 'https://qa2.velocitypayment.com/client/rad/index.html' successfully

2024-02-03 22:51:48 - [MESSAGE][PASSED] - Navigate to 'https://qa2.velocitypayment.com/client/rad/index.html' successfully

2024-02-03 22:51:48 - [TEST_STEP][PASSED] - orPath_Landing = "Object Repository/RAD_Pages/Landing_Page": null

2024-02-03 22:51:48 - [TEST_STEP][PASSED] - orPath_TaxTypeFilingYear = "Object Repository/RAD_Pages/TaxTypeFilingYear_Page": null

2024-02-03 22:51:48 - [TEST_STEP][PASSED] - orPath_TaxPayer = "Object Repository/RAD_Pages/Taxpayer_Page": null

2024-02-03 22:51:48 - [TEST_STEP][PASSED] - orPath_AddressContact = "Object Repository/RAD_Pages/AddressAndContactInfo_Page": null

2024-02-03 22:51:48 - [TEST_STEP][PASSED] - orPath_FilingStatus = "Object Repository/RAD_Pages/FilingStatus_Page": null

2024-02-03 22:51:48 - [TEST_STEP][PASSED] - orPath_Amount = "Object Repository/RAD_Pages/PaymentAmount_Page": null

2024-02-03 22:51:48 - [TEST_STEP][PASSED] - orPath_TaxInfo = "Object Repository/RAD_Pages/TaxInfo_Page": null

2024-02-03 22:51:48 - [TEST_STEP][PASSED] - orPath_Withholding = "Object Repository/RAD_Pages/Withholding_Page": null

2024-02-03 22:51:48 - [TEST_STEP][PASSED] - orPath_Summary = "Object Repository/RAD_Pages/Summary_Page": null

2024-02-03 22:51:48 - [TEST_STEP][PASSED] - orPath_PaymentReady = "Object Repository/RAD_Pages/PaymentReady_Page": null

2024-02-03 22:51:48 - [TEST_STEP][PASSED] - orPath_PaymentEntry = "Object Repository/RAD_Pages/PaymentEntry_Page": null

2024-02-03 22:51:48 - [TEST_STEP][PASSED] - orPath_PaymentConfirmation = "Object Repository/RAD_Pages/PaymentConfirmation_Page": null

2024-02-03 22:51:48 - [TEST_STEP][PASSED] - orPath_ServiceFeesAccept = "Object Repository/RAD_Pages/ServiceFeeAccept_Page": null

2024-02-03 22:51:48 - [TEST_STEP][PASSED] - selectOptionByLabel(findTestObject(orPath_Landing + "/dd_TaxType"), Paymenttype, false): All options with label 'New Tax Return Amount Due' are selected in object 'Object Repository/RAD_Pages/Landing_Page/dd_TaxType' 

2024-02-03 22:51:50 - [MESSAGE][PASSED] - All options with label 'New Tax Return Amount Due' are selected in object 'Object Repository/RAD_Pages/Landing_Page/dd_TaxType' 

2024-02-03 22:51:50 - [TEST_STEP][PASSED] - delay(1): Delayed 1 second(s)

2024-02-03 22:51:51 - [MESSAGE][PASSED] - Delayed 1 second(s)

2024-02-03 22:51:51 - [TEST_STEP][PASSED] - switch (Paymenttype): null

2024-02-03 22:51:51 - [TEST_STEP][PASSED] - case "New Tax Return Amount Due":: null

2024-02-03 22:51:51 - [TEST_STEP][PASSED] - selectOptionByLabel(findTestObject("Object Repository/RAD_Pages/Landing_Page/select_NewTaxReturnAmountDue_TaxType"), Taxtype, false): All options with label 'Corporate Income Tax' are selected in object 'Object Repository/RAD_Pages/Landing_Page/select_NewTaxReturnAmountDue_TaxType' 

2024-02-03 22:51:52 - [MESSAGE][PASSED] - All options with label 'Corporate Income Tax' are selected in object 'Object Repository/RAD_Pages/Landing_Page/select_NewTaxReturnAmountDue_TaxType' 

2024-02-03 22:51:52 - [TEST_STEP][PASSED] - break: null

2024-02-03 22:51:52 - [TEST_STEP][PASSED] - delay(1): Delayed 1 second(s)

2024-02-03 22:51:53 - [MESSAGE][PASSED] - Delayed 1 second(s)

2024-02-03 22:51:53 - [TEST_STEP][PASSED] - scrollToElement(findTestObject(orPath_Amount + "/input__paymentAmount"), 2, CONTINUE_ON_FAILURE): Scroll to object 'Object Repository/RAD_Pages/PaymentAmount_Page/input__paymentAmount' successfully

2024-02-03 22:51:53 - [MESSAGE][PASSED] - Scroll to object 'Object Repository/RAD_Pages/PaymentAmount_Page/input__paymentAmount' successfully

2024-02-03 22:51:53 - [TEST_STEP][PASSED] - switch (Paymenttype): null

2024-02-03 22:51:53 - [TEST_STEP][PASSED] - case "New Tax Return Amount Due":: null

2024-02-03 22:51:53 - [TEST_STEP][PASSED] - setEncryptedText(findTestObject(orPath_TaxInfo + "/input_FederalEIN-2"), "RigbBhfdqODKcAsiUrg+1Q=="): Text ****** has been set on object 'Object Repository/RAD_Pages/TaxInfo_Page/input_FederalEIN-2'

2024-02-03 22:51:54 - [MESSAGE][PASSED] - Text ****** has been set on object 'Object Repository/RAD_Pages/TaxInfo_Page/input_FederalEIN-2'

2024-02-03 22:51:54 - [TEST_STEP][PASSED] - setEncryptedText(findTestObject(orPath_TaxInfo + "/input_FederalEIN_ReEnter-2"), "RigbBhfdqOBBGbZqm4oFJQ=="): Text ****** has been set on object 'Object Repository/RAD_Pages/TaxInfo_Page/input_FederalEIN_ReEnter-2'

2024-02-03 22:51:54 - [MESSAGE][PASSED] - Text ****** has been set on object 'Object Repository/RAD_Pages/TaxInfo_Page/input_FederalEIN_ReEnter-2'

2024-02-03 22:51:54 - [TEST_STEP][PASSED] - break: null

2024-02-03 22:51:54 - [TEST_STEP][PASSED] - setText(findTestObject(orPath_Amount + "/input__paymentAmount"), ""): Text '' is set on object 'Object Repository/RAD_Pages/PaymentAmount_Page/input__paymentAmount'

2024-02-03 22:51:55 - [MESSAGE][PASSED] - Text '' is set on object 'Object Repository/RAD_Pages/PaymentAmount_Page/input__paymentAmount'

2024-02-03 22:51:55 - [TEST_STEP][PASSED] - verifyTextPresent("The FEIN and Re-type FEIN do not match", true): Text 'The FEIN and Re-type FEIN do not match' is present on page  using regular expression

2024-02-03 22:51:56 - [MESSAGE][PASSED] - Text 'The FEIN and Re-type FEIN do not match' is present on page  using regular expression

2024-02-03 22:51:56 - [TEST_STEP][PASSED] - if (verifyTextPresent("The FEIN and Re-type FEIN do not match", true)): null

2024-02-03 22:51:56 - [MESSAGE][PASSED] - Text 'The FEIN and Re-type FEIN do not match' is present on page  using regular expression

2024-02-03 22:51:56 - [TEST_STEP][PASSED] - println("Error Message is present on the page"): null

2024-02-03 22:51:56 - [TEST_STEP][PASSED] - out.println("Pass Record Number: " + row): null

2024-02-03 22:51:56 - [TEST_STEP][PASSED] - resText = "Pass": null

2024-02-03 22:51:56 - [TEST_STEP][PASSED] - pages.WriteExcel.demoKey(resText, datText, resColumn, datCloumn, fileLoc, nameSheet, row): pages.WriteExcel.demoKey is PASSED

2024-02-03 22:51:56 - [MESSAGE][PASSED] - pages.WriteExcel.demoKey is PASSED

2024-02-03 22:51:56 - [TEST_STEP][PASSED] - ExecuteTC = findTestData(dataFile).getValue("Execute", row): null

2024-02-03 22:51:56 - [TEST_STEP][PASSED] - Taxtype = findTestData(dataFile).getValue("TaxType", row): null

2024-02-03 22:51:56 - [TEST_STEP][PASSED] - Paymenttype = findTestData(dataFile).getValue("PaymentType", row): null

2024-02-03 22:51:56 - [TEST_STEP][PASSED] - out.println("Value of Execute is : " + ExecuteTC): null

2024-02-03 22:51:56 - [TEST_STEP][PASSED] - if (ExecuteTC.equalsIgnoreCase("Y")): null

2024-02-03 22:51:56 - [TEST_STEP][PASSED] - out.println("Begin Record Number: " + row): null

2024-02-03 22:51:56 - [TEST_STEP][PASSED] - today = new java.util.Date(): null

2024-02-03 22:51:56 - [TEST_STEP][PASSED] - println(today): null

2024-02-03 22:51:56 - [TEST_STEP][PASSED] - datText = today: null

2024-02-03 22:51:56 - [TEST_STEP][PASSED] - Taxtype = findTestData(dataFile).getValue("TaxType", row): null

2024-02-03 22:51:56 - [TEST_STEP][PASSED] - out.println("Taxtype value is : " + Taxtype): null

2024-02-03 22:51:56 - [TEST_STEP][PASSED] - openBrowser(""): Browser is opened with url: ''

2024-02-03 22:51:56 - [MESSAGE][WARNING] - A browser is already opened. Closing browser and opening a new one

2024-02-03 22:51:57 - [MESSAGE][INFO] - Starting 'Chrome' driver

2024-02-03 22:51:57 - [MESSAGE][INFO] - User set preference: ['acceptInsecureCerts', 'true']

2024-02-03 22:51:57 - [MESSAGE][INFO] - Action delay is set to 0 milliseconds

2024-02-03 22:51:59 - [MESSAGE][PASSED] - Browser is opened with url: ''

2024-02-03 22:51:59 - [TEST_STEP][PASSED] - maximizeWindow(): Current window maximized

2024-02-03 22:51:59 - [MESSAGE][PASSED] - Current window maximized

2024-02-03 22:51:59 - [TEST_STEP][PASSED] - navigateToUrl(RADurl): Navigate to 'https://qa2.velocitypayment.com/client/rad/index.html' successfully

2024-02-03 22:52:01 - [MESSAGE][PASSED] - Navigate to 'https://qa2.velocitypayment.com/client/rad/index.html' successfully

2024-02-03 22:52:01 - [TEST_STEP][PASSED] - orPath_Landing = "Object Repository/RAD_Pages/Landing_Page": null

2024-02-03 22:52:01 - [TEST_STEP][PASSED] - orPath_TaxTypeFilingYear = "Object Repository/RAD_Pages/TaxTypeFilingYear_Page": null

2024-02-03 22:52:01 - [TEST_STEP][PASSED] - orPath_TaxPayer = "Object Repository/RAD_Pages/Taxpayer_Page": null

2024-02-03 22:52:01 - [TEST_STEP][PASSED] - orPath_AddressContact = "Object Repository/RAD_Pages/AddressAndContactInfo_Page": null

2024-02-03 22:52:01 - [TEST_STEP][PASSED] - orPath_FilingStatus = "Object Repository/RAD_Pages/FilingStatus_Page": null

2024-02-03 22:52:01 - [TEST_STEP][PASSED] - orPath_Amount = "Object Repository/RAD_Pages/PaymentAmount_Page": null

2024-02-03 22:52:01 - [TEST_STEP][PASSED] - orPath_TaxInfo = "Object Repository/RAD_Pages/TaxInfo_Page": null

2024-02-03 22:52:01 - [TEST_STEP][PASSED] - orPath_Withholding = "Object Repository/RAD_Pages/Withholding_Page": null

2024-02-03 22:52:01 - [TEST_STEP][PASSED] - orPath_Summary = "Object Repository/RAD_Pages/Summary_Page": null

2024-02-03 22:52:01 - [TEST_STEP][PASSED] - orPath_PaymentReady = "Object Repository/RAD_Pages/PaymentReady_Page": null

2024-02-03 22:52:01 - [TEST_STEP][PASSED] - orPath_PaymentEntry = "Object Repository/RAD_Pages/PaymentEntry_Page": null

2024-02-03 22:52:01 - [TEST_STEP][PASSED] - orPath_PaymentConfirmation = "Object Repository/RAD_Pages/PaymentConfirmation_Page": null

2024-02-03 22:52:01 - [TEST_STEP][PASSED] - orPath_ServiceFeesAccept = "Object Repository/RAD_Pages/ServiceFeeAccept_Page": null

2024-02-03 22:52:01 - [TEST_STEP][PASSED] - selectOptionByLabel(findTestObject(orPath_Landing + "/dd_TaxType"), Paymenttype, false): All options with label 'New Tax Return Amount Due' are selected in object 'Object Repository/RAD_Pages/Landing_Page/dd_TaxType' 

2024-02-03 22:52:02 - [MESSAGE][PASSED] - All options with label 'New Tax Return Amount Due' are selected in object 'Object Repository/RAD_Pages/Landing_Page/dd_TaxType' 

2024-02-03 22:52:02 - [TEST_STEP][PASSED] - delay(1): Delayed 1 second(s)

2024-02-03 22:52:03 - [MESSAGE][PASSED] - Delayed 1 second(s)

2024-02-03 22:52:03 - [TEST_STEP][PASSED] - switch (Paymenttype): null

2024-02-03 22:52:03 - [TEST_STEP][PASSED] - case "New Tax Return Amount Due":: null

2024-02-03 22:52:03 - [TEST_STEP][PASSED] - selectOptionByLabel(findTestObject("Object Repository/RAD_Pages/Landing_Page/select_NewTaxReturnAmountDue_TaxType"), Taxtype, false): All options with label 'Motor Fuel Tax' are selected in object 'Object Repository/RAD_Pages/Landing_Page/select_NewTaxReturnAmountDue_TaxType' 

2024-02-03 22:52:03 - [MESSAGE][PASSED] - All options with label 'Motor Fuel Tax' are selected in object 'Object Repository/RAD_Pages/Landing_Page/select_NewTaxReturnAmountDue_TaxType' 

2024-02-03 22:52:03 - [TEST_STEP][PASSED] - break: null

2024-02-03 22:52:03 - [TEST_STEP][PASSED] - delay(1): Delayed 1 second(s)

2024-02-03 22:52:04 - [MESSAGE][PASSED] - Delayed 1 second(s)

2024-02-03 22:52:04 - [TEST_STEP][PASSED] - scrollToElement(findTestObject(orPath_Amount + "/input__paymentAmount"), 2, CONTINUE_ON_FAILURE): Scroll to object 'Object Repository/RAD_Pages/PaymentAmount_Page/input__paymentAmount' successfully

2024-02-03 22:52:04 - [MESSAGE][PASSED] - Scroll to object 'Object Repository/RAD_Pages/PaymentAmount_Page/input__paymentAmount' successfully

2024-02-03 22:52:04 - [TEST_STEP][PASSED] - switch (Paymenttype): null

2024-02-03 22:52:04 - [TEST_STEP][PASSED] - case "New Tax Return Amount Due":: null

2024-02-03 22:52:04 - [TEST_STEP][PASSED] - setEncryptedText(findTestObject(orPath_TaxInfo + "/input_FederalEIN-2"), "RigbBhfdqODKcAsiUrg+1Q=="): Text ****** has been set on object 'Object Repository/RAD_Pages/TaxInfo_Page/input_FederalEIN-2'

2024-02-03 22:52:05 - [MESSAGE][PASSED] - Text ****** has been set on object 'Object Repository/RAD_Pages/TaxInfo_Page/input_FederalEIN-2'

2024-02-03 22:52:05 - [TEST_STEP][PASSED] - setEncryptedText(findTestObject(orPath_TaxInfo + "/input_FederalEIN_ReEnter-2"), "RigbBhfdqOBBGbZqm4oFJQ=="): Text ****** has been set on object 'Object Repository/RAD_Pages/TaxInfo_Page/input_FederalEIN_ReEnter-2'

2024-02-03 22:52:06 - [MESSAGE][PASSED] - Text ****** has been set on object 'Object Repository/RAD_Pages/TaxInfo_Page/input_FederalEIN_ReEnter-2'

2024-02-03 22:52:06 - [TEST_STEP][PASSED] - break: null

2024-02-03 22:52:06 - [TEST_STEP][PASSED] - setText(findTestObject(orPath_Amount + "/input__paymentAmount"), ""): Text '' is set on object 'Object Repository/RAD_Pages/PaymentAmount_Page/input__paymentAmount'

2024-02-03 22:52:06 - [MESSAGE][PASSED] - Text '' is set on object 'Object Repository/RAD_Pages/PaymentAmount_Page/input__paymentAmount'

2024-02-03 22:52:06 - [TEST_STEP][PASSED] - verifyTextPresent("The FEIN and Re-type FEIN do not match", true): Text 'The FEIN and Re-type FEIN do not match' is present on page  using regular expression

2024-02-03 22:52:07 - [MESSAGE][PASSED] - Text 'The FEIN and Re-type FEIN do not match' is present on page  using regular expression

2024-02-03 22:52:07 - [TEST_STEP][PASSED] - if (verifyTextPresent("The FEIN and Re-type FEIN do not match", true)): null

2024-02-03 22:52:07 - [MESSAGE][PASSED] - Text 'The FEIN and Re-type FEIN do not match' is present on page  using regular expression

2024-02-03 22:52:07 - [TEST_STEP][PASSED] - println("Error Message is present on the page"): null

2024-02-03 22:52:07 - [TEST_STEP][PASSED] - out.println("Pass Record Number: " + row): null

2024-02-03 22:52:07 - [TEST_STEP][PASSED] - resText = "Pass": null

2024-02-03 22:52:07 - [TEST_STEP][PASSED] - pages.WriteExcel.demoKey(resText, datText, resColumn, datCloumn, fileLoc, nameSheet, row): pages.WriteExcel.demoKey is PASSED

2024-02-03 22:52:08 - [MESSAGE][PASSED] - pages.WriteExcel.demoKey is PASSED

2024-02-03 22:52:08 - [TEST_STEP][PASSED] - ExecuteTC = findTestData(dataFile).getValue("Execute", row): null

2024-02-03 22:52:08 - [TEST_STEP][PASSED] - Taxtype = findTestData(dataFile).getValue("TaxType", row): null

2024-02-03 22:52:08 - [TEST_STEP][PASSED] - Paymenttype = findTestData(dataFile).getValue("PaymentType", row): null

2024-02-03 22:52:08 - [TEST_STEP][PASSED] - out.println("Value of Execute is : " + ExecuteTC): null

2024-02-03 22:52:08 - [TEST_STEP][PASSED] - if (ExecuteTC.equalsIgnoreCase("Y")): null

2024-02-03 22:52:08 - [TEST_STEP][PASSED] - out.println("Begin Record Number: " + row): null

2024-02-03 22:52:08 - [TEST_STEP][PASSED] - today = new java.util.Date(): null

2024-02-03 22:52:08 - [TEST_STEP][PASSED] - println(today): null

2024-02-03 22:52:08 - [TEST_STEP][PASSED] - datText = today: null

2024-02-03 22:52:08 - [TEST_STEP][PASSED] - Taxtype = findTestData(dataFile).getValue("TaxType", row): null

2024-02-03 22:52:08 - [TEST_STEP][PASSED] - out.println("Taxtype value is : " + Taxtype): null

2024-02-03 22:52:08 - [TEST_STEP][PASSED] - openBrowser(""): Browser is opened with url: ''

2024-02-03 22:52:08 - [MESSAGE][WARNING] - A browser is already opened. Closing browser and opening a new one

2024-02-03 22:52:09 - [MESSAGE][INFO] - Starting 'Chrome' driver

2024-02-03 22:52:09 - [MESSAGE][INFO] - User set preference: ['acceptInsecureCerts', 'true']

2024-02-03 22:52:09 - [MESSAGE][INFO] - Action delay is set to 0 milliseconds

2024-02-03 22:52:10 - [MESSAGE][PASSED] - Browser is opened with url: ''

2024-02-03 22:52:10 - [TEST_STEP][PASSED] - maximizeWindow(): Current window maximized

2024-02-03 22:52:11 - [MESSAGE][PASSED] - Current window maximized

2024-02-03 22:52:11 - [TEST_STEP][PASSED] - navigateToUrl(RADurl): Navigate to 'https://qa2.velocitypayment.com/client/rad/index.html' successfully

2024-02-03 22:52:11 - [MESSAGE][PASSED] - Navigate to 'https://qa2.velocitypayment.com/client/rad/index.html' successfully

2024-02-03 22:52:11 - [TEST_STEP][PASSED] - orPath_Landing = "Object Repository/RAD_Pages/Landing_Page": null

2024-02-03 22:52:11 - [TEST_STEP][PASSED] - orPath_TaxTypeFilingYear = "Object Repository/RAD_Pages/TaxTypeFilingYear_Page": null

2024-02-03 22:52:11 - [TEST_STEP][PASSED] - orPath_TaxPayer = "Object Repository/RAD_Pages/Taxpayer_Page": null

2024-02-03 22:52:11 - [TEST_STEP][PASSED] - orPath_AddressContact = "Object Repository/RAD_Pages/AddressAndContactInfo_Page": null

2024-02-03 22:52:11 - [TEST_STEP][PASSED] - orPath_FilingStatus = "Object Repository/RAD_Pages/FilingStatus_Page": null

2024-02-03 22:52:11 - [TEST_STEP][PASSED] - orPath_Amount = "Object Repository/RAD_Pages/PaymentAmount_Page": null

2024-02-03 22:52:11 - [TEST_STEP][PASSED] - orPath_TaxInfo = "Object Repository/RAD_Pages/TaxInfo_Page": null

2024-02-03 22:52:11 - [TEST_STEP][PASSED] - orPath_Withholding = "Object Repository/RAD_Pages/Withholding_Page": null

2024-02-03 22:52:11 - [TEST_STEP][PASSED] - orPath_Summary = "Object Repository/RAD_Pages/Summary_Page": null

2024-02-03 22:52:11 - [TEST_STEP][PASSED] - orPath_PaymentReady = "Object Repository/RAD_Pages/PaymentReady_Page": null

2024-02-03 22:52:11 - [TEST_STEP][PASSED] - orPath_PaymentEntry = "Object Repository/RAD_Pages/PaymentEntry_Page": null

2024-02-03 22:52:11 - [TEST_STEP][PASSED] - orPath_PaymentConfirmation = "Object Repository/RAD_Pages/PaymentConfirmation_Page": null

2024-02-03 22:52:11 - [TEST_STEP][PASSED] - orPath_ServiceFeesAccept = "Object Repository/RAD_Pages/ServiceFeeAccept_Page": null

2024-02-03 22:52:11 - [TEST_STEP][PASSED] - selectOptionByLabel(findTestObject(orPath_Landing + "/dd_TaxType"), Paymenttype, false): All options with label 'New Tax Return Amount Due' are selected in object 'Object Repository/RAD_Pages/Landing_Page/dd_TaxType' 

2024-02-03 22:52:13 - [MESSAGE][PASSED] - All options with label 'New Tax Return Amount Due' are selected in object 'Object Repository/RAD_Pages/Landing_Page/dd_TaxType' 

2024-02-03 22:52:13 - [TEST_STEP][PASSED] - delay(1): Delayed 1 second(s)

2024-02-03 22:52:14 - [MESSAGE][PASSED] - Delayed 1 second(s)

2024-02-03 22:52:14 - [TEST_STEP][PASSED] - switch (Paymenttype): null

2024-02-03 22:52:14 - [TEST_STEP][PASSED] - case "New Tax Return Amount Due":: null

2024-02-03 22:52:14 - [TEST_STEP][PASSED] - selectOptionByLabel(findTestObject("Object Repository/RAD_Pages/Landing_Page/select_NewTaxReturnAmountDue_TaxType"), Taxtype, false): All options with label 'Sales and Use Tax' are selected in object 'Object Repository/RAD_Pages/Landing_Page/select_NewTaxReturnAmountDue_TaxType' 

2024-02-03 22:52:15 - [MESSAGE][PASSED] - All options with label 'Sales and Use Tax' are selected in object 'Object Repository/RAD_Pages/Landing_Page/select_NewTaxReturnAmountDue_TaxType' 

2024-02-03 22:52:15 - [TEST_STEP][PASSED] - break: null

2024-02-03 22:52:15 - [TEST_STEP][PASSED] - delay(1): Delayed 1 second(s)

2024-02-03 22:52:16 - [MESSAGE][PASSED] - Delayed 1 second(s)

2024-02-03 22:52:16 - [TEST_STEP][PASSED] - scrollToElement(findTestObject(orPath_Amount + "/input__paymentAmount"), 2, CONTINUE_ON_FAILURE): Scroll to object 'Object Repository/RAD_Pages/PaymentAmount_Page/input__paymentAmount' successfully

2024-02-03 22:52:16 - [MESSAGE][PASSED] - Scroll to object 'Object Repository/RAD_Pages/PaymentAmount_Page/input__paymentAmount' successfully

2024-02-03 22:52:16 - [TEST_STEP][PASSED] - switch (Paymenttype): null

2024-02-03 22:52:16 - [TEST_STEP][PASSED] - case "New Tax Return Amount Due":: null

2024-02-03 22:52:16 - [TEST_STEP][PASSED] - setEncryptedText(findTestObject(orPath_TaxInfo + "/input_FederalEIN-2"), "RigbBhfdqODKcAsiUrg+1Q=="): Text ****** has been set on object 'Object Repository/RAD_Pages/TaxInfo_Page/input_FederalEIN-2'

2024-02-03 22:52:17 - [MESSAGE][PASSED] - Text ****** has been set on object 'Object Repository/RAD_Pages/TaxInfo_Page/input_FederalEIN-2'

2024-02-03 22:52:17 - [TEST_STEP][PASSED] - setEncryptedText(findTestObject(orPath_TaxInfo + "/input_FederalEIN_ReEnter-2"), "RigbBhfdqOBBGbZqm4oFJQ=="): Text ****** has been set on object 'Object Repository/RAD_Pages/TaxInfo_Page/input_FederalEIN_ReEnter-2'

2024-02-03 22:52:17 - [MESSAGE][PASSED] - Text ****** has been set on object 'Object Repository/RAD_Pages/TaxInfo_Page/input_FederalEIN_ReEnter-2'

2024-02-03 22:52:17 - [TEST_STEP][PASSED] - break: null

2024-02-03 22:52:17 - [TEST_STEP][PASSED] - setText(findTestObject(orPath_Amount + "/input__paymentAmount"), ""): Text '' is set on object 'Object Repository/RAD_Pages/PaymentAmount_Page/input__paymentAmount'

2024-02-03 22:52:18 - [MESSAGE][PASSED] - Text '' is set on object 'Object Repository/RAD_Pages/PaymentAmount_Page/input__paymentAmount'

2024-02-03 22:52:18 - [TEST_STEP][PASSED] - verifyTextPresent("The FEIN and Re-type FEIN do not match", true): Text 'The FEIN and Re-type FEIN do not match' is present on page  using regular expression

2024-02-03 22:52:19 - [MESSAGE][PASSED] - Text 'The FEIN and Re-type FEIN do not match' is present on page  using regular expression

2024-02-03 22:52:19 - [TEST_STEP][PASSED] - if (verifyTextPresent("The FEIN and Re-type FEIN do not match", true)): null

2024-02-03 22:52:19 - [MESSAGE][PASSED] - Text 'The FEIN and Re-type FEIN do not match' is present on page  using regular expression

2024-02-03 22:52:19 - [TEST_STEP][PASSED] - println("Error Message is present on the page"): null

2024-02-03 22:52:19 - [TEST_STEP][PASSED] - out.println("Pass Record Number: " + row): null

2024-02-03 22:52:19 - [TEST_STEP][PASSED] - resText = "Pass": null

2024-02-03 22:52:19 - [TEST_STEP][PASSED] - pages.WriteExcel.demoKey(resText, datText, resColumn, datCloumn, fileLoc, nameSheet, row): pages.WriteExcel.demoKey is PASSED

2024-02-03 22:52:19 - [MESSAGE][PASSED] - pages.WriteExcel.demoKey is PASSED

2024-02-03 22:52:19 - [TEST_STEP][PASSED] - ExecuteTC = findTestData(dataFile).getValue("Execute", row): null

2024-02-03 22:52:19 - [TEST_STEP][PASSED] - Taxtype = findTestData(dataFile).getValue("TaxType", row): null

2024-02-03 22:52:19 - [TEST_STEP][PASSED] - Paymenttype = findTestData(dataFile).getValue("PaymentType", row): null

2024-02-03 22:52:19 - [TEST_STEP][PASSED] - out.println("Value of Execute is : " + ExecuteTC): null

2024-02-03 22:52:19 - [TEST_STEP][PASSED] - if (ExecuteTC.equalsIgnoreCase("Y")): null

2024-02-03 22:52:19 - [TEST_STEP][PASSED] - out.println("Begin Record Number: " + row): null

2024-02-03 22:52:19 - [TEST_STEP][PASSED] - today = new java.util.Date(): null

2024-02-03 22:52:19 - [TEST_STEP][PASSED] - println(today): null

2024-02-03 22:52:19 - [TEST_STEP][PASSED] - datText = today: null

2024-02-03 22:52:19 - [TEST_STEP][PASSED] - Taxtype = findTestData(dataFile).getValue("TaxType", row): null

2024-02-03 22:52:19 - [TEST_STEP][PASSED] - out.println("Taxtype value is : " + Taxtype): null

2024-02-03 22:52:19 - [TEST_STEP][PASSED] - openBrowser(""): Browser is opened with url: ''

2024-02-03 22:52:19 - [MESSAGE][WARNING] - A browser is already opened. Closing browser and opening a new one

2024-02-03 22:52:20 - [MESSAGE][INFO] - Starting 'Chrome' driver

2024-02-03 22:52:20 - [MESSAGE][INFO] - User set preference: ['acceptInsecureCerts', 'true']

2024-02-03 22:52:20 - [MESSAGE][INFO] - Action delay is set to 0 milliseconds

2024-02-03 22:52:22 - [MESSAGE][PASSED] - Browser is opened with url: ''

2024-02-03 22:52:22 - [TEST_STEP][PASSED] - maximizeWindow(): Current window maximized

2024-02-03 22:52:22 - [MESSAGE][PASSED] - Current window maximized

2024-02-03 22:52:22 - [TEST_STEP][PASSED] - navigateToUrl(RADurl): Navigate to 'https://qa2.velocitypayment.com/client/rad/index.html' successfully

2024-02-03 22:52:24 - [MESSAGE][PASSED] - Navigate to 'https://qa2.velocitypayment.com/client/rad/index.html' successfully

2024-02-03 22:52:24 - [TEST_STEP][PASSED] - orPath_Landing = "Object Repository/RAD_Pages/Landing_Page": null

2024-02-03 22:52:24 - [TEST_STEP][PASSED] - orPath_TaxTypeFilingYear = "Object Repository/RAD_Pages/TaxTypeFilingYear_Page": null

2024-02-03 22:52:24 - [TEST_STEP][PASSED] - orPath_TaxPayer = "Object Repository/RAD_Pages/Taxpayer_Page": null

2024-02-03 22:52:24 - [TEST_STEP][PASSED] - orPath_AddressContact = "Object Repository/RAD_Pages/AddressAndContactInfo_Page": null

2024-02-03 22:52:24 - [TEST_STEP][PASSED] - orPath_FilingStatus = "Object Repository/RAD_Pages/FilingStatus_Page": null

2024-02-03 22:52:24 - [TEST_STEP][PASSED] - orPath_Amount = "Object Repository/RAD_Pages/PaymentAmount_Page": null

2024-02-03 22:52:24 - [TEST_STEP][PASSED] - orPath_TaxInfo = "Object Repository/RAD_Pages/TaxInfo_Page": null

2024-02-03 22:52:24 - [TEST_STEP][PASSED] - orPath_Withholding = "Object Repository/RAD_Pages/Withholding_Page": null

2024-02-03 22:52:24 - [TEST_STEP][PASSED] - orPath_Summary = "Object Repository/RAD_Pages/Summary_Page": null

2024-02-03 22:52:24 - [TEST_STEP][PASSED] - orPath_PaymentReady = "Object Repository/RAD_Pages/PaymentReady_Page": null

2024-02-03 22:52:24 - [TEST_STEP][PASSED] - orPath_PaymentEntry = "Object Repository/RAD_Pages/PaymentEntry_Page": null

2024-02-03 22:52:24 - [TEST_STEP][PASSED] - orPath_PaymentConfirmation = "Object Repository/RAD_Pages/PaymentConfirmation_Page": null

2024-02-03 22:52:24 - [TEST_STEP][PASSED] - orPath_ServiceFeesAccept = "Object Repository/RAD_Pages/ServiceFeeAccept_Page": null

2024-02-03 22:52:24 - [TEST_STEP][PASSED] - selectOptionByLabel(findTestObject(orPath_Landing + "/dd_TaxType"), Paymenttype, false): All options with label 'New Tax Return Amount Due' are selected in object 'Object Repository/RAD_Pages/Landing_Page/dd_TaxType' 

2024-02-03 22:52:24 - [MESSAGE][PASSED] - All options with label 'New Tax Return Amount Due' are selected in object 'Object Repository/RAD_Pages/Landing_Page/dd_TaxType' 

2024-02-03 22:52:24 - [TEST_STEP][PASSED] - delay(1): Delayed 1 second(s)

2024-02-03 22:52:25 - [MESSAGE][PASSED] - Delayed 1 second(s)

2024-02-03 22:52:25 - [TEST_STEP][PASSED] - switch (Paymenttype): null

2024-02-03 22:52:25 - [TEST_STEP][PASSED] - case "New Tax Return Amount Due":: null

2024-02-03 22:52:25 - [TEST_STEP][PASSED] - selectOptionByLabel(findTestObject("Object Repository/RAD_Pages/Landing_Page/select_NewTaxReturnAmountDue_TaxType"), Taxtype, false): All options with label 'Slots License Fee' are selected in object 'Object Repository/RAD_Pages/Landing_Page/select_NewTaxReturnAmountDue_TaxType' 

2024-02-03 22:52:26 - [MESSAGE][PASSED] - All options with label 'Slots License Fee' are selected in object 'Object Repository/RAD_Pages/Landing_Page/select_NewTaxReturnAmountDue_TaxType' 

2024-02-03 22:52:26 - [TEST_STEP][PASSED] - break: null

2024-02-03 22:52:26 - [TEST_STEP][PASSED] - delay(1): Delayed 1 second(s)

2024-02-03 22:52:27 - [MESSAGE][PASSED] - Delayed 1 second(s)

2024-02-03 22:52:27 - [TEST_STEP][PASSED] - scrollToElement(findTestObject(orPath_Amount + "/input__paymentAmount"), 2, CONTINUE_ON_FAILURE): Scroll to object 'Object Repository/RAD_Pages/PaymentAmount_Page/input__paymentAmount' successfully

2024-02-03 22:52:27 - [MESSAGE][PASSED] - Scroll to object 'Object Repository/RAD_Pages/PaymentAmount_Page/input__paymentAmount' successfully

2024-02-03 22:52:27 - [TEST_STEP][PASSED] - switch (Paymenttype): null

2024-02-03 22:52:27 - [TEST_STEP][PASSED] - case "New Tax Return Amount Due":: null

2024-02-03 22:52:27 - [TEST_STEP][PASSED] - setEncryptedText(findTestObject(orPath_TaxInfo + "/input_FederalEIN-2"), "RigbBhfdqODKcAsiUrg+1Q=="): Text ****** has been set on object 'Object Repository/RAD_Pages/TaxInfo_Page/input_FederalEIN-2'

2024-02-03 22:52:28 - [MESSAGE][PASSED] - Text ****** has been set on object 'Object Repository/RAD_Pages/TaxInfo_Page/input_FederalEIN-2'

2024-02-03 22:52:28 - [TEST_STEP][PASSED] - setEncryptedText(findTestObject(orPath_TaxInfo + "/input_FederalEIN_ReEnter-2"), "RigbBhfdqOBBGbZqm4oFJQ=="): Text ****** has been set on object 'Object Repository/RAD_Pages/TaxInfo_Page/input_FederalEIN_ReEnter-2'

2024-02-03 22:52:29 - [MESSAGE][PASSED] - Text ****** has been set on object 'Object Repository/RAD_Pages/TaxInfo_Page/input_FederalEIN_ReEnter-2'

2024-02-03 22:52:29 - [TEST_STEP][PASSED] - break: null

2024-02-03 22:52:29 - [TEST_STEP][PASSED] - setText(findTestObject(orPath_Amount + "/input__paymentAmount"), ""): Text '' is set on object 'Object Repository/RAD_Pages/PaymentAmount_Page/input__paymentAmount'

2024-02-03 22:52:29 - [MESSAGE][PASSED] - Text '' is set on object 'Object Repository/RAD_Pages/PaymentAmount_Page/input__paymentAmount'

2024-02-03 22:52:29 - [TEST_STEP][PASSED] - verifyTextPresent("The FEIN and Re-type FEIN do not match", true): Text 'The FEIN and Re-type FEIN do not match' is present on page  using regular expression

2024-02-03 22:52:30 - [MESSAGE][PASSED] - Text 'The FEIN and Re-type FEIN do not match' is present on page  using regular expression

2024-02-03 22:52:30 - [TEST_STEP][PASSED] - if (verifyTextPresent("The FEIN and Re-type FEIN do not match", true)): null

2024-02-03 22:52:30 - [MESSAGE][PASSED] - Text 'The FEIN and Re-type FEIN do not match' is present on page  using regular expression

2024-02-03 22:52:30 - [TEST_STEP][PASSED] - println("Error Message is present on the page"): null

2024-02-03 22:52:30 - [TEST_STEP][PASSED] - out.println("Pass Record Number: " + row): null

2024-02-03 22:52:30 - [TEST_STEP][PASSED] - resText = "Pass": null

2024-02-03 22:52:30 - [TEST_STEP][PASSED] - pages.WriteExcel.demoKey(resText, datText, resColumn, datCloumn, fileLoc, nameSheet, row): pages.WriteExcel.demoKey is PASSED

2024-02-03 22:52:30 - [MESSAGE][PASSED] - pages.WriteExcel.demoKey is PASSED

2024-02-03 22:52:30 - [TEST_STEP][PASSED] - ExecuteTC = findTestData(dataFile).getValue("Execute", row): null

2024-02-03 22:52:30 - [TEST_STEP][PASSED] - Taxtype = findTestData(dataFile).getValue("TaxType", row): null

2024-02-03 22:52:30 - [TEST_STEP][PASSED] - Paymenttype = findTestData(dataFile).getValue("PaymentType", row): null

2024-02-03 22:52:31 - [TEST_STEP][PASSED] - out.println("Value of Execute is : " + ExecuteTC): null

2024-02-03 22:52:31 - [TEST_STEP][PASSED] - if (ExecuteTC.equalsIgnoreCase("Y")): null

2024-02-03 22:52:31 - [TEST_STEP][PASSED] - out.println("Begin Record Number: " + row): null

2024-02-03 22:52:31 - [TEST_STEP][PASSED] - today = new java.util.Date(): null

2024-02-03 22:52:31 - [TEST_STEP][PASSED] - println(today): null

2024-02-03 22:52:31 - [TEST_STEP][PASSED] - datText = today: null

2024-02-03 22:52:31 - [TEST_STEP][PASSED] - Taxtype = findTestData(dataFile).getValue("TaxType", row): null

2024-02-03 22:52:31 - [TEST_STEP][PASSED] - out.println("Taxtype value is : " + Taxtype): null

2024-02-03 22:52:31 - [TEST_STEP][PASSED] - openBrowser(""): Browser is opened with url: ''

2024-02-03 22:52:31 - [MESSAGE][WARNING] - A browser is already opened. Closing browser and opening a new one

2024-02-03 22:52:32 - [MESSAGE][INFO] - Starting 'Chrome' driver

2024-02-03 22:52:32 - [MESSAGE][INFO] - User set preference: ['acceptInsecureCerts', 'true']

2024-02-03 22:52:32 - [MESSAGE][INFO] - Action delay is set to 0 milliseconds

2024-02-03 22:52:33 - [MESSAGE][PASSED] - Browser is opened with url: ''

2024-02-03 22:52:33 - [TEST_STEP][PASSED] - maximizeWindow(): Current window maximized

2024-02-03 22:52:33 - [MESSAGE][PASSED] - Current window maximized

2024-02-03 22:52:33 - [TEST_STEP][PASSED] - navigateToUrl(RADurl): Navigate to 'https://qa2.velocitypayment.com/client/rad/index.html' successfully

2024-02-03 22:52:35 - [MESSAGE][PASSED] - Navigate to 'https://qa2.velocitypayment.com/client/rad/index.html' successfully

2024-02-03 22:52:35 - [TEST_STEP][PASSED] - orPath_Landing = "Object Repository/RAD_Pages/Landing_Page": null

2024-02-03 22:52:35 - [TEST_STEP][PASSED] - orPath_TaxTypeFilingYear = "Object Repository/RAD_Pages/TaxTypeFilingYear_Page": null

2024-02-03 22:52:35 - [TEST_STEP][PASSED] - orPath_TaxPayer = "Object Repository/RAD_Pages/Taxpayer_Page": null

2024-02-03 22:52:35 - [TEST_STEP][PASSED] - orPath_AddressContact = "Object Repository/RAD_Pages/AddressAndContactInfo_Page": null

2024-02-03 22:52:35 - [TEST_STEP][PASSED] - orPath_FilingStatus = "Object Repository/RAD_Pages/FilingStatus_Page": null

2024-02-03 22:52:35 - [TEST_STEP][PASSED] - orPath_Amount = "Object Repository/RAD_Pages/PaymentAmount_Page": null

2024-02-03 22:52:35 - [TEST_STEP][PASSED] - orPath_TaxInfo = "Object Repository/RAD_Pages/TaxInfo_Page": null

2024-02-03 22:52:35 - [TEST_STEP][PASSED] - orPath_Withholding = "Object Repository/RAD_Pages/Withholding_Page": null

2024-02-03 22:52:35 - [TEST_STEP][PASSED] - orPath_Summary = "Object Repository/RAD_Pages/Summary_Page": null

2024-02-03 22:52:35 - [TEST_STEP][PASSED] - orPath_PaymentReady = "Object Repository/RAD_Pages/PaymentReady_Page": null

2024-02-03 22:52:35 - [TEST_STEP][PASSED] - orPath_PaymentEntry = "Object Repository/RAD_Pages/PaymentEntry_Page": null

2024-02-03 22:52:35 - [TEST_STEP][PASSED] - orPath_PaymentConfirmation = "Object Repository/RAD_Pages/PaymentConfirmation_Page": null

2024-02-03 22:52:35 - [TEST_STEP][PASSED] - orPath_ServiceFeesAccept = "Object Repository/RAD_Pages/ServiceFeeAccept_Page": null

2024-02-03 22:52:35 - [TEST_STEP][PASSED] - selectOptionByLabel(findTestObject(orPath_Landing + "/dd_TaxType"), Paymenttype, false): All options with label 'New Tax Return Amount Due' are selected in object 'Object Repository/RAD_Pages/Landing_Page/dd_TaxType' 

2024-02-03 22:52:36 - [MESSAGE][PASSED] - All options with label 'New Tax Return Amount Due' are selected in object 'Object Repository/RAD_Pages/Landing_Page/dd_TaxType' 

2024-02-03 22:52:36 - [TEST_STEP][PASSED] - delay(1): Delayed 1 second(s)

2024-02-03 22:52:37 - [MESSAGE][PASSED] - Delayed 1 second(s)

2024-02-03 22:52:37 - [TEST_STEP][PASSED] - switch (Paymenttype): null

2024-02-03 22:52:37 - [TEST_STEP][PASSED] - case "New Tax Return Amount Due":: null

2024-02-03 22:52:37 - [TEST_STEP][PASSED] - selectOptionByLabel(findTestObject("Object Repository/RAD_Pages/Landing_Page/select_NewTaxReturnAmountDue_TaxType"), Taxtype, false): All options with label 'Tire Recycling Fee' are selected in object 'Object Repository/RAD_Pages/Landing_Page/select_NewTaxReturnAmountDue_TaxType' 

2024-02-03 22:52:37 - [MESSAGE][PASSED] - All options with label 'Tire Recycling Fee' are selected in object 'Object Repository/RAD_Pages/Landing_Page/select_NewTaxReturnAmountDue_TaxType' 

2024-02-03 22:52:37 - [TEST_STEP][PASSED] - break: null

2024-02-03 22:52:37 - [TEST_STEP][PASSED] - delay(1): Delayed 1 second(s)

2024-02-03 22:52:38 - [MESSAGE][PASSED] - Delayed 1 second(s)

2024-02-03 22:52:38 - [TEST_STEP][PASSED] - scrollToElement(findTestObject(orPath_Amount + "/input__paymentAmount"), 2, CONTINUE_ON_FAILURE): Scroll to object 'Object Repository/RAD_Pages/PaymentAmount_Page/input__paymentAmount' successfully

2024-02-03 22:52:39 - [MESSAGE][PASSED] - Scroll to object 'Object Repository/RAD_Pages/PaymentAmount_Page/input__paymentAmount' successfully

2024-02-03 22:52:39 - [TEST_STEP][PASSED] - switch (Paymenttype): null

2024-02-03 22:52:39 - [TEST_STEP][PASSED] - case "New Tax Return Amount Due":: null

2024-02-03 22:52:39 - [TEST_STEP][PASSED] - setEncryptedText(findTestObject(orPath_TaxInfo + "/input_FederalEIN-2"), "RigbBhfdqODKcAsiUrg+1Q=="): Text ****** has been set on object 'Object Repository/RAD_Pages/TaxInfo_Page/input_FederalEIN-2'

2024-02-03 22:52:39 - [MESSAGE][PASSED] - Text ****** has been set on object 'Object Repository/RAD_Pages/TaxInfo_Page/input_FederalEIN-2'

2024-02-03 22:52:39 - [TEST_STEP][PASSED] - setEncryptedText(findTestObject(orPath_TaxInfo + "/input_FederalEIN_ReEnter-2"), "RigbBhfdqOBBGbZqm4oFJQ=="): Text ****** has been set on object 'Object Repository/RAD_Pages/TaxInfo_Page/input_FederalEIN_ReEnter-2'

2024-02-03 22:52:40 - [MESSAGE][PASSED] - Text ****** has been set on object 'Object Repository/RAD_Pages/TaxInfo_Page/input_FederalEIN_ReEnter-2'

2024-02-03 22:52:40 - [TEST_STEP][PASSED] - break: null

2024-02-03 22:52:40 - [TEST_STEP][PASSED] - setText(findTestObject(orPath_Amount + "/input__paymentAmount"), ""): Text '' is set on object 'Object Repository/RAD_Pages/PaymentAmount_Page/input__paymentAmount'

2024-02-03 22:52:41 - [MESSAGE][PASSED] - Text '' is set on object 'Object Repository/RAD_Pages/PaymentAmount_Page/input__paymentAmount'

2024-02-03 22:52:41 - [TEST_STEP][PASSED] - verifyTextPresent("The FEIN and Re-type FEIN do not match", true): Text 'The FEIN and Re-type FEIN do not match' is present on page  using regular expression

2024-02-03 22:52:41 - [MESSAGE][PASSED] - Text 'The FEIN and Re-type FEIN do not match' is present on page  using regular expression

2024-02-03 22:52:41 - [TEST_STEP][PASSED] - if (verifyTextPresent("The FEIN and Re-type FEIN do not match", true)): null

2024-02-03 22:52:42 - [MESSAGE][PASSED] - Text 'The FEIN and Re-type FEIN do not match' is present on page  using regular expression

2024-02-03 22:52:42 - [TEST_STEP][PASSED] - println("Error Message is present on the page"): null

2024-02-03 22:52:42 - [TEST_STEP][PASSED] - out.println("Pass Record Number: " + row): null

2024-02-03 22:52:42 - [TEST_STEP][PASSED] - resText = "Pass": null

2024-02-03 22:52:42 - [TEST_STEP][PASSED] - pages.WriteExcel.demoKey(resText, datText, resColumn, datCloumn, fileLoc, nameSheet, row): pages.WriteExcel.demoKey is PASSED

2024-02-03 22:52:42 - [MESSAGE][PASSED] - pages.WriteExcel.demoKey is PASSED

2024-02-03 22:52:42 - [TEST_STEP][PASSED] - ExecuteTC = findTestData(dataFile).getValue("Execute", row): null

2024-02-03 22:52:42 - [TEST_STEP][PASSED] - Taxtype = findTestData(dataFile).getValue("TaxType", row): null

2024-02-03 22:52:42 - [TEST_STEP][PASSED] - Paymenttype = findTestData(dataFile).getValue("PaymentType", row): null

2024-02-03 22:52:42 - [TEST_STEP][PASSED] - out.println("Value of Execute is : " + ExecuteTC): null

2024-02-03 22:52:42 - [TEST_STEP][PASSED] - if (ExecuteTC.equalsIgnoreCase("Y")): null

2024-02-03 22:52:42 - [TEST_STEP][PASSED] - out.println("Begin Record Number: " + row): null

2024-02-03 22:52:42 - [TEST_STEP][PASSED] - today = new java.util.Date(): null

2024-02-03 22:52:42 - [TEST_STEP][PASSED] - println(today): null

2024-02-03 22:52:42 - [TEST_STEP][PASSED] - datText = today: null

2024-02-03 22:52:42 - [TEST_STEP][PASSED] - Taxtype = findTestData(dataFile).getValue("TaxType", row): null

2024-02-03 22:52:42 - [TEST_STEP][PASSED] - out.println("Taxtype value is : " + Taxtype): null

2024-02-03 22:52:42 - [TEST_STEP][PASSED] - openBrowser(""): Browser is opened with url: ''

2024-02-03 22:52:42 - [MESSAGE][WARNING] - A browser is already opened. Closing browser and opening a new one

2024-02-03 22:52:43 - [MESSAGE][INFO] - Starting 'Chrome' driver

2024-02-03 22:52:43 - [MESSAGE][INFO] - User set preference: ['acceptInsecureCerts', 'true']

2024-02-03 22:52:43 - [MESSAGE][INFO] - Action delay is set to 0 milliseconds

2024-02-03 22:52:50 - [MESSAGE][PASSED] - Browser is opened with url: ''

2024-02-03 22:52:50 - [TEST_STEP][PASSED] - maximizeWindow(): Current window maximized

2024-02-03 22:52:50 - [MESSAGE][PASSED] - Current window maximized

2024-02-03 22:52:50 - [TEST_STEP][PASSED] - navigateToUrl(RADurl): Navigate to 'https://qa2.velocitypayment.com/client/rad/index.html' successfully

2024-02-03 22:52:52 - [MESSAGE][PASSED] - Navigate to 'https://qa2.velocitypayment.com/client/rad/index.html' successfully

2024-02-03 22:52:52 - [TEST_STEP][PASSED] - orPath_Landing = "Object Repository/RAD_Pages/Landing_Page": null

2024-02-03 22:52:52 - [TEST_STEP][PASSED] - orPath_TaxTypeFilingYear = "Object Repository/RAD_Pages/TaxTypeFilingYear_Page": null

2024-02-03 22:52:52 - [TEST_STEP][PASSED] - orPath_TaxPayer = "Object Repository/RAD_Pages/Taxpayer_Page": null

2024-02-03 22:52:52 - [TEST_STEP][PASSED] - orPath_AddressContact = "Object Repository/RAD_Pages/AddressAndContactInfo_Page": null

2024-02-03 22:52:52 - [TEST_STEP][PASSED] - orPath_FilingStatus = "Object Repository/RAD_Pages/FilingStatus_Page": null

2024-02-03 22:52:52 - [TEST_STEP][PASSED] - orPath_Amount = "Object Repository/RAD_Pages/PaymentAmount_Page": null

2024-02-03 22:52:52 - [TEST_STEP][PASSED] - orPath_TaxInfo = "Object Repository/RAD_Pages/TaxInfo_Page": null

2024-02-03 22:52:52 - [TEST_STEP][PASSED] - orPath_Withholding = "Object Repository/RAD_Pages/Withholding_Page": null

2024-02-03 22:52:52 - [TEST_STEP][PASSED] - orPath_Summary = "Object Repository/RAD_Pages/Summary_Page": null

2024-02-03 22:52:52 - [TEST_STEP][PASSED] - orPath_PaymentReady = "Object Repository/RAD_Pages/PaymentReady_Page": null

2024-02-03 22:52:52 - [TEST_STEP][PASSED] - orPath_PaymentEntry = "Object Repository/RAD_Pages/PaymentEntry_Page": null

2024-02-03 22:52:52 - [TEST_STEP][PASSED] - orPath_PaymentConfirmation = "Object Repository/RAD_Pages/PaymentConfirmation_Page": null

2024-02-03 22:52:52 - [TEST_STEP][PASSED] - orPath_ServiceFeesAccept = "Object Repository/RAD_Pages/ServiceFeeAccept_Page": null

2024-02-03 22:52:52 - [TEST_STEP][PASSED] - selectOptionByLabel(findTestObject(orPath_Landing + "/dd_TaxType"), Paymenttype, false): All options with label 'New Tax Return Amount Due' are selected in object 'Object Repository/RAD_Pages/Landing_Page/dd_TaxType' 

2024-02-03 22:52:53 - [MESSAGE][PASSED] - All options with label 'New Tax Return Amount Due' are selected in object 'Object Repository/RAD_Pages/Landing_Page/dd_TaxType' 

2024-02-03 22:52:53 - [TEST_STEP][PASSED] - delay(1): Delayed 1 second(s)

2024-02-03 22:52:54 - [MESSAGE][PASSED] - Delayed 1 second(s)

2024-02-03 22:52:54 - [TEST_STEP][PASSED] - switch (Paymenttype): null

2024-02-03 22:52:54 - [TEST_STEP][PASSED] - case "New Tax Return Amount Due":: null

2024-02-03 22:52:54 - [TEST_STEP][PASSED] - selectOptionByLabel(findTestObject("Object Repository/RAD_Pages/Landing_Page/select_NewTaxReturnAmountDue_TaxType"), Taxtype, false): All options with label 'Transportation Network Services' are selected in object 'Object Repository/RAD_Pages/Landing_Page/select_NewTaxReturnAmountDue_TaxType' 

2024-02-03 22:52:54 - [MESSAGE][PASSED] - All options with label 'Transportation Network Services' are selected in object 'Object Repository/RAD_Pages/Landing_Page/select_NewTaxReturnAmountDue_TaxType' 

2024-02-03 22:52:54 - [TEST_STEP][PASSED] - break: null

2024-02-03 22:52:54 - [TEST_STEP][PASSED] - delay(1): Delayed 1 second(s)

2024-02-03 22:52:55 - [MESSAGE][PASSED] - Delayed 1 second(s)

2024-02-03 22:52:55 - [TEST_STEP][PASSED] - scrollToElement(findTestObject(orPath_Amount + "/input__paymentAmount"), 2, CONTINUE_ON_FAILURE): Scroll to object 'Object Repository/RAD_Pages/PaymentAmount_Page/input__paymentAmount' successfully

2024-02-03 22:52:56 - [MESSAGE][PASSED] - Scroll to object 'Object Repository/RAD_Pages/PaymentAmount_Page/input__paymentAmount' successfully

2024-02-03 22:52:56 - [TEST_STEP][PASSED] - switch (Paymenttype): null

2024-02-03 22:52:56 - [TEST_STEP][PASSED] - case "New Tax Return Amount Due":: null

2024-02-03 22:52:56 - [TEST_STEP][PASSED] - setEncryptedText(findTestObject(orPath_TaxInfo + "/input_FederalEIN-2"), "RigbBhfdqODKcAsiUrg+1Q=="): Text ****** has been set on object 'Object Repository/RAD_Pages/TaxInfo_Page/input_FederalEIN-2'

2024-02-03 22:52:56 - [MESSAGE][PASSED] - Text ****** has been set on object 'Object Repository/RAD_Pages/TaxInfo_Page/input_FederalEIN-2'

2024-02-03 22:52:56 - [TEST_STEP][PASSED] - setEncryptedText(findTestObject(orPath_TaxInfo + "/input_FederalEIN_ReEnter-2"), "RigbBhfdqOBBGbZqm4oFJQ=="): Text ****** has been set on object 'Object Repository/RAD_Pages/TaxInfo_Page/input_FederalEIN_ReEnter-2'

2024-02-03 22:52:57 - [MESSAGE][PASSED] - Text ****** has been set on object 'Object Repository/RAD_Pages/TaxInfo_Page/input_FederalEIN_ReEnter-2'

2024-02-03 22:52:57 - [TEST_STEP][PASSED] - break: null

2024-02-03 22:52:57 - [TEST_STEP][PASSED] - setText(findTestObject(orPath_Amount + "/input__paymentAmount"), ""): Text '' is set on object 'Object Repository/RAD_Pages/PaymentAmount_Page/input__paymentAmount'

2024-02-03 22:52:58 - [MESSAGE][PASSED] - Text '' is set on object 'Object Repository/RAD_Pages/PaymentAmount_Page/input__paymentAmount'

2024-02-03 22:52:58 - [TEST_STEP][PASSED] - verifyTextPresent("The FEIN and Re-type FEIN do not match", true): Text 'The FEIN and Re-type FEIN do not match' is present on page  using regular expression

2024-02-03 22:52:58 - [MESSAGE][PASSED] - Text 'The FEIN and Re-type FEIN do not match' is present on page  using regular expression

2024-02-03 22:52:58 - [TEST_STEP][PASSED] - if (verifyTextPresent("The FEIN and Re-type FEIN do not match", true)): null

2024-02-03 22:52:59 - [MESSAGE][PASSED] - Text 'The FEIN and Re-type FEIN do not match' is present on page  using regular expression

2024-02-03 22:52:59 - [TEST_STEP][PASSED] - println("Error Message is present on the page"): null

2024-02-03 22:52:59 - [TEST_STEP][PASSED] - out.println("Pass Record Number: " + row): null

2024-02-03 22:52:59 - [TEST_STEP][PASSED] - resText = "Pass": null

2024-02-03 22:52:59 - [TEST_STEP][PASSED] - pages.WriteExcel.demoKey(resText, datText, resColumn, datCloumn, fileLoc, nameSheet, row): pages.WriteExcel.demoKey is PASSED

2024-02-03 22:52:59 - [MESSAGE][PASSED] - pages.WriteExcel.demoKey is PASSED

2024-02-03 22:52:59 - [TEST_STEP][PASSED] - ExecuteTC = findTestData(dataFile).getValue("Execute", row): null

2024-02-03 22:52:59 - [TEST_STEP][PASSED] - Taxtype = findTestData(dataFile).getValue("TaxType", row): null

2024-02-03 22:52:59 - [TEST_STEP][PASSED] - Paymenttype = findTestData(dataFile).getValue("PaymentType", row): null

2024-02-03 22:52:59 - [TEST_STEP][PASSED] - out.println("Value of Execute is : " + ExecuteTC): null

2024-02-03 22:52:59 - [TEST_STEP][PASSED] - if (ExecuteTC.equalsIgnoreCase("Y")): null

2024-02-03 22:52:59 - [TEST_STEP][PASSED] - out.println("Begin Record Number: " + row): null

2024-02-03 22:52:59 - [TEST_STEP][PASSED] - today = new java.util.Date(): null

2024-02-03 22:52:59 - [TEST_STEP][PASSED] - println(today): null

2024-02-03 22:52:59 - [TEST_STEP][PASSED] - datText = today: null

2024-02-03 22:52:59 - [TEST_STEP][PASSED] - Taxtype = findTestData(dataFile).getValue("TaxType", row): null

2024-02-03 22:52:59 - [TEST_STEP][PASSED] - out.println("Taxtype value is : " + Taxtype): null

2024-02-03 22:52:59 - [TEST_STEP][PASSED] - openBrowser(""): Browser is opened with url: ''

2024-02-03 22:52:59 - [MESSAGE][WARNING] - A browser is already opened. Closing browser and opening a new one

2024-02-03 22:53:00 - [MESSAGE][INFO] - Starting 'Chrome' driver

2024-02-03 22:53:00 - [MESSAGE][INFO] - User set preference: ['acceptInsecureCerts', 'true']

2024-02-03 22:53:00 - [MESSAGE][INFO] - Action delay is set to 0 milliseconds

2024-02-03 22:53:02 - [MESSAGE][PASSED] - Browser is opened with url: ''

2024-02-03 22:53:02 - [TEST_STEP][PASSED] - maximizeWindow(): Current window maximized

2024-02-03 22:53:02 - [MESSAGE][PASSED] - Current window maximized

2024-02-03 22:53:02 - [TEST_STEP][PASSED] - navigateToUrl(RADurl): Navigate to 'https://qa2.velocitypayment.com/client/rad/index.html' successfully

2024-02-03 22:53:04 - [MESSAGE][PASSED] - Navigate to 'https://qa2.velocitypayment.com/client/rad/index.html' successfully

2024-02-03 22:53:04 - [TEST_STEP][PASSED] - orPath_Landing = "Object Repository/RAD_Pages/Landing_Page": null

2024-02-03 22:53:04 - [TEST_STEP][PASSED] - orPath_TaxTypeFilingYear = "Object Repository/RAD_Pages/TaxTypeFilingYear_Page": null

2024-02-03 22:53:04 - [TEST_STEP][PASSED] - orPath_TaxPayer = "Object Repository/RAD_Pages/Taxpayer_Page": null

2024-02-03 22:53:04 - [TEST_STEP][PASSED] - orPath_AddressContact = "Object Repository/RAD_Pages/AddressAndContactInfo_Page": null

2024-02-03 22:53:04 - [TEST_STEP][PASSED] - orPath_FilingStatus = "Object Repository/RAD_Pages/FilingStatus_Page": null

2024-02-03 22:53:04 - [TEST_STEP][PASSED] - orPath_Amount = "Object Repository/RAD_Pages/PaymentAmount_Page": null

2024-02-03 22:53:04 - [TEST_STEP][PASSED] - orPath_TaxInfo = "Object Repository/RAD_Pages/TaxInfo_Page": null

2024-02-03 22:53:04 - [TEST_STEP][PASSED] - orPath_Withholding = "Object Repository/RAD_Pages/Withholding_Page": null

2024-02-03 22:53:04 - [TEST_STEP][PASSED] - orPath_Summary = "Object Repository/RAD_Pages/Summary_Page": null

2024-02-03 22:53:04 - [TEST_STEP][PASSED] - orPath_PaymentReady = "Object Repository/RAD_Pages/PaymentReady_Page": null

2024-02-03 22:53:04 - [TEST_STEP][PASSED] - orPath_PaymentEntry = "Object Repository/RAD_Pages/PaymentEntry_Page": null

2024-02-03 22:53:04 - [TEST_STEP][PASSED] - orPath_PaymentConfirmation = "Object Repository/RAD_Pages/PaymentConfirmation_Page": null

2024-02-03 22:53:04 - [TEST_STEP][PASSED] - orPath_ServiceFeesAccept = "Object Repository/RAD_Pages/ServiceFeeAccept_Page": null

2024-02-03 22:53:04 - [TEST_STEP][PASSED] - selectOptionByLabel(findTestObject(orPath_Landing + "/dd_TaxType"), Paymenttype, false): All options with label 'New Tax Return Amount Due' are selected in object 'Object Repository/RAD_Pages/Landing_Page/dd_TaxType' 

2024-02-03 22:53:04 - [MESSAGE][PASSED] - All options with label 'New Tax Return Amount Due' are selected in object 'Object Repository/RAD_Pages/Landing_Page/dd_TaxType' 

2024-02-03 22:53:04 - [TEST_STEP][PASSED] - delay(1): Delayed 1 second(s)

2024-02-03 22:53:05 - [MESSAGE][PASSED] - Delayed 1 second(s)

2024-02-03 22:53:05 - [TEST_STEP][PASSED] - switch (Paymenttype): null

2024-02-03 22:53:05 - [TEST_STEP][PASSED] - case "New Tax Return Amount Due":: null

2024-02-03 22:53:05 - [TEST_STEP][PASSED] - selectOptionByLabel(findTestObject("Object Repository/RAD_Pages/Landing_Page/select_NewTaxReturnAmountDue_TaxType"), Taxtype, false): All options with label 'Unclaimed Property' are selected in object 'Object Repository/RAD_Pages/Landing_Page/select_NewTaxReturnAmountDue_TaxType' 

2024-02-03 22:53:06 - [MESSAGE][PASSED] - All options with label 'Unclaimed Property' are selected in object 'Object Repository/RAD_Pages/Landing_Page/select_NewTaxReturnAmountDue_TaxType' 

2024-02-03 22:53:06 - [TEST_STEP][PASSED] - break: null

2024-02-03 22:53:06 - [TEST_STEP][PASSED] - delay(1): Delayed 1 second(s)

2024-02-03 22:53:07 - [MESSAGE][PASSED] - Delayed 1 second(s)

2024-02-03 22:53:07 - [TEST_STEP][PASSED] - scrollToElement(findTestObject(orPath_Amount + "/input__paymentAmount"), 2, CONTINUE_ON_FAILURE): Scroll to object 'Object Repository/RAD_Pages/PaymentAmount_Page/input__paymentAmount' successfully

2024-02-03 22:53:07 - [MESSAGE][PASSED] - Scroll to object 'Object Repository/RAD_Pages/PaymentAmount_Page/input__paymentAmount' successfully

2024-02-03 22:53:07 - [TEST_STEP][PASSED] - switch (Paymenttype): null

2024-02-03 22:53:07 - [TEST_STEP][PASSED] - case "New Tax Return Amount Due":: null

2024-02-03 22:53:07 - [TEST_STEP][PASSED] - setEncryptedText(findTestObject(orPath_TaxInfo + "/input_FederalEIN-2"), "RigbBhfdqODKcAsiUrg+1Q=="): Text ****** has been set on object 'Object Repository/RAD_Pages/TaxInfo_Page/input_FederalEIN-2'

2024-02-03 22:53:08 - [MESSAGE][PASSED] - Text ****** has been set on object 'Object Repository/RAD_Pages/TaxInfo_Page/input_FederalEIN-2'

2024-02-03 22:53:08 - [TEST_STEP][PASSED] - setEncryptedText(findTestObject(orPath_TaxInfo + "/input_FederalEIN_ReEnter-2"), "RigbBhfdqOBBGbZqm4oFJQ=="): Text ****** has been set on object 'Object Repository/RAD_Pages/TaxInfo_Page/input_FederalEIN_ReEnter-2'

2024-02-03 22:53:08 - [MESSAGE][PASSED] - Text ****** has been set on object 'Object Repository/RAD_Pages/TaxInfo_Page/input_FederalEIN_ReEnter-2'

2024-02-03 22:53:08 - [TEST_STEP][PASSED] - break: null

2024-02-03 22:53:08 - [TEST_STEP][PASSED] - setText(findTestObject(orPath_Amount + "/input__paymentAmount"), ""): Text '' is set on object 'Object Repository/RAD_Pages/PaymentAmount_Page/input__paymentAmount'

2024-02-03 22:53:09 - [MESSAGE][PASSED] - Text '' is set on object 'Object Repository/RAD_Pages/PaymentAmount_Page/input__paymentAmount'

2024-02-03 22:53:09 - [TEST_STEP][PASSED] - verifyTextPresent("The FEIN and Re-type FEIN do not match", true): Text 'The FEIN and Re-type FEIN do not match' is present on page  using regular expression

2024-02-03 22:53:10 - [MESSAGE][PASSED] - Text 'The FEIN and Re-type FEIN do not match' is present on page  using regular expression

2024-02-03 22:53:10 - [TEST_STEP][PASSED] - if (verifyTextPresent("The FEIN and Re-type FEIN do not match", true)): null

2024-02-03 22:53:10 - [MESSAGE][PASSED] - Text 'The FEIN and Re-type FEIN do not match' is present on page  using regular expression

2024-02-03 22:53:10 - [TEST_STEP][PASSED] - println("Error Message is present on the page"): null

2024-02-03 22:53:10 - [TEST_STEP][PASSED] - out.println("Pass Record Number: " + row): null

2024-02-03 22:53:10 - [TEST_STEP][PASSED] - resText = "Pass": null

2024-02-03 22:53:10 - [TEST_STEP][PASSED] - pages.WriteExcel.demoKey(resText, datText, resColumn, datCloumn, fileLoc, nameSheet, row): pages.WriteExcel.demoKey is PASSED

2024-02-03 22:53:10 - [MESSAGE][PASSED] - pages.WriteExcel.demoKey is PASSED

2024-02-03 22:53:10 - [TEST_STEP][PASSED] - ExecuteTC = findTestData(dataFile).getValue("Execute", row): null

2024-02-03 22:53:10 - [TEST_STEP][PASSED] - Taxtype = findTestData(dataFile).getValue("TaxType", row): null

2024-02-03 22:53:10 - [TEST_STEP][PASSED] - Paymenttype = findTestData(dataFile).getValue("PaymentType", row): null

2024-02-03 22:53:10 - [TEST_STEP][PASSED] - out.println("Value of Execute is : " + ExecuteTC): null

2024-02-03 22:53:10 - [TEST_STEP][PASSED] - if (ExecuteTC.equalsIgnoreCase("Y")): null

2024-02-03 22:53:10 - [TEST_STEP][PASSED] - out.println("Begin Record Number: " + row): null

2024-02-03 22:53:10 - [TEST_STEP][PASSED] - today = new java.util.Date(): null

2024-02-03 22:53:10 - [TEST_STEP][PASSED] - println(today): null

2024-02-03 22:53:10 - [TEST_STEP][PASSED] - datText = today: null

2024-02-03 22:53:10 - [TEST_STEP][PASSED] - Taxtype = findTestData(dataFile).getValue("TaxType", row): null

2024-02-03 22:53:10 - [TEST_STEP][PASSED] - out.println("Taxtype value is : " + Taxtype): null

2024-02-03 22:53:10 - [TEST_STEP][PASSED] - openBrowser(""): Browser is opened with url: ''

2024-02-03 22:53:10 - [MESSAGE][WARNING] - A browser is already opened. Closing browser and opening a new one

2024-02-03 22:53:11 - [MESSAGE][INFO] - Starting 'Chrome' driver

2024-02-03 22:53:11 - [MESSAGE][INFO] - User set preference: ['acceptInsecureCerts', 'true']

2024-02-03 22:53:11 - [MESSAGE][INFO] - Action delay is set to 0 milliseconds

2024-02-03 22:53:13 - [MESSAGE][PASSED] - Browser is opened with url: ''

2024-02-03 22:53:13 - [TEST_STEP][PASSED] - maximizeWindow(): Current window maximized

2024-02-03 22:53:13 - [MESSAGE][PASSED] - Current window maximized

2024-02-03 22:53:13 - [TEST_STEP][PASSED] - navigateToUrl(RADurl): Navigate to 'https://qa2.velocitypayment.com/client/rad/index.html' successfully

2024-02-03 22:53:15 - [MESSAGE][PASSED] - Navigate to 'https://qa2.velocitypayment.com/client/rad/index.html' successfully

2024-02-03 22:53:15 - [TEST_STEP][PASSED] - orPath_Landing = "Object Repository/RAD_Pages/Landing_Page": null

2024-02-03 22:53:15 - [TEST_STEP][PASSED] - orPath_TaxTypeFilingYear = "Object Repository/RAD_Pages/TaxTypeFilingYear_Page": null

2024-02-03 22:53:15 - [TEST_STEP][PASSED] - orPath_TaxPayer = "Object Repository/RAD_Pages/Taxpayer_Page": null

2024-02-03 22:53:15 - [TEST_STEP][PASSED] - orPath_AddressContact = "Object Repository/RAD_Pages/AddressAndContactInfo_Page": null

2024-02-03 22:53:15 - [TEST_STEP][PASSED] - orPath_FilingStatus = "Object Repository/RAD_Pages/FilingStatus_Page": null

2024-02-03 22:53:15 - [TEST_STEP][PASSED] - orPath_Amount = "Object Repository/RAD_Pages/PaymentAmount_Page": null

2024-02-03 22:53:15 - [TEST_STEP][PASSED] - orPath_TaxInfo = "Object Repository/RAD_Pages/TaxInfo_Page": null

2024-02-03 22:53:15 - [TEST_STEP][PASSED] - orPath_Withholding = "Object Repository/RAD_Pages/Withholding_Page": null

2024-02-03 22:53:15 - [TEST_STEP][PASSED] - orPath_Summary = "Object Repository/RAD_Pages/Summary_Page": null

2024-02-03 22:53:15 - [TEST_STEP][PASSED] - orPath_PaymentReady = "Object Repository/RAD_Pages/PaymentReady_Page": null

2024-02-03 22:53:15 - [TEST_STEP][PASSED] - orPath_PaymentEntry = "Object Repository/RAD_Pages/PaymentEntry_Page": null

2024-02-03 22:53:15 - [TEST_STEP][PASSED] - orPath_PaymentConfirmation = "Object Repository/RAD_Pages/PaymentConfirmation_Page": null

2024-02-03 22:53:15 - [TEST_STEP][PASSED] - orPath_ServiceFeesAccept = "Object Repository/RAD_Pages/ServiceFeeAccept_Page": null

2024-02-03 22:53:15 - [TEST_STEP][PASSED] - selectOptionByLabel(findTestObject(orPath_Landing + "/dd_TaxType"), Paymenttype, false): All options with label 'New Tax Return Amount Due' are selected in object 'Object Repository/RAD_Pages/Landing_Page/dd_TaxType' 

2024-02-03 22:53:15 - [MESSAGE][PASSED] - All options with label 'New Tax Return Amount Due' are selected in object 'Object Repository/RAD_Pages/Landing_Page/dd_TaxType' 

2024-02-03 22:53:15 - [TEST_STEP][PASSED] - delay(1): Delayed 1 second(s)

2024-02-03 22:53:16 - [MESSAGE][PASSED] - Delayed 1 second(s)

2024-02-03 22:53:16 - [TEST_STEP][PASSED] - switch (Paymenttype): null

2024-02-03 22:53:16 - [TEST_STEP][PASSED] - case "New Tax Return Amount Due":: null

2024-02-03 22:53:16 - [TEST_STEP][PASSED] - selectOptionByLabel(findTestObject("Object Repository/RAD_Pages/Landing_Page/select_NewTaxReturnAmountDue_TaxType"), Taxtype, false): All options with label 'Withholding Tax' are selected in object 'Object Repository/RAD_Pages/Landing_Page/select_NewTaxReturnAmountDue_TaxType' 

2024-02-03 22:53:17 - [MESSAGE][PASSED] - All options with label 'Withholding Tax' are selected in object 'Object Repository/RAD_Pages/Landing_Page/select_NewTaxReturnAmountDue_TaxType' 

2024-02-03 22:53:17 - [TEST_STEP][PASSED] - break: null

2024-02-03 22:53:17 - [TEST_STEP][PASSED] - delay(1): Delayed 1 second(s)

2024-02-03 22:53:18 - [MESSAGE][PASSED] - Delayed 1 second(s)

2024-02-03 22:53:18 - [TEST_STEP][PASSED] - scrollToElement(findTestObject(orPath_Amount + "/input__paymentAmount"), 2, CONTINUE_ON_FAILURE): Scroll to object 'Object Repository/RAD_Pages/PaymentAmount_Page/input__paymentAmount' successfully

2024-02-03 22:53:18 - [MESSAGE][PASSED] - Scroll to object 'Object Repository/RAD_Pages/PaymentAmount_Page/input__paymentAmount' successfully

2024-02-03 22:53:18 - [TEST_STEP][PASSED] - switch (Paymenttype): null

2024-02-03 22:53:18 - [TEST_STEP][PASSED] - case "New Tax Return Amount Due":: null

2024-02-03 22:53:18 - [TEST_STEP][PASSED] - setEncryptedText(findTestObject(orPath_TaxInfo + "/input_FederalEIN-2"), "RigbBhfdqODKcAsiUrg+1Q=="): Text ****** has been set on object 'Object Repository/RAD_Pages/TaxInfo_Page/input_FederalEIN-2'

2024-02-03 22:53:19 - [MESSAGE][PASSED] - Text ****** has been set on object 'Object Repository/RAD_Pages/TaxInfo_Page/input_FederalEIN-2'

2024-02-03 22:53:19 - [TEST_STEP][PASSED] - setEncryptedText(findTestObject(orPath_TaxInfo + "/input_FederalEIN_ReEnter-2"), "RigbBhfdqOBBGbZqm4oFJQ=="): Text ****** has been set on object 'Object Repository/RAD_Pages/TaxInfo_Page/input_FederalEIN_ReEnter-2'

2024-02-03 22:53:20 - [MESSAGE][PASSED] - Text ****** has been set on object 'Object Repository/RAD_Pages/TaxInfo_Page/input_FederalEIN_ReEnter-2'

2024-02-03 22:53:20 - [TEST_STEP][PASSED] - break: null

2024-02-03 22:53:20 - [TEST_STEP][PASSED] - setText(findTestObject(orPath_Amount + "/input__paymentAmount"), ""): Text '' is set on object 'Object Repository/RAD_Pages/PaymentAmount_Page/input__paymentAmount'

2024-02-03 22:53:20 - [MESSAGE][PASSED] - Text '' is set on object 'Object Repository/RAD_Pages/PaymentAmount_Page/input__paymentAmount'

2024-02-03 22:53:20 - [TEST_STEP][PASSED] - verifyTextPresent("The FEIN and Re-type FEIN do not match", true): Text 'The FEIN and Re-type FEIN do not match' is present on page  using regular expression

2024-02-03 22:53:21 - [MESSAGE][PASSED] - Text 'The FEIN and Re-type FEIN do not match' is present on page  using regular expression

2024-02-03 22:53:21 - [TEST_STEP][PASSED] - if (verifyTextPresent("The FEIN and Re-type FEIN do not match", true)): null

2024-02-03 22:53:21 - [MESSAGE][PASSED] - Text 'The FEIN and Re-type FEIN do not match' is present on page  using regular expression

2024-02-03 22:53:21 - [TEST_STEP][PASSED] - println("Error Message is present on the page"): null

2024-02-03 22:53:21 - [TEST_STEP][PASSED] - out.println("Pass Record Number: " + row): null

2024-02-03 22:53:21 - [TEST_STEP][PASSED] - resText = "Pass": null

2024-02-03 22:53:21 - [TEST_STEP][PASSED] - pages.WriteExcel.demoKey(resText, datText, resColumn, datCloumn, fileLoc, nameSheet, row): pages.WriteExcel.demoKey is PASSED

2024-02-03 22:53:21 - [MESSAGE][PASSED] - pages.WriteExcel.demoKey is PASSED]]></system-out>
         <system-err><![CDATA[]]></system-err>
      </testcase>
      <testcase name="Test Cases/RAD_TestCases/Negative_TestCases/FEINSSNmismatchError" time="156.071" classname="Test Cases/RAD_TestCases/Negative_TestCases/FEINSSNmismatchError" status="PASSED">
         <system-out><![CDATA[2024-02-03 22:53:21 - [TEST_CASE][PASSED] - Test Cases/RAD_TestCases/Negative_TestCases/FEINSSNmismatchError: Test Cases/RAD_TestCases/Negative_TestCases/FEINSSNmismatchError

2024-02-03 22:53:22 - [TEST_STEP][PASSED] - resText = "Fail": null

2024-02-03 22:53:22 - [TEST_STEP][PASSED] - resColumn = "Result": null

2024-02-03 22:53:22 - [TEST_STEP][PASSED] - datCloumn = "Date": null

2024-02-03 22:53:22 - [TEST_STEP][PASSED] - fileLoc = "KatalonData/RADTestData/FEINmismatch.xlsx": null

2024-02-03 22:53:22 - [TEST_STEP][PASSED] - nameSheet = "FEINSSNmismatch": null

2024-02-03 22:53:22 - [TEST_STEP][PASSED] - dataFile = "RADTestData/FEINSSNmismatch": null

2024-02-03 22:53:22 - [TEST_STEP][PASSED] - ExecuteTC = <not implemented yet for class: org.codehaus.groovy.ast.expr.EmptyExpression>: null

2024-02-03 22:53:22 - [TEST_STEP][PASSED] - Taxtype = <not implemented yet for class: org.codehaus.groovy.ast.expr.EmptyExpression>: null

2024-02-03 22:53:22 - [TEST_STEP][PASSED] - Paymenttype = <not implemented yet for class: org.codehaus.groovy.ast.expr.EmptyExpression>: null

2024-02-03 22:53:22 - [TEST_STEP][PASSED] - numOfRows = findTestData(dataFile).getRowNumbers(): null

2024-02-03 22:53:22 - [TEST_STEP][PASSED] - println("Number of Records: " + numOfRows): null

2024-02-03 22:53:22 - [TEST_STEP][PASSED] - for ([row = 1, row <= numOfRows, (row++)]): null

2024-02-03 22:53:22 - [TEST_STEP][PASSED] - ExecuteTC = findTestData(dataFile).getValue("Execute", row): null

2024-02-03 22:53:22 - [TEST_STEP][PASSED] - Taxtype = findTestData(dataFile).getValue("TaxType", row): null

2024-02-03 22:53:22 - [TEST_STEP][PASSED] - Paymenttype = findTestData(dataFile).getValue("PaymentType", row): null

2024-02-03 22:53:22 - [TEST_STEP][PASSED] - out.println("Value of Execute is : " + ExecuteTC): null

2024-02-03 22:53:22 - [TEST_STEP][PASSED] - if (ExecuteTC.equalsIgnoreCase("Y")): null

2024-02-03 22:53:22 - [TEST_STEP][PASSED] - out.println("Begin Record Number: " + row): null

2024-02-03 22:53:22 - [TEST_STEP][PASSED] - today = new java.util.Date(): null

2024-02-03 22:53:22 - [TEST_STEP][PASSED] - println(today): null

2024-02-03 22:53:22 - [TEST_STEP][PASSED] - datText = today: null

2024-02-03 22:53:22 - [TEST_STEP][PASSED] - Taxtype = findTestData(dataFile).getValue("TaxType", row): null

2024-02-03 22:53:22 - [TEST_STEP][PASSED] - out.println("Taxtype value is : " + Taxtype): null

2024-02-03 22:53:22 - [TEST_STEP][PASSED] - openBrowser(""): Browser is opened with url: ''

2024-02-03 22:53:22 - [MESSAGE][WARNING] - A browser is already opened. Closing browser and opening a new one

2024-02-03 22:53:23 - [MESSAGE][INFO] - Starting 'Chrome' driver

2024-02-03 22:53:23 - [MESSAGE][INFO] - User set preference: ['acceptInsecureCerts', 'true']

2024-02-03 22:53:23 - [MESSAGE][INFO] - Action delay is set to 0 milliseconds

2024-02-03 22:53:25 - [MESSAGE][PASSED] - Browser is opened with url: ''

2024-02-03 22:53:25 - [TEST_STEP][PASSED] - maximizeWindow(): Current window maximized

2024-02-03 22:53:25 - [MESSAGE][PASSED] - Current window maximized

2024-02-03 22:53:25 - [TEST_STEP][PASSED] - navigateToUrl(RADurl): Navigate to 'https://qa2.velocitypayment.com/client/rad/index.html' successfully

2024-02-03 22:53:27 - [MESSAGE][PASSED] - Navigate to 'https://qa2.velocitypayment.com/client/rad/index.html' successfully

2024-02-03 22:53:27 - [TEST_STEP][PASSED] - orPath_Landing = "Object Repository/RAD_Pages/Landing_Page": null

2024-02-03 22:53:27 - [TEST_STEP][PASSED] - orPath_TaxTypeFilingYear = "Object Repository/RAD_Pages/TaxTypeFilingYear_Page": null

2024-02-03 22:53:27 - [TEST_STEP][PASSED] - orPath_TaxPayer = "Object Repository/RAD_Pages/Taxpayer_Page": null

2024-02-03 22:53:27 - [TEST_STEP][PASSED] - orPath_AddressContact = "Object Repository/RAD_Pages/AddressAndContactInfo_Page": null

2024-02-03 22:53:27 - [TEST_STEP][PASSED] - orPath_FilingStatus = "Object Repository/RAD_Pages/FilingStatus_Page": null

2024-02-03 22:53:27 - [TEST_STEP][PASSED] - orPath_Amount = "Object Repository/RAD_Pages/PaymentAmount_Page": null

2024-02-03 22:53:27 - [TEST_STEP][PASSED] - orPath_TaxInfo = "Object Repository/RAD_Pages/TaxInfo_Page": null

2024-02-03 22:53:27 - [TEST_STEP][PASSED] - orPath_Withholding = "Object Repository/RAD_Pages/Withholding_Page": null

2024-02-03 22:53:27 - [TEST_STEP][PASSED] - orPath_Summary = "Object Repository/RAD_Pages/Summary_Page": null

2024-02-03 22:53:27 - [TEST_STEP][PASSED] - orPath_PaymentReady = "Object Repository/RAD_Pages/PaymentReady_Page": null

2024-02-03 22:53:27 - [TEST_STEP][PASSED] - orPath_PaymentEntry = "Object Repository/RAD_Pages/PaymentEntry_Page": null

2024-02-03 22:53:27 - [TEST_STEP][PASSED] - orPath_PaymentConfirmation = "Object Repository/RAD_Pages/PaymentConfirmation_Page": null

2024-02-03 22:53:27 - [TEST_STEP][PASSED] - orPath_ServiceFeesAccept = "Object Repository/RAD_Pages/ServiceFeeAccept_Page": null

2024-02-03 22:53:27 - [TEST_STEP][PASSED] - selectOptionByLabel(findTestObject(orPath_Landing + "/dd_TaxType"), Paymenttype, false): All options with label 'Existing Liability w/Notice Number' are selected in object 'Object Repository/RAD_Pages/Landing_Page/dd_TaxType' 

2024-02-03 22:53:28 - [MESSAGE][PASSED] - All options with label 'Existing Liability w/Notice Number' are selected in object 'Object Repository/RAD_Pages/Landing_Page/dd_TaxType' 

2024-02-03 22:53:28 - [TEST_STEP][PASSED] - delay(1): Delayed 1 second(s)

2024-02-03 22:53:29 - [MESSAGE][PASSED] - Delayed 1 second(s)

2024-02-03 22:53:29 - [TEST_STEP][PASSED] - switch (Paymenttype): null

2024-02-03 22:53:29 - [TEST_STEP][PASSED] - case "Existing Liability w/Notice Number":: null

2024-02-03 22:53:29 - [TEST_STEP][PASSED] - selectOptionByLabel(findTestObject(orPath_TaxTypeFilingYear + "/select_TaxType_ExistingLiability"), Taxtype, false): All options with label 'PTE Non-Electing Non-S Corp' are selected in object 'Object Repository/RAD_Pages/TaxTypeFilingYear_Page/select_TaxType_ExistingLiability' 

2024-02-03 22:53:29 - [MESSAGE][PASSED] - All options with label 'PTE Non-Electing Non-S Corp' are selected in object 'Object Repository/RAD_Pages/TaxTypeFilingYear_Page/select_TaxType_ExistingLiability' 

2024-02-03 22:53:29 - [TEST_STEP][PASSED] - break: null

2024-02-03 22:53:29 - [TEST_STEP][PASSED] - delay(1): Delayed 1 second(s)

2024-02-03 22:53:30 - [MESSAGE][PASSED] - Delayed 1 second(s)

2024-02-03 22:53:30 - [TEST_STEP][PASSED] - scrollToElement(findTestObject(orPath_Amount + "/input__paymentAmount"), 2, CONTINUE_ON_FAILURE): Scroll to object 'Object Repository/RAD_Pages/PaymentAmount_Page/input__paymentAmount' successfully

2024-02-03 22:53:31 - [MESSAGE][PASSED] - Scroll to object 'Object Repository/RAD_Pages/PaymentAmount_Page/input__paymentAmount' successfully

2024-02-03 22:53:31 - [TEST_STEP][PASSED] - switch (Paymenttype): null

2024-02-03 22:53:31 - [TEST_STEP][PASSED] - case "Existing Liability w/Notice Number":: null

2024-02-03 22:53:31 - [TEST_STEP][PASSED] - setEncryptedText(findTestObject(orPath_TaxInfo + "/input_TaxInfo_feinSsn_Existing_New"), "RigbBhfdqODKcAsiUrg+1Q=="): Text ****** has been set on object 'Object Repository/RAD_Pages/TaxInfo_Page/input_TaxInfo_feinSsn_Existing_New'

2024-02-03 22:53:31 - [MESSAGE][PASSED] - Text ****** has been set on object 'Object Repository/RAD_Pages/TaxInfo_Page/input_TaxInfo_feinSsn_Existing_New'

2024-02-03 22:53:31 - [TEST_STEP][PASSED] - setEncryptedText(findTestObject(orPath_TaxInfo + "/input_TaxInfo_RetypefeinSsn_Existing_New"), "RigbBhfdqOD+04WBHw5iKw=="): Text ****** has been set on object 'Object Repository/RAD_Pages/TaxInfo_Page/input_TaxInfo_RetypefeinSsn_Existing_New'

2024-02-03 22:53:32 - [MESSAGE][PASSED] - Text ****** has been set on object 'Object Repository/RAD_Pages/TaxInfo_Page/input_TaxInfo_RetypefeinSsn_Existing_New'

2024-02-03 22:53:32 - [TEST_STEP][PASSED] - break: null

2024-02-03 22:53:32 - [TEST_STEP][PASSED] - setText(findTestObject(orPath_Amount + "/input__paymentAmount"), ""): Text '' is set on object 'Object Repository/RAD_Pages/PaymentAmount_Page/input__paymentAmount'

2024-02-03 22:53:32 - [MESSAGE][PASSED] - Text '' is set on object 'Object Repository/RAD_Pages/PaymentAmount_Page/input__paymentAmount'

2024-02-03 22:53:32 - [TEST_STEP][PASSED] - if (verifyTextPresent("The FEIN/SSN and Re-type FEIN/SSN do not match", true)): null

2024-02-03 22:53:33 - [MESSAGE][PASSED] - Text 'The FEIN/SSN and Re-type FEIN/SSN do not match' is present on page  using regular expression

2024-02-03 22:53:33 - [TEST_STEP][PASSED] - println("Error Message is present on the page"): null

2024-02-03 22:53:33 - [TEST_STEP][PASSED] - out.println("Pass Record Number: " + row): null

2024-02-03 22:53:33 - [TEST_STEP][PASSED] - resText = "Pass": null

2024-02-03 22:53:33 - [TEST_STEP][PASSED] - pages.WriteExcel.demoKey(resText, datText, resColumn, datCloumn, fileLoc, nameSheet, row): pages.WriteExcel.demoKey is PASSED

2024-02-03 22:53:33 - [MESSAGE][PASSED] - pages.WriteExcel.demoKey is PASSED

2024-02-03 22:53:33 - [TEST_STEP][PASSED] - ExecuteTC = findTestData(dataFile).getValue("Execute", row): null

2024-02-03 22:53:33 - [TEST_STEP][PASSED] - Taxtype = findTestData(dataFile).getValue("TaxType", row): null

2024-02-03 22:53:33 - [TEST_STEP][PASSED] - Paymenttype = findTestData(dataFile).getValue("PaymentType", row): null

2024-02-03 22:53:33 - [TEST_STEP][PASSED] - out.println("Value of Execute is : " + ExecuteTC): null

2024-02-03 22:53:33 - [TEST_STEP][PASSED] - if (ExecuteTC.equalsIgnoreCase("Y")): null

2024-02-03 22:53:33 - [TEST_STEP][PASSED] - out.println("Begin Record Number: " + row): null

2024-02-03 22:53:33 - [TEST_STEP][PASSED] - today = new java.util.Date(): null

2024-02-03 22:53:33 - [TEST_STEP][PASSED] - println(today): null

2024-02-03 22:53:33 - [TEST_STEP][PASSED] - datText = today: null

2024-02-03 22:53:33 - [TEST_STEP][PASSED] - Taxtype = findTestData(dataFile).getValue("TaxType", row): null

2024-02-03 22:53:33 - [TEST_STEP][PASSED] - out.println("Taxtype value is : " + Taxtype): null

2024-02-03 22:53:33 - [TEST_STEP][PASSED] - openBrowser(""): Browser is opened with url: ''

2024-02-03 22:53:33 - [MESSAGE][WARNING] - A browser is already opened. Closing browser and opening a new one

2024-02-03 22:53:34 - [MESSAGE][INFO] - Starting 'Chrome' driver

2024-02-03 22:53:34 - [MESSAGE][INFO] - User set preference: ['acceptInsecureCerts', 'true']

2024-02-03 22:53:34 - [MESSAGE][INFO] - Action delay is set to 0 milliseconds

2024-02-03 22:53:36 - [MESSAGE][PASSED] - Browser is opened with url: ''

2024-02-03 22:53:36 - [TEST_STEP][PASSED] - maximizeWindow(): Current window maximized

2024-02-03 22:53:36 - [MESSAGE][PASSED] - Current window maximized

2024-02-03 22:53:36 - [TEST_STEP][PASSED] - navigateToUrl(RADurl): Navigate to 'https://qa2.velocitypayment.com/client/rad/index.html' successfully

2024-02-03 22:53:38 - [MESSAGE][PASSED] - Navigate to 'https://qa2.velocitypayment.com/client/rad/index.html' successfully

2024-02-03 22:53:38 - [TEST_STEP][PASSED] - orPath_Landing = "Object Repository/RAD_Pages/Landing_Page": null

2024-02-03 22:53:38 - [TEST_STEP][PASSED] - orPath_TaxTypeFilingYear = "Object Repository/RAD_Pages/TaxTypeFilingYear_Page": null

2024-02-03 22:53:38 - [TEST_STEP][PASSED] - orPath_TaxPayer = "Object Repository/RAD_Pages/Taxpayer_Page": null

2024-02-03 22:53:38 - [TEST_STEP][PASSED] - orPath_AddressContact = "Object Repository/RAD_Pages/AddressAndContactInfo_Page": null

2024-02-03 22:53:38 - [TEST_STEP][PASSED] - orPath_FilingStatus = "Object Repository/RAD_Pages/FilingStatus_Page": null

2024-02-03 22:53:38 - [TEST_STEP][PASSED] - orPath_Amount = "Object Repository/RAD_Pages/PaymentAmount_Page": null

2024-02-03 22:53:38 - [TEST_STEP][PASSED] - orPath_TaxInfo = "Object Repository/RAD_Pages/TaxInfo_Page": null

2024-02-03 22:53:38 - [TEST_STEP][PASSED] - orPath_Withholding = "Object Repository/RAD_Pages/Withholding_Page": null

2024-02-03 22:53:38 - [TEST_STEP][PASSED] - orPath_Summary = "Object Repository/RAD_Pages/Summary_Page": null

2024-02-03 22:53:38 - [TEST_STEP][PASSED] - orPath_PaymentReady = "Object Repository/RAD_Pages/PaymentReady_Page": null

2024-02-03 22:53:38 - [TEST_STEP][PASSED] - orPath_PaymentEntry = "Object Repository/RAD_Pages/PaymentEntry_Page": null

2024-02-03 22:53:38 - [TEST_STEP][PASSED] - orPath_PaymentConfirmation = "Object Repository/RAD_Pages/PaymentConfirmation_Page": null

2024-02-03 22:53:38 - [TEST_STEP][PASSED] - orPath_ServiceFeesAccept = "Object Repository/RAD_Pages/ServiceFeeAccept_Page": null

2024-02-03 22:53:38 - [TEST_STEP][PASSED] - selectOptionByLabel(findTestObject(orPath_Landing + "/dd_TaxType"), Paymenttype, false): All options with label 'Existing Liability w/Notice Number' are selected in object 'Object Repository/RAD_Pages/Landing_Page/dd_TaxType' 

2024-02-03 22:53:38 - [MESSAGE][PASSED] - All options with label 'Existing Liability w/Notice Number' are selected in object 'Object Repository/RAD_Pages/Landing_Page/dd_TaxType' 

2024-02-03 22:53:38 - [TEST_STEP][PASSED] - delay(1): Delayed 1 second(s)

2024-02-03 22:53:40 - [MESSAGE][PASSED] - Delayed 1 second(s)

2024-02-03 22:53:40 - [TEST_STEP][PASSED] - switch (Paymenttype): null

2024-02-03 22:53:40 - [TEST_STEP][PASSED] - case "Existing Liability w/Notice Number":: null

2024-02-03 22:53:40 - [TEST_STEP][PASSED] - selectOptionByLabel(findTestObject(orPath_TaxTypeFilingYear + "/select_TaxType_ExistingLiability"), Taxtype, false): All options with label 'PTE Non-Electing S Corp' are selected in object 'Object Repository/RAD_Pages/TaxTypeFilingYear_Page/select_TaxType_ExistingLiability' 

2024-02-03 22:53:40 - [MESSAGE][PASSED] - All options with label 'PTE Non-Electing S Corp' are selected in object 'Object Repository/RAD_Pages/TaxTypeFilingYear_Page/select_TaxType_ExistingLiability' 

2024-02-03 22:53:40 - [TEST_STEP][PASSED] - break: null

2024-02-03 22:53:40 - [TEST_STEP][PASSED] - delay(1): Delayed 1 second(s)

2024-02-03 22:53:41 - [MESSAGE][PASSED] - Delayed 1 second(s)

2024-02-03 22:53:41 - [TEST_STEP][PASSED] - scrollToElement(findTestObject(orPath_Amount + "/input__paymentAmount"), 2, CONTINUE_ON_FAILURE): Scroll to object 'Object Repository/RAD_Pages/PaymentAmount_Page/input__paymentAmount' successfully

2024-02-03 22:53:41 - [MESSAGE][PASSED] - Scroll to object 'Object Repository/RAD_Pages/PaymentAmount_Page/input__paymentAmount' successfully

2024-02-03 22:53:41 - [TEST_STEP][PASSED] - switch (Paymenttype): null

2024-02-03 22:53:41 - [TEST_STEP][PASSED] - case "Existing Liability w/Notice Number":: null

2024-02-03 22:53:41 - [TEST_STEP][PASSED] - setEncryptedText(findTestObject(orPath_TaxInfo + "/input_TaxInfo_feinSsn_Existing_New"), "RigbBhfdqODKcAsiUrg+1Q=="): Text ****** has been set on object 'Object Repository/RAD_Pages/TaxInfo_Page/input_TaxInfo_feinSsn_Existing_New'

2024-02-03 22:53:42 - [MESSAGE][PASSED] - Text ****** has been set on object 'Object Repository/RAD_Pages/TaxInfo_Page/input_TaxInfo_feinSsn_Existing_New'

2024-02-03 22:53:42 - [TEST_STEP][PASSED] - setEncryptedText(findTestObject(orPath_TaxInfo + "/input_TaxInfo_RetypefeinSsn_Existing_New"), "RigbBhfdqOD+04WBHw5iKw=="): Text ****** has been set on object 'Object Repository/RAD_Pages/TaxInfo_Page/input_TaxInfo_RetypefeinSsn_Existing_New'

2024-02-03 22:53:43 - [MESSAGE][PASSED] - Text ****** has been set on object 'Object Repository/RAD_Pages/TaxInfo_Page/input_TaxInfo_RetypefeinSsn_Existing_New'

2024-02-03 22:53:43 - [TEST_STEP][PASSED] - break: null

2024-02-03 22:53:43 - [TEST_STEP][PASSED] - setText(findTestObject(orPath_Amount + "/input__paymentAmount"), ""): Text '' is set on object 'Object Repository/RAD_Pages/PaymentAmount_Page/input__paymentAmount'

2024-02-03 22:53:43 - [MESSAGE][PASSED] - Text '' is set on object 'Object Repository/RAD_Pages/PaymentAmount_Page/input__paymentAmount'

2024-02-03 22:53:43 - [TEST_STEP][PASSED] - if (verifyTextPresent("The FEIN/SSN and Re-type FEIN/SSN do not match", true)): null

2024-02-03 22:53:44 - [MESSAGE][PASSED] - Text 'The FEIN/SSN and Re-type FEIN/SSN do not match' is present on page  using regular expression

2024-02-03 22:53:44 - [TEST_STEP][PASSED] - println("Error Message is present on the page"): null

2024-02-03 22:53:44 - [TEST_STEP][PASSED] - out.println("Pass Record Number: " + row): null

2024-02-03 22:53:44 - [TEST_STEP][PASSED] - resText = "Pass": null

2024-02-03 22:53:44 - [TEST_STEP][PASSED] - pages.WriteExcel.demoKey(resText, datText, resColumn, datCloumn, fileLoc, nameSheet, row): pages.WriteExcel.demoKey is PASSED

2024-02-03 22:53:44 - [MESSAGE][PASSED] - pages.WriteExcel.demoKey is PASSED

2024-02-03 22:53:44 - [TEST_STEP][PASSED] - ExecuteTC = findTestData(dataFile).getValue("Execute", row): null

2024-02-03 22:53:44 - [TEST_STEP][PASSED] - Taxtype = findTestData(dataFile).getValue("TaxType", row): null

2024-02-03 22:53:44 - [TEST_STEP][PASSED] - Paymenttype = findTestData(dataFile).getValue("PaymentType", row): null

2024-02-03 22:53:44 - [TEST_STEP][PASSED] - out.println("Value of Execute is : " + ExecuteTC): null

2024-02-03 22:53:44 - [TEST_STEP][PASSED] - if (ExecuteTC.equalsIgnoreCase("Y")): null

2024-02-03 22:53:44 - [TEST_STEP][PASSED] - out.println("Begin Record Number: " + row): null

2024-02-03 22:53:44 - [TEST_STEP][PASSED] - today = new java.util.Date(): null

2024-02-03 22:53:44 - [TEST_STEP][PASSED] - println(today): null

2024-02-03 22:53:44 - [TEST_STEP][PASSED] - datText = today: null

2024-02-03 22:53:44 - [TEST_STEP][PASSED] - Taxtype = findTestData(dataFile).getValue("TaxType", row): null

2024-02-03 22:53:44 - [TEST_STEP][PASSED] - out.println("Taxtype value is : " + Taxtype): null

2024-02-03 22:53:44 - [TEST_STEP][PASSED] - openBrowser(""): Browser is opened with url: ''

2024-02-03 22:53:44 - [MESSAGE][WARNING] - A browser is already opened. Closing browser and opening a new one

2024-02-03 22:53:45 - [MESSAGE][INFO] - Starting 'Chrome' driver

2024-02-03 22:53:45 - [MESSAGE][INFO] - User set preference: ['acceptInsecureCerts', 'true']

2024-02-03 22:53:45 - [MESSAGE][INFO] - Action delay is set to 0 milliseconds

2024-02-03 22:53:47 - [MESSAGE][PASSED] - Browser is opened with url: ''

2024-02-03 22:53:47 - [TEST_STEP][PASSED] - maximizeWindow(): Current window maximized

2024-02-03 22:53:47 - [MESSAGE][PASSED] - Current window maximized

2024-02-03 22:53:47 - [TEST_STEP][PASSED] - navigateToUrl(RADurl): Navigate to 'https://qa2.velocitypayment.com/client/rad/index.html' successfully

2024-02-03 22:53:49 - [MESSAGE][PASSED] - Navigate to 'https://qa2.velocitypayment.com/client/rad/index.html' successfully

2024-02-03 22:53:49 - [TEST_STEP][PASSED] - orPath_Landing = "Object Repository/RAD_Pages/Landing_Page": null

2024-02-03 22:53:49 - [TEST_STEP][PASSED] - orPath_TaxTypeFilingYear = "Object Repository/RAD_Pages/TaxTypeFilingYear_Page": null

2024-02-03 22:53:49 - [TEST_STEP][PASSED] - orPath_TaxPayer = "Object Repository/RAD_Pages/Taxpayer_Page": null

2024-02-03 22:53:49 - [TEST_STEP][PASSED] - orPath_AddressContact = "Object Repository/RAD_Pages/AddressAndContactInfo_Page": null

2024-02-03 22:53:49 - [TEST_STEP][PASSED] - orPath_FilingStatus = "Object Repository/RAD_Pages/FilingStatus_Page": null

2024-02-03 22:53:49 - [TEST_STEP][PASSED] - orPath_Amount = "Object Repository/RAD_Pages/PaymentAmount_Page": null

2024-02-03 22:53:49 - [TEST_STEP][PASSED] - orPath_TaxInfo = "Object Repository/RAD_Pages/TaxInfo_Page": null

2024-02-03 22:53:49 - [TEST_STEP][PASSED] - orPath_Withholding = "Object Repository/RAD_Pages/Withholding_Page": null

2024-02-03 22:53:49 - [TEST_STEP][PASSED] - orPath_Summary = "Object Repository/RAD_Pages/Summary_Page": null

2024-02-03 22:53:49 - [TEST_STEP][PASSED] - orPath_PaymentReady = "Object Repository/RAD_Pages/PaymentReady_Page": null

2024-02-03 22:53:49 - [TEST_STEP][PASSED] - orPath_PaymentEntry = "Object Repository/RAD_Pages/PaymentEntry_Page": null

2024-02-03 22:53:49 - [TEST_STEP][PASSED] - orPath_PaymentConfirmation = "Object Repository/RAD_Pages/PaymentConfirmation_Page": null

2024-02-03 22:53:49 - [TEST_STEP][PASSED] - orPath_ServiceFeesAccept = "Object Repository/RAD_Pages/ServiceFeeAccept_Page": null

2024-02-03 22:53:49 - [TEST_STEP][PASSED] - selectOptionByLabel(findTestObject(orPath_Landing + "/dd_TaxType"), Paymenttype, false): All options with label 'Existing Liability w/Notice Number' are selected in object 'Object Repository/RAD_Pages/Landing_Page/dd_TaxType' 

2024-02-03 22:53:49 - [MESSAGE][PASSED] - All options with label 'Existing Liability w/Notice Number' are selected in object 'Object Repository/RAD_Pages/Landing_Page/dd_TaxType' 

2024-02-03 22:53:49 - [TEST_STEP][PASSED] - delay(1): Delayed 1 second(s)

2024-02-03 22:53:50 - [MESSAGE][PASSED] - Delayed 1 second(s)

2024-02-03 22:53:50 - [TEST_STEP][PASSED] - switch (Paymenttype): null

2024-02-03 22:53:50 - [TEST_STEP][PASSED] - case "Existing Liability w/Notice Number":: null

2024-02-03 22:53:50 - [TEST_STEP][PASSED] - selectOptionByLabel(findTestObject(orPath_TaxTypeFilingYear + "/select_TaxType_ExistingLiability"), Taxtype, false): All options with label 'PTE Tax Electing Non-S Corp' are selected in object 'Object Repository/RAD_Pages/TaxTypeFilingYear_Page/select_TaxType_ExistingLiability' 

2024-02-03 22:53:51 - [MESSAGE][PASSED] - All options with label 'PTE Tax Electing Non-S Corp' are selected in object 'Object Repository/RAD_Pages/TaxTypeFilingYear_Page/select_TaxType_ExistingLiability' 

2024-02-03 22:53:51 - [TEST_STEP][PASSED] - break: null

2024-02-03 22:53:51 - [TEST_STEP][PASSED] - delay(1): Delayed 1 second(s)

2024-02-03 22:53:52 - [MESSAGE][PASSED] - Delayed 1 second(s)

2024-02-03 22:53:52 - [TEST_STEP][PASSED] - scrollToElement(findTestObject(orPath_Amount + "/input__paymentAmount"), 2, CONTINUE_ON_FAILURE): Scroll to object 'Object Repository/RAD_Pages/PaymentAmount_Page/input__paymentAmount' successfully

2024-02-03 22:53:52 - [MESSAGE][PASSED] - Scroll to object 'Object Repository/RAD_Pages/PaymentAmount_Page/input__paymentAmount' successfully

2024-02-03 22:53:52 - [TEST_STEP][PASSED] - switch (Paymenttype): null

2024-02-03 22:53:52 - [TEST_STEP][PASSED] - case "Existing Liability w/Notice Number":: null

2024-02-03 22:53:52 - [TEST_STEP][PASSED] - setEncryptedText(findTestObject(orPath_TaxInfo + "/input_TaxInfo_feinSsn_Existing_New"), "RigbBhfdqODKcAsiUrg+1Q=="): Text ****** has been set on object 'Object Repository/RAD_Pages/TaxInfo_Page/input_TaxInfo_feinSsn_Existing_New'

2024-02-03 22:53:53 - [MESSAGE][PASSED] - Text ****** has been set on object 'Object Repository/RAD_Pages/TaxInfo_Page/input_TaxInfo_feinSsn_Existing_New'

2024-02-03 22:53:53 - [TEST_STEP][PASSED] - setEncryptedText(findTestObject(orPath_TaxInfo + "/input_TaxInfo_RetypefeinSsn_Existing_New"), "RigbBhfdqOD+04WBHw5iKw=="): Text ****** has been set on object 'Object Repository/RAD_Pages/TaxInfo_Page/input_TaxInfo_RetypefeinSsn_Existing_New'

2024-02-03 22:53:54 - [MESSAGE][PASSED] - Text ****** has been set on object 'Object Repository/RAD_Pages/TaxInfo_Page/input_TaxInfo_RetypefeinSsn_Existing_New'

2024-02-03 22:53:54 - [TEST_STEP][PASSED] - break: null

2024-02-03 22:53:54 - [TEST_STEP][PASSED] - setText(findTestObject(orPath_Amount + "/input__paymentAmount"), ""): Text '' is set on object 'Object Repository/RAD_Pages/PaymentAmount_Page/input__paymentAmount'

2024-02-03 22:53:54 - [MESSAGE][PASSED] - Text '' is set on object 'Object Repository/RAD_Pages/PaymentAmount_Page/input__paymentAmount'

2024-02-03 22:53:54 - [TEST_STEP][PASSED] - if (verifyTextPresent("The FEIN/SSN and Re-type FEIN/SSN do not match", true)): null

2024-02-03 22:53:55 - [MESSAGE][PASSED] - Text 'The FEIN/SSN and Re-type FEIN/SSN do not match' is present on page  using regular expression

2024-02-03 22:53:55 - [TEST_STEP][PASSED] - println("Error Message is present on the page"): null

2024-02-03 22:53:55 - [TEST_STEP][PASSED] - out.println("Pass Record Number: " + row): null

2024-02-03 22:53:55 - [TEST_STEP][PASSED] - resText = "Pass": null

2024-02-03 22:53:55 - [TEST_STEP][PASSED] - pages.WriteExcel.demoKey(resText, datText, resColumn, datCloumn, fileLoc, nameSheet, row): pages.WriteExcel.demoKey is PASSED

2024-02-03 22:53:55 - [MESSAGE][PASSED] - pages.WriteExcel.demoKey is PASSED

2024-02-03 22:53:55 - [TEST_STEP][PASSED] - ExecuteTC = findTestData(dataFile).getValue("Execute", row): null

2024-02-03 22:53:55 - [TEST_STEP][PASSED] - Taxtype = findTestData(dataFile).getValue("TaxType", row): null

2024-02-03 22:53:55 - [TEST_STEP][PASSED] - Paymenttype = findTestData(dataFile).getValue("PaymentType", row): null

2024-02-03 22:53:55 - [TEST_STEP][PASSED] - out.println("Value of Execute is : " + ExecuteTC): null

2024-02-03 22:53:55 - [TEST_STEP][PASSED] - if (ExecuteTC.equalsIgnoreCase("Y")): null

2024-02-03 22:53:55 - [TEST_STEP][PASSED] - out.println("Begin Record Number: " + row): null

2024-02-03 22:53:55 - [TEST_STEP][PASSED] - today = new java.util.Date(): null

2024-02-03 22:53:55 - [TEST_STEP][PASSED] - println(today): null

2024-02-03 22:53:55 - [TEST_STEP][PASSED] - datText = today: null

2024-02-03 22:53:55 - [TEST_STEP][PASSED] - Taxtype = findTestData(dataFile).getValue("TaxType", row): null

2024-02-03 22:53:55 - [TEST_STEP][PASSED] - out.println("Taxtype value is : " + Taxtype): null

2024-02-03 22:53:55 - [TEST_STEP][PASSED] - openBrowser(""): Browser is opened with url: ''

2024-02-03 22:53:55 - [MESSAGE][WARNING] - A browser is already opened. Closing browser and opening a new one

2024-02-03 22:53:56 - [MESSAGE][INFO] - Starting 'Chrome' driver

2024-02-03 22:53:56 - [MESSAGE][INFO] - User set preference: ['acceptInsecureCerts', 'true']

2024-02-03 22:53:56 - [MESSAGE][INFO] - Action delay is set to 0 milliseconds

2024-02-03 22:53:58 - [MESSAGE][PASSED] - Browser is opened with url: ''

2024-02-03 22:53:58 - [TEST_STEP][PASSED] - maximizeWindow(): Current window maximized

2024-02-03 22:53:58 - [MESSAGE][PASSED] - Current window maximized

2024-02-03 22:53:58 - [TEST_STEP][PASSED] - navigateToUrl(RADurl): Navigate to 'https://qa2.velocitypayment.com/client/rad/index.html' successfully

2024-02-03 22:54:00 - [MESSAGE][PASSED] - Navigate to 'https://qa2.velocitypayment.com/client/rad/index.html' successfully

2024-02-03 22:54:00 - [TEST_STEP][PASSED] - orPath_Landing = "Object Repository/RAD_Pages/Landing_Page": null

2024-02-03 22:54:00 - [TEST_STEP][PASSED] - orPath_TaxTypeFilingYear = "Object Repository/RAD_Pages/TaxTypeFilingYear_Page": null

2024-02-03 22:54:00 - [TEST_STEP][PASSED] - orPath_TaxPayer = "Object Repository/RAD_Pages/Taxpayer_Page": null

2024-02-03 22:54:00 - [TEST_STEP][PASSED] - orPath_AddressContact = "Object Repository/RAD_Pages/AddressAndContactInfo_Page": null

2024-02-03 22:54:00 - [TEST_STEP][PASSED] - orPath_FilingStatus = "Object Repository/RAD_Pages/FilingStatus_Page": null

2024-02-03 22:54:00 - [TEST_STEP][PASSED] - orPath_Amount = "Object Repository/RAD_Pages/PaymentAmount_Page": null

2024-02-03 22:54:00 - [TEST_STEP][PASSED] - orPath_TaxInfo = "Object Repository/RAD_Pages/TaxInfo_Page": null

2024-02-03 22:54:00 - [TEST_STEP][PASSED] - orPath_Withholding = "Object Repository/RAD_Pages/Withholding_Page": null

2024-02-03 22:54:00 - [TEST_STEP][PASSED] - orPath_Summary = "Object Repository/RAD_Pages/Summary_Page": null

2024-02-03 22:54:00 - [TEST_STEP][PASSED] - orPath_PaymentReady = "Object Repository/RAD_Pages/PaymentReady_Page": null

2024-02-03 22:54:00 - [TEST_STEP][PASSED] - orPath_PaymentEntry = "Object Repository/RAD_Pages/PaymentEntry_Page": null

2024-02-03 22:54:00 - [TEST_STEP][PASSED] - orPath_PaymentConfirmation = "Object Repository/RAD_Pages/PaymentConfirmation_Page": null

2024-02-03 22:54:00 - [TEST_STEP][PASSED] - orPath_ServiceFeesAccept = "Object Repository/RAD_Pages/ServiceFeeAccept_Page": null

2024-02-03 22:54:00 - [TEST_STEP][PASSED] - selectOptionByLabel(findTestObject(orPath_Landing + "/dd_TaxType"), Paymenttype, false): All options with label 'Existing Liability w/Notice Number' are selected in object 'Object Repository/RAD_Pages/Landing_Page/dd_TaxType' 

2024-02-03 22:54:00 - [MESSAGE][PASSED] - All options with label 'Existing Liability w/Notice Number' are selected in object 'Object Repository/RAD_Pages/Landing_Page/dd_TaxType' 

2024-02-03 22:54:00 - [TEST_STEP][PASSED] - delay(1): Delayed 1 second(s)

2024-02-03 22:54:01 - [MESSAGE][PASSED] - Delayed 1 second(s)

2024-02-03 22:54:01 - [TEST_STEP][PASSED] - switch (Paymenttype): null

2024-02-03 22:54:01 - [TEST_STEP][PASSED] - case "Existing Liability w/Notice Number":: null

2024-02-03 22:54:01 - [TEST_STEP][PASSED] - selectOptionByLabel(findTestObject(orPath_TaxTypeFilingYear + "/select_TaxType_ExistingLiability"), Taxtype, false): All options with label 'PTE Tax Electing S Corp' are selected in object 'Object Repository/RAD_Pages/TaxTypeFilingYear_Page/select_TaxType_ExistingLiability' 

2024-02-03 22:54:02 - [MESSAGE][PASSED] - All options with label 'PTE Tax Electing S Corp' are selected in object 'Object Repository/RAD_Pages/TaxTypeFilingYear_Page/select_TaxType_ExistingLiability' 

2024-02-03 22:54:02 - [TEST_STEP][PASSED] - break: null

2024-02-03 22:54:02 - [TEST_STEP][PASSED] - delay(1): Delayed 1 second(s)

2024-02-03 22:54:03 - [MESSAGE][PASSED] - Delayed 1 second(s)

2024-02-03 22:54:03 - [TEST_STEP][PASSED] - scrollToElement(findTestObject(orPath_Amount + "/input__paymentAmount"), 2, CONTINUE_ON_FAILURE): Scroll to object 'Object Repository/RAD_Pages/PaymentAmount_Page/input__paymentAmount' successfully

2024-02-03 22:54:03 - [MESSAGE][PASSED] - Scroll to object 'Object Repository/RAD_Pages/PaymentAmount_Page/input__paymentAmount' successfully

2024-02-03 22:54:03 - [TEST_STEP][PASSED] - switch (Paymenttype): null

2024-02-03 22:54:03 - [TEST_STEP][PASSED] - case "Existing Liability w/Notice Number":: null

2024-02-03 22:54:03 - [TEST_STEP][PASSED] - setEncryptedText(findTestObject(orPath_TaxInfo + "/input_TaxInfo_feinSsn_Existing_New"), "RigbBhfdqODKcAsiUrg+1Q=="): Text ****** has been set on object 'Object Repository/RAD_Pages/TaxInfo_Page/input_TaxInfo_feinSsn_Existing_New'

2024-02-03 22:54:04 - [MESSAGE][PASSED] - Text ****** has been set on object 'Object Repository/RAD_Pages/TaxInfo_Page/input_TaxInfo_feinSsn_Existing_New'

2024-02-03 22:54:04 - [TEST_STEP][PASSED] - setEncryptedText(findTestObject(orPath_TaxInfo + "/input_TaxInfo_RetypefeinSsn_Existing_New"), "RigbBhfdqOD+04WBHw5iKw=="): Text ****** has been set on object 'Object Repository/RAD_Pages/TaxInfo_Page/input_TaxInfo_RetypefeinSsn_Existing_New'

2024-02-03 22:54:04 - [MESSAGE][PASSED] - Text ****** has been set on object 'Object Repository/RAD_Pages/TaxInfo_Page/input_TaxInfo_RetypefeinSsn_Existing_New'

2024-02-03 22:54:05 - [TEST_STEP][PASSED] - break: null

2024-02-03 22:54:05 - [TEST_STEP][PASSED] - setText(findTestObject(orPath_Amount + "/input__paymentAmount"), ""): Text '' is set on object 'Object Repository/RAD_Pages/PaymentAmount_Page/input__paymentAmount'

2024-02-03 22:54:05 - [MESSAGE][PASSED] - Text '' is set on object 'Object Repository/RAD_Pages/PaymentAmount_Page/input__paymentAmount'

2024-02-03 22:54:05 - [TEST_STEP][PASSED] - if (verifyTextPresent("The FEIN/SSN and Re-type FEIN/SSN do not match", true)): null

2024-02-03 22:54:06 - [MESSAGE][PASSED] - Text 'The FEIN/SSN and Re-type FEIN/SSN do not match' is present on page  using regular expression

2024-02-03 22:54:06 - [TEST_STEP][PASSED] - println("Error Message is present on the page"): null

2024-02-03 22:54:06 - [TEST_STEP][PASSED] - out.println("Pass Record Number: " + row): null

2024-02-03 22:54:06 - [TEST_STEP][PASSED] - resText = "Pass": null

2024-02-03 22:54:06 - [TEST_STEP][PASSED] - pages.WriteExcel.demoKey(resText, datText, resColumn, datCloumn, fileLoc, nameSheet, row): pages.WriteExcel.demoKey is PASSED

2024-02-03 22:54:06 - [MESSAGE][PASSED] - pages.WriteExcel.demoKey is PASSED

2024-02-03 22:54:06 - [TEST_STEP][PASSED] - ExecuteTC = findTestData(dataFile).getValue("Execute", row): null

2024-02-03 22:54:06 - [TEST_STEP][PASSED] - Taxtype = findTestData(dataFile).getValue("TaxType", row): null

2024-02-03 22:54:06 - [TEST_STEP][PASSED] - Paymenttype = findTestData(dataFile).getValue("PaymentType", row): null

2024-02-03 22:54:06 - [TEST_STEP][PASSED] - out.println("Value of Execute is : " + ExecuteTC): null

2024-02-03 22:54:06 - [TEST_STEP][PASSED] - if (ExecuteTC.equalsIgnoreCase("Y")): null

2024-02-03 22:54:06 - [TEST_STEP][PASSED] - out.println("Begin Record Number: " + row): null

2024-02-03 22:54:06 - [TEST_STEP][PASSED] - today = new java.util.Date(): null

2024-02-03 22:54:06 - [TEST_STEP][PASSED] - println(today): null

2024-02-03 22:54:06 - [TEST_STEP][PASSED] - datText = today: null

2024-02-03 22:54:06 - [TEST_STEP][PASSED] - Taxtype = findTestData(dataFile).getValue("TaxType", row): null

2024-02-03 22:54:06 - [TEST_STEP][PASSED] - out.println("Taxtype value is : " + Taxtype): null

2024-02-03 22:54:06 - [TEST_STEP][PASSED] - openBrowser(""): Browser is opened with url: ''

2024-02-03 22:54:06 - [MESSAGE][WARNING] - A browser is already opened. Closing browser and opening a new one

2024-02-03 22:54:07 - [MESSAGE][INFO] - Starting 'Chrome' driver

2024-02-03 22:54:07 - [MESSAGE][INFO] - User set preference: ['acceptInsecureCerts', 'true']

2024-02-03 22:54:07 - [MESSAGE][INFO] - Action delay is set to 0 milliseconds

2024-02-03 22:54:09 - [MESSAGE][PASSED] - Browser is opened with url: ''

2024-02-03 22:54:09 - [TEST_STEP][PASSED] - maximizeWindow(): Current window maximized

2024-02-03 22:54:09 - [MESSAGE][PASSED] - Current window maximized

2024-02-03 22:54:09 - [TEST_STEP][PASSED] - navigateToUrl(RADurl): Navigate to 'https://qa2.velocitypayment.com/client/rad/index.html' successfully

2024-02-03 22:54:09 - [MESSAGE][PASSED] - Navigate to 'https://qa2.velocitypayment.com/client/rad/index.html' successfully

2024-02-03 22:54:09 - [TEST_STEP][PASSED] - orPath_Landing = "Object Repository/RAD_Pages/Landing_Page": null

2024-02-03 22:54:09 - [TEST_STEP][PASSED] - orPath_TaxTypeFilingYear = "Object Repository/RAD_Pages/TaxTypeFilingYear_Page": null

2024-02-03 22:54:09 - [TEST_STEP][PASSED] - orPath_TaxPayer = "Object Repository/RAD_Pages/Taxpayer_Page": null

2024-02-03 22:54:09 - [TEST_STEP][PASSED] - orPath_AddressContact = "Object Repository/RAD_Pages/AddressAndContactInfo_Page": null

2024-02-03 22:54:09 - [TEST_STEP][PASSED] - orPath_FilingStatus = "Object Repository/RAD_Pages/FilingStatus_Page": null

2024-02-03 22:54:09 - [TEST_STEP][PASSED] - orPath_Amount = "Object Repository/RAD_Pages/PaymentAmount_Page": null

2024-02-03 22:54:09 - [TEST_STEP][PASSED] - orPath_TaxInfo = "Object Repository/RAD_Pages/TaxInfo_Page": null

2024-02-03 22:54:09 - [TEST_STEP][PASSED] - orPath_Withholding = "Object Repository/RAD_Pages/Withholding_Page": null

2024-02-03 22:54:09 - [TEST_STEP][PASSED] - orPath_Summary = "Object Repository/RAD_Pages/Summary_Page": null

2024-02-03 22:54:09 - [TEST_STEP][PASSED] - orPath_PaymentReady = "Object Repository/RAD_Pages/PaymentReady_Page": null

2024-02-03 22:54:09 - [TEST_STEP][PASSED] - orPath_PaymentEntry = "Object Repository/RAD_Pages/PaymentEntry_Page": null

2024-02-03 22:54:09 - [TEST_STEP][PASSED] - orPath_PaymentConfirmation = "Object Repository/RAD_Pages/PaymentConfirmation_Page": null

2024-02-03 22:54:09 - [TEST_STEP][PASSED] - orPath_ServiceFeesAccept = "Object Repository/RAD_Pages/ServiceFeeAccept_Page": null

2024-02-03 22:54:09 - [TEST_STEP][PASSED] - selectOptionByLabel(findTestObject(orPath_Landing + "/dd_TaxType"), Paymenttype, false): All options with label 'Quarterly Estimated Tax' are selected in object 'Object Repository/RAD_Pages/Landing_Page/dd_TaxType' 

2024-02-03 22:54:11 - [MESSAGE][PASSED] - All options with label 'Quarterly Estimated Tax' are selected in object 'Object Repository/RAD_Pages/Landing_Page/dd_TaxType' 

2024-02-03 22:54:11 - [TEST_STEP][PASSED] - delay(1): Delayed 1 second(s)

2024-02-03 22:54:12 - [MESSAGE][PASSED] - Delayed 1 second(s)

2024-02-03 22:54:12 - [TEST_STEP][PASSED] - switch (Paymenttype): null

2024-02-03 22:54:12 - [TEST_STEP][PASSED] - case "Quarterly Estimated Tax":: null

2024-02-03 22:54:12 - [TEST_STEP][PASSED] - selectOptionByLabel(findTestObject(orPath_TaxTypeFilingYear + "/select_PaymentType"), Taxtype, false): All options with label 'PTE Non-Electing Non-S Corp' are selected in object 'Object Repository/RAD_Pages/TaxTypeFilingYear_Page/select_PaymentType' 

2024-02-03 22:54:13 - [MESSAGE][PASSED] - All options with label 'PTE Non-Electing Non-S Corp' are selected in object 'Object Repository/RAD_Pages/TaxTypeFilingYear_Page/select_PaymentType' 

2024-02-03 22:54:13 - [TEST_STEP][PASSED] - break: null

2024-02-03 22:54:13 - [TEST_STEP][PASSED] - delay(1): Delayed 1 second(s)

2024-02-03 22:54:14 - [MESSAGE][PASSED] - Delayed 1 second(s)

2024-02-03 22:54:14 - [TEST_STEP][PASSED] - scrollToElement(findTestObject(orPath_Amount + "/input__paymentAmount"), 2, CONTINUE_ON_FAILURE): Scroll to object 'Object Repository/RAD_Pages/PaymentAmount_Page/input__paymentAmount' successfully

2024-02-03 22:54:14 - [MESSAGE][PASSED] - Scroll to object 'Object Repository/RAD_Pages/PaymentAmount_Page/input__paymentAmount' successfully

2024-02-03 22:54:14 - [TEST_STEP][PASSED] - switch (Paymenttype): null

2024-02-03 22:54:14 - [TEST_STEP][PASSED] - case "Quarterly Estimated Tax":: null

2024-02-03 22:54:14 - [TEST_STEP][PASSED] - setEncryptedText(findTestObject(orPath_TaxInfo + "/input_TaxInfo_FeinSsn_New_2"), "RigbBhfdqODKcAsiUrg+1Q=="): Text ****** has been set on object 'Object Repository/RAD_Pages/TaxInfo_Page/input_TaxInfo_FeinSsn_New_2'

2024-02-03 22:54:15 - [MESSAGE][PASSED] - Text ****** has been set on object 'Object Repository/RAD_Pages/TaxInfo_Page/input_TaxInfo_FeinSsn_New_2'

2024-02-03 22:54:15 - [TEST_STEP][PASSED] - setEncryptedText(findTestObject(orPath_TaxInfo + "/input_TaxInfo_RetypeFeinSsn_New_2"), "RigbBhfdqOD+04WBHw5iKw=="): Text ****** has been set on object 'Object Repository/RAD_Pages/TaxInfo_Page/input_TaxInfo_RetypeFeinSsn_New_2'

2024-02-03 22:54:16 - [MESSAGE][PASSED] - Text ****** has been set on object 'Object Repository/RAD_Pages/TaxInfo_Page/input_TaxInfo_RetypeFeinSsn_New_2'

2024-02-03 22:54:16 - [TEST_STEP][PASSED] - break: null

2024-02-03 22:54:16 - [TEST_STEP][PASSED] - setText(findTestObject(orPath_Amount + "/input__paymentAmount"), ""): Text '' is set on object 'Object Repository/RAD_Pages/PaymentAmount_Page/input__paymentAmount'

2024-02-03 22:54:17 - [MESSAGE][PASSED] - Text '' is set on object 'Object Repository/RAD_Pages/PaymentAmount_Page/input__paymentAmount'

2024-02-03 22:54:17 - [TEST_STEP][PASSED] - if (verifyTextPresent("The FEIN/SSN and Re-type FEIN/SSN do not match", true)): null

2024-02-03 22:54:17 - [MESSAGE][PASSED] - Text 'The FEIN/SSN and Re-type FEIN/SSN do not match' is present on page  using regular expression

2024-02-03 22:54:17 - [TEST_STEP][PASSED] - println("Error Message is present on the page"): null

2024-02-03 22:54:17 - [TEST_STEP][PASSED] - out.println("Pass Record Number: " + row): null

2024-02-03 22:54:17 - [TEST_STEP][PASSED] - resText = "Pass": null

2024-02-03 22:54:17 - [TEST_STEP][PASSED] - pages.WriteExcel.demoKey(resText, datText, resColumn, datCloumn, fileLoc, nameSheet, row): pages.WriteExcel.demoKey is PASSED

2024-02-03 22:54:18 - [MESSAGE][PASSED] - pages.WriteExcel.demoKey is PASSED

2024-02-03 22:54:18 - [TEST_STEP][PASSED] - ExecuteTC = findTestData(dataFile).getValue("Execute", row): null

2024-02-03 22:54:18 - [TEST_STEP][PASSED] - Taxtype = findTestData(dataFile).getValue("TaxType", row): null

2024-02-03 22:54:18 - [TEST_STEP][PASSED] - Paymenttype = findTestData(dataFile).getValue("PaymentType", row): null

2024-02-03 22:54:18 - [TEST_STEP][PASSED] - out.println("Value of Execute is : " + ExecuteTC): null

2024-02-03 22:54:18 - [TEST_STEP][PASSED] - if (ExecuteTC.equalsIgnoreCase("Y")): null

2024-02-03 22:54:18 - [TEST_STEP][PASSED] - out.println("Begin Record Number: " + row): null

2024-02-03 22:54:18 - [TEST_STEP][PASSED] - today = new java.util.Date(): null

2024-02-03 22:54:18 - [TEST_STEP][PASSED] - println(today): null

2024-02-03 22:54:18 - [TEST_STEP][PASSED] - datText = today: null

2024-02-03 22:54:18 - [TEST_STEP][PASSED] - Taxtype = findTestData(dataFile).getValue("TaxType", row): null

2024-02-03 22:54:18 - [TEST_STEP][PASSED] - out.println("Taxtype value is : " + Taxtype): null

2024-02-03 22:54:18 - [TEST_STEP][PASSED] - openBrowser(""): Browser is opened with url: ''

2024-02-03 22:54:18 - [MESSAGE][WARNING] - A browser is already opened. Closing browser and opening a new one

2024-02-03 22:54:19 - [MESSAGE][INFO] - Starting 'Chrome' driver

2024-02-03 22:54:19 - [MESSAGE][INFO] - User set preference: ['acceptInsecureCerts', 'true']

2024-02-03 22:54:19 - [MESSAGE][INFO] - Action delay is set to 0 milliseconds

2024-02-03 22:54:21 - [MESSAGE][PASSED] - Browser is opened with url: ''

2024-02-03 22:54:21 - [TEST_STEP][PASSED] - maximizeWindow(): Current window maximized

2024-02-03 22:54:21 - [MESSAGE][PASSED] - Current window maximized

2024-02-03 22:54:21 - [TEST_STEP][PASSED] - navigateToUrl(RADurl): Navigate to 'https://qa2.velocitypayment.com/client/rad/index.html' successfully

2024-02-03 22:54:22 - [MESSAGE][PASSED] - Navigate to 'https://qa2.velocitypayment.com/client/rad/index.html' successfully

2024-02-03 22:54:22 - [TEST_STEP][PASSED] - orPath_Landing = "Object Repository/RAD_Pages/Landing_Page": null

2024-02-03 22:54:22 - [TEST_STEP][PASSED] - orPath_TaxTypeFilingYear = "Object Repository/RAD_Pages/TaxTypeFilingYear_Page": null

2024-02-03 22:54:22 - [TEST_STEP][PASSED] - orPath_TaxPayer = "Object Repository/RAD_Pages/Taxpayer_Page": null

2024-02-03 22:54:22 - [TEST_STEP][PASSED] - orPath_AddressContact = "Object Repository/RAD_Pages/AddressAndContactInfo_Page": null

2024-02-03 22:54:22 - [TEST_STEP][PASSED] - orPath_FilingStatus = "Object Repository/RAD_Pages/FilingStatus_Page": null

2024-02-03 22:54:22 - [TEST_STEP][PASSED] - orPath_Amount = "Object Repository/RAD_Pages/PaymentAmount_Page": null

2024-02-03 22:54:22 - [TEST_STEP][PASSED] - orPath_TaxInfo = "Object Repository/RAD_Pages/TaxInfo_Page": null

2024-02-03 22:54:22 - [TEST_STEP][PASSED] - orPath_Withholding = "Object Repository/RAD_Pages/Withholding_Page": null

2024-02-03 22:54:22 - [TEST_STEP][PASSED] - orPath_Summary = "Object Repository/RAD_Pages/Summary_Page": null

2024-02-03 22:54:22 - [TEST_STEP][PASSED] - orPath_PaymentReady = "Object Repository/RAD_Pages/PaymentReady_Page": null

2024-02-03 22:54:22 - [TEST_STEP][PASSED] - orPath_PaymentEntry = "Object Repository/RAD_Pages/PaymentEntry_Page": null

2024-02-03 22:54:22 - [TEST_STEP][PASSED] - orPath_PaymentConfirmation = "Object Repository/RAD_Pages/PaymentConfirmation_Page": null

2024-02-03 22:54:22 - [TEST_STEP][PASSED] - orPath_ServiceFeesAccept = "Object Repository/RAD_Pages/ServiceFeeAccept_Page": null

2024-02-03 22:54:22 - [TEST_STEP][PASSED] - selectOptionByLabel(findTestObject(orPath_Landing + "/dd_TaxType"), Paymenttype, false): All options with label 'Quarterly Estimated Tax' are selected in object 'Object Repository/RAD_Pages/Landing_Page/dd_TaxType' 

2024-02-03 22:54:23 - [MESSAGE][PASSED] - All options with label 'Quarterly Estimated Tax' are selected in object 'Object Repository/RAD_Pages/Landing_Page/dd_TaxType' 

2024-02-03 22:54:23 - [TEST_STEP][PASSED] - delay(1): Delayed 1 second(s)

2024-02-03 22:54:24 - [MESSAGE][PASSED] - Delayed 1 second(s)

2024-02-03 22:54:24 - [TEST_STEP][PASSED] - switch (Paymenttype): null

2024-02-03 22:54:24 - [TEST_STEP][PASSED] - case "Quarterly Estimated Tax":: null

2024-02-03 22:54:24 - [TEST_STEP][PASSED] - selectOptionByLabel(findTestObject(orPath_TaxTypeFilingYear + "/select_PaymentType"), Taxtype, false): All options with label 'PTE Non-Electing S Corp' are selected in object 'Object Repository/RAD_Pages/TaxTypeFilingYear_Page/select_PaymentType' 

2024-02-03 22:54:25 - [MESSAGE][PASSED] - All options with label 'PTE Non-Electing S Corp' are selected in object 'Object Repository/RAD_Pages/TaxTypeFilingYear_Page/select_PaymentType' 

2024-02-03 22:54:25 - [TEST_STEP][PASSED] - break: null

2024-02-03 22:54:25 - [TEST_STEP][PASSED] - delay(1): Delayed 1 second(s)

2024-02-03 22:54:26 - [MESSAGE][PASSED] - Delayed 1 second(s)

2024-02-03 22:54:26 - [TEST_STEP][PASSED] - scrollToElement(findTestObject(orPath_Amount + "/input__paymentAmount"), 2, CONTINUE_ON_FAILURE): Scroll to object 'Object Repository/RAD_Pages/PaymentAmount_Page/input__paymentAmount' successfully

2024-02-03 22:54:26 - [MESSAGE][PASSED] - Scroll to object 'Object Repository/RAD_Pages/PaymentAmount_Page/input__paymentAmount' successfully

2024-02-03 22:54:26 - [TEST_STEP][PASSED] - switch (Paymenttype): null

2024-02-03 22:54:26 - [TEST_STEP][PASSED] - case "Quarterly Estimated Tax":: null

2024-02-03 22:54:26 - [TEST_STEP][PASSED] - setEncryptedText(findTestObject(orPath_TaxInfo + "/input_TaxInfo_FeinSsn_New_2"), "RigbBhfdqODKcAsiUrg+1Q=="): Text ****** has been set on object 'Object Repository/RAD_Pages/TaxInfo_Page/input_TaxInfo_FeinSsn_New_2'

2024-02-03 22:54:27 - [MESSAGE][PASSED] - Text ****** has been set on object 'Object Repository/RAD_Pages/TaxInfo_Page/input_TaxInfo_FeinSsn_New_2'

2024-02-03 22:54:27 - [TEST_STEP][PASSED] - setEncryptedText(findTestObject(orPath_TaxInfo + "/input_TaxInfo_RetypeFeinSsn_New_2"), "RigbBhfdqOD+04WBHw5iKw=="): Text ****** has been set on object 'Object Repository/RAD_Pages/TaxInfo_Page/input_TaxInfo_RetypeFeinSsn_New_2'

2024-02-03 22:54:27 - [MESSAGE][PASSED] - Text ****** has been set on object 'Object Repository/RAD_Pages/TaxInfo_Page/input_TaxInfo_RetypeFeinSsn_New_2'

2024-02-03 22:54:27 - [TEST_STEP][PASSED] - break: null

2024-02-03 22:54:27 - [TEST_STEP][PASSED] - setText(findTestObject(orPath_Amount + "/input__paymentAmount"), ""): Text '' is set on object 'Object Repository/RAD_Pages/PaymentAmount_Page/input__paymentAmount'

2024-02-03 22:54:28 - [MESSAGE][PASSED] - Text '' is set on object 'Object Repository/RAD_Pages/PaymentAmount_Page/input__paymentAmount'

2024-02-03 22:54:28 - [TEST_STEP][PASSED] - if (verifyTextPresent("The FEIN/SSN and Re-type FEIN/SSN do not match", true)): null

2024-02-03 22:54:29 - [MESSAGE][PASSED] - Text 'The FEIN/SSN and Re-type FEIN/SSN do not match' is present on page  using regular expression

2024-02-03 22:54:29 - [TEST_STEP][PASSED] - println("Error Message is present on the page"): null

2024-02-03 22:54:29 - [TEST_STEP][PASSED] - out.println("Pass Record Number: " + row): null

2024-02-03 22:54:29 - [TEST_STEP][PASSED] - resText = "Pass": null

2024-02-03 22:54:29 - [TEST_STEP][PASSED] - pages.WriteExcel.demoKey(resText, datText, resColumn, datCloumn, fileLoc, nameSheet, row): pages.WriteExcel.demoKey is PASSED

2024-02-03 22:54:29 - [MESSAGE][PASSED] - pages.WriteExcel.demoKey is PASSED

2024-02-03 22:54:29 - [TEST_STEP][PASSED] - ExecuteTC = findTestData(dataFile).getValue("Execute", row): null

2024-02-03 22:54:29 - [TEST_STEP][PASSED] - Taxtype = findTestData(dataFile).getValue("TaxType", row): null

2024-02-03 22:54:29 - [TEST_STEP][PASSED] - Paymenttype = findTestData(dataFile).getValue("PaymentType", row): null

2024-02-03 22:54:29 - [TEST_STEP][PASSED] - out.println("Value of Execute is : " + ExecuteTC): null

2024-02-03 22:54:29 - [TEST_STEP][PASSED] - if (ExecuteTC.equalsIgnoreCase("Y")): null

2024-02-03 22:54:29 - [TEST_STEP][PASSED] - out.println("Begin Record Number: " + row): null

2024-02-03 22:54:29 - [TEST_STEP][PASSED] - today = new java.util.Date(): null

2024-02-03 22:54:29 - [TEST_STEP][PASSED] - println(today): null

2024-02-03 22:54:29 - [TEST_STEP][PASSED] - datText = today: null

2024-02-03 22:54:29 - [TEST_STEP][PASSED] - Taxtype = findTestData(dataFile).getValue("TaxType", row): null

2024-02-03 22:54:29 - [TEST_STEP][PASSED] - out.println("Taxtype value is : " + Taxtype): null

2024-02-03 22:54:29 - [TEST_STEP][PASSED] - openBrowser(""): Browser is opened with url: ''

2024-02-03 22:54:29 - [MESSAGE][WARNING] - A browser is already opened. Closing browser and opening a new one

2024-02-03 22:54:30 - [MESSAGE][INFO] - Starting 'Chrome' driver

2024-02-03 22:54:30 - [MESSAGE][INFO] - User set preference: ['acceptInsecureCerts', 'true']

2024-02-03 22:54:30 - [MESSAGE][INFO] - Action delay is set to 0 milliseconds

2024-02-03 22:54:32 - [MESSAGE][PASSED] - Browser is opened with url: ''

2024-02-03 22:54:32 - [TEST_STEP][PASSED] - maximizeWindow(): Current window maximized

2024-02-03 22:54:32 - [MESSAGE][PASSED] - Current window maximized

2024-02-03 22:54:32 - [TEST_STEP][PASSED] - navigateToUrl(RADurl): Navigate to 'https://qa2.velocitypayment.com/client/rad/index.html' successfully

2024-02-03 22:54:34 - [MESSAGE][PASSED] - Navigate to 'https://qa2.velocitypayment.com/client/rad/index.html' successfully

2024-02-03 22:54:34 - [TEST_STEP][PASSED] - orPath_Landing = "Object Repository/RAD_Pages/Landing_Page": null

2024-02-03 22:54:34 - [TEST_STEP][PASSED] - orPath_TaxTypeFilingYear = "Object Repository/RAD_Pages/TaxTypeFilingYear_Page": null

2024-02-03 22:54:34 - [TEST_STEP][PASSED] - orPath_TaxPayer = "Object Repository/RAD_Pages/Taxpayer_Page": null

2024-02-03 22:54:34 - [TEST_STEP][PASSED] - orPath_AddressContact = "Object Repository/RAD_Pages/AddressAndContactInfo_Page": null

2024-02-03 22:54:34 - [TEST_STEP][PASSED] - orPath_FilingStatus = "Object Repository/RAD_Pages/FilingStatus_Page": null

2024-02-03 22:54:34 - [TEST_STEP][PASSED] - orPath_Amount = "Object Repository/RAD_Pages/PaymentAmount_Page": null

2024-02-03 22:54:34 - [TEST_STEP][PASSED] - orPath_TaxInfo = "Object Repository/RAD_Pages/TaxInfo_Page": null

2024-02-03 22:54:34 - [TEST_STEP][PASSED] - orPath_Withholding = "Object Repository/RAD_Pages/Withholding_Page": null

2024-02-03 22:54:34 - [TEST_STEP][PASSED] - orPath_Summary = "Object Repository/RAD_Pages/Summary_Page": null

2024-02-03 22:54:34 - [TEST_STEP][PASSED] - orPath_PaymentReady = "Object Repository/RAD_Pages/PaymentReady_Page": null

2024-02-03 22:54:34 - [TEST_STEP][PASSED] - orPath_PaymentEntry = "Object Repository/RAD_Pages/PaymentEntry_Page": null

2024-02-03 22:54:34 - [TEST_STEP][PASSED] - orPath_PaymentConfirmation = "Object Repository/RAD_Pages/PaymentConfirmation_Page": null

2024-02-03 22:54:34 - [TEST_STEP][PASSED] - orPath_ServiceFeesAccept = "Object Repository/RAD_Pages/ServiceFeeAccept_Page": null

2024-02-03 22:54:34 - [TEST_STEP][PASSED] - selectOptionByLabel(findTestObject(orPath_Landing + "/dd_TaxType"), Paymenttype, false): All options with label 'Quarterly Estimated Tax' are selected in object 'Object Repository/RAD_Pages/Landing_Page/dd_TaxType' 

2024-02-03 22:54:34 - [MESSAGE][PASSED] - All options with label 'Quarterly Estimated Tax' are selected in object 'Object Repository/RAD_Pages/Landing_Page/dd_TaxType' 

2024-02-03 22:54:34 - [TEST_STEP][PASSED] - delay(1): Delayed 1 second(s)

2024-02-03 22:54:35 - [MESSAGE][PASSED] - Delayed 1 second(s)

2024-02-03 22:54:35 - [TEST_STEP][PASSED] - switch (Paymenttype): null

2024-02-03 22:54:35 - [TEST_STEP][PASSED] - case "Quarterly Estimated Tax":: null

2024-02-03 22:54:35 - [TEST_STEP][PASSED] - selectOptionByLabel(findTestObject(orPath_TaxTypeFilingYear + "/select_PaymentType"), Taxtype, false): All options with label 'PTE Tax Electing Non-S Corp' are selected in object 'Object Repository/RAD_Pages/TaxTypeFilingYear_Page/select_PaymentType' 

2024-02-03 22:54:36 - [MESSAGE][PASSED] - All options with label 'PTE Tax Electing Non-S Corp' are selected in object 'Object Repository/RAD_Pages/TaxTypeFilingYear_Page/select_PaymentType' 

2024-02-03 22:54:36 - [TEST_STEP][PASSED] - break: null

2024-02-03 22:54:36 - [TEST_STEP][PASSED] - delay(1): Delayed 1 second(s)

2024-02-03 22:54:37 - [MESSAGE][PASSED] - Delayed 1 second(s)

2024-02-03 22:54:37 - [TEST_STEP][PASSED] - scrollToElement(findTestObject(orPath_Amount + "/input__paymentAmount"), 2, CONTINUE_ON_FAILURE): Scroll to object 'Object Repository/RAD_Pages/PaymentAmount_Page/input__paymentAmount' successfully

2024-02-03 22:54:37 - [MESSAGE][PASSED] - Scroll to object 'Object Repository/RAD_Pages/PaymentAmount_Page/input__paymentAmount' successfully

2024-02-03 22:54:37 - [TEST_STEP][PASSED] - switch (Paymenttype): null

2024-02-03 22:54:37 - [TEST_STEP][PASSED] - case "Quarterly Estimated Tax":: null

2024-02-03 22:54:37 - [TEST_STEP][PASSED] - setEncryptedText(findTestObject(orPath_TaxInfo + "/input_TaxInfo_FeinSsn_New_2"), "RigbBhfdqODKcAsiUrg+1Q=="): Text ****** has been set on object 'Object Repository/RAD_Pages/TaxInfo_Page/input_TaxInfo_FeinSsn_New_2'

2024-02-03 22:54:38 - [MESSAGE][PASSED] - Text ****** has been set on object 'Object Repository/RAD_Pages/TaxInfo_Page/input_TaxInfo_FeinSsn_New_2'

2024-02-03 22:54:38 - [TEST_STEP][PASSED] - setEncryptedText(findTestObject(orPath_TaxInfo + "/input_TaxInfo_RetypeFeinSsn_New_2"), "RigbBhfdqOD+04WBHw5iKw=="): Text ****** has been set on object 'Object Repository/RAD_Pages/TaxInfo_Page/input_TaxInfo_RetypeFeinSsn_New_2'

2024-02-03 22:54:38 - [MESSAGE][PASSED] - Text ****** has been set on object 'Object Repository/RAD_Pages/TaxInfo_Page/input_TaxInfo_RetypeFeinSsn_New_2'

2024-02-03 22:54:38 - [TEST_STEP][PASSED] - break: null

2024-02-03 22:54:38 - [TEST_STEP][PASSED] - setText(findTestObject(orPath_Amount + "/input__paymentAmount"), ""): Text '' is set on object 'Object Repository/RAD_Pages/PaymentAmount_Page/input__paymentAmount'

2024-02-03 22:54:39 - [MESSAGE][PASSED] - Text '' is set on object 'Object Repository/RAD_Pages/PaymentAmount_Page/input__paymentAmount'

2024-02-03 22:54:39 - [TEST_STEP][PASSED] - if (verifyTextPresent("The FEIN/SSN and Re-type FEIN/SSN do not match", true)): null

2024-02-03 22:54:40 - [MESSAGE][PASSED] - Text 'The FEIN/SSN and Re-type FEIN/SSN do not match' is present on page  using regular expression

2024-02-03 22:54:40 - [TEST_STEP][PASSED] - println("Error Message is present on the page"): null

2024-02-03 22:54:40 - [TEST_STEP][PASSED] - out.println("Pass Record Number: " + row): null

2024-02-03 22:54:40 - [TEST_STEP][PASSED] - resText = "Pass": null

2024-02-03 22:54:40 - [TEST_STEP][PASSED] - pages.WriteExcel.demoKey(resText, datText, resColumn, datCloumn, fileLoc, nameSheet, row): pages.WriteExcel.demoKey is PASSED

2024-02-03 22:54:40 - [MESSAGE][PASSED] - pages.WriteExcel.demoKey is PASSED

2024-02-03 22:54:40 - [TEST_STEP][PASSED] - ExecuteTC = findTestData(dataFile).getValue("Execute", row): null

2024-02-03 22:54:40 - [TEST_STEP][PASSED] - Taxtype = findTestData(dataFile).getValue("TaxType", row): null

2024-02-03 22:54:40 - [TEST_STEP][PASSED] - Paymenttype = findTestData(dataFile).getValue("PaymentType", row): null

2024-02-03 22:54:40 - [TEST_STEP][PASSED] - out.println("Value of Execute is : " + ExecuteTC): null

2024-02-03 22:54:40 - [TEST_STEP][PASSED] - if (ExecuteTC.equalsIgnoreCase("Y")): null

2024-02-03 22:54:40 - [TEST_STEP][PASSED] - out.println("Begin Record Number: " + row): null

2024-02-03 22:54:40 - [TEST_STEP][PASSED] - today = new java.util.Date(): null

2024-02-03 22:54:40 - [TEST_STEP][PASSED] - println(today): null

2024-02-03 22:54:40 - [TEST_STEP][PASSED] - datText = today: null

2024-02-03 22:54:40 - [TEST_STEP][PASSED] - Taxtype = findTestData(dataFile).getValue("TaxType", row): null

2024-02-03 22:54:40 - [TEST_STEP][PASSED] - out.println("Taxtype value is : " + Taxtype): null

2024-02-03 22:54:40 - [TEST_STEP][PASSED] - openBrowser(""): Browser is opened with url: ''

2024-02-03 22:54:40 - [MESSAGE][WARNING] - A browser is already opened. Closing browser and opening a new one

2024-02-03 22:54:41 - [MESSAGE][INFO] - Starting 'Chrome' driver

2024-02-03 22:54:41 - [MESSAGE][INFO] - User set preference: ['acceptInsecureCerts', 'true']

2024-02-03 22:54:41 - [MESSAGE][INFO] - Action delay is set to 0 milliseconds

2024-02-03 22:54:43 - [MESSAGE][PASSED] - Browser is opened with url: ''

2024-02-03 22:54:43 - [TEST_STEP][PASSED] - maximizeWindow(): Current window maximized

2024-02-03 22:54:43 - [MESSAGE][PASSED] - Current window maximized

2024-02-03 22:54:43 - [TEST_STEP][PASSED] - navigateToUrl(RADurl): Navigate to 'https://qa2.velocitypayment.com/client/rad/index.html' successfully

2024-02-03 22:54:43 - [MESSAGE][PASSED] - Navigate to 'https://qa2.velocitypayment.com/client/rad/index.html' successfully

2024-02-03 22:54:43 - [TEST_STEP][PASSED] - orPath_Landing = "Object Repository/RAD_Pages/Landing_Page": null

2024-02-03 22:54:43 - [TEST_STEP][PASSED] - orPath_TaxTypeFilingYear = "Object Repository/RAD_Pages/TaxTypeFilingYear_Page": null

2024-02-03 22:54:43 - [TEST_STEP][PASSED] - orPath_TaxPayer = "Object Repository/RAD_Pages/Taxpayer_Page": null

2024-02-03 22:54:43 - [TEST_STEP][PASSED] - orPath_AddressContact = "Object Repository/RAD_Pages/AddressAndContactInfo_Page": null

2024-02-03 22:54:43 - [TEST_STEP][PASSED] - orPath_FilingStatus = "Object Repository/RAD_Pages/FilingStatus_Page": null

2024-02-03 22:54:43 - [TEST_STEP][PASSED] - orPath_Amount = "Object Repository/RAD_Pages/PaymentAmount_Page": null

2024-02-03 22:54:43 - [TEST_STEP][PASSED] - orPath_TaxInfo = "Object Repository/RAD_Pages/TaxInfo_Page": null

2024-02-03 22:54:43 - [TEST_STEP][PASSED] - orPath_Withholding = "Object Repository/RAD_Pages/Withholding_Page": null

2024-02-03 22:54:43 - [TEST_STEP][PASSED] - orPath_Summary = "Object Repository/RAD_Pages/Summary_Page": null

2024-02-03 22:54:43 - [TEST_STEP][PASSED] - orPath_PaymentReady = "Object Repository/RAD_Pages/PaymentReady_Page": null

2024-02-03 22:54:43 - [TEST_STEP][PASSED] - orPath_PaymentEntry = "Object Repository/RAD_Pages/PaymentEntry_Page": null

2024-02-03 22:54:43 - [TEST_STEP][PASSED] - orPath_PaymentConfirmation = "Object Repository/RAD_Pages/PaymentConfirmation_Page": null

2024-02-03 22:54:43 - [TEST_STEP][PASSED] - orPath_ServiceFeesAccept = "Object Repository/RAD_Pages/ServiceFeeAccept_Page": null

2024-02-03 22:54:43 - [TEST_STEP][PASSED] - selectOptionByLabel(findTestObject(orPath_Landing + "/dd_TaxType"), Paymenttype, false): All options with label 'Quarterly Estimated Tax' are selected in object 'Object Repository/RAD_Pages/Landing_Page/dd_TaxType' 

2024-02-03 22:54:45 - [MESSAGE][PASSED] - All options with label 'Quarterly Estimated Tax' are selected in object 'Object Repository/RAD_Pages/Landing_Page/dd_TaxType' 

2024-02-03 22:54:45 - [TEST_STEP][PASSED] - delay(1): Delayed 1 second(s)

2024-02-03 22:54:46 - [MESSAGE][PASSED] - Delayed 1 second(s)

2024-02-03 22:54:46 - [TEST_STEP][PASSED] - switch (Paymenttype): null

2024-02-03 22:54:46 - [TEST_STEP][PASSED] - case "Quarterly Estimated Tax":: null

2024-02-03 22:54:46 - [TEST_STEP][PASSED] - selectOptionByLabel(findTestObject(orPath_TaxTypeFilingYear + "/select_PaymentType"), Taxtype, false): All options with label 'PTE Tax Electing S Corp' are selected in object 'Object Repository/RAD_Pages/TaxTypeFilingYear_Page/select_PaymentType' 

2024-02-03 22:54:47 - [MESSAGE][PASSED] - All options with label 'PTE Tax Electing S Corp' are selected in object 'Object Repository/RAD_Pages/TaxTypeFilingYear_Page/select_PaymentType' 

2024-02-03 22:54:47 - [TEST_STEP][PASSED] - break: null

2024-02-03 22:54:47 - [TEST_STEP][PASSED] - delay(1): Delayed 1 second(s)

2024-02-03 22:54:48 - [MESSAGE][PASSED] - Delayed 1 second(s)

2024-02-03 22:54:48 - [TEST_STEP][PASSED] - scrollToElement(findTestObject(orPath_Amount + "/input__paymentAmount"), 2, CONTINUE_ON_FAILURE): Scroll to object 'Object Repository/RAD_Pages/PaymentAmount_Page/input__paymentAmount' successfully

2024-02-03 22:54:48 - [MESSAGE][PASSED] - Scroll to object 'Object Repository/RAD_Pages/PaymentAmount_Page/input__paymentAmount' successfully

2024-02-03 22:54:48 - [TEST_STEP][PASSED] - switch (Paymenttype): null

2024-02-03 22:54:48 - [TEST_STEP][PASSED] - case "Quarterly Estimated Tax":: null

2024-02-03 22:54:48 - [TEST_STEP][PASSED] - setEncryptedText(findTestObject(orPath_TaxInfo + "/input_TaxInfo_FeinSsn_New_2"), "RigbBhfdqODKcAsiUrg+1Q=="): Text ****** has been set on object 'Object Repository/RAD_Pages/TaxInfo_Page/input_TaxInfo_FeinSsn_New_2'

2024-02-03 22:54:49 - [MESSAGE][PASSED] - Text ****** has been set on object 'Object Repository/RAD_Pages/TaxInfo_Page/input_TaxInfo_FeinSsn_New_2'

2024-02-03 22:54:49 - [TEST_STEP][PASSED] - setEncryptedText(findTestObject(orPath_TaxInfo + "/input_TaxInfo_RetypeFeinSsn_New_2"), "RigbBhfdqOD+04WBHw5iKw=="): Text ****** has been set on object 'Object Repository/RAD_Pages/TaxInfo_Page/input_TaxInfo_RetypeFeinSsn_New_2'

2024-02-03 22:54:49 - [MESSAGE][PASSED] - Text ****** has been set on object 'Object Repository/RAD_Pages/TaxInfo_Page/input_TaxInfo_RetypeFeinSsn_New_2'

2024-02-03 22:54:49 - [TEST_STEP][PASSED] - break: null

2024-02-03 22:54:49 - [TEST_STEP][PASSED] - setText(findTestObject(orPath_Amount + "/input__paymentAmount"), ""): Text '' is set on object 'Object Repository/RAD_Pages/PaymentAmount_Page/input__paymentAmount'

2024-02-03 22:54:50 - [MESSAGE][PASSED] - Text '' is set on object 'Object Repository/RAD_Pages/PaymentAmount_Page/input__paymentAmount'

2024-02-03 22:54:50 - [TEST_STEP][PASSED] - if (verifyTextPresent("The FEIN/SSN and Re-type FEIN/SSN do not match", true)): null

2024-02-03 22:54:51 - [MESSAGE][PASSED] - Text 'The FEIN/SSN and Re-type FEIN/SSN do not match' is present on page  using regular expression

2024-02-03 22:54:51 - [TEST_STEP][PASSED] - println("Error Message is present on the page"): null

2024-02-03 22:54:51 - [TEST_STEP][PASSED] - out.println("Pass Record Number: " + row): null

2024-02-03 22:54:51 - [TEST_STEP][PASSED] - resText = "Pass": null

2024-02-03 22:54:51 - [TEST_STEP][PASSED] - pages.WriteExcel.demoKey(resText, datText, resColumn, datCloumn, fileLoc, nameSheet, row): pages.WriteExcel.demoKey is PASSED

2024-02-03 22:54:51 - [MESSAGE][PASSED] - pages.WriteExcel.demoKey is PASSED

2024-02-03 22:54:51 - [TEST_STEP][PASSED] - ExecuteTC = findTestData(dataFile).getValue("Execute", row): null

2024-02-03 22:54:51 - [TEST_STEP][PASSED] - Taxtype = findTestData(dataFile).getValue("TaxType", row): null

2024-02-03 22:54:51 - [TEST_STEP][PASSED] - Paymenttype = findTestData(dataFile).getValue("PaymentType", row): null

2024-02-03 22:54:51 - [TEST_STEP][PASSED] - out.println("Value of Execute is : " + ExecuteTC): null

2024-02-03 22:54:51 - [TEST_STEP][PASSED] - if (ExecuteTC.equalsIgnoreCase("Y")): null

2024-02-03 22:54:51 - [TEST_STEP][PASSED] - ExecuteTC = findTestData(dataFile).getValue("Execute", row): null

2024-02-03 22:54:51 - [TEST_STEP][PASSED] - Taxtype = findTestData(dataFile).getValue("TaxType", row): null

2024-02-03 22:54:51 - [TEST_STEP][PASSED] - Paymenttype = findTestData(dataFile).getValue("PaymentType", row): null

2024-02-03 22:54:51 - [TEST_STEP][PASSED] - out.println("Value of Execute is : " + ExecuteTC): null

2024-02-03 22:54:51 - [TEST_STEP][PASSED] - if (ExecuteTC.equalsIgnoreCase("Y")): null

2024-02-03 22:54:51 - [TEST_STEP][PASSED] - ExecuteTC = findTestData(dataFile).getValue("Execute", row): null

2024-02-03 22:54:51 - [TEST_STEP][PASSED] - Taxtype = findTestData(dataFile).getValue("TaxType", row): null

2024-02-03 22:54:51 - [TEST_STEP][PASSED] - Paymenttype = findTestData(dataFile).getValue("PaymentType", row): null

2024-02-03 22:54:51 - [TEST_STEP][PASSED] - out.println("Value of Execute is : " + ExecuteTC): null

2024-02-03 22:54:51 - [TEST_STEP][PASSED] - if (ExecuteTC.equalsIgnoreCase("Y")): null

2024-02-03 22:54:51 - [TEST_STEP][PASSED] - ExecuteTC = findTestData(dataFile).getValue("Execute", row): null

2024-02-03 22:54:51 - [TEST_STEP][PASSED] - Taxtype = findTestData(dataFile).getValue("TaxType", row): null

2024-02-03 22:54:51 - [TEST_STEP][PASSED] - Paymenttype = findTestData(dataFile).getValue("PaymentType", row): null

2024-02-03 22:54:51 - [TEST_STEP][PASSED] - out.println("Value of Execute is : " + ExecuteTC): null

2024-02-03 22:54:51 - [TEST_STEP][PASSED] - if (ExecuteTC.equalsIgnoreCase("Y")): null

2024-02-03 22:54:51 - [TEST_STEP][PASSED] - ExecuteTC = findTestData(dataFile).getValue("Execute", row): null

2024-02-03 22:54:51 - [TEST_STEP][PASSED] - Taxtype = findTestData(dataFile).getValue("TaxType", row): null

2024-02-03 22:54:51 - [TEST_STEP][PASSED] - Paymenttype = findTestData(dataFile).getValue("PaymentType", row): null

2024-02-03 22:54:51 - [TEST_STEP][PASSED] - out.println("Value of Execute is : " + ExecuteTC): null

2024-02-03 22:54:51 - [TEST_STEP][PASSED] - if (ExecuteTC.equalsIgnoreCase("Y")): null

2024-02-03 22:54:51 - [TEST_STEP][PASSED] - out.println("Begin Record Number: " + row): null

2024-02-03 22:54:51 - [TEST_STEP][PASSED] - today = new java.util.Date(): null

2024-02-03 22:54:51 - [TEST_STEP][PASSED] - println(today): null

2024-02-03 22:54:51 - [TEST_STEP][PASSED] - datText = today: null

2024-02-03 22:54:51 - [TEST_STEP][PASSED] - Taxtype = findTestData(dataFile).getValue("TaxType", row): null

2024-02-03 22:54:51 - [TEST_STEP][PASSED] - out.println("Taxtype value is : " + Taxtype): null

2024-02-03 22:54:51 - [TEST_STEP][PASSED] - openBrowser(""): Browser is opened with url: ''

2024-02-03 22:54:51 - [MESSAGE][WARNING] - A browser is already opened. Closing browser and opening a new one

2024-02-03 22:54:52 - [MESSAGE][INFO] - Starting 'Chrome' driver

2024-02-03 22:54:52 - [MESSAGE][INFO] - User set preference: ['acceptInsecureCerts', 'true']

2024-02-03 22:54:52 - [MESSAGE][INFO] - Action delay is set to 0 milliseconds

2024-02-03 22:54:54 - [MESSAGE][PASSED] - Browser is opened with url: ''

2024-02-03 22:54:54 - [TEST_STEP][PASSED] - maximizeWindow(): Current window maximized

2024-02-03 22:54:54 - [MESSAGE][PASSED] - Current window maximized

2024-02-03 22:54:54 - [TEST_STEP][PASSED] - navigateToUrl(RADurl): Navigate to 'https://qa2.velocitypayment.com/client/rad/index.html' successfully

2024-02-03 22:54:56 - [MESSAGE][PASSED] - Navigate to 'https://qa2.velocitypayment.com/client/rad/index.html' successfully

2024-02-03 22:54:56 - [TEST_STEP][PASSED] - orPath_Landing = "Object Repository/RAD_Pages/Landing_Page": null

2024-02-03 22:54:56 - [TEST_STEP][PASSED] - orPath_TaxTypeFilingYear = "Object Repository/RAD_Pages/TaxTypeFilingYear_Page": null

2024-02-03 22:54:56 - [TEST_STEP][PASSED] - orPath_TaxPayer = "Object Repository/RAD_Pages/Taxpayer_Page": null

2024-02-03 22:54:56 - [TEST_STEP][PASSED] - orPath_AddressContact = "Object Repository/RAD_Pages/AddressAndContactInfo_Page": null

2024-02-03 22:54:56 - [TEST_STEP][PASSED] - orPath_FilingStatus = "Object Repository/RAD_Pages/FilingStatus_Page": null

2024-02-03 22:54:56 - [TEST_STEP][PASSED] - orPath_Amount = "Object Repository/RAD_Pages/PaymentAmount_Page": null

2024-02-03 22:54:56 - [TEST_STEP][PASSED] - orPath_TaxInfo = "Object Repository/RAD_Pages/TaxInfo_Page": null

2024-02-03 22:54:56 - [TEST_STEP][PASSED] - orPath_Withholding = "Object Repository/RAD_Pages/Withholding_Page": null

2024-02-03 22:54:56 - [TEST_STEP][PASSED] - orPath_Summary = "Object Repository/RAD_Pages/Summary_Page": null

2024-02-03 22:54:56 - [TEST_STEP][PASSED] - orPath_PaymentReady = "Object Repository/RAD_Pages/PaymentReady_Page": null

2024-02-03 22:54:56 - [TEST_STEP][PASSED] - orPath_PaymentEntry = "Object Repository/RAD_Pages/PaymentEntry_Page": null

2024-02-03 22:54:56 - [TEST_STEP][PASSED] - orPath_PaymentConfirmation = "Object Repository/RAD_Pages/PaymentConfirmation_Page": null

2024-02-03 22:54:56 - [TEST_STEP][PASSED] - orPath_ServiceFeesAccept = "Object Repository/RAD_Pages/ServiceFeeAccept_Page": null

2024-02-03 22:54:56 - [TEST_STEP][PASSED] - selectOptionByLabel(findTestObject(orPath_Landing + "/dd_TaxType"), Paymenttype, false): All options with label 'New Tax Return Amount Due' are selected in object 'Object Repository/RAD_Pages/Landing_Page/dd_TaxType' 

2024-02-03 22:54:57 - [MESSAGE][PASSED] - All options with label 'New Tax Return Amount Due' are selected in object 'Object Repository/RAD_Pages/Landing_Page/dd_TaxType' 

2024-02-03 22:54:57 - [TEST_STEP][PASSED] - delay(1): Delayed 1 second(s)

2024-02-03 22:54:58 - [MESSAGE][PASSED] - Delayed 1 second(s)

2024-02-03 22:54:58 - [TEST_STEP][PASSED] - switch (Paymenttype): null

2024-02-03 22:54:58 - [TEST_STEP][PASSED] - case "New Tax Return Amount Due":: null

2024-02-03 22:54:58 - [TEST_STEP][PASSED] - selectOptionByLabel(findTestObject("Object Repository/RAD_Pages/Landing_Page/select_NewTaxReturnAmountDue_TaxType"), Taxtype, false): All options with label 'PTE Non-Electing Non-S Corp' are selected in object 'Object Repository/RAD_Pages/Landing_Page/select_NewTaxReturnAmountDue_TaxType' 

2024-02-03 22:54:58 - [MESSAGE][PASSED] - All options with label 'PTE Non-Electing Non-S Corp' are selected in object 'Object Repository/RAD_Pages/Landing_Page/select_NewTaxReturnAmountDue_TaxType' 

2024-02-03 22:54:58 - [TEST_STEP][PASSED] - break: null

2024-02-03 22:54:58 - [TEST_STEP][PASSED] - delay(1): Delayed 1 second(s)

2024-02-03 22:54:59 - [MESSAGE][PASSED] - Delayed 1 second(s)

2024-02-03 22:54:59 - [TEST_STEP][PASSED] - scrollToElement(findTestObject(orPath_Amount + "/input__paymentAmount"), 2, CONTINUE_ON_FAILURE): Scroll to object 'Object Repository/RAD_Pages/PaymentAmount_Page/input__paymentAmount' successfully

2024-02-03 22:55:00 - [MESSAGE][PASSED] - Scroll to object 'Object Repository/RAD_Pages/PaymentAmount_Page/input__paymentAmount' successfully

2024-02-03 22:55:00 - [TEST_STEP][PASSED] - switch (Paymenttype): null

2024-02-03 22:55:00 - [TEST_STEP][PASSED] - case "New Tax Return Amount Due":: null

2024-02-03 22:55:00 - [TEST_STEP][PASSED] - setEncryptedText(findTestObject(orPath_TaxInfo + "/input_TaxInfo_FeinSsn_New_2"), "RigbBhfdqODKcAsiUrg+1Q=="): Text ****** has been set on object 'Object Repository/RAD_Pages/TaxInfo_Page/input_TaxInfo_FeinSsn_New_2'

2024-02-03 22:55:00 - [MESSAGE][PASSED] - Text ****** has been set on object 'Object Repository/RAD_Pages/TaxInfo_Page/input_TaxInfo_FeinSsn_New_2'

2024-02-03 22:55:00 - [TEST_STEP][PASSED] - setEncryptedText(findTestObject(orPath_TaxInfo + "/input_TaxInfo_RetypeFeinSsn_New_2"), "RigbBhfdqOD+04WBHw5iKw=="): Text ****** has been set on object 'Object Repository/RAD_Pages/TaxInfo_Page/input_TaxInfo_RetypeFeinSsn_New_2'

2024-02-03 22:55:01 - [MESSAGE][PASSED] - Text ****** has been set on object 'Object Repository/RAD_Pages/TaxInfo_Page/input_TaxInfo_RetypeFeinSsn_New_2'

2024-02-03 22:55:01 - [TEST_STEP][PASSED] - break: null

2024-02-03 22:55:01 - [TEST_STEP][PASSED] - setText(findTestObject(orPath_Amount + "/input__paymentAmount"), ""): Text '' is set on object 'Object Repository/RAD_Pages/PaymentAmount_Page/input__paymentAmount'

2024-02-03 22:55:02 - [MESSAGE][PASSED] - Text '' is set on object 'Object Repository/RAD_Pages/PaymentAmount_Page/input__paymentAmount'

2024-02-03 22:55:02 - [TEST_STEP][PASSED] - if (verifyTextPresent("The FEIN/SSN and Re-type FEIN/SSN do not match", true)): null

2024-02-03 22:55:02 - [MESSAGE][PASSED] - Text 'The FEIN/SSN and Re-type FEIN/SSN do not match' is present on page  using regular expression

2024-02-03 22:55:02 - [TEST_STEP][PASSED] - println("Error Message is present on the page"): null

2024-02-03 22:55:02 - [TEST_STEP][PASSED] - out.println("Pass Record Number: " + row): null

2024-02-03 22:55:02 - [TEST_STEP][PASSED] - resText = "Pass": null

2024-02-03 22:55:02 - [TEST_STEP][PASSED] - pages.WriteExcel.demoKey(resText, datText, resColumn, datCloumn, fileLoc, nameSheet, row): pages.WriteExcel.demoKey is PASSED

2024-02-03 22:55:02 - [MESSAGE][PASSED] - pages.WriteExcel.demoKey is PASSED

2024-02-03 22:55:02 - [TEST_STEP][PASSED] - ExecuteTC = findTestData(dataFile).getValue("Execute", row): null

2024-02-03 22:55:02 - [TEST_STEP][PASSED] - Taxtype = findTestData(dataFile).getValue("TaxType", row): null

2024-02-03 22:55:02 - [TEST_STEP][PASSED] - Paymenttype = findTestData(dataFile).getValue("PaymentType", row): null

2024-02-03 22:55:02 - [TEST_STEP][PASSED] - out.println("Value of Execute is : " + ExecuteTC): null

2024-02-03 22:55:02 - [TEST_STEP][PASSED] - if (ExecuteTC.equalsIgnoreCase("Y")): null

2024-02-03 22:55:02 - [TEST_STEP][PASSED] - out.println("Begin Record Number: " + row): null

2024-02-03 22:55:02 - [TEST_STEP][PASSED] - today = new java.util.Date(): null

2024-02-03 22:55:02 - [TEST_STEP][PASSED] - println(today): null

2024-02-03 22:55:02 - [TEST_STEP][PASSED] - datText = today: null

2024-02-03 22:55:02 - [TEST_STEP][PASSED] - Taxtype = findTestData(dataFile).getValue("TaxType", row): null

2024-02-03 22:55:02 - [TEST_STEP][PASSED] - out.println("Taxtype value is : " + Taxtype): null

2024-02-03 22:55:02 - [TEST_STEP][PASSED] - openBrowser(""): Browser is opened with url: ''

2024-02-03 22:55:02 - [MESSAGE][WARNING] - A browser is already opened. Closing browser and opening a new one

2024-02-03 22:55:04 - [MESSAGE][INFO] - Starting 'Chrome' driver

2024-02-03 22:55:04 - [MESSAGE][INFO] - User set preference: ['acceptInsecureCerts', 'true']

2024-02-03 22:55:04 - [MESSAGE][INFO] - Action delay is set to 0 milliseconds

2024-02-03 22:55:05 - [MESSAGE][PASSED] - Browser is opened with url: ''

2024-02-03 22:55:05 - [TEST_STEP][PASSED] - maximizeWindow(): Current window maximized

2024-02-03 22:55:05 - [MESSAGE][PASSED] - Current window maximized

2024-02-03 22:55:05 - [TEST_STEP][PASSED] - navigateToUrl(RADurl): Navigate to 'https://qa2.velocitypayment.com/client/rad/index.html' successfully

2024-02-03 22:55:07 - [MESSAGE][PASSED] - Navigate to 'https://qa2.velocitypayment.com/client/rad/index.html' successfully

2024-02-03 22:55:07 - [TEST_STEP][PASSED] - orPath_Landing = "Object Repository/RAD_Pages/Landing_Page": null

2024-02-03 22:55:07 - [TEST_STEP][PASSED] - orPath_TaxTypeFilingYear = "Object Repository/RAD_Pages/TaxTypeFilingYear_Page": null

2024-02-03 22:55:07 - [TEST_STEP][PASSED] - orPath_TaxPayer = "Object Repository/RAD_Pages/Taxpayer_Page": null

2024-02-03 22:55:07 - [TEST_STEP][PASSED] - orPath_AddressContact = "Object Repository/RAD_Pages/AddressAndContactInfo_Page": null

2024-02-03 22:55:07 - [TEST_STEP][PASSED] - orPath_FilingStatus = "Object Repository/RAD_Pages/FilingStatus_Page": null

2024-02-03 22:55:07 - [TEST_STEP][PASSED] - orPath_Amount = "Object Repository/RAD_Pages/PaymentAmount_Page": null

2024-02-03 22:55:07 - [TEST_STEP][PASSED] - orPath_TaxInfo = "Object Repository/RAD_Pages/TaxInfo_Page": null

2024-02-03 22:55:07 - [TEST_STEP][PASSED] - orPath_Withholding = "Object Repository/RAD_Pages/Withholding_Page": null

2024-02-03 22:55:07 - [TEST_STEP][PASSED] - orPath_Summary = "Object Repository/RAD_Pages/Summary_Page": null

2024-02-03 22:55:07 - [TEST_STEP][PASSED] - orPath_PaymentReady = "Object Repository/RAD_Pages/PaymentReady_Page": null

2024-02-03 22:55:07 - [TEST_STEP][PASSED] - orPath_PaymentEntry = "Object Repository/RAD_Pages/PaymentEntry_Page": null

2024-02-03 22:55:07 - [TEST_STEP][PASSED] - orPath_PaymentConfirmation = "Object Repository/RAD_Pages/PaymentConfirmation_Page": null

2024-02-03 22:55:07 - [TEST_STEP][PASSED] - orPath_ServiceFeesAccept = "Object Repository/RAD_Pages/ServiceFeeAccept_Page": null

2024-02-03 22:55:07 - [TEST_STEP][PASSED] - selectOptionByLabel(findTestObject(orPath_Landing + "/dd_TaxType"), Paymenttype, false): All options with label 'New Tax Return Amount Due' are selected in object 'Object Repository/RAD_Pages/Landing_Page/dd_TaxType' 

2024-02-03 22:55:08 - [MESSAGE][PASSED] - All options with label 'New Tax Return Amount Due' are selected in object 'Object Repository/RAD_Pages/Landing_Page/dd_TaxType' 

2024-02-03 22:55:08 - [TEST_STEP][PASSED] - delay(1): Delayed 1 second(s)

2024-02-03 22:55:09 - [MESSAGE][PASSED] - Delayed 1 second(s)

2024-02-03 22:55:09 - [TEST_STEP][PASSED] - switch (Paymenttype): null

2024-02-03 22:55:09 - [TEST_STEP][PASSED] - case "New Tax Return Amount Due":: null

2024-02-03 22:55:09 - [TEST_STEP][PASSED] - selectOptionByLabel(findTestObject("Object Repository/RAD_Pages/Landing_Page/select_NewTaxReturnAmountDue_TaxType"), Taxtype, false): All options with label 'PTE Non-Electing S Corp' are selected in object 'Object Repository/RAD_Pages/Landing_Page/select_NewTaxReturnAmountDue_TaxType' 

2024-02-03 22:55:09 - [MESSAGE][PASSED] - All options with label 'PTE Non-Electing S Corp' are selected in object 'Object Repository/RAD_Pages/Landing_Page/select_NewTaxReturnAmountDue_TaxType' 

2024-02-03 22:55:09 - [TEST_STEP][PASSED] - break: null

2024-02-03 22:55:09 - [TEST_STEP][PASSED] - delay(1): Delayed 1 second(s)

2024-02-03 22:55:10 - [MESSAGE][PASSED] - Delayed 1 second(s)

2024-02-03 22:55:10 - [TEST_STEP][PASSED] - scrollToElement(findTestObject(orPath_Amount + "/input__paymentAmount"), 2, CONTINUE_ON_FAILURE): Scroll to object 'Object Repository/RAD_Pages/PaymentAmount_Page/input__paymentAmount' successfully

2024-02-03 22:55:11 - [MESSAGE][PASSED] - Scroll to object 'Object Repository/RAD_Pages/PaymentAmount_Page/input__paymentAmount' successfully

2024-02-03 22:55:11 - [TEST_STEP][PASSED] - switch (Paymenttype): null

2024-02-03 22:55:11 - [TEST_STEP][PASSED] - case "New Tax Return Amount Due":: null

2024-02-03 22:55:11 - [TEST_STEP][PASSED] - setEncryptedText(findTestObject(orPath_TaxInfo + "/input_TaxInfo_FeinSsn_New_2"), "RigbBhfdqODKcAsiUrg+1Q=="): Text ****** has been set on object 'Object Repository/RAD_Pages/TaxInfo_Page/input_TaxInfo_FeinSsn_New_2'

2024-02-03 22:55:11 - [MESSAGE][PASSED] - Text ****** has been set on object 'Object Repository/RAD_Pages/TaxInfo_Page/input_TaxInfo_FeinSsn_New_2'

2024-02-03 22:55:11 - [TEST_STEP][PASSED] - setEncryptedText(findTestObject(orPath_TaxInfo + "/input_TaxInfo_RetypeFeinSsn_New_2"), "RigbBhfdqOD+04WBHw5iKw=="): Text ****** has been set on object 'Object Repository/RAD_Pages/TaxInfo_Page/input_TaxInfo_RetypeFeinSsn_New_2'

2024-02-03 22:55:12 - [MESSAGE][PASSED] - Text ****** has been set on object 'Object Repository/RAD_Pages/TaxInfo_Page/input_TaxInfo_RetypeFeinSsn_New_2'

2024-02-03 22:55:12 - [TEST_STEP][PASSED] - break: null

2024-02-03 22:55:12 - [TEST_STEP][PASSED] - setText(findTestObject(orPath_Amount + "/input__paymentAmount"), ""): Text '' is set on object 'Object Repository/RAD_Pages/PaymentAmount_Page/input__paymentAmount'

2024-02-03 22:55:12 - [MESSAGE][PASSED] - Text '' is set on object 'Object Repository/RAD_Pages/PaymentAmount_Page/input__paymentAmount'

2024-02-03 22:55:12 - [TEST_STEP][PASSED] - if (verifyTextPresent("The FEIN/SSN and Re-type FEIN/SSN do not match", true)): null

2024-02-03 22:55:13 - [MESSAGE][PASSED] - Text 'The FEIN/SSN and Re-type FEIN/SSN do not match' is present on page  using regular expression

2024-02-03 22:55:13 - [TEST_STEP][PASSED] - println("Error Message is present on the page"): null

2024-02-03 22:55:13 - [TEST_STEP][PASSED] - out.println("Pass Record Number: " + row): null

2024-02-03 22:55:13 - [TEST_STEP][PASSED] - resText = "Pass": null

2024-02-03 22:55:13 - [TEST_STEP][PASSED] - pages.WriteExcel.demoKey(resText, datText, resColumn, datCloumn, fileLoc, nameSheet, row): pages.WriteExcel.demoKey is PASSED

2024-02-03 22:55:13 - [MESSAGE][PASSED] - pages.WriteExcel.demoKey is PASSED

2024-02-03 22:55:13 - [TEST_STEP][PASSED] - ExecuteTC = findTestData(dataFile).getValue("Execute", row): null

2024-02-03 22:55:13 - [TEST_STEP][PASSED] - Taxtype = findTestData(dataFile).getValue("TaxType", row): null

2024-02-03 22:55:13 - [TEST_STEP][PASSED] - Paymenttype = findTestData(dataFile).getValue("PaymentType", row): null

2024-02-03 22:55:13 - [TEST_STEP][PASSED] - out.println("Value of Execute is : " + ExecuteTC): null

2024-02-03 22:55:13 - [TEST_STEP][PASSED] - if (ExecuteTC.equalsIgnoreCase("Y")): null

2024-02-03 22:55:13 - [TEST_STEP][PASSED] - out.println("Begin Record Number: " + row): null

2024-02-03 22:55:13 - [TEST_STEP][PASSED] - today = new java.util.Date(): null

2024-02-03 22:55:13 - [TEST_STEP][PASSED] - println(today): null

2024-02-03 22:55:13 - [TEST_STEP][PASSED] - datText = today: null

2024-02-03 22:55:13 - [TEST_STEP][PASSED] - Taxtype = findTestData(dataFile).getValue("TaxType", row): null

2024-02-03 22:55:13 - [TEST_STEP][PASSED] - out.println("Taxtype value is : " + Taxtype): null

2024-02-03 22:55:13 - [TEST_STEP][PASSED] - openBrowser(""): Browser is opened with url: ''

2024-02-03 22:55:13 - [MESSAGE][WARNING] - A browser is already opened. Closing browser and opening a new one

2024-02-03 22:55:14 - [MESSAGE][INFO] - Starting 'Chrome' driver

2024-02-03 22:55:14 - [MESSAGE][INFO] - User set preference: ['acceptInsecureCerts', 'true']

2024-02-03 22:55:14 - [MESSAGE][INFO] - Action delay is set to 0 milliseconds

2024-02-03 22:55:16 - [MESSAGE][PASSED] - Browser is opened with url: ''

2024-02-03 22:55:16 - [TEST_STEP][PASSED] - maximizeWindow(): Current window maximized

2024-02-03 22:55:16 - [MESSAGE][PASSED] - Current window maximized

2024-02-03 22:55:16 - [TEST_STEP][PASSED] - navigateToUrl(RADurl): Navigate to 'https://qa2.velocitypayment.com/client/rad/index.html' successfully

2024-02-03 22:55:18 - [MESSAGE][PASSED] - Navigate to 'https://qa2.velocitypayment.com/client/rad/index.html' successfully

2024-02-03 22:55:18 - [TEST_STEP][PASSED] - orPath_Landing = "Object Repository/RAD_Pages/Landing_Page": null

2024-02-03 22:55:18 - [TEST_STEP][PASSED] - orPath_TaxTypeFilingYear = "Object Repository/RAD_Pages/TaxTypeFilingYear_Page": null

2024-02-03 22:55:18 - [TEST_STEP][PASSED] - orPath_TaxPayer = "Object Repository/RAD_Pages/Taxpayer_Page": null

2024-02-03 22:55:18 - [TEST_STEP][PASSED] - orPath_AddressContact = "Object Repository/RAD_Pages/AddressAndContactInfo_Page": null

2024-02-03 22:55:18 - [TEST_STEP][PASSED] - orPath_FilingStatus = "Object Repository/RAD_Pages/FilingStatus_Page": null

2024-02-03 22:55:18 - [TEST_STEP][PASSED] - orPath_Amount = "Object Repository/RAD_Pages/PaymentAmount_Page": null

2024-02-03 22:55:18 - [TEST_STEP][PASSED] - orPath_TaxInfo = "Object Repository/RAD_Pages/TaxInfo_Page": null

2024-02-03 22:55:18 - [TEST_STEP][PASSED] - orPath_Withholding = "Object Repository/RAD_Pages/Withholding_Page": null

2024-02-03 22:55:18 - [TEST_STEP][PASSED] - orPath_Summary = "Object Repository/RAD_Pages/Summary_Page": null

2024-02-03 22:55:18 - [TEST_STEP][PASSED] - orPath_PaymentReady = "Object Repository/RAD_Pages/PaymentReady_Page": null

2024-02-03 22:55:18 - [TEST_STEP][PASSED] - orPath_PaymentEntry = "Object Repository/RAD_Pages/PaymentEntry_Page": null

2024-02-03 22:55:18 - [TEST_STEP][PASSED] - orPath_PaymentConfirmation = "Object Repository/RAD_Pages/PaymentConfirmation_Page": null

2024-02-03 22:55:18 - [TEST_STEP][PASSED] - orPath_ServiceFeesAccept = "Object Repository/RAD_Pages/ServiceFeeAccept_Page": null

2024-02-03 22:55:18 - [TEST_STEP][PASSED] - selectOptionByLabel(findTestObject(orPath_Landing + "/dd_TaxType"), Paymenttype, false): All options with label 'New Tax Return Amount Due' are selected in object 'Object Repository/RAD_Pages/Landing_Page/dd_TaxType' 

2024-02-03 22:55:19 - [MESSAGE][PASSED] - All options with label 'New Tax Return Amount Due' are selected in object 'Object Repository/RAD_Pages/Landing_Page/dd_TaxType' 

2024-02-03 22:55:19 - [TEST_STEP][PASSED] - delay(1): Delayed 1 second(s)

2024-02-03 22:55:20 - [MESSAGE][PASSED] - Delayed 1 second(s)

2024-02-03 22:55:20 - [TEST_STEP][PASSED] - switch (Paymenttype): null

2024-02-03 22:55:20 - [TEST_STEP][PASSED] - case "New Tax Return Amount Due":: null

2024-02-03 22:55:20 - [TEST_STEP][PASSED] - selectOptionByLabel(findTestObject("Object Repository/RAD_Pages/Landing_Page/select_NewTaxReturnAmountDue_TaxType"), Taxtype, false): All options with label 'PTE Tax Electing Non-S Corp' are selected in object 'Object Repository/RAD_Pages/Landing_Page/select_NewTaxReturnAmountDue_TaxType' 

2024-02-03 22:55:20 - [MESSAGE][PASSED] - All options with label 'PTE Tax Electing Non-S Corp' are selected in object 'Object Repository/RAD_Pages/Landing_Page/select_NewTaxReturnAmountDue_TaxType' 

2024-02-03 22:55:20 - [TEST_STEP][PASSED] - break: null

2024-02-03 22:55:20 - [TEST_STEP][PASSED] - delay(1): Delayed 1 second(s)

2024-02-03 22:55:21 - [MESSAGE][PASSED] - Delayed 1 second(s)

2024-02-03 22:55:21 - [TEST_STEP][PASSED] - scrollToElement(findTestObject(orPath_Amount + "/input__paymentAmount"), 2, CONTINUE_ON_FAILURE): Scroll to object 'Object Repository/RAD_Pages/PaymentAmount_Page/input__paymentAmount' successfully

2024-02-03 22:55:21 - [MESSAGE][PASSED] - Scroll to object 'Object Repository/RAD_Pages/PaymentAmount_Page/input__paymentAmount' successfully

2024-02-03 22:55:21 - [TEST_STEP][PASSED] - switch (Paymenttype): null

2024-02-03 22:55:21 - [TEST_STEP][PASSED] - case "New Tax Return Amount Due":: null

2024-02-03 22:55:21 - [TEST_STEP][PASSED] - setEncryptedText(findTestObject(orPath_TaxInfo + "/input_TaxInfo_FeinSsn_New_2"), "RigbBhfdqODKcAsiUrg+1Q=="): Text ****** has been set on object 'Object Repository/RAD_Pages/TaxInfo_Page/input_TaxInfo_FeinSsn_New_2'

2024-02-03 22:55:22 - [MESSAGE][PASSED] - Text ****** has been set on object 'Object Repository/RAD_Pages/TaxInfo_Page/input_TaxInfo_FeinSsn_New_2'

2024-02-03 22:55:22 - [TEST_STEP][PASSED] - setEncryptedText(findTestObject(orPath_TaxInfo + "/input_TaxInfo_RetypeFeinSsn_New_2"), "RigbBhfdqOD+04WBHw5iKw=="): Text ****** has been set on object 'Object Repository/RAD_Pages/TaxInfo_Page/input_TaxInfo_RetypeFeinSsn_New_2'

2024-02-03 22:55:23 - [MESSAGE][PASSED] - Text ****** has been set on object 'Object Repository/RAD_Pages/TaxInfo_Page/input_TaxInfo_RetypeFeinSsn_New_2'

2024-02-03 22:55:23 - [TEST_STEP][PASSED] - break: null

2024-02-03 22:55:23 - [TEST_STEP][PASSED] - setText(findTestObject(orPath_Amount + "/input__paymentAmount"), ""): Text '' is set on object 'Object Repository/RAD_Pages/PaymentAmount_Page/input__paymentAmount'

2024-02-03 22:55:23 - [MESSAGE][PASSED] - Text '' is set on object 'Object Repository/RAD_Pages/PaymentAmount_Page/input__paymentAmount'

2024-02-03 22:55:23 - [TEST_STEP][PASSED] - if (verifyTextPresent("The FEIN/SSN and Re-type FEIN/SSN do not match", true)): null

2024-02-03 22:55:24 - [MESSAGE][PASSED] - Text 'The FEIN/SSN and Re-type FEIN/SSN do not match' is present on page  using regular expression

2024-02-03 22:55:24 - [TEST_STEP][PASSED] - println("Error Message is present on the page"): null

2024-02-03 22:55:24 - [TEST_STEP][PASSED] - out.println("Pass Record Number: " + row): null

2024-02-03 22:55:24 - [TEST_STEP][PASSED] - resText = "Pass": null

2024-02-03 22:55:24 - [TEST_STEP][PASSED] - pages.WriteExcel.demoKey(resText, datText, resColumn, datCloumn, fileLoc, nameSheet, row): pages.WriteExcel.demoKey is PASSED

2024-02-03 22:55:24 - [MESSAGE][PASSED] - pages.WriteExcel.demoKey is PASSED

2024-02-03 22:55:24 - [TEST_STEP][PASSED] - ExecuteTC = findTestData(dataFile).getValue("Execute", row): null

2024-02-03 22:55:24 - [TEST_STEP][PASSED] - Taxtype = findTestData(dataFile).getValue("TaxType", row): null

2024-02-03 22:55:24 - [TEST_STEP][PASSED] - Paymenttype = findTestData(dataFile).getValue("PaymentType", row): null

2024-02-03 22:55:24 - [TEST_STEP][PASSED] - out.println("Value of Execute is : " + ExecuteTC): null

2024-02-03 22:55:24 - [TEST_STEP][PASSED] - if (ExecuteTC.equalsIgnoreCase("Y")): null

2024-02-03 22:55:24 - [TEST_STEP][PASSED] - out.println("Begin Record Number: " + row): null

2024-02-03 22:55:24 - [TEST_STEP][PASSED] - today = new java.util.Date(): null

2024-02-03 22:55:24 - [TEST_STEP][PASSED] - println(today): null

2024-02-03 22:55:24 - [TEST_STEP][PASSED] - datText = today: null

2024-02-03 22:55:24 - [TEST_STEP][PASSED] - Taxtype = findTestData(dataFile).getValue("TaxType", row): null

2024-02-03 22:55:24 - [TEST_STEP][PASSED] - out.println("Taxtype value is : " + Taxtype): null

2024-02-03 22:55:24 - [TEST_STEP][PASSED] - openBrowser(""): Browser is opened with url: ''

2024-02-03 22:55:24 - [MESSAGE][WARNING] - A browser is already opened. Closing browser and opening a new one

2024-02-03 22:55:25 - [MESSAGE][INFO] - Starting 'Chrome' driver

2024-02-03 22:55:25 - [MESSAGE][INFO] - User set preference: ['acceptInsecureCerts', 'true']

2024-02-03 22:55:25 - [MESSAGE][INFO] - Action delay is set to 0 milliseconds

2024-02-03 22:55:27 - [MESSAGE][PASSED] - Browser is opened with url: ''

2024-02-03 22:55:27 - [TEST_STEP][PASSED] - maximizeWindow(): Current window maximized

2024-02-03 22:55:27 - [MESSAGE][PASSED] - Current window maximized

2024-02-03 22:55:27 - [TEST_STEP][PASSED] - navigateToUrl(RADurl): Navigate to 'https://qa2.velocitypayment.com/client/rad/index.html' successfully

2024-02-03 22:55:27 - [MESSAGE][PASSED] - Navigate to 'https://qa2.velocitypayment.com/client/rad/index.html' successfully

2024-02-03 22:55:27 - [TEST_STEP][PASSED] - orPath_Landing = "Object Repository/RAD_Pages/Landing_Page": null

2024-02-03 22:55:27 - [TEST_STEP][PASSED] - orPath_TaxTypeFilingYear = "Object Repository/RAD_Pages/TaxTypeFilingYear_Page": null

2024-02-03 22:55:27 - [TEST_STEP][PASSED] - orPath_TaxPayer = "Object Repository/RAD_Pages/Taxpayer_Page": null

2024-02-03 22:55:27 - [TEST_STEP][PASSED] - orPath_AddressContact = "Object Repository/RAD_Pages/AddressAndContactInfo_Page": null

2024-02-03 22:55:27 - [TEST_STEP][PASSED] - orPath_FilingStatus = "Object Repository/RAD_Pages/FilingStatus_Page": null

2024-02-03 22:55:27 - [TEST_STEP][PASSED] - orPath_Amount = "Object Repository/RAD_Pages/PaymentAmount_Page": null

2024-02-03 22:55:27 - [TEST_STEP][PASSED] - orPath_TaxInfo = "Object Repository/RAD_Pages/TaxInfo_Page": null

2024-02-03 22:55:27 - [TEST_STEP][PASSED] - orPath_Withholding = "Object Repository/RAD_Pages/Withholding_Page": null

2024-02-03 22:55:27 - [TEST_STEP][PASSED] - orPath_Summary = "Object Repository/RAD_Pages/Summary_Page": null

2024-02-03 22:55:27 - [TEST_STEP][PASSED] - orPath_PaymentReady = "Object Repository/RAD_Pages/PaymentReady_Page": null

2024-02-03 22:55:27 - [TEST_STEP][PASSED] - orPath_PaymentEntry = "Object Repository/RAD_Pages/PaymentEntry_Page": null

2024-02-03 22:55:27 - [TEST_STEP][PASSED] - orPath_PaymentConfirmation = "Object Repository/RAD_Pages/PaymentConfirmation_Page": null

2024-02-03 22:55:27 - [TEST_STEP][PASSED] - orPath_ServiceFeesAccept = "Object Repository/RAD_Pages/ServiceFeeAccept_Page": null

2024-02-03 22:55:27 - [TEST_STEP][PASSED] - selectOptionByLabel(findTestObject(orPath_Landing + "/dd_TaxType"), Paymenttype, false): All options with label 'New Tax Return Amount Due' are selected in object 'Object Repository/RAD_Pages/Landing_Page/dd_TaxType' 

2024-02-03 22:55:30 - [MESSAGE][PASSED] - All options with label 'New Tax Return Amount Due' are selected in object 'Object Repository/RAD_Pages/Landing_Page/dd_TaxType' 

2024-02-03 22:55:30 - [TEST_STEP][PASSED] - delay(1): Delayed 1 second(s)

2024-02-03 22:55:31 - [MESSAGE][PASSED] - Delayed 1 second(s)

2024-02-03 22:55:31 - [TEST_STEP][PASSED] - switch (Paymenttype): null

2024-02-03 22:55:31 - [TEST_STEP][PASSED] - case "New Tax Return Amount Due":: null

2024-02-03 22:55:31 - [TEST_STEP][PASSED] - selectOptionByLabel(findTestObject("Object Repository/RAD_Pages/Landing_Page/select_NewTaxReturnAmountDue_TaxType"), Taxtype, false): All options with label 'PTE Tax Electing S Corp' are selected in object 'Object Repository/RAD_Pages/Landing_Page/select_NewTaxReturnAmountDue_TaxType' 

2024-02-03 22:55:31 - [MESSAGE][PASSED] - All options with label 'PTE Tax Electing S Corp' are selected in object 'Object Repository/RAD_Pages/Landing_Page/select_NewTaxReturnAmountDue_TaxType' 

2024-02-03 22:55:31 - [TEST_STEP][PASSED] - break: null

2024-02-03 22:55:31 - [TEST_STEP][PASSED] - delay(1): Delayed 1 second(s)

2024-02-03 22:55:32 - [MESSAGE][PASSED] - Delayed 1 second(s)

2024-02-03 22:55:32 - [TEST_STEP][PASSED] - scrollToElement(findTestObject(orPath_Amount + "/input__paymentAmount"), 2, CONTINUE_ON_FAILURE): Scroll to object 'Object Repository/RAD_Pages/PaymentAmount_Page/input__paymentAmount' successfully

2024-02-03 22:55:33 - [MESSAGE][PASSED] - Scroll to object 'Object Repository/RAD_Pages/PaymentAmount_Page/input__paymentAmount' successfully

2024-02-03 22:55:33 - [TEST_STEP][PASSED] - switch (Paymenttype): null

2024-02-03 22:55:33 - [TEST_STEP][PASSED] - case "New Tax Return Amount Due":: null

2024-02-03 22:55:33 - [TEST_STEP][PASSED] - setEncryptedText(findTestObject(orPath_TaxInfo + "/input_TaxInfo_FeinSsn_New_2"), "RigbBhfdqODKcAsiUrg+1Q=="): Text ****** has been set on object 'Object Repository/RAD_Pages/TaxInfo_Page/input_TaxInfo_FeinSsn_New_2'

2024-02-03 22:55:33 - [MESSAGE][PASSED] - Text ****** has been set on object 'Object Repository/RAD_Pages/TaxInfo_Page/input_TaxInfo_FeinSsn_New_2'

2024-02-03 22:55:33 - [TEST_STEP][PASSED] - setEncryptedText(findTestObject(orPath_TaxInfo + "/input_TaxInfo_RetypeFeinSsn_New_2"), "RigbBhfdqOD+04WBHw5iKw=="): Text ****** has been set on object 'Object Repository/RAD_Pages/TaxInfo_Page/input_TaxInfo_RetypeFeinSsn_New_2'

2024-02-03 22:55:34 - [MESSAGE][PASSED] - Text ****** has been set on object 'Object Repository/RAD_Pages/TaxInfo_Page/input_TaxInfo_RetypeFeinSsn_New_2'

2024-02-03 22:55:34 - [TEST_STEP][PASSED] - break: null

2024-02-03 22:55:34 - [TEST_STEP][PASSED] - setText(findTestObject(orPath_Amount + "/input__paymentAmount"), ""): Text '' is set on object 'Object Repository/RAD_Pages/PaymentAmount_Page/input__paymentAmount'

2024-02-03 22:55:35 - [MESSAGE][PASSED] - Text '' is set on object 'Object Repository/RAD_Pages/PaymentAmount_Page/input__paymentAmount'

2024-02-03 22:55:35 - [TEST_STEP][PASSED] - if (verifyTextPresent("The FEIN/SSN and Re-type FEIN/SSN do not match", true)): null

2024-02-03 22:55:35 - [MESSAGE][PASSED] - Text 'The FEIN/SSN and Re-type FEIN/SSN do not match' is present on page  using regular expression

2024-02-03 22:55:35 - [TEST_STEP][PASSED] - println("Error Message is present on the page"): null

2024-02-03 22:55:35 - [TEST_STEP][PASSED] - out.println("Pass Record Number: " + row): null

2024-02-03 22:55:35 - [TEST_STEP][PASSED] - resText = "Pass": null

2024-02-03 22:55:35 - [TEST_STEP][PASSED] - pages.WriteExcel.demoKey(resText, datText, resColumn, datCloumn, fileLoc, nameSheet, row): pages.WriteExcel.demoKey is PASSED

2024-02-03 22:55:35 - [MESSAGE][PASSED] - pages.WriteExcel.demoKey is PASSED

2024-02-03 22:55:35 - [TEST_STEP][PASSED] - ExecuteTC = findTestData(dataFile).getValue("Execute", row): null

2024-02-03 22:55:35 - [TEST_STEP][PASSED] - Taxtype = findTestData(dataFile).getValue("TaxType", row): null

2024-02-03 22:55:35 - [TEST_STEP][PASSED] - Paymenttype = findTestData(dataFile).getValue("PaymentType", row): null

2024-02-03 22:55:35 - [TEST_STEP][PASSED] - out.println("Value of Execute is : " + ExecuteTC): null

2024-02-03 22:55:35 - [TEST_STEP][PASSED] - if (ExecuteTC.equalsIgnoreCase("Y")): null

2024-02-03 22:55:35 - [TEST_STEP][PASSED] - out.println("Begin Record Number: " + row): null

2024-02-03 22:55:35 - [TEST_STEP][PASSED] - today = new java.util.Date(): null

2024-02-03 22:55:35 - [TEST_STEP][PASSED] - println(today): null

2024-02-03 22:55:35 - [TEST_STEP][PASSED] - datText = today: null

2024-02-03 22:55:35 - [TEST_STEP][PASSED] - Taxtype = findTestData(dataFile).getValue("TaxType", row): null

2024-02-03 22:55:36 - [TEST_STEP][PASSED] - out.println("Taxtype value is : " + Taxtype): null

2024-02-03 22:55:36 - [TEST_STEP][PASSED] - openBrowser(""): Browser is opened with url: ''

2024-02-03 22:55:36 - [MESSAGE][WARNING] - A browser is already opened. Closing browser and opening a new one

2024-02-03 22:55:37 - [MESSAGE][INFO] - Starting 'Chrome' driver

2024-02-03 22:55:37 - [MESSAGE][INFO] - User set preference: ['acceptInsecureCerts', 'true']

2024-02-03 22:55:37 - [MESSAGE][INFO] - Action delay is set to 0 milliseconds

2024-02-03 22:55:38 - [MESSAGE][PASSED] - Browser is opened with url: ''

2024-02-03 22:55:38 - [TEST_STEP][PASSED] - maximizeWindow(): Current window maximized

2024-02-03 22:55:38 - [MESSAGE][PASSED] - Current window maximized

2024-02-03 22:55:38 - [TEST_STEP][PASSED] - navigateToUrl(RADurl): Navigate to 'https://qa2.velocitypayment.com/client/rad/index.html' successfully

2024-02-03 22:55:40 - [MESSAGE][PASSED] - Navigate to 'https://qa2.velocitypayment.com/client/rad/index.html' successfully

2024-02-03 22:55:40 - [TEST_STEP][PASSED] - orPath_Landing = "Object Repository/RAD_Pages/Landing_Page": null

2024-02-03 22:55:40 - [TEST_STEP][PASSED] - orPath_TaxTypeFilingYear = "Object Repository/RAD_Pages/TaxTypeFilingYear_Page": null

2024-02-03 22:55:40 - [TEST_STEP][PASSED] - orPath_TaxPayer = "Object Repository/RAD_Pages/Taxpayer_Page": null

2024-02-03 22:55:40 - [TEST_STEP][PASSED] - orPath_AddressContact = "Object Repository/RAD_Pages/AddressAndContactInfo_Page": null

2024-02-03 22:55:40 - [TEST_STEP][PASSED] - orPath_FilingStatus = "Object Repository/RAD_Pages/FilingStatus_Page": null

2024-02-03 22:55:40 - [TEST_STEP][PASSED] - orPath_Amount = "Object Repository/RAD_Pages/PaymentAmount_Page": null

2024-02-03 22:55:40 - [TEST_STEP][PASSED] - orPath_TaxInfo = "Object Repository/RAD_Pages/TaxInfo_Page": null

2024-02-03 22:55:40 - [TEST_STEP][PASSED] - orPath_Withholding = "Object Repository/RAD_Pages/Withholding_Page": null

2024-02-03 22:55:40 - [TEST_STEP][PASSED] - orPath_Summary = "Object Repository/RAD_Pages/Summary_Page": null

2024-02-03 22:55:40 - [TEST_STEP][PASSED] - orPath_PaymentReady = "Object Repository/RAD_Pages/PaymentReady_Page": null

2024-02-03 22:55:40 - [TEST_STEP][PASSED] - orPath_PaymentEntry = "Object Repository/RAD_Pages/PaymentEntry_Page": null

2024-02-03 22:55:40 - [TEST_STEP][PASSED] - orPath_PaymentConfirmation = "Object Repository/RAD_Pages/PaymentConfirmation_Page": null

2024-02-03 22:55:40 - [TEST_STEP][PASSED] - orPath_ServiceFeesAccept = "Object Repository/RAD_Pages/ServiceFeeAccept_Page": null

2024-02-03 22:55:40 - [TEST_STEP][PASSED] - selectOptionByLabel(findTestObject(orPath_Landing + "/dd_TaxType"), Paymenttype, false): All options with label 'Existing Liability w/Notice Number' are selected in object 'Object Repository/RAD_Pages/Landing_Page/dd_TaxType' 

2024-02-03 22:55:41 - [MESSAGE][PASSED] - All options with label 'Existing Liability w/Notice Number' are selected in object 'Object Repository/RAD_Pages/Landing_Page/dd_TaxType' 

2024-02-03 22:55:41 - [TEST_STEP][PASSED] - delay(1): Delayed 1 second(s)

2024-02-03 22:55:42 - [MESSAGE][PASSED] - Delayed 1 second(s)

2024-02-03 22:55:42 - [TEST_STEP][PASSED] - switch (Paymenttype): null

2024-02-03 22:55:42 - [TEST_STEP][PASSED] - case "Existing Liability w/Notice Number":: null

2024-02-03 22:55:42 - [TEST_STEP][PASSED] - selectOptionByLabel(findTestObject(orPath_TaxTypeFilingYear + "/select_TaxType_ExistingLiability"), Taxtype, false): All options with label 'Tobacco Tax' are selected in object 'Object Repository/RAD_Pages/TaxTypeFilingYear_Page/select_TaxType_ExistingLiability' 

2024-02-03 22:55:42 - [MESSAGE][PASSED] - All options with label 'Tobacco Tax' are selected in object 'Object Repository/RAD_Pages/TaxTypeFilingYear_Page/select_TaxType_ExistingLiability' 

2024-02-03 22:55:42 - [TEST_STEP][PASSED] - break: null

2024-02-03 22:55:42 - [TEST_STEP][PASSED] - delay(1): Delayed 1 second(s)

2024-02-03 22:55:43 - [MESSAGE][PASSED] - Delayed 1 second(s)

2024-02-03 22:55:43 - [TEST_STEP][PASSED] - scrollToElement(findTestObject(orPath_Amount + "/input__paymentAmount"), 2, CONTINUE_ON_FAILURE): Scroll to object 'Object Repository/RAD_Pages/PaymentAmount_Page/input__paymentAmount' successfully

2024-02-03 22:55:44 - [MESSAGE][PASSED] - Scroll to object 'Object Repository/RAD_Pages/PaymentAmount_Page/input__paymentAmount' successfully

2024-02-03 22:55:44 - [TEST_STEP][PASSED] - switch (Paymenttype): null

2024-02-03 22:55:44 - [TEST_STEP][PASSED] - case "Existing Liability w/Notice Number":: null

2024-02-03 22:55:44 - [TEST_STEP][PASSED] - setEncryptedText(findTestObject(orPath_TaxInfo + "/input_TaxInfo_feinSsn_Existing_New"), "RigbBhfdqODKcAsiUrg+1Q=="): Text ****** has been set on object 'Object Repository/RAD_Pages/TaxInfo_Page/input_TaxInfo_feinSsn_Existing_New'

2024-02-03 22:55:44 - [MESSAGE][PASSED] - Text ****** has been set on object 'Object Repository/RAD_Pages/TaxInfo_Page/input_TaxInfo_feinSsn_Existing_New'

2024-02-03 22:55:44 - [TEST_STEP][PASSED] - setEncryptedText(findTestObject(orPath_TaxInfo + "/input_TaxInfo_RetypefeinSsn_Existing_New"), "RigbBhfdqOD+04WBHw5iKw=="): Text ****** has been set on object 'Object Repository/RAD_Pages/TaxInfo_Page/input_TaxInfo_RetypefeinSsn_Existing_New'

2024-02-03 22:55:45 - [MESSAGE][PASSED] - Text ****** has been set on object 'Object Repository/RAD_Pages/TaxInfo_Page/input_TaxInfo_RetypefeinSsn_Existing_New'

2024-02-03 22:55:45 - [TEST_STEP][PASSED] - break: null

2024-02-03 22:55:45 - [TEST_STEP][PASSED] - setText(findTestObject(orPath_Amount + "/input__paymentAmount"), ""): Text '' is set on object 'Object Repository/RAD_Pages/PaymentAmount_Page/input__paymentAmount'

2024-02-03 22:55:46 - [MESSAGE][PASSED] - Text '' is set on object 'Object Repository/RAD_Pages/PaymentAmount_Page/input__paymentAmount'

2024-02-03 22:55:46 - [TEST_STEP][PASSED] - if (verifyTextPresent("The FEIN/SSN and Re-type FEIN/SSN do not match", true)): null

2024-02-03 22:55:46 - [MESSAGE][PASSED] - Text 'The FEIN/SSN and Re-type FEIN/SSN do not match' is present on page  using regular expression

2024-02-03 22:55:46 - [TEST_STEP][PASSED] - println("Error Message is present on the page"): null

2024-02-03 22:55:46 - [TEST_STEP][PASSED] - out.println("Pass Record Number: " + row): null

2024-02-03 22:55:46 - [TEST_STEP][PASSED] - resText = "Pass": null

2024-02-03 22:55:46 - [TEST_STEP][PASSED] - pages.WriteExcel.demoKey(resText, datText, resColumn, datCloumn, fileLoc, nameSheet, row): pages.WriteExcel.demoKey is PASSED

2024-02-03 22:55:46 - [MESSAGE][PASSED] - pages.WriteExcel.demoKey is PASSED

2024-02-03 22:55:46 - [TEST_STEP][PASSED] - ExecuteTC = findTestData(dataFile).getValue("Execute", row): null

2024-02-03 22:55:46 - [TEST_STEP][PASSED] - Taxtype = findTestData(dataFile).getValue("TaxType", row): null

2024-02-03 22:55:46 - [TEST_STEP][PASSED] - Paymenttype = findTestData(dataFile).getValue("PaymentType", row): null

2024-02-03 22:55:46 - [TEST_STEP][PASSED] - out.println("Value of Execute is : " + ExecuteTC): null

2024-02-03 22:55:46 - [TEST_STEP][PASSED] - if (ExecuteTC.equalsIgnoreCase("Y")): null

2024-02-03 22:55:46 - [TEST_STEP][PASSED] - out.println("Begin Record Number: " + row): null

2024-02-03 22:55:46 - [TEST_STEP][PASSED] - today = new java.util.Date(): null

2024-02-03 22:55:46 - [TEST_STEP][PASSED] - println(today): null

2024-02-03 22:55:46 - [TEST_STEP][PASSED] - datText = today: null

2024-02-03 22:55:46 - [TEST_STEP][PASSED] - Taxtype = findTestData(dataFile).getValue("TaxType", row): null

2024-02-03 22:55:46 - [TEST_STEP][PASSED] - out.println("Taxtype value is : " + Taxtype): null

2024-02-03 22:55:46 - [TEST_STEP][PASSED] - openBrowser(""): Browser is opened with url: ''

2024-02-03 22:55:46 - [MESSAGE][WARNING] - A browser is already opened. Closing browser and opening a new one

2024-02-03 22:55:48 - [MESSAGE][INFO] - Starting 'Chrome' driver

2024-02-03 22:55:48 - [MESSAGE][INFO] - User set preference: ['acceptInsecureCerts', 'true']

2024-02-03 22:55:48 - [MESSAGE][INFO] - Action delay is set to 0 milliseconds

2024-02-03 22:55:49 - [MESSAGE][PASSED] - Browser is opened with url: ''

2024-02-03 22:55:49 - [TEST_STEP][PASSED] - maximizeWindow(): Current window maximized

2024-02-03 22:55:49 - [MESSAGE][PASSED] - Current window maximized

2024-02-03 22:55:49 - [TEST_STEP][PASSED] - navigateToUrl(RADurl): Navigate to 'https://qa2.velocitypayment.com/client/rad/index.html' successfully

2024-02-03 22:55:51 - [MESSAGE][PASSED] - Navigate to 'https://qa2.velocitypayment.com/client/rad/index.html' successfully

2024-02-03 22:55:51 - [TEST_STEP][PASSED] - orPath_Landing = "Object Repository/RAD_Pages/Landing_Page": null

2024-02-03 22:55:51 - [TEST_STEP][PASSED] - orPath_TaxTypeFilingYear = "Object Repository/RAD_Pages/TaxTypeFilingYear_Page": null

2024-02-03 22:55:51 - [TEST_STEP][PASSED] - orPath_TaxPayer = "Object Repository/RAD_Pages/Taxpayer_Page": null

2024-02-03 22:55:51 - [TEST_STEP][PASSED] - orPath_AddressContact = "Object Repository/RAD_Pages/AddressAndContactInfo_Page": null

2024-02-03 22:55:51 - [TEST_STEP][PASSED] - orPath_FilingStatus = "Object Repository/RAD_Pages/FilingStatus_Page": null

2024-02-03 22:55:51 - [TEST_STEP][PASSED] - orPath_Amount = "Object Repository/RAD_Pages/PaymentAmount_Page": null

2024-02-03 22:55:51 - [TEST_STEP][PASSED] - orPath_TaxInfo = "Object Repository/RAD_Pages/TaxInfo_Page": null

2024-02-03 22:55:51 - [TEST_STEP][PASSED] - orPath_Withholding = "Object Repository/RAD_Pages/Withholding_Page": null

2024-02-03 22:55:51 - [TEST_STEP][PASSED] - orPath_Summary = "Object Repository/RAD_Pages/Summary_Page": null

2024-02-03 22:55:51 - [TEST_STEP][PASSED] - orPath_PaymentReady = "Object Repository/RAD_Pages/PaymentReady_Page": null

2024-02-03 22:55:51 - [TEST_STEP][PASSED] - orPath_PaymentEntry = "Object Repository/RAD_Pages/PaymentEntry_Page": null

2024-02-03 22:55:51 - [TEST_STEP][PASSED] - orPath_PaymentConfirmation = "Object Repository/RAD_Pages/PaymentConfirmation_Page": null

2024-02-03 22:55:51 - [TEST_STEP][PASSED] - orPath_ServiceFeesAccept = "Object Repository/RAD_Pages/ServiceFeeAccept_Page": null

2024-02-03 22:55:51 - [TEST_STEP][PASSED] - selectOptionByLabel(findTestObject(orPath_Landing + "/dd_TaxType"), Paymenttype, false): All options with label 'New Tax Return Amount Due' are selected in object 'Object Repository/RAD_Pages/Landing_Page/dd_TaxType' 

2024-02-03 22:55:52 - [MESSAGE][PASSED] - All options with label 'New Tax Return Amount Due' are selected in object 'Object Repository/RAD_Pages/Landing_Page/dd_TaxType' 

2024-02-03 22:55:52 - [TEST_STEP][PASSED] - delay(1): Delayed 1 second(s)

2024-02-03 22:55:53 - [MESSAGE][PASSED] - Delayed 1 second(s)

2024-02-03 22:55:53 - [TEST_STEP][PASSED] - switch (Paymenttype): null

2024-02-03 22:55:53 - [TEST_STEP][PASSED] - case "New Tax Return Amount Due":: null

2024-02-03 22:55:53 - [TEST_STEP][PASSED] - selectOptionByLabel(findTestObject("Object Repository/RAD_Pages/Landing_Page/select_NewTaxReturnAmountDue_TaxType"), Taxtype, false): All options with label 'Tobacco Tax' are selected in object 'Object Repository/RAD_Pages/Landing_Page/select_NewTaxReturnAmountDue_TaxType' 

2024-02-03 22:55:53 - [MESSAGE][PASSED] - All options with label 'Tobacco Tax' are selected in object 'Object Repository/RAD_Pages/Landing_Page/select_NewTaxReturnAmountDue_TaxType' 

2024-02-03 22:55:53 - [TEST_STEP][PASSED] - break: null

2024-02-03 22:55:53 - [TEST_STEP][PASSED] - delay(1): Delayed 1 second(s)

2024-02-03 22:55:54 - [MESSAGE][PASSED] - Delayed 1 second(s)

2024-02-03 22:55:54 - [TEST_STEP][PASSED] - scrollToElement(findTestObject(orPath_Amount + "/input__paymentAmount"), 2, CONTINUE_ON_FAILURE): Scroll to object 'Object Repository/RAD_Pages/PaymentAmount_Page/input__paymentAmount' successfully

2024-02-03 22:55:55 - [MESSAGE][PASSED] - Scroll to object 'Object Repository/RAD_Pages/PaymentAmount_Page/input__paymentAmount' successfully

2024-02-03 22:55:55 - [TEST_STEP][PASSED] - switch (Paymenttype): null

2024-02-03 22:55:55 - [TEST_STEP][PASSED] - case "New Tax Return Amount Due":: null

2024-02-03 22:55:55 - [TEST_STEP][PASSED] - setEncryptedText(findTestObject(orPath_TaxInfo + "/input_TaxInfo_FeinSsn_New_2"), "RigbBhfdqODKcAsiUrg+1Q=="): Text ****** has been set on object 'Object Repository/RAD_Pages/TaxInfo_Page/input_TaxInfo_FeinSsn_New_2'

2024-02-03 22:55:55 - [MESSAGE][PASSED] - Text ****** has been set on object 'Object Repository/RAD_Pages/TaxInfo_Page/input_TaxInfo_FeinSsn_New_2'

2024-02-03 22:55:55 - [TEST_STEP][PASSED] - setEncryptedText(findTestObject(orPath_TaxInfo + "/input_TaxInfo_RetypeFeinSsn_New_2"), "RigbBhfdqOD+04WBHw5iKw=="): Text ****** has been set on object 'Object Repository/RAD_Pages/TaxInfo_Page/input_TaxInfo_RetypeFeinSsn_New_2'

2024-02-03 22:55:56 - [MESSAGE][PASSED] - Text ****** has been set on object 'Object Repository/RAD_Pages/TaxInfo_Page/input_TaxInfo_RetypeFeinSsn_New_2'

2024-02-03 22:55:56 - [TEST_STEP][PASSED] - break: null

2024-02-03 22:55:56 - [TEST_STEP][PASSED] - setText(findTestObject(orPath_Amount + "/input__paymentAmount"), ""): Text '' is set on object 'Object Repository/RAD_Pages/PaymentAmount_Page/input__paymentAmount'

2024-02-03 22:55:57 - [MESSAGE][PASSED] - Text '' is set on object 'Object Repository/RAD_Pages/PaymentAmount_Page/input__paymentAmount'

2024-02-03 22:55:57 - [TEST_STEP][PASSED] - if (verifyTextPresent("The FEIN/SSN and Re-type FEIN/SSN do not match", true)): null

2024-02-03 22:55:57 - [MESSAGE][PASSED] - Text 'The FEIN/SSN and Re-type FEIN/SSN do not match' is present on page  using regular expression

2024-02-03 22:55:57 - [TEST_STEP][PASSED] - println("Error Message is present on the page"): null

2024-02-03 22:55:57 - [TEST_STEP][PASSED] - out.println("Pass Record Number: " + row): null

2024-02-03 22:55:57 - [TEST_STEP][PASSED] - resText = "Pass": null

2024-02-03 22:55:57 - [TEST_STEP][PASSED] - pages.WriteExcel.demoKey(resText, datText, resColumn, datCloumn, fileLoc, nameSheet, row): pages.WriteExcel.demoKey is PASSED

2024-02-03 22:55:57 - [MESSAGE][PASSED] - pages.WriteExcel.demoKey is PASSED]]></system-out>
         <system-err><![CDATA[]]></system-err>
      </testcase>
      <testcase name="Test Cases/RAD_TestCases/Negative_TestCases/FEINmoreThan9Error-NEW" time="291.308" classname="Test Cases/RAD_TestCases/Negative_TestCases/FEINmoreThan9Error-NEW" status="PASSED">
         <system-out><![CDATA[2024-02-03 22:55:57 - [TEST_CASE][PASSED] - Test Cases/RAD_TestCases/Negative_TestCases/FEINmoreThan9Error-NEW: Test Cases/RAD_TestCases/Negative_TestCases/FEINmoreThan9Error-NEW

2024-02-03 22:55:58 - [TEST_STEP][PASSED] - resText = "Fail": null

2024-02-03 22:55:58 - [TEST_STEP][PASSED] - resColumn = "Result": null

2024-02-03 22:55:58 - [TEST_STEP][PASSED] - datCloumn = "Date": null

2024-02-03 22:55:58 - [TEST_STEP][PASSED] - fileLoc = "KatalonData/RADTestData/FEINmoreThan9Error.xlsx": null

2024-02-03 22:55:58 - [TEST_STEP][PASSED] - nameSheet = "Sheet1": null

2024-02-03 22:55:58 - [TEST_STEP][PASSED] - dataFile = "RADTestData/FEINmoreThan9Error": null

2024-02-03 22:55:58 - [TEST_STEP][PASSED] - ExecuteTC = <not implemented yet for class: org.codehaus.groovy.ast.expr.EmptyExpression>: null

2024-02-03 22:55:58 - [TEST_STEP][PASSED] - Taxtype = <not implemented yet for class: org.codehaus.groovy.ast.expr.EmptyExpression>: null

2024-02-03 22:55:58 - [TEST_STEP][PASSED] - Paymenttype = <not implemented yet for class: org.codehaus.groovy.ast.expr.EmptyExpression>: null

2024-02-03 22:55:58 - [TEST_STEP][PASSED] - numOfRows = findTestData(dataFile).getRowNumbers(): null

2024-02-03 22:55:58 - [TEST_STEP][PASSED] - println("Number of Records: " + numOfRows): null

2024-02-03 22:55:58 - [TEST_STEP][PASSED] - for ([row = 1, row <= numOfRows, (row++)]): null

2024-02-03 22:55:58 - [TEST_STEP][PASSED] - ExecuteTC = findTestData(dataFile).getValue("Execute", row): null

2024-02-03 22:55:58 - [TEST_STEP][PASSED] - Taxtype = findTestData(dataFile).getValue("TaxType", row): null

2024-02-03 22:55:58 - [TEST_STEP][PASSED] - Paymenttype = findTestData(dataFile).getValue("PaymentType", row): null

2024-02-03 22:55:58 - [TEST_STEP][PASSED] - out.println("Value of Execute is : " + ExecuteTC): null

2024-02-03 22:55:58 - [TEST_STEP][PASSED] - if (ExecuteTC.equalsIgnoreCase("Y")): null

2024-02-03 22:55:58 - [TEST_STEP][PASSED] - out.println("Begin Record Number: " + row): null

2024-02-03 22:55:58 - [TEST_STEP][PASSED] - today = new java.util.Date(): null

2024-02-03 22:55:58 - [TEST_STEP][PASSED] - println(today): null

2024-02-03 22:55:58 - [TEST_STEP][PASSED] - datText = today: null

2024-02-03 22:55:58 - [TEST_STEP][PASSED] - Taxtype = findTestData(dataFile).getValue("TaxType", row): null

2024-02-03 22:55:58 - [TEST_STEP][PASSED] - out.println("Taxtype value is : " + Taxtype): null

2024-02-03 22:55:58 - [TEST_STEP][PASSED] - openBrowser(""): Browser is opened with url: ''

2024-02-03 22:55:58 - [MESSAGE][WARNING] - A browser is already opened. Closing browser and opening a new one

2024-02-03 22:55:59 - [MESSAGE][INFO] - Starting 'Chrome' driver

2024-02-03 22:55:59 - [MESSAGE][INFO] - User set preference: ['acceptInsecureCerts', 'true']

2024-02-03 22:55:59 - [MESSAGE][INFO] - Action delay is set to 0 milliseconds

2024-02-03 22:56:01 - [MESSAGE][PASSED] - Browser is opened with url: ''

2024-02-03 22:56:01 - [TEST_STEP][PASSED] - maximizeWindow(): Current window maximized

2024-02-03 22:56:01 - [MESSAGE][PASSED] - Current window maximized

2024-02-03 22:56:01 - [TEST_STEP][PASSED] - navigateToUrl(RADurl): Navigate to 'https://qa2.velocitypayment.com/client/rad/index.html' successfully

2024-02-03 22:56:03 - [MESSAGE][PASSED] - Navigate to 'https://qa2.velocitypayment.com/client/rad/index.html' successfully

2024-02-03 22:56:03 - [TEST_STEP][PASSED] - orPath_Landing = "Object Repository/RAD_Pages/Landing_Page": null

2024-02-03 22:56:03 - [TEST_STEP][PASSED] - orPath_TaxTypeFilingYear = "Object Repository/RAD_Pages/TaxTypeFilingYear_Page": null

2024-02-03 22:56:03 - [TEST_STEP][PASSED] - orPath_TaxPayer = "Object Repository/RAD_Pages/Taxpayer_Page": null

2024-02-03 22:56:03 - [TEST_STEP][PASSED] - orPath_AddressContact = "Object Repository/RAD_Pages/AddressAndContactInfo_Page": null

2024-02-03 22:56:03 - [TEST_STEP][PASSED] - orPath_FilingStatus = "Object Repository/RAD_Pages/FilingStatus_Page": null

2024-02-03 22:56:03 - [TEST_STEP][PASSED] - orPath_Amount = "Object Repository/RAD_Pages/PaymentAmount_Page": null

2024-02-03 22:56:03 - [TEST_STEP][PASSED] - orPath_TaxInfo = "Object Repository/RAD_Pages/TaxInfo_Page": null

2024-02-03 22:56:03 - [TEST_STEP][PASSED] - orPath_Withholding = "Object Repository/RAD_Pages/Withholding_Page": null

2024-02-03 22:56:03 - [TEST_STEP][PASSED] - orPath_Summary = "Object Repository/RAD_Pages/Summary_Page": null

2024-02-03 22:56:03 - [TEST_STEP][PASSED] - orPath_PaymentReady = "Object Repository/RAD_Pages/PaymentReady_Page": null

2024-02-03 22:56:03 - [TEST_STEP][PASSED] - orPath_PaymentEntry = "Object Repository/RAD_Pages/PaymentEntry_Page": null

2024-02-03 22:56:03 - [TEST_STEP][PASSED] - orPath_PaymentConfirmation = "Object Repository/RAD_Pages/PaymentConfirmation_Page": null

2024-02-03 22:56:03 - [TEST_STEP][PASSED] - orPath_ServiceFeesAccept = "Object Repository/RAD_Pages/ServiceFeeAccept_Page": null

2024-02-03 22:56:03 - [TEST_STEP][PASSED] - selectOptionByLabel(findTestObject(orPath_Landing + "/dd_TaxType"), Paymenttype, false): All options with label 'Existing Liability w/Notice Number' are selected in object 'Object Repository/RAD_Pages/Landing_Page/dd_TaxType' 

2024-02-03 22:56:04 - [MESSAGE][PASSED] - All options with label 'Existing Liability w/Notice Number' are selected in object 'Object Repository/RAD_Pages/Landing_Page/dd_TaxType' 

2024-02-03 22:56:04 - [TEST_STEP][PASSED] - delay(1): Delayed 1 second(s)

2024-02-03 22:56:05 - [MESSAGE][PASSED] - Delayed 1 second(s)

2024-02-03 22:56:05 - [TEST_STEP][PASSED] - switch (Paymenttype): null

2024-02-03 22:56:05 - [TEST_STEP][PASSED] - case "Existing Liability w/Notice Number":: null

2024-02-03 22:56:05 - [TEST_STEP][PASSED] - selectOptionByLabel(findTestObject(orPath_TaxTypeFilingYear + "/select_TaxType_ExistingLiability"), Taxtype, false): All options with label 'Bay Restoration Fee' are selected in object 'Object Repository/RAD_Pages/TaxTypeFilingYear_Page/select_TaxType_ExistingLiability' 

2024-02-03 22:56:05 - [MESSAGE][PASSED] - All options with label 'Bay Restoration Fee' are selected in object 'Object Repository/RAD_Pages/TaxTypeFilingYear_Page/select_TaxType_ExistingLiability' 

2024-02-03 22:56:05 - [TEST_STEP][PASSED] - break: null

2024-02-03 22:56:05 - [TEST_STEP][PASSED] - delay(1): Delayed 1 second(s)

2024-02-03 22:56:06 - [MESSAGE][PASSED] - Delayed 1 second(s)

2024-02-03 22:56:06 - [TEST_STEP][PASSED] - switch (Paymenttype): null

2024-02-03 22:56:06 - [TEST_STEP][PASSED] - case "Existing Liability w/Notice Number":: null

2024-02-03 22:56:06 - [TEST_STEP][PASSED] - setEncryptedText(findTestObject("Object Repository/RAD_RecordAndPlay/input_Existing_FEIN"), "RigbBhfdqOBDK95asqKeHw=="): Text ****** has been set on object 'Object Repository/RAD_RecordAndPlay/input_Existing_FEIN'

2024-02-03 22:56:07 - [MESSAGE][PASSED] - Text ****** has been set on object 'Object Repository/RAD_RecordAndPlay/input_Existing_FEIN'

2024-02-03 22:56:07 - [TEST_STEP][PASSED] - setEncryptedText(findTestObject("Object Repository/RAD_RecordAndPlay/input_Existing_RetypeFEIN"), ""): Text ****** has been set on object 'Object Repository/RAD_RecordAndPlay/input_Existing_RetypeFEIN'

2024-02-03 22:56:07 - [MESSAGE][PASSED] - Text ****** has been set on object 'Object Repository/RAD_RecordAndPlay/input_Existing_RetypeFEIN'

2024-02-03 22:56:07 - [TEST_STEP][PASSED] - break: null

2024-02-03 22:56:07 - [TEST_STEP][PASSED] - verifyTextPresent("Please enter a valid FEIN with 9 digits.", true): Text 'Please enter a valid FEIN with 9 digits.' is present on page  using regular expression

2024-02-03 22:56:08 - [MESSAGE][PASSED] - Text 'Please enter a valid FEIN with 9 digits.' is present on page  using regular expression

2024-02-03 22:56:08 - [TEST_STEP][PASSED] - if (verifyTextPresent("Please enter a valid FEIN with 9 digits.", true)): null

2024-02-03 22:56:08 - [MESSAGE][PASSED] - Text 'Please enter a valid FEIN with 9 digits.' is present on page  using regular expression

2024-02-03 22:56:08 - [TEST_STEP][PASSED] - println("Error Message is present on the page"): null

2024-02-03 22:56:08 - [TEST_STEP][PASSED] - out.println("Pass Record Number: " + row): null

2024-02-03 22:56:08 - [TEST_STEP][PASSED] - resText = "Pass": null

2024-02-03 22:56:08 - [TEST_STEP][PASSED] - pages.WriteExcel.demoKey(resText, datText, resColumn, datCloumn, fileLoc, nameSheet, row): pages.WriteExcel.demoKey is PASSED

2024-02-03 22:56:08 - [MESSAGE][PASSED] - pages.WriteExcel.demoKey is PASSED

2024-02-03 22:56:08 - [TEST_STEP][PASSED] - ExecuteTC = findTestData(dataFile).getValue("Execute", row): null

2024-02-03 22:56:08 - [TEST_STEP][PASSED] - Taxtype = findTestData(dataFile).getValue("TaxType", row): null

2024-02-03 22:56:08 - [TEST_STEP][PASSED] - Paymenttype = findTestData(dataFile).getValue("PaymentType", row): null

2024-02-03 22:56:08 - [TEST_STEP][PASSED] - out.println("Value of Execute is : " + ExecuteTC): null

2024-02-03 22:56:08 - [TEST_STEP][PASSED] - if (ExecuteTC.equalsIgnoreCase("Y")): null

2024-02-03 22:56:08 - [TEST_STEP][PASSED] - out.println("Begin Record Number: " + row): null

2024-02-03 22:56:08 - [TEST_STEP][PASSED] - today = new java.util.Date(): null

2024-02-03 22:56:08 - [TEST_STEP][PASSED] - println(today): null

2024-02-03 22:56:08 - [TEST_STEP][PASSED] - datText = today: null

2024-02-03 22:56:08 - [TEST_STEP][PASSED] - Taxtype = findTestData(dataFile).getValue("TaxType", row): null

2024-02-03 22:56:09 - [TEST_STEP][PASSED] - out.println("Taxtype value is : " + Taxtype): null

2024-02-03 22:56:09 - [TEST_STEP][PASSED] - openBrowser(""): Browser is opened with url: ''

2024-02-03 22:56:09 - [MESSAGE][WARNING] - A browser is already opened. Closing browser and opening a new one

2024-02-03 22:56:10 - [MESSAGE][INFO] - Starting 'Chrome' driver

2024-02-03 22:56:10 - [MESSAGE][INFO] - User set preference: ['acceptInsecureCerts', 'true']

2024-02-03 22:56:10 - [MESSAGE][INFO] - Action delay is set to 0 milliseconds

2024-02-03 22:56:11 - [MESSAGE][PASSED] - Browser is opened with url: ''

2024-02-03 22:56:11 - [TEST_STEP][PASSED] - maximizeWindow(): Current window maximized

2024-02-03 22:56:11 - [MESSAGE][PASSED] - Current window maximized

2024-02-03 22:56:11 - [TEST_STEP][PASSED] - navigateToUrl(RADurl): Navigate to 'https://qa2.velocitypayment.com/client/rad/index.html' successfully

2024-02-03 22:56:13 - [MESSAGE][PASSED] - Navigate to 'https://qa2.velocitypayment.com/client/rad/index.html' successfully

2024-02-03 22:56:13 - [TEST_STEP][PASSED] - orPath_Landing = "Object Repository/RAD_Pages/Landing_Page": null

2024-02-03 22:56:13 - [TEST_STEP][PASSED] - orPath_TaxTypeFilingYear = "Object Repository/RAD_Pages/TaxTypeFilingYear_Page": null

2024-02-03 22:56:13 - [TEST_STEP][PASSED] - orPath_TaxPayer = "Object Repository/RAD_Pages/Taxpayer_Page": null

2024-02-03 22:56:13 - [TEST_STEP][PASSED] - orPath_AddressContact = "Object Repository/RAD_Pages/AddressAndContactInfo_Page": null

2024-02-03 22:56:13 - [TEST_STEP][PASSED] - orPath_FilingStatus = "Object Repository/RAD_Pages/FilingStatus_Page": null

2024-02-03 22:56:13 - [TEST_STEP][PASSED] - orPath_Amount = "Object Repository/RAD_Pages/PaymentAmount_Page": null

2024-02-03 22:56:13 - [TEST_STEP][PASSED] - orPath_TaxInfo = "Object Repository/RAD_Pages/TaxInfo_Page": null

2024-02-03 22:56:13 - [TEST_STEP][PASSED] - orPath_Withholding = "Object Repository/RAD_Pages/Withholding_Page": null

2024-02-03 22:56:13 - [TEST_STEP][PASSED] - orPath_Summary = "Object Repository/RAD_Pages/Summary_Page": null

2024-02-03 22:56:13 - [TEST_STEP][PASSED] - orPath_PaymentReady = "Object Repository/RAD_Pages/PaymentReady_Page": null

2024-02-03 22:56:13 - [TEST_STEP][PASSED] - orPath_PaymentEntry = "Object Repository/RAD_Pages/PaymentEntry_Page": null

2024-02-03 22:56:13 - [TEST_STEP][PASSED] - orPath_PaymentConfirmation = "Object Repository/RAD_Pages/PaymentConfirmation_Page": null

2024-02-03 22:56:13 - [TEST_STEP][PASSED] - orPath_ServiceFeesAccept = "Object Repository/RAD_Pages/ServiceFeeAccept_Page": null

2024-02-03 22:56:13 - [TEST_STEP][PASSED] - selectOptionByLabel(findTestObject(orPath_Landing + "/dd_TaxType"), Paymenttype, false): All options with label 'Existing Liability w/Notice Number' are selected in object 'Object Repository/RAD_Pages/Landing_Page/dd_TaxType' 

2024-02-03 22:56:14 - [MESSAGE][PASSED] - All options with label 'Existing Liability w/Notice Number' are selected in object 'Object Repository/RAD_Pages/Landing_Page/dd_TaxType' 

2024-02-03 22:56:14 - [TEST_STEP][PASSED] - delay(1): Delayed 1 second(s)

2024-02-03 22:56:15 - [MESSAGE][PASSED] - Delayed 1 second(s)

2024-02-03 22:56:15 - [TEST_STEP][PASSED] - switch (Paymenttype): null

2024-02-03 22:56:15 - [TEST_STEP][PASSED] - case "Existing Liability w/Notice Number":: null

2024-02-03 22:56:15 - [TEST_STEP][PASSED] - selectOptionByLabel(findTestObject(orPath_TaxTypeFilingYear + "/select_TaxType_ExistingLiability"), Taxtype, false): All options with label 'Corporate Income Tax' are selected in object 'Object Repository/RAD_Pages/TaxTypeFilingYear_Page/select_TaxType_ExistingLiability' 

2024-02-03 22:56:15 - [MESSAGE][PASSED] - All options with label 'Corporate Income Tax' are selected in object 'Object Repository/RAD_Pages/TaxTypeFilingYear_Page/select_TaxType_ExistingLiability' 

2024-02-03 22:56:15 - [TEST_STEP][PASSED] - break: null

2024-02-03 22:56:15 - [TEST_STEP][PASSED] - delay(1): Delayed 1 second(s)

2024-02-03 22:56:16 - [MESSAGE][PASSED] - Delayed 1 second(s)

2024-02-03 22:56:16 - [TEST_STEP][PASSED] - switch (Paymenttype): null

2024-02-03 22:56:16 - [TEST_STEP][PASSED] - case "Existing Liability w/Notice Number":: null

2024-02-03 22:56:16 - [TEST_STEP][PASSED] - setEncryptedText(findTestObject("Object Repository/RAD_RecordAndPlay/input_Existing_FEIN"), "RigbBhfdqOBDK95asqKeHw=="): Text ****** has been set on object 'Object Repository/RAD_RecordAndPlay/input_Existing_FEIN'

2024-02-03 22:56:17 - [MESSAGE][PASSED] - Text ****** has been set on object 'Object Repository/RAD_RecordAndPlay/input_Existing_FEIN'

2024-02-03 22:56:17 - [TEST_STEP][PASSED] - setEncryptedText(findTestObject("Object Repository/RAD_RecordAndPlay/input_Existing_RetypeFEIN"), ""): Text ****** has been set on object 'Object Repository/RAD_RecordAndPlay/input_Existing_RetypeFEIN'

2024-02-03 22:56:18 - [MESSAGE][PASSED] - Text ****** has been set on object 'Object Repository/RAD_RecordAndPlay/input_Existing_RetypeFEIN'

2024-02-03 22:56:18 - [TEST_STEP][PASSED] - break: null

2024-02-03 22:56:18 - [TEST_STEP][PASSED] - verifyTextPresent("Please enter a valid FEIN with 9 digits.", true): Text 'Please enter a valid FEIN with 9 digits.' is present on page  using regular expression

2024-02-03 22:56:18 - [MESSAGE][PASSED] - Text 'Please enter a valid FEIN with 9 digits.' is present on page  using regular expression

2024-02-03 22:56:18 - [TEST_STEP][PASSED] - if (verifyTextPresent("Please enter a valid FEIN with 9 digits.", true)): null

2024-02-03 22:56:19 - [MESSAGE][PASSED] - Text 'Please enter a valid FEIN with 9 digits.' is present on page  using regular expression

2024-02-03 22:56:19 - [TEST_STEP][PASSED] - println("Error Message is present on the page"): null

2024-02-03 22:56:19 - [TEST_STEP][PASSED] - out.println("Pass Record Number: " + row): null

2024-02-03 22:56:19 - [TEST_STEP][PASSED] - resText = "Pass": null

2024-02-03 22:56:19 - [TEST_STEP][PASSED] - pages.WriteExcel.demoKey(resText, datText, resColumn, datCloumn, fileLoc, nameSheet, row): pages.WriteExcel.demoKey is PASSED

2024-02-03 22:56:19 - [MESSAGE][PASSED] - pages.WriteExcel.demoKey is PASSED

2024-02-03 22:56:19 - [TEST_STEP][PASSED] - ExecuteTC = findTestData(dataFile).getValue("Execute", row): null

2024-02-03 22:56:19 - [TEST_STEP][PASSED] - Taxtype = findTestData(dataFile).getValue("TaxType", row): null

2024-02-03 22:56:19 - [TEST_STEP][PASSED] - Paymenttype = findTestData(dataFile).getValue("PaymentType", row): null

2024-02-03 22:56:19 - [TEST_STEP][PASSED] - out.println("Value of Execute is : " + ExecuteTC): null

2024-02-03 22:56:19 - [TEST_STEP][PASSED] - if (ExecuteTC.equalsIgnoreCase("Y")): null

2024-02-03 22:56:19 - [TEST_STEP][PASSED] - out.println("Begin Record Number: " + row): null

2024-02-03 22:56:19 - [TEST_STEP][PASSED] - today = new java.util.Date(): null

2024-02-03 22:56:19 - [TEST_STEP][PASSED] - println(today): null

2024-02-03 22:56:19 - [TEST_STEP][PASSED] - datText = today: null

2024-02-03 22:56:19 - [TEST_STEP][PASSED] - Taxtype = findTestData(dataFile).getValue("TaxType", row): null

2024-02-03 22:56:19 - [TEST_STEP][PASSED] - out.println("Taxtype value is : " + Taxtype): null

2024-02-03 22:56:19 - [TEST_STEP][PASSED] - openBrowser(""): Browser is opened with url: ''

2024-02-03 22:56:19 - [MESSAGE][WARNING] - A browser is already opened. Closing browser and opening a new one

2024-02-03 22:56:20 - [MESSAGE][INFO] - Starting 'Chrome' driver

2024-02-03 22:56:20 - [MESSAGE][INFO] - User set preference: ['acceptInsecureCerts', 'true']

2024-02-03 22:56:20 - [MESSAGE][INFO] - Action delay is set to 0 milliseconds

2024-02-03 22:56:22 - [MESSAGE][PASSED] - Browser is opened with url: ''

2024-02-03 22:56:22 - [TEST_STEP][PASSED] - maximizeWindow(): Current window maximized

2024-02-03 22:56:22 - [MESSAGE][PASSED] - Current window maximized

2024-02-03 22:56:22 - [TEST_STEP][PASSED] - navigateToUrl(RADurl): Navigate to 'https://qa2.velocitypayment.com/client/rad/index.html' successfully

2024-02-03 22:56:22 - [MESSAGE][PASSED] - Navigate to 'https://qa2.velocitypayment.com/client/rad/index.html' successfully

2024-02-03 22:56:22 - [TEST_STEP][PASSED] - orPath_Landing = "Object Repository/RAD_Pages/Landing_Page": null

2024-02-03 22:56:22 - [TEST_STEP][PASSED] - orPath_TaxTypeFilingYear = "Object Repository/RAD_Pages/TaxTypeFilingYear_Page": null

2024-02-03 22:56:22 - [TEST_STEP][PASSED] - orPath_TaxPayer = "Object Repository/RAD_Pages/Taxpayer_Page": null

2024-02-03 22:56:22 - [TEST_STEP][PASSED] - orPath_AddressContact = "Object Repository/RAD_Pages/AddressAndContactInfo_Page": null

2024-02-03 22:56:22 - [TEST_STEP][PASSED] - orPath_FilingStatus = "Object Repository/RAD_Pages/FilingStatus_Page": null

2024-02-03 22:56:22 - [TEST_STEP][PASSED] - orPath_Amount = "Object Repository/RAD_Pages/PaymentAmount_Page": null

2024-02-03 22:56:22 - [TEST_STEP][PASSED] - orPath_TaxInfo = "Object Repository/RAD_Pages/TaxInfo_Page": null

2024-02-03 22:56:22 - [TEST_STEP][PASSED] - orPath_Withholding = "Object Repository/RAD_Pages/Withholding_Page": null

2024-02-03 22:56:22 - [TEST_STEP][PASSED] - orPath_Summary = "Object Repository/RAD_Pages/Summary_Page": null

2024-02-03 22:56:22 - [TEST_STEP][PASSED] - orPath_PaymentReady = "Object Repository/RAD_Pages/PaymentReady_Page": null

2024-02-03 22:56:22 - [TEST_STEP][PASSED] - orPath_PaymentEntry = "Object Repository/RAD_Pages/PaymentEntry_Page": null

2024-02-03 22:56:22 - [TEST_STEP][PASSED] - orPath_PaymentConfirmation = "Object Repository/RAD_Pages/PaymentConfirmation_Page": null

2024-02-03 22:56:22 - [TEST_STEP][PASSED] - orPath_ServiceFeesAccept = "Object Repository/RAD_Pages/ServiceFeeAccept_Page": null

2024-02-03 22:56:22 - [TEST_STEP][PASSED] - selectOptionByLabel(findTestObject(orPath_Landing + "/dd_TaxType"), Paymenttype, false): All options with label 'Existing Liability w/Notice Number' are selected in object 'Object Repository/RAD_Pages/Landing_Page/dd_TaxType' 

2024-02-03 22:56:24 - [MESSAGE][PASSED] - All options with label 'Existing Liability w/Notice Number' are selected in object 'Object Repository/RAD_Pages/Landing_Page/dd_TaxType' 

2024-02-03 22:56:24 - [TEST_STEP][PASSED] - delay(1): Delayed 1 second(s)

2024-02-03 22:56:25 - [MESSAGE][PASSED] - Delayed 1 second(s)

2024-02-03 22:56:25 - [TEST_STEP][PASSED] - switch (Paymenttype): null

2024-02-03 22:56:25 - [TEST_STEP][PASSED] - case "Existing Liability w/Notice Number":: null

2024-02-03 22:56:25 - [TEST_STEP][PASSED] - selectOptionByLabel(findTestObject(orPath_TaxTypeFilingYear + "/select_TaxType_ExistingLiability"), Taxtype, false): All options with label 'Fiduciary Tax' are selected in object 'Object Repository/RAD_Pages/TaxTypeFilingYear_Page/select_TaxType_ExistingLiability' 

2024-02-03 22:56:26 - [MESSAGE][PASSED] - All options with label 'Fiduciary Tax' are selected in object 'Object Repository/RAD_Pages/TaxTypeFilingYear_Page/select_TaxType_ExistingLiability' 

2024-02-03 22:56:26 - [TEST_STEP][PASSED] - break: null

2024-02-03 22:56:26 - [TEST_STEP][PASSED] - delay(1): Delayed 1 second(s)

2024-02-03 22:56:27 - [MESSAGE][PASSED] - Delayed 1 second(s)

2024-02-03 22:56:27 - [TEST_STEP][PASSED] - switch (Paymenttype): null

2024-02-03 22:56:27 - [TEST_STEP][PASSED] - case "Existing Liability w/Notice Number":: null

2024-02-03 22:56:27 - [TEST_STEP][PASSED] - setEncryptedText(findTestObject("Object Repository/RAD_RecordAndPlay/input_Existing_FEIN"), "RigbBhfdqOBDK95asqKeHw=="): Text ****** has been set on object 'Object Repository/RAD_RecordAndPlay/input_Existing_FEIN'

2024-02-03 22:56:27 - [MESSAGE][PASSED] - Text ****** has been set on object 'Object Repository/RAD_RecordAndPlay/input_Existing_FEIN'

2024-02-03 22:56:27 - [TEST_STEP][PASSED] - setEncryptedText(findTestObject("Object Repository/RAD_RecordAndPlay/input_Existing_RetypeFEIN"), ""): Text ****** has been set on object 'Object Repository/RAD_RecordAndPlay/input_Existing_RetypeFEIN'

2024-02-03 22:56:28 - [MESSAGE][PASSED] - Text ****** has been set on object 'Object Repository/RAD_RecordAndPlay/input_Existing_RetypeFEIN'

2024-02-03 22:56:28 - [TEST_STEP][PASSED] - break: null

2024-02-03 22:56:28 - [TEST_STEP][PASSED] - verifyTextPresent("Please enter a valid FEIN with 9 digits.", true): Text 'Please enter a valid FEIN with 9 digits.' is present on page  using regular expression

2024-02-03 22:56:29 - [MESSAGE][PASSED] - Text 'Please enter a valid FEIN with 9 digits.' is present on page  using regular expression

2024-02-03 22:56:29 - [TEST_STEP][PASSED] - if (verifyTextPresent("Please enter a valid FEIN with 9 digits.", true)): null

2024-02-03 22:56:29 - [MESSAGE][PASSED] - Text 'Please enter a valid FEIN with 9 digits.' is present on page  using regular expression

2024-02-03 22:56:29 - [TEST_STEP][PASSED] - println("Error Message is present on the page"): null

2024-02-03 22:56:29 - [TEST_STEP][PASSED] - out.println("Pass Record Number: " + row): null

2024-02-03 22:56:29 - [TEST_STEP][PASSED] - resText = "Pass": null

2024-02-03 22:56:29 - [TEST_STEP][PASSED] - pages.WriteExcel.demoKey(resText, datText, resColumn, datCloumn, fileLoc, nameSheet, row): pages.WriteExcel.demoKey is PASSED

2024-02-03 22:56:29 - [MESSAGE][PASSED] - pages.WriteExcel.demoKey is PASSED

2024-02-03 22:56:29 - [TEST_STEP][PASSED] - ExecuteTC = findTestData(dataFile).getValue("Execute", row): null

2024-02-03 22:56:29 - [TEST_STEP][PASSED] - Taxtype = findTestData(dataFile).getValue("TaxType", row): null

2024-02-03 22:56:29 - [TEST_STEP][PASSED] - Paymenttype = findTestData(dataFile).getValue("PaymentType", row): null

2024-02-03 22:56:29 - [TEST_STEP][PASSED] - out.println("Value of Execute is : " + ExecuteTC): null

2024-02-03 22:56:29 - [TEST_STEP][PASSED] - if (ExecuteTC.equalsIgnoreCase("Y")): null

2024-02-03 22:56:29 - [TEST_STEP][PASSED] - out.println("Begin Record Number: " + row): null

2024-02-03 22:56:29 - [TEST_STEP][PASSED] - today = new java.util.Date(): null

2024-02-03 22:56:29 - [TEST_STEP][PASSED] - println(today): null

2024-02-03 22:56:29 - [TEST_STEP][PASSED] - datText = today: null

2024-02-03 22:56:29 - [TEST_STEP][PASSED] - Taxtype = findTestData(dataFile).getValue("TaxType", row): null

2024-02-03 22:56:29 - [TEST_STEP][PASSED] - out.println("Taxtype value is : " + Taxtype): null

2024-02-03 22:56:29 - [TEST_STEP][PASSED] - openBrowser(""): Browser is opened with url: ''

2024-02-03 22:56:29 - [MESSAGE][WARNING] - A browser is already opened. Closing browser and opening a new one

2024-02-03 22:56:30 - [MESSAGE][INFO] - Starting 'Chrome' driver

2024-02-03 22:56:30 - [MESSAGE][INFO] - User set preference: ['acceptInsecureCerts', 'true']

2024-02-03 22:56:30 - [MESSAGE][INFO] - Action delay is set to 0 milliseconds

2024-02-03 22:56:32 - [MESSAGE][PASSED] - Browser is opened with url: ''

2024-02-03 22:56:32 - [TEST_STEP][PASSED] - maximizeWindow(): Current window maximized

2024-02-03 22:56:32 - [MESSAGE][PASSED] - Current window maximized

2024-02-03 22:56:32 - [TEST_STEP][PASSED] - navigateToUrl(RADurl): Navigate to 'https://qa2.velocitypayment.com/client/rad/index.html' successfully

2024-02-03 22:56:34 - [MESSAGE][PASSED] - Navigate to 'https://qa2.velocitypayment.com/client/rad/index.html' successfully

2024-02-03 22:56:34 - [TEST_STEP][PASSED] - orPath_Landing = "Object Repository/RAD_Pages/Landing_Page": null

2024-02-03 22:56:34 - [TEST_STEP][PASSED] - orPath_TaxTypeFilingYear = "Object Repository/RAD_Pages/TaxTypeFilingYear_Page": null

2024-02-03 22:56:34 - [TEST_STEP][PASSED] - orPath_TaxPayer = "Object Repository/RAD_Pages/Taxpayer_Page": null

2024-02-03 22:56:34 - [TEST_STEP][PASSED] - orPath_AddressContact = "Object Repository/RAD_Pages/AddressAndContactInfo_Page": null

2024-02-03 22:56:34 - [TEST_STEP][PASSED] - orPath_FilingStatus = "Object Repository/RAD_Pages/FilingStatus_Page": null

2024-02-03 22:56:34 - [TEST_STEP][PASSED] - orPath_Amount = "Object Repository/RAD_Pages/PaymentAmount_Page": null

2024-02-03 22:56:34 - [TEST_STEP][PASSED] - orPath_TaxInfo = "Object Repository/RAD_Pages/TaxInfo_Page": null

2024-02-03 22:56:34 - [TEST_STEP][PASSED] - orPath_Withholding = "Object Repository/RAD_Pages/Withholding_Page": null

2024-02-03 22:56:34 - [TEST_STEP][PASSED] - orPath_Summary = "Object Repository/RAD_Pages/Summary_Page": null

2024-02-03 22:56:34 - [TEST_STEP][PASSED] - orPath_PaymentReady = "Object Repository/RAD_Pages/PaymentReady_Page": null

2024-02-03 22:56:34 - [TEST_STEP][PASSED] - orPath_PaymentEntry = "Object Repository/RAD_Pages/PaymentEntry_Page": null

2024-02-03 22:56:34 - [TEST_STEP][PASSED] - orPath_PaymentConfirmation = "Object Repository/RAD_Pages/PaymentConfirmation_Page": null

2024-02-03 22:56:34 - [TEST_STEP][PASSED] - orPath_ServiceFeesAccept = "Object Repository/RAD_Pages/ServiceFeeAccept_Page": null

2024-02-03 22:56:34 - [TEST_STEP][PASSED] - selectOptionByLabel(findTestObject(orPath_Landing + "/dd_TaxType"), Paymenttype, false): All options with label 'Existing Liability w/Notice Number' are selected in object 'Object Repository/RAD_Pages/Landing_Page/dd_TaxType' 

2024-02-03 22:56:34 - [MESSAGE][PASSED] - All options with label 'Existing Liability w/Notice Number' are selected in object 'Object Repository/RAD_Pages/Landing_Page/dd_TaxType' 

2024-02-03 22:56:34 - [TEST_STEP][PASSED] - delay(1): Delayed 1 second(s)

2024-02-03 22:56:35 - [MESSAGE][PASSED] - Delayed 1 second(s)

2024-02-03 22:56:35 - [TEST_STEP][PASSED] - switch (Paymenttype): null

2024-02-03 22:56:35 - [TEST_STEP][PASSED] - case "Existing Liability w/Notice Number":: null

2024-02-03 22:56:35 - [TEST_STEP][PASSED] - selectOptionByLabel(findTestObject(orPath_TaxTypeFilingYear + "/select_TaxType_ExistingLiability"), Taxtype, false): All options with label 'Sales & Use Tax' are selected in object 'Object Repository/RAD_Pages/TaxTypeFilingYear_Page/select_TaxType_ExistingLiability' 

2024-02-03 22:56:36 - [MESSAGE][PASSED] - All options with label 'Sales & Use Tax' are selected in object 'Object Repository/RAD_Pages/TaxTypeFilingYear_Page/select_TaxType_ExistingLiability' 

2024-02-03 22:56:36 - [TEST_STEP][PASSED] - break: null

2024-02-03 22:56:36 - [TEST_STEP][PASSED] - delay(1): Delayed 1 second(s)

2024-02-03 22:56:37 - [MESSAGE][PASSED] - Delayed 1 second(s)

2024-02-03 22:56:37 - [TEST_STEP][PASSED] - switch (Paymenttype): null

2024-02-03 22:56:37 - [TEST_STEP][PASSED] - case "Existing Liability w/Notice Number":: null

2024-02-03 22:56:37 - [TEST_STEP][PASSED] - setEncryptedText(findTestObject("Object Repository/RAD_RecordAndPlay/input_Existing_FEIN"), "RigbBhfdqOBDK95asqKeHw=="): Text ****** has been set on object 'Object Repository/RAD_RecordAndPlay/input_Existing_FEIN'

2024-02-03 22:56:38 - [MESSAGE][PASSED] - Text ****** has been set on object 'Object Repository/RAD_RecordAndPlay/input_Existing_FEIN'

2024-02-03 22:56:38 - [TEST_STEP][PASSED] - setEncryptedText(findTestObject("Object Repository/RAD_RecordAndPlay/input_Existing_RetypeFEIN"), ""): Text ****** has been set on object 'Object Repository/RAD_RecordAndPlay/input_Existing_RetypeFEIN'

2024-02-03 22:56:38 - [MESSAGE][PASSED] - Text ****** has been set on object 'Object Repository/RAD_RecordAndPlay/input_Existing_RetypeFEIN'

2024-02-03 22:56:38 - [TEST_STEP][PASSED] - break: null

2024-02-03 22:56:38 - [TEST_STEP][PASSED] - verifyTextPresent("Please enter a valid FEIN with 9 digits.", true): Text 'Please enter a valid FEIN with 9 digits.' is present on page  using regular expression

2024-02-03 22:56:39 - [MESSAGE][PASSED] - Text 'Please enter a valid FEIN with 9 digits.' is present on page  using regular expression

2024-02-03 22:56:39 - [TEST_STEP][PASSED] - if (verifyTextPresent("Please enter a valid FEIN with 9 digits.", true)): null

2024-02-03 22:56:39 - [MESSAGE][PASSED] - Text 'Please enter a valid FEIN with 9 digits.' is present on page  using regular expression

2024-02-03 22:56:39 - [TEST_STEP][PASSED] - println("Error Message is present on the page"): null

2024-02-03 22:56:39 - [TEST_STEP][PASSED] - out.println("Pass Record Number: " + row): null

2024-02-03 22:56:39 - [TEST_STEP][PASSED] - resText = "Pass": null

2024-02-03 22:56:39 - [TEST_STEP][PASSED] - pages.WriteExcel.demoKey(resText, datText, resColumn, datCloumn, fileLoc, nameSheet, row): pages.WriteExcel.demoKey is PASSED

2024-02-03 22:56:39 - [MESSAGE][PASSED] - pages.WriteExcel.demoKey is PASSED

2024-02-03 22:56:39 - [TEST_STEP][PASSED] - ExecuteTC = findTestData(dataFile).getValue("Execute", row): null

2024-02-03 22:56:39 - [TEST_STEP][PASSED] - Taxtype = findTestData(dataFile).getValue("TaxType", row): null

2024-02-03 22:56:39 - [TEST_STEP][PASSED] - Paymenttype = findTestData(dataFile).getValue("PaymentType", row): null

2024-02-03 22:56:39 - [TEST_STEP][PASSED] - out.println("Value of Execute is : " + ExecuteTC): null

2024-02-03 22:56:39 - [TEST_STEP][PASSED] - if (ExecuteTC.equalsIgnoreCase("Y")): null

2024-02-03 22:56:39 - [TEST_STEP][PASSED] - out.println("Begin Record Number: " + row): null

2024-02-03 22:56:39 - [TEST_STEP][PASSED] - today = new java.util.Date(): null

2024-02-03 22:56:39 - [TEST_STEP][PASSED] - println(today): null

2024-02-03 22:56:39 - [TEST_STEP][PASSED] - datText = today: null

2024-02-03 22:56:39 - [TEST_STEP][PASSED] - Taxtype = findTestData(dataFile).getValue("TaxType", row): null

2024-02-03 22:56:39 - [TEST_STEP][PASSED] - out.println("Taxtype value is : " + Taxtype): null

2024-02-03 22:56:39 - [TEST_STEP][PASSED] - openBrowser(""): Browser is opened with url: ''

2024-02-03 22:56:39 - [MESSAGE][WARNING] - A browser is already opened. Closing browser and opening a new one

2024-02-03 22:56:41 - [MESSAGE][INFO] - Starting 'Chrome' driver

2024-02-03 22:56:41 - [MESSAGE][INFO] - User set preference: ['acceptInsecureCerts', 'true']

2024-02-03 22:56:41 - [MESSAGE][INFO] - Action delay is set to 0 milliseconds

2024-02-03 22:56:42 - [MESSAGE][PASSED] - Browser is opened with url: ''

2024-02-03 22:56:42 - [TEST_STEP][PASSED] - maximizeWindow(): Current window maximized

2024-02-03 22:56:42 - [MESSAGE][PASSED] - Current window maximized

2024-02-03 22:56:42 - [TEST_STEP][PASSED] - navigateToUrl(RADurl): Navigate to 'https://qa2.velocitypayment.com/client/rad/index.html' successfully

2024-02-03 22:56:44 - [MESSAGE][PASSED] - Navigate to 'https://qa2.velocitypayment.com/client/rad/index.html' successfully

2024-02-03 22:56:44 - [TEST_STEP][PASSED] - orPath_Landing = "Object Repository/RAD_Pages/Landing_Page": null

2024-02-03 22:56:44 - [TEST_STEP][PASSED] - orPath_TaxTypeFilingYear = "Object Repository/RAD_Pages/TaxTypeFilingYear_Page": null

2024-02-03 22:56:44 - [TEST_STEP][PASSED] - orPath_TaxPayer = "Object Repository/RAD_Pages/Taxpayer_Page": null

2024-02-03 22:56:44 - [TEST_STEP][PASSED] - orPath_AddressContact = "Object Repository/RAD_Pages/AddressAndContactInfo_Page": null

2024-02-03 22:56:44 - [TEST_STEP][PASSED] - orPath_FilingStatus = "Object Repository/RAD_Pages/FilingStatus_Page": null

2024-02-03 22:56:44 - [TEST_STEP][PASSED] - orPath_Amount = "Object Repository/RAD_Pages/PaymentAmount_Page": null

2024-02-03 22:56:44 - [TEST_STEP][PASSED] - orPath_TaxInfo = "Object Repository/RAD_Pages/TaxInfo_Page": null

2024-02-03 22:56:44 - [TEST_STEP][PASSED] - orPath_Withholding = "Object Repository/RAD_Pages/Withholding_Page": null

2024-02-03 22:56:44 - [TEST_STEP][PASSED] - orPath_Summary = "Object Repository/RAD_Pages/Summary_Page": null

2024-02-03 22:56:44 - [TEST_STEP][PASSED] - orPath_PaymentReady = "Object Repository/RAD_Pages/PaymentReady_Page": null

2024-02-03 22:56:44 - [TEST_STEP][PASSED] - orPath_PaymentEntry = "Object Repository/RAD_Pages/PaymentEntry_Page": null

2024-02-03 22:56:44 - [TEST_STEP][PASSED] - orPath_PaymentConfirmation = "Object Repository/RAD_Pages/PaymentConfirmation_Page": null

2024-02-03 22:56:44 - [TEST_STEP][PASSED] - orPath_ServiceFeesAccept = "Object Repository/RAD_Pages/ServiceFeeAccept_Page": null

2024-02-03 22:56:44 - [TEST_STEP][PASSED] - selectOptionByLabel(findTestObject(orPath_Landing + "/dd_TaxType"), Paymenttype, false): All options with label 'Existing Liability w/Notice Number' are selected in object 'Object Repository/RAD_Pages/Landing_Page/dd_TaxType' 

2024-02-03 22:56:45 - [MESSAGE][PASSED] - All options with label 'Existing Liability w/Notice Number' are selected in object 'Object Repository/RAD_Pages/Landing_Page/dd_TaxType' 

2024-02-03 22:56:45 - [TEST_STEP][PASSED] - delay(1): Delayed 1 second(s)

2024-02-03 22:56:46 - [MESSAGE][PASSED] - Delayed 1 second(s)

2024-02-03 22:56:46 - [TEST_STEP][PASSED] - switch (Paymenttype): null

2024-02-03 22:56:46 - [TEST_STEP][PASSED] - case "Existing Liability w/Notice Number":: null

2024-02-03 22:56:46 - [TEST_STEP][PASSED] - selectOptionByLabel(findTestObject(orPath_TaxTypeFilingYear + "/select_TaxType_ExistingLiability"), Taxtype, false): All options with label 'Tire Recycling Fee' are selected in object 'Object Repository/RAD_Pages/TaxTypeFilingYear_Page/select_TaxType_ExistingLiability' 

2024-02-03 22:56:46 - [MESSAGE][PASSED] - All options with label 'Tire Recycling Fee' are selected in object 'Object Repository/RAD_Pages/TaxTypeFilingYear_Page/select_TaxType_ExistingLiability' 

2024-02-03 22:56:46 - [TEST_STEP][PASSED] - break: null

2024-02-03 22:56:46 - [TEST_STEP][PASSED] - delay(1): Delayed 1 second(s)

2024-02-03 22:56:47 - [MESSAGE][PASSED] - Delayed 1 second(s)

2024-02-03 22:56:47 - [TEST_STEP][PASSED] - switch (Paymenttype): null

2024-02-03 22:56:47 - [TEST_STEP][PASSED] - case "Existing Liability w/Notice Number":: null

2024-02-03 22:56:47 - [TEST_STEP][PASSED] - setEncryptedText(findTestObject("Object Repository/RAD_RecordAndPlay/input_Existing_FEIN"), "RigbBhfdqOBDK95asqKeHw=="): Text ****** has been set on object 'Object Repository/RAD_RecordAndPlay/input_Existing_FEIN'

2024-02-03 22:56:48 - [MESSAGE][PASSED] - Text ****** has been set on object 'Object Repository/RAD_RecordAndPlay/input_Existing_FEIN'

2024-02-03 22:56:48 - [TEST_STEP][PASSED] - setEncryptedText(findTestObject("Object Repository/RAD_RecordAndPlay/input_Existing_RetypeFEIN"), ""): Text ****** has been set on object 'Object Repository/RAD_RecordAndPlay/input_Existing_RetypeFEIN'

2024-02-03 22:56:48 - [MESSAGE][PASSED] - Text ****** has been set on object 'Object Repository/RAD_RecordAndPlay/input_Existing_RetypeFEIN'

2024-02-03 22:56:48 - [TEST_STEP][PASSED] - break: null

2024-02-03 22:56:48 - [TEST_STEP][PASSED] - verifyTextPresent("Please enter a valid FEIN with 9 digits.", true): Text 'Please enter a valid FEIN with 9 digits.' is present on page  using regular expression

2024-02-03 22:56:49 - [MESSAGE][PASSED] - Text 'Please enter a valid FEIN with 9 digits.' is present on page  using regular expression

2024-02-03 22:56:49 - [TEST_STEP][PASSED] - if (verifyTextPresent("Please enter a valid FEIN with 9 digits.", true)): null

2024-02-03 22:56:49 - [MESSAGE][PASSED] - Text 'Please enter a valid FEIN with 9 digits.' is present on page  using regular expression

2024-02-03 22:56:49 - [TEST_STEP][PASSED] - println("Error Message is present on the page"): null

2024-02-03 22:56:49 - [TEST_STEP][PASSED] - out.println("Pass Record Number: " + row): null

2024-02-03 22:56:49 - [TEST_STEP][PASSED] - resText = "Pass": null

2024-02-03 22:56:49 - [TEST_STEP][PASSED] - pages.WriteExcel.demoKey(resText, datText, resColumn, datCloumn, fileLoc, nameSheet, row): pages.WriteExcel.demoKey is PASSED

2024-02-03 22:56:49 - [MESSAGE][PASSED] - pages.WriteExcel.demoKey is PASSED

2024-02-03 22:56:49 - [TEST_STEP][PASSED] - ExecuteTC = findTestData(dataFile).getValue("Execute", row): null

2024-02-03 22:56:49 - [TEST_STEP][PASSED] - Taxtype = findTestData(dataFile).getValue("TaxType", row): null

2024-02-03 22:56:49 - [TEST_STEP][PASSED] - Paymenttype = findTestData(dataFile).getValue("PaymentType", row): null

2024-02-03 22:56:49 - [TEST_STEP][PASSED] - out.println("Value of Execute is : " + ExecuteTC): null

2024-02-03 22:56:49 - [TEST_STEP][PASSED] - if (ExecuteTC.equalsIgnoreCase("Y")): null

2024-02-03 22:56:49 - [TEST_STEP][PASSED] - out.println("Begin Record Number: " + row): null

2024-02-03 22:56:49 - [TEST_STEP][PASSED] - today = new java.util.Date(): null

2024-02-03 22:56:49 - [TEST_STEP][PASSED] - println(today): null

2024-02-03 22:56:49 - [TEST_STEP][PASSED] - datText = today: null

2024-02-03 22:56:49 - [TEST_STEP][PASSED] - Taxtype = findTestData(dataFile).getValue("TaxType", row): null

2024-02-03 22:56:50 - [TEST_STEP][PASSED] - out.println("Taxtype value is : " + Taxtype): null

2024-02-03 22:56:50 - [TEST_STEP][PASSED] - openBrowser(""): Browser is opened with url: ''

2024-02-03 22:56:50 - [MESSAGE][WARNING] - A browser is already opened. Closing browser and opening a new one

2024-02-03 22:56:51 - [MESSAGE][INFO] - Starting 'Chrome' driver

2024-02-03 22:56:51 - [MESSAGE][INFO] - User set preference: ['acceptInsecureCerts', 'true']

2024-02-03 22:56:51 - [MESSAGE][INFO] - Action delay is set to 0 milliseconds

2024-02-03 22:56:52 - [MESSAGE][PASSED] - Browser is opened with url: ''

2024-02-03 22:56:52 - [TEST_STEP][PASSED] - maximizeWindow(): Current window maximized

2024-02-03 22:56:53 - [MESSAGE][PASSED] - Current window maximized

2024-02-03 22:56:53 - [TEST_STEP][PASSED] - navigateToUrl(RADurl): Navigate to 'https://qa2.velocitypayment.com/client/rad/index.html' successfully

2024-02-03 22:56:53 - [MESSAGE][PASSED] - Navigate to 'https://qa2.velocitypayment.com/client/rad/index.html' successfully

2024-02-03 22:56:53 - [TEST_STEP][PASSED] - orPath_Landing = "Object Repository/RAD_Pages/Landing_Page": null

2024-02-03 22:56:53 - [TEST_STEP][PASSED] - orPath_TaxTypeFilingYear = "Object Repository/RAD_Pages/TaxTypeFilingYear_Page": null

2024-02-03 22:56:53 - [TEST_STEP][PASSED] - orPath_TaxPayer = "Object Repository/RAD_Pages/Taxpayer_Page": null

2024-02-03 22:56:53 - [TEST_STEP][PASSED] - orPath_AddressContact = "Object Repository/RAD_Pages/AddressAndContactInfo_Page": null

2024-02-03 22:56:53 - [TEST_STEP][PASSED] - orPath_FilingStatus = "Object Repository/RAD_Pages/FilingStatus_Page": null

2024-02-03 22:56:53 - [TEST_STEP][PASSED] - orPath_Amount = "Object Repository/RAD_Pages/PaymentAmount_Page": null

2024-02-03 22:56:53 - [TEST_STEP][PASSED] - orPath_TaxInfo = "Object Repository/RAD_Pages/TaxInfo_Page": null

2024-02-03 22:56:53 - [TEST_STEP][PASSED] - orPath_Withholding = "Object Repository/RAD_Pages/Withholding_Page": null

2024-02-03 22:56:53 - [TEST_STEP][PASSED] - orPath_Summary = "Object Repository/RAD_Pages/Summary_Page": null

2024-02-03 22:56:53 - [TEST_STEP][PASSED] - orPath_PaymentReady = "Object Repository/RAD_Pages/PaymentReady_Page": null

2024-02-03 22:56:53 - [TEST_STEP][PASSED] - orPath_PaymentEntry = "Object Repository/RAD_Pages/PaymentEntry_Page": null

2024-02-03 22:56:53 - [TEST_STEP][PASSED] - orPath_PaymentConfirmation = "Object Repository/RAD_Pages/PaymentConfirmation_Page": null

2024-02-03 22:56:53 - [TEST_STEP][PASSED] - orPath_ServiceFeesAccept = "Object Repository/RAD_Pages/ServiceFeeAccept_Page": null

2024-02-03 22:56:53 - [TEST_STEP][PASSED] - selectOptionByLabel(findTestObject(orPath_Landing + "/dd_TaxType"), Paymenttype, false): All options with label 'Existing Liability w/Notice Number' are selected in object 'Object Repository/RAD_Pages/Landing_Page/dd_TaxType' 

2024-02-03 22:56:55 - [MESSAGE][PASSED] - All options with label 'Existing Liability w/Notice Number' are selected in object 'Object Repository/RAD_Pages/Landing_Page/dd_TaxType' 

2024-02-03 22:56:55 - [TEST_STEP][PASSED] - delay(1): Delayed 1 second(s)

2024-02-03 22:56:56 - [MESSAGE][PASSED] - Delayed 1 second(s)

2024-02-03 22:56:56 - [TEST_STEP][PASSED] - switch (Paymenttype): null

2024-02-03 22:56:56 - [TEST_STEP][PASSED] - case "Existing Liability w/Notice Number":: null

2024-02-03 22:56:56 - [TEST_STEP][PASSED] - selectOptionByLabel(findTestObject(orPath_TaxTypeFilingYear + "/select_TaxType_ExistingLiability"), Taxtype, false): All options with label 'Withholding Tax' are selected in object 'Object Repository/RAD_Pages/TaxTypeFilingYear_Page/select_TaxType_ExistingLiability' 

2024-02-03 22:56:57 - [MESSAGE][PASSED] - All options with label 'Withholding Tax' are selected in object 'Object Repository/RAD_Pages/TaxTypeFilingYear_Page/select_TaxType_ExistingLiability' 

2024-02-03 22:56:57 - [TEST_STEP][PASSED] - break: null

2024-02-03 22:56:57 - [TEST_STEP][PASSED] - delay(1): Delayed 1 second(s)

2024-02-03 22:56:58 - [MESSAGE][PASSED] - Delayed 1 second(s)

2024-02-03 22:56:58 - [TEST_STEP][PASSED] - switch (Paymenttype): null

2024-02-03 22:56:58 - [TEST_STEP][PASSED] - case "Existing Liability w/Notice Number":: null

2024-02-03 22:56:58 - [TEST_STEP][PASSED] - setEncryptedText(findTestObject("Object Repository/RAD_RecordAndPlay/input_Existing_FEIN"), "RigbBhfdqOBDK95asqKeHw=="): Text ****** has been set on object 'Object Repository/RAD_RecordAndPlay/input_Existing_FEIN'

2024-02-03 22:56:59 - [MESSAGE][PASSED] - Text ****** has been set on object 'Object Repository/RAD_RecordAndPlay/input_Existing_FEIN'

2024-02-03 22:56:59 - [TEST_STEP][PASSED] - setEncryptedText(findTestObject("Object Repository/RAD_RecordAndPlay/input_Existing_RetypeFEIN"), ""): Text ****** has been set on object 'Object Repository/RAD_RecordAndPlay/input_Existing_RetypeFEIN'

2024-02-03 22:56:59 - [MESSAGE][PASSED] - Text ****** has been set on object 'Object Repository/RAD_RecordAndPlay/input_Existing_RetypeFEIN'

2024-02-03 22:56:59 - [TEST_STEP][PASSED] - break: null

2024-02-03 22:56:59 - [TEST_STEP][PASSED] - verifyTextPresent("Please enter a valid FEIN with 9 digits.", true): Text 'Please enter a valid FEIN with 9 digits.' is present on page  using regular expression

2024-02-03 22:57:00 - [MESSAGE][PASSED] - Text 'Please enter a valid FEIN with 9 digits.' is present on page  using regular expression

2024-02-03 22:57:00 - [TEST_STEP][PASSED] - if (verifyTextPresent("Please enter a valid FEIN with 9 digits.", true)): null

2024-02-03 22:57:00 - [MESSAGE][PASSED] - Text 'Please enter a valid FEIN with 9 digits.' is present on page  using regular expression

2024-02-03 22:57:00 - [TEST_STEP][PASSED] - println("Error Message is present on the page"): null

2024-02-03 22:57:00 - [TEST_STEP][PASSED] - out.println("Pass Record Number: " + row): null

2024-02-03 22:57:00 - [TEST_STEP][PASSED] - resText = "Pass": null

2024-02-03 22:57:00 - [TEST_STEP][PASSED] - pages.WriteExcel.demoKey(resText, datText, resColumn, datCloumn, fileLoc, nameSheet, row): pages.WriteExcel.demoKey is PASSED

2024-02-03 22:57:00 - [MESSAGE][PASSED] - pages.WriteExcel.demoKey is PASSED

2024-02-03 22:57:00 - [TEST_STEP][PASSED] - ExecuteTC = findTestData(dataFile).getValue("Execute", row): null

2024-02-03 22:57:00 - [TEST_STEP][PASSED] - Taxtype = findTestData(dataFile).getValue("TaxType", row): null

2024-02-03 22:57:00 - [TEST_STEP][PASSED] - Paymenttype = findTestData(dataFile).getValue("PaymentType", row): null

2024-02-03 22:57:00 - [TEST_STEP][PASSED] - out.println("Value of Execute is : " + ExecuteTC): null

2024-02-03 22:57:00 - [TEST_STEP][PASSED] - if (ExecuteTC.equalsIgnoreCase("Y")): null

2024-02-03 22:57:00 - [TEST_STEP][PASSED] - out.println("Begin Record Number: " + row): null

2024-02-03 22:57:00 - [TEST_STEP][PASSED] - today = new java.util.Date(): null

2024-02-03 22:57:00 - [TEST_STEP][PASSED] - println(today): null

2024-02-03 22:57:00 - [TEST_STEP][PASSED] - datText = today: null

2024-02-03 22:57:00 - [TEST_STEP][PASSED] - Taxtype = findTestData(dataFile).getValue("TaxType", row): null

2024-02-03 22:57:00 - [TEST_STEP][PASSED] - out.println("Taxtype value is : " + Taxtype): null

2024-02-03 22:57:00 - [TEST_STEP][PASSED] - openBrowser(""): Browser is opened with url: ''

2024-02-03 22:57:00 - [MESSAGE][WARNING] - A browser is already opened. Closing browser and opening a new one

2024-02-03 22:57:02 - [MESSAGE][INFO] - Starting 'Chrome' driver

2024-02-03 22:57:02 - [MESSAGE][INFO] - User set preference: ['acceptInsecureCerts', 'true']

2024-02-03 22:57:02 - [MESSAGE][INFO] - Action delay is set to 0 milliseconds

2024-02-03 22:57:05 - [MESSAGE][PASSED] - Browser is opened with url: ''

2024-02-03 22:57:05 - [TEST_STEP][PASSED] - maximizeWindow(): Current window maximized

2024-02-03 22:57:05 - [MESSAGE][PASSED] - Current window maximized

2024-02-03 22:57:05 - [TEST_STEP][PASSED] - navigateToUrl(RADurl): Navigate to 'https://qa2.velocitypayment.com/client/rad/index.html' successfully

2024-02-03 22:57:06 - [MESSAGE][PASSED] - Navigate to 'https://qa2.velocitypayment.com/client/rad/index.html' successfully

2024-02-03 22:57:06 - [TEST_STEP][PASSED] - orPath_Landing = "Object Repository/RAD_Pages/Landing_Page": null

2024-02-03 22:57:06 - [TEST_STEP][PASSED] - orPath_TaxTypeFilingYear = "Object Repository/RAD_Pages/TaxTypeFilingYear_Page": null

2024-02-03 22:57:06 - [TEST_STEP][PASSED] - orPath_TaxPayer = "Object Repository/RAD_Pages/Taxpayer_Page": null

2024-02-03 22:57:06 - [TEST_STEP][PASSED] - orPath_AddressContact = "Object Repository/RAD_Pages/AddressAndContactInfo_Page": null

2024-02-03 22:57:06 - [TEST_STEP][PASSED] - orPath_FilingStatus = "Object Repository/RAD_Pages/FilingStatus_Page": null

2024-02-03 22:57:06 - [TEST_STEP][PASSED] - orPath_Amount = "Object Repository/RAD_Pages/PaymentAmount_Page": null

2024-02-03 22:57:06 - [TEST_STEP][PASSED] - orPath_TaxInfo = "Object Repository/RAD_Pages/TaxInfo_Page": null

2024-02-03 22:57:06 - [TEST_STEP][PASSED] - orPath_Withholding = "Object Repository/RAD_Pages/Withholding_Page": null

2024-02-03 22:57:06 - [TEST_STEP][PASSED] - orPath_Summary = "Object Repository/RAD_Pages/Summary_Page": null

2024-02-03 22:57:06 - [TEST_STEP][PASSED] - orPath_PaymentReady = "Object Repository/RAD_Pages/PaymentReady_Page": null

2024-02-03 22:57:06 - [TEST_STEP][PASSED] - orPath_PaymentEntry = "Object Repository/RAD_Pages/PaymentEntry_Page": null

2024-02-03 22:57:06 - [TEST_STEP][PASSED] - orPath_PaymentConfirmation = "Object Repository/RAD_Pages/PaymentConfirmation_Page": null

2024-02-03 22:57:06 - [TEST_STEP][PASSED] - orPath_ServiceFeesAccept = "Object Repository/RAD_Pages/ServiceFeeAccept_Page": null

2024-02-03 22:57:06 - [TEST_STEP][PASSED] - selectOptionByLabel(findTestObject(orPath_Landing + "/dd_TaxType"), Paymenttype, false): All options with label 'Existing Liability w/Notice Number' are selected in object 'Object Repository/RAD_Pages/Landing_Page/dd_TaxType' 

2024-02-03 22:57:07 - [MESSAGE][PASSED] - All options with label 'Existing Liability w/Notice Number' are selected in object 'Object Repository/RAD_Pages/Landing_Page/dd_TaxType' 

2024-02-03 22:57:07 - [TEST_STEP][PASSED] - delay(1): Delayed 1 second(s)

2024-02-03 22:57:08 - [MESSAGE][PASSED] - Delayed 1 second(s)

2024-02-03 22:57:08 - [TEST_STEP][PASSED] - switch (Paymenttype): null

2024-02-03 22:57:08 - [TEST_STEP][PASSED] - case "Existing Liability w/Notice Number":: null

2024-02-03 22:57:08 - [TEST_STEP][PASSED] - selectOptionByLabel(findTestObject(orPath_TaxTypeFilingYear + "/select_TaxType_ExistingLiability"), Taxtype, false): All options with label 'Alcohol Tax' are selected in object 'Object Repository/RAD_Pages/TaxTypeFilingYear_Page/select_TaxType_ExistingLiability' 

2024-02-03 22:57:09 - [MESSAGE][PASSED] - All options with label 'Alcohol Tax' are selected in object 'Object Repository/RAD_Pages/TaxTypeFilingYear_Page/select_TaxType_ExistingLiability' 

2024-02-03 22:57:09 - [TEST_STEP][PASSED] - break: null

2024-02-03 22:57:09 - [TEST_STEP][PASSED] - delay(1): Delayed 1 second(s)

2024-02-03 22:57:10 - [MESSAGE][PASSED] - Delayed 1 second(s)

2024-02-03 22:57:10 - [TEST_STEP][PASSED] - switch (Paymenttype): null

2024-02-03 22:57:10 - [TEST_STEP][PASSED] - case "Existing Liability w/Notice Number":: null

2024-02-03 22:57:10 - [TEST_STEP][PASSED] - setEncryptedText(findTestObject("Object Repository/RAD_RecordAndPlay/input_Existing_FEIN"), "RigbBhfdqOBDK95asqKeHw=="): Text ****** has been set on object 'Object Repository/RAD_RecordAndPlay/input_Existing_FEIN'

2024-02-03 22:57:10 - [MESSAGE][PASSED] - Text ****** has been set on object 'Object Repository/RAD_RecordAndPlay/input_Existing_FEIN'

2024-02-03 22:57:10 - [TEST_STEP][PASSED] - setEncryptedText(findTestObject("Object Repository/RAD_RecordAndPlay/input_Existing_RetypeFEIN"), ""): Text ****** has been set on object 'Object Repository/RAD_RecordAndPlay/input_Existing_RetypeFEIN'

2024-02-03 22:57:11 - [MESSAGE][PASSED] - Text ****** has been set on object 'Object Repository/RAD_RecordAndPlay/input_Existing_RetypeFEIN'

2024-02-03 22:57:11 - [TEST_STEP][PASSED] - break: null

2024-02-03 22:57:11 - [TEST_STEP][PASSED] - verifyTextPresent("Please enter a valid FEIN with 9 digits.", true): Text 'Please enter a valid FEIN with 9 digits.' is present on page  using regular expression

2024-02-03 22:57:11 - [MESSAGE][PASSED] - Text 'Please enter a valid FEIN with 9 digits.' is present on page  using regular expression

2024-02-03 22:57:11 - [TEST_STEP][PASSED] - if (verifyTextPresent("Please enter a valid FEIN with 9 digits.", true)): null

2024-02-03 22:57:12 - [MESSAGE][PASSED] - Text 'Please enter a valid FEIN with 9 digits.' is present on page  using regular expression

2024-02-03 22:57:12 - [TEST_STEP][PASSED] - println("Error Message is present on the page"): null

2024-02-03 22:57:12 - [TEST_STEP][PASSED] - out.println("Pass Record Number: " + row): null

2024-02-03 22:57:12 - [TEST_STEP][PASSED] - resText = "Pass": null

2024-02-03 22:57:12 - [TEST_STEP][PASSED] - pages.WriteExcel.demoKey(resText, datText, resColumn, datCloumn, fileLoc, nameSheet, row): pages.WriteExcel.demoKey is PASSED

2024-02-03 22:57:12 - [MESSAGE][PASSED] - pages.WriteExcel.demoKey is PASSED

2024-02-03 22:57:12 - [TEST_STEP][PASSED] - ExecuteTC = findTestData(dataFile).getValue("Execute", row): null

2024-02-03 22:57:12 - [TEST_STEP][PASSED] - Taxtype = findTestData(dataFile).getValue("TaxType", row): null

2024-02-03 22:57:12 - [TEST_STEP][PASSED] - Paymenttype = findTestData(dataFile).getValue("PaymentType", row): null

2024-02-03 22:57:12 - [TEST_STEP][PASSED] - out.println("Value of Execute is : " + ExecuteTC): null

2024-02-03 22:57:12 - [TEST_STEP][PASSED] - if (ExecuteTC.equalsIgnoreCase("Y")): null

2024-02-03 22:57:12 - [TEST_STEP][PASSED] - out.println("Begin Record Number: " + row): null

2024-02-03 22:57:12 - [TEST_STEP][PASSED] - today = new java.util.Date(): null

2024-02-03 22:57:12 - [TEST_STEP][PASSED] - println(today): null

2024-02-03 22:57:12 - [TEST_STEP][PASSED] - datText = today: null

2024-02-03 22:57:12 - [TEST_STEP][PASSED] - Taxtype = findTestData(dataFile).getValue("TaxType", row): null

2024-02-03 22:57:12 - [TEST_STEP][PASSED] - out.println("Taxtype value is : " + Taxtype): null

2024-02-03 22:57:12 - [TEST_STEP][PASSED] - openBrowser(""): Browser is opened with url: ''

2024-02-03 22:57:12 - [MESSAGE][WARNING] - A browser is already opened. Closing browser and opening a new one

2024-02-03 22:57:13 - [MESSAGE][INFO] - Starting 'Chrome' driver

2024-02-03 22:57:13 - [MESSAGE][INFO] - User set preference: ['acceptInsecureCerts', 'true']

2024-02-03 22:57:13 - [MESSAGE][INFO] - Action delay is set to 0 milliseconds

2024-02-03 22:57:15 - [MESSAGE][PASSED] - Browser is opened with url: ''

2024-02-03 22:57:15 - [TEST_STEP][PASSED] - maximizeWindow(): Current window maximized

2024-02-03 22:57:15 - [MESSAGE][PASSED] - Current window maximized

2024-02-03 22:57:15 - [TEST_STEP][PASSED] - navigateToUrl(RADurl): Navigate to 'https://qa2.velocitypayment.com/client/rad/index.html' successfully

2024-02-03 22:57:17 - [MESSAGE][PASSED] - Navigate to 'https://qa2.velocitypayment.com/client/rad/index.html' successfully

2024-02-03 22:57:17 - [TEST_STEP][PASSED] - orPath_Landing = "Object Repository/RAD_Pages/Landing_Page": null

2024-02-03 22:57:17 - [TEST_STEP][PASSED] - orPath_TaxTypeFilingYear = "Object Repository/RAD_Pages/TaxTypeFilingYear_Page": null

2024-02-03 22:57:17 - [TEST_STEP][PASSED] - orPath_TaxPayer = "Object Repository/RAD_Pages/Taxpayer_Page": null

2024-02-03 22:57:17 - [TEST_STEP][PASSED] - orPath_AddressContact = "Object Repository/RAD_Pages/AddressAndContactInfo_Page": null

2024-02-03 22:57:17 - [TEST_STEP][PASSED] - orPath_FilingStatus = "Object Repository/RAD_Pages/FilingStatus_Page": null

2024-02-03 22:57:17 - [TEST_STEP][PASSED] - orPath_Amount = "Object Repository/RAD_Pages/PaymentAmount_Page": null

2024-02-03 22:57:17 - [TEST_STEP][PASSED] - orPath_TaxInfo = "Object Repository/RAD_Pages/TaxInfo_Page": null

2024-02-03 22:57:17 - [TEST_STEP][PASSED] - orPath_Withholding = "Object Repository/RAD_Pages/Withholding_Page": null

2024-02-03 22:57:17 - [TEST_STEP][PASSED] - orPath_Summary = "Object Repository/RAD_Pages/Summary_Page": null

2024-02-03 22:57:17 - [TEST_STEP][PASSED] - orPath_PaymentReady = "Object Repository/RAD_Pages/PaymentReady_Page": null

2024-02-03 22:57:17 - [TEST_STEP][PASSED] - orPath_PaymentEntry = "Object Repository/RAD_Pages/PaymentEntry_Page": null

2024-02-03 22:57:17 - [TEST_STEP][PASSED] - orPath_PaymentConfirmation = "Object Repository/RAD_Pages/PaymentConfirmation_Page": null

2024-02-03 22:57:17 - [TEST_STEP][PASSED] - orPath_ServiceFeesAccept = "Object Repository/RAD_Pages/ServiceFeeAccept_Page": null

2024-02-03 22:57:17 - [TEST_STEP][PASSED] - selectOptionByLabel(findTestObject(orPath_Landing + "/dd_TaxType"), Paymenttype, false): All options with label 'Quarterly Estimated Tax' are selected in object 'Object Repository/RAD_Pages/Landing_Page/dd_TaxType' 

2024-02-03 22:57:17 - [MESSAGE][PASSED] - All options with label 'Quarterly Estimated Tax' are selected in object 'Object Repository/RAD_Pages/Landing_Page/dd_TaxType' 

2024-02-03 22:57:17 - [TEST_STEP][PASSED] - delay(1): Delayed 1 second(s)

2024-02-03 22:57:18 - [MESSAGE][PASSED] - Delayed 1 second(s)

2024-02-03 22:57:18 - [TEST_STEP][PASSED] - switch (Paymenttype): null

2024-02-03 22:57:18 - [TEST_STEP][PASSED] - case "Quarterly Estimated Tax":: null

2024-02-03 22:57:18 - [TEST_STEP][PASSED] - selectOptionByLabel(findTestObject(orPath_TaxTypeFilingYear + "/select_PaymentType"), Taxtype, false): All options with label 'Corporate Income Tax' are selected in object 'Object Repository/RAD_Pages/TaxTypeFilingYear_Page/select_PaymentType' 

2024-02-03 22:57:19 - [MESSAGE][PASSED] - All options with label 'Corporate Income Tax' are selected in object 'Object Repository/RAD_Pages/TaxTypeFilingYear_Page/select_PaymentType' 

2024-02-03 22:57:19 - [TEST_STEP][PASSED] - break: null

2024-02-03 22:57:19 - [TEST_STEP][PASSED] - delay(1): Delayed 1 second(s)

2024-02-03 22:57:20 - [MESSAGE][PASSED] - Delayed 1 second(s)

2024-02-03 22:57:20 - [TEST_STEP][PASSED] - switch (Paymenttype): null

2024-02-03 22:57:20 - [TEST_STEP][PASSED] - case "Quarterly Estimated Tax":: null

2024-02-03 22:57:20 - [TEST_STEP][PASSED] - setEncryptedText(findTestObject(orPath_TaxInfo + "/input_FederalEIN"), "RigbBhfdqOBDK95asqKeHw=="): Text ****** has been set on object 'Object Repository/RAD_Pages/TaxInfo_Page/input_FederalEIN'

2024-02-03 22:57:21 - [MESSAGE][PASSED] - Text ****** has been set on object 'Object Repository/RAD_Pages/TaxInfo_Page/input_FederalEIN'

2024-02-03 22:57:21 - [TEST_STEP][PASSED] - setEncryptedText(findTestObject(orPath_TaxInfo + "/input_FederalEIN_ReEnter"), ""): Text ****** has been set on object 'Object Repository/RAD_Pages/TaxInfo_Page/input_FederalEIN_ReEnter'

2024-02-03 22:57:21 - [MESSAGE][PASSED] - Text ****** has been set on object 'Object Repository/RAD_Pages/TaxInfo_Page/input_FederalEIN_ReEnter'

2024-02-03 22:57:21 - [TEST_STEP][PASSED] - break: null

2024-02-03 22:57:21 - [TEST_STEP][PASSED] - verifyTextPresent("Please enter a valid FEIN with 9 digits.", true): Text 'Please enter a valid FEIN with 9 digits.' is present on page  using regular expression

2024-02-03 22:57:22 - [MESSAGE][PASSED] - Text 'Please enter a valid FEIN with 9 digits.' is present on page  using regular expression

2024-02-03 22:57:22 - [TEST_STEP][PASSED] - if (verifyTextPresent("Please enter a valid FEIN with 9 digits.", true)): null

2024-02-03 22:57:22 - [MESSAGE][PASSED] - Text 'Please enter a valid FEIN with 9 digits.' is present on page  using regular expression

2024-02-03 22:57:22 - [TEST_STEP][PASSED] - println("Error Message is present on the page"): null

2024-02-03 22:57:22 - [TEST_STEP][PASSED] - out.println("Pass Record Number: " + row): null

2024-02-03 22:57:22 - [TEST_STEP][PASSED] - resText = "Pass": null

2024-02-03 22:57:22 - [TEST_STEP][PASSED] - pages.WriteExcel.demoKey(resText, datText, resColumn, datCloumn, fileLoc, nameSheet, row): pages.WriteExcel.demoKey is PASSED

2024-02-03 22:57:22 - [MESSAGE][PASSED] - pages.WriteExcel.demoKey is PASSED

2024-02-03 22:57:22 - [TEST_STEP][PASSED] - ExecuteTC = findTestData(dataFile).getValue("Execute", row): null

2024-02-03 22:57:22 - [TEST_STEP][PASSED] - Taxtype = findTestData(dataFile).getValue("TaxType", row): null

2024-02-03 22:57:22 - [TEST_STEP][PASSED] - Paymenttype = findTestData(dataFile).getValue("PaymentType", row): null

2024-02-03 22:57:22 - [TEST_STEP][PASSED] - out.println("Value of Execute is : " + ExecuteTC): null

2024-02-03 22:57:22 - [TEST_STEP][PASSED] - if (ExecuteTC.equalsIgnoreCase("Y")): null

2024-02-03 22:57:22 - [TEST_STEP][PASSED] - out.println("Begin Record Number: " + row): null

2024-02-03 22:57:22 - [TEST_STEP][PASSED] - today = new java.util.Date(): null

2024-02-03 22:57:22 - [TEST_STEP][PASSED] - println(today): null

2024-02-03 22:57:22 - [TEST_STEP][PASSED] - datText = today: null

2024-02-03 22:57:22 - [TEST_STEP][PASSED] - Taxtype = findTestData(dataFile).getValue("TaxType", row): null

2024-02-03 22:57:22 - [TEST_STEP][PASSED] - out.println("Taxtype value is : " + Taxtype): null

2024-02-03 22:57:22 - [TEST_STEP][PASSED] - openBrowser(""): Browser is opened with url: ''

2024-02-03 22:57:22 - [MESSAGE][WARNING] - A browser is already opened. Closing browser and opening a new one

2024-02-03 22:57:23 - [MESSAGE][INFO] - Starting 'Chrome' driver

2024-02-03 22:57:23 - [MESSAGE][INFO] - User set preference: ['acceptInsecureCerts', 'true']

2024-02-03 22:57:23 - [MESSAGE][INFO] - Action delay is set to 0 milliseconds

2024-02-03 22:57:25 - [MESSAGE][PASSED] - Browser is opened with url: ''

2024-02-03 22:57:25 - [TEST_STEP][PASSED] - maximizeWindow(): Current window maximized

2024-02-03 22:57:25 - [MESSAGE][PASSED] - Current window maximized

2024-02-03 22:57:25 - [TEST_STEP][PASSED] - navigateToUrl(RADurl): Navigate to 'https://qa2.velocitypayment.com/client/rad/index.html' successfully

2024-02-03 22:57:27 - [MESSAGE][PASSED] - Navigate to 'https://qa2.velocitypayment.com/client/rad/index.html' successfully

2024-02-03 22:57:27 - [TEST_STEP][PASSED] - orPath_Landing = "Object Repository/RAD_Pages/Landing_Page": null

2024-02-03 22:57:27 - [TEST_STEP][PASSED] - orPath_TaxTypeFilingYear = "Object Repository/RAD_Pages/TaxTypeFilingYear_Page": null

2024-02-03 22:57:27 - [TEST_STEP][PASSED] - orPath_TaxPayer = "Object Repository/RAD_Pages/Taxpayer_Page": null

2024-02-03 22:57:27 - [TEST_STEP][PASSED] - orPath_AddressContact = "Object Repository/RAD_Pages/AddressAndContactInfo_Page": null

2024-02-03 22:57:27 - [TEST_STEP][PASSED] - orPath_FilingStatus = "Object Repository/RAD_Pages/FilingStatus_Page": null

2024-02-03 22:57:27 - [TEST_STEP][PASSED] - orPath_Amount = "Object Repository/RAD_Pages/PaymentAmount_Page": null

2024-02-03 22:57:27 - [TEST_STEP][PASSED] - orPath_TaxInfo = "Object Repository/RAD_Pages/TaxInfo_Page": null

2024-02-03 22:57:27 - [TEST_STEP][PASSED] - orPath_Withholding = "Object Repository/RAD_Pages/Withholding_Page": null

2024-02-03 22:57:27 - [TEST_STEP][PASSED] - orPath_Summary = "Object Repository/RAD_Pages/Summary_Page": null

2024-02-03 22:57:27 - [TEST_STEP][PASSED] - orPath_PaymentReady = "Object Repository/RAD_Pages/PaymentReady_Page": null

2024-02-03 22:57:27 - [TEST_STEP][PASSED] - orPath_PaymentEntry = "Object Repository/RAD_Pages/PaymentEntry_Page": null

2024-02-03 22:57:27 - [TEST_STEP][PASSED] - orPath_PaymentConfirmation = "Object Repository/RAD_Pages/PaymentConfirmation_Page": null

2024-02-03 22:57:27 - [TEST_STEP][PASSED] - orPath_ServiceFeesAccept = "Object Repository/RAD_Pages/ServiceFeeAccept_Page": null

2024-02-03 22:57:27 - [TEST_STEP][PASSED] - selectOptionByLabel(findTestObject(orPath_Landing + "/dd_TaxType"), Paymenttype, false): All options with label 'Quarterly Estimated Tax' are selected in object 'Object Repository/RAD_Pages/Landing_Page/dd_TaxType' 

2024-02-03 22:57:28 - [MESSAGE][PASSED] - All options with label 'Quarterly Estimated Tax' are selected in object 'Object Repository/RAD_Pages/Landing_Page/dd_TaxType' 

2024-02-03 22:57:28 - [TEST_STEP][PASSED] - delay(1): Delayed 1 second(s)

2024-02-03 22:57:29 - [MESSAGE][PASSED] - Delayed 1 second(s)

2024-02-03 22:57:29 - [TEST_STEP][PASSED] - switch (Paymenttype): null

2024-02-03 22:57:29 - [TEST_STEP][PASSED] - case "Quarterly Estimated Tax":: null

2024-02-03 22:57:29 - [TEST_STEP][PASSED] - selectOptionByLabel(findTestObject(orPath_TaxTypeFilingYear + "/select_PaymentType"), Taxtype, false): All options with label 'Fiduciary Tax' are selected in object 'Object Repository/RAD_Pages/TaxTypeFilingYear_Page/select_PaymentType' 

2024-02-03 22:57:29 - [MESSAGE][PASSED] - All options with label 'Fiduciary Tax' are selected in object 'Object Repository/RAD_Pages/TaxTypeFilingYear_Page/select_PaymentType' 

2024-02-03 22:57:29 - [TEST_STEP][PASSED] - break: null

2024-02-03 22:57:29 - [TEST_STEP][PASSED] - delay(1): Delayed 1 second(s)

2024-02-03 22:57:30 - [MESSAGE][PASSED] - Delayed 1 second(s)

2024-02-03 22:57:30 - [TEST_STEP][PASSED] - switch (Paymenttype): null

2024-02-03 22:57:30 - [TEST_STEP][PASSED] - case "Quarterly Estimated Tax":: null

2024-02-03 22:57:30 - [TEST_STEP][PASSED] - setEncryptedText(findTestObject(orPath_TaxInfo + "/input_FederalEIN"), "RigbBhfdqOBDK95asqKeHw=="): Text ****** has been set on object 'Object Repository/RAD_Pages/TaxInfo_Page/input_FederalEIN'

2024-02-03 22:57:31 - [MESSAGE][PASSED] - Text ****** has been set on object 'Object Repository/RAD_Pages/TaxInfo_Page/input_FederalEIN'

2024-02-03 22:57:31 - [TEST_STEP][PASSED] - setEncryptedText(findTestObject(orPath_TaxInfo + "/input_FederalEIN_ReEnter"), ""): Text ****** has been set on object 'Object Repository/RAD_Pages/TaxInfo_Page/input_FederalEIN_ReEnter'

2024-02-03 22:57:31 - [MESSAGE][PASSED] - Text ****** has been set on object 'Object Repository/RAD_Pages/TaxInfo_Page/input_FederalEIN_ReEnter'

2024-02-03 22:57:31 - [TEST_STEP][PASSED] - break: null

2024-02-03 22:57:31 - [TEST_STEP][PASSED] - verifyTextPresent("Please enter a valid FEIN with 9 digits.", true): Text 'Please enter a valid FEIN with 9 digits.' is present on page  using regular expression

2024-02-03 22:57:32 - [MESSAGE][PASSED] - Text 'Please enter a valid FEIN with 9 digits.' is present on page  using regular expression

2024-02-03 22:57:32 - [TEST_STEP][PASSED] - if (verifyTextPresent("Please enter a valid FEIN with 9 digits.", true)): null

2024-02-03 22:57:32 - [MESSAGE][PASSED] - Text 'Please enter a valid FEIN with 9 digits.' is present on page  using regular expression

2024-02-03 22:57:32 - [TEST_STEP][PASSED] - println("Error Message is present on the page"): null

2024-02-03 22:57:32 - [TEST_STEP][PASSED] - out.println("Pass Record Number: " + row): null

2024-02-03 22:57:32 - [TEST_STEP][PASSED] - resText = "Pass": null

2024-02-03 22:57:32 - [TEST_STEP][PASSED] - pages.WriteExcel.demoKey(resText, datText, resColumn, datCloumn, fileLoc, nameSheet, row): pages.WriteExcel.demoKey is PASSED

2024-02-03 22:57:32 - [MESSAGE][PASSED] - pages.WriteExcel.demoKey is PASSED

2024-02-03 22:57:32 - [TEST_STEP][PASSED] - ExecuteTC = findTestData(dataFile).getValue("Execute", row): null

2024-02-03 22:57:32 - [TEST_STEP][PASSED] - Taxtype = findTestData(dataFile).getValue("TaxType", row): null

2024-02-03 22:57:32 - [TEST_STEP][PASSED] - Paymenttype = findTestData(dataFile).getValue("PaymentType", row): null

2024-02-03 22:57:33 - [TEST_STEP][PASSED] - out.println("Value of Execute is : " + ExecuteTC): null

2024-02-03 22:57:33 - [TEST_STEP][PASSED] - if (ExecuteTC.equalsIgnoreCase("Y")): null

2024-02-03 22:57:33 - [TEST_STEP][PASSED] - ExecuteTC = findTestData(dataFile).getValue("Execute", row): null

2024-02-03 22:57:33 - [TEST_STEP][PASSED] - Taxtype = findTestData(dataFile).getValue("TaxType", row): null

2024-02-03 22:57:33 - [TEST_STEP][PASSED] - Paymenttype = findTestData(dataFile).getValue("PaymentType", row): null

2024-02-03 22:57:33 - [TEST_STEP][PASSED] - out.println("Value of Execute is : " + ExecuteTC): null

2024-02-03 22:57:33 - [TEST_STEP][PASSED] - if (ExecuteTC.equalsIgnoreCase("Y")): null

2024-02-03 22:57:33 - [TEST_STEP][PASSED] - ExecuteTC = findTestData(dataFile).getValue("Execute", row): null

2024-02-03 22:57:33 - [TEST_STEP][PASSED] - Taxtype = findTestData(dataFile).getValue("TaxType", row): null

2024-02-03 22:57:33 - [TEST_STEP][PASSED] - Paymenttype = findTestData(dataFile).getValue("PaymentType", row): null

2024-02-03 22:57:33 - [TEST_STEP][PASSED] - out.println("Value of Execute is : " + ExecuteTC): null

2024-02-03 22:57:33 - [TEST_STEP][PASSED] - if (ExecuteTC.equalsIgnoreCase("Y")): null

2024-02-03 22:57:33 - [TEST_STEP][PASSED] - out.println("Begin Record Number: " + row): null

2024-02-03 22:57:33 - [TEST_STEP][PASSED] - today = new java.util.Date(): null

2024-02-03 22:57:33 - [TEST_STEP][PASSED] - println(today): null

2024-02-03 22:57:33 - [TEST_STEP][PASSED] - datText = today: null

2024-02-03 22:57:33 - [TEST_STEP][PASSED] - Taxtype = findTestData(dataFile).getValue("TaxType", row): null

2024-02-03 22:57:33 - [TEST_STEP][PASSED] - out.println("Taxtype value is : " + Taxtype): null

2024-02-03 22:57:33 - [TEST_STEP][PASSED] - openBrowser(""): Browser is opened with url: ''

2024-02-03 22:57:33 - [MESSAGE][WARNING] - A browser is already opened. Closing browser and opening a new one

2024-02-03 22:57:34 - [MESSAGE][INFO] - Starting 'Chrome' driver

2024-02-03 22:57:34 - [MESSAGE][INFO] - User set preference: ['acceptInsecureCerts', 'true']

2024-02-03 22:57:34 - [MESSAGE][INFO] - Action delay is set to 0 milliseconds

2024-02-03 22:57:36 - [MESSAGE][PASSED] - Browser is opened with url: ''

2024-02-03 22:57:36 - [TEST_STEP][PASSED] - maximizeWindow(): Current window maximized

2024-02-03 22:57:36 - [MESSAGE][PASSED] - Current window maximized

2024-02-03 22:57:36 - [TEST_STEP][PASSED] - navigateToUrl(RADurl): Navigate to 'https://qa2.velocitypayment.com/client/rad/index.html' successfully

2024-02-03 22:57:37 - [MESSAGE][PASSED] - Navigate to 'https://qa2.velocitypayment.com/client/rad/index.html' successfully

2024-02-03 22:57:37 - [TEST_STEP][PASSED] - orPath_Landing = "Object Repository/RAD_Pages/Landing_Page": null

2024-02-03 22:57:37 - [TEST_STEP][PASSED] - orPath_TaxTypeFilingYear = "Object Repository/RAD_Pages/TaxTypeFilingYear_Page": null

2024-02-03 22:57:37 - [TEST_STEP][PASSED] - orPath_TaxPayer = "Object Repository/RAD_Pages/Taxpayer_Page": null

2024-02-03 22:57:37 - [TEST_STEP][PASSED] - orPath_AddressContact = "Object Repository/RAD_Pages/AddressAndContactInfo_Page": null

2024-02-03 22:57:37 - [TEST_STEP][PASSED] - orPath_FilingStatus = "Object Repository/RAD_Pages/FilingStatus_Page": null

2024-02-03 22:57:37 - [TEST_STEP][PASSED] - orPath_Amount = "Object Repository/RAD_Pages/PaymentAmount_Page": null

2024-02-03 22:57:37 - [TEST_STEP][PASSED] - orPath_TaxInfo = "Object Repository/RAD_Pages/TaxInfo_Page": null

2024-02-03 22:57:37 - [TEST_STEP][PASSED] - orPath_Withholding = "Object Repository/RAD_Pages/Withholding_Page": null

2024-02-03 22:57:37 - [TEST_STEP][PASSED] - orPath_Summary = "Object Repository/RAD_Pages/Summary_Page": null

2024-02-03 22:57:37 - [TEST_STEP][PASSED] - orPath_PaymentReady = "Object Repository/RAD_Pages/PaymentReady_Page": null

2024-02-03 22:57:37 - [TEST_STEP][PASSED] - orPath_PaymentEntry = "Object Repository/RAD_Pages/PaymentEntry_Page": null

2024-02-03 22:57:37 - [TEST_STEP][PASSED] - orPath_PaymentConfirmation = "Object Repository/RAD_Pages/PaymentConfirmation_Page": null

2024-02-03 22:57:37 - [TEST_STEP][PASSED] - orPath_ServiceFeesAccept = "Object Repository/RAD_Pages/ServiceFeeAccept_Page": null

2024-02-03 22:57:37 - [TEST_STEP][PASSED] - selectOptionByLabel(findTestObject(orPath_Landing + "/dd_TaxType"), Paymenttype, false): All options with label 'New Tax Return Amount Due' are selected in object 'Object Repository/RAD_Pages/Landing_Page/dd_TaxType' 

2024-02-03 22:57:38 - [MESSAGE][PASSED] - All options with label 'New Tax Return Amount Due' are selected in object 'Object Repository/RAD_Pages/Landing_Page/dd_TaxType' 

2024-02-03 22:57:38 - [TEST_STEP][PASSED] - delay(1): Delayed 1 second(s)

2024-02-03 22:57:39 - [MESSAGE][PASSED] - Delayed 1 second(s)

2024-02-03 22:57:39 - [TEST_STEP][PASSED] - switch (Paymenttype): null

2024-02-03 22:57:39 - [TEST_STEP][PASSED] - case "New Tax Return Amount Due":: null

2024-02-03 22:57:39 - [TEST_STEP][PASSED] - selectOptionByLabel(findTestObject("Object Repository/RAD_Pages/Landing_Page/select_NewTaxReturnAmountDue_TaxType"), Taxtype, false): All options with label 'Fiduciary Tax' are selected in object 'Object Repository/RAD_Pages/Landing_Page/select_NewTaxReturnAmountDue_TaxType' 

2024-02-03 22:57:40 - [MESSAGE][PASSED] - All options with label 'Fiduciary Tax' are selected in object 'Object Repository/RAD_Pages/Landing_Page/select_NewTaxReturnAmountDue_TaxType' 

2024-02-03 22:57:40 - [TEST_STEP][PASSED] - break: null

2024-02-03 22:57:40 - [TEST_STEP][PASSED] - delay(1): Delayed 1 second(s)

2024-02-03 22:57:41 - [MESSAGE][PASSED] - Delayed 1 second(s)

2024-02-03 22:57:41 - [TEST_STEP][PASSED] - switch (Paymenttype): null

2024-02-03 22:57:41 - [TEST_STEP][PASSED] - case "New Tax Return Amount Due":: null

2024-02-03 22:57:41 - [TEST_STEP][PASSED] - setEncryptedText(findTestObject(orPath_TaxInfo + "/input_FederalEIN-2"), "RigbBhfdqOBDK95asqKeHw=="): Text ****** has been set on object 'Object Repository/RAD_Pages/TaxInfo_Page/input_FederalEIN-2'

2024-02-03 22:57:41 - [MESSAGE][PASSED] - Text ****** has been set on object 'Object Repository/RAD_Pages/TaxInfo_Page/input_FederalEIN-2'

2024-02-03 22:57:41 - [TEST_STEP][PASSED] - setEncryptedText(findTestObject(orPath_TaxInfo + "/input_FederalEIN_ReEnter-2"), ""): Text ****** has been set on object 'Object Repository/RAD_Pages/TaxInfo_Page/input_FederalEIN_ReEnter-2'

2024-02-03 22:57:42 - [MESSAGE][PASSED] - Text ****** has been set on object 'Object Repository/RAD_Pages/TaxInfo_Page/input_FederalEIN_ReEnter-2'

2024-02-03 22:57:42 - [TEST_STEP][PASSED] - break: null

2024-02-03 22:57:42 - [TEST_STEP][PASSED] - verifyTextPresent("Please enter a valid FEIN with 9 digits.", true): Text 'Please enter a valid FEIN with 9 digits.' is present on page  using regular expression

2024-02-03 22:57:42 - [MESSAGE][PASSED] - Text 'Please enter a valid FEIN with 9 digits.' is present on page  using regular expression

2024-02-03 22:57:42 - [TEST_STEP][PASSED] - if (verifyTextPresent("Please enter a valid FEIN with 9 digits.", true)): null

2024-02-03 22:57:43 - [MESSAGE][PASSED] - Text 'Please enter a valid FEIN with 9 digits.' is present on page  using regular expression

2024-02-03 22:57:43 - [TEST_STEP][PASSED] - println("Error Message is present on the page"): null

2024-02-03 22:57:43 - [TEST_STEP][PASSED] - out.println("Pass Record Number: " + row): null

2024-02-03 22:57:43 - [TEST_STEP][PASSED] - resText = "Pass": null

2024-02-03 22:57:43 - [TEST_STEP][PASSED] - pages.WriteExcel.demoKey(resText, datText, resColumn, datCloumn, fileLoc, nameSheet, row): pages.WriteExcel.demoKey is PASSED

2024-02-03 22:57:43 - [MESSAGE][PASSED] - pages.WriteExcel.demoKey is PASSED

2024-02-03 22:57:43 - [TEST_STEP][PASSED] - ExecuteTC = findTestData(dataFile).getValue("Execute", row): null

2024-02-03 22:57:43 - [TEST_STEP][PASSED] - Taxtype = findTestData(dataFile).getValue("TaxType", row): null

2024-02-03 22:57:43 - [TEST_STEP][PASSED] - Paymenttype = findTestData(dataFile).getValue("PaymentType", row): null

2024-02-03 22:57:43 - [TEST_STEP][PASSED] - out.println("Value of Execute is : " + ExecuteTC): null

2024-02-03 22:57:43 - [TEST_STEP][PASSED] - if (ExecuteTC.equalsIgnoreCase("Y")): null

2024-02-03 22:57:43 - [TEST_STEP][PASSED] - out.println("Begin Record Number: " + row): null

2024-02-03 22:57:43 - [TEST_STEP][PASSED] - today = new java.util.Date(): null

2024-02-03 22:57:43 - [TEST_STEP][PASSED] - println(today): null

2024-02-03 22:57:43 - [TEST_STEP][PASSED] - datText = today: null

2024-02-03 22:57:43 - [TEST_STEP][PASSED] - Taxtype = findTestData(dataFile).getValue("TaxType", row): null

2024-02-03 22:57:43 - [TEST_STEP][PASSED] - out.println("Taxtype value is : " + Taxtype): null

2024-02-03 22:57:43 - [TEST_STEP][PASSED] - openBrowser(""): Browser is opened with url: ''

2024-02-03 22:57:43 - [MESSAGE][WARNING] - A browser is already opened. Closing browser and opening a new one

2024-02-03 22:57:44 - [MESSAGE][INFO] - Starting 'Chrome' driver

2024-02-03 22:57:44 - [MESSAGE][INFO] - User set preference: ['acceptInsecureCerts', 'true']

2024-02-03 22:57:44 - [MESSAGE][INFO] - Action delay is set to 0 milliseconds

2024-02-03 22:57:46 - [MESSAGE][PASSED] - Browser is opened with url: ''

2024-02-03 22:57:46 - [TEST_STEP][PASSED] - maximizeWindow(): Current window maximized

2024-02-03 22:57:46 - [MESSAGE][PASSED] - Current window maximized

2024-02-03 22:57:46 - [TEST_STEP][PASSED] - navigateToUrl(RADurl): Navigate to 'https://qa2.velocitypayment.com/client/rad/index.html' successfully

2024-02-03 22:57:48 - [MESSAGE][PASSED] - Navigate to 'https://qa2.velocitypayment.com/client/rad/index.html' successfully

2024-02-03 22:57:48 - [TEST_STEP][PASSED] - orPath_Landing = "Object Repository/RAD_Pages/Landing_Page": null

2024-02-03 22:57:48 - [TEST_STEP][PASSED] - orPath_TaxTypeFilingYear = "Object Repository/RAD_Pages/TaxTypeFilingYear_Page": null

2024-02-03 22:57:48 - [TEST_STEP][PASSED] - orPath_TaxPayer = "Object Repository/RAD_Pages/Taxpayer_Page": null

2024-02-03 22:57:48 - [TEST_STEP][PASSED] - orPath_AddressContact = "Object Repository/RAD_Pages/AddressAndContactInfo_Page": null

2024-02-03 22:57:48 - [TEST_STEP][PASSED] - orPath_FilingStatus = "Object Repository/RAD_Pages/FilingStatus_Page": null

2024-02-03 22:57:48 - [TEST_STEP][PASSED] - orPath_Amount = "Object Repository/RAD_Pages/PaymentAmount_Page": null

2024-02-03 22:57:48 - [TEST_STEP][PASSED] - orPath_TaxInfo = "Object Repository/RAD_Pages/TaxInfo_Page": null

2024-02-03 22:57:48 - [TEST_STEP][PASSED] - orPath_Withholding = "Object Repository/RAD_Pages/Withholding_Page": null

2024-02-03 22:57:48 - [TEST_STEP][PASSED] - orPath_Summary = "Object Repository/RAD_Pages/Summary_Page": null

2024-02-03 22:57:48 - [TEST_STEP][PASSED] - orPath_PaymentReady = "Object Repository/RAD_Pages/PaymentReady_Page": null

2024-02-03 22:57:48 - [TEST_STEP][PASSED] - orPath_PaymentEntry = "Object Repository/RAD_Pages/PaymentEntry_Page": null

2024-02-03 22:57:48 - [TEST_STEP][PASSED] - orPath_PaymentConfirmation = "Object Repository/RAD_Pages/PaymentConfirmation_Page": null

2024-02-03 22:57:48 - [TEST_STEP][PASSED] - orPath_ServiceFeesAccept = "Object Repository/RAD_Pages/ServiceFeeAccept_Page": null

2024-02-03 22:57:48 - [TEST_STEP][PASSED] - selectOptionByLabel(findTestObject(orPath_Landing + "/dd_TaxType"), Paymenttype, false): All options with label 'Existing Liability w/Notice Number' are selected in object 'Object Repository/RAD_Pages/Landing_Page/dd_TaxType' 

2024-02-03 22:57:48 - [MESSAGE][PASSED] - All options with label 'Existing Liability w/Notice Number' are selected in object 'Object Repository/RAD_Pages/Landing_Page/dd_TaxType' 

2024-02-03 22:57:48 - [TEST_STEP][PASSED] - delay(1): Delayed 1 second(s)

2024-02-03 22:57:49 - [MESSAGE][PASSED] - Delayed 1 second(s)

2024-02-03 22:57:49 - [TEST_STEP][PASSED] - switch (Paymenttype): null

2024-02-03 22:57:49 - [TEST_STEP][PASSED] - case "Existing Liability w/Notice Number":: null

2024-02-03 22:57:49 - [TEST_STEP][PASSED] - selectOptionByLabel(findTestObject(orPath_TaxTypeFilingYear + "/select_TaxType_ExistingLiability"), Taxtype, false): All options with label 'Admissions and Amusement Tax' are selected in object 'Object Repository/RAD_Pages/TaxTypeFilingYear_Page/select_TaxType_ExistingLiability' 

2024-02-03 22:57:50 - [MESSAGE][PASSED] - All options with label 'Admissions and Amusement Tax' are selected in object 'Object Repository/RAD_Pages/TaxTypeFilingYear_Page/select_TaxType_ExistingLiability' 

2024-02-03 22:57:50 - [TEST_STEP][PASSED] - break: null

2024-02-03 22:57:50 - [TEST_STEP][PASSED] - delay(1): Delayed 1 second(s)

2024-02-03 22:57:51 - [MESSAGE][PASSED] - Delayed 1 second(s)

2024-02-03 22:57:51 - [TEST_STEP][PASSED] - switch (Paymenttype): null

2024-02-03 22:57:51 - [TEST_STEP][PASSED] - case "Existing Liability w/Notice Number":: null

2024-02-03 22:57:51 - [TEST_STEP][PASSED] - setEncryptedText(findTestObject("Object Repository/RAD_RecordAndPlay/input_Existing_FEIN"), "RigbBhfdqOBDK95asqKeHw=="): Text ****** has been set on object 'Object Repository/RAD_RecordAndPlay/input_Existing_FEIN'

2024-02-03 22:57:51 - [MESSAGE][PASSED] - Text ****** has been set on object 'Object Repository/RAD_RecordAndPlay/input_Existing_FEIN'

2024-02-03 22:57:52 - [TEST_STEP][PASSED] - setEncryptedText(findTestObject("Object Repository/RAD_RecordAndPlay/input_Existing_RetypeFEIN"), ""): Text ****** has been set on object 'Object Repository/RAD_RecordAndPlay/input_Existing_RetypeFEIN'

2024-02-03 22:57:52 - [MESSAGE][PASSED] - Text ****** has been set on object 'Object Repository/RAD_RecordAndPlay/input_Existing_RetypeFEIN'

2024-02-03 22:57:52 - [TEST_STEP][PASSED] - break: null

2024-02-03 22:57:52 - [TEST_STEP][PASSED] - verifyTextPresent("Please enter a valid FEIN with 9 digits.", true): Text 'Please enter a valid FEIN with 9 digits.' is present on page  using regular expression

2024-02-03 22:57:53 - [MESSAGE][PASSED] - Text 'Please enter a valid FEIN with 9 digits.' is present on page  using regular expression

2024-02-03 22:57:53 - [TEST_STEP][PASSED] - if (verifyTextPresent("Please enter a valid FEIN with 9 digits.", true)): null

2024-02-03 22:57:53 - [MESSAGE][PASSED] - Text 'Please enter a valid FEIN with 9 digits.' is present on page  using regular expression

2024-02-03 22:57:53 - [TEST_STEP][PASSED] - println("Error Message is present on the page"): null

2024-02-03 22:57:53 - [TEST_STEP][PASSED] - out.println("Pass Record Number: " + row): null

2024-02-03 22:57:53 - [TEST_STEP][PASSED] - resText = "Pass": null

2024-02-03 22:57:53 - [TEST_STEP][PASSED] - pages.WriteExcel.demoKey(resText, datText, resColumn, datCloumn, fileLoc, nameSheet, row): pages.WriteExcel.demoKey is PASSED

2024-02-03 22:57:53 - [MESSAGE][PASSED] - pages.WriteExcel.demoKey is PASSED

2024-02-03 22:57:53 - [TEST_STEP][PASSED] - ExecuteTC = findTestData(dataFile).getValue("Execute", row): null

2024-02-03 22:57:53 - [TEST_STEP][PASSED] - Taxtype = findTestData(dataFile).getValue("TaxType", row): null

2024-02-03 22:57:53 - [TEST_STEP][PASSED] - Paymenttype = findTestData(dataFile).getValue("PaymentType", row): null

2024-02-03 22:57:53 - [TEST_STEP][PASSED] - out.println("Value of Execute is : " + ExecuteTC): null

2024-02-03 22:57:53 - [TEST_STEP][PASSED] - if (ExecuteTC.equalsIgnoreCase("Y")): null

2024-02-03 22:57:53 - [TEST_STEP][PASSED] - out.println("Begin Record Number: " + row): null

2024-02-03 22:57:53 - [TEST_STEP][PASSED] - today = new java.util.Date(): null

2024-02-03 22:57:53 - [TEST_STEP][PASSED] - println(today): null

2024-02-03 22:57:53 - [TEST_STEP][PASSED] - datText = today: null

2024-02-03 22:57:53 - [TEST_STEP][PASSED] - Taxtype = findTestData(dataFile).getValue("TaxType", row): null

2024-02-03 22:57:53 - [TEST_STEP][PASSED] - out.println("Taxtype value is : " + Taxtype): null

2024-02-03 22:57:53 - [TEST_STEP][PASSED] - openBrowser(""): Browser is opened with url: ''

2024-02-03 22:57:53 - [MESSAGE][WARNING] - A browser is already opened. Closing browser and opening a new one

2024-02-03 22:57:54 - [MESSAGE][INFO] - Starting 'Chrome' driver

2024-02-03 22:57:54 - [MESSAGE][INFO] - User set preference: ['acceptInsecureCerts', 'true']

2024-02-03 22:57:54 - [MESSAGE][INFO] - Action delay is set to 0 milliseconds

2024-02-03 22:57:56 - [MESSAGE][PASSED] - Browser is opened with url: ''

2024-02-03 22:57:56 - [TEST_STEP][PASSED] - maximizeWindow(): Current window maximized

2024-02-03 22:57:56 - [MESSAGE][PASSED] - Current window maximized

2024-02-03 22:57:56 - [TEST_STEP][PASSED] - navigateToUrl(RADurl): Navigate to 'https://qa2.velocitypayment.com/client/rad/index.html' successfully

2024-02-03 22:57:58 - [MESSAGE][PASSED] - Navigate to 'https://qa2.velocitypayment.com/client/rad/index.html' successfully

2024-02-03 22:57:58 - [TEST_STEP][PASSED] - orPath_Landing = "Object Repository/RAD_Pages/Landing_Page": null

2024-02-03 22:57:58 - [TEST_STEP][PASSED] - orPath_TaxTypeFilingYear = "Object Repository/RAD_Pages/TaxTypeFilingYear_Page": null

2024-02-03 22:57:58 - [TEST_STEP][PASSED] - orPath_TaxPayer = "Object Repository/RAD_Pages/Taxpayer_Page": null

2024-02-03 22:57:58 - [TEST_STEP][PASSED] - orPath_AddressContact = "Object Repository/RAD_Pages/AddressAndContactInfo_Page": null

2024-02-03 22:57:58 - [TEST_STEP][PASSED] - orPath_FilingStatus = "Object Repository/RAD_Pages/FilingStatus_Page": null

2024-02-03 22:57:58 - [TEST_STEP][PASSED] - orPath_Amount = "Object Repository/RAD_Pages/PaymentAmount_Page": null

2024-02-03 22:57:58 - [TEST_STEP][PASSED] - orPath_TaxInfo = "Object Repository/RAD_Pages/TaxInfo_Page": null

2024-02-03 22:57:58 - [TEST_STEP][PASSED] - orPath_Withholding = "Object Repository/RAD_Pages/Withholding_Page": null

2024-02-03 22:57:58 - [TEST_STEP][PASSED] - orPath_Summary = "Object Repository/RAD_Pages/Summary_Page": null

2024-02-03 22:57:58 - [TEST_STEP][PASSED] - orPath_PaymentReady = "Object Repository/RAD_Pages/PaymentReady_Page": null

2024-02-03 22:57:58 - [TEST_STEP][PASSED] - orPath_PaymentEntry = "Object Repository/RAD_Pages/PaymentEntry_Page": null

2024-02-03 22:57:58 - [TEST_STEP][PASSED] - orPath_PaymentConfirmation = "Object Repository/RAD_Pages/PaymentConfirmation_Page": null

2024-02-03 22:57:58 - [TEST_STEP][PASSED] - orPath_ServiceFeesAccept = "Object Repository/RAD_Pages/ServiceFeeAccept_Page": null

2024-02-03 22:57:58 - [TEST_STEP][PASSED] - selectOptionByLabel(findTestObject(orPath_Landing + "/dd_TaxType"), Paymenttype, false): All options with label 'Existing Liability w/Notice Number' are selected in object 'Object Repository/RAD_Pages/Landing_Page/dd_TaxType' 

2024-02-03 22:57:59 - [MESSAGE][PASSED] - All options with label 'Existing Liability w/Notice Number' are selected in object 'Object Repository/RAD_Pages/Landing_Page/dd_TaxType' 

2024-02-03 22:57:59 - [TEST_STEP][PASSED] - delay(1): Delayed 1 second(s)

2024-02-03 22:58:00 - [MESSAGE][PASSED] - Delayed 1 second(s)

2024-02-03 22:58:00 - [TEST_STEP][PASSED] - switch (Paymenttype): null

2024-02-03 22:58:00 - [TEST_STEP][PASSED] - case "Existing Liability w/Notice Number":: null

2024-02-03 22:58:00 - [TEST_STEP][PASSED] - selectOptionByLabel(findTestObject(orPath_TaxTypeFilingYear + "/select_TaxType_ExistingLiability"), Taxtype, false): All options with label 'Motor Fuel Tax' are selected in object 'Object Repository/RAD_Pages/TaxTypeFilingYear_Page/select_TaxType_ExistingLiability' 

2024-02-03 22:58:00 - [MESSAGE][PASSED] - All options with label 'Motor Fuel Tax' are selected in object 'Object Repository/RAD_Pages/TaxTypeFilingYear_Page/select_TaxType_ExistingLiability' 

2024-02-03 22:58:00 - [TEST_STEP][PASSED] - break: null

2024-02-03 22:58:00 - [TEST_STEP][PASSED] - delay(1): Delayed 1 second(s)

2024-02-03 22:58:01 - [MESSAGE][PASSED] - Delayed 1 second(s)

2024-02-03 22:58:01 - [TEST_STEP][PASSED] - switch (Paymenttype): null

2024-02-03 22:58:01 - [TEST_STEP][PASSED] - case "Existing Liability w/Notice Number":: null

2024-02-03 22:58:01 - [TEST_STEP][PASSED] - setEncryptedText(findTestObject("Object Repository/RAD_RecordAndPlay/input_Existing_FEIN"), "RigbBhfdqOBDK95asqKeHw=="): Text ****** has been set on object 'Object Repository/RAD_RecordAndPlay/input_Existing_FEIN'

2024-02-03 22:58:02 - [MESSAGE][PASSED] - Text ****** has been set on object 'Object Repository/RAD_RecordAndPlay/input_Existing_FEIN'

2024-02-03 22:58:02 - [TEST_STEP][PASSED] - setEncryptedText(findTestObject("Object Repository/RAD_RecordAndPlay/input_Existing_RetypeFEIN"), ""): Text ****** has been set on object 'Object Repository/RAD_RecordAndPlay/input_Existing_RetypeFEIN'

2024-02-03 22:58:02 - [MESSAGE][PASSED] - Text ****** has been set on object 'Object Repository/RAD_RecordAndPlay/input_Existing_RetypeFEIN'

2024-02-03 22:58:02 - [TEST_STEP][PASSED] - break: null

2024-02-03 22:58:02 - [TEST_STEP][PASSED] - verifyTextPresent("Please enter a valid FEIN with 9 digits.", true): Text 'Please enter a valid FEIN with 9 digits.' is present on page  using regular expression

2024-02-03 22:58:03 - [MESSAGE][PASSED] - Text 'Please enter a valid FEIN with 9 digits.' is present on page  using regular expression

2024-02-03 22:58:03 - [TEST_STEP][PASSED] - if (verifyTextPresent("Please enter a valid FEIN with 9 digits.", true)): null

2024-02-03 22:58:03 - [MESSAGE][PASSED] - Text 'Please enter a valid FEIN with 9 digits.' is present on page  using regular expression

2024-02-03 22:58:03 - [TEST_STEP][PASSED] - println("Error Message is present on the page"): null

2024-02-03 22:58:03 - [TEST_STEP][PASSED] - out.println("Pass Record Number: " + row): null

2024-02-03 22:58:03 - [TEST_STEP][PASSED] - resText = "Pass": null

2024-02-03 22:58:03 - [TEST_STEP][PASSED] - pages.WriteExcel.demoKey(resText, datText, resColumn, datCloumn, fileLoc, nameSheet, row): pages.WriteExcel.demoKey is PASSED

2024-02-03 22:58:03 - [MESSAGE][PASSED] - pages.WriteExcel.demoKey is PASSED

2024-02-03 22:58:03 - [TEST_STEP][PASSED] - ExecuteTC = findTestData(dataFile).getValue("Execute", row): null

2024-02-03 22:58:03 - [TEST_STEP][PASSED] - Taxtype = findTestData(dataFile).getValue("TaxType", row): null

2024-02-03 22:58:04 - [TEST_STEP][PASSED] - Paymenttype = findTestData(dataFile).getValue("PaymentType", row): null

2024-02-03 22:58:04 - [TEST_STEP][PASSED] - out.println("Value of Execute is : " + ExecuteTC): null

2024-02-03 22:58:04 - [TEST_STEP][PASSED] - if (ExecuteTC.equalsIgnoreCase("Y")): null

2024-02-03 22:58:04 - [TEST_STEP][PASSED] - out.println("Begin Record Number: " + row): null

2024-02-03 22:58:04 - [TEST_STEP][PASSED] - today = new java.util.Date(): null

2024-02-03 22:58:04 - [TEST_STEP][PASSED] - println(today): null

2024-02-03 22:58:04 - [TEST_STEP][PASSED] - datText = today: null

2024-02-03 22:58:04 - [TEST_STEP][PASSED] - Taxtype = findTestData(dataFile).getValue("TaxType", row): null

2024-02-03 22:58:04 - [TEST_STEP][PASSED] - out.println("Taxtype value is : " + Taxtype): null

2024-02-03 22:58:04 - [TEST_STEP][PASSED] - openBrowser(""): Browser is opened with url: ''

2024-02-03 22:58:04 - [MESSAGE][WARNING] - A browser is already opened. Closing browser and opening a new one

2024-02-03 22:58:05 - [MESSAGE][INFO] - Starting 'Chrome' driver

2024-02-03 22:58:05 - [MESSAGE][INFO] - User set preference: ['acceptInsecureCerts', 'true']

2024-02-03 22:58:05 - [MESSAGE][INFO] - Action delay is set to 0 milliseconds

2024-02-03 22:58:06 - [MESSAGE][PASSED] - Browser is opened with url: ''

2024-02-03 22:58:06 - [TEST_STEP][PASSED] - maximizeWindow(): Current window maximized

2024-02-03 22:58:07 - [MESSAGE][PASSED] - Current window maximized

2024-02-03 22:58:07 - [TEST_STEP][PASSED] - navigateToUrl(RADurl): Navigate to 'https://qa2.velocitypayment.com/client/rad/index.html' successfully

2024-02-03 22:58:08 - [MESSAGE][PASSED] - Navigate to 'https://qa2.velocitypayment.com/client/rad/index.html' successfully

2024-02-03 22:58:08 - [TEST_STEP][PASSED] - orPath_Landing = "Object Repository/RAD_Pages/Landing_Page": null

2024-02-03 22:58:08 - [TEST_STEP][PASSED] - orPath_TaxTypeFilingYear = "Object Repository/RAD_Pages/TaxTypeFilingYear_Page": null

2024-02-03 22:58:08 - [TEST_STEP][PASSED] - orPath_TaxPayer = "Object Repository/RAD_Pages/Taxpayer_Page": null

2024-02-03 22:58:08 - [TEST_STEP][PASSED] - orPath_AddressContact = "Object Repository/RAD_Pages/AddressAndContactInfo_Page": null

2024-02-03 22:58:08 - [TEST_STEP][PASSED] - orPath_FilingStatus = "Object Repository/RAD_Pages/FilingStatus_Page": null

2024-02-03 22:58:08 - [TEST_STEP][PASSED] - orPath_Amount = "Object Repository/RAD_Pages/PaymentAmount_Page": null

2024-02-03 22:58:08 - [TEST_STEP][PASSED] - orPath_TaxInfo = "Object Repository/RAD_Pages/TaxInfo_Page": null

2024-02-03 22:58:08 - [TEST_STEP][PASSED] - orPath_Withholding = "Object Repository/RAD_Pages/Withholding_Page": null

2024-02-03 22:58:08 - [TEST_STEP][PASSED] - orPath_Summary = "Object Repository/RAD_Pages/Summary_Page": null

2024-02-03 22:58:08 - [TEST_STEP][PASSED] - orPath_PaymentReady = "Object Repository/RAD_Pages/PaymentReady_Page": null

2024-02-03 22:58:08 - [TEST_STEP][PASSED] - orPath_PaymentEntry = "Object Repository/RAD_Pages/PaymentEntry_Page": null

2024-02-03 22:58:08 - [TEST_STEP][PASSED] - orPath_PaymentConfirmation = "Object Repository/RAD_Pages/PaymentConfirmation_Page": null

2024-02-03 22:58:08 - [TEST_STEP][PASSED] - orPath_ServiceFeesAccept = "Object Repository/RAD_Pages/ServiceFeeAccept_Page": null

2024-02-03 22:58:08 - [TEST_STEP][PASSED] - selectOptionByLabel(findTestObject(orPath_Landing + "/dd_TaxType"), Paymenttype, false): All options with label 'Existing Liability w/Notice Number' are selected in object 'Object Repository/RAD_Pages/Landing_Page/dd_TaxType' 

2024-02-03 22:58:09 - [MESSAGE][PASSED] - All options with label 'Existing Liability w/Notice Number' are selected in object 'Object Repository/RAD_Pages/Landing_Page/dd_TaxType' 

2024-02-03 22:58:09 - [TEST_STEP][PASSED] - delay(1): Delayed 1 second(s)

2024-02-03 22:58:10 - [MESSAGE][PASSED] - Delayed 1 second(s)

2024-02-03 22:58:10 - [TEST_STEP][PASSED] - switch (Paymenttype): null

2024-02-03 22:58:10 - [TEST_STEP][PASSED] - case "Existing Liability w/Notice Number":: null

2024-02-03 22:58:10 - [TEST_STEP][PASSED] - selectOptionByLabel(findTestObject(orPath_TaxTypeFilingYear + "/select_TaxType_ExistingLiability"), Taxtype, false): All options with label 'Slots License Fee' are selected in object 'Object Repository/RAD_Pages/TaxTypeFilingYear_Page/select_TaxType_ExistingLiability' 

2024-02-03 22:58:11 - [MESSAGE][PASSED] - All options with label 'Slots License Fee' are selected in object 'Object Repository/RAD_Pages/TaxTypeFilingYear_Page/select_TaxType_ExistingLiability' 

2024-02-03 22:58:11 - [TEST_STEP][PASSED] - break: null

2024-02-03 22:58:11 - [TEST_STEP][PASSED] - delay(1): Delayed 1 second(s)

2024-02-03 22:58:12 - [MESSAGE][PASSED] - Delayed 1 second(s)

2024-02-03 22:58:12 - [TEST_STEP][PASSED] - switch (Paymenttype): null

2024-02-03 22:58:12 - [TEST_STEP][PASSED] - case "Existing Liability w/Notice Number":: null

2024-02-03 22:58:12 - [TEST_STEP][PASSED] - setEncryptedText(findTestObject("Object Repository/RAD_RecordAndPlay/input_Existing_FEIN"), "RigbBhfdqOBDK95asqKeHw=="): Text ****** has been set on object 'Object Repository/RAD_RecordAndPlay/input_Existing_FEIN'

2024-02-03 22:58:12 - [MESSAGE][PASSED] - Text ****** has been set on object 'Object Repository/RAD_RecordAndPlay/input_Existing_FEIN'

2024-02-03 22:58:12 - [TEST_STEP][PASSED] - setEncryptedText(findTestObject("Object Repository/RAD_RecordAndPlay/input_Existing_RetypeFEIN"), ""): Text ****** has been set on object 'Object Repository/RAD_RecordAndPlay/input_Existing_RetypeFEIN'

2024-02-03 22:58:13 - [MESSAGE][PASSED] - Text ****** has been set on object 'Object Repository/RAD_RecordAndPlay/input_Existing_RetypeFEIN'

2024-02-03 22:58:13 - [TEST_STEP][PASSED] - break: null

2024-02-03 22:58:13 - [TEST_STEP][PASSED] - verifyTextPresent("Please enter a valid FEIN with 9 digits.", true): Text 'Please enter a valid FEIN with 9 digits.' is present on page  using regular expression

2024-02-03 22:58:13 - [MESSAGE][PASSED] - Text 'Please enter a valid FEIN with 9 digits.' is present on page  using regular expression

2024-02-03 22:58:13 - [TEST_STEP][PASSED] - if (verifyTextPresent("Please enter a valid FEIN with 9 digits.", true)): null

2024-02-03 22:58:14 - [MESSAGE][PASSED] - Text 'Please enter a valid FEIN with 9 digits.' is present on page  using regular expression

2024-02-03 22:58:14 - [TEST_STEP][PASSED] - println("Error Message is present on the page"): null

2024-02-03 22:58:14 - [TEST_STEP][PASSED] - out.println("Pass Record Number: " + row): null

2024-02-03 22:58:14 - [TEST_STEP][PASSED] - resText = "Pass": null

2024-02-03 22:58:14 - [TEST_STEP][PASSED] - pages.WriteExcel.demoKey(resText, datText, resColumn, datCloumn, fileLoc, nameSheet, row): pages.WriteExcel.demoKey is PASSED

2024-02-03 22:58:14 - [MESSAGE][PASSED] - pages.WriteExcel.demoKey is PASSED

2024-02-03 22:58:14 - [TEST_STEP][PASSED] - ExecuteTC = findTestData(dataFile).getValue("Execute", row): null

2024-02-03 22:58:14 - [TEST_STEP][PASSED] - Taxtype = findTestData(dataFile).getValue("TaxType", row): null

2024-02-03 22:58:14 - [TEST_STEP][PASSED] - Paymenttype = findTestData(dataFile).getValue("PaymentType", row): null

2024-02-03 22:58:14 - [TEST_STEP][PASSED] - out.println("Value of Execute is : " + ExecuteTC): null

2024-02-03 22:58:14 - [TEST_STEP][PASSED] - if (ExecuteTC.equalsIgnoreCase("Y")): null

2024-02-03 22:58:14 - [TEST_STEP][PASSED] - out.println("Begin Record Number: " + row): null

2024-02-03 22:58:14 - [TEST_STEP][PASSED] - today = new java.util.Date(): null

2024-02-03 22:58:14 - [TEST_STEP][PASSED] - println(today): null

2024-02-03 22:58:14 - [TEST_STEP][PASSED] - datText = today: null

2024-02-03 22:58:14 - [TEST_STEP][PASSED] - Taxtype = findTestData(dataFile).getValue("TaxType", row): null

2024-02-03 22:58:14 - [TEST_STEP][PASSED] - out.println("Taxtype value is : " + Taxtype): null

2024-02-03 22:58:14 - [TEST_STEP][PASSED] - openBrowser(""): Browser is opened with url: ''

2024-02-03 22:58:14 - [MESSAGE][WARNING] - A browser is already opened. Closing browser and opening a new one

2024-02-03 22:58:15 - [MESSAGE][INFO] - Starting 'Chrome' driver

2024-02-03 22:58:15 - [MESSAGE][INFO] - User set preference: ['acceptInsecureCerts', 'true']

2024-02-03 22:58:15 - [MESSAGE][INFO] - Action delay is set to 0 milliseconds

2024-02-03 22:58:17 - [MESSAGE][PASSED] - Browser is opened with url: ''

2024-02-03 22:58:17 - [TEST_STEP][PASSED] - maximizeWindow(): Current window maximized

2024-02-03 22:58:17 - [MESSAGE][PASSED] - Current window maximized

2024-02-03 22:58:17 - [TEST_STEP][PASSED] - navigateToUrl(RADurl): Navigate to 'https://qa2.velocitypayment.com/client/rad/index.html' successfully

2024-02-03 22:58:19 - [MESSAGE][PASSED] - Navigate to 'https://qa2.velocitypayment.com/client/rad/index.html' successfully

2024-02-03 22:58:19 - [TEST_STEP][PASSED] - orPath_Landing = "Object Repository/RAD_Pages/Landing_Page": null

2024-02-03 22:58:19 - [TEST_STEP][PASSED] - orPath_TaxTypeFilingYear = "Object Repository/RAD_Pages/TaxTypeFilingYear_Page": null

2024-02-03 22:58:19 - [TEST_STEP][PASSED] - orPath_TaxPayer = "Object Repository/RAD_Pages/Taxpayer_Page": null

2024-02-03 22:58:19 - [TEST_STEP][PASSED] - orPath_AddressContact = "Object Repository/RAD_Pages/AddressAndContactInfo_Page": null

2024-02-03 22:58:19 - [TEST_STEP][PASSED] - orPath_FilingStatus = "Object Repository/RAD_Pages/FilingStatus_Page": null

2024-02-03 22:58:19 - [TEST_STEP][PASSED] - orPath_Amount = "Object Repository/RAD_Pages/PaymentAmount_Page": null

2024-02-03 22:58:19 - [TEST_STEP][PASSED] - orPath_TaxInfo = "Object Repository/RAD_Pages/TaxInfo_Page": null

2024-02-03 22:58:19 - [TEST_STEP][PASSED] - orPath_Withholding = "Object Repository/RAD_Pages/Withholding_Page": null

2024-02-03 22:58:19 - [TEST_STEP][PASSED] - orPath_Summary = "Object Repository/RAD_Pages/Summary_Page": null

2024-02-03 22:58:19 - [TEST_STEP][PASSED] - orPath_PaymentReady = "Object Repository/RAD_Pages/PaymentReady_Page": null

2024-02-03 22:58:19 - [TEST_STEP][PASSED] - orPath_PaymentEntry = "Object Repository/RAD_Pages/PaymentEntry_Page": null

2024-02-03 22:58:19 - [TEST_STEP][PASSED] - orPath_PaymentConfirmation = "Object Repository/RAD_Pages/PaymentConfirmation_Page": null

2024-02-03 22:58:19 - [TEST_STEP][PASSED] - orPath_ServiceFeesAccept = "Object Repository/RAD_Pages/ServiceFeeAccept_Page": null

2024-02-03 22:58:19 - [TEST_STEP][PASSED] - selectOptionByLabel(findTestObject(orPath_Landing + "/dd_TaxType"), Paymenttype, false): All options with label 'Existing Liability w/Notice Number' are selected in object 'Object Repository/RAD_Pages/Landing_Page/dd_TaxType' 

2024-02-03 22:58:19 - [MESSAGE][PASSED] - All options with label 'Existing Liability w/Notice Number' are selected in object 'Object Repository/RAD_Pages/Landing_Page/dd_TaxType' 

2024-02-03 22:58:19 - [TEST_STEP][PASSED] - delay(1): Delayed 1 second(s)

2024-02-03 22:58:20 - [MESSAGE][PASSED] - Delayed 1 second(s)

2024-02-03 22:58:20 - [TEST_STEP][PASSED] - switch (Paymenttype): null

2024-02-03 22:58:20 - [TEST_STEP][PASSED] - case "Existing Liability w/Notice Number":: null

2024-02-03 22:58:20 - [TEST_STEP][PASSED] - selectOptionByLabel(findTestObject(orPath_TaxTypeFilingYear + "/select_TaxType_ExistingLiability"), Taxtype, false): All options with label 'Transportation Network Services' are selected in object 'Object Repository/RAD_Pages/TaxTypeFilingYear_Page/select_TaxType_ExistingLiability' 

2024-02-03 22:58:21 - [MESSAGE][PASSED] - All options with label 'Transportation Network Services' are selected in object 'Object Repository/RAD_Pages/TaxTypeFilingYear_Page/select_TaxType_ExistingLiability' 

2024-02-03 22:58:21 - [TEST_STEP][PASSED] - break: null

2024-02-03 22:58:21 - [TEST_STEP][PASSED] - delay(1): Delayed 1 second(s)

2024-02-03 22:58:22 - [MESSAGE][PASSED] - Delayed 1 second(s)

2024-02-03 22:58:22 - [TEST_STEP][PASSED] - switch (Paymenttype): null

2024-02-03 22:58:22 - [TEST_STEP][PASSED] - case "Existing Liability w/Notice Number":: null

2024-02-03 22:58:22 - [TEST_STEP][PASSED] - setEncryptedText(findTestObject("Object Repository/RAD_RecordAndPlay/input_Existing_FEIN"), "RigbBhfdqOBDK95asqKeHw=="): Text ****** has been set on object 'Object Repository/RAD_RecordAndPlay/input_Existing_FEIN'

2024-02-03 22:58:23 - [MESSAGE][PASSED] - Text ****** has been set on object 'Object Repository/RAD_RecordAndPlay/input_Existing_FEIN'

2024-02-03 22:58:23 - [TEST_STEP][PASSED] - setEncryptedText(findTestObject("Object Repository/RAD_RecordAndPlay/input_Existing_RetypeFEIN"), ""): Text ****** has been set on object 'Object Repository/RAD_RecordAndPlay/input_Existing_RetypeFEIN'

2024-02-03 22:58:23 - [MESSAGE][PASSED] - Text ****** has been set on object 'Object Repository/RAD_RecordAndPlay/input_Existing_RetypeFEIN'

2024-02-03 22:58:23 - [TEST_STEP][PASSED] - break: null

2024-02-03 22:58:23 - [TEST_STEP][PASSED] - verifyTextPresent("Please enter a valid FEIN with 9 digits.", true): Text 'Please enter a valid FEIN with 9 digits.' is present on page  using regular expression

2024-02-03 22:58:24 - [MESSAGE][PASSED] - Text 'Please enter a valid FEIN with 9 digits.' is present on page  using regular expression

2024-02-03 22:58:24 - [TEST_STEP][PASSED] - if (verifyTextPresent("Please enter a valid FEIN with 9 digits.", true)): null

2024-02-03 22:58:24 - [MESSAGE][PASSED] - Text 'Please enter a valid FEIN with 9 digits.' is present on page  using regular expression

2024-02-03 22:58:24 - [TEST_STEP][PASSED] - println("Error Message is present on the page"): null

2024-02-03 22:58:24 - [TEST_STEP][PASSED] - out.println("Pass Record Number: " + row): null

2024-02-03 22:58:24 - [TEST_STEP][PASSED] - resText = "Pass": null

2024-02-03 22:58:24 - [TEST_STEP][PASSED] - pages.WriteExcel.demoKey(resText, datText, resColumn, datCloumn, fileLoc, nameSheet, row): pages.WriteExcel.demoKey is PASSED

2024-02-03 22:58:24 - [MESSAGE][PASSED] - pages.WriteExcel.demoKey is PASSED

2024-02-03 22:58:24 - [TEST_STEP][PASSED] - ExecuteTC = findTestData(dataFile).getValue("Execute", row): null

2024-02-03 22:58:24 - [TEST_STEP][PASSED] - Taxtype = findTestData(dataFile).getValue("TaxType", row): null

2024-02-03 22:58:24 - [TEST_STEP][PASSED] - Paymenttype = findTestData(dataFile).getValue("PaymentType", row): null

2024-02-03 22:58:24 - [TEST_STEP][PASSED] - out.println("Value of Execute is : " + ExecuteTC): null

2024-02-03 22:58:24 - [TEST_STEP][PASSED] - if (ExecuteTC.equalsIgnoreCase("Y")): null

2024-02-03 22:58:24 - [TEST_STEP][PASSED] - out.println("Begin Record Number: " + row): null

2024-02-03 22:58:24 - [TEST_STEP][PASSED] - today = new java.util.Date(): null

2024-02-03 22:58:24 - [TEST_STEP][PASSED] - println(today): null

2024-02-03 22:58:24 - [TEST_STEP][PASSED] - datText = today: null

2024-02-03 22:58:24 - [TEST_STEP][PASSED] - Taxtype = findTestData(dataFile).getValue("TaxType", row): null

2024-02-03 22:58:24 - [TEST_STEP][PASSED] - out.println("Taxtype value is : " + Taxtype): null

2024-02-03 22:58:24 - [TEST_STEP][PASSED] - openBrowser(""): Browser is opened with url: ''

2024-02-03 22:58:24 - [MESSAGE][WARNING] - A browser is already opened. Closing browser and opening a new one

2024-02-03 22:58:26 - [MESSAGE][INFO] - Starting 'Chrome' driver

2024-02-03 22:58:26 - [MESSAGE][INFO] - User set preference: ['acceptInsecureCerts', 'true']

2024-02-03 22:58:26 - [MESSAGE][INFO] - Action delay is set to 0 milliseconds

2024-02-03 22:58:27 - [MESSAGE][PASSED] - Browser is opened with url: ''

2024-02-03 22:58:27 - [TEST_STEP][PASSED] - maximizeWindow(): Current window maximized

2024-02-03 22:58:27 - [MESSAGE][PASSED] - Current window maximized

2024-02-03 22:58:27 - [TEST_STEP][PASSED] - navigateToUrl(RADurl): Navigate to 'https://qa2.velocitypayment.com/client/rad/index.html' successfully

2024-02-03 22:58:29 - [MESSAGE][PASSED] - Navigate to 'https://qa2.velocitypayment.com/client/rad/index.html' successfully

2024-02-03 22:58:29 - [TEST_STEP][PASSED] - orPath_Landing = "Object Repository/RAD_Pages/Landing_Page": null

2024-02-03 22:58:29 - [TEST_STEP][PASSED] - orPath_TaxTypeFilingYear = "Object Repository/RAD_Pages/TaxTypeFilingYear_Page": null

2024-02-03 22:58:29 - [TEST_STEP][PASSED] - orPath_TaxPayer = "Object Repository/RAD_Pages/Taxpayer_Page": null

2024-02-03 22:58:29 - [TEST_STEP][PASSED] - orPath_AddressContact = "Object Repository/RAD_Pages/AddressAndContactInfo_Page": null

2024-02-03 22:58:29 - [TEST_STEP][PASSED] - orPath_FilingStatus = "Object Repository/RAD_Pages/FilingStatus_Page": null

2024-02-03 22:58:29 - [TEST_STEP][PASSED] - orPath_Amount = "Object Repository/RAD_Pages/PaymentAmount_Page": null

2024-02-03 22:58:29 - [TEST_STEP][PASSED] - orPath_TaxInfo = "Object Repository/RAD_Pages/TaxInfo_Page": null

2024-02-03 22:58:29 - [TEST_STEP][PASSED] - orPath_Withholding = "Object Repository/RAD_Pages/Withholding_Page": null

2024-02-03 22:58:29 - [TEST_STEP][PASSED] - orPath_Summary = "Object Repository/RAD_Pages/Summary_Page": null

2024-02-03 22:58:29 - [TEST_STEP][PASSED] - orPath_PaymentReady = "Object Repository/RAD_Pages/PaymentReady_Page": null

2024-02-03 22:58:29 - [TEST_STEP][PASSED] - orPath_PaymentEntry = "Object Repository/RAD_Pages/PaymentEntry_Page": null

2024-02-03 22:58:29 - [TEST_STEP][PASSED] - orPath_PaymentConfirmation = "Object Repository/RAD_Pages/PaymentConfirmation_Page": null

2024-02-03 22:58:29 - [TEST_STEP][PASSED] - orPath_ServiceFeesAccept = "Object Repository/RAD_Pages/ServiceFeeAccept_Page": null

2024-02-03 22:58:29 - [TEST_STEP][PASSED] - selectOptionByLabel(findTestObject(orPath_Landing + "/dd_TaxType"), Paymenttype, false): All options with label 'Existing Liability w/Notice Number' are selected in object 'Object Repository/RAD_Pages/Landing_Page/dd_TaxType' 

2024-02-03 22:58:30 - [MESSAGE][PASSED] - All options with label 'Existing Liability w/Notice Number' are selected in object 'Object Repository/RAD_Pages/Landing_Page/dd_TaxType' 

2024-02-03 22:58:30 - [TEST_STEP][PASSED] - delay(1): Delayed 1 second(s)

2024-02-03 22:58:31 - [MESSAGE][PASSED] - Delayed 1 second(s)

2024-02-03 22:58:31 - [TEST_STEP][PASSED] - switch (Paymenttype): null

2024-02-03 22:58:31 - [TEST_STEP][PASSED] - case "Existing Liability w/Notice Number":: null

2024-02-03 22:58:31 - [TEST_STEP][PASSED] - selectOptionByLabel(findTestObject(orPath_TaxTypeFilingYear + "/select_TaxType_ExistingLiability"), Taxtype, false): All options with label 'Unclaimed Property' are selected in object 'Object Repository/RAD_Pages/TaxTypeFilingYear_Page/select_TaxType_ExistingLiability' 

2024-02-03 22:58:31 - [MESSAGE][PASSED] - All options with label 'Unclaimed Property' are selected in object 'Object Repository/RAD_Pages/TaxTypeFilingYear_Page/select_TaxType_ExistingLiability' 

2024-02-03 22:58:31 - [TEST_STEP][PASSED] - break: null

2024-02-03 22:58:31 - [TEST_STEP][PASSED] - delay(1): Delayed 1 second(s)

2024-02-03 22:58:32 - [MESSAGE][PASSED] - Delayed 1 second(s)

2024-02-03 22:58:32 - [TEST_STEP][PASSED] - switch (Paymenttype): null

2024-02-03 22:58:32 - [TEST_STEP][PASSED] - case "Existing Liability w/Notice Number":: null

2024-02-03 22:58:32 - [TEST_STEP][PASSED] - setEncryptedText(findTestObject("Object Repository/RAD_RecordAndPlay/input_Existing_FEIN"), "RigbBhfdqOBDK95asqKeHw=="): Text ****** has been set on object 'Object Repository/RAD_RecordAndPlay/input_Existing_FEIN'

2024-02-03 22:58:33 - [MESSAGE][PASSED] - Text ****** has been set on object 'Object Repository/RAD_RecordAndPlay/input_Existing_FEIN'

2024-02-03 22:58:33 - [TEST_STEP][PASSED] - setEncryptedText(findTestObject("Object Repository/RAD_RecordAndPlay/input_Existing_RetypeFEIN"), ""): Text ****** has been set on object 'Object Repository/RAD_RecordAndPlay/input_Existing_RetypeFEIN'

2024-02-03 22:58:34 - [MESSAGE][PASSED] - Text ****** has been set on object 'Object Repository/RAD_RecordAndPlay/input_Existing_RetypeFEIN'

2024-02-03 22:58:34 - [TEST_STEP][PASSED] - break: null

2024-02-03 22:58:34 - [TEST_STEP][PASSED] - verifyTextPresent("Please enter a valid FEIN with 9 digits.", true): Text 'Please enter a valid FEIN with 9 digits.' is present on page  using regular expression

2024-02-03 22:58:34 - [MESSAGE][PASSED] - Text 'Please enter a valid FEIN with 9 digits.' is present on page  using regular expression

2024-02-03 22:58:34 - [TEST_STEP][PASSED] - if (verifyTextPresent("Please enter a valid FEIN with 9 digits.", true)): null

2024-02-03 22:58:35 - [MESSAGE][PASSED] - Text 'Please enter a valid FEIN with 9 digits.' is present on page  using regular expression

2024-02-03 22:58:35 - [TEST_STEP][PASSED] - println("Error Message is present on the page"): null

2024-02-03 22:58:35 - [TEST_STEP][PASSED] - out.println("Pass Record Number: " + row): null

2024-02-03 22:58:35 - [TEST_STEP][PASSED] - resText = "Pass": null

2024-02-03 22:58:35 - [TEST_STEP][PASSED] - pages.WriteExcel.demoKey(resText, datText, resColumn, datCloumn, fileLoc, nameSheet, row): pages.WriteExcel.demoKey is PASSED

2024-02-03 22:58:35 - [MESSAGE][PASSED] - pages.WriteExcel.demoKey is PASSED

2024-02-03 22:58:35 - [TEST_STEP][PASSED] - ExecuteTC = findTestData(dataFile).getValue("Execute", row): null

2024-02-03 22:58:35 - [TEST_STEP][PASSED] - Taxtype = findTestData(dataFile).getValue("TaxType", row): null

2024-02-03 22:58:35 - [TEST_STEP][PASSED] - Paymenttype = findTestData(dataFile).getValue("PaymentType", row): null

2024-02-03 22:58:35 - [TEST_STEP][PASSED] - out.println("Value of Execute is : " + ExecuteTC): null

2024-02-03 22:58:35 - [TEST_STEP][PASSED] - if (ExecuteTC.equalsIgnoreCase("Y")): null

2024-02-03 22:58:35 - [TEST_STEP][PASSED] - out.println("Begin Record Number: " + row): null

2024-02-03 22:58:35 - [TEST_STEP][PASSED] - today = new java.util.Date(): null

2024-02-03 22:58:35 - [TEST_STEP][PASSED] - println(today): null

2024-02-03 22:58:35 - [TEST_STEP][PASSED] - datText = today: null

2024-02-03 22:58:35 - [TEST_STEP][PASSED] - Taxtype = findTestData(dataFile).getValue("TaxType", row): null

2024-02-03 22:58:35 - [TEST_STEP][PASSED] - out.println("Taxtype value is : " + Taxtype): null

2024-02-03 22:58:35 - [TEST_STEP][PASSED] - openBrowser(""): Browser is opened with url: ''

2024-02-03 22:58:35 - [MESSAGE][WARNING] - A browser is already opened. Closing browser and opening a new one

2024-02-03 22:58:36 - [MESSAGE][INFO] - Starting 'Chrome' driver

2024-02-03 22:58:36 - [MESSAGE][INFO] - User set preference: ['acceptInsecureCerts', 'true']

2024-02-03 22:58:36 - [MESSAGE][INFO] - Action delay is set to 0 milliseconds

2024-02-03 22:58:38 - [MESSAGE][PASSED] - Browser is opened with url: ''

2024-02-03 22:58:38 - [TEST_STEP][PASSED] - maximizeWindow(): Current window maximized

2024-02-03 22:58:38 - [MESSAGE][PASSED] - Current window maximized

2024-02-03 22:58:38 - [TEST_STEP][PASSED] - navigateToUrl(RADurl): Navigate to 'https://qa2.velocitypayment.com/client/rad/index.html' successfully

2024-02-03 22:58:39 - [MESSAGE][PASSED] - Navigate to 'https://qa2.velocitypayment.com/client/rad/index.html' successfully

2024-02-03 22:58:39 - [TEST_STEP][PASSED] - orPath_Landing = "Object Repository/RAD_Pages/Landing_Page": null

2024-02-03 22:58:39 - [TEST_STEP][PASSED] - orPath_TaxTypeFilingYear = "Object Repository/RAD_Pages/TaxTypeFilingYear_Page": null

2024-02-03 22:58:39 - [TEST_STEP][PASSED] - orPath_TaxPayer = "Object Repository/RAD_Pages/Taxpayer_Page": null

2024-02-03 22:58:39 - [TEST_STEP][PASSED] - orPath_AddressContact = "Object Repository/RAD_Pages/AddressAndContactInfo_Page": null

2024-02-03 22:58:39 - [TEST_STEP][PASSED] - orPath_FilingStatus = "Object Repository/RAD_Pages/FilingStatus_Page": null

2024-02-03 22:58:39 - [TEST_STEP][PASSED] - orPath_Amount = "Object Repository/RAD_Pages/PaymentAmount_Page": null

2024-02-03 22:58:39 - [TEST_STEP][PASSED] - orPath_TaxInfo = "Object Repository/RAD_Pages/TaxInfo_Page": null

2024-02-03 22:58:39 - [TEST_STEP][PASSED] - orPath_Withholding = "Object Repository/RAD_Pages/Withholding_Page": null

2024-02-03 22:58:39 - [TEST_STEP][PASSED] - orPath_Summary = "Object Repository/RAD_Pages/Summary_Page": null

2024-02-03 22:58:39 - [TEST_STEP][PASSED] - orPath_PaymentReady = "Object Repository/RAD_Pages/PaymentReady_Page": null

2024-02-03 22:58:39 - [TEST_STEP][PASSED] - orPath_PaymentEntry = "Object Repository/RAD_Pages/PaymentEntry_Page": null

2024-02-03 22:58:39 - [TEST_STEP][PASSED] - orPath_PaymentConfirmation = "Object Repository/RAD_Pages/PaymentConfirmation_Page": null

2024-02-03 22:58:39 - [TEST_STEP][PASSED] - orPath_ServiceFeesAccept = "Object Repository/RAD_Pages/ServiceFeeAccept_Page": null

2024-02-03 22:58:39 - [TEST_STEP][PASSED] - selectOptionByLabel(findTestObject(orPath_Landing + "/dd_TaxType"), Paymenttype, false): All options with label 'Existing Liability w/Notice Number' are selected in object 'Object Repository/RAD_Pages/Landing_Page/dd_TaxType' 

2024-02-03 22:58:40 - [MESSAGE][PASSED] - All options with label 'Existing Liability w/Notice Number' are selected in object 'Object Repository/RAD_Pages/Landing_Page/dd_TaxType' 

2024-02-03 22:58:40 - [TEST_STEP][PASSED] - delay(1): Delayed 1 second(s)

2024-02-03 22:58:41 - [MESSAGE][PASSED] - Delayed 1 second(s)

2024-02-03 22:58:41 - [TEST_STEP][PASSED] - switch (Paymenttype): null

2024-02-03 22:58:41 - [TEST_STEP][PASSED] - case "Existing Liability w/Notice Number":: null

2024-02-03 22:58:41 - [TEST_STEP][PASSED] - selectOptionByLabel(findTestObject(orPath_TaxTypeFilingYear + "/select_TaxType_ExistingLiability"), Taxtype, false): All options with label 'IFTA Tax' are selected in object 'Object Repository/RAD_Pages/TaxTypeFilingYear_Page/select_TaxType_ExistingLiability' 

2024-02-03 22:58:42 - [MESSAGE][PASSED] - All options with label 'IFTA Tax' are selected in object 'Object Repository/RAD_Pages/TaxTypeFilingYear_Page/select_TaxType_ExistingLiability' 

2024-02-03 22:58:42 - [TEST_STEP][PASSED] - break: null

2024-02-03 22:58:42 - [TEST_STEP][PASSED] - delay(1): Delayed 1 second(s)

2024-02-03 22:58:43 - [MESSAGE][PASSED] - Delayed 1 second(s)

2024-02-03 22:58:43 - [TEST_STEP][PASSED] - switch (Paymenttype): null

2024-02-03 22:58:43 - [TEST_STEP][PASSED] - case "Existing Liability w/Notice Number":: null

2024-02-03 22:58:43 - [TEST_STEP][PASSED] - setEncryptedText(findTestObject("Object Repository/RAD_RecordAndPlay/input_Existing_FEIN"), "RigbBhfdqOBDK95asqKeHw=="): Text ****** has been set on object 'Object Repository/RAD_RecordAndPlay/input_Existing_FEIN'

2024-02-03 22:58:43 - [MESSAGE][PASSED] - Text ****** has been set on object 'Object Repository/RAD_RecordAndPlay/input_Existing_FEIN'

2024-02-03 22:58:43 - [TEST_STEP][PASSED] - setEncryptedText(findTestObject("Object Repository/RAD_RecordAndPlay/input_Existing_RetypeFEIN"), ""): Text ****** has been set on object 'Object Repository/RAD_RecordAndPlay/input_Existing_RetypeFEIN'

2024-02-03 22:58:44 - [MESSAGE][PASSED] - Text ****** has been set on object 'Object Repository/RAD_RecordAndPlay/input_Existing_RetypeFEIN'

2024-02-03 22:58:44 - [TEST_STEP][PASSED] - break: null

2024-02-03 22:58:44 - [TEST_STEP][PASSED] - verifyTextPresent("Please enter a valid FEIN with 9 digits.", true): Text 'Please enter a valid FEIN with 9 digits.' is present on page  using regular expression

2024-02-03 22:58:44 - [MESSAGE][PASSED] - Text 'Please enter a valid FEIN with 9 digits.' is present on page  using regular expression

2024-02-03 22:58:44 - [TEST_STEP][PASSED] - if (verifyTextPresent("Please enter a valid FEIN with 9 digits.", true)): null

2024-02-03 22:58:45 - [MESSAGE][PASSED] - Text 'Please enter a valid FEIN with 9 digits.' is present on page  using regular expression

2024-02-03 22:58:45 - [TEST_STEP][PASSED] - println("Error Message is present on the page"): null

2024-02-03 22:58:45 - [TEST_STEP][PASSED] - out.println("Pass Record Number: " + row): null

2024-02-03 22:58:45 - [TEST_STEP][PASSED] - resText = "Pass": null

2024-02-03 22:58:45 - [TEST_STEP][PASSED] - pages.WriteExcel.demoKey(resText, datText, resColumn, datCloumn, fileLoc, nameSheet, row): pages.WriteExcel.demoKey is PASSED

2024-02-03 22:58:45 - [MESSAGE][PASSED] - pages.WriteExcel.demoKey is PASSED

2024-02-03 22:58:45 - [TEST_STEP][PASSED] - ExecuteTC = findTestData(dataFile).getValue("Execute", row): null

2024-02-03 22:58:45 - [TEST_STEP][PASSED] - Taxtype = findTestData(dataFile).getValue("TaxType", row): null

2024-02-03 22:58:45 - [TEST_STEP][PASSED] - Paymenttype = findTestData(dataFile).getValue("PaymentType", row): null

2024-02-03 22:58:45 - [TEST_STEP][PASSED] - out.println("Value of Execute is : " + ExecuteTC): null

2024-02-03 22:58:45 - [TEST_STEP][PASSED] - if (ExecuteTC.equalsIgnoreCase("Y")): null

2024-02-03 22:58:45 - [TEST_STEP][PASSED] - out.println("Begin Record Number: " + row): null

2024-02-03 22:58:45 - [TEST_STEP][PASSED] - today = new java.util.Date(): null

2024-02-03 22:58:45 - [TEST_STEP][PASSED] - println(today): null

2024-02-03 22:58:45 - [TEST_STEP][PASSED] - datText = today: null

2024-02-03 22:58:45 - [TEST_STEP][PASSED] - Taxtype = findTestData(dataFile).getValue("TaxType", row): null

2024-02-03 22:58:45 - [TEST_STEP][PASSED] - out.println("Taxtype value is : " + Taxtype): null

2024-02-03 22:58:45 - [TEST_STEP][PASSED] - openBrowser(""): Browser is opened with url: ''

2024-02-03 22:58:45 - [MESSAGE][WARNING] - A browser is already opened. Closing browser and opening a new one

2024-02-03 22:58:46 - [MESSAGE][INFO] - Starting 'Chrome' driver

2024-02-03 22:58:46 - [MESSAGE][INFO] - User set preference: ['acceptInsecureCerts', 'true']

2024-02-03 22:58:46 - [MESSAGE][INFO] - Action delay is set to 0 milliseconds

2024-02-03 22:58:48 - [MESSAGE][PASSED] - Browser is opened with url: ''

2024-02-03 22:58:48 - [TEST_STEP][PASSED] - maximizeWindow(): Current window maximized

2024-02-03 22:58:48 - [MESSAGE][PASSED] - Current window maximized

2024-02-03 22:58:48 - [TEST_STEP][PASSED] - navigateToUrl(RADurl): Navigate to 'https://qa2.velocitypayment.com/client/rad/index.html' successfully

2024-02-03 22:58:48 - [MESSAGE][PASSED] - Navigate to 'https://qa2.velocitypayment.com/client/rad/index.html' successfully

2024-02-03 22:58:48 - [TEST_STEP][PASSED] - orPath_Landing = "Object Repository/RAD_Pages/Landing_Page": null

2024-02-03 22:58:48 - [TEST_STEP][PASSED] - orPath_TaxTypeFilingYear = "Object Repository/RAD_Pages/TaxTypeFilingYear_Page": null

2024-02-03 22:58:48 - [TEST_STEP][PASSED] - orPath_TaxPayer = "Object Repository/RAD_Pages/Taxpayer_Page": null

2024-02-03 22:58:48 - [TEST_STEP][PASSED] - orPath_AddressContact = "Object Repository/RAD_Pages/AddressAndContactInfo_Page": null

2024-02-03 22:58:48 - [TEST_STEP][PASSED] - orPath_FilingStatus = "Object Repository/RAD_Pages/FilingStatus_Page": null

2024-02-03 22:58:48 - [TEST_STEP][PASSED] - orPath_Amount = "Object Repository/RAD_Pages/PaymentAmount_Page": null

2024-02-03 22:58:48 - [TEST_STEP][PASSED] - orPath_TaxInfo = "Object Repository/RAD_Pages/TaxInfo_Page": null

2024-02-03 22:58:48 - [TEST_STEP][PASSED] - orPath_Withholding = "Object Repository/RAD_Pages/Withholding_Page": null

2024-02-03 22:58:48 - [TEST_STEP][PASSED] - orPath_Summary = "Object Repository/RAD_Pages/Summary_Page": null

2024-02-03 22:58:48 - [TEST_STEP][PASSED] - orPath_PaymentReady = "Object Repository/RAD_Pages/PaymentReady_Page": null

2024-02-03 22:58:48 - [TEST_STEP][PASSED] - orPath_PaymentEntry = "Object Repository/RAD_Pages/PaymentEntry_Page": null

2024-02-03 22:58:48 - [TEST_STEP][PASSED] - orPath_PaymentConfirmation = "Object Repository/RAD_Pages/PaymentConfirmation_Page": null

2024-02-03 22:58:48 - [TEST_STEP][PASSED] - orPath_ServiceFeesAccept = "Object Repository/RAD_Pages/ServiceFeeAccept_Page": null

2024-02-03 22:58:48 - [TEST_STEP][PASSED] - selectOptionByLabel(findTestObject(orPath_Landing + "/dd_TaxType"), Paymenttype, false): All options with label 'New Tax Return Amount Due' are selected in object 'Object Repository/RAD_Pages/Landing_Page/dd_TaxType' 

2024-02-03 22:58:50 - [MESSAGE][PASSED] - All options with label 'New Tax Return Amount Due' are selected in object 'Object Repository/RAD_Pages/Landing_Page/dd_TaxType' 

2024-02-03 22:58:50 - [TEST_STEP][PASSED] - delay(1): Delayed 1 second(s)

2024-02-03 22:58:51 - [MESSAGE][PASSED] - Delayed 1 second(s)

2024-02-03 22:58:51 - [TEST_STEP][PASSED] - switch (Paymenttype): null

2024-02-03 22:58:51 - [TEST_STEP][PASSED] - case "New Tax Return Amount Due":: null

2024-02-03 22:58:51 - [TEST_STEP][PASSED] - selectOptionByLabel(findTestObject("Object Repository/RAD_Pages/Landing_Page/select_NewTaxReturnAmountDue_TaxType"), Taxtype, false): All options with label 'Admissions and Amusement Tax' are selected in object 'Object Repository/RAD_Pages/Landing_Page/select_NewTaxReturnAmountDue_TaxType' 

2024-02-03 22:58:52 - [MESSAGE][PASSED] - All options with label 'Admissions and Amusement Tax' are selected in object 'Object Repository/RAD_Pages/Landing_Page/select_NewTaxReturnAmountDue_TaxType' 

2024-02-03 22:58:52 - [TEST_STEP][PASSED] - break: null

2024-02-03 22:58:52 - [TEST_STEP][PASSED] - delay(1): Delayed 1 second(s)

2024-02-03 22:58:53 - [MESSAGE][PASSED] - Delayed 1 second(s)

2024-02-03 22:58:53 - [TEST_STEP][PASSED] - switch (Paymenttype): null

2024-02-03 22:58:53 - [TEST_STEP][PASSED] - case "New Tax Return Amount Due":: null

2024-02-03 22:58:53 - [TEST_STEP][PASSED] - setEncryptedText(findTestObject(orPath_TaxInfo + "/input_FederalEIN-2"), "RigbBhfdqOBDK95asqKeHw=="): Text ****** has been set on object 'Object Repository/RAD_Pages/TaxInfo_Page/input_FederalEIN-2'

2024-02-03 22:58:53 - [MESSAGE][PASSED] - Text ****** has been set on object 'Object Repository/RAD_Pages/TaxInfo_Page/input_FederalEIN-2'

2024-02-03 22:58:53 - [TEST_STEP][PASSED] - setEncryptedText(findTestObject(orPath_TaxInfo + "/input_FederalEIN_ReEnter-2"), ""): Text ****** has been set on object 'Object Repository/RAD_Pages/TaxInfo_Page/input_FederalEIN_ReEnter-2'

2024-02-03 22:58:54 - [MESSAGE][PASSED] - Text ****** has been set on object 'Object Repository/RAD_Pages/TaxInfo_Page/input_FederalEIN_ReEnter-2'

2024-02-03 22:58:54 - [TEST_STEP][PASSED] - break: null

2024-02-03 22:58:54 - [TEST_STEP][PASSED] - verifyTextPresent("Please enter a valid FEIN with 9 digits.", true): Text 'Please enter a valid FEIN with 9 digits.' is present on page  using regular expression

2024-02-03 22:58:55 - [MESSAGE][PASSED] - Text 'Please enter a valid FEIN with 9 digits.' is present on page  using regular expression

2024-02-03 22:58:55 - [TEST_STEP][PASSED] - if (verifyTextPresent("Please enter a valid FEIN with 9 digits.", true)): null

2024-02-03 22:58:55 - [MESSAGE][PASSED] - Text 'Please enter a valid FEIN with 9 digits.' is present on page  using regular expression

2024-02-03 22:58:55 - [TEST_STEP][PASSED] - println("Error Message is present on the page"): null

2024-02-03 22:58:55 - [TEST_STEP][PASSED] - out.println("Pass Record Number: " + row): null

2024-02-03 22:58:55 - [TEST_STEP][PASSED] - resText = "Pass": null

2024-02-03 22:58:55 - [TEST_STEP][PASSED] - pages.WriteExcel.demoKey(resText, datText, resColumn, datCloumn, fileLoc, nameSheet, row): pages.WriteExcel.demoKey is PASSED

2024-02-03 22:58:55 - [MESSAGE][PASSED] - pages.WriteExcel.demoKey is PASSED

2024-02-03 22:58:55 - [TEST_STEP][PASSED] - ExecuteTC = findTestData(dataFile).getValue("Execute", row): null

2024-02-03 22:58:55 - [TEST_STEP][PASSED] - Taxtype = findTestData(dataFile).getValue("TaxType", row): null

2024-02-03 22:58:55 - [TEST_STEP][PASSED] - Paymenttype = findTestData(dataFile).getValue("PaymentType", row): null

2024-02-03 22:58:55 - [TEST_STEP][PASSED] - out.println("Value of Execute is : " + ExecuteTC): null

2024-02-03 22:58:55 - [TEST_STEP][PASSED] - if (ExecuteTC.equalsIgnoreCase("Y")): null

2024-02-03 22:58:55 - [TEST_STEP][PASSED] - out.println("Begin Record Number: " + row): null

2024-02-03 22:58:55 - [TEST_STEP][PASSED] - today = new java.util.Date(): null

2024-02-03 22:58:55 - [TEST_STEP][PASSED] - println(today): null

2024-02-03 22:58:55 - [TEST_STEP][PASSED] - datText = today: null

2024-02-03 22:58:55 - [TEST_STEP][PASSED] - Taxtype = findTestData(dataFile).getValue("TaxType", row): null

2024-02-03 22:58:55 - [TEST_STEP][PASSED] - out.println("Taxtype value is : " + Taxtype): null

2024-02-03 22:58:55 - [TEST_STEP][PASSED] - openBrowser(""): Browser is opened with url: ''

2024-02-03 22:58:55 - [MESSAGE][WARNING] - A browser is already opened. Closing browser and opening a new one

2024-02-03 22:58:56 - [MESSAGE][INFO] - Starting 'Chrome' driver

2024-02-03 22:58:56 - [MESSAGE][INFO] - User set preference: ['acceptInsecureCerts', 'true']

2024-02-03 22:58:56 - [MESSAGE][INFO] - Action delay is set to 0 milliseconds

2024-02-03 22:58:58 - [MESSAGE][PASSED] - Browser is opened with url: ''

2024-02-03 22:58:58 - [TEST_STEP][PASSED] - maximizeWindow(): Current window maximized

2024-02-03 22:58:58 - [MESSAGE][PASSED] - Current window maximized

2024-02-03 22:58:58 - [TEST_STEP][PASSED] - navigateToUrl(RADurl): Navigate to 'https://qa2.velocitypayment.com/client/rad/index.html' successfully

2024-02-03 22:59:00 - [MESSAGE][PASSED] - Navigate to 'https://qa2.velocitypayment.com/client/rad/index.html' successfully

2024-02-03 22:59:00 - [TEST_STEP][PASSED] - orPath_Landing = "Object Repository/RAD_Pages/Landing_Page": null

2024-02-03 22:59:00 - [TEST_STEP][PASSED] - orPath_TaxTypeFilingYear = "Object Repository/RAD_Pages/TaxTypeFilingYear_Page": null

2024-02-03 22:59:00 - [TEST_STEP][PASSED] - orPath_TaxPayer = "Object Repository/RAD_Pages/Taxpayer_Page": null

2024-02-03 22:59:00 - [TEST_STEP][PASSED] - orPath_AddressContact = "Object Repository/RAD_Pages/AddressAndContactInfo_Page": null

2024-02-03 22:59:00 - [TEST_STEP][PASSED] - orPath_FilingStatus = "Object Repository/RAD_Pages/FilingStatus_Page": null

2024-02-03 22:59:00 - [TEST_STEP][PASSED] - orPath_Amount = "Object Repository/RAD_Pages/PaymentAmount_Page": null

2024-02-03 22:59:00 - [TEST_STEP][PASSED] - orPath_TaxInfo = "Object Repository/RAD_Pages/TaxInfo_Page": null

2024-02-03 22:59:00 - [TEST_STEP][PASSED] - orPath_Withholding = "Object Repository/RAD_Pages/Withholding_Page": null

2024-02-03 22:59:00 - [TEST_STEP][PASSED] - orPath_Summary = "Object Repository/RAD_Pages/Summary_Page": null

2024-02-03 22:59:00 - [TEST_STEP][PASSED] - orPath_PaymentReady = "Object Repository/RAD_Pages/PaymentReady_Page": null

2024-02-03 22:59:00 - [TEST_STEP][PASSED] - orPath_PaymentEntry = "Object Repository/RAD_Pages/PaymentEntry_Page": null

2024-02-03 22:59:00 - [TEST_STEP][PASSED] - orPath_PaymentConfirmation = "Object Repository/RAD_Pages/PaymentConfirmation_Page": null

2024-02-03 22:59:00 - [TEST_STEP][PASSED] - orPath_ServiceFeesAccept = "Object Repository/RAD_Pages/ServiceFeeAccept_Page": null

2024-02-03 22:59:00 - [TEST_STEP][PASSED] - selectOptionByLabel(findTestObject(orPath_Landing + "/dd_TaxType"), Paymenttype, false): All options with label 'New Tax Return Amount Due' are selected in object 'Object Repository/RAD_Pages/Landing_Page/dd_TaxType' 

2024-02-03 22:59:01 - [MESSAGE][PASSED] - All options with label 'New Tax Return Amount Due' are selected in object 'Object Repository/RAD_Pages/Landing_Page/dd_TaxType' 

2024-02-03 22:59:01 - [TEST_STEP][PASSED] - delay(1): Delayed 1 second(s)

2024-02-03 22:59:02 - [MESSAGE][PASSED] - Delayed 1 second(s)

2024-02-03 22:59:02 - [TEST_STEP][PASSED] - switch (Paymenttype): null

2024-02-03 22:59:02 - [TEST_STEP][PASSED] - case "New Tax Return Amount Due":: null

2024-02-03 22:59:02 - [TEST_STEP][PASSED] - selectOptionByLabel(findTestObject("Object Repository/RAD_Pages/Landing_Page/select_NewTaxReturnAmountDue_TaxType"), Taxtype, false): All options with label 'Alcohol Tax' are selected in object 'Object Repository/RAD_Pages/Landing_Page/select_NewTaxReturnAmountDue_TaxType' 

2024-02-03 22:59:02 - [MESSAGE][PASSED] - All options with label 'Alcohol Tax' are selected in object 'Object Repository/RAD_Pages/Landing_Page/select_NewTaxReturnAmountDue_TaxType' 

2024-02-03 22:59:02 - [TEST_STEP][PASSED] - break: null

2024-02-03 22:59:02 - [TEST_STEP][PASSED] - delay(1): Delayed 1 second(s)

2024-02-03 22:59:03 - [MESSAGE][PASSED] - Delayed 1 second(s)

2024-02-03 22:59:03 - [TEST_STEP][PASSED] - switch (Paymenttype): null

2024-02-03 22:59:03 - [TEST_STEP][PASSED] - case "New Tax Return Amount Due":: null

2024-02-03 22:59:03 - [TEST_STEP][PASSED] - setEncryptedText(findTestObject(orPath_TaxInfo + "/input_FederalEIN-2"), "RigbBhfdqOBDK95asqKeHw=="): Text ****** has been set on object 'Object Repository/RAD_Pages/TaxInfo_Page/input_FederalEIN-2'

2024-02-03 22:59:04 - [MESSAGE][PASSED] - Text ****** has been set on object 'Object Repository/RAD_Pages/TaxInfo_Page/input_FederalEIN-2'

2024-02-03 22:59:04 - [TEST_STEP][PASSED] - setEncryptedText(findTestObject(orPath_TaxInfo + "/input_FederalEIN_ReEnter-2"), ""): Text ****** has been set on object 'Object Repository/RAD_Pages/TaxInfo_Page/input_FederalEIN_ReEnter-2'

2024-02-03 22:59:04 - [MESSAGE][PASSED] - Text ****** has been set on object 'Object Repository/RAD_Pages/TaxInfo_Page/input_FederalEIN_ReEnter-2'

2024-02-03 22:59:04 - [TEST_STEP][PASSED] - break: null

2024-02-03 22:59:04 - [TEST_STEP][PASSED] - verifyTextPresent("Please enter a valid FEIN with 9 digits.", true): Text 'Please enter a valid FEIN with 9 digits.' is present on page  using regular expression

2024-02-03 22:59:05 - [MESSAGE][PASSED] - Text 'Please enter a valid FEIN with 9 digits.' is present on page  using regular expression

2024-02-03 22:59:05 - [TEST_STEP][PASSED] - if (verifyTextPresent("Please enter a valid FEIN with 9 digits.", true)): null

2024-02-03 22:59:05 - [MESSAGE][PASSED] - Text 'Please enter a valid FEIN with 9 digits.' is present on page  using regular expression

2024-02-03 22:59:05 - [TEST_STEP][PASSED] - println("Error Message is present on the page"): null

2024-02-03 22:59:05 - [TEST_STEP][PASSED] - out.println("Pass Record Number: " + row): null

2024-02-03 22:59:05 - [TEST_STEP][PASSED] - resText = "Pass": null

2024-02-03 22:59:05 - [TEST_STEP][PASSED] - pages.WriteExcel.demoKey(resText, datText, resColumn, datCloumn, fileLoc, nameSheet, row): pages.WriteExcel.demoKey is PASSED

2024-02-03 22:59:05 - [MESSAGE][PASSED] - pages.WriteExcel.demoKey is PASSED

2024-02-03 22:59:05 - [TEST_STEP][PASSED] - ExecuteTC = findTestData(dataFile).getValue("Execute", row): null

2024-02-03 22:59:05 - [TEST_STEP][PASSED] - Taxtype = findTestData(dataFile).getValue("TaxType", row): null

2024-02-03 22:59:06 - [TEST_STEP][PASSED] - Paymenttype = findTestData(dataFile).getValue("PaymentType", row): null

2024-02-03 22:59:06 - [TEST_STEP][PASSED] - out.println("Value of Execute is : " + ExecuteTC): null

2024-02-03 22:59:06 - [TEST_STEP][PASSED] - if (ExecuteTC.equalsIgnoreCase("Y")): null

2024-02-03 22:59:06 - [TEST_STEP][PASSED] - out.println("Begin Record Number: " + row): null

2024-02-03 22:59:06 - [TEST_STEP][PASSED] - today = new java.util.Date(): null

2024-02-03 22:59:06 - [TEST_STEP][PASSED] - println(today): null

2024-02-03 22:59:06 - [TEST_STEP][PASSED] - datText = today: null

2024-02-03 22:59:06 - [TEST_STEP][PASSED] - Taxtype = findTestData(dataFile).getValue("TaxType", row): null

2024-02-03 22:59:06 - [TEST_STEP][PASSED] - out.println("Taxtype value is : " + Taxtype): null

2024-02-03 22:59:06 - [TEST_STEP][PASSED] - openBrowser(""): Browser is opened with url: ''

2024-02-03 22:59:06 - [MESSAGE][WARNING] - A browser is already opened. Closing browser and opening a new one

2024-02-03 22:59:07 - [MESSAGE][INFO] - Starting 'Chrome' driver

2024-02-03 22:59:07 - [MESSAGE][INFO] - User set preference: ['acceptInsecureCerts', 'true']

2024-02-03 22:59:07 - [MESSAGE][INFO] - Action delay is set to 0 milliseconds

2024-02-03 22:59:16 - [MESSAGE][PASSED] - Browser is opened with url: ''

2024-02-03 22:59:16 - [TEST_STEP][PASSED] - maximizeWindow(): Current window maximized

2024-02-03 22:59:16 - [MESSAGE][PASSED] - Current window maximized

2024-02-03 22:59:16 - [TEST_STEP][PASSED] - navigateToUrl(RADurl): Navigate to 'https://qa2.velocitypayment.com/client/rad/index.html' successfully

2024-02-03 22:59:17 - [MESSAGE][PASSED] - Navigate to 'https://qa2.velocitypayment.com/client/rad/index.html' successfully

2024-02-03 22:59:17 - [TEST_STEP][PASSED] - orPath_Landing = "Object Repository/RAD_Pages/Landing_Page": null

2024-02-03 22:59:17 - [TEST_STEP][PASSED] - orPath_TaxTypeFilingYear = "Object Repository/RAD_Pages/TaxTypeFilingYear_Page": null

2024-02-03 22:59:17 - [TEST_STEP][PASSED] - orPath_TaxPayer = "Object Repository/RAD_Pages/Taxpayer_Page": null

2024-02-03 22:59:17 - [TEST_STEP][PASSED] - orPath_AddressContact = "Object Repository/RAD_Pages/AddressAndContactInfo_Page": null

2024-02-03 22:59:17 - [TEST_STEP][PASSED] - orPath_FilingStatus = "Object Repository/RAD_Pages/FilingStatus_Page": null

2024-02-03 22:59:17 - [TEST_STEP][PASSED] - orPath_Amount = "Object Repository/RAD_Pages/PaymentAmount_Page": null

2024-02-03 22:59:17 - [TEST_STEP][PASSED] - orPath_TaxInfo = "Object Repository/RAD_Pages/TaxInfo_Page": null

2024-02-03 22:59:17 - [TEST_STEP][PASSED] - orPath_Withholding = "Object Repository/RAD_Pages/Withholding_Page": null

2024-02-03 22:59:17 - [TEST_STEP][PASSED] - orPath_Summary = "Object Repository/RAD_Pages/Summary_Page": null

2024-02-03 22:59:17 - [TEST_STEP][PASSED] - orPath_PaymentReady = "Object Repository/RAD_Pages/PaymentReady_Page": null

2024-02-03 22:59:17 - [TEST_STEP][PASSED] - orPath_PaymentEntry = "Object Repository/RAD_Pages/PaymentEntry_Page": null

2024-02-03 22:59:17 - [TEST_STEP][PASSED] - orPath_PaymentConfirmation = "Object Repository/RAD_Pages/PaymentConfirmation_Page": null

2024-02-03 22:59:17 - [TEST_STEP][PASSED] - orPath_ServiceFeesAccept = "Object Repository/RAD_Pages/ServiceFeeAccept_Page": null

2024-02-03 22:59:17 - [TEST_STEP][PASSED] - selectOptionByLabel(findTestObject(orPath_Landing + "/dd_TaxType"), Paymenttype, false): All options with label 'New Tax Return Amount Due' are selected in object 'Object Repository/RAD_Pages/Landing_Page/dd_TaxType' 

2024-02-03 22:59:18 - [MESSAGE][PASSED] - All options with label 'New Tax Return Amount Due' are selected in object 'Object Repository/RAD_Pages/Landing_Page/dd_TaxType' 

2024-02-03 22:59:18 - [TEST_STEP][PASSED] - delay(1): Delayed 1 second(s)

2024-02-03 22:59:19 - [MESSAGE][PASSED] - Delayed 1 second(s)

2024-02-03 22:59:19 - [TEST_STEP][PASSED] - switch (Paymenttype): null

2024-02-03 22:59:19 - [TEST_STEP][PASSED] - case "New Tax Return Amount Due":: null

2024-02-03 22:59:19 - [TEST_STEP][PASSED] - selectOptionByLabel(findTestObject("Object Repository/RAD_Pages/Landing_Page/select_NewTaxReturnAmountDue_TaxType"), Taxtype, false): All options with label 'Bay Restoration Fee' are selected in object 'Object Repository/RAD_Pages/Landing_Page/select_NewTaxReturnAmountDue_TaxType' 

2024-02-03 22:59:20 - [MESSAGE][PASSED] - All options with label 'Bay Restoration Fee' are selected in object 'Object Repository/RAD_Pages/Landing_Page/select_NewTaxReturnAmountDue_TaxType' 

2024-02-03 22:59:20 - [TEST_STEP][PASSED] - break: null

2024-02-03 22:59:20 - [TEST_STEP][PASSED] - delay(1): Delayed 1 second(s)

2024-02-03 22:59:21 - [MESSAGE][PASSED] - Delayed 1 second(s)

2024-02-03 22:59:21 - [TEST_STEP][PASSED] - switch (Paymenttype): null

2024-02-03 22:59:21 - [TEST_STEP][PASSED] - case "New Tax Return Amount Due":: null

2024-02-03 22:59:21 - [TEST_STEP][PASSED] - setEncryptedText(findTestObject(orPath_TaxInfo + "/input_FederalEIN-2"), "RigbBhfdqOBDK95asqKeHw=="): Text ****** has been set on object 'Object Repository/RAD_Pages/TaxInfo_Page/input_FederalEIN-2'

2024-02-03 22:59:21 - [MESSAGE][PASSED] - Text ****** has been set on object 'Object Repository/RAD_Pages/TaxInfo_Page/input_FederalEIN-2'

2024-02-03 22:59:21 - [TEST_STEP][PASSED] - setEncryptedText(findTestObject(orPath_TaxInfo + "/input_FederalEIN_ReEnter-2"), ""): Text ****** has been set on object 'Object Repository/RAD_Pages/TaxInfo_Page/input_FederalEIN_ReEnter-2'

2024-02-03 22:59:22 - [MESSAGE][PASSED] - Text ****** has been set on object 'Object Repository/RAD_Pages/TaxInfo_Page/input_FederalEIN_ReEnter-2'

2024-02-03 22:59:22 - [TEST_STEP][PASSED] - break: null

2024-02-03 22:59:22 - [TEST_STEP][PASSED] - verifyTextPresent("Please enter a valid FEIN with 9 digits.", true): Text 'Please enter a valid FEIN with 9 digits.' is present on page  using regular expression

2024-02-03 22:59:22 - [MESSAGE][PASSED] - Text 'Please enter a valid FEIN with 9 digits.' is present on page  using regular expression

2024-02-03 22:59:22 - [TEST_STEP][PASSED] - if (verifyTextPresent("Please enter a valid FEIN with 9 digits.", true)): null

2024-02-03 22:59:23 - [MESSAGE][PASSED] - Text 'Please enter a valid FEIN with 9 digits.' is present on page  using regular expression

2024-02-03 22:59:23 - [TEST_STEP][PASSED] - println("Error Message is present on the page"): null

2024-02-03 22:59:23 - [TEST_STEP][PASSED] - out.println("Pass Record Number: " + row): null

2024-02-03 22:59:23 - [TEST_STEP][PASSED] - resText = "Pass": null

2024-02-03 22:59:23 - [TEST_STEP][PASSED] - pages.WriteExcel.demoKey(resText, datText, resColumn, datCloumn, fileLoc, nameSheet, row): pages.WriteExcel.demoKey is PASSED

2024-02-03 22:59:23 - [MESSAGE][PASSED] - pages.WriteExcel.demoKey is PASSED

2024-02-03 22:59:23 - [TEST_STEP][PASSED] - ExecuteTC = findTestData(dataFile).getValue("Execute", row): null

2024-02-03 22:59:23 - [TEST_STEP][PASSED] - Taxtype = findTestData(dataFile).getValue("TaxType", row): null

2024-02-03 22:59:23 - [TEST_STEP][PASSED] - Paymenttype = findTestData(dataFile).getValue("PaymentType", row): null

2024-02-03 22:59:23 - [TEST_STEP][PASSED] - out.println("Value of Execute is : " + ExecuteTC): null

2024-02-03 22:59:23 - [TEST_STEP][PASSED] - if (ExecuteTC.equalsIgnoreCase("Y")): null

2024-02-03 22:59:23 - [TEST_STEP][PASSED] - out.println("Begin Record Number: " + row): null

2024-02-03 22:59:23 - [TEST_STEP][PASSED] - today = new java.util.Date(): null

2024-02-03 22:59:23 - [TEST_STEP][PASSED] - println(today): null

2024-02-03 22:59:23 - [TEST_STEP][PASSED] - datText = today: null

2024-02-03 22:59:23 - [TEST_STEP][PASSED] - Taxtype = findTestData(dataFile).getValue("TaxType", row): null

2024-02-03 22:59:23 - [TEST_STEP][PASSED] - out.println("Taxtype value is : " + Taxtype): null

2024-02-03 22:59:23 - [TEST_STEP][PASSED] - openBrowser(""): Browser is opened with url: ''

2024-02-03 22:59:23 - [MESSAGE][WARNING] - A browser is already opened. Closing browser and opening a new one

2024-02-03 22:59:24 - [MESSAGE][INFO] - Starting 'Chrome' driver

2024-02-03 22:59:24 - [MESSAGE][INFO] - User set preference: ['acceptInsecureCerts', 'true']

2024-02-03 22:59:24 - [MESSAGE][INFO] - Action delay is set to 0 milliseconds

2024-02-03 22:59:26 - [MESSAGE][PASSED] - Browser is opened with url: ''

2024-02-03 22:59:26 - [TEST_STEP][PASSED] - maximizeWindow(): Current window maximized

2024-02-03 22:59:26 - [MESSAGE][PASSED] - Current window maximized

2024-02-03 22:59:26 - [TEST_STEP][PASSED] - navigateToUrl(RADurl): Navigate to 'https://qa2.velocitypayment.com/client/rad/index.html' successfully

2024-02-03 22:59:26 - [MESSAGE][PASSED] - Navigate to 'https://qa2.velocitypayment.com/client/rad/index.html' successfully

2024-02-03 22:59:26 - [TEST_STEP][PASSED] - orPath_Landing = "Object Repository/RAD_Pages/Landing_Page": null

2024-02-03 22:59:26 - [TEST_STEP][PASSED] - orPath_TaxTypeFilingYear = "Object Repository/RAD_Pages/TaxTypeFilingYear_Page": null

2024-02-03 22:59:26 - [TEST_STEP][PASSED] - orPath_TaxPayer = "Object Repository/RAD_Pages/Taxpayer_Page": null

2024-02-03 22:59:26 - [TEST_STEP][PASSED] - orPath_AddressContact = "Object Repository/RAD_Pages/AddressAndContactInfo_Page": null

2024-02-03 22:59:26 - [TEST_STEP][PASSED] - orPath_FilingStatus = "Object Repository/RAD_Pages/FilingStatus_Page": null

2024-02-03 22:59:26 - [TEST_STEP][PASSED] - orPath_Amount = "Object Repository/RAD_Pages/PaymentAmount_Page": null

2024-02-03 22:59:26 - [TEST_STEP][PASSED] - orPath_TaxInfo = "Object Repository/RAD_Pages/TaxInfo_Page": null

2024-02-03 22:59:26 - [TEST_STEP][PASSED] - orPath_Withholding = "Object Repository/RAD_Pages/Withholding_Page": null

2024-02-03 22:59:26 - [TEST_STEP][PASSED] - orPath_Summary = "Object Repository/RAD_Pages/Summary_Page": null

2024-02-03 22:59:26 - [TEST_STEP][PASSED] - orPath_PaymentReady = "Object Repository/RAD_Pages/PaymentReady_Page": null

2024-02-03 22:59:26 - [TEST_STEP][PASSED] - orPath_PaymentEntry = "Object Repository/RAD_Pages/PaymentEntry_Page": null

2024-02-03 22:59:26 - [TEST_STEP][PASSED] - orPath_PaymentConfirmation = "Object Repository/RAD_Pages/PaymentConfirmation_Page": null

2024-02-03 22:59:26 - [TEST_STEP][PASSED] - orPath_ServiceFeesAccept = "Object Repository/RAD_Pages/ServiceFeeAccept_Page": null

2024-02-03 22:59:26 - [TEST_STEP][PASSED] - selectOptionByLabel(findTestObject(orPath_Landing + "/dd_TaxType"), Paymenttype, false): All options with label 'New Tax Return Amount Due' are selected in object 'Object Repository/RAD_Pages/Landing_Page/dd_TaxType' 

2024-02-03 22:59:28 - [MESSAGE][PASSED] - All options with label 'New Tax Return Amount Due' are selected in object 'Object Repository/RAD_Pages/Landing_Page/dd_TaxType' 

2024-02-03 22:59:28 - [TEST_STEP][PASSED] - delay(1): Delayed 1 second(s)

2024-02-03 22:59:29 - [MESSAGE][PASSED] - Delayed 1 second(s)

2024-02-03 22:59:29 - [TEST_STEP][PASSED] - switch (Paymenttype): null

2024-02-03 22:59:29 - [TEST_STEP][PASSED] - case "New Tax Return Amount Due":: null

2024-02-03 22:59:29 - [TEST_STEP][PASSED] - selectOptionByLabel(findTestObject("Object Repository/RAD_Pages/Landing_Page/select_NewTaxReturnAmountDue_TaxType"), Taxtype, false): All options with label 'Corporate Income Tax' are selected in object 'Object Repository/RAD_Pages/Landing_Page/select_NewTaxReturnAmountDue_TaxType' 

2024-02-03 22:59:30 - [MESSAGE][PASSED] - All options with label 'Corporate Income Tax' are selected in object 'Object Repository/RAD_Pages/Landing_Page/select_NewTaxReturnAmountDue_TaxType' 

2024-02-03 22:59:30 - [TEST_STEP][PASSED] - break: null

2024-02-03 22:59:30 - [TEST_STEP][PASSED] - delay(1): Delayed 1 second(s)

2024-02-03 22:59:31 - [MESSAGE][PASSED] - Delayed 1 second(s)

2024-02-03 22:59:31 - [TEST_STEP][PASSED] - switch (Paymenttype): null

2024-02-03 22:59:31 - [TEST_STEP][PASSED] - case "New Tax Return Amount Due":: null

2024-02-03 22:59:31 - [TEST_STEP][PASSED] - setEncryptedText(findTestObject(orPath_TaxInfo + "/input_FederalEIN-2"), "RigbBhfdqOBDK95asqKeHw=="): Text ****** has been set on object 'Object Repository/RAD_Pages/TaxInfo_Page/input_FederalEIN-2'

2024-02-03 22:59:31 - [MESSAGE][PASSED] - Text ****** has been set on object 'Object Repository/RAD_Pages/TaxInfo_Page/input_FederalEIN-2'

2024-02-03 22:59:31 - [TEST_STEP][PASSED] - setEncryptedText(findTestObject(orPath_TaxInfo + "/input_FederalEIN_ReEnter-2"), ""): Text ****** has been set on object 'Object Repository/RAD_Pages/TaxInfo_Page/input_FederalEIN_ReEnter-2'

2024-02-03 22:59:32 - [MESSAGE][PASSED] - Text ****** has been set on object 'Object Repository/RAD_Pages/TaxInfo_Page/input_FederalEIN_ReEnter-2'

2024-02-03 22:59:32 - [TEST_STEP][PASSED] - break: null

2024-02-03 22:59:32 - [TEST_STEP][PASSED] - verifyTextPresent("Please enter a valid FEIN with 9 digits.", true): Text 'Please enter a valid FEIN with 9 digits.' is present on page  using regular expression

2024-02-03 22:59:33 - [MESSAGE][PASSED] - Text 'Please enter a valid FEIN with 9 digits.' is present on page  using regular expression

2024-02-03 22:59:33 - [TEST_STEP][PASSED] - if (verifyTextPresent("Please enter a valid FEIN with 9 digits.", true)): null

2024-02-03 22:59:33 - [MESSAGE][PASSED] - Text 'Please enter a valid FEIN with 9 digits.' is present on page  using regular expression

2024-02-03 22:59:33 - [TEST_STEP][PASSED] - println("Error Message is present on the page"): null

2024-02-03 22:59:33 - [TEST_STEP][PASSED] - out.println("Pass Record Number: " + row): null

2024-02-03 22:59:33 - [TEST_STEP][PASSED] - resText = "Pass": null

2024-02-03 22:59:33 - [TEST_STEP][PASSED] - pages.WriteExcel.demoKey(resText, datText, resColumn, datCloumn, fileLoc, nameSheet, row): pages.WriteExcel.demoKey is PASSED

2024-02-03 22:59:33 - [MESSAGE][PASSED] - pages.WriteExcel.demoKey is PASSED

2024-02-03 22:59:33 - [TEST_STEP][PASSED] - ExecuteTC = findTestData(dataFile).getValue("Execute", row): null

2024-02-03 22:59:33 - [TEST_STEP][PASSED] - Taxtype = findTestData(dataFile).getValue("TaxType", row): null

2024-02-03 22:59:33 - [TEST_STEP][PASSED] - Paymenttype = findTestData(dataFile).getValue("PaymentType", row): null

2024-02-03 22:59:33 - [TEST_STEP][PASSED] - out.println("Value of Execute is : " + ExecuteTC): null

2024-02-03 22:59:33 - [TEST_STEP][PASSED] - if (ExecuteTC.equalsIgnoreCase("Y")): null

2024-02-03 22:59:33 - [TEST_STEP][PASSED] - out.println("Begin Record Number: " + row): null

2024-02-03 22:59:33 - [TEST_STEP][PASSED] - today = new java.util.Date(): null

2024-02-03 22:59:33 - [TEST_STEP][PASSED] - println(today): null

2024-02-03 22:59:33 - [TEST_STEP][PASSED] - datText = today: null

2024-02-03 22:59:33 - [TEST_STEP][PASSED] - Taxtype = findTestData(dataFile).getValue("TaxType", row): null

2024-02-03 22:59:33 - [TEST_STEP][PASSED] - out.println("Taxtype value is : " + Taxtype): null

2024-02-03 22:59:33 - [TEST_STEP][PASSED] - openBrowser(""): Browser is opened with url: ''

2024-02-03 22:59:33 - [MESSAGE][WARNING] - A browser is already opened. Closing browser and opening a new one

2024-02-03 22:59:34 - [MESSAGE][INFO] - Starting 'Chrome' driver

2024-02-03 22:59:34 - [MESSAGE][INFO] - User set preference: ['acceptInsecureCerts', 'true']

2024-02-03 22:59:34 - [MESSAGE][INFO] - Action delay is set to 0 milliseconds

2024-02-03 22:59:36 - [MESSAGE][PASSED] - Browser is opened with url: ''

2024-02-03 22:59:36 - [TEST_STEP][PASSED] - maximizeWindow(): Current window maximized

2024-02-03 22:59:36 - [MESSAGE][PASSED] - Current window maximized

2024-02-03 22:59:36 - [TEST_STEP][PASSED] - navigateToUrl(RADurl): Navigate to 'https://qa2.velocitypayment.com/client/rad/index.html' successfully

2024-02-03 22:59:38 - [MESSAGE][PASSED] - Navigate to 'https://qa2.velocitypayment.com/client/rad/index.html' successfully

2024-02-03 22:59:38 - [TEST_STEP][PASSED] - orPath_Landing = "Object Repository/RAD_Pages/Landing_Page": null

2024-02-03 22:59:38 - [TEST_STEP][PASSED] - orPath_TaxTypeFilingYear = "Object Repository/RAD_Pages/TaxTypeFilingYear_Page": null

2024-02-03 22:59:38 - [TEST_STEP][PASSED] - orPath_TaxPayer = "Object Repository/RAD_Pages/Taxpayer_Page": null

2024-02-03 22:59:38 - [TEST_STEP][PASSED] - orPath_AddressContact = "Object Repository/RAD_Pages/AddressAndContactInfo_Page": null

2024-02-03 22:59:38 - [TEST_STEP][PASSED] - orPath_FilingStatus = "Object Repository/RAD_Pages/FilingStatus_Page": null

2024-02-03 22:59:38 - [TEST_STEP][PASSED] - orPath_Amount = "Object Repository/RAD_Pages/PaymentAmount_Page": null

2024-02-03 22:59:38 - [TEST_STEP][PASSED] - orPath_TaxInfo = "Object Repository/RAD_Pages/TaxInfo_Page": null

2024-02-03 22:59:38 - [TEST_STEP][PASSED] - orPath_Withholding = "Object Repository/RAD_Pages/Withholding_Page": null

2024-02-03 22:59:38 - [TEST_STEP][PASSED] - orPath_Summary = "Object Repository/RAD_Pages/Summary_Page": null

2024-02-03 22:59:38 - [TEST_STEP][PASSED] - orPath_PaymentReady = "Object Repository/RAD_Pages/PaymentReady_Page": null

2024-02-03 22:59:38 - [TEST_STEP][PASSED] - orPath_PaymentEntry = "Object Repository/RAD_Pages/PaymentEntry_Page": null

2024-02-03 22:59:38 - [TEST_STEP][PASSED] - orPath_PaymentConfirmation = "Object Repository/RAD_Pages/PaymentConfirmation_Page": null

2024-02-03 22:59:38 - [TEST_STEP][PASSED] - orPath_ServiceFeesAccept = "Object Repository/RAD_Pages/ServiceFeeAccept_Page": null

2024-02-03 22:59:38 - [TEST_STEP][PASSED] - selectOptionByLabel(findTestObject(orPath_Landing + "/dd_TaxType"), Paymenttype, false): All options with label 'New Tax Return Amount Due' are selected in object 'Object Repository/RAD_Pages/Landing_Page/dd_TaxType' 

2024-02-03 22:59:39 - [MESSAGE][PASSED] - All options with label 'New Tax Return Amount Due' are selected in object 'Object Repository/RAD_Pages/Landing_Page/dd_TaxType' 

2024-02-03 22:59:39 - [TEST_STEP][PASSED] - delay(1): Delayed 1 second(s)

2024-02-03 22:59:40 - [MESSAGE][PASSED] - Delayed 1 second(s)

2024-02-03 22:59:40 - [TEST_STEP][PASSED] - switch (Paymenttype): null

2024-02-03 22:59:40 - [TEST_STEP][PASSED] - case "New Tax Return Amount Due":: null

2024-02-03 22:59:40 - [TEST_STEP][PASSED] - selectOptionByLabel(findTestObject("Object Repository/RAD_Pages/Landing_Page/select_NewTaxReturnAmountDue_TaxType"), Taxtype, false): All options with label 'Motor Fuel Tax' are selected in object 'Object Repository/RAD_Pages/Landing_Page/select_NewTaxReturnAmountDue_TaxType' 

2024-02-03 22:59:40 - [MESSAGE][PASSED] - All options with label 'Motor Fuel Tax' are selected in object 'Object Repository/RAD_Pages/Landing_Page/select_NewTaxReturnAmountDue_TaxType' 

2024-02-03 22:59:40 - [TEST_STEP][PASSED] - break: null

2024-02-03 22:59:40 - [TEST_STEP][PASSED] - delay(1): Delayed 1 second(s)

2024-02-03 22:59:41 - [MESSAGE][PASSED] - Delayed 1 second(s)

2024-02-03 22:59:41 - [TEST_STEP][PASSED] - switch (Paymenttype): null

2024-02-03 22:59:41 - [TEST_STEP][PASSED] - case "New Tax Return Amount Due":: null

2024-02-03 22:59:41 - [TEST_STEP][PASSED] - setEncryptedText(findTestObject(orPath_TaxInfo + "/input_FederalEIN-2"), "RigbBhfdqOBDK95asqKeHw=="): Text ****** has been set on object 'Object Repository/RAD_Pages/TaxInfo_Page/input_FederalEIN-2'

2024-02-03 22:59:42 - [MESSAGE][PASSED] - Text ****** has been set on object 'Object Repository/RAD_Pages/TaxInfo_Page/input_FederalEIN-2'

2024-02-03 22:59:42 - [TEST_STEP][PASSED] - setEncryptedText(findTestObject(orPath_TaxInfo + "/input_FederalEIN_ReEnter-2"), ""): Text ****** has been set on object 'Object Repository/RAD_Pages/TaxInfo_Page/input_FederalEIN_ReEnter-2'

2024-02-03 22:59:43 - [MESSAGE][PASSED] - Text ****** has been set on object 'Object Repository/RAD_Pages/TaxInfo_Page/input_FederalEIN_ReEnter-2'

2024-02-03 22:59:43 - [TEST_STEP][PASSED] - break: null

2024-02-03 22:59:43 - [TEST_STEP][PASSED] - verifyTextPresent("Please enter a valid FEIN with 9 digits.", true): Text 'Please enter a valid FEIN with 9 digits.' is present on page  using regular expression

2024-02-03 22:59:43 - [MESSAGE][PASSED] - Text 'Please enter a valid FEIN with 9 digits.' is present on page  using regular expression

2024-02-03 22:59:43 - [TEST_STEP][PASSED] - if (verifyTextPresent("Please enter a valid FEIN with 9 digits.", true)): null

2024-02-03 22:59:44 - [MESSAGE][PASSED] - Text 'Please enter a valid FEIN with 9 digits.' is present on page  using regular expression

2024-02-03 22:59:44 - [TEST_STEP][PASSED] - println("Error Message is present on the page"): null

2024-02-03 22:59:44 - [TEST_STEP][PASSED] - out.println("Pass Record Number: " + row): null

2024-02-03 22:59:44 - [TEST_STEP][PASSED] - resText = "Pass": null

2024-02-03 22:59:44 - [TEST_STEP][PASSED] - pages.WriteExcel.demoKey(resText, datText, resColumn, datCloumn, fileLoc, nameSheet, row): pages.WriteExcel.demoKey is PASSED

2024-02-03 22:59:44 - [MESSAGE][PASSED] - pages.WriteExcel.demoKey is PASSED

2024-02-03 22:59:44 - [TEST_STEP][PASSED] - ExecuteTC = findTestData(dataFile).getValue("Execute", row): null

2024-02-03 22:59:44 - [TEST_STEP][PASSED] - Taxtype = findTestData(dataFile).getValue("TaxType", row): null

2024-02-03 22:59:44 - [TEST_STEP][PASSED] - Paymenttype = findTestData(dataFile).getValue("PaymentType", row): null

2024-02-03 22:59:44 - [TEST_STEP][PASSED] - out.println("Value of Execute is : " + ExecuteTC): null

2024-02-03 22:59:44 - [TEST_STEP][PASSED] - if (ExecuteTC.equalsIgnoreCase("Y")): null

2024-02-03 22:59:44 - [TEST_STEP][PASSED] - out.println("Begin Record Number: " + row): null

2024-02-03 22:59:44 - [TEST_STEP][PASSED] - today = new java.util.Date(): null

2024-02-03 22:59:44 - [TEST_STEP][PASSED] - println(today): null

2024-02-03 22:59:44 - [TEST_STEP][PASSED] - datText = today: null

2024-02-03 22:59:44 - [TEST_STEP][PASSED] - Taxtype = findTestData(dataFile).getValue("TaxType", row): null

2024-02-03 22:59:44 - [TEST_STEP][PASSED] - out.println("Taxtype value is : " + Taxtype): null

2024-02-03 22:59:44 - [TEST_STEP][PASSED] - openBrowser(""): Browser is opened with url: ''

2024-02-03 22:59:44 - [MESSAGE][WARNING] - A browser is already opened. Closing browser and opening a new one

2024-02-03 22:59:45 - [MESSAGE][INFO] - Starting 'Chrome' driver

2024-02-03 22:59:45 - [MESSAGE][INFO] - User set preference: ['acceptInsecureCerts', 'true']

2024-02-03 22:59:45 - [MESSAGE][INFO] - Action delay is set to 0 milliseconds

2024-02-03 22:59:47 - [MESSAGE][PASSED] - Browser is opened with url: ''

2024-02-03 22:59:47 - [TEST_STEP][PASSED] - maximizeWindow(): Current window maximized

2024-02-03 22:59:47 - [MESSAGE][PASSED] - Current window maximized

2024-02-03 22:59:47 - [TEST_STEP][PASSED] - navigateToUrl(RADurl): Navigate to 'https://qa2.velocitypayment.com/client/rad/index.html' successfully

2024-02-03 22:59:48 - [MESSAGE][PASSED] - Navigate to 'https://qa2.velocitypayment.com/client/rad/index.html' successfully

2024-02-03 22:59:48 - [TEST_STEP][PASSED] - orPath_Landing = "Object Repository/RAD_Pages/Landing_Page": null

2024-02-03 22:59:48 - [TEST_STEP][PASSED] - orPath_TaxTypeFilingYear = "Object Repository/RAD_Pages/TaxTypeFilingYear_Page": null

2024-02-03 22:59:48 - [TEST_STEP][PASSED] - orPath_TaxPayer = "Object Repository/RAD_Pages/Taxpayer_Page": null

2024-02-03 22:59:48 - [TEST_STEP][PASSED] - orPath_AddressContact = "Object Repository/RAD_Pages/AddressAndContactInfo_Page": null

2024-02-03 22:59:48 - [TEST_STEP][PASSED] - orPath_FilingStatus = "Object Repository/RAD_Pages/FilingStatus_Page": null

2024-02-03 22:59:48 - [TEST_STEP][PASSED] - orPath_Amount = "Object Repository/RAD_Pages/PaymentAmount_Page": null

2024-02-03 22:59:48 - [TEST_STEP][PASSED] - orPath_TaxInfo = "Object Repository/RAD_Pages/TaxInfo_Page": null

2024-02-03 22:59:48 - [TEST_STEP][PASSED] - orPath_Withholding = "Object Repository/RAD_Pages/Withholding_Page": null

2024-02-03 22:59:48 - [TEST_STEP][PASSED] - orPath_Summary = "Object Repository/RAD_Pages/Summary_Page": null

2024-02-03 22:59:48 - [TEST_STEP][PASSED] - orPath_PaymentReady = "Object Repository/RAD_Pages/PaymentReady_Page": null

2024-02-03 22:59:48 - [TEST_STEP][PASSED] - orPath_PaymentEntry = "Object Repository/RAD_Pages/PaymentEntry_Page": null

2024-02-03 22:59:48 - [TEST_STEP][PASSED] - orPath_PaymentConfirmation = "Object Repository/RAD_Pages/PaymentConfirmation_Page": null

2024-02-03 22:59:48 - [TEST_STEP][PASSED] - orPath_ServiceFeesAccept = "Object Repository/RAD_Pages/ServiceFeeAccept_Page": null

2024-02-03 22:59:48 - [TEST_STEP][PASSED] - selectOptionByLabel(findTestObject(orPath_Landing + "/dd_TaxType"), Paymenttype, false): All options with label 'New Tax Return Amount Due' are selected in object 'Object Repository/RAD_Pages/Landing_Page/dd_TaxType' 

2024-02-03 22:59:49 - [MESSAGE][PASSED] - All options with label 'New Tax Return Amount Due' are selected in object 'Object Repository/RAD_Pages/Landing_Page/dd_TaxType' 

2024-02-03 22:59:49 - [TEST_STEP][PASSED] - delay(1): Delayed 1 second(s)

2024-02-03 22:59:50 - [MESSAGE][PASSED] - Delayed 1 second(s)

2024-02-03 22:59:50 - [TEST_STEP][PASSED] - switch (Paymenttype): null

2024-02-03 22:59:50 - [TEST_STEP][PASSED] - case "New Tax Return Amount Due":: null

2024-02-03 22:59:50 - [TEST_STEP][PASSED] - selectOptionByLabel(findTestObject("Object Repository/RAD_Pages/Landing_Page/select_NewTaxReturnAmountDue_TaxType"), Taxtype, false): All options with label 'Sales and Use Tax' are selected in object 'Object Repository/RAD_Pages/Landing_Page/select_NewTaxReturnAmountDue_TaxType' 

2024-02-03 22:59:51 - [MESSAGE][PASSED] - All options with label 'Sales and Use Tax' are selected in object 'Object Repository/RAD_Pages/Landing_Page/select_NewTaxReturnAmountDue_TaxType' 

2024-02-03 22:59:51 - [TEST_STEP][PASSED] - break: null

2024-02-03 22:59:51 - [TEST_STEP][PASSED] - delay(1): Delayed 1 second(s)

2024-02-03 22:59:52 - [MESSAGE][PASSED] - Delayed 1 second(s)

2024-02-03 22:59:52 - [TEST_STEP][PASSED] - switch (Paymenttype): null

2024-02-03 22:59:52 - [TEST_STEP][PASSED] - case "New Tax Return Amount Due":: null

2024-02-03 22:59:52 - [TEST_STEP][PASSED] - setEncryptedText(findTestObject(orPath_TaxInfo + "/input_FederalEIN-2"), "RigbBhfdqOBDK95asqKeHw=="): Text ****** has been set on object 'Object Repository/RAD_Pages/TaxInfo_Page/input_FederalEIN-2'

2024-02-03 22:59:52 - [MESSAGE][PASSED] - Text ****** has been set on object 'Object Repository/RAD_Pages/TaxInfo_Page/input_FederalEIN-2'

2024-02-03 22:59:52 - [TEST_STEP][PASSED] - setEncryptedText(findTestObject(orPath_TaxInfo + "/input_FederalEIN_ReEnter-2"), ""): Text ****** has been set on object 'Object Repository/RAD_Pages/TaxInfo_Page/input_FederalEIN_ReEnter-2'

2024-02-03 22:59:53 - [MESSAGE][PASSED] - Text ****** has been set on object 'Object Repository/RAD_Pages/TaxInfo_Page/input_FederalEIN_ReEnter-2'

2024-02-03 22:59:53 - [TEST_STEP][PASSED] - break: null

2024-02-03 22:59:53 - [TEST_STEP][PASSED] - verifyTextPresent("Please enter a valid FEIN with 9 digits.", true): Text 'Please enter a valid FEIN with 9 digits.' is present on page  using regular expression

2024-02-03 22:59:53 - [MESSAGE][PASSED] - Text 'Please enter a valid FEIN with 9 digits.' is present on page  using regular expression

2024-02-03 22:59:53 - [TEST_STEP][PASSED] - if (verifyTextPresent("Please enter a valid FEIN with 9 digits.", true)): null

2024-02-03 22:59:54 - [MESSAGE][PASSED] - Text 'Please enter a valid FEIN with 9 digits.' is present on page  using regular expression

2024-02-03 22:59:54 - [TEST_STEP][PASSED] - println("Error Message is present on the page"): null

2024-02-03 22:59:54 - [TEST_STEP][PASSED] - out.println("Pass Record Number: " + row): null

2024-02-03 22:59:54 - [TEST_STEP][PASSED] - resText = "Pass": null

2024-02-03 22:59:54 - [TEST_STEP][PASSED] - pages.WriteExcel.demoKey(resText, datText, resColumn, datCloumn, fileLoc, nameSheet, row): pages.WriteExcel.demoKey is PASSED

2024-02-03 22:59:54 - [MESSAGE][PASSED] - pages.WriteExcel.demoKey is PASSED

2024-02-03 22:59:54 - [TEST_STEP][PASSED] - ExecuteTC = findTestData(dataFile).getValue("Execute", row): null

2024-02-03 22:59:54 - [TEST_STEP][PASSED] - Taxtype = findTestData(dataFile).getValue("TaxType", row): null

2024-02-03 22:59:54 - [TEST_STEP][PASSED] - Paymenttype = findTestData(dataFile).getValue("PaymentType", row): null

2024-02-03 22:59:54 - [TEST_STEP][PASSED] - out.println("Value of Execute is : " + ExecuteTC): null

2024-02-03 22:59:54 - [TEST_STEP][PASSED] - if (ExecuteTC.equalsIgnoreCase("Y")): null

2024-02-03 22:59:54 - [TEST_STEP][PASSED] - out.println("Begin Record Number: " + row): null

2024-02-03 22:59:54 - [TEST_STEP][PASSED] - today = new java.util.Date(): null

2024-02-03 22:59:54 - [TEST_STEP][PASSED] - println(today): null

2024-02-03 22:59:54 - [TEST_STEP][PASSED] - datText = today: null

2024-02-03 22:59:54 - [TEST_STEP][PASSED] - Taxtype = findTestData(dataFile).getValue("TaxType", row): null

2024-02-03 22:59:54 - [TEST_STEP][PASSED] - out.println("Taxtype value is : " + Taxtype): null

2024-02-03 22:59:54 - [TEST_STEP][PASSED] - openBrowser(""): Browser is opened with url: ''

2024-02-03 22:59:54 - [MESSAGE][WARNING] - A browser is already opened. Closing browser and opening a new one

2024-02-03 22:59:55 - [MESSAGE][INFO] - Starting 'Chrome' driver

2024-02-03 22:59:55 - [MESSAGE][INFO] - User set preference: ['acceptInsecureCerts', 'true']

2024-02-03 22:59:55 - [MESSAGE][INFO] - Action delay is set to 0 milliseconds

2024-02-03 22:59:57 - [MESSAGE][PASSED] - Browser is opened with url: ''

2024-02-03 22:59:57 - [TEST_STEP][PASSED] - maximizeWindow(): Current window maximized

2024-02-03 22:59:57 - [MESSAGE][PASSED] - Current window maximized

2024-02-03 22:59:57 - [TEST_STEP][PASSED] - navigateToUrl(RADurl): Navigate to 'https://qa2.velocitypayment.com/client/rad/index.html' successfully

2024-02-03 23:00:01 - [MESSAGE][PASSED] - Navigate to 'https://qa2.velocitypayment.com/client/rad/index.html' successfully

2024-02-03 23:00:01 - [TEST_STEP][PASSED] - orPath_Landing = "Object Repository/RAD_Pages/Landing_Page": null

2024-02-03 23:00:01 - [TEST_STEP][PASSED] - orPath_TaxTypeFilingYear = "Object Repository/RAD_Pages/TaxTypeFilingYear_Page": null

2024-02-03 23:00:01 - [TEST_STEP][PASSED] - orPath_TaxPayer = "Object Repository/RAD_Pages/Taxpayer_Page": null

2024-02-03 23:00:01 - [TEST_STEP][PASSED] - orPath_AddressContact = "Object Repository/RAD_Pages/AddressAndContactInfo_Page": null

2024-02-03 23:00:01 - [TEST_STEP][PASSED] - orPath_FilingStatus = "Object Repository/RAD_Pages/FilingStatus_Page": null

2024-02-03 23:00:01 - [TEST_STEP][PASSED] - orPath_Amount = "Object Repository/RAD_Pages/PaymentAmount_Page": null

2024-02-03 23:00:01 - [TEST_STEP][PASSED] - orPath_TaxInfo = "Object Repository/RAD_Pages/TaxInfo_Page": null

2024-02-03 23:00:01 - [TEST_STEP][PASSED] - orPath_Withholding = "Object Repository/RAD_Pages/Withholding_Page": null

2024-02-03 23:00:01 - [TEST_STEP][PASSED] - orPath_Summary = "Object Repository/RAD_Pages/Summary_Page": null

2024-02-03 23:00:01 - [TEST_STEP][PASSED] - orPath_PaymentReady = "Object Repository/RAD_Pages/PaymentReady_Page": null

2024-02-03 23:00:01 - [TEST_STEP][PASSED] - orPath_PaymentEntry = "Object Repository/RAD_Pages/PaymentEntry_Page": null

2024-02-03 23:00:01 - [TEST_STEP][PASSED] - orPath_PaymentConfirmation = "Object Repository/RAD_Pages/PaymentConfirmation_Page": null

2024-02-03 23:00:01 - [TEST_STEP][PASSED] - orPath_ServiceFeesAccept = "Object Repository/RAD_Pages/ServiceFeeAccept_Page": null

2024-02-03 23:00:01 - [TEST_STEP][PASSED] - selectOptionByLabel(findTestObject(orPath_Landing + "/dd_TaxType"), Paymenttype, false): All options with label 'New Tax Return Amount Due' are selected in object 'Object Repository/RAD_Pages/Landing_Page/dd_TaxType' 

2024-02-03 23:00:01 - [MESSAGE][PASSED] - All options with label 'New Tax Return Amount Due' are selected in object 'Object Repository/RAD_Pages/Landing_Page/dd_TaxType' 

2024-02-03 23:00:01 - [TEST_STEP][PASSED] - delay(1): Delayed 1 second(s)

2024-02-03 23:00:02 - [MESSAGE][PASSED] - Delayed 1 second(s)

2024-02-03 23:00:02 - [TEST_STEP][PASSED] - switch (Paymenttype): null

2024-02-03 23:00:02 - [TEST_STEP][PASSED] - case "New Tax Return Amount Due":: null

2024-02-03 23:00:02 - [TEST_STEP][PASSED] - selectOptionByLabel(findTestObject("Object Repository/RAD_Pages/Landing_Page/select_NewTaxReturnAmountDue_TaxType"), Taxtype, false): All options with label 'Slots License Fee' are selected in object 'Object Repository/RAD_Pages/Landing_Page/select_NewTaxReturnAmountDue_TaxType' 

2024-02-03 23:00:03 - [MESSAGE][PASSED] - All options with label 'Slots License Fee' are selected in object 'Object Repository/RAD_Pages/Landing_Page/select_NewTaxReturnAmountDue_TaxType' 

2024-02-03 23:00:03 - [TEST_STEP][PASSED] - break: null

2024-02-03 23:00:03 - [TEST_STEP][PASSED] - delay(1): Delayed 1 second(s)

2024-02-03 23:00:04 - [MESSAGE][PASSED] - Delayed 1 second(s)

2024-02-03 23:00:04 - [TEST_STEP][PASSED] - switch (Paymenttype): null

2024-02-03 23:00:04 - [TEST_STEP][PASSED] - case "New Tax Return Amount Due":: null

2024-02-03 23:00:04 - [TEST_STEP][PASSED] - setEncryptedText(findTestObject(orPath_TaxInfo + "/input_FederalEIN-2"), "RigbBhfdqOBDK95asqKeHw=="): Text ****** has been set on object 'Object Repository/RAD_Pages/TaxInfo_Page/input_FederalEIN-2'

2024-02-03 23:00:04 - [MESSAGE][PASSED] - Text ****** has been set on object 'Object Repository/RAD_Pages/TaxInfo_Page/input_FederalEIN-2'

2024-02-03 23:00:04 - [TEST_STEP][PASSED] - setEncryptedText(findTestObject(orPath_TaxInfo + "/input_FederalEIN_ReEnter-2"), ""): Text ****** has been set on object 'Object Repository/RAD_Pages/TaxInfo_Page/input_FederalEIN_ReEnter-2'

2024-02-03 23:00:05 - [MESSAGE][PASSED] - Text ****** has been set on object 'Object Repository/RAD_Pages/TaxInfo_Page/input_FederalEIN_ReEnter-2'

2024-02-03 23:00:05 - [TEST_STEP][PASSED] - break: null

2024-02-03 23:00:05 - [TEST_STEP][PASSED] - verifyTextPresent("Please enter a valid FEIN with 9 digits.", true): Text 'Please enter a valid FEIN with 9 digits.' is present on page  using regular expression

2024-02-03 23:00:06 - [MESSAGE][PASSED] - Text 'Please enter a valid FEIN with 9 digits.' is present on page  using regular expression

2024-02-03 23:00:06 - [TEST_STEP][PASSED] - if (verifyTextPresent("Please enter a valid FEIN with 9 digits.", true)): null

2024-02-03 23:00:06 - [MESSAGE][PASSED] - Text 'Please enter a valid FEIN with 9 digits.' is present on page  using regular expression

2024-02-03 23:00:06 - [TEST_STEP][PASSED] - println("Error Message is present on the page"): null

2024-02-03 23:00:06 - [TEST_STEP][PASSED] - out.println("Pass Record Number: " + row): null

2024-02-03 23:00:06 - [TEST_STEP][PASSED] - resText = "Pass": null

2024-02-03 23:00:06 - [TEST_STEP][PASSED] - pages.WriteExcel.demoKey(resText, datText, resColumn, datCloumn, fileLoc, nameSheet, row): pages.WriteExcel.demoKey is PASSED

2024-02-03 23:00:06 - [MESSAGE][PASSED] - pages.WriteExcel.demoKey is PASSED

2024-02-03 23:00:06 - [TEST_STEP][PASSED] - ExecuteTC = findTestData(dataFile).getValue("Execute", row): null

2024-02-03 23:00:06 - [TEST_STEP][PASSED] - Taxtype = findTestData(dataFile).getValue("TaxType", row): null

2024-02-03 23:00:06 - [TEST_STEP][PASSED] - Paymenttype = findTestData(dataFile).getValue("PaymentType", row): null

2024-02-03 23:00:06 - [TEST_STEP][PASSED] - out.println("Value of Execute is : " + ExecuteTC): null

2024-02-03 23:00:06 - [TEST_STEP][PASSED] - if (ExecuteTC.equalsIgnoreCase("Y")): null

2024-02-03 23:00:06 - [TEST_STEP][PASSED] - out.println("Begin Record Number: " + row): null

2024-02-03 23:00:06 - [TEST_STEP][PASSED] - today = new java.util.Date(): null

2024-02-03 23:00:06 - [TEST_STEP][PASSED] - println(today): null

2024-02-03 23:00:06 - [TEST_STEP][PASSED] - datText = today: null

2024-02-03 23:00:06 - [TEST_STEP][PASSED] - Taxtype = findTestData(dataFile).getValue("TaxType", row): null

2024-02-03 23:00:06 - [TEST_STEP][PASSED] - out.println("Taxtype value is : " + Taxtype): null

2024-02-03 23:00:06 - [TEST_STEP][PASSED] - openBrowser(""): Browser is opened with url: ''

2024-02-03 23:00:06 - [MESSAGE][WARNING] - A browser is already opened. Closing browser and opening a new one

2024-02-03 23:00:08 - [MESSAGE][INFO] - Starting 'Chrome' driver

2024-02-03 23:00:08 - [MESSAGE][INFO] - User set preference: ['acceptInsecureCerts', 'true']

2024-02-03 23:00:08 - [MESSAGE][INFO] - Action delay is set to 0 milliseconds

2024-02-03 23:00:10 - [MESSAGE][PASSED] - Browser is opened with url: ''

2024-02-03 23:00:10 - [TEST_STEP][PASSED] - maximizeWindow(): Current window maximized

2024-02-03 23:00:10 - [MESSAGE][PASSED] - Current window maximized

2024-02-03 23:00:10 - [TEST_STEP][PASSED] - navigateToUrl(RADurl): Navigate to 'https://qa2.velocitypayment.com/client/rad/index.html' successfully

2024-02-03 23:00:12 - [MESSAGE][PASSED] - Navigate to 'https://qa2.velocitypayment.com/client/rad/index.html' successfully

2024-02-03 23:00:12 - [TEST_STEP][PASSED] - orPath_Landing = "Object Repository/RAD_Pages/Landing_Page": null

2024-02-03 23:00:12 - [TEST_STEP][PASSED] - orPath_TaxTypeFilingYear = "Object Repository/RAD_Pages/TaxTypeFilingYear_Page": null

2024-02-03 23:00:12 - [TEST_STEP][PASSED] - orPath_TaxPayer = "Object Repository/RAD_Pages/Taxpayer_Page": null

2024-02-03 23:00:12 - [TEST_STEP][PASSED] - orPath_AddressContact = "Object Repository/RAD_Pages/AddressAndContactInfo_Page": null

2024-02-03 23:00:12 - [TEST_STEP][PASSED] - orPath_FilingStatus = "Object Repository/RAD_Pages/FilingStatus_Page": null

2024-02-03 23:00:12 - [TEST_STEP][PASSED] - orPath_Amount = "Object Repository/RAD_Pages/PaymentAmount_Page": null

2024-02-03 23:00:12 - [TEST_STEP][PASSED] - orPath_TaxInfo = "Object Repository/RAD_Pages/TaxInfo_Page": null

2024-02-03 23:00:12 - [TEST_STEP][PASSED] - orPath_Withholding = "Object Repository/RAD_Pages/Withholding_Page": null

2024-02-03 23:00:12 - [TEST_STEP][PASSED] - orPath_Summary = "Object Repository/RAD_Pages/Summary_Page": null

2024-02-03 23:00:12 - [TEST_STEP][PASSED] - orPath_PaymentReady = "Object Repository/RAD_Pages/PaymentReady_Page": null

2024-02-03 23:00:12 - [TEST_STEP][PASSED] - orPath_PaymentEntry = "Object Repository/RAD_Pages/PaymentEntry_Page": null

2024-02-03 23:00:12 - [TEST_STEP][PASSED] - orPath_PaymentConfirmation = "Object Repository/RAD_Pages/PaymentConfirmation_Page": null

2024-02-03 23:00:12 - [TEST_STEP][PASSED] - orPath_ServiceFeesAccept = "Object Repository/RAD_Pages/ServiceFeeAccept_Page": null

2024-02-03 23:00:12 - [TEST_STEP][PASSED] - selectOptionByLabel(findTestObject(orPath_Landing + "/dd_TaxType"), Paymenttype, false): All options with label 'New Tax Return Amount Due' are selected in object 'Object Repository/RAD_Pages/Landing_Page/dd_TaxType' 

2024-02-03 23:00:13 - [MESSAGE][PASSED] - All options with label 'New Tax Return Amount Due' are selected in object 'Object Repository/RAD_Pages/Landing_Page/dd_TaxType' 

2024-02-03 23:00:13 - [TEST_STEP][PASSED] - delay(1): Delayed 1 second(s)

2024-02-03 23:00:14 - [MESSAGE][PASSED] - Delayed 1 second(s)

2024-02-03 23:00:14 - [TEST_STEP][PASSED] - switch (Paymenttype): null

2024-02-03 23:00:14 - [TEST_STEP][PASSED] - case "New Tax Return Amount Due":: null

2024-02-03 23:00:14 - [TEST_STEP][PASSED] - selectOptionByLabel(findTestObject("Object Repository/RAD_Pages/Landing_Page/select_NewTaxReturnAmountDue_TaxType"), Taxtype, false): All options with label 'Tire Recycling Fee' are selected in object 'Object Repository/RAD_Pages/Landing_Page/select_NewTaxReturnAmountDue_TaxType' 

2024-02-03 23:00:14 - [MESSAGE][PASSED] - All options with label 'Tire Recycling Fee' are selected in object 'Object Repository/RAD_Pages/Landing_Page/select_NewTaxReturnAmountDue_TaxType' 

2024-02-03 23:00:14 - [TEST_STEP][PASSED] - break: null

2024-02-03 23:00:14 - [TEST_STEP][PASSED] - delay(1): Delayed 1 second(s)

2024-02-03 23:00:15 - [MESSAGE][PASSED] - Delayed 1 second(s)

2024-02-03 23:00:15 - [TEST_STEP][PASSED] - switch (Paymenttype): null

2024-02-03 23:00:15 - [TEST_STEP][PASSED] - case "New Tax Return Amount Due":: null

2024-02-03 23:00:15 - [TEST_STEP][PASSED] - setEncryptedText(findTestObject(orPath_TaxInfo + "/input_FederalEIN-2"), "RigbBhfdqOBDK95asqKeHw=="): Text ****** has been set on object 'Object Repository/RAD_Pages/TaxInfo_Page/input_FederalEIN-2'

2024-02-03 23:00:16 - [MESSAGE][PASSED] - Text ****** has been set on object 'Object Repository/RAD_Pages/TaxInfo_Page/input_FederalEIN-2'

2024-02-03 23:00:16 - [TEST_STEP][PASSED] - setEncryptedText(findTestObject(orPath_TaxInfo + "/input_FederalEIN_ReEnter-2"), ""): Text ****** has been set on object 'Object Repository/RAD_Pages/TaxInfo_Page/input_FederalEIN_ReEnter-2'

2024-02-03 23:00:16 - [MESSAGE][PASSED] - Text ****** has been set on object 'Object Repository/RAD_Pages/TaxInfo_Page/input_FederalEIN_ReEnter-2'

2024-02-03 23:00:16 - [TEST_STEP][PASSED] - break: null

2024-02-03 23:00:16 - [TEST_STEP][PASSED] - verifyTextPresent("Please enter a valid FEIN with 9 digits.", true): Text 'Please enter a valid FEIN with 9 digits.' is present on page  using regular expression

2024-02-03 23:00:17 - [MESSAGE][PASSED] - Text 'Please enter a valid FEIN with 9 digits.' is present on page  using regular expression

2024-02-03 23:00:17 - [TEST_STEP][PASSED] - if (verifyTextPresent("Please enter a valid FEIN with 9 digits.", true)): null

2024-02-03 23:00:17 - [MESSAGE][PASSED] - Text 'Please enter a valid FEIN with 9 digits.' is present on page  using regular expression

2024-02-03 23:00:17 - [TEST_STEP][PASSED] - println("Error Message is present on the page"): null

2024-02-03 23:00:17 - [TEST_STEP][PASSED] - out.println("Pass Record Number: " + row): null

2024-02-03 23:00:17 - [TEST_STEP][PASSED] - resText = "Pass": null

2024-02-03 23:00:17 - [TEST_STEP][PASSED] - pages.WriteExcel.demoKey(resText, datText, resColumn, datCloumn, fileLoc, nameSheet, row): pages.WriteExcel.demoKey is PASSED

2024-02-03 23:00:17 - [MESSAGE][PASSED] - pages.WriteExcel.demoKey is PASSED

2024-02-03 23:00:17 - [TEST_STEP][PASSED] - ExecuteTC = findTestData(dataFile).getValue("Execute", row): null

2024-02-03 23:00:18 - [TEST_STEP][PASSED] - Taxtype = findTestData(dataFile).getValue("TaxType", row): null

2024-02-03 23:00:18 - [TEST_STEP][PASSED] - Paymenttype = findTestData(dataFile).getValue("PaymentType", row): null

2024-02-03 23:00:18 - [TEST_STEP][PASSED] - out.println("Value of Execute is : " + ExecuteTC): null

2024-02-03 23:00:18 - [TEST_STEP][PASSED] - if (ExecuteTC.equalsIgnoreCase("Y")): null

2024-02-03 23:00:18 - [TEST_STEP][PASSED] - out.println("Begin Record Number: " + row): null

2024-02-03 23:00:18 - [TEST_STEP][PASSED] - today = new java.util.Date(): null

2024-02-03 23:00:18 - [TEST_STEP][PASSED] - println(today): null

2024-02-03 23:00:18 - [TEST_STEP][PASSED] - datText = today: null

2024-02-03 23:00:18 - [TEST_STEP][PASSED] - Taxtype = findTestData(dataFile).getValue("TaxType", row): null

2024-02-03 23:00:18 - [TEST_STEP][PASSED] - out.println("Taxtype value is : " + Taxtype): null

2024-02-03 23:00:18 - [TEST_STEP][PASSED] - openBrowser(""): Browser is opened with url: ''

2024-02-03 23:00:18 - [MESSAGE][WARNING] - A browser is already opened. Closing browser and opening a new one

2024-02-03 23:00:19 - [MESSAGE][INFO] - Starting 'Chrome' driver

2024-02-03 23:00:19 - [MESSAGE][INFO] - User set preference: ['acceptInsecureCerts', 'true']

2024-02-03 23:00:19 - [MESSAGE][INFO] - Action delay is set to 0 milliseconds

2024-02-03 23:00:20 - [MESSAGE][PASSED] - Browser is opened with url: ''

2024-02-03 23:00:20 - [TEST_STEP][PASSED] - maximizeWindow(): Current window maximized

2024-02-03 23:00:20 - [MESSAGE][PASSED] - Current window maximized

2024-02-03 23:00:20 - [TEST_STEP][PASSED] - navigateToUrl(RADurl): Navigate to 'https://qa2.velocitypayment.com/client/rad/index.html' successfully

2024-02-03 23:00:23 - [MESSAGE][PASSED] - Navigate to 'https://qa2.velocitypayment.com/client/rad/index.html' successfully

2024-02-03 23:00:23 - [TEST_STEP][PASSED] - orPath_Landing = "Object Repository/RAD_Pages/Landing_Page": null

2024-02-03 23:00:23 - [TEST_STEP][PASSED] - orPath_TaxTypeFilingYear = "Object Repository/RAD_Pages/TaxTypeFilingYear_Page": null

2024-02-03 23:00:23 - [TEST_STEP][PASSED] - orPath_TaxPayer = "Object Repository/RAD_Pages/Taxpayer_Page": null

2024-02-03 23:00:23 - [TEST_STEP][PASSED] - orPath_AddressContact = "Object Repository/RAD_Pages/AddressAndContactInfo_Page": null

2024-02-03 23:00:23 - [TEST_STEP][PASSED] - orPath_FilingStatus = "Object Repository/RAD_Pages/FilingStatus_Page": null

2024-02-03 23:00:23 - [TEST_STEP][PASSED] - orPath_Amount = "Object Repository/RAD_Pages/PaymentAmount_Page": null

2024-02-03 23:00:23 - [TEST_STEP][PASSED] - orPath_TaxInfo = "Object Repository/RAD_Pages/TaxInfo_Page": null

2024-02-03 23:00:23 - [TEST_STEP][PASSED] - orPath_Withholding = "Object Repository/RAD_Pages/Withholding_Page": null

2024-02-03 23:00:23 - [TEST_STEP][PASSED] - orPath_Summary = "Object Repository/RAD_Pages/Summary_Page": null

2024-02-03 23:00:23 - [TEST_STEP][PASSED] - orPath_PaymentReady = "Object Repository/RAD_Pages/PaymentReady_Page": null

2024-02-03 23:00:23 - [TEST_STEP][PASSED] - orPath_PaymentEntry = "Object Repository/RAD_Pages/PaymentEntry_Page": null

2024-02-03 23:00:23 - [TEST_STEP][PASSED] - orPath_PaymentConfirmation = "Object Repository/RAD_Pages/PaymentConfirmation_Page": null

2024-02-03 23:00:23 - [TEST_STEP][PASSED] - orPath_ServiceFeesAccept = "Object Repository/RAD_Pages/ServiceFeeAccept_Page": null

2024-02-03 23:00:23 - [TEST_STEP][PASSED] - selectOptionByLabel(findTestObject(orPath_Landing + "/dd_TaxType"), Paymenttype, false): All options with label 'New Tax Return Amount Due' are selected in object 'Object Repository/RAD_Pages/Landing_Page/dd_TaxType' 

2024-02-03 23:00:23 - [MESSAGE][PASSED] - All options with label 'New Tax Return Amount Due' are selected in object 'Object Repository/RAD_Pages/Landing_Page/dd_TaxType' 

2024-02-03 23:00:23 - [TEST_STEP][PASSED] - delay(1): Delayed 1 second(s)

2024-02-03 23:00:24 - [MESSAGE][PASSED] - Delayed 1 second(s)

2024-02-03 23:00:24 - [TEST_STEP][PASSED] - switch (Paymenttype): null

2024-02-03 23:00:24 - [TEST_STEP][PASSED] - case "New Tax Return Amount Due":: null

2024-02-03 23:00:24 - [TEST_STEP][PASSED] - selectOptionByLabel(findTestObject("Object Repository/RAD_Pages/Landing_Page/select_NewTaxReturnAmountDue_TaxType"), Taxtype, false): All options with label 'Transportation Network Services' are selected in object 'Object Repository/RAD_Pages/Landing_Page/select_NewTaxReturnAmountDue_TaxType' 

2024-02-03 23:00:25 - [MESSAGE][PASSED] - All options with label 'Transportation Network Services' are selected in object 'Object Repository/RAD_Pages/Landing_Page/select_NewTaxReturnAmountDue_TaxType' 

2024-02-03 23:00:25 - [TEST_STEP][PASSED] - break: null

2024-02-03 23:00:25 - [TEST_STEP][PASSED] - delay(1): Delayed 1 second(s)

2024-02-03 23:00:26 - [MESSAGE][PASSED] - Delayed 1 second(s)

2024-02-03 23:00:26 - [TEST_STEP][PASSED] - switch (Paymenttype): null

2024-02-03 23:00:26 - [TEST_STEP][PASSED] - case "New Tax Return Amount Due":: null

2024-02-03 23:00:26 - [TEST_STEP][PASSED] - setEncryptedText(findTestObject(orPath_TaxInfo + "/input_FederalEIN-2"), "RigbBhfdqOBDK95asqKeHw=="): Text ****** has been set on object 'Object Repository/RAD_Pages/TaxInfo_Page/input_FederalEIN-2'

2024-02-03 23:00:27 - [MESSAGE][PASSED] - Text ****** has been set on object 'Object Repository/RAD_Pages/TaxInfo_Page/input_FederalEIN-2'

2024-02-03 23:00:27 - [TEST_STEP][PASSED] - setEncryptedText(findTestObject(orPath_TaxInfo + "/input_FederalEIN_ReEnter-2"), ""): Text ****** has been set on object 'Object Repository/RAD_Pages/TaxInfo_Page/input_FederalEIN_ReEnter-2'

2024-02-03 23:00:27 - [MESSAGE][PASSED] - Text ****** has been set on object 'Object Repository/RAD_Pages/TaxInfo_Page/input_FederalEIN_ReEnter-2'

2024-02-03 23:00:27 - [TEST_STEP][PASSED] - break: null

2024-02-03 23:00:27 - [TEST_STEP][PASSED] - verifyTextPresent("Please enter a valid FEIN with 9 digits.", true): Text 'Please enter a valid FEIN with 9 digits.' is present on page  using regular expression

2024-02-03 23:00:28 - [MESSAGE][PASSED] - Text 'Please enter a valid FEIN with 9 digits.' is present on page  using regular expression

2024-02-03 23:00:28 - [TEST_STEP][PASSED] - if (verifyTextPresent("Please enter a valid FEIN with 9 digits.", true)): null

2024-02-03 23:00:28 - [MESSAGE][PASSED] - Text 'Please enter a valid FEIN with 9 digits.' is present on page  using regular expression

2024-02-03 23:00:28 - [TEST_STEP][PASSED] - println("Error Message is present on the page"): null

2024-02-03 23:00:28 - [TEST_STEP][PASSED] - out.println("Pass Record Number: " + row): null

2024-02-03 23:00:28 - [TEST_STEP][PASSED] - resText = "Pass": null

2024-02-03 23:00:28 - [TEST_STEP][PASSED] - pages.WriteExcel.demoKey(resText, datText, resColumn, datCloumn, fileLoc, nameSheet, row): pages.WriteExcel.demoKey is PASSED

2024-02-03 23:00:28 - [MESSAGE][PASSED] - pages.WriteExcel.demoKey is PASSED

2024-02-03 23:00:28 - [TEST_STEP][PASSED] - ExecuteTC = findTestData(dataFile).getValue("Execute", row): null

2024-02-03 23:00:28 - [TEST_STEP][PASSED] - Taxtype = findTestData(dataFile).getValue("TaxType", row): null

2024-02-03 23:00:28 - [TEST_STEP][PASSED] - Paymenttype = findTestData(dataFile).getValue("PaymentType", row): null

2024-02-03 23:00:28 - [TEST_STEP][PASSED] - out.println("Value of Execute is : " + ExecuteTC): null

2024-02-03 23:00:28 - [TEST_STEP][PASSED] - if (ExecuteTC.equalsIgnoreCase("Y")): null

2024-02-03 23:00:28 - [TEST_STEP][PASSED] - out.println("Begin Record Number: " + row): null

2024-02-03 23:00:28 - [TEST_STEP][PASSED] - today = new java.util.Date(): null

2024-02-03 23:00:28 - [TEST_STEP][PASSED] - println(today): null

2024-02-03 23:00:28 - [TEST_STEP][PASSED] - datText = today: null

2024-02-03 23:00:28 - [TEST_STEP][PASSED] - Taxtype = findTestData(dataFile).getValue("TaxType", row): null

2024-02-03 23:00:28 - [TEST_STEP][PASSED] - out.println("Taxtype value is : " + Taxtype): null

2024-02-03 23:00:28 - [TEST_STEP][PASSED] - openBrowser(""): Browser is opened with url: ''

2024-02-03 23:00:28 - [MESSAGE][WARNING] - A browser is already opened. Closing browser and opening a new one

2024-02-03 23:00:30 - [MESSAGE][INFO] - Starting 'Chrome' driver

2024-02-03 23:00:30 - [MESSAGE][INFO] - User set preference: ['acceptInsecureCerts', 'true']

2024-02-03 23:00:30 - [MESSAGE][INFO] - Action delay is set to 0 milliseconds

2024-02-03 23:00:31 - [MESSAGE][PASSED] - Browser is opened with url: ''

2024-02-03 23:00:31 - [TEST_STEP][PASSED] - maximizeWindow(): Current window maximized

2024-02-03 23:00:31 - [MESSAGE][PASSED] - Current window maximized

2024-02-03 23:00:31 - [TEST_STEP][PASSED] - navigateToUrl(RADurl): Navigate to 'https://qa2.velocitypayment.com/client/rad/index.html' successfully

2024-02-03 23:00:33 - [MESSAGE][PASSED] - Navigate to 'https://qa2.velocitypayment.com/client/rad/index.html' successfully

2024-02-03 23:00:33 - [TEST_STEP][PASSED] - orPath_Landing = "Object Repository/RAD_Pages/Landing_Page": null

2024-02-03 23:00:33 - [TEST_STEP][PASSED] - orPath_TaxTypeFilingYear = "Object Repository/RAD_Pages/TaxTypeFilingYear_Page": null

2024-02-03 23:00:33 - [TEST_STEP][PASSED] - orPath_TaxPayer = "Object Repository/RAD_Pages/Taxpayer_Page": null

2024-02-03 23:00:33 - [TEST_STEP][PASSED] - orPath_AddressContact = "Object Repository/RAD_Pages/AddressAndContactInfo_Page": null

2024-02-03 23:00:33 - [TEST_STEP][PASSED] - orPath_FilingStatus = "Object Repository/RAD_Pages/FilingStatus_Page": null

2024-02-03 23:00:33 - [TEST_STEP][PASSED] - orPath_Amount = "Object Repository/RAD_Pages/PaymentAmount_Page": null

2024-02-03 23:00:33 - [TEST_STEP][PASSED] - orPath_TaxInfo = "Object Repository/RAD_Pages/TaxInfo_Page": null

2024-02-03 23:00:33 - [TEST_STEP][PASSED] - orPath_Withholding = "Object Repository/RAD_Pages/Withholding_Page": null

2024-02-03 23:00:33 - [TEST_STEP][PASSED] - orPath_Summary = "Object Repository/RAD_Pages/Summary_Page": null

2024-02-03 23:00:33 - [TEST_STEP][PASSED] - orPath_PaymentReady = "Object Repository/RAD_Pages/PaymentReady_Page": null

2024-02-03 23:00:33 - [TEST_STEP][PASSED] - orPath_PaymentEntry = "Object Repository/RAD_Pages/PaymentEntry_Page": null

2024-02-03 23:00:33 - [TEST_STEP][PASSED] - orPath_PaymentConfirmation = "Object Repository/RAD_Pages/PaymentConfirmation_Page": null

2024-02-03 23:00:33 - [TEST_STEP][PASSED] - orPath_ServiceFeesAccept = "Object Repository/RAD_Pages/ServiceFeeAccept_Page": null

2024-02-03 23:00:33 - [TEST_STEP][PASSED] - selectOptionByLabel(findTestObject(orPath_Landing + "/dd_TaxType"), Paymenttype, false): All options with label 'New Tax Return Amount Due' are selected in object 'Object Repository/RAD_Pages/Landing_Page/dd_TaxType' 

2024-02-03 23:00:34 - [MESSAGE][PASSED] - All options with label 'New Tax Return Amount Due' are selected in object 'Object Repository/RAD_Pages/Landing_Page/dd_TaxType' 

2024-02-03 23:00:34 - [TEST_STEP][PASSED] - delay(1): Delayed 1 second(s)

2024-02-03 23:00:35 - [MESSAGE][PASSED] - Delayed 1 second(s)

2024-02-03 23:00:35 - [TEST_STEP][PASSED] - switch (Paymenttype): null

2024-02-03 23:00:35 - [TEST_STEP][PASSED] - case "New Tax Return Amount Due":: null

2024-02-03 23:00:35 - [TEST_STEP][PASSED] - selectOptionByLabel(findTestObject("Object Repository/RAD_Pages/Landing_Page/select_NewTaxReturnAmountDue_TaxType"), Taxtype, false): All options with label 'Unclaimed Property' are selected in object 'Object Repository/RAD_Pages/Landing_Page/select_NewTaxReturnAmountDue_TaxType' 

2024-02-03 23:00:35 - [MESSAGE][PASSED] - All options with label 'Unclaimed Property' are selected in object 'Object Repository/RAD_Pages/Landing_Page/select_NewTaxReturnAmountDue_TaxType' 

2024-02-03 23:00:35 - [TEST_STEP][PASSED] - break: null

2024-02-03 23:00:35 - [TEST_STEP][PASSED] - delay(1): Delayed 1 second(s)

2024-02-03 23:00:36 - [MESSAGE][PASSED] - Delayed 1 second(s)

2024-02-03 23:00:36 - [TEST_STEP][PASSED] - switch (Paymenttype): null

2024-02-03 23:00:36 - [TEST_STEP][PASSED] - case "New Tax Return Amount Due":: null

2024-02-03 23:00:36 - [TEST_STEP][PASSED] - setEncryptedText(findTestObject(orPath_TaxInfo + "/input_FederalEIN-2"), "RigbBhfdqOBDK95asqKeHw=="): Text ****** has been set on object 'Object Repository/RAD_Pages/TaxInfo_Page/input_FederalEIN-2'

2024-02-03 23:00:37 - [MESSAGE][PASSED] - Text ****** has been set on object 'Object Repository/RAD_Pages/TaxInfo_Page/input_FederalEIN-2'

2024-02-03 23:00:37 - [TEST_STEP][PASSED] - setEncryptedText(findTestObject(orPath_TaxInfo + "/input_FederalEIN_ReEnter-2"), ""): Text ****** has been set on object 'Object Repository/RAD_Pages/TaxInfo_Page/input_FederalEIN_ReEnter-2'

2024-02-03 23:00:38 - [MESSAGE][PASSED] - Text ****** has been set on object 'Object Repository/RAD_Pages/TaxInfo_Page/input_FederalEIN_ReEnter-2'

2024-02-03 23:00:38 - [TEST_STEP][PASSED] - break: null

2024-02-03 23:00:38 - [TEST_STEP][PASSED] - verifyTextPresent("Please enter a valid FEIN with 9 digits.", true): Text 'Please enter a valid FEIN with 9 digits.' is present on page  using regular expression

2024-02-03 23:00:38 - [MESSAGE][PASSED] - Text 'Please enter a valid FEIN with 9 digits.' is present on page  using regular expression

2024-02-03 23:00:38 - [TEST_STEP][PASSED] - if (verifyTextPresent("Please enter a valid FEIN with 9 digits.", true)): null

2024-02-03 23:00:39 - [MESSAGE][PASSED] - Text 'Please enter a valid FEIN with 9 digits.' is present on page  using regular expression

2024-02-03 23:00:39 - [TEST_STEP][PASSED] - println("Error Message is present on the page"): null

2024-02-03 23:00:39 - [TEST_STEP][PASSED] - out.println("Pass Record Number: " + row): null

2024-02-03 23:00:39 - [TEST_STEP][PASSED] - resText = "Pass": null

2024-02-03 23:00:39 - [TEST_STEP][PASSED] - pages.WriteExcel.demoKey(resText, datText, resColumn, datCloumn, fileLoc, nameSheet, row): pages.WriteExcel.demoKey is PASSED

2024-02-03 23:00:39 - [MESSAGE][PASSED] - pages.WriteExcel.demoKey is PASSED

2024-02-03 23:00:39 - [TEST_STEP][PASSED] - ExecuteTC = findTestData(dataFile).getValue("Execute", row): null

2024-02-03 23:00:39 - [TEST_STEP][PASSED] - Taxtype = findTestData(dataFile).getValue("TaxType", row): null

2024-02-03 23:00:39 - [TEST_STEP][PASSED] - Paymenttype = findTestData(dataFile).getValue("PaymentType", row): null

2024-02-03 23:00:39 - [TEST_STEP][PASSED] - out.println("Value of Execute is : " + ExecuteTC): null

2024-02-03 23:00:39 - [TEST_STEP][PASSED] - if (ExecuteTC.equalsIgnoreCase("Y")): null

2024-02-03 23:00:39 - [TEST_STEP][PASSED] - out.println("Begin Record Number: " + row): null

2024-02-03 23:00:39 - [TEST_STEP][PASSED] - today = new java.util.Date(): null

2024-02-03 23:00:39 - [TEST_STEP][PASSED] - println(today): null

2024-02-03 23:00:39 - [TEST_STEP][PASSED] - datText = today: null

2024-02-03 23:00:39 - [TEST_STEP][PASSED] - Taxtype = findTestData(dataFile).getValue("TaxType", row): null

2024-02-03 23:00:39 - [TEST_STEP][PASSED] - out.println("Taxtype value is : " + Taxtype): null

2024-02-03 23:00:39 - [TEST_STEP][PASSED] - openBrowser(""): Browser is opened with url: ''

2024-02-03 23:00:39 - [MESSAGE][WARNING] - A browser is already opened. Closing browser and opening a new one

2024-02-03 23:00:40 - [MESSAGE][INFO] - Starting 'Chrome' driver

2024-02-03 23:00:40 - [MESSAGE][INFO] - User set preference: ['acceptInsecureCerts', 'true']

2024-02-03 23:00:40 - [MESSAGE][INFO] - Action delay is set to 0 milliseconds

2024-02-03 23:00:42 - [MESSAGE][PASSED] - Browser is opened with url: ''

2024-02-03 23:00:42 - [TEST_STEP][PASSED] - maximizeWindow(): Current window maximized

2024-02-03 23:00:42 - [MESSAGE][PASSED] - Current window maximized

2024-02-03 23:00:42 - [TEST_STEP][PASSED] - navigateToUrl(RADurl): Navigate to 'https://qa2.velocitypayment.com/client/rad/index.html' successfully

2024-02-03 23:00:42 - [MESSAGE][PASSED] - Navigate to 'https://qa2.velocitypayment.com/client/rad/index.html' successfully

2024-02-03 23:00:42 - [TEST_STEP][PASSED] - orPath_Landing = "Object Repository/RAD_Pages/Landing_Page": null

2024-02-03 23:00:42 - [TEST_STEP][PASSED] - orPath_TaxTypeFilingYear = "Object Repository/RAD_Pages/TaxTypeFilingYear_Page": null

2024-02-03 23:00:42 - [TEST_STEP][PASSED] - orPath_TaxPayer = "Object Repository/RAD_Pages/Taxpayer_Page": null

2024-02-03 23:00:42 - [TEST_STEP][PASSED] - orPath_AddressContact = "Object Repository/RAD_Pages/AddressAndContactInfo_Page": null

2024-02-03 23:00:42 - [TEST_STEP][PASSED] - orPath_FilingStatus = "Object Repository/RAD_Pages/FilingStatus_Page": null

2024-02-03 23:00:42 - [TEST_STEP][PASSED] - orPath_Amount = "Object Repository/RAD_Pages/PaymentAmount_Page": null

2024-02-03 23:00:42 - [TEST_STEP][PASSED] - orPath_TaxInfo = "Object Repository/RAD_Pages/TaxInfo_Page": null

2024-02-03 23:00:42 - [TEST_STEP][PASSED] - orPath_Withholding = "Object Repository/RAD_Pages/Withholding_Page": null

2024-02-03 23:00:42 - [TEST_STEP][PASSED] - orPath_Summary = "Object Repository/RAD_Pages/Summary_Page": null

2024-02-03 23:00:42 - [TEST_STEP][PASSED] - orPath_PaymentReady = "Object Repository/RAD_Pages/PaymentReady_Page": null

2024-02-03 23:00:42 - [TEST_STEP][PASSED] - orPath_PaymentEntry = "Object Repository/RAD_Pages/PaymentEntry_Page": null

2024-02-03 23:00:42 - [TEST_STEP][PASSED] - orPath_PaymentConfirmation = "Object Repository/RAD_Pages/PaymentConfirmation_Page": null

2024-02-03 23:00:42 - [TEST_STEP][PASSED] - orPath_ServiceFeesAccept = "Object Repository/RAD_Pages/ServiceFeeAccept_Page": null

2024-02-03 23:00:42 - [TEST_STEP][PASSED] - selectOptionByLabel(findTestObject(orPath_Landing + "/dd_TaxType"), Paymenttype, false): All options with label 'New Tax Return Amount Due' are selected in object 'Object Repository/RAD_Pages/Landing_Page/dd_TaxType' 

2024-02-03 23:00:44 - [MESSAGE][PASSED] - All options with label 'New Tax Return Amount Due' are selected in object 'Object Repository/RAD_Pages/Landing_Page/dd_TaxType' 

2024-02-03 23:00:44 - [TEST_STEP][PASSED] - delay(1): Delayed 1 second(s)

2024-02-03 23:00:45 - [MESSAGE][PASSED] - Delayed 1 second(s)

2024-02-03 23:00:45 - [TEST_STEP][PASSED] - switch (Paymenttype): null

2024-02-03 23:00:45 - [TEST_STEP][PASSED] - case "New Tax Return Amount Due":: null

2024-02-03 23:00:45 - [TEST_STEP][PASSED] - selectOptionByLabel(findTestObject("Object Repository/RAD_Pages/Landing_Page/select_NewTaxReturnAmountDue_TaxType"), Taxtype, false): All options with label 'Withholding Tax' are selected in object 'Object Repository/RAD_Pages/Landing_Page/select_NewTaxReturnAmountDue_TaxType' 

2024-02-03 23:00:46 - [MESSAGE][PASSED] - All options with label 'Withholding Tax' are selected in object 'Object Repository/RAD_Pages/Landing_Page/select_NewTaxReturnAmountDue_TaxType' 

2024-02-03 23:00:46 - [TEST_STEP][PASSED] - break: null

2024-02-03 23:00:46 - [TEST_STEP][PASSED] - delay(1): Delayed 1 second(s)

2024-02-03 23:00:47 - [MESSAGE][PASSED] - Delayed 1 second(s)

2024-02-03 23:00:47 - [TEST_STEP][PASSED] - switch (Paymenttype): null

2024-02-03 23:00:47 - [TEST_STEP][PASSED] - case "New Tax Return Amount Due":: null

2024-02-03 23:00:47 - [TEST_STEP][PASSED] - setEncryptedText(findTestObject(orPath_TaxInfo + "/input_FederalEIN-2"), "RigbBhfdqOBDK95asqKeHw=="): Text ****** has been set on object 'Object Repository/RAD_Pages/TaxInfo_Page/input_FederalEIN-2'

2024-02-03 23:00:47 - [MESSAGE][PASSED] - Text ****** has been set on object 'Object Repository/RAD_Pages/TaxInfo_Page/input_FederalEIN-2'

2024-02-03 23:00:47 - [TEST_STEP][PASSED] - setEncryptedText(findTestObject(orPath_TaxInfo + "/input_FederalEIN_ReEnter-2"), ""): Text ****** has been set on object 'Object Repository/RAD_Pages/TaxInfo_Page/input_FederalEIN_ReEnter-2'

2024-02-03 23:00:48 - [MESSAGE][PASSED] - Text ****** has been set on object 'Object Repository/RAD_Pages/TaxInfo_Page/input_FederalEIN_ReEnter-2'

2024-02-03 23:00:48 - [TEST_STEP][PASSED] - break: null

2024-02-03 23:00:48 - [TEST_STEP][PASSED] - verifyTextPresent("Please enter a valid FEIN with 9 digits.", true): Text 'Please enter a valid FEIN with 9 digits.' is present on page  using regular expression

2024-02-03 23:00:48 - [MESSAGE][PASSED] - Text 'Please enter a valid FEIN with 9 digits.' is present on page  using regular expression

2024-02-03 23:00:48 - [TEST_STEP][PASSED] - if (verifyTextPresent("Please enter a valid FEIN with 9 digits.", true)): null

2024-02-03 23:00:49 - [MESSAGE][PASSED] - Text 'Please enter a valid FEIN with 9 digits.' is present on page  using regular expression

2024-02-03 23:00:49 - [TEST_STEP][PASSED] - println("Error Message is present on the page"): null

2024-02-03 23:00:49 - [TEST_STEP][PASSED] - out.println("Pass Record Number: " + row): null

2024-02-03 23:00:49 - [TEST_STEP][PASSED] - resText = "Pass": null

2024-02-03 23:00:49 - [TEST_STEP][PASSED] - pages.WriteExcel.demoKey(resText, datText, resColumn, datCloumn, fileLoc, nameSheet, row): pages.WriteExcel.demoKey is PASSED

2024-02-03 23:00:49 - [MESSAGE][PASSED] - pages.WriteExcel.demoKey is PASSED]]></system-out>
         <system-err><![CDATA[]]></system-err>
      </testcase>
      <testcase name="Test Cases/RAD_TestCases/Negative_TestCases/FEINandFEINSSNlessThan9Error" time="421.209" classname="Test Cases/RAD_TestCases/Negative_TestCases/FEINandFEINSSNlessThan9Error" status="PASSED">
         <system-out><![CDATA[2024-02-03 23:00:49 - [TEST_CASE][PASSED] - Test Cases/RAD_TestCases/Negative_TestCases/FEINandFEINSSNlessThan9Error: Test Cases/RAD_TestCases/Negative_TestCases/FEINandFEINSSNlessThan9Error

2024-02-03 23:00:49 - [TEST_STEP][PASSED] - resText = "Fail": null

2024-02-03 23:00:49 - [TEST_STEP][PASSED] - resColumn = "Result": null

2024-02-03 23:00:49 - [TEST_STEP][PASSED] - datCloumn = "Date": null

2024-02-03 23:00:49 - [TEST_STEP][PASSED] - fileLoc = "KatalonData/RADTestData/FEINandFEINSSNlessThan9Error.xlsx": null

2024-02-03 23:00:49 - [TEST_STEP][PASSED] - nameSheet = "Sheet1": null

2024-02-03 23:00:49 - [TEST_STEP][PASSED] - dataFile = "RADTestData/FEINandFEINSSNlessThan9Error": null

2024-02-03 23:00:49 - [TEST_STEP][PASSED] - ExecuteTC = <not implemented yet for class: org.codehaus.groovy.ast.expr.EmptyExpression>: null

2024-02-03 23:00:49 - [TEST_STEP][PASSED] - Taxtype = <not implemented yet for class: org.codehaus.groovy.ast.expr.EmptyExpression>: null

2024-02-03 23:00:49 - [TEST_STEP][PASSED] - Paymenttype = <not implemented yet for class: org.codehaus.groovy.ast.expr.EmptyExpression>: null

2024-02-03 23:00:49 - [TEST_STEP][PASSED] - feinSsn = <not implemented yet for class: org.codehaus.groovy.ast.expr.EmptyExpression>: null

2024-02-03 23:00:49 - [TEST_STEP][PASSED] - numOfRows = findTestData(dataFile).getRowNumbers(): null

2024-02-03 23:00:49 - [TEST_STEP][PASSED] - println("Number of Records: " + numOfRows): null

2024-02-03 23:00:49 - [TEST_STEP][PASSED] - for ([row = 1, row <= numOfRows, (row++)]): null

2024-02-03 23:00:49 - [TEST_STEP][PASSED] - ExecuteTC = findTestData(dataFile).getValue("Execute", row): null

2024-02-03 23:00:49 - [TEST_STEP][PASSED] - Taxtype = findTestData(dataFile).getValue("TaxType", row): null

2024-02-03 23:00:49 - [TEST_STEP][PASSED] - Paymenttype = findTestData(dataFile).getValue("PaymentType", row): null

2024-02-03 23:00:49 - [TEST_STEP][PASSED] - feinSsn = findTestData(dataFile).getValue("FEINSSN", row): null

2024-02-03 23:00:49 - [TEST_STEP][PASSED] - out.println("Value of Execute is : " + ExecuteTC): null

2024-02-03 23:00:49 - [TEST_STEP][PASSED] - if (ExecuteTC.equalsIgnoreCase("Y")): null

2024-02-03 23:00:49 - [TEST_STEP][PASSED] - out.println("Begin Record Number: " + row): null

2024-02-03 23:00:49 - [TEST_STEP][PASSED] - today = new java.util.Date(): null

2024-02-03 23:00:49 - [TEST_STEP][PASSED] - println(today): null

2024-02-03 23:00:49 - [TEST_STEP][PASSED] - datText = today: null

2024-02-03 23:00:49 - [TEST_STEP][PASSED] - Taxtype = findTestData(dataFile).getValue("TaxType", row): null

2024-02-03 23:00:50 - [TEST_STEP][PASSED] - out.println("Taxtype value is : " + Taxtype): null

2024-02-03 23:00:50 - [TEST_STEP][PASSED] - openBrowser(""): Browser is opened with url: ''

2024-02-03 23:00:50 - [MESSAGE][WARNING] - A browser is already opened. Closing browser and opening a new one

2024-02-03 23:00:51 - [MESSAGE][INFO] - Starting 'Chrome' driver

2024-02-03 23:00:51 - [MESSAGE][INFO] - User set preference: ['acceptInsecureCerts', 'true']

2024-02-03 23:00:51 - [MESSAGE][INFO] - Action delay is set to 0 milliseconds

2024-02-03 23:00:52 - [MESSAGE][PASSED] - Browser is opened with url: ''

2024-02-03 23:00:52 - [TEST_STEP][PASSED] - maximizeWindow(): Current window maximized

2024-02-03 23:00:52 - [MESSAGE][PASSED] - Current window maximized

2024-02-03 23:00:52 - [TEST_STEP][PASSED] - navigateToUrl(RADurl): Navigate to 'https://qa2.velocitypayment.com/client/rad/index.html' successfully

2024-02-03 23:00:54 - [MESSAGE][PASSED] - Navigate to 'https://qa2.velocitypayment.com/client/rad/index.html' successfully

2024-02-03 23:00:54 - [TEST_STEP][PASSED] - orPath_Landing = "Object Repository/RAD_Pages/Landing_Page": null

2024-02-03 23:00:54 - [TEST_STEP][PASSED] - orPath_TaxTypeFilingYear = "Object Repository/RAD_Pages/TaxTypeFilingYear_Page": null

2024-02-03 23:00:54 - [TEST_STEP][PASSED] - orPath_TaxPayer = "Object Repository/RAD_Pages/Taxpayer_Page": null

2024-02-03 23:00:54 - [TEST_STEP][PASSED] - orPath_AddressContact = "Object Repository/RAD_Pages/AddressAndContactInfo_Page": null

2024-02-03 23:00:54 - [TEST_STEP][PASSED] - orPath_FilingStatus = "Object Repository/RAD_Pages/FilingStatus_Page": null

2024-02-03 23:00:54 - [TEST_STEP][PASSED] - orPath_Amount = "Object Repository/RAD_Pages/PaymentAmount_Page": null

2024-02-03 23:00:54 - [TEST_STEP][PASSED] - orPath_TaxInfo = "Object Repository/RAD_Pages/TaxInfo_Page": null

2024-02-03 23:00:54 - [TEST_STEP][PASSED] - orPath_Withholding = "Object Repository/RAD_Pages/Withholding_Page": null

2024-02-03 23:00:54 - [TEST_STEP][PASSED] - orPath_Summary = "Object Repository/RAD_Pages/Summary_Page": null

2024-02-03 23:00:54 - [TEST_STEP][PASSED] - orPath_PaymentReady = "Object Repository/RAD_Pages/PaymentReady_Page": null

2024-02-03 23:00:54 - [TEST_STEP][PASSED] - orPath_PaymentEntry = "Object Repository/RAD_Pages/PaymentEntry_Page": null

2024-02-03 23:00:54 - [TEST_STEP][PASSED] - orPath_PaymentConfirmation = "Object Repository/RAD_Pages/PaymentConfirmation_Page": null

2024-02-03 23:00:54 - [TEST_STEP][PASSED] - orPath_ServiceFeesAccept = "Object Repository/RAD_Pages/ServiceFeeAccept_Page": null

2024-02-03 23:00:54 - [TEST_STEP][PASSED] - selectOptionByLabel(findTestObject(orPath_Landing + "/dd_TaxType"), Paymenttype, false): All options with label 'Existing Liability w/Notice Number' are selected in object 'Object Repository/RAD_Pages/Landing_Page/dd_TaxType' 

2024-02-03 23:00:55 - [MESSAGE][PASSED] - All options with label 'Existing Liability w/Notice Number' are selected in object 'Object Repository/RAD_Pages/Landing_Page/dd_TaxType' 

2024-02-03 23:00:55 - [TEST_STEP][PASSED] - delay(1): Delayed 1 second(s)

2024-02-03 23:00:56 - [MESSAGE][PASSED] - Delayed 1 second(s)

2024-02-03 23:00:56 - [TEST_STEP][PASSED] - switch (Paymenttype): null

2024-02-03 23:00:56 - [TEST_STEP][PASSED] - case "Existing Liability w/Notice Number":: null

2024-02-03 23:00:56 - [TEST_STEP][PASSED] - selectOptionByLabel(findTestObject(orPath_TaxTypeFilingYear + "/select_TaxType_ExistingLiability"), Taxtype, false): All options with label 'Bay Restoration Fee' are selected in object 'Object Repository/RAD_Pages/TaxTypeFilingYear_Page/select_TaxType_ExistingLiability' 

2024-02-03 23:00:56 - [MESSAGE][PASSED] - All options with label 'Bay Restoration Fee' are selected in object 'Object Repository/RAD_Pages/TaxTypeFilingYear_Page/select_TaxType_ExistingLiability' 

2024-02-03 23:00:56 - [TEST_STEP][PASSED] - break: null

2024-02-03 23:00:56 - [TEST_STEP][PASSED] - delay(1): Delayed 1 second(s)

2024-02-03 23:00:57 - [MESSAGE][PASSED] - Delayed 1 second(s)

2024-02-03 23:00:57 - [TEST_STEP][PASSED] - switch (Paymenttype): null

2024-02-03 23:00:57 - [TEST_STEP][PASSED] - case "Existing Liability w/Notice Number":: null

2024-02-03 23:00:57 - [TEST_STEP][PASSED] - if (feinSsn.equalsIgnoreCase("Y")): null

2024-02-03 23:00:57 - [TEST_STEP][PASSED] - else: Text ****** has been set on object 'Object Repository/RAD_RecordAndPlay/input_Existing_RetypeFEIN'

2024-02-03 23:00:57 - [TEST_STEP][PASSED] - setEncryptedText(findTestObject("Object Repository/RAD_RecordAndPlay/input_Existing_FEIN"), "iGDxf8hSRT4="): Text ****** has been set on object 'Object Repository/RAD_RecordAndPlay/input_Existing_FEIN'

2024-02-03 23:00:58 - [MESSAGE][PASSED] - Text ****** has been set on object 'Object Repository/RAD_RecordAndPlay/input_Existing_FEIN'

2024-02-03 23:00:58 - [TEST_STEP][PASSED] - setEncryptedText(findTestObject("Object Repository/RAD_RecordAndPlay/input_Existing_RetypeFEIN"), ""): Text ****** has been set on object 'Object Repository/RAD_RecordAndPlay/input_Existing_RetypeFEIN'

2024-02-03 23:00:58 - [MESSAGE][PASSED] - Text ****** has been set on object 'Object Repository/RAD_RecordAndPlay/input_Existing_RetypeFEIN'

2024-02-03 23:00:58 - [TEST_STEP][PASSED] - break: null

2024-02-03 23:00:58 - [TEST_STEP][PASSED] - if (feinSsn.equalsIgnoreCase("Y")): null

2024-02-03 23:00:58 - [TEST_STEP][PASSED] - else: null

2024-02-03 23:00:58 - [TEST_STEP][PASSED] - if (verifyTextPresent("Please enter a valid FEIN with 9 digits.", true)): null

2024-02-03 23:00:59 - [MESSAGE][PASSED] - Text 'Please enter a valid FEIN with 9 digits.' is present on page  using regular expression

2024-02-03 23:00:59 - [TEST_STEP][PASSED] - println("Error Message is present on the page"): null

2024-02-03 23:00:59 - [TEST_STEP][PASSED] - out.println("Pass Record Number: " + row): null

2024-02-03 23:00:59 - [TEST_STEP][PASSED] - resText = "Pass": null

2024-02-03 23:00:59 - [TEST_STEP][PASSED] - pages.WriteExcel.demoKey(resText, datText, resColumn, datCloumn, fileLoc, nameSheet, row): pages.WriteExcel.demoKey is PASSED

2024-02-03 23:00:59 - [MESSAGE][PASSED] - pages.WriteExcel.demoKey is PASSED

2024-02-03 23:00:59 - [TEST_STEP][PASSED] - ExecuteTC = findTestData(dataFile).getValue("Execute", row): null

2024-02-03 23:00:59 - [TEST_STEP][PASSED] - Taxtype = findTestData(dataFile).getValue("TaxType", row): null

2024-02-03 23:00:59 - [TEST_STEP][PASSED] - Paymenttype = findTestData(dataFile).getValue("PaymentType", row): null

2024-02-03 23:00:59 - [TEST_STEP][PASSED] - feinSsn = findTestData(dataFile).getValue("FEINSSN", row): null

2024-02-03 23:00:59 - [TEST_STEP][PASSED] - out.println("Value of Execute is : " + ExecuteTC): null

2024-02-03 23:00:59 - [TEST_STEP][PASSED] - if (ExecuteTC.equalsIgnoreCase("Y")): null

2024-02-03 23:00:59 - [TEST_STEP][PASSED] - out.println("Begin Record Number: " + row): null

2024-02-03 23:00:59 - [TEST_STEP][PASSED] - today = new java.util.Date(): null

2024-02-03 23:00:59 - [TEST_STEP][PASSED] - println(today): null

2024-02-03 23:00:59 - [TEST_STEP][PASSED] - datText = today: null

2024-02-03 23:00:59 - [TEST_STEP][PASSED] - Taxtype = findTestData(dataFile).getValue("TaxType", row): null

2024-02-03 23:00:59 - [TEST_STEP][PASSED] - out.println("Taxtype value is : " + Taxtype): null

2024-02-03 23:00:59 - [TEST_STEP][PASSED] - openBrowser(""): Browser is opened with url: ''

2024-02-03 23:00:59 - [MESSAGE][WARNING] - A browser is already opened. Closing browser and opening a new one

2024-02-03 23:01:01 - [MESSAGE][INFO] - Starting 'Chrome' driver

2024-02-03 23:01:01 - [MESSAGE][INFO] - User set preference: ['acceptInsecureCerts', 'true']

2024-02-03 23:01:01 - [MESSAGE][INFO] - Action delay is set to 0 milliseconds

2024-02-03 23:01:02 - [MESSAGE][PASSED] - Browser is opened with url: ''

2024-02-03 23:01:02 - [TEST_STEP][PASSED] - maximizeWindow(): Current window maximized

2024-02-03 23:01:02 - [MESSAGE][PASSED] - Current window maximized

2024-02-03 23:01:02 - [TEST_STEP][PASSED] - navigateToUrl(RADurl): Navigate to 'https://qa2.velocitypayment.com/client/rad/index.html' successfully

2024-02-03 23:01:04 - [MESSAGE][PASSED] - Navigate to 'https://qa2.velocitypayment.com/client/rad/index.html' successfully

2024-02-03 23:01:04 - [TEST_STEP][PASSED] - orPath_Landing = "Object Repository/RAD_Pages/Landing_Page": null

2024-02-03 23:01:04 - [TEST_STEP][PASSED] - orPath_TaxTypeFilingYear = "Object Repository/RAD_Pages/TaxTypeFilingYear_Page": null

2024-02-03 23:01:04 - [TEST_STEP][PASSED] - orPath_TaxPayer = "Object Repository/RAD_Pages/Taxpayer_Page": null

2024-02-03 23:01:04 - [TEST_STEP][PASSED] - orPath_AddressContact = "Object Repository/RAD_Pages/AddressAndContactInfo_Page": null

2024-02-03 23:01:04 - [TEST_STEP][PASSED] - orPath_FilingStatus = "Object Repository/RAD_Pages/FilingStatus_Page": null

2024-02-03 23:01:04 - [TEST_STEP][PASSED] - orPath_Amount = "Object Repository/RAD_Pages/PaymentAmount_Page": null

2024-02-03 23:01:04 - [TEST_STEP][PASSED] - orPath_TaxInfo = "Object Repository/RAD_Pages/TaxInfo_Page": null

2024-02-03 23:01:04 - [TEST_STEP][PASSED] - orPath_Withholding = "Object Repository/RAD_Pages/Withholding_Page": null

2024-02-03 23:01:04 - [TEST_STEP][PASSED] - orPath_Summary = "Object Repository/RAD_Pages/Summary_Page": null

2024-02-03 23:01:04 - [TEST_STEP][PASSED] - orPath_PaymentReady = "Object Repository/RAD_Pages/PaymentReady_Page": null

2024-02-03 23:01:04 - [TEST_STEP][PASSED] - orPath_PaymentEntry = "Object Repository/RAD_Pages/PaymentEntry_Page": null

2024-02-03 23:01:04 - [TEST_STEP][PASSED] - orPath_PaymentConfirmation = "Object Repository/RAD_Pages/PaymentConfirmation_Page": null

2024-02-03 23:01:04 - [TEST_STEP][PASSED] - orPath_ServiceFeesAccept = "Object Repository/RAD_Pages/ServiceFeeAccept_Page": null

2024-02-03 23:01:04 - [TEST_STEP][PASSED] - selectOptionByLabel(findTestObject(orPath_Landing + "/dd_TaxType"), Paymenttype, false): All options with label 'Existing Liability w/Notice Number' are selected in object 'Object Repository/RAD_Pages/Landing_Page/dd_TaxType' 

2024-02-03 23:01:05 - [MESSAGE][PASSED] - All options with label 'Existing Liability w/Notice Number' are selected in object 'Object Repository/RAD_Pages/Landing_Page/dd_TaxType' 

2024-02-03 23:01:05 - [TEST_STEP][PASSED] - delay(1): Delayed 1 second(s)

2024-02-03 23:01:06 - [MESSAGE][PASSED] - Delayed 1 second(s)

2024-02-03 23:01:06 - [TEST_STEP][PASSED] - switch (Paymenttype): null

2024-02-03 23:01:06 - [TEST_STEP][PASSED] - case "Existing Liability w/Notice Number":: null

2024-02-03 23:01:06 - [TEST_STEP][PASSED] - selectOptionByLabel(findTestObject(orPath_TaxTypeFilingYear + "/select_TaxType_ExistingLiability"), Taxtype, false): All options with label 'Corporate Income Tax' are selected in object 'Object Repository/RAD_Pages/TaxTypeFilingYear_Page/select_TaxType_ExistingLiability' 

2024-02-03 23:01:06 - [MESSAGE][PASSED] - All options with label 'Corporate Income Tax' are selected in object 'Object Repository/RAD_Pages/TaxTypeFilingYear_Page/select_TaxType_ExistingLiability' 

2024-02-03 23:01:06 - [TEST_STEP][PASSED] - break: null

2024-02-03 23:01:06 - [TEST_STEP][PASSED] - delay(1): Delayed 1 second(s)

2024-02-03 23:01:07 - [MESSAGE][PASSED] - Delayed 1 second(s)

2024-02-03 23:01:07 - [TEST_STEP][PASSED] - switch (Paymenttype): null

2024-02-03 23:01:07 - [TEST_STEP][PASSED] - case "Existing Liability w/Notice Number":: null

2024-02-03 23:01:07 - [TEST_STEP][PASSED] - if (feinSsn.equalsIgnoreCase("Y")): null

2024-02-03 23:01:07 - [TEST_STEP][PASSED] - else: Text ****** has been set on object 'Object Repository/RAD_RecordAndPlay/input_Existing_RetypeFEIN'

2024-02-03 23:01:07 - [TEST_STEP][PASSED] - setEncryptedText(findTestObject("Object Repository/RAD_RecordAndPlay/input_Existing_FEIN"), "iGDxf8hSRT4="): Text ****** has been set on object 'Object Repository/RAD_RecordAndPlay/input_Existing_FEIN'

2024-02-03 23:01:08 - [MESSAGE][PASSED] - Text ****** has been set on object 'Object Repository/RAD_RecordAndPlay/input_Existing_FEIN'

2024-02-03 23:01:08 - [TEST_STEP][PASSED] - setEncryptedText(findTestObject("Object Repository/RAD_RecordAndPlay/input_Existing_RetypeFEIN"), ""): Text ****** has been set on object 'Object Repository/RAD_RecordAndPlay/input_Existing_RetypeFEIN'

2024-02-03 23:01:09 - [MESSAGE][PASSED] - Text ****** has been set on object 'Object Repository/RAD_RecordAndPlay/input_Existing_RetypeFEIN'

2024-02-03 23:01:09 - [TEST_STEP][PASSED] - break: null

2024-02-03 23:01:09 - [TEST_STEP][PASSED] - if (feinSsn.equalsIgnoreCase("Y")): null

2024-02-03 23:01:09 - [TEST_STEP][PASSED] - else: null

2024-02-03 23:01:09 - [TEST_STEP][PASSED] - if (verifyTextPresent("Please enter a valid FEIN with 9 digits.", true)): null

2024-02-03 23:01:09 - [MESSAGE][PASSED] - Text 'Please enter a valid FEIN with 9 digits.' is present on page  using regular expression

2024-02-03 23:01:09 - [TEST_STEP][PASSED] - println("Error Message is present on the page"): null

2024-02-03 23:01:09 - [TEST_STEP][PASSED] - out.println("Pass Record Number: " + row): null

2024-02-03 23:01:09 - [TEST_STEP][PASSED] - resText = "Pass": null

2024-02-03 23:01:09 - [TEST_STEP][PASSED] - pages.WriteExcel.demoKey(resText, datText, resColumn, datCloumn, fileLoc, nameSheet, row): pages.WriteExcel.demoKey is PASSED

2024-02-03 23:01:09 - [MESSAGE][PASSED] - pages.WriteExcel.demoKey is PASSED

2024-02-03 23:01:09 - [TEST_STEP][PASSED] - ExecuteTC = findTestData(dataFile).getValue("Execute", row): null

2024-02-03 23:01:09 - [TEST_STEP][PASSED] - Taxtype = findTestData(dataFile).getValue("TaxType", row): null

2024-02-03 23:01:09 - [TEST_STEP][PASSED] - Paymenttype = findTestData(dataFile).getValue("PaymentType", row): null

2024-02-03 23:01:09 - [TEST_STEP][PASSED] - feinSsn = findTestData(dataFile).getValue("FEINSSN", row): null

2024-02-03 23:01:09 - [TEST_STEP][PASSED] - out.println("Value of Execute is : " + ExecuteTC): null

2024-02-03 23:01:09 - [TEST_STEP][PASSED] - if (ExecuteTC.equalsIgnoreCase("Y")): null

2024-02-03 23:01:09 - [TEST_STEP][PASSED] - out.println("Begin Record Number: " + row): null

2024-02-03 23:01:09 - [TEST_STEP][PASSED] - today = new java.util.Date(): null

2024-02-03 23:01:09 - [TEST_STEP][PASSED] - println(today): null

2024-02-03 23:01:09 - [TEST_STEP][PASSED] - datText = today: null

2024-02-03 23:01:09 - [TEST_STEP][PASSED] - Taxtype = findTestData(dataFile).getValue("TaxType", row): null

2024-02-03 23:01:10 - [TEST_STEP][PASSED] - out.println("Taxtype value is : " + Taxtype): null

2024-02-03 23:01:10 - [TEST_STEP][PASSED] - openBrowser(""): Browser is opened with url: ''

2024-02-03 23:01:10 - [MESSAGE][WARNING] - A browser is already opened. Closing browser and opening a new one

2024-02-03 23:01:11 - [MESSAGE][INFO] - Starting 'Chrome' driver

2024-02-03 23:01:11 - [MESSAGE][INFO] - User set preference: ['acceptInsecureCerts', 'true']

2024-02-03 23:01:11 - [MESSAGE][INFO] - Action delay is set to 0 milliseconds

2024-02-03 23:01:12 - [MESSAGE][PASSED] - Browser is opened with url: ''

2024-02-03 23:01:12 - [TEST_STEP][PASSED] - maximizeWindow(): Current window maximized

2024-02-03 23:01:12 - [MESSAGE][PASSED] - Current window maximized

2024-02-03 23:01:12 - [TEST_STEP][PASSED] - navigateToUrl(RADurl): Navigate to 'https://qa2.velocitypayment.com/client/rad/index.html' successfully

2024-02-03 23:01:14 - [MESSAGE][PASSED] - Navigate to 'https://qa2.velocitypayment.com/client/rad/index.html' successfully

2024-02-03 23:01:14 - [TEST_STEP][PASSED] - orPath_Landing = "Object Repository/RAD_Pages/Landing_Page": null

2024-02-03 23:01:14 - [TEST_STEP][PASSED] - orPath_TaxTypeFilingYear = "Object Repository/RAD_Pages/TaxTypeFilingYear_Page": null

2024-02-03 23:01:14 - [TEST_STEP][PASSED] - orPath_TaxPayer = "Object Repository/RAD_Pages/Taxpayer_Page": null

2024-02-03 23:01:14 - [TEST_STEP][PASSED] - orPath_AddressContact = "Object Repository/RAD_Pages/AddressAndContactInfo_Page": null

2024-02-03 23:01:14 - [TEST_STEP][PASSED] - orPath_FilingStatus = "Object Repository/RAD_Pages/FilingStatus_Page": null

2024-02-03 23:01:14 - [TEST_STEP][PASSED] - orPath_Amount = "Object Repository/RAD_Pages/PaymentAmount_Page": null

2024-02-03 23:01:14 - [TEST_STEP][PASSED] - orPath_TaxInfo = "Object Repository/RAD_Pages/TaxInfo_Page": null

2024-02-03 23:01:14 - [TEST_STEP][PASSED] - orPath_Withholding = "Object Repository/RAD_Pages/Withholding_Page": null

2024-02-03 23:01:14 - [TEST_STEP][PASSED] - orPath_Summary = "Object Repository/RAD_Pages/Summary_Page": null

2024-02-03 23:01:14 - [TEST_STEP][PASSED] - orPath_PaymentReady = "Object Repository/RAD_Pages/PaymentReady_Page": null

2024-02-03 23:01:14 - [TEST_STEP][PASSED] - orPath_PaymentEntry = "Object Repository/RAD_Pages/PaymentEntry_Page": null

2024-02-03 23:01:14 - [TEST_STEP][PASSED] - orPath_PaymentConfirmation = "Object Repository/RAD_Pages/PaymentConfirmation_Page": null

2024-02-03 23:01:14 - [TEST_STEP][PASSED] - orPath_ServiceFeesAccept = "Object Repository/RAD_Pages/ServiceFeeAccept_Page": null

2024-02-03 23:01:14 - [TEST_STEP][PASSED] - selectOptionByLabel(findTestObject(orPath_Landing + "/dd_TaxType"), Paymenttype, false): All options with label 'Existing Liability w/Notice Number' are selected in object 'Object Repository/RAD_Pages/Landing_Page/dd_TaxType' 

2024-02-03 23:01:15 - [MESSAGE][PASSED] - All options with label 'Existing Liability w/Notice Number' are selected in object 'Object Repository/RAD_Pages/Landing_Page/dd_TaxType' 

2024-02-03 23:01:15 - [TEST_STEP][PASSED] - delay(1): Delayed 1 second(s)

2024-02-03 23:01:16 - [MESSAGE][PASSED] - Delayed 1 second(s)

2024-02-03 23:01:16 - [TEST_STEP][PASSED] - switch (Paymenttype): null

2024-02-03 23:01:16 - [TEST_STEP][PASSED] - case "Existing Liability w/Notice Number":: null

2024-02-03 23:01:16 - [TEST_STEP][PASSED] - selectOptionByLabel(findTestObject(orPath_TaxTypeFilingYear + "/select_TaxType_ExistingLiability"), Taxtype, false): All options with label 'Fiduciary Tax' are selected in object 'Object Repository/RAD_Pages/TaxTypeFilingYear_Page/select_TaxType_ExistingLiability' 

2024-02-03 23:01:16 - [MESSAGE][PASSED] - All options with label 'Fiduciary Tax' are selected in object 'Object Repository/RAD_Pages/TaxTypeFilingYear_Page/select_TaxType_ExistingLiability' 

2024-02-03 23:01:16 - [TEST_STEP][PASSED] - break: null

2024-02-03 23:01:16 - [TEST_STEP][PASSED] - delay(1): Delayed 1 second(s)

2024-02-03 23:01:17 - [MESSAGE][PASSED] - Delayed 1 second(s)

2024-02-03 23:01:17 - [TEST_STEP][PASSED] - switch (Paymenttype): null

2024-02-03 23:01:17 - [TEST_STEP][PASSED] - case "Existing Liability w/Notice Number":: null

2024-02-03 23:01:17 - [TEST_STEP][PASSED] - if (feinSsn.equalsIgnoreCase("Y")): null

2024-02-03 23:01:17 - [TEST_STEP][PASSED] - else: Text ****** has been set on object 'Object Repository/RAD_RecordAndPlay/input_Existing_RetypeFEIN'

2024-02-03 23:01:17 - [TEST_STEP][PASSED] - setEncryptedText(findTestObject("Object Repository/RAD_RecordAndPlay/input_Existing_FEIN"), "iGDxf8hSRT4="): Text ****** has been set on object 'Object Repository/RAD_RecordAndPlay/input_Existing_FEIN'

2024-02-03 23:01:18 - [MESSAGE][PASSED] - Text ****** has been set on object 'Object Repository/RAD_RecordAndPlay/input_Existing_FEIN'

2024-02-03 23:01:18 - [TEST_STEP][PASSED] - setEncryptedText(findTestObject("Object Repository/RAD_RecordAndPlay/input_Existing_RetypeFEIN"), ""): Text ****** has been set on object 'Object Repository/RAD_RecordAndPlay/input_Existing_RetypeFEIN'

2024-02-03 23:01:19 - [MESSAGE][PASSED] - Text ****** has been set on object 'Object Repository/RAD_RecordAndPlay/input_Existing_RetypeFEIN'

2024-02-03 23:01:19 - [TEST_STEP][PASSED] - break: null

2024-02-03 23:01:19 - [TEST_STEP][PASSED] - if (feinSsn.equalsIgnoreCase("Y")): null

2024-02-03 23:01:19 - [TEST_STEP][PASSED] - else: null

2024-02-03 23:01:19 - [TEST_STEP][PASSED] - if (verifyTextPresent("Please enter a valid FEIN with 9 digits.", true)): null

2024-02-03 23:01:19 - [MESSAGE][PASSED] - Text 'Please enter a valid FEIN with 9 digits.' is present on page  using regular expression

2024-02-03 23:01:19 - [TEST_STEP][PASSED] - println("Error Message is present on the page"): null

2024-02-03 23:01:19 - [TEST_STEP][PASSED] - out.println("Pass Record Number: " + row): null

2024-02-03 23:01:19 - [TEST_STEP][PASSED] - resText = "Pass": null

2024-02-03 23:01:19 - [TEST_STEP][PASSED] - pages.WriteExcel.demoKey(resText, datText, resColumn, datCloumn, fileLoc, nameSheet, row): pages.WriteExcel.demoKey is PASSED

2024-02-03 23:01:19 - [MESSAGE][PASSED] - pages.WriteExcel.demoKey is PASSED

2024-02-03 23:01:19 - [TEST_STEP][PASSED] - ExecuteTC = findTestData(dataFile).getValue("Execute", row): null

2024-02-03 23:01:19 - [TEST_STEP][PASSED] - Taxtype = findTestData(dataFile).getValue("TaxType", row): null

2024-02-03 23:01:19 - [TEST_STEP][PASSED] - Paymenttype = findTestData(dataFile).getValue("PaymentType", row): null

2024-02-03 23:01:20 - [TEST_STEP][PASSED] - feinSsn = findTestData(dataFile).getValue("FEINSSN", row): null

2024-02-03 23:01:20 - [TEST_STEP][PASSED] - out.println("Value of Execute is : " + ExecuteTC): null

2024-02-03 23:01:20 - [TEST_STEP][PASSED] - if (ExecuteTC.equalsIgnoreCase("Y")): null

2024-02-03 23:01:20 - [TEST_STEP][PASSED] - out.println("Begin Record Number: " + row): null

2024-02-03 23:01:20 - [TEST_STEP][PASSED] - today = new java.util.Date(): null

2024-02-03 23:01:20 - [TEST_STEP][PASSED] - println(today): null

2024-02-03 23:01:20 - [TEST_STEP][PASSED] - datText = today: null

2024-02-03 23:01:20 - [TEST_STEP][PASSED] - Taxtype = findTestData(dataFile).getValue("TaxType", row): null

2024-02-03 23:01:20 - [TEST_STEP][PASSED] - out.println("Taxtype value is : " + Taxtype): null

2024-02-03 23:01:20 - [TEST_STEP][PASSED] - openBrowser(""): Browser is opened with url: ''

2024-02-03 23:01:20 - [MESSAGE][WARNING] - A browser is already opened. Closing browser and opening a new one

2024-02-03 23:01:21 - [MESSAGE][INFO] - Starting 'Chrome' driver

2024-02-03 23:01:21 - [MESSAGE][INFO] - User set preference: ['acceptInsecureCerts', 'true']

2024-02-03 23:01:21 - [MESSAGE][INFO] - Action delay is set to 0 milliseconds

2024-02-03 23:01:26 - [MESSAGE][PASSED] - Browser is opened with url: ''

2024-02-03 23:01:26 - [TEST_STEP][PASSED] - maximizeWindow(): Current window maximized

2024-02-03 23:01:26 - [MESSAGE][PASSED] - Current window maximized

2024-02-03 23:01:26 - [TEST_STEP][PASSED] - navigateToUrl(RADurl): Navigate to 'https://qa2.velocitypayment.com/client/rad/index.html' successfully

2024-02-03 23:01:28 - [MESSAGE][PASSED] - Navigate to 'https://qa2.velocitypayment.com/client/rad/index.html' successfully

2024-02-03 23:01:28 - [TEST_STEP][PASSED] - orPath_Landing = "Object Repository/RAD_Pages/Landing_Page": null

2024-02-03 23:01:28 - [TEST_STEP][PASSED] - orPath_TaxTypeFilingYear = "Object Repository/RAD_Pages/TaxTypeFilingYear_Page": null

2024-02-03 23:01:28 - [TEST_STEP][PASSED] - orPath_TaxPayer = "Object Repository/RAD_Pages/Taxpayer_Page": null

2024-02-03 23:01:28 - [TEST_STEP][PASSED] - orPath_AddressContact = "Object Repository/RAD_Pages/AddressAndContactInfo_Page": null

2024-02-03 23:01:28 - [TEST_STEP][PASSED] - orPath_FilingStatus = "Object Repository/RAD_Pages/FilingStatus_Page": null

2024-02-03 23:01:28 - [TEST_STEP][PASSED] - orPath_Amount = "Object Repository/RAD_Pages/PaymentAmount_Page": null

2024-02-03 23:01:28 - [TEST_STEP][PASSED] - orPath_TaxInfo = "Object Repository/RAD_Pages/TaxInfo_Page": null

2024-02-03 23:01:28 - [TEST_STEP][PASSED] - orPath_Withholding = "Object Repository/RAD_Pages/Withholding_Page": null

2024-02-03 23:01:28 - [TEST_STEP][PASSED] - orPath_Summary = "Object Repository/RAD_Pages/Summary_Page": null

2024-02-03 23:01:28 - [TEST_STEP][PASSED] - orPath_PaymentReady = "Object Repository/RAD_Pages/PaymentReady_Page": null

2024-02-03 23:01:28 - [TEST_STEP][PASSED] - orPath_PaymentEntry = "Object Repository/RAD_Pages/PaymentEntry_Page": null

2024-02-03 23:01:28 - [TEST_STEP][PASSED] - orPath_PaymentConfirmation = "Object Repository/RAD_Pages/PaymentConfirmation_Page": null

2024-02-03 23:01:28 - [TEST_STEP][PASSED] - orPath_ServiceFeesAccept = "Object Repository/RAD_Pages/ServiceFeeAccept_Page": null

2024-02-03 23:01:28 - [TEST_STEP][PASSED] - selectOptionByLabel(findTestObject(orPath_Landing + "/dd_TaxType"), Paymenttype, false): All options with label 'Existing Liability w/Notice Number' are selected in object 'Object Repository/RAD_Pages/Landing_Page/dd_TaxType' 

2024-02-03 23:01:29 - [MESSAGE][PASSED] - All options with label 'Existing Liability w/Notice Number' are selected in object 'Object Repository/RAD_Pages/Landing_Page/dd_TaxType' 

2024-02-03 23:01:29 - [TEST_STEP][PASSED] - delay(1): Delayed 1 second(s)

2024-02-03 23:01:30 - [MESSAGE][PASSED] - Delayed 1 second(s)

2024-02-03 23:01:30 - [TEST_STEP][PASSED] - switch (Paymenttype): null

2024-02-03 23:01:30 - [TEST_STEP][PASSED] - case "Existing Liability w/Notice Number":: null

2024-02-03 23:01:30 - [TEST_STEP][PASSED] - selectOptionByLabel(findTestObject(orPath_TaxTypeFilingYear + "/select_TaxType_ExistingLiability"), Taxtype, false): All options with label 'PTE Non-Electing Non-S Corp' are selected in object 'Object Repository/RAD_Pages/TaxTypeFilingYear_Page/select_TaxType_ExistingLiability' 

2024-02-03 23:01:31 - [MESSAGE][PASSED] - All options with label 'PTE Non-Electing Non-S Corp' are selected in object 'Object Repository/RAD_Pages/TaxTypeFilingYear_Page/select_TaxType_ExistingLiability' 

2024-02-03 23:01:31 - [TEST_STEP][PASSED] - break: null

2024-02-03 23:01:31 - [TEST_STEP][PASSED] - delay(1): Delayed 1 second(s)

2024-02-03 23:01:32 - [MESSAGE][PASSED] - Delayed 1 second(s)

2024-02-03 23:01:32 - [TEST_STEP][PASSED] - switch (Paymenttype): null

2024-02-03 23:01:32 - [TEST_STEP][PASSED] - case "Existing Liability w/Notice Number":: null

2024-02-03 23:01:32 - [TEST_STEP][PASSED] - if (feinSsn.equalsIgnoreCase("Y")): Text ****** has been set on object 'Object Repository/RAD_Pages/TaxInfo_Page/input_TaxInfo_RetypefeinSsn_Existing_New'

2024-02-03 23:01:32 - [TEST_STEP][PASSED] - setEncryptedText(findTestObject(orPath_TaxInfo + "/input_TaxInfo_feinSsn_Existing_New"), "iGDxf8hSRT4="): Text ****** has been set on object 'Object Repository/RAD_Pages/TaxInfo_Page/input_TaxInfo_feinSsn_Existing_New'

2024-02-03 23:01:32 - [MESSAGE][PASSED] - Text ****** has been set on object 'Object Repository/RAD_Pages/TaxInfo_Page/input_TaxInfo_feinSsn_Existing_New'

2024-02-03 23:01:32 - [TEST_STEP][PASSED] - setEncryptedText(findTestObject(orPath_TaxInfo + "/input_TaxInfo_RetypefeinSsn_Existing_New"), ""): Text ****** has been set on object 'Object Repository/RAD_Pages/TaxInfo_Page/input_TaxInfo_RetypefeinSsn_Existing_New'

2024-02-03 23:01:33 - [MESSAGE][PASSED] - Text ****** has been set on object 'Object Repository/RAD_Pages/TaxInfo_Page/input_TaxInfo_RetypefeinSsn_Existing_New'

2024-02-03 23:01:33 - [TEST_STEP][PASSED] - break: null

2024-02-03 23:01:33 - [TEST_STEP][PASSED] - if (feinSsn.equalsIgnoreCase("Y")): null

2024-02-03 23:01:33 - [TEST_STEP][PASSED] - if (verifyTextPresent("Please enter a valid FEIN/SSN with 9 digits", true)): null

2024-02-03 23:01:33 - [MESSAGE][PASSED] - Text 'Please enter a valid FEIN/SSN with 9 digits' is present on page  using regular expression

2024-02-03 23:01:33 - [TEST_STEP][PASSED] - println("Error Message is present on the page"): null

2024-02-03 23:01:33 - [TEST_STEP][PASSED] - out.println("Pass Record Number: " + row): null

2024-02-03 23:01:33 - [TEST_STEP][PASSED] - resText = "Pass": null

2024-02-03 23:01:33 - [TEST_STEP][PASSED] - pages.WriteExcel.demoKey(resText, datText, resColumn, datCloumn, fileLoc, nameSheet, row): pages.WriteExcel.demoKey is PASSED

2024-02-03 23:01:34 - [MESSAGE][PASSED] - pages.WriteExcel.demoKey is PASSED

2024-02-03 23:01:34 - [TEST_STEP][PASSED] - ExecuteTC = findTestData(dataFile).getValue("Execute", row): null

2024-02-03 23:01:34 - [TEST_STEP][PASSED] - Taxtype = findTestData(dataFile).getValue("TaxType", row): null

2024-02-03 23:01:34 - [TEST_STEP][PASSED] - Paymenttype = findTestData(dataFile).getValue("PaymentType", row): null

2024-02-03 23:01:34 - [TEST_STEP][PASSED] - feinSsn = findTestData(dataFile).getValue("FEINSSN", row): null

2024-02-03 23:01:34 - [TEST_STEP][PASSED] - out.println("Value of Execute is : " + ExecuteTC): null

2024-02-03 23:01:34 - [TEST_STEP][PASSED] - if (ExecuteTC.equalsIgnoreCase("Y")): null

2024-02-03 23:01:34 - [TEST_STEP][PASSED] - out.println("Begin Record Number: " + row): null

2024-02-03 23:01:34 - [TEST_STEP][PASSED] - today = new java.util.Date(): null

2024-02-03 23:01:34 - [TEST_STEP][PASSED] - println(today): null

2024-02-03 23:01:34 - [TEST_STEP][PASSED] - datText = today: null

2024-02-03 23:01:34 - [TEST_STEP][PASSED] - Taxtype = findTestData(dataFile).getValue("TaxType", row): null

2024-02-03 23:01:34 - [TEST_STEP][PASSED] - out.println("Taxtype value is : " + Taxtype): null

2024-02-03 23:01:34 - [TEST_STEP][PASSED] - openBrowser(""): Browser is opened with url: ''

2024-02-03 23:01:34 - [MESSAGE][WARNING] - A browser is already opened. Closing browser and opening a new one

2024-02-03 23:01:35 - [MESSAGE][INFO] - Starting 'Chrome' driver

2024-02-03 23:01:35 - [MESSAGE][INFO] - User set preference: ['acceptInsecureCerts', 'true']

2024-02-03 23:01:35 - [MESSAGE][INFO] - Action delay is set to 0 milliseconds

2024-02-03 23:01:37 - [MESSAGE][PASSED] - Browser is opened with url: ''

2024-02-03 23:01:37 - [TEST_STEP][PASSED] - maximizeWindow(): Current window maximized

2024-02-03 23:01:37 - [MESSAGE][PASSED] - Current window maximized

2024-02-03 23:01:37 - [TEST_STEP][PASSED] - navigateToUrl(RADurl): Navigate to 'https://qa2.velocitypayment.com/client/rad/index.html' successfully

2024-02-03 23:01:38 - [MESSAGE][PASSED] - Navigate to 'https://qa2.velocitypayment.com/client/rad/index.html' successfully

2024-02-03 23:01:38 - [TEST_STEP][PASSED] - orPath_Landing = "Object Repository/RAD_Pages/Landing_Page": null

2024-02-03 23:01:38 - [TEST_STEP][PASSED] - orPath_TaxTypeFilingYear = "Object Repository/RAD_Pages/TaxTypeFilingYear_Page": null

2024-02-03 23:01:38 - [TEST_STEP][PASSED] - orPath_TaxPayer = "Object Repository/RAD_Pages/Taxpayer_Page": null

2024-02-03 23:01:38 - [TEST_STEP][PASSED] - orPath_AddressContact = "Object Repository/RAD_Pages/AddressAndContactInfo_Page": null

2024-02-03 23:01:38 - [TEST_STEP][PASSED] - orPath_FilingStatus = "Object Repository/RAD_Pages/FilingStatus_Page": null

2024-02-03 23:01:38 - [TEST_STEP][PASSED] - orPath_Amount = "Object Repository/RAD_Pages/PaymentAmount_Page": null

2024-02-03 23:01:38 - [TEST_STEP][PASSED] - orPath_TaxInfo = "Object Repository/RAD_Pages/TaxInfo_Page": null

2024-02-03 23:01:38 - [TEST_STEP][PASSED] - orPath_Withholding = "Object Repository/RAD_Pages/Withholding_Page": null

2024-02-03 23:01:38 - [TEST_STEP][PASSED] - orPath_Summary = "Object Repository/RAD_Pages/Summary_Page": null

2024-02-03 23:01:38 - [TEST_STEP][PASSED] - orPath_PaymentReady = "Object Repository/RAD_Pages/PaymentReady_Page": null

2024-02-03 23:01:38 - [TEST_STEP][PASSED] - orPath_PaymentEntry = "Object Repository/RAD_Pages/PaymentEntry_Page": null

2024-02-03 23:01:38 - [TEST_STEP][PASSED] - orPath_PaymentConfirmation = "Object Repository/RAD_Pages/PaymentConfirmation_Page": null

2024-02-03 23:01:38 - [TEST_STEP][PASSED] - orPath_ServiceFeesAccept = "Object Repository/RAD_Pages/ServiceFeeAccept_Page": null

2024-02-03 23:01:38 - [TEST_STEP][PASSED] - selectOptionByLabel(findTestObject(orPath_Landing + "/dd_TaxType"), Paymenttype, false): All options with label 'Existing Liability w/Notice Number' are selected in object 'Object Repository/RAD_Pages/Landing_Page/dd_TaxType' 

2024-02-03 23:01:39 - [MESSAGE][PASSED] - All options with label 'Existing Liability w/Notice Number' are selected in object 'Object Repository/RAD_Pages/Landing_Page/dd_TaxType' 

2024-02-03 23:01:39 - [TEST_STEP][PASSED] - delay(1): Delayed 1 second(s)

2024-02-03 23:01:40 - [MESSAGE][PASSED] - Delayed 1 second(s)

2024-02-03 23:01:40 - [TEST_STEP][PASSED] - switch (Paymenttype): null

2024-02-03 23:01:40 - [TEST_STEP][PASSED] - case "Existing Liability w/Notice Number":: null

2024-02-03 23:01:40 - [TEST_STEP][PASSED] - selectOptionByLabel(findTestObject(orPath_TaxTypeFilingYear + "/select_TaxType_ExistingLiability"), Taxtype, false): All options with label 'PTE Non-Electing S Corp' are selected in object 'Object Repository/RAD_Pages/TaxTypeFilingYear_Page/select_TaxType_ExistingLiability' 

2024-02-03 23:01:41 - [MESSAGE][PASSED] - All options with label 'PTE Non-Electing S Corp' are selected in object 'Object Repository/RAD_Pages/TaxTypeFilingYear_Page/select_TaxType_ExistingLiability' 

2024-02-03 23:01:41 - [TEST_STEP][PASSED] - break: null

2024-02-03 23:01:41 - [TEST_STEP][PASSED] - delay(1): Delayed 1 second(s)

2024-02-03 23:01:42 - [MESSAGE][PASSED] - Delayed 1 second(s)

2024-02-03 23:01:42 - [TEST_STEP][PASSED] - switch (Paymenttype): null

2024-02-03 23:01:42 - [TEST_STEP][PASSED] - case "Existing Liability w/Notice Number":: null

2024-02-03 23:01:42 - [TEST_STEP][PASSED] - if (feinSsn.equalsIgnoreCase("Y")): Text ****** has been set on object 'Object Repository/RAD_Pages/TaxInfo_Page/input_TaxInfo_RetypefeinSsn_Existing_New'

2024-02-03 23:01:42 - [TEST_STEP][PASSED] - setEncryptedText(findTestObject(orPath_TaxInfo + "/input_TaxInfo_feinSsn_Existing_New"), "iGDxf8hSRT4="): Text ****** has been set on object 'Object Repository/RAD_Pages/TaxInfo_Page/input_TaxInfo_feinSsn_Existing_New'

2024-02-03 23:01:42 - [MESSAGE][PASSED] - Text ****** has been set on object 'Object Repository/RAD_Pages/TaxInfo_Page/input_TaxInfo_feinSsn_Existing_New'

2024-02-03 23:01:42 - [TEST_STEP][PASSED] - setEncryptedText(findTestObject(orPath_TaxInfo + "/input_TaxInfo_RetypefeinSsn_Existing_New"), ""): Text ****** has been set on object 'Object Repository/RAD_Pages/TaxInfo_Page/input_TaxInfo_RetypefeinSsn_Existing_New'

2024-02-03 23:01:43 - [MESSAGE][PASSED] - Text ****** has been set on object 'Object Repository/RAD_Pages/TaxInfo_Page/input_TaxInfo_RetypefeinSsn_Existing_New'

2024-02-03 23:01:43 - [TEST_STEP][PASSED] - break: null

2024-02-03 23:01:43 - [TEST_STEP][PASSED] - if (feinSsn.equalsIgnoreCase("Y")): null

2024-02-03 23:01:43 - [TEST_STEP][PASSED] - if (verifyTextPresent("Please enter a valid FEIN/SSN with 9 digits", true)): null

2024-02-03 23:01:43 - [MESSAGE][PASSED] - Text 'Please enter a valid FEIN/SSN with 9 digits' is present on page  using regular expression

2024-02-03 23:01:43 - [TEST_STEP][PASSED] - println("Error Message is present on the page"): null

2024-02-03 23:01:43 - [TEST_STEP][PASSED] - out.println("Pass Record Number: " + row): null

2024-02-03 23:01:43 - [TEST_STEP][PASSED] - resText = "Pass": null

2024-02-03 23:01:43 - [TEST_STEP][PASSED] - pages.WriteExcel.demoKey(resText, datText, resColumn, datCloumn, fileLoc, nameSheet, row): pages.WriteExcel.demoKey is PASSED

2024-02-03 23:01:44 - [MESSAGE][PASSED] - pages.WriteExcel.demoKey is PASSED

2024-02-03 23:01:44 - [TEST_STEP][PASSED] - ExecuteTC = findTestData(dataFile).getValue("Execute", row): null

2024-02-03 23:01:44 - [TEST_STEP][PASSED] - Taxtype = findTestData(dataFile).getValue("TaxType", row): null

2024-02-03 23:01:44 - [TEST_STEP][PASSED] - Paymenttype = findTestData(dataFile).getValue("PaymentType", row): null

2024-02-03 23:01:44 - [TEST_STEP][PASSED] - feinSsn = findTestData(dataFile).getValue("FEINSSN", row): null

2024-02-03 23:01:44 - [TEST_STEP][PASSED] - out.println("Value of Execute is : " + ExecuteTC): null

2024-02-03 23:01:44 - [TEST_STEP][PASSED] - if (ExecuteTC.equalsIgnoreCase("Y")): null

2024-02-03 23:01:44 - [TEST_STEP][PASSED] - out.println("Begin Record Number: " + row): null

2024-02-03 23:01:44 - [TEST_STEP][PASSED] - today = new java.util.Date(): null

2024-02-03 23:01:44 - [TEST_STEP][PASSED] - println(today): null

2024-02-03 23:01:44 - [TEST_STEP][PASSED] - datText = today: null

2024-02-03 23:01:44 - [TEST_STEP][PASSED] - Taxtype = findTestData(dataFile).getValue("TaxType", row): null

2024-02-03 23:01:44 - [TEST_STEP][PASSED] - out.println("Taxtype value is : " + Taxtype): null

2024-02-03 23:01:44 - [TEST_STEP][PASSED] - openBrowser(""): Browser is opened with url: ''

2024-02-03 23:01:44 - [MESSAGE][WARNING] - A browser is already opened. Closing browser and opening a new one

2024-02-03 23:01:45 - [MESSAGE][INFO] - Starting 'Chrome' driver

2024-02-03 23:01:45 - [MESSAGE][INFO] - User set preference: ['acceptInsecureCerts', 'true']

2024-02-03 23:01:45 - [MESSAGE][INFO] - Action delay is set to 0 milliseconds

2024-02-03 23:01:47 - [MESSAGE][PASSED] - Browser is opened with url: ''

2024-02-03 23:01:47 - [TEST_STEP][PASSED] - maximizeWindow(): Current window maximized

2024-02-03 23:01:47 - [MESSAGE][PASSED] - Current window maximized

2024-02-03 23:01:47 - [TEST_STEP][PASSED] - navigateToUrl(RADurl): Navigate to 'https://qa2.velocitypayment.com/client/rad/index.html' successfully

2024-02-03 23:01:47 - [MESSAGE][PASSED] - Navigate to 'https://qa2.velocitypayment.com/client/rad/index.html' successfully

2024-02-03 23:01:47 - [TEST_STEP][PASSED] - orPath_Landing = "Object Repository/RAD_Pages/Landing_Page": null

2024-02-03 23:01:47 - [TEST_STEP][PASSED] - orPath_TaxTypeFilingYear = "Object Repository/RAD_Pages/TaxTypeFilingYear_Page": null

2024-02-03 23:01:47 - [TEST_STEP][PASSED] - orPath_TaxPayer = "Object Repository/RAD_Pages/Taxpayer_Page": null

2024-02-03 23:01:47 - [TEST_STEP][PASSED] - orPath_AddressContact = "Object Repository/RAD_Pages/AddressAndContactInfo_Page": null

2024-02-03 23:01:47 - [TEST_STEP][PASSED] - orPath_FilingStatus = "Object Repository/RAD_Pages/FilingStatus_Page": null

2024-02-03 23:01:47 - [TEST_STEP][PASSED] - orPath_Amount = "Object Repository/RAD_Pages/PaymentAmount_Page": null

2024-02-03 23:01:47 - [TEST_STEP][PASSED] - orPath_TaxInfo = "Object Repository/RAD_Pages/TaxInfo_Page": null

2024-02-03 23:01:47 - [TEST_STEP][PASSED] - orPath_Withholding = "Object Repository/RAD_Pages/Withholding_Page": null

2024-02-03 23:01:47 - [TEST_STEP][PASSED] - orPath_Summary = "Object Repository/RAD_Pages/Summary_Page": null

2024-02-03 23:01:47 - [TEST_STEP][PASSED] - orPath_PaymentReady = "Object Repository/RAD_Pages/PaymentReady_Page": null

2024-02-03 23:01:47 - [TEST_STEP][PASSED] - orPath_PaymentEntry = "Object Repository/RAD_Pages/PaymentEntry_Page": null

2024-02-03 23:01:47 - [TEST_STEP][PASSED] - orPath_PaymentConfirmation = "Object Repository/RAD_Pages/PaymentConfirmation_Page": null

2024-02-03 23:01:47 - [TEST_STEP][PASSED] - orPath_ServiceFeesAccept = "Object Repository/RAD_Pages/ServiceFeeAccept_Page": null

2024-02-03 23:01:47 - [TEST_STEP][PASSED] - selectOptionByLabel(findTestObject(orPath_Landing + "/dd_TaxType"), Paymenttype, false): All options with label 'Existing Liability w/Notice Number' are selected in object 'Object Repository/RAD_Pages/Landing_Page/dd_TaxType' 

2024-02-03 23:01:49 - [MESSAGE][PASSED] - All options with label 'Existing Liability w/Notice Number' are selected in object 'Object Repository/RAD_Pages/Landing_Page/dd_TaxType' 

2024-02-03 23:01:49 - [TEST_STEP][PASSED] - delay(1): Delayed 1 second(s)

2024-02-03 23:01:50 - [MESSAGE][PASSED] - Delayed 1 second(s)

2024-02-03 23:01:50 - [TEST_STEP][PASSED] - switch (Paymenttype): null

2024-02-03 23:01:50 - [TEST_STEP][PASSED] - case "Existing Liability w/Notice Number":: null

2024-02-03 23:01:50 - [TEST_STEP][PASSED] - selectOptionByLabel(findTestObject(orPath_TaxTypeFilingYear + "/select_TaxType_ExistingLiability"), Taxtype, false): All options with label 'Sales & Use Tax' are selected in object 'Object Repository/RAD_Pages/TaxTypeFilingYear_Page/select_TaxType_ExistingLiability' 

2024-02-03 23:01:51 - [MESSAGE][PASSED] - All options with label 'Sales & Use Tax' are selected in object 'Object Repository/RAD_Pages/TaxTypeFilingYear_Page/select_TaxType_ExistingLiability' 

2024-02-03 23:01:51 - [TEST_STEP][PASSED] - break: null

2024-02-03 23:01:51 - [TEST_STEP][PASSED] - delay(1): Delayed 1 second(s)

2024-02-03 23:01:52 - [MESSAGE][PASSED] - Delayed 1 second(s)

2024-02-03 23:01:52 - [TEST_STEP][PASSED] - switch (Paymenttype): null

2024-02-03 23:01:52 - [TEST_STEP][PASSED] - case "Existing Liability w/Notice Number":: null

2024-02-03 23:01:52 - [TEST_STEP][PASSED] - if (feinSsn.equalsIgnoreCase("Y")): null

2024-02-03 23:01:52 - [TEST_STEP][PASSED] - else: Text ****** has been set on object 'Object Repository/RAD_RecordAndPlay/input_Existing_RetypeFEIN'

2024-02-03 23:01:52 - [TEST_STEP][PASSED] - setEncryptedText(findTestObject("Object Repository/RAD_RecordAndPlay/input_Existing_FEIN"), "iGDxf8hSRT4="): Text ****** has been set on object 'Object Repository/RAD_RecordAndPlay/input_Existing_FEIN'

2024-02-03 23:01:52 - [MESSAGE][PASSED] - Text ****** has been set on object 'Object Repository/RAD_RecordAndPlay/input_Existing_FEIN'

2024-02-03 23:01:52 - [TEST_STEP][PASSED] - setEncryptedText(findTestObject("Object Repository/RAD_RecordAndPlay/input_Existing_RetypeFEIN"), ""): Text ****** has been set on object 'Object Repository/RAD_RecordAndPlay/input_Existing_RetypeFEIN'

2024-02-03 23:01:53 - [MESSAGE][PASSED] - Text ****** has been set on object 'Object Repository/RAD_RecordAndPlay/input_Existing_RetypeFEIN'

2024-02-03 23:01:53 - [TEST_STEP][PASSED] - break: null

2024-02-03 23:01:53 - [TEST_STEP][PASSED] - if (feinSsn.equalsIgnoreCase("Y")): null

2024-02-03 23:01:53 - [TEST_STEP][PASSED] - else: null

2024-02-03 23:01:53 - [TEST_STEP][PASSED] - if (verifyTextPresent("Please enter a valid FEIN with 9 digits.", true)): null

2024-02-03 23:01:53 - [MESSAGE][PASSED] - Text 'Please enter a valid FEIN with 9 digits.' is present on page  using regular expression

2024-02-03 23:01:53 - [TEST_STEP][PASSED] - println("Error Message is present on the page"): null

2024-02-03 23:01:53 - [TEST_STEP][PASSED] - out.println("Pass Record Number: " + row): null

2024-02-03 23:01:53 - [TEST_STEP][PASSED] - resText = "Pass": null

2024-02-03 23:01:53 - [TEST_STEP][PASSED] - pages.WriteExcel.demoKey(resText, datText, resColumn, datCloumn, fileLoc, nameSheet, row): pages.WriteExcel.demoKey is PASSED

2024-02-03 23:01:53 - [MESSAGE][PASSED] - pages.WriteExcel.demoKey is PASSED

2024-02-03 23:01:53 - [TEST_STEP][PASSED] - ExecuteTC = findTestData(dataFile).getValue("Execute", row): null

2024-02-03 23:01:53 - [TEST_STEP][PASSED] - Taxtype = findTestData(dataFile).getValue("TaxType", row): null

2024-02-03 23:01:53 - [TEST_STEP][PASSED] - Paymenttype = findTestData(dataFile).getValue("PaymentType", row): null

2024-02-03 23:01:53 - [TEST_STEP][PASSED] - feinSsn = findTestData(dataFile).getValue("FEINSSN", row): null

2024-02-03 23:01:53 - [TEST_STEP][PASSED] - out.println("Value of Execute is : " + ExecuteTC): null

2024-02-03 23:01:53 - [TEST_STEP][PASSED] - if (ExecuteTC.equalsIgnoreCase("Y")): null

2024-02-03 23:01:53 - [TEST_STEP][PASSED] - out.println("Begin Record Number: " + row): null

2024-02-03 23:01:53 - [TEST_STEP][PASSED] - today = new java.util.Date(): null

2024-02-03 23:01:53 - [TEST_STEP][PASSED] - println(today): null

2024-02-03 23:01:53 - [TEST_STEP][PASSED] - datText = today: null

2024-02-03 23:01:53 - [TEST_STEP][PASSED] - Taxtype = findTestData(dataFile).getValue("TaxType", row): null

2024-02-03 23:01:54 - [TEST_STEP][PASSED] - out.println("Taxtype value is : " + Taxtype): null

2024-02-03 23:01:54 - [TEST_STEP][PASSED] - openBrowser(""): Browser is opened with url: ''

2024-02-03 23:01:54 - [MESSAGE][WARNING] - A browser is already opened. Closing browser and opening a new one

2024-02-03 23:01:55 - [MESSAGE][INFO] - Starting 'Chrome' driver

2024-02-03 23:01:55 - [MESSAGE][INFO] - User set preference: ['acceptInsecureCerts', 'true']

2024-02-03 23:01:55 - [MESSAGE][INFO] - Action delay is set to 0 milliseconds

2024-02-03 23:01:56 - [MESSAGE][PASSED] - Browser is opened with url: ''

2024-02-03 23:01:56 - [TEST_STEP][PASSED] - maximizeWindow(): Current window maximized

2024-02-03 23:01:57 - [MESSAGE][PASSED] - Current window maximized

2024-02-03 23:01:57 - [TEST_STEP][PASSED] - navigateToUrl(RADurl): Navigate to 'https://qa2.velocitypayment.com/client/rad/index.html' successfully

2024-02-03 23:01:58 - [MESSAGE][PASSED] - Navigate to 'https://qa2.velocitypayment.com/client/rad/index.html' successfully

2024-02-03 23:01:58 - [TEST_STEP][PASSED] - orPath_Landing = "Object Repository/RAD_Pages/Landing_Page": null

2024-02-03 23:01:58 - [TEST_STEP][PASSED] - orPath_TaxTypeFilingYear = "Object Repository/RAD_Pages/TaxTypeFilingYear_Page": null

2024-02-03 23:01:58 - [TEST_STEP][PASSED] - orPath_TaxPayer = "Object Repository/RAD_Pages/Taxpayer_Page": null

2024-02-03 23:01:58 - [TEST_STEP][PASSED] - orPath_AddressContact = "Object Repository/RAD_Pages/AddressAndContactInfo_Page": null

2024-02-03 23:01:58 - [TEST_STEP][PASSED] - orPath_FilingStatus = "Object Repository/RAD_Pages/FilingStatus_Page": null

2024-02-03 23:01:58 - [TEST_STEP][PASSED] - orPath_Amount = "Object Repository/RAD_Pages/PaymentAmount_Page": null

2024-02-03 23:01:58 - [TEST_STEP][PASSED] - orPath_TaxInfo = "Object Repository/RAD_Pages/TaxInfo_Page": null

2024-02-03 23:01:58 - [TEST_STEP][PASSED] - orPath_Withholding = "Object Repository/RAD_Pages/Withholding_Page": null

2024-02-03 23:01:58 - [TEST_STEP][PASSED] - orPath_Summary = "Object Repository/RAD_Pages/Summary_Page": null

2024-02-03 23:01:58 - [TEST_STEP][PASSED] - orPath_PaymentReady = "Object Repository/RAD_Pages/PaymentReady_Page": null

2024-02-03 23:01:58 - [TEST_STEP][PASSED] - orPath_PaymentEntry = "Object Repository/RAD_Pages/PaymentEntry_Page": null

2024-02-03 23:01:58 - [TEST_STEP][PASSED] - orPath_PaymentConfirmation = "Object Repository/RAD_Pages/PaymentConfirmation_Page": null

2024-02-03 23:01:58 - [TEST_STEP][PASSED] - orPath_ServiceFeesAccept = "Object Repository/RAD_Pages/ServiceFeeAccept_Page": null

2024-02-03 23:01:58 - [TEST_STEP][PASSED] - selectOptionByLabel(findTestObject(orPath_Landing + "/dd_TaxType"), Paymenttype, false): All options with label 'Existing Liability w/Notice Number' are selected in object 'Object Repository/RAD_Pages/Landing_Page/dd_TaxType' 

2024-02-03 23:01:59 - [MESSAGE][PASSED] - All options with label 'Existing Liability w/Notice Number' are selected in object 'Object Repository/RAD_Pages/Landing_Page/dd_TaxType' 

2024-02-03 23:01:59 - [TEST_STEP][PASSED] - delay(1): Delayed 1 second(s)

2024-02-03 23:02:00 - [MESSAGE][PASSED] - Delayed 1 second(s)

2024-02-03 23:02:00 - [TEST_STEP][PASSED] - switch (Paymenttype): null

2024-02-03 23:02:00 - [TEST_STEP][PASSED] - case "Existing Liability w/Notice Number":: null

2024-02-03 23:02:00 - [TEST_STEP][PASSED] - selectOptionByLabel(findTestObject(orPath_TaxTypeFilingYear + "/select_TaxType_ExistingLiability"), Taxtype, false): All options with label 'Tire Recycling Fee' are selected in object 'Object Repository/RAD_Pages/TaxTypeFilingYear_Page/select_TaxType_ExistingLiability' 

2024-02-03 23:02:00 - [MESSAGE][PASSED] - All options with label 'Tire Recycling Fee' are selected in object 'Object Repository/RAD_Pages/TaxTypeFilingYear_Page/select_TaxType_ExistingLiability' 

2024-02-03 23:02:00 - [TEST_STEP][PASSED] - break: null

2024-02-03 23:02:00 - [TEST_STEP][PASSED] - delay(1): Delayed 1 second(s)

2024-02-03 23:02:01 - [MESSAGE][PASSED] - Delayed 1 second(s)

2024-02-03 23:02:01 - [TEST_STEP][PASSED] - switch (Paymenttype): null

2024-02-03 23:02:01 - [TEST_STEP][PASSED] - case "Existing Liability w/Notice Number":: null

2024-02-03 23:02:01 - [TEST_STEP][PASSED] - if (feinSsn.equalsIgnoreCase("Y")): null

2024-02-03 23:02:01 - [TEST_STEP][PASSED] - else: Text ****** has been set on object 'Object Repository/RAD_RecordAndPlay/input_Existing_RetypeFEIN'

2024-02-03 23:02:01 - [TEST_STEP][PASSED] - setEncryptedText(findTestObject("Object Repository/RAD_RecordAndPlay/input_Existing_FEIN"), "iGDxf8hSRT4="): Text ****** has been set on object 'Object Repository/RAD_RecordAndPlay/input_Existing_FEIN'

2024-02-03 23:02:02 - [MESSAGE][PASSED] - Text ****** has been set on object 'Object Repository/RAD_RecordAndPlay/input_Existing_FEIN'

2024-02-03 23:02:02 - [TEST_STEP][PASSED] - setEncryptedText(findTestObject("Object Repository/RAD_RecordAndPlay/input_Existing_RetypeFEIN"), ""): Text ****** has been set on object 'Object Repository/RAD_RecordAndPlay/input_Existing_RetypeFEIN'

2024-02-03 23:02:03 - [MESSAGE][PASSED] - Text ****** has been set on object 'Object Repository/RAD_RecordAndPlay/input_Existing_RetypeFEIN'

2024-02-03 23:02:03 - [TEST_STEP][PASSED] - break: null

2024-02-03 23:02:03 - [TEST_STEP][PASSED] - if (feinSsn.equalsIgnoreCase("Y")): null

2024-02-03 23:02:03 - [TEST_STEP][PASSED] - else: null

2024-02-03 23:02:03 - [TEST_STEP][PASSED] - if (verifyTextPresent("Please enter a valid FEIN with 9 digits.", true)): null

2024-02-03 23:02:03 - [MESSAGE][PASSED] - Text 'Please enter a valid FEIN with 9 digits.' is present on page  using regular expression

2024-02-03 23:02:03 - [TEST_STEP][PASSED] - println("Error Message is present on the page"): null

2024-02-03 23:02:03 - [TEST_STEP][PASSED] - out.println("Pass Record Number: " + row): null

2024-02-03 23:02:03 - [TEST_STEP][PASSED] - resText = "Pass": null

2024-02-03 23:02:03 - [TEST_STEP][PASSED] - pages.WriteExcel.demoKey(resText, datText, resColumn, datCloumn, fileLoc, nameSheet, row): pages.WriteExcel.demoKey is PASSED

2024-02-03 23:02:03 - [MESSAGE][PASSED] - pages.WriteExcel.demoKey is PASSED

2024-02-03 23:02:03 - [TEST_STEP][PASSED] - ExecuteTC = findTestData(dataFile).getValue("Execute", row): null

2024-02-03 23:02:03 - [TEST_STEP][PASSED] - Taxtype = findTestData(dataFile).getValue("TaxType", row): null

2024-02-03 23:02:03 - [TEST_STEP][PASSED] - Paymenttype = findTestData(dataFile).getValue("PaymentType", row): null

2024-02-03 23:02:03 - [TEST_STEP][PASSED] - feinSsn = findTestData(dataFile).getValue("FEINSSN", row): null

2024-02-03 23:02:03 - [TEST_STEP][PASSED] - out.println("Value of Execute is : " + ExecuteTC): null

2024-02-03 23:02:03 - [TEST_STEP][PASSED] - if (ExecuteTC.equalsIgnoreCase("Y")): null

2024-02-03 23:02:03 - [TEST_STEP][PASSED] - out.println("Begin Record Number: " + row): null

2024-02-03 23:02:03 - [TEST_STEP][PASSED] - today = new java.util.Date(): null

2024-02-03 23:02:03 - [TEST_STEP][PASSED] - println(today): null

2024-02-03 23:02:03 - [TEST_STEP][PASSED] - datText = today: null

2024-02-03 23:02:03 - [TEST_STEP][PASSED] - Taxtype = findTestData(dataFile).getValue("TaxType", row): null

2024-02-03 23:02:04 - [TEST_STEP][PASSED] - out.println("Taxtype value is : " + Taxtype): null

2024-02-03 23:02:04 - [TEST_STEP][PASSED] - openBrowser(""): Browser is opened with url: ''

2024-02-03 23:02:04 - [MESSAGE][WARNING] - A browser is already opened. Closing browser and opening a new one

2024-02-03 23:02:05 - [MESSAGE][INFO] - Starting 'Chrome' driver

2024-02-03 23:02:05 - [MESSAGE][INFO] - User set preference: ['acceptInsecureCerts', 'true']

2024-02-03 23:02:05 - [MESSAGE][INFO] - Action delay is set to 0 milliseconds

2024-02-03 23:02:07 - [MESSAGE][PASSED] - Browser is opened with url: ''

2024-02-03 23:02:07 - [TEST_STEP][PASSED] - maximizeWindow(): Current window maximized

2024-02-03 23:02:07 - [MESSAGE][PASSED] - Current window maximized

2024-02-03 23:02:07 - [TEST_STEP][PASSED] - navigateToUrl(RADurl): Navigate to 'https://qa2.velocitypayment.com/client/rad/index.html' successfully

2024-02-03 23:02:07 - [MESSAGE][PASSED] - Navigate to 'https://qa2.velocitypayment.com/client/rad/index.html' successfully

2024-02-03 23:02:07 - [TEST_STEP][PASSED] - orPath_Landing = "Object Repository/RAD_Pages/Landing_Page": null

2024-02-03 23:02:07 - [TEST_STEP][PASSED] - orPath_TaxTypeFilingYear = "Object Repository/RAD_Pages/TaxTypeFilingYear_Page": null

2024-02-03 23:02:07 - [TEST_STEP][PASSED] - orPath_TaxPayer = "Object Repository/RAD_Pages/Taxpayer_Page": null

2024-02-03 23:02:07 - [TEST_STEP][PASSED] - orPath_AddressContact = "Object Repository/RAD_Pages/AddressAndContactInfo_Page": null

2024-02-03 23:02:07 - [TEST_STEP][PASSED] - orPath_FilingStatus = "Object Repository/RAD_Pages/FilingStatus_Page": null

2024-02-03 23:02:07 - [TEST_STEP][PASSED] - orPath_Amount = "Object Repository/RAD_Pages/PaymentAmount_Page": null

2024-02-03 23:02:07 - [TEST_STEP][PASSED] - orPath_TaxInfo = "Object Repository/RAD_Pages/TaxInfo_Page": null

2024-02-03 23:02:07 - [TEST_STEP][PASSED] - orPath_Withholding = "Object Repository/RAD_Pages/Withholding_Page": null

2024-02-03 23:02:07 - [TEST_STEP][PASSED] - orPath_Summary = "Object Repository/RAD_Pages/Summary_Page": null

2024-02-03 23:02:07 - [TEST_STEP][PASSED] - orPath_PaymentReady = "Object Repository/RAD_Pages/PaymentReady_Page": null

2024-02-03 23:02:07 - [TEST_STEP][PASSED] - orPath_PaymentEntry = "Object Repository/RAD_Pages/PaymentEntry_Page": null

2024-02-03 23:02:07 - [TEST_STEP][PASSED] - orPath_PaymentConfirmation = "Object Repository/RAD_Pages/PaymentConfirmation_Page": null

2024-02-03 23:02:07 - [TEST_STEP][PASSED] - orPath_ServiceFeesAccept = "Object Repository/RAD_Pages/ServiceFeeAccept_Page": null

2024-02-03 23:02:07 - [TEST_STEP][PASSED] - selectOptionByLabel(findTestObject(orPath_Landing + "/dd_TaxType"), Paymenttype, false): All options with label 'Existing Liability w/Notice Number' are selected in object 'Object Repository/RAD_Pages/Landing_Page/dd_TaxType' 

2024-02-03 23:02:09 - [MESSAGE][PASSED] - All options with label 'Existing Liability w/Notice Number' are selected in object 'Object Repository/RAD_Pages/Landing_Page/dd_TaxType' 

2024-02-03 23:02:09 - [TEST_STEP][PASSED] - delay(1): Delayed 1 second(s)

2024-02-03 23:02:10 - [MESSAGE][PASSED] - Delayed 1 second(s)

2024-02-03 23:02:10 - [TEST_STEP][PASSED] - switch (Paymenttype): null

2024-02-03 23:02:10 - [TEST_STEP][PASSED] - case "Existing Liability w/Notice Number":: null

2024-02-03 23:02:10 - [TEST_STEP][PASSED] - selectOptionByLabel(findTestObject(orPath_TaxTypeFilingYear + "/select_TaxType_ExistingLiability"), Taxtype, false): All options with label 'Withholding Tax' are selected in object 'Object Repository/RAD_Pages/TaxTypeFilingYear_Page/select_TaxType_ExistingLiability' 

2024-02-03 23:02:11 - [MESSAGE][PASSED] - All options with label 'Withholding Tax' are selected in object 'Object Repository/RAD_Pages/TaxTypeFilingYear_Page/select_TaxType_ExistingLiability' 

2024-02-03 23:02:11 - [TEST_STEP][PASSED] - break: null

2024-02-03 23:02:11 - [TEST_STEP][PASSED] - delay(1): Delayed 1 second(s)

2024-02-03 23:02:12 - [MESSAGE][PASSED] - Delayed 1 second(s)

2024-02-03 23:02:12 - [TEST_STEP][PASSED] - switch (Paymenttype): null

2024-02-03 23:02:12 - [TEST_STEP][PASSED] - case "Existing Liability w/Notice Number":: null

2024-02-03 23:02:12 - [TEST_STEP][PASSED] - if (feinSsn.equalsIgnoreCase("Y")): null

2024-02-03 23:02:12 - [TEST_STEP][PASSED] - else: Text ****** has been set on object 'Object Repository/RAD_RecordAndPlay/input_Existing_RetypeFEIN'

2024-02-03 23:02:12 - [TEST_STEP][PASSED] - setEncryptedText(findTestObject("Object Repository/RAD_RecordAndPlay/input_Existing_FEIN"), "iGDxf8hSRT4="): Text ****** has been set on object 'Object Repository/RAD_RecordAndPlay/input_Existing_FEIN'

2024-02-03 23:02:12 - [MESSAGE][PASSED] - Text ****** has been set on object 'Object Repository/RAD_RecordAndPlay/input_Existing_FEIN'

2024-02-03 23:02:12 - [TEST_STEP][PASSED] - setEncryptedText(findTestObject("Object Repository/RAD_RecordAndPlay/input_Existing_RetypeFEIN"), ""): Text ****** has been set on object 'Object Repository/RAD_RecordAndPlay/input_Existing_RetypeFEIN'

2024-02-03 23:02:13 - [MESSAGE][PASSED] - Text ****** has been set on object 'Object Repository/RAD_RecordAndPlay/input_Existing_RetypeFEIN'

2024-02-03 23:02:13 - [TEST_STEP][PASSED] - break: null

2024-02-03 23:02:13 - [TEST_STEP][PASSED] - if (feinSsn.equalsIgnoreCase("Y")): null

2024-02-03 23:02:13 - [TEST_STEP][PASSED] - else: null

2024-02-03 23:02:13 - [TEST_STEP][PASSED] - if (verifyTextPresent("Please enter a valid FEIN with 9 digits.", true)): null

2024-02-03 23:02:13 - [MESSAGE][PASSED] - Text 'Please enter a valid FEIN with 9 digits.' is present on page  using regular expression

2024-02-03 23:02:13 - [TEST_STEP][PASSED] - println("Error Message is present on the page"): null

2024-02-03 23:02:13 - [TEST_STEP][PASSED] - out.println("Pass Record Number: " + row): null

2024-02-03 23:02:13 - [TEST_STEP][PASSED] - resText = "Pass": null

2024-02-03 23:02:13 - [TEST_STEP][PASSED] - pages.WriteExcel.demoKey(resText, datText, resColumn, datCloumn, fileLoc, nameSheet, row): pages.WriteExcel.demoKey is PASSED

2024-02-03 23:02:13 - [MESSAGE][PASSED] - pages.WriteExcel.demoKey is PASSED

2024-02-03 23:02:13 - [TEST_STEP][PASSED] - ExecuteTC = findTestData(dataFile).getValue("Execute", row): null

2024-02-03 23:02:13 - [TEST_STEP][PASSED] - Taxtype = findTestData(dataFile).getValue("TaxType", row): null

2024-02-03 23:02:13 - [TEST_STEP][PASSED] - Paymenttype = findTestData(dataFile).getValue("PaymentType", row): null

2024-02-03 23:02:13 - [TEST_STEP][PASSED] - feinSsn = findTestData(dataFile).getValue("FEINSSN", row): null

2024-02-03 23:02:14 - [TEST_STEP][PASSED] - out.println("Value of Execute is : " + ExecuteTC): null

2024-02-03 23:02:14 - [TEST_STEP][PASSED] - if (ExecuteTC.equalsIgnoreCase("Y")): null

2024-02-03 23:02:14 - [TEST_STEP][PASSED] - out.println("Begin Record Number: " + row): null

2024-02-03 23:02:14 - [TEST_STEP][PASSED] - today = new java.util.Date(): null

2024-02-03 23:02:14 - [TEST_STEP][PASSED] - println(today): null

2024-02-03 23:02:14 - [TEST_STEP][PASSED] - datText = today: null

2024-02-03 23:02:14 - [TEST_STEP][PASSED] - Taxtype = findTestData(dataFile).getValue("TaxType", row): null

2024-02-03 23:02:14 - [TEST_STEP][PASSED] - out.println("Taxtype value is : " + Taxtype): null

2024-02-03 23:02:14 - [TEST_STEP][PASSED] - openBrowser(""): Browser is opened with url: ''

2024-02-03 23:02:14 - [MESSAGE][WARNING] - A browser is already opened. Closing browser and opening a new one

2024-02-03 23:02:15 - [MESSAGE][INFO] - Starting 'Chrome' driver

2024-02-03 23:02:15 - [MESSAGE][INFO] - User set preference: ['acceptInsecureCerts', 'true']

2024-02-03 23:02:15 - [MESSAGE][INFO] - Action delay is set to 0 milliseconds

2024-02-03 23:02:16 - [MESSAGE][PASSED] - Browser is opened with url: ''

2024-02-03 23:02:16 - [TEST_STEP][PASSED] - maximizeWindow(): Current window maximized

2024-02-03 23:02:16 - [MESSAGE][PASSED] - Current window maximized

2024-02-03 23:02:16 - [TEST_STEP][PASSED] - navigateToUrl(RADurl): Navigate to 'https://qa2.velocitypayment.com/client/rad/index.html' successfully

2024-02-03 23:02:18 - [MESSAGE][PASSED] - Navigate to 'https://qa2.velocitypayment.com/client/rad/index.html' successfully

2024-02-03 23:02:18 - [TEST_STEP][PASSED] - orPath_Landing = "Object Repository/RAD_Pages/Landing_Page": null

2024-02-03 23:02:18 - [TEST_STEP][PASSED] - orPath_TaxTypeFilingYear = "Object Repository/RAD_Pages/TaxTypeFilingYear_Page": null

2024-02-03 23:02:18 - [TEST_STEP][PASSED] - orPath_TaxPayer = "Object Repository/RAD_Pages/Taxpayer_Page": null

2024-02-03 23:02:18 - [TEST_STEP][PASSED] - orPath_AddressContact = "Object Repository/RAD_Pages/AddressAndContactInfo_Page": null

2024-02-03 23:02:18 - [TEST_STEP][PASSED] - orPath_FilingStatus = "Object Repository/RAD_Pages/FilingStatus_Page": null

2024-02-03 23:02:18 - [TEST_STEP][PASSED] - orPath_Amount = "Object Repository/RAD_Pages/PaymentAmount_Page": null

2024-02-03 23:02:18 - [TEST_STEP][PASSED] - orPath_TaxInfo = "Object Repository/RAD_Pages/TaxInfo_Page": null

2024-02-03 23:02:18 - [TEST_STEP][PASSED] - orPath_Withholding = "Object Repository/RAD_Pages/Withholding_Page": null

2024-02-03 23:02:18 - [TEST_STEP][PASSED] - orPath_Summary = "Object Repository/RAD_Pages/Summary_Page": null

2024-02-03 23:02:18 - [TEST_STEP][PASSED] - orPath_PaymentReady = "Object Repository/RAD_Pages/PaymentReady_Page": null

2024-02-03 23:02:18 - [TEST_STEP][PASSED] - orPath_PaymentEntry = "Object Repository/RAD_Pages/PaymentEntry_Page": null

2024-02-03 23:02:18 - [TEST_STEP][PASSED] - orPath_PaymentConfirmation = "Object Repository/RAD_Pages/PaymentConfirmation_Page": null

2024-02-03 23:02:18 - [TEST_STEP][PASSED] - orPath_ServiceFeesAccept = "Object Repository/RAD_Pages/ServiceFeeAccept_Page": null

2024-02-03 23:02:18 - [TEST_STEP][PASSED] - selectOptionByLabel(findTestObject(orPath_Landing + "/dd_TaxType"), Paymenttype, false): All options with label 'Existing Liability w/Notice Number' are selected in object 'Object Repository/RAD_Pages/Landing_Page/dd_TaxType' 

2024-02-03 23:02:19 - [MESSAGE][PASSED] - All options with label 'Existing Liability w/Notice Number' are selected in object 'Object Repository/RAD_Pages/Landing_Page/dd_TaxType' 

2024-02-03 23:02:19 - [TEST_STEP][PASSED] - delay(1): Delayed 1 second(s)

2024-02-03 23:02:20 - [MESSAGE][PASSED] - Delayed 1 second(s)

2024-02-03 23:02:20 - [TEST_STEP][PASSED] - switch (Paymenttype): null

2024-02-03 23:02:20 - [TEST_STEP][PASSED] - case "Existing Liability w/Notice Number":: null

2024-02-03 23:02:20 - [TEST_STEP][PASSED] - selectOptionByLabel(findTestObject(orPath_TaxTypeFilingYear + "/select_TaxType_ExistingLiability"), Taxtype, false): All options with label 'Alcohol Tax' are selected in object 'Object Repository/RAD_Pages/TaxTypeFilingYear_Page/select_TaxType_ExistingLiability' 

2024-02-03 23:02:20 - [MESSAGE][PASSED] - All options with label 'Alcohol Tax' are selected in object 'Object Repository/RAD_Pages/TaxTypeFilingYear_Page/select_TaxType_ExistingLiability' 

2024-02-03 23:02:20 - [TEST_STEP][PASSED] - break: null

2024-02-03 23:02:20 - [TEST_STEP][PASSED] - delay(1): Delayed 1 second(s)

2024-02-03 23:02:21 - [MESSAGE][PASSED] - Delayed 1 second(s)

2024-02-03 23:02:21 - [TEST_STEP][PASSED] - switch (Paymenttype): null

2024-02-03 23:02:21 - [TEST_STEP][PASSED] - case "Existing Liability w/Notice Number":: null

2024-02-03 23:02:21 - [TEST_STEP][PASSED] - if (feinSsn.equalsIgnoreCase("Y")): null

2024-02-03 23:02:21 - [TEST_STEP][PASSED] - else: Text ****** has been set on object 'Object Repository/RAD_RecordAndPlay/input_Existing_RetypeFEIN'

2024-02-03 23:02:21 - [TEST_STEP][PASSED] - setEncryptedText(findTestObject("Object Repository/RAD_RecordAndPlay/input_Existing_FEIN"), "iGDxf8hSRT4="): Text ****** has been set on object 'Object Repository/RAD_RecordAndPlay/input_Existing_FEIN'

2024-02-03 23:02:22 - [MESSAGE][PASSED] - Text ****** has been set on object 'Object Repository/RAD_RecordAndPlay/input_Existing_FEIN'

2024-02-03 23:02:22 - [TEST_STEP][PASSED] - setEncryptedText(findTestObject("Object Repository/RAD_RecordAndPlay/input_Existing_RetypeFEIN"), ""): Text ****** has been set on object 'Object Repository/RAD_RecordAndPlay/input_Existing_RetypeFEIN'

2024-02-03 23:02:23 - [MESSAGE][PASSED] - Text ****** has been set on object 'Object Repository/RAD_RecordAndPlay/input_Existing_RetypeFEIN'

2024-02-03 23:02:23 - [TEST_STEP][PASSED] - break: null

2024-02-03 23:02:23 - [TEST_STEP][PASSED] - if (feinSsn.equalsIgnoreCase("Y")): null

2024-02-03 23:02:23 - [TEST_STEP][PASSED] - else: null

2024-02-03 23:02:23 - [TEST_STEP][PASSED] - if (verifyTextPresent("Please enter a valid FEIN with 9 digits.", true)): null

2024-02-03 23:02:23 - [MESSAGE][PASSED] - Text 'Please enter a valid FEIN with 9 digits.' is present on page  using regular expression

2024-02-03 23:02:23 - [TEST_STEP][PASSED] - println("Error Message is present on the page"): null

2024-02-03 23:02:23 - [TEST_STEP][PASSED] - out.println("Pass Record Number: " + row): null

2024-02-03 23:02:23 - [TEST_STEP][PASSED] - resText = "Pass": null

2024-02-03 23:02:23 - [TEST_STEP][PASSED] - pages.WriteExcel.demoKey(resText, datText, resColumn, datCloumn, fileLoc, nameSheet, row): pages.WriteExcel.demoKey is PASSED

2024-02-03 23:02:23 - [MESSAGE][PASSED] - pages.WriteExcel.demoKey is PASSED

2024-02-03 23:02:23 - [TEST_STEP][PASSED] - ExecuteTC = findTestData(dataFile).getValue("Execute", row): null

2024-02-03 23:02:23 - [TEST_STEP][PASSED] - Taxtype = findTestData(dataFile).getValue("TaxType", row): null

2024-02-03 23:02:23 - [TEST_STEP][PASSED] - Paymenttype = findTestData(dataFile).getValue("PaymentType", row): null

2024-02-03 23:02:23 - [TEST_STEP][PASSED] - feinSsn = findTestData(dataFile).getValue("FEINSSN", row): null

2024-02-03 23:02:23 - [TEST_STEP][PASSED] - out.println("Value of Execute is : " + ExecuteTC): null

2024-02-03 23:02:23 - [TEST_STEP][PASSED] - if (ExecuteTC.equalsIgnoreCase("Y")): null

2024-02-03 23:02:23 - [TEST_STEP][PASSED] - out.println("Begin Record Number: " + row): null

2024-02-03 23:02:23 - [TEST_STEP][PASSED] - today = new java.util.Date(): null

2024-02-03 23:02:23 - [TEST_STEP][PASSED] - println(today): null

2024-02-03 23:02:23 - [TEST_STEP][PASSED] - datText = today: null

2024-02-03 23:02:23 - [TEST_STEP][PASSED] - Taxtype = findTestData(dataFile).getValue("TaxType", row): null

2024-02-03 23:02:23 - [TEST_STEP][PASSED] - out.println("Taxtype value is : " + Taxtype): null

2024-02-03 23:02:23 - [TEST_STEP][PASSED] - openBrowser(""): Browser is opened with url: ''

2024-02-03 23:02:23 - [MESSAGE][WARNING] - A browser is already opened. Closing browser and opening a new one

2024-02-03 23:02:25 - [MESSAGE][INFO] - Starting 'Chrome' driver

2024-02-03 23:02:25 - [MESSAGE][INFO] - User set preference: ['acceptInsecureCerts', 'true']

2024-02-03 23:02:25 - [MESSAGE][INFO] - Action delay is set to 0 milliseconds

2024-02-03 23:02:26 - [MESSAGE][PASSED] - Browser is opened with url: ''

2024-02-03 23:02:26 - [TEST_STEP][PASSED] - maximizeWindow(): Current window maximized

2024-02-03 23:02:26 - [MESSAGE][PASSED] - Current window maximized

2024-02-03 23:02:26 - [TEST_STEP][PASSED] - navigateToUrl(RADurl): Navigate to 'https://qa2.velocitypayment.com/client/rad/index.html' successfully

2024-02-03 23:02:28 - [MESSAGE][PASSED] - Navigate to 'https://qa2.velocitypayment.com/client/rad/index.html' successfully

2024-02-03 23:02:28 - [TEST_STEP][PASSED] - orPath_Landing = "Object Repository/RAD_Pages/Landing_Page": null

2024-02-03 23:02:28 - [TEST_STEP][PASSED] - orPath_TaxTypeFilingYear = "Object Repository/RAD_Pages/TaxTypeFilingYear_Page": null

2024-02-03 23:02:28 - [TEST_STEP][PASSED] - orPath_TaxPayer = "Object Repository/RAD_Pages/Taxpayer_Page": null

2024-02-03 23:02:28 - [TEST_STEP][PASSED] - orPath_AddressContact = "Object Repository/RAD_Pages/AddressAndContactInfo_Page": null

2024-02-03 23:02:28 - [TEST_STEP][PASSED] - orPath_FilingStatus = "Object Repository/RAD_Pages/FilingStatus_Page": null

2024-02-03 23:02:28 - [TEST_STEP][PASSED] - orPath_Amount = "Object Repository/RAD_Pages/PaymentAmount_Page": null

2024-02-03 23:02:28 - [TEST_STEP][PASSED] - orPath_TaxInfo = "Object Repository/RAD_Pages/TaxInfo_Page": null

2024-02-03 23:02:28 - [TEST_STEP][PASSED] - orPath_Withholding = "Object Repository/RAD_Pages/Withholding_Page": null

2024-02-03 23:02:28 - [TEST_STEP][PASSED] - orPath_Summary = "Object Repository/RAD_Pages/Summary_Page": null

2024-02-03 23:02:28 - [TEST_STEP][PASSED] - orPath_PaymentReady = "Object Repository/RAD_Pages/PaymentReady_Page": null

2024-02-03 23:02:28 - [TEST_STEP][PASSED] - orPath_PaymentEntry = "Object Repository/RAD_Pages/PaymentEntry_Page": null

2024-02-03 23:02:28 - [TEST_STEP][PASSED] - orPath_PaymentConfirmation = "Object Repository/RAD_Pages/PaymentConfirmation_Page": null

2024-02-03 23:02:28 - [TEST_STEP][PASSED] - orPath_ServiceFeesAccept = "Object Repository/RAD_Pages/ServiceFeeAccept_Page": null

2024-02-03 23:02:28 - [TEST_STEP][PASSED] - selectOptionByLabel(findTestObject(orPath_Landing + "/dd_TaxType"), Paymenttype, false): All options with label 'Existing Liability w/Notice Number' are selected in object 'Object Repository/RAD_Pages/Landing_Page/dd_TaxType' 

2024-02-03 23:02:29 - [MESSAGE][PASSED] - All options with label 'Existing Liability w/Notice Number' are selected in object 'Object Repository/RAD_Pages/Landing_Page/dd_TaxType' 

2024-02-03 23:02:29 - [TEST_STEP][PASSED] - delay(1): Delayed 1 second(s)

2024-02-03 23:02:30 - [MESSAGE][PASSED] - Delayed 1 second(s)

2024-02-03 23:02:30 - [TEST_STEP][PASSED] - switch (Paymenttype): null

2024-02-03 23:02:30 - [TEST_STEP][PASSED] - case "Existing Liability w/Notice Number":: null

2024-02-03 23:02:30 - [TEST_STEP][PASSED] - selectOptionByLabel(findTestObject(orPath_TaxTypeFilingYear + "/select_TaxType_ExistingLiability"), Taxtype, false): All options with label 'PTE Tax Electing Non-S Corp' are selected in object 'Object Repository/RAD_Pages/TaxTypeFilingYear_Page/select_TaxType_ExistingLiability' 

2024-02-03 23:02:31 - [MESSAGE][PASSED] - All options with label 'PTE Tax Electing Non-S Corp' are selected in object 'Object Repository/RAD_Pages/TaxTypeFilingYear_Page/select_TaxType_ExistingLiability' 

2024-02-03 23:02:31 - [TEST_STEP][PASSED] - break: null

2024-02-03 23:02:31 - [TEST_STEP][PASSED] - delay(1): Delayed 1 second(s)

2024-02-03 23:02:32 - [MESSAGE][PASSED] - Delayed 1 second(s)

2024-02-03 23:02:32 - [TEST_STEP][PASSED] - switch (Paymenttype): null

2024-02-03 23:02:32 - [TEST_STEP][PASSED] - case "Existing Liability w/Notice Number":: null

2024-02-03 23:02:32 - [TEST_STEP][PASSED] - if (feinSsn.equalsIgnoreCase("Y")): Text ****** has been set on object 'Object Repository/RAD_Pages/TaxInfo_Page/input_TaxInfo_RetypefeinSsn_Existing_New'

2024-02-03 23:02:32 - [TEST_STEP][PASSED] - setEncryptedText(findTestObject(orPath_TaxInfo + "/input_TaxInfo_feinSsn_Existing_New"), "iGDxf8hSRT4="): Text ****** has been set on object 'Object Repository/RAD_Pages/TaxInfo_Page/input_TaxInfo_feinSsn_Existing_New'

2024-02-03 23:02:32 - [MESSAGE][PASSED] - Text ****** has been set on object 'Object Repository/RAD_Pages/TaxInfo_Page/input_TaxInfo_feinSsn_Existing_New'

2024-02-03 23:02:32 - [TEST_STEP][PASSED] - setEncryptedText(findTestObject(orPath_TaxInfo + "/input_TaxInfo_RetypefeinSsn_Existing_New"), ""): Text ****** has been set on object 'Object Repository/RAD_Pages/TaxInfo_Page/input_TaxInfo_RetypefeinSsn_Existing_New'

2024-02-03 23:02:33 - [MESSAGE][PASSED] - Text ****** has been set on object 'Object Repository/RAD_Pages/TaxInfo_Page/input_TaxInfo_RetypefeinSsn_Existing_New'

2024-02-03 23:02:33 - [TEST_STEP][PASSED] - break: null

2024-02-03 23:02:33 - [TEST_STEP][PASSED] - if (feinSsn.equalsIgnoreCase("Y")): null

2024-02-03 23:02:33 - [TEST_STEP][PASSED] - if (verifyTextPresent("Please enter a valid FEIN/SSN with 9 digits", true)): null

2024-02-03 23:02:34 - [MESSAGE][PASSED] - Text 'Please enter a valid FEIN/SSN with 9 digits' is present on page  using regular expression

2024-02-03 23:02:34 - [TEST_STEP][PASSED] - println("Error Message is present on the page"): null

2024-02-03 23:02:34 - [TEST_STEP][PASSED] - out.println("Pass Record Number: " + row): null

2024-02-03 23:02:34 - [TEST_STEP][PASSED] - resText = "Pass": null

2024-02-03 23:02:34 - [TEST_STEP][PASSED] - pages.WriteExcel.demoKey(resText, datText, resColumn, datCloumn, fileLoc, nameSheet, row): pages.WriteExcel.demoKey is PASSED

2024-02-03 23:02:34 - [MESSAGE][PASSED] - pages.WriteExcel.demoKey is PASSED

2024-02-03 23:02:34 - [TEST_STEP][PASSED] - ExecuteTC = findTestData(dataFile).getValue("Execute", row): null

2024-02-03 23:02:34 - [TEST_STEP][PASSED] - Taxtype = findTestData(dataFile).getValue("TaxType", row): null

2024-02-03 23:02:34 - [TEST_STEP][PASSED] - Paymenttype = findTestData(dataFile).getValue("PaymentType", row): null

2024-02-03 23:02:34 - [TEST_STEP][PASSED] - feinSsn = findTestData(dataFile).getValue("FEINSSN", row): null

2024-02-03 23:02:34 - [TEST_STEP][PASSED] - out.println("Value of Execute is : " + ExecuteTC): null

2024-02-03 23:02:34 - [TEST_STEP][PASSED] - if (ExecuteTC.equalsIgnoreCase("Y")): null

2024-02-03 23:02:34 - [TEST_STEP][PASSED] - out.println("Begin Record Number: " + row): null

2024-02-03 23:02:34 - [TEST_STEP][PASSED] - today = new java.util.Date(): null

2024-02-03 23:02:34 - [TEST_STEP][PASSED] - println(today): null

2024-02-03 23:02:34 - [TEST_STEP][PASSED] - datText = today: null

2024-02-03 23:02:34 - [TEST_STEP][PASSED] - Taxtype = findTestData(dataFile).getValue("TaxType", row): null

2024-02-03 23:02:34 - [TEST_STEP][PASSED] - out.println("Taxtype value is : " + Taxtype): null

2024-02-03 23:02:34 - [TEST_STEP][PASSED] - openBrowser(""): Browser is opened with url: ''

2024-02-03 23:02:34 - [MESSAGE][WARNING] - A browser is already opened. Closing browser and opening a new one

2024-02-03 23:02:35 - [MESSAGE][INFO] - Starting 'Chrome' driver

2024-02-03 23:02:35 - [MESSAGE][INFO] - User set preference: ['acceptInsecureCerts', 'true']

2024-02-03 23:02:35 - [MESSAGE][INFO] - Action delay is set to 0 milliseconds

2024-02-03 23:02:37 - [MESSAGE][PASSED] - Browser is opened with url: ''

2024-02-03 23:02:37 - [TEST_STEP][PASSED] - maximizeWindow(): Current window maximized

2024-02-03 23:02:37 - [MESSAGE][PASSED] - Current window maximized

2024-02-03 23:02:37 - [TEST_STEP][PASSED] - navigateToUrl(RADurl): Navigate to 'https://qa2.velocitypayment.com/client/rad/index.html' successfully

2024-02-03 23:02:38 - [MESSAGE][PASSED] - Navigate to 'https://qa2.velocitypayment.com/client/rad/index.html' successfully

2024-02-03 23:02:38 - [TEST_STEP][PASSED] - orPath_Landing = "Object Repository/RAD_Pages/Landing_Page": null

2024-02-03 23:02:38 - [TEST_STEP][PASSED] - orPath_TaxTypeFilingYear = "Object Repository/RAD_Pages/TaxTypeFilingYear_Page": null

2024-02-03 23:02:38 - [TEST_STEP][PASSED] - orPath_TaxPayer = "Object Repository/RAD_Pages/Taxpayer_Page": null

2024-02-03 23:02:38 - [TEST_STEP][PASSED] - orPath_AddressContact = "Object Repository/RAD_Pages/AddressAndContactInfo_Page": null

2024-02-03 23:02:38 - [TEST_STEP][PASSED] - orPath_FilingStatus = "Object Repository/RAD_Pages/FilingStatus_Page": null

2024-02-03 23:02:38 - [TEST_STEP][PASSED] - orPath_Amount = "Object Repository/RAD_Pages/PaymentAmount_Page": null

2024-02-03 23:02:38 - [TEST_STEP][PASSED] - orPath_TaxInfo = "Object Repository/RAD_Pages/TaxInfo_Page": null

2024-02-03 23:02:38 - [TEST_STEP][PASSED] - orPath_Withholding = "Object Repository/RAD_Pages/Withholding_Page": null

2024-02-03 23:02:38 - [TEST_STEP][PASSED] - orPath_Summary = "Object Repository/RAD_Pages/Summary_Page": null

2024-02-03 23:02:38 - [TEST_STEP][PASSED] - orPath_PaymentReady = "Object Repository/RAD_Pages/PaymentReady_Page": null

2024-02-03 23:02:38 - [TEST_STEP][PASSED] - orPath_PaymentEntry = "Object Repository/RAD_Pages/PaymentEntry_Page": null

2024-02-03 23:02:38 - [TEST_STEP][PASSED] - orPath_PaymentConfirmation = "Object Repository/RAD_Pages/PaymentConfirmation_Page": null

2024-02-03 23:02:38 - [TEST_STEP][PASSED] - orPath_ServiceFeesAccept = "Object Repository/RAD_Pages/ServiceFeeAccept_Page": null

2024-02-03 23:02:38 - [TEST_STEP][PASSED] - selectOptionByLabel(findTestObject(orPath_Landing + "/dd_TaxType"), Paymenttype, false): All options with label 'Existing Liability w/Notice Number' are selected in object 'Object Repository/RAD_Pages/Landing_Page/dd_TaxType' 

2024-02-03 23:02:39 - [MESSAGE][PASSED] - All options with label 'Existing Liability w/Notice Number' are selected in object 'Object Repository/RAD_Pages/Landing_Page/dd_TaxType' 

2024-02-03 23:02:39 - [TEST_STEP][PASSED] - delay(1): Delayed 1 second(s)

2024-02-03 23:02:40 - [MESSAGE][PASSED] - Delayed 1 second(s)

2024-02-03 23:02:40 - [TEST_STEP][PASSED] - switch (Paymenttype): null

2024-02-03 23:02:40 - [TEST_STEP][PASSED] - case "Existing Liability w/Notice Number":: null

2024-02-03 23:02:40 - [TEST_STEP][PASSED] - selectOptionByLabel(findTestObject(orPath_TaxTypeFilingYear + "/select_TaxType_ExistingLiability"), Taxtype, false): All options with label 'PTE Tax Electing S Corp' are selected in object 'Object Repository/RAD_Pages/TaxTypeFilingYear_Page/select_TaxType_ExistingLiability' 

2024-02-03 23:02:41 - [MESSAGE][PASSED] - All options with label 'PTE Tax Electing S Corp' are selected in object 'Object Repository/RAD_Pages/TaxTypeFilingYear_Page/select_TaxType_ExistingLiability' 

2024-02-03 23:02:41 - [TEST_STEP][PASSED] - break: null

2024-02-03 23:02:41 - [TEST_STEP][PASSED] - delay(1): Delayed 1 second(s)

2024-02-03 23:02:42 - [MESSAGE][PASSED] - Delayed 1 second(s)

2024-02-03 23:02:42 - [TEST_STEP][PASSED] - switch (Paymenttype): null

2024-02-03 23:02:42 - [TEST_STEP][PASSED] - case "Existing Liability w/Notice Number":: null

2024-02-03 23:02:42 - [TEST_STEP][PASSED] - if (feinSsn.equalsIgnoreCase("Y")): Text ****** has been set on object 'Object Repository/RAD_Pages/TaxInfo_Page/input_TaxInfo_RetypefeinSsn_Existing_New'

2024-02-03 23:02:42 - [TEST_STEP][PASSED] - setEncryptedText(findTestObject(orPath_TaxInfo + "/input_TaxInfo_feinSsn_Existing_New"), "iGDxf8hSRT4="): Text ****** has been set on object 'Object Repository/RAD_Pages/TaxInfo_Page/input_TaxInfo_feinSsn_Existing_New'

2024-02-03 23:02:42 - [MESSAGE][PASSED] - Text ****** has been set on object 'Object Repository/RAD_Pages/TaxInfo_Page/input_TaxInfo_feinSsn_Existing_New'

2024-02-03 23:02:42 - [TEST_STEP][PASSED] - setEncryptedText(findTestObject(orPath_TaxInfo + "/input_TaxInfo_RetypefeinSsn_Existing_New"), ""): Text ****** has been set on object 'Object Repository/RAD_Pages/TaxInfo_Page/input_TaxInfo_RetypefeinSsn_Existing_New'

2024-02-03 23:02:43 - [MESSAGE][PASSED] - Text ****** has been set on object 'Object Repository/RAD_Pages/TaxInfo_Page/input_TaxInfo_RetypefeinSsn_Existing_New'

2024-02-03 23:02:43 - [TEST_STEP][PASSED] - break: null

2024-02-03 23:02:43 - [TEST_STEP][PASSED] - if (feinSsn.equalsIgnoreCase("Y")): null

2024-02-03 23:02:43 - [TEST_STEP][PASSED] - if (verifyTextPresent("Please enter a valid FEIN/SSN with 9 digits", true)): null

2024-02-03 23:02:43 - [MESSAGE][PASSED] - Text 'Please enter a valid FEIN/SSN with 9 digits' is present on page  using regular expression

2024-02-03 23:02:43 - [TEST_STEP][PASSED] - println("Error Message is present on the page"): null

2024-02-03 23:02:43 - [TEST_STEP][PASSED] - out.println("Pass Record Number: " + row): null

2024-02-03 23:02:43 - [TEST_STEP][PASSED] - resText = "Pass": null

2024-02-03 23:02:43 - [TEST_STEP][PASSED] - pages.WriteExcel.demoKey(resText, datText, resColumn, datCloumn, fileLoc, nameSheet, row): pages.WriteExcel.demoKey is PASSED

2024-02-03 23:02:44 - [MESSAGE][PASSED] - pages.WriteExcel.demoKey is PASSED

2024-02-03 23:02:44 - [TEST_STEP][PASSED] - ExecuteTC = findTestData(dataFile).getValue("Execute", row): null

2024-02-03 23:02:44 - [TEST_STEP][PASSED] - Taxtype = findTestData(dataFile).getValue("TaxType", row): null

2024-02-03 23:02:44 - [TEST_STEP][PASSED] - Paymenttype = findTestData(dataFile).getValue("PaymentType", row): null

2024-02-03 23:02:44 - [TEST_STEP][PASSED] - feinSsn = findTestData(dataFile).getValue("FEINSSN", row): null

2024-02-03 23:02:44 - [TEST_STEP][PASSED] - out.println("Value of Execute is : " + ExecuteTC): null

2024-02-03 23:02:44 - [TEST_STEP][PASSED] - if (ExecuteTC.equalsIgnoreCase("Y")): null

2024-02-03 23:02:44 - [TEST_STEP][PASSED] - out.println("Begin Record Number: " + row): null

2024-02-03 23:02:44 - [TEST_STEP][PASSED] - today = new java.util.Date(): null

2024-02-03 23:02:44 - [TEST_STEP][PASSED] - println(today): null

2024-02-03 23:02:44 - [TEST_STEP][PASSED] - datText = today: null

2024-02-03 23:02:44 - [TEST_STEP][PASSED] - Taxtype = findTestData(dataFile).getValue("TaxType", row): null

2024-02-03 23:02:44 - [TEST_STEP][PASSED] - out.println("Taxtype value is : " + Taxtype): null

2024-02-03 23:02:44 - [TEST_STEP][PASSED] - openBrowser(""): Browser is opened with url: ''

2024-02-03 23:02:44 - [MESSAGE][WARNING] - A browser is already opened. Closing browser and opening a new one

2024-02-03 23:02:45 - [MESSAGE][INFO] - Starting 'Chrome' driver

2024-02-03 23:02:45 - [MESSAGE][INFO] - User set preference: ['acceptInsecureCerts', 'true']

2024-02-03 23:02:45 - [MESSAGE][INFO] - Action delay is set to 0 milliseconds

2024-02-03 23:02:47 - [MESSAGE][PASSED] - Browser is opened with url: ''

2024-02-03 23:02:47 - [TEST_STEP][PASSED] - maximizeWindow(): Current window maximized

2024-02-03 23:02:47 - [MESSAGE][PASSED] - Current window maximized

2024-02-03 23:02:47 - [TEST_STEP][PASSED] - navigateToUrl(RADurl): Navigate to 'https://qa2.velocitypayment.com/client/rad/index.html' successfully

2024-02-03 23:02:48 - [MESSAGE][PASSED] - Navigate to 'https://qa2.velocitypayment.com/client/rad/index.html' successfully

2024-02-03 23:02:48 - [TEST_STEP][PASSED] - orPath_Landing = "Object Repository/RAD_Pages/Landing_Page": null

2024-02-03 23:02:48 - [TEST_STEP][PASSED] - orPath_TaxTypeFilingYear = "Object Repository/RAD_Pages/TaxTypeFilingYear_Page": null

2024-02-03 23:02:48 - [TEST_STEP][PASSED] - orPath_TaxPayer = "Object Repository/RAD_Pages/Taxpayer_Page": null

2024-02-03 23:02:48 - [TEST_STEP][PASSED] - orPath_AddressContact = "Object Repository/RAD_Pages/AddressAndContactInfo_Page": null

2024-02-03 23:02:48 - [TEST_STEP][PASSED] - orPath_FilingStatus = "Object Repository/RAD_Pages/FilingStatus_Page": null

2024-02-03 23:02:48 - [TEST_STEP][PASSED] - orPath_Amount = "Object Repository/RAD_Pages/PaymentAmount_Page": null

2024-02-03 23:02:48 - [TEST_STEP][PASSED] - orPath_TaxInfo = "Object Repository/RAD_Pages/TaxInfo_Page": null

2024-02-03 23:02:48 - [TEST_STEP][PASSED] - orPath_Withholding = "Object Repository/RAD_Pages/Withholding_Page": null

2024-02-03 23:02:48 - [TEST_STEP][PASSED] - orPath_Summary = "Object Repository/RAD_Pages/Summary_Page": null

2024-02-03 23:02:48 - [TEST_STEP][PASSED] - orPath_PaymentReady = "Object Repository/RAD_Pages/PaymentReady_Page": null

2024-02-03 23:02:48 - [TEST_STEP][PASSED] - orPath_PaymentEntry = "Object Repository/RAD_Pages/PaymentEntry_Page": null

2024-02-03 23:02:48 - [TEST_STEP][PASSED] - orPath_PaymentConfirmation = "Object Repository/RAD_Pages/PaymentConfirmation_Page": null

2024-02-03 23:02:48 - [TEST_STEP][PASSED] - orPath_ServiceFeesAccept = "Object Repository/RAD_Pages/ServiceFeeAccept_Page": null

2024-02-03 23:02:48 - [TEST_STEP][PASSED] - selectOptionByLabel(findTestObject(orPath_Landing + "/dd_TaxType"), Paymenttype, false): All options with label 'Quarterly Estimated Tax' are selected in object 'Object Repository/RAD_Pages/Landing_Page/dd_TaxType' 

2024-02-03 23:02:49 - [MESSAGE][PASSED] - All options with label 'Quarterly Estimated Tax' are selected in object 'Object Repository/RAD_Pages/Landing_Page/dd_TaxType' 

2024-02-03 23:02:49 - [TEST_STEP][PASSED] - delay(1): Delayed 1 second(s)

2024-02-03 23:02:50 - [MESSAGE][PASSED] - Delayed 1 second(s)

2024-02-03 23:02:50 - [TEST_STEP][PASSED] - switch (Paymenttype): null

2024-02-03 23:02:50 - [TEST_STEP][PASSED] - case "Quarterly Estimated Tax":: null

2024-02-03 23:02:50 - [TEST_STEP][PASSED] - selectOptionByLabel(findTestObject(orPath_TaxTypeFilingYear + "/select_PaymentType"), Taxtype, false): All options with label 'Corporate Income Tax' are selected in object 'Object Repository/RAD_Pages/TaxTypeFilingYear_Page/select_PaymentType' 

2024-02-03 23:02:51 - [MESSAGE][PASSED] - All options with label 'Corporate Income Tax' are selected in object 'Object Repository/RAD_Pages/TaxTypeFilingYear_Page/select_PaymentType' 

2024-02-03 23:02:51 - [TEST_STEP][PASSED] - break: null

2024-02-03 23:02:51 - [TEST_STEP][PASSED] - delay(1): Delayed 1 second(s)

2024-02-03 23:02:52 - [MESSAGE][PASSED] - Delayed 1 second(s)

2024-02-03 23:02:52 - [TEST_STEP][PASSED] - switch (Paymenttype): null

2024-02-03 23:02:52 - [TEST_STEP][PASSED] - case "Quarterly Estimated Tax":: null

2024-02-03 23:02:52 - [TEST_STEP][PASSED] - if (feinSsn.equalsIgnoreCase("Y")): null

2024-02-03 23:02:52 - [TEST_STEP][PASSED] - else: Text ****** has been set on object 'Object Repository/RAD_Pages/TaxInfo_Page/input_FederalEIN_ReEnter'

2024-02-03 23:02:52 - [TEST_STEP][PASSED] - setEncryptedText(findTestObject(orPath_TaxInfo + "/input_FederalEIN"), "iGDxf8hSRT4="): Text ****** has been set on object 'Object Repository/RAD_Pages/TaxInfo_Page/input_FederalEIN'

2024-02-03 23:02:52 - [MESSAGE][PASSED] - Text ****** has been set on object 'Object Repository/RAD_Pages/TaxInfo_Page/input_FederalEIN'

2024-02-03 23:02:52 - [TEST_STEP][PASSED] - setEncryptedText(findTestObject(orPath_TaxInfo + "/input_FederalEIN_ReEnter"), ""): Text ****** has been set on object 'Object Repository/RAD_Pages/TaxInfo_Page/input_FederalEIN_ReEnter'

2024-02-03 23:02:53 - [MESSAGE][PASSED] - Text ****** has been set on object 'Object Repository/RAD_Pages/TaxInfo_Page/input_FederalEIN_ReEnter'

2024-02-03 23:02:53 - [TEST_STEP][PASSED] - break: null

2024-02-03 23:02:53 - [TEST_STEP][PASSED] - if (feinSsn.equalsIgnoreCase("Y")): null

2024-02-03 23:02:53 - [TEST_STEP][PASSED] - else: null

2024-02-03 23:02:53 - [TEST_STEP][PASSED] - if (verifyTextPresent("Please enter a valid FEIN with 9 digits.", true)): null

2024-02-03 23:02:54 - [MESSAGE][PASSED] - Text 'Please enter a valid FEIN with 9 digits.' is present on page  using regular expression

2024-02-03 23:02:54 - [TEST_STEP][PASSED] - println("Error Message is present on the page"): null

2024-02-03 23:02:54 - [TEST_STEP][PASSED] - out.println("Pass Record Number: " + row): null

2024-02-03 23:02:54 - [TEST_STEP][PASSED] - resText = "Pass": null

2024-02-03 23:02:54 - [TEST_STEP][PASSED] - pages.WriteExcel.demoKey(resText, datText, resColumn, datCloumn, fileLoc, nameSheet, row): pages.WriteExcel.demoKey is PASSED

2024-02-03 23:02:54 - [MESSAGE][PASSED] - pages.WriteExcel.demoKey is PASSED

2024-02-03 23:02:54 - [TEST_STEP][PASSED] - ExecuteTC = findTestData(dataFile).getValue("Execute", row): null

2024-02-03 23:02:54 - [TEST_STEP][PASSED] - Taxtype = findTestData(dataFile).getValue("TaxType", row): null

2024-02-03 23:02:54 - [TEST_STEP][PASSED] - Paymenttype = findTestData(dataFile).getValue("PaymentType", row): null

2024-02-03 23:02:54 - [TEST_STEP][PASSED] - feinSsn = findTestData(dataFile).getValue("FEINSSN", row): null

2024-02-03 23:02:54 - [TEST_STEP][PASSED] - out.println("Value of Execute is : " + ExecuteTC): null

2024-02-03 23:02:54 - [TEST_STEP][PASSED] - if (ExecuteTC.equalsIgnoreCase("Y")): null

2024-02-03 23:02:54 - [TEST_STEP][PASSED] - out.println("Begin Record Number: " + row): null

2024-02-03 23:02:54 - [TEST_STEP][PASSED] - today = new java.util.Date(): null

2024-02-03 23:02:54 - [TEST_STEP][PASSED] - println(today): null

2024-02-03 23:02:54 - [TEST_STEP][PASSED] - datText = today: null

2024-02-03 23:02:54 - [TEST_STEP][PASSED] - Taxtype = findTestData(dataFile).getValue("TaxType", row): null

2024-02-03 23:02:54 - [TEST_STEP][PASSED] - out.println("Taxtype value is : " + Taxtype): null

2024-02-03 23:02:54 - [TEST_STEP][PASSED] - openBrowser(""): Browser is opened with url: ''

2024-02-03 23:02:54 - [MESSAGE][WARNING] - A browser is already opened. Closing browser and opening a new one

2024-02-03 23:02:55 - [MESSAGE][INFO] - Starting 'Chrome' driver

2024-02-03 23:02:55 - [MESSAGE][INFO] - User set preference: ['acceptInsecureCerts', 'true']

2024-02-03 23:02:55 - [MESSAGE][INFO] - Action delay is set to 0 milliseconds

2024-02-03 23:02:57 - [MESSAGE][PASSED] - Browser is opened with url: ''

2024-02-03 23:02:57 - [TEST_STEP][PASSED] - maximizeWindow(): Current window maximized

2024-02-03 23:02:57 - [MESSAGE][PASSED] - Current window maximized

2024-02-03 23:02:57 - [TEST_STEP][PASSED] - navigateToUrl(RADurl): Navigate to 'https://qa2.velocitypayment.com/client/rad/index.html' successfully

2024-02-03 23:02:59 - [MESSAGE][PASSED] - Navigate to 'https://qa2.velocitypayment.com/client/rad/index.html' successfully

2024-02-03 23:02:59 - [TEST_STEP][PASSED] - orPath_Landing = "Object Repository/RAD_Pages/Landing_Page": null

2024-02-03 23:02:59 - [TEST_STEP][PASSED] - orPath_TaxTypeFilingYear = "Object Repository/RAD_Pages/TaxTypeFilingYear_Page": null

2024-02-03 23:02:59 - [TEST_STEP][PASSED] - orPath_TaxPayer = "Object Repository/RAD_Pages/Taxpayer_Page": null

2024-02-03 23:02:59 - [TEST_STEP][PASSED] - orPath_AddressContact = "Object Repository/RAD_Pages/AddressAndContactInfo_Page": null

2024-02-03 23:02:59 - [TEST_STEP][PASSED] - orPath_FilingStatus = "Object Repository/RAD_Pages/FilingStatus_Page": null

2024-02-03 23:02:59 - [TEST_STEP][PASSED] - orPath_Amount = "Object Repository/RAD_Pages/PaymentAmount_Page": null

2024-02-03 23:02:59 - [TEST_STEP][PASSED] - orPath_TaxInfo = "Object Repository/RAD_Pages/TaxInfo_Page": null

2024-02-03 23:02:59 - [TEST_STEP][PASSED] - orPath_Withholding = "Object Repository/RAD_Pages/Withholding_Page": null

2024-02-03 23:02:59 - [TEST_STEP][PASSED] - orPath_Summary = "Object Repository/RAD_Pages/Summary_Page": null

2024-02-03 23:02:59 - [TEST_STEP][PASSED] - orPath_PaymentReady = "Object Repository/RAD_Pages/PaymentReady_Page": null

2024-02-03 23:02:59 - [TEST_STEP][PASSED] - orPath_PaymentEntry = "Object Repository/RAD_Pages/PaymentEntry_Page": null

2024-02-03 23:02:59 - [TEST_STEP][PASSED] - orPath_PaymentConfirmation = "Object Repository/RAD_Pages/PaymentConfirmation_Page": null

2024-02-03 23:02:59 - [TEST_STEP][PASSED] - orPath_ServiceFeesAccept = "Object Repository/RAD_Pages/ServiceFeeAccept_Page": null

2024-02-03 23:02:59 - [TEST_STEP][PASSED] - selectOptionByLabel(findTestObject(orPath_Landing + "/dd_TaxType"), Paymenttype, false): All options with label 'Quarterly Estimated Tax' are selected in object 'Object Repository/RAD_Pages/Landing_Page/dd_TaxType' 

2024-02-03 23:02:59 - [MESSAGE][PASSED] - All options with label 'Quarterly Estimated Tax' are selected in object 'Object Repository/RAD_Pages/Landing_Page/dd_TaxType' 

2024-02-03 23:02:59 - [TEST_STEP][PASSED] - delay(1): Delayed 1 second(s)

2024-02-03 23:03:00 - [MESSAGE][PASSED] - Delayed 1 second(s)

2024-02-03 23:03:00 - [TEST_STEP][PASSED] - switch (Paymenttype): null

2024-02-03 23:03:00 - [TEST_STEP][PASSED] - case "Quarterly Estimated Tax":: null

2024-02-03 23:03:00 - [TEST_STEP][PASSED] - selectOptionByLabel(findTestObject(orPath_TaxTypeFilingYear + "/select_PaymentType"), Taxtype, false): All options with label 'Fiduciary Tax' are selected in object 'Object Repository/RAD_Pages/TaxTypeFilingYear_Page/select_PaymentType' 

2024-02-03 23:03:01 - [MESSAGE][PASSED] - All options with label 'Fiduciary Tax' are selected in object 'Object Repository/RAD_Pages/TaxTypeFilingYear_Page/select_PaymentType' 

2024-02-03 23:03:01 - [TEST_STEP][PASSED] - break: null

2024-02-03 23:03:01 - [TEST_STEP][PASSED] - delay(1): Delayed 1 second(s)

2024-02-03 23:03:02 - [MESSAGE][PASSED] - Delayed 1 second(s)

2024-02-03 23:03:02 - [TEST_STEP][PASSED] - switch (Paymenttype): null

2024-02-03 23:03:02 - [TEST_STEP][PASSED] - case "Quarterly Estimated Tax":: null

2024-02-03 23:03:02 - [TEST_STEP][PASSED] - if (feinSsn.equalsIgnoreCase("Y")): null

2024-02-03 23:03:02 - [TEST_STEP][PASSED] - else: Text ****** has been set on object 'Object Repository/RAD_Pages/TaxInfo_Page/input_FederalEIN_ReEnter'

2024-02-03 23:03:02 - [TEST_STEP][PASSED] - setEncryptedText(findTestObject(orPath_TaxInfo + "/input_FederalEIN"), "iGDxf8hSRT4="): Text ****** has been set on object 'Object Repository/RAD_Pages/TaxInfo_Page/input_FederalEIN'

2024-02-03 23:03:02 - [MESSAGE][PASSED] - Text ****** has been set on object 'Object Repository/RAD_Pages/TaxInfo_Page/input_FederalEIN'

2024-02-03 23:03:02 - [TEST_STEP][PASSED] - setEncryptedText(findTestObject(orPath_TaxInfo + "/input_FederalEIN_ReEnter"), ""): Text ****** has been set on object 'Object Repository/RAD_Pages/TaxInfo_Page/input_FederalEIN_ReEnter'

2024-02-03 23:03:03 - [MESSAGE][PASSED] - Text ****** has been set on object 'Object Repository/RAD_Pages/TaxInfo_Page/input_FederalEIN_ReEnter'

2024-02-03 23:03:03 - [TEST_STEP][PASSED] - break: null

2024-02-03 23:03:03 - [TEST_STEP][PASSED] - if (feinSsn.equalsIgnoreCase("Y")): null

2024-02-03 23:03:03 - [TEST_STEP][PASSED] - else: null

2024-02-03 23:03:03 - [TEST_STEP][PASSED] - if (verifyTextPresent("Please enter a valid FEIN with 9 digits.", true)): null

2024-02-03 23:03:04 - [MESSAGE][PASSED] - Text 'Please enter a valid FEIN with 9 digits.' is present on page  using regular expression

2024-02-03 23:03:04 - [TEST_STEP][PASSED] - println("Error Message is present on the page"): null

2024-02-03 23:03:04 - [TEST_STEP][PASSED] - out.println("Pass Record Number: " + row): null

2024-02-03 23:03:04 - [TEST_STEP][PASSED] - resText = "Pass": null

2024-02-03 23:03:04 - [TEST_STEP][PASSED] - pages.WriteExcel.demoKey(resText, datText, resColumn, datCloumn, fileLoc, nameSheet, row): pages.WriteExcel.demoKey is PASSED

2024-02-03 23:03:04 - [MESSAGE][PASSED] - pages.WriteExcel.demoKey is PASSED

2024-02-03 23:03:04 - [TEST_STEP][PASSED] - ExecuteTC = findTestData(dataFile).getValue("Execute", row): null

2024-02-03 23:03:04 - [TEST_STEP][PASSED] - Taxtype = findTestData(dataFile).getValue("TaxType", row): null

2024-02-03 23:03:04 - [TEST_STEP][PASSED] - Paymenttype = findTestData(dataFile).getValue("PaymentType", row): null

2024-02-03 23:03:04 - [TEST_STEP][PASSED] - feinSsn = findTestData(dataFile).getValue("FEINSSN", row): null

2024-02-03 23:03:04 - [TEST_STEP][PASSED] - out.println("Value of Execute is : " + ExecuteTC): null

2024-02-03 23:03:04 - [TEST_STEP][PASSED] - if (ExecuteTC.equalsIgnoreCase("Y")): null

2024-02-03 23:03:04 - [TEST_STEP][PASSED] - out.println("Begin Record Number: " + row): null

2024-02-03 23:03:04 - [TEST_STEP][PASSED] - today = new java.util.Date(): null

2024-02-03 23:03:04 - [TEST_STEP][PASSED] - println(today): null

2024-02-03 23:03:04 - [TEST_STEP][PASSED] - datText = today: null

2024-02-03 23:03:04 - [TEST_STEP][PASSED] - Taxtype = findTestData(dataFile).getValue("TaxType", row): null

2024-02-03 23:03:04 - [TEST_STEP][PASSED] - out.println("Taxtype value is : " + Taxtype): null

2024-02-03 23:03:04 - [TEST_STEP][PASSED] - openBrowser(""): Browser is opened with url: ''

2024-02-03 23:03:04 - [MESSAGE][WARNING] - A browser is already opened. Closing browser and opening a new one

2024-02-03 23:03:05 - [MESSAGE][INFO] - Starting 'Chrome' driver

2024-02-03 23:03:05 - [MESSAGE][INFO] - User set preference: ['acceptInsecureCerts', 'true']

2024-02-03 23:03:05 - [MESSAGE][INFO] - Action delay is set to 0 milliseconds

2024-02-03 23:03:07 - [MESSAGE][PASSED] - Browser is opened with url: ''

2024-02-03 23:03:07 - [TEST_STEP][PASSED] - maximizeWindow(): Current window maximized

2024-02-03 23:03:07 - [MESSAGE][PASSED] - Current window maximized

2024-02-03 23:03:07 - [TEST_STEP][PASSED] - navigateToUrl(RADurl): Navigate to 'https://qa2.velocitypayment.com/client/rad/index.html' successfully

2024-02-03 23:03:09 - [MESSAGE][PASSED] - Navigate to 'https://qa2.velocitypayment.com/client/rad/index.html' successfully

2024-02-03 23:03:09 - [TEST_STEP][PASSED] - orPath_Landing = "Object Repository/RAD_Pages/Landing_Page": null

2024-02-03 23:03:09 - [TEST_STEP][PASSED] - orPath_TaxTypeFilingYear = "Object Repository/RAD_Pages/TaxTypeFilingYear_Page": null

2024-02-03 23:03:09 - [TEST_STEP][PASSED] - orPath_TaxPayer = "Object Repository/RAD_Pages/Taxpayer_Page": null

2024-02-03 23:03:09 - [TEST_STEP][PASSED] - orPath_AddressContact = "Object Repository/RAD_Pages/AddressAndContactInfo_Page": null

2024-02-03 23:03:09 - [TEST_STEP][PASSED] - orPath_FilingStatus = "Object Repository/RAD_Pages/FilingStatus_Page": null

2024-02-03 23:03:09 - [TEST_STEP][PASSED] - orPath_Amount = "Object Repository/RAD_Pages/PaymentAmount_Page": null

2024-02-03 23:03:09 - [TEST_STEP][PASSED] - orPath_TaxInfo = "Object Repository/RAD_Pages/TaxInfo_Page": null

2024-02-03 23:03:09 - [TEST_STEP][PASSED] - orPath_Withholding = "Object Repository/RAD_Pages/Withholding_Page": null

2024-02-03 23:03:09 - [TEST_STEP][PASSED] - orPath_Summary = "Object Repository/RAD_Pages/Summary_Page": null

2024-02-03 23:03:09 - [TEST_STEP][PASSED] - orPath_PaymentReady = "Object Repository/RAD_Pages/PaymentReady_Page": null

2024-02-03 23:03:09 - [TEST_STEP][PASSED] - orPath_PaymentEntry = "Object Repository/RAD_Pages/PaymentEntry_Page": null

2024-02-03 23:03:09 - [TEST_STEP][PASSED] - orPath_PaymentConfirmation = "Object Repository/RAD_Pages/PaymentConfirmation_Page": null

2024-02-03 23:03:09 - [TEST_STEP][PASSED] - orPath_ServiceFeesAccept = "Object Repository/RAD_Pages/ServiceFeeAccept_Page": null

2024-02-03 23:03:09 - [TEST_STEP][PASSED] - selectOptionByLabel(findTestObject(orPath_Landing + "/dd_TaxType"), Paymenttype, false): All options with label 'Quarterly Estimated Tax' are selected in object 'Object Repository/RAD_Pages/Landing_Page/dd_TaxType' 

2024-02-03 23:03:10 - [MESSAGE][PASSED] - All options with label 'Quarterly Estimated Tax' are selected in object 'Object Repository/RAD_Pages/Landing_Page/dd_TaxType' 

2024-02-03 23:03:10 - [TEST_STEP][PASSED] - delay(1): Delayed 1 second(s)

2024-02-03 23:03:11 - [MESSAGE][PASSED] - Delayed 1 second(s)

2024-02-03 23:03:11 - [TEST_STEP][PASSED] - switch (Paymenttype): null

2024-02-03 23:03:11 - [TEST_STEP][PASSED] - case "Quarterly Estimated Tax":: null

2024-02-03 23:03:11 - [TEST_STEP][PASSED] - selectOptionByLabel(findTestObject(orPath_TaxTypeFilingYear + "/select_PaymentType"), Taxtype, false): All options with label 'PTE Non-Electing Non-S Corp' are selected in object 'Object Repository/RAD_Pages/TaxTypeFilingYear_Page/select_PaymentType' 

2024-02-03 23:03:11 - [MESSAGE][PASSED] - All options with label 'PTE Non-Electing Non-S Corp' are selected in object 'Object Repository/RAD_Pages/TaxTypeFilingYear_Page/select_PaymentType' 

2024-02-03 23:03:11 - [TEST_STEP][PASSED] - break: null

2024-02-03 23:03:11 - [TEST_STEP][PASSED] - delay(1): Delayed 1 second(s)

2024-02-03 23:03:12 - [MESSAGE][PASSED] - Delayed 1 second(s)

2024-02-03 23:03:12 - [TEST_STEP][PASSED] - switch (Paymenttype): null

2024-02-03 23:03:12 - [TEST_STEP][PASSED] - case "Quarterly Estimated Tax":: null

2024-02-03 23:03:12 - [TEST_STEP][PASSED] - if (feinSsn.equalsIgnoreCase("Y")): Text ****** has been set on object 'Object Repository/RAD_Pages/TaxInfo_Page/input_TaxInfo_RetypeFeinSsn_New_2'

2024-02-03 23:03:12 - [TEST_STEP][PASSED] - setEncryptedText(findTestObject(orPath_TaxInfo + "/input_TaxInfo_FeinSsn_New_2"), "iGDxf8hSRT4="): Text ****** has been set on object 'Object Repository/RAD_Pages/TaxInfo_Page/input_TaxInfo_FeinSsn_New_2'

2024-02-03 23:03:13 - [MESSAGE][PASSED] - Text ****** has been set on object 'Object Repository/RAD_Pages/TaxInfo_Page/input_TaxInfo_FeinSsn_New_2'

2024-02-03 23:03:13 - [TEST_STEP][PASSED] - setEncryptedText(findTestObject(orPath_TaxInfo + "/input_TaxInfo_RetypeFeinSsn_New_2"), ""): Text ****** has been set on object 'Object Repository/RAD_Pages/TaxInfo_Page/input_TaxInfo_RetypeFeinSsn_New_2'

2024-02-03 23:03:14 - [MESSAGE][PASSED] - Text ****** has been set on object 'Object Repository/RAD_Pages/TaxInfo_Page/input_TaxInfo_RetypeFeinSsn_New_2'

2024-02-03 23:03:14 - [TEST_STEP][PASSED] - break: null

2024-02-03 23:03:14 - [TEST_STEP][PASSED] - if (feinSsn.equalsIgnoreCase("Y")): null

2024-02-03 23:03:14 - [TEST_STEP][PASSED] - if (verifyTextPresent("Please enter a valid FEIN/SSN with 9 digits", true)): null

2024-02-03 23:03:14 - [MESSAGE][PASSED] - Text 'Please enter a valid FEIN/SSN with 9 digits' is present on page  using regular expression

2024-02-03 23:03:14 - [TEST_STEP][PASSED] - println("Error Message is present on the page"): null

2024-02-03 23:03:14 - [TEST_STEP][PASSED] - out.println("Pass Record Number: " + row): null

2024-02-03 23:03:14 - [TEST_STEP][PASSED] - resText = "Pass": null

2024-02-03 23:03:14 - [TEST_STEP][PASSED] - pages.WriteExcel.demoKey(resText, datText, resColumn, datCloumn, fileLoc, nameSheet, row): pages.WriteExcel.demoKey is PASSED

2024-02-03 23:03:14 - [MESSAGE][PASSED] - pages.WriteExcel.demoKey is PASSED

2024-02-03 23:03:14 - [TEST_STEP][PASSED] - ExecuteTC = findTestData(dataFile).getValue("Execute", row): null

2024-02-03 23:03:14 - [TEST_STEP][PASSED] - Taxtype = findTestData(dataFile).getValue("TaxType", row): null

2024-02-03 23:03:14 - [TEST_STEP][PASSED] - Paymenttype = findTestData(dataFile).getValue("PaymentType", row): null

2024-02-03 23:03:14 - [TEST_STEP][PASSED] - feinSsn = findTestData(dataFile).getValue("FEINSSN", row): null

2024-02-03 23:03:14 - [TEST_STEP][PASSED] - out.println("Value of Execute is : " + ExecuteTC): null

2024-02-03 23:03:14 - [TEST_STEP][PASSED] - if (ExecuteTC.equalsIgnoreCase("Y")): null

2024-02-03 23:03:14 - [TEST_STEP][PASSED] - out.println("Begin Record Number: " + row): null

2024-02-03 23:03:14 - [TEST_STEP][PASSED] - today = new java.util.Date(): null

2024-02-03 23:03:14 - [TEST_STEP][PASSED] - println(today): null

2024-02-03 23:03:14 - [TEST_STEP][PASSED] - datText = today: null

2024-02-03 23:03:14 - [TEST_STEP][PASSED] - Taxtype = findTestData(dataFile).getValue("TaxType", row): null

2024-02-03 23:03:15 - [TEST_STEP][PASSED] - out.println("Taxtype value is : " + Taxtype): null

2024-02-03 23:03:15 - [TEST_STEP][PASSED] - openBrowser(""): Browser is opened with url: ''

2024-02-03 23:03:15 - [MESSAGE][WARNING] - A browser is already opened. Closing browser and opening a new one

2024-02-03 23:03:16 - [MESSAGE][INFO] - Starting 'Chrome' driver

2024-02-03 23:03:16 - [MESSAGE][INFO] - User set preference: ['acceptInsecureCerts', 'true']

2024-02-03 23:03:16 - [MESSAGE][INFO] - Action delay is set to 0 milliseconds

2024-02-03 23:03:17 - [MESSAGE][PASSED] - Browser is opened with url: ''

2024-02-03 23:03:17 - [TEST_STEP][PASSED] - maximizeWindow(): Current window maximized

2024-02-03 23:03:17 - [MESSAGE][PASSED] - Current window maximized

2024-02-03 23:03:17 - [TEST_STEP][PASSED] - navigateToUrl(RADurl): Navigate to 'https://qa2.velocitypayment.com/client/rad/index.html' successfully

2024-02-03 23:03:19 - [MESSAGE][PASSED] - Navigate to 'https://qa2.velocitypayment.com/client/rad/index.html' successfully

2024-02-03 23:03:19 - [TEST_STEP][PASSED] - orPath_Landing = "Object Repository/RAD_Pages/Landing_Page": null

2024-02-03 23:03:19 - [TEST_STEP][PASSED] - orPath_TaxTypeFilingYear = "Object Repository/RAD_Pages/TaxTypeFilingYear_Page": null

2024-02-03 23:03:19 - [TEST_STEP][PASSED] - orPath_TaxPayer = "Object Repository/RAD_Pages/Taxpayer_Page": null

2024-02-03 23:03:19 - [TEST_STEP][PASSED] - orPath_AddressContact = "Object Repository/RAD_Pages/AddressAndContactInfo_Page": null

2024-02-03 23:03:19 - [TEST_STEP][PASSED] - orPath_FilingStatus = "Object Repository/RAD_Pages/FilingStatus_Page": null

2024-02-03 23:03:19 - [TEST_STEP][PASSED] - orPath_Amount = "Object Repository/RAD_Pages/PaymentAmount_Page": null

2024-02-03 23:03:19 - [TEST_STEP][PASSED] - orPath_TaxInfo = "Object Repository/RAD_Pages/TaxInfo_Page": null

2024-02-03 23:03:19 - [TEST_STEP][PASSED] - orPath_Withholding = "Object Repository/RAD_Pages/Withholding_Page": null

2024-02-03 23:03:19 - [TEST_STEP][PASSED] - orPath_Summary = "Object Repository/RAD_Pages/Summary_Page": null

2024-02-03 23:03:19 - [TEST_STEP][PASSED] - orPath_PaymentReady = "Object Repository/RAD_Pages/PaymentReady_Page": null

2024-02-03 23:03:19 - [TEST_STEP][PASSED] - orPath_PaymentEntry = "Object Repository/RAD_Pages/PaymentEntry_Page": null

2024-02-03 23:03:19 - [TEST_STEP][PASSED] - orPath_PaymentConfirmation = "Object Repository/RAD_Pages/PaymentConfirmation_Page": null

2024-02-03 23:03:19 - [TEST_STEP][PASSED] - orPath_ServiceFeesAccept = "Object Repository/RAD_Pages/ServiceFeeAccept_Page": null

2024-02-03 23:03:19 - [TEST_STEP][PASSED] - selectOptionByLabel(findTestObject(orPath_Landing + "/dd_TaxType"), Paymenttype, false): All options with label 'Quarterly Estimated Tax' are selected in object 'Object Repository/RAD_Pages/Landing_Page/dd_TaxType' 

2024-02-03 23:03:20 - [MESSAGE][PASSED] - All options with label 'Quarterly Estimated Tax' are selected in object 'Object Repository/RAD_Pages/Landing_Page/dd_TaxType' 

2024-02-03 23:03:20 - [TEST_STEP][PASSED] - delay(1): Delayed 1 second(s)

2024-02-03 23:03:21 - [MESSAGE][PASSED] - Delayed 1 second(s)

2024-02-03 23:03:21 - [TEST_STEP][PASSED] - switch (Paymenttype): null

2024-02-03 23:03:21 - [TEST_STEP][PASSED] - case "Quarterly Estimated Tax":: null

2024-02-03 23:03:21 - [TEST_STEP][PASSED] - selectOptionByLabel(findTestObject(orPath_TaxTypeFilingYear + "/select_PaymentType"), Taxtype, false): All options with label 'PTE Non-Electing S Corp' are selected in object 'Object Repository/RAD_Pages/TaxTypeFilingYear_Page/select_PaymentType' 

2024-02-03 23:03:22 - [MESSAGE][PASSED] - All options with label 'PTE Non-Electing S Corp' are selected in object 'Object Repository/RAD_Pages/TaxTypeFilingYear_Page/select_PaymentType' 

2024-02-03 23:03:22 - [TEST_STEP][PASSED] - break: null

2024-02-03 23:03:22 - [TEST_STEP][PASSED] - delay(1): Delayed 1 second(s)

2024-02-03 23:03:23 - [MESSAGE][PASSED] - Delayed 1 second(s)

2024-02-03 23:03:23 - [TEST_STEP][PASSED] - switch (Paymenttype): null

2024-02-03 23:03:23 - [TEST_STEP][PASSED] - case "Quarterly Estimated Tax":: null

2024-02-03 23:03:23 - [TEST_STEP][PASSED] - if (feinSsn.equalsIgnoreCase("Y")): Text ****** has been set on object 'Object Repository/RAD_Pages/TaxInfo_Page/input_TaxInfo_RetypeFeinSsn_New_2'

2024-02-03 23:03:23 - [TEST_STEP][PASSED] - setEncryptedText(findTestObject(orPath_TaxInfo + "/input_TaxInfo_FeinSsn_New_2"), "iGDxf8hSRT4="): Text ****** has been set on object 'Object Repository/RAD_Pages/TaxInfo_Page/input_TaxInfo_FeinSsn_New_2'

2024-02-03 23:03:23 - [MESSAGE][PASSED] - Text ****** has been set on object 'Object Repository/RAD_Pages/TaxInfo_Page/input_TaxInfo_FeinSsn_New_2'

2024-02-03 23:03:23 - [TEST_STEP][PASSED] - setEncryptedText(findTestObject(orPath_TaxInfo + "/input_TaxInfo_RetypeFeinSsn_New_2"), ""): Text ****** has been set on object 'Object Repository/RAD_Pages/TaxInfo_Page/input_TaxInfo_RetypeFeinSsn_New_2'

2024-02-03 23:03:24 - [MESSAGE][PASSED] - Text ****** has been set on object 'Object Repository/RAD_Pages/TaxInfo_Page/input_TaxInfo_RetypeFeinSsn_New_2'

2024-02-03 23:03:24 - [TEST_STEP][PASSED] - break: null

2024-02-03 23:03:24 - [TEST_STEP][PASSED] - if (feinSsn.equalsIgnoreCase("Y")): null

2024-02-03 23:03:24 - [TEST_STEP][PASSED] - if (verifyTextPresent("Please enter a valid FEIN/SSN with 9 digits", true)): null

2024-02-03 23:03:24 - [MESSAGE][PASSED] - Text 'Please enter a valid FEIN/SSN with 9 digits' is present on page  using regular expression

2024-02-03 23:03:24 - [TEST_STEP][PASSED] - println("Error Message is present on the page"): null

2024-02-03 23:03:24 - [TEST_STEP][PASSED] - out.println("Pass Record Number: " + row): null

2024-02-03 23:03:24 - [TEST_STEP][PASSED] - resText = "Pass": null

2024-02-03 23:03:24 - [TEST_STEP][PASSED] - pages.WriteExcel.demoKey(resText, datText, resColumn, datCloumn, fileLoc, nameSheet, row): pages.WriteExcel.demoKey is PASSED

2024-02-03 23:03:24 - [MESSAGE][PASSED] - pages.WriteExcel.demoKey is PASSED

2024-02-03 23:03:24 - [TEST_STEP][PASSED] - ExecuteTC = findTestData(dataFile).getValue("Execute", row): null

2024-02-03 23:03:24 - [TEST_STEP][PASSED] - Taxtype = findTestData(dataFile).getValue("TaxType", row): null

2024-02-03 23:03:24 - [TEST_STEP][PASSED] - Paymenttype = findTestData(dataFile).getValue("PaymentType", row): null

2024-02-03 23:03:24 - [TEST_STEP][PASSED] - feinSsn = findTestData(dataFile).getValue("FEINSSN", row): null

2024-02-03 23:03:25 - [TEST_STEP][PASSED] - out.println("Value of Execute is : " + ExecuteTC): null

2024-02-03 23:03:25 - [TEST_STEP][PASSED] - if (ExecuteTC.equalsIgnoreCase("Y")): null

2024-02-03 23:03:25 - [TEST_STEP][PASSED] - out.println("Begin Record Number: " + row): null

2024-02-03 23:03:25 - [TEST_STEP][PASSED] - today = new java.util.Date(): null

2024-02-03 23:03:25 - [TEST_STEP][PASSED] - println(today): null

2024-02-03 23:03:25 - [TEST_STEP][PASSED] - datText = today: null

2024-02-03 23:03:25 - [TEST_STEP][PASSED] - Taxtype = findTestData(dataFile).getValue("TaxType", row): null

2024-02-03 23:03:25 - [TEST_STEP][PASSED] - out.println("Taxtype value is : " + Taxtype): null

2024-02-03 23:03:25 - [TEST_STEP][PASSED] - openBrowser(""): Browser is opened with url: ''

2024-02-03 23:03:25 - [MESSAGE][WARNING] - A browser is already opened. Closing browser and opening a new one

2024-02-03 23:03:26 - [MESSAGE][INFO] - Starting 'Chrome' driver

2024-02-03 23:03:26 - [MESSAGE][INFO] - User set preference: ['acceptInsecureCerts', 'true']

2024-02-03 23:03:26 - [MESSAGE][INFO] - Action delay is set to 0 milliseconds

2024-02-03 23:03:27 - [MESSAGE][PASSED] - Browser is opened with url: ''

2024-02-03 23:03:27 - [TEST_STEP][PASSED] - maximizeWindow(): Current window maximized

2024-02-03 23:03:28 - [MESSAGE][PASSED] - Current window maximized

2024-02-03 23:03:28 - [TEST_STEP][PASSED] - navigateToUrl(RADurl): Navigate to 'https://qa2.velocitypayment.com/client/rad/index.html' successfully

2024-02-03 23:03:30 - [MESSAGE][PASSED] - Navigate to 'https://qa2.velocitypayment.com/client/rad/index.html' successfully

2024-02-03 23:03:30 - [TEST_STEP][PASSED] - orPath_Landing = "Object Repository/RAD_Pages/Landing_Page": null

2024-02-03 23:03:30 - [TEST_STEP][PASSED] - orPath_TaxTypeFilingYear = "Object Repository/RAD_Pages/TaxTypeFilingYear_Page": null

2024-02-03 23:03:30 - [TEST_STEP][PASSED] - orPath_TaxPayer = "Object Repository/RAD_Pages/Taxpayer_Page": null

2024-02-03 23:03:30 - [TEST_STEP][PASSED] - orPath_AddressContact = "Object Repository/RAD_Pages/AddressAndContactInfo_Page": null

2024-02-03 23:03:30 - [TEST_STEP][PASSED] - orPath_FilingStatus = "Object Repository/RAD_Pages/FilingStatus_Page": null

2024-02-03 23:03:30 - [TEST_STEP][PASSED] - orPath_Amount = "Object Repository/RAD_Pages/PaymentAmount_Page": null

2024-02-03 23:03:30 - [TEST_STEP][PASSED] - orPath_TaxInfo = "Object Repository/RAD_Pages/TaxInfo_Page": null

2024-02-03 23:03:30 - [TEST_STEP][PASSED] - orPath_Withholding = "Object Repository/RAD_Pages/Withholding_Page": null

2024-02-03 23:03:30 - [TEST_STEP][PASSED] - orPath_Summary = "Object Repository/RAD_Pages/Summary_Page": null

2024-02-03 23:03:30 - [TEST_STEP][PASSED] - orPath_PaymentReady = "Object Repository/RAD_Pages/PaymentReady_Page": null

2024-02-03 23:03:30 - [TEST_STEP][PASSED] - orPath_PaymentEntry = "Object Repository/RAD_Pages/PaymentEntry_Page": null

2024-02-03 23:03:30 - [TEST_STEP][PASSED] - orPath_PaymentConfirmation = "Object Repository/RAD_Pages/PaymentConfirmation_Page": null

2024-02-03 23:03:30 - [TEST_STEP][PASSED] - orPath_ServiceFeesAccept = "Object Repository/RAD_Pages/ServiceFeeAccept_Page": null

2024-02-03 23:03:30 - [TEST_STEP][PASSED] - selectOptionByLabel(findTestObject(orPath_Landing + "/dd_TaxType"), Paymenttype, false): All options with label 'Quarterly Estimated Tax' are selected in object 'Object Repository/RAD_Pages/Landing_Page/dd_TaxType' 

2024-02-03 23:03:30 - [MESSAGE][PASSED] - All options with label 'Quarterly Estimated Tax' are selected in object 'Object Repository/RAD_Pages/Landing_Page/dd_TaxType' 

2024-02-03 23:03:30 - [TEST_STEP][PASSED] - delay(1): Delayed 1 second(s)

2024-02-03 23:03:31 - [MESSAGE][PASSED] - Delayed 1 second(s)

2024-02-03 23:03:31 - [TEST_STEP][PASSED] - switch (Paymenttype): null

2024-02-03 23:03:31 - [TEST_STEP][PASSED] - case "Quarterly Estimated Tax":: null

2024-02-03 23:03:31 - [TEST_STEP][PASSED] - selectOptionByLabel(findTestObject(orPath_TaxTypeFilingYear + "/select_PaymentType"), Taxtype, false): All options with label 'PTE Tax Electing Non-S Corp' are selected in object 'Object Repository/RAD_Pages/TaxTypeFilingYear_Page/select_PaymentType' 

2024-02-03 23:03:32 - [MESSAGE][PASSED] - All options with label 'PTE Tax Electing Non-S Corp' are selected in object 'Object Repository/RAD_Pages/TaxTypeFilingYear_Page/select_PaymentType' 

2024-02-03 23:03:32 - [TEST_STEP][PASSED] - break: null

2024-02-03 23:03:32 - [TEST_STEP][PASSED] - delay(1): Delayed 1 second(s)

2024-02-03 23:03:33 - [MESSAGE][PASSED] - Delayed 1 second(s)

2024-02-03 23:03:33 - [TEST_STEP][PASSED] - switch (Paymenttype): null

2024-02-03 23:03:33 - [TEST_STEP][PASSED] - case "Quarterly Estimated Tax":: null

2024-02-03 23:03:33 - [TEST_STEP][PASSED] - if (feinSsn.equalsIgnoreCase("Y")): Text ****** has been set on object 'Object Repository/RAD_Pages/TaxInfo_Page/input_TaxInfo_RetypeFeinSsn_New_2'

2024-02-03 23:03:33 - [TEST_STEP][PASSED] - setEncryptedText(findTestObject(orPath_TaxInfo + "/input_TaxInfo_FeinSsn_New_2"), "iGDxf8hSRT4="): Text ****** has been set on object 'Object Repository/RAD_Pages/TaxInfo_Page/input_TaxInfo_FeinSsn_New_2'

2024-02-03 23:03:33 - [MESSAGE][PASSED] - Text ****** has been set on object 'Object Repository/RAD_Pages/TaxInfo_Page/input_TaxInfo_FeinSsn_New_2'

2024-02-03 23:03:33 - [TEST_STEP][PASSED] - setEncryptedText(findTestObject(orPath_TaxInfo + "/input_TaxInfo_RetypeFeinSsn_New_2"), ""): Text ****** has been set on object 'Object Repository/RAD_Pages/TaxInfo_Page/input_TaxInfo_RetypeFeinSsn_New_2'

2024-02-03 23:03:34 - [MESSAGE][PASSED] - Text ****** has been set on object 'Object Repository/RAD_Pages/TaxInfo_Page/input_TaxInfo_RetypeFeinSsn_New_2'

2024-02-03 23:03:34 - [TEST_STEP][PASSED] - break: null

2024-02-03 23:03:34 - [TEST_STEP][PASSED] - if (feinSsn.equalsIgnoreCase("Y")): null

2024-02-03 23:03:34 - [TEST_STEP][PASSED] - if (verifyTextPresent("Please enter a valid FEIN/SSN with 9 digits", true)): null

2024-02-03 23:03:35 - [MESSAGE][PASSED] - Text 'Please enter a valid FEIN/SSN with 9 digits' is present on page  using regular expression

2024-02-03 23:03:35 - [TEST_STEP][PASSED] - println("Error Message is present on the page"): null

2024-02-03 23:03:35 - [TEST_STEP][PASSED] - out.println("Pass Record Number: " + row): null

2024-02-03 23:03:35 - [TEST_STEP][PASSED] - resText = "Pass": null

2024-02-03 23:03:35 - [TEST_STEP][PASSED] - pages.WriteExcel.demoKey(resText, datText, resColumn, datCloumn, fileLoc, nameSheet, row): pages.WriteExcel.demoKey is PASSED

2024-02-03 23:03:35 - [MESSAGE][PASSED] - pages.WriteExcel.demoKey is PASSED

2024-02-03 23:03:35 - [TEST_STEP][PASSED] - ExecuteTC = findTestData(dataFile).getValue("Execute", row): null

2024-02-03 23:03:35 - [TEST_STEP][PASSED] - Taxtype = findTestData(dataFile).getValue("TaxType", row): null

2024-02-03 23:03:35 - [TEST_STEP][PASSED] - Paymenttype = findTestData(dataFile).getValue("PaymentType", row): null

2024-02-03 23:03:35 - [TEST_STEP][PASSED] - feinSsn = findTestData(dataFile).getValue("FEINSSN", row): null

2024-02-03 23:03:35 - [TEST_STEP][PASSED] - out.println("Value of Execute is : " + ExecuteTC): null

2024-02-03 23:03:35 - [TEST_STEP][PASSED] - if (ExecuteTC.equalsIgnoreCase("Y")): null

2024-02-03 23:03:35 - [TEST_STEP][PASSED] - out.println("Begin Record Number: " + row): null

2024-02-03 23:03:35 - [TEST_STEP][PASSED] - today = new java.util.Date(): null

2024-02-03 23:03:35 - [TEST_STEP][PASSED] - println(today): null

2024-02-03 23:03:35 - [TEST_STEP][PASSED] - datText = today: null

2024-02-03 23:03:35 - [TEST_STEP][PASSED] - Taxtype = findTestData(dataFile).getValue("TaxType", row): null

2024-02-03 23:03:35 - [TEST_STEP][PASSED] - out.println("Taxtype value is : " + Taxtype): null

2024-02-03 23:03:35 - [TEST_STEP][PASSED] - openBrowser(""): Browser is opened with url: ''

2024-02-03 23:03:35 - [MESSAGE][WARNING] - A browser is already opened. Closing browser and opening a new one

2024-02-03 23:03:36 - [MESSAGE][INFO] - Starting 'Chrome' driver

2024-02-03 23:03:36 - [MESSAGE][INFO] - User set preference: ['acceptInsecureCerts', 'true']

2024-02-03 23:03:36 - [MESSAGE][INFO] - Action delay is set to 0 milliseconds

2024-02-03 23:03:39 - [MESSAGE][PASSED] - Browser is opened with url: ''

2024-02-03 23:03:39 - [TEST_STEP][PASSED] - maximizeWindow(): Current window maximized

2024-02-03 23:03:39 - [MESSAGE][PASSED] - Current window maximized

2024-02-03 23:03:39 - [TEST_STEP][PASSED] - navigateToUrl(RADurl): Navigate to 'https://qa2.velocitypayment.com/client/rad/index.html' successfully

2024-02-03 23:03:41 - [MESSAGE][PASSED] - Navigate to 'https://qa2.velocitypayment.com/client/rad/index.html' successfully

2024-02-03 23:03:41 - [TEST_STEP][PASSED] - orPath_Landing = "Object Repository/RAD_Pages/Landing_Page": null

2024-02-03 23:03:41 - [TEST_STEP][PASSED] - orPath_TaxTypeFilingYear = "Object Repository/RAD_Pages/TaxTypeFilingYear_Page": null

2024-02-03 23:03:41 - [TEST_STEP][PASSED] - orPath_TaxPayer = "Object Repository/RAD_Pages/Taxpayer_Page": null

2024-02-03 23:03:41 - [TEST_STEP][PASSED] - orPath_AddressContact = "Object Repository/RAD_Pages/AddressAndContactInfo_Page": null

2024-02-03 23:03:41 - [TEST_STEP][PASSED] - orPath_FilingStatus = "Object Repository/RAD_Pages/FilingStatus_Page": null

2024-02-03 23:03:41 - [TEST_STEP][PASSED] - orPath_Amount = "Object Repository/RAD_Pages/PaymentAmount_Page": null

2024-02-03 23:03:41 - [TEST_STEP][PASSED] - orPath_TaxInfo = "Object Repository/RAD_Pages/TaxInfo_Page": null

2024-02-03 23:03:41 - [TEST_STEP][PASSED] - orPath_Withholding = "Object Repository/RAD_Pages/Withholding_Page": null

2024-02-03 23:03:41 - [TEST_STEP][PASSED] - orPath_Summary = "Object Repository/RAD_Pages/Summary_Page": null

2024-02-03 23:03:41 - [TEST_STEP][PASSED] - orPath_PaymentReady = "Object Repository/RAD_Pages/PaymentReady_Page": null

2024-02-03 23:03:41 - [TEST_STEP][PASSED] - orPath_PaymentEntry = "Object Repository/RAD_Pages/PaymentEntry_Page": null

2024-02-03 23:03:41 - [TEST_STEP][PASSED] - orPath_PaymentConfirmation = "Object Repository/RAD_Pages/PaymentConfirmation_Page": null

2024-02-03 23:03:41 - [TEST_STEP][PASSED] - orPath_ServiceFeesAccept = "Object Repository/RAD_Pages/ServiceFeeAccept_Page": null

2024-02-03 23:03:41 - [TEST_STEP][PASSED] - selectOptionByLabel(findTestObject(orPath_Landing + "/dd_TaxType"), Paymenttype, false): All options with label 'Quarterly Estimated Tax' are selected in object 'Object Repository/RAD_Pages/Landing_Page/dd_TaxType' 

2024-02-03 23:03:42 - [MESSAGE][PASSED] - All options with label 'Quarterly Estimated Tax' are selected in object 'Object Repository/RAD_Pages/Landing_Page/dd_TaxType' 

2024-02-03 23:03:42 - [TEST_STEP][PASSED] - delay(1): Delayed 1 second(s)

2024-02-03 23:03:43 - [MESSAGE][PASSED] - Delayed 1 second(s)

2024-02-03 23:03:43 - [TEST_STEP][PASSED] - switch (Paymenttype): null

2024-02-03 23:03:43 - [TEST_STEP][PASSED] - case "Quarterly Estimated Tax":: null

2024-02-03 23:03:43 - [TEST_STEP][PASSED] - selectOptionByLabel(findTestObject(orPath_TaxTypeFilingYear + "/select_PaymentType"), Taxtype, false): All options with label 'PTE Tax Electing S Corp' are selected in object 'Object Repository/RAD_Pages/TaxTypeFilingYear_Page/select_PaymentType' 

2024-02-03 23:03:43 - [MESSAGE][PASSED] - All options with label 'PTE Tax Electing S Corp' are selected in object 'Object Repository/RAD_Pages/TaxTypeFilingYear_Page/select_PaymentType' 

2024-02-03 23:03:43 - [TEST_STEP][PASSED] - break: null

2024-02-03 23:03:43 - [TEST_STEP][PASSED] - delay(1): Delayed 1 second(s)

2024-02-03 23:03:44 - [MESSAGE][PASSED] - Delayed 1 second(s)

2024-02-03 23:03:44 - [TEST_STEP][PASSED] - switch (Paymenttype): null

2024-02-03 23:03:44 - [TEST_STEP][PASSED] - case "Quarterly Estimated Tax":: null

2024-02-03 23:03:44 - [TEST_STEP][PASSED] - if (feinSsn.equalsIgnoreCase("Y")): Text ****** has been set on object 'Object Repository/RAD_Pages/TaxInfo_Page/input_TaxInfo_RetypeFeinSsn_New_2'

2024-02-03 23:03:44 - [TEST_STEP][PASSED] - setEncryptedText(findTestObject(orPath_TaxInfo + "/input_TaxInfo_FeinSsn_New_2"), "iGDxf8hSRT4="): Text ****** has been set on object 'Object Repository/RAD_Pages/TaxInfo_Page/input_TaxInfo_FeinSsn_New_2'

2024-02-03 23:03:45 - [MESSAGE][PASSED] - Text ****** has been set on object 'Object Repository/RAD_Pages/TaxInfo_Page/input_TaxInfo_FeinSsn_New_2'

2024-02-03 23:03:45 - [TEST_STEP][PASSED] - setEncryptedText(findTestObject(orPath_TaxInfo + "/input_TaxInfo_RetypeFeinSsn_New_2"), ""): Text ****** has been set on object 'Object Repository/RAD_Pages/TaxInfo_Page/input_TaxInfo_RetypeFeinSsn_New_2'

2024-02-03 23:03:45 - [MESSAGE][PASSED] - Text ****** has been set on object 'Object Repository/RAD_Pages/TaxInfo_Page/input_TaxInfo_RetypeFeinSsn_New_2'

2024-02-03 23:03:45 - [TEST_STEP][PASSED] - break: null

2024-02-03 23:03:45 - [TEST_STEP][PASSED] - if (feinSsn.equalsIgnoreCase("Y")): null

2024-02-03 23:03:45 - [TEST_STEP][PASSED] - if (verifyTextPresent("Please enter a valid FEIN/SSN with 9 digits", true)): null

2024-02-03 23:03:46 - [MESSAGE][PASSED] - Text 'Please enter a valid FEIN/SSN with 9 digits' is present on page  using regular expression

2024-02-03 23:03:46 - [TEST_STEP][PASSED] - println("Error Message is present on the page"): null

2024-02-03 23:03:46 - [TEST_STEP][PASSED] - out.println("Pass Record Number: " + row): null

2024-02-03 23:03:46 - [TEST_STEP][PASSED] - resText = "Pass": null

2024-02-03 23:03:46 - [TEST_STEP][PASSED] - pages.WriteExcel.demoKey(resText, datText, resColumn, datCloumn, fileLoc, nameSheet, row): pages.WriteExcel.demoKey is PASSED

2024-02-03 23:03:46 - [MESSAGE][PASSED] - pages.WriteExcel.demoKey is PASSED

2024-02-03 23:03:46 - [TEST_STEP][PASSED] - ExecuteTC = findTestData(dataFile).getValue("Execute", row): null

2024-02-03 23:03:46 - [TEST_STEP][PASSED] - Taxtype = findTestData(dataFile).getValue("TaxType", row): null

2024-02-03 23:03:46 - [TEST_STEP][PASSED] - Paymenttype = findTestData(dataFile).getValue("PaymentType", row): null

2024-02-03 23:03:46 - [TEST_STEP][PASSED] - feinSsn = findTestData(dataFile).getValue("FEINSSN", row): null

2024-02-03 23:03:46 - [TEST_STEP][PASSED] - out.println("Value of Execute is : " + ExecuteTC): null

2024-02-03 23:03:46 - [TEST_STEP][PASSED] - if (ExecuteTC.equalsIgnoreCase("Y")): null

2024-02-03 23:03:46 - [TEST_STEP][PASSED] - ExecuteTC = findTestData(dataFile).getValue("Execute", row): null

2024-02-03 23:03:46 - [TEST_STEP][PASSED] - Taxtype = findTestData(dataFile).getValue("TaxType", row): null

2024-02-03 23:03:46 - [TEST_STEP][PASSED] - Paymenttype = findTestData(dataFile).getValue("PaymentType", row): null

2024-02-03 23:03:46 - [TEST_STEP][PASSED] - feinSsn = findTestData(dataFile).getValue("FEINSSN", row): null

2024-02-03 23:03:46 - [TEST_STEP][PASSED] - out.println("Value of Execute is : " + ExecuteTC): null

2024-02-03 23:03:46 - [TEST_STEP][PASSED] - if (ExecuteTC.equalsIgnoreCase("Y")): null

2024-02-03 23:03:46 - [TEST_STEP][PASSED] - ExecuteTC = findTestData(dataFile).getValue("Execute", row): null

2024-02-03 23:03:46 - [TEST_STEP][PASSED] - Taxtype = findTestData(dataFile).getValue("TaxType", row): null

2024-02-03 23:03:46 - [TEST_STEP][PASSED] - Paymenttype = findTestData(dataFile).getValue("PaymentType", row): null

2024-02-03 23:03:46 - [TEST_STEP][PASSED] - feinSsn = findTestData(dataFile).getValue("FEINSSN", row): null

2024-02-03 23:03:46 - [TEST_STEP][PASSED] - out.println("Value of Execute is : " + ExecuteTC): null

2024-02-03 23:03:46 - [TEST_STEP][PASSED] - if (ExecuteTC.equalsIgnoreCase("Y")): null

2024-02-03 23:03:46 - [TEST_STEP][PASSED] - ExecuteTC = findTestData(dataFile).getValue("Execute", row): null

2024-02-03 23:03:46 - [TEST_STEP][PASSED] - Taxtype = findTestData(dataFile).getValue("TaxType", row): null

2024-02-03 23:03:47 - [TEST_STEP][PASSED] - Paymenttype = findTestData(dataFile).getValue("PaymentType", row): null

2024-02-03 23:03:47 - [TEST_STEP][PASSED] - feinSsn = findTestData(dataFile).getValue("FEINSSN", row): null

2024-02-03 23:03:47 - [TEST_STEP][PASSED] - out.println("Value of Execute is : " + ExecuteTC): null

2024-02-03 23:03:47 - [TEST_STEP][PASSED] - if (ExecuteTC.equalsIgnoreCase("Y")): null

2024-02-03 23:03:47 - [TEST_STEP][PASSED] - ExecuteTC = findTestData(dataFile).getValue("Execute", row): null

2024-02-03 23:03:47 - [TEST_STEP][PASSED] - Taxtype = findTestData(dataFile).getValue("TaxType", row): null

2024-02-03 23:03:47 - [TEST_STEP][PASSED] - Paymenttype = findTestData(dataFile).getValue("PaymentType", row): null

2024-02-03 23:03:47 - [TEST_STEP][PASSED] - feinSsn = findTestData(dataFile).getValue("FEINSSN", row): null

2024-02-03 23:03:47 - [TEST_STEP][PASSED] - out.println("Value of Execute is : " + ExecuteTC): null

2024-02-03 23:03:47 - [TEST_STEP][PASSED] - if (ExecuteTC.equalsIgnoreCase("Y")): null

2024-02-03 23:03:47 - [TEST_STEP][PASSED] - ExecuteTC = findTestData(dataFile).getValue("Execute", row): null

2024-02-03 23:03:47 - [TEST_STEP][PASSED] - Taxtype = findTestData(dataFile).getValue("TaxType", row): null

2024-02-03 23:03:47 - [TEST_STEP][PASSED] - Paymenttype = findTestData(dataFile).getValue("PaymentType", row): null

2024-02-03 23:03:47 - [TEST_STEP][PASSED] - feinSsn = findTestData(dataFile).getValue("FEINSSN", row): null

2024-02-03 23:03:47 - [TEST_STEP][PASSED] - out.println("Value of Execute is : " + ExecuteTC): null

2024-02-03 23:03:47 - [TEST_STEP][PASSED] - if (ExecuteTC.equalsIgnoreCase("Y")): null

2024-02-03 23:03:47 - [TEST_STEP][PASSED] - ExecuteTC = findTestData(dataFile).getValue("Execute", row): null

2024-02-03 23:03:47 - [TEST_STEP][PASSED] - Taxtype = findTestData(dataFile).getValue("TaxType", row): null

2024-02-03 23:03:47 - [TEST_STEP][PASSED] - Paymenttype = findTestData(dataFile).getValue("PaymentType", row): null

2024-02-03 23:03:47 - [TEST_STEP][PASSED] - feinSsn = findTestData(dataFile).getValue("FEINSSN", row): null

2024-02-03 23:03:47 - [TEST_STEP][PASSED] - out.println("Value of Execute is : " + ExecuteTC): null

2024-02-03 23:03:47 - [TEST_STEP][PASSED] - if (ExecuteTC.equalsIgnoreCase("Y")): null

2024-02-03 23:03:47 - [TEST_STEP][PASSED] - out.println("Begin Record Number: " + row): null

2024-02-03 23:03:47 - [TEST_STEP][PASSED] - today = new java.util.Date(): null

2024-02-03 23:03:47 - [TEST_STEP][PASSED] - println(today): null

2024-02-03 23:03:47 - [TEST_STEP][PASSED] - datText = today: null

2024-02-03 23:03:47 - [TEST_STEP][PASSED] - Taxtype = findTestData(dataFile).getValue("TaxType", row): null

2024-02-03 23:03:47 - [TEST_STEP][PASSED] - out.println("Taxtype value is : " + Taxtype): null

2024-02-03 23:03:47 - [TEST_STEP][PASSED] - openBrowser(""): Browser is opened with url: ''

2024-02-03 23:03:47 - [MESSAGE][WARNING] - A browser is already opened. Closing browser and opening a new one

2024-02-03 23:03:48 - [MESSAGE][INFO] - Starting 'Chrome' driver

2024-02-03 23:03:48 - [MESSAGE][INFO] - User set preference: ['acceptInsecureCerts', 'true']

2024-02-03 23:03:48 - [MESSAGE][INFO] - Action delay is set to 0 milliseconds

2024-02-03 23:03:50 - [MESSAGE][PASSED] - Browser is opened with url: ''

2024-02-03 23:03:50 - [TEST_STEP][PASSED] - maximizeWindow(): Current window maximized

2024-02-03 23:03:50 - [MESSAGE][PASSED] - Current window maximized

2024-02-03 23:03:50 - [TEST_STEP][PASSED] - navigateToUrl(RADurl): Navigate to 'https://qa2.velocitypayment.com/client/rad/index.html' successfully

2024-02-03 23:03:52 - [MESSAGE][PASSED] - Navigate to 'https://qa2.velocitypayment.com/client/rad/index.html' successfully

2024-02-03 23:03:52 - [TEST_STEP][PASSED] - orPath_Landing = "Object Repository/RAD_Pages/Landing_Page": null

2024-02-03 23:03:52 - [TEST_STEP][PASSED] - orPath_TaxTypeFilingYear = "Object Repository/RAD_Pages/TaxTypeFilingYear_Page": null

2024-02-03 23:03:52 - [TEST_STEP][PASSED] - orPath_TaxPayer = "Object Repository/RAD_Pages/Taxpayer_Page": null

2024-02-03 23:03:52 - [TEST_STEP][PASSED] - orPath_AddressContact = "Object Repository/RAD_Pages/AddressAndContactInfo_Page": null

2024-02-03 23:03:52 - [TEST_STEP][PASSED] - orPath_FilingStatus = "Object Repository/RAD_Pages/FilingStatus_Page": null

2024-02-03 23:03:52 - [TEST_STEP][PASSED] - orPath_Amount = "Object Repository/RAD_Pages/PaymentAmount_Page": null

2024-02-03 23:03:52 - [TEST_STEP][PASSED] - orPath_TaxInfo = "Object Repository/RAD_Pages/TaxInfo_Page": null

2024-02-03 23:03:52 - [TEST_STEP][PASSED] - orPath_Withholding = "Object Repository/RAD_Pages/Withholding_Page": null

2024-02-03 23:03:52 - [TEST_STEP][PASSED] - orPath_Summary = "Object Repository/RAD_Pages/Summary_Page": null

2024-02-03 23:03:52 - [TEST_STEP][PASSED] - orPath_PaymentReady = "Object Repository/RAD_Pages/PaymentReady_Page": null

2024-02-03 23:03:52 - [TEST_STEP][PASSED] - orPath_PaymentEntry = "Object Repository/RAD_Pages/PaymentEntry_Page": null

2024-02-03 23:03:52 - [TEST_STEP][PASSED] - orPath_PaymentConfirmation = "Object Repository/RAD_Pages/PaymentConfirmation_Page": null

2024-02-03 23:03:52 - [TEST_STEP][PASSED] - orPath_ServiceFeesAccept = "Object Repository/RAD_Pages/ServiceFeeAccept_Page": null

2024-02-03 23:03:52 - [TEST_STEP][PASSED] - selectOptionByLabel(findTestObject(orPath_Landing + "/dd_TaxType"), Paymenttype, false): All options with label 'New Tax Return Amount Due' are selected in object 'Object Repository/RAD_Pages/Landing_Page/dd_TaxType' 

2024-02-03 23:03:52 - [MESSAGE][PASSED] - All options with label 'New Tax Return Amount Due' are selected in object 'Object Repository/RAD_Pages/Landing_Page/dd_TaxType' 

2024-02-03 23:03:52 - [TEST_STEP][PASSED] - delay(1): Delayed 1 second(s)

2024-02-03 23:03:53 - [MESSAGE][PASSED] - Delayed 1 second(s)

2024-02-03 23:03:53 - [TEST_STEP][PASSED] - switch (Paymenttype): null

2024-02-03 23:03:53 - [TEST_STEP][PASSED] - case "New Tax Return Amount Due":: null

2024-02-03 23:03:53 - [TEST_STEP][PASSED] - selectOptionByLabel(findTestObject("Object Repository/RAD_Pages/Landing_Page/select_NewTaxReturnAmountDue_TaxType"), Taxtype, false): All options with label 'Fiduciary Tax' are selected in object 'Object Repository/RAD_Pages/Landing_Page/select_NewTaxReturnAmountDue_TaxType' 

2024-02-03 23:03:54 - [MESSAGE][PASSED] - All options with label 'Fiduciary Tax' are selected in object 'Object Repository/RAD_Pages/Landing_Page/select_NewTaxReturnAmountDue_TaxType' 

2024-02-03 23:03:54 - [TEST_STEP][PASSED] - break: null

2024-02-03 23:03:54 - [TEST_STEP][PASSED] - delay(1): Delayed 1 second(s)

2024-02-03 23:03:55 - [MESSAGE][PASSED] - Delayed 1 second(s)

2024-02-03 23:03:55 - [TEST_STEP][PASSED] - switch (Paymenttype): null

2024-02-03 23:03:55 - [TEST_STEP][PASSED] - case "New Tax Return Amount Due":: null

2024-02-03 23:03:55 - [TEST_STEP][PASSED] - if (feinSsn.equalsIgnoreCase("Y")): null

2024-02-03 23:03:55 - [TEST_STEP][PASSED] - else: Text ****** has been set on object 'Object Repository/RAD_Pages/TaxInfo_Page/input_FederalEIN_ReEnter-2'

2024-02-03 23:03:55 - [TEST_STEP][PASSED] - setEncryptedText(findTestObject(orPath_TaxInfo + "/input_FederalEIN-2"), "iGDxf8hSRT4="): Text ****** has been set on object 'Object Repository/RAD_Pages/TaxInfo_Page/input_FederalEIN-2'

2024-02-03 23:03:55 - [MESSAGE][PASSED] - Text ****** has been set on object 'Object Repository/RAD_Pages/TaxInfo_Page/input_FederalEIN-2'

2024-02-03 23:03:55 - [TEST_STEP][PASSED] - setEncryptedText(findTestObject(orPath_TaxInfo + "/input_FederalEIN_ReEnter-2"), ""): Text ****** has been set on object 'Object Repository/RAD_Pages/TaxInfo_Page/input_FederalEIN_ReEnter-2'

2024-02-03 23:03:56 - [MESSAGE][PASSED] - Text ****** has been set on object 'Object Repository/RAD_Pages/TaxInfo_Page/input_FederalEIN_ReEnter-2'

2024-02-03 23:03:56 - [TEST_STEP][PASSED] - break: null

2024-02-03 23:03:56 - [TEST_STEP][PASSED] - if (feinSsn.equalsIgnoreCase("Y")): null

2024-02-03 23:03:56 - [TEST_STEP][PASSED] - else: null

2024-02-03 23:03:56 - [TEST_STEP][PASSED] - if (verifyTextPresent("Please enter a valid FEIN with 9 digits.", true)): null

2024-02-03 23:03:57 - [MESSAGE][PASSED] - Text 'Please enter a valid FEIN with 9 digits.' is present on page  using regular expression

2024-02-03 23:03:57 - [TEST_STEP][PASSED] - println("Error Message is present on the page"): null

2024-02-03 23:03:57 - [TEST_STEP][PASSED] - out.println("Pass Record Number: " + row): null

2024-02-03 23:03:57 - [TEST_STEP][PASSED] - resText = "Pass": null

2024-02-03 23:03:57 - [TEST_STEP][PASSED] - pages.WriteExcel.demoKey(resText, datText, resColumn, datCloumn, fileLoc, nameSheet, row): pages.WriteExcel.demoKey is PASSED

2024-02-03 23:03:57 - [MESSAGE][PASSED] - pages.WriteExcel.demoKey is PASSED

2024-02-03 23:03:57 - [TEST_STEP][PASSED] - ExecuteTC = findTestData(dataFile).getValue("Execute", row): null

2024-02-03 23:03:57 - [TEST_STEP][PASSED] - Taxtype = findTestData(dataFile).getValue("TaxType", row): null

2024-02-03 23:03:57 - [TEST_STEP][PASSED] - Paymenttype = findTestData(dataFile).getValue("PaymentType", row): null

2024-02-03 23:03:57 - [TEST_STEP][PASSED] - feinSsn = findTestData(dataFile).getValue("FEINSSN", row): null

2024-02-03 23:03:57 - [TEST_STEP][PASSED] - out.println("Value of Execute is : " + ExecuteTC): null

2024-02-03 23:03:57 - [TEST_STEP][PASSED] - if (ExecuteTC.equalsIgnoreCase("Y")): null

2024-02-03 23:03:57 - [TEST_STEP][PASSED] - out.println("Begin Record Number: " + row): null

2024-02-03 23:03:57 - [TEST_STEP][PASSED] - today = new java.util.Date(): null

2024-02-03 23:03:57 - [TEST_STEP][PASSED] - println(today): null

2024-02-03 23:03:57 - [TEST_STEP][PASSED] - datText = today: null

2024-02-03 23:03:57 - [TEST_STEP][PASSED] - Taxtype = findTestData(dataFile).getValue("TaxType", row): null

2024-02-03 23:03:57 - [TEST_STEP][PASSED] - out.println("Taxtype value is : " + Taxtype): null

2024-02-03 23:03:57 - [TEST_STEP][PASSED] - openBrowser(""): Browser is opened with url: ''

2024-02-03 23:03:57 - [MESSAGE][WARNING] - A browser is already opened. Closing browser and opening a new one

2024-02-03 23:03:58 - [MESSAGE][INFO] - Starting 'Chrome' driver

2024-02-03 23:03:58 - [MESSAGE][INFO] - User set preference: ['acceptInsecureCerts', 'true']

2024-02-03 23:03:58 - [MESSAGE][INFO] - Action delay is set to 0 milliseconds

2024-02-03 23:04:00 - [MESSAGE][PASSED] - Browser is opened with url: ''

2024-02-03 23:04:00 - [TEST_STEP][PASSED] - maximizeWindow(): Current window maximized

2024-02-03 23:04:00 - [MESSAGE][PASSED] - Current window maximized

2024-02-03 23:04:00 - [TEST_STEP][PASSED] - navigateToUrl(RADurl): Navigate to 'https://qa2.velocitypayment.com/client/rad/index.html' successfully

2024-02-03 23:04:01 - [MESSAGE][PASSED] - Navigate to 'https://qa2.velocitypayment.com/client/rad/index.html' successfully

2024-02-03 23:04:01 - [TEST_STEP][PASSED] - orPath_Landing = "Object Repository/RAD_Pages/Landing_Page": null

2024-02-03 23:04:01 - [TEST_STEP][PASSED] - orPath_TaxTypeFilingYear = "Object Repository/RAD_Pages/TaxTypeFilingYear_Page": null

2024-02-03 23:04:01 - [TEST_STEP][PASSED] - orPath_TaxPayer = "Object Repository/RAD_Pages/Taxpayer_Page": null

2024-02-03 23:04:01 - [TEST_STEP][PASSED] - orPath_AddressContact = "Object Repository/RAD_Pages/AddressAndContactInfo_Page": null

2024-02-03 23:04:01 - [TEST_STEP][PASSED] - orPath_FilingStatus = "Object Repository/RAD_Pages/FilingStatus_Page": null

2024-02-03 23:04:01 - [TEST_STEP][PASSED] - orPath_Amount = "Object Repository/RAD_Pages/PaymentAmount_Page": null

2024-02-03 23:04:01 - [TEST_STEP][PASSED] - orPath_TaxInfo = "Object Repository/RAD_Pages/TaxInfo_Page": null

2024-02-03 23:04:01 - [TEST_STEP][PASSED] - orPath_Withholding = "Object Repository/RAD_Pages/Withholding_Page": null

2024-02-03 23:04:01 - [TEST_STEP][PASSED] - orPath_Summary = "Object Repository/RAD_Pages/Summary_Page": null

2024-02-03 23:04:01 - [TEST_STEP][PASSED] - orPath_PaymentReady = "Object Repository/RAD_Pages/PaymentReady_Page": null

2024-02-03 23:04:01 - [TEST_STEP][PASSED] - orPath_PaymentEntry = "Object Repository/RAD_Pages/PaymentEntry_Page": null

2024-02-03 23:04:01 - [TEST_STEP][PASSED] - orPath_PaymentConfirmation = "Object Repository/RAD_Pages/PaymentConfirmation_Page": null

2024-02-03 23:04:01 - [TEST_STEP][PASSED] - orPath_ServiceFeesAccept = "Object Repository/RAD_Pages/ServiceFeeAccept_Page": null

2024-02-03 23:04:01 - [TEST_STEP][PASSED] - selectOptionByLabel(findTestObject(orPath_Landing + "/dd_TaxType"), Paymenttype, false): All options with label 'New Tax Return Amount Due' are selected in object 'Object Repository/RAD_Pages/Landing_Page/dd_TaxType' 

2024-02-03 23:04:02 - [MESSAGE][PASSED] - All options with label 'New Tax Return Amount Due' are selected in object 'Object Repository/RAD_Pages/Landing_Page/dd_TaxType' 

2024-02-03 23:04:02 - [TEST_STEP][PASSED] - delay(1): Delayed 1 second(s)

2024-02-03 23:04:03 - [MESSAGE][PASSED] - Delayed 1 second(s)

2024-02-03 23:04:03 - [TEST_STEP][PASSED] - switch (Paymenttype): null

2024-02-03 23:04:03 - [TEST_STEP][PASSED] - case "New Tax Return Amount Due":: null

2024-02-03 23:04:03 - [TEST_STEP][PASSED] - selectOptionByLabel(findTestObject("Object Repository/RAD_Pages/Landing_Page/select_NewTaxReturnAmountDue_TaxType"), Taxtype, false): All options with label 'PTE Non-Electing Non-S Corp' are selected in object 'Object Repository/RAD_Pages/Landing_Page/select_NewTaxReturnAmountDue_TaxType' 

2024-02-03 23:04:04 - [MESSAGE][PASSED] - All options with label 'PTE Non-Electing Non-S Corp' are selected in object 'Object Repository/RAD_Pages/Landing_Page/select_NewTaxReturnAmountDue_TaxType' 

2024-02-03 23:04:04 - [TEST_STEP][PASSED] - break: null

2024-02-03 23:04:04 - [TEST_STEP][PASSED] - delay(1): Delayed 1 second(s)

2024-02-03 23:04:05 - [MESSAGE][PASSED] - Delayed 1 second(s)

2024-02-03 23:04:05 - [TEST_STEP][PASSED] - switch (Paymenttype): null

2024-02-03 23:04:05 - [TEST_STEP][PASSED] - case "New Tax Return Amount Due":: null

2024-02-03 23:04:05 - [TEST_STEP][PASSED] - if (feinSsn.equalsIgnoreCase("Y")): Text ****** has been set on object 'Object Repository/RAD_Pages/TaxInfo_Page/input_TaxInfo_RetypeFeinSsn_New_2'

2024-02-03 23:04:05 - [TEST_STEP][PASSED] - setEncryptedText(findTestObject(orPath_TaxInfo + "//input_TaxInfo_FeinSsn_New_2"), "iGDxf8hSRT4="): Text ****** has been set on object 'Object Repository/RAD_Pages/TaxInfo_Page//input_TaxInfo_FeinSsn_New_2'

2024-02-03 23:04:05 - [MESSAGE][PASSED] - Text ****** has been set on object 'Object Repository/RAD_Pages/TaxInfo_Page//input_TaxInfo_FeinSsn_New_2'

2024-02-03 23:04:05 - [TEST_STEP][PASSED] - setEncryptedText(findTestObject(orPath_TaxInfo + "/input_TaxInfo_RetypeFeinSsn_New_2"), ""): Text ****** has been set on object 'Object Repository/RAD_Pages/TaxInfo_Page/input_TaxInfo_RetypeFeinSsn_New_2'

2024-02-03 23:04:06 - [MESSAGE][PASSED] - Text ****** has been set on object 'Object Repository/RAD_Pages/TaxInfo_Page/input_TaxInfo_RetypeFeinSsn_New_2'

2024-02-03 23:04:06 - [TEST_STEP][PASSED] - break: null

2024-02-03 23:04:06 - [TEST_STEP][PASSED] - if (feinSsn.equalsIgnoreCase("Y")): null

2024-02-03 23:04:06 - [TEST_STEP][PASSED] - if (verifyTextPresent("Please enter a valid FEIN/SSN with 9 digits", true)): null

2024-02-03 23:04:07 - [MESSAGE][PASSED] - Text 'Please enter a valid FEIN/SSN with 9 digits' is present on page  using regular expression

2024-02-03 23:04:07 - [TEST_STEP][PASSED] - println("Error Message is present on the page"): null

2024-02-03 23:04:07 - [TEST_STEP][PASSED] - out.println("Pass Record Number: " + row): null

2024-02-03 23:04:07 - [TEST_STEP][PASSED] - resText = "Pass": null

2024-02-03 23:04:07 - [TEST_STEP][PASSED] - pages.WriteExcel.demoKey(resText, datText, resColumn, datCloumn, fileLoc, nameSheet, row): pages.WriteExcel.demoKey is PASSED

2024-02-03 23:04:07 - [MESSAGE][PASSED] - pages.WriteExcel.demoKey is PASSED

2024-02-03 23:04:07 - [TEST_STEP][PASSED] - ExecuteTC = findTestData(dataFile).getValue("Execute", row): null

2024-02-03 23:04:07 - [TEST_STEP][PASSED] - Taxtype = findTestData(dataFile).getValue("TaxType", row): null

2024-02-03 23:04:07 - [TEST_STEP][PASSED] - Paymenttype = findTestData(dataFile).getValue("PaymentType", row): null

2024-02-03 23:04:07 - [TEST_STEP][PASSED] - feinSsn = findTestData(dataFile).getValue("FEINSSN", row): null

2024-02-03 23:04:07 - [TEST_STEP][PASSED] - out.println("Value of Execute is : " + ExecuteTC): null

2024-02-03 23:04:07 - [TEST_STEP][PASSED] - if (ExecuteTC.equalsIgnoreCase("Y")): null

2024-02-03 23:04:07 - [TEST_STEP][PASSED] - out.println("Begin Record Number: " + row): null

2024-02-03 23:04:07 - [TEST_STEP][PASSED] - today = new java.util.Date(): null

2024-02-03 23:04:07 - [TEST_STEP][PASSED] - println(today): null

2024-02-03 23:04:07 - [TEST_STEP][PASSED] - datText = today: null

2024-02-03 23:04:07 - [TEST_STEP][PASSED] - Taxtype = findTestData(dataFile).getValue("TaxType", row): null

2024-02-03 23:04:07 - [TEST_STEP][PASSED] - out.println("Taxtype value is : " + Taxtype): null

2024-02-03 23:04:07 - [TEST_STEP][PASSED] - openBrowser(""): Browser is opened with url: ''

2024-02-03 23:04:07 - [MESSAGE][WARNING] - A browser is already opened. Closing browser and opening a new one

2024-02-03 23:04:08 - [MESSAGE][INFO] - Starting 'Chrome' driver

2024-02-03 23:04:08 - [MESSAGE][INFO] - User set preference: ['acceptInsecureCerts', 'true']

2024-02-03 23:04:08 - [MESSAGE][INFO] - Action delay is set to 0 milliseconds

2024-02-03 23:04:10 - [MESSAGE][PASSED] - Browser is opened with url: ''

2024-02-03 23:04:10 - [TEST_STEP][PASSED] - maximizeWindow(): Current window maximized

2024-02-03 23:04:10 - [MESSAGE][PASSED] - Current window maximized

2024-02-03 23:04:10 - [TEST_STEP][PASSED] - navigateToUrl(RADurl): Navigate to 'https://qa2.velocitypayment.com/client/rad/index.html' successfully

2024-02-03 23:04:10 - [MESSAGE][PASSED] - Navigate to 'https://qa2.velocitypayment.com/client/rad/index.html' successfully

2024-02-03 23:04:10 - [TEST_STEP][PASSED] - orPath_Landing = "Object Repository/RAD_Pages/Landing_Page": null

2024-02-03 23:04:10 - [TEST_STEP][PASSED] - orPath_TaxTypeFilingYear = "Object Repository/RAD_Pages/TaxTypeFilingYear_Page": null

2024-02-03 23:04:10 - [TEST_STEP][PASSED] - orPath_TaxPayer = "Object Repository/RAD_Pages/Taxpayer_Page": null

2024-02-03 23:04:10 - [TEST_STEP][PASSED] - orPath_AddressContact = "Object Repository/RAD_Pages/AddressAndContactInfo_Page": null

2024-02-03 23:04:10 - [TEST_STEP][PASSED] - orPath_FilingStatus = "Object Repository/RAD_Pages/FilingStatus_Page": null

2024-02-03 23:04:10 - [TEST_STEP][PASSED] - orPath_Amount = "Object Repository/RAD_Pages/PaymentAmount_Page": null

2024-02-03 23:04:10 - [TEST_STEP][PASSED] - orPath_TaxInfo = "Object Repository/RAD_Pages/TaxInfo_Page": null

2024-02-03 23:04:10 - [TEST_STEP][PASSED] - orPath_Withholding = "Object Repository/RAD_Pages/Withholding_Page": null

2024-02-03 23:04:10 - [TEST_STEP][PASSED] - orPath_Summary = "Object Repository/RAD_Pages/Summary_Page": null

2024-02-03 23:04:10 - [TEST_STEP][PASSED] - orPath_PaymentReady = "Object Repository/RAD_Pages/PaymentReady_Page": null

2024-02-03 23:04:10 - [TEST_STEP][PASSED] - orPath_PaymentEntry = "Object Repository/RAD_Pages/PaymentEntry_Page": null

2024-02-03 23:04:10 - [TEST_STEP][PASSED] - orPath_PaymentConfirmation = "Object Repository/RAD_Pages/PaymentConfirmation_Page": null

2024-02-03 23:04:10 - [TEST_STEP][PASSED] - orPath_ServiceFeesAccept = "Object Repository/RAD_Pages/ServiceFeeAccept_Page": null

2024-02-03 23:04:10 - [TEST_STEP][PASSED] - selectOptionByLabel(findTestObject(orPath_Landing + "/dd_TaxType"), Paymenttype, false): All options with label 'New Tax Return Amount Due' are selected in object 'Object Repository/RAD_Pages/Landing_Page/dd_TaxType' 

2024-02-03 23:04:12 - [MESSAGE][PASSED] - All options with label 'New Tax Return Amount Due' are selected in object 'Object Repository/RAD_Pages/Landing_Page/dd_TaxType' 

2024-02-03 23:04:12 - [TEST_STEP][PASSED] - delay(1): Delayed 1 second(s)

2024-02-03 23:04:13 - [MESSAGE][PASSED] - Delayed 1 second(s)

2024-02-03 23:04:13 - [TEST_STEP][PASSED] - switch (Paymenttype): null

2024-02-03 23:04:13 - [TEST_STEP][PASSED] - case "New Tax Return Amount Due":: null

2024-02-03 23:04:13 - [TEST_STEP][PASSED] - selectOptionByLabel(findTestObject("Object Repository/RAD_Pages/Landing_Page/select_NewTaxReturnAmountDue_TaxType"), Taxtype, false): All options with label 'PTE Non-Electing S Corp' are selected in object 'Object Repository/RAD_Pages/Landing_Page/select_NewTaxReturnAmountDue_TaxType' 

2024-02-03 23:04:14 - [MESSAGE][PASSED] - All options with label 'PTE Non-Electing S Corp' are selected in object 'Object Repository/RAD_Pages/Landing_Page/select_NewTaxReturnAmountDue_TaxType' 

2024-02-03 23:04:14 - [TEST_STEP][PASSED] - break: null

2024-02-03 23:04:14 - [TEST_STEP][PASSED] - delay(1): Delayed 1 second(s)

2024-02-03 23:04:15 - [MESSAGE][PASSED] - Delayed 1 second(s)

2024-02-03 23:04:15 - [TEST_STEP][PASSED] - switch (Paymenttype): null

2024-02-03 23:04:15 - [TEST_STEP][PASSED] - case "New Tax Return Amount Due":: null

2024-02-03 23:04:15 - [TEST_STEP][PASSED] - if (feinSsn.equalsIgnoreCase("Y")): Text ****** has been set on object 'Object Repository/RAD_Pages/TaxInfo_Page/input_TaxInfo_RetypeFeinSsn_New_2'

2024-02-03 23:04:15 - [TEST_STEP][PASSED] - setEncryptedText(findTestObject(orPath_TaxInfo + "//input_TaxInfo_FeinSsn_New_2"), "iGDxf8hSRT4="): Text ****** has been set on object 'Object Repository/RAD_Pages/TaxInfo_Page//input_TaxInfo_FeinSsn_New_2'

2024-02-03 23:04:15 - [MESSAGE][PASSED] - Text ****** has been set on object 'Object Repository/RAD_Pages/TaxInfo_Page//input_TaxInfo_FeinSsn_New_2'

2024-02-03 23:04:15 - [TEST_STEP][PASSED] - setEncryptedText(findTestObject(orPath_TaxInfo + "/input_TaxInfo_RetypeFeinSsn_New_2"), ""): Text ****** has been set on object 'Object Repository/RAD_Pages/TaxInfo_Page/input_TaxInfo_RetypeFeinSsn_New_2'

2024-02-03 23:04:16 - [MESSAGE][PASSED] - Text ****** has been set on object 'Object Repository/RAD_Pages/TaxInfo_Page/input_TaxInfo_RetypeFeinSsn_New_2'

2024-02-03 23:04:16 - [TEST_STEP][PASSED] - break: null

2024-02-03 23:04:16 - [TEST_STEP][PASSED] - if (feinSsn.equalsIgnoreCase("Y")): null

2024-02-03 23:04:16 - [TEST_STEP][PASSED] - if (verifyTextPresent("Please enter a valid FEIN/SSN with 9 digits", true)): null

2024-02-03 23:04:17 - [MESSAGE][PASSED] - Text 'Please enter a valid FEIN/SSN with 9 digits' is present on page  using regular expression

2024-02-03 23:04:17 - [TEST_STEP][PASSED] - println("Error Message is present on the page"): null

2024-02-03 23:04:17 - [TEST_STEP][PASSED] - out.println("Pass Record Number: " + row): null

2024-02-03 23:04:17 - [TEST_STEP][PASSED] - resText = "Pass": null

2024-02-03 23:04:17 - [TEST_STEP][PASSED] - pages.WriteExcel.demoKey(resText, datText, resColumn, datCloumn, fileLoc, nameSheet, row): pages.WriteExcel.demoKey is PASSED

2024-02-03 23:04:17 - [MESSAGE][PASSED] - pages.WriteExcel.demoKey is PASSED

2024-02-03 23:04:17 - [TEST_STEP][PASSED] - ExecuteTC = findTestData(dataFile).getValue("Execute", row): null

2024-02-03 23:04:17 - [TEST_STEP][PASSED] - Taxtype = findTestData(dataFile).getValue("TaxType", row): null

2024-02-03 23:04:17 - [TEST_STEP][PASSED] - Paymenttype = findTestData(dataFile).getValue("PaymentType", row): null

2024-02-03 23:04:17 - [TEST_STEP][PASSED] - feinSsn = findTestData(dataFile).getValue("FEINSSN", row): null

2024-02-03 23:04:17 - [TEST_STEP][PASSED] - out.println("Value of Execute is : " + ExecuteTC): null

2024-02-03 23:04:17 - [TEST_STEP][PASSED] - if (ExecuteTC.equalsIgnoreCase("Y")): null

2024-02-03 23:04:17 - [TEST_STEP][PASSED] - out.println("Begin Record Number: " + row): null

2024-02-03 23:04:17 - [TEST_STEP][PASSED] - today = new java.util.Date(): null

2024-02-03 23:04:17 - [TEST_STEP][PASSED] - println(today): null

2024-02-03 23:04:17 - [TEST_STEP][PASSED] - datText = today: null

2024-02-03 23:04:17 - [TEST_STEP][PASSED] - Taxtype = findTestData(dataFile).getValue("TaxType", row): null

2024-02-03 23:04:17 - [TEST_STEP][PASSED] - out.println("Taxtype value is : " + Taxtype): null

2024-02-03 23:04:17 - [TEST_STEP][PASSED] - openBrowser(""): Browser is opened with url: ''

2024-02-03 23:04:17 - [MESSAGE][WARNING] - A browser is already opened. Closing browser and opening a new one

2024-02-03 23:04:18 - [MESSAGE][INFO] - Starting 'Chrome' driver

2024-02-03 23:04:18 - [MESSAGE][INFO] - User set preference: ['acceptInsecureCerts', 'true']

2024-02-03 23:04:18 - [MESSAGE][INFO] - Action delay is set to 0 milliseconds

2024-02-03 23:04:20 - [MESSAGE][PASSED] - Browser is opened with url: ''

2024-02-03 23:04:20 - [TEST_STEP][PASSED] - maximizeWindow(): Current window maximized

2024-02-03 23:04:20 - [MESSAGE][PASSED] - Current window maximized

2024-02-03 23:04:20 - [TEST_STEP][PASSED] - navigateToUrl(RADurl): Navigate to 'https://qa2.velocitypayment.com/client/rad/index.html' successfully

2024-02-03 23:04:21 - [MESSAGE][PASSED] - Navigate to 'https://qa2.velocitypayment.com/client/rad/index.html' successfully

2024-02-03 23:04:21 - [TEST_STEP][PASSED] - orPath_Landing = "Object Repository/RAD_Pages/Landing_Page": null

2024-02-03 23:04:21 - [TEST_STEP][PASSED] - orPath_TaxTypeFilingYear = "Object Repository/RAD_Pages/TaxTypeFilingYear_Page": null

2024-02-03 23:04:21 - [TEST_STEP][PASSED] - orPath_TaxPayer = "Object Repository/RAD_Pages/Taxpayer_Page": null

2024-02-03 23:04:21 - [TEST_STEP][PASSED] - orPath_AddressContact = "Object Repository/RAD_Pages/AddressAndContactInfo_Page": null

2024-02-03 23:04:21 - [TEST_STEP][PASSED] - orPath_FilingStatus = "Object Repository/RAD_Pages/FilingStatus_Page": null

2024-02-03 23:04:21 - [TEST_STEP][PASSED] - orPath_Amount = "Object Repository/RAD_Pages/PaymentAmount_Page": null

2024-02-03 23:04:21 - [TEST_STEP][PASSED] - orPath_TaxInfo = "Object Repository/RAD_Pages/TaxInfo_Page": null

2024-02-03 23:04:21 - [TEST_STEP][PASSED] - orPath_Withholding = "Object Repository/RAD_Pages/Withholding_Page": null

2024-02-03 23:04:21 - [TEST_STEP][PASSED] - orPath_Summary = "Object Repository/RAD_Pages/Summary_Page": null

2024-02-03 23:04:21 - [TEST_STEP][PASSED] - orPath_PaymentReady = "Object Repository/RAD_Pages/PaymentReady_Page": null

2024-02-03 23:04:21 - [TEST_STEP][PASSED] - orPath_PaymentEntry = "Object Repository/RAD_Pages/PaymentEntry_Page": null

2024-02-03 23:04:21 - [TEST_STEP][PASSED] - orPath_PaymentConfirmation = "Object Repository/RAD_Pages/PaymentConfirmation_Page": null

2024-02-03 23:04:21 - [TEST_STEP][PASSED] - orPath_ServiceFeesAccept = "Object Repository/RAD_Pages/ServiceFeeAccept_Page": null

2024-02-03 23:04:21 - [TEST_STEP][PASSED] - selectOptionByLabel(findTestObject(orPath_Landing + "/dd_TaxType"), Paymenttype, false): All options with label 'New Tax Return Amount Due' are selected in object 'Object Repository/RAD_Pages/Landing_Page/dd_TaxType' 

2024-02-03 23:04:22 - [MESSAGE][PASSED] - All options with label 'New Tax Return Amount Due' are selected in object 'Object Repository/RAD_Pages/Landing_Page/dd_TaxType' 

2024-02-03 23:04:22 - [TEST_STEP][PASSED] - delay(1): Delayed 1 second(s)

2024-02-03 23:04:23 - [MESSAGE][PASSED] - Delayed 1 second(s)

2024-02-03 23:04:23 - [TEST_STEP][PASSED] - switch (Paymenttype): null

2024-02-03 23:04:23 - [TEST_STEP][PASSED] - case "New Tax Return Amount Due":: null

2024-02-03 23:04:23 - [TEST_STEP][PASSED] - selectOptionByLabel(findTestObject("Object Repository/RAD_Pages/Landing_Page/select_NewTaxReturnAmountDue_TaxType"), Taxtype, false): All options with label 'PTE Tax Electing Non-S Corp' are selected in object 'Object Repository/RAD_Pages/Landing_Page/select_NewTaxReturnAmountDue_TaxType' 

2024-02-03 23:04:24 - [MESSAGE][PASSED] - All options with label 'PTE Tax Electing Non-S Corp' are selected in object 'Object Repository/RAD_Pages/Landing_Page/select_NewTaxReturnAmountDue_TaxType' 

2024-02-03 23:04:24 - [TEST_STEP][PASSED] - break: null

2024-02-03 23:04:24 - [TEST_STEP][PASSED] - delay(1): Delayed 1 second(s)

2024-02-03 23:04:25 - [MESSAGE][PASSED] - Delayed 1 second(s)

2024-02-03 23:04:25 - [TEST_STEP][PASSED] - switch (Paymenttype): null

2024-02-03 23:04:25 - [TEST_STEP][PASSED] - case "New Tax Return Amount Due":: null

2024-02-03 23:04:25 - [TEST_STEP][PASSED] - if (feinSsn.equalsIgnoreCase("Y")): Text ****** has been set on object 'Object Repository/RAD_Pages/TaxInfo_Page/input_TaxInfo_RetypeFeinSsn_New_2'

2024-02-03 23:04:25 - [TEST_STEP][PASSED] - setEncryptedText(findTestObject(orPath_TaxInfo + "//input_TaxInfo_FeinSsn_New_2"), "iGDxf8hSRT4="): Text ****** has been set on object 'Object Repository/RAD_Pages/TaxInfo_Page//input_TaxInfo_FeinSsn_New_2'

2024-02-03 23:04:25 - [MESSAGE][PASSED] - Text ****** has been set on object 'Object Repository/RAD_Pages/TaxInfo_Page//input_TaxInfo_FeinSsn_New_2'

2024-02-03 23:04:25 - [TEST_STEP][PASSED] - setEncryptedText(findTestObject(orPath_TaxInfo + "/input_TaxInfo_RetypeFeinSsn_New_2"), ""): Text ****** has been set on object 'Object Repository/RAD_Pages/TaxInfo_Page/input_TaxInfo_RetypeFeinSsn_New_2'

2024-02-03 23:04:26 - [MESSAGE][PASSED] - Text ****** has been set on object 'Object Repository/RAD_Pages/TaxInfo_Page/input_TaxInfo_RetypeFeinSsn_New_2'

2024-02-03 23:04:26 - [TEST_STEP][PASSED] - break: null

2024-02-03 23:04:26 - [TEST_STEP][PASSED] - if (feinSsn.equalsIgnoreCase("Y")): null

2024-02-03 23:04:26 - [TEST_STEP][PASSED] - if (verifyTextPresent("Please enter a valid FEIN/SSN with 9 digits", true)): null

2024-02-03 23:04:27 - [MESSAGE][PASSED] - Text 'Please enter a valid FEIN/SSN with 9 digits' is present on page  using regular expression

2024-02-03 23:04:27 - [TEST_STEP][PASSED] - println("Error Message is present on the page"): null

2024-02-03 23:04:27 - [TEST_STEP][PASSED] - out.println("Pass Record Number: " + row): null

2024-02-03 23:04:27 - [TEST_STEP][PASSED] - resText = "Pass": null

2024-02-03 23:04:27 - [TEST_STEP][PASSED] - pages.WriteExcel.demoKey(resText, datText, resColumn, datCloumn, fileLoc, nameSheet, row): pages.WriteExcel.demoKey is PASSED

2024-02-03 23:04:27 - [MESSAGE][PASSED] - pages.WriteExcel.demoKey is PASSED

2024-02-03 23:04:27 - [TEST_STEP][PASSED] - ExecuteTC = findTestData(dataFile).getValue("Execute", row): null

2024-02-03 23:04:27 - [TEST_STEP][PASSED] - Taxtype = findTestData(dataFile).getValue("TaxType", row): null

2024-02-03 23:04:27 - [TEST_STEP][PASSED] - Paymenttype = findTestData(dataFile).getValue("PaymentType", row): null

2024-02-03 23:04:27 - [TEST_STEP][PASSED] - feinSsn = findTestData(dataFile).getValue("FEINSSN", row): null

2024-02-03 23:04:27 - [TEST_STEP][PASSED] - out.println("Value of Execute is : " + ExecuteTC): null

2024-02-03 23:04:27 - [TEST_STEP][PASSED] - if (ExecuteTC.equalsIgnoreCase("Y")): null

2024-02-03 23:04:27 - [TEST_STEP][PASSED] - out.println("Begin Record Number: " + row): null

2024-02-03 23:04:27 - [TEST_STEP][PASSED] - today = new java.util.Date(): null

2024-02-03 23:04:27 - [TEST_STEP][PASSED] - println(today): null

2024-02-03 23:04:27 - [TEST_STEP][PASSED] - datText = today: null

2024-02-03 23:04:27 - [TEST_STEP][PASSED] - Taxtype = findTestData(dataFile).getValue("TaxType", row): null

2024-02-03 23:04:27 - [TEST_STEP][PASSED] - out.println("Taxtype value is : " + Taxtype): null

2024-02-03 23:04:27 - [TEST_STEP][PASSED] - openBrowser(""): Browser is opened with url: ''

2024-02-03 23:04:27 - [MESSAGE][WARNING] - A browser is already opened. Closing browser and opening a new one

2024-02-03 23:04:28 - [MESSAGE][INFO] - Starting 'Chrome' driver

2024-02-03 23:04:28 - [MESSAGE][INFO] - User set preference: ['acceptInsecureCerts', 'true']

2024-02-03 23:04:28 - [MESSAGE][INFO] - Action delay is set to 0 milliseconds

2024-02-03 23:04:30 - [MESSAGE][PASSED] - Browser is opened with url: ''

2024-02-03 23:04:30 - [TEST_STEP][PASSED] - maximizeWindow(): Current window maximized

2024-02-03 23:04:30 - [MESSAGE][PASSED] - Current window maximized

2024-02-03 23:04:30 - [TEST_STEP][PASSED] - navigateToUrl(RADurl): Navigate to 'https://qa2.velocitypayment.com/client/rad/index.html' successfully

2024-02-03 23:04:32 - [MESSAGE][PASSED] - Navigate to 'https://qa2.velocitypayment.com/client/rad/index.html' successfully

2024-02-03 23:04:32 - [TEST_STEP][PASSED] - orPath_Landing = "Object Repository/RAD_Pages/Landing_Page": null

2024-02-03 23:04:32 - [TEST_STEP][PASSED] - orPath_TaxTypeFilingYear = "Object Repository/RAD_Pages/TaxTypeFilingYear_Page": null

2024-02-03 23:04:32 - [TEST_STEP][PASSED] - orPath_TaxPayer = "Object Repository/RAD_Pages/Taxpayer_Page": null

2024-02-03 23:04:32 - [TEST_STEP][PASSED] - orPath_AddressContact = "Object Repository/RAD_Pages/AddressAndContactInfo_Page": null

2024-02-03 23:04:32 - [TEST_STEP][PASSED] - orPath_FilingStatus = "Object Repository/RAD_Pages/FilingStatus_Page": null

2024-02-03 23:04:32 - [TEST_STEP][PASSED] - orPath_Amount = "Object Repository/RAD_Pages/PaymentAmount_Page": null

2024-02-03 23:04:32 - [TEST_STEP][PASSED] - orPath_TaxInfo = "Object Repository/RAD_Pages/TaxInfo_Page": null

2024-02-03 23:04:32 - [TEST_STEP][PASSED] - orPath_Withholding = "Object Repository/RAD_Pages/Withholding_Page": null

2024-02-03 23:04:32 - [TEST_STEP][PASSED] - orPath_Summary = "Object Repository/RAD_Pages/Summary_Page": null

2024-02-03 23:04:32 - [TEST_STEP][PASSED] - orPath_PaymentReady = "Object Repository/RAD_Pages/PaymentReady_Page": null

2024-02-03 23:04:32 - [TEST_STEP][PASSED] - orPath_PaymentEntry = "Object Repository/RAD_Pages/PaymentEntry_Page": null

2024-02-03 23:04:32 - [TEST_STEP][PASSED] - orPath_PaymentConfirmation = "Object Repository/RAD_Pages/PaymentConfirmation_Page": null

2024-02-03 23:04:32 - [TEST_STEP][PASSED] - orPath_ServiceFeesAccept = "Object Repository/RAD_Pages/ServiceFeeAccept_Page": null

2024-02-03 23:04:32 - [TEST_STEP][PASSED] - selectOptionByLabel(findTestObject(orPath_Landing + "/dd_TaxType"), Paymenttype, false): All options with label 'New Tax Return Amount Due' are selected in object 'Object Repository/RAD_Pages/Landing_Page/dd_TaxType' 

2024-02-03 23:04:32 - [MESSAGE][PASSED] - All options with label 'New Tax Return Amount Due' are selected in object 'Object Repository/RAD_Pages/Landing_Page/dd_TaxType' 

2024-02-03 23:04:32 - [TEST_STEP][PASSED] - delay(1): Delayed 1 second(s)

2024-02-03 23:04:33 - [MESSAGE][PASSED] - Delayed 1 second(s)

2024-02-03 23:04:33 - [TEST_STEP][PASSED] - switch (Paymenttype): null

2024-02-03 23:04:33 - [TEST_STEP][PASSED] - case "New Tax Return Amount Due":: null

2024-02-03 23:04:33 - [TEST_STEP][PASSED] - selectOptionByLabel(findTestObject("Object Repository/RAD_Pages/Landing_Page/select_NewTaxReturnAmountDue_TaxType"), Taxtype, false): All options with label 'PTE Tax Electing S Corp' are selected in object 'Object Repository/RAD_Pages/Landing_Page/select_NewTaxReturnAmountDue_TaxType' 

2024-02-03 23:04:34 - [MESSAGE][PASSED] - All options with label 'PTE Tax Electing S Corp' are selected in object 'Object Repository/RAD_Pages/Landing_Page/select_NewTaxReturnAmountDue_TaxType' 

2024-02-03 23:04:34 - [TEST_STEP][PASSED] - break: null

2024-02-03 23:04:34 - [TEST_STEP][PASSED] - delay(1): Delayed 1 second(s)

2024-02-03 23:04:35 - [MESSAGE][PASSED] - Delayed 1 second(s)

2024-02-03 23:04:35 - [TEST_STEP][PASSED] - switch (Paymenttype): null

2024-02-03 23:04:35 - [TEST_STEP][PASSED] - case "New Tax Return Amount Due":: null

2024-02-03 23:04:35 - [TEST_STEP][PASSED] - if (feinSsn.equalsIgnoreCase("Y")): Text ****** has been set on object 'Object Repository/RAD_Pages/TaxInfo_Page/input_TaxInfo_RetypeFeinSsn_New_2'

2024-02-03 23:04:35 - [TEST_STEP][PASSED] - setEncryptedText(findTestObject(orPath_TaxInfo + "//input_TaxInfo_FeinSsn_New_2"), "iGDxf8hSRT4="): Text ****** has been set on object 'Object Repository/RAD_Pages/TaxInfo_Page//input_TaxInfo_FeinSsn_New_2'

2024-02-03 23:04:35 - [MESSAGE][PASSED] - Text ****** has been set on object 'Object Repository/RAD_Pages/TaxInfo_Page//input_TaxInfo_FeinSsn_New_2'

2024-02-03 23:04:35 - [TEST_STEP][PASSED] - setEncryptedText(findTestObject(orPath_TaxInfo + "/input_TaxInfo_RetypeFeinSsn_New_2"), ""): Text ****** has been set on object 'Object Repository/RAD_Pages/TaxInfo_Page/input_TaxInfo_RetypeFeinSsn_New_2'

2024-02-03 23:04:36 - [MESSAGE][PASSED] - Text ****** has been set on object 'Object Repository/RAD_Pages/TaxInfo_Page/input_TaxInfo_RetypeFeinSsn_New_2'

2024-02-03 23:04:36 - [TEST_STEP][PASSED] - break: null

2024-02-03 23:04:36 - [TEST_STEP][PASSED] - if (feinSsn.equalsIgnoreCase("Y")): null

2024-02-03 23:04:36 - [TEST_STEP][PASSED] - if (verifyTextPresent("Please enter a valid FEIN/SSN with 9 digits", true)): null

2024-02-03 23:04:37 - [MESSAGE][PASSED] - Text 'Please enter a valid FEIN/SSN with 9 digits' is present on page  using regular expression

2024-02-03 23:04:37 - [TEST_STEP][PASSED] - println("Error Message is present on the page"): null

2024-02-03 23:04:37 - [TEST_STEP][PASSED] - out.println("Pass Record Number: " + row): null

2024-02-03 23:04:37 - [TEST_STEP][PASSED] - resText = "Pass": null

2024-02-03 23:04:37 - [TEST_STEP][PASSED] - pages.WriteExcel.demoKey(resText, datText, resColumn, datCloumn, fileLoc, nameSheet, row): pages.WriteExcel.demoKey is PASSED

2024-02-03 23:04:37 - [MESSAGE][PASSED] - pages.WriteExcel.demoKey is PASSED

2024-02-03 23:04:37 - [TEST_STEP][PASSED] - ExecuteTC = findTestData(dataFile).getValue("Execute", row): null

2024-02-03 23:04:37 - [TEST_STEP][PASSED] - Taxtype = findTestData(dataFile).getValue("TaxType", row): null

2024-02-03 23:04:37 - [TEST_STEP][PASSED] - Paymenttype = findTestData(dataFile).getValue("PaymentType", row): null

2024-02-03 23:04:37 - [TEST_STEP][PASSED] - feinSsn = findTestData(dataFile).getValue("FEINSSN", row): null

2024-02-03 23:04:37 - [TEST_STEP][PASSED] - out.println("Value of Execute is : " + ExecuteTC): null

2024-02-03 23:04:37 - [TEST_STEP][PASSED] - if (ExecuteTC.equalsIgnoreCase("Y")): null

2024-02-03 23:04:37 - [TEST_STEP][PASSED] - out.println("Begin Record Number: " + row): null

2024-02-03 23:04:37 - [TEST_STEP][PASSED] - today = new java.util.Date(): null

2024-02-03 23:04:37 - [TEST_STEP][PASSED] - println(today): null

2024-02-03 23:04:37 - [TEST_STEP][PASSED] - datText = today: null

2024-02-03 23:04:37 - [TEST_STEP][PASSED] - Taxtype = findTestData(dataFile).getValue("TaxType", row): null

2024-02-03 23:04:37 - [TEST_STEP][PASSED] - out.println("Taxtype value is : " + Taxtype): null

2024-02-03 23:04:37 - [TEST_STEP][PASSED] - openBrowser(""): Browser is opened with url: ''

2024-02-03 23:04:37 - [MESSAGE][WARNING] - A browser is already opened. Closing browser and opening a new one

2024-02-03 23:04:38 - [MESSAGE][INFO] - Starting 'Chrome' driver

2024-02-03 23:04:38 - [MESSAGE][INFO] - User set preference: ['acceptInsecureCerts', 'true']

2024-02-03 23:04:38 - [MESSAGE][INFO] - Action delay is set to 0 milliseconds

2024-02-03 23:04:40 - [MESSAGE][PASSED] - Browser is opened with url: ''

2024-02-03 23:04:40 - [TEST_STEP][PASSED] - maximizeWindow(): Current window maximized

2024-02-03 23:04:40 - [MESSAGE][PASSED] - Current window maximized

2024-02-03 23:04:40 - [TEST_STEP][PASSED] - navigateToUrl(RADurl): Navigate to 'https://qa2.velocitypayment.com/client/rad/index.html' successfully

2024-02-03 23:04:42 - [MESSAGE][PASSED] - Navigate to 'https://qa2.velocitypayment.com/client/rad/index.html' successfully

2024-02-03 23:04:42 - [TEST_STEP][PASSED] - orPath_Landing = "Object Repository/RAD_Pages/Landing_Page": null

2024-02-03 23:04:42 - [TEST_STEP][PASSED] - orPath_TaxTypeFilingYear = "Object Repository/RAD_Pages/TaxTypeFilingYear_Page": null

2024-02-03 23:04:42 - [TEST_STEP][PASSED] - orPath_TaxPayer = "Object Repository/RAD_Pages/Taxpayer_Page": null

2024-02-03 23:04:42 - [TEST_STEP][PASSED] - orPath_AddressContact = "Object Repository/RAD_Pages/AddressAndContactInfo_Page": null

2024-02-03 23:04:42 - [TEST_STEP][PASSED] - orPath_FilingStatus = "Object Repository/RAD_Pages/FilingStatus_Page": null

2024-02-03 23:04:42 - [TEST_STEP][PASSED] - orPath_Amount = "Object Repository/RAD_Pages/PaymentAmount_Page": null

2024-02-03 23:04:42 - [TEST_STEP][PASSED] - orPath_TaxInfo = "Object Repository/RAD_Pages/TaxInfo_Page": null

2024-02-03 23:04:42 - [TEST_STEP][PASSED] - orPath_Withholding = "Object Repository/RAD_Pages/Withholding_Page": null

2024-02-03 23:04:42 - [TEST_STEP][PASSED] - orPath_Summary = "Object Repository/RAD_Pages/Summary_Page": null

2024-02-03 23:04:42 - [TEST_STEP][PASSED] - orPath_PaymentReady = "Object Repository/RAD_Pages/PaymentReady_Page": null

2024-02-03 23:04:42 - [TEST_STEP][PASSED] - orPath_PaymentEntry = "Object Repository/RAD_Pages/PaymentEntry_Page": null

2024-02-03 23:04:42 - [TEST_STEP][PASSED] - orPath_PaymentConfirmation = "Object Repository/RAD_Pages/PaymentConfirmation_Page": null

2024-02-03 23:04:42 - [TEST_STEP][PASSED] - orPath_ServiceFeesAccept = "Object Repository/RAD_Pages/ServiceFeeAccept_Page": null

2024-02-03 23:04:42 - [TEST_STEP][PASSED] - selectOptionByLabel(findTestObject(orPath_Landing + "/dd_TaxType"), Paymenttype, false): All options with label 'Existing Liability w/Notice Number' are selected in object 'Object Repository/RAD_Pages/Landing_Page/dd_TaxType' 

2024-02-03 23:04:42 - [MESSAGE][PASSED] - All options with label 'Existing Liability w/Notice Number' are selected in object 'Object Repository/RAD_Pages/Landing_Page/dd_TaxType' 

2024-02-03 23:04:42 - [TEST_STEP][PASSED] - delay(1): Delayed 1 second(s)

2024-02-03 23:04:43 - [MESSAGE][PASSED] - Delayed 1 second(s)

2024-02-03 23:04:43 - [TEST_STEP][PASSED] - switch (Paymenttype): null

2024-02-03 23:04:43 - [TEST_STEP][PASSED] - case "Existing Liability w/Notice Number":: null

2024-02-03 23:04:43 - [TEST_STEP][PASSED] - selectOptionByLabel(findTestObject(orPath_TaxTypeFilingYear + "/select_TaxType_ExistingLiability"), Taxtype, false): All options with label 'Admissions and Amusement Tax' are selected in object 'Object Repository/RAD_Pages/TaxTypeFilingYear_Page/select_TaxType_ExistingLiability' 

2024-02-03 23:04:44 - [MESSAGE][PASSED] - All options with label 'Admissions and Amusement Tax' are selected in object 'Object Repository/RAD_Pages/TaxTypeFilingYear_Page/select_TaxType_ExistingLiability' 

2024-02-03 23:04:44 - [TEST_STEP][PASSED] - break: null

2024-02-03 23:04:44 - [TEST_STEP][PASSED] - delay(1): Delayed 1 second(s)

2024-02-03 23:04:45 - [MESSAGE][PASSED] - Delayed 1 second(s)

2024-02-03 23:04:45 - [TEST_STEP][PASSED] - switch (Paymenttype): null

2024-02-03 23:04:45 - [TEST_STEP][PASSED] - case "Existing Liability w/Notice Number":: null

2024-02-03 23:04:45 - [TEST_STEP][PASSED] - if (feinSsn.equalsIgnoreCase("Y")): null

2024-02-03 23:04:45 - [TEST_STEP][PASSED] - else: Text ****** has been set on object 'Object Repository/RAD_RecordAndPlay/input_Existing_RetypeFEIN'

2024-02-03 23:04:45 - [TEST_STEP][PASSED] - setEncryptedText(findTestObject("Object Repository/RAD_RecordAndPlay/input_Existing_FEIN"), "iGDxf8hSRT4="): Text ****** has been set on object 'Object Repository/RAD_RecordAndPlay/input_Existing_FEIN'

2024-02-03 23:04:45 - [MESSAGE][PASSED] - Text ****** has been set on object 'Object Repository/RAD_RecordAndPlay/input_Existing_FEIN'

2024-02-03 23:04:45 - [TEST_STEP][PASSED] - setEncryptedText(findTestObject("Object Repository/RAD_RecordAndPlay/input_Existing_RetypeFEIN"), ""): Text ****** has been set on object 'Object Repository/RAD_RecordAndPlay/input_Existing_RetypeFEIN'

2024-02-03 23:04:46 - [MESSAGE][PASSED] - Text ****** has been set on object 'Object Repository/RAD_RecordAndPlay/input_Existing_RetypeFEIN'

2024-02-03 23:04:46 - [TEST_STEP][PASSED] - break: null

2024-02-03 23:04:46 - [TEST_STEP][PASSED] - if (feinSsn.equalsIgnoreCase("Y")): null

2024-02-03 23:04:46 - [TEST_STEP][PASSED] - else: null

2024-02-03 23:04:46 - [TEST_STEP][PASSED] - if (verifyTextPresent("Please enter a valid FEIN with 9 digits.", true)): null

2024-02-03 23:04:47 - [MESSAGE][PASSED] - Text 'Please enter a valid FEIN with 9 digits.' is present on page  using regular expression

2024-02-03 23:04:47 - [TEST_STEP][PASSED] - println("Error Message is present on the page"): null

2024-02-03 23:04:47 - [TEST_STEP][PASSED] - out.println("Pass Record Number: " + row): null

2024-02-03 23:04:47 - [TEST_STEP][PASSED] - resText = "Pass": null

2024-02-03 23:04:47 - [TEST_STEP][PASSED] - pages.WriteExcel.demoKey(resText, datText, resColumn, datCloumn, fileLoc, nameSheet, row): pages.WriteExcel.demoKey is PASSED

2024-02-03 23:04:47 - [MESSAGE][PASSED] - pages.WriteExcel.demoKey is PASSED

2024-02-03 23:04:47 - [TEST_STEP][PASSED] - ExecuteTC = findTestData(dataFile).getValue("Execute", row): null

2024-02-03 23:04:47 - [TEST_STEP][PASSED] - Taxtype = findTestData(dataFile).getValue("TaxType", row): null

2024-02-03 23:04:47 - [TEST_STEP][PASSED] - Paymenttype = findTestData(dataFile).getValue("PaymentType", row): null

2024-02-03 23:04:47 - [TEST_STEP][PASSED] - feinSsn = findTestData(dataFile).getValue("FEINSSN", row): null

2024-02-03 23:04:47 - [TEST_STEP][PASSED] - out.println("Value of Execute is : " + ExecuteTC): null

2024-02-03 23:04:47 - [TEST_STEP][PASSED] - if (ExecuteTC.equalsIgnoreCase("Y")): null

2024-02-03 23:04:47 - [TEST_STEP][PASSED] - out.println("Begin Record Number: " + row): null

2024-02-03 23:04:47 - [TEST_STEP][PASSED] - today = new java.util.Date(): null

2024-02-03 23:04:47 - [TEST_STEP][PASSED] - println(today): null

2024-02-03 23:04:47 - [TEST_STEP][PASSED] - datText = today: null

2024-02-03 23:04:47 - [TEST_STEP][PASSED] - Taxtype = findTestData(dataFile).getValue("TaxType", row): null

2024-02-03 23:04:47 - [TEST_STEP][PASSED] - out.println("Taxtype value is : " + Taxtype): null

2024-02-03 23:04:47 - [TEST_STEP][PASSED] - openBrowser(""): Browser is opened with url: ''

2024-02-03 23:04:47 - [MESSAGE][WARNING] - A browser is already opened. Closing browser and opening a new one

2024-02-03 23:04:48 - [MESSAGE][INFO] - Starting 'Chrome' driver

2024-02-03 23:04:48 - [MESSAGE][INFO] - User set preference: ['acceptInsecureCerts', 'true']

2024-02-03 23:04:48 - [MESSAGE][INFO] - Action delay is set to 0 milliseconds

2024-02-03 23:04:50 - [MESSAGE][PASSED] - Browser is opened with url: ''

2024-02-03 23:04:50 - [TEST_STEP][PASSED] - maximizeWindow(): Current window maximized

2024-02-03 23:04:50 - [MESSAGE][PASSED] - Current window maximized

2024-02-03 23:04:50 - [TEST_STEP][PASSED] - navigateToUrl(RADurl): Navigate to 'https://qa2.velocitypayment.com/client/rad/index.html' successfully

2024-02-03 23:04:52 - [MESSAGE][PASSED] - Navigate to 'https://qa2.velocitypayment.com/client/rad/index.html' successfully

2024-02-03 23:04:52 - [TEST_STEP][PASSED] - orPath_Landing = "Object Repository/RAD_Pages/Landing_Page": null

2024-02-03 23:04:52 - [TEST_STEP][PASSED] - orPath_TaxTypeFilingYear = "Object Repository/RAD_Pages/TaxTypeFilingYear_Page": null

2024-02-03 23:04:52 - [TEST_STEP][PASSED] - orPath_TaxPayer = "Object Repository/RAD_Pages/Taxpayer_Page": null

2024-02-03 23:04:52 - [TEST_STEP][PASSED] - orPath_AddressContact = "Object Repository/RAD_Pages/AddressAndContactInfo_Page": null

2024-02-03 23:04:52 - [TEST_STEP][PASSED] - orPath_FilingStatus = "Object Repository/RAD_Pages/FilingStatus_Page": null

2024-02-03 23:04:52 - [TEST_STEP][PASSED] - orPath_Amount = "Object Repository/RAD_Pages/PaymentAmount_Page": null

2024-02-03 23:04:52 - [TEST_STEP][PASSED] - orPath_TaxInfo = "Object Repository/RAD_Pages/TaxInfo_Page": null

2024-02-03 23:04:52 - [TEST_STEP][PASSED] - orPath_Withholding = "Object Repository/RAD_Pages/Withholding_Page": null

2024-02-03 23:04:52 - [TEST_STEP][PASSED] - orPath_Summary = "Object Repository/RAD_Pages/Summary_Page": null

2024-02-03 23:04:52 - [TEST_STEP][PASSED] - orPath_PaymentReady = "Object Repository/RAD_Pages/PaymentReady_Page": null

2024-02-03 23:04:52 - [TEST_STEP][PASSED] - orPath_PaymentEntry = "Object Repository/RAD_Pages/PaymentEntry_Page": null

2024-02-03 23:04:52 - [TEST_STEP][PASSED] - orPath_PaymentConfirmation = "Object Repository/RAD_Pages/PaymentConfirmation_Page": null

2024-02-03 23:04:52 - [TEST_STEP][PASSED] - orPath_ServiceFeesAccept = "Object Repository/RAD_Pages/ServiceFeeAccept_Page": null

2024-02-03 23:04:52 - [TEST_STEP][PASSED] - selectOptionByLabel(findTestObject(orPath_Landing + "/dd_TaxType"), Paymenttype, false): All options with label 'Existing Liability w/Notice Number' are selected in object 'Object Repository/RAD_Pages/Landing_Page/dd_TaxType' 

2024-02-03 23:04:53 - [MESSAGE][PASSED] - All options with label 'Existing Liability w/Notice Number' are selected in object 'Object Repository/RAD_Pages/Landing_Page/dd_TaxType' 

2024-02-03 23:04:53 - [TEST_STEP][PASSED] - delay(1): Delayed 1 second(s)

2024-02-03 23:04:54 - [MESSAGE][PASSED] - Delayed 1 second(s)

2024-02-03 23:04:54 - [TEST_STEP][PASSED] - switch (Paymenttype): null

2024-02-03 23:04:54 - [TEST_STEP][PASSED] - case "Existing Liability w/Notice Number":: null

2024-02-03 23:04:54 - [TEST_STEP][PASSED] - selectOptionByLabel(findTestObject(orPath_TaxTypeFilingYear + "/select_TaxType_ExistingLiability"), Taxtype, false): All options with label 'Motor Fuel Tax' are selected in object 'Object Repository/RAD_Pages/TaxTypeFilingYear_Page/select_TaxType_ExistingLiability' 

2024-02-03 23:04:54 - [MESSAGE][PASSED] - All options with label 'Motor Fuel Tax' are selected in object 'Object Repository/RAD_Pages/TaxTypeFilingYear_Page/select_TaxType_ExistingLiability' 

2024-02-03 23:04:54 - [TEST_STEP][PASSED] - break: null

2024-02-03 23:04:54 - [TEST_STEP][PASSED] - delay(1): Delayed 1 second(s)

2024-02-03 23:04:55 - [MESSAGE][PASSED] - Delayed 1 second(s)

2024-02-03 23:04:55 - [TEST_STEP][PASSED] - switch (Paymenttype): null

2024-02-03 23:04:55 - [TEST_STEP][PASSED] - case "Existing Liability w/Notice Number":: null

2024-02-03 23:04:55 - [TEST_STEP][PASSED] - if (feinSsn.equalsIgnoreCase("Y")): null

2024-02-03 23:04:55 - [TEST_STEP][PASSED] - else: Text ****** has been set on object 'Object Repository/RAD_RecordAndPlay/input_Existing_RetypeFEIN'

2024-02-03 23:04:55 - [TEST_STEP][PASSED] - setEncryptedText(findTestObject("Object Repository/RAD_RecordAndPlay/input_Existing_FEIN"), "iGDxf8hSRT4="): Text ****** has been set on object 'Object Repository/RAD_RecordAndPlay/input_Existing_FEIN'

2024-02-03 23:04:56 - [MESSAGE][PASSED] - Text ****** has been set on object 'Object Repository/RAD_RecordAndPlay/input_Existing_FEIN'

2024-02-03 23:04:56 - [TEST_STEP][PASSED] - setEncryptedText(findTestObject("Object Repository/RAD_RecordAndPlay/input_Existing_RetypeFEIN"), ""): Text ****** has been set on object 'Object Repository/RAD_RecordAndPlay/input_Existing_RetypeFEIN'

2024-02-03 23:04:56 - [MESSAGE][PASSED] - Text ****** has been set on object 'Object Repository/RAD_RecordAndPlay/input_Existing_RetypeFEIN'

2024-02-03 23:04:56 - [TEST_STEP][PASSED] - break: null

2024-02-03 23:04:56 - [TEST_STEP][PASSED] - if (feinSsn.equalsIgnoreCase("Y")): null

2024-02-03 23:04:56 - [TEST_STEP][PASSED] - else: null

2024-02-03 23:04:56 - [TEST_STEP][PASSED] - if (verifyTextPresent("Please enter a valid FEIN with 9 digits.", true)): null

2024-02-03 23:04:57 - [MESSAGE][PASSED] - Text 'Please enter a valid FEIN with 9 digits.' is present on page  using regular expression

2024-02-03 23:04:57 - [TEST_STEP][PASSED] - println("Error Message is present on the page"): null

2024-02-03 23:04:57 - [TEST_STEP][PASSED] - out.println("Pass Record Number: " + row): null

2024-02-03 23:04:57 - [TEST_STEP][PASSED] - resText = "Pass": null

2024-02-03 23:04:57 - [TEST_STEP][PASSED] - pages.WriteExcel.demoKey(resText, datText, resColumn, datCloumn, fileLoc, nameSheet, row): pages.WriteExcel.demoKey is PASSED

2024-02-03 23:04:57 - [MESSAGE][PASSED] - pages.WriteExcel.demoKey is PASSED

2024-02-03 23:04:57 - [TEST_STEP][PASSED] - ExecuteTC = findTestData(dataFile).getValue("Execute", row): null

2024-02-03 23:04:57 - [TEST_STEP][PASSED] - Taxtype = findTestData(dataFile).getValue("TaxType", row): null

2024-02-03 23:04:57 - [TEST_STEP][PASSED] - Paymenttype = findTestData(dataFile).getValue("PaymentType", row): null

2024-02-03 23:04:57 - [TEST_STEP][PASSED] - feinSsn = findTestData(dataFile).getValue("FEINSSN", row): null

2024-02-03 23:04:57 - [TEST_STEP][PASSED] - out.println("Value of Execute is : " + ExecuteTC): null

2024-02-03 23:04:57 - [TEST_STEP][PASSED] - if (ExecuteTC.equalsIgnoreCase("Y")): null

2024-02-03 23:04:57 - [TEST_STEP][PASSED] - out.println("Begin Record Number: " + row): null

2024-02-03 23:04:57 - [TEST_STEP][PASSED] - today = new java.util.Date(): null

2024-02-03 23:04:57 - [TEST_STEP][PASSED] - println(today): null

2024-02-03 23:04:57 - [TEST_STEP][PASSED] - datText = today: null

2024-02-03 23:04:57 - [TEST_STEP][PASSED] - Taxtype = findTestData(dataFile).getValue("TaxType", row): null

2024-02-03 23:04:57 - [TEST_STEP][PASSED] - out.println("Taxtype value is : " + Taxtype): null

2024-02-03 23:04:57 - [TEST_STEP][PASSED] - openBrowser(""): Browser is opened with url: ''

2024-02-03 23:04:57 - [MESSAGE][WARNING] - A browser is already opened. Closing browser and opening a new one

2024-02-03 23:04:58 - [MESSAGE][INFO] - Starting 'Chrome' driver

2024-02-03 23:04:58 - [MESSAGE][INFO] - User set preference: ['acceptInsecureCerts', 'true']

2024-02-03 23:04:58 - [MESSAGE][INFO] - Action delay is set to 0 milliseconds

2024-02-03 23:05:00 - [MESSAGE][PASSED] - Browser is opened with url: ''

2024-02-03 23:05:00 - [TEST_STEP][PASSED] - maximizeWindow(): Current window maximized

2024-02-03 23:05:00 - [MESSAGE][PASSED] - Current window maximized

2024-02-03 23:05:00 - [TEST_STEP][PASSED] - navigateToUrl(RADurl): Navigate to 'https://qa2.velocitypayment.com/client/rad/index.html' successfully

2024-02-03 23:05:02 - [MESSAGE][PASSED] - Navigate to 'https://qa2.velocitypayment.com/client/rad/index.html' successfully

2024-02-03 23:05:02 - [TEST_STEP][PASSED] - orPath_Landing = "Object Repository/RAD_Pages/Landing_Page": null

2024-02-03 23:05:02 - [TEST_STEP][PASSED] - orPath_TaxTypeFilingYear = "Object Repository/RAD_Pages/TaxTypeFilingYear_Page": null

2024-02-03 23:05:02 - [TEST_STEP][PASSED] - orPath_TaxPayer = "Object Repository/RAD_Pages/Taxpayer_Page": null

2024-02-03 23:05:02 - [TEST_STEP][PASSED] - orPath_AddressContact = "Object Repository/RAD_Pages/AddressAndContactInfo_Page": null

2024-02-03 23:05:02 - [TEST_STEP][PASSED] - orPath_FilingStatus = "Object Repository/RAD_Pages/FilingStatus_Page": null

2024-02-03 23:05:02 - [TEST_STEP][PASSED] - orPath_Amount = "Object Repository/RAD_Pages/PaymentAmount_Page": null

2024-02-03 23:05:02 - [TEST_STEP][PASSED] - orPath_TaxInfo = "Object Repository/RAD_Pages/TaxInfo_Page": null

2024-02-03 23:05:02 - [TEST_STEP][PASSED] - orPath_Withholding = "Object Repository/RAD_Pages/Withholding_Page": null

2024-02-03 23:05:02 - [TEST_STEP][PASSED] - orPath_Summary = "Object Repository/RAD_Pages/Summary_Page": null

2024-02-03 23:05:02 - [TEST_STEP][PASSED] - orPath_PaymentReady = "Object Repository/RAD_Pages/PaymentReady_Page": null

2024-02-03 23:05:02 - [TEST_STEP][PASSED] - orPath_PaymentEntry = "Object Repository/RAD_Pages/PaymentEntry_Page": null

2024-02-03 23:05:02 - [TEST_STEP][PASSED] - orPath_PaymentConfirmation = "Object Repository/RAD_Pages/PaymentConfirmation_Page": null

2024-02-03 23:05:02 - [TEST_STEP][PASSED] - orPath_ServiceFeesAccept = "Object Repository/RAD_Pages/ServiceFeeAccept_Page": null

2024-02-03 23:05:02 - [TEST_STEP][PASSED] - selectOptionByLabel(findTestObject(orPath_Landing + "/dd_TaxType"), Paymenttype, false): All options with label 'Existing Liability w/Notice Number' are selected in object 'Object Repository/RAD_Pages/Landing_Page/dd_TaxType' 

2024-02-03 23:05:03 - [MESSAGE][PASSED] - All options with label 'Existing Liability w/Notice Number' are selected in object 'Object Repository/RAD_Pages/Landing_Page/dd_TaxType' 

2024-02-03 23:05:03 - [TEST_STEP][PASSED] - delay(1): Delayed 1 second(s)

2024-02-03 23:05:04 - [MESSAGE][PASSED] - Delayed 1 second(s)

2024-02-03 23:05:04 - [TEST_STEP][PASSED] - switch (Paymenttype): null

2024-02-03 23:05:04 - [TEST_STEP][PASSED] - case "Existing Liability w/Notice Number":: null

2024-02-03 23:05:04 - [TEST_STEP][PASSED] - selectOptionByLabel(findTestObject(orPath_TaxTypeFilingYear + "/select_TaxType_ExistingLiability"), Taxtype, false): All options with label 'Slots License Fee' are selected in object 'Object Repository/RAD_Pages/TaxTypeFilingYear_Page/select_TaxType_ExistingLiability' 

2024-02-03 23:05:04 - [MESSAGE][PASSED] - All options with label 'Slots License Fee' are selected in object 'Object Repository/RAD_Pages/TaxTypeFilingYear_Page/select_TaxType_ExistingLiability' 

2024-02-03 23:05:04 - [TEST_STEP][PASSED] - break: null

2024-02-03 23:05:04 - [TEST_STEP][PASSED] - delay(1): Delayed 1 second(s)

2024-02-03 23:05:05 - [MESSAGE][PASSED] - Delayed 1 second(s)

2024-02-03 23:05:05 - [TEST_STEP][PASSED] - switch (Paymenttype): null

2024-02-03 23:05:05 - [TEST_STEP][PASSED] - case "Existing Liability w/Notice Number":: null

2024-02-03 23:05:05 - [TEST_STEP][PASSED] - if (feinSsn.equalsIgnoreCase("Y")): null

2024-02-03 23:05:05 - [TEST_STEP][PASSED] - else: Text ****** has been set on object 'Object Repository/RAD_RecordAndPlay/input_Existing_RetypeFEIN'

2024-02-03 23:05:05 - [TEST_STEP][PASSED] - setEncryptedText(findTestObject("Object Repository/RAD_RecordAndPlay/input_Existing_FEIN"), "iGDxf8hSRT4="): Text ****** has been set on object 'Object Repository/RAD_RecordAndPlay/input_Existing_FEIN'

2024-02-03 23:05:06 - [MESSAGE][PASSED] - Text ****** has been set on object 'Object Repository/RAD_RecordAndPlay/input_Existing_FEIN'

2024-02-03 23:05:06 - [TEST_STEP][PASSED] - setEncryptedText(findTestObject("Object Repository/RAD_RecordAndPlay/input_Existing_RetypeFEIN"), ""): Text ****** has been set on object 'Object Repository/RAD_RecordAndPlay/input_Existing_RetypeFEIN'

2024-02-03 23:05:07 - [MESSAGE][PASSED] - Text ****** has been set on object 'Object Repository/RAD_RecordAndPlay/input_Existing_RetypeFEIN'

2024-02-03 23:05:07 - [TEST_STEP][PASSED] - break: null

2024-02-03 23:05:07 - [TEST_STEP][PASSED] - if (feinSsn.equalsIgnoreCase("Y")): null

2024-02-03 23:05:07 - [TEST_STEP][PASSED] - else: null

2024-02-03 23:05:07 - [TEST_STEP][PASSED] - if (verifyTextPresent("Please enter a valid FEIN with 9 digits.", true)): null

2024-02-03 23:05:07 - [MESSAGE][PASSED] - Text 'Please enter a valid FEIN with 9 digits.' is present on page  using regular expression

2024-02-03 23:05:07 - [TEST_STEP][PASSED] - println("Error Message is present on the page"): null

2024-02-03 23:05:07 - [TEST_STEP][PASSED] - out.println("Pass Record Number: " + row): null

2024-02-03 23:05:07 - [TEST_STEP][PASSED] - resText = "Pass": null

2024-02-03 23:05:07 - [TEST_STEP][PASSED] - pages.WriteExcel.demoKey(resText, datText, resColumn, datCloumn, fileLoc, nameSheet, row): pages.WriteExcel.demoKey is PASSED

2024-02-03 23:05:07 - [MESSAGE][PASSED] - pages.WriteExcel.demoKey is PASSED

2024-02-03 23:05:07 - [TEST_STEP][PASSED] - ExecuteTC = findTestData(dataFile).getValue("Execute", row): null

2024-02-03 23:05:07 - [TEST_STEP][PASSED] - Taxtype = findTestData(dataFile).getValue("TaxType", row): null

2024-02-03 23:05:07 - [TEST_STEP][PASSED] - Paymenttype = findTestData(dataFile).getValue("PaymentType", row): null

2024-02-03 23:05:07 - [TEST_STEP][PASSED] - feinSsn = findTestData(dataFile).getValue("FEINSSN", row): null

2024-02-03 23:05:07 - [TEST_STEP][PASSED] - out.println("Value of Execute is : " + ExecuteTC): null

2024-02-03 23:05:07 - [TEST_STEP][PASSED] - if (ExecuteTC.equalsIgnoreCase("Y")): null

2024-02-03 23:05:07 - [TEST_STEP][PASSED] - out.println("Begin Record Number: " + row): null

2024-02-03 23:05:07 - [TEST_STEP][PASSED] - today = new java.util.Date(): null

2024-02-03 23:05:07 - [TEST_STEP][PASSED] - println(today): null

2024-02-03 23:05:07 - [TEST_STEP][PASSED] - datText = today: null

2024-02-03 23:05:07 - [TEST_STEP][PASSED] - Taxtype = findTestData(dataFile).getValue("TaxType", row): null

2024-02-03 23:05:07 - [TEST_STEP][PASSED] - out.println("Taxtype value is : " + Taxtype): null

2024-02-03 23:05:07 - [TEST_STEP][PASSED] - openBrowser(""): Browser is opened with url: ''

2024-02-03 23:05:07 - [MESSAGE][WARNING] - A browser is already opened. Closing browser and opening a new one

2024-02-03 23:05:09 - [MESSAGE][INFO] - Starting 'Chrome' driver

2024-02-03 23:05:09 - [MESSAGE][INFO] - User set preference: ['acceptInsecureCerts', 'true']

2024-02-03 23:05:09 - [MESSAGE][INFO] - Action delay is set to 0 milliseconds

2024-02-03 23:05:10 - [MESSAGE][PASSED] - Browser is opened with url: ''

2024-02-03 23:05:10 - [TEST_STEP][PASSED] - maximizeWindow(): Current window maximized

2024-02-03 23:05:10 - [MESSAGE][PASSED] - Current window maximized

2024-02-03 23:05:10 - [TEST_STEP][PASSED] - navigateToUrl(RADurl): Navigate to 'https://qa2.velocitypayment.com/client/rad/index.html' successfully

2024-02-03 23:05:12 - [MESSAGE][PASSED] - Navigate to 'https://qa2.velocitypayment.com/client/rad/index.html' successfully

2024-02-03 23:05:12 - [TEST_STEP][PASSED] - orPath_Landing = "Object Repository/RAD_Pages/Landing_Page": null

2024-02-03 23:05:12 - [TEST_STEP][PASSED] - orPath_TaxTypeFilingYear = "Object Repository/RAD_Pages/TaxTypeFilingYear_Page": null

2024-02-03 23:05:12 - [TEST_STEP][PASSED] - orPath_TaxPayer = "Object Repository/RAD_Pages/Taxpayer_Page": null

2024-02-03 23:05:12 - [TEST_STEP][PASSED] - orPath_AddressContact = "Object Repository/RAD_Pages/AddressAndContactInfo_Page": null

2024-02-03 23:05:12 - [TEST_STEP][PASSED] - orPath_FilingStatus = "Object Repository/RAD_Pages/FilingStatus_Page": null

2024-02-03 23:05:12 - [TEST_STEP][PASSED] - orPath_Amount = "Object Repository/RAD_Pages/PaymentAmount_Page": null

2024-02-03 23:05:12 - [TEST_STEP][PASSED] - orPath_TaxInfo = "Object Repository/RAD_Pages/TaxInfo_Page": null

2024-02-03 23:05:12 - [TEST_STEP][PASSED] - orPath_Withholding = "Object Repository/RAD_Pages/Withholding_Page": null

2024-02-03 23:05:12 - [TEST_STEP][PASSED] - orPath_Summary = "Object Repository/RAD_Pages/Summary_Page": null

2024-02-03 23:05:12 - [TEST_STEP][PASSED] - orPath_PaymentReady = "Object Repository/RAD_Pages/PaymentReady_Page": null

2024-02-03 23:05:12 - [TEST_STEP][PASSED] - orPath_PaymentEntry = "Object Repository/RAD_Pages/PaymentEntry_Page": null

2024-02-03 23:05:12 - [TEST_STEP][PASSED] - orPath_PaymentConfirmation = "Object Repository/RAD_Pages/PaymentConfirmation_Page": null

2024-02-03 23:05:12 - [TEST_STEP][PASSED] - orPath_ServiceFeesAccept = "Object Repository/RAD_Pages/ServiceFeeAccept_Page": null

2024-02-03 23:05:12 - [TEST_STEP][PASSED] - selectOptionByLabel(findTestObject(orPath_Landing + "/dd_TaxType"), Paymenttype, false): All options with label 'Existing Liability w/Notice Number' are selected in object 'Object Repository/RAD_Pages/Landing_Page/dd_TaxType' 

2024-02-03 23:05:13 - [MESSAGE][PASSED] - All options with label 'Existing Liability w/Notice Number' are selected in object 'Object Repository/RAD_Pages/Landing_Page/dd_TaxType' 

2024-02-03 23:05:13 - [TEST_STEP][PASSED] - delay(1): Delayed 1 second(s)

2024-02-03 23:05:14 - [MESSAGE][PASSED] - Delayed 1 second(s)

2024-02-03 23:05:14 - [TEST_STEP][PASSED] - switch (Paymenttype): null

2024-02-03 23:05:14 - [TEST_STEP][PASSED] - case "Existing Liability w/Notice Number":: null

2024-02-03 23:05:14 - [TEST_STEP][PASSED] - selectOptionByLabel(findTestObject(orPath_TaxTypeFilingYear + "/select_TaxType_ExistingLiability"), Taxtype, false): All options with label 'Tobacco Tax' are selected in object 'Object Repository/RAD_Pages/TaxTypeFilingYear_Page/select_TaxType_ExistingLiability' 

2024-02-03 23:05:14 - [MESSAGE][PASSED] - All options with label 'Tobacco Tax' are selected in object 'Object Repository/RAD_Pages/TaxTypeFilingYear_Page/select_TaxType_ExistingLiability' 

2024-02-03 23:05:14 - [TEST_STEP][PASSED] - break: null

2024-02-03 23:05:14 - [TEST_STEP][PASSED] - delay(1): Delayed 1 second(s)

2024-02-03 23:05:15 - [MESSAGE][PASSED] - Delayed 1 second(s)

2024-02-03 23:05:15 - [TEST_STEP][PASSED] - switch (Paymenttype): null

2024-02-03 23:05:15 - [TEST_STEP][PASSED] - case "Existing Liability w/Notice Number":: null

2024-02-03 23:05:15 - [TEST_STEP][PASSED] - if (feinSsn.equalsIgnoreCase("Y")): Text ****** has been set on object 'Object Repository/RAD_Pages/TaxInfo_Page/input_TaxInfo_RetypefeinSsn_Existing_New'

2024-02-03 23:05:15 - [TEST_STEP][PASSED] - setEncryptedText(findTestObject(orPath_TaxInfo + "/input_TaxInfo_feinSsn_Existing_New"), "iGDxf8hSRT4="): Text ****** has been set on object 'Object Repository/RAD_Pages/TaxInfo_Page/input_TaxInfo_feinSsn_Existing_New'

2024-02-03 23:05:16 - [MESSAGE][PASSED] - Text ****** has been set on object 'Object Repository/RAD_Pages/TaxInfo_Page/input_TaxInfo_feinSsn_Existing_New'

2024-02-03 23:05:16 - [TEST_STEP][PASSED] - setEncryptedText(findTestObject(orPath_TaxInfo + "/input_TaxInfo_RetypefeinSsn_Existing_New"), ""): Text ****** has been set on object 'Object Repository/RAD_Pages/TaxInfo_Page/input_TaxInfo_RetypefeinSsn_Existing_New'

2024-02-03 23:05:17 - [MESSAGE][PASSED] - Text ****** has been set on object 'Object Repository/RAD_Pages/TaxInfo_Page/input_TaxInfo_RetypefeinSsn_Existing_New'

2024-02-03 23:05:17 - [TEST_STEP][PASSED] - break: null

2024-02-03 23:05:17 - [TEST_STEP][PASSED] - if (feinSsn.equalsIgnoreCase("Y")): null

2024-02-03 23:05:17 - [TEST_STEP][PASSED] - if (verifyTextPresent("Please enter a valid FEIN/SSN with 9 digits", true)): null

2024-02-03 23:05:17 - [MESSAGE][PASSED] - Text 'Please enter a valid FEIN/SSN with 9 digits' is present on page  using regular expression

2024-02-03 23:05:17 - [TEST_STEP][PASSED] - println("Error Message is present on the page"): null

2024-02-03 23:05:17 - [TEST_STEP][PASSED] - out.println("Pass Record Number: " + row): null

2024-02-03 23:05:17 - [TEST_STEP][PASSED] - resText = "Pass": null

2024-02-03 23:05:17 - [TEST_STEP][PASSED] - pages.WriteExcel.demoKey(resText, datText, resColumn, datCloumn, fileLoc, nameSheet, row): pages.WriteExcel.demoKey is PASSED

2024-02-03 23:05:17 - [MESSAGE][PASSED] - pages.WriteExcel.demoKey is PASSED

2024-02-03 23:05:17 - [TEST_STEP][PASSED] - ExecuteTC = findTestData(dataFile).getValue("Execute", row): null

2024-02-03 23:05:17 - [TEST_STEP][PASSED] - Taxtype = findTestData(dataFile).getValue("TaxType", row): null

2024-02-03 23:05:17 - [TEST_STEP][PASSED] - Paymenttype = findTestData(dataFile).getValue("PaymentType", row): null

2024-02-03 23:05:17 - [TEST_STEP][PASSED] - feinSsn = findTestData(dataFile).getValue("FEINSSN", row): null

2024-02-03 23:05:17 - [TEST_STEP][PASSED] - out.println("Value of Execute is : " + ExecuteTC): null

2024-02-03 23:05:17 - [TEST_STEP][PASSED] - if (ExecuteTC.equalsIgnoreCase("Y")): null

2024-02-03 23:05:17 - [TEST_STEP][PASSED] - out.println("Begin Record Number: " + row): null

2024-02-03 23:05:17 - [TEST_STEP][PASSED] - today = new java.util.Date(): null

2024-02-03 23:05:17 - [TEST_STEP][PASSED] - println(today): null

2024-02-03 23:05:17 - [TEST_STEP][PASSED] - datText = today: null

2024-02-03 23:05:17 - [TEST_STEP][PASSED] - Taxtype = findTestData(dataFile).getValue("TaxType", row): null

2024-02-03 23:05:17 - [TEST_STEP][PASSED] - out.println("Taxtype value is : " + Taxtype): null

2024-02-03 23:05:17 - [TEST_STEP][PASSED] - openBrowser(""): Browser is opened with url: ''

2024-02-03 23:05:17 - [MESSAGE][WARNING] - A browser is already opened. Closing browser and opening a new one

2024-02-03 23:05:19 - [MESSAGE][INFO] - Starting 'Chrome' driver

2024-02-03 23:05:19 - [MESSAGE][INFO] - User set preference: ['acceptInsecureCerts', 'true']

2024-02-03 23:05:19 - [MESSAGE][INFO] - Action delay is set to 0 milliseconds

2024-02-03 23:05:20 - [MESSAGE][PASSED] - Browser is opened with url: ''

2024-02-03 23:05:20 - [TEST_STEP][PASSED] - maximizeWindow(): Current window maximized

2024-02-03 23:05:20 - [MESSAGE][PASSED] - Current window maximized

2024-02-03 23:05:20 - [TEST_STEP][PASSED] - navigateToUrl(RADurl): Navigate to 'https://qa2.velocitypayment.com/client/rad/index.html' successfully

2024-02-03 23:05:22 - [MESSAGE][PASSED] - Navigate to 'https://qa2.velocitypayment.com/client/rad/index.html' successfully

2024-02-03 23:05:22 - [TEST_STEP][PASSED] - orPath_Landing = "Object Repository/RAD_Pages/Landing_Page": null

2024-02-03 23:05:22 - [TEST_STEP][PASSED] - orPath_TaxTypeFilingYear = "Object Repository/RAD_Pages/TaxTypeFilingYear_Page": null

2024-02-03 23:05:22 - [TEST_STEP][PASSED] - orPath_TaxPayer = "Object Repository/RAD_Pages/Taxpayer_Page": null

2024-02-03 23:05:22 - [TEST_STEP][PASSED] - orPath_AddressContact = "Object Repository/RAD_Pages/AddressAndContactInfo_Page": null

2024-02-03 23:05:22 - [TEST_STEP][PASSED] - orPath_FilingStatus = "Object Repository/RAD_Pages/FilingStatus_Page": null

2024-02-03 23:05:22 - [TEST_STEP][PASSED] - orPath_Amount = "Object Repository/RAD_Pages/PaymentAmount_Page": null

2024-02-03 23:05:22 - [TEST_STEP][PASSED] - orPath_TaxInfo = "Object Repository/RAD_Pages/TaxInfo_Page": null

2024-02-03 23:05:22 - [TEST_STEP][PASSED] - orPath_Withholding = "Object Repository/RAD_Pages/Withholding_Page": null

2024-02-03 23:05:22 - [TEST_STEP][PASSED] - orPath_Summary = "Object Repository/RAD_Pages/Summary_Page": null

2024-02-03 23:05:22 - [TEST_STEP][PASSED] - orPath_PaymentReady = "Object Repository/RAD_Pages/PaymentReady_Page": null

2024-02-03 23:05:22 - [TEST_STEP][PASSED] - orPath_PaymentEntry = "Object Repository/RAD_Pages/PaymentEntry_Page": null

2024-02-03 23:05:22 - [TEST_STEP][PASSED] - orPath_PaymentConfirmation = "Object Repository/RAD_Pages/PaymentConfirmation_Page": null

2024-02-03 23:05:22 - [TEST_STEP][PASSED] - orPath_ServiceFeesAccept = "Object Repository/RAD_Pages/ServiceFeeAccept_Page": null

2024-02-03 23:05:22 - [TEST_STEP][PASSED] - selectOptionByLabel(findTestObject(orPath_Landing + "/dd_TaxType"), Paymenttype, false): All options with label 'Existing Liability w/Notice Number' are selected in object 'Object Repository/RAD_Pages/Landing_Page/dd_TaxType' 

2024-02-03 23:05:23 - [MESSAGE][PASSED] - All options with label 'Existing Liability w/Notice Number' are selected in object 'Object Repository/RAD_Pages/Landing_Page/dd_TaxType' 

2024-02-03 23:05:23 - [TEST_STEP][PASSED] - delay(1): Delayed 1 second(s)

2024-02-03 23:05:24 - [MESSAGE][PASSED] - Delayed 1 second(s)

2024-02-03 23:05:24 - [TEST_STEP][PASSED] - switch (Paymenttype): null

2024-02-03 23:05:24 - [TEST_STEP][PASSED] - case "Existing Liability w/Notice Number":: null

2024-02-03 23:05:24 - [TEST_STEP][PASSED] - selectOptionByLabel(findTestObject(orPath_TaxTypeFilingYear + "/select_TaxType_ExistingLiability"), Taxtype, false): All options with label 'Transportation Network Services' are selected in object 'Object Repository/RAD_Pages/TaxTypeFilingYear_Page/select_TaxType_ExistingLiability' 

2024-02-03 23:05:25 - [MESSAGE][PASSED] - All options with label 'Transportation Network Services' are selected in object 'Object Repository/RAD_Pages/TaxTypeFilingYear_Page/select_TaxType_ExistingLiability' 

2024-02-03 23:05:25 - [TEST_STEP][PASSED] - break: null

2024-02-03 23:05:25 - [TEST_STEP][PASSED] - delay(1): Delayed 1 second(s)

2024-02-03 23:05:26 - [MESSAGE][PASSED] - Delayed 1 second(s)

2024-02-03 23:05:26 - [TEST_STEP][PASSED] - switch (Paymenttype): null

2024-02-03 23:05:26 - [TEST_STEP][PASSED] - case "Existing Liability w/Notice Number":: null

2024-02-03 23:05:26 - [TEST_STEP][PASSED] - if (feinSsn.equalsIgnoreCase("Y")): null

2024-02-03 23:05:26 - [TEST_STEP][PASSED] - else: Text ****** has been set on object 'Object Repository/RAD_RecordAndPlay/input_Existing_RetypeFEIN'

2024-02-03 23:05:26 - [TEST_STEP][PASSED] - setEncryptedText(findTestObject("Object Repository/RAD_RecordAndPlay/input_Existing_FEIN"), "iGDxf8hSRT4="): Text ****** has been set on object 'Object Repository/RAD_RecordAndPlay/input_Existing_FEIN'

2024-02-03 23:05:26 - [MESSAGE][PASSED] - Text ****** has been set on object 'Object Repository/RAD_RecordAndPlay/input_Existing_FEIN'

2024-02-03 23:05:26 - [TEST_STEP][PASSED] - setEncryptedText(findTestObject("Object Repository/RAD_RecordAndPlay/input_Existing_RetypeFEIN"), ""): Text ****** has been set on object 'Object Repository/RAD_RecordAndPlay/input_Existing_RetypeFEIN'

2024-02-03 23:05:27 - [MESSAGE][PASSED] - Text ****** has been set on object 'Object Repository/RAD_RecordAndPlay/input_Existing_RetypeFEIN'

2024-02-03 23:05:27 - [TEST_STEP][PASSED] - break: null

2024-02-03 23:05:27 - [TEST_STEP][PASSED] - if (feinSsn.equalsIgnoreCase("Y")): null

2024-02-03 23:05:27 - [TEST_STEP][PASSED] - else: null

2024-02-03 23:05:27 - [TEST_STEP][PASSED] - if (verifyTextPresent("Please enter a valid FEIN with 9 digits.", true)): null

2024-02-03 23:05:27 - [MESSAGE][PASSED] - Text 'Please enter a valid FEIN with 9 digits.' is present on page  using regular expression

2024-02-03 23:05:27 - [TEST_STEP][PASSED] - println("Error Message is present on the page"): null

2024-02-03 23:05:27 - [TEST_STEP][PASSED] - out.println("Pass Record Number: " + row): null

2024-02-03 23:05:27 - [TEST_STEP][PASSED] - resText = "Pass": null

2024-02-03 23:05:27 - [TEST_STEP][PASSED] - pages.WriteExcel.demoKey(resText, datText, resColumn, datCloumn, fileLoc, nameSheet, row): pages.WriteExcel.demoKey is PASSED

2024-02-03 23:05:27 - [MESSAGE][PASSED] - pages.WriteExcel.demoKey is PASSED

2024-02-03 23:05:27 - [TEST_STEP][PASSED] - ExecuteTC = findTestData(dataFile).getValue("Execute", row): null

2024-02-03 23:05:27 - [TEST_STEP][PASSED] - Taxtype = findTestData(dataFile).getValue("TaxType", row): null

2024-02-03 23:05:27 - [TEST_STEP][PASSED] - Paymenttype = findTestData(dataFile).getValue("PaymentType", row): null

2024-02-03 23:05:27 - [TEST_STEP][PASSED] - feinSsn = findTestData(dataFile).getValue("FEINSSN", row): null

2024-02-03 23:05:28 - [TEST_STEP][PASSED] - out.println("Value of Execute is : " + ExecuteTC): null

2024-02-03 23:05:28 - [TEST_STEP][PASSED] - if (ExecuteTC.equalsIgnoreCase("Y")): null

2024-02-03 23:05:28 - [TEST_STEP][PASSED] - out.println("Begin Record Number: " + row): null

2024-02-03 23:05:28 - [TEST_STEP][PASSED] - today = new java.util.Date(): null

2024-02-03 23:05:28 - [TEST_STEP][PASSED] - println(today): null

2024-02-03 23:05:28 - [TEST_STEP][PASSED] - datText = today: null

2024-02-03 23:05:28 - [TEST_STEP][PASSED] - Taxtype = findTestData(dataFile).getValue("TaxType", row): null

2024-02-03 23:05:28 - [TEST_STEP][PASSED] - out.println("Taxtype value is : " + Taxtype): null

2024-02-03 23:05:28 - [TEST_STEP][PASSED] - openBrowser(""): Browser is opened with url: ''

2024-02-03 23:05:28 - [MESSAGE][WARNING] - A browser is already opened. Closing browser and opening a new one

2024-02-03 23:05:29 - [MESSAGE][INFO] - Starting 'Chrome' driver

2024-02-03 23:05:29 - [MESSAGE][INFO] - User set preference: ['acceptInsecureCerts', 'true']

2024-02-03 23:05:29 - [MESSAGE][INFO] - Action delay is set to 0 milliseconds

2024-02-03 23:05:30 - [MESSAGE][PASSED] - Browser is opened with url: ''

2024-02-03 23:05:30 - [TEST_STEP][PASSED] - maximizeWindow(): Current window maximized

2024-02-03 23:05:31 - [MESSAGE][PASSED] - Current window maximized

2024-02-03 23:05:31 - [TEST_STEP][PASSED] - navigateToUrl(RADurl): Navigate to 'https://qa2.velocitypayment.com/client/rad/index.html' successfully

2024-02-03 23:05:32 - [MESSAGE][PASSED] - Navigate to 'https://qa2.velocitypayment.com/client/rad/index.html' successfully

2024-02-03 23:05:32 - [TEST_STEP][PASSED] - orPath_Landing = "Object Repository/RAD_Pages/Landing_Page": null

2024-02-03 23:05:32 - [TEST_STEP][PASSED] - orPath_TaxTypeFilingYear = "Object Repository/RAD_Pages/TaxTypeFilingYear_Page": null

2024-02-03 23:05:32 - [TEST_STEP][PASSED] - orPath_TaxPayer = "Object Repository/RAD_Pages/Taxpayer_Page": null

2024-02-03 23:05:32 - [TEST_STEP][PASSED] - orPath_AddressContact = "Object Repository/RAD_Pages/AddressAndContactInfo_Page": null

2024-02-03 23:05:32 - [TEST_STEP][PASSED] - orPath_FilingStatus = "Object Repository/RAD_Pages/FilingStatus_Page": null

2024-02-03 23:05:32 - [TEST_STEP][PASSED] - orPath_Amount = "Object Repository/RAD_Pages/PaymentAmount_Page": null

2024-02-03 23:05:32 - [TEST_STEP][PASSED] - orPath_TaxInfo = "Object Repository/RAD_Pages/TaxInfo_Page": null

2024-02-03 23:05:32 - [TEST_STEP][PASSED] - orPath_Withholding = "Object Repository/RAD_Pages/Withholding_Page": null

2024-02-03 23:05:32 - [TEST_STEP][PASSED] - orPath_Summary = "Object Repository/RAD_Pages/Summary_Page": null

2024-02-03 23:05:32 - [TEST_STEP][PASSED] - orPath_PaymentReady = "Object Repository/RAD_Pages/PaymentReady_Page": null

2024-02-03 23:05:32 - [TEST_STEP][PASSED] - orPath_PaymentEntry = "Object Repository/RAD_Pages/PaymentEntry_Page": null

2024-02-03 23:05:32 - [TEST_STEP][PASSED] - orPath_PaymentConfirmation = "Object Repository/RAD_Pages/PaymentConfirmation_Page": null

2024-02-03 23:05:32 - [TEST_STEP][PASSED] - orPath_ServiceFeesAccept = "Object Repository/RAD_Pages/ServiceFeeAccept_Page": null

2024-02-03 23:05:32 - [TEST_STEP][PASSED] - selectOptionByLabel(findTestObject(orPath_Landing + "/dd_TaxType"), Paymenttype, false): All options with label 'Existing Liability w/Notice Number' are selected in object 'Object Repository/RAD_Pages/Landing_Page/dd_TaxType' 

2024-02-03 23:05:33 - [MESSAGE][PASSED] - All options with label 'Existing Liability w/Notice Number' are selected in object 'Object Repository/RAD_Pages/Landing_Page/dd_TaxType' 

2024-02-03 23:05:33 - [TEST_STEP][PASSED] - delay(1): Delayed 1 second(s)

2024-02-03 23:05:34 - [MESSAGE][PASSED] - Delayed 1 second(s)

2024-02-03 23:05:34 - [TEST_STEP][PASSED] - switch (Paymenttype): null

2024-02-03 23:05:34 - [TEST_STEP][PASSED] - case "Existing Liability w/Notice Number":: null

2024-02-03 23:05:34 - [TEST_STEP][PASSED] - selectOptionByLabel(findTestObject(orPath_TaxTypeFilingYear + "/select_TaxType_ExistingLiability"), Taxtype, false): All options with label 'Unclaimed Property' are selected in object 'Object Repository/RAD_Pages/TaxTypeFilingYear_Page/select_TaxType_ExistingLiability' 

2024-02-03 23:05:35 - [MESSAGE][PASSED] - All options with label 'Unclaimed Property' are selected in object 'Object Repository/RAD_Pages/TaxTypeFilingYear_Page/select_TaxType_ExistingLiability' 

2024-02-03 23:05:35 - [TEST_STEP][PASSED] - break: null

2024-02-03 23:05:35 - [TEST_STEP][PASSED] - delay(1): Delayed 1 second(s)

2024-02-03 23:05:36 - [MESSAGE][PASSED] - Delayed 1 second(s)

2024-02-03 23:05:36 - [TEST_STEP][PASSED] - switch (Paymenttype): null

2024-02-03 23:05:36 - [TEST_STEP][PASSED] - case "Existing Liability w/Notice Number":: null

2024-02-03 23:05:36 - [TEST_STEP][PASSED] - if (feinSsn.equalsIgnoreCase("Y")): null

2024-02-03 23:05:36 - [TEST_STEP][PASSED] - else: Text ****** has been set on object 'Object Repository/RAD_RecordAndPlay/input_Existing_RetypeFEIN'

2024-02-03 23:05:36 - [TEST_STEP][PASSED] - setEncryptedText(findTestObject("Object Repository/RAD_RecordAndPlay/input_Existing_FEIN"), "iGDxf8hSRT4="): Text ****** has been set on object 'Object Repository/RAD_RecordAndPlay/input_Existing_FEIN'

2024-02-03 23:05:36 - [MESSAGE][PASSED] - Text ****** has been set on object 'Object Repository/RAD_RecordAndPlay/input_Existing_FEIN'

2024-02-03 23:05:36 - [TEST_STEP][PASSED] - setEncryptedText(findTestObject("Object Repository/RAD_RecordAndPlay/input_Existing_RetypeFEIN"), ""): Text ****** has been set on object 'Object Repository/RAD_RecordAndPlay/input_Existing_RetypeFEIN'

2024-02-03 23:05:37 - [MESSAGE][PASSED] - Text ****** has been set on object 'Object Repository/RAD_RecordAndPlay/input_Existing_RetypeFEIN'

2024-02-03 23:05:37 - [TEST_STEP][PASSED] - break: null

2024-02-03 23:05:37 - [TEST_STEP][PASSED] - if (feinSsn.equalsIgnoreCase("Y")): null

2024-02-03 23:05:37 - [TEST_STEP][PASSED] - else: null

2024-02-03 23:05:37 - [TEST_STEP][PASSED] - if (verifyTextPresent("Please enter a valid FEIN with 9 digits.", true)): null

2024-02-03 23:05:37 - [MESSAGE][PASSED] - Text 'Please enter a valid FEIN with 9 digits.' is present on page  using regular expression

2024-02-03 23:05:37 - [TEST_STEP][PASSED] - println("Error Message is present on the page"): null

2024-02-03 23:05:37 - [TEST_STEP][PASSED] - out.println("Pass Record Number: " + row): null

2024-02-03 23:05:37 - [TEST_STEP][PASSED] - resText = "Pass": null

2024-02-03 23:05:37 - [TEST_STEP][PASSED] - pages.WriteExcel.demoKey(resText, datText, resColumn, datCloumn, fileLoc, nameSheet, row): pages.WriteExcel.demoKey is PASSED

2024-02-03 23:05:37 - [MESSAGE][PASSED] - pages.WriteExcel.demoKey is PASSED

2024-02-03 23:05:37 - [TEST_STEP][PASSED] - ExecuteTC = findTestData(dataFile).getValue("Execute", row): null

2024-02-03 23:05:37 - [TEST_STEP][PASSED] - Taxtype = findTestData(dataFile).getValue("TaxType", row): null

2024-02-03 23:05:37 - [TEST_STEP][PASSED] - Paymenttype = findTestData(dataFile).getValue("PaymentType", row): null

2024-02-03 23:05:38 - [TEST_STEP][PASSED] - feinSsn = findTestData(dataFile).getValue("FEINSSN", row): null

2024-02-03 23:05:38 - [TEST_STEP][PASSED] - out.println("Value of Execute is : " + ExecuteTC): null

2024-02-03 23:05:38 - [TEST_STEP][PASSED] - if (ExecuteTC.equalsIgnoreCase("Y")): null

2024-02-03 23:05:38 - [TEST_STEP][PASSED] - out.println("Begin Record Number: " + row): null

2024-02-03 23:05:38 - [TEST_STEP][PASSED] - today = new java.util.Date(): null

2024-02-03 23:05:38 - [TEST_STEP][PASSED] - println(today): null

2024-02-03 23:05:38 - [TEST_STEP][PASSED] - datText = today: null

2024-02-03 23:05:38 - [TEST_STEP][PASSED] - Taxtype = findTestData(dataFile).getValue("TaxType", row): null

2024-02-03 23:05:38 - [TEST_STEP][PASSED] - out.println("Taxtype value is : " + Taxtype): null

2024-02-03 23:05:38 - [TEST_STEP][PASSED] - openBrowser(""): Browser is opened with url: ''

2024-02-03 23:05:38 - [MESSAGE][WARNING] - A browser is already opened. Closing browser and opening a new one

2024-02-03 23:05:39 - [MESSAGE][INFO] - Starting 'Chrome' driver

2024-02-03 23:05:39 - [MESSAGE][INFO] - User set preference: ['acceptInsecureCerts', 'true']

2024-02-03 23:05:39 - [MESSAGE][INFO] - Action delay is set to 0 milliseconds

2024-02-03 23:05:40 - [MESSAGE][PASSED] - Browser is opened with url: ''

2024-02-03 23:05:40 - [TEST_STEP][PASSED] - maximizeWindow(): Current window maximized

2024-02-03 23:05:40 - [MESSAGE][PASSED] - Current window maximized

2024-02-03 23:05:40 - [TEST_STEP][PASSED] - navigateToUrl(RADurl): Navigate to 'https://qa2.velocitypayment.com/client/rad/index.html' successfully

2024-02-03 23:05:42 - [MESSAGE][PASSED] - Navigate to 'https://qa2.velocitypayment.com/client/rad/index.html' successfully

2024-02-03 23:05:42 - [TEST_STEP][PASSED] - orPath_Landing = "Object Repository/RAD_Pages/Landing_Page": null

2024-02-03 23:05:42 - [TEST_STEP][PASSED] - orPath_TaxTypeFilingYear = "Object Repository/RAD_Pages/TaxTypeFilingYear_Page": null

2024-02-03 23:05:42 - [TEST_STEP][PASSED] - orPath_TaxPayer = "Object Repository/RAD_Pages/Taxpayer_Page": null

2024-02-03 23:05:42 - [TEST_STEP][PASSED] - orPath_AddressContact = "Object Repository/RAD_Pages/AddressAndContactInfo_Page": null

2024-02-03 23:05:42 - [TEST_STEP][PASSED] - orPath_FilingStatus = "Object Repository/RAD_Pages/FilingStatus_Page": null

2024-02-03 23:05:42 - [TEST_STEP][PASSED] - orPath_Amount = "Object Repository/RAD_Pages/PaymentAmount_Page": null

2024-02-03 23:05:42 - [TEST_STEP][PASSED] - orPath_TaxInfo = "Object Repository/RAD_Pages/TaxInfo_Page": null

2024-02-03 23:05:42 - [TEST_STEP][PASSED] - orPath_Withholding = "Object Repository/RAD_Pages/Withholding_Page": null

2024-02-03 23:05:42 - [TEST_STEP][PASSED] - orPath_Summary = "Object Repository/RAD_Pages/Summary_Page": null

2024-02-03 23:05:42 - [TEST_STEP][PASSED] - orPath_PaymentReady = "Object Repository/RAD_Pages/PaymentReady_Page": null

2024-02-03 23:05:42 - [TEST_STEP][PASSED] - orPath_PaymentEntry = "Object Repository/RAD_Pages/PaymentEntry_Page": null

2024-02-03 23:05:42 - [TEST_STEP][PASSED] - orPath_PaymentConfirmation = "Object Repository/RAD_Pages/PaymentConfirmation_Page": null

2024-02-03 23:05:42 - [TEST_STEP][PASSED] - orPath_ServiceFeesAccept = "Object Repository/RAD_Pages/ServiceFeeAccept_Page": null

2024-02-03 23:05:42 - [TEST_STEP][PASSED] - selectOptionByLabel(findTestObject(orPath_Landing + "/dd_TaxType"), Paymenttype, false): All options with label 'Existing Liability w/Notice Number' are selected in object 'Object Repository/RAD_Pages/Landing_Page/dd_TaxType' 

2024-02-03 23:05:43 - [MESSAGE][PASSED] - All options with label 'Existing Liability w/Notice Number' are selected in object 'Object Repository/RAD_Pages/Landing_Page/dd_TaxType' 

2024-02-03 23:05:43 - [TEST_STEP][PASSED] - delay(1): Delayed 1 second(s)

2024-02-03 23:05:44 - [MESSAGE][PASSED] - Delayed 1 second(s)

2024-02-03 23:05:44 - [TEST_STEP][PASSED] - switch (Paymenttype): null

2024-02-03 23:05:44 - [TEST_STEP][PASSED] - case "Existing Liability w/Notice Number":: null

2024-02-03 23:05:44 - [TEST_STEP][PASSED] - selectOptionByLabel(findTestObject(orPath_TaxTypeFilingYear + "/select_TaxType_ExistingLiability"), Taxtype, false): All options with label 'IFTA Tax' are selected in object 'Object Repository/RAD_Pages/TaxTypeFilingYear_Page/select_TaxType_ExistingLiability' 

2024-02-03 23:05:45 - [MESSAGE][PASSED] - All options with label 'IFTA Tax' are selected in object 'Object Repository/RAD_Pages/TaxTypeFilingYear_Page/select_TaxType_ExistingLiability' 

2024-02-03 23:05:45 - [TEST_STEP][PASSED] - break: null

2024-02-03 23:05:45 - [TEST_STEP][PASSED] - delay(1): Delayed 1 second(s)

2024-02-03 23:05:46 - [MESSAGE][PASSED] - Delayed 1 second(s)

2024-02-03 23:05:46 - [TEST_STEP][PASSED] - switch (Paymenttype): null

2024-02-03 23:05:46 - [TEST_STEP][PASSED] - case "Existing Liability w/Notice Number":: null

2024-02-03 23:05:46 - [TEST_STEP][PASSED] - if (feinSsn.equalsIgnoreCase("Y")): null

2024-02-03 23:05:46 - [TEST_STEP][PASSED] - else: Text ****** has been set on object 'Object Repository/RAD_RecordAndPlay/input_Existing_RetypeFEIN'

2024-02-03 23:05:46 - [TEST_STEP][PASSED] - setEncryptedText(findTestObject("Object Repository/RAD_RecordAndPlay/input_Existing_FEIN"), "iGDxf8hSRT4="): Text ****** has been set on object 'Object Repository/RAD_RecordAndPlay/input_Existing_FEIN'

2024-02-03 23:05:46 - [MESSAGE][PASSED] - Text ****** has been set on object 'Object Repository/RAD_RecordAndPlay/input_Existing_FEIN'

2024-02-03 23:05:46 - [TEST_STEP][PASSED] - setEncryptedText(findTestObject("Object Repository/RAD_RecordAndPlay/input_Existing_RetypeFEIN"), ""): Text ****** has been set on object 'Object Repository/RAD_RecordAndPlay/input_Existing_RetypeFEIN'

2024-02-03 23:05:47 - [MESSAGE][PASSED] - Text ****** has been set on object 'Object Repository/RAD_RecordAndPlay/input_Existing_RetypeFEIN'

2024-02-03 23:05:47 - [TEST_STEP][PASSED] - break: null

2024-02-03 23:05:47 - [TEST_STEP][PASSED] - if (feinSsn.equalsIgnoreCase("Y")): null

2024-02-03 23:05:47 - [TEST_STEP][PASSED] - else: null

2024-02-03 23:05:47 - [TEST_STEP][PASSED] - if (verifyTextPresent("Please enter a valid FEIN with 9 digits.", true)): null

2024-02-03 23:05:47 - [MESSAGE][PASSED] - Text 'Please enter a valid FEIN with 9 digits.' is present on page  using regular expression

2024-02-03 23:05:47 - [TEST_STEP][PASSED] - println("Error Message is present on the page"): null

2024-02-03 23:05:47 - [TEST_STEP][PASSED] - out.println("Pass Record Number: " + row): null

2024-02-03 23:05:47 - [TEST_STEP][PASSED] - resText = "Pass": null

2024-02-03 23:05:47 - [TEST_STEP][PASSED] - pages.WriteExcel.demoKey(resText, datText, resColumn, datCloumn, fileLoc, nameSheet, row): pages.WriteExcel.demoKey is PASSED

2024-02-03 23:05:47 - [MESSAGE][PASSED] - pages.WriteExcel.demoKey is PASSED

2024-02-03 23:05:47 - [TEST_STEP][PASSED] - ExecuteTC = findTestData(dataFile).getValue("Execute", row): null

2024-02-03 23:05:47 - [TEST_STEP][PASSED] - Taxtype = findTestData(dataFile).getValue("TaxType", row): null

2024-02-03 23:05:48 - [TEST_STEP][PASSED] - Paymenttype = findTestData(dataFile).getValue("PaymentType", row): null

2024-02-03 23:05:48 - [TEST_STEP][PASSED] - feinSsn = findTestData(dataFile).getValue("FEINSSN", row): null

2024-02-03 23:05:48 - [TEST_STEP][PASSED] - out.println("Value of Execute is : " + ExecuteTC): null

2024-02-03 23:05:48 - [TEST_STEP][PASSED] - if (ExecuteTC.equalsIgnoreCase("Y")): null

2024-02-03 23:05:48 - [TEST_STEP][PASSED] - out.println("Begin Record Number: " + row): null

2024-02-03 23:05:48 - [TEST_STEP][PASSED] - today = new java.util.Date(): null

2024-02-03 23:05:48 - [TEST_STEP][PASSED] - println(today): null

2024-02-03 23:05:48 - [TEST_STEP][PASSED] - datText = today: null

2024-02-03 23:05:48 - [TEST_STEP][PASSED] - Taxtype = findTestData(dataFile).getValue("TaxType", row): null

2024-02-03 23:05:48 - [TEST_STEP][PASSED] - out.println("Taxtype value is : " + Taxtype): null

2024-02-03 23:05:48 - [TEST_STEP][PASSED] - openBrowser(""): Browser is opened with url: ''

2024-02-03 23:05:48 - [MESSAGE][WARNING] - A browser is already opened. Closing browser and opening a new one

2024-02-03 23:05:49 - [MESSAGE][INFO] - Starting 'Chrome' driver

2024-02-03 23:05:49 - [MESSAGE][INFO] - User set preference: ['acceptInsecureCerts', 'true']

2024-02-03 23:05:49 - [MESSAGE][INFO] - Action delay is set to 0 milliseconds

2024-02-03 23:05:52 - [MESSAGE][PASSED] - Browser is opened with url: ''

2024-02-03 23:05:52 - [TEST_STEP][PASSED] - maximizeWindow(): Current window maximized

2024-02-03 23:05:52 - [MESSAGE][PASSED] - Current window maximized

2024-02-03 23:05:52 - [TEST_STEP][PASSED] - navigateToUrl(RADurl): Navigate to 'https://qa2.velocitypayment.com/client/rad/index.html' successfully

2024-02-03 23:05:54 - [MESSAGE][PASSED] - Navigate to 'https://qa2.velocitypayment.com/client/rad/index.html' successfully

2024-02-03 23:05:54 - [TEST_STEP][PASSED] - orPath_Landing = "Object Repository/RAD_Pages/Landing_Page": null

2024-02-03 23:05:54 - [TEST_STEP][PASSED] - orPath_TaxTypeFilingYear = "Object Repository/RAD_Pages/TaxTypeFilingYear_Page": null

2024-02-03 23:05:54 - [TEST_STEP][PASSED] - orPath_TaxPayer = "Object Repository/RAD_Pages/Taxpayer_Page": null

2024-02-03 23:05:54 - [TEST_STEP][PASSED] - orPath_AddressContact = "Object Repository/RAD_Pages/AddressAndContactInfo_Page": null

2024-02-03 23:05:54 - [TEST_STEP][PASSED] - orPath_FilingStatus = "Object Repository/RAD_Pages/FilingStatus_Page": null

2024-02-03 23:05:54 - [TEST_STEP][PASSED] - orPath_Amount = "Object Repository/RAD_Pages/PaymentAmount_Page": null

2024-02-03 23:05:54 - [TEST_STEP][PASSED] - orPath_TaxInfo = "Object Repository/RAD_Pages/TaxInfo_Page": null

2024-02-03 23:05:54 - [TEST_STEP][PASSED] - orPath_Withholding = "Object Repository/RAD_Pages/Withholding_Page": null

2024-02-03 23:05:54 - [TEST_STEP][PASSED] - orPath_Summary = "Object Repository/RAD_Pages/Summary_Page": null

2024-02-03 23:05:54 - [TEST_STEP][PASSED] - orPath_PaymentReady = "Object Repository/RAD_Pages/PaymentReady_Page": null

2024-02-03 23:05:54 - [TEST_STEP][PASSED] - orPath_PaymentEntry = "Object Repository/RAD_Pages/PaymentEntry_Page": null

2024-02-03 23:05:54 - [TEST_STEP][PASSED] - orPath_PaymentConfirmation = "Object Repository/RAD_Pages/PaymentConfirmation_Page": null

2024-02-03 23:05:54 - [TEST_STEP][PASSED] - orPath_ServiceFeesAccept = "Object Repository/RAD_Pages/ServiceFeeAccept_Page": null

2024-02-03 23:05:54 - [TEST_STEP][PASSED] - selectOptionByLabel(findTestObject(orPath_Landing + "/dd_TaxType"), Paymenttype, false): All options with label 'New Tax Return Amount Due' are selected in object 'Object Repository/RAD_Pages/Landing_Page/dd_TaxType' 

2024-02-03 23:05:54 - [MESSAGE][PASSED] - All options with label 'New Tax Return Amount Due' are selected in object 'Object Repository/RAD_Pages/Landing_Page/dd_TaxType' 

2024-02-03 23:05:54 - [TEST_STEP][PASSED] - delay(1): Delayed 1 second(s)

2024-02-03 23:05:55 - [MESSAGE][PASSED] - Delayed 1 second(s)

2024-02-03 23:05:55 - [TEST_STEP][PASSED] - switch (Paymenttype): null

2024-02-03 23:05:55 - [TEST_STEP][PASSED] - case "New Tax Return Amount Due":: null

2024-02-03 23:05:55 - [TEST_STEP][PASSED] - selectOptionByLabel(findTestObject("Object Repository/RAD_Pages/Landing_Page/select_NewTaxReturnAmountDue_TaxType"), Taxtype, false): All options with label 'Admissions and Amusement Tax' are selected in object 'Object Repository/RAD_Pages/Landing_Page/select_NewTaxReturnAmountDue_TaxType' 

2024-02-03 23:05:56 - [MESSAGE][PASSED] - All options with label 'Admissions and Amusement Tax' are selected in object 'Object Repository/RAD_Pages/Landing_Page/select_NewTaxReturnAmountDue_TaxType' 

2024-02-03 23:05:56 - [TEST_STEP][PASSED] - break: null

2024-02-03 23:05:56 - [TEST_STEP][PASSED] - delay(1): Delayed 1 second(s)

2024-02-03 23:05:57 - [MESSAGE][PASSED] - Delayed 1 second(s)

2024-02-03 23:05:57 - [TEST_STEP][PASSED] - switch (Paymenttype): null

2024-02-03 23:05:57 - [TEST_STEP][PASSED] - case "New Tax Return Amount Due":: null

2024-02-03 23:05:57 - [TEST_STEP][PASSED] - if (feinSsn.equalsIgnoreCase("Y")): null

2024-02-03 23:05:57 - [TEST_STEP][PASSED] - else: Text ****** has been set on object 'Object Repository/RAD_Pages/TaxInfo_Page/input_FederalEIN_ReEnter-2'

2024-02-03 23:05:57 - [TEST_STEP][PASSED] - setEncryptedText(findTestObject(orPath_TaxInfo + "/input_FederalEIN-2"), "iGDxf8hSRT4="): Text ****** has been set on object 'Object Repository/RAD_Pages/TaxInfo_Page/input_FederalEIN-2'

2024-02-03 23:05:57 - [MESSAGE][PASSED] - Text ****** has been set on object 'Object Repository/RAD_Pages/TaxInfo_Page/input_FederalEIN-2'

2024-02-03 23:05:57 - [TEST_STEP][PASSED] - setEncryptedText(findTestObject(orPath_TaxInfo + "/input_FederalEIN_ReEnter-2"), ""): Text ****** has been set on object 'Object Repository/RAD_Pages/TaxInfo_Page/input_FederalEIN_ReEnter-2'

2024-02-03 23:05:58 - [MESSAGE][PASSED] - Text ****** has been set on object 'Object Repository/RAD_Pages/TaxInfo_Page/input_FederalEIN_ReEnter-2'

2024-02-03 23:05:58 - [TEST_STEP][PASSED] - break: null

2024-02-03 23:05:58 - [TEST_STEP][PASSED] - if (feinSsn.equalsIgnoreCase("Y")): null

2024-02-03 23:05:58 - [TEST_STEP][PASSED] - else: null

2024-02-03 23:05:58 - [TEST_STEP][PASSED] - if (verifyTextPresent("Please enter a valid FEIN with 9 digits.", true)): null

2024-02-03 23:05:59 - [MESSAGE][PASSED] - Text 'Please enter a valid FEIN with 9 digits.' is present on page  using regular expression

2024-02-03 23:05:59 - [TEST_STEP][PASSED] - println("Error Message is present on the page"): null

2024-02-03 23:05:59 - [TEST_STEP][PASSED] - out.println("Pass Record Number: " + row): null

2024-02-03 23:05:59 - [TEST_STEP][PASSED] - resText = "Pass": null

2024-02-03 23:05:59 - [TEST_STEP][PASSED] - pages.WriteExcel.demoKey(resText, datText, resColumn, datCloumn, fileLoc, nameSheet, row): pages.WriteExcel.demoKey is PASSED

2024-02-03 23:05:59 - [MESSAGE][PASSED] - pages.WriteExcel.demoKey is PASSED

2024-02-03 23:05:59 - [TEST_STEP][PASSED] - ExecuteTC = findTestData(dataFile).getValue("Execute", row): null

2024-02-03 23:05:59 - [TEST_STEP][PASSED] - Taxtype = findTestData(dataFile).getValue("TaxType", row): null

2024-02-03 23:05:59 - [TEST_STEP][PASSED] - Paymenttype = findTestData(dataFile).getValue("PaymentType", row): null

2024-02-03 23:05:59 - [TEST_STEP][PASSED] - feinSsn = findTestData(dataFile).getValue("FEINSSN", row): null

2024-02-03 23:05:59 - [TEST_STEP][PASSED] - out.println("Value of Execute is : " + ExecuteTC): null

2024-02-03 23:05:59 - [TEST_STEP][PASSED] - if (ExecuteTC.equalsIgnoreCase("Y")): null

2024-02-03 23:05:59 - [TEST_STEP][PASSED] - out.println("Begin Record Number: " + row): null

2024-02-03 23:05:59 - [TEST_STEP][PASSED] - today = new java.util.Date(): null

2024-02-03 23:05:59 - [TEST_STEP][PASSED] - println(today): null

2024-02-03 23:05:59 - [TEST_STEP][PASSED] - datText = today: null

2024-02-03 23:05:59 - [TEST_STEP][PASSED] - Taxtype = findTestData(dataFile).getValue("TaxType", row): null

2024-02-03 23:05:59 - [TEST_STEP][PASSED] - out.println("Taxtype value is : " + Taxtype): null

2024-02-03 23:05:59 - [TEST_STEP][PASSED] - openBrowser(""): Browser is opened with url: ''

2024-02-03 23:05:59 - [MESSAGE][WARNING] - A browser is already opened. Closing browser and opening a new one

2024-02-03 23:06:00 - [MESSAGE][INFO] - Starting 'Chrome' driver

2024-02-03 23:06:00 - [MESSAGE][INFO] - User set preference: ['acceptInsecureCerts', 'true']

2024-02-03 23:06:00 - [MESSAGE][INFO] - Action delay is set to 0 milliseconds

2024-02-03 23:06:02 - [MESSAGE][PASSED] - Browser is opened with url: ''

2024-02-03 23:06:02 - [TEST_STEP][PASSED] - maximizeWindow(): Current window maximized

2024-02-03 23:06:02 - [MESSAGE][PASSED] - Current window maximized

2024-02-03 23:06:02 - [TEST_STEP][PASSED] - navigateToUrl(RADurl): Navigate to 'https://qa2.velocitypayment.com/client/rad/index.html' successfully

2024-02-03 23:06:03 - [MESSAGE][PASSED] - Navigate to 'https://qa2.velocitypayment.com/client/rad/index.html' successfully

2024-02-03 23:06:03 - [TEST_STEP][PASSED] - orPath_Landing = "Object Repository/RAD_Pages/Landing_Page": null

2024-02-03 23:06:03 - [TEST_STEP][PASSED] - orPath_TaxTypeFilingYear = "Object Repository/RAD_Pages/TaxTypeFilingYear_Page": null

2024-02-03 23:06:03 - [TEST_STEP][PASSED] - orPath_TaxPayer = "Object Repository/RAD_Pages/Taxpayer_Page": null

2024-02-03 23:06:03 - [TEST_STEP][PASSED] - orPath_AddressContact = "Object Repository/RAD_Pages/AddressAndContactInfo_Page": null

2024-02-03 23:06:03 - [TEST_STEP][PASSED] - orPath_FilingStatus = "Object Repository/RAD_Pages/FilingStatus_Page": null

2024-02-03 23:06:03 - [TEST_STEP][PASSED] - orPath_Amount = "Object Repository/RAD_Pages/PaymentAmount_Page": null

2024-02-03 23:06:03 - [TEST_STEP][PASSED] - orPath_TaxInfo = "Object Repository/RAD_Pages/TaxInfo_Page": null

2024-02-03 23:06:03 - [TEST_STEP][PASSED] - orPath_Withholding = "Object Repository/RAD_Pages/Withholding_Page": null

2024-02-03 23:06:03 - [TEST_STEP][PASSED] - orPath_Summary = "Object Repository/RAD_Pages/Summary_Page": null

2024-02-03 23:06:03 - [TEST_STEP][PASSED] - orPath_PaymentReady = "Object Repository/RAD_Pages/PaymentReady_Page": null

2024-02-03 23:06:03 - [TEST_STEP][PASSED] - orPath_PaymentEntry = "Object Repository/RAD_Pages/PaymentEntry_Page": null

2024-02-03 23:06:03 - [TEST_STEP][PASSED] - orPath_PaymentConfirmation = "Object Repository/RAD_Pages/PaymentConfirmation_Page": null

2024-02-03 23:06:03 - [TEST_STEP][PASSED] - orPath_ServiceFeesAccept = "Object Repository/RAD_Pages/ServiceFeeAccept_Page": null

2024-02-03 23:06:03 - [TEST_STEP][PASSED] - selectOptionByLabel(findTestObject(orPath_Landing + "/dd_TaxType"), Paymenttype, false): All options with label 'New Tax Return Amount Due' are selected in object 'Object Repository/RAD_Pages/Landing_Page/dd_TaxType' 

2024-02-03 23:06:04 - [MESSAGE][PASSED] - All options with label 'New Tax Return Amount Due' are selected in object 'Object Repository/RAD_Pages/Landing_Page/dd_TaxType' 

2024-02-03 23:06:04 - [TEST_STEP][PASSED] - delay(1): Delayed 1 second(s)

2024-02-03 23:06:05 - [MESSAGE][PASSED] - Delayed 1 second(s)

2024-02-03 23:06:05 - [TEST_STEP][PASSED] - switch (Paymenttype): null

2024-02-03 23:06:05 - [TEST_STEP][PASSED] - case "New Tax Return Amount Due":: null

2024-02-03 23:06:05 - [TEST_STEP][PASSED] - selectOptionByLabel(findTestObject("Object Repository/RAD_Pages/Landing_Page/select_NewTaxReturnAmountDue_TaxType"), Taxtype, false): All options with label 'Alcohol Tax' are selected in object 'Object Repository/RAD_Pages/Landing_Page/select_NewTaxReturnAmountDue_TaxType' 

2024-02-03 23:06:06 - [MESSAGE][PASSED] - All options with label 'Alcohol Tax' are selected in object 'Object Repository/RAD_Pages/Landing_Page/select_NewTaxReturnAmountDue_TaxType' 

2024-02-03 23:06:06 - [TEST_STEP][PASSED] - break: null

2024-02-03 23:06:06 - [TEST_STEP][PASSED] - delay(1): Delayed 1 second(s)

2024-02-03 23:06:07 - [MESSAGE][PASSED] - Delayed 1 second(s)

2024-02-03 23:06:07 - [TEST_STEP][PASSED] - switch (Paymenttype): null

2024-02-03 23:06:07 - [TEST_STEP][PASSED] - case "New Tax Return Amount Due":: null

2024-02-03 23:06:07 - [TEST_STEP][PASSED] - if (feinSsn.equalsIgnoreCase("Y")): null

2024-02-03 23:06:07 - [TEST_STEP][PASSED] - else: Text ****** has been set on object 'Object Repository/RAD_Pages/TaxInfo_Page/input_FederalEIN_ReEnter-2'

2024-02-03 23:06:07 - [TEST_STEP][PASSED] - setEncryptedText(findTestObject(orPath_TaxInfo + "/input_FederalEIN-2"), "iGDxf8hSRT4="): Text ****** has been set on object 'Object Repository/RAD_Pages/TaxInfo_Page/input_FederalEIN-2'

2024-02-03 23:06:07 - [MESSAGE][PASSED] - Text ****** has been set on object 'Object Repository/RAD_Pages/TaxInfo_Page/input_FederalEIN-2'

2024-02-03 23:06:07 - [TEST_STEP][PASSED] - setEncryptedText(findTestObject(orPath_TaxInfo + "/input_FederalEIN_ReEnter-2"), ""): Text ****** has been set on object 'Object Repository/RAD_Pages/TaxInfo_Page/input_FederalEIN_ReEnter-2'

2024-02-03 23:06:08 - [MESSAGE][PASSED] - Text ****** has been set on object 'Object Repository/RAD_Pages/TaxInfo_Page/input_FederalEIN_ReEnter-2'

2024-02-03 23:06:08 - [TEST_STEP][PASSED] - break: null

2024-02-03 23:06:08 - [TEST_STEP][PASSED] - if (feinSsn.equalsIgnoreCase("Y")): null

2024-02-03 23:06:08 - [TEST_STEP][PASSED] - else: null

2024-02-03 23:06:08 - [TEST_STEP][PASSED] - if (verifyTextPresent("Please enter a valid FEIN with 9 digits.", true)): null

2024-02-03 23:06:08 - [MESSAGE][PASSED] - Text 'Please enter a valid FEIN with 9 digits.' is present on page  using regular expression

2024-02-03 23:06:08 - [TEST_STEP][PASSED] - println("Error Message is present on the page"): null

2024-02-03 23:06:08 - [TEST_STEP][PASSED] - out.println("Pass Record Number: " + row): null

2024-02-03 23:06:08 - [TEST_STEP][PASSED] - resText = "Pass": null

2024-02-03 23:06:08 - [TEST_STEP][PASSED] - pages.WriteExcel.demoKey(resText, datText, resColumn, datCloumn, fileLoc, nameSheet, row): pages.WriteExcel.demoKey is PASSED

2024-02-03 23:06:09 - [MESSAGE][PASSED] - pages.WriteExcel.demoKey is PASSED

2024-02-03 23:06:09 - [TEST_STEP][PASSED] - ExecuteTC = findTestData(dataFile).getValue("Execute", row): null

2024-02-03 23:06:09 - [TEST_STEP][PASSED] - Taxtype = findTestData(dataFile).getValue("TaxType", row): null

2024-02-03 23:06:09 - [TEST_STEP][PASSED] - Paymenttype = findTestData(dataFile).getValue("PaymentType", row): null

2024-02-03 23:06:09 - [TEST_STEP][PASSED] - feinSsn = findTestData(dataFile).getValue("FEINSSN", row): null

2024-02-03 23:06:09 - [TEST_STEP][PASSED] - out.println("Value of Execute is : " + ExecuteTC): null

2024-02-03 23:06:09 - [TEST_STEP][PASSED] - if (ExecuteTC.equalsIgnoreCase("Y")): null

2024-02-03 23:06:09 - [TEST_STEP][PASSED] - out.println("Begin Record Number: " + row): null

2024-02-03 23:06:09 - [TEST_STEP][PASSED] - today = new java.util.Date(): null

2024-02-03 23:06:09 - [TEST_STEP][PASSED] - println(today): null

2024-02-03 23:06:09 - [TEST_STEP][PASSED] - datText = today: null

2024-02-03 23:06:09 - [TEST_STEP][PASSED] - Taxtype = findTestData(dataFile).getValue("TaxType", row): null

2024-02-03 23:06:09 - [TEST_STEP][PASSED] - out.println("Taxtype value is : " + Taxtype): null

2024-02-03 23:06:09 - [TEST_STEP][PASSED] - openBrowser(""): Browser is opened with url: ''

2024-02-03 23:06:09 - [MESSAGE][WARNING] - A browser is already opened. Closing browser and opening a new one

2024-02-03 23:06:10 - [MESSAGE][INFO] - Starting 'Chrome' driver

2024-02-03 23:06:10 - [MESSAGE][INFO] - User set preference: ['acceptInsecureCerts', 'true']

2024-02-03 23:06:10 - [MESSAGE][INFO] - Action delay is set to 0 milliseconds

2024-02-03 23:06:12 - [MESSAGE][PASSED] - Browser is opened with url: ''

2024-02-03 23:06:12 - [TEST_STEP][PASSED] - maximizeWindow(): Current window maximized

2024-02-03 23:06:12 - [MESSAGE][PASSED] - Current window maximized

2024-02-03 23:06:12 - [TEST_STEP][PASSED] - navigateToUrl(RADurl): Navigate to 'https://qa2.velocitypayment.com/client/rad/index.html' successfully

2024-02-03 23:06:13 - [MESSAGE][PASSED] - Navigate to 'https://qa2.velocitypayment.com/client/rad/index.html' successfully

2024-02-03 23:06:13 - [TEST_STEP][PASSED] - orPath_Landing = "Object Repository/RAD_Pages/Landing_Page": null

2024-02-03 23:06:13 - [TEST_STEP][PASSED] - orPath_TaxTypeFilingYear = "Object Repository/RAD_Pages/TaxTypeFilingYear_Page": null

2024-02-03 23:06:13 - [TEST_STEP][PASSED] - orPath_TaxPayer = "Object Repository/RAD_Pages/Taxpayer_Page": null

2024-02-03 23:06:13 - [TEST_STEP][PASSED] - orPath_AddressContact = "Object Repository/RAD_Pages/AddressAndContactInfo_Page": null

2024-02-03 23:06:13 - [TEST_STEP][PASSED] - orPath_FilingStatus = "Object Repository/RAD_Pages/FilingStatus_Page": null

2024-02-03 23:06:13 - [TEST_STEP][PASSED] - orPath_Amount = "Object Repository/RAD_Pages/PaymentAmount_Page": null

2024-02-03 23:06:13 - [TEST_STEP][PASSED] - orPath_TaxInfo = "Object Repository/RAD_Pages/TaxInfo_Page": null

2024-02-03 23:06:13 - [TEST_STEP][PASSED] - orPath_Withholding = "Object Repository/RAD_Pages/Withholding_Page": null

2024-02-03 23:06:13 - [TEST_STEP][PASSED] - orPath_Summary = "Object Repository/RAD_Pages/Summary_Page": null

2024-02-03 23:06:13 - [TEST_STEP][PASSED] - orPath_PaymentReady = "Object Repository/RAD_Pages/PaymentReady_Page": null

2024-02-03 23:06:13 - [TEST_STEP][PASSED] - orPath_PaymentEntry = "Object Repository/RAD_Pages/PaymentEntry_Page": null

2024-02-03 23:06:13 - [TEST_STEP][PASSED] - orPath_PaymentConfirmation = "Object Repository/RAD_Pages/PaymentConfirmation_Page": null

2024-02-03 23:06:13 - [TEST_STEP][PASSED] - orPath_ServiceFeesAccept = "Object Repository/RAD_Pages/ServiceFeeAccept_Page": null

2024-02-03 23:06:13 - [TEST_STEP][PASSED] - selectOptionByLabel(findTestObject(orPath_Landing + "/dd_TaxType"), Paymenttype, false): All options with label 'New Tax Return Amount Due' are selected in object 'Object Repository/RAD_Pages/Landing_Page/dd_TaxType' 

2024-02-03 23:06:14 - [MESSAGE][PASSED] - All options with label 'New Tax Return Amount Due' are selected in object 'Object Repository/RAD_Pages/Landing_Page/dd_TaxType' 

2024-02-03 23:06:14 - [TEST_STEP][PASSED] - delay(1): Delayed 1 second(s)

2024-02-03 23:06:15 - [MESSAGE][PASSED] - Delayed 1 second(s)

2024-02-03 23:06:15 - [TEST_STEP][PASSED] - switch (Paymenttype): null

2024-02-03 23:06:15 - [TEST_STEP][PASSED] - case "New Tax Return Amount Due":: null

2024-02-03 23:06:15 - [TEST_STEP][PASSED] - selectOptionByLabel(findTestObject("Object Repository/RAD_Pages/Landing_Page/select_NewTaxReturnAmountDue_TaxType"), Taxtype, false): All options with label 'Bay Restoration Fee' are selected in object 'Object Repository/RAD_Pages/Landing_Page/select_NewTaxReturnAmountDue_TaxType' 

2024-02-03 23:06:16 - [MESSAGE][PASSED] - All options with label 'Bay Restoration Fee' are selected in object 'Object Repository/RAD_Pages/Landing_Page/select_NewTaxReturnAmountDue_TaxType' 

2024-02-03 23:06:16 - [TEST_STEP][PASSED] - break: null

2024-02-03 23:06:16 - [TEST_STEP][PASSED] - delay(1): Delayed 1 second(s)

2024-02-03 23:06:17 - [MESSAGE][PASSED] - Delayed 1 second(s)

2024-02-03 23:06:17 - [TEST_STEP][PASSED] - switch (Paymenttype): null

2024-02-03 23:06:17 - [TEST_STEP][PASSED] - case "New Tax Return Amount Due":: null

2024-02-03 23:06:17 - [TEST_STEP][PASSED] - if (feinSsn.equalsIgnoreCase("Y")): null

2024-02-03 23:06:17 - [TEST_STEP][PASSED] - else: Text ****** has been set on object 'Object Repository/RAD_Pages/TaxInfo_Page/input_FederalEIN_ReEnter-2'

2024-02-03 23:06:17 - [TEST_STEP][PASSED] - setEncryptedText(findTestObject(orPath_TaxInfo + "/input_FederalEIN-2"), "iGDxf8hSRT4="): Text ****** has been set on object 'Object Repository/RAD_Pages/TaxInfo_Page/input_FederalEIN-2'

2024-02-03 23:06:17 - [MESSAGE][PASSED] - Text ****** has been set on object 'Object Repository/RAD_Pages/TaxInfo_Page/input_FederalEIN-2'

2024-02-03 23:06:17 - [TEST_STEP][PASSED] - setEncryptedText(findTestObject(orPath_TaxInfo + "/input_FederalEIN_ReEnter-2"), ""): Text ****** has been set on object 'Object Repository/RAD_Pages/TaxInfo_Page/input_FederalEIN_ReEnter-2'

2024-02-03 23:06:18 - [MESSAGE][PASSED] - Text ****** has been set on object 'Object Repository/RAD_Pages/TaxInfo_Page/input_FederalEIN_ReEnter-2'

2024-02-03 23:06:18 - [TEST_STEP][PASSED] - break: null

2024-02-03 23:06:18 - [TEST_STEP][PASSED] - if (feinSsn.equalsIgnoreCase("Y")): null

2024-02-03 23:06:18 - [TEST_STEP][PASSED] - else: null

2024-02-03 23:06:18 - [TEST_STEP][PASSED] - if (verifyTextPresent("Please enter a valid FEIN with 9 digits.", true)): null

2024-02-03 23:06:19 - [MESSAGE][PASSED] - Text 'Please enter a valid FEIN with 9 digits.' is present on page  using regular expression

2024-02-03 23:06:19 - [TEST_STEP][PASSED] - println("Error Message is present on the page"): null

2024-02-03 23:06:19 - [TEST_STEP][PASSED] - out.println("Pass Record Number: " + row): null

2024-02-03 23:06:19 - [TEST_STEP][PASSED] - resText = "Pass": null

2024-02-03 23:06:19 - [TEST_STEP][PASSED] - pages.WriteExcel.demoKey(resText, datText, resColumn, datCloumn, fileLoc, nameSheet, row): pages.WriteExcel.demoKey is PASSED

2024-02-03 23:06:19 - [MESSAGE][PASSED] - pages.WriteExcel.demoKey is PASSED

2024-02-03 23:06:19 - [TEST_STEP][PASSED] - ExecuteTC = findTestData(dataFile).getValue("Execute", row): null

2024-02-03 23:06:19 - [TEST_STEP][PASSED] - Taxtype = findTestData(dataFile).getValue("TaxType", row): null

2024-02-03 23:06:19 - [TEST_STEP][PASSED] - Paymenttype = findTestData(dataFile).getValue("PaymentType", row): null

2024-02-03 23:06:19 - [TEST_STEP][PASSED] - feinSsn = findTestData(dataFile).getValue("FEINSSN", row): null

2024-02-03 23:06:19 - [TEST_STEP][PASSED] - out.println("Value of Execute is : " + ExecuteTC): null

2024-02-03 23:06:19 - [TEST_STEP][PASSED] - if (ExecuteTC.equalsIgnoreCase("Y")): null

2024-02-03 23:06:19 - [TEST_STEP][PASSED] - out.println("Begin Record Number: " + row): null

2024-02-03 23:06:19 - [TEST_STEP][PASSED] - today = new java.util.Date(): null

2024-02-03 23:06:19 - [TEST_STEP][PASSED] - println(today): null

2024-02-03 23:06:19 - [TEST_STEP][PASSED] - datText = today: null

2024-02-03 23:06:19 - [TEST_STEP][PASSED] - Taxtype = findTestData(dataFile).getValue("TaxType", row): null

2024-02-03 23:06:19 - [TEST_STEP][PASSED] - out.println("Taxtype value is : " + Taxtype): null

2024-02-03 23:06:19 - [TEST_STEP][PASSED] - openBrowser(""): Browser is opened with url: ''

2024-02-03 23:06:19 - [MESSAGE][WARNING] - A browser is already opened. Closing browser and opening a new one

2024-02-03 23:06:20 - [MESSAGE][INFO] - Starting 'Chrome' driver

2024-02-03 23:06:20 - [MESSAGE][INFO] - User set preference: ['acceptInsecureCerts', 'true']

2024-02-03 23:06:20 - [MESSAGE][INFO] - Action delay is set to 0 milliseconds

2024-02-03 23:06:22 - [MESSAGE][PASSED] - Browser is opened with url: ''

2024-02-03 23:06:22 - [TEST_STEP][PASSED] - maximizeWindow(): Current window maximized

2024-02-03 23:06:22 - [MESSAGE][PASSED] - Current window maximized

2024-02-03 23:06:22 - [TEST_STEP][PASSED] - navigateToUrl(RADurl): Navigate to 'https://qa2.velocitypayment.com/client/rad/index.html' successfully

2024-02-03 23:06:22 - [MESSAGE][PASSED] - Navigate to 'https://qa2.velocitypayment.com/client/rad/index.html' successfully

2024-02-03 23:06:22 - [TEST_STEP][PASSED] - orPath_Landing = "Object Repository/RAD_Pages/Landing_Page": null

2024-02-03 23:06:22 - [TEST_STEP][PASSED] - orPath_TaxTypeFilingYear = "Object Repository/RAD_Pages/TaxTypeFilingYear_Page": null

2024-02-03 23:06:22 - [TEST_STEP][PASSED] - orPath_TaxPayer = "Object Repository/RAD_Pages/Taxpayer_Page": null

2024-02-03 23:06:22 - [TEST_STEP][PASSED] - orPath_AddressContact = "Object Repository/RAD_Pages/AddressAndContactInfo_Page": null

2024-02-03 23:06:22 - [TEST_STEP][PASSED] - orPath_FilingStatus = "Object Repository/RAD_Pages/FilingStatus_Page": null

2024-02-03 23:06:22 - [TEST_STEP][PASSED] - orPath_Amount = "Object Repository/RAD_Pages/PaymentAmount_Page": null

2024-02-03 23:06:22 - [TEST_STEP][PASSED] - orPath_TaxInfo = "Object Repository/RAD_Pages/TaxInfo_Page": null

2024-02-03 23:06:22 - [TEST_STEP][PASSED] - orPath_Withholding = "Object Repository/RAD_Pages/Withholding_Page": null

2024-02-03 23:06:22 - [TEST_STEP][PASSED] - orPath_Summary = "Object Repository/RAD_Pages/Summary_Page": null

2024-02-03 23:06:22 - [TEST_STEP][PASSED] - orPath_PaymentReady = "Object Repository/RAD_Pages/PaymentReady_Page": null

2024-02-03 23:06:22 - [TEST_STEP][PASSED] - orPath_PaymentEntry = "Object Repository/RAD_Pages/PaymentEntry_Page": null

2024-02-03 23:06:22 - [TEST_STEP][PASSED] - orPath_PaymentConfirmation = "Object Repository/RAD_Pages/PaymentConfirmation_Page": null

2024-02-03 23:06:22 - [TEST_STEP][PASSED] - orPath_ServiceFeesAccept = "Object Repository/RAD_Pages/ServiceFeeAccept_Page": null

2024-02-03 23:06:22 - [TEST_STEP][PASSED] - selectOptionByLabel(findTestObject(orPath_Landing + "/dd_TaxType"), Paymenttype, false): All options with label 'New Tax Return Amount Due' are selected in object 'Object Repository/RAD_Pages/Landing_Page/dd_TaxType' 

2024-02-03 23:06:24 - [MESSAGE][PASSED] - All options with label 'New Tax Return Amount Due' are selected in object 'Object Repository/RAD_Pages/Landing_Page/dd_TaxType' 

2024-02-03 23:06:24 - [TEST_STEP][PASSED] - delay(1): Delayed 1 second(s)

2024-02-03 23:06:25 - [MESSAGE][PASSED] - Delayed 1 second(s)

2024-02-03 23:06:25 - [TEST_STEP][PASSED] - switch (Paymenttype): null

2024-02-03 23:06:25 - [TEST_STEP][PASSED] - case "New Tax Return Amount Due":: null

2024-02-03 23:06:25 - [TEST_STEP][PASSED] - selectOptionByLabel(findTestObject("Object Repository/RAD_Pages/Landing_Page/select_NewTaxReturnAmountDue_TaxType"), Taxtype, false): All options with label 'Corporate Income Tax' are selected in object 'Object Repository/RAD_Pages/Landing_Page/select_NewTaxReturnAmountDue_TaxType' 

2024-02-03 23:06:26 - [MESSAGE][PASSED] - All options with label 'Corporate Income Tax' are selected in object 'Object Repository/RAD_Pages/Landing_Page/select_NewTaxReturnAmountDue_TaxType' 

2024-02-03 23:06:26 - [TEST_STEP][PASSED] - break: null

2024-02-03 23:06:26 - [TEST_STEP][PASSED] - delay(1): Delayed 1 second(s)

2024-02-03 23:06:27 - [MESSAGE][PASSED] - Delayed 1 second(s)

2024-02-03 23:06:27 - [TEST_STEP][PASSED] - switch (Paymenttype): null

2024-02-03 23:06:27 - [TEST_STEP][PASSED] - case "New Tax Return Amount Due":: null

2024-02-03 23:06:27 - [TEST_STEP][PASSED] - if (feinSsn.equalsIgnoreCase("Y")): null

2024-02-03 23:06:27 - [TEST_STEP][PASSED] - else: Text ****** has been set on object 'Object Repository/RAD_Pages/TaxInfo_Page/input_FederalEIN_ReEnter-2'

2024-02-03 23:06:27 - [TEST_STEP][PASSED] - setEncryptedText(findTestObject(orPath_TaxInfo + "/input_FederalEIN-2"), "iGDxf8hSRT4="): Text ****** has been set on object 'Object Repository/RAD_Pages/TaxInfo_Page/input_FederalEIN-2'

2024-02-03 23:06:27 - [MESSAGE][PASSED] - Text ****** has been set on object 'Object Repository/RAD_Pages/TaxInfo_Page/input_FederalEIN-2'

2024-02-03 23:06:27 - [TEST_STEP][PASSED] - setEncryptedText(findTestObject(orPath_TaxInfo + "/input_FederalEIN_ReEnter-2"), ""): Text ****** has been set on object 'Object Repository/RAD_Pages/TaxInfo_Page/input_FederalEIN_ReEnter-2'

2024-02-03 23:06:28 - [MESSAGE][PASSED] - Text ****** has been set on object 'Object Repository/RAD_Pages/TaxInfo_Page/input_FederalEIN_ReEnter-2'

2024-02-03 23:06:28 - [TEST_STEP][PASSED] - break: null

2024-02-03 23:06:28 - [TEST_STEP][PASSED] - if (feinSsn.equalsIgnoreCase("Y")): null

2024-02-03 23:06:28 - [TEST_STEP][PASSED] - else: null

2024-02-03 23:06:28 - [TEST_STEP][PASSED] - if (verifyTextPresent("Please enter a valid FEIN with 9 digits.", true)): null

2024-02-03 23:06:29 - [MESSAGE][PASSED] - Text 'Please enter a valid FEIN with 9 digits.' is present on page  using regular expression

2024-02-03 23:06:29 - [TEST_STEP][PASSED] - println("Error Message is present on the page"): null

2024-02-03 23:06:29 - [TEST_STEP][PASSED] - out.println("Pass Record Number: " + row): null

2024-02-03 23:06:29 - [TEST_STEP][PASSED] - resText = "Pass": null

2024-02-03 23:06:29 - [TEST_STEP][PASSED] - pages.WriteExcel.demoKey(resText, datText, resColumn, datCloumn, fileLoc, nameSheet, row): pages.WriteExcel.demoKey is PASSED

2024-02-03 23:06:29 - [MESSAGE][PASSED] - pages.WriteExcel.demoKey is PASSED

2024-02-03 23:06:29 - [TEST_STEP][PASSED] - ExecuteTC = findTestData(dataFile).getValue("Execute", row): null

2024-02-03 23:06:29 - [TEST_STEP][PASSED] - Taxtype = findTestData(dataFile).getValue("TaxType", row): null

2024-02-03 23:06:29 - [TEST_STEP][PASSED] - Paymenttype = findTestData(dataFile).getValue("PaymentType", row): null

2024-02-03 23:06:29 - [TEST_STEP][PASSED] - feinSsn = findTestData(dataFile).getValue("FEINSSN", row): null

2024-02-03 23:06:29 - [TEST_STEP][PASSED] - out.println("Value of Execute is : " + ExecuteTC): null

2024-02-03 23:06:29 - [TEST_STEP][PASSED] - if (ExecuteTC.equalsIgnoreCase("Y")): null

2024-02-03 23:06:29 - [TEST_STEP][PASSED] - out.println("Begin Record Number: " + row): null

2024-02-03 23:06:29 - [TEST_STEP][PASSED] - today = new java.util.Date(): null

2024-02-03 23:06:29 - [TEST_STEP][PASSED] - println(today): null

2024-02-03 23:06:29 - [TEST_STEP][PASSED] - datText = today: null

2024-02-03 23:06:29 - [TEST_STEP][PASSED] - Taxtype = findTestData(dataFile).getValue("TaxType", row): null

2024-02-03 23:06:29 - [TEST_STEP][PASSED] - out.println("Taxtype value is : " + Taxtype): null

2024-02-03 23:06:29 - [TEST_STEP][PASSED] - openBrowser(""): Browser is opened with url: ''

2024-02-03 23:06:29 - [MESSAGE][WARNING] - A browser is already opened. Closing browser and opening a new one

2024-02-03 23:06:30 - [MESSAGE][INFO] - Starting 'Chrome' driver

2024-02-03 23:06:30 - [MESSAGE][INFO] - User set preference: ['acceptInsecureCerts', 'true']

2024-02-03 23:06:30 - [MESSAGE][INFO] - Action delay is set to 0 milliseconds

2024-02-03 23:06:32 - [MESSAGE][PASSED] - Browser is opened with url: ''

2024-02-03 23:06:32 - [TEST_STEP][PASSED] - maximizeWindow(): Current window maximized

2024-02-03 23:06:32 - [MESSAGE][PASSED] - Current window maximized

2024-02-03 23:06:32 - [TEST_STEP][PASSED] - navigateToUrl(RADurl): Navigate to 'https://qa2.velocitypayment.com/client/rad/index.html' successfully

2024-02-03 23:06:32 - [MESSAGE][PASSED] - Navigate to 'https://qa2.velocitypayment.com/client/rad/index.html' successfully

2024-02-03 23:06:32 - [TEST_STEP][PASSED] - orPath_Landing = "Object Repository/RAD_Pages/Landing_Page": null

2024-02-03 23:06:32 - [TEST_STEP][PASSED] - orPath_TaxTypeFilingYear = "Object Repository/RAD_Pages/TaxTypeFilingYear_Page": null

2024-02-03 23:06:32 - [TEST_STEP][PASSED] - orPath_TaxPayer = "Object Repository/RAD_Pages/Taxpayer_Page": null

2024-02-03 23:06:32 - [TEST_STEP][PASSED] - orPath_AddressContact = "Object Repository/RAD_Pages/AddressAndContactInfo_Page": null

2024-02-03 23:06:32 - [TEST_STEP][PASSED] - orPath_FilingStatus = "Object Repository/RAD_Pages/FilingStatus_Page": null

2024-02-03 23:06:32 - [TEST_STEP][PASSED] - orPath_Amount = "Object Repository/RAD_Pages/PaymentAmount_Page": null

2024-02-03 23:06:32 - [TEST_STEP][PASSED] - orPath_TaxInfo = "Object Repository/RAD_Pages/TaxInfo_Page": null

2024-02-03 23:06:32 - [TEST_STEP][PASSED] - orPath_Withholding = "Object Repository/RAD_Pages/Withholding_Page": null

2024-02-03 23:06:32 - [TEST_STEP][PASSED] - orPath_Summary = "Object Repository/RAD_Pages/Summary_Page": null

2024-02-03 23:06:32 - [TEST_STEP][PASSED] - orPath_PaymentReady = "Object Repository/RAD_Pages/PaymentReady_Page": null

2024-02-03 23:06:32 - [TEST_STEP][PASSED] - orPath_PaymentEntry = "Object Repository/RAD_Pages/PaymentEntry_Page": null

2024-02-03 23:06:32 - [TEST_STEP][PASSED] - orPath_PaymentConfirmation = "Object Repository/RAD_Pages/PaymentConfirmation_Page": null

2024-02-03 23:06:32 - [TEST_STEP][PASSED] - orPath_ServiceFeesAccept = "Object Repository/RAD_Pages/ServiceFeeAccept_Page": null

2024-02-03 23:06:32 - [TEST_STEP][PASSED] - selectOptionByLabel(findTestObject(orPath_Landing + "/dd_TaxType"), Paymenttype, false): All options with label 'New Tax Return Amount Due' are selected in object 'Object Repository/RAD_Pages/Landing_Page/dd_TaxType' 

2024-02-03 23:06:34 - [MESSAGE][PASSED] - All options with label 'New Tax Return Amount Due' are selected in object 'Object Repository/RAD_Pages/Landing_Page/dd_TaxType' 

2024-02-03 23:06:34 - [TEST_STEP][PASSED] - delay(1): Delayed 1 second(s)

2024-02-03 23:06:35 - [MESSAGE][PASSED] - Delayed 1 second(s)

2024-02-03 23:06:35 - [TEST_STEP][PASSED] - switch (Paymenttype): null

2024-02-03 23:06:35 - [TEST_STEP][PASSED] - case "New Tax Return Amount Due":: null

2024-02-03 23:06:35 - [TEST_STEP][PASSED] - selectOptionByLabel(findTestObject("Object Repository/RAD_Pages/Landing_Page/select_NewTaxReturnAmountDue_TaxType"), Taxtype, false): All options with label 'Motor Fuel Tax' are selected in object 'Object Repository/RAD_Pages/Landing_Page/select_NewTaxReturnAmountDue_TaxType' 

2024-02-03 23:06:36 - [MESSAGE][PASSED] - All options with label 'Motor Fuel Tax' are selected in object 'Object Repository/RAD_Pages/Landing_Page/select_NewTaxReturnAmountDue_TaxType' 

2024-02-03 23:06:36 - [TEST_STEP][PASSED] - break: null

2024-02-03 23:06:36 - [TEST_STEP][PASSED] - delay(1): Delayed 1 second(s)

2024-02-03 23:06:37 - [MESSAGE][PASSED] - Delayed 1 second(s)

2024-02-03 23:06:37 - [TEST_STEP][PASSED] - switch (Paymenttype): null

2024-02-03 23:06:37 - [TEST_STEP][PASSED] - case "New Tax Return Amount Due":: null

2024-02-03 23:06:37 - [TEST_STEP][PASSED] - if (feinSsn.equalsIgnoreCase("Y")): null

2024-02-03 23:06:37 - [TEST_STEP][PASSED] - else: Text ****** has been set on object 'Object Repository/RAD_Pages/TaxInfo_Page/input_FederalEIN_ReEnter-2'

2024-02-03 23:06:37 - [TEST_STEP][PASSED] - setEncryptedText(findTestObject(orPath_TaxInfo + "/input_FederalEIN-2"), "iGDxf8hSRT4="): Text ****** has been set on object 'Object Repository/RAD_Pages/TaxInfo_Page/input_FederalEIN-2'

2024-02-03 23:06:37 - [MESSAGE][PASSED] - Text ****** has been set on object 'Object Repository/RAD_Pages/TaxInfo_Page/input_FederalEIN-2'

2024-02-03 23:06:37 - [TEST_STEP][PASSED] - setEncryptedText(findTestObject(orPath_TaxInfo + "/input_FederalEIN_ReEnter-2"), ""): Text ****** has been set on object 'Object Repository/RAD_Pages/TaxInfo_Page/input_FederalEIN_ReEnter-2'

2024-02-03 23:06:38 - [MESSAGE][PASSED] - Text ****** has been set on object 'Object Repository/RAD_Pages/TaxInfo_Page/input_FederalEIN_ReEnter-2'

2024-02-03 23:06:38 - [TEST_STEP][PASSED] - break: null

2024-02-03 23:06:38 - [TEST_STEP][PASSED] - if (feinSsn.equalsIgnoreCase("Y")): null

2024-02-03 23:06:38 - [TEST_STEP][PASSED] - else: null

2024-02-03 23:06:38 - [TEST_STEP][PASSED] - if (verifyTextPresent("Please enter a valid FEIN with 9 digits.", true)): null

2024-02-03 23:06:39 - [MESSAGE][PASSED] - Text 'Please enter a valid FEIN with 9 digits.' is present on page  using regular expression

2024-02-03 23:06:39 - [TEST_STEP][PASSED] - println("Error Message is present on the page"): null

2024-02-03 23:06:39 - [TEST_STEP][PASSED] - out.println("Pass Record Number: " + row): null

2024-02-03 23:06:39 - [TEST_STEP][PASSED] - resText = "Pass": null

2024-02-03 23:06:39 - [TEST_STEP][PASSED] - pages.WriteExcel.demoKey(resText, datText, resColumn, datCloumn, fileLoc, nameSheet, row): pages.WriteExcel.demoKey is PASSED

2024-02-03 23:06:39 - [MESSAGE][PASSED] - pages.WriteExcel.demoKey is PASSED

2024-02-03 23:06:39 - [TEST_STEP][PASSED] - ExecuteTC = findTestData(dataFile).getValue("Execute", row): null

2024-02-03 23:06:39 - [TEST_STEP][PASSED] - Taxtype = findTestData(dataFile).getValue("TaxType", row): null

2024-02-03 23:06:39 - [TEST_STEP][PASSED] - Paymenttype = findTestData(dataFile).getValue("PaymentType", row): null

2024-02-03 23:06:39 - [TEST_STEP][PASSED] - feinSsn = findTestData(dataFile).getValue("FEINSSN", row): null

2024-02-03 23:06:39 - [TEST_STEP][PASSED] - out.println("Value of Execute is : " + ExecuteTC): null

2024-02-03 23:06:39 - [TEST_STEP][PASSED] - if (ExecuteTC.equalsIgnoreCase("Y")): null

2024-02-03 23:06:39 - [TEST_STEP][PASSED] - out.println("Begin Record Number: " + row): null

2024-02-03 23:06:39 - [TEST_STEP][PASSED] - today = new java.util.Date(): null

2024-02-03 23:06:39 - [TEST_STEP][PASSED] - println(today): null

2024-02-03 23:06:39 - [TEST_STEP][PASSED] - datText = today: null

2024-02-03 23:06:39 - [TEST_STEP][PASSED] - Taxtype = findTestData(dataFile).getValue("TaxType", row): null

2024-02-03 23:06:39 - [TEST_STEP][PASSED] - out.println("Taxtype value is : " + Taxtype): null

2024-02-03 23:06:39 - [TEST_STEP][PASSED] - openBrowser(""): Browser is opened with url: ''

2024-02-03 23:06:39 - [MESSAGE][WARNING] - A browser is already opened. Closing browser and opening a new one

2024-02-03 23:06:40 - [MESSAGE][INFO] - Starting 'Chrome' driver

2024-02-03 23:06:40 - [MESSAGE][INFO] - User set preference: ['acceptInsecureCerts', 'true']

2024-02-03 23:06:40 - [MESSAGE][INFO] - Action delay is set to 0 milliseconds

2024-02-03 23:06:42 - [MESSAGE][PASSED] - Browser is opened with url: ''

2024-02-03 23:06:42 - [TEST_STEP][PASSED] - maximizeWindow(): Current window maximized

2024-02-03 23:06:42 - [MESSAGE][PASSED] - Current window maximized

2024-02-03 23:06:42 - [TEST_STEP][PASSED] - navigateToUrl(RADurl): Navigate to 'https://qa2.velocitypayment.com/client/rad/index.html' successfully

2024-02-03 23:06:44 - [MESSAGE][PASSED] - Navigate to 'https://qa2.velocitypayment.com/client/rad/index.html' successfully

2024-02-03 23:06:44 - [TEST_STEP][PASSED] - orPath_Landing = "Object Repository/RAD_Pages/Landing_Page": null

2024-02-03 23:06:44 - [TEST_STEP][PASSED] - orPath_TaxTypeFilingYear = "Object Repository/RAD_Pages/TaxTypeFilingYear_Page": null

2024-02-03 23:06:44 - [TEST_STEP][PASSED] - orPath_TaxPayer = "Object Repository/RAD_Pages/Taxpayer_Page": null

2024-02-03 23:06:44 - [TEST_STEP][PASSED] - orPath_AddressContact = "Object Repository/RAD_Pages/AddressAndContactInfo_Page": null

2024-02-03 23:06:44 - [TEST_STEP][PASSED] - orPath_FilingStatus = "Object Repository/RAD_Pages/FilingStatus_Page": null

2024-02-03 23:06:44 - [TEST_STEP][PASSED] - orPath_Amount = "Object Repository/RAD_Pages/PaymentAmount_Page": null

2024-02-03 23:06:44 - [TEST_STEP][PASSED] - orPath_TaxInfo = "Object Repository/RAD_Pages/TaxInfo_Page": null

2024-02-03 23:06:44 - [TEST_STEP][PASSED] - orPath_Withholding = "Object Repository/RAD_Pages/Withholding_Page": null

2024-02-03 23:06:44 - [TEST_STEP][PASSED] - orPath_Summary = "Object Repository/RAD_Pages/Summary_Page": null

2024-02-03 23:06:44 - [TEST_STEP][PASSED] - orPath_PaymentReady = "Object Repository/RAD_Pages/PaymentReady_Page": null

2024-02-03 23:06:44 - [TEST_STEP][PASSED] - orPath_PaymentEntry = "Object Repository/RAD_Pages/PaymentEntry_Page": null

2024-02-03 23:06:44 - [TEST_STEP][PASSED] - orPath_PaymentConfirmation = "Object Repository/RAD_Pages/PaymentConfirmation_Page": null

2024-02-03 23:06:44 - [TEST_STEP][PASSED] - orPath_ServiceFeesAccept = "Object Repository/RAD_Pages/ServiceFeeAccept_Page": null

2024-02-03 23:06:44 - [TEST_STEP][PASSED] - selectOptionByLabel(findTestObject(orPath_Landing + "/dd_TaxType"), Paymenttype, false): All options with label 'New Tax Return Amount Due' are selected in object 'Object Repository/RAD_Pages/Landing_Page/dd_TaxType' 

2024-02-03 23:06:44 - [MESSAGE][PASSED] - All options with label 'New Tax Return Amount Due' are selected in object 'Object Repository/RAD_Pages/Landing_Page/dd_TaxType' 

2024-02-03 23:06:44 - [TEST_STEP][PASSED] - delay(1): Delayed 1 second(s)

2024-02-03 23:06:45 - [MESSAGE][PASSED] - Delayed 1 second(s)

2024-02-03 23:06:45 - [TEST_STEP][PASSED] - switch (Paymenttype): null

2024-02-03 23:06:45 - [TEST_STEP][PASSED] - case "New Tax Return Amount Due":: null

2024-02-03 23:06:45 - [TEST_STEP][PASSED] - selectOptionByLabel(findTestObject("Object Repository/RAD_Pages/Landing_Page/select_NewTaxReturnAmountDue_TaxType"), Taxtype, false): All options with label 'Sales and Use Tax' are selected in object 'Object Repository/RAD_Pages/Landing_Page/select_NewTaxReturnAmountDue_TaxType' 

2024-02-03 23:06:46 - [MESSAGE][PASSED] - All options with label 'Sales and Use Tax' are selected in object 'Object Repository/RAD_Pages/Landing_Page/select_NewTaxReturnAmountDue_TaxType' 

2024-02-03 23:06:46 - [TEST_STEP][PASSED] - break: null

2024-02-03 23:06:46 - [TEST_STEP][PASSED] - delay(1): Delayed 1 second(s)

2024-02-03 23:06:47 - [MESSAGE][PASSED] - Delayed 1 second(s)

2024-02-03 23:06:47 - [TEST_STEP][PASSED] - switch (Paymenttype): null

2024-02-03 23:06:47 - [TEST_STEP][PASSED] - case "New Tax Return Amount Due":: null

2024-02-03 23:06:47 - [TEST_STEP][PASSED] - if (feinSsn.equalsIgnoreCase("Y")): null

2024-02-03 23:06:47 - [TEST_STEP][PASSED] - else: Text ****** has been set on object 'Object Repository/RAD_Pages/TaxInfo_Page/input_FederalEIN_ReEnter-2'

2024-02-03 23:06:47 - [TEST_STEP][PASSED] - setEncryptedText(findTestObject(orPath_TaxInfo + "/input_FederalEIN-2"), "iGDxf8hSRT4="): Text ****** has been set on object 'Object Repository/RAD_Pages/TaxInfo_Page/input_FederalEIN-2'

2024-02-03 23:06:48 - [MESSAGE][PASSED] - Text ****** has been set on object 'Object Repository/RAD_Pages/TaxInfo_Page/input_FederalEIN-2'

2024-02-03 23:06:48 - [TEST_STEP][PASSED] - setEncryptedText(findTestObject(orPath_TaxInfo + "/input_FederalEIN_ReEnter-2"), ""): Text ****** has been set on object 'Object Repository/RAD_Pages/TaxInfo_Page/input_FederalEIN_ReEnter-2'

2024-02-03 23:06:48 - [MESSAGE][PASSED] - Text ****** has been set on object 'Object Repository/RAD_Pages/TaxInfo_Page/input_FederalEIN_ReEnter-2'

2024-02-03 23:06:48 - [TEST_STEP][PASSED] - break: null

2024-02-03 23:06:48 - [TEST_STEP][PASSED] - if (feinSsn.equalsIgnoreCase("Y")): null

2024-02-03 23:06:48 - [TEST_STEP][PASSED] - else: null

2024-02-03 23:06:48 - [TEST_STEP][PASSED] - if (verifyTextPresent("Please enter a valid FEIN with 9 digits.", true)): null

2024-02-03 23:06:49 - [MESSAGE][PASSED] - Text 'Please enter a valid FEIN with 9 digits.' is present on page  using regular expression

2024-02-03 23:06:49 - [TEST_STEP][PASSED] - println("Error Message is present on the page"): null

2024-02-03 23:06:49 - [TEST_STEP][PASSED] - out.println("Pass Record Number: " + row): null

2024-02-03 23:06:49 - [TEST_STEP][PASSED] - resText = "Pass": null

2024-02-03 23:06:49 - [TEST_STEP][PASSED] - pages.WriteExcel.demoKey(resText, datText, resColumn, datCloumn, fileLoc, nameSheet, row): pages.WriteExcel.demoKey is PASSED

2024-02-03 23:06:49 - [MESSAGE][PASSED] - pages.WriteExcel.demoKey is PASSED

2024-02-03 23:06:49 - [TEST_STEP][PASSED] - ExecuteTC = findTestData(dataFile).getValue("Execute", row): null

2024-02-03 23:06:49 - [TEST_STEP][PASSED] - Taxtype = findTestData(dataFile).getValue("TaxType", row): null

2024-02-03 23:06:49 - [TEST_STEP][PASSED] - Paymenttype = findTestData(dataFile).getValue("PaymentType", row): null

2024-02-03 23:06:49 - [TEST_STEP][PASSED] - feinSsn = findTestData(dataFile).getValue("FEINSSN", row): null

2024-02-03 23:06:49 - [TEST_STEP][PASSED] - out.println("Value of Execute is : " + ExecuteTC): null

2024-02-03 23:06:49 - [TEST_STEP][PASSED] - if (ExecuteTC.equalsIgnoreCase("Y")): null

2024-02-03 23:06:49 - [TEST_STEP][PASSED] - out.println("Begin Record Number: " + row): null

2024-02-03 23:06:49 - [TEST_STEP][PASSED] - today = new java.util.Date(): null

2024-02-03 23:06:49 - [TEST_STEP][PASSED] - println(today): null

2024-02-03 23:06:49 - [TEST_STEP][PASSED] - datText = today: null

2024-02-03 23:06:49 - [TEST_STEP][PASSED] - Taxtype = findTestData(dataFile).getValue("TaxType", row): null

2024-02-03 23:06:49 - [TEST_STEP][PASSED] - out.println("Taxtype value is : " + Taxtype): null

2024-02-03 23:06:49 - [TEST_STEP][PASSED] - openBrowser(""): Browser is opened with url: ''

2024-02-03 23:06:49 - [MESSAGE][WARNING] - A browser is already opened. Closing browser and opening a new one

2024-02-03 23:06:51 - [MESSAGE][INFO] - Starting 'Chrome' driver

2024-02-03 23:06:51 - [MESSAGE][INFO] - User set preference: ['acceptInsecureCerts', 'true']

2024-02-03 23:06:51 - [MESSAGE][INFO] - Action delay is set to 0 milliseconds

2024-02-03 23:06:52 - [MESSAGE][PASSED] - Browser is opened with url: ''

2024-02-03 23:06:52 - [TEST_STEP][PASSED] - maximizeWindow(): Current window maximized

2024-02-03 23:06:52 - [MESSAGE][PASSED] - Current window maximized

2024-02-03 23:06:52 - [TEST_STEP][PASSED] - navigateToUrl(RADurl): Navigate to 'https://qa2.velocitypayment.com/client/rad/index.html' successfully

2024-02-03 23:06:54 - [MESSAGE][PASSED] - Navigate to 'https://qa2.velocitypayment.com/client/rad/index.html' successfully

2024-02-03 23:06:54 - [TEST_STEP][PASSED] - orPath_Landing = "Object Repository/RAD_Pages/Landing_Page": null

2024-02-03 23:06:54 - [TEST_STEP][PASSED] - orPath_TaxTypeFilingYear = "Object Repository/RAD_Pages/TaxTypeFilingYear_Page": null

2024-02-03 23:06:54 - [TEST_STEP][PASSED] - orPath_TaxPayer = "Object Repository/RAD_Pages/Taxpayer_Page": null

2024-02-03 23:06:54 - [TEST_STEP][PASSED] - orPath_AddressContact = "Object Repository/RAD_Pages/AddressAndContactInfo_Page": null

2024-02-03 23:06:54 - [TEST_STEP][PASSED] - orPath_FilingStatus = "Object Repository/RAD_Pages/FilingStatus_Page": null

2024-02-03 23:06:54 - [TEST_STEP][PASSED] - orPath_Amount = "Object Repository/RAD_Pages/PaymentAmount_Page": null

2024-02-03 23:06:54 - [TEST_STEP][PASSED] - orPath_TaxInfo = "Object Repository/RAD_Pages/TaxInfo_Page": null

2024-02-03 23:06:54 - [TEST_STEP][PASSED] - orPath_Withholding = "Object Repository/RAD_Pages/Withholding_Page": null

2024-02-03 23:06:54 - [TEST_STEP][PASSED] - orPath_Summary = "Object Repository/RAD_Pages/Summary_Page": null

2024-02-03 23:06:54 - [TEST_STEP][PASSED] - orPath_PaymentReady = "Object Repository/RAD_Pages/PaymentReady_Page": null

2024-02-03 23:06:54 - [TEST_STEP][PASSED] - orPath_PaymentEntry = "Object Repository/RAD_Pages/PaymentEntry_Page": null

2024-02-03 23:06:54 - [TEST_STEP][PASSED] - orPath_PaymentConfirmation = "Object Repository/RAD_Pages/PaymentConfirmation_Page": null

2024-02-03 23:06:54 - [TEST_STEP][PASSED] - orPath_ServiceFeesAccept = "Object Repository/RAD_Pages/ServiceFeeAccept_Page": null

2024-02-03 23:06:54 - [TEST_STEP][PASSED] - selectOptionByLabel(findTestObject(orPath_Landing + "/dd_TaxType"), Paymenttype, false): All options with label 'New Tax Return Amount Due' are selected in object 'Object Repository/RAD_Pages/Landing_Page/dd_TaxType' 

2024-02-03 23:06:55 - [MESSAGE][PASSED] - All options with label 'New Tax Return Amount Due' are selected in object 'Object Repository/RAD_Pages/Landing_Page/dd_TaxType' 

2024-02-03 23:06:55 - [TEST_STEP][PASSED] - delay(1): Delayed 1 second(s)

2024-02-03 23:06:56 - [MESSAGE][PASSED] - Delayed 1 second(s)

2024-02-03 23:06:56 - [TEST_STEP][PASSED] - switch (Paymenttype): null

2024-02-03 23:06:56 - [TEST_STEP][PASSED] - case "New Tax Return Amount Due":: null

2024-02-03 23:06:56 - [TEST_STEP][PASSED] - selectOptionByLabel(findTestObject("Object Repository/RAD_Pages/Landing_Page/select_NewTaxReturnAmountDue_TaxType"), Taxtype, false): All options with label 'Slots License Fee' are selected in object 'Object Repository/RAD_Pages/Landing_Page/select_NewTaxReturnAmountDue_TaxType' 

2024-02-03 23:06:56 - [MESSAGE][PASSED] - All options with label 'Slots License Fee' are selected in object 'Object Repository/RAD_Pages/Landing_Page/select_NewTaxReturnAmountDue_TaxType' 

2024-02-03 23:06:56 - [TEST_STEP][PASSED] - break: null

2024-02-03 23:06:56 - [TEST_STEP][PASSED] - delay(1): Delayed 1 second(s)

2024-02-03 23:06:57 - [MESSAGE][PASSED] - Delayed 1 second(s)

2024-02-03 23:06:57 - [TEST_STEP][PASSED] - switch (Paymenttype): null

2024-02-03 23:06:57 - [TEST_STEP][PASSED] - case "New Tax Return Amount Due":: null

2024-02-03 23:06:57 - [TEST_STEP][PASSED] - if (feinSsn.equalsIgnoreCase("Y")): null

2024-02-03 23:06:57 - [TEST_STEP][PASSED] - else: Text ****** has been set on object 'Object Repository/RAD_Pages/TaxInfo_Page/input_FederalEIN_ReEnter-2'

2024-02-03 23:06:57 - [TEST_STEP][PASSED] - setEncryptedText(findTestObject(orPath_TaxInfo + "/input_FederalEIN-2"), "iGDxf8hSRT4="): Text ****** has been set on object 'Object Repository/RAD_Pages/TaxInfo_Page/input_FederalEIN-2'

2024-02-03 23:06:58 - [MESSAGE][PASSED] - Text ****** has been set on object 'Object Repository/RAD_Pages/TaxInfo_Page/input_FederalEIN-2'

2024-02-03 23:06:58 - [TEST_STEP][PASSED] - setEncryptedText(findTestObject(orPath_TaxInfo + "/input_FederalEIN_ReEnter-2"), ""): Text ****** has been set on object 'Object Repository/RAD_Pages/TaxInfo_Page/input_FederalEIN_ReEnter-2'

2024-02-03 23:06:58 - [MESSAGE][PASSED] - Text ****** has been set on object 'Object Repository/RAD_Pages/TaxInfo_Page/input_FederalEIN_ReEnter-2'

2024-02-03 23:06:59 - [TEST_STEP][PASSED] - break: null

2024-02-03 23:06:59 - [TEST_STEP][PASSED] - if (feinSsn.equalsIgnoreCase("Y")): null

2024-02-03 23:06:59 - [TEST_STEP][PASSED] - else: null

2024-02-03 23:06:59 - [TEST_STEP][PASSED] - if (verifyTextPresent("Please enter a valid FEIN with 9 digits.", true)): null

2024-02-03 23:06:59 - [MESSAGE][PASSED] - Text 'Please enter a valid FEIN with 9 digits.' is present on page  using regular expression

2024-02-03 23:06:59 - [TEST_STEP][PASSED] - println("Error Message is present on the page"): null

2024-02-03 23:06:59 - [TEST_STEP][PASSED] - out.println("Pass Record Number: " + row): null

2024-02-03 23:06:59 - [TEST_STEP][PASSED] - resText = "Pass": null

2024-02-03 23:06:59 - [TEST_STEP][PASSED] - pages.WriteExcel.demoKey(resText, datText, resColumn, datCloumn, fileLoc, nameSheet, row): pages.WriteExcel.demoKey is PASSED

2024-02-03 23:06:59 - [MESSAGE][PASSED] - pages.WriteExcel.demoKey is PASSED

2024-02-03 23:06:59 - [TEST_STEP][PASSED] - ExecuteTC = findTestData(dataFile).getValue("Execute", row): null

2024-02-03 23:06:59 - [TEST_STEP][PASSED] - Taxtype = findTestData(dataFile).getValue("TaxType", row): null

2024-02-03 23:06:59 - [TEST_STEP][PASSED] - Paymenttype = findTestData(dataFile).getValue("PaymentType", row): null

2024-02-03 23:06:59 - [TEST_STEP][PASSED] - feinSsn = findTestData(dataFile).getValue("FEINSSN", row): null

2024-02-03 23:06:59 - [TEST_STEP][PASSED] - out.println("Value of Execute is : " + ExecuteTC): null

2024-02-03 23:06:59 - [TEST_STEP][PASSED] - if (ExecuteTC.equalsIgnoreCase("Y")): null

2024-02-03 23:06:59 - [TEST_STEP][PASSED] - out.println("Begin Record Number: " + row): null

2024-02-03 23:06:59 - [TEST_STEP][PASSED] - today = new java.util.Date(): null

2024-02-03 23:06:59 - [TEST_STEP][PASSED] - println(today): null

2024-02-03 23:06:59 - [TEST_STEP][PASSED] - datText = today: null

2024-02-03 23:06:59 - [TEST_STEP][PASSED] - Taxtype = findTestData(dataFile).getValue("TaxType", row): null

2024-02-03 23:06:59 - [TEST_STEP][PASSED] - out.println("Taxtype value is : " + Taxtype): null

2024-02-03 23:06:59 - [TEST_STEP][PASSED] - openBrowser(""): Browser is opened with url: ''

2024-02-03 23:06:59 - [MESSAGE][WARNING] - A browser is already opened. Closing browser and opening a new one

2024-02-03 23:07:01 - [MESSAGE][INFO] - Starting 'Chrome' driver

2024-02-03 23:07:01 - [MESSAGE][INFO] - User set preference: ['acceptInsecureCerts', 'true']

2024-02-03 23:07:01 - [MESSAGE][INFO] - Action delay is set to 0 milliseconds

2024-02-03 23:07:02 - [MESSAGE][PASSED] - Browser is opened with url: ''

2024-02-03 23:07:02 - [TEST_STEP][PASSED] - maximizeWindow(): Current window maximized

2024-02-03 23:07:02 - [MESSAGE][PASSED] - Current window maximized

2024-02-03 23:07:02 - [TEST_STEP][PASSED] - navigateToUrl(RADurl): Navigate to 'https://qa2.velocitypayment.com/client/rad/index.html' successfully

2024-02-03 23:07:05 - [MESSAGE][PASSED] - Navigate to 'https://qa2.velocitypayment.com/client/rad/index.html' successfully

2024-02-03 23:07:05 - [TEST_STEP][PASSED] - orPath_Landing = "Object Repository/RAD_Pages/Landing_Page": null

2024-02-03 23:07:05 - [TEST_STEP][PASSED] - orPath_TaxTypeFilingYear = "Object Repository/RAD_Pages/TaxTypeFilingYear_Page": null

2024-02-03 23:07:05 - [TEST_STEP][PASSED] - orPath_TaxPayer = "Object Repository/RAD_Pages/Taxpayer_Page": null

2024-02-03 23:07:05 - [TEST_STEP][PASSED] - orPath_AddressContact = "Object Repository/RAD_Pages/AddressAndContactInfo_Page": null

2024-02-03 23:07:05 - [TEST_STEP][PASSED] - orPath_FilingStatus = "Object Repository/RAD_Pages/FilingStatus_Page": null

2024-02-03 23:07:05 - [TEST_STEP][PASSED] - orPath_Amount = "Object Repository/RAD_Pages/PaymentAmount_Page": null

2024-02-03 23:07:05 - [TEST_STEP][PASSED] - orPath_TaxInfo = "Object Repository/RAD_Pages/TaxInfo_Page": null

2024-02-03 23:07:05 - [TEST_STEP][PASSED] - orPath_Withholding = "Object Repository/RAD_Pages/Withholding_Page": null

2024-02-03 23:07:05 - [TEST_STEP][PASSED] - orPath_Summary = "Object Repository/RAD_Pages/Summary_Page": null

2024-02-03 23:07:05 - [TEST_STEP][PASSED] - orPath_PaymentReady = "Object Repository/RAD_Pages/PaymentReady_Page": null

2024-02-03 23:07:05 - [TEST_STEP][PASSED] - orPath_PaymentEntry = "Object Repository/RAD_Pages/PaymentEntry_Page": null

2024-02-03 23:07:05 - [TEST_STEP][PASSED] - orPath_PaymentConfirmation = "Object Repository/RAD_Pages/PaymentConfirmation_Page": null

2024-02-03 23:07:05 - [TEST_STEP][PASSED] - orPath_ServiceFeesAccept = "Object Repository/RAD_Pages/ServiceFeeAccept_Page": null

2024-02-03 23:07:05 - [TEST_STEP][PASSED] - selectOptionByLabel(findTestObject(orPath_Landing + "/dd_TaxType"), Paymenttype, false): All options with label 'New Tax Return Amount Due' are selected in object 'Object Repository/RAD_Pages/Landing_Page/dd_TaxType' 

2024-02-03 23:07:05 - [MESSAGE][PASSED] - All options with label 'New Tax Return Amount Due' are selected in object 'Object Repository/RAD_Pages/Landing_Page/dd_TaxType' 

2024-02-03 23:07:05 - [TEST_STEP][PASSED] - delay(1): Delayed 1 second(s)

2024-02-03 23:07:06 - [MESSAGE][PASSED] - Delayed 1 second(s)

2024-02-03 23:07:06 - [TEST_STEP][PASSED] - switch (Paymenttype): null

2024-02-03 23:07:06 - [TEST_STEP][PASSED] - case "New Tax Return Amount Due":: null

2024-02-03 23:07:06 - [TEST_STEP][PASSED] - selectOptionByLabel(findTestObject("Object Repository/RAD_Pages/Landing_Page/select_NewTaxReturnAmountDue_TaxType"), Taxtype, false): All options with label 'Tire Recycling Fee' are selected in object 'Object Repository/RAD_Pages/Landing_Page/select_NewTaxReturnAmountDue_TaxType' 

2024-02-03 23:07:07 - [MESSAGE][PASSED] - All options with label 'Tire Recycling Fee' are selected in object 'Object Repository/RAD_Pages/Landing_Page/select_NewTaxReturnAmountDue_TaxType' 

2024-02-03 23:07:07 - [TEST_STEP][PASSED] - break: null

2024-02-03 23:07:07 - [TEST_STEP][PASSED] - delay(1): Delayed 1 second(s)

2024-02-03 23:07:08 - [MESSAGE][PASSED] - Delayed 1 second(s)

2024-02-03 23:07:08 - [TEST_STEP][PASSED] - switch (Paymenttype): null

2024-02-03 23:07:08 - [TEST_STEP][PASSED] - case "New Tax Return Amount Due":: null

2024-02-03 23:07:08 - [TEST_STEP][PASSED] - if (feinSsn.equalsIgnoreCase("Y")): null

2024-02-03 23:07:08 - [TEST_STEP][PASSED] - else: Text ****** has been set on object 'Object Repository/RAD_Pages/TaxInfo_Page/input_FederalEIN_ReEnter-2'

2024-02-03 23:07:08 - [TEST_STEP][PASSED] - setEncryptedText(findTestObject(orPath_TaxInfo + "/input_FederalEIN-2"), "iGDxf8hSRT4="): Text ****** has been set on object 'Object Repository/RAD_Pages/TaxInfo_Page/input_FederalEIN-2'

2024-02-03 23:07:09 - [MESSAGE][PASSED] - Text ****** has been set on object 'Object Repository/RAD_Pages/TaxInfo_Page/input_FederalEIN-2'

2024-02-03 23:07:09 - [TEST_STEP][PASSED] - setEncryptedText(findTestObject(orPath_TaxInfo + "/input_FederalEIN_ReEnter-2"), ""): Text ****** has been set on object 'Object Repository/RAD_Pages/TaxInfo_Page/input_FederalEIN_ReEnter-2'

2024-02-03 23:07:09 - [MESSAGE][PASSED] - Text ****** has been set on object 'Object Repository/RAD_Pages/TaxInfo_Page/input_FederalEIN_ReEnter-2'

2024-02-03 23:07:09 - [TEST_STEP][PASSED] - break: null

2024-02-03 23:07:09 - [TEST_STEP][PASSED] - if (feinSsn.equalsIgnoreCase("Y")): null

2024-02-03 23:07:09 - [TEST_STEP][PASSED] - else: null

2024-02-03 23:07:09 - [TEST_STEP][PASSED] - if (verifyTextPresent("Please enter a valid FEIN with 9 digits.", true)): null

2024-02-03 23:07:10 - [MESSAGE][PASSED] - Text 'Please enter a valid FEIN with 9 digits.' is present on page  using regular expression

2024-02-03 23:07:10 - [TEST_STEP][PASSED] - println("Error Message is present on the page"): null

2024-02-03 23:07:10 - [TEST_STEP][PASSED] - out.println("Pass Record Number: " + row): null

2024-02-03 23:07:10 - [TEST_STEP][PASSED] - resText = "Pass": null

2024-02-03 23:07:10 - [TEST_STEP][PASSED] - pages.WriteExcel.demoKey(resText, datText, resColumn, datCloumn, fileLoc, nameSheet, row): pages.WriteExcel.demoKey is PASSED

2024-02-03 23:07:10 - [MESSAGE][PASSED] - pages.WriteExcel.demoKey is PASSED

2024-02-03 23:07:10 - [TEST_STEP][PASSED] - ExecuteTC = findTestData(dataFile).getValue("Execute", row): null

2024-02-03 23:07:10 - [TEST_STEP][PASSED] - Taxtype = findTestData(dataFile).getValue("TaxType", row): null

2024-02-03 23:07:10 - [TEST_STEP][PASSED] - Paymenttype = findTestData(dataFile).getValue("PaymentType", row): null

2024-02-03 23:07:10 - [TEST_STEP][PASSED] - feinSsn = findTestData(dataFile).getValue("FEINSSN", row): null

2024-02-03 23:07:10 - [TEST_STEP][PASSED] - out.println("Value of Execute is : " + ExecuteTC): null

2024-02-03 23:07:10 - [TEST_STEP][PASSED] - if (ExecuteTC.equalsIgnoreCase("Y")): null

2024-02-03 23:07:10 - [TEST_STEP][PASSED] - out.println("Begin Record Number: " + row): null

2024-02-03 23:07:10 - [TEST_STEP][PASSED] - today = new java.util.Date(): null

2024-02-03 23:07:10 - [TEST_STEP][PASSED] - println(today): null

2024-02-03 23:07:10 - [TEST_STEP][PASSED] - datText = today: null

2024-02-03 23:07:10 - [TEST_STEP][PASSED] - Taxtype = findTestData(dataFile).getValue("TaxType", row): null

2024-02-03 23:07:10 - [TEST_STEP][PASSED] - out.println("Taxtype value is : " + Taxtype): null

2024-02-03 23:07:10 - [TEST_STEP][PASSED] - openBrowser(""): Browser is opened with url: ''

2024-02-03 23:07:10 - [MESSAGE][WARNING] - A browser is already opened. Closing browser and opening a new one

2024-02-03 23:07:11 - [MESSAGE][INFO] - Starting 'Chrome' driver

2024-02-03 23:07:11 - [MESSAGE][INFO] - User set preference: ['acceptInsecureCerts', 'true']

2024-02-03 23:07:11 - [MESSAGE][INFO] - Action delay is set to 0 milliseconds

2024-02-03 23:07:13 - [MESSAGE][PASSED] - Browser is opened with url: ''

2024-02-03 23:07:13 - [TEST_STEP][PASSED] - maximizeWindow(): Current window maximized

2024-02-03 23:07:13 - [MESSAGE][PASSED] - Current window maximized

2024-02-03 23:07:13 - [TEST_STEP][PASSED] - navigateToUrl(RADurl): Navigate to 'https://qa2.velocitypayment.com/client/rad/index.html' successfully

2024-02-03 23:07:14 - [MESSAGE][PASSED] - Navigate to 'https://qa2.velocitypayment.com/client/rad/index.html' successfully

2024-02-03 23:07:14 - [TEST_STEP][PASSED] - orPath_Landing = "Object Repository/RAD_Pages/Landing_Page": null

2024-02-03 23:07:14 - [TEST_STEP][PASSED] - orPath_TaxTypeFilingYear = "Object Repository/RAD_Pages/TaxTypeFilingYear_Page": null

2024-02-03 23:07:14 - [TEST_STEP][PASSED] - orPath_TaxPayer = "Object Repository/RAD_Pages/Taxpayer_Page": null

2024-02-03 23:07:14 - [TEST_STEP][PASSED] - orPath_AddressContact = "Object Repository/RAD_Pages/AddressAndContactInfo_Page": null

2024-02-03 23:07:14 - [TEST_STEP][PASSED] - orPath_FilingStatus = "Object Repository/RAD_Pages/FilingStatus_Page": null

2024-02-03 23:07:14 - [TEST_STEP][PASSED] - orPath_Amount = "Object Repository/RAD_Pages/PaymentAmount_Page": null

2024-02-03 23:07:14 - [TEST_STEP][PASSED] - orPath_TaxInfo = "Object Repository/RAD_Pages/TaxInfo_Page": null

2024-02-03 23:07:14 - [TEST_STEP][PASSED] - orPath_Withholding = "Object Repository/RAD_Pages/Withholding_Page": null

2024-02-03 23:07:14 - [TEST_STEP][PASSED] - orPath_Summary = "Object Repository/RAD_Pages/Summary_Page": null

2024-02-03 23:07:14 - [TEST_STEP][PASSED] - orPath_PaymentReady = "Object Repository/RAD_Pages/PaymentReady_Page": null

2024-02-03 23:07:14 - [TEST_STEP][PASSED] - orPath_PaymentEntry = "Object Repository/RAD_Pages/PaymentEntry_Page": null

2024-02-03 23:07:14 - [TEST_STEP][PASSED] - orPath_PaymentConfirmation = "Object Repository/RAD_Pages/PaymentConfirmation_Page": null

2024-02-03 23:07:14 - [TEST_STEP][PASSED] - orPath_ServiceFeesAccept = "Object Repository/RAD_Pages/ServiceFeeAccept_Page": null

2024-02-03 23:07:14 - [TEST_STEP][PASSED] - selectOptionByLabel(findTestObject(orPath_Landing + "/dd_TaxType"), Paymenttype, false): All options with label 'New Tax Return Amount Due' are selected in object 'Object Repository/RAD_Pages/Landing_Page/dd_TaxType' 

2024-02-03 23:07:15 - [MESSAGE][PASSED] - All options with label 'New Tax Return Amount Due' are selected in object 'Object Repository/RAD_Pages/Landing_Page/dd_TaxType' 

2024-02-03 23:07:15 - [TEST_STEP][PASSED] - delay(1): Delayed 1 second(s)

2024-02-03 23:07:16 - [MESSAGE][PASSED] - Delayed 1 second(s)

2024-02-03 23:07:16 - [TEST_STEP][PASSED] - switch (Paymenttype): null

2024-02-03 23:07:16 - [TEST_STEP][PASSED] - case "New Tax Return Amount Due":: null

2024-02-03 23:07:16 - [TEST_STEP][PASSED] - selectOptionByLabel(findTestObject("Object Repository/RAD_Pages/Landing_Page/select_NewTaxReturnAmountDue_TaxType"), Taxtype, false): All options with label 'Tobacco Tax' are selected in object 'Object Repository/RAD_Pages/Landing_Page/select_NewTaxReturnAmountDue_TaxType' 

2024-02-03 23:07:17 - [MESSAGE][PASSED] - All options with label 'Tobacco Tax' are selected in object 'Object Repository/RAD_Pages/Landing_Page/select_NewTaxReturnAmountDue_TaxType' 

2024-02-03 23:07:17 - [TEST_STEP][PASSED] - break: null

2024-02-03 23:07:17 - [TEST_STEP][PASSED] - delay(1): Delayed 1 second(s)

2024-02-03 23:07:18 - [MESSAGE][PASSED] - Delayed 1 second(s)

2024-02-03 23:07:18 - [TEST_STEP][PASSED] - switch (Paymenttype): null

2024-02-03 23:07:18 - [TEST_STEP][PASSED] - case "New Tax Return Amount Due":: null

2024-02-03 23:07:18 - [TEST_STEP][PASSED] - if (feinSsn.equalsIgnoreCase("Y")): Text ****** has been set on object 'Object Repository/RAD_Pages/TaxInfo_Page/input_TaxInfo_RetypeFeinSsn_New_2'

2024-02-03 23:07:18 - [TEST_STEP][PASSED] - setEncryptedText(findTestObject(orPath_TaxInfo + "//input_TaxInfo_FeinSsn_New_2"), "iGDxf8hSRT4="): Text ****** has been set on object 'Object Repository/RAD_Pages/TaxInfo_Page//input_TaxInfo_FeinSsn_New_2'

2024-02-03 23:07:18 - [MESSAGE][PASSED] - Text ****** has been set on object 'Object Repository/RAD_Pages/TaxInfo_Page//input_TaxInfo_FeinSsn_New_2'

2024-02-03 23:07:18 - [TEST_STEP][PASSED] - setEncryptedText(findTestObject(orPath_TaxInfo + "/input_TaxInfo_RetypeFeinSsn_New_2"), ""): Text ****** has been set on object 'Object Repository/RAD_Pages/TaxInfo_Page/input_TaxInfo_RetypeFeinSsn_New_2'

2024-02-03 23:07:19 - [MESSAGE][PASSED] - Text ****** has been set on object 'Object Repository/RAD_Pages/TaxInfo_Page/input_TaxInfo_RetypeFeinSsn_New_2'

2024-02-03 23:07:19 - [TEST_STEP][PASSED] - break: null

2024-02-03 23:07:19 - [TEST_STEP][PASSED] - if (feinSsn.equalsIgnoreCase("Y")): null

2024-02-03 23:07:19 - [TEST_STEP][PASSED] - if (verifyTextPresent("Please enter a valid FEIN/SSN with 9 digits", true)): null

2024-02-03 23:07:20 - [MESSAGE][PASSED] - Text 'Please enter a valid FEIN/SSN with 9 digits' is present on page  using regular expression

2024-02-03 23:07:20 - [TEST_STEP][PASSED] - println("Error Message is present on the page"): null

2024-02-03 23:07:20 - [TEST_STEP][PASSED] - out.println("Pass Record Number: " + row): null

2024-02-03 23:07:20 - [TEST_STEP][PASSED] - resText = "Pass": null

2024-02-03 23:07:20 - [TEST_STEP][PASSED] - pages.WriteExcel.demoKey(resText, datText, resColumn, datCloumn, fileLoc, nameSheet, row): pages.WriteExcel.demoKey is PASSED

2024-02-03 23:07:20 - [MESSAGE][PASSED] - pages.WriteExcel.demoKey is PASSED

2024-02-03 23:07:20 - [TEST_STEP][PASSED] - ExecuteTC = findTestData(dataFile).getValue("Execute", row): null

2024-02-03 23:07:20 - [TEST_STEP][PASSED] - Taxtype = findTestData(dataFile).getValue("TaxType", row): null

2024-02-03 23:07:20 - [TEST_STEP][PASSED] - Paymenttype = findTestData(dataFile).getValue("PaymentType", row): null

2024-02-03 23:07:20 - [TEST_STEP][PASSED] - feinSsn = findTestData(dataFile).getValue("FEINSSN", row): null

2024-02-03 23:07:20 - [TEST_STEP][PASSED] - out.println("Value of Execute is : " + ExecuteTC): null

2024-02-03 23:07:20 - [TEST_STEP][PASSED] - if (ExecuteTC.equalsIgnoreCase("Y")): null

2024-02-03 23:07:20 - [TEST_STEP][PASSED] - out.println("Begin Record Number: " + row): null

2024-02-03 23:07:20 - [TEST_STEP][PASSED] - today = new java.util.Date(): null

2024-02-03 23:07:20 - [TEST_STEP][PASSED] - println(today): null

2024-02-03 23:07:20 - [TEST_STEP][PASSED] - datText = today: null

2024-02-03 23:07:20 - [TEST_STEP][PASSED] - Taxtype = findTestData(dataFile).getValue("TaxType", row): null

2024-02-03 23:07:20 - [TEST_STEP][PASSED] - out.println("Taxtype value is : " + Taxtype): null

2024-02-03 23:07:20 - [TEST_STEP][PASSED] - openBrowser(""): Browser is opened with url: ''

2024-02-03 23:07:20 - [MESSAGE][WARNING] - A browser is already opened. Closing browser and opening a new one

2024-02-03 23:07:21 - [MESSAGE][INFO] - Starting 'Chrome' driver

2024-02-03 23:07:21 - [MESSAGE][INFO] - User set preference: ['acceptInsecureCerts', 'true']

2024-02-03 23:07:21 - [MESSAGE][INFO] - Action delay is set to 0 milliseconds

2024-02-03 23:07:23 - [MESSAGE][PASSED] - Browser is opened with url: ''

2024-02-03 23:07:23 - [TEST_STEP][PASSED] - maximizeWindow(): Current window maximized

2024-02-03 23:07:23 - [MESSAGE][PASSED] - Current window maximized

2024-02-03 23:07:23 - [TEST_STEP][PASSED] - navigateToUrl(RADurl): Navigate to 'https://qa2.velocitypayment.com/client/rad/index.html' successfully

2024-02-03 23:07:23 - [MESSAGE][PASSED] - Navigate to 'https://qa2.velocitypayment.com/client/rad/index.html' successfully

2024-02-03 23:07:23 - [TEST_STEP][PASSED] - orPath_Landing = "Object Repository/RAD_Pages/Landing_Page": null

2024-02-03 23:07:23 - [TEST_STEP][PASSED] - orPath_TaxTypeFilingYear = "Object Repository/RAD_Pages/TaxTypeFilingYear_Page": null

2024-02-03 23:07:23 - [TEST_STEP][PASSED] - orPath_TaxPayer = "Object Repository/RAD_Pages/Taxpayer_Page": null

2024-02-03 23:07:23 - [TEST_STEP][PASSED] - orPath_AddressContact = "Object Repository/RAD_Pages/AddressAndContactInfo_Page": null

2024-02-03 23:07:23 - [TEST_STEP][PASSED] - orPath_FilingStatus = "Object Repository/RAD_Pages/FilingStatus_Page": null

2024-02-03 23:07:23 - [TEST_STEP][PASSED] - orPath_Amount = "Object Repository/RAD_Pages/PaymentAmount_Page": null

2024-02-03 23:07:23 - [TEST_STEP][PASSED] - orPath_TaxInfo = "Object Repository/RAD_Pages/TaxInfo_Page": null

2024-02-03 23:07:23 - [TEST_STEP][PASSED] - orPath_Withholding = "Object Repository/RAD_Pages/Withholding_Page": null

2024-02-03 23:07:23 - [TEST_STEP][PASSED] - orPath_Summary = "Object Repository/RAD_Pages/Summary_Page": null

2024-02-03 23:07:23 - [TEST_STEP][PASSED] - orPath_PaymentReady = "Object Repository/RAD_Pages/PaymentReady_Page": null

2024-02-03 23:07:23 - [TEST_STEP][PASSED] - orPath_PaymentEntry = "Object Repository/RAD_Pages/PaymentEntry_Page": null

2024-02-03 23:07:23 - [TEST_STEP][PASSED] - orPath_PaymentConfirmation = "Object Repository/RAD_Pages/PaymentConfirmation_Page": null

2024-02-03 23:07:23 - [TEST_STEP][PASSED] - orPath_ServiceFeesAccept = "Object Repository/RAD_Pages/ServiceFeeAccept_Page": null

2024-02-03 23:07:23 - [TEST_STEP][PASSED] - selectOptionByLabel(findTestObject(orPath_Landing + "/dd_TaxType"), Paymenttype, false): All options with label 'New Tax Return Amount Due' are selected in object 'Object Repository/RAD_Pages/Landing_Page/dd_TaxType' 

2024-02-03 23:07:25 - [MESSAGE][PASSED] - All options with label 'New Tax Return Amount Due' are selected in object 'Object Repository/RAD_Pages/Landing_Page/dd_TaxType' 

2024-02-03 23:07:25 - [TEST_STEP][PASSED] - delay(1): Delayed 1 second(s)

2024-02-03 23:07:26 - [MESSAGE][PASSED] - Delayed 1 second(s)

2024-02-03 23:07:26 - [TEST_STEP][PASSED] - switch (Paymenttype): null

2024-02-03 23:07:26 - [TEST_STEP][PASSED] - case "New Tax Return Amount Due":: null

2024-02-03 23:07:26 - [TEST_STEP][PASSED] - selectOptionByLabel(findTestObject("Object Repository/RAD_Pages/Landing_Page/select_NewTaxReturnAmountDue_TaxType"), Taxtype, false): All options with label 'Transportation Network Services' are selected in object 'Object Repository/RAD_Pages/Landing_Page/select_NewTaxReturnAmountDue_TaxType' 

2024-02-03 23:07:27 - [MESSAGE][PASSED] - All options with label 'Transportation Network Services' are selected in object 'Object Repository/RAD_Pages/Landing_Page/select_NewTaxReturnAmountDue_TaxType' 

2024-02-03 23:07:27 - [TEST_STEP][PASSED] - break: null

2024-02-03 23:07:27 - [TEST_STEP][PASSED] - delay(1): Delayed 1 second(s)

2024-02-03 23:07:28 - [MESSAGE][PASSED] - Delayed 1 second(s)

2024-02-03 23:07:28 - [TEST_STEP][PASSED] - switch (Paymenttype): null

2024-02-03 23:07:28 - [TEST_STEP][PASSED] - case "New Tax Return Amount Due":: null

2024-02-03 23:07:28 - [TEST_STEP][PASSED] - if (feinSsn.equalsIgnoreCase("Y")): null

2024-02-03 23:07:28 - [TEST_STEP][PASSED] - else: Text ****** has been set on object 'Object Repository/RAD_Pages/TaxInfo_Page/input_FederalEIN_ReEnter-2'

2024-02-03 23:07:28 - [TEST_STEP][PASSED] - setEncryptedText(findTestObject(orPath_TaxInfo + "/input_FederalEIN-2"), "iGDxf8hSRT4="): Text ****** has been set on object 'Object Repository/RAD_Pages/TaxInfo_Page/input_FederalEIN-2'

2024-02-03 23:07:28 - [MESSAGE][PASSED] - Text ****** has been set on object 'Object Repository/RAD_Pages/TaxInfo_Page/input_FederalEIN-2'

2024-02-03 23:07:29 - [TEST_STEP][PASSED] - setEncryptedText(findTestObject(orPath_TaxInfo + "/input_FederalEIN_ReEnter-2"), ""): Text ****** has been set on object 'Object Repository/RAD_Pages/TaxInfo_Page/input_FederalEIN_ReEnter-2'

2024-02-03 23:07:29 - [MESSAGE][PASSED] - Text ****** has been set on object 'Object Repository/RAD_Pages/TaxInfo_Page/input_FederalEIN_ReEnter-2'

2024-02-03 23:07:29 - [TEST_STEP][PASSED] - break: null

2024-02-03 23:07:29 - [TEST_STEP][PASSED] - if (feinSsn.equalsIgnoreCase("Y")): null

2024-02-03 23:07:29 - [TEST_STEP][PASSED] - else: null

2024-02-03 23:07:29 - [TEST_STEP][PASSED] - if (verifyTextPresent("Please enter a valid FEIN with 9 digits.", true)): null

2024-02-03 23:07:30 - [MESSAGE][PASSED] - Text 'Please enter a valid FEIN with 9 digits.' is present on page  using regular expression

2024-02-03 23:07:30 - [TEST_STEP][PASSED] - println("Error Message is present on the page"): null

2024-02-03 23:07:30 - [TEST_STEP][PASSED] - out.println("Pass Record Number: " + row): null

2024-02-03 23:07:30 - [TEST_STEP][PASSED] - resText = "Pass": null

2024-02-03 23:07:30 - [TEST_STEP][PASSED] - pages.WriteExcel.demoKey(resText, datText, resColumn, datCloumn, fileLoc, nameSheet, row): pages.WriteExcel.demoKey is PASSED

2024-02-03 23:07:30 - [MESSAGE][PASSED] - pages.WriteExcel.demoKey is PASSED

2024-02-03 23:07:30 - [TEST_STEP][PASSED] - ExecuteTC = findTestData(dataFile).getValue("Execute", row): null

2024-02-03 23:07:30 - [TEST_STEP][PASSED] - Taxtype = findTestData(dataFile).getValue("TaxType", row): null

2024-02-03 23:07:30 - [TEST_STEP][PASSED] - Paymenttype = findTestData(dataFile).getValue("PaymentType", row): null

2024-02-03 23:07:30 - [TEST_STEP][PASSED] - feinSsn = findTestData(dataFile).getValue("FEINSSN", row): null

2024-02-03 23:07:30 - [TEST_STEP][PASSED] - out.println("Value of Execute is : " + ExecuteTC): null

2024-02-03 23:07:30 - [TEST_STEP][PASSED] - if (ExecuteTC.equalsIgnoreCase("Y")): null

2024-02-03 23:07:30 - [TEST_STEP][PASSED] - out.println("Begin Record Number: " + row): null

2024-02-03 23:07:30 - [TEST_STEP][PASSED] - today = new java.util.Date(): null

2024-02-03 23:07:30 - [TEST_STEP][PASSED] - println(today): null

2024-02-03 23:07:30 - [TEST_STEP][PASSED] - datText = today: null

2024-02-03 23:07:30 - [TEST_STEP][PASSED] - Taxtype = findTestData(dataFile).getValue("TaxType", row): null

2024-02-03 23:07:30 - [TEST_STEP][PASSED] - out.println("Taxtype value is : " + Taxtype): null

2024-02-03 23:07:30 - [TEST_STEP][PASSED] - openBrowser(""): Browser is opened with url: ''

2024-02-03 23:07:30 - [MESSAGE][WARNING] - A browser is already opened. Closing browser and opening a new one

2024-02-03 23:07:31 - [MESSAGE][INFO] - Starting 'Chrome' driver

2024-02-03 23:07:31 - [MESSAGE][INFO] - User set preference: ['acceptInsecureCerts', 'true']

2024-02-03 23:07:31 - [MESSAGE][INFO] - Action delay is set to 0 milliseconds

2024-02-03 23:07:33 - [MESSAGE][PASSED] - Browser is opened with url: ''

2024-02-03 23:07:33 - [TEST_STEP][PASSED] - maximizeWindow(): Current window maximized

2024-02-03 23:07:33 - [MESSAGE][PASSED] - Current window maximized

2024-02-03 23:07:33 - [TEST_STEP][PASSED] - navigateToUrl(RADurl): Navigate to 'https://qa2.velocitypayment.com/client/rad/index.html' successfully

2024-02-03 23:07:33 - [MESSAGE][PASSED] - Navigate to 'https://qa2.velocitypayment.com/client/rad/index.html' successfully

2024-02-03 23:07:33 - [TEST_STEP][PASSED] - orPath_Landing = "Object Repository/RAD_Pages/Landing_Page": null

2024-02-03 23:07:33 - [TEST_STEP][PASSED] - orPath_TaxTypeFilingYear = "Object Repository/RAD_Pages/TaxTypeFilingYear_Page": null

2024-02-03 23:07:33 - [TEST_STEP][PASSED] - orPath_TaxPayer = "Object Repository/RAD_Pages/Taxpayer_Page": null

2024-02-03 23:07:33 - [TEST_STEP][PASSED] - orPath_AddressContact = "Object Repository/RAD_Pages/AddressAndContactInfo_Page": null

2024-02-03 23:07:33 - [TEST_STEP][PASSED] - orPath_FilingStatus = "Object Repository/RAD_Pages/FilingStatus_Page": null

2024-02-03 23:07:33 - [TEST_STEP][PASSED] - orPath_Amount = "Object Repository/RAD_Pages/PaymentAmount_Page": null

2024-02-03 23:07:33 - [TEST_STEP][PASSED] - orPath_TaxInfo = "Object Repository/RAD_Pages/TaxInfo_Page": null

2024-02-03 23:07:33 - [TEST_STEP][PASSED] - orPath_Withholding = "Object Repository/RAD_Pages/Withholding_Page": null

2024-02-03 23:07:33 - [TEST_STEP][PASSED] - orPath_Summary = "Object Repository/RAD_Pages/Summary_Page": null

2024-02-03 23:07:33 - [TEST_STEP][PASSED] - orPath_PaymentReady = "Object Repository/RAD_Pages/PaymentReady_Page": null

2024-02-03 23:07:33 - [TEST_STEP][PASSED] - orPath_PaymentEntry = "Object Repository/RAD_Pages/PaymentEntry_Page": null

2024-02-03 23:07:33 - [TEST_STEP][PASSED] - orPath_PaymentConfirmation = "Object Repository/RAD_Pages/PaymentConfirmation_Page": null

2024-02-03 23:07:33 - [TEST_STEP][PASSED] - orPath_ServiceFeesAccept = "Object Repository/RAD_Pages/ServiceFeeAccept_Page": null

2024-02-03 23:07:33 - [TEST_STEP][PASSED] - selectOptionByLabel(findTestObject(orPath_Landing + "/dd_TaxType"), Paymenttype, false): All options with label 'New Tax Return Amount Due' are selected in object 'Object Repository/RAD_Pages/Landing_Page/dd_TaxType' 

2024-02-03 23:07:35 - [MESSAGE][PASSED] - All options with label 'New Tax Return Amount Due' are selected in object 'Object Repository/RAD_Pages/Landing_Page/dd_TaxType' 

2024-02-03 23:07:35 - [TEST_STEP][PASSED] - delay(1): Delayed 1 second(s)

2024-02-03 23:07:36 - [MESSAGE][PASSED] - Delayed 1 second(s)

2024-02-03 23:07:36 - [TEST_STEP][PASSED] - switch (Paymenttype): null

2024-02-03 23:07:36 - [TEST_STEP][PASSED] - case "New Tax Return Amount Due":: null

2024-02-03 23:07:36 - [TEST_STEP][PASSED] - selectOptionByLabel(findTestObject("Object Repository/RAD_Pages/Landing_Page/select_NewTaxReturnAmountDue_TaxType"), Taxtype, false): All options with label 'Unclaimed Property' are selected in object 'Object Repository/RAD_Pages/Landing_Page/select_NewTaxReturnAmountDue_TaxType' 

2024-02-03 23:07:37 - [MESSAGE][PASSED] - All options with label 'Unclaimed Property' are selected in object 'Object Repository/RAD_Pages/Landing_Page/select_NewTaxReturnAmountDue_TaxType' 

2024-02-03 23:07:37 - [TEST_STEP][PASSED] - break: null

2024-02-03 23:07:37 - [TEST_STEP][PASSED] - delay(1): Delayed 1 second(s)

2024-02-03 23:07:38 - [MESSAGE][PASSED] - Delayed 1 second(s)

2024-02-03 23:07:38 - [TEST_STEP][PASSED] - switch (Paymenttype): null

2024-02-03 23:07:38 - [TEST_STEP][PASSED] - case "New Tax Return Amount Due":: null

2024-02-03 23:07:38 - [TEST_STEP][PASSED] - if (feinSsn.equalsIgnoreCase("Y")): null

2024-02-03 23:07:38 - [TEST_STEP][PASSED] - else: Text ****** has been set on object 'Object Repository/RAD_Pages/TaxInfo_Page/input_FederalEIN_ReEnter-2'

2024-02-03 23:07:38 - [TEST_STEP][PASSED] - setEncryptedText(findTestObject(orPath_TaxInfo + "/input_FederalEIN-2"), "iGDxf8hSRT4="): Text ****** has been set on object 'Object Repository/RAD_Pages/TaxInfo_Page/input_FederalEIN-2'

2024-02-03 23:07:39 - [MESSAGE][PASSED] - Text ****** has been set on object 'Object Repository/RAD_Pages/TaxInfo_Page/input_FederalEIN-2'

2024-02-03 23:07:39 - [TEST_STEP][PASSED] - setEncryptedText(findTestObject(orPath_TaxInfo + "/input_FederalEIN_ReEnter-2"), ""): Text ****** has been set on object 'Object Repository/RAD_Pages/TaxInfo_Page/input_FederalEIN_ReEnter-2'

2024-02-03 23:07:39 - [MESSAGE][PASSED] - Text ****** has been set on object 'Object Repository/RAD_Pages/TaxInfo_Page/input_FederalEIN_ReEnter-2'

2024-02-03 23:07:39 - [TEST_STEP][PASSED] - break: null

2024-02-03 23:07:39 - [TEST_STEP][PASSED] - if (feinSsn.equalsIgnoreCase("Y")): null

2024-02-03 23:07:39 - [TEST_STEP][PASSED] - else: null

2024-02-03 23:07:39 - [TEST_STEP][PASSED] - if (verifyTextPresent("Please enter a valid FEIN with 9 digits.", true)): null

2024-02-03 23:07:40 - [MESSAGE][PASSED] - Text 'Please enter a valid FEIN with 9 digits.' is present on page  using regular expression

2024-02-03 23:07:40 - [TEST_STEP][PASSED] - println("Error Message is present on the page"): null

2024-02-03 23:07:40 - [TEST_STEP][PASSED] - out.println("Pass Record Number: " + row): null

2024-02-03 23:07:40 - [TEST_STEP][PASSED] - resText = "Pass": null

2024-02-03 23:07:40 - [TEST_STEP][PASSED] - pages.WriteExcel.demoKey(resText, datText, resColumn, datCloumn, fileLoc, nameSheet, row): pages.WriteExcel.demoKey is PASSED

2024-02-03 23:07:40 - [MESSAGE][PASSED] - pages.WriteExcel.demoKey is PASSED

2024-02-03 23:07:40 - [TEST_STEP][PASSED] - ExecuteTC = findTestData(dataFile).getValue("Execute", row): null

2024-02-03 23:07:40 - [TEST_STEP][PASSED] - Taxtype = findTestData(dataFile).getValue("TaxType", row): null

2024-02-03 23:07:40 - [TEST_STEP][PASSED] - Paymenttype = findTestData(dataFile).getValue("PaymentType", row): null

2024-02-03 23:07:40 - [TEST_STEP][PASSED] - feinSsn = findTestData(dataFile).getValue("FEINSSN", row): null

2024-02-03 23:07:40 - [TEST_STEP][PASSED] - out.println("Value of Execute is : " + ExecuteTC): null

2024-02-03 23:07:40 - [TEST_STEP][PASSED] - if (ExecuteTC.equalsIgnoreCase("Y")): null

2024-02-03 23:07:40 - [TEST_STEP][PASSED] - out.println("Begin Record Number: " + row): null

2024-02-03 23:07:40 - [TEST_STEP][PASSED] - today = new java.util.Date(): null

2024-02-03 23:07:40 - [TEST_STEP][PASSED] - println(today): null

2024-02-03 23:07:40 - [TEST_STEP][PASSED] - datText = today: null

2024-02-03 23:07:40 - [TEST_STEP][PASSED] - Taxtype = findTestData(dataFile).getValue("TaxType", row): null

2024-02-03 23:07:40 - [TEST_STEP][PASSED] - out.println("Taxtype value is : " + Taxtype): null

2024-02-03 23:07:40 - [TEST_STEP][PASSED] - openBrowser(""): Browser is opened with url: ''

2024-02-03 23:07:40 - [MESSAGE][WARNING] - A browser is already opened. Closing browser and opening a new one

2024-02-03 23:07:41 - [MESSAGE][INFO] - Starting 'Chrome' driver

2024-02-03 23:07:41 - [MESSAGE][INFO] - User set preference: ['acceptInsecureCerts', 'true']

2024-02-03 23:07:41 - [MESSAGE][INFO] - Action delay is set to 0 milliseconds

2024-02-03 23:07:43 - [MESSAGE][PASSED] - Browser is opened with url: ''

2024-02-03 23:07:43 - [TEST_STEP][PASSED] - maximizeWindow(): Current window maximized

2024-02-03 23:07:43 - [MESSAGE][PASSED] - Current window maximized

2024-02-03 23:07:43 - [TEST_STEP][PASSED] - navigateToUrl(RADurl): Navigate to 'https://qa2.velocitypayment.com/client/rad/index.html' successfully

2024-02-03 23:07:45 - [MESSAGE][PASSED] - Navigate to 'https://qa2.velocitypayment.com/client/rad/index.html' successfully

2024-02-03 23:07:45 - [TEST_STEP][PASSED] - orPath_Landing = "Object Repository/RAD_Pages/Landing_Page": null

2024-02-03 23:07:45 - [TEST_STEP][PASSED] - orPath_TaxTypeFilingYear = "Object Repository/RAD_Pages/TaxTypeFilingYear_Page": null

2024-02-03 23:07:45 - [TEST_STEP][PASSED] - orPath_TaxPayer = "Object Repository/RAD_Pages/Taxpayer_Page": null

2024-02-03 23:07:45 - [TEST_STEP][PASSED] - orPath_AddressContact = "Object Repository/RAD_Pages/AddressAndContactInfo_Page": null

2024-02-03 23:07:45 - [TEST_STEP][PASSED] - orPath_FilingStatus = "Object Repository/RAD_Pages/FilingStatus_Page": null

2024-02-03 23:07:45 - [TEST_STEP][PASSED] - orPath_Amount = "Object Repository/RAD_Pages/PaymentAmount_Page": null

2024-02-03 23:07:45 - [TEST_STEP][PASSED] - orPath_TaxInfo = "Object Repository/RAD_Pages/TaxInfo_Page": null

2024-02-03 23:07:45 - [TEST_STEP][PASSED] - orPath_Withholding = "Object Repository/RAD_Pages/Withholding_Page": null

2024-02-03 23:07:45 - [TEST_STEP][PASSED] - orPath_Summary = "Object Repository/RAD_Pages/Summary_Page": null

2024-02-03 23:07:45 - [TEST_STEP][PASSED] - orPath_PaymentReady = "Object Repository/RAD_Pages/PaymentReady_Page": null

2024-02-03 23:07:45 - [TEST_STEP][PASSED] - orPath_PaymentEntry = "Object Repository/RAD_Pages/PaymentEntry_Page": null

2024-02-03 23:07:45 - [TEST_STEP][PASSED] - orPath_PaymentConfirmation = "Object Repository/RAD_Pages/PaymentConfirmation_Page": null

2024-02-03 23:07:45 - [TEST_STEP][PASSED] - orPath_ServiceFeesAccept = "Object Repository/RAD_Pages/ServiceFeeAccept_Page": null

2024-02-03 23:07:45 - [TEST_STEP][PASSED] - selectOptionByLabel(findTestObject(orPath_Landing + "/dd_TaxType"), Paymenttype, false): All options with label 'New Tax Return Amount Due' are selected in object 'Object Repository/RAD_Pages/Landing_Page/dd_TaxType' 

2024-02-03 23:07:46 - [MESSAGE][PASSED] - All options with label 'New Tax Return Amount Due' are selected in object 'Object Repository/RAD_Pages/Landing_Page/dd_TaxType' 

2024-02-03 23:07:46 - [TEST_STEP][PASSED] - delay(1): Delayed 1 second(s)

2024-02-03 23:07:47 - [MESSAGE][PASSED] - Delayed 1 second(s)

2024-02-03 23:07:47 - [TEST_STEP][PASSED] - switch (Paymenttype): null

2024-02-03 23:07:47 - [TEST_STEP][PASSED] - case "New Tax Return Amount Due":: null

2024-02-03 23:07:47 - [TEST_STEP][PASSED] - selectOptionByLabel(findTestObject("Object Repository/RAD_Pages/Landing_Page/select_NewTaxReturnAmountDue_TaxType"), Taxtype, false): All options with label 'Withholding Tax' are selected in object 'Object Repository/RAD_Pages/Landing_Page/select_NewTaxReturnAmountDue_TaxType' 

2024-02-03 23:07:47 - [MESSAGE][PASSED] - All options with label 'Withholding Tax' are selected in object 'Object Repository/RAD_Pages/Landing_Page/select_NewTaxReturnAmountDue_TaxType' 

2024-02-03 23:07:47 - [TEST_STEP][PASSED] - break: null

2024-02-03 23:07:47 - [TEST_STEP][PASSED] - delay(1): Delayed 1 second(s)

2024-02-03 23:07:48 - [MESSAGE][PASSED] - Delayed 1 second(s)

2024-02-03 23:07:48 - [TEST_STEP][PASSED] - switch (Paymenttype): null

2024-02-03 23:07:48 - [TEST_STEP][PASSED] - case "New Tax Return Amount Due":: null

2024-02-03 23:07:48 - [TEST_STEP][PASSED] - if (feinSsn.equalsIgnoreCase("Y")): null

2024-02-03 23:07:48 - [TEST_STEP][PASSED] - else: Text ****** has been set on object 'Object Repository/RAD_Pages/TaxInfo_Page/input_FederalEIN_ReEnter-2'

2024-02-03 23:07:48 - [TEST_STEP][PASSED] - setEncryptedText(findTestObject(orPath_TaxInfo + "/input_FederalEIN-2"), "iGDxf8hSRT4="): Text ****** has been set on object 'Object Repository/RAD_Pages/TaxInfo_Page/input_FederalEIN-2'

2024-02-03 23:07:49 - [MESSAGE][PASSED] - Text ****** has been set on object 'Object Repository/RAD_Pages/TaxInfo_Page/input_FederalEIN-2'

2024-02-03 23:07:49 - [TEST_STEP][PASSED] - setEncryptedText(findTestObject(orPath_TaxInfo + "/input_FederalEIN_ReEnter-2"), ""): Text ****** has been set on object 'Object Repository/RAD_Pages/TaxInfo_Page/input_FederalEIN_ReEnter-2'

2024-02-03 23:07:49 - [MESSAGE][PASSED] - Text ****** has been set on object 'Object Repository/RAD_Pages/TaxInfo_Page/input_FederalEIN_ReEnter-2'

2024-02-03 23:07:49 - [TEST_STEP][PASSED] - break: null

2024-02-03 23:07:49 - [TEST_STEP][PASSED] - if (feinSsn.equalsIgnoreCase("Y")): null

2024-02-03 23:07:49 - [TEST_STEP][PASSED] - else: null

2024-02-03 23:07:49 - [TEST_STEP][PASSED] - if (verifyTextPresent("Please enter a valid FEIN with 9 digits.", true)): null

2024-02-03 23:07:50 - [MESSAGE][PASSED] - Text 'Please enter a valid FEIN with 9 digits.' is present on page  using regular expression

2024-02-03 23:07:50 - [TEST_STEP][PASSED] - println("Error Message is present on the page"): null

2024-02-03 23:07:50 - [TEST_STEP][PASSED] - out.println("Pass Record Number: " + row): null

2024-02-03 23:07:50 - [TEST_STEP][PASSED] - resText = "Pass": null

2024-02-03 23:07:50 - [TEST_STEP][PASSED] - pages.WriteExcel.demoKey(resText, datText, resColumn, datCloumn, fileLoc, nameSheet, row): pages.WriteExcel.demoKey is PASSED

2024-02-03 23:07:50 - [MESSAGE][PASSED] - pages.WriteExcel.demoKey is PASSED]]></system-out>
         <system-err><![CDATA[]]></system-err>
      </testcase>
      <testcase name="Test Cases/RAD_TestCases/Negative_TestCases/EL-NumberValidation" time="481.309" classname="Test Cases/RAD_TestCases/Negative_TestCases/EL-NumberValidation" status="PASSED">
         <system-out><![CDATA[2024-02-03 23:07:50 - [TEST_CASE][PASSED] - Test Cases/RAD_TestCases/Negative_TestCases/EL-NumberValidation: Test Cases/RAD_TestCases/Negative_TestCases/EL-NumberValidation

2024-02-03 23:07:50 - [TEST_STEP][PASSED] - resText = "Fail": null

2024-02-03 23:07:50 - [TEST_STEP][PASSED] - resColumn = "Result": null

2024-02-03 23:07:50 - [TEST_STEP][PASSED] - datCloumn = "Date": null

2024-02-03 23:07:50 - [TEST_STEP][PASSED] - fileLoc = "KatalonData/RADTestData/EL-NumberValidation.xlsx": null

2024-02-03 23:07:50 - [TEST_STEP][PASSED] - nameSheet = "NumberError": null

2024-02-03 23:07:50 - [TEST_STEP][PASSED] - dataFile = "RADTestData/EL-NumberValidation": null

2024-02-03 23:07:50 - [TEST_STEP][PASSED] - ExecuteTC = <not implemented yet for class: org.codehaus.groovy.ast.expr.EmptyExpression>: null

2024-02-03 23:07:50 - [TEST_STEP][PASSED] - Taxtype = <not implemented yet for class: org.codehaus.groovy.ast.expr.EmptyExpression>: null

2024-02-03 23:07:50 - [TEST_STEP][PASSED] - TaxTypeEL = <not implemented yet for class: org.codehaus.groovy.ast.expr.EmptyExpression>: null

2024-02-03 23:07:50 - [TEST_STEP][PASSED] - notInvNumber = <not implemented yet for class: org.codehaus.groovy.ast.expr.EmptyExpression>: null

2024-02-03 23:07:50 - [TEST_STEP][PASSED] - errorMsg = <not implemented yet for class: org.codehaus.groovy.ast.expr.EmptyExpression>: null

2024-02-03 23:07:50 - [TEST_STEP][PASSED] - numOfRows = findTestData(dataFile).getRowNumbers(): null

2024-02-03 23:07:51 - [TEST_STEP][PASSED] - println("Number of Records: " + numOfRows): null

2024-02-03 23:07:51 - [TEST_STEP][PASSED] - for ([row = 1, row <= numOfRows, (row++)]): null

2024-02-03 23:07:51 - [TEST_STEP][PASSED] - ExecuteTC = findTestData(dataFile).getValue("Execute", row): null

2024-02-03 23:07:51 - [TEST_STEP][PASSED] - Taxtype = findTestData(dataFile).getValue("TaxType", row): null

2024-02-03 23:07:51 - [TEST_STEP][PASSED] - TaxTypeEL = findTestData(dataFile).getValue("TaxTypeEL", row): null

2024-02-03 23:07:51 - [TEST_STEP][PASSED] - notInvNumber = findTestData(dataFile).getValue("NotiInvoNumber", row): null

2024-02-03 23:07:51 - [TEST_STEP][PASSED] - errorMsg = findTestData(dataFile).getValue("ErrorMessage", row): null

2024-02-03 23:07:51 - [TEST_STEP][PASSED] - out.println("Value of Execute is : " + ExecuteTC): null

2024-02-03 23:07:51 - [TEST_STEP][PASSED] - if (ExecuteTC.equalsIgnoreCase("Y")): null

2024-02-03 23:07:51 - [TEST_STEP][PASSED] - out.println("Begin Record Number: " + row): null

2024-02-03 23:07:51 - [TEST_STEP][PASSED] - today = new java.util.Date(): null

2024-02-03 23:07:51 - [TEST_STEP][PASSED] - println(today): null

2024-02-03 23:07:51 - [TEST_STEP][PASSED] - datText = today: null

2024-02-03 23:07:51 - [TEST_STEP][PASSED] - Taxtype = findTestData(dataFile).getValue("TaxType", row): null

2024-02-03 23:07:51 - [TEST_STEP][PASSED] - out.println("Taxtype value is : " + Taxtype): null

2024-02-03 23:07:51 - [TEST_STEP][PASSED] - openBrowser(""): Browser is opened with url: ''

2024-02-03 23:07:51 - [MESSAGE][WARNING] - A browser is already opened. Closing browser and opening a new one

2024-02-03 23:07:52 - [MESSAGE][INFO] - Starting 'Chrome' driver

2024-02-03 23:07:52 - [MESSAGE][INFO] - User set preference: ['acceptInsecureCerts', 'true']

2024-02-03 23:07:52 - [MESSAGE][INFO] - Action delay is set to 0 milliseconds

2024-02-03 23:08:02 - [MESSAGE][PASSED] - Browser is opened with url: ''

2024-02-03 23:08:02 - [TEST_STEP][PASSED] - maximizeWindow(): Current window maximized

2024-02-03 23:08:02 - [MESSAGE][PASSED] - Current window maximized

2024-02-03 23:08:02 - [TEST_STEP][PASSED] - navigateToUrl(RADurl): Navigate to 'https://qa2.velocitypayment.com/client/rad/index.html' successfully

2024-02-03 23:08:04 - [MESSAGE][PASSED] - Navigate to 'https://qa2.velocitypayment.com/client/rad/index.html' successfully

2024-02-03 23:08:04 - [TEST_STEP][PASSED] - orPath_Landing = "Object Repository/RAD_Pages/Landing_Page": null

2024-02-03 23:08:04 - [TEST_STEP][PASSED] - orPath_TaxTypeFilingYear = "Object Repository/RAD_Pages/TaxTypeFilingYear_Page": null

2024-02-03 23:08:04 - [TEST_STEP][PASSED] - orPath_TaxPayer = "Object Repository/RAD_Pages/Taxpayer_Page": null

2024-02-03 23:08:04 - [TEST_STEP][PASSED] - orPath_AddressContact = "Object Repository/RAD_Pages/AddressAndContactInfo_Page": null

2024-02-03 23:08:04 - [TEST_STEP][PASSED] - orPath_FilingStatus = "Object Repository/RAD_Pages/FilingStatus_Page": null

2024-02-03 23:08:04 - [TEST_STEP][PASSED] - orPath_Amount = "Object Repository/RAD_Pages/PaymentAmount_Page": null

2024-02-03 23:08:04 - [TEST_STEP][PASSED] - orPath_TaxInfo = "Object Repository/RAD_Pages/TaxInfo_Page": null

2024-02-03 23:08:04 - [TEST_STEP][PASSED] - orPath_Withholding = "Object Repository/RAD_Pages/Withholding_Page": null

2024-02-03 23:08:04 - [TEST_STEP][PASSED] - orPath_Summary = "Object Repository/RAD_Pages/Summary_Page": null

2024-02-03 23:08:04 - [TEST_STEP][PASSED] - orPath_PaymentReady = "Object Repository/RAD_Pages/PaymentReady_Page": null

2024-02-03 23:08:04 - [TEST_STEP][PASSED] - orPath_PaymentEntry = "Object Repository/RAD_Pages/PaymentEntry_Page": null

2024-02-03 23:08:04 - [TEST_STEP][PASSED] - orPath_PaymentConfirmation = "Object Repository/RAD_Pages/PaymentConfirmation_Page": null

2024-02-03 23:08:04 - [TEST_STEP][PASSED] - orPath_ServiceFeesAccept = "Object Repository/RAD_Pages/ServiceFeeAccept_Page": null

2024-02-03 23:08:04 - [TEST_STEP][PASSED] - selectOptionByLabel(findTestObject(orPath_Landing + "/dd_TaxType"), Taxtype, false): All options with label 'Existing Liability w/Notice Number' are selected in object 'Object Repository/RAD_Pages/Landing_Page/dd_TaxType' 

2024-02-03 23:08:05 - [MESSAGE][PASSED] - All options with label 'Existing Liability w/Notice Number' are selected in object 'Object Repository/RAD_Pages/Landing_Page/dd_TaxType' 

2024-02-03 23:08:05 - [TEST_STEP][PASSED] - delay(1): Delayed 1 second(s)

2024-02-03 23:08:06 - [MESSAGE][PASSED] - Delayed 1 second(s)

2024-02-03 23:08:06 - [TEST_STEP][PASSED] - selectOptionByLabel(findTestObject(orPath_TaxTypeFilingYear + "/select_TaxType_ExistingLiability"), TaxTypeEL, false): All options with label 'Bay Restoration Fee' are selected in object 'Object Repository/RAD_Pages/TaxTypeFilingYear_Page/select_TaxType_ExistingLiability' 

2024-02-03 23:08:06 - [MESSAGE][PASSED] - All options with label 'Bay Restoration Fee' are selected in object 'Object Repository/RAD_Pages/TaxTypeFilingYear_Page/select_TaxType_ExistingLiability' 

2024-02-03 23:08:06 - [TEST_STEP][PASSED] - setText(findTestObject(orPath_TaxInfo + "/input_NoticeInvoiceNumber"), notInvNumber): Text '123456789' is set on object 'Object Repository/RAD_Pages/TaxInfo_Page/input_NoticeInvoiceNumber'

2024-02-03 23:08:07 - [MESSAGE][PASSED] - Text '123456789' is set on object 'Object Repository/RAD_Pages/TaxInfo_Page/input_NoticeInvoiceNumber'

2024-02-03 23:08:07 - [TEST_STEP][PASSED] - setText(findTestObject(orPath_TaxInfo + "/input_reTypeNoticeInvoiceNumber"), notInvNumber): Text '123456789' is set on object 'Object Repository/RAD_Pages/TaxInfo_Page/input_reTypeNoticeInvoiceNumber'

2024-02-03 23:08:08 - [MESSAGE][PASSED] - Text '123456789' is set on object 'Object Repository/RAD_Pages/TaxInfo_Page/input_reTypeNoticeInvoiceNumber'

2024-02-03 23:08:08 - [TEST_STEP][PASSED] - println(notInvNumber): null

2024-02-03 23:08:08 - [TEST_STEP][PASSED] - if (verifyTextPresent(errorMsg, true)): null

2024-02-03 23:08:09 - [MESSAGE][PASSED] - Text 'Notice Number must be 13 digits in length, with a value greater than zero' is present on page  using regular expression

2024-02-03 23:08:09 - [TEST_STEP][PASSED] - println("Error Message is present on the page"): null

2024-02-03 23:08:09 - [TEST_STEP][PASSED] - out.println("Pass Record Number: " + row): null

2024-02-03 23:08:09 - [TEST_STEP][PASSED] - resText = "Pass": null

2024-02-03 23:08:09 - [TEST_STEP][PASSED] - pages.WriteExcel.demoKey(resText, datText, resColumn, datCloumn, fileLoc, nameSheet, row): pages.WriteExcel.demoKey is PASSED

2024-02-03 23:08:09 - [MESSAGE][PASSED] - pages.WriteExcel.demoKey is PASSED

2024-02-03 23:08:09 - [TEST_STEP][PASSED] - ExecuteTC = findTestData(dataFile).getValue("Execute", row): null

2024-02-03 23:08:09 - [TEST_STEP][PASSED] - Taxtype = findTestData(dataFile).getValue("TaxType", row): null

2024-02-03 23:08:09 - [TEST_STEP][PASSED] - TaxTypeEL = findTestData(dataFile).getValue("TaxTypeEL", row): null

2024-02-03 23:08:09 - [TEST_STEP][PASSED] - notInvNumber = findTestData(dataFile).getValue("NotiInvoNumber", row): null

2024-02-03 23:08:10 - [TEST_STEP][PASSED] - errorMsg = findTestData(dataFile).getValue("ErrorMessage", row): null

2024-02-03 23:08:10 - [TEST_STEP][PASSED] - out.println("Value of Execute is : " + ExecuteTC): null

2024-02-03 23:08:10 - [TEST_STEP][PASSED] - if (ExecuteTC.equalsIgnoreCase("Y")): null

2024-02-03 23:08:10 - [TEST_STEP][PASSED] - out.println("Begin Record Number: " + row): null

2024-02-03 23:08:10 - [TEST_STEP][PASSED] - today = new java.util.Date(): null

2024-02-03 23:08:10 - [TEST_STEP][PASSED] - println(today): null

2024-02-03 23:08:10 - [TEST_STEP][PASSED] - datText = today: null

2024-02-03 23:08:10 - [TEST_STEP][PASSED] - Taxtype = findTestData(dataFile).getValue("TaxType", row): null

2024-02-03 23:08:10 - [TEST_STEP][PASSED] - out.println("Taxtype value is : " + Taxtype): null

2024-02-03 23:08:10 - [TEST_STEP][PASSED] - openBrowser(""): Browser is opened with url: ''

2024-02-03 23:08:10 - [MESSAGE][WARNING] - A browser is already opened. Closing browser and opening a new one

2024-02-03 23:08:12 - [MESSAGE][INFO] - Starting 'Chrome' driver

2024-02-03 23:08:12 - [MESSAGE][INFO] - User set preference: ['acceptInsecureCerts', 'true']

2024-02-03 23:08:12 - [MESSAGE][INFO] - Action delay is set to 0 milliseconds

2024-02-03 23:08:13 - [MESSAGE][PASSED] - Browser is opened with url: ''

2024-02-03 23:08:13 - [TEST_STEP][PASSED] - maximizeWindow(): Current window maximized

2024-02-03 23:08:13 - [MESSAGE][PASSED] - Current window maximized

2024-02-03 23:08:13 - [TEST_STEP][PASSED] - navigateToUrl(RADurl): Navigate to 'https://qa2.velocitypayment.com/client/rad/index.html' successfully

2024-02-03 23:08:15 - [MESSAGE][PASSED] - Navigate to 'https://qa2.velocitypayment.com/client/rad/index.html' successfully

2024-02-03 23:08:15 - [TEST_STEP][PASSED] - orPath_Landing = "Object Repository/RAD_Pages/Landing_Page": null

2024-02-03 23:08:15 - [TEST_STEP][PASSED] - orPath_TaxTypeFilingYear = "Object Repository/RAD_Pages/TaxTypeFilingYear_Page": null

2024-02-03 23:08:15 - [TEST_STEP][PASSED] - orPath_TaxPayer = "Object Repository/RAD_Pages/Taxpayer_Page": null

2024-02-03 23:08:15 - [TEST_STEP][PASSED] - orPath_AddressContact = "Object Repository/RAD_Pages/AddressAndContactInfo_Page": null

2024-02-03 23:08:15 - [TEST_STEP][PASSED] - orPath_FilingStatus = "Object Repository/RAD_Pages/FilingStatus_Page": null

2024-02-03 23:08:15 - [TEST_STEP][PASSED] - orPath_Amount = "Object Repository/RAD_Pages/PaymentAmount_Page": null

2024-02-03 23:08:15 - [TEST_STEP][PASSED] - orPath_TaxInfo = "Object Repository/RAD_Pages/TaxInfo_Page": null

2024-02-03 23:08:15 - [TEST_STEP][PASSED] - orPath_Withholding = "Object Repository/RAD_Pages/Withholding_Page": null

2024-02-03 23:08:15 - [TEST_STEP][PASSED] - orPath_Summary = "Object Repository/RAD_Pages/Summary_Page": null

2024-02-03 23:08:15 - [TEST_STEP][PASSED] - orPath_PaymentReady = "Object Repository/RAD_Pages/PaymentReady_Page": null

2024-02-03 23:08:15 - [TEST_STEP][PASSED] - orPath_PaymentEntry = "Object Repository/RAD_Pages/PaymentEntry_Page": null

2024-02-03 23:08:15 - [TEST_STEP][PASSED] - orPath_PaymentConfirmation = "Object Repository/RAD_Pages/PaymentConfirmation_Page": null

2024-02-03 23:08:15 - [TEST_STEP][PASSED] - orPath_ServiceFeesAccept = "Object Repository/RAD_Pages/ServiceFeeAccept_Page": null

2024-02-03 23:08:15 - [TEST_STEP][PASSED] - selectOptionByLabel(findTestObject(orPath_Landing + "/dd_TaxType"), Taxtype, false): All options with label 'Existing Liability w/Notice Number' are selected in object 'Object Repository/RAD_Pages/Landing_Page/dd_TaxType' 

2024-02-03 23:08:16 - [MESSAGE][PASSED] - All options with label 'Existing Liability w/Notice Number' are selected in object 'Object Repository/RAD_Pages/Landing_Page/dd_TaxType' 

2024-02-03 23:08:16 - [TEST_STEP][PASSED] - delay(1): Delayed 1 second(s)

2024-02-03 23:08:17 - [MESSAGE][PASSED] - Delayed 1 second(s)

2024-02-03 23:08:17 - [TEST_STEP][PASSED] - selectOptionByLabel(findTestObject(orPath_TaxTypeFilingYear + "/select_TaxType_ExistingLiability"), TaxTypeEL, false): All options with label 'Corporate Income Tax' are selected in object 'Object Repository/RAD_Pages/TaxTypeFilingYear_Page/select_TaxType_ExistingLiability' 

2024-02-03 23:08:17 - [MESSAGE][PASSED] - All options with label 'Corporate Income Tax' are selected in object 'Object Repository/RAD_Pages/TaxTypeFilingYear_Page/select_TaxType_ExistingLiability' 

2024-02-03 23:08:17 - [TEST_STEP][PASSED] - setText(findTestObject(orPath_TaxInfo + "/input_NoticeInvoiceNumber"), notInvNumber): Text '123456789' is set on object 'Object Repository/RAD_Pages/TaxInfo_Page/input_NoticeInvoiceNumber'

2024-02-03 23:08:18 - [MESSAGE][PASSED] - Text '123456789' is set on object 'Object Repository/RAD_Pages/TaxInfo_Page/input_NoticeInvoiceNumber'

2024-02-03 23:08:18 - [TEST_STEP][PASSED] - setText(findTestObject(orPath_TaxInfo + "/input_reTypeNoticeInvoiceNumber"), notInvNumber): Text '123456789' is set on object 'Object Repository/RAD_Pages/TaxInfo_Page/input_reTypeNoticeInvoiceNumber'

2024-02-03 23:08:19 - [MESSAGE][PASSED] - Text '123456789' is set on object 'Object Repository/RAD_Pages/TaxInfo_Page/input_reTypeNoticeInvoiceNumber'

2024-02-03 23:08:19 - [TEST_STEP][PASSED] - println(notInvNumber): null

2024-02-03 23:08:19 - [TEST_STEP][PASSED] - if (verifyTextPresent(errorMsg, true)): null

2024-02-03 23:08:20 - [MESSAGE][PASSED] - Text 'Invoice Number must be 10 or 13 digits in length, with a value greater than zero' is present on page  using regular expression

2024-02-03 23:08:20 - [TEST_STEP][PASSED] - println("Error Message is present on the page"): null

2024-02-03 23:08:20 - [TEST_STEP][PASSED] - out.println("Pass Record Number: " + row): null

2024-02-03 23:08:20 - [TEST_STEP][PASSED] - resText = "Pass": null

2024-02-03 23:08:20 - [TEST_STEP][PASSED] - pages.WriteExcel.demoKey(resText, datText, resColumn, datCloumn, fileLoc, nameSheet, row): pages.WriteExcel.demoKey is PASSED

2024-02-03 23:08:20 - [MESSAGE][PASSED] - pages.WriteExcel.demoKey is PASSED

2024-02-03 23:08:20 - [TEST_STEP][PASSED] - ExecuteTC = findTestData(dataFile).getValue("Execute", row): null

2024-02-03 23:08:20 - [TEST_STEP][PASSED] - Taxtype = findTestData(dataFile).getValue("TaxType", row): null

2024-02-03 23:08:20 - [TEST_STEP][PASSED] - TaxTypeEL = findTestData(dataFile).getValue("TaxTypeEL", row): null

2024-02-03 23:08:20 - [TEST_STEP][PASSED] - notInvNumber = findTestData(dataFile).getValue("NotiInvoNumber", row): null

2024-02-03 23:08:20 - [TEST_STEP][PASSED] - errorMsg = findTestData(dataFile).getValue("ErrorMessage", row): null

2024-02-03 23:08:20 - [TEST_STEP][PASSED] - out.println("Value of Execute is : " + ExecuteTC): null

2024-02-03 23:08:20 - [TEST_STEP][PASSED] - if (ExecuteTC.equalsIgnoreCase("Y")): null

2024-02-03 23:08:20 - [TEST_STEP][PASSED] - out.println("Begin Record Number: " + row): null

2024-02-03 23:08:20 - [TEST_STEP][PASSED] - today = new java.util.Date(): null

2024-02-03 23:08:20 - [TEST_STEP][PASSED] - println(today): null

2024-02-03 23:08:20 - [TEST_STEP][PASSED] - datText = today: null

2024-02-03 23:08:20 - [TEST_STEP][PASSED] - Taxtype = findTestData(dataFile).getValue("TaxType", row): null

2024-02-03 23:08:20 - [TEST_STEP][PASSED] - out.println("Taxtype value is : " + Taxtype): null

2024-02-03 23:08:20 - [TEST_STEP][PASSED] - openBrowser(""): Browser is opened with url: ''

2024-02-03 23:08:20 - [MESSAGE][WARNING] - A browser is already opened. Closing browser and opening a new one

2024-02-03 23:08:21 - [MESSAGE][INFO] - Starting 'Chrome' driver

2024-02-03 23:08:21 - [MESSAGE][INFO] - User set preference: ['acceptInsecureCerts', 'true']

2024-02-03 23:08:21 - [MESSAGE][INFO] - Action delay is set to 0 milliseconds

2024-02-03 23:08:23 - [MESSAGE][PASSED] - Browser is opened with url: ''

2024-02-03 23:08:23 - [TEST_STEP][PASSED] - maximizeWindow(): Current window maximized

2024-02-03 23:08:23 - [MESSAGE][PASSED] - Current window maximized

2024-02-03 23:08:23 - [TEST_STEP][PASSED] - navigateToUrl(RADurl): Navigate to 'https://qa2.velocitypayment.com/client/rad/index.html' successfully

2024-02-03 23:08:25 - [MESSAGE][PASSED] - Navigate to 'https://qa2.velocitypayment.com/client/rad/index.html' successfully

2024-02-03 23:08:25 - [TEST_STEP][PASSED] - orPath_Landing = "Object Repository/RAD_Pages/Landing_Page": null

2024-02-03 23:08:25 - [TEST_STEP][PASSED] - orPath_TaxTypeFilingYear = "Object Repository/RAD_Pages/TaxTypeFilingYear_Page": null

2024-02-03 23:08:25 - [TEST_STEP][PASSED] - orPath_TaxPayer = "Object Repository/RAD_Pages/Taxpayer_Page": null

2024-02-03 23:08:25 - [TEST_STEP][PASSED] - orPath_AddressContact = "Object Repository/RAD_Pages/AddressAndContactInfo_Page": null

2024-02-03 23:08:25 - [TEST_STEP][PASSED] - orPath_FilingStatus = "Object Repository/RAD_Pages/FilingStatus_Page": null

2024-02-03 23:08:25 - [TEST_STEP][PASSED] - orPath_Amount = "Object Repository/RAD_Pages/PaymentAmount_Page": null

2024-02-03 23:08:25 - [TEST_STEP][PASSED] - orPath_TaxInfo = "Object Repository/RAD_Pages/TaxInfo_Page": null

2024-02-03 23:08:25 - [TEST_STEP][PASSED] - orPath_Withholding = "Object Repository/RAD_Pages/Withholding_Page": null

2024-02-03 23:08:25 - [TEST_STEP][PASSED] - orPath_Summary = "Object Repository/RAD_Pages/Summary_Page": null

2024-02-03 23:08:25 - [TEST_STEP][PASSED] - orPath_PaymentReady = "Object Repository/RAD_Pages/PaymentReady_Page": null

2024-02-03 23:08:25 - [TEST_STEP][PASSED] - orPath_PaymentEntry = "Object Repository/RAD_Pages/PaymentEntry_Page": null

2024-02-03 23:08:25 - [TEST_STEP][PASSED] - orPath_PaymentConfirmation = "Object Repository/RAD_Pages/PaymentConfirmation_Page": null

2024-02-03 23:08:25 - [TEST_STEP][PASSED] - orPath_ServiceFeesAccept = "Object Repository/RAD_Pages/ServiceFeeAccept_Page": null

2024-02-03 23:08:25 - [TEST_STEP][PASSED] - selectOptionByLabel(findTestObject(orPath_Landing + "/dd_TaxType"), Taxtype, false): All options with label 'Existing Liability w/Notice Number' are selected in object 'Object Repository/RAD_Pages/Landing_Page/dd_TaxType' 

2024-02-03 23:08:25 - [MESSAGE][PASSED] - All options with label 'Existing Liability w/Notice Number' are selected in object 'Object Repository/RAD_Pages/Landing_Page/dd_TaxType' 

2024-02-03 23:08:25 - [TEST_STEP][PASSED] - delay(1): Delayed 1 second(s)

2024-02-03 23:08:26 - [MESSAGE][PASSED] - Delayed 1 second(s)

2024-02-03 23:08:26 - [TEST_STEP][PASSED] - selectOptionByLabel(findTestObject(orPath_TaxTypeFilingYear + "/select_TaxType_ExistingLiability"), TaxTypeEL, false): All options with label 'Corporate Income Tax' are selected in object 'Object Repository/RAD_Pages/TaxTypeFilingYear_Page/select_TaxType_ExistingLiability' 

2024-02-03 23:08:27 - [MESSAGE][PASSED] - All options with label 'Corporate Income Tax' are selected in object 'Object Repository/RAD_Pages/TaxTypeFilingYear_Page/select_TaxType_ExistingLiability' 

2024-02-03 23:08:27 - [TEST_STEP][PASSED] - setText(findTestObject(orPath_TaxInfo + "/input_NoticeInvoiceNumber"), notInvNumber): Text '12345678901' is set on object 'Object Repository/RAD_Pages/TaxInfo_Page/input_NoticeInvoiceNumber'

2024-02-03 23:08:28 - [MESSAGE][PASSED] - Text '12345678901' is set on object 'Object Repository/RAD_Pages/TaxInfo_Page/input_NoticeInvoiceNumber'

2024-02-03 23:08:28 - [TEST_STEP][PASSED] - setText(findTestObject(orPath_TaxInfo + "/input_reTypeNoticeInvoiceNumber"), notInvNumber): Text '12345678901' is set on object 'Object Repository/RAD_Pages/TaxInfo_Page/input_reTypeNoticeInvoiceNumber'

2024-02-03 23:08:29 - [MESSAGE][PASSED] - Text '12345678901' is set on object 'Object Repository/RAD_Pages/TaxInfo_Page/input_reTypeNoticeInvoiceNumber'

2024-02-03 23:08:29 - [TEST_STEP][PASSED] - println(notInvNumber): null

2024-02-03 23:08:29 - [TEST_STEP][PASSED] - if (verifyTextPresent(errorMsg, true)): null

2024-02-03 23:08:29 - [MESSAGE][PASSED] - Text 'Invoice Number must be 10 or 13 digits in length, with a value greater than zero' is present on page  using regular expression

2024-02-03 23:08:29 - [TEST_STEP][PASSED] - println("Error Message is present on the page"): null

2024-02-03 23:08:29 - [TEST_STEP][PASSED] - out.println("Pass Record Number: " + row): null

2024-02-03 23:08:29 - [TEST_STEP][PASSED] - resText = "Pass": null

2024-02-03 23:08:29 - [TEST_STEP][PASSED] - pages.WriteExcel.demoKey(resText, datText, resColumn, datCloumn, fileLoc, nameSheet, row): pages.WriteExcel.demoKey is PASSED

2024-02-03 23:08:30 - [MESSAGE][PASSED] - pages.WriteExcel.demoKey is PASSED

2024-02-03 23:08:30 - [TEST_STEP][PASSED] - ExecuteTC = findTestData(dataFile).getValue("Execute", row): null

2024-02-03 23:08:30 - [TEST_STEP][PASSED] - Taxtype = findTestData(dataFile).getValue("TaxType", row): null

2024-02-03 23:08:30 - [TEST_STEP][PASSED] - TaxTypeEL = findTestData(dataFile).getValue("TaxTypeEL", row): null

2024-02-03 23:08:30 - [TEST_STEP][PASSED] - notInvNumber = findTestData(dataFile).getValue("NotiInvoNumber", row): null

2024-02-03 23:08:30 - [TEST_STEP][PASSED] - errorMsg = findTestData(dataFile).getValue("ErrorMessage", row): null

2024-02-03 23:08:30 - [TEST_STEP][PASSED] - out.println("Value of Execute is : " + ExecuteTC): null

2024-02-03 23:08:30 - [TEST_STEP][PASSED] - if (ExecuteTC.equalsIgnoreCase("Y")): null

2024-02-03 23:08:30 - [TEST_STEP][PASSED] - out.println("Begin Record Number: " + row): null

2024-02-03 23:08:30 - [TEST_STEP][PASSED] - today = new java.util.Date(): null

2024-02-03 23:08:30 - [TEST_STEP][PASSED] - println(today): null

2024-02-03 23:08:30 - [TEST_STEP][PASSED] - datText = today: null

2024-02-03 23:08:30 - [TEST_STEP][PASSED] - Taxtype = findTestData(dataFile).getValue("TaxType", row): null

2024-02-03 23:08:30 - [TEST_STEP][PASSED] - out.println("Taxtype value is : " + Taxtype): null

2024-02-03 23:08:30 - [TEST_STEP][PASSED] - openBrowser(""): Browser is opened with url: ''

2024-02-03 23:08:30 - [MESSAGE][WARNING] - A browser is already opened. Closing browser and opening a new one

2024-02-03 23:08:31 - [MESSAGE][INFO] - Starting 'Chrome' driver

2024-02-03 23:08:31 - [MESSAGE][INFO] - User set preference: ['acceptInsecureCerts', 'true']

2024-02-03 23:08:31 - [MESSAGE][INFO] - Action delay is set to 0 milliseconds

2024-02-03 23:08:33 - [MESSAGE][PASSED] - Browser is opened with url: ''

2024-02-03 23:08:33 - [TEST_STEP][PASSED] - maximizeWindow(): Current window maximized

2024-02-03 23:08:33 - [MESSAGE][PASSED] - Current window maximized

2024-02-03 23:08:33 - [TEST_STEP][PASSED] - navigateToUrl(RADurl): Navigate to 'https://qa2.velocitypayment.com/client/rad/index.html' successfully

2024-02-03 23:08:35 - [MESSAGE][PASSED] - Navigate to 'https://qa2.velocitypayment.com/client/rad/index.html' successfully

2024-02-03 23:08:35 - [TEST_STEP][PASSED] - orPath_Landing = "Object Repository/RAD_Pages/Landing_Page": null

2024-02-03 23:08:35 - [TEST_STEP][PASSED] - orPath_TaxTypeFilingYear = "Object Repository/RAD_Pages/TaxTypeFilingYear_Page": null

2024-02-03 23:08:35 - [TEST_STEP][PASSED] - orPath_TaxPayer = "Object Repository/RAD_Pages/Taxpayer_Page": null

2024-02-03 23:08:35 - [TEST_STEP][PASSED] - orPath_AddressContact = "Object Repository/RAD_Pages/AddressAndContactInfo_Page": null

2024-02-03 23:08:35 - [TEST_STEP][PASSED] - orPath_FilingStatus = "Object Repository/RAD_Pages/FilingStatus_Page": null

2024-02-03 23:08:35 - [TEST_STEP][PASSED] - orPath_Amount = "Object Repository/RAD_Pages/PaymentAmount_Page": null

2024-02-03 23:08:35 - [TEST_STEP][PASSED] - orPath_TaxInfo = "Object Repository/RAD_Pages/TaxInfo_Page": null

2024-02-03 23:08:35 - [TEST_STEP][PASSED] - orPath_Withholding = "Object Repository/RAD_Pages/Withholding_Page": null

2024-02-03 23:08:35 - [TEST_STEP][PASSED] - orPath_Summary = "Object Repository/RAD_Pages/Summary_Page": null

2024-02-03 23:08:35 - [TEST_STEP][PASSED] - orPath_PaymentReady = "Object Repository/RAD_Pages/PaymentReady_Page": null

2024-02-03 23:08:35 - [TEST_STEP][PASSED] - orPath_PaymentEntry = "Object Repository/RAD_Pages/PaymentEntry_Page": null

2024-02-03 23:08:35 - [TEST_STEP][PASSED] - orPath_PaymentConfirmation = "Object Repository/RAD_Pages/PaymentConfirmation_Page": null

2024-02-03 23:08:35 - [TEST_STEP][PASSED] - orPath_ServiceFeesAccept = "Object Repository/RAD_Pages/ServiceFeeAccept_Page": null

2024-02-03 23:08:35 - [TEST_STEP][PASSED] - selectOptionByLabel(findTestObject(orPath_Landing + "/dd_TaxType"), Taxtype, false): All options with label 'Existing Liability w/Notice Number' are selected in object 'Object Repository/RAD_Pages/Landing_Page/dd_TaxType' 

2024-02-03 23:08:35 - [MESSAGE][PASSED] - All options with label 'Existing Liability w/Notice Number' are selected in object 'Object Repository/RAD_Pages/Landing_Page/dd_TaxType' 

2024-02-03 23:08:35 - [TEST_STEP][PASSED] - delay(1): Delayed 1 second(s)

2024-02-03 23:08:36 - [MESSAGE][PASSED] - Delayed 1 second(s)

2024-02-03 23:08:36 - [TEST_STEP][PASSED] - selectOptionByLabel(findTestObject(orPath_TaxTypeFilingYear + "/select_TaxType_ExistingLiability"), TaxTypeEL, false): All options with label 'Corporate Income Tax' are selected in object 'Object Repository/RAD_Pages/TaxTypeFilingYear_Page/select_TaxType_ExistingLiability' 

2024-02-03 23:08:37 - [MESSAGE][PASSED] - All options with label 'Corporate Income Tax' are selected in object 'Object Repository/RAD_Pages/TaxTypeFilingYear_Page/select_TaxType_ExistingLiability' 

2024-02-03 23:08:37 - [TEST_STEP][PASSED] - setText(findTestObject(orPath_TaxInfo + "/input_NoticeInvoiceNumber"), notInvNumber): Text '123456789012' is set on object 'Object Repository/RAD_Pages/TaxInfo_Page/input_NoticeInvoiceNumber'

2024-02-03 23:08:38 - [MESSAGE][PASSED] - Text '123456789012' is set on object 'Object Repository/RAD_Pages/TaxInfo_Page/input_NoticeInvoiceNumber'

2024-02-03 23:08:38 - [TEST_STEP][PASSED] - setText(findTestObject(orPath_TaxInfo + "/input_reTypeNoticeInvoiceNumber"), notInvNumber): Text '123456789012' is set on object 'Object Repository/RAD_Pages/TaxInfo_Page/input_reTypeNoticeInvoiceNumber'

2024-02-03 23:08:39 - [MESSAGE][PASSED] - Text '123456789012' is set on object 'Object Repository/RAD_Pages/TaxInfo_Page/input_reTypeNoticeInvoiceNumber'

2024-02-03 23:08:39 - [TEST_STEP][PASSED] - println(notInvNumber): null

2024-02-03 23:08:39 - [TEST_STEP][PASSED] - if (verifyTextPresent(errorMsg, true)): null

2024-02-03 23:08:39 - [MESSAGE][PASSED] - Text 'Invoice Number must be 10 or 13 digits in length, with a value greater than zero' is present on page  using regular expression

2024-02-03 23:08:39 - [TEST_STEP][PASSED] - println("Error Message is present on the page"): null

2024-02-03 23:08:39 - [TEST_STEP][PASSED] - out.println("Pass Record Number: " + row): null

2024-02-03 23:08:39 - [TEST_STEP][PASSED] - resText = "Pass": null

2024-02-03 23:08:39 - [TEST_STEP][PASSED] - pages.WriteExcel.demoKey(resText, datText, resColumn, datCloumn, fileLoc, nameSheet, row): pages.WriteExcel.demoKey is PASSED

2024-02-03 23:08:39 - [MESSAGE][PASSED] - pages.WriteExcel.demoKey is PASSED

2024-02-03 23:08:39 - [TEST_STEP][PASSED] - ExecuteTC = findTestData(dataFile).getValue("Execute", row): null

2024-02-03 23:08:40 - [TEST_STEP][PASSED] - Taxtype = findTestData(dataFile).getValue("TaxType", row): null

2024-02-03 23:08:40 - [TEST_STEP][PASSED] - TaxTypeEL = findTestData(dataFile).getValue("TaxTypeEL", row): null

2024-02-03 23:08:40 - [TEST_STEP][PASSED] - notInvNumber = findTestData(dataFile).getValue("NotiInvoNumber", row): null

2024-02-03 23:08:40 - [TEST_STEP][PASSED] - errorMsg = findTestData(dataFile).getValue("ErrorMessage", row): null

2024-02-03 23:08:40 - [TEST_STEP][PASSED] - out.println("Value of Execute is : " + ExecuteTC): null

2024-02-03 23:08:40 - [TEST_STEP][PASSED] - if (ExecuteTC.equalsIgnoreCase("Y")): null

2024-02-03 23:08:40 - [TEST_STEP][PASSED] - out.println("Begin Record Number: " + row): null

2024-02-03 23:08:40 - [TEST_STEP][PASSED] - today = new java.util.Date(): null

2024-02-03 23:08:40 - [TEST_STEP][PASSED] - println(today): null

2024-02-03 23:08:40 - [TEST_STEP][PASSED] - datText = today: null

2024-02-03 23:08:40 - [TEST_STEP][PASSED] - Taxtype = findTestData(dataFile).getValue("TaxType", row): null

2024-02-03 23:08:40 - [TEST_STEP][PASSED] - out.println("Taxtype value is : " + Taxtype): null

2024-02-03 23:08:40 - [TEST_STEP][PASSED] - openBrowser(""): Browser is opened with url: ''

2024-02-03 23:08:40 - [MESSAGE][WARNING] - A browser is already opened. Closing browser and opening a new one

2024-02-03 23:08:41 - [MESSAGE][INFO] - Starting 'Chrome' driver

2024-02-03 23:08:41 - [MESSAGE][INFO] - User set preference: ['acceptInsecureCerts', 'true']

2024-02-03 23:08:41 - [MESSAGE][INFO] - Action delay is set to 0 milliseconds

2024-02-03 23:08:43 - [MESSAGE][PASSED] - Browser is opened with url: ''

2024-02-03 23:08:43 - [TEST_STEP][PASSED] - maximizeWindow(): Current window maximized

2024-02-03 23:08:43 - [MESSAGE][PASSED] - Current window maximized

2024-02-03 23:08:43 - [TEST_STEP][PASSED] - navigateToUrl(RADurl): Navigate to 'https://qa2.velocitypayment.com/client/rad/index.html' successfully

2024-02-03 23:08:43 - [MESSAGE][PASSED] - Navigate to 'https://qa2.velocitypayment.com/client/rad/index.html' successfully

2024-02-03 23:08:43 - [TEST_STEP][PASSED] - orPath_Landing = "Object Repository/RAD_Pages/Landing_Page": null

2024-02-03 23:08:43 - [TEST_STEP][PASSED] - orPath_TaxTypeFilingYear = "Object Repository/RAD_Pages/TaxTypeFilingYear_Page": null

2024-02-03 23:08:43 - [TEST_STEP][PASSED] - orPath_TaxPayer = "Object Repository/RAD_Pages/Taxpayer_Page": null

2024-02-03 23:08:43 - [TEST_STEP][PASSED] - orPath_AddressContact = "Object Repository/RAD_Pages/AddressAndContactInfo_Page": null

2024-02-03 23:08:43 - [TEST_STEP][PASSED] - orPath_FilingStatus = "Object Repository/RAD_Pages/FilingStatus_Page": null

2024-02-03 23:08:43 - [TEST_STEP][PASSED] - orPath_Amount = "Object Repository/RAD_Pages/PaymentAmount_Page": null

2024-02-03 23:08:43 - [TEST_STEP][PASSED] - orPath_TaxInfo = "Object Repository/RAD_Pages/TaxInfo_Page": null

2024-02-03 23:08:43 - [TEST_STEP][PASSED] - orPath_Withholding = "Object Repository/RAD_Pages/Withholding_Page": null

2024-02-03 23:08:43 - [TEST_STEP][PASSED] - orPath_Summary = "Object Repository/RAD_Pages/Summary_Page": null

2024-02-03 23:08:43 - [TEST_STEP][PASSED] - orPath_PaymentReady = "Object Repository/RAD_Pages/PaymentReady_Page": null

2024-02-03 23:08:43 - [TEST_STEP][PASSED] - orPath_PaymentEntry = "Object Repository/RAD_Pages/PaymentEntry_Page": null

2024-02-03 23:08:43 - [TEST_STEP][PASSED] - orPath_PaymentConfirmation = "Object Repository/RAD_Pages/PaymentConfirmation_Page": null

2024-02-03 23:08:43 - [TEST_STEP][PASSED] - orPath_ServiceFeesAccept = "Object Repository/RAD_Pages/ServiceFeeAccept_Page": null

2024-02-03 23:08:43 - [TEST_STEP][PASSED] - selectOptionByLabel(findTestObject(orPath_Landing + "/dd_TaxType"), Taxtype, false): All options with label 'Existing Liability w/Notice Number' are selected in object 'Object Repository/RAD_Pages/Landing_Page/dd_TaxType' 

2024-02-03 23:08:45 - [MESSAGE][PASSED] - All options with label 'Existing Liability w/Notice Number' are selected in object 'Object Repository/RAD_Pages/Landing_Page/dd_TaxType' 

2024-02-03 23:08:45 - [TEST_STEP][PASSED] - delay(1): Delayed 1 second(s)

2024-02-03 23:08:46 - [MESSAGE][PASSED] - Delayed 1 second(s)

2024-02-03 23:08:46 - [TEST_STEP][PASSED] - selectOptionByLabel(findTestObject(orPath_TaxTypeFilingYear + "/select_TaxType_ExistingLiability"), TaxTypeEL, false): All options with label 'Fiduciary Tax' are selected in object 'Object Repository/RAD_Pages/TaxTypeFilingYear_Page/select_TaxType_ExistingLiability' 

2024-02-03 23:08:47 - [MESSAGE][PASSED] - All options with label 'Fiduciary Tax' are selected in object 'Object Repository/RAD_Pages/TaxTypeFilingYear_Page/select_TaxType_ExistingLiability' 

2024-02-03 23:08:47 - [TEST_STEP][PASSED] - setText(findTestObject(orPath_TaxInfo + "/input_NoticeInvoiceNumber"), notInvNumber): Text '123456789' is set on object 'Object Repository/RAD_Pages/TaxInfo_Page/input_NoticeInvoiceNumber'

2024-02-03 23:08:47 - [MESSAGE][PASSED] - Text '123456789' is set on object 'Object Repository/RAD_Pages/TaxInfo_Page/input_NoticeInvoiceNumber'

2024-02-03 23:08:47 - [TEST_STEP][PASSED] - setText(findTestObject(orPath_TaxInfo + "/input_reTypeNoticeInvoiceNumber"), notInvNumber): Text '123456789' is set on object 'Object Repository/RAD_Pages/TaxInfo_Page/input_reTypeNoticeInvoiceNumber'

2024-02-03 23:08:48 - [MESSAGE][PASSED] - Text '123456789' is set on object 'Object Repository/RAD_Pages/TaxInfo_Page/input_reTypeNoticeInvoiceNumber'

2024-02-03 23:08:48 - [TEST_STEP][PASSED] - println(notInvNumber): null

2024-02-03 23:08:48 - [TEST_STEP][PASSED] - if (verifyTextPresent(errorMsg, true)): null

2024-02-03 23:08:49 - [MESSAGE][PASSED] - Text 'Notice Number must be 13 digits in length, with a value greater than zero' is present on page  using regular expression

2024-02-03 23:08:49 - [TEST_STEP][PASSED] - println("Error Message is present on the page"): null

2024-02-03 23:08:49 - [TEST_STEP][PASSED] - out.println("Pass Record Number: " + row): null

2024-02-03 23:08:49 - [TEST_STEP][PASSED] - resText = "Pass": null

2024-02-03 23:08:49 - [TEST_STEP][PASSED] - pages.WriteExcel.demoKey(resText, datText, resColumn, datCloumn, fileLoc, nameSheet, row): pages.WriteExcel.demoKey is PASSED

2024-02-03 23:08:49 - [MESSAGE][PASSED] - pages.WriteExcel.demoKey is PASSED

2024-02-03 23:08:49 - [TEST_STEP][PASSED] - ExecuteTC = findTestData(dataFile).getValue("Execute", row): null

2024-02-03 23:08:49 - [TEST_STEP][PASSED] - Taxtype = findTestData(dataFile).getValue("TaxType", row): null

2024-02-03 23:08:49 - [TEST_STEP][PASSED] - TaxTypeEL = findTestData(dataFile).getValue("TaxTypeEL", row): null

2024-02-03 23:08:49 - [TEST_STEP][PASSED] - notInvNumber = findTestData(dataFile).getValue("NotiInvoNumber", row): null

2024-02-03 23:08:49 - [TEST_STEP][PASSED] - errorMsg = findTestData(dataFile).getValue("ErrorMessage", row): null

2024-02-03 23:08:49 - [TEST_STEP][PASSED] - out.println("Value of Execute is : " + ExecuteTC): null

2024-02-03 23:08:49 - [TEST_STEP][PASSED] - if (ExecuteTC.equalsIgnoreCase("Y")): null

2024-02-03 23:08:49 - [TEST_STEP][PASSED] - out.println("Begin Record Number: " + row): null

2024-02-03 23:08:49 - [TEST_STEP][PASSED] - today = new java.util.Date(): null

2024-02-03 23:08:49 - [TEST_STEP][PASSED] - println(today): null

2024-02-03 23:08:49 - [TEST_STEP][PASSED] - datText = today: null

2024-02-03 23:08:49 - [TEST_STEP][PASSED] - Taxtype = findTestData(dataFile).getValue("TaxType", row): null

2024-02-03 23:08:49 - [TEST_STEP][PASSED] - out.println("Taxtype value is : " + Taxtype): null

2024-02-03 23:08:49 - [TEST_STEP][PASSED] - openBrowser(""): Browser is opened with url: ''

2024-02-03 23:08:49 - [MESSAGE][WARNING] - A browser is already opened. Closing browser and opening a new one

2024-02-03 23:08:50 - [MESSAGE][INFO] - Starting 'Chrome' driver

2024-02-03 23:08:50 - [MESSAGE][INFO] - User set preference: ['acceptInsecureCerts', 'true']

2024-02-03 23:08:50 - [MESSAGE][INFO] - Action delay is set to 0 milliseconds

2024-02-03 23:08:52 - [MESSAGE][PASSED] - Browser is opened with url: ''

2024-02-03 23:08:52 - [TEST_STEP][PASSED] - maximizeWindow(): Current window maximized

2024-02-03 23:08:52 - [MESSAGE][PASSED] - Current window maximized

2024-02-03 23:08:52 - [TEST_STEP][PASSED] - navigateToUrl(RADurl): Navigate to 'https://qa2.velocitypayment.com/client/rad/index.html' successfully

2024-02-03 23:08:54 - [MESSAGE][PASSED] - Navigate to 'https://qa2.velocitypayment.com/client/rad/index.html' successfully

2024-02-03 23:08:54 - [TEST_STEP][PASSED] - orPath_Landing = "Object Repository/RAD_Pages/Landing_Page": null

2024-02-03 23:08:54 - [TEST_STEP][PASSED] - orPath_TaxTypeFilingYear = "Object Repository/RAD_Pages/TaxTypeFilingYear_Page": null

2024-02-03 23:08:54 - [TEST_STEP][PASSED] - orPath_TaxPayer = "Object Repository/RAD_Pages/Taxpayer_Page": null

2024-02-03 23:08:54 - [TEST_STEP][PASSED] - orPath_AddressContact = "Object Repository/RAD_Pages/AddressAndContactInfo_Page": null

2024-02-03 23:08:54 - [TEST_STEP][PASSED] - orPath_FilingStatus = "Object Repository/RAD_Pages/FilingStatus_Page": null

2024-02-03 23:08:54 - [TEST_STEP][PASSED] - orPath_Amount = "Object Repository/RAD_Pages/PaymentAmount_Page": null

2024-02-03 23:08:54 - [TEST_STEP][PASSED] - orPath_TaxInfo = "Object Repository/RAD_Pages/TaxInfo_Page": null

2024-02-03 23:08:54 - [TEST_STEP][PASSED] - orPath_Withholding = "Object Repository/RAD_Pages/Withholding_Page": null

2024-02-03 23:08:54 - [TEST_STEP][PASSED] - orPath_Summary = "Object Repository/RAD_Pages/Summary_Page": null

2024-02-03 23:08:54 - [TEST_STEP][PASSED] - orPath_PaymentReady = "Object Repository/RAD_Pages/PaymentReady_Page": null

2024-02-03 23:08:54 - [TEST_STEP][PASSED] - orPath_PaymentEntry = "Object Repository/RAD_Pages/PaymentEntry_Page": null

2024-02-03 23:08:54 - [TEST_STEP][PASSED] - orPath_PaymentConfirmation = "Object Repository/RAD_Pages/PaymentConfirmation_Page": null

2024-02-03 23:08:54 - [TEST_STEP][PASSED] - orPath_ServiceFeesAccept = "Object Repository/RAD_Pages/ServiceFeeAccept_Page": null

2024-02-03 23:08:54 - [TEST_STEP][PASSED] - selectOptionByLabel(findTestObject(orPath_Landing + "/dd_TaxType"), Taxtype, false): All options with label 'Existing Liability w/Notice Number' are selected in object 'Object Repository/RAD_Pages/Landing_Page/dd_TaxType' 

2024-02-03 23:08:55 - [MESSAGE][PASSED] - All options with label 'Existing Liability w/Notice Number' are selected in object 'Object Repository/RAD_Pages/Landing_Page/dd_TaxType' 

2024-02-03 23:08:55 - [TEST_STEP][PASSED] - delay(1): Delayed 1 second(s)

2024-02-03 23:08:56 - [MESSAGE][PASSED] - Delayed 1 second(s)

2024-02-03 23:08:56 - [TEST_STEP][PASSED] - selectOptionByLabel(findTestObject(orPath_TaxTypeFilingYear + "/select_TaxType_ExistingLiability"), TaxTypeEL, false): All options with label 'Personal Income Tax' are selected in object 'Object Repository/RAD_Pages/TaxTypeFilingYear_Page/select_TaxType_ExistingLiability' 

2024-02-03 23:08:56 - [MESSAGE][PASSED] - All options with label 'Personal Income Tax' are selected in object 'Object Repository/RAD_Pages/TaxTypeFilingYear_Page/select_TaxType_ExistingLiability' 

2024-02-03 23:08:56 - [TEST_STEP][PASSED] - setText(findTestObject(orPath_TaxInfo + "/input_NoticeInvoiceNumber"), notInvNumber): Text '123456789' is set on object 'Object Repository/RAD_Pages/TaxInfo_Page/input_NoticeInvoiceNumber'

2024-02-03 23:08:57 - [MESSAGE][PASSED] - Text '123456789' is set on object 'Object Repository/RAD_Pages/TaxInfo_Page/input_NoticeInvoiceNumber'

2024-02-03 23:08:57 - [TEST_STEP][PASSED] - setText(findTestObject(orPath_TaxInfo + "/input_reTypeNoticeInvoiceNumber"), notInvNumber): Text '123456789' is set on object 'Object Repository/RAD_Pages/TaxInfo_Page/input_reTypeNoticeInvoiceNumber'

2024-02-03 23:08:58 - [MESSAGE][PASSED] - Text '123456789' is set on object 'Object Repository/RAD_Pages/TaxInfo_Page/input_reTypeNoticeInvoiceNumber'

2024-02-03 23:08:58 - [TEST_STEP][PASSED] - println(notInvNumber): null

2024-02-03 23:08:58 - [TEST_STEP][PASSED] - if (verifyTextPresent(errorMsg, true)): null

2024-02-03 23:08:59 - [MESSAGE][PASSED] - Text 'Notice Number must be 13 digits in length, with a value greater than zero' is present on page  using regular expression

2024-02-03 23:08:59 - [TEST_STEP][PASSED] - println("Error Message is present on the page"): null

2024-02-03 23:08:59 - [TEST_STEP][PASSED] - out.println("Pass Record Number: " + row): null

2024-02-03 23:08:59 - [TEST_STEP][PASSED] - resText = "Pass": null

2024-02-03 23:08:59 - [TEST_STEP][PASSED] - pages.WriteExcel.demoKey(resText, datText, resColumn, datCloumn, fileLoc, nameSheet, row): pages.WriteExcel.demoKey is PASSED

2024-02-03 23:08:59 - [MESSAGE][PASSED] - pages.WriteExcel.demoKey is PASSED

2024-02-03 23:08:59 - [TEST_STEP][PASSED] - ExecuteTC = findTestData(dataFile).getValue("Execute", row): null

2024-02-03 23:08:59 - [TEST_STEP][PASSED] - Taxtype = findTestData(dataFile).getValue("TaxType", row): null

2024-02-03 23:08:59 - [TEST_STEP][PASSED] - TaxTypeEL = findTestData(dataFile).getValue("TaxTypeEL", row): null

2024-02-03 23:08:59 - [TEST_STEP][PASSED] - notInvNumber = findTestData(dataFile).getValue("NotiInvoNumber", row): null

2024-02-03 23:08:59 - [TEST_STEP][PASSED] - errorMsg = findTestData(dataFile).getValue("ErrorMessage", row): null

2024-02-03 23:08:59 - [TEST_STEP][PASSED] - out.println("Value of Execute is : " + ExecuteTC): null

2024-02-03 23:08:59 - [TEST_STEP][PASSED] - if (ExecuteTC.equalsIgnoreCase("Y")): null

2024-02-03 23:08:59 - [TEST_STEP][PASSED] - out.println("Begin Record Number: " + row): null

2024-02-03 23:08:59 - [TEST_STEP][PASSED] - today = new java.util.Date(): null

2024-02-03 23:08:59 - [TEST_STEP][PASSED] - println(today): null

2024-02-03 23:08:59 - [TEST_STEP][PASSED] - datText = today: null

2024-02-03 23:08:59 - [TEST_STEP][PASSED] - Taxtype = findTestData(dataFile).getValue("TaxType", row): null

2024-02-03 23:08:59 - [TEST_STEP][PASSED] - out.println("Taxtype value is : " + Taxtype): null

2024-02-03 23:08:59 - [TEST_STEP][PASSED] - openBrowser(""): Browser is opened with url: ''

2024-02-03 23:08:59 - [MESSAGE][WARNING] - A browser is already opened. Closing browser and opening a new one

2024-02-03 23:09:00 - [MESSAGE][INFO] - Starting 'Chrome' driver

2024-02-03 23:09:00 - [MESSAGE][INFO] - User set preference: ['acceptInsecureCerts', 'true']

2024-02-03 23:09:00 - [MESSAGE][INFO] - Action delay is set to 0 milliseconds

2024-02-03 23:09:02 - [MESSAGE][PASSED] - Browser is opened with url: ''

2024-02-03 23:09:02 - [TEST_STEP][PASSED] - maximizeWindow(): Current window maximized

2024-02-03 23:09:02 - [MESSAGE][PASSED] - Current window maximized

2024-02-03 23:09:02 - [TEST_STEP][PASSED] - navigateToUrl(RADurl): Navigate to 'https://qa2.velocitypayment.com/client/rad/index.html' successfully

2024-02-03 23:09:02 - [MESSAGE][PASSED] - Navigate to 'https://qa2.velocitypayment.com/client/rad/index.html' successfully

2024-02-03 23:09:02 - [TEST_STEP][PASSED] - orPath_Landing = "Object Repository/RAD_Pages/Landing_Page": null

2024-02-03 23:09:02 - [TEST_STEP][PASSED] - orPath_TaxTypeFilingYear = "Object Repository/RAD_Pages/TaxTypeFilingYear_Page": null

2024-02-03 23:09:02 - [TEST_STEP][PASSED] - orPath_TaxPayer = "Object Repository/RAD_Pages/Taxpayer_Page": null

2024-02-03 23:09:02 - [TEST_STEP][PASSED] - orPath_AddressContact = "Object Repository/RAD_Pages/AddressAndContactInfo_Page": null

2024-02-03 23:09:02 - [TEST_STEP][PASSED] - orPath_FilingStatus = "Object Repository/RAD_Pages/FilingStatus_Page": null

2024-02-03 23:09:02 - [TEST_STEP][PASSED] - orPath_Amount = "Object Repository/RAD_Pages/PaymentAmount_Page": null

2024-02-03 23:09:02 - [TEST_STEP][PASSED] - orPath_TaxInfo = "Object Repository/RAD_Pages/TaxInfo_Page": null

2024-02-03 23:09:02 - [TEST_STEP][PASSED] - orPath_Withholding = "Object Repository/RAD_Pages/Withholding_Page": null

2024-02-03 23:09:02 - [TEST_STEP][PASSED] - orPath_Summary = "Object Repository/RAD_Pages/Summary_Page": null

2024-02-03 23:09:02 - [TEST_STEP][PASSED] - orPath_PaymentReady = "Object Repository/RAD_Pages/PaymentReady_Page": null

2024-02-03 23:09:02 - [TEST_STEP][PASSED] - orPath_PaymentEntry = "Object Repository/RAD_Pages/PaymentEntry_Page": null

2024-02-03 23:09:02 - [TEST_STEP][PASSED] - orPath_PaymentConfirmation = "Object Repository/RAD_Pages/PaymentConfirmation_Page": null

2024-02-03 23:09:02 - [TEST_STEP][PASSED] - orPath_ServiceFeesAccept = "Object Repository/RAD_Pages/ServiceFeeAccept_Page": null

2024-02-03 23:09:02 - [TEST_STEP][PASSED] - selectOptionByLabel(findTestObject(orPath_Landing + "/dd_TaxType"), Taxtype, false): All options with label 'Existing Liability w/Notice Number' are selected in object 'Object Repository/RAD_Pages/Landing_Page/dd_TaxType' 

2024-02-03 23:09:04 - [MESSAGE][PASSED] - All options with label 'Existing Liability w/Notice Number' are selected in object 'Object Repository/RAD_Pages/Landing_Page/dd_TaxType' 

2024-02-03 23:09:04 - [TEST_STEP][PASSED] - delay(1): Delayed 1 second(s)

2024-02-03 23:09:05 - [MESSAGE][PASSED] - Delayed 1 second(s)

2024-02-03 23:09:05 - [TEST_STEP][PASSED] - selectOptionByLabel(findTestObject(orPath_TaxTypeFilingYear + "/select_TaxType_ExistingLiability"), TaxTypeEL, false): All options with label 'PTE Non-Electing Non-S Corp' are selected in object 'Object Repository/RAD_Pages/TaxTypeFilingYear_Page/select_TaxType_ExistingLiability' 

2024-02-03 23:09:06 - [MESSAGE][PASSED] - All options with label 'PTE Non-Electing Non-S Corp' are selected in object 'Object Repository/RAD_Pages/TaxTypeFilingYear_Page/select_TaxType_ExistingLiability' 

2024-02-03 23:09:06 - [TEST_STEP][PASSED] - setText(findTestObject(orPath_TaxInfo + "/input_NoticeInvoiceNumber"), notInvNumber): Text '123456789' is set on object 'Object Repository/RAD_Pages/TaxInfo_Page/input_NoticeInvoiceNumber'

2024-02-03 23:09:07 - [MESSAGE][PASSED] - Text '123456789' is set on object 'Object Repository/RAD_Pages/TaxInfo_Page/input_NoticeInvoiceNumber'

2024-02-03 23:09:07 - [TEST_STEP][PASSED] - setText(findTestObject(orPath_TaxInfo + "/input_reTypeNoticeInvoiceNumber"), notInvNumber): Text '123456789' is set on object 'Object Repository/RAD_Pages/TaxInfo_Page/input_reTypeNoticeInvoiceNumber'

2024-02-03 23:09:08 - [MESSAGE][PASSED] - Text '123456789' is set on object 'Object Repository/RAD_Pages/TaxInfo_Page/input_reTypeNoticeInvoiceNumber'

2024-02-03 23:09:08 - [TEST_STEP][PASSED] - println(notInvNumber): null

2024-02-03 23:09:08 - [TEST_STEP][PASSED] - if (verifyTextPresent(errorMsg, true)): null

2024-02-03 23:09:08 - [MESSAGE][PASSED] - Text 'Notice Number must be 13 digits in length, with a value greater than zero' is present on page  using regular expression

2024-02-03 23:09:08 - [TEST_STEP][PASSED] - println("Error Message is present on the page"): null

2024-02-03 23:09:08 - [TEST_STEP][PASSED] - out.println("Pass Record Number: " + row): null

2024-02-03 23:09:08 - [TEST_STEP][PASSED] - resText = "Pass": null

2024-02-03 23:09:08 - [TEST_STEP][PASSED] - pages.WriteExcel.demoKey(resText, datText, resColumn, datCloumn, fileLoc, nameSheet, row): pages.WriteExcel.demoKey is PASSED

2024-02-03 23:09:08 - [MESSAGE][PASSED] - pages.WriteExcel.demoKey is PASSED

2024-02-03 23:09:08 - [TEST_STEP][PASSED] - ExecuteTC = findTestData(dataFile).getValue("Execute", row): null

2024-02-03 23:09:09 - [TEST_STEP][PASSED] - Taxtype = findTestData(dataFile).getValue("TaxType", row): null

2024-02-03 23:09:09 - [TEST_STEP][PASSED] - TaxTypeEL = findTestData(dataFile).getValue("TaxTypeEL", row): null

2024-02-03 23:09:09 - [TEST_STEP][PASSED] - notInvNumber = findTestData(dataFile).getValue("NotiInvoNumber", row): null

2024-02-03 23:09:09 - [TEST_STEP][PASSED] - errorMsg = findTestData(dataFile).getValue("ErrorMessage", row): null

2024-02-03 23:09:09 - [TEST_STEP][PASSED] - out.println("Value of Execute is : " + ExecuteTC): null

2024-02-03 23:09:09 - [TEST_STEP][PASSED] - if (ExecuteTC.equalsIgnoreCase("Y")): null

2024-02-03 23:09:09 - [TEST_STEP][PASSED] - out.println("Begin Record Number: " + row): null

2024-02-03 23:09:09 - [TEST_STEP][PASSED] - today = new java.util.Date(): null

2024-02-03 23:09:09 - [TEST_STEP][PASSED] - println(today): null

2024-02-03 23:09:09 - [TEST_STEP][PASSED] - datText = today: null

2024-02-03 23:09:09 - [TEST_STEP][PASSED] - Taxtype = findTestData(dataFile).getValue("TaxType", row): null

2024-02-03 23:09:09 - [TEST_STEP][PASSED] - out.println("Taxtype value is : " + Taxtype): null

2024-02-03 23:09:09 - [TEST_STEP][PASSED] - openBrowser(""): Browser is opened with url: ''

2024-02-03 23:09:09 - [MESSAGE][WARNING] - A browser is already opened. Closing browser and opening a new one

2024-02-03 23:09:10 - [MESSAGE][INFO] - Starting 'Chrome' driver

2024-02-03 23:09:10 - [MESSAGE][INFO] - User set preference: ['acceptInsecureCerts', 'true']

2024-02-03 23:09:10 - [MESSAGE][INFO] - Action delay is set to 0 milliseconds

2024-02-03 23:09:12 - [MESSAGE][PASSED] - Browser is opened with url: ''

2024-02-03 23:09:12 - [TEST_STEP][PASSED] - maximizeWindow(): Current window maximized

2024-02-03 23:09:12 - [MESSAGE][PASSED] - Current window maximized

2024-02-03 23:09:12 - [TEST_STEP][PASSED] - navigateToUrl(RADurl): Navigate to 'https://qa2.velocitypayment.com/client/rad/index.html' successfully

2024-02-03 23:09:14 - [MESSAGE][PASSED] - Navigate to 'https://qa2.velocitypayment.com/client/rad/index.html' successfully

2024-02-03 23:09:14 - [TEST_STEP][PASSED] - orPath_Landing = "Object Repository/RAD_Pages/Landing_Page": null

2024-02-03 23:09:14 - [TEST_STEP][PASSED] - orPath_TaxTypeFilingYear = "Object Repository/RAD_Pages/TaxTypeFilingYear_Page": null

2024-02-03 23:09:14 - [TEST_STEP][PASSED] - orPath_TaxPayer = "Object Repository/RAD_Pages/Taxpayer_Page": null

2024-02-03 23:09:14 - [TEST_STEP][PASSED] - orPath_AddressContact = "Object Repository/RAD_Pages/AddressAndContactInfo_Page": null

2024-02-03 23:09:14 - [TEST_STEP][PASSED] - orPath_FilingStatus = "Object Repository/RAD_Pages/FilingStatus_Page": null

2024-02-03 23:09:14 - [TEST_STEP][PASSED] - orPath_Amount = "Object Repository/RAD_Pages/PaymentAmount_Page": null

2024-02-03 23:09:14 - [TEST_STEP][PASSED] - orPath_TaxInfo = "Object Repository/RAD_Pages/TaxInfo_Page": null

2024-02-03 23:09:14 - [TEST_STEP][PASSED] - orPath_Withholding = "Object Repository/RAD_Pages/Withholding_Page": null

2024-02-03 23:09:14 - [TEST_STEP][PASSED] - orPath_Summary = "Object Repository/RAD_Pages/Summary_Page": null

2024-02-03 23:09:14 - [TEST_STEP][PASSED] - orPath_PaymentReady = "Object Repository/RAD_Pages/PaymentReady_Page": null

2024-02-03 23:09:14 - [TEST_STEP][PASSED] - orPath_PaymentEntry = "Object Repository/RAD_Pages/PaymentEntry_Page": null

2024-02-03 23:09:14 - [TEST_STEP][PASSED] - orPath_PaymentConfirmation = "Object Repository/RAD_Pages/PaymentConfirmation_Page": null

2024-02-03 23:09:14 - [TEST_STEP][PASSED] - orPath_ServiceFeesAccept = "Object Repository/RAD_Pages/ServiceFeeAccept_Page": null

2024-02-03 23:09:14 - [TEST_STEP][PASSED] - selectOptionByLabel(findTestObject(orPath_Landing + "/dd_TaxType"), Taxtype, false): All options with label 'Existing Liability w/Notice Number' are selected in object 'Object Repository/RAD_Pages/Landing_Page/dd_TaxType' 

2024-02-03 23:09:14 - [MESSAGE][PASSED] - All options with label 'Existing Liability w/Notice Number' are selected in object 'Object Repository/RAD_Pages/Landing_Page/dd_TaxType' 

2024-02-03 23:09:14 - [TEST_STEP][PASSED] - delay(1): Delayed 1 second(s)

2024-02-03 23:09:15 - [MESSAGE][PASSED] - Delayed 1 second(s)

2024-02-03 23:09:15 - [TEST_STEP][PASSED] - selectOptionByLabel(findTestObject(orPath_TaxTypeFilingYear + "/select_TaxType_ExistingLiability"), TaxTypeEL, false): All options with label 'PTE Non-Electing S Corp' are selected in object 'Object Repository/RAD_Pages/TaxTypeFilingYear_Page/select_TaxType_ExistingLiability' 

2024-02-03 23:09:16 - [MESSAGE][PASSED] - All options with label 'PTE Non-Electing S Corp' are selected in object 'Object Repository/RAD_Pages/TaxTypeFilingYear_Page/select_TaxType_ExistingLiability' 

2024-02-03 23:09:16 - [TEST_STEP][PASSED] - setText(findTestObject(orPath_TaxInfo + "/input_NoticeInvoiceNumber"), notInvNumber): Text '123456789' is set on object 'Object Repository/RAD_Pages/TaxInfo_Page/input_NoticeInvoiceNumber'

2024-02-03 23:09:17 - [MESSAGE][PASSED] - Text '123456789' is set on object 'Object Repository/RAD_Pages/TaxInfo_Page/input_NoticeInvoiceNumber'

2024-02-03 23:09:17 - [TEST_STEP][PASSED] - setText(findTestObject(orPath_TaxInfo + "/input_reTypeNoticeInvoiceNumber"), notInvNumber): Text '123456789' is set on object 'Object Repository/RAD_Pages/TaxInfo_Page/input_reTypeNoticeInvoiceNumber'

2024-02-03 23:09:18 - [MESSAGE][PASSED] - Text '123456789' is set on object 'Object Repository/RAD_Pages/TaxInfo_Page/input_reTypeNoticeInvoiceNumber'

2024-02-03 23:09:18 - [TEST_STEP][PASSED] - println(notInvNumber): null

2024-02-03 23:09:18 - [TEST_STEP][PASSED] - if (verifyTextPresent(errorMsg, true)): null

2024-02-03 23:09:18 - [MESSAGE][PASSED] - Text 'Notice Number must be 13 digits in length, with a value greater than zero' is present on page  using regular expression

2024-02-03 23:09:18 - [TEST_STEP][PASSED] - println("Error Message is present on the page"): null

2024-02-03 23:09:18 - [TEST_STEP][PASSED] - out.println("Pass Record Number: " + row): null

2024-02-03 23:09:18 - [TEST_STEP][PASSED] - resText = "Pass": null

2024-02-03 23:09:18 - [TEST_STEP][PASSED] - pages.WriteExcel.demoKey(resText, datText, resColumn, datCloumn, fileLoc, nameSheet, row): pages.WriteExcel.demoKey is PASSED

2024-02-03 23:09:18 - [MESSAGE][PASSED] - pages.WriteExcel.demoKey is PASSED

2024-02-03 23:09:18 - [TEST_STEP][PASSED] - ExecuteTC = findTestData(dataFile).getValue("Execute", row): null

2024-02-03 23:09:18 - [TEST_STEP][PASSED] - Taxtype = findTestData(dataFile).getValue("TaxType", row): null

2024-02-03 23:09:19 - [TEST_STEP][PASSED] - TaxTypeEL = findTestData(dataFile).getValue("TaxTypeEL", row): null

2024-02-03 23:09:19 - [TEST_STEP][PASSED] - notInvNumber = findTestData(dataFile).getValue("NotiInvoNumber", row): null

2024-02-03 23:09:19 - [TEST_STEP][PASSED] - errorMsg = findTestData(dataFile).getValue("ErrorMessage", row): null

2024-02-03 23:09:19 - [TEST_STEP][PASSED] - out.println("Value of Execute is : " + ExecuteTC): null

2024-02-03 23:09:19 - [TEST_STEP][PASSED] - if (ExecuteTC.equalsIgnoreCase("Y")): null

2024-02-03 23:09:19 - [TEST_STEP][PASSED] - out.println("Begin Record Number: " + row): null

2024-02-03 23:09:19 - [TEST_STEP][PASSED] - today = new java.util.Date(): null

2024-02-03 23:09:19 - [TEST_STEP][PASSED] - println(today): null

2024-02-03 23:09:19 - [TEST_STEP][PASSED] - datText = today: null

2024-02-03 23:09:19 - [TEST_STEP][PASSED] - Taxtype = findTestData(dataFile).getValue("TaxType", row): null

2024-02-03 23:09:19 - [TEST_STEP][PASSED] - out.println("Taxtype value is : " + Taxtype): null

2024-02-03 23:09:19 - [TEST_STEP][PASSED] - openBrowser(""): Browser is opened with url: ''

2024-02-03 23:09:19 - [MESSAGE][WARNING] - A browser is already opened. Closing browser and opening a new one

2024-02-03 23:09:20 - [MESSAGE][INFO] - Starting 'Chrome' driver

2024-02-03 23:09:20 - [MESSAGE][INFO] - User set preference: ['acceptInsecureCerts', 'true']

2024-02-03 23:09:20 - [MESSAGE][INFO] - Action delay is set to 0 milliseconds

2024-02-03 23:09:21 - [MESSAGE][PASSED] - Browser is opened with url: ''

2024-02-03 23:09:21 - [TEST_STEP][PASSED] - maximizeWindow(): Current window maximized

2024-02-03 23:09:22 - [MESSAGE][PASSED] - Current window maximized

2024-02-03 23:09:22 - [TEST_STEP][PASSED] - navigateToUrl(RADurl): Navigate to 'https://qa2.velocitypayment.com/client/rad/index.html' successfully

2024-02-03 23:09:22 - [MESSAGE][PASSED] - Navigate to 'https://qa2.velocitypayment.com/client/rad/index.html' successfully

2024-02-03 23:09:22 - [TEST_STEP][PASSED] - orPath_Landing = "Object Repository/RAD_Pages/Landing_Page": null

2024-02-03 23:09:22 - [TEST_STEP][PASSED] - orPath_TaxTypeFilingYear = "Object Repository/RAD_Pages/TaxTypeFilingYear_Page": null

2024-02-03 23:09:22 - [TEST_STEP][PASSED] - orPath_TaxPayer = "Object Repository/RAD_Pages/Taxpayer_Page": null

2024-02-03 23:09:22 - [TEST_STEP][PASSED] - orPath_AddressContact = "Object Repository/RAD_Pages/AddressAndContactInfo_Page": null

2024-02-03 23:09:22 - [TEST_STEP][PASSED] - orPath_FilingStatus = "Object Repository/RAD_Pages/FilingStatus_Page": null

2024-02-03 23:09:22 - [TEST_STEP][PASSED] - orPath_Amount = "Object Repository/RAD_Pages/PaymentAmount_Page": null

2024-02-03 23:09:22 - [TEST_STEP][PASSED] - orPath_TaxInfo = "Object Repository/RAD_Pages/TaxInfo_Page": null

2024-02-03 23:09:22 - [TEST_STEP][PASSED] - orPath_Withholding = "Object Repository/RAD_Pages/Withholding_Page": null

2024-02-03 23:09:22 - [TEST_STEP][PASSED] - orPath_Summary = "Object Repository/RAD_Pages/Summary_Page": null

2024-02-03 23:09:22 - [TEST_STEP][PASSED] - orPath_PaymentReady = "Object Repository/RAD_Pages/PaymentReady_Page": null

2024-02-03 23:09:22 - [TEST_STEP][PASSED] - orPath_PaymentEntry = "Object Repository/RAD_Pages/PaymentEntry_Page": null

2024-02-03 23:09:22 - [TEST_STEP][PASSED] - orPath_PaymentConfirmation = "Object Repository/RAD_Pages/PaymentConfirmation_Page": null

2024-02-03 23:09:22 - [TEST_STEP][PASSED] - orPath_ServiceFeesAccept = "Object Repository/RAD_Pages/ServiceFeeAccept_Page": null

2024-02-03 23:09:22 - [TEST_STEP][PASSED] - selectOptionByLabel(findTestObject(orPath_Landing + "/dd_TaxType"), Taxtype, false): All options with label 'Existing Liability w/Notice Number' are selected in object 'Object Repository/RAD_Pages/Landing_Page/dd_TaxType' 

2024-02-03 23:09:24 - [MESSAGE][PASSED] - All options with label 'Existing Liability w/Notice Number' are selected in object 'Object Repository/RAD_Pages/Landing_Page/dd_TaxType' 

2024-02-03 23:09:24 - [TEST_STEP][PASSED] - delay(1): Delayed 1 second(s)

2024-02-03 23:09:25 - [MESSAGE][PASSED] - Delayed 1 second(s)

2024-02-03 23:09:25 - [TEST_STEP][PASSED] - selectOptionByLabel(findTestObject(orPath_TaxTypeFilingYear + "/select_TaxType_ExistingLiability"), TaxTypeEL, false): All options with label 'Sales & Use Tax' are selected in object 'Object Repository/RAD_Pages/TaxTypeFilingYear_Page/select_TaxType_ExistingLiability' 

2024-02-03 23:09:26 - [MESSAGE][PASSED] - All options with label 'Sales & Use Tax' are selected in object 'Object Repository/RAD_Pages/TaxTypeFilingYear_Page/select_TaxType_ExistingLiability' 

2024-02-03 23:09:26 - [TEST_STEP][PASSED] - setText(findTestObject(orPath_TaxInfo + "/input_NoticeInvoiceNumber"), notInvNumber): Text '123456789' is set on object 'Object Repository/RAD_Pages/TaxInfo_Page/input_NoticeInvoiceNumber'

2024-02-03 23:09:26 - [MESSAGE][PASSED] - Text '123456789' is set on object 'Object Repository/RAD_Pages/TaxInfo_Page/input_NoticeInvoiceNumber'

2024-02-03 23:09:26 - [TEST_STEP][PASSED] - setText(findTestObject(orPath_TaxInfo + "/input_reTypeNoticeInvoiceNumber"), notInvNumber): Text '123456789' is set on object 'Object Repository/RAD_Pages/TaxInfo_Page/input_reTypeNoticeInvoiceNumber'

2024-02-03 23:09:27 - [MESSAGE][PASSED] - Text '123456789' is set on object 'Object Repository/RAD_Pages/TaxInfo_Page/input_reTypeNoticeInvoiceNumber'

2024-02-03 23:09:27 - [TEST_STEP][PASSED] - println(notInvNumber): null

2024-02-03 23:09:27 - [TEST_STEP][PASSED] - if (verifyTextPresent(errorMsg, true)): null

2024-02-03 23:09:28 - [MESSAGE][PASSED] - Text 'Notice Number must be 13 digits in length, with a value greater than zero' is present on page  using regular expression

2024-02-03 23:09:28 - [TEST_STEP][PASSED] - println("Error Message is present on the page"): null

2024-02-03 23:09:28 - [TEST_STEP][PASSED] - out.println("Pass Record Number: " + row): null

2024-02-03 23:09:28 - [TEST_STEP][PASSED] - resText = "Pass": null

2024-02-03 23:09:28 - [TEST_STEP][PASSED] - pages.WriteExcel.demoKey(resText, datText, resColumn, datCloumn, fileLoc, nameSheet, row): pages.WriteExcel.demoKey is PASSED

2024-02-03 23:09:28 - [MESSAGE][PASSED] - pages.WriteExcel.demoKey is PASSED

2024-02-03 23:09:28 - [TEST_STEP][PASSED] - ExecuteTC = findTestData(dataFile).getValue("Execute", row): null

2024-02-03 23:09:28 - [TEST_STEP][PASSED] - Taxtype = findTestData(dataFile).getValue("TaxType", row): null

2024-02-03 23:09:28 - [TEST_STEP][PASSED] - TaxTypeEL = findTestData(dataFile).getValue("TaxTypeEL", row): null

2024-02-03 23:09:28 - [TEST_STEP][PASSED] - notInvNumber = findTestData(dataFile).getValue("NotiInvoNumber", row): null

2024-02-03 23:09:28 - [TEST_STEP][PASSED] - errorMsg = findTestData(dataFile).getValue("ErrorMessage", row): null

2024-02-03 23:09:28 - [TEST_STEP][PASSED] - out.println("Value of Execute is : " + ExecuteTC): null

2024-02-03 23:09:28 - [TEST_STEP][PASSED] - if (ExecuteTC.equalsIgnoreCase("Y")): null

2024-02-03 23:09:28 - [TEST_STEP][PASSED] - out.println("Begin Record Number: " + row): null

2024-02-03 23:09:28 - [TEST_STEP][PASSED] - today = new java.util.Date(): null

2024-02-03 23:09:28 - [TEST_STEP][PASSED] - println(today): null

2024-02-03 23:09:28 - [TEST_STEP][PASSED] - datText = today: null

2024-02-03 23:09:28 - [TEST_STEP][PASSED] - Taxtype = findTestData(dataFile).getValue("TaxType", row): null

2024-02-03 23:09:28 - [TEST_STEP][PASSED] - out.println("Taxtype value is : " + Taxtype): null

2024-02-03 23:09:28 - [TEST_STEP][PASSED] - openBrowser(""): Browser is opened with url: ''

2024-02-03 23:09:28 - [MESSAGE][WARNING] - A browser is already opened. Closing browser and opening a new one

2024-02-03 23:09:30 - [MESSAGE][INFO] - Starting 'Chrome' driver

2024-02-03 23:09:30 - [MESSAGE][INFO] - User set preference: ['acceptInsecureCerts', 'true']

2024-02-03 23:09:30 - [MESSAGE][INFO] - Action delay is set to 0 milliseconds

2024-02-03 23:09:31 - [MESSAGE][PASSED] - Browser is opened with url: ''

2024-02-03 23:09:31 - [TEST_STEP][PASSED] - maximizeWindow(): Current window maximized

2024-02-03 23:09:32 - [MESSAGE][PASSED] - Current window maximized

2024-02-03 23:09:32 - [TEST_STEP][PASSED] - navigateToUrl(RADurl): Navigate to 'https://qa2.velocitypayment.com/client/rad/index.html' successfully

2024-02-03 23:09:33 - [MESSAGE][PASSED] - Navigate to 'https://qa2.velocitypayment.com/client/rad/index.html' successfully

2024-02-03 23:09:33 - [TEST_STEP][PASSED] - orPath_Landing = "Object Repository/RAD_Pages/Landing_Page": null

2024-02-03 23:09:33 - [TEST_STEP][PASSED] - orPath_TaxTypeFilingYear = "Object Repository/RAD_Pages/TaxTypeFilingYear_Page": null

2024-02-03 23:09:33 - [TEST_STEP][PASSED] - orPath_TaxPayer = "Object Repository/RAD_Pages/Taxpayer_Page": null

2024-02-03 23:09:33 - [TEST_STEP][PASSED] - orPath_AddressContact = "Object Repository/RAD_Pages/AddressAndContactInfo_Page": null

2024-02-03 23:09:33 - [TEST_STEP][PASSED] - orPath_FilingStatus = "Object Repository/RAD_Pages/FilingStatus_Page": null

2024-02-03 23:09:33 - [TEST_STEP][PASSED] - orPath_Amount = "Object Repository/RAD_Pages/PaymentAmount_Page": null

2024-02-03 23:09:33 - [TEST_STEP][PASSED] - orPath_TaxInfo = "Object Repository/RAD_Pages/TaxInfo_Page": null

2024-02-03 23:09:33 - [TEST_STEP][PASSED] - orPath_Withholding = "Object Repository/RAD_Pages/Withholding_Page": null

2024-02-03 23:09:33 - [TEST_STEP][PASSED] - orPath_Summary = "Object Repository/RAD_Pages/Summary_Page": null

2024-02-03 23:09:33 - [TEST_STEP][PASSED] - orPath_PaymentReady = "Object Repository/RAD_Pages/PaymentReady_Page": null

2024-02-03 23:09:33 - [TEST_STEP][PASSED] - orPath_PaymentEntry = "Object Repository/RAD_Pages/PaymentEntry_Page": null

2024-02-03 23:09:33 - [TEST_STEP][PASSED] - orPath_PaymentConfirmation = "Object Repository/RAD_Pages/PaymentConfirmation_Page": null

2024-02-03 23:09:33 - [TEST_STEP][PASSED] - orPath_ServiceFeesAccept = "Object Repository/RAD_Pages/ServiceFeeAccept_Page": null

2024-02-03 23:09:33 - [TEST_STEP][PASSED] - selectOptionByLabel(findTestObject(orPath_Landing + "/dd_TaxType"), Taxtype, false): All options with label 'Existing Liability w/Notice Number' are selected in object 'Object Repository/RAD_Pages/Landing_Page/dd_TaxType' 

2024-02-03 23:09:34 - [MESSAGE][PASSED] - All options with label 'Existing Liability w/Notice Number' are selected in object 'Object Repository/RAD_Pages/Landing_Page/dd_TaxType' 

2024-02-03 23:09:34 - [TEST_STEP][PASSED] - delay(1): Delayed 1 second(s)

2024-02-03 23:09:35 - [MESSAGE][PASSED] - Delayed 1 second(s)

2024-02-03 23:09:35 - [TEST_STEP][PASSED] - selectOptionByLabel(findTestObject(orPath_TaxTypeFilingYear + "/select_TaxType_ExistingLiability"), TaxTypeEL, false): All options with label 'Tire Recycling Fee' are selected in object 'Object Repository/RAD_Pages/TaxTypeFilingYear_Page/select_TaxType_ExistingLiability' 

2024-02-03 23:09:36 - [MESSAGE][PASSED] - All options with label 'Tire Recycling Fee' are selected in object 'Object Repository/RAD_Pages/TaxTypeFilingYear_Page/select_TaxType_ExistingLiability' 

2024-02-03 23:09:36 - [TEST_STEP][PASSED] - setText(findTestObject(orPath_TaxInfo + "/input_NoticeInvoiceNumber"), notInvNumber): Text '123456789' is set on object 'Object Repository/RAD_Pages/TaxInfo_Page/input_NoticeInvoiceNumber'

2024-02-03 23:09:36 - [MESSAGE][PASSED] - Text '123456789' is set on object 'Object Repository/RAD_Pages/TaxInfo_Page/input_NoticeInvoiceNumber'

2024-02-03 23:09:36 - [TEST_STEP][PASSED] - setText(findTestObject(orPath_TaxInfo + "/input_reTypeNoticeInvoiceNumber"), notInvNumber): Text '123456789' is set on object 'Object Repository/RAD_Pages/TaxInfo_Page/input_reTypeNoticeInvoiceNumber'

2024-02-03 23:09:37 - [MESSAGE][PASSED] - Text '123456789' is set on object 'Object Repository/RAD_Pages/TaxInfo_Page/input_reTypeNoticeInvoiceNumber'

2024-02-03 23:09:37 - [TEST_STEP][PASSED] - println(notInvNumber): null

2024-02-03 23:09:37 - [TEST_STEP][PASSED] - if (verifyTextPresent(errorMsg, true)): null

2024-02-03 23:09:38 - [MESSAGE][PASSED] - Text 'Notice Number must be 13 digits in length, with a value greater than zero' is present on page  using regular expression

2024-02-03 23:09:38 - [TEST_STEP][PASSED] - println("Error Message is present on the page"): null

2024-02-03 23:09:38 - [TEST_STEP][PASSED] - out.println("Pass Record Number: " + row): null

2024-02-03 23:09:38 - [TEST_STEP][PASSED] - resText = "Pass": null

2024-02-03 23:09:38 - [TEST_STEP][PASSED] - pages.WriteExcel.demoKey(resText, datText, resColumn, datCloumn, fileLoc, nameSheet, row): pages.WriteExcel.demoKey is PASSED

2024-02-03 23:09:38 - [MESSAGE][PASSED] - pages.WriteExcel.demoKey is PASSED

2024-02-03 23:09:38 - [TEST_STEP][PASSED] - ExecuteTC = findTestData(dataFile).getValue("Execute", row): null

2024-02-03 23:09:38 - [TEST_STEP][PASSED] - Taxtype = findTestData(dataFile).getValue("TaxType", row): null

2024-02-03 23:09:38 - [TEST_STEP][PASSED] - TaxTypeEL = findTestData(dataFile).getValue("TaxTypeEL", row): null

2024-02-03 23:09:38 - [TEST_STEP][PASSED] - notInvNumber = findTestData(dataFile).getValue("NotiInvoNumber", row): null

2024-02-03 23:09:38 - [TEST_STEP][PASSED] - errorMsg = findTestData(dataFile).getValue("ErrorMessage", row): null

2024-02-03 23:09:38 - [TEST_STEP][PASSED] - out.println("Value of Execute is : " + ExecuteTC): null

2024-02-03 23:09:38 - [TEST_STEP][PASSED] - if (ExecuteTC.equalsIgnoreCase("Y")): null

2024-02-03 23:09:38 - [TEST_STEP][PASSED] - out.println("Begin Record Number: " + row): null

2024-02-03 23:09:38 - [TEST_STEP][PASSED] - today = new java.util.Date(): null

2024-02-03 23:09:38 - [TEST_STEP][PASSED] - println(today): null

2024-02-03 23:09:38 - [TEST_STEP][PASSED] - datText = today: null

2024-02-03 23:09:38 - [TEST_STEP][PASSED] - Taxtype = findTestData(dataFile).getValue("TaxType", row): null

2024-02-03 23:09:38 - [TEST_STEP][PASSED] - out.println("Taxtype value is : " + Taxtype): null

2024-02-03 23:09:38 - [TEST_STEP][PASSED] - openBrowser(""): Browser is opened with url: ''

2024-02-03 23:09:38 - [MESSAGE][WARNING] - A browser is already opened. Closing browser and opening a new one

2024-02-03 23:09:40 - [MESSAGE][INFO] - Starting 'Chrome' driver

2024-02-03 23:09:40 - [MESSAGE][INFO] - User set preference: ['acceptInsecureCerts', 'true']

2024-02-03 23:09:40 - [MESSAGE][INFO] - Action delay is set to 0 milliseconds

2024-02-03 23:09:42 - [MESSAGE][PASSED] - Browser is opened with url: ''

2024-02-03 23:09:42 - [TEST_STEP][PASSED] - maximizeWindow(): Current window maximized

2024-02-03 23:09:42 - [MESSAGE][PASSED] - Current window maximized

2024-02-03 23:09:42 - [TEST_STEP][PASSED] - navigateToUrl(RADurl): Navigate to 'https://qa2.velocitypayment.com/client/rad/index.html' successfully

2024-02-03 23:09:42 - [MESSAGE][PASSED] - Navigate to 'https://qa2.velocitypayment.com/client/rad/index.html' successfully

2024-02-03 23:09:42 - [TEST_STEP][PASSED] - orPath_Landing = "Object Repository/RAD_Pages/Landing_Page": null

2024-02-03 23:09:42 - [TEST_STEP][PASSED] - orPath_TaxTypeFilingYear = "Object Repository/RAD_Pages/TaxTypeFilingYear_Page": null

2024-02-03 23:09:42 - [TEST_STEP][PASSED] - orPath_TaxPayer = "Object Repository/RAD_Pages/Taxpayer_Page": null

2024-02-03 23:09:42 - [TEST_STEP][PASSED] - orPath_AddressContact = "Object Repository/RAD_Pages/AddressAndContactInfo_Page": null

2024-02-03 23:09:42 - [TEST_STEP][PASSED] - orPath_FilingStatus = "Object Repository/RAD_Pages/FilingStatus_Page": null

2024-02-03 23:09:42 - [TEST_STEP][PASSED] - orPath_Amount = "Object Repository/RAD_Pages/PaymentAmount_Page": null

2024-02-03 23:09:42 - [TEST_STEP][PASSED] - orPath_TaxInfo = "Object Repository/RAD_Pages/TaxInfo_Page": null

2024-02-03 23:09:42 - [TEST_STEP][PASSED] - orPath_Withholding = "Object Repository/RAD_Pages/Withholding_Page": null

2024-02-03 23:09:42 - [TEST_STEP][PASSED] - orPath_Summary = "Object Repository/RAD_Pages/Summary_Page": null

2024-02-03 23:09:42 - [TEST_STEP][PASSED] - orPath_PaymentReady = "Object Repository/RAD_Pages/PaymentReady_Page": null

2024-02-03 23:09:42 - [TEST_STEP][PASSED] - orPath_PaymentEntry = "Object Repository/RAD_Pages/PaymentEntry_Page": null

2024-02-03 23:09:42 - [TEST_STEP][PASSED] - orPath_PaymentConfirmation = "Object Repository/RAD_Pages/PaymentConfirmation_Page": null

2024-02-03 23:09:42 - [TEST_STEP][PASSED] - orPath_ServiceFeesAccept = "Object Repository/RAD_Pages/ServiceFeeAccept_Page": null

2024-02-03 23:09:42 - [TEST_STEP][PASSED] - selectOptionByLabel(findTestObject(orPath_Landing + "/dd_TaxType"), Taxtype, false): All options with label 'Existing Liability w/Notice Number' are selected in object 'Object Repository/RAD_Pages/Landing_Page/dd_TaxType' 

2024-02-03 23:09:44 - [MESSAGE][PASSED] - All options with label 'Existing Liability w/Notice Number' are selected in object 'Object Repository/RAD_Pages/Landing_Page/dd_TaxType' 

2024-02-03 23:09:44 - [TEST_STEP][PASSED] - delay(1): Delayed 1 second(s)

2024-02-03 23:09:45 - [MESSAGE][PASSED] - Delayed 1 second(s)

2024-02-03 23:09:45 - [TEST_STEP][PASSED] - selectOptionByLabel(findTestObject(orPath_TaxTypeFilingYear + "/select_TaxType_ExistingLiability"), TaxTypeEL, false): All options with label 'Withholding Tax' are selected in object 'Object Repository/RAD_Pages/TaxTypeFilingYear_Page/select_TaxType_ExistingLiability' 

2024-02-03 23:09:46 - [MESSAGE][PASSED] - All options with label 'Withholding Tax' are selected in object 'Object Repository/RAD_Pages/TaxTypeFilingYear_Page/select_TaxType_ExistingLiability' 

2024-02-03 23:09:46 - [TEST_STEP][PASSED] - setText(findTestObject(orPath_TaxInfo + "/input_NoticeInvoiceNumber"), notInvNumber): Text '123456789' is set on object 'Object Repository/RAD_Pages/TaxInfo_Page/input_NoticeInvoiceNumber'

2024-02-03 23:09:47 - [MESSAGE][PASSED] - Text '123456789' is set on object 'Object Repository/RAD_Pages/TaxInfo_Page/input_NoticeInvoiceNumber'

2024-02-03 23:09:47 - [TEST_STEP][PASSED] - setText(findTestObject(orPath_TaxInfo + "/input_reTypeNoticeInvoiceNumber"), notInvNumber): Text '123456789' is set on object 'Object Repository/RAD_Pages/TaxInfo_Page/input_reTypeNoticeInvoiceNumber'

2024-02-03 23:09:48 - [MESSAGE][PASSED] - Text '123456789' is set on object 'Object Repository/RAD_Pages/TaxInfo_Page/input_reTypeNoticeInvoiceNumber'

2024-02-03 23:09:48 - [TEST_STEP][PASSED] - println(notInvNumber): null

2024-02-03 23:09:48 - [TEST_STEP][PASSED] - if (verifyTextPresent(errorMsg, true)): null

2024-02-03 23:09:48 - [MESSAGE][PASSED] - Text 'Notice Number must be 13 digits in length, with a value greater than zero' is present on page  using regular expression

2024-02-03 23:09:48 - [TEST_STEP][PASSED] - println("Error Message is present on the page"): null

2024-02-03 23:09:48 - [TEST_STEP][PASSED] - out.println("Pass Record Number: " + row): null

2024-02-03 23:09:48 - [TEST_STEP][PASSED] - resText = "Pass": null

2024-02-03 23:09:48 - [TEST_STEP][PASSED] - pages.WriteExcel.demoKey(resText, datText, resColumn, datCloumn, fileLoc, nameSheet, row): pages.WriteExcel.demoKey is PASSED

2024-02-03 23:09:48 - [MESSAGE][PASSED] - pages.WriteExcel.demoKey is PASSED

2024-02-03 23:09:48 - [TEST_STEP][PASSED] - ExecuteTC = findTestData(dataFile).getValue("Execute", row): null

2024-02-03 23:09:48 - [TEST_STEP][PASSED] - Taxtype = findTestData(dataFile).getValue("TaxType", row): null

2024-02-03 23:09:48 - [TEST_STEP][PASSED] - TaxTypeEL = findTestData(dataFile).getValue("TaxTypeEL", row): null

2024-02-03 23:09:48 - [TEST_STEP][PASSED] - notInvNumber = findTestData(dataFile).getValue("NotiInvoNumber", row): null

2024-02-03 23:09:49 - [TEST_STEP][PASSED] - errorMsg = findTestData(dataFile).getValue("ErrorMessage", row): null

2024-02-03 23:09:49 - [TEST_STEP][PASSED] - out.println("Value of Execute is : " + ExecuteTC): null

2024-02-03 23:09:49 - [TEST_STEP][PASSED] - if (ExecuteTC.equalsIgnoreCase("Y")): null

2024-02-03 23:09:49 - [TEST_STEP][PASSED] - out.println("Begin Record Number: " + row): null

2024-02-03 23:09:49 - [TEST_STEP][PASSED] - today = new java.util.Date(): null

2024-02-03 23:09:49 - [TEST_STEP][PASSED] - println(today): null

2024-02-03 23:09:49 - [TEST_STEP][PASSED] - datText = today: null

2024-02-03 23:09:49 - [TEST_STEP][PASSED] - Taxtype = findTestData(dataFile).getValue("TaxType", row): null

2024-02-03 23:09:49 - [TEST_STEP][PASSED] - out.println("Taxtype value is : " + Taxtype): null

2024-02-03 23:09:49 - [TEST_STEP][PASSED] - openBrowser(""): Browser is opened with url: ''

2024-02-03 23:09:49 - [MESSAGE][WARNING] - A browser is already opened. Closing browser and opening a new one

2024-02-03 23:09:50 - [MESSAGE][INFO] - Starting 'Chrome' driver

2024-02-03 23:09:50 - [MESSAGE][INFO] - User set preference: ['acceptInsecureCerts', 'true']

2024-02-03 23:09:50 - [MESSAGE][INFO] - Action delay is set to 0 milliseconds

2024-02-03 23:09:51 - [MESSAGE][PASSED] - Browser is opened with url: ''

2024-02-03 23:09:51 - [TEST_STEP][PASSED] - maximizeWindow(): Current window maximized

2024-02-03 23:09:52 - [MESSAGE][PASSED] - Current window maximized

2024-02-03 23:09:52 - [TEST_STEP][PASSED] - navigateToUrl(RADurl): Navigate to 'https://qa2.velocitypayment.com/client/rad/index.html' successfully

2024-02-03 23:09:53 - [MESSAGE][PASSED] - Navigate to 'https://qa2.velocitypayment.com/client/rad/index.html' successfully

2024-02-03 23:09:53 - [TEST_STEP][PASSED] - orPath_Landing = "Object Repository/RAD_Pages/Landing_Page": null

2024-02-03 23:09:53 - [TEST_STEP][PASSED] - orPath_TaxTypeFilingYear = "Object Repository/RAD_Pages/TaxTypeFilingYear_Page": null

2024-02-03 23:09:53 - [TEST_STEP][PASSED] - orPath_TaxPayer = "Object Repository/RAD_Pages/Taxpayer_Page": null

2024-02-03 23:09:53 - [TEST_STEP][PASSED] - orPath_AddressContact = "Object Repository/RAD_Pages/AddressAndContactInfo_Page": null

2024-02-03 23:09:53 - [TEST_STEP][PASSED] - orPath_FilingStatus = "Object Repository/RAD_Pages/FilingStatus_Page": null

2024-02-03 23:09:53 - [TEST_STEP][PASSED] - orPath_Amount = "Object Repository/RAD_Pages/PaymentAmount_Page": null

2024-02-03 23:09:53 - [TEST_STEP][PASSED] - orPath_TaxInfo = "Object Repository/RAD_Pages/TaxInfo_Page": null

2024-02-03 23:09:53 - [TEST_STEP][PASSED] - orPath_Withholding = "Object Repository/RAD_Pages/Withholding_Page": null

2024-02-03 23:09:53 - [TEST_STEP][PASSED] - orPath_Summary = "Object Repository/RAD_Pages/Summary_Page": null

2024-02-03 23:09:53 - [TEST_STEP][PASSED] - orPath_PaymentReady = "Object Repository/RAD_Pages/PaymentReady_Page": null

2024-02-03 23:09:53 - [TEST_STEP][PASSED] - orPath_PaymentEntry = "Object Repository/RAD_Pages/PaymentEntry_Page": null

2024-02-03 23:09:53 - [TEST_STEP][PASSED] - orPath_PaymentConfirmation = "Object Repository/RAD_Pages/PaymentConfirmation_Page": null

2024-02-03 23:09:53 - [TEST_STEP][PASSED] - orPath_ServiceFeesAccept = "Object Repository/RAD_Pages/ServiceFeeAccept_Page": null

2024-02-03 23:09:53 - [TEST_STEP][PASSED] - selectOptionByLabel(findTestObject(orPath_Landing + "/dd_TaxType"), Taxtype, false): All options with label 'Existing Liability w/Notice Number' are selected in object 'Object Repository/RAD_Pages/Landing_Page/dd_TaxType' 

2024-02-03 23:09:54 - [MESSAGE][PASSED] - All options with label 'Existing Liability w/Notice Number' are selected in object 'Object Repository/RAD_Pages/Landing_Page/dd_TaxType' 

2024-02-03 23:09:54 - [TEST_STEP][PASSED] - delay(1): Delayed 1 second(s)

2024-02-03 23:09:55 - [MESSAGE][PASSED] - Delayed 1 second(s)

2024-02-03 23:09:55 - [TEST_STEP][PASSED] - selectOptionByLabel(findTestObject(orPath_TaxTypeFilingYear + "/select_TaxType_ExistingLiability"), TaxTypeEL, false): All options with label 'Alcohol Tax' are selected in object 'Object Repository/RAD_Pages/TaxTypeFilingYear_Page/select_TaxType_ExistingLiability' 

2024-02-03 23:09:56 - [MESSAGE][PASSED] - All options with label 'Alcohol Tax' are selected in object 'Object Repository/RAD_Pages/TaxTypeFilingYear_Page/select_TaxType_ExistingLiability' 

2024-02-03 23:09:56 - [TEST_STEP][PASSED] - setText(findTestObject(orPath_TaxInfo + "/input_NoticeInvoiceNumber"), notInvNumber): Text '123456789' is set on object 'Object Repository/RAD_Pages/TaxInfo_Page/input_NoticeInvoiceNumber'

2024-02-03 23:09:56 - [MESSAGE][PASSED] - Text '123456789' is set on object 'Object Repository/RAD_Pages/TaxInfo_Page/input_NoticeInvoiceNumber'

2024-02-03 23:09:56 - [TEST_STEP][PASSED] - setText(findTestObject(orPath_TaxInfo + "/input_reTypeNoticeInvoiceNumber"), notInvNumber): Text '123456789' is set on object 'Object Repository/RAD_Pages/TaxInfo_Page/input_reTypeNoticeInvoiceNumber'

2024-02-03 23:09:57 - [MESSAGE][PASSED] - Text '123456789' is set on object 'Object Repository/RAD_Pages/TaxInfo_Page/input_reTypeNoticeInvoiceNumber'

2024-02-03 23:09:57 - [TEST_STEP][PASSED] - println(notInvNumber): null

2024-02-03 23:09:57 - [TEST_STEP][PASSED] - if (verifyTextPresent(errorMsg, true)): null

2024-02-03 23:09:58 - [MESSAGE][PASSED] - Text 'Invoice Number must be 10 or 13 digits in length, with a value greater than zero' is present on page  using regular expression

2024-02-03 23:09:58 - [TEST_STEP][PASSED] - println("Error Message is present on the page"): null

2024-02-03 23:09:58 - [TEST_STEP][PASSED] - out.println("Pass Record Number: " + row): null

2024-02-03 23:09:58 - [TEST_STEP][PASSED] - resText = "Pass": null

2024-02-03 23:09:58 - [TEST_STEP][PASSED] - pages.WriteExcel.demoKey(resText, datText, resColumn, datCloumn, fileLoc, nameSheet, row): pages.WriteExcel.demoKey is PASSED

2024-02-03 23:09:58 - [MESSAGE][PASSED] - pages.WriteExcel.demoKey is PASSED

2024-02-03 23:09:58 - [TEST_STEP][PASSED] - ExecuteTC = findTestData(dataFile).getValue("Execute", row): null

2024-02-03 23:09:58 - [TEST_STEP][PASSED] - Taxtype = findTestData(dataFile).getValue("TaxType", row): null

2024-02-03 23:09:58 - [TEST_STEP][PASSED] - TaxTypeEL = findTestData(dataFile).getValue("TaxTypeEL", row): null

2024-02-03 23:09:58 - [TEST_STEP][PASSED] - notInvNumber = findTestData(dataFile).getValue("NotiInvoNumber", row): null

2024-02-03 23:09:58 - [TEST_STEP][PASSED] - errorMsg = findTestData(dataFile).getValue("ErrorMessage", row): null

2024-02-03 23:09:58 - [TEST_STEP][PASSED] - out.println("Value of Execute is : " + ExecuteTC): null

2024-02-03 23:09:58 - [TEST_STEP][PASSED] - if (ExecuteTC.equalsIgnoreCase("Y")): null

2024-02-03 23:09:58 - [TEST_STEP][PASSED] - out.println("Begin Record Number: " + row): null

2024-02-03 23:09:58 - [TEST_STEP][PASSED] - today = new java.util.Date(): null

2024-02-03 23:09:58 - [TEST_STEP][PASSED] - println(today): null

2024-02-03 23:09:58 - [TEST_STEP][PASSED] - datText = today: null

2024-02-03 23:09:58 - [TEST_STEP][PASSED] - Taxtype = findTestData(dataFile).getValue("TaxType", row): null

2024-02-03 23:09:58 - [TEST_STEP][PASSED] - out.println("Taxtype value is : " + Taxtype): null

2024-02-03 23:09:58 - [TEST_STEP][PASSED] - openBrowser(""): Browser is opened with url: ''

2024-02-03 23:09:58 - [MESSAGE][WARNING] - A browser is already opened. Closing browser and opening a new one

2024-02-03 23:10:00 - [MESSAGE][INFO] - Starting 'Chrome' driver

2024-02-03 23:10:00 - [MESSAGE][INFO] - User set preference: ['acceptInsecureCerts', 'true']

2024-02-03 23:10:00 - [MESSAGE][INFO] - Action delay is set to 0 milliseconds

2024-02-03 23:10:01 - [MESSAGE][PASSED] - Browser is opened with url: ''

2024-02-03 23:10:01 - [TEST_STEP][PASSED] - maximizeWindow(): Current window maximized

2024-02-03 23:10:01 - [MESSAGE][PASSED] - Current window maximized

2024-02-03 23:10:01 - [TEST_STEP][PASSED] - navigateToUrl(RADurl): Navigate to 'https://qa2.velocitypayment.com/client/rad/index.html' successfully

2024-02-03 23:10:02 - [MESSAGE][PASSED] - Navigate to 'https://qa2.velocitypayment.com/client/rad/index.html' successfully

2024-02-03 23:10:02 - [TEST_STEP][PASSED] - orPath_Landing = "Object Repository/RAD_Pages/Landing_Page": null

2024-02-03 23:10:02 - [TEST_STEP][PASSED] - orPath_TaxTypeFilingYear = "Object Repository/RAD_Pages/TaxTypeFilingYear_Page": null

2024-02-03 23:10:02 - [TEST_STEP][PASSED] - orPath_TaxPayer = "Object Repository/RAD_Pages/Taxpayer_Page": null

2024-02-03 23:10:02 - [TEST_STEP][PASSED] - orPath_AddressContact = "Object Repository/RAD_Pages/AddressAndContactInfo_Page": null

2024-02-03 23:10:02 - [TEST_STEP][PASSED] - orPath_FilingStatus = "Object Repository/RAD_Pages/FilingStatus_Page": null

2024-02-03 23:10:02 - [TEST_STEP][PASSED] - orPath_Amount = "Object Repository/RAD_Pages/PaymentAmount_Page": null

2024-02-03 23:10:02 - [TEST_STEP][PASSED] - orPath_TaxInfo = "Object Repository/RAD_Pages/TaxInfo_Page": null

2024-02-03 23:10:02 - [TEST_STEP][PASSED] - orPath_Withholding = "Object Repository/RAD_Pages/Withholding_Page": null

2024-02-03 23:10:02 - [TEST_STEP][PASSED] - orPath_Summary = "Object Repository/RAD_Pages/Summary_Page": null

2024-02-03 23:10:02 - [TEST_STEP][PASSED] - orPath_PaymentReady = "Object Repository/RAD_Pages/PaymentReady_Page": null

2024-02-03 23:10:02 - [TEST_STEP][PASSED] - orPath_PaymentEntry = "Object Repository/RAD_Pages/PaymentEntry_Page": null

2024-02-03 23:10:02 - [TEST_STEP][PASSED] - orPath_PaymentConfirmation = "Object Repository/RAD_Pages/PaymentConfirmation_Page": null

2024-02-03 23:10:02 - [TEST_STEP][PASSED] - orPath_ServiceFeesAccept = "Object Repository/RAD_Pages/ServiceFeeAccept_Page": null

2024-02-03 23:10:02 - [TEST_STEP][PASSED] - selectOptionByLabel(findTestObject(orPath_Landing + "/dd_TaxType"), Taxtype, false): All options with label 'Existing Liability w/Notice Number' are selected in object 'Object Repository/RAD_Pages/Landing_Page/dd_TaxType' 

2024-02-03 23:10:04 - [MESSAGE][PASSED] - All options with label 'Existing Liability w/Notice Number' are selected in object 'Object Repository/RAD_Pages/Landing_Page/dd_TaxType' 

2024-02-03 23:10:04 - [TEST_STEP][PASSED] - delay(1): Delayed 1 second(s)

2024-02-03 23:10:05 - [MESSAGE][PASSED] - Delayed 1 second(s)

2024-02-03 23:10:05 - [TEST_STEP][PASSED] - selectOptionByLabel(findTestObject(orPath_TaxTypeFilingYear + "/select_TaxType_ExistingLiability"), TaxTypeEL, false): All options with label 'Alcohol Tax' are selected in object 'Object Repository/RAD_Pages/TaxTypeFilingYear_Page/select_TaxType_ExistingLiability' 

2024-02-03 23:10:05 - [MESSAGE][PASSED] - All options with label 'Alcohol Tax' are selected in object 'Object Repository/RAD_Pages/TaxTypeFilingYear_Page/select_TaxType_ExistingLiability' 

2024-02-03 23:10:05 - [TEST_STEP][PASSED] - setText(findTestObject(orPath_TaxInfo + "/input_NoticeInvoiceNumber"), notInvNumber): Text '12345678901' is set on object 'Object Repository/RAD_Pages/TaxInfo_Page/input_NoticeInvoiceNumber'

2024-02-03 23:10:06 - [MESSAGE][PASSED] - Text '12345678901' is set on object 'Object Repository/RAD_Pages/TaxInfo_Page/input_NoticeInvoiceNumber'

2024-02-03 23:10:06 - [TEST_STEP][PASSED] - setText(findTestObject(orPath_TaxInfo + "/input_reTypeNoticeInvoiceNumber"), notInvNumber): Text '12345678901' is set on object 'Object Repository/RAD_Pages/TaxInfo_Page/input_reTypeNoticeInvoiceNumber'

2024-02-03 23:10:08 - [MESSAGE][PASSED] - Text '12345678901' is set on object 'Object Repository/RAD_Pages/TaxInfo_Page/input_reTypeNoticeInvoiceNumber'

2024-02-03 23:10:08 - [TEST_STEP][PASSED] - println(notInvNumber): null

2024-02-03 23:10:08 - [TEST_STEP][PASSED] - if (verifyTextPresent(errorMsg, true)): null

2024-02-03 23:10:08 - [MESSAGE][PASSED] - Text 'Invoice Number must be 10 or 13 digits in length, with a value greater than zero' is present on page  using regular expression

2024-02-03 23:10:08 - [TEST_STEP][PASSED] - println("Error Message is present on the page"): null

2024-02-03 23:10:08 - [TEST_STEP][PASSED] - out.println("Pass Record Number: " + row): null

2024-02-03 23:10:08 - [TEST_STEP][PASSED] - resText = "Pass": null

2024-02-03 23:10:08 - [TEST_STEP][PASSED] - pages.WriteExcel.demoKey(resText, datText, resColumn, datCloumn, fileLoc, nameSheet, row): pages.WriteExcel.demoKey is PASSED

2024-02-03 23:10:08 - [MESSAGE][PASSED] - pages.WriteExcel.demoKey is PASSED

2024-02-03 23:10:08 - [TEST_STEP][PASSED] - ExecuteTC = findTestData(dataFile).getValue("Execute", row): null

2024-02-03 23:10:08 - [TEST_STEP][PASSED] - Taxtype = findTestData(dataFile).getValue("TaxType", row): null

2024-02-03 23:10:08 - [TEST_STEP][PASSED] - TaxTypeEL = findTestData(dataFile).getValue("TaxTypeEL", row): null

2024-02-03 23:10:08 - [TEST_STEP][PASSED] - notInvNumber = findTestData(dataFile).getValue("NotiInvoNumber", row): null

2024-02-03 23:10:08 - [TEST_STEP][PASSED] - errorMsg = findTestData(dataFile).getValue("ErrorMessage", row): null

2024-02-03 23:10:09 - [TEST_STEP][PASSED] - out.println("Value of Execute is : " + ExecuteTC): null

2024-02-03 23:10:09 - [TEST_STEP][PASSED] - if (ExecuteTC.equalsIgnoreCase("Y")): null

2024-02-03 23:10:09 - [TEST_STEP][PASSED] - out.println("Begin Record Number: " + row): null

2024-02-03 23:10:09 - [TEST_STEP][PASSED] - today = new java.util.Date(): null

2024-02-03 23:10:09 - [TEST_STEP][PASSED] - println(today): null

2024-02-03 23:10:09 - [TEST_STEP][PASSED] - datText = today: null

2024-02-03 23:10:09 - [TEST_STEP][PASSED] - Taxtype = findTestData(dataFile).getValue("TaxType", row): null

2024-02-03 23:10:09 - [TEST_STEP][PASSED] - out.println("Taxtype value is : " + Taxtype): null

2024-02-03 23:10:09 - [TEST_STEP][PASSED] - openBrowser(""): Browser is opened with url: ''

2024-02-03 23:10:09 - [MESSAGE][WARNING] - A browser is already opened. Closing browser and opening a new one

2024-02-03 23:10:10 - [MESSAGE][INFO] - Starting 'Chrome' driver

2024-02-03 23:10:10 - [MESSAGE][INFO] - User set preference: ['acceptInsecureCerts', 'true']

2024-02-03 23:10:10 - [MESSAGE][INFO] - Action delay is set to 0 milliseconds

2024-02-03 23:10:12 - [MESSAGE][PASSED] - Browser is opened with url: ''

2024-02-03 23:10:12 - [TEST_STEP][PASSED] - maximizeWindow(): Current window maximized

2024-02-03 23:10:12 - [MESSAGE][PASSED] - Current window maximized

2024-02-03 23:10:12 - [TEST_STEP][PASSED] - navigateToUrl(RADurl): Navigate to 'https://qa2.velocitypayment.com/client/rad/index.html' successfully

2024-02-03 23:10:14 - [MESSAGE][PASSED] - Navigate to 'https://qa2.velocitypayment.com/client/rad/index.html' successfully

2024-02-03 23:10:14 - [TEST_STEP][PASSED] - orPath_Landing = "Object Repository/RAD_Pages/Landing_Page": null

2024-02-03 23:10:14 - [TEST_STEP][PASSED] - orPath_TaxTypeFilingYear = "Object Repository/RAD_Pages/TaxTypeFilingYear_Page": null

2024-02-03 23:10:14 - [TEST_STEP][PASSED] - orPath_TaxPayer = "Object Repository/RAD_Pages/Taxpayer_Page": null

2024-02-03 23:10:14 - [TEST_STEP][PASSED] - orPath_AddressContact = "Object Repository/RAD_Pages/AddressAndContactInfo_Page": null

2024-02-03 23:10:14 - [TEST_STEP][PASSED] - orPath_FilingStatus = "Object Repository/RAD_Pages/FilingStatus_Page": null

2024-02-03 23:10:14 - [TEST_STEP][PASSED] - orPath_Amount = "Object Repository/RAD_Pages/PaymentAmount_Page": null

2024-02-03 23:10:14 - [TEST_STEP][PASSED] - orPath_TaxInfo = "Object Repository/RAD_Pages/TaxInfo_Page": null

2024-02-03 23:10:14 - [TEST_STEP][PASSED] - orPath_Withholding = "Object Repository/RAD_Pages/Withholding_Page": null

2024-02-03 23:10:14 - [TEST_STEP][PASSED] - orPath_Summary = "Object Repository/RAD_Pages/Summary_Page": null

2024-02-03 23:10:14 - [TEST_STEP][PASSED] - orPath_PaymentReady = "Object Repository/RAD_Pages/PaymentReady_Page": null

2024-02-03 23:10:14 - [TEST_STEP][PASSED] - orPath_PaymentEntry = "Object Repository/RAD_Pages/PaymentEntry_Page": null

2024-02-03 23:10:14 - [TEST_STEP][PASSED] - orPath_PaymentConfirmation = "Object Repository/RAD_Pages/PaymentConfirmation_Page": null

2024-02-03 23:10:14 - [TEST_STEP][PASSED] - orPath_ServiceFeesAccept = "Object Repository/RAD_Pages/ServiceFeeAccept_Page": null

2024-02-03 23:10:14 - [TEST_STEP][PASSED] - selectOptionByLabel(findTestObject(orPath_Landing + "/dd_TaxType"), Taxtype, false): All options with label 'Existing Liability w/Notice Number' are selected in object 'Object Repository/RAD_Pages/Landing_Page/dd_TaxType' 

2024-02-03 23:10:14 - [MESSAGE][PASSED] - All options with label 'Existing Liability w/Notice Number' are selected in object 'Object Repository/RAD_Pages/Landing_Page/dd_TaxType' 

2024-02-03 23:10:14 - [TEST_STEP][PASSED] - delay(1): Delayed 1 second(s)

2024-02-03 23:10:15 - [MESSAGE][PASSED] - Delayed 1 second(s)

2024-02-03 23:10:15 - [TEST_STEP][PASSED] - selectOptionByLabel(findTestObject(orPath_TaxTypeFilingYear + "/select_TaxType_ExistingLiability"), TaxTypeEL, false): All options with label 'Alcohol Tax' are selected in object 'Object Repository/RAD_Pages/TaxTypeFilingYear_Page/select_TaxType_ExistingLiability' 

2024-02-03 23:10:16 - [MESSAGE][PASSED] - All options with label 'Alcohol Tax' are selected in object 'Object Repository/RAD_Pages/TaxTypeFilingYear_Page/select_TaxType_ExistingLiability' 

2024-02-03 23:10:16 - [TEST_STEP][PASSED] - setText(findTestObject(orPath_TaxInfo + "/input_NoticeInvoiceNumber"), notInvNumber): Text '123456789012' is set on object 'Object Repository/RAD_Pages/TaxInfo_Page/input_NoticeInvoiceNumber'

2024-02-03 23:10:17 - [MESSAGE][PASSED] - Text '123456789012' is set on object 'Object Repository/RAD_Pages/TaxInfo_Page/input_NoticeInvoiceNumber'

2024-02-03 23:10:17 - [TEST_STEP][PASSED] - setText(findTestObject(orPath_TaxInfo + "/input_reTypeNoticeInvoiceNumber"), notInvNumber): Text '123456789012' is set on object 'Object Repository/RAD_Pages/TaxInfo_Page/input_reTypeNoticeInvoiceNumber'

2024-02-03 23:10:19 - [MESSAGE][PASSED] - Text '123456789012' is set on object 'Object Repository/RAD_Pages/TaxInfo_Page/input_reTypeNoticeInvoiceNumber'

2024-02-03 23:10:19 - [TEST_STEP][PASSED] - println(notInvNumber): null

2024-02-03 23:10:19 - [TEST_STEP][PASSED] - if (verifyTextPresent(errorMsg, true)): null

2024-02-03 23:10:19 - [MESSAGE][PASSED] - Text 'Invoice Number must be 10 or 13 digits in length, with a value greater than zero' is present on page  using regular expression

2024-02-03 23:10:19 - [TEST_STEP][PASSED] - println("Error Message is present on the page"): null

2024-02-03 23:10:19 - [TEST_STEP][PASSED] - out.println("Pass Record Number: " + row): null

2024-02-03 23:10:19 - [TEST_STEP][PASSED] - resText = "Pass": null

2024-02-03 23:10:19 - [TEST_STEP][PASSED] - pages.WriteExcel.demoKey(resText, datText, resColumn, datCloumn, fileLoc, nameSheet, row): pages.WriteExcel.demoKey is PASSED

2024-02-03 23:10:19 - [MESSAGE][PASSED] - pages.WriteExcel.demoKey is PASSED

2024-02-03 23:10:19 - [TEST_STEP][PASSED] - ExecuteTC = findTestData(dataFile).getValue("Execute", row): null

2024-02-03 23:10:19 - [TEST_STEP][PASSED] - Taxtype = findTestData(dataFile).getValue("TaxType", row): null

2024-02-03 23:10:19 - [TEST_STEP][PASSED] - TaxTypeEL = findTestData(dataFile).getValue("TaxTypeEL", row): null

2024-02-03 23:10:19 - [TEST_STEP][PASSED] - notInvNumber = findTestData(dataFile).getValue("NotiInvoNumber", row): null

2024-02-03 23:10:19 - [TEST_STEP][PASSED] - errorMsg = findTestData(dataFile).getValue("ErrorMessage", row): null

2024-02-03 23:10:19 - [TEST_STEP][PASSED] - out.println("Value of Execute is : " + ExecuteTC): null

2024-02-03 23:10:19 - [TEST_STEP][PASSED] - if (ExecuteTC.equalsIgnoreCase("Y")): null

2024-02-03 23:10:19 - [TEST_STEP][PASSED] - out.println("Begin Record Number: " + row): null

2024-02-03 23:10:19 - [TEST_STEP][PASSED] - today = new java.util.Date(): null

2024-02-03 23:10:19 - [TEST_STEP][PASSED] - println(today): null

2024-02-03 23:10:19 - [TEST_STEP][PASSED] - datText = today: null

2024-02-03 23:10:19 - [TEST_STEP][PASSED] - Taxtype = findTestData(dataFile).getValue("TaxType", row): null

2024-02-03 23:10:20 - [TEST_STEP][PASSED] - out.println("Taxtype value is : " + Taxtype): null

2024-02-03 23:10:20 - [TEST_STEP][PASSED] - openBrowser(""): Browser is opened with url: ''

2024-02-03 23:10:20 - [MESSAGE][WARNING] - A browser is already opened. Closing browser and opening a new one

2024-02-03 23:10:21 - [MESSAGE][INFO] - Starting 'Chrome' driver

2024-02-03 23:10:21 - [MESSAGE][INFO] - User set preference: ['acceptInsecureCerts', 'true']

2024-02-03 23:10:21 - [MESSAGE][INFO] - Action delay is set to 0 milliseconds

2024-02-03 23:10:22 - [MESSAGE][PASSED] - Browser is opened with url: ''

2024-02-03 23:10:22 - [TEST_STEP][PASSED] - maximizeWindow(): Current window maximized

2024-02-03 23:10:22 - [MESSAGE][PASSED] - Current window maximized

2024-02-03 23:10:22 - [TEST_STEP][PASSED] - navigateToUrl(RADurl): Navigate to 'https://qa2.velocitypayment.com/client/rad/index.html' successfully

2024-02-03 23:10:24 - [MESSAGE][PASSED] - Navigate to 'https://qa2.velocitypayment.com/client/rad/index.html' successfully

2024-02-03 23:10:24 - [TEST_STEP][PASSED] - orPath_Landing = "Object Repository/RAD_Pages/Landing_Page": null

2024-02-03 23:10:24 - [TEST_STEP][PASSED] - orPath_TaxTypeFilingYear = "Object Repository/RAD_Pages/TaxTypeFilingYear_Page": null

2024-02-03 23:10:24 - [TEST_STEP][PASSED] - orPath_TaxPayer = "Object Repository/RAD_Pages/Taxpayer_Page": null

2024-02-03 23:10:24 - [TEST_STEP][PASSED] - orPath_AddressContact = "Object Repository/RAD_Pages/AddressAndContactInfo_Page": null

2024-02-03 23:10:24 - [TEST_STEP][PASSED] - orPath_FilingStatus = "Object Repository/RAD_Pages/FilingStatus_Page": null

2024-02-03 23:10:24 - [TEST_STEP][PASSED] - orPath_Amount = "Object Repository/RAD_Pages/PaymentAmount_Page": null

2024-02-03 23:10:24 - [TEST_STEP][PASSED] - orPath_TaxInfo = "Object Repository/RAD_Pages/TaxInfo_Page": null

2024-02-03 23:10:24 - [TEST_STEP][PASSED] - orPath_Withholding = "Object Repository/RAD_Pages/Withholding_Page": null

2024-02-03 23:10:24 - [TEST_STEP][PASSED] - orPath_Summary = "Object Repository/RAD_Pages/Summary_Page": null

2024-02-03 23:10:24 - [TEST_STEP][PASSED] - orPath_PaymentReady = "Object Repository/RAD_Pages/PaymentReady_Page": null

2024-02-03 23:10:24 - [TEST_STEP][PASSED] - orPath_PaymentEntry = "Object Repository/RAD_Pages/PaymentEntry_Page": null

2024-02-03 23:10:24 - [TEST_STEP][PASSED] - orPath_PaymentConfirmation = "Object Repository/RAD_Pages/PaymentConfirmation_Page": null

2024-02-03 23:10:24 - [TEST_STEP][PASSED] - orPath_ServiceFeesAccept = "Object Repository/RAD_Pages/ServiceFeeAccept_Page": null

2024-02-03 23:10:24 - [TEST_STEP][PASSED] - selectOptionByLabel(findTestObject(orPath_Landing + "/dd_TaxType"), Taxtype, false): All options with label 'Existing Liability w/Notice Number' are selected in object 'Object Repository/RAD_Pages/Landing_Page/dd_TaxType' 

2024-02-03 23:10:25 - [MESSAGE][PASSED] - All options with label 'Existing Liability w/Notice Number' are selected in object 'Object Repository/RAD_Pages/Landing_Page/dd_TaxType' 

2024-02-03 23:10:25 - [TEST_STEP][PASSED] - delay(1): Delayed 1 second(s)

2024-02-03 23:10:26 - [MESSAGE][PASSED] - Delayed 1 second(s)

2024-02-03 23:10:26 - [TEST_STEP][PASSED] - selectOptionByLabel(findTestObject(orPath_TaxTypeFilingYear + "/select_TaxType_ExistingLiability"), TaxTypeEL, false): All options with label 'PTE Tax Electing Non-S Corp' are selected in object 'Object Repository/RAD_Pages/TaxTypeFilingYear_Page/select_TaxType_ExistingLiability' 

2024-02-03 23:10:26 - [MESSAGE][PASSED] - All options with label 'PTE Tax Electing Non-S Corp' are selected in object 'Object Repository/RAD_Pages/TaxTypeFilingYear_Page/select_TaxType_ExistingLiability' 

2024-02-03 23:10:26 - [TEST_STEP][PASSED] - setText(findTestObject(orPath_TaxInfo + "/input_NoticeInvoiceNumber"), notInvNumber): Text '123456789' is set on object 'Object Repository/RAD_Pages/TaxInfo_Page/input_NoticeInvoiceNumber'

2024-02-03 23:10:27 - [MESSAGE][PASSED] - Text '123456789' is set on object 'Object Repository/RAD_Pages/TaxInfo_Page/input_NoticeInvoiceNumber'

2024-02-03 23:10:27 - [TEST_STEP][PASSED] - setText(findTestObject(orPath_TaxInfo + "/input_reTypeNoticeInvoiceNumber"), notInvNumber): Text '123456789' is set on object 'Object Repository/RAD_Pages/TaxInfo_Page/input_reTypeNoticeInvoiceNumber'

2024-02-03 23:10:28 - [MESSAGE][PASSED] - Text '123456789' is set on object 'Object Repository/RAD_Pages/TaxInfo_Page/input_reTypeNoticeInvoiceNumber'

2024-02-03 23:10:28 - [TEST_STEP][PASSED] - println(notInvNumber): null

2024-02-03 23:10:28 - [TEST_STEP][PASSED] - if (verifyTextPresent(errorMsg, true)): null

2024-02-03 23:10:29 - [MESSAGE][PASSED] - Text 'Notice Number must be 13 digits in length, with a value greater than zero' is present on page  using regular expression

2024-02-03 23:10:29 - [TEST_STEP][PASSED] - println("Error Message is present on the page"): null

2024-02-03 23:10:29 - [TEST_STEP][PASSED] - out.println("Pass Record Number: " + row): null

2024-02-03 23:10:29 - [TEST_STEP][PASSED] - resText = "Pass": null

2024-02-03 23:10:29 - [TEST_STEP][PASSED] - pages.WriteExcel.demoKey(resText, datText, resColumn, datCloumn, fileLoc, nameSheet, row): pages.WriteExcel.demoKey is PASSED

2024-02-03 23:10:29 - [MESSAGE][PASSED] - pages.WriteExcel.demoKey is PASSED

2024-02-03 23:10:29 - [TEST_STEP][PASSED] - ExecuteTC = findTestData(dataFile).getValue("Execute", row): null

2024-02-03 23:10:29 - [TEST_STEP][PASSED] - Taxtype = findTestData(dataFile).getValue("TaxType", row): null

2024-02-03 23:10:29 - [TEST_STEP][PASSED] - TaxTypeEL = findTestData(dataFile).getValue("TaxTypeEL", row): null

2024-02-03 23:10:29 - [TEST_STEP][PASSED] - notInvNumber = findTestData(dataFile).getValue("NotiInvoNumber", row): null

2024-02-03 23:10:29 - [TEST_STEP][PASSED] - errorMsg = findTestData(dataFile).getValue("ErrorMessage", row): null

2024-02-03 23:10:29 - [TEST_STEP][PASSED] - out.println("Value of Execute is : " + ExecuteTC): null

2024-02-03 23:10:29 - [TEST_STEP][PASSED] - if (ExecuteTC.equalsIgnoreCase("Y")): null

2024-02-03 23:10:29 - [TEST_STEP][PASSED] - out.println("Begin Record Number: " + row): null

2024-02-03 23:10:29 - [TEST_STEP][PASSED] - today = new java.util.Date(): null

2024-02-03 23:10:29 - [TEST_STEP][PASSED] - println(today): null

2024-02-03 23:10:29 - [TEST_STEP][PASSED] - datText = today: null

2024-02-03 23:10:29 - [TEST_STEP][PASSED] - Taxtype = findTestData(dataFile).getValue("TaxType", row): null

2024-02-03 23:10:29 - [TEST_STEP][PASSED] - out.println("Taxtype value is : " + Taxtype): null

2024-02-03 23:10:29 - [TEST_STEP][PASSED] - openBrowser(""): Browser is opened with url: ''

2024-02-03 23:10:29 - [MESSAGE][WARNING] - A browser is already opened. Closing browser and opening a new one

2024-02-03 23:10:31 - [MESSAGE][INFO] - Starting 'Chrome' driver

2024-02-03 23:10:31 - [MESSAGE][INFO] - User set preference: ['acceptInsecureCerts', 'true']

2024-02-03 23:10:31 - [MESSAGE][INFO] - Action delay is set to 0 milliseconds

2024-02-03 23:10:32 - [MESSAGE][PASSED] - Browser is opened with url: ''

2024-02-03 23:10:32 - [TEST_STEP][PASSED] - maximizeWindow(): Current window maximized

2024-02-03 23:10:33 - [MESSAGE][PASSED] - Current window maximized

2024-02-03 23:10:33 - [TEST_STEP][PASSED] - navigateToUrl(RADurl): Navigate to 'https://qa2.velocitypayment.com/client/rad/index.html' successfully

2024-02-03 23:10:33 - [MESSAGE][PASSED] - Navigate to 'https://qa2.velocitypayment.com/client/rad/index.html' successfully

2024-02-03 23:10:33 - [TEST_STEP][PASSED] - orPath_Landing = "Object Repository/RAD_Pages/Landing_Page": null

2024-02-03 23:10:33 - [TEST_STEP][PASSED] - orPath_TaxTypeFilingYear = "Object Repository/RAD_Pages/TaxTypeFilingYear_Page": null

2024-02-03 23:10:33 - [TEST_STEP][PASSED] - orPath_TaxPayer = "Object Repository/RAD_Pages/Taxpayer_Page": null

2024-02-03 23:10:33 - [TEST_STEP][PASSED] - orPath_AddressContact = "Object Repository/RAD_Pages/AddressAndContactInfo_Page": null

2024-02-03 23:10:33 - [TEST_STEP][PASSED] - orPath_FilingStatus = "Object Repository/RAD_Pages/FilingStatus_Page": null

2024-02-03 23:10:33 - [TEST_STEP][PASSED] - orPath_Amount = "Object Repository/RAD_Pages/PaymentAmount_Page": null

2024-02-03 23:10:33 - [TEST_STEP][PASSED] - orPath_TaxInfo = "Object Repository/RAD_Pages/TaxInfo_Page": null

2024-02-03 23:10:33 - [TEST_STEP][PASSED] - orPath_Withholding = "Object Repository/RAD_Pages/Withholding_Page": null

2024-02-03 23:10:33 - [TEST_STEP][PASSED] - orPath_Summary = "Object Repository/RAD_Pages/Summary_Page": null

2024-02-03 23:10:33 - [TEST_STEP][PASSED] - orPath_PaymentReady = "Object Repository/RAD_Pages/PaymentReady_Page": null

2024-02-03 23:10:33 - [TEST_STEP][PASSED] - orPath_PaymentEntry = "Object Repository/RAD_Pages/PaymentEntry_Page": null

2024-02-03 23:10:33 - [TEST_STEP][PASSED] - orPath_PaymentConfirmation = "Object Repository/RAD_Pages/PaymentConfirmation_Page": null

2024-02-03 23:10:33 - [TEST_STEP][PASSED] - orPath_ServiceFeesAccept = "Object Repository/RAD_Pages/ServiceFeeAccept_Page": null

2024-02-03 23:10:33 - [TEST_STEP][PASSED] - selectOptionByLabel(findTestObject(orPath_Landing + "/dd_TaxType"), Taxtype, false): All options with label 'Existing Liability w/Notice Number' are selected in object 'Object Repository/RAD_Pages/Landing_Page/dd_TaxType' 

2024-02-03 23:10:35 - [MESSAGE][PASSED] - All options with label 'Existing Liability w/Notice Number' are selected in object 'Object Repository/RAD_Pages/Landing_Page/dd_TaxType' 

2024-02-03 23:10:35 - [TEST_STEP][PASSED] - delay(1): Delayed 1 second(s)

2024-02-03 23:10:36 - [MESSAGE][PASSED] - Delayed 1 second(s)

2024-02-03 23:10:36 - [TEST_STEP][PASSED] - selectOptionByLabel(findTestObject(orPath_TaxTypeFilingYear + "/select_TaxType_ExistingLiability"), TaxTypeEL, false): All options with label 'PTE Tax Electing S Corp' are selected in object 'Object Repository/RAD_Pages/TaxTypeFilingYear_Page/select_TaxType_ExistingLiability' 

2024-02-03 23:10:37 - [MESSAGE][PASSED] - All options with label 'PTE Tax Electing S Corp' are selected in object 'Object Repository/RAD_Pages/TaxTypeFilingYear_Page/select_TaxType_ExistingLiability' 

2024-02-03 23:10:37 - [TEST_STEP][PASSED] - setText(findTestObject(orPath_TaxInfo + "/input_NoticeInvoiceNumber"), notInvNumber): Text '123456789' is set on object 'Object Repository/RAD_Pages/TaxInfo_Page/input_NoticeInvoiceNumber'

2024-02-03 23:10:38 - [MESSAGE][PASSED] - Text '123456789' is set on object 'Object Repository/RAD_Pages/TaxInfo_Page/input_NoticeInvoiceNumber'

2024-02-03 23:10:38 - [TEST_STEP][PASSED] - setText(findTestObject(orPath_TaxInfo + "/input_reTypeNoticeInvoiceNumber"), notInvNumber): Text '123456789' is set on object 'Object Repository/RAD_Pages/TaxInfo_Page/input_reTypeNoticeInvoiceNumber'

2024-02-03 23:10:39 - [MESSAGE][PASSED] - Text '123456789' is set on object 'Object Repository/RAD_Pages/TaxInfo_Page/input_reTypeNoticeInvoiceNumber'

2024-02-03 23:10:39 - [TEST_STEP][PASSED] - println(notInvNumber): null

2024-02-03 23:10:39 - [TEST_STEP][PASSED] - if (verifyTextPresent(errorMsg, true)): null

2024-02-03 23:10:39 - [MESSAGE][PASSED] - Text 'Notice Number must be 13 digits in length, with a value greater than zero' is present on page  using regular expression

2024-02-03 23:10:39 - [TEST_STEP][PASSED] - println("Error Message is present on the page"): null

2024-02-03 23:10:39 - [TEST_STEP][PASSED] - out.println("Pass Record Number: " + row): null

2024-02-03 23:10:39 - [TEST_STEP][PASSED] - resText = "Pass": null

2024-02-03 23:10:39 - [TEST_STEP][PASSED] - pages.WriteExcel.demoKey(resText, datText, resColumn, datCloumn, fileLoc, nameSheet, row): pages.WriteExcel.demoKey is PASSED

2024-02-03 23:10:39 - [MESSAGE][PASSED] - pages.WriteExcel.demoKey is PASSED

2024-02-03 23:10:39 - [TEST_STEP][PASSED] - ExecuteTC = findTestData(dataFile).getValue("Execute", row): null

2024-02-03 23:10:39 - [TEST_STEP][PASSED] - Taxtype = findTestData(dataFile).getValue("TaxType", row): null

2024-02-03 23:10:39 - [TEST_STEP][PASSED] - TaxTypeEL = findTestData(dataFile).getValue("TaxTypeEL", row): null

2024-02-03 23:10:39 - [TEST_STEP][PASSED] - notInvNumber = findTestData(dataFile).getValue("NotiInvoNumber", row): null

2024-02-03 23:10:39 - [TEST_STEP][PASSED] - errorMsg = findTestData(dataFile).getValue("ErrorMessage", row): null

2024-02-03 23:10:39 - [TEST_STEP][PASSED] - out.println("Value of Execute is : " + ExecuteTC): null

2024-02-03 23:10:39 - [TEST_STEP][PASSED] - if (ExecuteTC.equalsIgnoreCase("Y")): null

2024-02-03 23:10:39 - [TEST_STEP][PASSED] - out.println("Begin Record Number: " + row): null

2024-02-03 23:10:39 - [TEST_STEP][PASSED] - today = new java.util.Date(): null

2024-02-03 23:10:39 - [TEST_STEP][PASSED] - println(today): null

2024-02-03 23:10:39 - [TEST_STEP][PASSED] - datText = today: null

2024-02-03 23:10:39 - [TEST_STEP][PASSED] - Taxtype = findTestData(dataFile).getValue("TaxType", row): null

2024-02-03 23:10:40 - [TEST_STEP][PASSED] - out.println("Taxtype value is : " + Taxtype): null

2024-02-03 23:10:40 - [TEST_STEP][PASSED] - openBrowser(""): Browser is opened with url: ''

2024-02-03 23:10:40 - [MESSAGE][WARNING] - A browser is already opened. Closing browser and opening a new one

2024-02-03 23:10:41 - [MESSAGE][INFO] - Starting 'Chrome' driver

2024-02-03 23:10:41 - [MESSAGE][INFO] - User set preference: ['acceptInsecureCerts', 'true']

2024-02-03 23:10:41 - [MESSAGE][INFO] - Action delay is set to 0 milliseconds

2024-02-03 23:10:42 - [MESSAGE][PASSED] - Browser is opened with url: ''

2024-02-03 23:10:42 - [TEST_STEP][PASSED] - maximizeWindow(): Current window maximized

2024-02-03 23:10:43 - [MESSAGE][PASSED] - Current window maximized

2024-02-03 23:10:43 - [TEST_STEP][PASSED] - navigateToUrl(RADurl): Navigate to 'https://qa2.velocitypayment.com/client/rad/index.html' successfully

2024-02-03 23:10:44 - [MESSAGE][PASSED] - Navigate to 'https://qa2.velocitypayment.com/client/rad/index.html' successfully

2024-02-03 23:10:44 - [TEST_STEP][PASSED] - orPath_Landing = "Object Repository/RAD_Pages/Landing_Page": null

2024-02-03 23:10:44 - [TEST_STEP][PASSED] - orPath_TaxTypeFilingYear = "Object Repository/RAD_Pages/TaxTypeFilingYear_Page": null

2024-02-03 23:10:44 - [TEST_STEP][PASSED] - orPath_TaxPayer = "Object Repository/RAD_Pages/Taxpayer_Page": null

2024-02-03 23:10:44 - [TEST_STEP][PASSED] - orPath_AddressContact = "Object Repository/RAD_Pages/AddressAndContactInfo_Page": null

2024-02-03 23:10:44 - [TEST_STEP][PASSED] - orPath_FilingStatus = "Object Repository/RAD_Pages/FilingStatus_Page": null

2024-02-03 23:10:44 - [TEST_STEP][PASSED] - orPath_Amount = "Object Repository/RAD_Pages/PaymentAmount_Page": null

2024-02-03 23:10:44 - [TEST_STEP][PASSED] - orPath_TaxInfo = "Object Repository/RAD_Pages/TaxInfo_Page": null

2024-02-03 23:10:44 - [TEST_STEP][PASSED] - orPath_Withholding = "Object Repository/RAD_Pages/Withholding_Page": null

2024-02-03 23:10:44 - [TEST_STEP][PASSED] - orPath_Summary = "Object Repository/RAD_Pages/Summary_Page": null

2024-02-03 23:10:44 - [TEST_STEP][PASSED] - orPath_PaymentReady = "Object Repository/RAD_Pages/PaymentReady_Page": null

2024-02-03 23:10:44 - [TEST_STEP][PASSED] - orPath_PaymentEntry = "Object Repository/RAD_Pages/PaymentEntry_Page": null

2024-02-03 23:10:44 - [TEST_STEP][PASSED] - orPath_PaymentConfirmation = "Object Repository/RAD_Pages/PaymentConfirmation_Page": null

2024-02-03 23:10:44 - [TEST_STEP][PASSED] - orPath_ServiceFeesAccept = "Object Repository/RAD_Pages/ServiceFeeAccept_Page": null

2024-02-03 23:10:44 - [TEST_STEP][PASSED] - selectOptionByLabel(findTestObject(orPath_Landing + "/dd_TaxType"), Taxtype, false): All options with label 'Existing Liability w/Notice Number' are selected in object 'Object Repository/RAD_Pages/Landing_Page/dd_TaxType' 

2024-02-03 23:10:45 - [MESSAGE][PASSED] - All options with label 'Existing Liability w/Notice Number' are selected in object 'Object Repository/RAD_Pages/Landing_Page/dd_TaxType' 

2024-02-03 23:10:45 - [TEST_STEP][PASSED] - delay(1): Delayed 1 second(s)

2024-02-03 23:10:46 - [MESSAGE][PASSED] - Delayed 1 second(s)

2024-02-03 23:10:46 - [TEST_STEP][PASSED] - selectOptionByLabel(findTestObject(orPath_TaxTypeFilingYear + "/select_TaxType_ExistingLiability"), TaxTypeEL, false): All options with label 'Bay Restoration Fee' are selected in object 'Object Repository/RAD_Pages/TaxTypeFilingYear_Page/select_TaxType_ExistingLiability' 

2024-02-03 23:10:47 - [MESSAGE][PASSED] - All options with label 'Bay Restoration Fee' are selected in object 'Object Repository/RAD_Pages/TaxTypeFilingYear_Page/select_TaxType_ExistingLiability' 

2024-02-03 23:10:47 - [TEST_STEP][PASSED] - setText(findTestObject(orPath_TaxInfo + "/input_NoticeInvoiceNumber"), notInvNumber): Text '0000000000000' is set on object 'Object Repository/RAD_Pages/TaxInfo_Page/input_NoticeInvoiceNumber'

2024-02-03 23:10:47 - [MESSAGE][PASSED] - Text '0000000000000' is set on object 'Object Repository/RAD_Pages/TaxInfo_Page/input_NoticeInvoiceNumber'

2024-02-03 23:10:47 - [TEST_STEP][PASSED] - setText(findTestObject(orPath_TaxInfo + "/input_reTypeNoticeInvoiceNumber"), notInvNumber): Text '0000000000000' is set on object 'Object Repository/RAD_Pages/TaxInfo_Page/input_reTypeNoticeInvoiceNumber'

2024-02-03 23:10:48 - [MESSAGE][PASSED] - Text '0000000000000' is set on object 'Object Repository/RAD_Pages/TaxInfo_Page/input_reTypeNoticeInvoiceNumber'

2024-02-03 23:10:48 - [TEST_STEP][PASSED] - println(notInvNumber): null

2024-02-03 23:10:48 - [TEST_STEP][PASSED] - if (verifyTextPresent(errorMsg, true)): null

2024-02-03 23:10:49 - [MESSAGE][PASSED] - Text 'Notice Number must be 13 digits in length, with a value greater than zero' is present on page  using regular expression

2024-02-03 23:10:49 - [TEST_STEP][PASSED] - println("Error Message is present on the page"): null

2024-02-03 23:10:49 - [TEST_STEP][PASSED] - out.println("Pass Record Number: " + row): null

2024-02-03 23:10:49 - [TEST_STEP][PASSED] - resText = "Pass": null

2024-02-03 23:10:49 - [TEST_STEP][PASSED] - pages.WriteExcel.demoKey(resText, datText, resColumn, datCloumn, fileLoc, nameSheet, row): pages.WriteExcel.demoKey is PASSED

2024-02-03 23:10:49 - [MESSAGE][PASSED] - pages.WriteExcel.demoKey is PASSED

2024-02-03 23:10:49 - [TEST_STEP][PASSED] - ExecuteTC = findTestData(dataFile).getValue("Execute", row): null

2024-02-03 23:10:49 - [TEST_STEP][PASSED] - Taxtype = findTestData(dataFile).getValue("TaxType", row): null

2024-02-03 23:10:49 - [TEST_STEP][PASSED] - TaxTypeEL = findTestData(dataFile).getValue("TaxTypeEL", row): null

2024-02-03 23:10:49 - [TEST_STEP][PASSED] - notInvNumber = findTestData(dataFile).getValue("NotiInvoNumber", row): null

2024-02-03 23:10:49 - [TEST_STEP][PASSED] - errorMsg = findTestData(dataFile).getValue("ErrorMessage", row): null

2024-02-03 23:10:49 - [TEST_STEP][PASSED] - out.println("Value of Execute is : " + ExecuteTC): null

2024-02-03 23:10:49 - [TEST_STEP][PASSED] - if (ExecuteTC.equalsIgnoreCase("Y")): null

2024-02-03 23:10:49 - [TEST_STEP][PASSED] - out.println("Begin Record Number: " + row): null

2024-02-03 23:10:49 - [TEST_STEP][PASSED] - today = new java.util.Date(): null

2024-02-03 23:10:49 - [TEST_STEP][PASSED] - println(today): null

2024-02-03 23:10:49 - [TEST_STEP][PASSED] - datText = today: null

2024-02-03 23:10:49 - [TEST_STEP][PASSED] - Taxtype = findTestData(dataFile).getValue("TaxType", row): null

2024-02-03 23:10:49 - [TEST_STEP][PASSED] - out.println("Taxtype value is : " + Taxtype): null

2024-02-03 23:10:49 - [TEST_STEP][PASSED] - openBrowser(""): Browser is opened with url: ''

2024-02-03 23:10:49 - [MESSAGE][WARNING] - A browser is already opened. Closing browser and opening a new one

2024-02-03 23:10:50 - [MESSAGE][INFO] - Starting 'Chrome' driver

2024-02-03 23:10:50 - [MESSAGE][INFO] - User set preference: ['acceptInsecureCerts', 'true']

2024-02-03 23:10:50 - [MESSAGE][INFO] - Action delay is set to 0 milliseconds

2024-02-03 23:10:52 - [MESSAGE][PASSED] - Browser is opened with url: ''

2024-02-03 23:10:52 - [TEST_STEP][PASSED] - maximizeWindow(): Current window maximized

2024-02-03 23:10:52 - [MESSAGE][PASSED] - Current window maximized

2024-02-03 23:10:52 - [TEST_STEP][PASSED] - navigateToUrl(RADurl): Navigate to 'https://qa2.velocitypayment.com/client/rad/index.html' successfully

2024-02-03 23:10:54 - [MESSAGE][PASSED] - Navigate to 'https://qa2.velocitypayment.com/client/rad/index.html' successfully

2024-02-03 23:10:54 - [TEST_STEP][PASSED] - orPath_Landing = "Object Repository/RAD_Pages/Landing_Page": null

2024-02-03 23:10:54 - [TEST_STEP][PASSED] - orPath_TaxTypeFilingYear = "Object Repository/RAD_Pages/TaxTypeFilingYear_Page": null

2024-02-03 23:10:54 - [TEST_STEP][PASSED] - orPath_TaxPayer = "Object Repository/RAD_Pages/Taxpayer_Page": null

2024-02-03 23:10:54 - [TEST_STEP][PASSED] - orPath_AddressContact = "Object Repository/RAD_Pages/AddressAndContactInfo_Page": null

2024-02-03 23:10:54 - [TEST_STEP][PASSED] - orPath_FilingStatus = "Object Repository/RAD_Pages/FilingStatus_Page": null

2024-02-03 23:10:54 - [TEST_STEP][PASSED] - orPath_Amount = "Object Repository/RAD_Pages/PaymentAmount_Page": null

2024-02-03 23:10:54 - [TEST_STEP][PASSED] - orPath_TaxInfo = "Object Repository/RAD_Pages/TaxInfo_Page": null

2024-02-03 23:10:54 - [TEST_STEP][PASSED] - orPath_Withholding = "Object Repository/RAD_Pages/Withholding_Page": null

2024-02-03 23:10:54 - [TEST_STEP][PASSED] - orPath_Summary = "Object Repository/RAD_Pages/Summary_Page": null

2024-02-03 23:10:54 - [TEST_STEP][PASSED] - orPath_PaymentReady = "Object Repository/RAD_Pages/PaymentReady_Page": null

2024-02-03 23:10:54 - [TEST_STEP][PASSED] - orPath_PaymentEntry = "Object Repository/RAD_Pages/PaymentEntry_Page": null

2024-02-03 23:10:54 - [TEST_STEP][PASSED] - orPath_PaymentConfirmation = "Object Repository/RAD_Pages/PaymentConfirmation_Page": null

2024-02-03 23:10:54 - [TEST_STEP][PASSED] - orPath_ServiceFeesAccept = "Object Repository/RAD_Pages/ServiceFeeAccept_Page": null

2024-02-03 23:10:54 - [TEST_STEP][PASSED] - selectOptionByLabel(findTestObject(orPath_Landing + "/dd_TaxType"), Taxtype, false): All options with label 'Existing Liability w/Notice Number' are selected in object 'Object Repository/RAD_Pages/Landing_Page/dd_TaxType' 

2024-02-03 23:10:55 - [MESSAGE][PASSED] - All options with label 'Existing Liability w/Notice Number' are selected in object 'Object Repository/RAD_Pages/Landing_Page/dd_TaxType' 

2024-02-03 23:10:55 - [TEST_STEP][PASSED] - delay(1): Delayed 1 second(s)

2024-02-03 23:10:56 - [MESSAGE][PASSED] - Delayed 1 second(s)

2024-02-03 23:10:56 - [TEST_STEP][PASSED] - selectOptionByLabel(findTestObject(orPath_TaxTypeFilingYear + "/select_TaxType_ExistingLiability"), TaxTypeEL, false): All options with label 'Corporate Income Tax' are selected in object 'Object Repository/RAD_Pages/TaxTypeFilingYear_Page/select_TaxType_ExistingLiability' 

2024-02-03 23:10:56 - [MESSAGE][PASSED] - All options with label 'Corporate Income Tax' are selected in object 'Object Repository/RAD_Pages/TaxTypeFilingYear_Page/select_TaxType_ExistingLiability' 

2024-02-03 23:10:56 - [TEST_STEP][PASSED] - setText(findTestObject(orPath_TaxInfo + "/input_NoticeInvoiceNumber"), notInvNumber): Text '0000000000000' is set on object 'Object Repository/RAD_Pages/TaxInfo_Page/input_NoticeInvoiceNumber'

2024-02-03 23:10:57 - [MESSAGE][PASSED] - Text '0000000000000' is set on object 'Object Repository/RAD_Pages/TaxInfo_Page/input_NoticeInvoiceNumber'

2024-02-03 23:10:57 - [TEST_STEP][PASSED] - setText(findTestObject(orPath_TaxInfo + "/input_reTypeNoticeInvoiceNumber"), notInvNumber): Text '0000000000000' is set on object 'Object Repository/RAD_Pages/TaxInfo_Page/input_reTypeNoticeInvoiceNumber'

2024-02-03 23:10:58 - [MESSAGE][PASSED] - Text '0000000000000' is set on object 'Object Repository/RAD_Pages/TaxInfo_Page/input_reTypeNoticeInvoiceNumber'

2024-02-03 23:10:58 - [TEST_STEP][PASSED] - println(notInvNumber): null

2024-02-03 23:10:58 - [TEST_STEP][PASSED] - if (verifyTextPresent(errorMsg, true)): null

2024-02-03 23:10:59 - [MESSAGE][PASSED] - Text 'Invoice Number must be 10 or 13 digits in length, with a value greater than zero' is present on page  using regular expression

2024-02-03 23:10:59 - [TEST_STEP][PASSED] - println("Error Message is present on the page"): null

2024-02-03 23:10:59 - [TEST_STEP][PASSED] - out.println("Pass Record Number: " + row): null

2024-02-03 23:10:59 - [TEST_STEP][PASSED] - resText = "Pass": null

2024-02-03 23:10:59 - [TEST_STEP][PASSED] - pages.WriteExcel.demoKey(resText, datText, resColumn, datCloumn, fileLoc, nameSheet, row): pages.WriteExcel.demoKey is PASSED

2024-02-03 23:10:59 - [MESSAGE][PASSED] - pages.WriteExcel.demoKey is PASSED

2024-02-03 23:10:59 - [TEST_STEP][PASSED] - ExecuteTC = findTestData(dataFile).getValue("Execute", row): null

2024-02-03 23:10:59 - [TEST_STEP][PASSED] - Taxtype = findTestData(dataFile).getValue("TaxType", row): null

2024-02-03 23:10:59 - [TEST_STEP][PASSED] - TaxTypeEL = findTestData(dataFile).getValue("TaxTypeEL", row): null

2024-02-03 23:10:59 - [TEST_STEP][PASSED] - notInvNumber = findTestData(dataFile).getValue("NotiInvoNumber", row): null

2024-02-03 23:10:59 - [TEST_STEP][PASSED] - errorMsg = findTestData(dataFile).getValue("ErrorMessage", row): null

2024-02-03 23:10:59 - [TEST_STEP][PASSED] - out.println("Value of Execute is : " + ExecuteTC): null

2024-02-03 23:10:59 - [TEST_STEP][PASSED] - if (ExecuteTC.equalsIgnoreCase("Y")): null

2024-02-03 23:10:59 - [TEST_STEP][PASSED] - out.println("Begin Record Number: " + row): null

2024-02-03 23:10:59 - [TEST_STEP][PASSED] - today = new java.util.Date(): null

2024-02-03 23:10:59 - [TEST_STEP][PASSED] - println(today): null

2024-02-03 23:10:59 - [TEST_STEP][PASSED] - datText = today: null

2024-02-03 23:10:59 - [TEST_STEP][PASSED] - Taxtype = findTestData(dataFile).getValue("TaxType", row): null

2024-02-03 23:10:59 - [TEST_STEP][PASSED] - out.println("Taxtype value is : " + Taxtype): null

2024-02-03 23:10:59 - [TEST_STEP][PASSED] - openBrowser(""): Browser is opened with url: ''

2024-02-03 23:10:59 - [MESSAGE][WARNING] - A browser is already opened. Closing browser and opening a new one

2024-02-03 23:11:02 - [MESSAGE][INFO] - Starting 'Chrome' driver

2024-02-03 23:11:02 - [MESSAGE][INFO] - User set preference: ['acceptInsecureCerts', 'true']

2024-02-03 23:11:02 - [MESSAGE][INFO] - Action delay is set to 0 milliseconds

2024-02-03 23:11:04 - [MESSAGE][PASSED] - Browser is opened with url: ''

2024-02-03 23:11:04 - [TEST_STEP][PASSED] - maximizeWindow(): Current window maximized

2024-02-03 23:11:04 - [MESSAGE][PASSED] - Current window maximized

2024-02-03 23:11:04 - [TEST_STEP][PASSED] - navigateToUrl(RADurl): Navigate to 'https://qa2.velocitypayment.com/client/rad/index.html' successfully

2024-02-03 23:11:06 - [MESSAGE][PASSED] - Navigate to 'https://qa2.velocitypayment.com/client/rad/index.html' successfully

2024-02-03 23:11:06 - [TEST_STEP][PASSED] - orPath_Landing = "Object Repository/RAD_Pages/Landing_Page": null

2024-02-03 23:11:06 - [TEST_STEP][PASSED] - orPath_TaxTypeFilingYear = "Object Repository/RAD_Pages/TaxTypeFilingYear_Page": null

2024-02-03 23:11:06 - [TEST_STEP][PASSED] - orPath_TaxPayer = "Object Repository/RAD_Pages/Taxpayer_Page": null

2024-02-03 23:11:06 - [TEST_STEP][PASSED] - orPath_AddressContact = "Object Repository/RAD_Pages/AddressAndContactInfo_Page": null

2024-02-03 23:11:06 - [TEST_STEP][PASSED] - orPath_FilingStatus = "Object Repository/RAD_Pages/FilingStatus_Page": null

2024-02-03 23:11:06 - [TEST_STEP][PASSED] - orPath_Amount = "Object Repository/RAD_Pages/PaymentAmount_Page": null

2024-02-03 23:11:06 - [TEST_STEP][PASSED] - orPath_TaxInfo = "Object Repository/RAD_Pages/TaxInfo_Page": null

2024-02-03 23:11:06 - [TEST_STEP][PASSED] - orPath_Withholding = "Object Repository/RAD_Pages/Withholding_Page": null

2024-02-03 23:11:06 - [TEST_STEP][PASSED] - orPath_Summary = "Object Repository/RAD_Pages/Summary_Page": null

2024-02-03 23:11:06 - [TEST_STEP][PASSED] - orPath_PaymentReady = "Object Repository/RAD_Pages/PaymentReady_Page": null

2024-02-03 23:11:06 - [TEST_STEP][PASSED] - orPath_PaymentEntry = "Object Repository/RAD_Pages/PaymentEntry_Page": null

2024-02-03 23:11:06 - [TEST_STEP][PASSED] - orPath_PaymentConfirmation = "Object Repository/RAD_Pages/PaymentConfirmation_Page": null

2024-02-03 23:11:06 - [TEST_STEP][PASSED] - orPath_ServiceFeesAccept = "Object Repository/RAD_Pages/ServiceFeeAccept_Page": null

2024-02-03 23:11:06 - [TEST_STEP][PASSED] - selectOptionByLabel(findTestObject(orPath_Landing + "/dd_TaxType"), Taxtype, false): All options with label 'Existing Liability w/Notice Number' are selected in object 'Object Repository/RAD_Pages/Landing_Page/dd_TaxType' 

2024-02-03 23:11:07 - [MESSAGE][PASSED] - All options with label 'Existing Liability w/Notice Number' are selected in object 'Object Repository/RAD_Pages/Landing_Page/dd_TaxType' 

2024-02-03 23:11:07 - [TEST_STEP][PASSED] - delay(1): Delayed 1 second(s)

2024-02-03 23:11:08 - [MESSAGE][PASSED] - Delayed 1 second(s)

2024-02-03 23:11:08 - [TEST_STEP][PASSED] - selectOptionByLabel(findTestObject(orPath_TaxTypeFilingYear + "/select_TaxType_ExistingLiability"), TaxTypeEL, false): All options with label 'Corporate Income Tax' are selected in object 'Object Repository/RAD_Pages/TaxTypeFilingYear_Page/select_TaxType_ExistingLiability' 

2024-02-03 23:11:08 - [MESSAGE][PASSED] - All options with label 'Corporate Income Tax' are selected in object 'Object Repository/RAD_Pages/TaxTypeFilingYear_Page/select_TaxType_ExistingLiability' 

2024-02-03 23:11:08 - [TEST_STEP][PASSED] - setText(findTestObject(orPath_TaxInfo + "/input_NoticeInvoiceNumber"), notInvNumber): Text '0000000000' is set on object 'Object Repository/RAD_Pages/TaxInfo_Page/input_NoticeInvoiceNumber'

2024-02-03 23:11:09 - [MESSAGE][PASSED] - Text '0000000000' is set on object 'Object Repository/RAD_Pages/TaxInfo_Page/input_NoticeInvoiceNumber'

2024-02-03 23:11:09 - [TEST_STEP][PASSED] - setText(findTestObject(orPath_TaxInfo + "/input_reTypeNoticeInvoiceNumber"), notInvNumber): Text '0000000000' is set on object 'Object Repository/RAD_Pages/TaxInfo_Page/input_reTypeNoticeInvoiceNumber'

2024-02-03 23:11:10 - [MESSAGE][PASSED] - Text '0000000000' is set on object 'Object Repository/RAD_Pages/TaxInfo_Page/input_reTypeNoticeInvoiceNumber'

2024-02-03 23:11:10 - [TEST_STEP][PASSED] - println(notInvNumber): null

2024-02-03 23:11:10 - [TEST_STEP][PASSED] - if (verifyTextPresent(errorMsg, true)): null

2024-02-03 23:11:11 - [MESSAGE][PASSED] - Text 'Invoice Number must be 10 or 13 digits in length, with a value greater than zero' is present on page  using regular expression

2024-02-03 23:11:11 - [TEST_STEP][PASSED] - println("Error Message is present on the page"): null

2024-02-03 23:11:11 - [TEST_STEP][PASSED] - out.println("Pass Record Number: " + row): null

2024-02-03 23:11:11 - [TEST_STEP][PASSED] - resText = "Pass": null

2024-02-03 23:11:11 - [TEST_STEP][PASSED] - pages.WriteExcel.demoKey(resText, datText, resColumn, datCloumn, fileLoc, nameSheet, row): pages.WriteExcel.demoKey is PASSED

2024-02-03 23:11:11 - [MESSAGE][PASSED] - pages.WriteExcel.demoKey is PASSED

2024-02-03 23:11:11 - [TEST_STEP][PASSED] - ExecuteTC = findTestData(dataFile).getValue("Execute", row): null

2024-02-03 23:11:11 - [TEST_STEP][PASSED] - Taxtype = findTestData(dataFile).getValue("TaxType", row): null

2024-02-03 23:11:11 - [TEST_STEP][PASSED] - TaxTypeEL = findTestData(dataFile).getValue("TaxTypeEL", row): null

2024-02-03 23:11:11 - [TEST_STEP][PASSED] - notInvNumber = findTestData(dataFile).getValue("NotiInvoNumber", row): null

2024-02-03 23:11:11 - [TEST_STEP][PASSED] - errorMsg = findTestData(dataFile).getValue("ErrorMessage", row): null

2024-02-03 23:11:11 - [TEST_STEP][PASSED] - out.println("Value of Execute is : " + ExecuteTC): null

2024-02-03 23:11:11 - [TEST_STEP][PASSED] - if (ExecuteTC.equalsIgnoreCase("Y")): null

2024-02-03 23:11:11 - [TEST_STEP][PASSED] - out.println("Begin Record Number: " + row): null

2024-02-03 23:11:11 - [TEST_STEP][PASSED] - today = new java.util.Date(): null

2024-02-03 23:11:11 - [TEST_STEP][PASSED] - println(today): null

2024-02-03 23:11:11 - [TEST_STEP][PASSED] - datText = today: null

2024-02-03 23:11:11 - [TEST_STEP][PASSED] - Taxtype = findTestData(dataFile).getValue("TaxType", row): null

2024-02-03 23:11:11 - [TEST_STEP][PASSED] - out.println("Taxtype value is : " + Taxtype): null

2024-02-03 23:11:11 - [TEST_STEP][PASSED] - openBrowser(""): Browser is opened with url: ''

2024-02-03 23:11:11 - [MESSAGE][WARNING] - A browser is already opened. Closing browser and opening a new one

2024-02-03 23:11:12 - [MESSAGE][INFO] - Starting 'Chrome' driver

2024-02-03 23:11:12 - [MESSAGE][INFO] - User set preference: ['acceptInsecureCerts', 'true']

2024-02-03 23:11:12 - [MESSAGE][INFO] - Action delay is set to 0 milliseconds

2024-02-03 23:11:14 - [MESSAGE][PASSED] - Browser is opened with url: ''

2024-02-03 23:11:14 - [TEST_STEP][PASSED] - maximizeWindow(): Current window maximized

2024-02-03 23:11:14 - [MESSAGE][PASSED] - Current window maximized

2024-02-03 23:11:14 - [TEST_STEP][PASSED] - navigateToUrl(RADurl): Navigate to 'https://qa2.velocitypayment.com/client/rad/index.html' successfully

2024-02-03 23:11:14 - [MESSAGE][PASSED] - Navigate to 'https://qa2.velocitypayment.com/client/rad/index.html' successfully

2024-02-03 23:11:14 - [TEST_STEP][PASSED] - orPath_Landing = "Object Repository/RAD_Pages/Landing_Page": null

2024-02-03 23:11:14 - [TEST_STEP][PASSED] - orPath_TaxTypeFilingYear = "Object Repository/RAD_Pages/TaxTypeFilingYear_Page": null

2024-02-03 23:11:14 - [TEST_STEP][PASSED] - orPath_TaxPayer = "Object Repository/RAD_Pages/Taxpayer_Page": null

2024-02-03 23:11:14 - [TEST_STEP][PASSED] - orPath_AddressContact = "Object Repository/RAD_Pages/AddressAndContactInfo_Page": null

2024-02-03 23:11:14 - [TEST_STEP][PASSED] - orPath_FilingStatus = "Object Repository/RAD_Pages/FilingStatus_Page": null

2024-02-03 23:11:14 - [TEST_STEP][PASSED] - orPath_Amount = "Object Repository/RAD_Pages/PaymentAmount_Page": null

2024-02-03 23:11:14 - [TEST_STEP][PASSED] - orPath_TaxInfo = "Object Repository/RAD_Pages/TaxInfo_Page": null

2024-02-03 23:11:14 - [TEST_STEP][PASSED] - orPath_Withholding = "Object Repository/RAD_Pages/Withholding_Page": null

2024-02-03 23:11:14 - [TEST_STEP][PASSED] - orPath_Summary = "Object Repository/RAD_Pages/Summary_Page": null

2024-02-03 23:11:14 - [TEST_STEP][PASSED] - orPath_PaymentReady = "Object Repository/RAD_Pages/PaymentReady_Page": null

2024-02-03 23:11:14 - [TEST_STEP][PASSED] - orPath_PaymentEntry = "Object Repository/RAD_Pages/PaymentEntry_Page": null

2024-02-03 23:11:14 - [TEST_STEP][PASSED] - orPath_PaymentConfirmation = "Object Repository/RAD_Pages/PaymentConfirmation_Page": null

2024-02-03 23:11:14 - [TEST_STEP][PASSED] - orPath_ServiceFeesAccept = "Object Repository/RAD_Pages/ServiceFeeAccept_Page": null

2024-02-03 23:11:14 - [TEST_STEP][PASSED] - selectOptionByLabel(findTestObject(orPath_Landing + "/dd_TaxType"), Taxtype, false): All options with label 'Existing Liability w/Notice Number' are selected in object 'Object Repository/RAD_Pages/Landing_Page/dd_TaxType' 

2024-02-03 23:11:16 - [MESSAGE][PASSED] - All options with label 'Existing Liability w/Notice Number' are selected in object 'Object Repository/RAD_Pages/Landing_Page/dd_TaxType' 

2024-02-03 23:11:16 - [TEST_STEP][PASSED] - delay(1): Delayed 1 second(s)

2024-02-03 23:11:17 - [MESSAGE][PASSED] - Delayed 1 second(s)

2024-02-03 23:11:17 - [TEST_STEP][PASSED] - selectOptionByLabel(findTestObject(orPath_TaxTypeFilingYear + "/select_TaxType_ExistingLiability"), TaxTypeEL, false): All options with label 'Fiduciary Tax' are selected in object 'Object Repository/RAD_Pages/TaxTypeFilingYear_Page/select_TaxType_ExistingLiability' 

2024-02-03 23:11:18 - [MESSAGE][PASSED] - All options with label 'Fiduciary Tax' are selected in object 'Object Repository/RAD_Pages/TaxTypeFilingYear_Page/select_TaxType_ExistingLiability' 

2024-02-03 23:11:18 - [TEST_STEP][PASSED] - setText(findTestObject(orPath_TaxInfo + "/input_NoticeInvoiceNumber"), notInvNumber): Text '0000000000000' is set on object 'Object Repository/RAD_Pages/TaxInfo_Page/input_NoticeInvoiceNumber'

2024-02-03 23:11:19 - [MESSAGE][PASSED] - Text '0000000000000' is set on object 'Object Repository/RAD_Pages/TaxInfo_Page/input_NoticeInvoiceNumber'

2024-02-03 23:11:19 - [TEST_STEP][PASSED] - setText(findTestObject(orPath_TaxInfo + "/input_reTypeNoticeInvoiceNumber"), notInvNumber): Text '0000000000000' is set on object 'Object Repository/RAD_Pages/TaxInfo_Page/input_reTypeNoticeInvoiceNumber'

2024-02-03 23:11:20 - [MESSAGE][PASSED] - Text '0000000000000' is set on object 'Object Repository/RAD_Pages/TaxInfo_Page/input_reTypeNoticeInvoiceNumber'

2024-02-03 23:11:20 - [TEST_STEP][PASSED] - println(notInvNumber): null

2024-02-03 23:11:20 - [TEST_STEP][PASSED] - if (verifyTextPresent(errorMsg, true)): null

2024-02-03 23:11:21 - [MESSAGE][PASSED] - Text 'Notice Number must be 13 digits in length, with a value greater than zero' is present on page  using regular expression

2024-02-03 23:11:21 - [TEST_STEP][PASSED] - println("Error Message is present on the page"): null

2024-02-03 23:11:21 - [TEST_STEP][PASSED] - out.println("Pass Record Number: " + row): null

2024-02-03 23:11:21 - [TEST_STEP][PASSED] - resText = "Pass": null

2024-02-03 23:11:21 - [TEST_STEP][PASSED] - pages.WriteExcel.demoKey(resText, datText, resColumn, datCloumn, fileLoc, nameSheet, row): pages.WriteExcel.demoKey is PASSED

2024-02-03 23:11:21 - [MESSAGE][PASSED] - pages.WriteExcel.demoKey is PASSED

2024-02-03 23:11:21 - [TEST_STEP][PASSED] - ExecuteTC = findTestData(dataFile).getValue("Execute", row): null

2024-02-03 23:11:21 - [TEST_STEP][PASSED] - Taxtype = findTestData(dataFile).getValue("TaxType", row): null

2024-02-03 23:11:21 - [TEST_STEP][PASSED] - TaxTypeEL = findTestData(dataFile).getValue("TaxTypeEL", row): null

2024-02-03 23:11:21 - [TEST_STEP][PASSED] - notInvNumber = findTestData(dataFile).getValue("NotiInvoNumber", row): null

2024-02-03 23:11:21 - [TEST_STEP][PASSED] - errorMsg = findTestData(dataFile).getValue("ErrorMessage", row): null

2024-02-03 23:11:21 - [TEST_STEP][PASSED] - out.println("Value of Execute is : " + ExecuteTC): null

2024-02-03 23:11:21 - [TEST_STEP][PASSED] - if (ExecuteTC.equalsIgnoreCase("Y")): null

2024-02-03 23:11:21 - [TEST_STEP][PASSED] - out.println("Begin Record Number: " + row): null

2024-02-03 23:11:21 - [TEST_STEP][PASSED] - today = new java.util.Date(): null

2024-02-03 23:11:21 - [TEST_STEP][PASSED] - println(today): null

2024-02-03 23:11:21 - [TEST_STEP][PASSED] - datText = today: null

2024-02-03 23:11:21 - [TEST_STEP][PASSED] - Taxtype = findTestData(dataFile).getValue("TaxType", row): null

2024-02-03 23:11:21 - [TEST_STEP][PASSED] - out.println("Taxtype value is : " + Taxtype): null

2024-02-03 23:11:21 - [TEST_STEP][PASSED] - openBrowser(""): Browser is opened with url: ''

2024-02-03 23:11:21 - [MESSAGE][WARNING] - A browser is already opened. Closing browser and opening a new one

2024-02-03 23:11:22 - [MESSAGE][INFO] - Starting 'Chrome' driver

2024-02-03 23:11:22 - [MESSAGE][INFO] - User set preference: ['acceptInsecureCerts', 'true']

2024-02-03 23:11:22 - [MESSAGE][INFO] - Action delay is set to 0 milliseconds

2024-02-03 23:11:24 - [MESSAGE][PASSED] - Browser is opened with url: ''

2024-02-03 23:11:24 - [TEST_STEP][PASSED] - maximizeWindow(): Current window maximized

2024-02-03 23:11:24 - [MESSAGE][PASSED] - Current window maximized

2024-02-03 23:11:24 - [TEST_STEP][PASSED] - navigateToUrl(RADurl): Navigate to 'https://qa2.velocitypayment.com/client/rad/index.html' successfully

2024-02-03 23:11:24 - [MESSAGE][PASSED] - Navigate to 'https://qa2.velocitypayment.com/client/rad/index.html' successfully

2024-02-03 23:11:24 - [TEST_STEP][PASSED] - orPath_Landing = "Object Repository/RAD_Pages/Landing_Page": null

2024-02-03 23:11:24 - [TEST_STEP][PASSED] - orPath_TaxTypeFilingYear = "Object Repository/RAD_Pages/TaxTypeFilingYear_Page": null

2024-02-03 23:11:24 - [TEST_STEP][PASSED] - orPath_TaxPayer = "Object Repository/RAD_Pages/Taxpayer_Page": null

2024-02-03 23:11:24 - [TEST_STEP][PASSED] - orPath_AddressContact = "Object Repository/RAD_Pages/AddressAndContactInfo_Page": null

2024-02-03 23:11:24 - [TEST_STEP][PASSED] - orPath_FilingStatus = "Object Repository/RAD_Pages/FilingStatus_Page": null

2024-02-03 23:11:24 - [TEST_STEP][PASSED] - orPath_Amount = "Object Repository/RAD_Pages/PaymentAmount_Page": null

2024-02-03 23:11:24 - [TEST_STEP][PASSED] - orPath_TaxInfo = "Object Repository/RAD_Pages/TaxInfo_Page": null

2024-02-03 23:11:24 - [TEST_STEP][PASSED] - orPath_Withholding = "Object Repository/RAD_Pages/Withholding_Page": null

2024-02-03 23:11:24 - [TEST_STEP][PASSED] - orPath_Summary = "Object Repository/RAD_Pages/Summary_Page": null

2024-02-03 23:11:24 - [TEST_STEP][PASSED] - orPath_PaymentReady = "Object Repository/RAD_Pages/PaymentReady_Page": null

2024-02-03 23:11:24 - [TEST_STEP][PASSED] - orPath_PaymentEntry = "Object Repository/RAD_Pages/PaymentEntry_Page": null

2024-02-03 23:11:24 - [TEST_STEP][PASSED] - orPath_PaymentConfirmation = "Object Repository/RAD_Pages/PaymentConfirmation_Page": null

2024-02-03 23:11:24 - [TEST_STEP][PASSED] - orPath_ServiceFeesAccept = "Object Repository/RAD_Pages/ServiceFeeAccept_Page": null

2024-02-03 23:11:24 - [TEST_STEP][PASSED] - selectOptionByLabel(findTestObject(orPath_Landing + "/dd_TaxType"), Taxtype, false): All options with label 'Existing Liability w/Notice Number' are selected in object 'Object Repository/RAD_Pages/Landing_Page/dd_TaxType' 

2024-02-03 23:11:26 - [MESSAGE][PASSED] - All options with label 'Existing Liability w/Notice Number' are selected in object 'Object Repository/RAD_Pages/Landing_Page/dd_TaxType' 

2024-02-03 23:11:26 - [TEST_STEP][PASSED] - delay(1): Delayed 1 second(s)

2024-02-03 23:11:27 - [MESSAGE][PASSED] - Delayed 1 second(s)

2024-02-03 23:11:27 - [TEST_STEP][PASSED] - selectOptionByLabel(findTestObject(orPath_TaxTypeFilingYear + "/select_TaxType_ExistingLiability"), TaxTypeEL, false): All options with label 'Personal Income Tax' are selected in object 'Object Repository/RAD_Pages/TaxTypeFilingYear_Page/select_TaxType_ExistingLiability' 

2024-02-03 23:11:28 - [MESSAGE][PASSED] - All options with label 'Personal Income Tax' are selected in object 'Object Repository/RAD_Pages/TaxTypeFilingYear_Page/select_TaxType_ExistingLiability' 

2024-02-03 23:11:28 - [TEST_STEP][PASSED] - setText(findTestObject(orPath_TaxInfo + "/input_NoticeInvoiceNumber"), notInvNumber): Text '0000000000000' is set on object 'Object Repository/RAD_Pages/TaxInfo_Page/input_NoticeInvoiceNumber'

2024-02-03 23:11:29 - [MESSAGE][PASSED] - Text '0000000000000' is set on object 'Object Repository/RAD_Pages/TaxInfo_Page/input_NoticeInvoiceNumber'

2024-02-03 23:11:29 - [TEST_STEP][PASSED] - setText(findTestObject(orPath_TaxInfo + "/input_reTypeNoticeInvoiceNumber"), notInvNumber): Text '0000000000000' is set on object 'Object Repository/RAD_Pages/TaxInfo_Page/input_reTypeNoticeInvoiceNumber'

2024-02-03 23:11:30 - [MESSAGE][PASSED] - Text '0000000000000' is set on object 'Object Repository/RAD_Pages/TaxInfo_Page/input_reTypeNoticeInvoiceNumber'

2024-02-03 23:11:30 - [TEST_STEP][PASSED] - println(notInvNumber): null

2024-02-03 23:11:30 - [TEST_STEP][PASSED] - if (verifyTextPresent(errorMsg, true)): null

2024-02-03 23:11:31 - [MESSAGE][PASSED] - Text 'Notice Number must be 13 digits in length, with a value greater than zero' is present on page  using regular expression

2024-02-03 23:11:31 - [TEST_STEP][PASSED] - println("Error Message is present on the page"): null

2024-02-03 23:11:31 - [TEST_STEP][PASSED] - out.println("Pass Record Number: " + row): null

2024-02-03 23:11:31 - [TEST_STEP][PASSED] - resText = "Pass": null

2024-02-03 23:11:31 - [TEST_STEP][PASSED] - pages.WriteExcel.demoKey(resText, datText, resColumn, datCloumn, fileLoc, nameSheet, row): pages.WriteExcel.demoKey is PASSED

2024-02-03 23:11:31 - [MESSAGE][PASSED] - pages.WriteExcel.demoKey is PASSED

2024-02-03 23:11:31 - [TEST_STEP][PASSED] - ExecuteTC = findTestData(dataFile).getValue("Execute", row): null

2024-02-03 23:11:31 - [TEST_STEP][PASSED] - Taxtype = findTestData(dataFile).getValue("TaxType", row): null

2024-02-03 23:11:31 - [TEST_STEP][PASSED] - TaxTypeEL = findTestData(dataFile).getValue("TaxTypeEL", row): null

2024-02-03 23:11:31 - [TEST_STEP][PASSED] - notInvNumber = findTestData(dataFile).getValue("NotiInvoNumber", row): null

2024-02-03 23:11:31 - [TEST_STEP][PASSED] - errorMsg = findTestData(dataFile).getValue("ErrorMessage", row): null

2024-02-03 23:11:31 - [TEST_STEP][PASSED] - out.println("Value of Execute is : " + ExecuteTC): null

2024-02-03 23:11:31 - [TEST_STEP][PASSED] - if (ExecuteTC.equalsIgnoreCase("Y")): null

2024-02-03 23:11:31 - [TEST_STEP][PASSED] - out.println("Begin Record Number: " + row): null

2024-02-03 23:11:31 - [TEST_STEP][PASSED] - today = new java.util.Date(): null

2024-02-03 23:11:31 - [TEST_STEP][PASSED] - println(today): null

2024-02-03 23:11:31 - [TEST_STEP][PASSED] - datText = today: null

2024-02-03 23:11:31 - [TEST_STEP][PASSED] - Taxtype = findTestData(dataFile).getValue("TaxType", row): null

2024-02-03 23:11:31 - [TEST_STEP][PASSED] - out.println("Taxtype value is : " + Taxtype): null

2024-02-03 23:11:31 - [TEST_STEP][PASSED] - openBrowser(""): Browser is opened with url: ''

2024-02-03 23:11:31 - [MESSAGE][WARNING] - A browser is already opened. Closing browser and opening a new one

2024-02-03 23:11:32 - [MESSAGE][INFO] - Starting 'Chrome' driver

2024-02-03 23:11:32 - [MESSAGE][INFO] - User set preference: ['acceptInsecureCerts', 'true']

2024-02-03 23:11:32 - [MESSAGE][INFO] - Action delay is set to 0 milliseconds

2024-02-03 23:11:34 - [MESSAGE][PASSED] - Browser is opened with url: ''

2024-02-03 23:11:34 - [TEST_STEP][PASSED] - maximizeWindow(): Current window maximized

2024-02-03 23:11:34 - [MESSAGE][PASSED] - Current window maximized

2024-02-03 23:11:34 - [TEST_STEP][PASSED] - navigateToUrl(RADurl): Navigate to 'https://qa2.velocitypayment.com/client/rad/index.html' successfully

2024-02-03 23:11:36 - [MESSAGE][PASSED] - Navigate to 'https://qa2.velocitypayment.com/client/rad/index.html' successfully

2024-02-03 23:11:36 - [TEST_STEP][PASSED] - orPath_Landing = "Object Repository/RAD_Pages/Landing_Page": null

2024-02-03 23:11:36 - [TEST_STEP][PASSED] - orPath_TaxTypeFilingYear = "Object Repository/RAD_Pages/TaxTypeFilingYear_Page": null

2024-02-03 23:11:36 - [TEST_STEP][PASSED] - orPath_TaxPayer = "Object Repository/RAD_Pages/Taxpayer_Page": null

2024-02-03 23:11:36 - [TEST_STEP][PASSED] - orPath_AddressContact = "Object Repository/RAD_Pages/AddressAndContactInfo_Page": null

2024-02-03 23:11:36 - [TEST_STEP][PASSED] - orPath_FilingStatus = "Object Repository/RAD_Pages/FilingStatus_Page": null

2024-02-03 23:11:36 - [TEST_STEP][PASSED] - orPath_Amount = "Object Repository/RAD_Pages/PaymentAmount_Page": null

2024-02-03 23:11:36 - [TEST_STEP][PASSED] - orPath_TaxInfo = "Object Repository/RAD_Pages/TaxInfo_Page": null

2024-02-03 23:11:36 - [TEST_STEP][PASSED] - orPath_Withholding = "Object Repository/RAD_Pages/Withholding_Page": null

2024-02-03 23:11:36 - [TEST_STEP][PASSED] - orPath_Summary = "Object Repository/RAD_Pages/Summary_Page": null

2024-02-03 23:11:36 - [TEST_STEP][PASSED] - orPath_PaymentReady = "Object Repository/RAD_Pages/PaymentReady_Page": null

2024-02-03 23:11:36 - [TEST_STEP][PASSED] - orPath_PaymentEntry = "Object Repository/RAD_Pages/PaymentEntry_Page": null

2024-02-03 23:11:36 - [TEST_STEP][PASSED] - orPath_PaymentConfirmation = "Object Repository/RAD_Pages/PaymentConfirmation_Page": null

2024-02-03 23:11:36 - [TEST_STEP][PASSED] - orPath_ServiceFeesAccept = "Object Repository/RAD_Pages/ServiceFeeAccept_Page": null

2024-02-03 23:11:36 - [TEST_STEP][PASSED] - selectOptionByLabel(findTestObject(orPath_Landing + "/dd_TaxType"), Taxtype, false): All options with label 'Existing Liability w/Notice Number' are selected in object 'Object Repository/RAD_Pages/Landing_Page/dd_TaxType' 

2024-02-03 23:11:36 - [MESSAGE][PASSED] - All options with label 'Existing Liability w/Notice Number' are selected in object 'Object Repository/RAD_Pages/Landing_Page/dd_TaxType' 

2024-02-03 23:11:36 - [TEST_STEP][PASSED] - delay(1): Delayed 1 second(s)

2024-02-03 23:11:37 - [MESSAGE][PASSED] - Delayed 1 second(s)

2024-02-03 23:11:37 - [TEST_STEP][PASSED] - selectOptionByLabel(findTestObject(orPath_TaxTypeFilingYear + "/select_TaxType_ExistingLiability"), TaxTypeEL, false): All options with label 'PTE Non-Electing Non-S Corp' are selected in object 'Object Repository/RAD_Pages/TaxTypeFilingYear_Page/select_TaxType_ExistingLiability' 

2024-02-03 23:11:38 - [MESSAGE][PASSED] - All options with label 'PTE Non-Electing Non-S Corp' are selected in object 'Object Repository/RAD_Pages/TaxTypeFilingYear_Page/select_TaxType_ExistingLiability' 

2024-02-03 23:11:38 - [TEST_STEP][PASSED] - setText(findTestObject(orPath_TaxInfo + "/input_NoticeInvoiceNumber"), notInvNumber): Text '0000000000000' is set on object 'Object Repository/RAD_Pages/TaxInfo_Page/input_NoticeInvoiceNumber'

2024-02-03 23:11:39 - [MESSAGE][PASSED] - Text '0000000000000' is set on object 'Object Repository/RAD_Pages/TaxInfo_Page/input_NoticeInvoiceNumber'

2024-02-03 23:11:39 - [TEST_STEP][PASSED] - setText(findTestObject(orPath_TaxInfo + "/input_reTypeNoticeInvoiceNumber"), notInvNumber): Text '0000000000000' is set on object 'Object Repository/RAD_Pages/TaxInfo_Page/input_reTypeNoticeInvoiceNumber'

2024-02-03 23:11:40 - [MESSAGE][PASSED] - Text '0000000000000' is set on object 'Object Repository/RAD_Pages/TaxInfo_Page/input_reTypeNoticeInvoiceNumber'

2024-02-03 23:11:40 - [TEST_STEP][PASSED] - println(notInvNumber): null

2024-02-03 23:11:40 - [TEST_STEP][PASSED] - if (verifyTextPresent(errorMsg, true)): null

2024-02-03 23:11:41 - [MESSAGE][PASSED] - Text 'Notice Number must be 13 digits in length, with a value greater than zero' is present on page  using regular expression

2024-02-03 23:11:41 - [TEST_STEP][PASSED] - println("Error Message is present on the page"): null

2024-02-03 23:11:41 - [TEST_STEP][PASSED] - out.println("Pass Record Number: " + row): null

2024-02-03 23:11:41 - [TEST_STEP][PASSED] - resText = "Pass": null

2024-02-03 23:11:41 - [TEST_STEP][PASSED] - pages.WriteExcel.demoKey(resText, datText, resColumn, datCloumn, fileLoc, nameSheet, row): pages.WriteExcel.demoKey is PASSED

2024-02-03 23:11:41 - [MESSAGE][PASSED] - pages.WriteExcel.demoKey is PASSED

2024-02-03 23:11:41 - [TEST_STEP][PASSED] - ExecuteTC = findTestData(dataFile).getValue("Execute", row): null

2024-02-03 23:11:41 - [TEST_STEP][PASSED] - Taxtype = findTestData(dataFile).getValue("TaxType", row): null

2024-02-03 23:11:41 - [TEST_STEP][PASSED] - TaxTypeEL = findTestData(dataFile).getValue("TaxTypeEL", row): null

2024-02-03 23:11:41 - [TEST_STEP][PASSED] - notInvNumber = findTestData(dataFile).getValue("NotiInvoNumber", row): null

2024-02-03 23:11:41 - [TEST_STEP][PASSED] - errorMsg = findTestData(dataFile).getValue("ErrorMessage", row): null

2024-02-03 23:11:41 - [TEST_STEP][PASSED] - out.println("Value of Execute is : " + ExecuteTC): null

2024-02-03 23:11:41 - [TEST_STEP][PASSED] - if (ExecuteTC.equalsIgnoreCase("Y")): null

2024-02-03 23:11:41 - [TEST_STEP][PASSED] - out.println("Begin Record Number: " + row): null

2024-02-03 23:11:41 - [TEST_STEP][PASSED] - today = new java.util.Date(): null

2024-02-03 23:11:41 - [TEST_STEP][PASSED] - println(today): null

2024-02-03 23:11:41 - [TEST_STEP][PASSED] - datText = today: null

2024-02-03 23:11:41 - [TEST_STEP][PASSED] - Taxtype = findTestData(dataFile).getValue("TaxType", row): null

2024-02-03 23:11:41 - [TEST_STEP][PASSED] - out.println("Taxtype value is : " + Taxtype): null

2024-02-03 23:11:41 - [TEST_STEP][PASSED] - openBrowser(""): Browser is opened with url: ''

2024-02-03 23:11:41 - [MESSAGE][WARNING] - A browser is already opened. Closing browser and opening a new one

2024-02-03 23:11:42 - [MESSAGE][INFO] - Starting 'Chrome' driver

2024-02-03 23:11:42 - [MESSAGE][INFO] - User set preference: ['acceptInsecureCerts', 'true']

2024-02-03 23:11:42 - [MESSAGE][INFO] - Action delay is set to 0 milliseconds

2024-02-03 23:11:44 - [MESSAGE][PASSED] - Browser is opened with url: ''

2024-02-03 23:11:44 - [TEST_STEP][PASSED] - maximizeWindow(): Current window maximized

2024-02-03 23:11:44 - [MESSAGE][PASSED] - Current window maximized

2024-02-03 23:11:44 - [TEST_STEP][PASSED] - navigateToUrl(RADurl): Navigate to 'https://qa2.velocitypayment.com/client/rad/index.html' successfully

2024-02-03 23:11:46 - [MESSAGE][PASSED] - Navigate to 'https://qa2.velocitypayment.com/client/rad/index.html' successfully

2024-02-03 23:11:46 - [TEST_STEP][PASSED] - orPath_Landing = "Object Repository/RAD_Pages/Landing_Page": null

2024-02-03 23:11:46 - [TEST_STEP][PASSED] - orPath_TaxTypeFilingYear = "Object Repository/RAD_Pages/TaxTypeFilingYear_Page": null

2024-02-03 23:11:46 - [TEST_STEP][PASSED] - orPath_TaxPayer = "Object Repository/RAD_Pages/Taxpayer_Page": null

2024-02-03 23:11:46 - [TEST_STEP][PASSED] - orPath_AddressContact = "Object Repository/RAD_Pages/AddressAndContactInfo_Page": null

2024-02-03 23:11:46 - [TEST_STEP][PASSED] - orPath_FilingStatus = "Object Repository/RAD_Pages/FilingStatus_Page": null

2024-02-03 23:11:46 - [TEST_STEP][PASSED] - orPath_Amount = "Object Repository/RAD_Pages/PaymentAmount_Page": null

2024-02-03 23:11:46 - [TEST_STEP][PASSED] - orPath_TaxInfo = "Object Repository/RAD_Pages/TaxInfo_Page": null

2024-02-03 23:11:46 - [TEST_STEP][PASSED] - orPath_Withholding = "Object Repository/RAD_Pages/Withholding_Page": null

2024-02-03 23:11:46 - [TEST_STEP][PASSED] - orPath_Summary = "Object Repository/RAD_Pages/Summary_Page": null

2024-02-03 23:11:46 - [TEST_STEP][PASSED] - orPath_PaymentReady = "Object Repository/RAD_Pages/PaymentReady_Page": null

2024-02-03 23:11:46 - [TEST_STEP][PASSED] - orPath_PaymentEntry = "Object Repository/RAD_Pages/PaymentEntry_Page": null

2024-02-03 23:11:46 - [TEST_STEP][PASSED] - orPath_PaymentConfirmation = "Object Repository/RAD_Pages/PaymentConfirmation_Page": null

2024-02-03 23:11:46 - [TEST_STEP][PASSED] - orPath_ServiceFeesAccept = "Object Repository/RAD_Pages/ServiceFeeAccept_Page": null

2024-02-03 23:11:46 - [TEST_STEP][PASSED] - selectOptionByLabel(findTestObject(orPath_Landing + "/dd_TaxType"), Taxtype, false): All options with label 'Existing Liability w/Notice Number' are selected in object 'Object Repository/RAD_Pages/Landing_Page/dd_TaxType' 

2024-02-03 23:11:46 - [MESSAGE][PASSED] - All options with label 'Existing Liability w/Notice Number' are selected in object 'Object Repository/RAD_Pages/Landing_Page/dd_TaxType' 

2024-02-03 23:11:46 - [TEST_STEP][PASSED] - delay(1): Delayed 1 second(s)

2024-02-03 23:11:47 - [MESSAGE][PASSED] - Delayed 1 second(s)

2024-02-03 23:11:47 - [TEST_STEP][PASSED] - selectOptionByLabel(findTestObject(orPath_TaxTypeFilingYear + "/select_TaxType_ExistingLiability"), TaxTypeEL, false): All options with label 'PTE Non-Electing S Corp' are selected in object 'Object Repository/RAD_Pages/TaxTypeFilingYear_Page/select_TaxType_ExistingLiability' 

2024-02-03 23:11:48 - [MESSAGE][PASSED] - All options with label 'PTE Non-Electing S Corp' are selected in object 'Object Repository/RAD_Pages/TaxTypeFilingYear_Page/select_TaxType_ExistingLiability' 

2024-02-03 23:11:48 - [TEST_STEP][PASSED] - setText(findTestObject(orPath_TaxInfo + "/input_NoticeInvoiceNumber"), notInvNumber): Text '0000000000000' is set on object 'Object Repository/RAD_Pages/TaxInfo_Page/input_NoticeInvoiceNumber'

2024-02-03 23:11:49 - [MESSAGE][PASSED] - Text '0000000000000' is set on object 'Object Repository/RAD_Pages/TaxInfo_Page/input_NoticeInvoiceNumber'

2024-02-03 23:11:49 - [TEST_STEP][PASSED] - setText(findTestObject(orPath_TaxInfo + "/input_reTypeNoticeInvoiceNumber"), notInvNumber): Text '0000000000000' is set on object 'Object Repository/RAD_Pages/TaxInfo_Page/input_reTypeNoticeInvoiceNumber'

2024-02-03 23:11:50 - [MESSAGE][PASSED] - Text '0000000000000' is set on object 'Object Repository/RAD_Pages/TaxInfo_Page/input_reTypeNoticeInvoiceNumber'

2024-02-03 23:11:50 - [TEST_STEP][PASSED] - println(notInvNumber): null

2024-02-03 23:11:50 - [TEST_STEP][PASSED] - if (verifyTextPresent(errorMsg, true)): null

2024-02-03 23:11:50 - [MESSAGE][PASSED] - Text 'Notice Number must be 13 digits in length, with a value greater than zero' is present on page  using regular expression

2024-02-03 23:11:50 - [TEST_STEP][PASSED] - println("Error Message is present on the page"): null

2024-02-03 23:11:50 - [TEST_STEP][PASSED] - out.println("Pass Record Number: " + row): null

2024-02-03 23:11:50 - [TEST_STEP][PASSED] - resText = "Pass": null

2024-02-03 23:11:50 - [TEST_STEP][PASSED] - pages.WriteExcel.demoKey(resText, datText, resColumn, datCloumn, fileLoc, nameSheet, row): pages.WriteExcel.demoKey is PASSED

2024-02-03 23:11:50 - [MESSAGE][PASSED] - pages.WriteExcel.demoKey is PASSED

2024-02-03 23:11:50 - [TEST_STEP][PASSED] - ExecuteTC = findTestData(dataFile).getValue("Execute", row): null

2024-02-03 23:11:50 - [TEST_STEP][PASSED] - Taxtype = findTestData(dataFile).getValue("TaxType", row): null

2024-02-03 23:11:50 - [TEST_STEP][PASSED] - TaxTypeEL = findTestData(dataFile).getValue("TaxTypeEL", row): null

2024-02-03 23:11:50 - [TEST_STEP][PASSED] - notInvNumber = findTestData(dataFile).getValue("NotiInvoNumber", row): null

2024-02-03 23:11:51 - [TEST_STEP][PASSED] - errorMsg = findTestData(dataFile).getValue("ErrorMessage", row): null

2024-02-03 23:11:51 - [TEST_STEP][PASSED] - out.println("Value of Execute is : " + ExecuteTC): null

2024-02-03 23:11:51 - [TEST_STEP][PASSED] - if (ExecuteTC.equalsIgnoreCase("Y")): null

2024-02-03 23:11:51 - [TEST_STEP][PASSED] - out.println("Begin Record Number: " + row): null

2024-02-03 23:11:51 - [TEST_STEP][PASSED] - today = new java.util.Date(): null

2024-02-03 23:11:51 - [TEST_STEP][PASSED] - println(today): null

2024-02-03 23:11:51 - [TEST_STEP][PASSED] - datText = today: null

2024-02-03 23:11:51 - [TEST_STEP][PASSED] - Taxtype = findTestData(dataFile).getValue("TaxType", row): null

2024-02-03 23:11:51 - [TEST_STEP][PASSED] - out.println("Taxtype value is : " + Taxtype): null

2024-02-03 23:11:51 - [TEST_STEP][PASSED] - openBrowser(""): Browser is opened with url: ''

2024-02-03 23:11:51 - [MESSAGE][WARNING] - A browser is already opened. Closing browser and opening a new one

2024-02-03 23:11:52 - [MESSAGE][INFO] - Starting 'Chrome' driver

2024-02-03 23:11:52 - [MESSAGE][INFO] - User set preference: ['acceptInsecureCerts', 'true']

2024-02-03 23:11:52 - [MESSAGE][INFO] - Action delay is set to 0 milliseconds

2024-02-03 23:11:54 - [MESSAGE][PASSED] - Browser is opened with url: ''

2024-02-03 23:11:54 - [TEST_STEP][PASSED] - maximizeWindow(): Current window maximized

2024-02-03 23:11:54 - [MESSAGE][PASSED] - Current window maximized

2024-02-03 23:11:54 - [TEST_STEP][PASSED] - navigateToUrl(RADurl): Navigate to 'https://qa2.velocitypayment.com/client/rad/index.html' successfully

2024-02-03 23:11:54 - [MESSAGE][PASSED] - Navigate to 'https://qa2.velocitypayment.com/client/rad/index.html' successfully

2024-02-03 23:11:54 - [TEST_STEP][PASSED] - orPath_Landing = "Object Repository/RAD_Pages/Landing_Page": null

2024-02-03 23:11:54 - [TEST_STEP][PASSED] - orPath_TaxTypeFilingYear = "Object Repository/RAD_Pages/TaxTypeFilingYear_Page": null

2024-02-03 23:11:54 - [TEST_STEP][PASSED] - orPath_TaxPayer = "Object Repository/RAD_Pages/Taxpayer_Page": null

2024-02-03 23:11:54 - [TEST_STEP][PASSED] - orPath_AddressContact = "Object Repository/RAD_Pages/AddressAndContactInfo_Page": null

2024-02-03 23:11:54 - [TEST_STEP][PASSED] - orPath_FilingStatus = "Object Repository/RAD_Pages/FilingStatus_Page": null

2024-02-03 23:11:54 - [TEST_STEP][PASSED] - orPath_Amount = "Object Repository/RAD_Pages/PaymentAmount_Page": null

2024-02-03 23:11:54 - [TEST_STEP][PASSED] - orPath_TaxInfo = "Object Repository/RAD_Pages/TaxInfo_Page": null

2024-02-03 23:11:54 - [TEST_STEP][PASSED] - orPath_Withholding = "Object Repository/RAD_Pages/Withholding_Page": null

2024-02-03 23:11:54 - [TEST_STEP][PASSED] - orPath_Summary = "Object Repository/RAD_Pages/Summary_Page": null

2024-02-03 23:11:54 - [TEST_STEP][PASSED] - orPath_PaymentReady = "Object Repository/RAD_Pages/PaymentReady_Page": null

2024-02-03 23:11:54 - [TEST_STEP][PASSED] - orPath_PaymentEntry = "Object Repository/RAD_Pages/PaymentEntry_Page": null

2024-02-03 23:11:54 - [TEST_STEP][PASSED] - orPath_PaymentConfirmation = "Object Repository/RAD_Pages/PaymentConfirmation_Page": null

2024-02-03 23:11:54 - [TEST_STEP][PASSED] - orPath_ServiceFeesAccept = "Object Repository/RAD_Pages/ServiceFeeAccept_Page": null

2024-02-03 23:11:54 - [TEST_STEP][PASSED] - selectOptionByLabel(findTestObject(orPath_Landing + "/dd_TaxType"), Taxtype, false): All options with label 'Existing Liability w/Notice Number' are selected in object 'Object Repository/RAD_Pages/Landing_Page/dd_TaxType' 

2024-02-03 23:11:56 - [MESSAGE][PASSED] - All options with label 'Existing Liability w/Notice Number' are selected in object 'Object Repository/RAD_Pages/Landing_Page/dd_TaxType' 

2024-02-03 23:11:56 - [TEST_STEP][PASSED] - delay(1): Delayed 1 second(s)

2024-02-03 23:11:57 - [MESSAGE][PASSED] - Delayed 1 second(s)

2024-02-03 23:11:57 - [TEST_STEP][PASSED] - selectOptionByLabel(findTestObject(orPath_TaxTypeFilingYear + "/select_TaxType_ExistingLiability"), TaxTypeEL, false): All options with label 'Sales & Use Tax' are selected in object 'Object Repository/RAD_Pages/TaxTypeFilingYear_Page/select_TaxType_ExistingLiability' 

2024-02-03 23:11:58 - [MESSAGE][PASSED] - All options with label 'Sales & Use Tax' are selected in object 'Object Repository/RAD_Pages/TaxTypeFilingYear_Page/select_TaxType_ExistingLiability' 

2024-02-03 23:11:58 - [TEST_STEP][PASSED] - setText(findTestObject(orPath_TaxInfo + "/input_NoticeInvoiceNumber"), notInvNumber): Text '0000000000000' is set on object 'Object Repository/RAD_Pages/TaxInfo_Page/input_NoticeInvoiceNumber'

2024-02-03 23:11:59 - [MESSAGE][PASSED] - Text '0000000000000' is set on object 'Object Repository/RAD_Pages/TaxInfo_Page/input_NoticeInvoiceNumber'

2024-02-03 23:11:59 - [TEST_STEP][PASSED] - setText(findTestObject(orPath_TaxInfo + "/input_reTypeNoticeInvoiceNumber"), notInvNumber): Text '0000000000000' is set on object 'Object Repository/RAD_Pages/TaxInfo_Page/input_reTypeNoticeInvoiceNumber'

2024-02-03 23:12:00 - [MESSAGE][PASSED] - Text '0000000000000' is set on object 'Object Repository/RAD_Pages/TaxInfo_Page/input_reTypeNoticeInvoiceNumber'

2024-02-03 23:12:00 - [TEST_STEP][PASSED] - println(notInvNumber): null

2024-02-03 23:12:00 - [TEST_STEP][PASSED] - if (verifyTextPresent(errorMsg, true)): null

2024-02-03 23:12:00 - [MESSAGE][PASSED] - Text 'Notice Number must be 13 digits in length, with a value greater than zero' is present on page  using regular expression

2024-02-03 23:12:00 - [TEST_STEP][PASSED] - println("Error Message is present on the page"): null

2024-02-03 23:12:00 - [TEST_STEP][PASSED] - out.println("Pass Record Number: " + row): null

2024-02-03 23:12:00 - [TEST_STEP][PASSED] - resText = "Pass": null

2024-02-03 23:12:00 - [TEST_STEP][PASSED] - pages.WriteExcel.demoKey(resText, datText, resColumn, datCloumn, fileLoc, nameSheet, row): pages.WriteExcel.demoKey is PASSED

2024-02-03 23:12:00 - [MESSAGE][PASSED] - pages.WriteExcel.demoKey is PASSED

2024-02-03 23:12:00 - [TEST_STEP][PASSED] - ExecuteTC = findTestData(dataFile).getValue("Execute", row): null

2024-02-03 23:12:00 - [TEST_STEP][PASSED] - Taxtype = findTestData(dataFile).getValue("TaxType", row): null

2024-02-03 23:12:01 - [TEST_STEP][PASSED] - TaxTypeEL = findTestData(dataFile).getValue("TaxTypeEL", row): null

2024-02-03 23:12:01 - [TEST_STEP][PASSED] - notInvNumber = findTestData(dataFile).getValue("NotiInvoNumber", row): null

2024-02-03 23:12:01 - [TEST_STEP][PASSED] - errorMsg = findTestData(dataFile).getValue("ErrorMessage", row): null

2024-02-03 23:12:01 - [TEST_STEP][PASSED] - out.println("Value of Execute is : " + ExecuteTC): null

2024-02-03 23:12:01 - [TEST_STEP][PASSED] - if (ExecuteTC.equalsIgnoreCase("Y")): null

2024-02-03 23:12:01 - [TEST_STEP][PASSED] - out.println("Begin Record Number: " + row): null

2024-02-03 23:12:01 - [TEST_STEP][PASSED] - today = new java.util.Date(): null

2024-02-03 23:12:01 - [TEST_STEP][PASSED] - println(today): null

2024-02-03 23:12:01 - [TEST_STEP][PASSED] - datText = today: null

2024-02-03 23:12:01 - [TEST_STEP][PASSED] - Taxtype = findTestData(dataFile).getValue("TaxType", row): null

2024-02-03 23:12:01 - [TEST_STEP][PASSED] - out.println("Taxtype value is : " + Taxtype): null

2024-02-03 23:12:01 - [TEST_STEP][PASSED] - openBrowser(""): Browser is opened with url: ''

2024-02-03 23:12:01 - [MESSAGE][WARNING] - A browser is already opened. Closing browser and opening a new one

2024-02-03 23:12:02 - [MESSAGE][INFO] - Starting 'Chrome' driver

2024-02-03 23:12:02 - [MESSAGE][INFO] - User set preference: ['acceptInsecureCerts', 'true']

2024-02-03 23:12:02 - [MESSAGE][INFO] - Action delay is set to 0 milliseconds

2024-02-03 23:12:03 - [MESSAGE][PASSED] - Browser is opened with url: ''

2024-02-03 23:12:03 - [TEST_STEP][PASSED] - maximizeWindow(): Current window maximized

2024-02-03 23:12:04 - [MESSAGE][PASSED] - Current window maximized

2024-02-03 23:12:04 - [TEST_STEP][PASSED] - navigateToUrl(RADurl): Navigate to 'https://qa2.velocitypayment.com/client/rad/index.html' successfully

2024-02-03 23:12:04 - [MESSAGE][PASSED] - Navigate to 'https://qa2.velocitypayment.com/client/rad/index.html' successfully

2024-02-03 23:12:04 - [TEST_STEP][PASSED] - orPath_Landing = "Object Repository/RAD_Pages/Landing_Page": null

2024-02-03 23:12:04 - [TEST_STEP][PASSED] - orPath_TaxTypeFilingYear = "Object Repository/RAD_Pages/TaxTypeFilingYear_Page": null

2024-02-03 23:12:04 - [TEST_STEP][PASSED] - orPath_TaxPayer = "Object Repository/RAD_Pages/Taxpayer_Page": null

2024-02-03 23:12:04 - [TEST_STEP][PASSED] - orPath_AddressContact = "Object Repository/RAD_Pages/AddressAndContactInfo_Page": null

2024-02-03 23:12:04 - [TEST_STEP][PASSED] - orPath_FilingStatus = "Object Repository/RAD_Pages/FilingStatus_Page": null

2024-02-03 23:12:04 - [TEST_STEP][PASSED] - orPath_Amount = "Object Repository/RAD_Pages/PaymentAmount_Page": null

2024-02-03 23:12:04 - [TEST_STEP][PASSED] - orPath_TaxInfo = "Object Repository/RAD_Pages/TaxInfo_Page": null

2024-02-03 23:12:04 - [TEST_STEP][PASSED] - orPath_Withholding = "Object Repository/RAD_Pages/Withholding_Page": null

2024-02-03 23:12:04 - [TEST_STEP][PASSED] - orPath_Summary = "Object Repository/RAD_Pages/Summary_Page": null

2024-02-03 23:12:04 - [TEST_STEP][PASSED] - orPath_PaymentReady = "Object Repository/RAD_Pages/PaymentReady_Page": null

2024-02-03 23:12:04 - [TEST_STEP][PASSED] - orPath_PaymentEntry = "Object Repository/RAD_Pages/PaymentEntry_Page": null

2024-02-03 23:12:04 - [TEST_STEP][PASSED] - orPath_PaymentConfirmation = "Object Repository/RAD_Pages/PaymentConfirmation_Page": null

2024-02-03 23:12:04 - [TEST_STEP][PASSED] - orPath_ServiceFeesAccept = "Object Repository/RAD_Pages/ServiceFeeAccept_Page": null

2024-02-03 23:12:04 - [TEST_STEP][PASSED] - selectOptionByLabel(findTestObject(orPath_Landing + "/dd_TaxType"), Taxtype, false): All options with label 'Existing Liability w/Notice Number' are selected in object 'Object Repository/RAD_Pages/Landing_Page/dd_TaxType' 

2024-02-03 23:12:06 - [MESSAGE][PASSED] - All options with label 'Existing Liability w/Notice Number' are selected in object 'Object Repository/RAD_Pages/Landing_Page/dd_TaxType' 

2024-02-03 23:12:06 - [TEST_STEP][PASSED] - delay(1): Delayed 1 second(s)

2024-02-03 23:12:07 - [MESSAGE][PASSED] - Delayed 1 second(s)

2024-02-03 23:12:07 - [TEST_STEP][PASSED] - selectOptionByLabel(findTestObject(orPath_TaxTypeFilingYear + "/select_TaxType_ExistingLiability"), TaxTypeEL, false): All options with label 'Tire Recycling Fee' are selected in object 'Object Repository/RAD_Pages/TaxTypeFilingYear_Page/select_TaxType_ExistingLiability' 

2024-02-03 23:12:08 - [MESSAGE][PASSED] - All options with label 'Tire Recycling Fee' are selected in object 'Object Repository/RAD_Pages/TaxTypeFilingYear_Page/select_TaxType_ExistingLiability' 

2024-02-03 23:12:08 - [TEST_STEP][PASSED] - setText(findTestObject(orPath_TaxInfo + "/input_NoticeInvoiceNumber"), notInvNumber): Text '0000000000000' is set on object 'Object Repository/RAD_Pages/TaxInfo_Page/input_NoticeInvoiceNumber'

2024-02-03 23:12:09 - [MESSAGE][PASSED] - Text '0000000000000' is set on object 'Object Repository/RAD_Pages/TaxInfo_Page/input_NoticeInvoiceNumber'

2024-02-03 23:12:09 - [TEST_STEP][PASSED] - setText(findTestObject(orPath_TaxInfo + "/input_reTypeNoticeInvoiceNumber"), notInvNumber): Text '0000000000000' is set on object 'Object Repository/RAD_Pages/TaxInfo_Page/input_reTypeNoticeInvoiceNumber'

2024-02-03 23:12:10 - [MESSAGE][PASSED] - Text '0000000000000' is set on object 'Object Repository/RAD_Pages/TaxInfo_Page/input_reTypeNoticeInvoiceNumber'

2024-02-03 23:12:10 - [TEST_STEP][PASSED] - println(notInvNumber): null

2024-02-03 23:12:10 - [TEST_STEP][PASSED] - if (verifyTextPresent(errorMsg, true)): null

2024-02-03 23:12:10 - [MESSAGE][PASSED] - Text 'Notice Number must be 13 digits in length, with a value greater than zero' is present on page  using regular expression

2024-02-03 23:12:10 - [TEST_STEP][PASSED] - println("Error Message is present on the page"): null

2024-02-03 23:12:10 - [TEST_STEP][PASSED] - out.println("Pass Record Number: " + row): null

2024-02-03 23:12:10 - [TEST_STEP][PASSED] - resText = "Pass": null

2024-02-03 23:12:10 - [TEST_STEP][PASSED] - pages.WriteExcel.demoKey(resText, datText, resColumn, datCloumn, fileLoc, nameSheet, row): pages.WriteExcel.demoKey is PASSED

2024-02-03 23:12:10 - [MESSAGE][PASSED] - pages.WriteExcel.demoKey is PASSED

2024-02-03 23:12:10 - [TEST_STEP][PASSED] - ExecuteTC = findTestData(dataFile).getValue("Execute", row): null

2024-02-03 23:12:11 - [TEST_STEP][PASSED] - Taxtype = findTestData(dataFile).getValue("TaxType", row): null

2024-02-03 23:12:11 - [TEST_STEP][PASSED] - TaxTypeEL = findTestData(dataFile).getValue("TaxTypeEL", row): null

2024-02-03 23:12:11 - [TEST_STEP][PASSED] - notInvNumber = findTestData(dataFile).getValue("NotiInvoNumber", row): null

2024-02-03 23:12:11 - [TEST_STEP][PASSED] - errorMsg = findTestData(dataFile).getValue("ErrorMessage", row): null

2024-02-03 23:12:11 - [TEST_STEP][PASSED] - out.println("Value of Execute is : " + ExecuteTC): null

2024-02-03 23:12:11 - [TEST_STEP][PASSED] - if (ExecuteTC.equalsIgnoreCase("Y")): null

2024-02-03 23:12:11 - [TEST_STEP][PASSED] - out.println("Begin Record Number: " + row): null

2024-02-03 23:12:11 - [TEST_STEP][PASSED] - today = new java.util.Date(): null

2024-02-03 23:12:11 - [TEST_STEP][PASSED] - println(today): null

2024-02-03 23:12:11 - [TEST_STEP][PASSED] - datText = today: null

2024-02-03 23:12:11 - [TEST_STEP][PASSED] - Taxtype = findTestData(dataFile).getValue("TaxType", row): null

2024-02-03 23:12:11 - [TEST_STEP][PASSED] - out.println("Taxtype value is : " + Taxtype): null

2024-02-03 23:12:11 - [TEST_STEP][PASSED] - openBrowser(""): Browser is opened with url: ''

2024-02-03 23:12:11 - [MESSAGE][WARNING] - A browser is already opened. Closing browser and opening a new one

2024-02-03 23:12:14 - [MESSAGE][INFO] - Starting 'Chrome' driver

2024-02-03 23:12:14 - [MESSAGE][INFO] - User set preference: ['acceptInsecureCerts', 'true']

2024-02-03 23:12:14 - [MESSAGE][INFO] - Action delay is set to 0 milliseconds

2024-02-03 23:12:22 - [MESSAGE][PASSED] - Browser is opened with url: ''

2024-02-03 23:12:22 - [TEST_STEP][PASSED] - maximizeWindow(): Current window maximized

2024-02-03 23:12:22 - [MESSAGE][PASSED] - Current window maximized

2024-02-03 23:12:22 - [TEST_STEP][PASSED] - navigateToUrl(RADurl): Navigate to 'https://qa2.velocitypayment.com/client/rad/index.html' successfully

2024-02-03 23:12:23 - [MESSAGE][PASSED] - Navigate to 'https://qa2.velocitypayment.com/client/rad/index.html' successfully

2024-02-03 23:12:23 - [TEST_STEP][PASSED] - orPath_Landing = "Object Repository/RAD_Pages/Landing_Page": null

2024-02-03 23:12:23 - [TEST_STEP][PASSED] - orPath_TaxTypeFilingYear = "Object Repository/RAD_Pages/TaxTypeFilingYear_Page": null

2024-02-03 23:12:23 - [TEST_STEP][PASSED] - orPath_TaxPayer = "Object Repository/RAD_Pages/Taxpayer_Page": null

2024-02-03 23:12:23 - [TEST_STEP][PASSED] - orPath_AddressContact = "Object Repository/RAD_Pages/AddressAndContactInfo_Page": null

2024-02-03 23:12:23 - [TEST_STEP][PASSED] - orPath_FilingStatus = "Object Repository/RAD_Pages/FilingStatus_Page": null

2024-02-03 23:12:23 - [TEST_STEP][PASSED] - orPath_Amount = "Object Repository/RAD_Pages/PaymentAmount_Page": null

2024-02-03 23:12:23 - [TEST_STEP][PASSED] - orPath_TaxInfo = "Object Repository/RAD_Pages/TaxInfo_Page": null

2024-02-03 23:12:23 - [TEST_STEP][PASSED] - orPath_Withholding = "Object Repository/RAD_Pages/Withholding_Page": null

2024-02-03 23:12:23 - [TEST_STEP][PASSED] - orPath_Summary = "Object Repository/RAD_Pages/Summary_Page": null

2024-02-03 23:12:23 - [TEST_STEP][PASSED] - orPath_PaymentReady = "Object Repository/RAD_Pages/PaymentReady_Page": null

2024-02-03 23:12:23 - [TEST_STEP][PASSED] - orPath_PaymentEntry = "Object Repository/RAD_Pages/PaymentEntry_Page": null

2024-02-03 23:12:23 - [TEST_STEP][PASSED] - orPath_PaymentConfirmation = "Object Repository/RAD_Pages/PaymentConfirmation_Page": null

2024-02-03 23:12:23 - [TEST_STEP][PASSED] - orPath_ServiceFeesAccept = "Object Repository/RAD_Pages/ServiceFeeAccept_Page": null

2024-02-03 23:12:23 - [TEST_STEP][PASSED] - selectOptionByLabel(findTestObject(orPath_Landing + "/dd_TaxType"), Taxtype, false): All options with label 'Existing Liability w/Notice Number' are selected in object 'Object Repository/RAD_Pages/Landing_Page/dd_TaxType' 

2024-02-03 23:12:25 - [MESSAGE][PASSED] - All options with label 'Existing Liability w/Notice Number' are selected in object 'Object Repository/RAD_Pages/Landing_Page/dd_TaxType' 

2024-02-03 23:12:25 - [TEST_STEP][PASSED] - delay(1): Delayed 1 second(s)

2024-02-03 23:12:26 - [MESSAGE][PASSED] - Delayed 1 second(s)

2024-02-03 23:12:26 - [TEST_STEP][PASSED] - selectOptionByLabel(findTestObject(orPath_TaxTypeFilingYear + "/select_TaxType_ExistingLiability"), TaxTypeEL, false): All options with label 'Withholding Tax' are selected in object 'Object Repository/RAD_Pages/TaxTypeFilingYear_Page/select_TaxType_ExistingLiability' 

2024-02-03 23:12:26 - [MESSAGE][PASSED] - All options with label 'Withholding Tax' are selected in object 'Object Repository/RAD_Pages/TaxTypeFilingYear_Page/select_TaxType_ExistingLiability' 

2024-02-03 23:12:26 - [TEST_STEP][PASSED] - setText(findTestObject(orPath_TaxInfo + "/input_NoticeInvoiceNumber"), notInvNumber): Text '0000000000000' is set on object 'Object Repository/RAD_Pages/TaxInfo_Page/input_NoticeInvoiceNumber'

2024-02-03 23:12:27 - [MESSAGE][PASSED] - Text '0000000000000' is set on object 'Object Repository/RAD_Pages/TaxInfo_Page/input_NoticeInvoiceNumber'

2024-02-03 23:12:27 - [TEST_STEP][PASSED] - setText(findTestObject(orPath_TaxInfo + "/input_reTypeNoticeInvoiceNumber"), notInvNumber): Text '0000000000000' is set on object 'Object Repository/RAD_Pages/TaxInfo_Page/input_reTypeNoticeInvoiceNumber'

2024-02-03 23:12:28 - [MESSAGE][PASSED] - Text '0000000000000' is set on object 'Object Repository/RAD_Pages/TaxInfo_Page/input_reTypeNoticeInvoiceNumber'

2024-02-03 23:12:28 - [TEST_STEP][PASSED] - println(notInvNumber): null

2024-02-03 23:12:28 - [TEST_STEP][PASSED] - if (verifyTextPresent(errorMsg, true)): null

2024-02-03 23:12:29 - [MESSAGE][PASSED] - Text 'Notice Number must be 13 digits in length, with a value greater than zero' is present on page  using regular expression

2024-02-03 23:12:29 - [TEST_STEP][PASSED] - println("Error Message is present on the page"): null

2024-02-03 23:12:29 - [TEST_STEP][PASSED] - out.println("Pass Record Number: " + row): null

2024-02-03 23:12:29 - [TEST_STEP][PASSED] - resText = "Pass": null

2024-02-03 23:12:29 - [TEST_STEP][PASSED] - pages.WriteExcel.demoKey(resText, datText, resColumn, datCloumn, fileLoc, nameSheet, row): pages.WriteExcel.demoKey is PASSED

2024-02-03 23:12:29 - [MESSAGE][PASSED] - pages.WriteExcel.demoKey is PASSED

2024-02-03 23:12:29 - [TEST_STEP][PASSED] - ExecuteTC = findTestData(dataFile).getValue("Execute", row): null

2024-02-03 23:12:29 - [TEST_STEP][PASSED] - Taxtype = findTestData(dataFile).getValue("TaxType", row): null

2024-02-03 23:12:29 - [TEST_STEP][PASSED] - TaxTypeEL = findTestData(dataFile).getValue("TaxTypeEL", row): null

2024-02-03 23:12:29 - [TEST_STEP][PASSED] - notInvNumber = findTestData(dataFile).getValue("NotiInvoNumber", row): null

2024-02-03 23:12:29 - [TEST_STEP][PASSED] - errorMsg = findTestData(dataFile).getValue("ErrorMessage", row): null

2024-02-03 23:12:29 - [TEST_STEP][PASSED] - out.println("Value of Execute is : " + ExecuteTC): null

2024-02-03 23:12:29 - [TEST_STEP][PASSED] - if (ExecuteTC.equalsIgnoreCase("Y")): null

2024-02-03 23:12:29 - [TEST_STEP][PASSED] - out.println("Begin Record Number: " + row): null

2024-02-03 23:12:29 - [TEST_STEP][PASSED] - today = new java.util.Date(): null

2024-02-03 23:12:29 - [TEST_STEP][PASSED] - println(today): null

2024-02-03 23:12:29 - [TEST_STEP][PASSED] - datText = today: null

2024-02-03 23:12:29 - [TEST_STEP][PASSED] - Taxtype = findTestData(dataFile).getValue("TaxType", row): null

2024-02-03 23:12:29 - [TEST_STEP][PASSED] - out.println("Taxtype value is : " + Taxtype): null

2024-02-03 23:12:29 - [TEST_STEP][PASSED] - openBrowser(""): Browser is opened with url: ''

2024-02-03 23:12:29 - [MESSAGE][WARNING] - A browser is already opened. Closing browser and opening a new one

2024-02-03 23:12:30 - [MESSAGE][INFO] - Starting 'Chrome' driver

2024-02-03 23:12:30 - [MESSAGE][INFO] - User set preference: ['acceptInsecureCerts', 'true']

2024-02-03 23:12:30 - [MESSAGE][INFO] - Action delay is set to 0 milliseconds

2024-02-03 23:12:32 - [MESSAGE][PASSED] - Browser is opened with url: ''

2024-02-03 23:12:32 - [TEST_STEP][PASSED] - maximizeWindow(): Current window maximized

2024-02-03 23:12:32 - [MESSAGE][PASSED] - Current window maximized

2024-02-03 23:12:32 - [TEST_STEP][PASSED] - navigateToUrl(RADurl): Navigate to 'https://qa2.velocitypayment.com/client/rad/index.html' successfully

2024-02-03 23:12:34 - [MESSAGE][PASSED] - Navigate to 'https://qa2.velocitypayment.com/client/rad/index.html' successfully

2024-02-03 23:12:34 - [TEST_STEP][PASSED] - orPath_Landing = "Object Repository/RAD_Pages/Landing_Page": null

2024-02-03 23:12:34 - [TEST_STEP][PASSED] - orPath_TaxTypeFilingYear = "Object Repository/RAD_Pages/TaxTypeFilingYear_Page": null

2024-02-03 23:12:34 - [TEST_STEP][PASSED] - orPath_TaxPayer = "Object Repository/RAD_Pages/Taxpayer_Page": null

2024-02-03 23:12:34 - [TEST_STEP][PASSED] - orPath_AddressContact = "Object Repository/RAD_Pages/AddressAndContactInfo_Page": null

2024-02-03 23:12:34 - [TEST_STEP][PASSED] - orPath_FilingStatus = "Object Repository/RAD_Pages/FilingStatus_Page": null

2024-02-03 23:12:34 - [TEST_STEP][PASSED] - orPath_Amount = "Object Repository/RAD_Pages/PaymentAmount_Page": null

2024-02-03 23:12:34 - [TEST_STEP][PASSED] - orPath_TaxInfo = "Object Repository/RAD_Pages/TaxInfo_Page": null

2024-02-03 23:12:34 - [TEST_STEP][PASSED] - orPath_Withholding = "Object Repository/RAD_Pages/Withholding_Page": null

2024-02-03 23:12:34 - [TEST_STEP][PASSED] - orPath_Summary = "Object Repository/RAD_Pages/Summary_Page": null

2024-02-03 23:12:34 - [TEST_STEP][PASSED] - orPath_PaymentReady = "Object Repository/RAD_Pages/PaymentReady_Page": null

2024-02-03 23:12:34 - [TEST_STEP][PASSED] - orPath_PaymentEntry = "Object Repository/RAD_Pages/PaymentEntry_Page": null

2024-02-03 23:12:34 - [TEST_STEP][PASSED] - orPath_PaymentConfirmation = "Object Repository/RAD_Pages/PaymentConfirmation_Page": null

2024-02-03 23:12:34 - [TEST_STEP][PASSED] - orPath_ServiceFeesAccept = "Object Repository/RAD_Pages/ServiceFeeAccept_Page": null

2024-02-03 23:12:34 - [TEST_STEP][PASSED] - selectOptionByLabel(findTestObject(orPath_Landing + "/dd_TaxType"), Taxtype, false): All options with label 'Existing Liability w/Notice Number' are selected in object 'Object Repository/RAD_Pages/Landing_Page/dd_TaxType' 

2024-02-03 23:12:35 - [MESSAGE][PASSED] - All options with label 'Existing Liability w/Notice Number' are selected in object 'Object Repository/RAD_Pages/Landing_Page/dd_TaxType' 

2024-02-03 23:12:35 - [TEST_STEP][PASSED] - delay(1): Delayed 1 second(s)

2024-02-03 23:12:36 - [MESSAGE][PASSED] - Delayed 1 second(s)

2024-02-03 23:12:36 - [TEST_STEP][PASSED] - selectOptionByLabel(findTestObject(orPath_TaxTypeFilingYear + "/select_TaxType_ExistingLiability"), TaxTypeEL, false): All options with label 'Alcohol Tax' are selected in object 'Object Repository/RAD_Pages/TaxTypeFilingYear_Page/select_TaxType_ExistingLiability' 

2024-02-03 23:12:36 - [MESSAGE][PASSED] - All options with label 'Alcohol Tax' are selected in object 'Object Repository/RAD_Pages/TaxTypeFilingYear_Page/select_TaxType_ExistingLiability' 

2024-02-03 23:12:36 - [TEST_STEP][PASSED] - setText(findTestObject(orPath_TaxInfo + "/input_NoticeInvoiceNumber"), notInvNumber): Text '0000000000000' is set on object 'Object Repository/RAD_Pages/TaxInfo_Page/input_NoticeInvoiceNumber'

2024-02-03 23:12:37 - [MESSAGE][PASSED] - Text '0000000000000' is set on object 'Object Repository/RAD_Pages/TaxInfo_Page/input_NoticeInvoiceNumber'

2024-02-03 23:12:37 - [TEST_STEP][PASSED] - setText(findTestObject(orPath_TaxInfo + "/input_reTypeNoticeInvoiceNumber"), notInvNumber): Text '0000000000000' is set on object 'Object Repository/RAD_Pages/TaxInfo_Page/input_reTypeNoticeInvoiceNumber'

2024-02-03 23:12:38 - [MESSAGE][PASSED] - Text '0000000000000' is set on object 'Object Repository/RAD_Pages/TaxInfo_Page/input_reTypeNoticeInvoiceNumber'

2024-02-03 23:12:38 - [TEST_STEP][PASSED] - println(notInvNumber): null

2024-02-03 23:12:38 - [TEST_STEP][PASSED] - if (verifyTextPresent(errorMsg, true)): null

2024-02-03 23:12:39 - [MESSAGE][PASSED] - Text 'Invoice Number must be 10 or 13 digits in length, with a value greater than zero' is present on page  using regular expression

2024-02-03 23:12:39 - [TEST_STEP][PASSED] - println("Error Message is present on the page"): null

2024-02-03 23:12:39 - [TEST_STEP][PASSED] - out.println("Pass Record Number: " + row): null

2024-02-03 23:12:39 - [TEST_STEP][PASSED] - resText = "Pass": null

2024-02-03 23:12:39 - [TEST_STEP][PASSED] - pages.WriteExcel.demoKey(resText, datText, resColumn, datCloumn, fileLoc, nameSheet, row): pages.WriteExcel.demoKey is PASSED

2024-02-03 23:12:39 - [MESSAGE][PASSED] - pages.WriteExcel.demoKey is PASSED

2024-02-03 23:12:39 - [TEST_STEP][PASSED] - ExecuteTC = findTestData(dataFile).getValue("Execute", row): null

2024-02-03 23:12:39 - [TEST_STEP][PASSED] - Taxtype = findTestData(dataFile).getValue("TaxType", row): null

2024-02-03 23:12:39 - [TEST_STEP][PASSED] - TaxTypeEL = findTestData(dataFile).getValue("TaxTypeEL", row): null

2024-02-03 23:12:39 - [TEST_STEP][PASSED] - notInvNumber = findTestData(dataFile).getValue("NotiInvoNumber", row): null

2024-02-03 23:12:39 - [TEST_STEP][PASSED] - errorMsg = findTestData(dataFile).getValue("ErrorMessage", row): null

2024-02-03 23:12:39 - [TEST_STEP][PASSED] - out.println("Value of Execute is : " + ExecuteTC): null

2024-02-03 23:12:39 - [TEST_STEP][PASSED] - if (ExecuteTC.equalsIgnoreCase("Y")): null

2024-02-03 23:12:39 - [TEST_STEP][PASSED] - out.println("Begin Record Number: " + row): null

2024-02-03 23:12:39 - [TEST_STEP][PASSED] - today = new java.util.Date(): null

2024-02-03 23:12:39 - [TEST_STEP][PASSED] - println(today): null

2024-02-03 23:12:39 - [TEST_STEP][PASSED] - datText = today: null

2024-02-03 23:12:39 - [TEST_STEP][PASSED] - Taxtype = findTestData(dataFile).getValue("TaxType", row): null

2024-02-03 23:12:39 - [TEST_STEP][PASSED] - out.println("Taxtype value is : " + Taxtype): null

2024-02-03 23:12:39 - [TEST_STEP][PASSED] - openBrowser(""): Browser is opened with url: ''

2024-02-03 23:12:39 - [MESSAGE][WARNING] - A browser is already opened. Closing browser and opening a new one

2024-02-03 23:12:40 - [MESSAGE][INFO] - Starting 'Chrome' driver

2024-02-03 23:12:40 - [MESSAGE][INFO] - User set preference: ['acceptInsecureCerts', 'true']

2024-02-03 23:12:40 - [MESSAGE][INFO] - Action delay is set to 0 milliseconds

2024-02-03 23:12:42 - [MESSAGE][PASSED] - Browser is opened with url: ''

2024-02-03 23:12:42 - [TEST_STEP][PASSED] - maximizeWindow(): Current window maximized

2024-02-03 23:12:42 - [MESSAGE][PASSED] - Current window maximized

2024-02-03 23:12:42 - [TEST_STEP][PASSED] - navigateToUrl(RADurl): Navigate to 'https://qa2.velocitypayment.com/client/rad/index.html' successfully

2024-02-03 23:12:42 - [MESSAGE][PASSED] - Navigate to 'https://qa2.velocitypayment.com/client/rad/index.html' successfully

2024-02-03 23:12:42 - [TEST_STEP][PASSED] - orPath_Landing = "Object Repository/RAD_Pages/Landing_Page": null

2024-02-03 23:12:42 - [TEST_STEP][PASSED] - orPath_TaxTypeFilingYear = "Object Repository/RAD_Pages/TaxTypeFilingYear_Page": null

2024-02-03 23:12:42 - [TEST_STEP][PASSED] - orPath_TaxPayer = "Object Repository/RAD_Pages/Taxpayer_Page": null

2024-02-03 23:12:42 - [TEST_STEP][PASSED] - orPath_AddressContact = "Object Repository/RAD_Pages/AddressAndContactInfo_Page": null

2024-02-03 23:12:42 - [TEST_STEP][PASSED] - orPath_FilingStatus = "Object Repository/RAD_Pages/FilingStatus_Page": null

2024-02-03 23:12:42 - [TEST_STEP][PASSED] - orPath_Amount = "Object Repository/RAD_Pages/PaymentAmount_Page": null

2024-02-03 23:12:42 - [TEST_STEP][PASSED] - orPath_TaxInfo = "Object Repository/RAD_Pages/TaxInfo_Page": null

2024-02-03 23:12:42 - [TEST_STEP][PASSED] - orPath_Withholding = "Object Repository/RAD_Pages/Withholding_Page": null

2024-02-03 23:12:42 - [TEST_STEP][PASSED] - orPath_Summary = "Object Repository/RAD_Pages/Summary_Page": null

2024-02-03 23:12:42 - [TEST_STEP][PASSED] - orPath_PaymentReady = "Object Repository/RAD_Pages/PaymentReady_Page": null

2024-02-03 23:12:42 - [TEST_STEP][PASSED] - orPath_PaymentEntry = "Object Repository/RAD_Pages/PaymentEntry_Page": null

2024-02-03 23:12:42 - [TEST_STEP][PASSED] - orPath_PaymentConfirmation = "Object Repository/RAD_Pages/PaymentConfirmation_Page": null

2024-02-03 23:12:42 - [TEST_STEP][PASSED] - orPath_ServiceFeesAccept = "Object Repository/RAD_Pages/ServiceFeeAccept_Page": null

2024-02-03 23:12:42 - [TEST_STEP][PASSED] - selectOptionByLabel(findTestObject(orPath_Landing + "/dd_TaxType"), Taxtype, false): All options with label 'Existing Liability w/Notice Number' are selected in object 'Object Repository/RAD_Pages/Landing_Page/dd_TaxType' 

2024-02-03 23:12:44 - [MESSAGE][PASSED] - All options with label 'Existing Liability w/Notice Number' are selected in object 'Object Repository/RAD_Pages/Landing_Page/dd_TaxType' 

2024-02-03 23:12:44 - [TEST_STEP][PASSED] - delay(1): Delayed 1 second(s)

2024-02-03 23:12:45 - [MESSAGE][PASSED] - Delayed 1 second(s)

2024-02-03 23:12:45 - [TEST_STEP][PASSED] - selectOptionByLabel(findTestObject(orPath_TaxTypeFilingYear + "/select_TaxType_ExistingLiability"), TaxTypeEL, false): All options with label 'Alcohol Tax' are selected in object 'Object Repository/RAD_Pages/TaxTypeFilingYear_Page/select_TaxType_ExistingLiability' 

2024-02-03 23:12:46 - [MESSAGE][PASSED] - All options with label 'Alcohol Tax' are selected in object 'Object Repository/RAD_Pages/TaxTypeFilingYear_Page/select_TaxType_ExistingLiability' 

2024-02-03 23:12:46 - [TEST_STEP][PASSED] - setText(findTestObject(orPath_TaxInfo + "/input_NoticeInvoiceNumber"), notInvNumber): Text '0000000000' is set on object 'Object Repository/RAD_Pages/TaxInfo_Page/input_NoticeInvoiceNumber'

2024-02-03 23:12:47 - [MESSAGE][PASSED] - Text '0000000000' is set on object 'Object Repository/RAD_Pages/TaxInfo_Page/input_NoticeInvoiceNumber'

2024-02-03 23:12:47 - [TEST_STEP][PASSED] - setText(findTestObject(orPath_TaxInfo + "/input_reTypeNoticeInvoiceNumber"), notInvNumber): Text '0000000000' is set on object 'Object Repository/RAD_Pages/TaxInfo_Page/input_reTypeNoticeInvoiceNumber'

2024-02-03 23:12:48 - [MESSAGE][PASSED] - Text '0000000000' is set on object 'Object Repository/RAD_Pages/TaxInfo_Page/input_reTypeNoticeInvoiceNumber'

2024-02-03 23:12:48 - [TEST_STEP][PASSED] - println(notInvNumber): null

2024-02-03 23:12:48 - [TEST_STEP][PASSED] - if (verifyTextPresent(errorMsg, true)): null

2024-02-03 23:12:48 - [MESSAGE][PASSED] - Text 'Invoice Number must be 10 or 13 digits in length, with a value greater than zero' is present on page  using regular expression

2024-02-03 23:12:48 - [TEST_STEP][PASSED] - println("Error Message is present on the page"): null

2024-02-03 23:12:48 - [TEST_STEP][PASSED] - out.println("Pass Record Number: " + row): null

2024-02-03 23:12:48 - [TEST_STEP][PASSED] - resText = "Pass": null

2024-02-03 23:12:48 - [TEST_STEP][PASSED] - pages.WriteExcel.demoKey(resText, datText, resColumn, datCloumn, fileLoc, nameSheet, row): pages.WriteExcel.demoKey is PASSED

2024-02-03 23:12:48 - [MESSAGE][PASSED] - pages.WriteExcel.demoKey is PASSED

2024-02-03 23:12:48 - [TEST_STEP][PASSED] - ExecuteTC = findTestData(dataFile).getValue("Execute", row): null

2024-02-03 23:12:49 - [TEST_STEP][PASSED] - Taxtype = findTestData(dataFile).getValue("TaxType", row): null

2024-02-03 23:12:49 - [TEST_STEP][PASSED] - TaxTypeEL = findTestData(dataFile).getValue("TaxTypeEL", row): null

2024-02-03 23:12:49 - [TEST_STEP][PASSED] - notInvNumber = findTestData(dataFile).getValue("NotiInvoNumber", row): null

2024-02-03 23:12:49 - [TEST_STEP][PASSED] - errorMsg = findTestData(dataFile).getValue("ErrorMessage", row): null

2024-02-03 23:12:49 - [TEST_STEP][PASSED] - out.println("Value of Execute is : " + ExecuteTC): null

2024-02-03 23:12:49 - [TEST_STEP][PASSED] - if (ExecuteTC.equalsIgnoreCase("Y")): null

2024-02-03 23:12:49 - [TEST_STEP][PASSED] - out.println("Begin Record Number: " + row): null

2024-02-03 23:12:49 - [TEST_STEP][PASSED] - today = new java.util.Date(): null

2024-02-03 23:12:49 - [TEST_STEP][PASSED] - println(today): null

2024-02-03 23:12:49 - [TEST_STEP][PASSED] - datText = today: null

2024-02-03 23:12:49 - [TEST_STEP][PASSED] - Taxtype = findTestData(dataFile).getValue("TaxType", row): null

2024-02-03 23:12:49 - [TEST_STEP][PASSED] - out.println("Taxtype value is : " + Taxtype): null

2024-02-03 23:12:49 - [TEST_STEP][PASSED] - openBrowser(""): Browser is opened with url: ''

2024-02-03 23:12:49 - [MESSAGE][WARNING] - A browser is already opened. Closing browser and opening a new one

2024-02-03 23:12:50 - [MESSAGE][INFO] - Starting 'Chrome' driver

2024-02-03 23:12:50 - [MESSAGE][INFO] - User set preference: ['acceptInsecureCerts', 'true']

2024-02-03 23:12:50 - [MESSAGE][INFO] - Action delay is set to 0 milliseconds

2024-02-03 23:12:52 - [MESSAGE][PASSED] - Browser is opened with url: ''

2024-02-03 23:12:52 - [TEST_STEP][PASSED] - maximizeWindow(): Current window maximized

2024-02-03 23:12:52 - [MESSAGE][PASSED] - Current window maximized

2024-02-03 23:12:52 - [TEST_STEP][PASSED] - navigateToUrl(RADurl): Navigate to 'https://qa2.velocitypayment.com/client/rad/index.html' successfully

2024-02-03 23:12:53 - [MESSAGE][PASSED] - Navigate to 'https://qa2.velocitypayment.com/client/rad/index.html' successfully

2024-02-03 23:12:53 - [TEST_STEP][PASSED] - orPath_Landing = "Object Repository/RAD_Pages/Landing_Page": null

2024-02-03 23:12:53 - [TEST_STEP][PASSED] - orPath_TaxTypeFilingYear = "Object Repository/RAD_Pages/TaxTypeFilingYear_Page": null

2024-02-03 23:12:53 - [TEST_STEP][PASSED] - orPath_TaxPayer = "Object Repository/RAD_Pages/Taxpayer_Page": null

2024-02-03 23:12:53 - [TEST_STEP][PASSED] - orPath_AddressContact = "Object Repository/RAD_Pages/AddressAndContactInfo_Page": null

2024-02-03 23:12:53 - [TEST_STEP][PASSED] - orPath_FilingStatus = "Object Repository/RAD_Pages/FilingStatus_Page": null

2024-02-03 23:12:53 - [TEST_STEP][PASSED] - orPath_Amount = "Object Repository/RAD_Pages/PaymentAmount_Page": null

2024-02-03 23:12:53 - [TEST_STEP][PASSED] - orPath_TaxInfo = "Object Repository/RAD_Pages/TaxInfo_Page": null

2024-02-03 23:12:53 - [TEST_STEP][PASSED] - orPath_Withholding = "Object Repository/RAD_Pages/Withholding_Page": null

2024-02-03 23:12:53 - [TEST_STEP][PASSED] - orPath_Summary = "Object Repository/RAD_Pages/Summary_Page": null

2024-02-03 23:12:53 - [TEST_STEP][PASSED] - orPath_PaymentReady = "Object Repository/RAD_Pages/PaymentReady_Page": null

2024-02-03 23:12:53 - [TEST_STEP][PASSED] - orPath_PaymentEntry = "Object Repository/RAD_Pages/PaymentEntry_Page": null

2024-02-03 23:12:53 - [TEST_STEP][PASSED] - orPath_PaymentConfirmation = "Object Repository/RAD_Pages/PaymentConfirmation_Page": null

2024-02-03 23:12:53 - [TEST_STEP][PASSED] - orPath_ServiceFeesAccept = "Object Repository/RAD_Pages/ServiceFeeAccept_Page": null

2024-02-03 23:12:53 - [TEST_STEP][PASSED] - selectOptionByLabel(findTestObject(orPath_Landing + "/dd_TaxType"), Taxtype, false): All options with label 'Existing Liability w/Notice Number' are selected in object 'Object Repository/RAD_Pages/Landing_Page/dd_TaxType' 

2024-02-03 23:12:54 - [MESSAGE][PASSED] - All options with label 'Existing Liability w/Notice Number' are selected in object 'Object Repository/RAD_Pages/Landing_Page/dd_TaxType' 

2024-02-03 23:12:54 - [TEST_STEP][PASSED] - delay(1): Delayed 1 second(s)

2024-02-03 23:12:55 - [MESSAGE][PASSED] - Delayed 1 second(s)

2024-02-03 23:12:55 - [TEST_STEP][PASSED] - selectOptionByLabel(findTestObject(orPath_TaxTypeFilingYear + "/select_TaxType_ExistingLiability"), TaxTypeEL, false): All options with label 'PTE Tax Electing Non-S Corp' are selected in object 'Object Repository/RAD_Pages/TaxTypeFilingYear_Page/select_TaxType_ExistingLiability' 

2024-02-03 23:12:56 - [MESSAGE][PASSED] - All options with label 'PTE Tax Electing Non-S Corp' are selected in object 'Object Repository/RAD_Pages/TaxTypeFilingYear_Page/select_TaxType_ExistingLiability' 

2024-02-03 23:12:56 - [TEST_STEP][PASSED] - setText(findTestObject(orPath_TaxInfo + "/input_NoticeInvoiceNumber"), notInvNumber): Text '0000000000000' is set on object 'Object Repository/RAD_Pages/TaxInfo_Page/input_NoticeInvoiceNumber'

2024-02-03 23:12:57 - [MESSAGE][PASSED] - Text '0000000000000' is set on object 'Object Repository/RAD_Pages/TaxInfo_Page/input_NoticeInvoiceNumber'

2024-02-03 23:12:57 - [TEST_STEP][PASSED] - setText(findTestObject(orPath_TaxInfo + "/input_reTypeNoticeInvoiceNumber"), notInvNumber): Text '0000000000000' is set on object 'Object Repository/RAD_Pages/TaxInfo_Page/input_reTypeNoticeInvoiceNumber'

2024-02-03 23:12:58 - [MESSAGE][PASSED] - Text '0000000000000' is set on object 'Object Repository/RAD_Pages/TaxInfo_Page/input_reTypeNoticeInvoiceNumber'

2024-02-03 23:12:58 - [TEST_STEP][PASSED] - println(notInvNumber): null

2024-02-03 23:12:58 - [TEST_STEP][PASSED] - if (verifyTextPresent(errorMsg, true)): null

2024-02-03 23:12:58 - [MESSAGE][PASSED] - Text 'Notice Number must be 13 digits in length, with a value greater than zero' is present on page  using regular expression

2024-02-03 23:12:58 - [TEST_STEP][PASSED] - println("Error Message is present on the page"): null

2024-02-03 23:12:58 - [TEST_STEP][PASSED] - out.println("Pass Record Number: " + row): null

2024-02-03 23:12:58 - [TEST_STEP][PASSED] - resText = "Pass": null

2024-02-03 23:12:58 - [TEST_STEP][PASSED] - pages.WriteExcel.demoKey(resText, datText, resColumn, datCloumn, fileLoc, nameSheet, row): pages.WriteExcel.demoKey is PASSED

2024-02-03 23:12:58 - [MESSAGE][PASSED] - pages.WriteExcel.demoKey is PASSED

2024-02-03 23:12:58 - [TEST_STEP][PASSED] - ExecuteTC = findTestData(dataFile).getValue("Execute", row): null

2024-02-03 23:12:58 - [TEST_STEP][PASSED] - Taxtype = findTestData(dataFile).getValue("TaxType", row): null

2024-02-03 23:12:58 - [TEST_STEP][PASSED] - TaxTypeEL = findTestData(dataFile).getValue("TaxTypeEL", row): null

2024-02-03 23:12:58 - [TEST_STEP][PASSED] - notInvNumber = findTestData(dataFile).getValue("NotiInvoNumber", row): null

2024-02-03 23:12:58 - [TEST_STEP][PASSED] - errorMsg = findTestData(dataFile).getValue("ErrorMessage", row): null

2024-02-03 23:12:58 - [TEST_STEP][PASSED] - out.println("Value of Execute is : " + ExecuteTC): null

2024-02-03 23:12:58 - [TEST_STEP][PASSED] - if (ExecuteTC.equalsIgnoreCase("Y")): null

2024-02-03 23:12:58 - [TEST_STEP][PASSED] - out.println("Begin Record Number: " + row): null

2024-02-03 23:12:58 - [TEST_STEP][PASSED] - today = new java.util.Date(): null

2024-02-03 23:12:58 - [TEST_STEP][PASSED] - println(today): null

2024-02-03 23:12:58 - [TEST_STEP][PASSED] - datText = today: null

2024-02-03 23:12:58 - [TEST_STEP][PASSED] - Taxtype = findTestData(dataFile).getValue("TaxType", row): null

2024-02-03 23:12:58 - [TEST_STEP][PASSED] - out.println("Taxtype value is : " + Taxtype): null

2024-02-03 23:12:58 - [TEST_STEP][PASSED] - openBrowser(""): Browser is opened with url: ''

2024-02-03 23:12:58 - [MESSAGE][WARNING] - A browser is already opened. Closing browser and opening a new one

2024-02-03 23:13:00 - [MESSAGE][INFO] - Starting 'Chrome' driver

2024-02-03 23:13:00 - [MESSAGE][INFO] - User set preference: ['acceptInsecureCerts', 'true']

2024-02-03 23:13:00 - [MESSAGE][INFO] - Action delay is set to 0 milliseconds

2024-02-03 23:13:01 - [MESSAGE][PASSED] - Browser is opened with url: ''

2024-02-03 23:13:01 - [TEST_STEP][PASSED] - maximizeWindow(): Current window maximized

2024-02-03 23:13:01 - [MESSAGE][PASSED] - Current window maximized

2024-02-03 23:13:01 - [TEST_STEP][PASSED] - navigateToUrl(RADurl): Navigate to 'https://qa2.velocitypayment.com/client/rad/index.html' successfully

2024-02-03 23:13:02 - [MESSAGE][PASSED] - Navigate to 'https://qa2.velocitypayment.com/client/rad/index.html' successfully

2024-02-03 23:13:02 - [TEST_STEP][PASSED] - orPath_Landing = "Object Repository/RAD_Pages/Landing_Page": null

2024-02-03 23:13:02 - [TEST_STEP][PASSED] - orPath_TaxTypeFilingYear = "Object Repository/RAD_Pages/TaxTypeFilingYear_Page": null

2024-02-03 23:13:02 - [TEST_STEP][PASSED] - orPath_TaxPayer = "Object Repository/RAD_Pages/Taxpayer_Page": null

2024-02-03 23:13:02 - [TEST_STEP][PASSED] - orPath_AddressContact = "Object Repository/RAD_Pages/AddressAndContactInfo_Page": null

2024-02-03 23:13:02 - [TEST_STEP][PASSED] - orPath_FilingStatus = "Object Repository/RAD_Pages/FilingStatus_Page": null

2024-02-03 23:13:02 - [TEST_STEP][PASSED] - orPath_Amount = "Object Repository/RAD_Pages/PaymentAmount_Page": null

2024-02-03 23:13:02 - [TEST_STEP][PASSED] - orPath_TaxInfo = "Object Repository/RAD_Pages/TaxInfo_Page": null

2024-02-03 23:13:02 - [TEST_STEP][PASSED] - orPath_Withholding = "Object Repository/RAD_Pages/Withholding_Page": null

2024-02-03 23:13:02 - [TEST_STEP][PASSED] - orPath_Summary = "Object Repository/RAD_Pages/Summary_Page": null

2024-02-03 23:13:02 - [TEST_STEP][PASSED] - orPath_PaymentReady = "Object Repository/RAD_Pages/PaymentReady_Page": null

2024-02-03 23:13:02 - [TEST_STEP][PASSED] - orPath_PaymentEntry = "Object Repository/RAD_Pages/PaymentEntry_Page": null

2024-02-03 23:13:02 - [TEST_STEP][PASSED] - orPath_PaymentConfirmation = "Object Repository/RAD_Pages/PaymentConfirmation_Page": null

2024-02-03 23:13:02 - [TEST_STEP][PASSED] - orPath_ServiceFeesAccept = "Object Repository/RAD_Pages/ServiceFeeAccept_Page": null

2024-02-03 23:13:02 - [TEST_STEP][PASSED] - selectOptionByLabel(findTestObject(orPath_Landing + "/dd_TaxType"), Taxtype, false): All options with label 'Existing Liability w/Notice Number' are selected in object 'Object Repository/RAD_Pages/Landing_Page/dd_TaxType' 

2024-02-03 23:13:04 - [MESSAGE][PASSED] - All options with label 'Existing Liability w/Notice Number' are selected in object 'Object Repository/RAD_Pages/Landing_Page/dd_TaxType' 

2024-02-03 23:13:04 - [TEST_STEP][PASSED] - delay(1): Delayed 1 second(s)

2024-02-03 23:13:05 - [MESSAGE][PASSED] - Delayed 1 second(s)

2024-02-03 23:13:05 - [TEST_STEP][PASSED] - selectOptionByLabel(findTestObject(orPath_TaxTypeFilingYear + "/select_TaxType_ExistingLiability"), TaxTypeEL, false): All options with label 'PTE Tax Electing S Corp' are selected in object 'Object Repository/RAD_Pages/TaxTypeFilingYear_Page/select_TaxType_ExistingLiability' 

2024-02-03 23:13:05 - [MESSAGE][PASSED] - All options with label 'PTE Tax Electing S Corp' are selected in object 'Object Repository/RAD_Pages/TaxTypeFilingYear_Page/select_TaxType_ExistingLiability' 

2024-02-03 23:13:05 - [TEST_STEP][PASSED] - setText(findTestObject(orPath_TaxInfo + "/input_NoticeInvoiceNumber"), notInvNumber): Text '0000000000000' is set on object 'Object Repository/RAD_Pages/TaxInfo_Page/input_NoticeInvoiceNumber'

2024-02-03 23:13:06 - [MESSAGE][PASSED] - Text '0000000000000' is set on object 'Object Repository/RAD_Pages/TaxInfo_Page/input_NoticeInvoiceNumber'

2024-02-03 23:13:06 - [TEST_STEP][PASSED] - setText(findTestObject(orPath_TaxInfo + "/input_reTypeNoticeInvoiceNumber"), notInvNumber): Text '0000000000000' is set on object 'Object Repository/RAD_Pages/TaxInfo_Page/input_reTypeNoticeInvoiceNumber'

2024-02-03 23:13:07 - [MESSAGE][PASSED] - Text '0000000000000' is set on object 'Object Repository/RAD_Pages/TaxInfo_Page/input_reTypeNoticeInvoiceNumber'

2024-02-03 23:13:07 - [TEST_STEP][PASSED] - println(notInvNumber): null

2024-02-03 23:13:07 - [TEST_STEP][PASSED] - if (verifyTextPresent(errorMsg, true)): null

2024-02-03 23:13:08 - [MESSAGE][PASSED] - Text 'Notice Number must be 13 digits in length, with a value greater than zero' is present on page  using regular expression

2024-02-03 23:13:08 - [TEST_STEP][PASSED] - println("Error Message is present on the page"): null

2024-02-03 23:13:08 - [TEST_STEP][PASSED] - out.println("Pass Record Number: " + row): null

2024-02-03 23:13:08 - [TEST_STEP][PASSED] - resText = "Pass": null

2024-02-03 23:13:08 - [TEST_STEP][PASSED] - pages.WriteExcel.demoKey(resText, datText, resColumn, datCloumn, fileLoc, nameSheet, row): pages.WriteExcel.demoKey is PASSED

2024-02-03 23:13:08 - [MESSAGE][PASSED] - pages.WriteExcel.demoKey is PASSED

2024-02-03 23:13:08 - [TEST_STEP][PASSED] - ExecuteTC = findTestData(dataFile).getValue("Execute", row): null

2024-02-03 23:13:08 - [TEST_STEP][PASSED] - Taxtype = findTestData(dataFile).getValue("TaxType", row): null

2024-02-03 23:13:08 - [TEST_STEP][PASSED] - TaxTypeEL = findTestData(dataFile).getValue("TaxTypeEL", row): null

2024-02-03 23:13:08 - [TEST_STEP][PASSED] - notInvNumber = findTestData(dataFile).getValue("NotiInvoNumber", row): null

2024-02-03 23:13:08 - [TEST_STEP][PASSED] - errorMsg = findTestData(dataFile).getValue("ErrorMessage", row): null

2024-02-03 23:13:08 - [TEST_STEP][PASSED] - out.println("Value of Execute is : " + ExecuteTC): null

2024-02-03 23:13:08 - [TEST_STEP][PASSED] - if (ExecuteTC.equalsIgnoreCase("Y")): null

2024-02-03 23:13:08 - [TEST_STEP][PASSED] - out.println("Begin Record Number: " + row): null

2024-02-03 23:13:08 - [TEST_STEP][PASSED] - today = new java.util.Date(): null

2024-02-03 23:13:08 - [TEST_STEP][PASSED] - println(today): null

2024-02-03 23:13:08 - [TEST_STEP][PASSED] - datText = today: null

2024-02-03 23:13:08 - [TEST_STEP][PASSED] - Taxtype = findTestData(dataFile).getValue("TaxType", row): null

2024-02-03 23:13:08 - [TEST_STEP][PASSED] - out.println("Taxtype value is : " + Taxtype): null

2024-02-03 23:13:08 - [TEST_STEP][PASSED] - openBrowser(""): Browser is opened with url: ''

2024-02-03 23:13:08 - [MESSAGE][WARNING] - A browser is already opened. Closing browser and opening a new one

2024-02-03 23:13:09 - [MESSAGE][INFO] - Starting 'Chrome' driver

2024-02-03 23:13:09 - [MESSAGE][INFO] - User set preference: ['acceptInsecureCerts', 'true']

2024-02-03 23:13:09 - [MESSAGE][INFO] - Action delay is set to 0 milliseconds

2024-02-03 23:13:11 - [MESSAGE][PASSED] - Browser is opened with url: ''

2024-02-03 23:13:11 - [TEST_STEP][PASSED] - maximizeWindow(): Current window maximized

2024-02-03 23:13:11 - [MESSAGE][PASSED] - Current window maximized

2024-02-03 23:13:11 - [TEST_STEP][PASSED] - navigateToUrl(RADurl): Navigate to 'https://qa2.velocitypayment.com/client/rad/index.html' successfully

2024-02-03 23:13:13 - [MESSAGE][PASSED] - Navigate to 'https://qa2.velocitypayment.com/client/rad/index.html' successfully

2024-02-03 23:13:13 - [TEST_STEP][PASSED] - orPath_Landing = "Object Repository/RAD_Pages/Landing_Page": null

2024-02-03 23:13:13 - [TEST_STEP][PASSED] - orPath_TaxTypeFilingYear = "Object Repository/RAD_Pages/TaxTypeFilingYear_Page": null

2024-02-03 23:13:13 - [TEST_STEP][PASSED] - orPath_TaxPayer = "Object Repository/RAD_Pages/Taxpayer_Page": null

2024-02-03 23:13:13 - [TEST_STEP][PASSED] - orPath_AddressContact = "Object Repository/RAD_Pages/AddressAndContactInfo_Page": null

2024-02-03 23:13:13 - [TEST_STEP][PASSED] - orPath_FilingStatus = "Object Repository/RAD_Pages/FilingStatus_Page": null

2024-02-03 23:13:13 - [TEST_STEP][PASSED] - orPath_Amount = "Object Repository/RAD_Pages/PaymentAmount_Page": null

2024-02-03 23:13:13 - [TEST_STEP][PASSED] - orPath_TaxInfo = "Object Repository/RAD_Pages/TaxInfo_Page": null

2024-02-03 23:13:13 - [TEST_STEP][PASSED] - orPath_Withholding = "Object Repository/RAD_Pages/Withholding_Page": null

2024-02-03 23:13:13 - [TEST_STEP][PASSED] - orPath_Summary = "Object Repository/RAD_Pages/Summary_Page": null

2024-02-03 23:13:13 - [TEST_STEP][PASSED] - orPath_PaymentReady = "Object Repository/RAD_Pages/PaymentReady_Page": null

2024-02-03 23:13:13 - [TEST_STEP][PASSED] - orPath_PaymentEntry = "Object Repository/RAD_Pages/PaymentEntry_Page": null

2024-02-03 23:13:13 - [TEST_STEP][PASSED] - orPath_PaymentConfirmation = "Object Repository/RAD_Pages/PaymentConfirmation_Page": null

2024-02-03 23:13:13 - [TEST_STEP][PASSED] - orPath_ServiceFeesAccept = "Object Repository/RAD_Pages/ServiceFeeAccept_Page": null

2024-02-03 23:13:13 - [TEST_STEP][PASSED] - selectOptionByLabel(findTestObject(orPath_Landing + "/dd_TaxType"), Taxtype, false): All options with label 'Existing Liability w/Notice Number' are selected in object 'Object Repository/RAD_Pages/Landing_Page/dd_TaxType' 

2024-02-03 23:13:14 - [MESSAGE][PASSED] - All options with label 'Existing Liability w/Notice Number' are selected in object 'Object Repository/RAD_Pages/Landing_Page/dd_TaxType' 

2024-02-03 23:13:14 - [TEST_STEP][PASSED] - delay(1): Delayed 1 second(s)

2024-02-03 23:13:15 - [MESSAGE][PASSED] - Delayed 1 second(s)

2024-02-03 23:13:15 - [TEST_STEP][PASSED] - selectOptionByLabel(findTestObject(orPath_TaxTypeFilingYear + "/select_TaxType_ExistingLiability"), TaxTypeEL, false): All options with label 'Admissions and Amusement Tax' are selected in object 'Object Repository/RAD_Pages/TaxTypeFilingYear_Page/select_TaxType_ExistingLiability' 

2024-02-03 23:13:15 - [MESSAGE][PASSED] - All options with label 'Admissions and Amusement Tax' are selected in object 'Object Repository/RAD_Pages/TaxTypeFilingYear_Page/select_TaxType_ExistingLiability' 

2024-02-03 23:13:15 - [TEST_STEP][PASSED] - setText(findTestObject(orPath_TaxInfo + "/input_NoticeInvoiceNumber"), notInvNumber): Text '123456789' is set on object 'Object Repository/RAD_Pages/TaxInfo_Page/input_NoticeInvoiceNumber'

2024-02-03 23:13:16 - [MESSAGE][PASSED] - Text '123456789' is set on object 'Object Repository/RAD_Pages/TaxInfo_Page/input_NoticeInvoiceNumber'

2024-02-03 23:13:16 - [TEST_STEP][PASSED] - setText(findTestObject(orPath_TaxInfo + "/input_reTypeNoticeInvoiceNumber"), notInvNumber): Text '123456789' is set on object 'Object Repository/RAD_Pages/TaxInfo_Page/input_reTypeNoticeInvoiceNumber'

2024-02-03 23:13:17 - [MESSAGE][PASSED] - Text '123456789' is set on object 'Object Repository/RAD_Pages/TaxInfo_Page/input_reTypeNoticeInvoiceNumber'

2024-02-03 23:13:17 - [TEST_STEP][PASSED] - println(notInvNumber): null

2024-02-03 23:13:17 - [TEST_STEP][PASSED] - if (verifyTextPresent(errorMsg, true)): null

2024-02-03 23:13:18 - [MESSAGE][PASSED] - Text 'Notice Number must be 13 digits in length, with a value greater than zero' is present on page  using regular expression

2024-02-03 23:13:18 - [TEST_STEP][PASSED] - println("Error Message is present on the page"): null

2024-02-03 23:13:18 - [TEST_STEP][PASSED] - out.println("Pass Record Number: " + row): null

2024-02-03 23:13:18 - [TEST_STEP][PASSED] - resText = "Pass": null

2024-02-03 23:13:18 - [TEST_STEP][PASSED] - pages.WriteExcel.demoKey(resText, datText, resColumn, datCloumn, fileLoc, nameSheet, row): pages.WriteExcel.demoKey is PASSED

2024-02-03 23:13:18 - [MESSAGE][PASSED] - pages.WriteExcel.demoKey is PASSED

2024-02-03 23:13:18 - [TEST_STEP][PASSED] - ExecuteTC = findTestData(dataFile).getValue("Execute", row): null

2024-02-03 23:13:18 - [TEST_STEP][PASSED] - Taxtype = findTestData(dataFile).getValue("TaxType", row): null

2024-02-03 23:13:18 - [TEST_STEP][PASSED] - TaxTypeEL = findTestData(dataFile).getValue("TaxTypeEL", row): null

2024-02-03 23:13:18 - [TEST_STEP][PASSED] - notInvNumber = findTestData(dataFile).getValue("NotiInvoNumber", row): null

2024-02-03 23:13:18 - [TEST_STEP][PASSED] - errorMsg = findTestData(dataFile).getValue("ErrorMessage", row): null

2024-02-03 23:13:18 - [TEST_STEP][PASSED] - out.println("Value of Execute is : " + ExecuteTC): null

2024-02-03 23:13:18 - [TEST_STEP][PASSED] - if (ExecuteTC.equalsIgnoreCase("Y")): null

2024-02-03 23:13:18 - [TEST_STEP][PASSED] - out.println("Begin Record Number: " + row): null

2024-02-03 23:13:18 - [TEST_STEP][PASSED] - today = new java.util.Date(): null

2024-02-03 23:13:18 - [TEST_STEP][PASSED] - println(today): null

2024-02-03 23:13:18 - [TEST_STEP][PASSED] - datText = today: null

2024-02-03 23:13:18 - [TEST_STEP][PASSED] - Taxtype = findTestData(dataFile).getValue("TaxType", row): null

2024-02-03 23:13:18 - [TEST_STEP][PASSED] - out.println("Taxtype value is : " + Taxtype): null

2024-02-03 23:13:18 - [TEST_STEP][PASSED] - openBrowser(""): Browser is opened with url: ''

2024-02-03 23:13:18 - [MESSAGE][WARNING] - A browser is already opened. Closing browser and opening a new one

2024-02-03 23:13:19 - [MESSAGE][INFO] - Starting 'Chrome' driver

2024-02-03 23:13:19 - [MESSAGE][INFO] - User set preference: ['acceptInsecureCerts', 'true']

2024-02-03 23:13:19 - [MESSAGE][INFO] - Action delay is set to 0 milliseconds

2024-02-03 23:13:21 - [MESSAGE][PASSED] - Browser is opened with url: ''

2024-02-03 23:13:21 - [TEST_STEP][PASSED] - maximizeWindow(): Current window maximized

2024-02-03 23:13:21 - [MESSAGE][PASSED] - Current window maximized

2024-02-03 23:13:21 - [TEST_STEP][PASSED] - navigateToUrl(RADurl): Navigate to 'https://qa2.velocitypayment.com/client/rad/index.html' successfully

2024-02-03 23:13:23 - [MESSAGE][PASSED] - Navigate to 'https://qa2.velocitypayment.com/client/rad/index.html' successfully

2024-02-03 23:13:23 - [TEST_STEP][PASSED] - orPath_Landing = "Object Repository/RAD_Pages/Landing_Page": null

2024-02-03 23:13:23 - [TEST_STEP][PASSED] - orPath_TaxTypeFilingYear = "Object Repository/RAD_Pages/TaxTypeFilingYear_Page": null

2024-02-03 23:13:23 - [TEST_STEP][PASSED] - orPath_TaxPayer = "Object Repository/RAD_Pages/Taxpayer_Page": null

2024-02-03 23:13:23 - [TEST_STEP][PASSED] - orPath_AddressContact = "Object Repository/RAD_Pages/AddressAndContactInfo_Page": null

2024-02-03 23:13:23 - [TEST_STEP][PASSED] - orPath_FilingStatus = "Object Repository/RAD_Pages/FilingStatus_Page": null

2024-02-03 23:13:23 - [TEST_STEP][PASSED] - orPath_Amount = "Object Repository/RAD_Pages/PaymentAmount_Page": null

2024-02-03 23:13:23 - [TEST_STEP][PASSED] - orPath_TaxInfo = "Object Repository/RAD_Pages/TaxInfo_Page": null

2024-02-03 23:13:23 - [TEST_STEP][PASSED] - orPath_Withholding = "Object Repository/RAD_Pages/Withholding_Page": null

2024-02-03 23:13:23 - [TEST_STEP][PASSED] - orPath_Summary = "Object Repository/RAD_Pages/Summary_Page": null

2024-02-03 23:13:23 - [TEST_STEP][PASSED] - orPath_PaymentReady = "Object Repository/RAD_Pages/PaymentReady_Page": null

2024-02-03 23:13:23 - [TEST_STEP][PASSED] - orPath_PaymentEntry = "Object Repository/RAD_Pages/PaymentEntry_Page": null

2024-02-03 23:13:23 - [TEST_STEP][PASSED] - orPath_PaymentConfirmation = "Object Repository/RAD_Pages/PaymentConfirmation_Page": null

2024-02-03 23:13:23 - [TEST_STEP][PASSED] - orPath_ServiceFeesAccept = "Object Repository/RAD_Pages/ServiceFeeAccept_Page": null

2024-02-03 23:13:23 - [TEST_STEP][PASSED] - selectOptionByLabel(findTestObject(orPath_Landing + "/dd_TaxType"), Taxtype, false): All options with label 'Existing Liability w/Notice Number' are selected in object 'Object Repository/RAD_Pages/Landing_Page/dd_TaxType' 

2024-02-03 23:13:24 - [MESSAGE][PASSED] - All options with label 'Existing Liability w/Notice Number' are selected in object 'Object Repository/RAD_Pages/Landing_Page/dd_TaxType' 

2024-02-03 23:13:24 - [TEST_STEP][PASSED] - delay(1): Delayed 1 second(s)

2024-02-03 23:13:25 - [MESSAGE][PASSED] - Delayed 1 second(s)

2024-02-03 23:13:25 - [TEST_STEP][PASSED] - selectOptionByLabel(findTestObject(orPath_TaxTypeFilingYear + "/select_TaxType_ExistingLiability"), TaxTypeEL, false): All options with label 'Estate Tax' are selected in object 'Object Repository/RAD_Pages/TaxTypeFilingYear_Page/select_TaxType_ExistingLiability' 

2024-02-03 23:13:25 - [MESSAGE][PASSED] - All options with label 'Estate Tax' are selected in object 'Object Repository/RAD_Pages/TaxTypeFilingYear_Page/select_TaxType_ExistingLiability' 

2024-02-03 23:13:25 - [TEST_STEP][PASSED] - setText(findTestObject(orPath_TaxInfo + "/input_NoticeInvoiceNumber"), notInvNumber): Text '123456789' is set on object 'Object Repository/RAD_Pages/TaxInfo_Page/input_NoticeInvoiceNumber'

2024-02-03 23:13:26 - [MESSAGE][PASSED] - Text '123456789' is set on object 'Object Repository/RAD_Pages/TaxInfo_Page/input_NoticeInvoiceNumber'

2024-02-03 23:13:26 - [TEST_STEP][PASSED] - setText(findTestObject(orPath_TaxInfo + "/input_reTypeNoticeInvoiceNumber"), notInvNumber): Text '123456789' is set on object 'Object Repository/RAD_Pages/TaxInfo_Page/input_reTypeNoticeInvoiceNumber'

2024-02-03 23:13:27 - [MESSAGE][PASSED] - Text '123456789' is set on object 'Object Repository/RAD_Pages/TaxInfo_Page/input_reTypeNoticeInvoiceNumber'

2024-02-03 23:13:27 - [TEST_STEP][PASSED] - println(notInvNumber): null

2024-02-03 23:13:27 - [TEST_STEP][PASSED] - if (verifyTextPresent(errorMsg, true)): null

2024-02-03 23:13:28 - [MESSAGE][PASSED] - Text 'Notice Number must be 13 digits in length, with a value greater than zero' is present on page  using regular expression

2024-02-03 23:13:28 - [TEST_STEP][PASSED] - println("Error Message is present on the page"): null

2024-02-03 23:13:28 - [TEST_STEP][PASSED] - out.println("Pass Record Number: " + row): null

2024-02-03 23:13:28 - [TEST_STEP][PASSED] - resText = "Pass": null

2024-02-03 23:13:28 - [TEST_STEP][PASSED] - pages.WriteExcel.demoKey(resText, datText, resColumn, datCloumn, fileLoc, nameSheet, row): pages.WriteExcel.demoKey is PASSED

2024-02-03 23:13:28 - [MESSAGE][PASSED] - pages.WriteExcel.demoKey is PASSED

2024-02-03 23:13:28 - [TEST_STEP][PASSED] - ExecuteTC = findTestData(dataFile).getValue("Execute", row): null

2024-02-03 23:13:28 - [TEST_STEP][PASSED] - Taxtype = findTestData(dataFile).getValue("TaxType", row): null

2024-02-03 23:13:28 - [TEST_STEP][PASSED] - TaxTypeEL = findTestData(dataFile).getValue("TaxTypeEL", row): null

2024-02-03 23:13:28 - [TEST_STEP][PASSED] - notInvNumber = findTestData(dataFile).getValue("NotiInvoNumber", row): null

2024-02-03 23:13:28 - [TEST_STEP][PASSED] - errorMsg = findTestData(dataFile).getValue("ErrorMessage", row): null

2024-02-03 23:13:28 - [TEST_STEP][PASSED] - out.println("Value of Execute is : " + ExecuteTC): null

2024-02-03 23:13:28 - [TEST_STEP][PASSED] - if (ExecuteTC.equalsIgnoreCase("Y")): null

2024-02-03 23:13:28 - [TEST_STEP][PASSED] - out.println("Begin Record Number: " + row): null

2024-02-03 23:13:28 - [TEST_STEP][PASSED] - today = new java.util.Date(): null

2024-02-03 23:13:28 - [TEST_STEP][PASSED] - println(today): null

2024-02-03 23:13:28 - [TEST_STEP][PASSED] - datText = today: null

2024-02-03 23:13:28 - [TEST_STEP][PASSED] - Taxtype = findTestData(dataFile).getValue("TaxType", row): null

2024-02-03 23:13:28 - [TEST_STEP][PASSED] - out.println("Taxtype value is : " + Taxtype): null

2024-02-03 23:13:28 - [TEST_STEP][PASSED] - openBrowser(""): Browser is opened with url: ''

2024-02-03 23:13:28 - [MESSAGE][WARNING] - A browser is already opened. Closing browser and opening a new one

2024-02-03 23:13:29 - [MESSAGE][INFO] - Starting 'Chrome' driver

2024-02-03 23:13:29 - [MESSAGE][INFO] - User set preference: ['acceptInsecureCerts', 'true']

2024-02-03 23:13:29 - [MESSAGE][INFO] - Action delay is set to 0 milliseconds

2024-02-03 23:13:31 - [MESSAGE][PASSED] - Browser is opened with url: ''

2024-02-03 23:13:31 - [TEST_STEP][PASSED] - maximizeWindow(): Current window maximized

2024-02-03 23:13:31 - [MESSAGE][PASSED] - Current window maximized

2024-02-03 23:13:31 - [TEST_STEP][PASSED] - navigateToUrl(RADurl): Navigate to 'https://qa2.velocitypayment.com/client/rad/index.html' successfully

2024-02-03 23:13:33 - [MESSAGE][PASSED] - Navigate to 'https://qa2.velocitypayment.com/client/rad/index.html' successfully

2024-02-03 23:13:33 - [TEST_STEP][PASSED] - orPath_Landing = "Object Repository/RAD_Pages/Landing_Page": null

2024-02-03 23:13:33 - [TEST_STEP][PASSED] - orPath_TaxTypeFilingYear = "Object Repository/RAD_Pages/TaxTypeFilingYear_Page": null

2024-02-03 23:13:33 - [TEST_STEP][PASSED] - orPath_TaxPayer = "Object Repository/RAD_Pages/Taxpayer_Page": null

2024-02-03 23:13:33 - [TEST_STEP][PASSED] - orPath_AddressContact = "Object Repository/RAD_Pages/AddressAndContactInfo_Page": null

2024-02-03 23:13:33 - [TEST_STEP][PASSED] - orPath_FilingStatus = "Object Repository/RAD_Pages/FilingStatus_Page": null

2024-02-03 23:13:33 - [TEST_STEP][PASSED] - orPath_Amount = "Object Repository/RAD_Pages/PaymentAmount_Page": null

2024-02-03 23:13:33 - [TEST_STEP][PASSED] - orPath_TaxInfo = "Object Repository/RAD_Pages/TaxInfo_Page": null

2024-02-03 23:13:33 - [TEST_STEP][PASSED] - orPath_Withholding = "Object Repository/RAD_Pages/Withholding_Page": null

2024-02-03 23:13:33 - [TEST_STEP][PASSED] - orPath_Summary = "Object Repository/RAD_Pages/Summary_Page": null

2024-02-03 23:13:33 - [TEST_STEP][PASSED] - orPath_PaymentReady = "Object Repository/RAD_Pages/PaymentReady_Page": null

2024-02-03 23:13:33 - [TEST_STEP][PASSED] - orPath_PaymentEntry = "Object Repository/RAD_Pages/PaymentEntry_Page": null

2024-02-03 23:13:33 - [TEST_STEP][PASSED] - orPath_PaymentConfirmation = "Object Repository/RAD_Pages/PaymentConfirmation_Page": null

2024-02-03 23:13:33 - [TEST_STEP][PASSED] - orPath_ServiceFeesAccept = "Object Repository/RAD_Pages/ServiceFeeAccept_Page": null

2024-02-03 23:13:33 - [TEST_STEP][PASSED] - selectOptionByLabel(findTestObject(orPath_Landing + "/dd_TaxType"), Taxtype, false): All options with label 'Existing Liability w/Notice Number' are selected in object 'Object Repository/RAD_Pages/Landing_Page/dd_TaxType' 

2024-02-03 23:13:34 - [MESSAGE][PASSED] - All options with label 'Existing Liability w/Notice Number' are selected in object 'Object Repository/RAD_Pages/Landing_Page/dd_TaxType' 

2024-02-03 23:13:34 - [TEST_STEP][PASSED] - delay(1): Delayed 1 second(s)

2024-02-03 23:13:35 - [MESSAGE][PASSED] - Delayed 1 second(s)

2024-02-03 23:13:35 - [TEST_STEP][PASSED] - selectOptionByLabel(findTestObject(orPath_TaxTypeFilingYear + "/select_TaxType_ExistingLiability"), TaxTypeEL, false): All options with label 'Motor Fuel Tax' are selected in object 'Object Repository/RAD_Pages/TaxTypeFilingYear_Page/select_TaxType_ExistingLiability' 

2024-02-03 23:13:35 - [MESSAGE][PASSED] - All options with label 'Motor Fuel Tax' are selected in object 'Object Repository/RAD_Pages/TaxTypeFilingYear_Page/select_TaxType_ExistingLiability' 

2024-02-03 23:13:35 - [TEST_STEP][PASSED] - setText(findTestObject(orPath_TaxInfo + "/input_NoticeInvoiceNumber"), notInvNumber): Text '123456789' is set on object 'Object Repository/RAD_Pages/TaxInfo_Page/input_NoticeInvoiceNumber'

2024-02-03 23:13:36 - [MESSAGE][PASSED] - Text '123456789' is set on object 'Object Repository/RAD_Pages/TaxInfo_Page/input_NoticeInvoiceNumber'

2024-02-03 23:13:36 - [TEST_STEP][PASSED] - setText(findTestObject(orPath_TaxInfo + "/input_reTypeNoticeInvoiceNumber"), notInvNumber): Text '123456789' is set on object 'Object Repository/RAD_Pages/TaxInfo_Page/input_reTypeNoticeInvoiceNumber'

2024-02-03 23:13:37 - [MESSAGE][PASSED] - Text '123456789' is set on object 'Object Repository/RAD_Pages/TaxInfo_Page/input_reTypeNoticeInvoiceNumber'

2024-02-03 23:13:37 - [TEST_STEP][PASSED] - println(notInvNumber): null

2024-02-03 23:13:37 - [TEST_STEP][PASSED] - if (verifyTextPresent(errorMsg, true)): null

2024-02-03 23:13:38 - [MESSAGE][PASSED] - Text 'Notice Number must be 13 digits in length, with a value greater than zero' is present on page  using regular expression

2024-02-03 23:13:38 - [TEST_STEP][PASSED] - println("Error Message is present on the page"): null

2024-02-03 23:13:38 - [TEST_STEP][PASSED] - out.println("Pass Record Number: " + row): null

2024-02-03 23:13:38 - [TEST_STEP][PASSED] - resText = "Pass": null

2024-02-03 23:13:38 - [TEST_STEP][PASSED] - pages.WriteExcel.demoKey(resText, datText, resColumn, datCloumn, fileLoc, nameSheet, row): pages.WriteExcel.demoKey is PASSED

2024-02-03 23:13:38 - [MESSAGE][PASSED] - pages.WriteExcel.demoKey is PASSED

2024-02-03 23:13:38 - [TEST_STEP][PASSED] - ExecuteTC = findTestData(dataFile).getValue("Execute", row): null

2024-02-03 23:13:38 - [TEST_STEP][PASSED] - Taxtype = findTestData(dataFile).getValue("TaxType", row): null

2024-02-03 23:13:38 - [TEST_STEP][PASSED] - TaxTypeEL = findTestData(dataFile).getValue("TaxTypeEL", row): null

2024-02-03 23:13:38 - [TEST_STEP][PASSED] - notInvNumber = findTestData(dataFile).getValue("NotiInvoNumber", row): null

2024-02-03 23:13:38 - [TEST_STEP][PASSED] - errorMsg = findTestData(dataFile).getValue("ErrorMessage", row): null

2024-02-03 23:13:38 - [TEST_STEP][PASSED] - out.println("Value of Execute is : " + ExecuteTC): null

2024-02-03 23:13:38 - [TEST_STEP][PASSED] - if (ExecuteTC.equalsIgnoreCase("Y")): null

2024-02-03 23:13:38 - [TEST_STEP][PASSED] - out.println("Begin Record Number: " + row): null

2024-02-03 23:13:38 - [TEST_STEP][PASSED] - today = new java.util.Date(): null

2024-02-03 23:13:38 - [TEST_STEP][PASSED] - println(today): null

2024-02-03 23:13:38 - [TEST_STEP][PASSED] - datText = today: null

2024-02-03 23:13:38 - [TEST_STEP][PASSED] - Taxtype = findTestData(dataFile).getValue("TaxType", row): null

2024-02-03 23:13:38 - [TEST_STEP][PASSED] - out.println("Taxtype value is : " + Taxtype): null

2024-02-03 23:13:38 - [TEST_STEP][PASSED] - openBrowser(""): Browser is opened with url: ''

2024-02-03 23:13:38 - [MESSAGE][WARNING] - A browser is already opened. Closing browser and opening a new one

2024-02-03 23:13:39 - [MESSAGE][INFO] - Starting 'Chrome' driver

2024-02-03 23:13:39 - [MESSAGE][INFO] - User set preference: ['acceptInsecureCerts', 'true']

2024-02-03 23:13:39 - [MESSAGE][INFO] - Action delay is set to 0 milliseconds

2024-02-03 23:13:41 - [MESSAGE][PASSED] - Browser is opened with url: ''

2024-02-03 23:13:41 - [TEST_STEP][PASSED] - maximizeWindow(): Current window maximized

2024-02-03 23:13:41 - [MESSAGE][PASSED] - Current window maximized

2024-02-03 23:13:41 - [TEST_STEP][PASSED] - navigateToUrl(RADurl): Navigate to 'https://qa2.velocitypayment.com/client/rad/index.html' successfully

2024-02-03 23:13:43 - [MESSAGE][PASSED] - Navigate to 'https://qa2.velocitypayment.com/client/rad/index.html' successfully

2024-02-03 23:13:43 - [TEST_STEP][PASSED] - orPath_Landing = "Object Repository/RAD_Pages/Landing_Page": null

2024-02-03 23:13:43 - [TEST_STEP][PASSED] - orPath_TaxTypeFilingYear = "Object Repository/RAD_Pages/TaxTypeFilingYear_Page": null

2024-02-03 23:13:43 - [TEST_STEP][PASSED] - orPath_TaxPayer = "Object Repository/RAD_Pages/Taxpayer_Page": null

2024-02-03 23:13:43 - [TEST_STEP][PASSED] - orPath_AddressContact = "Object Repository/RAD_Pages/AddressAndContactInfo_Page": null

2024-02-03 23:13:43 - [TEST_STEP][PASSED] - orPath_FilingStatus = "Object Repository/RAD_Pages/FilingStatus_Page": null

2024-02-03 23:13:43 - [TEST_STEP][PASSED] - orPath_Amount = "Object Repository/RAD_Pages/PaymentAmount_Page": null

2024-02-03 23:13:43 - [TEST_STEP][PASSED] - orPath_TaxInfo = "Object Repository/RAD_Pages/TaxInfo_Page": null

2024-02-03 23:13:43 - [TEST_STEP][PASSED] - orPath_Withholding = "Object Repository/RAD_Pages/Withholding_Page": null

2024-02-03 23:13:43 - [TEST_STEP][PASSED] - orPath_Summary = "Object Repository/RAD_Pages/Summary_Page": null

2024-02-03 23:13:43 - [TEST_STEP][PASSED] - orPath_PaymentReady = "Object Repository/RAD_Pages/PaymentReady_Page": null

2024-02-03 23:13:43 - [TEST_STEP][PASSED] - orPath_PaymentEntry = "Object Repository/RAD_Pages/PaymentEntry_Page": null

2024-02-03 23:13:43 - [TEST_STEP][PASSED] - orPath_PaymentConfirmation = "Object Repository/RAD_Pages/PaymentConfirmation_Page": null

2024-02-03 23:13:43 - [TEST_STEP][PASSED] - orPath_ServiceFeesAccept = "Object Repository/RAD_Pages/ServiceFeeAccept_Page": null

2024-02-03 23:13:43 - [TEST_STEP][PASSED] - selectOptionByLabel(findTestObject(orPath_Landing + "/dd_TaxType"), Taxtype, false): All options with label 'Existing Liability w/Notice Number' are selected in object 'Object Repository/RAD_Pages/Landing_Page/dd_TaxType' 

2024-02-03 23:13:43 - [MESSAGE][PASSED] - All options with label 'Existing Liability w/Notice Number' are selected in object 'Object Repository/RAD_Pages/Landing_Page/dd_TaxType' 

2024-02-03 23:13:43 - [TEST_STEP][PASSED] - delay(1): Delayed 1 second(s)

2024-02-03 23:13:44 - [MESSAGE][PASSED] - Delayed 1 second(s)

2024-02-03 23:13:44 - [TEST_STEP][PASSED] - selectOptionByLabel(findTestObject(orPath_TaxTypeFilingYear + "/select_TaxType_ExistingLiability"), TaxTypeEL, false): All options with label 'Slots License Fee' are selected in object 'Object Repository/RAD_Pages/TaxTypeFilingYear_Page/select_TaxType_ExistingLiability' 

2024-02-03 23:13:45 - [MESSAGE][PASSED] - All options with label 'Slots License Fee' are selected in object 'Object Repository/RAD_Pages/TaxTypeFilingYear_Page/select_TaxType_ExistingLiability' 

2024-02-03 23:13:45 - [TEST_STEP][PASSED] - setText(findTestObject(orPath_TaxInfo + "/input_NoticeInvoiceNumber"), notInvNumber): Text '123456789' is set on object 'Object Repository/RAD_Pages/TaxInfo_Page/input_NoticeInvoiceNumber'

2024-02-03 23:13:46 - [MESSAGE][PASSED] - Text '123456789' is set on object 'Object Repository/RAD_Pages/TaxInfo_Page/input_NoticeInvoiceNumber'

2024-02-03 23:13:46 - [TEST_STEP][PASSED] - setText(findTestObject(orPath_TaxInfo + "/input_reTypeNoticeInvoiceNumber"), notInvNumber): Text '123456789' is set on object 'Object Repository/RAD_Pages/TaxInfo_Page/input_reTypeNoticeInvoiceNumber'

2024-02-03 23:13:47 - [MESSAGE][PASSED] - Text '123456789' is set on object 'Object Repository/RAD_Pages/TaxInfo_Page/input_reTypeNoticeInvoiceNumber'

2024-02-03 23:13:47 - [TEST_STEP][PASSED] - println(notInvNumber): null

2024-02-03 23:13:47 - [TEST_STEP][PASSED] - if (verifyTextPresent(errorMsg, true)): null

2024-02-03 23:13:47 - [MESSAGE][PASSED] - Text 'Notice Number must be 13 digits in length, with a value greater than zero' is present on page  using regular expression

2024-02-03 23:13:47 - [TEST_STEP][PASSED] - println("Error Message is present on the page"): null

2024-02-03 23:13:47 - [TEST_STEP][PASSED] - out.println("Pass Record Number: " + row): null

2024-02-03 23:13:47 - [TEST_STEP][PASSED] - resText = "Pass": null

2024-02-03 23:13:47 - [TEST_STEP][PASSED] - pages.WriteExcel.demoKey(resText, datText, resColumn, datCloumn, fileLoc, nameSheet, row): pages.WriteExcel.demoKey is PASSED

2024-02-03 23:13:47 - [MESSAGE][PASSED] - pages.WriteExcel.demoKey is PASSED

2024-02-03 23:13:47 - [TEST_STEP][PASSED] - ExecuteTC = findTestData(dataFile).getValue("Execute", row): null

2024-02-03 23:13:47 - [TEST_STEP][PASSED] - Taxtype = findTestData(dataFile).getValue("TaxType", row): null

2024-02-03 23:13:47 - [TEST_STEP][PASSED] - TaxTypeEL = findTestData(dataFile).getValue("TaxTypeEL", row): null

2024-02-03 23:13:47 - [TEST_STEP][PASSED] - notInvNumber = findTestData(dataFile).getValue("NotiInvoNumber", row): null

2024-02-03 23:13:47 - [TEST_STEP][PASSED] - errorMsg = findTestData(dataFile).getValue("ErrorMessage", row): null

2024-02-03 23:13:48 - [TEST_STEP][PASSED] - out.println("Value of Execute is : " + ExecuteTC): null

2024-02-03 23:13:48 - [TEST_STEP][PASSED] - if (ExecuteTC.equalsIgnoreCase("Y")): null

2024-02-03 23:13:48 - [TEST_STEP][PASSED] - out.println("Begin Record Number: " + row): null

2024-02-03 23:13:48 - [TEST_STEP][PASSED] - today = new java.util.Date(): null

2024-02-03 23:13:48 - [TEST_STEP][PASSED] - println(today): null

2024-02-03 23:13:48 - [TEST_STEP][PASSED] - datText = today: null

2024-02-03 23:13:48 - [TEST_STEP][PASSED] - Taxtype = findTestData(dataFile).getValue("TaxType", row): null

2024-02-03 23:13:48 - [TEST_STEP][PASSED] - out.println("Taxtype value is : " + Taxtype): null

2024-02-03 23:13:48 - [TEST_STEP][PASSED] - openBrowser(""): Browser is opened with url: ''

2024-02-03 23:13:48 - [MESSAGE][WARNING] - A browser is already opened. Closing browser and opening a new one

2024-02-03 23:13:49 - [MESSAGE][INFO] - Starting 'Chrome' driver

2024-02-03 23:13:49 - [MESSAGE][INFO] - User set preference: ['acceptInsecureCerts', 'true']

2024-02-03 23:13:49 - [MESSAGE][INFO] - Action delay is set to 0 milliseconds

2024-02-03 23:13:50 - [MESSAGE][PASSED] - Browser is opened with url: ''

2024-02-03 23:13:50 - [TEST_STEP][PASSED] - maximizeWindow(): Current window maximized

2024-02-03 23:13:51 - [MESSAGE][PASSED] - Current window maximized

2024-02-03 23:13:51 - [TEST_STEP][PASSED] - navigateToUrl(RADurl): Navigate to 'https://qa2.velocitypayment.com/client/rad/index.html' successfully

2024-02-03 23:13:53 - [MESSAGE][PASSED] - Navigate to 'https://qa2.velocitypayment.com/client/rad/index.html' successfully

2024-02-03 23:13:53 - [TEST_STEP][PASSED] - orPath_Landing = "Object Repository/RAD_Pages/Landing_Page": null

2024-02-03 23:13:53 - [TEST_STEP][PASSED] - orPath_TaxTypeFilingYear = "Object Repository/RAD_Pages/TaxTypeFilingYear_Page": null

2024-02-03 23:13:53 - [TEST_STEP][PASSED] - orPath_TaxPayer = "Object Repository/RAD_Pages/Taxpayer_Page": null

2024-02-03 23:13:53 - [TEST_STEP][PASSED] - orPath_AddressContact = "Object Repository/RAD_Pages/AddressAndContactInfo_Page": null

2024-02-03 23:13:53 - [TEST_STEP][PASSED] - orPath_FilingStatus = "Object Repository/RAD_Pages/FilingStatus_Page": null

2024-02-03 23:13:53 - [TEST_STEP][PASSED] - orPath_Amount = "Object Repository/RAD_Pages/PaymentAmount_Page": null

2024-02-03 23:13:53 - [TEST_STEP][PASSED] - orPath_TaxInfo = "Object Repository/RAD_Pages/TaxInfo_Page": null

2024-02-03 23:13:53 - [TEST_STEP][PASSED] - orPath_Withholding = "Object Repository/RAD_Pages/Withholding_Page": null

2024-02-03 23:13:53 - [TEST_STEP][PASSED] - orPath_Summary = "Object Repository/RAD_Pages/Summary_Page": null

2024-02-03 23:13:53 - [TEST_STEP][PASSED] - orPath_PaymentReady = "Object Repository/RAD_Pages/PaymentReady_Page": null

2024-02-03 23:13:53 - [TEST_STEP][PASSED] - orPath_PaymentEntry = "Object Repository/RAD_Pages/PaymentEntry_Page": null

2024-02-03 23:13:53 - [TEST_STEP][PASSED] - orPath_PaymentConfirmation = "Object Repository/RAD_Pages/PaymentConfirmation_Page": null

2024-02-03 23:13:53 - [TEST_STEP][PASSED] - orPath_ServiceFeesAccept = "Object Repository/RAD_Pages/ServiceFeeAccept_Page": null

2024-02-03 23:13:53 - [TEST_STEP][PASSED] - selectOptionByLabel(findTestObject(orPath_Landing + "/dd_TaxType"), Taxtype, false): All options with label 'Existing Liability w/Notice Number' are selected in object 'Object Repository/RAD_Pages/Landing_Page/dd_TaxType' 

2024-02-03 23:13:53 - [MESSAGE][PASSED] - All options with label 'Existing Liability w/Notice Number' are selected in object 'Object Repository/RAD_Pages/Landing_Page/dd_TaxType' 

2024-02-03 23:13:53 - [TEST_STEP][PASSED] - delay(1): Delayed 1 second(s)

2024-02-03 23:13:54 - [MESSAGE][PASSED] - Delayed 1 second(s)

2024-02-03 23:13:54 - [TEST_STEP][PASSED] - selectOptionByLabel(findTestObject(orPath_TaxTypeFilingYear + "/select_TaxType_ExistingLiability"), TaxTypeEL, false): All options with label 'Tobacco Tax' are selected in object 'Object Repository/RAD_Pages/TaxTypeFilingYear_Page/select_TaxType_ExistingLiability' 

2024-02-03 23:13:55 - [MESSAGE][PASSED] - All options with label 'Tobacco Tax' are selected in object 'Object Repository/RAD_Pages/TaxTypeFilingYear_Page/select_TaxType_ExistingLiability' 

2024-02-03 23:13:55 - [TEST_STEP][PASSED] - setText(findTestObject(orPath_TaxInfo + "/input_NoticeInvoiceNumber"), notInvNumber): Text '123456789' is set on object 'Object Repository/RAD_Pages/TaxInfo_Page/input_NoticeInvoiceNumber'

2024-02-03 23:13:56 - [MESSAGE][PASSED] - Text '123456789' is set on object 'Object Repository/RAD_Pages/TaxInfo_Page/input_NoticeInvoiceNumber'

2024-02-03 23:13:56 - [TEST_STEP][PASSED] - setText(findTestObject(orPath_TaxInfo + "/input_reTypeNoticeInvoiceNumber"), notInvNumber): Text '123456789' is set on object 'Object Repository/RAD_Pages/TaxInfo_Page/input_reTypeNoticeInvoiceNumber'

2024-02-03 23:13:57 - [MESSAGE][PASSED] - Text '123456789' is set on object 'Object Repository/RAD_Pages/TaxInfo_Page/input_reTypeNoticeInvoiceNumber'

2024-02-03 23:13:57 - [TEST_STEP][PASSED] - println(notInvNumber): null

2024-02-03 23:13:57 - [TEST_STEP][PASSED] - if (verifyTextPresent(errorMsg, true)): null

2024-02-03 23:13:57 - [MESSAGE][PASSED] - Text 'Notice Number must be 13 digits in length, with a value greater than zero' is present on page  using regular expression

2024-02-03 23:13:57 - [TEST_STEP][PASSED] - println("Error Message is present on the page"): null

2024-02-03 23:13:57 - [TEST_STEP][PASSED] - out.println("Pass Record Number: " + row): null

2024-02-03 23:13:57 - [TEST_STEP][PASSED] - resText = "Pass": null

2024-02-03 23:13:57 - [TEST_STEP][PASSED] - pages.WriteExcel.demoKey(resText, datText, resColumn, datCloumn, fileLoc, nameSheet, row): pages.WriteExcel.demoKey is PASSED

2024-02-03 23:13:57 - [MESSAGE][PASSED] - pages.WriteExcel.demoKey is PASSED

2024-02-03 23:13:57 - [TEST_STEP][PASSED] - ExecuteTC = findTestData(dataFile).getValue("Execute", row): null

2024-02-03 23:13:57 - [TEST_STEP][PASSED] - Taxtype = findTestData(dataFile).getValue("TaxType", row): null

2024-02-03 23:13:57 - [TEST_STEP][PASSED] - TaxTypeEL = findTestData(dataFile).getValue("TaxTypeEL", row): null

2024-02-03 23:13:57 - [TEST_STEP][PASSED] - notInvNumber = findTestData(dataFile).getValue("NotiInvoNumber", row): null

2024-02-03 23:13:57 - [TEST_STEP][PASSED] - errorMsg = findTestData(dataFile).getValue("ErrorMessage", row): null

2024-02-03 23:13:58 - [TEST_STEP][PASSED] - out.println("Value of Execute is : " + ExecuteTC): null

2024-02-03 23:13:58 - [TEST_STEP][PASSED] - if (ExecuteTC.equalsIgnoreCase("Y")): null

2024-02-03 23:13:58 - [TEST_STEP][PASSED] - out.println("Begin Record Number: " + row): null

2024-02-03 23:13:58 - [TEST_STEP][PASSED] - today = new java.util.Date(): null

2024-02-03 23:13:58 - [TEST_STEP][PASSED] - println(today): null

2024-02-03 23:13:58 - [TEST_STEP][PASSED] - datText = today: null

2024-02-03 23:13:58 - [TEST_STEP][PASSED] - Taxtype = findTestData(dataFile).getValue("TaxType", row): null

2024-02-03 23:13:58 - [TEST_STEP][PASSED] - out.println("Taxtype value is : " + Taxtype): null

2024-02-03 23:13:58 - [TEST_STEP][PASSED] - openBrowser(""): Browser is opened with url: ''

2024-02-03 23:13:58 - [MESSAGE][WARNING] - A browser is already opened. Closing browser and opening a new one

2024-02-03 23:13:59 - [MESSAGE][INFO] - Starting 'Chrome' driver

2024-02-03 23:13:59 - [MESSAGE][INFO] - User set preference: ['acceptInsecureCerts', 'true']

2024-02-03 23:13:59 - [MESSAGE][INFO] - Action delay is set to 0 milliseconds

2024-02-03 23:14:00 - [MESSAGE][PASSED] - Browser is opened with url: ''

2024-02-03 23:14:00 - [TEST_STEP][PASSED] - maximizeWindow(): Current window maximized

2024-02-03 23:14:01 - [MESSAGE][PASSED] - Current window maximized

2024-02-03 23:14:01 - [TEST_STEP][PASSED] - navigateToUrl(RADurl): Navigate to 'https://qa2.velocitypayment.com/client/rad/index.html' successfully

2024-02-03 23:14:01 - [MESSAGE][PASSED] - Navigate to 'https://qa2.velocitypayment.com/client/rad/index.html' successfully

2024-02-03 23:14:01 - [TEST_STEP][PASSED] - orPath_Landing = "Object Repository/RAD_Pages/Landing_Page": null

2024-02-03 23:14:01 - [TEST_STEP][PASSED] - orPath_TaxTypeFilingYear = "Object Repository/RAD_Pages/TaxTypeFilingYear_Page": null

2024-02-03 23:14:01 - [TEST_STEP][PASSED] - orPath_TaxPayer = "Object Repository/RAD_Pages/Taxpayer_Page": null

2024-02-03 23:14:01 - [TEST_STEP][PASSED] - orPath_AddressContact = "Object Repository/RAD_Pages/AddressAndContactInfo_Page": null

2024-02-03 23:14:01 - [TEST_STEP][PASSED] - orPath_FilingStatus = "Object Repository/RAD_Pages/FilingStatus_Page": null

2024-02-03 23:14:01 - [TEST_STEP][PASSED] - orPath_Amount = "Object Repository/RAD_Pages/PaymentAmount_Page": null

2024-02-03 23:14:01 - [TEST_STEP][PASSED] - orPath_TaxInfo = "Object Repository/RAD_Pages/TaxInfo_Page": null

2024-02-03 23:14:01 - [TEST_STEP][PASSED] - orPath_Withholding = "Object Repository/RAD_Pages/Withholding_Page": null

2024-02-03 23:14:01 - [TEST_STEP][PASSED] - orPath_Summary = "Object Repository/RAD_Pages/Summary_Page": null

2024-02-03 23:14:01 - [TEST_STEP][PASSED] - orPath_PaymentReady = "Object Repository/RAD_Pages/PaymentReady_Page": null

2024-02-03 23:14:01 - [TEST_STEP][PASSED] - orPath_PaymentEntry = "Object Repository/RAD_Pages/PaymentEntry_Page": null

2024-02-03 23:14:01 - [TEST_STEP][PASSED] - orPath_PaymentConfirmation = "Object Repository/RAD_Pages/PaymentConfirmation_Page": null

2024-02-03 23:14:01 - [TEST_STEP][PASSED] - orPath_ServiceFeesAccept = "Object Repository/RAD_Pages/ServiceFeeAccept_Page": null

2024-02-03 23:14:01 - [TEST_STEP][PASSED] - selectOptionByLabel(findTestObject(orPath_Landing + "/dd_TaxType"), Taxtype, false): All options with label 'Existing Liability w/Notice Number' are selected in object 'Object Repository/RAD_Pages/Landing_Page/dd_TaxType' 

2024-02-03 23:14:03 - [MESSAGE][PASSED] - All options with label 'Existing Liability w/Notice Number' are selected in object 'Object Repository/RAD_Pages/Landing_Page/dd_TaxType' 

2024-02-03 23:14:03 - [TEST_STEP][PASSED] - delay(1): Delayed 1 second(s)

2024-02-03 23:14:04 - [MESSAGE][PASSED] - Delayed 1 second(s)

2024-02-03 23:14:04 - [TEST_STEP][PASSED] - selectOptionByLabel(findTestObject(orPath_TaxTypeFilingYear + "/select_TaxType_ExistingLiability"), TaxTypeEL, false): All options with label 'Transportation Network Services' are selected in object 'Object Repository/RAD_Pages/TaxTypeFilingYear_Page/select_TaxType_ExistingLiability' 

2024-02-03 23:14:05 - [MESSAGE][PASSED] - All options with label 'Transportation Network Services' are selected in object 'Object Repository/RAD_Pages/TaxTypeFilingYear_Page/select_TaxType_ExistingLiability' 

2024-02-03 23:14:05 - [TEST_STEP][PASSED] - setText(findTestObject(orPath_TaxInfo + "/input_NoticeInvoiceNumber"), notInvNumber): Text '123456789' is set on object 'Object Repository/RAD_Pages/TaxInfo_Page/input_NoticeInvoiceNumber'

2024-02-03 23:14:06 - [MESSAGE][PASSED] - Text '123456789' is set on object 'Object Repository/RAD_Pages/TaxInfo_Page/input_NoticeInvoiceNumber'

2024-02-03 23:14:06 - [TEST_STEP][PASSED] - setText(findTestObject(orPath_TaxInfo + "/input_reTypeNoticeInvoiceNumber"), notInvNumber): Text '123456789' is set on object 'Object Repository/RAD_Pages/TaxInfo_Page/input_reTypeNoticeInvoiceNumber'

2024-02-03 23:14:07 - [MESSAGE][PASSED] - Text '123456789' is set on object 'Object Repository/RAD_Pages/TaxInfo_Page/input_reTypeNoticeInvoiceNumber'

2024-02-03 23:14:07 - [TEST_STEP][PASSED] - println(notInvNumber): null

2024-02-03 23:14:07 - [TEST_STEP][PASSED] - if (verifyTextPresent(errorMsg, true)): null

2024-02-03 23:14:07 - [MESSAGE][PASSED] - Text 'Notice Number must be 13 digits in length, with a value greater than zero' is present on page  using regular expression

2024-02-03 23:14:07 - [TEST_STEP][PASSED] - println("Error Message is present on the page"): null

2024-02-03 23:14:07 - [TEST_STEP][PASSED] - out.println("Pass Record Number: " + row): null

2024-02-03 23:14:07 - [TEST_STEP][PASSED] - resText = "Pass": null

2024-02-03 23:14:07 - [TEST_STEP][PASSED] - pages.WriteExcel.demoKey(resText, datText, resColumn, datCloumn, fileLoc, nameSheet, row): pages.WriteExcel.demoKey is PASSED

2024-02-03 23:14:07 - [MESSAGE][PASSED] - pages.WriteExcel.demoKey is PASSED

2024-02-03 23:14:07 - [TEST_STEP][PASSED] - ExecuteTC = findTestData(dataFile).getValue("Execute", row): null

2024-02-03 23:14:07 - [TEST_STEP][PASSED] - Taxtype = findTestData(dataFile).getValue("TaxType", row): null

2024-02-03 23:14:07 - [TEST_STEP][PASSED] - TaxTypeEL = findTestData(dataFile).getValue("TaxTypeEL", row): null

2024-02-03 23:14:07 - [TEST_STEP][PASSED] - notInvNumber = findTestData(dataFile).getValue("NotiInvoNumber", row): null

2024-02-03 23:14:07 - [TEST_STEP][PASSED] - errorMsg = findTestData(dataFile).getValue("ErrorMessage", row): null

2024-02-03 23:14:07 - [TEST_STEP][PASSED] - out.println("Value of Execute is : " + ExecuteTC): null

2024-02-03 23:14:07 - [TEST_STEP][PASSED] - if (ExecuteTC.equalsIgnoreCase("Y")): null

2024-02-03 23:14:07 - [TEST_STEP][PASSED] - out.println("Begin Record Number: " + row): null

2024-02-03 23:14:07 - [TEST_STEP][PASSED] - today = new java.util.Date(): null

2024-02-03 23:14:07 - [TEST_STEP][PASSED] - println(today): null

2024-02-03 23:14:07 - [TEST_STEP][PASSED] - datText = today: null

2024-02-03 23:14:07 - [TEST_STEP][PASSED] - Taxtype = findTestData(dataFile).getValue("TaxType", row): null

2024-02-03 23:14:07 - [TEST_STEP][PASSED] - out.println("Taxtype value is : " + Taxtype): null

2024-02-03 23:14:07 - [TEST_STEP][PASSED] - openBrowser(""): Browser is opened with url: ''

2024-02-03 23:14:07 - [MESSAGE][WARNING] - A browser is already opened. Closing browser and opening a new one

2024-02-03 23:14:09 - [MESSAGE][INFO] - Starting 'Chrome' driver

2024-02-03 23:14:09 - [MESSAGE][INFO] - User set preference: ['acceptInsecureCerts', 'true']

2024-02-03 23:14:09 - [MESSAGE][INFO] - Action delay is set to 0 milliseconds

2024-02-03 23:14:11 - [MESSAGE][PASSED] - Browser is opened with url: ''

2024-02-03 23:14:11 - [TEST_STEP][PASSED] - maximizeWindow(): Current window maximized

2024-02-03 23:14:11 - [MESSAGE][PASSED] - Current window maximized

2024-02-03 23:14:11 - [TEST_STEP][PASSED] - navigateToUrl(RADurl): Navigate to 'https://qa2.velocitypayment.com/client/rad/index.html' successfully

2024-02-03 23:14:13 - [MESSAGE][PASSED] - Navigate to 'https://qa2.velocitypayment.com/client/rad/index.html' successfully

2024-02-03 23:14:13 - [TEST_STEP][PASSED] - orPath_Landing = "Object Repository/RAD_Pages/Landing_Page": null

2024-02-03 23:14:13 - [TEST_STEP][PASSED] - orPath_TaxTypeFilingYear = "Object Repository/RAD_Pages/TaxTypeFilingYear_Page": null

2024-02-03 23:14:13 - [TEST_STEP][PASSED] - orPath_TaxPayer = "Object Repository/RAD_Pages/Taxpayer_Page": null

2024-02-03 23:14:13 - [TEST_STEP][PASSED] - orPath_AddressContact = "Object Repository/RAD_Pages/AddressAndContactInfo_Page": null

2024-02-03 23:14:13 - [TEST_STEP][PASSED] - orPath_FilingStatus = "Object Repository/RAD_Pages/FilingStatus_Page": null

2024-02-03 23:14:13 - [TEST_STEP][PASSED] - orPath_Amount = "Object Repository/RAD_Pages/PaymentAmount_Page": null

2024-02-03 23:14:13 - [TEST_STEP][PASSED] - orPath_TaxInfo = "Object Repository/RAD_Pages/TaxInfo_Page": null

2024-02-03 23:14:13 - [TEST_STEP][PASSED] - orPath_Withholding = "Object Repository/RAD_Pages/Withholding_Page": null

2024-02-03 23:14:13 - [TEST_STEP][PASSED] - orPath_Summary = "Object Repository/RAD_Pages/Summary_Page": null

2024-02-03 23:14:13 - [TEST_STEP][PASSED] - orPath_PaymentReady = "Object Repository/RAD_Pages/PaymentReady_Page": null

2024-02-03 23:14:13 - [TEST_STEP][PASSED] - orPath_PaymentEntry = "Object Repository/RAD_Pages/PaymentEntry_Page": null

2024-02-03 23:14:13 - [TEST_STEP][PASSED] - orPath_PaymentConfirmation = "Object Repository/RAD_Pages/PaymentConfirmation_Page": null

2024-02-03 23:14:13 - [TEST_STEP][PASSED] - orPath_ServiceFeesAccept = "Object Repository/RAD_Pages/ServiceFeeAccept_Page": null

2024-02-03 23:14:13 - [TEST_STEP][PASSED] - selectOptionByLabel(findTestObject(orPath_Landing + "/dd_TaxType"), Taxtype, false): All options with label 'Existing Liability w/Notice Number' are selected in object 'Object Repository/RAD_Pages/Landing_Page/dd_TaxType' 

2024-02-03 23:14:13 - [MESSAGE][PASSED] - All options with label 'Existing Liability w/Notice Number' are selected in object 'Object Repository/RAD_Pages/Landing_Page/dd_TaxType' 

2024-02-03 23:14:13 - [TEST_STEP][PASSED] - delay(1): Delayed 1 second(s)

2024-02-03 23:14:14 - [MESSAGE][PASSED] - Delayed 1 second(s)

2024-02-03 23:14:14 - [TEST_STEP][PASSED] - selectOptionByLabel(findTestObject(orPath_TaxTypeFilingYear + "/select_TaxType_ExistingLiability"), TaxTypeEL, false): All options with label 'Unclaimed Property' are selected in object 'Object Repository/RAD_Pages/TaxTypeFilingYear_Page/select_TaxType_ExistingLiability' 

2024-02-03 23:14:15 - [MESSAGE][PASSED] - All options with label 'Unclaimed Property' are selected in object 'Object Repository/RAD_Pages/TaxTypeFilingYear_Page/select_TaxType_ExistingLiability' 

2024-02-03 23:14:15 - [TEST_STEP][PASSED] - setText(findTestObject(orPath_TaxInfo + "/input_NoticeInvoiceNumber"), notInvNumber): Text '123456789' is set on object 'Object Repository/RAD_Pages/TaxInfo_Page/input_NoticeInvoiceNumber'

2024-02-03 23:14:16 - [MESSAGE][PASSED] - Text '123456789' is set on object 'Object Repository/RAD_Pages/TaxInfo_Page/input_NoticeInvoiceNumber'

2024-02-03 23:14:16 - [TEST_STEP][PASSED] - setText(findTestObject(orPath_TaxInfo + "/input_reTypeNoticeInvoiceNumber"), notInvNumber): Text '123456789' is set on object 'Object Repository/RAD_Pages/TaxInfo_Page/input_reTypeNoticeInvoiceNumber'

2024-02-03 23:14:17 - [MESSAGE][PASSED] - Text '123456789' is set on object 'Object Repository/RAD_Pages/TaxInfo_Page/input_reTypeNoticeInvoiceNumber'

2024-02-03 23:14:17 - [TEST_STEP][PASSED] - println(notInvNumber): null

2024-02-03 23:14:17 - [TEST_STEP][PASSED] - if (verifyTextPresent(errorMsg, true)): null

2024-02-03 23:14:17 - [MESSAGE][PASSED] - Text 'Notice Number must be 13 digits in length, with a value greater than zero' is present on page  using regular expression

2024-02-03 23:14:17 - [TEST_STEP][PASSED] - println("Error Message is present on the page"): null

2024-02-03 23:14:17 - [TEST_STEP][PASSED] - out.println("Pass Record Number: " + row): null

2024-02-03 23:14:17 - [TEST_STEP][PASSED] - resText = "Pass": null

2024-02-03 23:14:17 - [TEST_STEP][PASSED] - pages.WriteExcel.demoKey(resText, datText, resColumn, datCloumn, fileLoc, nameSheet, row): pages.WriteExcel.demoKey is PASSED

2024-02-03 23:14:17 - [MESSAGE][PASSED] - pages.WriteExcel.demoKey is PASSED

2024-02-03 23:14:17 - [TEST_STEP][PASSED] - ExecuteTC = findTestData(dataFile).getValue("Execute", row): null

2024-02-03 23:14:17 - [TEST_STEP][PASSED] - Taxtype = findTestData(dataFile).getValue("TaxType", row): null

2024-02-03 23:14:18 - [TEST_STEP][PASSED] - TaxTypeEL = findTestData(dataFile).getValue("TaxTypeEL", row): null

2024-02-03 23:14:18 - [TEST_STEP][PASSED] - notInvNumber = findTestData(dataFile).getValue("NotiInvoNumber", row): null

2024-02-03 23:14:18 - [TEST_STEP][PASSED] - errorMsg = findTestData(dataFile).getValue("ErrorMessage", row): null

2024-02-03 23:14:18 - [TEST_STEP][PASSED] - out.println("Value of Execute is : " + ExecuteTC): null

2024-02-03 23:14:18 - [TEST_STEP][PASSED] - if (ExecuteTC.equalsIgnoreCase("Y")): null

2024-02-03 23:14:18 - [TEST_STEP][PASSED] - out.println("Begin Record Number: " + row): null

2024-02-03 23:14:18 - [TEST_STEP][PASSED] - today = new java.util.Date(): null

2024-02-03 23:14:18 - [TEST_STEP][PASSED] - println(today): null

2024-02-03 23:14:18 - [TEST_STEP][PASSED] - datText = today: null

2024-02-03 23:14:18 - [TEST_STEP][PASSED] - Taxtype = findTestData(dataFile).getValue("TaxType", row): null

2024-02-03 23:14:18 - [TEST_STEP][PASSED] - out.println("Taxtype value is : " + Taxtype): null

2024-02-03 23:14:18 - [TEST_STEP][PASSED] - openBrowser(""): Browser is opened with url: ''

2024-02-03 23:14:18 - [MESSAGE][WARNING] - A browser is already opened. Closing browser and opening a new one

2024-02-03 23:14:19 - [MESSAGE][INFO] - Starting 'Chrome' driver

2024-02-03 23:14:19 - [MESSAGE][INFO] - User set preference: ['acceptInsecureCerts', 'true']

2024-02-03 23:14:19 - [MESSAGE][INFO] - Action delay is set to 0 milliseconds

2024-02-03 23:14:21 - [MESSAGE][PASSED] - Browser is opened with url: ''

2024-02-03 23:14:21 - [TEST_STEP][PASSED] - maximizeWindow(): Current window maximized

2024-02-03 23:14:21 - [MESSAGE][PASSED] - Current window maximized

2024-02-03 23:14:21 - [TEST_STEP][PASSED] - navigateToUrl(RADurl): Navigate to 'https://qa2.velocitypayment.com/client/rad/index.html' successfully

2024-02-03 23:14:22 - [MESSAGE][PASSED] - Navigate to 'https://qa2.velocitypayment.com/client/rad/index.html' successfully

2024-02-03 23:14:22 - [TEST_STEP][PASSED] - orPath_Landing = "Object Repository/RAD_Pages/Landing_Page": null

2024-02-03 23:14:22 - [TEST_STEP][PASSED] - orPath_TaxTypeFilingYear = "Object Repository/RAD_Pages/TaxTypeFilingYear_Page": null

2024-02-03 23:14:22 - [TEST_STEP][PASSED] - orPath_TaxPayer = "Object Repository/RAD_Pages/Taxpayer_Page": null

2024-02-03 23:14:22 - [TEST_STEP][PASSED] - orPath_AddressContact = "Object Repository/RAD_Pages/AddressAndContactInfo_Page": null

2024-02-03 23:14:22 - [TEST_STEP][PASSED] - orPath_FilingStatus = "Object Repository/RAD_Pages/FilingStatus_Page": null

2024-02-03 23:14:22 - [TEST_STEP][PASSED] - orPath_Amount = "Object Repository/RAD_Pages/PaymentAmount_Page": null

2024-02-03 23:14:22 - [TEST_STEP][PASSED] - orPath_TaxInfo = "Object Repository/RAD_Pages/TaxInfo_Page": null

2024-02-03 23:14:22 - [TEST_STEP][PASSED] - orPath_Withholding = "Object Repository/RAD_Pages/Withholding_Page": null

2024-02-03 23:14:22 - [TEST_STEP][PASSED] - orPath_Summary = "Object Repository/RAD_Pages/Summary_Page": null

2024-02-03 23:14:22 - [TEST_STEP][PASSED] - orPath_PaymentReady = "Object Repository/RAD_Pages/PaymentReady_Page": null

2024-02-03 23:14:22 - [TEST_STEP][PASSED] - orPath_PaymentEntry = "Object Repository/RAD_Pages/PaymentEntry_Page": null

2024-02-03 23:14:22 - [TEST_STEP][PASSED] - orPath_PaymentConfirmation = "Object Repository/RAD_Pages/PaymentConfirmation_Page": null

2024-02-03 23:14:22 - [TEST_STEP][PASSED] - orPath_ServiceFeesAccept = "Object Repository/RAD_Pages/ServiceFeeAccept_Page": null

2024-02-03 23:14:22 - [TEST_STEP][PASSED] - selectOptionByLabel(findTestObject(orPath_Landing + "/dd_TaxType"), Taxtype, false): All options with label 'Existing Liability w/Notice Number' are selected in object 'Object Repository/RAD_Pages/Landing_Page/dd_TaxType' 

2024-02-03 23:14:23 - [MESSAGE][PASSED] - All options with label 'Existing Liability w/Notice Number' are selected in object 'Object Repository/RAD_Pages/Landing_Page/dd_TaxType' 

2024-02-03 23:14:23 - [TEST_STEP][PASSED] - delay(1): Delayed 1 second(s)

2024-02-03 23:14:24 - [MESSAGE][PASSED] - Delayed 1 second(s)

2024-02-03 23:14:24 - [TEST_STEP][PASSED] - selectOptionByLabel(findTestObject(orPath_TaxTypeFilingYear + "/select_TaxType_ExistingLiability"), TaxTypeEL, false): All options with label 'IFTA Tax' are selected in object 'Object Repository/RAD_Pages/TaxTypeFilingYear_Page/select_TaxType_ExistingLiability' 

2024-02-03 23:14:25 - [MESSAGE][PASSED] - All options with label 'IFTA Tax' are selected in object 'Object Repository/RAD_Pages/TaxTypeFilingYear_Page/select_TaxType_ExistingLiability' 

2024-02-03 23:14:25 - [TEST_STEP][PASSED] - setText(findTestObject(orPath_TaxInfo + "/input_NoticeInvoiceNumber"), notInvNumber): Text '123456789' is set on object 'Object Repository/RAD_Pages/TaxInfo_Page/input_NoticeInvoiceNumber'

2024-02-03 23:14:26 - [MESSAGE][PASSED] - Text '123456789' is set on object 'Object Repository/RAD_Pages/TaxInfo_Page/input_NoticeInvoiceNumber'

2024-02-03 23:14:26 - [TEST_STEP][PASSED] - setText(findTestObject(orPath_TaxInfo + "/input_reTypeNoticeInvoiceNumber"), notInvNumber): Text '123456789' is set on object 'Object Repository/RAD_Pages/TaxInfo_Page/input_reTypeNoticeInvoiceNumber'

2024-02-03 23:14:27 - [MESSAGE][PASSED] - Text '123456789' is set on object 'Object Repository/RAD_Pages/TaxInfo_Page/input_reTypeNoticeInvoiceNumber'

2024-02-03 23:14:27 - [TEST_STEP][PASSED] - println(notInvNumber): null

2024-02-03 23:14:27 - [TEST_STEP][PASSED] - if (verifyTextPresent(errorMsg, true)): null

2024-02-03 23:14:28 - [MESSAGE][PASSED] - Text 'Notice Number must be 13 digits in length, with a value greater than zero' is present on page  using regular expression

2024-02-03 23:14:28 - [TEST_STEP][PASSED] - println("Error Message is present on the page"): null

2024-02-03 23:14:28 - [TEST_STEP][PASSED] - out.println("Pass Record Number: " + row): null

2024-02-03 23:14:28 - [TEST_STEP][PASSED] - resText = "Pass": null

2024-02-03 23:14:28 - [TEST_STEP][PASSED] - pages.WriteExcel.demoKey(resText, datText, resColumn, datCloumn, fileLoc, nameSheet, row): pages.WriteExcel.demoKey is PASSED

2024-02-03 23:14:28 - [MESSAGE][PASSED] - pages.WriteExcel.demoKey is PASSED

2024-02-03 23:14:28 - [TEST_STEP][PASSED] - ExecuteTC = findTestData(dataFile).getValue("Execute", row): null

2024-02-03 23:14:28 - [TEST_STEP][PASSED] - Taxtype = findTestData(dataFile).getValue("TaxType", row): null

2024-02-03 23:14:28 - [TEST_STEP][PASSED] - TaxTypeEL = findTestData(dataFile).getValue("TaxTypeEL", row): null

2024-02-03 23:14:28 - [TEST_STEP][PASSED] - notInvNumber = findTestData(dataFile).getValue("NotiInvoNumber", row): null

2024-02-03 23:14:28 - [TEST_STEP][PASSED] - errorMsg = findTestData(dataFile).getValue("ErrorMessage", row): null

2024-02-03 23:14:28 - [TEST_STEP][PASSED] - out.println("Value of Execute is : " + ExecuteTC): null

2024-02-03 23:14:28 - [TEST_STEP][PASSED] - if (ExecuteTC.equalsIgnoreCase("Y")): null

2024-02-03 23:14:28 - [TEST_STEP][PASSED] - out.println("Begin Record Number: " + row): null

2024-02-03 23:14:28 - [TEST_STEP][PASSED] - today = new java.util.Date(): null

2024-02-03 23:14:28 - [TEST_STEP][PASSED] - println(today): null

2024-02-03 23:14:28 - [TEST_STEP][PASSED] - datText = today: null

2024-02-03 23:14:28 - [TEST_STEP][PASSED] - Taxtype = findTestData(dataFile).getValue("TaxType", row): null

2024-02-03 23:14:28 - [TEST_STEP][PASSED] - out.println("Taxtype value is : " + Taxtype): null

2024-02-03 23:14:28 - [TEST_STEP][PASSED] - openBrowser(""): Browser is opened with url: ''

2024-02-03 23:14:28 - [MESSAGE][WARNING] - A browser is already opened. Closing browser and opening a new one

2024-02-03 23:14:30 - [MESSAGE][INFO] - Starting 'Chrome' driver

2024-02-03 23:14:30 - [MESSAGE][INFO] - User set preference: ['acceptInsecureCerts', 'true']

2024-02-03 23:14:30 - [MESSAGE][INFO] - Action delay is set to 0 milliseconds

2024-02-03 23:14:35 - [MESSAGE][PASSED] - Browser is opened with url: ''

2024-02-03 23:14:35 - [TEST_STEP][PASSED] - maximizeWindow(): Current window maximized

2024-02-03 23:14:35 - [MESSAGE][PASSED] - Current window maximized

2024-02-03 23:14:35 - [TEST_STEP][PASSED] - navigateToUrl(RADurl): Navigate to 'https://qa2.velocitypayment.com/client/rad/index.html' successfully

2024-02-03 23:14:37 - [MESSAGE][PASSED] - Navigate to 'https://qa2.velocitypayment.com/client/rad/index.html' successfully

2024-02-03 23:14:37 - [TEST_STEP][PASSED] - orPath_Landing = "Object Repository/RAD_Pages/Landing_Page": null

2024-02-03 23:14:37 - [TEST_STEP][PASSED] - orPath_TaxTypeFilingYear = "Object Repository/RAD_Pages/TaxTypeFilingYear_Page": null

2024-02-03 23:14:37 - [TEST_STEP][PASSED] - orPath_TaxPayer = "Object Repository/RAD_Pages/Taxpayer_Page": null

2024-02-03 23:14:37 - [TEST_STEP][PASSED] - orPath_AddressContact = "Object Repository/RAD_Pages/AddressAndContactInfo_Page": null

2024-02-03 23:14:37 - [TEST_STEP][PASSED] - orPath_FilingStatus = "Object Repository/RAD_Pages/FilingStatus_Page": null

2024-02-03 23:14:37 - [TEST_STEP][PASSED] - orPath_Amount = "Object Repository/RAD_Pages/PaymentAmount_Page": null

2024-02-03 23:14:37 - [TEST_STEP][PASSED] - orPath_TaxInfo = "Object Repository/RAD_Pages/TaxInfo_Page": null

2024-02-03 23:14:37 - [TEST_STEP][PASSED] - orPath_Withholding = "Object Repository/RAD_Pages/Withholding_Page": null

2024-02-03 23:14:37 - [TEST_STEP][PASSED] - orPath_Summary = "Object Repository/RAD_Pages/Summary_Page": null

2024-02-03 23:14:37 - [TEST_STEP][PASSED] - orPath_PaymentReady = "Object Repository/RAD_Pages/PaymentReady_Page": null

2024-02-03 23:14:37 - [TEST_STEP][PASSED] - orPath_PaymentEntry = "Object Repository/RAD_Pages/PaymentEntry_Page": null

2024-02-03 23:14:37 - [TEST_STEP][PASSED] - orPath_PaymentConfirmation = "Object Repository/RAD_Pages/PaymentConfirmation_Page": null

2024-02-03 23:14:37 - [TEST_STEP][PASSED] - orPath_ServiceFeesAccept = "Object Repository/RAD_Pages/ServiceFeeAccept_Page": null

2024-02-03 23:14:37 - [TEST_STEP][PASSED] - selectOptionByLabel(findTestObject(orPath_Landing + "/dd_TaxType"), Taxtype, false): All options with label 'Existing Liability w/Notice Number' are selected in object 'Object Repository/RAD_Pages/Landing_Page/dd_TaxType' 

2024-02-03 23:14:38 - [MESSAGE][PASSED] - All options with label 'Existing Liability w/Notice Number' are selected in object 'Object Repository/RAD_Pages/Landing_Page/dd_TaxType' 

2024-02-03 23:14:38 - [TEST_STEP][PASSED] - delay(1): Delayed 1 second(s)

2024-02-03 23:14:39 - [MESSAGE][PASSED] - Delayed 1 second(s)

2024-02-03 23:14:39 - [TEST_STEP][PASSED] - selectOptionByLabel(findTestObject(orPath_TaxTypeFilingYear + "/select_TaxType_ExistingLiability"), TaxTypeEL, false): All options with label 'Admissions and Amusement Tax' are selected in object 'Object Repository/RAD_Pages/TaxTypeFilingYear_Page/select_TaxType_ExistingLiability' 

2024-02-03 23:14:39 - [MESSAGE][PASSED] - All options with label 'Admissions and Amusement Tax' are selected in object 'Object Repository/RAD_Pages/TaxTypeFilingYear_Page/select_TaxType_ExistingLiability' 

2024-02-03 23:14:39 - [TEST_STEP][PASSED] - setText(findTestObject(orPath_TaxInfo + "/input_NoticeInvoiceNumber"), notInvNumber): Text '0000000000000' is set on object 'Object Repository/RAD_Pages/TaxInfo_Page/input_NoticeInvoiceNumber'

2024-02-03 23:14:40 - [MESSAGE][PASSED] - Text '0000000000000' is set on object 'Object Repository/RAD_Pages/TaxInfo_Page/input_NoticeInvoiceNumber'

2024-02-03 23:14:40 - [TEST_STEP][PASSED] - setText(findTestObject(orPath_TaxInfo + "/input_reTypeNoticeInvoiceNumber"), notInvNumber): Text '0000000000000' is set on object 'Object Repository/RAD_Pages/TaxInfo_Page/input_reTypeNoticeInvoiceNumber'

2024-02-03 23:14:41 - [MESSAGE][PASSED] - Text '0000000000000' is set on object 'Object Repository/RAD_Pages/TaxInfo_Page/input_reTypeNoticeInvoiceNumber'

2024-02-03 23:14:41 - [TEST_STEP][PASSED] - println(notInvNumber): null

2024-02-03 23:14:41 - [TEST_STEP][PASSED] - if (verifyTextPresent(errorMsg, true)): null

2024-02-03 23:14:42 - [MESSAGE][PASSED] - Text 'Notice Number must be 13 digits in length, with a value greater than zero' is present on page  using regular expression

2024-02-03 23:14:42 - [TEST_STEP][PASSED] - println("Error Message is present on the page"): null

2024-02-03 23:14:42 - [TEST_STEP][PASSED] - out.println("Pass Record Number: " + row): null

2024-02-03 23:14:42 - [TEST_STEP][PASSED] - resText = "Pass": null

2024-02-03 23:14:42 - [TEST_STEP][PASSED] - pages.WriteExcel.demoKey(resText, datText, resColumn, datCloumn, fileLoc, nameSheet, row): pages.WriteExcel.demoKey is PASSED

2024-02-03 23:14:42 - [MESSAGE][PASSED] - pages.WriteExcel.demoKey is PASSED

2024-02-03 23:14:42 - [TEST_STEP][PASSED] - ExecuteTC = findTestData(dataFile).getValue("Execute", row): null

2024-02-03 23:14:42 - [TEST_STEP][PASSED] - Taxtype = findTestData(dataFile).getValue("TaxType", row): null

2024-02-03 23:14:42 - [TEST_STEP][PASSED] - TaxTypeEL = findTestData(dataFile).getValue("TaxTypeEL", row): null

2024-02-03 23:14:42 - [TEST_STEP][PASSED] - notInvNumber = findTestData(dataFile).getValue("NotiInvoNumber", row): null

2024-02-03 23:14:42 - [TEST_STEP][PASSED] - errorMsg = findTestData(dataFile).getValue("ErrorMessage", row): null

2024-02-03 23:14:42 - [TEST_STEP][PASSED] - out.println("Value of Execute is : " + ExecuteTC): null

2024-02-03 23:14:42 - [TEST_STEP][PASSED] - if (ExecuteTC.equalsIgnoreCase("Y")): null

2024-02-03 23:14:42 - [TEST_STEP][PASSED] - out.println("Begin Record Number: " + row): null

2024-02-03 23:14:42 - [TEST_STEP][PASSED] - today = new java.util.Date(): null

2024-02-03 23:14:42 - [TEST_STEP][PASSED] - println(today): null

2024-02-03 23:14:42 - [TEST_STEP][PASSED] - datText = today: null

2024-02-03 23:14:42 - [TEST_STEP][PASSED] - Taxtype = findTestData(dataFile).getValue("TaxType", row): null

2024-02-03 23:14:42 - [TEST_STEP][PASSED] - out.println("Taxtype value is : " + Taxtype): null

2024-02-03 23:14:42 - [TEST_STEP][PASSED] - openBrowser(""): Browser is opened with url: ''

2024-02-03 23:14:42 - [MESSAGE][WARNING] - A browser is already opened. Closing browser and opening a new one

2024-02-03 23:14:43 - [MESSAGE][INFO] - Starting 'Chrome' driver

2024-02-03 23:14:43 - [MESSAGE][INFO] - User set preference: ['acceptInsecureCerts', 'true']

2024-02-03 23:14:43 - [MESSAGE][INFO] - Action delay is set to 0 milliseconds

2024-02-03 23:14:45 - [MESSAGE][PASSED] - Browser is opened with url: ''

2024-02-03 23:14:45 - [TEST_STEP][PASSED] - maximizeWindow(): Current window maximized

2024-02-03 23:14:45 - [MESSAGE][PASSED] - Current window maximized

2024-02-03 23:14:45 - [TEST_STEP][PASSED] - navigateToUrl(RADurl): Navigate to 'https://qa2.velocitypayment.com/client/rad/index.html' successfully

2024-02-03 23:14:45 - [MESSAGE][PASSED] - Navigate to 'https://qa2.velocitypayment.com/client/rad/index.html' successfully

2024-02-03 23:14:45 - [TEST_STEP][PASSED] - orPath_Landing = "Object Repository/RAD_Pages/Landing_Page": null

2024-02-03 23:14:45 - [TEST_STEP][PASSED] - orPath_TaxTypeFilingYear = "Object Repository/RAD_Pages/TaxTypeFilingYear_Page": null

2024-02-03 23:14:45 - [TEST_STEP][PASSED] - orPath_TaxPayer = "Object Repository/RAD_Pages/Taxpayer_Page": null

2024-02-03 23:14:45 - [TEST_STEP][PASSED] - orPath_AddressContact = "Object Repository/RAD_Pages/AddressAndContactInfo_Page": null

2024-02-03 23:14:45 - [TEST_STEP][PASSED] - orPath_FilingStatus = "Object Repository/RAD_Pages/FilingStatus_Page": null

2024-02-03 23:14:45 - [TEST_STEP][PASSED] - orPath_Amount = "Object Repository/RAD_Pages/PaymentAmount_Page": null

2024-02-03 23:14:45 - [TEST_STEP][PASSED] - orPath_TaxInfo = "Object Repository/RAD_Pages/TaxInfo_Page": null

2024-02-03 23:14:45 - [TEST_STEP][PASSED] - orPath_Withholding = "Object Repository/RAD_Pages/Withholding_Page": null

2024-02-03 23:14:45 - [TEST_STEP][PASSED] - orPath_Summary = "Object Repository/RAD_Pages/Summary_Page": null

2024-02-03 23:14:45 - [TEST_STEP][PASSED] - orPath_PaymentReady = "Object Repository/RAD_Pages/PaymentReady_Page": null

2024-02-03 23:14:45 - [TEST_STEP][PASSED] - orPath_PaymentEntry = "Object Repository/RAD_Pages/PaymentEntry_Page": null

2024-02-03 23:14:45 - [TEST_STEP][PASSED] - orPath_PaymentConfirmation = "Object Repository/RAD_Pages/PaymentConfirmation_Page": null

2024-02-03 23:14:45 - [TEST_STEP][PASSED] - orPath_ServiceFeesAccept = "Object Repository/RAD_Pages/ServiceFeeAccept_Page": null

2024-02-03 23:14:45 - [TEST_STEP][PASSED] - selectOptionByLabel(findTestObject(orPath_Landing + "/dd_TaxType"), Taxtype, false): All options with label 'Existing Liability w/Notice Number' are selected in object 'Object Repository/RAD_Pages/Landing_Page/dd_TaxType' 

2024-02-03 23:14:47 - [MESSAGE][PASSED] - All options with label 'Existing Liability w/Notice Number' are selected in object 'Object Repository/RAD_Pages/Landing_Page/dd_TaxType' 

2024-02-03 23:14:47 - [TEST_STEP][PASSED] - delay(1): Delayed 1 second(s)

2024-02-03 23:14:48 - [MESSAGE][PASSED] - Delayed 1 second(s)

2024-02-03 23:14:48 - [TEST_STEP][PASSED] - selectOptionByLabel(findTestObject(orPath_TaxTypeFilingYear + "/select_TaxType_ExistingLiability"), TaxTypeEL, false): All options with label 'Estate Tax' are selected in object 'Object Repository/RAD_Pages/TaxTypeFilingYear_Page/select_TaxType_ExistingLiability' 

2024-02-03 23:14:49 - [MESSAGE][PASSED] - All options with label 'Estate Tax' are selected in object 'Object Repository/RAD_Pages/TaxTypeFilingYear_Page/select_TaxType_ExistingLiability' 

2024-02-03 23:14:49 - [TEST_STEP][PASSED] - setText(findTestObject(orPath_TaxInfo + "/input_NoticeInvoiceNumber"), notInvNumber): Text '0000000000000' is set on object 'Object Repository/RAD_Pages/TaxInfo_Page/input_NoticeInvoiceNumber'

2024-02-03 23:14:50 - [MESSAGE][PASSED] - Text '0000000000000' is set on object 'Object Repository/RAD_Pages/TaxInfo_Page/input_NoticeInvoiceNumber'

2024-02-03 23:14:50 - [TEST_STEP][PASSED] - setText(findTestObject(orPath_TaxInfo + "/input_reTypeNoticeInvoiceNumber"), notInvNumber): Text '0000000000000' is set on object 'Object Repository/RAD_Pages/TaxInfo_Page/input_reTypeNoticeInvoiceNumber'

2024-02-03 23:14:51 - [MESSAGE][PASSED] - Text '0000000000000' is set on object 'Object Repository/RAD_Pages/TaxInfo_Page/input_reTypeNoticeInvoiceNumber'

2024-02-03 23:14:51 - [TEST_STEP][PASSED] - println(notInvNumber): null

2024-02-03 23:14:51 - [TEST_STEP][PASSED] - if (verifyTextPresent(errorMsg, true)): null

2024-02-03 23:14:52 - [MESSAGE][PASSED] - Text 'Notice Number must be 13 digits in length, with a value greater than zero' is present on page  using regular expression

2024-02-03 23:14:52 - [TEST_STEP][PASSED] - println("Error Message is present on the page"): null

2024-02-03 23:14:52 - [TEST_STEP][PASSED] - out.println("Pass Record Number: " + row): null

2024-02-03 23:14:52 - [TEST_STEP][PASSED] - resText = "Pass": null

2024-02-03 23:14:52 - [TEST_STEP][PASSED] - pages.WriteExcel.demoKey(resText, datText, resColumn, datCloumn, fileLoc, nameSheet, row): pages.WriteExcel.demoKey is PASSED

2024-02-03 23:14:52 - [MESSAGE][PASSED] - pages.WriteExcel.demoKey is PASSED

2024-02-03 23:14:52 - [TEST_STEP][PASSED] - ExecuteTC = findTestData(dataFile).getValue("Execute", row): null

2024-02-03 23:14:52 - [TEST_STEP][PASSED] - Taxtype = findTestData(dataFile).getValue("TaxType", row): null

2024-02-03 23:14:52 - [TEST_STEP][PASSED] - TaxTypeEL = findTestData(dataFile).getValue("TaxTypeEL", row): null

2024-02-03 23:14:52 - [TEST_STEP][PASSED] - notInvNumber = findTestData(dataFile).getValue("NotiInvoNumber", row): null

2024-02-03 23:14:52 - [TEST_STEP][PASSED] - errorMsg = findTestData(dataFile).getValue("ErrorMessage", row): null

2024-02-03 23:14:52 - [TEST_STEP][PASSED] - out.println("Value of Execute is : " + ExecuteTC): null

2024-02-03 23:14:52 - [TEST_STEP][PASSED] - if (ExecuteTC.equalsIgnoreCase("Y")): null

2024-02-03 23:14:52 - [TEST_STEP][PASSED] - out.println("Begin Record Number: " + row): null

2024-02-03 23:14:52 - [TEST_STEP][PASSED] - today = new java.util.Date(): null

2024-02-03 23:14:52 - [TEST_STEP][PASSED] - println(today): null

2024-02-03 23:14:52 - [TEST_STEP][PASSED] - datText = today: null

2024-02-03 23:14:52 - [TEST_STEP][PASSED] - Taxtype = findTestData(dataFile).getValue("TaxType", row): null

2024-02-03 23:14:52 - [TEST_STEP][PASSED] - out.println("Taxtype value is : " + Taxtype): null

2024-02-03 23:14:52 - [TEST_STEP][PASSED] - openBrowser(""): Browser is opened with url: ''

2024-02-03 23:14:52 - [MESSAGE][WARNING] - A browser is already opened. Closing browser and opening a new one

2024-02-03 23:14:53 - [MESSAGE][INFO] - Starting 'Chrome' driver

2024-02-03 23:14:53 - [MESSAGE][INFO] - User set preference: ['acceptInsecureCerts', 'true']

2024-02-03 23:14:53 - [MESSAGE][INFO] - Action delay is set to 0 milliseconds

2024-02-03 23:14:55 - [MESSAGE][PASSED] - Browser is opened with url: ''

2024-02-03 23:14:55 - [TEST_STEP][PASSED] - maximizeWindow(): Current window maximized

2024-02-03 23:14:55 - [MESSAGE][PASSED] - Current window maximized

2024-02-03 23:14:55 - [TEST_STEP][PASSED] - navigateToUrl(RADurl): Navigate to 'https://qa2.velocitypayment.com/client/rad/index.html' successfully

2024-02-03 23:14:57 - [MESSAGE][PASSED] - Navigate to 'https://qa2.velocitypayment.com/client/rad/index.html' successfully

2024-02-03 23:14:57 - [TEST_STEP][PASSED] - orPath_Landing = "Object Repository/RAD_Pages/Landing_Page": null

2024-02-03 23:14:57 - [TEST_STEP][PASSED] - orPath_TaxTypeFilingYear = "Object Repository/RAD_Pages/TaxTypeFilingYear_Page": null

2024-02-03 23:14:57 - [TEST_STEP][PASSED] - orPath_TaxPayer = "Object Repository/RAD_Pages/Taxpayer_Page": null

2024-02-03 23:14:57 - [TEST_STEP][PASSED] - orPath_AddressContact = "Object Repository/RAD_Pages/AddressAndContactInfo_Page": null

2024-02-03 23:14:57 - [TEST_STEP][PASSED] - orPath_FilingStatus = "Object Repository/RAD_Pages/FilingStatus_Page": null

2024-02-03 23:14:57 - [TEST_STEP][PASSED] - orPath_Amount = "Object Repository/RAD_Pages/PaymentAmount_Page": null

2024-02-03 23:14:57 - [TEST_STEP][PASSED] - orPath_TaxInfo = "Object Repository/RAD_Pages/TaxInfo_Page": null

2024-02-03 23:14:57 - [TEST_STEP][PASSED] - orPath_Withholding = "Object Repository/RAD_Pages/Withholding_Page": null

2024-02-03 23:14:57 - [TEST_STEP][PASSED] - orPath_Summary = "Object Repository/RAD_Pages/Summary_Page": null

2024-02-03 23:14:57 - [TEST_STEP][PASSED] - orPath_PaymentReady = "Object Repository/RAD_Pages/PaymentReady_Page": null

2024-02-03 23:14:57 - [TEST_STEP][PASSED] - orPath_PaymentEntry = "Object Repository/RAD_Pages/PaymentEntry_Page": null

2024-02-03 23:14:57 - [TEST_STEP][PASSED] - orPath_PaymentConfirmation = "Object Repository/RAD_Pages/PaymentConfirmation_Page": null

2024-02-03 23:14:57 - [TEST_STEP][PASSED] - orPath_ServiceFeesAccept = "Object Repository/RAD_Pages/ServiceFeeAccept_Page": null

2024-02-03 23:14:57 - [TEST_STEP][PASSED] - selectOptionByLabel(findTestObject(orPath_Landing + "/dd_TaxType"), Taxtype, false): All options with label 'Existing Liability w/Notice Number' are selected in object 'Object Repository/RAD_Pages/Landing_Page/dd_TaxType' 

2024-02-03 23:14:57 - [MESSAGE][PASSED] - All options with label 'Existing Liability w/Notice Number' are selected in object 'Object Repository/RAD_Pages/Landing_Page/dd_TaxType' 

2024-02-03 23:14:57 - [TEST_STEP][PASSED] - delay(1): Delayed 1 second(s)

2024-02-03 23:14:58 - [MESSAGE][PASSED] - Delayed 1 second(s)

2024-02-03 23:14:58 - [TEST_STEP][PASSED] - selectOptionByLabel(findTestObject(orPath_TaxTypeFilingYear + "/select_TaxType_ExistingLiability"), TaxTypeEL, false): All options with label 'Motor Fuel Tax' are selected in object 'Object Repository/RAD_Pages/TaxTypeFilingYear_Page/select_TaxType_ExistingLiability' 

2024-02-03 23:14:59 - [MESSAGE][PASSED] - All options with label 'Motor Fuel Tax' are selected in object 'Object Repository/RAD_Pages/TaxTypeFilingYear_Page/select_TaxType_ExistingLiability' 

2024-02-03 23:14:59 - [TEST_STEP][PASSED] - setText(findTestObject(orPath_TaxInfo + "/input_NoticeInvoiceNumber"), notInvNumber): Text '0000000000000' is set on object 'Object Repository/RAD_Pages/TaxInfo_Page/input_NoticeInvoiceNumber'

2024-02-03 23:15:00 - [MESSAGE][PASSED] - Text '0000000000000' is set on object 'Object Repository/RAD_Pages/TaxInfo_Page/input_NoticeInvoiceNumber'

2024-02-03 23:15:00 - [TEST_STEP][PASSED] - setText(findTestObject(orPath_TaxInfo + "/input_reTypeNoticeInvoiceNumber"), notInvNumber): Text '0000000000000' is set on object 'Object Repository/RAD_Pages/TaxInfo_Page/input_reTypeNoticeInvoiceNumber'

2024-02-03 23:15:01 - [MESSAGE][PASSED] - Text '0000000000000' is set on object 'Object Repository/RAD_Pages/TaxInfo_Page/input_reTypeNoticeInvoiceNumber'

2024-02-03 23:15:01 - [TEST_STEP][PASSED] - println(notInvNumber): null

2024-02-03 23:15:01 - [TEST_STEP][PASSED] - if (verifyTextPresent(errorMsg, true)): null

2024-02-03 23:15:01 - [MESSAGE][PASSED] - Text 'Notice Number must be 13 digits in length, with a value greater than zero' is present on page  using regular expression

2024-02-03 23:15:01 - [TEST_STEP][PASSED] - println("Error Message is present on the page"): null

2024-02-03 23:15:01 - [TEST_STEP][PASSED] - out.println("Pass Record Number: " + row): null

2024-02-03 23:15:01 - [TEST_STEP][PASSED] - resText = "Pass": null

2024-02-03 23:15:01 - [TEST_STEP][PASSED] - pages.WriteExcel.demoKey(resText, datText, resColumn, datCloumn, fileLoc, nameSheet, row): pages.WriteExcel.demoKey is PASSED

2024-02-03 23:15:02 - [MESSAGE][PASSED] - pages.WriteExcel.demoKey is PASSED

2024-02-03 23:15:02 - [TEST_STEP][PASSED] - ExecuteTC = findTestData(dataFile).getValue("Execute", row): null

2024-02-03 23:15:02 - [TEST_STEP][PASSED] - Taxtype = findTestData(dataFile).getValue("TaxType", row): null

2024-02-03 23:15:02 - [TEST_STEP][PASSED] - TaxTypeEL = findTestData(dataFile).getValue("TaxTypeEL", row): null

2024-02-03 23:15:02 - [TEST_STEP][PASSED] - notInvNumber = findTestData(dataFile).getValue("NotiInvoNumber", row): null

2024-02-03 23:15:02 - [TEST_STEP][PASSED] - errorMsg = findTestData(dataFile).getValue("ErrorMessage", row): null

2024-02-03 23:15:02 - [TEST_STEP][PASSED] - out.println("Value of Execute is : " + ExecuteTC): null

2024-02-03 23:15:02 - [TEST_STEP][PASSED] - if (ExecuteTC.equalsIgnoreCase("Y")): null

2024-02-03 23:15:02 - [TEST_STEP][PASSED] - out.println("Begin Record Number: " + row): null

2024-02-03 23:15:02 - [TEST_STEP][PASSED] - today = new java.util.Date(): null

2024-02-03 23:15:02 - [TEST_STEP][PASSED] - println(today): null

2024-02-03 23:15:02 - [TEST_STEP][PASSED] - datText = today: null

2024-02-03 23:15:02 - [TEST_STEP][PASSED] - Taxtype = findTestData(dataFile).getValue("TaxType", row): null

2024-02-03 23:15:02 - [TEST_STEP][PASSED] - out.println("Taxtype value is : " + Taxtype): null

2024-02-03 23:15:02 - [TEST_STEP][PASSED] - openBrowser(""): Browser is opened with url: ''

2024-02-03 23:15:02 - [MESSAGE][WARNING] - A browser is already opened. Closing browser and opening a new one

2024-02-03 23:15:03 - [MESSAGE][INFO] - Starting 'Chrome' driver

2024-02-03 23:15:03 - [MESSAGE][INFO] - User set preference: ['acceptInsecureCerts', 'true']

2024-02-03 23:15:03 - [MESSAGE][INFO] - Action delay is set to 0 milliseconds

2024-02-03 23:15:05 - [MESSAGE][PASSED] - Browser is opened with url: ''

2024-02-03 23:15:05 - [TEST_STEP][PASSED] - maximizeWindow(): Current window maximized

2024-02-03 23:15:05 - [MESSAGE][PASSED] - Current window maximized

2024-02-03 23:15:05 - [TEST_STEP][PASSED] - navigateToUrl(RADurl): Navigate to 'https://qa2.velocitypayment.com/client/rad/index.html' successfully

2024-02-03 23:15:05 - [MESSAGE][PASSED] - Navigate to 'https://qa2.velocitypayment.com/client/rad/index.html' successfully

2024-02-03 23:15:05 - [TEST_STEP][PASSED] - orPath_Landing = "Object Repository/RAD_Pages/Landing_Page": null

2024-02-03 23:15:05 - [TEST_STEP][PASSED] - orPath_TaxTypeFilingYear = "Object Repository/RAD_Pages/TaxTypeFilingYear_Page": null

2024-02-03 23:15:05 - [TEST_STEP][PASSED] - orPath_TaxPayer = "Object Repository/RAD_Pages/Taxpayer_Page": null

2024-02-03 23:15:05 - [TEST_STEP][PASSED] - orPath_AddressContact = "Object Repository/RAD_Pages/AddressAndContactInfo_Page": null

2024-02-03 23:15:05 - [TEST_STEP][PASSED] - orPath_FilingStatus = "Object Repository/RAD_Pages/FilingStatus_Page": null

2024-02-03 23:15:05 - [TEST_STEP][PASSED] - orPath_Amount = "Object Repository/RAD_Pages/PaymentAmount_Page": null

2024-02-03 23:15:05 - [TEST_STEP][PASSED] - orPath_TaxInfo = "Object Repository/RAD_Pages/TaxInfo_Page": null

2024-02-03 23:15:05 - [TEST_STEP][PASSED] - orPath_Withholding = "Object Repository/RAD_Pages/Withholding_Page": null

2024-02-03 23:15:05 - [TEST_STEP][PASSED] - orPath_Summary = "Object Repository/RAD_Pages/Summary_Page": null

2024-02-03 23:15:05 - [TEST_STEP][PASSED] - orPath_PaymentReady = "Object Repository/RAD_Pages/PaymentReady_Page": null

2024-02-03 23:15:05 - [TEST_STEP][PASSED] - orPath_PaymentEntry = "Object Repository/RAD_Pages/PaymentEntry_Page": null

2024-02-03 23:15:05 - [TEST_STEP][PASSED] - orPath_PaymentConfirmation = "Object Repository/RAD_Pages/PaymentConfirmation_Page": null

2024-02-03 23:15:05 - [TEST_STEP][PASSED] - orPath_ServiceFeesAccept = "Object Repository/RAD_Pages/ServiceFeeAccept_Page": null

2024-02-03 23:15:05 - [TEST_STEP][PASSED] - selectOptionByLabel(findTestObject(orPath_Landing + "/dd_TaxType"), Taxtype, false): All options with label 'Existing Liability w/Notice Number' are selected in object 'Object Repository/RAD_Pages/Landing_Page/dd_TaxType' 

2024-02-03 23:15:07 - [MESSAGE][PASSED] - All options with label 'Existing Liability w/Notice Number' are selected in object 'Object Repository/RAD_Pages/Landing_Page/dd_TaxType' 

2024-02-03 23:15:07 - [TEST_STEP][PASSED] - delay(1): Delayed 1 second(s)

2024-02-03 23:15:08 - [MESSAGE][PASSED] - Delayed 1 second(s)

2024-02-03 23:15:08 - [TEST_STEP][PASSED] - selectOptionByLabel(findTestObject(orPath_TaxTypeFilingYear + "/select_TaxType_ExistingLiability"), TaxTypeEL, false): All options with label 'Slots License Fee' are selected in object 'Object Repository/RAD_Pages/TaxTypeFilingYear_Page/select_TaxType_ExistingLiability' 

2024-02-03 23:15:09 - [MESSAGE][PASSED] - All options with label 'Slots License Fee' are selected in object 'Object Repository/RAD_Pages/TaxTypeFilingYear_Page/select_TaxType_ExistingLiability' 

2024-02-03 23:15:09 - [TEST_STEP][PASSED] - setText(findTestObject(orPath_TaxInfo + "/input_NoticeInvoiceNumber"), notInvNumber): Text '0000000000000' is set on object 'Object Repository/RAD_Pages/TaxInfo_Page/input_NoticeInvoiceNumber'

2024-02-03 23:15:10 - [MESSAGE][PASSED] - Text '0000000000000' is set on object 'Object Repository/RAD_Pages/TaxInfo_Page/input_NoticeInvoiceNumber'

2024-02-03 23:15:10 - [TEST_STEP][PASSED] - setText(findTestObject(orPath_TaxInfo + "/input_reTypeNoticeInvoiceNumber"), notInvNumber): Text '0000000000000' is set on object 'Object Repository/RAD_Pages/TaxInfo_Page/input_reTypeNoticeInvoiceNumber'

2024-02-03 23:15:11 - [MESSAGE][PASSED] - Text '0000000000000' is set on object 'Object Repository/RAD_Pages/TaxInfo_Page/input_reTypeNoticeInvoiceNumber'

2024-02-03 23:15:11 - [TEST_STEP][PASSED] - println(notInvNumber): null

2024-02-03 23:15:11 - [TEST_STEP][PASSED] - if (verifyTextPresent(errorMsg, true)): null

2024-02-03 23:15:11 - [MESSAGE][PASSED] - Text 'Notice Number must be 13 digits in length, with a value greater than zero' is present on page  using regular expression

2024-02-03 23:15:11 - [TEST_STEP][PASSED] - println("Error Message is present on the page"): null

2024-02-03 23:15:11 - [TEST_STEP][PASSED] - out.println("Pass Record Number: " + row): null

2024-02-03 23:15:11 - [TEST_STEP][PASSED] - resText = "Pass": null

2024-02-03 23:15:11 - [TEST_STEP][PASSED] - pages.WriteExcel.demoKey(resText, datText, resColumn, datCloumn, fileLoc, nameSheet, row): pages.WriteExcel.demoKey is PASSED

2024-02-03 23:15:12 - [MESSAGE][PASSED] - pages.WriteExcel.demoKey is PASSED

2024-02-03 23:15:12 - [TEST_STEP][PASSED] - ExecuteTC = findTestData(dataFile).getValue("Execute", row): null

2024-02-03 23:15:12 - [TEST_STEP][PASSED] - Taxtype = findTestData(dataFile).getValue("TaxType", row): null

2024-02-03 23:15:12 - [TEST_STEP][PASSED] - TaxTypeEL = findTestData(dataFile).getValue("TaxTypeEL", row): null

2024-02-03 23:15:12 - [TEST_STEP][PASSED] - notInvNumber = findTestData(dataFile).getValue("NotiInvoNumber", row): null

2024-02-03 23:15:12 - [TEST_STEP][PASSED] - errorMsg = findTestData(dataFile).getValue("ErrorMessage", row): null

2024-02-03 23:15:12 - [TEST_STEP][PASSED] - out.println("Value of Execute is : " + ExecuteTC): null

2024-02-03 23:15:12 - [TEST_STEP][PASSED] - if (ExecuteTC.equalsIgnoreCase("Y")): null

2024-02-03 23:15:12 - [TEST_STEP][PASSED] - out.println("Begin Record Number: " + row): null

2024-02-03 23:15:12 - [TEST_STEP][PASSED] - today = new java.util.Date(): null

2024-02-03 23:15:12 - [TEST_STEP][PASSED] - println(today): null

2024-02-03 23:15:12 - [TEST_STEP][PASSED] - datText = today: null

2024-02-03 23:15:12 - [TEST_STEP][PASSED] - Taxtype = findTestData(dataFile).getValue("TaxType", row): null

2024-02-03 23:15:12 - [TEST_STEP][PASSED] - out.println("Taxtype value is : " + Taxtype): null

2024-02-03 23:15:12 - [TEST_STEP][PASSED] - openBrowser(""): Browser is opened with url: ''

2024-02-03 23:15:12 - [MESSAGE][WARNING] - A browser is already opened. Closing browser and opening a new one

2024-02-03 23:15:13 - [MESSAGE][INFO] - Starting 'Chrome' driver

2024-02-03 23:15:13 - [MESSAGE][INFO] - User set preference: ['acceptInsecureCerts', 'true']

2024-02-03 23:15:13 - [MESSAGE][INFO] - Action delay is set to 0 milliseconds

2024-02-03 23:15:15 - [MESSAGE][PASSED] - Browser is opened with url: ''

2024-02-03 23:15:15 - [TEST_STEP][PASSED] - maximizeWindow(): Current window maximized

2024-02-03 23:15:15 - [MESSAGE][PASSED] - Current window maximized

2024-02-03 23:15:15 - [TEST_STEP][PASSED] - navigateToUrl(RADurl): Navigate to 'https://qa2.velocitypayment.com/client/rad/index.html' successfully

2024-02-03 23:15:16 - [MESSAGE][PASSED] - Navigate to 'https://qa2.velocitypayment.com/client/rad/index.html' successfully

2024-02-03 23:15:16 - [TEST_STEP][PASSED] - orPath_Landing = "Object Repository/RAD_Pages/Landing_Page": null

2024-02-03 23:15:16 - [TEST_STEP][PASSED] - orPath_TaxTypeFilingYear = "Object Repository/RAD_Pages/TaxTypeFilingYear_Page": null

2024-02-03 23:15:16 - [TEST_STEP][PASSED] - orPath_TaxPayer = "Object Repository/RAD_Pages/Taxpayer_Page": null

2024-02-03 23:15:16 - [TEST_STEP][PASSED] - orPath_AddressContact = "Object Repository/RAD_Pages/AddressAndContactInfo_Page": null

2024-02-03 23:15:16 - [TEST_STEP][PASSED] - orPath_FilingStatus = "Object Repository/RAD_Pages/FilingStatus_Page": null

2024-02-03 23:15:16 - [TEST_STEP][PASSED] - orPath_Amount = "Object Repository/RAD_Pages/PaymentAmount_Page": null

2024-02-03 23:15:16 - [TEST_STEP][PASSED] - orPath_TaxInfo = "Object Repository/RAD_Pages/TaxInfo_Page": null

2024-02-03 23:15:16 - [TEST_STEP][PASSED] - orPath_Withholding = "Object Repository/RAD_Pages/Withholding_Page": null

2024-02-03 23:15:16 - [TEST_STEP][PASSED] - orPath_Summary = "Object Repository/RAD_Pages/Summary_Page": null

2024-02-03 23:15:16 - [TEST_STEP][PASSED] - orPath_PaymentReady = "Object Repository/RAD_Pages/PaymentReady_Page": null

2024-02-03 23:15:16 - [TEST_STEP][PASSED] - orPath_PaymentEntry = "Object Repository/RAD_Pages/PaymentEntry_Page": null

2024-02-03 23:15:16 - [TEST_STEP][PASSED] - orPath_PaymentConfirmation = "Object Repository/RAD_Pages/PaymentConfirmation_Page": null

2024-02-03 23:15:16 - [TEST_STEP][PASSED] - orPath_ServiceFeesAccept = "Object Repository/RAD_Pages/ServiceFeeAccept_Page": null

2024-02-03 23:15:16 - [TEST_STEP][PASSED] - selectOptionByLabel(findTestObject(orPath_Landing + "/dd_TaxType"), Taxtype, false): All options with label 'Existing Liability w/Notice Number' are selected in object 'Object Repository/RAD_Pages/Landing_Page/dd_TaxType' 

2024-02-03 23:15:17 - [MESSAGE][PASSED] - All options with label 'Existing Liability w/Notice Number' are selected in object 'Object Repository/RAD_Pages/Landing_Page/dd_TaxType' 

2024-02-03 23:15:17 - [TEST_STEP][PASSED] - delay(1): Delayed 1 second(s)

2024-02-03 23:15:18 - [MESSAGE][PASSED] - Delayed 1 second(s)

2024-02-03 23:15:18 - [TEST_STEP][PASSED] - selectOptionByLabel(findTestObject(orPath_TaxTypeFilingYear + "/select_TaxType_ExistingLiability"), TaxTypeEL, false): All options with label 'Tobacco Tax' are selected in object 'Object Repository/RAD_Pages/TaxTypeFilingYear_Page/select_TaxType_ExistingLiability' 

2024-02-03 23:15:19 - [MESSAGE][PASSED] - All options with label 'Tobacco Tax' are selected in object 'Object Repository/RAD_Pages/TaxTypeFilingYear_Page/select_TaxType_ExistingLiability' 

2024-02-03 23:15:19 - [TEST_STEP][PASSED] - setText(findTestObject(orPath_TaxInfo + "/input_NoticeInvoiceNumber"), notInvNumber): Text '0000000000000' is set on object 'Object Repository/RAD_Pages/TaxInfo_Page/input_NoticeInvoiceNumber'

2024-02-03 23:15:20 - [MESSAGE][PASSED] - Text '0000000000000' is set on object 'Object Repository/RAD_Pages/TaxInfo_Page/input_NoticeInvoiceNumber'

2024-02-03 23:15:20 - [TEST_STEP][PASSED] - setText(findTestObject(orPath_TaxInfo + "/input_reTypeNoticeInvoiceNumber"), notInvNumber): Text '0000000000000' is set on object 'Object Repository/RAD_Pages/TaxInfo_Page/input_reTypeNoticeInvoiceNumber'

2024-02-03 23:15:21 - [MESSAGE][PASSED] - Text '0000000000000' is set on object 'Object Repository/RAD_Pages/TaxInfo_Page/input_reTypeNoticeInvoiceNumber'

2024-02-03 23:15:21 - [TEST_STEP][PASSED] - println(notInvNumber): null

2024-02-03 23:15:21 - [TEST_STEP][PASSED] - if (verifyTextPresent(errorMsg, true)): null

2024-02-03 23:15:22 - [MESSAGE][PASSED] - Text 'Notice Number must be 13 digits in length, with a value greater than zero' is present on page  using regular expression

2024-02-03 23:15:22 - [TEST_STEP][PASSED] - println("Error Message is present on the page"): null

2024-02-03 23:15:22 - [TEST_STEP][PASSED] - out.println("Pass Record Number: " + row): null

2024-02-03 23:15:22 - [TEST_STEP][PASSED] - resText = "Pass": null

2024-02-03 23:15:22 - [TEST_STEP][PASSED] - pages.WriteExcel.demoKey(resText, datText, resColumn, datCloumn, fileLoc, nameSheet, row): pages.WriteExcel.demoKey is PASSED

2024-02-03 23:15:22 - [MESSAGE][PASSED] - pages.WriteExcel.demoKey is PASSED

2024-02-03 23:15:22 - [TEST_STEP][PASSED] - ExecuteTC = findTestData(dataFile).getValue("Execute", row): null

2024-02-03 23:15:22 - [TEST_STEP][PASSED] - Taxtype = findTestData(dataFile).getValue("TaxType", row): null

2024-02-03 23:15:22 - [TEST_STEP][PASSED] - TaxTypeEL = findTestData(dataFile).getValue("TaxTypeEL", row): null

2024-02-03 23:15:22 - [TEST_STEP][PASSED] - notInvNumber = findTestData(dataFile).getValue("NotiInvoNumber", row): null

2024-02-03 23:15:22 - [TEST_STEP][PASSED] - errorMsg = findTestData(dataFile).getValue("ErrorMessage", row): null

2024-02-03 23:15:22 - [TEST_STEP][PASSED] - out.println("Value of Execute is : " + ExecuteTC): null

2024-02-03 23:15:22 - [TEST_STEP][PASSED] - if (ExecuteTC.equalsIgnoreCase("Y")): null

2024-02-03 23:15:22 - [TEST_STEP][PASSED] - out.println("Begin Record Number: " + row): null

2024-02-03 23:15:22 - [TEST_STEP][PASSED] - today = new java.util.Date(): null

2024-02-03 23:15:22 - [TEST_STEP][PASSED] - println(today): null

2024-02-03 23:15:22 - [TEST_STEP][PASSED] - datText = today: null

2024-02-03 23:15:22 - [TEST_STEP][PASSED] - Taxtype = findTestData(dataFile).getValue("TaxType", row): null

2024-02-03 23:15:22 - [TEST_STEP][PASSED] - out.println("Taxtype value is : " + Taxtype): null

2024-02-03 23:15:22 - [TEST_STEP][PASSED] - openBrowser(""): Browser is opened with url: ''

2024-02-03 23:15:22 - [MESSAGE][WARNING] - A browser is already opened. Closing browser and opening a new one

2024-02-03 23:15:23 - [MESSAGE][INFO] - Starting 'Chrome' driver

2024-02-03 23:15:23 - [MESSAGE][INFO] - User set preference: ['acceptInsecureCerts', 'true']

2024-02-03 23:15:23 - [MESSAGE][INFO] - Action delay is set to 0 milliseconds

2024-02-03 23:15:25 - [MESSAGE][PASSED] - Browser is opened with url: ''

2024-02-03 23:15:25 - [TEST_STEP][PASSED] - maximizeWindow(): Current window maximized

2024-02-03 23:15:25 - [MESSAGE][PASSED] - Current window maximized

2024-02-03 23:15:25 - [TEST_STEP][PASSED] - navigateToUrl(RADurl): Navigate to 'https://qa2.velocitypayment.com/client/rad/index.html' successfully

2024-02-03 23:15:25 - [MESSAGE][PASSED] - Navigate to 'https://qa2.velocitypayment.com/client/rad/index.html' successfully

2024-02-03 23:15:25 - [TEST_STEP][PASSED] - orPath_Landing = "Object Repository/RAD_Pages/Landing_Page": null

2024-02-03 23:15:25 - [TEST_STEP][PASSED] - orPath_TaxTypeFilingYear = "Object Repository/RAD_Pages/TaxTypeFilingYear_Page": null

2024-02-03 23:15:25 - [TEST_STEP][PASSED] - orPath_TaxPayer = "Object Repository/RAD_Pages/Taxpayer_Page": null

2024-02-03 23:15:25 - [TEST_STEP][PASSED] - orPath_AddressContact = "Object Repository/RAD_Pages/AddressAndContactInfo_Page": null

2024-02-03 23:15:25 - [TEST_STEP][PASSED] - orPath_FilingStatus = "Object Repository/RAD_Pages/FilingStatus_Page": null

2024-02-03 23:15:25 - [TEST_STEP][PASSED] - orPath_Amount = "Object Repository/RAD_Pages/PaymentAmount_Page": null

2024-02-03 23:15:25 - [TEST_STEP][PASSED] - orPath_TaxInfo = "Object Repository/RAD_Pages/TaxInfo_Page": null

2024-02-03 23:15:25 - [TEST_STEP][PASSED] - orPath_Withholding = "Object Repository/RAD_Pages/Withholding_Page": null

2024-02-03 23:15:25 - [TEST_STEP][PASSED] - orPath_Summary = "Object Repository/RAD_Pages/Summary_Page": null

2024-02-03 23:15:25 - [TEST_STEP][PASSED] - orPath_PaymentReady = "Object Repository/RAD_Pages/PaymentReady_Page": null

2024-02-03 23:15:25 - [TEST_STEP][PASSED] - orPath_PaymentEntry = "Object Repository/RAD_Pages/PaymentEntry_Page": null

2024-02-03 23:15:25 - [TEST_STEP][PASSED] - orPath_PaymentConfirmation = "Object Repository/RAD_Pages/PaymentConfirmation_Page": null

2024-02-03 23:15:25 - [TEST_STEP][PASSED] - orPath_ServiceFeesAccept = "Object Repository/RAD_Pages/ServiceFeeAccept_Page": null

2024-02-03 23:15:25 - [TEST_STEP][PASSED] - selectOptionByLabel(findTestObject(orPath_Landing + "/dd_TaxType"), Taxtype, false): All options with label 'Existing Liability w/Notice Number' are selected in object 'Object Repository/RAD_Pages/Landing_Page/dd_TaxType' 

2024-02-03 23:15:27 - [MESSAGE][PASSED] - All options with label 'Existing Liability w/Notice Number' are selected in object 'Object Repository/RAD_Pages/Landing_Page/dd_TaxType' 

2024-02-03 23:15:27 - [TEST_STEP][PASSED] - delay(1): Delayed 1 second(s)

2024-02-03 23:15:28 - [MESSAGE][PASSED] - Delayed 1 second(s)

2024-02-03 23:15:28 - [TEST_STEP][PASSED] - selectOptionByLabel(findTestObject(orPath_TaxTypeFilingYear + "/select_TaxType_ExistingLiability"), TaxTypeEL, false): All options with label 'Transportation Network Services' are selected in object 'Object Repository/RAD_Pages/TaxTypeFilingYear_Page/select_TaxType_ExistingLiability' 

2024-02-03 23:15:29 - [MESSAGE][PASSED] - All options with label 'Transportation Network Services' are selected in object 'Object Repository/RAD_Pages/TaxTypeFilingYear_Page/select_TaxType_ExistingLiability' 

2024-02-03 23:15:29 - [TEST_STEP][PASSED] - setText(findTestObject(orPath_TaxInfo + "/input_NoticeInvoiceNumber"), notInvNumber): Text '0000000000000' is set on object 'Object Repository/RAD_Pages/TaxInfo_Page/input_NoticeInvoiceNumber'

2024-02-03 23:15:30 - [MESSAGE][PASSED] - Text '0000000000000' is set on object 'Object Repository/RAD_Pages/TaxInfo_Page/input_NoticeInvoiceNumber'

2024-02-03 23:15:30 - [TEST_STEP][PASSED] - setText(findTestObject(orPath_TaxInfo + "/input_reTypeNoticeInvoiceNumber"), notInvNumber): Text '0000000000000' is set on object 'Object Repository/RAD_Pages/TaxInfo_Page/input_reTypeNoticeInvoiceNumber'

2024-02-03 23:15:31 - [MESSAGE][PASSED] - Text '0000000000000' is set on object 'Object Repository/RAD_Pages/TaxInfo_Page/input_reTypeNoticeInvoiceNumber'

2024-02-03 23:15:31 - [TEST_STEP][PASSED] - println(notInvNumber): null

2024-02-03 23:15:31 - [TEST_STEP][PASSED] - if (verifyTextPresent(errorMsg, true)): null

2024-02-03 23:15:31 - [MESSAGE][PASSED] - Text 'Notice Number must be 13 digits in length, with a value greater than zero' is present on page  using regular expression

2024-02-03 23:15:31 - [TEST_STEP][PASSED] - println("Error Message is present on the page"): null

2024-02-03 23:15:31 - [TEST_STEP][PASSED] - out.println("Pass Record Number: " + row): null

2024-02-03 23:15:31 - [TEST_STEP][PASSED] - resText = "Pass": null

2024-02-03 23:15:31 - [TEST_STEP][PASSED] - pages.WriteExcel.demoKey(resText, datText, resColumn, datCloumn, fileLoc, nameSheet, row): pages.WriteExcel.demoKey is PASSED

2024-02-03 23:15:31 - [MESSAGE][PASSED] - pages.WriteExcel.demoKey is PASSED

2024-02-03 23:15:31 - [TEST_STEP][PASSED] - ExecuteTC = findTestData(dataFile).getValue("Execute", row): null

2024-02-03 23:15:31 - [TEST_STEP][PASSED] - Taxtype = findTestData(dataFile).getValue("TaxType", row): null

2024-02-03 23:15:31 - [TEST_STEP][PASSED] - TaxTypeEL = findTestData(dataFile).getValue("TaxTypeEL", row): null

2024-02-03 23:15:31 - [TEST_STEP][PASSED] - notInvNumber = findTestData(dataFile).getValue("NotiInvoNumber", row): null

2024-02-03 23:15:32 - [TEST_STEP][PASSED] - errorMsg = findTestData(dataFile).getValue("ErrorMessage", row): null

2024-02-03 23:15:32 - [TEST_STEP][PASSED] - out.println("Value of Execute is : " + ExecuteTC): null

2024-02-03 23:15:32 - [TEST_STEP][PASSED] - if (ExecuteTC.equalsIgnoreCase("Y")): null

2024-02-03 23:15:32 - [TEST_STEP][PASSED] - out.println("Begin Record Number: " + row): null

2024-02-03 23:15:32 - [TEST_STEP][PASSED] - today = new java.util.Date(): null

2024-02-03 23:15:32 - [TEST_STEP][PASSED] - println(today): null

2024-02-03 23:15:32 - [TEST_STEP][PASSED] - datText = today: null

2024-02-03 23:15:32 - [TEST_STEP][PASSED] - Taxtype = findTestData(dataFile).getValue("TaxType", row): null

2024-02-03 23:15:32 - [TEST_STEP][PASSED] - out.println("Taxtype value is : " + Taxtype): null

2024-02-03 23:15:32 - [TEST_STEP][PASSED] - openBrowser(""): Browser is opened with url: ''

2024-02-03 23:15:32 - [MESSAGE][WARNING] - A browser is already opened. Closing browser and opening a new one

2024-02-03 23:15:33 - [MESSAGE][INFO] - Starting 'Chrome' driver

2024-02-03 23:15:33 - [MESSAGE][INFO] - User set preference: ['acceptInsecureCerts', 'true']

2024-02-03 23:15:33 - [MESSAGE][INFO] - Action delay is set to 0 milliseconds

2024-02-03 23:15:35 - [MESSAGE][PASSED] - Browser is opened with url: ''

2024-02-03 23:15:35 - [TEST_STEP][PASSED] - maximizeWindow(): Current window maximized

2024-02-03 23:15:35 - [MESSAGE][PASSED] - Current window maximized

2024-02-03 23:15:35 - [TEST_STEP][PASSED] - navigateToUrl(RADurl): Navigate to 'https://qa2.velocitypayment.com/client/rad/index.html' successfully

2024-02-03 23:15:37 - [MESSAGE][PASSED] - Navigate to 'https://qa2.velocitypayment.com/client/rad/index.html' successfully

2024-02-03 23:15:37 - [TEST_STEP][PASSED] - orPath_Landing = "Object Repository/RAD_Pages/Landing_Page": null

2024-02-03 23:15:37 - [TEST_STEP][PASSED] - orPath_TaxTypeFilingYear = "Object Repository/RAD_Pages/TaxTypeFilingYear_Page": null

2024-02-03 23:15:37 - [TEST_STEP][PASSED] - orPath_TaxPayer = "Object Repository/RAD_Pages/Taxpayer_Page": null

2024-02-03 23:15:37 - [TEST_STEP][PASSED] - orPath_AddressContact = "Object Repository/RAD_Pages/AddressAndContactInfo_Page": null

2024-02-03 23:15:37 - [TEST_STEP][PASSED] - orPath_FilingStatus = "Object Repository/RAD_Pages/FilingStatus_Page": null

2024-02-03 23:15:37 - [TEST_STEP][PASSED] - orPath_Amount = "Object Repository/RAD_Pages/PaymentAmount_Page": null

2024-02-03 23:15:37 - [TEST_STEP][PASSED] - orPath_TaxInfo = "Object Repository/RAD_Pages/TaxInfo_Page": null

2024-02-03 23:15:37 - [TEST_STEP][PASSED] - orPath_Withholding = "Object Repository/RAD_Pages/Withholding_Page": null

2024-02-03 23:15:37 - [TEST_STEP][PASSED] - orPath_Summary = "Object Repository/RAD_Pages/Summary_Page": null

2024-02-03 23:15:37 - [TEST_STEP][PASSED] - orPath_PaymentReady = "Object Repository/RAD_Pages/PaymentReady_Page": null

2024-02-03 23:15:37 - [TEST_STEP][PASSED] - orPath_PaymentEntry = "Object Repository/RAD_Pages/PaymentEntry_Page": null

2024-02-03 23:15:37 - [TEST_STEP][PASSED] - orPath_PaymentConfirmation = "Object Repository/RAD_Pages/PaymentConfirmation_Page": null

2024-02-03 23:15:37 - [TEST_STEP][PASSED] - orPath_ServiceFeesAccept = "Object Repository/RAD_Pages/ServiceFeeAccept_Page": null

2024-02-03 23:15:37 - [TEST_STEP][PASSED] - selectOptionByLabel(findTestObject(orPath_Landing + "/dd_TaxType"), Taxtype, false): All options with label 'Existing Liability w/Notice Number' are selected in object 'Object Repository/RAD_Pages/Landing_Page/dd_TaxType' 

2024-02-03 23:15:38 - [MESSAGE][PASSED] - All options with label 'Existing Liability w/Notice Number' are selected in object 'Object Repository/RAD_Pages/Landing_Page/dd_TaxType' 

2024-02-03 23:15:38 - [TEST_STEP][PASSED] - delay(1): Delayed 1 second(s)

2024-02-03 23:15:39 - [MESSAGE][PASSED] - Delayed 1 second(s)

2024-02-03 23:15:39 - [TEST_STEP][PASSED] - selectOptionByLabel(findTestObject(orPath_TaxTypeFilingYear + "/select_TaxType_ExistingLiability"), TaxTypeEL, false): All options with label 'Unclaimed Property' are selected in object 'Object Repository/RAD_Pages/TaxTypeFilingYear_Page/select_TaxType_ExistingLiability' 

2024-02-03 23:15:39 - [MESSAGE][PASSED] - All options with label 'Unclaimed Property' are selected in object 'Object Repository/RAD_Pages/TaxTypeFilingYear_Page/select_TaxType_ExistingLiability' 

2024-02-03 23:15:39 - [TEST_STEP][PASSED] - setText(findTestObject(orPath_TaxInfo + "/input_NoticeInvoiceNumber"), notInvNumber): Text '0000000000000' is set on object 'Object Repository/RAD_Pages/TaxInfo_Page/input_NoticeInvoiceNumber'

2024-02-03 23:15:40 - [MESSAGE][PASSED] - Text '0000000000000' is set on object 'Object Repository/RAD_Pages/TaxInfo_Page/input_NoticeInvoiceNumber'

2024-02-03 23:15:40 - [TEST_STEP][PASSED] - setText(findTestObject(orPath_TaxInfo + "/input_reTypeNoticeInvoiceNumber"), notInvNumber): Text '0000000000000' is set on object 'Object Repository/RAD_Pages/TaxInfo_Page/input_reTypeNoticeInvoiceNumber'

2024-02-03 23:15:41 - [MESSAGE][PASSED] - Text '0000000000000' is set on object 'Object Repository/RAD_Pages/TaxInfo_Page/input_reTypeNoticeInvoiceNumber'

2024-02-03 23:15:41 - [TEST_STEP][PASSED] - println(notInvNumber): null

2024-02-03 23:15:41 - [TEST_STEP][PASSED] - if (verifyTextPresent(errorMsg, true)): null

2024-02-03 23:15:42 - [MESSAGE][PASSED] - Text 'Notice Number must be 13 digits in length, with a value greater than zero' is present on page  using regular expression

2024-02-03 23:15:42 - [TEST_STEP][PASSED] - println("Error Message is present on the page"): null

2024-02-03 23:15:42 - [TEST_STEP][PASSED] - out.println("Pass Record Number: " + row): null

2024-02-03 23:15:42 - [TEST_STEP][PASSED] - resText = "Pass": null

2024-02-03 23:15:42 - [TEST_STEP][PASSED] - pages.WriteExcel.demoKey(resText, datText, resColumn, datCloumn, fileLoc, nameSheet, row): pages.WriteExcel.demoKey is PASSED

2024-02-03 23:15:42 - [MESSAGE][PASSED] - pages.WriteExcel.demoKey is PASSED

2024-02-03 23:15:42 - [TEST_STEP][PASSED] - ExecuteTC = findTestData(dataFile).getValue("Execute", row): null

2024-02-03 23:15:42 - [TEST_STEP][PASSED] - Taxtype = findTestData(dataFile).getValue("TaxType", row): null

2024-02-03 23:15:42 - [TEST_STEP][PASSED] - TaxTypeEL = findTestData(dataFile).getValue("TaxTypeEL", row): null

2024-02-03 23:15:42 - [TEST_STEP][PASSED] - notInvNumber = findTestData(dataFile).getValue("NotiInvoNumber", row): null

2024-02-03 23:15:42 - [TEST_STEP][PASSED] - errorMsg = findTestData(dataFile).getValue("ErrorMessage", row): null

2024-02-03 23:15:42 - [TEST_STEP][PASSED] - out.println("Value of Execute is : " + ExecuteTC): null

2024-02-03 23:15:42 - [TEST_STEP][PASSED] - if (ExecuteTC.equalsIgnoreCase("Y")): null

2024-02-03 23:15:42 - [TEST_STEP][PASSED] - out.println("Begin Record Number: " + row): null

2024-02-03 23:15:42 - [TEST_STEP][PASSED] - today = new java.util.Date(): null

2024-02-03 23:15:42 - [TEST_STEP][PASSED] - println(today): null

2024-02-03 23:15:42 - [TEST_STEP][PASSED] - datText = today: null

2024-02-03 23:15:42 - [TEST_STEP][PASSED] - Taxtype = findTestData(dataFile).getValue("TaxType", row): null

2024-02-03 23:15:42 - [TEST_STEP][PASSED] - out.println("Taxtype value is : " + Taxtype): null

2024-02-03 23:15:42 - [TEST_STEP][PASSED] - openBrowser(""): Browser is opened with url: ''

2024-02-03 23:15:42 - [MESSAGE][WARNING] - A browser is already opened. Closing browser and opening a new one

2024-02-03 23:15:43 - [MESSAGE][INFO] - Starting 'Chrome' driver

2024-02-03 23:15:43 - [MESSAGE][INFO] - User set preference: ['acceptInsecureCerts', 'true']

2024-02-03 23:15:43 - [MESSAGE][INFO] - Action delay is set to 0 milliseconds

2024-02-03 23:15:45 - [MESSAGE][PASSED] - Browser is opened with url: ''

2024-02-03 23:15:45 - [TEST_STEP][PASSED] - maximizeWindow(): Current window maximized

2024-02-03 23:15:45 - [MESSAGE][PASSED] - Current window maximized

2024-02-03 23:15:45 - [TEST_STEP][PASSED] - navigateToUrl(RADurl): Navigate to 'https://qa2.velocitypayment.com/client/rad/index.html' successfully

2024-02-03 23:15:45 - [MESSAGE][PASSED] - Navigate to 'https://qa2.velocitypayment.com/client/rad/index.html' successfully

2024-02-03 23:15:45 - [TEST_STEP][PASSED] - orPath_Landing = "Object Repository/RAD_Pages/Landing_Page": null

2024-02-03 23:15:45 - [TEST_STEP][PASSED] - orPath_TaxTypeFilingYear = "Object Repository/RAD_Pages/TaxTypeFilingYear_Page": null

2024-02-03 23:15:45 - [TEST_STEP][PASSED] - orPath_TaxPayer = "Object Repository/RAD_Pages/Taxpayer_Page": null

2024-02-03 23:15:45 - [TEST_STEP][PASSED] - orPath_AddressContact = "Object Repository/RAD_Pages/AddressAndContactInfo_Page": null

2024-02-03 23:15:45 - [TEST_STEP][PASSED] - orPath_FilingStatus = "Object Repository/RAD_Pages/FilingStatus_Page": null

2024-02-03 23:15:45 - [TEST_STEP][PASSED] - orPath_Amount = "Object Repository/RAD_Pages/PaymentAmount_Page": null

2024-02-03 23:15:45 - [TEST_STEP][PASSED] - orPath_TaxInfo = "Object Repository/RAD_Pages/TaxInfo_Page": null

2024-02-03 23:15:45 - [TEST_STEP][PASSED] - orPath_Withholding = "Object Repository/RAD_Pages/Withholding_Page": null

2024-02-03 23:15:45 - [TEST_STEP][PASSED] - orPath_Summary = "Object Repository/RAD_Pages/Summary_Page": null

2024-02-03 23:15:45 - [TEST_STEP][PASSED] - orPath_PaymentReady = "Object Repository/RAD_Pages/PaymentReady_Page": null

2024-02-03 23:15:45 - [TEST_STEP][PASSED] - orPath_PaymentEntry = "Object Repository/RAD_Pages/PaymentEntry_Page": null

2024-02-03 23:15:45 - [TEST_STEP][PASSED] - orPath_PaymentConfirmation = "Object Repository/RAD_Pages/PaymentConfirmation_Page": null

2024-02-03 23:15:45 - [TEST_STEP][PASSED] - orPath_ServiceFeesAccept = "Object Repository/RAD_Pages/ServiceFeeAccept_Page": null

2024-02-03 23:15:45 - [TEST_STEP][PASSED] - selectOptionByLabel(findTestObject(orPath_Landing + "/dd_TaxType"), Taxtype, false): All options with label 'Existing Liability w/Notice Number' are selected in object 'Object Repository/RAD_Pages/Landing_Page/dd_TaxType' 

2024-02-03 23:15:47 - [MESSAGE][PASSED] - All options with label 'Existing Liability w/Notice Number' are selected in object 'Object Repository/RAD_Pages/Landing_Page/dd_TaxType' 

2024-02-03 23:15:47 - [TEST_STEP][PASSED] - delay(1): Delayed 1 second(s)

2024-02-03 23:15:48 - [MESSAGE][PASSED] - Delayed 1 second(s)

2024-02-03 23:15:48 - [TEST_STEP][PASSED] - selectOptionByLabel(findTestObject(orPath_TaxTypeFilingYear + "/select_TaxType_ExistingLiability"), TaxTypeEL, false): All options with label 'IFTA Tax' are selected in object 'Object Repository/RAD_Pages/TaxTypeFilingYear_Page/select_TaxType_ExistingLiability' 

2024-02-03 23:15:49 - [MESSAGE][PASSED] - All options with label 'IFTA Tax' are selected in object 'Object Repository/RAD_Pages/TaxTypeFilingYear_Page/select_TaxType_ExistingLiability' 

2024-02-03 23:15:49 - [TEST_STEP][PASSED] - setText(findTestObject(orPath_TaxInfo + "/input_NoticeInvoiceNumber"), notInvNumber): Text '0000000000000' is set on object 'Object Repository/RAD_Pages/TaxInfo_Page/input_NoticeInvoiceNumber'

2024-02-03 23:15:50 - [MESSAGE][PASSED] - Text '0000000000000' is set on object 'Object Repository/RAD_Pages/TaxInfo_Page/input_NoticeInvoiceNumber'

2024-02-03 23:15:50 - [TEST_STEP][PASSED] - setText(findTestObject(orPath_TaxInfo + "/input_reTypeNoticeInvoiceNumber"), notInvNumber): Text '0000000000000' is set on object 'Object Repository/RAD_Pages/TaxInfo_Page/input_reTypeNoticeInvoiceNumber'

2024-02-03 23:15:51 - [MESSAGE][PASSED] - Text '0000000000000' is set on object 'Object Repository/RAD_Pages/TaxInfo_Page/input_reTypeNoticeInvoiceNumber'

2024-02-03 23:15:51 - [TEST_STEP][PASSED] - println(notInvNumber): null

2024-02-03 23:15:51 - [TEST_STEP][PASSED] - if (verifyTextPresent(errorMsg, true)): null

2024-02-03 23:15:51 - [MESSAGE][PASSED] - Text 'Notice Number must be 13 digits in length, with a value greater than zero' is present on page  using regular expression

2024-02-03 23:15:51 - [TEST_STEP][PASSED] - println("Error Message is present on the page"): null

2024-02-03 23:15:51 - [TEST_STEP][PASSED] - out.println("Pass Record Number: " + row): null

2024-02-03 23:15:51 - [TEST_STEP][PASSED] - resText = "Pass": null

2024-02-03 23:15:51 - [TEST_STEP][PASSED] - pages.WriteExcel.demoKey(resText, datText, resColumn, datCloumn, fileLoc, nameSheet, row): pages.WriteExcel.demoKey is PASSED

2024-02-03 23:15:51 - [MESSAGE][PASSED] - pages.WriteExcel.demoKey is PASSED]]></system-out>
         <system-err><![CDATA[]]></system-err>
      </testcase>
      <testcase name="Test Cases/RAD_TestCases/Negative_TestCases/EMailNoMatch" time="604.42" classname="Test Cases/RAD_TestCases/Negative_TestCases/EMailNoMatch" status="PASSED">
         <system-out><![CDATA[2024-02-03 23:15:51 - [TEST_CASE][PASSED] - Test Cases/RAD_TestCases/Negative_TestCases/EMailNoMatch: Test Cases/RAD_TestCases/Negative_TestCases/EMailNoMatch

2024-02-03 23:15:52 - [TEST_STEP][PASSED] - resText = "Fail": null

2024-02-03 23:15:52 - [TEST_STEP][PASSED] - resColumn = "Result": null

2024-02-03 23:15:52 - [TEST_STEP][PASSED] - datCloumn = "Date": null

2024-02-03 23:15:52 - [TEST_STEP][PASSED] - fileLoc = "KatalonData/RADTestData/EmailNoMatch.xlsx": null

2024-02-03 23:15:52 - [TEST_STEP][PASSED] - nameSheet = "Sheet1": null

2024-02-03 23:15:52 - [TEST_STEP][PASSED] - dataFile = "RADTestData/EmailNoMatch": null

2024-02-03 23:15:52 - [TEST_STEP][PASSED] - ExecuteTC = <not implemented yet for class: org.codehaus.groovy.ast.expr.EmptyExpression>: null

2024-02-03 23:15:52 - [TEST_STEP][PASSED] - Taxtype = <not implemented yet for class: org.codehaus.groovy.ast.expr.EmptyExpression>: null

2024-02-03 23:15:52 - [TEST_STEP][PASSED] - numOfRows = findTestData(dataFile).getRowNumbers(): null

2024-02-03 23:15:52 - [TEST_STEP][PASSED] - println("Number of Records: " + numOfRows): null

2024-02-03 23:15:52 - [TEST_STEP][PASSED] - for ([row = 1, row <= numOfRows, (row++)]): null

2024-02-03 23:15:52 - [TEST_STEP][PASSED] - ExecuteTC = findTestData(dataFile).getValue("Execute", row): null

2024-02-03 23:15:52 - [TEST_STEP][PASSED] - Taxtype = findTestData(dataFile).getValue("TaxType", row): null

2024-02-03 23:15:52 - [TEST_STEP][PASSED] - Paymenttype = findTestData(dataFile).getValue("PaymentType", row): null

2024-02-03 23:15:52 - [TEST_STEP][PASSED] - out.println("Value of Execute is : " + ExecuteTC): null

2024-02-03 23:15:52 - [TEST_STEP][PASSED] - if (ExecuteTC.equalsIgnoreCase("Y")): null

2024-02-03 23:15:52 - [TEST_STEP][PASSED] - out.println("Begin Record Number: " + row): null

2024-02-03 23:15:52 - [TEST_STEP][PASSED] - today = new java.util.Date(): null

2024-02-03 23:15:52 - [TEST_STEP][PASSED] - println(today): null

2024-02-03 23:15:52 - [TEST_STEP][PASSED] - datText = today: null

2024-02-03 23:15:52 - [TEST_STEP][PASSED] - Taxtype = findTestData(dataFile).getValue("TaxType", row): null

2024-02-03 23:15:52 - [TEST_STEP][PASSED] - out.println("Taxtype value is : " + Taxtype): null

2024-02-03 23:15:52 - [TEST_STEP][PASSED] - openBrowser(""): Browser is opened with url: ''

2024-02-03 23:15:52 - [MESSAGE][WARNING] - A browser is already opened. Closing browser and opening a new one

2024-02-03 23:15:53 - [MESSAGE][INFO] - Starting 'Chrome' driver

2024-02-03 23:15:53 - [MESSAGE][INFO] - User set preference: ['acceptInsecureCerts', 'true']

2024-02-03 23:15:53 - [MESSAGE][INFO] - Action delay is set to 0 milliseconds

2024-02-03 23:15:55 - [MESSAGE][PASSED] - Browser is opened with url: ''

2024-02-03 23:15:55 - [TEST_STEP][PASSED] - maximizeWindow(): Current window maximized

2024-02-03 23:15:55 - [MESSAGE][PASSED] - Current window maximized

2024-02-03 23:15:55 - [TEST_STEP][PASSED] - navigateToUrl(RADurl): Navigate to 'https://qa2.velocitypayment.com/client/rad/index.html' successfully

2024-02-03 23:15:55 - [MESSAGE][PASSED] - Navigate to 'https://qa2.velocitypayment.com/client/rad/index.html' successfully

2024-02-03 23:15:55 - [TEST_STEP][PASSED] - orPath_Landing = "Object Repository/RAD_Pages/Landing_Page": null

2024-02-03 23:15:55 - [TEST_STEP][PASSED] - orPath_TaxTypeFilingYear = "Object Repository/RAD_Pages/TaxTypeFilingYear_Page": null

2024-02-03 23:15:55 - [TEST_STEP][PASSED] - orPath_TaxPayer = "Object Repository/RAD_Pages/Taxpayer_Page": null

2024-02-03 23:15:55 - [TEST_STEP][PASSED] - orPath_AddressContact = "Object Repository/RAD_Pages/AddressAndContactInfo_Page": null

2024-02-03 23:15:55 - [TEST_STEP][PASSED] - orPath_FilingStatus = "Object Repository/RAD_Pages/FilingStatus_Page": null

2024-02-03 23:15:55 - [TEST_STEP][PASSED] - orPath_Amount = "Object Repository/RAD_Pages/PaymentAmount_Page": null

2024-02-03 23:15:55 - [TEST_STEP][PASSED] - selectOptionByLabel(findTestObject(orPath_Landing + "/dd_TaxType"), Paymenttype, false): All options with label 'Existing Liability w/Notice Number' are selected in object 'Object Repository/RAD_Pages/Landing_Page/dd_TaxType' 

2024-02-03 23:15:57 - [MESSAGE][PASSED] - All options with label 'Existing Liability w/Notice Number' are selected in object 'Object Repository/RAD_Pages/Landing_Page/dd_TaxType' 

2024-02-03 23:15:57 - [TEST_STEP][PASSED] - delay(1): Delayed 1 second(s)

2024-02-03 23:15:58 - [MESSAGE][PASSED] - Delayed 1 second(s)

2024-02-03 23:15:58 - [TEST_STEP][PASSED] - switch (Paymenttype): null

2024-02-03 23:15:58 - [TEST_STEP][PASSED] - case "Existing Liability w/Notice Number":: null

2024-02-03 23:15:58 - [TEST_STEP][PASSED] - selectOptionByLabel(findTestObject(orPath_TaxTypeFilingYear + "/select_TaxType_ExistingLiability"), Taxtype, false): All options with label 'Bay Restoration Fee' are selected in object 'Object Repository/RAD_Pages/TaxTypeFilingYear_Page/select_TaxType_ExistingLiability' 

2024-02-03 23:15:59 - [MESSAGE][PASSED] - All options with label 'Bay Restoration Fee' are selected in object 'Object Repository/RAD_Pages/TaxTypeFilingYear_Page/select_TaxType_ExistingLiability' 

2024-02-03 23:15:59 - [TEST_STEP][PASSED] - break: null

2024-02-03 23:15:59 - [TEST_STEP][PASSED] - delay(1): Delayed 1 second(s)

2024-02-03 23:16:00 - [MESSAGE][PASSED] - Delayed 1 second(s)

2024-02-03 23:16:00 - [TEST_STEP][PASSED] - scrollToElement(findTestObject(orPath_Amount + "/input__paymentAmount"), 3): Scroll to object 'Object Repository/RAD_Pages/PaymentAmount_Page/input__paymentAmount' successfully

2024-02-03 23:16:00 - [MESSAGE][PASSED] - Scroll to object 'Object Repository/RAD_Pages/PaymentAmount_Page/input__paymentAmount' successfully

2024-02-03 23:16:00 - [TEST_STEP][PASSED] - setText(findTestObject(orPath_AddressContact + "/input_eMailAddress"), "imtiazster@gmail.com"): Text 'imtiazster@gmail.com' is set on object 'Object Repository/RAD_Pages/AddressAndContactInfo_Page/input_eMailAddress'

2024-02-03 23:16:01 - [MESSAGE][PASSED] - Text 'imtiazster@gmail.com' is set on object 'Object Repository/RAD_Pages/AddressAndContactInfo_Page/input_eMailAddress'

2024-02-03 23:16:01 - [TEST_STEP][PASSED] - setText(findTestObject(orPath_AddressContact + "/input_reEnterEMailAddress"), "iahmed@govolution.com"): Text 'iahmed@govolution.com' is set on object 'Object Repository/RAD_Pages/AddressAndContactInfo_Page/input_reEnterEMailAddress'

2024-02-03 23:16:02 - [MESSAGE][PASSED] - Text 'iahmed@govolution.com' is set on object 'Object Repository/RAD_Pages/AddressAndContactInfo_Page/input_reEnterEMailAddress'

2024-02-03 23:16:02 - [TEST_STEP][PASSED] - delay(2): Delayed 2 second(s)

2024-02-03 23:16:04 - [MESSAGE][PASSED] - Delayed 2 second(s)

2024-02-03 23:16:04 - [TEST_STEP][PASSED] - if (verifyTextPresent("The Email and Re-enter email do not match", true)): null

2024-02-03 23:16:04 - [MESSAGE][PASSED] - Text 'The Email and Re-enter email do not match' is present on page  using regular expression

2024-02-03 23:16:04 - [TEST_STEP][PASSED] - println("Emails Dont match text is present"): null

2024-02-03 23:16:04 - [TEST_STEP][PASSED] - out.println("Pass Record Number: " + row): null

2024-02-03 23:16:04 - [TEST_STEP][PASSED] - resText = "Pass": null

2024-02-03 23:16:04 - [TEST_STEP][PASSED] - pages.WriteExcel.demoKey(resText, datText, resColumn, datCloumn, fileLoc, nameSheet, row): pages.WriteExcel.demoKey is PASSED

2024-02-03 23:16:04 - [MESSAGE][PASSED] - pages.WriteExcel.demoKey is PASSED

2024-02-03 23:16:04 - [TEST_STEP][PASSED] - ExecuteTC = findTestData(dataFile).getValue("Execute", row): null

2024-02-03 23:16:04 - [TEST_STEP][PASSED] - Taxtype = findTestData(dataFile).getValue("TaxType", row): null

2024-02-03 23:16:04 - [TEST_STEP][PASSED] - Paymenttype = findTestData(dataFile).getValue("PaymentType", row): null

2024-02-03 23:16:04 - [TEST_STEP][PASSED] - out.println("Value of Execute is : " + ExecuteTC): null

2024-02-03 23:16:04 - [TEST_STEP][PASSED] - if (ExecuteTC.equalsIgnoreCase("Y")): null

2024-02-03 23:16:04 - [TEST_STEP][PASSED] - out.println("Begin Record Number: " + row): null

2024-02-03 23:16:04 - [TEST_STEP][PASSED] - today = new java.util.Date(): null

2024-02-03 23:16:04 - [TEST_STEP][PASSED] - println(today): null

2024-02-03 23:16:04 - [TEST_STEP][PASSED] - datText = today: null

2024-02-03 23:16:04 - [TEST_STEP][PASSED] - Taxtype = findTestData(dataFile).getValue("TaxType", row): null

2024-02-03 23:16:05 - [TEST_STEP][PASSED] - out.println("Taxtype value is : " + Taxtype): null

2024-02-03 23:16:05 - [TEST_STEP][PASSED] - openBrowser(""): Browser is opened with url: ''

2024-02-03 23:16:05 - [MESSAGE][WARNING] - A browser is already opened. Closing browser and opening a new one

2024-02-03 23:16:06 - [MESSAGE][INFO] - Starting 'Chrome' driver

2024-02-03 23:16:06 - [MESSAGE][INFO] - User set preference: ['acceptInsecureCerts', 'true']

2024-02-03 23:16:06 - [MESSAGE][INFO] - Action delay is set to 0 milliseconds

2024-02-03 23:16:08 - [MESSAGE][PASSED] - Browser is opened with url: ''

2024-02-03 23:16:08 - [TEST_STEP][PASSED] - maximizeWindow(): Current window maximized

2024-02-03 23:16:08 - [MESSAGE][PASSED] - Current window maximized

2024-02-03 23:16:08 - [TEST_STEP][PASSED] - navigateToUrl(RADurl): Navigate to 'https://qa2.velocitypayment.com/client/rad/index.html' successfully

2024-02-03 23:16:10 - [MESSAGE][PASSED] - Navigate to 'https://qa2.velocitypayment.com/client/rad/index.html' successfully

2024-02-03 23:16:10 - [TEST_STEP][PASSED] - orPath_Landing = "Object Repository/RAD_Pages/Landing_Page": null

2024-02-03 23:16:10 - [TEST_STEP][PASSED] - orPath_TaxTypeFilingYear = "Object Repository/RAD_Pages/TaxTypeFilingYear_Page": null

2024-02-03 23:16:10 - [TEST_STEP][PASSED] - orPath_TaxPayer = "Object Repository/RAD_Pages/Taxpayer_Page": null

2024-02-03 23:16:10 - [TEST_STEP][PASSED] - orPath_AddressContact = "Object Repository/RAD_Pages/AddressAndContactInfo_Page": null

2024-02-03 23:16:10 - [TEST_STEP][PASSED] - orPath_FilingStatus = "Object Repository/RAD_Pages/FilingStatus_Page": null

2024-02-03 23:16:10 - [TEST_STEP][PASSED] - orPath_Amount = "Object Repository/RAD_Pages/PaymentAmount_Page": null

2024-02-03 23:16:10 - [TEST_STEP][PASSED] - selectOptionByLabel(findTestObject(orPath_Landing + "/dd_TaxType"), Paymenttype, false): All options with label 'Existing Liability w/Notice Number' are selected in object 'Object Repository/RAD_Pages/Landing_Page/dd_TaxType' 

2024-02-03 23:16:10 - [MESSAGE][PASSED] - All options with label 'Existing Liability w/Notice Number' are selected in object 'Object Repository/RAD_Pages/Landing_Page/dd_TaxType' 

2024-02-03 23:16:10 - [TEST_STEP][PASSED] - delay(1): Delayed 1 second(s)

2024-02-03 23:16:11 - [MESSAGE][PASSED] - Delayed 1 second(s)

2024-02-03 23:16:11 - [TEST_STEP][PASSED] - switch (Paymenttype): null

2024-02-03 23:16:11 - [TEST_STEP][PASSED] - case "Existing Liability w/Notice Number":: null

2024-02-03 23:16:11 - [TEST_STEP][PASSED] - selectOptionByLabel(findTestObject(orPath_TaxTypeFilingYear + "/select_TaxType_ExistingLiability"), Taxtype, false): All options with label 'Corporate Income Tax' are selected in object 'Object Repository/RAD_Pages/TaxTypeFilingYear_Page/select_TaxType_ExistingLiability' 

2024-02-03 23:16:12 - [MESSAGE][PASSED] - All options with label 'Corporate Income Tax' are selected in object 'Object Repository/RAD_Pages/TaxTypeFilingYear_Page/select_TaxType_ExistingLiability' 

2024-02-03 23:16:12 - [TEST_STEP][PASSED] - break: null

2024-02-03 23:16:12 - [TEST_STEP][PASSED] - delay(1): Delayed 1 second(s)

2024-02-03 23:16:13 - [MESSAGE][PASSED] - Delayed 1 second(s)

2024-02-03 23:16:13 - [TEST_STEP][PASSED] - scrollToElement(findTestObject(orPath_Amount + "/input__paymentAmount"), 3): Scroll to object 'Object Repository/RAD_Pages/PaymentAmount_Page/input__paymentAmount' successfully

2024-02-03 23:16:13 - [MESSAGE][PASSED] - Scroll to object 'Object Repository/RAD_Pages/PaymentAmount_Page/input__paymentAmount' successfully

2024-02-03 23:16:13 - [TEST_STEP][PASSED] - setText(findTestObject(orPath_AddressContact + "/input_eMailAddress"), "imtiazster@gmail.com"): Text 'imtiazster@gmail.com' is set on object 'Object Repository/RAD_Pages/AddressAndContactInfo_Page/input_eMailAddress'

2024-02-03 23:16:14 - [MESSAGE][PASSED] - Text 'imtiazster@gmail.com' is set on object 'Object Repository/RAD_Pages/AddressAndContactInfo_Page/input_eMailAddress'

2024-02-03 23:16:14 - [TEST_STEP][PASSED] - setText(findTestObject(orPath_AddressContact + "/input_reEnterEMailAddress"), "iahmed@govolution.com"): Text 'iahmed@govolution.com' is set on object 'Object Repository/RAD_Pages/AddressAndContactInfo_Page/input_reEnterEMailAddress'

2024-02-03 23:16:15 - [MESSAGE][PASSED] - Text 'iahmed@govolution.com' is set on object 'Object Repository/RAD_Pages/AddressAndContactInfo_Page/input_reEnterEMailAddress'

2024-02-03 23:16:15 - [TEST_STEP][PASSED] - delay(2): Delayed 2 second(s)

2024-02-03 23:16:17 - [MESSAGE][PASSED] - Delayed 2 second(s)

2024-02-03 23:16:17 - [TEST_STEP][PASSED] - if (verifyTextPresent("The Email and Re-enter email do not match", true)): null

2024-02-03 23:16:17 - [MESSAGE][PASSED] - Text 'The Email and Re-enter email do not match' is present on page  using regular expression

2024-02-03 23:16:17 - [TEST_STEP][PASSED] - println("Emails Dont match text is present"): null

2024-02-03 23:16:17 - [TEST_STEP][PASSED] - out.println("Pass Record Number: " + row): null

2024-02-03 23:16:17 - [TEST_STEP][PASSED] - resText = "Pass": null

2024-02-03 23:16:17 - [TEST_STEP][PASSED] - pages.WriteExcel.demoKey(resText, datText, resColumn, datCloumn, fileLoc, nameSheet, row): pages.WriteExcel.demoKey is PASSED

2024-02-03 23:16:17 - [MESSAGE][PASSED] - pages.WriteExcel.demoKey is PASSED

2024-02-03 23:16:17 - [TEST_STEP][PASSED] - ExecuteTC = findTestData(dataFile).getValue("Execute", row): null

2024-02-03 23:16:17 - [TEST_STEP][PASSED] - Taxtype = findTestData(dataFile).getValue("TaxType", row): null

2024-02-03 23:16:17 - [TEST_STEP][PASSED] - Paymenttype = findTestData(dataFile).getValue("PaymentType", row): null

2024-02-03 23:16:18 - [TEST_STEP][PASSED] - out.println("Value of Execute is : " + ExecuteTC): null

2024-02-03 23:16:18 - [TEST_STEP][PASSED] - if (ExecuteTC.equalsIgnoreCase("Y")): null

2024-02-03 23:16:18 - [TEST_STEP][PASSED] - out.println("Begin Record Number: " + row): null

2024-02-03 23:16:18 - [TEST_STEP][PASSED] - today = new java.util.Date(): null

2024-02-03 23:16:18 - [TEST_STEP][PASSED] - println(today): null

2024-02-03 23:16:18 - [TEST_STEP][PASSED] - datText = today: null

2024-02-03 23:16:18 - [TEST_STEP][PASSED] - Taxtype = findTestData(dataFile).getValue("TaxType", row): null

2024-02-03 23:16:18 - [TEST_STEP][PASSED] - out.println("Taxtype value is : " + Taxtype): null

2024-02-03 23:16:18 - [TEST_STEP][PASSED] - openBrowser(""): Browser is opened with url: ''

2024-02-03 23:16:18 - [MESSAGE][WARNING] - A browser is already opened. Closing browser and opening a new one

2024-02-03 23:16:19 - [MESSAGE][INFO] - Starting 'Chrome' driver

2024-02-03 23:16:19 - [MESSAGE][INFO] - User set preference: ['acceptInsecureCerts', 'true']

2024-02-03 23:16:19 - [MESSAGE][INFO] - Action delay is set to 0 milliseconds

2024-02-03 23:16:21 - [MESSAGE][PASSED] - Browser is opened with url: ''

2024-02-03 23:16:21 - [TEST_STEP][PASSED] - maximizeWindow(): Current window maximized

2024-02-03 23:16:21 - [MESSAGE][PASSED] - Current window maximized

2024-02-03 23:16:21 - [TEST_STEP][PASSED] - navigateToUrl(RADurl): Navigate to 'https://qa2.velocitypayment.com/client/rad/index.html' successfully

2024-02-03 23:16:22 - [MESSAGE][PASSED] - Navigate to 'https://qa2.velocitypayment.com/client/rad/index.html' successfully

2024-02-03 23:16:22 - [TEST_STEP][PASSED] - orPath_Landing = "Object Repository/RAD_Pages/Landing_Page": null

2024-02-03 23:16:22 - [TEST_STEP][PASSED] - orPath_TaxTypeFilingYear = "Object Repository/RAD_Pages/TaxTypeFilingYear_Page": null

2024-02-03 23:16:22 - [TEST_STEP][PASSED] - orPath_TaxPayer = "Object Repository/RAD_Pages/Taxpayer_Page": null

2024-02-03 23:16:22 - [TEST_STEP][PASSED] - orPath_AddressContact = "Object Repository/RAD_Pages/AddressAndContactInfo_Page": null

2024-02-03 23:16:22 - [TEST_STEP][PASSED] - orPath_FilingStatus = "Object Repository/RAD_Pages/FilingStatus_Page": null

2024-02-03 23:16:22 - [TEST_STEP][PASSED] - orPath_Amount = "Object Repository/RAD_Pages/PaymentAmount_Page": null

2024-02-03 23:16:22 - [TEST_STEP][PASSED] - selectOptionByLabel(findTestObject(orPath_Landing + "/dd_TaxType"), Paymenttype, false): All options with label 'Existing Liability w/Notice Number' are selected in object 'Object Repository/RAD_Pages/Landing_Page/dd_TaxType' 

2024-02-03 23:16:23 - [MESSAGE][PASSED] - All options with label 'Existing Liability w/Notice Number' are selected in object 'Object Repository/RAD_Pages/Landing_Page/dd_TaxType' 

2024-02-03 23:16:23 - [TEST_STEP][PASSED] - delay(1): Delayed 1 second(s)

2024-02-03 23:16:24 - [MESSAGE][PASSED] - Delayed 1 second(s)

2024-02-03 23:16:24 - [TEST_STEP][PASSED] - switch (Paymenttype): null

2024-02-03 23:16:24 - [TEST_STEP][PASSED] - case "Existing Liability w/Notice Number":: null

2024-02-03 23:16:24 - [TEST_STEP][PASSED] - selectOptionByLabel(findTestObject(orPath_TaxTypeFilingYear + "/select_TaxType_ExistingLiability"), Taxtype, false): All options with label 'Fiduciary Tax' are selected in object 'Object Repository/RAD_Pages/TaxTypeFilingYear_Page/select_TaxType_ExistingLiability' 

2024-02-03 23:16:25 - [MESSAGE][PASSED] - All options with label 'Fiduciary Tax' are selected in object 'Object Repository/RAD_Pages/TaxTypeFilingYear_Page/select_TaxType_ExistingLiability' 

2024-02-03 23:16:25 - [TEST_STEP][PASSED] - break: null

2024-02-03 23:16:25 - [TEST_STEP][PASSED] - delay(1): Delayed 1 second(s)

2024-02-03 23:16:26 - [MESSAGE][PASSED] - Delayed 1 second(s)

2024-02-03 23:16:26 - [TEST_STEP][PASSED] - scrollToElement(findTestObject(orPath_Amount + "/input__paymentAmount"), 3): Scroll to object 'Object Repository/RAD_Pages/PaymentAmount_Page/input__paymentAmount' successfully

2024-02-03 23:16:26 - [MESSAGE][PASSED] - Scroll to object 'Object Repository/RAD_Pages/PaymentAmount_Page/input__paymentAmount' successfully

2024-02-03 23:16:26 - [TEST_STEP][PASSED] - setText(findTestObject(orPath_AddressContact + "/input_eMailAddress"), "imtiazster@gmail.com"): Text 'imtiazster@gmail.com' is set on object 'Object Repository/RAD_Pages/AddressAndContactInfo_Page/input_eMailAddress'

2024-02-03 23:16:27 - [MESSAGE][PASSED] - Text 'imtiazster@gmail.com' is set on object 'Object Repository/RAD_Pages/AddressAndContactInfo_Page/input_eMailAddress'

2024-02-03 23:16:27 - [TEST_STEP][PASSED] - setText(findTestObject(orPath_AddressContact + "/input_reEnterEMailAddress"), "iahmed@govolution.com"): Text 'iahmed@govolution.com' is set on object 'Object Repository/RAD_Pages/AddressAndContactInfo_Page/input_reEnterEMailAddress'

2024-02-03 23:16:28 - [MESSAGE][PASSED] - Text 'iahmed@govolution.com' is set on object 'Object Repository/RAD_Pages/AddressAndContactInfo_Page/input_reEnterEMailAddress'

2024-02-03 23:16:28 - [TEST_STEP][PASSED] - delay(2): Delayed 2 second(s)

2024-02-03 23:16:30 - [MESSAGE][PASSED] - Delayed 2 second(s)

2024-02-03 23:16:30 - [TEST_STEP][PASSED] - if (verifyTextPresent("The Email and Re-enter email do not match", true)): null

2024-02-03 23:16:30 - [MESSAGE][PASSED] - Text 'The Email and Re-enter email do not match' is present on page  using regular expression

2024-02-03 23:16:30 - [TEST_STEP][PASSED] - println("Emails Dont match text is present"): null

2024-02-03 23:16:30 - [TEST_STEP][PASSED] - out.println("Pass Record Number: " + row): null

2024-02-03 23:16:30 - [TEST_STEP][PASSED] - resText = "Pass": null

2024-02-03 23:16:30 - [TEST_STEP][PASSED] - pages.WriteExcel.demoKey(resText, datText, resColumn, datCloumn, fileLoc, nameSheet, row): pages.WriteExcel.demoKey is PASSED

2024-02-03 23:16:30 - [MESSAGE][PASSED] - pages.WriteExcel.demoKey is PASSED

2024-02-03 23:16:30 - [TEST_STEP][PASSED] - ExecuteTC = findTestData(dataFile).getValue("Execute", row): null

2024-02-03 23:16:30 - [TEST_STEP][PASSED] - Taxtype = findTestData(dataFile).getValue("TaxType", row): null

2024-02-03 23:16:30 - [TEST_STEP][PASSED] - Paymenttype = findTestData(dataFile).getValue("PaymentType", row): null

2024-02-03 23:16:30 - [TEST_STEP][PASSED] - out.println("Value of Execute is : " + ExecuteTC): null

2024-02-03 23:16:30 - [TEST_STEP][PASSED] - if (ExecuteTC.equalsIgnoreCase("Y")): null

2024-02-03 23:16:30 - [TEST_STEP][PASSED] - out.println("Begin Record Number: " + row): null

2024-02-03 23:16:30 - [TEST_STEP][PASSED] - today = new java.util.Date(): null

2024-02-03 23:16:30 - [TEST_STEP][PASSED] - println(today): null

2024-02-03 23:16:30 - [TEST_STEP][PASSED] - datText = today: null

2024-02-03 23:16:30 - [TEST_STEP][PASSED] - Taxtype = findTestData(dataFile).getValue("TaxType", row): null

2024-02-03 23:16:30 - [TEST_STEP][PASSED] - out.println("Taxtype value is : " + Taxtype): null

2024-02-03 23:16:30 - [TEST_STEP][PASSED] - openBrowser(""): Browser is opened with url: ''

2024-02-03 23:16:30 - [MESSAGE][WARNING] - A browser is already opened. Closing browser and opening a new one

2024-02-03 23:16:31 - [MESSAGE][INFO] - Starting 'Chrome' driver

2024-02-03 23:16:31 - [MESSAGE][INFO] - User set preference: ['acceptInsecureCerts', 'true']

2024-02-03 23:16:31 - [MESSAGE][INFO] - Action delay is set to 0 milliseconds

2024-02-03 23:16:33 - [MESSAGE][PASSED] - Browser is opened with url: ''

2024-02-03 23:16:33 - [TEST_STEP][PASSED] - maximizeWindow(): Current window maximized

2024-02-03 23:16:33 - [MESSAGE][PASSED] - Current window maximized

2024-02-03 23:16:33 - [TEST_STEP][PASSED] - navigateToUrl(RADurl): Navigate to 'https://qa2.velocitypayment.com/client/rad/index.html' successfully

2024-02-03 23:16:35 - [MESSAGE][PASSED] - Navigate to 'https://qa2.velocitypayment.com/client/rad/index.html' successfully

2024-02-03 23:16:35 - [TEST_STEP][PASSED] - orPath_Landing = "Object Repository/RAD_Pages/Landing_Page": null

2024-02-03 23:16:35 - [TEST_STEP][PASSED] - orPath_TaxTypeFilingYear = "Object Repository/RAD_Pages/TaxTypeFilingYear_Page": null

2024-02-03 23:16:35 - [TEST_STEP][PASSED] - orPath_TaxPayer = "Object Repository/RAD_Pages/Taxpayer_Page": null

2024-02-03 23:16:35 - [TEST_STEP][PASSED] - orPath_AddressContact = "Object Repository/RAD_Pages/AddressAndContactInfo_Page": null

2024-02-03 23:16:35 - [TEST_STEP][PASSED] - orPath_FilingStatus = "Object Repository/RAD_Pages/FilingStatus_Page": null

2024-02-03 23:16:35 - [TEST_STEP][PASSED] - orPath_Amount = "Object Repository/RAD_Pages/PaymentAmount_Page": null

2024-02-03 23:16:35 - [TEST_STEP][PASSED] - selectOptionByLabel(findTestObject(orPath_Landing + "/dd_TaxType"), Paymenttype, false): All options with label 'Existing Liability w/Notice Number' are selected in object 'Object Repository/RAD_Pages/Landing_Page/dd_TaxType' 

2024-02-03 23:16:36 - [MESSAGE][PASSED] - All options with label 'Existing Liability w/Notice Number' are selected in object 'Object Repository/RAD_Pages/Landing_Page/dd_TaxType' 

2024-02-03 23:16:36 - [TEST_STEP][PASSED] - delay(1): Delayed 1 second(s)

2024-02-03 23:16:37 - [MESSAGE][PASSED] - Delayed 1 second(s)

2024-02-03 23:16:37 - [TEST_STEP][PASSED] - switch (Paymenttype): null

2024-02-03 23:16:37 - [TEST_STEP][PASSED] - case "Existing Liability w/Notice Number":: null

2024-02-03 23:16:37 - [TEST_STEP][PASSED] - selectOptionByLabel(findTestObject(orPath_TaxTypeFilingYear + "/select_TaxType_ExistingLiability"), Taxtype, false): All options with label 'PTE Non-Electing Non-S Corp' are selected in object 'Object Repository/RAD_Pages/TaxTypeFilingYear_Page/select_TaxType_ExistingLiability' 

2024-02-03 23:16:37 - [MESSAGE][PASSED] - All options with label 'PTE Non-Electing Non-S Corp' are selected in object 'Object Repository/RAD_Pages/TaxTypeFilingYear_Page/select_TaxType_ExistingLiability' 

2024-02-03 23:16:37 - [TEST_STEP][PASSED] - break: null

2024-02-03 23:16:37 - [TEST_STEP][PASSED] - delay(1): Delayed 1 second(s)

2024-02-03 23:16:38 - [MESSAGE][PASSED] - Delayed 1 second(s)

2024-02-03 23:16:38 - [TEST_STEP][PASSED] - scrollToElement(findTestObject(orPath_Amount + "/input__paymentAmount"), 3): Scroll to object 'Object Repository/RAD_Pages/PaymentAmount_Page/input__paymentAmount' successfully

2024-02-03 23:16:39 - [MESSAGE][PASSED] - Scroll to object 'Object Repository/RAD_Pages/PaymentAmount_Page/input__paymentAmount' successfully

2024-02-03 23:16:39 - [TEST_STEP][PASSED] - setText(findTestObject(orPath_AddressContact + "/input_eMailAddress"), "imtiazster@gmail.com"): Text 'imtiazster@gmail.com' is set on object 'Object Repository/RAD_Pages/AddressAndContactInfo_Page/input_eMailAddress'

2024-02-03 23:16:40 - [MESSAGE][PASSED] - Text 'imtiazster@gmail.com' is set on object 'Object Repository/RAD_Pages/AddressAndContactInfo_Page/input_eMailAddress'

2024-02-03 23:16:40 - [TEST_STEP][PASSED] - setText(findTestObject(orPath_AddressContact + "/input_reEnterEMailAddress"), "iahmed@govolution.com"): Text 'iahmed@govolution.com' is set on object 'Object Repository/RAD_Pages/AddressAndContactInfo_Page/input_reEnterEMailAddress'

2024-02-03 23:16:40 - [MESSAGE][PASSED] - Text 'iahmed@govolution.com' is set on object 'Object Repository/RAD_Pages/AddressAndContactInfo_Page/input_reEnterEMailAddress'

2024-02-03 23:16:40 - [TEST_STEP][PASSED] - delay(2): Delayed 2 second(s)

2024-02-03 23:16:42 - [MESSAGE][PASSED] - Delayed 2 second(s)

2024-02-03 23:16:42 - [TEST_STEP][PASSED] - if (verifyTextPresent("The Email and Re-enter email do not match", true)): null

2024-02-03 23:16:43 - [MESSAGE][PASSED] - Text 'The Email and Re-enter email do not match' is present on page  using regular expression

2024-02-03 23:16:43 - [TEST_STEP][PASSED] - println("Emails Dont match text is present"): null

2024-02-03 23:16:43 - [TEST_STEP][PASSED] - out.println("Pass Record Number: " + row): null

2024-02-03 23:16:43 - [TEST_STEP][PASSED] - resText = "Pass": null

2024-02-03 23:16:43 - [TEST_STEP][PASSED] - pages.WriteExcel.demoKey(resText, datText, resColumn, datCloumn, fileLoc, nameSheet, row): pages.WriteExcel.demoKey is PASSED

2024-02-03 23:16:43 - [MESSAGE][PASSED] - pages.WriteExcel.demoKey is PASSED

2024-02-03 23:16:43 - [TEST_STEP][PASSED] - ExecuteTC = findTestData(dataFile).getValue("Execute", row): null

2024-02-03 23:16:43 - [TEST_STEP][PASSED] - Taxtype = findTestData(dataFile).getValue("TaxType", row): null

2024-02-03 23:16:43 - [TEST_STEP][PASSED] - Paymenttype = findTestData(dataFile).getValue("PaymentType", row): null

2024-02-03 23:16:43 - [TEST_STEP][PASSED] - out.println("Value of Execute is : " + ExecuteTC): null

2024-02-03 23:16:43 - [TEST_STEP][PASSED] - if (ExecuteTC.equalsIgnoreCase("Y")): null

2024-02-03 23:16:43 - [TEST_STEP][PASSED] - out.println("Begin Record Number: " + row): null

2024-02-03 23:16:43 - [TEST_STEP][PASSED] - today = new java.util.Date(): null

2024-02-03 23:16:43 - [TEST_STEP][PASSED] - println(today): null

2024-02-03 23:16:43 - [TEST_STEP][PASSED] - datText = today: null

2024-02-03 23:16:43 - [TEST_STEP][PASSED] - Taxtype = findTestData(dataFile).getValue("TaxType", row): null

2024-02-03 23:16:43 - [TEST_STEP][PASSED] - out.println("Taxtype value is : " + Taxtype): null

2024-02-03 23:16:43 - [TEST_STEP][PASSED] - openBrowser(""): Browser is opened with url: ''

2024-02-03 23:16:44 - [MESSAGE][WARNING] - A browser is already opened. Closing browser and opening a new one

2024-02-03 23:16:45 - [MESSAGE][INFO] - Starting 'Chrome' driver

2024-02-03 23:16:45 - [MESSAGE][INFO] - User set preference: ['acceptInsecureCerts', 'true']

2024-02-03 23:16:45 - [MESSAGE][INFO] - Action delay is set to 0 milliseconds

2024-02-03 23:16:46 - [MESSAGE][PASSED] - Browser is opened with url: ''

2024-02-03 23:16:46 - [TEST_STEP][PASSED] - maximizeWindow(): Current window maximized

2024-02-03 23:16:47 - [MESSAGE][PASSED] - Current window maximized

2024-02-03 23:16:47 - [TEST_STEP][PASSED] - navigateToUrl(RADurl): Navigate to 'https://qa2.velocitypayment.com/client/rad/index.html' successfully

2024-02-03 23:16:47 - [MESSAGE][PASSED] - Navigate to 'https://qa2.velocitypayment.com/client/rad/index.html' successfully

2024-02-03 23:16:47 - [TEST_STEP][PASSED] - orPath_Landing = "Object Repository/RAD_Pages/Landing_Page": null

2024-02-03 23:16:47 - [TEST_STEP][PASSED] - orPath_TaxTypeFilingYear = "Object Repository/RAD_Pages/TaxTypeFilingYear_Page": null

2024-02-03 23:16:47 - [TEST_STEP][PASSED] - orPath_TaxPayer = "Object Repository/RAD_Pages/Taxpayer_Page": null

2024-02-03 23:16:47 - [TEST_STEP][PASSED] - orPath_AddressContact = "Object Repository/RAD_Pages/AddressAndContactInfo_Page": null

2024-02-03 23:16:47 - [TEST_STEP][PASSED] - orPath_FilingStatus = "Object Repository/RAD_Pages/FilingStatus_Page": null

2024-02-03 23:16:47 - [TEST_STEP][PASSED] - orPath_Amount = "Object Repository/RAD_Pages/PaymentAmount_Page": null

2024-02-03 23:16:47 - [TEST_STEP][PASSED] - selectOptionByLabel(findTestObject(orPath_Landing + "/dd_TaxType"), Paymenttype, false): All options with label 'Existing Liability w/Notice Number' are selected in object 'Object Repository/RAD_Pages/Landing_Page/dd_TaxType' 

2024-02-03 23:16:49 - [MESSAGE][PASSED] - All options with label 'Existing Liability w/Notice Number' are selected in object 'Object Repository/RAD_Pages/Landing_Page/dd_TaxType' 

2024-02-03 23:16:49 - [TEST_STEP][PASSED] - delay(1): Delayed 1 second(s)

2024-02-03 23:16:50 - [MESSAGE][PASSED] - Delayed 1 second(s)

2024-02-03 23:16:50 - [TEST_STEP][PASSED] - switch (Paymenttype): null

2024-02-03 23:16:50 - [TEST_STEP][PASSED] - case "Existing Liability w/Notice Number":: null

2024-02-03 23:16:50 - [TEST_STEP][PASSED] - selectOptionByLabel(findTestObject(orPath_TaxTypeFilingYear + "/select_TaxType_ExistingLiability"), Taxtype, false): All options with label 'PTE Non-Electing S Corp' are selected in object 'Object Repository/RAD_Pages/TaxTypeFilingYear_Page/select_TaxType_ExistingLiability' 

2024-02-03 23:16:50 - [MESSAGE][PASSED] - All options with label 'PTE Non-Electing S Corp' are selected in object 'Object Repository/RAD_Pages/TaxTypeFilingYear_Page/select_TaxType_ExistingLiability' 

2024-02-03 23:16:50 - [TEST_STEP][PASSED] - break: null

2024-02-03 23:16:50 - [TEST_STEP][PASSED] - delay(1): Delayed 1 second(s)

2024-02-03 23:16:51 - [MESSAGE][PASSED] - Delayed 1 second(s)

2024-02-03 23:16:51 - [TEST_STEP][PASSED] - scrollToElement(findTestObject(orPath_Amount + "/input__paymentAmount"), 3): Scroll to object 'Object Repository/RAD_Pages/PaymentAmount_Page/input__paymentAmount' successfully

2024-02-03 23:16:52 - [MESSAGE][PASSED] - Scroll to object 'Object Repository/RAD_Pages/PaymentAmount_Page/input__paymentAmount' successfully

2024-02-03 23:16:52 - [TEST_STEP][PASSED] - setText(findTestObject(orPath_AddressContact + "/input_eMailAddress"), "imtiazster@gmail.com"): Text 'imtiazster@gmail.com' is set on object 'Object Repository/RAD_Pages/AddressAndContactInfo_Page/input_eMailAddress'

2024-02-03 23:16:53 - [MESSAGE][PASSED] - Text 'imtiazster@gmail.com' is set on object 'Object Repository/RAD_Pages/AddressAndContactInfo_Page/input_eMailAddress'

2024-02-03 23:16:53 - [TEST_STEP][PASSED] - setText(findTestObject(orPath_AddressContact + "/input_reEnterEMailAddress"), "iahmed@govolution.com"): Text 'iahmed@govolution.com' is set on object 'Object Repository/RAD_Pages/AddressAndContactInfo_Page/input_reEnterEMailAddress'

2024-02-03 23:16:53 - [MESSAGE][PASSED] - Text 'iahmed@govolution.com' is set on object 'Object Repository/RAD_Pages/AddressAndContactInfo_Page/input_reEnterEMailAddress'

2024-02-03 23:16:53 - [TEST_STEP][PASSED] - delay(2): Delayed 2 second(s)

2024-02-03 23:16:55 - [MESSAGE][PASSED] - Delayed 2 second(s)

2024-02-03 23:16:55 - [TEST_STEP][PASSED] - if (verifyTextPresent("The Email and Re-enter email do not match", true)): null

2024-02-03 23:16:56 - [MESSAGE][PASSED] - Text 'The Email and Re-enter email do not match' is present on page  using regular expression

2024-02-03 23:16:56 - [TEST_STEP][PASSED] - println("Emails Dont match text is present"): null

2024-02-03 23:16:56 - [TEST_STEP][PASSED] - out.println("Pass Record Number: " + row): null

2024-02-03 23:16:56 - [TEST_STEP][PASSED] - resText = "Pass": null

2024-02-03 23:16:56 - [TEST_STEP][PASSED] - pages.WriteExcel.demoKey(resText, datText, resColumn, datCloumn, fileLoc, nameSheet, row): pages.WriteExcel.demoKey is PASSED

2024-02-03 23:16:56 - [MESSAGE][PASSED] - pages.WriteExcel.demoKey is PASSED

2024-02-03 23:16:56 - [TEST_STEP][PASSED] - ExecuteTC = findTestData(dataFile).getValue("Execute", row): null

2024-02-03 23:16:56 - [TEST_STEP][PASSED] - Taxtype = findTestData(dataFile).getValue("TaxType", row): null

2024-02-03 23:16:56 - [TEST_STEP][PASSED] - Paymenttype = findTestData(dataFile).getValue("PaymentType", row): null

2024-02-03 23:16:56 - [TEST_STEP][PASSED] - out.println("Value of Execute is : " + ExecuteTC): null

2024-02-03 23:16:56 - [TEST_STEP][PASSED] - if (ExecuteTC.equalsIgnoreCase("Y")): null

2024-02-03 23:16:56 - [TEST_STEP][PASSED] - out.println("Begin Record Number: " + row): null

2024-02-03 23:16:56 - [TEST_STEP][PASSED] - today = new java.util.Date(): null

2024-02-03 23:16:56 - [TEST_STEP][PASSED] - println(today): null

2024-02-03 23:16:56 - [TEST_STEP][PASSED] - datText = today: null

2024-02-03 23:16:56 - [TEST_STEP][PASSED] - Taxtype = findTestData(dataFile).getValue("TaxType", row): null

2024-02-03 23:16:56 - [TEST_STEP][PASSED] - out.println("Taxtype value is : " + Taxtype): null

2024-02-03 23:16:56 - [TEST_STEP][PASSED] - openBrowser(""): Browser is opened with url: ''

2024-02-03 23:16:56 - [MESSAGE][WARNING] - A browser is already opened. Closing browser and opening a new one

2024-02-03 23:16:57 - [MESSAGE][INFO] - Starting 'Chrome' driver

2024-02-03 23:16:57 - [MESSAGE][INFO] - User set preference: ['acceptInsecureCerts', 'true']

2024-02-03 23:16:57 - [MESSAGE][INFO] - Action delay is set to 0 milliseconds

2024-02-03 23:16:59 - [MESSAGE][PASSED] - Browser is opened with url: ''

2024-02-03 23:16:59 - [TEST_STEP][PASSED] - maximizeWindow(): Current window maximized

2024-02-03 23:16:59 - [MESSAGE][PASSED] - Current window maximized

2024-02-03 23:16:59 - [TEST_STEP][PASSED] - navigateToUrl(RADurl): Navigate to 'https://qa2.velocitypayment.com/client/rad/index.html' successfully

2024-02-03 23:17:01 - [MESSAGE][PASSED] - Navigate to 'https://qa2.velocitypayment.com/client/rad/index.html' successfully

2024-02-03 23:17:01 - [TEST_STEP][PASSED] - orPath_Landing = "Object Repository/RAD_Pages/Landing_Page": null

2024-02-03 23:17:01 - [TEST_STEP][PASSED] - orPath_TaxTypeFilingYear = "Object Repository/RAD_Pages/TaxTypeFilingYear_Page": null

2024-02-03 23:17:01 - [TEST_STEP][PASSED] - orPath_TaxPayer = "Object Repository/RAD_Pages/Taxpayer_Page": null

2024-02-03 23:17:01 - [TEST_STEP][PASSED] - orPath_AddressContact = "Object Repository/RAD_Pages/AddressAndContactInfo_Page": null

2024-02-03 23:17:01 - [TEST_STEP][PASSED] - orPath_FilingStatus = "Object Repository/RAD_Pages/FilingStatus_Page": null

2024-02-03 23:17:01 - [TEST_STEP][PASSED] - orPath_Amount = "Object Repository/RAD_Pages/PaymentAmount_Page": null

2024-02-03 23:17:01 - [TEST_STEP][PASSED] - selectOptionByLabel(findTestObject(orPath_Landing + "/dd_TaxType"), Paymenttype, false): All options with label 'Existing Liability w/Notice Number' are selected in object 'Object Repository/RAD_Pages/Landing_Page/dd_TaxType' 

2024-02-03 23:17:01 - [MESSAGE][PASSED] - All options with label 'Existing Liability w/Notice Number' are selected in object 'Object Repository/RAD_Pages/Landing_Page/dd_TaxType' 

2024-02-03 23:17:01 - [TEST_STEP][PASSED] - delay(1): Delayed 1 second(s)

2024-02-03 23:17:02 - [MESSAGE][PASSED] - Delayed 1 second(s)

2024-02-03 23:17:02 - [TEST_STEP][PASSED] - switch (Paymenttype): null

2024-02-03 23:17:02 - [TEST_STEP][PASSED] - case "Existing Liability w/Notice Number":: null

2024-02-03 23:17:02 - [TEST_STEP][PASSED] - selectOptionByLabel(findTestObject(orPath_TaxTypeFilingYear + "/select_TaxType_ExistingLiability"), Taxtype, false): All options with label 'Sales & Use Tax' are selected in object 'Object Repository/RAD_Pages/TaxTypeFilingYear_Page/select_TaxType_ExistingLiability' 

2024-02-03 23:17:03 - [MESSAGE][PASSED] - All options with label 'Sales & Use Tax' are selected in object 'Object Repository/RAD_Pages/TaxTypeFilingYear_Page/select_TaxType_ExistingLiability' 

2024-02-03 23:17:03 - [TEST_STEP][PASSED] - break: null

2024-02-03 23:17:03 - [TEST_STEP][PASSED] - delay(1): Delayed 1 second(s)

2024-02-03 23:17:04 - [MESSAGE][PASSED] - Delayed 1 second(s)

2024-02-03 23:17:04 - [TEST_STEP][PASSED] - scrollToElement(findTestObject(orPath_Amount + "/input__paymentAmount"), 3): Scroll to object 'Object Repository/RAD_Pages/PaymentAmount_Page/input__paymentAmount' successfully

2024-02-03 23:17:04 - [MESSAGE][PASSED] - Scroll to object 'Object Repository/RAD_Pages/PaymentAmount_Page/input__paymentAmount' successfully

2024-02-03 23:17:04 - [TEST_STEP][PASSED] - setText(findTestObject(orPath_AddressContact + "/input_eMailAddress"), "imtiazster@gmail.com"): Text 'imtiazster@gmail.com' is set on object 'Object Repository/RAD_Pages/AddressAndContactInfo_Page/input_eMailAddress'

2024-02-03 23:17:05 - [MESSAGE][PASSED] - Text 'imtiazster@gmail.com' is set on object 'Object Repository/RAD_Pages/AddressAndContactInfo_Page/input_eMailAddress'

2024-02-03 23:17:05 - [TEST_STEP][PASSED] - setText(findTestObject(orPath_AddressContact + "/input_reEnterEMailAddress"), "iahmed@govolution.com"): Text 'iahmed@govolution.com' is set on object 'Object Repository/RAD_Pages/AddressAndContactInfo_Page/input_reEnterEMailAddress'

2024-02-03 23:17:06 - [MESSAGE][PASSED] - Text 'iahmed@govolution.com' is set on object 'Object Repository/RAD_Pages/AddressAndContactInfo_Page/input_reEnterEMailAddress'

2024-02-03 23:17:06 - [TEST_STEP][PASSED] - delay(2): Delayed 2 second(s)

2024-02-03 23:17:08 - [MESSAGE][PASSED] - Delayed 2 second(s)

2024-02-03 23:17:08 - [TEST_STEP][PASSED] - if (verifyTextPresent("The Email and Re-enter email do not match", true)): null

2024-02-03 23:17:08 - [MESSAGE][PASSED] - Text 'The Email and Re-enter email do not match' is present on page  using regular expression

2024-02-03 23:17:08 - [TEST_STEP][PASSED] - println("Emails Dont match text is present"): null

2024-02-03 23:17:08 - [TEST_STEP][PASSED] - out.println("Pass Record Number: " + row): null

2024-02-03 23:17:08 - [TEST_STEP][PASSED] - resText = "Pass": null

2024-02-03 23:17:08 - [TEST_STEP][PASSED] - pages.WriteExcel.demoKey(resText, datText, resColumn, datCloumn, fileLoc, nameSheet, row): pages.WriteExcel.demoKey is PASSED

2024-02-03 23:17:08 - [MESSAGE][PASSED] - pages.WriteExcel.demoKey is PASSED

2024-02-03 23:17:08 - [TEST_STEP][PASSED] - ExecuteTC = findTestData(dataFile).getValue("Execute", row): null

2024-02-03 23:17:09 - [TEST_STEP][PASSED] - Taxtype = findTestData(dataFile).getValue("TaxType", row): null

2024-02-03 23:17:09 - [TEST_STEP][PASSED] - Paymenttype = findTestData(dataFile).getValue("PaymentType", row): null

2024-02-03 23:17:09 - [TEST_STEP][PASSED] - out.println("Value of Execute is : " + ExecuteTC): null

2024-02-03 23:17:09 - [TEST_STEP][PASSED] - if (ExecuteTC.equalsIgnoreCase("Y")): null

2024-02-03 23:17:09 - [TEST_STEP][PASSED] - out.println("Begin Record Number: " + row): null

2024-02-03 23:17:09 - [TEST_STEP][PASSED] - today = new java.util.Date(): null

2024-02-03 23:17:09 - [TEST_STEP][PASSED] - println(today): null

2024-02-03 23:17:09 - [TEST_STEP][PASSED] - datText = today: null

2024-02-03 23:17:09 - [TEST_STEP][PASSED] - Taxtype = findTestData(dataFile).getValue("TaxType", row): null

2024-02-03 23:17:09 - [TEST_STEP][PASSED] - out.println("Taxtype value is : " + Taxtype): null

2024-02-03 23:17:09 - [TEST_STEP][PASSED] - openBrowser(""): Browser is opened with url: ''

2024-02-03 23:17:09 - [MESSAGE][WARNING] - A browser is already opened. Closing browser and opening a new one

2024-02-03 23:17:10 - [MESSAGE][INFO] - Starting 'Chrome' driver

2024-02-03 23:17:10 - [MESSAGE][INFO] - User set preference: ['acceptInsecureCerts', 'true']

2024-02-03 23:17:10 - [MESSAGE][INFO] - Action delay is set to 0 milliseconds

2024-02-03 23:17:11 - [MESSAGE][PASSED] - Browser is opened with url: ''

2024-02-03 23:17:11 - [TEST_STEP][PASSED] - maximizeWindow(): Current window maximized

2024-02-03 23:17:12 - [MESSAGE][PASSED] - Current window maximized

2024-02-03 23:17:12 - [TEST_STEP][PASSED] - navigateToUrl(RADurl): Navigate to 'https://qa2.velocitypayment.com/client/rad/index.html' successfully

2024-02-03 23:17:12 - [MESSAGE][PASSED] - Navigate to 'https://qa2.velocitypayment.com/client/rad/index.html' successfully

2024-02-03 23:17:12 - [TEST_STEP][PASSED] - orPath_Landing = "Object Repository/RAD_Pages/Landing_Page": null

2024-02-03 23:17:12 - [TEST_STEP][PASSED] - orPath_TaxTypeFilingYear = "Object Repository/RAD_Pages/TaxTypeFilingYear_Page": null

2024-02-03 23:17:12 - [TEST_STEP][PASSED] - orPath_TaxPayer = "Object Repository/RAD_Pages/Taxpayer_Page": null

2024-02-03 23:17:12 - [TEST_STEP][PASSED] - orPath_AddressContact = "Object Repository/RAD_Pages/AddressAndContactInfo_Page": null

2024-02-03 23:17:12 - [TEST_STEP][PASSED] - orPath_FilingStatus = "Object Repository/RAD_Pages/FilingStatus_Page": null

2024-02-03 23:17:12 - [TEST_STEP][PASSED] - orPath_Amount = "Object Repository/RAD_Pages/PaymentAmount_Page": null

2024-02-03 23:17:12 - [TEST_STEP][PASSED] - selectOptionByLabel(findTestObject(orPath_Landing + "/dd_TaxType"), Paymenttype, false): All options with label 'Existing Liability w/Notice Number' are selected in object 'Object Repository/RAD_Pages/Landing_Page/dd_TaxType' 

2024-02-03 23:17:14 - [MESSAGE][PASSED] - All options with label 'Existing Liability w/Notice Number' are selected in object 'Object Repository/RAD_Pages/Landing_Page/dd_TaxType' 

2024-02-03 23:17:14 - [TEST_STEP][PASSED] - delay(1): Delayed 1 second(s)

2024-02-03 23:17:15 - [MESSAGE][PASSED] - Delayed 1 second(s)

2024-02-03 23:17:15 - [TEST_STEP][PASSED] - switch (Paymenttype): null

2024-02-03 23:17:15 - [TEST_STEP][PASSED] - case "Existing Liability w/Notice Number":: null

2024-02-03 23:17:15 - [TEST_STEP][PASSED] - selectOptionByLabel(findTestObject(orPath_TaxTypeFilingYear + "/select_TaxType_ExistingLiability"), Taxtype, false): All options with label 'Tire Recycling Fee' are selected in object 'Object Repository/RAD_Pages/TaxTypeFilingYear_Page/select_TaxType_ExistingLiability' 

2024-02-03 23:17:16 - [MESSAGE][PASSED] - All options with label 'Tire Recycling Fee' are selected in object 'Object Repository/RAD_Pages/TaxTypeFilingYear_Page/select_TaxType_ExistingLiability' 

2024-02-03 23:17:16 - [TEST_STEP][PASSED] - break: null

2024-02-03 23:17:16 - [TEST_STEP][PASSED] - delay(1): Delayed 1 second(s)

2024-02-03 23:17:17 - [MESSAGE][PASSED] - Delayed 1 second(s)

2024-02-03 23:17:17 - [TEST_STEP][PASSED] - scrollToElement(findTestObject(orPath_Amount + "/input__paymentAmount"), 3): Scroll to object 'Object Repository/RAD_Pages/PaymentAmount_Page/input__paymentAmount' successfully

2024-02-03 23:17:17 - [MESSAGE][PASSED] - Scroll to object 'Object Repository/RAD_Pages/PaymentAmount_Page/input__paymentAmount' successfully

2024-02-03 23:17:17 - [TEST_STEP][PASSED] - setText(findTestObject(orPath_AddressContact + "/input_eMailAddress"), "imtiazster@gmail.com"): Text 'imtiazster@gmail.com' is set on object 'Object Repository/RAD_Pages/AddressAndContactInfo_Page/input_eMailAddress'

2024-02-03 23:17:18 - [MESSAGE][PASSED] - Text 'imtiazster@gmail.com' is set on object 'Object Repository/RAD_Pages/AddressAndContactInfo_Page/input_eMailAddress'

2024-02-03 23:17:18 - [TEST_STEP][PASSED] - setText(findTestObject(orPath_AddressContact + "/input_reEnterEMailAddress"), "iahmed@govolution.com"): Text 'iahmed@govolution.com' is set on object 'Object Repository/RAD_Pages/AddressAndContactInfo_Page/input_reEnterEMailAddress'

2024-02-03 23:17:19 - [MESSAGE][PASSED] - Text 'iahmed@govolution.com' is set on object 'Object Repository/RAD_Pages/AddressAndContactInfo_Page/input_reEnterEMailAddress'

2024-02-03 23:17:19 - [TEST_STEP][PASSED] - delay(2): Delayed 2 second(s)

2024-02-03 23:17:21 - [MESSAGE][PASSED] - Delayed 2 second(s)

2024-02-03 23:17:21 - [TEST_STEP][PASSED] - if (verifyTextPresent("The Email and Re-enter email do not match", true)): null

2024-02-03 23:17:21 - [MESSAGE][PASSED] - Text 'The Email and Re-enter email do not match' is present on page  using regular expression

2024-02-03 23:17:21 - [TEST_STEP][PASSED] - println("Emails Dont match text is present"): null

2024-02-03 23:17:21 - [TEST_STEP][PASSED] - out.println("Pass Record Number: " + row): null

2024-02-03 23:17:21 - [TEST_STEP][PASSED] - resText = "Pass": null

2024-02-03 23:17:21 - [TEST_STEP][PASSED] - pages.WriteExcel.demoKey(resText, datText, resColumn, datCloumn, fileLoc, nameSheet, row): pages.WriteExcel.demoKey is PASSED

2024-02-03 23:17:21 - [MESSAGE][PASSED] - pages.WriteExcel.demoKey is PASSED

2024-02-03 23:17:21 - [TEST_STEP][PASSED] - ExecuteTC = findTestData(dataFile).getValue("Execute", row): null

2024-02-03 23:17:21 - [TEST_STEP][PASSED] - Taxtype = findTestData(dataFile).getValue("TaxType", row): null

2024-02-03 23:17:21 - [TEST_STEP][PASSED] - Paymenttype = findTestData(dataFile).getValue("PaymentType", row): null

2024-02-03 23:17:21 - [TEST_STEP][PASSED] - out.println("Value of Execute is : " + ExecuteTC): null

2024-02-03 23:17:21 - [TEST_STEP][PASSED] - if (ExecuteTC.equalsIgnoreCase("Y")): null

2024-02-03 23:17:21 - [TEST_STEP][PASSED] - out.println("Begin Record Number: " + row): null

2024-02-03 23:17:21 - [TEST_STEP][PASSED] - today = new java.util.Date(): null

2024-02-03 23:17:21 - [TEST_STEP][PASSED] - println(today): null

2024-02-03 23:17:21 - [TEST_STEP][PASSED] - datText = today: null

2024-02-03 23:17:21 - [TEST_STEP][PASSED] - Taxtype = findTestData(dataFile).getValue("TaxType", row): null

2024-02-03 23:17:21 - [TEST_STEP][PASSED] - out.println("Taxtype value is : " + Taxtype): null

2024-02-03 23:17:21 - [TEST_STEP][PASSED] - openBrowser(""): Browser is opened with url: ''

2024-02-03 23:17:22 - [MESSAGE][WARNING] - A browser is already opened. Closing browser and opening a new one

2024-02-03 23:17:23 - [MESSAGE][INFO] - Starting 'Chrome' driver

2024-02-03 23:17:23 - [MESSAGE][INFO] - User set preference: ['acceptInsecureCerts', 'true']

2024-02-03 23:17:23 - [MESSAGE][INFO] - Action delay is set to 0 milliseconds

2024-02-03 23:17:24 - [MESSAGE][PASSED] - Browser is opened with url: ''

2024-02-03 23:17:24 - [TEST_STEP][PASSED] - maximizeWindow(): Current window maximized

2024-02-03 23:17:25 - [MESSAGE][PASSED] - Current window maximized

2024-02-03 23:17:25 - [TEST_STEP][PASSED] - navigateToUrl(RADurl): Navigate to 'https://qa2.velocitypayment.com/client/rad/index.html' successfully

2024-02-03 23:17:26 - [MESSAGE][PASSED] - Navigate to 'https://qa2.velocitypayment.com/client/rad/index.html' successfully

2024-02-03 23:17:26 - [TEST_STEP][PASSED] - orPath_Landing = "Object Repository/RAD_Pages/Landing_Page": null

2024-02-03 23:17:26 - [TEST_STEP][PASSED] - orPath_TaxTypeFilingYear = "Object Repository/RAD_Pages/TaxTypeFilingYear_Page": null

2024-02-03 23:17:26 - [TEST_STEP][PASSED] - orPath_TaxPayer = "Object Repository/RAD_Pages/Taxpayer_Page": null

2024-02-03 23:17:26 - [TEST_STEP][PASSED] - orPath_AddressContact = "Object Repository/RAD_Pages/AddressAndContactInfo_Page": null

2024-02-03 23:17:26 - [TEST_STEP][PASSED] - orPath_FilingStatus = "Object Repository/RAD_Pages/FilingStatus_Page": null

2024-02-03 23:17:26 - [TEST_STEP][PASSED] - orPath_Amount = "Object Repository/RAD_Pages/PaymentAmount_Page": null

2024-02-03 23:17:26 - [TEST_STEP][PASSED] - selectOptionByLabel(findTestObject(orPath_Landing + "/dd_TaxType"), Paymenttype, false): All options with label 'Existing Liability w/Notice Number' are selected in object 'Object Repository/RAD_Pages/Landing_Page/dd_TaxType' 

2024-02-03 23:17:27 - [MESSAGE][PASSED] - All options with label 'Existing Liability w/Notice Number' are selected in object 'Object Repository/RAD_Pages/Landing_Page/dd_TaxType' 

2024-02-03 23:17:27 - [TEST_STEP][PASSED] - delay(1): Delayed 1 second(s)

2024-02-03 23:17:28 - [MESSAGE][PASSED] - Delayed 1 second(s)

2024-02-03 23:17:28 - [TEST_STEP][PASSED] - switch (Paymenttype): null

2024-02-03 23:17:28 - [TEST_STEP][PASSED] - case "Existing Liability w/Notice Number":: null

2024-02-03 23:17:28 - [TEST_STEP][PASSED] - selectOptionByLabel(findTestObject(orPath_TaxTypeFilingYear + "/select_TaxType_ExistingLiability"), Taxtype, false): All options with label 'Withholding Tax' are selected in object 'Object Repository/RAD_Pages/TaxTypeFilingYear_Page/select_TaxType_ExistingLiability' 

2024-02-03 23:17:29 - [MESSAGE][PASSED] - All options with label 'Withholding Tax' are selected in object 'Object Repository/RAD_Pages/TaxTypeFilingYear_Page/select_TaxType_ExistingLiability' 

2024-02-03 23:17:29 - [TEST_STEP][PASSED] - break: null

2024-02-03 23:17:29 - [TEST_STEP][PASSED] - delay(1): Delayed 1 second(s)

2024-02-03 23:17:30 - [MESSAGE][PASSED] - Delayed 1 second(s)

2024-02-03 23:17:30 - [TEST_STEP][PASSED] - scrollToElement(findTestObject(orPath_Amount + "/input__paymentAmount"), 3): Scroll to object 'Object Repository/RAD_Pages/PaymentAmount_Page/input__paymentAmount' successfully

2024-02-03 23:17:30 - [MESSAGE][PASSED] - Scroll to object 'Object Repository/RAD_Pages/PaymentAmount_Page/input__paymentAmount' successfully

2024-02-03 23:17:30 - [TEST_STEP][PASSED] - setText(findTestObject(orPath_AddressContact + "/input_eMailAddress"), "imtiazster@gmail.com"): Text 'imtiazster@gmail.com' is set on object 'Object Repository/RAD_Pages/AddressAndContactInfo_Page/input_eMailAddress'

2024-02-03 23:17:31 - [MESSAGE][PASSED] - Text 'imtiazster@gmail.com' is set on object 'Object Repository/RAD_Pages/AddressAndContactInfo_Page/input_eMailAddress'

2024-02-03 23:17:31 - [TEST_STEP][PASSED] - setText(findTestObject(orPath_AddressContact + "/input_reEnterEMailAddress"), "iahmed@govolution.com"): Text 'iahmed@govolution.com' is set on object 'Object Repository/RAD_Pages/AddressAndContactInfo_Page/input_reEnterEMailAddress'

2024-02-03 23:17:32 - [MESSAGE][PASSED] - Text 'iahmed@govolution.com' is set on object 'Object Repository/RAD_Pages/AddressAndContactInfo_Page/input_reEnterEMailAddress'

2024-02-03 23:17:32 - [TEST_STEP][PASSED] - delay(2): Delayed 2 second(s)

2024-02-03 23:17:34 - [MESSAGE][PASSED] - Delayed 2 second(s)

2024-02-03 23:17:34 - [TEST_STEP][PASSED] - if (verifyTextPresent("The Email and Re-enter email do not match", true)): null

2024-02-03 23:17:34 - [MESSAGE][PASSED] - Text 'The Email and Re-enter email do not match' is present on page  using regular expression

2024-02-03 23:17:34 - [TEST_STEP][PASSED] - println("Emails Dont match text is present"): null

2024-02-03 23:17:34 - [TEST_STEP][PASSED] - out.println("Pass Record Number: " + row): null

2024-02-03 23:17:34 - [TEST_STEP][PASSED] - resText = "Pass": null

2024-02-03 23:17:34 - [TEST_STEP][PASSED] - pages.WriteExcel.demoKey(resText, datText, resColumn, datCloumn, fileLoc, nameSheet, row): pages.WriteExcel.demoKey is PASSED

2024-02-03 23:17:34 - [MESSAGE][PASSED] - pages.WriteExcel.demoKey is PASSED

2024-02-03 23:17:34 - [TEST_STEP][PASSED] - ExecuteTC = findTestData(dataFile).getValue("Execute", row): null

2024-02-03 23:17:34 - [TEST_STEP][PASSED] - Taxtype = findTestData(dataFile).getValue("TaxType", row): null

2024-02-03 23:17:34 - [TEST_STEP][PASSED] - Paymenttype = findTestData(dataFile).getValue("PaymentType", row): null

2024-02-03 23:17:34 - [TEST_STEP][PASSED] - out.println("Value of Execute is : " + ExecuteTC): null

2024-02-03 23:17:34 - [TEST_STEP][PASSED] - if (ExecuteTC.equalsIgnoreCase("Y")): null

2024-02-03 23:17:34 - [TEST_STEP][PASSED] - out.println("Begin Record Number: " + row): null

2024-02-03 23:17:34 - [TEST_STEP][PASSED] - today = new java.util.Date(): null

2024-02-03 23:17:34 - [TEST_STEP][PASSED] - println(today): null

2024-02-03 23:17:34 - [TEST_STEP][PASSED] - datText = today: null

2024-02-03 23:17:34 - [TEST_STEP][PASSED] - Taxtype = findTestData(dataFile).getValue("TaxType", row): null

2024-02-03 23:17:34 - [TEST_STEP][PASSED] - out.println("Taxtype value is : " + Taxtype): null

2024-02-03 23:17:34 - [TEST_STEP][PASSED] - openBrowser(""): Browser is opened with url: ''

2024-02-03 23:17:34 - [MESSAGE][WARNING] - A browser is already opened. Closing browser and opening a new one

2024-02-03 23:17:36 - [MESSAGE][INFO] - Starting 'Chrome' driver

2024-02-03 23:17:36 - [MESSAGE][INFO] - User set preference: ['acceptInsecureCerts', 'true']

2024-02-03 23:17:36 - [MESSAGE][INFO] - Action delay is set to 0 milliseconds

2024-02-03 23:17:37 - [MESSAGE][PASSED] - Browser is opened with url: ''

2024-02-03 23:17:37 - [TEST_STEP][PASSED] - maximizeWindow(): Current window maximized

2024-02-03 23:17:38 - [MESSAGE][PASSED] - Current window maximized

2024-02-03 23:17:38 - [TEST_STEP][PASSED] - navigateToUrl(RADurl): Navigate to 'https://qa2.velocitypayment.com/client/rad/index.html' successfully

2024-02-03 23:17:39 - [MESSAGE][PASSED] - Navigate to 'https://qa2.velocitypayment.com/client/rad/index.html' successfully

2024-02-03 23:17:39 - [TEST_STEP][PASSED] - orPath_Landing = "Object Repository/RAD_Pages/Landing_Page": null

2024-02-03 23:17:39 - [TEST_STEP][PASSED] - orPath_TaxTypeFilingYear = "Object Repository/RAD_Pages/TaxTypeFilingYear_Page": null

2024-02-03 23:17:39 - [TEST_STEP][PASSED] - orPath_TaxPayer = "Object Repository/RAD_Pages/Taxpayer_Page": null

2024-02-03 23:17:39 - [TEST_STEP][PASSED] - orPath_AddressContact = "Object Repository/RAD_Pages/AddressAndContactInfo_Page": null

2024-02-03 23:17:39 - [TEST_STEP][PASSED] - orPath_FilingStatus = "Object Repository/RAD_Pages/FilingStatus_Page": null

2024-02-03 23:17:39 - [TEST_STEP][PASSED] - orPath_Amount = "Object Repository/RAD_Pages/PaymentAmount_Page": null

2024-02-03 23:17:39 - [TEST_STEP][PASSED] - selectOptionByLabel(findTestObject(orPath_Landing + "/dd_TaxType"), Paymenttype, false): All options with label 'Existing Liability w/Notice Number' are selected in object 'Object Repository/RAD_Pages/Landing_Page/dd_TaxType' 

2024-02-03 23:17:40 - [MESSAGE][PASSED] - All options with label 'Existing Liability w/Notice Number' are selected in object 'Object Repository/RAD_Pages/Landing_Page/dd_TaxType' 

2024-02-03 23:17:40 - [TEST_STEP][PASSED] - delay(1): Delayed 1 second(s)

2024-02-03 23:17:41 - [MESSAGE][PASSED] - Delayed 1 second(s)

2024-02-03 23:17:41 - [TEST_STEP][PASSED] - switch (Paymenttype): null

2024-02-03 23:17:41 - [TEST_STEP][PASSED] - case "Existing Liability w/Notice Number":: null

2024-02-03 23:17:41 - [TEST_STEP][PASSED] - selectOptionByLabel(findTestObject(orPath_TaxTypeFilingYear + "/select_TaxType_ExistingLiability"), Taxtype, false): All options with label 'Alcohol Tax' are selected in object 'Object Repository/RAD_Pages/TaxTypeFilingYear_Page/select_TaxType_ExistingLiability' 

2024-02-03 23:17:42 - [MESSAGE][PASSED] - All options with label 'Alcohol Tax' are selected in object 'Object Repository/RAD_Pages/TaxTypeFilingYear_Page/select_TaxType_ExistingLiability' 

2024-02-03 23:17:42 - [TEST_STEP][PASSED] - break: null

2024-02-03 23:17:42 - [TEST_STEP][PASSED] - delay(1): Delayed 1 second(s)

2024-02-03 23:17:43 - [MESSAGE][PASSED] - Delayed 1 second(s)

2024-02-03 23:17:43 - [TEST_STEP][PASSED] - scrollToElement(findTestObject(orPath_Amount + "/input__paymentAmount"), 3): Scroll to object 'Object Repository/RAD_Pages/PaymentAmount_Page/input__paymentAmount' successfully

2024-02-03 23:17:43 - [MESSAGE][PASSED] - Scroll to object 'Object Repository/RAD_Pages/PaymentAmount_Page/input__paymentAmount' successfully

2024-02-03 23:17:43 - [TEST_STEP][PASSED] - setText(findTestObject(orPath_AddressContact + "/input_eMailAddress"), "imtiazster@gmail.com"): Text 'imtiazster@gmail.com' is set on object 'Object Repository/RAD_Pages/AddressAndContactInfo_Page/input_eMailAddress'

2024-02-03 23:17:44 - [MESSAGE][PASSED] - Text 'imtiazster@gmail.com' is set on object 'Object Repository/RAD_Pages/AddressAndContactInfo_Page/input_eMailAddress'

2024-02-03 23:17:44 - [TEST_STEP][PASSED] - setText(findTestObject(orPath_AddressContact + "/input_reEnterEMailAddress"), "iahmed@govolution.com"): Text 'iahmed@govolution.com' is set on object 'Object Repository/RAD_Pages/AddressAndContactInfo_Page/input_reEnterEMailAddress'

2024-02-03 23:17:45 - [MESSAGE][PASSED] - Text 'iahmed@govolution.com' is set on object 'Object Repository/RAD_Pages/AddressAndContactInfo_Page/input_reEnterEMailAddress'

2024-02-03 23:17:45 - [TEST_STEP][PASSED] - delay(2): Delayed 2 second(s)

2024-02-03 23:17:47 - [MESSAGE][PASSED] - Delayed 2 second(s)

2024-02-03 23:17:47 - [TEST_STEP][PASSED] - if (verifyTextPresent("The Email and Re-enter email do not match", true)): null

2024-02-03 23:17:47 - [MESSAGE][PASSED] - Text 'The Email and Re-enter email do not match' is present on page  using regular expression

2024-02-03 23:17:47 - [TEST_STEP][PASSED] - println("Emails Dont match text is present"): null

2024-02-03 23:17:47 - [TEST_STEP][PASSED] - out.println("Pass Record Number: " + row): null

2024-02-03 23:17:47 - [TEST_STEP][PASSED] - resText = "Pass": null

2024-02-03 23:17:47 - [TEST_STEP][PASSED] - pages.WriteExcel.demoKey(resText, datText, resColumn, datCloumn, fileLoc, nameSheet, row): pages.WriteExcel.demoKey is PASSED

2024-02-03 23:17:48 - [MESSAGE][PASSED] - pages.WriteExcel.demoKey is PASSED

2024-02-03 23:17:48 - [TEST_STEP][PASSED] - ExecuteTC = findTestData(dataFile).getValue("Execute", row): null

2024-02-03 23:17:48 - [TEST_STEP][PASSED] - Taxtype = findTestData(dataFile).getValue("TaxType", row): null

2024-02-03 23:17:48 - [TEST_STEP][PASSED] - Paymenttype = findTestData(dataFile).getValue("PaymentType", row): null

2024-02-03 23:17:48 - [TEST_STEP][PASSED] - out.println("Value of Execute is : " + ExecuteTC): null

2024-02-03 23:17:48 - [TEST_STEP][PASSED] - if (ExecuteTC.equalsIgnoreCase("Y")): null

2024-02-03 23:17:48 - [TEST_STEP][PASSED] - out.println("Begin Record Number: " + row): null

2024-02-03 23:17:48 - [TEST_STEP][PASSED] - today = new java.util.Date(): null

2024-02-03 23:17:48 - [TEST_STEP][PASSED] - println(today): null

2024-02-03 23:17:48 - [TEST_STEP][PASSED] - datText = today: null

2024-02-03 23:17:48 - [TEST_STEP][PASSED] - Taxtype = findTestData(dataFile).getValue("TaxType", row): null

2024-02-03 23:17:48 - [TEST_STEP][PASSED] - out.println("Taxtype value is : " + Taxtype): null

2024-02-03 23:17:48 - [TEST_STEP][PASSED] - openBrowser(""): Browser is opened with url: ''

2024-02-03 23:17:48 - [MESSAGE][WARNING] - A browser is already opened. Closing browser and opening a new one

2024-02-03 23:17:49 - [MESSAGE][INFO] - Starting 'Chrome' driver

2024-02-03 23:17:49 - [MESSAGE][INFO] - User set preference: ['acceptInsecureCerts', 'true']

2024-02-03 23:17:49 - [MESSAGE][INFO] - Action delay is set to 0 milliseconds

2024-02-03 23:17:51 - [MESSAGE][PASSED] - Browser is opened with url: ''

2024-02-03 23:17:51 - [TEST_STEP][PASSED] - maximizeWindow(): Current window maximized

2024-02-03 23:17:51 - [MESSAGE][PASSED] - Current window maximized

2024-02-03 23:17:51 - [TEST_STEP][PASSED] - navigateToUrl(RADurl): Navigate to 'https://qa2.velocitypayment.com/client/rad/index.html' successfully

2024-02-03 23:17:53 - [MESSAGE][PASSED] - Navigate to 'https://qa2.velocitypayment.com/client/rad/index.html' successfully

2024-02-03 23:17:53 - [TEST_STEP][PASSED] - orPath_Landing = "Object Repository/RAD_Pages/Landing_Page": null

2024-02-03 23:17:53 - [TEST_STEP][PASSED] - orPath_TaxTypeFilingYear = "Object Repository/RAD_Pages/TaxTypeFilingYear_Page": null

2024-02-03 23:17:53 - [TEST_STEP][PASSED] - orPath_TaxPayer = "Object Repository/RAD_Pages/Taxpayer_Page": null

2024-02-03 23:17:53 - [TEST_STEP][PASSED] - orPath_AddressContact = "Object Repository/RAD_Pages/AddressAndContactInfo_Page": null

2024-02-03 23:17:53 - [TEST_STEP][PASSED] - orPath_FilingStatus = "Object Repository/RAD_Pages/FilingStatus_Page": null

2024-02-03 23:17:53 - [TEST_STEP][PASSED] - orPath_Amount = "Object Repository/RAD_Pages/PaymentAmount_Page": null

2024-02-03 23:17:53 - [TEST_STEP][PASSED] - selectOptionByLabel(findTestObject(orPath_Landing + "/dd_TaxType"), Paymenttype, false): All options with label 'Existing Liability w/Notice Number' are selected in object 'Object Repository/RAD_Pages/Landing_Page/dd_TaxType' 

2024-02-03 23:17:54 - [MESSAGE][PASSED] - All options with label 'Existing Liability w/Notice Number' are selected in object 'Object Repository/RAD_Pages/Landing_Page/dd_TaxType' 

2024-02-03 23:17:54 - [TEST_STEP][PASSED] - delay(1): Delayed 1 second(s)

2024-02-03 23:17:55 - [MESSAGE][PASSED] - Delayed 1 second(s)

2024-02-03 23:17:55 - [TEST_STEP][PASSED] - switch (Paymenttype): null

2024-02-03 23:17:55 - [TEST_STEP][PASSED] - case "Existing Liability w/Notice Number":: null

2024-02-03 23:17:55 - [TEST_STEP][PASSED] - selectOptionByLabel(findTestObject(orPath_TaxTypeFilingYear + "/select_TaxType_ExistingLiability"), Taxtype, false): All options with label 'PTE Tax Electing Non-S Corp' are selected in object 'Object Repository/RAD_Pages/TaxTypeFilingYear_Page/select_TaxType_ExistingLiability' 

2024-02-03 23:17:55 - [MESSAGE][PASSED] - All options with label 'PTE Tax Electing Non-S Corp' are selected in object 'Object Repository/RAD_Pages/TaxTypeFilingYear_Page/select_TaxType_ExistingLiability' 

2024-02-03 23:17:55 - [TEST_STEP][PASSED] - break: null

2024-02-03 23:17:55 - [TEST_STEP][PASSED] - delay(1): Delayed 1 second(s)

2024-02-03 23:17:56 - [MESSAGE][PASSED] - Delayed 1 second(s)

2024-02-03 23:17:56 - [TEST_STEP][PASSED] - scrollToElement(findTestObject(orPath_Amount + "/input__paymentAmount"), 3): Scroll to object 'Object Repository/RAD_Pages/PaymentAmount_Page/input__paymentAmount' successfully

2024-02-03 23:17:57 - [MESSAGE][PASSED] - Scroll to object 'Object Repository/RAD_Pages/PaymentAmount_Page/input__paymentAmount' successfully

2024-02-03 23:17:57 - [TEST_STEP][PASSED] - setText(findTestObject(orPath_AddressContact + "/input_eMailAddress"), "imtiazster@gmail.com"): Text 'imtiazster@gmail.com' is set on object 'Object Repository/RAD_Pages/AddressAndContactInfo_Page/input_eMailAddress'

2024-02-03 23:17:57 - [MESSAGE][PASSED] - Text 'imtiazster@gmail.com' is set on object 'Object Repository/RAD_Pages/AddressAndContactInfo_Page/input_eMailAddress'

2024-02-03 23:17:57 - [TEST_STEP][PASSED] - setText(findTestObject(orPath_AddressContact + "/input_reEnterEMailAddress"), "iahmed@govolution.com"): Text 'iahmed@govolution.com' is set on object 'Object Repository/RAD_Pages/AddressAndContactInfo_Page/input_reEnterEMailAddress'

2024-02-03 23:17:58 - [MESSAGE][PASSED] - Text 'iahmed@govolution.com' is set on object 'Object Repository/RAD_Pages/AddressAndContactInfo_Page/input_reEnterEMailAddress'

2024-02-03 23:17:58 - [TEST_STEP][PASSED] - delay(2): Delayed 2 second(s)

2024-02-03 23:18:00 - [MESSAGE][PASSED] - Delayed 2 second(s)

2024-02-03 23:18:00 - [TEST_STEP][PASSED] - if (verifyTextPresent("The Email and Re-enter email do not match", true)): null

2024-02-03 23:18:01 - [MESSAGE][PASSED] - Text 'The Email and Re-enter email do not match' is present on page  using regular expression

2024-02-03 23:18:01 - [TEST_STEP][PASSED] - println("Emails Dont match text is present"): null

2024-02-03 23:18:01 - [TEST_STEP][PASSED] - out.println("Pass Record Number: " + row): null

2024-02-03 23:18:01 - [TEST_STEP][PASSED] - resText = "Pass": null

2024-02-03 23:18:01 - [TEST_STEP][PASSED] - pages.WriteExcel.demoKey(resText, datText, resColumn, datCloumn, fileLoc, nameSheet, row): pages.WriteExcel.demoKey is PASSED

2024-02-03 23:18:01 - [MESSAGE][PASSED] - pages.WriteExcel.demoKey is PASSED

2024-02-03 23:18:01 - [TEST_STEP][PASSED] - ExecuteTC = findTestData(dataFile).getValue("Execute", row): null

2024-02-03 23:18:01 - [TEST_STEP][PASSED] - Taxtype = findTestData(dataFile).getValue("TaxType", row): null

2024-02-03 23:18:01 - [TEST_STEP][PASSED] - Paymenttype = findTestData(dataFile).getValue("PaymentType", row): null

2024-02-03 23:18:01 - [TEST_STEP][PASSED] - out.println("Value of Execute is : " + ExecuteTC): null

2024-02-03 23:18:01 - [TEST_STEP][PASSED] - if (ExecuteTC.equalsIgnoreCase("Y")): null

2024-02-03 23:18:01 - [TEST_STEP][PASSED] - out.println("Begin Record Number: " + row): null

2024-02-03 23:18:01 - [TEST_STEP][PASSED] - today = new java.util.Date(): null

2024-02-03 23:18:01 - [TEST_STEP][PASSED] - println(today): null

2024-02-03 23:18:01 - [TEST_STEP][PASSED] - datText = today: null

2024-02-03 23:18:01 - [TEST_STEP][PASSED] - Taxtype = findTestData(dataFile).getValue("TaxType", row): null

2024-02-03 23:18:01 - [TEST_STEP][PASSED] - out.println("Taxtype value is : " + Taxtype): null

2024-02-03 23:18:01 - [TEST_STEP][PASSED] - openBrowser(""): Browser is opened with url: ''

2024-02-03 23:18:01 - [MESSAGE][WARNING] - A browser is already opened. Closing browser and opening a new one

2024-02-03 23:18:02 - [MESSAGE][INFO] - Starting 'Chrome' driver

2024-02-03 23:18:02 - [MESSAGE][INFO] - User set preference: ['acceptInsecureCerts', 'true']

2024-02-03 23:18:02 - [MESSAGE][INFO] - Action delay is set to 0 milliseconds

2024-02-03 23:18:04 - [MESSAGE][PASSED] - Browser is opened with url: ''

2024-02-03 23:18:04 - [TEST_STEP][PASSED] - maximizeWindow(): Current window maximized

2024-02-03 23:18:04 - [MESSAGE][PASSED] - Current window maximized

2024-02-03 23:18:04 - [TEST_STEP][PASSED] - navigateToUrl(RADurl): Navigate to 'https://qa2.velocitypayment.com/client/rad/index.html' successfully

2024-02-03 23:18:04 - [MESSAGE][PASSED] - Navigate to 'https://qa2.velocitypayment.com/client/rad/index.html' successfully

2024-02-03 23:18:04 - [TEST_STEP][PASSED] - orPath_Landing = "Object Repository/RAD_Pages/Landing_Page": null

2024-02-03 23:18:04 - [TEST_STEP][PASSED] - orPath_TaxTypeFilingYear = "Object Repository/RAD_Pages/TaxTypeFilingYear_Page": null

2024-02-03 23:18:04 - [TEST_STEP][PASSED] - orPath_TaxPayer = "Object Repository/RAD_Pages/Taxpayer_Page": null

2024-02-03 23:18:04 - [TEST_STEP][PASSED] - orPath_AddressContact = "Object Repository/RAD_Pages/AddressAndContactInfo_Page": null

2024-02-03 23:18:04 - [TEST_STEP][PASSED] - orPath_FilingStatus = "Object Repository/RAD_Pages/FilingStatus_Page": null

2024-02-03 23:18:04 - [TEST_STEP][PASSED] - orPath_Amount = "Object Repository/RAD_Pages/PaymentAmount_Page": null

2024-02-03 23:18:04 - [TEST_STEP][PASSED] - selectOptionByLabel(findTestObject(orPath_Landing + "/dd_TaxType"), Paymenttype, false): All options with label 'Existing Liability w/Notice Number' are selected in object 'Object Repository/RAD_Pages/Landing_Page/dd_TaxType' 

2024-02-03 23:18:06 - [MESSAGE][PASSED] - All options with label 'Existing Liability w/Notice Number' are selected in object 'Object Repository/RAD_Pages/Landing_Page/dd_TaxType' 

2024-02-03 23:18:06 - [TEST_STEP][PASSED] - delay(1): Delayed 1 second(s)

2024-02-03 23:18:07 - [MESSAGE][PASSED] - Delayed 1 second(s)

2024-02-03 23:18:07 - [TEST_STEP][PASSED] - switch (Paymenttype): null

2024-02-03 23:18:07 - [TEST_STEP][PASSED] - case "Existing Liability w/Notice Number":: null

2024-02-03 23:18:07 - [TEST_STEP][PASSED] - selectOptionByLabel(findTestObject(orPath_TaxTypeFilingYear + "/select_TaxType_ExistingLiability"), Taxtype, false): All options with label 'PTE Tax Electing S Corp' are selected in object 'Object Repository/RAD_Pages/TaxTypeFilingYear_Page/select_TaxType_ExistingLiability' 

2024-02-03 23:18:08 - [MESSAGE][PASSED] - All options with label 'PTE Tax Electing S Corp' are selected in object 'Object Repository/RAD_Pages/TaxTypeFilingYear_Page/select_TaxType_ExistingLiability' 

2024-02-03 23:18:08 - [TEST_STEP][PASSED] - break: null

2024-02-03 23:18:08 - [TEST_STEP][PASSED] - delay(1): Delayed 1 second(s)

2024-02-03 23:18:09 - [MESSAGE][PASSED] - Delayed 1 second(s)

2024-02-03 23:18:09 - [TEST_STEP][PASSED] - scrollToElement(findTestObject(orPath_Amount + "/input__paymentAmount"), 3): Scroll to object 'Object Repository/RAD_Pages/PaymentAmount_Page/input__paymentAmount' successfully

2024-02-03 23:18:09 - [MESSAGE][PASSED] - Scroll to object 'Object Repository/RAD_Pages/PaymentAmount_Page/input__paymentAmount' successfully

2024-02-03 23:18:09 - [TEST_STEP][PASSED] - setText(findTestObject(orPath_AddressContact + "/input_eMailAddress"), "imtiazster@gmail.com"): Text 'imtiazster@gmail.com' is set on object 'Object Repository/RAD_Pages/AddressAndContactInfo_Page/input_eMailAddress'

2024-02-03 23:18:10 - [MESSAGE][PASSED] - Text 'imtiazster@gmail.com' is set on object 'Object Repository/RAD_Pages/AddressAndContactInfo_Page/input_eMailAddress'

2024-02-03 23:18:10 - [TEST_STEP][PASSED] - setText(findTestObject(orPath_AddressContact + "/input_reEnterEMailAddress"), "iahmed@govolution.com"): Text 'iahmed@govolution.com' is set on object 'Object Repository/RAD_Pages/AddressAndContactInfo_Page/input_reEnterEMailAddress'

2024-02-03 23:18:11 - [MESSAGE][PASSED] - Text 'iahmed@govolution.com' is set on object 'Object Repository/RAD_Pages/AddressAndContactInfo_Page/input_reEnterEMailAddress'

2024-02-03 23:18:11 - [TEST_STEP][PASSED] - delay(2): Delayed 2 second(s)

2024-02-03 23:18:13 - [MESSAGE][PASSED] - Delayed 2 second(s)

2024-02-03 23:18:13 - [TEST_STEP][PASSED] - if (verifyTextPresent("The Email and Re-enter email do not match", true)): null

2024-02-03 23:18:13 - [MESSAGE][PASSED] - Text 'The Email and Re-enter email do not match' is present on page  using regular expression

2024-02-03 23:18:13 - [TEST_STEP][PASSED] - println("Emails Dont match text is present"): null

2024-02-03 23:18:13 - [TEST_STEP][PASSED] - out.println("Pass Record Number: " + row): null

2024-02-03 23:18:13 - [TEST_STEP][PASSED] - resText = "Pass": null

2024-02-03 23:18:13 - [TEST_STEP][PASSED] - pages.WriteExcel.demoKey(resText, datText, resColumn, datCloumn, fileLoc, nameSheet, row): pages.WriteExcel.demoKey is PASSED

2024-02-03 23:18:13 - [MESSAGE][PASSED] - pages.WriteExcel.demoKey is PASSED

2024-02-03 23:18:13 - [TEST_STEP][PASSED] - ExecuteTC = findTestData(dataFile).getValue("Execute", row): null

2024-02-03 23:18:13 - [TEST_STEP][PASSED] - Taxtype = findTestData(dataFile).getValue("TaxType", row): null

2024-02-03 23:18:13 - [TEST_STEP][PASSED] - Paymenttype = findTestData(dataFile).getValue("PaymentType", row): null

2024-02-03 23:18:14 - [TEST_STEP][PASSED] - out.println("Value of Execute is : " + ExecuteTC): null

2024-02-03 23:18:14 - [TEST_STEP][PASSED] - if (ExecuteTC.equalsIgnoreCase("Y")): null

2024-02-03 23:18:14 - [TEST_STEP][PASSED] - out.println("Begin Record Number: " + row): null

2024-02-03 23:18:14 - [TEST_STEP][PASSED] - today = new java.util.Date(): null

2024-02-03 23:18:14 - [TEST_STEP][PASSED] - println(today): null

2024-02-03 23:18:14 - [TEST_STEP][PASSED] - datText = today: null

2024-02-03 23:18:14 - [TEST_STEP][PASSED] - Taxtype = findTestData(dataFile).getValue("TaxType", row): null

2024-02-03 23:18:14 - [TEST_STEP][PASSED] - out.println("Taxtype value is : " + Taxtype): null

2024-02-03 23:18:14 - [TEST_STEP][PASSED] - openBrowser(""): Browser is opened with url: ''

2024-02-03 23:18:14 - [MESSAGE][WARNING] - A browser is already opened. Closing browser and opening a new one

2024-02-03 23:18:15 - [MESSAGE][INFO] - Starting 'Chrome' driver

2024-02-03 23:18:15 - [MESSAGE][INFO] - User set preference: ['acceptInsecureCerts', 'true']

2024-02-03 23:18:15 - [MESSAGE][INFO] - Action delay is set to 0 milliseconds

2024-02-03 23:18:17 - [MESSAGE][PASSED] - Browser is opened with url: ''

2024-02-03 23:18:17 - [TEST_STEP][PASSED] - maximizeWindow(): Current window maximized

2024-02-03 23:18:17 - [MESSAGE][PASSED] - Current window maximized

2024-02-03 23:18:17 - [TEST_STEP][PASSED] - navigateToUrl(RADurl): Navigate to 'https://qa2.velocitypayment.com/client/rad/index.html' successfully

2024-02-03 23:18:19 - [MESSAGE][PASSED] - Navigate to 'https://qa2.velocitypayment.com/client/rad/index.html' successfully

2024-02-03 23:18:19 - [TEST_STEP][PASSED] - orPath_Landing = "Object Repository/RAD_Pages/Landing_Page": null

2024-02-03 23:18:19 - [TEST_STEP][PASSED] - orPath_TaxTypeFilingYear = "Object Repository/RAD_Pages/TaxTypeFilingYear_Page": null

2024-02-03 23:18:19 - [TEST_STEP][PASSED] - orPath_TaxPayer = "Object Repository/RAD_Pages/Taxpayer_Page": null

2024-02-03 23:18:19 - [TEST_STEP][PASSED] - orPath_AddressContact = "Object Repository/RAD_Pages/AddressAndContactInfo_Page": null

2024-02-03 23:18:19 - [TEST_STEP][PASSED] - orPath_FilingStatus = "Object Repository/RAD_Pages/FilingStatus_Page": null

2024-02-03 23:18:19 - [TEST_STEP][PASSED] - orPath_Amount = "Object Repository/RAD_Pages/PaymentAmount_Page": null

2024-02-03 23:18:19 - [TEST_STEP][PASSED] - selectOptionByLabel(findTestObject(orPath_Landing + "/dd_TaxType"), Paymenttype, false): All options with label 'Existing Liability w/Notice Number' are selected in object 'Object Repository/RAD_Pages/Landing_Page/dd_TaxType' 

2024-02-03 23:18:19 - [MESSAGE][PASSED] - All options with label 'Existing Liability w/Notice Number' are selected in object 'Object Repository/RAD_Pages/Landing_Page/dd_TaxType' 

2024-02-03 23:18:19 - [TEST_STEP][PASSED] - delay(1): Delayed 1 second(s)

2024-02-03 23:18:20 - [MESSAGE][PASSED] - Delayed 1 second(s)

2024-02-03 23:18:20 - [TEST_STEP][PASSED] - switch (Paymenttype): null

2024-02-03 23:18:20 - [TEST_STEP][PASSED] - case "Existing Liability w/Notice Number":: null

2024-02-03 23:18:20 - [TEST_STEP][PASSED] - selectOptionByLabel(findTestObject(orPath_TaxTypeFilingYear + "/select_TaxType_ExistingLiability"), Taxtype, false): All options with label 'Personal Income Tax' are selected in object 'Object Repository/RAD_Pages/TaxTypeFilingYear_Page/select_TaxType_ExistingLiability' 

2024-02-03 23:18:21 - [MESSAGE][PASSED] - All options with label 'Personal Income Tax' are selected in object 'Object Repository/RAD_Pages/TaxTypeFilingYear_Page/select_TaxType_ExistingLiability' 

2024-02-03 23:18:21 - [TEST_STEP][PASSED] - break: null

2024-02-03 23:18:21 - [TEST_STEP][PASSED] - delay(1): Delayed 1 second(s)

2024-02-03 23:18:22 - [MESSAGE][PASSED] - Delayed 1 second(s)

2024-02-03 23:18:22 - [TEST_STEP][PASSED] - scrollToElement(findTestObject(orPath_Amount + "/input__paymentAmount"), 3): Scroll to object 'Object Repository/RAD_Pages/PaymentAmount_Page/input__paymentAmount' successfully

2024-02-03 23:18:22 - [MESSAGE][PASSED] - Scroll to object 'Object Repository/RAD_Pages/PaymentAmount_Page/input__paymentAmount' successfully

2024-02-03 23:18:22 - [TEST_STEP][PASSED] - setText(findTestObject(orPath_AddressContact + "/input_eMailAddress"), "imtiazster@gmail.com"): Text 'imtiazster@gmail.com' is set on object 'Object Repository/RAD_Pages/AddressAndContactInfo_Page/input_eMailAddress'

2024-02-03 23:18:23 - [MESSAGE][PASSED] - Text 'imtiazster@gmail.com' is set on object 'Object Repository/RAD_Pages/AddressAndContactInfo_Page/input_eMailAddress'

2024-02-03 23:18:23 - [TEST_STEP][PASSED] - setText(findTestObject(orPath_AddressContact + "/input_reEnterEMailAddress"), "iahmed@govolution.com"): Text 'iahmed@govolution.com' is set on object 'Object Repository/RAD_Pages/AddressAndContactInfo_Page/input_reEnterEMailAddress'

2024-02-03 23:18:24 - [MESSAGE][PASSED] - Text 'iahmed@govolution.com' is set on object 'Object Repository/RAD_Pages/AddressAndContactInfo_Page/input_reEnterEMailAddress'

2024-02-03 23:18:24 - [TEST_STEP][PASSED] - delay(2): Delayed 2 second(s)

2024-02-03 23:18:26 - [MESSAGE][PASSED] - Delayed 2 second(s)

2024-02-03 23:18:26 - [TEST_STEP][PASSED] - if (verifyTextPresent("The Email and Re-enter email do not match", true)): null

2024-02-03 23:18:27 - [MESSAGE][PASSED] - Text 'The Email and Re-enter email do not match' is present on page  using regular expression

2024-02-03 23:18:27 - [TEST_STEP][PASSED] - println("Emails Dont match text is present"): null

2024-02-03 23:18:27 - [TEST_STEP][PASSED] - out.println("Pass Record Number: " + row): null

2024-02-03 23:18:27 - [TEST_STEP][PASSED] - resText = "Pass": null

2024-02-03 23:18:27 - [TEST_STEP][PASSED] - pages.WriteExcel.demoKey(resText, datText, resColumn, datCloumn, fileLoc, nameSheet, row): pages.WriteExcel.demoKey is PASSED

2024-02-03 23:18:27 - [MESSAGE][PASSED] - pages.WriteExcel.demoKey is PASSED

2024-02-03 23:18:27 - [TEST_STEP][PASSED] - ExecuteTC = findTestData(dataFile).getValue("Execute", row): null

2024-02-03 23:18:27 - [TEST_STEP][PASSED] - Taxtype = findTestData(dataFile).getValue("TaxType", row): null

2024-02-03 23:18:27 - [TEST_STEP][PASSED] - Paymenttype = findTestData(dataFile).getValue("PaymentType", row): null

2024-02-03 23:18:27 - [TEST_STEP][PASSED] - out.println("Value of Execute is : " + ExecuteTC): null

2024-02-03 23:18:27 - [TEST_STEP][PASSED] - if (ExecuteTC.equalsIgnoreCase("Y")): null

2024-02-03 23:18:27 - [TEST_STEP][PASSED] - out.println("Begin Record Number: " + row): null

2024-02-03 23:18:27 - [TEST_STEP][PASSED] - today = new java.util.Date(): null

2024-02-03 23:18:27 - [TEST_STEP][PASSED] - println(today): null

2024-02-03 23:18:27 - [TEST_STEP][PASSED] - datText = today: null

2024-02-03 23:18:27 - [TEST_STEP][PASSED] - Taxtype = findTestData(dataFile).getValue("TaxType", row): null

2024-02-03 23:18:27 - [TEST_STEP][PASSED] - out.println("Taxtype value is : " + Taxtype): null

2024-02-03 23:18:27 - [TEST_STEP][PASSED] - openBrowser(""): Browser is opened with url: ''

2024-02-03 23:18:27 - [MESSAGE][WARNING] - A browser is already opened. Closing browser and opening a new one

2024-02-03 23:18:28 - [MESSAGE][INFO] - Starting 'Chrome' driver

2024-02-03 23:18:28 - [MESSAGE][INFO] - User set preference: ['acceptInsecureCerts', 'true']

2024-02-03 23:18:28 - [MESSAGE][INFO] - Action delay is set to 0 milliseconds

2024-02-03 23:18:30 - [MESSAGE][PASSED] - Browser is opened with url: ''

2024-02-03 23:18:30 - [TEST_STEP][PASSED] - maximizeWindow(): Current window maximized

2024-02-03 23:18:30 - [MESSAGE][PASSED] - Current window maximized

2024-02-03 23:18:30 - [TEST_STEP][PASSED] - navigateToUrl(RADurl): Navigate to 'https://qa2.velocitypayment.com/client/rad/index.html' successfully

2024-02-03 23:18:31 - [MESSAGE][PASSED] - Navigate to 'https://qa2.velocitypayment.com/client/rad/index.html' successfully

2024-02-03 23:18:31 - [TEST_STEP][PASSED] - orPath_Landing = "Object Repository/RAD_Pages/Landing_Page": null

2024-02-03 23:18:31 - [TEST_STEP][PASSED] - orPath_TaxTypeFilingYear = "Object Repository/RAD_Pages/TaxTypeFilingYear_Page": null

2024-02-03 23:18:31 - [TEST_STEP][PASSED] - orPath_TaxPayer = "Object Repository/RAD_Pages/Taxpayer_Page": null

2024-02-03 23:18:31 - [TEST_STEP][PASSED] - orPath_AddressContact = "Object Repository/RAD_Pages/AddressAndContactInfo_Page": null

2024-02-03 23:18:31 - [TEST_STEP][PASSED] - orPath_FilingStatus = "Object Repository/RAD_Pages/FilingStatus_Page": null

2024-02-03 23:18:31 - [TEST_STEP][PASSED] - orPath_Amount = "Object Repository/RAD_Pages/PaymentAmount_Page": null

2024-02-03 23:18:31 - [TEST_STEP][PASSED] - selectOptionByLabel(findTestObject(orPath_Landing + "/dd_TaxType"), Paymenttype, false): All options with label 'Quarterly Estimated Tax' are selected in object 'Object Repository/RAD_Pages/Landing_Page/dd_TaxType' 

2024-02-03 23:18:32 - [MESSAGE][PASSED] - All options with label 'Quarterly Estimated Tax' are selected in object 'Object Repository/RAD_Pages/Landing_Page/dd_TaxType' 

2024-02-03 23:18:32 - [TEST_STEP][PASSED] - delay(1): Delayed 1 second(s)

2024-02-03 23:18:33 - [MESSAGE][PASSED] - Delayed 1 second(s)

2024-02-03 23:18:33 - [TEST_STEP][PASSED] - switch (Paymenttype): null

2024-02-03 23:18:33 - [TEST_STEP][PASSED] - case "Quarterly Estimated Tax":: null

2024-02-03 23:18:33 - [TEST_STEP][PASSED] - selectOptionByLabel(findTestObject(orPath_TaxTypeFilingYear + "/select_PaymentType"), Taxtype, false): All options with label 'Corporate Income Tax' are selected in object 'Object Repository/RAD_Pages/TaxTypeFilingYear_Page/select_PaymentType' 

2024-02-03 23:18:34 - [MESSAGE][PASSED] - All options with label 'Corporate Income Tax' are selected in object 'Object Repository/RAD_Pages/TaxTypeFilingYear_Page/select_PaymentType' 

2024-02-03 23:18:34 - [TEST_STEP][PASSED] - break: null

2024-02-03 23:18:34 - [TEST_STEP][PASSED] - delay(1): Delayed 1 second(s)

2024-02-03 23:18:35 - [MESSAGE][PASSED] - Delayed 1 second(s)

2024-02-03 23:18:35 - [TEST_STEP][PASSED] - scrollToElement(findTestObject(orPath_Amount + "/input__paymentAmount"), 3): Scroll to object 'Object Repository/RAD_Pages/PaymentAmount_Page/input__paymentAmount' successfully

2024-02-03 23:18:35 - [MESSAGE][PASSED] - Scroll to object 'Object Repository/RAD_Pages/PaymentAmount_Page/input__paymentAmount' successfully

2024-02-03 23:18:35 - [TEST_STEP][PASSED] - setText(findTestObject(orPath_AddressContact + "/input_eMailAddress"), "imtiazster@gmail.com"): Text 'imtiazster@gmail.com' is set on object 'Object Repository/RAD_Pages/AddressAndContactInfo_Page/input_eMailAddress'

2024-02-03 23:18:36 - [MESSAGE][PASSED] - Text 'imtiazster@gmail.com' is set on object 'Object Repository/RAD_Pages/AddressAndContactInfo_Page/input_eMailAddress'

2024-02-03 23:18:36 - [TEST_STEP][PASSED] - setText(findTestObject(orPath_AddressContact + "/input_reEnterEMailAddress"), "iahmed@govolution.com"): Text 'iahmed@govolution.com' is set on object 'Object Repository/RAD_Pages/AddressAndContactInfo_Page/input_reEnterEMailAddress'

2024-02-03 23:18:37 - [MESSAGE][PASSED] - Text 'iahmed@govolution.com' is set on object 'Object Repository/RAD_Pages/AddressAndContactInfo_Page/input_reEnterEMailAddress'

2024-02-03 23:18:37 - [TEST_STEP][PASSED] - delay(2): Delayed 2 second(s)

2024-02-03 23:18:39 - [MESSAGE][PASSED] - Delayed 2 second(s)

2024-02-03 23:18:39 - [TEST_STEP][PASSED] - if (verifyTextPresent("The Email and Re-enter email do not match", true)): null

2024-02-03 23:18:39 - [MESSAGE][PASSED] - Text 'The Email and Re-enter email do not match' is present on page  using regular expression

2024-02-03 23:18:39 - [TEST_STEP][PASSED] - println("Emails Dont match text is present"): null

2024-02-03 23:18:39 - [TEST_STEP][PASSED] - out.println("Pass Record Number: " + row): null

2024-02-03 23:18:39 - [TEST_STEP][PASSED] - resText = "Pass": null

2024-02-03 23:18:39 - [TEST_STEP][PASSED] - pages.WriteExcel.demoKey(resText, datText, resColumn, datCloumn, fileLoc, nameSheet, row): pages.WriteExcel.demoKey is PASSED

2024-02-03 23:18:39 - [MESSAGE][PASSED] - pages.WriteExcel.demoKey is PASSED

2024-02-03 23:18:39 - [TEST_STEP][PASSED] - ExecuteTC = findTestData(dataFile).getValue("Execute", row): null

2024-02-03 23:18:39 - [TEST_STEP][PASSED] - Taxtype = findTestData(dataFile).getValue("TaxType", row): null

2024-02-03 23:18:39 - [TEST_STEP][PASSED] - Paymenttype = findTestData(dataFile).getValue("PaymentType", row): null

2024-02-03 23:18:39 - [TEST_STEP][PASSED] - out.println("Value of Execute is : " + ExecuteTC): null

2024-02-03 23:18:39 - [TEST_STEP][PASSED] - if (ExecuteTC.equalsIgnoreCase("Y")): null

2024-02-03 23:18:39 - [TEST_STEP][PASSED] - out.println("Begin Record Number: " + row): null

2024-02-03 23:18:39 - [TEST_STEP][PASSED] - today = new java.util.Date(): null

2024-02-03 23:18:39 - [TEST_STEP][PASSED] - println(today): null

2024-02-03 23:18:39 - [TEST_STEP][PASSED] - datText = today: null

2024-02-03 23:18:39 - [TEST_STEP][PASSED] - Taxtype = findTestData(dataFile).getValue("TaxType", row): null

2024-02-03 23:18:39 - [TEST_STEP][PASSED] - out.println("Taxtype value is : " + Taxtype): null

2024-02-03 23:18:39 - [TEST_STEP][PASSED] - openBrowser(""): Browser is opened with url: ''

2024-02-03 23:18:39 - [MESSAGE][WARNING] - A browser is already opened. Closing browser and opening a new one

2024-02-03 23:18:41 - [MESSAGE][INFO] - Starting 'Chrome' driver

2024-02-03 23:18:41 - [MESSAGE][INFO] - User set preference: ['acceptInsecureCerts', 'true']

2024-02-03 23:18:41 - [MESSAGE][INFO] - Action delay is set to 0 milliseconds

2024-02-03 23:18:44 - [MESSAGE][PASSED] - Browser is opened with url: ''

2024-02-03 23:18:44 - [TEST_STEP][PASSED] - maximizeWindow(): Current window maximized

2024-02-03 23:18:44 - [MESSAGE][PASSED] - Current window maximized

2024-02-03 23:18:44 - [TEST_STEP][PASSED] - navigateToUrl(RADurl): Navigate to 'https://qa2.velocitypayment.com/client/rad/index.html' successfully

2024-02-03 23:18:46 - [MESSAGE][PASSED] - Navigate to 'https://qa2.velocitypayment.com/client/rad/index.html' successfully

2024-02-03 23:18:46 - [TEST_STEP][PASSED] - orPath_Landing = "Object Repository/RAD_Pages/Landing_Page": null

2024-02-03 23:18:46 - [TEST_STEP][PASSED] - orPath_TaxTypeFilingYear = "Object Repository/RAD_Pages/TaxTypeFilingYear_Page": null

2024-02-03 23:18:46 - [TEST_STEP][PASSED] - orPath_TaxPayer = "Object Repository/RAD_Pages/Taxpayer_Page": null

2024-02-03 23:18:46 - [TEST_STEP][PASSED] - orPath_AddressContact = "Object Repository/RAD_Pages/AddressAndContactInfo_Page": null

2024-02-03 23:18:46 - [TEST_STEP][PASSED] - orPath_FilingStatus = "Object Repository/RAD_Pages/FilingStatus_Page": null

2024-02-03 23:18:46 - [TEST_STEP][PASSED] - orPath_Amount = "Object Repository/RAD_Pages/PaymentAmount_Page": null

2024-02-03 23:18:46 - [TEST_STEP][PASSED] - selectOptionByLabel(findTestObject(orPath_Landing + "/dd_TaxType"), Paymenttype, false): All options with label 'Quarterly Estimated Tax' are selected in object 'Object Repository/RAD_Pages/Landing_Page/dd_TaxType' 

2024-02-03 23:18:47 - [MESSAGE][PASSED] - All options with label 'Quarterly Estimated Tax' are selected in object 'Object Repository/RAD_Pages/Landing_Page/dd_TaxType' 

2024-02-03 23:18:47 - [TEST_STEP][PASSED] - delay(1): Delayed 1 second(s)

2024-02-03 23:18:48 - [MESSAGE][PASSED] - Delayed 1 second(s)

2024-02-03 23:18:48 - [TEST_STEP][PASSED] - switch (Paymenttype): null

2024-02-03 23:18:48 - [TEST_STEP][PASSED] - case "Quarterly Estimated Tax":: null

2024-02-03 23:18:48 - [TEST_STEP][PASSED] - selectOptionByLabel(findTestObject(orPath_TaxTypeFilingYear + "/select_PaymentType"), Taxtype, false): All options with label 'Fiduciary Tax' are selected in object 'Object Repository/RAD_Pages/TaxTypeFilingYear_Page/select_PaymentType' 

2024-02-03 23:18:49 - [MESSAGE][PASSED] - All options with label 'Fiduciary Tax' are selected in object 'Object Repository/RAD_Pages/TaxTypeFilingYear_Page/select_PaymentType' 

2024-02-03 23:18:49 - [TEST_STEP][PASSED] - break: null

2024-02-03 23:18:49 - [TEST_STEP][PASSED] - delay(1): Delayed 1 second(s)

2024-02-03 23:18:50 - [MESSAGE][PASSED] - Delayed 1 second(s)

2024-02-03 23:18:50 - [TEST_STEP][PASSED] - scrollToElement(findTestObject(orPath_Amount + "/input__paymentAmount"), 3): Scroll to object 'Object Repository/RAD_Pages/PaymentAmount_Page/input__paymentAmount' successfully

2024-02-03 23:18:50 - [MESSAGE][PASSED] - Scroll to object 'Object Repository/RAD_Pages/PaymentAmount_Page/input__paymentAmount' successfully

2024-02-03 23:18:50 - [TEST_STEP][PASSED] - setText(findTestObject(orPath_AddressContact + "/input_eMailAddress"), "imtiazster@gmail.com"): Text 'imtiazster@gmail.com' is set on object 'Object Repository/RAD_Pages/AddressAndContactInfo_Page/input_eMailAddress'

2024-02-03 23:18:51 - [MESSAGE][PASSED] - Text 'imtiazster@gmail.com' is set on object 'Object Repository/RAD_Pages/AddressAndContactInfo_Page/input_eMailAddress'

2024-02-03 23:18:51 - [TEST_STEP][PASSED] - setText(findTestObject(orPath_AddressContact + "/input_reEnterEMailAddress"), "iahmed@govolution.com"): Text 'iahmed@govolution.com' is set on object 'Object Repository/RAD_Pages/AddressAndContactInfo_Page/input_reEnterEMailAddress'

2024-02-03 23:18:52 - [MESSAGE][PASSED] - Text 'iahmed@govolution.com' is set on object 'Object Repository/RAD_Pages/AddressAndContactInfo_Page/input_reEnterEMailAddress'

2024-02-03 23:18:52 - [TEST_STEP][PASSED] - delay(2): Delayed 2 second(s)

2024-02-03 23:18:54 - [MESSAGE][PASSED] - Delayed 2 second(s)

2024-02-03 23:18:54 - [TEST_STEP][PASSED] - if (verifyTextPresent("The Email and Re-enter email do not match", true)): null

2024-02-03 23:18:54 - [MESSAGE][PASSED] - Text 'The Email and Re-enter email do not match' is present on page  using regular expression

2024-02-03 23:18:54 - [TEST_STEP][PASSED] - println("Emails Dont match text is present"): null

2024-02-03 23:18:54 - [TEST_STEP][PASSED] - out.println("Pass Record Number: " + row): null

2024-02-03 23:18:54 - [TEST_STEP][PASSED] - resText = "Pass": null

2024-02-03 23:18:54 - [TEST_STEP][PASSED] - pages.WriteExcel.demoKey(resText, datText, resColumn, datCloumn, fileLoc, nameSheet, row): pages.WriteExcel.demoKey is PASSED

2024-02-03 23:18:54 - [MESSAGE][PASSED] - pages.WriteExcel.demoKey is PASSED

2024-02-03 23:18:54 - [TEST_STEP][PASSED] - ExecuteTC = findTestData(dataFile).getValue("Execute", row): null

2024-02-03 23:18:54 - [TEST_STEP][PASSED] - Taxtype = findTestData(dataFile).getValue("TaxType", row): null

2024-02-03 23:18:54 - [TEST_STEP][PASSED] - Paymenttype = findTestData(dataFile).getValue("PaymentType", row): null

2024-02-03 23:18:54 - [TEST_STEP][PASSED] - out.println("Value of Execute is : " + ExecuteTC): null

2024-02-03 23:18:54 - [TEST_STEP][PASSED] - if (ExecuteTC.equalsIgnoreCase("Y")): null

2024-02-03 23:18:54 - [TEST_STEP][PASSED] - out.println("Begin Record Number: " + row): null

2024-02-03 23:18:54 - [TEST_STEP][PASSED] - today = new java.util.Date(): null

2024-02-03 23:18:54 - [TEST_STEP][PASSED] - println(today): null

2024-02-03 23:18:54 - [TEST_STEP][PASSED] - datText = today: null

2024-02-03 23:18:54 - [TEST_STEP][PASSED] - Taxtype = findTestData(dataFile).getValue("TaxType", row): null

2024-02-03 23:18:54 - [TEST_STEP][PASSED] - out.println("Taxtype value is : " + Taxtype): null

2024-02-03 23:18:54 - [TEST_STEP][PASSED] - openBrowser(""): Browser is opened with url: ''

2024-02-03 23:18:54 - [MESSAGE][WARNING] - A browser is already opened. Closing browser and opening a new one

2024-02-03 23:18:56 - [MESSAGE][INFO] - Starting 'Chrome' driver

2024-02-03 23:18:56 - [MESSAGE][INFO] - User set preference: ['acceptInsecureCerts', 'true']

2024-02-03 23:18:56 - [MESSAGE][INFO] - Action delay is set to 0 milliseconds

2024-02-03 23:18:58 - [MESSAGE][PASSED] - Browser is opened with url: ''

2024-02-03 23:18:58 - [TEST_STEP][PASSED] - maximizeWindow(): Current window maximized

2024-02-03 23:18:58 - [MESSAGE][PASSED] - Current window maximized

2024-02-03 23:18:58 - [TEST_STEP][PASSED] - navigateToUrl(RADurl): Navigate to 'https://qa2.velocitypayment.com/client/rad/index.html' successfully

2024-02-03 23:18:58 - [MESSAGE][PASSED] - Navigate to 'https://qa2.velocitypayment.com/client/rad/index.html' successfully

2024-02-03 23:18:58 - [TEST_STEP][PASSED] - orPath_Landing = "Object Repository/RAD_Pages/Landing_Page": null

2024-02-03 23:18:58 - [TEST_STEP][PASSED] - orPath_TaxTypeFilingYear = "Object Repository/RAD_Pages/TaxTypeFilingYear_Page": null

2024-02-03 23:18:58 - [TEST_STEP][PASSED] - orPath_TaxPayer = "Object Repository/RAD_Pages/Taxpayer_Page": null

2024-02-03 23:18:58 - [TEST_STEP][PASSED] - orPath_AddressContact = "Object Repository/RAD_Pages/AddressAndContactInfo_Page": null

2024-02-03 23:18:58 - [TEST_STEP][PASSED] - orPath_FilingStatus = "Object Repository/RAD_Pages/FilingStatus_Page": null

2024-02-03 23:18:58 - [TEST_STEP][PASSED] - orPath_Amount = "Object Repository/RAD_Pages/PaymentAmount_Page": null

2024-02-03 23:18:58 - [TEST_STEP][PASSED] - selectOptionByLabel(findTestObject(orPath_Landing + "/dd_TaxType"), Paymenttype, false): All options with label 'Quarterly Estimated Tax' are selected in object 'Object Repository/RAD_Pages/Landing_Page/dd_TaxType' 

2024-02-03 23:19:00 - [MESSAGE][PASSED] - All options with label 'Quarterly Estimated Tax' are selected in object 'Object Repository/RAD_Pages/Landing_Page/dd_TaxType' 

2024-02-03 23:19:00 - [TEST_STEP][PASSED] - delay(1): Delayed 1 second(s)

2024-02-03 23:19:01 - [MESSAGE][PASSED] - Delayed 1 second(s)

2024-02-03 23:19:01 - [TEST_STEP][PASSED] - switch (Paymenttype): null

2024-02-03 23:19:01 - [TEST_STEP][PASSED] - case "Quarterly Estimated Tax":: null

2024-02-03 23:19:01 - [TEST_STEP][PASSED] - selectOptionByLabel(findTestObject(orPath_TaxTypeFilingYear + "/select_PaymentType"), Taxtype, false): All options with label 'PTE Non-Electing Non-S Corp' are selected in object 'Object Repository/RAD_Pages/TaxTypeFilingYear_Page/select_PaymentType' 

2024-02-03 23:19:02 - [MESSAGE][PASSED] - All options with label 'PTE Non-Electing Non-S Corp' are selected in object 'Object Repository/RAD_Pages/TaxTypeFilingYear_Page/select_PaymentType' 

2024-02-03 23:19:02 - [TEST_STEP][PASSED] - break: null

2024-02-03 23:19:02 - [TEST_STEP][PASSED] - delay(1): Delayed 1 second(s)

2024-02-03 23:19:03 - [MESSAGE][PASSED] - Delayed 1 second(s)

2024-02-03 23:19:03 - [TEST_STEP][PASSED] - scrollToElement(findTestObject(orPath_Amount + "/input__paymentAmount"), 3): Scroll to object 'Object Repository/RAD_Pages/PaymentAmount_Page/input__paymentAmount' successfully

2024-02-03 23:19:03 - [MESSAGE][PASSED] - Scroll to object 'Object Repository/RAD_Pages/PaymentAmount_Page/input__paymentAmount' successfully

2024-02-03 23:19:03 - [TEST_STEP][PASSED] - setText(findTestObject(orPath_AddressContact + "/input_eMailAddress"), "imtiazster@gmail.com"): Text 'imtiazster@gmail.com' is set on object 'Object Repository/RAD_Pages/AddressAndContactInfo_Page/input_eMailAddress'

2024-02-03 23:19:04 - [MESSAGE][PASSED] - Text 'imtiazster@gmail.com' is set on object 'Object Repository/RAD_Pages/AddressAndContactInfo_Page/input_eMailAddress'

2024-02-03 23:19:04 - [TEST_STEP][PASSED] - setText(findTestObject(orPath_AddressContact + "/input_reEnterEMailAddress"), "iahmed@govolution.com"): Text 'iahmed@govolution.com' is set on object 'Object Repository/RAD_Pages/AddressAndContactInfo_Page/input_reEnterEMailAddress'

2024-02-03 23:19:05 - [MESSAGE][PASSED] - Text 'iahmed@govolution.com' is set on object 'Object Repository/RAD_Pages/AddressAndContactInfo_Page/input_reEnterEMailAddress'

2024-02-03 23:19:05 - [TEST_STEP][PASSED] - delay(2): Delayed 2 second(s)

2024-02-03 23:19:07 - [MESSAGE][PASSED] - Delayed 2 second(s)

2024-02-03 23:19:07 - [TEST_STEP][PASSED] - if (verifyTextPresent("The Email and Re-enter email do not match", true)): null

2024-02-03 23:19:07 - [MESSAGE][PASSED] - Text 'The Email and Re-enter email do not match' is present on page  using regular expression

2024-02-03 23:19:07 - [TEST_STEP][PASSED] - println("Emails Dont match text is present"): null

2024-02-03 23:19:07 - [TEST_STEP][PASSED] - out.println("Pass Record Number: " + row): null

2024-02-03 23:19:07 - [TEST_STEP][PASSED] - resText = "Pass": null

2024-02-03 23:19:07 - [TEST_STEP][PASSED] - pages.WriteExcel.demoKey(resText, datText, resColumn, datCloumn, fileLoc, nameSheet, row): pages.WriteExcel.demoKey is PASSED

2024-02-03 23:19:07 - [MESSAGE][PASSED] - pages.WriteExcel.demoKey is PASSED

2024-02-03 23:19:07 - [TEST_STEP][PASSED] - ExecuteTC = findTestData(dataFile).getValue("Execute", row): null

2024-02-03 23:19:08 - [TEST_STEP][PASSED] - Taxtype = findTestData(dataFile).getValue("TaxType", row): null

2024-02-03 23:19:08 - [TEST_STEP][PASSED] - Paymenttype = findTestData(dataFile).getValue("PaymentType", row): null

2024-02-03 23:19:08 - [TEST_STEP][PASSED] - out.println("Value of Execute is : " + ExecuteTC): null

2024-02-03 23:19:08 - [TEST_STEP][PASSED] - if (ExecuteTC.equalsIgnoreCase("Y")): null

2024-02-03 23:19:08 - [TEST_STEP][PASSED] - out.println("Begin Record Number: " + row): null

2024-02-03 23:19:08 - [TEST_STEP][PASSED] - today = new java.util.Date(): null

2024-02-03 23:19:08 - [TEST_STEP][PASSED] - println(today): null

2024-02-03 23:19:08 - [TEST_STEP][PASSED] - datText = today: null

2024-02-03 23:19:08 - [TEST_STEP][PASSED] - Taxtype = findTestData(dataFile).getValue("TaxType", row): null

2024-02-03 23:19:08 - [TEST_STEP][PASSED] - out.println("Taxtype value is : " + Taxtype): null

2024-02-03 23:19:08 - [TEST_STEP][PASSED] - openBrowser(""): Browser is opened with url: ''

2024-02-03 23:19:08 - [MESSAGE][WARNING] - A browser is already opened. Closing browser and opening a new one

2024-02-03 23:19:09 - [MESSAGE][INFO] - Starting 'Chrome' driver

2024-02-03 23:19:09 - [MESSAGE][INFO] - User set preference: ['acceptInsecureCerts', 'true']

2024-02-03 23:19:09 - [MESSAGE][INFO] - Action delay is set to 0 milliseconds

2024-02-03 23:19:10 - [MESSAGE][PASSED] - Browser is opened with url: ''

2024-02-03 23:19:10 - [TEST_STEP][PASSED] - maximizeWindow(): Current window maximized

2024-02-03 23:19:11 - [MESSAGE][PASSED] - Current window maximized

2024-02-03 23:19:11 - [TEST_STEP][PASSED] - navigateToUrl(RADurl): Navigate to 'https://qa2.velocitypayment.com/client/rad/index.html' successfully

2024-02-03 23:19:11 - [MESSAGE][PASSED] - Navigate to 'https://qa2.velocitypayment.com/client/rad/index.html' successfully

2024-02-03 23:19:11 - [TEST_STEP][PASSED] - orPath_Landing = "Object Repository/RAD_Pages/Landing_Page": null

2024-02-03 23:19:11 - [TEST_STEP][PASSED] - orPath_TaxTypeFilingYear = "Object Repository/RAD_Pages/TaxTypeFilingYear_Page": null

2024-02-03 23:19:11 - [TEST_STEP][PASSED] - orPath_TaxPayer = "Object Repository/RAD_Pages/Taxpayer_Page": null

2024-02-03 23:19:11 - [TEST_STEP][PASSED] - orPath_AddressContact = "Object Repository/RAD_Pages/AddressAndContactInfo_Page": null

2024-02-03 23:19:11 - [TEST_STEP][PASSED] - orPath_FilingStatus = "Object Repository/RAD_Pages/FilingStatus_Page": null

2024-02-03 23:19:11 - [TEST_STEP][PASSED] - orPath_Amount = "Object Repository/RAD_Pages/PaymentAmount_Page": null

2024-02-03 23:19:11 - [TEST_STEP][PASSED] - selectOptionByLabel(findTestObject(orPath_Landing + "/dd_TaxType"), Paymenttype, false): All options with label 'Quarterly Estimated Tax' are selected in object 'Object Repository/RAD_Pages/Landing_Page/dd_TaxType' 

2024-02-03 23:19:13 - [MESSAGE][PASSED] - All options with label 'Quarterly Estimated Tax' are selected in object 'Object Repository/RAD_Pages/Landing_Page/dd_TaxType' 

2024-02-03 23:19:13 - [TEST_STEP][PASSED] - delay(1): Delayed 1 second(s)

2024-02-03 23:19:14 - [MESSAGE][PASSED] - Delayed 1 second(s)

2024-02-03 23:19:14 - [TEST_STEP][PASSED] - switch (Paymenttype): null

2024-02-03 23:19:14 - [TEST_STEP][PASSED] - case "Quarterly Estimated Tax":: null

2024-02-03 23:19:14 - [TEST_STEP][PASSED] - selectOptionByLabel(findTestObject(orPath_TaxTypeFilingYear + "/select_PaymentType"), Taxtype, false): All options with label 'PTE Non-Electing S Corp' are selected in object 'Object Repository/RAD_Pages/TaxTypeFilingYear_Page/select_PaymentType' 

2024-02-03 23:19:15 - [MESSAGE][PASSED] - All options with label 'PTE Non-Electing S Corp' are selected in object 'Object Repository/RAD_Pages/TaxTypeFilingYear_Page/select_PaymentType' 

2024-02-03 23:19:15 - [TEST_STEP][PASSED] - break: null

2024-02-03 23:19:15 - [TEST_STEP][PASSED] - delay(1): Delayed 1 second(s)

2024-02-03 23:19:16 - [MESSAGE][PASSED] - Delayed 1 second(s)

2024-02-03 23:19:16 - [TEST_STEP][PASSED] - scrollToElement(findTestObject(orPath_Amount + "/input__paymentAmount"), 3): Scroll to object 'Object Repository/RAD_Pages/PaymentAmount_Page/input__paymentAmount' successfully

2024-02-03 23:19:16 - [MESSAGE][PASSED] - Scroll to object 'Object Repository/RAD_Pages/PaymentAmount_Page/input__paymentAmount' successfully

2024-02-03 23:19:16 - [TEST_STEP][PASSED] - setText(findTestObject(orPath_AddressContact + "/input_eMailAddress"), "imtiazster@gmail.com"): Text 'imtiazster@gmail.com' is set on object 'Object Repository/RAD_Pages/AddressAndContactInfo_Page/input_eMailAddress'

2024-02-03 23:19:17 - [MESSAGE][PASSED] - Text 'imtiazster@gmail.com' is set on object 'Object Repository/RAD_Pages/AddressAndContactInfo_Page/input_eMailAddress'

2024-02-03 23:19:17 - [TEST_STEP][PASSED] - setText(findTestObject(orPath_AddressContact + "/input_reEnterEMailAddress"), "iahmed@govolution.com"): Text 'iahmed@govolution.com' is set on object 'Object Repository/RAD_Pages/AddressAndContactInfo_Page/input_reEnterEMailAddress'

2024-02-03 23:19:18 - [MESSAGE][PASSED] - Text 'iahmed@govolution.com' is set on object 'Object Repository/RAD_Pages/AddressAndContactInfo_Page/input_reEnterEMailAddress'

2024-02-03 23:19:18 - [TEST_STEP][PASSED] - delay(2): Delayed 2 second(s)

2024-02-03 23:19:20 - [MESSAGE][PASSED] - Delayed 2 second(s)

2024-02-03 23:19:20 - [TEST_STEP][PASSED] - if (verifyTextPresent("The Email and Re-enter email do not match", true)): null

2024-02-03 23:19:20 - [MESSAGE][PASSED] - Text 'The Email and Re-enter email do not match' is present on page  using regular expression

2024-02-03 23:19:20 - [TEST_STEP][PASSED] - println("Emails Dont match text is present"): null

2024-02-03 23:19:20 - [TEST_STEP][PASSED] - out.println("Pass Record Number: " + row): null

2024-02-03 23:19:20 - [TEST_STEP][PASSED] - resText = "Pass": null

2024-02-03 23:19:20 - [TEST_STEP][PASSED] - pages.WriteExcel.demoKey(resText, datText, resColumn, datCloumn, fileLoc, nameSheet, row): pages.WriteExcel.demoKey is PASSED

2024-02-03 23:19:20 - [MESSAGE][PASSED] - pages.WriteExcel.demoKey is PASSED

2024-02-03 23:19:20 - [TEST_STEP][PASSED] - ExecuteTC = findTestData(dataFile).getValue("Execute", row): null

2024-02-03 23:19:20 - [TEST_STEP][PASSED] - Taxtype = findTestData(dataFile).getValue("TaxType", row): null

2024-02-03 23:19:20 - [TEST_STEP][PASSED] - Paymenttype = findTestData(dataFile).getValue("PaymentType", row): null

2024-02-03 23:19:20 - [TEST_STEP][PASSED] - out.println("Value of Execute is : " + ExecuteTC): null

2024-02-03 23:19:20 - [TEST_STEP][PASSED] - if (ExecuteTC.equalsIgnoreCase("Y")): null

2024-02-03 23:19:20 - [TEST_STEP][PASSED] - out.println("Begin Record Number: " + row): null

2024-02-03 23:19:20 - [TEST_STEP][PASSED] - today = new java.util.Date(): null

2024-02-03 23:19:20 - [TEST_STEP][PASSED] - println(today): null

2024-02-03 23:19:20 - [TEST_STEP][PASSED] - datText = today: null

2024-02-03 23:19:20 - [TEST_STEP][PASSED] - Taxtype = findTestData(dataFile).getValue("TaxType", row): null

2024-02-03 23:19:20 - [TEST_STEP][PASSED] - out.println("Taxtype value is : " + Taxtype): null

2024-02-03 23:19:20 - [TEST_STEP][PASSED] - openBrowser(""): Browser is opened with url: ''

2024-02-03 23:19:20 - [MESSAGE][WARNING] - A browser is already opened. Closing browser and opening a new one

2024-02-03 23:19:22 - [MESSAGE][INFO] - Starting 'Chrome' driver

2024-02-03 23:19:22 - [MESSAGE][INFO] - User set preference: ['acceptInsecureCerts', 'true']

2024-02-03 23:19:22 - [MESSAGE][INFO] - Action delay is set to 0 milliseconds

2024-02-03 23:19:23 - [MESSAGE][PASSED] - Browser is opened with url: ''

2024-02-03 23:19:23 - [TEST_STEP][PASSED] - maximizeWindow(): Current window maximized

2024-02-03 23:19:23 - [MESSAGE][PASSED] - Current window maximized

2024-02-03 23:19:23 - [TEST_STEP][PASSED] - navigateToUrl(RADurl): Navigate to 'https://qa2.velocitypayment.com/client/rad/index.html' successfully

2024-02-03 23:19:25 - [MESSAGE][PASSED] - Navigate to 'https://qa2.velocitypayment.com/client/rad/index.html' successfully

2024-02-03 23:19:25 - [TEST_STEP][PASSED] - orPath_Landing = "Object Repository/RAD_Pages/Landing_Page": null

2024-02-03 23:19:25 - [TEST_STEP][PASSED] - orPath_TaxTypeFilingYear = "Object Repository/RAD_Pages/TaxTypeFilingYear_Page": null

2024-02-03 23:19:25 - [TEST_STEP][PASSED] - orPath_TaxPayer = "Object Repository/RAD_Pages/Taxpayer_Page": null

2024-02-03 23:19:25 - [TEST_STEP][PASSED] - orPath_AddressContact = "Object Repository/RAD_Pages/AddressAndContactInfo_Page": null

2024-02-03 23:19:25 - [TEST_STEP][PASSED] - orPath_FilingStatus = "Object Repository/RAD_Pages/FilingStatus_Page": null

2024-02-03 23:19:25 - [TEST_STEP][PASSED] - orPath_Amount = "Object Repository/RAD_Pages/PaymentAmount_Page": null

2024-02-03 23:19:25 - [TEST_STEP][PASSED] - selectOptionByLabel(findTestObject(orPath_Landing + "/dd_TaxType"), Paymenttype, false): All options with label 'Quarterly Estimated Tax' are selected in object 'Object Repository/RAD_Pages/Landing_Page/dd_TaxType' 

2024-02-03 23:19:26 - [MESSAGE][PASSED] - All options with label 'Quarterly Estimated Tax' are selected in object 'Object Repository/RAD_Pages/Landing_Page/dd_TaxType' 

2024-02-03 23:19:26 - [TEST_STEP][PASSED] - delay(1): Delayed 1 second(s)

2024-02-03 23:19:27 - [MESSAGE][PASSED] - Delayed 1 second(s)

2024-02-03 23:19:27 - [TEST_STEP][PASSED] - switch (Paymenttype): null

2024-02-03 23:19:27 - [TEST_STEP][PASSED] - case "Quarterly Estimated Tax":: null

2024-02-03 23:19:27 - [TEST_STEP][PASSED] - selectOptionByLabel(findTestObject(orPath_TaxTypeFilingYear + "/select_PaymentType"), Taxtype, false): All options with label 'PTE Tax Electing Non-S Corp' are selected in object 'Object Repository/RAD_Pages/TaxTypeFilingYear_Page/select_PaymentType' 

2024-02-03 23:19:27 - [MESSAGE][PASSED] - All options with label 'PTE Tax Electing Non-S Corp' are selected in object 'Object Repository/RAD_Pages/TaxTypeFilingYear_Page/select_PaymentType' 

2024-02-03 23:19:27 - [TEST_STEP][PASSED] - break: null

2024-02-03 23:19:27 - [TEST_STEP][PASSED] - delay(1): Delayed 1 second(s)

2024-02-03 23:19:28 - [MESSAGE][PASSED] - Delayed 1 second(s)

2024-02-03 23:19:28 - [TEST_STEP][PASSED] - scrollToElement(findTestObject(orPath_Amount + "/input__paymentAmount"), 3): Scroll to object 'Object Repository/RAD_Pages/PaymentAmount_Page/input__paymentAmount' successfully

2024-02-03 23:19:29 - [MESSAGE][PASSED] - Scroll to object 'Object Repository/RAD_Pages/PaymentAmount_Page/input__paymentAmount' successfully

2024-02-03 23:19:29 - [TEST_STEP][PASSED] - setText(findTestObject(orPath_AddressContact + "/input_eMailAddress"), "imtiazster@gmail.com"): Text 'imtiazster@gmail.com' is set on object 'Object Repository/RAD_Pages/AddressAndContactInfo_Page/input_eMailAddress'

2024-02-03 23:19:30 - [MESSAGE][PASSED] - Text 'imtiazster@gmail.com' is set on object 'Object Repository/RAD_Pages/AddressAndContactInfo_Page/input_eMailAddress'

2024-02-03 23:19:30 - [TEST_STEP][PASSED] - setText(findTestObject(orPath_AddressContact + "/input_reEnterEMailAddress"), "iahmed@govolution.com"): Text 'iahmed@govolution.com' is set on object 'Object Repository/RAD_Pages/AddressAndContactInfo_Page/input_reEnterEMailAddress'

2024-02-03 23:19:30 - [MESSAGE][PASSED] - Text 'iahmed@govolution.com' is set on object 'Object Repository/RAD_Pages/AddressAndContactInfo_Page/input_reEnterEMailAddress'

2024-02-03 23:19:30 - [TEST_STEP][PASSED] - delay(2): Delayed 2 second(s)

2024-02-03 23:19:32 - [MESSAGE][PASSED] - Delayed 2 second(s)

2024-02-03 23:19:32 - [TEST_STEP][PASSED] - if (verifyTextPresent("The Email and Re-enter email do not match", true)): null

2024-02-03 23:19:33 - [MESSAGE][PASSED] - Text 'The Email and Re-enter email do not match' is present on page  using regular expression

2024-02-03 23:19:33 - [TEST_STEP][PASSED] - println("Emails Dont match text is present"): null

2024-02-03 23:19:33 - [TEST_STEP][PASSED] - out.println("Pass Record Number: " + row): null

2024-02-03 23:19:33 - [TEST_STEP][PASSED] - resText = "Pass": null

2024-02-03 23:19:33 - [TEST_STEP][PASSED] - pages.WriteExcel.demoKey(resText, datText, resColumn, datCloumn, fileLoc, nameSheet, row): pages.WriteExcel.demoKey is PASSED

2024-02-03 23:19:33 - [MESSAGE][PASSED] - pages.WriteExcel.demoKey is PASSED

2024-02-03 23:19:33 - [TEST_STEP][PASSED] - ExecuteTC = findTestData(dataFile).getValue("Execute", row): null

2024-02-03 23:19:33 - [TEST_STEP][PASSED] - Taxtype = findTestData(dataFile).getValue("TaxType", row): null

2024-02-03 23:19:33 - [TEST_STEP][PASSED] - Paymenttype = findTestData(dataFile).getValue("PaymentType", row): null

2024-02-03 23:19:33 - [TEST_STEP][PASSED] - out.println("Value of Execute is : " + ExecuteTC): null

2024-02-03 23:19:33 - [TEST_STEP][PASSED] - if (ExecuteTC.equalsIgnoreCase("Y")): null

2024-02-03 23:19:33 - [TEST_STEP][PASSED] - out.println("Begin Record Number: " + row): null

2024-02-03 23:19:33 - [TEST_STEP][PASSED] - today = new java.util.Date(): null

2024-02-03 23:19:33 - [TEST_STEP][PASSED] - println(today): null

2024-02-03 23:19:33 - [TEST_STEP][PASSED] - datText = today: null

2024-02-03 23:19:33 - [TEST_STEP][PASSED] - Taxtype = findTestData(dataFile).getValue("TaxType", row): null

2024-02-03 23:19:33 - [TEST_STEP][PASSED] - out.println("Taxtype value is : " + Taxtype): null

2024-02-03 23:19:33 - [TEST_STEP][PASSED] - openBrowser(""): Browser is opened with url: ''

2024-02-03 23:19:33 - [MESSAGE][WARNING] - A browser is already opened. Closing browser and opening a new one

2024-02-03 23:19:35 - [MESSAGE][INFO] - Starting 'Chrome' driver

2024-02-03 23:19:35 - [MESSAGE][INFO] - User set preference: ['acceptInsecureCerts', 'true']

2024-02-03 23:19:35 - [MESSAGE][INFO] - Action delay is set to 0 milliseconds

2024-02-03 23:19:37 - [MESSAGE][PASSED] - Browser is opened with url: ''

2024-02-03 23:19:37 - [TEST_STEP][PASSED] - maximizeWindow(): Current window maximized

2024-02-03 23:19:37 - [MESSAGE][PASSED] - Current window maximized

2024-02-03 23:19:37 - [TEST_STEP][PASSED] - navigateToUrl(RADurl): Navigate to 'https://qa2.velocitypayment.com/client/rad/index.html' successfully

2024-02-03 23:19:38 - [MESSAGE][PASSED] - Navigate to 'https://qa2.velocitypayment.com/client/rad/index.html' successfully

2024-02-03 23:19:38 - [TEST_STEP][PASSED] - orPath_Landing = "Object Repository/RAD_Pages/Landing_Page": null

2024-02-03 23:19:38 - [TEST_STEP][PASSED] - orPath_TaxTypeFilingYear = "Object Repository/RAD_Pages/TaxTypeFilingYear_Page": null

2024-02-03 23:19:38 - [TEST_STEP][PASSED] - orPath_TaxPayer = "Object Repository/RAD_Pages/Taxpayer_Page": null

2024-02-03 23:19:38 - [TEST_STEP][PASSED] - orPath_AddressContact = "Object Repository/RAD_Pages/AddressAndContactInfo_Page": null

2024-02-03 23:19:38 - [TEST_STEP][PASSED] - orPath_FilingStatus = "Object Repository/RAD_Pages/FilingStatus_Page": null

2024-02-03 23:19:38 - [TEST_STEP][PASSED] - orPath_Amount = "Object Repository/RAD_Pages/PaymentAmount_Page": null

2024-02-03 23:19:38 - [TEST_STEP][PASSED] - selectOptionByLabel(findTestObject(orPath_Landing + "/dd_TaxType"), Paymenttype, false): All options with label 'Quarterly Estimated Tax' are selected in object 'Object Repository/RAD_Pages/Landing_Page/dd_TaxType' 

2024-02-03 23:19:39 - [MESSAGE][PASSED] - All options with label 'Quarterly Estimated Tax' are selected in object 'Object Repository/RAD_Pages/Landing_Page/dd_TaxType' 

2024-02-03 23:19:39 - [TEST_STEP][PASSED] - delay(1): Delayed 1 second(s)

2024-02-03 23:19:40 - [MESSAGE][PASSED] - Delayed 1 second(s)

2024-02-03 23:19:40 - [TEST_STEP][PASSED] - switch (Paymenttype): null

2024-02-03 23:19:40 - [TEST_STEP][PASSED] - case "Quarterly Estimated Tax":: null

2024-02-03 23:19:40 - [TEST_STEP][PASSED] - selectOptionByLabel(findTestObject(orPath_TaxTypeFilingYear + "/select_PaymentType"), Taxtype, false): All options with label 'PTE Tax Electing S Corp' are selected in object 'Object Repository/RAD_Pages/TaxTypeFilingYear_Page/select_PaymentType' 

2024-02-03 23:19:41 - [MESSAGE][PASSED] - All options with label 'PTE Tax Electing S Corp' are selected in object 'Object Repository/RAD_Pages/TaxTypeFilingYear_Page/select_PaymentType' 

2024-02-03 23:19:41 - [TEST_STEP][PASSED] - break: null

2024-02-03 23:19:41 - [TEST_STEP][PASSED] - delay(1): Delayed 1 second(s)

2024-02-03 23:19:42 - [MESSAGE][PASSED] - Delayed 1 second(s)

2024-02-03 23:19:42 - [TEST_STEP][PASSED] - scrollToElement(findTestObject(orPath_Amount + "/input__paymentAmount"), 3): Scroll to object 'Object Repository/RAD_Pages/PaymentAmount_Page/input__paymentAmount' successfully

2024-02-03 23:19:42 - [MESSAGE][PASSED] - Scroll to object 'Object Repository/RAD_Pages/PaymentAmount_Page/input__paymentAmount' successfully

2024-02-03 23:19:42 - [TEST_STEP][PASSED] - setText(findTestObject(orPath_AddressContact + "/input_eMailAddress"), "imtiazster@gmail.com"): Text 'imtiazster@gmail.com' is set on object 'Object Repository/RAD_Pages/AddressAndContactInfo_Page/input_eMailAddress'

2024-02-03 23:19:43 - [MESSAGE][PASSED] - Text 'imtiazster@gmail.com' is set on object 'Object Repository/RAD_Pages/AddressAndContactInfo_Page/input_eMailAddress'

2024-02-03 23:19:43 - [TEST_STEP][PASSED] - setText(findTestObject(orPath_AddressContact + "/input_reEnterEMailAddress"), "iahmed@govolution.com"): Text 'iahmed@govolution.com' is set on object 'Object Repository/RAD_Pages/AddressAndContactInfo_Page/input_reEnterEMailAddress'

2024-02-03 23:19:44 - [MESSAGE][PASSED] - Text 'iahmed@govolution.com' is set on object 'Object Repository/RAD_Pages/AddressAndContactInfo_Page/input_reEnterEMailAddress'

2024-02-03 23:19:44 - [TEST_STEP][PASSED] - delay(2): Delayed 2 second(s)

2024-02-03 23:19:46 - [MESSAGE][PASSED] - Delayed 2 second(s)

2024-02-03 23:19:46 - [TEST_STEP][PASSED] - if (verifyTextPresent("The Email and Re-enter email do not match", true)): null

2024-02-03 23:19:46 - [MESSAGE][PASSED] - Text 'The Email and Re-enter email do not match' is present on page  using regular expression

2024-02-03 23:19:46 - [TEST_STEP][PASSED] - println("Emails Dont match text is present"): null

2024-02-03 23:19:46 - [TEST_STEP][PASSED] - out.println("Pass Record Number: " + row): null

2024-02-03 23:19:46 - [TEST_STEP][PASSED] - resText = "Pass": null

2024-02-03 23:19:46 - [TEST_STEP][PASSED] - pages.WriteExcel.demoKey(resText, datText, resColumn, datCloumn, fileLoc, nameSheet, row): pages.WriteExcel.demoKey is PASSED

2024-02-03 23:19:46 - [MESSAGE][PASSED] - pages.WriteExcel.demoKey is PASSED

2024-02-03 23:19:46 - [TEST_STEP][PASSED] - ExecuteTC = findTestData(dataFile).getValue("Execute", row): null

2024-02-03 23:19:46 - [TEST_STEP][PASSED] - Taxtype = findTestData(dataFile).getValue("TaxType", row): null

2024-02-03 23:19:46 - [TEST_STEP][PASSED] - Paymenttype = findTestData(dataFile).getValue("PaymentType", row): null

2024-02-03 23:19:46 - [TEST_STEP][PASSED] - out.println("Value of Execute is : " + ExecuteTC): null

2024-02-03 23:19:46 - [TEST_STEP][PASSED] - if (ExecuteTC.equalsIgnoreCase("Y")): null

2024-02-03 23:19:46 - [TEST_STEP][PASSED] - out.println("Begin Record Number: " + row): null

2024-02-03 23:19:46 - [TEST_STEP][PASSED] - today = new java.util.Date(): null

2024-02-03 23:19:46 - [TEST_STEP][PASSED] - println(today): null

2024-02-03 23:19:46 - [TEST_STEP][PASSED] - datText = today: null

2024-02-03 23:19:46 - [TEST_STEP][PASSED] - Taxtype = findTestData(dataFile).getValue("TaxType", row): null

2024-02-03 23:19:47 - [TEST_STEP][PASSED] - out.println("Taxtype value is : " + Taxtype): null

2024-02-03 23:19:47 - [TEST_STEP][PASSED] - openBrowser(""): Browser is opened with url: ''

2024-02-03 23:19:47 - [MESSAGE][WARNING] - A browser is already opened. Closing browser and opening a new one

2024-02-03 23:19:48 - [MESSAGE][INFO] - Starting 'Chrome' driver

2024-02-03 23:19:48 - [MESSAGE][INFO] - User set preference: ['acceptInsecureCerts', 'true']

2024-02-03 23:19:48 - [MESSAGE][INFO] - Action delay is set to 0 milliseconds

2024-02-03 23:19:50 - [MESSAGE][PASSED] - Browser is opened with url: ''

2024-02-03 23:19:50 - [TEST_STEP][PASSED] - maximizeWindow(): Current window maximized

2024-02-03 23:19:50 - [MESSAGE][PASSED] - Current window maximized

2024-02-03 23:19:50 - [TEST_STEP][PASSED] - navigateToUrl(RADurl): Navigate to 'https://qa2.velocitypayment.com/client/rad/index.html' successfully

2024-02-03 23:19:51 - [MESSAGE][PASSED] - Navigate to 'https://qa2.velocitypayment.com/client/rad/index.html' successfully

2024-02-03 23:19:51 - [TEST_STEP][PASSED] - orPath_Landing = "Object Repository/RAD_Pages/Landing_Page": null

2024-02-03 23:19:51 - [TEST_STEP][PASSED] - orPath_TaxTypeFilingYear = "Object Repository/RAD_Pages/TaxTypeFilingYear_Page": null

2024-02-03 23:19:51 - [TEST_STEP][PASSED] - orPath_TaxPayer = "Object Repository/RAD_Pages/Taxpayer_Page": null

2024-02-03 23:19:51 - [TEST_STEP][PASSED] - orPath_AddressContact = "Object Repository/RAD_Pages/AddressAndContactInfo_Page": null

2024-02-03 23:19:51 - [TEST_STEP][PASSED] - orPath_FilingStatus = "Object Repository/RAD_Pages/FilingStatus_Page": null

2024-02-03 23:19:51 - [TEST_STEP][PASSED] - orPath_Amount = "Object Repository/RAD_Pages/PaymentAmount_Page": null

2024-02-03 23:19:51 - [TEST_STEP][PASSED] - selectOptionByLabel(findTestObject(orPath_Landing + "/dd_TaxType"), Paymenttype, false): All options with label 'Quarterly Estimated Tax' are selected in object 'Object Repository/RAD_Pages/Landing_Page/dd_TaxType' 

2024-02-03 23:19:52 - [MESSAGE][PASSED] - All options with label 'Quarterly Estimated Tax' are selected in object 'Object Repository/RAD_Pages/Landing_Page/dd_TaxType' 

2024-02-03 23:19:52 - [TEST_STEP][PASSED] - delay(1): Delayed 1 second(s)

2024-02-03 23:19:53 - [MESSAGE][PASSED] - Delayed 1 second(s)

2024-02-03 23:19:53 - [TEST_STEP][PASSED] - switch (Paymenttype): null

2024-02-03 23:19:53 - [TEST_STEP][PASSED] - case "Quarterly Estimated Tax":: null

2024-02-03 23:19:53 - [TEST_STEP][PASSED] - selectOptionByLabel(findTestObject(orPath_TaxTypeFilingYear + "/select_PaymentType"), Taxtype, false): All options with label 'Personal Income Tax' are selected in object 'Object Repository/RAD_Pages/TaxTypeFilingYear_Page/select_PaymentType' 

2024-02-03 23:19:54 - [MESSAGE][PASSED] - All options with label 'Personal Income Tax' are selected in object 'Object Repository/RAD_Pages/TaxTypeFilingYear_Page/select_PaymentType' 

2024-02-03 23:19:54 - [TEST_STEP][PASSED] - break: null

2024-02-03 23:19:54 - [TEST_STEP][PASSED] - delay(1): Delayed 1 second(s)

2024-02-03 23:19:55 - [MESSAGE][PASSED] - Delayed 1 second(s)

2024-02-03 23:19:55 - [TEST_STEP][PASSED] - scrollToElement(findTestObject(orPath_Amount + "/input__paymentAmount"), 3): Scroll to object 'Object Repository/RAD_Pages/PaymentAmount_Page/input__paymentAmount' successfully

2024-02-03 23:19:55 - [MESSAGE][PASSED] - Scroll to object 'Object Repository/RAD_Pages/PaymentAmount_Page/input__paymentAmount' successfully

2024-02-03 23:19:55 - [TEST_STEP][PASSED] - setText(findTestObject(orPath_AddressContact + "/input_eMailAddress"), "imtiazster@gmail.com"): Text 'imtiazster@gmail.com' is set on object 'Object Repository/RAD_Pages/AddressAndContactInfo_Page/input_eMailAddress'

2024-02-03 23:19:56 - [MESSAGE][PASSED] - Text 'imtiazster@gmail.com' is set on object 'Object Repository/RAD_Pages/AddressAndContactInfo_Page/input_eMailAddress'

2024-02-03 23:19:56 - [TEST_STEP][PASSED] - setText(findTestObject(orPath_AddressContact + "/input_reEnterEMailAddress"), "iahmed@govolution.com"): Text 'iahmed@govolution.com' is set on object 'Object Repository/RAD_Pages/AddressAndContactInfo_Page/input_reEnterEMailAddress'

2024-02-03 23:19:57 - [MESSAGE][PASSED] - Text 'iahmed@govolution.com' is set on object 'Object Repository/RAD_Pages/AddressAndContactInfo_Page/input_reEnterEMailAddress'

2024-02-03 23:19:57 - [TEST_STEP][PASSED] - delay(2): Delayed 2 second(s)

2024-02-03 23:19:59 - [MESSAGE][PASSED] - Delayed 2 second(s)

2024-02-03 23:19:59 - [TEST_STEP][PASSED] - if (verifyTextPresent("The Email and Re-enter email do not match", true)): null

2024-02-03 23:19:59 - [MESSAGE][PASSED] - Text 'The Email and Re-enter email do not match' is present on page  using regular expression

2024-02-03 23:19:59 - [TEST_STEP][PASSED] - println("Emails Dont match text is present"): null

2024-02-03 23:19:59 - [TEST_STEP][PASSED] - out.println("Pass Record Number: " + row): null

2024-02-03 23:19:59 - [TEST_STEP][PASSED] - resText = "Pass": null

2024-02-03 23:19:59 - [TEST_STEP][PASSED] - pages.WriteExcel.demoKey(resText, datText, resColumn, datCloumn, fileLoc, nameSheet, row): pages.WriteExcel.demoKey is PASSED

2024-02-03 23:19:59 - [MESSAGE][PASSED] - pages.WriteExcel.demoKey is PASSED

2024-02-03 23:19:59 - [TEST_STEP][PASSED] - ExecuteTC = findTestData(dataFile).getValue("Execute", row): null

2024-02-03 23:19:59 - [TEST_STEP][PASSED] - Taxtype = findTestData(dataFile).getValue("TaxType", row): null

2024-02-03 23:20:00 - [TEST_STEP][PASSED] - Paymenttype = findTestData(dataFile).getValue("PaymentType", row): null

2024-02-03 23:20:00 - [TEST_STEP][PASSED] - out.println("Value of Execute is : " + ExecuteTC): null

2024-02-03 23:20:00 - [TEST_STEP][PASSED] - if (ExecuteTC.equalsIgnoreCase("Y")): null

2024-02-03 23:20:00 - [TEST_STEP][PASSED] - ExecuteTC = findTestData(dataFile).getValue("Execute", row): null

2024-02-03 23:20:00 - [TEST_STEP][PASSED] - Taxtype = findTestData(dataFile).getValue("TaxType", row): null

2024-02-03 23:20:00 - [TEST_STEP][PASSED] - Paymenttype = findTestData(dataFile).getValue("PaymentType", row): null

2024-02-03 23:20:00 - [TEST_STEP][PASSED] - out.println("Value of Execute is : " + ExecuteTC): null

2024-02-03 23:20:00 - [TEST_STEP][PASSED] - if (ExecuteTC.equalsIgnoreCase("Y")): null

2024-02-03 23:20:00 - [TEST_STEP][PASSED] - ExecuteTC = findTestData(dataFile).getValue("Execute", row): null

2024-02-03 23:20:00 - [TEST_STEP][PASSED] - Taxtype = findTestData(dataFile).getValue("TaxType", row): null

2024-02-03 23:20:00 - [TEST_STEP][PASSED] - Paymenttype = findTestData(dataFile).getValue("PaymentType", row): null

2024-02-03 23:20:00 - [TEST_STEP][PASSED] - out.println("Value of Execute is : " + ExecuteTC): null

2024-02-03 23:20:00 - [TEST_STEP][PASSED] - if (ExecuteTC.equalsIgnoreCase("Y")): null

2024-02-03 23:20:00 - [TEST_STEP][PASSED] - ExecuteTC = findTestData(dataFile).getValue("Execute", row): null

2024-02-03 23:20:00 - [TEST_STEP][PASSED] - Taxtype = findTestData(dataFile).getValue("TaxType", row): null

2024-02-03 23:20:00 - [TEST_STEP][PASSED] - Paymenttype = findTestData(dataFile).getValue("PaymentType", row): null

2024-02-03 23:20:00 - [TEST_STEP][PASSED] - out.println("Value of Execute is : " + ExecuteTC): null

2024-02-03 23:20:00 - [TEST_STEP][PASSED] - if (ExecuteTC.equalsIgnoreCase("Y")): null

2024-02-03 23:20:00 - [TEST_STEP][PASSED] - ExecuteTC = findTestData(dataFile).getValue("Execute", row): null

2024-02-03 23:20:00 - [TEST_STEP][PASSED] - Taxtype = findTestData(dataFile).getValue("TaxType", row): null

2024-02-03 23:20:00 - [TEST_STEP][PASSED] - Paymenttype = findTestData(dataFile).getValue("PaymentType", row): null

2024-02-03 23:20:00 - [TEST_STEP][PASSED] - out.println("Value of Execute is : " + ExecuteTC): null

2024-02-03 23:20:00 - [TEST_STEP][PASSED] - if (ExecuteTC.equalsIgnoreCase("Y")): null

2024-02-03 23:20:00 - [TEST_STEP][PASSED] - ExecuteTC = findTestData(dataFile).getValue("Execute", row): null

2024-02-03 23:20:00 - [TEST_STEP][PASSED] - Taxtype = findTestData(dataFile).getValue("TaxType", row): null

2024-02-03 23:20:01 - [TEST_STEP][PASSED] - Paymenttype = findTestData(dataFile).getValue("PaymentType", row): null

2024-02-03 23:20:01 - [TEST_STEP][PASSED] - out.println("Value of Execute is : " + ExecuteTC): null

2024-02-03 23:20:01 - [TEST_STEP][PASSED] - if (ExecuteTC.equalsIgnoreCase("Y")): null

2024-02-03 23:20:01 - [TEST_STEP][PASSED] - ExecuteTC = findTestData(dataFile).getValue("Execute", row): null

2024-02-03 23:20:01 - [TEST_STEP][PASSED] - Taxtype = findTestData(dataFile).getValue("TaxType", row): null

2024-02-03 23:20:01 - [TEST_STEP][PASSED] - Paymenttype = findTestData(dataFile).getValue("PaymentType", row): null

2024-02-03 23:20:01 - [TEST_STEP][PASSED] - out.println("Value of Execute is : " + ExecuteTC): null

2024-02-03 23:20:01 - [TEST_STEP][PASSED] - if (ExecuteTC.equalsIgnoreCase("Y")): null

2024-02-03 23:20:01 - [TEST_STEP][PASSED] - ExecuteTC = findTestData(dataFile).getValue("Execute", row): null

2024-02-03 23:20:01 - [TEST_STEP][PASSED] - Taxtype = findTestData(dataFile).getValue("TaxType", row): null

2024-02-03 23:20:01 - [TEST_STEP][PASSED] - Paymenttype = findTestData(dataFile).getValue("PaymentType", row): null

2024-02-03 23:20:01 - [TEST_STEP][PASSED] - out.println("Value of Execute is : " + ExecuteTC): null

2024-02-03 23:20:01 - [TEST_STEP][PASSED] - if (ExecuteTC.equalsIgnoreCase("Y")): null

2024-02-03 23:20:01 - [TEST_STEP][PASSED] - out.println("Begin Record Number: " + row): null

2024-02-03 23:20:01 - [TEST_STEP][PASSED] - today = new java.util.Date(): null

2024-02-03 23:20:01 - [TEST_STEP][PASSED] - println(today): null

2024-02-03 23:20:01 - [TEST_STEP][PASSED] - datText = today: null

2024-02-03 23:20:01 - [TEST_STEP][PASSED] - Taxtype = findTestData(dataFile).getValue("TaxType", row): null

2024-02-03 23:20:01 - [TEST_STEP][PASSED] - out.println("Taxtype value is : " + Taxtype): null

2024-02-03 23:20:01 - [TEST_STEP][PASSED] - openBrowser(""): Browser is opened with url: ''

2024-02-03 23:20:01 - [MESSAGE][WARNING] - A browser is already opened. Closing browser and opening a new one

2024-02-03 23:20:02 - [MESSAGE][INFO] - Starting 'Chrome' driver

2024-02-03 23:20:02 - [MESSAGE][INFO] - User set preference: ['acceptInsecureCerts', 'true']

2024-02-03 23:20:02 - [MESSAGE][INFO] - Action delay is set to 0 milliseconds

2024-02-03 23:20:04 - [MESSAGE][PASSED] - Browser is opened with url: ''

2024-02-03 23:20:04 - [TEST_STEP][PASSED] - maximizeWindow(): Current window maximized

2024-02-03 23:20:04 - [MESSAGE][PASSED] - Current window maximized

2024-02-03 23:20:04 - [TEST_STEP][PASSED] - navigateToUrl(RADurl): Navigate to 'https://qa2.velocitypayment.com/client/rad/index.html' successfully

2024-02-03 23:20:06 - [MESSAGE][PASSED] - Navigate to 'https://qa2.velocitypayment.com/client/rad/index.html' successfully

2024-02-03 23:20:06 - [TEST_STEP][PASSED] - orPath_Landing = "Object Repository/RAD_Pages/Landing_Page": null

2024-02-03 23:20:06 - [TEST_STEP][PASSED] - orPath_TaxTypeFilingYear = "Object Repository/RAD_Pages/TaxTypeFilingYear_Page": null

2024-02-03 23:20:06 - [TEST_STEP][PASSED] - orPath_TaxPayer = "Object Repository/RAD_Pages/Taxpayer_Page": null

2024-02-03 23:20:06 - [TEST_STEP][PASSED] - orPath_AddressContact = "Object Repository/RAD_Pages/AddressAndContactInfo_Page": null

2024-02-03 23:20:06 - [TEST_STEP][PASSED] - orPath_FilingStatus = "Object Repository/RAD_Pages/FilingStatus_Page": null

2024-02-03 23:20:06 - [TEST_STEP][PASSED] - orPath_Amount = "Object Repository/RAD_Pages/PaymentAmount_Page": null

2024-02-03 23:20:06 - [TEST_STEP][PASSED] - selectOptionByLabel(findTestObject(orPath_Landing + "/dd_TaxType"), Paymenttype, false): All options with label 'New Tax Return Amount Due' are selected in object 'Object Repository/RAD_Pages/Landing_Page/dd_TaxType' 

2024-02-03 23:20:06 - [MESSAGE][PASSED] - All options with label 'New Tax Return Amount Due' are selected in object 'Object Repository/RAD_Pages/Landing_Page/dd_TaxType' 

2024-02-03 23:20:06 - [TEST_STEP][PASSED] - delay(1): Delayed 1 second(s)

2024-02-03 23:20:07 - [MESSAGE][PASSED] - Delayed 1 second(s)

2024-02-03 23:20:07 - [TEST_STEP][PASSED] - switch (Paymenttype): null

2024-02-03 23:20:07 - [TEST_STEP][PASSED] - case "New Tax Return Amount Due":: null

2024-02-03 23:20:07 - [TEST_STEP][PASSED] - selectOptionByLabel(findTestObject("Object Repository/RAD_Pages/Landing_Page/select_NewTaxReturnAmountDue_TaxType"), Taxtype, false): All options with label 'Fiduciary Tax' are selected in object 'Object Repository/RAD_Pages/Landing_Page/select_NewTaxReturnAmountDue_TaxType' 

2024-02-03 23:20:08 - [MESSAGE][PASSED] - All options with label 'Fiduciary Tax' are selected in object 'Object Repository/RAD_Pages/Landing_Page/select_NewTaxReturnAmountDue_TaxType' 

2024-02-03 23:20:08 - [TEST_STEP][PASSED] - break: null

2024-02-03 23:20:08 - [TEST_STEP][PASSED] - delay(1): Delayed 1 second(s)

2024-02-03 23:20:09 - [MESSAGE][PASSED] - Delayed 1 second(s)

2024-02-03 23:20:09 - [TEST_STEP][PASSED] - scrollToElement(findTestObject(orPath_Amount + "/input__paymentAmount"), 3): Scroll to object 'Object Repository/RAD_Pages/PaymentAmount_Page/input__paymentAmount' successfully

2024-02-03 23:20:09 - [MESSAGE][PASSED] - Scroll to object 'Object Repository/RAD_Pages/PaymentAmount_Page/input__paymentAmount' successfully

2024-02-03 23:20:09 - [TEST_STEP][PASSED] - setText(findTestObject(orPath_AddressContact + "/input_eMailAddress"), "imtiazster@gmail.com"): Text 'imtiazster@gmail.com' is set on object 'Object Repository/RAD_Pages/AddressAndContactInfo_Page/input_eMailAddress'

2024-02-03 23:20:10 - [MESSAGE][PASSED] - Text 'imtiazster@gmail.com' is set on object 'Object Repository/RAD_Pages/AddressAndContactInfo_Page/input_eMailAddress'

2024-02-03 23:20:10 - [TEST_STEP][PASSED] - setText(findTestObject(orPath_AddressContact + "/input_reEnterEMailAddress"), "iahmed@govolution.com"): Text 'iahmed@govolution.com' is set on object 'Object Repository/RAD_Pages/AddressAndContactInfo_Page/input_reEnterEMailAddress'

2024-02-03 23:20:11 - [MESSAGE][PASSED] - Text 'iahmed@govolution.com' is set on object 'Object Repository/RAD_Pages/AddressAndContactInfo_Page/input_reEnterEMailAddress'

2024-02-03 23:20:11 - [TEST_STEP][PASSED] - delay(2): Delayed 2 second(s)

2024-02-03 23:20:13 - [MESSAGE][PASSED] - Delayed 2 second(s)

2024-02-03 23:20:13 - [TEST_STEP][PASSED] - if (verifyTextPresent("The Email and Re-enter email do not match", true)): null

2024-02-03 23:20:13 - [MESSAGE][PASSED] - Text 'The Email and Re-enter email do not match' is present on page  using regular expression

2024-02-03 23:20:13 - [TEST_STEP][PASSED] - println("Emails Dont match text is present"): null

2024-02-03 23:20:13 - [TEST_STEP][PASSED] - out.println("Pass Record Number: " + row): null

2024-02-03 23:20:13 - [TEST_STEP][PASSED] - resText = "Pass": null

2024-02-03 23:20:13 - [TEST_STEP][PASSED] - pages.WriteExcel.demoKey(resText, datText, resColumn, datCloumn, fileLoc, nameSheet, row): pages.WriteExcel.demoKey is PASSED

2024-02-03 23:20:13 - [MESSAGE][PASSED] - pages.WriteExcel.demoKey is PASSED

2024-02-03 23:20:13 - [TEST_STEP][PASSED] - ExecuteTC = findTestData(dataFile).getValue("Execute", row): null

2024-02-03 23:20:13 - [TEST_STEP][PASSED] - Taxtype = findTestData(dataFile).getValue("TaxType", row): null

2024-02-03 23:20:14 - [TEST_STEP][PASSED] - Paymenttype = findTestData(dataFile).getValue("PaymentType", row): null

2024-02-03 23:20:14 - [TEST_STEP][PASSED] - out.println("Value of Execute is : " + ExecuteTC): null

2024-02-03 23:20:14 - [TEST_STEP][PASSED] - if (ExecuteTC.equalsIgnoreCase("Y")): null

2024-02-03 23:20:14 - [TEST_STEP][PASSED] - out.println("Begin Record Number: " + row): null

2024-02-03 23:20:14 - [TEST_STEP][PASSED] - today = new java.util.Date(): null

2024-02-03 23:20:14 - [TEST_STEP][PASSED] - println(today): null

2024-02-03 23:20:14 - [TEST_STEP][PASSED] - datText = today: null

2024-02-03 23:20:14 - [TEST_STEP][PASSED] - Taxtype = findTestData(dataFile).getValue("TaxType", row): null

2024-02-03 23:20:14 - [TEST_STEP][PASSED] - out.println("Taxtype value is : " + Taxtype): null

2024-02-03 23:20:14 - [TEST_STEP][PASSED] - openBrowser(""): Browser is opened with url: ''

2024-02-03 23:20:14 - [MESSAGE][WARNING] - A browser is already opened. Closing browser and opening a new one

2024-02-03 23:20:15 - [MESSAGE][INFO] - Starting 'Chrome' driver

2024-02-03 23:20:15 - [MESSAGE][INFO] - User set preference: ['acceptInsecureCerts', 'true']

2024-02-03 23:20:15 - [MESSAGE][INFO] - Action delay is set to 0 milliseconds

2024-02-03 23:20:16 - [MESSAGE][PASSED] - Browser is opened with url: ''

2024-02-03 23:20:16 - [TEST_STEP][PASSED] - maximizeWindow(): Current window maximized

2024-02-03 23:20:17 - [MESSAGE][PASSED] - Current window maximized

2024-02-03 23:20:17 - [TEST_STEP][PASSED] - navigateToUrl(RADurl): Navigate to 'https://qa2.velocitypayment.com/client/rad/index.html' successfully

2024-02-03 23:20:18 - [MESSAGE][PASSED] - Navigate to 'https://qa2.velocitypayment.com/client/rad/index.html' successfully

2024-02-03 23:20:18 - [TEST_STEP][PASSED] - orPath_Landing = "Object Repository/RAD_Pages/Landing_Page": null

2024-02-03 23:20:18 - [TEST_STEP][PASSED] - orPath_TaxTypeFilingYear = "Object Repository/RAD_Pages/TaxTypeFilingYear_Page": null

2024-02-03 23:20:18 - [TEST_STEP][PASSED] - orPath_TaxPayer = "Object Repository/RAD_Pages/Taxpayer_Page": null

2024-02-03 23:20:18 - [TEST_STEP][PASSED] - orPath_AddressContact = "Object Repository/RAD_Pages/AddressAndContactInfo_Page": null

2024-02-03 23:20:18 - [TEST_STEP][PASSED] - orPath_FilingStatus = "Object Repository/RAD_Pages/FilingStatus_Page": null

2024-02-03 23:20:18 - [TEST_STEP][PASSED] - orPath_Amount = "Object Repository/RAD_Pages/PaymentAmount_Page": null

2024-02-03 23:20:18 - [TEST_STEP][PASSED] - selectOptionByLabel(findTestObject(orPath_Landing + "/dd_TaxType"), Paymenttype, false): All options with label 'New Tax Return Amount Due' are selected in object 'Object Repository/RAD_Pages/Landing_Page/dd_TaxType' 

2024-02-03 23:20:19 - [MESSAGE][PASSED] - All options with label 'New Tax Return Amount Due' are selected in object 'Object Repository/RAD_Pages/Landing_Page/dd_TaxType' 

2024-02-03 23:20:19 - [TEST_STEP][PASSED] - delay(1): Delayed 1 second(s)

2024-02-03 23:20:20 - [MESSAGE][PASSED] - Delayed 1 second(s)

2024-02-03 23:20:20 - [TEST_STEP][PASSED] - switch (Paymenttype): null

2024-02-03 23:20:20 - [TEST_STEP][PASSED] - case "New Tax Return Amount Due":: null

2024-02-03 23:20:20 - [TEST_STEP][PASSED] - selectOptionByLabel(findTestObject("Object Repository/RAD_Pages/Landing_Page/select_NewTaxReturnAmountDue_TaxType"), Taxtype, false): All options with label 'PTE Non-Electing Non-S Corp' are selected in object 'Object Repository/RAD_Pages/Landing_Page/select_NewTaxReturnAmountDue_TaxType' 

2024-02-03 23:20:21 - [MESSAGE][PASSED] - All options with label 'PTE Non-Electing Non-S Corp' are selected in object 'Object Repository/RAD_Pages/Landing_Page/select_NewTaxReturnAmountDue_TaxType' 

2024-02-03 23:20:21 - [TEST_STEP][PASSED] - break: null

2024-02-03 23:20:21 - [TEST_STEP][PASSED] - delay(1): Delayed 1 second(s)

2024-02-03 23:20:22 - [MESSAGE][PASSED] - Delayed 1 second(s)

2024-02-03 23:20:22 - [TEST_STEP][PASSED] - scrollToElement(findTestObject(orPath_Amount + "/input__paymentAmount"), 3): Scroll to object 'Object Repository/RAD_Pages/PaymentAmount_Page/input__paymentAmount' successfully

2024-02-03 23:20:22 - [MESSAGE][PASSED] - Scroll to object 'Object Repository/RAD_Pages/PaymentAmount_Page/input__paymentAmount' successfully

2024-02-03 23:20:22 - [TEST_STEP][PASSED] - setText(findTestObject(orPath_AddressContact + "/input_eMailAddress"), "imtiazster@gmail.com"): Text 'imtiazster@gmail.com' is set on object 'Object Repository/RAD_Pages/AddressAndContactInfo_Page/input_eMailAddress'

2024-02-03 23:20:23 - [MESSAGE][PASSED] - Text 'imtiazster@gmail.com' is set on object 'Object Repository/RAD_Pages/AddressAndContactInfo_Page/input_eMailAddress'

2024-02-03 23:20:23 - [TEST_STEP][PASSED] - setText(findTestObject(orPath_AddressContact + "/input_reEnterEMailAddress"), "iahmed@govolution.com"): Text 'iahmed@govolution.com' is set on object 'Object Repository/RAD_Pages/AddressAndContactInfo_Page/input_reEnterEMailAddress'

2024-02-03 23:20:24 - [MESSAGE][PASSED] - Text 'iahmed@govolution.com' is set on object 'Object Repository/RAD_Pages/AddressAndContactInfo_Page/input_reEnterEMailAddress'

2024-02-03 23:20:24 - [TEST_STEP][PASSED] - delay(2): Delayed 2 second(s)

2024-02-03 23:20:26 - [MESSAGE][PASSED] - Delayed 2 second(s)

2024-02-03 23:20:26 - [TEST_STEP][PASSED] - if (verifyTextPresent("The Email and Re-enter email do not match", true)): null

2024-02-03 23:20:26 - [MESSAGE][PASSED] - Text 'The Email and Re-enter email do not match' is present on page  using regular expression

2024-02-03 23:20:26 - [TEST_STEP][PASSED] - println("Emails Dont match text is present"): null

2024-02-03 23:20:26 - [TEST_STEP][PASSED] - out.println("Pass Record Number: " + row): null

2024-02-03 23:20:26 - [TEST_STEP][PASSED] - resText = "Pass": null

2024-02-03 23:20:26 - [TEST_STEP][PASSED] - pages.WriteExcel.demoKey(resText, datText, resColumn, datCloumn, fileLoc, nameSheet, row): pages.WriteExcel.demoKey is PASSED

2024-02-03 23:20:26 - [MESSAGE][PASSED] - pages.WriteExcel.demoKey is PASSED

2024-02-03 23:20:26 - [TEST_STEP][PASSED] - ExecuteTC = findTestData(dataFile).getValue("Execute", row): null

2024-02-03 23:20:26 - [TEST_STEP][PASSED] - Taxtype = findTestData(dataFile).getValue("TaxType", row): null

2024-02-03 23:20:26 - [TEST_STEP][PASSED] - Paymenttype = findTestData(dataFile).getValue("PaymentType", row): null

2024-02-03 23:20:26 - [TEST_STEP][PASSED] - out.println("Value of Execute is : " + ExecuteTC): null

2024-02-03 23:20:26 - [TEST_STEP][PASSED] - if (ExecuteTC.equalsIgnoreCase("Y")): null

2024-02-03 23:20:26 - [TEST_STEP][PASSED] - out.println("Begin Record Number: " + row): null

2024-02-03 23:20:26 - [TEST_STEP][PASSED] - today = new java.util.Date(): null

2024-02-03 23:20:26 - [TEST_STEP][PASSED] - println(today): null

2024-02-03 23:20:26 - [TEST_STEP][PASSED] - datText = today: null

2024-02-03 23:20:26 - [TEST_STEP][PASSED] - Taxtype = findTestData(dataFile).getValue("TaxType", row): null

2024-02-03 23:20:26 - [TEST_STEP][PASSED] - out.println("Taxtype value is : " + Taxtype): null

2024-02-03 23:20:26 - [TEST_STEP][PASSED] - openBrowser(""): Browser is opened with url: ''

2024-02-03 23:20:26 - [MESSAGE][WARNING] - A browser is already opened. Closing browser and opening a new one

2024-02-03 23:20:28 - [MESSAGE][INFO] - Starting 'Chrome' driver

2024-02-03 23:20:28 - [MESSAGE][INFO] - User set preference: ['acceptInsecureCerts', 'true']

2024-02-03 23:20:28 - [MESSAGE][INFO] - Action delay is set to 0 milliseconds

2024-02-03 23:20:29 - [MESSAGE][PASSED] - Browser is opened with url: ''

2024-02-03 23:20:29 - [TEST_STEP][PASSED] - maximizeWindow(): Current window maximized

2024-02-03 23:20:29 - [MESSAGE][PASSED] - Current window maximized

2024-02-03 23:20:29 - [TEST_STEP][PASSED] - navigateToUrl(RADurl): Navigate to 'https://qa2.velocitypayment.com/client/rad/index.html' successfully

2024-02-03 23:20:31 - [MESSAGE][PASSED] - Navigate to 'https://qa2.velocitypayment.com/client/rad/index.html' successfully

2024-02-03 23:20:31 - [TEST_STEP][PASSED] - orPath_Landing = "Object Repository/RAD_Pages/Landing_Page": null

2024-02-03 23:20:31 - [TEST_STEP][PASSED] - orPath_TaxTypeFilingYear = "Object Repository/RAD_Pages/TaxTypeFilingYear_Page": null

2024-02-03 23:20:31 - [TEST_STEP][PASSED] - orPath_TaxPayer = "Object Repository/RAD_Pages/Taxpayer_Page": null

2024-02-03 23:20:31 - [TEST_STEP][PASSED] - orPath_AddressContact = "Object Repository/RAD_Pages/AddressAndContactInfo_Page": null

2024-02-03 23:20:31 - [TEST_STEP][PASSED] - orPath_FilingStatus = "Object Repository/RAD_Pages/FilingStatus_Page": null

2024-02-03 23:20:31 - [TEST_STEP][PASSED] - orPath_Amount = "Object Repository/RAD_Pages/PaymentAmount_Page": null

2024-02-03 23:20:31 - [TEST_STEP][PASSED] - selectOptionByLabel(findTestObject(orPath_Landing + "/dd_TaxType"), Paymenttype, false): All options with label 'New Tax Return Amount Due' are selected in object 'Object Repository/RAD_Pages/Landing_Page/dd_TaxType' 

2024-02-03 23:20:32 - [MESSAGE][PASSED] - All options with label 'New Tax Return Amount Due' are selected in object 'Object Repository/RAD_Pages/Landing_Page/dd_TaxType' 

2024-02-03 23:20:32 - [TEST_STEP][PASSED] - delay(1): Delayed 1 second(s)

2024-02-03 23:20:33 - [MESSAGE][PASSED] - Delayed 1 second(s)

2024-02-03 23:20:33 - [TEST_STEP][PASSED] - switch (Paymenttype): null

2024-02-03 23:20:33 - [TEST_STEP][PASSED] - case "New Tax Return Amount Due":: null

2024-02-03 23:20:33 - [TEST_STEP][PASSED] - selectOptionByLabel(findTestObject("Object Repository/RAD_Pages/Landing_Page/select_NewTaxReturnAmountDue_TaxType"), Taxtype, false): All options with label 'PTE Non-Electing S Corp' are selected in object 'Object Repository/RAD_Pages/Landing_Page/select_NewTaxReturnAmountDue_TaxType' 

2024-02-03 23:20:34 - [MESSAGE][PASSED] - All options with label 'PTE Non-Electing S Corp' are selected in object 'Object Repository/RAD_Pages/Landing_Page/select_NewTaxReturnAmountDue_TaxType' 

2024-02-03 23:20:34 - [TEST_STEP][PASSED] - break: null

2024-02-03 23:20:34 - [TEST_STEP][PASSED] - delay(1): Delayed 1 second(s)

2024-02-03 23:20:35 - [MESSAGE][PASSED] - Delayed 1 second(s)

2024-02-03 23:20:35 - [TEST_STEP][PASSED] - scrollToElement(findTestObject(orPath_Amount + "/input__paymentAmount"), 3): Scroll to object 'Object Repository/RAD_Pages/PaymentAmount_Page/input__paymentAmount' successfully

2024-02-03 23:20:35 - [MESSAGE][PASSED] - Scroll to object 'Object Repository/RAD_Pages/PaymentAmount_Page/input__paymentAmount' successfully

2024-02-03 23:20:35 - [TEST_STEP][PASSED] - setText(findTestObject(orPath_AddressContact + "/input_eMailAddress"), "imtiazster@gmail.com"): Text 'imtiazster@gmail.com' is set on object 'Object Repository/RAD_Pages/AddressAndContactInfo_Page/input_eMailAddress'

2024-02-03 23:20:36 - [MESSAGE][PASSED] - Text 'imtiazster@gmail.com' is set on object 'Object Repository/RAD_Pages/AddressAndContactInfo_Page/input_eMailAddress'

2024-02-03 23:20:36 - [TEST_STEP][PASSED] - setText(findTestObject(orPath_AddressContact + "/input_reEnterEMailAddress"), "iahmed@govolution.com"): Text 'iahmed@govolution.com' is set on object 'Object Repository/RAD_Pages/AddressAndContactInfo_Page/input_reEnterEMailAddress'

2024-02-03 23:20:37 - [MESSAGE][PASSED] - Text 'iahmed@govolution.com' is set on object 'Object Repository/RAD_Pages/AddressAndContactInfo_Page/input_reEnterEMailAddress'

2024-02-03 23:20:37 - [TEST_STEP][PASSED] - delay(2): Delayed 2 second(s)

2024-02-03 23:20:39 - [MESSAGE][PASSED] - Delayed 2 second(s)

2024-02-03 23:20:39 - [TEST_STEP][PASSED] - if (verifyTextPresent("The Email and Re-enter email do not match", true)): null

2024-02-03 23:20:39 - [MESSAGE][PASSED] - Text 'The Email and Re-enter email do not match' is present on page  using regular expression

2024-02-03 23:20:39 - [TEST_STEP][PASSED] - println("Emails Dont match text is present"): null

2024-02-03 23:20:39 - [TEST_STEP][PASSED] - out.println("Pass Record Number: " + row): null

2024-02-03 23:20:39 - [TEST_STEP][PASSED] - resText = "Pass": null

2024-02-03 23:20:39 - [TEST_STEP][PASSED] - pages.WriteExcel.demoKey(resText, datText, resColumn, datCloumn, fileLoc, nameSheet, row): pages.WriteExcel.demoKey is PASSED

2024-02-03 23:20:39 - [MESSAGE][PASSED] - pages.WriteExcel.demoKey is PASSED

2024-02-03 23:20:39 - [TEST_STEP][PASSED] - ExecuteTC = findTestData(dataFile).getValue("Execute", row): null

2024-02-03 23:20:39 - [TEST_STEP][PASSED] - Taxtype = findTestData(dataFile).getValue("TaxType", row): null

2024-02-03 23:20:39 - [TEST_STEP][PASSED] - Paymenttype = findTestData(dataFile).getValue("PaymentType", row): null

2024-02-03 23:20:39 - [TEST_STEP][PASSED] - out.println("Value of Execute is : " + ExecuteTC): null

2024-02-03 23:20:39 - [TEST_STEP][PASSED] - if (ExecuteTC.equalsIgnoreCase("Y")): null

2024-02-03 23:20:39 - [TEST_STEP][PASSED] - out.println("Begin Record Number: " + row): null

2024-02-03 23:20:39 - [TEST_STEP][PASSED] - today = new java.util.Date(): null

2024-02-03 23:20:39 - [TEST_STEP][PASSED] - println(today): null

2024-02-03 23:20:39 - [TEST_STEP][PASSED] - datText = today: null

2024-02-03 23:20:39 - [TEST_STEP][PASSED] - Taxtype = findTestData(dataFile).getValue("TaxType", row): null

2024-02-03 23:20:39 - [TEST_STEP][PASSED] - out.println("Taxtype value is : " + Taxtype): null

2024-02-03 23:20:39 - [TEST_STEP][PASSED] - openBrowser(""): Browser is opened with url: ''

2024-02-03 23:20:39 - [MESSAGE][WARNING] - A browser is already opened. Closing browser and opening a new one

2024-02-03 23:20:41 - [MESSAGE][INFO] - Starting 'Chrome' driver

2024-02-03 23:20:41 - [MESSAGE][INFO] - User set preference: ['acceptInsecureCerts', 'true']

2024-02-03 23:20:41 - [MESSAGE][INFO] - Action delay is set to 0 milliseconds

2024-02-03 23:20:42 - [MESSAGE][PASSED] - Browser is opened with url: ''

2024-02-03 23:20:42 - [TEST_STEP][PASSED] - maximizeWindow(): Current window maximized

2024-02-03 23:20:42 - [MESSAGE][PASSED] - Current window maximized

2024-02-03 23:20:42 - [TEST_STEP][PASSED] - navigateToUrl(RADurl): Navigate to 'https://qa2.velocitypayment.com/client/rad/index.html' successfully

2024-02-03 23:20:43 - [MESSAGE][PASSED] - Navigate to 'https://qa2.velocitypayment.com/client/rad/index.html' successfully

2024-02-03 23:20:43 - [TEST_STEP][PASSED] - orPath_Landing = "Object Repository/RAD_Pages/Landing_Page": null

2024-02-03 23:20:43 - [TEST_STEP][PASSED] - orPath_TaxTypeFilingYear = "Object Repository/RAD_Pages/TaxTypeFilingYear_Page": null

2024-02-03 23:20:43 - [TEST_STEP][PASSED] - orPath_TaxPayer = "Object Repository/RAD_Pages/Taxpayer_Page": null

2024-02-03 23:20:43 - [TEST_STEP][PASSED] - orPath_AddressContact = "Object Repository/RAD_Pages/AddressAndContactInfo_Page": null

2024-02-03 23:20:43 - [TEST_STEP][PASSED] - orPath_FilingStatus = "Object Repository/RAD_Pages/FilingStatus_Page": null

2024-02-03 23:20:43 - [TEST_STEP][PASSED] - orPath_Amount = "Object Repository/RAD_Pages/PaymentAmount_Page": null

2024-02-03 23:20:43 - [TEST_STEP][PASSED] - selectOptionByLabel(findTestObject(orPath_Landing + "/dd_TaxType"), Paymenttype, false): All options with label 'New Tax Return Amount Due' are selected in object 'Object Repository/RAD_Pages/Landing_Page/dd_TaxType' 

2024-02-03 23:20:45 - [MESSAGE][PASSED] - All options with label 'New Tax Return Amount Due' are selected in object 'Object Repository/RAD_Pages/Landing_Page/dd_TaxType' 

2024-02-03 23:20:45 - [TEST_STEP][PASSED] - delay(1): Delayed 1 second(s)

2024-02-03 23:20:46 - [MESSAGE][PASSED] - Delayed 1 second(s)

2024-02-03 23:20:46 - [TEST_STEP][PASSED] - switch (Paymenttype): null

2024-02-03 23:20:46 - [TEST_STEP][PASSED] - case "New Tax Return Amount Due":: null

2024-02-03 23:20:46 - [TEST_STEP][PASSED] - selectOptionByLabel(findTestObject("Object Repository/RAD_Pages/Landing_Page/select_NewTaxReturnAmountDue_TaxType"), Taxtype, false): All options with label 'PTE Tax Electing Non-S Corp' are selected in object 'Object Repository/RAD_Pages/Landing_Page/select_NewTaxReturnAmountDue_TaxType' 

2024-02-03 23:20:46 - [MESSAGE][PASSED] - All options with label 'PTE Tax Electing Non-S Corp' are selected in object 'Object Repository/RAD_Pages/Landing_Page/select_NewTaxReturnAmountDue_TaxType' 

2024-02-03 23:20:46 - [TEST_STEP][PASSED] - break: null

2024-02-03 23:20:46 - [TEST_STEP][PASSED] - delay(1): Delayed 1 second(s)

2024-02-03 23:20:47 - [MESSAGE][PASSED] - Delayed 1 second(s)

2024-02-03 23:20:47 - [TEST_STEP][PASSED] - scrollToElement(findTestObject(orPath_Amount + "/input__paymentAmount"), 3): Scroll to object 'Object Repository/RAD_Pages/PaymentAmount_Page/input__paymentAmount' successfully

2024-02-03 23:20:48 - [MESSAGE][PASSED] - Scroll to object 'Object Repository/RAD_Pages/PaymentAmount_Page/input__paymentAmount' successfully

2024-02-03 23:20:48 - [TEST_STEP][PASSED] - setText(findTestObject(orPath_AddressContact + "/input_eMailAddress"), "imtiazster@gmail.com"): Text 'imtiazster@gmail.com' is set on object 'Object Repository/RAD_Pages/AddressAndContactInfo_Page/input_eMailAddress'

2024-02-03 23:20:49 - [MESSAGE][PASSED] - Text 'imtiazster@gmail.com' is set on object 'Object Repository/RAD_Pages/AddressAndContactInfo_Page/input_eMailAddress'

2024-02-03 23:20:49 - [TEST_STEP][PASSED] - setText(findTestObject(orPath_AddressContact + "/input_reEnterEMailAddress"), "iahmed@govolution.com"): Text 'iahmed@govolution.com' is set on object 'Object Repository/RAD_Pages/AddressAndContactInfo_Page/input_reEnterEMailAddress'

2024-02-03 23:20:50 - [MESSAGE][PASSED] - Text 'iahmed@govolution.com' is set on object 'Object Repository/RAD_Pages/AddressAndContactInfo_Page/input_reEnterEMailAddress'

2024-02-03 23:20:50 - [TEST_STEP][PASSED] - delay(2): Delayed 2 second(s)

2024-02-03 23:20:52 - [MESSAGE][PASSED] - Delayed 2 second(s)

2024-02-03 23:20:52 - [TEST_STEP][PASSED] - if (verifyTextPresent("The Email and Re-enter email do not match", true)): null

2024-02-03 23:20:52 - [MESSAGE][PASSED] - Text 'The Email and Re-enter email do not match' is present on page  using regular expression

2024-02-03 23:20:52 - [TEST_STEP][PASSED] - println("Emails Dont match text is present"): null

2024-02-03 23:20:52 - [TEST_STEP][PASSED] - out.println("Pass Record Number: " + row): null

2024-02-03 23:20:52 - [TEST_STEP][PASSED] - resText = "Pass": null

2024-02-03 23:20:52 - [TEST_STEP][PASSED] - pages.WriteExcel.demoKey(resText, datText, resColumn, datCloumn, fileLoc, nameSheet, row): pages.WriteExcel.demoKey is PASSED

2024-02-03 23:20:52 - [MESSAGE][PASSED] - pages.WriteExcel.demoKey is PASSED

2024-02-03 23:20:52 - [TEST_STEP][PASSED] - ExecuteTC = findTestData(dataFile).getValue("Execute", row): null

2024-02-03 23:20:52 - [TEST_STEP][PASSED] - Taxtype = findTestData(dataFile).getValue("TaxType", row): null

2024-02-03 23:20:52 - [TEST_STEP][PASSED] - Paymenttype = findTestData(dataFile).getValue("PaymentType", row): null

2024-02-03 23:20:52 - [TEST_STEP][PASSED] - out.println("Value of Execute is : " + ExecuteTC): null

2024-02-03 23:20:52 - [TEST_STEP][PASSED] - if (ExecuteTC.equalsIgnoreCase("Y")): null

2024-02-03 23:20:52 - [TEST_STEP][PASSED] - out.println("Begin Record Number: " + row): null

2024-02-03 23:20:52 - [TEST_STEP][PASSED] - today = new java.util.Date(): null

2024-02-03 23:20:52 - [TEST_STEP][PASSED] - println(today): null

2024-02-03 23:20:52 - [TEST_STEP][PASSED] - datText = today: null

2024-02-03 23:20:52 - [TEST_STEP][PASSED] - Taxtype = findTestData(dataFile).getValue("TaxType", row): null

2024-02-03 23:20:52 - [TEST_STEP][PASSED] - out.println("Taxtype value is : " + Taxtype): null

2024-02-03 23:20:52 - [TEST_STEP][PASSED] - openBrowser(""): Browser is opened with url: ''

2024-02-03 23:20:52 - [MESSAGE][WARNING] - A browser is already opened. Closing browser and opening a new one

2024-02-03 23:20:54 - [MESSAGE][INFO] - Starting 'Chrome' driver

2024-02-03 23:20:54 - [MESSAGE][INFO] - User set preference: ['acceptInsecureCerts', 'true']

2024-02-03 23:20:54 - [MESSAGE][INFO] - Action delay is set to 0 milliseconds

2024-02-03 23:20:56 - [MESSAGE][PASSED] - Browser is opened with url: ''

2024-02-03 23:20:56 - [TEST_STEP][PASSED] - maximizeWindow(): Current window maximized

2024-02-03 23:20:56 - [MESSAGE][PASSED] - Current window maximized

2024-02-03 23:20:56 - [TEST_STEP][PASSED] - navigateToUrl(RADurl): Navigate to 'https://qa2.velocitypayment.com/client/rad/index.html' successfully

2024-02-03 23:20:58 - [MESSAGE][PASSED] - Navigate to 'https://qa2.velocitypayment.com/client/rad/index.html' successfully

2024-02-03 23:20:58 - [TEST_STEP][PASSED] - orPath_Landing = "Object Repository/RAD_Pages/Landing_Page": null

2024-02-03 23:20:58 - [TEST_STEP][PASSED] - orPath_TaxTypeFilingYear = "Object Repository/RAD_Pages/TaxTypeFilingYear_Page": null

2024-02-03 23:20:58 - [TEST_STEP][PASSED] - orPath_TaxPayer = "Object Repository/RAD_Pages/Taxpayer_Page": null

2024-02-03 23:20:58 - [TEST_STEP][PASSED] - orPath_AddressContact = "Object Repository/RAD_Pages/AddressAndContactInfo_Page": null

2024-02-03 23:20:58 - [TEST_STEP][PASSED] - orPath_FilingStatus = "Object Repository/RAD_Pages/FilingStatus_Page": null

2024-02-03 23:20:58 - [TEST_STEP][PASSED] - orPath_Amount = "Object Repository/RAD_Pages/PaymentAmount_Page": null

2024-02-03 23:20:58 - [TEST_STEP][PASSED] - selectOptionByLabel(findTestObject(orPath_Landing + "/dd_TaxType"), Paymenttype, false): All options with label 'New Tax Return Amount Due' are selected in object 'Object Repository/RAD_Pages/Landing_Page/dd_TaxType' 

2024-02-03 23:20:59 - [MESSAGE][PASSED] - All options with label 'New Tax Return Amount Due' are selected in object 'Object Repository/RAD_Pages/Landing_Page/dd_TaxType' 

2024-02-03 23:20:59 - [TEST_STEP][PASSED] - delay(1): Delayed 1 second(s)

2024-02-03 23:21:00 - [MESSAGE][PASSED] - Delayed 1 second(s)

2024-02-03 23:21:00 - [TEST_STEP][PASSED] - switch (Paymenttype): null

2024-02-03 23:21:00 - [TEST_STEP][PASSED] - case "New Tax Return Amount Due":: null

2024-02-03 23:21:00 - [TEST_STEP][PASSED] - selectOptionByLabel(findTestObject("Object Repository/RAD_Pages/Landing_Page/select_NewTaxReturnAmountDue_TaxType"), Taxtype, false): All options with label 'PTE Tax Electing S Corp' are selected in object 'Object Repository/RAD_Pages/Landing_Page/select_NewTaxReturnAmountDue_TaxType' 

2024-02-03 23:21:00 - [MESSAGE][PASSED] - All options with label 'PTE Tax Electing S Corp' are selected in object 'Object Repository/RAD_Pages/Landing_Page/select_NewTaxReturnAmountDue_TaxType' 

2024-02-03 23:21:00 - [TEST_STEP][PASSED] - break: null

2024-02-03 23:21:00 - [TEST_STEP][PASSED] - delay(1): Delayed 1 second(s)

2024-02-03 23:21:02 - [MESSAGE][PASSED] - Delayed 1 second(s)

2024-02-03 23:21:02 - [TEST_STEP][PASSED] - scrollToElement(findTestObject(orPath_Amount + "/input__paymentAmount"), 3): Scroll to object 'Object Repository/RAD_Pages/PaymentAmount_Page/input__paymentAmount' successfully

2024-02-03 23:21:02 - [MESSAGE][PASSED] - Scroll to object 'Object Repository/RAD_Pages/PaymentAmount_Page/input__paymentAmount' successfully

2024-02-03 23:21:02 - [TEST_STEP][PASSED] - setText(findTestObject(orPath_AddressContact + "/input_eMailAddress"), "imtiazster@gmail.com"): Text 'imtiazster@gmail.com' is set on object 'Object Repository/RAD_Pages/AddressAndContactInfo_Page/input_eMailAddress'

2024-02-03 23:21:03 - [MESSAGE][PASSED] - Text 'imtiazster@gmail.com' is set on object 'Object Repository/RAD_Pages/AddressAndContactInfo_Page/input_eMailAddress'

2024-02-03 23:21:03 - [TEST_STEP][PASSED] - setText(findTestObject(orPath_AddressContact + "/input_reEnterEMailAddress"), "iahmed@govolution.com"): Text 'iahmed@govolution.com' is set on object 'Object Repository/RAD_Pages/AddressAndContactInfo_Page/input_reEnterEMailAddress'

2024-02-03 23:21:04 - [MESSAGE][PASSED] - Text 'iahmed@govolution.com' is set on object 'Object Repository/RAD_Pages/AddressAndContactInfo_Page/input_reEnterEMailAddress'

2024-02-03 23:21:04 - [TEST_STEP][PASSED] - delay(2): Delayed 2 second(s)

2024-02-03 23:21:06 - [MESSAGE][PASSED] - Delayed 2 second(s)

2024-02-03 23:21:06 - [TEST_STEP][PASSED] - if (verifyTextPresent("The Email and Re-enter email do not match", true)): null

2024-02-03 23:21:06 - [MESSAGE][PASSED] - Text 'The Email and Re-enter email do not match' is present on page  using regular expression

2024-02-03 23:21:06 - [TEST_STEP][PASSED] - println("Emails Dont match text is present"): null

2024-02-03 23:21:06 - [TEST_STEP][PASSED] - out.println("Pass Record Number: " + row): null

2024-02-03 23:21:06 - [TEST_STEP][PASSED] - resText = "Pass": null

2024-02-03 23:21:06 - [TEST_STEP][PASSED] - pages.WriteExcel.demoKey(resText, datText, resColumn, datCloumn, fileLoc, nameSheet, row): pages.WriteExcel.demoKey is PASSED

2024-02-03 23:21:06 - [MESSAGE][PASSED] - pages.WriteExcel.demoKey is PASSED

2024-02-03 23:21:06 - [TEST_STEP][PASSED] - ExecuteTC = findTestData(dataFile).getValue("Execute", row): null

2024-02-03 23:21:06 - [TEST_STEP][PASSED] - Taxtype = findTestData(dataFile).getValue("TaxType", row): null

2024-02-03 23:21:06 - [TEST_STEP][PASSED] - Paymenttype = findTestData(dataFile).getValue("PaymentType", row): null

2024-02-03 23:21:06 - [TEST_STEP][PASSED] - out.println("Value of Execute is : " + ExecuteTC): null

2024-02-03 23:21:06 - [TEST_STEP][PASSED] - if (ExecuteTC.equalsIgnoreCase("Y")): null

2024-02-03 23:21:06 - [TEST_STEP][PASSED] - out.println("Begin Record Number: " + row): null

2024-02-03 23:21:06 - [TEST_STEP][PASSED] - today = new java.util.Date(): null

2024-02-03 23:21:06 - [TEST_STEP][PASSED] - println(today): null

2024-02-03 23:21:06 - [TEST_STEP][PASSED] - datText = today: null

2024-02-03 23:21:06 - [TEST_STEP][PASSED] - Taxtype = findTestData(dataFile).getValue("TaxType", row): null

2024-02-03 23:21:06 - [TEST_STEP][PASSED] - out.println("Taxtype value is : " + Taxtype): null

2024-02-03 23:21:06 - [TEST_STEP][PASSED] - openBrowser(""): Browser is opened with url: ''

2024-02-03 23:21:06 - [MESSAGE][WARNING] - A browser is already opened. Closing browser and opening a new one

2024-02-03 23:21:08 - [MESSAGE][INFO] - Starting 'Chrome' driver

2024-02-03 23:21:08 - [MESSAGE][INFO] - User set preference: ['acceptInsecureCerts', 'true']

2024-02-03 23:21:08 - [MESSAGE][INFO] - Action delay is set to 0 milliseconds

2024-02-03 23:21:09 - [MESSAGE][PASSED] - Browser is opened with url: ''

2024-02-03 23:21:09 - [TEST_STEP][PASSED] - maximizeWindow(): Current window maximized

2024-02-03 23:21:10 - [MESSAGE][PASSED] - Current window maximized

2024-02-03 23:21:10 - [TEST_STEP][PASSED] - navigateToUrl(RADurl): Navigate to 'https://qa2.velocitypayment.com/client/rad/index.html' successfully

2024-02-03 23:21:10 - [MESSAGE][PASSED] - Navigate to 'https://qa2.velocitypayment.com/client/rad/index.html' successfully

2024-02-03 23:21:10 - [TEST_STEP][PASSED] - orPath_Landing = "Object Repository/RAD_Pages/Landing_Page": null

2024-02-03 23:21:10 - [TEST_STEP][PASSED] - orPath_TaxTypeFilingYear = "Object Repository/RAD_Pages/TaxTypeFilingYear_Page": null

2024-02-03 23:21:10 - [TEST_STEP][PASSED] - orPath_TaxPayer = "Object Repository/RAD_Pages/Taxpayer_Page": null

2024-02-03 23:21:10 - [TEST_STEP][PASSED] - orPath_AddressContact = "Object Repository/RAD_Pages/AddressAndContactInfo_Page": null

2024-02-03 23:21:10 - [TEST_STEP][PASSED] - orPath_FilingStatus = "Object Repository/RAD_Pages/FilingStatus_Page": null

2024-02-03 23:21:10 - [TEST_STEP][PASSED] - orPath_Amount = "Object Repository/RAD_Pages/PaymentAmount_Page": null

2024-02-03 23:21:10 - [TEST_STEP][PASSED] - selectOptionByLabel(findTestObject(orPath_Landing + "/dd_TaxType"), Paymenttype, false): All options with label 'New Tax Return Amount Due' are selected in object 'Object Repository/RAD_Pages/Landing_Page/dd_TaxType' 

2024-02-03 23:21:12 - [MESSAGE][PASSED] - All options with label 'New Tax Return Amount Due' are selected in object 'Object Repository/RAD_Pages/Landing_Page/dd_TaxType' 

2024-02-03 23:21:12 - [TEST_STEP][PASSED] - delay(1): Delayed 1 second(s)

2024-02-03 23:21:13 - [MESSAGE][PASSED] - Delayed 1 second(s)

2024-02-03 23:21:13 - [TEST_STEP][PASSED] - switch (Paymenttype): null

2024-02-03 23:21:13 - [TEST_STEP][PASSED] - case "New Tax Return Amount Due":: null

2024-02-03 23:21:13 - [TEST_STEP][PASSED] - selectOptionByLabel(findTestObject("Object Repository/RAD_Pages/Landing_Page/select_NewTaxReturnAmountDue_TaxType"), Taxtype, false): All options with label 'Personal Income Tax' are selected in object 'Object Repository/RAD_Pages/Landing_Page/select_NewTaxReturnAmountDue_TaxType' 

2024-02-03 23:21:13 - [MESSAGE][PASSED] - All options with label 'Personal Income Tax' are selected in object 'Object Repository/RAD_Pages/Landing_Page/select_NewTaxReturnAmountDue_TaxType' 

2024-02-03 23:21:13 - [TEST_STEP][PASSED] - break: null

2024-02-03 23:21:13 - [TEST_STEP][PASSED] - delay(1): Delayed 1 second(s)

2024-02-03 23:21:14 - [MESSAGE][PASSED] - Delayed 1 second(s)

2024-02-03 23:21:14 - [TEST_STEP][PASSED] - scrollToElement(findTestObject(orPath_Amount + "/input__paymentAmount"), 3): Scroll to object 'Object Repository/RAD_Pages/PaymentAmount_Page/input__paymentAmount' successfully

2024-02-03 23:21:15 - [MESSAGE][PASSED] - Scroll to object 'Object Repository/RAD_Pages/PaymentAmount_Page/input__paymentAmount' successfully

2024-02-03 23:21:15 - [TEST_STEP][PASSED] - setText(findTestObject(orPath_AddressContact + "/input_eMailAddress"), "imtiazster@gmail.com"): Text 'imtiazster@gmail.com' is set on object 'Object Repository/RAD_Pages/AddressAndContactInfo_Page/input_eMailAddress'

2024-02-03 23:21:16 - [MESSAGE][PASSED] - Text 'imtiazster@gmail.com' is set on object 'Object Repository/RAD_Pages/AddressAndContactInfo_Page/input_eMailAddress'

2024-02-03 23:21:16 - [TEST_STEP][PASSED] - setText(findTestObject(orPath_AddressContact + "/input_reEnterEMailAddress"), "iahmed@govolution.com"): Text 'iahmed@govolution.com' is set on object 'Object Repository/RAD_Pages/AddressAndContactInfo_Page/input_reEnterEMailAddress'

2024-02-03 23:21:16 - [MESSAGE][PASSED] - Text 'iahmed@govolution.com' is set on object 'Object Repository/RAD_Pages/AddressAndContactInfo_Page/input_reEnterEMailAddress'

2024-02-03 23:21:16 - [TEST_STEP][PASSED] - delay(2): Delayed 2 second(s)

2024-02-03 23:21:18 - [MESSAGE][PASSED] - Delayed 2 second(s)

2024-02-03 23:21:18 - [TEST_STEP][PASSED] - if (verifyTextPresent("The Email and Re-enter email do not match", true)): null

2024-02-03 23:21:19 - [MESSAGE][PASSED] - Text 'The Email and Re-enter email do not match' is present on page  using regular expression

2024-02-03 23:21:19 - [TEST_STEP][PASSED] - println("Emails Dont match text is present"): null

2024-02-03 23:21:19 - [TEST_STEP][PASSED] - out.println("Pass Record Number: " + row): null

2024-02-03 23:21:19 - [TEST_STEP][PASSED] - resText = "Pass": null

2024-02-03 23:21:19 - [TEST_STEP][PASSED] - pages.WriteExcel.demoKey(resText, datText, resColumn, datCloumn, fileLoc, nameSheet, row): pages.WriteExcel.demoKey is PASSED

2024-02-03 23:21:19 - [MESSAGE][PASSED] - pages.WriteExcel.demoKey is PASSED

2024-02-03 23:21:19 - [TEST_STEP][PASSED] - ExecuteTC = findTestData(dataFile).getValue("Execute", row): null

2024-02-03 23:21:19 - [TEST_STEP][PASSED] - Taxtype = findTestData(dataFile).getValue("TaxType", row): null

2024-02-03 23:21:19 - [TEST_STEP][PASSED] - Paymenttype = findTestData(dataFile).getValue("PaymentType", row): null

2024-02-03 23:21:19 - [TEST_STEP][PASSED] - out.println("Value of Execute is : " + ExecuteTC): null

2024-02-03 23:21:19 - [TEST_STEP][PASSED] - if (ExecuteTC.equalsIgnoreCase("Y")): null

2024-02-03 23:21:19 - [TEST_STEP][PASSED] - out.println("Begin Record Number: " + row): null

2024-02-03 23:21:19 - [TEST_STEP][PASSED] - today = new java.util.Date(): null

2024-02-03 23:21:19 - [TEST_STEP][PASSED] - println(today): null

2024-02-03 23:21:19 - [TEST_STEP][PASSED] - datText = today: null

2024-02-03 23:21:19 - [TEST_STEP][PASSED] - Taxtype = findTestData(dataFile).getValue("TaxType", row): null

2024-02-03 23:21:19 - [TEST_STEP][PASSED] - out.println("Taxtype value is : " + Taxtype): null

2024-02-03 23:21:19 - [TEST_STEP][PASSED] - openBrowser(""): Browser is opened with url: ''

2024-02-03 23:21:19 - [MESSAGE][WARNING] - A browser is already opened. Closing browser and opening a new one

2024-02-03 23:21:20 - [MESSAGE][INFO] - Starting 'Chrome' driver

2024-02-03 23:21:20 - [MESSAGE][INFO] - User set preference: ['acceptInsecureCerts', 'true']

2024-02-03 23:21:20 - [MESSAGE][INFO] - Action delay is set to 0 milliseconds

2024-02-03 23:21:22 - [MESSAGE][PASSED] - Browser is opened with url: ''

2024-02-03 23:21:22 - [TEST_STEP][PASSED] - maximizeWindow(): Current window maximized

2024-02-03 23:21:22 - [MESSAGE][PASSED] - Current window maximized

2024-02-03 23:21:22 - [TEST_STEP][PASSED] - navigateToUrl(RADurl): Navigate to 'https://qa2.velocitypayment.com/client/rad/index.html' successfully

2024-02-03 23:21:22 - [MESSAGE][PASSED] - Navigate to 'https://qa2.velocitypayment.com/client/rad/index.html' successfully

2024-02-03 23:21:22 - [TEST_STEP][PASSED] - orPath_Landing = "Object Repository/RAD_Pages/Landing_Page": null

2024-02-03 23:21:22 - [TEST_STEP][PASSED] - orPath_TaxTypeFilingYear = "Object Repository/RAD_Pages/TaxTypeFilingYear_Page": null

2024-02-03 23:21:22 - [TEST_STEP][PASSED] - orPath_TaxPayer = "Object Repository/RAD_Pages/Taxpayer_Page": null

2024-02-03 23:21:22 - [TEST_STEP][PASSED] - orPath_AddressContact = "Object Repository/RAD_Pages/AddressAndContactInfo_Page": null

2024-02-03 23:21:22 - [TEST_STEP][PASSED] - orPath_FilingStatus = "Object Repository/RAD_Pages/FilingStatus_Page": null

2024-02-03 23:21:22 - [TEST_STEP][PASSED] - orPath_Amount = "Object Repository/RAD_Pages/PaymentAmount_Page": null

2024-02-03 23:21:22 - [TEST_STEP][PASSED] - selectOptionByLabel(findTestObject(orPath_Landing + "/dd_TaxType"), Paymenttype, false): All options with label 'Existing Liability w/Notice Number' are selected in object 'Object Repository/RAD_Pages/Landing_Page/dd_TaxType' 

2024-02-03 23:21:24 - [MESSAGE][PASSED] - All options with label 'Existing Liability w/Notice Number' are selected in object 'Object Repository/RAD_Pages/Landing_Page/dd_TaxType' 

2024-02-03 23:21:24 - [TEST_STEP][PASSED] - delay(1): Delayed 1 second(s)

2024-02-03 23:21:25 - [MESSAGE][PASSED] - Delayed 1 second(s)

2024-02-03 23:21:25 - [TEST_STEP][PASSED] - switch (Paymenttype): null

2024-02-03 23:21:25 - [TEST_STEP][PASSED] - case "Existing Liability w/Notice Number":: null

2024-02-03 23:21:25 - [TEST_STEP][PASSED] - selectOptionByLabel(findTestObject(orPath_TaxTypeFilingYear + "/select_TaxType_ExistingLiability"), Taxtype, false): All options with label 'Admissions and Amusement Tax' are selected in object 'Object Repository/RAD_Pages/TaxTypeFilingYear_Page/select_TaxType_ExistingLiability' 

2024-02-03 23:21:26 - [MESSAGE][PASSED] - All options with label 'Admissions and Amusement Tax' are selected in object 'Object Repository/RAD_Pages/TaxTypeFilingYear_Page/select_TaxType_ExistingLiability' 

2024-02-03 23:21:26 - [TEST_STEP][PASSED] - break: null

2024-02-03 23:21:26 - [TEST_STEP][PASSED] - delay(1): Delayed 1 second(s)

2024-02-03 23:21:27 - [MESSAGE][PASSED] - Delayed 1 second(s)

2024-02-03 23:21:27 - [TEST_STEP][PASSED] - scrollToElement(findTestObject(orPath_Amount + "/input__paymentAmount"), 3): Scroll to object 'Object Repository/RAD_Pages/PaymentAmount_Page/input__paymentAmount' successfully

2024-02-03 23:21:27 - [MESSAGE][PASSED] - Scroll to object 'Object Repository/RAD_Pages/PaymentAmount_Page/input__paymentAmount' successfully

2024-02-03 23:21:27 - [TEST_STEP][PASSED] - setText(findTestObject(orPath_AddressContact + "/input_eMailAddress"), "imtiazster@gmail.com"): Text 'imtiazster@gmail.com' is set on object 'Object Repository/RAD_Pages/AddressAndContactInfo_Page/input_eMailAddress'

2024-02-03 23:21:28 - [MESSAGE][PASSED] - Text 'imtiazster@gmail.com' is set on object 'Object Repository/RAD_Pages/AddressAndContactInfo_Page/input_eMailAddress'

2024-02-03 23:21:28 - [TEST_STEP][PASSED] - setText(findTestObject(orPath_AddressContact + "/input_reEnterEMailAddress"), "iahmed@govolution.com"): Text 'iahmed@govolution.com' is set on object 'Object Repository/RAD_Pages/AddressAndContactInfo_Page/input_reEnterEMailAddress'

2024-02-03 23:21:29 - [MESSAGE][PASSED] - Text 'iahmed@govolution.com' is set on object 'Object Repository/RAD_Pages/AddressAndContactInfo_Page/input_reEnterEMailAddress'

2024-02-03 23:21:29 - [TEST_STEP][PASSED] - delay(2): Delayed 2 second(s)

2024-02-03 23:21:31 - [MESSAGE][PASSED] - Delayed 2 second(s)

2024-02-03 23:21:31 - [TEST_STEP][PASSED] - if (verifyTextPresent("The Email and Re-enter email do not match", true)): null

2024-02-03 23:21:31 - [MESSAGE][PASSED] - Text 'The Email and Re-enter email do not match' is present on page  using regular expression

2024-02-03 23:21:31 - [TEST_STEP][PASSED] - println("Emails Dont match text is present"): null

2024-02-03 23:21:31 - [TEST_STEP][PASSED] - out.println("Pass Record Number: " + row): null

2024-02-03 23:21:31 - [TEST_STEP][PASSED] - resText = "Pass": null

2024-02-03 23:21:31 - [TEST_STEP][PASSED] - pages.WriteExcel.demoKey(resText, datText, resColumn, datCloumn, fileLoc, nameSheet, row): pages.WriteExcel.demoKey is PASSED

2024-02-03 23:21:31 - [MESSAGE][PASSED] - pages.WriteExcel.demoKey is PASSED

2024-02-03 23:21:31 - [TEST_STEP][PASSED] - ExecuteTC = findTestData(dataFile).getValue("Execute", row): null

2024-02-03 23:21:31 - [TEST_STEP][PASSED] - Taxtype = findTestData(dataFile).getValue("TaxType", row): null

2024-02-03 23:21:31 - [TEST_STEP][PASSED] - Paymenttype = findTestData(dataFile).getValue("PaymentType", row): null

2024-02-03 23:21:31 - [TEST_STEP][PASSED] - out.println("Value of Execute is : " + ExecuteTC): null

2024-02-03 23:21:31 - [TEST_STEP][PASSED] - if (ExecuteTC.equalsIgnoreCase("Y")): null

2024-02-03 23:21:31 - [TEST_STEP][PASSED] - out.println("Begin Record Number: " + row): null

2024-02-03 23:21:31 - [TEST_STEP][PASSED] - today = new java.util.Date(): null

2024-02-03 23:21:31 - [TEST_STEP][PASSED] - println(today): null

2024-02-03 23:21:31 - [TEST_STEP][PASSED] - datText = today: null

2024-02-03 23:21:31 - [TEST_STEP][PASSED] - Taxtype = findTestData(dataFile).getValue("TaxType", row): null

2024-02-03 23:21:32 - [TEST_STEP][PASSED] - out.println("Taxtype value is : " + Taxtype): null

2024-02-03 23:21:32 - [TEST_STEP][PASSED] - openBrowser(""): Browser is opened with url: ''

2024-02-03 23:21:32 - [MESSAGE][WARNING] - A browser is already opened. Closing browser and opening a new one

2024-02-03 23:21:33 - [MESSAGE][INFO] - Starting 'Chrome' driver

2024-02-03 23:21:33 - [MESSAGE][INFO] - User set preference: ['acceptInsecureCerts', 'true']

2024-02-03 23:21:33 - [MESSAGE][INFO] - Action delay is set to 0 milliseconds

2024-02-03 23:21:34 - [MESSAGE][PASSED] - Browser is opened with url: ''

2024-02-03 23:21:34 - [TEST_STEP][PASSED] - maximizeWindow(): Current window maximized

2024-02-03 23:21:34 - [MESSAGE][PASSED] - Current window maximized

2024-02-03 23:21:34 - [TEST_STEP][PASSED] - navigateToUrl(RADurl): Navigate to 'https://qa2.velocitypayment.com/client/rad/index.html' successfully

2024-02-03 23:21:36 - [MESSAGE][PASSED] - Navigate to 'https://qa2.velocitypayment.com/client/rad/index.html' successfully

2024-02-03 23:21:36 - [TEST_STEP][PASSED] - orPath_Landing = "Object Repository/RAD_Pages/Landing_Page": null

2024-02-03 23:21:36 - [TEST_STEP][PASSED] - orPath_TaxTypeFilingYear = "Object Repository/RAD_Pages/TaxTypeFilingYear_Page": null

2024-02-03 23:21:36 - [TEST_STEP][PASSED] - orPath_TaxPayer = "Object Repository/RAD_Pages/Taxpayer_Page": null

2024-02-03 23:21:36 - [TEST_STEP][PASSED] - orPath_AddressContact = "Object Repository/RAD_Pages/AddressAndContactInfo_Page": null

2024-02-03 23:21:36 - [TEST_STEP][PASSED] - orPath_FilingStatus = "Object Repository/RAD_Pages/FilingStatus_Page": null

2024-02-03 23:21:36 - [TEST_STEP][PASSED] - orPath_Amount = "Object Repository/RAD_Pages/PaymentAmount_Page": null

2024-02-03 23:21:36 - [TEST_STEP][PASSED] - selectOptionByLabel(findTestObject(orPath_Landing + "/dd_TaxType"), Paymenttype, false): All options with label 'Existing Liability w/Notice Number' are selected in object 'Object Repository/RAD_Pages/Landing_Page/dd_TaxType' 

2024-02-03 23:21:37 - [MESSAGE][PASSED] - All options with label 'Existing Liability w/Notice Number' are selected in object 'Object Repository/RAD_Pages/Landing_Page/dd_TaxType' 

2024-02-03 23:21:37 - [TEST_STEP][PASSED] - delay(1): Delayed 1 second(s)

2024-02-03 23:21:38 - [MESSAGE][PASSED] - Delayed 1 second(s)

2024-02-03 23:21:38 - [TEST_STEP][PASSED] - switch (Paymenttype): null

2024-02-03 23:21:38 - [TEST_STEP][PASSED] - case "Existing Liability w/Notice Number":: null

2024-02-03 23:21:38 - [TEST_STEP][PASSED] - selectOptionByLabel(findTestObject(orPath_TaxTypeFilingYear + "/select_TaxType_ExistingLiability"), Taxtype, false): All options with label 'Estate Tax' are selected in object 'Object Repository/RAD_Pages/TaxTypeFilingYear_Page/select_TaxType_ExistingLiability' 

2024-02-03 23:21:38 - [MESSAGE][PASSED] - All options with label 'Estate Tax' are selected in object 'Object Repository/RAD_Pages/TaxTypeFilingYear_Page/select_TaxType_ExistingLiability' 

2024-02-03 23:21:38 - [TEST_STEP][PASSED] - break: null

2024-02-03 23:21:38 - [TEST_STEP][PASSED] - delay(1): Delayed 1 second(s)

2024-02-03 23:21:39 - [MESSAGE][PASSED] - Delayed 1 second(s)

2024-02-03 23:21:39 - [TEST_STEP][PASSED] - scrollToElement(findTestObject(orPath_Amount + "/input__paymentAmount"), 3): Scroll to object 'Object Repository/RAD_Pages/PaymentAmount_Page/input__paymentAmount' successfully

2024-02-03 23:21:40 - [MESSAGE][PASSED] - Scroll to object 'Object Repository/RAD_Pages/PaymentAmount_Page/input__paymentAmount' successfully

2024-02-03 23:21:40 - [TEST_STEP][PASSED] - setText(findTestObject(orPath_AddressContact + "/input_eMailAddress"), "imtiazster@gmail.com"): Text 'imtiazster@gmail.com' is set on object 'Object Repository/RAD_Pages/AddressAndContactInfo_Page/input_eMailAddress'

2024-02-03 23:21:41 - [MESSAGE][PASSED] - Text 'imtiazster@gmail.com' is set on object 'Object Repository/RAD_Pages/AddressAndContactInfo_Page/input_eMailAddress'

2024-02-03 23:21:41 - [TEST_STEP][PASSED] - setText(findTestObject(orPath_AddressContact + "/input_reEnterEMailAddress"), "iahmed@govolution.com"): Text 'iahmed@govolution.com' is set on object 'Object Repository/RAD_Pages/AddressAndContactInfo_Page/input_reEnterEMailAddress'

2024-02-03 23:21:41 - [MESSAGE][PASSED] - Text 'iahmed@govolution.com' is set on object 'Object Repository/RAD_Pages/AddressAndContactInfo_Page/input_reEnterEMailAddress'

2024-02-03 23:21:41 - [TEST_STEP][PASSED] - delay(2): Delayed 2 second(s)

2024-02-03 23:21:43 - [MESSAGE][PASSED] - Delayed 2 second(s)

2024-02-03 23:21:43 - [TEST_STEP][PASSED] - if (verifyTextPresent("The Email and Re-enter email do not match", true)): null

2024-02-03 23:21:44 - [MESSAGE][PASSED] - Text 'The Email and Re-enter email do not match' is present on page  using regular expression

2024-02-03 23:21:44 - [TEST_STEP][PASSED] - println("Emails Dont match text is present"): null

2024-02-03 23:21:44 - [TEST_STEP][PASSED] - out.println("Pass Record Number: " + row): null

2024-02-03 23:21:44 - [TEST_STEP][PASSED] - resText = "Pass": null

2024-02-03 23:21:44 - [TEST_STEP][PASSED] - pages.WriteExcel.demoKey(resText, datText, resColumn, datCloumn, fileLoc, nameSheet, row): pages.WriteExcel.demoKey is PASSED

2024-02-03 23:21:44 - [MESSAGE][PASSED] - pages.WriteExcel.demoKey is PASSED

2024-02-03 23:21:44 - [TEST_STEP][PASSED] - ExecuteTC = findTestData(dataFile).getValue("Execute", row): null

2024-02-03 23:21:44 - [TEST_STEP][PASSED] - Taxtype = findTestData(dataFile).getValue("TaxType", row): null

2024-02-03 23:21:44 - [TEST_STEP][PASSED] - Paymenttype = findTestData(dataFile).getValue("PaymentType", row): null

2024-02-03 23:21:44 - [TEST_STEP][PASSED] - out.println("Value of Execute is : " + ExecuteTC): null

2024-02-03 23:21:44 - [TEST_STEP][PASSED] - if (ExecuteTC.equalsIgnoreCase("Y")): null

2024-02-03 23:21:44 - [TEST_STEP][PASSED] - out.println("Begin Record Number: " + row): null

2024-02-03 23:21:44 - [TEST_STEP][PASSED] - today = new java.util.Date(): null

2024-02-03 23:21:44 - [TEST_STEP][PASSED] - println(today): null

2024-02-03 23:21:44 - [TEST_STEP][PASSED] - datText = today: null

2024-02-03 23:21:44 - [TEST_STEP][PASSED] - Taxtype = findTestData(dataFile).getValue("TaxType", row): null

2024-02-03 23:21:44 - [TEST_STEP][PASSED] - out.println("Taxtype value is : " + Taxtype): null

2024-02-03 23:21:44 - [TEST_STEP][PASSED] - openBrowser(""): Browser is opened with url: ''

2024-02-03 23:21:44 - [MESSAGE][WARNING] - A browser is already opened. Closing browser and opening a new one

2024-02-03 23:21:45 - [MESSAGE][INFO] - Starting 'Chrome' driver

2024-02-03 23:21:45 - [MESSAGE][INFO] - User set preference: ['acceptInsecureCerts', 'true']

2024-02-03 23:21:45 - [MESSAGE][INFO] - Action delay is set to 0 milliseconds

2024-02-03 23:21:47 - [MESSAGE][PASSED] - Browser is opened with url: ''

2024-02-03 23:21:47 - [TEST_STEP][PASSED] - maximizeWindow(): Current window maximized

2024-02-03 23:21:47 - [MESSAGE][PASSED] - Current window maximized

2024-02-03 23:21:47 - [TEST_STEP][PASSED] - navigateToUrl(RADurl): Navigate to 'https://qa2.velocitypayment.com/client/rad/index.html' successfully

2024-02-03 23:21:49 - [MESSAGE][PASSED] - Navigate to 'https://qa2.velocitypayment.com/client/rad/index.html' successfully

2024-02-03 23:21:49 - [TEST_STEP][PASSED] - orPath_Landing = "Object Repository/RAD_Pages/Landing_Page": null

2024-02-03 23:21:49 - [TEST_STEP][PASSED] - orPath_TaxTypeFilingYear = "Object Repository/RAD_Pages/TaxTypeFilingYear_Page": null

2024-02-03 23:21:49 - [TEST_STEP][PASSED] - orPath_TaxPayer = "Object Repository/RAD_Pages/Taxpayer_Page": null

2024-02-03 23:21:49 - [TEST_STEP][PASSED] - orPath_AddressContact = "Object Repository/RAD_Pages/AddressAndContactInfo_Page": null

2024-02-03 23:21:49 - [TEST_STEP][PASSED] - orPath_FilingStatus = "Object Repository/RAD_Pages/FilingStatus_Page": null

2024-02-03 23:21:49 - [TEST_STEP][PASSED] - orPath_Amount = "Object Repository/RAD_Pages/PaymentAmount_Page": null

2024-02-03 23:21:49 - [TEST_STEP][PASSED] - selectOptionByLabel(findTestObject(orPath_Landing + "/dd_TaxType"), Paymenttype, false): All options with label 'Existing Liability w/Notice Number' are selected in object 'Object Repository/RAD_Pages/Landing_Page/dd_TaxType' 

2024-02-03 23:21:49 - [MESSAGE][PASSED] - All options with label 'Existing Liability w/Notice Number' are selected in object 'Object Repository/RAD_Pages/Landing_Page/dd_TaxType' 

2024-02-03 23:21:49 - [TEST_STEP][PASSED] - delay(1): Delayed 1 second(s)

2024-02-03 23:21:50 - [MESSAGE][PASSED] - Delayed 1 second(s)

2024-02-03 23:21:50 - [TEST_STEP][PASSED] - switch (Paymenttype): null

2024-02-03 23:21:50 - [TEST_STEP][PASSED] - case "Existing Liability w/Notice Number":: null

2024-02-03 23:21:50 - [TEST_STEP][PASSED] - selectOptionByLabel(findTestObject(orPath_TaxTypeFilingYear + "/select_TaxType_ExistingLiability"), Taxtype, false): All options with label 'Motor Fuel Tax' are selected in object 'Object Repository/RAD_Pages/TaxTypeFilingYear_Page/select_TaxType_ExistingLiability' 

2024-02-03 23:21:51 - [MESSAGE][PASSED] - All options with label 'Motor Fuel Tax' are selected in object 'Object Repository/RAD_Pages/TaxTypeFilingYear_Page/select_TaxType_ExistingLiability' 

2024-02-03 23:21:51 - [TEST_STEP][PASSED] - break: null

2024-02-03 23:21:51 - [TEST_STEP][PASSED] - delay(1): Delayed 1 second(s)

2024-02-03 23:21:52 - [MESSAGE][PASSED] - Delayed 1 second(s)

2024-02-03 23:21:52 - [TEST_STEP][PASSED] - scrollToElement(findTestObject(orPath_Amount + "/input__paymentAmount"), 3): Scroll to object 'Object Repository/RAD_Pages/PaymentAmount_Page/input__paymentAmount' successfully

2024-02-03 23:21:52 - [MESSAGE][PASSED] - Scroll to object 'Object Repository/RAD_Pages/PaymentAmount_Page/input__paymentAmount' successfully

2024-02-03 23:21:52 - [TEST_STEP][PASSED] - setText(findTestObject(orPath_AddressContact + "/input_eMailAddress"), "imtiazster@gmail.com"): Text 'imtiazster@gmail.com' is set on object 'Object Repository/RAD_Pages/AddressAndContactInfo_Page/input_eMailAddress'

2024-02-03 23:21:53 - [MESSAGE][PASSED] - Text 'imtiazster@gmail.com' is set on object 'Object Repository/RAD_Pages/AddressAndContactInfo_Page/input_eMailAddress'

2024-02-03 23:21:53 - [TEST_STEP][PASSED] - setText(findTestObject(orPath_AddressContact + "/input_reEnterEMailAddress"), "iahmed@govolution.com"): Text 'iahmed@govolution.com' is set on object 'Object Repository/RAD_Pages/AddressAndContactInfo_Page/input_reEnterEMailAddress'

2024-02-03 23:21:54 - [MESSAGE][PASSED] - Text 'iahmed@govolution.com' is set on object 'Object Repository/RAD_Pages/AddressAndContactInfo_Page/input_reEnterEMailAddress'

2024-02-03 23:21:54 - [TEST_STEP][PASSED] - delay(2): Delayed 2 second(s)

2024-02-03 23:21:56 - [MESSAGE][PASSED] - Delayed 2 second(s)

2024-02-03 23:21:56 - [TEST_STEP][PASSED] - if (verifyTextPresent("The Email and Re-enter email do not match", true)): null

2024-02-03 23:21:56 - [MESSAGE][PASSED] - Text 'The Email and Re-enter email do not match' is present on page  using regular expression

2024-02-03 23:21:56 - [TEST_STEP][PASSED] - println("Emails Dont match text is present"): null

2024-02-03 23:21:56 - [TEST_STEP][PASSED] - out.println("Pass Record Number: " + row): null

2024-02-03 23:21:56 - [TEST_STEP][PASSED] - resText = "Pass": null

2024-02-03 23:21:56 - [TEST_STEP][PASSED] - pages.WriteExcel.demoKey(resText, datText, resColumn, datCloumn, fileLoc, nameSheet, row): pages.WriteExcel.demoKey is PASSED

2024-02-03 23:21:56 - [MESSAGE][PASSED] - pages.WriteExcel.demoKey is PASSED

2024-02-03 23:21:56 - [TEST_STEP][PASSED] - ExecuteTC = findTestData(dataFile).getValue("Execute", row): null

2024-02-03 23:21:56 - [TEST_STEP][PASSED] - Taxtype = findTestData(dataFile).getValue("TaxType", row): null

2024-02-03 23:21:57 - [TEST_STEP][PASSED] - Paymenttype = findTestData(dataFile).getValue("PaymentType", row): null

2024-02-03 23:21:57 - [TEST_STEP][PASSED] - out.println("Value of Execute is : " + ExecuteTC): null

2024-02-03 23:21:57 - [TEST_STEP][PASSED] - if (ExecuteTC.equalsIgnoreCase("Y")): null

2024-02-03 23:21:57 - [TEST_STEP][PASSED] - out.println("Begin Record Number: " + row): null

2024-02-03 23:21:57 - [TEST_STEP][PASSED] - today = new java.util.Date(): null

2024-02-03 23:21:57 - [TEST_STEP][PASSED] - println(today): null

2024-02-03 23:21:57 - [TEST_STEP][PASSED] - datText = today: null

2024-02-03 23:21:57 - [TEST_STEP][PASSED] - Taxtype = findTestData(dataFile).getValue("TaxType", row): null

2024-02-03 23:21:57 - [TEST_STEP][PASSED] - out.println("Taxtype value is : " + Taxtype): null

2024-02-03 23:21:57 - [TEST_STEP][PASSED] - openBrowser(""): Browser is opened with url: ''

2024-02-03 23:21:57 - [MESSAGE][WARNING] - A browser is already opened. Closing browser and opening a new one

2024-02-03 23:21:58 - [MESSAGE][INFO] - Starting 'Chrome' driver

2024-02-03 23:21:58 - [MESSAGE][INFO] - User set preference: ['acceptInsecureCerts', 'true']

2024-02-03 23:21:58 - [MESSAGE][INFO] - Action delay is set to 0 milliseconds

2024-02-03 23:22:00 - [MESSAGE][PASSED] - Browser is opened with url: ''

2024-02-03 23:22:00 - [TEST_STEP][PASSED] - maximizeWindow(): Current window maximized

2024-02-03 23:22:00 - [MESSAGE][PASSED] - Current window maximized

2024-02-03 23:22:00 - [TEST_STEP][PASSED] - navigateToUrl(RADurl): Navigate to 'https://qa2.velocitypayment.com/client/rad/index.html' successfully

2024-02-03 23:22:00 - [MESSAGE][PASSED] - Navigate to 'https://qa2.velocitypayment.com/client/rad/index.html' successfully

2024-02-03 23:22:00 - [TEST_STEP][PASSED] - orPath_Landing = "Object Repository/RAD_Pages/Landing_Page": null

2024-02-03 23:22:00 - [TEST_STEP][PASSED] - orPath_TaxTypeFilingYear = "Object Repository/RAD_Pages/TaxTypeFilingYear_Page": null

2024-02-03 23:22:00 - [TEST_STEP][PASSED] - orPath_TaxPayer = "Object Repository/RAD_Pages/Taxpayer_Page": null

2024-02-03 23:22:00 - [TEST_STEP][PASSED] - orPath_AddressContact = "Object Repository/RAD_Pages/AddressAndContactInfo_Page": null

2024-02-03 23:22:00 - [TEST_STEP][PASSED] - orPath_FilingStatus = "Object Repository/RAD_Pages/FilingStatus_Page": null

2024-02-03 23:22:00 - [TEST_STEP][PASSED] - orPath_Amount = "Object Repository/RAD_Pages/PaymentAmount_Page": null

2024-02-03 23:22:00 - [TEST_STEP][PASSED] - selectOptionByLabel(findTestObject(orPath_Landing + "/dd_TaxType"), Paymenttype, false): All options with label 'Existing Liability w/Notice Number' are selected in object 'Object Repository/RAD_Pages/Landing_Page/dd_TaxType' 

2024-02-03 23:22:02 - [MESSAGE][PASSED] - All options with label 'Existing Liability w/Notice Number' are selected in object 'Object Repository/RAD_Pages/Landing_Page/dd_TaxType' 

2024-02-03 23:22:02 - [TEST_STEP][PASSED] - delay(1): Delayed 1 second(s)

2024-02-03 23:22:03 - [MESSAGE][PASSED] - Delayed 1 second(s)

2024-02-03 23:22:03 - [TEST_STEP][PASSED] - switch (Paymenttype): null

2024-02-03 23:22:03 - [TEST_STEP][PASSED] - case "Existing Liability w/Notice Number":: null

2024-02-03 23:22:03 - [TEST_STEP][PASSED] - selectOptionByLabel(findTestObject(orPath_TaxTypeFilingYear + "/select_TaxType_ExistingLiability"), Taxtype, false): All options with label 'Slots License Fee' are selected in object 'Object Repository/RAD_Pages/TaxTypeFilingYear_Page/select_TaxType_ExistingLiability' 

2024-02-03 23:22:04 - [MESSAGE][PASSED] - All options with label 'Slots License Fee' are selected in object 'Object Repository/RAD_Pages/TaxTypeFilingYear_Page/select_TaxType_ExistingLiability' 

2024-02-03 23:22:04 - [TEST_STEP][PASSED] - break: null

2024-02-03 23:22:04 - [TEST_STEP][PASSED] - delay(1): Delayed 1 second(s)

2024-02-03 23:22:05 - [MESSAGE][PASSED] - Delayed 1 second(s)

2024-02-03 23:22:05 - [TEST_STEP][PASSED] - scrollToElement(findTestObject(orPath_Amount + "/input__paymentAmount"), 3): Scroll to object 'Object Repository/RAD_Pages/PaymentAmount_Page/input__paymentAmount' successfully

2024-02-03 23:22:05 - [MESSAGE][PASSED] - Scroll to object 'Object Repository/RAD_Pages/PaymentAmount_Page/input__paymentAmount' successfully

2024-02-03 23:22:05 - [TEST_STEP][PASSED] - setText(findTestObject(orPath_AddressContact + "/input_eMailAddress"), "imtiazster@gmail.com"): Text 'imtiazster@gmail.com' is set on object 'Object Repository/RAD_Pages/AddressAndContactInfo_Page/input_eMailAddress'

2024-02-03 23:22:06 - [MESSAGE][PASSED] - Text 'imtiazster@gmail.com' is set on object 'Object Repository/RAD_Pages/AddressAndContactInfo_Page/input_eMailAddress'

2024-02-03 23:22:06 - [TEST_STEP][PASSED] - setText(findTestObject(orPath_AddressContact + "/input_reEnterEMailAddress"), "iahmed@govolution.com"): Text 'iahmed@govolution.com' is set on object 'Object Repository/RAD_Pages/AddressAndContactInfo_Page/input_reEnterEMailAddress'

2024-02-03 23:22:07 - [MESSAGE][PASSED] - Text 'iahmed@govolution.com' is set on object 'Object Repository/RAD_Pages/AddressAndContactInfo_Page/input_reEnterEMailAddress'

2024-02-03 23:22:07 - [TEST_STEP][PASSED] - delay(2): Delayed 2 second(s)

2024-02-03 23:22:09 - [MESSAGE][PASSED] - Delayed 2 second(s)

2024-02-03 23:22:09 - [TEST_STEP][PASSED] - if (verifyTextPresent("The Email and Re-enter email do not match", true)): null

2024-02-03 23:22:09 - [MESSAGE][PASSED] - Text 'The Email and Re-enter email do not match' is present on page  using regular expression

2024-02-03 23:22:09 - [TEST_STEP][PASSED] - println("Emails Dont match text is present"): null

2024-02-03 23:22:09 - [TEST_STEP][PASSED] - out.println("Pass Record Number: " + row): null

2024-02-03 23:22:09 - [TEST_STEP][PASSED] - resText = "Pass": null

2024-02-03 23:22:09 - [TEST_STEP][PASSED] - pages.WriteExcel.demoKey(resText, datText, resColumn, datCloumn, fileLoc, nameSheet, row): pages.WriteExcel.demoKey is PASSED

2024-02-03 23:22:09 - [MESSAGE][PASSED] - pages.WriteExcel.demoKey is PASSED

2024-02-03 23:22:09 - [TEST_STEP][PASSED] - ExecuteTC = findTestData(dataFile).getValue("Execute", row): null

2024-02-03 23:22:09 - [TEST_STEP][PASSED] - Taxtype = findTestData(dataFile).getValue("TaxType", row): null

2024-02-03 23:22:09 - [TEST_STEP][PASSED] - Paymenttype = findTestData(dataFile).getValue("PaymentType", row): null

2024-02-03 23:22:09 - [TEST_STEP][PASSED] - out.println("Value of Execute is : " + ExecuteTC): null

2024-02-03 23:22:09 - [TEST_STEP][PASSED] - if (ExecuteTC.equalsIgnoreCase("Y")): null

2024-02-03 23:22:09 - [TEST_STEP][PASSED] - out.println("Begin Record Number: " + row): null

2024-02-03 23:22:09 - [TEST_STEP][PASSED] - today = new java.util.Date(): null

2024-02-03 23:22:09 - [TEST_STEP][PASSED] - println(today): null

2024-02-03 23:22:09 - [TEST_STEP][PASSED] - datText = today: null

2024-02-03 23:22:09 - [TEST_STEP][PASSED] - Taxtype = findTestData(dataFile).getValue("TaxType", row): null

2024-02-03 23:22:09 - [TEST_STEP][PASSED] - out.println("Taxtype value is : " + Taxtype): null

2024-02-03 23:22:09 - [TEST_STEP][PASSED] - openBrowser(""): Browser is opened with url: ''

2024-02-03 23:22:09 - [MESSAGE][WARNING] - A browser is already opened. Closing browser and opening a new one

2024-02-03 23:22:11 - [MESSAGE][INFO] - Starting 'Chrome' driver

2024-02-03 23:22:11 - [MESSAGE][INFO] - User set preference: ['acceptInsecureCerts', 'true']

2024-02-03 23:22:11 - [MESSAGE][INFO] - Action delay is set to 0 milliseconds

2024-02-03 23:22:12 - [MESSAGE][PASSED] - Browser is opened with url: ''

2024-02-03 23:22:12 - [TEST_STEP][PASSED] - maximizeWindow(): Current window maximized

2024-02-03 23:22:12 - [MESSAGE][PASSED] - Current window maximized

2024-02-03 23:22:12 - [TEST_STEP][PASSED] - navigateToUrl(RADurl): Navigate to 'https://qa2.velocitypayment.com/client/rad/index.html' successfully

2024-02-03 23:22:13 - [MESSAGE][PASSED] - Navigate to 'https://qa2.velocitypayment.com/client/rad/index.html' successfully

2024-02-03 23:22:13 - [TEST_STEP][PASSED] - orPath_Landing = "Object Repository/RAD_Pages/Landing_Page": null

2024-02-03 23:22:13 - [TEST_STEP][PASSED] - orPath_TaxTypeFilingYear = "Object Repository/RAD_Pages/TaxTypeFilingYear_Page": null

2024-02-03 23:22:13 - [TEST_STEP][PASSED] - orPath_TaxPayer = "Object Repository/RAD_Pages/Taxpayer_Page": null

2024-02-03 23:22:13 - [TEST_STEP][PASSED] - orPath_AddressContact = "Object Repository/RAD_Pages/AddressAndContactInfo_Page": null

2024-02-03 23:22:13 - [TEST_STEP][PASSED] - orPath_FilingStatus = "Object Repository/RAD_Pages/FilingStatus_Page": null

2024-02-03 23:22:13 - [TEST_STEP][PASSED] - orPath_Amount = "Object Repository/RAD_Pages/PaymentAmount_Page": null

2024-02-03 23:22:13 - [TEST_STEP][PASSED] - selectOptionByLabel(findTestObject(orPath_Landing + "/dd_TaxType"), Paymenttype, false): All options with label 'Existing Liability w/Notice Number' are selected in object 'Object Repository/RAD_Pages/Landing_Page/dd_TaxType' 

2024-02-03 23:22:15 - [MESSAGE][PASSED] - All options with label 'Existing Liability w/Notice Number' are selected in object 'Object Repository/RAD_Pages/Landing_Page/dd_TaxType' 

2024-02-03 23:22:15 - [TEST_STEP][PASSED] - delay(1): Delayed 1 second(s)

2024-02-03 23:22:16 - [MESSAGE][PASSED] - Delayed 1 second(s)

2024-02-03 23:22:16 - [TEST_STEP][PASSED] - switch (Paymenttype): null

2024-02-03 23:22:16 - [TEST_STEP][PASSED] - case "Existing Liability w/Notice Number":: null

2024-02-03 23:22:16 - [TEST_STEP][PASSED] - selectOptionByLabel(findTestObject(orPath_TaxTypeFilingYear + "/select_TaxType_ExistingLiability"), Taxtype, false): All options with label 'Tobacco Tax' are selected in object 'Object Repository/RAD_Pages/TaxTypeFilingYear_Page/select_TaxType_ExistingLiability' 

2024-02-03 23:22:16 - [MESSAGE][PASSED] - All options with label 'Tobacco Tax' are selected in object 'Object Repository/RAD_Pages/TaxTypeFilingYear_Page/select_TaxType_ExistingLiability' 

2024-02-03 23:22:16 - [TEST_STEP][PASSED] - break: null

2024-02-03 23:22:16 - [TEST_STEP][PASSED] - delay(1): Delayed 1 second(s)

2024-02-03 23:22:17 - [MESSAGE][PASSED] - Delayed 1 second(s)

2024-02-03 23:22:17 - [TEST_STEP][PASSED] - scrollToElement(findTestObject(orPath_Amount + "/input__paymentAmount"), 3): Scroll to object 'Object Repository/RAD_Pages/PaymentAmount_Page/input__paymentAmount' successfully

2024-02-03 23:22:18 - [MESSAGE][PASSED] - Scroll to object 'Object Repository/RAD_Pages/PaymentAmount_Page/input__paymentAmount' successfully

2024-02-03 23:22:18 - [TEST_STEP][PASSED] - setText(findTestObject(orPath_AddressContact + "/input_eMailAddress"), "imtiazster@gmail.com"): Text 'imtiazster@gmail.com' is set on object 'Object Repository/RAD_Pages/AddressAndContactInfo_Page/input_eMailAddress'

2024-02-03 23:22:18 - [MESSAGE][PASSED] - Text 'imtiazster@gmail.com' is set on object 'Object Repository/RAD_Pages/AddressAndContactInfo_Page/input_eMailAddress'

2024-02-03 23:22:18 - [TEST_STEP][PASSED] - setText(findTestObject(orPath_AddressContact + "/input_reEnterEMailAddress"), "iahmed@govolution.com"): Text 'iahmed@govolution.com' is set on object 'Object Repository/RAD_Pages/AddressAndContactInfo_Page/input_reEnterEMailAddress'

2024-02-03 23:22:19 - [MESSAGE][PASSED] - Text 'iahmed@govolution.com' is set on object 'Object Repository/RAD_Pages/AddressAndContactInfo_Page/input_reEnterEMailAddress'

2024-02-03 23:22:19 - [TEST_STEP][PASSED] - delay(2): Delayed 2 second(s)

2024-02-03 23:22:21 - [MESSAGE][PASSED] - Delayed 2 second(s)

2024-02-03 23:22:21 - [TEST_STEP][PASSED] - if (verifyTextPresent("The Email and Re-enter email do not match", true)): null

2024-02-03 23:22:22 - [MESSAGE][PASSED] - Text 'The Email and Re-enter email do not match' is present on page  using regular expression

2024-02-03 23:22:22 - [TEST_STEP][PASSED] - println("Emails Dont match text is present"): null

2024-02-03 23:22:22 - [TEST_STEP][PASSED] - out.println("Pass Record Number: " + row): null

2024-02-03 23:22:22 - [TEST_STEP][PASSED] - resText = "Pass": null

2024-02-03 23:22:22 - [TEST_STEP][PASSED] - pages.WriteExcel.demoKey(resText, datText, resColumn, datCloumn, fileLoc, nameSheet, row): pages.WriteExcel.demoKey is PASSED

2024-02-03 23:22:22 - [MESSAGE][PASSED] - pages.WriteExcel.demoKey is PASSED

2024-02-03 23:22:22 - [TEST_STEP][PASSED] - ExecuteTC = findTestData(dataFile).getValue("Execute", row): null

2024-02-03 23:22:22 - [TEST_STEP][PASSED] - Taxtype = findTestData(dataFile).getValue("TaxType", row): null

2024-02-03 23:22:22 - [TEST_STEP][PASSED] - Paymenttype = findTestData(dataFile).getValue("PaymentType", row): null

2024-02-03 23:22:22 - [TEST_STEP][PASSED] - out.println("Value of Execute is : " + ExecuteTC): null

2024-02-03 23:22:22 - [TEST_STEP][PASSED] - if (ExecuteTC.equalsIgnoreCase("Y")): null

2024-02-03 23:22:22 - [TEST_STEP][PASSED] - out.println("Begin Record Number: " + row): null

2024-02-03 23:22:22 - [TEST_STEP][PASSED] - today = new java.util.Date(): null

2024-02-03 23:22:22 - [TEST_STEP][PASSED] - println(today): null

2024-02-03 23:22:22 - [TEST_STEP][PASSED] - datText = today: null

2024-02-03 23:22:22 - [TEST_STEP][PASSED] - Taxtype = findTestData(dataFile).getValue("TaxType", row): null

2024-02-03 23:22:22 - [TEST_STEP][PASSED] - out.println("Taxtype value is : " + Taxtype): null

2024-02-03 23:22:22 - [TEST_STEP][PASSED] - openBrowser(""): Browser is opened with url: ''

2024-02-03 23:22:22 - [MESSAGE][WARNING] - A browser is already opened. Closing browser and opening a new one

2024-02-03 23:22:23 - [MESSAGE][INFO] - Starting 'Chrome' driver

2024-02-03 23:22:23 - [MESSAGE][INFO] - User set preference: ['acceptInsecureCerts', 'true']

2024-02-03 23:22:23 - [MESSAGE][INFO] - Action delay is set to 0 milliseconds

2024-02-03 23:22:25 - [MESSAGE][PASSED] - Browser is opened with url: ''

2024-02-03 23:22:25 - [TEST_STEP][PASSED] - maximizeWindow(): Current window maximized

2024-02-03 23:22:25 - [MESSAGE][PASSED] - Current window maximized

2024-02-03 23:22:25 - [TEST_STEP][PASSED] - navigateToUrl(RADurl): Navigate to 'https://qa2.velocitypayment.com/client/rad/index.html' successfully

2024-02-03 23:22:25 - [MESSAGE][PASSED] - Navigate to 'https://qa2.velocitypayment.com/client/rad/index.html' successfully

2024-02-03 23:22:25 - [TEST_STEP][PASSED] - orPath_Landing = "Object Repository/RAD_Pages/Landing_Page": null

2024-02-03 23:22:25 - [TEST_STEP][PASSED] - orPath_TaxTypeFilingYear = "Object Repository/RAD_Pages/TaxTypeFilingYear_Page": null

2024-02-03 23:22:25 - [TEST_STEP][PASSED] - orPath_TaxPayer = "Object Repository/RAD_Pages/Taxpayer_Page": null

2024-02-03 23:22:25 - [TEST_STEP][PASSED] - orPath_AddressContact = "Object Repository/RAD_Pages/AddressAndContactInfo_Page": null

2024-02-03 23:22:25 - [TEST_STEP][PASSED] - orPath_FilingStatus = "Object Repository/RAD_Pages/FilingStatus_Page": null

2024-02-03 23:22:25 - [TEST_STEP][PASSED] - orPath_Amount = "Object Repository/RAD_Pages/PaymentAmount_Page": null

2024-02-03 23:22:25 - [TEST_STEP][PASSED] - selectOptionByLabel(findTestObject(orPath_Landing + "/dd_TaxType"), Paymenttype, false): All options with label 'Existing Liability w/Notice Number' are selected in object 'Object Repository/RAD_Pages/Landing_Page/dd_TaxType' 

2024-02-03 23:22:27 - [MESSAGE][PASSED] - All options with label 'Existing Liability w/Notice Number' are selected in object 'Object Repository/RAD_Pages/Landing_Page/dd_TaxType' 

2024-02-03 23:22:27 - [TEST_STEP][PASSED] - delay(1): Delayed 1 second(s)

2024-02-03 23:22:28 - [MESSAGE][PASSED] - Delayed 1 second(s)

2024-02-03 23:22:28 - [TEST_STEP][PASSED] - switch (Paymenttype): null

2024-02-03 23:22:28 - [TEST_STEP][PASSED] - case "Existing Liability w/Notice Number":: null

2024-02-03 23:22:28 - [TEST_STEP][PASSED] - selectOptionByLabel(findTestObject(orPath_TaxTypeFilingYear + "/select_TaxType_ExistingLiability"), Taxtype, false): All options with label 'Transportation Network Services' are selected in object 'Object Repository/RAD_Pages/TaxTypeFilingYear_Page/select_TaxType_ExistingLiability' 

2024-02-03 23:22:29 - [MESSAGE][PASSED] - All options with label 'Transportation Network Services' are selected in object 'Object Repository/RAD_Pages/TaxTypeFilingYear_Page/select_TaxType_ExistingLiability' 

2024-02-03 23:22:29 - [TEST_STEP][PASSED] - break: null

2024-02-03 23:22:29 - [TEST_STEP][PASSED] - delay(1): Delayed 1 second(s)

2024-02-03 23:22:30 - [MESSAGE][PASSED] - Delayed 1 second(s)

2024-02-03 23:22:30 - [TEST_STEP][PASSED] - scrollToElement(findTestObject(orPath_Amount + "/input__paymentAmount"), 3): Scroll to object 'Object Repository/RAD_Pages/PaymentAmount_Page/input__paymentAmount' successfully

2024-02-03 23:22:30 - [MESSAGE][PASSED] - Scroll to object 'Object Repository/RAD_Pages/PaymentAmount_Page/input__paymentAmount' successfully

2024-02-03 23:22:30 - [TEST_STEP][PASSED] - setText(findTestObject(orPath_AddressContact + "/input_eMailAddress"), "imtiazster@gmail.com"): Text 'imtiazster@gmail.com' is set on object 'Object Repository/RAD_Pages/AddressAndContactInfo_Page/input_eMailAddress'

2024-02-03 23:22:31 - [MESSAGE][PASSED] - Text 'imtiazster@gmail.com' is set on object 'Object Repository/RAD_Pages/AddressAndContactInfo_Page/input_eMailAddress'

2024-02-03 23:22:31 - [TEST_STEP][PASSED] - setText(findTestObject(orPath_AddressContact + "/input_reEnterEMailAddress"), "iahmed@govolution.com"): Text 'iahmed@govolution.com' is set on object 'Object Repository/RAD_Pages/AddressAndContactInfo_Page/input_reEnterEMailAddress'

2024-02-03 23:22:32 - [MESSAGE][PASSED] - Text 'iahmed@govolution.com' is set on object 'Object Repository/RAD_Pages/AddressAndContactInfo_Page/input_reEnterEMailAddress'

2024-02-03 23:22:32 - [TEST_STEP][PASSED] - delay(2): Delayed 2 second(s)

2024-02-03 23:22:34 - [MESSAGE][PASSED] - Delayed 2 second(s)

2024-02-03 23:22:34 - [TEST_STEP][PASSED] - if (verifyTextPresent("The Email and Re-enter email do not match", true)): null

2024-02-03 23:22:34 - [MESSAGE][PASSED] - Text 'The Email and Re-enter email do not match' is present on page  using regular expression

2024-02-03 23:22:34 - [TEST_STEP][PASSED] - println("Emails Dont match text is present"): null

2024-02-03 23:22:34 - [TEST_STEP][PASSED] - out.println("Pass Record Number: " + row): null

2024-02-03 23:22:34 - [TEST_STEP][PASSED] - resText = "Pass": null

2024-02-03 23:22:34 - [TEST_STEP][PASSED] - pages.WriteExcel.demoKey(resText, datText, resColumn, datCloumn, fileLoc, nameSheet, row): pages.WriteExcel.demoKey is PASSED

2024-02-03 23:22:34 - [MESSAGE][PASSED] - pages.WriteExcel.demoKey is PASSED

2024-02-03 23:22:34 - [TEST_STEP][PASSED] - ExecuteTC = findTestData(dataFile).getValue("Execute", row): null

2024-02-03 23:22:34 - [TEST_STEP][PASSED] - Taxtype = findTestData(dataFile).getValue("TaxType", row): null

2024-02-03 23:22:34 - [TEST_STEP][PASSED] - Paymenttype = findTestData(dataFile).getValue("PaymentType", row): null

2024-02-03 23:22:34 - [TEST_STEP][PASSED] - out.println("Value of Execute is : " + ExecuteTC): null

2024-02-03 23:22:35 - [TEST_STEP][PASSED] - if (ExecuteTC.equalsIgnoreCase("Y")): null

2024-02-03 23:22:35 - [TEST_STEP][PASSED] - out.println("Begin Record Number: " + row): null

2024-02-03 23:22:35 - [TEST_STEP][PASSED] - today = new java.util.Date(): null

2024-02-03 23:22:35 - [TEST_STEP][PASSED] - println(today): null

2024-02-03 23:22:35 - [TEST_STEP][PASSED] - datText = today: null

2024-02-03 23:22:35 - [TEST_STEP][PASSED] - Taxtype = findTestData(dataFile).getValue("TaxType", row): null

2024-02-03 23:22:35 - [TEST_STEP][PASSED] - out.println("Taxtype value is : " + Taxtype): null

2024-02-03 23:22:35 - [TEST_STEP][PASSED] - openBrowser(""): Browser is opened with url: ''

2024-02-03 23:22:35 - [MESSAGE][WARNING] - A browser is already opened. Closing browser and opening a new one

2024-02-03 23:22:36 - [MESSAGE][INFO] - Starting 'Chrome' driver

2024-02-03 23:22:36 - [MESSAGE][INFO] - User set preference: ['acceptInsecureCerts', 'true']

2024-02-03 23:22:36 - [MESSAGE][INFO] - Action delay is set to 0 milliseconds

2024-02-03 23:22:37 - [MESSAGE][PASSED] - Browser is opened with url: ''

2024-02-03 23:22:37 - [TEST_STEP][PASSED] - maximizeWindow(): Current window maximized

2024-02-03 23:22:38 - [MESSAGE][PASSED] - Current window maximized

2024-02-03 23:22:38 - [TEST_STEP][PASSED] - navigateToUrl(RADurl): Navigate to 'https://qa2.velocitypayment.com/client/rad/index.html' successfully

2024-02-03 23:22:38 - [MESSAGE][PASSED] - Navigate to 'https://qa2.velocitypayment.com/client/rad/index.html' successfully

2024-02-03 23:22:38 - [TEST_STEP][PASSED] - orPath_Landing = "Object Repository/RAD_Pages/Landing_Page": null

2024-02-03 23:22:38 - [TEST_STEP][PASSED] - orPath_TaxTypeFilingYear = "Object Repository/RAD_Pages/TaxTypeFilingYear_Page": null

2024-02-03 23:22:38 - [TEST_STEP][PASSED] - orPath_TaxPayer = "Object Repository/RAD_Pages/Taxpayer_Page": null

2024-02-03 23:22:38 - [TEST_STEP][PASSED] - orPath_AddressContact = "Object Repository/RAD_Pages/AddressAndContactInfo_Page": null

2024-02-03 23:22:38 - [TEST_STEP][PASSED] - orPath_FilingStatus = "Object Repository/RAD_Pages/FilingStatus_Page": null

2024-02-03 23:22:38 - [TEST_STEP][PASSED] - orPath_Amount = "Object Repository/RAD_Pages/PaymentAmount_Page": null

2024-02-03 23:22:38 - [TEST_STEP][PASSED] - selectOptionByLabel(findTestObject(orPath_Landing + "/dd_TaxType"), Paymenttype, false): All options with label 'Existing Liability w/Notice Number' are selected in object 'Object Repository/RAD_Pages/Landing_Page/dd_TaxType' 

2024-02-03 23:22:40 - [MESSAGE][PASSED] - All options with label 'Existing Liability w/Notice Number' are selected in object 'Object Repository/RAD_Pages/Landing_Page/dd_TaxType' 

2024-02-03 23:22:40 - [TEST_STEP][PASSED] - delay(1): Delayed 1 second(s)

2024-02-03 23:22:41 - [MESSAGE][PASSED] - Delayed 1 second(s)

2024-02-03 23:22:41 - [TEST_STEP][PASSED] - switch (Paymenttype): null

2024-02-03 23:22:41 - [TEST_STEP][PASSED] - case "Existing Liability w/Notice Number":: null

2024-02-03 23:22:41 - [TEST_STEP][PASSED] - selectOptionByLabel(findTestObject(orPath_TaxTypeFilingYear + "/select_TaxType_ExistingLiability"), Taxtype, false): All options with label 'Unclaimed Property' are selected in object 'Object Repository/RAD_Pages/TaxTypeFilingYear_Page/select_TaxType_ExistingLiability' 

2024-02-03 23:22:42 - [MESSAGE][PASSED] - All options with label 'Unclaimed Property' are selected in object 'Object Repository/RAD_Pages/TaxTypeFilingYear_Page/select_TaxType_ExistingLiability' 

2024-02-03 23:22:42 - [TEST_STEP][PASSED] - break: null

2024-02-03 23:22:42 - [TEST_STEP][PASSED] - delay(1): Delayed 1 second(s)

2024-02-03 23:22:43 - [MESSAGE][PASSED] - Delayed 1 second(s)

2024-02-03 23:22:43 - [TEST_STEP][PASSED] - scrollToElement(findTestObject(orPath_Amount + "/input__paymentAmount"), 3): Scroll to object 'Object Repository/RAD_Pages/PaymentAmount_Page/input__paymentAmount' successfully

2024-02-03 23:22:43 - [MESSAGE][PASSED] - Scroll to object 'Object Repository/RAD_Pages/PaymentAmount_Page/input__paymentAmount' successfully

2024-02-03 23:22:43 - [TEST_STEP][PASSED] - setText(findTestObject(orPath_AddressContact + "/input_eMailAddress"), "imtiazster@gmail.com"): Text 'imtiazster@gmail.com' is set on object 'Object Repository/RAD_Pages/AddressAndContactInfo_Page/input_eMailAddress'

2024-02-03 23:22:44 - [MESSAGE][PASSED] - Text 'imtiazster@gmail.com' is set on object 'Object Repository/RAD_Pages/AddressAndContactInfo_Page/input_eMailAddress'

2024-02-03 23:22:44 - [TEST_STEP][PASSED] - setText(findTestObject(orPath_AddressContact + "/input_reEnterEMailAddress"), "iahmed@govolution.com"): Text 'iahmed@govolution.com' is set on object 'Object Repository/RAD_Pages/AddressAndContactInfo_Page/input_reEnterEMailAddress'

2024-02-03 23:22:45 - [MESSAGE][PASSED] - Text 'iahmed@govolution.com' is set on object 'Object Repository/RAD_Pages/AddressAndContactInfo_Page/input_reEnterEMailAddress'

2024-02-03 23:22:45 - [TEST_STEP][PASSED] - delay(2): Delayed 2 second(s)

2024-02-03 23:22:47 - [MESSAGE][PASSED] - Delayed 2 second(s)

2024-02-03 23:22:47 - [TEST_STEP][PASSED] - if (verifyTextPresent("The Email and Re-enter email do not match", true)): null

2024-02-03 23:22:47 - [MESSAGE][PASSED] - Text 'The Email and Re-enter email do not match' is present on page  using regular expression

2024-02-03 23:22:47 - [TEST_STEP][PASSED] - println("Emails Dont match text is present"): null

2024-02-03 23:22:47 - [TEST_STEP][PASSED] - out.println("Pass Record Number: " + row): null

2024-02-03 23:22:47 - [TEST_STEP][PASSED] - resText = "Pass": null

2024-02-03 23:22:47 - [TEST_STEP][PASSED] - pages.WriteExcel.demoKey(resText, datText, resColumn, datCloumn, fileLoc, nameSheet, row): pages.WriteExcel.demoKey is PASSED

2024-02-03 23:22:47 - [MESSAGE][PASSED] - pages.WriteExcel.demoKey is PASSED

2024-02-03 23:22:47 - [TEST_STEP][PASSED] - ExecuteTC = findTestData(dataFile).getValue("Execute", row): null

2024-02-03 23:22:47 - [TEST_STEP][PASSED] - Taxtype = findTestData(dataFile).getValue("TaxType", row): null

2024-02-03 23:22:47 - [TEST_STEP][PASSED] - Paymenttype = findTestData(dataFile).getValue("PaymentType", row): null

2024-02-03 23:22:47 - [TEST_STEP][PASSED] - out.println("Value of Execute is : " + ExecuteTC): null

2024-02-03 23:22:47 - [TEST_STEP][PASSED] - if (ExecuteTC.equalsIgnoreCase("Y")): null

2024-02-03 23:22:47 - [TEST_STEP][PASSED] - out.println("Begin Record Number: " + row): null

2024-02-03 23:22:47 - [TEST_STEP][PASSED] - today = new java.util.Date(): null

2024-02-03 23:22:47 - [TEST_STEP][PASSED] - println(today): null

2024-02-03 23:22:47 - [TEST_STEP][PASSED] - datText = today: null

2024-02-03 23:22:47 - [TEST_STEP][PASSED] - Taxtype = findTestData(dataFile).getValue("TaxType", row): null

2024-02-03 23:22:48 - [TEST_STEP][PASSED] - out.println("Taxtype value is : " + Taxtype): null

2024-02-03 23:22:48 - [TEST_STEP][PASSED] - openBrowser(""): Browser is opened with url: ''

2024-02-03 23:22:48 - [MESSAGE][WARNING] - A browser is already opened. Closing browser and opening a new one

2024-02-03 23:22:49 - [MESSAGE][INFO] - Starting 'Chrome' driver

2024-02-03 23:22:49 - [MESSAGE][INFO] - User set preference: ['acceptInsecureCerts', 'true']

2024-02-03 23:22:49 - [MESSAGE][INFO] - Action delay is set to 0 milliseconds

2024-02-03 23:22:51 - [MESSAGE][PASSED] - Browser is opened with url: ''

2024-02-03 23:22:51 - [TEST_STEP][PASSED] - maximizeWindow(): Current window maximized

2024-02-03 23:22:51 - [MESSAGE][PASSED] - Current window maximized

2024-02-03 23:22:51 - [TEST_STEP][PASSED] - navigateToUrl(RADurl): Navigate to 'https://qa2.velocitypayment.com/client/rad/index.html' successfully

2024-02-03 23:22:51 - [MESSAGE][PASSED] - Navigate to 'https://qa2.velocitypayment.com/client/rad/index.html' successfully

2024-02-03 23:22:51 - [TEST_STEP][PASSED] - orPath_Landing = "Object Repository/RAD_Pages/Landing_Page": null

2024-02-03 23:22:51 - [TEST_STEP][PASSED] - orPath_TaxTypeFilingYear = "Object Repository/RAD_Pages/TaxTypeFilingYear_Page": null

2024-02-03 23:22:51 - [TEST_STEP][PASSED] - orPath_TaxPayer = "Object Repository/RAD_Pages/Taxpayer_Page": null

2024-02-03 23:22:51 - [TEST_STEP][PASSED] - orPath_AddressContact = "Object Repository/RAD_Pages/AddressAndContactInfo_Page": null

2024-02-03 23:22:51 - [TEST_STEP][PASSED] - orPath_FilingStatus = "Object Repository/RAD_Pages/FilingStatus_Page": null

2024-02-03 23:22:51 - [TEST_STEP][PASSED] - orPath_Amount = "Object Repository/RAD_Pages/PaymentAmount_Page": null

2024-02-03 23:22:51 - [TEST_STEP][PASSED] - selectOptionByLabel(findTestObject(orPath_Landing + "/dd_TaxType"), Paymenttype, false): All options with label 'Existing Liability w/Notice Number' are selected in object 'Object Repository/RAD_Pages/Landing_Page/dd_TaxType' 

2024-02-03 23:22:54 - [MESSAGE][PASSED] - All options with label 'Existing Liability w/Notice Number' are selected in object 'Object Repository/RAD_Pages/Landing_Page/dd_TaxType' 

2024-02-03 23:22:54 - [TEST_STEP][PASSED] - delay(1): Delayed 1 second(s)

2024-02-03 23:22:55 - [MESSAGE][PASSED] - Delayed 1 second(s)

2024-02-03 23:22:55 - [TEST_STEP][PASSED] - switch (Paymenttype): null

2024-02-03 23:22:55 - [TEST_STEP][PASSED] - case "Existing Liability w/Notice Number":: null

2024-02-03 23:22:55 - [TEST_STEP][PASSED] - selectOptionByLabel(findTestObject(orPath_TaxTypeFilingYear + "/select_TaxType_ExistingLiability"), Taxtype, false): All options with label 'IFTA Tax' are selected in object 'Object Repository/RAD_Pages/TaxTypeFilingYear_Page/select_TaxType_ExistingLiability' 

2024-02-03 23:22:55 - [MESSAGE][PASSED] - All options with label 'IFTA Tax' are selected in object 'Object Repository/RAD_Pages/TaxTypeFilingYear_Page/select_TaxType_ExistingLiability' 

2024-02-03 23:22:55 - [TEST_STEP][PASSED] - break: null

2024-02-03 23:22:55 - [TEST_STEP][PASSED] - delay(1): Delayed 1 second(s)

2024-02-03 23:22:56 - [MESSAGE][PASSED] - Delayed 1 second(s)

2024-02-03 23:22:56 - [TEST_STEP][PASSED] - scrollToElement(findTestObject(orPath_Amount + "/input__paymentAmount"), 3): Scroll to object 'Object Repository/RAD_Pages/PaymentAmount_Page/input__paymentAmount' successfully

2024-02-03 23:22:56 - [MESSAGE][PASSED] - Scroll to object 'Object Repository/RAD_Pages/PaymentAmount_Page/input__paymentAmount' successfully

2024-02-03 23:22:56 - [TEST_STEP][PASSED] - setText(findTestObject(orPath_AddressContact + "/input_eMailAddress"), "imtiazster@gmail.com"): Text 'imtiazster@gmail.com' is set on object 'Object Repository/RAD_Pages/AddressAndContactInfo_Page/input_eMailAddress'

2024-02-03 23:22:58 - [MESSAGE][PASSED] - Text 'imtiazster@gmail.com' is set on object 'Object Repository/RAD_Pages/AddressAndContactInfo_Page/input_eMailAddress'

2024-02-03 23:22:58 - [TEST_STEP][PASSED] - setText(findTestObject(orPath_AddressContact + "/input_reEnterEMailAddress"), "iahmed@govolution.com"): Text 'iahmed@govolution.com' is set on object 'Object Repository/RAD_Pages/AddressAndContactInfo_Page/input_reEnterEMailAddress'

2024-02-03 23:22:59 - [MESSAGE][PASSED] - Text 'iahmed@govolution.com' is set on object 'Object Repository/RAD_Pages/AddressAndContactInfo_Page/input_reEnterEMailAddress'

2024-02-03 23:22:59 - [TEST_STEP][PASSED] - delay(2): Delayed 2 second(s)

2024-02-03 23:23:01 - [MESSAGE][PASSED] - Delayed 2 second(s)

2024-02-03 23:23:01 - [TEST_STEP][PASSED] - if (verifyTextPresent("The Email and Re-enter email do not match", true)): null

2024-02-03 23:23:01 - [MESSAGE][PASSED] - Text 'The Email and Re-enter email do not match' is present on page  using regular expression

2024-02-03 23:23:01 - [TEST_STEP][PASSED] - println("Emails Dont match text is present"): null

2024-02-03 23:23:01 - [TEST_STEP][PASSED] - out.println("Pass Record Number: " + row): null

2024-02-03 23:23:01 - [TEST_STEP][PASSED] - resText = "Pass": null

2024-02-03 23:23:01 - [TEST_STEP][PASSED] - pages.WriteExcel.demoKey(resText, datText, resColumn, datCloumn, fileLoc, nameSheet, row): pages.WriteExcel.demoKey is PASSED

2024-02-03 23:23:01 - [MESSAGE][PASSED] - pages.WriteExcel.demoKey is PASSED

2024-02-03 23:23:01 - [TEST_STEP][PASSED] - ExecuteTC = findTestData(dataFile).getValue("Execute", row): null

2024-02-03 23:23:01 - [TEST_STEP][PASSED] - Taxtype = findTestData(dataFile).getValue("TaxType", row): null

2024-02-03 23:23:01 - [TEST_STEP][PASSED] - Paymenttype = findTestData(dataFile).getValue("PaymentType", row): null

2024-02-03 23:23:01 - [TEST_STEP][PASSED] - out.println("Value of Execute is : " + ExecuteTC): null

2024-02-03 23:23:01 - [TEST_STEP][PASSED] - if (ExecuteTC.equalsIgnoreCase("Y")): null

2024-02-03 23:23:01 - [TEST_STEP][PASSED] - out.println("Begin Record Number: " + row): null

2024-02-03 23:23:01 - [TEST_STEP][PASSED] - today = new java.util.Date(): null

2024-02-03 23:23:01 - [TEST_STEP][PASSED] - println(today): null

2024-02-03 23:23:01 - [TEST_STEP][PASSED] - datText = today: null

2024-02-03 23:23:01 - [TEST_STEP][PASSED] - Taxtype = findTestData(dataFile).getValue("TaxType", row): null

2024-02-03 23:23:01 - [TEST_STEP][PASSED] - out.println("Taxtype value is : " + Taxtype): null

2024-02-03 23:23:01 - [TEST_STEP][PASSED] - openBrowser(""): Browser is opened with url: ''

2024-02-03 23:23:01 - [MESSAGE][WARNING] - A browser is already opened. Closing browser and opening a new one

2024-02-03 23:23:02 - [MESSAGE][INFO] - Starting 'Chrome' driver

2024-02-03 23:23:02 - [MESSAGE][INFO] - User set preference: ['acceptInsecureCerts', 'true']

2024-02-03 23:23:02 - [MESSAGE][INFO] - Action delay is set to 0 milliseconds

2024-02-03 23:23:08 - [MESSAGE][PASSED] - Browser is opened with url: ''

2024-02-03 23:23:08 - [TEST_STEP][PASSED] - maximizeWindow(): Current window maximized

2024-02-03 23:23:08 - [MESSAGE][PASSED] - Current window maximized

2024-02-03 23:23:08 - [TEST_STEP][PASSED] - navigateToUrl(RADurl): Navigate to 'https://qa2.velocitypayment.com/client/rad/index.html' successfully

2024-02-03 23:23:09 - [MESSAGE][PASSED] - Navigate to 'https://qa2.velocitypayment.com/client/rad/index.html' successfully

2024-02-03 23:23:09 - [TEST_STEP][PASSED] - orPath_Landing = "Object Repository/RAD_Pages/Landing_Page": null

2024-02-03 23:23:09 - [TEST_STEP][PASSED] - orPath_TaxTypeFilingYear = "Object Repository/RAD_Pages/TaxTypeFilingYear_Page": null

2024-02-03 23:23:09 - [TEST_STEP][PASSED] - orPath_TaxPayer = "Object Repository/RAD_Pages/Taxpayer_Page": null

2024-02-03 23:23:09 - [TEST_STEP][PASSED] - orPath_AddressContact = "Object Repository/RAD_Pages/AddressAndContactInfo_Page": null

2024-02-03 23:23:09 - [TEST_STEP][PASSED] - orPath_FilingStatus = "Object Repository/RAD_Pages/FilingStatus_Page": null

2024-02-03 23:23:09 - [TEST_STEP][PASSED] - orPath_Amount = "Object Repository/RAD_Pages/PaymentAmount_Page": null

2024-02-03 23:23:09 - [TEST_STEP][PASSED] - selectOptionByLabel(findTestObject(orPath_Landing + "/dd_TaxType"), Paymenttype, false): All options with label 'New Tax Return Amount Due' are selected in object 'Object Repository/RAD_Pages/Landing_Page/dd_TaxType' 

2024-02-03 23:23:10 - [MESSAGE][PASSED] - All options with label 'New Tax Return Amount Due' are selected in object 'Object Repository/RAD_Pages/Landing_Page/dd_TaxType' 

2024-02-03 23:23:10 - [TEST_STEP][PASSED] - delay(1): Delayed 1 second(s)

2024-02-03 23:23:11 - [MESSAGE][PASSED] - Delayed 1 second(s)

2024-02-03 23:23:11 - [TEST_STEP][PASSED] - switch (Paymenttype): null

2024-02-03 23:23:11 - [TEST_STEP][PASSED] - case "New Tax Return Amount Due":: null

2024-02-03 23:23:11 - [TEST_STEP][PASSED] - selectOptionByLabel(findTestObject("Object Repository/RAD_Pages/Landing_Page/select_NewTaxReturnAmountDue_TaxType"), Taxtype, false): All options with label 'Admissions and Amusement Tax' are selected in object 'Object Repository/RAD_Pages/Landing_Page/select_NewTaxReturnAmountDue_TaxType' 

2024-02-03 23:23:12 - [MESSAGE][PASSED] - All options with label 'Admissions and Amusement Tax' are selected in object 'Object Repository/RAD_Pages/Landing_Page/select_NewTaxReturnAmountDue_TaxType' 

2024-02-03 23:23:12 - [TEST_STEP][PASSED] - break: null

2024-02-03 23:23:12 - [TEST_STEP][PASSED] - delay(1): Delayed 1 second(s)

2024-02-03 23:23:13 - [MESSAGE][PASSED] - Delayed 1 second(s)

2024-02-03 23:23:13 - [TEST_STEP][PASSED] - scrollToElement(findTestObject(orPath_Amount + "/input__paymentAmount"), 3): Scroll to object 'Object Repository/RAD_Pages/PaymentAmount_Page/input__paymentAmount' successfully

2024-02-03 23:23:13 - [MESSAGE][PASSED] - Scroll to object 'Object Repository/RAD_Pages/PaymentAmount_Page/input__paymentAmount' successfully

2024-02-03 23:23:13 - [TEST_STEP][PASSED] - setText(findTestObject(orPath_AddressContact + "/input_eMailAddress"), "imtiazster@gmail.com"): Text 'imtiazster@gmail.com' is set on object 'Object Repository/RAD_Pages/AddressAndContactInfo_Page/input_eMailAddress'

2024-02-03 23:23:14 - [MESSAGE][PASSED] - Text 'imtiazster@gmail.com' is set on object 'Object Repository/RAD_Pages/AddressAndContactInfo_Page/input_eMailAddress'

2024-02-03 23:23:14 - [TEST_STEP][PASSED] - setText(findTestObject(orPath_AddressContact + "/input_reEnterEMailAddress"), "iahmed@govolution.com"): Text 'iahmed@govolution.com' is set on object 'Object Repository/RAD_Pages/AddressAndContactInfo_Page/input_reEnterEMailAddress'

2024-02-03 23:23:15 - [MESSAGE][PASSED] - Text 'iahmed@govolution.com' is set on object 'Object Repository/RAD_Pages/AddressAndContactInfo_Page/input_reEnterEMailAddress'

2024-02-03 23:23:15 - [TEST_STEP][PASSED] - delay(2): Delayed 2 second(s)

2024-02-03 23:23:17 - [MESSAGE][PASSED] - Delayed 2 second(s)

2024-02-03 23:23:17 - [TEST_STEP][PASSED] - if (verifyTextPresent("The Email and Re-enter email do not match", true)): null

2024-02-03 23:23:17 - [MESSAGE][PASSED] - Text 'The Email and Re-enter email do not match' is present on page  using regular expression

2024-02-03 23:23:17 - [TEST_STEP][PASSED] - println("Emails Dont match text is present"): null

2024-02-03 23:23:17 - [TEST_STEP][PASSED] - out.println("Pass Record Number: " + row): null

2024-02-03 23:23:17 - [TEST_STEP][PASSED] - resText = "Pass": null

2024-02-03 23:23:17 - [TEST_STEP][PASSED] - pages.WriteExcel.demoKey(resText, datText, resColumn, datCloumn, fileLoc, nameSheet, row): pages.WriteExcel.demoKey is PASSED

2024-02-03 23:23:17 - [MESSAGE][PASSED] - pages.WriteExcel.demoKey is PASSED

2024-02-03 23:23:17 - [TEST_STEP][PASSED] - ExecuteTC = findTestData(dataFile).getValue("Execute", row): null

2024-02-03 23:23:18 - [TEST_STEP][PASSED] - Taxtype = findTestData(dataFile).getValue("TaxType", row): null

2024-02-03 23:23:18 - [TEST_STEP][PASSED] - Paymenttype = findTestData(dataFile).getValue("PaymentType", row): null

2024-02-03 23:23:18 - [TEST_STEP][PASSED] - out.println("Value of Execute is : " + ExecuteTC): null

2024-02-03 23:23:18 - [TEST_STEP][PASSED] - if (ExecuteTC.equalsIgnoreCase("Y")): null

2024-02-03 23:23:18 - [TEST_STEP][PASSED] - out.println("Begin Record Number: " + row): null

2024-02-03 23:23:18 - [TEST_STEP][PASSED] - today = new java.util.Date(): null

2024-02-03 23:23:18 - [TEST_STEP][PASSED] - println(today): null

2024-02-03 23:23:18 - [TEST_STEP][PASSED] - datText = today: null

2024-02-03 23:23:18 - [TEST_STEP][PASSED] - Taxtype = findTestData(dataFile).getValue("TaxType", row): null

2024-02-03 23:23:18 - [TEST_STEP][PASSED] - out.println("Taxtype value is : " + Taxtype): null

2024-02-03 23:23:18 - [TEST_STEP][PASSED] - openBrowser(""): Browser is opened with url: ''

2024-02-03 23:23:18 - [MESSAGE][WARNING] - A browser is already opened. Closing browser and opening a new one

2024-02-03 23:23:19 - [MESSAGE][INFO] - Starting 'Chrome' driver

2024-02-03 23:23:19 - [MESSAGE][INFO] - User set preference: ['acceptInsecureCerts', 'true']

2024-02-03 23:23:19 - [MESSAGE][INFO] - Action delay is set to 0 milliseconds

2024-02-03 23:23:21 - [MESSAGE][PASSED] - Browser is opened with url: ''

2024-02-03 23:23:21 - [TEST_STEP][PASSED] - maximizeWindow(): Current window maximized

2024-02-03 23:23:21 - [MESSAGE][PASSED] - Current window maximized

2024-02-03 23:23:21 - [TEST_STEP][PASSED] - navigateToUrl(RADurl): Navigate to 'https://qa2.velocitypayment.com/client/rad/index.html' successfully

2024-02-03 23:23:21 - [MESSAGE][PASSED] - Navigate to 'https://qa2.velocitypayment.com/client/rad/index.html' successfully

2024-02-03 23:23:21 - [TEST_STEP][PASSED] - orPath_Landing = "Object Repository/RAD_Pages/Landing_Page": null

2024-02-03 23:23:21 - [TEST_STEP][PASSED] - orPath_TaxTypeFilingYear = "Object Repository/RAD_Pages/TaxTypeFilingYear_Page": null

2024-02-03 23:23:21 - [TEST_STEP][PASSED] - orPath_TaxPayer = "Object Repository/RAD_Pages/Taxpayer_Page": null

2024-02-03 23:23:21 - [TEST_STEP][PASSED] - orPath_AddressContact = "Object Repository/RAD_Pages/AddressAndContactInfo_Page": null

2024-02-03 23:23:21 - [TEST_STEP][PASSED] - orPath_FilingStatus = "Object Repository/RAD_Pages/FilingStatus_Page": null

2024-02-03 23:23:21 - [TEST_STEP][PASSED] - orPath_Amount = "Object Repository/RAD_Pages/PaymentAmount_Page": null

2024-02-03 23:23:21 - [TEST_STEP][PASSED] - selectOptionByLabel(findTestObject(orPath_Landing + "/dd_TaxType"), Paymenttype, false): All options with label 'New Tax Return Amount Due' are selected in object 'Object Repository/RAD_Pages/Landing_Page/dd_TaxType' 

2024-02-03 23:23:23 - [MESSAGE][PASSED] - All options with label 'New Tax Return Amount Due' are selected in object 'Object Repository/RAD_Pages/Landing_Page/dd_TaxType' 

2024-02-03 23:23:23 - [TEST_STEP][PASSED] - delay(1): Delayed 1 second(s)

2024-02-03 23:23:24 - [MESSAGE][PASSED] - Delayed 1 second(s)

2024-02-03 23:23:24 - [TEST_STEP][PASSED] - switch (Paymenttype): null

2024-02-03 23:23:24 - [TEST_STEP][PASSED] - case "New Tax Return Amount Due":: null

2024-02-03 23:23:24 - [TEST_STEP][PASSED] - selectOptionByLabel(findTestObject("Object Repository/RAD_Pages/Landing_Page/select_NewTaxReturnAmountDue_TaxType"), Taxtype, false): All options with label 'Alcohol Tax' are selected in object 'Object Repository/RAD_Pages/Landing_Page/select_NewTaxReturnAmountDue_TaxType' 

2024-02-03 23:23:25 - [MESSAGE][PASSED] - All options with label 'Alcohol Tax' are selected in object 'Object Repository/RAD_Pages/Landing_Page/select_NewTaxReturnAmountDue_TaxType' 

2024-02-03 23:23:25 - [TEST_STEP][PASSED] - break: null

2024-02-03 23:23:25 - [TEST_STEP][PASSED] - delay(1): Delayed 1 second(s)

2024-02-03 23:23:26 - [MESSAGE][PASSED] - Delayed 1 second(s)

2024-02-03 23:23:26 - [TEST_STEP][PASSED] - scrollToElement(findTestObject(orPath_Amount + "/input__paymentAmount"), 3): Scroll to object 'Object Repository/RAD_Pages/PaymentAmount_Page/input__paymentAmount' successfully

2024-02-03 23:23:26 - [MESSAGE][PASSED] - Scroll to object 'Object Repository/RAD_Pages/PaymentAmount_Page/input__paymentAmount' successfully

2024-02-03 23:23:26 - [TEST_STEP][PASSED] - setText(findTestObject(orPath_AddressContact + "/input_eMailAddress"), "imtiazster@gmail.com"): Text 'imtiazster@gmail.com' is set on object 'Object Repository/RAD_Pages/AddressAndContactInfo_Page/input_eMailAddress'

2024-02-03 23:23:27 - [MESSAGE][PASSED] - Text 'imtiazster@gmail.com' is set on object 'Object Repository/RAD_Pages/AddressAndContactInfo_Page/input_eMailAddress'

2024-02-03 23:23:27 - [TEST_STEP][PASSED] - setText(findTestObject(orPath_AddressContact + "/input_reEnterEMailAddress"), "iahmed@govolution.com"): Text 'iahmed@govolution.com' is set on object 'Object Repository/RAD_Pages/AddressAndContactInfo_Page/input_reEnterEMailAddress'

2024-02-03 23:23:28 - [MESSAGE][PASSED] - Text 'iahmed@govolution.com' is set on object 'Object Repository/RAD_Pages/AddressAndContactInfo_Page/input_reEnterEMailAddress'

2024-02-03 23:23:28 - [TEST_STEP][PASSED] - delay(2): Delayed 2 second(s)

2024-02-03 23:23:30 - [MESSAGE][PASSED] - Delayed 2 second(s)

2024-02-03 23:23:30 - [TEST_STEP][PASSED] - if (verifyTextPresent("The Email and Re-enter email do not match", true)): null

2024-02-03 23:23:30 - [MESSAGE][PASSED] - Text 'The Email and Re-enter email do not match' is present on page  using regular expression

2024-02-03 23:23:30 - [TEST_STEP][PASSED] - println("Emails Dont match text is present"): null

2024-02-03 23:23:30 - [TEST_STEP][PASSED] - out.println("Pass Record Number: " + row): null

2024-02-03 23:23:30 - [TEST_STEP][PASSED] - resText = "Pass": null

2024-02-03 23:23:30 - [TEST_STEP][PASSED] - pages.WriteExcel.demoKey(resText, datText, resColumn, datCloumn, fileLoc, nameSheet, row): pages.WriteExcel.demoKey is PASSED

2024-02-03 23:23:30 - [MESSAGE][PASSED] - pages.WriteExcel.demoKey is PASSED

2024-02-03 23:23:30 - [TEST_STEP][PASSED] - ExecuteTC = findTestData(dataFile).getValue("Execute", row): null

2024-02-03 23:23:30 - [TEST_STEP][PASSED] - Taxtype = findTestData(dataFile).getValue("TaxType", row): null

2024-02-03 23:23:30 - [TEST_STEP][PASSED] - Paymenttype = findTestData(dataFile).getValue("PaymentType", row): null

2024-02-03 23:23:30 - [TEST_STEP][PASSED] - out.println("Value of Execute is : " + ExecuteTC): null

2024-02-03 23:23:30 - [TEST_STEP][PASSED] - if (ExecuteTC.equalsIgnoreCase("Y")): null

2024-02-03 23:23:30 - [TEST_STEP][PASSED] - out.println("Begin Record Number: " + row): null

2024-02-03 23:23:30 - [TEST_STEP][PASSED] - today = new java.util.Date(): null

2024-02-03 23:23:30 - [TEST_STEP][PASSED] - println(today): null

2024-02-03 23:23:30 - [TEST_STEP][PASSED] - datText = today: null

2024-02-03 23:23:30 - [TEST_STEP][PASSED] - Taxtype = findTestData(dataFile).getValue("TaxType", row): null

2024-02-03 23:23:30 - [TEST_STEP][PASSED] - out.println("Taxtype value is : " + Taxtype): null

2024-02-03 23:23:30 - [TEST_STEP][PASSED] - openBrowser(""): Browser is opened with url: ''

2024-02-03 23:23:30 - [MESSAGE][WARNING] - A browser is already opened. Closing browser and opening a new one

2024-02-03 23:23:31 - [MESSAGE][INFO] - Starting 'Chrome' driver

2024-02-03 23:23:31 - [MESSAGE][INFO] - User set preference: ['acceptInsecureCerts', 'true']

2024-02-03 23:23:31 - [MESSAGE][INFO] - Action delay is set to 0 milliseconds

2024-02-03 23:23:33 - [MESSAGE][PASSED] - Browser is opened with url: ''

2024-02-03 23:23:33 - [TEST_STEP][PASSED] - maximizeWindow(): Current window maximized

2024-02-03 23:23:33 - [MESSAGE][PASSED] - Current window maximized

2024-02-03 23:23:33 - [TEST_STEP][PASSED] - navigateToUrl(RADurl): Navigate to 'https://qa2.velocitypayment.com/client/rad/index.html' successfully

2024-02-03 23:23:33 - [MESSAGE][PASSED] - Navigate to 'https://qa2.velocitypayment.com/client/rad/index.html' successfully

2024-02-03 23:23:33 - [TEST_STEP][PASSED] - orPath_Landing = "Object Repository/RAD_Pages/Landing_Page": null

2024-02-03 23:23:33 - [TEST_STEP][PASSED] - orPath_TaxTypeFilingYear = "Object Repository/RAD_Pages/TaxTypeFilingYear_Page": null

2024-02-03 23:23:33 - [TEST_STEP][PASSED] - orPath_TaxPayer = "Object Repository/RAD_Pages/Taxpayer_Page": null

2024-02-03 23:23:33 - [TEST_STEP][PASSED] - orPath_AddressContact = "Object Repository/RAD_Pages/AddressAndContactInfo_Page": null

2024-02-03 23:23:33 - [TEST_STEP][PASSED] - orPath_FilingStatus = "Object Repository/RAD_Pages/FilingStatus_Page": null

2024-02-03 23:23:33 - [TEST_STEP][PASSED] - orPath_Amount = "Object Repository/RAD_Pages/PaymentAmount_Page": null

2024-02-03 23:23:33 - [TEST_STEP][PASSED] - selectOptionByLabel(findTestObject(orPath_Landing + "/dd_TaxType"), Paymenttype, false): All options with label 'New Tax Return Amount Due' are selected in object 'Object Repository/RAD_Pages/Landing_Page/dd_TaxType' 

2024-02-03 23:23:36 - [MESSAGE][PASSED] - All options with label 'New Tax Return Amount Due' are selected in object 'Object Repository/RAD_Pages/Landing_Page/dd_TaxType' 

2024-02-03 23:23:36 - [TEST_STEP][PASSED] - delay(1): Delayed 1 second(s)

2024-02-03 23:23:37 - [MESSAGE][PASSED] - Delayed 1 second(s)

2024-02-03 23:23:37 - [TEST_STEP][PASSED] - switch (Paymenttype): null

2024-02-03 23:23:37 - [TEST_STEP][PASSED] - case "New Tax Return Amount Due":: null

2024-02-03 23:23:37 - [TEST_STEP][PASSED] - selectOptionByLabel(findTestObject("Object Repository/RAD_Pages/Landing_Page/select_NewTaxReturnAmountDue_TaxType"), Taxtype, false): All options with label 'Bay Restoration Fee' are selected in object 'Object Repository/RAD_Pages/Landing_Page/select_NewTaxReturnAmountDue_TaxType' 

2024-02-03 23:23:37 - [MESSAGE][PASSED] - All options with label 'Bay Restoration Fee' are selected in object 'Object Repository/RAD_Pages/Landing_Page/select_NewTaxReturnAmountDue_TaxType' 

2024-02-03 23:23:37 - [TEST_STEP][PASSED] - break: null

2024-02-03 23:23:37 - [TEST_STEP][PASSED] - delay(1): Delayed 1 second(s)

2024-02-03 23:23:38 - [MESSAGE][PASSED] - Delayed 1 second(s)

2024-02-03 23:23:38 - [TEST_STEP][PASSED] - scrollToElement(findTestObject(orPath_Amount + "/input__paymentAmount"), 3): Scroll to object 'Object Repository/RAD_Pages/PaymentAmount_Page/input__paymentAmount' successfully

2024-02-03 23:23:39 - [MESSAGE][PASSED] - Scroll to object 'Object Repository/RAD_Pages/PaymentAmount_Page/input__paymentAmount' successfully

2024-02-03 23:23:39 - [TEST_STEP][PASSED] - setText(findTestObject(orPath_AddressContact + "/input_eMailAddress"), "imtiazster@gmail.com"): Text 'imtiazster@gmail.com' is set on object 'Object Repository/RAD_Pages/AddressAndContactInfo_Page/input_eMailAddress'

2024-02-03 23:23:40 - [MESSAGE][PASSED] - Text 'imtiazster@gmail.com' is set on object 'Object Repository/RAD_Pages/AddressAndContactInfo_Page/input_eMailAddress'

2024-02-03 23:23:40 - [TEST_STEP][PASSED] - setText(findTestObject(orPath_AddressContact + "/input_reEnterEMailAddress"), "iahmed@govolution.com"): Text 'iahmed@govolution.com' is set on object 'Object Repository/RAD_Pages/AddressAndContactInfo_Page/input_reEnterEMailAddress'

2024-02-03 23:23:40 - [MESSAGE][PASSED] - Text 'iahmed@govolution.com' is set on object 'Object Repository/RAD_Pages/AddressAndContactInfo_Page/input_reEnterEMailAddress'

2024-02-03 23:23:40 - [TEST_STEP][PASSED] - delay(2): Delayed 2 second(s)

2024-02-03 23:23:42 - [MESSAGE][PASSED] - Delayed 2 second(s)

2024-02-03 23:23:42 - [TEST_STEP][PASSED] - if (verifyTextPresent("The Email and Re-enter email do not match", true)): null

2024-02-03 23:23:43 - [MESSAGE][PASSED] - Text 'The Email and Re-enter email do not match' is present on page  using regular expression

2024-02-03 23:23:43 - [TEST_STEP][PASSED] - println("Emails Dont match text is present"): null

2024-02-03 23:23:43 - [TEST_STEP][PASSED] - out.println("Pass Record Number: " + row): null

2024-02-03 23:23:43 - [TEST_STEP][PASSED] - resText = "Pass": null

2024-02-03 23:23:43 - [TEST_STEP][PASSED] - pages.WriteExcel.demoKey(resText, datText, resColumn, datCloumn, fileLoc, nameSheet, row): pages.WriteExcel.demoKey is PASSED

2024-02-03 23:23:43 - [MESSAGE][PASSED] - pages.WriteExcel.demoKey is PASSED

2024-02-03 23:23:43 - [TEST_STEP][PASSED] - ExecuteTC = findTestData(dataFile).getValue("Execute", row): null

2024-02-03 23:23:43 - [TEST_STEP][PASSED] - Taxtype = findTestData(dataFile).getValue("TaxType", row): null

2024-02-03 23:23:43 - [TEST_STEP][PASSED] - Paymenttype = findTestData(dataFile).getValue("PaymentType", row): null

2024-02-03 23:23:43 - [TEST_STEP][PASSED] - out.println("Value of Execute is : " + ExecuteTC): null

2024-02-03 23:23:43 - [TEST_STEP][PASSED] - if (ExecuteTC.equalsIgnoreCase("Y")): null

2024-02-03 23:23:43 - [TEST_STEP][PASSED] - out.println("Begin Record Number: " + row): null

2024-02-03 23:23:43 - [TEST_STEP][PASSED] - today = new java.util.Date(): null

2024-02-03 23:23:43 - [TEST_STEP][PASSED] - println(today): null

2024-02-03 23:23:43 - [TEST_STEP][PASSED] - datText = today: null

2024-02-03 23:23:43 - [TEST_STEP][PASSED] - Taxtype = findTestData(dataFile).getValue("TaxType", row): null

2024-02-03 23:23:43 - [TEST_STEP][PASSED] - out.println("Taxtype value is : " + Taxtype): null

2024-02-03 23:23:43 - [TEST_STEP][PASSED] - openBrowser(""): Browser is opened with url: ''

2024-02-03 23:23:43 - [MESSAGE][WARNING] - A browser is already opened. Closing browser and opening a new one

2024-02-03 23:23:44 - [MESSAGE][INFO] - Starting 'Chrome' driver

2024-02-03 23:23:44 - [MESSAGE][INFO] - User set preference: ['acceptInsecureCerts', 'true']

2024-02-03 23:23:44 - [MESSAGE][INFO] - Action delay is set to 0 milliseconds

2024-02-03 23:23:46 - [MESSAGE][PASSED] - Browser is opened with url: ''

2024-02-03 23:23:46 - [TEST_STEP][PASSED] - maximizeWindow(): Current window maximized

2024-02-03 23:23:46 - [MESSAGE][PASSED] - Current window maximized

2024-02-03 23:23:46 - [TEST_STEP][PASSED] - navigateToUrl(RADurl): Navigate to 'https://qa2.velocitypayment.com/client/rad/index.html' successfully

2024-02-03 23:23:46 - [MESSAGE][PASSED] - Navigate to 'https://qa2.velocitypayment.com/client/rad/index.html' successfully

2024-02-03 23:23:46 - [TEST_STEP][PASSED] - orPath_Landing = "Object Repository/RAD_Pages/Landing_Page": null

2024-02-03 23:23:46 - [TEST_STEP][PASSED] - orPath_TaxTypeFilingYear = "Object Repository/RAD_Pages/TaxTypeFilingYear_Page": null

2024-02-03 23:23:46 - [TEST_STEP][PASSED] - orPath_TaxPayer = "Object Repository/RAD_Pages/Taxpayer_Page": null

2024-02-03 23:23:46 - [TEST_STEP][PASSED] - orPath_AddressContact = "Object Repository/RAD_Pages/AddressAndContactInfo_Page": null

2024-02-03 23:23:46 - [TEST_STEP][PASSED] - orPath_FilingStatus = "Object Repository/RAD_Pages/FilingStatus_Page": null

2024-02-03 23:23:46 - [TEST_STEP][PASSED] - orPath_Amount = "Object Repository/RAD_Pages/PaymentAmount_Page": null

2024-02-03 23:23:46 - [TEST_STEP][PASSED] - selectOptionByLabel(findTestObject(orPath_Landing + "/dd_TaxType"), Paymenttype, false): All options with label 'New Tax Return Amount Due' are selected in object 'Object Repository/RAD_Pages/Landing_Page/dd_TaxType' 

2024-02-03 23:23:49 - [MESSAGE][PASSED] - All options with label 'New Tax Return Amount Due' are selected in object 'Object Repository/RAD_Pages/Landing_Page/dd_TaxType' 

2024-02-03 23:23:49 - [TEST_STEP][PASSED] - delay(1): Delayed 1 second(s)

2024-02-03 23:23:50 - [MESSAGE][PASSED] - Delayed 1 second(s)

2024-02-03 23:23:50 - [TEST_STEP][PASSED] - switch (Paymenttype): null

2024-02-03 23:23:50 - [TEST_STEP][PASSED] - case "New Tax Return Amount Due":: null

2024-02-03 23:23:50 - [TEST_STEP][PASSED] - selectOptionByLabel(findTestObject("Object Repository/RAD_Pages/Landing_Page/select_NewTaxReturnAmountDue_TaxType"), Taxtype, false): All options with label 'Corporate Income Tax' are selected in object 'Object Repository/RAD_Pages/Landing_Page/select_NewTaxReturnAmountDue_TaxType' 

2024-02-03 23:23:50 - [MESSAGE][PASSED] - All options with label 'Corporate Income Tax' are selected in object 'Object Repository/RAD_Pages/Landing_Page/select_NewTaxReturnAmountDue_TaxType' 

2024-02-03 23:23:50 - [TEST_STEP][PASSED] - break: null

2024-02-03 23:23:50 - [TEST_STEP][PASSED] - delay(1): Delayed 1 second(s)

2024-02-03 23:23:51 - [MESSAGE][PASSED] - Delayed 1 second(s)

2024-02-03 23:23:51 - [TEST_STEP][PASSED] - scrollToElement(findTestObject(orPath_Amount + "/input__paymentAmount"), 3): Scroll to object 'Object Repository/RAD_Pages/PaymentAmount_Page/input__paymentAmount' successfully

2024-02-03 23:23:52 - [MESSAGE][PASSED] - Scroll to object 'Object Repository/RAD_Pages/PaymentAmount_Page/input__paymentAmount' successfully

2024-02-03 23:23:52 - [TEST_STEP][PASSED] - setText(findTestObject(orPath_AddressContact + "/input_eMailAddress"), "imtiazster@gmail.com"): Text 'imtiazster@gmail.com' is set on object 'Object Repository/RAD_Pages/AddressAndContactInfo_Page/input_eMailAddress'

2024-02-03 23:23:52 - [MESSAGE][PASSED] - Text 'imtiazster@gmail.com' is set on object 'Object Repository/RAD_Pages/AddressAndContactInfo_Page/input_eMailAddress'

2024-02-03 23:23:52 - [TEST_STEP][PASSED] - setText(findTestObject(orPath_AddressContact + "/input_reEnterEMailAddress"), "iahmed@govolution.com"): Text 'iahmed@govolution.com' is set on object 'Object Repository/RAD_Pages/AddressAndContactInfo_Page/input_reEnterEMailAddress'

2024-02-03 23:23:53 - [MESSAGE][PASSED] - Text 'iahmed@govolution.com' is set on object 'Object Repository/RAD_Pages/AddressAndContactInfo_Page/input_reEnterEMailAddress'

2024-02-03 23:23:53 - [TEST_STEP][PASSED] - delay(2): Delayed 2 second(s)

2024-02-03 23:23:55 - [MESSAGE][PASSED] - Delayed 2 second(s)

2024-02-03 23:23:55 - [TEST_STEP][PASSED] - if (verifyTextPresent("The Email and Re-enter email do not match", true)): null

2024-02-03 23:23:56 - [MESSAGE][PASSED] - Text 'The Email and Re-enter email do not match' is present on page  using regular expression

2024-02-03 23:23:56 - [TEST_STEP][PASSED] - println("Emails Dont match text is present"): null

2024-02-03 23:23:56 - [TEST_STEP][PASSED] - out.println("Pass Record Number: " + row): null

2024-02-03 23:23:56 - [TEST_STEP][PASSED] - resText = "Pass": null

2024-02-03 23:23:56 - [TEST_STEP][PASSED] - pages.WriteExcel.demoKey(resText, datText, resColumn, datCloumn, fileLoc, nameSheet, row): pages.WriteExcel.demoKey is PASSED

2024-02-03 23:23:56 - [MESSAGE][PASSED] - pages.WriteExcel.demoKey is PASSED

2024-02-03 23:23:56 - [TEST_STEP][PASSED] - ExecuteTC = findTestData(dataFile).getValue("Execute", row): null

2024-02-03 23:23:56 - [TEST_STEP][PASSED] - Taxtype = findTestData(dataFile).getValue("TaxType", row): null

2024-02-03 23:23:56 - [TEST_STEP][PASSED] - Paymenttype = findTestData(dataFile).getValue("PaymentType", row): null

2024-02-03 23:23:56 - [TEST_STEP][PASSED] - out.println("Value of Execute is : " + ExecuteTC): null

2024-02-03 23:23:56 - [TEST_STEP][PASSED] - if (ExecuteTC.equalsIgnoreCase("Y")): null

2024-02-03 23:23:56 - [TEST_STEP][PASSED] - out.println("Begin Record Number: " + row): null

2024-02-03 23:23:56 - [TEST_STEP][PASSED] - today = new java.util.Date(): null

2024-02-03 23:23:56 - [TEST_STEP][PASSED] - println(today): null

2024-02-03 23:23:56 - [TEST_STEP][PASSED] - datText = today: null

2024-02-03 23:23:56 - [TEST_STEP][PASSED] - Taxtype = findTestData(dataFile).getValue("TaxType", row): null

2024-02-03 23:23:56 - [TEST_STEP][PASSED] - out.println("Taxtype value is : " + Taxtype): null

2024-02-03 23:23:56 - [TEST_STEP][PASSED] - openBrowser(""): Browser is opened with url: ''

2024-02-03 23:23:56 - [MESSAGE][WARNING] - A browser is already opened. Closing browser and opening a new one

2024-02-03 23:23:57 - [MESSAGE][INFO] - Starting 'Chrome' driver

2024-02-03 23:23:57 - [MESSAGE][INFO] - User set preference: ['acceptInsecureCerts', 'true']

2024-02-03 23:23:57 - [MESSAGE][INFO] - Action delay is set to 0 milliseconds

2024-02-03 23:23:59 - [MESSAGE][PASSED] - Browser is opened with url: ''

2024-02-03 23:23:59 - [TEST_STEP][PASSED] - maximizeWindow(): Current window maximized

2024-02-03 23:23:59 - [MESSAGE][PASSED] - Current window maximized

2024-02-03 23:23:59 - [TEST_STEP][PASSED] - navigateToUrl(RADurl): Navigate to 'https://qa2.velocitypayment.com/client/rad/index.html' successfully

2024-02-03 23:24:01 - [MESSAGE][PASSED] - Navigate to 'https://qa2.velocitypayment.com/client/rad/index.html' successfully

2024-02-03 23:24:01 - [TEST_STEP][PASSED] - orPath_Landing = "Object Repository/RAD_Pages/Landing_Page": null

2024-02-03 23:24:01 - [TEST_STEP][PASSED] - orPath_TaxTypeFilingYear = "Object Repository/RAD_Pages/TaxTypeFilingYear_Page": null

2024-02-03 23:24:01 - [TEST_STEP][PASSED] - orPath_TaxPayer = "Object Repository/RAD_Pages/Taxpayer_Page": null

2024-02-03 23:24:01 - [TEST_STEP][PASSED] - orPath_AddressContact = "Object Repository/RAD_Pages/AddressAndContactInfo_Page": null

2024-02-03 23:24:01 - [TEST_STEP][PASSED] - orPath_FilingStatus = "Object Repository/RAD_Pages/FilingStatus_Page": null

2024-02-03 23:24:01 - [TEST_STEP][PASSED] - orPath_Amount = "Object Repository/RAD_Pages/PaymentAmount_Page": null

2024-02-03 23:24:01 - [TEST_STEP][PASSED] - selectOptionByLabel(findTestObject(orPath_Landing + "/dd_TaxType"), Paymenttype, false): All options with label 'New Tax Return Amount Due' are selected in object 'Object Repository/RAD_Pages/Landing_Page/dd_TaxType' 

2024-02-03 23:24:01 - [MESSAGE][PASSED] - All options with label 'New Tax Return Amount Due' are selected in object 'Object Repository/RAD_Pages/Landing_Page/dd_TaxType' 

2024-02-03 23:24:01 - [TEST_STEP][PASSED] - delay(1): Delayed 1 second(s)

2024-02-03 23:24:02 - [MESSAGE][PASSED] - Delayed 1 second(s)

2024-02-03 23:24:02 - [TEST_STEP][PASSED] - switch (Paymenttype): null

2024-02-03 23:24:02 - [TEST_STEP][PASSED] - case "New Tax Return Amount Due":: null

2024-02-03 23:24:02 - [TEST_STEP][PASSED] - selectOptionByLabel(findTestObject("Object Repository/RAD_Pages/Landing_Page/select_NewTaxReturnAmountDue_TaxType"), Taxtype, false): All options with label 'Estate Tax' are selected in object 'Object Repository/RAD_Pages/Landing_Page/select_NewTaxReturnAmountDue_TaxType' 

2024-02-03 23:24:03 - [MESSAGE][PASSED] - All options with label 'Estate Tax' are selected in object 'Object Repository/RAD_Pages/Landing_Page/select_NewTaxReturnAmountDue_TaxType' 

2024-02-03 23:24:03 - [TEST_STEP][PASSED] - break: null

2024-02-03 23:24:03 - [TEST_STEP][PASSED] - delay(1): Delayed 1 second(s)

2024-02-03 23:24:04 - [MESSAGE][PASSED] - Delayed 1 second(s)

2024-02-03 23:24:04 - [TEST_STEP][PASSED] - scrollToElement(findTestObject(orPath_Amount + "/input__paymentAmount"), 3): Scroll to object 'Object Repository/RAD_Pages/PaymentAmount_Page/input__paymentAmount' successfully

2024-02-03 23:24:04 - [MESSAGE][PASSED] - Scroll to object 'Object Repository/RAD_Pages/PaymentAmount_Page/input__paymentAmount' successfully

2024-02-03 23:24:04 - [TEST_STEP][PASSED] - setText(findTestObject(orPath_AddressContact + "/input_eMailAddress"), "imtiazster@gmail.com"): Text 'imtiazster@gmail.com' is set on object 'Object Repository/RAD_Pages/AddressAndContactInfo_Page/input_eMailAddress'

2024-02-03 23:24:05 - [MESSAGE][PASSED] - Text 'imtiazster@gmail.com' is set on object 'Object Repository/RAD_Pages/AddressAndContactInfo_Page/input_eMailAddress'

2024-02-03 23:24:05 - [TEST_STEP][PASSED] - setText(findTestObject(orPath_AddressContact + "/input_reEnterEMailAddress"), "iahmed@govolution.com"): Text 'iahmed@govolution.com' is set on object 'Object Repository/RAD_Pages/AddressAndContactInfo_Page/input_reEnterEMailAddress'

2024-02-03 23:24:06 - [MESSAGE][PASSED] - Text 'iahmed@govolution.com' is set on object 'Object Repository/RAD_Pages/AddressAndContactInfo_Page/input_reEnterEMailAddress'

2024-02-03 23:24:06 - [TEST_STEP][PASSED] - delay(2): Delayed 2 second(s)

2024-02-03 23:24:08 - [MESSAGE][PASSED] - Delayed 2 second(s)

2024-02-03 23:24:08 - [TEST_STEP][PASSED] - if (verifyTextPresent("The Email and Re-enter email do not match", true)): null

2024-02-03 23:24:08 - [MESSAGE][PASSED] - Text 'The Email and Re-enter email do not match' is present on page  using regular expression

2024-02-03 23:24:08 - [TEST_STEP][PASSED] - println("Emails Dont match text is present"): null

2024-02-03 23:24:08 - [TEST_STEP][PASSED] - out.println("Pass Record Number: " + row): null

2024-02-03 23:24:08 - [TEST_STEP][PASSED] - resText = "Pass": null

2024-02-03 23:24:08 - [TEST_STEP][PASSED] - pages.WriteExcel.demoKey(resText, datText, resColumn, datCloumn, fileLoc, nameSheet, row): pages.WriteExcel.demoKey is PASSED

2024-02-03 23:24:08 - [MESSAGE][PASSED] - pages.WriteExcel.demoKey is PASSED

2024-02-03 23:24:08 - [TEST_STEP][PASSED] - ExecuteTC = findTestData(dataFile).getValue("Execute", row): null

2024-02-03 23:24:08 - [TEST_STEP][PASSED] - Taxtype = findTestData(dataFile).getValue("TaxType", row): null

2024-02-03 23:24:08 - [TEST_STEP][PASSED] - Paymenttype = findTestData(dataFile).getValue("PaymentType", row): null

2024-02-03 23:24:08 - [TEST_STEP][PASSED] - out.println("Value of Execute is : " + ExecuteTC): null

2024-02-03 23:24:08 - [TEST_STEP][PASSED] - if (ExecuteTC.equalsIgnoreCase("Y")): null

2024-02-03 23:24:08 - [TEST_STEP][PASSED] - out.println("Begin Record Number: " + row): null

2024-02-03 23:24:08 - [TEST_STEP][PASSED] - today = new java.util.Date(): null

2024-02-03 23:24:08 - [TEST_STEP][PASSED] - println(today): null

2024-02-03 23:24:08 - [TEST_STEP][PASSED] - datText = today: null

2024-02-03 23:24:08 - [TEST_STEP][PASSED] - Taxtype = findTestData(dataFile).getValue("TaxType", row): null

2024-02-03 23:24:09 - [TEST_STEP][PASSED] - out.println("Taxtype value is : " + Taxtype): null

2024-02-03 23:24:09 - [TEST_STEP][PASSED] - openBrowser(""): Browser is opened with url: ''

2024-02-03 23:24:09 - [MESSAGE][WARNING] - A browser is already opened. Closing browser and opening a new one

2024-02-03 23:24:10 - [MESSAGE][INFO] - Starting 'Chrome' driver

2024-02-03 23:24:10 - [MESSAGE][INFO] - User set preference: ['acceptInsecureCerts', 'true']

2024-02-03 23:24:10 - [MESSAGE][INFO] - Action delay is set to 0 milliseconds

2024-02-03 23:24:11 - [MESSAGE][PASSED] - Browser is opened with url: ''

2024-02-03 23:24:11 - [TEST_STEP][PASSED] - maximizeWindow(): Current window maximized

2024-02-03 23:24:12 - [MESSAGE][PASSED] - Current window maximized

2024-02-03 23:24:12 - [TEST_STEP][PASSED] - navigateToUrl(RADurl): Navigate to 'https://qa2.velocitypayment.com/client/rad/index.html' successfully

2024-02-03 23:24:13 - [MESSAGE][PASSED] - Navigate to 'https://qa2.velocitypayment.com/client/rad/index.html' successfully

2024-02-03 23:24:13 - [TEST_STEP][PASSED] - orPath_Landing = "Object Repository/RAD_Pages/Landing_Page": null

2024-02-03 23:24:13 - [TEST_STEP][PASSED] - orPath_TaxTypeFilingYear = "Object Repository/RAD_Pages/TaxTypeFilingYear_Page": null

2024-02-03 23:24:13 - [TEST_STEP][PASSED] - orPath_TaxPayer = "Object Repository/RAD_Pages/Taxpayer_Page": null

2024-02-03 23:24:13 - [TEST_STEP][PASSED] - orPath_AddressContact = "Object Repository/RAD_Pages/AddressAndContactInfo_Page": null

2024-02-03 23:24:13 - [TEST_STEP][PASSED] - orPath_FilingStatus = "Object Repository/RAD_Pages/FilingStatus_Page": null

2024-02-03 23:24:13 - [TEST_STEP][PASSED] - orPath_Amount = "Object Repository/RAD_Pages/PaymentAmount_Page": null

2024-02-03 23:24:13 - [TEST_STEP][PASSED] - selectOptionByLabel(findTestObject(orPath_Landing + "/dd_TaxType"), Paymenttype, false): All options with label 'New Tax Return Amount Due' are selected in object 'Object Repository/RAD_Pages/Landing_Page/dd_TaxType' 

2024-02-03 23:24:14 - [MESSAGE][PASSED] - All options with label 'New Tax Return Amount Due' are selected in object 'Object Repository/RAD_Pages/Landing_Page/dd_TaxType' 

2024-02-03 23:24:14 - [TEST_STEP][PASSED] - delay(1): Delayed 1 second(s)

2024-02-03 23:24:15 - [MESSAGE][PASSED] - Delayed 1 second(s)

2024-02-03 23:24:15 - [TEST_STEP][PASSED] - switch (Paymenttype): null

2024-02-03 23:24:15 - [TEST_STEP][PASSED] - case "New Tax Return Amount Due":: null

2024-02-03 23:24:15 - [TEST_STEP][PASSED] - selectOptionByLabel(findTestObject("Object Repository/RAD_Pages/Landing_Page/select_NewTaxReturnAmountDue_TaxType"), Taxtype, false): All options with label 'Motor Fuel Tax' are selected in object 'Object Repository/RAD_Pages/Landing_Page/select_NewTaxReturnAmountDue_TaxType' 

2024-02-03 23:24:16 - [MESSAGE][PASSED] - All options with label 'Motor Fuel Tax' are selected in object 'Object Repository/RAD_Pages/Landing_Page/select_NewTaxReturnAmountDue_TaxType' 

2024-02-03 23:24:16 - [TEST_STEP][PASSED] - break: null

2024-02-03 23:24:16 - [TEST_STEP][PASSED] - delay(1): Delayed 1 second(s)

2024-02-03 23:24:17 - [MESSAGE][PASSED] - Delayed 1 second(s)

2024-02-03 23:24:17 - [TEST_STEP][PASSED] - scrollToElement(findTestObject(orPath_Amount + "/input__paymentAmount"), 3): Scroll to object 'Object Repository/RAD_Pages/PaymentAmount_Page/input__paymentAmount' successfully

2024-02-03 23:24:17 - [MESSAGE][PASSED] - Scroll to object 'Object Repository/RAD_Pages/PaymentAmount_Page/input__paymentAmount' successfully

2024-02-03 23:24:17 - [TEST_STEP][PASSED] - setText(findTestObject(orPath_AddressContact + "/input_eMailAddress"), "imtiazster@gmail.com"): Text 'imtiazster@gmail.com' is set on object 'Object Repository/RAD_Pages/AddressAndContactInfo_Page/input_eMailAddress'

2024-02-03 23:24:18 - [MESSAGE][PASSED] - Text 'imtiazster@gmail.com' is set on object 'Object Repository/RAD_Pages/AddressAndContactInfo_Page/input_eMailAddress'

2024-02-03 23:24:18 - [TEST_STEP][PASSED] - setText(findTestObject(orPath_AddressContact + "/input_reEnterEMailAddress"), "iahmed@govolution.com"): Text 'iahmed@govolution.com' is set on object 'Object Repository/RAD_Pages/AddressAndContactInfo_Page/input_reEnterEMailAddress'

2024-02-03 23:24:19 - [MESSAGE][PASSED] - Text 'iahmed@govolution.com' is set on object 'Object Repository/RAD_Pages/AddressAndContactInfo_Page/input_reEnterEMailAddress'

2024-02-03 23:24:19 - [TEST_STEP][PASSED] - delay(2): Delayed 2 second(s)

2024-02-03 23:24:21 - [MESSAGE][PASSED] - Delayed 2 second(s)

2024-02-03 23:24:21 - [TEST_STEP][PASSED] - if (verifyTextPresent("The Email and Re-enter email do not match", true)): null

2024-02-03 23:24:21 - [MESSAGE][PASSED] - Text 'The Email and Re-enter email do not match' is present on page  using regular expression

2024-02-03 23:24:21 - [TEST_STEP][PASSED] - println("Emails Dont match text is present"): null

2024-02-03 23:24:21 - [TEST_STEP][PASSED] - out.println("Pass Record Number: " + row): null

2024-02-03 23:24:21 - [TEST_STEP][PASSED] - resText = "Pass": null

2024-02-03 23:24:21 - [TEST_STEP][PASSED] - pages.WriteExcel.demoKey(resText, datText, resColumn, datCloumn, fileLoc, nameSheet, row): pages.WriteExcel.demoKey is PASSED

2024-02-03 23:24:21 - [MESSAGE][PASSED] - pages.WriteExcel.demoKey is PASSED

2024-02-03 23:24:21 - [TEST_STEP][PASSED] - ExecuteTC = findTestData(dataFile).getValue("Execute", row): null

2024-02-03 23:24:21 - [TEST_STEP][PASSED] - Taxtype = findTestData(dataFile).getValue("TaxType", row): null

2024-02-03 23:24:21 - [TEST_STEP][PASSED] - Paymenttype = findTestData(dataFile).getValue("PaymentType", row): null

2024-02-03 23:24:21 - [TEST_STEP][PASSED] - out.println("Value of Execute is : " + ExecuteTC): null

2024-02-03 23:24:21 - [TEST_STEP][PASSED] - if (ExecuteTC.equalsIgnoreCase("Y")): null

2024-02-03 23:24:21 - [TEST_STEP][PASSED] - out.println("Begin Record Number: " + row): null

2024-02-03 23:24:21 - [TEST_STEP][PASSED] - today = new java.util.Date(): null

2024-02-03 23:24:21 - [TEST_STEP][PASSED] - println(today): null

2024-02-03 23:24:21 - [TEST_STEP][PASSED] - datText = today: null

2024-02-03 23:24:21 - [TEST_STEP][PASSED] - Taxtype = findTestData(dataFile).getValue("TaxType", row): null

2024-02-03 23:24:21 - [TEST_STEP][PASSED] - out.println("Taxtype value is : " + Taxtype): null

2024-02-03 23:24:21 - [TEST_STEP][PASSED] - openBrowser(""): Browser is opened with url: ''

2024-02-03 23:24:21 - [MESSAGE][WARNING] - A browser is already opened. Closing browser and opening a new one

2024-02-03 23:24:23 - [MESSAGE][INFO] - Starting 'Chrome' driver

2024-02-03 23:24:23 - [MESSAGE][INFO] - User set preference: ['acceptInsecureCerts', 'true']

2024-02-03 23:24:23 - [MESSAGE][INFO] - Action delay is set to 0 milliseconds

2024-02-03 23:24:24 - [MESSAGE][PASSED] - Browser is opened with url: ''

2024-02-03 23:24:24 - [TEST_STEP][PASSED] - maximizeWindow(): Current window maximized

2024-02-03 23:24:24 - [MESSAGE][PASSED] - Current window maximized

2024-02-03 23:24:24 - [TEST_STEP][PASSED] - navigateToUrl(RADurl): Navigate to 'https://qa2.velocitypayment.com/client/rad/index.html' successfully

2024-02-03 23:24:26 - [MESSAGE][PASSED] - Navigate to 'https://qa2.velocitypayment.com/client/rad/index.html' successfully

2024-02-03 23:24:26 - [TEST_STEP][PASSED] - orPath_Landing = "Object Repository/RAD_Pages/Landing_Page": null

2024-02-03 23:24:26 - [TEST_STEP][PASSED] - orPath_TaxTypeFilingYear = "Object Repository/RAD_Pages/TaxTypeFilingYear_Page": null

2024-02-03 23:24:26 - [TEST_STEP][PASSED] - orPath_TaxPayer = "Object Repository/RAD_Pages/Taxpayer_Page": null

2024-02-03 23:24:26 - [TEST_STEP][PASSED] - orPath_AddressContact = "Object Repository/RAD_Pages/AddressAndContactInfo_Page": null

2024-02-03 23:24:26 - [TEST_STEP][PASSED] - orPath_FilingStatus = "Object Repository/RAD_Pages/FilingStatus_Page": null

2024-02-03 23:24:26 - [TEST_STEP][PASSED] - orPath_Amount = "Object Repository/RAD_Pages/PaymentAmount_Page": null

2024-02-03 23:24:26 - [TEST_STEP][PASSED] - selectOptionByLabel(findTestObject(orPath_Landing + "/dd_TaxType"), Paymenttype, false): All options with label 'New Tax Return Amount Due' are selected in object 'Object Repository/RAD_Pages/Landing_Page/dd_TaxType' 

2024-02-03 23:24:27 - [MESSAGE][PASSED] - All options with label 'New Tax Return Amount Due' are selected in object 'Object Repository/RAD_Pages/Landing_Page/dd_TaxType' 

2024-02-03 23:24:27 - [TEST_STEP][PASSED] - delay(1): Delayed 1 second(s)

2024-02-03 23:24:28 - [MESSAGE][PASSED] - Delayed 1 second(s)

2024-02-03 23:24:28 - [TEST_STEP][PASSED] - switch (Paymenttype): null

2024-02-03 23:24:28 - [TEST_STEP][PASSED] - case "New Tax Return Amount Due":: null

2024-02-03 23:24:28 - [TEST_STEP][PASSED] - selectOptionByLabel(findTestObject("Object Repository/RAD_Pages/Landing_Page/select_NewTaxReturnAmountDue_TaxType"), Taxtype, false): All options with label 'Sales and Use Tax' are selected in object 'Object Repository/RAD_Pages/Landing_Page/select_NewTaxReturnAmountDue_TaxType' 

2024-02-03 23:24:28 - [MESSAGE][PASSED] - All options with label 'Sales and Use Tax' are selected in object 'Object Repository/RAD_Pages/Landing_Page/select_NewTaxReturnAmountDue_TaxType' 

2024-02-03 23:24:28 - [TEST_STEP][PASSED] - break: null

2024-02-03 23:24:28 - [TEST_STEP][PASSED] - delay(1): Delayed 1 second(s)

2024-02-03 23:24:29 - [MESSAGE][PASSED] - Delayed 1 second(s)

2024-02-03 23:24:29 - [TEST_STEP][PASSED] - scrollToElement(findTestObject(orPath_Amount + "/input__paymentAmount"), 3): Scroll to object 'Object Repository/RAD_Pages/PaymentAmount_Page/input__paymentAmount' successfully

2024-02-03 23:24:30 - [MESSAGE][PASSED] - Scroll to object 'Object Repository/RAD_Pages/PaymentAmount_Page/input__paymentAmount' successfully

2024-02-03 23:24:30 - [TEST_STEP][PASSED] - setText(findTestObject(orPath_AddressContact + "/input_eMailAddress"), "imtiazster@gmail.com"): Text 'imtiazster@gmail.com' is set on object 'Object Repository/RAD_Pages/AddressAndContactInfo_Page/input_eMailAddress'

2024-02-03 23:24:31 - [MESSAGE][PASSED] - Text 'imtiazster@gmail.com' is set on object 'Object Repository/RAD_Pages/AddressAndContactInfo_Page/input_eMailAddress'

2024-02-03 23:24:31 - [TEST_STEP][PASSED] - setText(findTestObject(orPath_AddressContact + "/input_reEnterEMailAddress"), "iahmed@govolution.com"): Text 'iahmed@govolution.com' is set on object 'Object Repository/RAD_Pages/AddressAndContactInfo_Page/input_reEnterEMailAddress'

2024-02-03 23:24:31 - [MESSAGE][PASSED] - Text 'iahmed@govolution.com' is set on object 'Object Repository/RAD_Pages/AddressAndContactInfo_Page/input_reEnterEMailAddress'

2024-02-03 23:24:31 - [TEST_STEP][PASSED] - delay(2): Delayed 2 second(s)

2024-02-03 23:24:33 - [MESSAGE][PASSED] - Delayed 2 second(s)

2024-02-03 23:24:33 - [TEST_STEP][PASSED] - if (verifyTextPresent("The Email and Re-enter email do not match", true)): null

2024-02-03 23:24:34 - [MESSAGE][PASSED] - Text 'The Email and Re-enter email do not match' is present on page  using regular expression

2024-02-03 23:24:34 - [TEST_STEP][PASSED] - println("Emails Dont match text is present"): null

2024-02-03 23:24:34 - [TEST_STEP][PASSED] - out.println("Pass Record Number: " + row): null

2024-02-03 23:24:34 - [TEST_STEP][PASSED] - resText = "Pass": null

2024-02-03 23:24:34 - [TEST_STEP][PASSED] - pages.WriteExcel.demoKey(resText, datText, resColumn, datCloumn, fileLoc, nameSheet, row): pages.WriteExcel.demoKey is PASSED

2024-02-03 23:24:34 - [MESSAGE][PASSED] - pages.WriteExcel.demoKey is PASSED

2024-02-03 23:24:34 - [TEST_STEP][PASSED] - ExecuteTC = findTestData(dataFile).getValue("Execute", row): null

2024-02-03 23:24:34 - [TEST_STEP][PASSED] - Taxtype = findTestData(dataFile).getValue("TaxType", row): null

2024-02-03 23:24:34 - [TEST_STEP][PASSED] - Paymenttype = findTestData(dataFile).getValue("PaymentType", row): null

2024-02-03 23:24:34 - [TEST_STEP][PASSED] - out.println("Value of Execute is : " + ExecuteTC): null

2024-02-03 23:24:34 - [TEST_STEP][PASSED] - if (ExecuteTC.equalsIgnoreCase("Y")): null

2024-02-03 23:24:34 - [TEST_STEP][PASSED] - out.println("Begin Record Number: " + row): null

2024-02-03 23:24:34 - [TEST_STEP][PASSED] - today = new java.util.Date(): null

2024-02-03 23:24:34 - [TEST_STEP][PASSED] - println(today): null

2024-02-03 23:24:34 - [TEST_STEP][PASSED] - datText = today: null

2024-02-03 23:24:34 - [TEST_STEP][PASSED] - Taxtype = findTestData(dataFile).getValue("TaxType", row): null

2024-02-03 23:24:34 - [TEST_STEP][PASSED] - out.println("Taxtype value is : " + Taxtype): null

2024-02-03 23:24:34 - [TEST_STEP][PASSED] - openBrowser(""): Browser is opened with url: ''

2024-02-03 23:24:34 - [MESSAGE][WARNING] - A browser is already opened. Closing browser and opening a new one

2024-02-03 23:24:35 - [MESSAGE][INFO] - Starting 'Chrome' driver

2024-02-03 23:24:35 - [MESSAGE][INFO] - User set preference: ['acceptInsecureCerts', 'true']

2024-02-03 23:24:35 - [MESSAGE][INFO] - Action delay is set to 0 milliseconds

2024-02-03 23:24:37 - [MESSAGE][PASSED] - Browser is opened with url: ''

2024-02-03 23:24:37 - [TEST_STEP][PASSED] - maximizeWindow(): Current window maximized

2024-02-03 23:24:37 - [MESSAGE][PASSED] - Current window maximized

2024-02-03 23:24:37 - [TEST_STEP][PASSED] - navigateToUrl(RADurl): Navigate to 'https://qa2.velocitypayment.com/client/rad/index.html' successfully

2024-02-03 23:24:39 - [MESSAGE][PASSED] - Navigate to 'https://qa2.velocitypayment.com/client/rad/index.html' successfully

2024-02-03 23:24:39 - [TEST_STEP][PASSED] - orPath_Landing = "Object Repository/RAD_Pages/Landing_Page": null

2024-02-03 23:24:39 - [TEST_STEP][PASSED] - orPath_TaxTypeFilingYear = "Object Repository/RAD_Pages/TaxTypeFilingYear_Page": null

2024-02-03 23:24:39 - [TEST_STEP][PASSED] - orPath_TaxPayer = "Object Repository/RAD_Pages/Taxpayer_Page": null

2024-02-03 23:24:39 - [TEST_STEP][PASSED] - orPath_AddressContact = "Object Repository/RAD_Pages/AddressAndContactInfo_Page": null

2024-02-03 23:24:39 - [TEST_STEP][PASSED] - orPath_FilingStatus = "Object Repository/RAD_Pages/FilingStatus_Page": null

2024-02-03 23:24:39 - [TEST_STEP][PASSED] - orPath_Amount = "Object Repository/RAD_Pages/PaymentAmount_Page": null

2024-02-03 23:24:39 - [TEST_STEP][PASSED] - selectOptionByLabel(findTestObject(orPath_Landing + "/dd_TaxType"), Paymenttype, false): All options with label 'New Tax Return Amount Due' are selected in object 'Object Repository/RAD_Pages/Landing_Page/dd_TaxType' 

2024-02-03 23:24:40 - [MESSAGE][PASSED] - All options with label 'New Tax Return Amount Due' are selected in object 'Object Repository/RAD_Pages/Landing_Page/dd_TaxType' 

2024-02-03 23:24:40 - [TEST_STEP][PASSED] - delay(1): Delayed 1 second(s)

2024-02-03 23:24:41 - [MESSAGE][PASSED] - Delayed 1 second(s)

2024-02-03 23:24:41 - [TEST_STEP][PASSED] - switch (Paymenttype): null

2024-02-03 23:24:41 - [TEST_STEP][PASSED] - case "New Tax Return Amount Due":: null

2024-02-03 23:24:41 - [TEST_STEP][PASSED] - selectOptionByLabel(findTestObject("Object Repository/RAD_Pages/Landing_Page/select_NewTaxReturnAmountDue_TaxType"), Taxtype, false): All options with label 'Slots License Fee' are selected in object 'Object Repository/RAD_Pages/Landing_Page/select_NewTaxReturnAmountDue_TaxType' 

2024-02-03 23:24:41 - [MESSAGE][PASSED] - All options with label 'Slots License Fee' are selected in object 'Object Repository/RAD_Pages/Landing_Page/select_NewTaxReturnAmountDue_TaxType' 

2024-02-03 23:24:41 - [TEST_STEP][PASSED] - break: null

2024-02-03 23:24:41 - [TEST_STEP][PASSED] - delay(1): Delayed 1 second(s)

2024-02-03 23:24:42 - [MESSAGE][PASSED] - Delayed 1 second(s)

2024-02-03 23:24:42 - [TEST_STEP][PASSED] - scrollToElement(findTestObject(orPath_Amount + "/input__paymentAmount"), 3): Scroll to object 'Object Repository/RAD_Pages/PaymentAmount_Page/input__paymentAmount' successfully

2024-02-03 23:24:42 - [MESSAGE][PASSED] - Scroll to object 'Object Repository/RAD_Pages/PaymentAmount_Page/input__paymentAmount' successfully

2024-02-03 23:24:42 - [TEST_STEP][PASSED] - setText(findTestObject(orPath_AddressContact + "/input_eMailAddress"), "imtiazster@gmail.com"): Text 'imtiazster@gmail.com' is set on object 'Object Repository/RAD_Pages/AddressAndContactInfo_Page/input_eMailAddress'

2024-02-03 23:24:43 - [MESSAGE][PASSED] - Text 'imtiazster@gmail.com' is set on object 'Object Repository/RAD_Pages/AddressAndContactInfo_Page/input_eMailAddress'

2024-02-03 23:24:43 - [TEST_STEP][PASSED] - setText(findTestObject(orPath_AddressContact + "/input_reEnterEMailAddress"), "iahmed@govolution.com"): Text 'iahmed@govolution.com' is set on object 'Object Repository/RAD_Pages/AddressAndContactInfo_Page/input_reEnterEMailAddress'

2024-02-03 23:24:44 - [MESSAGE][PASSED] - Text 'iahmed@govolution.com' is set on object 'Object Repository/RAD_Pages/AddressAndContactInfo_Page/input_reEnterEMailAddress'

2024-02-03 23:24:44 - [TEST_STEP][PASSED] - delay(2): Delayed 2 second(s)

2024-02-03 23:24:46 - [MESSAGE][PASSED] - Delayed 2 second(s)

2024-02-03 23:24:46 - [TEST_STEP][PASSED] - if (verifyTextPresent("The Email and Re-enter email do not match", true)): null

2024-02-03 23:24:47 - [MESSAGE][PASSED] - Text 'The Email and Re-enter email do not match' is present on page  using regular expression

2024-02-03 23:24:47 - [TEST_STEP][PASSED] - println("Emails Dont match text is present"): null

2024-02-03 23:24:47 - [TEST_STEP][PASSED] - out.println("Pass Record Number: " + row): null

2024-02-03 23:24:47 - [TEST_STEP][PASSED] - resText = "Pass": null

2024-02-03 23:24:47 - [TEST_STEP][PASSED] - pages.WriteExcel.demoKey(resText, datText, resColumn, datCloumn, fileLoc, nameSheet, row): pages.WriteExcel.demoKey is PASSED

2024-02-03 23:24:47 - [MESSAGE][PASSED] - pages.WriteExcel.demoKey is PASSED

2024-02-03 23:24:47 - [TEST_STEP][PASSED] - ExecuteTC = findTestData(dataFile).getValue("Execute", row): null

2024-02-03 23:24:47 - [TEST_STEP][PASSED] - Taxtype = findTestData(dataFile).getValue("TaxType", row): null

2024-02-03 23:24:47 - [TEST_STEP][PASSED] - Paymenttype = findTestData(dataFile).getValue("PaymentType", row): null

2024-02-03 23:24:47 - [TEST_STEP][PASSED] - out.println("Value of Execute is : " + ExecuteTC): null

2024-02-03 23:24:47 - [TEST_STEP][PASSED] - if (ExecuteTC.equalsIgnoreCase("Y")): null

2024-02-03 23:24:47 - [TEST_STEP][PASSED] - out.println("Begin Record Number: " + row): null

2024-02-03 23:24:47 - [TEST_STEP][PASSED] - today = new java.util.Date(): null

2024-02-03 23:24:47 - [TEST_STEP][PASSED] - println(today): null

2024-02-03 23:24:47 - [TEST_STEP][PASSED] - datText = today: null

2024-02-03 23:24:47 - [TEST_STEP][PASSED] - Taxtype = findTestData(dataFile).getValue("TaxType", row): null

2024-02-03 23:24:47 - [TEST_STEP][PASSED] - out.println("Taxtype value is : " + Taxtype): null

2024-02-03 23:24:47 - [TEST_STEP][PASSED] - openBrowser(""): Browser is opened with url: ''

2024-02-03 23:24:47 - [MESSAGE][WARNING] - A browser is already opened. Closing browser and opening a new one

2024-02-03 23:24:48 - [MESSAGE][INFO] - Starting 'Chrome' driver

2024-02-03 23:24:48 - [MESSAGE][INFO] - User set preference: ['acceptInsecureCerts', 'true']

2024-02-03 23:24:48 - [MESSAGE][INFO] - Action delay is set to 0 milliseconds

2024-02-03 23:24:50 - [MESSAGE][PASSED] - Browser is opened with url: ''

2024-02-03 23:24:50 - [TEST_STEP][PASSED] - maximizeWindow(): Current window maximized

2024-02-03 23:24:50 - [MESSAGE][PASSED] - Current window maximized

2024-02-03 23:24:50 - [TEST_STEP][PASSED] - navigateToUrl(RADurl): Navigate to 'https://qa2.velocitypayment.com/client/rad/index.html' successfully

2024-02-03 23:24:52 - [MESSAGE][PASSED] - Navigate to 'https://qa2.velocitypayment.com/client/rad/index.html' successfully

2024-02-03 23:24:52 - [TEST_STEP][PASSED] - orPath_Landing = "Object Repository/RAD_Pages/Landing_Page": null

2024-02-03 23:24:52 - [TEST_STEP][PASSED] - orPath_TaxTypeFilingYear = "Object Repository/RAD_Pages/TaxTypeFilingYear_Page": null

2024-02-03 23:24:52 - [TEST_STEP][PASSED] - orPath_TaxPayer = "Object Repository/RAD_Pages/Taxpayer_Page": null

2024-02-03 23:24:52 - [TEST_STEP][PASSED] - orPath_AddressContact = "Object Repository/RAD_Pages/AddressAndContactInfo_Page": null

2024-02-03 23:24:52 - [TEST_STEP][PASSED] - orPath_FilingStatus = "Object Repository/RAD_Pages/FilingStatus_Page": null

2024-02-03 23:24:52 - [TEST_STEP][PASSED] - orPath_Amount = "Object Repository/RAD_Pages/PaymentAmount_Page": null

2024-02-03 23:24:52 - [TEST_STEP][PASSED] - selectOptionByLabel(findTestObject(orPath_Landing + "/dd_TaxType"), Paymenttype, false): All options with label 'New Tax Return Amount Due' are selected in object 'Object Repository/RAD_Pages/Landing_Page/dd_TaxType' 

2024-02-03 23:24:52 - [MESSAGE][PASSED] - All options with label 'New Tax Return Amount Due' are selected in object 'Object Repository/RAD_Pages/Landing_Page/dd_TaxType' 

2024-02-03 23:24:52 - [TEST_STEP][PASSED] - delay(1): Delayed 1 second(s)

2024-02-03 23:24:53 - [MESSAGE][PASSED] - Delayed 1 second(s)

2024-02-03 23:24:53 - [TEST_STEP][PASSED] - switch (Paymenttype): null

2024-02-03 23:24:53 - [TEST_STEP][PASSED] - case "New Tax Return Amount Due":: null

2024-02-03 23:24:53 - [TEST_STEP][PASSED] - selectOptionByLabel(findTestObject("Object Repository/RAD_Pages/Landing_Page/select_NewTaxReturnAmountDue_TaxType"), Taxtype, false): All options with label 'Tire Recycling Fee' are selected in object 'Object Repository/RAD_Pages/Landing_Page/select_NewTaxReturnAmountDue_TaxType' 

2024-02-03 23:24:54 - [MESSAGE][PASSED] - All options with label 'Tire Recycling Fee' are selected in object 'Object Repository/RAD_Pages/Landing_Page/select_NewTaxReturnAmountDue_TaxType' 

2024-02-03 23:24:54 - [TEST_STEP][PASSED] - break: null

2024-02-03 23:24:54 - [TEST_STEP][PASSED] - delay(1): Delayed 1 second(s)

2024-02-03 23:24:55 - [MESSAGE][PASSED] - Delayed 1 second(s)

2024-02-03 23:24:55 - [TEST_STEP][PASSED] - scrollToElement(findTestObject(orPath_Amount + "/input__paymentAmount"), 3): Scroll to object 'Object Repository/RAD_Pages/PaymentAmount_Page/input__paymentAmount' successfully

2024-02-03 23:24:55 - [MESSAGE][PASSED] - Scroll to object 'Object Repository/RAD_Pages/PaymentAmount_Page/input__paymentAmount' successfully

2024-02-03 23:24:55 - [TEST_STEP][PASSED] - setText(findTestObject(orPath_AddressContact + "/input_eMailAddress"), "imtiazster@gmail.com"): Text 'imtiazster@gmail.com' is set on object 'Object Repository/RAD_Pages/AddressAndContactInfo_Page/input_eMailAddress'

2024-02-03 23:24:56 - [MESSAGE][PASSED] - Text 'imtiazster@gmail.com' is set on object 'Object Repository/RAD_Pages/AddressAndContactInfo_Page/input_eMailAddress'

2024-02-03 23:24:56 - [TEST_STEP][PASSED] - setText(findTestObject(orPath_AddressContact + "/input_reEnterEMailAddress"), "iahmed@govolution.com"): Text 'iahmed@govolution.com' is set on object 'Object Repository/RAD_Pages/AddressAndContactInfo_Page/input_reEnterEMailAddress'

2024-02-03 23:24:57 - [MESSAGE][PASSED] - Text 'iahmed@govolution.com' is set on object 'Object Repository/RAD_Pages/AddressAndContactInfo_Page/input_reEnterEMailAddress'

2024-02-03 23:24:57 - [TEST_STEP][PASSED] - delay(2): Delayed 2 second(s)

2024-02-03 23:24:59 - [MESSAGE][PASSED] - Delayed 2 second(s)

2024-02-03 23:24:59 - [TEST_STEP][PASSED] - if (verifyTextPresent("The Email and Re-enter email do not match", true)): null

2024-02-03 23:24:59 - [MESSAGE][PASSED] - Text 'The Email and Re-enter email do not match' is present on page  using regular expression

2024-02-03 23:24:59 - [TEST_STEP][PASSED] - println("Emails Dont match text is present"): null

2024-02-03 23:24:59 - [TEST_STEP][PASSED] - out.println("Pass Record Number: " + row): null

2024-02-03 23:24:59 - [TEST_STEP][PASSED] - resText = "Pass": null

2024-02-03 23:24:59 - [TEST_STEP][PASSED] - pages.WriteExcel.demoKey(resText, datText, resColumn, datCloumn, fileLoc, nameSheet, row): pages.WriteExcel.demoKey is PASSED

2024-02-03 23:24:59 - [MESSAGE][PASSED] - pages.WriteExcel.demoKey is PASSED

2024-02-03 23:24:59 - [TEST_STEP][PASSED] - ExecuteTC = findTestData(dataFile).getValue("Execute", row): null

2024-02-03 23:25:00 - [TEST_STEP][PASSED] - Taxtype = findTestData(dataFile).getValue("TaxType", row): null

2024-02-03 23:25:00 - [TEST_STEP][PASSED] - Paymenttype = findTestData(dataFile).getValue("PaymentType", row): null

2024-02-03 23:25:00 - [TEST_STEP][PASSED] - out.println("Value of Execute is : " + ExecuteTC): null

2024-02-03 23:25:00 - [TEST_STEP][PASSED] - if (ExecuteTC.equalsIgnoreCase("Y")): null

2024-02-03 23:25:00 - [TEST_STEP][PASSED] - out.println("Begin Record Number: " + row): null

2024-02-03 23:25:00 - [TEST_STEP][PASSED] - today = new java.util.Date(): null

2024-02-03 23:25:00 - [TEST_STEP][PASSED] - println(today): null

2024-02-03 23:25:00 - [TEST_STEP][PASSED] - datText = today: null

2024-02-03 23:25:00 - [TEST_STEP][PASSED] - Taxtype = findTestData(dataFile).getValue("TaxType", row): null

2024-02-03 23:25:00 - [TEST_STEP][PASSED] - out.println("Taxtype value is : " + Taxtype): null

2024-02-03 23:25:00 - [TEST_STEP][PASSED] - openBrowser(""): Browser is opened with url: ''

2024-02-03 23:25:00 - [MESSAGE][WARNING] - A browser is already opened. Closing browser and opening a new one

2024-02-03 23:25:01 - [MESSAGE][INFO] - Starting 'Chrome' driver

2024-02-03 23:25:01 - [MESSAGE][INFO] - User set preference: ['acceptInsecureCerts', 'true']

2024-02-03 23:25:01 - [MESSAGE][INFO] - Action delay is set to 0 milliseconds

2024-02-03 23:25:03 - [MESSAGE][PASSED] - Browser is opened with url: ''

2024-02-03 23:25:03 - [TEST_STEP][PASSED] - maximizeWindow(): Current window maximized

2024-02-03 23:25:03 - [MESSAGE][PASSED] - Current window maximized

2024-02-03 23:25:03 - [TEST_STEP][PASSED] - navigateToUrl(RADurl): Navigate to 'https://qa2.velocitypayment.com/client/rad/index.html' successfully

2024-02-03 23:25:04 - [MESSAGE][PASSED] - Navigate to 'https://qa2.velocitypayment.com/client/rad/index.html' successfully

2024-02-03 23:25:04 - [TEST_STEP][PASSED] - orPath_Landing = "Object Repository/RAD_Pages/Landing_Page": null

2024-02-03 23:25:04 - [TEST_STEP][PASSED] - orPath_TaxTypeFilingYear = "Object Repository/RAD_Pages/TaxTypeFilingYear_Page": null

2024-02-03 23:25:04 - [TEST_STEP][PASSED] - orPath_TaxPayer = "Object Repository/RAD_Pages/Taxpayer_Page": null

2024-02-03 23:25:04 - [TEST_STEP][PASSED] - orPath_AddressContact = "Object Repository/RAD_Pages/AddressAndContactInfo_Page": null

2024-02-03 23:25:04 - [TEST_STEP][PASSED] - orPath_FilingStatus = "Object Repository/RAD_Pages/FilingStatus_Page": null

2024-02-03 23:25:04 - [TEST_STEP][PASSED] - orPath_Amount = "Object Repository/RAD_Pages/PaymentAmount_Page": null

2024-02-03 23:25:04 - [TEST_STEP][PASSED] - selectOptionByLabel(findTestObject(orPath_Landing + "/dd_TaxType"), Paymenttype, false): All options with label 'New Tax Return Amount Due' are selected in object 'Object Repository/RAD_Pages/Landing_Page/dd_TaxType' 

2024-02-03 23:25:05 - [MESSAGE][PASSED] - All options with label 'New Tax Return Amount Due' are selected in object 'Object Repository/RAD_Pages/Landing_Page/dd_TaxType' 

2024-02-03 23:25:05 - [TEST_STEP][PASSED] - delay(1): Delayed 1 second(s)

2024-02-03 23:25:06 - [MESSAGE][PASSED] - Delayed 1 second(s)

2024-02-03 23:25:06 - [TEST_STEP][PASSED] - switch (Paymenttype): null

2024-02-03 23:25:06 - [TEST_STEP][PASSED] - case "New Tax Return Amount Due":: null

2024-02-03 23:25:06 - [TEST_STEP][PASSED] - selectOptionByLabel(findTestObject("Object Repository/RAD_Pages/Landing_Page/select_NewTaxReturnAmountDue_TaxType"), Taxtype, false): All options with label 'Tobacco Tax' are selected in object 'Object Repository/RAD_Pages/Landing_Page/select_NewTaxReturnAmountDue_TaxType' 

2024-02-03 23:25:07 - [MESSAGE][PASSED] - All options with label 'Tobacco Tax' are selected in object 'Object Repository/RAD_Pages/Landing_Page/select_NewTaxReturnAmountDue_TaxType' 

2024-02-03 23:25:07 - [TEST_STEP][PASSED] - break: null

2024-02-03 23:25:07 - [TEST_STEP][PASSED] - delay(1): Delayed 1 second(s)

2024-02-03 23:25:08 - [MESSAGE][PASSED] - Delayed 1 second(s)

2024-02-03 23:25:08 - [TEST_STEP][PASSED] - scrollToElement(findTestObject(orPath_Amount + "/input__paymentAmount"), 3): Scroll to object 'Object Repository/RAD_Pages/PaymentAmount_Page/input__paymentAmount' successfully

2024-02-03 23:25:08 - [MESSAGE][PASSED] - Scroll to object 'Object Repository/RAD_Pages/PaymentAmount_Page/input__paymentAmount' successfully

2024-02-03 23:25:08 - [TEST_STEP][PASSED] - setText(findTestObject(orPath_AddressContact + "/input_eMailAddress"), "imtiazster@gmail.com"): Text 'imtiazster@gmail.com' is set on object 'Object Repository/RAD_Pages/AddressAndContactInfo_Page/input_eMailAddress'

2024-02-03 23:25:09 - [MESSAGE][PASSED] - Text 'imtiazster@gmail.com' is set on object 'Object Repository/RAD_Pages/AddressAndContactInfo_Page/input_eMailAddress'

2024-02-03 23:25:09 - [TEST_STEP][PASSED] - setText(findTestObject(orPath_AddressContact + "/input_reEnterEMailAddress"), "iahmed@govolution.com"): Text 'iahmed@govolution.com' is set on object 'Object Repository/RAD_Pages/AddressAndContactInfo_Page/input_reEnterEMailAddress'

2024-02-03 23:25:10 - [MESSAGE][PASSED] - Text 'iahmed@govolution.com' is set on object 'Object Repository/RAD_Pages/AddressAndContactInfo_Page/input_reEnterEMailAddress'

2024-02-03 23:25:10 - [TEST_STEP][PASSED] - delay(2): Delayed 2 second(s)

2024-02-03 23:25:12 - [MESSAGE][PASSED] - Delayed 2 second(s)

2024-02-03 23:25:12 - [TEST_STEP][PASSED] - if (verifyTextPresent("The Email and Re-enter email do not match", true)): null

2024-02-03 23:25:13 - [MESSAGE][PASSED] - Text 'The Email and Re-enter email do not match' is present on page  using regular expression

2024-02-03 23:25:13 - [TEST_STEP][PASSED] - println("Emails Dont match text is present"): null

2024-02-03 23:25:13 - [TEST_STEP][PASSED] - out.println("Pass Record Number: " + row): null

2024-02-03 23:25:13 - [TEST_STEP][PASSED] - resText = "Pass": null

2024-02-03 23:25:13 - [TEST_STEP][PASSED] - pages.WriteExcel.demoKey(resText, datText, resColumn, datCloumn, fileLoc, nameSheet, row): pages.WriteExcel.demoKey is PASSED

2024-02-03 23:25:13 - [MESSAGE][PASSED] - pages.WriteExcel.demoKey is PASSED

2024-02-03 23:25:13 - [TEST_STEP][PASSED] - ExecuteTC = findTestData(dataFile).getValue("Execute", row): null

2024-02-03 23:25:13 - [TEST_STEP][PASSED] - Taxtype = findTestData(dataFile).getValue("TaxType", row): null

2024-02-03 23:25:13 - [TEST_STEP][PASSED] - Paymenttype = findTestData(dataFile).getValue("PaymentType", row): null

2024-02-03 23:25:13 - [TEST_STEP][PASSED] - out.println("Value of Execute is : " + ExecuteTC): null

2024-02-03 23:25:13 - [TEST_STEP][PASSED] - if (ExecuteTC.equalsIgnoreCase("Y")): null

2024-02-03 23:25:13 - [TEST_STEP][PASSED] - out.println("Begin Record Number: " + row): null

2024-02-03 23:25:13 - [TEST_STEP][PASSED] - today = new java.util.Date(): null

2024-02-03 23:25:13 - [TEST_STEP][PASSED] - println(today): null

2024-02-03 23:25:13 - [TEST_STEP][PASSED] - datText = today: null

2024-02-03 23:25:13 - [TEST_STEP][PASSED] - Taxtype = findTestData(dataFile).getValue("TaxType", row): null

2024-02-03 23:25:13 - [TEST_STEP][PASSED] - out.println("Taxtype value is : " + Taxtype): null

2024-02-03 23:25:13 - [TEST_STEP][PASSED] - openBrowser(""): Browser is opened with url: ''

2024-02-03 23:25:13 - [MESSAGE][WARNING] - A browser is already opened. Closing browser and opening a new one

2024-02-03 23:25:14 - [MESSAGE][INFO] - Starting 'Chrome' driver

2024-02-03 23:25:14 - [MESSAGE][INFO] - User set preference: ['acceptInsecureCerts', 'true']

2024-02-03 23:25:14 - [MESSAGE][INFO] - Action delay is set to 0 milliseconds

2024-02-03 23:25:20 - [MESSAGE][PASSED] - Browser is opened with url: ''

2024-02-03 23:25:20 - [TEST_STEP][PASSED] - maximizeWindow(): Current window maximized

2024-02-03 23:25:20 - [MESSAGE][PASSED] - Current window maximized

2024-02-03 23:25:20 - [TEST_STEP][PASSED] - navigateToUrl(RADurl): Navigate to 'https://qa2.velocitypayment.com/client/rad/index.html' successfully

2024-02-03 23:25:22 - [MESSAGE][PASSED] - Navigate to 'https://qa2.velocitypayment.com/client/rad/index.html' successfully

2024-02-03 23:25:22 - [TEST_STEP][PASSED] - orPath_Landing = "Object Repository/RAD_Pages/Landing_Page": null

2024-02-03 23:25:22 - [TEST_STEP][PASSED] - orPath_TaxTypeFilingYear = "Object Repository/RAD_Pages/TaxTypeFilingYear_Page": null

2024-02-03 23:25:22 - [TEST_STEP][PASSED] - orPath_TaxPayer = "Object Repository/RAD_Pages/Taxpayer_Page": null

2024-02-03 23:25:22 - [TEST_STEP][PASSED] - orPath_AddressContact = "Object Repository/RAD_Pages/AddressAndContactInfo_Page": null

2024-02-03 23:25:22 - [TEST_STEP][PASSED] - orPath_FilingStatus = "Object Repository/RAD_Pages/FilingStatus_Page": null

2024-02-03 23:25:22 - [TEST_STEP][PASSED] - orPath_Amount = "Object Repository/RAD_Pages/PaymentAmount_Page": null

2024-02-03 23:25:22 - [TEST_STEP][PASSED] - selectOptionByLabel(findTestObject(orPath_Landing + "/dd_TaxType"), Paymenttype, false): All options with label 'New Tax Return Amount Due' are selected in object 'Object Repository/RAD_Pages/Landing_Page/dd_TaxType' 

2024-02-03 23:25:23 - [MESSAGE][PASSED] - All options with label 'New Tax Return Amount Due' are selected in object 'Object Repository/RAD_Pages/Landing_Page/dd_TaxType' 

2024-02-03 23:25:23 - [TEST_STEP][PASSED] - delay(1): Delayed 1 second(s)

2024-02-03 23:25:24 - [MESSAGE][PASSED] - Delayed 1 second(s)

2024-02-03 23:25:24 - [TEST_STEP][PASSED] - switch (Paymenttype): null

2024-02-03 23:25:24 - [TEST_STEP][PASSED] - case "New Tax Return Amount Due":: null

2024-02-03 23:25:24 - [TEST_STEP][PASSED] - selectOptionByLabel(findTestObject("Object Repository/RAD_Pages/Landing_Page/select_NewTaxReturnAmountDue_TaxType"), Taxtype, false): All options with label 'Transportation Network Services' are selected in object 'Object Repository/RAD_Pages/Landing_Page/select_NewTaxReturnAmountDue_TaxType' 

2024-02-03 23:25:24 - [MESSAGE][PASSED] - All options with label 'Transportation Network Services' are selected in object 'Object Repository/RAD_Pages/Landing_Page/select_NewTaxReturnAmountDue_TaxType' 

2024-02-03 23:25:24 - [TEST_STEP][PASSED] - break: null

2024-02-03 23:25:24 - [TEST_STEP][PASSED] - delay(1): Delayed 1 second(s)

2024-02-03 23:25:25 - [MESSAGE][PASSED] - Delayed 1 second(s)

2024-02-03 23:25:25 - [TEST_STEP][PASSED] - scrollToElement(findTestObject(orPath_Amount + "/input__paymentAmount"), 3): Scroll to object 'Object Repository/RAD_Pages/PaymentAmount_Page/input__paymentAmount' successfully

2024-02-03 23:25:26 - [MESSAGE][PASSED] - Scroll to object 'Object Repository/RAD_Pages/PaymentAmount_Page/input__paymentAmount' successfully

2024-02-03 23:25:26 - [TEST_STEP][PASSED] - setText(findTestObject(orPath_AddressContact + "/input_eMailAddress"), "imtiazster@gmail.com"): Text 'imtiazster@gmail.com' is set on object 'Object Repository/RAD_Pages/AddressAndContactInfo_Page/input_eMailAddress'

2024-02-03 23:25:26 - [MESSAGE][PASSED] - Text 'imtiazster@gmail.com' is set on object 'Object Repository/RAD_Pages/AddressAndContactInfo_Page/input_eMailAddress'

2024-02-03 23:25:26 - [TEST_STEP][PASSED] - setText(findTestObject(orPath_AddressContact + "/input_reEnterEMailAddress"), "iahmed@govolution.com"): Text 'iahmed@govolution.com' is set on object 'Object Repository/RAD_Pages/AddressAndContactInfo_Page/input_reEnterEMailAddress'

2024-02-03 23:25:27 - [MESSAGE][PASSED] - Text 'iahmed@govolution.com' is set on object 'Object Repository/RAD_Pages/AddressAndContactInfo_Page/input_reEnterEMailAddress'

2024-02-03 23:25:27 - [TEST_STEP][PASSED] - delay(2): Delayed 2 second(s)

2024-02-03 23:25:29 - [MESSAGE][PASSED] - Delayed 2 second(s)

2024-02-03 23:25:29 - [TEST_STEP][PASSED] - if (verifyTextPresent("The Email and Re-enter email do not match", true)): null

2024-02-03 23:25:30 - [MESSAGE][PASSED] - Text 'The Email and Re-enter email do not match' is present on page  using regular expression

2024-02-03 23:25:30 - [TEST_STEP][PASSED] - println("Emails Dont match text is present"): null

2024-02-03 23:25:30 - [TEST_STEP][PASSED] - out.println("Pass Record Number: " + row): null

2024-02-03 23:25:30 - [TEST_STEP][PASSED] - resText = "Pass": null

2024-02-03 23:25:30 - [TEST_STEP][PASSED] - pages.WriteExcel.demoKey(resText, datText, resColumn, datCloumn, fileLoc, nameSheet, row): pages.WriteExcel.demoKey is PASSED

2024-02-03 23:25:30 - [MESSAGE][PASSED] - pages.WriteExcel.demoKey is PASSED

2024-02-03 23:25:30 - [TEST_STEP][PASSED] - ExecuteTC = findTestData(dataFile).getValue("Execute", row): null

2024-02-03 23:25:30 - [TEST_STEP][PASSED] - Taxtype = findTestData(dataFile).getValue("TaxType", row): null

2024-02-03 23:25:30 - [TEST_STEP][PASSED] - Paymenttype = findTestData(dataFile).getValue("PaymentType", row): null

2024-02-03 23:25:30 - [TEST_STEP][PASSED] - out.println("Value of Execute is : " + ExecuteTC): null

2024-02-03 23:25:30 - [TEST_STEP][PASSED] - if (ExecuteTC.equalsIgnoreCase("Y")): null

2024-02-03 23:25:30 - [TEST_STEP][PASSED] - out.println("Begin Record Number: " + row): null

2024-02-03 23:25:30 - [TEST_STEP][PASSED] - today = new java.util.Date(): null

2024-02-03 23:25:30 - [TEST_STEP][PASSED] - println(today): null

2024-02-03 23:25:30 - [TEST_STEP][PASSED] - datText = today: null

2024-02-03 23:25:30 - [TEST_STEP][PASSED] - Taxtype = findTestData(dataFile).getValue("TaxType", row): null

2024-02-03 23:25:30 - [TEST_STEP][PASSED] - out.println("Taxtype value is : " + Taxtype): null

2024-02-03 23:25:30 - [TEST_STEP][PASSED] - openBrowser(""): Browser is opened with url: ''

2024-02-03 23:25:30 - [MESSAGE][WARNING] - A browser is already opened. Closing browser and opening a new one

2024-02-03 23:25:31 - [MESSAGE][INFO] - Starting 'Chrome' driver

2024-02-03 23:25:31 - [MESSAGE][INFO] - User set preference: ['acceptInsecureCerts', 'true']

2024-02-03 23:25:31 - [MESSAGE][INFO] - Action delay is set to 0 milliseconds

2024-02-03 23:25:33 - [MESSAGE][PASSED] - Browser is opened with url: ''

2024-02-03 23:25:33 - [TEST_STEP][PASSED] - maximizeWindow(): Current window maximized

2024-02-03 23:25:33 - [MESSAGE][PASSED] - Current window maximized

2024-02-03 23:25:33 - [TEST_STEP][PASSED] - navigateToUrl(RADurl): Navigate to 'https://qa2.velocitypayment.com/client/rad/index.html' successfully

2024-02-03 23:25:35 - [MESSAGE][PASSED] - Navigate to 'https://qa2.velocitypayment.com/client/rad/index.html' successfully

2024-02-03 23:25:35 - [TEST_STEP][PASSED] - orPath_Landing = "Object Repository/RAD_Pages/Landing_Page": null

2024-02-03 23:25:35 - [TEST_STEP][PASSED] - orPath_TaxTypeFilingYear = "Object Repository/RAD_Pages/TaxTypeFilingYear_Page": null

2024-02-03 23:25:35 - [TEST_STEP][PASSED] - orPath_TaxPayer = "Object Repository/RAD_Pages/Taxpayer_Page": null

2024-02-03 23:25:35 - [TEST_STEP][PASSED] - orPath_AddressContact = "Object Repository/RAD_Pages/AddressAndContactInfo_Page": null

2024-02-03 23:25:35 - [TEST_STEP][PASSED] - orPath_FilingStatus = "Object Repository/RAD_Pages/FilingStatus_Page": null

2024-02-03 23:25:35 - [TEST_STEP][PASSED] - orPath_Amount = "Object Repository/RAD_Pages/PaymentAmount_Page": null

2024-02-03 23:25:35 - [TEST_STEP][PASSED] - selectOptionByLabel(findTestObject(orPath_Landing + "/dd_TaxType"), Paymenttype, false): All options with label 'New Tax Return Amount Due' are selected in object 'Object Repository/RAD_Pages/Landing_Page/dd_TaxType' 

2024-02-03 23:25:36 - [MESSAGE][PASSED] - All options with label 'New Tax Return Amount Due' are selected in object 'Object Repository/RAD_Pages/Landing_Page/dd_TaxType' 

2024-02-03 23:25:36 - [TEST_STEP][PASSED] - delay(1): Delayed 1 second(s)

2024-02-03 23:25:37 - [MESSAGE][PASSED] - Delayed 1 second(s)

2024-02-03 23:25:37 - [TEST_STEP][PASSED] - switch (Paymenttype): null

2024-02-03 23:25:37 - [TEST_STEP][PASSED] - case "New Tax Return Amount Due":: null

2024-02-03 23:25:37 - [TEST_STEP][PASSED] - selectOptionByLabel(findTestObject("Object Repository/RAD_Pages/Landing_Page/select_NewTaxReturnAmountDue_TaxType"), Taxtype, false): All options with label 'Unclaimed Property' are selected in object 'Object Repository/RAD_Pages/Landing_Page/select_NewTaxReturnAmountDue_TaxType' 

2024-02-03 23:25:37 - [MESSAGE][PASSED] - All options with label 'Unclaimed Property' are selected in object 'Object Repository/RAD_Pages/Landing_Page/select_NewTaxReturnAmountDue_TaxType' 

2024-02-03 23:25:37 - [TEST_STEP][PASSED] - break: null

2024-02-03 23:25:37 - [TEST_STEP][PASSED] - delay(1): Delayed 1 second(s)

2024-02-03 23:25:38 - [MESSAGE][PASSED] - Delayed 1 second(s)

2024-02-03 23:25:38 - [TEST_STEP][PASSED] - scrollToElement(findTestObject(orPath_Amount + "/input__paymentAmount"), 3): Scroll to object 'Object Repository/RAD_Pages/PaymentAmount_Page/input__paymentAmount' successfully

2024-02-03 23:25:39 - [MESSAGE][PASSED] - Scroll to object 'Object Repository/RAD_Pages/PaymentAmount_Page/input__paymentAmount' successfully

2024-02-03 23:25:39 - [TEST_STEP][PASSED] - setText(findTestObject(orPath_AddressContact + "/input_eMailAddress"), "imtiazster@gmail.com"): Text 'imtiazster@gmail.com' is set on object 'Object Repository/RAD_Pages/AddressAndContactInfo_Page/input_eMailAddress'

2024-02-03 23:25:40 - [MESSAGE][PASSED] - Text 'imtiazster@gmail.com' is set on object 'Object Repository/RAD_Pages/AddressAndContactInfo_Page/input_eMailAddress'

2024-02-03 23:25:40 - [TEST_STEP][PASSED] - setText(findTestObject(orPath_AddressContact + "/input_reEnterEMailAddress"), "iahmed@govolution.com"): Text 'iahmed@govolution.com' is set on object 'Object Repository/RAD_Pages/AddressAndContactInfo_Page/input_reEnterEMailAddress'

2024-02-03 23:25:40 - [MESSAGE][PASSED] - Text 'iahmed@govolution.com' is set on object 'Object Repository/RAD_Pages/AddressAndContactInfo_Page/input_reEnterEMailAddress'

2024-02-03 23:25:40 - [TEST_STEP][PASSED] - delay(2): Delayed 2 second(s)

2024-02-03 23:25:42 - [MESSAGE][PASSED] - Delayed 2 second(s)

2024-02-03 23:25:42 - [TEST_STEP][PASSED] - if (verifyTextPresent("The Email and Re-enter email do not match", true)): null

2024-02-03 23:25:43 - [MESSAGE][PASSED] - Text 'The Email and Re-enter email do not match' is present on page  using regular expression

2024-02-03 23:25:43 - [TEST_STEP][PASSED] - println("Emails Dont match text is present"): null

2024-02-03 23:25:43 - [TEST_STEP][PASSED] - out.println("Pass Record Number: " + row): null

2024-02-03 23:25:43 - [TEST_STEP][PASSED] - resText = "Pass": null

2024-02-03 23:25:43 - [TEST_STEP][PASSED] - pages.WriteExcel.demoKey(resText, datText, resColumn, datCloumn, fileLoc, nameSheet, row): pages.WriteExcel.demoKey is PASSED

2024-02-03 23:25:43 - [MESSAGE][PASSED] - pages.WriteExcel.demoKey is PASSED

2024-02-03 23:25:43 - [TEST_STEP][PASSED] - ExecuteTC = findTestData(dataFile).getValue("Execute", row): null

2024-02-03 23:25:43 - [TEST_STEP][PASSED] - Taxtype = findTestData(dataFile).getValue("TaxType", row): null

2024-02-03 23:25:43 - [TEST_STEP][PASSED] - Paymenttype = findTestData(dataFile).getValue("PaymentType", row): null

2024-02-03 23:25:43 - [TEST_STEP][PASSED] - out.println("Value of Execute is : " + ExecuteTC): null

2024-02-03 23:25:43 - [TEST_STEP][PASSED] - if (ExecuteTC.equalsIgnoreCase("Y")): null

2024-02-03 23:25:43 - [TEST_STEP][PASSED] - out.println("Begin Record Number: " + row): null

2024-02-03 23:25:43 - [TEST_STEP][PASSED] - today = new java.util.Date(): null

2024-02-03 23:25:43 - [TEST_STEP][PASSED] - println(today): null

2024-02-03 23:25:43 - [TEST_STEP][PASSED] - datText = today: null

2024-02-03 23:25:43 - [TEST_STEP][PASSED] - Taxtype = findTestData(dataFile).getValue("TaxType", row): null

2024-02-03 23:25:43 - [TEST_STEP][PASSED] - out.println("Taxtype value is : " + Taxtype): null

2024-02-03 23:25:43 - [TEST_STEP][PASSED] - openBrowser(""): Browser is opened with url: ''

2024-02-03 23:25:43 - [MESSAGE][WARNING] - A browser is already opened. Closing browser and opening a new one

2024-02-03 23:25:44 - [MESSAGE][INFO] - Starting 'Chrome' driver

2024-02-03 23:25:44 - [MESSAGE][INFO] - User set preference: ['acceptInsecureCerts', 'true']

2024-02-03 23:25:44 - [MESSAGE][INFO] - Action delay is set to 0 milliseconds

2024-02-03 23:25:46 - [MESSAGE][PASSED] - Browser is opened with url: ''

2024-02-03 23:25:46 - [TEST_STEP][PASSED] - maximizeWindow(): Current window maximized

2024-02-03 23:25:46 - [MESSAGE][PASSED] - Current window maximized

2024-02-03 23:25:46 - [TEST_STEP][PASSED] - navigateToUrl(RADurl): Navigate to 'https://qa2.velocitypayment.com/client/rad/index.html' successfully

2024-02-03 23:25:46 - [MESSAGE][PASSED] - Navigate to 'https://qa2.velocitypayment.com/client/rad/index.html' successfully

2024-02-03 23:25:46 - [TEST_STEP][PASSED] - orPath_Landing = "Object Repository/RAD_Pages/Landing_Page": null

2024-02-03 23:25:46 - [TEST_STEP][PASSED] - orPath_TaxTypeFilingYear = "Object Repository/RAD_Pages/TaxTypeFilingYear_Page": null

2024-02-03 23:25:46 - [TEST_STEP][PASSED] - orPath_TaxPayer = "Object Repository/RAD_Pages/Taxpayer_Page": null

2024-02-03 23:25:46 - [TEST_STEP][PASSED] - orPath_AddressContact = "Object Repository/RAD_Pages/AddressAndContactInfo_Page": null

2024-02-03 23:25:46 - [TEST_STEP][PASSED] - orPath_FilingStatus = "Object Repository/RAD_Pages/FilingStatus_Page": null

2024-02-03 23:25:46 - [TEST_STEP][PASSED] - orPath_Amount = "Object Repository/RAD_Pages/PaymentAmount_Page": null

2024-02-03 23:25:46 - [TEST_STEP][PASSED] - selectOptionByLabel(findTestObject(orPath_Landing + "/dd_TaxType"), Paymenttype, false): All options with label 'New Tax Return Amount Due' are selected in object 'Object Repository/RAD_Pages/Landing_Page/dd_TaxType' 

2024-02-03 23:25:49 - [MESSAGE][PASSED] - All options with label 'New Tax Return Amount Due' are selected in object 'Object Repository/RAD_Pages/Landing_Page/dd_TaxType' 

2024-02-03 23:25:49 - [TEST_STEP][PASSED] - delay(1): Delayed 1 second(s)

2024-02-03 23:25:50 - [MESSAGE][PASSED] - Delayed 1 second(s)

2024-02-03 23:25:50 - [TEST_STEP][PASSED] - switch (Paymenttype): null

2024-02-03 23:25:50 - [TEST_STEP][PASSED] - case "New Tax Return Amount Due":: null

2024-02-03 23:25:50 - [TEST_STEP][PASSED] - selectOptionByLabel(findTestObject("Object Repository/RAD_Pages/Landing_Page/select_NewTaxReturnAmountDue_TaxType"), Taxtype, false): All options with label 'Withholding Tax' are selected in object 'Object Repository/RAD_Pages/Landing_Page/select_NewTaxReturnAmountDue_TaxType' 

2024-02-03 23:25:50 - [MESSAGE][PASSED] - All options with label 'Withholding Tax' are selected in object 'Object Repository/RAD_Pages/Landing_Page/select_NewTaxReturnAmountDue_TaxType' 

2024-02-03 23:25:50 - [TEST_STEP][PASSED] - break: null

2024-02-03 23:25:50 - [TEST_STEP][PASSED] - delay(1): Delayed 1 second(s)

2024-02-03 23:25:51 - [MESSAGE][PASSED] - Delayed 1 second(s)

2024-02-03 23:25:51 - [TEST_STEP][PASSED] - scrollToElement(findTestObject(orPath_Amount + "/input__paymentAmount"), 3): Scroll to object 'Object Repository/RAD_Pages/PaymentAmount_Page/input__paymentAmount' successfully

2024-02-03 23:25:52 - [MESSAGE][PASSED] - Scroll to object 'Object Repository/RAD_Pages/PaymentAmount_Page/input__paymentAmount' successfully

2024-02-03 23:25:52 - [TEST_STEP][PASSED] - setText(findTestObject(orPath_AddressContact + "/input_eMailAddress"), "imtiazster@gmail.com"): Text 'imtiazster@gmail.com' is set on object 'Object Repository/RAD_Pages/AddressAndContactInfo_Page/input_eMailAddress'

2024-02-03 23:25:52 - [MESSAGE][PASSED] - Text 'imtiazster@gmail.com' is set on object 'Object Repository/RAD_Pages/AddressAndContactInfo_Page/input_eMailAddress'

2024-02-03 23:25:52 - [TEST_STEP][PASSED] - setText(findTestObject(orPath_AddressContact + "/input_reEnterEMailAddress"), "iahmed@govolution.com"): Text 'iahmed@govolution.com' is set on object 'Object Repository/RAD_Pages/AddressAndContactInfo_Page/input_reEnterEMailAddress'

2024-02-03 23:25:53 - [MESSAGE][PASSED] - Text 'iahmed@govolution.com' is set on object 'Object Repository/RAD_Pages/AddressAndContactInfo_Page/input_reEnterEMailAddress'

2024-02-03 23:25:53 - [TEST_STEP][PASSED] - delay(2): Delayed 2 second(s)

2024-02-03 23:25:55 - [MESSAGE][PASSED] - Delayed 2 second(s)

2024-02-03 23:25:55 - [TEST_STEP][PASSED] - if (verifyTextPresent("The Email and Re-enter email do not match", true)): null

2024-02-03 23:25:56 - [MESSAGE][PASSED] - Text 'The Email and Re-enter email do not match' is present on page  using regular expression

2024-02-03 23:25:56 - [TEST_STEP][PASSED] - println("Emails Dont match text is present"): null

2024-02-03 23:25:56 - [TEST_STEP][PASSED] - out.println("Pass Record Number: " + row): null

2024-02-03 23:25:56 - [TEST_STEP][PASSED] - resText = "Pass": null

2024-02-03 23:25:56 - [TEST_STEP][PASSED] - pages.WriteExcel.demoKey(resText, datText, resColumn, datCloumn, fileLoc, nameSheet, row): pages.WriteExcel.demoKey is PASSED

2024-02-03 23:25:56 - [MESSAGE][PASSED] - pages.WriteExcel.demoKey is PASSED]]></system-out>
         <system-err><![CDATA[]]></system-err>
      </testcase>
      <testcase name="Test Cases/RAD_TestCases/Negative_TestCases/TaxPayerSSNNoMatch" time="68.677" classname="Test Cases/RAD_TestCases/Negative_TestCases/TaxPayerSSNNoMatch" status="PASSED">
         <system-out><![CDATA[2024-02-03 23:25:56 - [TEST_CASE][PASSED] - Test Cases/RAD_TestCases/Negative_TestCases/TaxPayerSSNNoMatch: Test Cases/RAD_TestCases/Negative_TestCases/TaxPayerSSNNoMatch

2024-02-03 23:25:56 - [TEST_STEP][PASSED] - resText = "Fail": null

2024-02-03 23:25:56 - [TEST_STEP][PASSED] - resColumn = "Result": null

2024-02-03 23:25:56 - [TEST_STEP][PASSED] - datCloumn = "Date": null

2024-02-03 23:25:56 - [TEST_STEP][PASSED] - fileLoc = "KatalonData/RADTestData/TaxPayerSSNNoMatch.xlsx": null

2024-02-03 23:25:56 - [TEST_STEP][PASSED] - nameSheet = "Sheet1": null

2024-02-03 23:25:56 - [TEST_STEP][PASSED] - dataFile = "RADTestData/TaxPayerSSNNoMatch": null

2024-02-03 23:25:56 - [TEST_STEP][PASSED] - ExecuteTC = <not implemented yet for class: org.codehaus.groovy.ast.expr.EmptyExpression>: null

2024-02-03 23:25:56 - [TEST_STEP][PASSED] - Taxtype = <not implemented yet for class: org.codehaus.groovy.ast.expr.EmptyExpression>: null

2024-02-03 23:25:56 - [TEST_STEP][PASSED] - numOfRows = findTestData(dataFile).getRowNumbers(): null

2024-02-03 23:25:56 - [TEST_STEP][PASSED] - println("Number of Records: " + numOfRows): null

2024-02-03 23:25:56 - [TEST_STEP][PASSED] - for ([row = 1, row <= numOfRows, (row++)]): null

2024-02-03 23:25:56 - [TEST_STEP][PASSED] - ExecuteTC = findTestData(dataFile).getValue("Execute", row): null

2024-02-03 23:25:56 - [TEST_STEP][PASSED] - Taxtype = findTestData(dataFile).getValue("TaxType", row): null

2024-02-03 23:25:57 - [TEST_STEP][PASSED] - Paymenttype = findTestData(dataFile).getValue("PaymentType", row): null

2024-02-03 23:25:57 - [TEST_STEP][PASSED] - out.println("Value of Execute is : " + ExecuteTC): null

2024-02-03 23:25:57 - [TEST_STEP][PASSED] - if (ExecuteTC.equalsIgnoreCase("Y")): null

2024-02-03 23:25:57 - [TEST_STEP][PASSED] - out.println("Begin Record Number: " + row): null

2024-02-03 23:25:57 - [TEST_STEP][PASSED] - today = new java.util.Date(): null

2024-02-03 23:25:57 - [TEST_STEP][PASSED] - println(today): null

2024-02-03 23:25:57 - [TEST_STEP][PASSED] - datText = today: null

2024-02-03 23:25:57 - [TEST_STEP][PASSED] - Taxtype = findTestData(dataFile).getValue("TaxType", row): null

2024-02-03 23:25:57 - [TEST_STEP][PASSED] - out.println("Taxtype value is : " + Taxtype): null

2024-02-03 23:25:57 - [TEST_STEP][PASSED] - openBrowser(""): Browser is opened with url: ''

2024-02-03 23:25:57 - [MESSAGE][WARNING] - A browser is already opened. Closing browser and opening a new one

2024-02-03 23:25:58 - [MESSAGE][INFO] - Starting 'Chrome' driver

2024-02-03 23:25:58 - [MESSAGE][INFO] - User set preference: ['acceptInsecureCerts', 'true']

2024-02-03 23:25:58 - [MESSAGE][INFO] - Action delay is set to 0 milliseconds

2024-02-03 23:26:00 - [MESSAGE][PASSED] - Browser is opened with url: ''

2024-02-03 23:26:00 - [TEST_STEP][PASSED] - maximizeWindow(): Current window maximized

2024-02-03 23:26:00 - [MESSAGE][PASSED] - Current window maximized

2024-02-03 23:26:00 - [TEST_STEP][PASSED] - navigateToUrl(RADurl): Navigate to 'https://qa2.velocitypayment.com/client/rad/index.html' successfully

2024-02-03 23:26:01 - [MESSAGE][PASSED] - Navigate to 'https://qa2.velocitypayment.com/client/rad/index.html' successfully

2024-02-03 23:26:01 - [TEST_STEP][PASSED] - orPath_Landing = "Object Repository/RAD_Pages/Landing_Page": null

2024-02-03 23:26:01 - [TEST_STEP][PASSED] - orPath_TaxTypeFilingYear = "Object Repository/RAD_Pages/TaxTypeFilingYear_Page": null

2024-02-03 23:26:01 - [TEST_STEP][PASSED] - orPath_TaxPayer = "Object Repository/RAD_Pages/Taxpayer_Page": null

2024-02-03 23:26:01 - [TEST_STEP][PASSED] - orPath_AddressContact = "Object Repository/RAD_Pages/AddressAndContactInfo_Page": null

2024-02-03 23:26:01 - [TEST_STEP][PASSED] - orPath_FilingStatus = "Object Repository/RAD_Pages/FilingStatus_Page": null

2024-02-03 23:26:01 - [TEST_STEP][PASSED] - orPath_Amount = "Object Repository/RAD_Pages/PaymentAmount_Page": null

2024-02-03 23:26:01 - [TEST_STEP][PASSED] - orPath_TaxInfo = "Object Repository/RAD_Pages/TaxInfo_Page": null

2024-02-03 23:26:01 - [TEST_STEP][PASSED] - selectOptionByLabel(findTestObject(orPath_Landing + "/dd_TaxType"), Paymenttype, false): All options with label 'Existing Liability w/Notice Number' are selected in object 'Object Repository/RAD_Pages/Landing_Page/dd_TaxType' 

2024-02-03 23:26:02 - [MESSAGE][PASSED] - All options with label 'Existing Liability w/Notice Number' are selected in object 'Object Repository/RAD_Pages/Landing_Page/dd_TaxType' 

2024-02-03 23:26:02 - [TEST_STEP][PASSED] - delay(1): Delayed 1 second(s)

2024-02-03 23:26:03 - [MESSAGE][PASSED] - Delayed 1 second(s)

2024-02-03 23:26:03 - [TEST_STEP][PASSED] - switch (Paymenttype): null

2024-02-03 23:26:03 - [TEST_STEP][PASSED] - case "Existing Liability w/Notice Number":: null

2024-02-03 23:26:03 - [TEST_STEP][PASSED] - selectOptionByLabel(findTestObject(orPath_TaxTypeFilingYear + "/select_TaxType_ExistingLiability"), Taxtype, false): All options with label 'Personal Income Tax' are selected in object 'Object Repository/RAD_Pages/TaxTypeFilingYear_Page/select_TaxType_ExistingLiability' 

2024-02-03 23:26:04 - [MESSAGE][PASSED] - All options with label 'Personal Income Tax' are selected in object 'Object Repository/RAD_Pages/TaxTypeFilingYear_Page/select_TaxType_ExistingLiability' 

2024-02-03 23:26:04 - [TEST_STEP][PASSED] - break: null

2024-02-03 23:26:04 - [TEST_STEP][PASSED] - delay(1): Delayed 1 second(s)

2024-02-03 23:26:05 - [MESSAGE][PASSED] - Delayed 1 second(s)

2024-02-03 23:26:05 - [TEST_STEP][PASSED] - scrollToElement(findTestObject(orPath_TaxPayer + "/input_firstName"), 3): Scroll to object 'Object Repository/RAD_Pages/Taxpayer_Page/input_firstName' successfully

2024-02-03 23:26:05 - [MESSAGE][PASSED] - Scroll to object 'Object Repository/RAD_Pages/Taxpayer_Page/input_firstName' successfully

2024-02-03 23:26:05 - [TEST_STEP][PASSED] - switch (Paymenttype): null

2024-02-03 23:26:05 - [TEST_STEP][PASSED] - case "Existing Liability w/Notice Number":: null

2024-02-03 23:26:05 - [TEST_STEP][PASSED] - if (Taxtype.equalsIgnoreCase("Estate Tax")): null

2024-02-03 23:26:05 - [TEST_STEP][PASSED] - else: Text 'Anderson' is set on object 'Object Repository/RAD_Pages/Taxpayer_Page/input_lastName'

2024-02-03 23:26:05 - [TEST_STEP][PASSED] - setText(findTestObject(orPath_TaxInfo + "/input_Existing_SSN"), "111111111"): Text '111111111' is set on object 'Object Repository/RAD_Pages/TaxInfo_Page/input_Existing_SSN'

2024-02-03 23:26:06 - [MESSAGE][PASSED] - Text '111111111' is set on object 'Object Repository/RAD_Pages/TaxInfo_Page/input_Existing_SSN'

2024-02-03 23:26:06 - [TEST_STEP][PASSED] - setText(findTestObject(orPath_TaxInfo + "/input_Existing_RetypeSSN"), "222222222"): Text '222222222' is set on object 'Object Repository/RAD_Pages/TaxInfo_Page/input_Existing_RetypeSSN'

2024-02-03 23:26:06 - [MESSAGE][PASSED] - Text '222222222' is set on object 'Object Repository/RAD_Pages/TaxInfo_Page/input_Existing_RetypeSSN'

2024-02-03 23:26:06 - [TEST_STEP][PASSED] - setText(findTestObject(orPath_TaxPayer + "/input_lastName"), "Anderson"): Text 'Anderson' is set on object 'Object Repository/RAD_Pages/Taxpayer_Page/input_lastName'

2024-02-03 23:26:07 - [MESSAGE][PASSED] - Text 'Anderson' is set on object 'Object Repository/RAD_Pages/Taxpayer_Page/input_lastName'

2024-02-03 23:26:07 - [TEST_STEP][PASSED] - break: null

2024-02-03 23:26:07 - [TEST_STEP][PASSED] - delay(2): Delayed 2 second(s)

2024-02-03 23:26:09 - [MESSAGE][PASSED] - Delayed 2 second(s)

2024-02-03 23:26:09 - [TEST_STEP][PASSED] - switch (Taxtype): null

2024-02-03 23:26:09 - [TEST_STEP][PASSED] - Default: null

2024-02-03 23:26:09 - [TEST_STEP][PASSED] - if (verifyTextPresent("The SSN and Re-type SSN do not match", true)): null

2024-02-03 23:26:10 - [MESSAGE][PASSED] - Text 'The SSN and Re-type SSN do not match' is present on page  using regular expression

2024-02-03 23:26:10 - [TEST_STEP][PASSED] - println("Taxpayer SSN Dont match text is present"): null

2024-02-03 23:26:10 - [TEST_STEP][PASSED] - out.println("Pass Record Number: " + row): null

2024-02-03 23:26:10 - [TEST_STEP][PASSED] - resText = "Pass": null

2024-02-03 23:26:10 - [TEST_STEP][PASSED] - pages.WriteExcel.demoKey(resText, datText, resColumn, datCloumn, fileLoc, nameSheet, row): pages.WriteExcel.demoKey is PASSED

2024-02-03 23:26:10 - [MESSAGE][PASSED] - pages.WriteExcel.demoKey is PASSED

2024-02-03 23:26:10 - [TEST_STEP][PASSED] - break: null

2024-02-03 23:26:10 - [TEST_STEP][PASSED] - ExecuteTC = findTestData(dataFile).getValue("Execute", row): null

2024-02-03 23:26:10 - [TEST_STEP][PASSED] - Taxtype = findTestData(dataFile).getValue("TaxType", row): null

2024-02-03 23:26:10 - [TEST_STEP][PASSED] - Paymenttype = findTestData(dataFile).getValue("PaymentType", row): null

2024-02-03 23:26:10 - [TEST_STEP][PASSED] - out.println("Value of Execute is : " + ExecuteTC): null

2024-02-03 23:26:10 - [TEST_STEP][PASSED] - if (ExecuteTC.equalsIgnoreCase("Y")): null

2024-02-03 23:26:10 - [TEST_STEP][PASSED] - out.println("Begin Record Number: " + row): null

2024-02-03 23:26:10 - [TEST_STEP][PASSED] - today = new java.util.Date(): null

2024-02-03 23:26:10 - [TEST_STEP][PASSED] - println(today): null

2024-02-03 23:26:10 - [TEST_STEP][PASSED] - datText = today: null

2024-02-03 23:26:10 - [TEST_STEP][PASSED] - Taxtype = findTestData(dataFile).getValue("TaxType", row): null

2024-02-03 23:26:10 - [TEST_STEP][PASSED] - out.println("Taxtype value is : " + Taxtype): null

2024-02-03 23:26:10 - [TEST_STEP][PASSED] - openBrowser(""): Browser is opened with url: ''

2024-02-03 23:26:10 - [MESSAGE][WARNING] - A browser is already opened. Closing browser and opening a new one

2024-02-03 23:26:11 - [MESSAGE][INFO] - Starting 'Chrome' driver

2024-02-03 23:26:11 - [MESSAGE][INFO] - User set preference: ['acceptInsecureCerts', 'true']

2024-02-03 23:26:11 - [MESSAGE][INFO] - Action delay is set to 0 milliseconds

2024-02-03 23:26:13 - [MESSAGE][PASSED] - Browser is opened with url: ''

2024-02-03 23:26:13 - [TEST_STEP][PASSED] - maximizeWindow(): Current window maximized

2024-02-03 23:26:13 - [MESSAGE][PASSED] - Current window maximized

2024-02-03 23:26:13 - [TEST_STEP][PASSED] - navigateToUrl(RADurl): Navigate to 'https://qa2.velocitypayment.com/client/rad/index.html' successfully

2024-02-03 23:26:13 - [MESSAGE][PASSED] - Navigate to 'https://qa2.velocitypayment.com/client/rad/index.html' successfully

2024-02-03 23:26:13 - [TEST_STEP][PASSED] - orPath_Landing = "Object Repository/RAD_Pages/Landing_Page": null

2024-02-03 23:26:13 - [TEST_STEP][PASSED] - orPath_TaxTypeFilingYear = "Object Repository/RAD_Pages/TaxTypeFilingYear_Page": null

2024-02-03 23:26:13 - [TEST_STEP][PASSED] - orPath_TaxPayer = "Object Repository/RAD_Pages/Taxpayer_Page": null

2024-02-03 23:26:13 - [TEST_STEP][PASSED] - orPath_AddressContact = "Object Repository/RAD_Pages/AddressAndContactInfo_Page": null

2024-02-03 23:26:13 - [TEST_STEP][PASSED] - orPath_FilingStatus = "Object Repository/RAD_Pages/FilingStatus_Page": null

2024-02-03 23:26:13 - [TEST_STEP][PASSED] - orPath_Amount = "Object Repository/RAD_Pages/PaymentAmount_Page": null

2024-02-03 23:26:13 - [TEST_STEP][PASSED] - orPath_TaxInfo = "Object Repository/RAD_Pages/TaxInfo_Page": null

2024-02-03 23:26:13 - [TEST_STEP][PASSED] - selectOptionByLabel(findTestObject(orPath_Landing + "/dd_TaxType"), Paymenttype, false): All options with label 'Quarterly Estimated Tax' are selected in object 'Object Repository/RAD_Pages/Landing_Page/dd_TaxType' 

2024-02-03 23:26:16 - [MESSAGE][PASSED] - All options with label 'Quarterly Estimated Tax' are selected in object 'Object Repository/RAD_Pages/Landing_Page/dd_TaxType' 

2024-02-03 23:26:16 - [TEST_STEP][PASSED] - delay(1): Delayed 1 second(s)

2024-02-03 23:26:17 - [MESSAGE][PASSED] - Delayed 1 second(s)

2024-02-03 23:26:17 - [TEST_STEP][PASSED] - switch (Paymenttype): null

2024-02-03 23:26:17 - [TEST_STEP][PASSED] - case "Quarterly Estimated Tax":: null

2024-02-03 23:26:17 - [TEST_STEP][PASSED] - selectOptionByLabel(findTestObject(orPath_TaxTypeFilingYear + "/select_PaymentType"), Taxtype, false): All options with label 'Personal Income Tax' are selected in object 'Object Repository/RAD_Pages/TaxTypeFilingYear_Page/select_PaymentType' 

2024-02-03 23:26:17 - [MESSAGE][PASSED] - All options with label 'Personal Income Tax' are selected in object 'Object Repository/RAD_Pages/TaxTypeFilingYear_Page/select_PaymentType' 

2024-02-03 23:26:17 - [TEST_STEP][PASSED] - break: null

2024-02-03 23:26:17 - [TEST_STEP][PASSED] - delay(1): Delayed 1 second(s)

2024-02-03 23:26:18 - [MESSAGE][PASSED] - Delayed 1 second(s)

2024-02-03 23:26:18 - [TEST_STEP][PASSED] - scrollToElement(findTestObject(orPath_TaxPayer + "/input_firstName"), 3): Scroll to object 'Object Repository/RAD_Pages/Taxpayer_Page/input_firstName' successfully

2024-02-03 23:26:19 - [MESSAGE][PASSED] - Scroll to object 'Object Repository/RAD_Pages/Taxpayer_Page/input_firstName' successfully

2024-02-03 23:26:19 - [TEST_STEP][PASSED] - switch (Paymenttype): null

2024-02-03 23:26:19 - [TEST_STEP][PASSED] - case "Quarterly Estimated Tax":: null

2024-02-03 23:26:19 - [TEST_STEP][PASSED] - setText(findTestObject("RAD_RecordAndPlay/input_concatSSN"), "111111111"): Text '111111111' is set on object 'Object Repository/RAD_RecordAndPlay/input_concatSSN'

2024-02-03 23:26:19 - [MESSAGE][PASSED] - Text '111111111' is set on object 'Object Repository/RAD_RecordAndPlay/input_concatSSN'

2024-02-03 23:26:19 - [TEST_STEP][PASSED] - setText(findTestObject("RAD_RecordAndPlay/input_concatReSSN"), "222222222"): Text '222222222' is set on object 'Object Repository/RAD_RecordAndPlay/input_concatReSSN'

2024-02-03 23:26:20 - [MESSAGE][PASSED] - Text '222222222' is set on object 'Object Repository/RAD_RecordAndPlay/input_concatReSSN'

2024-02-03 23:26:20 - [TEST_STEP][PASSED] - setText(findTestObject(orPath_TaxPayer + "/input_lastName"), "Anderson"): Text 'Anderson' is set on object 'Object Repository/RAD_Pages/Taxpayer_Page/input_lastName'

2024-02-03 23:26:21 - [MESSAGE][PASSED] - Text 'Anderson' is set on object 'Object Repository/RAD_Pages/Taxpayer_Page/input_lastName'

2024-02-03 23:26:21 - [TEST_STEP][PASSED] - break: null

2024-02-03 23:26:21 - [TEST_STEP][PASSED] - delay(2): Delayed 2 second(s)

2024-02-03 23:26:23 - [MESSAGE][PASSED] - Delayed 2 second(s)

2024-02-03 23:26:23 - [TEST_STEP][PASSED] - switch (Taxtype): null

2024-02-03 23:26:23 - [TEST_STEP][PASSED] - Default: null

2024-02-03 23:26:23 - [TEST_STEP][PASSED] - if (verifyTextPresent("The SSN and Re-type SSN do not match", true)): null

2024-02-03 23:26:23 - [MESSAGE][PASSED] - Text 'The SSN and Re-type SSN do not match' is present on page  using regular expression

2024-02-03 23:26:23 - [TEST_STEP][PASSED] - println("Taxpayer SSN Dont match text is present"): null

2024-02-03 23:26:23 - [TEST_STEP][PASSED] - out.println("Pass Record Number: " + row): null

2024-02-03 23:26:23 - [TEST_STEP][PASSED] - resText = "Pass": null

2024-02-03 23:26:23 - [TEST_STEP][PASSED] - pages.WriteExcel.demoKey(resText, datText, resColumn, datCloumn, fileLoc, nameSheet, row): pages.WriteExcel.demoKey is PASSED

2024-02-03 23:26:23 - [MESSAGE][PASSED] - pages.WriteExcel.demoKey is PASSED

2024-02-03 23:26:23 - [TEST_STEP][PASSED] - break: null

2024-02-03 23:26:23 - [TEST_STEP][PASSED] - ExecuteTC = findTestData(dataFile).getValue("Execute", row): null

2024-02-03 23:26:23 - [TEST_STEP][PASSED] - Taxtype = findTestData(dataFile).getValue("TaxType", row): null

2024-02-03 23:26:23 - [TEST_STEP][PASSED] - Paymenttype = findTestData(dataFile).getValue("PaymentType", row): null

2024-02-03 23:26:24 - [TEST_STEP][PASSED] - out.println("Value of Execute is : " + ExecuteTC): null

2024-02-03 23:26:24 - [TEST_STEP][PASSED] - if (ExecuteTC.equalsIgnoreCase("Y")): null

2024-02-03 23:26:24 - [TEST_STEP][PASSED] - ExecuteTC = findTestData(dataFile).getValue("Execute", row): null

2024-02-03 23:26:24 - [TEST_STEP][PASSED] - Taxtype = findTestData(dataFile).getValue("TaxType", row): null

2024-02-03 23:26:24 - [TEST_STEP][PASSED] - Paymenttype = findTestData(dataFile).getValue("PaymentType", row): null

2024-02-03 23:26:24 - [TEST_STEP][PASSED] - out.println("Value of Execute is : " + ExecuteTC): null

2024-02-03 23:26:24 - [TEST_STEP][PASSED] - if (ExecuteTC.equalsIgnoreCase("Y")): null

2024-02-03 23:26:24 - [TEST_STEP][PASSED] - out.println("Begin Record Number: " + row): null

2024-02-03 23:26:24 - [TEST_STEP][PASSED] - today = new java.util.Date(): null

2024-02-03 23:26:24 - [TEST_STEP][PASSED] - println(today): null

2024-02-03 23:26:24 - [TEST_STEP][PASSED] - datText = today: null

2024-02-03 23:26:24 - [TEST_STEP][PASSED] - Taxtype = findTestData(dataFile).getValue("TaxType", row): null

2024-02-03 23:26:24 - [TEST_STEP][PASSED] - out.println("Taxtype value is : " + Taxtype): null

2024-02-03 23:26:24 - [TEST_STEP][PASSED] - openBrowser(""): Browser is opened with url: ''

2024-02-03 23:26:24 - [MESSAGE][WARNING] - A browser is already opened. Closing browser and opening a new one

2024-02-03 23:26:25 - [MESSAGE][INFO] - Starting 'Chrome' driver

2024-02-03 23:26:25 - [MESSAGE][INFO] - User set preference: ['acceptInsecureCerts', 'true']

2024-02-03 23:26:25 - [MESSAGE][INFO] - Action delay is set to 0 milliseconds

2024-02-03 23:26:27 - [MESSAGE][PASSED] - Browser is opened with url: ''

2024-02-03 23:26:27 - [TEST_STEP][PASSED] - maximizeWindow(): Current window maximized

2024-02-03 23:26:27 - [MESSAGE][PASSED] - Current window maximized

2024-02-03 23:26:27 - [TEST_STEP][PASSED] - navigateToUrl(RADurl): Navigate to 'https://qa2.velocitypayment.com/client/rad/index.html' successfully

2024-02-03 23:26:29 - [MESSAGE][PASSED] - Navigate to 'https://qa2.velocitypayment.com/client/rad/index.html' successfully

2024-02-03 23:26:29 - [TEST_STEP][PASSED] - orPath_Landing = "Object Repository/RAD_Pages/Landing_Page": null

2024-02-03 23:26:29 - [TEST_STEP][PASSED] - orPath_TaxTypeFilingYear = "Object Repository/RAD_Pages/TaxTypeFilingYear_Page": null

2024-02-03 23:26:29 - [TEST_STEP][PASSED] - orPath_TaxPayer = "Object Repository/RAD_Pages/Taxpayer_Page": null

2024-02-03 23:26:29 - [TEST_STEP][PASSED] - orPath_AddressContact = "Object Repository/RAD_Pages/AddressAndContactInfo_Page": null

2024-02-03 23:26:29 - [TEST_STEP][PASSED] - orPath_FilingStatus = "Object Repository/RAD_Pages/FilingStatus_Page": null

2024-02-03 23:26:29 - [TEST_STEP][PASSED] - orPath_Amount = "Object Repository/RAD_Pages/PaymentAmount_Page": null

2024-02-03 23:26:29 - [TEST_STEP][PASSED] - orPath_TaxInfo = "Object Repository/RAD_Pages/TaxInfo_Page": null

2024-02-03 23:26:29 - [TEST_STEP][PASSED] - selectOptionByLabel(findTestObject(orPath_Landing + "/dd_TaxType"), Paymenttype, false): All options with label 'New Tax Return Amount Due' are selected in object 'Object Repository/RAD_Pages/Landing_Page/dd_TaxType' 

2024-02-03 23:26:29 - [MESSAGE][PASSED] - All options with label 'New Tax Return Amount Due' are selected in object 'Object Repository/RAD_Pages/Landing_Page/dd_TaxType' 

2024-02-03 23:26:29 - [TEST_STEP][PASSED] - delay(1): Delayed 1 second(s)

2024-02-03 23:26:30 - [MESSAGE][PASSED] - Delayed 1 second(s)

2024-02-03 23:26:30 - [TEST_STEP][PASSED] - switch (Paymenttype): null

2024-02-03 23:26:30 - [TEST_STEP][PASSED] - case "New Tax Return Amount Due":: null

2024-02-03 23:26:30 - [TEST_STEP][PASSED] - selectOptionByLabel(findTestObject("Object Repository/RAD_Pages/Landing_Page/select_NewTaxReturnAmountDue_TaxType"), Taxtype, false): All options with label 'Personal Income Tax' are selected in object 'Object Repository/RAD_Pages/Landing_Page/select_NewTaxReturnAmountDue_TaxType' 

2024-02-03 23:26:31 - [MESSAGE][PASSED] - All options with label 'Personal Income Tax' are selected in object 'Object Repository/RAD_Pages/Landing_Page/select_NewTaxReturnAmountDue_TaxType' 

2024-02-03 23:26:31 - [TEST_STEP][PASSED] - break: null

2024-02-03 23:26:31 - [TEST_STEP][PASSED] - delay(1): Delayed 1 second(s)

2024-02-03 23:26:32 - [MESSAGE][PASSED] - Delayed 1 second(s)

2024-02-03 23:26:32 - [TEST_STEP][PASSED] - scrollToElement(findTestObject(orPath_TaxPayer + "/input_firstName"), 3): Scroll to object 'Object Repository/RAD_Pages/Taxpayer_Page/input_firstName' successfully

2024-02-03 23:26:32 - [MESSAGE][PASSED] - Scroll to object 'Object Repository/RAD_Pages/Taxpayer_Page/input_firstName' successfully

2024-02-03 23:26:32 - [TEST_STEP][PASSED] - switch (Paymenttype): null

2024-02-03 23:26:32 - [TEST_STEP][PASSED] - case "New Tax Return Amount Due":: null

2024-02-03 23:26:32 - [TEST_STEP][PASSED] - if (Taxtype.equalsIgnoreCase("Estate Tax")): null

2024-02-03 23:26:32 - [TEST_STEP][PASSED] - else: Text 'Anderson' is set on object 'Object Repository/RAD_Pages/Taxpayer_Page/input_lastName'

2024-02-03 23:26:32 - [TEST_STEP][PASSED] - setText(findTestObject("RAD_RecordAndPlay/input_concatSSN"), "111111111"): Text '111111111' is set on object 'Object Repository/RAD_RecordAndPlay/input_concatSSN'

2024-02-03 23:26:33 - [MESSAGE][PASSED] - Text '111111111' is set on object 'Object Repository/RAD_RecordAndPlay/input_concatSSN'

2024-02-03 23:26:33 - [TEST_STEP][PASSED] - setText(findTestObject("RAD_RecordAndPlay/input_concatReSSN"), "222222222"): Text '222222222' is set on object 'Object Repository/RAD_RecordAndPlay/input_concatReSSN'

2024-02-03 23:26:33 - [MESSAGE][PASSED] - Text '222222222' is set on object 'Object Repository/RAD_RecordAndPlay/input_concatReSSN'

2024-02-03 23:26:33 - [TEST_STEP][PASSED] - setText(findTestObject(orPath_TaxPayer + "/input_lastName"), "Anderson"): Text 'Anderson' is set on object 'Object Repository/RAD_Pages/Taxpayer_Page/input_lastName'

2024-02-03 23:26:34 - [MESSAGE][PASSED] - Text 'Anderson' is set on object 'Object Repository/RAD_Pages/Taxpayer_Page/input_lastName'

2024-02-03 23:26:34 - [TEST_STEP][PASSED] - break: null

2024-02-03 23:26:34 - [TEST_STEP][PASSED] - delay(2): Delayed 2 second(s)

2024-02-03 23:26:36 - [MESSAGE][PASSED] - Delayed 2 second(s)

2024-02-03 23:26:36 - [TEST_STEP][PASSED] - switch (Taxtype): null

2024-02-03 23:26:36 - [TEST_STEP][PASSED] - Default: null

2024-02-03 23:26:36 - [TEST_STEP][PASSED] - if (verifyTextPresent("The SSN and Re-type SSN do not match", true)): null

2024-02-03 23:26:37 - [MESSAGE][PASSED] - Text 'The SSN and Re-type SSN do not match' is present on page  using regular expression

2024-02-03 23:26:37 - [TEST_STEP][PASSED] - println("Taxpayer SSN Dont match text is present"): null

2024-02-03 23:26:37 - [TEST_STEP][PASSED] - out.println("Pass Record Number: " + row): null

2024-02-03 23:26:37 - [TEST_STEP][PASSED] - resText = "Pass": null

2024-02-03 23:26:37 - [TEST_STEP][PASSED] - pages.WriteExcel.demoKey(resText, datText, resColumn, datCloumn, fileLoc, nameSheet, row): pages.WriteExcel.demoKey is PASSED

2024-02-03 23:26:37 - [MESSAGE][PASSED] - pages.WriteExcel.demoKey is PASSED

2024-02-03 23:26:37 - [TEST_STEP][PASSED] - break: null

2024-02-03 23:26:37 - [TEST_STEP][PASSED] - ExecuteTC = findTestData(dataFile).getValue("Execute", row): null

2024-02-03 23:26:37 - [TEST_STEP][PASSED] - Taxtype = findTestData(dataFile).getValue("TaxType", row): null

2024-02-03 23:26:37 - [TEST_STEP][PASSED] - Paymenttype = findTestData(dataFile).getValue("PaymentType", row): null

2024-02-03 23:26:37 - [TEST_STEP][PASSED] - out.println("Value of Execute is : " + ExecuteTC): null

2024-02-03 23:26:37 - [TEST_STEP][PASSED] - if (ExecuteTC.equalsIgnoreCase("Y")): null

2024-02-03 23:26:37 - [TEST_STEP][PASSED] - out.println("Begin Record Number: " + row): null

2024-02-03 23:26:37 - [TEST_STEP][PASSED] - today = new java.util.Date(): null

2024-02-03 23:26:37 - [TEST_STEP][PASSED] - println(today): null

2024-02-03 23:26:37 - [TEST_STEP][PASSED] - datText = today: null

2024-02-03 23:26:37 - [TEST_STEP][PASSED] - Taxtype = findTestData(dataFile).getValue("TaxType", row): null

2024-02-03 23:26:37 - [TEST_STEP][PASSED] - out.println("Taxtype value is : " + Taxtype): null

2024-02-03 23:26:37 - [TEST_STEP][PASSED] - openBrowser(""): Browser is opened with url: ''

2024-02-03 23:26:37 - [MESSAGE][WARNING] - A browser is already opened. Closing browser and opening a new one

2024-02-03 23:26:38 - [MESSAGE][INFO] - Starting 'Chrome' driver

2024-02-03 23:26:38 - [MESSAGE][INFO] - User set preference: ['acceptInsecureCerts', 'true']

2024-02-03 23:26:38 - [MESSAGE][INFO] - Action delay is set to 0 milliseconds

2024-02-03 23:26:40 - [MESSAGE][PASSED] - Browser is opened with url: ''

2024-02-03 23:26:40 - [TEST_STEP][PASSED] - maximizeWindow(): Current window maximized

2024-02-03 23:26:40 - [MESSAGE][PASSED] - Current window maximized

2024-02-03 23:26:40 - [TEST_STEP][PASSED] - navigateToUrl(RADurl): Navigate to 'https://qa2.velocitypayment.com/client/rad/index.html' successfully

2024-02-03 23:26:42 - [MESSAGE][PASSED] - Navigate to 'https://qa2.velocitypayment.com/client/rad/index.html' successfully

2024-02-03 23:26:42 - [TEST_STEP][PASSED] - orPath_Landing = "Object Repository/RAD_Pages/Landing_Page": null

2024-02-03 23:26:42 - [TEST_STEP][PASSED] - orPath_TaxTypeFilingYear = "Object Repository/RAD_Pages/TaxTypeFilingYear_Page": null

2024-02-03 23:26:42 - [TEST_STEP][PASSED] - orPath_TaxPayer = "Object Repository/RAD_Pages/Taxpayer_Page": null

2024-02-03 23:26:42 - [TEST_STEP][PASSED] - orPath_AddressContact = "Object Repository/RAD_Pages/AddressAndContactInfo_Page": null

2024-02-03 23:26:42 - [TEST_STEP][PASSED] - orPath_FilingStatus = "Object Repository/RAD_Pages/FilingStatus_Page": null

2024-02-03 23:26:42 - [TEST_STEP][PASSED] - orPath_Amount = "Object Repository/RAD_Pages/PaymentAmount_Page": null

2024-02-03 23:26:42 - [TEST_STEP][PASSED] - orPath_TaxInfo = "Object Repository/RAD_Pages/TaxInfo_Page": null

2024-02-03 23:26:42 - [TEST_STEP][PASSED] - selectOptionByLabel(findTestObject(orPath_Landing + "/dd_TaxType"), Paymenttype, false): All options with label 'Existing Liability w/Notice Number' are selected in object 'Object Repository/RAD_Pages/Landing_Page/dd_TaxType' 

2024-02-03 23:26:43 - [MESSAGE][PASSED] - All options with label 'Existing Liability w/Notice Number' are selected in object 'Object Repository/RAD_Pages/Landing_Page/dd_TaxType' 

2024-02-03 23:26:43 - [TEST_STEP][PASSED] - delay(1): Delayed 1 second(s)

2024-02-03 23:26:44 - [MESSAGE][PASSED] - Delayed 1 second(s)

2024-02-03 23:26:44 - [TEST_STEP][PASSED] - switch (Paymenttype): null

2024-02-03 23:26:44 - [TEST_STEP][PASSED] - case "Existing Liability w/Notice Number":: null

2024-02-03 23:26:44 - [TEST_STEP][PASSED] - selectOptionByLabel(findTestObject(orPath_TaxTypeFilingYear + "/select_TaxType_ExistingLiability"), Taxtype, false): All options with label 'Estate Tax' are selected in object 'Object Repository/RAD_Pages/TaxTypeFilingYear_Page/select_TaxType_ExistingLiability' 

2024-02-03 23:26:44 - [MESSAGE][PASSED] - All options with label 'Estate Tax' are selected in object 'Object Repository/RAD_Pages/TaxTypeFilingYear_Page/select_TaxType_ExistingLiability' 

2024-02-03 23:26:44 - [TEST_STEP][PASSED] - break: null

2024-02-03 23:26:44 - [TEST_STEP][PASSED] - delay(1): Delayed 1 second(s)

2024-02-03 23:26:45 - [MESSAGE][PASSED] - Delayed 1 second(s)

2024-02-03 23:26:45 - [TEST_STEP][PASSED] - scrollToElement(findTestObject(orPath_TaxPayer + "/input_firstName"), 3): Scroll to object 'Object Repository/RAD_Pages/Taxpayer_Page/input_firstName' successfully

2024-02-03 23:26:46 - [MESSAGE][PASSED] - Scroll to object 'Object Repository/RAD_Pages/Taxpayer_Page/input_firstName' successfully

2024-02-03 23:26:46 - [TEST_STEP][PASSED] - switch (Paymenttype): null

2024-02-03 23:26:46 - [TEST_STEP][PASSED] - case "Existing Liability w/Notice Number":: null

2024-02-03 23:26:46 - [TEST_STEP][PASSED] - if (Taxtype.equalsIgnoreCase("Estate Tax")): Text 'Anderson' is set on object 'Object Repository/RAD_Pages/Taxpayer_Page/input_lastName'

2024-02-03 23:26:46 - [TEST_STEP][PASSED] - setText(findTestObject(orPath_TaxInfo + "/input_DecedentSSN"), "1111111111"): Text '1111111111' is set on object 'Object Repository/RAD_Pages/TaxInfo_Page/input_DecedentSSN'

2024-02-03 23:26:46 - [MESSAGE][PASSED] - Text '1111111111' is set on object 'Object Repository/RAD_Pages/TaxInfo_Page/input_DecedentSSN'

2024-02-03 23:26:46 - [TEST_STEP][PASSED] - setText(findTestObject(orPath_TaxInfo + "/input_ReTypeDecedentSSN"), "222222222"): Text '222222222' is set on object 'Object Repository/RAD_Pages/TaxInfo_Page/input_ReTypeDecedentSSN'

2024-02-03 23:26:47 - [MESSAGE][PASSED] - Text '222222222' is set on object 'Object Repository/RAD_Pages/TaxInfo_Page/input_ReTypeDecedentSSN'

2024-02-03 23:26:47 - [TEST_STEP][PASSED] - setText(findTestObject(orPath_TaxPayer + "/input_lastName"), "Anderson"): Text 'Anderson' is set on object 'Object Repository/RAD_Pages/Taxpayer_Page/input_lastName'

2024-02-03 23:26:48 - [MESSAGE][PASSED] - Text 'Anderson' is set on object 'Object Repository/RAD_Pages/Taxpayer_Page/input_lastName'

2024-02-03 23:26:48 - [TEST_STEP][PASSED] - break: null

2024-02-03 23:26:48 - [TEST_STEP][PASSED] - delay(2): Delayed 2 second(s)

2024-02-03 23:26:50 - [MESSAGE][PASSED] - Delayed 2 second(s)

2024-02-03 23:26:50 - [TEST_STEP][PASSED] - switch (Taxtype): null

2024-02-03 23:26:50 - [TEST_STEP][PASSED] - case "Estate Tax":: null

2024-02-03 23:26:50 - [TEST_STEP][PASSED] - if (verifyTextPresent("The Decedent SSN and Re-type Decedent SSN do not match", true)): null

2024-02-03 23:26:50 - [MESSAGE][PASSED] - Text 'The Decedent SSN and Re-type Decedent SSN do not match' is present on page  using regular expression

2024-02-03 23:26:50 - [TEST_STEP][PASSED] - println("Taxpayer SSN Dont match text is present"): null

2024-02-03 23:26:50 - [TEST_STEP][PASSED] - out.println("Pass Record Number: " + row): null

2024-02-03 23:26:50 - [TEST_STEP][PASSED] - resText = "Pass": null

2024-02-03 23:26:50 - [TEST_STEP][PASSED] - pages.WriteExcel.demoKey(resText, datText, resColumn, datCloumn, fileLoc, nameSheet, row): pages.WriteExcel.demoKey is PASSED

2024-02-03 23:26:51 - [MESSAGE][PASSED] - pages.WriteExcel.demoKey is PASSED

2024-02-03 23:26:51 - [TEST_STEP][PASSED] - break: null

2024-02-03 23:26:51 - [TEST_STEP][PASSED] - ExecuteTC = findTestData(dataFile).getValue("Execute", row): null

2024-02-03 23:26:51 - [TEST_STEP][PASSED] - Taxtype = findTestData(dataFile).getValue("TaxType", row): null

2024-02-03 23:26:51 - [TEST_STEP][PASSED] - Paymenttype = findTestData(dataFile).getValue("PaymentType", row): null

2024-02-03 23:26:51 - [TEST_STEP][PASSED] - out.println("Value of Execute is : " + ExecuteTC): null

2024-02-03 23:26:51 - [TEST_STEP][PASSED] - if (ExecuteTC.equalsIgnoreCase("Y")): null

2024-02-03 23:26:51 - [TEST_STEP][PASSED] - out.println("Begin Record Number: " + row): null

2024-02-03 23:26:51 - [TEST_STEP][PASSED] - today = new java.util.Date(): null

2024-02-03 23:26:51 - [TEST_STEP][PASSED] - println(today): null

2024-02-03 23:26:51 - [TEST_STEP][PASSED] - datText = today: null

2024-02-03 23:26:51 - [TEST_STEP][PASSED] - Taxtype = findTestData(dataFile).getValue("TaxType", row): null

2024-02-03 23:26:51 - [TEST_STEP][PASSED] - out.println("Taxtype value is : " + Taxtype): null

2024-02-03 23:26:51 - [TEST_STEP][PASSED] - openBrowser(""): Browser is opened with url: ''

2024-02-03 23:26:51 - [MESSAGE][WARNING] - A browser is already opened. Closing browser and opening a new one

2024-02-03 23:26:52 - [MESSAGE][INFO] - Starting 'Chrome' driver

2024-02-03 23:26:52 - [MESSAGE][INFO] - User set preference: ['acceptInsecureCerts', 'true']

2024-02-03 23:26:52 - [MESSAGE][INFO] - Action delay is set to 0 milliseconds

2024-02-03 23:26:54 - [MESSAGE][PASSED] - Browser is opened with url: ''

2024-02-03 23:26:54 - [TEST_STEP][PASSED] - maximizeWindow(): Current window maximized

2024-02-03 23:26:54 - [MESSAGE][PASSED] - Current window maximized

2024-02-03 23:26:54 - [TEST_STEP][PASSED] - navigateToUrl(RADurl): Navigate to 'https://qa2.velocitypayment.com/client/rad/index.html' successfully

2024-02-03 23:26:56 - [MESSAGE][PASSED] - Navigate to 'https://qa2.velocitypayment.com/client/rad/index.html' successfully

2024-02-03 23:26:56 - [TEST_STEP][PASSED] - orPath_Landing = "Object Repository/RAD_Pages/Landing_Page": null

2024-02-03 23:26:56 - [TEST_STEP][PASSED] - orPath_TaxTypeFilingYear = "Object Repository/RAD_Pages/TaxTypeFilingYear_Page": null

2024-02-03 23:26:56 - [TEST_STEP][PASSED] - orPath_TaxPayer = "Object Repository/RAD_Pages/Taxpayer_Page": null

2024-02-03 23:26:56 - [TEST_STEP][PASSED] - orPath_AddressContact = "Object Repository/RAD_Pages/AddressAndContactInfo_Page": null

2024-02-03 23:26:56 - [TEST_STEP][PASSED] - orPath_FilingStatus = "Object Repository/RAD_Pages/FilingStatus_Page": null

2024-02-03 23:26:56 - [TEST_STEP][PASSED] - orPath_Amount = "Object Repository/RAD_Pages/PaymentAmount_Page": null

2024-02-03 23:26:56 - [TEST_STEP][PASSED] - orPath_TaxInfo = "Object Repository/RAD_Pages/TaxInfo_Page": null

2024-02-03 23:26:56 - [TEST_STEP][PASSED] - selectOptionByLabel(findTestObject(orPath_Landing + "/dd_TaxType"), Paymenttype, false): All options with label 'New Tax Return Amount Due' are selected in object 'Object Repository/RAD_Pages/Landing_Page/dd_TaxType' 

2024-02-03 23:26:56 - [MESSAGE][PASSED] - All options with label 'New Tax Return Amount Due' are selected in object 'Object Repository/RAD_Pages/Landing_Page/dd_TaxType' 

2024-02-03 23:26:56 - [TEST_STEP][PASSED] - delay(1): Delayed 1 second(s)

2024-02-03 23:26:57 - [MESSAGE][PASSED] - Delayed 1 second(s)

2024-02-03 23:26:57 - [TEST_STEP][PASSED] - switch (Paymenttype): null

2024-02-03 23:26:57 - [TEST_STEP][PASSED] - case "New Tax Return Amount Due":: null

2024-02-03 23:26:57 - [TEST_STEP][PASSED] - selectOptionByLabel(findTestObject("Object Repository/RAD_Pages/Landing_Page/select_NewTaxReturnAmountDue_TaxType"), Taxtype, false): All options with label 'Estate Tax' are selected in object 'Object Repository/RAD_Pages/Landing_Page/select_NewTaxReturnAmountDue_TaxType' 

2024-02-03 23:26:58 - [MESSAGE][PASSED] - All options with label 'Estate Tax' are selected in object 'Object Repository/RAD_Pages/Landing_Page/select_NewTaxReturnAmountDue_TaxType' 

2024-02-03 23:26:58 - [TEST_STEP][PASSED] - break: null

2024-02-03 23:26:58 - [TEST_STEP][PASSED] - delay(1): Delayed 1 second(s)

2024-02-03 23:26:59 - [MESSAGE][PASSED] - Delayed 1 second(s)

2024-02-03 23:26:59 - [TEST_STEP][PASSED] - scrollToElement(findTestObject(orPath_TaxPayer + "/input_firstName"), 3): Scroll to object 'Object Repository/RAD_Pages/Taxpayer_Page/input_firstName' successfully

2024-02-03 23:26:59 - [MESSAGE][PASSED] - Scroll to object 'Object Repository/RAD_Pages/Taxpayer_Page/input_firstName' successfully

2024-02-03 23:26:59 - [TEST_STEP][PASSED] - switch (Paymenttype): null

2024-02-03 23:26:59 - [TEST_STEP][PASSED] - case "New Tax Return Amount Due":: null

2024-02-03 23:26:59 - [TEST_STEP][PASSED] - if (Taxtype.equalsIgnoreCase("Estate Tax")): Text 'Anderson' is set on object 'Object Repository/RAD_Pages/Taxpayer_Page/input_lastName'

2024-02-03 23:26:59 - [TEST_STEP][PASSED] - setText(findTestObject(orPath_TaxPayer + "/input_NewTax_DecedentSSN"), "1111111111"): Text '1111111111' is set on object 'Object Repository/RAD_Pages/Taxpayer_Page/input_NewTax_DecedentSSN'

2024-02-03 23:27:00 - [MESSAGE][PASSED] - Text '1111111111' is set on object 'Object Repository/RAD_Pages/Taxpayer_Page/input_NewTax_DecedentSSN'

2024-02-03 23:27:00 - [TEST_STEP][PASSED] - setText(findTestObject(orPath_TaxPayer + "/input_NewTax_ReTypeDecedentSSN"), "222222222"): Text '222222222' is set on object 'Object Repository/RAD_Pages/Taxpayer_Page/input_NewTax_ReTypeDecedentSSN'

2024-02-03 23:27:01 - [MESSAGE][PASSED] - Text '222222222' is set on object 'Object Repository/RAD_Pages/Taxpayer_Page/input_NewTax_ReTypeDecedentSSN'

2024-02-03 23:27:01 - [TEST_STEP][PASSED] - setText(findTestObject(orPath_TaxPayer + "/input_lastName"), "Anderson"): Text 'Anderson' is set on object 'Object Repository/RAD_Pages/Taxpayer_Page/input_lastName'

2024-02-03 23:27:02 - [MESSAGE][PASSED] - Text 'Anderson' is set on object 'Object Repository/RAD_Pages/Taxpayer_Page/input_lastName'

2024-02-03 23:27:02 - [TEST_STEP][PASSED] - break: null

2024-02-03 23:27:02 - [TEST_STEP][PASSED] - delay(2): Delayed 2 second(s)

2024-02-03 23:27:04 - [MESSAGE][PASSED] - Delayed 2 second(s)

2024-02-03 23:27:04 - [TEST_STEP][PASSED] - switch (Taxtype): null

2024-02-03 23:27:04 - [TEST_STEP][PASSED] - case "Estate Tax":: null

2024-02-03 23:27:04 - [TEST_STEP][PASSED] - if (verifyTextPresent("The Decedent SSN and Re-type Decedent SSN do not match", true)): null

2024-02-03 23:27:04 - [MESSAGE][PASSED] - Text 'The Decedent SSN and Re-type Decedent SSN do not match' is present on page  using regular expression

2024-02-03 23:27:04 - [TEST_STEP][PASSED] - println("Taxpayer SSN Dont match text is present"): null

2024-02-03 23:27:04 - [TEST_STEP][PASSED] - out.println("Pass Record Number: " + row): null

2024-02-03 23:27:04 - [TEST_STEP][PASSED] - resText = "Pass": null

2024-02-03 23:27:04 - [TEST_STEP][PASSED] - pages.WriteExcel.demoKey(resText, datText, resColumn, datCloumn, fileLoc, nameSheet, row): pages.WriteExcel.demoKey is PASSED

2024-02-03 23:27:04 - [MESSAGE][PASSED] - pages.WriteExcel.demoKey is PASSED

2024-02-03 23:27:04 - [TEST_STEP][PASSED] - break: null]]></system-out>
         <system-err><![CDATA[]]></system-err>
      </testcase>
      <testcase name="Test Cases/RAD_TestCases/Negative_TestCases/SSNmoreThan9Error" time="62.197" classname="Test Cases/RAD_TestCases/Negative_TestCases/SSNmoreThan9Error" status="PASSED">
         <system-out><![CDATA[2024-02-03 23:27:04 - [TEST_CASE][PASSED] - Test Cases/RAD_TestCases/Negative_TestCases/SSNmoreThan9Error: Test Cases/RAD_TestCases/Negative_TestCases/SSNmoreThan9Error

2024-02-03 23:27:05 - [TEST_STEP][PASSED] - resText = "Fail": null

2024-02-03 23:27:05 - [TEST_STEP][PASSED] - resColumn = "Result": null

2024-02-03 23:27:05 - [TEST_STEP][PASSED] - datCloumn = "Date": null

2024-02-03 23:27:05 - [TEST_STEP][PASSED] - fileLoc = "KatalonData/RADTestData/SSNmoreThan9Error.xlsx": null

2024-02-03 23:27:05 - [TEST_STEP][PASSED] - nameSheet = "Sheet1": null

2024-02-03 23:27:05 - [TEST_STEP][PASSED] - dataFile = "RADTestData/SSNmoreThan9Error": null

2024-02-03 23:27:05 - [TEST_STEP][PASSED] - ExecuteTC = <not implemented yet for class: org.codehaus.groovy.ast.expr.EmptyExpression>: null

2024-02-03 23:27:05 - [TEST_STEP][PASSED] - Taxtype = <not implemented yet for class: org.codehaus.groovy.ast.expr.EmptyExpression>: null

2024-02-03 23:27:05 - [TEST_STEP][PASSED] - numOfRows = findTestData(dataFile).getRowNumbers(): null

2024-02-03 23:27:05 - [TEST_STEP][PASSED] - println("Number of Records: " + numOfRows): null

2024-02-03 23:27:05 - [TEST_STEP][PASSED] - for ([row = 1, row <= numOfRows, (row++)]): null

2024-02-03 23:27:05 - [TEST_STEP][PASSED] - ExecuteTC = findTestData(dataFile).getValue("Execute", row): null

2024-02-03 23:27:05 - [TEST_STEP][PASSED] - Taxtype = findTestData(dataFile).getValue("TaxType", row): null

2024-02-03 23:27:05 - [TEST_STEP][PASSED] - Paymenttype = findTestData(dataFile).getValue("PaymentType", row): null

2024-02-03 23:27:06 - [TEST_STEP][PASSED] - out.println("Value of Execute is : " + ExecuteTC): null

2024-02-03 23:27:06 - [TEST_STEP][PASSED] - if (ExecuteTC.equalsIgnoreCase("Y")): null

2024-02-03 23:27:06 - [TEST_STEP][PASSED] - out.println("Begin Record Number: " + row): null

2024-02-03 23:27:06 - [TEST_STEP][PASSED] - today = new java.util.Date(): null

2024-02-03 23:27:06 - [TEST_STEP][PASSED] - println(today): null

2024-02-03 23:27:06 - [TEST_STEP][PASSED] - datText = today: null

2024-02-03 23:27:06 - [TEST_STEP][PASSED] - Taxtype = findTestData(dataFile).getValue("TaxType", row): null

2024-02-03 23:27:06 - [TEST_STEP][PASSED] - out.println("Taxtype value is : " + Taxtype): null

2024-02-03 23:27:06 - [TEST_STEP][PASSED] - openBrowser(""): Browser is opened with url: ''

2024-02-03 23:27:06 - [MESSAGE][WARNING] - A browser is already opened. Closing browser and opening a new one

2024-02-03 23:27:07 - [MESSAGE][INFO] - Starting 'Chrome' driver

2024-02-03 23:27:07 - [MESSAGE][INFO] - User set preference: ['acceptInsecureCerts', 'true']

2024-02-03 23:27:07 - [MESSAGE][INFO] - Action delay is set to 0 milliseconds

2024-02-03 23:27:08 - [MESSAGE][PASSED] - Browser is opened with url: ''

2024-02-03 23:27:08 - [TEST_STEP][PASSED] - maximizeWindow(): Current window maximized

2024-02-03 23:27:09 - [MESSAGE][PASSED] - Current window maximized

2024-02-03 23:27:09 - [TEST_STEP][PASSED] - navigateToUrl(RADurl): Navigate to 'https://qa2.velocitypayment.com/client/rad/index.html' successfully

2024-02-03 23:27:10 - [MESSAGE][PASSED] - Navigate to 'https://qa2.velocitypayment.com/client/rad/index.html' successfully

2024-02-03 23:27:10 - [TEST_STEP][PASSED] - orPath_Landing = "Object Repository/RAD_Pages/Landing_Page": null

2024-02-03 23:27:10 - [TEST_STEP][PASSED] - orPath_TaxTypeFilingYear = "Object Repository/RAD_Pages/TaxTypeFilingYear_Page": null

2024-02-03 23:27:10 - [TEST_STEP][PASSED] - orPath_TaxPayer = "Object Repository/RAD_Pages/Taxpayer_Page": null

2024-02-03 23:27:10 - [TEST_STEP][PASSED] - orPath_AddressContact = "Object Repository/RAD_Pages/AddressAndContactInfo_Page": null

2024-02-03 23:27:10 - [TEST_STEP][PASSED] - orPath_FilingStatus = "Object Repository/RAD_Pages/FilingStatus_Page": null

2024-02-03 23:27:10 - [TEST_STEP][PASSED] - orPath_Amount = "Object Repository/RAD_Pages/PaymentAmount_Page": null

2024-02-03 23:27:10 - [TEST_STEP][PASSED] - orPath_TaxInfo = "Object Repository/RAD_Pages/TaxInfo_Page": null

2024-02-03 23:27:10 - [TEST_STEP][PASSED] - selectOptionByLabel(findTestObject(orPath_Landing + "/dd_TaxType"), Paymenttype, false): All options with label 'Existing Liability w/Notice Number' are selected in object 'Object Repository/RAD_Pages/Landing_Page/dd_TaxType' 

2024-02-03 23:27:11 - [MESSAGE][PASSED] - All options with label 'Existing Liability w/Notice Number' are selected in object 'Object Repository/RAD_Pages/Landing_Page/dd_TaxType' 

2024-02-03 23:27:11 - [TEST_STEP][PASSED] - delay(1): Delayed 1 second(s)

2024-02-03 23:27:12 - [MESSAGE][PASSED] - Delayed 1 second(s)

2024-02-03 23:27:12 - [TEST_STEP][PASSED] - switch (Paymenttype): null

2024-02-03 23:27:12 - [TEST_STEP][PASSED] - case "Existing Liability w/Notice Number":: null

2024-02-03 23:27:12 - [TEST_STEP][PASSED] - selectOptionByLabel(findTestObject(orPath_TaxTypeFilingYear + "/select_TaxType_ExistingLiability"), Taxtype, false): All options with label 'Personal Income Tax' are selected in object 'Object Repository/RAD_Pages/TaxTypeFilingYear_Page/select_TaxType_ExistingLiability' 

2024-02-03 23:27:13 - [MESSAGE][PASSED] - All options with label 'Personal Income Tax' are selected in object 'Object Repository/RAD_Pages/TaxTypeFilingYear_Page/select_TaxType_ExistingLiability' 

2024-02-03 23:27:13 - [TEST_STEP][PASSED] - break: null

2024-02-03 23:27:13 - [TEST_STEP][PASSED] - delay(1): Delayed 1 second(s)

2024-02-03 23:27:14 - [MESSAGE][PASSED] - Delayed 1 second(s)

2024-02-03 23:27:14 - [TEST_STEP][PASSED] - scrollToElement(findTestObject(orPath_TaxPayer + "/input_firstName"), 3): Scroll to object 'Object Repository/RAD_Pages/Taxpayer_Page/input_firstName' successfully

2024-02-03 23:27:14 - [MESSAGE][PASSED] - Scroll to object 'Object Repository/RAD_Pages/Taxpayer_Page/input_firstName' successfully

2024-02-03 23:27:14 - [TEST_STEP][PASSED] - switch (Paymenttype): null

2024-02-03 23:27:14 - [TEST_STEP][PASSED] - case "Existing Liability w/Notice Number":: null

2024-02-03 23:27:14 - [TEST_STEP][PASSED] - if (Taxtype.equalsIgnoreCase("Estate Tax")): null

2024-02-03 23:27:14 - [TEST_STEP][PASSED] - else: Text '' is set on object 'Object Repository/RAD_Pages/TaxInfo_Page/input_Existing_RetypeSSN'

2024-02-03 23:27:14 - [TEST_STEP][PASSED] - setText(findTestObject(orPath_TaxInfo + "/input_Existing_SSN"), "1111111111"): Text '1111111111' is set on object 'Object Repository/RAD_Pages/TaxInfo_Page/input_Existing_SSN'

2024-02-03 23:27:15 - [MESSAGE][PASSED] - Text '1111111111' is set on object 'Object Repository/RAD_Pages/TaxInfo_Page/input_Existing_SSN'

2024-02-03 23:27:15 - [TEST_STEP][PASSED] - setText(findTestObject(orPath_TaxInfo + "/input_Existing_RetypeSSN"), ""): Text '' is set on object 'Object Repository/RAD_Pages/TaxInfo_Page/input_Existing_RetypeSSN'

2024-02-03 23:27:15 - [MESSAGE][PASSED] - Text '' is set on object 'Object Repository/RAD_Pages/TaxInfo_Page/input_Existing_RetypeSSN'

2024-02-03 23:27:15 - [TEST_STEP][PASSED] - break: null

2024-02-03 23:27:15 - [TEST_STEP][PASSED] - delay(2): Delayed 2 second(s)

2024-02-03 23:27:17 - [MESSAGE][PASSED] - Delayed 2 second(s)

2024-02-03 23:27:17 - [TEST_STEP][PASSED] - switch (Taxtype): null

2024-02-03 23:27:17 - [TEST_STEP][PASSED] - Default: null

2024-02-03 23:27:17 - [TEST_STEP][PASSED] - if (verifyTextPresent("Please enter a valid SSN with 9 digits", true)): null

2024-02-03 23:27:18 - [MESSAGE][PASSED] - Text 'Please enter a valid SSN with 9 digits' is present on page  using regular expression

2024-02-03 23:27:18 - [TEST_STEP][PASSED] - println("Please enter a valid SSN with 9 digits"): null

2024-02-03 23:27:18 - [TEST_STEP][PASSED] - out.println("Pass Record Number: " + row): null

2024-02-03 23:27:18 - [TEST_STEP][PASSED] - resText = "Pass": null

2024-02-03 23:27:18 - [TEST_STEP][PASSED] - pages.WriteExcel.demoKey(resText, datText, resColumn, datCloumn, fileLoc, nameSheet, row): pages.WriteExcel.demoKey is PASSED

2024-02-03 23:27:18 - [MESSAGE][PASSED] - pages.WriteExcel.demoKey is PASSED

2024-02-03 23:27:18 - [TEST_STEP][PASSED] - break: null

2024-02-03 23:27:18 - [TEST_STEP][PASSED] - ExecuteTC = findTestData(dataFile).getValue("Execute", row): null

2024-02-03 23:27:18 - [TEST_STEP][PASSED] - Taxtype = findTestData(dataFile).getValue("TaxType", row): null

2024-02-03 23:27:18 - [TEST_STEP][PASSED] - Paymenttype = findTestData(dataFile).getValue("PaymentType", row): null

2024-02-03 23:27:18 - [TEST_STEP][PASSED] - out.println("Value of Execute is : " + ExecuteTC): null

2024-02-03 23:27:18 - [TEST_STEP][PASSED] - if (ExecuteTC.equalsIgnoreCase("Y")): null

2024-02-03 23:27:18 - [TEST_STEP][PASSED] - out.println("Begin Record Number: " + row): null

2024-02-03 23:27:18 - [TEST_STEP][PASSED] - today = new java.util.Date(): null

2024-02-03 23:27:18 - [TEST_STEP][PASSED] - println(today): null

2024-02-03 23:27:18 - [TEST_STEP][PASSED] - datText = today: null

2024-02-03 23:27:18 - [TEST_STEP][PASSED] - Taxtype = findTestData(dataFile).getValue("TaxType", row): null

2024-02-03 23:27:18 - [TEST_STEP][PASSED] - out.println("Taxtype value is : " + Taxtype): null

2024-02-03 23:27:18 - [TEST_STEP][PASSED] - openBrowser(""): Browser is opened with url: ''

2024-02-03 23:27:18 - [MESSAGE][WARNING] - A browser is already opened. Closing browser and opening a new one

2024-02-03 23:27:19 - [MESSAGE][INFO] - Starting 'Chrome' driver

2024-02-03 23:27:19 - [MESSAGE][INFO] - User set preference: ['acceptInsecureCerts', 'true']

2024-02-03 23:27:19 - [MESSAGE][INFO] - Action delay is set to 0 milliseconds

2024-02-03 23:27:21 - [MESSAGE][PASSED] - Browser is opened with url: ''

2024-02-03 23:27:21 - [TEST_STEP][PASSED] - maximizeWindow(): Current window maximized

2024-02-03 23:27:21 - [MESSAGE][PASSED] - Current window maximized

2024-02-03 23:27:21 - [TEST_STEP][PASSED] - navigateToUrl(RADurl): Navigate to 'https://qa2.velocitypayment.com/client/rad/index.html' successfully

2024-02-03 23:27:23 - [MESSAGE][PASSED] - Navigate to 'https://qa2.velocitypayment.com/client/rad/index.html' successfully

2024-02-03 23:27:23 - [TEST_STEP][PASSED] - orPath_Landing = "Object Repository/RAD_Pages/Landing_Page": null

2024-02-03 23:27:23 - [TEST_STEP][PASSED] - orPath_TaxTypeFilingYear = "Object Repository/RAD_Pages/TaxTypeFilingYear_Page": null

2024-02-03 23:27:23 - [TEST_STEP][PASSED] - orPath_TaxPayer = "Object Repository/RAD_Pages/Taxpayer_Page": null

2024-02-03 23:27:23 - [TEST_STEP][PASSED] - orPath_AddressContact = "Object Repository/RAD_Pages/AddressAndContactInfo_Page": null

2024-02-03 23:27:23 - [TEST_STEP][PASSED] - orPath_FilingStatus = "Object Repository/RAD_Pages/FilingStatus_Page": null

2024-02-03 23:27:23 - [TEST_STEP][PASSED] - orPath_Amount = "Object Repository/RAD_Pages/PaymentAmount_Page": null

2024-02-03 23:27:23 - [TEST_STEP][PASSED] - orPath_TaxInfo = "Object Repository/RAD_Pages/TaxInfo_Page": null

2024-02-03 23:27:23 - [TEST_STEP][PASSED] - selectOptionByLabel(findTestObject(orPath_Landing + "/dd_TaxType"), Paymenttype, false): All options with label 'Quarterly Estimated Tax' are selected in object 'Object Repository/RAD_Pages/Landing_Page/dd_TaxType' 

2024-02-03 23:27:24 - [MESSAGE][PASSED] - All options with label 'Quarterly Estimated Tax' are selected in object 'Object Repository/RAD_Pages/Landing_Page/dd_TaxType' 

2024-02-03 23:27:24 - [TEST_STEP][PASSED] - delay(1): Delayed 1 second(s)

2024-02-03 23:27:25 - [MESSAGE][PASSED] - Delayed 1 second(s)

2024-02-03 23:27:25 - [TEST_STEP][PASSED] - switch (Paymenttype): null

2024-02-03 23:27:25 - [TEST_STEP][PASSED] - case "Quarterly Estimated Tax":: null

2024-02-03 23:27:25 - [TEST_STEP][PASSED] - selectOptionByLabel(findTestObject(orPath_TaxTypeFilingYear + "/select_PaymentType"), Taxtype, false): All options with label 'Personal Income Tax' are selected in object 'Object Repository/RAD_Pages/TaxTypeFilingYear_Page/select_PaymentType' 

2024-02-03 23:27:25 - [MESSAGE][PASSED] - All options with label 'Personal Income Tax' are selected in object 'Object Repository/RAD_Pages/TaxTypeFilingYear_Page/select_PaymentType' 

2024-02-03 23:27:25 - [TEST_STEP][PASSED] - break: null

2024-02-03 23:27:25 - [TEST_STEP][PASSED] - delay(1): Delayed 1 second(s)

2024-02-03 23:27:26 - [MESSAGE][PASSED] - Delayed 1 second(s)

2024-02-03 23:27:26 - [TEST_STEP][PASSED] - scrollToElement(findTestObject(orPath_TaxPayer + "/input_firstName"), 3): Scroll to object 'Object Repository/RAD_Pages/Taxpayer_Page/input_firstName' successfully

2024-02-03 23:27:27 - [MESSAGE][PASSED] - Scroll to object 'Object Repository/RAD_Pages/Taxpayer_Page/input_firstName' successfully

2024-02-03 23:27:27 - [TEST_STEP][PASSED] - switch (Paymenttype): null

2024-02-03 23:27:27 - [TEST_STEP][PASSED] - case "Quarterly Estimated Tax":: null

2024-02-03 23:27:27 - [TEST_STEP][PASSED] - setText(findTestObject("RAD_RecordAndPlay/input_concatSSN"), "1111111111"): Text '1111111111' is set on object 'Object Repository/RAD_RecordAndPlay/input_concatSSN'

2024-02-03 23:27:27 - [MESSAGE][PASSED] - Text '1111111111' is set on object 'Object Repository/RAD_RecordAndPlay/input_concatSSN'

2024-02-03 23:27:27 - [TEST_STEP][PASSED] - setText(findTestObject("RAD_RecordAndPlay/input_concatReSSN"), ""): Text '' is set on object 'Object Repository/RAD_RecordAndPlay/input_concatReSSN'

2024-02-03 23:27:28 - [MESSAGE][PASSED] - Text '' is set on object 'Object Repository/RAD_RecordAndPlay/input_concatReSSN'

2024-02-03 23:27:28 - [TEST_STEP][PASSED] - break: null

2024-02-03 23:27:28 - [TEST_STEP][PASSED] - delay(2): Delayed 2 second(s)

2024-02-03 23:27:30 - [MESSAGE][PASSED] - Delayed 2 second(s)

2024-02-03 23:27:30 - [TEST_STEP][PASSED] - switch (Taxtype): null

2024-02-03 23:27:30 - [TEST_STEP][PASSED] - Default: null

2024-02-03 23:27:30 - [TEST_STEP][PASSED] - if (verifyTextPresent("Please enter a valid SSN with 9 digits", true)): null

2024-02-03 23:27:30 - [MESSAGE][PASSED] - Text 'Please enter a valid SSN with 9 digits' is present on page  using regular expression

2024-02-03 23:27:30 - [TEST_STEP][PASSED] - println("Please enter a valid SSN with 9 digits"): null

2024-02-03 23:27:30 - [TEST_STEP][PASSED] - out.println("Pass Record Number: " + row): null

2024-02-03 23:27:30 - [TEST_STEP][PASSED] - resText = "Pass": null

2024-02-03 23:27:30 - [TEST_STEP][PASSED] - pages.WriteExcel.demoKey(resText, datText, resColumn, datCloumn, fileLoc, nameSheet, row): pages.WriteExcel.demoKey is PASSED

2024-02-03 23:27:30 - [MESSAGE][PASSED] - pages.WriteExcel.demoKey is PASSED

2024-02-03 23:27:30 - [TEST_STEP][PASSED] - break: null

2024-02-03 23:27:30 - [TEST_STEP][PASSED] - ExecuteTC = findTestData(dataFile).getValue("Execute", row): null

2024-02-03 23:27:30 - [TEST_STEP][PASSED] - Taxtype = findTestData(dataFile).getValue("TaxType", row): null

2024-02-03 23:27:30 - [TEST_STEP][PASSED] - Paymenttype = findTestData(dataFile).getValue("PaymentType", row): null

2024-02-03 23:27:30 - [TEST_STEP][PASSED] - out.println("Value of Execute is : " + ExecuteTC): null

2024-02-03 23:27:30 - [TEST_STEP][PASSED] - if (ExecuteTC.equalsIgnoreCase("Y")): null

2024-02-03 23:27:30 - [TEST_STEP][PASSED] - ExecuteTC = findTestData(dataFile).getValue("Execute", row): null

2024-02-03 23:27:30 - [TEST_STEP][PASSED] - Taxtype = findTestData(dataFile).getValue("TaxType", row): null

2024-02-03 23:27:30 - [TEST_STEP][PASSED] - Paymenttype = findTestData(dataFile).getValue("PaymentType", row): null

2024-02-03 23:27:31 - [TEST_STEP][PASSED] - out.println("Value of Execute is : " + ExecuteTC): null

2024-02-03 23:27:31 - [TEST_STEP][PASSED] - if (ExecuteTC.equalsIgnoreCase("Y")): null

2024-02-03 23:27:31 - [TEST_STEP][PASSED] - out.println("Begin Record Number: " + row): null

2024-02-03 23:27:31 - [TEST_STEP][PASSED] - today = new java.util.Date(): null

2024-02-03 23:27:31 - [TEST_STEP][PASSED] - println(today): null

2024-02-03 23:27:31 - [TEST_STEP][PASSED] - datText = today: null

2024-02-03 23:27:31 - [TEST_STEP][PASSED] - Taxtype = findTestData(dataFile).getValue("TaxType", row): null

2024-02-03 23:27:31 - [TEST_STEP][PASSED] - out.println("Taxtype value is : " + Taxtype): null

2024-02-03 23:27:31 - [TEST_STEP][PASSED] - openBrowser(""): Browser is opened with url: ''

2024-02-03 23:27:31 - [MESSAGE][WARNING] - A browser is already opened. Closing browser and opening a new one

2024-02-03 23:27:32 - [MESSAGE][INFO] - Starting 'Chrome' driver

2024-02-03 23:27:32 - [MESSAGE][INFO] - User set preference: ['acceptInsecureCerts', 'true']

2024-02-03 23:27:32 - [MESSAGE][INFO] - Action delay is set to 0 milliseconds

2024-02-03 23:27:34 - [MESSAGE][PASSED] - Browser is opened with url: ''

2024-02-03 23:27:34 - [TEST_STEP][PASSED] - maximizeWindow(): Current window maximized

2024-02-03 23:27:34 - [MESSAGE][PASSED] - Current window maximized

2024-02-03 23:27:34 - [TEST_STEP][PASSED] - navigateToUrl(RADurl): Navigate to 'https://qa2.velocitypayment.com/client/rad/index.html' successfully

2024-02-03 23:27:34 - [MESSAGE][PASSED] - Navigate to 'https://qa2.velocitypayment.com/client/rad/index.html' successfully

2024-02-03 23:27:34 - [TEST_STEP][PASSED] - orPath_Landing = "Object Repository/RAD_Pages/Landing_Page": null

2024-02-03 23:27:34 - [TEST_STEP][PASSED] - orPath_TaxTypeFilingYear = "Object Repository/RAD_Pages/TaxTypeFilingYear_Page": null

2024-02-03 23:27:34 - [TEST_STEP][PASSED] - orPath_TaxPayer = "Object Repository/RAD_Pages/Taxpayer_Page": null

2024-02-03 23:27:34 - [TEST_STEP][PASSED] - orPath_AddressContact = "Object Repository/RAD_Pages/AddressAndContactInfo_Page": null

2024-02-03 23:27:34 - [TEST_STEP][PASSED] - orPath_FilingStatus = "Object Repository/RAD_Pages/FilingStatus_Page": null

2024-02-03 23:27:34 - [TEST_STEP][PASSED] - orPath_Amount = "Object Repository/RAD_Pages/PaymentAmount_Page": null

2024-02-03 23:27:34 - [TEST_STEP][PASSED] - orPath_TaxInfo = "Object Repository/RAD_Pages/TaxInfo_Page": null

2024-02-03 23:27:34 - [TEST_STEP][PASSED] - selectOptionByLabel(findTestObject(orPath_Landing + "/dd_TaxType"), Paymenttype, false): All options with label 'New Tax Return Amount Due' are selected in object 'Object Repository/RAD_Pages/Landing_Page/dd_TaxType' 

2024-02-03 23:27:36 - [MESSAGE][PASSED] - All options with label 'New Tax Return Amount Due' are selected in object 'Object Repository/RAD_Pages/Landing_Page/dd_TaxType' 

2024-02-03 23:27:36 - [TEST_STEP][PASSED] - delay(1): Delayed 1 second(s)

2024-02-03 23:27:37 - [MESSAGE][PASSED] - Delayed 1 second(s)

2024-02-03 23:27:37 - [TEST_STEP][PASSED] - switch (Paymenttype): null

2024-02-03 23:27:37 - [TEST_STEP][PASSED] - case "New Tax Return Amount Due":: null

2024-02-03 23:27:37 - [TEST_STEP][PASSED] - selectOptionByLabel(findTestObject("Object Repository/RAD_Pages/Landing_Page/select_NewTaxReturnAmountDue_TaxType"), Taxtype, false): All options with label 'Personal Income Tax' are selected in object 'Object Repository/RAD_Pages/Landing_Page/select_NewTaxReturnAmountDue_TaxType' 

2024-02-03 23:27:38 - [MESSAGE][PASSED] - All options with label 'Personal Income Tax' are selected in object 'Object Repository/RAD_Pages/Landing_Page/select_NewTaxReturnAmountDue_TaxType' 

2024-02-03 23:27:38 - [TEST_STEP][PASSED] - break: null

2024-02-03 23:27:38 - [TEST_STEP][PASSED] - delay(1): Delayed 1 second(s)

2024-02-03 23:27:39 - [MESSAGE][PASSED] - Delayed 1 second(s)

2024-02-03 23:27:39 - [TEST_STEP][PASSED] - scrollToElement(findTestObject(orPath_TaxPayer + "/input_firstName"), 3): Scroll to object 'Object Repository/RAD_Pages/Taxpayer_Page/input_firstName' successfully

2024-02-03 23:27:39 - [MESSAGE][PASSED] - Scroll to object 'Object Repository/RAD_Pages/Taxpayer_Page/input_firstName' successfully

2024-02-03 23:27:39 - [TEST_STEP][PASSED] - switch (Paymenttype): null

2024-02-03 23:27:39 - [TEST_STEP][PASSED] - case "New Tax Return Amount Due":: null

2024-02-03 23:27:39 - [TEST_STEP][PASSED] - if (Taxtype.equalsIgnoreCase("Estate Tax")): null

2024-02-03 23:27:39 - [TEST_STEP][PASSED] - else: Text '' is set on object 'Object Repository/RAD_RecordAndPlay/input_concatReSSN'

2024-02-03 23:27:39 - [TEST_STEP][PASSED] - setText(findTestObject("RAD_RecordAndPlay/input_concatSSN"), "1111111111"): Text '1111111111' is set on object 'Object Repository/RAD_RecordAndPlay/input_concatSSN'

2024-02-03 23:27:40 - [MESSAGE][PASSED] - Text '1111111111' is set on object 'Object Repository/RAD_RecordAndPlay/input_concatSSN'

2024-02-03 23:27:40 - [TEST_STEP][PASSED] - setText(findTestObject("RAD_RecordAndPlay/input_concatReSSN"), ""): Text '' is set on object 'Object Repository/RAD_RecordAndPlay/input_concatReSSN'

2024-02-03 23:27:40 - [MESSAGE][PASSED] - Text '' is set on object 'Object Repository/RAD_RecordAndPlay/input_concatReSSN'

2024-02-03 23:27:40 - [TEST_STEP][PASSED] - break: null

2024-02-03 23:27:40 - [TEST_STEP][PASSED] - delay(2): Delayed 2 second(s)

2024-02-03 23:27:42 - [MESSAGE][PASSED] - Delayed 2 second(s)

2024-02-03 23:27:42 - [TEST_STEP][PASSED] - switch (Taxtype): null

2024-02-03 23:27:42 - [TEST_STEP][PASSED] - Default: null

2024-02-03 23:27:42 - [TEST_STEP][PASSED] - if (verifyTextPresent("Please enter a valid SSN with 9 digits", true)): null

2024-02-03 23:27:43 - [MESSAGE][PASSED] - Text 'Please enter a valid SSN with 9 digits' is present on page  using regular expression

2024-02-03 23:27:43 - [TEST_STEP][PASSED] - println("Please enter a valid SSN with 9 digits"): null

2024-02-03 23:27:43 - [TEST_STEP][PASSED] - out.println("Pass Record Number: " + row): null

2024-02-03 23:27:43 - [TEST_STEP][PASSED] - resText = "Pass": null

2024-02-03 23:27:43 - [TEST_STEP][PASSED] - pages.WriteExcel.demoKey(resText, datText, resColumn, datCloumn, fileLoc, nameSheet, row): pages.WriteExcel.demoKey is PASSED

2024-02-03 23:27:43 - [MESSAGE][PASSED] - pages.WriteExcel.demoKey is PASSED

2024-02-03 23:27:43 - [TEST_STEP][PASSED] - break: null

2024-02-03 23:27:43 - [TEST_STEP][PASSED] - ExecuteTC = findTestData(dataFile).getValue("Execute", row): null

2024-02-03 23:27:43 - [TEST_STEP][PASSED] - Taxtype = findTestData(dataFile).getValue("TaxType", row): null

2024-02-03 23:27:43 - [TEST_STEP][PASSED] - Paymenttype = findTestData(dataFile).getValue("PaymentType", row): null

2024-02-03 23:27:43 - [TEST_STEP][PASSED] - out.println("Value of Execute is : " + ExecuteTC): null

2024-02-03 23:27:43 - [TEST_STEP][PASSED] - if (ExecuteTC.equalsIgnoreCase("Y")): null

2024-02-03 23:27:43 - [TEST_STEP][PASSED] - out.println("Begin Record Number: " + row): null

2024-02-03 23:27:43 - [TEST_STEP][PASSED] - today = new java.util.Date(): null

2024-02-03 23:27:43 - [TEST_STEP][PASSED] - println(today): null

2024-02-03 23:27:43 - [TEST_STEP][PASSED] - datText = today: null

2024-02-03 23:27:43 - [TEST_STEP][PASSED] - Taxtype = findTestData(dataFile).getValue("TaxType", row): null

2024-02-03 23:27:43 - [TEST_STEP][PASSED] - out.println("Taxtype value is : " + Taxtype): null

2024-02-03 23:27:43 - [TEST_STEP][PASSED] - openBrowser(""): Browser is opened with url: ''

2024-02-03 23:27:43 - [MESSAGE][WARNING] - A browser is already opened. Closing browser and opening a new one

2024-02-03 23:27:44 - [MESSAGE][INFO] - Starting 'Chrome' driver

2024-02-03 23:27:44 - [MESSAGE][INFO] - User set preference: ['acceptInsecureCerts', 'true']

2024-02-03 23:27:44 - [MESSAGE][INFO] - Action delay is set to 0 milliseconds

2024-02-03 23:27:45 - [MESSAGE][PASSED] - Browser is opened with url: ''

2024-02-03 23:27:45 - [TEST_STEP][PASSED] - maximizeWindow(): Current window maximized

2024-02-03 23:27:46 - [MESSAGE][PASSED] - Current window maximized

2024-02-03 23:27:46 - [TEST_STEP][PASSED] - navigateToUrl(RADurl): Navigate to 'https://qa2.velocitypayment.com/client/rad/index.html' successfully

2024-02-03 23:27:46 - [MESSAGE][PASSED] - Navigate to 'https://qa2.velocitypayment.com/client/rad/index.html' successfully

2024-02-03 23:27:46 - [TEST_STEP][PASSED] - orPath_Landing = "Object Repository/RAD_Pages/Landing_Page": null

2024-02-03 23:27:46 - [TEST_STEP][PASSED] - orPath_TaxTypeFilingYear = "Object Repository/RAD_Pages/TaxTypeFilingYear_Page": null

2024-02-03 23:27:46 - [TEST_STEP][PASSED] - orPath_TaxPayer = "Object Repository/RAD_Pages/Taxpayer_Page": null

2024-02-03 23:27:46 - [TEST_STEP][PASSED] - orPath_AddressContact = "Object Repository/RAD_Pages/AddressAndContactInfo_Page": null

2024-02-03 23:27:46 - [TEST_STEP][PASSED] - orPath_FilingStatus = "Object Repository/RAD_Pages/FilingStatus_Page": null

2024-02-03 23:27:46 - [TEST_STEP][PASSED] - orPath_Amount = "Object Repository/RAD_Pages/PaymentAmount_Page": null

2024-02-03 23:27:46 - [TEST_STEP][PASSED] - orPath_TaxInfo = "Object Repository/RAD_Pages/TaxInfo_Page": null

2024-02-03 23:27:46 - [TEST_STEP][PASSED] - selectOptionByLabel(findTestObject(orPath_Landing + "/dd_TaxType"), Paymenttype, false): All options with label 'Existing Liability w/Notice Number' are selected in object 'Object Repository/RAD_Pages/Landing_Page/dd_TaxType' 

2024-02-03 23:27:48 - [MESSAGE][PASSED] - All options with label 'Existing Liability w/Notice Number' are selected in object 'Object Repository/RAD_Pages/Landing_Page/dd_TaxType' 

2024-02-03 23:27:48 - [TEST_STEP][PASSED] - delay(1): Delayed 1 second(s)

2024-02-03 23:27:49 - [MESSAGE][PASSED] - Delayed 1 second(s)

2024-02-03 23:27:49 - [TEST_STEP][PASSED] - switch (Paymenttype): null

2024-02-03 23:27:49 - [TEST_STEP][PASSED] - case "Existing Liability w/Notice Number":: null

2024-02-03 23:27:49 - [TEST_STEP][PASSED] - selectOptionByLabel(findTestObject(orPath_TaxTypeFilingYear + "/select_TaxType_ExistingLiability"), Taxtype, false): All options with label 'Estate Tax' are selected in object 'Object Repository/RAD_Pages/TaxTypeFilingYear_Page/select_TaxType_ExistingLiability' 

2024-02-03 23:27:50 - [MESSAGE][PASSED] - All options with label 'Estate Tax' are selected in object 'Object Repository/RAD_Pages/TaxTypeFilingYear_Page/select_TaxType_ExistingLiability' 

2024-02-03 23:27:50 - [TEST_STEP][PASSED] - break: null

2024-02-03 23:27:50 - [TEST_STEP][PASSED] - delay(1): Delayed 1 second(s)

2024-02-03 23:27:51 - [MESSAGE][PASSED] - Delayed 1 second(s)

2024-02-03 23:27:51 - [TEST_STEP][PASSED] - scrollToElement(findTestObject(orPath_TaxPayer + "/input_firstName"), 3): Scroll to object 'Object Repository/RAD_Pages/Taxpayer_Page/input_firstName' successfully

2024-02-03 23:27:51 - [MESSAGE][PASSED] - Scroll to object 'Object Repository/RAD_Pages/Taxpayer_Page/input_firstName' successfully

2024-02-03 23:27:51 - [TEST_STEP][PASSED] - switch (Paymenttype): null

2024-02-03 23:27:51 - [TEST_STEP][PASSED] - case "Existing Liability w/Notice Number":: null

2024-02-03 23:27:51 - [TEST_STEP][PASSED] - if (Taxtype.equalsIgnoreCase("Estate Tax")): Text '' is set on object 'Object Repository/RAD_Pages/TaxInfo_Page/input_ReTypeDecedentSSN'

2024-02-03 23:27:51 - [TEST_STEP][PASSED] - setText(findTestObject(orPath_TaxInfo + "/input_DecedentSSN"), "1111111111"): Text '1111111111' is set on object 'Object Repository/RAD_Pages/TaxInfo_Page/input_DecedentSSN'

2024-02-03 23:27:52 - [MESSAGE][PASSED] - Text '1111111111' is set on object 'Object Repository/RAD_Pages/TaxInfo_Page/input_DecedentSSN'

2024-02-03 23:27:52 - [TEST_STEP][PASSED] - setText(findTestObject(orPath_TaxInfo + "/input_ReTypeDecedentSSN"), ""): Text '' is set on object 'Object Repository/RAD_Pages/TaxInfo_Page/input_ReTypeDecedentSSN'

2024-02-03 23:27:52 - [MESSAGE][PASSED] - Text '' is set on object 'Object Repository/RAD_Pages/TaxInfo_Page/input_ReTypeDecedentSSN'

2024-02-03 23:27:52 - [TEST_STEP][PASSED] - break: null

2024-02-03 23:27:52 - [TEST_STEP][PASSED] - delay(2): Delayed 2 second(s)

2024-02-03 23:27:54 - [MESSAGE][PASSED] - Delayed 2 second(s)

2024-02-03 23:27:54 - [TEST_STEP][PASSED] - switch (Taxtype): null

2024-02-03 23:27:54 - [TEST_STEP][PASSED] - case "Estate Tax":: null

2024-02-03 23:27:54 - [TEST_STEP][PASSED] - if (verifyTextPresent("Please enter a valid Decedent SSN with 9 digits", true)): null

2024-02-03 23:27:55 - [MESSAGE][PASSED] - Text 'Please enter a valid Decedent SSN with 9 digits' is present on page  using regular expression

2024-02-03 23:27:55 - [TEST_STEP][PASSED] - println("Please enter a valid SSN with 9 digits"): null

2024-02-03 23:27:55 - [TEST_STEP][PASSED] - out.println("Pass Record Number: " + row): null

2024-02-03 23:27:55 - [TEST_STEP][PASSED] - resText = "Pass": null

2024-02-03 23:27:55 - [TEST_STEP][PASSED] - pages.WriteExcel.demoKey(resText, datText, resColumn, datCloumn, fileLoc, nameSheet, row): pages.WriteExcel.demoKey is PASSED

2024-02-03 23:27:55 - [MESSAGE][PASSED] - pages.WriteExcel.demoKey is PASSED

2024-02-03 23:27:55 - [TEST_STEP][PASSED] - break: null

2024-02-03 23:27:55 - [TEST_STEP][PASSED] - ExecuteTC = findTestData(dataFile).getValue("Execute", row): null

2024-02-03 23:27:55 - [TEST_STEP][PASSED] - Taxtype = findTestData(dataFile).getValue("TaxType", row): null

2024-02-03 23:27:55 - [TEST_STEP][PASSED] - Paymenttype = findTestData(dataFile).getValue("PaymentType", row): null

2024-02-03 23:27:55 - [TEST_STEP][PASSED] - out.println("Value of Execute is : " + ExecuteTC): null

2024-02-03 23:27:55 - [TEST_STEP][PASSED] - if (ExecuteTC.equalsIgnoreCase("Y")): null

2024-02-03 23:27:55 - [TEST_STEP][PASSED] - out.println("Begin Record Number: " + row): null

2024-02-03 23:27:55 - [TEST_STEP][PASSED] - today = new java.util.Date(): null

2024-02-03 23:27:55 - [TEST_STEP][PASSED] - println(today): null

2024-02-03 23:27:55 - [TEST_STEP][PASSED] - datText = today: null

2024-02-03 23:27:55 - [TEST_STEP][PASSED] - Taxtype = findTestData(dataFile).getValue("TaxType", row): null

2024-02-03 23:27:55 - [TEST_STEP][PASSED] - out.println("Taxtype value is : " + Taxtype): null

2024-02-03 23:27:55 - [TEST_STEP][PASSED] - openBrowser(""): Browser is opened with url: ''

2024-02-03 23:27:55 - [MESSAGE][WARNING] - A browser is already opened. Closing browser and opening a new one

2024-02-03 23:27:56 - [MESSAGE][INFO] - Starting 'Chrome' driver

2024-02-03 23:27:56 - [MESSAGE][INFO] - User set preference: ['acceptInsecureCerts', 'true']

2024-02-03 23:27:56 - [MESSAGE][INFO] - Action delay is set to 0 milliseconds

2024-02-03 23:27:58 - [MESSAGE][PASSED] - Browser is opened with url: ''

2024-02-03 23:27:58 - [TEST_STEP][PASSED] - maximizeWindow(): Current window maximized

2024-02-03 23:27:58 - [MESSAGE][PASSED] - Current window maximized

2024-02-03 23:27:58 - [TEST_STEP][PASSED] - navigateToUrl(RADurl): Navigate to 'https://qa2.velocitypayment.com/client/rad/index.html' successfully

2024-02-03 23:27:58 - [MESSAGE][PASSED] - Navigate to 'https://qa2.velocitypayment.com/client/rad/index.html' successfully

2024-02-03 23:27:58 - [TEST_STEP][PASSED] - orPath_Landing = "Object Repository/RAD_Pages/Landing_Page": null

2024-02-03 23:27:58 - [TEST_STEP][PASSED] - orPath_TaxTypeFilingYear = "Object Repository/RAD_Pages/TaxTypeFilingYear_Page": null

2024-02-03 23:27:58 - [TEST_STEP][PASSED] - orPath_TaxPayer = "Object Repository/RAD_Pages/Taxpayer_Page": null

2024-02-03 23:27:58 - [TEST_STEP][PASSED] - orPath_AddressContact = "Object Repository/RAD_Pages/AddressAndContactInfo_Page": null

2024-02-03 23:27:58 - [TEST_STEP][PASSED] - orPath_FilingStatus = "Object Repository/RAD_Pages/FilingStatus_Page": null

2024-02-03 23:27:58 - [TEST_STEP][PASSED] - orPath_Amount = "Object Repository/RAD_Pages/PaymentAmount_Page": null

2024-02-03 23:27:58 - [TEST_STEP][PASSED] - orPath_TaxInfo = "Object Repository/RAD_Pages/TaxInfo_Page": null

2024-02-03 23:27:58 - [TEST_STEP][PASSED] - selectOptionByLabel(findTestObject(orPath_Landing + "/dd_TaxType"), Paymenttype, false): All options with label 'New Tax Return Amount Due' are selected in object 'Object Repository/RAD_Pages/Landing_Page/dd_TaxType' 

2024-02-03 23:28:00 - [MESSAGE][PASSED] - All options with label 'New Tax Return Amount Due' are selected in object 'Object Repository/RAD_Pages/Landing_Page/dd_TaxType' 

2024-02-03 23:28:00 - [TEST_STEP][PASSED] - delay(1): Delayed 1 second(s)

2024-02-03 23:28:01 - [MESSAGE][PASSED] - Delayed 1 second(s)

2024-02-03 23:28:01 - [TEST_STEP][PASSED] - switch (Paymenttype): null

2024-02-03 23:28:01 - [TEST_STEP][PASSED] - case "New Tax Return Amount Due":: null

2024-02-03 23:28:01 - [TEST_STEP][PASSED] - selectOptionByLabel(findTestObject("Object Repository/RAD_Pages/Landing_Page/select_NewTaxReturnAmountDue_TaxType"), Taxtype, false): All options with label 'Estate Tax' are selected in object 'Object Repository/RAD_Pages/Landing_Page/select_NewTaxReturnAmountDue_TaxType' 

2024-02-03 23:28:02 - [MESSAGE][PASSED] - All options with label 'Estate Tax' are selected in object 'Object Repository/RAD_Pages/Landing_Page/select_NewTaxReturnAmountDue_TaxType' 

2024-02-03 23:28:02 - [TEST_STEP][PASSED] - break: null

2024-02-03 23:28:02 - [TEST_STEP][PASSED] - delay(1): Delayed 1 second(s)

2024-02-03 23:28:03 - [MESSAGE][PASSED] - Delayed 1 second(s)

2024-02-03 23:28:03 - [TEST_STEP][PASSED] - scrollToElement(findTestObject(orPath_TaxPayer + "/input_firstName"), 3): Scroll to object 'Object Repository/RAD_Pages/Taxpayer_Page/input_firstName' successfully

2024-02-03 23:28:03 - [MESSAGE][PASSED] - Scroll to object 'Object Repository/RAD_Pages/Taxpayer_Page/input_firstName' successfully

2024-02-03 23:28:03 - [TEST_STEP][PASSED] - switch (Paymenttype): null

2024-02-03 23:28:03 - [TEST_STEP][PASSED] - case "New Tax Return Amount Due":: null

2024-02-03 23:28:03 - [TEST_STEP][PASSED] - if (Taxtype.equalsIgnoreCase("Estate Tax")): Text '' is set on object 'Object Repository/RAD_Pages/Taxpayer_Page/input_NewTax_ReTypeDecedentSSN'

2024-02-03 23:28:03 - [TEST_STEP][PASSED] - setText(findTestObject(orPath_TaxPayer + "/input_NewTax_DecedentSSN"), "1111111111"): Text '1111111111' is set on object 'Object Repository/RAD_Pages/Taxpayer_Page/input_NewTax_DecedentSSN'

2024-02-03 23:28:04 - [MESSAGE][PASSED] - Text '1111111111' is set on object 'Object Repository/RAD_Pages/Taxpayer_Page/input_NewTax_DecedentSSN'

2024-02-03 23:28:04 - [TEST_STEP][PASSED] - setText(findTestObject(orPath_TaxPayer + "/input_NewTax_ReTypeDecedentSSN"), ""): Text '' is set on object 'Object Repository/RAD_Pages/Taxpayer_Page/input_NewTax_ReTypeDecedentSSN'

2024-02-03 23:28:04 - [MESSAGE][PASSED] - Text '' is set on object 'Object Repository/RAD_Pages/Taxpayer_Page/input_NewTax_ReTypeDecedentSSN'

2024-02-03 23:28:04 - [TEST_STEP][PASSED] - break: null

2024-02-03 23:28:04 - [TEST_STEP][PASSED] - delay(2): Delayed 2 second(s)

2024-02-03 23:28:06 - [MESSAGE][PASSED] - Delayed 2 second(s)

2024-02-03 23:28:06 - [TEST_STEP][PASSED] - switch (Taxtype): null

2024-02-03 23:28:06 - [TEST_STEP][PASSED] - case "Estate Tax":: null

2024-02-03 23:28:06 - [TEST_STEP][PASSED] - if (verifyTextPresent("Please enter a valid Decedent SSN with 9 digits", true)): null

2024-02-03 23:28:07 - [MESSAGE][PASSED] - Text 'Please enter a valid Decedent SSN with 9 digits' is present on page  using regular expression

2024-02-03 23:28:07 - [TEST_STEP][PASSED] - println("Please enter a valid SSN with 9 digits"): null

2024-02-03 23:28:07 - [TEST_STEP][PASSED] - out.println("Pass Record Number: " + row): null

2024-02-03 23:28:07 - [TEST_STEP][PASSED] - resText = "Pass": null

2024-02-03 23:28:07 - [TEST_STEP][PASSED] - pages.WriteExcel.demoKey(resText, datText, resColumn, datCloumn, fileLoc, nameSheet, row): pages.WriteExcel.demoKey is PASSED

2024-02-03 23:28:07 - [MESSAGE][PASSED] - pages.WriteExcel.demoKey is PASSED

2024-02-03 23:28:07 - [TEST_STEP][PASSED] - break: null]]></system-out>
         <system-err><![CDATA[]]></system-err>
      </testcase>
      <testcase name="Test Cases/RAD_TestCases/Negative_TestCases/JointFilerSSNnoMatch-NEW" time="29.078" classname="Test Cases/RAD_TestCases/Negative_TestCases/JointFilerSSNnoMatch-NEW" status="PASSED">
         <system-out><![CDATA[2024-02-03 23:28:07 - [TEST_CASE][PASSED] - Test Cases/RAD_TestCases/Negative_TestCases/JointFilerSSNnoMatch-NEW: Test Cases/RAD_TestCases/Negative_TestCases/JointFilerSSNnoMatch-NEW

2024-02-03 23:28:07 - [TEST_STEP][PASSED] - resText = "Fail": null

2024-02-03 23:28:07 - [TEST_STEP][PASSED] - resColumn = "Result": null

2024-02-03 23:28:07 - [TEST_STEP][PASSED] - datCloumn = "Date": null

2024-02-03 23:28:07 - [TEST_STEP][PASSED] - fileLoc = "KatalonData/RADTestData/JointFilerSSNnoMatch.xlsx": null

2024-02-03 23:28:07 - [TEST_STEP][PASSED] - nameSheet = "Sheet1": null

2024-02-03 23:28:07 - [TEST_STEP][PASSED] - dataFile = "RADTestData/JointFilerSSNnoMatch": null

2024-02-03 23:28:07 - [TEST_STEP][PASSED] - ExecuteTC = <not implemented yet for class: org.codehaus.groovy.ast.expr.EmptyExpression>: null

2024-02-03 23:28:07 - [TEST_STEP][PASSED] - Taxtype = <not implemented yet for class: org.codehaus.groovy.ast.expr.EmptyExpression>: null

2024-02-03 23:28:07 - [TEST_STEP][PASSED] - numOfRows = findTestData(dataFile).getRowNumbers(): null

2024-02-03 23:28:07 - [TEST_STEP][PASSED] - println("Number of Records: " + numOfRows): null

2024-02-03 23:28:07 - [TEST_STEP][PASSED] - for ([row = 1, row <= numOfRows, (row++)]): null

2024-02-03 23:28:07 - [TEST_STEP][PASSED] - ExecuteTC = findTestData(dataFile).getValue("Execute", row): null

2024-02-03 23:28:07 - [TEST_STEP][PASSED] - Taxtype = findTestData(dataFile).getValue("TaxType", row): null

2024-02-03 23:28:07 - [TEST_STEP][PASSED] - Paymenttype = findTestData(dataFile).getValue("PaymentType", row): null

2024-02-03 23:28:07 - [TEST_STEP][PASSED] - out.println("Value of Execute is : " + ExecuteTC): null

2024-02-03 23:28:07 - [TEST_STEP][PASSED] - if (ExecuteTC.equalsIgnoreCase("Y")): null

2024-02-03 23:28:07 - [TEST_STEP][PASSED] - out.println("Begin Record Number: " + row): null

2024-02-03 23:28:07 - [TEST_STEP][PASSED] - today = new java.util.Date(): null

2024-02-03 23:28:07 - [TEST_STEP][PASSED] - println(today): null

2024-02-03 23:28:07 - [TEST_STEP][PASSED] - datText = today: null

2024-02-03 23:28:07 - [TEST_STEP][PASSED] - Taxtype = findTestData(dataFile).getValue("TaxType", row): null

2024-02-03 23:28:08 - [TEST_STEP][PASSED] - out.println("Taxtype value is : " + Taxtype): null

2024-02-03 23:28:08 - [TEST_STEP][PASSED] - openBrowser(""): Browser is opened with url: ''

2024-02-03 23:28:08 - [MESSAGE][WARNING] - A browser is already opened. Closing browser and opening a new one

2024-02-03 23:28:09 - [MESSAGE][INFO] - Starting 'Chrome' driver

2024-02-03 23:28:09 - [MESSAGE][INFO] - User set preference: ['acceptInsecureCerts', 'true']

2024-02-03 23:28:09 - [MESSAGE][INFO] - Action delay is set to 0 milliseconds

2024-02-03 23:28:10 - [MESSAGE][PASSED] - Browser is opened with url: ''

2024-02-03 23:28:10 - [TEST_STEP][PASSED] - maximizeWindow(): Current window maximized

2024-02-03 23:28:10 - [MESSAGE][PASSED] - Current window maximized

2024-02-03 23:28:10 - [TEST_STEP][PASSED] - navigateToUrl(RADurl): Navigate to 'https://qa2.velocitypayment.com/client/rad/index.html' successfully

2024-02-03 23:28:12 - [MESSAGE][PASSED] - Navigate to 'https://qa2.velocitypayment.com/client/rad/index.html' successfully

2024-02-03 23:28:12 - [TEST_STEP][PASSED] - orPath_Landing = "Object Repository/RAD_Pages/Landing_Page": null

2024-02-03 23:28:12 - [TEST_STEP][PASSED] - orPath_TaxTypeFilingYear = "Object Repository/RAD_Pages/TaxTypeFilingYear_Page": null

2024-02-03 23:28:12 - [TEST_STEP][PASSED] - orPath_TaxPayer = "Object Repository/RAD_Pages/Taxpayer_Page": null

2024-02-03 23:28:12 - [TEST_STEP][PASSED] - orPath_AddressContact = "Object Repository/RAD_Pages/AddressAndContactInfo_Page": null

2024-02-03 23:28:12 - [TEST_STEP][PASSED] - orPath_FilingStatus = "Object Repository/RAD_Pages/FilingStatus_Page": null

2024-02-03 23:28:12 - [TEST_STEP][PASSED] - orPath_Amount = "Object Repository/RAD_Pages/PaymentAmount_Page": null

2024-02-03 23:28:12 - [TEST_STEP][PASSED] - orPath_TaxInfo = "Object Repository/RAD_Pages/TaxInfo_Page": null

2024-02-03 23:28:12 - [TEST_STEP][PASSED] - selectOptionByLabel(findTestObject(orPath_Landing + "/dd_TaxType"), Paymenttype, false): All options with label 'Quarterly Estimated Tax' are selected in object 'Object Repository/RAD_Pages/Landing_Page/dd_TaxType' 

2024-02-03 23:28:13 - [MESSAGE][PASSED] - All options with label 'Quarterly Estimated Tax' are selected in object 'Object Repository/RAD_Pages/Landing_Page/dd_TaxType' 

2024-02-03 23:28:13 - [TEST_STEP][PASSED] - delay(1): Delayed 1 second(s)

2024-02-03 23:28:14 - [MESSAGE][PASSED] - Delayed 1 second(s)

2024-02-03 23:28:14 - [TEST_STEP][PASSED] - switch (Paymenttype): null

2024-02-03 23:28:14 - [TEST_STEP][PASSED] - case "Quarterly Estimated Tax":: null

2024-02-03 23:28:14 - [TEST_STEP][PASSED] - selectOptionByLabel(findTestObject(orPath_TaxTypeFilingYear + "/select_PaymentType"), Taxtype, false): All options with label 'Personal Income Tax' are selected in object 'Object Repository/RAD_Pages/TaxTypeFilingYear_Page/select_PaymentType' 

2024-02-03 23:28:15 - [MESSAGE][PASSED] - All options with label 'Personal Income Tax' are selected in object 'Object Repository/RAD_Pages/TaxTypeFilingYear_Page/select_PaymentType' 

2024-02-03 23:28:15 - [TEST_STEP][PASSED] - break: null

2024-02-03 23:28:15 - [TEST_STEP][PASSED] - delay(1): Delayed 1 second(s)

2024-02-03 23:28:16 - [MESSAGE][PASSED] - Delayed 1 second(s)

2024-02-03 23:28:16 - [TEST_STEP][PASSED] - scrollToElement(findTestObject(orPath_Amount + "/input__paymentAmount"), 2, CONTINUE_ON_FAILURE): Scroll to object 'Object Repository/RAD_Pages/PaymentAmount_Page/input__paymentAmount' successfully

2024-02-03 23:28:16 - [MESSAGE][PASSED] - Scroll to object 'Object Repository/RAD_Pages/PaymentAmount_Page/input__paymentAmount' successfully

2024-02-03 23:28:16 - [TEST_STEP][PASSED] - waitForElementClickable(findTestObject(orPath_FilingStatus + "/input_userType_Joint"), 5): Object 'Object Repository/RAD_Pages/FilingStatus_Page/input_userType_Joint' is clickable

2024-02-03 23:28:17 - [MESSAGE][PASSED] - Object 'Object Repository/RAD_Pages/FilingStatus_Page/input_userType_Joint' is clickable

2024-02-03 23:28:17 - [TEST_STEP][PASSED] - click(findTestObject(orPath_FilingStatus + "/input_userType_Joint")): Object: 'Object Repository/RAD_Pages/FilingStatus_Page/input_userType_Joint' is clicked on

2024-02-03 23:28:17 - [MESSAGE][PASSED] - Object: 'Object Repository/RAD_Pages/FilingStatus_Page/input_userType_Joint' is clicked on

2024-02-03 23:28:17 - [TEST_STEP][PASSED] - setText(findTestObject("Object Repository/RAD_RecordAndPlay/input_JointFilerSSN"), "111116523"): Text '111116523' is set on object 'Object Repository/RAD_RecordAndPlay/input_JointFilerSSN'

2024-02-03 23:28:18 - [MESSAGE][PASSED] - Text '111116523' is set on object 'Object Repository/RAD_RecordAndPlay/input_JointFilerSSN'

2024-02-03 23:28:18 - [TEST_STEP][PASSED] - setText(findTestObject("Object Repository/RAD_RecordAndPlay/input_reTypeJointFilerSSN"), "222226523"): Text '222226523' is set on object 'Object Repository/RAD_RecordAndPlay/input_reTypeJointFilerSSN'

2024-02-03 23:28:18 - [MESSAGE][PASSED] - Text '222226523' is set on object 'Object Repository/RAD_RecordAndPlay/input_reTypeJointFilerSSN'

2024-02-03 23:28:18 - [TEST_STEP][PASSED] - setText(findTestObject(orPath_Amount + "/input__paymentAmount"), ""): Text '' is set on object 'Object Repository/RAD_Pages/PaymentAmount_Page/input__paymentAmount'

2024-02-03 23:28:19 - [MESSAGE][PASSED] - Text '' is set on object 'Object Repository/RAD_Pages/PaymentAmount_Page/input__paymentAmount'

2024-02-03 23:28:19 - [TEST_STEP][PASSED] - delay(2): Delayed 2 second(s)

2024-02-03 23:28:21 - [MESSAGE][PASSED] - Delayed 2 second(s)

2024-02-03 23:28:21 - [TEST_STEP][PASSED] - if (verifyTextPresent("The SSN and Re-type SSN do not match", true)): null

2024-02-03 23:28:22 - [MESSAGE][PASSED] - Text 'The SSN and Re-type SSN do not match' is present on page  using regular expression

2024-02-03 23:28:22 - [TEST_STEP][PASSED] - println("Joint Filer SSN Dont match text is present"): null

2024-02-03 23:28:22 - [TEST_STEP][PASSED] - out.println("Pass Record Number: " + row): null

2024-02-03 23:28:22 - [TEST_STEP][PASSED] - resText = "Pass": null

2024-02-03 23:28:22 - [TEST_STEP][PASSED] - pages.WriteExcel.demoKey(resText, datText, resColumn, datCloumn, fileLoc, nameSheet, row): pages.WriteExcel.demoKey is PASSED

2024-02-03 23:28:22 - [MESSAGE][PASSED] - pages.WriteExcel.demoKey is PASSED

2024-02-03 23:28:22 - [TEST_STEP][PASSED] - ExecuteTC = findTestData(dataFile).getValue("Execute", row): null

2024-02-03 23:28:22 - [TEST_STEP][PASSED] - Taxtype = findTestData(dataFile).getValue("TaxType", row): null

2024-02-03 23:28:22 - [TEST_STEP][PASSED] - Paymenttype = findTestData(dataFile).getValue("PaymentType", row): null

2024-02-03 23:28:22 - [TEST_STEP][PASSED] - out.println("Value of Execute is : " + ExecuteTC): null

2024-02-03 23:28:22 - [TEST_STEP][PASSED] - if (ExecuteTC.equalsIgnoreCase("Y")): null

2024-02-03 23:28:22 - [TEST_STEP][PASSED] - ExecuteTC = findTestData(dataFile).getValue("Execute", row): null

2024-02-03 23:28:22 - [TEST_STEP][PASSED] - Taxtype = findTestData(dataFile).getValue("TaxType", row): null

2024-02-03 23:28:22 - [TEST_STEP][PASSED] - Paymenttype = findTestData(dataFile).getValue("PaymentType", row): null

2024-02-03 23:28:22 - [TEST_STEP][PASSED] - out.println("Value of Execute is : " + ExecuteTC): null

2024-02-03 23:28:22 - [TEST_STEP][PASSED] - if (ExecuteTC.equalsIgnoreCase("Y")): null

2024-02-03 23:28:22 - [TEST_STEP][PASSED] - out.println("Begin Record Number: " + row): null

2024-02-03 23:28:22 - [TEST_STEP][PASSED] - today = new java.util.Date(): null

2024-02-03 23:28:22 - [TEST_STEP][PASSED] - println(today): null

2024-02-03 23:28:22 - [TEST_STEP][PASSED] - datText = today: null

2024-02-03 23:28:22 - [TEST_STEP][PASSED] - Taxtype = findTestData(dataFile).getValue("TaxType", row): null

2024-02-03 23:28:22 - [TEST_STEP][PASSED] - out.println("Taxtype value is : " + Taxtype): null

2024-02-03 23:28:22 - [TEST_STEP][PASSED] - openBrowser(""): Browser is opened with url: ''

2024-02-03 23:28:22 - [MESSAGE][WARNING] - A browser is already opened. Closing browser and opening a new one

2024-02-03 23:28:23 - [MESSAGE][INFO] - Starting 'Chrome' driver

2024-02-03 23:28:23 - [MESSAGE][INFO] - User set preference: ['acceptInsecureCerts', 'true']

2024-02-03 23:28:23 - [MESSAGE][INFO] - Action delay is set to 0 milliseconds

2024-02-03 23:28:25 - [MESSAGE][PASSED] - Browser is opened with url: ''

2024-02-03 23:28:25 - [TEST_STEP][PASSED] - maximizeWindow(): Current window maximized

2024-02-03 23:28:25 - [MESSAGE][PASSED] - Current window maximized

2024-02-03 23:28:25 - [TEST_STEP][PASSED] - navigateToUrl(RADurl): Navigate to 'https://qa2.velocitypayment.com/client/rad/index.html' successfully

2024-02-03 23:28:27 - [MESSAGE][PASSED] - Navigate to 'https://qa2.velocitypayment.com/client/rad/index.html' successfully

2024-02-03 23:28:27 - [TEST_STEP][PASSED] - orPath_Landing = "Object Repository/RAD_Pages/Landing_Page": null

2024-02-03 23:28:27 - [TEST_STEP][PASSED] - orPath_TaxTypeFilingYear = "Object Repository/RAD_Pages/TaxTypeFilingYear_Page": null

2024-02-03 23:28:27 - [TEST_STEP][PASSED] - orPath_TaxPayer = "Object Repository/RAD_Pages/Taxpayer_Page": null

2024-02-03 23:28:27 - [TEST_STEP][PASSED] - orPath_AddressContact = "Object Repository/RAD_Pages/AddressAndContactInfo_Page": null

2024-02-03 23:28:27 - [TEST_STEP][PASSED] - orPath_FilingStatus = "Object Repository/RAD_Pages/FilingStatus_Page": null

2024-02-03 23:28:27 - [TEST_STEP][PASSED] - orPath_Amount = "Object Repository/RAD_Pages/PaymentAmount_Page": null

2024-02-03 23:28:27 - [TEST_STEP][PASSED] - orPath_TaxInfo = "Object Repository/RAD_Pages/TaxInfo_Page": null

2024-02-03 23:28:27 - [TEST_STEP][PASSED] - selectOptionByLabel(findTestObject(orPath_Landing + "/dd_TaxType"), Paymenttype, false): All options with label 'New Tax Return Amount Due' are selected in object 'Object Repository/RAD_Pages/Landing_Page/dd_TaxType' 

2024-02-03 23:28:27 - [MESSAGE][PASSED] - All options with label 'New Tax Return Amount Due' are selected in object 'Object Repository/RAD_Pages/Landing_Page/dd_TaxType' 

2024-02-03 23:28:27 - [TEST_STEP][PASSED] - delay(1): Delayed 1 second(s)

2024-02-03 23:28:28 - [MESSAGE][PASSED] - Delayed 1 second(s)

2024-02-03 23:28:28 - [TEST_STEP][PASSED] - switch (Paymenttype): null

2024-02-03 23:28:28 - [TEST_STEP][PASSED] - case "New Tax Return Amount Due":: null

2024-02-03 23:28:28 - [TEST_STEP][PASSED] - selectOptionByLabel(findTestObject("Object Repository/RAD_Pages/Landing_Page/select_NewTaxReturnAmountDue_TaxType"), Taxtype, false): All options with label 'Personal Income Tax' are selected in object 'Object Repository/RAD_Pages/Landing_Page/select_NewTaxReturnAmountDue_TaxType' 

2024-02-03 23:28:29 - [MESSAGE][PASSED] - All options with label 'Personal Income Tax' are selected in object 'Object Repository/RAD_Pages/Landing_Page/select_NewTaxReturnAmountDue_TaxType' 

2024-02-03 23:28:29 - [TEST_STEP][PASSED] - break: null

2024-02-03 23:28:29 - [TEST_STEP][PASSED] - delay(1): Delayed 1 second(s)

2024-02-03 23:28:30 - [MESSAGE][PASSED] - Delayed 1 second(s)

2024-02-03 23:28:30 - [TEST_STEP][PASSED] - scrollToElement(findTestObject(orPath_Amount + "/input__paymentAmount"), 2, CONTINUE_ON_FAILURE): Scroll to object 'Object Repository/RAD_Pages/PaymentAmount_Page/input__paymentAmount' successfully

2024-02-03 23:28:30 - [MESSAGE][PASSED] - Scroll to object 'Object Repository/RAD_Pages/PaymentAmount_Page/input__paymentAmount' successfully

2024-02-03 23:28:30 - [TEST_STEP][PASSED] - waitForElementClickable(findTestObject(orPath_FilingStatus + "/input_userType_Joint"), 5): Object 'Object Repository/RAD_Pages/FilingStatus_Page/input_userType_Joint' is clickable

2024-02-03 23:28:31 - [MESSAGE][PASSED] - Object 'Object Repository/RAD_Pages/FilingStatus_Page/input_userType_Joint' is clickable

2024-02-03 23:28:31 - [TEST_STEP][PASSED] - click(findTestObject(orPath_FilingStatus + "/input_userType_Joint")): Object: 'Object Repository/RAD_Pages/FilingStatus_Page/input_userType_Joint' is clicked on

2024-02-03 23:28:31 - [MESSAGE][PASSED] - Object: 'Object Repository/RAD_Pages/FilingStatus_Page/input_userType_Joint' is clicked on

2024-02-03 23:28:31 - [TEST_STEP][PASSED] - setText(findTestObject("Object Repository/RAD_RecordAndPlay/input_JointFilerSSN"), "111116523"): Text '111116523' is set on object 'Object Repository/RAD_RecordAndPlay/input_JointFilerSSN'

2024-02-03 23:28:32 - [MESSAGE][PASSED] - Text '111116523' is set on object 'Object Repository/RAD_RecordAndPlay/input_JointFilerSSN'

2024-02-03 23:28:32 - [TEST_STEP][PASSED] - setText(findTestObject("Object Repository/RAD_RecordAndPlay/input_reTypeJointFilerSSN"), "222226523"): Text '222226523' is set on object 'Object Repository/RAD_RecordAndPlay/input_reTypeJointFilerSSN'

2024-02-03 23:28:32 - [MESSAGE][PASSED] - Text '222226523' is set on object 'Object Repository/RAD_RecordAndPlay/input_reTypeJointFilerSSN'

2024-02-03 23:28:32 - [TEST_STEP][PASSED] - setText(findTestObject(orPath_Amount + "/input__paymentAmount"), ""): Text '' is set on object 'Object Repository/RAD_Pages/PaymentAmount_Page/input__paymentAmount'

2024-02-03 23:28:33 - [MESSAGE][PASSED] - Text '' is set on object 'Object Repository/RAD_Pages/PaymentAmount_Page/input__paymentAmount'

2024-02-03 23:28:33 - [TEST_STEP][PASSED] - delay(2): Delayed 2 second(s)

2024-02-03 23:28:35 - [MESSAGE][PASSED] - Delayed 2 second(s)

2024-02-03 23:28:35 - [TEST_STEP][PASSED] - if (verifyTextPresent("The SSN and Re-type SSN do not match", true)): null

2024-02-03 23:28:36 - [MESSAGE][PASSED] - Text 'The SSN and Re-type SSN do not match' is present on page  using regular expression

2024-02-03 23:28:36 - [TEST_STEP][PASSED] - println("Joint Filer SSN Dont match text is present"): null

2024-02-03 23:28:36 - [TEST_STEP][PASSED] - out.println("Pass Record Number: " + row): null

2024-02-03 23:28:36 - [TEST_STEP][PASSED] - resText = "Pass": null

2024-02-03 23:28:36 - [TEST_STEP][PASSED] - pages.WriteExcel.demoKey(resText, datText, resColumn, datCloumn, fileLoc, nameSheet, row): pages.WriteExcel.demoKey is PASSED

2024-02-03 23:28:36 - [MESSAGE][PASSED] - pages.WriteExcel.demoKey is PASSED]]></system-out>
         <system-err><![CDATA[]]></system-err>
      </testcase>
      <testcase name="Test Cases/RAD_TestCases/Negative_TestCases/JointFilerSSNmoreThan9Error" time="27.7" classname="Test Cases/RAD_TestCases/Negative_TestCases/JointFilerSSNmoreThan9Error" status="PASSED">
         <system-out><![CDATA[2024-02-03 23:28:36 - [TEST_CASE][PASSED] - Test Cases/RAD_TestCases/Negative_TestCases/JointFilerSSNmoreThan9Error: Test Cases/RAD_TestCases/Negative_TestCases/JointFilerSSNmoreThan9Error

2024-02-03 23:28:37 - [TEST_STEP][PASSED] - resText = "Fail": null

2024-02-03 23:28:37 - [TEST_STEP][PASSED] - resColumn = "Result": null

2024-02-03 23:28:37 - [TEST_STEP][PASSED] - datCloumn = "Date": null

2024-02-03 23:28:37 - [TEST_STEP][PASSED] - fileLoc = "KatalonData/RADTestData/JointFilerSSNmoreThan9Error.xlsx": null

2024-02-03 23:28:37 - [TEST_STEP][PASSED] - nameSheet = "Sheet1": null

2024-02-03 23:28:37 - [TEST_STEP][PASSED] - dataFile = "RADTestData/JointFilerSSNmoreThan9Error": null

2024-02-03 23:28:37 - [TEST_STEP][PASSED] - ExecuteTC = <not implemented yet for class: org.codehaus.groovy.ast.expr.EmptyExpression>: null

2024-02-03 23:28:37 - [TEST_STEP][PASSED] - Taxtype = <not implemented yet for class: org.codehaus.groovy.ast.expr.EmptyExpression>: null

2024-02-03 23:28:37 - [TEST_STEP][PASSED] - numOfRows = findTestData(dataFile).getRowNumbers(): null

2024-02-03 23:28:37 - [TEST_STEP][PASSED] - println("Number of Records: " + numOfRows): null

2024-02-03 23:28:37 - [TEST_STEP][PASSED] - for ([row = 1, row <= numOfRows, (row++)]): null

2024-02-03 23:28:37 - [TEST_STEP][PASSED] - ExecuteTC = findTestData(dataFile).getValue("Execute", row): null

2024-02-03 23:28:37 - [TEST_STEP][PASSED] - Taxtype = findTestData(dataFile).getValue("TaxType", row): null

2024-02-03 23:28:37 - [TEST_STEP][PASSED] - Paymenttype = findTestData(dataFile).getValue("PaymentType", row): null

2024-02-03 23:28:37 - [TEST_STEP][PASSED] - out.println("Value of Execute is : " + ExecuteTC): null

2024-02-03 23:28:37 - [TEST_STEP][PASSED] - if (ExecuteTC.equalsIgnoreCase("Y")): null

2024-02-03 23:28:37 - [TEST_STEP][PASSED] - out.println("Begin Record Number: " + row): null

2024-02-03 23:28:37 - [TEST_STEP][PASSED] - today = new java.util.Date(): null

2024-02-03 23:28:37 - [TEST_STEP][PASSED] - println(today): null

2024-02-03 23:28:37 - [TEST_STEP][PASSED] - datText = today: null

2024-02-03 23:28:37 - [TEST_STEP][PASSED] - Taxtype = findTestData(dataFile).getValue("TaxType", row): null

2024-02-03 23:28:37 - [TEST_STEP][PASSED] - out.println("Taxtype value is : " + Taxtype): null

2024-02-03 23:28:37 - [TEST_STEP][PASSED] - openBrowser(""): Browser is opened with url: ''

2024-02-03 23:28:37 - [MESSAGE][WARNING] - A browser is already opened. Closing browser and opening a new one

2024-02-03 23:28:38 - [MESSAGE][INFO] - Starting 'Chrome' driver

2024-02-03 23:28:38 - [MESSAGE][INFO] - User set preference: ['acceptInsecureCerts', 'true']

2024-02-03 23:28:38 - [MESSAGE][INFO] - Action delay is set to 0 milliseconds

2024-02-03 23:28:40 - [MESSAGE][PASSED] - Browser is opened with url: ''

2024-02-03 23:28:40 - [TEST_STEP][PASSED] - maximizeWindow(): Current window maximized

2024-02-03 23:28:40 - [MESSAGE][PASSED] - Current window maximized

2024-02-03 23:28:40 - [TEST_STEP][PASSED] - navigateToUrl(RADurl): Navigate to 'https://qa2.velocitypayment.com/client/rad/index.html' successfully

2024-02-03 23:28:42 - [MESSAGE][PASSED] - Navigate to 'https://qa2.velocitypayment.com/client/rad/index.html' successfully

2024-02-03 23:28:42 - [TEST_STEP][PASSED] - orPath_Landing = "Object Repository/RAD_Pages/Landing_Page": null

2024-02-03 23:28:42 - [TEST_STEP][PASSED] - orPath_TaxTypeFilingYear = "Object Repository/RAD_Pages/TaxTypeFilingYear_Page": null

2024-02-03 23:28:42 - [TEST_STEP][PASSED] - orPath_TaxPayer = "Object Repository/RAD_Pages/Taxpayer_Page": null

2024-02-03 23:28:42 - [TEST_STEP][PASSED] - orPath_AddressContact = "Object Repository/RAD_Pages/AddressAndContactInfo_Page": null

2024-02-03 23:28:42 - [TEST_STEP][PASSED] - orPath_FilingStatus = "Object Repository/RAD_Pages/FilingStatus_Page": null

2024-02-03 23:28:42 - [TEST_STEP][PASSED] - orPath_Amount = "Object Repository/RAD_Pages/PaymentAmount_Page": null

2024-02-03 23:28:42 - [TEST_STEP][PASSED] - orPath_TaxInfo = "Object Repository/RAD_Pages/TaxInfo_Page": null

2024-02-03 23:28:42 - [TEST_STEP][PASSED] - selectOptionByLabel(findTestObject(orPath_Landing + "/dd_TaxType"), Paymenttype, false): All options with label 'Quarterly Estimated Tax' are selected in object 'Object Repository/RAD_Pages/Landing_Page/dd_TaxType' 

2024-02-03 23:28:42 - [MESSAGE][PASSED] - All options with label 'Quarterly Estimated Tax' are selected in object 'Object Repository/RAD_Pages/Landing_Page/dd_TaxType' 

2024-02-03 23:28:42 - [TEST_STEP][PASSED] - delay(1): Delayed 1 second(s)

2024-02-03 23:28:43 - [MESSAGE][PASSED] - Delayed 1 second(s)

2024-02-03 23:28:43 - [TEST_STEP][PASSED] - switch (Paymenttype): null

2024-02-03 23:28:43 - [TEST_STEP][PASSED] - case "Quarterly Estimated Tax":: null

2024-02-03 23:28:43 - [TEST_STEP][PASSED] - selectOptionByLabel(findTestObject(orPath_TaxTypeFilingYear + "/select_PaymentType"), Taxtype, false): All options with label 'Personal Income Tax' are selected in object 'Object Repository/RAD_Pages/TaxTypeFilingYear_Page/select_PaymentType' 

2024-02-03 23:28:44 - [MESSAGE][PASSED] - All options with label 'Personal Income Tax' are selected in object 'Object Repository/RAD_Pages/TaxTypeFilingYear_Page/select_PaymentType' 

2024-02-03 23:28:44 - [TEST_STEP][PASSED] - break: null

2024-02-03 23:28:44 - [TEST_STEP][PASSED] - delay(1): Delayed 1 second(s)

2024-02-03 23:28:45 - [MESSAGE][PASSED] - Delayed 1 second(s)

2024-02-03 23:28:45 - [TEST_STEP][PASSED] - scrollToElement(findTestObject(orPath_Amount + "/input__paymentAmount"), 2, CONTINUE_ON_FAILURE): Scroll to object 'Object Repository/RAD_Pages/PaymentAmount_Page/input__paymentAmount' successfully

2024-02-03 23:28:45 - [MESSAGE][PASSED] - Scroll to object 'Object Repository/RAD_Pages/PaymentAmount_Page/input__paymentAmount' successfully

2024-02-03 23:28:45 - [TEST_STEP][PASSED] - waitForElementClickable(findTestObject(orPath_FilingStatus + "/input_userType_Joint"), 5): Object 'Object Repository/RAD_Pages/FilingStatus_Page/input_userType_Joint' is clickable

2024-02-03 23:28:46 - [MESSAGE][PASSED] - Object 'Object Repository/RAD_Pages/FilingStatus_Page/input_userType_Joint' is clickable

2024-02-03 23:28:46 - [TEST_STEP][PASSED] - click(findTestObject(orPath_FilingStatus + "/input_userType_Joint")): Object: 'Object Repository/RAD_Pages/FilingStatus_Page/input_userType_Joint' is clicked on

2024-02-03 23:28:46 - [MESSAGE][PASSED] - Object: 'Object Repository/RAD_Pages/FilingStatus_Page/input_userType_Joint' is clicked on

2024-02-03 23:28:46 - [TEST_STEP][PASSED] - setText(findTestObject("Object Repository/RAD_RecordAndPlay/input_JointFilerSSN"), "1111165230"): Text '1111165230' is set on object 'Object Repository/RAD_RecordAndPlay/input_JointFilerSSN'

2024-02-03 23:28:47 - [MESSAGE][PASSED] - Text '1111165230' is set on object 'Object Repository/RAD_RecordAndPlay/input_JointFilerSSN'

2024-02-03 23:28:47 - [TEST_STEP][PASSED] - setText(findTestObject(orPath_Amount + "/input__paymentAmount"), ""): Text '' is set on object 'Object Repository/RAD_Pages/PaymentAmount_Page/input__paymentAmount'

2024-02-03 23:28:47 - [MESSAGE][PASSED] - Text '' is set on object 'Object Repository/RAD_Pages/PaymentAmount_Page/input__paymentAmount'

2024-02-03 23:28:47 - [TEST_STEP][PASSED] - delay(2): Delayed 2 second(s)

2024-02-03 23:28:49 - [MESSAGE][PASSED] - Delayed 2 second(s)

2024-02-03 23:28:49 - [TEST_STEP][PASSED] - if (verifyTextPresent("Please enter a valid SSN with 9 digits", true)): null

2024-02-03 23:28:50 - [MESSAGE][PASSED] - Text 'Please enter a valid SSN with 9 digits' is present on page  using regular expression

2024-02-03 23:28:50 - [TEST_STEP][PASSED] - println("Please enter a valid SSN with 9 digits"): null

2024-02-03 23:28:50 - [TEST_STEP][PASSED] - out.println("Pass Record Number: " + row): null

2024-02-03 23:28:50 - [TEST_STEP][PASSED] - resText = "Pass": null

2024-02-03 23:28:50 - [TEST_STEP][PASSED] - pages.WriteExcel.demoKey(resText, datText, resColumn, datCloumn, fileLoc, nameSheet, row): pages.WriteExcel.demoKey is PASSED

2024-02-03 23:28:50 - [MESSAGE][PASSED] - pages.WriteExcel.demoKey is PASSED

2024-02-03 23:28:50 - [TEST_STEP][PASSED] - ExecuteTC = findTestData(dataFile).getValue("Execute", row): null

2024-02-03 23:28:50 - [TEST_STEP][PASSED] - Taxtype = findTestData(dataFile).getValue("TaxType", row): null

2024-02-03 23:28:50 - [TEST_STEP][PASSED] - Paymenttype = findTestData(dataFile).getValue("PaymentType", row): null

2024-02-03 23:28:50 - [TEST_STEP][PASSED] - out.println("Value of Execute is : " + ExecuteTC): null

2024-02-03 23:28:50 - [TEST_STEP][PASSED] - if (ExecuteTC.equalsIgnoreCase("Y")): null

2024-02-03 23:28:50 - [TEST_STEP][PASSED] - ExecuteTC = findTestData(dataFile).getValue("Execute", row): null

2024-02-03 23:28:50 - [TEST_STEP][PASSED] - Taxtype = findTestData(dataFile).getValue("TaxType", row): null

2024-02-03 23:28:50 - [TEST_STEP][PASSED] - Paymenttype = findTestData(dataFile).getValue("PaymentType", row): null

2024-02-03 23:28:50 - [TEST_STEP][PASSED] - out.println("Value of Execute is : " + ExecuteTC): null

2024-02-03 23:28:50 - [TEST_STEP][PASSED] - if (ExecuteTC.equalsIgnoreCase("Y")): null

2024-02-03 23:28:50 - [TEST_STEP][PASSED] - out.println("Begin Record Number: " + row): null

2024-02-03 23:28:50 - [TEST_STEP][PASSED] - today = new java.util.Date(): null

2024-02-03 23:28:50 - [TEST_STEP][PASSED] - println(today): null

2024-02-03 23:28:50 - [TEST_STEP][PASSED] - datText = today: null

2024-02-03 23:28:50 - [TEST_STEP][PASSED] - Taxtype = findTestData(dataFile).getValue("TaxType", row): null

2024-02-03 23:28:50 - [TEST_STEP][PASSED] - out.println("Taxtype value is : " + Taxtype): null

2024-02-03 23:28:50 - [TEST_STEP][PASSED] - openBrowser(""): Browser is opened with url: ''

2024-02-03 23:28:50 - [MESSAGE][WARNING] - A browser is already opened. Closing browser and opening a new one

2024-02-03 23:28:52 - [MESSAGE][INFO] - Starting 'Chrome' driver

2024-02-03 23:28:52 - [MESSAGE][INFO] - User set preference: ['acceptInsecureCerts', 'true']

2024-02-03 23:28:52 - [MESSAGE][INFO] - Action delay is set to 0 milliseconds

2024-02-03 23:28:53 - [MESSAGE][PASSED] - Browser is opened with url: ''

2024-02-03 23:28:53 - [TEST_STEP][PASSED] - maximizeWindow(): Current window maximized

2024-02-03 23:28:53 - [MESSAGE][PASSED] - Current window maximized

2024-02-03 23:28:53 - [TEST_STEP][PASSED] - navigateToUrl(RADurl): Navigate to 'https://qa2.velocitypayment.com/client/rad/index.html' successfully

2024-02-03 23:28:55 - [MESSAGE][PASSED] - Navigate to 'https://qa2.velocitypayment.com/client/rad/index.html' successfully

2024-02-03 23:28:55 - [TEST_STEP][PASSED] - orPath_Landing = "Object Repository/RAD_Pages/Landing_Page": null

2024-02-03 23:28:55 - [TEST_STEP][PASSED] - orPath_TaxTypeFilingYear = "Object Repository/RAD_Pages/TaxTypeFilingYear_Page": null

2024-02-03 23:28:55 - [TEST_STEP][PASSED] - orPath_TaxPayer = "Object Repository/RAD_Pages/Taxpayer_Page": null

2024-02-03 23:28:55 - [TEST_STEP][PASSED] - orPath_AddressContact = "Object Repository/RAD_Pages/AddressAndContactInfo_Page": null

2024-02-03 23:28:55 - [TEST_STEP][PASSED] - orPath_FilingStatus = "Object Repository/RAD_Pages/FilingStatus_Page": null

2024-02-03 23:28:55 - [TEST_STEP][PASSED] - orPath_Amount = "Object Repository/RAD_Pages/PaymentAmount_Page": null

2024-02-03 23:28:55 - [TEST_STEP][PASSED] - orPath_TaxInfo = "Object Repository/RAD_Pages/TaxInfo_Page": null

2024-02-03 23:28:55 - [TEST_STEP][PASSED] - selectOptionByLabel(findTestObject(orPath_Landing + "/dd_TaxType"), Paymenttype, false): All options with label 'New Tax Return Amount Due' are selected in object 'Object Repository/RAD_Pages/Landing_Page/dd_TaxType' 

2024-02-03 23:28:56 - [MESSAGE][PASSED] - All options with label 'New Tax Return Amount Due' are selected in object 'Object Repository/RAD_Pages/Landing_Page/dd_TaxType' 

2024-02-03 23:28:56 - [TEST_STEP][PASSED] - delay(1): Delayed 1 second(s)

2024-02-03 23:28:57 - [MESSAGE][PASSED] - Delayed 1 second(s)

2024-02-03 23:28:57 - [TEST_STEP][PASSED] - switch (Paymenttype): null

2024-02-03 23:28:57 - [TEST_STEP][PASSED] - case "New Tax Return Amount Due":: null

2024-02-03 23:28:57 - [TEST_STEP][PASSED] - selectOptionByLabel(findTestObject("Object Repository/RAD_Pages/Landing_Page/select_NewTaxReturnAmountDue_TaxType"), Taxtype, false): All options with label 'Personal Income Tax' are selected in object 'Object Repository/RAD_Pages/Landing_Page/select_NewTaxReturnAmountDue_TaxType' 

2024-02-03 23:28:58 - [MESSAGE][PASSED] - All options with label 'Personal Income Tax' are selected in object 'Object Repository/RAD_Pages/Landing_Page/select_NewTaxReturnAmountDue_TaxType' 

2024-02-03 23:28:58 - [TEST_STEP][PASSED] - break: null

2024-02-03 23:28:58 - [TEST_STEP][PASSED] - delay(1): Delayed 1 second(s)

2024-02-03 23:28:59 - [MESSAGE][PASSED] - Delayed 1 second(s)

2024-02-03 23:28:59 - [TEST_STEP][PASSED] - scrollToElement(findTestObject(orPath_Amount + "/input__paymentAmount"), 2, CONTINUE_ON_FAILURE): Scroll to object 'Object Repository/RAD_Pages/PaymentAmount_Page/input__paymentAmount' successfully

2024-02-03 23:28:59 - [MESSAGE][PASSED] - Scroll to object 'Object Repository/RAD_Pages/PaymentAmount_Page/input__paymentAmount' successfully

2024-02-03 23:28:59 - [TEST_STEP][PASSED] - waitForElementClickable(findTestObject(orPath_FilingStatus + "/input_userType_Joint"), 5): Object 'Object Repository/RAD_Pages/FilingStatus_Page/input_userType_Joint' is clickable

2024-02-03 23:28:59 - [MESSAGE][PASSED] - Object 'Object Repository/RAD_Pages/FilingStatus_Page/input_userType_Joint' is clickable

2024-02-03 23:28:59 - [TEST_STEP][PASSED] - click(findTestObject(orPath_FilingStatus + "/input_userType_Joint")): Object: 'Object Repository/RAD_Pages/FilingStatus_Page/input_userType_Joint' is clicked on

2024-02-03 23:29:00 - [MESSAGE][PASSED] - Object: 'Object Repository/RAD_Pages/FilingStatus_Page/input_userType_Joint' is clicked on

2024-02-03 23:29:00 - [TEST_STEP][PASSED] - setText(findTestObject("Object Repository/RAD_RecordAndPlay/input_JointFilerSSN"), "1111165230"): Text '1111165230' is set on object 'Object Repository/RAD_RecordAndPlay/input_JointFilerSSN'

2024-02-03 23:29:00 - [MESSAGE][PASSED] - Text '1111165230' is set on object 'Object Repository/RAD_RecordAndPlay/input_JointFilerSSN'

2024-02-03 23:29:00 - [TEST_STEP][PASSED] - setText(findTestObject(orPath_Amount + "/input__paymentAmount"), ""): Text '' is set on object 'Object Repository/RAD_Pages/PaymentAmount_Page/input__paymentAmount'

2024-02-03 23:29:01 - [MESSAGE][PASSED] - Text '' is set on object 'Object Repository/RAD_Pages/PaymentAmount_Page/input__paymentAmount'

2024-02-03 23:29:01 - [TEST_STEP][PASSED] - delay(2): Delayed 2 second(s)

2024-02-03 23:29:03 - [MESSAGE][PASSED] - Delayed 2 second(s)

2024-02-03 23:29:03 - [TEST_STEP][PASSED] - if (verifyTextPresent("Please enter a valid SSN with 9 digits", true)): null

2024-02-03 23:29:03 - [MESSAGE][PASSED] - Text 'Please enter a valid SSN with 9 digits' is present on page  using regular expression

2024-02-03 23:29:03 - [TEST_STEP][PASSED] - println("Please enter a valid SSN with 9 digits"): null

2024-02-03 23:29:03 - [TEST_STEP][PASSED] - out.println("Pass Record Number: " + row): null

2024-02-03 23:29:03 - [TEST_STEP][PASSED] - resText = "Pass": null

2024-02-03 23:29:03 - [TEST_STEP][PASSED] - pages.WriteExcel.demoKey(resText, datText, resColumn, datCloumn, fileLoc, nameSheet, row): pages.WriteExcel.demoKey is PASSED

2024-02-03 23:29:03 - [MESSAGE][PASSED] - pages.WriteExcel.demoKey is PASSED]]></system-out>
         <system-err><![CDATA[]]></system-err>
      </testcase>
      <testcase name="Test Cases/RAD_TestCases/MRF_TestCases/Estimated_MRF_TC" time="121.399" classname="Test Cases/RAD_TestCases/MRF_TestCases/Estimated_MRF_TC" status="PASSED">
         <system-out><![CDATA[2024-02-03 23:29:03 - [TEST_CASE][PASSED] - Test Cases/RAD_TestCases/MRF_TestCases/Estimated_MRF_TC: Test Cases/RAD_TestCases/MRF_TestCases/Estimated_MRF_TC

2024-02-03 23:29:04 - [TEST_STEP][PASSED] - resText = "Fail": null

2024-02-03 23:29:04 - [TEST_STEP][PASSED] - resColumn = "Result": null

2024-02-03 23:29:04 - [TEST_STEP][PASSED] - datCloumn = "Date": null

2024-02-03 23:29:04 - [TEST_STEP][PASSED] - fileLoc = "KatalonData/RADTestData/MRF.xlsx": null

2024-02-03 23:29:04 - [TEST_STEP][PASSED] - nameSheet = "Estimated": null

2024-02-03 23:29:04 - [TEST_STEP][PASSED] - dataFile = "RADTestData/MRF_Estimated": null

2024-02-03 23:29:04 - [TEST_STEP][PASSED] - orPath_Landing = "Object Repository/RAD_Pages/Landing_Page": null

2024-02-03 23:29:04 - [TEST_STEP][PASSED] - orPath_TaxTypeFilingYear = "Object Repository/RAD_Pages/TaxTypeFilingYear_Page": null

2024-02-03 23:29:04 - [TEST_STEP][PASSED] - orPath_Amount = "Object Repository/RAD_Pages/PaymentAmount_Page": null

2024-02-03 23:29:04 - [TEST_STEP][PASSED] - orPath_AddressContact = "Object Repository/RAD_Pages/AddressAndContactInfo_Page": null

2024-02-03 23:29:04 - [TEST_STEP][PASSED] - orPath_Summary = "Object Repository/RAD_Pages/Summary_Page": null

2024-02-03 23:29:04 - [TEST_STEP][PASSED] - orPath_PaymentConfirmation = "Object Repository/RAD_Pages/PaymentConfirmation_Page": null

2024-02-03 23:29:04 - [TEST_STEP][PASSED] - orPath_ServiceFeesAccept = "Object Repository/RAD_Pages/ServiceFeeAccept_Page": null

2024-02-03 23:29:04 - [TEST_STEP][PASSED] - orPath_PaymentEntry = "Object Repository/RAD_Pages/PaymentEntry_Page": null

2024-02-03 23:29:04 - [TEST_STEP][PASSED] - orPath_TaxPayer = "Object Repository/RAD_Pages/Taxpayer_Page": null

2024-02-03 23:29:04 - [TEST_STEP][PASSED] - orPath_FilingStatus = "Object Repository/RAD_Pages/FilingStatus_Page": null

2024-02-03 23:29:04 - [TEST_STEP][PASSED] - orPath_TaxInfo = "Object Repository/RAD_Pages/TaxInfo_Page": null

2024-02-03 23:29:04 - [TEST_STEP][PASSED] - ExecuteTC = <not implemented yet for class: org.codehaus.groovy.ast.expr.EmptyExpression>: null

2024-02-03 23:29:04 - [TEST_STEP][PASSED] - TaxType = <not implemented yet for class: org.codehaus.groovy.ast.expr.EmptyExpression>: null

2024-02-03 23:29:04 - [TEST_STEP][PASSED] - PaymentType = <not implemented yet for class: org.codehaus.groovy.ast.expr.EmptyExpression>: null

2024-02-03 23:29:04 - [TEST_STEP][PASSED] - FilingYear = <not implemented yet for class: org.codehaus.groovy.ast.expr.EmptyExpression>: null

2024-02-03 23:29:04 - [TEST_STEP][PASSED] - PeriodEndingMonth = <not implemented yet for class: org.codehaus.groovy.ast.expr.EmptyExpression>: null

2024-02-03 23:29:04 - [TEST_STEP][PASSED] - feinSSN = <not implemented yet for class: org.codehaus.groovy.ast.expr.EmptyExpression>: null

2024-02-03 23:29:04 - [TEST_STEP][PASSED] - numOfRows = findTestData(dataFile).getRowNumbers(): null

2024-02-03 23:29:04 - [TEST_STEP][PASSED] - println("Number of Records: " + numOfRows): null

2024-02-03 23:29:04 - [TEST_STEP][PASSED] - for ([row = 1, row <= numOfRows, (row++)]): pages.WriteExcel.demoKey is PASSED

2024-02-03 23:29:04 - [TEST_STEP][PASSED] - ExecuteTC = findTestData(dataFile).getValue("Execute", row): null

2024-02-03 23:29:04 - [TEST_STEP][PASSED] - TaxType = findTestData(dataFile).getValue("TaxType", row): null

2024-02-03 23:29:04 - [TEST_STEP][PASSED] - PaymentType = findTestData(dataFile).getValue("PaymentType", row): null

2024-02-03 23:29:04 - [TEST_STEP][PASSED] - FilingYear = findTestData(dataFile).getValue("Year", row): null

2024-02-03 23:29:04 - [TEST_STEP][PASSED] - PeriodEndingMonth = findTestData(dataFile).getValue("Month", row): null

2024-02-03 23:29:05 - [TEST_STEP][PASSED] - feinSSN = findTestData(dataFile).getValue("FeinSsn", row): null

2024-02-03 23:29:05 - [TEST_STEP][PASSED] - if (ExecuteTC.equalsIgnoreCase("Y")): pages.WriteExcel.demoKey is PASSED

2024-02-03 23:29:05 - [TEST_STEP][PASSED] - out.println("Begin Record Number: " + row): null

2024-02-03 23:29:05 - [TEST_STEP][PASSED] - today = new java.util.Date(): null

2024-02-03 23:29:05 - [TEST_STEP][PASSED] - println(today): null

2024-02-03 23:29:05 - [TEST_STEP][PASSED] - datText = today: null

2024-02-03 23:29:05 - [TEST_STEP][PASSED] - logInfo("Payment Type: Quarterly Estimated Tax"): Payment Type: Quarterly Estimated Tax

2024-02-03 23:29:05 - [MESSAGE][INFO] - Payment Type: Quarterly Estimated Tax

2024-02-03 23:29:05 - [TEST_STEP][PASSED] - logInfo("Tax Type: " + TaxType): Tax Type: Corporate Income Tax

2024-02-03 23:29:05 - [MESSAGE][INFO] - Tax Type: Corporate Income Tax

2024-02-03 23:29:05 - [TEST_STEP][PASSED] - openBrowser(""): Browser is opened with url: ''

2024-02-03 23:29:05 - [MESSAGE][WARNING] - A browser is already opened. Closing browser and opening a new one

2024-02-03 23:29:06 - [MESSAGE][INFO] - Starting 'Chrome' driver

2024-02-03 23:29:06 - [MESSAGE][INFO] - User set preference: ['acceptInsecureCerts', 'true']

2024-02-03 23:29:06 - [MESSAGE][INFO] - Action delay is set to 0 milliseconds

2024-02-03 23:29:07 - [MESSAGE][PASSED] - Browser is opened with url: ''

2024-02-03 23:29:07 - [TEST_STEP][PASSED] - maximizeWindow(): Current window maximized

2024-02-03 23:29:07 - [MESSAGE][PASSED] - Current window maximized

2024-02-03 23:29:07 - [TEST_STEP][PASSED] - navigateToUrl(RADurl): Navigate to 'https://qa2.velocitypayment.com/client/rad/index.html' successfully

2024-02-03 23:29:08 - [MESSAGE][PASSED] - Navigate to 'https://qa2.velocitypayment.com/client/rad/index.html' successfully

2024-02-03 23:29:08 - [TEST_STEP][PASSED] - selectOptionByLabel(findTestObject(orPath_Landing + "/dd_TaxType"), "Quarterly Estimated Tax", false): All options with label 'Quarterly Estimated Tax' are selected in object 'Object Repository/RAD_Pages/Landing_Page/dd_TaxType' 

2024-02-03 23:29:10 - [MESSAGE][PASSED] - All options with label 'Quarterly Estimated Tax' are selected in object 'Object Repository/RAD_Pages/Landing_Page/dd_TaxType' 

2024-02-03 23:29:10 - [TEST_STEP][PASSED] - selectOptionByLabel(findTestObject(orPath_TaxTypeFilingYear + "/select_PaymentType"), TaxType, false): All options with label 'Corporate Income Tax' are selected in object 'Object Repository/RAD_Pages/TaxTypeFilingYear_Page/select_PaymentType' 

2024-02-03 23:29:11 - [MESSAGE][PASSED] - All options with label 'Corporate Income Tax' are selected in object 'Object Repository/RAD_Pages/TaxTypeFilingYear_Page/select_PaymentType' 

2024-02-03 23:29:11 - [TEST_STEP][PASSED] - selectOptionByLabel(findTestObject(orPath_TaxTypeFilingYear + "/select_FilingYear"), FilingYear, false): All options with label '2024' are selected in object 'Object Repository/RAD_Pages/TaxTypeFilingYear_Page/select_FilingYear' 

2024-02-03 23:29:11 - [MESSAGE][PASSED] - All options with label '2024' are selected in object 'Object Repository/RAD_Pages/TaxTypeFilingYear_Page/select_FilingYear' 

2024-02-03 23:29:11 - [TEST_STEP][PASSED] - selectOptionByLabel(findTestObject(orPath_TaxTypeFilingYear + "/select_PeriodEnding"), PeriodEndingMonth, false): All options with label 'March' are selected in object 'Object Repository/RAD_Pages/TaxTypeFilingYear_Page/select_PeriodEnding' 

2024-02-03 23:29:12 - [MESSAGE][PASSED] - All options with label 'March' are selected in object 'Object Repository/RAD_Pages/TaxTypeFilingYear_Page/select_PeriodEnding' 

2024-02-03 23:29:12 - [TEST_STEP][PASSED] - setText(findTestObject(orPath_TaxPayer + "/input_businessName"), " "): Text ' ' is set on object 'Object Repository/RAD_Pages/Taxpayer_Page/input_businessName'

2024-02-03 23:29:12 - [MESSAGE][PASSED] - Text ' ' is set on object 'Object Repository/RAD_Pages/Taxpayer_Page/input_businessName'

2024-02-03 23:29:12 - [TEST_STEP][PASSED] - setText(findTestObject(orPath_TaxPayer + "/input_BusinessRepfirstName"), " "): Text ' ' is set on object 'Object Repository/RAD_Pages/Taxpayer_Page/input_BusinessRepfirstName'

2024-02-03 23:29:13 - [MESSAGE][PASSED] - Text ' ' is set on object 'Object Repository/RAD_Pages/Taxpayer_Page/input_BusinessRepfirstName'

2024-02-03 23:29:13 - [TEST_STEP][PASSED] - setText(findTestObject(orPath_TaxPayer + "/input_BusinessReplastName"), " "): Text ' ' is set on object 'Object Repository/RAD_Pages/Taxpayer_Page/input_BusinessReplastName'

2024-02-03 23:29:14 - [MESSAGE][PASSED] - Text ' ' is set on object 'Object Repository/RAD_Pages/Taxpayer_Page/input_BusinessReplastName'

2024-02-03 23:29:14 - [TEST_STEP][PASSED] - setText(findTestObject(orPath_AddressContact + "/input_streetAddress1"), " "): Text ' ' is set on object 'Object Repository/RAD_Pages/AddressAndContactInfo_Page/input_streetAddress1'

2024-02-03 23:29:15 - [MESSAGE][PASSED] - Text ' ' is set on object 'Object Repository/RAD_Pages/AddressAndContactInfo_Page/input_streetAddress1'

2024-02-03 23:29:15 - [TEST_STEP][PASSED] - setText(findTestObject(orPath_AddressContact + "/input_city"), " "): Text ' ' is set on object 'Object Repository/RAD_Pages/AddressAndContactInfo_Page/input_city'

2024-02-03 23:29:15 - [MESSAGE][PASSED] - Text ' ' is set on object 'Object Repository/RAD_Pages/AddressAndContactInfo_Page/input_city'

2024-02-03 23:29:15 - [TEST_STEP][PASSED] - setText(findTestObject(orPath_AddressContact + "/input_zipCode"), " "): Text ' ' is set on object 'Object Repository/RAD_Pages/AddressAndContactInfo_Page/input_zipCode'

2024-02-03 23:29:16 - [MESSAGE][PASSED] - Text ' ' is set on object 'Object Repository/RAD_Pages/AddressAndContactInfo_Page/input_zipCode'

2024-02-03 23:29:16 - [TEST_STEP][PASSED] - setText(findTestObject(orPath_AddressContact + "/input_phoneNumber"), " "): Text ' ' is set on object 'Object Repository/RAD_Pages/AddressAndContactInfo_Page/input_phoneNumber'

2024-02-03 23:29:17 - [MESSAGE][PASSED] - Text ' ' is set on object 'Object Repository/RAD_Pages/AddressAndContactInfo_Page/input_phoneNumber'

2024-02-03 23:29:17 - [TEST_STEP][PASSED] - setText(findTestObject(orPath_AddressContact + "/input_eMailAddress"), " "): Text ' ' is set on object 'Object Repository/RAD_Pages/AddressAndContactInfo_Page/input_eMailAddress'

2024-02-03 23:29:18 - [MESSAGE][PASSED] - Text ' ' is set on object 'Object Repository/RAD_Pages/AddressAndContactInfo_Page/input_eMailAddress'

2024-02-03 23:29:18 - [TEST_STEP][PASSED] - setText(findTestObject(orPath_AddressContact + "/input_reEnterEMailAddress"), " "): Text ' ' is set on object 'Object Repository/RAD_Pages/AddressAndContactInfo_Page/input_reEnterEMailAddress'

2024-02-03 23:29:19 - [MESSAGE][PASSED] - Text ' ' is set on object 'Object Repository/RAD_Pages/AddressAndContactInfo_Page/input_reEnterEMailAddress'

2024-02-03 23:29:19 - [TEST_STEP][PASSED] - resText = "Fail": null

2024-02-03 23:29:19 - [TEST_STEP][PASSED] - pages.WriteExcel.demoKey(resText, datText, resColumn, datCloumn, fileLoc, nameSheet, row): pages.WriteExcel.demoKey is PASSED

2024-02-03 23:29:19 - [MESSAGE][PASSED] - pages.WriteExcel.demoKey is PASSED

2024-02-03 23:29:19 - [TEST_STEP][PASSED] - verifyTextPresent("Enter business name", true, CONTINUE_ON_FAILURE): Text 'Enter business name' is present on page  using regular expression

2024-02-03 23:29:19 - [MESSAGE][PASSED] - Text 'Enter business name' is present on page  using regular expression

2024-02-03 23:29:19 - [TEST_STEP][PASSED] - verifyTextPresent("Enter business rep first name", true, CONTINUE_ON_FAILURE): Text 'Enter business rep first name' is present on page  using regular expression

2024-02-03 23:29:20 - [MESSAGE][PASSED] - Text 'Enter business rep first name' is present on page  using regular expression

2024-02-03 23:29:20 - [TEST_STEP][PASSED] - verifyTextPresent("Enter business rep last name", true, CONTINUE_ON_FAILURE): Text 'Enter business rep last name' is present on page  using regular expression

2024-02-03 23:29:20 - [MESSAGE][PASSED] - Text 'Enter business rep last name' is present on page  using regular expression

2024-02-03 23:29:20 - [TEST_STEP][PASSED] - verifyTextPresent("Enter address", true, CONTINUE_ON_FAILURE): Text 'Enter address' is present on page  using regular expression

2024-02-03 23:29:21 - [MESSAGE][PASSED] - Text 'Enter address' is present on page  using regular expression

2024-02-03 23:29:21 - [TEST_STEP][PASSED] - verifyTextPresent("Enter city", true, CONTINUE_ON_FAILURE): Text 'Enter city' is present on page  using regular expression

2024-02-03 23:29:21 - [MESSAGE][PASSED] - Text 'Enter city' is present on page  using regular expression

2024-02-03 23:29:21 - [TEST_STEP][PASSED] - verifyTextPresent("Enter ZIP code", true, CONTINUE_ON_FAILURE): Text 'Enter ZIP code' is present on page  using regular expression

2024-02-03 23:29:21 - [MESSAGE][PASSED] - Text 'Enter ZIP code' is present on page  using regular expression

2024-02-03 23:29:21 - [TEST_STEP][PASSED] - verifyTextPresent("Enter a valid phone number", true, CONTINUE_ON_FAILURE): Text 'Enter a valid phone number' is present on page  using regular expression

2024-02-03 23:29:22 - [MESSAGE][PASSED] - Text 'Enter a valid phone number' is present on page  using regular expression

2024-02-03 23:29:22 - [TEST_STEP][PASSED] - verifyTextPresent("Enter Email", true, CONTINUE_ON_FAILURE): Text 'Enter Email' is present on page  using regular expression

2024-02-03 23:29:22 - [MESSAGE][PASSED] - Text 'Enter Email' is present on page  using regular expression

2024-02-03 23:29:22 - [TEST_STEP][PASSED] - resText = "Pass": null

2024-02-03 23:29:22 - [TEST_STEP][PASSED] - pages.WriteExcel.demoKey(resText, datText, resColumn, datCloumn, fileLoc, nameSheet, row): pages.WriteExcel.demoKey is PASSED

2024-02-03 23:29:22 - [MESSAGE][PASSED] - pages.WriteExcel.demoKey is PASSED

2024-02-03 23:29:22 - [TEST_STEP][PASSED] - ExecuteTC = findTestData(dataFile).getValue("Execute", row): null

2024-02-03 23:29:22 - [TEST_STEP][PASSED] - TaxType = findTestData(dataFile).getValue("TaxType", row): null

2024-02-03 23:29:22 - [TEST_STEP][PASSED] - PaymentType = findTestData(dataFile).getValue("PaymentType", row): null

2024-02-03 23:29:22 - [TEST_STEP][PASSED] - FilingYear = findTestData(dataFile).getValue("Year", row): null

2024-02-03 23:29:22 - [TEST_STEP][PASSED] - PeriodEndingMonth = findTestData(dataFile).getValue("Month", row): null

2024-02-03 23:29:22 - [TEST_STEP][PASSED] - feinSSN = findTestData(dataFile).getValue("FeinSsn", row): null

2024-02-03 23:29:23 - [TEST_STEP][PASSED] - if (ExecuteTC.equalsIgnoreCase("Y")): pages.WriteExcel.demoKey is PASSED

2024-02-03 23:29:23 - [TEST_STEP][PASSED] - out.println("Begin Record Number: " + row): null

2024-02-03 23:29:23 - [TEST_STEP][PASSED] - today = new java.util.Date(): null

2024-02-03 23:29:23 - [TEST_STEP][PASSED] - println(today): null

2024-02-03 23:29:23 - [TEST_STEP][PASSED] - datText = today: null

2024-02-03 23:29:23 - [TEST_STEP][PASSED] - logInfo("Payment Type: Quarterly Estimated Tax"): Payment Type: Quarterly Estimated Tax

2024-02-03 23:29:23 - [MESSAGE][INFO] - Payment Type: Quarterly Estimated Tax

2024-02-03 23:29:23 - [TEST_STEP][PASSED] - logInfo("Tax Type: " + TaxType): Tax Type: Fiduciary Tax

2024-02-03 23:29:23 - [MESSAGE][INFO] - Tax Type: Fiduciary Tax

2024-02-03 23:29:23 - [TEST_STEP][PASSED] - openBrowser(""): Browser is opened with url: ''

2024-02-03 23:29:23 - [MESSAGE][WARNING] - A browser is already opened. Closing browser and opening a new one

2024-02-03 23:29:24 - [MESSAGE][INFO] - Starting 'Chrome' driver

2024-02-03 23:29:24 - [MESSAGE][INFO] - User set preference: ['acceptInsecureCerts', 'true']

2024-02-03 23:29:24 - [MESSAGE][INFO] - Action delay is set to 0 milliseconds

2024-02-03 23:29:26 - [MESSAGE][PASSED] - Browser is opened with url: ''

2024-02-03 23:29:26 - [TEST_STEP][PASSED] - maximizeWindow(): Current window maximized

2024-02-03 23:29:26 - [MESSAGE][PASSED] - Current window maximized

2024-02-03 23:29:26 - [TEST_STEP][PASSED] - navigateToUrl(RADurl): Navigate to 'https://qa2.velocitypayment.com/client/rad/index.html' successfully

2024-02-03 23:29:28 - [MESSAGE][PASSED] - Navigate to 'https://qa2.velocitypayment.com/client/rad/index.html' successfully

2024-02-03 23:29:28 - [TEST_STEP][PASSED] - selectOptionByLabel(findTestObject(orPath_Landing + "/dd_TaxType"), "Quarterly Estimated Tax", false): All options with label 'Quarterly Estimated Tax' are selected in object 'Object Repository/RAD_Pages/Landing_Page/dd_TaxType' 

2024-02-03 23:29:28 - [MESSAGE][PASSED] - All options with label 'Quarterly Estimated Tax' are selected in object 'Object Repository/RAD_Pages/Landing_Page/dd_TaxType' 

2024-02-03 23:29:28 - [TEST_STEP][PASSED] - selectOptionByLabel(findTestObject(orPath_TaxTypeFilingYear + "/select_PaymentType"), TaxType, false): All options with label 'Fiduciary Tax' are selected in object 'Object Repository/RAD_Pages/TaxTypeFilingYear_Page/select_PaymentType' 

2024-02-03 23:29:29 - [MESSAGE][PASSED] - All options with label 'Fiduciary Tax' are selected in object 'Object Repository/RAD_Pages/TaxTypeFilingYear_Page/select_PaymentType' 

2024-02-03 23:29:29 - [TEST_STEP][PASSED] - selectOptionByLabel(findTestObject(orPath_TaxTypeFilingYear + "/select_FilingYear"), FilingYear, false): All options with label '2024' are selected in object 'Object Repository/RAD_Pages/TaxTypeFilingYear_Page/select_FilingYear' 

2024-02-03 23:29:30 - [MESSAGE][PASSED] - All options with label '2024' are selected in object 'Object Repository/RAD_Pages/TaxTypeFilingYear_Page/select_FilingYear' 

2024-02-03 23:29:30 - [TEST_STEP][PASSED] - selectOptionByLabel(findTestObject(orPath_TaxTypeFilingYear + "/select_PeriodEnding"), PeriodEndingMonth, false): All options with label 'May' are selected in object 'Object Repository/RAD_Pages/TaxTypeFilingYear_Page/select_PeriodEnding' 

2024-02-03 23:29:31 - [MESSAGE][PASSED] - All options with label 'May' are selected in object 'Object Repository/RAD_Pages/TaxTypeFilingYear_Page/select_PeriodEnding' 

2024-02-03 23:29:31 - [TEST_STEP][PASSED] - setText(findTestObject(orPath_TaxPayer + "/input_businessName"), " "): Text ' ' is set on object 'Object Repository/RAD_Pages/Taxpayer_Page/input_businessName'

2024-02-03 23:29:31 - [MESSAGE][PASSED] - Text ' ' is set on object 'Object Repository/RAD_Pages/Taxpayer_Page/input_businessName'

2024-02-03 23:29:31 - [TEST_STEP][PASSED] - setText(findTestObject(orPath_TaxPayer + "/input_BusinessRepfirstName"), " "): Text ' ' is set on object 'Object Repository/RAD_Pages/Taxpayer_Page/input_BusinessRepfirstName'

2024-02-03 23:29:32 - [MESSAGE][PASSED] - Text ' ' is set on object 'Object Repository/RAD_Pages/Taxpayer_Page/input_BusinessRepfirstName'

2024-02-03 23:29:32 - [TEST_STEP][PASSED] - setText(findTestObject(orPath_TaxPayer + "/input_BusinessReplastName"), " "): Text ' ' is set on object 'Object Repository/RAD_Pages/Taxpayer_Page/input_BusinessReplastName'

2024-02-03 23:29:33 - [MESSAGE][PASSED] - Text ' ' is set on object 'Object Repository/RAD_Pages/Taxpayer_Page/input_BusinessReplastName'

2024-02-03 23:29:33 - [TEST_STEP][PASSED] - setText(findTestObject(orPath_AddressContact + "/input_streetAddress1"), " "): Text ' ' is set on object 'Object Repository/RAD_Pages/AddressAndContactInfo_Page/input_streetAddress1'

2024-02-03 23:29:34 - [MESSAGE][PASSED] - Text ' ' is set on object 'Object Repository/RAD_Pages/AddressAndContactInfo_Page/input_streetAddress1'

2024-02-03 23:29:34 - [TEST_STEP][PASSED] - setText(findTestObject(orPath_AddressContact + "/input_city"), " "): Text ' ' is set on object 'Object Repository/RAD_Pages/AddressAndContactInfo_Page/input_city'

2024-02-03 23:29:34 - [MESSAGE][PASSED] - Text ' ' is set on object 'Object Repository/RAD_Pages/AddressAndContactInfo_Page/input_city'

2024-02-03 23:29:34 - [TEST_STEP][PASSED] - setText(findTestObject(orPath_AddressContact + "/input_zipCode"), " "): Text ' ' is set on object 'Object Repository/RAD_Pages/AddressAndContactInfo_Page/input_zipCode'

2024-02-03 23:29:35 - [MESSAGE][PASSED] - Text ' ' is set on object 'Object Repository/RAD_Pages/AddressAndContactInfo_Page/input_zipCode'

2024-02-03 23:29:35 - [TEST_STEP][PASSED] - setText(findTestObject(orPath_AddressContact + "/input_phoneNumber"), " "): Text ' ' is set on object 'Object Repository/RAD_Pages/AddressAndContactInfo_Page/input_phoneNumber'

2024-02-03 23:29:36 - [MESSAGE][PASSED] - Text ' ' is set on object 'Object Repository/RAD_Pages/AddressAndContactInfo_Page/input_phoneNumber'

2024-02-03 23:29:36 - [TEST_STEP][PASSED] - setText(findTestObject(orPath_AddressContact + "/input_eMailAddress"), " "): Text ' ' is set on object 'Object Repository/RAD_Pages/AddressAndContactInfo_Page/input_eMailAddress'

2024-02-03 23:29:37 - [MESSAGE][PASSED] - Text ' ' is set on object 'Object Repository/RAD_Pages/AddressAndContactInfo_Page/input_eMailAddress'

2024-02-03 23:29:37 - [TEST_STEP][PASSED] - setText(findTestObject(orPath_AddressContact + "/input_reEnterEMailAddress"), " "): Text ' ' is set on object 'Object Repository/RAD_Pages/AddressAndContactInfo_Page/input_reEnterEMailAddress'

2024-02-03 23:29:38 - [MESSAGE][PASSED] - Text ' ' is set on object 'Object Repository/RAD_Pages/AddressAndContactInfo_Page/input_reEnterEMailAddress'

2024-02-03 23:29:38 - [TEST_STEP][PASSED] - resText = "Fail": null

2024-02-03 23:29:38 - [TEST_STEP][PASSED] - pages.WriteExcel.demoKey(resText, datText, resColumn, datCloumn, fileLoc, nameSheet, row): pages.WriteExcel.demoKey is PASSED

2024-02-03 23:29:38 - [MESSAGE][PASSED] - pages.WriteExcel.demoKey is PASSED

2024-02-03 23:29:38 - [TEST_STEP][PASSED] - verifyTextPresent("Enter business name", true, CONTINUE_ON_FAILURE): Text 'Enter business name' is present on page  using regular expression

2024-02-03 23:29:38 - [MESSAGE][PASSED] - Text 'Enter business name' is present on page  using regular expression

2024-02-03 23:29:38 - [TEST_STEP][PASSED] - verifyTextPresent("Enter business rep first name", true, CONTINUE_ON_FAILURE): Text 'Enter business rep first name' is present on page  using regular expression

2024-02-03 23:29:39 - [MESSAGE][PASSED] - Text 'Enter business rep first name' is present on page  using regular expression

2024-02-03 23:29:39 - [TEST_STEP][PASSED] - verifyTextPresent("Enter business rep last name", true, CONTINUE_ON_FAILURE): Text 'Enter business rep last name' is present on page  using regular expression

2024-02-03 23:29:39 - [MESSAGE][PASSED] - Text 'Enter business rep last name' is present on page  using regular expression

2024-02-03 23:29:39 - [TEST_STEP][PASSED] - verifyTextPresent("Enter address", true, CONTINUE_ON_FAILURE): Text 'Enter address' is present on page  using regular expression

2024-02-03 23:29:40 - [MESSAGE][PASSED] - Text 'Enter address' is present on page  using regular expression

2024-02-03 23:29:40 - [TEST_STEP][PASSED] - verifyTextPresent("Enter city", true, CONTINUE_ON_FAILURE): Text 'Enter city' is present on page  using regular expression

2024-02-03 23:29:40 - [MESSAGE][PASSED] - Text 'Enter city' is present on page  using regular expression

2024-02-03 23:29:40 - [TEST_STEP][PASSED] - verifyTextPresent("Enter ZIP code", true, CONTINUE_ON_FAILURE): Text 'Enter ZIP code' is present on page  using regular expression

2024-02-03 23:29:41 - [MESSAGE][PASSED] - Text 'Enter ZIP code' is present on page  using regular expression

2024-02-03 23:29:41 - [TEST_STEP][PASSED] - verifyTextPresent("Enter a valid phone number", true, CONTINUE_ON_FAILURE): Text 'Enter a valid phone number' is present on page  using regular expression

2024-02-03 23:29:41 - [MESSAGE][PASSED] - Text 'Enter a valid phone number' is present on page  using regular expression

2024-02-03 23:29:41 - [TEST_STEP][PASSED] - verifyTextPresent("Enter Email", true, CONTINUE_ON_FAILURE): Text 'Enter Email' is present on page  using regular expression

2024-02-03 23:29:42 - [MESSAGE][PASSED] - Text 'Enter Email' is present on page  using regular expression

2024-02-03 23:29:42 - [TEST_STEP][PASSED] - resText = "Pass": null

2024-02-03 23:29:42 - [TEST_STEP][PASSED] - pages.WriteExcel.demoKey(resText, datText, resColumn, datCloumn, fileLoc, nameSheet, row): pages.WriteExcel.demoKey is PASSED

2024-02-03 23:29:42 - [MESSAGE][PASSED] - pages.WriteExcel.demoKey is PASSED

2024-02-03 23:29:42 - [TEST_STEP][PASSED] - ExecuteTC = findTestData(dataFile).getValue("Execute", row): null

2024-02-03 23:29:42 - [TEST_STEP][PASSED] - TaxType = findTestData(dataFile).getValue("TaxType", row): null

2024-02-03 23:29:42 - [TEST_STEP][PASSED] - PaymentType = findTestData(dataFile).getValue("PaymentType", row): null

2024-02-03 23:29:42 - [TEST_STEP][PASSED] - FilingYear = findTestData(dataFile).getValue("Year", row): null

2024-02-03 23:29:42 - [TEST_STEP][PASSED] - PeriodEndingMonth = findTestData(dataFile).getValue("Month", row): null

2024-02-03 23:29:42 - [TEST_STEP][PASSED] - feinSSN = findTestData(dataFile).getValue("FeinSsn", row): null

2024-02-03 23:29:42 - [TEST_STEP][PASSED] - if (ExecuteTC.equalsIgnoreCase("Y")): pages.WriteExcel.demoKey is PASSED

2024-02-03 23:29:42 - [TEST_STEP][PASSED] - out.println("Begin Record Number: " + row): null

2024-02-03 23:29:42 - [TEST_STEP][PASSED] - today = new java.util.Date(): null

2024-02-03 23:29:42 - [TEST_STEP][PASSED] - println(today): null

2024-02-03 23:29:42 - [TEST_STEP][PASSED] - datText = today: null

2024-02-03 23:29:42 - [TEST_STEP][PASSED] - logInfo("Payment Type: Quarterly Estimated Tax"): Payment Type: Quarterly Estimated Tax

2024-02-03 23:29:42 - [MESSAGE][INFO] - Payment Type: Quarterly Estimated Tax

2024-02-03 23:29:42 - [TEST_STEP][PASSED] - logInfo("Tax Type: " + TaxType): Tax Type: PTE Non-Electing Non-S Corp

2024-02-03 23:29:42 - [MESSAGE][INFO] - Tax Type: PTE Non-Electing Non-S Corp

2024-02-03 23:29:42 - [TEST_STEP][PASSED] - openBrowser(""): Browser is opened with url: ''

2024-02-03 23:29:42 - [MESSAGE][WARNING] - A browser is already opened. Closing browser and opening a new one

2024-02-03 23:29:44 - [MESSAGE][INFO] - Starting 'Chrome' driver

2024-02-03 23:29:44 - [MESSAGE][INFO] - User set preference: ['acceptInsecureCerts', 'true']

2024-02-03 23:29:44 - [MESSAGE][INFO] - Action delay is set to 0 milliseconds

2024-02-03 23:29:46 - [MESSAGE][PASSED] - Browser is opened with url: ''

2024-02-03 23:29:46 - [TEST_STEP][PASSED] - maximizeWindow(): Current window maximized

2024-02-03 23:29:46 - [MESSAGE][PASSED] - Current window maximized

2024-02-03 23:29:46 - [TEST_STEP][PASSED] - navigateToUrl(RADurl): Navigate to 'https://qa2.velocitypayment.com/client/rad/index.html' successfully

2024-02-03 23:29:48 - [MESSAGE][PASSED] - Navigate to 'https://qa2.velocitypayment.com/client/rad/index.html' successfully

2024-02-03 23:29:48 - [TEST_STEP][PASSED] - selectOptionByLabel(findTestObject(orPath_Landing + "/dd_TaxType"), "Quarterly Estimated Tax", false): All options with label 'Quarterly Estimated Tax' are selected in object 'Object Repository/RAD_Pages/Landing_Page/dd_TaxType' 

2024-02-03 23:29:49 - [MESSAGE][PASSED] - All options with label 'Quarterly Estimated Tax' are selected in object 'Object Repository/RAD_Pages/Landing_Page/dd_TaxType' 

2024-02-03 23:29:49 - [TEST_STEP][PASSED] - selectOptionByLabel(findTestObject(orPath_TaxTypeFilingYear + "/select_PaymentType"), TaxType, false): All options with label 'PTE Non-Electing Non-S Corp' are selected in object 'Object Repository/RAD_Pages/TaxTypeFilingYear_Page/select_PaymentType' 

2024-02-03 23:29:50 - [MESSAGE][PASSED] - All options with label 'PTE Non-Electing Non-S Corp' are selected in object 'Object Repository/RAD_Pages/TaxTypeFilingYear_Page/select_PaymentType' 

2024-02-03 23:29:50 - [TEST_STEP][PASSED] - selectOptionByLabel(findTestObject(orPath_TaxTypeFilingYear + "/select_FilingYear"), FilingYear, false): All options with label '2024' are selected in object 'Object Repository/RAD_Pages/TaxTypeFilingYear_Page/select_FilingYear' 

2024-02-03 23:29:50 - [MESSAGE][PASSED] - All options with label '2024' are selected in object 'Object Repository/RAD_Pages/TaxTypeFilingYear_Page/select_FilingYear' 

2024-02-03 23:29:50 - [TEST_STEP][PASSED] - selectOptionByLabel(findTestObject(orPath_TaxTypeFilingYear + "/select_PeriodEnding"), PeriodEndingMonth, false): All options with label 'August' are selected in object 'Object Repository/RAD_Pages/TaxTypeFilingYear_Page/select_PeriodEnding' 

2024-02-03 23:29:51 - [MESSAGE][PASSED] - All options with label 'August' are selected in object 'Object Repository/RAD_Pages/TaxTypeFilingYear_Page/select_PeriodEnding' 

2024-02-03 23:29:51 - [TEST_STEP][PASSED] - setText(findTestObject(orPath_TaxPayer + "/input_businessName"), " "): Text ' ' is set on object 'Object Repository/RAD_Pages/Taxpayer_Page/input_businessName'

2024-02-03 23:29:52 - [MESSAGE][PASSED] - Text ' ' is set on object 'Object Repository/RAD_Pages/Taxpayer_Page/input_businessName'

2024-02-03 23:29:52 - [TEST_STEP][PASSED] - setText(findTestObject(orPath_TaxPayer + "/input_BusinessRepfirstName"), " "): Text ' ' is set on object 'Object Repository/RAD_Pages/Taxpayer_Page/input_BusinessRepfirstName'

2024-02-03 23:29:52 - [MESSAGE][PASSED] - Text ' ' is set on object 'Object Repository/RAD_Pages/Taxpayer_Page/input_BusinessRepfirstName'

2024-02-03 23:29:52 - [TEST_STEP][PASSED] - setText(findTestObject(orPath_TaxPayer + "/input_BusinessReplastName"), " "): Text ' ' is set on object 'Object Repository/RAD_Pages/Taxpayer_Page/input_BusinessReplastName'

2024-02-03 23:29:53 - [MESSAGE][PASSED] - Text ' ' is set on object 'Object Repository/RAD_Pages/Taxpayer_Page/input_BusinessReplastName'

2024-02-03 23:29:53 - [TEST_STEP][PASSED] - setText(findTestObject(orPath_AddressContact + "/input_streetAddress1"), " "): Text ' ' is set on object 'Object Repository/RAD_Pages/AddressAndContactInfo_Page/input_streetAddress1'

2024-02-03 23:29:54 - [MESSAGE][PASSED] - Text ' ' is set on object 'Object Repository/RAD_Pages/AddressAndContactInfo_Page/input_streetAddress1'

2024-02-03 23:29:54 - [TEST_STEP][PASSED] - setText(findTestObject(orPath_AddressContact + "/input_city"), " "): Text ' ' is set on object 'Object Repository/RAD_Pages/AddressAndContactInfo_Page/input_city'

2024-02-03 23:29:54 - [MESSAGE][PASSED] - Text ' ' is set on object 'Object Repository/RAD_Pages/AddressAndContactInfo_Page/input_city'

2024-02-03 23:29:54 - [TEST_STEP][PASSED] - setText(findTestObject(orPath_AddressContact + "/input_zipCode"), " "): Text ' ' is set on object 'Object Repository/RAD_Pages/AddressAndContactInfo_Page/input_zipCode'

2024-02-03 23:29:55 - [MESSAGE][PASSED] - Text ' ' is set on object 'Object Repository/RAD_Pages/AddressAndContactInfo_Page/input_zipCode'

2024-02-03 23:29:55 - [TEST_STEP][PASSED] - setText(findTestObject(orPath_AddressContact + "/input_phoneNumber"), " "): Text ' ' is set on object 'Object Repository/RAD_Pages/AddressAndContactInfo_Page/input_phoneNumber'

2024-02-03 23:29:56 - [MESSAGE][PASSED] - Text ' ' is set on object 'Object Repository/RAD_Pages/AddressAndContactInfo_Page/input_phoneNumber'

2024-02-03 23:29:56 - [TEST_STEP][PASSED] - setText(findTestObject(orPath_AddressContact + "/input_eMailAddress"), " "): Text ' ' is set on object 'Object Repository/RAD_Pages/AddressAndContactInfo_Page/input_eMailAddress'

2024-02-03 23:29:57 - [MESSAGE][PASSED] - Text ' ' is set on object 'Object Repository/RAD_Pages/AddressAndContactInfo_Page/input_eMailAddress'

2024-02-03 23:29:57 - [TEST_STEP][PASSED] - setText(findTestObject(orPath_AddressContact + "/input_reEnterEMailAddress"), " "): Text ' ' is set on object 'Object Repository/RAD_Pages/AddressAndContactInfo_Page/input_reEnterEMailAddress'

2024-02-03 23:29:58 - [MESSAGE][PASSED] - Text ' ' is set on object 'Object Repository/RAD_Pages/AddressAndContactInfo_Page/input_reEnterEMailAddress'

2024-02-03 23:29:58 - [TEST_STEP][PASSED] - resText = "Fail": null

2024-02-03 23:29:58 - [TEST_STEP][PASSED] - pages.WriteExcel.demoKey(resText, datText, resColumn, datCloumn, fileLoc, nameSheet, row): pages.WriteExcel.demoKey is PASSED

2024-02-03 23:29:58 - [MESSAGE][PASSED] - pages.WriteExcel.demoKey is PASSED

2024-02-03 23:29:58 - [TEST_STEP][PASSED] - verifyTextPresent("Enter business name", true, CONTINUE_ON_FAILURE): Text 'Enter business name' is present on page  using regular expression

2024-02-03 23:29:59 - [MESSAGE][PASSED] - Text 'Enter business name' is present on page  using regular expression

2024-02-03 23:29:59 - [TEST_STEP][PASSED] - verifyTextPresent("Enter business rep first name", true, CONTINUE_ON_FAILURE): Text 'Enter business rep first name' is present on page  using regular expression

2024-02-03 23:29:59 - [MESSAGE][PASSED] - Text 'Enter business rep first name' is present on page  using regular expression

2024-02-03 23:29:59 - [TEST_STEP][PASSED] - verifyTextPresent("Enter business rep last name", true, CONTINUE_ON_FAILURE): Text 'Enter business rep last name' is present on page  using regular expression

2024-02-03 23:30:00 - [MESSAGE][PASSED] - Text 'Enter business rep last name' is present on page  using regular expression

2024-02-03 23:30:00 - [TEST_STEP][PASSED] - verifyTextPresent("Enter address", true, CONTINUE_ON_FAILURE): Text 'Enter address' is present on page  using regular expression

2024-02-03 23:30:01 - [MESSAGE][PASSED] - Text 'Enter address' is present on page  using regular expression

2024-02-03 23:30:01 - [TEST_STEP][PASSED] - verifyTextPresent("Enter city", true, CONTINUE_ON_FAILURE): Text 'Enter city' is present on page  using regular expression

2024-02-03 23:30:01 - [MESSAGE][PASSED] - Text 'Enter city' is present on page  using regular expression

2024-02-03 23:30:01 - [TEST_STEP][PASSED] - verifyTextPresent("Enter ZIP code", true, CONTINUE_ON_FAILURE): Text 'Enter ZIP code' is present on page  using regular expression

2024-02-03 23:30:01 - [MESSAGE][PASSED] - Text 'Enter ZIP code' is present on page  using regular expression

2024-02-03 23:30:01 - [TEST_STEP][PASSED] - verifyTextPresent("Enter a valid phone number", true, CONTINUE_ON_FAILURE): Text 'Enter a valid phone number' is present on page  using regular expression

2024-02-03 23:30:02 - [MESSAGE][PASSED] - Text 'Enter a valid phone number' is present on page  using regular expression

2024-02-03 23:30:02 - [TEST_STEP][PASSED] - verifyTextPresent("Enter Email", true, CONTINUE_ON_FAILURE): Text 'Enter Email' is present on page  using regular expression

2024-02-03 23:30:02 - [MESSAGE][PASSED] - Text 'Enter Email' is present on page  using regular expression

2024-02-03 23:30:02 - [TEST_STEP][PASSED] - resText = "Pass": null

2024-02-03 23:30:02 - [TEST_STEP][PASSED] - pages.WriteExcel.demoKey(resText, datText, resColumn, datCloumn, fileLoc, nameSheet, row): pages.WriteExcel.demoKey is PASSED

2024-02-03 23:30:02 - [MESSAGE][PASSED] - pages.WriteExcel.demoKey is PASSED

2024-02-03 23:30:02 - [TEST_STEP][PASSED] - ExecuteTC = findTestData(dataFile).getValue("Execute", row): null

2024-02-03 23:30:02 - [TEST_STEP][PASSED] - TaxType = findTestData(dataFile).getValue("TaxType", row): null

2024-02-03 23:30:02 - [TEST_STEP][PASSED] - PaymentType = findTestData(dataFile).getValue("PaymentType", row): null

2024-02-03 23:30:02 - [TEST_STEP][PASSED] - FilingYear = findTestData(dataFile).getValue("Year", row): null

2024-02-03 23:30:02 - [TEST_STEP][PASSED] - PeriodEndingMonth = findTestData(dataFile).getValue("Month", row): null

2024-02-03 23:30:02 - [TEST_STEP][PASSED] - feinSSN = findTestData(dataFile).getValue("FeinSsn", row): null

2024-02-03 23:30:02 - [TEST_STEP][PASSED] - if (ExecuteTC.equalsIgnoreCase("Y")): pages.WriteExcel.demoKey is PASSED

2024-02-03 23:30:02 - [TEST_STEP][PASSED] - out.println("Begin Record Number: " + row): null

2024-02-03 23:30:02 - [TEST_STEP][PASSED] - today = new java.util.Date(): null

2024-02-03 23:30:02 - [TEST_STEP][PASSED] - println(today): null

2024-02-03 23:30:02 - [TEST_STEP][PASSED] - datText = today: null

2024-02-03 23:30:02 - [TEST_STEP][PASSED] - logInfo("Payment Type: Quarterly Estimated Tax"): Payment Type: Quarterly Estimated Tax

2024-02-03 23:30:02 - [MESSAGE][INFO] - Payment Type: Quarterly Estimated Tax

2024-02-03 23:30:02 - [TEST_STEP][PASSED] - logInfo("Tax Type: " + TaxType): Tax Type: PTE Non-Electing S Corp

2024-02-03 23:30:02 - [MESSAGE][INFO] - Tax Type: PTE Non-Electing S Corp

2024-02-03 23:30:02 - [TEST_STEP][PASSED] - openBrowser(""): Browser is opened with url: ''

2024-02-03 23:30:02 - [MESSAGE][WARNING] - A browser is already opened. Closing browser and opening a new one

2024-02-03 23:30:04 - [MESSAGE][INFO] - Starting 'Chrome' driver

2024-02-03 23:30:04 - [MESSAGE][INFO] - User set preference: ['acceptInsecureCerts', 'true']

2024-02-03 23:30:04 - [MESSAGE][INFO] - Action delay is set to 0 milliseconds

2024-02-03 23:30:06 - [MESSAGE][PASSED] - Browser is opened with url: ''

2024-02-03 23:30:06 - [TEST_STEP][PASSED] - maximizeWindow(): Current window maximized

2024-02-03 23:30:06 - [MESSAGE][PASSED] - Current window maximized

2024-02-03 23:30:06 - [TEST_STEP][PASSED] - navigateToUrl(RADurl): Navigate to 'https://qa2.velocitypayment.com/client/rad/index.html' successfully

2024-02-03 23:30:08 - [MESSAGE][PASSED] - Navigate to 'https://qa2.velocitypayment.com/client/rad/index.html' successfully

2024-02-03 23:30:08 - [TEST_STEP][PASSED] - selectOptionByLabel(findTestObject(orPath_Landing + "/dd_TaxType"), "Quarterly Estimated Tax", false): All options with label 'Quarterly Estimated Tax' are selected in object 'Object Repository/RAD_Pages/Landing_Page/dd_TaxType' 

2024-02-03 23:30:08 - [MESSAGE][PASSED] - All options with label 'Quarterly Estimated Tax' are selected in object 'Object Repository/RAD_Pages/Landing_Page/dd_TaxType' 

2024-02-03 23:30:08 - [TEST_STEP][PASSED] - selectOptionByLabel(findTestObject(orPath_TaxTypeFilingYear + "/select_PaymentType"), TaxType, false): All options with label 'PTE Non-Electing S Corp' are selected in object 'Object Repository/RAD_Pages/TaxTypeFilingYear_Page/select_PaymentType' 

2024-02-03 23:30:09 - [MESSAGE][PASSED] - All options with label 'PTE Non-Electing S Corp' are selected in object 'Object Repository/RAD_Pages/TaxTypeFilingYear_Page/select_PaymentType' 

2024-02-03 23:30:09 - [TEST_STEP][PASSED] - selectOptionByLabel(findTestObject(orPath_TaxTypeFilingYear + "/select_FilingYear"), FilingYear, false): All options with label '2024' are selected in object 'Object Repository/RAD_Pages/TaxTypeFilingYear_Page/select_FilingYear' 

2024-02-03 23:30:10 - [MESSAGE][PASSED] - All options with label '2024' are selected in object 'Object Repository/RAD_Pages/TaxTypeFilingYear_Page/select_FilingYear' 

2024-02-03 23:30:10 - [TEST_STEP][PASSED] - selectOptionByLabel(findTestObject(orPath_TaxTypeFilingYear + "/select_PeriodEnding"), PeriodEndingMonth, false): All options with label 'September' are selected in object 'Object Repository/RAD_Pages/TaxTypeFilingYear_Page/select_PeriodEnding' 

2024-02-03 23:30:10 - [MESSAGE][PASSED] - All options with label 'September' are selected in object 'Object Repository/RAD_Pages/TaxTypeFilingYear_Page/select_PeriodEnding' 

2024-02-03 23:30:10 - [TEST_STEP][PASSED] - setText(findTestObject(orPath_TaxPayer + "/input_businessName"), " "): Text ' ' is set on object 'Object Repository/RAD_Pages/Taxpayer_Page/input_businessName'

2024-02-03 23:30:11 - [MESSAGE][PASSED] - Text ' ' is set on object 'Object Repository/RAD_Pages/Taxpayer_Page/input_businessName'

2024-02-03 23:30:11 - [TEST_STEP][PASSED] - setText(findTestObject(orPath_TaxPayer + "/input_BusinessRepfirstName"), " "): Text ' ' is set on object 'Object Repository/RAD_Pages/Taxpayer_Page/input_BusinessRepfirstName'

2024-02-03 23:30:12 - [MESSAGE][PASSED] - Text ' ' is set on object 'Object Repository/RAD_Pages/Taxpayer_Page/input_BusinessRepfirstName'

2024-02-03 23:30:12 - [TEST_STEP][PASSED] - setText(findTestObject(orPath_TaxPayer + "/input_BusinessReplastName"), " "): Text ' ' is set on object 'Object Repository/RAD_Pages/Taxpayer_Page/input_BusinessReplastName'

2024-02-03 23:30:13 - [MESSAGE][PASSED] - Text ' ' is set on object 'Object Repository/RAD_Pages/Taxpayer_Page/input_BusinessReplastName'

2024-02-03 23:30:13 - [TEST_STEP][PASSED] - setText(findTestObject(orPath_AddressContact + "/input_streetAddress1"), " "): Text ' ' is set on object 'Object Repository/RAD_Pages/AddressAndContactInfo_Page/input_streetAddress1'

2024-02-03 23:30:13 - [MESSAGE][PASSED] - Text ' ' is set on object 'Object Repository/RAD_Pages/AddressAndContactInfo_Page/input_streetAddress1'

2024-02-03 23:30:13 - [TEST_STEP][PASSED] - setText(findTestObject(orPath_AddressContact + "/input_city"), " "): Text ' ' is set on object 'Object Repository/RAD_Pages/AddressAndContactInfo_Page/input_city'

2024-02-03 23:30:14 - [MESSAGE][PASSED] - Text ' ' is set on object 'Object Repository/RAD_Pages/AddressAndContactInfo_Page/input_city'

2024-02-03 23:30:14 - [TEST_STEP][PASSED] - setText(findTestObject(orPath_AddressContact + "/input_zipCode"), " "): Text ' ' is set on object 'Object Repository/RAD_Pages/AddressAndContactInfo_Page/input_zipCode'

2024-02-03 23:30:15 - [MESSAGE][PASSED] - Text ' ' is set on object 'Object Repository/RAD_Pages/AddressAndContactInfo_Page/input_zipCode'

2024-02-03 23:30:15 - [TEST_STEP][PASSED] - setText(findTestObject(orPath_AddressContact + "/input_phoneNumber"), " "): Text ' ' is set on object 'Object Repository/RAD_Pages/AddressAndContactInfo_Page/input_phoneNumber'

2024-02-03 23:30:16 - [MESSAGE][PASSED] - Text ' ' is set on object 'Object Repository/RAD_Pages/AddressAndContactInfo_Page/input_phoneNumber'

2024-02-03 23:30:16 - [TEST_STEP][PASSED] - setText(findTestObject(orPath_AddressContact + "/input_eMailAddress"), " "): Text ' ' is set on object 'Object Repository/RAD_Pages/AddressAndContactInfo_Page/input_eMailAddress'

2024-02-03 23:30:17 - [MESSAGE][PASSED] - Text ' ' is set on object 'Object Repository/RAD_Pages/AddressAndContactInfo_Page/input_eMailAddress'

2024-02-03 23:30:17 - [TEST_STEP][PASSED] - setText(findTestObject(orPath_AddressContact + "/input_reEnterEMailAddress"), " "): Text ' ' is set on object 'Object Repository/RAD_Pages/AddressAndContactInfo_Page/input_reEnterEMailAddress'

2024-02-03 23:30:17 - [MESSAGE][PASSED] - Text ' ' is set on object 'Object Repository/RAD_Pages/AddressAndContactInfo_Page/input_reEnterEMailAddress'

2024-02-03 23:30:17 - [TEST_STEP][PASSED] - resText = "Fail": null

2024-02-03 23:30:17 - [TEST_STEP][PASSED] - pages.WriteExcel.demoKey(resText, datText, resColumn, datCloumn, fileLoc, nameSheet, row): pages.WriteExcel.demoKey is PASSED

2024-02-03 23:30:18 - [MESSAGE][PASSED] - pages.WriteExcel.demoKey is PASSED

2024-02-03 23:30:18 - [TEST_STEP][PASSED] - verifyTextPresent("Enter business name", true, CONTINUE_ON_FAILURE): Text 'Enter business name' is present on page  using regular expression

2024-02-03 23:30:18 - [MESSAGE][PASSED] - Text 'Enter business name' is present on page  using regular expression

2024-02-03 23:30:18 - [TEST_STEP][PASSED] - verifyTextPresent("Enter business rep first name", true, CONTINUE_ON_FAILURE): Text 'Enter business rep first name' is present on page  using regular expression

2024-02-03 23:30:18 - [MESSAGE][PASSED] - Text 'Enter business rep first name' is present on page  using regular expression

2024-02-03 23:30:18 - [TEST_STEP][PASSED] - verifyTextPresent("Enter business rep last name", true, CONTINUE_ON_FAILURE): Text 'Enter business rep last name' is present on page  using regular expression

2024-02-03 23:30:19 - [MESSAGE][PASSED] - Text 'Enter business rep last name' is present on page  using regular expression

2024-02-03 23:30:19 - [TEST_STEP][PASSED] - verifyTextPresent("Enter address", true, CONTINUE_ON_FAILURE): Text 'Enter address' is present on page  using regular expression

2024-02-03 23:30:19 - [MESSAGE][PASSED] - Text 'Enter address' is present on page  using regular expression

2024-02-03 23:30:19 - [TEST_STEP][PASSED] - verifyTextPresent("Enter city", true, CONTINUE_ON_FAILURE): Text 'Enter city' is present on page  using regular expression

2024-02-03 23:30:20 - [MESSAGE][PASSED] - Text 'Enter city' is present on page  using regular expression

2024-02-03 23:30:20 - [TEST_STEP][PASSED] - verifyTextPresent("Enter ZIP code", true, CONTINUE_ON_FAILURE): Text 'Enter ZIP code' is present on page  using regular expression

2024-02-03 23:30:20 - [MESSAGE][PASSED] - Text 'Enter ZIP code' is present on page  using regular expression

2024-02-03 23:30:20 - [TEST_STEP][PASSED] - verifyTextPresent("Enter a valid phone number", true, CONTINUE_ON_FAILURE): Text 'Enter a valid phone number' is present on page  using regular expression

2024-02-03 23:30:20 - [MESSAGE][PASSED] - Text 'Enter a valid phone number' is present on page  using regular expression

2024-02-03 23:30:20 - [TEST_STEP][PASSED] - verifyTextPresent("Enter Email", true, CONTINUE_ON_FAILURE): Text 'Enter Email' is present on page  using regular expression

2024-02-03 23:30:21 - [MESSAGE][PASSED] - Text 'Enter Email' is present on page  using regular expression

2024-02-03 23:30:21 - [TEST_STEP][PASSED] - resText = "Pass": null

2024-02-03 23:30:21 - [TEST_STEP][PASSED] - pages.WriteExcel.demoKey(resText, datText, resColumn, datCloumn, fileLoc, nameSheet, row): pages.WriteExcel.demoKey is PASSED

2024-02-03 23:30:21 - [MESSAGE][PASSED] - pages.WriteExcel.demoKey is PASSED

2024-02-03 23:30:21 - [TEST_STEP][PASSED] - ExecuteTC = findTestData(dataFile).getValue("Execute", row): null

2024-02-03 23:30:21 - [TEST_STEP][PASSED] - TaxType = findTestData(dataFile).getValue("TaxType", row): null

2024-02-03 23:30:21 - [TEST_STEP][PASSED] - PaymentType = findTestData(dataFile).getValue("PaymentType", row): null

2024-02-03 23:30:21 - [TEST_STEP][PASSED] - FilingYear = findTestData(dataFile).getValue("Year", row): null

2024-02-03 23:30:21 - [TEST_STEP][PASSED] - PeriodEndingMonth = findTestData(dataFile).getValue("Month", row): null

2024-02-03 23:30:21 - [TEST_STEP][PASSED] - feinSSN = findTestData(dataFile).getValue("FeinSsn", row): null

2024-02-03 23:30:21 - [TEST_STEP][PASSED] - if (ExecuteTC.equalsIgnoreCase("Y")): pages.WriteExcel.demoKey is PASSED

2024-02-03 23:30:21 - [TEST_STEP][PASSED] - out.println("Begin Record Number: " + row): null

2024-02-03 23:30:21 - [TEST_STEP][PASSED] - today = new java.util.Date(): null

2024-02-03 23:30:21 - [TEST_STEP][PASSED] - println(today): null

2024-02-03 23:30:21 - [TEST_STEP][PASSED] - datText = today: null

2024-02-03 23:30:21 - [TEST_STEP][PASSED] - logInfo("Payment Type: Quarterly Estimated Tax"): Payment Type: Quarterly Estimated Tax

2024-02-03 23:30:21 - [MESSAGE][INFO] - Payment Type: Quarterly Estimated Tax

2024-02-03 23:30:21 - [TEST_STEP][PASSED] - logInfo("Tax Type: " + TaxType): Tax Type: PTE Tax Electing Non-S Corp

2024-02-03 23:30:21 - [MESSAGE][INFO] - Tax Type: PTE Tax Electing Non-S Corp

2024-02-03 23:30:21 - [TEST_STEP][PASSED] - openBrowser(""): Browser is opened with url: ''

2024-02-03 23:30:21 - [MESSAGE][WARNING] - A browser is already opened. Closing browser and opening a new one

2024-02-03 23:30:29 - [MESSAGE][INFO] - Starting 'Chrome' driver

2024-02-03 23:30:29 - [MESSAGE][INFO] - User set preference: ['acceptInsecureCerts', 'true']

2024-02-03 23:30:29 - [MESSAGE][INFO] - Action delay is set to 0 milliseconds

2024-02-03 23:30:31 - [MESSAGE][PASSED] - Browser is opened with url: ''

2024-02-03 23:30:31 - [TEST_STEP][PASSED] - maximizeWindow(): Current window maximized

2024-02-03 23:30:31 - [MESSAGE][PASSED] - Current window maximized

2024-02-03 23:30:31 - [TEST_STEP][PASSED] - navigateToUrl(RADurl): Navigate to 'https://qa2.velocitypayment.com/client/rad/index.html' successfully

2024-02-03 23:30:33 - [MESSAGE][PASSED] - Navigate to 'https://qa2.velocitypayment.com/client/rad/index.html' successfully

2024-02-03 23:30:33 - [TEST_STEP][PASSED] - selectOptionByLabel(findTestObject(orPath_Landing + "/dd_TaxType"), "Quarterly Estimated Tax", false): All options with label 'Quarterly Estimated Tax' are selected in object 'Object Repository/RAD_Pages/Landing_Page/dd_TaxType' 

2024-02-03 23:30:34 - [MESSAGE][PASSED] - All options with label 'Quarterly Estimated Tax' are selected in object 'Object Repository/RAD_Pages/Landing_Page/dd_TaxType' 

2024-02-03 23:30:34 - [TEST_STEP][PASSED] - selectOptionByLabel(findTestObject(orPath_TaxTypeFilingYear + "/select_PaymentType"), TaxType, false): All options with label 'PTE Tax Electing Non-S Corp' are selected in object 'Object Repository/RAD_Pages/TaxTypeFilingYear_Page/select_PaymentType' 

2024-02-03 23:30:35 - [MESSAGE][PASSED] - All options with label 'PTE Tax Electing Non-S Corp' are selected in object 'Object Repository/RAD_Pages/TaxTypeFilingYear_Page/select_PaymentType' 

2024-02-03 23:30:35 - [TEST_STEP][PASSED] - selectOptionByLabel(findTestObject(orPath_TaxTypeFilingYear + "/select_FilingYear"), FilingYear, false): All options with label '2024' are selected in object 'Object Repository/RAD_Pages/TaxTypeFilingYear_Page/select_FilingYear' 

2024-02-03 23:30:35 - [MESSAGE][PASSED] - All options with label '2024' are selected in object 'Object Repository/RAD_Pages/TaxTypeFilingYear_Page/select_FilingYear' 

2024-02-03 23:30:35 - [TEST_STEP][PASSED] - selectOptionByLabel(findTestObject(orPath_TaxTypeFilingYear + "/select_PeriodEnding"), PeriodEndingMonth, false): All options with label 'January' are selected in object 'Object Repository/RAD_Pages/TaxTypeFilingYear_Page/select_PeriodEnding' 

2024-02-03 23:30:36 - [MESSAGE][PASSED] - All options with label 'January' are selected in object 'Object Repository/RAD_Pages/TaxTypeFilingYear_Page/select_PeriodEnding' 

2024-02-03 23:30:36 - [TEST_STEP][PASSED] - setText(findTestObject(orPath_TaxPayer + "/input_businessName"), " "): Text ' ' is set on object 'Object Repository/RAD_Pages/Taxpayer_Page/input_businessName'

2024-02-03 23:30:36 - [MESSAGE][PASSED] - Text ' ' is set on object 'Object Repository/RAD_Pages/Taxpayer_Page/input_businessName'

2024-02-03 23:30:36 - [TEST_STEP][PASSED] - setText(findTestObject(orPath_TaxPayer + "/input_BusinessRepfirstName"), " "): Text ' ' is set on object 'Object Repository/RAD_Pages/Taxpayer_Page/input_BusinessRepfirstName'

2024-02-03 23:30:37 - [MESSAGE][PASSED] - Text ' ' is set on object 'Object Repository/RAD_Pages/Taxpayer_Page/input_BusinessRepfirstName'

2024-02-03 23:30:37 - [TEST_STEP][PASSED] - setText(findTestObject(orPath_TaxPayer + "/input_BusinessReplastName"), " "): Text ' ' is set on object 'Object Repository/RAD_Pages/Taxpayer_Page/input_BusinessReplastName'

2024-02-03 23:30:38 - [MESSAGE][PASSED] - Text ' ' is set on object 'Object Repository/RAD_Pages/Taxpayer_Page/input_BusinessReplastName'

2024-02-03 23:30:38 - [TEST_STEP][PASSED] - setText(findTestObject(orPath_AddressContact + "/input_streetAddress1"), " "): Text ' ' is set on object 'Object Repository/RAD_Pages/AddressAndContactInfo_Page/input_streetAddress1'

2024-02-03 23:30:38 - [MESSAGE][PASSED] - Text ' ' is set on object 'Object Repository/RAD_Pages/AddressAndContactInfo_Page/input_streetAddress1'

2024-02-03 23:30:38 - [TEST_STEP][PASSED] - setText(findTestObject(orPath_AddressContact + "/input_city"), " "): Text ' ' is set on object 'Object Repository/RAD_Pages/AddressAndContactInfo_Page/input_city'

2024-02-03 23:30:39 - [MESSAGE][PASSED] - Text ' ' is set on object 'Object Repository/RAD_Pages/AddressAndContactInfo_Page/input_city'

2024-02-03 23:30:39 - [TEST_STEP][PASSED] - setText(findTestObject(orPath_AddressContact + "/input_zipCode"), " "): Text ' ' is set on object 'Object Repository/RAD_Pages/AddressAndContactInfo_Page/input_zipCode'

2024-02-03 23:30:40 - [MESSAGE][PASSED] - Text ' ' is set on object 'Object Repository/RAD_Pages/AddressAndContactInfo_Page/input_zipCode'

2024-02-03 23:30:40 - [TEST_STEP][PASSED] - setText(findTestObject(orPath_AddressContact + "/input_phoneNumber"), " "): Text ' ' is set on object 'Object Repository/RAD_Pages/AddressAndContactInfo_Page/input_phoneNumber'

2024-02-03 23:30:41 - [MESSAGE][PASSED] - Text ' ' is set on object 'Object Repository/RAD_Pages/AddressAndContactInfo_Page/input_phoneNumber'

2024-02-03 23:30:41 - [TEST_STEP][PASSED] - setText(findTestObject(orPath_AddressContact + "/input_eMailAddress"), " "): Text ' ' is set on object 'Object Repository/RAD_Pages/AddressAndContactInfo_Page/input_eMailAddress'

2024-02-03 23:30:42 - [MESSAGE][PASSED] - Text ' ' is set on object 'Object Repository/RAD_Pages/AddressAndContactInfo_Page/input_eMailAddress'

2024-02-03 23:30:42 - [TEST_STEP][PASSED] - setText(findTestObject(orPath_AddressContact + "/input_reEnterEMailAddress"), " "): Text ' ' is set on object 'Object Repository/RAD_Pages/AddressAndContactInfo_Page/input_reEnterEMailAddress'

2024-02-03 23:30:43 - [MESSAGE][PASSED] - Text ' ' is set on object 'Object Repository/RAD_Pages/AddressAndContactInfo_Page/input_reEnterEMailAddress'

2024-02-03 23:30:43 - [TEST_STEP][PASSED] - resText = "Fail": null

2024-02-03 23:30:43 - [TEST_STEP][PASSED] - pages.WriteExcel.demoKey(resText, datText, resColumn, datCloumn, fileLoc, nameSheet, row): pages.WriteExcel.demoKey is PASSED

2024-02-03 23:30:43 - [MESSAGE][PASSED] - pages.WriteExcel.demoKey is PASSED

2024-02-03 23:30:43 - [TEST_STEP][PASSED] - verifyTextPresent("Enter business name", true, CONTINUE_ON_FAILURE): Text 'Enter business name' is present on page  using regular expression

2024-02-03 23:30:43 - [MESSAGE][PASSED] - Text 'Enter business name' is present on page  using regular expression

2024-02-03 23:30:43 - [TEST_STEP][PASSED] - verifyTextPresent("Enter business rep first name", true, CONTINUE_ON_FAILURE): Text 'Enter business rep first name' is present on page  using regular expression

2024-02-03 23:30:44 - [MESSAGE][PASSED] - Text 'Enter business rep first name' is present on page  using regular expression

2024-02-03 23:30:44 - [TEST_STEP][PASSED] - verifyTextPresent("Enter business rep last name", true, CONTINUE_ON_FAILURE): Text 'Enter business rep last name' is present on page  using regular expression

2024-02-03 23:30:44 - [MESSAGE][PASSED] - Text 'Enter business rep last name' is present on page  using regular expression

2024-02-03 23:30:44 - [TEST_STEP][PASSED] - verifyTextPresent("Enter address", true, CONTINUE_ON_FAILURE): Text 'Enter address' is present on page  using regular expression

2024-02-03 23:30:44 - [MESSAGE][PASSED] - Text 'Enter address' is present on page  using regular expression

2024-02-03 23:30:44 - [TEST_STEP][PASSED] - verifyTextPresent("Enter city", true, CONTINUE_ON_FAILURE): Text 'Enter city' is present on page  using regular expression

2024-02-03 23:30:45 - [MESSAGE][PASSED] - Text 'Enter city' is present on page  using regular expression

2024-02-03 23:30:45 - [TEST_STEP][PASSED] - verifyTextPresent("Enter ZIP code", true, CONTINUE_ON_FAILURE): Text 'Enter ZIP code' is present on page  using regular expression

2024-02-03 23:30:45 - [MESSAGE][PASSED] - Text 'Enter ZIP code' is present on page  using regular expression

2024-02-03 23:30:45 - [TEST_STEP][PASSED] - verifyTextPresent("Enter a valid phone number", true, CONTINUE_ON_FAILURE): Text 'Enter a valid phone number' is present on page  using regular expression

2024-02-03 23:30:46 - [MESSAGE][PASSED] - Text 'Enter a valid phone number' is present on page  using regular expression

2024-02-03 23:30:46 - [TEST_STEP][PASSED] - verifyTextPresent("Enter Email", true, CONTINUE_ON_FAILURE): Text 'Enter Email' is present on page  using regular expression

2024-02-03 23:30:46 - [MESSAGE][PASSED] - Text 'Enter Email' is present on page  using regular expression

2024-02-03 23:30:46 - [TEST_STEP][PASSED] - resText = "Pass": null

2024-02-03 23:30:46 - [TEST_STEP][PASSED] - pages.WriteExcel.demoKey(resText, datText, resColumn, datCloumn, fileLoc, nameSheet, row): pages.WriteExcel.demoKey is PASSED

2024-02-03 23:30:46 - [MESSAGE][PASSED] - pages.WriteExcel.demoKey is PASSED

2024-02-03 23:30:46 - [TEST_STEP][PASSED] - ExecuteTC = findTestData(dataFile).getValue("Execute", row): null

2024-02-03 23:30:46 - [TEST_STEP][PASSED] - TaxType = findTestData(dataFile).getValue("TaxType", row): null

2024-02-03 23:30:46 - [TEST_STEP][PASSED] - PaymentType = findTestData(dataFile).getValue("PaymentType", row): null

2024-02-03 23:30:46 - [TEST_STEP][PASSED] - FilingYear = findTestData(dataFile).getValue("Year", row): null

2024-02-03 23:30:46 - [TEST_STEP][PASSED] - PeriodEndingMonth = findTestData(dataFile).getValue("Month", row): null

2024-02-03 23:30:46 - [TEST_STEP][PASSED] - feinSSN = findTestData(dataFile).getValue("FeinSsn", row): null

2024-02-03 23:30:46 - [TEST_STEP][PASSED] - if (ExecuteTC.equalsIgnoreCase("Y")): pages.WriteExcel.demoKey is PASSED

2024-02-03 23:30:46 - [TEST_STEP][PASSED] - out.println("Begin Record Number: " + row): null

2024-02-03 23:30:46 - [TEST_STEP][PASSED] - today = new java.util.Date(): null

2024-02-03 23:30:46 - [TEST_STEP][PASSED] - println(today): null

2024-02-03 23:30:46 - [TEST_STEP][PASSED] - datText = today: null

2024-02-03 23:30:46 - [TEST_STEP][PASSED] - logInfo("Payment Type: Quarterly Estimated Tax"): Payment Type: Quarterly Estimated Tax

2024-02-03 23:30:46 - [MESSAGE][INFO] - Payment Type: Quarterly Estimated Tax

2024-02-03 23:30:46 - [TEST_STEP][PASSED] - logInfo("Tax Type: " + TaxType): Tax Type: PTE Tax Electing S Corp

2024-02-03 23:30:46 - [MESSAGE][INFO] - Tax Type: PTE Tax Electing S Corp

2024-02-03 23:30:46 - [TEST_STEP][PASSED] - openBrowser(""): Browser is opened with url: ''

2024-02-03 23:30:46 - [MESSAGE][WARNING] - A browser is already opened. Closing browser and opening a new one

2024-02-03 23:30:48 - [MESSAGE][INFO] - Starting 'Chrome' driver

2024-02-03 23:30:48 - [MESSAGE][INFO] - User set preference: ['acceptInsecureCerts', 'true']

2024-02-03 23:30:48 - [MESSAGE][INFO] - Action delay is set to 0 milliseconds

2024-02-03 23:30:49 - [MESSAGE][PASSED] - Browser is opened with url: ''

2024-02-03 23:30:49 - [TEST_STEP][PASSED] - maximizeWindow(): Current window maximized

2024-02-03 23:30:50 - [MESSAGE][PASSED] - Current window maximized

2024-02-03 23:30:50 - [TEST_STEP][PASSED] - navigateToUrl(RADurl): Navigate to 'https://qa2.velocitypayment.com/client/rad/index.html' successfully

2024-02-03 23:30:50 - [MESSAGE][PASSED] - Navigate to 'https://qa2.velocitypayment.com/client/rad/index.html' successfully

2024-02-03 23:30:50 - [TEST_STEP][PASSED] - selectOptionByLabel(findTestObject(orPath_Landing + "/dd_TaxType"), "Quarterly Estimated Tax", false): All options with label 'Quarterly Estimated Tax' are selected in object 'Object Repository/RAD_Pages/Landing_Page/dd_TaxType' 

2024-02-03 23:30:52 - [MESSAGE][PASSED] - All options with label 'Quarterly Estimated Tax' are selected in object 'Object Repository/RAD_Pages/Landing_Page/dd_TaxType' 

2024-02-03 23:30:52 - [TEST_STEP][PASSED] - selectOptionByLabel(findTestObject(orPath_TaxTypeFilingYear + "/select_PaymentType"), TaxType, false): All options with label 'PTE Tax Electing S Corp' are selected in object 'Object Repository/RAD_Pages/TaxTypeFilingYear_Page/select_PaymentType' 

2024-02-03 23:30:53 - [MESSAGE][PASSED] - All options with label 'PTE Tax Electing S Corp' are selected in object 'Object Repository/RAD_Pages/TaxTypeFilingYear_Page/select_PaymentType' 

2024-02-03 23:30:53 - [TEST_STEP][PASSED] - selectOptionByLabel(findTestObject(orPath_TaxTypeFilingYear + "/select_FilingYear"), FilingYear, false): All options with label '2024' are selected in object 'Object Repository/RAD_Pages/TaxTypeFilingYear_Page/select_FilingYear' 

2024-02-03 23:30:54 - [MESSAGE][PASSED] - All options with label '2024' are selected in object 'Object Repository/RAD_Pages/TaxTypeFilingYear_Page/select_FilingYear' 

2024-02-03 23:30:54 - [TEST_STEP][PASSED] - selectOptionByLabel(findTestObject(orPath_TaxTypeFilingYear + "/select_PeriodEnding"), PeriodEndingMonth, false): All options with label 'December' are selected in object 'Object Repository/RAD_Pages/TaxTypeFilingYear_Page/select_PeriodEnding' 

2024-02-03 23:30:54 - [MESSAGE][PASSED] - All options with label 'December' are selected in object 'Object Repository/RAD_Pages/TaxTypeFilingYear_Page/select_PeriodEnding' 

2024-02-03 23:30:54 - [TEST_STEP][PASSED] - setText(findTestObject(orPath_TaxPayer + "/input_businessName"), " "): Text ' ' is set on object 'Object Repository/RAD_Pages/Taxpayer_Page/input_businessName'

2024-02-03 23:30:55 - [MESSAGE][PASSED] - Text ' ' is set on object 'Object Repository/RAD_Pages/Taxpayer_Page/input_businessName'

2024-02-03 23:30:55 - [TEST_STEP][PASSED] - setText(findTestObject(orPath_TaxPayer + "/input_BusinessRepfirstName"), " "): Text ' ' is set on object 'Object Repository/RAD_Pages/Taxpayer_Page/input_BusinessRepfirstName'

2024-02-03 23:30:56 - [MESSAGE][PASSED] - Text ' ' is set on object 'Object Repository/RAD_Pages/Taxpayer_Page/input_BusinessRepfirstName'

2024-02-03 23:30:56 - [TEST_STEP][PASSED] - setText(findTestObject(orPath_TaxPayer + "/input_BusinessReplastName"), " "): Text ' ' is set on object 'Object Repository/RAD_Pages/Taxpayer_Page/input_BusinessReplastName'

2024-02-03 23:30:56 - [MESSAGE][PASSED] - Text ' ' is set on object 'Object Repository/RAD_Pages/Taxpayer_Page/input_BusinessReplastName'

2024-02-03 23:30:56 - [TEST_STEP][PASSED] - setText(findTestObject(orPath_AddressContact + "/input_streetAddress1"), " "): Text ' ' is set on object 'Object Repository/RAD_Pages/AddressAndContactInfo_Page/input_streetAddress1'

2024-02-03 23:30:57 - [MESSAGE][PASSED] - Text ' ' is set on object 'Object Repository/RAD_Pages/AddressAndContactInfo_Page/input_streetAddress1'

2024-02-03 23:30:57 - [TEST_STEP][PASSED] - setText(findTestObject(orPath_AddressContact + "/input_city"), " "): Text ' ' is set on object 'Object Repository/RAD_Pages/AddressAndContactInfo_Page/input_city'

2024-02-03 23:30:58 - [MESSAGE][PASSED] - Text ' ' is set on object 'Object Repository/RAD_Pages/AddressAndContactInfo_Page/input_city'

2024-02-03 23:30:58 - [TEST_STEP][PASSED] - setText(findTestObject(orPath_AddressContact + "/input_zipCode"), " "): Text ' ' is set on object 'Object Repository/RAD_Pages/AddressAndContactInfo_Page/input_zipCode'

2024-02-03 23:30:59 - [MESSAGE][PASSED] - Text ' ' is set on object 'Object Repository/RAD_Pages/AddressAndContactInfo_Page/input_zipCode'

2024-02-03 23:30:59 - [TEST_STEP][PASSED] - setText(findTestObject(orPath_AddressContact + "/input_phoneNumber"), " "): Text ' ' is set on object 'Object Repository/RAD_Pages/AddressAndContactInfo_Page/input_phoneNumber'

2024-02-03 23:30:59 - [MESSAGE][PASSED] - Text ' ' is set on object 'Object Repository/RAD_Pages/AddressAndContactInfo_Page/input_phoneNumber'

2024-02-03 23:30:59 - [TEST_STEP][PASSED] - setText(findTestObject(orPath_AddressContact + "/input_eMailAddress"), " "): Text ' ' is set on object 'Object Repository/RAD_Pages/AddressAndContactInfo_Page/input_eMailAddress'

2024-02-03 23:31:00 - [MESSAGE][PASSED] - Text ' ' is set on object 'Object Repository/RAD_Pages/AddressAndContactInfo_Page/input_eMailAddress'

2024-02-03 23:31:00 - [TEST_STEP][PASSED] - setText(findTestObject(orPath_AddressContact + "/input_reEnterEMailAddress"), " "): Text ' ' is set on object 'Object Repository/RAD_Pages/AddressAndContactInfo_Page/input_reEnterEMailAddress'

2024-02-03 23:31:01 - [MESSAGE][PASSED] - Text ' ' is set on object 'Object Repository/RAD_Pages/AddressAndContactInfo_Page/input_reEnterEMailAddress'

2024-02-03 23:31:01 - [TEST_STEP][PASSED] - resText = "Fail": null

2024-02-03 23:31:01 - [TEST_STEP][PASSED] - pages.WriteExcel.demoKey(resText, datText, resColumn, datCloumn, fileLoc, nameSheet, row): pages.WriteExcel.demoKey is PASSED

2024-02-03 23:31:01 - [MESSAGE][PASSED] - pages.WriteExcel.demoKey is PASSED

2024-02-03 23:31:01 - [TEST_STEP][PASSED] - verifyTextPresent("Enter business name", true, CONTINUE_ON_FAILURE): Text 'Enter business name' is present on page  using regular expression

2024-02-03 23:31:02 - [MESSAGE][PASSED] - Text 'Enter business name' is present on page  using regular expression

2024-02-03 23:31:02 - [TEST_STEP][PASSED] - verifyTextPresent("Enter business rep first name", true, CONTINUE_ON_FAILURE): Text 'Enter business rep first name' is present on page  using regular expression

2024-02-03 23:31:03 - [MESSAGE][PASSED] - Text 'Enter business rep first name' is present on page  using regular expression

2024-02-03 23:31:03 - [TEST_STEP][PASSED] - verifyTextPresent("Enter business rep last name", true, CONTINUE_ON_FAILURE): Text 'Enter business rep last name' is present on page  using regular expression

2024-02-03 23:31:03 - [MESSAGE][PASSED] - Text 'Enter business rep last name' is present on page  using regular expression

2024-02-03 23:31:03 - [TEST_STEP][PASSED] - verifyTextPresent("Enter address", true, CONTINUE_ON_FAILURE): Text 'Enter address' is present on page  using regular expression

2024-02-03 23:31:03 - [MESSAGE][PASSED] - Text 'Enter address' is present on page  using regular expression

2024-02-03 23:31:03 - [TEST_STEP][PASSED] - verifyTextPresent("Enter city", true, CONTINUE_ON_FAILURE): Text 'Enter city' is present on page  using regular expression

2024-02-03 23:31:04 - [MESSAGE][PASSED] - Text 'Enter city' is present on page  using regular expression

2024-02-03 23:31:04 - [TEST_STEP][PASSED] - verifyTextPresent("Enter ZIP code", true, CONTINUE_ON_FAILURE): Text 'Enter ZIP code' is present on page  using regular expression

2024-02-03 23:31:04 - [MESSAGE][PASSED] - Text 'Enter ZIP code' is present on page  using regular expression

2024-02-03 23:31:04 - [TEST_STEP][PASSED] - verifyTextPresent("Enter a valid phone number", true, CONTINUE_ON_FAILURE): Text 'Enter a valid phone number' is present on page  using regular expression

2024-02-03 23:31:04 - [MESSAGE][PASSED] - Text 'Enter a valid phone number' is present on page  using regular expression

2024-02-03 23:31:04 - [TEST_STEP][PASSED] - verifyTextPresent("Enter Email", true, CONTINUE_ON_FAILURE): Text 'Enter Email' is present on page  using regular expression

2024-02-03 23:31:05 - [MESSAGE][PASSED] - Text 'Enter Email' is present on page  using regular expression

2024-02-03 23:31:05 - [TEST_STEP][PASSED] - resText = "Pass": null

2024-02-03 23:31:05 - [TEST_STEP][PASSED] - pages.WriteExcel.demoKey(resText, datText, resColumn, datCloumn, fileLoc, nameSheet, row): pages.WriteExcel.demoKey is PASSED

2024-02-03 23:31:05 - [MESSAGE][PASSED] - pages.WriteExcel.demoKey is PASSED]]></system-out>
         <system-err><![CDATA[]]></system-err>
      </testcase>
      <testcase name="Test Cases/RAD_TestCases/MRF_TestCases/Existing_MRF_TC" time="347.371" classname="Test Cases/RAD_TestCases/MRF_TestCases/Existing_MRF_TC" status="PASSED">
         <system-out><![CDATA[2024-02-03 23:31:05 - [TEST_CASE][PASSED] - Test Cases/RAD_TestCases/MRF_TestCases/Existing_MRF_TC: Test Cases/RAD_TestCases/MRF_TestCases/Existing_MRF_TC

2024-02-03 23:31:06 - [TEST_STEP][PASSED] - resText = "Fail": null

2024-02-03 23:31:06 - [TEST_STEP][PASSED] - resColumn = "Result": null

2024-02-03 23:31:06 - [TEST_STEP][PASSED] - datCloumn = "Date": null

2024-02-03 23:31:06 - [TEST_STEP][PASSED] - fileLoc = "KatalonData/RADTestData/MRF.xlsx": null

2024-02-03 23:31:06 - [TEST_STEP][PASSED] - nameSheet = "Existing": null

2024-02-03 23:31:06 - [TEST_STEP][PASSED] - dataFile = "RADTestData/MRF_Existing": null

2024-02-03 23:31:06 - [TEST_STEP][PASSED] - orPath_Landing = "Object Repository/RAD_Pages/Landing_Page": null

2024-02-03 23:31:06 - [TEST_STEP][PASSED] - orPath_TaxTypeFilingYear = "Object Repository/RAD_Pages/TaxTypeFilingYear_Page": null

2024-02-03 23:31:06 - [TEST_STEP][PASSED] - orPath_Amount = "Object Repository/RAD_Pages/PaymentAmount_Page": null

2024-02-03 23:31:06 - [TEST_STEP][PASSED] - orPath_AddressContact = "Object Repository/RAD_Pages/AddressAndContactInfo_Page": null

2024-02-03 23:31:06 - [TEST_STEP][PASSED] - orPath_Summary = "Object Repository/RAD_Pages/Summary_Page": null

2024-02-03 23:31:06 - [TEST_STEP][PASSED] - orPath_PaymentConfirmation = "Object Repository/RAD_Pages/PaymentConfirmation_Page": null

2024-02-03 23:31:06 - [TEST_STEP][PASSED] - orPath_ServiceFeesAccept = "Object Repository/RAD_Pages/ServiceFeeAccept_Page": null

2024-02-03 23:31:06 - [TEST_STEP][PASSED] - orPath_PaymentEntry = "Object Repository/RAD_Pages/PaymentEntry_Page": null

2024-02-03 23:31:06 - [TEST_STEP][PASSED] - orPath_TaxInfo = "Object Repository/RAD_Pages/TaxInfo_Page": null

2024-02-03 23:31:06 - [TEST_STEP][PASSED] - orPath_TaxPayer = "Object Repository/RAD_Pages/Taxpayer_Page": null

2024-02-03 23:31:06 - [TEST_STEP][PASSED] - orPath_FilingStatus = "Object Repository/RAD_Pages/FilingStatus_Page": null

2024-02-03 23:31:06 - [TEST_STEP][PASSED] - ExecuteTC = <not implemented yet for class: org.codehaus.groovy.ast.expr.EmptyExpression>: null

2024-02-03 23:31:06 - [TEST_STEP][PASSED] - TaxType = <not implemented yet for class: org.codehaus.groovy.ast.expr.EmptyExpression>: null

2024-02-03 23:31:06 - [TEST_STEP][PASSED] - PaymentType = <not implemented yet for class: org.codehaus.groovy.ast.expr.EmptyExpression>: null

2024-02-03 23:31:06 - [TEST_STEP][PASSED] - FilingYear = <not implemented yet for class: org.codehaus.groovy.ast.expr.EmptyExpression>: null

2024-02-03 23:31:06 - [TEST_STEP][PASSED] - PeriodEndingMonth = <not implemented yet for class: org.codehaus.groovy.ast.expr.EmptyExpression>: null

2024-02-03 23:31:06 - [TEST_STEP][PASSED] - feinSsn = <not implemented yet for class: org.codehaus.groovy.ast.expr.EmptyExpression>: null

2024-02-03 23:31:06 - [TEST_STEP][PASSED] - numOfRows = findTestData(dataFile).getRowNumbers(): null

2024-02-03 23:31:06 - [TEST_STEP][PASSED] - println("Number of Records: " + numOfRows): null

2024-02-03 23:31:06 - [TEST_STEP][PASSED] - for ([row = 1, row <= numOfRows, (row++)]): pages.WriteExcel.demoKey is PASSED

2024-02-03 23:31:06 - [TEST_STEP][PASSED] - ExecuteTC = findTestData(dataFile).getValue("Execute", row): null

2024-02-03 23:31:06 - [TEST_STEP][PASSED] - TaxType = findTestData(dataFile).getValue("TaxType", row): null

2024-02-03 23:31:06 - [TEST_STEP][PASSED] - PaymentType = findTestData(dataFile).getValue("PaymentType", row): null

2024-02-03 23:31:06 - [TEST_STEP][PASSED] - feinSsn = findTestData(dataFile).getValue("FEINSSN", row): null

2024-02-03 23:31:06 - [TEST_STEP][PASSED] - if (ExecuteTC.equalsIgnoreCase("Y")): pages.WriteExcel.demoKey is PASSED

2024-02-03 23:31:06 - [TEST_STEP][PASSED] - out.println("Begin Record Number: " + row): null

2024-02-03 23:31:06 - [TEST_STEP][PASSED] - today = new java.util.Date(): null

2024-02-03 23:31:06 - [TEST_STEP][PASSED] - println(today): null

2024-02-03 23:31:06 - [TEST_STEP][PASSED] - datText = today: null

2024-02-03 23:31:06 - [TEST_STEP][PASSED] - logInfo("Payment Type: Existing Liability w/Notice Number"): Payment Type: Existing Liability w/Notice Number

2024-02-03 23:31:06 - [MESSAGE][INFO] - Payment Type: Existing Liability w/Notice Number

2024-02-03 23:31:06 - [TEST_STEP][PASSED] - logInfo("Tax Type: " + TaxType): Tax Type: Bay Restoration Fee

2024-02-03 23:31:06 - [MESSAGE][INFO] - Tax Type: Bay Restoration Fee

2024-02-03 23:31:06 - [TEST_STEP][PASSED] - openBrowser(""): Browser is opened with url: ''

2024-02-03 23:31:06 - [MESSAGE][WARNING] - A browser is already opened. Closing browser and opening a new one

2024-02-03 23:31:08 - [MESSAGE][INFO] - Starting 'Chrome' driver

2024-02-03 23:31:08 - [MESSAGE][INFO] - User set preference: ['acceptInsecureCerts', 'true']

2024-02-03 23:31:08 - [MESSAGE][INFO] - Action delay is set to 0 milliseconds

2024-02-03 23:31:10 - [MESSAGE][PASSED] - Browser is opened with url: ''

2024-02-03 23:31:10 - [TEST_STEP][PASSED] - maximizeWindow(): Current window maximized

2024-02-03 23:31:10 - [MESSAGE][PASSED] - Current window maximized

2024-02-03 23:31:10 - [TEST_STEP][PASSED] - navigateToUrl(RADurl): Navigate to 'https://qa2.velocitypayment.com/client/rad/index.html' successfully

2024-02-03 23:31:10 - [MESSAGE][PASSED] - Navigate to 'https://qa2.velocitypayment.com/client/rad/index.html' successfully

2024-02-03 23:31:10 - [TEST_STEP][PASSED] - selectOptionByLabel(findTestObject(orPath_Landing + "/dd_TaxType"), "Existing Liability w/Notice Number", false): All options with label 'Existing Liability w/Notice Number' are selected in object 'Object Repository/RAD_Pages/Landing_Page/dd_TaxType' 

2024-02-03 23:31:12 - [MESSAGE][PASSED] - All options with label 'Existing Liability w/Notice Number' are selected in object 'Object Repository/RAD_Pages/Landing_Page/dd_TaxType' 

2024-02-03 23:31:12 - [TEST_STEP][PASSED] - selectOptionByLabel(findTestObject(orPath_TaxTypeFilingYear + "/select_TaxType_ExistingLiability"), TaxType, false): All options with label 'Bay Restoration Fee' are selected in object 'Object Repository/RAD_Pages/TaxTypeFilingYear_Page/select_TaxType_ExistingLiability' 

2024-02-03 23:31:13 - [MESSAGE][PASSED] - All options with label 'Bay Restoration Fee' are selected in object 'Object Repository/RAD_Pages/TaxTypeFilingYear_Page/select_TaxType_ExistingLiability' 

2024-02-03 23:31:13 - [TEST_STEP][PASSED] - setText(findTestObject(orPath_TaxPayer + "/input_businessName"), " "): Text ' ' is set on object 'Object Repository/RAD_Pages/Taxpayer_Page/input_businessName'

2024-02-03 23:31:14 - [MESSAGE][PASSED] - Text ' ' is set on object 'Object Repository/RAD_Pages/Taxpayer_Page/input_businessName'

2024-02-03 23:31:14 - [TEST_STEP][PASSED] - setText(findTestObject(orPath_TaxPayer + "/input_BusinessRepfirstName"), " "): Text ' ' is set on object 'Object Repository/RAD_Pages/Taxpayer_Page/input_BusinessRepfirstName'

2024-02-03 23:31:14 - [MESSAGE][PASSED] - Text ' ' is set on object 'Object Repository/RAD_Pages/Taxpayer_Page/input_BusinessRepfirstName'

2024-02-03 23:31:14 - [TEST_STEP][PASSED] - setText(findTestObject(orPath_TaxPayer + "/input_BusinessReplastName"), " "): Text ' ' is set on object 'Object Repository/RAD_Pages/Taxpayer_Page/input_BusinessReplastName'

2024-02-03 23:31:15 - [MESSAGE][PASSED] - Text ' ' is set on object 'Object Repository/RAD_Pages/Taxpayer_Page/input_BusinessReplastName'

2024-02-03 23:31:15 - [TEST_STEP][PASSED] - setText(findTestObject(orPath_AddressContact + "/input_streetAddress1"), " "): Text ' ' is set on object 'Object Repository/RAD_Pages/AddressAndContactInfo_Page/input_streetAddress1'

2024-02-03 23:31:16 - [MESSAGE][PASSED] - Text ' ' is set on object 'Object Repository/RAD_Pages/AddressAndContactInfo_Page/input_streetAddress1'

2024-02-03 23:31:16 - [TEST_STEP][PASSED] - setText(findTestObject(orPath_AddressContact + "/input_city"), " "): Text ' ' is set on object 'Object Repository/RAD_Pages/AddressAndContactInfo_Page/input_city'

2024-02-03 23:31:17 - [MESSAGE][PASSED] - Text ' ' is set on object 'Object Repository/RAD_Pages/AddressAndContactInfo_Page/input_city'

2024-02-03 23:31:17 - [TEST_STEP][PASSED] - setText(findTestObject(orPath_AddressContact + "/input_zipCode"), " "): Text ' ' is set on object 'Object Repository/RAD_Pages/AddressAndContactInfo_Page/input_zipCode'

2024-02-03 23:31:17 - [MESSAGE][PASSED] - Text ' ' is set on object 'Object Repository/RAD_Pages/AddressAndContactInfo_Page/input_zipCode'

2024-02-03 23:31:17 - [TEST_STEP][PASSED] - setText(findTestObject(orPath_AddressContact + "/input_phoneNumber"), " "): Text ' ' is set on object 'Object Repository/RAD_Pages/AddressAndContactInfo_Page/input_phoneNumber'

2024-02-03 23:31:18 - [MESSAGE][PASSED] - Text ' ' is set on object 'Object Repository/RAD_Pages/AddressAndContactInfo_Page/input_phoneNumber'

2024-02-03 23:31:18 - [TEST_STEP][PASSED] - setText(findTestObject(orPath_AddressContact + "/input_eMailAddress"), " "): Text ' ' is set on object 'Object Repository/RAD_Pages/AddressAndContactInfo_Page/input_eMailAddress'

2024-02-03 23:31:19 - [MESSAGE][PASSED] - Text ' ' is set on object 'Object Repository/RAD_Pages/AddressAndContactInfo_Page/input_eMailAddress'

2024-02-03 23:31:19 - [TEST_STEP][PASSED] - setText(findTestObject(orPath_AddressContact + "/input_reEnterEMailAddress"), " "): Text ' ' is set on object 'Object Repository/RAD_Pages/AddressAndContactInfo_Page/input_reEnterEMailAddress'

2024-02-03 23:31:20 - [MESSAGE][PASSED] - Text ' ' is set on object 'Object Repository/RAD_Pages/AddressAndContactInfo_Page/input_reEnterEMailAddress'

2024-02-03 23:31:20 - [TEST_STEP][PASSED] - if (TaxType.equalsIgnoreCase("Estate Tax")): null

2024-02-03 23:31:20 - [TEST_STEP][PASSED] - setText(findTestObject(orPath_Amount + "/input__paymentAmount"), ""): Text '' is set on object 'Object Repository/RAD_Pages/PaymentAmount_Page/input__paymentAmount'

2024-02-03 23:31:21 - [MESSAGE][PASSED] - Text '' is set on object 'Object Repository/RAD_Pages/PaymentAmount_Page/input__paymentAmount'

2024-02-03 23:31:21 - [TEST_STEP][PASSED] - resText = "Fail": null

2024-02-03 23:31:21 - [TEST_STEP][PASSED] - pages.WriteExcel.demoKey(resText, datText, resColumn, datCloumn, fileLoc, nameSheet, row): pages.WriteExcel.demoKey is PASSED

2024-02-03 23:31:21 - [MESSAGE][PASSED] - pages.WriteExcel.demoKey is PASSED

2024-02-03 23:31:21 - [TEST_STEP][PASSED] - verifyTextPresent("Enter business name", true, CONTINUE_ON_FAILURE): Text 'Enter business name' is present on page  using regular expression

2024-02-03 23:31:21 - [MESSAGE][PASSED] - Text 'Enter business name' is present on page  using regular expression

2024-02-03 23:31:21 - [TEST_STEP][PASSED] - verifyTextPresent("Enter business rep first name", true, CONTINUE_ON_FAILURE): Text 'Enter business rep first name' is present on page  using regular expression

2024-02-03 23:31:22 - [MESSAGE][PASSED] - Text 'Enter business rep first name' is present on page  using regular expression

2024-02-03 23:31:22 - [TEST_STEP][PASSED] - verifyTextPresent("Enter business rep last name", true, CONTINUE_ON_FAILURE): Text 'Enter business rep last name' is present on page  using regular expression

2024-02-03 23:31:22 - [MESSAGE][PASSED] - Text 'Enter business rep last name' is present on page  using regular expression

2024-02-03 23:31:22 - [TEST_STEP][PASSED] - verifyTextPresent("Enter address", true, CONTINUE_ON_FAILURE): Text 'Enter address' is present on page  using regular expression

2024-02-03 23:31:23 - [MESSAGE][PASSED] - Text 'Enter address' is present on page  using regular expression

2024-02-03 23:31:23 - [TEST_STEP][PASSED] - verifyTextPresent("Enter city", true, CONTINUE_ON_FAILURE): Text 'Enter city' is present on page  using regular expression

2024-02-03 23:31:23 - [MESSAGE][PASSED] - Text 'Enter city' is present on page  using regular expression

2024-02-03 23:31:23 - [TEST_STEP][PASSED] - verifyTextPresent("Enter ZIP code", true, CONTINUE_ON_FAILURE): Text 'Enter ZIP code' is present on page  using regular expression

2024-02-03 23:31:23 - [MESSAGE][PASSED] - Text 'Enter ZIP code' is present on page  using regular expression

2024-02-03 23:31:23 - [TEST_STEP][PASSED] - verifyTextPresent("Enter a valid phone number", true, CONTINUE_ON_FAILURE): Text 'Enter a valid phone number' is present on page  using regular expression

2024-02-03 23:31:24 - [MESSAGE][PASSED] - Text 'Enter a valid phone number' is present on page  using regular expression

2024-02-03 23:31:24 - [TEST_STEP][PASSED] - verifyTextPresent("Enter Email", true, CONTINUE_ON_FAILURE): Text 'Enter Email' is present on page  using regular expression

2024-02-03 23:31:24 - [MESSAGE][PASSED] - Text 'Enter Email' is present on page  using regular expression

2024-02-03 23:31:24 - [TEST_STEP][PASSED] - if (TaxType.equalsIgnoreCase("Estate Tax")): null

2024-02-03 23:31:24 - [TEST_STEP][PASSED] - resText = "Pass": null

2024-02-03 23:31:24 - [TEST_STEP][PASSED] - pages.WriteExcel.demoKey(resText, datText, resColumn, datCloumn, fileLoc, nameSheet, row): pages.WriteExcel.demoKey is PASSED

2024-02-03 23:31:24 - [MESSAGE][PASSED] - pages.WriteExcel.demoKey is PASSED

2024-02-03 23:31:24 - [TEST_STEP][PASSED] - ExecuteTC = findTestData(dataFile).getValue("Execute", row): null

2024-02-03 23:31:24 - [TEST_STEP][PASSED] - TaxType = findTestData(dataFile).getValue("TaxType", row): null

2024-02-03 23:31:24 - [TEST_STEP][PASSED] - PaymentType = findTestData(dataFile).getValue("PaymentType", row): null

2024-02-03 23:31:24 - [TEST_STEP][PASSED] - feinSsn = findTestData(dataFile).getValue("FEINSSN", row): null

2024-02-03 23:31:24 - [TEST_STEP][PASSED] - if (ExecuteTC.equalsIgnoreCase("Y")): pages.WriteExcel.demoKey is PASSED

2024-02-03 23:31:24 - [TEST_STEP][PASSED] - out.println("Begin Record Number: " + row): null

2024-02-03 23:31:24 - [TEST_STEP][PASSED] - today = new java.util.Date(): null

2024-02-03 23:31:24 - [TEST_STEP][PASSED] - println(today): null

2024-02-03 23:31:24 - [TEST_STEP][PASSED] - datText = today: null

2024-02-03 23:31:24 - [TEST_STEP][PASSED] - logInfo("Payment Type: Existing Liability w/Notice Number"): Payment Type: Existing Liability w/Notice Number

2024-02-03 23:31:24 - [MESSAGE][INFO] - Payment Type: Existing Liability w/Notice Number

2024-02-03 23:31:24 - [TEST_STEP][PASSED] - logInfo("Tax Type: " + TaxType): Tax Type: Corporate Income Tax

2024-02-03 23:31:24 - [MESSAGE][INFO] - Tax Type: Corporate Income Tax

2024-02-03 23:31:24 - [TEST_STEP][PASSED] - openBrowser(""): Browser is opened with url: ''

2024-02-03 23:31:24 - [MESSAGE][WARNING] - A browser is already opened. Closing browser and opening a new one

2024-02-03 23:31:26 - [MESSAGE][INFO] - Starting 'Chrome' driver

2024-02-03 23:31:26 - [MESSAGE][INFO] - User set preference: ['acceptInsecureCerts', 'true']

2024-02-03 23:31:26 - [MESSAGE][INFO] - Action delay is set to 0 milliseconds

2024-02-03 23:31:27 - [MESSAGE][PASSED] - Browser is opened with url: ''

2024-02-03 23:31:27 - [TEST_STEP][PASSED] - maximizeWindow(): Current window maximized

2024-02-03 23:31:28 - [MESSAGE][PASSED] - Current window maximized

2024-02-03 23:31:28 - [TEST_STEP][PASSED] - navigateToUrl(RADurl): Navigate to 'https://qa2.velocitypayment.com/client/rad/index.html' successfully

2024-02-03 23:31:30 - [MESSAGE][PASSED] - Navigate to 'https://qa2.velocitypayment.com/client/rad/index.html' successfully

2024-02-03 23:31:30 - [TEST_STEP][PASSED] - selectOptionByLabel(findTestObject(orPath_Landing + "/dd_TaxType"), "Existing Liability w/Notice Number", false): All options with label 'Existing Liability w/Notice Number' are selected in object 'Object Repository/RAD_Pages/Landing_Page/dd_TaxType' 

2024-02-03 23:31:30 - [MESSAGE][PASSED] - All options with label 'Existing Liability w/Notice Number' are selected in object 'Object Repository/RAD_Pages/Landing_Page/dd_TaxType' 

2024-02-03 23:31:30 - [TEST_STEP][PASSED] - selectOptionByLabel(findTestObject(orPath_TaxTypeFilingYear + "/select_TaxType_ExistingLiability"), TaxType, false): All options with label 'Corporate Income Tax' are selected in object 'Object Repository/RAD_Pages/TaxTypeFilingYear_Page/select_TaxType_ExistingLiability' 

2024-02-03 23:31:31 - [MESSAGE][PASSED] - All options with label 'Corporate Income Tax' are selected in object 'Object Repository/RAD_Pages/TaxTypeFilingYear_Page/select_TaxType_ExistingLiability' 

2024-02-03 23:31:31 - [TEST_STEP][PASSED] - setText(findTestObject(orPath_TaxPayer + "/input_businessName"), " "): Text ' ' is set on object 'Object Repository/RAD_Pages/Taxpayer_Page/input_businessName'

2024-02-03 23:31:32 - [MESSAGE][PASSED] - Text ' ' is set on object 'Object Repository/RAD_Pages/Taxpayer_Page/input_businessName'

2024-02-03 23:31:32 - [TEST_STEP][PASSED] - setText(findTestObject(orPath_TaxPayer + "/input_BusinessRepfirstName"), " "): Text ' ' is set on object 'Object Repository/RAD_Pages/Taxpayer_Page/input_BusinessRepfirstName'

2024-02-03 23:31:33 - [MESSAGE][PASSED] - Text ' ' is set on object 'Object Repository/RAD_Pages/Taxpayer_Page/input_BusinessRepfirstName'

2024-02-03 23:31:33 - [TEST_STEP][PASSED] - setText(findTestObject(orPath_TaxPayer + "/input_BusinessReplastName"), " "): Text ' ' is set on object 'Object Repository/RAD_Pages/Taxpayer_Page/input_BusinessReplastName'

2024-02-03 23:31:33 - [MESSAGE][PASSED] - Text ' ' is set on object 'Object Repository/RAD_Pages/Taxpayer_Page/input_BusinessReplastName'

2024-02-03 23:31:33 - [TEST_STEP][PASSED] - setText(findTestObject(orPath_AddressContact + "/input_streetAddress1"), " "): Text ' ' is set on object 'Object Repository/RAD_Pages/AddressAndContactInfo_Page/input_streetAddress1'

2024-02-03 23:31:34 - [MESSAGE][PASSED] - Text ' ' is set on object 'Object Repository/RAD_Pages/AddressAndContactInfo_Page/input_streetAddress1'

2024-02-03 23:31:34 - [TEST_STEP][PASSED] - setText(findTestObject(orPath_AddressContact + "/input_city"), " "): Text ' ' is set on object 'Object Repository/RAD_Pages/AddressAndContactInfo_Page/input_city'

2024-02-03 23:31:35 - [MESSAGE][PASSED] - Text ' ' is set on object 'Object Repository/RAD_Pages/AddressAndContactInfo_Page/input_city'

2024-02-03 23:31:35 - [TEST_STEP][PASSED] - setText(findTestObject(orPath_AddressContact + "/input_zipCode"), " "): Text ' ' is set on object 'Object Repository/RAD_Pages/AddressAndContactInfo_Page/input_zipCode'

2024-02-03 23:31:36 - [MESSAGE][PASSED] - Text ' ' is set on object 'Object Repository/RAD_Pages/AddressAndContactInfo_Page/input_zipCode'

2024-02-03 23:31:36 - [TEST_STEP][PASSED] - setText(findTestObject(orPath_AddressContact + "/input_phoneNumber"), " "): Text ' ' is set on object 'Object Repository/RAD_Pages/AddressAndContactInfo_Page/input_phoneNumber'

2024-02-03 23:31:36 - [MESSAGE][PASSED] - Text ' ' is set on object 'Object Repository/RAD_Pages/AddressAndContactInfo_Page/input_phoneNumber'

2024-02-03 23:31:36 - [TEST_STEP][PASSED] - setText(findTestObject(orPath_AddressContact + "/input_eMailAddress"), " "): Text ' ' is set on object 'Object Repository/RAD_Pages/AddressAndContactInfo_Page/input_eMailAddress'

2024-02-03 23:31:37 - [MESSAGE][PASSED] - Text ' ' is set on object 'Object Repository/RAD_Pages/AddressAndContactInfo_Page/input_eMailAddress'

2024-02-03 23:31:37 - [TEST_STEP][PASSED] - setText(findTestObject(orPath_AddressContact + "/input_reEnterEMailAddress"), " "): Text ' ' is set on object 'Object Repository/RAD_Pages/AddressAndContactInfo_Page/input_reEnterEMailAddress'

2024-02-03 23:31:38 - [MESSAGE][PASSED] - Text ' ' is set on object 'Object Repository/RAD_Pages/AddressAndContactInfo_Page/input_reEnterEMailAddress'

2024-02-03 23:31:38 - [TEST_STEP][PASSED] - if (TaxType.equalsIgnoreCase("Estate Tax")): null

2024-02-03 23:31:38 - [TEST_STEP][PASSED] - setText(findTestObject(orPath_Amount + "/input__paymentAmount"), ""): Text '' is set on object 'Object Repository/RAD_Pages/PaymentAmount_Page/input__paymentAmount'

2024-02-03 23:31:39 - [MESSAGE][PASSED] - Text '' is set on object 'Object Repository/RAD_Pages/PaymentAmount_Page/input__paymentAmount'

2024-02-03 23:31:39 - [TEST_STEP][PASSED] - resText = "Fail": null

2024-02-03 23:31:39 - [TEST_STEP][PASSED] - pages.WriteExcel.demoKey(resText, datText, resColumn, datCloumn, fileLoc, nameSheet, row): pages.WriteExcel.demoKey is PASSED

2024-02-03 23:31:39 - [MESSAGE][PASSED] - pages.WriteExcel.demoKey is PASSED

2024-02-03 23:31:39 - [TEST_STEP][PASSED] - verifyTextPresent("Enter business name", true, CONTINUE_ON_FAILURE): Text 'Enter business name' is present on page  using regular expression

2024-02-03 23:31:40 - [MESSAGE][PASSED] - Text 'Enter business name' is present on page  using regular expression

2024-02-03 23:31:40 - [TEST_STEP][PASSED] - verifyTextPresent("Enter business rep first name", true, CONTINUE_ON_FAILURE): Text 'Enter business rep first name' is present on page  using regular expression

2024-02-03 23:31:40 - [MESSAGE][PASSED] - Text 'Enter business rep first name' is present on page  using regular expression

2024-02-03 23:31:40 - [TEST_STEP][PASSED] - verifyTextPresent("Enter business rep last name", true, CONTINUE_ON_FAILURE): Text 'Enter business rep last name' is present on page  using regular expression

2024-02-03 23:31:41 - [MESSAGE][PASSED] - Text 'Enter business rep last name' is present on page  using regular expression

2024-02-03 23:31:41 - [TEST_STEP][PASSED] - verifyTextPresent("Enter address", true, CONTINUE_ON_FAILURE): Text 'Enter address' is present on page  using regular expression

2024-02-03 23:31:41 - [MESSAGE][PASSED] - Text 'Enter address' is present on page  using regular expression

2024-02-03 23:31:41 - [TEST_STEP][PASSED] - verifyTextPresent("Enter city", true, CONTINUE_ON_FAILURE): Text 'Enter city' is present on page  using regular expression

2024-02-03 23:31:42 - [MESSAGE][PASSED] - Text 'Enter city' is present on page  using regular expression

2024-02-03 23:31:42 - [TEST_STEP][PASSED] - verifyTextPresent("Enter ZIP code", true, CONTINUE_ON_FAILURE): Text 'Enter ZIP code' is present on page  using regular expression

2024-02-03 23:31:42 - [MESSAGE][PASSED] - Text 'Enter ZIP code' is present on page  using regular expression

2024-02-03 23:31:42 - [TEST_STEP][PASSED] - verifyTextPresent("Enter a valid phone number", true, CONTINUE_ON_FAILURE): Text 'Enter a valid phone number' is present on page  using regular expression

2024-02-03 23:31:42 - [MESSAGE][PASSED] - Text 'Enter a valid phone number' is present on page  using regular expression

2024-02-03 23:31:42 - [TEST_STEP][PASSED] - verifyTextPresent("Enter Email", true, CONTINUE_ON_FAILURE): Text 'Enter Email' is present on page  using regular expression

2024-02-03 23:31:43 - [MESSAGE][PASSED] - Text 'Enter Email' is present on page  using regular expression

2024-02-03 23:31:43 - [TEST_STEP][PASSED] - if (TaxType.equalsIgnoreCase("Estate Tax")): null

2024-02-03 23:31:43 - [TEST_STEP][PASSED] - resText = "Pass": null

2024-02-03 23:31:43 - [TEST_STEP][PASSED] - pages.WriteExcel.demoKey(resText, datText, resColumn, datCloumn, fileLoc, nameSheet, row): pages.WriteExcel.demoKey is PASSED

2024-02-03 23:31:43 - [MESSAGE][PASSED] - pages.WriteExcel.demoKey is PASSED

2024-02-03 23:31:43 - [TEST_STEP][PASSED] - ExecuteTC = findTestData(dataFile).getValue("Execute", row): null

2024-02-03 23:31:43 - [TEST_STEP][PASSED] - TaxType = findTestData(dataFile).getValue("TaxType", row): null

2024-02-03 23:31:43 - [TEST_STEP][PASSED] - PaymentType = findTestData(dataFile).getValue("PaymentType", row): null

2024-02-03 23:31:43 - [TEST_STEP][PASSED] - feinSsn = findTestData(dataFile).getValue("FEINSSN", row): null

2024-02-03 23:31:43 - [TEST_STEP][PASSED] - if (ExecuteTC.equalsIgnoreCase("Y")): pages.WriteExcel.demoKey is PASSED

2024-02-03 23:31:43 - [TEST_STEP][PASSED] - out.println("Begin Record Number: " + row): null

2024-02-03 23:31:43 - [TEST_STEP][PASSED] - today = new java.util.Date(): null

2024-02-03 23:31:43 - [TEST_STEP][PASSED] - println(today): null

2024-02-03 23:31:43 - [TEST_STEP][PASSED] - datText = today: null

2024-02-03 23:31:43 - [TEST_STEP][PASSED] - logInfo("Payment Type: Existing Liability w/Notice Number"): Payment Type: Existing Liability w/Notice Number

2024-02-03 23:31:43 - [MESSAGE][INFO] - Payment Type: Existing Liability w/Notice Number

2024-02-03 23:31:43 - [TEST_STEP][PASSED] - logInfo("Tax Type: " + TaxType): Tax Type: Fiduciary Tax

2024-02-03 23:31:43 - [MESSAGE][INFO] - Tax Type: Fiduciary Tax

2024-02-03 23:31:43 - [TEST_STEP][PASSED] - openBrowser(""): Browser is opened with url: ''

2024-02-03 23:31:43 - [MESSAGE][WARNING] - A browser is already opened. Closing browser and opening a new one

2024-02-03 23:31:44 - [MESSAGE][INFO] - Starting 'Chrome' driver

2024-02-03 23:31:44 - [MESSAGE][INFO] - User set preference: ['acceptInsecureCerts', 'true']

2024-02-03 23:31:44 - [MESSAGE][INFO] - Action delay is set to 0 milliseconds

2024-02-03 23:31:46 - [MESSAGE][PASSED] - Browser is opened with url: ''

2024-02-03 23:31:46 - [TEST_STEP][PASSED] - maximizeWindow(): Current window maximized

2024-02-03 23:31:46 - [MESSAGE][PASSED] - Current window maximized

2024-02-03 23:31:46 - [TEST_STEP][PASSED] - navigateToUrl(RADurl): Navigate to 'https://qa2.velocitypayment.com/client/rad/index.html' successfully

2024-02-03 23:31:48 - [MESSAGE][PASSED] - Navigate to 'https://qa2.velocitypayment.com/client/rad/index.html' successfully

2024-02-03 23:31:48 - [TEST_STEP][PASSED] - selectOptionByLabel(findTestObject(orPath_Landing + "/dd_TaxType"), "Existing Liability w/Notice Number", false): All options with label 'Existing Liability w/Notice Number' are selected in object 'Object Repository/RAD_Pages/Landing_Page/dd_TaxType' 

2024-02-03 23:31:49 - [MESSAGE][PASSED] - All options with label 'Existing Liability w/Notice Number' are selected in object 'Object Repository/RAD_Pages/Landing_Page/dd_TaxType' 

2024-02-03 23:31:49 - [TEST_STEP][PASSED] - selectOptionByLabel(findTestObject(orPath_TaxTypeFilingYear + "/select_TaxType_ExistingLiability"), TaxType, false): All options with label 'Fiduciary Tax' are selected in object 'Object Repository/RAD_Pages/TaxTypeFilingYear_Page/select_TaxType_ExistingLiability' 

2024-02-03 23:31:50 - [MESSAGE][PASSED] - All options with label 'Fiduciary Tax' are selected in object 'Object Repository/RAD_Pages/TaxTypeFilingYear_Page/select_TaxType_ExistingLiability' 

2024-02-03 23:31:50 - [TEST_STEP][PASSED] - setText(findTestObject(orPath_TaxPayer + "/input_businessName"), " "): Text ' ' is set on object 'Object Repository/RAD_Pages/Taxpayer_Page/input_businessName'

2024-02-03 23:31:50 - [MESSAGE][PASSED] - Text ' ' is set on object 'Object Repository/RAD_Pages/Taxpayer_Page/input_businessName'

2024-02-03 23:31:50 - [TEST_STEP][PASSED] - setText(findTestObject(orPath_TaxPayer + "/input_BusinessRepfirstName"), " "): Text ' ' is set on object 'Object Repository/RAD_Pages/Taxpayer_Page/input_BusinessRepfirstName'

2024-02-03 23:31:51 - [MESSAGE][PASSED] - Text ' ' is set on object 'Object Repository/RAD_Pages/Taxpayer_Page/input_BusinessRepfirstName'

2024-02-03 23:31:51 - [TEST_STEP][PASSED] - setText(findTestObject(orPath_TaxPayer + "/input_BusinessReplastName"), " "): Text ' ' is set on object 'Object Repository/RAD_Pages/Taxpayer_Page/input_BusinessReplastName'

2024-02-03 23:31:52 - [MESSAGE][PASSED] - Text ' ' is set on object 'Object Repository/RAD_Pages/Taxpayer_Page/input_BusinessReplastName'

2024-02-03 23:31:52 - [TEST_STEP][PASSED] - setText(findTestObject(orPath_AddressContact + "/input_streetAddress1"), " "): Text ' ' is set on object 'Object Repository/RAD_Pages/AddressAndContactInfo_Page/input_streetAddress1'

2024-02-03 23:31:53 - [MESSAGE][PASSED] - Text ' ' is set on object 'Object Repository/RAD_Pages/AddressAndContactInfo_Page/input_streetAddress1'

2024-02-03 23:31:53 - [TEST_STEP][PASSED] - setText(findTestObject(orPath_AddressContact + "/input_city"), " "): Text ' ' is set on object 'Object Repository/RAD_Pages/AddressAndContactInfo_Page/input_city'

2024-02-03 23:31:53 - [MESSAGE][PASSED] - Text ' ' is set on object 'Object Repository/RAD_Pages/AddressAndContactInfo_Page/input_city'

2024-02-03 23:31:53 - [TEST_STEP][PASSED] - setText(findTestObject(orPath_AddressContact + "/input_zipCode"), " "): Text ' ' is set on object 'Object Repository/RAD_Pages/AddressAndContactInfo_Page/input_zipCode'

2024-02-03 23:31:54 - [MESSAGE][PASSED] - Text ' ' is set on object 'Object Repository/RAD_Pages/AddressAndContactInfo_Page/input_zipCode'

2024-02-03 23:31:54 - [TEST_STEP][PASSED] - setText(findTestObject(orPath_AddressContact + "/input_phoneNumber"), " "): Text ' ' is set on object 'Object Repository/RAD_Pages/AddressAndContactInfo_Page/input_phoneNumber'

2024-02-03 23:31:55 - [MESSAGE][PASSED] - Text ' ' is set on object 'Object Repository/RAD_Pages/AddressAndContactInfo_Page/input_phoneNumber'

2024-02-03 23:31:55 - [TEST_STEP][PASSED] - setText(findTestObject(orPath_AddressContact + "/input_eMailAddress"), " "): Text ' ' is set on object 'Object Repository/RAD_Pages/AddressAndContactInfo_Page/input_eMailAddress'

2024-02-03 23:31:56 - [MESSAGE][PASSED] - Text ' ' is set on object 'Object Repository/RAD_Pages/AddressAndContactInfo_Page/input_eMailAddress'

2024-02-03 23:31:56 - [TEST_STEP][PASSED] - setText(findTestObject(orPath_AddressContact + "/input_reEnterEMailAddress"), " "): Text ' ' is set on object 'Object Repository/RAD_Pages/AddressAndContactInfo_Page/input_reEnterEMailAddress'

2024-02-03 23:31:56 - [MESSAGE][PASSED] - Text ' ' is set on object 'Object Repository/RAD_Pages/AddressAndContactInfo_Page/input_reEnterEMailAddress'

2024-02-03 23:31:56 - [TEST_STEP][PASSED] - if (TaxType.equalsIgnoreCase("Estate Tax")): null

2024-02-03 23:31:56 - [TEST_STEP][PASSED] - setText(findTestObject(orPath_Amount + "/input__paymentAmount"), ""): Text '' is set on object 'Object Repository/RAD_Pages/PaymentAmount_Page/input__paymentAmount'

2024-02-03 23:31:57 - [MESSAGE][PASSED] - Text '' is set on object 'Object Repository/RAD_Pages/PaymentAmount_Page/input__paymentAmount'

2024-02-03 23:31:57 - [TEST_STEP][PASSED] - resText = "Fail": null

2024-02-03 23:31:57 - [TEST_STEP][PASSED] - pages.WriteExcel.demoKey(resText, datText, resColumn, datCloumn, fileLoc, nameSheet, row): pages.WriteExcel.demoKey is PASSED

2024-02-03 23:31:57 - [MESSAGE][PASSED] - pages.WriteExcel.demoKey is PASSED

2024-02-03 23:31:57 - [TEST_STEP][PASSED] - verifyTextPresent("Enter business name", true, CONTINUE_ON_FAILURE): Text 'Enter business name' is present on page  using regular expression

2024-02-03 23:31:58 - [MESSAGE][PASSED] - Text 'Enter business name' is present on page  using regular expression

2024-02-03 23:31:58 - [TEST_STEP][PASSED] - verifyTextPresent("Enter business rep first name", true, CONTINUE_ON_FAILURE): Text 'Enter business rep first name' is present on page  using regular expression

2024-02-03 23:31:59 - [MESSAGE][PASSED] - Text 'Enter business rep first name' is present on page  using regular expression

2024-02-03 23:31:59 - [TEST_STEP][PASSED] - verifyTextPresent("Enter business rep last name", true, CONTINUE_ON_FAILURE): Text 'Enter business rep last name' is present on page  using regular expression

2024-02-03 23:31:59 - [MESSAGE][PASSED] - Text 'Enter business rep last name' is present on page  using regular expression

2024-02-03 23:31:59 - [TEST_STEP][PASSED] - verifyTextPresent("Enter address", true, CONTINUE_ON_FAILURE): Text 'Enter address' is present on page  using regular expression

2024-02-03 23:31:59 - [MESSAGE][PASSED] - Text 'Enter address' is present on page  using regular expression

2024-02-03 23:31:59 - [TEST_STEP][PASSED] - verifyTextPresent("Enter city", true, CONTINUE_ON_FAILURE): Text 'Enter city' is present on page  using regular expression

2024-02-03 23:32:00 - [MESSAGE][PASSED] - Text 'Enter city' is present on page  using regular expression

2024-02-03 23:32:00 - [TEST_STEP][PASSED] - verifyTextPresent("Enter ZIP code", true, CONTINUE_ON_FAILURE): Text 'Enter ZIP code' is present on page  using regular expression

2024-02-03 23:32:00 - [MESSAGE][PASSED] - Text 'Enter ZIP code' is present on page  using regular expression

2024-02-03 23:32:00 - [TEST_STEP][PASSED] - verifyTextPresent("Enter a valid phone number", true, CONTINUE_ON_FAILURE): Text 'Enter a valid phone number' is present on page  using regular expression

2024-02-03 23:32:01 - [MESSAGE][PASSED] - Text 'Enter a valid phone number' is present on page  using regular expression

2024-02-03 23:32:01 - [TEST_STEP][PASSED] - verifyTextPresent("Enter Email", true, CONTINUE_ON_FAILURE): Text 'Enter Email' is present on page  using regular expression

2024-02-03 23:32:01 - [MESSAGE][PASSED] - Text 'Enter Email' is present on page  using regular expression

2024-02-03 23:32:01 - [TEST_STEP][PASSED] - if (TaxType.equalsIgnoreCase("Estate Tax")): null

2024-02-03 23:32:01 - [TEST_STEP][PASSED] - resText = "Pass": null

2024-02-03 23:32:01 - [TEST_STEP][PASSED] - pages.WriteExcel.demoKey(resText, datText, resColumn, datCloumn, fileLoc, nameSheet, row): pages.WriteExcel.demoKey is PASSED

2024-02-03 23:32:01 - [MESSAGE][PASSED] - pages.WriteExcel.demoKey is PASSED

2024-02-03 23:32:01 - [TEST_STEP][PASSED] - ExecuteTC = findTestData(dataFile).getValue("Execute", row): null

2024-02-03 23:32:01 - [TEST_STEP][PASSED] - TaxType = findTestData(dataFile).getValue("TaxType", row): null

2024-02-03 23:32:01 - [TEST_STEP][PASSED] - PaymentType = findTestData(dataFile).getValue("PaymentType", row): null

2024-02-03 23:32:01 - [TEST_STEP][PASSED] - feinSsn = findTestData(dataFile).getValue("FEINSSN", row): null

2024-02-03 23:32:01 - [TEST_STEP][PASSED] - if (ExecuteTC.equalsIgnoreCase("Y")): pages.WriteExcel.demoKey is PASSED

2024-02-03 23:32:01 - [TEST_STEP][PASSED] - out.println("Begin Record Number: " + row): null

2024-02-03 23:32:01 - [TEST_STEP][PASSED] - today = new java.util.Date(): null

2024-02-03 23:32:01 - [TEST_STEP][PASSED] - println(today): null

2024-02-03 23:32:01 - [TEST_STEP][PASSED] - datText = today: null

2024-02-03 23:32:01 - [TEST_STEP][PASSED] - logInfo("Payment Type: Existing Liability w/Notice Number"): Payment Type: Existing Liability w/Notice Number

2024-02-03 23:32:01 - [MESSAGE][INFO] - Payment Type: Existing Liability w/Notice Number

2024-02-03 23:32:01 - [TEST_STEP][PASSED] - logInfo("Tax Type: " + TaxType): Tax Type: PTE Non-Electing Non-S Corp

2024-02-03 23:32:01 - [MESSAGE][INFO] - Tax Type: PTE Non-Electing Non-S Corp

2024-02-03 23:32:01 - [TEST_STEP][PASSED] - openBrowser(""): Browser is opened with url: ''

2024-02-03 23:32:01 - [MESSAGE][WARNING] - A browser is already opened. Closing browser and opening a new one

2024-02-03 23:32:03 - [MESSAGE][INFO] - Starting 'Chrome' driver

2024-02-03 23:32:03 - [MESSAGE][INFO] - User set preference: ['acceptInsecureCerts', 'true']

2024-02-03 23:32:03 - [MESSAGE][INFO] - Action delay is set to 0 milliseconds

2024-02-03 23:32:10 - [MESSAGE][PASSED] - Browser is opened with url: ''

2024-02-03 23:32:10 - [TEST_STEP][PASSED] - maximizeWindow(): Current window maximized

2024-02-03 23:32:11 - [MESSAGE][PASSED] - Current window maximized

2024-02-03 23:32:11 - [TEST_STEP][PASSED] - navigateToUrl(RADurl): Navigate to 'https://qa2.velocitypayment.com/client/rad/index.html' successfully

2024-02-03 23:32:11 - [MESSAGE][PASSED] - Navigate to 'https://qa2.velocitypayment.com/client/rad/index.html' successfully

2024-02-03 23:32:11 - [TEST_STEP][PASSED] - selectOptionByLabel(findTestObject(orPath_Landing + "/dd_TaxType"), "Existing Liability w/Notice Number", false): All options with label 'Existing Liability w/Notice Number' are selected in object 'Object Repository/RAD_Pages/Landing_Page/dd_TaxType' 

2024-02-03 23:32:13 - [MESSAGE][PASSED] - All options with label 'Existing Liability w/Notice Number' are selected in object 'Object Repository/RAD_Pages/Landing_Page/dd_TaxType' 

2024-02-03 23:32:13 - [TEST_STEP][PASSED] - selectOptionByLabel(findTestObject(orPath_TaxTypeFilingYear + "/select_TaxType_ExistingLiability"), TaxType, false): All options with label 'PTE Non-Electing Non-S Corp' are selected in object 'Object Repository/RAD_Pages/TaxTypeFilingYear_Page/select_TaxType_ExistingLiability' 

2024-02-03 23:32:14 - [MESSAGE][PASSED] - All options with label 'PTE Non-Electing Non-S Corp' are selected in object 'Object Repository/RAD_Pages/TaxTypeFilingYear_Page/select_TaxType_ExistingLiability' 

2024-02-03 23:32:14 - [TEST_STEP][PASSED] - setText(findTestObject(orPath_TaxPayer + "/input_businessName"), " "): Text ' ' is set on object 'Object Repository/RAD_Pages/Taxpayer_Page/input_businessName'

2024-02-03 23:32:14 - [MESSAGE][PASSED] - Text ' ' is set on object 'Object Repository/RAD_Pages/Taxpayer_Page/input_businessName'

2024-02-03 23:32:14 - [TEST_STEP][PASSED] - setText(findTestObject(orPath_TaxPayer + "/input_BusinessRepfirstName"), " "): Text ' ' is set on object 'Object Repository/RAD_Pages/Taxpayer_Page/input_BusinessRepfirstName'

2024-02-03 23:32:15 - [MESSAGE][PASSED] - Text ' ' is set on object 'Object Repository/RAD_Pages/Taxpayer_Page/input_BusinessRepfirstName'

2024-02-03 23:32:15 - [TEST_STEP][PASSED] - setText(findTestObject(orPath_TaxPayer + "/input_BusinessReplastName"), " "): Text ' ' is set on object 'Object Repository/RAD_Pages/Taxpayer_Page/input_BusinessReplastName'

2024-02-03 23:32:16 - [MESSAGE][PASSED] - Text ' ' is set on object 'Object Repository/RAD_Pages/Taxpayer_Page/input_BusinessReplastName'

2024-02-03 23:32:16 - [TEST_STEP][PASSED] - setText(findTestObject(orPath_AddressContact + "/input_streetAddress1"), " "): Text ' ' is set on object 'Object Repository/RAD_Pages/AddressAndContactInfo_Page/input_streetAddress1'

2024-02-03 23:32:16 - [MESSAGE][PASSED] - Text ' ' is set on object 'Object Repository/RAD_Pages/AddressAndContactInfo_Page/input_streetAddress1'

2024-02-03 23:32:16 - [TEST_STEP][PASSED] - setText(findTestObject(orPath_AddressContact + "/input_city"), " "): Text ' ' is set on object 'Object Repository/RAD_Pages/AddressAndContactInfo_Page/input_city'

2024-02-03 23:32:17 - [MESSAGE][PASSED] - Text ' ' is set on object 'Object Repository/RAD_Pages/AddressAndContactInfo_Page/input_city'

2024-02-03 23:32:17 - [TEST_STEP][PASSED] - setText(findTestObject(orPath_AddressContact + "/input_zipCode"), " "): Text ' ' is set on object 'Object Repository/RAD_Pages/AddressAndContactInfo_Page/input_zipCode'

2024-02-03 23:32:18 - [MESSAGE][PASSED] - Text ' ' is set on object 'Object Repository/RAD_Pages/AddressAndContactInfo_Page/input_zipCode'

2024-02-03 23:32:18 - [TEST_STEP][PASSED] - setText(findTestObject(orPath_AddressContact + "/input_phoneNumber"), " "): Text ' ' is set on object 'Object Repository/RAD_Pages/AddressAndContactInfo_Page/input_phoneNumber'

2024-02-03 23:32:19 - [MESSAGE][PASSED] - Text ' ' is set on object 'Object Repository/RAD_Pages/AddressAndContactInfo_Page/input_phoneNumber'

2024-02-03 23:32:19 - [TEST_STEP][PASSED] - setText(findTestObject(orPath_AddressContact + "/input_eMailAddress"), " "): Text ' ' is set on object 'Object Repository/RAD_Pages/AddressAndContactInfo_Page/input_eMailAddress'

2024-02-03 23:32:19 - [MESSAGE][PASSED] - Text ' ' is set on object 'Object Repository/RAD_Pages/AddressAndContactInfo_Page/input_eMailAddress'

2024-02-03 23:32:19 - [TEST_STEP][PASSED] - setText(findTestObject(orPath_AddressContact + "/input_reEnterEMailAddress"), " "): Text ' ' is set on object 'Object Repository/RAD_Pages/AddressAndContactInfo_Page/input_reEnterEMailAddress'

2024-02-03 23:32:20 - [MESSAGE][PASSED] - Text ' ' is set on object 'Object Repository/RAD_Pages/AddressAndContactInfo_Page/input_reEnterEMailAddress'

2024-02-03 23:32:20 - [TEST_STEP][PASSED] - if (TaxType.equalsIgnoreCase("Estate Tax")): null

2024-02-03 23:32:20 - [TEST_STEP][PASSED] - setText(findTestObject(orPath_Amount + "/input__paymentAmount"), ""): Text '' is set on object 'Object Repository/RAD_Pages/PaymentAmount_Page/input__paymentAmount'

2024-02-03 23:32:21 - [MESSAGE][PASSED] - Text '' is set on object 'Object Repository/RAD_Pages/PaymentAmount_Page/input__paymentAmount'

2024-02-03 23:32:21 - [TEST_STEP][PASSED] - resText = "Fail": null

2024-02-03 23:32:21 - [TEST_STEP][PASSED] - pages.WriteExcel.demoKey(resText, datText, resColumn, datCloumn, fileLoc, nameSheet, row): pages.WriteExcel.demoKey is PASSED

2024-02-03 23:32:21 - [MESSAGE][PASSED] - pages.WriteExcel.demoKey is PASSED

2024-02-03 23:32:21 - [TEST_STEP][PASSED] - verifyTextPresent("Enter business name", true, CONTINUE_ON_FAILURE): Text 'Enter business name' is present on page  using regular expression

2024-02-03 23:32:22 - [MESSAGE][PASSED] - Text 'Enter business name' is present on page  using regular expression

2024-02-03 23:32:22 - [TEST_STEP][PASSED] - verifyTextPresent("Enter business rep first name", true, CONTINUE_ON_FAILURE): Text 'Enter business rep first name' is present on page  using regular expression

2024-02-03 23:32:22 - [MESSAGE][PASSED] - Text 'Enter business rep first name' is present on page  using regular expression

2024-02-03 23:32:22 - [TEST_STEP][PASSED] - verifyTextPresent("Enter business rep last name", true, CONTINUE_ON_FAILURE): Text 'Enter business rep last name' is present on page  using regular expression

2024-02-03 23:32:23 - [MESSAGE][PASSED] - Text 'Enter business rep last name' is present on page  using regular expression

2024-02-03 23:32:23 - [TEST_STEP][PASSED] - verifyTextPresent("Enter address", true, CONTINUE_ON_FAILURE): Text 'Enter address' is present on page  using regular expression

2024-02-03 23:32:23 - [MESSAGE][PASSED] - Text 'Enter address' is present on page  using regular expression

2024-02-03 23:32:23 - [TEST_STEP][PASSED] - verifyTextPresent("Enter city", true, CONTINUE_ON_FAILURE): Text 'Enter city' is present on page  using regular expression

2024-02-03 23:32:23 - [MESSAGE][PASSED] - Text 'Enter city' is present on page  using regular expression

2024-02-03 23:32:23 - [TEST_STEP][PASSED] - verifyTextPresent("Enter ZIP code", true, CONTINUE_ON_FAILURE): Text 'Enter ZIP code' is present on page  using regular expression

2024-02-03 23:32:24 - [MESSAGE][PASSED] - Text 'Enter ZIP code' is present on page  using regular expression

2024-02-03 23:32:24 - [TEST_STEP][PASSED] - verifyTextPresent("Enter a valid phone number", true, CONTINUE_ON_FAILURE): Text 'Enter a valid phone number' is present on page  using regular expression

2024-02-03 23:32:24 - [MESSAGE][PASSED] - Text 'Enter a valid phone number' is present on page  using regular expression

2024-02-03 23:32:24 - [TEST_STEP][PASSED] - verifyTextPresent("Enter Email", true, CONTINUE_ON_FAILURE): Text 'Enter Email' is present on page  using regular expression

2024-02-03 23:32:25 - [MESSAGE][PASSED] - Text 'Enter Email' is present on page  using regular expression

2024-02-03 23:32:25 - [TEST_STEP][PASSED] - if (TaxType.equalsIgnoreCase("Estate Tax")): null

2024-02-03 23:32:25 - [TEST_STEP][PASSED] - resText = "Pass": null

2024-02-03 23:32:25 - [TEST_STEP][PASSED] - pages.WriteExcel.demoKey(resText, datText, resColumn, datCloumn, fileLoc, nameSheet, row): pages.WriteExcel.demoKey is PASSED

2024-02-03 23:32:25 - [MESSAGE][PASSED] - pages.WriteExcel.demoKey is PASSED

2024-02-03 23:32:25 - [TEST_STEP][PASSED] - ExecuteTC = findTestData(dataFile).getValue("Execute", row): null

2024-02-03 23:32:25 - [TEST_STEP][PASSED] - TaxType = findTestData(dataFile).getValue("TaxType", row): null

2024-02-03 23:32:25 - [TEST_STEP][PASSED] - PaymentType = findTestData(dataFile).getValue("PaymentType", row): null

2024-02-03 23:32:25 - [TEST_STEP][PASSED] - feinSsn = findTestData(dataFile).getValue("FEINSSN", row): null

2024-02-03 23:32:25 - [TEST_STEP][PASSED] - if (ExecuteTC.equalsIgnoreCase("Y")): pages.WriteExcel.demoKey is PASSED

2024-02-03 23:32:25 - [TEST_STEP][PASSED] - out.println("Begin Record Number: " + row): null

2024-02-03 23:32:25 - [TEST_STEP][PASSED] - today = new java.util.Date(): null

2024-02-03 23:32:25 - [TEST_STEP][PASSED] - println(today): null

2024-02-03 23:32:25 - [TEST_STEP][PASSED] - datText = today: null

2024-02-03 23:32:25 - [TEST_STEP][PASSED] - logInfo("Payment Type: Existing Liability w/Notice Number"): Payment Type: Existing Liability w/Notice Number

2024-02-03 23:32:25 - [MESSAGE][INFO] - Payment Type: Existing Liability w/Notice Number

2024-02-03 23:32:25 - [TEST_STEP][PASSED] - logInfo("Tax Type: " + TaxType): Tax Type: PTE Non-Electing S Corp

2024-02-03 23:32:25 - [MESSAGE][INFO] - Tax Type: PTE Non-Electing S Corp

2024-02-03 23:32:25 - [TEST_STEP][PASSED] - openBrowser(""): Browser is opened with url: ''

2024-02-03 23:32:25 - [MESSAGE][WARNING] - A browser is already opened. Closing browser and opening a new one

2024-02-03 23:32:26 - [MESSAGE][INFO] - Starting 'Chrome' driver

2024-02-03 23:32:26 - [MESSAGE][INFO] - User set preference: ['acceptInsecureCerts', 'true']

2024-02-03 23:32:26 - [MESSAGE][INFO] - Action delay is set to 0 milliseconds

2024-02-03 23:32:28 - [MESSAGE][PASSED] - Browser is opened with url: ''

2024-02-03 23:32:28 - [TEST_STEP][PASSED] - maximizeWindow(): Current window maximized

2024-02-03 23:32:28 - [MESSAGE][PASSED] - Current window maximized

2024-02-03 23:32:28 - [TEST_STEP][PASSED] - navigateToUrl(RADurl): Navigate to 'https://qa2.velocitypayment.com/client/rad/index.html' successfully

2024-02-03 23:32:28 - [MESSAGE][PASSED] - Navigate to 'https://qa2.velocitypayment.com/client/rad/index.html' successfully

2024-02-03 23:32:28 - [TEST_STEP][PASSED] - selectOptionByLabel(findTestObject(orPath_Landing + "/dd_TaxType"), "Existing Liability w/Notice Number", false): All options with label 'Existing Liability w/Notice Number' are selected in object 'Object Repository/RAD_Pages/Landing_Page/dd_TaxType' 

2024-02-03 23:32:31 - [MESSAGE][PASSED] - All options with label 'Existing Liability w/Notice Number' are selected in object 'Object Repository/RAD_Pages/Landing_Page/dd_TaxType' 

2024-02-03 23:32:31 - [TEST_STEP][PASSED] - selectOptionByLabel(findTestObject(orPath_TaxTypeFilingYear + "/select_TaxType_ExistingLiability"), TaxType, false): All options with label 'PTE Non-Electing S Corp' are selected in object 'Object Repository/RAD_Pages/TaxTypeFilingYear_Page/select_TaxType_ExistingLiability' 

2024-02-03 23:32:32 - [MESSAGE][PASSED] - All options with label 'PTE Non-Electing S Corp' are selected in object 'Object Repository/RAD_Pages/TaxTypeFilingYear_Page/select_TaxType_ExistingLiability' 

2024-02-03 23:32:32 - [TEST_STEP][PASSED] - setText(findTestObject(orPath_TaxPayer + "/input_businessName"), " "): Text ' ' is set on object 'Object Repository/RAD_Pages/Taxpayer_Page/input_businessName'

2024-02-03 23:32:33 - [MESSAGE][PASSED] - Text ' ' is set on object 'Object Repository/RAD_Pages/Taxpayer_Page/input_businessName'

2024-02-03 23:32:33 - [TEST_STEP][PASSED] - setText(findTestObject(orPath_TaxPayer + "/input_BusinessRepfirstName"), " "): Text ' ' is set on object 'Object Repository/RAD_Pages/Taxpayer_Page/input_BusinessRepfirstName'

2024-02-03 23:32:33 - [MESSAGE][PASSED] - Text ' ' is set on object 'Object Repository/RAD_Pages/Taxpayer_Page/input_BusinessRepfirstName'

2024-02-03 23:32:33 - [TEST_STEP][PASSED] - setText(findTestObject(orPath_TaxPayer + "/input_BusinessReplastName"), " "): Text ' ' is set on object 'Object Repository/RAD_Pages/Taxpayer_Page/input_BusinessReplastName'

2024-02-03 23:32:34 - [MESSAGE][PASSED] - Text ' ' is set on object 'Object Repository/RAD_Pages/Taxpayer_Page/input_BusinessReplastName'

2024-02-03 23:32:34 - [TEST_STEP][PASSED] - setText(findTestObject(orPath_AddressContact + "/input_streetAddress1"), " "): Text ' ' is set on object 'Object Repository/RAD_Pages/AddressAndContactInfo_Page/input_streetAddress1'

2024-02-03 23:32:35 - [MESSAGE][PASSED] - Text ' ' is set on object 'Object Repository/RAD_Pages/AddressAndContactInfo_Page/input_streetAddress1'

2024-02-03 23:32:35 - [TEST_STEP][PASSED] - setText(findTestObject(orPath_AddressContact + "/input_city"), " "): Text ' ' is set on object 'Object Repository/RAD_Pages/AddressAndContactInfo_Page/input_city'

2024-02-03 23:32:35 - [MESSAGE][PASSED] - Text ' ' is set on object 'Object Repository/RAD_Pages/AddressAndContactInfo_Page/input_city'

2024-02-03 23:32:35 - [TEST_STEP][PASSED] - setText(findTestObject(orPath_AddressContact + "/input_zipCode"), " "): Text ' ' is set on object 'Object Repository/RAD_Pages/AddressAndContactInfo_Page/input_zipCode'

2024-02-03 23:32:36 - [MESSAGE][PASSED] - Text ' ' is set on object 'Object Repository/RAD_Pages/AddressAndContactInfo_Page/input_zipCode'

2024-02-03 23:32:36 - [TEST_STEP][PASSED] - setText(findTestObject(orPath_AddressContact + "/input_phoneNumber"), " "): Text ' ' is set on object 'Object Repository/RAD_Pages/AddressAndContactInfo_Page/input_phoneNumber'

2024-02-03 23:32:37 - [MESSAGE][PASSED] - Text ' ' is set on object 'Object Repository/RAD_Pages/AddressAndContactInfo_Page/input_phoneNumber'

2024-02-03 23:32:37 - [TEST_STEP][PASSED] - setText(findTestObject(orPath_AddressContact + "/input_eMailAddress"), " "): Text ' ' is set on object 'Object Repository/RAD_Pages/AddressAndContactInfo_Page/input_eMailAddress'

2024-02-03 23:32:38 - [MESSAGE][PASSED] - Text ' ' is set on object 'Object Repository/RAD_Pages/AddressAndContactInfo_Page/input_eMailAddress'

2024-02-03 23:32:38 - [TEST_STEP][PASSED] - setText(findTestObject(orPath_AddressContact + "/input_reEnterEMailAddress"), " "): Text ' ' is set on object 'Object Repository/RAD_Pages/AddressAndContactInfo_Page/input_reEnterEMailAddress'

2024-02-03 23:32:39 - [MESSAGE][PASSED] - Text ' ' is set on object 'Object Repository/RAD_Pages/AddressAndContactInfo_Page/input_reEnterEMailAddress'

2024-02-03 23:32:39 - [TEST_STEP][PASSED] - if (TaxType.equalsIgnoreCase("Estate Tax")): null

2024-02-03 23:32:39 - [TEST_STEP][PASSED] - setText(findTestObject(orPath_Amount + "/input__paymentAmount"), ""): Text '' is set on object 'Object Repository/RAD_Pages/PaymentAmount_Page/input__paymentAmount'

2024-02-03 23:32:40 - [MESSAGE][PASSED] - Text '' is set on object 'Object Repository/RAD_Pages/PaymentAmount_Page/input__paymentAmount'

2024-02-03 23:32:40 - [TEST_STEP][PASSED] - resText = "Fail": null

2024-02-03 23:32:40 - [TEST_STEP][PASSED] - pages.WriteExcel.demoKey(resText, datText, resColumn, datCloumn, fileLoc, nameSheet, row): pages.WriteExcel.demoKey is PASSED

2024-02-03 23:32:40 - [MESSAGE][PASSED] - pages.WriteExcel.demoKey is PASSED

2024-02-03 23:32:40 - [TEST_STEP][PASSED] - verifyTextPresent("Enter business name", true, CONTINUE_ON_FAILURE): Text 'Enter business name' is present on page  using regular expression

2024-02-03 23:32:40 - [MESSAGE][PASSED] - Text 'Enter business name' is present on page  using regular expression

2024-02-03 23:32:40 - [TEST_STEP][PASSED] - verifyTextPresent("Enter business rep first name", true, CONTINUE_ON_FAILURE): Text 'Enter business rep first name' is present on page  using regular expression

2024-02-03 23:32:41 - [MESSAGE][PASSED] - Text 'Enter business rep first name' is present on page  using regular expression

2024-02-03 23:32:41 - [TEST_STEP][PASSED] - verifyTextPresent("Enter business rep last name", true, CONTINUE_ON_FAILURE): Text 'Enter business rep last name' is present on page  using regular expression

2024-02-03 23:32:41 - [MESSAGE][PASSED] - Text 'Enter business rep last name' is present on page  using regular expression

2024-02-03 23:32:41 - [TEST_STEP][PASSED] - verifyTextPresent("Enter address", true, CONTINUE_ON_FAILURE): Text 'Enter address' is present on page  using regular expression

2024-02-03 23:32:42 - [MESSAGE][PASSED] - Text 'Enter address' is present on page  using regular expression

2024-02-03 23:32:42 - [TEST_STEP][PASSED] - verifyTextPresent("Enter city", true, CONTINUE_ON_FAILURE): Text 'Enter city' is present on page  using regular expression

2024-02-03 23:32:42 - [MESSAGE][PASSED] - Text 'Enter city' is present on page  using regular expression

2024-02-03 23:32:42 - [TEST_STEP][PASSED] - verifyTextPresent("Enter ZIP code", true, CONTINUE_ON_FAILURE): Text 'Enter ZIP code' is present on page  using regular expression

2024-02-03 23:32:42 - [MESSAGE][PASSED] - Text 'Enter ZIP code' is present on page  using regular expression

2024-02-03 23:32:42 - [TEST_STEP][PASSED] - verifyTextPresent("Enter a valid phone number", true, CONTINUE_ON_FAILURE): Text 'Enter a valid phone number' is present on page  using regular expression

2024-02-03 23:32:43 - [MESSAGE][PASSED] - Text 'Enter a valid phone number' is present on page  using regular expression

2024-02-03 23:32:43 - [TEST_STEP][PASSED] - verifyTextPresent("Enter Email", true, CONTINUE_ON_FAILURE): Text 'Enter Email' is present on page  using regular expression

2024-02-03 23:32:43 - [MESSAGE][PASSED] - Text 'Enter Email' is present on page  using regular expression

2024-02-03 23:32:43 - [TEST_STEP][PASSED] - if (TaxType.equalsIgnoreCase("Estate Tax")): null

2024-02-03 23:32:43 - [TEST_STEP][PASSED] - resText = "Pass": null

2024-02-03 23:32:43 - [TEST_STEP][PASSED] - pages.WriteExcel.demoKey(resText, datText, resColumn, datCloumn, fileLoc, nameSheet, row): pages.WriteExcel.demoKey is PASSED

2024-02-03 23:32:43 - [MESSAGE][PASSED] - pages.WriteExcel.demoKey is PASSED

2024-02-03 23:32:43 - [TEST_STEP][PASSED] - ExecuteTC = findTestData(dataFile).getValue("Execute", row): null

2024-02-03 23:32:43 - [TEST_STEP][PASSED] - TaxType = findTestData(dataFile).getValue("TaxType", row): null

2024-02-03 23:32:43 - [TEST_STEP][PASSED] - PaymentType = findTestData(dataFile).getValue("PaymentType", row): null

2024-02-03 23:32:43 - [TEST_STEP][PASSED] - feinSsn = findTestData(dataFile).getValue("FEINSSN", row): null

2024-02-03 23:32:43 - [TEST_STEP][PASSED] - if (ExecuteTC.equalsIgnoreCase("Y")): pages.WriteExcel.demoKey is PASSED

2024-02-03 23:32:43 - [TEST_STEP][PASSED] - out.println("Begin Record Number: " + row): null

2024-02-03 23:32:43 - [TEST_STEP][PASSED] - today = new java.util.Date(): null

2024-02-03 23:32:43 - [TEST_STEP][PASSED] - println(today): null

2024-02-03 23:32:43 - [TEST_STEP][PASSED] - datText = today: null

2024-02-03 23:32:43 - [TEST_STEP][PASSED] - logInfo("Payment Type: Existing Liability w/Notice Number"): Payment Type: Existing Liability w/Notice Number

2024-02-03 23:32:43 - [MESSAGE][INFO] - Payment Type: Existing Liability w/Notice Number

2024-02-03 23:32:43 - [TEST_STEP][PASSED] - logInfo("Tax Type: " + TaxType): Tax Type: Sales & Use Tax

2024-02-03 23:32:43 - [MESSAGE][INFO] - Tax Type: Sales & Use Tax

2024-02-03 23:32:43 - [TEST_STEP][PASSED] - openBrowser(""): Browser is opened with url: ''

2024-02-03 23:32:43 - [MESSAGE][WARNING] - A browser is already opened. Closing browser and opening a new one

2024-02-03 23:32:45 - [MESSAGE][INFO] - Starting 'Chrome' driver

2024-02-03 23:32:45 - [MESSAGE][INFO] - User set preference: ['acceptInsecureCerts', 'true']

2024-02-03 23:32:45 - [MESSAGE][INFO] - Action delay is set to 0 milliseconds

2024-02-03 23:32:47 - [MESSAGE][PASSED] - Browser is opened with url: ''

2024-02-03 23:32:47 - [TEST_STEP][PASSED] - maximizeWindow(): Current window maximized

2024-02-03 23:32:47 - [MESSAGE][PASSED] - Current window maximized

2024-02-03 23:32:47 - [TEST_STEP][PASSED] - navigateToUrl(RADurl): Navigate to 'https://qa2.velocitypayment.com/client/rad/index.html' successfully

2024-02-03 23:32:49 - [MESSAGE][PASSED] - Navigate to 'https://qa2.velocitypayment.com/client/rad/index.html' successfully

2024-02-03 23:32:49 - [TEST_STEP][PASSED] - selectOptionByLabel(findTestObject(orPath_Landing + "/dd_TaxType"), "Existing Liability w/Notice Number", false): All options with label 'Existing Liability w/Notice Number' are selected in object 'Object Repository/RAD_Pages/Landing_Page/dd_TaxType' 

2024-02-03 23:32:50 - [MESSAGE][PASSED] - All options with label 'Existing Liability w/Notice Number' are selected in object 'Object Repository/RAD_Pages/Landing_Page/dd_TaxType' 

2024-02-03 23:32:50 - [TEST_STEP][PASSED] - selectOptionByLabel(findTestObject(orPath_TaxTypeFilingYear + "/select_TaxType_ExistingLiability"), TaxType, false): All options with label 'Sales & Use Tax' are selected in object 'Object Repository/RAD_Pages/TaxTypeFilingYear_Page/select_TaxType_ExistingLiability' 

2024-02-03 23:32:50 - [MESSAGE][PASSED] - All options with label 'Sales & Use Tax' are selected in object 'Object Repository/RAD_Pages/TaxTypeFilingYear_Page/select_TaxType_ExistingLiability' 

2024-02-03 23:32:50 - [TEST_STEP][PASSED] - setText(findTestObject(orPath_TaxPayer + "/input_businessName"), " "): Text ' ' is set on object 'Object Repository/RAD_Pages/Taxpayer_Page/input_businessName'

2024-02-03 23:32:51 - [MESSAGE][PASSED] - Text ' ' is set on object 'Object Repository/RAD_Pages/Taxpayer_Page/input_businessName'

2024-02-03 23:32:51 - [TEST_STEP][PASSED] - setText(findTestObject(orPath_TaxPayer + "/input_BusinessRepfirstName"), " "): Text ' ' is set on object 'Object Repository/RAD_Pages/Taxpayer_Page/input_BusinessRepfirstName'

2024-02-03 23:32:52 - [MESSAGE][PASSED] - Text ' ' is set on object 'Object Repository/RAD_Pages/Taxpayer_Page/input_BusinessRepfirstName'

2024-02-03 23:32:52 - [TEST_STEP][PASSED] - setText(findTestObject(orPath_TaxPayer + "/input_BusinessReplastName"), " "): Text ' ' is set on object 'Object Repository/RAD_Pages/Taxpayer_Page/input_BusinessReplastName'

2024-02-03 23:32:53 - [MESSAGE][PASSED] - Text ' ' is set on object 'Object Repository/RAD_Pages/Taxpayer_Page/input_BusinessReplastName'

2024-02-03 23:32:53 - [TEST_STEP][PASSED] - setText(findTestObject(orPath_AddressContact + "/input_streetAddress1"), " "): Text ' ' is set on object 'Object Repository/RAD_Pages/AddressAndContactInfo_Page/input_streetAddress1'

2024-02-03 23:32:53 - [MESSAGE][PASSED] - Text ' ' is set on object 'Object Repository/RAD_Pages/AddressAndContactInfo_Page/input_streetAddress1'

2024-02-03 23:32:53 - [TEST_STEP][PASSED] - setText(findTestObject(orPath_AddressContact + "/input_city"), " "): Text ' ' is set on object 'Object Repository/RAD_Pages/AddressAndContactInfo_Page/input_city'

2024-02-03 23:32:54 - [MESSAGE][PASSED] - Text ' ' is set on object 'Object Repository/RAD_Pages/AddressAndContactInfo_Page/input_city'

2024-02-03 23:32:54 - [TEST_STEP][PASSED] - setText(findTestObject(orPath_AddressContact + "/input_zipCode"), " "): Text ' ' is set on object 'Object Repository/RAD_Pages/AddressAndContactInfo_Page/input_zipCode'

2024-02-03 23:32:55 - [MESSAGE][PASSED] - Text ' ' is set on object 'Object Repository/RAD_Pages/AddressAndContactInfo_Page/input_zipCode'

2024-02-03 23:32:55 - [TEST_STEP][PASSED] - setText(findTestObject(orPath_AddressContact + "/input_phoneNumber"), " "): Text ' ' is set on object 'Object Repository/RAD_Pages/AddressAndContactInfo_Page/input_phoneNumber'

2024-02-03 23:32:56 - [MESSAGE][PASSED] - Text ' ' is set on object 'Object Repository/RAD_Pages/AddressAndContactInfo_Page/input_phoneNumber'

2024-02-03 23:32:56 - [TEST_STEP][PASSED] - setText(findTestObject(orPath_AddressContact + "/input_eMailAddress"), " "): Text ' ' is set on object 'Object Repository/RAD_Pages/AddressAndContactInfo_Page/input_eMailAddress'

2024-02-03 23:32:56 - [MESSAGE][PASSED] - Text ' ' is set on object 'Object Repository/RAD_Pages/AddressAndContactInfo_Page/input_eMailAddress'

2024-02-03 23:32:56 - [TEST_STEP][PASSED] - setText(findTestObject(orPath_AddressContact + "/input_reEnterEMailAddress"), " "): Text ' ' is set on object 'Object Repository/RAD_Pages/AddressAndContactInfo_Page/input_reEnterEMailAddress'

2024-02-03 23:32:57 - [MESSAGE][PASSED] - Text ' ' is set on object 'Object Repository/RAD_Pages/AddressAndContactInfo_Page/input_reEnterEMailAddress'

2024-02-03 23:32:57 - [TEST_STEP][PASSED] - if (TaxType.equalsIgnoreCase("Estate Tax")): null

2024-02-03 23:32:57 - [TEST_STEP][PASSED] - setText(findTestObject(orPath_Amount + "/input__paymentAmount"), ""): Text '' is set on object 'Object Repository/RAD_Pages/PaymentAmount_Page/input__paymentAmount'

2024-02-03 23:32:58 - [MESSAGE][PASSED] - Text '' is set on object 'Object Repository/RAD_Pages/PaymentAmount_Page/input__paymentAmount'

2024-02-03 23:32:58 - [TEST_STEP][PASSED] - resText = "Fail": null

2024-02-03 23:32:58 - [TEST_STEP][PASSED] - pages.WriteExcel.demoKey(resText, datText, resColumn, datCloumn, fileLoc, nameSheet, row): pages.WriteExcel.demoKey is PASSED

2024-02-03 23:32:58 - [MESSAGE][PASSED] - pages.WriteExcel.demoKey is PASSED

2024-02-03 23:32:58 - [TEST_STEP][PASSED] - verifyTextPresent("Enter business name", true, CONTINUE_ON_FAILURE): Text 'Enter business name' is present on page  using regular expression

2024-02-03 23:32:59 - [MESSAGE][PASSED] - Text 'Enter business name' is present on page  using regular expression

2024-02-03 23:32:59 - [TEST_STEP][PASSED] - verifyTextPresent("Enter business rep first name", true, CONTINUE_ON_FAILURE): Text 'Enter business rep first name' is present on page  using regular expression

2024-02-03 23:32:59 - [MESSAGE][PASSED] - Text 'Enter business rep first name' is present on page  using regular expression

2024-02-03 23:32:59 - [TEST_STEP][PASSED] - verifyTextPresent("Enter business rep last name", true, CONTINUE_ON_FAILURE): Text 'Enter business rep last name' is present on page  using regular expression

2024-02-03 23:33:00 - [MESSAGE][PASSED] - Text 'Enter business rep last name' is present on page  using regular expression

2024-02-03 23:33:00 - [TEST_STEP][PASSED] - verifyTextPresent("Enter address", true, CONTINUE_ON_FAILURE): Text 'Enter address' is present on page  using regular expression

2024-02-03 23:33:00 - [MESSAGE][PASSED] - Text 'Enter address' is present on page  using regular expression

2024-02-03 23:33:00 - [TEST_STEP][PASSED] - verifyTextPresent("Enter city", true, CONTINUE_ON_FAILURE): Text 'Enter city' is present on page  using regular expression

2024-02-03 23:33:01 - [MESSAGE][PASSED] - Text 'Enter city' is present on page  using regular expression

2024-02-03 23:33:01 - [TEST_STEP][PASSED] - verifyTextPresent("Enter ZIP code", true, CONTINUE_ON_FAILURE): Text 'Enter ZIP code' is present on page  using regular expression

2024-02-03 23:33:01 - [MESSAGE][PASSED] - Text 'Enter ZIP code' is present on page  using regular expression

2024-02-03 23:33:01 - [TEST_STEP][PASSED] - verifyTextPresent("Enter a valid phone number", true, CONTINUE_ON_FAILURE): Text 'Enter a valid phone number' is present on page  using regular expression

2024-02-03 23:33:01 - [MESSAGE][PASSED] - Text 'Enter a valid phone number' is present on page  using regular expression

2024-02-03 23:33:01 - [TEST_STEP][PASSED] - verifyTextPresent("Enter Email", true, CONTINUE_ON_FAILURE): Text 'Enter Email' is present on page  using regular expression

2024-02-03 23:33:02 - [MESSAGE][PASSED] - Text 'Enter Email' is present on page  using regular expression

2024-02-03 23:33:02 - [TEST_STEP][PASSED] - if (TaxType.equalsIgnoreCase("Estate Tax")): null

2024-02-03 23:33:02 - [TEST_STEP][PASSED] - resText = "Pass": null

2024-02-03 23:33:02 - [TEST_STEP][PASSED] - pages.WriteExcel.demoKey(resText, datText, resColumn, datCloumn, fileLoc, nameSheet, row): pages.WriteExcel.demoKey is PASSED

2024-02-03 23:33:02 - [MESSAGE][PASSED] - pages.WriteExcel.demoKey is PASSED

2024-02-03 23:33:02 - [TEST_STEP][PASSED] - ExecuteTC = findTestData(dataFile).getValue("Execute", row): null

2024-02-03 23:33:02 - [TEST_STEP][PASSED] - TaxType = findTestData(dataFile).getValue("TaxType", row): null

2024-02-03 23:33:02 - [TEST_STEP][PASSED] - PaymentType = findTestData(dataFile).getValue("PaymentType", row): null

2024-02-03 23:33:02 - [TEST_STEP][PASSED] - feinSsn = findTestData(dataFile).getValue("FEINSSN", row): null

2024-02-03 23:33:02 - [TEST_STEP][PASSED] - if (ExecuteTC.equalsIgnoreCase("Y")): pages.WriteExcel.demoKey is PASSED

2024-02-03 23:33:02 - [TEST_STEP][PASSED] - out.println("Begin Record Number: " + row): null

2024-02-03 23:33:02 - [TEST_STEP][PASSED] - today = new java.util.Date(): null

2024-02-03 23:33:02 - [TEST_STEP][PASSED] - println(today): null

2024-02-03 23:33:02 - [TEST_STEP][PASSED] - datText = today: null

2024-02-03 23:33:02 - [TEST_STEP][PASSED] - logInfo("Payment Type: Existing Liability w/Notice Number"): Payment Type: Existing Liability w/Notice Number

2024-02-03 23:33:02 - [MESSAGE][INFO] - Payment Type: Existing Liability w/Notice Number

2024-02-03 23:33:02 - [TEST_STEP][PASSED] - logInfo("Tax Type: " + TaxType): Tax Type: Tire Recycling Fee

2024-02-03 23:33:02 - [MESSAGE][INFO] - Tax Type: Tire Recycling Fee

2024-02-03 23:33:02 - [TEST_STEP][PASSED] - openBrowser(""): Browser is opened with url: ''

2024-02-03 23:33:02 - [MESSAGE][WARNING] - A browser is already opened. Closing browser and opening a new one

2024-02-03 23:33:04 - [MESSAGE][INFO] - Starting 'Chrome' driver

2024-02-03 23:33:04 - [MESSAGE][INFO] - User set preference: ['acceptInsecureCerts', 'true']

2024-02-03 23:33:04 - [MESSAGE][INFO] - Action delay is set to 0 milliseconds

2024-02-03 23:33:05 - [MESSAGE][PASSED] - Browser is opened with url: ''

2024-02-03 23:33:05 - [TEST_STEP][PASSED] - maximizeWindow(): Current window maximized

2024-02-03 23:33:06 - [MESSAGE][PASSED] - Current window maximized

2024-02-03 23:33:06 - [TEST_STEP][PASSED] - navigateToUrl(RADurl): Navigate to 'https://qa2.velocitypayment.com/client/rad/index.html' successfully

2024-02-03 23:33:08 - [MESSAGE][PASSED] - Navigate to 'https://qa2.velocitypayment.com/client/rad/index.html' successfully

2024-02-03 23:33:08 - [TEST_STEP][PASSED] - selectOptionByLabel(findTestObject(orPath_Landing + "/dd_TaxType"), "Existing Liability w/Notice Number", false): All options with label 'Existing Liability w/Notice Number' are selected in object 'Object Repository/RAD_Pages/Landing_Page/dd_TaxType' 

2024-02-03 23:33:08 - [MESSAGE][PASSED] - All options with label 'Existing Liability w/Notice Number' are selected in object 'Object Repository/RAD_Pages/Landing_Page/dd_TaxType' 

2024-02-03 23:33:08 - [TEST_STEP][PASSED] - selectOptionByLabel(findTestObject(orPath_TaxTypeFilingYear + "/select_TaxType_ExistingLiability"), TaxType, false): All options with label 'Tire Recycling Fee' are selected in object 'Object Repository/RAD_Pages/TaxTypeFilingYear_Page/select_TaxType_ExistingLiability' 

2024-02-03 23:33:09 - [MESSAGE][PASSED] - All options with label 'Tire Recycling Fee' are selected in object 'Object Repository/RAD_Pages/TaxTypeFilingYear_Page/select_TaxType_ExistingLiability' 

2024-02-03 23:33:09 - [TEST_STEP][PASSED] - setText(findTestObject(orPath_TaxPayer + "/input_businessName"), " "): Text ' ' is set on object 'Object Repository/RAD_Pages/Taxpayer_Page/input_businessName'

2024-02-03 23:33:10 - [MESSAGE][PASSED] - Text ' ' is set on object 'Object Repository/RAD_Pages/Taxpayer_Page/input_businessName'

2024-02-03 23:33:10 - [TEST_STEP][PASSED] - setText(findTestObject(orPath_TaxPayer + "/input_BusinessRepfirstName"), " "): Text ' ' is set on object 'Object Repository/RAD_Pages/Taxpayer_Page/input_BusinessRepfirstName'

2024-02-03 23:33:11 - [MESSAGE][PASSED] - Text ' ' is set on object 'Object Repository/RAD_Pages/Taxpayer_Page/input_BusinessRepfirstName'

2024-02-03 23:33:11 - [TEST_STEP][PASSED] - setText(findTestObject(orPath_TaxPayer + "/input_BusinessReplastName"), " "): Text ' ' is set on object 'Object Repository/RAD_Pages/Taxpayer_Page/input_BusinessReplastName'

2024-02-03 23:33:12 - [MESSAGE][PASSED] - Text ' ' is set on object 'Object Repository/RAD_Pages/Taxpayer_Page/input_BusinessReplastName'

2024-02-03 23:33:12 - [TEST_STEP][PASSED] - setText(findTestObject(orPath_AddressContact + "/input_streetAddress1"), " "): Text ' ' is set on object 'Object Repository/RAD_Pages/AddressAndContactInfo_Page/input_streetAddress1'

2024-02-03 23:33:12 - [MESSAGE][PASSED] - Text ' ' is set on object 'Object Repository/RAD_Pages/AddressAndContactInfo_Page/input_streetAddress1'

2024-02-03 23:33:12 - [TEST_STEP][PASSED] - setText(findTestObject(orPath_AddressContact + "/input_city"), " "): Text ' ' is set on object 'Object Repository/RAD_Pages/AddressAndContactInfo_Page/input_city'

2024-02-03 23:33:13 - [MESSAGE][PASSED] - Text ' ' is set on object 'Object Repository/RAD_Pages/AddressAndContactInfo_Page/input_city'

2024-02-03 23:33:13 - [TEST_STEP][PASSED] - setText(findTestObject(orPath_AddressContact + "/input_zipCode"), " "): Text ' ' is set on object 'Object Repository/RAD_Pages/AddressAndContactInfo_Page/input_zipCode'

2024-02-03 23:33:14 - [MESSAGE][PASSED] - Text ' ' is set on object 'Object Repository/RAD_Pages/AddressAndContactInfo_Page/input_zipCode'

2024-02-03 23:33:14 - [TEST_STEP][PASSED] - setText(findTestObject(orPath_AddressContact + "/input_phoneNumber"), " "): Text ' ' is set on object 'Object Repository/RAD_Pages/AddressAndContactInfo_Page/input_phoneNumber'

2024-02-03 23:33:15 - [MESSAGE][PASSED] - Text ' ' is set on object 'Object Repository/RAD_Pages/AddressAndContactInfo_Page/input_phoneNumber'

2024-02-03 23:33:15 - [TEST_STEP][PASSED] - setText(findTestObject(orPath_AddressContact + "/input_eMailAddress"), " "): Text ' ' is set on object 'Object Repository/RAD_Pages/AddressAndContactInfo_Page/input_eMailAddress'

2024-02-03 23:33:15 - [MESSAGE][PASSED] - Text ' ' is set on object 'Object Repository/RAD_Pages/AddressAndContactInfo_Page/input_eMailAddress'

2024-02-03 23:33:15 - [TEST_STEP][PASSED] - setText(findTestObject(orPath_AddressContact + "/input_reEnterEMailAddress"), " "): Text ' ' is set on object 'Object Repository/RAD_Pages/AddressAndContactInfo_Page/input_reEnterEMailAddress'

2024-02-03 23:33:16 - [MESSAGE][PASSED] - Text ' ' is set on object 'Object Repository/RAD_Pages/AddressAndContactInfo_Page/input_reEnterEMailAddress'

2024-02-03 23:33:16 - [TEST_STEP][PASSED] - if (TaxType.equalsIgnoreCase("Estate Tax")): null

2024-02-03 23:33:16 - [TEST_STEP][PASSED] - setText(findTestObject(orPath_Amount + "/input__paymentAmount"), ""): Text '' is set on object 'Object Repository/RAD_Pages/PaymentAmount_Page/input__paymentAmount'

2024-02-03 23:33:17 - [MESSAGE][PASSED] - Text '' is set on object 'Object Repository/RAD_Pages/PaymentAmount_Page/input__paymentAmount'

2024-02-03 23:33:17 - [TEST_STEP][PASSED] - resText = "Fail": null

2024-02-03 23:33:17 - [TEST_STEP][PASSED] - pages.WriteExcel.demoKey(resText, datText, resColumn, datCloumn, fileLoc, nameSheet, row): pages.WriteExcel.demoKey is PASSED

2024-02-03 23:33:17 - [MESSAGE][PASSED] - pages.WriteExcel.demoKey is PASSED

2024-02-03 23:33:17 - [TEST_STEP][PASSED] - verifyTextPresent("Enter business name", true, CONTINUE_ON_FAILURE): Text 'Enter business name' is present on page  using regular expression

2024-02-03 23:33:18 - [MESSAGE][PASSED] - Text 'Enter business name' is present on page  using regular expression

2024-02-03 23:33:18 - [TEST_STEP][PASSED] - verifyTextPresent("Enter business rep first name", true, CONTINUE_ON_FAILURE): Text 'Enter business rep first name' is present on page  using regular expression

2024-02-03 23:33:19 - [MESSAGE][PASSED] - Text 'Enter business rep first name' is present on page  using regular expression

2024-02-03 23:33:19 - [TEST_STEP][PASSED] - verifyTextPresent("Enter business rep last name", true, CONTINUE_ON_FAILURE): Text 'Enter business rep last name' is present on page  using regular expression

2024-02-03 23:33:19 - [MESSAGE][PASSED] - Text 'Enter business rep last name' is present on page  using regular expression

2024-02-03 23:33:19 - [TEST_STEP][PASSED] - verifyTextPresent("Enter address", true, CONTINUE_ON_FAILURE): Text 'Enter address' is present on page  using regular expression

2024-02-03 23:33:19 - [MESSAGE][PASSED] - Text 'Enter address' is present on page  using regular expression

2024-02-03 23:33:19 - [TEST_STEP][PASSED] - verifyTextPresent("Enter city", true, CONTINUE_ON_FAILURE): Text 'Enter city' is present on page  using regular expression

2024-02-03 23:33:20 - [MESSAGE][PASSED] - Text 'Enter city' is present on page  using regular expression

2024-02-03 23:33:20 - [TEST_STEP][PASSED] - verifyTextPresent("Enter ZIP code", true, CONTINUE_ON_FAILURE): Text 'Enter ZIP code' is present on page  using regular expression

2024-02-03 23:33:20 - [MESSAGE][PASSED] - Text 'Enter ZIP code' is present on page  using regular expression

2024-02-03 23:33:20 - [TEST_STEP][PASSED] - verifyTextPresent("Enter a valid phone number", true, CONTINUE_ON_FAILURE): Text 'Enter a valid phone number' is present on page  using regular expression

2024-02-03 23:33:20 - [MESSAGE][PASSED] - Text 'Enter a valid phone number' is present on page  using regular expression

2024-02-03 23:33:20 - [TEST_STEP][PASSED] - verifyTextPresent("Enter Email", true, CONTINUE_ON_FAILURE): Text 'Enter Email' is present on page  using regular expression

2024-02-03 23:33:21 - [MESSAGE][PASSED] - Text 'Enter Email' is present on page  using regular expression

2024-02-03 23:33:21 - [TEST_STEP][PASSED] - if (TaxType.equalsIgnoreCase("Estate Tax")): null

2024-02-03 23:33:21 - [TEST_STEP][PASSED] - resText = "Pass": null

2024-02-03 23:33:21 - [TEST_STEP][PASSED] - pages.WriteExcel.demoKey(resText, datText, resColumn, datCloumn, fileLoc, nameSheet, row): pages.WriteExcel.demoKey is PASSED

2024-02-03 23:33:21 - [MESSAGE][PASSED] - pages.WriteExcel.demoKey is PASSED

2024-02-03 23:33:21 - [TEST_STEP][PASSED] - ExecuteTC = findTestData(dataFile).getValue("Execute", row): null

2024-02-03 23:33:21 - [TEST_STEP][PASSED] - TaxType = findTestData(dataFile).getValue("TaxType", row): null

2024-02-03 23:33:21 - [TEST_STEP][PASSED] - PaymentType = findTestData(dataFile).getValue("PaymentType", row): null

2024-02-03 23:33:21 - [TEST_STEP][PASSED] - feinSsn = findTestData(dataFile).getValue("FEINSSN", row): null

2024-02-03 23:33:21 - [TEST_STEP][PASSED] - if (ExecuteTC.equalsIgnoreCase("Y")): pages.WriteExcel.demoKey is PASSED

2024-02-03 23:33:21 - [TEST_STEP][PASSED] - out.println("Begin Record Number: " + row): null

2024-02-03 23:33:21 - [TEST_STEP][PASSED] - today = new java.util.Date(): null

2024-02-03 23:33:21 - [TEST_STEP][PASSED] - println(today): null

2024-02-03 23:33:21 - [TEST_STEP][PASSED] - datText = today: null

2024-02-03 23:33:21 - [TEST_STEP][PASSED] - logInfo("Payment Type: Existing Liability w/Notice Number"): Payment Type: Existing Liability w/Notice Number

2024-02-03 23:33:21 - [MESSAGE][INFO] - Payment Type: Existing Liability w/Notice Number

2024-02-03 23:33:21 - [TEST_STEP][PASSED] - logInfo("Tax Type: " + TaxType): Tax Type: Withholding Tax

2024-02-03 23:33:21 - [MESSAGE][INFO] - Tax Type: Withholding Tax

2024-02-03 23:33:21 - [TEST_STEP][PASSED] - openBrowser(""): Browser is opened with url: ''

2024-02-03 23:33:21 - [MESSAGE][WARNING] - A browser is already opened. Closing browser and opening a new one

2024-02-03 23:33:22 - [MESSAGE][INFO] - Starting 'Chrome' driver

2024-02-03 23:33:22 - [MESSAGE][INFO] - User set preference: ['acceptInsecureCerts', 'true']

2024-02-03 23:33:22 - [MESSAGE][INFO] - Action delay is set to 0 milliseconds

2024-02-03 23:33:24 - [MESSAGE][PASSED] - Browser is opened with url: ''

2024-02-03 23:33:24 - [TEST_STEP][PASSED] - maximizeWindow(): Current window maximized

2024-02-03 23:33:24 - [MESSAGE][PASSED] - Current window maximized

2024-02-03 23:33:24 - [TEST_STEP][PASSED] - navigateToUrl(RADurl): Navigate to 'https://qa2.velocitypayment.com/client/rad/index.html' successfully

2024-02-03 23:33:25 - [MESSAGE][PASSED] - Navigate to 'https://qa2.velocitypayment.com/client/rad/index.html' successfully

2024-02-03 23:33:25 - [TEST_STEP][PASSED] - selectOptionByLabel(findTestObject(orPath_Landing + "/dd_TaxType"), "Existing Liability w/Notice Number", false): All options with label 'Existing Liability w/Notice Number' are selected in object 'Object Repository/RAD_Pages/Landing_Page/dd_TaxType' 

2024-02-03 23:33:27 - [MESSAGE][PASSED] - All options with label 'Existing Liability w/Notice Number' are selected in object 'Object Repository/RAD_Pages/Landing_Page/dd_TaxType' 

2024-02-03 23:33:27 - [TEST_STEP][PASSED] - selectOptionByLabel(findTestObject(orPath_TaxTypeFilingYear + "/select_TaxType_ExistingLiability"), TaxType, false): All options with label 'Withholding Tax' are selected in object 'Object Repository/RAD_Pages/TaxTypeFilingYear_Page/select_TaxType_ExistingLiability' 

2024-02-03 23:33:28 - [MESSAGE][PASSED] - All options with label 'Withholding Tax' are selected in object 'Object Repository/RAD_Pages/TaxTypeFilingYear_Page/select_TaxType_ExistingLiability' 

2024-02-03 23:33:28 - [TEST_STEP][PASSED] - setText(findTestObject(orPath_TaxPayer + "/input_businessName"), " "): Text ' ' is set on object 'Object Repository/RAD_Pages/Taxpayer_Page/input_businessName'

2024-02-03 23:33:29 - [MESSAGE][PASSED] - Text ' ' is set on object 'Object Repository/RAD_Pages/Taxpayer_Page/input_businessName'

2024-02-03 23:33:29 - [TEST_STEP][PASSED] - setText(findTestObject(orPath_TaxPayer + "/input_BusinessRepfirstName"), " "): Text ' ' is set on object 'Object Repository/RAD_Pages/Taxpayer_Page/input_BusinessRepfirstName'

2024-02-03 23:33:29 - [MESSAGE][PASSED] - Text ' ' is set on object 'Object Repository/RAD_Pages/Taxpayer_Page/input_BusinessRepfirstName'

2024-02-03 23:33:29 - [TEST_STEP][PASSED] - setText(findTestObject(orPath_TaxPayer + "/input_BusinessReplastName"), " "): Text ' ' is set on object 'Object Repository/RAD_Pages/Taxpayer_Page/input_BusinessReplastName'

2024-02-03 23:33:30 - [MESSAGE][PASSED] - Text ' ' is set on object 'Object Repository/RAD_Pages/Taxpayer_Page/input_BusinessReplastName'

2024-02-03 23:33:30 - [TEST_STEP][PASSED] - setText(findTestObject(orPath_AddressContact + "/input_streetAddress1"), " "): Text ' ' is set on object 'Object Repository/RAD_Pages/AddressAndContactInfo_Page/input_streetAddress1'

2024-02-03 23:33:31 - [MESSAGE][PASSED] - Text ' ' is set on object 'Object Repository/RAD_Pages/AddressAndContactInfo_Page/input_streetAddress1'

2024-02-03 23:33:31 - [TEST_STEP][PASSED] - setText(findTestObject(orPath_AddressContact + "/input_city"), " "): Text ' ' is set on object 'Object Repository/RAD_Pages/AddressAndContactInfo_Page/input_city'

2024-02-03 23:33:31 - [MESSAGE][PASSED] - Text ' ' is set on object 'Object Repository/RAD_Pages/AddressAndContactInfo_Page/input_city'

2024-02-03 23:33:31 - [TEST_STEP][PASSED] - setText(findTestObject(orPath_AddressContact + "/input_zipCode"), " "): Text ' ' is set on object 'Object Repository/RAD_Pages/AddressAndContactInfo_Page/input_zipCode'

2024-02-03 23:33:32 - [MESSAGE][PASSED] - Text ' ' is set on object 'Object Repository/RAD_Pages/AddressAndContactInfo_Page/input_zipCode'

2024-02-03 23:33:32 - [TEST_STEP][PASSED] - setText(findTestObject(orPath_AddressContact + "/input_phoneNumber"), " "): Text ' ' is set on object 'Object Repository/RAD_Pages/AddressAndContactInfo_Page/input_phoneNumber'

2024-02-03 23:33:33 - [MESSAGE][PASSED] - Text ' ' is set on object 'Object Repository/RAD_Pages/AddressAndContactInfo_Page/input_phoneNumber'

2024-02-03 23:33:33 - [TEST_STEP][PASSED] - setText(findTestObject(orPath_AddressContact + "/input_eMailAddress"), " "): Text ' ' is set on object 'Object Repository/RAD_Pages/AddressAndContactInfo_Page/input_eMailAddress'

2024-02-03 23:33:34 - [MESSAGE][PASSED] - Text ' ' is set on object 'Object Repository/RAD_Pages/AddressAndContactInfo_Page/input_eMailAddress'

2024-02-03 23:33:34 - [TEST_STEP][PASSED] - setText(findTestObject(orPath_AddressContact + "/input_reEnterEMailAddress"), " "): Text ' ' is set on object 'Object Repository/RAD_Pages/AddressAndContactInfo_Page/input_reEnterEMailAddress'

2024-02-03 23:33:34 - [MESSAGE][PASSED] - Text ' ' is set on object 'Object Repository/RAD_Pages/AddressAndContactInfo_Page/input_reEnterEMailAddress'

2024-02-03 23:33:34 - [TEST_STEP][PASSED] - if (TaxType.equalsIgnoreCase("Estate Tax")): null

2024-02-03 23:33:34 - [TEST_STEP][PASSED] - setText(findTestObject(orPath_Amount + "/input__paymentAmount"), ""): Text '' is set on object 'Object Repository/RAD_Pages/PaymentAmount_Page/input__paymentAmount'

2024-02-03 23:33:35 - [MESSAGE][PASSED] - Text '' is set on object 'Object Repository/RAD_Pages/PaymentAmount_Page/input__paymentAmount'

2024-02-03 23:33:35 - [TEST_STEP][PASSED] - resText = "Fail": null

2024-02-03 23:33:35 - [TEST_STEP][PASSED] - pages.WriteExcel.demoKey(resText, datText, resColumn, datCloumn, fileLoc, nameSheet, row): pages.WriteExcel.demoKey is PASSED

2024-02-03 23:33:35 - [MESSAGE][PASSED] - pages.WriteExcel.demoKey is PASSED

2024-02-03 23:33:35 - [TEST_STEP][PASSED] - verifyTextPresent("Enter business name", true, CONTINUE_ON_FAILURE): Text 'Enter business name' is present on page  using regular expression

2024-02-03 23:33:36 - [MESSAGE][PASSED] - Text 'Enter business name' is present on page  using regular expression

2024-02-03 23:33:36 - [TEST_STEP][PASSED] - verifyTextPresent("Enter business rep first name", true, CONTINUE_ON_FAILURE): Text 'Enter business rep first name' is present on page  using regular expression

2024-02-03 23:33:37 - [MESSAGE][PASSED] - Text 'Enter business rep first name' is present on page  using regular expression

2024-02-03 23:33:37 - [TEST_STEP][PASSED] - verifyTextPresent("Enter business rep last name", true, CONTINUE_ON_FAILURE): Text 'Enter business rep last name' is present on page  using regular expression

2024-02-03 23:33:37 - [MESSAGE][PASSED] - Text 'Enter business rep last name' is present on page  using regular expression

2024-02-03 23:33:37 - [TEST_STEP][PASSED] - verifyTextPresent("Enter address", true, CONTINUE_ON_FAILURE): Text 'Enter address' is present on page  using regular expression

2024-02-03 23:33:37 - [MESSAGE][PASSED] - Text 'Enter address' is present on page  using regular expression

2024-02-03 23:33:37 - [TEST_STEP][PASSED] - verifyTextPresent("Enter city", true, CONTINUE_ON_FAILURE): Text 'Enter city' is present on page  using regular expression

2024-02-03 23:33:38 - [MESSAGE][PASSED] - Text 'Enter city' is present on page  using regular expression

2024-02-03 23:33:38 - [TEST_STEP][PASSED] - verifyTextPresent("Enter ZIP code", true, CONTINUE_ON_FAILURE): Text 'Enter ZIP code' is present on page  using regular expression

2024-02-03 23:33:38 - [MESSAGE][PASSED] - Text 'Enter ZIP code' is present on page  using regular expression

2024-02-03 23:33:38 - [TEST_STEP][PASSED] - verifyTextPresent("Enter a valid phone number", true, CONTINUE_ON_FAILURE): Text 'Enter a valid phone number' is present on page  using regular expression

2024-02-03 23:33:39 - [MESSAGE][PASSED] - Text 'Enter a valid phone number' is present on page  using regular expression

2024-02-03 23:33:39 - [TEST_STEP][PASSED] - verifyTextPresent("Enter Email", true, CONTINUE_ON_FAILURE): Text 'Enter Email' is present on page  using regular expression

2024-02-03 23:33:39 - [MESSAGE][PASSED] - Text 'Enter Email' is present on page  using regular expression

2024-02-03 23:33:39 - [TEST_STEP][PASSED] - if (TaxType.equalsIgnoreCase("Estate Tax")): null

2024-02-03 23:33:39 - [TEST_STEP][PASSED] - resText = "Pass": null

2024-02-03 23:33:39 - [TEST_STEP][PASSED] - pages.WriteExcel.demoKey(resText, datText, resColumn, datCloumn, fileLoc, nameSheet, row): pages.WriteExcel.demoKey is PASSED

2024-02-03 23:33:39 - [MESSAGE][PASSED] - pages.WriteExcel.demoKey is PASSED

2024-02-03 23:33:39 - [TEST_STEP][PASSED] - ExecuteTC = findTestData(dataFile).getValue("Execute", row): null

2024-02-03 23:33:39 - [TEST_STEP][PASSED] - TaxType = findTestData(dataFile).getValue("TaxType", row): null

2024-02-03 23:33:39 - [TEST_STEP][PASSED] - PaymentType = findTestData(dataFile).getValue("PaymentType", row): null

2024-02-03 23:33:39 - [TEST_STEP][PASSED] - feinSsn = findTestData(dataFile).getValue("FEINSSN", row): null

2024-02-03 23:33:39 - [TEST_STEP][PASSED] - if (ExecuteTC.equalsIgnoreCase("Y")): pages.WriteExcel.demoKey is PASSED

2024-02-03 23:33:39 - [TEST_STEP][PASSED] - out.println("Begin Record Number: " + row): null

2024-02-03 23:33:39 - [TEST_STEP][PASSED] - today = new java.util.Date(): null

2024-02-03 23:33:39 - [TEST_STEP][PASSED] - println(today): null

2024-02-03 23:33:39 - [TEST_STEP][PASSED] - datText = today: null

2024-02-03 23:33:39 - [TEST_STEP][PASSED] - logInfo("Payment Type: Existing Liability w/Notice Number"): Payment Type: Existing Liability w/Notice Number

2024-02-03 23:33:39 - [MESSAGE][INFO] - Payment Type: Existing Liability w/Notice Number

2024-02-03 23:33:39 - [TEST_STEP][PASSED] - logInfo("Tax Type: " + TaxType): Tax Type: Alcohol Tax

2024-02-03 23:33:39 - [MESSAGE][INFO] - Tax Type: Alcohol Tax

2024-02-03 23:33:39 - [TEST_STEP][PASSED] - openBrowser(""): Browser is opened with url: ''

2024-02-03 23:33:39 - [MESSAGE][WARNING] - A browser is already opened. Closing browser and opening a new one

2024-02-03 23:33:41 - [MESSAGE][INFO] - Starting 'Chrome' driver

2024-02-03 23:33:41 - [MESSAGE][INFO] - User set preference: ['acceptInsecureCerts', 'true']

2024-02-03 23:33:41 - [MESSAGE][INFO] - Action delay is set to 0 milliseconds

2024-02-03 23:33:42 - [MESSAGE][PASSED] - Browser is opened with url: ''

2024-02-03 23:33:42 - [TEST_STEP][PASSED] - maximizeWindow(): Current window maximized

2024-02-03 23:33:43 - [MESSAGE][PASSED] - Current window maximized

2024-02-03 23:33:43 - [TEST_STEP][PASSED] - navigateToUrl(RADurl): Navigate to 'https://qa2.velocitypayment.com/client/rad/index.html' successfully

2024-02-03 23:33:43 - [MESSAGE][PASSED] - Navigate to 'https://qa2.velocitypayment.com/client/rad/index.html' successfully

2024-02-03 23:33:43 - [TEST_STEP][PASSED] - selectOptionByLabel(findTestObject(orPath_Landing + "/dd_TaxType"), "Existing Liability w/Notice Number", false): All options with label 'Existing Liability w/Notice Number' are selected in object 'Object Repository/RAD_Pages/Landing_Page/dd_TaxType' 

2024-02-03 23:33:45 - [MESSAGE][PASSED] - All options with label 'Existing Liability w/Notice Number' are selected in object 'Object Repository/RAD_Pages/Landing_Page/dd_TaxType' 

2024-02-03 23:33:45 - [TEST_STEP][PASSED] - selectOptionByLabel(findTestObject(orPath_TaxTypeFilingYear + "/select_TaxType_ExistingLiability"), TaxType, false): All options with label 'Alcohol Tax' are selected in object 'Object Repository/RAD_Pages/TaxTypeFilingYear_Page/select_TaxType_ExistingLiability' 

2024-02-03 23:33:46 - [MESSAGE][PASSED] - All options with label 'Alcohol Tax' are selected in object 'Object Repository/RAD_Pages/TaxTypeFilingYear_Page/select_TaxType_ExistingLiability' 

2024-02-03 23:33:46 - [TEST_STEP][PASSED] - setText(findTestObject(orPath_TaxPayer + "/input_businessName"), " "): Text ' ' is set on object 'Object Repository/RAD_Pages/Taxpayer_Page/input_businessName'

2024-02-03 23:33:47 - [MESSAGE][PASSED] - Text ' ' is set on object 'Object Repository/RAD_Pages/Taxpayer_Page/input_businessName'

2024-02-03 23:33:47 - [TEST_STEP][PASSED] - setText(findTestObject(orPath_TaxPayer + "/input_BusinessRepfirstName"), " "): Text ' ' is set on object 'Object Repository/RAD_Pages/Taxpayer_Page/input_BusinessRepfirstName'

2024-02-03 23:33:48 - [MESSAGE][PASSED] - Text ' ' is set on object 'Object Repository/RAD_Pages/Taxpayer_Page/input_BusinessRepfirstName'

2024-02-03 23:33:48 - [TEST_STEP][PASSED] - setText(findTestObject(orPath_TaxPayer + "/input_BusinessReplastName"), " "): Text ' ' is set on object 'Object Repository/RAD_Pages/Taxpayer_Page/input_BusinessReplastName'

2024-02-03 23:33:48 - [MESSAGE][PASSED] - Text ' ' is set on object 'Object Repository/RAD_Pages/Taxpayer_Page/input_BusinessReplastName'

2024-02-03 23:33:48 - [TEST_STEP][PASSED] - setText(findTestObject(orPath_AddressContact + "/input_streetAddress1"), " "): Text ' ' is set on object 'Object Repository/RAD_Pages/AddressAndContactInfo_Page/input_streetAddress1'

2024-02-03 23:33:49 - [MESSAGE][PASSED] - Text ' ' is set on object 'Object Repository/RAD_Pages/AddressAndContactInfo_Page/input_streetAddress1'

2024-02-03 23:33:49 - [TEST_STEP][PASSED] - setText(findTestObject(orPath_AddressContact + "/input_city"), " "): Text ' ' is set on object 'Object Repository/RAD_Pages/AddressAndContactInfo_Page/input_city'

2024-02-03 23:33:50 - [MESSAGE][PASSED] - Text ' ' is set on object 'Object Repository/RAD_Pages/AddressAndContactInfo_Page/input_city'

2024-02-03 23:33:50 - [TEST_STEP][PASSED] - setText(findTestObject(orPath_AddressContact + "/input_zipCode"), " "): Text ' ' is set on object 'Object Repository/RAD_Pages/AddressAndContactInfo_Page/input_zipCode'

2024-02-03 23:33:51 - [MESSAGE][PASSED] - Text ' ' is set on object 'Object Repository/RAD_Pages/AddressAndContactInfo_Page/input_zipCode'

2024-02-03 23:33:51 - [TEST_STEP][PASSED] - setText(findTestObject(orPath_AddressContact + "/input_phoneNumber"), " "): Text ' ' is set on object 'Object Repository/RAD_Pages/AddressAndContactInfo_Page/input_phoneNumber'

2024-02-03 23:33:51 - [MESSAGE][PASSED] - Text ' ' is set on object 'Object Repository/RAD_Pages/AddressAndContactInfo_Page/input_phoneNumber'

2024-02-03 23:33:51 - [TEST_STEP][PASSED] - setText(findTestObject(orPath_AddressContact + "/input_eMailAddress"), " "): Text ' ' is set on object 'Object Repository/RAD_Pages/AddressAndContactInfo_Page/input_eMailAddress'

2024-02-03 23:33:52 - [MESSAGE][PASSED] - Text ' ' is set on object 'Object Repository/RAD_Pages/AddressAndContactInfo_Page/input_eMailAddress'

2024-02-03 23:33:52 - [TEST_STEP][PASSED] - setText(findTestObject(orPath_AddressContact + "/input_reEnterEMailAddress"), " "): Text ' ' is set on object 'Object Repository/RAD_Pages/AddressAndContactInfo_Page/input_reEnterEMailAddress'

2024-02-03 23:33:53 - [MESSAGE][PASSED] - Text ' ' is set on object 'Object Repository/RAD_Pages/AddressAndContactInfo_Page/input_reEnterEMailAddress'

2024-02-03 23:33:53 - [TEST_STEP][PASSED] - if (TaxType.equalsIgnoreCase("Estate Tax")): null

2024-02-03 23:33:53 - [TEST_STEP][PASSED] - setText(findTestObject(orPath_Amount + "/input__paymentAmount"), ""): Text '' is set on object 'Object Repository/RAD_Pages/PaymentAmount_Page/input__paymentAmount'

2024-02-03 23:33:54 - [MESSAGE][PASSED] - Text '' is set on object 'Object Repository/RAD_Pages/PaymentAmount_Page/input__paymentAmount'

2024-02-03 23:33:54 - [TEST_STEP][PASSED] - resText = "Fail": null

2024-02-03 23:33:54 - [TEST_STEP][PASSED] - pages.WriteExcel.demoKey(resText, datText, resColumn, datCloumn, fileLoc, nameSheet, row): pages.WriteExcel.demoKey is PASSED

2024-02-03 23:33:54 - [MESSAGE][PASSED] - pages.WriteExcel.demoKey is PASSED

2024-02-03 23:33:54 - [TEST_STEP][PASSED] - verifyTextPresent("Enter business name", true, CONTINUE_ON_FAILURE): Text 'Enter business name' is present on page  using regular expression

2024-02-03 23:33:54 - [MESSAGE][PASSED] - Text 'Enter business name' is present on page  using regular expression

2024-02-03 23:33:54 - [TEST_STEP][PASSED] - verifyTextPresent("Enter business rep first name", true, CONTINUE_ON_FAILURE): Text 'Enter business rep first name' is present on page  using regular expression

2024-02-03 23:33:55 - [MESSAGE][PASSED] - Text 'Enter business rep first name' is present on page  using regular expression

2024-02-03 23:33:55 - [TEST_STEP][PASSED] - verifyTextPresent("Enter business rep last name", true, CONTINUE_ON_FAILURE): Text 'Enter business rep last name' is present on page  using regular expression

2024-02-03 23:33:55 - [MESSAGE][PASSED] - Text 'Enter business rep last name' is present on page  using regular expression

2024-02-03 23:33:55 - [TEST_STEP][PASSED] - verifyTextPresent("Enter address", true, CONTINUE_ON_FAILURE): Text 'Enter address' is present on page  using regular expression

2024-02-03 23:33:56 - [MESSAGE][PASSED] - Text 'Enter address' is present on page  using regular expression

2024-02-03 23:33:56 - [TEST_STEP][PASSED] - verifyTextPresent("Enter city", true, CONTINUE_ON_FAILURE): Text 'Enter city' is present on page  using regular expression

2024-02-03 23:33:56 - [MESSAGE][PASSED] - Text 'Enter city' is present on page  using regular expression

2024-02-03 23:33:56 - [TEST_STEP][PASSED] - verifyTextPresent("Enter ZIP code", true, CONTINUE_ON_FAILURE): Text 'Enter ZIP code' is present on page  using regular expression

2024-02-03 23:33:57 - [MESSAGE][PASSED] - Text 'Enter ZIP code' is present on page  using regular expression

2024-02-03 23:33:57 - [TEST_STEP][PASSED] - verifyTextPresent("Enter a valid phone number", true, CONTINUE_ON_FAILURE): Text 'Enter a valid phone number' is present on page  using regular expression

2024-02-03 23:33:57 - [MESSAGE][PASSED] - Text 'Enter a valid phone number' is present on page  using regular expression

2024-02-03 23:33:57 - [TEST_STEP][PASSED] - verifyTextPresent("Enter Email", true, CONTINUE_ON_FAILURE): Text 'Enter Email' is present on page  using regular expression

2024-02-03 23:33:57 - [MESSAGE][PASSED] - Text 'Enter Email' is present on page  using regular expression

2024-02-03 23:33:57 - [TEST_STEP][PASSED] - if (TaxType.equalsIgnoreCase("Estate Tax")): null

2024-02-03 23:33:57 - [TEST_STEP][PASSED] - resText = "Pass": null

2024-02-03 23:33:57 - [TEST_STEP][PASSED] - pages.WriteExcel.demoKey(resText, datText, resColumn, datCloumn, fileLoc, nameSheet, row): pages.WriteExcel.demoKey is PASSED

2024-02-03 23:33:57 - [MESSAGE][PASSED] - pages.WriteExcel.demoKey is PASSED

2024-02-03 23:33:57 - [TEST_STEP][PASSED] - ExecuteTC = findTestData(dataFile).getValue("Execute", row): null

2024-02-03 23:33:57 - [TEST_STEP][PASSED] - TaxType = findTestData(dataFile).getValue("TaxType", row): null

2024-02-03 23:33:58 - [TEST_STEP][PASSED] - PaymentType = findTestData(dataFile).getValue("PaymentType", row): null

2024-02-03 23:33:58 - [TEST_STEP][PASSED] - feinSsn = findTestData(dataFile).getValue("FEINSSN", row): null

2024-02-03 23:33:58 - [TEST_STEP][PASSED] - if (ExecuteTC.equalsIgnoreCase("Y")): pages.WriteExcel.demoKey is PASSED

2024-02-03 23:33:58 - [TEST_STEP][PASSED] - out.println("Begin Record Number: " + row): null

2024-02-03 23:33:58 - [TEST_STEP][PASSED] - today = new java.util.Date(): null

2024-02-03 23:33:58 - [TEST_STEP][PASSED] - println(today): null

2024-02-03 23:33:58 - [TEST_STEP][PASSED] - datText = today: null

2024-02-03 23:33:58 - [TEST_STEP][PASSED] - logInfo("Payment Type: Existing Liability w/Notice Number"): Payment Type: Existing Liability w/Notice Number

2024-02-03 23:33:58 - [MESSAGE][INFO] - Payment Type: Existing Liability w/Notice Number

2024-02-03 23:33:58 - [TEST_STEP][PASSED] - logInfo("Tax Type: " + TaxType): Tax Type: PTE Tax Electing Non-S Corp

2024-02-03 23:33:58 - [MESSAGE][INFO] - Tax Type: PTE Tax Electing Non-S Corp

2024-02-03 23:33:58 - [TEST_STEP][PASSED] - openBrowser(""): Browser is opened with url: ''

2024-02-03 23:33:58 - [MESSAGE][WARNING] - A browser is already opened. Closing browser and opening a new one

2024-02-03 23:33:59 - [MESSAGE][INFO] - Starting 'Chrome' driver

2024-02-03 23:33:59 - [MESSAGE][INFO] - User set preference: ['acceptInsecureCerts', 'true']

2024-02-03 23:33:59 - [MESSAGE][INFO] - Action delay is set to 0 milliseconds

2024-02-03 23:34:01 - [MESSAGE][PASSED] - Browser is opened with url: ''

2024-02-03 23:34:01 - [TEST_STEP][PASSED] - maximizeWindow(): Current window maximized

2024-02-03 23:34:01 - [MESSAGE][PASSED] - Current window maximized

2024-02-03 23:34:01 - [TEST_STEP][PASSED] - navigateToUrl(RADurl): Navigate to 'https://qa2.velocitypayment.com/client/rad/index.html' successfully

2024-02-03 23:34:03 - [MESSAGE][PASSED] - Navigate to 'https://qa2.velocitypayment.com/client/rad/index.html' successfully

2024-02-03 23:34:03 - [TEST_STEP][PASSED] - selectOptionByLabel(findTestObject(orPath_Landing + "/dd_TaxType"), "Existing Liability w/Notice Number", false): All options with label 'Existing Liability w/Notice Number' are selected in object 'Object Repository/RAD_Pages/Landing_Page/dd_TaxType' 

2024-02-03 23:34:04 - [MESSAGE][PASSED] - All options with label 'Existing Liability w/Notice Number' are selected in object 'Object Repository/RAD_Pages/Landing_Page/dd_TaxType' 

2024-02-03 23:34:04 - [TEST_STEP][PASSED] - selectOptionByLabel(findTestObject(orPath_TaxTypeFilingYear + "/select_TaxType_ExistingLiability"), TaxType, false): All options with label 'PTE Tax Electing Non-S Corp' are selected in object 'Object Repository/RAD_Pages/TaxTypeFilingYear_Page/select_TaxType_ExistingLiability' 

2024-02-03 23:34:04 - [MESSAGE][PASSED] - All options with label 'PTE Tax Electing Non-S Corp' are selected in object 'Object Repository/RAD_Pages/TaxTypeFilingYear_Page/select_TaxType_ExistingLiability' 

2024-02-03 23:34:04 - [TEST_STEP][PASSED] - setText(findTestObject(orPath_TaxPayer + "/input_businessName"), " "): Text ' ' is set on object 'Object Repository/RAD_Pages/Taxpayer_Page/input_businessName'

2024-02-03 23:34:05 - [MESSAGE][PASSED] - Text ' ' is set on object 'Object Repository/RAD_Pages/Taxpayer_Page/input_businessName'

2024-02-03 23:34:05 - [TEST_STEP][PASSED] - setText(findTestObject(orPath_TaxPayer + "/input_BusinessRepfirstName"), " "): Text ' ' is set on object 'Object Repository/RAD_Pages/Taxpayer_Page/input_BusinessRepfirstName'

2024-02-03 23:34:06 - [MESSAGE][PASSED] - Text ' ' is set on object 'Object Repository/RAD_Pages/Taxpayer_Page/input_BusinessRepfirstName'

2024-02-03 23:34:06 - [TEST_STEP][PASSED] - setText(findTestObject(orPath_TaxPayer + "/input_BusinessReplastName"), " "): Text ' ' is set on object 'Object Repository/RAD_Pages/Taxpayer_Page/input_BusinessReplastName'

2024-02-03 23:34:07 - [MESSAGE][PASSED] - Text ' ' is set on object 'Object Repository/RAD_Pages/Taxpayer_Page/input_BusinessReplastName'

2024-02-03 23:34:07 - [TEST_STEP][PASSED] - setText(findTestObject(orPath_AddressContact + "/input_streetAddress1"), " "): Text ' ' is set on object 'Object Repository/RAD_Pages/AddressAndContactInfo_Page/input_streetAddress1'

2024-02-03 23:34:07 - [MESSAGE][PASSED] - Text ' ' is set on object 'Object Repository/RAD_Pages/AddressAndContactInfo_Page/input_streetAddress1'

2024-02-03 23:34:07 - [TEST_STEP][PASSED] - setText(findTestObject(orPath_AddressContact + "/input_city"), " "): Text ' ' is set on object 'Object Repository/RAD_Pages/AddressAndContactInfo_Page/input_city'

2024-02-03 23:34:08 - [MESSAGE][PASSED] - Text ' ' is set on object 'Object Repository/RAD_Pages/AddressAndContactInfo_Page/input_city'

2024-02-03 23:34:08 - [TEST_STEP][PASSED] - setText(findTestObject(orPath_AddressContact + "/input_zipCode"), " "): Text ' ' is set on object 'Object Repository/RAD_Pages/AddressAndContactInfo_Page/input_zipCode'

2024-02-03 23:34:09 - [MESSAGE][PASSED] - Text ' ' is set on object 'Object Repository/RAD_Pages/AddressAndContactInfo_Page/input_zipCode'

2024-02-03 23:34:09 - [TEST_STEP][PASSED] - setText(findTestObject(orPath_AddressContact + "/input_phoneNumber"), " "): Text ' ' is set on object 'Object Repository/RAD_Pages/AddressAndContactInfo_Page/input_phoneNumber'

2024-02-03 23:34:09 - [MESSAGE][PASSED] - Text ' ' is set on object 'Object Repository/RAD_Pages/AddressAndContactInfo_Page/input_phoneNumber'

2024-02-03 23:34:09 - [TEST_STEP][PASSED] - setText(findTestObject(orPath_AddressContact + "/input_eMailAddress"), " "): Text ' ' is set on object 'Object Repository/RAD_Pages/AddressAndContactInfo_Page/input_eMailAddress'

2024-02-03 23:34:10 - [MESSAGE][PASSED] - Text ' ' is set on object 'Object Repository/RAD_Pages/AddressAndContactInfo_Page/input_eMailAddress'

2024-02-03 23:34:10 - [TEST_STEP][PASSED] - setText(findTestObject(orPath_AddressContact + "/input_reEnterEMailAddress"), " "): Text ' ' is set on object 'Object Repository/RAD_Pages/AddressAndContactInfo_Page/input_reEnterEMailAddress'

2024-02-03 23:34:11 - [MESSAGE][PASSED] - Text ' ' is set on object 'Object Repository/RAD_Pages/AddressAndContactInfo_Page/input_reEnterEMailAddress'

2024-02-03 23:34:11 - [TEST_STEP][PASSED] - if (TaxType.equalsIgnoreCase("Estate Tax")): null

2024-02-03 23:34:11 - [TEST_STEP][PASSED] - setText(findTestObject(orPath_Amount + "/input__paymentAmount"), ""): Text '' is set on object 'Object Repository/RAD_Pages/PaymentAmount_Page/input__paymentAmount'

2024-02-03 23:34:12 - [MESSAGE][PASSED] - Text '' is set on object 'Object Repository/RAD_Pages/PaymentAmount_Page/input__paymentAmount'

2024-02-03 23:34:12 - [TEST_STEP][PASSED] - resText = "Fail": null

2024-02-03 23:34:12 - [TEST_STEP][PASSED] - pages.WriteExcel.demoKey(resText, datText, resColumn, datCloumn, fileLoc, nameSheet, row): pages.WriteExcel.demoKey is PASSED

2024-02-03 23:34:12 - [MESSAGE][PASSED] - pages.WriteExcel.demoKey is PASSED

2024-02-03 23:34:12 - [TEST_STEP][PASSED] - verifyTextPresent("Enter business name", true, CONTINUE_ON_FAILURE): Text 'Enter business name' is present on page  using regular expression

2024-02-03 23:34:13 - [MESSAGE][PASSED] - Text 'Enter business name' is present on page  using regular expression

2024-02-03 23:34:13 - [TEST_STEP][PASSED] - verifyTextPresent("Enter business rep first name", true, CONTINUE_ON_FAILURE): Text 'Enter business rep first name' is present on page  using regular expression

2024-02-03 23:34:14 - [MESSAGE][PASSED] - Text 'Enter business rep first name' is present on page  using regular expression

2024-02-03 23:34:14 - [TEST_STEP][PASSED] - verifyTextPresent("Enter business rep last name", true, CONTINUE_ON_FAILURE): Text 'Enter business rep last name' is present on page  using regular expression

2024-02-03 23:34:14 - [MESSAGE][PASSED] - Text 'Enter business rep last name' is present on page  using regular expression

2024-02-03 23:34:14 - [TEST_STEP][PASSED] - verifyTextPresent("Enter address", true, CONTINUE_ON_FAILURE): Text 'Enter address' is present on page  using regular expression

2024-02-03 23:34:14 - [MESSAGE][PASSED] - Text 'Enter address' is present on page  using regular expression

2024-02-03 23:34:14 - [TEST_STEP][PASSED] - verifyTextPresent("Enter city", true, CONTINUE_ON_FAILURE): Text 'Enter city' is present on page  using regular expression

2024-02-03 23:34:15 - [MESSAGE][PASSED] - Text 'Enter city' is present on page  using regular expression

2024-02-03 23:34:15 - [TEST_STEP][PASSED] - verifyTextPresent("Enter ZIP code", true, CONTINUE_ON_FAILURE): Text 'Enter ZIP code' is present on page  using regular expression

2024-02-03 23:34:15 - [MESSAGE][PASSED] - Text 'Enter ZIP code' is present on page  using regular expression

2024-02-03 23:34:15 - [TEST_STEP][PASSED] - verifyTextPresent("Enter a valid phone number", true, CONTINUE_ON_FAILURE): Text 'Enter a valid phone number' is present on page  using regular expression

2024-02-03 23:34:16 - [MESSAGE][PASSED] - Text 'Enter a valid phone number' is present on page  using regular expression

2024-02-03 23:34:16 - [TEST_STEP][PASSED] - verifyTextPresent("Enter Email", true, CONTINUE_ON_FAILURE): Text 'Enter Email' is present on page  using regular expression

2024-02-03 23:34:16 - [MESSAGE][PASSED] - Text 'Enter Email' is present on page  using regular expression

2024-02-03 23:34:16 - [TEST_STEP][PASSED] - if (TaxType.equalsIgnoreCase("Estate Tax")): null

2024-02-03 23:34:16 - [TEST_STEP][PASSED] - resText = "Pass": null

2024-02-03 23:34:16 - [TEST_STEP][PASSED] - pages.WriteExcel.demoKey(resText, datText, resColumn, datCloumn, fileLoc, nameSheet, row): pages.WriteExcel.demoKey is PASSED

2024-02-03 23:34:16 - [MESSAGE][PASSED] - pages.WriteExcel.demoKey is PASSED

2024-02-03 23:34:16 - [TEST_STEP][PASSED] - ExecuteTC = findTestData(dataFile).getValue("Execute", row): null

2024-02-03 23:34:16 - [TEST_STEP][PASSED] - TaxType = findTestData(dataFile).getValue("TaxType", row): null

2024-02-03 23:34:16 - [TEST_STEP][PASSED] - PaymentType = findTestData(dataFile).getValue("PaymentType", row): null

2024-02-03 23:34:16 - [TEST_STEP][PASSED] - feinSsn = findTestData(dataFile).getValue("FEINSSN", row): null

2024-02-03 23:34:16 - [TEST_STEP][PASSED] - if (ExecuteTC.equalsIgnoreCase("Y")): pages.WriteExcel.demoKey is PASSED

2024-02-03 23:34:16 - [TEST_STEP][PASSED] - out.println("Begin Record Number: " + row): null

2024-02-03 23:34:16 - [TEST_STEP][PASSED] - today = new java.util.Date(): null

2024-02-03 23:34:16 - [TEST_STEP][PASSED] - println(today): null

2024-02-03 23:34:16 - [TEST_STEP][PASSED] - datText = today: null

2024-02-03 23:34:16 - [TEST_STEP][PASSED] - logInfo("Payment Type: Existing Liability w/Notice Number"): Payment Type: Existing Liability w/Notice Number

2024-02-03 23:34:16 - [MESSAGE][INFO] - Payment Type: Existing Liability w/Notice Number

2024-02-03 23:34:16 - [TEST_STEP][PASSED] - logInfo("Tax Type: " + TaxType): Tax Type: PTE Tax Electing S Corp

2024-02-03 23:34:16 - [MESSAGE][INFO] - Tax Type: PTE Tax Electing S Corp

2024-02-03 23:34:16 - [TEST_STEP][PASSED] - openBrowser(""): Browser is opened with url: ''

2024-02-03 23:34:16 - [MESSAGE][WARNING] - A browser is already opened. Closing browser and opening a new one

2024-02-03 23:34:24 - [MESSAGE][INFO] - Starting 'Chrome' driver

2024-02-03 23:34:24 - [MESSAGE][INFO] - User set preference: ['acceptInsecureCerts', 'true']

2024-02-03 23:34:24 - [MESSAGE][INFO] - Action delay is set to 0 milliseconds

2024-02-03 23:34:26 - [MESSAGE][PASSED] - Browser is opened with url: ''

2024-02-03 23:34:26 - [TEST_STEP][PASSED] - maximizeWindow(): Current window maximized

2024-02-03 23:34:26 - [MESSAGE][PASSED] - Current window maximized

2024-02-03 23:34:26 - [TEST_STEP][PASSED] - navigateToUrl(RADurl): Navigate to 'https://qa2.velocitypayment.com/client/rad/index.html' successfully

2024-02-03 23:34:28 - [MESSAGE][PASSED] - Navigate to 'https://qa2.velocitypayment.com/client/rad/index.html' successfully

2024-02-03 23:34:28 - [TEST_STEP][PASSED] - selectOptionByLabel(findTestObject(orPath_Landing + "/dd_TaxType"), "Existing Liability w/Notice Number", false): All options with label 'Existing Liability w/Notice Number' are selected in object 'Object Repository/RAD_Pages/Landing_Page/dd_TaxType' 

2024-02-03 23:34:28 - [MESSAGE][PASSED] - All options with label 'Existing Liability w/Notice Number' are selected in object 'Object Repository/RAD_Pages/Landing_Page/dd_TaxType' 

2024-02-03 23:34:28 - [TEST_STEP][PASSED] - selectOptionByLabel(findTestObject(orPath_TaxTypeFilingYear + "/select_TaxType_ExistingLiability"), TaxType, false): All options with label 'PTE Tax Electing S Corp' are selected in object 'Object Repository/RAD_Pages/TaxTypeFilingYear_Page/select_TaxType_ExistingLiability' 

2024-02-03 23:34:29 - [MESSAGE][PASSED] - All options with label 'PTE Tax Electing S Corp' are selected in object 'Object Repository/RAD_Pages/TaxTypeFilingYear_Page/select_TaxType_ExistingLiability' 

2024-02-03 23:34:29 - [TEST_STEP][PASSED] - setText(findTestObject(orPath_TaxPayer + "/input_businessName"), " "): Text ' ' is set on object 'Object Repository/RAD_Pages/Taxpayer_Page/input_businessName'

2024-02-03 23:34:30 - [MESSAGE][PASSED] - Text ' ' is set on object 'Object Repository/RAD_Pages/Taxpayer_Page/input_businessName'

2024-02-03 23:34:30 - [TEST_STEP][PASSED] - setText(findTestObject(orPath_TaxPayer + "/input_BusinessRepfirstName"), " "): Text ' ' is set on object 'Object Repository/RAD_Pages/Taxpayer_Page/input_BusinessRepfirstName'

2024-02-03 23:34:31 - [MESSAGE][PASSED] - Text ' ' is set on object 'Object Repository/RAD_Pages/Taxpayer_Page/input_BusinessRepfirstName'

2024-02-03 23:34:31 - [TEST_STEP][PASSED] - setText(findTestObject(orPath_TaxPayer + "/input_BusinessReplastName"), " "): Text ' ' is set on object 'Object Repository/RAD_Pages/Taxpayer_Page/input_BusinessReplastName'

2024-02-03 23:34:31 - [MESSAGE][PASSED] - Text ' ' is set on object 'Object Repository/RAD_Pages/Taxpayer_Page/input_BusinessReplastName'

2024-02-03 23:34:31 - [TEST_STEP][PASSED] - setText(findTestObject(orPath_AddressContact + "/input_streetAddress1"), " "): Text ' ' is set on object 'Object Repository/RAD_Pages/AddressAndContactInfo_Page/input_streetAddress1'

2024-02-03 23:34:32 - [MESSAGE][PASSED] - Text ' ' is set on object 'Object Repository/RAD_Pages/AddressAndContactInfo_Page/input_streetAddress1'

2024-02-03 23:34:32 - [TEST_STEP][PASSED] - setText(findTestObject(orPath_AddressContact + "/input_city"), " "): Text ' ' is set on object 'Object Repository/RAD_Pages/AddressAndContactInfo_Page/input_city'

2024-02-03 23:34:33 - [MESSAGE][PASSED] - Text ' ' is set on object 'Object Repository/RAD_Pages/AddressAndContactInfo_Page/input_city'

2024-02-03 23:34:33 - [TEST_STEP][PASSED] - setText(findTestObject(orPath_AddressContact + "/input_zipCode"), " "): Text ' ' is set on object 'Object Repository/RAD_Pages/AddressAndContactInfo_Page/input_zipCode'

2024-02-03 23:34:34 - [MESSAGE][PASSED] - Text ' ' is set on object 'Object Repository/RAD_Pages/AddressAndContactInfo_Page/input_zipCode'

2024-02-03 23:34:34 - [TEST_STEP][PASSED] - setText(findTestObject(orPath_AddressContact + "/input_phoneNumber"), " "): Text ' ' is set on object 'Object Repository/RAD_Pages/AddressAndContactInfo_Page/input_phoneNumber'

2024-02-03 23:34:34 - [MESSAGE][PASSED] - Text ' ' is set on object 'Object Repository/RAD_Pages/AddressAndContactInfo_Page/input_phoneNumber'

2024-02-03 23:34:34 - [TEST_STEP][PASSED] - setText(findTestObject(orPath_AddressContact + "/input_eMailAddress"), " "): Text ' ' is set on object 'Object Repository/RAD_Pages/AddressAndContactInfo_Page/input_eMailAddress'

2024-02-03 23:34:35 - [MESSAGE][PASSED] - Text ' ' is set on object 'Object Repository/RAD_Pages/AddressAndContactInfo_Page/input_eMailAddress'

2024-02-03 23:34:35 - [TEST_STEP][PASSED] - setText(findTestObject(orPath_AddressContact + "/input_reEnterEMailAddress"), " "): Text ' ' is set on object 'Object Repository/RAD_Pages/AddressAndContactInfo_Page/input_reEnterEMailAddress'

2024-02-03 23:34:36 - [MESSAGE][PASSED] - Text ' ' is set on object 'Object Repository/RAD_Pages/AddressAndContactInfo_Page/input_reEnterEMailAddress'

2024-02-03 23:34:36 - [TEST_STEP][PASSED] - if (TaxType.equalsIgnoreCase("Estate Tax")): null

2024-02-03 23:34:36 - [TEST_STEP][PASSED] - setText(findTestObject(orPath_Amount + "/input__paymentAmount"), ""): Text '' is set on object 'Object Repository/RAD_Pages/PaymentAmount_Page/input__paymentAmount'

2024-02-03 23:34:37 - [MESSAGE][PASSED] - Text '' is set on object 'Object Repository/RAD_Pages/PaymentAmount_Page/input__paymentAmount'

2024-02-03 23:34:37 - [TEST_STEP][PASSED] - resText = "Fail": null

2024-02-03 23:34:37 - [TEST_STEP][PASSED] - pages.WriteExcel.demoKey(resText, datText, resColumn, datCloumn, fileLoc, nameSheet, row): pages.WriteExcel.demoKey is PASSED

2024-02-03 23:34:37 - [MESSAGE][PASSED] - pages.WriteExcel.demoKey is PASSED

2024-02-03 23:34:37 - [TEST_STEP][PASSED] - verifyTextPresent("Enter business name", true, CONTINUE_ON_FAILURE): Text 'Enter business name' is present on page  using regular expression

2024-02-03 23:34:37 - [MESSAGE][PASSED] - Text 'Enter business name' is present on page  using regular expression

2024-02-03 23:34:37 - [TEST_STEP][PASSED] - verifyTextPresent("Enter business rep first name", true, CONTINUE_ON_FAILURE): Text 'Enter business rep first name' is present on page  using regular expression

2024-02-03 23:34:38 - [MESSAGE][PASSED] - Text 'Enter business rep first name' is present on page  using regular expression

2024-02-03 23:34:38 - [TEST_STEP][PASSED] - verifyTextPresent("Enter business rep last name", true, CONTINUE_ON_FAILURE): Text 'Enter business rep last name' is present on page  using regular expression

2024-02-03 23:34:38 - [MESSAGE][PASSED] - Text 'Enter business rep last name' is present on page  using regular expression

2024-02-03 23:34:38 - [TEST_STEP][PASSED] - verifyTextPresent("Enter address", true, CONTINUE_ON_FAILURE): Text 'Enter address' is present on page  using regular expression

2024-02-03 23:34:39 - [MESSAGE][PASSED] - Text 'Enter address' is present on page  using regular expression

2024-02-03 23:34:39 - [TEST_STEP][PASSED] - verifyTextPresent("Enter city", true, CONTINUE_ON_FAILURE): Text 'Enter city' is present on page  using regular expression

2024-02-03 23:34:39 - [MESSAGE][PASSED] - Text 'Enter city' is present on page  using regular expression

2024-02-03 23:34:39 - [TEST_STEP][PASSED] - verifyTextPresent("Enter ZIP code", true, CONTINUE_ON_FAILURE): Text 'Enter ZIP code' is present on page  using regular expression

2024-02-03 23:34:39 - [MESSAGE][PASSED] - Text 'Enter ZIP code' is present on page  using regular expression

2024-02-03 23:34:39 - [TEST_STEP][PASSED] - verifyTextPresent("Enter a valid phone number", true, CONTINUE_ON_FAILURE): Text 'Enter a valid phone number' is present on page  using regular expression

2024-02-03 23:34:40 - [MESSAGE][PASSED] - Text 'Enter a valid phone number' is present on page  using regular expression

2024-02-03 23:34:40 - [TEST_STEP][PASSED] - verifyTextPresent("Enter Email", true, CONTINUE_ON_FAILURE): Text 'Enter Email' is present on page  using regular expression

2024-02-03 23:34:40 - [MESSAGE][PASSED] - Text 'Enter Email' is present on page  using regular expression

2024-02-03 23:34:40 - [TEST_STEP][PASSED] - if (TaxType.equalsIgnoreCase("Estate Tax")): null

2024-02-03 23:34:40 - [TEST_STEP][PASSED] - resText = "Pass": null

2024-02-03 23:34:40 - [TEST_STEP][PASSED] - pages.WriteExcel.demoKey(resText, datText, resColumn, datCloumn, fileLoc, nameSheet, row): pages.WriteExcel.demoKey is PASSED

2024-02-03 23:34:40 - [MESSAGE][PASSED] - pages.WriteExcel.demoKey is PASSED

2024-02-03 23:34:40 - [TEST_STEP][PASSED] - ExecuteTC = findTestData(dataFile).getValue("Execute", row): null

2024-02-03 23:34:40 - [TEST_STEP][PASSED] - TaxType = findTestData(dataFile).getValue("TaxType", row): null

2024-02-03 23:34:40 - [TEST_STEP][PASSED] - PaymentType = findTestData(dataFile).getValue("PaymentType", row): null

2024-02-03 23:34:40 - [TEST_STEP][PASSED] - feinSsn = findTestData(dataFile).getValue("FEINSSN", row): null

2024-02-03 23:34:40 - [TEST_STEP][PASSED] - if (ExecuteTC.equalsIgnoreCase("Y")): pages.WriteExcel.demoKey is PASSED

2024-02-03 23:34:40 - [TEST_STEP][PASSED] - out.println("Begin Record Number: " + row): null

2024-02-03 23:34:40 - [TEST_STEP][PASSED] - today = new java.util.Date(): null

2024-02-03 23:34:40 - [TEST_STEP][PASSED] - println(today): null

2024-02-03 23:34:40 - [TEST_STEP][PASSED] - datText = today: null

2024-02-03 23:34:40 - [TEST_STEP][PASSED] - logInfo("Payment Type: Existing Liability w/Notice Number"): Payment Type: Existing Liability w/Notice Number

2024-02-03 23:34:40 - [MESSAGE][INFO] - Payment Type: Existing Liability w/Notice Number

2024-02-03 23:34:40 - [TEST_STEP][PASSED] - logInfo("Tax Type: " + TaxType): Tax Type: Admissions and Amusement Tax

2024-02-03 23:34:40 - [MESSAGE][INFO] - Tax Type: Admissions and Amusement Tax

2024-02-03 23:34:40 - [TEST_STEP][PASSED] - openBrowser(""): Browser is opened with url: ''

2024-02-03 23:34:40 - [MESSAGE][WARNING] - A browser is already opened. Closing browser and opening a new one

2024-02-03 23:34:42 - [MESSAGE][INFO] - Starting 'Chrome' driver

2024-02-03 23:34:42 - [MESSAGE][INFO] - User set preference: ['acceptInsecureCerts', 'true']

2024-02-03 23:34:42 - [MESSAGE][INFO] - Action delay is set to 0 milliseconds

2024-02-03 23:34:43 - [MESSAGE][PASSED] - Browser is opened with url: ''

2024-02-03 23:34:43 - [TEST_STEP][PASSED] - maximizeWindow(): Current window maximized

2024-02-03 23:34:44 - [MESSAGE][PASSED] - Current window maximized

2024-02-03 23:34:44 - [TEST_STEP][PASSED] - navigateToUrl(RADurl): Navigate to 'https://qa2.velocitypayment.com/client/rad/index.html' successfully

2024-02-03 23:34:44 - [MESSAGE][PASSED] - Navigate to 'https://qa2.velocitypayment.com/client/rad/index.html' successfully

2024-02-03 23:34:44 - [TEST_STEP][PASSED] - selectOptionByLabel(findTestObject(orPath_Landing + "/dd_TaxType"), "Existing Liability w/Notice Number", false): All options with label 'Existing Liability w/Notice Number' are selected in object 'Object Repository/RAD_Pages/Landing_Page/dd_TaxType' 

2024-02-03 23:34:47 - [MESSAGE][PASSED] - All options with label 'Existing Liability w/Notice Number' are selected in object 'Object Repository/RAD_Pages/Landing_Page/dd_TaxType' 

2024-02-03 23:34:47 - [TEST_STEP][PASSED] - selectOptionByLabel(findTestObject(orPath_TaxTypeFilingYear + "/select_TaxType_ExistingLiability"), TaxType, false): All options with label 'Admissions and Amusement Tax' are selected in object 'Object Repository/RAD_Pages/TaxTypeFilingYear_Page/select_TaxType_ExistingLiability' 

2024-02-03 23:34:47 - [MESSAGE][PASSED] - All options with label 'Admissions and Amusement Tax' are selected in object 'Object Repository/RAD_Pages/TaxTypeFilingYear_Page/select_TaxType_ExistingLiability' 

2024-02-03 23:34:47 - [TEST_STEP][PASSED] - setText(findTestObject(orPath_TaxPayer + "/input_businessName"), " "): Text ' ' is set on object 'Object Repository/RAD_Pages/Taxpayer_Page/input_businessName'

2024-02-03 23:34:48 - [MESSAGE][PASSED] - Text ' ' is set on object 'Object Repository/RAD_Pages/Taxpayer_Page/input_businessName'

2024-02-03 23:34:48 - [TEST_STEP][PASSED] - setText(findTestObject(orPath_TaxPayer + "/input_BusinessRepfirstName"), " "): Text ' ' is set on object 'Object Repository/RAD_Pages/Taxpayer_Page/input_BusinessRepfirstName'

2024-02-03 23:34:49 - [MESSAGE][PASSED] - Text ' ' is set on object 'Object Repository/RAD_Pages/Taxpayer_Page/input_BusinessRepfirstName'

2024-02-03 23:34:49 - [TEST_STEP][PASSED] - setText(findTestObject(orPath_TaxPayer + "/input_BusinessReplastName"), " "): Text ' ' is set on object 'Object Repository/RAD_Pages/Taxpayer_Page/input_BusinessReplastName'

2024-02-03 23:34:50 - [MESSAGE][PASSED] - Text ' ' is set on object 'Object Repository/RAD_Pages/Taxpayer_Page/input_BusinessReplastName'

2024-02-03 23:34:50 - [TEST_STEP][PASSED] - setText(findTestObject(orPath_AddressContact + "/input_streetAddress1"), " "): Text ' ' is set on object 'Object Repository/RAD_Pages/AddressAndContactInfo_Page/input_streetAddress1'

2024-02-03 23:34:50 - [MESSAGE][PASSED] - Text ' ' is set on object 'Object Repository/RAD_Pages/AddressAndContactInfo_Page/input_streetAddress1'

2024-02-03 23:34:50 - [TEST_STEP][PASSED] - setText(findTestObject(orPath_AddressContact + "/input_city"), " "): Text ' ' is set on object 'Object Repository/RAD_Pages/AddressAndContactInfo_Page/input_city'

2024-02-03 23:34:51 - [MESSAGE][PASSED] - Text ' ' is set on object 'Object Repository/RAD_Pages/AddressAndContactInfo_Page/input_city'

2024-02-03 23:34:51 - [TEST_STEP][PASSED] - setText(findTestObject(orPath_AddressContact + "/input_zipCode"), " "): Text ' ' is set on object 'Object Repository/RAD_Pages/AddressAndContactInfo_Page/input_zipCode'

2024-02-03 23:34:52 - [MESSAGE][PASSED] - Text ' ' is set on object 'Object Repository/RAD_Pages/AddressAndContactInfo_Page/input_zipCode'

2024-02-03 23:34:52 - [TEST_STEP][PASSED] - setText(findTestObject(orPath_AddressContact + "/input_phoneNumber"), " "): Text ' ' is set on object 'Object Repository/RAD_Pages/AddressAndContactInfo_Page/input_phoneNumber'

2024-02-03 23:34:53 - [MESSAGE][PASSED] - Text ' ' is set on object 'Object Repository/RAD_Pages/AddressAndContactInfo_Page/input_phoneNumber'

2024-02-03 23:34:53 - [TEST_STEP][PASSED] - setText(findTestObject(orPath_AddressContact + "/input_eMailAddress"), " "): Text ' ' is set on object 'Object Repository/RAD_Pages/AddressAndContactInfo_Page/input_eMailAddress'

2024-02-03 23:34:53 - [MESSAGE][PASSED] - Text ' ' is set on object 'Object Repository/RAD_Pages/AddressAndContactInfo_Page/input_eMailAddress'

2024-02-03 23:34:53 - [TEST_STEP][PASSED] - setText(findTestObject(orPath_AddressContact + "/input_reEnterEMailAddress"), " "): Text ' ' is set on object 'Object Repository/RAD_Pages/AddressAndContactInfo_Page/input_reEnterEMailAddress'

2024-02-03 23:34:54 - [MESSAGE][PASSED] - Text ' ' is set on object 'Object Repository/RAD_Pages/AddressAndContactInfo_Page/input_reEnterEMailAddress'

2024-02-03 23:34:54 - [TEST_STEP][PASSED] - if (TaxType.equalsIgnoreCase("Estate Tax")): null

2024-02-03 23:34:54 - [TEST_STEP][PASSED] - setText(findTestObject(orPath_Amount + "/input__paymentAmount"), ""): Text '' is set on object 'Object Repository/RAD_Pages/PaymentAmount_Page/input__paymentAmount'

2024-02-03 23:34:55 - [MESSAGE][PASSED] - Text '' is set on object 'Object Repository/RAD_Pages/PaymentAmount_Page/input__paymentAmount'

2024-02-03 23:34:55 - [TEST_STEP][PASSED] - resText = "Fail": null

2024-02-03 23:34:55 - [TEST_STEP][PASSED] - pages.WriteExcel.demoKey(resText, datText, resColumn, datCloumn, fileLoc, nameSheet, row): pages.WriteExcel.demoKey is PASSED

2024-02-03 23:34:55 - [MESSAGE][PASSED] - pages.WriteExcel.demoKey is PASSED

2024-02-03 23:34:55 - [TEST_STEP][PASSED] - verifyTextPresent("Enter business name", true, CONTINUE_ON_FAILURE): Text 'Enter business name' is present on page  using regular expression

2024-02-03 23:34:56 - [MESSAGE][PASSED] - Text 'Enter business name' is present on page  using regular expression

2024-02-03 23:34:56 - [TEST_STEP][PASSED] - verifyTextPresent("Enter business rep first name", true, CONTINUE_ON_FAILURE): Text 'Enter business rep first name' is present on page  using regular expression

2024-02-03 23:34:56 - [MESSAGE][PASSED] - Text 'Enter business rep first name' is present on page  using regular expression

2024-02-03 23:34:56 - [TEST_STEP][PASSED] - verifyTextPresent("Enter business rep last name", true, CONTINUE_ON_FAILURE): Text 'Enter business rep last name' is present on page  using regular expression

2024-02-03 23:34:57 - [MESSAGE][PASSED] - Text 'Enter business rep last name' is present on page  using regular expression

2024-02-03 23:34:57 - [TEST_STEP][PASSED] - verifyTextPresent("Enter address", true, CONTINUE_ON_FAILURE): Text 'Enter address' is present on page  using regular expression

2024-02-03 23:34:57 - [MESSAGE][PASSED] - Text 'Enter address' is present on page  using regular expression

2024-02-03 23:34:57 - [TEST_STEP][PASSED] - verifyTextPresent("Enter city", true, CONTINUE_ON_FAILURE): Text 'Enter city' is present on page  using regular expression

2024-02-03 23:34:58 - [MESSAGE][PASSED] - Text 'Enter city' is present on page  using regular expression

2024-02-03 23:34:58 - [TEST_STEP][PASSED] - verifyTextPresent("Enter ZIP code", true, CONTINUE_ON_FAILURE): Text 'Enter ZIP code' is present on page  using regular expression

2024-02-03 23:34:58 - [MESSAGE][PASSED] - Text 'Enter ZIP code' is present on page  using regular expression

2024-02-03 23:34:58 - [TEST_STEP][PASSED] - verifyTextPresent("Enter a valid phone number", true, CONTINUE_ON_FAILURE): Text 'Enter a valid phone number' is present on page  using regular expression

2024-02-03 23:34:58 - [MESSAGE][PASSED] - Text 'Enter a valid phone number' is present on page  using regular expression

2024-02-03 23:34:58 - [TEST_STEP][PASSED] - verifyTextPresent("Enter Email", true, CONTINUE_ON_FAILURE): Text 'Enter Email' is present on page  using regular expression

2024-02-03 23:34:59 - [MESSAGE][PASSED] - Text 'Enter Email' is present on page  using regular expression

2024-02-03 23:34:59 - [TEST_STEP][PASSED] - if (TaxType.equalsIgnoreCase("Estate Tax")): null

2024-02-03 23:34:59 - [TEST_STEP][PASSED] - resText = "Pass": null

2024-02-03 23:34:59 - [TEST_STEP][PASSED] - pages.WriteExcel.demoKey(resText, datText, resColumn, datCloumn, fileLoc, nameSheet, row): pages.WriteExcel.demoKey is PASSED

2024-02-03 23:34:59 - [MESSAGE][PASSED] - pages.WriteExcel.demoKey is PASSED

2024-02-03 23:34:59 - [TEST_STEP][PASSED] - ExecuteTC = findTestData(dataFile).getValue("Execute", row): null

2024-02-03 23:34:59 - [TEST_STEP][PASSED] - TaxType = findTestData(dataFile).getValue("TaxType", row): null

2024-02-03 23:34:59 - [TEST_STEP][PASSED] - PaymentType = findTestData(dataFile).getValue("PaymentType", row): null

2024-02-03 23:34:59 - [TEST_STEP][PASSED] - feinSsn = findTestData(dataFile).getValue("FEINSSN", row): null

2024-02-03 23:34:59 - [TEST_STEP][PASSED] - if (ExecuteTC.equalsIgnoreCase("Y")): pages.WriteExcel.demoKey is PASSED

2024-02-03 23:34:59 - [TEST_STEP][PASSED] - out.println("Begin Record Number: " + row): null

2024-02-03 23:34:59 - [TEST_STEP][PASSED] - today = new java.util.Date(): null

2024-02-03 23:34:59 - [TEST_STEP][PASSED] - println(today): null

2024-02-03 23:34:59 - [TEST_STEP][PASSED] - datText = today: null

2024-02-03 23:34:59 - [TEST_STEP][PASSED] - logInfo("Payment Type: Existing Liability w/Notice Number"): Payment Type: Existing Liability w/Notice Number

2024-02-03 23:34:59 - [MESSAGE][INFO] - Payment Type: Existing Liability w/Notice Number

2024-02-03 23:34:59 - [TEST_STEP][PASSED] - logInfo("Tax Type: " + TaxType): Tax Type: Motor Fuel Tax

2024-02-03 23:34:59 - [MESSAGE][INFO] - Tax Type: Motor Fuel Tax

2024-02-03 23:34:59 - [TEST_STEP][PASSED] - openBrowser(""): Browser is opened with url: ''

2024-02-03 23:34:59 - [MESSAGE][WARNING] - A browser is already opened. Closing browser and opening a new one

2024-02-03 23:35:01 - [MESSAGE][INFO] - Starting 'Chrome' driver

2024-02-03 23:35:01 - [MESSAGE][INFO] - User set preference: ['acceptInsecureCerts', 'true']

2024-02-03 23:35:01 - [MESSAGE][INFO] - Action delay is set to 0 milliseconds

2024-02-03 23:35:02 - [MESSAGE][PASSED] - Browser is opened with url: ''

2024-02-03 23:35:02 - [TEST_STEP][PASSED] - maximizeWindow(): Current window maximized

2024-02-03 23:35:03 - [MESSAGE][PASSED] - Current window maximized

2024-02-03 23:35:03 - [TEST_STEP][PASSED] - navigateToUrl(RADurl): Navigate to 'https://qa2.velocitypayment.com/client/rad/index.html' successfully

2024-02-03 23:35:03 - [MESSAGE][PASSED] - Navigate to 'https://qa2.velocitypayment.com/client/rad/index.html' successfully

2024-02-03 23:35:03 - [TEST_STEP][PASSED] - selectOptionByLabel(findTestObject(orPath_Landing + "/dd_TaxType"), "Existing Liability w/Notice Number", false): All options with label 'Existing Liability w/Notice Number' are selected in object 'Object Repository/RAD_Pages/Landing_Page/dd_TaxType' 

2024-02-03 23:35:05 - [MESSAGE][PASSED] - All options with label 'Existing Liability w/Notice Number' are selected in object 'Object Repository/RAD_Pages/Landing_Page/dd_TaxType' 

2024-02-03 23:35:05 - [TEST_STEP][PASSED] - selectOptionByLabel(findTestObject(orPath_TaxTypeFilingYear + "/select_TaxType_ExistingLiability"), TaxType, false): All options with label 'Motor Fuel Tax' are selected in object 'Object Repository/RAD_Pages/TaxTypeFilingYear_Page/select_TaxType_ExistingLiability' 

2024-02-03 23:35:06 - [MESSAGE][PASSED] - All options with label 'Motor Fuel Tax' are selected in object 'Object Repository/RAD_Pages/TaxTypeFilingYear_Page/select_TaxType_ExistingLiability' 

2024-02-03 23:35:06 - [TEST_STEP][PASSED] - setText(findTestObject(orPath_TaxPayer + "/input_businessName"), " "): Text ' ' is set on object 'Object Repository/RAD_Pages/Taxpayer_Page/input_businessName'

2024-02-03 23:35:07 - [MESSAGE][PASSED] - Text ' ' is set on object 'Object Repository/RAD_Pages/Taxpayer_Page/input_businessName'

2024-02-03 23:35:07 - [TEST_STEP][PASSED] - setText(findTestObject(orPath_TaxPayer + "/input_BusinessRepfirstName"), " "): Text ' ' is set on object 'Object Repository/RAD_Pages/Taxpayer_Page/input_BusinessRepfirstName'

2024-02-03 23:35:07 - [MESSAGE][PASSED] - Text ' ' is set on object 'Object Repository/RAD_Pages/Taxpayer_Page/input_BusinessRepfirstName'

2024-02-03 23:35:07 - [TEST_STEP][PASSED] - setText(findTestObject(orPath_TaxPayer + "/input_BusinessReplastName"), " "): Text ' ' is set on object 'Object Repository/RAD_Pages/Taxpayer_Page/input_BusinessReplastName'

2024-02-03 23:35:08 - [MESSAGE][PASSED] - Text ' ' is set on object 'Object Repository/RAD_Pages/Taxpayer_Page/input_BusinessReplastName'

2024-02-03 23:35:08 - [TEST_STEP][PASSED] - setText(findTestObject(orPath_AddressContact + "/input_streetAddress1"), " "): Text ' ' is set on object 'Object Repository/RAD_Pages/AddressAndContactInfo_Page/input_streetAddress1'

2024-02-03 23:35:09 - [MESSAGE][PASSED] - Text ' ' is set on object 'Object Repository/RAD_Pages/AddressAndContactInfo_Page/input_streetAddress1'

2024-02-03 23:35:09 - [TEST_STEP][PASSED] - setText(findTestObject(orPath_AddressContact + "/input_city"), " "): Text ' ' is set on object 'Object Repository/RAD_Pages/AddressAndContactInfo_Page/input_city'

2024-02-03 23:35:10 - [MESSAGE][PASSED] - Text ' ' is set on object 'Object Repository/RAD_Pages/AddressAndContactInfo_Page/input_city'

2024-02-03 23:35:10 - [TEST_STEP][PASSED] - setText(findTestObject(orPath_AddressContact + "/input_zipCode"), " "): Text ' ' is set on object 'Object Repository/RAD_Pages/AddressAndContactInfo_Page/input_zipCode'

2024-02-03 23:35:10 - [MESSAGE][PASSED] - Text ' ' is set on object 'Object Repository/RAD_Pages/AddressAndContactInfo_Page/input_zipCode'

2024-02-03 23:35:10 - [TEST_STEP][PASSED] - setText(findTestObject(orPath_AddressContact + "/input_phoneNumber"), " "): Text ' ' is set on object 'Object Repository/RAD_Pages/AddressAndContactInfo_Page/input_phoneNumber'

2024-02-03 23:35:11 - [MESSAGE][PASSED] - Text ' ' is set on object 'Object Repository/RAD_Pages/AddressAndContactInfo_Page/input_phoneNumber'

2024-02-03 23:35:11 - [TEST_STEP][PASSED] - setText(findTestObject(orPath_AddressContact + "/input_eMailAddress"), " "): Text ' ' is set on object 'Object Repository/RAD_Pages/AddressAndContactInfo_Page/input_eMailAddress'

2024-02-03 23:35:12 - [MESSAGE][PASSED] - Text ' ' is set on object 'Object Repository/RAD_Pages/AddressAndContactInfo_Page/input_eMailAddress'

2024-02-03 23:35:12 - [TEST_STEP][PASSED] - setText(findTestObject(orPath_AddressContact + "/input_reEnterEMailAddress"), " "): Text ' ' is set on object 'Object Repository/RAD_Pages/AddressAndContactInfo_Page/input_reEnterEMailAddress'

2024-02-03 23:35:13 - [MESSAGE][PASSED] - Text ' ' is set on object 'Object Repository/RAD_Pages/AddressAndContactInfo_Page/input_reEnterEMailAddress'

2024-02-03 23:35:13 - [TEST_STEP][PASSED] - if (TaxType.equalsIgnoreCase("Estate Tax")): null

2024-02-03 23:35:13 - [TEST_STEP][PASSED] - setText(findTestObject(orPath_Amount + "/input__paymentAmount"), ""): Text '' is set on object 'Object Repository/RAD_Pages/PaymentAmount_Page/input__paymentAmount'

2024-02-03 23:35:14 - [MESSAGE][PASSED] - Text '' is set on object 'Object Repository/RAD_Pages/PaymentAmount_Page/input__paymentAmount'

2024-02-03 23:35:14 - [TEST_STEP][PASSED] - resText = "Fail": null

2024-02-03 23:35:14 - [TEST_STEP][PASSED] - pages.WriteExcel.demoKey(resText, datText, resColumn, datCloumn, fileLoc, nameSheet, row): pages.WriteExcel.demoKey is PASSED

2024-02-03 23:35:14 - [MESSAGE][PASSED] - pages.WriteExcel.demoKey is PASSED

2024-02-03 23:35:14 - [TEST_STEP][PASSED] - verifyTextPresent("Enter business name", true, CONTINUE_ON_FAILURE): Text 'Enter business name' is present on page  using regular expression

2024-02-03 23:35:14 - [MESSAGE][PASSED] - Text 'Enter business name' is present on page  using regular expression

2024-02-03 23:35:14 - [TEST_STEP][PASSED] - verifyTextPresent("Enter business rep first name", true, CONTINUE_ON_FAILURE): Text 'Enter business rep first name' is present on page  using regular expression

2024-02-03 23:35:15 - [MESSAGE][PASSED] - Text 'Enter business rep first name' is present on page  using regular expression

2024-02-03 23:35:15 - [TEST_STEP][PASSED] - verifyTextPresent("Enter business rep last name", true, CONTINUE_ON_FAILURE): Text 'Enter business rep last name' is present on page  using regular expression

2024-02-03 23:35:15 - [MESSAGE][PASSED] - Text 'Enter business rep last name' is present on page  using regular expression

2024-02-03 23:35:15 - [TEST_STEP][PASSED] - verifyTextPresent("Enter address", true, CONTINUE_ON_FAILURE): Text 'Enter address' is present on page  using regular expression

2024-02-03 23:35:16 - [MESSAGE][PASSED] - Text 'Enter address' is present on page  using regular expression

2024-02-03 23:35:16 - [TEST_STEP][PASSED] - verifyTextPresent("Enter city", true, CONTINUE_ON_FAILURE): Text 'Enter city' is present on page  using regular expression

2024-02-03 23:35:16 - [MESSAGE][PASSED] - Text 'Enter city' is present on page  using regular expression

2024-02-03 23:35:16 - [TEST_STEP][PASSED] - verifyTextPresent("Enter ZIP code", true, CONTINUE_ON_FAILURE): Text 'Enter ZIP code' is present on page  using regular expression

2024-02-03 23:35:16 - [MESSAGE][PASSED] - Text 'Enter ZIP code' is present on page  using regular expression

2024-02-03 23:35:16 - [TEST_STEP][PASSED] - verifyTextPresent("Enter a valid phone number", true, CONTINUE_ON_FAILURE): Text 'Enter a valid phone number' is present on page  using regular expression

2024-02-03 23:35:17 - [MESSAGE][PASSED] - Text 'Enter a valid phone number' is present on page  using regular expression

2024-02-03 23:35:17 - [TEST_STEP][PASSED] - verifyTextPresent("Enter Email", true, CONTINUE_ON_FAILURE): Text 'Enter Email' is present on page  using regular expression

2024-02-03 23:35:17 - [MESSAGE][PASSED] - Text 'Enter Email' is present on page  using regular expression

2024-02-03 23:35:17 - [TEST_STEP][PASSED] - if (TaxType.equalsIgnoreCase("Estate Tax")): null

2024-02-03 23:35:17 - [TEST_STEP][PASSED] - resText = "Pass": null

2024-02-03 23:35:17 - [TEST_STEP][PASSED] - pages.WriteExcel.demoKey(resText, datText, resColumn, datCloumn, fileLoc, nameSheet, row): pages.WriteExcel.demoKey is PASSED

2024-02-03 23:35:17 - [MESSAGE][PASSED] - pages.WriteExcel.demoKey is PASSED

2024-02-03 23:35:17 - [TEST_STEP][PASSED] - ExecuteTC = findTestData(dataFile).getValue("Execute", row): null

2024-02-03 23:35:17 - [TEST_STEP][PASSED] - TaxType = findTestData(dataFile).getValue("TaxType", row): null

2024-02-03 23:35:17 - [TEST_STEP][PASSED] - PaymentType = findTestData(dataFile).getValue("PaymentType", row): null

2024-02-03 23:35:17 - [TEST_STEP][PASSED] - feinSsn = findTestData(dataFile).getValue("FEINSSN", row): null

2024-02-03 23:35:17 - [TEST_STEP][PASSED] - if (ExecuteTC.equalsIgnoreCase("Y")): pages.WriteExcel.demoKey is PASSED

2024-02-03 23:35:17 - [TEST_STEP][PASSED] - out.println("Begin Record Number: " + row): null

2024-02-03 23:35:17 - [TEST_STEP][PASSED] - today = new java.util.Date(): null

2024-02-03 23:35:17 - [TEST_STEP][PASSED] - println(today): null

2024-02-03 23:35:17 - [TEST_STEP][PASSED] - datText = today: null

2024-02-03 23:35:17 - [TEST_STEP][PASSED] - logInfo("Payment Type: Existing Liability w/Notice Number"): Payment Type: Existing Liability w/Notice Number

2024-02-03 23:35:17 - [MESSAGE][INFO] - Payment Type: Existing Liability w/Notice Number

2024-02-03 23:35:17 - [TEST_STEP][PASSED] - logInfo("Tax Type: " + TaxType): Tax Type: Slots License Fee

2024-02-03 23:35:17 - [MESSAGE][INFO] - Tax Type: Slots License Fee

2024-02-03 23:35:17 - [TEST_STEP][PASSED] - openBrowser(""): Browser is opened with url: ''

2024-02-03 23:35:17 - [MESSAGE][WARNING] - A browser is already opened. Closing browser and opening a new one

2024-02-03 23:35:19 - [MESSAGE][INFO] - Starting 'Chrome' driver

2024-02-03 23:35:19 - [MESSAGE][INFO] - User set preference: ['acceptInsecureCerts', 'true']

2024-02-03 23:35:19 - [MESSAGE][INFO] - Action delay is set to 0 milliseconds

2024-02-03 23:35:20 - [MESSAGE][PASSED] - Browser is opened with url: ''

2024-02-03 23:35:20 - [TEST_STEP][PASSED] - maximizeWindow(): Current window maximized

2024-02-03 23:35:21 - [MESSAGE][PASSED] - Current window maximized

2024-02-03 23:35:21 - [TEST_STEP][PASSED] - navigateToUrl(RADurl): Navigate to 'https://qa2.velocitypayment.com/client/rad/index.html' successfully

2024-02-03 23:35:21 - [MESSAGE][PASSED] - Navigate to 'https://qa2.velocitypayment.com/client/rad/index.html' successfully

2024-02-03 23:35:21 - [TEST_STEP][PASSED] - selectOptionByLabel(findTestObject(orPath_Landing + "/dd_TaxType"), "Existing Liability w/Notice Number", false): All options with label 'Existing Liability w/Notice Number' are selected in object 'Object Repository/RAD_Pages/Landing_Page/dd_TaxType' 

2024-02-03 23:35:24 - [MESSAGE][PASSED] - All options with label 'Existing Liability w/Notice Number' are selected in object 'Object Repository/RAD_Pages/Landing_Page/dd_TaxType' 

2024-02-03 23:35:24 - [TEST_STEP][PASSED] - selectOptionByLabel(findTestObject(orPath_TaxTypeFilingYear + "/select_TaxType_ExistingLiability"), TaxType, false): All options with label 'Slots License Fee' are selected in object 'Object Repository/RAD_Pages/TaxTypeFilingYear_Page/select_TaxType_ExistingLiability' 

2024-02-03 23:35:25 - [MESSAGE][PASSED] - All options with label 'Slots License Fee' are selected in object 'Object Repository/RAD_Pages/TaxTypeFilingYear_Page/select_TaxType_ExistingLiability' 

2024-02-03 23:35:25 - [TEST_STEP][PASSED] - setText(findTestObject(orPath_TaxPayer + "/input_businessName"), " "): Text ' ' is set on object 'Object Repository/RAD_Pages/Taxpayer_Page/input_businessName'

2024-02-03 23:35:26 - [MESSAGE][PASSED] - Text ' ' is set on object 'Object Repository/RAD_Pages/Taxpayer_Page/input_businessName'

2024-02-03 23:35:26 - [TEST_STEP][PASSED] - setText(findTestObject(orPath_TaxPayer + "/input_BusinessRepfirstName"), " "): Text ' ' is set on object 'Object Repository/RAD_Pages/Taxpayer_Page/input_BusinessRepfirstName'

2024-02-03 23:35:26 - [MESSAGE][PASSED] - Text ' ' is set on object 'Object Repository/RAD_Pages/Taxpayer_Page/input_BusinessRepfirstName'

2024-02-03 23:35:26 - [TEST_STEP][PASSED] - setText(findTestObject(orPath_TaxPayer + "/input_BusinessReplastName"), " "): Text ' ' is set on object 'Object Repository/RAD_Pages/Taxpayer_Page/input_BusinessReplastName'

2024-02-03 23:35:27 - [MESSAGE][PASSED] - Text ' ' is set on object 'Object Repository/RAD_Pages/Taxpayer_Page/input_BusinessReplastName'

2024-02-03 23:35:27 - [TEST_STEP][PASSED] - setText(findTestObject(orPath_AddressContact + "/input_streetAddress1"), " "): Text ' ' is set on object 'Object Repository/RAD_Pages/AddressAndContactInfo_Page/input_streetAddress1'

2024-02-03 23:35:28 - [MESSAGE][PASSED] - Text ' ' is set on object 'Object Repository/RAD_Pages/AddressAndContactInfo_Page/input_streetAddress1'

2024-02-03 23:35:28 - [TEST_STEP][PASSED] - setText(findTestObject(orPath_AddressContact + "/input_city"), " "): Text ' ' is set on object 'Object Repository/RAD_Pages/AddressAndContactInfo_Page/input_city'

2024-02-03 23:35:29 - [MESSAGE][PASSED] - Text ' ' is set on object 'Object Repository/RAD_Pages/AddressAndContactInfo_Page/input_city'

2024-02-03 23:35:29 - [TEST_STEP][PASSED] - setText(findTestObject(orPath_AddressContact + "/input_zipCode"), " "): Text ' ' is set on object 'Object Repository/RAD_Pages/AddressAndContactInfo_Page/input_zipCode'

2024-02-03 23:35:29 - [MESSAGE][PASSED] - Text ' ' is set on object 'Object Repository/RAD_Pages/AddressAndContactInfo_Page/input_zipCode'

2024-02-03 23:35:29 - [TEST_STEP][PASSED] - setText(findTestObject(orPath_AddressContact + "/input_phoneNumber"), " "): Text ' ' is set on object 'Object Repository/RAD_Pages/AddressAndContactInfo_Page/input_phoneNumber'

2024-02-03 23:35:30 - [MESSAGE][PASSED] - Text ' ' is set on object 'Object Repository/RAD_Pages/AddressAndContactInfo_Page/input_phoneNumber'

2024-02-03 23:35:30 - [TEST_STEP][PASSED] - setText(findTestObject(orPath_AddressContact + "/input_eMailAddress"), " "): Text ' ' is set on object 'Object Repository/RAD_Pages/AddressAndContactInfo_Page/input_eMailAddress'

2024-02-03 23:35:31 - [MESSAGE][PASSED] - Text ' ' is set on object 'Object Repository/RAD_Pages/AddressAndContactInfo_Page/input_eMailAddress'

2024-02-03 23:35:31 - [TEST_STEP][PASSED] - setText(findTestObject(orPath_AddressContact + "/input_reEnterEMailAddress"), " "): Text ' ' is set on object 'Object Repository/RAD_Pages/AddressAndContactInfo_Page/input_reEnterEMailAddress'

2024-02-03 23:35:32 - [MESSAGE][PASSED] - Text ' ' is set on object 'Object Repository/RAD_Pages/AddressAndContactInfo_Page/input_reEnterEMailAddress'

2024-02-03 23:35:32 - [TEST_STEP][PASSED] - if (TaxType.equalsIgnoreCase("Estate Tax")): null

2024-02-03 23:35:32 - [TEST_STEP][PASSED] - setText(findTestObject(orPath_Amount + "/input__paymentAmount"), ""): Text '' is set on object 'Object Repository/RAD_Pages/PaymentAmount_Page/input__paymentAmount'

2024-02-03 23:35:33 - [MESSAGE][PASSED] - Text '' is set on object 'Object Repository/RAD_Pages/PaymentAmount_Page/input__paymentAmount'

2024-02-03 23:35:33 - [TEST_STEP][PASSED] - resText = "Fail": null

2024-02-03 23:35:33 - [TEST_STEP][PASSED] - pages.WriteExcel.demoKey(resText, datText, resColumn, datCloumn, fileLoc, nameSheet, row): pages.WriteExcel.demoKey is PASSED

2024-02-03 23:35:33 - [MESSAGE][PASSED] - pages.WriteExcel.demoKey is PASSED

2024-02-03 23:35:33 - [TEST_STEP][PASSED] - verifyTextPresent("Enter business name", true, CONTINUE_ON_FAILURE): Text 'Enter business name' is present on page  using regular expression

2024-02-03 23:35:33 - [MESSAGE][PASSED] - Text 'Enter business name' is present on page  using regular expression

2024-02-03 23:35:33 - [TEST_STEP][PASSED] - verifyTextPresent("Enter business rep first name", true, CONTINUE_ON_FAILURE): Text 'Enter business rep first name' is present on page  using regular expression

2024-02-03 23:35:34 - [MESSAGE][PASSED] - Text 'Enter business rep first name' is present on page  using regular expression

2024-02-03 23:35:34 - [TEST_STEP][PASSED] - verifyTextPresent("Enter business rep last name", true, CONTINUE_ON_FAILURE): Text 'Enter business rep last name' is present on page  using regular expression

2024-02-03 23:35:34 - [MESSAGE][PASSED] - Text 'Enter business rep last name' is present on page  using regular expression

2024-02-03 23:35:34 - [TEST_STEP][PASSED] - verifyTextPresent("Enter address", true, CONTINUE_ON_FAILURE): Text 'Enter address' is present on page  using regular expression

2024-02-03 23:35:35 - [MESSAGE][PASSED] - Text 'Enter address' is present on page  using regular expression

2024-02-03 23:35:35 - [TEST_STEP][PASSED] - verifyTextPresent("Enter city", true, CONTINUE_ON_FAILURE): Text 'Enter city' is present on page  using regular expression

2024-02-03 23:35:35 - [MESSAGE][PASSED] - Text 'Enter city' is present on page  using regular expression

2024-02-03 23:35:35 - [TEST_STEP][PASSED] - verifyTextPresent("Enter ZIP code", true, CONTINUE_ON_FAILURE): Text 'Enter ZIP code' is present on page  using regular expression

2024-02-03 23:35:35 - [MESSAGE][PASSED] - Text 'Enter ZIP code' is present on page  using regular expression

2024-02-03 23:35:35 - [TEST_STEP][PASSED] - verifyTextPresent("Enter a valid phone number", true, CONTINUE_ON_FAILURE): Text 'Enter a valid phone number' is present on page  using regular expression

2024-02-03 23:35:36 - [MESSAGE][PASSED] - Text 'Enter a valid phone number' is present on page  using regular expression

2024-02-03 23:35:36 - [TEST_STEP][PASSED] - verifyTextPresent("Enter Email", true, CONTINUE_ON_FAILURE): Text 'Enter Email' is present on page  using regular expression

2024-02-03 23:35:36 - [MESSAGE][PASSED] - Text 'Enter Email' is present on page  using regular expression

2024-02-03 23:35:36 - [TEST_STEP][PASSED] - if (TaxType.equalsIgnoreCase("Estate Tax")): null

2024-02-03 23:35:36 - [TEST_STEP][PASSED] - resText = "Pass": null

2024-02-03 23:35:36 - [TEST_STEP][PASSED] - pages.WriteExcel.demoKey(resText, datText, resColumn, datCloumn, fileLoc, nameSheet, row): pages.WriteExcel.demoKey is PASSED

2024-02-03 23:35:36 - [MESSAGE][PASSED] - pages.WriteExcel.demoKey is PASSED

2024-02-03 23:35:36 - [TEST_STEP][PASSED] - ExecuteTC = findTestData(dataFile).getValue("Execute", row): null

2024-02-03 23:35:36 - [TEST_STEP][PASSED] - TaxType = findTestData(dataFile).getValue("TaxType", row): null

2024-02-03 23:35:36 - [TEST_STEP][PASSED] - PaymentType = findTestData(dataFile).getValue("PaymentType", row): null

2024-02-03 23:35:36 - [TEST_STEP][PASSED] - feinSsn = findTestData(dataFile).getValue("FEINSSN", row): null

2024-02-03 23:35:36 - [TEST_STEP][PASSED] - if (ExecuteTC.equalsIgnoreCase("Y")): pages.WriteExcel.demoKey is PASSED

2024-02-03 23:35:36 - [TEST_STEP][PASSED] - out.println("Begin Record Number: " + row): null

2024-02-03 23:35:36 - [TEST_STEP][PASSED] - today = new java.util.Date(): null

2024-02-03 23:35:36 - [TEST_STEP][PASSED] - println(today): null

2024-02-03 23:35:36 - [TEST_STEP][PASSED] - datText = today: null

2024-02-03 23:35:36 - [TEST_STEP][PASSED] - logInfo("Payment Type: Existing Liability w/Notice Number"): Payment Type: Existing Liability w/Notice Number

2024-02-03 23:35:36 - [MESSAGE][INFO] - Payment Type: Existing Liability w/Notice Number

2024-02-03 23:35:36 - [TEST_STEP][PASSED] - logInfo("Tax Type: " + TaxType): Tax Type: Tobacco Tax

2024-02-03 23:35:36 - [MESSAGE][INFO] - Tax Type: Tobacco Tax

2024-02-03 23:35:36 - [TEST_STEP][PASSED] - openBrowser(""): Browser is opened with url: ''

2024-02-03 23:35:36 - [MESSAGE][WARNING] - A browser is already opened. Closing browser and opening a new one

2024-02-03 23:35:38 - [MESSAGE][INFO] - Starting 'Chrome' driver

2024-02-03 23:35:38 - [MESSAGE][INFO] - User set preference: ['acceptInsecureCerts', 'true']

2024-02-03 23:35:38 - [MESSAGE][INFO] - Action delay is set to 0 milliseconds

2024-02-03 23:35:40 - [MESSAGE][PASSED] - Browser is opened with url: ''

2024-02-03 23:35:40 - [TEST_STEP][PASSED] - maximizeWindow(): Current window maximized

2024-02-03 23:35:40 - [MESSAGE][PASSED] - Current window maximized

2024-02-03 23:35:40 - [TEST_STEP][PASSED] - navigateToUrl(RADurl): Navigate to 'https://qa2.velocitypayment.com/client/rad/index.html' successfully

2024-02-03 23:35:42 - [MESSAGE][PASSED] - Navigate to 'https://qa2.velocitypayment.com/client/rad/index.html' successfully

2024-02-03 23:35:42 - [TEST_STEP][PASSED] - selectOptionByLabel(findTestObject(orPath_Landing + "/dd_TaxType"), "Existing Liability w/Notice Number", false): All options with label 'Existing Liability w/Notice Number' are selected in object 'Object Repository/RAD_Pages/Landing_Page/dd_TaxType' 

2024-02-03 23:35:42 - [MESSAGE][PASSED] - All options with label 'Existing Liability w/Notice Number' are selected in object 'Object Repository/RAD_Pages/Landing_Page/dd_TaxType' 

2024-02-03 23:35:42 - [TEST_STEP][PASSED] - selectOptionByLabel(findTestObject(orPath_TaxTypeFilingYear + "/select_TaxType_ExistingLiability"), TaxType, false): All options with label 'Tobacco Tax' are selected in object 'Object Repository/RAD_Pages/TaxTypeFilingYear_Page/select_TaxType_ExistingLiability' 

2024-02-03 23:35:43 - [MESSAGE][PASSED] - All options with label 'Tobacco Tax' are selected in object 'Object Repository/RAD_Pages/TaxTypeFilingYear_Page/select_TaxType_ExistingLiability' 

2024-02-03 23:35:43 - [TEST_STEP][PASSED] - setText(findTestObject(orPath_TaxPayer + "/input_businessName"), " "): Text ' ' is set on object 'Object Repository/RAD_Pages/Taxpayer_Page/input_businessName'

2024-02-03 23:35:44 - [MESSAGE][PASSED] - Text ' ' is set on object 'Object Repository/RAD_Pages/Taxpayer_Page/input_businessName'

2024-02-03 23:35:44 - [TEST_STEP][PASSED] - setText(findTestObject(orPath_TaxPayer + "/input_BusinessRepfirstName"), " "): Text ' ' is set on object 'Object Repository/RAD_Pages/Taxpayer_Page/input_BusinessRepfirstName'

2024-02-03 23:35:45 - [MESSAGE][PASSED] - Text ' ' is set on object 'Object Repository/RAD_Pages/Taxpayer_Page/input_BusinessRepfirstName'

2024-02-03 23:35:45 - [TEST_STEP][PASSED] - setText(findTestObject(orPath_TaxPayer + "/input_BusinessReplastName"), " "): Text ' ' is set on object 'Object Repository/RAD_Pages/Taxpayer_Page/input_BusinessReplastName'

2024-02-03 23:35:45 - [MESSAGE][PASSED] - Text ' ' is set on object 'Object Repository/RAD_Pages/Taxpayer_Page/input_BusinessReplastName'

2024-02-03 23:35:45 - [TEST_STEP][PASSED] - setText(findTestObject(orPath_AddressContact + "/input_streetAddress1"), " "): Text ' ' is set on object 'Object Repository/RAD_Pages/AddressAndContactInfo_Page/input_streetAddress1'

2024-02-03 23:35:46 - [MESSAGE][PASSED] - Text ' ' is set on object 'Object Repository/RAD_Pages/AddressAndContactInfo_Page/input_streetAddress1'

2024-02-03 23:35:46 - [TEST_STEP][PASSED] - setText(findTestObject(orPath_AddressContact + "/input_city"), " "): Text ' ' is set on object 'Object Repository/RAD_Pages/AddressAndContactInfo_Page/input_city'

2024-02-03 23:35:47 - [MESSAGE][PASSED] - Text ' ' is set on object 'Object Repository/RAD_Pages/AddressAndContactInfo_Page/input_city'

2024-02-03 23:35:47 - [TEST_STEP][PASSED] - setText(findTestObject(orPath_AddressContact + "/input_zipCode"), " "): Text ' ' is set on object 'Object Repository/RAD_Pages/AddressAndContactInfo_Page/input_zipCode'

2024-02-03 23:35:48 - [MESSAGE][PASSED] - Text ' ' is set on object 'Object Repository/RAD_Pages/AddressAndContactInfo_Page/input_zipCode'

2024-02-03 23:35:48 - [TEST_STEP][PASSED] - setText(findTestObject(orPath_AddressContact + "/input_phoneNumber"), " "): Text ' ' is set on object 'Object Repository/RAD_Pages/AddressAndContactInfo_Page/input_phoneNumber'

2024-02-03 23:35:48 - [MESSAGE][PASSED] - Text ' ' is set on object 'Object Repository/RAD_Pages/AddressAndContactInfo_Page/input_phoneNumber'

2024-02-03 23:35:48 - [TEST_STEP][PASSED] - setText(findTestObject(orPath_AddressContact + "/input_eMailAddress"), " "): Text ' ' is set on object 'Object Repository/RAD_Pages/AddressAndContactInfo_Page/input_eMailAddress'

2024-02-03 23:35:49 - [MESSAGE][PASSED] - Text ' ' is set on object 'Object Repository/RAD_Pages/AddressAndContactInfo_Page/input_eMailAddress'

2024-02-03 23:35:49 - [TEST_STEP][PASSED] - setText(findTestObject(orPath_AddressContact + "/input_reEnterEMailAddress"), " "): Text ' ' is set on object 'Object Repository/RAD_Pages/AddressAndContactInfo_Page/input_reEnterEMailAddress'

2024-02-03 23:35:50 - [MESSAGE][PASSED] - Text ' ' is set on object 'Object Repository/RAD_Pages/AddressAndContactInfo_Page/input_reEnterEMailAddress'

2024-02-03 23:35:50 - [TEST_STEP][PASSED] - if (TaxType.equalsIgnoreCase("Estate Tax")): null

2024-02-03 23:35:50 - [TEST_STEP][PASSED] - setText(findTestObject(orPath_Amount + "/input__paymentAmount"), ""): Text '' is set on object 'Object Repository/RAD_Pages/PaymentAmount_Page/input__paymentAmount'

2024-02-03 23:35:51 - [MESSAGE][PASSED] - Text '' is set on object 'Object Repository/RAD_Pages/PaymentAmount_Page/input__paymentAmount'

2024-02-03 23:35:51 - [TEST_STEP][PASSED] - resText = "Fail": null

2024-02-03 23:35:51 - [TEST_STEP][PASSED] - pages.WriteExcel.demoKey(resText, datText, resColumn, datCloumn, fileLoc, nameSheet, row): pages.WriteExcel.demoKey is PASSED

2024-02-03 23:35:51 - [MESSAGE][PASSED] - pages.WriteExcel.demoKey is PASSED

2024-02-03 23:35:51 - [TEST_STEP][PASSED] - verifyTextPresent("Enter business name", true, CONTINUE_ON_FAILURE): Text 'Enter business name' is present on page  using regular expression

2024-02-03 23:35:52 - [MESSAGE][PASSED] - Text 'Enter business name' is present on page  using regular expression

2024-02-03 23:35:52 - [TEST_STEP][PASSED] - verifyTextPresent("Enter business rep first name", true, CONTINUE_ON_FAILURE): Text 'Enter business rep first name' is present on page  using regular expression

2024-02-03 23:35:52 - [MESSAGE][PASSED] - Text 'Enter business rep first name' is present on page  using regular expression

2024-02-03 23:35:52 - [TEST_STEP][PASSED] - verifyTextPresent("Enter business rep last name", true, CONTINUE_ON_FAILURE): Text 'Enter business rep last name' is present on page  using regular expression

2024-02-03 23:35:52 - [MESSAGE][PASSED] - Text 'Enter business rep last name' is present on page  using regular expression

2024-02-03 23:35:52 - [TEST_STEP][PASSED] - verifyTextPresent("Enter address", true, CONTINUE_ON_FAILURE): Text 'Enter address' is present on page  using regular expression

2024-02-03 23:35:53 - [MESSAGE][PASSED] - Text 'Enter address' is present on page  using regular expression

2024-02-03 23:35:53 - [TEST_STEP][PASSED] - verifyTextPresent("Enter city", true, CONTINUE_ON_FAILURE): Text 'Enter city' is present on page  using regular expression

2024-02-03 23:35:53 - [MESSAGE][PASSED] - Text 'Enter city' is present on page  using regular expression

2024-02-03 23:35:53 - [TEST_STEP][PASSED] - verifyTextPresent("Enter ZIP code", true, CONTINUE_ON_FAILURE): Text 'Enter ZIP code' is present on page  using regular expression

2024-02-03 23:35:54 - [MESSAGE][PASSED] - Text 'Enter ZIP code' is present on page  using regular expression

2024-02-03 23:35:54 - [TEST_STEP][PASSED] - verifyTextPresent("Enter a valid phone number", true, CONTINUE_ON_FAILURE): Text 'Enter a valid phone number' is present on page  using regular expression

2024-02-03 23:35:54 - [MESSAGE][PASSED] - Text 'Enter a valid phone number' is present on page  using regular expression

2024-02-03 23:35:54 - [TEST_STEP][PASSED] - verifyTextPresent("Enter Email", true, CONTINUE_ON_FAILURE): Text 'Enter Email' is present on page  using regular expression

2024-02-03 23:35:54 - [MESSAGE][PASSED] - Text 'Enter Email' is present on page  using regular expression

2024-02-03 23:35:54 - [TEST_STEP][PASSED] - if (TaxType.equalsIgnoreCase("Estate Tax")): null

2024-02-03 23:35:54 - [TEST_STEP][PASSED] - resText = "Pass": null

2024-02-03 23:35:54 - [TEST_STEP][PASSED] - pages.WriteExcel.demoKey(resText, datText, resColumn, datCloumn, fileLoc, nameSheet, row): pages.WriteExcel.demoKey is PASSED

2024-02-03 23:35:54 - [MESSAGE][PASSED] - pages.WriteExcel.demoKey is PASSED

2024-02-03 23:35:54 - [TEST_STEP][PASSED] - ExecuteTC = findTestData(dataFile).getValue("Execute", row): null

2024-02-03 23:35:54 - [TEST_STEP][PASSED] - TaxType = findTestData(dataFile).getValue("TaxType", row): null

2024-02-03 23:35:55 - [TEST_STEP][PASSED] - PaymentType = findTestData(dataFile).getValue("PaymentType", row): null

2024-02-03 23:35:55 - [TEST_STEP][PASSED] - feinSsn = findTestData(dataFile).getValue("FEINSSN", row): null

2024-02-03 23:35:55 - [TEST_STEP][PASSED] - if (ExecuteTC.equalsIgnoreCase("Y")): pages.WriteExcel.demoKey is PASSED

2024-02-03 23:35:55 - [TEST_STEP][PASSED] - out.println("Begin Record Number: " + row): null

2024-02-03 23:35:55 - [TEST_STEP][PASSED] - today = new java.util.Date(): null

2024-02-03 23:35:55 - [TEST_STEP][PASSED] - println(today): null

2024-02-03 23:35:55 - [TEST_STEP][PASSED] - datText = today: null

2024-02-03 23:35:55 - [TEST_STEP][PASSED] - logInfo("Payment Type: Existing Liability w/Notice Number"): Payment Type: Existing Liability w/Notice Number

2024-02-03 23:35:55 - [MESSAGE][INFO] - Payment Type: Existing Liability w/Notice Number

2024-02-03 23:35:55 - [TEST_STEP][PASSED] - logInfo("Tax Type: " + TaxType): Tax Type: Transportation Network Services

2024-02-03 23:35:55 - [MESSAGE][INFO] - Tax Type: Transportation Network Services

2024-02-03 23:35:55 - [TEST_STEP][PASSED] - openBrowser(""): Browser is opened with url: ''

2024-02-03 23:35:55 - [MESSAGE][WARNING] - A browser is already opened. Closing browser and opening a new one

2024-02-03 23:35:56 - [MESSAGE][INFO] - Starting 'Chrome' driver

2024-02-03 23:35:56 - [MESSAGE][INFO] - User set preference: ['acceptInsecureCerts', 'true']

2024-02-03 23:35:56 - [MESSAGE][INFO] - Action delay is set to 0 milliseconds

2024-02-03 23:35:58 - [MESSAGE][PASSED] - Browser is opened with url: ''

2024-02-03 23:35:58 - [TEST_STEP][PASSED] - maximizeWindow(): Current window maximized

2024-02-03 23:35:58 - [MESSAGE][PASSED] - Current window maximized

2024-02-03 23:35:58 - [TEST_STEP][PASSED] - navigateToUrl(RADurl): Navigate to 'https://qa2.velocitypayment.com/client/rad/index.html' successfully

2024-02-03 23:36:00 - [MESSAGE][PASSED] - Navigate to 'https://qa2.velocitypayment.com/client/rad/index.html' successfully

2024-02-03 23:36:00 - [TEST_STEP][PASSED] - selectOptionByLabel(findTestObject(orPath_Landing + "/dd_TaxType"), "Existing Liability w/Notice Number", false): All options with label 'Existing Liability w/Notice Number' are selected in object 'Object Repository/RAD_Pages/Landing_Page/dd_TaxType' 

2024-02-03 23:36:01 - [MESSAGE][PASSED] - All options with label 'Existing Liability w/Notice Number' are selected in object 'Object Repository/RAD_Pages/Landing_Page/dd_TaxType' 

2024-02-03 23:36:01 - [TEST_STEP][PASSED] - selectOptionByLabel(findTestObject(orPath_TaxTypeFilingYear + "/select_TaxType_ExistingLiability"), TaxType, false): All options with label 'Transportation Network Services' are selected in object 'Object Repository/RAD_Pages/TaxTypeFilingYear_Page/select_TaxType_ExistingLiability' 

2024-02-03 23:36:01 - [MESSAGE][PASSED] - All options with label 'Transportation Network Services' are selected in object 'Object Repository/RAD_Pages/TaxTypeFilingYear_Page/select_TaxType_ExistingLiability' 

2024-02-03 23:36:01 - [TEST_STEP][PASSED] - setText(findTestObject(orPath_TaxPayer + "/input_businessName"), " "): Text ' ' is set on object 'Object Repository/RAD_Pages/Taxpayer_Page/input_businessName'

2024-02-03 23:36:02 - [MESSAGE][PASSED] - Text ' ' is set on object 'Object Repository/RAD_Pages/Taxpayer_Page/input_businessName'

2024-02-03 23:36:02 - [TEST_STEP][PASSED] - setText(findTestObject(orPath_TaxPayer + "/input_BusinessRepfirstName"), " "): Text ' ' is set on object 'Object Repository/RAD_Pages/Taxpayer_Page/input_BusinessRepfirstName'

2024-02-03 23:36:03 - [MESSAGE][PASSED] - Text ' ' is set on object 'Object Repository/RAD_Pages/Taxpayer_Page/input_BusinessRepfirstName'

2024-02-03 23:36:03 - [TEST_STEP][PASSED] - setText(findTestObject(orPath_TaxPayer + "/input_BusinessReplastName"), " "): Text ' ' is set on object 'Object Repository/RAD_Pages/Taxpayer_Page/input_BusinessReplastName'

2024-02-03 23:36:04 - [MESSAGE][PASSED] - Text ' ' is set on object 'Object Repository/RAD_Pages/Taxpayer_Page/input_BusinessReplastName'

2024-02-03 23:36:04 - [TEST_STEP][PASSED] - setText(findTestObject(orPath_AddressContact + "/input_streetAddress1"), " "): Text ' ' is set on object 'Object Repository/RAD_Pages/AddressAndContactInfo_Page/input_streetAddress1'

2024-02-03 23:36:04 - [MESSAGE][PASSED] - Text ' ' is set on object 'Object Repository/RAD_Pages/AddressAndContactInfo_Page/input_streetAddress1'

2024-02-03 23:36:04 - [TEST_STEP][PASSED] - setText(findTestObject(orPath_AddressContact + "/input_city"), " "): Text ' ' is set on object 'Object Repository/RAD_Pages/AddressAndContactInfo_Page/input_city'

2024-02-03 23:36:05 - [MESSAGE][PASSED] - Text ' ' is set on object 'Object Repository/RAD_Pages/AddressAndContactInfo_Page/input_city'

2024-02-03 23:36:05 - [TEST_STEP][PASSED] - setText(findTestObject(orPath_AddressContact + "/input_zipCode"), " "): Text ' ' is set on object 'Object Repository/RAD_Pages/AddressAndContactInfo_Page/input_zipCode'

2024-02-03 23:36:06 - [MESSAGE][PASSED] - Text ' ' is set on object 'Object Repository/RAD_Pages/AddressAndContactInfo_Page/input_zipCode'

2024-02-03 23:36:06 - [TEST_STEP][PASSED] - setText(findTestObject(orPath_AddressContact + "/input_phoneNumber"), " "): Text ' ' is set on object 'Object Repository/RAD_Pages/AddressAndContactInfo_Page/input_phoneNumber'

2024-02-03 23:36:07 - [MESSAGE][PASSED] - Text ' ' is set on object 'Object Repository/RAD_Pages/AddressAndContactInfo_Page/input_phoneNumber'

2024-02-03 23:36:07 - [TEST_STEP][PASSED] - setText(findTestObject(orPath_AddressContact + "/input_eMailAddress"), " "): Text ' ' is set on object 'Object Repository/RAD_Pages/AddressAndContactInfo_Page/input_eMailAddress'

2024-02-03 23:36:07 - [MESSAGE][PASSED] - Text ' ' is set on object 'Object Repository/RAD_Pages/AddressAndContactInfo_Page/input_eMailAddress'

2024-02-03 23:36:07 - [TEST_STEP][PASSED] - setText(findTestObject(orPath_AddressContact + "/input_reEnterEMailAddress"), " "): Text ' ' is set on object 'Object Repository/RAD_Pages/AddressAndContactInfo_Page/input_reEnterEMailAddress'

2024-02-03 23:36:08 - [MESSAGE][PASSED] - Text ' ' is set on object 'Object Repository/RAD_Pages/AddressAndContactInfo_Page/input_reEnterEMailAddress'

2024-02-03 23:36:08 - [TEST_STEP][PASSED] - if (TaxType.equalsIgnoreCase("Estate Tax")): null

2024-02-03 23:36:08 - [TEST_STEP][PASSED] - setText(findTestObject(orPath_Amount + "/input__paymentAmount"), ""): Text '' is set on object 'Object Repository/RAD_Pages/PaymentAmount_Page/input__paymentAmount'

2024-02-03 23:36:09 - [MESSAGE][PASSED] - Text '' is set on object 'Object Repository/RAD_Pages/PaymentAmount_Page/input__paymentAmount'

2024-02-03 23:36:09 - [TEST_STEP][PASSED] - resText = "Fail": null

2024-02-03 23:36:09 - [TEST_STEP][PASSED] - pages.WriteExcel.demoKey(resText, datText, resColumn, datCloumn, fileLoc, nameSheet, row): pages.WriteExcel.demoKey is PASSED

2024-02-03 23:36:09 - [MESSAGE][PASSED] - pages.WriteExcel.demoKey is PASSED

2024-02-03 23:36:09 - [TEST_STEP][PASSED] - verifyTextPresent("Enter business name", true, CONTINUE_ON_FAILURE): Text 'Enter business name' is present on page  using regular expression

2024-02-03 23:36:10 - [MESSAGE][PASSED] - Text 'Enter business name' is present on page  using regular expression

2024-02-03 23:36:10 - [TEST_STEP][PASSED] - verifyTextPresent("Enter business rep first name", true, CONTINUE_ON_FAILURE): Text 'Enter business rep first name' is present on page  using regular expression

2024-02-03 23:36:10 - [MESSAGE][PASSED] - Text 'Enter business rep first name' is present on page  using regular expression

2024-02-03 23:36:10 - [TEST_STEP][PASSED] - verifyTextPresent("Enter business rep last name", true, CONTINUE_ON_FAILURE): Text 'Enter business rep last name' is present on page  using regular expression

2024-02-03 23:36:11 - [MESSAGE][PASSED] - Text 'Enter business rep last name' is present on page  using regular expression

2024-02-03 23:36:11 - [TEST_STEP][PASSED] - verifyTextPresent("Enter address", true, CONTINUE_ON_FAILURE): Text 'Enter address' is present on page  using regular expression

2024-02-03 23:36:11 - [MESSAGE][PASSED] - Text 'Enter address' is present on page  using regular expression

2024-02-03 23:36:11 - [TEST_STEP][PASSED] - verifyTextPresent("Enter city", true, CONTINUE_ON_FAILURE): Text 'Enter city' is present on page  using regular expression

2024-02-03 23:36:11 - [MESSAGE][PASSED] - Text 'Enter city' is present on page  using regular expression

2024-02-03 23:36:11 - [TEST_STEP][PASSED] - verifyTextPresent("Enter ZIP code", true, CONTINUE_ON_FAILURE): Text 'Enter ZIP code' is present on page  using regular expression

2024-02-03 23:36:12 - [MESSAGE][PASSED] - Text 'Enter ZIP code' is present on page  using regular expression

2024-02-03 23:36:12 - [TEST_STEP][PASSED] - verifyTextPresent("Enter a valid phone number", true, CONTINUE_ON_FAILURE): Text 'Enter a valid phone number' is present on page  using regular expression

2024-02-03 23:36:12 - [MESSAGE][PASSED] - Text 'Enter a valid phone number' is present on page  using regular expression

2024-02-03 23:36:12 - [TEST_STEP][PASSED] - verifyTextPresent("Enter Email", true, CONTINUE_ON_FAILURE): Text 'Enter Email' is present on page  using regular expression

2024-02-03 23:36:13 - [MESSAGE][PASSED] - Text 'Enter Email' is present on page  using regular expression

2024-02-03 23:36:13 - [TEST_STEP][PASSED] - if (TaxType.equalsIgnoreCase("Estate Tax")): null

2024-02-03 23:36:13 - [TEST_STEP][PASSED] - resText = "Pass": null

2024-02-03 23:36:13 - [TEST_STEP][PASSED] - pages.WriteExcel.demoKey(resText, datText, resColumn, datCloumn, fileLoc, nameSheet, row): pages.WriteExcel.demoKey is PASSED

2024-02-03 23:36:13 - [MESSAGE][PASSED] - pages.WriteExcel.demoKey is PASSED

2024-02-03 23:36:13 - [TEST_STEP][PASSED] - ExecuteTC = findTestData(dataFile).getValue("Execute", row): null

2024-02-03 23:36:13 - [TEST_STEP][PASSED] - TaxType = findTestData(dataFile).getValue("TaxType", row): null

2024-02-03 23:36:13 - [TEST_STEP][PASSED] - PaymentType = findTestData(dataFile).getValue("PaymentType", row): null

2024-02-03 23:36:13 - [TEST_STEP][PASSED] - feinSsn = findTestData(dataFile).getValue("FEINSSN", row): null

2024-02-03 23:36:13 - [TEST_STEP][PASSED] - if (ExecuteTC.equalsIgnoreCase("Y")): pages.WriteExcel.demoKey is PASSED

2024-02-03 23:36:13 - [TEST_STEP][PASSED] - out.println("Begin Record Number: " + row): null

2024-02-03 23:36:13 - [TEST_STEP][PASSED] - today = new java.util.Date(): null

2024-02-03 23:36:13 - [TEST_STEP][PASSED] - println(today): null

2024-02-03 23:36:13 - [TEST_STEP][PASSED] - datText = today: null

2024-02-03 23:36:13 - [TEST_STEP][PASSED] - logInfo("Payment Type: Existing Liability w/Notice Number"): Payment Type: Existing Liability w/Notice Number

2024-02-03 23:36:13 - [MESSAGE][INFO] - Payment Type: Existing Liability w/Notice Number

2024-02-03 23:36:13 - [TEST_STEP][PASSED] - logInfo("Tax Type: " + TaxType): Tax Type: Unclaimed Property

2024-02-03 23:36:13 - [MESSAGE][INFO] - Tax Type: Unclaimed Property

2024-02-03 23:36:13 - [TEST_STEP][PASSED] - openBrowser(""): Browser is opened with url: ''

2024-02-03 23:36:13 - [MESSAGE][WARNING] - A browser is already opened. Closing browser and opening a new one

2024-02-03 23:36:15 - [MESSAGE][INFO] - Starting 'Chrome' driver

2024-02-03 23:36:15 - [MESSAGE][INFO] - User set preference: ['acceptInsecureCerts', 'true']

2024-02-03 23:36:15 - [MESSAGE][INFO] - Action delay is set to 0 milliseconds

2024-02-03 23:36:16 - [MESSAGE][PASSED] - Browser is opened with url: ''

2024-02-03 23:36:16 - [TEST_STEP][PASSED] - maximizeWindow(): Current window maximized

2024-02-03 23:36:17 - [MESSAGE][PASSED] - Current window maximized

2024-02-03 23:36:17 - [TEST_STEP][PASSED] - navigateToUrl(RADurl): Navigate to 'https://qa2.velocitypayment.com/client/rad/index.html' successfully

2024-02-03 23:36:17 - [MESSAGE][PASSED] - Navigate to 'https://qa2.velocitypayment.com/client/rad/index.html' successfully

2024-02-03 23:36:17 - [TEST_STEP][PASSED] - selectOptionByLabel(findTestObject(orPath_Landing + "/dd_TaxType"), "Existing Liability w/Notice Number", false): All options with label 'Existing Liability w/Notice Number' are selected in object 'Object Repository/RAD_Pages/Landing_Page/dd_TaxType' 

2024-02-03 23:36:19 - [MESSAGE][PASSED] - All options with label 'Existing Liability w/Notice Number' are selected in object 'Object Repository/RAD_Pages/Landing_Page/dd_TaxType' 

2024-02-03 23:36:19 - [TEST_STEP][PASSED] - selectOptionByLabel(findTestObject(orPath_TaxTypeFilingYear + "/select_TaxType_ExistingLiability"), TaxType, false): All options with label 'Unclaimed Property' are selected in object 'Object Repository/RAD_Pages/TaxTypeFilingYear_Page/select_TaxType_ExistingLiability' 

2024-02-03 23:36:20 - [MESSAGE][PASSED] - All options with label 'Unclaimed Property' are selected in object 'Object Repository/RAD_Pages/TaxTypeFilingYear_Page/select_TaxType_ExistingLiability' 

2024-02-03 23:36:20 - [TEST_STEP][PASSED] - setText(findTestObject(orPath_TaxPayer + "/input_businessName"), " "): Text ' ' is set on object 'Object Repository/RAD_Pages/Taxpayer_Page/input_businessName'

2024-02-03 23:36:21 - [MESSAGE][PASSED] - Text ' ' is set on object 'Object Repository/RAD_Pages/Taxpayer_Page/input_businessName'

2024-02-03 23:36:21 - [TEST_STEP][PASSED] - setText(findTestObject(orPath_TaxPayer + "/input_BusinessRepfirstName"), " "): Text ' ' is set on object 'Object Repository/RAD_Pages/Taxpayer_Page/input_BusinessRepfirstName'

2024-02-03 23:36:22 - [MESSAGE][PASSED] - Text ' ' is set on object 'Object Repository/RAD_Pages/Taxpayer_Page/input_BusinessRepfirstName'

2024-02-03 23:36:22 - [TEST_STEP][PASSED] - setText(findTestObject(orPath_TaxPayer + "/input_BusinessReplastName"), " "): Text ' ' is set on object 'Object Repository/RAD_Pages/Taxpayer_Page/input_BusinessReplastName'

2024-02-03 23:36:22 - [MESSAGE][PASSED] - Text ' ' is set on object 'Object Repository/RAD_Pages/Taxpayer_Page/input_BusinessReplastName'

2024-02-03 23:36:22 - [TEST_STEP][PASSED] - setText(findTestObject(orPath_AddressContact + "/input_streetAddress1"), " "): Text ' ' is set on object 'Object Repository/RAD_Pages/AddressAndContactInfo_Page/input_streetAddress1'

2024-02-03 23:36:23 - [MESSAGE][PASSED] - Text ' ' is set on object 'Object Repository/RAD_Pages/AddressAndContactInfo_Page/input_streetAddress1'

2024-02-03 23:36:23 - [TEST_STEP][PASSED] - setText(findTestObject(orPath_AddressContact + "/input_city"), " "): Text ' ' is set on object 'Object Repository/RAD_Pages/AddressAndContactInfo_Page/input_city'

2024-02-03 23:36:24 - [MESSAGE][PASSED] - Text ' ' is set on object 'Object Repository/RAD_Pages/AddressAndContactInfo_Page/input_city'

2024-02-03 23:36:24 - [TEST_STEP][PASSED] - setText(findTestObject(orPath_AddressContact + "/input_zipCode"), " "): Text ' ' is set on object 'Object Repository/RAD_Pages/AddressAndContactInfo_Page/input_zipCode'

2024-02-03 23:36:25 - [MESSAGE][PASSED] - Text ' ' is set on object 'Object Repository/RAD_Pages/AddressAndContactInfo_Page/input_zipCode'

2024-02-03 23:36:25 - [TEST_STEP][PASSED] - setText(findTestObject(orPath_AddressContact + "/input_phoneNumber"), " "): Text ' ' is set on object 'Object Repository/RAD_Pages/AddressAndContactInfo_Page/input_phoneNumber'

2024-02-03 23:36:25 - [MESSAGE][PASSED] - Text ' ' is set on object 'Object Repository/RAD_Pages/AddressAndContactInfo_Page/input_phoneNumber'

2024-02-03 23:36:25 - [TEST_STEP][PASSED] - setText(findTestObject(orPath_AddressContact + "/input_eMailAddress"), " "): Text ' ' is set on object 'Object Repository/RAD_Pages/AddressAndContactInfo_Page/input_eMailAddress'

2024-02-03 23:36:26 - [MESSAGE][PASSED] - Text ' ' is set on object 'Object Repository/RAD_Pages/AddressAndContactInfo_Page/input_eMailAddress'

2024-02-03 23:36:26 - [TEST_STEP][PASSED] - setText(findTestObject(orPath_AddressContact + "/input_reEnterEMailAddress"), " "): Text ' ' is set on object 'Object Repository/RAD_Pages/AddressAndContactInfo_Page/input_reEnterEMailAddress'

2024-02-03 23:36:27 - [MESSAGE][PASSED] - Text ' ' is set on object 'Object Repository/RAD_Pages/AddressAndContactInfo_Page/input_reEnterEMailAddress'

2024-02-03 23:36:27 - [TEST_STEP][PASSED] - if (TaxType.equalsIgnoreCase("Estate Tax")): null

2024-02-03 23:36:27 - [TEST_STEP][PASSED] - setText(findTestObject(orPath_Amount + "/input__paymentAmount"), ""): Text '' is set on object 'Object Repository/RAD_Pages/PaymentAmount_Page/input__paymentAmount'

2024-02-03 23:36:28 - [MESSAGE][PASSED] - Text '' is set on object 'Object Repository/RAD_Pages/PaymentAmount_Page/input__paymentAmount'

2024-02-03 23:36:28 - [TEST_STEP][PASSED] - resText = "Fail": null

2024-02-03 23:36:28 - [TEST_STEP][PASSED] - pages.WriteExcel.demoKey(resText, datText, resColumn, datCloumn, fileLoc, nameSheet, row): pages.WriteExcel.demoKey is PASSED

2024-02-03 23:36:29 - [MESSAGE][PASSED] - pages.WriteExcel.demoKey is PASSED

2024-02-03 23:36:29 - [TEST_STEP][PASSED] - verifyTextPresent("Enter business name", true, CONTINUE_ON_FAILURE): Text 'Enter business name' is present on page  using regular expression

2024-02-03 23:36:29 - [MESSAGE][PASSED] - Text 'Enter business name' is present on page  using regular expression

2024-02-03 23:36:29 - [TEST_STEP][PASSED] - verifyTextPresent("Enter business rep first name", true, CONTINUE_ON_FAILURE): Text 'Enter business rep first name' is present on page  using regular expression

2024-02-03 23:36:30 - [MESSAGE][PASSED] - Text 'Enter business rep first name' is present on page  using regular expression

2024-02-03 23:36:30 - [TEST_STEP][PASSED] - verifyTextPresent("Enter business rep last name", true, CONTINUE_ON_FAILURE): Text 'Enter business rep last name' is present on page  using regular expression

2024-02-03 23:36:30 - [MESSAGE][PASSED] - Text 'Enter business rep last name' is present on page  using regular expression

2024-02-03 23:36:30 - [TEST_STEP][PASSED] - verifyTextPresent("Enter address", true, CONTINUE_ON_FAILURE): Text 'Enter address' is present on page  using regular expression

2024-02-03 23:36:31 - [MESSAGE][PASSED] - Text 'Enter address' is present on page  using regular expression

2024-02-03 23:36:31 - [TEST_STEP][PASSED] - verifyTextPresent("Enter city", true, CONTINUE_ON_FAILURE): Text 'Enter city' is present on page  using regular expression

2024-02-03 23:36:31 - [MESSAGE][PASSED] - Text 'Enter city' is present on page  using regular expression

2024-02-03 23:36:31 - [TEST_STEP][PASSED] - verifyTextPresent("Enter ZIP code", true, CONTINUE_ON_FAILURE): Text 'Enter ZIP code' is present on page  using regular expression

2024-02-03 23:36:31 - [MESSAGE][PASSED] - Text 'Enter ZIP code' is present on page  using regular expression

2024-02-03 23:36:31 - [TEST_STEP][PASSED] - verifyTextPresent("Enter a valid phone number", true, CONTINUE_ON_FAILURE): Text 'Enter a valid phone number' is present on page  using regular expression

2024-02-03 23:36:32 - [MESSAGE][PASSED] - Text 'Enter a valid phone number' is present on page  using regular expression

2024-02-03 23:36:32 - [TEST_STEP][PASSED] - verifyTextPresent("Enter Email", true, CONTINUE_ON_FAILURE): Text 'Enter Email' is present on page  using regular expression

2024-02-03 23:36:32 - [MESSAGE][PASSED] - Text 'Enter Email' is present on page  using regular expression

2024-02-03 23:36:32 - [TEST_STEP][PASSED] - if (TaxType.equalsIgnoreCase("Estate Tax")): null

2024-02-03 23:36:32 - [TEST_STEP][PASSED] - resText = "Pass": null

2024-02-03 23:36:32 - [TEST_STEP][PASSED] - pages.WriteExcel.demoKey(resText, datText, resColumn, datCloumn, fileLoc, nameSheet, row): pages.WriteExcel.demoKey is PASSED

2024-02-03 23:36:32 - [MESSAGE][PASSED] - pages.WriteExcel.demoKey is PASSED

2024-02-03 23:36:32 - [TEST_STEP][PASSED] - ExecuteTC = findTestData(dataFile).getValue("Execute", row): null

2024-02-03 23:36:32 - [TEST_STEP][PASSED] - TaxType = findTestData(dataFile).getValue("TaxType", row): null

2024-02-03 23:36:32 - [TEST_STEP][PASSED] - PaymentType = findTestData(dataFile).getValue("PaymentType", row): null

2024-02-03 23:36:32 - [TEST_STEP][PASSED] - feinSsn = findTestData(dataFile).getValue("FEINSSN", row): null

2024-02-03 23:36:32 - [TEST_STEP][PASSED] - if (ExecuteTC.equalsIgnoreCase("Y")): pages.WriteExcel.demoKey is PASSED

2024-02-03 23:36:32 - [TEST_STEP][PASSED] - out.println("Begin Record Number: " + row): null

2024-02-03 23:36:32 - [TEST_STEP][PASSED] - today = new java.util.Date(): null

2024-02-03 23:36:32 - [TEST_STEP][PASSED] - println(today): null

2024-02-03 23:36:32 - [TEST_STEP][PASSED] - datText = today: null

2024-02-03 23:36:32 - [TEST_STEP][PASSED] - logInfo("Payment Type: Existing Liability w/Notice Number"): Payment Type: Existing Liability w/Notice Number

2024-02-03 23:36:32 - [MESSAGE][INFO] - Payment Type: Existing Liability w/Notice Number

2024-02-03 23:36:32 - [TEST_STEP][PASSED] - logInfo("Tax Type: " + TaxType): Tax Type: IFTA Tax

2024-02-03 23:36:32 - [MESSAGE][INFO] - Tax Type: IFTA Tax

2024-02-03 23:36:32 - [TEST_STEP][PASSED] - openBrowser(""): Browser is opened with url: ''

2024-02-03 23:36:32 - [MESSAGE][WARNING] - A browser is already opened. Closing browser and opening a new one

2024-02-03 23:36:34 - [MESSAGE][INFO] - Starting 'Chrome' driver

2024-02-03 23:36:34 - [MESSAGE][INFO] - User set preference: ['acceptInsecureCerts', 'true']

2024-02-03 23:36:34 - [MESSAGE][INFO] - Action delay is set to 0 milliseconds

2024-02-03 23:36:37 - [MESSAGE][PASSED] - Browser is opened with url: ''

2024-02-03 23:36:37 - [TEST_STEP][PASSED] - maximizeWindow(): Current window maximized

2024-02-03 23:36:37 - [MESSAGE][PASSED] - Current window maximized

2024-02-03 23:36:37 - [TEST_STEP][PASSED] - navigateToUrl(RADurl): Navigate to 'https://qa2.velocitypayment.com/client/rad/index.html' successfully

2024-02-03 23:36:39 - [MESSAGE][PASSED] - Navigate to 'https://qa2.velocitypayment.com/client/rad/index.html' successfully

2024-02-03 23:36:39 - [TEST_STEP][PASSED] - selectOptionByLabel(findTestObject(orPath_Landing + "/dd_TaxType"), "Existing Liability w/Notice Number", false): All options with label 'Existing Liability w/Notice Number' are selected in object 'Object Repository/RAD_Pages/Landing_Page/dd_TaxType' 

2024-02-03 23:36:40 - [MESSAGE][PASSED] - All options with label 'Existing Liability w/Notice Number' are selected in object 'Object Repository/RAD_Pages/Landing_Page/dd_TaxType' 

2024-02-03 23:36:40 - [TEST_STEP][PASSED] - selectOptionByLabel(findTestObject(orPath_TaxTypeFilingYear + "/select_TaxType_ExistingLiability"), TaxType, false): All options with label 'IFTA Tax' are selected in object 'Object Repository/RAD_Pages/TaxTypeFilingYear_Page/select_TaxType_ExistingLiability' 

2024-02-03 23:36:41 - [MESSAGE][PASSED] - All options with label 'IFTA Tax' are selected in object 'Object Repository/RAD_Pages/TaxTypeFilingYear_Page/select_TaxType_ExistingLiability' 

2024-02-03 23:36:41 - [TEST_STEP][PASSED] - setText(findTestObject(orPath_TaxPayer + "/input_businessName"), " "): Text ' ' is set on object 'Object Repository/RAD_Pages/Taxpayer_Page/input_businessName'

2024-02-03 23:36:42 - [MESSAGE][PASSED] - Text ' ' is set on object 'Object Repository/RAD_Pages/Taxpayer_Page/input_businessName'

2024-02-03 23:36:42 - [TEST_STEP][PASSED] - setText(findTestObject(orPath_TaxPayer + "/input_BusinessRepfirstName"), " "): Text ' ' is set on object 'Object Repository/RAD_Pages/Taxpayer_Page/input_BusinessRepfirstName'

2024-02-03 23:36:42 - [MESSAGE][PASSED] - Text ' ' is set on object 'Object Repository/RAD_Pages/Taxpayer_Page/input_BusinessRepfirstName'

2024-02-03 23:36:42 - [TEST_STEP][PASSED] - setText(findTestObject(orPath_TaxPayer + "/input_BusinessReplastName"), " "): Text ' ' is set on object 'Object Repository/RAD_Pages/Taxpayer_Page/input_BusinessReplastName'

2024-02-03 23:36:43 - [MESSAGE][PASSED] - Text ' ' is set on object 'Object Repository/RAD_Pages/Taxpayer_Page/input_BusinessReplastName'

2024-02-03 23:36:43 - [TEST_STEP][PASSED] - setText(findTestObject(orPath_AddressContact + "/input_streetAddress1"), " "): Text ' ' is set on object 'Object Repository/RAD_Pages/AddressAndContactInfo_Page/input_streetAddress1'

2024-02-03 23:36:44 - [MESSAGE][PASSED] - Text ' ' is set on object 'Object Repository/RAD_Pages/AddressAndContactInfo_Page/input_streetAddress1'

2024-02-03 23:36:44 - [TEST_STEP][PASSED] - setText(findTestObject(orPath_AddressContact + "/input_city"), " "): Text ' ' is set on object 'Object Repository/RAD_Pages/AddressAndContactInfo_Page/input_city'

2024-02-03 23:36:45 - [MESSAGE][PASSED] - Text ' ' is set on object 'Object Repository/RAD_Pages/AddressAndContactInfo_Page/input_city'

2024-02-03 23:36:45 - [TEST_STEP][PASSED] - setText(findTestObject(orPath_AddressContact + "/input_zipCode"), " "): Text ' ' is set on object 'Object Repository/RAD_Pages/AddressAndContactInfo_Page/input_zipCode'

2024-02-03 23:36:45 - [MESSAGE][PASSED] - Text ' ' is set on object 'Object Repository/RAD_Pages/AddressAndContactInfo_Page/input_zipCode'

2024-02-03 23:36:45 - [TEST_STEP][PASSED] - setText(findTestObject(orPath_AddressContact + "/input_phoneNumber"), " "): Text ' ' is set on object 'Object Repository/RAD_Pages/AddressAndContactInfo_Page/input_phoneNumber'

2024-02-03 23:36:46 - [MESSAGE][PASSED] - Text ' ' is set on object 'Object Repository/RAD_Pages/AddressAndContactInfo_Page/input_phoneNumber'

2024-02-03 23:36:46 - [TEST_STEP][PASSED] - setText(findTestObject(orPath_AddressContact + "/input_eMailAddress"), " "): Text ' ' is set on object 'Object Repository/RAD_Pages/AddressAndContactInfo_Page/input_eMailAddress'

2024-02-03 23:36:47 - [MESSAGE][PASSED] - Text ' ' is set on object 'Object Repository/RAD_Pages/AddressAndContactInfo_Page/input_eMailAddress'

2024-02-03 23:36:47 - [TEST_STEP][PASSED] - setText(findTestObject(orPath_AddressContact + "/input_reEnterEMailAddress"), " "): Text ' ' is set on object 'Object Repository/RAD_Pages/AddressAndContactInfo_Page/input_reEnterEMailAddress'

2024-02-03 23:36:48 - [MESSAGE][PASSED] - Text ' ' is set on object 'Object Repository/RAD_Pages/AddressAndContactInfo_Page/input_reEnterEMailAddress'

2024-02-03 23:36:48 - [TEST_STEP][PASSED] - if (TaxType.equalsIgnoreCase("Estate Tax")): null

2024-02-03 23:36:48 - [TEST_STEP][PASSED] - setText(findTestObject(orPath_Amount + "/input__paymentAmount"), ""): Text '' is set on object 'Object Repository/RAD_Pages/PaymentAmount_Page/input__paymentAmount'

2024-02-03 23:36:49 - [MESSAGE][PASSED] - Text '' is set on object 'Object Repository/RAD_Pages/PaymentAmount_Page/input__paymentAmount'

2024-02-03 23:36:49 - [TEST_STEP][PASSED] - resText = "Fail": null

2024-02-03 23:36:49 - [TEST_STEP][PASSED] - pages.WriteExcel.demoKey(resText, datText, resColumn, datCloumn, fileLoc, nameSheet, row): pages.WriteExcel.demoKey is PASSED

2024-02-03 23:36:49 - [MESSAGE][PASSED] - pages.WriteExcel.demoKey is PASSED

2024-02-03 23:36:49 - [TEST_STEP][PASSED] - verifyTextPresent("Enter business name", true, CONTINUE_ON_FAILURE): Text 'Enter business name' is present on page  using regular expression

2024-02-03 23:36:50 - [MESSAGE][PASSED] - Text 'Enter business name' is present on page  using regular expression

2024-02-03 23:36:50 - [TEST_STEP][PASSED] - verifyTextPresent("Enter business rep first name", true, CONTINUE_ON_FAILURE): Text 'Enter business rep first name' is present on page  using regular expression

2024-02-03 23:36:50 - [MESSAGE][PASSED] - Text 'Enter business rep first name' is present on page  using regular expression

2024-02-03 23:36:50 - [TEST_STEP][PASSED] - verifyTextPresent("Enter business rep last name", true, CONTINUE_ON_FAILURE): Text 'Enter business rep last name' is present on page  using regular expression

2024-02-03 23:36:50 - [MESSAGE][PASSED] - Text 'Enter business rep last name' is present on page  using regular expression

2024-02-03 23:36:50 - [TEST_STEP][PASSED] - verifyTextPresent("Enter address", true, CONTINUE_ON_FAILURE): Text 'Enter address' is present on page  using regular expression

2024-02-03 23:36:51 - [MESSAGE][PASSED] - Text 'Enter address' is present on page  using regular expression

2024-02-03 23:36:51 - [TEST_STEP][PASSED] - verifyTextPresent("Enter city", true, CONTINUE_ON_FAILURE): Text 'Enter city' is present on page  using regular expression

2024-02-03 23:36:51 - [MESSAGE][PASSED] - Text 'Enter city' is present on page  using regular expression

2024-02-03 23:36:51 - [TEST_STEP][PASSED] - verifyTextPresent("Enter ZIP code", true, CONTINUE_ON_FAILURE): Text 'Enter ZIP code' is present on page  using regular expression

2024-02-03 23:36:52 - [MESSAGE][PASSED] - Text 'Enter ZIP code' is present on page  using regular expression

2024-02-03 23:36:52 - [TEST_STEP][PASSED] - verifyTextPresent("Enter a valid phone number", true, CONTINUE_ON_FAILURE): Text 'Enter a valid phone number' is present on page  using regular expression

2024-02-03 23:36:52 - [MESSAGE][PASSED] - Text 'Enter a valid phone number' is present on page  using regular expression

2024-02-03 23:36:52 - [TEST_STEP][PASSED] - verifyTextPresent("Enter Email", true, CONTINUE_ON_FAILURE): Text 'Enter Email' is present on page  using regular expression

2024-02-03 23:36:52 - [MESSAGE][PASSED] - Text 'Enter Email' is present on page  using regular expression

2024-02-03 23:36:52 - [TEST_STEP][PASSED] - if (TaxType.equalsIgnoreCase("Estate Tax")): null

2024-02-03 23:36:52 - [TEST_STEP][PASSED] - resText = "Pass": null

2024-02-03 23:36:52 - [TEST_STEP][PASSED] - pages.WriteExcel.demoKey(resText, datText, resColumn, datCloumn, fileLoc, nameSheet, row): pages.WriteExcel.demoKey is PASSED

2024-02-03 23:36:52 - [MESSAGE][PASSED] - pages.WriteExcel.demoKey is PASSED]]></system-out>
         <system-err><![CDATA[]]></system-err>
      </testcase>
      <testcase name="Test Cases/RAD_TestCases/MRF_TestCases/NewTaxReturn_MRF_TC" time="1033.151" classname="Test Cases/RAD_TestCases/MRF_TestCases/NewTaxReturn_MRF_TC" status="PASSED">
         <system-out><![CDATA[2024-02-03 23:36:52 - [TEST_CASE][PASSED] - Test Cases/RAD_TestCases/MRF_TestCases/NewTaxReturn_MRF_TC: Test Cases/RAD_TestCases/MRF_TestCases/NewTaxReturn_MRF_TC

2024-02-03 23:36:53 - [TEST_STEP][PASSED] - resText = "Fail": null

2024-02-03 23:36:53 - [TEST_STEP][PASSED] - resColumn = "Result": null

2024-02-03 23:36:53 - [TEST_STEP][PASSED] - datCloumn = "Date": null

2024-02-03 23:36:53 - [TEST_STEP][PASSED] - fileLoc = "KatalonData/RADTestData/MRF.xlsx": null

2024-02-03 23:36:53 - [TEST_STEP][PASSED] - nameSheet = "NewTaxReturn": null

2024-02-03 23:36:53 - [TEST_STEP][PASSED] - dataFile = "RADTestData/MRF_NewTaxReturn": null

2024-02-03 23:36:53 - [TEST_STEP][PASSED] - orPath_Landing = "Object Repository/RAD_Pages/Landing_Page": null

2024-02-03 23:36:53 - [TEST_STEP][PASSED] - orPath_TaxTypeFilingYear = "Object Repository/RAD_Pages/TaxTypeFilingYear_Page": null

2024-02-03 23:36:53 - [TEST_STEP][PASSED] - orPath_Amount = "Object Repository/RAD_Pages/PaymentAmount_Page": null

2024-02-03 23:36:53 - [TEST_STEP][PASSED] - orPath_AddressContact = "Object Repository/RAD_Pages/AddressAndContactInfo_Page": null

2024-02-03 23:36:53 - [TEST_STEP][PASSED] - orPath_Summary = "Object Repository/RAD_Pages/Summary_Page": null

2024-02-03 23:36:53 - [TEST_STEP][PASSED] - orPath_PaymentConfirmation = "Object Repository/RAD_Pages/PaymentConfirmation_Page": null

2024-02-03 23:36:53 - [TEST_STEP][PASSED] - orPath_ServiceFeesAccept = "Object Repository/RAD_Pages/ServiceFeeAccept_Page": null

2024-02-03 23:36:53 - [TEST_STEP][PASSED] - orPath_PaymentEntry = "Object Repository/RAD_Pages/PaymentEntry_Page": null

2024-02-03 23:36:53 - [TEST_STEP][PASSED] - orPath_TaxInfo = "Object Repository/RAD_Pages/TaxInfo_Page": null

2024-02-03 23:36:53 - [TEST_STEP][PASSED] - orPath_TaxPayer = "Object Repository/RAD_Pages/Taxpayer_Page": null

2024-02-03 23:36:53 - [TEST_STEP][PASSED] - ExecuteTC = <not implemented yet for class: org.codehaus.groovy.ast.expr.EmptyExpression>: null

2024-02-03 23:36:53 - [TEST_STEP][PASSED] - TaxType = <not implemented yet for class: org.codehaus.groovy.ast.expr.EmptyExpression>: null

2024-02-03 23:36:53 - [TEST_STEP][PASSED] - PaymentType = <not implemented yet for class: org.codehaus.groovy.ast.expr.EmptyExpression>: null

2024-02-03 23:36:53 - [TEST_STEP][PASSED] - FilingYear = <not implemented yet for class: org.codehaus.groovy.ast.expr.EmptyExpression>: null

2024-02-03 23:36:53 - [TEST_STEP][PASSED] - PeriodEndingMonth = <not implemented yet for class: org.codehaus.groovy.ast.expr.EmptyExpression>: null

2024-02-03 23:36:53 - [TEST_STEP][PASSED] - feinSSN = <not implemented yet for class: org.codehaus.groovy.ast.expr.EmptyExpression>: null

2024-02-03 23:36:53 - [TEST_STEP][PASSED] - numOfRows = findTestData(dataFile).getRowNumbers(): null

2024-02-03 23:36:53 - [TEST_STEP][PASSED] - println("Number of Records: " + numOfRows): null

2024-02-03 23:36:53 - [TEST_STEP][PASSED] - for ([row = 1, row <= numOfRows, (row++)]): pages.WriteExcel.demoKey is PASSED

2024-02-03 23:36:53 - [TEST_STEP][PASSED] - ExecuteTC = findTestData(dataFile).getValue("Execute", row): null

2024-02-03 23:36:53 - [TEST_STEP][PASSED] - TaxType = findTestData(dataFile).getValue("TaxType", row): null

2024-02-03 23:36:53 - [TEST_STEP][PASSED] - PaymentType = findTestData(dataFile).getValue("PaymentType", row): null

2024-02-03 23:36:53 - [TEST_STEP][PASSED] - FilingYear = findTestData(dataFile).getValue("Year", row): null

2024-02-03 23:36:53 - [TEST_STEP][PASSED] - feinSSN = findTestData(dataFile).getValue("FeinSsn", row): null

2024-02-03 23:36:53 - [TEST_STEP][PASSED] - if (ExecuteTC.equalsIgnoreCase("Y")): pages.WriteExcel.demoKey is PASSED

2024-02-03 23:36:53 - [TEST_STEP][PASSED] - out.println("Begin Record Number: " + row): null

2024-02-03 23:36:53 - [TEST_STEP][PASSED] - today = new java.util.Date(): null

2024-02-03 23:36:53 - [TEST_STEP][PASSED] - println(today): null

2024-02-03 23:36:53 - [TEST_STEP][PASSED] - datText = today: null

2024-02-03 23:36:53 - [TEST_STEP][PASSED] - logInfo("Payment Type: New Tax Return Amount Due"): Payment Type: New Tax Return Amount Due

2024-02-03 23:36:53 - [MESSAGE][INFO] - Payment Type: New Tax Return Amount Due

2024-02-03 23:36:53 - [TEST_STEP][PASSED] - logInfo("Tax Type: " + TaxType): Tax Type: Fiduciary Tax

2024-02-03 23:36:53 - [MESSAGE][INFO] - Tax Type: Fiduciary Tax

2024-02-03 23:36:53 - [TEST_STEP][PASSED] - openBrowser(""): Browser is opened with url: ''

2024-02-03 23:36:53 - [MESSAGE][WARNING] - A browser is already opened. Closing browser and opening a new one

2024-02-03 23:36:55 - [MESSAGE][INFO] - Starting 'Chrome' driver

2024-02-03 23:36:55 - [MESSAGE][INFO] - User set preference: ['acceptInsecureCerts', 'true']

2024-02-03 23:36:55 - [MESSAGE][INFO] - Action delay is set to 0 milliseconds

2024-02-03 23:36:56 - [MESSAGE][PASSED] - Browser is opened with url: ''

2024-02-03 23:36:56 - [TEST_STEP][PASSED] - maximizeWindow(): Current window maximized

2024-02-03 23:36:57 - [MESSAGE][PASSED] - Current window maximized

2024-02-03 23:36:57 - [TEST_STEP][PASSED] - navigateToUrl(RADurl): Navigate to 'https://qa2.velocitypayment.com/client/rad/index.html' successfully

2024-02-03 23:36:59 - [MESSAGE][PASSED] - Navigate to 'https://qa2.velocitypayment.com/client/rad/index.html' successfully

2024-02-03 23:36:59 - [TEST_STEP][PASSED] - selectOptionByLabel(findTestObject(orPath_Landing + "/dd_TaxType"), "New Tax Return Amount Due", false): All options with label 'New Tax Return Amount Due' are selected in object 'Object Repository/RAD_Pages/Landing_Page/dd_TaxType' 

2024-02-03 23:36:59 - [MESSAGE][PASSED] - All options with label 'New Tax Return Amount Due' are selected in object 'Object Repository/RAD_Pages/Landing_Page/dd_TaxType' 

2024-02-03 23:36:59 - [TEST_STEP][PASSED] - selectOptionByLabel(findTestObject("Object Repository/RAD_Pages/Landing_Page/select_NewTaxReturnAmountDue_TaxType"), TaxType, false): All options with label 'Fiduciary Tax' are selected in object 'Object Repository/RAD_Pages/Landing_Page/select_NewTaxReturnAmountDue_TaxType' 

2024-02-03 23:37:00 - [MESSAGE][PASSED] - All options with label 'Fiduciary Tax' are selected in object 'Object Repository/RAD_Pages/Landing_Page/select_NewTaxReturnAmountDue_TaxType' 

2024-02-03 23:37:00 - [TEST_STEP][PASSED] - selectOptionByLabel(findTestObject(orPath_TaxTypeFilingYear + "/select_FilingYear"), FilingYear, false): All options with label '2023' are selected in object 'Object Repository/RAD_Pages/TaxTypeFilingYear_Page/select_FilingYear' 

2024-02-03 23:37:01 - [MESSAGE][PASSED] - All options with label '2023' are selected in object 'Object Repository/RAD_Pages/TaxTypeFilingYear_Page/select_FilingYear' 

2024-02-03 23:37:01 - [TEST_STEP][PASSED] - setText(findTestObject(orPath_TaxPayer + "/input_businessName"), " "): Text ' ' is set on object 'Object Repository/RAD_Pages/Taxpayer_Page/input_businessName'

2024-02-03 23:37:02 - [MESSAGE][PASSED] - Text ' ' is set on object 'Object Repository/RAD_Pages/Taxpayer_Page/input_businessName'

2024-02-03 23:37:02 - [TEST_STEP][PASSED] - setText(findTestObject(orPath_TaxPayer + "/input_BusinessRepfirstName"), " "): Text ' ' is set on object 'Object Repository/RAD_Pages/Taxpayer_Page/input_BusinessRepfirstName'

2024-02-03 23:37:02 - [MESSAGE][PASSED] - Text ' ' is set on object 'Object Repository/RAD_Pages/Taxpayer_Page/input_BusinessRepfirstName'

2024-02-03 23:37:02 - [TEST_STEP][PASSED] - setText(findTestObject(orPath_TaxPayer + "/input_BusinessReplastName"), " "): Text ' ' is set on object 'Object Repository/RAD_Pages/Taxpayer_Page/input_BusinessReplastName'

2024-02-03 23:37:03 - [MESSAGE][PASSED] - Text ' ' is set on object 'Object Repository/RAD_Pages/Taxpayer_Page/input_BusinessReplastName'

2024-02-03 23:37:03 - [TEST_STEP][PASSED] - setText(findTestObject(orPath_AddressContact + "/input_streetAddress1"), " "): Text ' ' is set on object 'Object Repository/RAD_Pages/AddressAndContactInfo_Page/input_streetAddress1'

2024-02-03 23:37:04 - [MESSAGE][PASSED] - Text ' ' is set on object 'Object Repository/RAD_Pages/AddressAndContactInfo_Page/input_streetAddress1'

2024-02-03 23:37:04 - [TEST_STEP][PASSED] - setText(findTestObject(orPath_AddressContact + "/input_city"), " "): Text ' ' is set on object 'Object Repository/RAD_Pages/AddressAndContactInfo_Page/input_city'

2024-02-03 23:37:04 - [MESSAGE][PASSED] - Text ' ' is set on object 'Object Repository/RAD_Pages/AddressAndContactInfo_Page/input_city'

2024-02-03 23:37:04 - [TEST_STEP][PASSED] - setText(findTestObject(orPath_AddressContact + "/input_zipCode"), " "): Text ' ' is set on object 'Object Repository/RAD_Pages/AddressAndContactInfo_Page/input_zipCode'

2024-02-03 23:37:05 - [MESSAGE][PASSED] - Text ' ' is set on object 'Object Repository/RAD_Pages/AddressAndContactInfo_Page/input_zipCode'

2024-02-03 23:37:05 - [TEST_STEP][PASSED] - setText(findTestObject(orPath_AddressContact + "/input_phoneNumber"), " "): Text ' ' is set on object 'Object Repository/RAD_Pages/AddressAndContactInfo_Page/input_phoneNumber'

2024-02-03 23:37:06 - [MESSAGE][PASSED] - Text ' ' is set on object 'Object Repository/RAD_Pages/AddressAndContactInfo_Page/input_phoneNumber'

2024-02-03 23:37:06 - [TEST_STEP][PASSED] - setText(findTestObject(orPath_AddressContact + "/input_eMailAddress"), " "): Text ' ' is set on object 'Object Repository/RAD_Pages/AddressAndContactInfo_Page/input_eMailAddress'

2024-02-03 23:37:07 - [MESSAGE][PASSED] - Text ' ' is set on object 'Object Repository/RAD_Pages/AddressAndContactInfo_Page/input_eMailAddress'

2024-02-03 23:37:07 - [TEST_STEP][PASSED] - setText(findTestObject(orPath_AddressContact + "/input_reEnterEMailAddress"), " "): Text ' ' is set on object 'Object Repository/RAD_Pages/AddressAndContactInfo_Page/input_reEnterEMailAddress'

2024-02-03 23:37:08 - [MESSAGE][PASSED] - Text ' ' is set on object 'Object Repository/RAD_Pages/AddressAndContactInfo_Page/input_reEnterEMailAddress'

2024-02-03 23:37:08 - [TEST_STEP][PASSED] - if (TaxType.equalsIgnoreCase("Estate Tax")): null

2024-02-03 23:37:08 - [TEST_STEP][PASSED] - setText(findTestObject(orPath_Amount + "/input__paymentAmount"), ""): Text '' is set on object 'Object Repository/RAD_Pages/PaymentAmount_Page/input__paymentAmount'

2024-02-03 23:37:08 - [MESSAGE][PASSED] - Text '' is set on object 'Object Repository/RAD_Pages/PaymentAmount_Page/input__paymentAmount'

2024-02-03 23:37:08 - [TEST_STEP][PASSED] - resText = "Fail": null

2024-02-03 23:37:08 - [TEST_STEP][PASSED] - pages.WriteExcel.demoKey(resText, datText, resColumn, datCloumn, fileLoc, nameSheet, row): pages.WriteExcel.demoKey is PASSED

2024-02-03 23:37:09 - [MESSAGE][PASSED] - pages.WriteExcel.demoKey is PASSED

2024-02-03 23:37:09 - [TEST_STEP][PASSED] - verifyTextPresent("Enter business name", true, CONTINUE_ON_FAILURE): Text 'Enter business name' is present on page  using regular expression

2024-02-03 23:37:09 - [MESSAGE][PASSED] - Text 'Enter business name' is present on page  using regular expression

2024-02-03 23:37:09 - [TEST_STEP][PASSED] - verifyTextPresent("Enter business rep first name", true, CONTINUE_ON_FAILURE): Text 'Enter business rep first name' is present on page  using regular expression

2024-02-03 23:37:10 - [MESSAGE][PASSED] - Text 'Enter business rep first name' is present on page  using regular expression

2024-02-03 23:37:10 - [TEST_STEP][PASSED] - verifyTextPresent("Enter business rep last name", true, CONTINUE_ON_FAILURE): Text 'Enter business rep last name' is present on page  using regular expression

2024-02-03 23:37:10 - [MESSAGE][PASSED] - Text 'Enter business rep last name' is present on page  using regular expression

2024-02-03 23:37:10 - [TEST_STEP][PASSED] - verifyTextPresent("Enter address", true, CONTINUE_ON_FAILURE): Text 'Enter address' is present on page  using regular expression

2024-02-03 23:37:10 - [MESSAGE][PASSED] - Text 'Enter address' is present on page  using regular expression

2024-02-03 23:37:10 - [TEST_STEP][PASSED] - verifyTextPresent("Enter city", true, CONTINUE_ON_FAILURE): Text 'Enter city' is present on page  using regular expression

2024-02-03 23:37:11 - [MESSAGE][PASSED] - Text 'Enter city' is present on page  using regular expression

2024-02-03 23:37:11 - [TEST_STEP][PASSED] - verifyTextPresent("Enter ZIP code", true, CONTINUE_ON_FAILURE): Text 'Enter ZIP code' is present on page  using regular expression

2024-02-03 23:37:11 - [MESSAGE][PASSED] - Text 'Enter ZIP code' is present on page  using regular expression

2024-02-03 23:37:11 - [TEST_STEP][PASSED] - verifyTextPresent("Enter a valid phone number", true, CONTINUE_ON_FAILURE): Text 'Enter a valid phone number' is present on page  using regular expression

2024-02-03 23:37:12 - [MESSAGE][PASSED] - Text 'Enter a valid phone number' is present on page  using regular expression

2024-02-03 23:37:12 - [TEST_STEP][PASSED] - verifyTextPresent("Enter Email", true, CONTINUE_ON_FAILURE): Text 'Enter Email' is present on page  using regular expression

2024-02-03 23:37:12 - [MESSAGE][PASSED] - Text 'Enter Email' is present on page  using regular expression

2024-02-03 23:37:12 - [TEST_STEP][PASSED] - if (TaxType.equalsIgnoreCase("Estate Tax")): null

2024-02-03 23:37:12 - [TEST_STEP][PASSED] - resText = "Pass": null

2024-02-03 23:37:12 - [TEST_STEP][PASSED] - pages.WriteExcel.demoKey(resText, datText, resColumn, datCloumn, fileLoc, nameSheet, row): pages.WriteExcel.demoKey is PASSED

2024-02-03 23:37:12 - [MESSAGE][PASSED] - pages.WriteExcel.demoKey is PASSED

2024-02-03 23:37:12 - [TEST_STEP][PASSED] - ExecuteTC = findTestData(dataFile).getValue("Execute", row): null

2024-02-03 23:37:12 - [TEST_STEP][PASSED] - TaxType = findTestData(dataFile).getValue("TaxType", row): null

2024-02-03 23:37:12 - [TEST_STEP][PASSED] - PaymentType = findTestData(dataFile).getValue("PaymentType", row): null

2024-02-03 23:37:12 - [TEST_STEP][PASSED] - FilingYear = findTestData(dataFile).getValue("Year", row): null

2024-02-03 23:37:12 - [TEST_STEP][PASSED] - feinSSN = findTestData(dataFile).getValue("FeinSsn", row): null

2024-02-03 23:37:12 - [TEST_STEP][PASSED] - if (ExecuteTC.equalsIgnoreCase("Y")): pages.WriteExcel.demoKey is PASSED

2024-02-03 23:37:12 - [TEST_STEP][PASSED] - out.println("Begin Record Number: " + row): null

2024-02-03 23:37:12 - [TEST_STEP][PASSED] - today = new java.util.Date(): null

2024-02-03 23:37:12 - [TEST_STEP][PASSED] - println(today): null

2024-02-03 23:37:12 - [TEST_STEP][PASSED] - datText = today: null

2024-02-03 23:37:12 - [TEST_STEP][PASSED] - logInfo("Payment Type: New Tax Return Amount Due"): Payment Type: New Tax Return Amount Due

2024-02-03 23:37:12 - [MESSAGE][INFO] - Payment Type: New Tax Return Amount Due

2024-02-03 23:37:12 - [TEST_STEP][PASSED] - logInfo("Tax Type: " + TaxType): Tax Type: PTE Non-Electing Non-S Corp

2024-02-03 23:37:12 - [MESSAGE][INFO] - Tax Type: PTE Non-Electing Non-S Corp

2024-02-03 23:37:12 - [TEST_STEP][PASSED] - openBrowser(""): Browser is opened with url: ''

2024-02-03 23:37:12 - [MESSAGE][WARNING] - A browser is already opened. Closing browser and opening a new one

2024-02-03 23:37:14 - [MESSAGE][INFO] - Starting 'Chrome' driver

2024-02-03 23:37:14 - [MESSAGE][INFO] - User set preference: ['acceptInsecureCerts', 'true']

2024-02-03 23:37:14 - [MESSAGE][INFO] - Action delay is set to 0 milliseconds

2024-02-03 23:37:16 - [MESSAGE][PASSED] - Browser is opened with url: ''

2024-02-03 23:37:16 - [TEST_STEP][PASSED] - maximizeWindow(): Current window maximized

2024-02-03 23:37:16 - [MESSAGE][PASSED] - Current window maximized

2024-02-03 23:37:16 - [TEST_STEP][PASSED] - navigateToUrl(RADurl): Navigate to 'https://qa2.velocitypayment.com/client/rad/index.html' successfully

2024-02-03 23:37:16 - [MESSAGE][PASSED] - Navigate to 'https://qa2.velocitypayment.com/client/rad/index.html' successfully

2024-02-03 23:37:16 - [TEST_STEP][PASSED] - selectOptionByLabel(findTestObject(orPath_Landing + "/dd_TaxType"), "New Tax Return Amount Due", false): All options with label 'New Tax Return Amount Due' are selected in object 'Object Repository/RAD_Pages/Landing_Page/dd_TaxType' 

2024-02-03 23:37:19 - [MESSAGE][PASSED] - All options with label 'New Tax Return Amount Due' are selected in object 'Object Repository/RAD_Pages/Landing_Page/dd_TaxType' 

2024-02-03 23:37:19 - [TEST_STEP][PASSED] - selectOptionByLabel(findTestObject("Object Repository/RAD_Pages/Landing_Page/select_NewTaxReturnAmountDue_TaxType"), TaxType, false): All options with label 'PTE Non-Electing Non-S Corp' are selected in object 'Object Repository/RAD_Pages/Landing_Page/select_NewTaxReturnAmountDue_TaxType' 

2024-02-03 23:37:19 - [MESSAGE][PASSED] - All options with label 'PTE Non-Electing Non-S Corp' are selected in object 'Object Repository/RAD_Pages/Landing_Page/select_NewTaxReturnAmountDue_TaxType' 

2024-02-03 23:37:19 - [TEST_STEP][PASSED] - selectOptionByLabel(findTestObject(orPath_TaxTypeFilingYear + "/select_FilingYear"), FilingYear, false): All options with label '2023' are selected in object 'Object Repository/RAD_Pages/TaxTypeFilingYear_Page/select_FilingYear' 

2024-02-03 23:37:20 - [MESSAGE][PASSED] - All options with label '2023' are selected in object 'Object Repository/RAD_Pages/TaxTypeFilingYear_Page/select_FilingYear' 

2024-02-03 23:37:20 - [TEST_STEP][PASSED] - setText(findTestObject(orPath_TaxPayer + "/input_businessName"), " "): Text ' ' is set on object 'Object Repository/RAD_Pages/Taxpayer_Page/input_businessName'

2024-02-03 23:37:21 - [MESSAGE][PASSED] - Text ' ' is set on object 'Object Repository/RAD_Pages/Taxpayer_Page/input_businessName'

2024-02-03 23:37:21 - [TEST_STEP][PASSED] - setText(findTestObject(orPath_TaxPayer + "/input_BusinessRepfirstName"), " "): Text ' ' is set on object 'Object Repository/RAD_Pages/Taxpayer_Page/input_BusinessRepfirstName'

2024-02-03 23:37:22 - [MESSAGE][PASSED] - Text ' ' is set on object 'Object Repository/RAD_Pages/Taxpayer_Page/input_BusinessRepfirstName'

2024-02-03 23:37:22 - [TEST_STEP][PASSED] - setText(findTestObject(orPath_TaxPayer + "/input_BusinessReplastName"), " "): Text ' ' is set on object 'Object Repository/RAD_Pages/Taxpayer_Page/input_BusinessReplastName'

2024-02-03 23:37:22 - [MESSAGE][PASSED] - Text ' ' is set on object 'Object Repository/RAD_Pages/Taxpayer_Page/input_BusinessReplastName'

2024-02-03 23:37:22 - [TEST_STEP][PASSED] - setText(findTestObject(orPath_AddressContact + "/input_streetAddress1"), " "): Text ' ' is set on object 'Object Repository/RAD_Pages/AddressAndContactInfo_Page/input_streetAddress1'

2024-02-03 23:37:23 - [MESSAGE][PASSED] - Text ' ' is set on object 'Object Repository/RAD_Pages/AddressAndContactInfo_Page/input_streetAddress1'

2024-02-03 23:37:23 - [TEST_STEP][PASSED] - setText(findTestObject(orPath_AddressContact + "/input_city"), " "): Text ' ' is set on object 'Object Repository/RAD_Pages/AddressAndContactInfo_Page/input_city'

2024-02-03 23:37:24 - [MESSAGE][PASSED] - Text ' ' is set on object 'Object Repository/RAD_Pages/AddressAndContactInfo_Page/input_city'

2024-02-03 23:37:24 - [TEST_STEP][PASSED] - setText(findTestObject(orPath_AddressContact + "/input_zipCode"), " "): Text ' ' is set on object 'Object Repository/RAD_Pages/AddressAndContactInfo_Page/input_zipCode'

2024-02-03 23:37:24 - [MESSAGE][PASSED] - Text ' ' is set on object 'Object Repository/RAD_Pages/AddressAndContactInfo_Page/input_zipCode'

2024-02-03 23:37:24 - [TEST_STEP][PASSED] - setText(findTestObject(orPath_AddressContact + "/input_phoneNumber"), " "): Text ' ' is set on object 'Object Repository/RAD_Pages/AddressAndContactInfo_Page/input_phoneNumber'

2024-02-03 23:37:25 - [MESSAGE][PASSED] - Text ' ' is set on object 'Object Repository/RAD_Pages/AddressAndContactInfo_Page/input_phoneNumber'

2024-02-03 23:37:25 - [TEST_STEP][PASSED] - setText(findTestObject(orPath_AddressContact + "/input_eMailAddress"), " "): Text ' ' is set on object 'Object Repository/RAD_Pages/AddressAndContactInfo_Page/input_eMailAddress'

2024-02-03 23:37:26 - [MESSAGE][PASSED] - Text ' ' is set on object 'Object Repository/RAD_Pages/AddressAndContactInfo_Page/input_eMailAddress'

2024-02-03 23:37:26 - [TEST_STEP][PASSED] - setText(findTestObject(orPath_AddressContact + "/input_reEnterEMailAddress"), " "): Text ' ' is set on object 'Object Repository/RAD_Pages/AddressAndContactInfo_Page/input_reEnterEMailAddress'

2024-02-03 23:37:27 - [MESSAGE][PASSED] - Text ' ' is set on object 'Object Repository/RAD_Pages/AddressAndContactInfo_Page/input_reEnterEMailAddress'

2024-02-03 23:37:27 - [TEST_STEP][PASSED] - if (TaxType.equalsIgnoreCase("Estate Tax")): null

2024-02-03 23:37:27 - [TEST_STEP][PASSED] - setText(findTestObject(orPath_Amount + "/input__paymentAmount"), ""): Text '' is set on object 'Object Repository/RAD_Pages/PaymentAmount_Page/input__paymentAmount'

2024-02-03 23:37:28 - [MESSAGE][PASSED] - Text '' is set on object 'Object Repository/RAD_Pages/PaymentAmount_Page/input__paymentAmount'

2024-02-03 23:37:28 - [TEST_STEP][PASSED] - resText = "Fail": null

2024-02-03 23:37:28 - [TEST_STEP][PASSED] - pages.WriteExcel.demoKey(resText, datText, resColumn, datCloumn, fileLoc, nameSheet, row): pages.WriteExcel.demoKey is PASSED

2024-02-03 23:37:28 - [MESSAGE][PASSED] - pages.WriteExcel.demoKey is PASSED

2024-02-03 23:37:28 - [TEST_STEP][PASSED] - verifyTextPresent("Enter business name", true, CONTINUE_ON_FAILURE): Text 'Enter business name' is present on page  using regular expression

2024-02-03 23:37:29 - [MESSAGE][PASSED] - Text 'Enter business name' is present on page  using regular expression

2024-02-03 23:37:29 - [TEST_STEP][PASSED] - verifyTextPresent("Enter business rep first name", true, CONTINUE_ON_FAILURE): Text 'Enter business rep first name' is present on page  using regular expression

2024-02-03 23:37:29 - [MESSAGE][PASSED] - Text 'Enter business rep first name' is present on page  using regular expression

2024-02-03 23:37:29 - [TEST_STEP][PASSED] - verifyTextPresent("Enter business rep last name", true, CONTINUE_ON_FAILURE): Text 'Enter business rep last name' is present on page  using regular expression

2024-02-03 23:37:30 - [MESSAGE][PASSED] - Text 'Enter business rep last name' is present on page  using regular expression

2024-02-03 23:37:30 - [TEST_STEP][PASSED] - verifyTextPresent("Enter address", true, CONTINUE_ON_FAILURE): Text 'Enter address' is present on page  using regular expression

2024-02-03 23:37:30 - [MESSAGE][PASSED] - Text 'Enter address' is present on page  using regular expression

2024-02-03 23:37:30 - [TEST_STEP][PASSED] - verifyTextPresent("Enter city", true, CONTINUE_ON_FAILURE): Text 'Enter city' is present on page  using regular expression

2024-02-03 23:37:31 - [MESSAGE][PASSED] - Text 'Enter city' is present on page  using regular expression

2024-02-03 23:37:31 - [TEST_STEP][PASSED] - verifyTextPresent("Enter ZIP code", true, CONTINUE_ON_FAILURE): Text 'Enter ZIP code' is present on page  using regular expression

2024-02-03 23:37:31 - [MESSAGE][PASSED] - Text 'Enter ZIP code' is present on page  using regular expression

2024-02-03 23:37:31 - [TEST_STEP][PASSED] - verifyTextPresent("Enter a valid phone number", true, CONTINUE_ON_FAILURE): Text 'Enter a valid phone number' is present on page  using regular expression

2024-02-03 23:37:31 - [MESSAGE][PASSED] - Text 'Enter a valid phone number' is present on page  using regular expression

2024-02-03 23:37:31 - [TEST_STEP][PASSED] - verifyTextPresent("Enter Email", true, CONTINUE_ON_FAILURE): Text 'Enter Email' is present on page  using regular expression

2024-02-03 23:37:32 - [MESSAGE][PASSED] - Text 'Enter Email' is present on page  using regular expression

2024-02-03 23:37:32 - [TEST_STEP][PASSED] - if (TaxType.equalsIgnoreCase("Estate Tax")): null

2024-02-03 23:37:32 - [TEST_STEP][PASSED] - resText = "Pass": null

2024-02-03 23:37:32 - [TEST_STEP][PASSED] - pages.WriteExcel.demoKey(resText, datText, resColumn, datCloumn, fileLoc, nameSheet, row): pages.WriteExcel.demoKey is PASSED

2024-02-03 23:37:32 - [MESSAGE][PASSED] - pages.WriteExcel.demoKey is PASSED

2024-02-03 23:37:32 - [TEST_STEP][PASSED] - ExecuteTC = findTestData(dataFile).getValue("Execute", row): null

2024-02-03 23:37:32 - [TEST_STEP][PASSED] - TaxType = findTestData(dataFile).getValue("TaxType", row): null

2024-02-03 23:37:32 - [TEST_STEP][PASSED] - PaymentType = findTestData(dataFile).getValue("PaymentType", row): null

2024-02-03 23:37:32 - [TEST_STEP][PASSED] - FilingYear = findTestData(dataFile).getValue("Year", row): null

2024-02-03 23:37:32 - [TEST_STEP][PASSED] - feinSSN = findTestData(dataFile).getValue("FeinSsn", row): null

2024-02-03 23:37:32 - [TEST_STEP][PASSED] - if (ExecuteTC.equalsIgnoreCase("Y")): pages.WriteExcel.demoKey is PASSED

2024-02-03 23:37:32 - [TEST_STEP][PASSED] - out.println("Begin Record Number: " + row): null

2024-02-03 23:37:32 - [TEST_STEP][PASSED] - today = new java.util.Date(): null

2024-02-03 23:37:32 - [TEST_STEP][PASSED] - println(today): null

2024-02-03 23:37:32 - [TEST_STEP][PASSED] - datText = today: null

2024-02-03 23:37:32 - [TEST_STEP][PASSED] - logInfo("Payment Type: New Tax Return Amount Due"): Payment Type: New Tax Return Amount Due

2024-02-03 23:37:32 - [MESSAGE][INFO] - Payment Type: New Tax Return Amount Due

2024-02-03 23:37:32 - [TEST_STEP][PASSED] - logInfo("Tax Type: " + TaxType): Tax Type: PTE Non-Electing S Corp

2024-02-03 23:37:32 - [MESSAGE][INFO] - Tax Type: PTE Non-Electing S Corp

2024-02-03 23:37:32 - [TEST_STEP][PASSED] - openBrowser(""): Browser is opened with url: ''

2024-02-03 23:37:32 - [MESSAGE][WARNING] - A browser is already opened. Closing browser and opening a new one

2024-02-03 23:37:33 - [MESSAGE][INFO] - Starting 'Chrome' driver

2024-02-03 23:37:33 - [MESSAGE][INFO] - User set preference: ['acceptInsecureCerts', 'true']

2024-02-03 23:37:33 - [MESSAGE][INFO] - Action delay is set to 0 milliseconds

2024-02-03 23:37:35 - [MESSAGE][PASSED] - Browser is opened with url: ''

2024-02-03 23:37:35 - [TEST_STEP][PASSED] - maximizeWindow(): Current window maximized

2024-02-03 23:37:35 - [MESSAGE][PASSED] - Current window maximized

2024-02-03 23:37:35 - [TEST_STEP][PASSED] - navigateToUrl(RADurl): Navigate to 'https://qa2.velocitypayment.com/client/rad/index.html' successfully

2024-02-03 23:37:35 - [MESSAGE][PASSED] - Navigate to 'https://qa2.velocitypayment.com/client/rad/index.html' successfully

2024-02-03 23:37:35 - [TEST_STEP][PASSED] - selectOptionByLabel(findTestObject(orPath_Landing + "/dd_TaxType"), "New Tax Return Amount Due", false): All options with label 'New Tax Return Amount Due' are selected in object 'Object Repository/RAD_Pages/Landing_Page/dd_TaxType' 

2024-02-03 23:37:38 - [MESSAGE][PASSED] - All options with label 'New Tax Return Amount Due' are selected in object 'Object Repository/RAD_Pages/Landing_Page/dd_TaxType' 

2024-02-03 23:37:38 - [TEST_STEP][PASSED] - selectOptionByLabel(findTestObject("Object Repository/RAD_Pages/Landing_Page/select_NewTaxReturnAmountDue_TaxType"), TaxType, false): All options with label 'PTE Non-Electing S Corp' are selected in object 'Object Repository/RAD_Pages/Landing_Page/select_NewTaxReturnAmountDue_TaxType' 

2024-02-03 23:37:39 - [MESSAGE][PASSED] - All options with label 'PTE Non-Electing S Corp' are selected in object 'Object Repository/RAD_Pages/Landing_Page/select_NewTaxReturnAmountDue_TaxType' 

2024-02-03 23:37:39 - [TEST_STEP][PASSED] - selectOptionByLabel(findTestObject(orPath_TaxTypeFilingYear + "/select_FilingYear"), FilingYear, false): All options with label '2023' are selected in object 'Object Repository/RAD_Pages/TaxTypeFilingYear_Page/select_FilingYear' 

2024-02-03 23:37:40 - [MESSAGE][PASSED] - All options with label '2023' are selected in object 'Object Repository/RAD_Pages/TaxTypeFilingYear_Page/select_FilingYear' 

2024-02-03 23:37:40 - [TEST_STEP][PASSED] - setText(findTestObject(orPath_TaxPayer + "/input_businessName"), " "): Text ' ' is set on object 'Object Repository/RAD_Pages/Taxpayer_Page/input_businessName'

2024-02-03 23:37:40 - [MESSAGE][PASSED] - Text ' ' is set on object 'Object Repository/RAD_Pages/Taxpayer_Page/input_businessName'

2024-02-03 23:37:40 - [TEST_STEP][PASSED] - setText(findTestObject(orPath_TaxPayer + "/input_BusinessRepfirstName"), " "): Text ' ' is set on object 'Object Repository/RAD_Pages/Taxpayer_Page/input_BusinessRepfirstName'

2024-02-03 23:37:41 - [MESSAGE][PASSED] - Text ' ' is set on object 'Object Repository/RAD_Pages/Taxpayer_Page/input_BusinessRepfirstName'

2024-02-03 23:37:41 - [TEST_STEP][PASSED] - setText(findTestObject(orPath_TaxPayer + "/input_BusinessReplastName"), " "): Text ' ' is set on object 'Object Repository/RAD_Pages/Taxpayer_Page/input_BusinessReplastName'

2024-02-03 23:37:42 - [MESSAGE][PASSED] - Text ' ' is set on object 'Object Repository/RAD_Pages/Taxpayer_Page/input_BusinessReplastName'

2024-02-03 23:37:42 - [TEST_STEP][PASSED] - setText(findTestObject(orPath_AddressContact + "/input_streetAddress1"), " "): Text ' ' is set on object 'Object Repository/RAD_Pages/AddressAndContactInfo_Page/input_streetAddress1'

2024-02-03 23:37:42 - [MESSAGE][PASSED] - Text ' ' is set on object 'Object Repository/RAD_Pages/AddressAndContactInfo_Page/input_streetAddress1'

2024-02-03 23:37:42 - [TEST_STEP][PASSED] - setText(findTestObject(orPath_AddressContact + "/input_city"), " "): Text ' ' is set on object 'Object Repository/RAD_Pages/AddressAndContactInfo_Page/input_city'

2024-02-03 23:37:43 - [MESSAGE][PASSED] - Text ' ' is set on object 'Object Repository/RAD_Pages/AddressAndContactInfo_Page/input_city'

2024-02-03 23:37:43 - [TEST_STEP][PASSED] - setText(findTestObject(orPath_AddressContact + "/input_zipCode"), " "): Text ' ' is set on object 'Object Repository/RAD_Pages/AddressAndContactInfo_Page/input_zipCode'

2024-02-03 23:37:44 - [MESSAGE][PASSED] - Text ' ' is set on object 'Object Repository/RAD_Pages/AddressAndContactInfo_Page/input_zipCode'

2024-02-03 23:37:44 - [TEST_STEP][PASSED] - setText(findTestObject(orPath_AddressContact + "/input_phoneNumber"), " "): Text ' ' is set on object 'Object Repository/RAD_Pages/AddressAndContactInfo_Page/input_phoneNumber'

2024-02-03 23:37:45 - [MESSAGE][PASSED] - Text ' ' is set on object 'Object Repository/RAD_Pages/AddressAndContactInfo_Page/input_phoneNumber'

2024-02-03 23:37:45 - [TEST_STEP][PASSED] - setText(findTestObject(orPath_AddressContact + "/input_eMailAddress"), " "): Text ' ' is set on object 'Object Repository/RAD_Pages/AddressAndContactInfo_Page/input_eMailAddress'

2024-02-03 23:37:45 - [MESSAGE][PASSED] - Text ' ' is set on object 'Object Repository/RAD_Pages/AddressAndContactInfo_Page/input_eMailAddress'

2024-02-03 23:37:45 - [TEST_STEP][PASSED] - setText(findTestObject(orPath_AddressContact + "/input_reEnterEMailAddress"), " "): Text ' ' is set on object 'Object Repository/RAD_Pages/AddressAndContactInfo_Page/input_reEnterEMailAddress'

2024-02-03 23:37:46 - [MESSAGE][PASSED] - Text ' ' is set on object 'Object Repository/RAD_Pages/AddressAndContactInfo_Page/input_reEnterEMailAddress'

2024-02-03 23:37:46 - [TEST_STEP][PASSED] - if (TaxType.equalsIgnoreCase("Estate Tax")): null

2024-02-03 23:37:46 - [TEST_STEP][PASSED] - setText(findTestObject(orPath_Amount + "/input__paymentAmount"), ""): Text '' is set on object 'Object Repository/RAD_Pages/PaymentAmount_Page/input__paymentAmount'

2024-02-03 23:37:47 - [MESSAGE][PASSED] - Text '' is set on object 'Object Repository/RAD_Pages/PaymentAmount_Page/input__paymentAmount'

2024-02-03 23:37:47 - [TEST_STEP][PASSED] - resText = "Fail": null

2024-02-03 23:37:47 - [TEST_STEP][PASSED] - pages.WriteExcel.demoKey(resText, datText, resColumn, datCloumn, fileLoc, nameSheet, row): pages.WriteExcel.demoKey is PASSED

2024-02-03 23:37:47 - [MESSAGE][PASSED] - pages.WriteExcel.demoKey is PASSED

2024-02-03 23:37:47 - [TEST_STEP][PASSED] - verifyTextPresent("Enter business name", true, CONTINUE_ON_FAILURE): Text 'Enter business name' is present on page  using regular expression

2024-02-03 23:37:48 - [MESSAGE][PASSED] - Text 'Enter business name' is present on page  using regular expression

2024-02-03 23:37:48 - [TEST_STEP][PASSED] - verifyTextPresent("Enter business rep first name", true, CONTINUE_ON_FAILURE): Text 'Enter business rep first name' is present on page  using regular expression

2024-02-03 23:37:48 - [MESSAGE][PASSED] - Text 'Enter business rep first name' is present on page  using regular expression

2024-02-03 23:37:48 - [TEST_STEP][PASSED] - verifyTextPresent("Enter business rep last name", true, CONTINUE_ON_FAILURE): Text 'Enter business rep last name' is present on page  using regular expression

2024-02-03 23:37:49 - [MESSAGE][PASSED] - Text 'Enter business rep last name' is present on page  using regular expression

2024-02-03 23:37:49 - [TEST_STEP][PASSED] - verifyTextPresent("Enter address", true, CONTINUE_ON_FAILURE): Text 'Enter address' is present on page  using regular expression

2024-02-03 23:37:49 - [MESSAGE][PASSED] - Text 'Enter address' is present on page  using regular expression

2024-02-03 23:37:49 - [TEST_STEP][PASSED] - verifyTextPresent("Enter city", true, CONTINUE_ON_FAILURE): Text 'Enter city' is present on page  using regular expression

2024-02-03 23:37:50 - [MESSAGE][PASSED] - Text 'Enter city' is present on page  using regular expression

2024-02-03 23:37:50 - [TEST_STEP][PASSED] - verifyTextPresent("Enter ZIP code", true, CONTINUE_ON_FAILURE): Text 'Enter ZIP code' is present on page  using regular expression

2024-02-03 23:37:50 - [MESSAGE][PASSED] - Text 'Enter ZIP code' is present on page  using regular expression

2024-02-03 23:37:50 - [TEST_STEP][PASSED] - verifyTextPresent("Enter a valid phone number", true, CONTINUE_ON_FAILURE): Text 'Enter a valid phone number' is present on page  using regular expression

2024-02-03 23:37:50 - [MESSAGE][PASSED] - Text 'Enter a valid phone number' is present on page  using regular expression

2024-02-03 23:37:50 - [TEST_STEP][PASSED] - verifyTextPresent("Enter Email", true, CONTINUE_ON_FAILURE): Text 'Enter Email' is present on page  using regular expression

2024-02-03 23:37:51 - [MESSAGE][PASSED] - Text 'Enter Email' is present on page  using regular expression

2024-02-03 23:37:51 - [TEST_STEP][PASSED] - if (TaxType.equalsIgnoreCase("Estate Tax")): null

2024-02-03 23:37:51 - [TEST_STEP][PASSED] - resText = "Pass": null

2024-02-03 23:37:51 - [TEST_STEP][PASSED] - pages.WriteExcel.demoKey(resText, datText, resColumn, datCloumn, fileLoc, nameSheet, row): pages.WriteExcel.demoKey is PASSED

2024-02-03 23:37:51 - [MESSAGE][PASSED] - pages.WriteExcel.demoKey is PASSED

2024-02-03 23:37:51 - [TEST_STEP][PASSED] - ExecuteTC = findTestData(dataFile).getValue("Execute", row): null

2024-02-03 23:37:51 - [TEST_STEP][PASSED] - TaxType = findTestData(dataFile).getValue("TaxType", row): null

2024-02-03 23:37:51 - [TEST_STEP][PASSED] - PaymentType = findTestData(dataFile).getValue("PaymentType", row): null

2024-02-03 23:37:51 - [TEST_STEP][PASSED] - FilingYear = findTestData(dataFile).getValue("Year", row): null

2024-02-03 23:37:51 - [TEST_STEP][PASSED] - feinSSN = findTestData(dataFile).getValue("FeinSsn", row): null

2024-02-03 23:37:51 - [TEST_STEP][PASSED] - if (ExecuteTC.equalsIgnoreCase("Y")): pages.WriteExcel.demoKey is PASSED

2024-02-03 23:37:51 - [TEST_STEP][PASSED] - out.println("Begin Record Number: " + row): null

2024-02-03 23:37:51 - [TEST_STEP][PASSED] - today = new java.util.Date(): null

2024-02-03 23:37:51 - [TEST_STEP][PASSED] - println(today): null

2024-02-03 23:37:51 - [TEST_STEP][PASSED] - datText = today: null

2024-02-03 23:37:51 - [TEST_STEP][PASSED] - logInfo("Payment Type: New Tax Return Amount Due"): Payment Type: New Tax Return Amount Due

2024-02-03 23:37:51 - [MESSAGE][INFO] - Payment Type: New Tax Return Amount Due

2024-02-03 23:37:51 - [TEST_STEP][PASSED] - logInfo("Tax Type: " + TaxType): Tax Type: PTE Tax Electing Non-S Corp

2024-02-03 23:37:51 - [MESSAGE][INFO] - Tax Type: PTE Tax Electing Non-S Corp

2024-02-03 23:37:51 - [TEST_STEP][PASSED] - openBrowser(""): Browser is opened with url: ''

2024-02-03 23:37:51 - [MESSAGE][WARNING] - A browser is already opened. Closing browser and opening a new one

2024-02-03 23:37:52 - [MESSAGE][INFO] - Starting 'Chrome' driver

2024-02-03 23:37:52 - [MESSAGE][INFO] - User set preference: ['acceptInsecureCerts', 'true']

2024-02-03 23:37:52 - [MESSAGE][INFO] - Action delay is set to 0 milliseconds

2024-02-03 23:37:54 - [MESSAGE][PASSED] - Browser is opened with url: ''

2024-02-03 23:37:54 - [TEST_STEP][PASSED] - maximizeWindow(): Current window maximized

2024-02-03 23:37:54 - [MESSAGE][PASSED] - Current window maximized

2024-02-03 23:37:54 - [TEST_STEP][PASSED] - navigateToUrl(RADurl): Navigate to 'https://qa2.velocitypayment.com/client/rad/index.html' successfully

2024-02-03 23:37:56 - [MESSAGE][PASSED] - Navigate to 'https://qa2.velocitypayment.com/client/rad/index.html' successfully

2024-02-03 23:37:56 - [TEST_STEP][PASSED] - selectOptionByLabel(findTestObject(orPath_Landing + "/dd_TaxType"), "New Tax Return Amount Due", false): All options with label 'New Tax Return Amount Due' are selected in object 'Object Repository/RAD_Pages/Landing_Page/dd_TaxType' 

2024-02-03 23:37:57 - [MESSAGE][PASSED] - All options with label 'New Tax Return Amount Due' are selected in object 'Object Repository/RAD_Pages/Landing_Page/dd_TaxType' 

2024-02-03 23:37:57 - [TEST_STEP][PASSED] - selectOptionByLabel(findTestObject("Object Repository/RAD_Pages/Landing_Page/select_NewTaxReturnAmountDue_TaxType"), TaxType, false): All options with label 'PTE Tax Electing Non-S Corp' are selected in object 'Object Repository/RAD_Pages/Landing_Page/select_NewTaxReturnAmountDue_TaxType' 

2024-02-03 23:37:58 - [MESSAGE][PASSED] - All options with label 'PTE Tax Electing Non-S Corp' are selected in object 'Object Repository/RAD_Pages/Landing_Page/select_NewTaxReturnAmountDue_TaxType' 

2024-02-03 23:37:58 - [TEST_STEP][PASSED] - selectOptionByLabel(findTestObject(orPath_TaxTypeFilingYear + "/select_FilingYear"), FilingYear, false): All options with label '2023' are selected in object 'Object Repository/RAD_Pages/TaxTypeFilingYear_Page/select_FilingYear' 

2024-02-03 23:37:59 - [MESSAGE][PASSED] - All options with label '2023' are selected in object 'Object Repository/RAD_Pages/TaxTypeFilingYear_Page/select_FilingYear' 

2024-02-03 23:37:59 - [TEST_STEP][PASSED] - setText(findTestObject(orPath_TaxPayer + "/input_businessName"), " "): Text ' ' is set on object 'Object Repository/RAD_Pages/Taxpayer_Page/input_businessName'

2024-02-03 23:37:59 - [MESSAGE][PASSED] - Text ' ' is set on object 'Object Repository/RAD_Pages/Taxpayer_Page/input_businessName'

2024-02-03 23:37:59 - [TEST_STEP][PASSED] - setText(findTestObject(orPath_TaxPayer + "/input_BusinessRepfirstName"), " "): Text ' ' is set on object 'Object Repository/RAD_Pages/Taxpayer_Page/input_BusinessRepfirstName'

2024-02-03 23:38:00 - [MESSAGE][PASSED] - Text ' ' is set on object 'Object Repository/RAD_Pages/Taxpayer_Page/input_BusinessRepfirstName'

2024-02-03 23:38:00 - [TEST_STEP][PASSED] - setText(findTestObject(orPath_TaxPayer + "/input_BusinessReplastName"), " "): Text ' ' is set on object 'Object Repository/RAD_Pages/Taxpayer_Page/input_BusinessReplastName'

2024-02-03 23:38:01 - [MESSAGE][PASSED] - Text ' ' is set on object 'Object Repository/RAD_Pages/Taxpayer_Page/input_BusinessReplastName'

2024-02-03 23:38:01 - [TEST_STEP][PASSED] - setText(findTestObject(orPath_AddressContact + "/input_streetAddress1"), " "): Text ' ' is set on object 'Object Repository/RAD_Pages/AddressAndContactInfo_Page/input_streetAddress1'

2024-02-03 23:38:01 - [MESSAGE][PASSED] - Text ' ' is set on object 'Object Repository/RAD_Pages/AddressAndContactInfo_Page/input_streetAddress1'

2024-02-03 23:38:01 - [TEST_STEP][PASSED] - setText(findTestObject(orPath_AddressContact + "/input_city"), " "): Text ' ' is set on object 'Object Repository/RAD_Pages/AddressAndContactInfo_Page/input_city'

2024-02-03 23:38:02 - [MESSAGE][PASSED] - Text ' ' is set on object 'Object Repository/RAD_Pages/AddressAndContactInfo_Page/input_city'

2024-02-03 23:38:02 - [TEST_STEP][PASSED] - setText(findTestObject(orPath_AddressContact + "/input_zipCode"), " "): Text ' ' is set on object 'Object Repository/RAD_Pages/AddressAndContactInfo_Page/input_zipCode'

2024-02-03 23:38:03 - [MESSAGE][PASSED] - Text ' ' is set on object 'Object Repository/RAD_Pages/AddressAndContactInfo_Page/input_zipCode'

2024-02-03 23:38:03 - [TEST_STEP][PASSED] - setText(findTestObject(orPath_AddressContact + "/input_phoneNumber"), " "): Text ' ' is set on object 'Object Repository/RAD_Pages/AddressAndContactInfo_Page/input_phoneNumber'

2024-02-03 23:38:04 - [MESSAGE][PASSED] - Text ' ' is set on object 'Object Repository/RAD_Pages/AddressAndContactInfo_Page/input_phoneNumber'

2024-02-03 23:38:04 - [TEST_STEP][PASSED] - setText(findTestObject(orPath_AddressContact + "/input_eMailAddress"), " "): Text ' ' is set on object 'Object Repository/RAD_Pages/AddressAndContactInfo_Page/input_eMailAddress'

2024-02-03 23:38:05 - [MESSAGE][PASSED] - Text ' ' is set on object 'Object Repository/RAD_Pages/AddressAndContactInfo_Page/input_eMailAddress'

2024-02-03 23:38:05 - [TEST_STEP][PASSED] - setText(findTestObject(orPath_AddressContact + "/input_reEnterEMailAddress"), " "): Text ' ' is set on object 'Object Repository/RAD_Pages/AddressAndContactInfo_Page/input_reEnterEMailAddress'

2024-02-03 23:38:05 - [MESSAGE][PASSED] - Text ' ' is set on object 'Object Repository/RAD_Pages/AddressAndContactInfo_Page/input_reEnterEMailAddress'

2024-02-03 23:38:05 - [TEST_STEP][PASSED] - if (TaxType.equalsIgnoreCase("Estate Tax")): null

2024-02-03 23:38:05 - [TEST_STEP][PASSED] - setText(findTestObject(orPath_Amount + "/input__paymentAmount"), ""): Text '' is set on object 'Object Repository/RAD_Pages/PaymentAmount_Page/input__paymentAmount'

2024-02-03 23:38:06 - [MESSAGE][PASSED] - Text '' is set on object 'Object Repository/RAD_Pages/PaymentAmount_Page/input__paymentAmount'

2024-02-03 23:38:06 - [TEST_STEP][PASSED] - resText = "Fail": null

2024-02-03 23:38:06 - [TEST_STEP][PASSED] - pages.WriteExcel.demoKey(resText, datText, resColumn, datCloumn, fileLoc, nameSheet, row): pages.WriteExcel.demoKey is PASSED

2024-02-03 23:38:07 - [MESSAGE][PASSED] - pages.WriteExcel.demoKey is PASSED

2024-02-03 23:38:07 - [TEST_STEP][PASSED] - verifyTextPresent("Enter business name", true, CONTINUE_ON_FAILURE): Text 'Enter business name' is present on page  using regular expression

2024-02-03 23:38:07 - [MESSAGE][PASSED] - Text 'Enter business name' is present on page  using regular expression

2024-02-03 23:38:07 - [TEST_STEP][PASSED] - verifyTextPresent("Enter business rep first name", true, CONTINUE_ON_FAILURE): Text 'Enter business rep first name' is present on page  using regular expression

2024-02-03 23:38:08 - [MESSAGE][PASSED] - Text 'Enter business rep first name' is present on page  using regular expression

2024-02-03 23:38:08 - [TEST_STEP][PASSED] - verifyTextPresent("Enter business rep last name", true, CONTINUE_ON_FAILURE): Text 'Enter business rep last name' is present on page  using regular expression

2024-02-03 23:38:08 - [MESSAGE][PASSED] - Text 'Enter business rep last name' is present on page  using regular expression

2024-02-03 23:38:08 - [TEST_STEP][PASSED] - verifyTextPresent("Enter address", true, CONTINUE_ON_FAILURE): Text 'Enter address' is present on page  using regular expression

2024-02-03 23:38:08 - [MESSAGE][PASSED] - Text 'Enter address' is present on page  using regular expression

2024-02-03 23:38:08 - [TEST_STEP][PASSED] - verifyTextPresent("Enter city", true, CONTINUE_ON_FAILURE): Text 'Enter city' is present on page  using regular expression

2024-02-03 23:38:09 - [MESSAGE][PASSED] - Text 'Enter city' is present on page  using regular expression

2024-02-03 23:38:09 - [TEST_STEP][PASSED] - verifyTextPresent("Enter ZIP code", true, CONTINUE_ON_FAILURE): Text 'Enter ZIP code' is present on page  using regular expression

2024-02-03 23:38:09 - [MESSAGE][PASSED] - Text 'Enter ZIP code' is present on page  using regular expression

2024-02-03 23:38:09 - [TEST_STEP][PASSED] - verifyTextPresent("Enter a valid phone number", true, CONTINUE_ON_FAILURE): Text 'Enter a valid phone number' is present on page  using regular expression

2024-02-03 23:38:09 - [MESSAGE][PASSED] - Text 'Enter a valid phone number' is present on page  using regular expression

2024-02-03 23:38:09 - [TEST_STEP][PASSED] - verifyTextPresent("Enter Email", true, CONTINUE_ON_FAILURE): Text 'Enter Email' is present on page  using regular expression

2024-02-03 23:38:10 - [MESSAGE][PASSED] - Text 'Enter Email' is present on page  using regular expression

2024-02-03 23:38:10 - [TEST_STEP][PASSED] - if (TaxType.equalsIgnoreCase("Estate Tax")): null

2024-02-03 23:38:10 - [TEST_STEP][PASSED] - resText = "Pass": null

2024-02-03 23:38:10 - [TEST_STEP][PASSED] - pages.WriteExcel.demoKey(resText, datText, resColumn, datCloumn, fileLoc, nameSheet, row): pages.WriteExcel.demoKey is PASSED

2024-02-03 23:38:10 - [MESSAGE][PASSED] - pages.WriteExcel.demoKey is PASSED

2024-02-03 23:38:10 - [TEST_STEP][PASSED] - ExecuteTC = findTestData(dataFile).getValue("Execute", row): null

2024-02-03 23:38:10 - [TEST_STEP][PASSED] - TaxType = findTestData(dataFile).getValue("TaxType", row): null

2024-02-03 23:38:10 - [TEST_STEP][PASSED] - PaymentType = findTestData(dataFile).getValue("PaymentType", row): null

2024-02-03 23:38:10 - [TEST_STEP][PASSED] - FilingYear = findTestData(dataFile).getValue("Year", row): null

2024-02-03 23:38:10 - [TEST_STEP][PASSED] - feinSSN = findTestData(dataFile).getValue("FeinSsn", row): null

2024-02-03 23:38:10 - [TEST_STEP][PASSED] - if (ExecuteTC.equalsIgnoreCase("Y")): pages.WriteExcel.demoKey is PASSED

2024-02-03 23:38:10 - [TEST_STEP][PASSED] - out.println("Begin Record Number: " + row): null

2024-02-03 23:38:10 - [TEST_STEP][PASSED] - today = new java.util.Date(): null

2024-02-03 23:38:10 - [TEST_STEP][PASSED] - println(today): null

2024-02-03 23:38:10 - [TEST_STEP][PASSED] - datText = today: null

2024-02-03 23:38:10 - [TEST_STEP][PASSED] - logInfo("Payment Type: New Tax Return Amount Due"): Payment Type: New Tax Return Amount Due

2024-02-03 23:38:10 - [MESSAGE][INFO] - Payment Type: New Tax Return Amount Due

2024-02-03 23:38:10 - [TEST_STEP][PASSED] - logInfo("Tax Type: " + TaxType): Tax Type: PTE Tax Electing S Corp

2024-02-03 23:38:10 - [MESSAGE][INFO] - Tax Type: PTE Tax Electing S Corp

2024-02-03 23:38:10 - [TEST_STEP][PASSED] - openBrowser(""): Browser is opened with url: ''

2024-02-03 23:38:10 - [MESSAGE][WARNING] - A browser is already opened. Closing browser and opening a new one

2024-02-03 23:38:11 - [MESSAGE][INFO] - Starting 'Chrome' driver

2024-02-03 23:38:11 - [MESSAGE][INFO] - User set preference: ['acceptInsecureCerts', 'true']

2024-02-03 23:38:11 - [MESSAGE][INFO] - Action delay is set to 0 milliseconds

2024-02-03 23:38:13 - [MESSAGE][PASSED] - Browser is opened with url: ''

2024-02-03 23:38:13 - [TEST_STEP][PASSED] - maximizeWindow(): Current window maximized

2024-02-03 23:38:13 - [MESSAGE][PASSED] - Current window maximized

2024-02-03 23:38:13 - [TEST_STEP][PASSED] - navigateToUrl(RADurl): Navigate to 'https://qa2.velocitypayment.com/client/rad/index.html' successfully

2024-02-03 23:38:14 - [MESSAGE][PASSED] - Navigate to 'https://qa2.velocitypayment.com/client/rad/index.html' successfully

2024-02-03 23:38:14 - [TEST_STEP][PASSED] - selectOptionByLabel(findTestObject(orPath_Landing + "/dd_TaxType"), "New Tax Return Amount Due", false): All options with label 'New Tax Return Amount Due' are selected in object 'Object Repository/RAD_Pages/Landing_Page/dd_TaxType' 

2024-02-03 23:38:16 - [MESSAGE][PASSED] - All options with label 'New Tax Return Amount Due' are selected in object 'Object Repository/RAD_Pages/Landing_Page/dd_TaxType' 

2024-02-03 23:38:16 - [TEST_STEP][PASSED] - selectOptionByLabel(findTestObject("Object Repository/RAD_Pages/Landing_Page/select_NewTaxReturnAmountDue_TaxType"), TaxType, false): All options with label 'PTE Tax Electing S Corp' are selected in object 'Object Repository/RAD_Pages/Landing_Page/select_NewTaxReturnAmountDue_TaxType' 

2024-02-03 23:38:17 - [MESSAGE][PASSED] - All options with label 'PTE Tax Electing S Corp' are selected in object 'Object Repository/RAD_Pages/Landing_Page/select_NewTaxReturnAmountDue_TaxType' 

2024-02-03 23:38:17 - [TEST_STEP][PASSED] - selectOptionByLabel(findTestObject(orPath_TaxTypeFilingYear + "/select_FilingYear"), FilingYear, false): All options with label '2023' are selected in object 'Object Repository/RAD_Pages/TaxTypeFilingYear_Page/select_FilingYear' 

2024-02-03 23:38:18 - [MESSAGE][PASSED] - All options with label '2023' are selected in object 'Object Repository/RAD_Pages/TaxTypeFilingYear_Page/select_FilingYear' 

2024-02-03 23:38:18 - [TEST_STEP][PASSED] - setText(findTestObject(orPath_TaxPayer + "/input_businessName"), " "): Text ' ' is set on object 'Object Repository/RAD_Pages/Taxpayer_Page/input_businessName'

2024-02-03 23:38:18 - [MESSAGE][PASSED] - Text ' ' is set on object 'Object Repository/RAD_Pages/Taxpayer_Page/input_businessName'

2024-02-03 23:38:18 - [TEST_STEP][PASSED] - setText(findTestObject(orPath_TaxPayer + "/input_BusinessRepfirstName"), " "): Text ' ' is set on object 'Object Repository/RAD_Pages/Taxpayer_Page/input_BusinessRepfirstName'

2024-02-03 23:38:19 - [MESSAGE][PASSED] - Text ' ' is set on object 'Object Repository/RAD_Pages/Taxpayer_Page/input_BusinessRepfirstName'

2024-02-03 23:38:19 - [TEST_STEP][PASSED] - setText(findTestObject(orPath_TaxPayer + "/input_BusinessReplastName"), " "): Text ' ' is set on object 'Object Repository/RAD_Pages/Taxpayer_Page/input_BusinessReplastName'

2024-02-03 23:38:20 - [MESSAGE][PASSED] - Text ' ' is set on object 'Object Repository/RAD_Pages/Taxpayer_Page/input_BusinessReplastName'

2024-02-03 23:38:20 - [TEST_STEP][PASSED] - setText(findTestObject(orPath_AddressContact + "/input_streetAddress1"), " "): Text ' ' is set on object 'Object Repository/RAD_Pages/AddressAndContactInfo_Page/input_streetAddress1'

2024-02-03 23:38:20 - [MESSAGE][PASSED] - Text ' ' is set on object 'Object Repository/RAD_Pages/AddressAndContactInfo_Page/input_streetAddress1'

2024-02-03 23:38:20 - [TEST_STEP][PASSED] - setText(findTestObject(orPath_AddressContact + "/input_city"), " "): Text ' ' is set on object 'Object Repository/RAD_Pages/AddressAndContactInfo_Page/input_city'

2024-02-03 23:38:21 - [MESSAGE][PASSED] - Text ' ' is set on object 'Object Repository/RAD_Pages/AddressAndContactInfo_Page/input_city'

2024-02-03 23:38:21 - [TEST_STEP][PASSED] - setText(findTestObject(orPath_AddressContact + "/input_zipCode"), " "): Text ' ' is set on object 'Object Repository/RAD_Pages/AddressAndContactInfo_Page/input_zipCode'

2024-02-03 23:38:22 - [MESSAGE][PASSED] - Text ' ' is set on object 'Object Repository/RAD_Pages/AddressAndContactInfo_Page/input_zipCode'

2024-02-03 23:38:22 - [TEST_STEP][PASSED] - setText(findTestObject(orPath_AddressContact + "/input_phoneNumber"), " "): Text ' ' is set on object 'Object Repository/RAD_Pages/AddressAndContactInfo_Page/input_phoneNumber'

2024-02-03 23:38:23 - [MESSAGE][PASSED] - Text ' ' is set on object 'Object Repository/RAD_Pages/AddressAndContactInfo_Page/input_phoneNumber'

2024-02-03 23:38:23 - [TEST_STEP][PASSED] - setText(findTestObject(orPath_AddressContact + "/input_eMailAddress"), " "): Text ' ' is set on object 'Object Repository/RAD_Pages/AddressAndContactInfo_Page/input_eMailAddress'

2024-02-03 23:38:23 - [MESSAGE][PASSED] - Text ' ' is set on object 'Object Repository/RAD_Pages/AddressAndContactInfo_Page/input_eMailAddress'

2024-02-03 23:38:23 - [TEST_STEP][PASSED] - setText(findTestObject(orPath_AddressContact + "/input_reEnterEMailAddress"), " "): Text ' ' is set on object 'Object Repository/RAD_Pages/AddressAndContactInfo_Page/input_reEnterEMailAddress'

2024-02-03 23:38:24 - [MESSAGE][PASSED] - Text ' ' is set on object 'Object Repository/RAD_Pages/AddressAndContactInfo_Page/input_reEnterEMailAddress'

2024-02-03 23:38:24 - [TEST_STEP][PASSED] - if (TaxType.equalsIgnoreCase("Estate Tax")): null

2024-02-03 23:38:24 - [TEST_STEP][PASSED] - setText(findTestObject(orPath_Amount + "/input__paymentAmount"), ""): Text '' is set on object 'Object Repository/RAD_Pages/PaymentAmount_Page/input__paymentAmount'

2024-02-03 23:38:25 - [MESSAGE][PASSED] - Text '' is set on object 'Object Repository/RAD_Pages/PaymentAmount_Page/input__paymentAmount'

2024-02-03 23:38:25 - [TEST_STEP][PASSED] - resText = "Fail": null

2024-02-03 23:38:25 - [TEST_STEP][PASSED] - pages.WriteExcel.demoKey(resText, datText, resColumn, datCloumn, fileLoc, nameSheet, row): pages.WriteExcel.demoKey is PASSED

2024-02-03 23:38:25 - [MESSAGE][PASSED] - pages.WriteExcel.demoKey is PASSED

2024-02-03 23:38:25 - [TEST_STEP][PASSED] - verifyTextPresent("Enter business name", true, CONTINUE_ON_FAILURE): Text 'Enter business name' is present on page  using regular expression

2024-02-03 23:38:26 - [MESSAGE][PASSED] - Text 'Enter business name' is present on page  using regular expression

2024-02-03 23:38:26 - [TEST_STEP][PASSED] - verifyTextPresent("Enter business rep first name", true, CONTINUE_ON_FAILURE): Text 'Enter business rep first name' is present on page  using regular expression

2024-02-03 23:38:26 - [MESSAGE][PASSED] - Text 'Enter business rep first name' is present on page  using regular expression

2024-02-03 23:38:26 - [TEST_STEP][PASSED] - verifyTextPresent("Enter business rep last name", true, CONTINUE_ON_FAILURE): Text 'Enter business rep last name' is present on page  using regular expression

2024-02-03 23:38:27 - [MESSAGE][PASSED] - Text 'Enter business rep last name' is present on page  using regular expression

2024-02-03 23:38:27 - [TEST_STEP][PASSED] - verifyTextPresent("Enter address", true, CONTINUE_ON_FAILURE): Text 'Enter address' is present on page  using regular expression

2024-02-03 23:38:27 - [MESSAGE][PASSED] - Text 'Enter address' is present on page  using regular expression

2024-02-03 23:38:27 - [TEST_STEP][PASSED] - verifyTextPresent("Enter city", true, CONTINUE_ON_FAILURE): Text 'Enter city' is present on page  using regular expression

2024-02-03 23:38:28 - [MESSAGE][PASSED] - Text 'Enter city' is present on page  using regular expression

2024-02-03 23:38:28 - [TEST_STEP][PASSED] - verifyTextPresent("Enter ZIP code", true, CONTINUE_ON_FAILURE): Text 'Enter ZIP code' is present on page  using regular expression

2024-02-03 23:38:28 - [MESSAGE][PASSED] - Text 'Enter ZIP code' is present on page  using regular expression

2024-02-03 23:38:28 - [TEST_STEP][PASSED] - verifyTextPresent("Enter a valid phone number", true, CONTINUE_ON_FAILURE): Text 'Enter a valid phone number' is present on page  using regular expression

2024-02-03 23:38:28 - [MESSAGE][PASSED] - Text 'Enter a valid phone number' is present on page  using regular expression

2024-02-03 23:38:28 - [TEST_STEP][PASSED] - verifyTextPresent("Enter Email", true, CONTINUE_ON_FAILURE): Text 'Enter Email' is present on page  using regular expression

2024-02-03 23:38:29 - [MESSAGE][PASSED] - Text 'Enter Email' is present on page  using regular expression

2024-02-03 23:38:29 - [TEST_STEP][PASSED] - if (TaxType.equalsIgnoreCase("Estate Tax")): null

2024-02-03 23:38:29 - [TEST_STEP][PASSED] - resText = "Pass": null

2024-02-03 23:38:29 - [TEST_STEP][PASSED] - pages.WriteExcel.demoKey(resText, datText, resColumn, datCloumn, fileLoc, nameSheet, row): pages.WriteExcel.demoKey is PASSED

2024-02-03 23:38:29 - [MESSAGE][PASSED] - pages.WriteExcel.demoKey is PASSED

2024-02-03 23:38:29 - [TEST_STEP][PASSED] - ExecuteTC = findTestData(dataFile).getValue("Execute", row): null

2024-02-03 23:38:29 - [TEST_STEP][PASSED] - TaxType = findTestData(dataFile).getValue("TaxType", row): null

2024-02-03 23:38:29 - [TEST_STEP][PASSED] - PaymentType = findTestData(dataFile).getValue("PaymentType", row): null

2024-02-03 23:38:29 - [TEST_STEP][PASSED] - FilingYear = findTestData(dataFile).getValue("Year", row): null

2024-02-03 23:38:29 - [TEST_STEP][PASSED] - feinSSN = findTestData(dataFile).getValue("FeinSsn", row): null

2024-02-03 23:38:29 - [TEST_STEP][PASSED] - if (ExecuteTC.equalsIgnoreCase("Y")): pages.WriteExcel.demoKey is PASSED

2024-02-03 23:38:29 - [TEST_STEP][PASSED] - out.println("Begin Record Number: " + row): null

2024-02-03 23:38:29 - [TEST_STEP][PASSED] - today = new java.util.Date(): null

2024-02-03 23:38:29 - [TEST_STEP][PASSED] - println(today): null

2024-02-03 23:38:29 - [TEST_STEP][PASSED] - datText = today: null

2024-02-03 23:38:29 - [TEST_STEP][PASSED] - logInfo("Payment Type: New Tax Return Amount Due"): Payment Type: New Tax Return Amount Due

2024-02-03 23:38:29 - [MESSAGE][INFO] - Payment Type: New Tax Return Amount Due

2024-02-03 23:38:29 - [TEST_STEP][PASSED] - logInfo("Tax Type: " + TaxType): Tax Type: Fiduciary Tax

2024-02-03 23:38:29 - [MESSAGE][INFO] - Tax Type: Fiduciary Tax

2024-02-03 23:38:29 - [TEST_STEP][PASSED] - openBrowser(""): Browser is opened with url: ''

2024-02-03 23:38:29 - [MESSAGE][WARNING] - A browser is already opened. Closing browser and opening a new one

2024-02-03 23:38:30 - [MESSAGE][INFO] - Starting 'Chrome' driver

2024-02-03 23:38:30 - [MESSAGE][INFO] - User set preference: ['acceptInsecureCerts', 'true']

2024-02-03 23:38:30 - [MESSAGE][INFO] - Action delay is set to 0 milliseconds

2024-02-03 23:38:32 - [MESSAGE][PASSED] - Browser is opened with url: ''

2024-02-03 23:38:32 - [TEST_STEP][PASSED] - maximizeWindow(): Current window maximized

2024-02-03 23:38:32 - [MESSAGE][PASSED] - Current window maximized

2024-02-03 23:38:32 - [TEST_STEP][PASSED] - navigateToUrl(RADurl): Navigate to 'https://qa2.velocitypayment.com/client/rad/index.html' successfully

2024-02-03 23:38:33 - [MESSAGE][PASSED] - Navigate to 'https://qa2.velocitypayment.com/client/rad/index.html' successfully

2024-02-03 23:38:33 - [TEST_STEP][PASSED] - selectOptionByLabel(findTestObject(orPath_Landing + "/dd_TaxType"), "New Tax Return Amount Due", false): All options with label 'New Tax Return Amount Due' are selected in object 'Object Repository/RAD_Pages/Landing_Page/dd_TaxType' 

2024-02-03 23:38:35 - [MESSAGE][PASSED] - All options with label 'New Tax Return Amount Due' are selected in object 'Object Repository/RAD_Pages/Landing_Page/dd_TaxType' 

2024-02-03 23:38:35 - [TEST_STEP][PASSED] - selectOptionByLabel(findTestObject("Object Repository/RAD_Pages/Landing_Page/select_NewTaxReturnAmountDue_TaxType"), TaxType, false): All options with label 'Fiduciary Tax' are selected in object 'Object Repository/RAD_Pages/Landing_Page/select_NewTaxReturnAmountDue_TaxType' 

2024-02-03 23:38:36 - [MESSAGE][PASSED] - All options with label 'Fiduciary Tax' are selected in object 'Object Repository/RAD_Pages/Landing_Page/select_NewTaxReturnAmountDue_TaxType' 

2024-02-03 23:38:36 - [TEST_STEP][PASSED] - selectOptionByLabel(findTestObject(orPath_TaxTypeFilingYear + "/select_FilingYear"), FilingYear, false): All options with label '2022' are selected in object 'Object Repository/RAD_Pages/TaxTypeFilingYear_Page/select_FilingYear' 

2024-02-03 23:38:37 - [MESSAGE][PASSED] - All options with label '2022' are selected in object 'Object Repository/RAD_Pages/TaxTypeFilingYear_Page/select_FilingYear' 

2024-02-03 23:38:37 - [TEST_STEP][PASSED] - setText(findTestObject(orPath_TaxPayer + "/input_businessName"), " "): Text ' ' is set on object 'Object Repository/RAD_Pages/Taxpayer_Page/input_businessName'

2024-02-03 23:38:37 - [MESSAGE][PASSED] - Text ' ' is set on object 'Object Repository/RAD_Pages/Taxpayer_Page/input_businessName'

2024-02-03 23:38:37 - [TEST_STEP][PASSED] - setText(findTestObject(orPath_TaxPayer + "/input_BusinessRepfirstName"), " "): Text ' ' is set on object 'Object Repository/RAD_Pages/Taxpayer_Page/input_BusinessRepfirstName'

2024-02-03 23:38:38 - [MESSAGE][PASSED] - Text ' ' is set on object 'Object Repository/RAD_Pages/Taxpayer_Page/input_BusinessRepfirstName'

2024-02-03 23:38:38 - [TEST_STEP][PASSED] - setText(findTestObject(orPath_TaxPayer + "/input_BusinessReplastName"), " "): Text ' ' is set on object 'Object Repository/RAD_Pages/Taxpayer_Page/input_BusinessReplastName'

2024-02-03 23:38:39 - [MESSAGE][PASSED] - Text ' ' is set on object 'Object Repository/RAD_Pages/Taxpayer_Page/input_BusinessReplastName'

2024-02-03 23:38:39 - [TEST_STEP][PASSED] - setText(findTestObject(orPath_AddressContact + "/input_streetAddress1"), " "): Text ' ' is set on object 'Object Repository/RAD_Pages/AddressAndContactInfo_Page/input_streetAddress1'

2024-02-03 23:38:40 - [MESSAGE][PASSED] - Text ' ' is set on object 'Object Repository/RAD_Pages/AddressAndContactInfo_Page/input_streetAddress1'

2024-02-03 23:38:40 - [TEST_STEP][PASSED] - setText(findTestObject(orPath_AddressContact + "/input_city"), " "): Text ' ' is set on object 'Object Repository/RAD_Pages/AddressAndContactInfo_Page/input_city'

2024-02-03 23:38:40 - [MESSAGE][PASSED] - Text ' ' is set on object 'Object Repository/RAD_Pages/AddressAndContactInfo_Page/input_city'

2024-02-03 23:38:40 - [TEST_STEP][PASSED] - setText(findTestObject(orPath_AddressContact + "/input_zipCode"), " "): Text ' ' is set on object 'Object Repository/RAD_Pages/AddressAndContactInfo_Page/input_zipCode'

2024-02-03 23:38:41 - [MESSAGE][PASSED] - Text ' ' is set on object 'Object Repository/RAD_Pages/AddressAndContactInfo_Page/input_zipCode'

2024-02-03 23:38:41 - [TEST_STEP][PASSED] - setText(findTestObject(orPath_AddressContact + "/input_phoneNumber"), " "): Text ' ' is set on object 'Object Repository/RAD_Pages/AddressAndContactInfo_Page/input_phoneNumber'

2024-02-03 23:38:42 - [MESSAGE][PASSED] - Text ' ' is set on object 'Object Repository/RAD_Pages/AddressAndContactInfo_Page/input_phoneNumber'

2024-02-03 23:38:42 - [TEST_STEP][PASSED] - setText(findTestObject(orPath_AddressContact + "/input_eMailAddress"), " "): Text ' ' is set on object 'Object Repository/RAD_Pages/AddressAndContactInfo_Page/input_eMailAddress'

2024-02-03 23:38:42 - [MESSAGE][PASSED] - Text ' ' is set on object 'Object Repository/RAD_Pages/AddressAndContactInfo_Page/input_eMailAddress'

2024-02-03 23:38:42 - [TEST_STEP][PASSED] - setText(findTestObject(orPath_AddressContact + "/input_reEnterEMailAddress"), " "): Text ' ' is set on object 'Object Repository/RAD_Pages/AddressAndContactInfo_Page/input_reEnterEMailAddress'

2024-02-03 23:38:43 - [MESSAGE][PASSED] - Text ' ' is set on object 'Object Repository/RAD_Pages/AddressAndContactInfo_Page/input_reEnterEMailAddress'

2024-02-03 23:38:43 - [TEST_STEP][PASSED] - if (TaxType.equalsIgnoreCase("Estate Tax")): null

2024-02-03 23:38:43 - [TEST_STEP][PASSED] - setText(findTestObject(orPath_Amount + "/input__paymentAmount"), ""): Text '' is set on object 'Object Repository/RAD_Pages/PaymentAmount_Page/input__paymentAmount'

2024-02-03 23:38:44 - [MESSAGE][PASSED] - Text '' is set on object 'Object Repository/RAD_Pages/PaymentAmount_Page/input__paymentAmount'

2024-02-03 23:38:44 - [TEST_STEP][PASSED] - resText = "Fail": null

2024-02-03 23:38:44 - [TEST_STEP][PASSED] - pages.WriteExcel.demoKey(resText, datText, resColumn, datCloumn, fileLoc, nameSheet, row): pages.WriteExcel.demoKey is PASSED

2024-02-03 23:38:45 - [MESSAGE][PASSED] - pages.WriteExcel.demoKey is PASSED

2024-02-03 23:38:45 - [TEST_STEP][PASSED] - verifyTextPresent("Enter business name", true, CONTINUE_ON_FAILURE): Text 'Enter business name' is present on page  using regular expression

2024-02-03 23:38:45 - [MESSAGE][PASSED] - Text 'Enter business name' is present on page  using regular expression

2024-02-03 23:38:45 - [TEST_STEP][PASSED] - verifyTextPresent("Enter business rep first name", true, CONTINUE_ON_FAILURE): Text 'Enter business rep first name' is present on page  using regular expression

2024-02-03 23:38:46 - [MESSAGE][PASSED] - Text 'Enter business rep first name' is present on page  using regular expression

2024-02-03 23:38:46 - [TEST_STEP][PASSED] - verifyTextPresent("Enter business rep last name", true, CONTINUE_ON_FAILURE): Text 'Enter business rep last name' is present on page  using regular expression

2024-02-03 23:38:46 - [MESSAGE][PASSED] - Text 'Enter business rep last name' is present on page  using regular expression

2024-02-03 23:38:46 - [TEST_STEP][PASSED] - verifyTextPresent("Enter address", true, CONTINUE_ON_FAILURE): Text 'Enter address' is present on page  using regular expression

2024-02-03 23:38:46 - [MESSAGE][PASSED] - Text 'Enter address' is present on page  using regular expression

2024-02-03 23:38:46 - [TEST_STEP][PASSED] - verifyTextPresent("Enter city", true, CONTINUE_ON_FAILURE): Text 'Enter city' is present on page  using regular expression

2024-02-03 23:38:47 - [MESSAGE][PASSED] - Text 'Enter city' is present on page  using regular expression

2024-02-03 23:38:47 - [TEST_STEP][PASSED] - verifyTextPresent("Enter ZIP code", true, CONTINUE_ON_FAILURE): Text 'Enter ZIP code' is present on page  using regular expression

2024-02-03 23:38:47 - [MESSAGE][PASSED] - Text 'Enter ZIP code' is present on page  using regular expression

2024-02-03 23:38:47 - [TEST_STEP][PASSED] - verifyTextPresent("Enter a valid phone number", true, CONTINUE_ON_FAILURE): Text 'Enter a valid phone number' is present on page  using regular expression

2024-02-03 23:38:48 - [MESSAGE][PASSED] - Text 'Enter a valid phone number' is present on page  using regular expression

2024-02-03 23:38:48 - [TEST_STEP][PASSED] - verifyTextPresent("Enter Email", true, CONTINUE_ON_FAILURE): Text 'Enter Email' is present on page  using regular expression

2024-02-03 23:38:48 - [MESSAGE][PASSED] - Text 'Enter Email' is present on page  using regular expression

2024-02-03 23:38:48 - [TEST_STEP][PASSED] - if (TaxType.equalsIgnoreCase("Estate Tax")): null

2024-02-03 23:38:48 - [TEST_STEP][PASSED] - resText = "Pass": null

2024-02-03 23:38:48 - [TEST_STEP][PASSED] - pages.WriteExcel.demoKey(resText, datText, resColumn, datCloumn, fileLoc, nameSheet, row): pages.WriteExcel.demoKey is PASSED

2024-02-03 23:38:48 - [MESSAGE][PASSED] - pages.WriteExcel.demoKey is PASSED

2024-02-03 23:38:48 - [TEST_STEP][PASSED] - ExecuteTC = findTestData(dataFile).getValue("Execute", row): null

2024-02-03 23:38:48 - [TEST_STEP][PASSED] - TaxType = findTestData(dataFile).getValue("TaxType", row): null

2024-02-03 23:38:48 - [TEST_STEP][PASSED] - PaymentType = findTestData(dataFile).getValue("PaymentType", row): null

2024-02-03 23:38:48 - [TEST_STEP][PASSED] - FilingYear = findTestData(dataFile).getValue("Year", row): null

2024-02-03 23:38:48 - [TEST_STEP][PASSED] - feinSSN = findTestData(dataFile).getValue("FeinSsn", row): null

2024-02-03 23:38:48 - [TEST_STEP][PASSED] - if (ExecuteTC.equalsIgnoreCase("Y")): pages.WriteExcel.demoKey is PASSED

2024-02-03 23:38:48 - [TEST_STEP][PASSED] - out.println("Begin Record Number: " + row): null

2024-02-03 23:38:48 - [TEST_STEP][PASSED] - today = new java.util.Date(): null

2024-02-03 23:38:48 - [TEST_STEP][PASSED] - println(today): null

2024-02-03 23:38:48 - [TEST_STEP][PASSED] - datText = today: null

2024-02-03 23:38:48 - [TEST_STEP][PASSED] - logInfo("Payment Type: New Tax Return Amount Due"): Payment Type: New Tax Return Amount Due

2024-02-03 23:38:48 - [MESSAGE][INFO] - Payment Type: New Tax Return Amount Due

2024-02-03 23:38:48 - [TEST_STEP][PASSED] - logInfo("Tax Type: " + TaxType): Tax Type: PTE Non-Electing Non-S Corp

2024-02-03 23:38:48 - [MESSAGE][INFO] - Tax Type: PTE Non-Electing Non-S Corp

2024-02-03 23:38:48 - [TEST_STEP][PASSED] - openBrowser(""): Browser is opened with url: ''

2024-02-03 23:38:48 - [MESSAGE][WARNING] - A browser is already opened. Closing browser and opening a new one

2024-02-03 23:38:51 - [MESSAGE][INFO] - Starting 'Chrome' driver

2024-02-03 23:38:51 - [MESSAGE][INFO] - User set preference: ['acceptInsecureCerts', 'true']

2024-02-03 23:38:51 - [MESSAGE][INFO] - Action delay is set to 0 milliseconds

2024-02-03 23:38:52 - [MESSAGE][PASSED] - Browser is opened with url: ''

2024-02-03 23:38:52 - [TEST_STEP][PASSED] - maximizeWindow(): Current window maximized

2024-02-03 23:38:53 - [MESSAGE][PASSED] - Current window maximized

2024-02-03 23:38:53 - [TEST_STEP][PASSED] - navigateToUrl(RADurl): Navigate to 'https://qa2.velocitypayment.com/client/rad/index.html' successfully

2024-02-03 23:38:55 - [MESSAGE][PASSED] - Navigate to 'https://qa2.velocitypayment.com/client/rad/index.html' successfully

2024-02-03 23:38:55 - [TEST_STEP][PASSED] - selectOptionByLabel(findTestObject(orPath_Landing + "/dd_TaxType"), "New Tax Return Amount Due", false): All options with label 'New Tax Return Amount Due' are selected in object 'Object Repository/RAD_Pages/Landing_Page/dd_TaxType' 

2024-02-03 23:38:55 - [MESSAGE][PASSED] - All options with label 'New Tax Return Amount Due' are selected in object 'Object Repository/RAD_Pages/Landing_Page/dd_TaxType' 

2024-02-03 23:38:55 - [TEST_STEP][PASSED] - selectOptionByLabel(findTestObject("Object Repository/RAD_Pages/Landing_Page/select_NewTaxReturnAmountDue_TaxType"), TaxType, false): All options with label 'PTE Non-Electing Non-S Corp' are selected in object 'Object Repository/RAD_Pages/Landing_Page/select_NewTaxReturnAmountDue_TaxType' 

2024-02-03 23:38:56 - [MESSAGE][PASSED] - All options with label 'PTE Non-Electing Non-S Corp' are selected in object 'Object Repository/RAD_Pages/Landing_Page/select_NewTaxReturnAmountDue_TaxType' 

2024-02-03 23:38:56 - [TEST_STEP][PASSED] - selectOptionByLabel(findTestObject(orPath_TaxTypeFilingYear + "/select_FilingYear"), FilingYear, false): All options with label '2022' are selected in object 'Object Repository/RAD_Pages/TaxTypeFilingYear_Page/select_FilingYear' 

2024-02-03 23:38:57 - [MESSAGE][PASSED] - All options with label '2022' are selected in object 'Object Repository/RAD_Pages/TaxTypeFilingYear_Page/select_FilingYear' 

2024-02-03 23:38:57 - [TEST_STEP][PASSED] - setText(findTestObject(orPath_TaxPayer + "/input_businessName"), " "): Text ' ' is set on object 'Object Repository/RAD_Pages/Taxpayer_Page/input_businessName'

2024-02-03 23:38:58 - [MESSAGE][PASSED] - Text ' ' is set on object 'Object Repository/RAD_Pages/Taxpayer_Page/input_businessName'

2024-02-03 23:38:58 - [TEST_STEP][PASSED] - setText(findTestObject(orPath_TaxPayer + "/input_BusinessRepfirstName"), " "): Text ' ' is set on object 'Object Repository/RAD_Pages/Taxpayer_Page/input_BusinessRepfirstName'

2024-02-03 23:38:58 - [MESSAGE][PASSED] - Text ' ' is set on object 'Object Repository/RAD_Pages/Taxpayer_Page/input_BusinessRepfirstName'

2024-02-03 23:38:58 - [TEST_STEP][PASSED] - setText(findTestObject(orPath_TaxPayer + "/input_BusinessReplastName"), " "): Text ' ' is set on object 'Object Repository/RAD_Pages/Taxpayer_Page/input_BusinessReplastName'

2024-02-03 23:38:59 - [MESSAGE][PASSED] - Text ' ' is set on object 'Object Repository/RAD_Pages/Taxpayer_Page/input_BusinessReplastName'

2024-02-03 23:38:59 - [TEST_STEP][PASSED] - setText(findTestObject(orPath_AddressContact + "/input_streetAddress1"), " "): Text ' ' is set on object 'Object Repository/RAD_Pages/AddressAndContactInfo_Page/input_streetAddress1'

2024-02-03 23:39:00 - [MESSAGE][PASSED] - Text ' ' is set on object 'Object Repository/RAD_Pages/AddressAndContactInfo_Page/input_streetAddress1'

2024-02-03 23:39:00 - [TEST_STEP][PASSED] - setText(findTestObject(orPath_AddressContact + "/input_city"), " "): Text ' ' is set on object 'Object Repository/RAD_Pages/AddressAndContactInfo_Page/input_city'

2024-02-03 23:39:00 - [MESSAGE][PASSED] - Text ' ' is set on object 'Object Repository/RAD_Pages/AddressAndContactInfo_Page/input_city'

2024-02-03 23:39:00 - [TEST_STEP][PASSED] - setText(findTestObject(orPath_AddressContact + "/input_zipCode"), " "): Text ' ' is set on object 'Object Repository/RAD_Pages/AddressAndContactInfo_Page/input_zipCode'

2024-02-03 23:39:01 - [MESSAGE][PASSED] - Text ' ' is set on object 'Object Repository/RAD_Pages/AddressAndContactInfo_Page/input_zipCode'

2024-02-03 23:39:01 - [TEST_STEP][PASSED] - setText(findTestObject(orPath_AddressContact + "/input_phoneNumber"), " "): Text ' ' is set on object 'Object Repository/RAD_Pages/AddressAndContactInfo_Page/input_phoneNumber'

2024-02-03 23:39:02 - [MESSAGE][PASSED] - Text ' ' is set on object 'Object Repository/RAD_Pages/AddressAndContactInfo_Page/input_phoneNumber'

2024-02-03 23:39:02 - [TEST_STEP][PASSED] - setText(findTestObject(orPath_AddressContact + "/input_eMailAddress"), " "): Text ' ' is set on object 'Object Repository/RAD_Pages/AddressAndContactInfo_Page/input_eMailAddress'

2024-02-03 23:39:03 - [MESSAGE][PASSED] - Text ' ' is set on object 'Object Repository/RAD_Pages/AddressAndContactInfo_Page/input_eMailAddress'

2024-02-03 23:39:03 - [TEST_STEP][PASSED] - setText(findTestObject(orPath_AddressContact + "/input_reEnterEMailAddress"), " "): Text ' ' is set on object 'Object Repository/RAD_Pages/AddressAndContactInfo_Page/input_reEnterEMailAddress'

2024-02-03 23:39:03 - [MESSAGE][PASSED] - Text ' ' is set on object 'Object Repository/RAD_Pages/AddressAndContactInfo_Page/input_reEnterEMailAddress'

2024-02-03 23:39:03 - [TEST_STEP][PASSED] - if (TaxType.equalsIgnoreCase("Estate Tax")): null

2024-02-03 23:39:03 - [TEST_STEP][PASSED] - setText(findTestObject(orPath_Amount + "/input__paymentAmount"), ""): Text '' is set on object 'Object Repository/RAD_Pages/PaymentAmount_Page/input__paymentAmount'

2024-02-03 23:39:04 - [MESSAGE][PASSED] - Text '' is set on object 'Object Repository/RAD_Pages/PaymentAmount_Page/input__paymentAmount'

2024-02-03 23:39:04 - [TEST_STEP][PASSED] - resText = "Fail": null

2024-02-03 23:39:04 - [TEST_STEP][PASSED] - pages.WriteExcel.demoKey(resText, datText, resColumn, datCloumn, fileLoc, nameSheet, row): pages.WriteExcel.demoKey is PASSED

2024-02-03 23:39:05 - [MESSAGE][PASSED] - pages.WriteExcel.demoKey is PASSED

2024-02-03 23:39:05 - [TEST_STEP][PASSED] - verifyTextPresent("Enter business name", true, CONTINUE_ON_FAILURE): Text 'Enter business name' is present on page  using regular expression

2024-02-03 23:39:05 - [MESSAGE][PASSED] - Text 'Enter business name' is present on page  using regular expression

2024-02-03 23:39:05 - [TEST_STEP][PASSED] - verifyTextPresent("Enter business rep first name", true, CONTINUE_ON_FAILURE): Text 'Enter business rep first name' is present on page  using regular expression

2024-02-03 23:39:06 - [MESSAGE][PASSED] - Text 'Enter business rep first name' is present on page  using regular expression

2024-02-03 23:39:06 - [TEST_STEP][PASSED] - verifyTextPresent("Enter business rep last name", true, CONTINUE_ON_FAILURE): Text 'Enter business rep last name' is present on page  using regular expression

2024-02-03 23:39:06 - [MESSAGE][PASSED] - Text 'Enter business rep last name' is present on page  using regular expression

2024-02-03 23:39:06 - [TEST_STEP][PASSED] - verifyTextPresent("Enter address", true, CONTINUE_ON_FAILURE): Text 'Enter address' is present on page  using regular expression

2024-02-03 23:39:07 - [MESSAGE][PASSED] - Text 'Enter address' is present on page  using regular expression

2024-02-03 23:39:07 - [TEST_STEP][PASSED] - verifyTextPresent("Enter city", true, CONTINUE_ON_FAILURE): Text 'Enter city' is present on page  using regular expression

2024-02-03 23:39:07 - [MESSAGE][PASSED] - Text 'Enter city' is present on page  using regular expression

2024-02-03 23:39:07 - [TEST_STEP][PASSED] - verifyTextPresent("Enter ZIP code", true, CONTINUE_ON_FAILURE): Text 'Enter ZIP code' is present on page  using regular expression

2024-02-03 23:39:07 - [MESSAGE][PASSED] - Text 'Enter ZIP code' is present on page  using regular expression

2024-02-03 23:39:07 - [TEST_STEP][PASSED] - verifyTextPresent("Enter a valid phone number", true, CONTINUE_ON_FAILURE): Text 'Enter a valid phone number' is present on page  using regular expression

2024-02-03 23:39:08 - [MESSAGE][PASSED] - Text 'Enter a valid phone number' is present on page  using regular expression

2024-02-03 23:39:08 - [TEST_STEP][PASSED] - verifyTextPresent("Enter Email", true, CONTINUE_ON_FAILURE): Text 'Enter Email' is present on page  using regular expression

2024-02-03 23:39:08 - [MESSAGE][PASSED] - Text 'Enter Email' is present on page  using regular expression

2024-02-03 23:39:08 - [TEST_STEP][PASSED] - if (TaxType.equalsIgnoreCase("Estate Tax")): null

2024-02-03 23:39:08 - [TEST_STEP][PASSED] - resText = "Pass": null

2024-02-03 23:39:08 - [TEST_STEP][PASSED] - pages.WriteExcel.demoKey(resText, datText, resColumn, datCloumn, fileLoc, nameSheet, row): pages.WriteExcel.demoKey is PASSED

2024-02-03 23:39:08 - [MESSAGE][PASSED] - pages.WriteExcel.demoKey is PASSED

2024-02-03 23:39:08 - [TEST_STEP][PASSED] - ExecuteTC = findTestData(dataFile).getValue("Execute", row): null

2024-02-03 23:39:08 - [TEST_STEP][PASSED] - TaxType = findTestData(dataFile).getValue("TaxType", row): null

2024-02-03 23:39:08 - [TEST_STEP][PASSED] - PaymentType = findTestData(dataFile).getValue("PaymentType", row): null

2024-02-03 23:39:08 - [TEST_STEP][PASSED] - FilingYear = findTestData(dataFile).getValue("Year", row): null

2024-02-03 23:39:08 - [TEST_STEP][PASSED] - feinSSN = findTestData(dataFile).getValue("FeinSsn", row): null

2024-02-03 23:39:08 - [TEST_STEP][PASSED] - if (ExecuteTC.equalsIgnoreCase("Y")): pages.WriteExcel.demoKey is PASSED

2024-02-03 23:39:08 - [TEST_STEP][PASSED] - out.println("Begin Record Number: " + row): null

2024-02-03 23:39:08 - [TEST_STEP][PASSED] - today = new java.util.Date(): null

2024-02-03 23:39:08 - [TEST_STEP][PASSED] - println(today): null

2024-02-03 23:39:08 - [TEST_STEP][PASSED] - datText = today: null

2024-02-03 23:39:08 - [TEST_STEP][PASSED] - logInfo("Payment Type: New Tax Return Amount Due"): Payment Type: New Tax Return Amount Due

2024-02-03 23:39:08 - [MESSAGE][INFO] - Payment Type: New Tax Return Amount Due

2024-02-03 23:39:08 - [TEST_STEP][PASSED] - logInfo("Tax Type: " + TaxType): Tax Type: PTE Non-Electing S Corp

2024-02-03 23:39:08 - [MESSAGE][INFO] - Tax Type: PTE Non-Electing S Corp

2024-02-03 23:39:08 - [TEST_STEP][PASSED] - openBrowser(""): Browser is opened with url: ''

2024-02-03 23:39:08 - [MESSAGE][WARNING] - A browser is already opened. Closing browser and opening a new one

2024-02-03 23:39:10 - [MESSAGE][INFO] - Starting 'Chrome' driver

2024-02-03 23:39:10 - [MESSAGE][INFO] - User set preference: ['acceptInsecureCerts', 'true']

2024-02-03 23:39:10 - [MESSAGE][INFO] - Action delay is set to 0 milliseconds

2024-02-03 23:39:11 - [MESSAGE][PASSED] - Browser is opened with url: ''

2024-02-03 23:39:11 - [TEST_STEP][PASSED] - maximizeWindow(): Current window maximized

2024-02-03 23:39:12 - [MESSAGE][PASSED] - Current window maximized

2024-02-03 23:39:12 - [TEST_STEP][PASSED] - navigateToUrl(RADurl): Navigate to 'https://qa2.velocitypayment.com/client/rad/index.html' successfully

2024-02-03 23:39:14 - [MESSAGE][PASSED] - Navigate to 'https://qa2.velocitypayment.com/client/rad/index.html' successfully

2024-02-03 23:39:14 - [TEST_STEP][PASSED] - selectOptionByLabel(findTestObject(orPath_Landing + "/dd_TaxType"), "New Tax Return Amount Due", false): All options with label 'New Tax Return Amount Due' are selected in object 'Object Repository/RAD_Pages/Landing_Page/dd_TaxType' 

2024-02-03 23:39:14 - [MESSAGE][PASSED] - All options with label 'New Tax Return Amount Due' are selected in object 'Object Repository/RAD_Pages/Landing_Page/dd_TaxType' 

2024-02-03 23:39:14 - [TEST_STEP][PASSED] - selectOptionByLabel(findTestObject("Object Repository/RAD_Pages/Landing_Page/select_NewTaxReturnAmountDue_TaxType"), TaxType, false): All options with label 'PTE Non-Electing S Corp' are selected in object 'Object Repository/RAD_Pages/Landing_Page/select_NewTaxReturnAmountDue_TaxType' 

2024-02-03 23:39:15 - [MESSAGE][PASSED] - All options with label 'PTE Non-Electing S Corp' are selected in object 'Object Repository/RAD_Pages/Landing_Page/select_NewTaxReturnAmountDue_TaxType' 

2024-02-03 23:39:15 - [TEST_STEP][PASSED] - selectOptionByLabel(findTestObject(orPath_TaxTypeFilingYear + "/select_FilingYear"), FilingYear, false): All options with label '2022' are selected in object 'Object Repository/RAD_Pages/TaxTypeFilingYear_Page/select_FilingYear' 

2024-02-03 23:39:16 - [MESSAGE][PASSED] - All options with label '2022' are selected in object 'Object Repository/RAD_Pages/TaxTypeFilingYear_Page/select_FilingYear' 

2024-02-03 23:39:16 - [TEST_STEP][PASSED] - setText(findTestObject(orPath_TaxPayer + "/input_businessName"), " "): Text ' ' is set on object 'Object Repository/RAD_Pages/Taxpayer_Page/input_businessName'

2024-02-03 23:39:17 - [MESSAGE][PASSED] - Text ' ' is set on object 'Object Repository/RAD_Pages/Taxpayer_Page/input_businessName'

2024-02-03 23:39:17 - [TEST_STEP][PASSED] - setText(findTestObject(orPath_TaxPayer + "/input_BusinessRepfirstName"), " "): Text ' ' is set on object 'Object Repository/RAD_Pages/Taxpayer_Page/input_BusinessRepfirstName'

2024-02-03 23:39:17 - [MESSAGE][PASSED] - Text ' ' is set on object 'Object Repository/RAD_Pages/Taxpayer_Page/input_BusinessRepfirstName'

2024-02-03 23:39:17 - [TEST_STEP][PASSED] - setText(findTestObject(orPath_TaxPayer + "/input_BusinessReplastName"), " "): Text ' ' is set on object 'Object Repository/RAD_Pages/Taxpayer_Page/input_BusinessReplastName'

2024-02-03 23:39:18 - [MESSAGE][PASSED] - Text ' ' is set on object 'Object Repository/RAD_Pages/Taxpayer_Page/input_BusinessReplastName'

2024-02-03 23:39:18 - [TEST_STEP][PASSED] - setText(findTestObject(orPath_AddressContact + "/input_streetAddress1"), " "): Text ' ' is set on object 'Object Repository/RAD_Pages/AddressAndContactInfo_Page/input_streetAddress1'

2024-02-03 23:39:19 - [MESSAGE][PASSED] - Text ' ' is set on object 'Object Repository/RAD_Pages/AddressAndContactInfo_Page/input_streetAddress1'

2024-02-03 23:39:19 - [TEST_STEP][PASSED] - setText(findTestObject(orPath_AddressContact + "/input_city"), " "): Text ' ' is set on object 'Object Repository/RAD_Pages/AddressAndContactInfo_Page/input_city'

2024-02-03 23:39:20 - [MESSAGE][PASSED] - Text ' ' is set on object 'Object Repository/RAD_Pages/AddressAndContactInfo_Page/input_city'

2024-02-03 23:39:20 - [TEST_STEP][PASSED] - setText(findTestObject(orPath_AddressContact + "/input_zipCode"), " "): Text ' ' is set on object 'Object Repository/RAD_Pages/AddressAndContactInfo_Page/input_zipCode'

2024-02-03 23:39:20 - [MESSAGE][PASSED] - Text ' ' is set on object 'Object Repository/RAD_Pages/AddressAndContactInfo_Page/input_zipCode'

2024-02-03 23:39:20 - [TEST_STEP][PASSED] - setText(findTestObject(orPath_AddressContact + "/input_phoneNumber"), " "): Text ' ' is set on object 'Object Repository/RAD_Pages/AddressAndContactInfo_Page/input_phoneNumber'

2024-02-03 23:39:21 - [MESSAGE][PASSED] - Text ' ' is set on object 'Object Repository/RAD_Pages/AddressAndContactInfo_Page/input_phoneNumber'

2024-02-03 23:39:21 - [TEST_STEP][PASSED] - setText(findTestObject(orPath_AddressContact + "/input_eMailAddress"), " "): Text ' ' is set on object 'Object Repository/RAD_Pages/AddressAndContactInfo_Page/input_eMailAddress'

2024-02-03 23:39:22 - [MESSAGE][PASSED] - Text ' ' is set on object 'Object Repository/RAD_Pages/AddressAndContactInfo_Page/input_eMailAddress'

2024-02-03 23:39:22 - [TEST_STEP][PASSED] - setText(findTestObject(orPath_AddressContact + "/input_reEnterEMailAddress"), " "): Text ' ' is set on object 'Object Repository/RAD_Pages/AddressAndContactInfo_Page/input_reEnterEMailAddress'

2024-02-03 23:39:23 - [MESSAGE][PASSED] - Text ' ' is set on object 'Object Repository/RAD_Pages/AddressAndContactInfo_Page/input_reEnterEMailAddress'

2024-02-03 23:39:23 - [TEST_STEP][PASSED] - if (TaxType.equalsIgnoreCase("Estate Tax")): null

2024-02-03 23:39:23 - [TEST_STEP][PASSED] - setText(findTestObject(orPath_Amount + "/input__paymentAmount"), ""): Text '' is set on object 'Object Repository/RAD_Pages/PaymentAmount_Page/input__paymentAmount'

2024-02-03 23:39:24 - [MESSAGE][PASSED] - Text '' is set on object 'Object Repository/RAD_Pages/PaymentAmount_Page/input__paymentAmount'

2024-02-03 23:39:24 - [TEST_STEP][PASSED] - resText = "Fail": null

2024-02-03 23:39:24 - [TEST_STEP][PASSED] - pages.WriteExcel.demoKey(resText, datText, resColumn, datCloumn, fileLoc, nameSheet, row): pages.WriteExcel.demoKey is PASSED

2024-02-03 23:39:24 - [MESSAGE][PASSED] - pages.WriteExcel.demoKey is PASSED

2024-02-03 23:39:24 - [TEST_STEP][PASSED] - verifyTextPresent("Enter business name", true, CONTINUE_ON_FAILURE): Text 'Enter business name' is present on page  using regular expression

2024-02-03 23:39:25 - [MESSAGE][PASSED] - Text 'Enter business name' is present on page  using regular expression

2024-02-03 23:39:25 - [TEST_STEP][PASSED] - verifyTextPresent("Enter business rep first name", true, CONTINUE_ON_FAILURE): Text 'Enter business rep first name' is present on page  using regular expression

2024-02-03 23:39:25 - [MESSAGE][PASSED] - Text 'Enter business rep first name' is present on page  using regular expression

2024-02-03 23:39:25 - [TEST_STEP][PASSED] - verifyTextPresent("Enter business rep last name", true, CONTINUE_ON_FAILURE): Text 'Enter business rep last name' is present on page  using regular expression

2024-02-03 23:39:25 - [MESSAGE][PASSED] - Text 'Enter business rep last name' is present on page  using regular expression

2024-02-03 23:39:25 - [TEST_STEP][PASSED] - verifyTextPresent("Enter address", true, CONTINUE_ON_FAILURE): Text 'Enter address' is present on page  using regular expression

2024-02-03 23:39:26 - [MESSAGE][PASSED] - Text 'Enter address' is present on page  using regular expression

2024-02-03 23:39:26 - [TEST_STEP][PASSED] - verifyTextPresent("Enter city", true, CONTINUE_ON_FAILURE): Text 'Enter city' is present on page  using regular expression

2024-02-03 23:39:26 - [MESSAGE][PASSED] - Text 'Enter city' is present on page  using regular expression

2024-02-03 23:39:26 - [TEST_STEP][PASSED] - verifyTextPresent("Enter ZIP code", true, CONTINUE_ON_FAILURE): Text 'Enter ZIP code' is present on page  using regular expression

2024-02-03 23:39:26 - [MESSAGE][PASSED] - Text 'Enter ZIP code' is present on page  using regular expression

2024-02-03 23:39:26 - [TEST_STEP][PASSED] - verifyTextPresent("Enter a valid phone number", true, CONTINUE_ON_FAILURE): Text 'Enter a valid phone number' is present on page  using regular expression

2024-02-03 23:39:27 - [MESSAGE][PASSED] - Text 'Enter a valid phone number' is present on page  using regular expression

2024-02-03 23:39:27 - [TEST_STEP][PASSED] - verifyTextPresent("Enter Email", true, CONTINUE_ON_FAILURE): Text 'Enter Email' is present on page  using regular expression

2024-02-03 23:39:27 - [MESSAGE][PASSED] - Text 'Enter Email' is present on page  using regular expression

2024-02-03 23:39:27 - [TEST_STEP][PASSED] - if (TaxType.equalsIgnoreCase("Estate Tax")): null

2024-02-03 23:39:27 - [TEST_STEP][PASSED] - resText = "Pass": null

2024-02-03 23:39:27 - [TEST_STEP][PASSED] - pages.WriteExcel.demoKey(resText, datText, resColumn, datCloumn, fileLoc, nameSheet, row): pages.WriteExcel.demoKey is PASSED

2024-02-03 23:39:27 - [MESSAGE][PASSED] - pages.WriteExcel.demoKey is PASSED

2024-02-03 23:39:27 - [TEST_STEP][PASSED] - ExecuteTC = findTestData(dataFile).getValue("Execute", row): null

2024-02-03 23:39:27 - [TEST_STEP][PASSED] - TaxType = findTestData(dataFile).getValue("TaxType", row): null

2024-02-03 23:39:27 - [TEST_STEP][PASSED] - PaymentType = findTestData(dataFile).getValue("PaymentType", row): null

2024-02-03 23:39:27 - [TEST_STEP][PASSED] - FilingYear = findTestData(dataFile).getValue("Year", row): null

2024-02-03 23:39:27 - [TEST_STEP][PASSED] - feinSSN = findTestData(dataFile).getValue("FeinSsn", row): null

2024-02-03 23:39:28 - [TEST_STEP][PASSED] - if (ExecuteTC.equalsIgnoreCase("Y")): pages.WriteExcel.demoKey is PASSED

2024-02-03 23:39:28 - [TEST_STEP][PASSED] - out.println("Begin Record Number: " + row): null

2024-02-03 23:39:28 - [TEST_STEP][PASSED] - today = new java.util.Date(): null

2024-02-03 23:39:28 - [TEST_STEP][PASSED] - println(today): null

2024-02-03 23:39:28 - [TEST_STEP][PASSED] - datText = today: null

2024-02-03 23:39:28 - [TEST_STEP][PASSED] - logInfo("Payment Type: New Tax Return Amount Due"): Payment Type: New Tax Return Amount Due

2024-02-03 23:39:28 - [MESSAGE][INFO] - Payment Type: New Tax Return Amount Due

2024-02-03 23:39:28 - [TEST_STEP][PASSED] - logInfo("Tax Type: " + TaxType): Tax Type: PTE Tax Electing Non-S Corp

2024-02-03 23:39:28 - [MESSAGE][INFO] - Tax Type: PTE Tax Electing Non-S Corp

2024-02-03 23:39:28 - [TEST_STEP][PASSED] - openBrowser(""): Browser is opened with url: ''

2024-02-03 23:39:28 - [MESSAGE][WARNING] - A browser is already opened. Closing browser and opening a new one

2024-02-03 23:39:29 - [MESSAGE][INFO] - Starting 'Chrome' driver

2024-02-03 23:39:29 - [MESSAGE][INFO] - User set preference: ['acceptInsecureCerts', 'true']

2024-02-03 23:39:29 - [MESSAGE][INFO] - Action delay is set to 0 milliseconds

2024-02-03 23:39:31 - [MESSAGE][PASSED] - Browser is opened with url: ''

2024-02-03 23:39:31 - [TEST_STEP][PASSED] - maximizeWindow(): Current window maximized

2024-02-03 23:39:31 - [MESSAGE][PASSED] - Current window maximized

2024-02-03 23:39:31 - [TEST_STEP][PASSED] - navigateToUrl(RADurl): Navigate to 'https://qa2.velocitypayment.com/client/rad/index.html' successfully

2024-02-03 23:39:33 - [MESSAGE][PASSED] - Navigate to 'https://qa2.velocitypayment.com/client/rad/index.html' successfully

2024-02-03 23:39:33 - [TEST_STEP][PASSED] - selectOptionByLabel(findTestObject(orPath_Landing + "/dd_TaxType"), "New Tax Return Amount Due", false): All options with label 'New Tax Return Amount Due' are selected in object 'Object Repository/RAD_Pages/Landing_Page/dd_TaxType' 

2024-02-03 23:39:34 - [MESSAGE][PASSED] - All options with label 'New Tax Return Amount Due' are selected in object 'Object Repository/RAD_Pages/Landing_Page/dd_TaxType' 

2024-02-03 23:39:34 - [TEST_STEP][PASSED] - selectOptionByLabel(findTestObject("Object Repository/RAD_Pages/Landing_Page/select_NewTaxReturnAmountDue_TaxType"), TaxType, false): All options with label 'PTE Tax Electing Non-S Corp' are selected in object 'Object Repository/RAD_Pages/Landing_Page/select_NewTaxReturnAmountDue_TaxType' 

2024-02-03 23:39:34 - [MESSAGE][PASSED] - All options with label 'PTE Tax Electing Non-S Corp' are selected in object 'Object Repository/RAD_Pages/Landing_Page/select_NewTaxReturnAmountDue_TaxType' 

2024-02-03 23:39:34 - [TEST_STEP][PASSED] - selectOptionByLabel(findTestObject(orPath_TaxTypeFilingYear + "/select_FilingYear"), FilingYear, false): All options with label '2022' are selected in object 'Object Repository/RAD_Pages/TaxTypeFilingYear_Page/select_FilingYear' 

2024-02-03 23:39:35 - [MESSAGE][PASSED] - All options with label '2022' are selected in object 'Object Repository/RAD_Pages/TaxTypeFilingYear_Page/select_FilingYear' 

2024-02-03 23:39:35 - [TEST_STEP][PASSED] - setText(findTestObject(orPath_TaxPayer + "/input_businessName"), " "): Text ' ' is set on object 'Object Repository/RAD_Pages/Taxpayer_Page/input_businessName'

2024-02-03 23:39:36 - [MESSAGE][PASSED] - Text ' ' is set on object 'Object Repository/RAD_Pages/Taxpayer_Page/input_businessName'

2024-02-03 23:39:36 - [TEST_STEP][PASSED] - setText(findTestObject(orPath_TaxPayer + "/input_BusinessRepfirstName"), " "): Text ' ' is set on object 'Object Repository/RAD_Pages/Taxpayer_Page/input_BusinessRepfirstName'

2024-02-03 23:39:37 - [MESSAGE][PASSED] - Text ' ' is set on object 'Object Repository/RAD_Pages/Taxpayer_Page/input_BusinessRepfirstName'

2024-02-03 23:39:37 - [TEST_STEP][PASSED] - setText(findTestObject(orPath_TaxPayer + "/input_BusinessReplastName"), " "): Text ' ' is set on object 'Object Repository/RAD_Pages/Taxpayer_Page/input_BusinessReplastName'

2024-02-03 23:39:37 - [MESSAGE][PASSED] - Text ' ' is set on object 'Object Repository/RAD_Pages/Taxpayer_Page/input_BusinessReplastName'

2024-02-03 23:39:37 - [TEST_STEP][PASSED] - setText(findTestObject(orPath_AddressContact + "/input_streetAddress1"), " "): Text ' ' is set on object 'Object Repository/RAD_Pages/AddressAndContactInfo_Page/input_streetAddress1'

2024-02-03 23:39:38 - [MESSAGE][PASSED] - Text ' ' is set on object 'Object Repository/RAD_Pages/AddressAndContactInfo_Page/input_streetAddress1'

2024-02-03 23:39:38 - [TEST_STEP][PASSED] - setText(findTestObject(orPath_AddressContact + "/input_city"), " "): Text ' ' is set on object 'Object Repository/RAD_Pages/AddressAndContactInfo_Page/input_city'

2024-02-03 23:39:39 - [MESSAGE][PASSED] - Text ' ' is set on object 'Object Repository/RAD_Pages/AddressAndContactInfo_Page/input_city'

2024-02-03 23:39:39 - [TEST_STEP][PASSED] - setText(findTestObject(orPath_AddressContact + "/input_zipCode"), " "): Text ' ' is set on object 'Object Repository/RAD_Pages/AddressAndContactInfo_Page/input_zipCode'

2024-02-03 23:39:39 - [MESSAGE][PASSED] - Text ' ' is set on object 'Object Repository/RAD_Pages/AddressAndContactInfo_Page/input_zipCode'

2024-02-03 23:39:39 - [TEST_STEP][PASSED] - setText(findTestObject(orPath_AddressContact + "/input_phoneNumber"), " "): Text ' ' is set on object 'Object Repository/RAD_Pages/AddressAndContactInfo_Page/input_phoneNumber'

2024-02-03 23:39:40 - [MESSAGE][PASSED] - Text ' ' is set on object 'Object Repository/RAD_Pages/AddressAndContactInfo_Page/input_phoneNumber'

2024-02-03 23:39:40 - [TEST_STEP][PASSED] - setText(findTestObject(orPath_AddressContact + "/input_eMailAddress"), " "): Text ' ' is set on object 'Object Repository/RAD_Pages/AddressAndContactInfo_Page/input_eMailAddress'

2024-02-03 23:39:41 - [MESSAGE][PASSED] - Text ' ' is set on object 'Object Repository/RAD_Pages/AddressAndContactInfo_Page/input_eMailAddress'

2024-02-03 23:39:41 - [TEST_STEP][PASSED] - setText(findTestObject(orPath_AddressContact + "/input_reEnterEMailAddress"), " "): Text ' ' is set on object 'Object Repository/RAD_Pages/AddressAndContactInfo_Page/input_reEnterEMailAddress'

2024-02-03 23:39:42 - [MESSAGE][PASSED] - Text ' ' is set on object 'Object Repository/RAD_Pages/AddressAndContactInfo_Page/input_reEnterEMailAddress'

2024-02-03 23:39:42 - [TEST_STEP][PASSED] - if (TaxType.equalsIgnoreCase("Estate Tax")): null

2024-02-03 23:39:42 - [TEST_STEP][PASSED] - setText(findTestObject(orPath_Amount + "/input__paymentAmount"), ""): Text '' is set on object 'Object Repository/RAD_Pages/PaymentAmount_Page/input__paymentAmount'

2024-02-03 23:39:43 - [MESSAGE][PASSED] - Text '' is set on object 'Object Repository/RAD_Pages/PaymentAmount_Page/input__paymentAmount'

2024-02-03 23:39:43 - [TEST_STEP][PASSED] - resText = "Fail": null

2024-02-03 23:39:43 - [TEST_STEP][PASSED] - pages.WriteExcel.demoKey(resText, datText, resColumn, datCloumn, fileLoc, nameSheet, row): pages.WriteExcel.demoKey is PASSED

2024-02-03 23:39:43 - [MESSAGE][PASSED] - pages.WriteExcel.demoKey is PASSED

2024-02-03 23:39:43 - [TEST_STEP][PASSED] - verifyTextPresent("Enter business name", true, CONTINUE_ON_FAILURE): Text 'Enter business name' is present on page  using regular expression

2024-02-03 23:39:44 - [MESSAGE][PASSED] - Text 'Enter business name' is present on page  using regular expression

2024-02-03 23:39:44 - [TEST_STEP][PASSED] - verifyTextPresent("Enter business rep first name", true, CONTINUE_ON_FAILURE): Text 'Enter business rep first name' is present on page  using regular expression

2024-02-03 23:39:44 - [MESSAGE][PASSED] - Text 'Enter business rep first name' is present on page  using regular expression

2024-02-03 23:39:44 - [TEST_STEP][PASSED] - verifyTextPresent("Enter business rep last name", true, CONTINUE_ON_FAILURE): Text 'Enter business rep last name' is present on page  using regular expression

2024-02-03 23:39:45 - [MESSAGE][PASSED] - Text 'Enter business rep last name' is present on page  using regular expression

2024-02-03 23:39:45 - [TEST_STEP][PASSED] - verifyTextPresent("Enter address", true, CONTINUE_ON_FAILURE): Text 'Enter address' is present on page  using regular expression

2024-02-03 23:39:45 - [MESSAGE][PASSED] - Text 'Enter address' is present on page  using regular expression

2024-02-03 23:39:45 - [TEST_STEP][PASSED] - verifyTextPresent("Enter city", true, CONTINUE_ON_FAILURE): Text 'Enter city' is present on page  using regular expression

2024-02-03 23:39:45 - [MESSAGE][PASSED] - Text 'Enter city' is present on page  using regular expression

2024-02-03 23:39:45 - [TEST_STEP][PASSED] - verifyTextPresent("Enter ZIP code", true, CONTINUE_ON_FAILURE): Text 'Enter ZIP code' is present on page  using regular expression

2024-02-03 23:39:46 - [MESSAGE][PASSED] - Text 'Enter ZIP code' is present on page  using regular expression

2024-02-03 23:39:46 - [TEST_STEP][PASSED] - verifyTextPresent("Enter a valid phone number", true, CONTINUE_ON_FAILURE): Text 'Enter a valid phone number' is present on page  using regular expression

2024-02-03 23:39:46 - [MESSAGE][PASSED] - Text 'Enter a valid phone number' is present on page  using regular expression

2024-02-03 23:39:46 - [TEST_STEP][PASSED] - verifyTextPresent("Enter Email", true, CONTINUE_ON_FAILURE): Text 'Enter Email' is present on page  using regular expression

2024-02-03 23:39:46 - [MESSAGE][PASSED] - Text 'Enter Email' is present on page  using regular expression

2024-02-03 23:39:46 - [TEST_STEP][PASSED] - if (TaxType.equalsIgnoreCase("Estate Tax")): null

2024-02-03 23:39:46 - [TEST_STEP][PASSED] - resText = "Pass": null

2024-02-03 23:39:46 - [TEST_STEP][PASSED] - pages.WriteExcel.demoKey(resText, datText, resColumn, datCloumn, fileLoc, nameSheet, row): pages.WriteExcel.demoKey is PASSED

2024-02-03 23:39:46 - [MESSAGE][PASSED] - pages.WriteExcel.demoKey is PASSED

2024-02-03 23:39:46 - [TEST_STEP][PASSED] - ExecuteTC = findTestData(dataFile).getValue("Execute", row): null

2024-02-03 23:39:47 - [TEST_STEP][PASSED] - TaxType = findTestData(dataFile).getValue("TaxType", row): null

2024-02-03 23:39:47 - [TEST_STEP][PASSED] - PaymentType = findTestData(dataFile).getValue("PaymentType", row): null

2024-02-03 23:39:47 - [TEST_STEP][PASSED] - FilingYear = findTestData(dataFile).getValue("Year", row): null

2024-02-03 23:39:47 - [TEST_STEP][PASSED] - feinSSN = findTestData(dataFile).getValue("FeinSsn", row): null

2024-02-03 23:39:47 - [TEST_STEP][PASSED] - if (ExecuteTC.equalsIgnoreCase("Y")): pages.WriteExcel.demoKey is PASSED

2024-02-03 23:39:47 - [TEST_STEP][PASSED] - out.println("Begin Record Number: " + row): null

2024-02-03 23:39:47 - [TEST_STEP][PASSED] - today = new java.util.Date(): null

2024-02-03 23:39:47 - [TEST_STEP][PASSED] - println(today): null

2024-02-03 23:39:47 - [TEST_STEP][PASSED] - datText = today: null

2024-02-03 23:39:47 - [TEST_STEP][PASSED] - logInfo("Payment Type: New Tax Return Amount Due"): Payment Type: New Tax Return Amount Due

2024-02-03 23:39:47 - [MESSAGE][INFO] - Payment Type: New Tax Return Amount Due

2024-02-03 23:39:47 - [TEST_STEP][PASSED] - logInfo("Tax Type: " + TaxType): Tax Type: PTE Tax Electing S Corp

2024-02-03 23:39:47 - [MESSAGE][INFO] - Tax Type: PTE Tax Electing S Corp

2024-02-03 23:39:47 - [TEST_STEP][PASSED] - openBrowser(""): Browser is opened with url: ''

2024-02-03 23:39:47 - [MESSAGE][WARNING] - A browser is already opened. Closing browser and opening a new one

2024-02-03 23:39:48 - [MESSAGE][INFO] - Starting 'Chrome' driver

2024-02-03 23:39:48 - [MESSAGE][INFO] - User set preference: ['acceptInsecureCerts', 'true']

2024-02-03 23:39:48 - [MESSAGE][INFO] - Action delay is set to 0 milliseconds

2024-02-03 23:39:50 - [MESSAGE][PASSED] - Browser is opened with url: ''

2024-02-03 23:39:50 - [TEST_STEP][PASSED] - maximizeWindow(): Current window maximized

2024-02-03 23:39:50 - [MESSAGE][PASSED] - Current window maximized

2024-02-03 23:39:50 - [TEST_STEP][PASSED] - navigateToUrl(RADurl): Navigate to 'https://qa2.velocitypayment.com/client/rad/index.html' successfully

2024-02-03 23:39:52 - [MESSAGE][PASSED] - Navigate to 'https://qa2.velocitypayment.com/client/rad/index.html' successfully

2024-02-03 23:39:52 - [TEST_STEP][PASSED] - selectOptionByLabel(findTestObject(orPath_Landing + "/dd_TaxType"), "New Tax Return Amount Due", false): All options with label 'New Tax Return Amount Due' are selected in object 'Object Repository/RAD_Pages/Landing_Page/dd_TaxType' 

2024-02-03 23:39:53 - [MESSAGE][PASSED] - All options with label 'New Tax Return Amount Due' are selected in object 'Object Repository/RAD_Pages/Landing_Page/dd_TaxType' 

2024-02-03 23:39:53 - [TEST_STEP][PASSED] - selectOptionByLabel(findTestObject("Object Repository/RAD_Pages/Landing_Page/select_NewTaxReturnAmountDue_TaxType"), TaxType, false): All options with label 'PTE Tax Electing S Corp' are selected in object 'Object Repository/RAD_Pages/Landing_Page/select_NewTaxReturnAmountDue_TaxType' 

2024-02-03 23:39:53 - [MESSAGE][PASSED] - All options with label 'PTE Tax Electing S Corp' are selected in object 'Object Repository/RAD_Pages/Landing_Page/select_NewTaxReturnAmountDue_TaxType' 

2024-02-03 23:39:53 - [TEST_STEP][PASSED] - selectOptionByLabel(findTestObject(orPath_TaxTypeFilingYear + "/select_FilingYear"), FilingYear, false): All options with label '2022' are selected in object 'Object Repository/RAD_Pages/TaxTypeFilingYear_Page/select_FilingYear' 

2024-02-03 23:39:54 - [MESSAGE][PASSED] - All options with label '2022' are selected in object 'Object Repository/RAD_Pages/TaxTypeFilingYear_Page/select_FilingYear' 

2024-02-03 23:39:54 - [TEST_STEP][PASSED] - setText(findTestObject(orPath_TaxPayer + "/input_businessName"), " "): Text ' ' is set on object 'Object Repository/RAD_Pages/Taxpayer_Page/input_businessName'

2024-02-03 23:39:55 - [MESSAGE][PASSED] - Text ' ' is set on object 'Object Repository/RAD_Pages/Taxpayer_Page/input_businessName'

2024-02-03 23:39:55 - [TEST_STEP][PASSED] - setText(findTestObject(orPath_TaxPayer + "/input_BusinessRepfirstName"), " "): Text ' ' is set on object 'Object Repository/RAD_Pages/Taxpayer_Page/input_BusinessRepfirstName'

2024-02-03 23:39:56 - [MESSAGE][PASSED] - Text ' ' is set on object 'Object Repository/RAD_Pages/Taxpayer_Page/input_BusinessRepfirstName'

2024-02-03 23:39:56 - [TEST_STEP][PASSED] - setText(findTestObject(orPath_TaxPayer + "/input_BusinessReplastName"), " "): Text ' ' is set on object 'Object Repository/RAD_Pages/Taxpayer_Page/input_BusinessReplastName'

2024-02-03 23:39:56 - [MESSAGE][PASSED] - Text ' ' is set on object 'Object Repository/RAD_Pages/Taxpayer_Page/input_BusinessReplastName'

2024-02-03 23:39:56 - [TEST_STEP][PASSED] - setText(findTestObject(orPath_AddressContact + "/input_streetAddress1"), " "): Text ' ' is set on object 'Object Repository/RAD_Pages/AddressAndContactInfo_Page/input_streetAddress1'

2024-02-03 23:39:57 - [MESSAGE][PASSED] - Text ' ' is set on object 'Object Repository/RAD_Pages/AddressAndContactInfo_Page/input_streetAddress1'

2024-02-03 23:39:57 - [TEST_STEP][PASSED] - setText(findTestObject(orPath_AddressContact + "/input_city"), " "): Text ' ' is set on object 'Object Repository/RAD_Pages/AddressAndContactInfo_Page/input_city'

2024-02-03 23:39:58 - [MESSAGE][PASSED] - Text ' ' is set on object 'Object Repository/RAD_Pages/AddressAndContactInfo_Page/input_city'

2024-02-03 23:39:58 - [TEST_STEP][PASSED] - setText(findTestObject(orPath_AddressContact + "/input_zipCode"), " "): Text ' ' is set on object 'Object Repository/RAD_Pages/AddressAndContactInfo_Page/input_zipCode'

2024-02-03 23:39:58 - [MESSAGE][PASSED] - Text ' ' is set on object 'Object Repository/RAD_Pages/AddressAndContactInfo_Page/input_zipCode'

2024-02-03 23:39:58 - [TEST_STEP][PASSED] - setText(findTestObject(orPath_AddressContact + "/input_phoneNumber"), " "): Text ' ' is set on object 'Object Repository/RAD_Pages/AddressAndContactInfo_Page/input_phoneNumber'

2024-02-03 23:39:59 - [MESSAGE][PASSED] - Text ' ' is set on object 'Object Repository/RAD_Pages/AddressAndContactInfo_Page/input_phoneNumber'

2024-02-03 23:39:59 - [TEST_STEP][PASSED] - setText(findTestObject(orPath_AddressContact + "/input_eMailAddress"), " "): Text ' ' is set on object 'Object Repository/RAD_Pages/AddressAndContactInfo_Page/input_eMailAddress'

2024-02-03 23:40:00 - [MESSAGE][PASSED] - Text ' ' is set on object 'Object Repository/RAD_Pages/AddressAndContactInfo_Page/input_eMailAddress'

2024-02-03 23:40:00 - [TEST_STEP][PASSED] - setText(findTestObject(orPath_AddressContact + "/input_reEnterEMailAddress"), " "): Text ' ' is set on object 'Object Repository/RAD_Pages/AddressAndContactInfo_Page/input_reEnterEMailAddress'

2024-02-03 23:40:01 - [MESSAGE][PASSED] - Text ' ' is set on object 'Object Repository/RAD_Pages/AddressAndContactInfo_Page/input_reEnterEMailAddress'

2024-02-03 23:40:01 - [TEST_STEP][PASSED] - if (TaxType.equalsIgnoreCase("Estate Tax")): null

2024-02-03 23:40:01 - [TEST_STEP][PASSED] - setText(findTestObject(orPath_Amount + "/input__paymentAmount"), ""): Text '' is set on object 'Object Repository/RAD_Pages/PaymentAmount_Page/input__paymentAmount'

2024-02-03 23:40:02 - [MESSAGE][PASSED] - Text '' is set on object 'Object Repository/RAD_Pages/PaymentAmount_Page/input__paymentAmount'

2024-02-03 23:40:02 - [TEST_STEP][PASSED] - resText = "Fail": null

2024-02-03 23:40:02 - [TEST_STEP][PASSED] - pages.WriteExcel.demoKey(resText, datText, resColumn, datCloumn, fileLoc, nameSheet, row): pages.WriteExcel.demoKey is PASSED

2024-02-03 23:40:02 - [MESSAGE][PASSED] - pages.WriteExcel.demoKey is PASSED

2024-02-03 23:40:02 - [TEST_STEP][PASSED] - verifyTextPresent("Enter business name", true, CONTINUE_ON_FAILURE): Text 'Enter business name' is present on page  using regular expression

2024-02-03 23:40:03 - [MESSAGE][PASSED] - Text 'Enter business name' is present on page  using regular expression

2024-02-03 23:40:03 - [TEST_STEP][PASSED] - verifyTextPresent("Enter business rep first name", true, CONTINUE_ON_FAILURE): Text 'Enter business rep first name' is present on page  using regular expression

2024-02-03 23:40:03 - [MESSAGE][PASSED] - Text 'Enter business rep first name' is present on page  using regular expression

2024-02-03 23:40:03 - [TEST_STEP][PASSED] - verifyTextPresent("Enter business rep last name", true, CONTINUE_ON_FAILURE): Text 'Enter business rep last name' is present on page  using regular expression

2024-02-03 23:40:04 - [MESSAGE][PASSED] - Text 'Enter business rep last name' is present on page  using regular expression

2024-02-03 23:40:04 - [TEST_STEP][PASSED] - verifyTextPresent("Enter address", true, CONTINUE_ON_FAILURE): Text 'Enter address' is present on page  using regular expression

2024-02-03 23:40:04 - [MESSAGE][PASSED] - Text 'Enter address' is present on page  using regular expression

2024-02-03 23:40:04 - [TEST_STEP][PASSED] - verifyTextPresent("Enter city", true, CONTINUE_ON_FAILURE): Text 'Enter city' is present on page  using regular expression

2024-02-03 23:40:04 - [MESSAGE][PASSED] - Text 'Enter city' is present on page  using regular expression

2024-02-03 23:40:04 - [TEST_STEP][PASSED] - verifyTextPresent("Enter ZIP code", true, CONTINUE_ON_FAILURE): Text 'Enter ZIP code' is present on page  using regular expression

2024-02-03 23:40:05 - [MESSAGE][PASSED] - Text 'Enter ZIP code' is present on page  using regular expression

2024-02-03 23:40:05 - [TEST_STEP][PASSED] - verifyTextPresent("Enter a valid phone number", true, CONTINUE_ON_FAILURE): Text 'Enter a valid phone number' is present on page  using regular expression

2024-02-03 23:40:05 - [MESSAGE][PASSED] - Text 'Enter a valid phone number' is present on page  using regular expression

2024-02-03 23:40:05 - [TEST_STEP][PASSED] - verifyTextPresent("Enter Email", true, CONTINUE_ON_FAILURE): Text 'Enter Email' is present on page  using regular expression

2024-02-03 23:40:05 - [MESSAGE][PASSED] - Text 'Enter Email' is present on page  using regular expression

2024-02-03 23:40:05 - [TEST_STEP][PASSED] - if (TaxType.equalsIgnoreCase("Estate Tax")): null

2024-02-03 23:40:05 - [TEST_STEP][PASSED] - resText = "Pass": null

2024-02-03 23:40:05 - [TEST_STEP][PASSED] - pages.WriteExcel.demoKey(resText, datText, resColumn, datCloumn, fileLoc, nameSheet, row): pages.WriteExcel.demoKey is PASSED

2024-02-03 23:40:05 - [MESSAGE][PASSED] - pages.WriteExcel.demoKey is PASSED

2024-02-03 23:40:05 - [TEST_STEP][PASSED] - ExecuteTC = findTestData(dataFile).getValue("Execute", row): null

2024-02-03 23:40:05 - [TEST_STEP][PASSED] - TaxType = findTestData(dataFile).getValue("TaxType", row): null

2024-02-03 23:40:06 - [TEST_STEP][PASSED] - PaymentType = findTestData(dataFile).getValue("PaymentType", row): null

2024-02-03 23:40:06 - [TEST_STEP][PASSED] - FilingYear = findTestData(dataFile).getValue("Year", row): null

2024-02-03 23:40:06 - [TEST_STEP][PASSED] - feinSSN = findTestData(dataFile).getValue("FeinSsn", row): null

2024-02-03 23:40:06 - [TEST_STEP][PASSED] - if (ExecuteTC.equalsIgnoreCase("Y")): pages.WriteExcel.demoKey is PASSED

2024-02-03 23:40:06 - [TEST_STEP][PASSED] - out.println("Begin Record Number: " + row): null

2024-02-03 23:40:06 - [TEST_STEP][PASSED] - today = new java.util.Date(): null

2024-02-03 23:40:06 - [TEST_STEP][PASSED] - println(today): null

2024-02-03 23:40:06 - [TEST_STEP][PASSED] - datText = today: null

2024-02-03 23:40:06 - [TEST_STEP][PASSED] - logInfo("Payment Type: New Tax Return Amount Due"): Payment Type: New Tax Return Amount Due

2024-02-03 23:40:06 - [MESSAGE][INFO] - Payment Type: New Tax Return Amount Due

2024-02-03 23:40:06 - [TEST_STEP][PASSED] - logInfo("Tax Type: " + TaxType): Tax Type: Fiduciary Tax

2024-02-03 23:40:06 - [MESSAGE][INFO] - Tax Type: Fiduciary Tax

2024-02-03 23:40:06 - [TEST_STEP][PASSED] - openBrowser(""): Browser is opened with url: ''

2024-02-03 23:40:06 - [MESSAGE][WARNING] - A browser is already opened. Closing browser and opening a new one

2024-02-03 23:40:07 - [MESSAGE][INFO] - Starting 'Chrome' driver

2024-02-03 23:40:07 - [MESSAGE][INFO] - User set preference: ['acceptInsecureCerts', 'true']

2024-02-03 23:40:07 - [MESSAGE][INFO] - Action delay is set to 0 milliseconds

2024-02-03 23:40:09 - [MESSAGE][PASSED] - Browser is opened with url: ''

2024-02-03 23:40:09 - [TEST_STEP][PASSED] - maximizeWindow(): Current window maximized

2024-02-03 23:40:09 - [MESSAGE][PASSED] - Current window maximized

2024-02-03 23:40:09 - [TEST_STEP][PASSED] - navigateToUrl(RADurl): Navigate to 'https://qa2.velocitypayment.com/client/rad/index.html' successfully

2024-02-03 23:40:11 - [MESSAGE][PASSED] - Navigate to 'https://qa2.velocitypayment.com/client/rad/index.html' successfully

2024-02-03 23:40:11 - [TEST_STEP][PASSED] - selectOptionByLabel(findTestObject(orPath_Landing + "/dd_TaxType"), "New Tax Return Amount Due", false): All options with label 'New Tax Return Amount Due' are selected in object 'Object Repository/RAD_Pages/Landing_Page/dd_TaxType' 

2024-02-03 23:40:11 - [MESSAGE][PASSED] - All options with label 'New Tax Return Amount Due' are selected in object 'Object Repository/RAD_Pages/Landing_Page/dd_TaxType' 

2024-02-03 23:40:11 - [TEST_STEP][PASSED] - selectOptionByLabel(findTestObject("Object Repository/RAD_Pages/Landing_Page/select_NewTaxReturnAmountDue_TaxType"), TaxType, false): All options with label 'Fiduciary Tax' are selected in object 'Object Repository/RAD_Pages/Landing_Page/select_NewTaxReturnAmountDue_TaxType' 

2024-02-03 23:40:12 - [MESSAGE][PASSED] - All options with label 'Fiduciary Tax' are selected in object 'Object Repository/RAD_Pages/Landing_Page/select_NewTaxReturnAmountDue_TaxType' 

2024-02-03 23:40:12 - [TEST_STEP][PASSED] - selectOptionByLabel(findTestObject(orPath_TaxTypeFilingYear + "/select_FilingYear"), FilingYear, false): All options with label '2021' are selected in object 'Object Repository/RAD_Pages/TaxTypeFilingYear_Page/select_FilingYear' 

2024-02-03 23:40:13 - [MESSAGE][PASSED] - All options with label '2021' are selected in object 'Object Repository/RAD_Pages/TaxTypeFilingYear_Page/select_FilingYear' 

2024-02-03 23:40:13 - [TEST_STEP][PASSED] - setText(findTestObject(orPath_TaxPayer + "/input_businessName"), " "): Text ' ' is set on object 'Object Repository/RAD_Pages/Taxpayer_Page/input_businessName'

2024-02-03 23:40:14 - [MESSAGE][PASSED] - Text ' ' is set on object 'Object Repository/RAD_Pages/Taxpayer_Page/input_businessName'

2024-02-03 23:40:14 - [TEST_STEP][PASSED] - setText(findTestObject(orPath_TaxPayer + "/input_BusinessRepfirstName"), " "): Text ' ' is set on object 'Object Repository/RAD_Pages/Taxpayer_Page/input_BusinessRepfirstName'

2024-02-03 23:40:14 - [MESSAGE][PASSED] - Text ' ' is set on object 'Object Repository/RAD_Pages/Taxpayer_Page/input_BusinessRepfirstName'

2024-02-03 23:40:14 - [TEST_STEP][PASSED] - setText(findTestObject(orPath_TaxPayer + "/input_BusinessReplastName"), " "): Text ' ' is set on object 'Object Repository/RAD_Pages/Taxpayer_Page/input_BusinessReplastName'

2024-02-03 23:40:15 - [MESSAGE][PASSED] - Text ' ' is set on object 'Object Repository/RAD_Pages/Taxpayer_Page/input_BusinessReplastName'

2024-02-03 23:40:15 - [TEST_STEP][PASSED] - setText(findTestObject(orPath_AddressContact + "/input_streetAddress1"), " "): Text ' ' is set on object 'Object Repository/RAD_Pages/AddressAndContactInfo_Page/input_streetAddress1'

2024-02-03 23:40:16 - [MESSAGE][PASSED] - Text ' ' is set on object 'Object Repository/RAD_Pages/AddressAndContactInfo_Page/input_streetAddress1'

2024-02-03 23:40:16 - [TEST_STEP][PASSED] - setText(findTestObject(orPath_AddressContact + "/input_city"), " "): Text ' ' is set on object 'Object Repository/RAD_Pages/AddressAndContactInfo_Page/input_city'

2024-02-03 23:40:17 - [MESSAGE][PASSED] - Text ' ' is set on object 'Object Repository/RAD_Pages/AddressAndContactInfo_Page/input_city'

2024-02-03 23:40:17 - [TEST_STEP][PASSED] - setText(findTestObject(orPath_AddressContact + "/input_zipCode"), " "): Text ' ' is set on object 'Object Repository/RAD_Pages/AddressAndContactInfo_Page/input_zipCode'

2024-02-03 23:40:17 - [MESSAGE][PASSED] - Text ' ' is set on object 'Object Repository/RAD_Pages/AddressAndContactInfo_Page/input_zipCode'

2024-02-03 23:40:17 - [TEST_STEP][PASSED] - setText(findTestObject(orPath_AddressContact + "/input_phoneNumber"), " "): Text ' ' is set on object 'Object Repository/RAD_Pages/AddressAndContactInfo_Page/input_phoneNumber'

2024-02-03 23:40:18 - [MESSAGE][PASSED] - Text ' ' is set on object 'Object Repository/RAD_Pages/AddressAndContactInfo_Page/input_phoneNumber'

2024-02-03 23:40:18 - [TEST_STEP][PASSED] - setText(findTestObject(orPath_AddressContact + "/input_eMailAddress"), " "): Text ' ' is set on object 'Object Repository/RAD_Pages/AddressAndContactInfo_Page/input_eMailAddress'

2024-02-03 23:40:19 - [MESSAGE][PASSED] - Text ' ' is set on object 'Object Repository/RAD_Pages/AddressAndContactInfo_Page/input_eMailAddress'

2024-02-03 23:40:19 - [TEST_STEP][PASSED] - setText(findTestObject(orPath_AddressContact + "/input_reEnterEMailAddress"), " "): Text ' ' is set on object 'Object Repository/RAD_Pages/AddressAndContactInfo_Page/input_reEnterEMailAddress'

2024-02-03 23:40:20 - [MESSAGE][PASSED] - Text ' ' is set on object 'Object Repository/RAD_Pages/AddressAndContactInfo_Page/input_reEnterEMailAddress'

2024-02-03 23:40:20 - [TEST_STEP][PASSED] - if (TaxType.equalsIgnoreCase("Estate Tax")): null

2024-02-03 23:40:20 - [TEST_STEP][PASSED] - setText(findTestObject(orPath_Amount + "/input__paymentAmount"), ""): Text '' is set on object 'Object Repository/RAD_Pages/PaymentAmount_Page/input__paymentAmount'

2024-02-03 23:40:21 - [MESSAGE][PASSED] - Text '' is set on object 'Object Repository/RAD_Pages/PaymentAmount_Page/input__paymentAmount'

2024-02-03 23:40:21 - [TEST_STEP][PASSED] - resText = "Fail": null

2024-02-03 23:40:21 - [TEST_STEP][PASSED] - pages.WriteExcel.demoKey(resText, datText, resColumn, datCloumn, fileLoc, nameSheet, row): pages.WriteExcel.demoKey is PASSED

2024-02-03 23:40:21 - [MESSAGE][PASSED] - pages.WriteExcel.demoKey is PASSED

2024-02-03 23:40:21 - [TEST_STEP][PASSED] - verifyTextPresent("Enter business name", true, CONTINUE_ON_FAILURE): Text 'Enter business name' is present on page  using regular expression

2024-02-03 23:40:22 - [MESSAGE][PASSED] - Text 'Enter business name' is present on page  using regular expression

2024-02-03 23:40:22 - [TEST_STEP][PASSED] - verifyTextPresent("Enter business rep first name", true, CONTINUE_ON_FAILURE): Text 'Enter business rep first name' is present on page  using regular expression

2024-02-03 23:40:22 - [MESSAGE][PASSED] - Text 'Enter business rep first name' is present on page  using regular expression

2024-02-03 23:40:22 - [TEST_STEP][PASSED] - verifyTextPresent("Enter business rep last name", true, CONTINUE_ON_FAILURE): Text 'Enter business rep last name' is present on page  using regular expression

2024-02-03 23:40:23 - [MESSAGE][PASSED] - Text 'Enter business rep last name' is present on page  using regular expression

2024-02-03 23:40:23 - [TEST_STEP][PASSED] - verifyTextPresent("Enter address", true, CONTINUE_ON_FAILURE): Text 'Enter address' is present on page  using regular expression

2024-02-03 23:40:23 - [MESSAGE][PASSED] - Text 'Enter address' is present on page  using regular expression

2024-02-03 23:40:23 - [TEST_STEP][PASSED] - verifyTextPresent("Enter city", true, CONTINUE_ON_FAILURE): Text 'Enter city' is present on page  using regular expression

2024-02-03 23:40:23 - [MESSAGE][PASSED] - Text 'Enter city' is present on page  using regular expression

2024-02-03 23:40:23 - [TEST_STEP][PASSED] - verifyTextPresent("Enter ZIP code", true, CONTINUE_ON_FAILURE): Text 'Enter ZIP code' is present on page  using regular expression

2024-02-03 23:40:24 - [MESSAGE][PASSED] - Text 'Enter ZIP code' is present on page  using regular expression

2024-02-03 23:40:24 - [TEST_STEP][PASSED] - verifyTextPresent("Enter a valid phone number", true, CONTINUE_ON_FAILURE): Text 'Enter a valid phone number' is present on page  using regular expression

2024-02-03 23:40:24 - [MESSAGE][PASSED] - Text 'Enter a valid phone number' is present on page  using regular expression

2024-02-03 23:40:24 - [TEST_STEP][PASSED] - verifyTextPresent("Enter Email", true, CONTINUE_ON_FAILURE): Text 'Enter Email' is present on page  using regular expression

2024-02-03 23:40:24 - [MESSAGE][PASSED] - Text 'Enter Email' is present on page  using regular expression

2024-02-03 23:40:24 - [TEST_STEP][PASSED] - if (TaxType.equalsIgnoreCase("Estate Tax")): null

2024-02-03 23:40:24 - [TEST_STEP][PASSED] - resText = "Pass": null

2024-02-03 23:40:24 - [TEST_STEP][PASSED] - pages.WriteExcel.demoKey(resText, datText, resColumn, datCloumn, fileLoc, nameSheet, row): pages.WriteExcel.demoKey is PASSED

2024-02-03 23:40:24 - [MESSAGE][PASSED] - pages.WriteExcel.demoKey is PASSED

2024-02-03 23:40:24 - [TEST_STEP][PASSED] - ExecuteTC = findTestData(dataFile).getValue("Execute", row): null

2024-02-03 23:40:24 - [TEST_STEP][PASSED] - TaxType = findTestData(dataFile).getValue("TaxType", row): null

2024-02-03 23:40:25 - [TEST_STEP][PASSED] - PaymentType = findTestData(dataFile).getValue("PaymentType", row): null

2024-02-03 23:40:25 - [TEST_STEP][PASSED] - FilingYear = findTestData(dataFile).getValue("Year", row): null

2024-02-03 23:40:25 - [TEST_STEP][PASSED] - feinSSN = findTestData(dataFile).getValue("FeinSsn", row): null

2024-02-03 23:40:25 - [TEST_STEP][PASSED] - if (ExecuteTC.equalsIgnoreCase("Y")): pages.WriteExcel.demoKey is PASSED

2024-02-03 23:40:25 - [TEST_STEP][PASSED] - out.println("Begin Record Number: " + row): null

2024-02-03 23:40:25 - [TEST_STEP][PASSED] - today = new java.util.Date(): null

2024-02-03 23:40:25 - [TEST_STEP][PASSED] - println(today): null

2024-02-03 23:40:25 - [TEST_STEP][PASSED] - datText = today: null

2024-02-03 23:40:25 - [TEST_STEP][PASSED] - logInfo("Payment Type: New Tax Return Amount Due"): Payment Type: New Tax Return Amount Due

2024-02-03 23:40:25 - [MESSAGE][INFO] - Payment Type: New Tax Return Amount Due

2024-02-03 23:40:25 - [TEST_STEP][PASSED] - logInfo("Tax Type: " + TaxType): Tax Type: PTE Non-Electing Non-S Corp

2024-02-03 23:40:25 - [MESSAGE][INFO] - Tax Type: PTE Non-Electing Non-S Corp

2024-02-03 23:40:25 - [TEST_STEP][PASSED] - openBrowser(""): Browser is opened with url: ''

2024-02-03 23:40:25 - [MESSAGE][WARNING] - A browser is already opened. Closing browser and opening a new one

2024-02-03 23:40:26 - [MESSAGE][INFO] - Starting 'Chrome' driver

2024-02-03 23:40:26 - [MESSAGE][INFO] - User set preference: ['acceptInsecureCerts', 'true']

2024-02-03 23:40:26 - [MESSAGE][INFO] - Action delay is set to 0 milliseconds

2024-02-03 23:40:28 - [MESSAGE][PASSED] - Browser is opened with url: ''

2024-02-03 23:40:28 - [TEST_STEP][PASSED] - maximizeWindow(): Current window maximized

2024-02-03 23:40:28 - [MESSAGE][PASSED] - Current window maximized

2024-02-03 23:40:28 - [TEST_STEP][PASSED] - navigateToUrl(RADurl): Navigate to 'https://qa2.velocitypayment.com/client/rad/index.html' successfully

2024-02-03 23:40:30 - [MESSAGE][PASSED] - Navigate to 'https://qa2.velocitypayment.com/client/rad/index.html' successfully

2024-02-03 23:40:30 - [TEST_STEP][PASSED] - selectOptionByLabel(findTestObject(orPath_Landing + "/dd_TaxType"), "New Tax Return Amount Due", false): All options with label 'New Tax Return Amount Due' are selected in object 'Object Repository/RAD_Pages/Landing_Page/dd_TaxType' 

2024-02-03 23:40:31 - [MESSAGE][PASSED] - All options with label 'New Tax Return Amount Due' are selected in object 'Object Repository/RAD_Pages/Landing_Page/dd_TaxType' 

2024-02-03 23:40:31 - [TEST_STEP][PASSED] - selectOptionByLabel(findTestObject("Object Repository/RAD_Pages/Landing_Page/select_NewTaxReturnAmountDue_TaxType"), TaxType, false): All options with label 'PTE Non-Electing Non-S Corp' are selected in object 'Object Repository/RAD_Pages/Landing_Page/select_NewTaxReturnAmountDue_TaxType' 

2024-02-03 23:40:32 - [MESSAGE][PASSED] - All options with label 'PTE Non-Electing Non-S Corp' are selected in object 'Object Repository/RAD_Pages/Landing_Page/select_NewTaxReturnAmountDue_TaxType' 

2024-02-03 23:40:32 - [TEST_STEP][PASSED] - selectOptionByLabel(findTestObject(orPath_TaxTypeFilingYear + "/select_FilingYear"), FilingYear, false): All options with label '2021' are selected in object 'Object Repository/RAD_Pages/TaxTypeFilingYear_Page/select_FilingYear' 

2024-02-03 23:40:32 - [MESSAGE][PASSED] - All options with label '2021' are selected in object 'Object Repository/RAD_Pages/TaxTypeFilingYear_Page/select_FilingYear' 

2024-02-03 23:40:32 - [TEST_STEP][PASSED] - setText(findTestObject(orPath_TaxPayer + "/input_businessName"), " "): Text ' ' is set on object 'Object Repository/RAD_Pages/Taxpayer_Page/input_businessName'

2024-02-03 23:40:33 - [MESSAGE][PASSED] - Text ' ' is set on object 'Object Repository/RAD_Pages/Taxpayer_Page/input_businessName'

2024-02-03 23:40:33 - [TEST_STEP][PASSED] - setText(findTestObject(orPath_TaxPayer + "/input_BusinessRepfirstName"), " "): Text ' ' is set on object 'Object Repository/RAD_Pages/Taxpayer_Page/input_BusinessRepfirstName'

2024-02-03 23:40:34 - [MESSAGE][PASSED] - Text ' ' is set on object 'Object Repository/RAD_Pages/Taxpayer_Page/input_BusinessRepfirstName'

2024-02-03 23:40:34 - [TEST_STEP][PASSED] - setText(findTestObject(orPath_TaxPayer + "/input_BusinessReplastName"), " "): Text ' ' is set on object 'Object Repository/RAD_Pages/Taxpayer_Page/input_BusinessReplastName'

2024-02-03 23:40:35 - [MESSAGE][PASSED] - Text ' ' is set on object 'Object Repository/RAD_Pages/Taxpayer_Page/input_BusinessReplastName'

2024-02-03 23:40:35 - [TEST_STEP][PASSED] - setText(findTestObject(orPath_AddressContact + "/input_streetAddress1"), " "): Text ' ' is set on object 'Object Repository/RAD_Pages/AddressAndContactInfo_Page/input_streetAddress1'

2024-02-03 23:40:35 - [MESSAGE][PASSED] - Text ' ' is set on object 'Object Repository/RAD_Pages/AddressAndContactInfo_Page/input_streetAddress1'

2024-02-03 23:40:35 - [TEST_STEP][PASSED] - setText(findTestObject(orPath_AddressContact + "/input_city"), " "): Text ' ' is set on object 'Object Repository/RAD_Pages/AddressAndContactInfo_Page/input_city'

2024-02-03 23:40:36 - [MESSAGE][PASSED] - Text ' ' is set on object 'Object Repository/RAD_Pages/AddressAndContactInfo_Page/input_city'

2024-02-03 23:40:36 - [TEST_STEP][PASSED] - setText(findTestObject(orPath_AddressContact + "/input_zipCode"), " "): Text ' ' is set on object 'Object Repository/RAD_Pages/AddressAndContactInfo_Page/input_zipCode'

2024-02-03 23:40:37 - [MESSAGE][PASSED] - Text ' ' is set on object 'Object Repository/RAD_Pages/AddressAndContactInfo_Page/input_zipCode'

2024-02-03 23:40:37 - [TEST_STEP][PASSED] - setText(findTestObject(orPath_AddressContact + "/input_phoneNumber"), " "): Text ' ' is set on object 'Object Repository/RAD_Pages/AddressAndContactInfo_Page/input_phoneNumber'

2024-02-03 23:40:38 - [MESSAGE][PASSED] - Text ' ' is set on object 'Object Repository/RAD_Pages/AddressAndContactInfo_Page/input_phoneNumber'

2024-02-03 23:40:38 - [TEST_STEP][PASSED] - setText(findTestObject(orPath_AddressContact + "/input_eMailAddress"), " "): Text ' ' is set on object 'Object Repository/RAD_Pages/AddressAndContactInfo_Page/input_eMailAddress'

2024-02-03 23:40:39 - [MESSAGE][PASSED] - Text ' ' is set on object 'Object Repository/RAD_Pages/AddressAndContactInfo_Page/input_eMailAddress'

2024-02-03 23:40:39 - [TEST_STEP][PASSED] - setText(findTestObject(orPath_AddressContact + "/input_reEnterEMailAddress"), " "): Text ' ' is set on object 'Object Repository/RAD_Pages/AddressAndContactInfo_Page/input_reEnterEMailAddress'

2024-02-03 23:40:39 - [MESSAGE][PASSED] - Text ' ' is set on object 'Object Repository/RAD_Pages/AddressAndContactInfo_Page/input_reEnterEMailAddress'

2024-02-03 23:40:39 - [TEST_STEP][PASSED] - if (TaxType.equalsIgnoreCase("Estate Tax")): null

2024-02-03 23:40:39 - [TEST_STEP][PASSED] - setText(findTestObject(orPath_Amount + "/input__paymentAmount"), ""): Text '' is set on object 'Object Repository/RAD_Pages/PaymentAmount_Page/input__paymentAmount'

2024-02-03 23:40:40 - [MESSAGE][PASSED] - Text '' is set on object 'Object Repository/RAD_Pages/PaymentAmount_Page/input__paymentAmount'

2024-02-03 23:40:40 - [TEST_STEP][PASSED] - resText = "Fail": null

2024-02-03 23:40:40 - [TEST_STEP][PASSED] - pages.WriteExcel.demoKey(resText, datText, resColumn, datCloumn, fileLoc, nameSheet, row): pages.WriteExcel.demoKey is PASSED

2024-02-03 23:40:41 - [MESSAGE][PASSED] - pages.WriteExcel.demoKey is PASSED

2024-02-03 23:40:41 - [TEST_STEP][PASSED] - verifyTextPresent("Enter business name", true, CONTINUE_ON_FAILURE): Text 'Enter business name' is present on page  using regular expression

2024-02-03 23:40:41 - [MESSAGE][PASSED] - Text 'Enter business name' is present on page  using regular expression

2024-02-03 23:40:41 - [TEST_STEP][PASSED] - verifyTextPresent("Enter business rep first name", true, CONTINUE_ON_FAILURE): Text 'Enter business rep first name' is present on page  using regular expression

2024-02-03 23:40:42 - [MESSAGE][PASSED] - Text 'Enter business rep first name' is present on page  using regular expression

2024-02-03 23:40:42 - [TEST_STEP][PASSED] - verifyTextPresent("Enter business rep last name", true, CONTINUE_ON_FAILURE): Text 'Enter business rep last name' is present on page  using regular expression

2024-02-03 23:40:42 - [MESSAGE][PASSED] - Text 'Enter business rep last name' is present on page  using regular expression

2024-02-03 23:40:42 - [TEST_STEP][PASSED] - verifyTextPresent("Enter address", true, CONTINUE_ON_FAILURE): Text 'Enter address' is present on page  using regular expression

2024-02-03 23:40:42 - [MESSAGE][PASSED] - Text 'Enter address' is present on page  using regular expression

2024-02-03 23:40:42 - [TEST_STEP][PASSED] - verifyTextPresent("Enter city", true, CONTINUE_ON_FAILURE): Text 'Enter city' is present on page  using regular expression

2024-02-03 23:40:43 - [MESSAGE][PASSED] - Text 'Enter city' is present on page  using regular expression

2024-02-03 23:40:43 - [TEST_STEP][PASSED] - verifyTextPresent("Enter ZIP code", true, CONTINUE_ON_FAILURE): Text 'Enter ZIP code' is present on page  using regular expression

2024-02-03 23:40:43 - [MESSAGE][PASSED] - Text 'Enter ZIP code' is present on page  using regular expression

2024-02-03 23:40:43 - [TEST_STEP][PASSED] - verifyTextPresent("Enter a valid phone number", true, CONTINUE_ON_FAILURE): Text 'Enter a valid phone number' is present on page  using regular expression

2024-02-03 23:40:44 - [MESSAGE][PASSED] - Text 'Enter a valid phone number' is present on page  using regular expression

2024-02-03 23:40:44 - [TEST_STEP][PASSED] - verifyTextPresent("Enter Email", true, CONTINUE_ON_FAILURE): Text 'Enter Email' is present on page  using regular expression

2024-02-03 23:40:44 - [MESSAGE][PASSED] - Text 'Enter Email' is present on page  using regular expression

2024-02-03 23:40:44 - [TEST_STEP][PASSED] - if (TaxType.equalsIgnoreCase("Estate Tax")): null

2024-02-03 23:40:44 - [TEST_STEP][PASSED] - resText = "Pass": null

2024-02-03 23:40:44 - [TEST_STEP][PASSED] - pages.WriteExcel.demoKey(resText, datText, resColumn, datCloumn, fileLoc, nameSheet, row): pages.WriteExcel.demoKey is PASSED

2024-02-03 23:40:44 - [MESSAGE][PASSED] - pages.WriteExcel.demoKey is PASSED

2024-02-03 23:40:44 - [TEST_STEP][PASSED] - ExecuteTC = findTestData(dataFile).getValue("Execute", row): null

2024-02-03 23:40:44 - [TEST_STEP][PASSED] - TaxType = findTestData(dataFile).getValue("TaxType", row): null

2024-02-03 23:40:44 - [TEST_STEP][PASSED] - PaymentType = findTestData(dataFile).getValue("PaymentType", row): null

2024-02-03 23:40:44 - [TEST_STEP][PASSED] - FilingYear = findTestData(dataFile).getValue("Year", row): null

2024-02-03 23:40:44 - [TEST_STEP][PASSED] - feinSSN = findTestData(dataFile).getValue("FeinSsn", row): null

2024-02-03 23:40:44 - [TEST_STEP][PASSED] - if (ExecuteTC.equalsIgnoreCase("Y")): pages.WriteExcel.demoKey is PASSED

2024-02-03 23:40:44 - [TEST_STEP][PASSED] - out.println("Begin Record Number: " + row): null

2024-02-03 23:40:44 - [TEST_STEP][PASSED] - today = new java.util.Date(): null

2024-02-03 23:40:44 - [TEST_STEP][PASSED] - println(today): null

2024-02-03 23:40:44 - [TEST_STEP][PASSED] - datText = today: null

2024-02-03 23:40:44 - [TEST_STEP][PASSED] - logInfo("Payment Type: New Tax Return Amount Due"): Payment Type: New Tax Return Amount Due

2024-02-03 23:40:44 - [MESSAGE][INFO] - Payment Type: New Tax Return Amount Due

2024-02-03 23:40:44 - [TEST_STEP][PASSED] - logInfo("Tax Type: " + TaxType): Tax Type: PTE Non-Electing S Corp

2024-02-03 23:40:44 - [MESSAGE][INFO] - Tax Type: PTE Non-Electing S Corp

2024-02-03 23:40:44 - [TEST_STEP][PASSED] - openBrowser(""): Browser is opened with url: ''

2024-02-03 23:40:44 - [MESSAGE][WARNING] - A browser is already opened. Closing browser and opening a new one

2024-02-03 23:40:46 - [MESSAGE][INFO] - Starting 'Chrome' driver

2024-02-03 23:40:46 - [MESSAGE][INFO] - User set preference: ['acceptInsecureCerts', 'true']

2024-02-03 23:40:46 - [MESSAGE][INFO] - Action delay is set to 0 milliseconds

2024-02-03 23:40:47 - [MESSAGE][PASSED] - Browser is opened with url: ''

2024-02-03 23:40:47 - [TEST_STEP][PASSED] - maximizeWindow(): Current window maximized

2024-02-03 23:40:48 - [MESSAGE][PASSED] - Current window maximized

2024-02-03 23:40:48 - [TEST_STEP][PASSED] - navigateToUrl(RADurl): Navigate to 'https://qa2.velocitypayment.com/client/rad/index.html' successfully

2024-02-03 23:40:48 - [MESSAGE][PASSED] - Navigate to 'https://qa2.velocitypayment.com/client/rad/index.html' successfully

2024-02-03 23:40:48 - [TEST_STEP][PASSED] - selectOptionByLabel(findTestObject(orPath_Landing + "/dd_TaxType"), "New Tax Return Amount Due", false): All options with label 'New Tax Return Amount Due' are selected in object 'Object Repository/RAD_Pages/Landing_Page/dd_TaxType' 

2024-02-03 23:40:50 - [MESSAGE][PASSED] - All options with label 'New Tax Return Amount Due' are selected in object 'Object Repository/RAD_Pages/Landing_Page/dd_TaxType' 

2024-02-03 23:40:50 - [TEST_STEP][PASSED] - selectOptionByLabel(findTestObject("Object Repository/RAD_Pages/Landing_Page/select_NewTaxReturnAmountDue_TaxType"), TaxType, false): All options with label 'PTE Non-Electing S Corp' are selected in object 'Object Repository/RAD_Pages/Landing_Page/select_NewTaxReturnAmountDue_TaxType' 

2024-02-03 23:40:51 - [MESSAGE][PASSED] - All options with label 'PTE Non-Electing S Corp' are selected in object 'Object Repository/RAD_Pages/Landing_Page/select_NewTaxReturnAmountDue_TaxType' 

2024-02-03 23:40:51 - [TEST_STEP][PASSED] - selectOptionByLabel(findTestObject(orPath_TaxTypeFilingYear + "/select_FilingYear"), FilingYear, false): All options with label '2021' are selected in object 'Object Repository/RAD_Pages/TaxTypeFilingYear_Page/select_FilingYear' 

2024-02-03 23:40:52 - [MESSAGE][PASSED] - All options with label '2021' are selected in object 'Object Repository/RAD_Pages/TaxTypeFilingYear_Page/select_FilingYear' 

2024-02-03 23:40:52 - [TEST_STEP][PASSED] - setText(findTestObject(orPath_TaxPayer + "/input_businessName"), " "): Text ' ' is set on object 'Object Repository/RAD_Pages/Taxpayer_Page/input_businessName'

2024-02-03 23:40:53 - [MESSAGE][PASSED] - Text ' ' is set on object 'Object Repository/RAD_Pages/Taxpayer_Page/input_businessName'

2024-02-03 23:40:53 - [TEST_STEP][PASSED] - setText(findTestObject(orPath_TaxPayer + "/input_BusinessRepfirstName"), " "): Text ' ' is set on object 'Object Repository/RAD_Pages/Taxpayer_Page/input_BusinessRepfirstName'

2024-02-03 23:40:53 - [MESSAGE][PASSED] - Text ' ' is set on object 'Object Repository/RAD_Pages/Taxpayer_Page/input_BusinessRepfirstName'

2024-02-03 23:40:53 - [TEST_STEP][PASSED] - setText(findTestObject(orPath_TaxPayer + "/input_BusinessReplastName"), " "): Text ' ' is set on object 'Object Repository/RAD_Pages/Taxpayer_Page/input_BusinessReplastName'

2024-02-03 23:40:54 - [MESSAGE][PASSED] - Text ' ' is set on object 'Object Repository/RAD_Pages/Taxpayer_Page/input_BusinessReplastName'

2024-02-03 23:40:54 - [TEST_STEP][PASSED] - setText(findTestObject(orPath_AddressContact + "/input_streetAddress1"), " "): Text ' ' is set on object 'Object Repository/RAD_Pages/AddressAndContactInfo_Page/input_streetAddress1'

2024-02-03 23:40:55 - [MESSAGE][PASSED] - Text ' ' is set on object 'Object Repository/RAD_Pages/AddressAndContactInfo_Page/input_streetAddress1'

2024-02-03 23:40:55 - [TEST_STEP][PASSED] - setText(findTestObject(orPath_AddressContact + "/input_city"), " "): Text ' ' is set on object 'Object Repository/RAD_Pages/AddressAndContactInfo_Page/input_city'

2024-02-03 23:40:56 - [MESSAGE][PASSED] - Text ' ' is set on object 'Object Repository/RAD_Pages/AddressAndContactInfo_Page/input_city'

2024-02-03 23:40:56 - [TEST_STEP][PASSED] - setText(findTestObject(orPath_AddressContact + "/input_zipCode"), " "): Text ' ' is set on object 'Object Repository/RAD_Pages/AddressAndContactInfo_Page/input_zipCode'

2024-02-03 23:40:56 - [MESSAGE][PASSED] - Text ' ' is set on object 'Object Repository/RAD_Pages/AddressAndContactInfo_Page/input_zipCode'

2024-02-03 23:40:56 - [TEST_STEP][PASSED] - setText(findTestObject(orPath_AddressContact + "/input_phoneNumber"), " "): Text ' ' is set on object 'Object Repository/RAD_Pages/AddressAndContactInfo_Page/input_phoneNumber'

2024-02-03 23:40:57 - [MESSAGE][PASSED] - Text ' ' is set on object 'Object Repository/RAD_Pages/AddressAndContactInfo_Page/input_phoneNumber'

2024-02-03 23:40:57 - [TEST_STEP][PASSED] - setText(findTestObject(orPath_AddressContact + "/input_eMailAddress"), " "): Text ' ' is set on object 'Object Repository/RAD_Pages/AddressAndContactInfo_Page/input_eMailAddress'

2024-02-03 23:40:58 - [MESSAGE][PASSED] - Text ' ' is set on object 'Object Repository/RAD_Pages/AddressAndContactInfo_Page/input_eMailAddress'

2024-02-03 23:40:58 - [TEST_STEP][PASSED] - setText(findTestObject(orPath_AddressContact + "/input_reEnterEMailAddress"), " "): Text ' ' is set on object 'Object Repository/RAD_Pages/AddressAndContactInfo_Page/input_reEnterEMailAddress'

2024-02-03 23:40:59 - [MESSAGE][PASSED] - Text ' ' is set on object 'Object Repository/RAD_Pages/AddressAndContactInfo_Page/input_reEnterEMailAddress'

2024-02-03 23:40:59 - [TEST_STEP][PASSED] - if (TaxType.equalsIgnoreCase("Estate Tax")): null

2024-02-03 23:40:59 - [TEST_STEP][PASSED] - setText(findTestObject(orPath_Amount + "/input__paymentAmount"), ""): Text '' is set on object 'Object Repository/RAD_Pages/PaymentAmount_Page/input__paymentAmount'

2024-02-03 23:41:00 - [MESSAGE][PASSED] - Text '' is set on object 'Object Repository/RAD_Pages/PaymentAmount_Page/input__paymentAmount'

2024-02-03 23:41:00 - [TEST_STEP][PASSED] - resText = "Fail": null

2024-02-03 23:41:00 - [TEST_STEP][PASSED] - pages.WriteExcel.demoKey(resText, datText, resColumn, datCloumn, fileLoc, nameSheet, row): pages.WriteExcel.demoKey is PASSED

2024-02-03 23:41:00 - [MESSAGE][PASSED] - pages.WriteExcel.demoKey is PASSED

2024-02-03 23:41:00 - [TEST_STEP][PASSED] - verifyTextPresent("Enter business name", true, CONTINUE_ON_FAILURE): Text 'Enter business name' is present on page  using regular expression

2024-02-03 23:41:01 - [MESSAGE][PASSED] - Text 'Enter business name' is present on page  using regular expression

2024-02-03 23:41:01 - [TEST_STEP][PASSED] - verifyTextPresent("Enter business rep first name", true, CONTINUE_ON_FAILURE): Text 'Enter business rep first name' is present on page  using regular expression

2024-02-03 23:41:02 - [MESSAGE][PASSED] - Text 'Enter business rep first name' is present on page  using regular expression

2024-02-03 23:41:02 - [TEST_STEP][PASSED] - verifyTextPresent("Enter business rep last name", true, CONTINUE_ON_FAILURE): Text 'Enter business rep last name' is present on page  using regular expression

2024-02-03 23:41:02 - [MESSAGE][PASSED] - Text 'Enter business rep last name' is present on page  using regular expression

2024-02-03 23:41:02 - [TEST_STEP][PASSED] - verifyTextPresent("Enter address", true, CONTINUE_ON_FAILURE): Text 'Enter address' is present on page  using regular expression

2024-02-03 23:41:03 - [MESSAGE][PASSED] - Text 'Enter address' is present on page  using regular expression

2024-02-03 23:41:03 - [TEST_STEP][PASSED] - verifyTextPresent("Enter city", true, CONTINUE_ON_FAILURE): Text 'Enter city' is present on page  using regular expression

2024-02-03 23:41:03 - [MESSAGE][PASSED] - Text 'Enter city' is present on page  using regular expression

2024-02-03 23:41:03 - [TEST_STEP][PASSED] - verifyTextPresent("Enter ZIP code", true, CONTINUE_ON_FAILURE): Text 'Enter ZIP code' is present on page  using regular expression

2024-02-03 23:41:04 - [MESSAGE][PASSED] - Text 'Enter ZIP code' is present on page  using regular expression

2024-02-03 23:41:04 - [TEST_STEP][PASSED] - verifyTextPresent("Enter a valid phone number", true, CONTINUE_ON_FAILURE): Text 'Enter a valid phone number' is present on page  using regular expression

2024-02-03 23:41:04 - [MESSAGE][PASSED] - Text 'Enter a valid phone number' is present on page  using regular expression

2024-02-03 23:41:04 - [TEST_STEP][PASSED] - verifyTextPresent("Enter Email", true, CONTINUE_ON_FAILURE): Text 'Enter Email' is present on page  using regular expression

2024-02-03 23:41:04 - [MESSAGE][PASSED] - Text 'Enter Email' is present on page  using regular expression

2024-02-03 23:41:04 - [TEST_STEP][PASSED] - if (TaxType.equalsIgnoreCase("Estate Tax")): null

2024-02-03 23:41:04 - [TEST_STEP][PASSED] - resText = "Pass": null

2024-02-03 23:41:04 - [TEST_STEP][PASSED] - pages.WriteExcel.demoKey(resText, datText, resColumn, datCloumn, fileLoc, nameSheet, row): pages.WriteExcel.demoKey is PASSED

2024-02-03 23:41:04 - [MESSAGE][PASSED] - pages.WriteExcel.demoKey is PASSED

2024-02-03 23:41:04 - [TEST_STEP][PASSED] - ExecuteTC = findTestData(dataFile).getValue("Execute", row): null

2024-02-03 23:41:04 - [TEST_STEP][PASSED] - TaxType = findTestData(dataFile).getValue("TaxType", row): null

2024-02-03 23:41:04 - [TEST_STEP][PASSED] - PaymentType = findTestData(dataFile).getValue("PaymentType", row): null

2024-02-03 23:41:05 - [TEST_STEP][PASSED] - FilingYear = findTestData(dataFile).getValue("Year", row): null

2024-02-03 23:41:05 - [TEST_STEP][PASSED] - feinSSN = findTestData(dataFile).getValue("FeinSsn", row): null

2024-02-03 23:41:05 - [TEST_STEP][PASSED] - if (ExecuteTC.equalsIgnoreCase("Y")): pages.WriteExcel.demoKey is PASSED

2024-02-03 23:41:05 - [TEST_STEP][PASSED] - out.println("Begin Record Number: " + row): null

2024-02-03 23:41:05 - [TEST_STEP][PASSED] - today = new java.util.Date(): null

2024-02-03 23:41:05 - [TEST_STEP][PASSED] - println(today): null

2024-02-03 23:41:05 - [TEST_STEP][PASSED] - datText = today: null

2024-02-03 23:41:05 - [TEST_STEP][PASSED] - logInfo("Payment Type: New Tax Return Amount Due"): Payment Type: New Tax Return Amount Due

2024-02-03 23:41:05 - [MESSAGE][INFO] - Payment Type: New Tax Return Amount Due

2024-02-03 23:41:05 - [TEST_STEP][PASSED] - logInfo("Tax Type: " + TaxType): Tax Type: PTE Tax Electing Non-S Corp

2024-02-03 23:41:05 - [MESSAGE][INFO] - Tax Type: PTE Tax Electing Non-S Corp

2024-02-03 23:41:05 - [TEST_STEP][PASSED] - openBrowser(""): Browser is opened with url: ''

2024-02-03 23:41:05 - [MESSAGE][WARNING] - A browser is already opened. Closing browser and opening a new one

2024-02-03 23:41:06 - [MESSAGE][INFO] - Starting 'Chrome' driver

2024-02-03 23:41:06 - [MESSAGE][INFO] - User set preference: ['acceptInsecureCerts', 'true']

2024-02-03 23:41:06 - [MESSAGE][INFO] - Action delay is set to 0 milliseconds

2024-02-03 23:41:08 - [MESSAGE][PASSED] - Browser is opened with url: ''

2024-02-03 23:41:08 - [TEST_STEP][PASSED] - maximizeWindow(): Current window maximized

2024-02-03 23:41:08 - [MESSAGE][PASSED] - Current window maximized

2024-02-03 23:41:08 - [TEST_STEP][PASSED] - navigateToUrl(RADurl): Navigate to 'https://qa2.velocitypayment.com/client/rad/index.html' successfully

2024-02-03 23:41:10 - [MESSAGE][PASSED] - Navigate to 'https://qa2.velocitypayment.com/client/rad/index.html' successfully

2024-02-03 23:41:10 - [TEST_STEP][PASSED] - selectOptionByLabel(findTestObject(orPath_Landing + "/dd_TaxType"), "New Tax Return Amount Due", false): All options with label 'New Tax Return Amount Due' are selected in object 'Object Repository/RAD_Pages/Landing_Page/dd_TaxType' 

2024-02-03 23:41:11 - [MESSAGE][PASSED] - All options with label 'New Tax Return Amount Due' are selected in object 'Object Repository/RAD_Pages/Landing_Page/dd_TaxType' 

2024-02-03 23:41:11 - [TEST_STEP][PASSED] - selectOptionByLabel(findTestObject("Object Repository/RAD_Pages/Landing_Page/select_NewTaxReturnAmountDue_TaxType"), TaxType, false): All options with label 'PTE Tax Electing Non-S Corp' are selected in object 'Object Repository/RAD_Pages/Landing_Page/select_NewTaxReturnAmountDue_TaxType' 

2024-02-03 23:41:11 - [MESSAGE][PASSED] - All options with label 'PTE Tax Electing Non-S Corp' are selected in object 'Object Repository/RAD_Pages/Landing_Page/select_NewTaxReturnAmountDue_TaxType' 

2024-02-03 23:41:11 - [TEST_STEP][PASSED] - selectOptionByLabel(findTestObject(orPath_TaxTypeFilingYear + "/select_FilingYear"), FilingYear, false): All options with label '2021' are selected in object 'Object Repository/RAD_Pages/TaxTypeFilingYear_Page/select_FilingYear' 

2024-02-03 23:41:12 - [MESSAGE][PASSED] - All options with label '2021' are selected in object 'Object Repository/RAD_Pages/TaxTypeFilingYear_Page/select_FilingYear' 

2024-02-03 23:41:12 - [TEST_STEP][PASSED] - setText(findTestObject(orPath_TaxPayer + "/input_businessName"), " "): Text ' ' is set on object 'Object Repository/RAD_Pages/Taxpayer_Page/input_businessName'

2024-02-03 23:41:13 - [MESSAGE][PASSED] - Text ' ' is set on object 'Object Repository/RAD_Pages/Taxpayer_Page/input_businessName'

2024-02-03 23:41:13 - [TEST_STEP][PASSED] - setText(findTestObject(orPath_TaxPayer + "/input_BusinessRepfirstName"), " "): Text ' ' is set on object 'Object Repository/RAD_Pages/Taxpayer_Page/input_BusinessRepfirstName'

2024-02-03 23:41:14 - [MESSAGE][PASSED] - Text ' ' is set on object 'Object Repository/RAD_Pages/Taxpayer_Page/input_BusinessRepfirstName'

2024-02-03 23:41:14 - [TEST_STEP][PASSED] - setText(findTestObject(orPath_TaxPayer + "/input_BusinessReplastName"), " "): Text ' ' is set on object 'Object Repository/RAD_Pages/Taxpayer_Page/input_BusinessReplastName'

2024-02-03 23:41:14 - [MESSAGE][PASSED] - Text ' ' is set on object 'Object Repository/RAD_Pages/Taxpayer_Page/input_BusinessReplastName'

2024-02-03 23:41:14 - [TEST_STEP][PASSED] - setText(findTestObject(orPath_AddressContact + "/input_streetAddress1"), " "): Text ' ' is set on object 'Object Repository/RAD_Pages/AddressAndContactInfo_Page/input_streetAddress1'

2024-02-03 23:41:15 - [MESSAGE][PASSED] - Text ' ' is set on object 'Object Repository/RAD_Pages/AddressAndContactInfo_Page/input_streetAddress1'

2024-02-03 23:41:15 - [TEST_STEP][PASSED] - setText(findTestObject(orPath_AddressContact + "/input_city"), " "): Text ' ' is set on object 'Object Repository/RAD_Pages/AddressAndContactInfo_Page/input_city'

2024-02-03 23:41:16 - [MESSAGE][PASSED] - Text ' ' is set on object 'Object Repository/RAD_Pages/AddressAndContactInfo_Page/input_city'

2024-02-03 23:41:16 - [TEST_STEP][PASSED] - setText(findTestObject(orPath_AddressContact + "/input_zipCode"), " "): Text ' ' is set on object 'Object Repository/RAD_Pages/AddressAndContactInfo_Page/input_zipCode'

2024-02-03 23:41:17 - [MESSAGE][PASSED] - Text ' ' is set on object 'Object Repository/RAD_Pages/AddressAndContactInfo_Page/input_zipCode'

2024-02-03 23:41:17 - [TEST_STEP][PASSED] - setText(findTestObject(orPath_AddressContact + "/input_phoneNumber"), " "): Text ' ' is set on object 'Object Repository/RAD_Pages/AddressAndContactInfo_Page/input_phoneNumber'

2024-02-03 23:41:17 - [MESSAGE][PASSED] - Text ' ' is set on object 'Object Repository/RAD_Pages/AddressAndContactInfo_Page/input_phoneNumber'

2024-02-03 23:41:17 - [TEST_STEP][PASSED] - setText(findTestObject(orPath_AddressContact + "/input_eMailAddress"), " "): Text ' ' is set on object 'Object Repository/RAD_Pages/AddressAndContactInfo_Page/input_eMailAddress'

2024-02-03 23:41:18 - [MESSAGE][PASSED] - Text ' ' is set on object 'Object Repository/RAD_Pages/AddressAndContactInfo_Page/input_eMailAddress'

2024-02-03 23:41:18 - [TEST_STEP][PASSED] - setText(findTestObject(orPath_AddressContact + "/input_reEnterEMailAddress"), " "): Text ' ' is set on object 'Object Repository/RAD_Pages/AddressAndContactInfo_Page/input_reEnterEMailAddress'

2024-02-03 23:41:19 - [MESSAGE][PASSED] - Text ' ' is set on object 'Object Repository/RAD_Pages/AddressAndContactInfo_Page/input_reEnterEMailAddress'

2024-02-03 23:41:19 - [TEST_STEP][PASSED] - if (TaxType.equalsIgnoreCase("Estate Tax")): null

2024-02-03 23:41:19 - [TEST_STEP][PASSED] - setText(findTestObject(orPath_Amount + "/input__paymentAmount"), ""): Text '' is set on object 'Object Repository/RAD_Pages/PaymentAmount_Page/input__paymentAmount'

2024-02-03 23:41:20 - [MESSAGE][PASSED] - Text '' is set on object 'Object Repository/RAD_Pages/PaymentAmount_Page/input__paymentAmount'

2024-02-03 23:41:20 - [TEST_STEP][PASSED] - resText = "Fail": null

2024-02-03 23:41:20 - [TEST_STEP][PASSED] - pages.WriteExcel.demoKey(resText, datText, resColumn, datCloumn, fileLoc, nameSheet, row): pages.WriteExcel.demoKey is PASSED

2024-02-03 23:41:20 - [MESSAGE][PASSED] - pages.WriteExcel.demoKey is PASSED

2024-02-03 23:41:20 - [TEST_STEP][PASSED] - verifyTextPresent("Enter business name", true, CONTINUE_ON_FAILURE): Text 'Enter business name' is present on page  using regular expression

2024-02-03 23:41:21 - [MESSAGE][PASSED] - Text 'Enter business name' is present on page  using regular expression

2024-02-03 23:41:21 - [TEST_STEP][PASSED] - verifyTextPresent("Enter business rep first name", true, CONTINUE_ON_FAILURE): Text 'Enter business rep first name' is present on page  using regular expression

2024-02-03 23:41:21 - [MESSAGE][PASSED] - Text 'Enter business rep first name' is present on page  using regular expression

2024-02-03 23:41:21 - [TEST_STEP][PASSED] - verifyTextPresent("Enter business rep last name", true, CONTINUE_ON_FAILURE): Text 'Enter business rep last name' is present on page  using regular expression

2024-02-03 23:41:22 - [MESSAGE][PASSED] - Text 'Enter business rep last name' is present on page  using regular expression

2024-02-03 23:41:22 - [TEST_STEP][PASSED] - verifyTextPresent("Enter address", true, CONTINUE_ON_FAILURE): Text 'Enter address' is present on page  using regular expression

2024-02-03 23:41:22 - [MESSAGE][PASSED] - Text 'Enter address' is present on page  using regular expression

2024-02-03 23:41:22 - [TEST_STEP][PASSED] - verifyTextPresent("Enter city", true, CONTINUE_ON_FAILURE): Text 'Enter city' is present on page  using regular expression

2024-02-03 23:41:22 - [MESSAGE][PASSED] - Text 'Enter city' is present on page  using regular expression

2024-02-03 23:41:22 - [TEST_STEP][PASSED] - verifyTextPresent("Enter ZIP code", true, CONTINUE_ON_FAILURE): Text 'Enter ZIP code' is present on page  using regular expression

2024-02-03 23:41:23 - [MESSAGE][PASSED] - Text 'Enter ZIP code' is present on page  using regular expression

2024-02-03 23:41:23 - [TEST_STEP][PASSED] - verifyTextPresent("Enter a valid phone number", true, CONTINUE_ON_FAILURE): Text 'Enter a valid phone number' is present on page  using regular expression

2024-02-03 23:41:23 - [MESSAGE][PASSED] - Text 'Enter a valid phone number' is present on page  using regular expression

2024-02-03 23:41:23 - [TEST_STEP][PASSED] - verifyTextPresent("Enter Email", true, CONTINUE_ON_FAILURE): Text 'Enter Email' is present on page  using regular expression

2024-02-03 23:41:23 - [MESSAGE][PASSED] - Text 'Enter Email' is present on page  using regular expression

2024-02-03 23:41:23 - [TEST_STEP][PASSED] - if (TaxType.equalsIgnoreCase("Estate Tax")): null

2024-02-03 23:41:23 - [TEST_STEP][PASSED] - resText = "Pass": null

2024-02-03 23:41:23 - [TEST_STEP][PASSED] - pages.WriteExcel.demoKey(resText, datText, resColumn, datCloumn, fileLoc, nameSheet, row): pages.WriteExcel.demoKey is PASSED

2024-02-03 23:41:23 - [MESSAGE][PASSED] - pages.WriteExcel.demoKey is PASSED

2024-02-03 23:41:23 - [TEST_STEP][PASSED] - ExecuteTC = findTestData(dataFile).getValue("Execute", row): null

2024-02-03 23:41:24 - [TEST_STEP][PASSED] - TaxType = findTestData(dataFile).getValue("TaxType", row): null

2024-02-03 23:41:24 - [TEST_STEP][PASSED] - PaymentType = findTestData(dataFile).getValue("PaymentType", row): null

2024-02-03 23:41:24 - [TEST_STEP][PASSED] - FilingYear = findTestData(dataFile).getValue("Year", row): null

2024-02-03 23:41:24 - [TEST_STEP][PASSED] - feinSSN = findTestData(dataFile).getValue("FeinSsn", row): null

2024-02-03 23:41:24 - [TEST_STEP][PASSED] - if (ExecuteTC.equalsIgnoreCase("Y")): pages.WriteExcel.demoKey is PASSED

2024-02-03 23:41:24 - [TEST_STEP][PASSED] - out.println("Begin Record Number: " + row): null

2024-02-03 23:41:24 - [TEST_STEP][PASSED] - today = new java.util.Date(): null

2024-02-03 23:41:24 - [TEST_STEP][PASSED] - println(today): null

2024-02-03 23:41:24 - [TEST_STEP][PASSED] - datText = today: null

2024-02-03 23:41:24 - [TEST_STEP][PASSED] - logInfo("Payment Type: New Tax Return Amount Due"): Payment Type: New Tax Return Amount Due

2024-02-03 23:41:24 - [MESSAGE][INFO] - Payment Type: New Tax Return Amount Due

2024-02-03 23:41:24 - [TEST_STEP][PASSED] - logInfo("Tax Type: " + TaxType): Tax Type: PTE Tax Electing S Corp

2024-02-03 23:41:24 - [MESSAGE][INFO] - Tax Type: PTE Tax Electing S Corp

2024-02-03 23:41:24 - [TEST_STEP][PASSED] - openBrowser(""): Browser is opened with url: ''

2024-02-03 23:41:24 - [MESSAGE][WARNING] - A browser is already opened. Closing browser and opening a new one

2024-02-03 23:41:25 - [MESSAGE][INFO] - Starting 'Chrome' driver

2024-02-03 23:41:25 - [MESSAGE][INFO] - User set preference: ['acceptInsecureCerts', 'true']

2024-02-03 23:41:25 - [MESSAGE][INFO] - Action delay is set to 0 milliseconds

2024-02-03 23:41:27 - [MESSAGE][PASSED] - Browser is opened with url: ''

2024-02-03 23:41:27 - [TEST_STEP][PASSED] - maximizeWindow(): Current window maximized

2024-02-03 23:41:27 - [MESSAGE][PASSED] - Current window maximized

2024-02-03 23:41:27 - [TEST_STEP][PASSED] - navigateToUrl(RADurl): Navigate to 'https://qa2.velocitypayment.com/client/rad/index.html' successfully

2024-02-03 23:41:27 - [MESSAGE][PASSED] - Navigate to 'https://qa2.velocitypayment.com/client/rad/index.html' successfully

2024-02-03 23:41:27 - [TEST_STEP][PASSED] - selectOptionByLabel(findTestObject(orPath_Landing + "/dd_TaxType"), "New Tax Return Amount Due", false): All options with label 'New Tax Return Amount Due' are selected in object 'Object Repository/RAD_Pages/Landing_Page/dd_TaxType' 

2024-02-03 23:41:30 - [MESSAGE][PASSED] - All options with label 'New Tax Return Amount Due' are selected in object 'Object Repository/RAD_Pages/Landing_Page/dd_TaxType' 

2024-02-03 23:41:30 - [TEST_STEP][PASSED] - selectOptionByLabel(findTestObject("Object Repository/RAD_Pages/Landing_Page/select_NewTaxReturnAmountDue_TaxType"), TaxType, false): All options with label 'PTE Tax Electing S Corp' are selected in object 'Object Repository/RAD_Pages/Landing_Page/select_NewTaxReturnAmountDue_TaxType' 

2024-02-03 23:41:31 - [MESSAGE][PASSED] - All options with label 'PTE Tax Electing S Corp' are selected in object 'Object Repository/RAD_Pages/Landing_Page/select_NewTaxReturnAmountDue_TaxType' 

2024-02-03 23:41:31 - [TEST_STEP][PASSED] - selectOptionByLabel(findTestObject(orPath_TaxTypeFilingYear + "/select_FilingYear"), FilingYear, false): All options with label '2021' are selected in object 'Object Repository/RAD_Pages/TaxTypeFilingYear_Page/select_FilingYear' 

2024-02-03 23:41:32 - [MESSAGE][PASSED] - All options with label '2021' are selected in object 'Object Repository/RAD_Pages/TaxTypeFilingYear_Page/select_FilingYear' 

2024-02-03 23:41:32 - [TEST_STEP][PASSED] - setText(findTestObject(orPath_TaxPayer + "/input_businessName"), " "): Text ' ' is set on object 'Object Repository/RAD_Pages/Taxpayer_Page/input_businessName'

2024-02-03 23:41:32 - [MESSAGE][PASSED] - Text ' ' is set on object 'Object Repository/RAD_Pages/Taxpayer_Page/input_businessName'

2024-02-03 23:41:32 - [TEST_STEP][PASSED] - setText(findTestObject(orPath_TaxPayer + "/input_BusinessRepfirstName"), " "): Text ' ' is set on object 'Object Repository/RAD_Pages/Taxpayer_Page/input_BusinessRepfirstName'

2024-02-03 23:41:33 - [MESSAGE][PASSED] - Text ' ' is set on object 'Object Repository/RAD_Pages/Taxpayer_Page/input_BusinessRepfirstName'

2024-02-03 23:41:33 - [TEST_STEP][PASSED] - setText(findTestObject(orPath_TaxPayer + "/input_BusinessReplastName"), " "): Text ' ' is set on object 'Object Repository/RAD_Pages/Taxpayer_Page/input_BusinessReplastName'

2024-02-03 23:41:34 - [MESSAGE][PASSED] - Text ' ' is set on object 'Object Repository/RAD_Pages/Taxpayer_Page/input_BusinessReplastName'

2024-02-03 23:41:34 - [TEST_STEP][PASSED] - setText(findTestObject(orPath_AddressContact + "/input_streetAddress1"), " "): Text ' ' is set on object 'Object Repository/RAD_Pages/AddressAndContactInfo_Page/input_streetAddress1'

2024-02-03 23:41:34 - [MESSAGE][PASSED] - Text ' ' is set on object 'Object Repository/RAD_Pages/AddressAndContactInfo_Page/input_streetAddress1'

2024-02-03 23:41:34 - [TEST_STEP][PASSED] - setText(findTestObject(orPath_AddressContact + "/input_city"), " "): Text ' ' is set on object 'Object Repository/RAD_Pages/AddressAndContactInfo_Page/input_city'

2024-02-03 23:41:35 - [MESSAGE][PASSED] - Text ' ' is set on object 'Object Repository/RAD_Pages/AddressAndContactInfo_Page/input_city'

2024-02-03 23:41:35 - [TEST_STEP][PASSED] - setText(findTestObject(orPath_AddressContact + "/input_zipCode"), " "): Text ' ' is set on object 'Object Repository/RAD_Pages/AddressAndContactInfo_Page/input_zipCode'

2024-02-03 23:41:36 - [MESSAGE][PASSED] - Text ' ' is set on object 'Object Repository/RAD_Pages/AddressAndContactInfo_Page/input_zipCode'

2024-02-03 23:41:36 - [TEST_STEP][PASSED] - setText(findTestObject(orPath_AddressContact + "/input_phoneNumber"), " "): Text ' ' is set on object 'Object Repository/RAD_Pages/AddressAndContactInfo_Page/input_phoneNumber'

2024-02-03 23:41:37 - [MESSAGE][PASSED] - Text ' ' is set on object 'Object Repository/RAD_Pages/AddressAndContactInfo_Page/input_phoneNumber'

2024-02-03 23:41:37 - [TEST_STEP][PASSED] - setText(findTestObject(orPath_AddressContact + "/input_eMailAddress"), " "): Text ' ' is set on object 'Object Repository/RAD_Pages/AddressAndContactInfo_Page/input_eMailAddress'

2024-02-03 23:41:38 - [MESSAGE][PASSED] - Text ' ' is set on object 'Object Repository/RAD_Pages/AddressAndContactInfo_Page/input_eMailAddress'

2024-02-03 23:41:38 - [TEST_STEP][PASSED] - setText(findTestObject(orPath_AddressContact + "/input_reEnterEMailAddress"), " "): Text ' ' is set on object 'Object Repository/RAD_Pages/AddressAndContactInfo_Page/input_reEnterEMailAddress'

2024-02-03 23:41:38 - [MESSAGE][PASSED] - Text ' ' is set on object 'Object Repository/RAD_Pages/AddressAndContactInfo_Page/input_reEnterEMailAddress'

2024-02-03 23:41:38 - [TEST_STEP][PASSED] - if (TaxType.equalsIgnoreCase("Estate Tax")): null

2024-02-03 23:41:38 - [TEST_STEP][PASSED] - setText(findTestObject(orPath_Amount + "/input__paymentAmount"), ""): Text '' is set on object 'Object Repository/RAD_Pages/PaymentAmount_Page/input__paymentAmount'

2024-02-03 23:41:39 - [MESSAGE][PASSED] - Text '' is set on object 'Object Repository/RAD_Pages/PaymentAmount_Page/input__paymentAmount'

2024-02-03 23:41:39 - [TEST_STEP][PASSED] - resText = "Fail": null

2024-02-03 23:41:39 - [TEST_STEP][PASSED] - pages.WriteExcel.demoKey(resText, datText, resColumn, datCloumn, fileLoc, nameSheet, row): pages.WriteExcel.demoKey is PASSED

2024-02-03 23:41:39 - [MESSAGE][PASSED] - pages.WriteExcel.demoKey is PASSED

2024-02-03 23:41:39 - [TEST_STEP][PASSED] - verifyTextPresent("Enter business name", true, CONTINUE_ON_FAILURE): Text 'Enter business name' is present on page  using regular expression

2024-02-03 23:41:40 - [MESSAGE][PASSED] - Text 'Enter business name' is present on page  using regular expression

2024-02-03 23:41:40 - [TEST_STEP][PASSED] - verifyTextPresent("Enter business rep first name", true, CONTINUE_ON_FAILURE): Text 'Enter business rep first name' is present on page  using regular expression

2024-02-03 23:41:41 - [MESSAGE][PASSED] - Text 'Enter business rep first name' is present on page  using regular expression

2024-02-03 23:41:41 - [TEST_STEP][PASSED] - verifyTextPresent("Enter business rep last name", true, CONTINUE_ON_FAILURE): Text 'Enter business rep last name' is present on page  using regular expression

2024-02-03 23:41:41 - [MESSAGE][PASSED] - Text 'Enter business rep last name' is present on page  using regular expression

2024-02-03 23:41:41 - [TEST_STEP][PASSED] - verifyTextPresent("Enter address", true, CONTINUE_ON_FAILURE): Text 'Enter address' is present on page  using regular expression

2024-02-03 23:41:41 - [MESSAGE][PASSED] - Text 'Enter address' is present on page  using regular expression

2024-02-03 23:41:41 - [TEST_STEP][PASSED] - verifyTextPresent("Enter city", true, CONTINUE_ON_FAILURE): Text 'Enter city' is present on page  using regular expression

2024-02-03 23:41:42 - [MESSAGE][PASSED] - Text 'Enter city' is present on page  using regular expression

2024-02-03 23:41:42 - [TEST_STEP][PASSED] - verifyTextPresent("Enter ZIP code", true, CONTINUE_ON_FAILURE): Text 'Enter ZIP code' is present on page  using regular expression

2024-02-03 23:41:42 - [MESSAGE][PASSED] - Text 'Enter ZIP code' is present on page  using regular expression

2024-02-03 23:41:42 - [TEST_STEP][PASSED] - verifyTextPresent("Enter a valid phone number", true, CONTINUE_ON_FAILURE): Text 'Enter a valid phone number' is present on page  using regular expression

2024-02-03 23:41:42 - [MESSAGE][PASSED] - Text 'Enter a valid phone number' is present on page  using regular expression

2024-02-03 23:41:42 - [TEST_STEP][PASSED] - verifyTextPresent("Enter Email", true, CONTINUE_ON_FAILURE): Text 'Enter Email' is present on page  using regular expression

2024-02-03 23:41:43 - [MESSAGE][PASSED] - Text 'Enter Email' is present on page  using regular expression

2024-02-03 23:41:43 - [TEST_STEP][PASSED] - if (TaxType.equalsIgnoreCase("Estate Tax")): null

2024-02-03 23:41:43 - [TEST_STEP][PASSED] - resText = "Pass": null

2024-02-03 23:41:43 - [TEST_STEP][PASSED] - pages.WriteExcel.demoKey(resText, datText, resColumn, datCloumn, fileLoc, nameSheet, row): pages.WriteExcel.demoKey is PASSED

2024-02-03 23:41:43 - [MESSAGE][PASSED] - pages.WriteExcel.demoKey is PASSED

2024-02-03 23:41:43 - [TEST_STEP][PASSED] - ExecuteTC = findTestData(dataFile).getValue("Execute", row): null

2024-02-03 23:41:43 - [TEST_STEP][PASSED] - TaxType = findTestData(dataFile).getValue("TaxType", row): null

2024-02-03 23:41:43 - [TEST_STEP][PASSED] - PaymentType = findTestData(dataFile).getValue("PaymentType", row): null

2024-02-03 23:41:43 - [TEST_STEP][PASSED] - FilingYear = findTestData(dataFile).getValue("Year", row): null

2024-02-03 23:41:43 - [TEST_STEP][PASSED] - feinSSN = findTestData(dataFile).getValue("FeinSsn", row): null

2024-02-03 23:41:43 - [TEST_STEP][PASSED] - if (ExecuteTC.equalsIgnoreCase("Y")): pages.WriteExcel.demoKey is PASSED

2024-02-03 23:41:43 - [TEST_STEP][PASSED] - out.println("Begin Record Number: " + row): null

2024-02-03 23:41:43 - [TEST_STEP][PASSED] - today = new java.util.Date(): null

2024-02-03 23:41:43 - [TEST_STEP][PASSED] - println(today): null

2024-02-03 23:41:43 - [TEST_STEP][PASSED] - datText = today: null

2024-02-03 23:41:43 - [TEST_STEP][PASSED] - logInfo("Payment Type: New Tax Return Amount Due"): Payment Type: New Tax Return Amount Due

2024-02-03 23:41:43 - [MESSAGE][INFO] - Payment Type: New Tax Return Amount Due

2024-02-03 23:41:43 - [TEST_STEP][PASSED] - logInfo("Tax Type: " + TaxType): Tax Type: Admissions and Amusement Tax

2024-02-03 23:41:43 - [MESSAGE][INFO] - Tax Type: Admissions and Amusement Tax

2024-02-03 23:41:43 - [TEST_STEP][PASSED] - openBrowser(""): Browser is opened with url: ''

2024-02-03 23:41:43 - [MESSAGE][WARNING] - A browser is already opened. Closing browser and opening a new one

2024-02-03 23:41:44 - [MESSAGE][INFO] - Starting 'Chrome' driver

2024-02-03 23:41:44 - [MESSAGE][INFO] - User set preference: ['acceptInsecureCerts', 'true']

2024-02-03 23:41:44 - [MESSAGE][INFO] - Action delay is set to 0 milliseconds

2024-02-03 23:41:46 - [MESSAGE][PASSED] - Browser is opened with url: ''

2024-02-03 23:41:46 - [TEST_STEP][PASSED] - maximizeWindow(): Current window maximized

2024-02-03 23:41:46 - [MESSAGE][PASSED] - Current window maximized

2024-02-03 23:41:46 - [TEST_STEP][PASSED] - navigateToUrl(RADurl): Navigate to 'https://qa2.velocitypayment.com/client/rad/index.html' successfully

2024-02-03 23:41:48 - [MESSAGE][PASSED] - Navigate to 'https://qa2.velocitypayment.com/client/rad/index.html' successfully

2024-02-03 23:41:48 - [TEST_STEP][PASSED] - selectOptionByLabel(findTestObject(orPath_Landing + "/dd_TaxType"), "New Tax Return Amount Due", false): All options with label 'New Tax Return Amount Due' are selected in object 'Object Repository/RAD_Pages/Landing_Page/dd_TaxType' 

2024-02-03 23:41:49 - [MESSAGE][PASSED] - All options with label 'New Tax Return Amount Due' are selected in object 'Object Repository/RAD_Pages/Landing_Page/dd_TaxType' 

2024-02-03 23:41:49 - [TEST_STEP][PASSED] - selectOptionByLabel(findTestObject("Object Repository/RAD_Pages/Landing_Page/select_NewTaxReturnAmountDue_TaxType"), TaxType, false): All options with label 'Admissions and Amusement Tax' are selected in object 'Object Repository/RAD_Pages/Landing_Page/select_NewTaxReturnAmountDue_TaxType' 

2024-02-03 23:41:50 - [MESSAGE][PASSED] - All options with label 'Admissions and Amusement Tax' are selected in object 'Object Repository/RAD_Pages/Landing_Page/select_NewTaxReturnAmountDue_TaxType' 

2024-02-03 23:41:50 - [TEST_STEP][PASSED] - selectOptionByLabel(findTestObject(orPath_TaxTypeFilingYear + "/select_FilingYear"), FilingYear, false): All options with label '2023' are selected in object 'Object Repository/RAD_Pages/TaxTypeFilingYear_Page/select_FilingYear' 

2024-02-03 23:41:51 - [MESSAGE][PASSED] - All options with label '2023' are selected in object 'Object Repository/RAD_Pages/TaxTypeFilingYear_Page/select_FilingYear' 

2024-02-03 23:41:51 - [TEST_STEP][PASSED] - setText(findTestObject(orPath_TaxPayer + "/input_businessName"), " "): Text ' ' is set on object 'Object Repository/RAD_Pages/Taxpayer_Page/input_businessName'

2024-02-03 23:41:51 - [MESSAGE][PASSED] - Text ' ' is set on object 'Object Repository/RAD_Pages/Taxpayer_Page/input_businessName'

2024-02-03 23:41:51 - [TEST_STEP][PASSED] - setText(findTestObject(orPath_TaxPayer + "/input_BusinessRepfirstName"), " "): Text ' ' is set on object 'Object Repository/RAD_Pages/Taxpayer_Page/input_BusinessRepfirstName'

2024-02-03 23:41:52 - [MESSAGE][PASSED] - Text ' ' is set on object 'Object Repository/RAD_Pages/Taxpayer_Page/input_BusinessRepfirstName'

2024-02-03 23:41:52 - [TEST_STEP][PASSED] - setText(findTestObject(orPath_TaxPayer + "/input_BusinessReplastName"), " "): Text ' ' is set on object 'Object Repository/RAD_Pages/Taxpayer_Page/input_BusinessReplastName'

2024-02-03 23:41:53 - [MESSAGE][PASSED] - Text ' ' is set on object 'Object Repository/RAD_Pages/Taxpayer_Page/input_BusinessReplastName'

2024-02-03 23:41:53 - [TEST_STEP][PASSED] - setText(findTestObject(orPath_AddressContact + "/input_streetAddress1"), " "): Text ' ' is set on object 'Object Repository/RAD_Pages/AddressAndContactInfo_Page/input_streetAddress1'

2024-02-03 23:41:54 - [MESSAGE][PASSED] - Text ' ' is set on object 'Object Repository/RAD_Pages/AddressAndContactInfo_Page/input_streetAddress1'

2024-02-03 23:41:54 - [TEST_STEP][PASSED] - setText(findTestObject(orPath_AddressContact + "/input_city"), " "): Text ' ' is set on object 'Object Repository/RAD_Pages/AddressAndContactInfo_Page/input_city'

2024-02-03 23:41:54 - [MESSAGE][PASSED] - Text ' ' is set on object 'Object Repository/RAD_Pages/AddressAndContactInfo_Page/input_city'

2024-02-03 23:41:54 - [TEST_STEP][PASSED] - setText(findTestObject(orPath_AddressContact + "/input_zipCode"), " "): Text ' ' is set on object 'Object Repository/RAD_Pages/AddressAndContactInfo_Page/input_zipCode'

2024-02-03 23:41:55 - [MESSAGE][PASSED] - Text ' ' is set on object 'Object Repository/RAD_Pages/AddressAndContactInfo_Page/input_zipCode'

2024-02-03 23:41:55 - [TEST_STEP][PASSED] - setText(findTestObject(orPath_AddressContact + "/input_phoneNumber"), " "): Text ' ' is set on object 'Object Repository/RAD_Pages/AddressAndContactInfo_Page/input_phoneNumber'

2024-02-03 23:41:56 - [MESSAGE][PASSED] - Text ' ' is set on object 'Object Repository/RAD_Pages/AddressAndContactInfo_Page/input_phoneNumber'

2024-02-03 23:41:56 - [TEST_STEP][PASSED] - setText(findTestObject(orPath_AddressContact + "/input_eMailAddress"), " "): Text ' ' is set on object 'Object Repository/RAD_Pages/AddressAndContactInfo_Page/input_eMailAddress'

2024-02-03 23:41:57 - [MESSAGE][PASSED] - Text ' ' is set on object 'Object Repository/RAD_Pages/AddressAndContactInfo_Page/input_eMailAddress'

2024-02-03 23:41:57 - [TEST_STEP][PASSED] - setText(findTestObject(orPath_AddressContact + "/input_reEnterEMailAddress"), " "): Text ' ' is set on object 'Object Repository/RAD_Pages/AddressAndContactInfo_Page/input_reEnterEMailAddress'

2024-02-03 23:41:58 - [MESSAGE][PASSED] - Text ' ' is set on object 'Object Repository/RAD_Pages/AddressAndContactInfo_Page/input_reEnterEMailAddress'

2024-02-03 23:41:58 - [TEST_STEP][PASSED] - if (TaxType.equalsIgnoreCase("Estate Tax")): null

2024-02-03 23:41:58 - [TEST_STEP][PASSED] - setText(findTestObject(orPath_Amount + "/input__paymentAmount"), ""): Text '' is set on object 'Object Repository/RAD_Pages/PaymentAmount_Page/input__paymentAmount'

2024-02-03 23:41:59 - [MESSAGE][PASSED] - Text '' is set on object 'Object Repository/RAD_Pages/PaymentAmount_Page/input__paymentAmount'

2024-02-03 23:41:59 - [TEST_STEP][PASSED] - resText = "Fail": null

2024-02-03 23:41:59 - [TEST_STEP][PASSED] - pages.WriteExcel.demoKey(resText, datText, resColumn, datCloumn, fileLoc, nameSheet, row): pages.WriteExcel.demoKey is PASSED

2024-02-03 23:41:59 - [MESSAGE][PASSED] - pages.WriteExcel.demoKey is PASSED

2024-02-03 23:41:59 - [TEST_STEP][PASSED] - verifyTextPresent("Enter business name", true, CONTINUE_ON_FAILURE): Text 'Enter business name' is present on page  using regular expression

2024-02-03 23:41:59 - [MESSAGE][PASSED] - Text 'Enter business name' is present on page  using regular expression

2024-02-03 23:41:59 - [TEST_STEP][PASSED] - verifyTextPresent("Enter business rep first name", true, CONTINUE_ON_FAILURE): Text 'Enter business rep first name' is present on page  using regular expression

2024-02-03 23:42:00 - [MESSAGE][PASSED] - Text 'Enter business rep first name' is present on page  using regular expression

2024-02-03 23:42:00 - [TEST_STEP][PASSED] - verifyTextPresent("Enter business rep last name", true, CONTINUE_ON_FAILURE): Text 'Enter business rep last name' is present on page  using regular expression

2024-02-03 23:42:00 - [MESSAGE][PASSED] - Text 'Enter business rep last name' is present on page  using regular expression

2024-02-03 23:42:00 - [TEST_STEP][PASSED] - verifyTextPresent("Enter address", true, CONTINUE_ON_FAILURE): Text 'Enter address' is present on page  using regular expression

2024-02-03 23:42:01 - [MESSAGE][PASSED] - Text 'Enter address' is present on page  using regular expression

2024-02-03 23:42:01 - [TEST_STEP][PASSED] - verifyTextPresent("Enter city", true, CONTINUE_ON_FAILURE): Text 'Enter city' is present on page  using regular expression

2024-02-03 23:42:01 - [MESSAGE][PASSED] - Text 'Enter city' is present on page  using regular expression

2024-02-03 23:42:01 - [TEST_STEP][PASSED] - verifyTextPresent("Enter ZIP code", true, CONTINUE_ON_FAILURE): Text 'Enter ZIP code' is present on page  using regular expression

2024-02-03 23:42:01 - [MESSAGE][PASSED] - Text 'Enter ZIP code' is present on page  using regular expression

2024-02-03 23:42:01 - [TEST_STEP][PASSED] - verifyTextPresent("Enter a valid phone number", true, CONTINUE_ON_FAILURE): Text 'Enter a valid phone number' is present on page  using regular expression

2024-02-03 23:42:02 - [MESSAGE][PASSED] - Text 'Enter a valid phone number' is present on page  using regular expression

2024-02-03 23:42:02 - [TEST_STEP][PASSED] - verifyTextPresent("Enter Email", true, CONTINUE_ON_FAILURE): Text 'Enter Email' is present on page  using regular expression

2024-02-03 23:42:02 - [MESSAGE][PASSED] - Text 'Enter Email' is present on page  using regular expression

2024-02-03 23:42:02 - [TEST_STEP][PASSED] - if (TaxType.equalsIgnoreCase("Estate Tax")): null

2024-02-03 23:42:02 - [TEST_STEP][PASSED] - resText = "Pass": null

2024-02-03 23:42:02 - [TEST_STEP][PASSED] - pages.WriteExcel.demoKey(resText, datText, resColumn, datCloumn, fileLoc, nameSheet, row): pages.WriteExcel.demoKey is PASSED

2024-02-03 23:42:02 - [MESSAGE][PASSED] - pages.WriteExcel.demoKey is PASSED

2024-02-03 23:42:02 - [TEST_STEP][PASSED] - ExecuteTC = findTestData(dataFile).getValue("Execute", row): null

2024-02-03 23:42:02 - [TEST_STEP][PASSED] - TaxType = findTestData(dataFile).getValue("TaxType", row): null

2024-02-03 23:42:02 - [TEST_STEP][PASSED] - PaymentType = findTestData(dataFile).getValue("PaymentType", row): null

2024-02-03 23:42:02 - [TEST_STEP][PASSED] - FilingYear = findTestData(dataFile).getValue("Year", row): null

2024-02-03 23:42:02 - [TEST_STEP][PASSED] - feinSSN = findTestData(dataFile).getValue("FeinSsn", row): null

2024-02-03 23:42:02 - [TEST_STEP][PASSED] - if (ExecuteTC.equalsIgnoreCase("Y")): pages.WriteExcel.demoKey is PASSED

2024-02-03 23:42:02 - [TEST_STEP][PASSED] - out.println("Begin Record Number: " + row): null

2024-02-03 23:42:02 - [TEST_STEP][PASSED] - today = new java.util.Date(): null

2024-02-03 23:42:02 - [TEST_STEP][PASSED] - println(today): null

2024-02-03 23:42:02 - [TEST_STEP][PASSED] - datText = today: null

2024-02-03 23:42:02 - [TEST_STEP][PASSED] - logInfo("Payment Type: New Tax Return Amount Due"): Payment Type: New Tax Return Amount Due

2024-02-03 23:42:02 - [MESSAGE][INFO] - Payment Type: New Tax Return Amount Due

2024-02-03 23:42:02 - [TEST_STEP][PASSED] - logInfo("Tax Type: " + TaxType): Tax Type: Alcohol Tax

2024-02-03 23:42:02 - [MESSAGE][INFO] - Tax Type: Alcohol Tax

2024-02-03 23:42:02 - [TEST_STEP][PASSED] - openBrowser(""): Browser is opened with url: ''

2024-02-03 23:42:02 - [MESSAGE][WARNING] - A browser is already opened. Closing browser and opening a new one

2024-02-03 23:42:04 - [MESSAGE][INFO] - Starting 'Chrome' driver

2024-02-03 23:42:04 - [MESSAGE][INFO] - User set preference: ['acceptInsecureCerts', 'true']

2024-02-03 23:42:04 - [MESSAGE][INFO] - Action delay is set to 0 milliseconds

2024-02-03 23:42:06 - [MESSAGE][PASSED] - Browser is opened with url: ''

2024-02-03 23:42:06 - [TEST_STEP][PASSED] - maximizeWindow(): Current window maximized

2024-02-03 23:42:06 - [MESSAGE][PASSED] - Current window maximized

2024-02-03 23:42:06 - [TEST_STEP][PASSED] - navigateToUrl(RADurl): Navigate to 'https://qa2.velocitypayment.com/client/rad/index.html' successfully

2024-02-03 23:42:06 - [MESSAGE][PASSED] - Navigate to 'https://qa2.velocitypayment.com/client/rad/index.html' successfully

2024-02-03 23:42:06 - [TEST_STEP][PASSED] - selectOptionByLabel(findTestObject(orPath_Landing + "/dd_TaxType"), "New Tax Return Amount Due", false): All options with label 'New Tax Return Amount Due' are selected in object 'Object Repository/RAD_Pages/Landing_Page/dd_TaxType' 

2024-02-03 23:42:08 - [MESSAGE][PASSED] - All options with label 'New Tax Return Amount Due' are selected in object 'Object Repository/RAD_Pages/Landing_Page/dd_TaxType' 

2024-02-03 23:42:08 - [TEST_STEP][PASSED] - selectOptionByLabel(findTestObject("Object Repository/RAD_Pages/Landing_Page/select_NewTaxReturnAmountDue_TaxType"), TaxType, false): All options with label 'Alcohol Tax' are selected in object 'Object Repository/RAD_Pages/Landing_Page/select_NewTaxReturnAmountDue_TaxType' 

2024-02-03 23:42:09 - [MESSAGE][PASSED] - All options with label 'Alcohol Tax' are selected in object 'Object Repository/RAD_Pages/Landing_Page/select_NewTaxReturnAmountDue_TaxType' 

2024-02-03 23:42:09 - [TEST_STEP][PASSED] - selectOptionByLabel(findTestObject(orPath_TaxTypeFilingYear + "/select_FilingYear"), FilingYear, false): All options with label '2023' are selected in object 'Object Repository/RAD_Pages/TaxTypeFilingYear_Page/select_FilingYear' 

2024-02-03 23:42:10 - [MESSAGE][PASSED] - All options with label '2023' are selected in object 'Object Repository/RAD_Pages/TaxTypeFilingYear_Page/select_FilingYear' 

2024-02-03 23:42:10 - [TEST_STEP][PASSED] - setText(findTestObject(orPath_TaxPayer + "/input_businessName"), " "): Text ' ' is set on object 'Object Repository/RAD_Pages/Taxpayer_Page/input_businessName'

2024-02-03 23:42:11 - [MESSAGE][PASSED] - Text ' ' is set on object 'Object Repository/RAD_Pages/Taxpayer_Page/input_businessName'

2024-02-03 23:42:11 - [TEST_STEP][PASSED] - setText(findTestObject(orPath_TaxPayer + "/input_BusinessRepfirstName"), " "): Text ' ' is set on object 'Object Repository/RAD_Pages/Taxpayer_Page/input_BusinessRepfirstName'

2024-02-03 23:42:11 - [MESSAGE][PASSED] - Text ' ' is set on object 'Object Repository/RAD_Pages/Taxpayer_Page/input_BusinessRepfirstName'

2024-02-03 23:42:11 - [TEST_STEP][PASSED] - setText(findTestObject(orPath_TaxPayer + "/input_BusinessReplastName"), " "): Text ' ' is set on object 'Object Repository/RAD_Pages/Taxpayer_Page/input_BusinessReplastName'

2024-02-03 23:42:12 - [MESSAGE][PASSED] - Text ' ' is set on object 'Object Repository/RAD_Pages/Taxpayer_Page/input_BusinessReplastName'

2024-02-03 23:42:12 - [TEST_STEP][PASSED] - setText(findTestObject(orPath_AddressContact + "/input_streetAddress1"), " "): Text ' ' is set on object 'Object Repository/RAD_Pages/AddressAndContactInfo_Page/input_streetAddress1'

2024-02-03 23:42:13 - [MESSAGE][PASSED] - Text ' ' is set on object 'Object Repository/RAD_Pages/AddressAndContactInfo_Page/input_streetAddress1'

2024-02-03 23:42:13 - [TEST_STEP][PASSED] - setText(findTestObject(orPath_AddressContact + "/input_city"), " "): Text ' ' is set on object 'Object Repository/RAD_Pages/AddressAndContactInfo_Page/input_city'

2024-02-03 23:42:13 - [MESSAGE][PASSED] - Text ' ' is set on object 'Object Repository/RAD_Pages/AddressAndContactInfo_Page/input_city'

2024-02-03 23:42:13 - [TEST_STEP][PASSED] - setText(findTestObject(orPath_AddressContact + "/input_zipCode"), " "): Text ' ' is set on object 'Object Repository/RAD_Pages/AddressAndContactInfo_Page/input_zipCode'

2024-02-03 23:42:14 - [MESSAGE][PASSED] - Text ' ' is set on object 'Object Repository/RAD_Pages/AddressAndContactInfo_Page/input_zipCode'

2024-02-03 23:42:14 - [TEST_STEP][PASSED] - setText(findTestObject(orPath_AddressContact + "/input_phoneNumber"), " "): Text ' ' is set on object 'Object Repository/RAD_Pages/AddressAndContactInfo_Page/input_phoneNumber'

2024-02-03 23:42:15 - [MESSAGE][PASSED] - Text ' ' is set on object 'Object Repository/RAD_Pages/AddressAndContactInfo_Page/input_phoneNumber'

2024-02-03 23:42:15 - [TEST_STEP][PASSED] - setText(findTestObject(orPath_AddressContact + "/input_eMailAddress"), " "): Text ' ' is set on object 'Object Repository/RAD_Pages/AddressAndContactInfo_Page/input_eMailAddress'

2024-02-03 23:42:16 - [MESSAGE][PASSED] - Text ' ' is set on object 'Object Repository/RAD_Pages/AddressAndContactInfo_Page/input_eMailAddress'

2024-02-03 23:42:16 - [TEST_STEP][PASSED] - setText(findTestObject(orPath_AddressContact + "/input_reEnterEMailAddress"), " "): Text ' ' is set on object 'Object Repository/RAD_Pages/AddressAndContactInfo_Page/input_reEnterEMailAddress'

2024-02-03 23:42:17 - [MESSAGE][PASSED] - Text ' ' is set on object 'Object Repository/RAD_Pages/AddressAndContactInfo_Page/input_reEnterEMailAddress'

2024-02-03 23:42:17 - [TEST_STEP][PASSED] - if (TaxType.equalsIgnoreCase("Estate Tax")): null

2024-02-03 23:42:17 - [TEST_STEP][PASSED] - setText(findTestObject(orPath_Amount + "/input__paymentAmount"), ""): Text '' is set on object 'Object Repository/RAD_Pages/PaymentAmount_Page/input__paymentAmount'

2024-02-03 23:42:18 - [MESSAGE][PASSED] - Text '' is set on object 'Object Repository/RAD_Pages/PaymentAmount_Page/input__paymentAmount'

2024-02-03 23:42:18 - [TEST_STEP][PASSED] - resText = "Fail": null

2024-02-03 23:42:18 - [TEST_STEP][PASSED] - pages.WriteExcel.demoKey(resText, datText, resColumn, datCloumn, fileLoc, nameSheet, row): pages.WriteExcel.demoKey is PASSED

2024-02-03 23:42:18 - [MESSAGE][PASSED] - pages.WriteExcel.demoKey is PASSED

2024-02-03 23:42:18 - [TEST_STEP][PASSED] - verifyTextPresent("Enter business name", true, CONTINUE_ON_FAILURE): Text 'Enter business name' is present on page  using regular expression

2024-02-03 23:42:19 - [MESSAGE][PASSED] - Text 'Enter business name' is present on page  using regular expression

2024-02-03 23:42:19 - [TEST_STEP][PASSED] - verifyTextPresent("Enter business rep first name", true, CONTINUE_ON_FAILURE): Text 'Enter business rep first name' is present on page  using regular expression

2024-02-03 23:42:19 - [MESSAGE][PASSED] - Text 'Enter business rep first name' is present on page  using regular expression

2024-02-03 23:42:19 - [TEST_STEP][PASSED] - verifyTextPresent("Enter business rep last name", true, CONTINUE_ON_FAILURE): Text 'Enter business rep last name' is present on page  using regular expression

2024-02-03 23:42:19 - [MESSAGE][PASSED] - Text 'Enter business rep last name' is present on page  using regular expression

2024-02-03 23:42:19 - [TEST_STEP][PASSED] - verifyTextPresent("Enter address", true, CONTINUE_ON_FAILURE): Text 'Enter address' is present on page  using regular expression

2024-02-03 23:42:20 - [MESSAGE][PASSED] - Text 'Enter address' is present on page  using regular expression

2024-02-03 23:42:20 - [TEST_STEP][PASSED] - verifyTextPresent("Enter city", true, CONTINUE_ON_FAILURE): Text 'Enter city' is present on page  using regular expression

2024-02-03 23:42:20 - [MESSAGE][PASSED] - Text 'Enter city' is present on page  using regular expression

2024-02-03 23:42:20 - [TEST_STEP][PASSED] - verifyTextPresent("Enter ZIP code", true, CONTINUE_ON_FAILURE): Text 'Enter ZIP code' is present on page  using regular expression

2024-02-03 23:42:20 - [MESSAGE][PASSED] - Text 'Enter ZIP code' is present on page  using regular expression

2024-02-03 23:42:20 - [TEST_STEP][PASSED] - verifyTextPresent("Enter a valid phone number", true, CONTINUE_ON_FAILURE): Text 'Enter a valid phone number' is present on page  using regular expression

2024-02-03 23:42:21 - [MESSAGE][PASSED] - Text 'Enter a valid phone number' is present on page  using regular expression

2024-02-03 23:42:21 - [TEST_STEP][PASSED] - verifyTextPresent("Enter Email", true, CONTINUE_ON_FAILURE): Text 'Enter Email' is present on page  using regular expression

2024-02-03 23:42:21 - [MESSAGE][PASSED] - Text 'Enter Email' is present on page  using regular expression

2024-02-03 23:42:21 - [TEST_STEP][PASSED] - if (TaxType.equalsIgnoreCase("Estate Tax")): null

2024-02-03 23:42:21 - [TEST_STEP][PASSED] - resText = "Pass": null

2024-02-03 23:42:21 - [TEST_STEP][PASSED] - pages.WriteExcel.demoKey(resText, datText, resColumn, datCloumn, fileLoc, nameSheet, row): pages.WriteExcel.demoKey is PASSED

2024-02-03 23:42:22 - [MESSAGE][PASSED] - pages.WriteExcel.demoKey is PASSED

2024-02-03 23:42:22 - [TEST_STEP][PASSED] - ExecuteTC = findTestData(dataFile).getValue("Execute", row): null

2024-02-03 23:42:22 - [TEST_STEP][PASSED] - TaxType = findTestData(dataFile).getValue("TaxType", row): null

2024-02-03 23:42:22 - [TEST_STEP][PASSED] - PaymentType = findTestData(dataFile).getValue("PaymentType", row): null

2024-02-03 23:42:22 - [TEST_STEP][PASSED] - FilingYear = findTestData(dataFile).getValue("Year", row): null

2024-02-03 23:42:22 - [TEST_STEP][PASSED] - feinSSN = findTestData(dataFile).getValue("FeinSsn", row): null

2024-02-03 23:42:22 - [TEST_STEP][PASSED] - if (ExecuteTC.equalsIgnoreCase("Y")): pages.WriteExcel.demoKey is PASSED

2024-02-03 23:42:22 - [TEST_STEP][PASSED] - out.println("Begin Record Number: " + row): null

2024-02-03 23:42:22 - [TEST_STEP][PASSED] - today = new java.util.Date(): null

2024-02-03 23:42:22 - [TEST_STEP][PASSED] - println(today): null

2024-02-03 23:42:22 - [TEST_STEP][PASSED] - datText = today: null

2024-02-03 23:42:22 - [TEST_STEP][PASSED] - logInfo("Payment Type: New Tax Return Amount Due"): Payment Type: New Tax Return Amount Due

2024-02-03 23:42:22 - [MESSAGE][INFO] - Payment Type: New Tax Return Amount Due

2024-02-03 23:42:22 - [TEST_STEP][PASSED] - logInfo("Tax Type: " + TaxType): Tax Type: Bay Restoration Fee

2024-02-03 23:42:22 - [MESSAGE][INFO] - Tax Type: Bay Restoration Fee

2024-02-03 23:42:22 - [TEST_STEP][PASSED] - openBrowser(""): Browser is opened with url: ''

2024-02-03 23:42:22 - [MESSAGE][WARNING] - A browser is already opened. Closing browser and opening a new one

2024-02-03 23:42:23 - [MESSAGE][INFO] - Starting 'Chrome' driver

2024-02-03 23:42:23 - [MESSAGE][INFO] - User set preference: ['acceptInsecureCerts', 'true']

2024-02-03 23:42:23 - [MESSAGE][INFO] - Action delay is set to 0 milliseconds

2024-02-03 23:42:25 - [MESSAGE][PASSED] - Browser is opened with url: ''

2024-02-03 23:42:25 - [TEST_STEP][PASSED] - maximizeWindow(): Current window maximized

2024-02-03 23:42:25 - [MESSAGE][PASSED] - Current window maximized

2024-02-03 23:42:25 - [TEST_STEP][PASSED] - navigateToUrl(RADurl): Navigate to 'https://qa2.velocitypayment.com/client/rad/index.html' successfully

2024-02-03 23:42:27 - [MESSAGE][PASSED] - Navigate to 'https://qa2.velocitypayment.com/client/rad/index.html' successfully

2024-02-03 23:42:27 - [TEST_STEP][PASSED] - selectOptionByLabel(findTestObject(orPath_Landing + "/dd_TaxType"), "New Tax Return Amount Due", false): All options with label 'New Tax Return Amount Due' are selected in object 'Object Repository/RAD_Pages/Landing_Page/dd_TaxType' 

2024-02-03 23:42:28 - [MESSAGE][PASSED] - All options with label 'New Tax Return Amount Due' are selected in object 'Object Repository/RAD_Pages/Landing_Page/dd_TaxType' 

2024-02-03 23:42:28 - [TEST_STEP][PASSED] - selectOptionByLabel(findTestObject("Object Repository/RAD_Pages/Landing_Page/select_NewTaxReturnAmountDue_TaxType"), TaxType, false): All options with label 'Bay Restoration Fee' are selected in object 'Object Repository/RAD_Pages/Landing_Page/select_NewTaxReturnAmountDue_TaxType' 

2024-02-03 23:42:29 - [MESSAGE][PASSED] - All options with label 'Bay Restoration Fee' are selected in object 'Object Repository/RAD_Pages/Landing_Page/select_NewTaxReturnAmountDue_TaxType' 

2024-02-03 23:42:29 - [TEST_STEP][PASSED] - selectOptionByLabel(findTestObject(orPath_TaxTypeFilingYear + "/select_FilingYear"), FilingYear, false): All options with label '2023' are selected in object 'Object Repository/RAD_Pages/TaxTypeFilingYear_Page/select_FilingYear' 

2024-02-03 23:42:30 - [MESSAGE][PASSED] - All options with label '2023' are selected in object 'Object Repository/RAD_Pages/TaxTypeFilingYear_Page/select_FilingYear' 

2024-02-03 23:42:30 - [TEST_STEP][PASSED] - setText(findTestObject(orPath_TaxPayer + "/input_businessName"), " "): Text ' ' is set on object 'Object Repository/RAD_Pages/Taxpayer_Page/input_businessName'

2024-02-03 23:42:30 - [MESSAGE][PASSED] - Text ' ' is set on object 'Object Repository/RAD_Pages/Taxpayer_Page/input_businessName'

2024-02-03 23:42:30 - [TEST_STEP][PASSED] - setText(findTestObject(orPath_TaxPayer + "/input_BusinessRepfirstName"), " "): Text ' ' is set on object 'Object Repository/RAD_Pages/Taxpayer_Page/input_BusinessRepfirstName'

2024-02-03 23:42:31 - [MESSAGE][PASSED] - Text ' ' is set on object 'Object Repository/RAD_Pages/Taxpayer_Page/input_BusinessRepfirstName'

2024-02-03 23:42:31 - [TEST_STEP][PASSED] - setText(findTestObject(orPath_TaxPayer + "/input_BusinessReplastName"), " "): Text ' ' is set on object 'Object Repository/RAD_Pages/Taxpayer_Page/input_BusinessReplastName'

2024-02-03 23:42:32 - [MESSAGE][PASSED] - Text ' ' is set on object 'Object Repository/RAD_Pages/Taxpayer_Page/input_BusinessReplastName'

2024-02-03 23:42:32 - [TEST_STEP][PASSED] - setText(findTestObject(orPath_AddressContact + "/input_streetAddress1"), " "): Text ' ' is set on object 'Object Repository/RAD_Pages/AddressAndContactInfo_Page/input_streetAddress1'

2024-02-03 23:42:32 - [MESSAGE][PASSED] - Text ' ' is set on object 'Object Repository/RAD_Pages/AddressAndContactInfo_Page/input_streetAddress1'

2024-02-03 23:42:32 - [TEST_STEP][PASSED] - setText(findTestObject(orPath_AddressContact + "/input_city"), " "): Text ' ' is set on object 'Object Repository/RAD_Pages/AddressAndContactInfo_Page/input_city'

2024-02-03 23:42:33 - [MESSAGE][PASSED] - Text ' ' is set on object 'Object Repository/RAD_Pages/AddressAndContactInfo_Page/input_city'

2024-02-03 23:42:33 - [TEST_STEP][PASSED] - setText(findTestObject(orPath_AddressContact + "/input_zipCode"), " "): Text ' ' is set on object 'Object Repository/RAD_Pages/AddressAndContactInfo_Page/input_zipCode'

2024-02-03 23:42:34 - [MESSAGE][PASSED] - Text ' ' is set on object 'Object Repository/RAD_Pages/AddressAndContactInfo_Page/input_zipCode'

2024-02-03 23:42:34 - [TEST_STEP][PASSED] - setText(findTestObject(orPath_AddressContact + "/input_phoneNumber"), " "): Text ' ' is set on object 'Object Repository/RAD_Pages/AddressAndContactInfo_Page/input_phoneNumber'

2024-02-03 23:42:35 - [MESSAGE][PASSED] - Text ' ' is set on object 'Object Repository/RAD_Pages/AddressAndContactInfo_Page/input_phoneNumber'

2024-02-03 23:42:35 - [TEST_STEP][PASSED] - setText(findTestObject(orPath_AddressContact + "/input_eMailAddress"), " "): Text ' ' is set on object 'Object Repository/RAD_Pages/AddressAndContactInfo_Page/input_eMailAddress'

2024-02-03 23:42:35 - [MESSAGE][PASSED] - Text ' ' is set on object 'Object Repository/RAD_Pages/AddressAndContactInfo_Page/input_eMailAddress'

2024-02-03 23:42:35 - [TEST_STEP][PASSED] - setText(findTestObject(orPath_AddressContact + "/input_reEnterEMailAddress"), " "): Text ' ' is set on object 'Object Repository/RAD_Pages/AddressAndContactInfo_Page/input_reEnterEMailAddress'

2024-02-03 23:42:36 - [MESSAGE][PASSED] - Text ' ' is set on object 'Object Repository/RAD_Pages/AddressAndContactInfo_Page/input_reEnterEMailAddress'

2024-02-03 23:42:36 - [TEST_STEP][PASSED] - if (TaxType.equalsIgnoreCase("Estate Tax")): null

2024-02-03 23:42:36 - [TEST_STEP][PASSED] - setText(findTestObject(orPath_Amount + "/input__paymentAmount"), ""): Text '' is set on object 'Object Repository/RAD_Pages/PaymentAmount_Page/input__paymentAmount'

2024-02-03 23:42:37 - [MESSAGE][PASSED] - Text '' is set on object 'Object Repository/RAD_Pages/PaymentAmount_Page/input__paymentAmount'

2024-02-03 23:42:37 - [TEST_STEP][PASSED] - resText = "Fail": null

2024-02-03 23:42:37 - [TEST_STEP][PASSED] - pages.WriteExcel.demoKey(resText, datText, resColumn, datCloumn, fileLoc, nameSheet, row): pages.WriteExcel.demoKey is PASSED

2024-02-03 23:42:37 - [MESSAGE][PASSED] - pages.WriteExcel.demoKey is PASSED

2024-02-03 23:42:37 - [TEST_STEP][PASSED] - verifyTextPresent("Enter business name", true, CONTINUE_ON_FAILURE): Text 'Enter business name' is present on page  using regular expression

2024-02-03 23:42:38 - [MESSAGE][PASSED] - Text 'Enter business name' is present on page  using regular expression

2024-02-03 23:42:38 - [TEST_STEP][PASSED] - verifyTextPresent("Enter business rep first name", true, CONTINUE_ON_FAILURE): Text 'Enter business rep first name' is present on page  using regular expression

2024-02-03 23:42:38 - [MESSAGE][PASSED] - Text 'Enter business rep first name' is present on page  using regular expression

2024-02-03 23:42:38 - [TEST_STEP][PASSED] - verifyTextPresent("Enter business rep last name", true, CONTINUE_ON_FAILURE): Text 'Enter business rep last name' is present on page  using regular expression

2024-02-03 23:42:39 - [MESSAGE][PASSED] - Text 'Enter business rep last name' is present on page  using regular expression

2024-02-03 23:42:39 - [TEST_STEP][PASSED] - verifyTextPresent("Enter address", true, CONTINUE_ON_FAILURE): Text 'Enter address' is present on page  using regular expression

2024-02-03 23:42:39 - [MESSAGE][PASSED] - Text 'Enter address' is present on page  using regular expression

2024-02-03 23:42:39 - [TEST_STEP][PASSED] - verifyTextPresent("Enter city", true, CONTINUE_ON_FAILURE): Text 'Enter city' is present on page  using regular expression

2024-02-03 23:42:40 - [MESSAGE][PASSED] - Text 'Enter city' is present on page  using regular expression

2024-02-03 23:42:40 - [TEST_STEP][PASSED] - verifyTextPresent("Enter ZIP code", true, CONTINUE_ON_FAILURE): Text 'Enter ZIP code' is present on page  using regular expression

2024-02-03 23:42:40 - [MESSAGE][PASSED] - Text 'Enter ZIP code' is present on page  using regular expression

2024-02-03 23:42:40 - [TEST_STEP][PASSED] - verifyTextPresent("Enter a valid phone number", true, CONTINUE_ON_FAILURE): Text 'Enter a valid phone number' is present on page  using regular expression

2024-02-03 23:42:40 - [MESSAGE][PASSED] - Text 'Enter a valid phone number' is present on page  using regular expression

2024-02-03 23:42:40 - [TEST_STEP][PASSED] - verifyTextPresent("Enter Email", true, CONTINUE_ON_FAILURE): Text 'Enter Email' is present on page  using regular expression

2024-02-03 23:42:41 - [MESSAGE][PASSED] - Text 'Enter Email' is present on page  using regular expression

2024-02-03 23:42:41 - [TEST_STEP][PASSED] - if (TaxType.equalsIgnoreCase("Estate Tax")): null

2024-02-03 23:42:41 - [TEST_STEP][PASSED] - resText = "Pass": null

2024-02-03 23:42:41 - [TEST_STEP][PASSED] - pages.WriteExcel.demoKey(resText, datText, resColumn, datCloumn, fileLoc, nameSheet, row): pages.WriteExcel.demoKey is PASSED

2024-02-03 23:42:41 - [MESSAGE][PASSED] - pages.WriteExcel.demoKey is PASSED

2024-02-03 23:42:41 - [TEST_STEP][PASSED] - ExecuteTC = findTestData(dataFile).getValue("Execute", row): null

2024-02-03 23:42:41 - [TEST_STEP][PASSED] - TaxType = findTestData(dataFile).getValue("TaxType", row): null

2024-02-03 23:42:41 - [TEST_STEP][PASSED] - PaymentType = findTestData(dataFile).getValue("PaymentType", row): null

2024-02-03 23:42:41 - [TEST_STEP][PASSED] - FilingYear = findTestData(dataFile).getValue("Year", row): null

2024-02-03 23:42:41 - [TEST_STEP][PASSED] - feinSSN = findTestData(dataFile).getValue("FeinSsn", row): null

2024-02-03 23:42:41 - [TEST_STEP][PASSED] - if (ExecuteTC.equalsIgnoreCase("Y")): pages.WriteExcel.demoKey is PASSED

2024-02-03 23:42:41 - [TEST_STEP][PASSED] - out.println("Begin Record Number: " + row): null

2024-02-03 23:42:41 - [TEST_STEP][PASSED] - today = new java.util.Date(): null

2024-02-03 23:42:41 - [TEST_STEP][PASSED] - println(today): null

2024-02-03 23:42:41 - [TEST_STEP][PASSED] - datText = today: null

2024-02-03 23:42:41 - [TEST_STEP][PASSED] - logInfo("Payment Type: New Tax Return Amount Due"): Payment Type: New Tax Return Amount Due

2024-02-03 23:42:41 - [MESSAGE][INFO] - Payment Type: New Tax Return Amount Due

2024-02-03 23:42:41 - [TEST_STEP][PASSED] - logInfo("Tax Type: " + TaxType): Tax Type: Corporate Income Tax

2024-02-03 23:42:41 - [MESSAGE][INFO] - Tax Type: Corporate Income Tax

2024-02-03 23:42:41 - [TEST_STEP][PASSED] - openBrowser(""): Browser is opened with url: ''

2024-02-03 23:42:41 - [MESSAGE][WARNING] - A browser is already opened. Closing browser and opening a new one

2024-02-03 23:42:48 - [MESSAGE][INFO] - Starting 'Chrome' driver

2024-02-03 23:42:48 - [MESSAGE][INFO] - User set preference: ['acceptInsecureCerts', 'true']

2024-02-03 23:42:48 - [MESSAGE][INFO] - Action delay is set to 0 milliseconds

2024-02-03 23:42:50 - [MESSAGE][PASSED] - Browser is opened with url: ''

2024-02-03 23:42:50 - [TEST_STEP][PASSED] - maximizeWindow(): Current window maximized

2024-02-03 23:42:50 - [MESSAGE][PASSED] - Current window maximized

2024-02-03 23:42:50 - [TEST_STEP][PASSED] - navigateToUrl(RADurl): Navigate to 'https://qa2.velocitypayment.com/client/rad/index.html' successfully

2024-02-03 23:42:52 - [MESSAGE][PASSED] - Navigate to 'https://qa2.velocitypayment.com/client/rad/index.html' successfully

2024-02-03 23:42:52 - [TEST_STEP][PASSED] - selectOptionByLabel(findTestObject(orPath_Landing + "/dd_TaxType"), "New Tax Return Amount Due", false): All options with label 'New Tax Return Amount Due' are selected in object 'Object Repository/RAD_Pages/Landing_Page/dd_TaxType' 

2024-02-03 23:42:52 - [MESSAGE][PASSED] - All options with label 'New Tax Return Amount Due' are selected in object 'Object Repository/RAD_Pages/Landing_Page/dd_TaxType' 

2024-02-03 23:42:52 - [TEST_STEP][PASSED] - selectOptionByLabel(findTestObject("Object Repository/RAD_Pages/Landing_Page/select_NewTaxReturnAmountDue_TaxType"), TaxType, false): All options with label 'Corporate Income Tax' are selected in object 'Object Repository/RAD_Pages/Landing_Page/select_NewTaxReturnAmountDue_TaxType' 

2024-02-03 23:42:53 - [MESSAGE][PASSED] - All options with label 'Corporate Income Tax' are selected in object 'Object Repository/RAD_Pages/Landing_Page/select_NewTaxReturnAmountDue_TaxType' 

2024-02-03 23:42:53 - [TEST_STEP][PASSED] - selectOptionByLabel(findTestObject(orPath_TaxTypeFilingYear + "/select_FilingYear"), FilingYear, false): All options with label '2023' are selected in object 'Object Repository/RAD_Pages/TaxTypeFilingYear_Page/select_FilingYear' 

2024-02-03 23:42:54 - [MESSAGE][PASSED] - All options with label '2023' are selected in object 'Object Repository/RAD_Pages/TaxTypeFilingYear_Page/select_FilingYear' 

2024-02-03 23:42:54 - [TEST_STEP][PASSED] - setText(findTestObject(orPath_TaxPayer + "/input_businessName"), " "): Text ' ' is set on object 'Object Repository/RAD_Pages/Taxpayer_Page/input_businessName'

2024-02-03 23:42:55 - [MESSAGE][PASSED] - Text ' ' is set on object 'Object Repository/RAD_Pages/Taxpayer_Page/input_businessName'

2024-02-03 23:42:55 - [TEST_STEP][PASSED] - setText(findTestObject(orPath_TaxPayer + "/input_BusinessRepfirstName"), " "): Text ' ' is set on object 'Object Repository/RAD_Pages/Taxpayer_Page/input_BusinessRepfirstName'

2024-02-03 23:42:55 - [MESSAGE][PASSED] - Text ' ' is set on object 'Object Repository/RAD_Pages/Taxpayer_Page/input_BusinessRepfirstName'

2024-02-03 23:42:55 - [TEST_STEP][PASSED] - setText(findTestObject(orPath_TaxPayer + "/input_BusinessReplastName"), " "): Text ' ' is set on object 'Object Repository/RAD_Pages/Taxpayer_Page/input_BusinessReplastName'

2024-02-03 23:42:56 - [MESSAGE][PASSED] - Text ' ' is set on object 'Object Repository/RAD_Pages/Taxpayer_Page/input_BusinessReplastName'

2024-02-03 23:42:56 - [TEST_STEP][PASSED] - setText(findTestObject(orPath_AddressContact + "/input_streetAddress1"), " "): Text ' ' is set on object 'Object Repository/RAD_Pages/AddressAndContactInfo_Page/input_streetAddress1'

2024-02-03 23:42:57 - [MESSAGE][PASSED] - Text ' ' is set on object 'Object Repository/RAD_Pages/AddressAndContactInfo_Page/input_streetAddress1'

2024-02-03 23:42:57 - [TEST_STEP][PASSED] - setText(findTestObject(orPath_AddressContact + "/input_city"), " "): Text ' ' is set on object 'Object Repository/RAD_Pages/AddressAndContactInfo_Page/input_city'

2024-02-03 23:42:57 - [MESSAGE][PASSED] - Text ' ' is set on object 'Object Repository/RAD_Pages/AddressAndContactInfo_Page/input_city'

2024-02-03 23:42:57 - [TEST_STEP][PASSED] - setText(findTestObject(orPath_AddressContact + "/input_zipCode"), " "): Text ' ' is set on object 'Object Repository/RAD_Pages/AddressAndContactInfo_Page/input_zipCode'

2024-02-03 23:42:58 - [MESSAGE][PASSED] - Text ' ' is set on object 'Object Repository/RAD_Pages/AddressAndContactInfo_Page/input_zipCode'

2024-02-03 23:42:58 - [TEST_STEP][PASSED] - setText(findTestObject(orPath_AddressContact + "/input_phoneNumber"), " "): Text ' ' is set on object 'Object Repository/RAD_Pages/AddressAndContactInfo_Page/input_phoneNumber'

2024-02-03 23:42:59 - [MESSAGE][PASSED] - Text ' ' is set on object 'Object Repository/RAD_Pages/AddressAndContactInfo_Page/input_phoneNumber'

2024-02-03 23:42:59 - [TEST_STEP][PASSED] - setText(findTestObject(orPath_AddressContact + "/input_eMailAddress"), " "): Text ' ' is set on object 'Object Repository/RAD_Pages/AddressAndContactInfo_Page/input_eMailAddress'

2024-02-03 23:43:00 - [MESSAGE][PASSED] - Text ' ' is set on object 'Object Repository/RAD_Pages/AddressAndContactInfo_Page/input_eMailAddress'

2024-02-03 23:43:00 - [TEST_STEP][PASSED] - setText(findTestObject(orPath_AddressContact + "/input_reEnterEMailAddress"), " "): Text ' ' is set on object 'Object Repository/RAD_Pages/AddressAndContactInfo_Page/input_reEnterEMailAddress'

2024-02-03 23:43:01 - [MESSAGE][PASSED] - Text ' ' is set on object 'Object Repository/RAD_Pages/AddressAndContactInfo_Page/input_reEnterEMailAddress'

2024-02-03 23:43:01 - [TEST_STEP][PASSED] - if (TaxType.equalsIgnoreCase("Estate Tax")): null

2024-02-03 23:43:01 - [TEST_STEP][PASSED] - setText(findTestObject(orPath_Amount + "/input__paymentAmount"), ""): Text '' is set on object 'Object Repository/RAD_Pages/PaymentAmount_Page/input__paymentAmount'

2024-02-03 23:43:02 - [MESSAGE][PASSED] - Text '' is set on object 'Object Repository/RAD_Pages/PaymentAmount_Page/input__paymentAmount'

2024-02-03 23:43:02 - [TEST_STEP][PASSED] - resText = "Fail": null

2024-02-03 23:43:02 - [TEST_STEP][PASSED] - pages.WriteExcel.demoKey(resText, datText, resColumn, datCloumn, fileLoc, nameSheet, row): pages.WriteExcel.demoKey is PASSED

2024-02-03 23:43:02 - [MESSAGE][PASSED] - pages.WriteExcel.demoKey is PASSED

2024-02-03 23:43:02 - [TEST_STEP][PASSED] - verifyTextPresent("Enter business name", true, CONTINUE_ON_FAILURE): Text 'Enter business name' is present on page  using regular expression

2024-02-03 23:43:03 - [MESSAGE][PASSED] - Text 'Enter business name' is present on page  using regular expression

2024-02-03 23:43:03 - [TEST_STEP][PASSED] - verifyTextPresent("Enter business rep first name", true, CONTINUE_ON_FAILURE): Text 'Enter business rep first name' is present on page  using regular expression

2024-02-03 23:43:03 - [MESSAGE][PASSED] - Text 'Enter business rep first name' is present on page  using regular expression

2024-02-03 23:43:03 - [TEST_STEP][PASSED] - verifyTextPresent("Enter business rep last name", true, CONTINUE_ON_FAILURE): Text 'Enter business rep last name' is present on page  using regular expression

2024-02-03 23:43:03 - [MESSAGE][PASSED] - Text 'Enter business rep last name' is present on page  using regular expression

2024-02-03 23:43:03 - [TEST_STEP][PASSED] - verifyTextPresent("Enter address", true, CONTINUE_ON_FAILURE): Text 'Enter address' is present on page  using regular expression

2024-02-03 23:43:04 - [MESSAGE][PASSED] - Text 'Enter address' is present on page  using regular expression

2024-02-03 23:43:04 - [TEST_STEP][PASSED] - verifyTextPresent("Enter city", true, CONTINUE_ON_FAILURE): Text 'Enter city' is present on page  using regular expression

2024-02-03 23:43:04 - [MESSAGE][PASSED] - Text 'Enter city' is present on page  using regular expression

2024-02-03 23:43:04 - [TEST_STEP][PASSED] - verifyTextPresent("Enter ZIP code", true, CONTINUE_ON_FAILURE): Text 'Enter ZIP code' is present on page  using regular expression

2024-02-03 23:43:04 - [MESSAGE][PASSED] - Text 'Enter ZIP code' is present on page  using regular expression

2024-02-03 23:43:04 - [TEST_STEP][PASSED] - verifyTextPresent("Enter a valid phone number", true, CONTINUE_ON_FAILURE): Text 'Enter a valid phone number' is present on page  using regular expression

2024-02-03 23:43:05 - [MESSAGE][PASSED] - Text 'Enter a valid phone number' is present on page  using regular expression

2024-02-03 23:43:05 - [TEST_STEP][PASSED] - verifyTextPresent("Enter Email", true, CONTINUE_ON_FAILURE): Text 'Enter Email' is present on page  using regular expression

2024-02-03 23:43:05 - [MESSAGE][PASSED] - Text 'Enter Email' is present on page  using regular expression

2024-02-03 23:43:05 - [TEST_STEP][PASSED] - if (TaxType.equalsIgnoreCase("Estate Tax")): null

2024-02-03 23:43:05 - [TEST_STEP][PASSED] - resText = "Pass": null

2024-02-03 23:43:05 - [TEST_STEP][PASSED] - pages.WriteExcel.demoKey(resText, datText, resColumn, datCloumn, fileLoc, nameSheet, row): pages.WriteExcel.demoKey is PASSED

2024-02-03 23:43:05 - [MESSAGE][PASSED] - pages.WriteExcel.demoKey is PASSED

2024-02-03 23:43:05 - [TEST_STEP][PASSED] - ExecuteTC = findTestData(dataFile).getValue("Execute", row): null

2024-02-03 23:43:05 - [TEST_STEP][PASSED] - TaxType = findTestData(dataFile).getValue("TaxType", row): null

2024-02-03 23:43:05 - [TEST_STEP][PASSED] - PaymentType = findTestData(dataFile).getValue("PaymentType", row): null

2024-02-03 23:43:05 - [TEST_STEP][PASSED] - FilingYear = findTestData(dataFile).getValue("Year", row): null

2024-02-03 23:43:06 - [TEST_STEP][PASSED] - feinSSN = findTestData(dataFile).getValue("FeinSsn", row): null

2024-02-03 23:43:06 - [TEST_STEP][PASSED] - if (ExecuteTC.equalsIgnoreCase("Y")): pages.WriteExcel.demoKey is PASSED

2024-02-03 23:43:06 - [TEST_STEP][PASSED] - out.println("Begin Record Number: " + row): null

2024-02-03 23:43:06 - [TEST_STEP][PASSED] - today = new java.util.Date(): null

2024-02-03 23:43:06 - [TEST_STEP][PASSED] - println(today): null

2024-02-03 23:43:06 - [TEST_STEP][PASSED] - datText = today: null

2024-02-03 23:43:06 - [TEST_STEP][PASSED] - logInfo("Payment Type: New Tax Return Amount Due"): Payment Type: New Tax Return Amount Due

2024-02-03 23:43:06 - [MESSAGE][INFO] - Payment Type: New Tax Return Amount Due

2024-02-03 23:43:06 - [TEST_STEP][PASSED] - logInfo("Tax Type: " + TaxType): Tax Type: Motor Fuel Tax

2024-02-03 23:43:06 - [MESSAGE][INFO] - Tax Type: Motor Fuel Tax

2024-02-03 23:43:06 - [TEST_STEP][PASSED] - openBrowser(""): Browser is opened with url: ''

2024-02-03 23:43:06 - [MESSAGE][WARNING] - A browser is already opened. Closing browser and opening a new one

2024-02-03 23:43:13 - [MESSAGE][INFO] - Starting 'Chrome' driver

2024-02-03 23:43:13 - [MESSAGE][INFO] - User set preference: ['acceptInsecureCerts', 'true']

2024-02-03 23:43:13 - [MESSAGE][INFO] - Action delay is set to 0 milliseconds

2024-02-03 23:43:17 - [MESSAGE][PASSED] - Browser is opened with url: ''

2024-02-03 23:43:17 - [TEST_STEP][PASSED] - maximizeWindow(): Current window maximized

2024-02-03 23:43:17 - [MESSAGE][PASSED] - Current window maximized

2024-02-03 23:43:17 - [TEST_STEP][PASSED] - navigateToUrl(RADurl): Navigate to 'https://qa2.velocitypayment.com/client/rad/index.html' successfully

2024-02-03 23:43:19 - [MESSAGE][PASSED] - Navigate to 'https://qa2.velocitypayment.com/client/rad/index.html' successfully

2024-02-03 23:43:19 - [TEST_STEP][PASSED] - selectOptionByLabel(findTestObject(orPath_Landing + "/dd_TaxType"), "New Tax Return Amount Due", false): All options with label 'New Tax Return Amount Due' are selected in object 'Object Repository/RAD_Pages/Landing_Page/dd_TaxType' 

2024-02-03 23:43:19 - [MESSAGE][PASSED] - All options with label 'New Tax Return Amount Due' are selected in object 'Object Repository/RAD_Pages/Landing_Page/dd_TaxType' 

2024-02-03 23:43:19 - [TEST_STEP][PASSED] - selectOptionByLabel(findTestObject("Object Repository/RAD_Pages/Landing_Page/select_NewTaxReturnAmountDue_TaxType"), TaxType, false): All options with label 'Motor Fuel Tax' are selected in object 'Object Repository/RAD_Pages/Landing_Page/select_NewTaxReturnAmountDue_TaxType' 

2024-02-03 23:43:20 - [MESSAGE][PASSED] - All options with label 'Motor Fuel Tax' are selected in object 'Object Repository/RAD_Pages/Landing_Page/select_NewTaxReturnAmountDue_TaxType' 

2024-02-03 23:43:20 - [TEST_STEP][PASSED] - selectOptionByLabel(findTestObject(orPath_TaxTypeFilingYear + "/select_FilingYear"), FilingYear, false): All options with label '2023' are selected in object 'Object Repository/RAD_Pages/TaxTypeFilingYear_Page/select_FilingYear' 

2024-02-03 23:43:21 - [MESSAGE][PASSED] - All options with label '2023' are selected in object 'Object Repository/RAD_Pages/TaxTypeFilingYear_Page/select_FilingYear' 

2024-02-03 23:43:21 - [TEST_STEP][PASSED] - setText(findTestObject(orPath_TaxPayer + "/input_businessName"), " "): Text ' ' is set on object 'Object Repository/RAD_Pages/Taxpayer_Page/input_businessName'

2024-02-03 23:43:22 - [MESSAGE][PASSED] - Text ' ' is set on object 'Object Repository/RAD_Pages/Taxpayer_Page/input_businessName'

2024-02-03 23:43:22 - [TEST_STEP][PASSED] - setText(findTestObject(orPath_TaxPayer + "/input_BusinessRepfirstName"), " "): Text ' ' is set on object 'Object Repository/RAD_Pages/Taxpayer_Page/input_BusinessRepfirstName'

2024-02-03 23:43:22 - [MESSAGE][PASSED] - Text ' ' is set on object 'Object Repository/RAD_Pages/Taxpayer_Page/input_BusinessRepfirstName'

2024-02-03 23:43:22 - [TEST_STEP][PASSED] - setText(findTestObject(orPath_TaxPayer + "/input_BusinessReplastName"), " "): Text ' ' is set on object 'Object Repository/RAD_Pages/Taxpayer_Page/input_BusinessReplastName'

2024-02-03 23:43:23 - [MESSAGE][PASSED] - Text ' ' is set on object 'Object Repository/RAD_Pages/Taxpayer_Page/input_BusinessReplastName'

2024-02-03 23:43:23 - [TEST_STEP][PASSED] - setText(findTestObject(orPath_AddressContact + "/input_streetAddress1"), " "): Text ' ' is set on object 'Object Repository/RAD_Pages/AddressAndContactInfo_Page/input_streetAddress1'

2024-02-03 23:43:24 - [MESSAGE][PASSED] - Text ' ' is set on object 'Object Repository/RAD_Pages/AddressAndContactInfo_Page/input_streetAddress1'

2024-02-03 23:43:24 - [TEST_STEP][PASSED] - setText(findTestObject(orPath_AddressContact + "/input_city"), " "): Text ' ' is set on object 'Object Repository/RAD_Pages/AddressAndContactInfo_Page/input_city'

2024-02-03 23:43:24 - [MESSAGE][PASSED] - Text ' ' is set on object 'Object Repository/RAD_Pages/AddressAndContactInfo_Page/input_city'

2024-02-03 23:43:24 - [TEST_STEP][PASSED] - setText(findTestObject(orPath_AddressContact + "/input_zipCode"), " "): Text ' ' is set on object 'Object Repository/RAD_Pages/AddressAndContactInfo_Page/input_zipCode'

2024-02-03 23:43:25 - [MESSAGE][PASSED] - Text ' ' is set on object 'Object Repository/RAD_Pages/AddressAndContactInfo_Page/input_zipCode'

2024-02-03 23:43:25 - [TEST_STEP][PASSED] - setText(findTestObject(orPath_AddressContact + "/input_phoneNumber"), " "): Text ' ' is set on object 'Object Repository/RAD_Pages/AddressAndContactInfo_Page/input_phoneNumber'

2024-02-03 23:43:26 - [MESSAGE][PASSED] - Text ' ' is set on object 'Object Repository/RAD_Pages/AddressAndContactInfo_Page/input_phoneNumber'

2024-02-03 23:43:26 - [TEST_STEP][PASSED] - setText(findTestObject(orPath_AddressContact + "/input_eMailAddress"), " "): Text ' ' is set on object 'Object Repository/RAD_Pages/AddressAndContactInfo_Page/input_eMailAddress'

2024-02-03 23:43:27 - [MESSAGE][PASSED] - Text ' ' is set on object 'Object Repository/RAD_Pages/AddressAndContactInfo_Page/input_eMailAddress'

2024-02-03 23:43:27 - [TEST_STEP][PASSED] - setText(findTestObject(orPath_AddressContact + "/input_reEnterEMailAddress"), " "): Text ' ' is set on object 'Object Repository/RAD_Pages/AddressAndContactInfo_Page/input_reEnterEMailAddress'

2024-02-03 23:43:27 - [MESSAGE][PASSED] - Text ' ' is set on object 'Object Repository/RAD_Pages/AddressAndContactInfo_Page/input_reEnterEMailAddress'

2024-02-03 23:43:27 - [TEST_STEP][PASSED] - if (TaxType.equalsIgnoreCase("Estate Tax")): null

2024-02-03 23:43:27 - [TEST_STEP][PASSED] - setText(findTestObject(orPath_Amount + "/input__paymentAmount"), ""): Text '' is set on object 'Object Repository/RAD_Pages/PaymentAmount_Page/input__paymentAmount'

2024-02-03 23:43:28 - [MESSAGE][PASSED] - Text '' is set on object 'Object Repository/RAD_Pages/PaymentAmount_Page/input__paymentAmount'

2024-02-03 23:43:28 - [TEST_STEP][PASSED] - resText = "Fail": null

2024-02-03 23:43:28 - [TEST_STEP][PASSED] - pages.WriteExcel.demoKey(resText, datText, resColumn, datCloumn, fileLoc, nameSheet, row): pages.WriteExcel.demoKey is PASSED

2024-02-03 23:43:28 - [MESSAGE][PASSED] - pages.WriteExcel.demoKey is PASSED

2024-02-03 23:43:28 - [TEST_STEP][PASSED] - verifyTextPresent("Enter business name", true, CONTINUE_ON_FAILURE): Text 'Enter business name' is present on page  using regular expression

2024-02-03 23:43:29 - [MESSAGE][PASSED] - Text 'Enter business name' is present on page  using regular expression

2024-02-03 23:43:29 - [TEST_STEP][PASSED] - verifyTextPresent("Enter business rep first name", true, CONTINUE_ON_FAILURE): Text 'Enter business rep first name' is present on page  using regular expression

2024-02-03 23:43:29 - [MESSAGE][PASSED] - Text 'Enter business rep first name' is present on page  using regular expression

2024-02-03 23:43:29 - [TEST_STEP][PASSED] - verifyTextPresent("Enter business rep last name", true, CONTINUE_ON_FAILURE): Text 'Enter business rep last name' is present on page  using regular expression

2024-02-03 23:43:30 - [MESSAGE][PASSED] - Text 'Enter business rep last name' is present on page  using regular expression

2024-02-03 23:43:30 - [TEST_STEP][PASSED] - verifyTextPresent("Enter address", true, CONTINUE_ON_FAILURE): Text 'Enter address' is present on page  using regular expression

2024-02-03 23:43:30 - [MESSAGE][PASSED] - Text 'Enter address' is present on page  using regular expression

2024-02-03 23:43:30 - [TEST_STEP][PASSED] - verifyTextPresent("Enter city", true, CONTINUE_ON_FAILURE): Text 'Enter city' is present on page  using regular expression

2024-02-03 23:43:31 - [MESSAGE][PASSED] - Text 'Enter city' is present on page  using regular expression

2024-02-03 23:43:31 - [TEST_STEP][PASSED] - verifyTextPresent("Enter ZIP code", true, CONTINUE_ON_FAILURE): Text 'Enter ZIP code' is present on page  using regular expression

2024-02-03 23:43:31 - [MESSAGE][PASSED] - Text 'Enter ZIP code' is present on page  using regular expression

2024-02-03 23:43:31 - [TEST_STEP][PASSED] - verifyTextPresent("Enter a valid phone number", true, CONTINUE_ON_FAILURE): Text 'Enter a valid phone number' is present on page  using regular expression

2024-02-03 23:43:31 - [MESSAGE][PASSED] - Text 'Enter a valid phone number' is present on page  using regular expression

2024-02-03 23:43:31 - [TEST_STEP][PASSED] - verifyTextPresent("Enter Email", true, CONTINUE_ON_FAILURE): Text 'Enter Email' is present on page  using regular expression

2024-02-03 23:43:32 - [MESSAGE][PASSED] - Text 'Enter Email' is present on page  using regular expression

2024-02-03 23:43:32 - [TEST_STEP][PASSED] - if (TaxType.equalsIgnoreCase("Estate Tax")): null

2024-02-03 23:43:32 - [TEST_STEP][PASSED] - resText = "Pass": null

2024-02-03 23:43:32 - [TEST_STEP][PASSED] - pages.WriteExcel.demoKey(resText, datText, resColumn, datCloumn, fileLoc, nameSheet, row): pages.WriteExcel.demoKey is PASSED

2024-02-03 23:43:32 - [MESSAGE][PASSED] - pages.WriteExcel.demoKey is PASSED

2024-02-03 23:43:32 - [TEST_STEP][PASSED] - ExecuteTC = findTestData(dataFile).getValue("Execute", row): null

2024-02-03 23:43:32 - [TEST_STEP][PASSED] - TaxType = findTestData(dataFile).getValue("TaxType", row): null

2024-02-03 23:43:32 - [TEST_STEP][PASSED] - PaymentType = findTestData(dataFile).getValue("PaymentType", row): null

2024-02-03 23:43:32 - [TEST_STEP][PASSED] - FilingYear = findTestData(dataFile).getValue("Year", row): null

2024-02-03 23:43:32 - [TEST_STEP][PASSED] - feinSSN = findTestData(dataFile).getValue("FeinSsn", row): null

2024-02-03 23:43:32 - [TEST_STEP][PASSED] - if (ExecuteTC.equalsIgnoreCase("Y")): pages.WriteExcel.demoKey is PASSED

2024-02-03 23:43:32 - [TEST_STEP][PASSED] - out.println("Begin Record Number: " + row): null

2024-02-03 23:43:32 - [TEST_STEP][PASSED] - today = new java.util.Date(): null

2024-02-03 23:43:32 - [TEST_STEP][PASSED] - println(today): null

2024-02-03 23:43:32 - [TEST_STEP][PASSED] - datText = today: null

2024-02-03 23:43:32 - [TEST_STEP][PASSED] - logInfo("Payment Type: New Tax Return Amount Due"): Payment Type: New Tax Return Amount Due

2024-02-03 23:43:32 - [MESSAGE][INFO] - Payment Type: New Tax Return Amount Due

2024-02-03 23:43:32 - [TEST_STEP][PASSED] - logInfo("Tax Type: " + TaxType): Tax Type: Sales and Use Tax

2024-02-03 23:43:32 - [MESSAGE][INFO] - Tax Type: Sales and Use Tax

2024-02-03 23:43:32 - [TEST_STEP][PASSED] - openBrowser(""): Browser is opened with url: ''

2024-02-03 23:43:32 - [MESSAGE][WARNING] - A browser is already opened. Closing browser and opening a new one

2024-02-03 23:43:34 - [MESSAGE][INFO] - Starting 'Chrome' driver

2024-02-03 23:43:34 - [MESSAGE][INFO] - User set preference: ['acceptInsecureCerts', 'true']

2024-02-03 23:43:34 - [MESSAGE][INFO] - Action delay is set to 0 milliseconds

2024-02-03 23:43:36 - [MESSAGE][PASSED] - Browser is opened with url: ''

2024-02-03 23:43:36 - [TEST_STEP][PASSED] - maximizeWindow(): Current window maximized

2024-02-03 23:43:36 - [MESSAGE][PASSED] - Current window maximized

2024-02-03 23:43:36 - [TEST_STEP][PASSED] - navigateToUrl(RADurl): Navigate to 'https://qa2.velocitypayment.com/client/rad/index.html' successfully

2024-02-03 23:43:39 - [MESSAGE][PASSED] - Navigate to 'https://qa2.velocitypayment.com/client/rad/index.html' successfully

2024-02-03 23:43:39 - [TEST_STEP][PASSED] - selectOptionByLabel(findTestObject(orPath_Landing + "/dd_TaxType"), "New Tax Return Amount Due", false): All options with label 'New Tax Return Amount Due' are selected in object 'Object Repository/RAD_Pages/Landing_Page/dd_TaxType' 

2024-02-03 23:43:40 - [MESSAGE][PASSED] - All options with label 'New Tax Return Amount Due' are selected in object 'Object Repository/RAD_Pages/Landing_Page/dd_TaxType' 

2024-02-03 23:43:40 - [TEST_STEP][PASSED] - selectOptionByLabel(findTestObject("Object Repository/RAD_Pages/Landing_Page/select_NewTaxReturnAmountDue_TaxType"), TaxType, false): All options with label 'Sales and Use Tax' are selected in object 'Object Repository/RAD_Pages/Landing_Page/select_NewTaxReturnAmountDue_TaxType' 

2024-02-03 23:43:40 - [MESSAGE][PASSED] - All options with label 'Sales and Use Tax' are selected in object 'Object Repository/RAD_Pages/Landing_Page/select_NewTaxReturnAmountDue_TaxType' 

2024-02-03 23:43:40 - [TEST_STEP][PASSED] - selectOptionByLabel(findTestObject(orPath_TaxTypeFilingYear + "/select_FilingYear"), FilingYear, false): All options with label '2023' are selected in object 'Object Repository/RAD_Pages/TaxTypeFilingYear_Page/select_FilingYear' 

2024-02-03 23:43:41 - [MESSAGE][PASSED] - All options with label '2023' are selected in object 'Object Repository/RAD_Pages/TaxTypeFilingYear_Page/select_FilingYear' 

2024-02-03 23:43:41 - [TEST_STEP][PASSED] - setText(findTestObject(orPath_TaxPayer + "/input_businessName"), " "): Text ' ' is set on object 'Object Repository/RAD_Pages/Taxpayer_Page/input_businessName'

2024-02-03 23:43:42 - [MESSAGE][PASSED] - Text ' ' is set on object 'Object Repository/RAD_Pages/Taxpayer_Page/input_businessName'

2024-02-03 23:43:42 - [TEST_STEP][PASSED] - setText(findTestObject(orPath_TaxPayer + "/input_BusinessRepfirstName"), " "): Text ' ' is set on object 'Object Repository/RAD_Pages/Taxpayer_Page/input_BusinessRepfirstName'

2024-02-03 23:43:43 - [MESSAGE][PASSED] - Text ' ' is set on object 'Object Repository/RAD_Pages/Taxpayer_Page/input_BusinessRepfirstName'

2024-02-03 23:43:43 - [TEST_STEP][PASSED] - setText(findTestObject(orPath_TaxPayer + "/input_BusinessReplastName"), " "): Text ' ' is set on object 'Object Repository/RAD_Pages/Taxpayer_Page/input_BusinessReplastName'

2024-02-03 23:43:43 - [MESSAGE][PASSED] - Text ' ' is set on object 'Object Repository/RAD_Pages/Taxpayer_Page/input_BusinessReplastName'

2024-02-03 23:43:43 - [TEST_STEP][PASSED] - setText(findTestObject(orPath_AddressContact + "/input_streetAddress1"), " "): Text ' ' is set on object 'Object Repository/RAD_Pages/AddressAndContactInfo_Page/input_streetAddress1'

2024-02-03 23:43:44 - [MESSAGE][PASSED] - Text ' ' is set on object 'Object Repository/RAD_Pages/AddressAndContactInfo_Page/input_streetAddress1'

2024-02-03 23:43:44 - [TEST_STEP][PASSED] - setText(findTestObject(orPath_AddressContact + "/input_city"), " "): Text ' ' is set on object 'Object Repository/RAD_Pages/AddressAndContactInfo_Page/input_city'

2024-02-03 23:43:45 - [MESSAGE][PASSED] - Text ' ' is set on object 'Object Repository/RAD_Pages/AddressAndContactInfo_Page/input_city'

2024-02-03 23:43:45 - [TEST_STEP][PASSED] - setText(findTestObject(orPath_AddressContact + "/input_zipCode"), " "): Text ' ' is set on object 'Object Repository/RAD_Pages/AddressAndContactInfo_Page/input_zipCode'

2024-02-03 23:43:46 - [MESSAGE][PASSED] - Text ' ' is set on object 'Object Repository/RAD_Pages/AddressAndContactInfo_Page/input_zipCode'

2024-02-03 23:43:46 - [TEST_STEP][PASSED] - setText(findTestObject(orPath_AddressContact + "/input_phoneNumber"), " "): Text ' ' is set on object 'Object Repository/RAD_Pages/AddressAndContactInfo_Page/input_phoneNumber'

2024-02-03 23:43:47 - [MESSAGE][PASSED] - Text ' ' is set on object 'Object Repository/RAD_Pages/AddressAndContactInfo_Page/input_phoneNumber'

2024-02-03 23:43:47 - [TEST_STEP][PASSED] - setText(findTestObject(orPath_AddressContact + "/input_eMailAddress"), " "): Text ' ' is set on object 'Object Repository/RAD_Pages/AddressAndContactInfo_Page/input_eMailAddress'

2024-02-03 23:43:47 - [MESSAGE][PASSED] - Text ' ' is set on object 'Object Repository/RAD_Pages/AddressAndContactInfo_Page/input_eMailAddress'

2024-02-03 23:43:47 - [TEST_STEP][PASSED] - setText(findTestObject(orPath_AddressContact + "/input_reEnterEMailAddress"), " "): Text ' ' is set on object 'Object Repository/RAD_Pages/AddressAndContactInfo_Page/input_reEnterEMailAddress'

2024-02-03 23:43:48 - [MESSAGE][PASSED] - Text ' ' is set on object 'Object Repository/RAD_Pages/AddressAndContactInfo_Page/input_reEnterEMailAddress'

2024-02-03 23:43:48 - [TEST_STEP][PASSED] - if (TaxType.equalsIgnoreCase("Estate Tax")): null

2024-02-03 23:43:48 - [TEST_STEP][PASSED] - setText(findTestObject(orPath_Amount + "/input__paymentAmount"), ""): Text '' is set on object 'Object Repository/RAD_Pages/PaymentAmount_Page/input__paymentAmount'

2024-02-03 23:43:49 - [MESSAGE][PASSED] - Text '' is set on object 'Object Repository/RAD_Pages/PaymentAmount_Page/input__paymentAmount'

2024-02-03 23:43:49 - [TEST_STEP][PASSED] - resText = "Fail": null

2024-02-03 23:43:49 - [TEST_STEP][PASSED] - pages.WriteExcel.demoKey(resText, datText, resColumn, datCloumn, fileLoc, nameSheet, row): pages.WriteExcel.demoKey is PASSED

2024-02-03 23:43:49 - [MESSAGE][PASSED] - pages.WriteExcel.demoKey is PASSED

2024-02-03 23:43:49 - [TEST_STEP][PASSED] - verifyTextPresent("Enter business name", true, CONTINUE_ON_FAILURE): Text 'Enter business name' is present on page  using regular expression

2024-02-03 23:43:50 - [MESSAGE][PASSED] - Text 'Enter business name' is present on page  using regular expression

2024-02-03 23:43:50 - [TEST_STEP][PASSED] - verifyTextPresent("Enter business rep first name", true, CONTINUE_ON_FAILURE): Text 'Enter business rep first name' is present on page  using regular expression

2024-02-03 23:43:50 - [MESSAGE][PASSED] - Text 'Enter business rep first name' is present on page  using regular expression

2024-02-03 23:43:50 - [TEST_STEP][PASSED] - verifyTextPresent("Enter business rep last name", true, CONTINUE_ON_FAILURE): Text 'Enter business rep last name' is present on page  using regular expression

2024-02-03 23:43:51 - [MESSAGE][PASSED] - Text 'Enter business rep last name' is present on page  using regular expression

2024-02-03 23:43:51 - [TEST_STEP][PASSED] - verifyTextPresent("Enter address", true, CONTINUE_ON_FAILURE): Text 'Enter address' is present on page  using regular expression

2024-02-03 23:43:51 - [MESSAGE][PASSED] - Text 'Enter address' is present on page  using regular expression

2024-02-03 23:43:51 - [TEST_STEP][PASSED] - verifyTextPresent("Enter city", true, CONTINUE_ON_FAILURE): Text 'Enter city' is present on page  using regular expression

2024-02-03 23:43:51 - [MESSAGE][PASSED] - Text 'Enter city' is present on page  using regular expression

2024-02-03 23:43:51 - [TEST_STEP][PASSED] - verifyTextPresent("Enter ZIP code", true, CONTINUE_ON_FAILURE): Text 'Enter ZIP code' is present on page  using regular expression

2024-02-03 23:43:52 - [MESSAGE][PASSED] - Text 'Enter ZIP code' is present on page  using regular expression

2024-02-03 23:43:52 - [TEST_STEP][PASSED] - verifyTextPresent("Enter a valid phone number", true, CONTINUE_ON_FAILURE): Text 'Enter a valid phone number' is present on page  using regular expression

2024-02-03 23:43:52 - [MESSAGE][PASSED] - Text 'Enter a valid phone number' is present on page  using regular expression

2024-02-03 23:43:52 - [TEST_STEP][PASSED] - verifyTextPresent("Enter Email", true, CONTINUE_ON_FAILURE): Text 'Enter Email' is present on page  using regular expression

2024-02-03 23:43:52 - [MESSAGE][PASSED] - Text 'Enter Email' is present on page  using regular expression

2024-02-03 23:43:52 - [TEST_STEP][PASSED] - if (TaxType.equalsIgnoreCase("Estate Tax")): null

2024-02-03 23:43:52 - [TEST_STEP][PASSED] - resText = "Pass": null

2024-02-03 23:43:52 - [TEST_STEP][PASSED] - pages.WriteExcel.demoKey(resText, datText, resColumn, datCloumn, fileLoc, nameSheet, row): pages.WriteExcel.demoKey is PASSED

2024-02-03 23:43:52 - [MESSAGE][PASSED] - pages.WriteExcel.demoKey is PASSED

2024-02-03 23:43:52 - [TEST_STEP][PASSED] - ExecuteTC = findTestData(dataFile).getValue("Execute", row): null

2024-02-03 23:43:53 - [TEST_STEP][PASSED] - TaxType = findTestData(dataFile).getValue("TaxType", row): null

2024-02-03 23:43:53 - [TEST_STEP][PASSED] - PaymentType = findTestData(dataFile).getValue("PaymentType", row): null

2024-02-03 23:43:53 - [TEST_STEP][PASSED] - FilingYear = findTestData(dataFile).getValue("Year", row): null

2024-02-03 23:43:53 - [TEST_STEP][PASSED] - feinSSN = findTestData(dataFile).getValue("FeinSsn", row): null

2024-02-03 23:43:53 - [TEST_STEP][PASSED] - if (ExecuteTC.equalsIgnoreCase("Y")): pages.WriteExcel.demoKey is PASSED

2024-02-03 23:43:53 - [TEST_STEP][PASSED] - out.println("Begin Record Number: " + row): null

2024-02-03 23:43:53 - [TEST_STEP][PASSED] - today = new java.util.Date(): null

2024-02-03 23:43:53 - [TEST_STEP][PASSED] - println(today): null

2024-02-03 23:43:53 - [TEST_STEP][PASSED] - datText = today: null

2024-02-03 23:43:53 - [TEST_STEP][PASSED] - logInfo("Payment Type: New Tax Return Amount Due"): Payment Type: New Tax Return Amount Due

2024-02-03 23:43:53 - [MESSAGE][INFO] - Payment Type: New Tax Return Amount Due

2024-02-03 23:43:53 - [TEST_STEP][PASSED] - logInfo("Tax Type: " + TaxType): Tax Type: Slots License Fee

2024-02-03 23:43:53 - [MESSAGE][INFO] - Tax Type: Slots License Fee

2024-02-03 23:43:53 - [TEST_STEP][PASSED] - openBrowser(""): Browser is opened with url: ''

2024-02-03 23:43:53 - [MESSAGE][WARNING] - A browser is already opened. Closing browser and opening a new one

2024-02-03 23:43:54 - [MESSAGE][INFO] - Starting 'Chrome' driver

2024-02-03 23:43:54 - [MESSAGE][INFO] - User set preference: ['acceptInsecureCerts', 'true']

2024-02-03 23:43:54 - [MESSAGE][INFO] - Action delay is set to 0 milliseconds

2024-02-03 23:43:56 - [MESSAGE][PASSED] - Browser is opened with url: ''

2024-02-03 23:43:56 - [TEST_STEP][PASSED] - maximizeWindow(): Current window maximized

2024-02-03 23:43:56 - [MESSAGE][PASSED] - Current window maximized

2024-02-03 23:43:56 - [TEST_STEP][PASSED] - navigateToUrl(RADurl): Navigate to 'https://qa2.velocitypayment.com/client/rad/index.html' successfully

2024-02-03 23:43:58 - [MESSAGE][PASSED] - Navigate to 'https://qa2.velocitypayment.com/client/rad/index.html' successfully

2024-02-03 23:43:58 - [TEST_STEP][PASSED] - selectOptionByLabel(findTestObject(orPath_Landing + "/dd_TaxType"), "New Tax Return Amount Due", false): All options with label 'New Tax Return Amount Due' are selected in object 'Object Repository/RAD_Pages/Landing_Page/dd_TaxType' 

2024-02-03 23:43:59 - [MESSAGE][PASSED] - All options with label 'New Tax Return Amount Due' are selected in object 'Object Repository/RAD_Pages/Landing_Page/dd_TaxType' 

2024-02-03 23:43:59 - [TEST_STEP][PASSED] - selectOptionByLabel(findTestObject("Object Repository/RAD_Pages/Landing_Page/select_NewTaxReturnAmountDue_TaxType"), TaxType, false): All options with label 'Slots License Fee' are selected in object 'Object Repository/RAD_Pages/Landing_Page/select_NewTaxReturnAmountDue_TaxType' 

2024-02-03 23:43:59 - [MESSAGE][PASSED] - All options with label 'Slots License Fee' are selected in object 'Object Repository/RAD_Pages/Landing_Page/select_NewTaxReturnAmountDue_TaxType' 

2024-02-03 23:43:59 - [TEST_STEP][PASSED] - selectOptionByLabel(findTestObject(orPath_TaxTypeFilingYear + "/select_FilingYear"), FilingYear, false): All options with label '2023' are selected in object 'Object Repository/RAD_Pages/TaxTypeFilingYear_Page/select_FilingYear' 

2024-02-03 23:44:00 - [MESSAGE][PASSED] - All options with label '2023' are selected in object 'Object Repository/RAD_Pages/TaxTypeFilingYear_Page/select_FilingYear' 

2024-02-03 23:44:00 - [TEST_STEP][PASSED] - setText(findTestObject(orPath_TaxPayer + "/input_businessName"), " "): Text ' ' is set on object 'Object Repository/RAD_Pages/Taxpayer_Page/input_businessName'

2024-02-03 23:44:01 - [MESSAGE][PASSED] - Text ' ' is set on object 'Object Repository/RAD_Pages/Taxpayer_Page/input_businessName'

2024-02-03 23:44:01 - [TEST_STEP][PASSED] - setText(findTestObject(orPath_TaxPayer + "/input_BusinessRepfirstName"), " "): Text ' ' is set on object 'Object Repository/RAD_Pages/Taxpayer_Page/input_BusinessRepfirstName'

2024-02-03 23:44:02 - [MESSAGE][PASSED] - Text ' ' is set on object 'Object Repository/RAD_Pages/Taxpayer_Page/input_BusinessRepfirstName'

2024-02-03 23:44:02 - [TEST_STEP][PASSED] - setText(findTestObject(orPath_TaxPayer + "/input_BusinessReplastName"), " "): Text ' ' is set on object 'Object Repository/RAD_Pages/Taxpayer_Page/input_BusinessReplastName'

2024-02-03 23:44:02 - [MESSAGE][PASSED] - Text ' ' is set on object 'Object Repository/RAD_Pages/Taxpayer_Page/input_BusinessReplastName'

2024-02-03 23:44:02 - [TEST_STEP][PASSED] - setText(findTestObject(orPath_AddressContact + "/input_streetAddress1"), " "): Text ' ' is set on object 'Object Repository/RAD_Pages/AddressAndContactInfo_Page/input_streetAddress1'

2024-02-03 23:44:03 - [MESSAGE][PASSED] - Text ' ' is set on object 'Object Repository/RAD_Pages/AddressAndContactInfo_Page/input_streetAddress1'

2024-02-03 23:44:03 - [TEST_STEP][PASSED] - setText(findTestObject(orPath_AddressContact + "/input_city"), " "): Text ' ' is set on object 'Object Repository/RAD_Pages/AddressAndContactInfo_Page/input_city'

2024-02-03 23:44:04 - [MESSAGE][PASSED] - Text ' ' is set on object 'Object Repository/RAD_Pages/AddressAndContactInfo_Page/input_city'

2024-02-03 23:44:04 - [TEST_STEP][PASSED] - setText(findTestObject(orPath_AddressContact + "/input_zipCode"), " "): Text ' ' is set on object 'Object Repository/RAD_Pages/AddressAndContactInfo_Page/input_zipCode'

2024-02-03 23:44:04 - [MESSAGE][PASSED] - Text ' ' is set on object 'Object Repository/RAD_Pages/AddressAndContactInfo_Page/input_zipCode'

2024-02-03 23:44:04 - [TEST_STEP][PASSED] - setText(findTestObject(orPath_AddressContact + "/input_phoneNumber"), " "): Text ' ' is set on object 'Object Repository/RAD_Pages/AddressAndContactInfo_Page/input_phoneNumber'

2024-02-03 23:44:05 - [MESSAGE][PASSED] - Text ' ' is set on object 'Object Repository/RAD_Pages/AddressAndContactInfo_Page/input_phoneNumber'

2024-02-03 23:44:05 - [TEST_STEP][PASSED] - setText(findTestObject(orPath_AddressContact + "/input_eMailAddress"), " "): Text ' ' is set on object 'Object Repository/RAD_Pages/AddressAndContactInfo_Page/input_eMailAddress'

2024-02-03 23:44:06 - [MESSAGE][PASSED] - Text ' ' is set on object 'Object Repository/RAD_Pages/AddressAndContactInfo_Page/input_eMailAddress'

2024-02-03 23:44:06 - [TEST_STEP][PASSED] - setText(findTestObject(orPath_AddressContact + "/input_reEnterEMailAddress"), " "): Text ' ' is set on object 'Object Repository/RAD_Pages/AddressAndContactInfo_Page/input_reEnterEMailAddress'

2024-02-03 23:44:07 - [MESSAGE][PASSED] - Text ' ' is set on object 'Object Repository/RAD_Pages/AddressAndContactInfo_Page/input_reEnterEMailAddress'

2024-02-03 23:44:07 - [TEST_STEP][PASSED] - if (TaxType.equalsIgnoreCase("Estate Tax")): null

2024-02-03 23:44:07 - [TEST_STEP][PASSED] - setText(findTestObject(orPath_Amount + "/input__paymentAmount"), ""): Text '' is set on object 'Object Repository/RAD_Pages/PaymentAmount_Page/input__paymentAmount'

2024-02-03 23:44:08 - [MESSAGE][PASSED] - Text '' is set on object 'Object Repository/RAD_Pages/PaymentAmount_Page/input__paymentAmount'

2024-02-03 23:44:08 - [TEST_STEP][PASSED] - resText = "Fail": null

2024-02-03 23:44:08 - [TEST_STEP][PASSED] - pages.WriteExcel.demoKey(resText, datText, resColumn, datCloumn, fileLoc, nameSheet, row): pages.WriteExcel.demoKey is PASSED

2024-02-03 23:44:08 - [MESSAGE][PASSED] - pages.WriteExcel.demoKey is PASSED

2024-02-03 23:44:08 - [TEST_STEP][PASSED] - verifyTextPresent("Enter business name", true, CONTINUE_ON_FAILURE): Text 'Enter business name' is present on page  using regular expression

2024-02-03 23:44:09 - [MESSAGE][PASSED] - Text 'Enter business name' is present on page  using regular expression

2024-02-03 23:44:09 - [TEST_STEP][PASSED] - verifyTextPresent("Enter business rep first name", true, CONTINUE_ON_FAILURE): Text 'Enter business rep first name' is present on page  using regular expression

2024-02-03 23:44:09 - [MESSAGE][PASSED] - Text 'Enter business rep first name' is present on page  using regular expression

2024-02-03 23:44:09 - [TEST_STEP][PASSED] - verifyTextPresent("Enter business rep last name", true, CONTINUE_ON_FAILURE): Text 'Enter business rep last name' is present on page  using regular expression

2024-02-03 23:44:10 - [MESSAGE][PASSED] - Text 'Enter business rep last name' is present on page  using regular expression

2024-02-03 23:44:10 - [TEST_STEP][PASSED] - verifyTextPresent("Enter address", true, CONTINUE_ON_FAILURE): Text 'Enter address' is present on page  using regular expression

2024-02-03 23:44:10 - [MESSAGE][PASSED] - Text 'Enter address' is present on page  using regular expression

2024-02-03 23:44:10 - [TEST_STEP][PASSED] - verifyTextPresent("Enter city", true, CONTINUE_ON_FAILURE): Text 'Enter city' is present on page  using regular expression

2024-02-03 23:44:10 - [MESSAGE][PASSED] - Text 'Enter city' is present on page  using regular expression

2024-02-03 23:44:10 - [TEST_STEP][PASSED] - verifyTextPresent("Enter ZIP code", true, CONTINUE_ON_FAILURE): Text 'Enter ZIP code' is present on page  using regular expression

2024-02-03 23:44:11 - [MESSAGE][PASSED] - Text 'Enter ZIP code' is present on page  using regular expression

2024-02-03 23:44:11 - [TEST_STEP][PASSED] - verifyTextPresent("Enter a valid phone number", true, CONTINUE_ON_FAILURE): Text 'Enter a valid phone number' is present on page  using regular expression

2024-02-03 23:44:11 - [MESSAGE][PASSED] - Text 'Enter a valid phone number' is present on page  using regular expression

2024-02-03 23:44:11 - [TEST_STEP][PASSED] - verifyTextPresent("Enter Email", true, CONTINUE_ON_FAILURE): Text 'Enter Email' is present on page  using regular expression

2024-02-03 23:44:11 - [MESSAGE][PASSED] - Text 'Enter Email' is present on page  using regular expression

2024-02-03 23:44:11 - [TEST_STEP][PASSED] - if (TaxType.equalsIgnoreCase("Estate Tax")): null

2024-02-03 23:44:11 - [TEST_STEP][PASSED] - resText = "Pass": null

2024-02-03 23:44:11 - [TEST_STEP][PASSED] - pages.WriteExcel.demoKey(resText, datText, resColumn, datCloumn, fileLoc, nameSheet, row): pages.WriteExcel.demoKey is PASSED

2024-02-03 23:44:12 - [MESSAGE][PASSED] - pages.WriteExcel.demoKey is PASSED

2024-02-03 23:44:12 - [TEST_STEP][PASSED] - ExecuteTC = findTestData(dataFile).getValue("Execute", row): null

2024-02-03 23:44:12 - [TEST_STEP][PASSED] - TaxType = findTestData(dataFile).getValue("TaxType", row): null

2024-02-03 23:44:12 - [TEST_STEP][PASSED] - PaymentType = findTestData(dataFile).getValue("PaymentType", row): null

2024-02-03 23:44:12 - [TEST_STEP][PASSED] - FilingYear = findTestData(dataFile).getValue("Year", row): null

2024-02-03 23:44:12 - [TEST_STEP][PASSED] - feinSSN = findTestData(dataFile).getValue("FeinSsn", row): null

2024-02-03 23:44:12 - [TEST_STEP][PASSED] - if (ExecuteTC.equalsIgnoreCase("Y")): pages.WriteExcel.demoKey is PASSED

2024-02-03 23:44:12 - [TEST_STEP][PASSED] - out.println("Begin Record Number: " + row): null

2024-02-03 23:44:12 - [TEST_STEP][PASSED] - today = new java.util.Date(): null

2024-02-03 23:44:12 - [TEST_STEP][PASSED] - println(today): null

2024-02-03 23:44:12 - [TEST_STEP][PASSED] - datText = today: null

2024-02-03 23:44:12 - [TEST_STEP][PASSED] - logInfo("Payment Type: New Tax Return Amount Due"): Payment Type: New Tax Return Amount Due

2024-02-03 23:44:12 - [MESSAGE][INFO] - Payment Type: New Tax Return Amount Due

2024-02-03 23:44:12 - [TEST_STEP][PASSED] - logInfo("Tax Type: " + TaxType): Tax Type: Tire Recycling Fee

2024-02-03 23:44:12 - [MESSAGE][INFO] - Tax Type: Tire Recycling Fee

2024-02-03 23:44:12 - [TEST_STEP][PASSED] - openBrowser(""): Browser is opened with url: ''

2024-02-03 23:44:12 - [MESSAGE][WARNING] - A browser is already opened. Closing browser and opening a new one

2024-02-03 23:44:13 - [MESSAGE][INFO] - Starting 'Chrome' driver

2024-02-03 23:44:13 - [MESSAGE][INFO] - User set preference: ['acceptInsecureCerts', 'true']

2024-02-03 23:44:13 - [MESSAGE][INFO] - Action delay is set to 0 milliseconds

2024-02-03 23:44:15 - [MESSAGE][PASSED] - Browser is opened with url: ''

2024-02-03 23:44:15 - [TEST_STEP][PASSED] - maximizeWindow(): Current window maximized

2024-02-03 23:44:15 - [MESSAGE][PASSED] - Current window maximized

2024-02-03 23:44:15 - [TEST_STEP][PASSED] - navigateToUrl(RADurl): Navigate to 'https://qa2.velocitypayment.com/client/rad/index.html' successfully

2024-02-03 23:44:17 - [MESSAGE][PASSED] - Navigate to 'https://qa2.velocitypayment.com/client/rad/index.html' successfully

2024-02-03 23:44:17 - [TEST_STEP][PASSED] - selectOptionByLabel(findTestObject(orPath_Landing + "/dd_TaxType"), "New Tax Return Amount Due", false): All options with label 'New Tax Return Amount Due' are selected in object 'Object Repository/RAD_Pages/Landing_Page/dd_TaxType' 

2024-02-03 23:44:18 - [MESSAGE][PASSED] - All options with label 'New Tax Return Amount Due' are selected in object 'Object Repository/RAD_Pages/Landing_Page/dd_TaxType' 

2024-02-03 23:44:18 - [TEST_STEP][PASSED] - selectOptionByLabel(findTestObject("Object Repository/RAD_Pages/Landing_Page/select_NewTaxReturnAmountDue_TaxType"), TaxType, false): All options with label 'Tire Recycling Fee' are selected in object 'Object Repository/RAD_Pages/Landing_Page/select_NewTaxReturnAmountDue_TaxType' 

2024-02-03 23:44:19 - [MESSAGE][PASSED] - All options with label 'Tire Recycling Fee' are selected in object 'Object Repository/RAD_Pages/Landing_Page/select_NewTaxReturnAmountDue_TaxType' 

2024-02-03 23:44:19 - [TEST_STEP][PASSED] - selectOptionByLabel(findTestObject(orPath_TaxTypeFilingYear + "/select_FilingYear"), FilingYear, false): All options with label '2023' are selected in object 'Object Repository/RAD_Pages/TaxTypeFilingYear_Page/select_FilingYear' 

2024-02-03 23:44:20 - [MESSAGE][PASSED] - All options with label '2023' are selected in object 'Object Repository/RAD_Pages/TaxTypeFilingYear_Page/select_FilingYear' 

2024-02-03 23:44:20 - [TEST_STEP][PASSED] - setText(findTestObject(orPath_TaxPayer + "/input_businessName"), " "): Text ' ' is set on object 'Object Repository/RAD_Pages/Taxpayer_Page/input_businessName'

2024-02-03 23:44:20 - [MESSAGE][PASSED] - Text ' ' is set on object 'Object Repository/RAD_Pages/Taxpayer_Page/input_businessName'

2024-02-03 23:44:20 - [TEST_STEP][PASSED] - setText(findTestObject(orPath_TaxPayer + "/input_BusinessRepfirstName"), " "): Text ' ' is set on object 'Object Repository/RAD_Pages/Taxpayer_Page/input_BusinessRepfirstName'

2024-02-03 23:44:21 - [MESSAGE][PASSED] - Text ' ' is set on object 'Object Repository/RAD_Pages/Taxpayer_Page/input_BusinessRepfirstName'

2024-02-03 23:44:21 - [TEST_STEP][PASSED] - setText(findTestObject(orPath_TaxPayer + "/input_BusinessReplastName"), " "): Text ' ' is set on object 'Object Repository/RAD_Pages/Taxpayer_Page/input_BusinessReplastName'

2024-02-03 23:44:22 - [MESSAGE][PASSED] - Text ' ' is set on object 'Object Repository/RAD_Pages/Taxpayer_Page/input_BusinessReplastName'

2024-02-03 23:44:22 - [TEST_STEP][PASSED] - setText(findTestObject(orPath_AddressContact + "/input_streetAddress1"), " "): Text ' ' is set on object 'Object Repository/RAD_Pages/AddressAndContactInfo_Page/input_streetAddress1'

2024-02-03 23:44:23 - [MESSAGE][PASSED] - Text ' ' is set on object 'Object Repository/RAD_Pages/AddressAndContactInfo_Page/input_streetAddress1'

2024-02-03 23:44:23 - [TEST_STEP][PASSED] - setText(findTestObject(orPath_AddressContact + "/input_city"), " "): Text ' ' is set on object 'Object Repository/RAD_Pages/AddressAndContactInfo_Page/input_city'

2024-02-03 23:44:23 - [MESSAGE][PASSED] - Text ' ' is set on object 'Object Repository/RAD_Pages/AddressAndContactInfo_Page/input_city'

2024-02-03 23:44:23 - [TEST_STEP][PASSED] - setText(findTestObject(orPath_AddressContact + "/input_zipCode"), " "): Text ' ' is set on object 'Object Repository/RAD_Pages/AddressAndContactInfo_Page/input_zipCode'

2024-02-03 23:44:24 - [MESSAGE][PASSED] - Text ' ' is set on object 'Object Repository/RAD_Pages/AddressAndContactInfo_Page/input_zipCode'

2024-02-03 23:44:24 - [TEST_STEP][PASSED] - setText(findTestObject(orPath_AddressContact + "/input_phoneNumber"), " "): Text ' ' is set on object 'Object Repository/RAD_Pages/AddressAndContactInfo_Page/input_phoneNumber'

2024-02-03 23:44:25 - [MESSAGE][PASSED] - Text ' ' is set on object 'Object Repository/RAD_Pages/AddressAndContactInfo_Page/input_phoneNumber'

2024-02-03 23:44:25 - [TEST_STEP][PASSED] - setText(findTestObject(orPath_AddressContact + "/input_eMailAddress"), " "): Text ' ' is set on object 'Object Repository/RAD_Pages/AddressAndContactInfo_Page/input_eMailAddress'

2024-02-03 23:44:26 - [MESSAGE][PASSED] - Text ' ' is set on object 'Object Repository/RAD_Pages/AddressAndContactInfo_Page/input_eMailAddress'

2024-02-03 23:44:26 - [TEST_STEP][PASSED] - setText(findTestObject(orPath_AddressContact + "/input_reEnterEMailAddress"), " "): Text ' ' is set on object 'Object Repository/RAD_Pages/AddressAndContactInfo_Page/input_reEnterEMailAddress'

2024-02-03 23:44:27 - [MESSAGE][PASSED] - Text ' ' is set on object 'Object Repository/RAD_Pages/AddressAndContactInfo_Page/input_reEnterEMailAddress'

2024-02-03 23:44:27 - [TEST_STEP][PASSED] - if (TaxType.equalsIgnoreCase("Estate Tax")): null

2024-02-03 23:44:27 - [TEST_STEP][PASSED] - setText(findTestObject(orPath_Amount + "/input__paymentAmount"), ""): Text '' is set on object 'Object Repository/RAD_Pages/PaymentAmount_Page/input__paymentAmount'

2024-02-03 23:44:28 - [MESSAGE][PASSED] - Text '' is set on object 'Object Repository/RAD_Pages/PaymentAmount_Page/input__paymentAmount'

2024-02-03 23:44:28 - [TEST_STEP][PASSED] - resText = "Fail": null

2024-02-03 23:44:28 - [TEST_STEP][PASSED] - pages.WriteExcel.demoKey(resText, datText, resColumn, datCloumn, fileLoc, nameSheet, row): pages.WriteExcel.demoKey is PASSED

2024-02-03 23:44:28 - [MESSAGE][PASSED] - pages.WriteExcel.demoKey is PASSED

2024-02-03 23:44:28 - [TEST_STEP][PASSED] - verifyTextPresent("Enter business name", true, CONTINUE_ON_FAILURE): Text 'Enter business name' is present on page  using regular expression

2024-02-03 23:44:28 - [MESSAGE][PASSED] - Text 'Enter business name' is present on page  using regular expression

2024-02-03 23:44:28 - [TEST_STEP][PASSED] - verifyTextPresent("Enter business rep first name", true, CONTINUE_ON_FAILURE): Text 'Enter business rep first name' is present on page  using regular expression

2024-02-03 23:44:29 - [MESSAGE][PASSED] - Text 'Enter business rep first name' is present on page  using regular expression

2024-02-03 23:44:29 - [TEST_STEP][PASSED] - verifyTextPresent("Enter business rep last name", true, CONTINUE_ON_FAILURE): Text 'Enter business rep last name' is present on page  using regular expression

2024-02-03 23:44:29 - [MESSAGE][PASSED] - Text 'Enter business rep last name' is present on page  using regular expression

2024-02-03 23:44:29 - [TEST_STEP][PASSED] - verifyTextPresent("Enter address", true, CONTINUE_ON_FAILURE): Text 'Enter address' is present on page  using regular expression

2024-02-03 23:44:29 - [MESSAGE][PASSED] - Text 'Enter address' is present on page  using regular expression

2024-02-03 23:44:29 - [TEST_STEP][PASSED] - verifyTextPresent("Enter city", true, CONTINUE_ON_FAILURE): Text 'Enter city' is present on page  using regular expression

2024-02-03 23:44:30 - [MESSAGE][PASSED] - Text 'Enter city' is present on page  using regular expression

2024-02-03 23:44:30 - [TEST_STEP][PASSED] - verifyTextPresent("Enter ZIP code", true, CONTINUE_ON_FAILURE): Text 'Enter ZIP code' is present on page  using regular expression

2024-02-03 23:44:30 - [MESSAGE][PASSED] - Text 'Enter ZIP code' is present on page  using regular expression

2024-02-03 23:44:30 - [TEST_STEP][PASSED] - verifyTextPresent("Enter a valid phone number", true, CONTINUE_ON_FAILURE): Text 'Enter a valid phone number' is present on page  using regular expression

2024-02-03 23:44:30 - [MESSAGE][PASSED] - Text 'Enter a valid phone number' is present on page  using regular expression

2024-02-03 23:44:30 - [TEST_STEP][PASSED] - verifyTextPresent("Enter Email", true, CONTINUE_ON_FAILURE): Text 'Enter Email' is present on page  using regular expression

2024-02-03 23:44:31 - [MESSAGE][PASSED] - Text 'Enter Email' is present on page  using regular expression

2024-02-03 23:44:31 - [TEST_STEP][PASSED] - if (TaxType.equalsIgnoreCase("Estate Tax")): null

2024-02-03 23:44:31 - [TEST_STEP][PASSED] - resText = "Pass": null

2024-02-03 23:44:31 - [TEST_STEP][PASSED] - pages.WriteExcel.demoKey(resText, datText, resColumn, datCloumn, fileLoc, nameSheet, row): pages.WriteExcel.demoKey is PASSED

2024-02-03 23:44:31 - [MESSAGE][PASSED] - pages.WriteExcel.demoKey is PASSED

2024-02-03 23:44:31 - [TEST_STEP][PASSED] - ExecuteTC = findTestData(dataFile).getValue("Execute", row): null

2024-02-03 23:44:31 - [TEST_STEP][PASSED] - TaxType = findTestData(dataFile).getValue("TaxType", row): null

2024-02-03 23:44:31 - [TEST_STEP][PASSED] - PaymentType = findTestData(dataFile).getValue("PaymentType", row): null

2024-02-03 23:44:31 - [TEST_STEP][PASSED] - FilingYear = findTestData(dataFile).getValue("Year", row): null

2024-02-03 23:44:31 - [TEST_STEP][PASSED] - feinSSN = findTestData(dataFile).getValue("FeinSsn", row): null

2024-02-03 23:44:31 - [TEST_STEP][PASSED] - if (ExecuteTC.equalsIgnoreCase("Y")): pages.WriteExcel.demoKey is PASSED

2024-02-03 23:44:31 - [TEST_STEP][PASSED] - out.println("Begin Record Number: " + row): null

2024-02-03 23:44:31 - [TEST_STEP][PASSED] - today = new java.util.Date(): null

2024-02-03 23:44:31 - [TEST_STEP][PASSED] - println(today): null

2024-02-03 23:44:31 - [TEST_STEP][PASSED] - datText = today: null

2024-02-03 23:44:31 - [TEST_STEP][PASSED] - logInfo("Payment Type: New Tax Return Amount Due"): Payment Type: New Tax Return Amount Due

2024-02-03 23:44:31 - [MESSAGE][INFO] - Payment Type: New Tax Return Amount Due

2024-02-03 23:44:31 - [TEST_STEP][PASSED] - logInfo("Tax Type: " + TaxType): Tax Type: Tobacco Tax

2024-02-03 23:44:31 - [MESSAGE][INFO] - Tax Type: Tobacco Tax

2024-02-03 23:44:31 - [TEST_STEP][PASSED] - openBrowser(""): Browser is opened with url: ''

2024-02-03 23:44:31 - [MESSAGE][WARNING] - A browser is already opened. Closing browser and opening a new one

2024-02-03 23:44:32 - [MESSAGE][INFO] - Starting 'Chrome' driver

2024-02-03 23:44:32 - [MESSAGE][INFO] - User set preference: ['acceptInsecureCerts', 'true']

2024-02-03 23:44:32 - [MESSAGE][INFO] - Action delay is set to 0 milliseconds

2024-02-03 23:44:34 - [MESSAGE][PASSED] - Browser is opened with url: ''

2024-02-03 23:44:34 - [TEST_STEP][PASSED] - maximizeWindow(): Current window maximized

2024-02-03 23:44:34 - [MESSAGE][PASSED] - Current window maximized

2024-02-03 23:44:34 - [TEST_STEP][PASSED] - navigateToUrl(RADurl): Navigate to 'https://qa2.velocitypayment.com/client/rad/index.html' successfully

2024-02-03 23:44:35 - [MESSAGE][PASSED] - Navigate to 'https://qa2.velocitypayment.com/client/rad/index.html' successfully

2024-02-03 23:44:35 - [TEST_STEP][PASSED] - selectOptionByLabel(findTestObject(orPath_Landing + "/dd_TaxType"), "New Tax Return Amount Due", false): All options with label 'New Tax Return Amount Due' are selected in object 'Object Repository/RAD_Pages/Landing_Page/dd_TaxType' 

2024-02-03 23:44:39 - [MESSAGE][PASSED] - All options with label 'New Tax Return Amount Due' are selected in object 'Object Repository/RAD_Pages/Landing_Page/dd_TaxType' 

2024-02-03 23:44:39 - [TEST_STEP][PASSED] - selectOptionByLabel(findTestObject("Object Repository/RAD_Pages/Landing_Page/select_NewTaxReturnAmountDue_TaxType"), TaxType, false): All options with label 'Tobacco Tax' are selected in object 'Object Repository/RAD_Pages/Landing_Page/select_NewTaxReturnAmountDue_TaxType' 

2024-02-03 23:44:39 - [MESSAGE][PASSED] - All options with label 'Tobacco Tax' are selected in object 'Object Repository/RAD_Pages/Landing_Page/select_NewTaxReturnAmountDue_TaxType' 

2024-02-03 23:44:39 - [TEST_STEP][PASSED] - selectOptionByLabel(findTestObject(orPath_TaxTypeFilingYear + "/select_FilingYear"), FilingYear, false): All options with label '2023' are selected in object 'Object Repository/RAD_Pages/TaxTypeFilingYear_Page/select_FilingYear' 

2024-02-03 23:44:40 - [MESSAGE][PASSED] - All options with label '2023' are selected in object 'Object Repository/RAD_Pages/TaxTypeFilingYear_Page/select_FilingYear' 

2024-02-03 23:44:40 - [TEST_STEP][PASSED] - setText(findTestObject(orPath_TaxPayer + "/input_businessName"), " "): Text ' ' is set on object 'Object Repository/RAD_Pages/Taxpayer_Page/input_businessName'

2024-02-03 23:44:41 - [MESSAGE][PASSED] - Text ' ' is set on object 'Object Repository/RAD_Pages/Taxpayer_Page/input_businessName'

2024-02-03 23:44:41 - [TEST_STEP][PASSED] - setText(findTestObject(orPath_TaxPayer + "/input_BusinessRepfirstName"), " "): Text ' ' is set on object 'Object Repository/RAD_Pages/Taxpayer_Page/input_BusinessRepfirstName'

2024-02-03 23:44:42 - [MESSAGE][PASSED] - Text ' ' is set on object 'Object Repository/RAD_Pages/Taxpayer_Page/input_BusinessRepfirstName'

2024-02-03 23:44:42 - [TEST_STEP][PASSED] - setText(findTestObject(orPath_TaxPayer + "/input_BusinessReplastName"), " "): Text ' ' is set on object 'Object Repository/RAD_Pages/Taxpayer_Page/input_BusinessReplastName'

2024-02-03 23:44:42 - [MESSAGE][PASSED] - Text ' ' is set on object 'Object Repository/RAD_Pages/Taxpayer_Page/input_BusinessReplastName'

2024-02-03 23:44:42 - [TEST_STEP][PASSED] - setText(findTestObject(orPath_AddressContact + "/input_streetAddress1"), " "): Text ' ' is set on object 'Object Repository/RAD_Pages/AddressAndContactInfo_Page/input_streetAddress1'

2024-02-03 23:44:43 - [MESSAGE][PASSED] - Text ' ' is set on object 'Object Repository/RAD_Pages/AddressAndContactInfo_Page/input_streetAddress1'

2024-02-03 23:44:43 - [TEST_STEP][PASSED] - setText(findTestObject(orPath_AddressContact + "/input_city"), " "): Text ' ' is set on object 'Object Repository/RAD_Pages/AddressAndContactInfo_Page/input_city'

2024-02-03 23:44:44 - [MESSAGE][PASSED] - Text ' ' is set on object 'Object Repository/RAD_Pages/AddressAndContactInfo_Page/input_city'

2024-02-03 23:44:44 - [TEST_STEP][PASSED] - setText(findTestObject(orPath_AddressContact + "/input_zipCode"), " "): Text ' ' is set on object 'Object Repository/RAD_Pages/AddressAndContactInfo_Page/input_zipCode'

2024-02-03 23:44:45 - [MESSAGE][PASSED] - Text ' ' is set on object 'Object Repository/RAD_Pages/AddressAndContactInfo_Page/input_zipCode'

2024-02-03 23:44:45 - [TEST_STEP][PASSED] - setText(findTestObject(orPath_AddressContact + "/input_phoneNumber"), " "): Text ' ' is set on object 'Object Repository/RAD_Pages/AddressAndContactInfo_Page/input_phoneNumber'

2024-02-03 23:44:45 - [MESSAGE][PASSED] - Text ' ' is set on object 'Object Repository/RAD_Pages/AddressAndContactInfo_Page/input_phoneNumber'

2024-02-03 23:44:45 - [TEST_STEP][PASSED] - setText(findTestObject(orPath_AddressContact + "/input_eMailAddress"), " "): Text ' ' is set on object 'Object Repository/RAD_Pages/AddressAndContactInfo_Page/input_eMailAddress'

2024-02-03 23:44:46 - [MESSAGE][PASSED] - Text ' ' is set on object 'Object Repository/RAD_Pages/AddressAndContactInfo_Page/input_eMailAddress'

2024-02-03 23:44:46 - [TEST_STEP][PASSED] - setText(findTestObject(orPath_AddressContact + "/input_reEnterEMailAddress"), " "): Text ' ' is set on object 'Object Repository/RAD_Pages/AddressAndContactInfo_Page/input_reEnterEMailAddress'

2024-02-03 23:44:47 - [MESSAGE][PASSED] - Text ' ' is set on object 'Object Repository/RAD_Pages/AddressAndContactInfo_Page/input_reEnterEMailAddress'

2024-02-03 23:44:47 - [TEST_STEP][PASSED] - if (TaxType.equalsIgnoreCase("Estate Tax")): null

2024-02-03 23:44:47 - [TEST_STEP][PASSED] - setText(findTestObject(orPath_Amount + "/input__paymentAmount"), ""): Text '' is set on object 'Object Repository/RAD_Pages/PaymentAmount_Page/input__paymentAmount'

2024-02-03 23:44:48 - [MESSAGE][PASSED] - Text '' is set on object 'Object Repository/RAD_Pages/PaymentAmount_Page/input__paymentAmount'

2024-02-03 23:44:48 - [TEST_STEP][PASSED] - resText = "Fail": null

2024-02-03 23:44:48 - [TEST_STEP][PASSED] - pages.WriteExcel.demoKey(resText, datText, resColumn, datCloumn, fileLoc, nameSheet, row): pages.WriteExcel.demoKey is PASSED

2024-02-03 23:44:48 - [MESSAGE][PASSED] - pages.WriteExcel.demoKey is PASSED

2024-02-03 23:44:48 - [TEST_STEP][PASSED] - verifyTextPresent("Enter business name", true, CONTINUE_ON_FAILURE): Text 'Enter business name' is present on page  using regular expression

2024-02-03 23:44:49 - [MESSAGE][PASSED] - Text 'Enter business name' is present on page  using regular expression

2024-02-03 23:44:49 - [TEST_STEP][PASSED] - verifyTextPresent("Enter business rep first name", true, CONTINUE_ON_FAILURE): Text 'Enter business rep first name' is present on page  using regular expression

2024-02-03 23:44:49 - [MESSAGE][PASSED] - Text 'Enter business rep first name' is present on page  using regular expression

2024-02-03 23:44:49 - [TEST_STEP][PASSED] - verifyTextPresent("Enter business rep last name", true, CONTINUE_ON_FAILURE): Text 'Enter business rep last name' is present on page  using regular expression

2024-02-03 23:44:50 - [MESSAGE][PASSED] - Text 'Enter business rep last name' is present on page  using regular expression

2024-02-03 23:44:50 - [TEST_STEP][PASSED] - verifyTextPresent("Enter address", true, CONTINUE_ON_FAILURE): Text 'Enter address' is present on page  using regular expression

2024-02-03 23:44:50 - [MESSAGE][PASSED] - Text 'Enter address' is present on page  using regular expression

2024-02-03 23:44:50 - [TEST_STEP][PASSED] - verifyTextPresent("Enter city", true, CONTINUE_ON_FAILURE): Text 'Enter city' is present on page  using regular expression

2024-02-03 23:44:51 - [MESSAGE][PASSED] - Text 'Enter city' is present on page  using regular expression

2024-02-03 23:44:51 - [TEST_STEP][PASSED] - verifyTextPresent("Enter ZIP code", true, CONTINUE_ON_FAILURE): Text 'Enter ZIP code' is present on page  using regular expression

2024-02-03 23:44:52 - [MESSAGE][PASSED] - Text 'Enter ZIP code' is present on page  using regular expression

2024-02-03 23:44:52 - [TEST_STEP][PASSED] - verifyTextPresent("Enter a valid phone number", true, CONTINUE_ON_FAILURE): Text 'Enter a valid phone number' is present on page  using regular expression

2024-02-03 23:44:52 - [MESSAGE][PASSED] - Text 'Enter a valid phone number' is present on page  using regular expression

2024-02-03 23:44:52 - [TEST_STEP][PASSED] - verifyTextPresent("Enter Email", true, CONTINUE_ON_FAILURE): Text 'Enter Email' is present on page  using regular expression

2024-02-03 23:44:52 - [MESSAGE][PASSED] - Text 'Enter Email' is present on page  using regular expression

2024-02-03 23:44:52 - [TEST_STEP][PASSED] - if (TaxType.equalsIgnoreCase("Estate Tax")): null

2024-02-03 23:44:52 - [TEST_STEP][PASSED] - resText = "Pass": null

2024-02-03 23:44:52 - [TEST_STEP][PASSED] - pages.WriteExcel.demoKey(resText, datText, resColumn, datCloumn, fileLoc, nameSheet, row): pages.WriteExcel.demoKey is PASSED

2024-02-03 23:44:53 - [MESSAGE][PASSED] - pages.WriteExcel.demoKey is PASSED

2024-02-03 23:44:53 - [TEST_STEP][PASSED] - ExecuteTC = findTestData(dataFile).getValue("Execute", row): null

2024-02-03 23:44:53 - [TEST_STEP][PASSED] - TaxType = findTestData(dataFile).getValue("TaxType", row): null

2024-02-03 23:44:53 - [TEST_STEP][PASSED] - PaymentType = findTestData(dataFile).getValue("PaymentType", row): null

2024-02-03 23:44:53 - [TEST_STEP][PASSED] - FilingYear = findTestData(dataFile).getValue("Year", row): null

2024-02-03 23:44:53 - [TEST_STEP][PASSED] - feinSSN = findTestData(dataFile).getValue("FeinSsn", row): null

2024-02-03 23:44:53 - [TEST_STEP][PASSED] - if (ExecuteTC.equalsIgnoreCase("Y")): pages.WriteExcel.demoKey is PASSED

2024-02-03 23:44:53 - [TEST_STEP][PASSED] - out.println("Begin Record Number: " + row): null

2024-02-03 23:44:53 - [TEST_STEP][PASSED] - today = new java.util.Date(): null

2024-02-03 23:44:53 - [TEST_STEP][PASSED] - println(today): null

2024-02-03 23:44:53 - [TEST_STEP][PASSED] - datText = today: null

2024-02-03 23:44:53 - [TEST_STEP][PASSED] - logInfo("Payment Type: New Tax Return Amount Due"): Payment Type: New Tax Return Amount Due

2024-02-03 23:44:53 - [MESSAGE][INFO] - Payment Type: New Tax Return Amount Due

2024-02-03 23:44:53 - [TEST_STEP][PASSED] - logInfo("Tax Type: " + TaxType): Tax Type: Transportation Network Services

2024-02-03 23:44:53 - [MESSAGE][INFO] - Tax Type: Transportation Network Services

2024-02-03 23:44:53 - [TEST_STEP][PASSED] - openBrowser(""): Browser is opened with url: ''

2024-02-03 23:44:53 - [MESSAGE][WARNING] - A browser is already opened. Closing browser and opening a new one

2024-02-03 23:44:54 - [MESSAGE][INFO] - Starting 'Chrome' driver

2024-02-03 23:44:54 - [MESSAGE][INFO] - User set preference: ['acceptInsecureCerts', 'true']

2024-02-03 23:44:54 - [MESSAGE][INFO] - Action delay is set to 0 milliseconds

2024-02-03 23:44:56 - [MESSAGE][PASSED] - Browser is opened with url: ''

2024-02-03 23:44:56 - [TEST_STEP][PASSED] - maximizeWindow(): Current window maximized

2024-02-03 23:44:56 - [MESSAGE][PASSED] - Current window maximized

2024-02-03 23:44:56 - [TEST_STEP][PASSED] - navigateToUrl(RADurl): Navigate to 'https://qa2.velocitypayment.com/client/rad/index.html' successfully

2024-02-03 23:44:56 - [MESSAGE][PASSED] - Navigate to 'https://qa2.velocitypayment.com/client/rad/index.html' successfully

2024-02-03 23:44:56 - [TEST_STEP][PASSED] - selectOptionByLabel(findTestObject(orPath_Landing + "/dd_TaxType"), "New Tax Return Amount Due", false): All options with label 'New Tax Return Amount Due' are selected in object 'Object Repository/RAD_Pages/Landing_Page/dd_TaxType' 

2024-02-03 23:45:00 - [MESSAGE][PASSED] - All options with label 'New Tax Return Amount Due' are selected in object 'Object Repository/RAD_Pages/Landing_Page/dd_TaxType' 

2024-02-03 23:45:00 - [TEST_STEP][PASSED] - selectOptionByLabel(findTestObject("Object Repository/RAD_Pages/Landing_Page/select_NewTaxReturnAmountDue_TaxType"), TaxType, false): All options with label 'Transportation Network Services' are selected in object 'Object Repository/RAD_Pages/Landing_Page/select_NewTaxReturnAmountDue_TaxType' 

2024-02-03 23:45:00 - [MESSAGE][PASSED] - All options with label 'Transportation Network Services' are selected in object 'Object Repository/RAD_Pages/Landing_Page/select_NewTaxReturnAmountDue_TaxType' 

2024-02-03 23:45:00 - [TEST_STEP][PASSED] - selectOptionByLabel(findTestObject(orPath_TaxTypeFilingYear + "/select_FilingYear"), FilingYear, false): All options with label '2023' are selected in object 'Object Repository/RAD_Pages/TaxTypeFilingYear_Page/select_FilingYear' 

2024-02-03 23:45:01 - [MESSAGE][PASSED] - All options with label '2023' are selected in object 'Object Repository/RAD_Pages/TaxTypeFilingYear_Page/select_FilingYear' 

2024-02-03 23:45:01 - [TEST_STEP][PASSED] - setText(findTestObject(orPath_TaxPayer + "/input_businessName"), " "): Text ' ' is set on object 'Object Repository/RAD_Pages/Taxpayer_Page/input_businessName'

2024-02-03 23:45:02 - [MESSAGE][PASSED] - Text ' ' is set on object 'Object Repository/RAD_Pages/Taxpayer_Page/input_businessName'

2024-02-03 23:45:02 - [TEST_STEP][PASSED] - setText(findTestObject(orPath_TaxPayer + "/input_BusinessRepfirstName"), " "): Text ' ' is set on object 'Object Repository/RAD_Pages/Taxpayer_Page/input_BusinessRepfirstName'

2024-02-03 23:45:03 - [MESSAGE][PASSED] - Text ' ' is set on object 'Object Repository/RAD_Pages/Taxpayer_Page/input_BusinessRepfirstName'

2024-02-03 23:45:03 - [TEST_STEP][PASSED] - setText(findTestObject(orPath_TaxPayer + "/input_BusinessReplastName"), " "): Text ' ' is set on object 'Object Repository/RAD_Pages/Taxpayer_Page/input_BusinessReplastName'

2024-02-03 23:45:03 - [MESSAGE][PASSED] - Text ' ' is set on object 'Object Repository/RAD_Pages/Taxpayer_Page/input_BusinessReplastName'

2024-02-03 23:45:03 - [TEST_STEP][PASSED] - setText(findTestObject(orPath_AddressContact + "/input_streetAddress1"), " "): Text ' ' is set on object 'Object Repository/RAD_Pages/AddressAndContactInfo_Page/input_streetAddress1'

2024-02-03 23:45:04 - [MESSAGE][PASSED] - Text ' ' is set on object 'Object Repository/RAD_Pages/AddressAndContactInfo_Page/input_streetAddress1'

2024-02-03 23:45:04 - [TEST_STEP][PASSED] - setText(findTestObject(orPath_AddressContact + "/input_city"), " "): Text ' ' is set on object 'Object Repository/RAD_Pages/AddressAndContactInfo_Page/input_city'

2024-02-03 23:45:05 - [MESSAGE][PASSED] - Text ' ' is set on object 'Object Repository/RAD_Pages/AddressAndContactInfo_Page/input_city'

2024-02-03 23:45:05 - [TEST_STEP][PASSED] - setText(findTestObject(orPath_AddressContact + "/input_zipCode"), " "): Text ' ' is set on object 'Object Repository/RAD_Pages/AddressAndContactInfo_Page/input_zipCode'

2024-02-03 23:45:06 - [MESSAGE][PASSED] - Text ' ' is set on object 'Object Repository/RAD_Pages/AddressAndContactInfo_Page/input_zipCode'

2024-02-03 23:45:06 - [TEST_STEP][PASSED] - setText(findTestObject(orPath_AddressContact + "/input_phoneNumber"), " "): Text ' ' is set on object 'Object Repository/RAD_Pages/AddressAndContactInfo_Page/input_phoneNumber'

2024-02-03 23:45:07 - [MESSAGE][PASSED] - Text ' ' is set on object 'Object Repository/RAD_Pages/AddressAndContactInfo_Page/input_phoneNumber'

2024-02-03 23:45:07 - [TEST_STEP][PASSED] - setText(findTestObject(orPath_AddressContact + "/input_eMailAddress"), " "): Text ' ' is set on object 'Object Repository/RAD_Pages/AddressAndContactInfo_Page/input_eMailAddress'

2024-02-03 23:45:08 - [MESSAGE][PASSED] - Text ' ' is set on object 'Object Repository/RAD_Pages/AddressAndContactInfo_Page/input_eMailAddress'

2024-02-03 23:45:08 - [TEST_STEP][PASSED] - setText(findTestObject(orPath_AddressContact + "/input_reEnterEMailAddress"), " "): Text ' ' is set on object 'Object Repository/RAD_Pages/AddressAndContactInfo_Page/input_reEnterEMailAddress'

2024-02-03 23:45:08 - [MESSAGE][PASSED] - Text ' ' is set on object 'Object Repository/RAD_Pages/AddressAndContactInfo_Page/input_reEnterEMailAddress'

2024-02-03 23:45:08 - [TEST_STEP][PASSED] - if (TaxType.equalsIgnoreCase("Estate Tax")): null

2024-02-03 23:45:08 - [TEST_STEP][PASSED] - setText(findTestObject(orPath_Amount + "/input__paymentAmount"), ""): Text '' is set on object 'Object Repository/RAD_Pages/PaymentAmount_Page/input__paymentAmount'

2024-02-03 23:45:09 - [MESSAGE][PASSED] - Text '' is set on object 'Object Repository/RAD_Pages/PaymentAmount_Page/input__paymentAmount'

2024-02-03 23:45:09 - [TEST_STEP][PASSED] - resText = "Fail": null

2024-02-03 23:45:09 - [TEST_STEP][PASSED] - pages.WriteExcel.demoKey(resText, datText, resColumn, datCloumn, fileLoc, nameSheet, row): pages.WriteExcel.demoKey is PASSED

2024-02-03 23:45:09 - [MESSAGE][PASSED] - pages.WriteExcel.demoKey is PASSED

2024-02-03 23:45:09 - [TEST_STEP][PASSED] - verifyTextPresent("Enter business name", true, CONTINUE_ON_FAILURE): Text 'Enter business name' is present on page  using regular expression

2024-02-03 23:45:10 - [MESSAGE][PASSED] - Text 'Enter business name' is present on page  using regular expression

2024-02-03 23:45:10 - [TEST_STEP][PASSED] - verifyTextPresent("Enter business rep first name", true, CONTINUE_ON_FAILURE): Text 'Enter business rep first name' is present on page  using regular expression

2024-02-03 23:45:10 - [MESSAGE][PASSED] - Text 'Enter business rep first name' is present on page  using regular expression

2024-02-03 23:45:10 - [TEST_STEP][PASSED] - verifyTextPresent("Enter business rep last name", true, CONTINUE_ON_FAILURE): Text 'Enter business rep last name' is present on page  using regular expression

2024-02-03 23:45:11 - [MESSAGE][PASSED] - Text 'Enter business rep last name' is present on page  using regular expression

2024-02-03 23:45:11 - [TEST_STEP][PASSED] - verifyTextPresent("Enter address", true, CONTINUE_ON_FAILURE): Text 'Enter address' is present on page  using regular expression

2024-02-03 23:45:11 - [MESSAGE][PASSED] - Text 'Enter address' is present on page  using regular expression

2024-02-03 23:45:11 - [TEST_STEP][PASSED] - verifyTextPresent("Enter city", true, CONTINUE_ON_FAILURE): Text 'Enter city' is present on page  using regular expression

2024-02-03 23:45:12 - [MESSAGE][PASSED] - Text 'Enter city' is present on page  using regular expression

2024-02-03 23:45:12 - [TEST_STEP][PASSED] - verifyTextPresent("Enter ZIP code", true, CONTINUE_ON_FAILURE): Text 'Enter ZIP code' is present on page  using regular expression

2024-02-03 23:45:12 - [MESSAGE][PASSED] - Text 'Enter ZIP code' is present on page  using regular expression

2024-02-03 23:45:12 - [TEST_STEP][PASSED] - verifyTextPresent("Enter a valid phone number", true, CONTINUE_ON_FAILURE): Text 'Enter a valid phone number' is present on page  using regular expression

2024-02-03 23:45:12 - [MESSAGE][PASSED] - Text 'Enter a valid phone number' is present on page  using regular expression

2024-02-03 23:45:12 - [TEST_STEP][PASSED] - verifyTextPresent("Enter Email", true, CONTINUE_ON_FAILURE): Text 'Enter Email' is present on page  using regular expression

2024-02-03 23:45:13 - [MESSAGE][PASSED] - Text 'Enter Email' is present on page  using regular expression

2024-02-03 23:45:13 - [TEST_STEP][PASSED] - if (TaxType.equalsIgnoreCase("Estate Tax")): null

2024-02-03 23:45:13 - [TEST_STEP][PASSED] - resText = "Pass": null

2024-02-03 23:45:13 - [TEST_STEP][PASSED] - pages.WriteExcel.demoKey(resText, datText, resColumn, datCloumn, fileLoc, nameSheet, row): pages.WriteExcel.demoKey is PASSED

2024-02-03 23:45:13 - [MESSAGE][PASSED] - pages.WriteExcel.demoKey is PASSED

2024-02-03 23:45:13 - [TEST_STEP][PASSED] - ExecuteTC = findTestData(dataFile).getValue("Execute", row): null

2024-02-03 23:45:13 - [TEST_STEP][PASSED] - TaxType = findTestData(dataFile).getValue("TaxType", row): null

2024-02-03 23:45:13 - [TEST_STEP][PASSED] - PaymentType = findTestData(dataFile).getValue("PaymentType", row): null

2024-02-03 23:45:13 - [TEST_STEP][PASSED] - FilingYear = findTestData(dataFile).getValue("Year", row): null

2024-02-03 23:45:13 - [TEST_STEP][PASSED] - feinSSN = findTestData(dataFile).getValue("FeinSsn", row): null

2024-02-03 23:45:13 - [TEST_STEP][PASSED] - if (ExecuteTC.equalsIgnoreCase("Y")): pages.WriteExcel.demoKey is PASSED

2024-02-03 23:45:13 - [TEST_STEP][PASSED] - out.println("Begin Record Number: " + row): null

2024-02-03 23:45:13 - [TEST_STEP][PASSED] - today = new java.util.Date(): null

2024-02-03 23:45:13 - [TEST_STEP][PASSED] - println(today): null

2024-02-03 23:45:13 - [TEST_STEP][PASSED] - datText = today: null

2024-02-03 23:45:13 - [TEST_STEP][PASSED] - logInfo("Payment Type: New Tax Return Amount Due"): Payment Type: New Tax Return Amount Due

2024-02-03 23:45:13 - [MESSAGE][INFO] - Payment Type: New Tax Return Amount Due

2024-02-03 23:45:13 - [TEST_STEP][PASSED] - logInfo("Tax Type: " + TaxType): Tax Type: Unclaimed Property

2024-02-03 23:45:13 - [MESSAGE][INFO] - Tax Type: Unclaimed Property

2024-02-03 23:45:13 - [TEST_STEP][PASSED] - openBrowser(""): Browser is opened with url: ''

2024-02-03 23:45:13 - [MESSAGE][WARNING] - A browser is already opened. Closing browser and opening a new one

2024-02-03 23:45:15 - [MESSAGE][INFO] - Starting 'Chrome' driver

2024-02-03 23:45:15 - [MESSAGE][INFO] - User set preference: ['acceptInsecureCerts', 'true']

2024-02-03 23:45:15 - [MESSAGE][INFO] - Action delay is set to 0 milliseconds

2024-02-03 23:45:16 - [MESSAGE][PASSED] - Browser is opened with url: ''

2024-02-03 23:45:16 - [TEST_STEP][PASSED] - maximizeWindow(): Current window maximized

2024-02-03 23:45:17 - [MESSAGE][PASSED] - Current window maximized

2024-02-03 23:45:17 - [TEST_STEP][PASSED] - navigateToUrl(RADurl): Navigate to 'https://qa2.velocitypayment.com/client/rad/index.html' successfully

2024-02-03 23:45:19 - [MESSAGE][PASSED] - Navigate to 'https://qa2.velocitypayment.com/client/rad/index.html' successfully

2024-02-03 23:45:19 - [TEST_STEP][PASSED] - selectOptionByLabel(findTestObject(orPath_Landing + "/dd_TaxType"), "New Tax Return Amount Due", false): All options with label 'New Tax Return Amount Due' are selected in object 'Object Repository/RAD_Pages/Landing_Page/dd_TaxType' 

2024-02-03 23:45:20 - [MESSAGE][PASSED] - All options with label 'New Tax Return Amount Due' are selected in object 'Object Repository/RAD_Pages/Landing_Page/dd_TaxType' 

2024-02-03 23:45:20 - [TEST_STEP][PASSED] - selectOptionByLabel(findTestObject("Object Repository/RAD_Pages/Landing_Page/select_NewTaxReturnAmountDue_TaxType"), TaxType, false): All options with label 'Unclaimed Property' are selected in object 'Object Repository/RAD_Pages/Landing_Page/select_NewTaxReturnAmountDue_TaxType' 

2024-02-03 23:45:21 - [MESSAGE][PASSED] - All options with label 'Unclaimed Property' are selected in object 'Object Repository/RAD_Pages/Landing_Page/select_NewTaxReturnAmountDue_TaxType' 

2024-02-03 23:45:21 - [TEST_STEP][PASSED] - selectOptionByLabel(findTestObject(orPath_TaxTypeFilingYear + "/select_FilingYear"), FilingYear, false): All options with label '2023' are selected in object 'Object Repository/RAD_Pages/TaxTypeFilingYear_Page/select_FilingYear' 

2024-02-03 23:45:22 - [MESSAGE][PASSED] - All options with label '2023' are selected in object 'Object Repository/RAD_Pages/TaxTypeFilingYear_Page/select_FilingYear' 

2024-02-03 23:45:22 - [TEST_STEP][PASSED] - setText(findTestObject(orPath_TaxPayer + "/input_businessName"), " "): Text ' ' is set on object 'Object Repository/RAD_Pages/Taxpayer_Page/input_businessName'

2024-02-03 23:45:22 - [MESSAGE][PASSED] - Text ' ' is set on object 'Object Repository/RAD_Pages/Taxpayer_Page/input_businessName'

2024-02-03 23:45:22 - [TEST_STEP][PASSED] - setText(findTestObject(orPath_TaxPayer + "/input_BusinessRepfirstName"), " "): Text ' ' is set on object 'Object Repository/RAD_Pages/Taxpayer_Page/input_BusinessRepfirstName'

2024-02-03 23:45:23 - [MESSAGE][PASSED] - Text ' ' is set on object 'Object Repository/RAD_Pages/Taxpayer_Page/input_BusinessRepfirstName'

2024-02-03 23:45:23 - [TEST_STEP][PASSED] - setText(findTestObject(orPath_TaxPayer + "/input_BusinessReplastName"), " "): Text ' ' is set on object 'Object Repository/RAD_Pages/Taxpayer_Page/input_BusinessReplastName'

2024-02-03 23:45:24 - [MESSAGE][PASSED] - Text ' ' is set on object 'Object Repository/RAD_Pages/Taxpayer_Page/input_BusinessReplastName'

2024-02-03 23:45:24 - [TEST_STEP][PASSED] - setText(findTestObject(orPath_AddressContact + "/input_streetAddress1"), " "): Text ' ' is set on object 'Object Repository/RAD_Pages/AddressAndContactInfo_Page/input_streetAddress1'

2024-02-03 23:45:25 - [MESSAGE][PASSED] - Text ' ' is set on object 'Object Repository/RAD_Pages/AddressAndContactInfo_Page/input_streetAddress1'

2024-02-03 23:45:25 - [TEST_STEP][PASSED] - setText(findTestObject(orPath_AddressContact + "/input_city"), " "): Text ' ' is set on object 'Object Repository/RAD_Pages/AddressAndContactInfo_Page/input_city'

2024-02-03 23:45:25 - [MESSAGE][PASSED] - Text ' ' is set on object 'Object Repository/RAD_Pages/AddressAndContactInfo_Page/input_city'

2024-02-03 23:45:25 - [TEST_STEP][PASSED] - setText(findTestObject(orPath_AddressContact + "/input_zipCode"), " "): Text ' ' is set on object 'Object Repository/RAD_Pages/AddressAndContactInfo_Page/input_zipCode'

2024-02-03 23:45:26 - [MESSAGE][PASSED] - Text ' ' is set on object 'Object Repository/RAD_Pages/AddressAndContactInfo_Page/input_zipCode'

2024-02-03 23:45:26 - [TEST_STEP][PASSED] - setText(findTestObject(orPath_AddressContact + "/input_phoneNumber"), " "): Text ' ' is set on object 'Object Repository/RAD_Pages/AddressAndContactInfo_Page/input_phoneNumber'

2024-02-03 23:45:27 - [MESSAGE][PASSED] - Text ' ' is set on object 'Object Repository/RAD_Pages/AddressAndContactInfo_Page/input_phoneNumber'

2024-02-03 23:45:27 - [TEST_STEP][PASSED] - setText(findTestObject(orPath_AddressContact + "/input_eMailAddress"), " "): Text ' ' is set on object 'Object Repository/RAD_Pages/AddressAndContactInfo_Page/input_eMailAddress'

2024-02-03 23:45:28 - [MESSAGE][PASSED] - Text ' ' is set on object 'Object Repository/RAD_Pages/AddressAndContactInfo_Page/input_eMailAddress'

2024-02-03 23:45:28 - [TEST_STEP][PASSED] - setText(findTestObject(orPath_AddressContact + "/input_reEnterEMailAddress"), " "): Text ' ' is set on object 'Object Repository/RAD_Pages/AddressAndContactInfo_Page/input_reEnterEMailAddress'

2024-02-03 23:45:29 - [MESSAGE][PASSED] - Text ' ' is set on object 'Object Repository/RAD_Pages/AddressAndContactInfo_Page/input_reEnterEMailAddress'

2024-02-03 23:45:29 - [TEST_STEP][PASSED] - if (TaxType.equalsIgnoreCase("Estate Tax")): null

2024-02-03 23:45:29 - [TEST_STEP][PASSED] - setText(findTestObject(orPath_Amount + "/input__paymentAmount"), ""): Text '' is set on object 'Object Repository/RAD_Pages/PaymentAmount_Page/input__paymentAmount'

2024-02-03 23:45:29 - [MESSAGE][PASSED] - Text '' is set on object 'Object Repository/RAD_Pages/PaymentAmount_Page/input__paymentAmount'

2024-02-03 23:45:29 - [TEST_STEP][PASSED] - resText = "Fail": null

2024-02-03 23:45:29 - [TEST_STEP][PASSED] - pages.WriteExcel.demoKey(resText, datText, resColumn, datCloumn, fileLoc, nameSheet, row): pages.WriteExcel.demoKey is PASSED

2024-02-03 23:45:30 - [MESSAGE][PASSED] - pages.WriteExcel.demoKey is PASSED

2024-02-03 23:45:30 - [TEST_STEP][PASSED] - verifyTextPresent("Enter business name", true, CONTINUE_ON_FAILURE): Text 'Enter business name' is present on page  using regular expression

2024-02-03 23:45:30 - [MESSAGE][PASSED] - Text 'Enter business name' is present on page  using regular expression

2024-02-03 23:45:30 - [TEST_STEP][PASSED] - verifyTextPresent("Enter business rep first name", true, CONTINUE_ON_FAILURE): Text 'Enter business rep first name' is present on page  using regular expression

2024-02-03 23:45:30 - [MESSAGE][PASSED] - Text 'Enter business rep first name' is present on page  using regular expression

2024-02-03 23:45:30 - [TEST_STEP][PASSED] - verifyTextPresent("Enter business rep last name", true, CONTINUE_ON_FAILURE): Text 'Enter business rep last name' is present on page  using regular expression

2024-02-03 23:45:31 - [MESSAGE][PASSED] - Text 'Enter business rep last name' is present on page  using regular expression

2024-02-03 23:45:31 - [TEST_STEP][PASSED] - verifyTextPresent("Enter address", true, CONTINUE_ON_FAILURE): Text 'Enter address' is present on page  using regular expression

2024-02-03 23:45:31 - [MESSAGE][PASSED] - Text 'Enter address' is present on page  using regular expression

2024-02-03 23:45:31 - [TEST_STEP][PASSED] - verifyTextPresent("Enter city", true, CONTINUE_ON_FAILURE): Text 'Enter city' is present on page  using regular expression

2024-02-03 23:45:32 - [MESSAGE][PASSED] - Text 'Enter city' is present on page  using regular expression

2024-02-03 23:45:32 - [TEST_STEP][PASSED] - verifyTextPresent("Enter ZIP code", true, CONTINUE_ON_FAILURE): Text 'Enter ZIP code' is present on page  using regular expression

2024-02-03 23:45:32 - [MESSAGE][PASSED] - Text 'Enter ZIP code' is present on page  using regular expression

2024-02-03 23:45:32 - [TEST_STEP][PASSED] - verifyTextPresent("Enter a valid phone number", true, CONTINUE_ON_FAILURE): Text 'Enter a valid phone number' is present on page  using regular expression

2024-02-03 23:45:32 - [MESSAGE][PASSED] - Text 'Enter a valid phone number' is present on page  using regular expression

2024-02-03 23:45:32 - [TEST_STEP][PASSED] - verifyTextPresent("Enter Email", true, CONTINUE_ON_FAILURE): Text 'Enter Email' is present on page  using regular expression

2024-02-03 23:45:33 - [MESSAGE][PASSED] - Text 'Enter Email' is present on page  using regular expression

2024-02-03 23:45:33 - [TEST_STEP][PASSED] - if (TaxType.equalsIgnoreCase("Estate Tax")): null

2024-02-03 23:45:33 - [TEST_STEP][PASSED] - resText = "Pass": null

2024-02-03 23:45:33 - [TEST_STEP][PASSED] - pages.WriteExcel.demoKey(resText, datText, resColumn, datCloumn, fileLoc, nameSheet, row): pages.WriteExcel.demoKey is PASSED

2024-02-03 23:45:33 - [MESSAGE][PASSED] - pages.WriteExcel.demoKey is PASSED

2024-02-03 23:45:33 - [TEST_STEP][PASSED] - ExecuteTC = findTestData(dataFile).getValue("Execute", row): null

2024-02-03 23:45:33 - [TEST_STEP][PASSED] - TaxType = findTestData(dataFile).getValue("TaxType", row): null

2024-02-03 23:45:33 - [TEST_STEP][PASSED] - PaymentType = findTestData(dataFile).getValue("PaymentType", row): null

2024-02-03 23:45:33 - [TEST_STEP][PASSED] - FilingYear = findTestData(dataFile).getValue("Year", row): null

2024-02-03 23:45:33 - [TEST_STEP][PASSED] - feinSSN = findTestData(dataFile).getValue("FeinSsn", row): null

2024-02-03 23:45:33 - [TEST_STEP][PASSED] - if (ExecuteTC.equalsIgnoreCase("Y")): pages.WriteExcel.demoKey is PASSED

2024-02-03 23:45:33 - [TEST_STEP][PASSED] - out.println("Begin Record Number: " + row): null

2024-02-03 23:45:33 - [TEST_STEP][PASSED] - today = new java.util.Date(): null

2024-02-03 23:45:33 - [TEST_STEP][PASSED] - println(today): null

2024-02-03 23:45:33 - [TEST_STEP][PASSED] - datText = today: null

2024-02-03 23:45:33 - [TEST_STEP][PASSED] - logInfo("Payment Type: New Tax Return Amount Due"): Payment Type: New Tax Return Amount Due

2024-02-03 23:45:33 - [MESSAGE][INFO] - Payment Type: New Tax Return Amount Due

2024-02-03 23:45:33 - [TEST_STEP][PASSED] - logInfo("Tax Type: " + TaxType): Tax Type: Withholding Tax

2024-02-03 23:45:33 - [MESSAGE][INFO] - Tax Type: Withholding Tax

2024-02-03 23:45:33 - [TEST_STEP][PASSED] - openBrowser(""): Browser is opened with url: ''

2024-02-03 23:45:33 - [MESSAGE][WARNING] - A browser is already opened. Closing browser and opening a new one

2024-02-03 23:45:34 - [MESSAGE][INFO] - Starting 'Chrome' driver

2024-02-03 23:45:34 - [MESSAGE][INFO] - User set preference: ['acceptInsecureCerts', 'true']

2024-02-03 23:45:34 - [MESSAGE][INFO] - Action delay is set to 0 milliseconds

2024-02-03 23:45:36 - [MESSAGE][PASSED] - Browser is opened with url: ''

2024-02-03 23:45:36 - [TEST_STEP][PASSED] - maximizeWindow(): Current window maximized

2024-02-03 23:45:37 - [MESSAGE][PASSED] - Current window maximized

2024-02-03 23:45:37 - [TEST_STEP][PASSED] - navigateToUrl(RADurl): Navigate to 'https://qa2.velocitypayment.com/client/rad/index.html' successfully

2024-02-03 23:45:37 - [MESSAGE][PASSED] - Navigate to 'https://qa2.velocitypayment.com/client/rad/index.html' successfully

2024-02-03 23:45:37 - [TEST_STEP][PASSED] - selectOptionByLabel(findTestObject(orPath_Landing + "/dd_TaxType"), "New Tax Return Amount Due", false): All options with label 'New Tax Return Amount Due' are selected in object 'Object Repository/RAD_Pages/Landing_Page/dd_TaxType' 

2024-02-03 23:45:39 - [MESSAGE][PASSED] - All options with label 'New Tax Return Amount Due' are selected in object 'Object Repository/RAD_Pages/Landing_Page/dd_TaxType' 

2024-02-03 23:45:39 - [TEST_STEP][PASSED] - selectOptionByLabel(findTestObject("Object Repository/RAD_Pages/Landing_Page/select_NewTaxReturnAmountDue_TaxType"), TaxType, false): All options with label 'Withholding Tax' are selected in object 'Object Repository/RAD_Pages/Landing_Page/select_NewTaxReturnAmountDue_TaxType' 

2024-02-03 23:45:40 - [MESSAGE][PASSED] - All options with label 'Withholding Tax' are selected in object 'Object Repository/RAD_Pages/Landing_Page/select_NewTaxReturnAmountDue_TaxType' 

2024-02-03 23:45:40 - [TEST_STEP][PASSED] - selectOptionByLabel(findTestObject(orPath_TaxTypeFilingYear + "/select_FilingYear"), FilingYear, false): All options with label '2023' are selected in object 'Object Repository/RAD_Pages/TaxTypeFilingYear_Page/select_FilingYear' 

2024-02-03 23:45:41 - [MESSAGE][PASSED] - All options with label '2023' are selected in object 'Object Repository/RAD_Pages/TaxTypeFilingYear_Page/select_FilingYear' 

2024-02-03 23:45:41 - [TEST_STEP][PASSED] - setText(findTestObject(orPath_TaxPayer + "/input_businessName"), " "): Text ' ' is set on object 'Object Repository/RAD_Pages/Taxpayer_Page/input_businessName'

2024-02-03 23:45:41 - [MESSAGE][PASSED] - Text ' ' is set on object 'Object Repository/RAD_Pages/Taxpayer_Page/input_businessName'

2024-02-03 23:45:41 - [TEST_STEP][PASSED] - setText(findTestObject(orPath_TaxPayer + "/input_BusinessRepfirstName"), " "): Text ' ' is set on object 'Object Repository/RAD_Pages/Taxpayer_Page/input_BusinessRepfirstName'

2024-02-03 23:45:42 - [MESSAGE][PASSED] - Text ' ' is set on object 'Object Repository/RAD_Pages/Taxpayer_Page/input_BusinessRepfirstName'

2024-02-03 23:45:42 - [TEST_STEP][PASSED] - setText(findTestObject(orPath_TaxPayer + "/input_BusinessReplastName"), " "): Text ' ' is set on object 'Object Repository/RAD_Pages/Taxpayer_Page/input_BusinessReplastName'

2024-02-03 23:45:43 - [MESSAGE][PASSED] - Text ' ' is set on object 'Object Repository/RAD_Pages/Taxpayer_Page/input_BusinessReplastName'

2024-02-03 23:45:43 - [TEST_STEP][PASSED] - setText(findTestObject(orPath_AddressContact + "/input_streetAddress1"), " "): Text ' ' is set on object 'Object Repository/RAD_Pages/AddressAndContactInfo_Page/input_streetAddress1'

2024-02-03 23:45:44 - [MESSAGE][PASSED] - Text ' ' is set on object 'Object Repository/RAD_Pages/AddressAndContactInfo_Page/input_streetAddress1'

2024-02-03 23:45:44 - [TEST_STEP][PASSED] - setText(findTestObject(orPath_AddressContact + "/input_city"), " "): Text ' ' is set on object 'Object Repository/RAD_Pages/AddressAndContactInfo_Page/input_city'

2024-02-03 23:45:44 - [MESSAGE][PASSED] - Text ' ' is set on object 'Object Repository/RAD_Pages/AddressAndContactInfo_Page/input_city'

2024-02-03 23:45:44 - [TEST_STEP][PASSED] - setText(findTestObject(orPath_AddressContact + "/input_zipCode"), " "): Text ' ' is set on object 'Object Repository/RAD_Pages/AddressAndContactInfo_Page/input_zipCode'

2024-02-03 23:45:45 - [MESSAGE][PASSED] - Text ' ' is set on object 'Object Repository/RAD_Pages/AddressAndContactInfo_Page/input_zipCode'

2024-02-03 23:45:45 - [TEST_STEP][PASSED] - setText(findTestObject(orPath_AddressContact + "/input_phoneNumber"), " "): Text ' ' is set on object 'Object Repository/RAD_Pages/AddressAndContactInfo_Page/input_phoneNumber'

2024-02-03 23:45:46 - [MESSAGE][PASSED] - Text ' ' is set on object 'Object Repository/RAD_Pages/AddressAndContactInfo_Page/input_phoneNumber'

2024-02-03 23:45:46 - [TEST_STEP][PASSED] - setText(findTestObject(orPath_AddressContact + "/input_eMailAddress"), " "): Text ' ' is set on object 'Object Repository/RAD_Pages/AddressAndContactInfo_Page/input_eMailAddress'

2024-02-03 23:45:47 - [MESSAGE][PASSED] - Text ' ' is set on object 'Object Repository/RAD_Pages/AddressAndContactInfo_Page/input_eMailAddress'

2024-02-03 23:45:47 - [TEST_STEP][PASSED] - setText(findTestObject(orPath_AddressContact + "/input_reEnterEMailAddress"), " "): Text ' ' is set on object 'Object Repository/RAD_Pages/AddressAndContactInfo_Page/input_reEnterEMailAddress'

2024-02-03 23:45:47 - [MESSAGE][PASSED] - Text ' ' is set on object 'Object Repository/RAD_Pages/AddressAndContactInfo_Page/input_reEnterEMailAddress'

2024-02-03 23:45:47 - [TEST_STEP][PASSED] - if (TaxType.equalsIgnoreCase("Estate Tax")): null

2024-02-03 23:45:47 - [TEST_STEP][PASSED] - setText(findTestObject(orPath_Amount + "/input__paymentAmount"), ""): Text '' is set on object 'Object Repository/RAD_Pages/PaymentAmount_Page/input__paymentAmount'

2024-02-03 23:45:48 - [MESSAGE][PASSED] - Text '' is set on object 'Object Repository/RAD_Pages/PaymentAmount_Page/input__paymentAmount'

2024-02-03 23:45:48 - [TEST_STEP][PASSED] - resText = "Fail": null

2024-02-03 23:45:48 - [TEST_STEP][PASSED] - pages.WriteExcel.demoKey(resText, datText, resColumn, datCloumn, fileLoc, nameSheet, row): pages.WriteExcel.demoKey is PASSED

2024-02-03 23:45:48 - [MESSAGE][PASSED] - pages.WriteExcel.demoKey is PASSED

2024-02-03 23:45:48 - [TEST_STEP][PASSED] - verifyTextPresent("Enter business name", true, CONTINUE_ON_FAILURE): Text 'Enter business name' is present on page  using regular expression

2024-02-03 23:45:49 - [MESSAGE][PASSED] - Text 'Enter business name' is present on page  using regular expression

2024-02-03 23:45:49 - [TEST_STEP][PASSED] - verifyTextPresent("Enter business rep first name", true, CONTINUE_ON_FAILURE): Text 'Enter business rep first name' is present on page  using regular expression

2024-02-03 23:45:49 - [MESSAGE][PASSED] - Text 'Enter business rep first name' is present on page  using regular expression

2024-02-03 23:45:49 - [TEST_STEP][PASSED] - verifyTextPresent("Enter business rep last name", true, CONTINUE_ON_FAILURE): Text 'Enter business rep last name' is present on page  using regular expression

2024-02-03 23:45:50 - [MESSAGE][PASSED] - Text 'Enter business rep last name' is present on page  using regular expression

2024-02-03 23:45:50 - [TEST_STEP][PASSED] - verifyTextPresent("Enter address", true, CONTINUE_ON_FAILURE): Text 'Enter address' is present on page  using regular expression

2024-02-03 23:45:51 - [MESSAGE][PASSED] - Text 'Enter address' is present on page  using regular expression

2024-02-03 23:45:51 - [TEST_STEP][PASSED] - verifyTextPresent("Enter city", true, CONTINUE_ON_FAILURE): Text 'Enter city' is present on page  using regular expression

2024-02-03 23:45:51 - [MESSAGE][PASSED] - Text 'Enter city' is present on page  using regular expression

2024-02-03 23:45:51 - [TEST_STEP][PASSED] - verifyTextPresent("Enter ZIP code", true, CONTINUE_ON_FAILURE): Text 'Enter ZIP code' is present on page  using regular expression

2024-02-03 23:45:52 - [MESSAGE][PASSED] - Text 'Enter ZIP code' is present on page  using regular expression

2024-02-03 23:45:52 - [TEST_STEP][PASSED] - verifyTextPresent("Enter a valid phone number", true, CONTINUE_ON_FAILURE): Text 'Enter a valid phone number' is present on page  using regular expression

2024-02-03 23:45:52 - [MESSAGE][PASSED] - Text 'Enter a valid phone number' is present on page  using regular expression

2024-02-03 23:45:52 - [TEST_STEP][PASSED] - verifyTextPresent("Enter Email", true, CONTINUE_ON_FAILURE): Text 'Enter Email' is present on page  using regular expression

2024-02-03 23:45:52 - [MESSAGE][PASSED] - Text 'Enter Email' is present on page  using regular expression

2024-02-03 23:45:52 - [TEST_STEP][PASSED] - if (TaxType.equalsIgnoreCase("Estate Tax")): null

2024-02-03 23:45:52 - [TEST_STEP][PASSED] - resText = "Pass": null

2024-02-03 23:45:52 - [TEST_STEP][PASSED] - pages.WriteExcel.demoKey(resText, datText, resColumn, datCloumn, fileLoc, nameSheet, row): pages.WriteExcel.demoKey is PASSED

2024-02-03 23:45:52 - [MESSAGE][PASSED] - pages.WriteExcel.demoKey is PASSED

2024-02-03 23:45:52 - [TEST_STEP][PASSED] - ExecuteTC = findTestData(dataFile).getValue("Execute", row): null

2024-02-03 23:45:53 - [TEST_STEP][PASSED] - TaxType = findTestData(dataFile).getValue("TaxType", row): null

2024-02-03 23:45:53 - [TEST_STEP][PASSED] - PaymentType = findTestData(dataFile).getValue("PaymentType", row): null

2024-02-03 23:45:53 - [TEST_STEP][PASSED] - FilingYear = findTestData(dataFile).getValue("Year", row): null

2024-02-03 23:45:53 - [TEST_STEP][PASSED] - feinSSN = findTestData(dataFile).getValue("FeinSsn", row): null

2024-02-03 23:45:53 - [TEST_STEP][PASSED] - if (ExecuteTC.equalsIgnoreCase("Y")): pages.WriteExcel.demoKey is PASSED

2024-02-03 23:45:53 - [TEST_STEP][PASSED] - out.println("Begin Record Number: " + row): null

2024-02-03 23:45:53 - [TEST_STEP][PASSED] - today = new java.util.Date(): null

2024-02-03 23:45:53 - [TEST_STEP][PASSED] - println(today): null

2024-02-03 23:45:53 - [TEST_STEP][PASSED] - datText = today: null

2024-02-03 23:45:53 - [TEST_STEP][PASSED] - logInfo("Payment Type: New Tax Return Amount Due"): Payment Type: New Tax Return Amount Due

2024-02-03 23:45:53 - [MESSAGE][INFO] - Payment Type: New Tax Return Amount Due

2024-02-03 23:45:53 - [TEST_STEP][PASSED] - logInfo("Tax Type: " + TaxType): Tax Type: Admissions and Amusement Tax

2024-02-03 23:45:53 - [MESSAGE][INFO] - Tax Type: Admissions and Amusement Tax

2024-02-03 23:45:53 - [TEST_STEP][PASSED] - openBrowser(""): Browser is opened with url: ''

2024-02-03 23:45:53 - [MESSAGE][WARNING] - A browser is already opened. Closing browser and opening a new one

2024-02-03 23:45:54 - [MESSAGE][INFO] - Starting 'Chrome' driver

2024-02-03 23:45:54 - [MESSAGE][INFO] - User set preference: ['acceptInsecureCerts', 'true']

2024-02-03 23:45:54 - [MESSAGE][INFO] - Action delay is set to 0 milliseconds

2024-02-03 23:45:56 - [MESSAGE][PASSED] - Browser is opened with url: ''

2024-02-03 23:45:56 - [TEST_STEP][PASSED] - maximizeWindow(): Current window maximized

2024-02-03 23:45:57 - [MESSAGE][PASSED] - Current window maximized

2024-02-03 23:45:57 - [TEST_STEP][PASSED] - navigateToUrl(RADurl): Navigate to 'https://qa2.velocitypayment.com/client/rad/index.html' successfully

2024-02-03 23:45:59 - [MESSAGE][PASSED] - Navigate to 'https://qa2.velocitypayment.com/client/rad/index.html' successfully

2024-02-03 23:45:59 - [TEST_STEP][PASSED] - selectOptionByLabel(findTestObject(orPath_Landing + "/dd_TaxType"), "New Tax Return Amount Due", false): All options with label 'New Tax Return Amount Due' are selected in object 'Object Repository/RAD_Pages/Landing_Page/dd_TaxType' 

2024-02-03 23:45:59 - [MESSAGE][PASSED] - All options with label 'New Tax Return Amount Due' are selected in object 'Object Repository/RAD_Pages/Landing_Page/dd_TaxType' 

2024-02-03 23:45:59 - [TEST_STEP][PASSED] - selectOptionByLabel(findTestObject("Object Repository/RAD_Pages/Landing_Page/select_NewTaxReturnAmountDue_TaxType"), TaxType, false): All options with label 'Admissions and Amusement Tax' are selected in object 'Object Repository/RAD_Pages/Landing_Page/select_NewTaxReturnAmountDue_TaxType' 

2024-02-03 23:46:00 - [MESSAGE][PASSED] - All options with label 'Admissions and Amusement Tax' are selected in object 'Object Repository/RAD_Pages/Landing_Page/select_NewTaxReturnAmountDue_TaxType' 

2024-02-03 23:46:00 - [TEST_STEP][PASSED] - selectOptionByLabel(findTestObject(orPath_TaxTypeFilingYear + "/select_FilingYear"), FilingYear, false): All options with label '2022' are selected in object 'Object Repository/RAD_Pages/TaxTypeFilingYear_Page/select_FilingYear' 

2024-02-03 23:46:01 - [MESSAGE][PASSED] - All options with label '2022' are selected in object 'Object Repository/RAD_Pages/TaxTypeFilingYear_Page/select_FilingYear' 

2024-02-03 23:46:01 - [TEST_STEP][PASSED] - setText(findTestObject(orPath_TaxPayer + "/input_businessName"), " "): Text ' ' is set on object 'Object Repository/RAD_Pages/Taxpayer_Page/input_businessName'

2024-02-03 23:46:02 - [MESSAGE][PASSED] - Text ' ' is set on object 'Object Repository/RAD_Pages/Taxpayer_Page/input_businessName'

2024-02-03 23:46:02 - [TEST_STEP][PASSED] - setText(findTestObject(orPath_TaxPayer + "/input_BusinessRepfirstName"), " "): Text ' ' is set on object 'Object Repository/RAD_Pages/Taxpayer_Page/input_BusinessRepfirstName'

2024-02-03 23:46:02 - [MESSAGE][PASSED] - Text ' ' is set on object 'Object Repository/RAD_Pages/Taxpayer_Page/input_BusinessRepfirstName'

2024-02-03 23:46:02 - [TEST_STEP][PASSED] - setText(findTestObject(orPath_TaxPayer + "/input_BusinessReplastName"), " "): Text ' ' is set on object 'Object Repository/RAD_Pages/Taxpayer_Page/input_BusinessReplastName'

2024-02-03 23:46:03 - [MESSAGE][PASSED] - Text ' ' is set on object 'Object Repository/RAD_Pages/Taxpayer_Page/input_BusinessReplastName'

2024-02-03 23:46:03 - [TEST_STEP][PASSED] - setText(findTestObject(orPath_AddressContact + "/input_streetAddress1"), " "): Text ' ' is set on object 'Object Repository/RAD_Pages/AddressAndContactInfo_Page/input_streetAddress1'

2024-02-03 23:46:04 - [MESSAGE][PASSED] - Text ' ' is set on object 'Object Repository/RAD_Pages/AddressAndContactInfo_Page/input_streetAddress1'

2024-02-03 23:46:04 - [TEST_STEP][PASSED] - setText(findTestObject(orPath_AddressContact + "/input_city"), " "): Text ' ' is set on object 'Object Repository/RAD_Pages/AddressAndContactInfo_Page/input_city'

2024-02-03 23:46:05 - [MESSAGE][PASSED] - Text ' ' is set on object 'Object Repository/RAD_Pages/AddressAndContactInfo_Page/input_city'

2024-02-03 23:46:05 - [TEST_STEP][PASSED] - setText(findTestObject(orPath_AddressContact + "/input_zipCode"), " "): Text ' ' is set on object 'Object Repository/RAD_Pages/AddressAndContactInfo_Page/input_zipCode'

2024-02-03 23:46:06 - [MESSAGE][PASSED] - Text ' ' is set on object 'Object Repository/RAD_Pages/AddressAndContactInfo_Page/input_zipCode'

2024-02-03 23:46:06 - [TEST_STEP][PASSED] - setText(findTestObject(orPath_AddressContact + "/input_phoneNumber"), " "): Text ' ' is set on object 'Object Repository/RAD_Pages/AddressAndContactInfo_Page/input_phoneNumber'

2024-02-03 23:46:06 - [MESSAGE][PASSED] - Text ' ' is set on object 'Object Repository/RAD_Pages/AddressAndContactInfo_Page/input_phoneNumber'

2024-02-03 23:46:06 - [TEST_STEP][PASSED] - setText(findTestObject(orPath_AddressContact + "/input_eMailAddress"), " "): Text ' ' is set on object 'Object Repository/RAD_Pages/AddressAndContactInfo_Page/input_eMailAddress'

2024-02-03 23:46:07 - [MESSAGE][PASSED] - Text ' ' is set on object 'Object Repository/RAD_Pages/AddressAndContactInfo_Page/input_eMailAddress'

2024-02-03 23:46:07 - [TEST_STEP][PASSED] - setText(findTestObject(orPath_AddressContact + "/input_reEnterEMailAddress"), " "): Text ' ' is set on object 'Object Repository/RAD_Pages/AddressAndContactInfo_Page/input_reEnterEMailAddress'

2024-02-03 23:46:08 - [MESSAGE][PASSED] - Text ' ' is set on object 'Object Repository/RAD_Pages/AddressAndContactInfo_Page/input_reEnterEMailAddress'

2024-02-03 23:46:08 - [TEST_STEP][PASSED] - if (TaxType.equalsIgnoreCase("Estate Tax")): null

2024-02-03 23:46:08 - [TEST_STEP][PASSED] - setText(findTestObject(orPath_Amount + "/input__paymentAmount"), ""): Text '' is set on object 'Object Repository/RAD_Pages/PaymentAmount_Page/input__paymentAmount'

2024-02-03 23:46:09 - [MESSAGE][PASSED] - Text '' is set on object 'Object Repository/RAD_Pages/PaymentAmount_Page/input__paymentAmount'

2024-02-03 23:46:09 - [TEST_STEP][PASSED] - resText = "Fail": null

2024-02-03 23:46:09 - [TEST_STEP][PASSED] - pages.WriteExcel.demoKey(resText, datText, resColumn, datCloumn, fileLoc, nameSheet, row): pages.WriteExcel.demoKey is PASSED

2024-02-03 23:46:09 - [MESSAGE][PASSED] - pages.WriteExcel.demoKey is PASSED

2024-02-03 23:46:09 - [TEST_STEP][PASSED] - verifyTextPresent("Enter business name", true, CONTINUE_ON_FAILURE): Text 'Enter business name' is present on page  using regular expression

2024-02-03 23:46:10 - [MESSAGE][PASSED] - Text 'Enter business name' is present on page  using regular expression

2024-02-03 23:46:10 - [TEST_STEP][PASSED] - verifyTextPresent("Enter business rep first name", true, CONTINUE_ON_FAILURE): Text 'Enter business rep first name' is present on page  using regular expression

2024-02-03 23:46:10 - [MESSAGE][PASSED] - Text 'Enter business rep first name' is present on page  using regular expression

2024-02-03 23:46:10 - [TEST_STEP][PASSED] - verifyTextPresent("Enter business rep last name", true, CONTINUE_ON_FAILURE): Text 'Enter business rep last name' is present on page  using regular expression

2024-02-03 23:46:11 - [MESSAGE][PASSED] - Text 'Enter business rep last name' is present on page  using regular expression

2024-02-03 23:46:11 - [TEST_STEP][PASSED] - verifyTextPresent("Enter address", true, CONTINUE_ON_FAILURE): Text 'Enter address' is present on page  using regular expression

2024-02-03 23:46:11 - [MESSAGE][PASSED] - Text 'Enter address' is present on page  using regular expression

2024-02-03 23:46:11 - [TEST_STEP][PASSED] - verifyTextPresent("Enter city", true, CONTINUE_ON_FAILURE): Text 'Enter city' is present on page  using regular expression

2024-02-03 23:46:11 - [MESSAGE][PASSED] - Text 'Enter city' is present on page  using regular expression

2024-02-03 23:46:11 - [TEST_STEP][PASSED] - verifyTextPresent("Enter ZIP code", true, CONTINUE_ON_FAILURE): Text 'Enter ZIP code' is present on page  using regular expression

2024-02-03 23:46:12 - [MESSAGE][PASSED] - Text 'Enter ZIP code' is present on page  using regular expression

2024-02-03 23:46:12 - [TEST_STEP][PASSED] - verifyTextPresent("Enter a valid phone number", true, CONTINUE_ON_FAILURE): Text 'Enter a valid phone number' is present on page  using regular expression

2024-02-03 23:46:12 - [MESSAGE][PASSED] - Text 'Enter a valid phone number' is present on page  using regular expression

2024-02-03 23:46:12 - [TEST_STEP][PASSED] - verifyTextPresent("Enter Email", true, CONTINUE_ON_FAILURE): Text 'Enter Email' is present on page  using regular expression

2024-02-03 23:46:12 - [MESSAGE][PASSED] - Text 'Enter Email' is present on page  using regular expression

2024-02-03 23:46:12 - [TEST_STEP][PASSED] - if (TaxType.equalsIgnoreCase("Estate Tax")): null

2024-02-03 23:46:12 - [TEST_STEP][PASSED] - resText = "Pass": null

2024-02-03 23:46:12 - [TEST_STEP][PASSED] - pages.WriteExcel.demoKey(resText, datText, resColumn, datCloumn, fileLoc, nameSheet, row): pages.WriteExcel.demoKey is PASSED

2024-02-03 23:46:13 - [MESSAGE][PASSED] - pages.WriteExcel.demoKey is PASSED

2024-02-03 23:46:13 - [TEST_STEP][PASSED] - ExecuteTC = findTestData(dataFile).getValue("Execute", row): null

2024-02-03 23:46:13 - [TEST_STEP][PASSED] - TaxType = findTestData(dataFile).getValue("TaxType", row): null

2024-02-03 23:46:13 - [TEST_STEP][PASSED] - PaymentType = findTestData(dataFile).getValue("PaymentType", row): null

2024-02-03 23:46:13 - [TEST_STEP][PASSED] - FilingYear = findTestData(dataFile).getValue("Year", row): null

2024-02-03 23:46:13 - [TEST_STEP][PASSED] - feinSSN = findTestData(dataFile).getValue("FeinSsn", row): null

2024-02-03 23:46:13 - [TEST_STEP][PASSED] - if (ExecuteTC.equalsIgnoreCase("Y")): pages.WriteExcel.demoKey is PASSED

2024-02-03 23:46:13 - [TEST_STEP][PASSED] - out.println("Begin Record Number: " + row): null

2024-02-03 23:46:13 - [TEST_STEP][PASSED] - today = new java.util.Date(): null

2024-02-03 23:46:13 - [TEST_STEP][PASSED] - println(today): null

2024-02-03 23:46:13 - [TEST_STEP][PASSED] - datText = today: null

2024-02-03 23:46:13 - [TEST_STEP][PASSED] - logInfo("Payment Type: New Tax Return Amount Due"): Payment Type: New Tax Return Amount Due

2024-02-03 23:46:13 - [MESSAGE][INFO] - Payment Type: New Tax Return Amount Due

2024-02-03 23:46:13 - [TEST_STEP][PASSED] - logInfo("Tax Type: " + TaxType): Tax Type: Alcohol Tax

2024-02-03 23:46:13 - [MESSAGE][INFO] - Tax Type: Alcohol Tax

2024-02-03 23:46:13 - [TEST_STEP][PASSED] - openBrowser(""): Browser is opened with url: ''

2024-02-03 23:46:13 - [MESSAGE][WARNING] - A browser is already opened. Closing browser and opening a new one

2024-02-03 23:46:14 - [MESSAGE][INFO] - Starting 'Chrome' driver

2024-02-03 23:46:14 - [MESSAGE][INFO] - User set preference: ['acceptInsecureCerts', 'true']

2024-02-03 23:46:14 - [MESSAGE][INFO] - Action delay is set to 0 milliseconds

2024-02-03 23:46:16 - [MESSAGE][PASSED] - Browser is opened with url: ''

2024-02-03 23:46:16 - [TEST_STEP][PASSED] - maximizeWindow(): Current window maximized

2024-02-03 23:46:16 - [MESSAGE][PASSED] - Current window maximized

2024-02-03 23:46:16 - [TEST_STEP][PASSED] - navigateToUrl(RADurl): Navigate to 'https://qa2.velocitypayment.com/client/rad/index.html' successfully

2024-02-03 23:46:16 - [MESSAGE][PASSED] - Navigate to 'https://qa2.velocitypayment.com/client/rad/index.html' successfully

2024-02-03 23:46:16 - [TEST_STEP][PASSED] - selectOptionByLabel(findTestObject(orPath_Landing + "/dd_TaxType"), "New Tax Return Amount Due", false): All options with label 'New Tax Return Amount Due' are selected in object 'Object Repository/RAD_Pages/Landing_Page/dd_TaxType' 

2024-02-03 23:46:19 - [MESSAGE][PASSED] - All options with label 'New Tax Return Amount Due' are selected in object 'Object Repository/RAD_Pages/Landing_Page/dd_TaxType' 

2024-02-03 23:46:19 - [TEST_STEP][PASSED] - selectOptionByLabel(findTestObject("Object Repository/RAD_Pages/Landing_Page/select_NewTaxReturnAmountDue_TaxType"), TaxType, false): All options with label 'Alcohol Tax' are selected in object 'Object Repository/RAD_Pages/Landing_Page/select_NewTaxReturnAmountDue_TaxType' 

2024-02-03 23:46:19 - [MESSAGE][PASSED] - All options with label 'Alcohol Tax' are selected in object 'Object Repository/RAD_Pages/Landing_Page/select_NewTaxReturnAmountDue_TaxType' 

2024-02-03 23:46:19 - [TEST_STEP][PASSED] - selectOptionByLabel(findTestObject(orPath_TaxTypeFilingYear + "/select_FilingYear"), FilingYear, false): All options with label '2022' are selected in object 'Object Repository/RAD_Pages/TaxTypeFilingYear_Page/select_FilingYear' 

2024-02-03 23:46:20 - [MESSAGE][PASSED] - All options with label '2022' are selected in object 'Object Repository/RAD_Pages/TaxTypeFilingYear_Page/select_FilingYear' 

2024-02-03 23:46:20 - [TEST_STEP][PASSED] - setText(findTestObject(orPath_TaxPayer + "/input_businessName"), " "): Text ' ' is set on object 'Object Repository/RAD_Pages/Taxpayer_Page/input_businessName'

2024-02-03 23:46:21 - [MESSAGE][PASSED] - Text ' ' is set on object 'Object Repository/RAD_Pages/Taxpayer_Page/input_businessName'

2024-02-03 23:46:21 - [TEST_STEP][PASSED] - setText(findTestObject(orPath_TaxPayer + "/input_BusinessRepfirstName"), " "): Text ' ' is set on object 'Object Repository/RAD_Pages/Taxpayer_Page/input_BusinessRepfirstName'

2024-02-03 23:46:22 - [MESSAGE][PASSED] - Text ' ' is set on object 'Object Repository/RAD_Pages/Taxpayer_Page/input_BusinessRepfirstName'

2024-02-03 23:46:22 - [TEST_STEP][PASSED] - setText(findTestObject(orPath_TaxPayer + "/input_BusinessReplastName"), " "): Text ' ' is set on object 'Object Repository/RAD_Pages/Taxpayer_Page/input_BusinessReplastName'

2024-02-03 23:46:22 - [MESSAGE][PASSED] - Text ' ' is set on object 'Object Repository/RAD_Pages/Taxpayer_Page/input_BusinessReplastName'

2024-02-03 23:46:22 - [TEST_STEP][PASSED] - setText(findTestObject(orPath_AddressContact + "/input_streetAddress1"), " "): Text ' ' is set on object 'Object Repository/RAD_Pages/AddressAndContactInfo_Page/input_streetAddress1'

2024-02-03 23:46:23 - [MESSAGE][PASSED] - Text ' ' is set on object 'Object Repository/RAD_Pages/AddressAndContactInfo_Page/input_streetAddress1'

2024-02-03 23:46:23 - [TEST_STEP][PASSED] - setText(findTestObject(orPath_AddressContact + "/input_city"), " "): Text ' ' is set on object 'Object Repository/RAD_Pages/AddressAndContactInfo_Page/input_city'

2024-02-03 23:46:24 - [MESSAGE][PASSED] - Text ' ' is set on object 'Object Repository/RAD_Pages/AddressAndContactInfo_Page/input_city'

2024-02-03 23:46:24 - [TEST_STEP][PASSED] - setText(findTestObject(orPath_AddressContact + "/input_zipCode"), " "): Text ' ' is set on object 'Object Repository/RAD_Pages/AddressAndContactInfo_Page/input_zipCode'

2024-02-03 23:46:25 - [MESSAGE][PASSED] - Text ' ' is set on object 'Object Repository/RAD_Pages/AddressAndContactInfo_Page/input_zipCode'

2024-02-03 23:46:25 - [TEST_STEP][PASSED] - setText(findTestObject(orPath_AddressContact + "/input_phoneNumber"), " "): Text ' ' is set on object 'Object Repository/RAD_Pages/AddressAndContactInfo_Page/input_phoneNumber'

2024-02-03 23:46:25 - [MESSAGE][PASSED] - Text ' ' is set on object 'Object Repository/RAD_Pages/AddressAndContactInfo_Page/input_phoneNumber'

2024-02-03 23:46:25 - [TEST_STEP][PASSED] - setText(findTestObject(orPath_AddressContact + "/input_eMailAddress"), " "): Text ' ' is set on object 'Object Repository/RAD_Pages/AddressAndContactInfo_Page/input_eMailAddress'

2024-02-03 23:46:26 - [MESSAGE][PASSED] - Text ' ' is set on object 'Object Repository/RAD_Pages/AddressAndContactInfo_Page/input_eMailAddress'

2024-02-03 23:46:26 - [TEST_STEP][PASSED] - setText(findTestObject(orPath_AddressContact + "/input_reEnterEMailAddress"), " "): Text ' ' is set on object 'Object Repository/RAD_Pages/AddressAndContactInfo_Page/input_reEnterEMailAddress'

2024-02-03 23:46:27 - [MESSAGE][PASSED] - Text ' ' is set on object 'Object Repository/RAD_Pages/AddressAndContactInfo_Page/input_reEnterEMailAddress'

2024-02-03 23:46:27 - [TEST_STEP][PASSED] - if (TaxType.equalsIgnoreCase("Estate Tax")): null

2024-02-03 23:46:27 - [TEST_STEP][PASSED] - setText(findTestObject(orPath_Amount + "/input__paymentAmount"), ""): Text '' is set on object 'Object Repository/RAD_Pages/PaymentAmount_Page/input__paymentAmount'

2024-02-03 23:46:28 - [MESSAGE][PASSED] - Text '' is set on object 'Object Repository/RAD_Pages/PaymentAmount_Page/input__paymentAmount'

2024-02-03 23:46:28 - [TEST_STEP][PASSED] - resText = "Fail": null

2024-02-03 23:46:28 - [TEST_STEP][PASSED] - pages.WriteExcel.demoKey(resText, datText, resColumn, datCloumn, fileLoc, nameSheet, row): pages.WriteExcel.demoKey is PASSED

2024-02-03 23:46:28 - [MESSAGE][PASSED] - pages.WriteExcel.demoKey is PASSED

2024-02-03 23:46:28 - [TEST_STEP][PASSED] - verifyTextPresent("Enter business name", true, CONTINUE_ON_FAILURE): Text 'Enter business name' is present on page  using regular expression

2024-02-03 23:46:29 - [MESSAGE][PASSED] - Text 'Enter business name' is present on page  using regular expression

2024-02-03 23:46:29 - [TEST_STEP][PASSED] - verifyTextPresent("Enter business rep first name", true, CONTINUE_ON_FAILURE): Text 'Enter business rep first name' is present on page  using regular expression

2024-02-03 23:46:29 - [MESSAGE][PASSED] - Text 'Enter business rep first name' is present on page  using regular expression

2024-02-03 23:46:29 - [TEST_STEP][PASSED] - verifyTextPresent("Enter business rep last name", true, CONTINUE_ON_FAILURE): Text 'Enter business rep last name' is present on page  using regular expression

2024-02-03 23:46:30 - [MESSAGE][PASSED] - Text 'Enter business rep last name' is present on page  using regular expression

2024-02-03 23:46:30 - [TEST_STEP][PASSED] - verifyTextPresent("Enter address", true, CONTINUE_ON_FAILURE): Text 'Enter address' is present on page  using regular expression

2024-02-03 23:46:30 - [MESSAGE][PASSED] - Text 'Enter address' is present on page  using regular expression

2024-02-03 23:46:30 - [TEST_STEP][PASSED] - verifyTextPresent("Enter city", true, CONTINUE_ON_FAILURE): Text 'Enter city' is present on page  using regular expression

2024-02-03 23:46:31 - [MESSAGE][PASSED] - Text 'Enter city' is present on page  using regular expression

2024-02-03 23:46:31 - [TEST_STEP][PASSED] - verifyTextPresent("Enter ZIP code", true, CONTINUE_ON_FAILURE): Text 'Enter ZIP code' is present on page  using regular expression

2024-02-03 23:46:31 - [MESSAGE][PASSED] - Text 'Enter ZIP code' is present on page  using regular expression

2024-02-03 23:46:31 - [TEST_STEP][PASSED] - verifyTextPresent("Enter a valid phone number", true, CONTINUE_ON_FAILURE): Text 'Enter a valid phone number' is present on page  using regular expression

2024-02-03 23:46:31 - [MESSAGE][PASSED] - Text 'Enter a valid phone number' is present on page  using regular expression

2024-02-03 23:46:31 - [TEST_STEP][PASSED] - verifyTextPresent("Enter Email", true, CONTINUE_ON_FAILURE): Text 'Enter Email' is present on page  using regular expression

2024-02-03 23:46:32 - [MESSAGE][PASSED] - Text 'Enter Email' is present on page  using regular expression

2024-02-03 23:46:32 - [TEST_STEP][PASSED] - if (TaxType.equalsIgnoreCase("Estate Tax")): null

2024-02-03 23:46:32 - [TEST_STEP][PASSED] - resText = "Pass": null

2024-02-03 23:46:32 - [TEST_STEP][PASSED] - pages.WriteExcel.demoKey(resText, datText, resColumn, datCloumn, fileLoc, nameSheet, row): pages.WriteExcel.demoKey is PASSED

2024-02-03 23:46:32 - [MESSAGE][PASSED] - pages.WriteExcel.demoKey is PASSED

2024-02-03 23:46:32 - [TEST_STEP][PASSED] - ExecuteTC = findTestData(dataFile).getValue("Execute", row): null

2024-02-03 23:46:32 - [TEST_STEP][PASSED] - TaxType = findTestData(dataFile).getValue("TaxType", row): null

2024-02-03 23:46:32 - [TEST_STEP][PASSED] - PaymentType = findTestData(dataFile).getValue("PaymentType", row): null

2024-02-03 23:46:32 - [TEST_STEP][PASSED] - FilingYear = findTestData(dataFile).getValue("Year", row): null

2024-02-03 23:46:32 - [TEST_STEP][PASSED] - feinSSN = findTestData(dataFile).getValue("FeinSsn", row): null

2024-02-03 23:46:32 - [TEST_STEP][PASSED] - if (ExecuteTC.equalsIgnoreCase("Y")): pages.WriteExcel.demoKey is PASSED

2024-02-03 23:46:32 - [TEST_STEP][PASSED] - out.println("Begin Record Number: " + row): null

2024-02-03 23:46:32 - [TEST_STEP][PASSED] - today = new java.util.Date(): null

2024-02-03 23:46:32 - [TEST_STEP][PASSED] - println(today): null

2024-02-03 23:46:32 - [TEST_STEP][PASSED] - datText = today: null

2024-02-03 23:46:32 - [TEST_STEP][PASSED] - logInfo("Payment Type: New Tax Return Amount Due"): Payment Type: New Tax Return Amount Due

2024-02-03 23:46:32 - [MESSAGE][INFO] - Payment Type: New Tax Return Amount Due

2024-02-03 23:46:32 - [TEST_STEP][PASSED] - logInfo("Tax Type: " + TaxType): Tax Type: Bay Restoration Fee

2024-02-03 23:46:32 - [MESSAGE][INFO] - Tax Type: Bay Restoration Fee

2024-02-03 23:46:32 - [TEST_STEP][PASSED] - openBrowser(""): Browser is opened with url: ''

2024-02-03 23:46:32 - [MESSAGE][WARNING] - A browser is already opened. Closing browser and opening a new one

2024-02-03 23:46:33 - [MESSAGE][INFO] - Starting 'Chrome' driver

2024-02-03 23:46:33 - [MESSAGE][INFO] - User set preference: ['acceptInsecureCerts', 'true']

2024-02-03 23:46:33 - [MESSAGE][INFO] - Action delay is set to 0 milliseconds

2024-02-03 23:46:35 - [MESSAGE][PASSED] - Browser is opened with url: ''

2024-02-03 23:46:35 - [TEST_STEP][PASSED] - maximizeWindow(): Current window maximized

2024-02-03 23:46:35 - [MESSAGE][PASSED] - Current window maximized

2024-02-03 23:46:35 - [TEST_STEP][PASSED] - navigateToUrl(RADurl): Navigate to 'https://qa2.velocitypayment.com/client/rad/index.html' successfully

2024-02-03 23:46:38 - [MESSAGE][PASSED] - Navigate to 'https://qa2.velocitypayment.com/client/rad/index.html' successfully

2024-02-03 23:46:38 - [TEST_STEP][PASSED] - selectOptionByLabel(findTestObject(orPath_Landing + "/dd_TaxType"), "New Tax Return Amount Due", false): All options with label 'New Tax Return Amount Due' are selected in object 'Object Repository/RAD_Pages/Landing_Page/dd_TaxType' 

2024-02-03 23:46:38 - [MESSAGE][PASSED] - All options with label 'New Tax Return Amount Due' are selected in object 'Object Repository/RAD_Pages/Landing_Page/dd_TaxType' 

2024-02-03 23:46:38 - [TEST_STEP][PASSED] - selectOptionByLabel(findTestObject("Object Repository/RAD_Pages/Landing_Page/select_NewTaxReturnAmountDue_TaxType"), TaxType, false): All options with label 'Bay Restoration Fee' are selected in object 'Object Repository/RAD_Pages/Landing_Page/select_NewTaxReturnAmountDue_TaxType' 

2024-02-03 23:46:39 - [MESSAGE][PASSED] - All options with label 'Bay Restoration Fee' are selected in object 'Object Repository/RAD_Pages/Landing_Page/select_NewTaxReturnAmountDue_TaxType' 

2024-02-03 23:46:39 - [TEST_STEP][PASSED] - selectOptionByLabel(findTestObject(orPath_TaxTypeFilingYear + "/select_FilingYear"), FilingYear, false): All options with label '2022' are selected in object 'Object Repository/RAD_Pages/TaxTypeFilingYear_Page/select_FilingYear' 

2024-02-03 23:46:40 - [MESSAGE][PASSED] - All options with label '2022' are selected in object 'Object Repository/RAD_Pages/TaxTypeFilingYear_Page/select_FilingYear' 

2024-02-03 23:46:40 - [TEST_STEP][PASSED] - setText(findTestObject(orPath_TaxPayer + "/input_businessName"), " "): Text ' ' is set on object 'Object Repository/RAD_Pages/Taxpayer_Page/input_businessName'

2024-02-03 23:46:40 - [MESSAGE][PASSED] - Text ' ' is set on object 'Object Repository/RAD_Pages/Taxpayer_Page/input_businessName'

2024-02-03 23:46:40 - [TEST_STEP][PASSED] - setText(findTestObject(orPath_TaxPayer + "/input_BusinessRepfirstName"), " "): Text ' ' is set on object 'Object Repository/RAD_Pages/Taxpayer_Page/input_BusinessRepfirstName'

2024-02-03 23:46:41 - [MESSAGE][PASSED] - Text ' ' is set on object 'Object Repository/RAD_Pages/Taxpayer_Page/input_BusinessRepfirstName'

2024-02-03 23:46:41 - [TEST_STEP][PASSED] - setText(findTestObject(orPath_TaxPayer + "/input_BusinessReplastName"), " "): Text ' ' is set on object 'Object Repository/RAD_Pages/Taxpayer_Page/input_BusinessReplastName'

2024-02-03 23:46:42 - [MESSAGE][PASSED] - Text ' ' is set on object 'Object Repository/RAD_Pages/Taxpayer_Page/input_BusinessReplastName'

2024-02-03 23:46:42 - [TEST_STEP][PASSED] - setText(findTestObject(orPath_AddressContact + "/input_streetAddress1"), " "): Text ' ' is set on object 'Object Repository/RAD_Pages/AddressAndContactInfo_Page/input_streetAddress1'

2024-02-03 23:46:43 - [MESSAGE][PASSED] - Text ' ' is set on object 'Object Repository/RAD_Pages/AddressAndContactInfo_Page/input_streetAddress1'

2024-02-03 23:46:43 - [TEST_STEP][PASSED] - setText(findTestObject(orPath_AddressContact + "/input_city"), " "): Text ' ' is set on object 'Object Repository/RAD_Pages/AddressAndContactInfo_Page/input_city'

2024-02-03 23:46:43 - [MESSAGE][PASSED] - Text ' ' is set on object 'Object Repository/RAD_Pages/AddressAndContactInfo_Page/input_city'

2024-02-03 23:46:43 - [TEST_STEP][PASSED] - setText(findTestObject(orPath_AddressContact + "/input_zipCode"), " "): Text ' ' is set on object 'Object Repository/RAD_Pages/AddressAndContactInfo_Page/input_zipCode'

2024-02-03 23:46:44 - [MESSAGE][PASSED] - Text ' ' is set on object 'Object Repository/RAD_Pages/AddressAndContactInfo_Page/input_zipCode'

2024-02-03 23:46:44 - [TEST_STEP][PASSED] - setText(findTestObject(orPath_AddressContact + "/input_phoneNumber"), " "): Text ' ' is set on object 'Object Repository/RAD_Pages/AddressAndContactInfo_Page/input_phoneNumber'

2024-02-03 23:46:45 - [MESSAGE][PASSED] - Text ' ' is set on object 'Object Repository/RAD_Pages/AddressAndContactInfo_Page/input_phoneNumber'

2024-02-03 23:46:45 - [TEST_STEP][PASSED] - setText(findTestObject(orPath_AddressContact + "/input_eMailAddress"), " "): Text ' ' is set on object 'Object Repository/RAD_Pages/AddressAndContactInfo_Page/input_eMailAddress'

2024-02-03 23:46:46 - [MESSAGE][PASSED] - Text ' ' is set on object 'Object Repository/RAD_Pages/AddressAndContactInfo_Page/input_eMailAddress'

2024-02-03 23:46:46 - [TEST_STEP][PASSED] - setText(findTestObject(orPath_AddressContact + "/input_reEnterEMailAddress"), " "): Text ' ' is set on object 'Object Repository/RAD_Pages/AddressAndContactInfo_Page/input_reEnterEMailAddress'

2024-02-03 23:46:47 - [MESSAGE][PASSED] - Text ' ' is set on object 'Object Repository/RAD_Pages/AddressAndContactInfo_Page/input_reEnterEMailAddress'

2024-02-03 23:46:47 - [TEST_STEP][PASSED] - if (TaxType.equalsIgnoreCase("Estate Tax")): null

2024-02-03 23:46:47 - [TEST_STEP][PASSED] - setText(findTestObject(orPath_Amount + "/input__paymentAmount"), ""): Text '' is set on object 'Object Repository/RAD_Pages/PaymentAmount_Page/input__paymentAmount'

2024-02-03 23:46:47 - [MESSAGE][PASSED] - Text '' is set on object 'Object Repository/RAD_Pages/PaymentAmount_Page/input__paymentAmount'

2024-02-03 23:46:47 - [TEST_STEP][PASSED] - resText = "Fail": null

2024-02-03 23:46:47 - [TEST_STEP][PASSED] - pages.WriteExcel.demoKey(resText, datText, resColumn, datCloumn, fileLoc, nameSheet, row): pages.WriteExcel.demoKey is PASSED

2024-02-03 23:46:48 - [MESSAGE][PASSED] - pages.WriteExcel.demoKey is PASSED

2024-02-03 23:46:48 - [TEST_STEP][PASSED] - verifyTextPresent("Enter business name", true, CONTINUE_ON_FAILURE): Text 'Enter business name' is present on page  using regular expression

2024-02-03 23:46:48 - [MESSAGE][PASSED] - Text 'Enter business name' is present on page  using regular expression

2024-02-03 23:46:48 - [TEST_STEP][PASSED] - verifyTextPresent("Enter business rep first name", true, CONTINUE_ON_FAILURE): Text 'Enter business rep first name' is present on page  using regular expression

2024-02-03 23:46:48 - [MESSAGE][PASSED] - Text 'Enter business rep first name' is present on page  using regular expression

2024-02-03 23:46:48 - [TEST_STEP][PASSED] - verifyTextPresent("Enter business rep last name", true, CONTINUE_ON_FAILURE): Text 'Enter business rep last name' is present on page  using regular expression

2024-02-03 23:46:49 - [MESSAGE][PASSED] - Text 'Enter business rep last name' is present on page  using regular expression

2024-02-03 23:46:49 - [TEST_STEP][PASSED] - verifyTextPresent("Enter address", true, CONTINUE_ON_FAILURE): Text 'Enter address' is present on page  using regular expression

2024-02-03 23:46:49 - [MESSAGE][PASSED] - Text 'Enter address' is present on page  using regular expression

2024-02-03 23:46:49 - [TEST_STEP][PASSED] - verifyTextPresent("Enter city", true, CONTINUE_ON_FAILURE): Text 'Enter city' is present on page  using regular expression

2024-02-03 23:46:50 - [MESSAGE][PASSED] - Text 'Enter city' is present on page  using regular expression

2024-02-03 23:46:50 - [TEST_STEP][PASSED] - verifyTextPresent("Enter ZIP code", true, CONTINUE_ON_FAILURE): Text 'Enter ZIP code' is present on page  using regular expression

2024-02-03 23:46:50 - [MESSAGE][PASSED] - Text 'Enter ZIP code' is present on page  using regular expression

2024-02-03 23:46:50 - [TEST_STEP][PASSED] - verifyTextPresent("Enter a valid phone number", true, CONTINUE_ON_FAILURE): Text 'Enter a valid phone number' is present on page  using regular expression

2024-02-03 23:46:50 - [MESSAGE][PASSED] - Text 'Enter a valid phone number' is present on page  using regular expression

2024-02-03 23:46:50 - [TEST_STEP][PASSED] - verifyTextPresent("Enter Email", true, CONTINUE_ON_FAILURE): Text 'Enter Email' is present on page  using regular expression

2024-02-03 23:46:51 - [MESSAGE][PASSED] - Text 'Enter Email' is present on page  using regular expression

2024-02-03 23:46:51 - [TEST_STEP][PASSED] - if (TaxType.equalsIgnoreCase("Estate Tax")): null

2024-02-03 23:46:51 - [TEST_STEP][PASSED] - resText = "Pass": null

2024-02-03 23:46:51 - [TEST_STEP][PASSED] - pages.WriteExcel.demoKey(resText, datText, resColumn, datCloumn, fileLoc, nameSheet, row): pages.WriteExcel.demoKey is PASSED

2024-02-03 23:46:51 - [MESSAGE][PASSED] - pages.WriteExcel.demoKey is PASSED

2024-02-03 23:46:51 - [TEST_STEP][PASSED] - ExecuteTC = findTestData(dataFile).getValue("Execute", row): null

2024-02-03 23:46:51 - [TEST_STEP][PASSED] - TaxType = findTestData(dataFile).getValue("TaxType", row): null

2024-02-03 23:46:51 - [TEST_STEP][PASSED] - PaymentType = findTestData(dataFile).getValue("PaymentType", row): null

2024-02-03 23:46:51 - [TEST_STEP][PASSED] - FilingYear = findTestData(dataFile).getValue("Year", row): null

2024-02-03 23:46:51 - [TEST_STEP][PASSED] - feinSSN = findTestData(dataFile).getValue("FeinSsn", row): null

2024-02-03 23:46:51 - [TEST_STEP][PASSED] - if (ExecuteTC.equalsIgnoreCase("Y")): pages.WriteExcel.demoKey is PASSED

2024-02-03 23:46:51 - [TEST_STEP][PASSED] - out.println("Begin Record Number: " + row): null

2024-02-03 23:46:51 - [TEST_STEP][PASSED] - today = new java.util.Date(): null

2024-02-03 23:46:51 - [TEST_STEP][PASSED] - println(today): null

2024-02-03 23:46:51 - [TEST_STEP][PASSED] - datText = today: null

2024-02-03 23:46:51 - [TEST_STEP][PASSED] - logInfo("Payment Type: New Tax Return Amount Due"): Payment Type: New Tax Return Amount Due

2024-02-03 23:46:51 - [MESSAGE][INFO] - Payment Type: New Tax Return Amount Due

2024-02-03 23:46:51 - [TEST_STEP][PASSED] - logInfo("Tax Type: " + TaxType): Tax Type: Corporate Income Tax

2024-02-03 23:46:51 - [MESSAGE][INFO] - Tax Type: Corporate Income Tax

2024-02-03 23:46:51 - [TEST_STEP][PASSED] - openBrowser(""): Browser is opened with url: ''

2024-02-03 23:46:51 - [MESSAGE][WARNING] - A browser is already opened. Closing browser and opening a new one

2024-02-03 23:46:52 - [MESSAGE][INFO] - Starting 'Chrome' driver

2024-02-03 23:46:52 - [MESSAGE][INFO] - User set preference: ['acceptInsecureCerts', 'true']

2024-02-03 23:46:52 - [MESSAGE][INFO] - Action delay is set to 0 milliseconds

2024-02-03 23:46:54 - [MESSAGE][PASSED] - Browser is opened with url: ''

2024-02-03 23:46:54 - [TEST_STEP][PASSED] - maximizeWindow(): Current window maximized

2024-02-03 23:46:54 - [MESSAGE][PASSED] - Current window maximized

2024-02-03 23:46:54 - [TEST_STEP][PASSED] - navigateToUrl(RADurl): Navigate to 'https://qa2.velocitypayment.com/client/rad/index.html' successfully

2024-02-03 23:46:55 - [MESSAGE][PASSED] - Navigate to 'https://qa2.velocitypayment.com/client/rad/index.html' successfully

2024-02-03 23:46:55 - [TEST_STEP][PASSED] - selectOptionByLabel(findTestObject(orPath_Landing + "/dd_TaxType"), "New Tax Return Amount Due", false): All options with label 'New Tax Return Amount Due' are selected in object 'Object Repository/RAD_Pages/Landing_Page/dd_TaxType' 

2024-02-03 23:46:57 - [MESSAGE][PASSED] - All options with label 'New Tax Return Amount Due' are selected in object 'Object Repository/RAD_Pages/Landing_Page/dd_TaxType' 

2024-02-03 23:46:57 - [TEST_STEP][PASSED] - selectOptionByLabel(findTestObject("Object Repository/RAD_Pages/Landing_Page/select_NewTaxReturnAmountDue_TaxType"), TaxType, false): All options with label 'Corporate Income Tax' are selected in object 'Object Repository/RAD_Pages/Landing_Page/select_NewTaxReturnAmountDue_TaxType' 

2024-02-03 23:46:58 - [MESSAGE][PASSED] - All options with label 'Corporate Income Tax' are selected in object 'Object Repository/RAD_Pages/Landing_Page/select_NewTaxReturnAmountDue_TaxType' 

2024-02-03 23:46:58 - [TEST_STEP][PASSED] - selectOptionByLabel(findTestObject(orPath_TaxTypeFilingYear + "/select_FilingYear"), FilingYear, false): All options with label '2022' are selected in object 'Object Repository/RAD_Pages/TaxTypeFilingYear_Page/select_FilingYear' 

2024-02-03 23:46:58 - [MESSAGE][PASSED] - All options with label '2022' are selected in object 'Object Repository/RAD_Pages/TaxTypeFilingYear_Page/select_FilingYear' 

2024-02-03 23:46:58 - [TEST_STEP][PASSED] - setText(findTestObject(orPath_TaxPayer + "/input_businessName"), " "): Text ' ' is set on object 'Object Repository/RAD_Pages/Taxpayer_Page/input_businessName'

2024-02-03 23:46:59 - [MESSAGE][PASSED] - Text ' ' is set on object 'Object Repository/RAD_Pages/Taxpayer_Page/input_businessName'

2024-02-03 23:46:59 - [TEST_STEP][PASSED] - setText(findTestObject(orPath_TaxPayer + "/input_BusinessRepfirstName"), " "): Text ' ' is set on object 'Object Repository/RAD_Pages/Taxpayer_Page/input_BusinessRepfirstName'

2024-02-03 23:47:00 - [MESSAGE][PASSED] - Text ' ' is set on object 'Object Repository/RAD_Pages/Taxpayer_Page/input_BusinessRepfirstName'

2024-02-03 23:47:00 - [TEST_STEP][PASSED] - setText(findTestObject(orPath_TaxPayer + "/input_BusinessReplastName"), " "): Text ' ' is set on object 'Object Repository/RAD_Pages/Taxpayer_Page/input_BusinessReplastName'

2024-02-03 23:47:01 - [MESSAGE][PASSED] - Text ' ' is set on object 'Object Repository/RAD_Pages/Taxpayer_Page/input_BusinessReplastName'

2024-02-03 23:47:01 - [TEST_STEP][PASSED] - setText(findTestObject(orPath_AddressContact + "/input_streetAddress1"), " "): Text ' ' is set on object 'Object Repository/RAD_Pages/AddressAndContactInfo_Page/input_streetAddress1'

2024-02-03 23:47:01 - [MESSAGE][PASSED] - Text ' ' is set on object 'Object Repository/RAD_Pages/AddressAndContactInfo_Page/input_streetAddress1'

2024-02-03 23:47:01 - [TEST_STEP][PASSED] - setText(findTestObject(orPath_AddressContact + "/input_city"), " "): Text ' ' is set on object 'Object Repository/RAD_Pages/AddressAndContactInfo_Page/input_city'

2024-02-03 23:47:02 - [MESSAGE][PASSED] - Text ' ' is set on object 'Object Repository/RAD_Pages/AddressAndContactInfo_Page/input_city'

2024-02-03 23:47:02 - [TEST_STEP][PASSED] - setText(findTestObject(orPath_AddressContact + "/input_zipCode"), " "): Text ' ' is set on object 'Object Repository/RAD_Pages/AddressAndContactInfo_Page/input_zipCode'

2024-02-03 23:47:03 - [MESSAGE][PASSED] - Text ' ' is set on object 'Object Repository/RAD_Pages/AddressAndContactInfo_Page/input_zipCode'

2024-02-03 23:47:03 - [TEST_STEP][PASSED] - setText(findTestObject(orPath_AddressContact + "/input_phoneNumber"), " "): Text ' ' is set on object 'Object Repository/RAD_Pages/AddressAndContactInfo_Page/input_phoneNumber'

2024-02-03 23:47:03 - [MESSAGE][PASSED] - Text ' ' is set on object 'Object Repository/RAD_Pages/AddressAndContactInfo_Page/input_phoneNumber'

2024-02-03 23:47:03 - [TEST_STEP][PASSED] - setText(findTestObject(orPath_AddressContact + "/input_eMailAddress"), " "): Text ' ' is set on object 'Object Repository/RAD_Pages/AddressAndContactInfo_Page/input_eMailAddress'

2024-02-03 23:47:04 - [MESSAGE][PASSED] - Text ' ' is set on object 'Object Repository/RAD_Pages/AddressAndContactInfo_Page/input_eMailAddress'

2024-02-03 23:47:04 - [TEST_STEP][PASSED] - setText(findTestObject(orPath_AddressContact + "/input_reEnterEMailAddress"), " "): Text ' ' is set on object 'Object Repository/RAD_Pages/AddressAndContactInfo_Page/input_reEnterEMailAddress'

2024-02-03 23:47:05 - [MESSAGE][PASSED] - Text ' ' is set on object 'Object Repository/RAD_Pages/AddressAndContactInfo_Page/input_reEnterEMailAddress'

2024-02-03 23:47:05 - [TEST_STEP][PASSED] - if (TaxType.equalsIgnoreCase("Estate Tax")): null

2024-02-03 23:47:05 - [TEST_STEP][PASSED] - setText(findTestObject(orPath_Amount + "/input__paymentAmount"), ""): Text '' is set on object 'Object Repository/RAD_Pages/PaymentAmount_Page/input__paymentAmount'

2024-02-03 23:47:06 - [MESSAGE][PASSED] - Text '' is set on object 'Object Repository/RAD_Pages/PaymentAmount_Page/input__paymentAmount'

2024-02-03 23:47:06 - [TEST_STEP][PASSED] - resText = "Fail": null

2024-02-03 23:47:06 - [TEST_STEP][PASSED] - pages.WriteExcel.demoKey(resText, datText, resColumn, datCloumn, fileLoc, nameSheet, row): pages.WriteExcel.demoKey is PASSED

2024-02-03 23:47:06 - [MESSAGE][PASSED] - pages.WriteExcel.demoKey is PASSED

2024-02-03 23:47:06 - [TEST_STEP][PASSED] - verifyTextPresent("Enter business name", true, CONTINUE_ON_FAILURE): Text 'Enter business name' is present on page  using regular expression

2024-02-03 23:47:07 - [MESSAGE][PASSED] - Text 'Enter business name' is present on page  using regular expression

2024-02-03 23:47:07 - [TEST_STEP][PASSED] - verifyTextPresent("Enter business rep first name", true, CONTINUE_ON_FAILURE): Text 'Enter business rep first name' is present on page  using regular expression

2024-02-03 23:47:07 - [MESSAGE][PASSED] - Text 'Enter business rep first name' is present on page  using regular expression

2024-02-03 23:47:07 - [TEST_STEP][PASSED] - verifyTextPresent("Enter business rep last name", true, CONTINUE_ON_FAILURE): Text 'Enter business rep last name' is present on page  using regular expression

2024-02-03 23:47:08 - [MESSAGE][PASSED] - Text 'Enter business rep last name' is present on page  using regular expression

2024-02-03 23:47:08 - [TEST_STEP][PASSED] - verifyTextPresent("Enter address", true, CONTINUE_ON_FAILURE): Text 'Enter address' is present on page  using regular expression

2024-02-03 23:47:08 - [MESSAGE][PASSED] - Text 'Enter address' is present on page  using regular expression

2024-02-03 23:47:08 - [TEST_STEP][PASSED] - verifyTextPresent("Enter city", true, CONTINUE_ON_FAILURE): Text 'Enter city' is present on page  using regular expression

2024-02-03 23:47:09 - [MESSAGE][PASSED] - Text 'Enter city' is present on page  using regular expression

2024-02-03 23:47:09 - [TEST_STEP][PASSED] - verifyTextPresent("Enter ZIP code", true, CONTINUE_ON_FAILURE): Text 'Enter ZIP code' is present on page  using regular expression

2024-02-03 23:47:09 - [MESSAGE][PASSED] - Text 'Enter ZIP code' is present on page  using regular expression

2024-02-03 23:47:09 - [TEST_STEP][PASSED] - verifyTextPresent("Enter a valid phone number", true, CONTINUE_ON_FAILURE): Text 'Enter a valid phone number' is present on page  using regular expression

2024-02-03 23:47:09 - [MESSAGE][PASSED] - Text 'Enter a valid phone number' is present on page  using regular expression

2024-02-03 23:47:09 - [TEST_STEP][PASSED] - verifyTextPresent("Enter Email", true, CONTINUE_ON_FAILURE): Text 'Enter Email' is present on page  using regular expression

2024-02-03 23:47:10 - [MESSAGE][PASSED] - Text 'Enter Email' is present on page  using regular expression

2024-02-03 23:47:10 - [TEST_STEP][PASSED] - if (TaxType.equalsIgnoreCase("Estate Tax")): null

2024-02-03 23:47:10 - [TEST_STEP][PASSED] - resText = "Pass": null

2024-02-03 23:47:10 - [TEST_STEP][PASSED] - pages.WriteExcel.demoKey(resText, datText, resColumn, datCloumn, fileLoc, nameSheet, row): pages.WriteExcel.demoKey is PASSED

2024-02-03 23:47:10 - [MESSAGE][PASSED] - pages.WriteExcel.demoKey is PASSED

2024-02-03 23:47:10 - [TEST_STEP][PASSED] - ExecuteTC = findTestData(dataFile).getValue("Execute", row): null

2024-02-03 23:47:10 - [TEST_STEP][PASSED] - TaxType = findTestData(dataFile).getValue("TaxType", row): null

2024-02-03 23:47:10 - [TEST_STEP][PASSED] - PaymentType = findTestData(dataFile).getValue("PaymentType", row): null

2024-02-03 23:47:10 - [TEST_STEP][PASSED] - FilingYear = findTestData(dataFile).getValue("Year", row): null

2024-02-03 23:47:10 - [TEST_STEP][PASSED] - feinSSN = findTestData(dataFile).getValue("FeinSsn", row): null

2024-02-03 23:47:10 - [TEST_STEP][PASSED] - if (ExecuteTC.equalsIgnoreCase("Y")): pages.WriteExcel.demoKey is PASSED

2024-02-03 23:47:10 - [TEST_STEP][PASSED] - out.println("Begin Record Number: " + row): null

2024-02-03 23:47:10 - [TEST_STEP][PASSED] - today = new java.util.Date(): null

2024-02-03 23:47:10 - [TEST_STEP][PASSED] - println(today): null

2024-02-03 23:47:10 - [TEST_STEP][PASSED] - datText = today: null

2024-02-03 23:47:10 - [TEST_STEP][PASSED] - logInfo("Payment Type: New Tax Return Amount Due"): Payment Type: New Tax Return Amount Due

2024-02-03 23:47:10 - [MESSAGE][INFO] - Payment Type: New Tax Return Amount Due

2024-02-03 23:47:10 - [TEST_STEP][PASSED] - logInfo("Tax Type: " + TaxType): Tax Type: Motor Fuel Tax

2024-02-03 23:47:10 - [MESSAGE][INFO] - Tax Type: Motor Fuel Tax

2024-02-03 23:47:10 - [TEST_STEP][PASSED] - openBrowser(""): Browser is opened with url: ''

2024-02-03 23:47:10 - [MESSAGE][WARNING] - A browser is already opened. Closing browser and opening a new one

2024-02-03 23:47:12 - [MESSAGE][INFO] - Starting 'Chrome' driver

2024-02-03 23:47:12 - [MESSAGE][INFO] - User set preference: ['acceptInsecureCerts', 'true']

2024-02-03 23:47:12 - [MESSAGE][INFO] - Action delay is set to 0 milliseconds

2024-02-03 23:47:13 - [MESSAGE][PASSED] - Browser is opened with url: ''

2024-02-03 23:47:13 - [TEST_STEP][PASSED] - maximizeWindow(): Current window maximized

2024-02-03 23:47:14 - [MESSAGE][PASSED] - Current window maximized

2024-02-03 23:47:14 - [TEST_STEP][PASSED] - navigateToUrl(RADurl): Navigate to 'https://qa2.velocitypayment.com/client/rad/index.html' successfully

2024-02-03 23:47:14 - [MESSAGE][PASSED] - Navigate to 'https://qa2.velocitypayment.com/client/rad/index.html' successfully

2024-02-03 23:47:14 - [TEST_STEP][PASSED] - selectOptionByLabel(findTestObject(orPath_Landing + "/dd_TaxType"), "New Tax Return Amount Due", false): All options with label 'New Tax Return Amount Due' are selected in object 'Object Repository/RAD_Pages/Landing_Page/dd_TaxType' 

2024-02-03 23:47:16 - [MESSAGE][PASSED] - All options with label 'New Tax Return Amount Due' are selected in object 'Object Repository/RAD_Pages/Landing_Page/dd_TaxType' 

2024-02-03 23:47:16 - [TEST_STEP][PASSED] - selectOptionByLabel(findTestObject("Object Repository/RAD_Pages/Landing_Page/select_NewTaxReturnAmountDue_TaxType"), TaxType, false): All options with label 'Motor Fuel Tax' are selected in object 'Object Repository/RAD_Pages/Landing_Page/select_NewTaxReturnAmountDue_TaxType' 

2024-02-03 23:47:17 - [MESSAGE][PASSED] - All options with label 'Motor Fuel Tax' are selected in object 'Object Repository/RAD_Pages/Landing_Page/select_NewTaxReturnAmountDue_TaxType' 

2024-02-03 23:47:17 - [TEST_STEP][PASSED] - selectOptionByLabel(findTestObject(orPath_TaxTypeFilingYear + "/select_FilingYear"), FilingYear, false): All options with label '2022' are selected in object 'Object Repository/RAD_Pages/TaxTypeFilingYear_Page/select_FilingYear' 

2024-02-03 23:47:18 - [MESSAGE][PASSED] - All options with label '2022' are selected in object 'Object Repository/RAD_Pages/TaxTypeFilingYear_Page/select_FilingYear' 

2024-02-03 23:47:18 - [TEST_STEP][PASSED] - setText(findTestObject(orPath_TaxPayer + "/input_businessName"), " "): Text ' ' is set on object 'Object Repository/RAD_Pages/Taxpayer_Page/input_businessName'

2024-02-03 23:47:19 - [MESSAGE][PASSED] - Text ' ' is set on object 'Object Repository/RAD_Pages/Taxpayer_Page/input_businessName'

2024-02-03 23:47:19 - [TEST_STEP][PASSED] - setText(findTestObject(orPath_TaxPayer + "/input_BusinessRepfirstName"), " "): Text ' ' is set on object 'Object Repository/RAD_Pages/Taxpayer_Page/input_BusinessRepfirstName'

2024-02-03 23:47:19 - [MESSAGE][PASSED] - Text ' ' is set on object 'Object Repository/RAD_Pages/Taxpayer_Page/input_BusinessRepfirstName'

2024-02-03 23:47:19 - [TEST_STEP][PASSED] - setText(findTestObject(orPath_TaxPayer + "/input_BusinessReplastName"), " "): Text ' ' is set on object 'Object Repository/RAD_Pages/Taxpayer_Page/input_BusinessReplastName'

2024-02-03 23:47:20 - [MESSAGE][PASSED] - Text ' ' is set on object 'Object Repository/RAD_Pages/Taxpayer_Page/input_BusinessReplastName'

2024-02-03 23:47:20 - [TEST_STEP][PASSED] - setText(findTestObject(orPath_AddressContact + "/input_streetAddress1"), " "): Text ' ' is set on object 'Object Repository/RAD_Pages/AddressAndContactInfo_Page/input_streetAddress1'

2024-02-03 23:47:21 - [MESSAGE][PASSED] - Text ' ' is set on object 'Object Repository/RAD_Pages/AddressAndContactInfo_Page/input_streetAddress1'

2024-02-03 23:47:21 - [TEST_STEP][PASSED] - setText(findTestObject(orPath_AddressContact + "/input_city"), " "): Text ' ' is set on object 'Object Repository/RAD_Pages/AddressAndContactInfo_Page/input_city'

2024-02-03 23:47:22 - [MESSAGE][PASSED] - Text ' ' is set on object 'Object Repository/RAD_Pages/AddressAndContactInfo_Page/input_city'

2024-02-03 23:47:22 - [TEST_STEP][PASSED] - setText(findTestObject(orPath_AddressContact + "/input_zipCode"), " "): Text ' ' is set on object 'Object Repository/RAD_Pages/AddressAndContactInfo_Page/input_zipCode'

2024-02-03 23:47:22 - [MESSAGE][PASSED] - Text ' ' is set on object 'Object Repository/RAD_Pages/AddressAndContactInfo_Page/input_zipCode'

2024-02-03 23:47:22 - [TEST_STEP][PASSED] - setText(findTestObject(orPath_AddressContact + "/input_phoneNumber"), " "): Text ' ' is set on object 'Object Repository/RAD_Pages/AddressAndContactInfo_Page/input_phoneNumber'

2024-02-03 23:47:23 - [MESSAGE][PASSED] - Text ' ' is set on object 'Object Repository/RAD_Pages/AddressAndContactInfo_Page/input_phoneNumber'

2024-02-03 23:47:23 - [TEST_STEP][PASSED] - setText(findTestObject(orPath_AddressContact + "/input_eMailAddress"), " "): Text ' ' is set on object 'Object Repository/RAD_Pages/AddressAndContactInfo_Page/input_eMailAddress'

2024-02-03 23:47:24 - [MESSAGE][PASSED] - Text ' ' is set on object 'Object Repository/RAD_Pages/AddressAndContactInfo_Page/input_eMailAddress'

2024-02-03 23:47:24 - [TEST_STEP][PASSED] - setText(findTestObject(orPath_AddressContact + "/input_reEnterEMailAddress"), " "): Text ' ' is set on object 'Object Repository/RAD_Pages/AddressAndContactInfo_Page/input_reEnterEMailAddress'

2024-02-03 23:47:25 - [MESSAGE][PASSED] - Text ' ' is set on object 'Object Repository/RAD_Pages/AddressAndContactInfo_Page/input_reEnterEMailAddress'

2024-02-03 23:47:25 - [TEST_STEP][PASSED] - if (TaxType.equalsIgnoreCase("Estate Tax")): null

2024-02-03 23:47:25 - [TEST_STEP][PASSED] - setText(findTestObject(orPath_Amount + "/input__paymentAmount"), ""): Text '' is set on object 'Object Repository/RAD_Pages/PaymentAmount_Page/input__paymentAmount'

2024-02-03 23:47:26 - [MESSAGE][PASSED] - Text '' is set on object 'Object Repository/RAD_Pages/PaymentAmount_Page/input__paymentAmount'

2024-02-03 23:47:26 - [TEST_STEP][PASSED] - resText = "Fail": null

2024-02-03 23:47:26 - [TEST_STEP][PASSED] - pages.WriteExcel.demoKey(resText, datText, resColumn, datCloumn, fileLoc, nameSheet, row): pages.WriteExcel.demoKey is PASSED

2024-02-03 23:47:26 - [MESSAGE][PASSED] - pages.WriteExcel.demoKey is PASSED

2024-02-03 23:47:26 - [TEST_STEP][PASSED] - verifyTextPresent("Enter business name", true, CONTINUE_ON_FAILURE): Text 'Enter business name' is present on page  using regular expression

2024-02-03 23:47:27 - [MESSAGE][PASSED] - Text 'Enter business name' is present on page  using regular expression

2024-02-03 23:47:27 - [TEST_STEP][PASSED] - verifyTextPresent("Enter business rep first name", true, CONTINUE_ON_FAILURE): Text 'Enter business rep first name' is present on page  using regular expression

2024-02-03 23:47:27 - [MESSAGE][PASSED] - Text 'Enter business rep first name' is present on page  using regular expression

2024-02-03 23:47:27 - [TEST_STEP][PASSED] - verifyTextPresent("Enter business rep last name", true, CONTINUE_ON_FAILURE): Text 'Enter business rep last name' is present on page  using regular expression

2024-02-03 23:47:28 - [MESSAGE][PASSED] - Text 'Enter business rep last name' is present on page  using regular expression

2024-02-03 23:47:28 - [TEST_STEP][PASSED] - verifyTextPresent("Enter address", true, CONTINUE_ON_FAILURE): Text 'Enter address' is present on page  using regular expression

2024-02-03 23:47:28 - [MESSAGE][PASSED] - Text 'Enter address' is present on page  using regular expression

2024-02-03 23:47:28 - [TEST_STEP][PASSED] - verifyTextPresent("Enter city", true, CONTINUE_ON_FAILURE): Text 'Enter city' is present on page  using regular expression

2024-02-03 23:47:28 - [MESSAGE][PASSED] - Text 'Enter city' is present on page  using regular expression

2024-02-03 23:47:28 - [TEST_STEP][PASSED] - verifyTextPresent("Enter ZIP code", true, CONTINUE_ON_FAILURE): Text 'Enter ZIP code' is present on page  using regular expression

2024-02-03 23:47:29 - [MESSAGE][PASSED] - Text 'Enter ZIP code' is present on page  using regular expression

2024-02-03 23:47:29 - [TEST_STEP][PASSED] - verifyTextPresent("Enter a valid phone number", true, CONTINUE_ON_FAILURE): Text 'Enter a valid phone number' is present on page  using regular expression

2024-02-03 23:47:29 - [MESSAGE][PASSED] - Text 'Enter a valid phone number' is present on page  using regular expression

2024-02-03 23:47:29 - [TEST_STEP][PASSED] - verifyTextPresent("Enter Email", true, CONTINUE_ON_FAILURE): Text 'Enter Email' is present on page  using regular expression

2024-02-03 23:47:30 - [MESSAGE][PASSED] - Text 'Enter Email' is present on page  using regular expression

2024-02-03 23:47:30 - [TEST_STEP][PASSED] - if (TaxType.equalsIgnoreCase("Estate Tax")): null

2024-02-03 23:47:30 - [TEST_STEP][PASSED] - resText = "Pass": null

2024-02-03 23:47:30 - [TEST_STEP][PASSED] - pages.WriteExcel.demoKey(resText, datText, resColumn, datCloumn, fileLoc, nameSheet, row): pages.WriteExcel.demoKey is PASSED

2024-02-03 23:47:30 - [MESSAGE][PASSED] - pages.WriteExcel.demoKey is PASSED

2024-02-03 23:47:30 - [TEST_STEP][PASSED] - ExecuteTC = findTestData(dataFile).getValue("Execute", row): null

2024-02-03 23:47:30 - [TEST_STEP][PASSED] - TaxType = findTestData(dataFile).getValue("TaxType", row): null

2024-02-03 23:47:30 - [TEST_STEP][PASSED] - PaymentType = findTestData(dataFile).getValue("PaymentType", row): null

2024-02-03 23:47:30 - [TEST_STEP][PASSED] - FilingYear = findTestData(dataFile).getValue("Year", row): null

2024-02-03 23:47:30 - [TEST_STEP][PASSED] - feinSSN = findTestData(dataFile).getValue("FeinSsn", row): null

2024-02-03 23:47:30 - [TEST_STEP][PASSED] - if (ExecuteTC.equalsIgnoreCase("Y")): pages.WriteExcel.demoKey is PASSED

2024-02-03 23:47:30 - [TEST_STEP][PASSED] - out.println("Begin Record Number: " + row): null

2024-02-03 23:47:30 - [TEST_STEP][PASSED] - today = new java.util.Date(): null

2024-02-03 23:47:30 - [TEST_STEP][PASSED] - println(today): null

2024-02-03 23:47:30 - [TEST_STEP][PASSED] - datText = today: null

2024-02-03 23:47:30 - [TEST_STEP][PASSED] - logInfo("Payment Type: New Tax Return Amount Due"): Payment Type: New Tax Return Amount Due

2024-02-03 23:47:30 - [MESSAGE][INFO] - Payment Type: New Tax Return Amount Due

2024-02-03 23:47:30 - [TEST_STEP][PASSED] - logInfo("Tax Type: " + TaxType): Tax Type: Sales and Use Tax

2024-02-03 23:47:30 - [MESSAGE][INFO] - Tax Type: Sales and Use Tax

2024-02-03 23:47:30 - [TEST_STEP][PASSED] - openBrowser(""): Browser is opened with url: ''

2024-02-03 23:47:30 - [MESSAGE][WARNING] - A browser is already opened. Closing browser and opening a new one

2024-02-03 23:47:31 - [MESSAGE][INFO] - Starting 'Chrome' driver

2024-02-03 23:47:31 - [MESSAGE][INFO] - User set preference: ['acceptInsecureCerts', 'true']

2024-02-03 23:47:31 - [MESSAGE][INFO] - Action delay is set to 0 milliseconds

2024-02-03 23:47:33 - [MESSAGE][PASSED] - Browser is opened with url: ''

2024-02-03 23:47:33 - [TEST_STEP][PASSED] - maximizeWindow(): Current window maximized

2024-02-03 23:47:33 - [MESSAGE][PASSED] - Current window maximized

2024-02-03 23:47:33 - [TEST_STEP][PASSED] - navigateToUrl(RADurl): Navigate to 'https://qa2.velocitypayment.com/client/rad/index.html' successfully

2024-02-03 23:47:35 - [MESSAGE][PASSED] - Navigate to 'https://qa2.velocitypayment.com/client/rad/index.html' successfully

2024-02-03 23:47:35 - [TEST_STEP][PASSED] - selectOptionByLabel(findTestObject(orPath_Landing + "/dd_TaxType"), "New Tax Return Amount Due", false): All options with label 'New Tax Return Amount Due' are selected in object 'Object Repository/RAD_Pages/Landing_Page/dd_TaxType' 

2024-02-03 23:47:36 - [MESSAGE][PASSED] - All options with label 'New Tax Return Amount Due' are selected in object 'Object Repository/RAD_Pages/Landing_Page/dd_TaxType' 

2024-02-03 23:47:36 - [TEST_STEP][PASSED] - selectOptionByLabel(findTestObject("Object Repository/RAD_Pages/Landing_Page/select_NewTaxReturnAmountDue_TaxType"), TaxType, false): All options with label 'Sales and Use Tax' are selected in object 'Object Repository/RAD_Pages/Landing_Page/select_NewTaxReturnAmountDue_TaxType' 

2024-02-03 23:47:37 - [MESSAGE][PASSED] - All options with label 'Sales and Use Tax' are selected in object 'Object Repository/RAD_Pages/Landing_Page/select_NewTaxReturnAmountDue_TaxType' 

2024-02-03 23:47:37 - [TEST_STEP][PASSED] - selectOptionByLabel(findTestObject(orPath_TaxTypeFilingYear + "/select_FilingYear"), FilingYear, false): All options with label '2022' are selected in object 'Object Repository/RAD_Pages/TaxTypeFilingYear_Page/select_FilingYear' 

2024-02-03 23:47:38 - [MESSAGE][PASSED] - All options with label '2022' are selected in object 'Object Repository/RAD_Pages/TaxTypeFilingYear_Page/select_FilingYear' 

2024-02-03 23:47:38 - [TEST_STEP][PASSED] - setText(findTestObject(orPath_TaxPayer + "/input_businessName"), " "): Text ' ' is set on object 'Object Repository/RAD_Pages/Taxpayer_Page/input_businessName'

2024-02-03 23:47:38 - [MESSAGE][PASSED] - Text ' ' is set on object 'Object Repository/RAD_Pages/Taxpayer_Page/input_businessName'

2024-02-03 23:47:38 - [TEST_STEP][PASSED] - setText(findTestObject(orPath_TaxPayer + "/input_BusinessRepfirstName"), " "): Text ' ' is set on object 'Object Repository/RAD_Pages/Taxpayer_Page/input_BusinessRepfirstName'

2024-02-03 23:47:39 - [MESSAGE][PASSED] - Text ' ' is set on object 'Object Repository/RAD_Pages/Taxpayer_Page/input_BusinessRepfirstName'

2024-02-03 23:47:39 - [TEST_STEP][PASSED] - setText(findTestObject(orPath_TaxPayer + "/input_BusinessReplastName"), " "): Text ' ' is set on object 'Object Repository/RAD_Pages/Taxpayer_Page/input_BusinessReplastName'

2024-02-03 23:47:40 - [MESSAGE][PASSED] - Text ' ' is set on object 'Object Repository/RAD_Pages/Taxpayer_Page/input_BusinessReplastName'

2024-02-03 23:47:40 - [TEST_STEP][PASSED] - setText(findTestObject(orPath_AddressContact + "/input_streetAddress1"), " "): Text ' ' is set on object 'Object Repository/RAD_Pages/AddressAndContactInfo_Page/input_streetAddress1'

2024-02-03 23:47:40 - [MESSAGE][PASSED] - Text ' ' is set on object 'Object Repository/RAD_Pages/AddressAndContactInfo_Page/input_streetAddress1'

2024-02-03 23:47:40 - [TEST_STEP][PASSED] - setText(findTestObject(orPath_AddressContact + "/input_city"), " "): Text ' ' is set on object 'Object Repository/RAD_Pages/AddressAndContactInfo_Page/input_city'

2024-02-03 23:47:41 - [MESSAGE][PASSED] - Text ' ' is set on object 'Object Repository/RAD_Pages/AddressAndContactInfo_Page/input_city'

2024-02-03 23:47:41 - [TEST_STEP][PASSED] - setText(findTestObject(orPath_AddressContact + "/input_zipCode"), " "): Text ' ' is set on object 'Object Repository/RAD_Pages/AddressAndContactInfo_Page/input_zipCode'

2024-02-03 23:47:42 - [MESSAGE][PASSED] - Text ' ' is set on object 'Object Repository/RAD_Pages/AddressAndContactInfo_Page/input_zipCode'

2024-02-03 23:47:42 - [TEST_STEP][PASSED] - setText(findTestObject(orPath_AddressContact + "/input_phoneNumber"), " "): Text ' ' is set on object 'Object Repository/RAD_Pages/AddressAndContactInfo_Page/input_phoneNumber'

2024-02-03 23:47:43 - [MESSAGE][PASSED] - Text ' ' is set on object 'Object Repository/RAD_Pages/AddressAndContactInfo_Page/input_phoneNumber'

2024-02-03 23:47:43 - [TEST_STEP][PASSED] - setText(findTestObject(orPath_AddressContact + "/input_eMailAddress"), " "): Text ' ' is set on object 'Object Repository/RAD_Pages/AddressAndContactInfo_Page/input_eMailAddress'

2024-02-03 23:47:44 - [MESSAGE][PASSED] - Text ' ' is set on object 'Object Repository/RAD_Pages/AddressAndContactInfo_Page/input_eMailAddress'

2024-02-03 23:47:44 - [TEST_STEP][PASSED] - setText(findTestObject(orPath_AddressContact + "/input_reEnterEMailAddress"), " "): Text ' ' is set on object 'Object Repository/RAD_Pages/AddressAndContactInfo_Page/input_reEnterEMailAddress'

2024-02-03 23:47:45 - [MESSAGE][PASSED] - Text ' ' is set on object 'Object Repository/RAD_Pages/AddressAndContactInfo_Page/input_reEnterEMailAddress'

2024-02-03 23:47:45 - [TEST_STEP][PASSED] - if (TaxType.equalsIgnoreCase("Estate Tax")): null

2024-02-03 23:47:45 - [TEST_STEP][PASSED] - setText(findTestObject(orPath_Amount + "/input__paymentAmount"), ""): Text '' is set on object 'Object Repository/RAD_Pages/PaymentAmount_Page/input__paymentAmount'

2024-02-03 23:47:45 - [MESSAGE][PASSED] - Text '' is set on object 'Object Repository/RAD_Pages/PaymentAmount_Page/input__paymentAmount'

2024-02-03 23:47:45 - [TEST_STEP][PASSED] - resText = "Fail": null

2024-02-03 23:47:45 - [TEST_STEP][PASSED] - pages.WriteExcel.demoKey(resText, datText, resColumn, datCloumn, fileLoc, nameSheet, row): pages.WriteExcel.demoKey is PASSED

2024-02-03 23:47:46 - [MESSAGE][PASSED] - pages.WriteExcel.demoKey is PASSED

2024-02-03 23:47:46 - [TEST_STEP][PASSED] - verifyTextPresent("Enter business name", true, CONTINUE_ON_FAILURE): Text 'Enter business name' is present on page  using regular expression

2024-02-03 23:47:46 - [MESSAGE][PASSED] - Text 'Enter business name' is present on page  using regular expression

2024-02-03 23:47:46 - [TEST_STEP][PASSED] - verifyTextPresent("Enter business rep first name", true, CONTINUE_ON_FAILURE): Text 'Enter business rep first name' is present on page  using regular expression

2024-02-03 23:47:46 - [MESSAGE][PASSED] - Text 'Enter business rep first name' is present on page  using regular expression

2024-02-03 23:47:46 - [TEST_STEP][PASSED] - verifyTextPresent("Enter business rep last name", true, CONTINUE_ON_FAILURE): Text 'Enter business rep last name' is present on page  using regular expression

2024-02-03 23:47:47 - [MESSAGE][PASSED] - Text 'Enter business rep last name' is present on page  using regular expression

2024-02-03 23:47:47 - [TEST_STEP][PASSED] - verifyTextPresent("Enter address", true, CONTINUE_ON_FAILURE): Text 'Enter address' is present on page  using regular expression

2024-02-03 23:47:47 - [MESSAGE][PASSED] - Text 'Enter address' is present on page  using regular expression

2024-02-03 23:47:47 - [TEST_STEP][PASSED] - verifyTextPresent("Enter city", true, CONTINUE_ON_FAILURE): Text 'Enter city' is present on page  using regular expression

2024-02-03 23:47:48 - [MESSAGE][PASSED] - Text 'Enter city' is present on page  using regular expression

2024-02-03 23:47:48 - [TEST_STEP][PASSED] - verifyTextPresent("Enter ZIP code", true, CONTINUE_ON_FAILURE): Text 'Enter ZIP code' is present on page  using regular expression

2024-02-03 23:47:48 - [MESSAGE][PASSED] - Text 'Enter ZIP code' is present on page  using regular expression

2024-02-03 23:47:48 - [TEST_STEP][PASSED] - verifyTextPresent("Enter a valid phone number", true, CONTINUE_ON_FAILURE): Text 'Enter a valid phone number' is present on page  using regular expression

2024-02-03 23:47:48 - [MESSAGE][PASSED] - Text 'Enter a valid phone number' is present on page  using regular expression

2024-02-03 23:47:48 - [TEST_STEP][PASSED] - verifyTextPresent("Enter Email", true, CONTINUE_ON_FAILURE): Text 'Enter Email' is present on page  using regular expression

2024-02-03 23:47:49 - [MESSAGE][PASSED] - Text 'Enter Email' is present on page  using regular expression

2024-02-03 23:47:49 - [TEST_STEP][PASSED] - if (TaxType.equalsIgnoreCase("Estate Tax")): null

2024-02-03 23:47:49 - [TEST_STEP][PASSED] - resText = "Pass": null

2024-02-03 23:47:49 - [TEST_STEP][PASSED] - pages.WriteExcel.demoKey(resText, datText, resColumn, datCloumn, fileLoc, nameSheet, row): pages.WriteExcel.demoKey is PASSED

2024-02-03 23:47:49 - [MESSAGE][PASSED] - pages.WriteExcel.demoKey is PASSED

2024-02-03 23:47:49 - [TEST_STEP][PASSED] - ExecuteTC = findTestData(dataFile).getValue("Execute", row): null

2024-02-03 23:47:49 - [TEST_STEP][PASSED] - TaxType = findTestData(dataFile).getValue("TaxType", row): null

2024-02-03 23:47:49 - [TEST_STEP][PASSED] - PaymentType = findTestData(dataFile).getValue("PaymentType", row): null

2024-02-03 23:47:49 - [TEST_STEP][PASSED] - FilingYear = findTestData(dataFile).getValue("Year", row): null

2024-02-03 23:47:49 - [TEST_STEP][PASSED] - feinSSN = findTestData(dataFile).getValue("FeinSsn", row): null

2024-02-03 23:47:49 - [TEST_STEP][PASSED] - if (ExecuteTC.equalsIgnoreCase("Y")): pages.WriteExcel.demoKey is PASSED

2024-02-03 23:47:49 - [TEST_STEP][PASSED] - out.println("Begin Record Number: " + row): null

2024-02-03 23:47:49 - [TEST_STEP][PASSED] - today = new java.util.Date(): null

2024-02-03 23:47:49 - [TEST_STEP][PASSED] - println(today): null

2024-02-03 23:47:49 - [TEST_STEP][PASSED] - datText = today: null

2024-02-03 23:47:49 - [TEST_STEP][PASSED] - logInfo("Payment Type: New Tax Return Amount Due"): Payment Type: New Tax Return Amount Due

2024-02-03 23:47:49 - [MESSAGE][INFO] - Payment Type: New Tax Return Amount Due

2024-02-03 23:47:49 - [TEST_STEP][PASSED] - logInfo("Tax Type: " + TaxType): Tax Type: Slots License Fee

2024-02-03 23:47:49 - [MESSAGE][INFO] - Tax Type: Slots License Fee

2024-02-03 23:47:49 - [TEST_STEP][PASSED] - openBrowser(""): Browser is opened with url: ''

2024-02-03 23:47:49 - [MESSAGE][WARNING] - A browser is already opened. Closing browser and opening a new one

2024-02-03 23:47:51 - [MESSAGE][INFO] - Starting 'Chrome' driver

2024-02-03 23:47:51 - [MESSAGE][INFO] - User set preference: ['acceptInsecureCerts', 'true']

2024-02-03 23:47:51 - [MESSAGE][INFO] - Action delay is set to 0 milliseconds

2024-02-03 23:47:52 - [MESSAGE][PASSED] - Browser is opened with url: ''

2024-02-03 23:47:52 - [TEST_STEP][PASSED] - maximizeWindow(): Current window maximized

2024-02-03 23:47:52 - [MESSAGE][PASSED] - Current window maximized

2024-02-03 23:47:52 - [TEST_STEP][PASSED] - navigateToUrl(RADurl): Navigate to 'https://qa2.velocitypayment.com/client/rad/index.html' successfully

2024-02-03 23:47:54 - [MESSAGE][PASSED] - Navigate to 'https://qa2.velocitypayment.com/client/rad/index.html' successfully

2024-02-03 23:47:54 - [TEST_STEP][PASSED] - selectOptionByLabel(findTestObject(orPath_Landing + "/dd_TaxType"), "New Tax Return Amount Due", false): All options with label 'New Tax Return Amount Due' are selected in object 'Object Repository/RAD_Pages/Landing_Page/dd_TaxType' 

2024-02-03 23:47:55 - [MESSAGE][PASSED] - All options with label 'New Tax Return Amount Due' are selected in object 'Object Repository/RAD_Pages/Landing_Page/dd_TaxType' 

2024-02-03 23:47:55 - [TEST_STEP][PASSED] - selectOptionByLabel(findTestObject("Object Repository/RAD_Pages/Landing_Page/select_NewTaxReturnAmountDue_TaxType"), TaxType, false): All options with label 'Slots License Fee' are selected in object 'Object Repository/RAD_Pages/Landing_Page/select_NewTaxReturnAmountDue_TaxType' 

2024-02-03 23:47:56 - [MESSAGE][PASSED] - All options with label 'Slots License Fee' are selected in object 'Object Repository/RAD_Pages/Landing_Page/select_NewTaxReturnAmountDue_TaxType' 

2024-02-03 23:47:56 - [TEST_STEP][PASSED] - selectOptionByLabel(findTestObject(orPath_TaxTypeFilingYear + "/select_FilingYear"), FilingYear, false): All options with label '2022' are selected in object 'Object Repository/RAD_Pages/TaxTypeFilingYear_Page/select_FilingYear' 

2024-02-03 23:47:57 - [MESSAGE][PASSED] - All options with label '2022' are selected in object 'Object Repository/RAD_Pages/TaxTypeFilingYear_Page/select_FilingYear' 

2024-02-03 23:47:57 - [TEST_STEP][PASSED] - setText(findTestObject(orPath_TaxPayer + "/input_businessName"), " "): Text ' ' is set on object 'Object Repository/RAD_Pages/Taxpayer_Page/input_businessName'

2024-02-03 23:47:57 - [MESSAGE][PASSED] - Text ' ' is set on object 'Object Repository/RAD_Pages/Taxpayer_Page/input_businessName'

2024-02-03 23:47:57 - [TEST_STEP][PASSED] - setText(findTestObject(orPath_TaxPayer + "/input_BusinessRepfirstName"), " "): Text ' ' is set on object 'Object Repository/RAD_Pages/Taxpayer_Page/input_BusinessRepfirstName'

2024-02-03 23:47:58 - [MESSAGE][PASSED] - Text ' ' is set on object 'Object Repository/RAD_Pages/Taxpayer_Page/input_BusinessRepfirstName'

2024-02-03 23:47:58 - [TEST_STEP][PASSED] - setText(findTestObject(orPath_TaxPayer + "/input_BusinessReplastName"), " "): Text ' ' is set on object 'Object Repository/RAD_Pages/Taxpayer_Page/input_BusinessReplastName'

2024-02-03 23:47:59 - [MESSAGE][PASSED] - Text ' ' is set on object 'Object Repository/RAD_Pages/Taxpayer_Page/input_BusinessReplastName'

2024-02-03 23:47:59 - [TEST_STEP][PASSED] - setText(findTestObject(orPath_AddressContact + "/input_streetAddress1"), " "): Text ' ' is set on object 'Object Repository/RAD_Pages/AddressAndContactInfo_Page/input_streetAddress1'

2024-02-03 23:47:59 - [MESSAGE][PASSED] - Text ' ' is set on object 'Object Repository/RAD_Pages/AddressAndContactInfo_Page/input_streetAddress1'

2024-02-03 23:47:59 - [TEST_STEP][PASSED] - setText(findTestObject(orPath_AddressContact + "/input_city"), " "): Text ' ' is set on object 'Object Repository/RAD_Pages/AddressAndContactInfo_Page/input_city'

2024-02-03 23:48:00 - [MESSAGE][PASSED] - Text ' ' is set on object 'Object Repository/RAD_Pages/AddressAndContactInfo_Page/input_city'

2024-02-03 23:48:00 - [TEST_STEP][PASSED] - setText(findTestObject(orPath_AddressContact + "/input_zipCode"), " "): Text ' ' is set on object 'Object Repository/RAD_Pages/AddressAndContactInfo_Page/input_zipCode'

2024-02-03 23:48:01 - [MESSAGE][PASSED] - Text ' ' is set on object 'Object Repository/RAD_Pages/AddressAndContactInfo_Page/input_zipCode'

2024-02-03 23:48:01 - [TEST_STEP][PASSED] - setText(findTestObject(orPath_AddressContact + "/input_phoneNumber"), " "): Text ' ' is set on object 'Object Repository/RAD_Pages/AddressAndContactInfo_Page/input_phoneNumber'

2024-02-03 23:48:02 - [MESSAGE][PASSED] - Text ' ' is set on object 'Object Repository/RAD_Pages/AddressAndContactInfo_Page/input_phoneNumber'

2024-02-03 23:48:02 - [TEST_STEP][PASSED] - setText(findTestObject(orPath_AddressContact + "/input_eMailAddress"), " "): Text ' ' is set on object 'Object Repository/RAD_Pages/AddressAndContactInfo_Page/input_eMailAddress'

2024-02-03 23:48:03 - [MESSAGE][PASSED] - Text ' ' is set on object 'Object Repository/RAD_Pages/AddressAndContactInfo_Page/input_eMailAddress'

2024-02-03 23:48:03 - [TEST_STEP][PASSED] - setText(findTestObject(orPath_AddressContact + "/input_reEnterEMailAddress"), " "): Text ' ' is set on object 'Object Repository/RAD_Pages/AddressAndContactInfo_Page/input_reEnterEMailAddress'

2024-02-03 23:48:04 - [MESSAGE][PASSED] - Text ' ' is set on object 'Object Repository/RAD_Pages/AddressAndContactInfo_Page/input_reEnterEMailAddress'

2024-02-03 23:48:04 - [TEST_STEP][PASSED] - if (TaxType.equalsIgnoreCase("Estate Tax")): null

2024-02-03 23:48:04 - [TEST_STEP][PASSED] - setText(findTestObject(orPath_Amount + "/input__paymentAmount"), ""): Text '' is set on object 'Object Repository/RAD_Pages/PaymentAmount_Page/input__paymentAmount'

2024-02-03 23:48:04 - [MESSAGE][PASSED] - Text '' is set on object 'Object Repository/RAD_Pages/PaymentAmount_Page/input__paymentAmount'

2024-02-03 23:48:04 - [TEST_STEP][PASSED] - resText = "Fail": null

2024-02-03 23:48:04 - [TEST_STEP][PASSED] - pages.WriteExcel.demoKey(resText, datText, resColumn, datCloumn, fileLoc, nameSheet, row): pages.WriteExcel.demoKey is PASSED

2024-02-03 23:48:05 - [MESSAGE][PASSED] - pages.WriteExcel.demoKey is PASSED

2024-02-03 23:48:05 - [TEST_STEP][PASSED] - verifyTextPresent("Enter business name", true, CONTINUE_ON_FAILURE): Text 'Enter business name' is present on page  using regular expression

2024-02-03 23:48:05 - [MESSAGE][PASSED] - Text 'Enter business name' is present on page  using regular expression

2024-02-03 23:48:05 - [TEST_STEP][PASSED] - verifyTextPresent("Enter business rep first name", true, CONTINUE_ON_FAILURE): Text 'Enter business rep first name' is present on page  using regular expression

2024-02-03 23:48:06 - [MESSAGE][PASSED] - Text 'Enter business rep first name' is present on page  using regular expression

2024-02-03 23:48:06 - [TEST_STEP][PASSED] - verifyTextPresent("Enter business rep last name", true, CONTINUE_ON_FAILURE): Text 'Enter business rep last name' is present on page  using regular expression

2024-02-03 23:48:06 - [MESSAGE][PASSED] - Text 'Enter business rep last name' is present on page  using regular expression

2024-02-03 23:48:06 - [TEST_STEP][PASSED] - verifyTextPresent("Enter address", true, CONTINUE_ON_FAILURE): Text 'Enter address' is present on page  using regular expression

2024-02-03 23:48:06 - [MESSAGE][PASSED] - Text 'Enter address' is present on page  using regular expression

2024-02-03 23:48:06 - [TEST_STEP][PASSED] - verifyTextPresent("Enter city", true, CONTINUE_ON_FAILURE): Text 'Enter city' is present on page  using regular expression

2024-02-03 23:48:07 - [MESSAGE][PASSED] - Text 'Enter city' is present on page  using regular expression

2024-02-03 23:48:07 - [TEST_STEP][PASSED] - verifyTextPresent("Enter ZIP code", true, CONTINUE_ON_FAILURE): Text 'Enter ZIP code' is present on page  using regular expression

2024-02-03 23:48:07 - [MESSAGE][PASSED] - Text 'Enter ZIP code' is present on page  using regular expression

2024-02-03 23:48:07 - [TEST_STEP][PASSED] - verifyTextPresent("Enter a valid phone number", true, CONTINUE_ON_FAILURE): Text 'Enter a valid phone number' is present on page  using regular expression

2024-02-03 23:48:08 - [MESSAGE][PASSED] - Text 'Enter a valid phone number' is present on page  using regular expression

2024-02-03 23:48:08 - [TEST_STEP][PASSED] - verifyTextPresent("Enter Email", true, CONTINUE_ON_FAILURE): Text 'Enter Email' is present on page  using regular expression

2024-02-03 23:48:08 - [MESSAGE][PASSED] - Text 'Enter Email' is present on page  using regular expression

2024-02-03 23:48:08 - [TEST_STEP][PASSED] - if (TaxType.equalsIgnoreCase("Estate Tax")): null

2024-02-03 23:48:08 - [TEST_STEP][PASSED] - resText = "Pass": null

2024-02-03 23:48:08 - [TEST_STEP][PASSED] - pages.WriteExcel.demoKey(resText, datText, resColumn, datCloumn, fileLoc, nameSheet, row): pages.WriteExcel.demoKey is PASSED

2024-02-03 23:48:08 - [MESSAGE][PASSED] - pages.WriteExcel.demoKey is PASSED

2024-02-03 23:48:08 - [TEST_STEP][PASSED] - ExecuteTC = findTestData(dataFile).getValue("Execute", row): null

2024-02-03 23:48:08 - [TEST_STEP][PASSED] - TaxType = findTestData(dataFile).getValue("TaxType", row): null

2024-02-03 23:48:08 - [TEST_STEP][PASSED] - PaymentType = findTestData(dataFile).getValue("PaymentType", row): null

2024-02-03 23:48:08 - [TEST_STEP][PASSED] - FilingYear = findTestData(dataFile).getValue("Year", row): null

2024-02-03 23:48:08 - [TEST_STEP][PASSED] - feinSSN = findTestData(dataFile).getValue("FeinSsn", row): null

2024-02-03 23:48:08 - [TEST_STEP][PASSED] - if (ExecuteTC.equalsIgnoreCase("Y")): pages.WriteExcel.demoKey is PASSED

2024-02-03 23:48:08 - [TEST_STEP][PASSED] - out.println("Begin Record Number: " + row): null

2024-02-03 23:48:08 - [TEST_STEP][PASSED] - today = new java.util.Date(): null

2024-02-03 23:48:08 - [TEST_STEP][PASSED] - println(today): null

2024-02-03 23:48:08 - [TEST_STEP][PASSED] - datText = today: null

2024-02-03 23:48:08 - [TEST_STEP][PASSED] - logInfo("Payment Type: New Tax Return Amount Due"): Payment Type: New Tax Return Amount Due

2024-02-03 23:48:08 - [MESSAGE][INFO] - Payment Type: New Tax Return Amount Due

2024-02-03 23:48:08 - [TEST_STEP][PASSED] - logInfo("Tax Type: " + TaxType): Tax Type: Tire Recycling Fee

2024-02-03 23:48:08 - [MESSAGE][INFO] - Tax Type: Tire Recycling Fee

2024-02-03 23:48:08 - [TEST_STEP][PASSED] - openBrowser(""): Browser is opened with url: ''

2024-02-03 23:48:08 - [MESSAGE][WARNING] - A browser is already opened. Closing browser and opening a new one

2024-02-03 23:48:10 - [MESSAGE][INFO] - Starting 'Chrome' driver

2024-02-03 23:48:10 - [MESSAGE][INFO] - User set preference: ['acceptInsecureCerts', 'true']

2024-02-03 23:48:10 - [MESSAGE][INFO] - Action delay is set to 0 milliseconds

2024-02-03 23:48:12 - [MESSAGE][PASSED] - Browser is opened with url: ''

2024-02-03 23:48:12 - [TEST_STEP][PASSED] - maximizeWindow(): Current window maximized

2024-02-03 23:48:12 - [MESSAGE][PASSED] - Current window maximized

2024-02-03 23:48:12 - [TEST_STEP][PASSED] - navigateToUrl(RADurl): Navigate to 'https://qa2.velocitypayment.com/client/rad/index.html' successfully

2024-02-03 23:48:14 - [MESSAGE][PASSED] - Navigate to 'https://qa2.velocitypayment.com/client/rad/index.html' successfully

2024-02-03 23:48:14 - [TEST_STEP][PASSED] - selectOptionByLabel(findTestObject(orPath_Landing + "/dd_TaxType"), "New Tax Return Amount Due", false): All options with label 'New Tax Return Amount Due' are selected in object 'Object Repository/RAD_Pages/Landing_Page/dd_TaxType' 

2024-02-03 23:48:14 - [MESSAGE][PASSED] - All options with label 'New Tax Return Amount Due' are selected in object 'Object Repository/RAD_Pages/Landing_Page/dd_TaxType' 

2024-02-03 23:48:14 - [TEST_STEP][PASSED] - selectOptionByLabel(findTestObject("Object Repository/RAD_Pages/Landing_Page/select_NewTaxReturnAmountDue_TaxType"), TaxType, false): All options with label 'Tire Recycling Fee' are selected in object 'Object Repository/RAD_Pages/Landing_Page/select_NewTaxReturnAmountDue_TaxType' 

2024-02-03 23:48:15 - [MESSAGE][PASSED] - All options with label 'Tire Recycling Fee' are selected in object 'Object Repository/RAD_Pages/Landing_Page/select_NewTaxReturnAmountDue_TaxType' 

2024-02-03 23:48:15 - [TEST_STEP][PASSED] - selectOptionByLabel(findTestObject(orPath_TaxTypeFilingYear + "/select_FilingYear"), FilingYear, false): All options with label '2022' are selected in object 'Object Repository/RAD_Pages/TaxTypeFilingYear_Page/select_FilingYear' 

2024-02-03 23:48:16 - [MESSAGE][PASSED] - All options with label '2022' are selected in object 'Object Repository/RAD_Pages/TaxTypeFilingYear_Page/select_FilingYear' 

2024-02-03 23:48:16 - [TEST_STEP][PASSED] - setText(findTestObject(orPath_TaxPayer + "/input_businessName"), " "): Text ' ' is set on object 'Object Repository/RAD_Pages/Taxpayer_Page/input_businessName'

2024-02-03 23:48:17 - [MESSAGE][PASSED] - Text ' ' is set on object 'Object Repository/RAD_Pages/Taxpayer_Page/input_businessName'

2024-02-03 23:48:17 - [TEST_STEP][PASSED] - setText(findTestObject(orPath_TaxPayer + "/input_BusinessRepfirstName"), " "): Text ' ' is set on object 'Object Repository/RAD_Pages/Taxpayer_Page/input_BusinessRepfirstName'

2024-02-03 23:48:17 - [MESSAGE][PASSED] - Text ' ' is set on object 'Object Repository/RAD_Pages/Taxpayer_Page/input_BusinessRepfirstName'

2024-02-03 23:48:17 - [TEST_STEP][PASSED] - setText(findTestObject(orPath_TaxPayer + "/input_BusinessReplastName"), " "): Text ' ' is set on object 'Object Repository/RAD_Pages/Taxpayer_Page/input_BusinessReplastName'

2024-02-03 23:48:18 - [MESSAGE][PASSED] - Text ' ' is set on object 'Object Repository/RAD_Pages/Taxpayer_Page/input_BusinessReplastName'

2024-02-03 23:48:18 - [TEST_STEP][PASSED] - setText(findTestObject(orPath_AddressContact + "/input_streetAddress1"), " "): Text ' ' is set on object 'Object Repository/RAD_Pages/AddressAndContactInfo_Page/input_streetAddress1'

2024-02-03 23:48:19 - [MESSAGE][PASSED] - Text ' ' is set on object 'Object Repository/RAD_Pages/AddressAndContactInfo_Page/input_streetAddress1'

2024-02-03 23:48:19 - [TEST_STEP][PASSED] - setText(findTestObject(orPath_AddressContact + "/input_city"), " "): Text ' ' is set on object 'Object Repository/RAD_Pages/AddressAndContactInfo_Page/input_city'

2024-02-03 23:48:19 - [MESSAGE][PASSED] - Text ' ' is set on object 'Object Repository/RAD_Pages/AddressAndContactInfo_Page/input_city'

2024-02-03 23:48:19 - [TEST_STEP][PASSED] - setText(findTestObject(orPath_AddressContact + "/input_zipCode"), " "): Text ' ' is set on object 'Object Repository/RAD_Pages/AddressAndContactInfo_Page/input_zipCode'

2024-02-03 23:48:20 - [MESSAGE][PASSED] - Text ' ' is set on object 'Object Repository/RAD_Pages/AddressAndContactInfo_Page/input_zipCode'

2024-02-03 23:48:20 - [TEST_STEP][PASSED] - setText(findTestObject(orPath_AddressContact + "/input_phoneNumber"), " "): Text ' ' is set on object 'Object Repository/RAD_Pages/AddressAndContactInfo_Page/input_phoneNumber'

2024-02-03 23:48:21 - [MESSAGE][PASSED] - Text ' ' is set on object 'Object Repository/RAD_Pages/AddressAndContactInfo_Page/input_phoneNumber'

2024-02-03 23:48:21 - [TEST_STEP][PASSED] - setText(findTestObject(orPath_AddressContact + "/input_eMailAddress"), " "): Text ' ' is set on object 'Object Repository/RAD_Pages/AddressAndContactInfo_Page/input_eMailAddress'

2024-02-03 23:48:22 - [MESSAGE][PASSED] - Text ' ' is set on object 'Object Repository/RAD_Pages/AddressAndContactInfo_Page/input_eMailAddress'

2024-02-03 23:48:22 - [TEST_STEP][PASSED] - setText(findTestObject(orPath_AddressContact + "/input_reEnterEMailAddress"), " "): Text ' ' is set on object 'Object Repository/RAD_Pages/AddressAndContactInfo_Page/input_reEnterEMailAddress'

2024-02-03 23:48:23 - [MESSAGE][PASSED] - Text ' ' is set on object 'Object Repository/RAD_Pages/AddressAndContactInfo_Page/input_reEnterEMailAddress'

2024-02-03 23:48:23 - [TEST_STEP][PASSED] - if (TaxType.equalsIgnoreCase("Estate Tax")): null

2024-02-03 23:48:23 - [TEST_STEP][PASSED] - setText(findTestObject(orPath_Amount + "/input__paymentAmount"), ""): Text '' is set on object 'Object Repository/RAD_Pages/PaymentAmount_Page/input__paymentAmount'

2024-02-03 23:48:24 - [MESSAGE][PASSED] - Text '' is set on object 'Object Repository/RAD_Pages/PaymentAmount_Page/input__paymentAmount'

2024-02-03 23:48:24 - [TEST_STEP][PASSED] - resText = "Fail": null

2024-02-03 23:48:24 - [TEST_STEP][PASSED] - pages.WriteExcel.demoKey(resText, datText, resColumn, datCloumn, fileLoc, nameSheet, row): pages.WriteExcel.demoKey is PASSED

2024-02-03 23:48:24 - [MESSAGE][PASSED] - pages.WriteExcel.demoKey is PASSED

2024-02-03 23:48:24 - [TEST_STEP][PASSED] - verifyTextPresent("Enter business name", true, CONTINUE_ON_FAILURE): Text 'Enter business name' is present on page  using regular expression

2024-02-03 23:48:25 - [MESSAGE][PASSED] - Text 'Enter business name' is present on page  using regular expression

2024-02-03 23:48:25 - [TEST_STEP][PASSED] - verifyTextPresent("Enter business rep first name", true, CONTINUE_ON_FAILURE): Text 'Enter business rep first name' is present on page  using regular expression

2024-02-03 23:48:25 - [MESSAGE][PASSED] - Text 'Enter business rep first name' is present on page  using regular expression

2024-02-03 23:48:25 - [TEST_STEP][PASSED] - verifyTextPresent("Enter business rep last name", true, CONTINUE_ON_FAILURE): Text 'Enter business rep last name' is present on page  using regular expression

2024-02-03 23:48:25 - [MESSAGE][PASSED] - Text 'Enter business rep last name' is present on page  using regular expression

2024-02-03 23:48:25 - [TEST_STEP][PASSED] - verifyTextPresent("Enter address", true, CONTINUE_ON_FAILURE): Text 'Enter address' is present on page  using regular expression

2024-02-03 23:48:26 - [MESSAGE][PASSED] - Text 'Enter address' is present on page  using regular expression

2024-02-03 23:48:26 - [TEST_STEP][PASSED] - verifyTextPresent("Enter city", true, CONTINUE_ON_FAILURE): Text 'Enter city' is present on page  using regular expression

2024-02-03 23:48:26 - [MESSAGE][PASSED] - Text 'Enter city' is present on page  using regular expression

2024-02-03 23:48:26 - [TEST_STEP][PASSED] - verifyTextPresent("Enter ZIP code", true, CONTINUE_ON_FAILURE): Text 'Enter ZIP code' is present on page  using regular expression

2024-02-03 23:48:26 - [MESSAGE][PASSED] - Text 'Enter ZIP code' is present on page  using regular expression

2024-02-03 23:48:26 - [TEST_STEP][PASSED] - verifyTextPresent("Enter a valid phone number", true, CONTINUE_ON_FAILURE): Text 'Enter a valid phone number' is present on page  using regular expression

2024-02-03 23:48:27 - [MESSAGE][PASSED] - Text 'Enter a valid phone number' is present on page  using regular expression

2024-02-03 23:48:27 - [TEST_STEP][PASSED] - verifyTextPresent("Enter Email", true, CONTINUE_ON_FAILURE): Text 'Enter Email' is present on page  using regular expression

2024-02-03 23:48:27 - [MESSAGE][PASSED] - Text 'Enter Email' is present on page  using regular expression

2024-02-03 23:48:27 - [TEST_STEP][PASSED] - if (TaxType.equalsIgnoreCase("Estate Tax")): null

2024-02-03 23:48:27 - [TEST_STEP][PASSED] - resText = "Pass": null

2024-02-03 23:48:27 - [TEST_STEP][PASSED] - pages.WriteExcel.demoKey(resText, datText, resColumn, datCloumn, fileLoc, nameSheet, row): pages.WriteExcel.demoKey is PASSED

2024-02-03 23:48:27 - [MESSAGE][PASSED] - pages.WriteExcel.demoKey is PASSED

2024-02-03 23:48:27 - [TEST_STEP][PASSED] - ExecuteTC = findTestData(dataFile).getValue("Execute", row): null

2024-02-03 23:48:27 - [TEST_STEP][PASSED] - TaxType = findTestData(dataFile).getValue("TaxType", row): null

2024-02-03 23:48:27 - [TEST_STEP][PASSED] - PaymentType = findTestData(dataFile).getValue("PaymentType", row): null

2024-02-03 23:48:27 - [TEST_STEP][PASSED] - FilingYear = findTestData(dataFile).getValue("Year", row): null

2024-02-03 23:48:27 - [TEST_STEP][PASSED] - feinSSN = findTestData(dataFile).getValue("FeinSsn", row): null

2024-02-03 23:48:27 - [TEST_STEP][PASSED] - if (ExecuteTC.equalsIgnoreCase("Y")): pages.WriteExcel.demoKey is PASSED

2024-02-03 23:48:27 - [TEST_STEP][PASSED] - out.println("Begin Record Number: " + row): null

2024-02-03 23:48:27 - [TEST_STEP][PASSED] - today = new java.util.Date(): null

2024-02-03 23:48:27 - [TEST_STEP][PASSED] - println(today): null

2024-02-03 23:48:27 - [TEST_STEP][PASSED] - datText = today: null

2024-02-03 23:48:27 - [TEST_STEP][PASSED] - logInfo("Payment Type: New Tax Return Amount Due"): Payment Type: New Tax Return Amount Due

2024-02-03 23:48:27 - [MESSAGE][INFO] - Payment Type: New Tax Return Amount Due

2024-02-03 23:48:27 - [TEST_STEP][PASSED] - logInfo("Tax Type: " + TaxType): Tax Type: Tobacco Tax

2024-02-03 23:48:27 - [MESSAGE][INFO] - Tax Type: Tobacco Tax

2024-02-03 23:48:27 - [TEST_STEP][PASSED] - openBrowser(""): Browser is opened with url: ''

2024-02-03 23:48:27 - [MESSAGE][WARNING] - A browser is already opened. Closing browser and opening a new one

2024-02-03 23:48:29 - [MESSAGE][INFO] - Starting 'Chrome' driver

2024-02-03 23:48:29 - [MESSAGE][INFO] - User set preference: ['acceptInsecureCerts', 'true']

2024-02-03 23:48:29 - [MESSAGE][INFO] - Action delay is set to 0 milliseconds

2024-02-03 23:48:31 - [MESSAGE][PASSED] - Browser is opened with url: ''

2024-02-03 23:48:31 - [TEST_STEP][PASSED] - maximizeWindow(): Current window maximized

2024-02-03 23:48:31 - [MESSAGE][PASSED] - Current window maximized

2024-02-03 23:48:31 - [TEST_STEP][PASSED] - navigateToUrl(RADurl): Navigate to 'https://qa2.velocitypayment.com/client/rad/index.html' successfully

2024-02-03 23:48:31 - [MESSAGE][PASSED] - Navigate to 'https://qa2.velocitypayment.com/client/rad/index.html' successfully

2024-02-03 23:48:31 - [TEST_STEP][PASSED] - selectOptionByLabel(findTestObject(orPath_Landing + "/dd_TaxType"), "New Tax Return Amount Due", false): All options with label 'New Tax Return Amount Due' are selected in object 'Object Repository/RAD_Pages/Landing_Page/dd_TaxType' 

2024-02-03 23:48:33 - [MESSAGE][PASSED] - All options with label 'New Tax Return Amount Due' are selected in object 'Object Repository/RAD_Pages/Landing_Page/dd_TaxType' 

2024-02-03 23:48:33 - [TEST_STEP][PASSED] - selectOptionByLabel(findTestObject("Object Repository/RAD_Pages/Landing_Page/select_NewTaxReturnAmountDue_TaxType"), TaxType, false): All options with label 'Tobacco Tax' are selected in object 'Object Repository/RAD_Pages/Landing_Page/select_NewTaxReturnAmountDue_TaxType' 

2024-02-03 23:48:34 - [MESSAGE][PASSED] - All options with label 'Tobacco Tax' are selected in object 'Object Repository/RAD_Pages/Landing_Page/select_NewTaxReturnAmountDue_TaxType' 

2024-02-03 23:48:34 - [TEST_STEP][PASSED] - selectOptionByLabel(findTestObject(orPath_TaxTypeFilingYear + "/select_FilingYear"), FilingYear, false): All options with label '2022' are selected in object 'Object Repository/RAD_Pages/TaxTypeFilingYear_Page/select_FilingYear' 

2024-02-03 23:48:35 - [MESSAGE][PASSED] - All options with label '2022' are selected in object 'Object Repository/RAD_Pages/TaxTypeFilingYear_Page/select_FilingYear' 

2024-02-03 23:48:35 - [TEST_STEP][PASSED] - setText(findTestObject(orPath_TaxPayer + "/input_businessName"), " "): Text ' ' is set on object 'Object Repository/RAD_Pages/Taxpayer_Page/input_businessName'

2024-02-03 23:48:35 - [MESSAGE][PASSED] - Text ' ' is set on object 'Object Repository/RAD_Pages/Taxpayer_Page/input_businessName'

2024-02-03 23:48:35 - [TEST_STEP][PASSED] - setText(findTestObject(orPath_TaxPayer + "/input_BusinessRepfirstName"), " "): Text ' ' is set on object 'Object Repository/RAD_Pages/Taxpayer_Page/input_BusinessRepfirstName'

2024-02-03 23:48:36 - [MESSAGE][PASSED] - Text ' ' is set on object 'Object Repository/RAD_Pages/Taxpayer_Page/input_BusinessRepfirstName'

2024-02-03 23:48:36 - [TEST_STEP][PASSED] - setText(findTestObject(orPath_TaxPayer + "/input_BusinessReplastName"), " "): Text ' ' is set on object 'Object Repository/RAD_Pages/Taxpayer_Page/input_BusinessReplastName'

2024-02-03 23:48:37 - [MESSAGE][PASSED] - Text ' ' is set on object 'Object Repository/RAD_Pages/Taxpayer_Page/input_BusinessReplastName'

2024-02-03 23:48:37 - [TEST_STEP][PASSED] - setText(findTestObject(orPath_AddressContact + "/input_streetAddress1"), " "): Text ' ' is set on object 'Object Repository/RAD_Pages/AddressAndContactInfo_Page/input_streetAddress1'

2024-02-03 23:48:38 - [MESSAGE][PASSED] - Text ' ' is set on object 'Object Repository/RAD_Pages/AddressAndContactInfo_Page/input_streetAddress1'

2024-02-03 23:48:38 - [TEST_STEP][PASSED] - setText(findTestObject(orPath_AddressContact + "/input_city"), " "): Text ' ' is set on object 'Object Repository/RAD_Pages/AddressAndContactInfo_Page/input_city'

2024-02-03 23:48:38 - [MESSAGE][PASSED] - Text ' ' is set on object 'Object Repository/RAD_Pages/AddressAndContactInfo_Page/input_city'

2024-02-03 23:48:38 - [TEST_STEP][PASSED] - setText(findTestObject(orPath_AddressContact + "/input_zipCode"), " "): Text ' ' is set on object 'Object Repository/RAD_Pages/AddressAndContactInfo_Page/input_zipCode'

2024-02-03 23:48:39 - [MESSAGE][PASSED] - Text ' ' is set on object 'Object Repository/RAD_Pages/AddressAndContactInfo_Page/input_zipCode'

2024-02-03 23:48:39 - [TEST_STEP][PASSED] - setText(findTestObject(orPath_AddressContact + "/input_phoneNumber"), " "): Text ' ' is set on object 'Object Repository/RAD_Pages/AddressAndContactInfo_Page/input_phoneNumber'

2024-02-03 23:48:40 - [MESSAGE][PASSED] - Text ' ' is set on object 'Object Repository/RAD_Pages/AddressAndContactInfo_Page/input_phoneNumber'

2024-02-03 23:48:40 - [TEST_STEP][PASSED] - setText(findTestObject(orPath_AddressContact + "/input_eMailAddress"), " "): Text ' ' is set on object 'Object Repository/RAD_Pages/AddressAndContactInfo_Page/input_eMailAddress'

2024-02-03 23:48:41 - [MESSAGE][PASSED] - Text ' ' is set on object 'Object Repository/RAD_Pages/AddressAndContactInfo_Page/input_eMailAddress'

2024-02-03 23:48:41 - [TEST_STEP][PASSED] - setText(findTestObject(orPath_AddressContact + "/input_reEnterEMailAddress"), " "): Text ' ' is set on object 'Object Repository/RAD_Pages/AddressAndContactInfo_Page/input_reEnterEMailAddress'

2024-02-03 23:48:42 - [MESSAGE][PASSED] - Text ' ' is set on object 'Object Repository/RAD_Pages/AddressAndContactInfo_Page/input_reEnterEMailAddress'

2024-02-03 23:48:42 - [TEST_STEP][PASSED] - if (TaxType.equalsIgnoreCase("Estate Tax")): null

2024-02-03 23:48:42 - [TEST_STEP][PASSED] - setText(findTestObject(orPath_Amount + "/input__paymentAmount"), ""): Text '' is set on object 'Object Repository/RAD_Pages/PaymentAmount_Page/input__paymentAmount'

2024-02-03 23:48:42 - [MESSAGE][PASSED] - Text '' is set on object 'Object Repository/RAD_Pages/PaymentAmount_Page/input__paymentAmount'

2024-02-03 23:48:42 - [TEST_STEP][PASSED] - resText = "Fail": null

2024-02-03 23:48:42 - [TEST_STEP][PASSED] - pages.WriteExcel.demoKey(resText, datText, resColumn, datCloumn, fileLoc, nameSheet, row): pages.WriteExcel.demoKey is PASSED

2024-02-03 23:48:43 - [MESSAGE][PASSED] - pages.WriteExcel.demoKey is PASSED

2024-02-03 23:48:43 - [TEST_STEP][PASSED] - verifyTextPresent("Enter business name", true, CONTINUE_ON_FAILURE): Text 'Enter business name' is present on page  using regular expression

2024-02-03 23:48:43 - [MESSAGE][PASSED] - Text 'Enter business name' is present on page  using regular expression

2024-02-03 23:48:43 - [TEST_STEP][PASSED] - verifyTextPresent("Enter business rep first name", true, CONTINUE_ON_FAILURE): Text 'Enter business rep first name' is present on page  using regular expression

2024-02-03 23:48:44 - [MESSAGE][PASSED] - Text 'Enter business rep first name' is present on page  using regular expression

2024-02-03 23:48:44 - [TEST_STEP][PASSED] - verifyTextPresent("Enter business rep last name", true, CONTINUE_ON_FAILURE): Text 'Enter business rep last name' is present on page  using regular expression

2024-02-03 23:48:44 - [MESSAGE][PASSED] - Text 'Enter business rep last name' is present on page  using regular expression

2024-02-03 23:48:44 - [TEST_STEP][PASSED] - verifyTextPresent("Enter address", true, CONTINUE_ON_FAILURE): Text 'Enter address' is present on page  using regular expression

2024-02-03 23:48:44 - [MESSAGE][PASSED] - Text 'Enter address' is present on page  using regular expression

2024-02-03 23:48:44 - [TEST_STEP][PASSED] - verifyTextPresent("Enter city", true, CONTINUE_ON_FAILURE): Text 'Enter city' is present on page  using regular expression

2024-02-03 23:48:45 - [MESSAGE][PASSED] - Text 'Enter city' is present on page  using regular expression

2024-02-03 23:48:45 - [TEST_STEP][PASSED] - verifyTextPresent("Enter ZIP code", true, CONTINUE_ON_FAILURE): Text 'Enter ZIP code' is present on page  using regular expression

2024-02-03 23:48:45 - [MESSAGE][PASSED] - Text 'Enter ZIP code' is present on page  using regular expression

2024-02-03 23:48:45 - [TEST_STEP][PASSED] - verifyTextPresent("Enter a valid phone number", true, CONTINUE_ON_FAILURE): Text 'Enter a valid phone number' is present on page  using regular expression

2024-02-03 23:48:46 - [MESSAGE][PASSED] - Text 'Enter a valid phone number' is present on page  using regular expression

2024-02-03 23:48:46 - [TEST_STEP][PASSED] - verifyTextPresent("Enter Email", true, CONTINUE_ON_FAILURE): Text 'Enter Email' is present on page  using regular expression

2024-02-03 23:48:46 - [MESSAGE][PASSED] - Text 'Enter Email' is present on page  using regular expression

2024-02-03 23:48:46 - [TEST_STEP][PASSED] - if (TaxType.equalsIgnoreCase("Estate Tax")): null

2024-02-03 23:48:46 - [TEST_STEP][PASSED] - resText = "Pass": null

2024-02-03 23:48:46 - [TEST_STEP][PASSED] - pages.WriteExcel.demoKey(resText, datText, resColumn, datCloumn, fileLoc, nameSheet, row): pages.WriteExcel.demoKey is PASSED

2024-02-03 23:48:46 - [MESSAGE][PASSED] - pages.WriteExcel.demoKey is PASSED

2024-02-03 23:48:46 - [TEST_STEP][PASSED] - ExecuteTC = findTestData(dataFile).getValue("Execute", row): null

2024-02-03 23:48:46 - [TEST_STEP][PASSED] - TaxType = findTestData(dataFile).getValue("TaxType", row): null

2024-02-03 23:48:46 - [TEST_STEP][PASSED] - PaymentType = findTestData(dataFile).getValue("PaymentType", row): null

2024-02-03 23:48:46 - [TEST_STEP][PASSED] - FilingYear = findTestData(dataFile).getValue("Year", row): null

2024-02-03 23:48:46 - [TEST_STEP][PASSED] - feinSSN = findTestData(dataFile).getValue("FeinSsn", row): null

2024-02-03 23:48:46 - [TEST_STEP][PASSED] - if (ExecuteTC.equalsIgnoreCase("Y")): pages.WriteExcel.demoKey is PASSED

2024-02-03 23:48:46 - [TEST_STEP][PASSED] - out.println("Begin Record Number: " + row): null

2024-02-03 23:48:46 - [TEST_STEP][PASSED] - today = new java.util.Date(): null

2024-02-03 23:48:46 - [TEST_STEP][PASSED] - println(today): null

2024-02-03 23:48:46 - [TEST_STEP][PASSED] - datText = today: null

2024-02-03 23:48:46 - [TEST_STEP][PASSED] - logInfo("Payment Type: New Tax Return Amount Due"): Payment Type: New Tax Return Amount Due

2024-02-03 23:48:46 - [MESSAGE][INFO] - Payment Type: New Tax Return Amount Due

2024-02-03 23:48:46 - [TEST_STEP][PASSED] - logInfo("Tax Type: " + TaxType): Tax Type: Transportation Network Services

2024-02-03 23:48:46 - [MESSAGE][INFO] - Tax Type: Transportation Network Services

2024-02-03 23:48:46 - [TEST_STEP][PASSED] - openBrowser(""): Browser is opened with url: ''

2024-02-03 23:48:46 - [MESSAGE][WARNING] - A browser is already opened. Closing browser and opening a new one

2024-02-03 23:48:57 - [MESSAGE][INFO] - Starting 'Chrome' driver

2024-02-03 23:48:57 - [MESSAGE][INFO] - User set preference: ['acceptInsecureCerts', 'true']

2024-02-03 23:48:57 - [MESSAGE][INFO] - Action delay is set to 0 milliseconds

2024-02-03 23:48:59 - [MESSAGE][PASSED] - Browser is opened with url: ''

2024-02-03 23:48:59 - [TEST_STEP][PASSED] - maximizeWindow(): Current window maximized

2024-02-03 23:48:59 - [MESSAGE][PASSED] - Current window maximized

2024-02-03 23:48:59 - [TEST_STEP][PASSED] - navigateToUrl(RADurl): Navigate to 'https://qa2.velocitypayment.com/client/rad/index.html' successfully

2024-02-03 23:48:59 - [MESSAGE][PASSED] - Navigate to 'https://qa2.velocitypayment.com/client/rad/index.html' successfully

2024-02-03 23:48:59 - [TEST_STEP][PASSED] - selectOptionByLabel(findTestObject(orPath_Landing + "/dd_TaxType"), "New Tax Return Amount Due", false): All options with label 'New Tax Return Amount Due' are selected in object 'Object Repository/RAD_Pages/Landing_Page/dd_TaxType' 

2024-02-03 23:49:01 - [MESSAGE][PASSED] - All options with label 'New Tax Return Amount Due' are selected in object 'Object Repository/RAD_Pages/Landing_Page/dd_TaxType' 

2024-02-03 23:49:01 - [TEST_STEP][PASSED] - selectOptionByLabel(findTestObject("Object Repository/RAD_Pages/Landing_Page/select_NewTaxReturnAmountDue_TaxType"), TaxType, false): All options with label 'Transportation Network Services' are selected in object 'Object Repository/RAD_Pages/Landing_Page/select_NewTaxReturnAmountDue_TaxType' 

2024-02-03 23:49:02 - [MESSAGE][PASSED] - All options with label 'Transportation Network Services' are selected in object 'Object Repository/RAD_Pages/Landing_Page/select_NewTaxReturnAmountDue_TaxType' 

2024-02-03 23:49:02 - [TEST_STEP][PASSED] - selectOptionByLabel(findTestObject(orPath_TaxTypeFilingYear + "/select_FilingYear"), FilingYear, false): All options with label '2022' are selected in object 'Object Repository/RAD_Pages/TaxTypeFilingYear_Page/select_FilingYear' 

2024-02-03 23:49:03 - [MESSAGE][PASSED] - All options with label '2022' are selected in object 'Object Repository/RAD_Pages/TaxTypeFilingYear_Page/select_FilingYear' 

2024-02-03 23:49:03 - [TEST_STEP][PASSED] - setText(findTestObject(orPath_TaxPayer + "/input_businessName"), " "): Text ' ' is set on object 'Object Repository/RAD_Pages/Taxpayer_Page/input_businessName'

2024-02-03 23:49:03 - [MESSAGE][PASSED] - Text ' ' is set on object 'Object Repository/RAD_Pages/Taxpayer_Page/input_businessName'

2024-02-03 23:49:03 - [TEST_STEP][PASSED] - setText(findTestObject(orPath_TaxPayer + "/input_BusinessRepfirstName"), " "): Text ' ' is set on object 'Object Repository/RAD_Pages/Taxpayer_Page/input_BusinessRepfirstName'

2024-02-03 23:49:04 - [MESSAGE][PASSED] - Text ' ' is set on object 'Object Repository/RAD_Pages/Taxpayer_Page/input_BusinessRepfirstName'

2024-02-03 23:49:04 - [TEST_STEP][PASSED] - setText(findTestObject(orPath_TaxPayer + "/input_BusinessReplastName"), " "): Text ' ' is set on object 'Object Repository/RAD_Pages/Taxpayer_Page/input_BusinessReplastName'

2024-02-03 23:49:05 - [MESSAGE][PASSED] - Text ' ' is set on object 'Object Repository/RAD_Pages/Taxpayer_Page/input_BusinessReplastName'

2024-02-03 23:49:05 - [TEST_STEP][PASSED] - setText(findTestObject(orPath_AddressContact + "/input_streetAddress1"), " "): Text ' ' is set on object 'Object Repository/RAD_Pages/AddressAndContactInfo_Page/input_streetAddress1'

2024-02-03 23:49:06 - [MESSAGE][PASSED] - Text ' ' is set on object 'Object Repository/RAD_Pages/AddressAndContactInfo_Page/input_streetAddress1'

2024-02-03 23:49:06 - [TEST_STEP][PASSED] - setText(findTestObject(orPath_AddressContact + "/input_city"), " "): Text ' ' is set on object 'Object Repository/RAD_Pages/AddressAndContactInfo_Page/input_city'

2024-02-03 23:49:06 - [MESSAGE][PASSED] - Text ' ' is set on object 'Object Repository/RAD_Pages/AddressAndContactInfo_Page/input_city'

2024-02-03 23:49:06 - [TEST_STEP][PASSED] - setText(findTestObject(orPath_AddressContact + "/input_zipCode"), " "): Text ' ' is set on object 'Object Repository/RAD_Pages/AddressAndContactInfo_Page/input_zipCode'

2024-02-03 23:49:07 - [MESSAGE][PASSED] - Text ' ' is set on object 'Object Repository/RAD_Pages/AddressAndContactInfo_Page/input_zipCode'

2024-02-03 23:49:07 - [TEST_STEP][PASSED] - setText(findTestObject(orPath_AddressContact + "/input_phoneNumber"), " "): Text ' ' is set on object 'Object Repository/RAD_Pages/AddressAndContactInfo_Page/input_phoneNumber'

2024-02-03 23:49:08 - [MESSAGE][PASSED] - Text ' ' is set on object 'Object Repository/RAD_Pages/AddressAndContactInfo_Page/input_phoneNumber'

2024-02-03 23:49:08 - [TEST_STEP][PASSED] - setText(findTestObject(orPath_AddressContact + "/input_eMailAddress"), " "): Text ' ' is set on object 'Object Repository/RAD_Pages/AddressAndContactInfo_Page/input_eMailAddress'

2024-02-03 23:49:09 - [MESSAGE][PASSED] - Text ' ' is set on object 'Object Repository/RAD_Pages/AddressAndContactInfo_Page/input_eMailAddress'

2024-02-03 23:49:09 - [TEST_STEP][PASSED] - setText(findTestObject(orPath_AddressContact + "/input_reEnterEMailAddress"), " "): Text ' ' is set on object 'Object Repository/RAD_Pages/AddressAndContactInfo_Page/input_reEnterEMailAddress'

2024-02-03 23:49:10 - [MESSAGE][PASSED] - Text ' ' is set on object 'Object Repository/RAD_Pages/AddressAndContactInfo_Page/input_reEnterEMailAddress'

2024-02-03 23:49:10 - [TEST_STEP][PASSED] - if (TaxType.equalsIgnoreCase("Estate Tax")): null

2024-02-03 23:49:10 - [TEST_STEP][PASSED] - setText(findTestObject(orPath_Amount + "/input__paymentAmount"), ""): Text '' is set on object 'Object Repository/RAD_Pages/PaymentAmount_Page/input__paymentAmount'

2024-02-03 23:49:10 - [MESSAGE][PASSED] - Text '' is set on object 'Object Repository/RAD_Pages/PaymentAmount_Page/input__paymentAmount'

2024-02-03 23:49:10 - [TEST_STEP][PASSED] - resText = "Fail": null

2024-02-03 23:49:10 - [TEST_STEP][PASSED] - pages.WriteExcel.demoKey(resText, datText, resColumn, datCloumn, fileLoc, nameSheet, row): pages.WriteExcel.demoKey is PASSED

2024-02-03 23:49:11 - [MESSAGE][PASSED] - pages.WriteExcel.demoKey is PASSED

2024-02-03 23:49:11 - [TEST_STEP][PASSED] - verifyTextPresent("Enter business name", true, CONTINUE_ON_FAILURE): Text 'Enter business name' is present on page  using regular expression

2024-02-03 23:49:11 - [MESSAGE][PASSED] - Text 'Enter business name' is present on page  using regular expression

2024-02-03 23:49:11 - [TEST_STEP][PASSED] - verifyTextPresent("Enter business rep first name", true, CONTINUE_ON_FAILURE): Text 'Enter business rep first name' is present on page  using regular expression

2024-02-03 23:49:12 - [MESSAGE][PASSED] - Text 'Enter business rep first name' is present on page  using regular expression

2024-02-03 23:49:12 - [TEST_STEP][PASSED] - verifyTextPresent("Enter business rep last name", true, CONTINUE_ON_FAILURE): Text 'Enter business rep last name' is present on page  using regular expression

2024-02-03 23:49:12 - [MESSAGE][PASSED] - Text 'Enter business rep last name' is present on page  using regular expression

2024-02-03 23:49:12 - [TEST_STEP][PASSED] - verifyTextPresent("Enter address", true, CONTINUE_ON_FAILURE): Text 'Enter address' is present on page  using regular expression

2024-02-03 23:49:13 - [MESSAGE][PASSED] - Text 'Enter address' is present on page  using regular expression

2024-02-03 23:49:13 - [TEST_STEP][PASSED] - verifyTextPresent("Enter city", true, CONTINUE_ON_FAILURE): Text 'Enter city' is present on page  using regular expression

2024-02-03 23:49:13 - [MESSAGE][PASSED] - Text 'Enter city' is present on page  using regular expression

2024-02-03 23:49:13 - [TEST_STEP][PASSED] - verifyTextPresent("Enter ZIP code", true, CONTINUE_ON_FAILURE): Text 'Enter ZIP code' is present on page  using regular expression

2024-02-03 23:49:13 - [MESSAGE][PASSED] - Text 'Enter ZIP code' is present on page  using regular expression

2024-02-03 23:49:13 - [TEST_STEP][PASSED] - verifyTextPresent("Enter a valid phone number", true, CONTINUE_ON_FAILURE): Text 'Enter a valid phone number' is present on page  using regular expression

2024-02-03 23:49:14 - [MESSAGE][PASSED] - Text 'Enter a valid phone number' is present on page  using regular expression

2024-02-03 23:49:14 - [TEST_STEP][PASSED] - verifyTextPresent("Enter Email", true, CONTINUE_ON_FAILURE): Text 'Enter Email' is present on page  using regular expression

2024-02-03 23:49:14 - [MESSAGE][PASSED] - Text 'Enter Email' is present on page  using regular expression

2024-02-03 23:49:14 - [TEST_STEP][PASSED] - if (TaxType.equalsIgnoreCase("Estate Tax")): null

2024-02-03 23:49:14 - [TEST_STEP][PASSED] - resText = "Pass": null

2024-02-03 23:49:14 - [TEST_STEP][PASSED] - pages.WriteExcel.demoKey(resText, datText, resColumn, datCloumn, fileLoc, nameSheet, row): pages.WriteExcel.demoKey is PASSED

2024-02-03 23:49:14 - [MESSAGE][PASSED] - pages.WriteExcel.demoKey is PASSED

2024-02-03 23:49:14 - [TEST_STEP][PASSED] - ExecuteTC = findTestData(dataFile).getValue("Execute", row): null

2024-02-03 23:49:14 - [TEST_STEP][PASSED] - TaxType = findTestData(dataFile).getValue("TaxType", row): null

2024-02-03 23:49:14 - [TEST_STEP][PASSED] - PaymentType = findTestData(dataFile).getValue("PaymentType", row): null

2024-02-03 23:49:14 - [TEST_STEP][PASSED] - FilingYear = findTestData(dataFile).getValue("Year", row): null

2024-02-03 23:49:14 - [TEST_STEP][PASSED] - feinSSN = findTestData(dataFile).getValue("FeinSsn", row): null

2024-02-03 23:49:14 - [TEST_STEP][PASSED] - if (ExecuteTC.equalsIgnoreCase("Y")): pages.WriteExcel.demoKey is PASSED

2024-02-03 23:49:14 - [TEST_STEP][PASSED] - out.println("Begin Record Number: " + row): null

2024-02-03 23:49:14 - [TEST_STEP][PASSED] - today = new java.util.Date(): null

2024-02-03 23:49:14 - [TEST_STEP][PASSED] - println(today): null

2024-02-03 23:49:14 - [TEST_STEP][PASSED] - datText = today: null

2024-02-03 23:49:14 - [TEST_STEP][PASSED] - logInfo("Payment Type: New Tax Return Amount Due"): Payment Type: New Tax Return Amount Due

2024-02-03 23:49:14 - [MESSAGE][INFO] - Payment Type: New Tax Return Amount Due

2024-02-03 23:49:14 - [TEST_STEP][PASSED] - logInfo("Tax Type: " + TaxType): Tax Type: Unclaimed Property

2024-02-03 23:49:14 - [MESSAGE][INFO] - Tax Type: Unclaimed Property

2024-02-03 23:49:14 - [TEST_STEP][PASSED] - openBrowser(""): Browser is opened with url: ''

2024-02-03 23:49:14 - [MESSAGE][WARNING] - A browser is already opened. Closing browser and opening a new one

2024-02-03 23:49:16 - [MESSAGE][INFO] - Starting 'Chrome' driver

2024-02-03 23:49:16 - [MESSAGE][INFO] - User set preference: ['acceptInsecureCerts', 'true']

2024-02-03 23:49:16 - [MESSAGE][INFO] - Action delay is set to 0 milliseconds

2024-02-03 23:49:18 - [MESSAGE][PASSED] - Browser is opened with url: ''

2024-02-03 23:49:18 - [TEST_STEP][PASSED] - maximizeWindow(): Current window maximized

2024-02-03 23:49:18 - [MESSAGE][PASSED] - Current window maximized

2024-02-03 23:49:18 - [TEST_STEP][PASSED] - navigateToUrl(RADurl): Navigate to 'https://qa2.velocitypayment.com/client/rad/index.html' successfully

2024-02-03 23:49:21 - [MESSAGE][PASSED] - Navigate to 'https://qa2.velocitypayment.com/client/rad/index.html' successfully

2024-02-03 23:49:21 - [TEST_STEP][PASSED] - selectOptionByLabel(findTestObject(orPath_Landing + "/dd_TaxType"), "New Tax Return Amount Due", false): All options with label 'New Tax Return Amount Due' are selected in object 'Object Repository/RAD_Pages/Landing_Page/dd_TaxType' 

2024-02-03 23:49:22 - [MESSAGE][PASSED] - All options with label 'New Tax Return Amount Due' are selected in object 'Object Repository/RAD_Pages/Landing_Page/dd_TaxType' 

2024-02-03 23:49:22 - [TEST_STEP][PASSED] - selectOptionByLabel(findTestObject("Object Repository/RAD_Pages/Landing_Page/select_NewTaxReturnAmountDue_TaxType"), TaxType, false): All options with label 'Unclaimed Property' are selected in object 'Object Repository/RAD_Pages/Landing_Page/select_NewTaxReturnAmountDue_TaxType' 

2024-02-03 23:49:22 - [MESSAGE][PASSED] - All options with label 'Unclaimed Property' are selected in object 'Object Repository/RAD_Pages/Landing_Page/select_NewTaxReturnAmountDue_TaxType' 

2024-02-03 23:49:22 - [TEST_STEP][PASSED] - selectOptionByLabel(findTestObject(orPath_TaxTypeFilingYear + "/select_FilingYear"), FilingYear, false): All options with label '2022' are selected in object 'Object Repository/RAD_Pages/TaxTypeFilingYear_Page/select_FilingYear' 

2024-02-03 23:49:23 - [MESSAGE][PASSED] - All options with label '2022' are selected in object 'Object Repository/RAD_Pages/TaxTypeFilingYear_Page/select_FilingYear' 

2024-02-03 23:49:23 - [TEST_STEP][PASSED] - setText(findTestObject(orPath_TaxPayer + "/input_businessName"), " "): Text ' ' is set on object 'Object Repository/RAD_Pages/Taxpayer_Page/input_businessName'

2024-02-03 23:49:24 - [MESSAGE][PASSED] - Text ' ' is set on object 'Object Repository/RAD_Pages/Taxpayer_Page/input_businessName'

2024-02-03 23:49:24 - [TEST_STEP][PASSED] - setText(findTestObject(orPath_TaxPayer + "/input_BusinessRepfirstName"), " "): Text ' ' is set on object 'Object Repository/RAD_Pages/Taxpayer_Page/input_BusinessRepfirstName'

2024-02-03 23:49:25 - [MESSAGE][PASSED] - Text ' ' is set on object 'Object Repository/RAD_Pages/Taxpayer_Page/input_BusinessRepfirstName'

2024-02-03 23:49:25 - [TEST_STEP][PASSED] - setText(findTestObject(orPath_TaxPayer + "/input_BusinessReplastName"), " "): Text ' ' is set on object 'Object Repository/RAD_Pages/Taxpayer_Page/input_BusinessReplastName'

2024-02-03 23:49:25 - [MESSAGE][PASSED] - Text ' ' is set on object 'Object Repository/RAD_Pages/Taxpayer_Page/input_BusinessReplastName'

2024-02-03 23:49:25 - [TEST_STEP][PASSED] - setText(findTestObject(orPath_AddressContact + "/input_streetAddress1"), " "): Text ' ' is set on object 'Object Repository/RAD_Pages/AddressAndContactInfo_Page/input_streetAddress1'

2024-02-03 23:49:26 - [MESSAGE][PASSED] - Text ' ' is set on object 'Object Repository/RAD_Pages/AddressAndContactInfo_Page/input_streetAddress1'

2024-02-03 23:49:26 - [TEST_STEP][PASSED] - setText(findTestObject(orPath_AddressContact + "/input_city"), " "): Text ' ' is set on object 'Object Repository/RAD_Pages/AddressAndContactInfo_Page/input_city'

2024-02-03 23:49:27 - [MESSAGE][PASSED] - Text ' ' is set on object 'Object Repository/RAD_Pages/AddressAndContactInfo_Page/input_city'

2024-02-03 23:49:27 - [TEST_STEP][PASSED] - setText(findTestObject(orPath_AddressContact + "/input_zipCode"), " "): Text ' ' is set on object 'Object Repository/RAD_Pages/AddressAndContactInfo_Page/input_zipCode'

2024-02-03 23:49:28 - [MESSAGE][PASSED] - Text ' ' is set on object 'Object Repository/RAD_Pages/AddressAndContactInfo_Page/input_zipCode'

2024-02-03 23:49:28 - [TEST_STEP][PASSED] - setText(findTestObject(orPath_AddressContact + "/input_phoneNumber"), " "): Text ' ' is set on object 'Object Repository/RAD_Pages/AddressAndContactInfo_Page/input_phoneNumber'

2024-02-03 23:49:28 - [MESSAGE][PASSED] - Text ' ' is set on object 'Object Repository/RAD_Pages/AddressAndContactInfo_Page/input_phoneNumber'

2024-02-03 23:49:28 - [TEST_STEP][PASSED] - setText(findTestObject(orPath_AddressContact + "/input_eMailAddress"), " "): Text ' ' is set on object 'Object Repository/RAD_Pages/AddressAndContactInfo_Page/input_eMailAddress'

2024-02-03 23:49:29 - [MESSAGE][PASSED] - Text ' ' is set on object 'Object Repository/RAD_Pages/AddressAndContactInfo_Page/input_eMailAddress'

2024-02-03 23:49:29 - [TEST_STEP][PASSED] - setText(findTestObject(orPath_AddressContact + "/input_reEnterEMailAddress"), " "): Text ' ' is set on object 'Object Repository/RAD_Pages/AddressAndContactInfo_Page/input_reEnterEMailAddress'

2024-02-03 23:49:30 - [MESSAGE][PASSED] - Text ' ' is set on object 'Object Repository/RAD_Pages/AddressAndContactInfo_Page/input_reEnterEMailAddress'

2024-02-03 23:49:30 - [TEST_STEP][PASSED] - if (TaxType.equalsIgnoreCase("Estate Tax")): null

2024-02-03 23:49:30 - [TEST_STEP][PASSED] - setText(findTestObject(orPath_Amount + "/input__paymentAmount"), ""): Text '' is set on object 'Object Repository/RAD_Pages/PaymentAmount_Page/input__paymentAmount'

2024-02-03 23:49:31 - [MESSAGE][PASSED] - Text '' is set on object 'Object Repository/RAD_Pages/PaymentAmount_Page/input__paymentAmount'

2024-02-03 23:49:31 - [TEST_STEP][PASSED] - resText = "Fail": null

2024-02-03 23:49:31 - [TEST_STEP][PASSED] - pages.WriteExcel.demoKey(resText, datText, resColumn, datCloumn, fileLoc, nameSheet, row): pages.WriteExcel.demoKey is PASSED

2024-02-03 23:49:31 - [MESSAGE][PASSED] - pages.WriteExcel.demoKey is PASSED

2024-02-03 23:49:31 - [TEST_STEP][PASSED] - verifyTextPresent("Enter business name", true, CONTINUE_ON_FAILURE): Text 'Enter business name' is present on page  using regular expression

2024-02-03 23:49:32 - [MESSAGE][PASSED] - Text 'Enter business name' is present on page  using regular expression

2024-02-03 23:49:32 - [TEST_STEP][PASSED] - verifyTextPresent("Enter business rep first name", true, CONTINUE_ON_FAILURE): Text 'Enter business rep first name' is present on page  using regular expression

2024-02-03 23:49:32 - [MESSAGE][PASSED] - Text 'Enter business rep first name' is present on page  using regular expression

2024-02-03 23:49:32 - [TEST_STEP][PASSED] - verifyTextPresent("Enter business rep last name", true, CONTINUE_ON_FAILURE): Text 'Enter business rep last name' is present on page  using regular expression

2024-02-03 23:49:33 - [MESSAGE][PASSED] - Text 'Enter business rep last name' is present on page  using regular expression

2024-02-03 23:49:33 - [TEST_STEP][PASSED] - verifyTextPresent("Enter address", true, CONTINUE_ON_FAILURE): Text 'Enter address' is present on page  using regular expression

2024-02-03 23:49:33 - [MESSAGE][PASSED] - Text 'Enter address' is present on page  using regular expression

2024-02-03 23:49:33 - [TEST_STEP][PASSED] - verifyTextPresent("Enter city", true, CONTINUE_ON_FAILURE): Text 'Enter city' is present on page  using regular expression

2024-02-03 23:49:34 - [MESSAGE][PASSED] - Text 'Enter city' is present on page  using regular expression

2024-02-03 23:49:34 - [TEST_STEP][PASSED] - verifyTextPresent("Enter ZIP code", true, CONTINUE_ON_FAILURE): Text 'Enter ZIP code' is present on page  using regular expression

2024-02-03 23:49:34 - [MESSAGE][PASSED] - Text 'Enter ZIP code' is present on page  using regular expression

2024-02-03 23:49:34 - [TEST_STEP][PASSED] - verifyTextPresent("Enter a valid phone number", true, CONTINUE_ON_FAILURE): Text 'Enter a valid phone number' is present on page  using regular expression

2024-02-03 23:49:34 - [MESSAGE][PASSED] - Text 'Enter a valid phone number' is present on page  using regular expression

2024-02-03 23:49:34 - [TEST_STEP][PASSED] - verifyTextPresent("Enter Email", true, CONTINUE_ON_FAILURE): Text 'Enter Email' is present on page  using regular expression

2024-02-03 23:49:35 - [MESSAGE][PASSED] - Text 'Enter Email' is present on page  using regular expression

2024-02-03 23:49:35 - [TEST_STEP][PASSED] - if (TaxType.equalsIgnoreCase("Estate Tax")): null

2024-02-03 23:49:35 - [TEST_STEP][PASSED] - resText = "Pass": null

2024-02-03 23:49:35 - [TEST_STEP][PASSED] - pages.WriteExcel.demoKey(resText, datText, resColumn, datCloumn, fileLoc, nameSheet, row): pages.WriteExcel.demoKey is PASSED

2024-02-03 23:49:35 - [MESSAGE][PASSED] - pages.WriteExcel.demoKey is PASSED

2024-02-03 23:49:35 - [TEST_STEP][PASSED] - ExecuteTC = findTestData(dataFile).getValue("Execute", row): null

2024-02-03 23:49:35 - [TEST_STEP][PASSED] - TaxType = findTestData(dataFile).getValue("TaxType", row): null

2024-02-03 23:49:35 - [TEST_STEP][PASSED] - PaymentType = findTestData(dataFile).getValue("PaymentType", row): null

2024-02-03 23:49:35 - [TEST_STEP][PASSED] - FilingYear = findTestData(dataFile).getValue("Year", row): null

2024-02-03 23:49:35 - [TEST_STEP][PASSED] - feinSSN = findTestData(dataFile).getValue("FeinSsn", row): null

2024-02-03 23:49:35 - [TEST_STEP][PASSED] - if (ExecuteTC.equalsIgnoreCase("Y")): pages.WriteExcel.demoKey is PASSED

2024-02-03 23:49:35 - [TEST_STEP][PASSED] - out.println("Begin Record Number: " + row): null

2024-02-03 23:49:35 - [TEST_STEP][PASSED] - today = new java.util.Date(): null

2024-02-03 23:49:35 - [TEST_STEP][PASSED] - println(today): null

2024-02-03 23:49:35 - [TEST_STEP][PASSED] - datText = today: null

2024-02-03 23:49:35 - [TEST_STEP][PASSED] - logInfo("Payment Type: New Tax Return Amount Due"): Payment Type: New Tax Return Amount Due

2024-02-03 23:49:35 - [MESSAGE][INFO] - Payment Type: New Tax Return Amount Due

2024-02-03 23:49:35 - [TEST_STEP][PASSED] - logInfo("Tax Type: " + TaxType): Tax Type: Withholding Tax

2024-02-03 23:49:35 - [MESSAGE][INFO] - Tax Type: Withholding Tax

2024-02-03 23:49:35 - [TEST_STEP][PASSED] - openBrowser(""): Browser is opened with url: ''

2024-02-03 23:49:35 - [MESSAGE][WARNING] - A browser is already opened. Closing browser and opening a new one

2024-02-03 23:49:43 - [MESSAGE][INFO] - Starting 'Chrome' driver

2024-02-03 23:49:43 - [MESSAGE][INFO] - User set preference: ['acceptInsecureCerts', 'true']

2024-02-03 23:49:43 - [MESSAGE][INFO] - Action delay is set to 0 milliseconds

2024-02-03 23:49:45 - [MESSAGE][PASSED] - Browser is opened with url: ''

2024-02-03 23:49:45 - [TEST_STEP][PASSED] - maximizeWindow(): Current window maximized

2024-02-03 23:49:45 - [MESSAGE][PASSED] - Current window maximized

2024-02-03 23:49:45 - [TEST_STEP][PASSED] - navigateToUrl(RADurl): Navigate to 'https://qa2.velocitypayment.com/client/rad/index.html' successfully

2024-02-03 23:49:45 - [MESSAGE][PASSED] - Navigate to 'https://qa2.velocitypayment.com/client/rad/index.html' successfully

2024-02-03 23:49:45 - [TEST_STEP][PASSED] - selectOptionByLabel(findTestObject(orPath_Landing + "/dd_TaxType"), "New Tax Return Amount Due", false): All options with label 'New Tax Return Amount Due' are selected in object 'Object Repository/RAD_Pages/Landing_Page/dd_TaxType' 

2024-02-03 23:49:47 - [MESSAGE][PASSED] - All options with label 'New Tax Return Amount Due' are selected in object 'Object Repository/RAD_Pages/Landing_Page/dd_TaxType' 

2024-02-03 23:49:47 - [TEST_STEP][PASSED] - selectOptionByLabel(findTestObject("Object Repository/RAD_Pages/Landing_Page/select_NewTaxReturnAmountDue_TaxType"), TaxType, false): All options with label 'Withholding Tax' are selected in object 'Object Repository/RAD_Pages/Landing_Page/select_NewTaxReturnAmountDue_TaxType' 

2024-02-03 23:49:48 - [MESSAGE][PASSED] - All options with label 'Withholding Tax' are selected in object 'Object Repository/RAD_Pages/Landing_Page/select_NewTaxReturnAmountDue_TaxType' 

2024-02-03 23:49:48 - [TEST_STEP][PASSED] - selectOptionByLabel(findTestObject(orPath_TaxTypeFilingYear + "/select_FilingYear"), FilingYear, false): All options with label '2022' are selected in object 'Object Repository/RAD_Pages/TaxTypeFilingYear_Page/select_FilingYear' 

2024-02-03 23:49:49 - [MESSAGE][PASSED] - All options with label '2022' are selected in object 'Object Repository/RAD_Pages/TaxTypeFilingYear_Page/select_FilingYear' 

2024-02-03 23:49:49 - [TEST_STEP][PASSED] - setText(findTestObject(orPath_TaxPayer + "/input_businessName"), " "): Text ' ' is set on object 'Object Repository/RAD_Pages/Taxpayer_Page/input_businessName'

2024-02-03 23:49:50 - [MESSAGE][PASSED] - Text ' ' is set on object 'Object Repository/RAD_Pages/Taxpayer_Page/input_businessName'

2024-02-03 23:49:50 - [TEST_STEP][PASSED] - setText(findTestObject(orPath_TaxPayer + "/input_BusinessRepfirstName"), " "): Text ' ' is set on object 'Object Repository/RAD_Pages/Taxpayer_Page/input_BusinessRepfirstName'

2024-02-03 23:49:50 - [MESSAGE][PASSED] - Text ' ' is set on object 'Object Repository/RAD_Pages/Taxpayer_Page/input_BusinessRepfirstName'

2024-02-03 23:49:50 - [TEST_STEP][PASSED] - setText(findTestObject(orPath_TaxPayer + "/input_BusinessReplastName"), " "): Text ' ' is set on object 'Object Repository/RAD_Pages/Taxpayer_Page/input_BusinessReplastName'

2024-02-03 23:49:51 - [MESSAGE][PASSED] - Text ' ' is set on object 'Object Repository/RAD_Pages/Taxpayer_Page/input_BusinessReplastName'

2024-02-03 23:49:51 - [TEST_STEP][PASSED] - setText(findTestObject(orPath_AddressContact + "/input_streetAddress1"), " "): Text ' ' is set on object 'Object Repository/RAD_Pages/AddressAndContactInfo_Page/input_streetAddress1'

2024-02-03 23:49:52 - [MESSAGE][PASSED] - Text ' ' is set on object 'Object Repository/RAD_Pages/AddressAndContactInfo_Page/input_streetAddress1'

2024-02-03 23:49:52 - [TEST_STEP][PASSED] - setText(findTestObject(orPath_AddressContact + "/input_city"), " "): Text ' ' is set on object 'Object Repository/RAD_Pages/AddressAndContactInfo_Page/input_city'

2024-02-03 23:49:53 - [MESSAGE][PASSED] - Text ' ' is set on object 'Object Repository/RAD_Pages/AddressAndContactInfo_Page/input_city'

2024-02-03 23:49:53 - [TEST_STEP][PASSED] - setText(findTestObject(orPath_AddressContact + "/input_zipCode"), " "): Text ' ' is set on object 'Object Repository/RAD_Pages/AddressAndContactInfo_Page/input_zipCode'

2024-02-03 23:49:53 - [MESSAGE][PASSED] - Text ' ' is set on object 'Object Repository/RAD_Pages/AddressAndContactInfo_Page/input_zipCode'

2024-02-03 23:49:53 - [TEST_STEP][PASSED] - setText(findTestObject(orPath_AddressContact + "/input_phoneNumber"), " "): Text ' ' is set on object 'Object Repository/RAD_Pages/AddressAndContactInfo_Page/input_phoneNumber'

2024-02-03 23:49:54 - [MESSAGE][PASSED] - Text ' ' is set on object 'Object Repository/RAD_Pages/AddressAndContactInfo_Page/input_phoneNumber'

2024-02-03 23:49:54 - [TEST_STEP][PASSED] - setText(findTestObject(orPath_AddressContact + "/input_eMailAddress"), " "): Text ' ' is set on object 'Object Repository/RAD_Pages/AddressAndContactInfo_Page/input_eMailAddress'

2024-02-03 23:49:55 - [MESSAGE][PASSED] - Text ' ' is set on object 'Object Repository/RAD_Pages/AddressAndContactInfo_Page/input_eMailAddress'

2024-02-03 23:49:55 - [TEST_STEP][PASSED] - setText(findTestObject(orPath_AddressContact + "/input_reEnterEMailAddress"), " "): Text ' ' is set on object 'Object Repository/RAD_Pages/AddressAndContactInfo_Page/input_reEnterEMailAddress'

2024-02-03 23:49:56 - [MESSAGE][PASSED] - Text ' ' is set on object 'Object Repository/RAD_Pages/AddressAndContactInfo_Page/input_reEnterEMailAddress'

2024-02-03 23:49:56 - [TEST_STEP][PASSED] - if (TaxType.equalsIgnoreCase("Estate Tax")): null

2024-02-03 23:49:56 - [TEST_STEP][PASSED] - setText(findTestObject(orPath_Amount + "/input__paymentAmount"), ""): Text '' is set on object 'Object Repository/RAD_Pages/PaymentAmount_Page/input__paymentAmount'

2024-02-03 23:49:57 - [MESSAGE][PASSED] - Text '' is set on object 'Object Repository/RAD_Pages/PaymentAmount_Page/input__paymentAmount'

2024-02-03 23:49:57 - [TEST_STEP][PASSED] - resText = "Fail": null

2024-02-03 23:49:57 - [TEST_STEP][PASSED] - pages.WriteExcel.demoKey(resText, datText, resColumn, datCloumn, fileLoc, nameSheet, row): pages.WriteExcel.demoKey is PASSED

2024-02-03 23:49:57 - [MESSAGE][PASSED] - pages.WriteExcel.demoKey is PASSED

2024-02-03 23:49:57 - [TEST_STEP][PASSED] - verifyTextPresent("Enter business name", true, CONTINUE_ON_FAILURE): Text 'Enter business name' is present on page  using regular expression

2024-02-03 23:49:58 - [MESSAGE][PASSED] - Text 'Enter business name' is present on page  using regular expression

2024-02-03 23:49:58 - [TEST_STEP][PASSED] - verifyTextPresent("Enter business rep first name", true, CONTINUE_ON_FAILURE): Text 'Enter business rep first name' is present on page  using regular expression

2024-02-03 23:49:58 - [MESSAGE][PASSED] - Text 'Enter business rep first name' is present on page  using regular expression

2024-02-03 23:49:58 - [TEST_STEP][PASSED] - verifyTextPresent("Enter business rep last name", true, CONTINUE_ON_FAILURE): Text 'Enter business rep last name' is present on page  using regular expression

2024-02-03 23:49:59 - [MESSAGE][PASSED] - Text 'Enter business rep last name' is present on page  using regular expression

2024-02-03 23:49:59 - [TEST_STEP][PASSED] - verifyTextPresent("Enter address", true, CONTINUE_ON_FAILURE): Text 'Enter address' is present on page  using regular expression

2024-02-03 23:49:59 - [MESSAGE][PASSED] - Text 'Enter address' is present on page  using regular expression

2024-02-03 23:49:59 - [TEST_STEP][PASSED] - verifyTextPresent("Enter city", true, CONTINUE_ON_FAILURE): Text 'Enter city' is present on page  using regular expression

2024-02-03 23:49:59 - [MESSAGE][PASSED] - Text 'Enter city' is present on page  using regular expression

2024-02-03 23:49:59 - [TEST_STEP][PASSED] - verifyTextPresent("Enter ZIP code", true, CONTINUE_ON_FAILURE): Text 'Enter ZIP code' is present on page  using regular expression

2024-02-03 23:50:00 - [MESSAGE][PASSED] - Text 'Enter ZIP code' is present on page  using regular expression

2024-02-03 23:50:00 - [TEST_STEP][PASSED] - verifyTextPresent("Enter a valid phone number", true, CONTINUE_ON_FAILURE): Text 'Enter a valid phone number' is present on page  using regular expression

2024-02-03 23:50:00 - [MESSAGE][PASSED] - Text 'Enter a valid phone number' is present on page  using regular expression

2024-02-03 23:50:00 - [TEST_STEP][PASSED] - verifyTextPresent("Enter Email", true, CONTINUE_ON_FAILURE): Text 'Enter Email' is present on page  using regular expression

2024-02-03 23:50:00 - [MESSAGE][PASSED] - Text 'Enter Email' is present on page  using regular expression

2024-02-03 23:50:00 - [TEST_STEP][PASSED] - if (TaxType.equalsIgnoreCase("Estate Tax")): null

2024-02-03 23:50:00 - [TEST_STEP][PASSED] - resText = "Pass": null

2024-02-03 23:50:00 - [TEST_STEP][PASSED] - pages.WriteExcel.demoKey(resText, datText, resColumn, datCloumn, fileLoc, nameSheet, row): pages.WriteExcel.demoKey is PASSED

2024-02-03 23:50:00 - [MESSAGE][PASSED] - pages.WriteExcel.demoKey is PASSED

2024-02-03 23:50:00 - [TEST_STEP][PASSED] - ExecuteTC = findTestData(dataFile).getValue("Execute", row): null

2024-02-03 23:50:00 - [TEST_STEP][PASSED] - TaxType = findTestData(dataFile).getValue("TaxType", row): null

2024-02-03 23:50:00 - [TEST_STEP][PASSED] - PaymentType = findTestData(dataFile).getValue("PaymentType", row): null

2024-02-03 23:50:01 - [TEST_STEP][PASSED] - FilingYear = findTestData(dataFile).getValue("Year", row): null

2024-02-03 23:50:01 - [TEST_STEP][PASSED] - feinSSN = findTestData(dataFile).getValue("FeinSsn", row): null

2024-02-03 23:50:01 - [TEST_STEP][PASSED] - if (ExecuteTC.equalsIgnoreCase("Y")): pages.WriteExcel.demoKey is PASSED

2024-02-03 23:50:01 - [TEST_STEP][PASSED] - out.println("Begin Record Number: " + row): null

2024-02-03 23:50:01 - [TEST_STEP][PASSED] - today = new java.util.Date(): null

2024-02-03 23:50:01 - [TEST_STEP][PASSED] - println(today): null

2024-02-03 23:50:01 - [TEST_STEP][PASSED] - datText = today: null

2024-02-03 23:50:01 - [TEST_STEP][PASSED] - logInfo("Payment Type: New Tax Return Amount Due"): Payment Type: New Tax Return Amount Due

2024-02-03 23:50:01 - [MESSAGE][INFO] - Payment Type: New Tax Return Amount Due

2024-02-03 23:50:01 - [TEST_STEP][PASSED] - logInfo("Tax Type: " + TaxType): Tax Type: Admissions and Amusement Tax

2024-02-03 23:50:01 - [MESSAGE][INFO] - Tax Type: Admissions and Amusement Tax

2024-02-03 23:50:01 - [TEST_STEP][PASSED] - openBrowser(""): Browser is opened with url: ''

2024-02-03 23:50:01 - [MESSAGE][WARNING] - A browser is already opened. Closing browser and opening a new one

2024-02-03 23:50:02 - [MESSAGE][INFO] - Starting 'Chrome' driver

2024-02-03 23:50:02 - [MESSAGE][INFO] - User set preference: ['acceptInsecureCerts', 'true']

2024-02-03 23:50:02 - [MESSAGE][INFO] - Action delay is set to 0 milliseconds

2024-02-03 23:50:04 - [MESSAGE][PASSED] - Browser is opened with url: ''

2024-02-03 23:50:04 - [TEST_STEP][PASSED] - maximizeWindow(): Current window maximized

2024-02-03 23:50:04 - [MESSAGE][PASSED] - Current window maximized

2024-02-03 23:50:04 - [TEST_STEP][PASSED] - navigateToUrl(RADurl): Navigate to 'https://qa2.velocitypayment.com/client/rad/index.html' successfully

2024-02-03 23:50:04 - [MESSAGE][PASSED] - Navigate to 'https://qa2.velocitypayment.com/client/rad/index.html' successfully

2024-02-03 23:50:04 - [TEST_STEP][PASSED] - selectOptionByLabel(findTestObject(orPath_Landing + "/dd_TaxType"), "New Tax Return Amount Due", false): All options with label 'New Tax Return Amount Due' are selected in object 'Object Repository/RAD_Pages/Landing_Page/dd_TaxType' 

2024-02-03 23:50:06 - [MESSAGE][PASSED] - All options with label 'New Tax Return Amount Due' are selected in object 'Object Repository/RAD_Pages/Landing_Page/dd_TaxType' 

2024-02-03 23:50:06 - [TEST_STEP][PASSED] - selectOptionByLabel(findTestObject("Object Repository/RAD_Pages/Landing_Page/select_NewTaxReturnAmountDue_TaxType"), TaxType, false): All options with label 'Admissions and Amusement Tax' are selected in object 'Object Repository/RAD_Pages/Landing_Page/select_NewTaxReturnAmountDue_TaxType' 

2024-02-03 23:50:07 - [MESSAGE][PASSED] - All options with label 'Admissions and Amusement Tax' are selected in object 'Object Repository/RAD_Pages/Landing_Page/select_NewTaxReturnAmountDue_TaxType' 

2024-02-03 23:50:07 - [TEST_STEP][PASSED] - selectOptionByLabel(findTestObject(orPath_TaxTypeFilingYear + "/select_FilingYear"), FilingYear, false): All options with label '2021' are selected in object 'Object Repository/RAD_Pages/TaxTypeFilingYear_Page/select_FilingYear' 

2024-02-03 23:50:08 - [MESSAGE][PASSED] - All options with label '2021' are selected in object 'Object Repository/RAD_Pages/TaxTypeFilingYear_Page/select_FilingYear' 

2024-02-03 23:50:08 - [TEST_STEP][PASSED] - setText(findTestObject(orPath_TaxPayer + "/input_businessName"), " "): Text ' ' is set on object 'Object Repository/RAD_Pages/Taxpayer_Page/input_businessName'

2024-02-03 23:50:09 - [MESSAGE][PASSED] - Text ' ' is set on object 'Object Repository/RAD_Pages/Taxpayer_Page/input_businessName'

2024-02-03 23:50:09 - [TEST_STEP][PASSED] - setText(findTestObject(orPath_TaxPayer + "/input_BusinessRepfirstName"), " "): Text ' ' is set on object 'Object Repository/RAD_Pages/Taxpayer_Page/input_BusinessRepfirstName'

2024-02-03 23:50:09 - [MESSAGE][PASSED] - Text ' ' is set on object 'Object Repository/RAD_Pages/Taxpayer_Page/input_BusinessRepfirstName'

2024-02-03 23:50:09 - [TEST_STEP][PASSED] - setText(findTestObject(orPath_TaxPayer + "/input_BusinessReplastName"), " "): Text ' ' is set on object 'Object Repository/RAD_Pages/Taxpayer_Page/input_BusinessReplastName'

2024-02-03 23:50:10 - [MESSAGE][PASSED] - Text ' ' is set on object 'Object Repository/RAD_Pages/Taxpayer_Page/input_BusinessReplastName'

2024-02-03 23:50:10 - [TEST_STEP][PASSED] - setText(findTestObject(orPath_AddressContact + "/input_streetAddress1"), " "): Text ' ' is set on object 'Object Repository/RAD_Pages/AddressAndContactInfo_Page/input_streetAddress1'

2024-02-03 23:50:11 - [MESSAGE][PASSED] - Text ' ' is set on object 'Object Repository/RAD_Pages/AddressAndContactInfo_Page/input_streetAddress1'

2024-02-03 23:50:11 - [TEST_STEP][PASSED] - setText(findTestObject(orPath_AddressContact + "/input_city"), " "): Text ' ' is set on object 'Object Repository/RAD_Pages/AddressAndContactInfo_Page/input_city'

2024-02-03 23:50:11 - [MESSAGE][PASSED] - Text ' ' is set on object 'Object Repository/RAD_Pages/AddressAndContactInfo_Page/input_city'

2024-02-03 23:50:11 - [TEST_STEP][PASSED] - setText(findTestObject(orPath_AddressContact + "/input_zipCode"), " "): Text ' ' is set on object 'Object Repository/RAD_Pages/AddressAndContactInfo_Page/input_zipCode'

2024-02-03 23:50:12 - [MESSAGE][PASSED] - Text ' ' is set on object 'Object Repository/RAD_Pages/AddressAndContactInfo_Page/input_zipCode'

2024-02-03 23:50:12 - [TEST_STEP][PASSED] - setText(findTestObject(orPath_AddressContact + "/input_phoneNumber"), " "): Text ' ' is set on object 'Object Repository/RAD_Pages/AddressAndContactInfo_Page/input_phoneNumber'

2024-02-03 23:50:13 - [MESSAGE][PASSED] - Text ' ' is set on object 'Object Repository/RAD_Pages/AddressAndContactInfo_Page/input_phoneNumber'

2024-02-03 23:50:13 - [TEST_STEP][PASSED] - setText(findTestObject(orPath_AddressContact + "/input_eMailAddress"), " "): Text ' ' is set on object 'Object Repository/RAD_Pages/AddressAndContactInfo_Page/input_eMailAddress'

2024-02-03 23:50:14 - [MESSAGE][PASSED] - Text ' ' is set on object 'Object Repository/RAD_Pages/AddressAndContactInfo_Page/input_eMailAddress'

2024-02-03 23:50:14 - [TEST_STEP][PASSED] - setText(findTestObject(orPath_AddressContact + "/input_reEnterEMailAddress"), " "): Text ' ' is set on object 'Object Repository/RAD_Pages/AddressAndContactInfo_Page/input_reEnterEMailAddress'

2024-02-03 23:50:15 - [MESSAGE][PASSED] - Text ' ' is set on object 'Object Repository/RAD_Pages/AddressAndContactInfo_Page/input_reEnterEMailAddress'

2024-02-03 23:50:15 - [TEST_STEP][PASSED] - if (TaxType.equalsIgnoreCase("Estate Tax")): null

2024-02-03 23:50:15 - [TEST_STEP][PASSED] - setText(findTestObject(orPath_Amount + "/input__paymentAmount"), ""): Text '' is set on object 'Object Repository/RAD_Pages/PaymentAmount_Page/input__paymentAmount'

2024-02-03 23:50:16 - [MESSAGE][PASSED] - Text '' is set on object 'Object Repository/RAD_Pages/PaymentAmount_Page/input__paymentAmount'

2024-02-03 23:50:16 - [TEST_STEP][PASSED] - resText = "Fail": null

2024-02-03 23:50:16 - [TEST_STEP][PASSED] - pages.WriteExcel.demoKey(resText, datText, resColumn, datCloumn, fileLoc, nameSheet, row): pages.WriteExcel.demoKey is PASSED

2024-02-03 23:50:16 - [MESSAGE][PASSED] - pages.WriteExcel.demoKey is PASSED

2024-02-03 23:50:16 - [TEST_STEP][PASSED] - verifyTextPresent("Enter business name", true, CONTINUE_ON_FAILURE): Text 'Enter business name' is present on page  using regular expression

2024-02-03 23:50:16 - [MESSAGE][PASSED] - Text 'Enter business name' is present on page  using regular expression

2024-02-03 23:50:16 - [TEST_STEP][PASSED] - verifyTextPresent("Enter business rep first name", true, CONTINUE_ON_FAILURE): Text 'Enter business rep first name' is present on page  using regular expression

2024-02-03 23:50:17 - [MESSAGE][PASSED] - Text 'Enter business rep first name' is present on page  using regular expression

2024-02-03 23:50:17 - [TEST_STEP][PASSED] - verifyTextPresent("Enter business rep last name", true, CONTINUE_ON_FAILURE): Text 'Enter business rep last name' is present on page  using regular expression

2024-02-03 23:50:17 - [MESSAGE][PASSED] - Text 'Enter business rep last name' is present on page  using regular expression

2024-02-03 23:50:17 - [TEST_STEP][PASSED] - verifyTextPresent("Enter address", true, CONTINUE_ON_FAILURE): Text 'Enter address' is present on page  using regular expression

2024-02-03 23:50:18 - [MESSAGE][PASSED] - Text 'Enter address' is present on page  using regular expression

2024-02-03 23:50:18 - [TEST_STEP][PASSED] - verifyTextPresent("Enter city", true, CONTINUE_ON_FAILURE): Text 'Enter city' is present on page  using regular expression

2024-02-03 23:50:18 - [MESSAGE][PASSED] - Text 'Enter city' is present on page  using regular expression

2024-02-03 23:50:18 - [TEST_STEP][PASSED] - verifyTextPresent("Enter ZIP code", true, CONTINUE_ON_FAILURE): Text 'Enter ZIP code' is present on page  using regular expression

2024-02-03 23:50:18 - [MESSAGE][PASSED] - Text 'Enter ZIP code' is present on page  using regular expression

2024-02-03 23:50:18 - [TEST_STEP][PASSED] - verifyTextPresent("Enter a valid phone number", true, CONTINUE_ON_FAILURE): Text 'Enter a valid phone number' is present on page  using regular expression

2024-02-03 23:50:19 - [MESSAGE][PASSED] - Text 'Enter a valid phone number' is present on page  using regular expression

2024-02-03 23:50:19 - [TEST_STEP][PASSED] - verifyTextPresent("Enter Email", true, CONTINUE_ON_FAILURE): Text 'Enter Email' is present on page  using regular expression

2024-02-03 23:50:19 - [MESSAGE][PASSED] - Text 'Enter Email' is present on page  using regular expression

2024-02-03 23:50:19 - [TEST_STEP][PASSED] - if (TaxType.equalsIgnoreCase("Estate Tax")): null

2024-02-03 23:50:19 - [TEST_STEP][PASSED] - resText = "Pass": null

2024-02-03 23:50:19 - [TEST_STEP][PASSED] - pages.WriteExcel.demoKey(resText, datText, resColumn, datCloumn, fileLoc, nameSheet, row): pages.WriteExcel.demoKey is PASSED

2024-02-03 23:50:19 - [MESSAGE][PASSED] - pages.WriteExcel.demoKey is PASSED

2024-02-03 23:50:19 - [TEST_STEP][PASSED] - ExecuteTC = findTestData(dataFile).getValue("Execute", row): null

2024-02-03 23:50:19 - [TEST_STEP][PASSED] - TaxType = findTestData(dataFile).getValue("TaxType", row): null

2024-02-03 23:50:19 - [TEST_STEP][PASSED] - PaymentType = findTestData(dataFile).getValue("PaymentType", row): null

2024-02-03 23:50:19 - [TEST_STEP][PASSED] - FilingYear = findTestData(dataFile).getValue("Year", row): null

2024-02-03 23:50:19 - [TEST_STEP][PASSED] - feinSSN = findTestData(dataFile).getValue("FeinSsn", row): null

2024-02-03 23:50:20 - [TEST_STEP][PASSED] - if (ExecuteTC.equalsIgnoreCase("Y")): pages.WriteExcel.demoKey is PASSED

2024-02-03 23:50:20 - [TEST_STEP][PASSED] - out.println("Begin Record Number: " + row): null

2024-02-03 23:50:20 - [TEST_STEP][PASSED] - today = new java.util.Date(): null

2024-02-03 23:50:20 - [TEST_STEP][PASSED] - println(today): null

2024-02-03 23:50:20 - [TEST_STEP][PASSED] - datText = today: null

2024-02-03 23:50:20 - [TEST_STEP][PASSED] - logInfo("Payment Type: New Tax Return Amount Due"): Payment Type: New Tax Return Amount Due

2024-02-03 23:50:20 - [MESSAGE][INFO] - Payment Type: New Tax Return Amount Due

2024-02-03 23:50:20 - [TEST_STEP][PASSED] - logInfo("Tax Type: " + TaxType): Tax Type: Alcohol Tax

2024-02-03 23:50:20 - [MESSAGE][INFO] - Tax Type: Alcohol Tax

2024-02-03 23:50:20 - [TEST_STEP][PASSED] - openBrowser(""): Browser is opened with url: ''

2024-02-03 23:50:20 - [MESSAGE][WARNING] - A browser is already opened. Closing browser and opening a new one

2024-02-03 23:50:21 - [MESSAGE][INFO] - Starting 'Chrome' driver

2024-02-03 23:50:21 - [MESSAGE][INFO] - User set preference: ['acceptInsecureCerts', 'true']

2024-02-03 23:50:21 - [MESSAGE][INFO] - Action delay is set to 0 milliseconds

2024-02-03 23:50:23 - [MESSAGE][PASSED] - Browser is opened with url: ''

2024-02-03 23:50:23 - [TEST_STEP][PASSED] - maximizeWindow(): Current window maximized

2024-02-03 23:50:23 - [MESSAGE][PASSED] - Current window maximized

2024-02-03 23:50:23 - [TEST_STEP][PASSED] - navigateToUrl(RADurl): Navigate to 'https://qa2.velocitypayment.com/client/rad/index.html' successfully

2024-02-03 23:50:25 - [MESSAGE][PASSED] - Navigate to 'https://qa2.velocitypayment.com/client/rad/index.html' successfully

2024-02-03 23:50:25 - [TEST_STEP][PASSED] - selectOptionByLabel(findTestObject(orPath_Landing + "/dd_TaxType"), "New Tax Return Amount Due", false): All options with label 'New Tax Return Amount Due' are selected in object 'Object Repository/RAD_Pages/Landing_Page/dd_TaxType' 

2024-02-03 23:50:26 - [MESSAGE][PASSED] - All options with label 'New Tax Return Amount Due' are selected in object 'Object Repository/RAD_Pages/Landing_Page/dd_TaxType' 

2024-02-03 23:50:26 - [TEST_STEP][PASSED] - selectOptionByLabel(findTestObject("Object Repository/RAD_Pages/Landing_Page/select_NewTaxReturnAmountDue_TaxType"), TaxType, false): All options with label 'Alcohol Tax' are selected in object 'Object Repository/RAD_Pages/Landing_Page/select_NewTaxReturnAmountDue_TaxType' 

2024-02-03 23:50:26 - [MESSAGE][PASSED] - All options with label 'Alcohol Tax' are selected in object 'Object Repository/RAD_Pages/Landing_Page/select_NewTaxReturnAmountDue_TaxType' 

2024-02-03 23:50:26 - [TEST_STEP][PASSED] - selectOptionByLabel(findTestObject(orPath_TaxTypeFilingYear + "/select_FilingYear"), FilingYear, false): All options with label '2021' are selected in object 'Object Repository/RAD_Pages/TaxTypeFilingYear_Page/select_FilingYear' 

2024-02-03 23:50:27 - [MESSAGE][PASSED] - All options with label '2021' are selected in object 'Object Repository/RAD_Pages/TaxTypeFilingYear_Page/select_FilingYear' 

2024-02-03 23:50:27 - [TEST_STEP][PASSED] - setText(findTestObject(orPath_TaxPayer + "/input_businessName"), " "): Text ' ' is set on object 'Object Repository/RAD_Pages/Taxpayer_Page/input_businessName'

2024-02-03 23:50:28 - [MESSAGE][PASSED] - Text ' ' is set on object 'Object Repository/RAD_Pages/Taxpayer_Page/input_businessName'

2024-02-03 23:50:28 - [TEST_STEP][PASSED] - setText(findTestObject(orPath_TaxPayer + "/input_BusinessRepfirstName"), " "): Text ' ' is set on object 'Object Repository/RAD_Pages/Taxpayer_Page/input_BusinessRepfirstName'

2024-02-03 23:50:29 - [MESSAGE][PASSED] - Text ' ' is set on object 'Object Repository/RAD_Pages/Taxpayer_Page/input_BusinessRepfirstName'

2024-02-03 23:50:29 - [TEST_STEP][PASSED] - setText(findTestObject(orPath_TaxPayer + "/input_BusinessReplastName"), " "): Text ' ' is set on object 'Object Repository/RAD_Pages/Taxpayer_Page/input_BusinessReplastName'

2024-02-03 23:50:29 - [MESSAGE][PASSED] - Text ' ' is set on object 'Object Repository/RAD_Pages/Taxpayer_Page/input_BusinessReplastName'

2024-02-03 23:50:29 - [TEST_STEP][PASSED] - setText(findTestObject(orPath_AddressContact + "/input_streetAddress1"), " "): Text ' ' is set on object 'Object Repository/RAD_Pages/AddressAndContactInfo_Page/input_streetAddress1'

2024-02-03 23:50:30 - [MESSAGE][PASSED] - Text ' ' is set on object 'Object Repository/RAD_Pages/AddressAndContactInfo_Page/input_streetAddress1'

2024-02-03 23:50:30 - [TEST_STEP][PASSED] - setText(findTestObject(orPath_AddressContact + "/input_city"), " "): Text ' ' is set on object 'Object Repository/RAD_Pages/AddressAndContactInfo_Page/input_city'

2024-02-03 23:50:31 - [MESSAGE][PASSED] - Text ' ' is set on object 'Object Repository/RAD_Pages/AddressAndContactInfo_Page/input_city'

2024-02-03 23:50:31 - [TEST_STEP][PASSED] - setText(findTestObject(orPath_AddressContact + "/input_zipCode"), " "): Text ' ' is set on object 'Object Repository/RAD_Pages/AddressAndContactInfo_Page/input_zipCode'

2024-02-03 23:50:31 - [MESSAGE][PASSED] - Text ' ' is set on object 'Object Repository/RAD_Pages/AddressAndContactInfo_Page/input_zipCode'

2024-02-03 23:50:31 - [TEST_STEP][PASSED] - setText(findTestObject(orPath_AddressContact + "/input_phoneNumber"), " "): Text ' ' is set on object 'Object Repository/RAD_Pages/AddressAndContactInfo_Page/input_phoneNumber'

2024-02-03 23:50:32 - [MESSAGE][PASSED] - Text ' ' is set on object 'Object Repository/RAD_Pages/AddressAndContactInfo_Page/input_phoneNumber'

2024-02-03 23:50:32 - [TEST_STEP][PASSED] - setText(findTestObject(orPath_AddressContact + "/input_eMailAddress"), " "): Text ' ' is set on object 'Object Repository/RAD_Pages/AddressAndContactInfo_Page/input_eMailAddress'

2024-02-03 23:50:33 - [MESSAGE][PASSED] - Text ' ' is set on object 'Object Repository/RAD_Pages/AddressAndContactInfo_Page/input_eMailAddress'

2024-02-03 23:50:33 - [TEST_STEP][PASSED] - setText(findTestObject(orPath_AddressContact + "/input_reEnterEMailAddress"), " "): Text ' ' is set on object 'Object Repository/RAD_Pages/AddressAndContactInfo_Page/input_reEnterEMailAddress'

2024-02-03 23:50:34 - [MESSAGE][PASSED] - Text ' ' is set on object 'Object Repository/RAD_Pages/AddressAndContactInfo_Page/input_reEnterEMailAddress'

2024-02-03 23:50:34 - [TEST_STEP][PASSED] - if (TaxType.equalsIgnoreCase("Estate Tax")): null

2024-02-03 23:50:34 - [TEST_STEP][PASSED] - setText(findTestObject(orPath_Amount + "/input__paymentAmount"), ""): Text '' is set on object 'Object Repository/RAD_Pages/PaymentAmount_Page/input__paymentAmount'

2024-02-03 23:50:35 - [MESSAGE][PASSED] - Text '' is set on object 'Object Repository/RAD_Pages/PaymentAmount_Page/input__paymentAmount'

2024-02-03 23:50:35 - [TEST_STEP][PASSED] - resText = "Fail": null

2024-02-03 23:50:35 - [TEST_STEP][PASSED] - pages.WriteExcel.demoKey(resText, datText, resColumn, datCloumn, fileLoc, nameSheet, row): pages.WriteExcel.demoKey is PASSED

2024-02-03 23:50:35 - [MESSAGE][PASSED] - pages.WriteExcel.demoKey is PASSED

2024-02-03 23:50:35 - [TEST_STEP][PASSED] - verifyTextPresent("Enter business name", true, CONTINUE_ON_FAILURE): Text 'Enter business name' is present on page  using regular expression

2024-02-03 23:50:36 - [MESSAGE][PASSED] - Text 'Enter business name' is present on page  using regular expression

2024-02-03 23:50:36 - [TEST_STEP][PASSED] - verifyTextPresent("Enter business rep first name", true, CONTINUE_ON_FAILURE): Text 'Enter business rep first name' is present on page  using regular expression

2024-02-03 23:50:36 - [MESSAGE][PASSED] - Text 'Enter business rep first name' is present on page  using regular expression

2024-02-03 23:50:36 - [TEST_STEP][PASSED] - verifyTextPresent("Enter business rep last name", true, CONTINUE_ON_FAILURE): Text 'Enter business rep last name' is present on page  using regular expression

2024-02-03 23:50:36 - [MESSAGE][PASSED] - Text 'Enter business rep last name' is present on page  using regular expression

2024-02-03 23:50:36 - [TEST_STEP][PASSED] - verifyTextPresent("Enter address", true, CONTINUE_ON_FAILURE): Text 'Enter address' is present on page  using regular expression

2024-02-03 23:50:37 - [MESSAGE][PASSED] - Text 'Enter address' is present on page  using regular expression

2024-02-03 23:50:37 - [TEST_STEP][PASSED] - verifyTextPresent("Enter city", true, CONTINUE_ON_FAILURE): Text 'Enter city' is present on page  using regular expression

2024-02-03 23:50:37 - [MESSAGE][PASSED] - Text 'Enter city' is present on page  using regular expression

2024-02-03 23:50:37 - [TEST_STEP][PASSED] - verifyTextPresent("Enter ZIP code", true, CONTINUE_ON_FAILURE): Text 'Enter ZIP code' is present on page  using regular expression

2024-02-03 23:50:38 - [MESSAGE][PASSED] - Text 'Enter ZIP code' is present on page  using regular expression

2024-02-03 23:50:38 - [TEST_STEP][PASSED] - verifyTextPresent("Enter a valid phone number", true, CONTINUE_ON_FAILURE): Text 'Enter a valid phone number' is present on page  using regular expression

2024-02-03 23:50:38 - [MESSAGE][PASSED] - Text 'Enter a valid phone number' is present on page  using regular expression

2024-02-03 23:50:38 - [TEST_STEP][PASSED] - verifyTextPresent("Enter Email", true, CONTINUE_ON_FAILURE): Text 'Enter Email' is present on page  using regular expression

2024-02-03 23:50:38 - [MESSAGE][PASSED] - Text 'Enter Email' is present on page  using regular expression

2024-02-03 23:50:38 - [TEST_STEP][PASSED] - if (TaxType.equalsIgnoreCase("Estate Tax")): null

2024-02-03 23:50:38 - [TEST_STEP][PASSED] - resText = "Pass": null

2024-02-03 23:50:38 - [TEST_STEP][PASSED] - pages.WriteExcel.demoKey(resText, datText, resColumn, datCloumn, fileLoc, nameSheet, row): pages.WriteExcel.demoKey is PASSED

2024-02-03 23:50:38 - [MESSAGE][PASSED] - pages.WriteExcel.demoKey is PASSED

2024-02-03 23:50:38 - [TEST_STEP][PASSED] - ExecuteTC = findTestData(dataFile).getValue("Execute", row): null

2024-02-03 23:50:38 - [TEST_STEP][PASSED] - TaxType = findTestData(dataFile).getValue("TaxType", row): null

2024-02-03 23:50:38 - [TEST_STEP][PASSED] - PaymentType = findTestData(dataFile).getValue("PaymentType", row): null

2024-02-03 23:50:39 - [TEST_STEP][PASSED] - FilingYear = findTestData(dataFile).getValue("Year", row): null

2024-02-03 23:50:39 - [TEST_STEP][PASSED] - feinSSN = findTestData(dataFile).getValue("FeinSsn", row): null

2024-02-03 23:50:39 - [TEST_STEP][PASSED] - if (ExecuteTC.equalsIgnoreCase("Y")): pages.WriteExcel.demoKey is PASSED

2024-02-03 23:50:39 - [TEST_STEP][PASSED] - out.println("Begin Record Number: " + row): null

2024-02-03 23:50:39 - [TEST_STEP][PASSED] - today = new java.util.Date(): null

2024-02-03 23:50:39 - [TEST_STEP][PASSED] - println(today): null

2024-02-03 23:50:39 - [TEST_STEP][PASSED] - datText = today: null

2024-02-03 23:50:39 - [TEST_STEP][PASSED] - logInfo("Payment Type: New Tax Return Amount Due"): Payment Type: New Tax Return Amount Due

2024-02-03 23:50:39 - [MESSAGE][INFO] - Payment Type: New Tax Return Amount Due

2024-02-03 23:50:39 - [TEST_STEP][PASSED] - logInfo("Tax Type: " + TaxType): Tax Type: Bay Restoration Fee

2024-02-03 23:50:39 - [MESSAGE][INFO] - Tax Type: Bay Restoration Fee

2024-02-03 23:50:39 - [TEST_STEP][PASSED] - openBrowser(""): Browser is opened with url: ''

2024-02-03 23:50:39 - [MESSAGE][WARNING] - A browser is already opened. Closing browser and opening a new one

2024-02-03 23:50:40 - [MESSAGE][INFO] - Starting 'Chrome' driver

2024-02-03 23:50:40 - [MESSAGE][INFO] - User set preference: ['acceptInsecureCerts', 'true']

2024-02-03 23:50:40 - [MESSAGE][INFO] - Action delay is set to 0 milliseconds

2024-02-03 23:50:42 - [MESSAGE][PASSED] - Browser is opened with url: ''

2024-02-03 23:50:42 - [TEST_STEP][PASSED] - maximizeWindow(): Current window maximized

2024-02-03 23:50:42 - [MESSAGE][PASSED] - Current window maximized

2024-02-03 23:50:42 - [TEST_STEP][PASSED] - navigateToUrl(RADurl): Navigate to 'https://qa2.velocitypayment.com/client/rad/index.html' successfully

2024-02-03 23:50:42 - [MESSAGE][PASSED] - Navigate to 'https://qa2.velocitypayment.com/client/rad/index.html' successfully

2024-02-03 23:50:42 - [TEST_STEP][PASSED] - selectOptionByLabel(findTestObject(orPath_Landing + "/dd_TaxType"), "New Tax Return Amount Due", false): All options with label 'New Tax Return Amount Due' are selected in object 'Object Repository/RAD_Pages/Landing_Page/dd_TaxType' 

2024-02-03 23:50:45 - [MESSAGE][PASSED] - All options with label 'New Tax Return Amount Due' are selected in object 'Object Repository/RAD_Pages/Landing_Page/dd_TaxType' 

2024-02-03 23:50:45 - [TEST_STEP][PASSED] - selectOptionByLabel(findTestObject("Object Repository/RAD_Pages/Landing_Page/select_NewTaxReturnAmountDue_TaxType"), TaxType, false): All options with label 'Bay Restoration Fee' are selected in object 'Object Repository/RAD_Pages/Landing_Page/select_NewTaxReturnAmountDue_TaxType' 

2024-02-03 23:50:46 - [MESSAGE][PASSED] - All options with label 'Bay Restoration Fee' are selected in object 'Object Repository/RAD_Pages/Landing_Page/select_NewTaxReturnAmountDue_TaxType' 

2024-02-03 23:50:46 - [TEST_STEP][PASSED] - selectOptionByLabel(findTestObject(orPath_TaxTypeFilingYear + "/select_FilingYear"), FilingYear, false): All options with label '2021' are selected in object 'Object Repository/RAD_Pages/TaxTypeFilingYear_Page/select_FilingYear' 

2024-02-03 23:50:46 - [MESSAGE][PASSED] - All options with label '2021' are selected in object 'Object Repository/RAD_Pages/TaxTypeFilingYear_Page/select_FilingYear' 

2024-02-03 23:50:46 - [TEST_STEP][PASSED] - setText(findTestObject(orPath_TaxPayer + "/input_businessName"), " "): Text ' ' is set on object 'Object Repository/RAD_Pages/Taxpayer_Page/input_businessName'

2024-02-03 23:50:47 - [MESSAGE][PASSED] - Text ' ' is set on object 'Object Repository/RAD_Pages/Taxpayer_Page/input_businessName'

2024-02-03 23:50:47 - [TEST_STEP][PASSED] - setText(findTestObject(orPath_TaxPayer + "/input_BusinessRepfirstName"), " "): Text ' ' is set on object 'Object Repository/RAD_Pages/Taxpayer_Page/input_BusinessRepfirstName'

2024-02-03 23:50:48 - [MESSAGE][PASSED] - Text ' ' is set on object 'Object Repository/RAD_Pages/Taxpayer_Page/input_BusinessRepfirstName'

2024-02-03 23:50:48 - [TEST_STEP][PASSED] - setText(findTestObject(orPath_TaxPayer + "/input_BusinessReplastName"), " "): Text ' ' is set on object 'Object Repository/RAD_Pages/Taxpayer_Page/input_BusinessReplastName'

2024-02-03 23:50:48 - [MESSAGE][PASSED] - Text ' ' is set on object 'Object Repository/RAD_Pages/Taxpayer_Page/input_BusinessReplastName'

2024-02-03 23:50:48 - [TEST_STEP][PASSED] - setText(findTestObject(orPath_AddressContact + "/input_streetAddress1"), " "): Text ' ' is set on object 'Object Repository/RAD_Pages/AddressAndContactInfo_Page/input_streetAddress1'

2024-02-03 23:50:49 - [MESSAGE][PASSED] - Text ' ' is set on object 'Object Repository/RAD_Pages/AddressAndContactInfo_Page/input_streetAddress1'

2024-02-03 23:50:49 - [TEST_STEP][PASSED] - setText(findTestObject(orPath_AddressContact + "/input_city"), " "): Text ' ' is set on object 'Object Repository/RAD_Pages/AddressAndContactInfo_Page/input_city'

2024-02-03 23:50:50 - [MESSAGE][PASSED] - Text ' ' is set on object 'Object Repository/RAD_Pages/AddressAndContactInfo_Page/input_city'

2024-02-03 23:50:50 - [TEST_STEP][PASSED] - setText(findTestObject(orPath_AddressContact + "/input_zipCode"), " "): Text ' ' is set on object 'Object Repository/RAD_Pages/AddressAndContactInfo_Page/input_zipCode'

2024-02-03 23:50:51 - [MESSAGE][PASSED] - Text ' ' is set on object 'Object Repository/RAD_Pages/AddressAndContactInfo_Page/input_zipCode'

2024-02-03 23:50:51 - [TEST_STEP][PASSED] - setText(findTestObject(orPath_AddressContact + "/input_phoneNumber"), " "): Text ' ' is set on object 'Object Repository/RAD_Pages/AddressAndContactInfo_Page/input_phoneNumber'

2024-02-03 23:50:51 - [MESSAGE][PASSED] - Text ' ' is set on object 'Object Repository/RAD_Pages/AddressAndContactInfo_Page/input_phoneNumber'

2024-02-03 23:50:51 - [TEST_STEP][PASSED] - setText(findTestObject(orPath_AddressContact + "/input_eMailAddress"), " "): Text ' ' is set on object 'Object Repository/RAD_Pages/AddressAndContactInfo_Page/input_eMailAddress'

2024-02-03 23:50:52 - [MESSAGE][PASSED] - Text ' ' is set on object 'Object Repository/RAD_Pages/AddressAndContactInfo_Page/input_eMailAddress'

2024-02-03 23:50:52 - [TEST_STEP][PASSED] - setText(findTestObject(orPath_AddressContact + "/input_reEnterEMailAddress"), " "): Text ' ' is set on object 'Object Repository/RAD_Pages/AddressAndContactInfo_Page/input_reEnterEMailAddress'

2024-02-03 23:50:53 - [MESSAGE][PASSED] - Text ' ' is set on object 'Object Repository/RAD_Pages/AddressAndContactInfo_Page/input_reEnterEMailAddress'

2024-02-03 23:50:53 - [TEST_STEP][PASSED] - if (TaxType.equalsIgnoreCase("Estate Tax")): null

2024-02-03 23:50:53 - [TEST_STEP][PASSED] - setText(findTestObject(orPath_Amount + "/input__paymentAmount"), ""): Text '' is set on object 'Object Repository/RAD_Pages/PaymentAmount_Page/input__paymentAmount'

2024-02-03 23:50:54 - [MESSAGE][PASSED] - Text '' is set on object 'Object Repository/RAD_Pages/PaymentAmount_Page/input__paymentAmount'

2024-02-03 23:50:54 - [TEST_STEP][PASSED] - resText = "Fail": null

2024-02-03 23:50:54 - [TEST_STEP][PASSED] - pages.WriteExcel.demoKey(resText, datText, resColumn, datCloumn, fileLoc, nameSheet, row): pages.WriteExcel.demoKey is PASSED

2024-02-03 23:50:54 - [MESSAGE][PASSED] - pages.WriteExcel.demoKey is PASSED

2024-02-03 23:50:54 - [TEST_STEP][PASSED] - verifyTextPresent("Enter business name", true, CONTINUE_ON_FAILURE): Text 'Enter business name' is present on page  using regular expression

2024-02-03 23:50:55 - [MESSAGE][PASSED] - Text 'Enter business name' is present on page  using regular expression

2024-02-03 23:50:55 - [TEST_STEP][PASSED] - verifyTextPresent("Enter business rep first name", true, CONTINUE_ON_FAILURE): Text 'Enter business rep first name' is present on page  using regular expression

2024-02-03 23:50:55 - [MESSAGE][PASSED] - Text 'Enter business rep first name' is present on page  using regular expression

2024-02-03 23:50:55 - [TEST_STEP][PASSED] - verifyTextPresent("Enter business rep last name", true, CONTINUE_ON_FAILURE): Text 'Enter business rep last name' is present on page  using regular expression

2024-02-03 23:50:56 - [MESSAGE][PASSED] - Text 'Enter business rep last name' is present on page  using regular expression

2024-02-03 23:50:56 - [TEST_STEP][PASSED] - verifyTextPresent("Enter address", true, CONTINUE_ON_FAILURE): Text 'Enter address' is present on page  using regular expression

2024-02-03 23:50:56 - [MESSAGE][PASSED] - Text 'Enter address' is present on page  using regular expression

2024-02-03 23:50:56 - [TEST_STEP][PASSED] - verifyTextPresent("Enter city", true, CONTINUE_ON_FAILURE): Text 'Enter city' is present on page  using regular expression

2024-02-03 23:50:56 - [MESSAGE][PASSED] - Text 'Enter city' is present on page  using regular expression

2024-02-03 23:50:56 - [TEST_STEP][PASSED] - verifyTextPresent("Enter ZIP code", true, CONTINUE_ON_FAILURE): Text 'Enter ZIP code' is present on page  using regular expression

2024-02-03 23:50:57 - [MESSAGE][PASSED] - Text 'Enter ZIP code' is present on page  using regular expression

2024-02-03 23:50:57 - [TEST_STEP][PASSED] - verifyTextPresent("Enter a valid phone number", true, CONTINUE_ON_FAILURE): Text 'Enter a valid phone number' is present on page  using regular expression

2024-02-03 23:50:57 - [MESSAGE][PASSED] - Text 'Enter a valid phone number' is present on page  using regular expression

2024-02-03 23:50:57 - [TEST_STEP][PASSED] - verifyTextPresent("Enter Email", true, CONTINUE_ON_FAILURE): Text 'Enter Email' is present on page  using regular expression

2024-02-03 23:50:57 - [MESSAGE][PASSED] - Text 'Enter Email' is present on page  using regular expression

2024-02-03 23:50:57 - [TEST_STEP][PASSED] - if (TaxType.equalsIgnoreCase("Estate Tax")): null

2024-02-03 23:50:57 - [TEST_STEP][PASSED] - resText = "Pass": null

2024-02-03 23:50:57 - [TEST_STEP][PASSED] - pages.WriteExcel.demoKey(resText, datText, resColumn, datCloumn, fileLoc, nameSheet, row): pages.WriteExcel.demoKey is PASSED

2024-02-03 23:50:57 - [MESSAGE][PASSED] - pages.WriteExcel.demoKey is PASSED

2024-02-03 23:50:57 - [TEST_STEP][PASSED] - ExecuteTC = findTestData(dataFile).getValue("Execute", row): null

2024-02-03 23:50:58 - [TEST_STEP][PASSED] - TaxType = findTestData(dataFile).getValue("TaxType", row): null

2024-02-03 23:50:58 - [TEST_STEP][PASSED] - PaymentType = findTestData(dataFile).getValue("PaymentType", row): null

2024-02-03 23:50:58 - [TEST_STEP][PASSED] - FilingYear = findTestData(dataFile).getValue("Year", row): null

2024-02-03 23:50:58 - [TEST_STEP][PASSED] - feinSSN = findTestData(dataFile).getValue("FeinSsn", row): null

2024-02-03 23:50:58 - [TEST_STEP][PASSED] - if (ExecuteTC.equalsIgnoreCase("Y")): pages.WriteExcel.demoKey is PASSED

2024-02-03 23:50:58 - [TEST_STEP][PASSED] - out.println("Begin Record Number: " + row): null

2024-02-03 23:50:58 - [TEST_STEP][PASSED] - today = new java.util.Date(): null

2024-02-03 23:50:58 - [TEST_STEP][PASSED] - println(today): null

2024-02-03 23:50:58 - [TEST_STEP][PASSED] - datText = today: null

2024-02-03 23:50:58 - [TEST_STEP][PASSED] - logInfo("Payment Type: New Tax Return Amount Due"): Payment Type: New Tax Return Amount Due

2024-02-03 23:50:58 - [MESSAGE][INFO] - Payment Type: New Tax Return Amount Due

2024-02-03 23:50:58 - [TEST_STEP][PASSED] - logInfo("Tax Type: " + TaxType): Tax Type: Corporate Income Tax

2024-02-03 23:50:58 - [MESSAGE][INFO] - Tax Type: Corporate Income Tax

2024-02-03 23:50:58 - [TEST_STEP][PASSED] - openBrowser(""): Browser is opened with url: ''

2024-02-03 23:50:58 - [MESSAGE][WARNING] - A browser is already opened. Closing browser and opening a new one

2024-02-03 23:51:08 - [MESSAGE][INFO] - Starting 'Chrome' driver

2024-02-03 23:51:08 - [MESSAGE][INFO] - User set preference: ['acceptInsecureCerts', 'true']

2024-02-03 23:51:08 - [MESSAGE][INFO] - Action delay is set to 0 milliseconds

2024-02-03 23:51:10 - [MESSAGE][PASSED] - Browser is opened with url: ''

2024-02-03 23:51:10 - [TEST_STEP][PASSED] - maximizeWindow(): Current window maximized

2024-02-03 23:51:10 - [MESSAGE][PASSED] - Current window maximized

2024-02-03 23:51:10 - [TEST_STEP][PASSED] - navigateToUrl(RADurl): Navigate to 'https://qa2.velocitypayment.com/client/rad/index.html' successfully

2024-02-03 23:51:10 - [MESSAGE][PASSED] - Navigate to 'https://qa2.velocitypayment.com/client/rad/index.html' successfully

2024-02-03 23:51:10 - [TEST_STEP][PASSED] - selectOptionByLabel(findTestObject(orPath_Landing + "/dd_TaxType"), "New Tax Return Amount Due", false): All options with label 'New Tax Return Amount Due' are selected in object 'Object Repository/RAD_Pages/Landing_Page/dd_TaxType' 

2024-02-03 23:51:12 - [MESSAGE][PASSED] - All options with label 'New Tax Return Amount Due' are selected in object 'Object Repository/RAD_Pages/Landing_Page/dd_TaxType' 

2024-02-03 23:51:12 - [TEST_STEP][PASSED] - selectOptionByLabel(findTestObject("Object Repository/RAD_Pages/Landing_Page/select_NewTaxReturnAmountDue_TaxType"), TaxType, false): All options with label 'Corporate Income Tax' are selected in object 'Object Repository/RAD_Pages/Landing_Page/select_NewTaxReturnAmountDue_TaxType' 

2024-02-03 23:51:13 - [MESSAGE][PASSED] - All options with label 'Corporate Income Tax' are selected in object 'Object Repository/RAD_Pages/Landing_Page/select_NewTaxReturnAmountDue_TaxType' 

2024-02-03 23:51:13 - [TEST_STEP][PASSED] - selectOptionByLabel(findTestObject(orPath_TaxTypeFilingYear + "/select_FilingYear"), FilingYear, false): All options with label '2021' are selected in object 'Object Repository/RAD_Pages/TaxTypeFilingYear_Page/select_FilingYear' 

2024-02-03 23:51:14 - [MESSAGE][PASSED] - All options with label '2021' are selected in object 'Object Repository/RAD_Pages/TaxTypeFilingYear_Page/select_FilingYear' 

2024-02-03 23:51:14 - [TEST_STEP][PASSED] - setText(findTestObject(orPath_TaxPayer + "/input_businessName"), " "): Text ' ' is set on object 'Object Repository/RAD_Pages/Taxpayer_Page/input_businessName'

2024-02-03 23:51:15 - [MESSAGE][PASSED] - Text ' ' is set on object 'Object Repository/RAD_Pages/Taxpayer_Page/input_businessName'

2024-02-03 23:51:15 - [TEST_STEP][PASSED] - setText(findTestObject(orPath_TaxPayer + "/input_BusinessRepfirstName"), " "): Text ' ' is set on object 'Object Repository/RAD_Pages/Taxpayer_Page/input_BusinessRepfirstName'

2024-02-03 23:51:15 - [MESSAGE][PASSED] - Text ' ' is set on object 'Object Repository/RAD_Pages/Taxpayer_Page/input_BusinessRepfirstName'

2024-02-03 23:51:15 - [TEST_STEP][PASSED] - setText(findTestObject(orPath_TaxPayer + "/input_BusinessReplastName"), " "): Text ' ' is set on object 'Object Repository/RAD_Pages/Taxpayer_Page/input_BusinessReplastName'

2024-02-03 23:51:16 - [MESSAGE][PASSED] - Text ' ' is set on object 'Object Repository/RAD_Pages/Taxpayer_Page/input_BusinessReplastName'

2024-02-03 23:51:16 - [TEST_STEP][PASSED] - setText(findTestObject(orPath_AddressContact + "/input_streetAddress1"), " "): Text ' ' is set on object 'Object Repository/RAD_Pages/AddressAndContactInfo_Page/input_streetAddress1'

2024-02-03 23:51:17 - [MESSAGE][PASSED] - Text ' ' is set on object 'Object Repository/RAD_Pages/AddressAndContactInfo_Page/input_streetAddress1'

2024-02-03 23:51:17 - [TEST_STEP][PASSED] - setText(findTestObject(orPath_AddressContact + "/input_city"), " "): Text ' ' is set on object 'Object Repository/RAD_Pages/AddressAndContactInfo_Page/input_city'

2024-02-03 23:51:17 - [MESSAGE][PASSED] - Text ' ' is set on object 'Object Repository/RAD_Pages/AddressAndContactInfo_Page/input_city'

2024-02-03 23:51:17 - [TEST_STEP][PASSED] - setText(findTestObject(orPath_AddressContact + "/input_zipCode"), " "): Text ' ' is set on object 'Object Repository/RAD_Pages/AddressAndContactInfo_Page/input_zipCode'

2024-02-03 23:51:18 - [MESSAGE][PASSED] - Text ' ' is set on object 'Object Repository/RAD_Pages/AddressAndContactInfo_Page/input_zipCode'

2024-02-03 23:51:18 - [TEST_STEP][PASSED] - setText(findTestObject(orPath_AddressContact + "/input_phoneNumber"), " "): Text ' ' is set on object 'Object Repository/RAD_Pages/AddressAndContactInfo_Page/input_phoneNumber'

2024-02-03 23:51:19 - [MESSAGE][PASSED] - Text ' ' is set on object 'Object Repository/RAD_Pages/AddressAndContactInfo_Page/input_phoneNumber'

2024-02-03 23:51:19 - [TEST_STEP][PASSED] - setText(findTestObject(orPath_AddressContact + "/input_eMailAddress"), " "): Text ' ' is set on object 'Object Repository/RAD_Pages/AddressAndContactInfo_Page/input_eMailAddress'

2024-02-03 23:51:20 - [MESSAGE][PASSED] - Text ' ' is set on object 'Object Repository/RAD_Pages/AddressAndContactInfo_Page/input_eMailAddress'

2024-02-03 23:51:20 - [TEST_STEP][PASSED] - setText(findTestObject(orPath_AddressContact + "/input_reEnterEMailAddress"), " "): Text ' ' is set on object 'Object Repository/RAD_Pages/AddressAndContactInfo_Page/input_reEnterEMailAddress'

2024-02-03 23:51:21 - [MESSAGE][PASSED] - Text ' ' is set on object 'Object Repository/RAD_Pages/AddressAndContactInfo_Page/input_reEnterEMailAddress'

2024-02-03 23:51:21 - [TEST_STEP][PASSED] - if (TaxType.equalsIgnoreCase("Estate Tax")): null

2024-02-03 23:51:21 - [TEST_STEP][PASSED] - setText(findTestObject(orPath_Amount + "/input__paymentAmount"), ""): Text '' is set on object 'Object Repository/RAD_Pages/PaymentAmount_Page/input__paymentAmount'

2024-02-03 23:51:21 - [MESSAGE][PASSED] - Text '' is set on object 'Object Repository/RAD_Pages/PaymentAmount_Page/input__paymentAmount'

2024-02-03 23:51:21 - [TEST_STEP][PASSED] - resText = "Fail": null

2024-02-03 23:51:21 - [TEST_STEP][PASSED] - pages.WriteExcel.demoKey(resText, datText, resColumn, datCloumn, fileLoc, nameSheet, row): pages.WriteExcel.demoKey is PASSED

2024-02-03 23:51:22 - [MESSAGE][PASSED] - pages.WriteExcel.demoKey is PASSED

2024-02-03 23:51:22 - [TEST_STEP][PASSED] - verifyTextPresent("Enter business name", true, CONTINUE_ON_FAILURE): Text 'Enter business name' is present on page  using regular expression

2024-02-03 23:51:22 - [MESSAGE][PASSED] - Text 'Enter business name' is present on page  using regular expression

2024-02-03 23:51:22 - [TEST_STEP][PASSED] - verifyTextPresent("Enter business rep first name", true, CONTINUE_ON_FAILURE): Text 'Enter business rep first name' is present on page  using regular expression

2024-02-03 23:51:23 - [MESSAGE][PASSED] - Text 'Enter business rep first name' is present on page  using regular expression

2024-02-03 23:51:23 - [TEST_STEP][PASSED] - verifyTextPresent("Enter business rep last name", true, CONTINUE_ON_FAILURE): Text 'Enter business rep last name' is present on page  using regular expression

2024-02-03 23:51:23 - [MESSAGE][PASSED] - Text 'Enter business rep last name' is present on page  using regular expression

2024-02-03 23:51:23 - [TEST_STEP][PASSED] - verifyTextPresent("Enter address", true, CONTINUE_ON_FAILURE): Text 'Enter address' is present on page  using regular expression

2024-02-03 23:51:24 - [MESSAGE][PASSED] - Text 'Enter address' is present on page  using regular expression

2024-02-03 23:51:24 - [TEST_STEP][PASSED] - verifyTextPresent("Enter city", true, CONTINUE_ON_FAILURE): Text 'Enter city' is present on page  using regular expression

2024-02-03 23:51:24 - [MESSAGE][PASSED] - Text 'Enter city' is present on page  using regular expression

2024-02-03 23:51:24 - [TEST_STEP][PASSED] - verifyTextPresent("Enter ZIP code", true, CONTINUE_ON_FAILURE): Text 'Enter ZIP code' is present on page  using regular expression

2024-02-03 23:51:24 - [MESSAGE][PASSED] - Text 'Enter ZIP code' is present on page  using regular expression

2024-02-03 23:51:24 - [TEST_STEP][PASSED] - verifyTextPresent("Enter a valid phone number", true, CONTINUE_ON_FAILURE): Text 'Enter a valid phone number' is present on page  using regular expression

2024-02-03 23:51:25 - [MESSAGE][PASSED] - Text 'Enter a valid phone number' is present on page  using regular expression

2024-02-03 23:51:25 - [TEST_STEP][PASSED] - verifyTextPresent("Enter Email", true, CONTINUE_ON_FAILURE): Text 'Enter Email' is present on page  using regular expression

2024-02-03 23:51:25 - [MESSAGE][PASSED] - Text 'Enter Email' is present on page  using regular expression

2024-02-03 23:51:25 - [TEST_STEP][PASSED] - if (TaxType.equalsIgnoreCase("Estate Tax")): null

2024-02-03 23:51:25 - [TEST_STEP][PASSED] - resText = "Pass": null

2024-02-03 23:51:25 - [TEST_STEP][PASSED] - pages.WriteExcel.demoKey(resText, datText, resColumn, datCloumn, fileLoc, nameSheet, row): pages.WriteExcel.demoKey is PASSED

2024-02-03 23:51:25 - [MESSAGE][PASSED] - pages.WriteExcel.demoKey is PASSED

2024-02-03 23:51:25 - [TEST_STEP][PASSED] - ExecuteTC = findTestData(dataFile).getValue("Execute", row): null

2024-02-03 23:51:25 - [TEST_STEP][PASSED] - TaxType = findTestData(dataFile).getValue("TaxType", row): null

2024-02-03 23:51:25 - [TEST_STEP][PASSED] - PaymentType = findTestData(dataFile).getValue("PaymentType", row): null

2024-02-03 23:51:25 - [TEST_STEP][PASSED] - FilingYear = findTestData(dataFile).getValue("Year", row): null

2024-02-03 23:51:25 - [TEST_STEP][PASSED] - feinSSN = findTestData(dataFile).getValue("FeinSsn", row): null

2024-02-03 23:51:25 - [TEST_STEP][PASSED] - if (ExecuteTC.equalsIgnoreCase("Y")): pages.WriteExcel.demoKey is PASSED

2024-02-03 23:51:25 - [TEST_STEP][PASSED] - out.println("Begin Record Number: " + row): null

2024-02-03 23:51:25 - [TEST_STEP][PASSED] - today = new java.util.Date(): null

2024-02-03 23:51:25 - [TEST_STEP][PASSED] - println(today): null

2024-02-03 23:51:25 - [TEST_STEP][PASSED] - datText = today: null

2024-02-03 23:51:25 - [TEST_STEP][PASSED] - logInfo("Payment Type: New Tax Return Amount Due"): Payment Type: New Tax Return Amount Due

2024-02-03 23:51:25 - [MESSAGE][INFO] - Payment Type: New Tax Return Amount Due

2024-02-03 23:51:25 - [TEST_STEP][PASSED] - logInfo("Tax Type: " + TaxType): Tax Type: Motor Fuel Tax

2024-02-03 23:51:25 - [MESSAGE][INFO] - Tax Type: Motor Fuel Tax

2024-02-03 23:51:25 - [TEST_STEP][PASSED] - openBrowser(""): Browser is opened with url: ''

2024-02-03 23:51:25 - [MESSAGE][WARNING] - A browser is already opened. Closing browser and opening a new one

2024-02-03 23:51:27 - [MESSAGE][INFO] - Starting 'Chrome' driver

2024-02-03 23:51:27 - [MESSAGE][INFO] - User set preference: ['acceptInsecureCerts', 'true']

2024-02-03 23:51:27 - [MESSAGE][INFO] - Action delay is set to 0 milliseconds

2024-02-03 23:51:29 - [MESSAGE][PASSED] - Browser is opened with url: ''

2024-02-03 23:51:29 - [TEST_STEP][PASSED] - maximizeWindow(): Current window maximized

2024-02-03 23:51:29 - [MESSAGE][PASSED] - Current window maximized

2024-02-03 23:51:29 - [TEST_STEP][PASSED] - navigateToUrl(RADurl): Navigate to 'https://qa2.velocitypayment.com/client/rad/index.html' successfully

2024-02-03 23:51:29 - [MESSAGE][PASSED] - Navigate to 'https://qa2.velocitypayment.com/client/rad/index.html' successfully

2024-02-03 23:51:29 - [TEST_STEP][PASSED] - selectOptionByLabel(findTestObject(orPath_Landing + "/dd_TaxType"), "New Tax Return Amount Due", false): All options with label 'New Tax Return Amount Due' are selected in object 'Object Repository/RAD_Pages/Landing_Page/dd_TaxType' 

2024-02-03 23:51:31 - [MESSAGE][PASSED] - All options with label 'New Tax Return Amount Due' are selected in object 'Object Repository/RAD_Pages/Landing_Page/dd_TaxType' 

2024-02-03 23:51:31 - [TEST_STEP][PASSED] - selectOptionByLabel(findTestObject("Object Repository/RAD_Pages/Landing_Page/select_NewTaxReturnAmountDue_TaxType"), TaxType, false): All options with label 'Motor Fuel Tax' are selected in object 'Object Repository/RAD_Pages/Landing_Page/select_NewTaxReturnAmountDue_TaxType' 

2024-02-03 23:51:32 - [MESSAGE][PASSED] - All options with label 'Motor Fuel Tax' are selected in object 'Object Repository/RAD_Pages/Landing_Page/select_NewTaxReturnAmountDue_TaxType' 

2024-02-03 23:51:32 - [TEST_STEP][PASSED] - selectOptionByLabel(findTestObject(orPath_TaxTypeFilingYear + "/select_FilingYear"), FilingYear, false): All options with label '2021' are selected in object 'Object Repository/RAD_Pages/TaxTypeFilingYear_Page/select_FilingYear' 

2024-02-03 23:51:33 - [MESSAGE][PASSED] - All options with label '2021' are selected in object 'Object Repository/RAD_Pages/TaxTypeFilingYear_Page/select_FilingYear' 

2024-02-03 23:51:33 - [TEST_STEP][PASSED] - setText(findTestObject(orPath_TaxPayer + "/input_businessName"), " "): Text ' ' is set on object 'Object Repository/RAD_Pages/Taxpayer_Page/input_businessName'

2024-02-03 23:51:34 - [MESSAGE][PASSED] - Text ' ' is set on object 'Object Repository/RAD_Pages/Taxpayer_Page/input_businessName'

2024-02-03 23:51:34 - [TEST_STEP][PASSED] - setText(findTestObject(orPath_TaxPayer + "/input_BusinessRepfirstName"), " "): Text ' ' is set on object 'Object Repository/RAD_Pages/Taxpayer_Page/input_BusinessRepfirstName'

2024-02-03 23:51:34 - [MESSAGE][PASSED] - Text ' ' is set on object 'Object Repository/RAD_Pages/Taxpayer_Page/input_BusinessRepfirstName'

2024-02-03 23:51:34 - [TEST_STEP][PASSED] - setText(findTestObject(orPath_TaxPayer + "/input_BusinessReplastName"), " "): Text ' ' is set on object 'Object Repository/RAD_Pages/Taxpayer_Page/input_BusinessReplastName'

2024-02-03 23:51:35 - [MESSAGE][PASSED] - Text ' ' is set on object 'Object Repository/RAD_Pages/Taxpayer_Page/input_BusinessReplastName'

2024-02-03 23:51:35 - [TEST_STEP][PASSED] - setText(findTestObject(orPath_AddressContact + "/input_streetAddress1"), " "): Text ' ' is set on object 'Object Repository/RAD_Pages/AddressAndContactInfo_Page/input_streetAddress1'

2024-02-03 23:51:36 - [MESSAGE][PASSED] - Text ' ' is set on object 'Object Repository/RAD_Pages/AddressAndContactInfo_Page/input_streetAddress1'

2024-02-03 23:51:36 - [TEST_STEP][PASSED] - setText(findTestObject(orPath_AddressContact + "/input_city"), " "): Text ' ' is set on object 'Object Repository/RAD_Pages/AddressAndContactInfo_Page/input_city'

2024-02-03 23:51:36 - [MESSAGE][PASSED] - Text ' ' is set on object 'Object Repository/RAD_Pages/AddressAndContactInfo_Page/input_city'

2024-02-03 23:51:36 - [TEST_STEP][PASSED] - setText(findTestObject(orPath_AddressContact + "/input_zipCode"), " "): Text ' ' is set on object 'Object Repository/RAD_Pages/AddressAndContactInfo_Page/input_zipCode'

2024-02-03 23:51:37 - [MESSAGE][PASSED] - Text ' ' is set on object 'Object Repository/RAD_Pages/AddressAndContactInfo_Page/input_zipCode'

2024-02-03 23:51:37 - [TEST_STEP][PASSED] - setText(findTestObject(orPath_AddressContact + "/input_phoneNumber"), " "): Text ' ' is set on object 'Object Repository/RAD_Pages/AddressAndContactInfo_Page/input_phoneNumber'

2024-02-03 23:51:38 - [MESSAGE][PASSED] - Text ' ' is set on object 'Object Repository/RAD_Pages/AddressAndContactInfo_Page/input_phoneNumber'

2024-02-03 23:51:38 - [TEST_STEP][PASSED] - setText(findTestObject(orPath_AddressContact + "/input_eMailAddress"), " "): Text ' ' is set on object 'Object Repository/RAD_Pages/AddressAndContactInfo_Page/input_eMailAddress'

2024-02-03 23:51:39 - [MESSAGE][PASSED] - Text ' ' is set on object 'Object Repository/RAD_Pages/AddressAndContactInfo_Page/input_eMailAddress'

2024-02-03 23:51:39 - [TEST_STEP][PASSED] - setText(findTestObject(orPath_AddressContact + "/input_reEnterEMailAddress"), " "): Text ' ' is set on object 'Object Repository/RAD_Pages/AddressAndContactInfo_Page/input_reEnterEMailAddress'

2024-02-03 23:51:40 - [MESSAGE][PASSED] - Text ' ' is set on object 'Object Repository/RAD_Pages/AddressAndContactInfo_Page/input_reEnterEMailAddress'

2024-02-03 23:51:40 - [TEST_STEP][PASSED] - if (TaxType.equalsIgnoreCase("Estate Tax")): null

2024-02-03 23:51:40 - [TEST_STEP][PASSED] - setText(findTestObject(orPath_Amount + "/input__paymentAmount"), ""): Text '' is set on object 'Object Repository/RAD_Pages/PaymentAmount_Page/input__paymentAmount'

2024-02-03 23:51:41 - [MESSAGE][PASSED] - Text '' is set on object 'Object Repository/RAD_Pages/PaymentAmount_Page/input__paymentAmount'

2024-02-03 23:51:41 - [TEST_STEP][PASSED] - resText = "Fail": null

2024-02-03 23:51:41 - [TEST_STEP][PASSED] - pages.WriteExcel.demoKey(resText, datText, resColumn, datCloumn, fileLoc, nameSheet, row): pages.WriteExcel.demoKey is PASSED

2024-02-03 23:51:41 - [MESSAGE][PASSED] - pages.WriteExcel.demoKey is PASSED

2024-02-03 23:51:41 - [TEST_STEP][PASSED] - verifyTextPresent("Enter business name", true, CONTINUE_ON_FAILURE): Text 'Enter business name' is present on page  using regular expression

2024-02-03 23:51:41 - [MESSAGE][PASSED] - Text 'Enter business name' is present on page  using regular expression

2024-02-03 23:51:41 - [TEST_STEP][PASSED] - verifyTextPresent("Enter business rep first name", true, CONTINUE_ON_FAILURE): Text 'Enter business rep first name' is present on page  using regular expression

2024-02-03 23:51:42 - [MESSAGE][PASSED] - Text 'Enter business rep first name' is present on page  using regular expression

2024-02-03 23:51:42 - [TEST_STEP][PASSED] - verifyTextPresent("Enter business rep last name", true, CONTINUE_ON_FAILURE): Text 'Enter business rep last name' is present on page  using regular expression

2024-02-03 23:51:42 - [MESSAGE][PASSED] - Text 'Enter business rep last name' is present on page  using regular expression

2024-02-03 23:51:42 - [TEST_STEP][PASSED] - verifyTextPresent("Enter address", true, CONTINUE_ON_FAILURE): Text 'Enter address' is present on page  using regular expression

2024-02-03 23:51:42 - [MESSAGE][PASSED] - Text 'Enter address' is present on page  using regular expression

2024-02-03 23:51:42 - [TEST_STEP][PASSED] - verifyTextPresent("Enter city", true, CONTINUE_ON_FAILURE): Text 'Enter city' is present on page  using regular expression

2024-02-03 23:51:43 - [MESSAGE][PASSED] - Text 'Enter city' is present on page  using regular expression

2024-02-03 23:51:43 - [TEST_STEP][PASSED] - verifyTextPresent("Enter ZIP code", true, CONTINUE_ON_FAILURE): Text 'Enter ZIP code' is present on page  using regular expression

2024-02-03 23:51:43 - [MESSAGE][PASSED] - Text 'Enter ZIP code' is present on page  using regular expression

2024-02-03 23:51:43 - [TEST_STEP][PASSED] - verifyTextPresent("Enter a valid phone number", true, CONTINUE_ON_FAILURE): Text 'Enter a valid phone number' is present on page  using regular expression

2024-02-03 23:51:44 - [MESSAGE][PASSED] - Text 'Enter a valid phone number' is present on page  using regular expression

2024-02-03 23:51:44 - [TEST_STEP][PASSED] - verifyTextPresent("Enter Email", true, CONTINUE_ON_FAILURE): Text 'Enter Email' is present on page  using regular expression

2024-02-03 23:51:44 - [MESSAGE][PASSED] - Text 'Enter Email' is present on page  using regular expression

2024-02-03 23:51:44 - [TEST_STEP][PASSED] - if (TaxType.equalsIgnoreCase("Estate Tax")): null

2024-02-03 23:51:44 - [TEST_STEP][PASSED] - resText = "Pass": null

2024-02-03 23:51:44 - [TEST_STEP][PASSED] - pages.WriteExcel.demoKey(resText, datText, resColumn, datCloumn, fileLoc, nameSheet, row): pages.WriteExcel.demoKey is PASSED

2024-02-03 23:51:44 - [MESSAGE][PASSED] - pages.WriteExcel.demoKey is PASSED

2024-02-03 23:51:44 - [TEST_STEP][PASSED] - ExecuteTC = findTestData(dataFile).getValue("Execute", row): null

2024-02-03 23:51:44 - [TEST_STEP][PASSED] - TaxType = findTestData(dataFile).getValue("TaxType", row): null

2024-02-03 23:51:44 - [TEST_STEP][PASSED] - PaymentType = findTestData(dataFile).getValue("PaymentType", row): null

2024-02-03 23:51:44 - [TEST_STEP][PASSED] - FilingYear = findTestData(dataFile).getValue("Year", row): null

2024-02-03 23:51:44 - [TEST_STEP][PASSED] - feinSSN = findTestData(dataFile).getValue("FeinSsn", row): null

2024-02-03 23:51:44 - [TEST_STEP][PASSED] - if (ExecuteTC.equalsIgnoreCase("Y")): pages.WriteExcel.demoKey is PASSED

2024-02-03 23:51:44 - [TEST_STEP][PASSED] - out.println("Begin Record Number: " + row): null

2024-02-03 23:51:44 - [TEST_STEP][PASSED] - today = new java.util.Date(): null

2024-02-03 23:51:44 - [TEST_STEP][PASSED] - println(today): null

2024-02-03 23:51:44 - [TEST_STEP][PASSED] - datText = today: null

2024-02-03 23:51:44 - [TEST_STEP][PASSED] - logInfo("Payment Type: New Tax Return Amount Due"): Payment Type: New Tax Return Amount Due

2024-02-03 23:51:44 - [MESSAGE][INFO] - Payment Type: New Tax Return Amount Due

2024-02-03 23:51:44 - [TEST_STEP][PASSED] - logInfo("Tax Type: " + TaxType): Tax Type: Sales and Use Tax

2024-02-03 23:51:44 - [MESSAGE][INFO] - Tax Type: Sales and Use Tax

2024-02-03 23:51:44 - [TEST_STEP][PASSED] - openBrowser(""): Browser is opened with url: ''

2024-02-03 23:51:44 - [MESSAGE][WARNING] - A browser is already opened. Closing browser and opening a new one

2024-02-03 23:51:46 - [MESSAGE][INFO] - Starting 'Chrome' driver

2024-02-03 23:51:46 - [MESSAGE][INFO] - User set preference: ['acceptInsecureCerts', 'true']

2024-02-03 23:51:46 - [MESSAGE][INFO] - Action delay is set to 0 milliseconds

2024-02-03 23:51:54 - [MESSAGE][PASSED] - Browser is opened with url: ''

2024-02-03 23:51:54 - [TEST_STEP][PASSED] - maximizeWindow(): Current window maximized

2024-02-03 23:51:54 - [MESSAGE][PASSED] - Current window maximized

2024-02-03 23:51:54 - [TEST_STEP][PASSED] - navigateToUrl(RADurl): Navigate to 'https://qa2.velocitypayment.com/client/rad/index.html' successfully

2024-02-03 23:51:56 - [MESSAGE][PASSED] - Navigate to 'https://qa2.velocitypayment.com/client/rad/index.html' successfully

2024-02-03 23:51:56 - [TEST_STEP][PASSED] - selectOptionByLabel(findTestObject(orPath_Landing + "/dd_TaxType"), "New Tax Return Amount Due", false): All options with label 'New Tax Return Amount Due' are selected in object 'Object Repository/RAD_Pages/Landing_Page/dd_TaxType' 

2024-02-03 23:51:57 - [MESSAGE][PASSED] - All options with label 'New Tax Return Amount Due' are selected in object 'Object Repository/RAD_Pages/Landing_Page/dd_TaxType' 

2024-02-03 23:51:57 - [TEST_STEP][PASSED] - selectOptionByLabel(findTestObject("Object Repository/RAD_Pages/Landing_Page/select_NewTaxReturnAmountDue_TaxType"), TaxType, false): All options with label 'Sales and Use Tax' are selected in object 'Object Repository/RAD_Pages/Landing_Page/select_NewTaxReturnAmountDue_TaxType' 

2024-02-03 23:51:58 - [MESSAGE][PASSED] - All options with label 'Sales and Use Tax' are selected in object 'Object Repository/RAD_Pages/Landing_Page/select_NewTaxReturnAmountDue_TaxType' 

2024-02-03 23:51:58 - [TEST_STEP][PASSED] - selectOptionByLabel(findTestObject(orPath_TaxTypeFilingYear + "/select_FilingYear"), FilingYear, false): All options with label '2021' are selected in object 'Object Repository/RAD_Pages/TaxTypeFilingYear_Page/select_FilingYear' 

2024-02-03 23:51:58 - [MESSAGE][PASSED] - All options with label '2021' are selected in object 'Object Repository/RAD_Pages/TaxTypeFilingYear_Page/select_FilingYear' 

2024-02-03 23:51:58 - [TEST_STEP][PASSED] - setText(findTestObject(orPath_TaxPayer + "/input_businessName"), " "): Text ' ' is set on object 'Object Repository/RAD_Pages/Taxpayer_Page/input_businessName'

2024-02-03 23:51:59 - [MESSAGE][PASSED] - Text ' ' is set on object 'Object Repository/RAD_Pages/Taxpayer_Page/input_businessName'

2024-02-03 23:51:59 - [TEST_STEP][PASSED] - setText(findTestObject(orPath_TaxPayer + "/input_BusinessRepfirstName"), " "): Text ' ' is set on object 'Object Repository/RAD_Pages/Taxpayer_Page/input_BusinessRepfirstName'

2024-02-03 23:52:00 - [MESSAGE][PASSED] - Text ' ' is set on object 'Object Repository/RAD_Pages/Taxpayer_Page/input_BusinessRepfirstName'

2024-02-03 23:52:00 - [TEST_STEP][PASSED] - setText(findTestObject(orPath_TaxPayer + "/input_BusinessReplastName"), " "): Text ' ' is set on object 'Object Repository/RAD_Pages/Taxpayer_Page/input_BusinessReplastName'

2024-02-03 23:52:00 - [MESSAGE][PASSED] - Text ' ' is set on object 'Object Repository/RAD_Pages/Taxpayer_Page/input_BusinessReplastName'

2024-02-03 23:52:00 - [TEST_STEP][PASSED] - setText(findTestObject(orPath_AddressContact + "/input_streetAddress1"), " "): Text ' ' is set on object 'Object Repository/RAD_Pages/AddressAndContactInfo_Page/input_streetAddress1'

2024-02-03 23:52:01 - [MESSAGE][PASSED] - Text ' ' is set on object 'Object Repository/RAD_Pages/AddressAndContactInfo_Page/input_streetAddress1'

2024-02-03 23:52:01 - [TEST_STEP][PASSED] - setText(findTestObject(orPath_AddressContact + "/input_city"), " "): Text ' ' is set on object 'Object Repository/RAD_Pages/AddressAndContactInfo_Page/input_city'

2024-02-03 23:52:02 - [MESSAGE][PASSED] - Text ' ' is set on object 'Object Repository/RAD_Pages/AddressAndContactInfo_Page/input_city'

2024-02-03 23:52:02 - [TEST_STEP][PASSED] - setText(findTestObject(orPath_AddressContact + "/input_zipCode"), " "): Text ' ' is set on object 'Object Repository/RAD_Pages/AddressAndContactInfo_Page/input_zipCode'

2024-02-03 23:52:03 - [MESSAGE][PASSED] - Text ' ' is set on object 'Object Repository/RAD_Pages/AddressAndContactInfo_Page/input_zipCode'

2024-02-03 23:52:03 - [TEST_STEP][PASSED] - setText(findTestObject(orPath_AddressContact + "/input_phoneNumber"), " "): Text ' ' is set on object 'Object Repository/RAD_Pages/AddressAndContactInfo_Page/input_phoneNumber'

2024-02-03 23:52:03 - [MESSAGE][PASSED] - Text ' ' is set on object 'Object Repository/RAD_Pages/AddressAndContactInfo_Page/input_phoneNumber'

2024-02-03 23:52:03 - [TEST_STEP][PASSED] - setText(findTestObject(orPath_AddressContact + "/input_eMailAddress"), " "): Text ' ' is set on object 'Object Repository/RAD_Pages/AddressAndContactInfo_Page/input_eMailAddress'

2024-02-03 23:52:04 - [MESSAGE][PASSED] - Text ' ' is set on object 'Object Repository/RAD_Pages/AddressAndContactInfo_Page/input_eMailAddress'

2024-02-03 23:52:04 - [TEST_STEP][PASSED] - setText(findTestObject(orPath_AddressContact + "/input_reEnterEMailAddress"), " "): Text ' ' is set on object 'Object Repository/RAD_Pages/AddressAndContactInfo_Page/input_reEnterEMailAddress'

2024-02-03 23:52:05 - [MESSAGE][PASSED] - Text ' ' is set on object 'Object Repository/RAD_Pages/AddressAndContactInfo_Page/input_reEnterEMailAddress'

2024-02-03 23:52:05 - [TEST_STEP][PASSED] - if (TaxType.equalsIgnoreCase("Estate Tax")): null

2024-02-03 23:52:05 - [TEST_STEP][PASSED] - setText(findTestObject(orPath_Amount + "/input__paymentAmount"), ""): Text '' is set on object 'Object Repository/RAD_Pages/PaymentAmount_Page/input__paymentAmount'

2024-02-03 23:52:06 - [MESSAGE][PASSED] - Text '' is set on object 'Object Repository/RAD_Pages/PaymentAmount_Page/input__paymentAmount'

2024-02-03 23:52:06 - [TEST_STEP][PASSED] - resText = "Fail": null

2024-02-03 23:52:06 - [TEST_STEP][PASSED] - pages.WriteExcel.demoKey(resText, datText, resColumn, datCloumn, fileLoc, nameSheet, row): pages.WriteExcel.demoKey is PASSED

2024-02-03 23:52:06 - [MESSAGE][PASSED] - pages.WriteExcel.demoKey is PASSED

2024-02-03 23:52:06 - [TEST_STEP][PASSED] - verifyTextPresent("Enter business name", true, CONTINUE_ON_FAILURE): Text 'Enter business name' is present on page  using regular expression

2024-02-03 23:52:07 - [MESSAGE][PASSED] - Text 'Enter business name' is present on page  using regular expression

2024-02-03 23:52:07 - [TEST_STEP][PASSED] - verifyTextPresent("Enter business rep first name", true, CONTINUE_ON_FAILURE): Text 'Enter business rep first name' is present on page  using regular expression

2024-02-03 23:52:07 - [MESSAGE][PASSED] - Text 'Enter business rep first name' is present on page  using regular expression

2024-02-03 23:52:07 - [TEST_STEP][PASSED] - verifyTextPresent("Enter business rep last name", true, CONTINUE_ON_FAILURE): Text 'Enter business rep last name' is present on page  using regular expression

2024-02-03 23:52:07 - [MESSAGE][PASSED] - Text 'Enter business rep last name' is present on page  using regular expression

2024-02-03 23:52:07 - [TEST_STEP][PASSED] - verifyTextPresent("Enter address", true, CONTINUE_ON_FAILURE): Text 'Enter address' is present on page  using regular expression

2024-02-03 23:52:08 - [MESSAGE][PASSED] - Text 'Enter address' is present on page  using regular expression

2024-02-03 23:52:08 - [TEST_STEP][PASSED] - verifyTextPresent("Enter city", true, CONTINUE_ON_FAILURE): Text 'Enter city' is present on page  using regular expression

2024-02-03 23:52:08 - [MESSAGE][PASSED] - Text 'Enter city' is present on page  using regular expression

2024-02-03 23:52:08 - [TEST_STEP][PASSED] - verifyTextPresent("Enter ZIP code", true, CONTINUE_ON_FAILURE): Text 'Enter ZIP code' is present on page  using regular expression

2024-02-03 23:52:09 - [MESSAGE][PASSED] - Text 'Enter ZIP code' is present on page  using regular expression

2024-02-03 23:52:09 - [TEST_STEP][PASSED] - verifyTextPresent("Enter a valid phone number", true, CONTINUE_ON_FAILURE): Text 'Enter a valid phone number' is present on page  using regular expression

2024-02-03 23:52:09 - [MESSAGE][PASSED] - Text 'Enter a valid phone number' is present on page  using regular expression

2024-02-03 23:52:09 - [TEST_STEP][PASSED] - verifyTextPresent("Enter Email", true, CONTINUE_ON_FAILURE): Text 'Enter Email' is present on page  using regular expression

2024-02-03 23:52:09 - [MESSAGE][PASSED] - Text 'Enter Email' is present on page  using regular expression

2024-02-03 23:52:09 - [TEST_STEP][PASSED] - if (TaxType.equalsIgnoreCase("Estate Tax")): null

2024-02-03 23:52:09 - [TEST_STEP][PASSED] - resText = "Pass": null

2024-02-03 23:52:09 - [TEST_STEP][PASSED] - pages.WriteExcel.demoKey(resText, datText, resColumn, datCloumn, fileLoc, nameSheet, row): pages.WriteExcel.demoKey is PASSED

2024-02-03 23:52:09 - [MESSAGE][PASSED] - pages.WriteExcel.demoKey is PASSED

2024-02-03 23:52:09 - [TEST_STEP][PASSED] - ExecuteTC = findTestData(dataFile).getValue("Execute", row): null

2024-02-03 23:52:09 - [TEST_STEP][PASSED] - TaxType = findTestData(dataFile).getValue("TaxType", row): null

2024-02-03 23:52:10 - [TEST_STEP][PASSED] - PaymentType = findTestData(dataFile).getValue("PaymentType", row): null

2024-02-03 23:52:10 - [TEST_STEP][PASSED] - FilingYear = findTestData(dataFile).getValue("Year", row): null

2024-02-03 23:52:10 - [TEST_STEP][PASSED] - feinSSN = findTestData(dataFile).getValue("FeinSsn", row): null

2024-02-03 23:52:10 - [TEST_STEP][PASSED] - if (ExecuteTC.equalsIgnoreCase("Y")): pages.WriteExcel.demoKey is PASSED

2024-02-03 23:52:10 - [TEST_STEP][PASSED] - out.println("Begin Record Number: " + row): null

2024-02-03 23:52:10 - [TEST_STEP][PASSED] - today = new java.util.Date(): null

2024-02-03 23:52:10 - [TEST_STEP][PASSED] - println(today): null

2024-02-03 23:52:10 - [TEST_STEP][PASSED] - datText = today: null

2024-02-03 23:52:10 - [TEST_STEP][PASSED] - logInfo("Payment Type: New Tax Return Amount Due"): Payment Type: New Tax Return Amount Due

2024-02-03 23:52:10 - [MESSAGE][INFO] - Payment Type: New Tax Return Amount Due

2024-02-03 23:52:10 - [TEST_STEP][PASSED] - logInfo("Tax Type: " + TaxType): Tax Type: Slots License Fee

2024-02-03 23:52:10 - [MESSAGE][INFO] - Tax Type: Slots License Fee

2024-02-03 23:52:10 - [TEST_STEP][PASSED] - openBrowser(""): Browser is opened with url: ''

2024-02-03 23:52:10 - [MESSAGE][WARNING] - A browser is already opened. Closing browser and opening a new one

2024-02-03 23:52:11 - [MESSAGE][INFO] - Starting 'Chrome' driver

2024-02-03 23:52:11 - [MESSAGE][INFO] - User set preference: ['acceptInsecureCerts', 'true']

2024-02-03 23:52:11 - [MESSAGE][INFO] - Action delay is set to 0 milliseconds

2024-02-03 23:52:13 - [MESSAGE][PASSED] - Browser is opened with url: ''

2024-02-03 23:52:13 - [TEST_STEP][PASSED] - maximizeWindow(): Current window maximized

2024-02-03 23:52:13 - [MESSAGE][PASSED] - Current window maximized

2024-02-03 23:52:13 - [TEST_STEP][PASSED] - navigateToUrl(RADurl): Navigate to 'https://qa2.velocitypayment.com/client/rad/index.html' successfully

2024-02-03 23:52:15 - [MESSAGE][PASSED] - Navigate to 'https://qa2.velocitypayment.com/client/rad/index.html' successfully

2024-02-03 23:52:15 - [TEST_STEP][PASSED] - selectOptionByLabel(findTestObject(orPath_Landing + "/dd_TaxType"), "New Tax Return Amount Due", false): All options with label 'New Tax Return Amount Due' are selected in object 'Object Repository/RAD_Pages/Landing_Page/dd_TaxType' 

2024-02-03 23:52:16 - [MESSAGE][PASSED] - All options with label 'New Tax Return Amount Due' are selected in object 'Object Repository/RAD_Pages/Landing_Page/dd_TaxType' 

2024-02-03 23:52:16 - [TEST_STEP][PASSED] - selectOptionByLabel(findTestObject("Object Repository/RAD_Pages/Landing_Page/select_NewTaxReturnAmountDue_TaxType"), TaxType, false): All options with label 'Slots License Fee' are selected in object 'Object Repository/RAD_Pages/Landing_Page/select_NewTaxReturnAmountDue_TaxType' 

2024-02-03 23:52:16 - [MESSAGE][PASSED] - All options with label 'Slots License Fee' are selected in object 'Object Repository/RAD_Pages/Landing_Page/select_NewTaxReturnAmountDue_TaxType' 

2024-02-03 23:52:16 - [TEST_STEP][PASSED] - selectOptionByLabel(findTestObject(orPath_TaxTypeFilingYear + "/select_FilingYear"), FilingYear, false): All options with label '2021' are selected in object 'Object Repository/RAD_Pages/TaxTypeFilingYear_Page/select_FilingYear' 

2024-02-03 23:52:17 - [MESSAGE][PASSED] - All options with label '2021' are selected in object 'Object Repository/RAD_Pages/TaxTypeFilingYear_Page/select_FilingYear' 

2024-02-03 23:52:17 - [TEST_STEP][PASSED] - setText(findTestObject(orPath_TaxPayer + "/input_businessName"), " "): Text ' ' is set on object 'Object Repository/RAD_Pages/Taxpayer_Page/input_businessName'

2024-02-03 23:52:18 - [MESSAGE][PASSED] - Text ' ' is set on object 'Object Repository/RAD_Pages/Taxpayer_Page/input_businessName'

2024-02-03 23:52:18 - [TEST_STEP][PASSED] - setText(findTestObject(orPath_TaxPayer + "/input_BusinessRepfirstName"), " "): Text ' ' is set on object 'Object Repository/RAD_Pages/Taxpayer_Page/input_BusinessRepfirstName'

2024-02-03 23:52:19 - [MESSAGE][PASSED] - Text ' ' is set on object 'Object Repository/RAD_Pages/Taxpayer_Page/input_BusinessRepfirstName'

2024-02-03 23:52:19 - [TEST_STEP][PASSED] - setText(findTestObject(orPath_TaxPayer + "/input_BusinessReplastName"), " "): Text ' ' is set on object 'Object Repository/RAD_Pages/Taxpayer_Page/input_BusinessReplastName'

2024-02-03 23:52:19 - [MESSAGE][PASSED] - Text ' ' is set on object 'Object Repository/RAD_Pages/Taxpayer_Page/input_BusinessReplastName'

2024-02-03 23:52:19 - [TEST_STEP][PASSED] - setText(findTestObject(orPath_AddressContact + "/input_streetAddress1"), " "): Text ' ' is set on object 'Object Repository/RAD_Pages/AddressAndContactInfo_Page/input_streetAddress1'

2024-02-03 23:52:20 - [MESSAGE][PASSED] - Text ' ' is set on object 'Object Repository/RAD_Pages/AddressAndContactInfo_Page/input_streetAddress1'

2024-02-03 23:52:20 - [TEST_STEP][PASSED] - setText(findTestObject(orPath_AddressContact + "/input_city"), " "): Text ' ' is set on object 'Object Repository/RAD_Pages/AddressAndContactInfo_Page/input_city'

2024-02-03 23:52:21 - [MESSAGE][PASSED] - Text ' ' is set on object 'Object Repository/RAD_Pages/AddressAndContactInfo_Page/input_city'

2024-02-03 23:52:21 - [TEST_STEP][PASSED] - setText(findTestObject(orPath_AddressContact + "/input_zipCode"), " "): Text ' ' is set on object 'Object Repository/RAD_Pages/AddressAndContactInfo_Page/input_zipCode'

2024-02-03 23:52:21 - [MESSAGE][PASSED] - Text ' ' is set on object 'Object Repository/RAD_Pages/AddressAndContactInfo_Page/input_zipCode'

2024-02-03 23:52:21 - [TEST_STEP][PASSED] - setText(findTestObject(orPath_AddressContact + "/input_phoneNumber"), " "): Text ' ' is set on object 'Object Repository/RAD_Pages/AddressAndContactInfo_Page/input_phoneNumber'

2024-02-03 23:52:22 - [MESSAGE][PASSED] - Text ' ' is set on object 'Object Repository/RAD_Pages/AddressAndContactInfo_Page/input_phoneNumber'

2024-02-03 23:52:22 - [TEST_STEP][PASSED] - setText(findTestObject(orPath_AddressContact + "/input_eMailAddress"), " "): Text ' ' is set on object 'Object Repository/RAD_Pages/AddressAndContactInfo_Page/input_eMailAddress'

2024-02-03 23:52:23 - [MESSAGE][PASSED] - Text ' ' is set on object 'Object Repository/RAD_Pages/AddressAndContactInfo_Page/input_eMailAddress'

2024-02-03 23:52:23 - [TEST_STEP][PASSED] - setText(findTestObject(orPath_AddressContact + "/input_reEnterEMailAddress"), " "): Text ' ' is set on object 'Object Repository/RAD_Pages/AddressAndContactInfo_Page/input_reEnterEMailAddress'

2024-02-03 23:52:24 - [MESSAGE][PASSED] - Text ' ' is set on object 'Object Repository/RAD_Pages/AddressAndContactInfo_Page/input_reEnterEMailAddress'

2024-02-03 23:52:24 - [TEST_STEP][PASSED] - if (TaxType.equalsIgnoreCase("Estate Tax")): null

2024-02-03 23:52:24 - [TEST_STEP][PASSED] - setText(findTestObject(orPath_Amount + "/input__paymentAmount"), ""): Text '' is set on object 'Object Repository/RAD_Pages/PaymentAmount_Page/input__paymentAmount'

2024-02-03 23:52:25 - [MESSAGE][PASSED] - Text '' is set on object 'Object Repository/RAD_Pages/PaymentAmount_Page/input__paymentAmount'

2024-02-03 23:52:25 - [TEST_STEP][PASSED] - resText = "Fail": null

2024-02-03 23:52:25 - [TEST_STEP][PASSED] - pages.WriteExcel.demoKey(resText, datText, resColumn, datCloumn, fileLoc, nameSheet, row): pages.WriteExcel.demoKey is PASSED

2024-02-03 23:52:25 - [MESSAGE][PASSED] - pages.WriteExcel.demoKey is PASSED

2024-02-03 23:52:25 - [TEST_STEP][PASSED] - verifyTextPresent("Enter business name", true, CONTINUE_ON_FAILURE): Text 'Enter business name' is present on page  using regular expression

2024-02-03 23:52:26 - [MESSAGE][PASSED] - Text 'Enter business name' is present on page  using regular expression

2024-02-03 23:52:26 - [TEST_STEP][PASSED] - verifyTextPresent("Enter business rep first name", true, CONTINUE_ON_FAILURE): Text 'Enter business rep first name' is present on page  using regular expression

2024-02-03 23:52:26 - [MESSAGE][PASSED] - Text 'Enter business rep first name' is present on page  using regular expression

2024-02-03 23:52:26 - [TEST_STEP][PASSED] - verifyTextPresent("Enter business rep last name", true, CONTINUE_ON_FAILURE): Text 'Enter business rep last name' is present on page  using regular expression

2024-02-03 23:52:26 - [MESSAGE][PASSED] - Text 'Enter business rep last name' is present on page  using regular expression

2024-02-03 23:52:26 - [TEST_STEP][PASSED] - verifyTextPresent("Enter address", true, CONTINUE_ON_FAILURE): Text 'Enter address' is present on page  using regular expression

2024-02-03 23:52:27 - [MESSAGE][PASSED] - Text 'Enter address' is present on page  using regular expression

2024-02-03 23:52:27 - [TEST_STEP][PASSED] - verifyTextPresent("Enter city", true, CONTINUE_ON_FAILURE): Text 'Enter city' is present on page  using regular expression

2024-02-03 23:52:27 - [MESSAGE][PASSED] - Text 'Enter city' is present on page  using regular expression

2024-02-03 23:52:27 - [TEST_STEP][PASSED] - verifyTextPresent("Enter ZIP code", true, CONTINUE_ON_FAILURE): Text 'Enter ZIP code' is present on page  using regular expression

2024-02-03 23:52:28 - [MESSAGE][PASSED] - Text 'Enter ZIP code' is present on page  using regular expression

2024-02-03 23:52:28 - [TEST_STEP][PASSED] - verifyTextPresent("Enter a valid phone number", true, CONTINUE_ON_FAILURE): Text 'Enter a valid phone number' is present on page  using regular expression

2024-02-03 23:52:28 - [MESSAGE][PASSED] - Text 'Enter a valid phone number' is present on page  using regular expression

2024-02-03 23:52:28 - [TEST_STEP][PASSED] - verifyTextPresent("Enter Email", true, CONTINUE_ON_FAILURE): Text 'Enter Email' is present on page  using regular expression

2024-02-03 23:52:28 - [MESSAGE][PASSED] - Text 'Enter Email' is present on page  using regular expression

2024-02-03 23:52:28 - [TEST_STEP][PASSED] - if (TaxType.equalsIgnoreCase("Estate Tax")): null

2024-02-03 23:52:28 - [TEST_STEP][PASSED] - resText = "Pass": null

2024-02-03 23:52:28 - [TEST_STEP][PASSED] - pages.WriteExcel.demoKey(resText, datText, resColumn, datCloumn, fileLoc, nameSheet, row): pages.WriteExcel.demoKey is PASSED

2024-02-03 23:52:28 - [MESSAGE][PASSED] - pages.WriteExcel.demoKey is PASSED

2024-02-03 23:52:28 - [TEST_STEP][PASSED] - ExecuteTC = findTestData(dataFile).getValue("Execute", row): null

2024-02-03 23:52:28 - [TEST_STEP][PASSED] - TaxType = findTestData(dataFile).getValue("TaxType", row): null

2024-02-03 23:52:29 - [TEST_STEP][PASSED] - PaymentType = findTestData(dataFile).getValue("PaymentType", row): null

2024-02-03 23:52:29 - [TEST_STEP][PASSED] - FilingYear = findTestData(dataFile).getValue("Year", row): null

2024-02-03 23:52:29 - [TEST_STEP][PASSED] - feinSSN = findTestData(dataFile).getValue("FeinSsn", row): null

2024-02-03 23:52:29 - [TEST_STEP][PASSED] - if (ExecuteTC.equalsIgnoreCase("Y")): pages.WriteExcel.demoKey is PASSED

2024-02-03 23:52:29 - [TEST_STEP][PASSED] - out.println("Begin Record Number: " + row): null

2024-02-03 23:52:29 - [TEST_STEP][PASSED] - today = new java.util.Date(): null

2024-02-03 23:52:29 - [TEST_STEP][PASSED] - println(today): null

2024-02-03 23:52:29 - [TEST_STEP][PASSED] - datText = today: null

2024-02-03 23:52:29 - [TEST_STEP][PASSED] - logInfo("Payment Type: New Tax Return Amount Due"): Payment Type: New Tax Return Amount Due

2024-02-03 23:52:29 - [MESSAGE][INFO] - Payment Type: New Tax Return Amount Due

2024-02-03 23:52:29 - [TEST_STEP][PASSED] - logInfo("Tax Type: " + TaxType): Tax Type: Tire Recycling Fee

2024-02-03 23:52:29 - [MESSAGE][INFO] - Tax Type: Tire Recycling Fee

2024-02-03 23:52:29 - [TEST_STEP][PASSED] - openBrowser(""): Browser is opened with url: ''

2024-02-03 23:52:29 - [MESSAGE][WARNING] - A browser is already opened. Closing browser and opening a new one

2024-02-03 23:52:30 - [MESSAGE][INFO] - Starting 'Chrome' driver

2024-02-03 23:52:30 - [MESSAGE][INFO] - User set preference: ['acceptInsecureCerts', 'true']

2024-02-03 23:52:30 - [MESSAGE][INFO] - Action delay is set to 0 milliseconds

2024-02-03 23:52:32 - [MESSAGE][PASSED] - Browser is opened with url: ''

2024-02-03 23:52:32 - [TEST_STEP][PASSED] - maximizeWindow(): Current window maximized

2024-02-03 23:52:32 - [MESSAGE][PASSED] - Current window maximized

2024-02-03 23:52:32 - [TEST_STEP][PASSED] - navigateToUrl(RADurl): Navigate to 'https://qa2.velocitypayment.com/client/rad/index.html' successfully

2024-02-03 23:52:32 - [MESSAGE][PASSED] - Navigate to 'https://qa2.velocitypayment.com/client/rad/index.html' successfully

2024-02-03 23:52:32 - [TEST_STEP][PASSED] - selectOptionByLabel(findTestObject(orPath_Landing + "/dd_TaxType"), "New Tax Return Amount Due", false): All options with label 'New Tax Return Amount Due' are selected in object 'Object Repository/RAD_Pages/Landing_Page/dd_TaxType' 

2024-02-03 23:52:35 - [MESSAGE][PASSED] - All options with label 'New Tax Return Amount Due' are selected in object 'Object Repository/RAD_Pages/Landing_Page/dd_TaxType' 

2024-02-03 23:52:35 - [TEST_STEP][PASSED] - selectOptionByLabel(findTestObject("Object Repository/RAD_Pages/Landing_Page/select_NewTaxReturnAmountDue_TaxType"), TaxType, false): All options with label 'Tire Recycling Fee' are selected in object 'Object Repository/RAD_Pages/Landing_Page/select_NewTaxReturnAmountDue_TaxType' 

2024-02-03 23:52:35 - [MESSAGE][PASSED] - All options with label 'Tire Recycling Fee' are selected in object 'Object Repository/RAD_Pages/Landing_Page/select_NewTaxReturnAmountDue_TaxType' 

2024-02-03 23:52:35 - [TEST_STEP][PASSED] - selectOptionByLabel(findTestObject(orPath_TaxTypeFilingYear + "/select_FilingYear"), FilingYear, false): All options with label '2021' are selected in object 'Object Repository/RAD_Pages/TaxTypeFilingYear_Page/select_FilingYear' 

2024-02-03 23:52:36 - [MESSAGE][PASSED] - All options with label '2021' are selected in object 'Object Repository/RAD_Pages/TaxTypeFilingYear_Page/select_FilingYear' 

2024-02-03 23:52:36 - [TEST_STEP][PASSED] - setText(findTestObject(orPath_TaxPayer + "/input_businessName"), " "): Text ' ' is set on object 'Object Repository/RAD_Pages/Taxpayer_Page/input_businessName'

2024-02-03 23:52:37 - [MESSAGE][PASSED] - Text ' ' is set on object 'Object Repository/RAD_Pages/Taxpayer_Page/input_businessName'

2024-02-03 23:52:37 - [TEST_STEP][PASSED] - setText(findTestObject(orPath_TaxPayer + "/input_BusinessRepfirstName"), " "): Text ' ' is set on object 'Object Repository/RAD_Pages/Taxpayer_Page/input_BusinessRepfirstName'

2024-02-03 23:52:38 - [MESSAGE][PASSED] - Text ' ' is set on object 'Object Repository/RAD_Pages/Taxpayer_Page/input_BusinessRepfirstName'

2024-02-03 23:52:38 - [TEST_STEP][PASSED] - setText(findTestObject(orPath_TaxPayer + "/input_BusinessReplastName"), " "): Text ' ' is set on object 'Object Repository/RAD_Pages/Taxpayer_Page/input_BusinessReplastName'

2024-02-03 23:52:38 - [MESSAGE][PASSED] - Text ' ' is set on object 'Object Repository/RAD_Pages/Taxpayer_Page/input_BusinessReplastName'

2024-02-03 23:52:38 - [TEST_STEP][PASSED] - setText(findTestObject(orPath_AddressContact + "/input_streetAddress1"), " "): Text ' ' is set on object 'Object Repository/RAD_Pages/AddressAndContactInfo_Page/input_streetAddress1'

2024-02-03 23:52:39 - [MESSAGE][PASSED] - Text ' ' is set on object 'Object Repository/RAD_Pages/AddressAndContactInfo_Page/input_streetAddress1'

2024-02-03 23:52:39 - [TEST_STEP][PASSED] - setText(findTestObject(orPath_AddressContact + "/input_city"), " "): Text ' ' is set on object 'Object Repository/RAD_Pages/AddressAndContactInfo_Page/input_city'

2024-02-03 23:52:40 - [MESSAGE][PASSED] - Text ' ' is set on object 'Object Repository/RAD_Pages/AddressAndContactInfo_Page/input_city'

2024-02-03 23:52:40 - [TEST_STEP][PASSED] - setText(findTestObject(orPath_AddressContact + "/input_zipCode"), " "): Text ' ' is set on object 'Object Repository/RAD_Pages/AddressAndContactInfo_Page/input_zipCode'

2024-02-03 23:52:40 - [MESSAGE][PASSED] - Text ' ' is set on object 'Object Repository/RAD_Pages/AddressAndContactInfo_Page/input_zipCode'

2024-02-03 23:52:40 - [TEST_STEP][PASSED] - setText(findTestObject(orPath_AddressContact + "/input_phoneNumber"), " "): Text ' ' is set on object 'Object Repository/RAD_Pages/AddressAndContactInfo_Page/input_phoneNumber'

2024-02-03 23:52:41 - [MESSAGE][PASSED] - Text ' ' is set on object 'Object Repository/RAD_Pages/AddressAndContactInfo_Page/input_phoneNumber'

2024-02-03 23:52:41 - [TEST_STEP][PASSED] - setText(findTestObject(orPath_AddressContact + "/input_eMailAddress"), " "): Text ' ' is set on object 'Object Repository/RAD_Pages/AddressAndContactInfo_Page/input_eMailAddress'

2024-02-03 23:52:42 - [MESSAGE][PASSED] - Text ' ' is set on object 'Object Repository/RAD_Pages/AddressAndContactInfo_Page/input_eMailAddress'

2024-02-03 23:52:42 - [TEST_STEP][PASSED] - setText(findTestObject(orPath_AddressContact + "/input_reEnterEMailAddress"), " "): Text ' ' is set on object 'Object Repository/RAD_Pages/AddressAndContactInfo_Page/input_reEnterEMailAddress'

2024-02-03 23:52:43 - [MESSAGE][PASSED] - Text ' ' is set on object 'Object Repository/RAD_Pages/AddressAndContactInfo_Page/input_reEnterEMailAddress'

2024-02-03 23:52:43 - [TEST_STEP][PASSED] - if (TaxType.equalsIgnoreCase("Estate Tax")): null

2024-02-03 23:52:43 - [TEST_STEP][PASSED] - setText(findTestObject(orPath_Amount + "/input__paymentAmount"), ""): Text '' is set on object 'Object Repository/RAD_Pages/PaymentAmount_Page/input__paymentAmount'

2024-02-03 23:52:44 - [MESSAGE][PASSED] - Text '' is set on object 'Object Repository/RAD_Pages/PaymentAmount_Page/input__paymentAmount'

2024-02-03 23:52:44 - [TEST_STEP][PASSED] - resText = "Fail": null

2024-02-03 23:52:44 - [TEST_STEP][PASSED] - pages.WriteExcel.demoKey(resText, datText, resColumn, datCloumn, fileLoc, nameSheet, row): pages.WriteExcel.demoKey is PASSED

2024-02-03 23:52:44 - [MESSAGE][PASSED] - pages.WriteExcel.demoKey is PASSED

2024-02-03 23:52:44 - [TEST_STEP][PASSED] - verifyTextPresent("Enter business name", true, CONTINUE_ON_FAILURE): Text 'Enter business name' is present on page  using regular expression

2024-02-03 23:52:45 - [MESSAGE][PASSED] - Text 'Enter business name' is present on page  using regular expression

2024-02-03 23:52:45 - [TEST_STEP][PASSED] - verifyTextPresent("Enter business rep first name", true, CONTINUE_ON_FAILURE): Text 'Enter business rep first name' is present on page  using regular expression

2024-02-03 23:52:45 - [MESSAGE][PASSED] - Text 'Enter business rep first name' is present on page  using regular expression

2024-02-03 23:52:45 - [TEST_STEP][PASSED] - verifyTextPresent("Enter business rep last name", true, CONTINUE_ON_FAILURE): Text 'Enter business rep last name' is present on page  using regular expression

2024-02-03 23:52:46 - [MESSAGE][PASSED] - Text 'Enter business rep last name' is present on page  using regular expression

2024-02-03 23:52:46 - [TEST_STEP][PASSED] - verifyTextPresent("Enter address", true, CONTINUE_ON_FAILURE): Text 'Enter address' is present on page  using regular expression

2024-02-03 23:52:46 - [MESSAGE][PASSED] - Text 'Enter address' is present on page  using regular expression

2024-02-03 23:52:46 - [TEST_STEP][PASSED] - verifyTextPresent("Enter city", true, CONTINUE_ON_FAILURE): Text 'Enter city' is present on page  using regular expression

2024-02-03 23:52:46 - [MESSAGE][PASSED] - Text 'Enter city' is present on page  using regular expression

2024-02-03 23:52:46 - [TEST_STEP][PASSED] - verifyTextPresent("Enter ZIP code", true, CONTINUE_ON_FAILURE): Text 'Enter ZIP code' is present on page  using regular expression

2024-02-03 23:52:47 - [MESSAGE][PASSED] - Text 'Enter ZIP code' is present on page  using regular expression

2024-02-03 23:52:47 - [TEST_STEP][PASSED] - verifyTextPresent("Enter a valid phone number", true, CONTINUE_ON_FAILURE): Text 'Enter a valid phone number' is present on page  using regular expression

2024-02-03 23:52:47 - [MESSAGE][PASSED] - Text 'Enter a valid phone number' is present on page  using regular expression

2024-02-03 23:52:47 - [TEST_STEP][PASSED] - verifyTextPresent("Enter Email", true, CONTINUE_ON_FAILURE): Text 'Enter Email' is present on page  using regular expression

2024-02-03 23:52:47 - [MESSAGE][PASSED] - Text 'Enter Email' is present on page  using regular expression

2024-02-03 23:52:47 - [TEST_STEP][PASSED] - if (TaxType.equalsIgnoreCase("Estate Tax")): null

2024-02-03 23:52:47 - [TEST_STEP][PASSED] - resText = "Pass": null

2024-02-03 23:52:47 - [TEST_STEP][PASSED] - pages.WriteExcel.demoKey(resText, datText, resColumn, datCloumn, fileLoc, nameSheet, row): pages.WriteExcel.demoKey is PASSED

2024-02-03 23:52:47 - [MESSAGE][PASSED] - pages.WriteExcel.demoKey is PASSED

2024-02-03 23:52:47 - [TEST_STEP][PASSED] - ExecuteTC = findTestData(dataFile).getValue("Execute", row): null

2024-02-03 23:52:48 - [TEST_STEP][PASSED] - TaxType = findTestData(dataFile).getValue("TaxType", row): null

2024-02-03 23:52:48 - [TEST_STEP][PASSED] - PaymentType = findTestData(dataFile).getValue("PaymentType", row): null

2024-02-03 23:52:48 - [TEST_STEP][PASSED] - FilingYear = findTestData(dataFile).getValue("Year", row): null

2024-02-03 23:52:48 - [TEST_STEP][PASSED] - feinSSN = findTestData(dataFile).getValue("FeinSsn", row): null

2024-02-03 23:52:48 - [TEST_STEP][PASSED] - if (ExecuteTC.equalsIgnoreCase("Y")): pages.WriteExcel.demoKey is PASSED

2024-02-03 23:52:48 - [TEST_STEP][PASSED] - out.println("Begin Record Number: " + row): null

2024-02-03 23:52:48 - [TEST_STEP][PASSED] - today = new java.util.Date(): null

2024-02-03 23:52:48 - [TEST_STEP][PASSED] - println(today): null

2024-02-03 23:52:48 - [TEST_STEP][PASSED] - datText = today: null

2024-02-03 23:52:48 - [TEST_STEP][PASSED] - logInfo("Payment Type: New Tax Return Amount Due"): Payment Type: New Tax Return Amount Due

2024-02-03 23:52:48 - [MESSAGE][INFO] - Payment Type: New Tax Return Amount Due

2024-02-03 23:52:48 - [TEST_STEP][PASSED] - logInfo("Tax Type: " + TaxType): Tax Type: Tobacco Tax

2024-02-03 23:52:48 - [MESSAGE][INFO] - Tax Type: Tobacco Tax

2024-02-03 23:52:48 - [TEST_STEP][PASSED] - openBrowser(""): Browser is opened with url: ''

2024-02-03 23:52:48 - [MESSAGE][WARNING] - A browser is already opened. Closing browser and opening a new one

2024-02-03 23:52:50 - [MESSAGE][INFO] - Starting 'Chrome' driver

2024-02-03 23:52:50 - [MESSAGE][INFO] - User set preference: ['acceptInsecureCerts', 'true']

2024-02-03 23:52:50 - [MESSAGE][INFO] - Action delay is set to 0 milliseconds

2024-02-03 23:52:51 - [MESSAGE][PASSED] - Browser is opened with url: ''

2024-02-03 23:52:51 - [TEST_STEP][PASSED] - maximizeWindow(): Current window maximized

2024-02-03 23:52:52 - [MESSAGE][PASSED] - Current window maximized

2024-02-03 23:52:52 - [TEST_STEP][PASSED] - navigateToUrl(RADurl): Navigate to 'https://qa2.velocitypayment.com/client/rad/index.html' successfully

2024-02-03 23:52:52 - [MESSAGE][PASSED] - Navigate to 'https://qa2.velocitypayment.com/client/rad/index.html' successfully

2024-02-03 23:52:52 - [TEST_STEP][PASSED] - selectOptionByLabel(findTestObject(orPath_Landing + "/dd_TaxType"), "New Tax Return Amount Due", false): All options with label 'New Tax Return Amount Due' are selected in object 'Object Repository/RAD_Pages/Landing_Page/dd_TaxType' 

2024-02-03 23:52:55 - [MESSAGE][PASSED] - All options with label 'New Tax Return Amount Due' are selected in object 'Object Repository/RAD_Pages/Landing_Page/dd_TaxType' 

2024-02-03 23:52:55 - [TEST_STEP][PASSED] - selectOptionByLabel(findTestObject("Object Repository/RAD_Pages/Landing_Page/select_NewTaxReturnAmountDue_TaxType"), TaxType, false): All options with label 'Tobacco Tax' are selected in object 'Object Repository/RAD_Pages/Landing_Page/select_NewTaxReturnAmountDue_TaxType' 

2024-02-03 23:52:55 - [MESSAGE][PASSED] - All options with label 'Tobacco Tax' are selected in object 'Object Repository/RAD_Pages/Landing_Page/select_NewTaxReturnAmountDue_TaxType' 

2024-02-03 23:52:55 - [TEST_STEP][PASSED] - selectOptionByLabel(findTestObject(orPath_TaxTypeFilingYear + "/select_FilingYear"), FilingYear, false): All options with label '2021' are selected in object 'Object Repository/RAD_Pages/TaxTypeFilingYear_Page/select_FilingYear' 

2024-02-03 23:52:56 - [MESSAGE][PASSED] - All options with label '2021' are selected in object 'Object Repository/RAD_Pages/TaxTypeFilingYear_Page/select_FilingYear' 

2024-02-03 23:52:56 - [TEST_STEP][PASSED] - setText(findTestObject(orPath_TaxPayer + "/input_businessName"), " "): Text ' ' is set on object 'Object Repository/RAD_Pages/Taxpayer_Page/input_businessName'

2024-02-03 23:52:57 - [MESSAGE][PASSED] - Text ' ' is set on object 'Object Repository/RAD_Pages/Taxpayer_Page/input_businessName'

2024-02-03 23:52:57 - [TEST_STEP][PASSED] - setText(findTestObject(orPath_TaxPayer + "/input_BusinessRepfirstName"), " "): Text ' ' is set on object 'Object Repository/RAD_Pages/Taxpayer_Page/input_BusinessRepfirstName'

2024-02-03 23:52:57 - [MESSAGE][PASSED] - Text ' ' is set on object 'Object Repository/RAD_Pages/Taxpayer_Page/input_BusinessRepfirstName'

2024-02-03 23:52:57 - [TEST_STEP][PASSED] - setText(findTestObject(orPath_TaxPayer + "/input_BusinessReplastName"), " "): Text ' ' is set on object 'Object Repository/RAD_Pages/Taxpayer_Page/input_BusinessReplastName'

2024-02-03 23:52:58 - [MESSAGE][PASSED] - Text ' ' is set on object 'Object Repository/RAD_Pages/Taxpayer_Page/input_BusinessReplastName'

2024-02-03 23:52:58 - [TEST_STEP][PASSED] - setText(findTestObject(orPath_AddressContact + "/input_streetAddress1"), " "): Text ' ' is set on object 'Object Repository/RAD_Pages/AddressAndContactInfo_Page/input_streetAddress1'

2024-02-03 23:52:59 - [MESSAGE][PASSED] - Text ' ' is set on object 'Object Repository/RAD_Pages/AddressAndContactInfo_Page/input_streetAddress1'

2024-02-03 23:52:59 - [TEST_STEP][PASSED] - setText(findTestObject(orPath_AddressContact + "/input_city"), " "): Text ' ' is set on object 'Object Repository/RAD_Pages/AddressAndContactInfo_Page/input_city'

2024-02-03 23:53:00 - [MESSAGE][PASSED] - Text ' ' is set on object 'Object Repository/RAD_Pages/AddressAndContactInfo_Page/input_city'

2024-02-03 23:53:00 - [TEST_STEP][PASSED] - setText(findTestObject(orPath_AddressContact + "/input_zipCode"), " "): Text ' ' is set on object 'Object Repository/RAD_Pages/AddressAndContactInfo_Page/input_zipCode'

2024-02-03 23:53:01 - [MESSAGE][PASSED] - Text ' ' is set on object 'Object Repository/RAD_Pages/AddressAndContactInfo_Page/input_zipCode'

2024-02-03 23:53:01 - [TEST_STEP][PASSED] - setText(findTestObject(orPath_AddressContact + "/input_phoneNumber"), " "): Text ' ' is set on object 'Object Repository/RAD_Pages/AddressAndContactInfo_Page/input_phoneNumber'

2024-02-03 23:53:01 - [MESSAGE][PASSED] - Text ' ' is set on object 'Object Repository/RAD_Pages/AddressAndContactInfo_Page/input_phoneNumber'

2024-02-03 23:53:01 - [TEST_STEP][PASSED] - setText(findTestObject(orPath_AddressContact + "/input_eMailAddress"), " "): Text ' ' is set on object 'Object Repository/RAD_Pages/AddressAndContactInfo_Page/input_eMailAddress'

2024-02-03 23:53:02 - [MESSAGE][PASSED] - Text ' ' is set on object 'Object Repository/RAD_Pages/AddressAndContactInfo_Page/input_eMailAddress'

2024-02-03 23:53:02 - [TEST_STEP][PASSED] - setText(findTestObject(orPath_AddressContact + "/input_reEnterEMailAddress"), " "): Text ' ' is set on object 'Object Repository/RAD_Pages/AddressAndContactInfo_Page/input_reEnterEMailAddress'

2024-02-03 23:53:03 - [MESSAGE][PASSED] - Text ' ' is set on object 'Object Repository/RAD_Pages/AddressAndContactInfo_Page/input_reEnterEMailAddress'

2024-02-03 23:53:03 - [TEST_STEP][PASSED] - if (TaxType.equalsIgnoreCase("Estate Tax")): null

2024-02-03 23:53:03 - [TEST_STEP][PASSED] - setText(findTestObject(orPath_Amount + "/input__paymentAmount"), ""): Text '' is set on object 'Object Repository/RAD_Pages/PaymentAmount_Page/input__paymentAmount'

2024-02-03 23:53:04 - [MESSAGE][PASSED] - Text '' is set on object 'Object Repository/RAD_Pages/PaymentAmount_Page/input__paymentAmount'

2024-02-03 23:53:04 - [TEST_STEP][PASSED] - resText = "Fail": null

2024-02-03 23:53:04 - [TEST_STEP][PASSED] - pages.WriteExcel.demoKey(resText, datText, resColumn, datCloumn, fileLoc, nameSheet, row): pages.WriteExcel.demoKey is PASSED

2024-02-03 23:53:04 - [MESSAGE][PASSED] - pages.WriteExcel.demoKey is PASSED

2024-02-03 23:53:04 - [TEST_STEP][PASSED] - verifyTextPresent("Enter business name", true, CONTINUE_ON_FAILURE): Text 'Enter business name' is present on page  using regular expression

2024-02-03 23:53:05 - [MESSAGE][PASSED] - Text 'Enter business name' is present on page  using regular expression

2024-02-03 23:53:05 - [TEST_STEP][PASSED] - verifyTextPresent("Enter business rep first name", true, CONTINUE_ON_FAILURE): Text 'Enter business rep first name' is present on page  using regular expression

2024-02-03 23:53:05 - [MESSAGE][PASSED] - Text 'Enter business rep first name' is present on page  using regular expression

2024-02-03 23:53:05 - [TEST_STEP][PASSED] - verifyTextPresent("Enter business rep last name", true, CONTINUE_ON_FAILURE): Text 'Enter business rep last name' is present on page  using regular expression

2024-02-03 23:53:05 - [MESSAGE][PASSED] - Text 'Enter business rep last name' is present on page  using regular expression

2024-02-03 23:53:05 - [TEST_STEP][PASSED] - verifyTextPresent("Enter address", true, CONTINUE_ON_FAILURE): Text 'Enter address' is present on page  using regular expression

2024-02-03 23:53:06 - [MESSAGE][PASSED] - Text 'Enter address' is present on page  using regular expression

2024-02-03 23:53:06 - [TEST_STEP][PASSED] - verifyTextPresent("Enter city", true, CONTINUE_ON_FAILURE): Text 'Enter city' is present on page  using regular expression

2024-02-03 23:53:06 - [MESSAGE][PASSED] - Text 'Enter city' is present on page  using regular expression

2024-02-03 23:53:06 - [TEST_STEP][PASSED] - verifyTextPresent("Enter ZIP code", true, CONTINUE_ON_FAILURE): Text 'Enter ZIP code' is present on page  using regular expression

2024-02-03 23:53:06 - [MESSAGE][PASSED] - Text 'Enter ZIP code' is present on page  using regular expression

2024-02-03 23:53:06 - [TEST_STEP][PASSED] - verifyTextPresent("Enter a valid phone number", true, CONTINUE_ON_FAILURE): Text 'Enter a valid phone number' is present on page  using regular expression

2024-02-03 23:53:07 - [MESSAGE][PASSED] - Text 'Enter a valid phone number' is present on page  using regular expression

2024-02-03 23:53:07 - [TEST_STEP][PASSED] - verifyTextPresent("Enter Email", true, CONTINUE_ON_FAILURE): Text 'Enter Email' is present on page  using regular expression

2024-02-03 23:53:07 - [MESSAGE][PASSED] - Text 'Enter Email' is present on page  using regular expression

2024-02-03 23:53:07 - [TEST_STEP][PASSED] - if (TaxType.equalsIgnoreCase("Estate Tax")): null

2024-02-03 23:53:07 - [TEST_STEP][PASSED] - resText = "Pass": null

2024-02-03 23:53:07 - [TEST_STEP][PASSED] - pages.WriteExcel.demoKey(resText, datText, resColumn, datCloumn, fileLoc, nameSheet, row): pages.WriteExcel.demoKey is PASSED

2024-02-03 23:53:07 - [MESSAGE][PASSED] - pages.WriteExcel.demoKey is PASSED

2024-02-03 23:53:07 - [TEST_STEP][PASSED] - ExecuteTC = findTestData(dataFile).getValue("Execute", row): null

2024-02-03 23:53:07 - [TEST_STEP][PASSED] - TaxType = findTestData(dataFile).getValue("TaxType", row): null

2024-02-03 23:53:07 - [TEST_STEP][PASSED] - PaymentType = findTestData(dataFile).getValue("PaymentType", row): null

2024-02-03 23:53:07 - [TEST_STEP][PASSED] - FilingYear = findTestData(dataFile).getValue("Year", row): null

2024-02-03 23:53:07 - [TEST_STEP][PASSED] - feinSSN = findTestData(dataFile).getValue("FeinSsn", row): null

2024-02-03 23:53:08 - [TEST_STEP][PASSED] - if (ExecuteTC.equalsIgnoreCase("Y")): pages.WriteExcel.demoKey is PASSED

2024-02-03 23:53:08 - [TEST_STEP][PASSED] - out.println("Begin Record Number: " + row): null

2024-02-03 23:53:08 - [TEST_STEP][PASSED] - today = new java.util.Date(): null

2024-02-03 23:53:08 - [TEST_STEP][PASSED] - println(today): null

2024-02-03 23:53:08 - [TEST_STEP][PASSED] - datText = today: null

2024-02-03 23:53:08 - [TEST_STEP][PASSED] - logInfo("Payment Type: New Tax Return Amount Due"): Payment Type: New Tax Return Amount Due

2024-02-03 23:53:08 - [MESSAGE][INFO] - Payment Type: New Tax Return Amount Due

2024-02-03 23:53:08 - [TEST_STEP][PASSED] - logInfo("Tax Type: " + TaxType): Tax Type: Transportation Network Services

2024-02-03 23:53:08 - [MESSAGE][INFO] - Tax Type: Transportation Network Services

2024-02-03 23:53:08 - [TEST_STEP][PASSED] - openBrowser(""): Browser is opened with url: ''

2024-02-03 23:53:08 - [MESSAGE][WARNING] - A browser is already opened. Closing browser and opening a new one

2024-02-03 23:53:09 - [MESSAGE][INFO] - Starting 'Chrome' driver

2024-02-03 23:53:09 - [MESSAGE][INFO] - User set preference: ['acceptInsecureCerts', 'true']

2024-02-03 23:53:09 - [MESSAGE][INFO] - Action delay is set to 0 milliseconds

2024-02-03 23:53:11 - [MESSAGE][PASSED] - Browser is opened with url: ''

2024-02-03 23:53:11 - [TEST_STEP][PASSED] - maximizeWindow(): Current window maximized

2024-02-03 23:53:11 - [MESSAGE][PASSED] - Current window maximized

2024-02-03 23:53:11 - [TEST_STEP][PASSED] - navigateToUrl(RADurl): Navigate to 'https://qa2.velocitypayment.com/client/rad/index.html' successfully

2024-02-03 23:53:13 - [MESSAGE][PASSED] - Navigate to 'https://qa2.velocitypayment.com/client/rad/index.html' successfully

2024-02-03 23:53:13 - [TEST_STEP][PASSED] - selectOptionByLabel(findTestObject(orPath_Landing + "/dd_TaxType"), "New Tax Return Amount Due", false): All options with label 'New Tax Return Amount Due' are selected in object 'Object Repository/RAD_Pages/Landing_Page/dd_TaxType' 

2024-02-03 23:53:14 - [MESSAGE][PASSED] - All options with label 'New Tax Return Amount Due' are selected in object 'Object Repository/RAD_Pages/Landing_Page/dd_TaxType' 

2024-02-03 23:53:14 - [TEST_STEP][PASSED] - selectOptionByLabel(findTestObject("Object Repository/RAD_Pages/Landing_Page/select_NewTaxReturnAmountDue_TaxType"), TaxType, false): All options with label 'Transportation Network Services' are selected in object 'Object Repository/RAD_Pages/Landing_Page/select_NewTaxReturnAmountDue_TaxType' 

2024-02-03 23:53:14 - [MESSAGE][PASSED] - All options with label 'Transportation Network Services' are selected in object 'Object Repository/RAD_Pages/Landing_Page/select_NewTaxReturnAmountDue_TaxType' 

2024-02-03 23:53:14 - [TEST_STEP][PASSED] - selectOptionByLabel(findTestObject(orPath_TaxTypeFilingYear + "/select_FilingYear"), FilingYear, false): All options with label '2021' are selected in object 'Object Repository/RAD_Pages/TaxTypeFilingYear_Page/select_FilingYear' 

2024-02-03 23:53:15 - [MESSAGE][PASSED] - All options with label '2021' are selected in object 'Object Repository/RAD_Pages/TaxTypeFilingYear_Page/select_FilingYear' 

2024-02-03 23:53:15 - [TEST_STEP][PASSED] - setText(findTestObject(orPath_TaxPayer + "/input_businessName"), " "): Text ' ' is set on object 'Object Repository/RAD_Pages/Taxpayer_Page/input_businessName'

2024-02-03 23:53:16 - [MESSAGE][PASSED] - Text ' ' is set on object 'Object Repository/RAD_Pages/Taxpayer_Page/input_businessName'

2024-02-03 23:53:16 - [TEST_STEP][PASSED] - setText(findTestObject(orPath_TaxPayer + "/input_BusinessRepfirstName"), " "): Text ' ' is set on object 'Object Repository/RAD_Pages/Taxpayer_Page/input_BusinessRepfirstName'

2024-02-03 23:53:17 - [MESSAGE][PASSED] - Text ' ' is set on object 'Object Repository/RAD_Pages/Taxpayer_Page/input_BusinessRepfirstName'

2024-02-03 23:53:17 - [TEST_STEP][PASSED] - setText(findTestObject(orPath_TaxPayer + "/input_BusinessReplastName"), " "): Text ' ' is set on object 'Object Repository/RAD_Pages/Taxpayer_Page/input_BusinessReplastName'

2024-02-03 23:53:17 - [MESSAGE][PASSED] - Text ' ' is set on object 'Object Repository/RAD_Pages/Taxpayer_Page/input_BusinessReplastName'

2024-02-03 23:53:17 - [TEST_STEP][PASSED] - setText(findTestObject(orPath_AddressContact + "/input_streetAddress1"), " "): Text ' ' is set on object 'Object Repository/RAD_Pages/AddressAndContactInfo_Page/input_streetAddress1'

2024-02-03 23:53:18 - [MESSAGE][PASSED] - Text ' ' is set on object 'Object Repository/RAD_Pages/AddressAndContactInfo_Page/input_streetAddress1'

2024-02-03 23:53:18 - [TEST_STEP][PASSED] - setText(findTestObject(orPath_AddressContact + "/input_city"), " "): Text ' ' is set on object 'Object Repository/RAD_Pages/AddressAndContactInfo_Page/input_city'

2024-02-03 23:53:19 - [MESSAGE][PASSED] - Text ' ' is set on object 'Object Repository/RAD_Pages/AddressAndContactInfo_Page/input_city'

2024-02-03 23:53:19 - [TEST_STEP][PASSED] - setText(findTestObject(orPath_AddressContact + "/input_zipCode"), " "): Text ' ' is set on object 'Object Repository/RAD_Pages/AddressAndContactInfo_Page/input_zipCode'

2024-02-03 23:53:20 - [MESSAGE][PASSED] - Text ' ' is set on object 'Object Repository/RAD_Pages/AddressAndContactInfo_Page/input_zipCode'

2024-02-03 23:53:20 - [TEST_STEP][PASSED] - setText(findTestObject(orPath_AddressContact + "/input_phoneNumber"), " "): Text ' ' is set on object 'Object Repository/RAD_Pages/AddressAndContactInfo_Page/input_phoneNumber'

2024-02-03 23:53:20 - [MESSAGE][PASSED] - Text ' ' is set on object 'Object Repository/RAD_Pages/AddressAndContactInfo_Page/input_phoneNumber'

2024-02-03 23:53:20 - [TEST_STEP][PASSED] - setText(findTestObject(orPath_AddressContact + "/input_eMailAddress"), " "): Text ' ' is set on object 'Object Repository/RAD_Pages/AddressAndContactInfo_Page/input_eMailAddress'

2024-02-03 23:53:21 - [MESSAGE][PASSED] - Text ' ' is set on object 'Object Repository/RAD_Pages/AddressAndContactInfo_Page/input_eMailAddress'

2024-02-03 23:53:21 - [TEST_STEP][PASSED] - setText(findTestObject(orPath_AddressContact + "/input_reEnterEMailAddress"), " "): Text ' ' is set on object 'Object Repository/RAD_Pages/AddressAndContactInfo_Page/input_reEnterEMailAddress'

2024-02-03 23:53:22 - [MESSAGE][PASSED] - Text ' ' is set on object 'Object Repository/RAD_Pages/AddressAndContactInfo_Page/input_reEnterEMailAddress'

2024-02-03 23:53:22 - [TEST_STEP][PASSED] - if (TaxType.equalsIgnoreCase("Estate Tax")): null

2024-02-03 23:53:22 - [TEST_STEP][PASSED] - setText(findTestObject(orPath_Amount + "/input__paymentAmount"), ""): Text '' is set on object 'Object Repository/RAD_Pages/PaymentAmount_Page/input__paymentAmount'

2024-02-03 23:53:23 - [MESSAGE][PASSED] - Text '' is set on object 'Object Repository/RAD_Pages/PaymentAmount_Page/input__paymentAmount'

2024-02-03 23:53:23 - [TEST_STEP][PASSED] - resText = "Fail": null

2024-02-03 23:53:23 - [TEST_STEP][PASSED] - pages.WriteExcel.demoKey(resText, datText, resColumn, datCloumn, fileLoc, nameSheet, row): pages.WriteExcel.demoKey is PASSED

2024-02-03 23:53:24 - [MESSAGE][PASSED] - pages.WriteExcel.demoKey is PASSED

2024-02-03 23:53:24 - [TEST_STEP][PASSED] - verifyTextPresent("Enter business name", true, CONTINUE_ON_FAILURE): Text 'Enter business name' is present on page  using regular expression

2024-02-03 23:53:24 - [MESSAGE][PASSED] - Text 'Enter business name' is present on page  using regular expression

2024-02-03 23:53:24 - [TEST_STEP][PASSED] - verifyTextPresent("Enter business rep first name", true, CONTINUE_ON_FAILURE): Text 'Enter business rep first name' is present on page  using regular expression

2024-02-03 23:53:24 - [MESSAGE][PASSED] - Text 'Enter business rep first name' is present on page  using regular expression

2024-02-03 23:53:24 - [TEST_STEP][PASSED] - verifyTextPresent("Enter business rep last name", true, CONTINUE_ON_FAILURE): Text 'Enter business rep last name' is present on page  using regular expression

2024-02-03 23:53:25 - [MESSAGE][PASSED] - Text 'Enter business rep last name' is present on page  using regular expression

2024-02-03 23:53:25 - [TEST_STEP][PASSED] - verifyTextPresent("Enter address", true, CONTINUE_ON_FAILURE): Text 'Enter address' is present on page  using regular expression

2024-02-03 23:53:25 - [MESSAGE][PASSED] - Text 'Enter address' is present on page  using regular expression

2024-02-03 23:53:25 - [TEST_STEP][PASSED] - verifyTextPresent("Enter city", true, CONTINUE_ON_FAILURE): Text 'Enter city' is present on page  using regular expression

2024-02-03 23:53:25 - [MESSAGE][PASSED] - Text 'Enter city' is present on page  using regular expression

2024-02-03 23:53:25 - [TEST_STEP][PASSED] - verifyTextPresent("Enter ZIP code", true, CONTINUE_ON_FAILURE): Text 'Enter ZIP code' is present on page  using regular expression

2024-02-03 23:53:26 - [MESSAGE][PASSED] - Text 'Enter ZIP code' is present on page  using regular expression

2024-02-03 23:53:26 - [TEST_STEP][PASSED] - verifyTextPresent("Enter a valid phone number", true, CONTINUE_ON_FAILURE): Text 'Enter a valid phone number' is present on page  using regular expression

2024-02-03 23:53:26 - [MESSAGE][PASSED] - Text 'Enter a valid phone number' is present on page  using regular expression

2024-02-03 23:53:26 - [TEST_STEP][PASSED] - verifyTextPresent("Enter Email", true, CONTINUE_ON_FAILURE): Text 'Enter Email' is present on page  using regular expression

2024-02-03 23:53:27 - [MESSAGE][PASSED] - Text 'Enter Email' is present on page  using regular expression

2024-02-03 23:53:27 - [TEST_STEP][PASSED] - if (TaxType.equalsIgnoreCase("Estate Tax")): null

2024-02-03 23:53:27 - [TEST_STEP][PASSED] - resText = "Pass": null

2024-02-03 23:53:27 - [TEST_STEP][PASSED] - pages.WriteExcel.demoKey(resText, datText, resColumn, datCloumn, fileLoc, nameSheet, row): pages.WriteExcel.demoKey is PASSED

2024-02-03 23:53:27 - [MESSAGE][PASSED] - pages.WriteExcel.demoKey is PASSED

2024-02-03 23:53:27 - [TEST_STEP][PASSED] - ExecuteTC = findTestData(dataFile).getValue("Execute", row): null

2024-02-03 23:53:27 - [TEST_STEP][PASSED] - TaxType = findTestData(dataFile).getValue("TaxType", row): null

2024-02-03 23:53:27 - [TEST_STEP][PASSED] - PaymentType = findTestData(dataFile).getValue("PaymentType", row): null

2024-02-03 23:53:27 - [TEST_STEP][PASSED] - FilingYear = findTestData(dataFile).getValue("Year", row): null

2024-02-03 23:53:27 - [TEST_STEP][PASSED] - feinSSN = findTestData(dataFile).getValue("FeinSsn", row): null

2024-02-03 23:53:27 - [TEST_STEP][PASSED] - if (ExecuteTC.equalsIgnoreCase("Y")): pages.WriteExcel.demoKey is PASSED

2024-02-03 23:53:27 - [TEST_STEP][PASSED] - out.println("Begin Record Number: " + row): null

2024-02-03 23:53:27 - [TEST_STEP][PASSED] - today = new java.util.Date(): null

2024-02-03 23:53:27 - [TEST_STEP][PASSED] - println(today): null

2024-02-03 23:53:27 - [TEST_STEP][PASSED] - datText = today: null

2024-02-03 23:53:27 - [TEST_STEP][PASSED] - logInfo("Payment Type: New Tax Return Amount Due"): Payment Type: New Tax Return Amount Due

2024-02-03 23:53:27 - [MESSAGE][INFO] - Payment Type: New Tax Return Amount Due

2024-02-03 23:53:27 - [TEST_STEP][PASSED] - logInfo("Tax Type: " + TaxType): Tax Type: Unclaimed Property

2024-02-03 23:53:27 - [MESSAGE][INFO] - Tax Type: Unclaimed Property

2024-02-03 23:53:27 - [TEST_STEP][PASSED] - openBrowser(""): Browser is opened with url: ''

2024-02-03 23:53:27 - [MESSAGE][WARNING] - A browser is already opened. Closing browser and opening a new one

2024-02-03 23:53:28 - [MESSAGE][INFO] - Starting 'Chrome' driver

2024-02-03 23:53:28 - [MESSAGE][INFO] - User set preference: ['acceptInsecureCerts', 'true']

2024-02-03 23:53:28 - [MESSAGE][INFO] - Action delay is set to 0 milliseconds

2024-02-03 23:53:30 - [MESSAGE][PASSED] - Browser is opened with url: ''

2024-02-03 23:53:30 - [TEST_STEP][PASSED] - maximizeWindow(): Current window maximized

2024-02-03 23:53:30 - [MESSAGE][PASSED] - Current window maximized

2024-02-03 23:53:30 - [TEST_STEP][PASSED] - navigateToUrl(RADurl): Navigate to 'https://qa2.velocitypayment.com/client/rad/index.html' successfully

2024-02-03 23:53:30 - [MESSAGE][PASSED] - Navigate to 'https://qa2.velocitypayment.com/client/rad/index.html' successfully

2024-02-03 23:53:30 - [TEST_STEP][PASSED] - selectOptionByLabel(findTestObject(orPath_Landing + "/dd_TaxType"), "New Tax Return Amount Due", false): All options with label 'New Tax Return Amount Due' are selected in object 'Object Repository/RAD_Pages/Landing_Page/dd_TaxType' 

2024-02-03 23:53:33 - [MESSAGE][PASSED] - All options with label 'New Tax Return Amount Due' are selected in object 'Object Repository/RAD_Pages/Landing_Page/dd_TaxType' 

2024-02-03 23:53:33 - [TEST_STEP][PASSED] - selectOptionByLabel(findTestObject("Object Repository/RAD_Pages/Landing_Page/select_NewTaxReturnAmountDue_TaxType"), TaxType, false): All options with label 'Unclaimed Property' are selected in object 'Object Repository/RAD_Pages/Landing_Page/select_NewTaxReturnAmountDue_TaxType' 

2024-02-03 23:53:34 - [MESSAGE][PASSED] - All options with label 'Unclaimed Property' are selected in object 'Object Repository/RAD_Pages/Landing_Page/select_NewTaxReturnAmountDue_TaxType' 

2024-02-03 23:53:34 - [TEST_STEP][PASSED] - selectOptionByLabel(findTestObject(orPath_TaxTypeFilingYear + "/select_FilingYear"), FilingYear, false): All options with label '2021' are selected in object 'Object Repository/RAD_Pages/TaxTypeFilingYear_Page/select_FilingYear' 

2024-02-03 23:53:34 - [MESSAGE][PASSED] - All options with label '2021' are selected in object 'Object Repository/RAD_Pages/TaxTypeFilingYear_Page/select_FilingYear' 

2024-02-03 23:53:34 - [TEST_STEP][PASSED] - setText(findTestObject(orPath_TaxPayer + "/input_businessName"), " "): Text ' ' is set on object 'Object Repository/RAD_Pages/Taxpayer_Page/input_businessName'

2024-02-03 23:53:35 - [MESSAGE][PASSED] - Text ' ' is set on object 'Object Repository/RAD_Pages/Taxpayer_Page/input_businessName'

2024-02-03 23:53:35 - [TEST_STEP][PASSED] - setText(findTestObject(orPath_TaxPayer + "/input_BusinessRepfirstName"), " "): Text ' ' is set on object 'Object Repository/RAD_Pages/Taxpayer_Page/input_BusinessRepfirstName'

2024-02-03 23:53:36 - [MESSAGE][PASSED] - Text ' ' is set on object 'Object Repository/RAD_Pages/Taxpayer_Page/input_BusinessRepfirstName'

2024-02-03 23:53:36 - [TEST_STEP][PASSED] - setText(findTestObject(orPath_TaxPayer + "/input_BusinessReplastName"), " "): Text ' ' is set on object 'Object Repository/RAD_Pages/Taxpayer_Page/input_BusinessReplastName'

2024-02-03 23:53:37 - [MESSAGE][PASSED] - Text ' ' is set on object 'Object Repository/RAD_Pages/Taxpayer_Page/input_BusinessReplastName'

2024-02-03 23:53:37 - [TEST_STEP][PASSED] - setText(findTestObject(orPath_AddressContact + "/input_streetAddress1"), " "): Text ' ' is set on object 'Object Repository/RAD_Pages/AddressAndContactInfo_Page/input_streetAddress1'

2024-02-03 23:53:37 - [MESSAGE][PASSED] - Text ' ' is set on object 'Object Repository/RAD_Pages/AddressAndContactInfo_Page/input_streetAddress1'

2024-02-03 23:53:37 - [TEST_STEP][PASSED] - setText(findTestObject(orPath_AddressContact + "/input_city"), " "): Text ' ' is set on object 'Object Repository/RAD_Pages/AddressAndContactInfo_Page/input_city'

2024-02-03 23:53:38 - [MESSAGE][PASSED] - Text ' ' is set on object 'Object Repository/RAD_Pages/AddressAndContactInfo_Page/input_city'

2024-02-03 23:53:38 - [TEST_STEP][PASSED] - setText(findTestObject(orPath_AddressContact + "/input_zipCode"), " "): Text ' ' is set on object 'Object Repository/RAD_Pages/AddressAndContactInfo_Page/input_zipCode'

2024-02-03 23:53:39 - [MESSAGE][PASSED] - Text ' ' is set on object 'Object Repository/RAD_Pages/AddressAndContactInfo_Page/input_zipCode'

2024-02-03 23:53:39 - [TEST_STEP][PASSED] - setText(findTestObject(orPath_AddressContact + "/input_phoneNumber"), " "): Text ' ' is set on object 'Object Repository/RAD_Pages/AddressAndContactInfo_Page/input_phoneNumber'

2024-02-03 23:53:39 - [MESSAGE][PASSED] - Text ' ' is set on object 'Object Repository/RAD_Pages/AddressAndContactInfo_Page/input_phoneNumber'

2024-02-03 23:53:39 - [TEST_STEP][PASSED] - setText(findTestObject(orPath_AddressContact + "/input_eMailAddress"), " "): Text ' ' is set on object 'Object Repository/RAD_Pages/AddressAndContactInfo_Page/input_eMailAddress'

2024-02-03 23:53:40 - [MESSAGE][PASSED] - Text ' ' is set on object 'Object Repository/RAD_Pages/AddressAndContactInfo_Page/input_eMailAddress'

2024-02-03 23:53:40 - [TEST_STEP][PASSED] - setText(findTestObject(orPath_AddressContact + "/input_reEnterEMailAddress"), " "): Text ' ' is set on object 'Object Repository/RAD_Pages/AddressAndContactInfo_Page/input_reEnterEMailAddress'

2024-02-03 23:53:41 - [MESSAGE][PASSED] - Text ' ' is set on object 'Object Repository/RAD_Pages/AddressAndContactInfo_Page/input_reEnterEMailAddress'

2024-02-03 23:53:41 - [TEST_STEP][PASSED] - if (TaxType.equalsIgnoreCase("Estate Tax")): null

2024-02-03 23:53:41 - [TEST_STEP][PASSED] - setText(findTestObject(orPath_Amount + "/input__paymentAmount"), ""): Text '' is set on object 'Object Repository/RAD_Pages/PaymentAmount_Page/input__paymentAmount'

2024-02-03 23:53:42 - [MESSAGE][PASSED] - Text '' is set on object 'Object Repository/RAD_Pages/PaymentAmount_Page/input__paymentAmount'

2024-02-03 23:53:42 - [TEST_STEP][PASSED] - resText = "Fail": null

2024-02-03 23:53:42 - [TEST_STEP][PASSED] - pages.WriteExcel.demoKey(resText, datText, resColumn, datCloumn, fileLoc, nameSheet, row): pages.WriteExcel.demoKey is PASSED

2024-02-03 23:53:42 - [MESSAGE][PASSED] - pages.WriteExcel.demoKey is PASSED

2024-02-03 23:53:42 - [TEST_STEP][PASSED] - verifyTextPresent("Enter business name", true, CONTINUE_ON_FAILURE): Text 'Enter business name' is present on page  using regular expression

2024-02-03 23:53:43 - [MESSAGE][PASSED] - Text 'Enter business name' is present on page  using regular expression

2024-02-03 23:53:43 - [TEST_STEP][PASSED] - verifyTextPresent("Enter business rep first name", true, CONTINUE_ON_FAILURE): Text 'Enter business rep first name' is present on page  using regular expression

2024-02-03 23:53:43 - [MESSAGE][PASSED] - Text 'Enter business rep first name' is present on page  using regular expression

2024-02-03 23:53:43 - [TEST_STEP][PASSED] - verifyTextPresent("Enter business rep last name", true, CONTINUE_ON_FAILURE): Text 'Enter business rep last name' is present on page  using regular expression

2024-02-03 23:53:44 - [MESSAGE][PASSED] - Text 'Enter business rep last name' is present on page  using regular expression

2024-02-03 23:53:44 - [TEST_STEP][PASSED] - verifyTextPresent("Enter address", true, CONTINUE_ON_FAILURE): Text 'Enter address' is present on page  using regular expression

2024-02-03 23:53:44 - [MESSAGE][PASSED] - Text 'Enter address' is present on page  using regular expression

2024-02-03 23:53:44 - [TEST_STEP][PASSED] - verifyTextPresent("Enter city", true, CONTINUE_ON_FAILURE): Text 'Enter city' is present on page  using regular expression

2024-02-03 23:53:44 - [MESSAGE][PASSED] - Text 'Enter city' is present on page  using regular expression

2024-02-03 23:53:44 - [TEST_STEP][PASSED] - verifyTextPresent("Enter ZIP code", true, CONTINUE_ON_FAILURE): Text 'Enter ZIP code' is present on page  using regular expression

2024-02-03 23:53:45 - [MESSAGE][PASSED] - Text 'Enter ZIP code' is present on page  using regular expression

2024-02-03 23:53:45 - [TEST_STEP][PASSED] - verifyTextPresent("Enter a valid phone number", true, CONTINUE_ON_FAILURE): Text 'Enter a valid phone number' is present on page  using regular expression

2024-02-03 23:53:45 - [MESSAGE][PASSED] - Text 'Enter a valid phone number' is present on page  using regular expression

2024-02-03 23:53:45 - [TEST_STEP][PASSED] - verifyTextPresent("Enter Email", true, CONTINUE_ON_FAILURE): Text 'Enter Email' is present on page  using regular expression

2024-02-03 23:53:46 - [MESSAGE][PASSED] - Text 'Enter Email' is present on page  using regular expression

2024-02-03 23:53:46 - [TEST_STEP][PASSED] - if (TaxType.equalsIgnoreCase("Estate Tax")): null

2024-02-03 23:53:46 - [TEST_STEP][PASSED] - resText = "Pass": null

2024-02-03 23:53:46 - [TEST_STEP][PASSED] - pages.WriteExcel.demoKey(resText, datText, resColumn, datCloumn, fileLoc, nameSheet, row): pages.WriteExcel.demoKey is PASSED

2024-02-03 23:53:46 - [MESSAGE][PASSED] - pages.WriteExcel.demoKey is PASSED

2024-02-03 23:53:46 - [TEST_STEP][PASSED] - ExecuteTC = findTestData(dataFile).getValue("Execute", row): null

2024-02-03 23:53:46 - [TEST_STEP][PASSED] - TaxType = findTestData(dataFile).getValue("TaxType", row): null

2024-02-03 23:53:46 - [TEST_STEP][PASSED] - PaymentType = findTestData(dataFile).getValue("PaymentType", row): null

2024-02-03 23:53:46 - [TEST_STEP][PASSED] - FilingYear = findTestData(dataFile).getValue("Year", row): null

2024-02-03 23:53:46 - [TEST_STEP][PASSED] - feinSSN = findTestData(dataFile).getValue("FeinSsn", row): null

2024-02-03 23:53:46 - [TEST_STEP][PASSED] - if (ExecuteTC.equalsIgnoreCase("Y")): pages.WriteExcel.demoKey is PASSED

2024-02-03 23:53:46 - [TEST_STEP][PASSED] - out.println("Begin Record Number: " + row): null

2024-02-03 23:53:46 - [TEST_STEP][PASSED] - today = new java.util.Date(): null

2024-02-03 23:53:46 - [TEST_STEP][PASSED] - println(today): null

2024-02-03 23:53:46 - [TEST_STEP][PASSED] - datText = today: null

2024-02-03 23:53:46 - [TEST_STEP][PASSED] - logInfo("Payment Type: New Tax Return Amount Due"): Payment Type: New Tax Return Amount Due

2024-02-03 23:53:46 - [MESSAGE][INFO] - Payment Type: New Tax Return Amount Due

2024-02-03 23:53:46 - [TEST_STEP][PASSED] - logInfo("Tax Type: " + TaxType): Tax Type: Withholding Tax

2024-02-03 23:53:46 - [MESSAGE][INFO] - Tax Type: Withholding Tax

2024-02-03 23:53:46 - [TEST_STEP][PASSED] - openBrowser(""): Browser is opened with url: ''

2024-02-03 23:53:46 - [MESSAGE][WARNING] - A browser is already opened. Closing browser and opening a new one

2024-02-03 23:53:47 - [MESSAGE][INFO] - Starting 'Chrome' driver

2024-02-03 23:53:47 - [MESSAGE][INFO] - User set preference: ['acceptInsecureCerts', 'true']

2024-02-03 23:53:47 - [MESSAGE][INFO] - Action delay is set to 0 milliseconds

2024-02-03 23:53:49 - [MESSAGE][PASSED] - Browser is opened with url: ''

2024-02-03 23:53:49 - [TEST_STEP][PASSED] - maximizeWindow(): Current window maximized

2024-02-03 23:53:49 - [MESSAGE][PASSED] - Current window maximized

2024-02-03 23:53:49 - [TEST_STEP][PASSED] - navigateToUrl(RADurl): Navigate to 'https://qa2.velocitypayment.com/client/rad/index.html' successfully

2024-02-03 23:53:52 - [MESSAGE][PASSED] - Navigate to 'https://qa2.velocitypayment.com/client/rad/index.html' successfully

2024-02-03 23:53:52 - [TEST_STEP][PASSED] - selectOptionByLabel(findTestObject(orPath_Landing + "/dd_TaxType"), "New Tax Return Amount Due", false): All options with label 'New Tax Return Amount Due' are selected in object 'Object Repository/RAD_Pages/Landing_Page/dd_TaxType' 

2024-02-03 23:53:52 - [MESSAGE][PASSED] - All options with label 'New Tax Return Amount Due' are selected in object 'Object Repository/RAD_Pages/Landing_Page/dd_TaxType' 

2024-02-03 23:53:52 - [TEST_STEP][PASSED] - selectOptionByLabel(findTestObject("Object Repository/RAD_Pages/Landing_Page/select_NewTaxReturnAmountDue_TaxType"), TaxType, false): All options with label 'Withholding Tax' are selected in object 'Object Repository/RAD_Pages/Landing_Page/select_NewTaxReturnAmountDue_TaxType' 

2024-02-03 23:53:53 - [MESSAGE][PASSED] - All options with label 'Withholding Tax' are selected in object 'Object Repository/RAD_Pages/Landing_Page/select_NewTaxReturnAmountDue_TaxType' 

2024-02-03 23:53:53 - [TEST_STEP][PASSED] - selectOptionByLabel(findTestObject(orPath_TaxTypeFilingYear + "/select_FilingYear"), FilingYear, false): All options with label '2021' are selected in object 'Object Repository/RAD_Pages/TaxTypeFilingYear_Page/select_FilingYear' 

2024-02-03 23:53:54 - [MESSAGE][PASSED] - All options with label '2021' are selected in object 'Object Repository/RAD_Pages/TaxTypeFilingYear_Page/select_FilingYear' 

2024-02-03 23:53:54 - [TEST_STEP][PASSED] - setText(findTestObject(orPath_TaxPayer + "/input_businessName"), " "): Text ' ' is set on object 'Object Repository/RAD_Pages/Taxpayer_Page/input_businessName'

2024-02-03 23:53:55 - [MESSAGE][PASSED] - Text ' ' is set on object 'Object Repository/RAD_Pages/Taxpayer_Page/input_businessName'

2024-02-03 23:53:55 - [TEST_STEP][PASSED] - setText(findTestObject(orPath_TaxPayer + "/input_BusinessRepfirstName"), " "): Text ' ' is set on object 'Object Repository/RAD_Pages/Taxpayer_Page/input_BusinessRepfirstName'

2024-02-03 23:53:55 - [MESSAGE][PASSED] - Text ' ' is set on object 'Object Repository/RAD_Pages/Taxpayer_Page/input_BusinessRepfirstName'

2024-02-03 23:53:55 - [TEST_STEP][PASSED] - setText(findTestObject(orPath_TaxPayer + "/input_BusinessReplastName"), " "): Text ' ' is set on object 'Object Repository/RAD_Pages/Taxpayer_Page/input_BusinessReplastName'

2024-02-03 23:53:56 - [MESSAGE][PASSED] - Text ' ' is set on object 'Object Repository/RAD_Pages/Taxpayer_Page/input_BusinessReplastName'

2024-02-03 23:53:56 - [TEST_STEP][PASSED] - setText(findTestObject(orPath_AddressContact + "/input_streetAddress1"), " "): Text ' ' is set on object 'Object Repository/RAD_Pages/AddressAndContactInfo_Page/input_streetAddress1'

2024-02-03 23:53:57 - [MESSAGE][PASSED] - Text ' ' is set on object 'Object Repository/RAD_Pages/AddressAndContactInfo_Page/input_streetAddress1'

2024-02-03 23:53:57 - [TEST_STEP][PASSED] - setText(findTestObject(orPath_AddressContact + "/input_city"), " "): Text ' ' is set on object 'Object Repository/RAD_Pages/AddressAndContactInfo_Page/input_city'

2024-02-03 23:53:58 - [MESSAGE][PASSED] - Text ' ' is set on object 'Object Repository/RAD_Pages/AddressAndContactInfo_Page/input_city'

2024-02-03 23:53:58 - [TEST_STEP][PASSED] - setText(findTestObject(orPath_AddressContact + "/input_zipCode"), " "): Text ' ' is set on object 'Object Repository/RAD_Pages/AddressAndContactInfo_Page/input_zipCode'

2024-02-03 23:53:58 - [MESSAGE][PASSED] - Text ' ' is set on object 'Object Repository/RAD_Pages/AddressAndContactInfo_Page/input_zipCode'

2024-02-03 23:53:58 - [TEST_STEP][PASSED] - setText(findTestObject(orPath_AddressContact + "/input_phoneNumber"), " "): Text ' ' is set on object 'Object Repository/RAD_Pages/AddressAndContactInfo_Page/input_phoneNumber'

2024-02-03 23:53:59 - [MESSAGE][PASSED] - Text ' ' is set on object 'Object Repository/RAD_Pages/AddressAndContactInfo_Page/input_phoneNumber'

2024-02-03 23:53:59 - [TEST_STEP][PASSED] - setText(findTestObject(orPath_AddressContact + "/input_eMailAddress"), " "): Text ' ' is set on object 'Object Repository/RAD_Pages/AddressAndContactInfo_Page/input_eMailAddress'

2024-02-03 23:54:00 - [MESSAGE][PASSED] - Text ' ' is set on object 'Object Repository/RAD_Pages/AddressAndContactInfo_Page/input_eMailAddress'

2024-02-03 23:54:00 - [TEST_STEP][PASSED] - setText(findTestObject(orPath_AddressContact + "/input_reEnterEMailAddress"), " "): Text ' ' is set on object 'Object Repository/RAD_Pages/AddressAndContactInfo_Page/input_reEnterEMailAddress'

2024-02-03 23:54:01 - [MESSAGE][PASSED] - Text ' ' is set on object 'Object Repository/RAD_Pages/AddressAndContactInfo_Page/input_reEnterEMailAddress'

2024-02-03 23:54:01 - [TEST_STEP][PASSED] - if (TaxType.equalsIgnoreCase("Estate Tax")): null

2024-02-03 23:54:01 - [TEST_STEP][PASSED] - setText(findTestObject(orPath_Amount + "/input__paymentAmount"), ""): Text '' is set on object 'Object Repository/RAD_Pages/PaymentAmount_Page/input__paymentAmount'

2024-02-03 23:54:02 - [MESSAGE][PASSED] - Text '' is set on object 'Object Repository/RAD_Pages/PaymentAmount_Page/input__paymentAmount'

2024-02-03 23:54:02 - [TEST_STEP][PASSED] - resText = "Fail": null

2024-02-03 23:54:02 - [TEST_STEP][PASSED] - pages.WriteExcel.demoKey(resText, datText, resColumn, datCloumn, fileLoc, nameSheet, row): pages.WriteExcel.demoKey is PASSED

2024-02-03 23:54:02 - [MESSAGE][PASSED] - pages.WriteExcel.demoKey is PASSED

2024-02-03 23:54:02 - [TEST_STEP][PASSED] - verifyTextPresent("Enter business name", true, CONTINUE_ON_FAILURE): Text 'Enter business name' is present on page  using regular expression

2024-02-03 23:54:02 - [MESSAGE][PASSED] - Text 'Enter business name' is present on page  using regular expression

2024-02-03 23:54:02 - [TEST_STEP][PASSED] - verifyTextPresent("Enter business rep first name", true, CONTINUE_ON_FAILURE): Text 'Enter business rep first name' is present on page  using regular expression

2024-02-03 23:54:03 - [MESSAGE][PASSED] - Text 'Enter business rep first name' is present on page  using regular expression

2024-02-03 23:54:03 - [TEST_STEP][PASSED] - verifyTextPresent("Enter business rep last name", true, CONTINUE_ON_FAILURE): Text 'Enter business rep last name' is present on page  using regular expression

2024-02-03 23:54:03 - [MESSAGE][PASSED] - Text 'Enter business rep last name' is present on page  using regular expression

2024-02-03 23:54:03 - [TEST_STEP][PASSED] - verifyTextPresent("Enter address", true, CONTINUE_ON_FAILURE): Text 'Enter address' is present on page  using regular expression

2024-02-03 23:54:04 - [MESSAGE][PASSED] - Text 'Enter address' is present on page  using regular expression

2024-02-03 23:54:04 - [TEST_STEP][PASSED] - verifyTextPresent("Enter city", true, CONTINUE_ON_FAILURE): Text 'Enter city' is present on page  using regular expression

2024-02-03 23:54:04 - [MESSAGE][PASSED] - Text 'Enter city' is present on page  using regular expression

2024-02-03 23:54:04 - [TEST_STEP][PASSED] - verifyTextPresent("Enter ZIP code", true, CONTINUE_ON_FAILURE): Text 'Enter ZIP code' is present on page  using regular expression

2024-02-03 23:54:05 - [MESSAGE][PASSED] - Text 'Enter ZIP code' is present on page  using regular expression

2024-02-03 23:54:05 - [TEST_STEP][PASSED] - verifyTextPresent("Enter a valid phone number", true, CONTINUE_ON_FAILURE): Text 'Enter a valid phone number' is present on page  using regular expression

2024-02-03 23:54:05 - [MESSAGE][PASSED] - Text 'Enter a valid phone number' is present on page  using regular expression

2024-02-03 23:54:05 - [TEST_STEP][PASSED] - verifyTextPresent("Enter Email", true, CONTINUE_ON_FAILURE): Text 'Enter Email' is present on page  using regular expression

2024-02-03 23:54:05 - [MESSAGE][PASSED] - Text 'Enter Email' is present on page  using regular expression

2024-02-03 23:54:05 - [TEST_STEP][PASSED] - if (TaxType.equalsIgnoreCase("Estate Tax")): null

2024-02-03 23:54:05 - [TEST_STEP][PASSED] - resText = "Pass": null

2024-02-03 23:54:05 - [TEST_STEP][PASSED] - pages.WriteExcel.demoKey(resText, datText, resColumn, datCloumn, fileLoc, nameSheet, row): pages.WriteExcel.demoKey is PASSED

2024-02-03 23:54:05 - [MESSAGE][PASSED] - pages.WriteExcel.demoKey is PASSED]]></system-out>
         <system-err><![CDATA[]]></system-err>
      </testcase>
      <testcase name="Test Cases/RAD_TestCases/MRF_TestCases/Personal_EL_MRF_TC" time="41.524" classname="Test Cases/RAD_TestCases/MRF_TestCases/Personal_EL_MRF_TC" status="PASSED">
         <system-out><![CDATA[2024-02-03 23:54:06 - [TEST_CASE][PASSED] - Test Cases/RAD_TestCases/MRF_TestCases/Personal_EL_MRF_TC: Test Cases/RAD_TestCases/MRF_TestCases/Personal_EL_MRF_TC

2024-02-03 23:54:06 - [TEST_STEP][PASSED] - resText = "Fail": null

2024-02-03 23:54:06 - [TEST_STEP][PASSED] - resColumn = "Result": null

2024-02-03 23:54:06 - [TEST_STEP][PASSED] - datCloumn = "Date": null

2024-02-03 23:54:06 - [TEST_STEP][PASSED] - fileLoc = "KatalonData/RADTestData/MRF.xlsx": null

2024-02-03 23:54:06 - [TEST_STEP][PASSED] - nameSheet = "Personal_EL": null

2024-02-03 23:54:06 - [TEST_STEP][PASSED] - dataFile = "RADTestData/MRF_Personal_EL": null

2024-02-03 23:54:06 - [TEST_STEP][PASSED] - orPath_Landing = "Object Repository/RAD_Pages/Landing_Page": null

2024-02-03 23:54:06 - [TEST_STEP][PASSED] - orPath_TaxTypeFilingYear = "Object Repository/RAD_Pages/TaxTypeFilingYear_Page": null

2024-02-03 23:54:06 - [TEST_STEP][PASSED] - orPath_Amount = "Object Repository/RAD_Pages/PaymentAmount_Page": null

2024-02-03 23:54:06 - [TEST_STEP][PASSED] - orPath_AddressContact = "Object Repository/RAD_Pages/AddressAndContactInfo_Page": null

2024-02-03 23:54:06 - [TEST_STEP][PASSED] - orPath_Summary = "Object Repository/RAD_Pages/Summary_Page": null

2024-02-03 23:54:06 - [TEST_STEP][PASSED] - orPath_PaymentConfirmation = "Object Repository/RAD_Pages/PaymentConfirmation_Page": null

2024-02-03 23:54:06 - [TEST_STEP][PASSED] - orPath_ServiceFeesAccept = "Object Repository/RAD_Pages/ServiceFeeAccept_Page": null

2024-02-03 23:54:06 - [TEST_STEP][PASSED] - orPath_PaymentEntry = "Object Repository/RAD_Pages/PaymentEntry_Page": null

2024-02-03 23:54:06 - [TEST_STEP][PASSED] - orPath_TaxPayer = "Object Repository/RAD_Pages/Taxpayer_Page": null

2024-02-03 23:54:06 - [TEST_STEP][PASSED] - orPath_TaxInfo = "Object Repository/RAD_Pages/TaxInfo_Page": null

2024-02-03 23:54:06 - [TEST_STEP][PASSED] - ExecuteTC = <not implemented yet for class: org.codehaus.groovy.ast.expr.EmptyExpression>: null

2024-02-03 23:54:06 - [TEST_STEP][PASSED] - TaxType = <not implemented yet for class: org.codehaus.groovy.ast.expr.EmptyExpression>: null

2024-02-03 23:54:06 - [TEST_STEP][PASSED] - PaymentType = <not implemented yet for class: org.codehaus.groovy.ast.expr.EmptyExpression>: null

2024-02-03 23:54:06 - [TEST_STEP][PASSED] - FilingYear = <not implemented yet for class: org.codehaus.groovy.ast.expr.EmptyExpression>: null

2024-02-03 23:54:06 - [TEST_STEP][PASSED] - PeriodEndingMonth = <not implemented yet for class: org.codehaus.groovy.ast.expr.EmptyExpression>: null

2024-02-03 23:54:06 - [TEST_STEP][PASSED] - executionProfile = getExecutionProfile(): null

2024-02-03 23:54:06 - [TEST_STEP][PASSED] - numOfRows = findTestData(dataFile).getRowNumbers(): null

2024-02-03 23:54:06 - [TEST_STEP][PASSED] - println("Number of Records: " + numOfRows): null

2024-02-03 23:54:06 - [TEST_STEP][PASSED] - for ([row = 1, row <= numOfRows, (row++)]): pages.WriteExcel.demoKey is PASSED

2024-02-03 23:54:06 - [TEST_STEP][PASSED] - ExecuteTC = findTestData(dataFile).getValue("Execute", row): null

2024-02-03 23:54:06 - [TEST_STEP][PASSED] - TaxType = findTestData(dataFile).getValue("TaxType", row): null

2024-02-03 23:54:06 - [TEST_STEP][PASSED] - PaymentType = findTestData(dataFile).getValue("PaymentType", row): null

2024-02-03 23:54:06 - [TEST_STEP][PASSED] - if (ExecuteTC.equalsIgnoreCase("Y")): pages.WriteExcel.demoKey is PASSED

2024-02-03 23:54:06 - [TEST_STEP][PASSED] - out.println("Begin Record Number: " + row): null

2024-02-03 23:54:06 - [TEST_STEP][PASSED] - today = new java.util.Date(): null

2024-02-03 23:54:06 - [TEST_STEP][PASSED] - println(today): null

2024-02-03 23:54:06 - [TEST_STEP][PASSED] - datText = today: null

2024-02-03 23:54:06 - [TEST_STEP][PASSED] - logInfo("Payment Type: " + PaymentType): Payment Type: Existing Liability w/Notice Number

2024-02-03 23:54:06 - [MESSAGE][INFO] - Payment Type: Existing Liability w/Notice Number

2024-02-03 23:54:06 - [TEST_STEP][PASSED] - logInfo("Tax Type: " + TaxType): Tax Type: Personal Income Tax

2024-02-03 23:54:06 - [MESSAGE][INFO] - Tax Type: Personal Income Tax

2024-02-03 23:54:06 - [TEST_STEP][PASSED] - openBrowser(""): Browser is opened with url: ''

2024-02-03 23:54:06 - [MESSAGE][WARNING] - A browser is already opened. Closing browser and opening a new one

2024-02-03 23:54:08 - [MESSAGE][INFO] - Starting 'Chrome' driver

2024-02-03 23:54:08 - [MESSAGE][INFO] - User set preference: ['acceptInsecureCerts', 'true']

2024-02-03 23:54:08 - [MESSAGE][INFO] - Action delay is set to 0 milliseconds

2024-02-03 23:54:10 - [MESSAGE][PASSED] - Browser is opened with url: ''

2024-02-03 23:54:10 - [TEST_STEP][PASSED] - maximizeWindow(): Current window maximized

2024-02-03 23:54:10 - [MESSAGE][PASSED] - Current window maximized

2024-02-03 23:54:10 - [TEST_STEP][PASSED] - navigateToUrl(RADurl): Navigate to 'https://qa2.velocitypayment.com/client/rad/index.html' successfully

2024-02-03 23:54:10 - [MESSAGE][PASSED] - Navigate to 'https://qa2.velocitypayment.com/client/rad/index.html' successfully

2024-02-03 23:54:10 - [TEST_STEP][PASSED] - selectOptionByLabel(findTestObject(orPath_Landing + "/dd_TaxType"), PaymentType, false): All options with label 'Existing Liability w/Notice Number' are selected in object 'Object Repository/RAD_Pages/Landing_Page/dd_TaxType' 

2024-02-03 23:54:13 - [MESSAGE][PASSED] - All options with label 'Existing Liability w/Notice Number' are selected in object 'Object Repository/RAD_Pages/Landing_Page/dd_TaxType' 

2024-02-03 23:54:13 - [TEST_STEP][PASSED] - selectOptionByLabel(findTestObject(orPath_TaxTypeFilingYear + "/select_TaxType_ExistingLiability"), TaxType, false): All options with label 'Personal Income Tax' are selected in object 'Object Repository/RAD_Pages/TaxTypeFilingYear_Page/select_TaxType_ExistingLiability' 

2024-02-03 23:54:14 - [MESSAGE][PASSED] - All options with label 'Personal Income Tax' are selected in object 'Object Repository/RAD_Pages/TaxTypeFilingYear_Page/select_TaxType_ExistingLiability' 

2024-02-03 23:54:14 - [TEST_STEP][PASSED] - setText(findTestObject(orPath_TaxPayer + "/input_firstName"), " "): Text ' ' is set on object 'Object Repository/RAD_Pages/Taxpayer_Page/input_firstName'

2024-02-03 23:54:15 - [MESSAGE][PASSED] - Text ' ' is set on object 'Object Repository/RAD_Pages/Taxpayer_Page/input_firstName'

2024-02-03 23:54:15 - [TEST_STEP][PASSED] - setText(findTestObject(orPath_TaxPayer + "/input_lastName"), " "): Text ' ' is set on object 'Object Repository/RAD_Pages/Taxpayer_Page/input_lastName'

2024-02-03 23:54:15 - [MESSAGE][PASSED] - Text ' ' is set on object 'Object Repository/RAD_Pages/Taxpayer_Page/input_lastName'

2024-02-03 23:54:15 - [TEST_STEP][PASSED] - setText(findTestObject(orPath_AddressContact + "/input_streetAddress1"), " "): Text ' ' is set on object 'Object Repository/RAD_Pages/AddressAndContactInfo_Page/input_streetAddress1'

2024-02-03 23:54:16 - [MESSAGE][PASSED] - Text ' ' is set on object 'Object Repository/RAD_Pages/AddressAndContactInfo_Page/input_streetAddress1'

2024-02-03 23:54:16 - [TEST_STEP][PASSED] - setText(findTestObject(orPath_AddressContact + "/input_city"), " "): Text ' ' is set on object 'Object Repository/RAD_Pages/AddressAndContactInfo_Page/input_city'

2024-02-03 23:54:17 - [MESSAGE][PASSED] - Text ' ' is set on object 'Object Repository/RAD_Pages/AddressAndContactInfo_Page/input_city'

2024-02-03 23:54:17 - [TEST_STEP][PASSED] - setText(findTestObject(orPath_AddressContact + "/input_zipCode"), " "): Text ' ' is set on object 'Object Repository/RAD_Pages/AddressAndContactInfo_Page/input_zipCode'

2024-02-03 23:54:17 - [MESSAGE][PASSED] - Text ' ' is set on object 'Object Repository/RAD_Pages/AddressAndContactInfo_Page/input_zipCode'

2024-02-03 23:54:17 - [TEST_STEP][PASSED] - setText(findTestObject(orPath_AddressContact + "/input_phoneNumber"), " "): Text ' ' is set on object 'Object Repository/RAD_Pages/AddressAndContactInfo_Page/input_phoneNumber'

2024-02-03 23:54:18 - [MESSAGE][PASSED] - Text ' ' is set on object 'Object Repository/RAD_Pages/AddressAndContactInfo_Page/input_phoneNumber'

2024-02-03 23:54:18 - [TEST_STEP][PASSED] - setText(findTestObject(orPath_AddressContact + "/input_eMailAddress"), " "): Text ' ' is set on object 'Object Repository/RAD_Pages/AddressAndContactInfo_Page/input_eMailAddress'

2024-02-03 23:54:19 - [MESSAGE][PASSED] - Text ' ' is set on object 'Object Repository/RAD_Pages/AddressAndContactInfo_Page/input_eMailAddress'

2024-02-03 23:54:19 - [TEST_STEP][PASSED] - setText(findTestObject(orPath_AddressContact + "/input_reEnterEMailAddress"), " "): Text ' ' is set on object 'Object Repository/RAD_Pages/AddressAndContactInfo_Page/input_reEnterEMailAddress'

2024-02-03 23:54:20 - [MESSAGE][PASSED] - Text ' ' is set on object 'Object Repository/RAD_Pages/AddressAndContactInfo_Page/input_reEnterEMailAddress'

2024-02-03 23:54:20 - [TEST_STEP][PASSED] - if (TaxType.equalsIgnoreCase("Estate Tax")): null

2024-02-03 23:54:20 - [TEST_STEP][PASSED] - else: Text ' ' is set on object 'Object Repository/RAD_Pages/TaxInfo_Page/input_TaxInfo_reTaxTypeExisitingSSN'

2024-02-03 23:54:20 - [TEST_STEP][PASSED] - setText(findTestObject(orPath_TaxInfo + "/input_TaxInfo_ExisitingSSN"), " "): Text ' ' is set on object 'Object Repository/RAD_Pages/TaxInfo_Page/input_TaxInfo_ExisitingSSN'

2024-02-03 23:54:21 - [MESSAGE][PASSED] - Text ' ' is set on object 'Object Repository/RAD_Pages/TaxInfo_Page/input_TaxInfo_ExisitingSSN'

2024-02-03 23:54:21 - [TEST_STEP][PASSED] - setText(findTestObject(orPath_TaxInfo + "/input_TaxInfo_reTaxTypeExisitingSSN"), " "): Text ' ' is set on object 'Object Repository/RAD_Pages/TaxInfo_Page/input_TaxInfo_reTaxTypeExisitingSSN'

2024-02-03 23:54:22 - [MESSAGE][PASSED] - Text ' ' is set on object 'Object Repository/RAD_Pages/TaxInfo_Page/input_TaxInfo_reTaxTypeExisitingSSN'

2024-02-03 23:54:22 - [TEST_STEP][PASSED] - setText(findTestObject(orPath_TaxInfo + "/input_NoticeInvoiceNumber"), " "): Text ' ' is set on object 'Object Repository/RAD_Pages/TaxInfo_Page/input_NoticeInvoiceNumber'

2024-02-03 23:54:22 - [MESSAGE][PASSED] - Text ' ' is set on object 'Object Repository/RAD_Pages/TaxInfo_Page/input_NoticeInvoiceNumber'

2024-02-03 23:54:22 - [TEST_STEP][PASSED] - setText(findTestObject(orPath_TaxInfo + "/input_reTypeNoticeInvoiceNumber"), " "): Text ' ' is set on object 'Object Repository/RAD_Pages/TaxInfo_Page/input_reTypeNoticeInvoiceNumber'

2024-02-03 23:54:23 - [MESSAGE][PASSED] - Text ' ' is set on object 'Object Repository/RAD_Pages/TaxInfo_Page/input_reTypeNoticeInvoiceNumber'

2024-02-03 23:54:23 - [TEST_STEP][PASSED] - resText = "Fail": null

2024-02-03 23:54:23 - [TEST_STEP][PASSED] - pages.WriteExcel.demoKey(resText, datText, resColumn, datCloumn, fileLoc, nameSheet, row): pages.WriteExcel.demoKey is PASSED

2024-02-03 23:54:23 - [MESSAGE][PASSED] - pages.WriteExcel.demoKey is PASSED

2024-02-03 23:54:23 - [TEST_STEP][PASSED] - verifyTextPresent("Enter first name", true, CONTINUE_ON_FAILURE): Text 'Enter first name' is present on page  using regular expression

2024-02-03 23:54:24 - [MESSAGE][PASSED] - Text 'Enter first name' is present on page  using regular expression

2024-02-03 23:54:24 - [TEST_STEP][PASSED] - verifyTextPresent("Enter last name", true, CONTINUE_ON_FAILURE): Text 'Enter last name' is present on page  using regular expression

2024-02-03 23:54:24 - [MESSAGE][PASSED] - Text 'Enter last name' is present on page  using regular expression

2024-02-03 23:54:24 - [TEST_STEP][PASSED] - verifyTextPresent("Enter address", true, CONTINUE_ON_FAILURE): Text 'Enter address' is present on page  using regular expression

2024-02-03 23:54:24 - [MESSAGE][PASSED] - Text 'Enter address' is present on page  using regular expression

2024-02-03 23:54:24 - [TEST_STEP][PASSED] - verifyTextPresent("Enter city", true, CONTINUE_ON_FAILURE): Text 'Enter city' is present on page  using regular expression

2024-02-03 23:54:25 - [MESSAGE][PASSED] - Text 'Enter city' is present on page  using regular expression

2024-02-03 23:54:25 - [TEST_STEP][PASSED] - verifyTextPresent("Enter ZIP code", true, CONTINUE_ON_FAILURE): Text 'Enter ZIP code' is present on page  using regular expression

2024-02-03 23:54:25 - [MESSAGE][PASSED] - Text 'Enter ZIP code' is present on page  using regular expression

2024-02-03 23:54:25 - [TEST_STEP][PASSED] - verifyTextPresent("Enter a valid phone number", true, CONTINUE_ON_FAILURE): Text 'Enter a valid phone number' is present on page  using regular expression

2024-02-03 23:54:26 - [MESSAGE][PASSED] - Text 'Enter a valid phone number' is present on page  using regular expression

2024-02-03 23:54:26 - [TEST_STEP][PASSED] - verifyTextPresent("Enter Email", true, CONTINUE_ON_FAILURE): Text 'Enter Email' is present on page  using regular expression

2024-02-03 23:54:26 - [MESSAGE][PASSED] - Text 'Enter Email' is present on page  using regular expression

2024-02-03 23:54:26 - [TEST_STEP][PASSED] - verifyTextPresent("Notice Number must be 13 digits in length, with a value greater than zero", true, CONTINUE_ON_FAILURE): Text 'Notice Number must be 13 digits in length, with a value greater than zero' is present on page  using regular expression

2024-02-03 23:54:26 - [MESSAGE][PASSED] - Text 'Notice Number must be 13 digits in length, with a value greater than zero' is present on page  using regular expression

2024-02-03 23:54:26 - [TEST_STEP][PASSED] - if (TaxType.equalsIgnoreCase("Estate Tax")): null

2024-02-03 23:54:26 - [TEST_STEP][PASSED] - else: Text 'Re-type SSN Validation Error' is present on page  using regular expression

2024-02-03 23:54:26 - [TEST_STEP][PASSED] - verifyTextPresent("Please enter a valid SSN with 9 digits", true, CONTINUE_ON_FAILURE): Text 'Please enter a valid SSN with 9 digits' is present on page  using regular expression

2024-02-03 23:54:27 - [MESSAGE][PASSED] - Text 'Please enter a valid SSN with 9 digits' is present on page  using regular expression

2024-02-03 23:54:27 - [TEST_STEP][PASSED] - verifyTextPresent("Re-type SSN Validation Error", true, CONTINUE_ON_FAILURE): Text 'Re-type SSN Validation Error' is present on page  using regular expression

2024-02-03 23:54:27 - [MESSAGE][PASSED] - Text 'Re-type SSN Validation Error' is present on page  using regular expression

2024-02-03 23:54:27 - [TEST_STEP][PASSED] - resText = "Pass": null

2024-02-03 23:54:27 - [TEST_STEP][PASSED] - pages.WriteExcel.demoKey(resText, datText, resColumn, datCloumn, fileLoc, nameSheet, row): pages.WriteExcel.demoKey is PASSED

2024-02-03 23:54:27 - [MESSAGE][PASSED] - pages.WriteExcel.demoKey is PASSED

2024-02-03 23:54:27 - [TEST_STEP][PASSED] - ExecuteTC = findTestData(dataFile).getValue("Execute", row): null

2024-02-03 23:54:27 - [TEST_STEP][PASSED] - TaxType = findTestData(dataFile).getValue("TaxType", row): null

2024-02-03 23:54:27 - [TEST_STEP][PASSED] - PaymentType = findTestData(dataFile).getValue("PaymentType", row): null

2024-02-03 23:54:27 - [TEST_STEP][PASSED] - if (ExecuteTC.equalsIgnoreCase("Y")): pages.WriteExcel.demoKey is PASSED

2024-02-03 23:54:27 - [TEST_STEP][PASSED] - out.println("Begin Record Number: " + row): null

2024-02-03 23:54:27 - [TEST_STEP][PASSED] - today = new java.util.Date(): null

2024-02-03 23:54:27 - [TEST_STEP][PASSED] - println(today): null

2024-02-03 23:54:27 - [TEST_STEP][PASSED] - datText = today: null

2024-02-03 23:54:27 - [TEST_STEP][PASSED] - logInfo("Payment Type: " + PaymentType): Payment Type: Existing Liability w/Notice Number

2024-02-03 23:54:27 - [MESSAGE][INFO] - Payment Type: Existing Liability w/Notice Number

2024-02-03 23:54:27 - [TEST_STEP][PASSED] - logInfo("Tax Type: " + TaxType): Tax Type: Estate Tax

2024-02-03 23:54:27 - [MESSAGE][INFO] - Tax Type: Estate Tax

2024-02-03 23:54:27 - [TEST_STEP][PASSED] - openBrowser(""): Browser is opened with url: ''

2024-02-03 23:54:27 - [MESSAGE][WARNING] - A browser is already opened. Closing browser and opening a new one

2024-02-03 23:54:29 - [MESSAGE][INFO] - Starting 'Chrome' driver

2024-02-03 23:54:29 - [MESSAGE][INFO] - User set preference: ['acceptInsecureCerts', 'true']

2024-02-03 23:54:29 - [MESSAGE][INFO] - Action delay is set to 0 milliseconds

2024-02-03 23:54:30 - [MESSAGE][PASSED] - Browser is opened with url: ''

2024-02-03 23:54:30 - [TEST_STEP][PASSED] - maximizeWindow(): Current window maximized

2024-02-03 23:54:31 - [MESSAGE][PASSED] - Current window maximized

2024-02-03 23:54:31 - [TEST_STEP][PASSED] - navigateToUrl(RADurl): Navigate to 'https://qa2.velocitypayment.com/client/rad/index.html' successfully

2024-02-03 23:54:31 - [MESSAGE][PASSED] - Navigate to 'https://qa2.velocitypayment.com/client/rad/index.html' successfully

2024-02-03 23:54:31 - [TEST_STEP][PASSED] - selectOptionByLabel(findTestObject(orPath_Landing + "/dd_TaxType"), PaymentType, false): All options with label 'Existing Liability w/Notice Number' are selected in object 'Object Repository/RAD_Pages/Landing_Page/dd_TaxType' 

2024-02-03 23:54:33 - [MESSAGE][PASSED] - All options with label 'Existing Liability w/Notice Number' are selected in object 'Object Repository/RAD_Pages/Landing_Page/dd_TaxType' 

2024-02-03 23:54:33 - [TEST_STEP][PASSED] - selectOptionByLabel(findTestObject(orPath_TaxTypeFilingYear + "/select_TaxType_ExistingLiability"), TaxType, false): All options with label 'Estate Tax' are selected in object 'Object Repository/RAD_Pages/TaxTypeFilingYear_Page/select_TaxType_ExistingLiability' 

2024-02-03 23:54:34 - [MESSAGE][PASSED] - All options with label 'Estate Tax' are selected in object 'Object Repository/RAD_Pages/TaxTypeFilingYear_Page/select_TaxType_ExistingLiability' 

2024-02-03 23:54:34 - [TEST_STEP][PASSED] - setText(findTestObject(orPath_TaxPayer + "/input_firstName"), " "): Text ' ' is set on object 'Object Repository/RAD_Pages/Taxpayer_Page/input_firstName'

2024-02-03 23:54:35 - [MESSAGE][PASSED] - Text ' ' is set on object 'Object Repository/RAD_Pages/Taxpayer_Page/input_firstName'

2024-02-03 23:54:35 - [TEST_STEP][PASSED] - setText(findTestObject(orPath_TaxPayer + "/input_lastName"), " "): Text ' ' is set on object 'Object Repository/RAD_Pages/Taxpayer_Page/input_lastName'

2024-02-03 23:54:35 - [MESSAGE][PASSED] - Text ' ' is set on object 'Object Repository/RAD_Pages/Taxpayer_Page/input_lastName'

2024-02-03 23:54:35 - [TEST_STEP][PASSED] - setText(findTestObject(orPath_AddressContact + "/input_streetAddress1"), " "): Text ' ' is set on object 'Object Repository/RAD_Pages/AddressAndContactInfo_Page/input_streetAddress1'

2024-02-03 23:54:36 - [MESSAGE][PASSED] - Text ' ' is set on object 'Object Repository/RAD_Pages/AddressAndContactInfo_Page/input_streetAddress1'

2024-02-03 23:54:36 - [TEST_STEP][PASSED] - setText(findTestObject(orPath_AddressContact + "/input_city"), " "): Text ' ' is set on object 'Object Repository/RAD_Pages/AddressAndContactInfo_Page/input_city'

2024-02-03 23:54:37 - [MESSAGE][PASSED] - Text ' ' is set on object 'Object Repository/RAD_Pages/AddressAndContactInfo_Page/input_city'

2024-02-03 23:54:37 - [TEST_STEP][PASSED] - setText(findTestObject(orPath_AddressContact + "/input_zipCode"), " "): Text ' ' is set on object 'Object Repository/RAD_Pages/AddressAndContactInfo_Page/input_zipCode'

2024-02-03 23:54:38 - [MESSAGE][PASSED] - Text ' ' is set on object 'Object Repository/RAD_Pages/AddressAndContactInfo_Page/input_zipCode'

2024-02-03 23:54:38 - [TEST_STEP][PASSED] - setText(findTestObject(orPath_AddressContact + "/input_phoneNumber"), " "): Text ' ' is set on object 'Object Repository/RAD_Pages/AddressAndContactInfo_Page/input_phoneNumber'

2024-02-03 23:54:38 - [MESSAGE][PASSED] - Text ' ' is set on object 'Object Repository/RAD_Pages/AddressAndContactInfo_Page/input_phoneNumber'

2024-02-03 23:54:38 - [TEST_STEP][PASSED] - setText(findTestObject(orPath_AddressContact + "/input_eMailAddress"), " "): Text ' ' is set on object 'Object Repository/RAD_Pages/AddressAndContactInfo_Page/input_eMailAddress'

2024-02-03 23:54:39 - [MESSAGE][PASSED] - Text ' ' is set on object 'Object Repository/RAD_Pages/AddressAndContactInfo_Page/input_eMailAddress'

2024-02-03 23:54:39 - [TEST_STEP][PASSED] - setText(findTestObject(orPath_AddressContact + "/input_reEnterEMailAddress"), " "): Text ' ' is set on object 'Object Repository/RAD_Pages/AddressAndContactInfo_Page/input_reEnterEMailAddress'

2024-02-03 23:54:40 - [MESSAGE][PASSED] - Text ' ' is set on object 'Object Repository/RAD_Pages/AddressAndContactInfo_Page/input_reEnterEMailAddress'

2024-02-03 23:54:40 - [TEST_STEP][PASSED] - if (TaxType.equalsIgnoreCase("Estate Tax")): Text ' ' is set on object 'Object Repository/RAD_Pages/TaxInfo_Page/input_ReTypeDecedentSSN'

2024-02-03 23:54:40 - [TEST_STEP][PASSED] - setText(findTestObject(orPath_TaxInfo + "/input_DecedentSSN"), " "): Text ' ' is set on object 'Object Repository/RAD_Pages/TaxInfo_Page/input_DecedentSSN'

2024-02-03 23:54:41 - [MESSAGE][PASSED] - Text ' ' is set on object 'Object Repository/RAD_Pages/TaxInfo_Page/input_DecedentSSN'

2024-02-03 23:54:41 - [TEST_STEP][PASSED] - setText(findTestObject(orPath_TaxInfo + "/input_ReTypeDecedentSSN"), " "): Text ' ' is set on object 'Object Repository/RAD_Pages/TaxInfo_Page/input_ReTypeDecedentSSN'

2024-02-03 23:54:41 - [MESSAGE][PASSED] - Text ' ' is set on object 'Object Repository/RAD_Pages/TaxInfo_Page/input_ReTypeDecedentSSN'

2024-02-03 23:54:41 - [TEST_STEP][PASSED] - setText(findTestObject(orPath_TaxInfo + "/input_NoticeInvoiceNumber"), " "): Text ' ' is set on object 'Object Repository/RAD_Pages/TaxInfo_Page/input_NoticeInvoiceNumber'

2024-02-03 23:54:42 - [MESSAGE][PASSED] - Text ' ' is set on object 'Object Repository/RAD_Pages/TaxInfo_Page/input_NoticeInvoiceNumber'

2024-02-03 23:54:42 - [TEST_STEP][PASSED] - setText(findTestObject(orPath_TaxInfo + "/input_reTypeNoticeInvoiceNumber"), " "): Text ' ' is set on object 'Object Repository/RAD_Pages/TaxInfo_Page/input_reTypeNoticeInvoiceNumber'

2024-02-03 23:54:43 - [MESSAGE][PASSED] - Text ' ' is set on object 'Object Repository/RAD_Pages/TaxInfo_Page/input_reTypeNoticeInvoiceNumber'

2024-02-03 23:54:43 - [TEST_STEP][PASSED] - resText = "Fail": null

2024-02-03 23:54:43 - [TEST_STEP][PASSED] - pages.WriteExcel.demoKey(resText, datText, resColumn, datCloumn, fileLoc, nameSheet, row): pages.WriteExcel.demoKey is PASSED

2024-02-03 23:54:43 - [MESSAGE][PASSED] - pages.WriteExcel.demoKey is PASSED

2024-02-03 23:54:43 - [TEST_STEP][PASSED] - verifyTextPresent("Enter first name", true, CONTINUE_ON_FAILURE): Text 'Enter first name' is present on page  using regular expression

2024-02-03 23:54:44 - [MESSAGE][PASSED] - Text 'Enter first name' is present on page  using regular expression

2024-02-03 23:54:44 - [TEST_STEP][PASSED] - verifyTextPresent("Enter last name", true, CONTINUE_ON_FAILURE): Text 'Enter last name' is present on page  using regular expression

2024-02-03 23:54:44 - [MESSAGE][PASSED] - Text 'Enter last name' is present on page  using regular expression

2024-02-03 23:54:44 - [TEST_STEP][PASSED] - verifyTextPresent("Enter address", true, CONTINUE_ON_FAILURE): Text 'Enter address' is present on page  using regular expression

2024-02-03 23:54:44 - [MESSAGE][PASSED] - Text 'Enter address' is present on page  using regular expression

2024-02-03 23:54:44 - [TEST_STEP][PASSED] - verifyTextPresent("Enter city", true, CONTINUE_ON_FAILURE): Text 'Enter city' is present on page  using regular expression

2024-02-03 23:54:45 - [MESSAGE][PASSED] - Text 'Enter city' is present on page  using regular expression

2024-02-03 23:54:45 - [TEST_STEP][PASSED] - verifyTextPresent("Enter ZIP code", true, CONTINUE_ON_FAILURE): Text 'Enter ZIP code' is present on page  using regular expression

2024-02-03 23:54:45 - [MESSAGE][PASSED] - Text 'Enter ZIP code' is present on page  using regular expression

2024-02-03 23:54:45 - [TEST_STEP][PASSED] - verifyTextPresent("Enter a valid phone number", true, CONTINUE_ON_FAILURE): Text 'Enter a valid phone number' is present on page  using regular expression

2024-02-03 23:54:45 - [MESSAGE][PASSED] - Text 'Enter a valid phone number' is present on page  using regular expression

2024-02-03 23:54:45 - [TEST_STEP][PASSED] - verifyTextPresent("Enter Email", true, CONTINUE_ON_FAILURE): Text 'Enter Email' is present on page  using regular expression

2024-02-03 23:54:46 - [MESSAGE][PASSED] - Text 'Enter Email' is present on page  using regular expression

2024-02-03 23:54:46 - [TEST_STEP][PASSED] - verifyTextPresent("Notice Number must be 13 digits in length, with a value greater than zero", true, CONTINUE_ON_FAILURE): Text 'Notice Number must be 13 digits in length, with a value greater than zero' is present on page  using regular expression

2024-02-03 23:54:46 - [MESSAGE][PASSED] - Text 'Notice Number must be 13 digits in length, with a value greater than zero' is present on page  using regular expression

2024-02-03 23:54:46 - [TEST_STEP][PASSED] - if (TaxType.equalsIgnoreCase("Estate Tax")): Text 'Re-type Decedent SSN Validation Error' is present on page  using regular expression

2024-02-03 23:54:46 - [TEST_STEP][PASSED] - verifyTextPresent("Please enter a valid Decedent SSN with 9 digits", true, CONTINUE_ON_FAILURE): Text 'Please enter a valid Decedent SSN with 9 digits' is present on page  using regular expression

2024-02-03 23:54:47 - [MESSAGE][PASSED] - Text 'Please enter a valid Decedent SSN with 9 digits' is present on page  using regular expression

2024-02-03 23:54:47 - [TEST_STEP][PASSED] - verifyTextPresent("Re-type Decedent SSN Validation Error", true, CONTINUE_ON_FAILURE): Text 'Re-type Decedent SSN Validation Error' is present on page  using regular expression

2024-02-03 23:54:47 - [MESSAGE][PASSED] - Text 'Re-type Decedent SSN Validation Error' is present on page  using regular expression

2024-02-03 23:54:47 - [TEST_STEP][PASSED] - resText = "Pass": null

2024-02-03 23:54:47 - [TEST_STEP][PASSED] - pages.WriteExcel.demoKey(resText, datText, resColumn, datCloumn, fileLoc, nameSheet, row): pages.WriteExcel.demoKey is PASSED

2024-02-03 23:54:47 - [MESSAGE][PASSED] - pages.WriteExcel.demoKey is PASSED]]></system-out>
         <system-err><![CDATA[]]></system-err>
      </testcase>
      <testcase name="Test Cases/RAD_TestCases/MRF_TestCases/Personal_Individual_MRF_TC" time="136.475" classname="Test Cases/RAD_TestCases/MRF_TestCases/Personal_Individual_MRF_TC" status="PASSED">
         <system-out><![CDATA[2024-02-03 23:54:47 - [TEST_CASE][PASSED] - Test Cases/RAD_TestCases/MRF_TestCases/Personal_Individual_MRF_TC: Test Cases/RAD_TestCases/MRF_TestCases/Personal_Individual_MRF_TC

2024-02-03 23:54:48 - [TEST_STEP][PASSED] - resText = "Fail": null

2024-02-03 23:54:48 - [TEST_STEP][PASSED] - resColumn = "Result": null

2024-02-03 23:54:48 - [TEST_STEP][PASSED] - datCloumn = "Date": null

2024-02-03 23:54:48 - [TEST_STEP][PASSED] - fileLoc = "KatalonData/RADTestData/MRF.xlsx": null

2024-02-03 23:54:48 - [TEST_STEP][PASSED] - nameSheet = "Personal_IND": null

2024-02-03 23:54:48 - [TEST_STEP][PASSED] - dataFile = "RADTestData/MRF_Personal_IND": null

2024-02-03 23:54:48 - [TEST_STEP][PASSED] - orPath_Landing = "Object Repository/RAD_Pages/Landing_Page": null

2024-02-03 23:54:48 - [TEST_STEP][PASSED] - orPath_TaxTypeFilingYear = "Object Repository/RAD_Pages/TaxTypeFilingYear_Page": null

2024-02-03 23:54:48 - [TEST_STEP][PASSED] - orPath_Amount = "Object Repository/RAD_Pages/PaymentAmount_Page": null

2024-02-03 23:54:48 - [TEST_STEP][PASSED] - orPath_AddressContact = "Object Repository/RAD_Pages/AddressAndContactInfo_Page": null

2024-02-03 23:54:48 - [TEST_STEP][PASSED] - orPath_Summary = "Object Repository/RAD_Pages/Summary_Page": null

2024-02-03 23:54:48 - [TEST_STEP][PASSED] - orPath_PaymentConfirmation = "Object Repository/RAD_Pages/PaymentConfirmation_Page": null

2024-02-03 23:54:48 - [TEST_STEP][PASSED] - orPath_ServiceFeesAccept = "Object Repository/RAD_Pages/ServiceFeeAccept_Page": null

2024-02-03 23:54:48 - [TEST_STEP][PASSED] - orPath_PaymentEntry = "Object Repository/RAD_Pages/PaymentEntry_Page": null

2024-02-03 23:54:48 - [TEST_STEP][PASSED] - orPath_TaxPayer = "Object Repository/RAD_Pages/Taxpayer_Page": null

2024-02-03 23:54:48 - [TEST_STEP][PASSED] - ExecuteTC = <not implemented yet for class: org.codehaus.groovy.ast.expr.EmptyExpression>: null

2024-02-03 23:54:48 - [TEST_STEP][PASSED] - TaxType = <not implemented yet for class: org.codehaus.groovy.ast.expr.EmptyExpression>: null

2024-02-03 23:54:48 - [TEST_STEP][PASSED] - PaymentType = <not implemented yet for class: org.codehaus.groovy.ast.expr.EmptyExpression>: null

2024-02-03 23:54:48 - [TEST_STEP][PASSED] - FilingYear = <not implemented yet for class: org.codehaus.groovy.ast.expr.EmptyExpression>: null

2024-02-03 23:54:48 - [TEST_STEP][PASSED] - PeriodEndingMonth = <not implemented yet for class: org.codehaus.groovy.ast.expr.EmptyExpression>: null

2024-02-03 23:54:48 - [TEST_STEP][PASSED] - executionProfile = getExecutionProfile(): null

2024-02-03 23:54:48 - [TEST_STEP][PASSED] - numOfRows = findTestData(dataFile).getRowNumbers(): null

2024-02-03 23:54:48 - [TEST_STEP][PASSED] - println("Number of Records: " + numOfRows): null

2024-02-03 23:54:48 - [TEST_STEP][PASSED] - for ([row = 1, row <= numOfRows, (row++)]): pages.WriteExcel.demoKey is PASSED

2024-02-03 23:54:48 - [TEST_STEP][PASSED] - ExecuteTC = findTestData(dataFile).getValue("Execute", row): null

2024-02-03 23:54:48 - [TEST_STEP][PASSED] - TaxType = findTestData(dataFile).getValue("TaxType", row): null

2024-02-03 23:54:48 - [TEST_STEP][PASSED] - PaymentType = findTestData(dataFile).getValue("PaymentType", row): null

2024-02-03 23:54:48 - [TEST_STEP][PASSED] - FilingYear = findTestData(dataFile).getValue("Year", row): null

2024-02-03 23:54:48 - [TEST_STEP][PASSED] - if (ExecuteTC.equalsIgnoreCase("Y")): pages.WriteExcel.demoKey is PASSED

2024-02-03 23:54:48 - [TEST_STEP][PASSED] - out.println("Begin Record Number: " + row): null

2024-02-03 23:54:48 - [TEST_STEP][PASSED] - today = new java.util.Date(): null

2024-02-03 23:54:48 - [TEST_STEP][PASSED] - println(today): null

2024-02-03 23:54:48 - [TEST_STEP][PASSED] - datText = today: null

2024-02-03 23:54:48 - [TEST_STEP][PASSED] - logInfo("Payment Type: " + PaymentType): Payment Type: Quarterly Estimated Tax

2024-02-03 23:54:48 - [MESSAGE][INFO] - Payment Type: Quarterly Estimated Tax

2024-02-03 23:54:48 - [TEST_STEP][PASSED] - logInfo("Tax Type: " + TaxType): Tax Type: Personal Income Tax

2024-02-03 23:54:48 - [MESSAGE][INFO] - Tax Type: Personal Income Tax

2024-02-03 23:54:48 - [TEST_STEP][PASSED] - openBrowser(""): Browser is opened with url: ''

2024-02-03 23:54:48 - [MESSAGE][WARNING] - A browser is already opened. Closing browser and opening a new one

2024-02-03 23:54:50 - [MESSAGE][INFO] - Starting 'Chrome' driver

2024-02-03 23:54:50 - [MESSAGE][INFO] - User set preference: ['acceptInsecureCerts', 'true']

2024-02-03 23:54:50 - [MESSAGE][INFO] - Action delay is set to 0 milliseconds

2024-02-03 23:54:51 - [MESSAGE][PASSED] - Browser is opened with url: ''

2024-02-03 23:54:51 - [TEST_STEP][PASSED] - maximizeWindow(): Current window maximized

2024-02-03 23:54:51 - [MESSAGE][PASSED] - Current window maximized

2024-02-03 23:54:51 - [TEST_STEP][PASSED] - navigateToUrl(RADurl): Navigate to 'https://qa2.velocitypayment.com/client/rad/index.html' successfully

2024-02-03 23:54:53 - [MESSAGE][PASSED] - Navigate to 'https://qa2.velocitypayment.com/client/rad/index.html' successfully

2024-02-03 23:54:53 - [TEST_STEP][PASSED] - selectOptionByLabel(findTestObject(orPath_Landing + "/dd_TaxType"), PaymentType, false): All options with label 'Quarterly Estimated Tax' are selected in object 'Object Repository/RAD_Pages/Landing_Page/dd_TaxType' 

2024-02-03 23:54:54 - [MESSAGE][PASSED] - All options with label 'Quarterly Estimated Tax' are selected in object 'Object Repository/RAD_Pages/Landing_Page/dd_TaxType' 

2024-02-03 23:54:54 - [TEST_STEP][PASSED] - switch (PaymentType): null

2024-02-03 23:54:54 - [TEST_STEP][PASSED] - case "Quarterly Estimated Tax":: null

2024-02-03 23:54:54 - [TEST_STEP][PASSED] - selectOptionByLabel(findTestObject(orPath_TaxTypeFilingYear + "/select_PaymentType"), TaxType, false): All options with label 'Personal Income Tax' are selected in object 'Object Repository/RAD_Pages/TaxTypeFilingYear_Page/select_PaymentType' 

2024-02-03 23:54:55 - [MESSAGE][PASSED] - All options with label 'Personal Income Tax' are selected in object 'Object Repository/RAD_Pages/TaxTypeFilingYear_Page/select_PaymentType' 

2024-02-03 23:54:55 - [TEST_STEP][PASSED] - break: null

2024-02-03 23:54:55 - [TEST_STEP][PASSED] - if (!(FilingYear.isEmpty())): All options with label '2024' are selected in object 'Object Repository/RAD_Pages/TaxTypeFilingYear_Page/select_FilingYear' 

2024-02-03 23:54:55 - [TEST_STEP][PASSED] - selectOptionByLabel(findTestObject(orPath_TaxTypeFilingYear + "/select_FilingYear"), FilingYear, false): All options with label '2024' are selected in object 'Object Repository/RAD_Pages/TaxTypeFilingYear_Page/select_FilingYear' 

2024-02-03 23:54:55 - [MESSAGE][PASSED] - All options with label '2024' are selected in object 'Object Repository/RAD_Pages/TaxTypeFilingYear_Page/select_FilingYear' 

2024-02-03 23:54:55 - [TEST_STEP][PASSED] - setText(findTestObject(orPath_TaxPayer + "/input_firstName"), " "): Text ' ' is set on object 'Object Repository/RAD_Pages/Taxpayer_Page/input_firstName'

2024-02-03 23:54:56 - [MESSAGE][PASSED] - Text ' ' is set on object 'Object Repository/RAD_Pages/Taxpayer_Page/input_firstName'

2024-02-03 23:54:56 - [TEST_STEP][PASSED] - setText(findTestObject(orPath_TaxPayer + "/input_lastName"), " "): Text ' ' is set on object 'Object Repository/RAD_Pages/Taxpayer_Page/input_lastName'

2024-02-03 23:54:57 - [MESSAGE][PASSED] - Text ' ' is set on object 'Object Repository/RAD_Pages/Taxpayer_Page/input_lastName'

2024-02-03 23:54:57 - [TEST_STEP][PASSED] - if (TaxType.equalsIgnoreCase("Estate Tax")): null

2024-02-03 23:54:57 - [TEST_STEP][PASSED] - else: Text ' ' is set on object 'Object Repository/RAD_RecordAndPlay/input_concatReSSN'

2024-02-03 23:54:57 - [TEST_STEP][PASSED] - setText(findTestObject("RAD_RecordAndPlay/input_concatSSN"), " "): Text ' ' is set on object 'Object Repository/RAD_RecordAndPlay/input_concatSSN'

2024-02-03 23:54:57 - [MESSAGE][PASSED] - Text ' ' is set on object 'Object Repository/RAD_RecordAndPlay/input_concatSSN'

2024-02-03 23:54:57 - [TEST_STEP][PASSED] - setText(findTestObject("RAD_RecordAndPlay/input_concatReSSN"), " "): Text ' ' is set on object 'Object Repository/RAD_RecordAndPlay/input_concatReSSN'

2024-02-03 23:54:58 - [MESSAGE][PASSED] - Text ' ' is set on object 'Object Repository/RAD_RecordAndPlay/input_concatReSSN'

2024-02-03 23:54:58 - [TEST_STEP][PASSED] - setText(findTestObject(orPath_AddressContact + "/input_streetAddress1"), " "): Text ' ' is set on object 'Object Repository/RAD_Pages/AddressAndContactInfo_Page/input_streetAddress1'

2024-02-03 23:54:59 - [MESSAGE][PASSED] - Text ' ' is set on object 'Object Repository/RAD_Pages/AddressAndContactInfo_Page/input_streetAddress1'

2024-02-03 23:54:59 - [TEST_STEP][PASSED] - setText(findTestObject(orPath_AddressContact + "/input_city"), " "): Text ' ' is set on object 'Object Repository/RAD_Pages/AddressAndContactInfo_Page/input_city'

2024-02-03 23:54:59 - [MESSAGE][PASSED] - Text ' ' is set on object 'Object Repository/RAD_Pages/AddressAndContactInfo_Page/input_city'

2024-02-03 23:54:59 - [TEST_STEP][PASSED] - setText(findTestObject(orPath_AddressContact + "/input_zipCode"), " "): Text ' ' is set on object 'Object Repository/RAD_Pages/AddressAndContactInfo_Page/input_zipCode'

2024-02-03 23:55:00 - [MESSAGE][PASSED] - Text ' ' is set on object 'Object Repository/RAD_Pages/AddressAndContactInfo_Page/input_zipCode'

2024-02-03 23:55:00 - [TEST_STEP][PASSED] - setText(findTestObject(orPath_AddressContact + "/input_phoneNumber"), " "): Text ' ' is set on object 'Object Repository/RAD_Pages/AddressAndContactInfo_Page/input_phoneNumber'

2024-02-03 23:55:01 - [MESSAGE][PASSED] - Text ' ' is set on object 'Object Repository/RAD_Pages/AddressAndContactInfo_Page/input_phoneNumber'

2024-02-03 23:55:01 - [TEST_STEP][PASSED] - setText(findTestObject(orPath_AddressContact + "/input_eMailAddress"), " "): Text ' ' is set on object 'Object Repository/RAD_Pages/AddressAndContactInfo_Page/input_eMailAddress'

2024-02-03 23:55:02 - [MESSAGE][PASSED] - Text ' ' is set on object 'Object Repository/RAD_Pages/AddressAndContactInfo_Page/input_eMailAddress'

2024-02-03 23:55:02 - [TEST_STEP][PASSED] - setText(findTestObject(orPath_AddressContact + "/input_reEnterEMailAddress"), " "): Text ' ' is set on object 'Object Repository/RAD_Pages/AddressAndContactInfo_Page/input_reEnterEMailAddress'

2024-02-03 23:55:03 - [MESSAGE][PASSED] - Text ' ' is set on object 'Object Repository/RAD_Pages/AddressAndContactInfo_Page/input_reEnterEMailAddress'

2024-02-03 23:55:03 - [TEST_STEP][PASSED] - resText = "Fail": null

2024-02-03 23:55:03 - [TEST_STEP][PASSED] - pages.WriteExcel.demoKey(resText, datText, resColumn, datCloumn, fileLoc, nameSheet, row): pages.WriteExcel.demoKey is PASSED

2024-02-03 23:55:03 - [MESSAGE][PASSED] - pages.WriteExcel.demoKey is PASSED

2024-02-03 23:55:03 - [TEST_STEP][PASSED] - verifyTextPresent("Enter first name", true, CONTINUE_ON_FAILURE): Text 'Enter first name' is present on page  using regular expression

2024-02-03 23:55:03 - [MESSAGE][PASSED] - Text 'Enter first name' is present on page  using regular expression

2024-02-03 23:55:04 - [TEST_STEP][PASSED] - verifyTextPresent("Enter last name", true, CONTINUE_ON_FAILURE): Text 'Enter last name' is present on page  using regular expression

2024-02-03 23:55:04 - [MESSAGE][PASSED] - Text 'Enter last name' is present on page  using regular expression

2024-02-03 23:55:04 - [TEST_STEP][PASSED] - verifyTextPresent("Enter address", true, CONTINUE_ON_FAILURE): Text 'Enter address' is present on page  using regular expression

2024-02-03 23:55:05 - [MESSAGE][PASSED] - Text 'Enter address' is present on page  using regular expression

2024-02-03 23:55:05 - [TEST_STEP][PASSED] - verifyTextPresent("Enter city", true, CONTINUE_ON_FAILURE): Text 'Enter city' is present on page  using regular expression

2024-02-03 23:55:05 - [MESSAGE][PASSED] - Text 'Enter city' is present on page  using regular expression

2024-02-03 23:55:05 - [TEST_STEP][PASSED] - verifyTextPresent("Enter ZIP code", true, CONTINUE_ON_FAILURE): Text 'Enter ZIP code' is present on page  using regular expression

2024-02-03 23:55:06 - [MESSAGE][PASSED] - Text 'Enter ZIP code' is present on page  using regular expression

2024-02-03 23:55:06 - [TEST_STEP][PASSED] - verifyTextPresent("Enter a valid phone number", true, CONTINUE_ON_FAILURE): Text 'Enter a valid phone number' is present on page  using regular expression

2024-02-03 23:55:06 - [MESSAGE][PASSED] - Text 'Enter a valid phone number' is present on page  using regular expression

2024-02-03 23:55:06 - [TEST_STEP][PASSED] - verifyTextPresent("Enter Email", true, CONTINUE_ON_FAILURE): Text 'Enter Email' is present on page  using regular expression

2024-02-03 23:55:06 - [MESSAGE][PASSED] - Text 'Enter Email' is present on page  using regular expression

2024-02-03 23:55:06 - [TEST_STEP][PASSED] - if (TaxType.equalsIgnoreCase("Estate Tax")): null

2024-02-03 23:55:06 - [TEST_STEP][PASSED] - else: Text 'Re-type SSN Validation Error' is present on page  using regular expression

2024-02-03 23:55:06 - [TEST_STEP][PASSED] - verifyTextPresent("Please enter a valid SSN with 9 digits", true, CONTINUE_ON_FAILURE): Text 'Please enter a valid SSN with 9 digits' is present on page  using regular expression

2024-02-03 23:55:07 - [MESSAGE][PASSED] - Text 'Please enter a valid SSN with 9 digits' is present on page  using regular expression

2024-02-03 23:55:07 - [TEST_STEP][PASSED] - verifyTextPresent("Re-type SSN Validation Error", true, CONTINUE_ON_FAILURE): Text 'Re-type SSN Validation Error' is present on page  using regular expression

2024-02-03 23:55:07 - [MESSAGE][PASSED] - Text 'Re-type SSN Validation Error' is present on page  using regular expression

2024-02-03 23:55:07 - [TEST_STEP][PASSED] - resText = "Pass": null

2024-02-03 23:55:07 - [TEST_STEP][PASSED] - pages.WriteExcel.demoKey(resText, datText, resColumn, datCloumn, fileLoc, nameSheet, row): pages.WriteExcel.demoKey is PASSED

2024-02-03 23:55:07 - [MESSAGE][PASSED] - pages.WriteExcel.demoKey is PASSED

2024-02-03 23:55:07 - [TEST_STEP][PASSED] - ExecuteTC = findTestData(dataFile).getValue("Execute", row): null

2024-02-03 23:55:07 - [TEST_STEP][PASSED] - TaxType = findTestData(dataFile).getValue("TaxType", row): null

2024-02-03 23:55:07 - [TEST_STEP][PASSED] - PaymentType = findTestData(dataFile).getValue("PaymentType", row): null

2024-02-03 23:55:07 - [TEST_STEP][PASSED] - FilingYear = findTestData(dataFile).getValue("Year", row): null

2024-02-03 23:55:07 - [TEST_STEP][PASSED] - if (ExecuteTC.equalsIgnoreCase("Y")): null

2024-02-03 23:55:07 - [TEST_STEP][PASSED] - ExecuteTC = findTestData(dataFile).getValue("Execute", row): null

2024-02-03 23:55:07 - [TEST_STEP][PASSED] - TaxType = findTestData(dataFile).getValue("TaxType", row): null

2024-02-03 23:55:07 - [TEST_STEP][PASSED] - PaymentType = findTestData(dataFile).getValue("PaymentType", row): null

2024-02-03 23:55:08 - [TEST_STEP][PASSED] - FilingYear = findTestData(dataFile).getValue("Year", row): null

2024-02-03 23:55:08 - [TEST_STEP][PASSED] - if (ExecuteTC.equalsIgnoreCase("Y")): pages.WriteExcel.demoKey is PASSED

2024-02-03 23:55:08 - [TEST_STEP][PASSED] - out.println("Begin Record Number: " + row): null

2024-02-03 23:55:08 - [TEST_STEP][PASSED] - today = new java.util.Date(): null

2024-02-03 23:55:08 - [TEST_STEP][PASSED] - println(today): null

2024-02-03 23:55:08 - [TEST_STEP][PASSED] - datText = today: null

2024-02-03 23:55:08 - [TEST_STEP][PASSED] - logInfo("Payment Type: " + PaymentType): Payment Type: New Tax Return Amount Due

2024-02-03 23:55:08 - [MESSAGE][INFO] - Payment Type: New Tax Return Amount Due

2024-02-03 23:55:08 - [TEST_STEP][PASSED] - logInfo("Tax Type: " + TaxType): Tax Type: Personal Income Tax

2024-02-03 23:55:08 - [MESSAGE][INFO] - Tax Type: Personal Income Tax

2024-02-03 23:55:08 - [TEST_STEP][PASSED] - openBrowser(""): Browser is opened with url: ''

2024-02-03 23:55:08 - [MESSAGE][WARNING] - A browser is already opened. Closing browser and opening a new one

2024-02-03 23:55:09 - [MESSAGE][INFO] - Starting 'Chrome' driver

2024-02-03 23:55:09 - [MESSAGE][INFO] - User set preference: ['acceptInsecureCerts', 'true']

2024-02-03 23:55:09 - [MESSAGE][INFO] - Action delay is set to 0 milliseconds

2024-02-03 23:55:11 - [MESSAGE][PASSED] - Browser is opened with url: ''

2024-02-03 23:55:11 - [TEST_STEP][PASSED] - maximizeWindow(): Current window maximized

2024-02-03 23:55:11 - [MESSAGE][PASSED] - Current window maximized

2024-02-03 23:55:11 - [TEST_STEP][PASSED] - navigateToUrl(RADurl): Navigate to 'https://qa2.velocitypayment.com/client/rad/index.html' successfully

2024-02-03 23:55:11 - [MESSAGE][PASSED] - Navigate to 'https://qa2.velocitypayment.com/client/rad/index.html' successfully

2024-02-03 23:55:11 - [TEST_STEP][PASSED] - selectOptionByLabel(findTestObject(orPath_Landing + "/dd_TaxType"), PaymentType, false): All options with label 'New Tax Return Amount Due' are selected in object 'Object Repository/RAD_Pages/Landing_Page/dd_TaxType' 

2024-02-03 23:55:14 - [MESSAGE][PASSED] - All options with label 'New Tax Return Amount Due' are selected in object 'Object Repository/RAD_Pages/Landing_Page/dd_TaxType' 

2024-02-03 23:55:14 - [TEST_STEP][PASSED] - switch (PaymentType): null

2024-02-03 23:55:14 - [TEST_STEP][PASSED] - case "New Tax Return Amount Due":: null

2024-02-03 23:55:14 - [TEST_STEP][PASSED] - selectOptionByLabel(findTestObject("Object Repository/RAD_Pages/Landing_Page/select_NewTaxReturnAmountDue_TaxType"), TaxType, false): All options with label 'Personal Income Tax' are selected in object 'Object Repository/RAD_Pages/Landing_Page/select_NewTaxReturnAmountDue_TaxType' 

2024-02-03 23:55:14 - [MESSAGE][PASSED] - All options with label 'Personal Income Tax' are selected in object 'Object Repository/RAD_Pages/Landing_Page/select_NewTaxReturnAmountDue_TaxType' 

2024-02-03 23:55:14 - [TEST_STEP][PASSED] - break: null

2024-02-03 23:55:14 - [TEST_STEP][PASSED] - if (!(FilingYear.isEmpty())): All options with label '2023' are selected in object 'Object Repository/RAD_Pages/TaxTypeFilingYear_Page/select_FilingYear' 

2024-02-03 23:55:14 - [TEST_STEP][PASSED] - selectOptionByLabel(findTestObject(orPath_TaxTypeFilingYear + "/select_FilingYear"), FilingYear, false): All options with label '2023' are selected in object 'Object Repository/RAD_Pages/TaxTypeFilingYear_Page/select_FilingYear' 

2024-02-03 23:55:15 - [MESSAGE][PASSED] - All options with label '2023' are selected in object 'Object Repository/RAD_Pages/TaxTypeFilingYear_Page/select_FilingYear' 

2024-02-03 23:55:15 - [TEST_STEP][PASSED] - setText(findTestObject(orPath_TaxPayer + "/input_firstName"), " "): Text ' ' is set on object 'Object Repository/RAD_Pages/Taxpayer_Page/input_firstName'

2024-02-03 23:55:16 - [MESSAGE][PASSED] - Text ' ' is set on object 'Object Repository/RAD_Pages/Taxpayer_Page/input_firstName'

2024-02-03 23:55:16 - [TEST_STEP][PASSED] - setText(findTestObject(orPath_TaxPayer + "/input_lastName"), " "): Text ' ' is set on object 'Object Repository/RAD_Pages/Taxpayer_Page/input_lastName'

2024-02-03 23:55:17 - [MESSAGE][PASSED] - Text ' ' is set on object 'Object Repository/RAD_Pages/Taxpayer_Page/input_lastName'

2024-02-03 23:55:17 - [TEST_STEP][PASSED] - if (TaxType.equalsIgnoreCase("Estate Tax")): null

2024-02-03 23:55:17 - [TEST_STEP][PASSED] - else: Text ' ' is set on object 'Object Repository/RAD_RecordAndPlay/input_concatReSSN'

2024-02-03 23:55:17 - [TEST_STEP][PASSED] - setText(findTestObject("RAD_RecordAndPlay/input_concatSSN"), " "): Text ' ' is set on object 'Object Repository/RAD_RecordAndPlay/input_concatSSN'

2024-02-03 23:55:17 - [MESSAGE][PASSED] - Text ' ' is set on object 'Object Repository/RAD_RecordAndPlay/input_concatSSN'

2024-02-03 23:55:17 - [TEST_STEP][PASSED] - setText(findTestObject("RAD_RecordAndPlay/input_concatReSSN"), " "): Text ' ' is set on object 'Object Repository/RAD_RecordAndPlay/input_concatReSSN'

2024-02-03 23:55:18 - [MESSAGE][PASSED] - Text ' ' is set on object 'Object Repository/RAD_RecordAndPlay/input_concatReSSN'

2024-02-03 23:55:18 - [TEST_STEP][PASSED] - setText(findTestObject(orPath_AddressContact + "/input_streetAddress1"), " "): Text ' ' is set on object 'Object Repository/RAD_Pages/AddressAndContactInfo_Page/input_streetAddress1'

2024-02-03 23:55:19 - [MESSAGE][PASSED] - Text ' ' is set on object 'Object Repository/RAD_Pages/AddressAndContactInfo_Page/input_streetAddress1'

2024-02-03 23:55:19 - [TEST_STEP][PASSED] - setText(findTestObject(orPath_AddressContact + "/input_city"), " "): Text ' ' is set on object 'Object Repository/RAD_Pages/AddressAndContactInfo_Page/input_city'

2024-02-03 23:55:19 - [MESSAGE][PASSED] - Text ' ' is set on object 'Object Repository/RAD_Pages/AddressAndContactInfo_Page/input_city'

2024-02-03 23:55:19 - [TEST_STEP][PASSED] - setText(findTestObject(orPath_AddressContact + "/input_zipCode"), " "): Text ' ' is set on object 'Object Repository/RAD_Pages/AddressAndContactInfo_Page/input_zipCode'

2024-02-03 23:55:20 - [MESSAGE][PASSED] - Text ' ' is set on object 'Object Repository/RAD_Pages/AddressAndContactInfo_Page/input_zipCode'

2024-02-03 23:55:20 - [TEST_STEP][PASSED] - setText(findTestObject(orPath_AddressContact + "/input_phoneNumber"), " "): Text ' ' is set on object 'Object Repository/RAD_Pages/AddressAndContactInfo_Page/input_phoneNumber'

2024-02-03 23:55:21 - [MESSAGE][PASSED] - Text ' ' is set on object 'Object Repository/RAD_Pages/AddressAndContactInfo_Page/input_phoneNumber'

2024-02-03 23:55:21 - [TEST_STEP][PASSED] - setText(findTestObject(orPath_AddressContact + "/input_eMailAddress"), " "): Text ' ' is set on object 'Object Repository/RAD_Pages/AddressAndContactInfo_Page/input_eMailAddress'

2024-02-03 23:55:22 - [MESSAGE][PASSED] - Text ' ' is set on object 'Object Repository/RAD_Pages/AddressAndContactInfo_Page/input_eMailAddress'

2024-02-03 23:55:22 - [TEST_STEP][PASSED] - setText(findTestObject(orPath_AddressContact + "/input_reEnterEMailAddress"), " "): Text ' ' is set on object 'Object Repository/RAD_Pages/AddressAndContactInfo_Page/input_reEnterEMailAddress'

2024-02-03 23:55:22 - [MESSAGE][PASSED] - Text ' ' is set on object 'Object Repository/RAD_Pages/AddressAndContactInfo_Page/input_reEnterEMailAddress'

2024-02-03 23:55:22 - [TEST_STEP][PASSED] - resText = "Fail": null

2024-02-03 23:55:22 - [TEST_STEP][PASSED] - pages.WriteExcel.demoKey(resText, datText, resColumn, datCloumn, fileLoc, nameSheet, row): pages.WriteExcel.demoKey is PASSED

2024-02-03 23:55:23 - [MESSAGE][PASSED] - pages.WriteExcel.demoKey is PASSED

2024-02-03 23:55:23 - [TEST_STEP][PASSED] - verifyTextPresent("Enter first name", true, CONTINUE_ON_FAILURE): Text 'Enter first name' is present on page  using regular expression

2024-02-03 23:55:23 - [MESSAGE][PASSED] - Text 'Enter first name' is present on page  using regular expression

2024-02-03 23:55:23 - [TEST_STEP][PASSED] - verifyTextPresent("Enter last name", true, CONTINUE_ON_FAILURE): Text 'Enter last name' is present on page  using regular expression

2024-02-03 23:55:24 - [MESSAGE][PASSED] - Text 'Enter last name' is present on page  using regular expression

2024-02-03 23:55:24 - [TEST_STEP][PASSED] - verifyTextPresent("Enter address", true, CONTINUE_ON_FAILURE): Text 'Enter address' is present on page  using regular expression

2024-02-03 23:55:24 - [MESSAGE][PASSED] - Text 'Enter address' is present on page  using regular expression

2024-02-03 23:55:24 - [TEST_STEP][PASSED] - verifyTextPresent("Enter city", true, CONTINUE_ON_FAILURE): Text 'Enter city' is present on page  using regular expression

2024-02-03 23:55:24 - [MESSAGE][PASSED] - Text 'Enter city' is present on page  using regular expression

2024-02-03 23:55:24 - [TEST_STEP][PASSED] - verifyTextPresent("Enter ZIP code", true, CONTINUE_ON_FAILURE): Text 'Enter ZIP code' is present on page  using regular expression

2024-02-03 23:55:25 - [MESSAGE][PASSED] - Text 'Enter ZIP code' is present on page  using regular expression

2024-02-03 23:55:25 - [TEST_STEP][PASSED] - verifyTextPresent("Enter a valid phone number", true, CONTINUE_ON_FAILURE): Text 'Enter a valid phone number' is present on page  using regular expression

2024-02-03 23:55:25 - [MESSAGE][PASSED] - Text 'Enter a valid phone number' is present on page  using regular expression

2024-02-03 23:55:25 - [TEST_STEP][PASSED] - verifyTextPresent("Enter Email", true, CONTINUE_ON_FAILURE): Text 'Enter Email' is present on page  using regular expression

2024-02-03 23:55:25 - [MESSAGE][PASSED] - Text 'Enter Email' is present on page  using regular expression

2024-02-03 23:55:25 - [TEST_STEP][PASSED] - if (TaxType.equalsIgnoreCase("Estate Tax")): null

2024-02-03 23:55:25 - [TEST_STEP][PASSED] - else: Text 'Re-type SSN Validation Error' is present on page  using regular expression

2024-02-03 23:55:25 - [TEST_STEP][PASSED] - verifyTextPresent("Please enter a valid SSN with 9 digits", true, CONTINUE_ON_FAILURE): Text 'Please enter a valid SSN with 9 digits' is present on page  using regular expression

2024-02-03 23:55:26 - [MESSAGE][PASSED] - Text 'Please enter a valid SSN with 9 digits' is present on page  using regular expression

2024-02-03 23:55:26 - [TEST_STEP][PASSED] - verifyTextPresent("Re-type SSN Validation Error", true, CONTINUE_ON_FAILURE): Text 'Re-type SSN Validation Error' is present on page  using regular expression

2024-02-03 23:55:26 - [MESSAGE][PASSED] - Text 'Re-type SSN Validation Error' is present on page  using regular expression

2024-02-03 23:55:26 - [TEST_STEP][PASSED] - resText = "Pass": null

2024-02-03 23:55:26 - [TEST_STEP][PASSED] - pages.WriteExcel.demoKey(resText, datText, resColumn, datCloumn, fileLoc, nameSheet, row): pages.WriteExcel.demoKey is PASSED

2024-02-03 23:55:26 - [MESSAGE][PASSED] - pages.WriteExcel.demoKey is PASSED

2024-02-03 23:55:26 - [TEST_STEP][PASSED] - ExecuteTC = findTestData(dataFile).getValue("Execute", row): null

2024-02-03 23:55:26 - [TEST_STEP][PASSED] - TaxType = findTestData(dataFile).getValue("TaxType", row): null

2024-02-03 23:55:26 - [TEST_STEP][PASSED] - PaymentType = findTestData(dataFile).getValue("PaymentType", row): null

2024-02-03 23:55:26 - [TEST_STEP][PASSED] - FilingYear = findTestData(dataFile).getValue("Year", row): null

2024-02-03 23:55:27 - [TEST_STEP][PASSED] - if (ExecuteTC.equalsIgnoreCase("Y")): pages.WriteExcel.demoKey is PASSED

2024-02-03 23:55:27 - [TEST_STEP][PASSED] - out.println("Begin Record Number: " + row): null

2024-02-03 23:55:27 - [TEST_STEP][PASSED] - today = new java.util.Date(): null

2024-02-03 23:55:27 - [TEST_STEP][PASSED] - println(today): null

2024-02-03 23:55:27 - [TEST_STEP][PASSED] - datText = today: null

2024-02-03 23:55:27 - [TEST_STEP][PASSED] - logInfo("Payment Type: " + PaymentType): Payment Type: New Tax Return Amount Due

2024-02-03 23:55:27 - [MESSAGE][INFO] - Payment Type: New Tax Return Amount Due

2024-02-03 23:55:27 - [TEST_STEP][PASSED] - logInfo("Tax Type: " + TaxType): Tax Type: Personal Income Tax

2024-02-03 23:55:27 - [MESSAGE][INFO] - Tax Type: Personal Income Tax

2024-02-03 23:55:27 - [TEST_STEP][PASSED] - openBrowser(""): Browser is opened with url: ''

2024-02-03 23:55:27 - [MESSAGE][WARNING] - A browser is already opened. Closing browser and opening a new one

2024-02-03 23:55:28 - [MESSAGE][INFO] - Starting 'Chrome' driver

2024-02-03 23:55:28 - [MESSAGE][INFO] - User set preference: ['acceptInsecureCerts', 'true']

2024-02-03 23:55:28 - [MESSAGE][INFO] - Action delay is set to 0 milliseconds

2024-02-03 23:55:30 - [MESSAGE][PASSED] - Browser is opened with url: ''

2024-02-03 23:55:30 - [TEST_STEP][PASSED] - maximizeWindow(): Current window maximized

2024-02-03 23:55:30 - [MESSAGE][PASSED] - Current window maximized

2024-02-03 23:55:30 - [TEST_STEP][PASSED] - navigateToUrl(RADurl): Navigate to 'https://qa2.velocitypayment.com/client/rad/index.html' successfully

2024-02-03 23:55:32 - [MESSAGE][PASSED] - Navigate to 'https://qa2.velocitypayment.com/client/rad/index.html' successfully

2024-02-03 23:55:32 - [TEST_STEP][PASSED] - selectOptionByLabel(findTestObject(orPath_Landing + "/dd_TaxType"), PaymentType, false): All options with label 'New Tax Return Amount Due' are selected in object 'Object Repository/RAD_Pages/Landing_Page/dd_TaxType' 

2024-02-03 23:55:33 - [MESSAGE][PASSED] - All options with label 'New Tax Return Amount Due' are selected in object 'Object Repository/RAD_Pages/Landing_Page/dd_TaxType' 

2024-02-03 23:55:33 - [TEST_STEP][PASSED] - switch (PaymentType): null

2024-02-03 23:55:33 - [TEST_STEP][PASSED] - case "New Tax Return Amount Due":: null

2024-02-03 23:55:33 - [TEST_STEP][PASSED] - selectOptionByLabel(findTestObject("Object Repository/RAD_Pages/Landing_Page/select_NewTaxReturnAmountDue_TaxType"), TaxType, false): All options with label 'Personal Income Tax' are selected in object 'Object Repository/RAD_Pages/Landing_Page/select_NewTaxReturnAmountDue_TaxType' 

2024-02-03 23:55:34 - [MESSAGE][PASSED] - All options with label 'Personal Income Tax' are selected in object 'Object Repository/RAD_Pages/Landing_Page/select_NewTaxReturnAmountDue_TaxType' 

2024-02-03 23:55:34 - [TEST_STEP][PASSED] - break: null

2024-02-03 23:55:34 - [TEST_STEP][PASSED] - if (!(FilingYear.isEmpty())): All options with label '2022' are selected in object 'Object Repository/RAD_Pages/TaxTypeFilingYear_Page/select_FilingYear' 

2024-02-03 23:55:34 - [TEST_STEP][PASSED] - selectOptionByLabel(findTestObject(orPath_TaxTypeFilingYear + "/select_FilingYear"), FilingYear, false): All options with label '2022' are selected in object 'Object Repository/RAD_Pages/TaxTypeFilingYear_Page/select_FilingYear' 

2024-02-03 23:55:34 - [MESSAGE][PASSED] - All options with label '2022' are selected in object 'Object Repository/RAD_Pages/TaxTypeFilingYear_Page/select_FilingYear' 

2024-02-03 23:55:34 - [TEST_STEP][PASSED] - setText(findTestObject(orPath_TaxPayer + "/input_firstName"), " "): Text ' ' is set on object 'Object Repository/RAD_Pages/Taxpayer_Page/input_firstName'

2024-02-03 23:55:35 - [MESSAGE][PASSED] - Text ' ' is set on object 'Object Repository/RAD_Pages/Taxpayer_Page/input_firstName'

2024-02-03 23:55:35 - [TEST_STEP][PASSED] - setText(findTestObject(orPath_TaxPayer + "/input_lastName"), " "): Text ' ' is set on object 'Object Repository/RAD_Pages/Taxpayer_Page/input_lastName'

2024-02-03 23:55:36 - [MESSAGE][PASSED] - Text ' ' is set on object 'Object Repository/RAD_Pages/Taxpayer_Page/input_lastName'

2024-02-03 23:55:36 - [TEST_STEP][PASSED] - if (TaxType.equalsIgnoreCase("Estate Tax")): null

2024-02-03 23:55:36 - [TEST_STEP][PASSED] - else: Text ' ' is set on object 'Object Repository/RAD_RecordAndPlay/input_concatReSSN'

2024-02-03 23:55:36 - [TEST_STEP][PASSED] - setText(findTestObject("RAD_RecordAndPlay/input_concatSSN"), " "): Text ' ' is set on object 'Object Repository/RAD_RecordAndPlay/input_concatSSN'

2024-02-03 23:55:36 - [MESSAGE][PASSED] - Text ' ' is set on object 'Object Repository/RAD_RecordAndPlay/input_concatSSN'

2024-02-03 23:55:36 - [TEST_STEP][PASSED] - setText(findTestObject("RAD_RecordAndPlay/input_concatReSSN"), " "): Text ' ' is set on object 'Object Repository/RAD_RecordAndPlay/input_concatReSSN'

2024-02-03 23:55:37 - [MESSAGE][PASSED] - Text ' ' is set on object 'Object Repository/RAD_RecordAndPlay/input_concatReSSN'

2024-02-03 23:55:37 - [TEST_STEP][PASSED] - setText(findTestObject(orPath_AddressContact + "/input_streetAddress1"), " "): Text ' ' is set on object 'Object Repository/RAD_Pages/AddressAndContactInfo_Page/input_streetAddress1'

2024-02-03 23:55:38 - [MESSAGE][PASSED] - Text ' ' is set on object 'Object Repository/RAD_Pages/AddressAndContactInfo_Page/input_streetAddress1'

2024-02-03 23:55:38 - [TEST_STEP][PASSED] - setText(findTestObject(orPath_AddressContact + "/input_city"), " "): Text ' ' is set on object 'Object Repository/RAD_Pages/AddressAndContactInfo_Page/input_city'

2024-02-03 23:55:38 - [MESSAGE][PASSED] - Text ' ' is set on object 'Object Repository/RAD_Pages/AddressAndContactInfo_Page/input_city'

2024-02-03 23:55:38 - [TEST_STEP][PASSED] - setText(findTestObject(orPath_AddressContact + "/input_zipCode"), " "): Text ' ' is set on object 'Object Repository/RAD_Pages/AddressAndContactInfo_Page/input_zipCode'

2024-02-03 23:55:39 - [MESSAGE][PASSED] - Text ' ' is set on object 'Object Repository/RAD_Pages/AddressAndContactInfo_Page/input_zipCode'

2024-02-03 23:55:39 - [TEST_STEP][PASSED] - setText(findTestObject(orPath_AddressContact + "/input_phoneNumber"), " "): Text ' ' is set on object 'Object Repository/RAD_Pages/AddressAndContactInfo_Page/input_phoneNumber'

2024-02-03 23:55:40 - [MESSAGE][PASSED] - Text ' ' is set on object 'Object Repository/RAD_Pages/AddressAndContactInfo_Page/input_phoneNumber'

2024-02-03 23:55:40 - [TEST_STEP][PASSED] - setText(findTestObject(orPath_AddressContact + "/input_eMailAddress"), " "): Text ' ' is set on object 'Object Repository/RAD_Pages/AddressAndContactInfo_Page/input_eMailAddress'

2024-02-03 23:55:41 - [MESSAGE][PASSED] - Text ' ' is set on object 'Object Repository/RAD_Pages/AddressAndContactInfo_Page/input_eMailAddress'

2024-02-03 23:55:41 - [TEST_STEP][PASSED] - setText(findTestObject(orPath_AddressContact + "/input_reEnterEMailAddress"), " "): Text ' ' is set on object 'Object Repository/RAD_Pages/AddressAndContactInfo_Page/input_reEnterEMailAddress'

2024-02-03 23:55:42 - [MESSAGE][PASSED] - Text ' ' is set on object 'Object Repository/RAD_Pages/AddressAndContactInfo_Page/input_reEnterEMailAddress'

2024-02-03 23:55:42 - [TEST_STEP][PASSED] - resText = "Fail": null

2024-02-03 23:55:42 - [TEST_STEP][PASSED] - pages.WriteExcel.demoKey(resText, datText, resColumn, datCloumn, fileLoc, nameSheet, row): pages.WriteExcel.demoKey is PASSED

2024-02-03 23:55:42 - [MESSAGE][PASSED] - pages.WriteExcel.demoKey is PASSED

2024-02-03 23:55:42 - [TEST_STEP][PASSED] - verifyTextPresent("Enter first name", true, CONTINUE_ON_FAILURE): Text 'Enter first name' is present on page  using regular expression

2024-02-03 23:55:43 - [MESSAGE][PASSED] - Text 'Enter first name' is present on page  using regular expression

2024-02-03 23:55:43 - [TEST_STEP][PASSED] - verifyTextPresent("Enter last name", true, CONTINUE_ON_FAILURE): Text 'Enter last name' is present on page  using regular expression

2024-02-03 23:55:43 - [MESSAGE][PASSED] - Text 'Enter last name' is present on page  using regular expression

2024-02-03 23:55:43 - [TEST_STEP][PASSED] - verifyTextPresent("Enter address", true, CONTINUE_ON_FAILURE): Text 'Enter address' is present on page  using regular expression

2024-02-03 23:55:43 - [MESSAGE][PASSED] - Text 'Enter address' is present on page  using regular expression

2024-02-03 23:55:43 - [TEST_STEP][PASSED] - verifyTextPresent("Enter city", true, CONTINUE_ON_FAILURE): Text 'Enter city' is present on page  using regular expression

2024-02-03 23:55:44 - [MESSAGE][PASSED] - Text 'Enter city' is present on page  using regular expression

2024-02-03 23:55:44 - [TEST_STEP][PASSED] - verifyTextPresent("Enter ZIP code", true, CONTINUE_ON_FAILURE): Text 'Enter ZIP code' is present on page  using regular expression

2024-02-03 23:55:44 - [MESSAGE][PASSED] - Text 'Enter ZIP code' is present on page  using regular expression

2024-02-03 23:55:44 - [TEST_STEP][PASSED] - verifyTextPresent("Enter a valid phone number", true, CONTINUE_ON_FAILURE): Text 'Enter a valid phone number' is present on page  using regular expression

2024-02-03 23:55:45 - [MESSAGE][PASSED] - Text 'Enter a valid phone number' is present on page  using regular expression

2024-02-03 23:55:45 - [TEST_STEP][PASSED] - verifyTextPresent("Enter Email", true, CONTINUE_ON_FAILURE): Text 'Enter Email' is present on page  using regular expression

2024-02-03 23:55:45 - [MESSAGE][PASSED] - Text 'Enter Email' is present on page  using regular expression

2024-02-03 23:55:45 - [TEST_STEP][PASSED] - if (TaxType.equalsIgnoreCase("Estate Tax")): null

2024-02-03 23:55:45 - [TEST_STEP][PASSED] - else: Text 'Re-type SSN Validation Error' is present on page  using regular expression

2024-02-03 23:55:45 - [TEST_STEP][PASSED] - verifyTextPresent("Please enter a valid SSN with 9 digits", true, CONTINUE_ON_FAILURE): Text 'Please enter a valid SSN with 9 digits' is present on page  using regular expression

2024-02-03 23:55:45 - [MESSAGE][PASSED] - Text 'Please enter a valid SSN with 9 digits' is present on page  using regular expression

2024-02-03 23:55:45 - [TEST_STEP][PASSED] - verifyTextPresent("Re-type SSN Validation Error", true, CONTINUE_ON_FAILURE): Text 'Re-type SSN Validation Error' is present on page  using regular expression

2024-02-03 23:55:46 - [MESSAGE][PASSED] - Text 'Re-type SSN Validation Error' is present on page  using regular expression

2024-02-03 23:55:46 - [TEST_STEP][PASSED] - resText = "Pass": null

2024-02-03 23:55:46 - [TEST_STEP][PASSED] - pages.WriteExcel.demoKey(resText, datText, resColumn, datCloumn, fileLoc, nameSheet, row): pages.WriteExcel.demoKey is PASSED

2024-02-03 23:55:46 - [MESSAGE][PASSED] - pages.WriteExcel.demoKey is PASSED

2024-02-03 23:55:46 - [TEST_STEP][PASSED] - ExecuteTC = findTestData(dataFile).getValue("Execute", row): null

2024-02-03 23:55:46 - [TEST_STEP][PASSED] - TaxType = findTestData(dataFile).getValue("TaxType", row): null

2024-02-03 23:55:46 - [TEST_STEP][PASSED] - PaymentType = findTestData(dataFile).getValue("PaymentType", row): null

2024-02-03 23:55:46 - [TEST_STEP][PASSED] - FilingYear = findTestData(dataFile).getValue("Year", row): null

2024-02-03 23:55:46 - [TEST_STEP][PASSED] - if (ExecuteTC.equalsIgnoreCase("Y")): pages.WriteExcel.demoKey is PASSED

2024-02-03 23:55:46 - [TEST_STEP][PASSED] - out.println("Begin Record Number: " + row): null

2024-02-03 23:55:46 - [TEST_STEP][PASSED] - today = new java.util.Date(): null

2024-02-03 23:55:46 - [TEST_STEP][PASSED] - println(today): null

2024-02-03 23:55:46 - [TEST_STEP][PASSED] - datText = today: null

2024-02-03 23:55:46 - [TEST_STEP][PASSED] - logInfo("Payment Type: " + PaymentType): Payment Type: New Tax Return Amount Due

2024-02-03 23:55:46 - [MESSAGE][INFO] - Payment Type: New Tax Return Amount Due

2024-02-03 23:55:46 - [TEST_STEP][PASSED] - logInfo("Tax Type: " + TaxType): Tax Type: Personal Income Tax

2024-02-03 23:55:46 - [MESSAGE][INFO] - Tax Type: Personal Income Tax

2024-02-03 23:55:46 - [TEST_STEP][PASSED] - openBrowser(""): Browser is opened with url: ''

2024-02-03 23:55:46 - [MESSAGE][WARNING] - A browser is already opened. Closing browser and opening a new one

2024-02-03 23:55:48 - [MESSAGE][INFO] - Starting 'Chrome' driver

2024-02-03 23:55:48 - [MESSAGE][INFO] - User set preference: ['acceptInsecureCerts', 'true']

2024-02-03 23:55:48 - [MESSAGE][INFO] - Action delay is set to 0 milliseconds

2024-02-03 23:55:50 - [MESSAGE][PASSED] - Browser is opened with url: ''

2024-02-03 23:55:50 - [TEST_STEP][PASSED] - maximizeWindow(): Current window maximized

2024-02-03 23:55:50 - [MESSAGE][PASSED] - Current window maximized

2024-02-03 23:55:50 - [TEST_STEP][PASSED] - navigateToUrl(RADurl): Navigate to 'https://qa2.velocitypayment.com/client/rad/index.html' successfully

2024-02-03 23:55:50 - [MESSAGE][PASSED] - Navigate to 'https://qa2.velocitypayment.com/client/rad/index.html' successfully

2024-02-03 23:55:50 - [TEST_STEP][PASSED] - selectOptionByLabel(findTestObject(orPath_Landing + "/dd_TaxType"), PaymentType, false): All options with label 'New Tax Return Amount Due' are selected in object 'Object Repository/RAD_Pages/Landing_Page/dd_TaxType' 

2024-02-03 23:55:53 - [MESSAGE][PASSED] - All options with label 'New Tax Return Amount Due' are selected in object 'Object Repository/RAD_Pages/Landing_Page/dd_TaxType' 

2024-02-03 23:55:53 - [TEST_STEP][PASSED] - switch (PaymentType): null

2024-02-03 23:55:53 - [TEST_STEP][PASSED] - case "New Tax Return Amount Due":: null

2024-02-03 23:55:53 - [TEST_STEP][PASSED] - selectOptionByLabel(findTestObject("Object Repository/RAD_Pages/Landing_Page/select_NewTaxReturnAmountDue_TaxType"), TaxType, false): All options with label 'Personal Income Tax' are selected in object 'Object Repository/RAD_Pages/Landing_Page/select_NewTaxReturnAmountDue_TaxType' 

2024-02-03 23:55:54 - [MESSAGE][PASSED] - All options with label 'Personal Income Tax' are selected in object 'Object Repository/RAD_Pages/Landing_Page/select_NewTaxReturnAmountDue_TaxType' 

2024-02-03 23:55:54 - [TEST_STEP][PASSED] - break: null

2024-02-03 23:55:54 - [TEST_STEP][PASSED] - if (!(FilingYear.isEmpty())): All options with label '2021' are selected in object 'Object Repository/RAD_Pages/TaxTypeFilingYear_Page/select_FilingYear' 

2024-02-03 23:55:54 - [TEST_STEP][PASSED] - selectOptionByLabel(findTestObject(orPath_TaxTypeFilingYear + "/select_FilingYear"), FilingYear, false): All options with label '2021' are selected in object 'Object Repository/RAD_Pages/TaxTypeFilingYear_Page/select_FilingYear' 

2024-02-03 23:55:54 - [MESSAGE][PASSED] - All options with label '2021' are selected in object 'Object Repository/RAD_Pages/TaxTypeFilingYear_Page/select_FilingYear' 

2024-02-03 23:55:54 - [TEST_STEP][PASSED] - setText(findTestObject(orPath_TaxPayer + "/input_firstName"), " "): Text ' ' is set on object 'Object Repository/RAD_Pages/Taxpayer_Page/input_firstName'

2024-02-03 23:55:55 - [MESSAGE][PASSED] - Text ' ' is set on object 'Object Repository/RAD_Pages/Taxpayer_Page/input_firstName'

2024-02-03 23:55:55 - [TEST_STEP][PASSED] - setText(findTestObject(orPath_TaxPayer + "/input_lastName"), " "): Text ' ' is set on object 'Object Repository/RAD_Pages/Taxpayer_Page/input_lastName'

2024-02-03 23:55:56 - [MESSAGE][PASSED] - Text ' ' is set on object 'Object Repository/RAD_Pages/Taxpayer_Page/input_lastName'

2024-02-03 23:55:56 - [TEST_STEP][PASSED] - if (TaxType.equalsIgnoreCase("Estate Tax")): null

2024-02-03 23:55:56 - [TEST_STEP][PASSED] - else: Text ' ' is set on object 'Object Repository/RAD_RecordAndPlay/input_concatReSSN'

2024-02-03 23:55:56 - [TEST_STEP][PASSED] - setText(findTestObject("RAD_RecordAndPlay/input_concatSSN"), " "): Text ' ' is set on object 'Object Repository/RAD_RecordAndPlay/input_concatSSN'

2024-02-03 23:55:57 - [MESSAGE][PASSED] - Text ' ' is set on object 'Object Repository/RAD_RecordAndPlay/input_concatSSN'

2024-02-03 23:55:57 - [TEST_STEP][PASSED] - setText(findTestObject("RAD_RecordAndPlay/input_concatReSSN"), " "): Text ' ' is set on object 'Object Repository/RAD_RecordAndPlay/input_concatReSSN'

2024-02-03 23:55:57 - [MESSAGE][PASSED] - Text ' ' is set on object 'Object Repository/RAD_RecordAndPlay/input_concatReSSN'

2024-02-03 23:55:57 - [TEST_STEP][PASSED] - setText(findTestObject(orPath_AddressContact + "/input_streetAddress1"), " "): Text ' ' is set on object 'Object Repository/RAD_Pages/AddressAndContactInfo_Page/input_streetAddress1'

2024-02-03 23:55:58 - [MESSAGE][PASSED] - Text ' ' is set on object 'Object Repository/RAD_Pages/AddressAndContactInfo_Page/input_streetAddress1'

2024-02-03 23:55:58 - [TEST_STEP][PASSED] - setText(findTestObject(orPath_AddressContact + "/input_city"), " "): Text ' ' is set on object 'Object Repository/RAD_Pages/AddressAndContactInfo_Page/input_city'

2024-02-03 23:55:59 - [MESSAGE][PASSED] - Text ' ' is set on object 'Object Repository/RAD_Pages/AddressAndContactInfo_Page/input_city'

2024-02-03 23:55:59 - [TEST_STEP][PASSED] - setText(findTestObject(orPath_AddressContact + "/input_zipCode"), " "): Text ' ' is set on object 'Object Repository/RAD_Pages/AddressAndContactInfo_Page/input_zipCode'

2024-02-03 23:56:00 - [MESSAGE][PASSED] - Text ' ' is set on object 'Object Repository/RAD_Pages/AddressAndContactInfo_Page/input_zipCode'

2024-02-03 23:56:00 - [TEST_STEP][PASSED] - setText(findTestObject(orPath_AddressContact + "/input_phoneNumber"), " "): Text ' ' is set on object 'Object Repository/RAD_Pages/AddressAndContactInfo_Page/input_phoneNumber'

2024-02-03 23:56:01 - [MESSAGE][PASSED] - Text ' ' is set on object 'Object Repository/RAD_Pages/AddressAndContactInfo_Page/input_phoneNumber'

2024-02-03 23:56:01 - [TEST_STEP][PASSED] - setText(findTestObject(orPath_AddressContact + "/input_eMailAddress"), " "): Text ' ' is set on object 'Object Repository/RAD_Pages/AddressAndContactInfo_Page/input_eMailAddress'

2024-02-03 23:56:01 - [MESSAGE][PASSED] - Text ' ' is set on object 'Object Repository/RAD_Pages/AddressAndContactInfo_Page/input_eMailAddress'

2024-02-03 23:56:01 - [TEST_STEP][PASSED] - setText(findTestObject(orPath_AddressContact + "/input_reEnterEMailAddress"), " "): Text ' ' is set on object 'Object Repository/RAD_Pages/AddressAndContactInfo_Page/input_reEnterEMailAddress'

2024-02-03 23:56:02 - [MESSAGE][PASSED] - Text ' ' is set on object 'Object Repository/RAD_Pages/AddressAndContactInfo_Page/input_reEnterEMailAddress'

2024-02-03 23:56:02 - [TEST_STEP][PASSED] - resText = "Fail": null

2024-02-03 23:56:02 - [TEST_STEP][PASSED] - pages.WriteExcel.demoKey(resText, datText, resColumn, datCloumn, fileLoc, nameSheet, row): pages.WriteExcel.demoKey is PASSED

2024-02-03 23:56:02 - [MESSAGE][PASSED] - pages.WriteExcel.demoKey is PASSED

2024-02-03 23:56:02 - [TEST_STEP][PASSED] - verifyTextPresent("Enter first name", true, CONTINUE_ON_FAILURE): Text 'Enter first name' is present on page  using regular expression

2024-02-03 23:56:03 - [MESSAGE][PASSED] - Text 'Enter first name' is present on page  using regular expression

2024-02-03 23:56:03 - [TEST_STEP][PASSED] - verifyTextPresent("Enter last name", true, CONTINUE_ON_FAILURE): Text 'Enter last name' is present on page  using regular expression

2024-02-03 23:56:03 - [MESSAGE][PASSED] - Text 'Enter last name' is present on page  using regular expression

2024-02-03 23:56:03 - [TEST_STEP][PASSED] - verifyTextPresent("Enter address", true, CONTINUE_ON_FAILURE): Text 'Enter address' is present on page  using regular expression

2024-02-03 23:56:04 - [MESSAGE][PASSED] - Text 'Enter address' is present on page  using regular expression

2024-02-03 23:56:04 - [TEST_STEP][PASSED] - verifyTextPresent("Enter city", true, CONTINUE_ON_FAILURE): Text 'Enter city' is present on page  using regular expression

2024-02-03 23:56:04 - [MESSAGE][PASSED] - Text 'Enter city' is present on page  using regular expression

2024-02-03 23:56:04 - [TEST_STEP][PASSED] - verifyTextPresent("Enter ZIP code", true, CONTINUE_ON_FAILURE): Text 'Enter ZIP code' is present on page  using regular expression

2024-02-03 23:56:04 - [MESSAGE][PASSED] - Text 'Enter ZIP code' is present on page  using regular expression

2024-02-03 23:56:04 - [TEST_STEP][PASSED] - verifyTextPresent("Enter a valid phone number", true, CONTINUE_ON_FAILURE): Text 'Enter a valid phone number' is present on page  using regular expression

2024-02-03 23:56:05 - [MESSAGE][PASSED] - Text 'Enter a valid phone number' is present on page  using regular expression

2024-02-03 23:56:05 - [TEST_STEP][PASSED] - verifyTextPresent("Enter Email", true, CONTINUE_ON_FAILURE): Text 'Enter Email' is present on page  using regular expression

2024-02-03 23:56:05 - [MESSAGE][PASSED] - Text 'Enter Email' is present on page  using regular expression

2024-02-03 23:56:05 - [TEST_STEP][PASSED] - if (TaxType.equalsIgnoreCase("Estate Tax")): null

2024-02-03 23:56:05 - [TEST_STEP][PASSED] - else: Text 'Re-type SSN Validation Error' is present on page  using regular expression

2024-02-03 23:56:05 - [TEST_STEP][PASSED] - verifyTextPresent("Please enter a valid SSN with 9 digits", true, CONTINUE_ON_FAILURE): Text 'Please enter a valid SSN with 9 digits' is present on page  using regular expression

2024-02-03 23:56:06 - [MESSAGE][PASSED] - Text 'Please enter a valid SSN with 9 digits' is present on page  using regular expression

2024-02-03 23:56:06 - [TEST_STEP][PASSED] - verifyTextPresent("Re-type SSN Validation Error", true, CONTINUE_ON_FAILURE): Text 'Re-type SSN Validation Error' is present on page  using regular expression

2024-02-03 23:56:07 - [MESSAGE][PASSED] - Text 'Re-type SSN Validation Error' is present on page  using regular expression

2024-02-03 23:56:07 - [TEST_STEP][PASSED] - resText = "Pass": null

2024-02-03 23:56:07 - [TEST_STEP][PASSED] - pages.WriteExcel.demoKey(resText, datText, resColumn, datCloumn, fileLoc, nameSheet, row): pages.WriteExcel.demoKey is PASSED

2024-02-03 23:56:07 - [MESSAGE][PASSED] - pages.WriteExcel.demoKey is PASSED

2024-02-03 23:56:07 - [TEST_STEP][PASSED] - ExecuteTC = findTestData(dataFile).getValue("Execute", row): null

2024-02-03 23:56:07 - [TEST_STEP][PASSED] - TaxType = findTestData(dataFile).getValue("TaxType", row): null

2024-02-03 23:56:07 - [TEST_STEP][PASSED] - PaymentType = findTestData(dataFile).getValue("PaymentType", row): null

2024-02-03 23:56:07 - [TEST_STEP][PASSED] - FilingYear = findTestData(dataFile).getValue("Year", row): null

2024-02-03 23:56:07 - [TEST_STEP][PASSED] - if (ExecuteTC.equalsIgnoreCase("Y")): pages.WriteExcel.demoKey is PASSED

2024-02-03 23:56:07 - [TEST_STEP][PASSED] - out.println("Begin Record Number: " + row): null

2024-02-03 23:56:07 - [TEST_STEP][PASSED] - today = new java.util.Date(): null

2024-02-03 23:56:07 - [TEST_STEP][PASSED] - println(today): null

2024-02-03 23:56:07 - [TEST_STEP][PASSED] - datText = today: null

2024-02-03 23:56:07 - [TEST_STEP][PASSED] - logInfo("Payment Type: " + PaymentType): Payment Type: New Tax Return Amount Due

2024-02-03 23:56:07 - [MESSAGE][INFO] - Payment Type: New Tax Return Amount Due

2024-02-03 23:56:07 - [TEST_STEP][PASSED] - logInfo("Tax Type: " + TaxType): Tax Type: Estate Tax

2024-02-03 23:56:07 - [MESSAGE][INFO] - Tax Type: Estate Tax

2024-02-03 23:56:07 - [TEST_STEP][PASSED] - openBrowser(""): Browser is opened with url: ''

2024-02-03 23:56:07 - [MESSAGE][WARNING] - A browser is already opened. Closing browser and opening a new one

2024-02-03 23:56:08 - [MESSAGE][INFO] - Starting 'Chrome' driver

2024-02-03 23:56:08 - [MESSAGE][INFO] - User set preference: ['acceptInsecureCerts', 'true']

2024-02-03 23:56:08 - [MESSAGE][INFO] - Action delay is set to 0 milliseconds

2024-02-03 23:56:10 - [MESSAGE][PASSED] - Browser is opened with url: ''

2024-02-03 23:56:10 - [TEST_STEP][PASSED] - maximizeWindow(): Current window maximized

2024-02-03 23:56:10 - [MESSAGE][PASSED] - Current window maximized

2024-02-03 23:56:10 - [TEST_STEP][PASSED] - navigateToUrl(RADurl): Navigate to 'https://qa2.velocitypayment.com/client/rad/index.html' successfully

2024-02-03 23:56:10 - [MESSAGE][PASSED] - Navigate to 'https://qa2.velocitypayment.com/client/rad/index.html' successfully

2024-02-03 23:56:10 - [TEST_STEP][PASSED] - selectOptionByLabel(findTestObject(orPath_Landing + "/dd_TaxType"), PaymentType, false): All options with label 'New Tax Return Amount Due' are selected in object 'Object Repository/RAD_Pages/Landing_Page/dd_TaxType' 

2024-02-03 23:56:13 - [MESSAGE][PASSED] - All options with label 'New Tax Return Amount Due' are selected in object 'Object Repository/RAD_Pages/Landing_Page/dd_TaxType' 

2024-02-03 23:56:13 - [TEST_STEP][PASSED] - switch (PaymentType): null

2024-02-03 23:56:13 - [TEST_STEP][PASSED] - case "New Tax Return Amount Due":: null

2024-02-03 23:56:13 - [TEST_STEP][PASSED] - selectOptionByLabel(findTestObject("Object Repository/RAD_Pages/Landing_Page/select_NewTaxReturnAmountDue_TaxType"), TaxType, false): All options with label 'Estate Tax' are selected in object 'Object Repository/RAD_Pages/Landing_Page/select_NewTaxReturnAmountDue_TaxType' 

2024-02-03 23:56:13 - [MESSAGE][PASSED] - All options with label 'Estate Tax' are selected in object 'Object Repository/RAD_Pages/Landing_Page/select_NewTaxReturnAmountDue_TaxType' 

2024-02-03 23:56:13 - [TEST_STEP][PASSED] - break: null

2024-02-03 23:56:13 - [TEST_STEP][PASSED] - if (!(FilingYear.isEmpty())): All options with label '2023' are selected in object 'Object Repository/RAD_Pages/TaxTypeFilingYear_Page/select_FilingYear' 

2024-02-03 23:56:13 - [TEST_STEP][PASSED] - selectOptionByLabel(findTestObject(orPath_TaxTypeFilingYear + "/select_FilingYear"), FilingYear, false): All options with label '2023' are selected in object 'Object Repository/RAD_Pages/TaxTypeFilingYear_Page/select_FilingYear' 

2024-02-03 23:56:14 - [MESSAGE][PASSED] - All options with label '2023' are selected in object 'Object Repository/RAD_Pages/TaxTypeFilingYear_Page/select_FilingYear' 

2024-02-03 23:56:14 - [TEST_STEP][PASSED] - setText(findTestObject(orPath_TaxPayer + "/input_firstName"), " "): Text ' ' is set on object 'Object Repository/RAD_Pages/Taxpayer_Page/input_firstName'

2024-02-03 23:56:15 - [MESSAGE][PASSED] - Text ' ' is set on object 'Object Repository/RAD_Pages/Taxpayer_Page/input_firstName'

2024-02-03 23:56:15 - [TEST_STEP][PASSED] - setText(findTestObject(orPath_TaxPayer + "/input_lastName"), " "): Text ' ' is set on object 'Object Repository/RAD_Pages/Taxpayer_Page/input_lastName'

2024-02-03 23:56:16 - [MESSAGE][PASSED] - Text ' ' is set on object 'Object Repository/RAD_Pages/Taxpayer_Page/input_lastName'

2024-02-03 23:56:16 - [TEST_STEP][PASSED] - if (TaxType.equalsIgnoreCase("Estate Tax")): Text ' ' is set on object 'Object Repository/RAD_Pages/Taxpayer_Page/input_NewTax_ReTypeDecedentSSN'

2024-02-03 23:56:16 - [TEST_STEP][PASSED] - setText(findTestObject(orPath_TaxPayer + "/input_NewTax_DecedentSSN"), " "): Text ' ' is set on object 'Object Repository/RAD_Pages/Taxpayer_Page/input_NewTax_DecedentSSN'

2024-02-03 23:56:16 - [MESSAGE][PASSED] - Text ' ' is set on object 'Object Repository/RAD_Pages/Taxpayer_Page/input_NewTax_DecedentSSN'

2024-02-03 23:56:16 - [TEST_STEP][PASSED] - setText(findTestObject(orPath_TaxPayer + "/input_NewTax_ReTypeDecedentSSN"), " "): Text ' ' is set on object 'Object Repository/RAD_Pages/Taxpayer_Page/input_NewTax_ReTypeDecedentSSN'

2024-02-03 23:56:17 - [MESSAGE][PASSED] - Text ' ' is set on object 'Object Repository/RAD_Pages/Taxpayer_Page/input_NewTax_ReTypeDecedentSSN'

2024-02-03 23:56:17 - [TEST_STEP][PASSED] - setText(findTestObject(orPath_AddressContact + "/input_streetAddress1"), " "): Text ' ' is set on object 'Object Repository/RAD_Pages/AddressAndContactInfo_Page/input_streetAddress1'

2024-02-03 23:56:18 - [MESSAGE][PASSED] - Text ' ' is set on object 'Object Repository/RAD_Pages/AddressAndContactInfo_Page/input_streetAddress1'

2024-02-03 23:56:18 - [TEST_STEP][PASSED] - setText(findTestObject(orPath_AddressContact + "/input_city"), " "): Text ' ' is set on object 'Object Repository/RAD_Pages/AddressAndContactInfo_Page/input_city'

2024-02-03 23:56:18 - [MESSAGE][PASSED] - Text ' ' is set on object 'Object Repository/RAD_Pages/AddressAndContactInfo_Page/input_city'

2024-02-03 23:56:18 - [TEST_STEP][PASSED] - setText(findTestObject(orPath_AddressContact + "/input_zipCode"), " "): Text ' ' is set on object 'Object Repository/RAD_Pages/AddressAndContactInfo_Page/input_zipCode'

2024-02-03 23:56:19 - [MESSAGE][PASSED] - Text ' ' is set on object 'Object Repository/RAD_Pages/AddressAndContactInfo_Page/input_zipCode'

2024-02-03 23:56:19 - [TEST_STEP][PASSED] - setText(findTestObject(orPath_AddressContact + "/input_phoneNumber"), " "): Text ' ' is set on object 'Object Repository/RAD_Pages/AddressAndContactInfo_Page/input_phoneNumber'

2024-02-03 23:56:20 - [MESSAGE][PASSED] - Text ' ' is set on object 'Object Repository/RAD_Pages/AddressAndContactInfo_Page/input_phoneNumber'

2024-02-03 23:56:20 - [TEST_STEP][PASSED] - setText(findTestObject(orPath_AddressContact + "/input_eMailAddress"), " "): Text ' ' is set on object 'Object Repository/RAD_Pages/AddressAndContactInfo_Page/input_eMailAddress'

2024-02-03 23:56:21 - [MESSAGE][PASSED] - Text ' ' is set on object 'Object Repository/RAD_Pages/AddressAndContactInfo_Page/input_eMailAddress'

2024-02-03 23:56:21 - [TEST_STEP][PASSED] - setText(findTestObject(orPath_AddressContact + "/input_reEnterEMailAddress"), " "): Text ' ' is set on object 'Object Repository/RAD_Pages/AddressAndContactInfo_Page/input_reEnterEMailAddress'

2024-02-03 23:56:22 - [MESSAGE][PASSED] - Text ' ' is set on object 'Object Repository/RAD_Pages/AddressAndContactInfo_Page/input_reEnterEMailAddress'

2024-02-03 23:56:22 - [TEST_STEP][PASSED] - resText = "Fail": null

2024-02-03 23:56:22 - [TEST_STEP][PASSED] - pages.WriteExcel.demoKey(resText, datText, resColumn, datCloumn, fileLoc, nameSheet, row): pages.WriteExcel.demoKey is PASSED

2024-02-03 23:56:22 - [MESSAGE][PASSED] - pages.WriteExcel.demoKey is PASSED

2024-02-03 23:56:22 - [TEST_STEP][PASSED] - verifyTextPresent("Enter first name", true, CONTINUE_ON_FAILURE): Text 'Enter first name' is present on page  using regular expression

2024-02-03 23:56:23 - [MESSAGE][PASSED] - Text 'Enter first name' is present on page  using regular expression

2024-02-03 23:56:23 - [TEST_STEP][PASSED] - verifyTextPresent("Enter last name", true, CONTINUE_ON_FAILURE): Text 'Enter last name' is present on page  using regular expression

2024-02-03 23:56:23 - [MESSAGE][PASSED] - Text 'Enter last name' is present on page  using regular expression

2024-02-03 23:56:23 - [TEST_STEP][PASSED] - verifyTextPresent("Enter address", true, CONTINUE_ON_FAILURE): Text 'Enter address' is present on page  using regular expression

2024-02-03 23:56:23 - [MESSAGE][PASSED] - Text 'Enter address' is present on page  using regular expression

2024-02-03 23:56:23 - [TEST_STEP][PASSED] - verifyTextPresent("Enter city", true, CONTINUE_ON_FAILURE): Text 'Enter city' is present on page  using regular expression

2024-02-03 23:56:24 - [MESSAGE][PASSED] - Text 'Enter city' is present on page  using regular expression

2024-02-03 23:56:24 - [TEST_STEP][PASSED] - verifyTextPresent("Enter ZIP code", true, CONTINUE_ON_FAILURE): Text 'Enter ZIP code' is present on page  using regular expression

2024-02-03 23:56:24 - [MESSAGE][PASSED] - Text 'Enter ZIP code' is present on page  using regular expression

2024-02-03 23:56:24 - [TEST_STEP][PASSED] - verifyTextPresent("Enter a valid phone number", true, CONTINUE_ON_FAILURE): Text 'Enter a valid phone number' is present on page  using regular expression

2024-02-03 23:56:24 - [MESSAGE][PASSED] - Text 'Enter a valid phone number' is present on page  using regular expression

2024-02-03 23:56:24 - [TEST_STEP][PASSED] - verifyTextPresent("Enter Email", true, CONTINUE_ON_FAILURE): Text 'Enter Email' is present on page  using regular expression

2024-02-03 23:56:25 - [MESSAGE][PASSED] - Text 'Enter Email' is present on page  using regular expression

2024-02-03 23:56:25 - [TEST_STEP][PASSED] - if (TaxType.equalsIgnoreCase("Estate Tax")): Text 'Re-type Decedent SSN Validation Error' is present on page  using regular expression

2024-02-03 23:56:25 - [TEST_STEP][PASSED] - verifyTextPresent("Please enter a valid Decedent SSN with 9 digits", true, CONTINUE_ON_FAILURE): Text 'Please enter a valid Decedent SSN with 9 digits' is present on page  using regular expression

2024-02-03 23:56:25 - [MESSAGE][PASSED] - Text 'Please enter a valid Decedent SSN with 9 digits' is present on page  using regular expression

2024-02-03 23:56:25 - [TEST_STEP][PASSED] - verifyTextPresent("Re-type Decedent SSN Validation Error", true, CONTINUE_ON_FAILURE): Text 'Re-type Decedent SSN Validation Error' is present on page  using regular expression

2024-02-03 23:56:26 - [MESSAGE][PASSED] - Text 'Re-type Decedent SSN Validation Error' is present on page  using regular expression

2024-02-03 23:56:26 - [TEST_STEP][PASSED] - resText = "Pass": null

2024-02-03 23:56:26 - [TEST_STEP][PASSED] - pages.WriteExcel.demoKey(resText, datText, resColumn, datCloumn, fileLoc, nameSheet, row): pages.WriteExcel.demoKey is PASSED

2024-02-03 23:56:26 - [MESSAGE][PASSED] - pages.WriteExcel.demoKey is PASSED

2024-02-03 23:56:26 - [TEST_STEP][PASSED] - ExecuteTC = findTestData(dataFile).getValue("Execute", row): null

2024-02-03 23:56:26 - [TEST_STEP][PASSED] - TaxType = findTestData(dataFile).getValue("TaxType", row): null

2024-02-03 23:56:26 - [TEST_STEP][PASSED] - PaymentType = findTestData(dataFile).getValue("PaymentType", row): null

2024-02-03 23:56:26 - [TEST_STEP][PASSED] - FilingYear = findTestData(dataFile).getValue("Year", row): null

2024-02-03 23:56:26 - [TEST_STEP][PASSED] - if (ExecuteTC.equalsIgnoreCase("Y")): pages.WriteExcel.demoKey is PASSED

2024-02-03 23:56:26 - [TEST_STEP][PASSED] - out.println("Begin Record Number: " + row): null

2024-02-03 23:56:26 - [TEST_STEP][PASSED] - today = new java.util.Date(): null

2024-02-03 23:56:26 - [TEST_STEP][PASSED] - println(today): null

2024-02-03 23:56:26 - [TEST_STEP][PASSED] - datText = today: null

2024-02-03 23:56:26 - [TEST_STEP][PASSED] - logInfo("Payment Type: " + PaymentType): Payment Type: New Tax Return Amount Due

2024-02-03 23:56:26 - [MESSAGE][INFO] - Payment Type: New Tax Return Amount Due

2024-02-03 23:56:26 - [TEST_STEP][PASSED] - logInfo("Tax Type: " + TaxType): Tax Type: Estate Tax

2024-02-03 23:56:26 - [MESSAGE][INFO] - Tax Type: Estate Tax

2024-02-03 23:56:26 - [TEST_STEP][PASSED] - openBrowser(""): Browser is opened with url: ''

2024-02-03 23:56:26 - [MESSAGE][WARNING] - A browser is already opened. Closing browser and opening a new one

2024-02-03 23:56:27 - [MESSAGE][INFO] - Starting 'Chrome' driver

2024-02-03 23:56:27 - [MESSAGE][INFO] - User set preference: ['acceptInsecureCerts', 'true']

2024-02-03 23:56:27 - [MESSAGE][INFO] - Action delay is set to 0 milliseconds

2024-02-03 23:56:29 - [MESSAGE][PASSED] - Browser is opened with url: ''

2024-02-03 23:56:29 - [TEST_STEP][PASSED] - maximizeWindow(): Current window maximized

2024-02-03 23:56:29 - [MESSAGE][PASSED] - Current window maximized

2024-02-03 23:56:29 - [TEST_STEP][PASSED] - navigateToUrl(RADurl): Navigate to 'https://qa2.velocitypayment.com/client/rad/index.html' successfully

2024-02-03 23:56:31 - [MESSAGE][PASSED] - Navigate to 'https://qa2.velocitypayment.com/client/rad/index.html' successfully

2024-02-03 23:56:31 - [TEST_STEP][PASSED] - selectOptionByLabel(findTestObject(orPath_Landing + "/dd_TaxType"), PaymentType, false): All options with label 'New Tax Return Amount Due' are selected in object 'Object Repository/RAD_Pages/Landing_Page/dd_TaxType' 

2024-02-03 23:56:32 - [MESSAGE][PASSED] - All options with label 'New Tax Return Amount Due' are selected in object 'Object Repository/RAD_Pages/Landing_Page/dd_TaxType' 

2024-02-03 23:56:32 - [TEST_STEP][PASSED] - switch (PaymentType): null

2024-02-03 23:56:32 - [TEST_STEP][PASSED] - case "New Tax Return Amount Due":: null

2024-02-03 23:56:32 - [TEST_STEP][PASSED] - selectOptionByLabel(findTestObject("Object Repository/RAD_Pages/Landing_Page/select_NewTaxReturnAmountDue_TaxType"), TaxType, false): All options with label 'Estate Tax' are selected in object 'Object Repository/RAD_Pages/Landing_Page/select_NewTaxReturnAmountDue_TaxType' 

2024-02-03 23:56:33 - [MESSAGE][PASSED] - All options with label 'Estate Tax' are selected in object 'Object Repository/RAD_Pages/Landing_Page/select_NewTaxReturnAmountDue_TaxType' 

2024-02-03 23:56:33 - [TEST_STEP][PASSED] - break: null

2024-02-03 23:56:33 - [TEST_STEP][PASSED] - if (!(FilingYear.isEmpty())): All options with label '2022' are selected in object 'Object Repository/RAD_Pages/TaxTypeFilingYear_Page/select_FilingYear' 

2024-02-03 23:56:33 - [TEST_STEP][PASSED] - selectOptionByLabel(findTestObject(orPath_TaxTypeFilingYear + "/select_FilingYear"), FilingYear, false): All options with label '2022' are selected in object 'Object Repository/RAD_Pages/TaxTypeFilingYear_Page/select_FilingYear' 

2024-02-03 23:56:33 - [MESSAGE][PASSED] - All options with label '2022' are selected in object 'Object Repository/RAD_Pages/TaxTypeFilingYear_Page/select_FilingYear' 

2024-02-03 23:56:33 - [TEST_STEP][PASSED] - setText(findTestObject(orPath_TaxPayer + "/input_firstName"), " "): Text ' ' is set on object 'Object Repository/RAD_Pages/Taxpayer_Page/input_firstName'

2024-02-03 23:56:34 - [MESSAGE][PASSED] - Text ' ' is set on object 'Object Repository/RAD_Pages/Taxpayer_Page/input_firstName'

2024-02-03 23:56:34 - [TEST_STEP][PASSED] - setText(findTestObject(orPath_TaxPayer + "/input_lastName"), " "): Text ' ' is set on object 'Object Repository/RAD_Pages/Taxpayer_Page/input_lastName'

2024-02-03 23:56:35 - [MESSAGE][PASSED] - Text ' ' is set on object 'Object Repository/RAD_Pages/Taxpayer_Page/input_lastName'

2024-02-03 23:56:35 - [TEST_STEP][PASSED] - if (TaxType.equalsIgnoreCase("Estate Tax")): Text ' ' is set on object 'Object Repository/RAD_Pages/Taxpayer_Page/input_NewTax_ReTypeDecedentSSN'

2024-02-03 23:56:35 - [TEST_STEP][PASSED] - setText(findTestObject(orPath_TaxPayer + "/input_NewTax_DecedentSSN"), " "): Text ' ' is set on object 'Object Repository/RAD_Pages/Taxpayer_Page/input_NewTax_DecedentSSN'

2024-02-03 23:56:35 - [MESSAGE][PASSED] - Text ' ' is set on object 'Object Repository/RAD_Pages/Taxpayer_Page/input_NewTax_DecedentSSN'

2024-02-03 23:56:35 - [TEST_STEP][PASSED] - setText(findTestObject(orPath_TaxPayer + "/input_NewTax_ReTypeDecedentSSN"), " "): Text ' ' is set on object 'Object Repository/RAD_Pages/Taxpayer_Page/input_NewTax_ReTypeDecedentSSN'

2024-02-03 23:56:36 - [MESSAGE][PASSED] - Text ' ' is set on object 'Object Repository/RAD_Pages/Taxpayer_Page/input_NewTax_ReTypeDecedentSSN'

2024-02-03 23:56:36 - [TEST_STEP][PASSED] - setText(findTestObject(orPath_AddressContact + "/input_streetAddress1"), " "): Text ' ' is set on object 'Object Repository/RAD_Pages/AddressAndContactInfo_Page/input_streetAddress1'

2024-02-03 23:56:37 - [MESSAGE][PASSED] - Text ' ' is set on object 'Object Repository/RAD_Pages/AddressAndContactInfo_Page/input_streetAddress1'

2024-02-03 23:56:37 - [TEST_STEP][PASSED] - setText(findTestObject(orPath_AddressContact + "/input_city"), " "): Text ' ' is set on object 'Object Repository/RAD_Pages/AddressAndContactInfo_Page/input_city'

2024-02-03 23:56:37 - [MESSAGE][PASSED] - Text ' ' is set on object 'Object Repository/RAD_Pages/AddressAndContactInfo_Page/input_city'

2024-02-03 23:56:37 - [TEST_STEP][PASSED] - setText(findTestObject(orPath_AddressContact + "/input_zipCode"), " "): Text ' ' is set on object 'Object Repository/RAD_Pages/AddressAndContactInfo_Page/input_zipCode'

2024-02-03 23:56:38 - [MESSAGE][PASSED] - Text ' ' is set on object 'Object Repository/RAD_Pages/AddressAndContactInfo_Page/input_zipCode'

2024-02-03 23:56:38 - [TEST_STEP][PASSED] - setText(findTestObject(orPath_AddressContact + "/input_phoneNumber"), " "): Text ' ' is set on object 'Object Repository/RAD_Pages/AddressAndContactInfo_Page/input_phoneNumber'

2024-02-03 23:56:39 - [MESSAGE][PASSED] - Text ' ' is set on object 'Object Repository/RAD_Pages/AddressAndContactInfo_Page/input_phoneNumber'

2024-02-03 23:56:39 - [TEST_STEP][PASSED] - setText(findTestObject(orPath_AddressContact + "/input_eMailAddress"), " "): Text ' ' is set on object 'Object Repository/RAD_Pages/AddressAndContactInfo_Page/input_eMailAddress'

2024-02-03 23:56:40 - [MESSAGE][PASSED] - Text ' ' is set on object 'Object Repository/RAD_Pages/AddressAndContactInfo_Page/input_eMailAddress'

2024-02-03 23:56:40 - [TEST_STEP][PASSED] - setText(findTestObject(orPath_AddressContact + "/input_reEnterEMailAddress"), " "): Text ' ' is set on object 'Object Repository/RAD_Pages/AddressAndContactInfo_Page/input_reEnterEMailAddress'

2024-02-03 23:56:41 - [MESSAGE][PASSED] - Text ' ' is set on object 'Object Repository/RAD_Pages/AddressAndContactInfo_Page/input_reEnterEMailAddress'

2024-02-03 23:56:41 - [TEST_STEP][PASSED] - resText = "Fail": null

2024-02-03 23:56:41 - [TEST_STEP][PASSED] - pages.WriteExcel.demoKey(resText, datText, resColumn, datCloumn, fileLoc, nameSheet, row): pages.WriteExcel.demoKey is PASSED

2024-02-03 23:56:41 - [MESSAGE][PASSED] - pages.WriteExcel.demoKey is PASSED

2024-02-03 23:56:41 - [TEST_STEP][PASSED] - verifyTextPresent("Enter first name", true, CONTINUE_ON_FAILURE): Text 'Enter first name' is present on page  using regular expression

2024-02-03 23:56:42 - [MESSAGE][PASSED] - Text 'Enter first name' is present on page  using regular expression

2024-02-03 23:56:42 - [TEST_STEP][PASSED] - verifyTextPresent("Enter last name", true, CONTINUE_ON_FAILURE): Text 'Enter last name' is present on page  using regular expression

2024-02-03 23:56:42 - [MESSAGE][PASSED] - Text 'Enter last name' is present on page  using regular expression

2024-02-03 23:56:42 - [TEST_STEP][PASSED] - verifyTextPresent("Enter address", true, CONTINUE_ON_FAILURE): Text 'Enter address' is present on page  using regular expression

2024-02-03 23:56:42 - [MESSAGE][PASSED] - Text 'Enter address' is present on page  using regular expression

2024-02-03 23:56:42 - [TEST_STEP][PASSED] - verifyTextPresent("Enter city", true, CONTINUE_ON_FAILURE): Text 'Enter city' is present on page  using regular expression

2024-02-03 23:56:43 - [MESSAGE][PASSED] - Text 'Enter city' is present on page  using regular expression

2024-02-03 23:56:43 - [TEST_STEP][PASSED] - verifyTextPresent("Enter ZIP code", true, CONTINUE_ON_FAILURE): Text 'Enter ZIP code' is present on page  using regular expression

2024-02-03 23:56:43 - [MESSAGE][PASSED] - Text 'Enter ZIP code' is present on page  using regular expression

2024-02-03 23:56:43 - [TEST_STEP][PASSED] - verifyTextPresent("Enter a valid phone number", true, CONTINUE_ON_FAILURE): Text 'Enter a valid phone number' is present on page  using regular expression

2024-02-03 23:56:43 - [MESSAGE][PASSED] - Text 'Enter a valid phone number' is present on page  using regular expression

2024-02-03 23:56:43 - [TEST_STEP][PASSED] - verifyTextPresent("Enter Email", true, CONTINUE_ON_FAILURE): Text 'Enter Email' is present on page  using regular expression

2024-02-03 23:56:44 - [MESSAGE][PASSED] - Text 'Enter Email' is present on page  using regular expression

2024-02-03 23:56:44 - [TEST_STEP][PASSED] - if (TaxType.equalsIgnoreCase("Estate Tax")): Text 'Re-type Decedent SSN Validation Error' is present on page  using regular expression

2024-02-03 23:56:44 - [TEST_STEP][PASSED] - verifyTextPresent("Please enter a valid Decedent SSN with 9 digits", true, CONTINUE_ON_FAILURE): Text 'Please enter a valid Decedent SSN with 9 digits' is present on page  using regular expression

2024-02-03 23:56:44 - [MESSAGE][PASSED] - Text 'Please enter a valid Decedent SSN with 9 digits' is present on page  using regular expression

2024-02-03 23:56:44 - [TEST_STEP][PASSED] - verifyTextPresent("Re-type Decedent SSN Validation Error", true, CONTINUE_ON_FAILURE): Text 'Re-type Decedent SSN Validation Error' is present on page  using regular expression

2024-02-03 23:56:44 - [MESSAGE][PASSED] - Text 'Re-type Decedent SSN Validation Error' is present on page  using regular expression

2024-02-03 23:56:44 - [TEST_STEP][PASSED] - resText = "Pass": null

2024-02-03 23:56:44 - [TEST_STEP][PASSED] - pages.WriteExcel.demoKey(resText, datText, resColumn, datCloumn, fileLoc, nameSheet, row): pages.WriteExcel.demoKey is PASSED

2024-02-03 23:56:45 - [MESSAGE][PASSED] - pages.WriteExcel.demoKey is PASSED

2024-02-03 23:56:45 - [TEST_STEP][PASSED] - ExecuteTC = findTestData(dataFile).getValue("Execute", row): null

2024-02-03 23:56:45 - [TEST_STEP][PASSED] - TaxType = findTestData(dataFile).getValue("TaxType", row): null

2024-02-03 23:56:45 - [TEST_STEP][PASSED] - PaymentType = findTestData(dataFile).getValue("PaymentType", row): null

2024-02-03 23:56:45 - [TEST_STEP][PASSED] - FilingYear = findTestData(dataFile).getValue("Year", row): null

2024-02-03 23:56:45 - [TEST_STEP][PASSED] - if (ExecuteTC.equalsIgnoreCase("Y")): pages.WriteExcel.demoKey is PASSED

2024-02-03 23:56:45 - [TEST_STEP][PASSED] - out.println("Begin Record Number: " + row): null

2024-02-03 23:56:45 - [TEST_STEP][PASSED] - today = new java.util.Date(): null

2024-02-03 23:56:45 - [TEST_STEP][PASSED] - println(today): null

2024-02-03 23:56:45 - [TEST_STEP][PASSED] - datText = today: null

2024-02-03 23:56:45 - [TEST_STEP][PASSED] - logInfo("Payment Type: " + PaymentType): Payment Type: New Tax Return Amount Due

2024-02-03 23:56:45 - [MESSAGE][INFO] - Payment Type: New Tax Return Amount Due

2024-02-03 23:56:45 - [TEST_STEP][PASSED] - logInfo("Tax Type: " + TaxType): Tax Type: Estate Tax

2024-02-03 23:56:45 - [MESSAGE][INFO] - Tax Type: Estate Tax

2024-02-03 23:56:45 - [TEST_STEP][PASSED] - openBrowser(""): Browser is opened with url: ''

2024-02-03 23:56:45 - [MESSAGE][WARNING] - A browser is already opened. Closing browser and opening a new one

2024-02-03 23:56:46 - [MESSAGE][INFO] - Starting 'Chrome' driver

2024-02-03 23:56:46 - [MESSAGE][INFO] - User set preference: ['acceptInsecureCerts', 'true']

2024-02-03 23:56:46 - [MESSAGE][INFO] - Action delay is set to 0 milliseconds

2024-02-03 23:56:48 - [MESSAGE][PASSED] - Browser is opened with url: ''

2024-02-03 23:56:48 - [TEST_STEP][PASSED] - maximizeWindow(): Current window maximized

2024-02-03 23:56:48 - [MESSAGE][PASSED] - Current window maximized

2024-02-03 23:56:48 - [TEST_STEP][PASSED] - navigateToUrl(RADurl): Navigate to 'https://qa2.velocitypayment.com/client/rad/index.html' successfully

2024-02-03 23:56:50 - [MESSAGE][PASSED] - Navigate to 'https://qa2.velocitypayment.com/client/rad/index.html' successfully

2024-02-03 23:56:50 - [TEST_STEP][PASSED] - selectOptionByLabel(findTestObject(orPath_Landing + "/dd_TaxType"), PaymentType, false): All options with label 'New Tax Return Amount Due' are selected in object 'Object Repository/RAD_Pages/Landing_Page/dd_TaxType' 

2024-02-03 23:56:51 - [MESSAGE][PASSED] - All options with label 'New Tax Return Amount Due' are selected in object 'Object Repository/RAD_Pages/Landing_Page/dd_TaxType' 

2024-02-03 23:56:51 - [TEST_STEP][PASSED] - switch (PaymentType): null

2024-02-03 23:56:51 - [TEST_STEP][PASSED] - case "New Tax Return Amount Due":: null

2024-02-03 23:56:51 - [TEST_STEP][PASSED] - selectOptionByLabel(findTestObject("Object Repository/RAD_Pages/Landing_Page/select_NewTaxReturnAmountDue_TaxType"), TaxType, false): All options with label 'Estate Tax' are selected in object 'Object Repository/RAD_Pages/Landing_Page/select_NewTaxReturnAmountDue_TaxType' 

2024-02-03 23:56:52 - [MESSAGE][PASSED] - All options with label 'Estate Tax' are selected in object 'Object Repository/RAD_Pages/Landing_Page/select_NewTaxReturnAmountDue_TaxType' 

2024-02-03 23:56:52 - [TEST_STEP][PASSED] - break: null

2024-02-03 23:56:52 - [TEST_STEP][PASSED] - if (!(FilingYear.isEmpty())): All options with label '2021' are selected in object 'Object Repository/RAD_Pages/TaxTypeFilingYear_Page/select_FilingYear' 

2024-02-03 23:56:52 - [TEST_STEP][PASSED] - selectOptionByLabel(findTestObject(orPath_TaxTypeFilingYear + "/select_FilingYear"), FilingYear, false): All options with label '2021' are selected in object 'Object Repository/RAD_Pages/TaxTypeFilingYear_Page/select_FilingYear' 

2024-02-03 23:56:52 - [MESSAGE][PASSED] - All options with label '2021' are selected in object 'Object Repository/RAD_Pages/TaxTypeFilingYear_Page/select_FilingYear' 

2024-02-03 23:56:52 - [TEST_STEP][PASSED] - setText(findTestObject(orPath_TaxPayer + "/input_firstName"), " "): Text ' ' is set on object 'Object Repository/RAD_Pages/Taxpayer_Page/input_firstName'

2024-02-03 23:56:53 - [MESSAGE][PASSED] - Text ' ' is set on object 'Object Repository/RAD_Pages/Taxpayer_Page/input_firstName'

2024-02-03 23:56:53 - [TEST_STEP][PASSED] - setText(findTestObject(orPath_TaxPayer + "/input_lastName"), " "): Text ' ' is set on object 'Object Repository/RAD_Pages/Taxpayer_Page/input_lastName'

2024-02-03 23:56:54 - [MESSAGE][PASSED] - Text ' ' is set on object 'Object Repository/RAD_Pages/Taxpayer_Page/input_lastName'

2024-02-03 23:56:54 - [TEST_STEP][PASSED] - if (TaxType.equalsIgnoreCase("Estate Tax")): Text ' ' is set on object 'Object Repository/RAD_Pages/Taxpayer_Page/input_NewTax_ReTypeDecedentSSN'

2024-02-03 23:56:54 - [TEST_STEP][PASSED] - setText(findTestObject(orPath_TaxPayer + "/input_NewTax_DecedentSSN"), " "): Text ' ' is set on object 'Object Repository/RAD_Pages/Taxpayer_Page/input_NewTax_DecedentSSN'

2024-02-03 23:56:54 - [MESSAGE][PASSED] - Text ' ' is set on object 'Object Repository/RAD_Pages/Taxpayer_Page/input_NewTax_DecedentSSN'

2024-02-03 23:56:54 - [TEST_STEP][PASSED] - setText(findTestObject(orPath_TaxPayer + "/input_NewTax_ReTypeDecedentSSN"), " "): Text ' ' is set on object 'Object Repository/RAD_Pages/Taxpayer_Page/input_NewTax_ReTypeDecedentSSN'

2024-02-03 23:56:55 - [MESSAGE][PASSED] - Text ' ' is set on object 'Object Repository/RAD_Pages/Taxpayer_Page/input_NewTax_ReTypeDecedentSSN'

2024-02-03 23:56:55 - [TEST_STEP][PASSED] - setText(findTestObject(orPath_AddressContact + "/input_streetAddress1"), " "): Text ' ' is set on object 'Object Repository/RAD_Pages/AddressAndContactInfo_Page/input_streetAddress1'

2024-02-03 23:56:56 - [MESSAGE][PASSED] - Text ' ' is set on object 'Object Repository/RAD_Pages/AddressAndContactInfo_Page/input_streetAddress1'

2024-02-03 23:56:56 - [TEST_STEP][PASSED] - setText(findTestObject(orPath_AddressContact + "/input_city"), " "): Text ' ' is set on object 'Object Repository/RAD_Pages/AddressAndContactInfo_Page/input_city'

2024-02-03 23:56:56 - [MESSAGE][PASSED] - Text ' ' is set on object 'Object Repository/RAD_Pages/AddressAndContactInfo_Page/input_city'

2024-02-03 23:56:56 - [TEST_STEP][PASSED] - setText(findTestObject(orPath_AddressContact + "/input_zipCode"), " "): Text ' ' is set on object 'Object Repository/RAD_Pages/AddressAndContactInfo_Page/input_zipCode'

2024-02-03 23:56:57 - [MESSAGE][PASSED] - Text ' ' is set on object 'Object Repository/RAD_Pages/AddressAndContactInfo_Page/input_zipCode'

2024-02-03 23:56:57 - [TEST_STEP][PASSED] - setText(findTestObject(orPath_AddressContact + "/input_phoneNumber"), " "): Text ' ' is set on object 'Object Repository/RAD_Pages/AddressAndContactInfo_Page/input_phoneNumber'

2024-02-03 23:56:58 - [MESSAGE][PASSED] - Text ' ' is set on object 'Object Repository/RAD_Pages/AddressAndContactInfo_Page/input_phoneNumber'

2024-02-03 23:56:58 - [TEST_STEP][PASSED] - setText(findTestObject(orPath_AddressContact + "/input_eMailAddress"), " "): Text ' ' is set on object 'Object Repository/RAD_Pages/AddressAndContactInfo_Page/input_eMailAddress'

2024-02-03 23:56:59 - [MESSAGE][PASSED] - Text ' ' is set on object 'Object Repository/RAD_Pages/AddressAndContactInfo_Page/input_eMailAddress'

2024-02-03 23:56:59 - [TEST_STEP][PASSED] - setText(findTestObject(orPath_AddressContact + "/input_reEnterEMailAddress"), " "): Text ' ' is set on object 'Object Repository/RAD_Pages/AddressAndContactInfo_Page/input_reEnterEMailAddress'

2024-02-03 23:57:00 - [MESSAGE][PASSED] - Text ' ' is set on object 'Object Repository/RAD_Pages/AddressAndContactInfo_Page/input_reEnterEMailAddress'

2024-02-03 23:57:00 - [TEST_STEP][PASSED] - resText = "Fail": null

2024-02-03 23:57:00 - [TEST_STEP][PASSED] - pages.WriteExcel.demoKey(resText, datText, resColumn, datCloumn, fileLoc, nameSheet, row): pages.WriteExcel.demoKey is PASSED

2024-02-03 23:57:00 - [MESSAGE][PASSED] - pages.WriteExcel.demoKey is PASSED

2024-02-03 23:57:00 - [TEST_STEP][PASSED] - verifyTextPresent("Enter first name", true, CONTINUE_ON_FAILURE): Text 'Enter first name' is present on page  using regular expression

2024-02-03 23:57:01 - [MESSAGE][PASSED] - Text 'Enter first name' is present on page  using regular expression

2024-02-03 23:57:01 - [TEST_STEP][PASSED] - verifyTextPresent("Enter last name", true, CONTINUE_ON_FAILURE): Text 'Enter last name' is present on page  using regular expression

2024-02-03 23:57:01 - [MESSAGE][PASSED] - Text 'Enter last name' is present on page  using regular expression

2024-02-03 23:57:01 - [TEST_STEP][PASSED] - verifyTextPresent("Enter address", true, CONTINUE_ON_FAILURE): Text 'Enter address' is present on page  using regular expression

2024-02-03 23:57:01 - [MESSAGE][PASSED] - Text 'Enter address' is present on page  using regular expression

2024-02-03 23:57:01 - [TEST_STEP][PASSED] - verifyTextPresent("Enter city", true, CONTINUE_ON_FAILURE): Text 'Enter city' is present on page  using regular expression

2024-02-03 23:57:02 - [MESSAGE][PASSED] - Text 'Enter city' is present on page  using regular expression

2024-02-03 23:57:02 - [TEST_STEP][PASSED] - verifyTextPresent("Enter ZIP code", true, CONTINUE_ON_FAILURE): Text 'Enter ZIP code' is present on page  using regular expression

2024-02-03 23:57:02 - [MESSAGE][PASSED] - Text 'Enter ZIP code' is present on page  using regular expression

2024-02-03 23:57:02 - [TEST_STEP][PASSED] - verifyTextPresent("Enter a valid phone number", true, CONTINUE_ON_FAILURE): Text 'Enter a valid phone number' is present on page  using regular expression

2024-02-03 23:57:02 - [MESSAGE][PASSED] - Text 'Enter a valid phone number' is present on page  using regular expression

2024-02-03 23:57:02 - [TEST_STEP][PASSED] - verifyTextPresent("Enter Email", true, CONTINUE_ON_FAILURE): Text 'Enter Email' is present on page  using regular expression

2024-02-03 23:57:03 - [MESSAGE][PASSED] - Text 'Enter Email' is present on page  using regular expression

2024-02-03 23:57:03 - [TEST_STEP][PASSED] - if (TaxType.equalsIgnoreCase("Estate Tax")): Text 'Re-type Decedent SSN Validation Error' is present on page  using regular expression

2024-02-03 23:57:03 - [TEST_STEP][PASSED] - verifyTextPresent("Please enter a valid Decedent SSN with 9 digits", true, CONTINUE_ON_FAILURE): Text 'Please enter a valid Decedent SSN with 9 digits' is present on page  using regular expression

2024-02-03 23:57:03 - [MESSAGE][PASSED] - Text 'Please enter a valid Decedent SSN with 9 digits' is present on page  using regular expression

2024-02-03 23:57:03 - [TEST_STEP][PASSED] - verifyTextPresent("Re-type Decedent SSN Validation Error", true, CONTINUE_ON_FAILURE): Text 'Re-type Decedent SSN Validation Error' is present on page  using regular expression

2024-02-03 23:57:03 - [MESSAGE][PASSED] - Text 'Re-type Decedent SSN Validation Error' is present on page  using regular expression

2024-02-03 23:57:03 - [TEST_STEP][PASSED] - resText = "Pass": null

2024-02-03 23:57:03 - [TEST_STEP][PASSED] - pages.WriteExcel.demoKey(resText, datText, resColumn, datCloumn, fileLoc, nameSheet, row): pages.WriteExcel.demoKey is PASSED

2024-02-03 23:57:04 - [MESSAGE][PASSED] - pages.WriteExcel.demoKey is PASSED]]></system-out>
         <system-err><![CDATA[]]></system-err>
      </testcase>
      <testcase name="Test Cases/RAD_TestCases/MRF_TestCases/Personal_Joint_MRF_TC" time="104.825" classname="Test Cases/RAD_TestCases/MRF_TestCases/Personal_Joint_MRF_TC" status="PASSED">
         <system-out><![CDATA[2024-02-03 23:57:04 - [TEST_CASE][PASSED] - Test Cases/RAD_TestCases/MRF_TestCases/Personal_Joint_MRF_TC: Test Cases/RAD_TestCases/MRF_TestCases/Personal_Joint_MRF_TC

2024-02-03 23:57:04 - [TEST_STEP][PASSED] - resText = "Fail": null

2024-02-03 23:57:04 - [TEST_STEP][PASSED] - resColumn = "Result": null

2024-02-03 23:57:04 - [TEST_STEP][PASSED] - datCloumn = "Date": null

2024-02-03 23:57:04 - [TEST_STEP][PASSED] - fileLoc = "KatalonData/RADTestData/MRF.xlsx": null

2024-02-03 23:57:04 - [TEST_STEP][PASSED] - nameSheet = "Personal_JNT": null

2024-02-03 23:57:04 - [TEST_STEP][PASSED] - dataFile = "RADTestData/MRF_Personal_JNT": null

2024-02-03 23:57:04 - [TEST_STEP][PASSED] - orPath_Landing = "Object Repository/RAD_Pages/Landing_Page": null

2024-02-03 23:57:04 - [TEST_STEP][PASSED] - orPath_TaxTypeFilingYear = "Object Repository/RAD_Pages/TaxTypeFilingYear_Page": null

2024-02-03 23:57:04 - [TEST_STEP][PASSED] - orPath_Amount = "Object Repository/RAD_Pages/PaymentAmount_Page": null

2024-02-03 23:57:04 - [TEST_STEP][PASSED] - orPath_AddressContact = "Object Repository/RAD_Pages/AddressAndContactInfo_Page": null

2024-02-03 23:57:04 - [TEST_STEP][PASSED] - orPath_Summary = "Object Repository/RAD_Pages/Summary_Page": null

2024-02-03 23:57:04 - [TEST_STEP][PASSED] - orPath_PaymentConfirmation = "Object Repository/RAD_Pages/PaymentConfirmation_Page": null

2024-02-03 23:57:04 - [TEST_STEP][PASSED] - orPath_ServiceFeesAccept = "Object Repository/RAD_Pages/ServiceFeeAccept_Page": null

2024-02-03 23:57:04 - [TEST_STEP][PASSED] - orPath_PaymentEntry = "Object Repository/RAD_Pages/PaymentEntry_Page": null

2024-02-03 23:57:04 - [TEST_STEP][PASSED] - orPath_FilingStatus = "Object Repository/RAD_Pages/FilingStatus_Page": null

2024-02-03 23:57:04 - [TEST_STEP][PASSED] - orPath_TaxPayer = "Object Repository/RAD_Pages/Taxpayer_Page": null

2024-02-03 23:57:04 - [TEST_STEP][PASSED] - ExecuteTC = <not implemented yet for class: org.codehaus.groovy.ast.expr.EmptyExpression>: null

2024-02-03 23:57:04 - [TEST_STEP][PASSED] - TaxType = <not implemented yet for class: org.codehaus.groovy.ast.expr.EmptyExpression>: null

2024-02-03 23:57:04 - [TEST_STEP][PASSED] - PaymentType = <not implemented yet for class: org.codehaus.groovy.ast.expr.EmptyExpression>: null

2024-02-03 23:57:04 - [TEST_STEP][PASSED] - FilingYear = <not implemented yet for class: org.codehaus.groovy.ast.expr.EmptyExpression>: null

2024-02-03 23:57:04 - [TEST_STEP][PASSED] - PeriodEndingMonth = <not implemented yet for class: org.codehaus.groovy.ast.expr.EmptyExpression>: null

2024-02-03 23:57:04 - [TEST_STEP][PASSED] - executionProfile = getExecutionProfile(): null

2024-02-03 23:57:04 - [TEST_STEP][PASSED] - numOfRows = findTestData(dataFile).getRowNumbers(): null

2024-02-03 23:57:04 - [TEST_STEP][PASSED] - println("Number of Records: " + numOfRows): null

2024-02-03 23:57:04 - [TEST_STEP][PASSED] - for ([row = 1, row <= numOfRows, (row++)]): pages.WriteExcel.demoKey is PASSED

2024-02-03 23:57:04 - [TEST_STEP][PASSED] - ExecuteTC = findTestData(dataFile).getValue("Execute", row): null

2024-02-03 23:57:04 - [TEST_STEP][PASSED] - TaxType = findTestData(dataFile).getValue("TaxType", row): null

2024-02-03 23:57:04 - [TEST_STEP][PASSED] - PaymentType = findTestData(dataFile).getValue("PaymentType", row): null

2024-02-03 23:57:04 - [TEST_STEP][PASSED] - FilingYear = findTestData(dataFile).getValue("Year", row): null

2024-02-03 23:57:05 - [TEST_STEP][PASSED] - if (ExecuteTC.equalsIgnoreCase("Y")): pages.WriteExcel.demoKey is PASSED

2024-02-03 23:57:05 - [TEST_STEP][PASSED] - out.println("Begin Record Number: " + row): null

2024-02-03 23:57:05 - [TEST_STEP][PASSED] - today = new java.util.Date(): null

2024-02-03 23:57:05 - [TEST_STEP][PASSED] - println(today): null

2024-02-03 23:57:05 - [TEST_STEP][PASSED] - datText = today: null

2024-02-03 23:57:05 - [TEST_STEP][PASSED] - logInfo("Payment Type: " + PaymentType): Payment Type: Quarterly Estimated Tax

2024-02-03 23:57:05 - [MESSAGE][INFO] - Payment Type: Quarterly Estimated Tax

2024-02-03 23:57:05 - [TEST_STEP][PASSED] - logInfo("Tax Type: " + TaxType): Tax Type: Personal Income Tax

2024-02-03 23:57:05 - [MESSAGE][INFO] - Tax Type: Personal Income Tax

2024-02-03 23:57:05 - [TEST_STEP][PASSED] - openBrowser(""): Browser is opened with url: ''

2024-02-03 23:57:05 - [MESSAGE][WARNING] - A browser is already opened. Closing browser and opening a new one

2024-02-03 23:57:06 - [MESSAGE][INFO] - Starting 'Chrome' driver

2024-02-03 23:57:06 - [MESSAGE][INFO] - User set preference: ['acceptInsecureCerts', 'true']

2024-02-03 23:57:06 - [MESSAGE][INFO] - Action delay is set to 0 milliseconds

2024-02-03 23:57:08 - [MESSAGE][PASSED] - Browser is opened with url: ''

2024-02-03 23:57:08 - [TEST_STEP][PASSED] - maximizeWindow(): Current window maximized

2024-02-03 23:57:08 - [MESSAGE][PASSED] - Current window maximized

2024-02-03 23:57:08 - [TEST_STEP][PASSED] - navigateToUrl(RADurl): Navigate to 'https://qa2.velocitypayment.com/client/rad/index.html' successfully

2024-02-03 23:57:08 - [MESSAGE][PASSED] - Navigate to 'https://qa2.velocitypayment.com/client/rad/index.html' successfully

2024-02-03 23:57:08 - [TEST_STEP][PASSED] - selectOptionByLabel(findTestObject(orPath_Landing + "/dd_TaxType"), PaymentType, false): All options with label 'Quarterly Estimated Tax' are selected in object 'Object Repository/RAD_Pages/Landing_Page/dd_TaxType' 

2024-02-03 23:57:11 - [MESSAGE][PASSED] - All options with label 'Quarterly Estimated Tax' are selected in object 'Object Repository/RAD_Pages/Landing_Page/dd_TaxType' 

2024-02-03 23:57:11 - [TEST_STEP][PASSED] - switch (PaymentType): null

2024-02-03 23:57:11 - [TEST_STEP][PASSED] - case "Quarterly Estimated Tax":: null

2024-02-03 23:57:11 - [TEST_STEP][PASSED] - selectOptionByLabel(findTestObject(orPath_TaxTypeFilingYear + "/select_PaymentType"), TaxType, false): All options with label 'Personal Income Tax' are selected in object 'Object Repository/RAD_Pages/TaxTypeFilingYear_Page/select_PaymentType' 

2024-02-03 23:57:11 - [MESSAGE][PASSED] - All options with label 'Personal Income Tax' are selected in object 'Object Repository/RAD_Pages/TaxTypeFilingYear_Page/select_PaymentType' 

2024-02-03 23:57:11 - [TEST_STEP][PASSED] - break: null

2024-02-03 23:57:11 - [TEST_STEP][PASSED] - if (!(FilingYear.isEmpty())): All options with label '2024' are selected in object 'Object Repository/RAD_Pages/TaxTypeFilingYear_Page/select_FilingYear' 

2024-02-03 23:57:11 - [TEST_STEP][PASSED] - selectOptionByLabel(findTestObject(orPath_TaxTypeFilingYear + "/select_FilingYear"), FilingYear, false): All options with label '2024' are selected in object 'Object Repository/RAD_Pages/TaxTypeFilingYear_Page/select_FilingYear' 

2024-02-03 23:57:12 - [MESSAGE][PASSED] - All options with label '2024' are selected in object 'Object Repository/RAD_Pages/TaxTypeFilingYear_Page/select_FilingYear' 

2024-02-03 23:57:12 - [TEST_STEP][PASSED] - setText(findTestObject(orPath_TaxPayer + "/input_firstName"), " "): Text ' ' is set on object 'Object Repository/RAD_Pages/Taxpayer_Page/input_firstName'

2024-02-03 23:57:13 - [MESSAGE][PASSED] - Text ' ' is set on object 'Object Repository/RAD_Pages/Taxpayer_Page/input_firstName'

2024-02-03 23:57:13 - [TEST_STEP][PASSED] - setText(findTestObject(orPath_TaxPayer + "/input_lastName"), " "): Text ' ' is set on object 'Object Repository/RAD_Pages/Taxpayer_Page/input_lastName'

2024-02-03 23:57:13 - [MESSAGE][PASSED] - Text ' ' is set on object 'Object Repository/RAD_Pages/Taxpayer_Page/input_lastName'

2024-02-03 23:57:13 - [TEST_STEP][PASSED] - setText(findTestObject("RAD_RecordAndPlay/input_concatSSN"), " "): Text ' ' is set on object 'Object Repository/RAD_RecordAndPlay/input_concatSSN'

2024-02-03 23:57:14 - [MESSAGE][PASSED] - Text ' ' is set on object 'Object Repository/RAD_RecordAndPlay/input_concatSSN'

2024-02-03 23:57:14 - [TEST_STEP][PASSED] - setText(findTestObject("RAD_RecordAndPlay/input_concatReSSN"), " "): Text ' ' is set on object 'Object Repository/RAD_RecordAndPlay/input_concatReSSN'

2024-02-03 23:57:15 - [MESSAGE][PASSED] - Text ' ' is set on object 'Object Repository/RAD_RecordAndPlay/input_concatReSSN'

2024-02-03 23:57:15 - [TEST_STEP][PASSED] - setText(findTestObject(orPath_AddressContact + "/input_streetAddress1"), " "): Text ' ' is set on object 'Object Repository/RAD_Pages/AddressAndContactInfo_Page/input_streetAddress1'

2024-02-03 23:57:15 - [MESSAGE][PASSED] - Text ' ' is set on object 'Object Repository/RAD_Pages/AddressAndContactInfo_Page/input_streetAddress1'

2024-02-03 23:57:15 - [TEST_STEP][PASSED] - setText(findTestObject(orPath_AddressContact + "/input_city"), " "): Text ' ' is set on object 'Object Repository/RAD_Pages/AddressAndContactInfo_Page/input_city'

2024-02-03 23:57:16 - [MESSAGE][PASSED] - Text ' ' is set on object 'Object Repository/RAD_Pages/AddressAndContactInfo_Page/input_city'

2024-02-03 23:57:16 - [TEST_STEP][PASSED] - setText(findTestObject(orPath_AddressContact + "/input_zipCode"), " "): Text ' ' is set on object 'Object Repository/RAD_Pages/AddressAndContactInfo_Page/input_zipCode'

2024-02-03 23:57:17 - [MESSAGE][PASSED] - Text ' ' is set on object 'Object Repository/RAD_Pages/AddressAndContactInfo_Page/input_zipCode'

2024-02-03 23:57:17 - [TEST_STEP][PASSED] - setText(findTestObject(orPath_AddressContact + "/input_phoneNumber"), " "): Text ' ' is set on object 'Object Repository/RAD_Pages/AddressAndContactInfo_Page/input_phoneNumber'

2024-02-03 23:57:18 - [MESSAGE][PASSED] - Text ' ' is set on object 'Object Repository/RAD_Pages/AddressAndContactInfo_Page/input_phoneNumber'

2024-02-03 23:57:18 - [TEST_STEP][PASSED] - setText(findTestObject(orPath_AddressContact + "/input_eMailAddress"), " "): Text ' ' is set on object 'Object Repository/RAD_Pages/AddressAndContactInfo_Page/input_eMailAddress'

2024-02-03 23:57:19 - [MESSAGE][PASSED] - Text ' ' is set on object 'Object Repository/RAD_Pages/AddressAndContactInfo_Page/input_eMailAddress'

2024-02-03 23:57:19 - [TEST_STEP][PASSED] - setText(findTestObject(orPath_AddressContact + "/input_reEnterEMailAddress"), " "): Text ' ' is set on object 'Object Repository/RAD_Pages/AddressAndContactInfo_Page/input_reEnterEMailAddress'

2024-02-03 23:57:19 - [MESSAGE][PASSED] - Text ' ' is set on object 'Object Repository/RAD_Pages/AddressAndContactInfo_Page/input_reEnterEMailAddress'

2024-02-03 23:57:19 - [TEST_STEP][PASSED] - scrollToElement(findTestObject(orPath_Landing + "/button_Continue"), 3): Scroll to object 'Object Repository/RAD_Pages/Landing_Page/button_Continue' successfully

2024-02-03 23:57:20 - [MESSAGE][PASSED] - Scroll to object 'Object Repository/RAD_Pages/Landing_Page/button_Continue' successfully

2024-02-03 23:57:20 - [TEST_STEP][PASSED] - waitForElementClickable(findTestObject(orPath_FilingStatus + "/input_JointFiling_userType_New"), 5): Object 'Object Repository/RAD_Pages/FilingStatus_Page/input_JointFiling_userType_New' is clickable

2024-02-03 23:57:20 - [MESSAGE][PASSED] - Object 'Object Repository/RAD_Pages/FilingStatus_Page/input_JointFiling_userType_New' is clickable

2024-02-03 23:57:20 - [TEST_STEP][PASSED] - check(findTestObject(orPath_FilingStatus + "/input_JointFiling_userType_New")): Object 'Object Repository/RAD_Pages/FilingStatus_Page/input_JointFiling_userType_New' is checked

2024-02-03 23:57:21 - [MESSAGE][PASSED] - Object 'Object Repository/RAD_Pages/FilingStatus_Page/input_JointFiling_userType_New' is checked

2024-02-03 23:57:21 - [TEST_STEP][PASSED] - delay(2): Delayed 2 second(s)

2024-02-03 23:57:23 - [MESSAGE][PASSED] - Delayed 2 second(s)

2024-02-03 23:57:23 - [TEST_STEP][PASSED] - setText(findTestObject(orPath_FilingStatus + "/input_jointFirstName"), " "): Text ' ' is set on object 'Object Repository/RAD_Pages/FilingStatus_Page/input_jointFirstName'

2024-02-03 23:57:23 - [MESSAGE][PASSED] - Text ' ' is set on object 'Object Repository/RAD_Pages/FilingStatus_Page/input_jointFirstName'

2024-02-03 23:57:23 - [TEST_STEP][PASSED] - setText(findTestObject(orPath_FilingStatus + "/input_jointLastName"), " "): Text ' ' is set on object 'Object Repository/RAD_Pages/FilingStatus_Page/input_jointLastName'

2024-02-03 23:57:24 - [MESSAGE][PASSED] - Text ' ' is set on object 'Object Repository/RAD_Pages/FilingStatus_Page/input_jointLastName'

2024-02-03 23:57:24 - [TEST_STEP][PASSED] - setText(findTestObject("Object Repository/RAD_RecordAndPlay/input_JointFilerSSN"), " "): Text ' ' is set on object 'Object Repository/RAD_RecordAndPlay/input_JointFilerSSN'

2024-02-03 23:57:25 - [MESSAGE][PASSED] - Text ' ' is set on object 'Object Repository/RAD_RecordAndPlay/input_JointFilerSSN'

2024-02-03 23:57:25 - [TEST_STEP][PASSED] - setText(findTestObject("Object Repository/RAD_RecordAndPlay/input_reTypeJointFilerSSN"), " "): Text ' ' is set on object 'Object Repository/RAD_RecordAndPlay/input_reTypeJointFilerSSN'

2024-02-03 23:57:25 - [MESSAGE][PASSED] - Text ' ' is set on object 'Object Repository/RAD_RecordAndPlay/input_reTypeJointFilerSSN'

2024-02-03 23:57:25 - [TEST_STEP][PASSED] - resText = "Fail": null

2024-02-03 23:57:25 - [TEST_STEP][PASSED] - pages.WriteExcel.demoKey(resText, datText, resColumn, datCloumn, fileLoc, nameSheet, row): pages.WriteExcel.demoKey is PASSED

2024-02-03 23:57:25 - [MESSAGE][PASSED] - pages.WriteExcel.demoKey is PASSED

2024-02-03 23:57:25 - [TEST_STEP][PASSED] - verifyTextPresent("Enter first name", true, CONTINUE_ON_FAILURE): Text 'Enter first name' is present on page  using regular expression

2024-02-03 23:57:26 - [MESSAGE][PASSED] - Text 'Enter first name' is present on page  using regular expression

2024-02-03 23:57:26 - [TEST_STEP][PASSED] - verifyTextPresent("Enter last name", true, CONTINUE_ON_FAILURE): Text 'Enter last name' is present on page  using regular expression

2024-02-03 23:57:26 - [MESSAGE][PASSED] - Text 'Enter last name' is present on page  using regular expression

2024-02-03 23:57:26 - [TEST_STEP][PASSED] - verifyTextPresent("Please enter a valid SSN with 9 digits", true, CONTINUE_ON_FAILURE): Text 'Please enter a valid SSN with 9 digits' is present on page  using regular expression

2024-02-03 23:57:27 - [MESSAGE][PASSED] - Text 'Please enter a valid SSN with 9 digits' is present on page  using regular expression

2024-02-03 23:57:27 - [TEST_STEP][PASSED] - verifyTextPresent("Re-type SSN Validation Error", true, CONTINUE_ON_FAILURE): Text 'Re-type SSN Validation Error' is present on page  using regular expression

2024-02-03 23:57:27 - [MESSAGE][PASSED] - Text 'Re-type SSN Validation Error' is present on page  using regular expression

2024-02-03 23:57:27 - [TEST_STEP][PASSED] - verifyTextPresent("Enter address", true, CONTINUE_ON_FAILURE): Text 'Enter address' is present on page  using regular expression

2024-02-03 23:57:27 - [MESSAGE][PASSED] - Text 'Enter address' is present on page  using regular expression

2024-02-03 23:57:27 - [TEST_STEP][PASSED] - verifyTextPresent("Enter city", true, CONTINUE_ON_FAILURE): Text 'Enter city' is present on page  using regular expression

2024-02-03 23:57:28 - [MESSAGE][PASSED] - Text 'Enter city' is present on page  using regular expression

2024-02-03 23:57:28 - [TEST_STEP][PASSED] - verifyTextPresent("Enter ZIP code", true, CONTINUE_ON_FAILURE): Text 'Enter ZIP code' is present on page  using regular expression

2024-02-03 23:57:28 - [MESSAGE][PASSED] - Text 'Enter ZIP code' is present on page  using regular expression

2024-02-03 23:57:28 - [TEST_STEP][PASSED] - verifyTextPresent("Enter a valid phone number", true, CONTINUE_ON_FAILURE): Text 'Enter a valid phone number' is present on page  using regular expression

2024-02-03 23:57:28 - [MESSAGE][PASSED] - Text 'Enter a valid phone number' is present on page  using regular expression

2024-02-03 23:57:28 - [TEST_STEP][PASSED] - verifyTextPresent("Enter Email", true, CONTINUE_ON_FAILURE): Text 'Enter Email' is present on page  using regular expression

2024-02-03 23:57:29 - [MESSAGE][PASSED] - Text 'Enter Email' is present on page  using regular expression

2024-02-03 23:57:29 - [TEST_STEP][PASSED] - verifyTextPresent("Enter joint payer first name", true, CONTINUE_ON_FAILURE): Text 'Enter joint payer first name' is present on page  using regular expression

2024-02-03 23:57:29 - [MESSAGE][PASSED] - Text 'Enter joint payer first name' is present on page  using regular expression

2024-02-03 23:57:29 - [TEST_STEP][PASSED] - verifyTextPresent("Enter joint payer last name", true, CONTINUE_ON_FAILURE): Text 'Enter joint payer last name' is present on page  using regular expression

2024-02-03 23:57:29 - [MESSAGE][PASSED] - Text 'Enter joint payer last name' is present on page  using regular expression

2024-02-03 23:57:29 - [TEST_STEP][PASSED] - verifyTextPresent("Please enter a valid SSN with 9 digits", true, CONTINUE_ON_FAILURE): Text 'Please enter a valid SSN with 9 digits' is present on page  using regular expression

2024-02-03 23:57:30 - [MESSAGE][PASSED] - Text 'Please enter a valid SSN with 9 digits' is present on page  using regular expression

2024-02-03 23:57:30 - [TEST_STEP][PASSED] - verifyTextPresent("Re-type SSN Validation Error", true, CONTINUE_ON_FAILURE): Text 'Re-type SSN Validation Error' is present on page  using regular expression

2024-02-03 23:57:30 - [MESSAGE][PASSED] - Text 'Re-type SSN Validation Error' is present on page  using regular expression

2024-02-03 23:57:30 - [TEST_STEP][PASSED] - resText = "Pass": null

2024-02-03 23:57:30 - [TEST_STEP][PASSED] - pages.WriteExcel.demoKey(resText, datText, resColumn, datCloumn, fileLoc, nameSheet, row): pages.WriteExcel.demoKey is PASSED

2024-02-03 23:57:30 - [MESSAGE][PASSED] - pages.WriteExcel.demoKey is PASSED

2024-02-03 23:57:30 - [TEST_STEP][PASSED] - ExecuteTC = findTestData(dataFile).getValue("Execute", row): null

2024-02-03 23:57:30 - [TEST_STEP][PASSED] - TaxType = findTestData(dataFile).getValue("TaxType", row): null

2024-02-03 23:57:30 - [TEST_STEP][PASSED] - PaymentType = findTestData(dataFile).getValue("PaymentType", row): null

2024-02-03 23:57:30 - [TEST_STEP][PASSED] - FilingYear = findTestData(dataFile).getValue("Year", row): null

2024-02-03 23:57:30 - [TEST_STEP][PASSED] - if (ExecuteTC.equalsIgnoreCase("Y")): null

2024-02-03 23:57:30 - [TEST_STEP][PASSED] - ExecuteTC = findTestData(dataFile).getValue("Execute", row): null

2024-02-03 23:57:31 - [TEST_STEP][PASSED] - TaxType = findTestData(dataFile).getValue("TaxType", row): null

2024-02-03 23:57:31 - [TEST_STEP][PASSED] - PaymentType = findTestData(dataFile).getValue("PaymentType", row): null

2024-02-03 23:57:31 - [TEST_STEP][PASSED] - FilingYear = findTestData(dataFile).getValue("Year", row): null

2024-02-03 23:57:31 - [TEST_STEP][PASSED] - if (ExecuteTC.equalsIgnoreCase("Y")): pages.WriteExcel.demoKey is PASSED

2024-02-03 23:57:31 - [TEST_STEP][PASSED] - out.println("Begin Record Number: " + row): null

2024-02-03 23:57:31 - [TEST_STEP][PASSED] - today = new java.util.Date(): null

2024-02-03 23:57:31 - [TEST_STEP][PASSED] - println(today): null

2024-02-03 23:57:31 - [TEST_STEP][PASSED] - datText = today: null

2024-02-03 23:57:31 - [TEST_STEP][PASSED] - logInfo("Payment Type: " + PaymentType): Payment Type: New Tax Return Amount Due

2024-02-03 23:57:31 - [MESSAGE][INFO] - Payment Type: New Tax Return Amount Due

2024-02-03 23:57:31 - [TEST_STEP][PASSED] - logInfo("Tax Type: " + TaxType): Tax Type: Personal Income Tax

2024-02-03 23:57:31 - [MESSAGE][INFO] - Tax Type: Personal Income Tax

2024-02-03 23:57:31 - [TEST_STEP][PASSED] - openBrowser(""): Browser is opened with url: ''

2024-02-03 23:57:31 - [MESSAGE][WARNING] - A browser is already opened. Closing browser and opening a new one

2024-02-03 23:57:32 - [MESSAGE][INFO] - Starting 'Chrome' driver

2024-02-03 23:57:32 - [MESSAGE][INFO] - User set preference: ['acceptInsecureCerts', 'true']

2024-02-03 23:57:32 - [MESSAGE][INFO] - Action delay is set to 0 milliseconds

2024-02-03 23:57:34 - [MESSAGE][PASSED] - Browser is opened with url: ''

2024-02-03 23:57:34 - [TEST_STEP][PASSED] - maximizeWindow(): Current window maximized

2024-02-03 23:57:34 - [MESSAGE][PASSED] - Current window maximized

2024-02-03 23:57:34 - [TEST_STEP][PASSED] - navigateToUrl(RADurl): Navigate to 'https://qa2.velocitypayment.com/client/rad/index.html' successfully

2024-02-03 23:57:34 - [MESSAGE][PASSED] - Navigate to 'https://qa2.velocitypayment.com/client/rad/index.html' successfully

2024-02-03 23:57:34 - [TEST_STEP][PASSED] - selectOptionByLabel(findTestObject(orPath_Landing + "/dd_TaxType"), PaymentType, false): All options with label 'New Tax Return Amount Due' are selected in object 'Object Repository/RAD_Pages/Landing_Page/dd_TaxType' 

2024-02-03 23:57:37 - [MESSAGE][PASSED] - All options with label 'New Tax Return Amount Due' are selected in object 'Object Repository/RAD_Pages/Landing_Page/dd_TaxType' 

2024-02-03 23:57:37 - [TEST_STEP][PASSED] - switch (PaymentType): null

2024-02-03 23:57:37 - [TEST_STEP][PASSED] - case "New Tax Return Amount Due":: null

2024-02-03 23:57:37 - [TEST_STEP][PASSED] - selectOptionByLabel(findTestObject("Object Repository/RAD_Pages/Landing_Page/select_NewTaxReturnAmountDue_TaxType"), TaxType, false): All options with label 'Personal Income Tax' are selected in object 'Object Repository/RAD_Pages/Landing_Page/select_NewTaxReturnAmountDue_TaxType' 

2024-02-03 23:57:37 - [MESSAGE][PASSED] - All options with label 'Personal Income Tax' are selected in object 'Object Repository/RAD_Pages/Landing_Page/select_NewTaxReturnAmountDue_TaxType' 

2024-02-03 23:57:37 - [TEST_STEP][PASSED] - break: null

2024-02-03 23:57:37 - [TEST_STEP][PASSED] - if (!(FilingYear.isEmpty())): All options with label '2023' are selected in object 'Object Repository/RAD_Pages/TaxTypeFilingYear_Page/select_FilingYear' 

2024-02-03 23:57:37 - [TEST_STEP][PASSED] - selectOptionByLabel(findTestObject(orPath_TaxTypeFilingYear + "/select_FilingYear"), FilingYear, false): All options with label '2023' are selected in object 'Object Repository/RAD_Pages/TaxTypeFilingYear_Page/select_FilingYear' 

2024-02-03 23:57:38 - [MESSAGE][PASSED] - All options with label '2023' are selected in object 'Object Repository/RAD_Pages/TaxTypeFilingYear_Page/select_FilingYear' 

2024-02-03 23:57:38 - [TEST_STEP][PASSED] - setText(findTestObject(orPath_TaxPayer + "/input_firstName"), " "): Text ' ' is set on object 'Object Repository/RAD_Pages/Taxpayer_Page/input_firstName'

2024-02-03 23:57:39 - [MESSAGE][PASSED] - Text ' ' is set on object 'Object Repository/RAD_Pages/Taxpayer_Page/input_firstName'

2024-02-03 23:57:39 - [TEST_STEP][PASSED] - setText(findTestObject(orPath_TaxPayer + "/input_lastName"), " "): Text ' ' is set on object 'Object Repository/RAD_Pages/Taxpayer_Page/input_lastName'

2024-02-03 23:57:40 - [MESSAGE][PASSED] - Text ' ' is set on object 'Object Repository/RAD_Pages/Taxpayer_Page/input_lastName'

2024-02-03 23:57:40 - [TEST_STEP][PASSED] - setText(findTestObject("RAD_RecordAndPlay/input_concatSSN"), " "): Text ' ' is set on object 'Object Repository/RAD_RecordAndPlay/input_concatSSN'

2024-02-03 23:57:40 - [MESSAGE][PASSED] - Text ' ' is set on object 'Object Repository/RAD_RecordAndPlay/input_concatSSN'

2024-02-03 23:57:40 - [TEST_STEP][PASSED] - setText(findTestObject("RAD_RecordAndPlay/input_concatReSSN"), " "): Text ' ' is set on object 'Object Repository/RAD_RecordAndPlay/input_concatReSSN'

2024-02-03 23:57:41 - [MESSAGE][PASSED] - Text ' ' is set on object 'Object Repository/RAD_RecordAndPlay/input_concatReSSN'

2024-02-03 23:57:41 - [TEST_STEP][PASSED] - setText(findTestObject(orPath_AddressContact + "/input_streetAddress1"), " "): Text ' ' is set on object 'Object Repository/RAD_Pages/AddressAndContactInfo_Page/input_streetAddress1'

2024-02-03 23:57:41 - [MESSAGE][PASSED] - Text ' ' is set on object 'Object Repository/RAD_Pages/AddressAndContactInfo_Page/input_streetAddress1'

2024-02-03 23:57:41 - [TEST_STEP][PASSED] - setText(findTestObject(orPath_AddressContact + "/input_city"), " "): Text ' ' is set on object 'Object Repository/RAD_Pages/AddressAndContactInfo_Page/input_city'

2024-02-03 23:57:42 - [MESSAGE][PASSED] - Text ' ' is set on object 'Object Repository/RAD_Pages/AddressAndContactInfo_Page/input_city'

2024-02-03 23:57:42 - [TEST_STEP][PASSED] - setText(findTestObject(orPath_AddressContact + "/input_zipCode"), " "): Text ' ' is set on object 'Object Repository/RAD_Pages/AddressAndContactInfo_Page/input_zipCode'

2024-02-03 23:57:43 - [MESSAGE][PASSED] - Text ' ' is set on object 'Object Repository/RAD_Pages/AddressAndContactInfo_Page/input_zipCode'

2024-02-03 23:57:43 - [TEST_STEP][PASSED] - setText(findTestObject(orPath_AddressContact + "/input_phoneNumber"), " "): Text ' ' is set on object 'Object Repository/RAD_Pages/AddressAndContactInfo_Page/input_phoneNumber'

2024-02-03 23:57:44 - [MESSAGE][PASSED] - Text ' ' is set on object 'Object Repository/RAD_Pages/AddressAndContactInfo_Page/input_phoneNumber'

2024-02-03 23:57:44 - [TEST_STEP][PASSED] - setText(findTestObject(orPath_AddressContact + "/input_eMailAddress"), " "): Text ' ' is set on object 'Object Repository/RAD_Pages/AddressAndContactInfo_Page/input_eMailAddress'

2024-02-03 23:57:45 - [MESSAGE][PASSED] - Text ' ' is set on object 'Object Repository/RAD_Pages/AddressAndContactInfo_Page/input_eMailAddress'

2024-02-03 23:57:45 - [TEST_STEP][PASSED] - setText(findTestObject(orPath_AddressContact + "/input_reEnterEMailAddress"), " "): Text ' ' is set on object 'Object Repository/RAD_Pages/AddressAndContactInfo_Page/input_reEnterEMailAddress'

2024-02-03 23:57:46 - [MESSAGE][PASSED] - Text ' ' is set on object 'Object Repository/RAD_Pages/AddressAndContactInfo_Page/input_reEnterEMailAddress'

2024-02-03 23:57:46 - [TEST_STEP][PASSED] - scrollToElement(findTestObject(orPath_Landing + "/button_Continue"), 3): Scroll to object 'Object Repository/RAD_Pages/Landing_Page/button_Continue' successfully

2024-02-03 23:57:46 - [MESSAGE][PASSED] - Scroll to object 'Object Repository/RAD_Pages/Landing_Page/button_Continue' successfully

2024-02-03 23:57:46 - [TEST_STEP][PASSED] - waitForElementClickable(findTestObject(orPath_FilingStatus + "/input_JointFiling_userType_New"), 5): Object 'Object Repository/RAD_Pages/FilingStatus_Page/input_JointFiling_userType_New' is clickable

2024-02-03 23:57:46 - [MESSAGE][PASSED] - Object 'Object Repository/RAD_Pages/FilingStatus_Page/input_JointFiling_userType_New' is clickable

2024-02-03 23:57:46 - [TEST_STEP][PASSED] - check(findTestObject(orPath_FilingStatus + "/input_JointFiling_userType_New")): Object 'Object Repository/RAD_Pages/FilingStatus_Page/input_JointFiling_userType_New' is checked

2024-02-03 23:57:47 - [MESSAGE][PASSED] - Object 'Object Repository/RAD_Pages/FilingStatus_Page/input_JointFiling_userType_New' is checked

2024-02-03 23:57:47 - [TEST_STEP][PASSED] - delay(2): Delayed 2 second(s)

2024-02-03 23:57:49 - [MESSAGE][PASSED] - Delayed 2 second(s)

2024-02-03 23:57:49 - [TEST_STEP][PASSED] - setText(findTestObject(orPath_FilingStatus + "/input_jointFirstName"), " "): Text ' ' is set on object 'Object Repository/RAD_Pages/FilingStatus_Page/input_jointFirstName'

2024-02-03 23:57:50 - [MESSAGE][PASSED] - Text ' ' is set on object 'Object Repository/RAD_Pages/FilingStatus_Page/input_jointFirstName'

2024-02-03 23:57:50 - [TEST_STEP][PASSED] - setText(findTestObject(orPath_FilingStatus + "/input_jointLastName"), " "): Text ' ' is set on object 'Object Repository/RAD_Pages/FilingStatus_Page/input_jointLastName'

2024-02-03 23:57:50 - [MESSAGE][PASSED] - Text ' ' is set on object 'Object Repository/RAD_Pages/FilingStatus_Page/input_jointLastName'

2024-02-03 23:57:50 - [TEST_STEP][PASSED] - setText(findTestObject("Object Repository/RAD_RecordAndPlay/input_JointFilerSSN"), " "): Text ' ' is set on object 'Object Repository/RAD_RecordAndPlay/input_JointFilerSSN'

2024-02-03 23:57:51 - [MESSAGE][PASSED] - Text ' ' is set on object 'Object Repository/RAD_RecordAndPlay/input_JointFilerSSN'

2024-02-03 23:57:51 - [TEST_STEP][PASSED] - setText(findTestObject("Object Repository/RAD_RecordAndPlay/input_reTypeJointFilerSSN"), " "): Text ' ' is set on object 'Object Repository/RAD_RecordAndPlay/input_reTypeJointFilerSSN'

2024-02-03 23:57:51 - [MESSAGE][PASSED] - Text ' ' is set on object 'Object Repository/RAD_RecordAndPlay/input_reTypeJointFilerSSN'

2024-02-03 23:57:51 - [TEST_STEP][PASSED] - resText = "Fail": null

2024-02-03 23:57:51 - [TEST_STEP][PASSED] - pages.WriteExcel.demoKey(resText, datText, resColumn, datCloumn, fileLoc, nameSheet, row): pages.WriteExcel.demoKey is PASSED

2024-02-03 23:57:51 - [MESSAGE][PASSED] - pages.WriteExcel.demoKey is PASSED

2024-02-03 23:57:51 - [TEST_STEP][PASSED] - verifyTextPresent("Enter first name", true, CONTINUE_ON_FAILURE): Text 'Enter first name' is present on page  using regular expression

2024-02-03 23:57:52 - [MESSAGE][PASSED] - Text 'Enter first name' is present on page  using regular expression

2024-02-03 23:57:52 - [TEST_STEP][PASSED] - verifyTextPresent("Enter last name", true, CONTINUE_ON_FAILURE): Text 'Enter last name' is present on page  using regular expression

2024-02-03 23:57:52 - [MESSAGE][PASSED] - Text 'Enter last name' is present on page  using regular expression

2024-02-03 23:57:52 - [TEST_STEP][PASSED] - verifyTextPresent("Please enter a valid SSN with 9 digits", true, CONTINUE_ON_FAILURE): Text 'Please enter a valid SSN with 9 digits' is present on page  using regular expression

2024-02-03 23:57:53 - [MESSAGE][PASSED] - Text 'Please enter a valid SSN with 9 digits' is present on page  using regular expression

2024-02-03 23:57:53 - [TEST_STEP][PASSED] - verifyTextPresent("Re-type SSN Validation Error", true, CONTINUE_ON_FAILURE): Text 'Re-type SSN Validation Error' is present on page  using regular expression

2024-02-03 23:57:53 - [MESSAGE][PASSED] - Text 'Re-type SSN Validation Error' is present on page  using regular expression

2024-02-03 23:57:53 - [TEST_STEP][PASSED] - verifyTextPresent("Enter address", true, CONTINUE_ON_FAILURE): Text 'Enter address' is present on page  using regular expression

2024-02-03 23:57:53 - [MESSAGE][PASSED] - Text 'Enter address' is present on page  using regular expression

2024-02-03 23:57:53 - [TEST_STEP][PASSED] - verifyTextPresent("Enter city", true, CONTINUE_ON_FAILURE): Text 'Enter city' is present on page  using regular expression

2024-02-03 23:57:54 - [MESSAGE][PASSED] - Text 'Enter city' is present on page  using regular expression

2024-02-03 23:57:54 - [TEST_STEP][PASSED] - verifyTextPresent("Enter ZIP code", true, CONTINUE_ON_FAILURE): Text 'Enter ZIP code' is present on page  using regular expression

2024-02-03 23:57:54 - [MESSAGE][PASSED] - Text 'Enter ZIP code' is present on page  using regular expression

2024-02-03 23:57:54 - [TEST_STEP][PASSED] - verifyTextPresent("Enter a valid phone number", true, CONTINUE_ON_FAILURE): Text 'Enter a valid phone number' is present on page  using regular expression

2024-02-03 23:57:54 - [MESSAGE][PASSED] - Text 'Enter a valid phone number' is present on page  using regular expression

2024-02-03 23:57:54 - [TEST_STEP][PASSED] - verifyTextPresent("Enter Email", true, CONTINUE_ON_FAILURE): Text 'Enter Email' is present on page  using regular expression

2024-02-03 23:57:55 - [MESSAGE][PASSED] - Text 'Enter Email' is present on page  using regular expression

2024-02-03 23:57:55 - [TEST_STEP][PASSED] - verifyTextPresent("Enter joint payer first name", true, CONTINUE_ON_FAILURE): Text 'Enter joint payer first name' is present on page  using regular expression

2024-02-03 23:57:55 - [MESSAGE][PASSED] - Text 'Enter joint payer first name' is present on page  using regular expression

2024-02-03 23:57:55 - [TEST_STEP][PASSED] - verifyTextPresent("Enter joint payer last name", true, CONTINUE_ON_FAILURE): Text 'Enter joint payer last name' is present on page  using regular expression

2024-02-03 23:57:56 - [MESSAGE][PASSED] - Text 'Enter joint payer last name' is present on page  using regular expression

2024-02-03 23:57:56 - [TEST_STEP][PASSED] - verifyTextPresent("Please enter a valid SSN with 9 digits", true, CONTINUE_ON_FAILURE): Text 'Please enter a valid SSN with 9 digits' is present on page  using regular expression

2024-02-03 23:57:56 - [MESSAGE][PASSED] - Text 'Please enter a valid SSN with 9 digits' is present on page  using regular expression

2024-02-03 23:57:56 - [TEST_STEP][PASSED] - verifyTextPresent("Re-type SSN Validation Error", true, CONTINUE_ON_FAILURE): Text 'Re-type SSN Validation Error' is present on page  using regular expression

2024-02-03 23:57:56 - [MESSAGE][PASSED] - Text 'Re-type SSN Validation Error' is present on page  using regular expression

2024-02-03 23:57:56 - [TEST_STEP][PASSED] - resText = "Pass": null

2024-02-03 23:57:56 - [TEST_STEP][PASSED] - pages.WriteExcel.demoKey(resText, datText, resColumn, datCloumn, fileLoc, nameSheet, row): pages.WriteExcel.demoKey is PASSED

2024-02-03 23:57:56 - [MESSAGE][PASSED] - pages.WriteExcel.demoKey is PASSED

2024-02-03 23:57:56 - [TEST_STEP][PASSED] - ExecuteTC = findTestData(dataFile).getValue("Execute", row): null

2024-02-03 23:57:56 - [TEST_STEP][PASSED] - TaxType = findTestData(dataFile).getValue("TaxType", row): null

2024-02-03 23:57:57 - [TEST_STEP][PASSED] - PaymentType = findTestData(dataFile).getValue("PaymentType", row): null

2024-02-03 23:57:57 - [TEST_STEP][PASSED] - FilingYear = findTestData(dataFile).getValue("Year", row): null

2024-02-03 23:57:57 - [TEST_STEP][PASSED] - if (ExecuteTC.equalsIgnoreCase("Y")): pages.WriteExcel.demoKey is PASSED

2024-02-03 23:57:57 - [TEST_STEP][PASSED] - out.println("Begin Record Number: " + row): null

2024-02-03 23:57:57 - [TEST_STEP][PASSED] - today = new java.util.Date(): null

2024-02-03 23:57:57 - [TEST_STEP][PASSED] - println(today): null

2024-02-03 23:57:57 - [TEST_STEP][PASSED] - datText = today: null

2024-02-03 23:57:57 - [TEST_STEP][PASSED] - logInfo("Payment Type: " + PaymentType): Payment Type: New Tax Return Amount Due

2024-02-03 23:57:57 - [MESSAGE][INFO] - Payment Type: New Tax Return Amount Due

2024-02-03 23:57:57 - [TEST_STEP][PASSED] - logInfo("Tax Type: " + TaxType): Tax Type: Personal Income Tax

2024-02-03 23:57:57 - [MESSAGE][INFO] - Tax Type: Personal Income Tax

2024-02-03 23:57:57 - [TEST_STEP][PASSED] - openBrowser(""): Browser is opened with url: ''

2024-02-03 23:57:57 - [MESSAGE][WARNING] - A browser is already opened. Closing browser and opening a new one

2024-02-03 23:57:58 - [MESSAGE][INFO] - Starting 'Chrome' driver

2024-02-03 23:57:58 - [MESSAGE][INFO] - User set preference: ['acceptInsecureCerts', 'true']

2024-02-03 23:57:58 - [MESSAGE][INFO] - Action delay is set to 0 milliseconds

2024-02-03 23:58:00 - [MESSAGE][PASSED] - Browser is opened with url: ''

2024-02-03 23:58:00 - [TEST_STEP][PASSED] - maximizeWindow(): Current window maximized

2024-02-03 23:58:00 - [MESSAGE][PASSED] - Current window maximized

2024-02-03 23:58:00 - [TEST_STEP][PASSED] - navigateToUrl(RADurl): Navigate to 'https://qa2.velocitypayment.com/client/rad/index.html' successfully

2024-02-03 23:58:00 - [MESSAGE][PASSED] - Navigate to 'https://qa2.velocitypayment.com/client/rad/index.html' successfully

2024-02-03 23:58:00 - [TEST_STEP][PASSED] - selectOptionByLabel(findTestObject(orPath_Landing + "/dd_TaxType"), PaymentType, false): All options with label 'New Tax Return Amount Due' are selected in object 'Object Repository/RAD_Pages/Landing_Page/dd_TaxType' 

2024-02-03 23:58:03 - [MESSAGE][PASSED] - All options with label 'New Tax Return Amount Due' are selected in object 'Object Repository/RAD_Pages/Landing_Page/dd_TaxType' 

2024-02-03 23:58:03 - [TEST_STEP][PASSED] - switch (PaymentType): null

2024-02-03 23:58:03 - [TEST_STEP][PASSED] - case "New Tax Return Amount Due":: null

2024-02-03 23:58:03 - [TEST_STEP][PASSED] - selectOptionByLabel(findTestObject("Object Repository/RAD_Pages/Landing_Page/select_NewTaxReturnAmountDue_TaxType"), TaxType, false): All options with label 'Personal Income Tax' are selected in object 'Object Repository/RAD_Pages/Landing_Page/select_NewTaxReturnAmountDue_TaxType' 

2024-02-03 23:58:03 - [MESSAGE][PASSED] - All options with label 'Personal Income Tax' are selected in object 'Object Repository/RAD_Pages/Landing_Page/select_NewTaxReturnAmountDue_TaxType' 

2024-02-03 23:58:03 - [TEST_STEP][PASSED] - break: null

2024-02-03 23:58:03 - [TEST_STEP][PASSED] - if (!(FilingYear.isEmpty())): All options with label '2022' are selected in object 'Object Repository/RAD_Pages/TaxTypeFilingYear_Page/select_FilingYear' 

2024-02-03 23:58:03 - [TEST_STEP][PASSED] - selectOptionByLabel(findTestObject(orPath_TaxTypeFilingYear + "/select_FilingYear"), FilingYear, false): All options with label '2022' are selected in object 'Object Repository/RAD_Pages/TaxTypeFilingYear_Page/select_FilingYear' 

2024-02-03 23:58:04 - [MESSAGE][PASSED] - All options with label '2022' are selected in object 'Object Repository/RAD_Pages/TaxTypeFilingYear_Page/select_FilingYear' 

2024-02-03 23:58:04 - [TEST_STEP][PASSED] - setText(findTestObject(orPath_TaxPayer + "/input_firstName"), " "): Text ' ' is set on object 'Object Repository/RAD_Pages/Taxpayer_Page/input_firstName'

2024-02-03 23:58:05 - [MESSAGE][PASSED] - Text ' ' is set on object 'Object Repository/RAD_Pages/Taxpayer_Page/input_firstName'

2024-02-03 23:58:05 - [TEST_STEP][PASSED] - setText(findTestObject(orPath_TaxPayer + "/input_lastName"), " "): Text ' ' is set on object 'Object Repository/RAD_Pages/Taxpayer_Page/input_lastName'

2024-02-03 23:58:05 - [MESSAGE][PASSED] - Text ' ' is set on object 'Object Repository/RAD_Pages/Taxpayer_Page/input_lastName'

2024-02-03 23:58:05 - [TEST_STEP][PASSED] - setText(findTestObject("RAD_RecordAndPlay/input_concatSSN"), " "): Text ' ' is set on object 'Object Repository/RAD_RecordAndPlay/input_concatSSN'

2024-02-03 23:58:06 - [MESSAGE][PASSED] - Text ' ' is set on object 'Object Repository/RAD_RecordAndPlay/input_concatSSN'

2024-02-03 23:58:06 - [TEST_STEP][PASSED] - setText(findTestObject("RAD_RecordAndPlay/input_concatReSSN"), " "): Text ' ' is set on object 'Object Repository/RAD_RecordAndPlay/input_concatReSSN'

2024-02-03 23:58:07 - [MESSAGE][PASSED] - Text ' ' is set on object 'Object Repository/RAD_RecordAndPlay/input_concatReSSN'

2024-02-03 23:58:07 - [TEST_STEP][PASSED] - setText(findTestObject(orPath_AddressContact + "/input_streetAddress1"), " "): Text ' ' is set on object 'Object Repository/RAD_Pages/AddressAndContactInfo_Page/input_streetAddress1'

2024-02-03 23:58:07 - [MESSAGE][PASSED] - Text ' ' is set on object 'Object Repository/RAD_Pages/AddressAndContactInfo_Page/input_streetAddress1'

2024-02-03 23:58:07 - [TEST_STEP][PASSED] - setText(findTestObject(orPath_AddressContact + "/input_city"), " "): Text ' ' is set on object 'Object Repository/RAD_Pages/AddressAndContactInfo_Page/input_city'

2024-02-03 23:58:08 - [MESSAGE][PASSED] - Text ' ' is set on object 'Object Repository/RAD_Pages/AddressAndContactInfo_Page/input_city'

2024-02-03 23:58:08 - [TEST_STEP][PASSED] - setText(findTestObject(orPath_AddressContact + "/input_zipCode"), " "): Text ' ' is set on object 'Object Repository/RAD_Pages/AddressAndContactInfo_Page/input_zipCode'

2024-02-03 23:58:09 - [MESSAGE][PASSED] - Text ' ' is set on object 'Object Repository/RAD_Pages/AddressAndContactInfo_Page/input_zipCode'

2024-02-03 23:58:09 - [TEST_STEP][PASSED] - setText(findTestObject(orPath_AddressContact + "/input_phoneNumber"), " "): Text ' ' is set on object 'Object Repository/RAD_Pages/AddressAndContactInfo_Page/input_phoneNumber'

2024-02-03 23:58:10 - [MESSAGE][PASSED] - Text ' ' is set on object 'Object Repository/RAD_Pages/AddressAndContactInfo_Page/input_phoneNumber'

2024-02-03 23:58:10 - [TEST_STEP][PASSED] - setText(findTestObject(orPath_AddressContact + "/input_eMailAddress"), " "): Text ' ' is set on object 'Object Repository/RAD_Pages/AddressAndContactInfo_Page/input_eMailAddress'

2024-02-03 23:58:11 - [MESSAGE][PASSED] - Text ' ' is set on object 'Object Repository/RAD_Pages/AddressAndContactInfo_Page/input_eMailAddress'

2024-02-03 23:58:11 - [TEST_STEP][PASSED] - setText(findTestObject(orPath_AddressContact + "/input_reEnterEMailAddress"), " "): Text ' ' is set on object 'Object Repository/RAD_Pages/AddressAndContactInfo_Page/input_reEnterEMailAddress'

2024-02-03 23:58:11 - [MESSAGE][PASSED] - Text ' ' is set on object 'Object Repository/RAD_Pages/AddressAndContactInfo_Page/input_reEnterEMailAddress'

2024-02-03 23:58:11 - [TEST_STEP][PASSED] - scrollToElement(findTestObject(orPath_Landing + "/button_Continue"), 3): Scroll to object 'Object Repository/RAD_Pages/Landing_Page/button_Continue' successfully

2024-02-03 23:58:12 - [MESSAGE][PASSED] - Scroll to object 'Object Repository/RAD_Pages/Landing_Page/button_Continue' successfully

2024-02-03 23:58:12 - [TEST_STEP][PASSED] - waitForElementClickable(findTestObject(orPath_FilingStatus + "/input_JointFiling_userType_New"), 5): Object 'Object Repository/RAD_Pages/FilingStatus_Page/input_JointFiling_userType_New' is clickable

2024-02-03 23:58:12 - [MESSAGE][PASSED] - Object 'Object Repository/RAD_Pages/FilingStatus_Page/input_JointFiling_userType_New' is clickable

2024-02-03 23:58:12 - [TEST_STEP][PASSED] - check(findTestObject(orPath_FilingStatus + "/input_JointFiling_userType_New")): Object 'Object Repository/RAD_Pages/FilingStatus_Page/input_JointFiling_userType_New' is checked

2024-02-03 23:58:13 - [MESSAGE][PASSED] - Object 'Object Repository/RAD_Pages/FilingStatus_Page/input_JointFiling_userType_New' is checked

2024-02-03 23:58:13 - [TEST_STEP][PASSED] - delay(2): Delayed 2 second(s)

2024-02-03 23:58:15 - [MESSAGE][PASSED] - Delayed 2 second(s)

2024-02-03 23:58:15 - [TEST_STEP][PASSED] - setText(findTestObject(orPath_FilingStatus + "/input_jointFirstName"), " "): Text ' ' is set on object 'Object Repository/RAD_Pages/FilingStatus_Page/input_jointFirstName'

2024-02-03 23:58:16 - [MESSAGE][PASSED] - Text ' ' is set on object 'Object Repository/RAD_Pages/FilingStatus_Page/input_jointFirstName'

2024-02-03 23:58:16 - [TEST_STEP][PASSED] - setText(findTestObject(orPath_FilingStatus + "/input_jointLastName"), " "): Text ' ' is set on object 'Object Repository/RAD_Pages/FilingStatus_Page/input_jointLastName'

2024-02-03 23:58:16 - [MESSAGE][PASSED] - Text ' ' is set on object 'Object Repository/RAD_Pages/FilingStatus_Page/input_jointLastName'

2024-02-03 23:58:16 - [TEST_STEP][PASSED] - setText(findTestObject("Object Repository/RAD_RecordAndPlay/input_JointFilerSSN"), " "): Text ' ' is set on object 'Object Repository/RAD_RecordAndPlay/input_JointFilerSSN'

2024-02-03 23:58:17 - [MESSAGE][PASSED] - Text ' ' is set on object 'Object Repository/RAD_RecordAndPlay/input_JointFilerSSN'

2024-02-03 23:58:17 - [TEST_STEP][PASSED] - setText(findTestObject("Object Repository/RAD_RecordAndPlay/input_reTypeJointFilerSSN"), " "): Text ' ' is set on object 'Object Repository/RAD_RecordAndPlay/input_reTypeJointFilerSSN'

2024-02-03 23:58:17 - [MESSAGE][PASSED] - Text ' ' is set on object 'Object Repository/RAD_RecordAndPlay/input_reTypeJointFilerSSN'

2024-02-03 23:58:17 - [TEST_STEP][PASSED] - resText = "Fail": null

2024-02-03 23:58:17 - [TEST_STEP][PASSED] - pages.WriteExcel.demoKey(resText, datText, resColumn, datCloumn, fileLoc, nameSheet, row): pages.WriteExcel.demoKey is PASSED

2024-02-03 23:58:17 - [MESSAGE][PASSED] - pages.WriteExcel.demoKey is PASSED

2024-02-03 23:58:17 - [TEST_STEP][PASSED] - verifyTextPresent("Enter first name", true, CONTINUE_ON_FAILURE): Text 'Enter first name' is present on page  using regular expression

2024-02-03 23:58:18 - [MESSAGE][PASSED] - Text 'Enter first name' is present on page  using regular expression

2024-02-03 23:58:18 - [TEST_STEP][PASSED] - verifyTextPresent("Enter last name", true, CONTINUE_ON_FAILURE): Text 'Enter last name' is present on page  using regular expression

2024-02-03 23:58:18 - [MESSAGE][PASSED] - Text 'Enter last name' is present on page  using regular expression

2024-02-03 23:58:18 - [TEST_STEP][PASSED] - verifyTextPresent("Please enter a valid SSN with 9 digits", true, CONTINUE_ON_FAILURE): Text 'Please enter a valid SSN with 9 digits' is present on page  using regular expression

2024-02-03 23:58:19 - [MESSAGE][PASSED] - Text 'Please enter a valid SSN with 9 digits' is present on page  using regular expression

2024-02-03 23:58:19 - [TEST_STEP][PASSED] - verifyTextPresent("Re-type SSN Validation Error", true, CONTINUE_ON_FAILURE): Text 'Re-type SSN Validation Error' is present on page  using regular expression

2024-02-03 23:58:19 - [MESSAGE][PASSED] - Text 'Re-type SSN Validation Error' is present on page  using regular expression

2024-02-03 23:58:19 - [TEST_STEP][PASSED] - verifyTextPresent("Enter address", true, CONTINUE_ON_FAILURE): Text 'Enter address' is present on page  using regular expression

2024-02-03 23:58:19 - [MESSAGE][PASSED] - Text 'Enter address' is present on page  using regular expression

2024-02-03 23:58:19 - [TEST_STEP][PASSED] - verifyTextPresent("Enter city", true, CONTINUE_ON_FAILURE): Text 'Enter city' is present on page  using regular expression

2024-02-03 23:58:20 - [MESSAGE][PASSED] - Text 'Enter city' is present on page  using regular expression

2024-02-03 23:58:20 - [TEST_STEP][PASSED] - verifyTextPresent("Enter ZIP code", true, CONTINUE_ON_FAILURE): Text 'Enter ZIP code' is present on page  using regular expression

2024-02-03 23:58:20 - [MESSAGE][PASSED] - Text 'Enter ZIP code' is present on page  using regular expression

2024-02-03 23:58:20 - [TEST_STEP][PASSED] - verifyTextPresent("Enter a valid phone number", true, CONTINUE_ON_FAILURE): Text 'Enter a valid phone number' is present on page  using regular expression

2024-02-03 23:58:21 - [MESSAGE][PASSED] - Text 'Enter a valid phone number' is present on page  using regular expression

2024-02-03 23:58:21 - [TEST_STEP][PASSED] - verifyTextPresent("Enter Email", true, CONTINUE_ON_FAILURE): Text 'Enter Email' is present on page  using regular expression

2024-02-03 23:58:21 - [MESSAGE][PASSED] - Text 'Enter Email' is present on page  using regular expression

2024-02-03 23:58:21 - [TEST_STEP][PASSED] - verifyTextPresent("Enter joint payer first name", true, CONTINUE_ON_FAILURE): Text 'Enter joint payer first name' is present on page  using regular expression

2024-02-03 23:58:21 - [MESSAGE][PASSED] - Text 'Enter joint payer first name' is present on page  using regular expression

2024-02-03 23:58:21 - [TEST_STEP][PASSED] - verifyTextPresent("Enter joint payer last name", true, CONTINUE_ON_FAILURE): Text 'Enter joint payer last name' is present on page  using regular expression

2024-02-03 23:58:22 - [MESSAGE][PASSED] - Text 'Enter joint payer last name' is present on page  using regular expression

2024-02-03 23:58:22 - [TEST_STEP][PASSED] - verifyTextPresent("Please enter a valid SSN with 9 digits", true, CONTINUE_ON_FAILURE): Text 'Please enter a valid SSN with 9 digits' is present on page  using regular expression

2024-02-03 23:58:22 - [MESSAGE][PASSED] - Text 'Please enter a valid SSN with 9 digits' is present on page  using regular expression

2024-02-03 23:58:22 - [TEST_STEP][PASSED] - verifyTextPresent("Re-type SSN Validation Error", true, CONTINUE_ON_FAILURE): Text 'Re-type SSN Validation Error' is present on page  using regular expression

2024-02-03 23:58:22 - [MESSAGE][PASSED] - Text 'Re-type SSN Validation Error' is present on page  using regular expression

2024-02-03 23:58:22 - [TEST_STEP][PASSED] - resText = "Pass": null

2024-02-03 23:58:22 - [TEST_STEP][PASSED] - pages.WriteExcel.demoKey(resText, datText, resColumn, datCloumn, fileLoc, nameSheet, row): pages.WriteExcel.demoKey is PASSED

2024-02-03 23:58:22 - [MESSAGE][PASSED] - pages.WriteExcel.demoKey is PASSED

2024-02-03 23:58:22 - [TEST_STEP][PASSED] - ExecuteTC = findTestData(dataFile).getValue("Execute", row): null

2024-02-03 23:58:23 - [TEST_STEP][PASSED] - TaxType = findTestData(dataFile).getValue("TaxType", row): null

2024-02-03 23:58:23 - [TEST_STEP][PASSED] - PaymentType = findTestData(dataFile).getValue("PaymentType", row): null

2024-02-03 23:58:23 - [TEST_STEP][PASSED] - FilingYear = findTestData(dataFile).getValue("Year", row): null

2024-02-03 23:58:23 - [TEST_STEP][PASSED] - if (ExecuteTC.equalsIgnoreCase("Y")): pages.WriteExcel.demoKey is PASSED

2024-02-03 23:58:23 - [TEST_STEP][PASSED] - out.println("Begin Record Number: " + row): null

2024-02-03 23:58:23 - [TEST_STEP][PASSED] - today = new java.util.Date(): null

2024-02-03 23:58:23 - [TEST_STEP][PASSED] - println(today): null

2024-02-03 23:58:23 - [TEST_STEP][PASSED] - datText = today: null

2024-02-03 23:58:23 - [TEST_STEP][PASSED] - logInfo("Payment Type: " + PaymentType): Payment Type: New Tax Return Amount Due

2024-02-03 23:58:23 - [MESSAGE][INFO] - Payment Type: New Tax Return Amount Due

2024-02-03 23:58:23 - [TEST_STEP][PASSED] - logInfo("Tax Type: " + TaxType): Tax Type: Personal Income Tax

2024-02-03 23:58:23 - [MESSAGE][INFO] - Tax Type: Personal Income Tax

2024-02-03 23:58:23 - [TEST_STEP][PASSED] - openBrowser(""): Browser is opened with url: ''

2024-02-03 23:58:23 - [MESSAGE][WARNING] - A browser is already opened. Closing browser and opening a new one

2024-02-03 23:58:24 - [MESSAGE][INFO] - Starting 'Chrome' driver

2024-02-03 23:58:24 - [MESSAGE][INFO] - User set preference: ['acceptInsecureCerts', 'true']

2024-02-03 23:58:24 - [MESSAGE][INFO] - Action delay is set to 0 milliseconds

2024-02-03 23:58:26 - [MESSAGE][PASSED] - Browser is opened with url: ''

2024-02-03 23:58:26 - [TEST_STEP][PASSED] - maximizeWindow(): Current window maximized

2024-02-03 23:58:26 - [MESSAGE][PASSED] - Current window maximized

2024-02-03 23:58:26 - [TEST_STEP][PASSED] - navigateToUrl(RADurl): Navigate to 'https://qa2.velocitypayment.com/client/rad/index.html' successfully

2024-02-03 23:58:28 - [MESSAGE][PASSED] - Navigate to 'https://qa2.velocitypayment.com/client/rad/index.html' successfully

2024-02-03 23:58:28 - [TEST_STEP][PASSED] - selectOptionByLabel(findTestObject(orPath_Landing + "/dd_TaxType"), PaymentType, false): All options with label 'New Tax Return Amount Due' are selected in object 'Object Repository/RAD_Pages/Landing_Page/dd_TaxType' 

2024-02-03 23:58:29 - [MESSAGE][PASSED] - All options with label 'New Tax Return Amount Due' are selected in object 'Object Repository/RAD_Pages/Landing_Page/dd_TaxType' 

2024-02-03 23:58:29 - [TEST_STEP][PASSED] - switch (PaymentType): null

2024-02-03 23:58:29 - [TEST_STEP][PASSED] - case "New Tax Return Amount Due":: null

2024-02-03 23:58:29 - [TEST_STEP][PASSED] - selectOptionByLabel(findTestObject("Object Repository/RAD_Pages/Landing_Page/select_NewTaxReturnAmountDue_TaxType"), TaxType, false): All options with label 'Personal Income Tax' are selected in object 'Object Repository/RAD_Pages/Landing_Page/select_NewTaxReturnAmountDue_TaxType' 

2024-02-03 23:58:29 - [MESSAGE][PASSED] - All options with label 'Personal Income Tax' are selected in object 'Object Repository/RAD_Pages/Landing_Page/select_NewTaxReturnAmountDue_TaxType' 

2024-02-03 23:58:29 - [TEST_STEP][PASSED] - break: null

2024-02-03 23:58:29 - [TEST_STEP][PASSED] - if (!(FilingYear.isEmpty())): All options with label '2021' are selected in object 'Object Repository/RAD_Pages/TaxTypeFilingYear_Page/select_FilingYear' 

2024-02-03 23:58:29 - [TEST_STEP][PASSED] - selectOptionByLabel(findTestObject(orPath_TaxTypeFilingYear + "/select_FilingYear"), FilingYear, false): All options with label '2021' are selected in object 'Object Repository/RAD_Pages/TaxTypeFilingYear_Page/select_FilingYear' 

2024-02-03 23:58:30 - [MESSAGE][PASSED] - All options with label '2021' are selected in object 'Object Repository/RAD_Pages/TaxTypeFilingYear_Page/select_FilingYear' 

2024-02-03 23:58:30 - [TEST_STEP][PASSED] - setText(findTestObject(orPath_TaxPayer + "/input_firstName"), " "): Text ' ' is set on object 'Object Repository/RAD_Pages/Taxpayer_Page/input_firstName'

2024-02-03 23:58:31 - [MESSAGE][PASSED] - Text ' ' is set on object 'Object Repository/RAD_Pages/Taxpayer_Page/input_firstName'

2024-02-03 23:58:31 - [TEST_STEP][PASSED] - setText(findTestObject(orPath_TaxPayer + "/input_lastName"), " "): Text ' ' is set on object 'Object Repository/RAD_Pages/Taxpayer_Page/input_lastName'

2024-02-03 23:58:32 - [MESSAGE][PASSED] - Text ' ' is set on object 'Object Repository/RAD_Pages/Taxpayer_Page/input_lastName'

2024-02-03 23:58:32 - [TEST_STEP][PASSED] - setText(findTestObject("RAD_RecordAndPlay/input_concatSSN"), " "): Text ' ' is set on object 'Object Repository/RAD_RecordAndPlay/input_concatSSN'

2024-02-03 23:58:32 - [MESSAGE][PASSED] - Text ' ' is set on object 'Object Repository/RAD_RecordAndPlay/input_concatSSN'

2024-02-03 23:58:32 - [TEST_STEP][PASSED] - setText(findTestObject("RAD_RecordAndPlay/input_concatReSSN"), " "): Text ' ' is set on object 'Object Repository/RAD_RecordAndPlay/input_concatReSSN'

2024-02-03 23:58:33 - [MESSAGE][PASSED] - Text ' ' is set on object 'Object Repository/RAD_RecordAndPlay/input_concatReSSN'

2024-02-03 23:58:33 - [TEST_STEP][PASSED] - setText(findTestObject(orPath_AddressContact + "/input_streetAddress1"), " "): Text ' ' is set on object 'Object Repository/RAD_Pages/AddressAndContactInfo_Page/input_streetAddress1'

2024-02-03 23:58:34 - [MESSAGE][PASSED] - Text ' ' is set on object 'Object Repository/RAD_Pages/AddressAndContactInfo_Page/input_streetAddress1'

2024-02-03 23:58:34 - [TEST_STEP][PASSED] - setText(findTestObject(orPath_AddressContact + "/input_city"), " "): Text ' ' is set on object 'Object Repository/RAD_Pages/AddressAndContactInfo_Page/input_city'

2024-02-03 23:58:34 - [MESSAGE][PASSED] - Text ' ' is set on object 'Object Repository/RAD_Pages/AddressAndContactInfo_Page/input_city'

2024-02-03 23:58:34 - [TEST_STEP][PASSED] - setText(findTestObject(orPath_AddressContact + "/input_zipCode"), " "): Text ' ' is set on object 'Object Repository/RAD_Pages/AddressAndContactInfo_Page/input_zipCode'

2024-02-03 23:58:35 - [MESSAGE][PASSED] - Text ' ' is set on object 'Object Repository/RAD_Pages/AddressAndContactInfo_Page/input_zipCode'

2024-02-03 23:58:35 - [TEST_STEP][PASSED] - setText(findTestObject(orPath_AddressContact + "/input_phoneNumber"), " "): Text ' ' is set on object 'Object Repository/RAD_Pages/AddressAndContactInfo_Page/input_phoneNumber'

2024-02-03 23:58:36 - [MESSAGE][PASSED] - Text ' ' is set on object 'Object Repository/RAD_Pages/AddressAndContactInfo_Page/input_phoneNumber'

2024-02-03 23:58:36 - [TEST_STEP][PASSED] - setText(findTestObject(orPath_AddressContact + "/input_eMailAddress"), " "): Text ' ' is set on object 'Object Repository/RAD_Pages/AddressAndContactInfo_Page/input_eMailAddress'

2024-02-03 23:58:37 - [MESSAGE][PASSED] - Text ' ' is set on object 'Object Repository/RAD_Pages/AddressAndContactInfo_Page/input_eMailAddress'

2024-02-03 23:58:37 - [TEST_STEP][PASSED] - setText(findTestObject(orPath_AddressContact + "/input_reEnterEMailAddress"), " "): Text ' ' is set on object 'Object Repository/RAD_Pages/AddressAndContactInfo_Page/input_reEnterEMailAddress'

2024-02-03 23:58:37 - [MESSAGE][PASSED] - Text ' ' is set on object 'Object Repository/RAD_Pages/AddressAndContactInfo_Page/input_reEnterEMailAddress'

2024-02-03 23:58:37 - [TEST_STEP][PASSED] - scrollToElement(findTestObject(orPath_Landing + "/button_Continue"), 3): Scroll to object 'Object Repository/RAD_Pages/Landing_Page/button_Continue' successfully

2024-02-03 23:58:38 - [MESSAGE][PASSED] - Scroll to object 'Object Repository/RAD_Pages/Landing_Page/button_Continue' successfully

2024-02-03 23:58:38 - [TEST_STEP][PASSED] - waitForElementClickable(findTestObject(orPath_FilingStatus + "/input_JointFiling_userType_New"), 5): Object 'Object Repository/RAD_Pages/FilingStatus_Page/input_JointFiling_userType_New' is clickable

2024-02-03 23:58:38 - [MESSAGE][PASSED] - Object 'Object Repository/RAD_Pages/FilingStatus_Page/input_JointFiling_userType_New' is clickable

2024-02-03 23:58:38 - [TEST_STEP][PASSED] - check(findTestObject(orPath_FilingStatus + "/input_JointFiling_userType_New")): Object 'Object Repository/RAD_Pages/FilingStatus_Page/input_JointFiling_userType_New' is checked

2024-02-03 23:58:39 - [MESSAGE][PASSED] - Object 'Object Repository/RAD_Pages/FilingStatus_Page/input_JointFiling_userType_New' is checked

2024-02-03 23:58:39 - [TEST_STEP][PASSED] - delay(2): Delayed 2 second(s)

2024-02-03 23:58:41 - [MESSAGE][PASSED] - Delayed 2 second(s)

2024-02-03 23:58:41 - [TEST_STEP][PASSED] - setText(findTestObject(orPath_FilingStatus + "/input_jointFirstName"), " "): Text ' ' is set on object 'Object Repository/RAD_Pages/FilingStatus_Page/input_jointFirstName'

2024-02-03 23:58:41 - [MESSAGE][PASSED] - Text ' ' is set on object 'Object Repository/RAD_Pages/FilingStatus_Page/input_jointFirstName'

2024-02-03 23:58:41 - [TEST_STEP][PASSED] - setText(findTestObject(orPath_FilingStatus + "/input_jointLastName"), " "): Text ' ' is set on object 'Object Repository/RAD_Pages/FilingStatus_Page/input_jointLastName'

2024-02-03 23:58:42 - [MESSAGE][PASSED] - Text ' ' is set on object 'Object Repository/RAD_Pages/FilingStatus_Page/input_jointLastName'

2024-02-03 23:58:42 - [TEST_STEP][PASSED] - setText(findTestObject("Object Repository/RAD_RecordAndPlay/input_JointFilerSSN"), " "): Text ' ' is set on object 'Object Repository/RAD_RecordAndPlay/input_JointFilerSSN'

2024-02-03 23:58:43 - [MESSAGE][PASSED] - Text ' ' is set on object 'Object Repository/RAD_RecordAndPlay/input_JointFilerSSN'

2024-02-03 23:58:43 - [TEST_STEP][PASSED] - setText(findTestObject("Object Repository/RAD_RecordAndPlay/input_reTypeJointFilerSSN"), " "): Text ' ' is set on object 'Object Repository/RAD_RecordAndPlay/input_reTypeJointFilerSSN'

2024-02-03 23:58:43 - [MESSAGE][PASSED] - Text ' ' is set on object 'Object Repository/RAD_RecordAndPlay/input_reTypeJointFilerSSN'

2024-02-03 23:58:43 - [TEST_STEP][PASSED] - resText = "Fail": null

2024-02-03 23:58:43 - [TEST_STEP][PASSED] - pages.WriteExcel.demoKey(resText, datText, resColumn, datCloumn, fileLoc, nameSheet, row): pages.WriteExcel.demoKey is PASSED

2024-02-03 23:58:43 - [MESSAGE][PASSED] - pages.WriteExcel.demoKey is PASSED

2024-02-03 23:58:43 - [TEST_STEP][PASSED] - verifyTextPresent("Enter first name", true, CONTINUE_ON_FAILURE): Text 'Enter first name' is present on page  using regular expression

2024-02-03 23:58:44 - [MESSAGE][PASSED] - Text 'Enter first name' is present on page  using regular expression

2024-02-03 23:58:44 - [TEST_STEP][PASSED] - verifyTextPresent("Enter last name", true, CONTINUE_ON_FAILURE): Text 'Enter last name' is present on page  using regular expression

2024-02-03 23:58:44 - [MESSAGE][PASSED] - Text 'Enter last name' is present on page  using regular expression

2024-02-03 23:58:44 - [TEST_STEP][PASSED] - verifyTextPresent("Please enter a valid SSN with 9 digits", true, CONTINUE_ON_FAILURE): Text 'Please enter a valid SSN with 9 digits' is present on page  using regular expression

2024-02-03 23:58:45 - [MESSAGE][PASSED] - Text 'Please enter a valid SSN with 9 digits' is present on page  using regular expression

2024-02-03 23:58:45 - [TEST_STEP][PASSED] - verifyTextPresent("Re-type SSN Validation Error", true, CONTINUE_ON_FAILURE): Text 'Re-type SSN Validation Error' is present on page  using regular expression

2024-02-03 23:58:45 - [MESSAGE][PASSED] - Text 'Re-type SSN Validation Error' is present on page  using regular expression

2024-02-03 23:58:45 - [TEST_STEP][PASSED] - verifyTextPresent("Enter address", true, CONTINUE_ON_FAILURE): Text 'Enter address' is present on page  using regular expression

2024-02-03 23:58:45 - [MESSAGE][PASSED] - Text 'Enter address' is present on page  using regular expression

2024-02-03 23:58:45 - [TEST_STEP][PASSED] - verifyTextPresent("Enter city", true, CONTINUE_ON_FAILURE): Text 'Enter city' is present on page  using regular expression

2024-02-03 23:58:46 - [MESSAGE][PASSED] - Text 'Enter city' is present on page  using regular expression

2024-02-03 23:58:46 - [TEST_STEP][PASSED] - verifyTextPresent("Enter ZIP code", true, CONTINUE_ON_FAILURE): Text 'Enter ZIP code' is present on page  using regular expression

2024-02-03 23:58:46 - [MESSAGE][PASSED] - Text 'Enter ZIP code' is present on page  using regular expression

2024-02-03 23:58:46 - [TEST_STEP][PASSED] - verifyTextPresent("Enter a valid phone number", true, CONTINUE_ON_FAILURE): Text 'Enter a valid phone number' is present on page  using regular expression

2024-02-03 23:58:47 - [MESSAGE][PASSED] - Text 'Enter a valid phone number' is present on page  using regular expression

2024-02-03 23:58:47 - [TEST_STEP][PASSED] - verifyTextPresent("Enter Email", true, CONTINUE_ON_FAILURE): Text 'Enter Email' is present on page  using regular expression

2024-02-03 23:58:47 - [MESSAGE][PASSED] - Text 'Enter Email' is present on page  using regular expression

2024-02-03 23:58:47 - [TEST_STEP][PASSED] - verifyTextPresent("Enter joint payer first name", true, CONTINUE_ON_FAILURE): Text 'Enter joint payer first name' is present on page  using regular expression

2024-02-03 23:58:47 - [MESSAGE][PASSED] - Text 'Enter joint payer first name' is present on page  using regular expression

2024-02-03 23:58:47 - [TEST_STEP][PASSED] - verifyTextPresent("Enter joint payer last name", true, CONTINUE_ON_FAILURE): Text 'Enter joint payer last name' is present on page  using regular expression

2024-02-03 23:58:48 - [MESSAGE][PASSED] - Text 'Enter joint payer last name' is present on page  using regular expression

2024-02-03 23:58:48 - [TEST_STEP][PASSED] - verifyTextPresent("Please enter a valid SSN with 9 digits", true, CONTINUE_ON_FAILURE): Text 'Please enter a valid SSN with 9 digits' is present on page  using regular expression

2024-02-03 23:58:48 - [MESSAGE][PASSED] - Text 'Please enter a valid SSN with 9 digits' is present on page  using regular expression

2024-02-03 23:58:48 - [TEST_STEP][PASSED] - verifyTextPresent("Re-type SSN Validation Error", true, CONTINUE_ON_FAILURE): Text 'Re-type SSN Validation Error' is present on page  using regular expression

2024-02-03 23:58:48 - [MESSAGE][PASSED] - Text 'Re-type SSN Validation Error' is present on page  using regular expression

2024-02-03 23:58:48 - [TEST_STEP][PASSED] - resText = "Pass": null

2024-02-03 23:58:48 - [TEST_STEP][PASSED] - pages.WriteExcel.demoKey(resText, datText, resColumn, datCloumn, fileLoc, nameSheet, row): pages.WriteExcel.demoKey is PASSED

2024-02-03 23:58:48 - [MESSAGE][PASSED] - pages.WriteExcel.demoKey is PASSED]]></system-out>
         <system-err><![CDATA[]]></system-err>
      </testcase>
      <system-out><![CDATA[2024-02-03 22:47:54 - [TEST_SUITE][PASSED] - RAD_UI_TestSuite: Test Cases/RAD_TestCases/MRF_TestCases/Personal_Joint_MRF_TC]]></system-out>
      <system-err><![CDATA[]]></system-err>
   </testsuite>
</testsuites>
